LUA_PATH=/home/mdcallag/git/mytools/bench/sysbench.lua/lua/?.lua /home/mdcallag/git/mytools/bench/sysbench.lua/lua/sysbench --db-driver=pgsql --range-size=100 --table-size=10000000 --tables=8 --threads=40 --events=0 --warmup-time=5 --time=630 --pgsql_conn_id=true /home/mdcallag/git/mytools/bench/sysbench.lua/lua/oltp_range_covered.lua run --pgsql-user=root --pgsql-password=pw --pgsql-host=127.0.0.1 --pgsql-db=ib --rand-type=uniform --random-points=100 --skip-trx --covered=false
48 CPUs
sysbench 1.1.0-9072687 (using bundled LuaJIT 2.1.0-beta3)

Running the test with following options:
Number of threads: 40
Warmup time: 5s
Initializing random number generator from current time


Initializing worker threads...

explain: for range-notcovered :: explain SELECT id, c FROM sbtest%d WHERE id BETWEEN 4060325 AND 4060425
explain: for range-notcovered :: explain SELECT id, c FROM sbtest%d WHERE id BETWEEN 9266305 AND 9266405
explain: for range-notcovered :: explain SELECT id, c FROM sbtest%d WHERE id BETWEEN 9753178 AND 9753278
explain: for range-notcovered :: explain SELECT id, c FROM sbtest%d WHERE id BETWEEN 3431436 AND 3431536
explain: for range-notcovered :: explain SELECT id, c FROM sbtest%d WHERE id BETWEEN 1182996 AND 1183096
explain: for range-notcovered :: explain SELECT id, c FROM sbtest%d WHERE id BETWEEN 5645827 AND 5645927
for range-notcovered
table 1 : explain SELECT id, c FROM sbtest1 WHERE id BETWEEN 3431436 AND 3431536
	Index Scan using sbtest1_pkey on sbtest1  (cost=0.43..383.81 rows=97 width=125)
	  Index Cond: ((id >= 3431436) AND (id <= 3431536))

table 2 : explain SELECT id, c FROM sbtest2 WHERE id BETWEEN 3431436 AND 3431536
	Index Scan using sbtest2_pkey on sbtest2  (cost=0.43..375.81 rows=95 width=125)
	  Index Cond: ((id >= 3431436) AND (id <= 3431536))

table 3 : explain SELECT id, c FROM sbtest3 WHERE id BETWEEN 3431436 AND 3431536
	Index Scan using sbtest3_pkey on sbtest3  (cost=0.43..400.19 rows=101 width=125)
	  Index Cond: ((id >= 3431436) AND (id <= 3431536))

table 4 : explain SELECT id, c FROM sbtest4 WHERE id BETWEEN 3431436 AND 3431536
	Index Scan using sbtest4_pkey on sbtest4  (cost=0.43..408.37 rows=103 width=125)
	  Index Cond: ((id >= 3431436) AND (id <= 3431536))

table 5 : explain SELECT id, c FROM sbtest5 WHERE id BETWEEN 3431436 AND 3431536
	Index Scan using sbtest5_pkey on sbtest5  (cost=0.43..420.36 rows=106 width=125)
	  Index Cond: ((id >= 3431436) AND (id <= 3431536))

table 6 : explain SELECT id, c FROM sbtest6 WHERE id BETWEEN 3431436 AND 3431536
	Index Scan using sbtest6_pkey on sbtest6  (cost=0.43..396.41 rows=100 width=125)
	  Index Cond: ((id >= 3431436) AND (id <= 3431536))

table 7 : explain SELECT id, c FROM sbtest7 WHERE id BETWEEN 3431436 AND 3431536
	Index Scan using sbtest7_pkey on sbtest7  (cost=0.43..357.03 rows=90 width=125)
	  Index Cond: ((id >= 3431436) AND (id <= 3431536))

table 8 : explain SELECT id, c FROM sbtest8 WHERE id BETWEEN 3431436 AND 3431536
	Index Scan using sbtest8_pkey on sbtest8  (cost=0.43..381.16 rows=96 width=125)
	  Index Cond: ((id >= 3431436) AND (id <= 3431536))

for range-notcovered
table 1 : explain SELECT id, c FROM sbtest1 WHERE id BETWEEN 9753178 AND 9753278
	Index Scan using sbtest1_pkey on sbtest1  (cost=0.43..426.81 rows=108 width=125)
	  Index Cond: ((id >= 9753178) AND (id <= 9753278))

table 2 : explain SELECT id, c FROM sbtest2 WHERE id BETWEEN 9753178 AND 9753278
	Index Scan using sbtest2_pkey on sbtest2  (cost=0.43..379.72 rows=96 width=125)
	  Index Cond: ((id >= 9753178) AND (id <= 9753278))

table 3 : explain SELECT id, c FROM sbtest3 WHERE id BETWEEN 9753178 AND 9753278
	Index Scan using sbtest3_pkey on sbtest3  (cost=0.43..345.33 rows=87 width=125)
	  Index Cond: ((id >= 9753178) AND (id <= 9753278))

table 4 : explain SELECT id, c FROM sbtest4 WHERE id BETWEEN 9753178 AND 9753278
	Index Scan using sbtest4_pkey on sbtest4  (cost=0.43..404.45 rows=102 width=125)
	  Index Cond: ((id >= 9753178) AND (id <= 9753278))

table 5 : explain SELECT id, c FROM sbtest5 WHERE id BETWEEN 9753178 AND 9753278
	Index Scan using sbtest5_pkey on sbtest5  (cost=0.43..400.75 rows=101 width=125)
	  Index Cond: ((id >= 9753178) AND (id <= 9753278))

table 6 : explain SELECT id, c FROM sbtest6 WHERE id BETWEEN 9753178 AND 9753278
	Index Scan using sbtest6_pkey on sbtest6  (cost=0.43..396.41 rows=100 width=125)
	  Index Cond: ((id >= 9753178) AND (id <= 9753278))

table 7 : explain SELECT id, c FROM sbtest7 WHERE id BETWEEN 9753178 AND 9753278
	Index Scan using sbtest7_pkey on sbtest7  (cost=0.43..372.72 rows=94 width=125)
	  Index Cond: ((id >= 9753178) AND (id <= 9753278))

table 8 : explain SELECT id, c FROM sbtest8 WHERE id BETWEEN 9753178 AND 9753278
	Index Scan using sbtest8_pkey on sbtest8  (cost=0.43..432.15 rows=109 width=125)
	  Index Cond: ((id >= 9753178) AND (id <= 9753278))

explain: for range-notcovered :: explain SELECT id, c FROM sbtest%d WHERE id BETWEEN 3431436 AND 3431536
for range-notcovered
table 1 : explain SELECT id, c FROM sbtest1 WHERE id BETWEEN 4060325 AND 4060425
	Index Scan using sbtest1_pkey on sbtest1  (cost=0.43..430.72 rows=109 width=125)
	  Index Cond: ((id >= 4060325) AND (id <= 4060425))

table 2 : explain SELECT id, c FROM sbtest2 WHERE id BETWEEN 4060325 AND 4060425
	Index Scan using sbtest2_pkey on sbtest2  (cost=0.43..383.63 rows=97 width=125)
	  Index Cond: ((id >= 4060325) AND (id <= 4060425))

table 3 : explain SELECT id, c FROM sbtest3 WHERE id BETWEEN 4060325 AND 4060425
	Index Scan using sbtest3_pkey on sbtest3  (cost=0.43..392.36 rows=99 width=125)
	  Index Cond: ((id >= 4060325) AND (id <= 4060425))

table 4 : explain SELECT id, c FROM sbtest4 WHERE id BETWEEN 4060325 AND 4060425
	Index Scan using sbtest4_pkey on sbtest4  (cost=0.43..400.53 rows=101 width=125)
	  Index Cond: ((id >= 4060325) AND (id <= 4060425))

table 5 : explain SELECT id, c FROM sbtest5 WHERE id BETWEEN 4060325 AND 4060425
	Index Scan using sbtest5_pkey on sbtest5  (cost=0.43..416.44 rows=105 width=125)
	  Index Cond: ((id >= 4060325) AND (id <= 4060425))

table 6 : explain SELECT id, c FROM sbtest6 WHERE id BETWEEN 4060325 AND 4060425
	Index Scan using sbtest6_pkey on sbtest6  (cost=0.43..372.88 rows=94 width=125)
	  Index Cond: ((id >= 4060325) AND (id <= 4060425))

table 7 : explain SELECT id, c FROM sbtest7 WHERE id BETWEEN 4060325 AND 4060425
	Index Scan using sbtest7_pkey on sbtest7  (cost=0.43..392.30 rows=99 width=125)
	  Index Cond: ((id >= 4060325) AND (id <= 4060425))

table 8 : explain SELECT id, c FROM sbtest8 WHERE id BETWEEN 4060325 AND 4060425
	Index Scan using sbtest8_pkey on sbtest8  (cost=0.43..408.62 rows=103 width=125)
	  Index Cond: ((id >= 4060325) AND (id <= 4060425))

explain: for range-notcovered :: explain SELECT id, c FROM sbtest%d WHERE id BETWEEN 9753178 AND 9753278
explain: for range-notcovered :: explain SELECT id, c FROM sbtest%d WHERE id BETWEEN 4060325 AND 4060425
for range-notcovered
table 1 : explain SELECT id, c FROM sbtest1 WHERE id BETWEEN 3431436 AND 3431536
	Index Scan using sbtest1_pkey on sbtest1  (cost=0.43..383.81 rows=97 width=125)
	  Index Cond: ((id >= 3431436) AND (id <= 3431536))

table 2 : explain SELECT id, c FROM sbtest2 WHERE id BETWEEN 3431436 AND 3431536
	Index Scan using sbtest2_pkey on sbtest2  (cost=0.43..375.81 rows=95 width=125)
	  Index Cond: ((id >= 3431436) AND (id <= 3431536))

table 3 : explain SELECT id, c FROM sbtest3 WHERE id BETWEEN 3431436 AND 3431536
	Index Scan using sbtest3_pkey on sbtest3  (cost=0.43..400.19 rows=101 width=125)
	  Index Cond: ((id >= 3431436) AND (id <= 3431536))

table 4 : explain SELECT id, c FROM sbtest4 WHERE id BETWEEN 3431436 AND 3431536
	Index Scan using sbtest4_pkey on sbtest4  (cost=0.43..408.37 rows=103 width=125)
	  Index Cond: ((id >= 3431436) AND (id <= 3431536))

table 5 : explain SELECT id, c FROM sbtest5 WHERE id BETWEEN 3431436 AND 3431536
	Index Scan using sbtest5_pkey on sbtest5  (cost=0.43..420.36 rows=106 width=125)
	  Index Cond: ((id >= 3431436) AND (id <= 3431536))

table 6 : explain SELECT id, c FROM sbtest6 WHERE id BETWEEN 3431436 AND 3431536
	Index Scan using sbtest6_pkey on sbtest6  (cost=0.43..396.41 rows=100 width=125)
	  Index Cond: ((id >= 3431436) AND (id <= 3431536))

table 7 : explain SELECT id, c FROM sbtest7 WHERE id BETWEEN 3431436 AND 3431536
	Index Scan using sbtest7_pkey on sbtest7  (cost=0.43..357.03 rows=90 width=125)
	  Index Cond: ((id >= 3431436) AND (id <= 3431536))

table 8 : explain SELECT id, c FROM sbtest8 WHERE id BETWEEN 3431436 AND 3431536
	Index Scan using sbtest8_pkey on sbtest8  (cost=0.43..381.16 rows=96 width=125)
	  Index Cond: ((id >= 3431436) AND (id <= 3431536))

for range-notcovered
table 1 : explain SELECT id, c FROM sbtest1 WHERE id BETWEEN 9753178 AND 9753278
	Index Scan using sbtest1_pkey on sbtest1  (cost=0.43..426.81 rows=108 width=125)
	  Index Cond: ((id >= 9753178) AND (id <= 9753278))

table 2 : explain SELECT id, c FROM sbtest2 WHERE id BETWEEN 9753178 AND 9753278
	Index Scan using sbtest2_pkey on sbtest2  (cost=0.43..379.72 rows=96 width=125)
	  Index Cond: ((id >= 9753178) AND (id <= 9753278))

table 3 : explain SELECT id, c FROM sbtest3 WHERE id BETWEEN 9753178 AND 9753278
	Index Scan using sbtest3_pkey on sbtest3  (cost=0.43..345.33 rows=87 width=125)
	  Index Cond: ((id >= 9753178) AND (id <= 9753278))

table 4 : explain SELECT id, c FROM sbtest4 WHERE id BETWEEN 9753178 AND 9753278
	Index Scan using sbtest4_pkey on sbtest4  (cost=0.43..404.45 rows=102 width=125)
	  Index Cond: ((id >= 9753178) AND (id <= 9753278))

table 5 : explain SELECT id, c FROM sbtest5 WHERE id BETWEEN 9753178 AND 9753278
	Index Scan using sbtest5_pkey on sbtest5  (cost=0.43..400.75 rows=101 width=125)
	  Index Cond: ((id >= 9753178) AND (id <= 9753278))

table 6 : explain SELECT id, c FROM sbtest6 WHERE id BETWEEN 9753178 AND 9753278
	Index Scan using sbtest6_pkey on sbtest6  (cost=0.43..396.41 rows=100 width=125)
	  Index Cond: ((id >= 9753178) AND (id <= 9753278))

table 7 : explain SELECT id, c FROM sbtest7 WHERE id BETWEEN 9753178 AND 9753278
	Index Scan using sbtest7_pkey on sbtest7  (cost=0.43..372.72 rows=94 width=125)
	  Index Cond: ((id >= 9753178) AND (id <= 9753278))

table 8 : explain SELECT id, c FROM sbtest8 WHERE id BETWEEN 9753178 AND 9753278
	Index Scan using sbtest8_pkey on sbtest8  (cost=0.43..432.15 rows=109 width=125)
	  Index Cond: ((id >= 9753178) AND (id <= 9753278))

explain: for range-notcovered :: explain SELECT id, c FROM sbtest%d WHERE id BETWEEN 3431436 AND 3431536
explain: for range-notcovered :: explain SELECT id, c FROM sbtest%d WHERE id BETWEEN 9753178 AND 9753278
for range-notcovered
table 1 : explain SELECT id, c FROM sbtest1 WHERE id BETWEEN 4060325 AND 4060425
	Index Scan using sbtest1_pkey on sbtest1  (cost=0.43..430.72 rows=109 width=125)
	  Index Cond: ((id >= 4060325) AND (id <= 4060425))

table 2 : explain SELECT id, c FROM sbtest2 WHERE id BETWEEN 4060325 AND 4060425
	Index Scan using sbtest2_pkey on sbtest2  (cost=0.43..383.63 rows=97 width=125)
	  Index Cond: ((id >= 4060325) AND (id <= 4060425))

table 3 : explain SELECT id, c FROM sbtest3 WHERE id BETWEEN 4060325 AND 4060425
	Index Scan using sbtest3_pkey on sbtest3  (cost=0.43..392.36 rows=99 width=125)
	  Index Cond: ((id >= 4060325) AND (id <= 4060425))

table 4 : explain SELECT id, c FROM sbtest4 WHERE id BETWEEN 4060325 AND 4060425
	Index Scan using sbtest4_pkey on sbtest4  (cost=0.43..400.53 rows=101 width=125)
	  Index Cond: ((id >= 4060325) AND (id <= 4060425))

table 5 : explain SELECT id, c FROM sbtest5 WHERE id BETWEEN 4060325 AND 4060425
	Index Scan using sbtest5_pkey on sbtest5  (cost=0.43..416.44 rows=105 width=125)
	  Index Cond: ((id >= 4060325) AND (id <= 4060425))

table 6 : explain SELECT id, c FROM sbtest6 WHERE id BETWEEN 4060325 AND 4060425
	Index Scan using sbtest6_pkey on sbtest6  (cost=0.43..372.88 rows=94 width=125)
	  Index Cond: ((id >= 4060325) AND (id <= 4060425))

table 7 : explain SELECT id, c FROM sbtest7 WHERE id BETWEEN 4060325 AND 4060425
	Index Scan using sbtest7_pkey on sbtest7  (cost=0.43..392.30 rows=99 width=125)
	  Index Cond: ((id >= 4060325) AND (id <= 4060425))

table 8 : explain SELECT id, c FROM sbtest8 WHERE id BETWEEN 4060325 AND 4060425
	Index Scan using sbtest8_pkey on sbtest8  (cost=0.43..408.62 rows=103 width=125)
	  Index Cond: ((id >= 4060325) AND (id <= 4060425))

explain: for range-notcovered :: explain SELECT id, c FROM sbtest%d WHERE id BETWEEN 4060325 AND 4060425
for range-notcovered
table 1 : explain SELECT id, c FROM sbtest1 WHERE id BETWEEN 3431436 AND 3431536
	Index Scan using sbtest1_pkey on sbtest1  (cost=0.43..383.81 rows=97 width=125)
	  Index Cond: ((id >= 3431436) AND (id <= 3431536))

table 2 : explain SELECT id, c FROM sbtest2 WHERE id BETWEEN 3431436 AND 3431536
	Index Scan using sbtest2_pkey on sbtest2  (cost=0.43..375.81 rows=95 width=125)
	  Index Cond: ((id >= 3431436) AND (id <= 3431536))

table 3 : explain SELECT id, c FROM sbtest3 WHERE id BETWEEN 3431436 AND 3431536
	Index Scan using sbtest3_pkey on sbtest3  (cost=0.43..400.19 rows=101 width=125)
	  Index Cond: ((id >= 3431436) AND (id <= 3431536))

table 4 : explain SELECT id, c FROM sbtest4 WHERE id BETWEEN 3431436 AND 3431536
	Index Scan using sbtest4_pkey on sbtest4  (cost=0.43..408.37 rows=103 width=125)
	  Index Cond: ((id >= 3431436) AND (id <= 3431536))

table 5 : explain SELECT id, c FROM sbtest5 WHERE id BETWEEN 3431436 AND 3431536
	Index Scan using sbtest5_pkey on sbtest5  (cost=0.43..420.36 rows=106 width=125)
	  Index Cond: ((id >= 3431436) AND (id <= 3431536))

table 6 : explain SELECT id, c FROM sbtest6 WHERE id BETWEEN 3431436 AND 3431536
	Index Scan using sbtest6_pkey on sbtest6  (cost=0.43..396.41 rows=100 width=125)
	  Index Cond: ((id >= 3431436) AND (id <= 3431536))

table 7 : explain SELECT id, c FROM sbtest7 WHERE id BETWEEN 3431436 AND 3431536
	Index Scan using sbtest7_pkey on sbtest7  (cost=0.43..357.03 rows=90 width=125)
	  Index Cond: ((id >= 3431436) AND (id <= 3431536))

table 8 : explain SELECT id, c FROM sbtest8 WHERE id BETWEEN 3431436 AND 3431536
	Index Scan using sbtest8_pkey on sbtest8  (cost=0.43..381.16 rows=96 width=125)
	  Index Cond: ((id >= 3431436) AND (id <= 3431536))

explain: for range-notcovered :: explain SELECT id, c FROM sbtest%d WHERE id BETWEEN 3431436 AND 3431536
for range-notcovered
table 1 : explain SELECT id, c FROM sbtest1 WHERE id BETWEEN 4060325 AND 4060425
	Index Scan using sbtest1_pkey on sbtest1  (cost=0.43..430.72 rows=109 width=125)
	  Index Cond: ((id >= 4060325) AND (id <= 4060425))

table 2 : explain SELECT id, c FROM sbtest2 WHERE id BETWEEN 4060325 AND 4060425
	Index Scan using sbtest2_pkey on sbtest2  (cost=0.43..383.63 rows=97 width=125)
	  Index Cond: ((id >= 4060325) AND (id <= 4060425))

table 3 : explain SELECT id, c FROM sbtest3 WHERE id BETWEEN 4060325 AND 4060425
	Index Scan using sbtest3_pkey on sbtest3  (cost=0.43..392.36 rows=99 width=125)
	  Index Cond: ((id >= 4060325) AND (id <= 4060425))

table 4 : explain SELECT id, c FROM sbtest4 WHERE id BETWEEN 4060325 AND 4060425
	Index Scan using sbtest4_pkey on sbtest4  (cost=0.43..400.53 rows=101 width=125)
	  Index Cond: ((id >= 4060325) AND (id <= 4060425))

table 5 : explain SELECT id, c FROM sbtest5 WHERE id BETWEEN 4060325 AND 4060425
	Index Scan using sbtest5_pkey on sbtest5  (cost=0.43..416.44 rows=105 width=125)
	  Index Cond: ((id >= 4060325) AND (id <= 4060425))

table 6 : explain SELECT id, c FROM sbtest6 WHERE id BETWEEN 4060325 AND 4060425
	Index Scan using sbtest6_pkey on sbtest6  (cost=0.43..372.88 rows=94 width=125)
	  Index Cond: ((id >= 4060325) AND (id <= 4060425))

table 7 : explain SELECT id, c FROM sbtest7 WHERE id BETWEEN 4060325 AND 4060425
	Index Scan using sbtest7_pkey on sbtest7  (cost=0.43..392.30 rows=99 width=125)
	  Index Cond: ((id >= 4060325) AND (id <= 4060425))

table 8 : explain SELECT id, c FROM sbtest8 WHERE id BETWEEN 4060325 AND 4060425
	Index Scan using sbtest8_pkey on sbtest8  (cost=0.43..408.62 rows=103 width=125)
	  Index Cond: ((id >= 4060325) AND (id <= 4060425))

explain: for range-notcovered :: explain SELECT id, c FROM sbtest%d WHERE id BETWEEN 4060325 AND 4060425
for range-notcovered
table 1 : explain SELECT id, c FROM sbtest1 WHERE id BETWEEN 3431436 AND 3431536
	Index Scan using sbtest1_pkey on sbtest1  (cost=0.43..383.81 rows=97 width=125)
	  Index Cond: ((id >= 3431436) AND (id <= 3431536))

table 2 : explain SELECT id, c FROM sbtest2 WHERE id BETWEEN 3431436 AND 3431536
	Index Scan using sbtest2_pkey on sbtest2  (cost=0.43..375.81 rows=95 width=125)
	  Index Cond: ((id >= 3431436) AND (id <= 3431536))

table 3 : explain SELECT id, c FROM sbtest3 WHERE id BETWEEN 3431436 AND 3431536
	Index Scan using sbtest3_pkey on sbtest3  (cost=0.43..400.19 rows=101 width=125)
	  Index Cond: ((id >= 3431436) AND (id <= 3431536))

table 4 : explain SELECT id, c FROM sbtest4 WHERE id BETWEEN 3431436 AND 3431536
	Index Scan using sbtest4_pkey on sbtest4  (cost=0.43..408.37 rows=103 width=125)
	  Index Cond: ((id >= 3431436) AND (id <= 3431536))

table 5 : explain SELECT id, c FROM sbtest5 WHERE id BETWEEN 3431436 AND 3431536
	Index Scan using sbtest5_pkey on sbtest5  (cost=0.43..420.36 rows=106 width=125)
	  Index Cond: ((id >= 3431436) AND (id <= 3431536))

table 6 : explain SELECT id, c FROM sbtest6 WHERE id BETWEEN 3431436 AND 3431536
	Index Scan using sbtest6_pkey on sbtest6  (cost=0.43..396.41 rows=100 width=125)
	  Index Cond: ((id >= 3431436) AND (id <= 3431536))

table 7 : explain SELECT id, c FROM sbtest7 WHERE id BETWEEN 3431436 AND 3431536
	Index Scan using sbtest7_pkey on sbtest7  (cost=0.43..357.03 rows=90 width=125)
	  Index Cond: ((id >= 3431436) AND (id <= 3431536))

table 8 : explain SELECT id, c FROM sbtest8 WHERE id BETWEEN 3431436 AND 3431536
	Index Scan using sbtest8_pkey on sbtest8  (cost=0.43..381.16 rows=96 width=125)
	  Index Cond: ((id >= 3431436) AND (id <= 3431536))

explain: for range-notcovered :: explain SELECT id, c FROM sbtest%d WHERE id BETWEEN 3431436 AND 3431536
for range-notcovered
table 1 : explain SELECT id, c FROM sbtest1 WHERE id BETWEEN 4060325 AND 4060425
	Index Scan using sbtest1_pkey on sbtest1  (cost=0.43..430.72 rows=109 width=125)
	  Index Cond: ((id >= 4060325) AND (id <= 4060425))

table 2 : explain SELECT id, c FROM sbtest2 WHERE id BETWEEN 4060325 AND 4060425
	Index Scan using sbtest2_pkey on sbtest2  (cost=0.43..383.63 rows=97 width=125)
	  Index Cond: ((id >= 4060325) AND (id <= 4060425))

table 3 : explain SELECT id, c FROM sbtest3 WHERE id BETWEEN 4060325 AND 4060425
	Index Scan using sbtest3_pkey on sbtest3  (cost=0.43..392.36 rows=99 width=125)
	  Index Cond: ((id >= 4060325) AND (id <= 4060425))

table 4 : explain SELECT id, c FROM sbtest4 WHERE id BETWEEN 4060325 AND 4060425
	Index Scan using sbtest4_pkey on sbtest4  (cost=0.43..400.53 rows=101 width=125)
	  Index Cond: ((id >= 4060325) AND (id <= 4060425))

table 5 : explain SELECT id, c FROM sbtest5 WHERE id BETWEEN 4060325 AND 4060425
	Index Scan using sbtest5_pkey on sbtest5  (cost=0.43..416.44 rows=105 width=125)
	  Index Cond: ((id >= 4060325) AND (id <= 4060425))

table 6 : explain SELECT id, c FROM sbtest6 WHERE id BETWEEN 4060325 AND 4060425
	Index Scan using sbtest6_pkey on sbtest6  (cost=0.43..372.88 rows=94 width=125)
	  Index Cond: ((id >= 4060325) AND (id <= 4060425))

table 7 : explain SELECT id, c FROM sbtest7 WHERE id BETWEEN 4060325 AND 4060425
	Index Scan using sbtest7_pkey on sbtest7  (cost=0.43..392.30 rows=99 width=125)
	  Index Cond: ((id >= 4060325) AND (id <= 4060425))

table 8 : explain SELECT id, c FROM sbtest8 WHERE id BETWEEN 4060325 AND 4060425
	Index Scan using sbtest8_pkey on sbtest8  (cost=0.43..408.62 rows=103 width=125)
	  Index Cond: ((id >= 4060325) AND (id <= 4060425))

explain: for range-notcovered :: explain SELECT id, c FROM sbtest%d WHERE id BETWEEN 4060325 AND 4060425
for range-notcovered
table 1 : explain SELECT id, c FROM sbtest1 WHERE id BETWEEN 3431436 AND 3431536
	Index Scan using sbtest1_pkey on sbtest1  (cost=0.43..383.81 rows=97 width=125)
	  Index Cond: ((id >= 3431436) AND (id <= 3431536))

table 2 : explain SELECT id, c FROM sbtest2 WHERE id BETWEEN 3431436 AND 3431536
	Index Scan using sbtest2_pkey on sbtest2  (cost=0.43..375.81 rows=95 width=125)
	  Index Cond: ((id >= 3431436) AND (id <= 3431536))

table 3 : explain SELECT id, c FROM sbtest3 WHERE id BETWEEN 3431436 AND 3431536
	Index Scan using sbtest3_pkey on sbtest3  (cost=0.43..400.19 rows=101 width=125)
	  Index Cond: ((id >= 3431436) AND (id <= 3431536))

table 4 : explain SELECT id, c FROM sbtest4 WHERE id BETWEEN 3431436 AND 3431536
	Index Scan using sbtest4_pkey on sbtest4  (cost=0.43..408.37 rows=103 width=125)
	  Index Cond: ((id >= 3431436) AND (id <= 3431536))

table 5 : explain SELECT id, c FROM sbtest5 WHERE id BETWEEN 3431436 AND 3431536
	Index Scan using sbtest5_pkey on sbtest5  (cost=0.43..420.36 rows=106 width=125)
	  Index Cond: ((id >= 3431436) AND (id <= 3431536))

table 6 : explain SELECT id, c FROM sbtest6 WHERE id BETWEEN 3431436 AND 3431536
	Index Scan using sbtest6_pkey on sbtest6  (cost=0.43..396.41 rows=100 width=125)
	  Index Cond: ((id >= 3431436) AND (id <= 3431536))

table 7 : explain SELECT id, c FROM sbtest7 WHERE id BETWEEN 3431436 AND 3431536
	Index Scan using sbtest7_pkey on sbtest7  (cost=0.43..357.03 rows=90 width=125)
	  Index Cond: ((id >= 3431436) AND (id <= 3431536))

table 8 : explain SELECT id, c FROM sbtest8 WHERE id BETWEEN 3431436 AND 3431536
	Index Scan using sbtest8_pkey on sbtest8  (cost=0.43..381.16 rows=96 width=125)
	  Index Cond: ((id >= 3431436) AND (id <= 3431536))

explain: for range-notcovered :: explain SELECT id, c FROM sbtest%d WHERE id BETWEEN 3431436 AND 3431536
for range-notcovered
table 1 : explain SELECT id, c FROM sbtest1 WHERE id BETWEEN 4060325 AND 4060425
	Index Scan using sbtest1_pkey on sbtest1  (cost=0.43..430.72 rows=109 width=125)
	  Index Cond: ((id >= 4060325) AND (id <= 4060425))

table 2 : explain SELECT id, c FROM sbtest2 WHERE id BETWEEN 4060325 AND 4060425
	Index Scan using sbtest2_pkey on sbtest2  (cost=0.43..383.63 rows=97 width=125)
	  Index Cond: ((id >= 4060325) AND (id <= 4060425))

table 3 : explain SELECT id, c FROM sbtest3 WHERE id BETWEEN 4060325 AND 4060425
	Index Scan using sbtest3_pkey on sbtest3  (cost=0.43..392.36 rows=99 width=125)
	  Index Cond: ((id >= 4060325) AND (id <= 4060425))

table 4 : explain SELECT id, c FROM sbtest4 WHERE id BETWEEN 4060325 AND 4060425
	Index Scan using sbtest4_pkey on sbtest4  (cost=0.43..400.53 rows=101 width=125)
	  Index Cond: ((id >= 4060325) AND (id <= 4060425))

table 5 : explain SELECT id, c FROM sbtest5 WHERE id BETWEEN 4060325 AND 4060425
	Index Scan using sbtest5_pkey on sbtest5  (cost=0.43..416.44 rows=105 width=125)
	  Index Cond: ((id >= 4060325) AND (id <= 4060425))

table 6 : explain SELECT id, c FROM sbtest6 WHERE id BETWEEN 4060325 AND 4060425
	Index Scan using sbtest6_pkey on sbtest6  (cost=0.43..372.88 rows=94 width=125)
	  Index Cond: ((id >= 4060325) AND (id <= 4060425))

table 7 : explain SELECT id, c FROM sbtest7 WHERE id BETWEEN 4060325 AND 4060425
	Index Scan using sbtest7_pkey on sbtest7  (cost=0.43..392.30 rows=99 width=125)
	  Index Cond: ((id >= 4060325) AND (id <= 4060425))

table 8 : explain SELECT id, c FROM sbtest8 WHERE id BETWEEN 4060325 AND 4060425
	Index Scan using sbtest8_pkey on sbtest8  (cost=0.43..408.62 rows=103 width=125)
	  Index Cond: ((id >= 4060325) AND (id <= 4060425))

explain: for range-notcovered :: explain SELECT id, c FROM sbtest%d WHERE id BETWEEN 4060325 AND 4060425
for range-notcovered
table 1 : explain SELECT id, c FROM sbtest1 WHERE id BETWEEN 3431436 AND 3431536
	Index Scan using sbtest1_pkey on sbtest1  (cost=0.43..383.81 rows=97 width=125)
	  Index Cond: ((id >= 3431436) AND (id <= 3431536))

table 2 : explain SELECT id, c FROM sbtest2 WHERE id BETWEEN 3431436 AND 3431536
	Index Scan using sbtest2_pkey on sbtest2  (cost=0.43..375.81 rows=95 width=125)
	  Index Cond: ((id >= 3431436) AND (id <= 3431536))

table 3 : explain SELECT id, c FROM sbtest3 WHERE id BETWEEN 3431436 AND 3431536
	Index Scan using sbtest3_pkey on sbtest3  (cost=0.43..400.19 rows=101 width=125)
	  Index Cond: ((id >= 3431436) AND (id <= 3431536))

table 4 : explain SELECT id, c FROM sbtest4 WHERE id BETWEEN 3431436 AND 3431536
	Index Scan using sbtest4_pkey on sbtest4  (cost=0.43..408.37 rows=103 width=125)
	  Index Cond: ((id >= 3431436) AND (id <= 3431536))

table 5 : explain SELECT id, c FROM sbtest5 WHERE id BETWEEN 3431436 AND 3431536
	Index Scan using sbtest5_pkey on sbtest5  (cost=0.43..420.36 rows=106 width=125)
	  Index Cond: ((id >= 3431436) AND (id <= 3431536))

table 6 : explain SELECT id, c FROM sbtest6 WHERE id BETWEEN 3431436 AND 3431536
	Index Scan using sbtest6_pkey on sbtest6  (cost=0.43..396.41 rows=100 width=125)
	  Index Cond: ((id >= 3431436) AND (id <= 3431536))

table 7 : explain SELECT id, c FROM sbtest7 WHERE id BETWEEN 3431436 AND 3431536
	Index Scan using sbtest7_pkey on sbtest7  (cost=0.43..357.03 rows=90 width=125)
	  Index Cond: ((id >= 3431436) AND (id <= 3431536))

table 8 : explain SELECT id, c FROM sbtest8 WHERE id BETWEEN 3431436 AND 3431536
	Index Scan using sbtest8_pkey on sbtest8  (cost=0.43..381.16 rows=96 width=125)
	  Index Cond: ((id >= 3431436) AND (id <= 3431536))

explain: for range-notcovered :: explain SELECT id, c FROM sbtest%d WHERE id BETWEEN 3431436 AND 3431536
for range-notcovered
table 1 : explain SELECT id, c FROM sbtest1 WHERE id BETWEEN 4060325 AND 4060425
	Index Scan using sbtest1_pkey on sbtest1  (cost=0.43..430.72 rows=109 width=125)
	  Index Cond: ((id >= 4060325) AND (id <= 4060425))

table 2 : explain SELECT id, c FROM sbtest2 WHERE id BETWEEN 4060325 AND 4060425
	Index Scan using sbtest2_pkey on sbtest2  (cost=0.43..383.63 rows=97 width=125)
	  Index Cond: ((id >= 4060325) AND (id <= 4060425))

table 3 : explain SELECT id, c FROM sbtest3 WHERE id BETWEEN 4060325 AND 4060425
	Index Scan using sbtest3_pkey on sbtest3  (cost=0.43..392.36 rows=99 width=125)
	  Index Cond: ((id >= 4060325) AND (id <= 4060425))

table 4 : explain SELECT id, c FROM sbtest4 WHERE id BETWEEN 4060325 AND 4060425
	Index Scan using sbtest4_pkey on sbtest4  (cost=0.43..400.53 rows=101 width=125)
	  Index Cond: ((id >= 4060325) AND (id <= 4060425))

table 5 : explain SELECT id, c FROM sbtest5 WHERE id BETWEEN 4060325 AND 4060425
	Index Scan using sbtest5_pkey on sbtest5  (cost=0.43..416.44 rows=105 width=125)
	  Index Cond: ((id >= 4060325) AND (id <= 4060425))

table 6 : explain SELECT id, c FROM sbtest6 WHERE id BETWEEN 4060325 AND 4060425
	Index Scan using sbtest6_pkey on sbtest6  (cost=0.43..372.88 rows=94 width=125)
	  Index Cond: ((id >= 4060325) AND (id <= 4060425))

table 7 : explain SELECT id, c FROM sbtest7 WHERE id BETWEEN 4060325 AND 4060425
	Index Scan using sbtest7_pkey on sbtest7  (cost=0.43..392.30 rows=99 width=125)
	  Index Cond: ((id >= 4060325) AND (id <= 4060425))

table 8 : explain SELECT id, c FROM sbtest8 WHERE id BETWEEN 4060325 AND 4060425
	Index Scan using sbtest8_pkey on sbtest8  (cost=0.43..408.62 rows=103 width=125)
	  Index Cond: ((id >= 4060325) AND (id <= 4060425))

explain: for range-notcovered :: explain SELECT id, c FROM sbtest%d WHERE id BETWEEN 4060325 AND 4060425
for range-notcovered
table 1 : explain SELECT id, c FROM sbtest1 WHERE id BETWEEN 3431436 AND 3431536
	Index Scan using sbtest1_pkey on sbtest1  (cost=0.43..383.81 rows=97 width=125)
	  Index Cond: ((id >= 3431436) AND (id <= 3431536))

table 2 : explain SELECT id, c FROM sbtest2 WHERE id BETWEEN 3431436 AND 3431536
	Index Scan using sbtest2_pkey on sbtest2  (cost=0.43..375.81 rows=95 width=125)
	  Index Cond: ((id >= 3431436) AND (id <= 3431536))

table 3 : explain SELECT id, c FROM sbtest3 WHERE id BETWEEN 3431436 AND 3431536
	Index Scan using sbtest3_pkey on sbtest3  (cost=0.43..400.19 rows=101 width=125)
	  Index Cond: ((id >= 3431436) AND (id <= 3431536))

table 4 : explain SELECT id, c FROM sbtest4 WHERE id BETWEEN 3431436 AND 3431536
	Index Scan using sbtest4_pkey on sbtest4  (cost=0.43..408.37 rows=103 width=125)
	  Index Cond: ((id >= 3431436) AND (id <= 3431536))

table 5 : explain SELECT id, c FROM sbtest5 WHERE id BETWEEN 3431436 AND 3431536
	Index Scan using sbtest5_pkey on sbtest5  (cost=0.43..420.36 rows=106 width=125)
	  Index Cond: ((id >= 3431436) AND (id <= 3431536))

table 6 : explain SELECT id, c FROM sbtest6 WHERE id BETWEEN 3431436 AND 3431536
	Index Scan using sbtest6_pkey on sbtest6  (cost=0.43..396.41 rows=100 width=125)
	  Index Cond: ((id >= 3431436) AND (id <= 3431536))

table 7 : explain SELECT id, c FROM sbtest7 WHERE id BETWEEN 3431436 AND 3431536
	Index Scan using sbtest7_pkey on sbtest7  (cost=0.43..357.03 rows=90 width=125)
	  Index Cond: ((id >= 3431436) AND (id <= 3431536))

table 8 : explain SELECT id, c FROM sbtest8 WHERE id BETWEEN 3431436 AND 3431536
	Index Scan using sbtest8_pkey on sbtest8  (cost=0.43..381.16 rows=96 width=125)
	  Index Cond: ((id >= 3431436) AND (id <= 3431536))

explain: for range-notcovered :: explain SELECT id, c FROM sbtest%d WHERE id BETWEEN 3431436 AND 3431536
for range-notcovered
table 1 : explain SELECT id, c FROM sbtest1 WHERE id BETWEEN 4060325 AND 4060425
	Index Scan using sbtest1_pkey on sbtest1  (cost=0.43..430.72 rows=109 width=125)
	  Index Cond: ((id >= 4060325) AND (id <= 4060425))

table 2 : explain SELECT id, c FROM sbtest2 WHERE id BETWEEN 4060325 AND 4060425
	Index Scan using sbtest2_pkey on sbtest2  (cost=0.43..383.63 rows=97 width=125)
	  Index Cond: ((id >= 4060325) AND (id <= 4060425))

table 3 : explain SELECT id, c FROM sbtest3 WHERE id BETWEEN 4060325 AND 4060425
	Index Scan using sbtest3_pkey on sbtest3  (cost=0.43..392.36 rows=99 width=125)
	  Index Cond: ((id >= 4060325) AND (id <= 4060425))

table 4 : explain SELECT id, c FROM sbtest4 WHERE id BETWEEN 4060325 AND 4060425
	Index Scan using sbtest4_pkey on sbtest4  (cost=0.43..400.53 rows=101 width=125)
	  Index Cond: ((id >= 4060325) AND (id <= 4060425))

table 5 : explain SELECT id, c FROM sbtest5 WHERE id BETWEEN 4060325 AND 4060425
	Index Scan using sbtest5_pkey on sbtest5  (cost=0.43..416.44 rows=105 width=125)
	  Index Cond: ((id >= 4060325) AND (id <= 4060425))

table 6 : explain SELECT id, c FROM sbtest6 WHERE id BETWEEN 4060325 AND 4060425
	Index Scan using sbtest6_pkey on sbtest6  (cost=0.43..372.88 rows=94 width=125)
	  Index Cond: ((id >= 4060325) AND (id <= 4060425))

table 7 : explain SELECT id, c FROM sbtest7 WHERE id BETWEEN 4060325 AND 4060425
	Index Scan using sbtest7_pkey on sbtest7  (cost=0.43..392.30 rows=99 width=125)
	  Index Cond: ((id >= 4060325) AND (id <= 4060425))

table 8 : explain SELECT id, c FROM sbtest8 WHERE id BETWEEN 4060325 AND 4060425
	Index Scan using sbtest8_pkey on sbtest8  (cost=0.43..408.62 rows=103 width=125)
	  Index Cond: ((id >= 4060325) AND (id <= 4060425))

explain: for range-notcovered :: explain SELECT id, c FROM sbtest%d WHERE id BETWEEN 4060325 AND 4060425
for range-notcovered
table 1 : explain SELECT id, c FROM sbtest1 WHERE id BETWEEN 3431436 AND 3431536
	Index Scan using sbtest1_pkey on sbtest1  (cost=0.43..383.81 rows=97 width=125)
	  Index Cond: ((id >= 3431436) AND (id <= 3431536))

table 2 : explain SELECT id, c FROM sbtest2 WHERE id BETWEEN 3431436 AND 3431536
	Index Scan using sbtest2_pkey on sbtest2  (cost=0.43..375.81 rows=95 width=125)
	  Index Cond: ((id >= 3431436) AND (id <= 3431536))

table 3 : explain SELECT id, c FROM sbtest3 WHERE id BETWEEN 3431436 AND 3431536
	Index Scan using sbtest3_pkey on sbtest3  (cost=0.43..400.19 rows=101 width=125)
	  Index Cond: ((id >= 3431436) AND (id <= 3431536))

table 4 : explain SELECT id, c FROM sbtest4 WHERE id BETWEEN 3431436 AND 3431536
	Index Scan using sbtest4_pkey on sbtest4  (cost=0.43..408.37 rows=103 width=125)
	  Index Cond: ((id >= 3431436) AND (id <= 3431536))

table 5 : explain SELECT id, c FROM sbtest5 WHERE id BETWEEN 3431436 AND 3431536
	Index Scan using sbtest5_pkey on sbtest5  (cost=0.43..420.36 rows=106 width=125)
	  Index Cond: ((id >= 3431436) AND (id <= 3431536))

table 6 : explain SELECT id, c FROM sbtest6 WHERE id BETWEEN 3431436 AND 3431536
	Index Scan using sbtest6_pkey on sbtest6  (cost=0.43..396.41 rows=100 width=125)
	  Index Cond: ((id >= 3431436) AND (id <= 3431536))

table 7 : explain SELECT id, c FROM sbtest7 WHERE id BETWEEN 3431436 AND 3431536
	Index Scan using sbtest7_pkey on sbtest7  (cost=0.43..357.03 rows=90 width=125)
	  Index Cond: ((id >= 3431436) AND (id <= 3431536))

table 8 : explain SELECT id, c FROM sbtest8 WHERE id BETWEEN 3431436 AND 3431536
	Index Scan using sbtest8_pkey on sbtest8  (cost=0.43..381.16 rows=96 width=125)
	  Index Cond: ((id >= 3431436) AND (id <= 3431536))

for range-notcovered
table 1 : explain SELECT id, c FROM sbtest1 WHERE id BETWEEN 4060325 AND 4060425
	Index Scan using sbtest1_pkey on sbtest1  (cost=0.43..430.72 rows=109 width=125)
	  Index Cond: ((id >= 4060325) AND (id <= 4060425))

table 2 : explain SELECT id, c FROM sbtest2 WHERE id BETWEEN 4060325 AND 4060425
	Index Scan using sbtest2_pkey on sbtest2  (cost=0.43..383.63 rows=97 width=125)
	  Index Cond: ((id >= 4060325) AND (id <= 4060425))

table 3 : explain SELECT id, c FROM sbtest3 WHERE id BETWEEN 4060325 AND 4060425
	Index Scan using sbtest3_pkey on sbtest3  (cost=0.43..392.36 rows=99 width=125)
	  Index Cond: ((id >= 4060325) AND (id <= 4060425))

table 4 : explain SELECT id, c FROM sbtest4 WHERE id BETWEEN 4060325 AND 4060425
	Index Scan using sbtest4_pkey on sbtest4  (cost=0.43..400.53 rows=101 width=125)
	  Index Cond: ((id >= 4060325) AND (id <= 4060425))

table 5 : explain SELECT id, c FROM sbtest5 WHERE id BETWEEN 4060325 AND 4060425
	Index Scan using sbtest5_pkey on sbtest5  (cost=0.43..416.44 rows=105 width=125)
	  Index Cond: ((id >= 4060325) AND (id <= 4060425))

table 6 : explain SELECT id, c FROM sbtest6 WHERE id BETWEEN 4060325 AND 4060425
	Index Scan using sbtest6_pkey on sbtest6  (cost=0.43..372.88 rows=94 width=125)
	  Index Cond: ((id >= 4060325) AND (id <= 4060425))

table 7 : explain SELECT id, c FROM sbtest7 WHERE id BETWEEN 4060325 AND 4060425
	Index Scan using sbtest7_pkey on sbtest7  (cost=0.43..392.30 rows=99 width=125)
	  Index Cond: ((id >= 4060325) AND (id <= 4060425))

table 8 : explain SELECT id, c FROM sbtest8 WHERE id BETWEEN 4060325 AND 4060425
	Index Scan using sbtest8_pkey on sbtest8  (cost=0.43..408.62 rows=103 width=125)
	  Index Cond: ((id >= 4060325) AND (id <= 4060425))

for range-notcovered
table 1 : explain SELECT id, c FROM sbtest1 WHERE id BETWEEN 9753178 AND 9753278
	Index Scan using sbtest1_pkey on sbtest1  (cost=0.43..426.81 rows=108 width=125)
	  Index Cond: ((id >= 9753178) AND (id <= 9753278))

table 2 : explain SELECT id, c FROM sbtest2 WHERE id BETWEEN 9753178 AND 9753278
	Index Scan using sbtest2_pkey on sbtest2  (cost=0.43..379.72 rows=96 width=125)
	  Index Cond: ((id >= 9753178) AND (id <= 9753278))

table 3 : explain SELECT id, c FROM sbtest3 WHERE id BETWEEN 9753178 AND 9753278
	Index Scan using sbtest3_pkey on sbtest3  (cost=0.43..345.33 rows=87 width=125)
	  Index Cond: ((id >= 9753178) AND (id <= 9753278))

table 4 : explain SELECT id, c FROM sbtest4 WHERE id BETWEEN 9753178 AND 9753278
	Index Scan using sbtest4_pkey on sbtest4  (cost=0.43..404.45 rows=102 width=125)
	  Index Cond: ((id >= 9753178) AND (id <= 9753278))

table 5 : explain SELECT id, c FROM sbtest5 WHERE id BETWEEN 9753178 AND 9753278
	Index Scan using sbtest5_pkey on sbtest5  (cost=0.43..400.75 rows=101 width=125)
	  Index Cond: ((id >= 9753178) AND (id <= 9753278))

table 6 : explain SELECT id, c FROM sbtest6 WHERE id BETWEEN 9753178 AND 9753278
	Index Scan using sbtest6_pkey on sbtest6  (cost=0.43..396.41 rows=100 width=125)
	  Index Cond: ((id >= 9753178) AND (id <= 9753278))

table 7 : explain SELECT id, c FROM sbtest7 WHERE id BETWEEN 9753178 AND 9753278
	Index Scan using sbtest7_pkey on sbtest7  (cost=0.43..372.72 rows=94 width=125)
	  Index Cond: ((id >= 9753178) AND (id <= 9753278))

table 8 : explain SELECT id, c FROM sbtest8 WHERE id BETWEEN 9753178 AND 9753278
	Index Scan using sbtest8_pkey on sbtest8  (cost=0.43..432.15 rows=109 width=125)
	  Index Cond: ((id >= 9753178) AND (id <= 9753278))

explain: for range-notcovered :: explain SELECT id, c FROM sbtest%d WHERE id BETWEEN 9753178 AND 9753278
for range-notcovered
table 1 : explain SELECT id, c FROM sbtest1 WHERE id BETWEEN 9753178 AND 9753278
	Index Scan using sbtest1_pkey on sbtest1  (cost=0.43..426.81 rows=108 width=125)
	  Index Cond: ((id >= 9753178) AND (id <= 9753278))

table 2 : explain SELECT id, c FROM sbtest2 WHERE id BETWEEN 9753178 AND 9753278
	Index Scan using sbtest2_pkey on sbtest2  (cost=0.43..379.72 rows=96 width=125)
	  Index Cond: ((id >= 9753178) AND (id <= 9753278))

table 3 : explain SELECT id, c FROM sbtest3 WHERE id BETWEEN 9753178 AND 9753278
	Index Scan using sbtest3_pkey on sbtest3  (cost=0.43..345.33 rows=87 width=125)
	  Index Cond: ((id >= 9753178) AND (id <= 9753278))

table 4 : explain SELECT id, c FROM sbtest4 WHERE id BETWEEN 9753178 AND 9753278
	Index Scan using sbtest4_pkey on sbtest4  (cost=0.43..404.45 rows=102 width=125)
	  Index Cond: ((id >= 9753178) AND (id <= 9753278))

table 5 : explain SELECT id, c FROM sbtest5 WHERE id BETWEEN 9753178 AND 9753278
	Index Scan using sbtest5_pkey on sbtest5  (cost=0.43..400.75 rows=101 width=125)
	  Index Cond: ((id >= 9753178) AND (id <= 9753278))

table 6 : explain SELECT id, c FROM sbtest6 WHERE id BETWEEN 9753178 AND 9753278
	Index Scan using sbtest6_pkey on sbtest6  (cost=0.43..396.41 rows=100 width=125)
	  Index Cond: ((id >= 9753178) AND (id <= 9753278))

table 7 : explain SELECT id, c FROM sbtest7 WHERE id BETWEEN 9753178 AND 9753278
	Index Scan using sbtest7_pkey on sbtest7  (cost=0.43..372.72 rows=94 width=125)
	  Index Cond: ((id >= 9753178) AND (id <= 9753278))

table 8 : explain SELECT id, c FROM sbtest8 WHERE id BETWEEN 9753178 AND 9753278
	Index Scan using sbtest8_pkey on sbtest8  (cost=0.43..432.15 rows=109 width=125)
	  Index Cond: ((id >= 9753178) AND (id <= 9753278))

explain: for range-notcovered :: explain SELECT id, c FROM sbtest%d WHERE id BETWEEN 9753178 AND 9753278
for range-notcovered
table 1 : explain SELECT id, c FROM sbtest1 WHERE id BETWEEN 9753178 AND 9753278
	Index Scan using sbtest1_pkey on sbtest1  (cost=0.43..426.81 rows=108 width=125)
	  Index Cond: ((id >= 9753178) AND (id <= 9753278))

table 2 : explain SELECT id, c FROM sbtest2 WHERE id BETWEEN 9753178 AND 9753278
	Index Scan using sbtest2_pkey on sbtest2  (cost=0.43..379.72 rows=96 width=125)
	  Index Cond: ((id >= 9753178) AND (id <= 9753278))

table 3 : explain SELECT id, c FROM sbtest3 WHERE id BETWEEN 9753178 AND 9753278
	Index Scan using sbtest3_pkey on sbtest3  (cost=0.43..345.33 rows=87 width=125)
	  Index Cond: ((id >= 9753178) AND (id <= 9753278))

table 4 : explain SELECT id, c FROM sbtest4 WHERE id BETWEEN 9753178 AND 9753278
	Index Scan using sbtest4_pkey on sbtest4  (cost=0.43..404.45 rows=102 width=125)
	  Index Cond: ((id >= 9753178) AND (id <= 9753278))

table 5 : explain SELECT id, c FROM sbtest5 WHERE id BETWEEN 9753178 AND 9753278
	Index Scan using sbtest5_pkey on sbtest5  (cost=0.43..400.75 rows=101 width=125)
	  Index Cond: ((id >= 9753178) AND (id <= 9753278))

table 6 : explain SELECT id, c FROM sbtest6 WHERE id BETWEEN 9753178 AND 9753278
	Index Scan using sbtest6_pkey on sbtest6  (cost=0.43..396.41 rows=100 width=125)
	  Index Cond: ((id >= 9753178) AND (id <= 9753278))

table 7 : explain SELECT id, c FROM sbtest7 WHERE id BETWEEN 9753178 AND 9753278
	Index Scan using sbtest7_pkey on sbtest7  (cost=0.43..372.72 rows=94 width=125)
	  Index Cond: ((id >= 9753178) AND (id <= 9753278))

table 8 : explain SELECT id, c FROM sbtest8 WHERE id BETWEEN 9753178 AND 9753278
	Index Scan using sbtest8_pkey on sbtest8  (cost=0.43..432.15 rows=109 width=125)
	  Index Cond: ((id >= 9753178) AND (id <= 9753278))

explain: for range-notcovered :: explain SELECT id, c FROM sbtest%d WHERE id BETWEEN 9753178 AND 9753278
for range-notcovered
table 1 : explain SELECT id, c FROM sbtest1 WHERE id BETWEEN 9753178 AND 9753278
	Index Scan using sbtest1_pkey on sbtest1  (cost=0.43..426.81 rows=108 width=125)
	  Index Cond: ((id >= 9753178) AND (id <= 9753278))

table 2 : explain SELECT id, c FROM sbtest2 WHERE id BETWEEN 9753178 AND 9753278
	Index Scan using sbtest2_pkey on sbtest2  (cost=0.43..379.72 rows=96 width=125)
	  Index Cond: ((id >= 9753178) AND (id <= 9753278))

table 3 : explain SELECT id, c FROM sbtest3 WHERE id BETWEEN 9753178 AND 9753278
	Index Scan using sbtest3_pkey on sbtest3  (cost=0.43..345.33 rows=87 width=125)
	  Index Cond: ((id >= 9753178) AND (id <= 9753278))

table 4 : explain SELECT id, c FROM sbtest4 WHERE id BETWEEN 9753178 AND 9753278
	Index Scan using sbtest4_pkey on sbtest4  (cost=0.43..404.45 rows=102 width=125)
	  Index Cond: ((id >= 9753178) AND (id <= 9753278))

table 5 : explain SELECT id, c FROM sbtest5 WHERE id BETWEEN 9753178 AND 9753278
	Index Scan using sbtest5_pkey on sbtest5  (cost=0.43..400.75 rows=101 width=125)
	  Index Cond: ((id >= 9753178) AND (id <= 9753278))

table 6 : explain SELECT id, c FROM sbtest6 WHERE id BETWEEN 9753178 AND 9753278
	Index Scan using sbtest6_pkey on sbtest6  (cost=0.43..396.41 rows=100 width=125)
	  Index Cond: ((id >= 9753178) AND (id <= 9753278))

table 7 : explain SELECT id, c FROM sbtest7 WHERE id BETWEEN 9753178 AND 9753278
	Index Scan using sbtest7_pkey on sbtest7  (cost=0.43..372.72 rows=94 width=125)
	  Index Cond: ((id >= 9753178) AND (id <= 9753278))

table 8 : explain SELECT id, c FROM sbtest8 WHERE id BETWEEN 9753178 AND 9753278
	Index Scan using sbtest8_pkey on sbtest8  (cost=0.43..432.15 rows=109 width=125)
	  Index Cond: ((id >= 9753178) AND (id <= 9753278))

explain: for range-notcovered :: explain SELECT id, c FROM sbtest%d WHERE id BETWEEN 9753178 AND 9753278
for range-notcovered
table 1 : explain SELECT id, c FROM sbtest1 WHERE id BETWEEN 9753178 AND 9753278
	Index Scan using sbtest1_pkey on sbtest1  (cost=0.43..426.81 rows=108 width=125)
	  Index Cond: ((id >= 9753178) AND (id <= 9753278))

table 2 : explain SELECT id, c FROM sbtest2 WHERE id BETWEEN 9753178 AND 9753278
	Index Scan using sbtest2_pkey on sbtest2  (cost=0.43..379.72 rows=96 width=125)
	  Index Cond: ((id >= 9753178) AND (id <= 9753278))

table 3 : explain SELECT id, c FROM sbtest3 WHERE id BETWEEN 9753178 AND 9753278
	Index Scan using sbtest3_pkey on sbtest3  (cost=0.43..345.33 rows=87 width=125)
	  Index Cond: ((id >= 9753178) AND (id <= 9753278))

table 4 : explain SELECT id, c FROM sbtest4 WHERE id BETWEEN 9753178 AND 9753278
	Index Scan using sbtest4_pkey on sbtest4  (cost=0.43..404.45 rows=102 width=125)
	  Index Cond: ((id >= 9753178) AND (id <= 9753278))

table 5 : explain SELECT id, c FROM sbtest5 WHERE id BETWEEN 9753178 AND 9753278
	Index Scan using sbtest5_pkey on sbtest5  (cost=0.43..400.75 rows=101 width=125)
	  Index Cond: ((id >= 9753178) AND (id <= 9753278))

table 6 : explain SELECT id, c FROM sbtest6 WHERE id BETWEEN 9753178 AND 9753278
	Index Scan using sbtest6_pkey on sbtest6  (cost=0.43..396.41 rows=100 width=125)
	  Index Cond: ((id >= 9753178) AND (id <= 9753278))

table 7 : explain SELECT id, c FROM sbtest7 WHERE id BETWEEN 9753178 AND 9753278
	Index Scan using sbtest7_pkey on sbtest7  (cost=0.43..372.72 rows=94 width=125)
	  Index Cond: ((id >= 9753178) AND (id <= 9753278))

table 8 : explain SELECT id, c FROM sbtest8 WHERE id BETWEEN 9753178 AND 9753278
	Index Scan using sbtest8_pkey on sbtest8  (cost=0.43..432.15 rows=109 width=125)
	  Index Cond: ((id >= 9753178) AND (id <= 9753278))

explain: for range-notcovered :: explain SELECT id, c FROM sbtest%d WHERE id BETWEEN 9753178 AND 9753278
explain: for range-notcovered :: explain SELECT id, c FROM sbtest%d WHERE id BETWEEN 3661761 AND 3661861
for range-notcovered
table 1 : explain SELECT id, c FROM sbtest1 WHERE id BETWEEN 9753178 AND 9753278
	Index Scan using sbtest1_pkey on sbtest1  (cost=0.43..426.81 rows=108 width=125)
	  Index Cond: ((id >= 9753178) AND (id <= 9753278))

table 2 : explain SELECT id, c FROM sbtest2 WHERE id BETWEEN 9753178 AND 9753278
	Index Scan using sbtest2_pkey on sbtest2  (cost=0.43..379.72 rows=96 width=125)
	  Index Cond: ((id >= 9753178) AND (id <= 9753278))

table 3 : explain SELECT id, c FROM sbtest3 WHERE id BETWEEN 9753178 AND 9753278
	Index Scan using sbtest3_pkey on sbtest3  (cost=0.43..345.33 rows=87 width=125)
	  Index Cond: ((id >= 9753178) AND (id <= 9753278))

table 4 : explain SELECT id, c FROM sbtest4 WHERE id BETWEEN 9753178 AND 9753278
	Index Scan using sbtest4_pkey on sbtest4  (cost=0.43..404.45 rows=102 width=125)
	  Index Cond: ((id >= 9753178) AND (id <= 9753278))

table 5 : explain SELECT id, c FROM sbtest5 WHERE id BETWEEN 9753178 AND 9753278
	Index Scan using sbtest5_pkey on sbtest5  (cost=0.43..400.75 rows=101 width=125)
	  Index Cond: ((id >= 9753178) AND (id <= 9753278))

table 6 : explain SELECT id, c FROM sbtest6 WHERE id BETWEEN 9753178 AND 9753278
	Index Scan using sbtest6_pkey on sbtest6  (cost=0.43..396.41 rows=100 width=125)
	  Index Cond: ((id >= 9753178) AND (id <= 9753278))

table 7 : explain SELECT id, c FROM sbtest7 WHERE id BETWEEN 9753178 AND 9753278
	Index Scan using sbtest7_pkey on sbtest7  (cost=0.43..372.72 rows=94 width=125)
	  Index Cond: ((id >= 9753178) AND (id <= 9753278))

table 8 : explain SELECT id, c FROM sbtest8 WHERE id BETWEEN 9753178 AND 9753278
	Index Scan using sbtest8_pkey on sbtest8  (cost=0.43..432.15 rows=109 width=125)
	  Index Cond: ((id >= 9753178) AND (id <= 9753278))

for range-notcovered
table 1 : explain SELECT id, c FROM sbtest1 WHERE id BETWEEN 5645827 AND 5645927
	Index Scan using sbtest1_pkey on sbtest1  (cost=0.43..364.24 rows=92 width=125)
	  Index Cond: ((id >= 5645827) AND (id <= 5645927))

table 2 : explain SELECT id, c FROM sbtest2 WHERE id BETWEEN 5645827 AND 5645927
	Index Scan using sbtest2_pkey on sbtest2  (cost=0.43..399.29 rows=101 width=125)
	  Index Cond: ((id >= 5645827) AND (id <= 5645927))

table 3 : explain SELECT id, c FROM sbtest3 WHERE id BETWEEN 5645827 AND 5645927
	Index Scan using sbtest3_pkey on sbtest3  (cost=0.43..427.61 rows=108 width=125)
	  Index Cond: ((id >= 5645827) AND (id <= 5645927))

table 4 : explain SELECT id, c FROM sbtest4 WHERE id BETWEEN 5645827 AND 5645927
	Index Scan using sbtest4_pkey on sbtest4  (cost=0.43..412.29 rows=104 width=125)
	  Index Cond: ((id >= 5645827) AND (id <= 5645927))

table 5 : explain SELECT id, c FROM sbtest5 WHERE id BETWEEN 5645827 AND 5645927
	Index Scan using sbtest5_pkey on sbtest5  (cost=0.43..369.37 rows=93 width=125)
	  Index Cond: ((id >= 5645827) AND (id <= 5645927))

table 6 : explain SELECT id, c FROM sbtest6 WHERE id BETWEEN 5645827 AND 5645927
	Index Scan using sbtest6_pkey on sbtest6  (cost=0.43..400.33 rows=101 width=125)
	  Index Cond: ((id >= 5645827) AND (id <= 5645927))

table 7 : explain SELECT id, c FROM sbtest7 WHERE id BETWEEN 5645827 AND 5645927
	Index Scan using sbtest7_pkey on sbtest7  (cost=0.43..439.29 rows=111 width=125)
	  Index Cond: ((id >= 5645827) AND (id <= 5645927))

table 8 : explain SELECT id, c FROM sbtest8 WHERE id BETWEEN 5645827 AND 5645927
	Index Scan using sbtest8_pkey on sbtest8  (cost=0.43..412.54 rows=104 width=125)
	  Index Cond: ((id >= 5645827) AND (id <= 5645927))

explain: for range-notcovered :: explain SELECT id, c FROM sbtest%d WHERE id BETWEEN 5645827 AND 5645927
for range-notcovered
table 1 : explain SELECT id, c FROM sbtest1 WHERE id BETWEEN 1182996 AND 1183096
	Index Scan using sbtest1_pkey on sbtest1  (cost=0.43..430.72 rows=109 width=125)
	  Index Cond: ((id >= 1182996) AND (id <= 1183096))

table 2 : explain SELECT id, c FROM sbtest2 WHERE id BETWEEN 1182996 AND 1183096
	Index Scan using sbtest2_pkey on sbtest2  (cost=0.43..411.01 rows=104 width=125)
	  Index Cond: ((id >= 1182996) AND (id <= 1183096))

table 3 : explain SELECT id, c FROM sbtest3 WHERE id BETWEEN 1182996 AND 1183096
	Index Scan using sbtest3_pkey on sbtest3  (cost=0.43..380.61 rows=96 width=125)
	  Index Cond: ((id >= 1182996) AND (id <= 1183096))

table 4 : explain SELECT id, c FROM sbtest4 WHERE id BETWEEN 1182996 AND 1183096
	Index Scan using sbtest4_pkey on sbtest4  (cost=0.43..408.37 rows=103 width=125)
	  Index Cond: ((id >= 1182996) AND (id <= 1183096))

table 5 : explain SELECT id, c FROM sbtest5 WHERE id BETWEEN 1182996 AND 1183096
	Index Scan using sbtest5_pkey on sbtest5  (cost=0.43..412.51 rows=104 width=125)
	  Index Cond: ((id >= 1182996) AND (id <= 1183096))

table 6 : explain SELECT id, c FROM sbtest6 WHERE id BETWEEN 1182996 AND 1183096
	Index Scan using sbtest6_pkey on sbtest6  (cost=0.43..376.80 rows=95 width=125)
	  Index Cond: ((id >= 1182996) AND (id <= 1183096))

table 7 : explain SELECT id, c FROM sbtest7 WHERE id BETWEEN 1182996 AND 1183096
	Index Scan using sbtest7_pkey on sbtest7  (cost=0.43..400.13 rows=101 width=125)
	  Index Cond: ((id >= 1182996) AND (id <= 1183096))

table 8 : explain SELECT id, c FROM sbtest8 WHERE id BETWEEN 1182996 AND 1183096
	Index Scan using sbtest8_pkey on sbtest8  (cost=0.43..381.16 rows=96 width=125)
	  Index Cond: ((id >= 1182996) AND (id <= 1183096))

explain: for range-notcovered :: explain SELECT id, c FROM sbtest%d WHERE id BETWEEN 1182996 AND 1183096
for range-notcovered
table 1 : explain SELECT id, c FROM sbtest1 WHERE id BETWEEN 9266305 AND 9266405
	Index Scan using sbtest1_pkey on sbtest1  (cost=0.43..403.36 rows=102 width=125)
	  Index Cond: ((id >= 9266305) AND (id <= 9266405))

table 2 : explain SELECT id, c FROM sbtest2 WHERE id BETWEEN 9266305 AND 9266405
	Index Scan using sbtest2_pkey on sbtest2  (cost=0.43..407.10 rows=103 width=125)
	  Index Cond: ((id >= 9266305) AND (id <= 9266405))

table 3 : explain SELECT id, c FROM sbtest3 WHERE id BETWEEN 9266305 AND 9266405
	Index Scan using sbtest3_pkey on sbtest3  (cost=0.43..404.11 rows=102 width=125)
	  Index Cond: ((id >= 9266305) AND (id <= 9266405))

table 4 : explain SELECT id, c FROM sbtest4 WHERE id BETWEEN 9266305 AND 9266405
	Index Scan using sbtest4_pkey on sbtest4  (cost=0.43..408.37 rows=103 width=125)
	  Index Cond: ((id >= 9266305) AND (id <= 9266405))

table 5 : explain SELECT id, c FROM sbtest5 WHERE id BETWEEN 9266305 AND 9266405
	Index Scan using sbtest5_pkey on sbtest5  (cost=0.43..400.75 rows=101 width=125)
	  Index Cond: ((id >= 9266305) AND (id <= 9266405))

table 6 : explain SELECT id, c FROM sbtest6 WHERE id BETWEEN 9266305 AND 9266405
	Index Scan using sbtest6_pkey on sbtest6  (cost=0.43..404.25 rows=102 width=125)
	  Index Cond: ((id >= 9266305) AND (id <= 9266405))

table 7 : explain SELECT id, c FROM sbtest7 WHERE id BETWEEN 9266305 AND 9266405
	Index Scan using sbtest7_pkey on sbtest7  (cost=0.43..396.22 rows=100 width=125)
	  Index Cond: ((id >= 9266305) AND (id <= 9266405))

table 8 : explain SELECT id, c FROM sbtest8 WHERE id BETWEEN 9266305 AND 9266405
	Index Scan using sbtest8_pkey on sbtest8  (cost=0.43..408.62 rows=103 width=125)
	  Index Cond: ((id >= 9266305) AND (id <= 9266405))

explain: for range-notcovered :: explain SELECT id, c FROM sbtest%d WHERE id BETWEEN 9266305 AND 9266405
for range-notcovered
table 1 : explain SELECT id, c FROM sbtest1 WHERE id BETWEEN 5645827 AND 5645927
	Index Scan using sbtest1_pkey on sbtest1  (cost=0.43..364.24 rows=92 width=125)
	  Index Cond: ((id >= 5645827) AND (id <= 5645927))

table 2 : explain SELECT id, c FROM sbtest2 WHERE id BETWEEN 5645827 AND 5645927
	Index Scan using sbtest2_pkey on sbtest2  (cost=0.43..399.29 rows=101 width=125)
	  Index Cond: ((id >= 5645827) AND (id <= 5645927))

table 3 : explain SELECT id, c FROM sbtest3 WHERE id BETWEEN 5645827 AND 5645927
	Index Scan using sbtest3_pkey on sbtest3  (cost=0.43..427.61 rows=108 width=125)
	  Index Cond: ((id >= 5645827) AND (id <= 5645927))

table 4 : explain SELECT id, c FROM sbtest4 WHERE id BETWEEN 5645827 AND 5645927
	Index Scan using sbtest4_pkey on sbtest4  (cost=0.43..412.29 rows=104 width=125)
	  Index Cond: ((id >= 5645827) AND (id <= 5645927))

table 5 : explain SELECT id, c FROM sbtest5 WHERE id BETWEEN 5645827 AND 5645927
	Index Scan using sbtest5_pkey on sbtest5  (cost=0.43..369.37 rows=93 width=125)
	  Index Cond: ((id >= 5645827) AND (id <= 5645927))

table 6 : explain SELECT id, c FROM sbtest6 WHERE id BETWEEN 5645827 AND 5645927
	Index Scan using sbtest6_pkey on sbtest6  (cost=0.43..400.33 rows=101 width=125)
	  Index Cond: ((id >= 5645827) AND (id <= 5645927))

table 7 : explain SELECT id, c FROM sbtest7 WHERE id BETWEEN 5645827 AND 5645927
	Index Scan using sbtest7_pkey on sbtest7  (cost=0.43..439.29 rows=111 width=125)
	  Index Cond: ((id >= 5645827) AND (id <= 5645927))

table 8 : explain SELECT id, c FROM sbtest8 WHERE id BETWEEN 5645827 AND 5645927
	Index Scan using sbtest8_pkey on sbtest8  (cost=0.43..412.54 rows=104 width=125)
	  Index Cond: ((id >= 5645827) AND (id <= 5645927))

for range-notcovered
table 1 : explain SELECT id, c FROM sbtest1 WHERE id BETWEEN 1182996 AND 1183096
	Index Scan using sbtest1_pkey on sbtest1  (cost=0.43..430.72 rows=109 width=125)
	  Index Cond: ((id >= 1182996) AND (id <= 1183096))

table 2 : explain SELECT id, c FROM sbtest2 WHERE id BETWEEN 1182996 AND 1183096
	Index Scan using sbtest2_pkey on sbtest2  (cost=0.43..411.01 rows=104 width=125)
	  Index Cond: ((id >= 1182996) AND (id <= 1183096))

table 3 : explain SELECT id, c FROM sbtest3 WHERE id BETWEEN 1182996 AND 1183096
	Index Scan using sbtest3_pkey on sbtest3  (cost=0.43..380.61 rows=96 width=125)
	  Index Cond: ((id >= 1182996) AND (id <= 1183096))

table 4 : explain SELECT id, c FROM sbtest4 WHERE id BETWEEN 1182996 AND 1183096
	Index Scan using sbtest4_pkey on sbtest4  (cost=0.43..408.37 rows=103 width=125)
	  Index Cond: ((id >= 1182996) AND (id <= 1183096))

table 5 : explain SELECT id, c FROM sbtest5 WHERE id BETWEEN 1182996 AND 1183096
	Index Scan using sbtest5_pkey on sbtest5  (cost=0.43..412.51 rows=104 width=125)
	  Index Cond: ((id >= 1182996) AND (id <= 1183096))

table 6 : explain SELECT id, c FROM sbtest6 WHERE id BETWEEN 1182996 AND 1183096
	Index Scan using sbtest6_pkey on sbtest6  (cost=0.43..376.80 rows=95 width=125)
	  Index Cond: ((id >= 1182996) AND (id <= 1183096))

table 7 : explain SELECT id, c FROM sbtest7 WHERE id BETWEEN 1182996 AND 1183096
	Index Scan using sbtest7_pkey on sbtest7  (cost=0.43..400.13 rows=101 width=125)
	  Index Cond: ((id >= 1182996) AND (id <= 1183096))

table 8 : explain SELECT id, c FROM sbtest8 WHERE id BETWEEN 1182996 AND 1183096
	Index Scan using sbtest8_pkey on sbtest8  (cost=0.43..381.16 rows=96 width=125)
	  Index Cond: ((id >= 1182996) AND (id <= 1183096))

explain: for range-notcovered :: explain SELECT id, c FROM sbtest%d WHERE id BETWEEN 5645827 AND 5645927
explain: for range-notcovered :: explain SELECT id, c FROM sbtest%d WHERE id BETWEEN 1182996 AND 1183096
for range-notcovered
table 1 : explain SELECT id, c FROM sbtest1 WHERE id BETWEEN 5645827 AND 5645927
	Index Scan using sbtest1_pkey on sbtest1  (cost=0.43..364.24 rows=92 width=125)
	  Index Cond: ((id >= 5645827) AND (id <= 5645927))

table 2 : explain SELECT id, c FROM sbtest2 WHERE id BETWEEN 5645827 AND 5645927
	Index Scan using sbtest2_pkey on sbtest2  (cost=0.43..399.29 rows=101 width=125)
	  Index Cond: ((id >= 5645827) AND (id <= 5645927))

table 3 : explain SELECT id, c FROM sbtest3 WHERE id BETWEEN 5645827 AND 5645927
	Index Scan using sbtest3_pkey on sbtest3  (cost=0.43..427.61 rows=108 width=125)
	  Index Cond: ((id >= 5645827) AND (id <= 5645927))

table 4 : explain SELECT id, c FROM sbtest4 WHERE id BETWEEN 5645827 AND 5645927
	Index Scan using sbtest4_pkey on sbtest4  (cost=0.43..412.29 rows=104 width=125)
	  Index Cond: ((id >= 5645827) AND (id <= 5645927))

table 5 : explain SELECT id, c FROM sbtest5 WHERE id BETWEEN 5645827 AND 5645927
	Index Scan using sbtest5_pkey on sbtest5  (cost=0.43..369.37 rows=93 width=125)
	  Index Cond: ((id >= 5645827) AND (id <= 5645927))

table 6 : explain SELECT id, c FROM sbtest6 WHERE id BETWEEN 5645827 AND 5645927
	Index Scan using sbtest6_pkey on sbtest6  (cost=0.43..400.33 rows=101 width=125)
	  Index Cond: ((id >= 5645827) AND (id <= 5645927))

table 7 : explain SELECT id, c FROM sbtest7 WHERE id BETWEEN 5645827 AND 5645927
	Index Scan using sbtest7_pkey on sbtest7  (cost=0.43..439.29 rows=111 width=125)
	  Index Cond: ((id >= 5645827) AND (id <= 5645927))

table 8 : explain SELECT id, c FROM sbtest8 WHERE id BETWEEN 5645827 AND 5645927
	Index Scan using sbtest8_pkey on sbtest8  (cost=0.43..412.54 rows=104 width=125)
	  Index Cond: ((id >= 5645827) AND (id <= 5645927))

explain: for range-notcovered :: explain SELECT id, c FROM sbtest%d WHERE id BETWEEN 5645827 AND 5645927
for range-notcovered
table 1 : explain SELECT id, c FROM sbtest1 WHERE id BETWEEN 1182996 AND 1183096
	Index Scan using sbtest1_pkey on sbtest1  (cost=0.43..430.72 rows=109 width=125)
	  Index Cond: ((id >= 1182996) AND (id <= 1183096))

table 2 : explain SELECT id, c FROM sbtest2 WHERE id BETWEEN 1182996 AND 1183096
	Index Scan using sbtest2_pkey on sbtest2  (cost=0.43..411.01 rows=104 width=125)
	  Index Cond: ((id >= 1182996) AND (id <= 1183096))

table 3 : explain SELECT id, c FROM sbtest3 WHERE id BETWEEN 1182996 AND 1183096
	Index Scan using sbtest3_pkey on sbtest3  (cost=0.43..380.61 rows=96 width=125)
	  Index Cond: ((id >= 1182996) AND (id <= 1183096))

table 4 : explain SELECT id, c FROM sbtest4 WHERE id BETWEEN 1182996 AND 1183096
	Index Scan using sbtest4_pkey on sbtest4  (cost=0.43..408.37 rows=103 width=125)
	  Index Cond: ((id >= 1182996) AND (id <= 1183096))

table 5 : explain SELECT id, c FROM sbtest5 WHERE id BETWEEN 1182996 AND 1183096
	Index Scan using sbtest5_pkey on sbtest5  (cost=0.43..412.51 rows=104 width=125)
	  Index Cond: ((id >= 1182996) AND (id <= 1183096))

table 6 : explain SELECT id, c FROM sbtest6 WHERE id BETWEEN 1182996 AND 1183096
	Index Scan using sbtest6_pkey on sbtest6  (cost=0.43..376.80 rows=95 width=125)
	  Index Cond: ((id >= 1182996) AND (id <= 1183096))

table 7 : explain SELECT id, c FROM sbtest7 WHERE id BETWEEN 1182996 AND 1183096
	Index Scan using sbtest7_pkey on sbtest7  (cost=0.43..400.13 rows=101 width=125)
	  Index Cond: ((id >= 1182996) AND (id <= 1183096))

table 8 : explain SELECT id, c FROM sbtest8 WHERE id BETWEEN 1182996 AND 1183096
	Index Scan using sbtest8_pkey on sbtest8  (cost=0.43..381.16 rows=96 width=125)
	  Index Cond: ((id >= 1182996) AND (id <= 1183096))

explain: for range-notcovered :: explain SELECT id, c FROM sbtest%d WHERE id BETWEEN 1182996 AND 1183096
explain: for range-notcovered :: explain SELECT id, c FROM sbtest%d WHERE id BETWEEN 6117657 AND 6117757
for range-notcovered
table 1 : explain SELECT id, c FROM sbtest1 WHERE id BETWEEN 9266305 AND 9266405
	Index Scan using sbtest1_pkey on sbtest1  (cost=0.43..403.36 rows=102 width=125)
	  Index Cond: ((id >= 9266305) AND (id <= 9266405))

table 2 : explain SELECT id, c FROM sbtest2 WHERE id BETWEEN 9266305 AND 9266405
	Index Scan using sbtest2_pkey on sbtest2  (cost=0.43..407.10 rows=103 width=125)
	  Index Cond: ((id >= 9266305) AND (id <= 9266405))

table 3 : explain SELECT id, c FROM sbtest3 WHERE id BETWEEN 9266305 AND 9266405
	Index Scan using sbtest3_pkey on sbtest3  (cost=0.43..404.11 rows=102 width=125)
	  Index Cond: ((id >= 9266305) AND (id <= 9266405))

table 4 : explain SELECT id, c FROM sbtest4 WHERE id BETWEEN 9266305 AND 9266405
	Index Scan using sbtest4_pkey on sbtest4  (cost=0.43..408.37 rows=103 width=125)
	  Index Cond: ((id >= 9266305) AND (id <= 9266405))

table 5 : explain SELECT id, c FROM sbtest5 WHERE id BETWEEN 9266305 AND 9266405
	Index Scan using sbtest5_pkey on sbtest5  (cost=0.43..400.75 rows=101 width=125)
	  Index Cond: ((id >= 9266305) AND (id <= 9266405))

table 6 : explain SELECT id, c FROM sbtest6 WHERE id BETWEEN 9266305 AND 9266405
	Index Scan using sbtest6_pkey on sbtest6  (cost=0.43..404.25 rows=102 width=125)
	  Index Cond: ((id >= 9266305) AND (id <= 9266405))

table 7 : explain SELECT id, c FROM sbtest7 WHERE id BETWEEN 9266305 AND 9266405
	Index Scan using sbtest7_pkey on sbtest7  (cost=0.43..396.22 rows=100 width=125)
	  Index Cond: ((id >= 9266305) AND (id <= 9266405))

table 8 : explain SELECT id, c FROM sbtest8 WHERE id BETWEEN 9266305 AND 9266405
	Index Scan using sbtest8_pkey on sbtest8  (cost=0.43..408.62 rows=103 width=125)
	  Index Cond: ((id >= 9266305) AND (id <= 9266405))

for range-notcovered
table 1 : explain SELECT id, c FROM sbtest1 WHERE id BETWEEN 5645827 AND 5645927
	Index Scan using sbtest1_pkey on sbtest1  (cost=0.43..364.24 rows=92 width=125)
	  Index Cond: ((id >= 5645827) AND (id <= 5645927))

table 2 : explain SELECT id, c FROM sbtest2 WHERE id BETWEEN 5645827 AND 5645927
	Index Scan using sbtest2_pkey on sbtest2  (cost=0.43..399.29 rows=101 width=125)
	  Index Cond: ((id >= 5645827) AND (id <= 5645927))

table 3 : explain SELECT id, c FROM sbtest3 WHERE id BETWEEN 5645827 AND 5645927
	Index Scan using sbtest3_pkey on sbtest3  (cost=0.43..427.61 rows=108 width=125)
	  Index Cond: ((id >= 5645827) AND (id <= 5645927))

table 4 : explain SELECT id, c FROM sbtest4 WHERE id BETWEEN 5645827 AND 5645927
	Index Scan using sbtest4_pkey on sbtest4  (cost=0.43..412.29 rows=104 width=125)
	  Index Cond: ((id >= 5645827) AND (id <= 5645927))

table 5 : explain SELECT id, c FROM sbtest5 WHERE id BETWEEN 5645827 AND 5645927
	Index Scan using sbtest5_pkey on sbtest5  (cost=0.43..369.37 rows=93 width=125)
	  Index Cond: ((id >= 5645827) AND (id <= 5645927))

table 6 : explain SELECT id, c FROM sbtest6 WHERE id BETWEEN 5645827 AND 5645927
	Index Scan using sbtest6_pkey on sbtest6  (cost=0.43..400.33 rows=101 width=125)
	  Index Cond: ((id >= 5645827) AND (id <= 5645927))

table 7 : explain SELECT id, c FROM sbtest7 WHERE id BETWEEN 5645827 AND 5645927
	Index Scan using sbtest7_pkey on sbtest7  (cost=0.43..439.29 rows=111 width=125)
	  Index Cond: ((id >= 5645827) AND (id <= 5645927))

table 8 : explain SELECT id, c FROM sbtest8 WHERE id BETWEEN 5645827 AND 5645927
	Index Scan using sbtest8_pkey on sbtest8  (cost=0.43..412.54 rows=104 width=125)
	  Index Cond: ((id >= 5645827) AND (id <= 5645927))

explain: for range-notcovered :: explain SELECT id, c FROM sbtest%d WHERE id BETWEEN 9266305 AND 9266405
explain: for range-notcovered :: explain SELECT id, c FROM sbtest%d WHERE id BETWEEN 5645827 AND 5645927
explain: for range-notcovered :: explain SELECT id, c FROM sbtest%d WHERE id BETWEEN 7547543 AND 7547643
for range-notcovered
table 1 : explain SELECT id, c FROM sbtest1 WHERE id BETWEEN 1182996 AND 1183096
	Index Scan using sbtest1_pkey on sbtest1  (cost=0.43..430.72 rows=109 width=125)
	  Index Cond: ((id >= 1182996) AND (id <= 1183096))

table 2 : explain SELECT id, c FROM sbtest2 WHERE id BETWEEN 1182996 AND 1183096
	Index Scan using sbtest2_pkey on sbtest2  (cost=0.43..411.01 rows=104 width=125)
	  Index Cond: ((id >= 1182996) AND (id <= 1183096))

table 3 : explain SELECT id, c FROM sbtest3 WHERE id BETWEEN 1182996 AND 1183096
	Index Scan using sbtest3_pkey on sbtest3  (cost=0.43..380.61 rows=96 width=125)
	  Index Cond: ((id >= 1182996) AND (id <= 1183096))

table 4 : explain SELECT id, c FROM sbtest4 WHERE id BETWEEN 1182996 AND 1183096
	Index Scan using sbtest4_pkey on sbtest4  (cost=0.43..408.37 rows=103 width=125)
	  Index Cond: ((id >= 1182996) AND (id <= 1183096))

table 5 : explain SELECT id, c FROM sbtest5 WHERE id BETWEEN 1182996 AND 1183096
	Index Scan using sbtest5_pkey on sbtest5  (cost=0.43..412.51 rows=104 width=125)
	  Index Cond: ((id >= 1182996) AND (id <= 1183096))

table 6 : explain SELECT id, c FROM sbtest6 WHERE id BETWEEN 1182996 AND 1183096
	Index Scan using sbtest6_pkey on sbtest6  (cost=0.43..376.80 rows=95 width=125)
	  Index Cond: ((id >= 1182996) AND (id <= 1183096))

table 7 : explain SELECT id, c FROM sbtest7 WHERE id BETWEEN 1182996 AND 1183096
	Index Scan using sbtest7_pkey on sbtest7  (cost=0.43..400.13 rows=101 width=125)
	  Index Cond: ((id >= 1182996) AND (id <= 1183096))

table 8 : explain SELECT id, c FROM sbtest8 WHERE id BETWEEN 1182996 AND 1183096
	Index Scan using sbtest8_pkey on sbtest8  (cost=0.43..381.16 rows=96 width=125)
	  Index Cond: ((id >= 1182996) AND (id <= 1183096))

explain: for range-notcovered :: explain SELECT id, c FROM sbtest%d WHERE id BETWEEN 1182996 AND 1183096
for range-notcovered
table 1 : explain SELECT id, c FROM sbtest1 WHERE id BETWEEN 9266305 AND 9266405
	Index Scan using sbtest1_pkey on sbtest1  (cost=0.43..403.36 rows=102 width=125)
	  Index Cond: ((id >= 9266305) AND (id <= 9266405))

table 2 : explain SELECT id, c FROM sbtest2 WHERE id BETWEEN 9266305 AND 9266405
	Index Scan using sbtest2_pkey on sbtest2  (cost=0.43..407.10 rows=103 width=125)
	  Index Cond: ((id >= 9266305) AND (id <= 9266405))

table 3 : explain SELECT id, c FROM sbtest3 WHERE id BETWEEN 9266305 AND 9266405
	Index Scan using sbtest3_pkey on sbtest3  (cost=0.43..404.11 rows=102 width=125)
	  Index Cond: ((id >= 9266305) AND (id <= 9266405))

table 4 : explain SELECT id, c FROM sbtest4 WHERE id BETWEEN 9266305 AND 9266405
	Index Scan using sbtest4_pkey on sbtest4  (cost=0.43..408.37 rows=103 width=125)
	  Index Cond: ((id >= 9266305) AND (id <= 9266405))

table 5 : explain SELECT id, c FROM sbtest5 WHERE id BETWEEN 9266305 AND 9266405
	Index Scan using sbtest5_pkey on sbtest5  (cost=0.43..400.75 rows=101 width=125)
	  Index Cond: ((id >= 9266305) AND (id <= 9266405))

table 6 : explain SELECT id, c FROM sbtest6 WHERE id BETWEEN 9266305 AND 9266405
	Index Scan using sbtest6_pkey on sbtest6  (cost=0.43..404.25 rows=102 width=125)
	  Index Cond: ((id >= 9266305) AND (id <= 9266405))

table 7 : explain SELECT id, c FROM sbtest7 WHERE id BETWEEN 9266305 AND 9266405
	Index Scan using sbtest7_pkey on sbtest7  (cost=0.43..396.22 rows=100 width=125)
	  Index Cond: ((id >= 9266305) AND (id <= 9266405))

table 8 : explain SELECT id, c FROM sbtest8 WHERE id BETWEEN 9266305 AND 9266405
	Index Scan using sbtest8_pkey on sbtest8  (cost=0.43..408.62 rows=103 width=125)
	  Index Cond: ((id >= 9266305) AND (id <= 9266405))

explain: for range-notcovered :: explain SELECT id, c FROM sbtest%d WHERE id BETWEEN 9266305 AND 9266405
for range-notcovered
table 1 : explain SELECT id, c FROM sbtest1 WHERE id BETWEEN 5645827 AND 5645927
	Index Scan using sbtest1_pkey on sbtest1  (cost=0.43..364.24 rows=92 width=125)
	  Index Cond: ((id >= 5645827) AND (id <= 5645927))

table 2 : explain SELECT id, c FROM sbtest2 WHERE id BETWEEN 5645827 AND 5645927
	Index Scan using sbtest2_pkey on sbtest2  (cost=0.43..399.29 rows=101 width=125)
	  Index Cond: ((id >= 5645827) AND (id <= 5645927))

table 3 : explain SELECT id, c FROM sbtest3 WHERE id BETWEEN 5645827 AND 5645927
	Index Scan using sbtest3_pkey on sbtest3  (cost=0.43..427.61 rows=108 width=125)
	  Index Cond: ((id >= 5645827) AND (id <= 5645927))

table 4 : explain SELECT id, c FROM sbtest4 WHERE id BETWEEN 5645827 AND 5645927
	Index Scan using sbtest4_pkey on sbtest4  (cost=0.43..412.29 rows=104 width=125)
	  Index Cond: ((id >= 5645827) AND (id <= 5645927))

table 5 : explain SELECT id, c FROM sbtest5 WHERE id BETWEEN 5645827 AND 5645927
	Index Scan using sbtest5_pkey on sbtest5  (cost=0.43..369.37 rows=93 width=125)
	  Index Cond: ((id >= 5645827) AND (id <= 5645927))

table 6 : explain SELECT id, c FROM sbtest6 WHERE id BETWEEN 5645827 AND 5645927
	Index Scan using sbtest6_pkey on sbtest6  (cost=0.43..400.33 rows=101 width=125)
	  Index Cond: ((id >= 5645827) AND (id <= 5645927))

table 7 : explain SELECT id, c FROM sbtest7 WHERE id BETWEEN 5645827 AND 5645927
	Index Scan using sbtest7_pkey on sbtest7  (cost=0.43..439.29 rows=111 width=125)
	  Index Cond: ((id >= 5645827) AND (id <= 5645927))

table 8 : explain SELECT id, c FROM sbtest8 WHERE id BETWEEN 5645827 AND 5645927
	Index Scan using sbtest8_pkey on sbtest8  (cost=0.43..412.54 rows=104 width=125)
	  Index Cond: ((id >= 5645827) AND (id <= 5645927))

explain: for range-notcovered :: explain SELECT id, c FROM sbtest%d WHERE id BETWEEN 5645827 AND 5645927
for range-notcovered
table 1 : explain SELECT id, c FROM sbtest1 WHERE id BETWEEN 5645827 AND 5645927
	Index Scan using sbtest1_pkey on sbtest1  (cost=0.43..364.24 rows=92 width=125)
	  Index Cond: ((id >= 5645827) AND (id <= 5645927))

table 2 : explain SELECT id, c FROM sbtest2 WHERE id BETWEEN 5645827 AND 5645927
	Index Scan using sbtest2_pkey on sbtest2  (cost=0.43..399.29 rows=101 width=125)
	  Index Cond: ((id >= 5645827) AND (id <= 5645927))

table 3 : explain SELECT id, c FROM sbtest3 WHERE id BETWEEN 5645827 AND 5645927
	Index Scan using sbtest3_pkey on sbtest3  (cost=0.43..427.61 rows=108 width=125)
	  Index Cond: ((id >= 5645827) AND (id <= 5645927))

table 4 : explain SELECT id, c FROM sbtest4 WHERE id BETWEEN 5645827 AND 5645927
	Index Scan using sbtest4_pkey on sbtest4  (cost=0.43..412.29 rows=104 width=125)
	  Index Cond: ((id >= 5645827) AND (id <= 5645927))

table 5 : explain SELECT id, c FROM sbtest5 WHERE id BETWEEN 5645827 AND 5645927
	Index Scan using sbtest5_pkey on sbtest5  (cost=0.43..369.37 rows=93 width=125)
	  Index Cond: ((id >= 5645827) AND (id <= 5645927))

table 6 : explain SELECT id, c FROM sbtest6 WHERE id BETWEEN 5645827 AND 5645927
	Index Scan using sbtest6_pkey on sbtest6  (cost=0.43..400.33 rows=101 width=125)
	  Index Cond: ((id >= 5645827) AND (id <= 5645927))

table 7 : explain SELECT id, c FROM sbtest7 WHERE id BETWEEN 5645827 AND 5645927
	Index Scan using sbtest7_pkey on sbtest7  (cost=0.43..439.29 rows=111 width=125)
	  Index Cond: ((id >= 5645827) AND (id <= 5645927))

table 8 : explain SELECT id, c FROM sbtest8 WHERE id BETWEEN 5645827 AND 5645927
	Index Scan using sbtest8_pkey on sbtest8  (cost=0.43..412.54 rows=104 width=125)
	  Index Cond: ((id >= 5645827) AND (id <= 5645927))

explain: for range-notcovered :: explain SELECT id, c FROM sbtest%d WHERE id BETWEEN 5645827 AND 5645927
for range-notcovered
table 1 : explain SELECT id, c FROM sbtest1 WHERE id BETWEEN 9266305 AND 9266405
	Index Scan using sbtest1_pkey on sbtest1  (cost=0.43..403.36 rows=102 width=125)
	  Index Cond: ((id >= 9266305) AND (id <= 9266405))

table 2 : explain SELECT id, c FROM sbtest2 WHERE id BETWEEN 9266305 AND 9266405
	Index Scan using sbtest2_pkey on sbtest2  (cost=0.43..407.10 rows=103 width=125)
	  Index Cond: ((id >= 9266305) AND (id <= 9266405))

table 3 : explain SELECT id, c FROM sbtest3 WHERE id BETWEEN 9266305 AND 9266405
	Index Scan using sbtest3_pkey on sbtest3  (cost=0.43..404.11 rows=102 width=125)
	  Index Cond: ((id >= 9266305) AND (id <= 9266405))

table 4 : explain SELECT id, c FROM sbtest4 WHERE id BETWEEN 9266305 AND 9266405
	Index Scan using sbtest4_pkey on sbtest4  (cost=0.43..408.37 rows=103 width=125)
	  Index Cond: ((id >= 9266305) AND (id <= 9266405))

table 5 : explain SELECT id, c FROM sbtest5 WHERE id BETWEEN 9266305 AND 9266405
	Index Scan using sbtest5_pkey on sbtest5  (cost=0.43..400.75 rows=101 width=125)
	  Index Cond: ((id >= 9266305) AND (id <= 9266405))

table 6 : explain SELECT id, c FROM sbtest6 WHERE id BETWEEN 9266305 AND 9266405
	Index Scan using sbtest6_pkey on sbtest6  (cost=0.43..404.25 rows=102 width=125)
	  Index Cond: ((id >= 9266305) AND (id <= 9266405))

table 7 : explain SELECT id, c FROM sbtest7 WHERE id BETWEEN 9266305 AND 9266405
	Index Scan using sbtest7_pkey on sbtest7  (cost=0.43..396.22 rows=100 width=125)
	  Index Cond: ((id >= 9266305) AND (id <= 9266405))

table 8 : explain SELECT id, c FROM sbtest8 WHERE id BETWEEN 9266305 AND 9266405
	Index Scan using sbtest8_pkey on sbtest8  (cost=0.43..408.62 rows=103 width=125)
	  Index Cond: ((id >= 9266305) AND (id <= 9266405))

explain: for range-notcovered :: explain SELECT id, c FROM sbtest%d WHERE id BETWEEN 9266305 AND 9266405
for range-notcovered
table 1 : explain SELECT id, c FROM sbtest1 WHERE id BETWEEN 5645827 AND 5645927
	Index Scan using sbtest1_pkey on sbtest1  (cost=0.43..364.24 rows=92 width=125)
	  Index Cond: ((id >= 5645827) AND (id <= 5645927))

table 2 : explain SELECT id, c FROM sbtest2 WHERE id BETWEEN 5645827 AND 5645927
	Index Scan using sbtest2_pkey on sbtest2  (cost=0.43..399.29 rows=101 width=125)
	  Index Cond: ((id >= 5645827) AND (id <= 5645927))

table 3 : explain SELECT id, c FROM sbtest3 WHERE id BETWEEN 5645827 AND 5645927
	Index Scan using sbtest3_pkey on sbtest3  (cost=0.43..427.61 rows=108 width=125)
	  Index Cond: ((id >= 5645827) AND (id <= 5645927))

table 4 : explain SELECT id, c FROM sbtest4 WHERE id BETWEEN 5645827 AND 5645927
	Index Scan using sbtest4_pkey on sbtest4  (cost=0.43..412.29 rows=104 width=125)
	  Index Cond: ((id >= 5645827) AND (id <= 5645927))

table 5 : explain SELECT id, c FROM sbtest5 WHERE id BETWEEN 5645827 AND 5645927
	Index Scan using sbtest5_pkey on sbtest5  (cost=0.43..369.37 rows=93 width=125)
	  Index Cond: ((id >= 5645827) AND (id <= 5645927))

table 6 : explain SELECT id, c FROM sbtest6 WHERE id BETWEEN 5645827 AND 5645927
	Index Scan using sbtest6_pkey on sbtest6  (cost=0.43..400.33 rows=101 width=125)
	  Index Cond: ((id >= 5645827) AND (id <= 5645927))

table 7 : explain SELECT id, c FROM sbtest7 WHERE id BETWEEN 5645827 AND 5645927
	Index Scan using sbtest7_pkey on sbtest7  (cost=0.43..439.29 rows=111 width=125)
	  Index Cond: ((id >= 5645827) AND (id <= 5645927))

table 8 : explain SELECT id, c FROM sbtest8 WHERE id BETWEEN 5645827 AND 5645927
	Index Scan using sbtest8_pkey on sbtest8  (cost=0.43..412.54 rows=104 width=125)
	  Index Cond: ((id >= 5645827) AND (id <= 5645927))

explain: for range-notcovered :: explain SELECT id, c FROM sbtest%d WHERE id BETWEEN 5645827 AND 5645927
for range-notcovered
table 1 : explain SELECT id, c FROM sbtest1 WHERE id BETWEEN 1182996 AND 1183096
	Index Scan using sbtest1_pkey on sbtest1  (cost=0.43..430.72 rows=109 width=125)
	  Index Cond: ((id >= 1182996) AND (id <= 1183096))

table 2 : explain SELECT id, c FROM sbtest2 WHERE id BETWEEN 1182996 AND 1183096
	Index Scan using sbtest2_pkey on sbtest2  (cost=0.43..411.01 rows=104 width=125)
	  Index Cond: ((id >= 1182996) AND (id <= 1183096))

table 3 : explain SELECT id, c FROM sbtest3 WHERE id BETWEEN 1182996 AND 1183096
	Index Scan using sbtest3_pkey on sbtest3  (cost=0.43..380.61 rows=96 width=125)
	  Index Cond: ((id >= 1182996) AND (id <= 1183096))

table 4 : explain SELECT id, c FROM sbtest4 WHERE id BETWEEN 1182996 AND 1183096
	Index Scan using sbtest4_pkey on sbtest4  (cost=0.43..408.37 rows=103 width=125)
	  Index Cond: ((id >= 1182996) AND (id <= 1183096))

table 5 : explain SELECT id, c FROM sbtest5 WHERE id BETWEEN 1182996 AND 1183096
	Index Scan using sbtest5_pkey on sbtest5  (cost=0.43..412.51 rows=104 width=125)
	  Index Cond: ((id >= 1182996) AND (id <= 1183096))

table 6 : explain SELECT id, c FROM sbtest6 WHERE id BETWEEN 1182996 AND 1183096
	Index Scan using sbtest6_pkey on sbtest6  (cost=0.43..376.80 rows=95 width=125)
	  Index Cond: ((id >= 1182996) AND (id <= 1183096))

table 7 : explain SELECT id, c FROM sbtest7 WHERE id BETWEEN 1182996 AND 1183096
	Index Scan using sbtest7_pkey on sbtest7  (cost=0.43..400.13 rows=101 width=125)
	  Index Cond: ((id >= 1182996) AND (id <= 1183096))

table 8 : explain SELECT id, c FROM sbtest8 WHERE id BETWEEN 1182996 AND 1183096
	Index Scan using sbtest8_pkey on sbtest8  (cost=0.43..381.16 rows=96 width=125)
	  Index Cond: ((id >= 1182996) AND (id <= 1183096))

for range-notcovered
table 1 : explain SELECT id, c FROM sbtest1 WHERE id BETWEEN 9266305 AND 9266405
	Index Scan using sbtest1_pkey on sbtest1  (cost=0.43..403.36 rows=102 width=125)
	  Index Cond: ((id >= 9266305) AND (id <= 9266405))

table 2 : explain SELECT id, c FROM sbtest2 WHERE id BETWEEN 9266305 AND 9266405
	Index Scan using sbtest2_pkey on sbtest2  (cost=0.43..407.10 rows=103 width=125)
	  Index Cond: ((id >= 9266305) AND (id <= 9266405))

table 3 : explain SELECT id, c FROM sbtest3 WHERE id BETWEEN 9266305 AND 9266405
	Index Scan using sbtest3_pkey on sbtest3  (cost=0.43..404.11 rows=102 width=125)
	  Index Cond: ((id >= 9266305) AND (id <= 9266405))

table 4 : explain SELECT id, c FROM sbtest4 WHERE id BETWEEN 9266305 AND 9266405
	Index Scan using sbtest4_pkey on sbtest4  (cost=0.43..408.37 rows=103 width=125)
	  Index Cond: ((id >= 9266305) AND (id <= 9266405))

table 5 : explain SELECT id, c FROM sbtest5 WHERE id BETWEEN 9266305 AND 9266405
	Index Scan using sbtest5_pkey on sbtest5  (cost=0.43..400.75 rows=101 width=125)
	  Index Cond: ((id >= 9266305) AND (id <= 9266405))

table 6 : explain SELECT id, c FROM sbtest6 WHERE id BETWEEN 9266305 AND 9266405
	Index Scan using sbtest6_pkey on sbtest6  (cost=0.43..404.25 rows=102 width=125)
	  Index Cond: ((id >= 9266305) AND (id <= 9266405))

table 7 : explain SELECT id, c FROM sbtest7 WHERE id BETWEEN 9266305 AND 9266405
	Index Scan using sbtest7_pkey on sbtest7  (cost=0.43..396.22 rows=100 width=125)
	  Index Cond: ((id >= 9266305) AND (id <= 9266405))

table 8 : explain SELECT id, c FROM sbtest8 WHERE id BETWEEN 9266305 AND 9266405
	Index Scan using sbtest8_pkey on sbtest8  (cost=0.43..408.62 rows=103 width=125)
	  Index Cond: ((id >= 9266305) AND (id <= 9266405))

explain: for range-notcovered :: explain SELECT id, c FROM sbtest%d WHERE id BETWEEN 1182996 AND 1183096
explain: for range-notcovered :: explain SELECT id, c FROM sbtest%d WHERE id BETWEEN 9266305 AND 9266405
for range-notcovered
table 1 : explain SELECT id, c FROM sbtest1 WHERE id BETWEEN 9266305 AND 9266405
	Index Scan using sbtest1_pkey on sbtest1  (cost=0.43..403.36 rows=102 width=125)
	  Index Cond: ((id >= 9266305) AND (id <= 9266405))

table 2 : explain SELECT id, c FROM sbtest2 WHERE id BETWEEN 9266305 AND 9266405
	Index Scan using sbtest2_pkey on sbtest2  (cost=0.43..407.10 rows=103 width=125)
	  Index Cond: ((id >= 9266305) AND (id <= 9266405))

table 3 : explain SELECT id, c FROM sbtest3 WHERE id BETWEEN 9266305 AND 9266405
	Index Scan using sbtest3_pkey on sbtest3  (cost=0.43..404.11 rows=102 width=125)
	  Index Cond: ((id >= 9266305) AND (id <= 9266405))

table 4 : explain SELECT id, c FROM sbtest4 WHERE id BETWEEN 9266305 AND 9266405
	Index Scan using sbtest4_pkey on sbtest4  (cost=0.43..408.37 rows=103 width=125)
	  Index Cond: ((id >= 9266305) AND (id <= 9266405))

table 5 : explain SELECT id, c FROM sbtest5 WHERE id BETWEEN 9266305 AND 9266405
	Index Scan using sbtest5_pkey on sbtest5  (cost=0.43..400.75 rows=101 width=125)
	  Index Cond: ((id >= 9266305) AND (id <= 9266405))

table 6 : explain SELECT id, c FROM sbtest6 WHERE id BETWEEN 9266305 AND 9266405
	Index Scan using sbtest6_pkey on sbtest6  (cost=0.43..404.25 rows=102 width=125)
	  Index Cond: ((id >= 9266305) AND (id <= 9266405))

table 7 : explain SELECT id, c FROM sbtest7 WHERE id BETWEEN 9266305 AND 9266405
	Index Scan using sbtest7_pkey on sbtest7  (cost=0.43..396.22 rows=100 width=125)
	  Index Cond: ((id >= 9266305) AND (id <= 9266405))

table 8 : explain SELECT id, c FROM sbtest8 WHERE id BETWEEN 9266305 AND 9266405
	Index Scan using sbtest8_pkey on sbtest8  (cost=0.43..408.62 rows=103 width=125)
	  Index Cond: ((id >= 9266305) AND (id <= 9266405))

explain: for range-notcovered :: explain SELECT id, c FROM sbtest%d WHERE id BETWEEN 9266305 AND 9266405
for range-notcovered
table 1 : explain SELECT id, c FROM sbtest1 WHERE id BETWEEN 1182996 AND 1183096
	Index Scan using sbtest1_pkey on sbtest1  (cost=0.43..430.72 rows=109 width=125)
	  Index Cond: ((id >= 1182996) AND (id <= 1183096))

table 2 : explain SELECT id, c FROM sbtest2 WHERE id BETWEEN 1182996 AND 1183096
	Index Scan using sbtest2_pkey on sbtest2  (cost=0.43..411.01 rows=104 width=125)
	  Index Cond: ((id >= 1182996) AND (id <= 1183096))

table 3 : explain SELECT id, c FROM sbtest3 WHERE id BETWEEN 1182996 AND 1183096
	Index Scan using sbtest3_pkey on sbtest3  (cost=0.43..380.61 rows=96 width=125)
	  Index Cond: ((id >= 1182996) AND (id <= 1183096))

table 4 : explain SELECT id, c FROM sbtest4 WHERE id BETWEEN 1182996 AND 1183096
	Index Scan using sbtest4_pkey on sbtest4  (cost=0.43..408.37 rows=103 width=125)
	  Index Cond: ((id >= 1182996) AND (id <= 1183096))

table 5 : explain SELECT id, c FROM sbtest5 WHERE id BETWEEN 1182996 AND 1183096
	Index Scan using sbtest5_pkey on sbtest5  (cost=0.43..412.51 rows=104 width=125)
	  Index Cond: ((id >= 1182996) AND (id <= 1183096))

table 6 : explain SELECT id, c FROM sbtest6 WHERE id BETWEEN 1182996 AND 1183096
	Index Scan using sbtest6_pkey on sbtest6  (cost=0.43..376.80 rows=95 width=125)
	  Index Cond: ((id >= 1182996) AND (id <= 1183096))

table 7 : explain SELECT id, c FROM sbtest7 WHERE id BETWEEN 1182996 AND 1183096
	Index Scan using sbtest7_pkey on sbtest7  (cost=0.43..400.13 rows=101 width=125)
	  Index Cond: ((id >= 1182996) AND (id <= 1183096))

table 8 : explain SELECT id, c FROM sbtest8 WHERE id BETWEEN 1182996 AND 1183096
	Index Scan using sbtest8_pkey on sbtest8  (cost=0.43..381.16 rows=96 width=125)
	  Index Cond: ((id >= 1182996) AND (id <= 1183096))

for range-notcovered
table 1 : explain SELECT id, c FROM sbtest1 WHERE id BETWEEN 5645827 AND 5645927
	Index Scan using sbtest1_pkey on sbtest1  (cost=0.43..364.24 rows=92 width=125)
	  Index Cond: ((id >= 5645827) AND (id <= 5645927))

table 2 : explain SELECT id, c FROM sbtest2 WHERE id BETWEEN 5645827 AND 5645927
	Index Scan using sbtest2_pkey on sbtest2  (cost=0.43..399.29 rows=101 width=125)
	  Index Cond: ((id >= 5645827) AND (id <= 5645927))

table 3 : explain SELECT id, c FROM sbtest3 WHERE id BETWEEN 5645827 AND 5645927
	Index Scan using sbtest3_pkey on sbtest3  (cost=0.43..427.61 rows=108 width=125)
	  Index Cond: ((id >= 5645827) AND (id <= 5645927))

table 4 : explain SELECT id, c FROM sbtest4 WHERE id BETWEEN 5645827 AND 5645927
	Index Scan using sbtest4_pkey on sbtest4  (cost=0.43..412.29 rows=104 width=125)
	  Index Cond: ((id >= 5645827) AND (id <= 5645927))

table 5 : explain SELECT id, c FROM sbtest5 WHERE id BETWEEN 5645827 AND 5645927
	Index Scan using sbtest5_pkey on sbtest5  (cost=0.43..369.37 rows=93 width=125)
	  Index Cond: ((id >= 5645827) AND (id <= 5645927))

table 6 : explain SELECT id, c FROM sbtest6 WHERE id BETWEEN 5645827 AND 5645927
	Index Scan using sbtest6_pkey on sbtest6  (cost=0.43..400.33 rows=101 width=125)
	  Index Cond: ((id >= 5645827) AND (id <= 5645927))

table 7 : explain SELECT id, c FROM sbtest7 WHERE id BETWEEN 5645827 AND 5645927
	Index Scan using sbtest7_pkey on sbtest7  (cost=0.43..439.29 rows=111 width=125)
	  Index Cond: ((id >= 5645827) AND (id <= 5645927))

table 8 : explain SELECT id, c FROM sbtest8 WHERE id BETWEEN 5645827 AND 5645927
	Index Scan using sbtest8_pkey on sbtest8  (cost=0.43..412.54 rows=104 width=125)
	  Index Cond: ((id >= 5645827) AND (id <= 5645927))

explain: for range-notcovered :: explain SELECT id, c FROM sbtest%d WHERE id BETWEEN 1182996 AND 1183096
for range-notcovered
table 1 : explain SELECT id, c FROM sbtest1 WHERE id BETWEEN 9266305 AND 9266405
	Index Scan using sbtest1_pkey on sbtest1  (cost=0.43..403.36 rows=102 width=125)
	  Index Cond: ((id >= 9266305) AND (id <= 9266405))

table 2 : explain SELECT id, c FROM sbtest2 WHERE id BETWEEN 9266305 AND 9266405
	Index Scan using sbtest2_pkey on sbtest2  (cost=0.43..407.10 rows=103 width=125)
	  Index Cond: ((id >= 9266305) AND (id <= 9266405))

table 3 : explain SELECT id, c FROM sbtest3 WHERE id BETWEEN 9266305 AND 9266405
	Index Scan using sbtest3_pkey on sbtest3  (cost=0.43..404.11 rows=102 width=125)
	  Index Cond: ((id >= 9266305) AND (id <= 9266405))

table 4 : explain SELECT id, c FROM sbtest4 WHERE id BETWEEN 9266305 AND 9266405
	Index Scan using sbtest4_pkey on sbtest4  (cost=0.43..408.37 rows=103 width=125)
	  Index Cond: ((id >= 9266305) AND (id <= 9266405))

table 5 : explain SELECT id, c FROM sbtest5 WHERE id BETWEEN 9266305 AND 9266405
	Index Scan using sbtest5_pkey on sbtest5  (cost=0.43..400.75 rows=101 width=125)
	  Index Cond: ((id >= 9266305) AND (id <= 9266405))

table 6 : explain SELECT id, c FROM sbtest6 WHERE id BETWEEN 9266305 AND 9266405
	Index Scan using sbtest6_pkey on sbtest6  (cost=0.43..404.25 rows=102 width=125)
	  Index Cond: ((id >= 9266305) AND (id <= 9266405))

table 7 : explain SELECT id, c FROM sbtest7 WHERE id BETWEEN 9266305 AND 9266405
	Index Scan using sbtest7_pkey on sbtest7  (cost=0.43..396.22 rows=100 width=125)
	  Index Cond: ((id >= 9266305) AND (id <= 9266405))

table 8 : explain SELECT id, c FROM sbtest8 WHERE id BETWEEN 9266305 AND 9266405
	Index Scan using sbtest8_pkey on sbtest8  (cost=0.43..408.62 rows=103 width=125)
	  Index Cond: ((id >= 9266305) AND (id <= 9266405))

explain: for range-notcovered :: explain SELECT id, c FROM sbtest%d WHERE id BETWEEN 9266305 AND 9266405
for range-notcovered
table 1 : explain SELECT id, c FROM sbtest1 WHERE id BETWEEN 7547543 AND 7547643
	Index Scan using sbtest1_pkey on sbtest1  (cost=0.43..387.72 rows=98 width=125)
	  Index Cond: ((id >= 7547543) AND (id <= 7547643))

table 2 : explain SELECT id, c FROM sbtest2 WHERE id BETWEEN 7547543 AND 7547643
	Index Scan using sbtest2_pkey on sbtest2  (cost=0.43..371.91 rows=94 width=125)
	  Index Cond: ((id >= 7547543) AND (id <= 7547643))

table 3 : explain SELECT id, c FROM sbtest3 WHERE id BETWEEN 7547543 AND 7547643
	Index Scan using sbtest3_pkey on sbtest3  (cost=0.43..384.53 rows=97 width=125)
	  Index Cond: ((id >= 7547543) AND (id <= 7547643))

table 4 : explain SELECT id, c FROM sbtest4 WHERE id BETWEEN 7547543 AND 7547643
	Index Scan using sbtest4_pkey on sbtest4  (cost=0.43..431.89 rows=109 width=125)
	  Index Cond: ((id >= 7547543) AND (id <= 7547643))

table 5 : explain SELECT id, c FROM sbtest5 WHERE id BETWEEN 7547543 AND 7547643
	Index Scan using sbtest5_pkey on sbtest5  (cost=0.43..396.82 rows=100 width=125)
	  Index Cond: ((id >= 7547543) AND (id <= 7547643))

table 6 : explain SELECT id, c FROM sbtest6 WHERE id BETWEEN 7547543 AND 7547643
	Index Scan using sbtest6_pkey on sbtest6  (cost=0.43..412.09 rows=104 width=125)
	  Index Cond: ((id >= 7547543) AND (id <= 7547643))

table 7 : explain SELECT id, c FROM sbtest7 WHERE id BETWEEN 7547543 AND 7547643
	Index Scan using sbtest7_pkey on sbtest7  (cost=0.43..415.80 rows=105 width=125)
	  Index Cond: ((id >= 7547543) AND (id <= 7547643))

table 8 : explain SELECT id, c FROM sbtest8 WHERE id BETWEEN 7547543 AND 7547643
	Index Scan using sbtest8_pkey on sbtest8  (cost=0.43..385.08 rows=97 width=125)
	  Index Cond: ((id >= 7547543) AND (id <= 7547643))

for range-notcovered
table 1 : explain SELECT id, c FROM sbtest1 WHERE id BETWEEN 1182996 AND 1183096
	Index Scan using sbtest1_pkey on sbtest1  (cost=0.43..430.72 rows=109 width=125)
	  Index Cond: ((id >= 1182996) AND (id <= 1183096))

table 2 : explain SELECT id, c FROM sbtest2 WHERE id BETWEEN 1182996 AND 1183096
	Index Scan using sbtest2_pkey on sbtest2  (cost=0.43..411.01 rows=104 width=125)
	  Index Cond: ((id >= 1182996) AND (id <= 1183096))

table 3 : explain SELECT id, c FROM sbtest3 WHERE id BETWEEN 1182996 AND 1183096
	Index Scan using sbtest3_pkey on sbtest3  (cost=0.43..380.61 rows=96 width=125)
	  Index Cond: ((id >= 1182996) AND (id <= 1183096))

table 4 : explain SELECT id, c FROM sbtest4 WHERE id BETWEEN 1182996 AND 1183096
	Index Scan using sbtest4_pkey on sbtest4  (cost=0.43..408.37 rows=103 width=125)
	  Index Cond: ((id >= 1182996) AND (id <= 1183096))

table 5 : explain SELECT id, c FROM sbtest5 WHERE id BETWEEN 1182996 AND 1183096
	Index Scan using sbtest5_pkey on sbtest5  (cost=0.43..412.51 rows=104 width=125)
	  Index Cond: ((id >= 1182996) AND (id <= 1183096))

table 6 : explain SELECT id, c FROM sbtest6 WHERE id BETWEEN 1182996 AND 1183096
	Index Scan using sbtest6_pkey on sbtest6  (cost=0.43..376.80 rows=95 width=125)
	  Index Cond: ((id >= 1182996) AND (id <= 1183096))

table 7 : explain SELECT id, c FROM sbtest7 WHERE id BETWEEN 1182996 AND 1183096
	Index Scan using sbtest7_pkey on sbtest7  (cost=0.43..400.13 rows=101 width=125)
	  Index Cond: ((id >= 1182996) AND (id <= 1183096))

table 8 : explain SELECT id, c FROM sbtest8 WHERE id BETWEEN 1182996 AND 1183096
	Index Scan using sbtest8_pkey on sbtest8  (cost=0.43..381.16 rows=96 width=125)
	  Index Cond: ((id >= 1182996) AND (id <= 1183096))

explain: for range-notcovered :: explain SELECT id, c FROM sbtest%d WHERE id BETWEEN 1182996 AND 1183096
explain: for range-notcovered :: explain SELECT id, c FROM sbtest%d WHERE id BETWEEN 7547543 AND 7547643
explain: for range-notcovered :: explain SELECT id, c FROM sbtest%d WHERE id BETWEEN 4880841 AND 4880941
for range-notcovered
table 1 : explain SELECT id, c FROM sbtest1 WHERE id BETWEEN 3661761 AND 3661861
	Index Scan using sbtest1_pkey on sbtest1  (cost=0.43..387.72 rows=98 width=125)
	  Index Cond: ((id >= 3661761) AND (id <= 3661861))

table 2 : explain SELECT id, c FROM sbtest2 WHERE id BETWEEN 3661761 AND 3661861
	Index Scan using sbtest2_pkey on sbtest2  (cost=0.43..383.63 rows=97 width=125)
	  Index Cond: ((id >= 3661761) AND (id <= 3661861))

table 3 : explain SELECT id, c FROM sbtest3 WHERE id BETWEEN 3661761 AND 3661861
	Index Scan using sbtest3_pkey on sbtest3  (cost=0.43..408.03 rows=103 width=125)
	  Index Cond: ((id >= 3661761) AND (id <= 3661861))

table 4 : explain SELECT id, c FROM sbtest4 WHERE id BETWEEN 3661761 AND 3661861
	Index Scan using sbtest4_pkey on sbtest4  (cost=0.43..365.25 rows=92 width=125)
	  Index Cond: ((id >= 3661761) AND (id <= 3661861))

table 5 : explain SELECT id, c FROM sbtest5 WHERE id BETWEEN 3661761 AND 3661861
	Index Scan using sbtest5_pkey on sbtest5  (cost=0.43..392.90 rows=99 width=125)
	  Index Cond: ((id >= 3661761) AND (id <= 3661861))

table 6 : explain SELECT id, c FROM sbtest6 WHERE id BETWEEN 3661761 AND 3661861
	Index Scan using sbtest6_pkey on sbtest6  (cost=0.43..400.33 rows=101 width=125)
	  Index Cond: ((id >= 3661761) AND (id <= 3661861))

table 7 : explain SELECT id, c FROM sbtest7 WHERE id BETWEEN 3661761 AND 3661861
	Index Scan using sbtest7_pkey on sbtest7  (cost=0.43..400.13 rows=101 width=125)
	  Index Cond: ((id >= 3661761) AND (id <= 3661861))

table 8 : explain SELECT id, c FROM sbtest8 WHERE id BETWEEN 3661761 AND 3661861
	Index Scan using sbtest8_pkey on sbtest8  (cost=0.43..443.92 rows=112 width=125)
	  Index Cond: ((id >= 3661761) AND (id <= 3661861))

explain: for range-notcovered :: explain SELECT id, c FROM sbtest%d WHERE id BETWEEN 3661761 AND 3661861
explain: for range-notcovered :: explain SELECT id, c FROM sbtest%d WHERE id BETWEEN 6037720 AND 6037820
for range-notcovered
table 1 : explain SELECT id, c FROM sbtest1 WHERE id BETWEEN 7547543 AND 7547643
	Index Scan using sbtest1_pkey on sbtest1  (cost=0.43..387.72 rows=98 width=125)
	  Index Cond: ((id >= 7547543) AND (id <= 7547643))

table 2 : explain SELECT id, c FROM sbtest2 WHERE id BETWEEN 7547543 AND 7547643
	Index Scan using sbtest2_pkey on sbtest2  (cost=0.43..371.91 rows=94 width=125)
	  Index Cond: ((id >= 7547543) AND (id <= 7547643))

table 3 : explain SELECT id, c FROM sbtest3 WHERE id BETWEEN 7547543 AND 7547643
	Index Scan using sbtest3_pkey on sbtest3  (cost=0.43..384.53 rows=97 width=125)
	  Index Cond: ((id >= 7547543) AND (id <= 7547643))

table 4 : explain SELECT id, c FROM sbtest4 WHERE id BETWEEN 7547543 AND 7547643
	Index Scan using sbtest4_pkey on sbtest4  (cost=0.43..431.89 rows=109 width=125)
	  Index Cond: ((id >= 7547543) AND (id <= 7547643))

table 5 : explain SELECT id, c FROM sbtest5 WHERE id BETWEEN 7547543 AND 7547643
	Index Scan using sbtest5_pkey on sbtest5  (cost=0.43..396.82 rows=100 width=125)
	  Index Cond: ((id >= 7547543) AND (id <= 7547643))

table 6 : explain SELECT id, c FROM sbtest6 WHERE id BETWEEN 7547543 AND 7547643
	Index Scan using sbtest6_pkey on sbtest6  (cost=0.43..412.09 rows=104 width=125)
	  Index Cond: ((id >= 7547543) AND (id <= 7547643))

table 7 : explain SELECT id, c FROM sbtest7 WHERE id BETWEEN 7547543 AND 7547643
	Index Scan using sbtest7_pkey on sbtest7  (cost=0.43..415.80 rows=105 width=125)
	  Index Cond: ((id >= 7547543) AND (id <= 7547643))

table 8 : explain SELECT id, c FROM sbtest8 WHERE id BETWEEN 7547543 AND 7547643
	Index Scan using sbtest8_pkey on sbtest8  (cost=0.43..385.08 rows=97 width=125)
	  Index Cond: ((id >= 7547543) AND (id <= 7547643))

explain: for range-notcovered :: explain SELECT id, c FROM sbtest%d WHERE id BETWEEN 5686192 AND 5686292
explain: for range-notcovered :: explain SELECT id, c FROM sbtest%d WHERE id BETWEEN 7547543 AND 7547643
for range-notcovered
table 1 : explain SELECT id, c FROM sbtest1 WHERE id BETWEEN 3661761 AND 3661861
	Index Scan using sbtest1_pkey on sbtest1  (cost=0.43..387.72 rows=98 width=125)
	  Index Cond: ((id >= 3661761) AND (id <= 3661861))

table 2 : explain SELECT id, c FROM sbtest2 WHERE id BETWEEN 3661761 AND 3661861
	Index Scan using sbtest2_pkey on sbtest2  (cost=0.43..383.63 rows=97 width=125)
	  Index Cond: ((id >= 3661761) AND (id <= 3661861))

table 3 : explain SELECT id, c FROM sbtest3 WHERE id BETWEEN 3661761 AND 3661861
	Index Scan using sbtest3_pkey on sbtest3  (cost=0.43..408.03 rows=103 width=125)
	  Index Cond: ((id >= 3661761) AND (id <= 3661861))

table 4 : explain SELECT id, c FROM sbtest4 WHERE id BETWEEN 3661761 AND 3661861
	Index Scan using sbtest4_pkey on sbtest4  (cost=0.43..365.25 rows=92 width=125)
	  Index Cond: ((id >= 3661761) AND (id <= 3661861))

table 5 : explain SELECT id, c FROM sbtest5 WHERE id BETWEEN 3661761 AND 3661861
	Index Scan using sbtest5_pkey on sbtest5  (cost=0.43..392.90 rows=99 width=125)
	  Index Cond: ((id >= 3661761) AND (id <= 3661861))

table 6 : explain SELECT id, c FROM sbtest6 WHERE id BETWEEN 3661761 AND 3661861
	Index Scan using sbtest6_pkey on sbtest6  (cost=0.43..400.33 rows=101 width=125)
	  Index Cond: ((id >= 3661761) AND (id <= 3661861))

table 7 : explain SELECT id, c FROM sbtest7 WHERE id BETWEEN 3661761 AND 3661861
	Index Scan using sbtest7_pkey on sbtest7  (cost=0.43..400.13 rows=101 width=125)
	  Index Cond: ((id >= 3661761) AND (id <= 3661861))

table 8 : explain SELECT id, c FROM sbtest8 WHERE id BETWEEN 3661761 AND 3661861
	Index Scan using sbtest8_pkey on sbtest8  (cost=0.43..443.92 rows=112 width=125)
	  Index Cond: ((id >= 3661761) AND (id <= 3661861))

for range-notcovered
table 1 : explain SELECT id, c FROM sbtest1 WHERE id BETWEEN 6117657 AND 6117757
	Index Scan using sbtest1_pkey on sbtest1  (cost=0.43..387.72 rows=98 width=125)
	  Index Cond: ((id >= 6117657) AND (id <= 6117757))

table 2 : explain SELECT id, c FROM sbtest2 WHERE id BETWEEN 6117657 AND 6117757
	Index Scan using sbtest2_pkey on sbtest2  (cost=0.43..379.72 rows=96 width=125)
	  Index Cond: ((id >= 6117657) AND (id <= 6117757))

table 3 : explain SELECT id, c FROM sbtest3 WHERE id BETWEEN 6117657 AND 6117757
	Index Scan using sbtest3_pkey on sbtest3  (cost=0.43..411.94 rows=104 width=125)
	  Index Cond: ((id >= 6117657) AND (id <= 6117757))

table 4 : explain SELECT id, c FROM sbtest4 WHERE id BETWEEN 6117657 AND 6117757
	Index Scan using sbtest4_pkey on sbtest4  (cost=0.43..439.73 rows=111 width=125)
	  Index Cond: ((id >= 6117657) AND (id <= 6117757))

table 5 : explain SELECT id, c FROM sbtest5 WHERE id BETWEEN 6117657 AND 6117757
	Index Scan using sbtest5_pkey on sbtest5  (cost=0.43..404.67 rows=102 width=125)
	  Index Cond: ((id >= 6117657) AND (id <= 6117757))

table 6 : explain SELECT id, c FROM sbtest6 WHERE id BETWEEN 6117657 AND 6117757
	Index Scan using sbtest6_pkey on sbtest6  (cost=0.43..365.04 rows=92 width=125)
	  Index Cond: ((id >= 6117657) AND (id <= 6117757))

table 7 : explain SELECT id, c FROM sbtest7 WHERE id BETWEEN 6117657 AND 6117757
	Index Scan using sbtest7_pkey on sbtest7  (cost=0.43..431.46 rows=109 width=125)
	  Index Cond: ((id >= 6117657) AND (id <= 6117757))

table 8 : explain SELECT id, c FROM sbtest8 WHERE id BETWEEN 6117657 AND 6117757
	Index Scan using sbtest8_pkey on sbtest8  (cost=0.43..404.70 rows=102 width=125)
	  Index Cond: ((id >= 6117657) AND (id <= 6117757))

explain: for range-notcovered :: explain SELECT id, c FROM sbtest%d WHERE id BETWEEN 3661761 AND 3661861
for range-notcovered
table 1 : explain SELECT id, c FROM sbtest1 WHERE id BETWEEN 7547543 AND 7547643
	Index Scan using sbtest1_pkey on sbtest1  (cost=0.43..387.72 rows=98 width=125)
	  Index Cond: ((id >= 7547543) AND (id <= 7547643))

table 2 : explain SELECT id, c FROM sbtest2 WHERE id BETWEEN 7547543 AND 7547643
	Index Scan using sbtest2_pkey on sbtest2  (cost=0.43..371.91 rows=94 width=125)
	  Index Cond: ((id >= 7547543) AND (id <= 7547643))

table 3 : explain SELECT id, c FROM sbtest3 WHERE id BETWEEN 7547543 AND 7547643
	Index Scan using sbtest3_pkey on sbtest3  (cost=0.43..384.53 rows=97 width=125)
	  Index Cond: ((id >= 7547543) AND (id <= 7547643))

table 4 : explain SELECT id, c FROM sbtest4 WHERE id BETWEEN 7547543 AND 7547643
	Index Scan using sbtest4_pkey on sbtest4  (cost=0.43..431.89 rows=109 width=125)
	  Index Cond: ((id >= 7547543) AND (id <= 7547643))

table 5 : explain SELECT id, c FROM sbtest5 WHERE id BETWEEN 7547543 AND 7547643
	Index Scan using sbtest5_pkey on sbtest5  (cost=0.43..396.82 rows=100 width=125)
	  Index Cond: ((id >= 7547543) AND (id <= 7547643))

table 6 : explain SELECT id, c FROM sbtest6 WHERE id BETWEEN 7547543 AND 7547643
	Index Scan using sbtest6_pkey on sbtest6  (cost=0.43..412.09 rows=104 width=125)
	  Index Cond: ((id >= 7547543) AND (id <= 7547643))

table 7 : explain SELECT id, c FROM sbtest7 WHERE id BETWEEN 7547543 AND 7547643
	Index Scan using sbtest7_pkey on sbtest7  (cost=0.43..415.80 rows=105 width=125)
	  Index Cond: ((id >= 7547543) AND (id <= 7547643))

table 8 : explain SELECT id, c FROM sbtest8 WHERE id BETWEEN 7547543 AND 7547643
	Index Scan using sbtest8_pkey on sbtest8  (cost=0.43..385.08 rows=97 width=125)
	  Index Cond: ((id >= 7547543) AND (id <= 7547643))

explain: for range-notcovered :: explain SELECT id, c FROM sbtest%d WHERE id BETWEEN 7547543 AND 7547643
for range-notcovered
table 1 : explain SELECT id, c FROM sbtest1 WHERE id BETWEEN 9266305 AND 9266405
	Index Scan using sbtest1_pkey on sbtest1  (cost=0.43..403.36 rows=102 width=125)
	  Index Cond: ((id >= 9266305) AND (id <= 9266405))

table 2 : explain SELECT id, c FROM sbtest2 WHERE id BETWEEN 9266305 AND 9266405
	Index Scan using sbtest2_pkey on sbtest2  (cost=0.43..407.10 rows=103 width=125)
	  Index Cond: ((id >= 9266305) AND (id <= 9266405))

table 3 : explain SELECT id, c FROM sbtest3 WHERE id BETWEEN 9266305 AND 9266405
	Index Scan using sbtest3_pkey on sbtest3  (cost=0.43..404.11 rows=102 width=125)
	  Index Cond: ((id >= 9266305) AND (id <= 9266405))

table 4 : explain SELECT id, c FROM sbtest4 WHERE id BETWEEN 9266305 AND 9266405
	Index Scan using sbtest4_pkey on sbtest4  (cost=0.43..408.37 rows=103 width=125)
	  Index Cond: ((id >= 9266305) AND (id <= 9266405))

table 5 : explain SELECT id, c FROM sbtest5 WHERE id BETWEEN 9266305 AND 9266405
	Index Scan using sbtest5_pkey on sbtest5  (cost=0.43..400.75 rows=101 width=125)
	  Index Cond: ((id >= 9266305) AND (id <= 9266405))

table 6 : explain SELECT id, c FROM sbtest6 WHERE id BETWEEN 9266305 AND 9266405
	Index Scan using sbtest6_pkey on sbtest6  (cost=0.43..404.25 rows=102 width=125)
	  Index Cond: ((id >= 9266305) AND (id <= 9266405))

table 7 : explain SELECT id, c FROM sbtest7 WHERE id BETWEEN 9266305 AND 9266405
	Index Scan using sbtest7_pkey on sbtest7  (cost=0.43..396.22 rows=100 width=125)
	  Index Cond: ((id >= 9266305) AND (id <= 9266405))

table 8 : explain SELECT id, c FROM sbtest8 WHERE id BETWEEN 9266305 AND 9266405
	Index Scan using sbtest8_pkey on sbtest8  (cost=0.43..408.62 rows=103 width=125)
	  Index Cond: ((id >= 9266305) AND (id <= 9266405))

explain: for range-notcovered :: explain SELECT id, c FROM sbtest%d WHERE id BETWEEN 6117657 AND 6117757
for range-notcovered
table 1 : explain SELECT id, c FROM sbtest1 WHERE id BETWEEN 7547543 AND 7547643
	Index Scan using sbtest1_pkey on sbtest1  (cost=0.43..387.72 rows=98 width=125)
	  Index Cond: ((id >= 7547543) AND (id <= 7547643))

table 2 : explain SELECT id, c FROM sbtest2 WHERE id BETWEEN 7547543 AND 7547643
	Index Scan using sbtest2_pkey on sbtest2  (cost=0.43..371.91 rows=94 width=125)
	  Index Cond: ((id >= 7547543) AND (id <= 7547643))

table 3 : explain SELECT id, c FROM sbtest3 WHERE id BETWEEN 7547543 AND 7547643
	Index Scan using sbtest3_pkey on sbtest3  (cost=0.43..384.53 rows=97 width=125)
	  Index Cond: ((id >= 7547543) AND (id <= 7547643))

table 4 : explain SELECT id, c FROM sbtest4 WHERE id BETWEEN 7547543 AND 7547643
	Index Scan using sbtest4_pkey on sbtest4  (cost=0.43..431.89 rows=109 width=125)
	  Index Cond: ((id >= 7547543) AND (id <= 7547643))

table 5 : explain SELECT id, c FROM sbtest5 WHERE id BETWEEN 7547543 AND 7547643
	Index Scan using sbtest5_pkey on sbtest5  (cost=0.43..396.82 rows=100 width=125)
	  Index Cond: ((id >= 7547543) AND (id <= 7547643))

table 6 : explain SELECT id, c FROM sbtest6 WHERE id BETWEEN 7547543 AND 7547643
	Index Scan using sbtest6_pkey on sbtest6  (cost=0.43..412.09 rows=104 width=125)
	  Index Cond: ((id >= 7547543) AND (id <= 7547643))

table 7 : explain SELECT id, c FROM sbtest7 WHERE id BETWEEN 7547543 AND 7547643
	Index Scan using sbtest7_pkey on sbtest7  (cost=0.43..415.80 rows=105 width=125)
	  Index Cond: ((id >= 7547543) AND (id <= 7547643))

table 8 : explain SELECT id, c FROM sbtest8 WHERE id BETWEEN 7547543 AND 7547643
	Index Scan using sbtest8_pkey on sbtest8  (cost=0.43..385.08 rows=97 width=125)
	  Index Cond: ((id >= 7547543) AND (id <= 7547643))

for range-notcovered
table 1 : explain SELECT id, c FROM sbtest1 WHERE id BETWEEN 3661761 AND 3661861
	Index Scan using sbtest1_pkey on sbtest1  (cost=0.43..387.72 rows=98 width=125)
	  Index Cond: ((id >= 3661761) AND (id <= 3661861))

table 2 : explain SELECT id, c FROM sbtest2 WHERE id BETWEEN 3661761 AND 3661861
	Index Scan using sbtest2_pkey on sbtest2  (cost=0.43..383.63 rows=97 width=125)
	  Index Cond: ((id >= 3661761) AND (id <= 3661861))

table 3 : explain SELECT id, c FROM sbtest3 WHERE id BETWEEN 3661761 AND 3661861
	Index Scan using sbtest3_pkey on sbtest3  (cost=0.43..408.03 rows=103 width=125)
	  Index Cond: ((id >= 3661761) AND (id <= 3661861))

table 4 : explain SELECT id, c FROM sbtest4 WHERE id BETWEEN 3661761 AND 3661861
	Index Scan using sbtest4_pkey on sbtest4  (cost=0.43..365.25 rows=92 width=125)
	  Index Cond: ((id >= 3661761) AND (id <= 3661861))

table 5 : explain SELECT id, c FROM sbtest5 WHERE id BETWEEN 3661761 AND 3661861
	Index Scan using sbtest5_pkey on sbtest5  (cost=0.43..392.90 rows=99 width=125)
	  Index Cond: ((id >= 3661761) AND (id <= 3661861))

table 6 : explain SELECT id, c FROM sbtest6 WHERE id BETWEEN 3661761 AND 3661861
	Index Scan using sbtest6_pkey on sbtest6  (cost=0.43..400.33 rows=101 width=125)
	  Index Cond: ((id >= 3661761) AND (id <= 3661861))

table 7 : explain SELECT id, c FROM sbtest7 WHERE id BETWEEN 3661761 AND 3661861
	Index Scan using sbtest7_pkey on sbtest7  (cost=0.43..400.13 rows=101 width=125)
	  Index Cond: ((id >= 3661761) AND (id <= 3661861))

table 8 : explain SELECT id, c FROM sbtest8 WHERE id BETWEEN 3661761 AND 3661861
	Index Scan using sbtest8_pkey on sbtest8  (cost=0.43..443.92 rows=112 width=125)
	  Index Cond: ((id >= 3661761) AND (id <= 3661861))

explain: for range-notcovered :: explain SELECT id, c FROM sbtest%d WHERE id BETWEEN 7547543 AND 7547643
explain: for range-notcovered :: explain SELECT id, c FROM sbtest%d WHERE id BETWEEN 3661761 AND 3661861
for range-notcovered
table 1 : explain SELECT id, c FROM sbtest1 WHERE id BETWEEN 7547543 AND 7547643
	Index Scan using sbtest1_pkey on sbtest1  (cost=0.43..387.72 rows=98 width=125)
	  Index Cond: ((id >= 7547543) AND (id <= 7547643))

table 2 : explain SELECT id, c FROM sbtest2 WHERE id BETWEEN 7547543 AND 7547643
	Index Scan using sbtest2_pkey on sbtest2  (cost=0.43..371.91 rows=94 width=125)
	  Index Cond: ((id >= 7547543) AND (id <= 7547643))

table 3 : explain SELECT id, c FROM sbtest3 WHERE id BETWEEN 7547543 AND 7547643
	Index Scan using sbtest3_pkey on sbtest3  (cost=0.43..384.53 rows=97 width=125)
	  Index Cond: ((id >= 7547543) AND (id <= 7547643))

table 4 : explain SELECT id, c FROM sbtest4 WHERE id BETWEEN 7547543 AND 7547643
	Index Scan using sbtest4_pkey on sbtest4  (cost=0.43..431.89 rows=109 width=125)
	  Index Cond: ((id >= 7547543) AND (id <= 7547643))

table 5 : explain SELECT id, c FROM sbtest5 WHERE id BETWEEN 7547543 AND 7547643
	Index Scan using sbtest5_pkey on sbtest5  (cost=0.43..396.82 rows=100 width=125)
	  Index Cond: ((id >= 7547543) AND (id <= 7547643))

table 6 : explain SELECT id, c FROM sbtest6 WHERE id BETWEEN 7547543 AND 7547643
	Index Scan using sbtest6_pkey on sbtest6  (cost=0.43..412.09 rows=104 width=125)
	  Index Cond: ((id >= 7547543) AND (id <= 7547643))

table 7 : explain SELECT id, c FROM sbtest7 WHERE id BETWEEN 7547543 AND 7547643
	Index Scan using sbtest7_pkey on sbtest7  (cost=0.43..415.80 rows=105 width=125)
	  Index Cond: ((id >= 7547543) AND (id <= 7547643))

table 8 : explain SELECT id, c FROM sbtest8 WHERE id BETWEEN 7547543 AND 7547643
	Index Scan using sbtest8_pkey on sbtest8  (cost=0.43..385.08 rows=97 width=125)
	  Index Cond: ((id >= 7547543) AND (id <= 7547643))

for range-notcovered
table 1 : explain SELECT id, c FROM sbtest1 WHERE id BETWEEN 1182996 AND 1183096
	Index Scan using sbtest1_pkey on sbtest1  (cost=0.43..430.72 rows=109 width=125)
	  Index Cond: ((id >= 1182996) AND (id <= 1183096))

table 2 : explain SELECT id, c FROM sbtest2 WHERE id BETWEEN 1182996 AND 1183096
	Index Scan using sbtest2_pkey on sbtest2  (cost=0.43..411.01 rows=104 width=125)
	  Index Cond: ((id >= 1182996) AND (id <= 1183096))

table 3 : explain SELECT id, c FROM sbtest3 WHERE id BETWEEN 1182996 AND 1183096
	Index Scan using sbtest3_pkey on sbtest3  (cost=0.43..380.61 rows=96 width=125)
	  Index Cond: ((id >= 1182996) AND (id <= 1183096))

table 4 : explain SELECT id, c FROM sbtest4 WHERE id BETWEEN 1182996 AND 1183096
	Index Scan using sbtest4_pkey on sbtest4  (cost=0.43..408.37 rows=103 width=125)
	  Index Cond: ((id >= 1182996) AND (id <= 1183096))

table 5 : explain SELECT id, c FROM sbtest5 WHERE id BETWEEN 1182996 AND 1183096
	Index Scan using sbtest5_pkey on sbtest5  (cost=0.43..412.51 rows=104 width=125)
	  Index Cond: ((id >= 1182996) AND (id <= 1183096))

table 6 : explain SELECT id, c FROM sbtest6 WHERE id BETWEEN 1182996 AND 1183096
	Index Scan using sbtest6_pkey on sbtest6  (cost=0.43..376.80 rows=95 width=125)
	  Index Cond: ((id >= 1182996) AND (id <= 1183096))

table 7 : explain SELECT id, c FROM sbtest7 WHERE id BETWEEN 1182996 AND 1183096
	Index Scan using sbtest7_pkey on sbtest7  (cost=0.43..400.13 rows=101 width=125)
	  Index Cond: ((id >= 1182996) AND (id <= 1183096))

table 8 : explain SELECT id, c FROM sbtest8 WHERE id BETWEEN 1182996 AND 1183096
	Index Scan using sbtest8_pkey on sbtest8  (cost=0.43..381.16 rows=96 width=125)
	  Index Cond: ((id >= 1182996) AND (id <= 1183096))

explain: for range-notcovered :: explain SELECT id, c FROM sbtest%d WHERE id BETWEEN 7547543 AND 7547643
for range-notcovered
table 1 : explain SELECT id, c FROM sbtest1 WHERE id BETWEEN 6117657 AND 6117757
	Index Scan using sbtest1_pkey on sbtest1  (cost=0.43..387.72 rows=98 width=125)
	  Index Cond: ((id >= 6117657) AND (id <= 6117757))

table 2 : explain SELECT id, c FROM sbtest2 WHERE id BETWEEN 6117657 AND 6117757
	Index Scan using sbtest2_pkey on sbtest2  (cost=0.43..379.72 rows=96 width=125)
	  Index Cond: ((id >= 6117657) AND (id <= 6117757))

table 3 : explain SELECT id, c FROM sbtest3 WHERE id BETWEEN 6117657 AND 6117757
	Index Scan using sbtest3_pkey on sbtest3  (cost=0.43..411.94 rows=104 width=125)
	  Index Cond: ((id >= 6117657) AND (id <= 6117757))

table 4 : explain SELECT id, c FROM sbtest4 WHERE id BETWEEN 6117657 AND 6117757
	Index Scan using sbtest4_pkey on sbtest4  (cost=0.43..439.73 rows=111 width=125)
	  Index Cond: ((id >= 6117657) AND (id <= 6117757))

table 5 : explain SELECT id, c FROM sbtest5 WHERE id BETWEEN 6117657 AND 6117757
	Index Scan using sbtest5_pkey on sbtest5  (cost=0.43..404.67 rows=102 width=125)
	  Index Cond: ((id >= 6117657) AND (id <= 6117757))

table 6 : explain SELECT id, c FROM sbtest6 WHERE id BETWEEN 6117657 AND 6117757
	Index Scan using sbtest6_pkey on sbtest6  (cost=0.43..365.04 rows=92 width=125)
	  Index Cond: ((id >= 6117657) AND (id <= 6117757))

table 7 : explain SELECT id, c FROM sbtest7 WHERE id BETWEEN 6117657 AND 6117757
	Index Scan using sbtest7_pkey on sbtest7  (cost=0.43..431.46 rows=109 width=125)
	  Index Cond: ((id >= 6117657) AND (id <= 6117757))

table 8 : explain SELECT id, c FROM sbtest8 WHERE id BETWEEN 6117657 AND 6117757
	Index Scan using sbtest8_pkey on sbtest8  (cost=0.43..404.70 rows=102 width=125)
	  Index Cond: ((id >= 6117657) AND (id <= 6117757))

explain: for range-notcovered :: explain SELECT id, c FROM sbtest%d WHERE id BETWEEN 6117657 AND 6117757
for range-notcovered
table 1 : explain SELECT id, c FROM sbtest1 WHERE id BETWEEN 3661761 AND 3661861
	Index Scan using sbtest1_pkey on sbtest1  (cost=0.43..387.72 rows=98 width=125)
	  Index Cond: ((id >= 3661761) AND (id <= 3661861))

table 2 : explain SELECT id, c FROM sbtest2 WHERE id BETWEEN 3661761 AND 3661861
	Index Scan using sbtest2_pkey on sbtest2  (cost=0.43..383.63 rows=97 width=125)
	  Index Cond: ((id >= 3661761) AND (id <= 3661861))

table 3 : explain SELECT id, c FROM sbtest3 WHERE id BETWEEN 3661761 AND 3661861
	Index Scan using sbtest3_pkey on sbtest3  (cost=0.43..408.03 rows=103 width=125)
	  Index Cond: ((id >= 3661761) AND (id <= 3661861))

table 4 : explain SELECT id, c FROM sbtest4 WHERE id BETWEEN 3661761 AND 3661861
	Index Scan using sbtest4_pkey on sbtest4  (cost=0.43..365.25 rows=92 width=125)
	  Index Cond: ((id >= 3661761) AND (id <= 3661861))

table 5 : explain SELECT id, c FROM sbtest5 WHERE id BETWEEN 3661761 AND 3661861
	Index Scan using sbtest5_pkey on sbtest5  (cost=0.43..392.90 rows=99 width=125)
	  Index Cond: ((id >= 3661761) AND (id <= 3661861))

table 6 : explain SELECT id, c FROM sbtest6 WHERE id BETWEEN 3661761 AND 3661861
	Index Scan using sbtest6_pkey on sbtest6  (cost=0.43..400.33 rows=101 width=125)
	  Index Cond: ((id >= 3661761) AND (id <= 3661861))

table 7 : explain SELECT id, c FROM sbtest7 WHERE id BETWEEN 3661761 AND 3661861
	Index Scan using sbtest7_pkey on sbtest7  (cost=0.43..400.13 rows=101 width=125)
	  Index Cond: ((id >= 3661761) AND (id <= 3661861))

table 8 : explain SELECT id, c FROM sbtest8 WHERE id BETWEEN 3661761 AND 3661861
	Index Scan using sbtest8_pkey on sbtest8  (cost=0.43..443.92 rows=112 width=125)
	  Index Cond: ((id >= 3661761) AND (id <= 3661861))

explain: for range-notcovered :: explain SELECT id, c FROM sbtest%d WHERE id BETWEEN 3661761 AND 3661861
for range-notcovered
table 1 : explain SELECT id, c FROM sbtest1 WHERE id BETWEEN 5686192 AND 5686292
	Index Scan using sbtest1_pkey on sbtest1  (cost=0.43..364.24 rows=92 width=125)
	  Index Cond: ((id >= 5686192) AND (id <= 5686292))

table 2 : explain SELECT id, c FROM sbtest2 WHERE id BETWEEN 5686192 AND 5686292
	Index Scan using sbtest2_pkey on sbtest2  (cost=0.43..430.55 rows=109 width=125)
	  Index Cond: ((id >= 5686192) AND (id <= 5686292))

table 3 : explain SELECT id, c FROM sbtest3 WHERE id BETWEEN 5686192 AND 5686292
	Index Scan using sbtest3_pkey on sbtest3  (cost=0.43..427.61 rows=108 width=125)
	  Index Cond: ((id >= 5686192) AND (id <= 5686292))

table 4 : explain SELECT id, c FROM sbtest4 WHERE id BETWEEN 5686192 AND 5686292
	Index Scan using sbtest4_pkey on sbtest4  (cost=0.43..412.29 rows=104 width=125)
	  Index Cond: ((id >= 5686192) AND (id <= 5686292))

table 5 : explain SELECT id, c FROM sbtest5 WHERE id BETWEEN 5686192 AND 5686292
	Index Scan using sbtest5_pkey on sbtest5  (cost=0.43..369.37 rows=93 width=125)
	  Index Cond: ((id >= 5686192) AND (id <= 5686292))

table 6 : explain SELECT id, c FROM sbtest6 WHERE id BETWEEN 5686192 AND 5686292
	Index Scan using sbtest6_pkey on sbtest6  (cost=0.43..368.96 rows=93 width=125)
	  Index Cond: ((id >= 5686192) AND (id <= 5686292))

table 7 : explain SELECT id, c FROM sbtest7 WHERE id BETWEEN 5686192 AND 5686292
	Index Scan using sbtest7_pkey on sbtest7  (cost=0.43..357.03 rows=90 width=125)
	  Index Cond: ((id >= 5686192) AND (id <= 5686292))

table 8 : explain SELECT id, c FROM sbtest8 WHERE id BETWEEN 5686192 AND 5686292
	Index Scan using sbtest8_pkey on sbtest8  (cost=0.43..416.46 rows=105 width=125)
	  Index Cond: ((id >= 5686192) AND (id <= 5686292))

explain: for range-notcovered :: explain SELECT id, c FROM sbtest%d WHERE id BETWEEN 5686192 AND 5686292
explain: for range-notcovered :: explain SELECT id, c FROM sbtest%d WHERE id BETWEEN 4304088 AND 4304188
for range-notcovered
table 1 : explain SELECT id, c FROM sbtest1 WHERE id BETWEEN 7547543 AND 7547643
	Index Scan using sbtest1_pkey on sbtest1  (cost=0.43..387.72 rows=98 width=125)
	  Index Cond: ((id >= 7547543) AND (id <= 7547643))

table 2 : explain SELECT id, c FROM sbtest2 WHERE id BETWEEN 7547543 AND 7547643
	Index Scan using sbtest2_pkey on sbtest2  (cost=0.43..371.91 rows=94 width=125)
	  Index Cond: ((id >= 7547543) AND (id <= 7547643))

table 3 : explain SELECT id, c FROM sbtest3 WHERE id BETWEEN 7547543 AND 7547643
	Index Scan using sbtest3_pkey on sbtest3  (cost=0.43..384.53 rows=97 width=125)
	  Index Cond: ((id >= 7547543) AND (id <= 7547643))

table 4 : explain SELECT id, c FROM sbtest4 WHERE id BETWEEN 7547543 AND 7547643
	Index Scan using sbtest4_pkey on sbtest4  (cost=0.43..431.89 rows=109 width=125)
	  Index Cond: ((id >= 7547543) AND (id <= 7547643))

table 5 : explain SELECT id, c FROM sbtest5 WHERE id BETWEEN 7547543 AND 7547643
	Index Scan using sbtest5_pkey on sbtest5  (cost=0.43..396.82 rows=100 width=125)
	  Index Cond: ((id >= 7547543) AND (id <= 7547643))

table 6 : explain SELECT id, c FROM sbtest6 WHERE id BETWEEN 7547543 AND 7547643
	Index Scan using sbtest6_pkey on sbtest6  (cost=0.43..412.09 rows=104 width=125)
	  Index Cond: ((id >= 7547543) AND (id <= 7547643))

table 7 : explain SELECT id, c FROM sbtest7 WHERE id BETWEEN 7547543 AND 7547643
	Index Scan using sbtest7_pkey on sbtest7  (cost=0.43..415.80 rows=105 width=125)
	  Index Cond: ((id >= 7547543) AND (id <= 7547643))

table 8 : explain SELECT id, c FROM sbtest8 WHERE id BETWEEN 7547543 AND 7547643
	Index Scan using sbtest8_pkey on sbtest8  (cost=0.43..385.08 rows=97 width=125)
	  Index Cond: ((id >= 7547543) AND (id <= 7547643))

explain: for range-notcovered :: explain SELECT id, c FROM sbtest%d WHERE id BETWEEN 7547543 AND 7547643
for range-notcovered
table 1 : explain SELECT id, c FROM sbtest1 WHERE id BETWEEN 3661761 AND 3661861
	Index Scan using sbtest1_pkey on sbtest1  (cost=0.43..387.72 rows=98 width=125)
	  Index Cond: ((id >= 3661761) AND (id <= 3661861))

table 2 : explain SELECT id, c FROM sbtest2 WHERE id BETWEEN 3661761 AND 3661861
	Index Scan using sbtest2_pkey on sbtest2  (cost=0.43..383.63 rows=97 width=125)
	  Index Cond: ((id >= 3661761) AND (id <= 3661861))

table 3 : explain SELECT id, c FROM sbtest3 WHERE id BETWEEN 3661761 AND 3661861
	Index Scan using sbtest3_pkey on sbtest3  (cost=0.43..408.03 rows=103 width=125)
	  Index Cond: ((id >= 3661761) AND (id <= 3661861))

table 4 : explain SELECT id, c FROM sbtest4 WHERE id BETWEEN 3661761 AND 3661861
	Index Scan using sbtest4_pkey on sbtest4  (cost=0.43..365.25 rows=92 width=125)
	  Index Cond: ((id >= 3661761) AND (id <= 3661861))

table 5 : explain SELECT id, c FROM sbtest5 WHERE id BETWEEN 3661761 AND 3661861
	Index Scan using sbtest5_pkey on sbtest5  (cost=0.43..392.90 rows=99 width=125)
	  Index Cond: ((id >= 3661761) AND (id <= 3661861))

table 6 : explain SELECT id, c FROM sbtest6 WHERE id BETWEEN 3661761 AND 3661861
	Index Scan using sbtest6_pkey on sbtest6  (cost=0.43..400.33 rows=101 width=125)
	  Index Cond: ((id >= 3661761) AND (id <= 3661861))

table 7 : explain SELECT id, c FROM sbtest7 WHERE id BETWEEN 3661761 AND 3661861
	Index Scan using sbtest7_pkey on sbtest7  (cost=0.43..400.13 rows=101 width=125)
	  Index Cond: ((id >= 3661761) AND (id <= 3661861))

table 8 : explain SELECT id, c FROM sbtest8 WHERE id BETWEEN 3661761 AND 3661861
	Index Scan using sbtest8_pkey on sbtest8  (cost=0.43..443.92 rows=112 width=125)
	  Index Cond: ((id >= 3661761) AND (id <= 3661861))

explain: for range-notcovered :: explain SELECT id, c FROM sbtest%d WHERE id BETWEEN 3661761 AND 3661861
for range-notcovered
table 1 : explain SELECT id, c FROM sbtest1 WHERE id BETWEEN 6117657 AND 6117757
	Index Scan using sbtest1_pkey on sbtest1  (cost=0.43..387.72 rows=98 width=125)
	  Index Cond: ((id >= 6117657) AND (id <= 6117757))

table 2 : explain SELECT id, c FROM sbtest2 WHERE id BETWEEN 6117657 AND 6117757
	Index Scan using sbtest2_pkey on sbtest2  (cost=0.43..379.72 rows=96 width=125)
	  Index Cond: ((id >= 6117657) AND (id <= 6117757))

table 3 : explain SELECT id, c FROM sbtest3 WHERE id BETWEEN 6117657 AND 6117757
	Index Scan using sbtest3_pkey on sbtest3  (cost=0.43..411.94 rows=104 width=125)
	  Index Cond: ((id >= 6117657) AND (id <= 6117757))

table 4 : explain SELECT id, c FROM sbtest4 WHERE id BETWEEN 6117657 AND 6117757
	Index Scan using sbtest4_pkey on sbtest4  (cost=0.43..439.73 rows=111 width=125)
	  Index Cond: ((id >= 6117657) AND (id <= 6117757))

table 5 : explain SELECT id, c FROM sbtest5 WHERE id BETWEEN 6117657 AND 6117757
	Index Scan using sbtest5_pkey on sbtest5  (cost=0.43..404.67 rows=102 width=125)
	  Index Cond: ((id >= 6117657) AND (id <= 6117757))

table 6 : explain SELECT id, c FROM sbtest6 WHERE id BETWEEN 6117657 AND 6117757
	Index Scan using sbtest6_pkey on sbtest6  (cost=0.43..365.04 rows=92 width=125)
	  Index Cond: ((id >= 6117657) AND (id <= 6117757))

table 7 : explain SELECT id, c FROM sbtest7 WHERE id BETWEEN 6117657 AND 6117757
	Index Scan using sbtest7_pkey on sbtest7  (cost=0.43..431.46 rows=109 width=125)
	  Index Cond: ((id >= 6117657) AND (id <= 6117757))

table 8 : explain SELECT id, c FROM sbtest8 WHERE id BETWEEN 6117657 AND 6117757
	Index Scan using sbtest8_pkey on sbtest8  (cost=0.43..404.70 rows=102 width=125)
	  Index Cond: ((id >= 6117657) AND (id <= 6117757))

explain: for range-notcovered :: explain SELECT id, c FROM sbtest%d WHERE id BETWEEN 6117657 AND 6117757
for range-notcovered
table 1 : explain SELECT id, c FROM sbtest1 WHERE id BETWEEN 7547543 AND 7547643
	Index Scan using sbtest1_pkey on sbtest1  (cost=0.43..387.72 rows=98 width=125)
	  Index Cond: ((id >= 7547543) AND (id <= 7547643))

table 2 : explain SELECT id, c FROM sbtest2 WHERE id BETWEEN 7547543 AND 7547643
	Index Scan using sbtest2_pkey on sbtest2  (cost=0.43..371.91 rows=94 width=125)
	  Index Cond: ((id >= 7547543) AND (id <= 7547643))

table 3 : explain SELECT id, c FROM sbtest3 WHERE id BETWEEN 7547543 AND 7547643
	Index Scan using sbtest3_pkey on sbtest3  (cost=0.43..384.53 rows=97 width=125)
	  Index Cond: ((id >= 7547543) AND (id <= 7547643))

table 4 : explain SELECT id, c FROM sbtest4 WHERE id BETWEEN 7547543 AND 7547643
	Index Scan using sbtest4_pkey on sbtest4  (cost=0.43..431.89 rows=109 width=125)
	  Index Cond: ((id >= 7547543) AND (id <= 7547643))

table 5 : explain SELECT id, c FROM sbtest5 WHERE id BETWEEN 7547543 AND 7547643
	Index Scan using sbtest5_pkey on sbtest5  (cost=0.43..396.82 rows=100 width=125)
	  Index Cond: ((id >= 7547543) AND (id <= 7547643))

table 6 : explain SELECT id, c FROM sbtest6 WHERE id BETWEEN 7547543 AND 7547643
	Index Scan using sbtest6_pkey on sbtest6  (cost=0.43..412.09 rows=104 width=125)
	  Index Cond: ((id >= 7547543) AND (id <= 7547643))

table 7 : explain SELECT id, c FROM sbtest7 WHERE id BETWEEN 7547543 AND 7547643
	Index Scan using sbtest7_pkey on sbtest7  (cost=0.43..415.80 rows=105 width=125)
	  Index Cond: ((id >= 7547543) AND (id <= 7547643))

table 8 : explain SELECT id, c FROM sbtest8 WHERE id BETWEEN 7547543 AND 7547643
	Index Scan using sbtest8_pkey on sbtest8  (cost=0.43..385.08 rows=97 width=125)
	  Index Cond: ((id >= 7547543) AND (id <= 7547643))

explain: for range-notcovered :: explain SELECT id, c FROM sbtest%d WHERE id BETWEEN 7547543 AND 7547643
explain: for range-notcovered :: explain SELECT id, c FROM sbtest%d WHERE id BETWEEN 3936462 AND 3936562
for range-notcovered
table 1 : explain SELECT id, c FROM sbtest1 WHERE id BETWEEN 6037720 AND 6037820
	Index Scan using sbtest1_pkey on sbtest1  (cost=0.43..399.45 rows=101 width=125)
	  Index Cond: ((id >= 6037720) AND (id <= 6037820))

table 2 : explain SELECT id, c FROM sbtest2 WHERE id BETWEEN 6037720 AND 6037820
	Index Scan using sbtest2_pkey on sbtest2  (cost=0.43..375.81 rows=95 width=125)
	  Index Cond: ((id >= 6037720) AND (id <= 6037820))

table 3 : explain SELECT id, c FROM sbtest3 WHERE id BETWEEN 6037720 AND 6037820
	Index Scan using sbtest3_pkey on sbtest3  (cost=0.43..380.61 rows=96 width=125)
	  Index Cond: ((id >= 6037720) AND (id <= 6037820))

table 4 : explain SELECT id, c FROM sbtest4 WHERE id BETWEEN 6037720 AND 6037820
	Index Scan using sbtest4_pkey on sbtest4  (cost=0.43..412.29 rows=104 width=125)
	  Index Cond: ((id >= 6037720) AND (id <= 6037820))

table 5 : explain SELECT id, c FROM sbtest5 WHERE id BETWEEN 6037720 AND 6037820
	Index Scan using sbtest5_pkey on sbtest5  (cost=0.43..381.14 rows=96 width=125)
	  Index Cond: ((id >= 6037720) AND (id <= 6037820))

table 6 : explain SELECT id, c FROM sbtest6 WHERE id BETWEEN 6037720 AND 6037820
	Index Scan using sbtest6_pkey on sbtest6  (cost=0.43..388.58 rows=98 width=125)
	  Index Cond: ((id >= 6037720) AND (id <= 6037820))

table 7 : explain SELECT id, c FROM sbtest7 WHERE id BETWEEN 6037720 AND 6037820
	Index Scan using sbtest7_pkey on sbtest7  (cost=0.43..415.80 rows=105 width=125)
	  Index Cond: ((id >= 6037720) AND (id <= 6037820))

table 8 : explain SELECT id, c FROM sbtest8 WHERE id BETWEEN 6037720 AND 6037820
	Index Scan using sbtest8_pkey on sbtest8  (cost=0.43..396.85 rows=100 width=125)
	  Index Cond: ((id >= 6037720) AND (id <= 6037820))

for range-notcovered
table 1 : explain SELECT id, c FROM sbtest1 WHERE id BETWEEN 3661761 AND 3661861
	Index Scan using sbtest1_pkey on sbtest1  (cost=0.43..387.72 rows=98 width=125)
	  Index Cond: ((id >= 3661761) AND (id <= 3661861))

table 2 : explain SELECT id, c FROM sbtest2 WHERE id BETWEEN 3661761 AND 3661861
	Index Scan using sbtest2_pkey on sbtest2  (cost=0.43..383.63 rows=97 width=125)
	  Index Cond: ((id >= 3661761) AND (id <= 3661861))

table 3 : explain SELECT id, c FROM sbtest3 WHERE id BETWEEN 3661761 AND 3661861
	Index Scan using sbtest3_pkey on sbtest3  (cost=0.43..408.03 rows=103 width=125)
	  Index Cond: ((id >= 3661761) AND (id <= 3661861))

table 4 : explain SELECT id, c FROM sbtest4 WHERE id BETWEEN 3661761 AND 3661861
	Index Scan using sbtest4_pkey on sbtest4  (cost=0.43..365.25 rows=92 width=125)
	  Index Cond: ((id >= 3661761) AND (id <= 3661861))

table 5 : explain SELECT id, c FROM sbtest5 WHERE id BETWEEN 3661761 AND 3661861
	Index Scan using sbtest5_pkey on sbtest5  (cost=0.43..392.90 rows=99 width=125)
	  Index Cond: ((id >= 3661761) AND (id <= 3661861))

table 6 : explain SELECT id, c FROM sbtest6 WHERE id BETWEEN 3661761 AND 3661861
	Index Scan using sbtest6_pkey on sbtest6  (cost=0.43..400.33 rows=101 width=125)
	  Index Cond: ((id >= 3661761) AND (id <= 3661861))

table 7 : explain SELECT id, c FROM sbtest7 WHERE id BETWEEN 3661761 AND 3661861
	Index Scan using sbtest7_pkey on sbtest7  (cost=0.43..400.13 rows=101 width=125)
	  Index Cond: ((id >= 3661761) AND (id <= 3661861))

table 8 : explain SELECT id, c FROM sbtest8 WHERE id BETWEEN 3661761 AND 3661861
	Index Scan using sbtest8_pkey on sbtest8  (cost=0.43..443.92 rows=112 width=125)
	  Index Cond: ((id >= 3661761) AND (id <= 3661861))

explain: for range-notcovered :: explain SELECT id, c FROM sbtest%d WHERE id BETWEEN 6037720 AND 6037820
explain: for range-notcovered :: explain SELECT id, c FROM sbtest%d WHERE id BETWEEN 3661761 AND 3661861
for range-notcovered
table 1 : explain SELECT id, c FROM sbtest1 WHERE id BETWEEN 5686192 AND 5686292
	Index Scan using sbtest1_pkey on sbtest1  (cost=0.43..364.24 rows=92 width=125)
	  Index Cond: ((id >= 5686192) AND (id <= 5686292))

table 2 : explain SELECT id, c FROM sbtest2 WHERE id BETWEEN 5686192 AND 5686292
	Index Scan using sbtest2_pkey on sbtest2  (cost=0.43..430.55 rows=109 width=125)
	  Index Cond: ((id >= 5686192) AND (id <= 5686292))

table 3 : explain SELECT id, c FROM sbtest3 WHERE id BETWEEN 5686192 AND 5686292
	Index Scan using sbtest3_pkey on sbtest3  (cost=0.43..427.61 rows=108 width=125)
	  Index Cond: ((id >= 5686192) AND (id <= 5686292))

table 4 : explain SELECT id, c FROM sbtest4 WHERE id BETWEEN 5686192 AND 5686292
	Index Scan using sbtest4_pkey on sbtest4  (cost=0.43..412.29 rows=104 width=125)
	  Index Cond: ((id >= 5686192) AND (id <= 5686292))

table 5 : explain SELECT id, c FROM sbtest5 WHERE id BETWEEN 5686192 AND 5686292
	Index Scan using sbtest5_pkey on sbtest5  (cost=0.43..369.37 rows=93 width=125)
	  Index Cond: ((id >= 5686192) AND (id <= 5686292))

table 6 : explain SELECT id, c FROM sbtest6 WHERE id BETWEEN 5686192 AND 5686292
	Index Scan using sbtest6_pkey on sbtest6  (cost=0.43..368.96 rows=93 width=125)
	  Index Cond: ((id >= 5686192) AND (id <= 5686292))

table 7 : explain SELECT id, c FROM sbtest7 WHERE id BETWEEN 5686192 AND 5686292
	Index Scan using sbtest7_pkey on sbtest7  (cost=0.43..357.03 rows=90 width=125)
	  Index Cond: ((id >= 5686192) AND (id <= 5686292))

table 8 : explain SELECT id, c FROM sbtest8 WHERE id BETWEEN 5686192 AND 5686292
	Index Scan using sbtest8_pkey on sbtest8  (cost=0.43..416.46 rows=105 width=125)
	  Index Cond: ((id >= 5686192) AND (id <= 5686292))

explain: for range-notcovered :: explain SELECT id, c FROM sbtest%d WHERE id BETWEEN 5686192 AND 5686292
for range-notcovered
table 1 : explain SELECT id, c FROM sbtest1 WHERE id BETWEEN 3661761 AND 3661861
	Index Scan using sbtest1_pkey on sbtest1  (cost=0.43..387.72 rows=98 width=125)
	  Index Cond: ((id >= 3661761) AND (id <= 3661861))

table 2 : explain SELECT id, c FROM sbtest2 WHERE id BETWEEN 3661761 AND 3661861
	Index Scan using sbtest2_pkey on sbtest2  (cost=0.43..383.63 rows=97 width=125)
	  Index Cond: ((id >= 3661761) AND (id <= 3661861))

table 3 : explain SELECT id, c FROM sbtest3 WHERE id BETWEEN 3661761 AND 3661861
	Index Scan using sbtest3_pkey on sbtest3  (cost=0.43..408.03 rows=103 width=125)
	  Index Cond: ((id >= 3661761) AND (id <= 3661861))

table 4 : explain SELECT id, c FROM sbtest4 WHERE id BETWEEN 3661761 AND 3661861
	Index Scan using sbtest4_pkey on sbtest4  (cost=0.43..365.25 rows=92 width=125)
	  Index Cond: ((id >= 3661761) AND (id <= 3661861))

table 5 : explain SELECT id, c FROM sbtest5 WHERE id BETWEEN 3661761 AND 3661861
	Index Scan using sbtest5_pkey on sbtest5  (cost=0.43..392.90 rows=99 width=125)
	  Index Cond: ((id >= 3661761) AND (id <= 3661861))

table 6 : explain SELECT id, c FROM sbtest6 WHERE id BETWEEN 3661761 AND 3661861
	Index Scan using sbtest6_pkey on sbtest6  (cost=0.43..400.33 rows=101 width=125)
	  Index Cond: ((id >= 3661761) AND (id <= 3661861))

table 7 : explain SELECT id, c FROM sbtest7 WHERE id BETWEEN 3661761 AND 3661861
	Index Scan using sbtest7_pkey on sbtest7  (cost=0.43..400.13 rows=101 width=125)
	  Index Cond: ((id >= 3661761) AND (id <= 3661861))

table 8 : explain SELECT id, c FROM sbtest8 WHERE id BETWEEN 3661761 AND 3661861
	Index Scan using sbtest8_pkey on sbtest8  (cost=0.43..443.92 rows=112 width=125)
	  Index Cond: ((id >= 3661761) AND (id <= 3661861))

for range-notcovered
table 1 : explain SELECT id, c FROM sbtest1 WHERE id BETWEEN 6037720 AND 6037820
	Index Scan using sbtest1_pkey on sbtest1  (cost=0.43..399.45 rows=101 width=125)
	  Index Cond: ((id >= 6037720) AND (id <= 6037820))

table 2 : explain SELECT id, c FROM sbtest2 WHERE id BETWEEN 6037720 AND 6037820
	Index Scan using sbtest2_pkey on sbtest2  (cost=0.43..375.81 rows=95 width=125)
	  Index Cond: ((id >= 6037720) AND (id <= 6037820))

table 3 : explain SELECT id, c FROM sbtest3 WHERE id BETWEEN 6037720 AND 6037820
	Index Scan using sbtest3_pkey on sbtest3  (cost=0.43..380.61 rows=96 width=125)
	  Index Cond: ((id >= 6037720) AND (id <= 6037820))

table 4 : explain SELECT id, c FROM sbtest4 WHERE id BETWEEN 6037720 AND 6037820
	Index Scan using sbtest4_pkey on sbtest4  (cost=0.43..412.29 rows=104 width=125)
	  Index Cond: ((id >= 6037720) AND (id <= 6037820))

table 5 : explain SELECT id, c FROM sbtest5 WHERE id BETWEEN 6037720 AND 6037820
	Index Scan using sbtest5_pkey on sbtest5  (cost=0.43..381.14 rows=96 width=125)
	  Index Cond: ((id >= 6037720) AND (id <= 6037820))

table 6 : explain SELECT id, c FROM sbtest6 WHERE id BETWEEN 6037720 AND 6037820
	Index Scan using sbtest6_pkey on sbtest6  (cost=0.43..388.58 rows=98 width=125)
	  Index Cond: ((id >= 6037720) AND (id <= 6037820))

table 7 : explain SELECT id, c FROM sbtest7 WHERE id BETWEEN 6037720 AND 6037820
	Index Scan using sbtest7_pkey on sbtest7  (cost=0.43..415.80 rows=105 width=125)
	  Index Cond: ((id >= 6037720) AND (id <= 6037820))

table 8 : explain SELECT id, c FROM sbtest8 WHERE id BETWEEN 6037720 AND 6037820
	Index Scan using sbtest8_pkey on sbtest8  (cost=0.43..396.85 rows=100 width=125)
	  Index Cond: ((id >= 6037720) AND (id <= 6037820))

explain: for range-notcovered :: explain SELECT id, c FROM sbtest%d WHERE id BETWEEN 3661761 AND 3661861
explain: for range-notcovered :: explain SELECT id, c FROM sbtest%d WHERE id BETWEEN 6037720 AND 6037820
for range-notcovered
table 1 : explain SELECT id, c FROM sbtest1 WHERE id BETWEEN 5686192 AND 5686292
	Index Scan using sbtest1_pkey on sbtest1  (cost=0.43..364.24 rows=92 width=125)
	  Index Cond: ((id >= 5686192) AND (id <= 5686292))

table 2 : explain SELECT id, c FROM sbtest2 WHERE id BETWEEN 5686192 AND 5686292
	Index Scan using sbtest2_pkey on sbtest2  (cost=0.43..430.55 rows=109 width=125)
	  Index Cond: ((id >= 5686192) AND (id <= 5686292))

table 3 : explain SELECT id, c FROM sbtest3 WHERE id BETWEEN 5686192 AND 5686292
	Index Scan using sbtest3_pkey on sbtest3  (cost=0.43..427.61 rows=108 width=125)
	  Index Cond: ((id >= 5686192) AND (id <= 5686292))

table 4 : explain SELECT id, c FROM sbtest4 WHERE id BETWEEN 5686192 AND 5686292
	Index Scan using sbtest4_pkey on sbtest4  (cost=0.43..412.29 rows=104 width=125)
	  Index Cond: ((id >= 5686192) AND (id <= 5686292))

table 5 : explain SELECT id, c FROM sbtest5 WHERE id BETWEEN 5686192 AND 5686292
	Index Scan using sbtest5_pkey on sbtest5  (cost=0.43..369.37 rows=93 width=125)
	  Index Cond: ((id >= 5686192) AND (id <= 5686292))

table 6 : explain SELECT id, c FROM sbtest6 WHERE id BETWEEN 5686192 AND 5686292
	Index Scan using sbtest6_pkey on sbtest6  (cost=0.43..368.96 rows=93 width=125)
	  Index Cond: ((id >= 5686192) AND (id <= 5686292))

table 7 : explain SELECT id, c FROM sbtest7 WHERE id BETWEEN 5686192 AND 5686292
	Index Scan using sbtest7_pkey on sbtest7  (cost=0.43..357.03 rows=90 width=125)
	  Index Cond: ((id >= 5686192) AND (id <= 5686292))

table 8 : explain SELECT id, c FROM sbtest8 WHERE id BETWEEN 5686192 AND 5686292
	Index Scan using sbtest8_pkey on sbtest8  (cost=0.43..416.46 rows=105 width=125)
	  Index Cond: ((id >= 5686192) AND (id <= 5686292))

explain: for range-notcovered :: explain SELECT id, c FROM sbtest%d WHERE id BETWEEN 5686192 AND 5686292
for range-notcovered
table 1 : explain SELECT id, c FROM sbtest1 WHERE id BETWEEN 6037720 AND 6037820
	Index Scan using sbtest1_pkey on sbtest1  (cost=0.43..399.45 rows=101 width=125)
	  Index Cond: ((id >= 6037720) AND (id <= 6037820))

table 2 : explain SELECT id, c FROM sbtest2 WHERE id BETWEEN 6037720 AND 6037820
	Index Scan using sbtest2_pkey on sbtest2  (cost=0.43..375.81 rows=95 width=125)
	  Index Cond: ((id >= 6037720) AND (id <= 6037820))

table 3 : explain SELECT id, c FROM sbtest3 WHERE id BETWEEN 6037720 AND 6037820
	Index Scan using sbtest3_pkey on sbtest3  (cost=0.43..380.61 rows=96 width=125)
	  Index Cond: ((id >= 6037720) AND (id <= 6037820))

table 4 : explain SELECT id, c FROM sbtest4 WHERE id BETWEEN 6037720 AND 6037820
	Index Scan using sbtest4_pkey on sbtest4  (cost=0.43..412.29 rows=104 width=125)
	  Index Cond: ((id >= 6037720) AND (id <= 6037820))

table 5 : explain SELECT id, c FROM sbtest5 WHERE id BETWEEN 6037720 AND 6037820
	Index Scan using sbtest5_pkey on sbtest5  (cost=0.43..381.14 rows=96 width=125)
	  Index Cond: ((id >= 6037720) AND (id <= 6037820))

table 6 : explain SELECT id, c FROM sbtest6 WHERE id BETWEEN 6037720 AND 6037820
	Index Scan using sbtest6_pkey on sbtest6  (cost=0.43..388.58 rows=98 width=125)
	  Index Cond: ((id >= 6037720) AND (id <= 6037820))

table 7 : explain SELECT id, c FROM sbtest7 WHERE id BETWEEN 6037720 AND 6037820
	Index Scan using sbtest7_pkey on sbtest7  (cost=0.43..415.80 rows=105 width=125)
	  Index Cond: ((id >= 6037720) AND (id <= 6037820))

table 8 : explain SELECT id, c FROM sbtest8 WHERE id BETWEEN 6037720 AND 6037820
	Index Scan using sbtest8_pkey on sbtest8  (cost=0.43..396.85 rows=100 width=125)
	  Index Cond: ((id >= 6037720) AND (id <= 6037820))

explain: for range-notcovered :: explain SELECT id, c FROM sbtest%d WHERE id BETWEEN 6037720 AND 6037820
for range-notcovered
table 1 : explain SELECT id, c FROM sbtest1 WHERE id BETWEEN 5686192 AND 5686292
	Index Scan using sbtest1_pkey on sbtest1  (cost=0.43..364.24 rows=92 width=125)
	  Index Cond: ((id >= 5686192) AND (id <= 5686292))

table 2 : explain SELECT id, c FROM sbtest2 WHERE id BETWEEN 5686192 AND 5686292
	Index Scan using sbtest2_pkey on sbtest2  (cost=0.43..430.55 rows=109 width=125)
	  Index Cond: ((id >= 5686192) AND (id <= 5686292))

table 3 : explain SELECT id, c FROM sbtest3 WHERE id BETWEEN 5686192 AND 5686292
	Index Scan using sbtest3_pkey on sbtest3  (cost=0.43..427.61 rows=108 width=125)
	  Index Cond: ((id >= 5686192) AND (id <= 5686292))

table 4 : explain SELECT id, c FROM sbtest4 WHERE id BETWEEN 5686192 AND 5686292
	Index Scan using sbtest4_pkey on sbtest4  (cost=0.43..412.29 rows=104 width=125)
	  Index Cond: ((id >= 5686192) AND (id <= 5686292))

table 5 : explain SELECT id, c FROM sbtest5 WHERE id BETWEEN 5686192 AND 5686292
	Index Scan using sbtest5_pkey on sbtest5  (cost=0.43..369.37 rows=93 width=125)
	  Index Cond: ((id >= 5686192) AND (id <= 5686292))

table 6 : explain SELECT id, c FROM sbtest6 WHERE id BETWEEN 5686192 AND 5686292
	Index Scan using sbtest6_pkey on sbtest6  (cost=0.43..368.96 rows=93 width=125)
	  Index Cond: ((id >= 5686192) AND (id <= 5686292))

table 7 : explain SELECT id, c FROM sbtest7 WHERE id BETWEEN 5686192 AND 5686292
	Index Scan using sbtest7_pkey on sbtest7  (cost=0.43..357.03 rows=90 width=125)
	  Index Cond: ((id >= 5686192) AND (id <= 5686292))

table 8 : explain SELECT id, c FROM sbtest8 WHERE id BETWEEN 5686192 AND 5686292
	Index Scan using sbtest8_pkey on sbtest8  (cost=0.43..416.46 rows=105 width=125)
	  Index Cond: ((id >= 5686192) AND (id <= 5686292))

explain: for range-notcovered :: explain SELECT id, c FROM sbtest%d WHERE id BETWEEN 5686192 AND 5686292
explain: for range-notcovered :: explain SELECT id, c FROM sbtest%d WHERE id BETWEEN 9033077 AND 9033177
for range-notcovered
table 1 : explain SELECT id, c FROM sbtest1 WHERE id BETWEEN 6037720 AND 6037820
	Index Scan using sbtest1_pkey on sbtest1  (cost=0.43..399.45 rows=101 width=125)
	  Index Cond: ((id >= 6037720) AND (id <= 6037820))

table 2 : explain SELECT id, c FROM sbtest2 WHERE id BETWEEN 6037720 AND 6037820
	Index Scan using sbtest2_pkey on sbtest2  (cost=0.43..375.81 rows=95 width=125)
	  Index Cond: ((id >= 6037720) AND (id <= 6037820))

table 3 : explain SELECT id, c FROM sbtest3 WHERE id BETWEEN 6037720 AND 6037820
	Index Scan using sbtest3_pkey on sbtest3  (cost=0.43..380.61 rows=96 width=125)
	  Index Cond: ((id >= 6037720) AND (id <= 6037820))

table 4 : explain SELECT id, c FROM sbtest4 WHERE id BETWEEN 6037720 AND 6037820
	Index Scan using sbtest4_pkey on sbtest4  (cost=0.43..412.29 rows=104 width=125)
	  Index Cond: ((id >= 6037720) AND (id <= 6037820))

table 5 : explain SELECT id, c FROM sbtest5 WHERE id BETWEEN 6037720 AND 6037820
	Index Scan using sbtest5_pkey on sbtest5  (cost=0.43..381.14 rows=96 width=125)
	  Index Cond: ((id >= 6037720) AND (id <= 6037820))

table 6 : explain SELECT id, c FROM sbtest6 WHERE id BETWEEN 6037720 AND 6037820
	Index Scan using sbtest6_pkey on sbtest6  (cost=0.43..388.58 rows=98 width=125)
	  Index Cond: ((id >= 6037720) AND (id <= 6037820))

table 7 : explain SELECT id, c FROM sbtest7 WHERE id BETWEEN 6037720 AND 6037820
	Index Scan using sbtest7_pkey on sbtest7  (cost=0.43..415.80 rows=105 width=125)
	  Index Cond: ((id >= 6037720) AND (id <= 6037820))

table 8 : explain SELECT id, c FROM sbtest8 WHERE id BETWEEN 6037720 AND 6037820
	Index Scan using sbtest8_pkey on sbtest8  (cost=0.43..396.85 rows=100 width=125)
	  Index Cond: ((id >= 6037720) AND (id <= 6037820))

explain: for range-notcovered :: explain SELECT id, c FROM sbtest%d WHERE id BETWEEN 6037720 AND 6037820
explain: for range-notcovered :: explain SELECT id, c FROM sbtest%d WHERE id BETWEEN 2723453 AND 2723553
for range-notcovered
table 1 : explain SELECT id, c FROM sbtest1 WHERE id BETWEEN 7547543 AND 7547643
	Index Scan using sbtest1_pkey on sbtest1  (cost=0.43..387.72 rows=98 width=125)
	  Index Cond: ((id >= 7547543) AND (id <= 7547643))

table 2 : explain SELECT id, c FROM sbtest2 WHERE id BETWEEN 7547543 AND 7547643
	Index Scan using sbtest2_pkey on sbtest2  (cost=0.43..371.91 rows=94 width=125)
	  Index Cond: ((id >= 7547543) AND (id <= 7547643))

table 3 : explain SELECT id, c FROM sbtest3 WHERE id BETWEEN 7547543 AND 7547643
	Index Scan using sbtest3_pkey on sbtest3  (cost=0.43..384.53 rows=97 width=125)
	  Index Cond: ((id >= 7547543) AND (id <= 7547643))

table 4 : explain SELECT id, c FROM sbtest4 WHERE id BETWEEN 7547543 AND 7547643
	Index Scan using sbtest4_pkey on sbtest4  (cost=0.43..431.89 rows=109 width=125)
	  Index Cond: ((id >= 7547543) AND (id <= 7547643))

table 5 : explain SELECT id, c FROM sbtest5 WHERE id BETWEEN 7547543 AND 7547643
	Index Scan using sbtest5_pkey on sbtest5  (cost=0.43..396.82 rows=100 width=125)
	  Index Cond: ((id >= 7547543) AND (id <= 7547643))

table 6 : explain SELECT id, c FROM sbtest6 WHERE id BETWEEN 7547543 AND 7547643
	Index Scan using sbtest6_pkey on sbtest6  (cost=0.43..412.09 rows=104 width=125)
	  Index Cond: ((id >= 7547543) AND (id <= 7547643))

table 7 : explain SELECT id, c FROM sbtest7 WHERE id BETWEEN 7547543 AND 7547643
	Index Scan using sbtest7_pkey on sbtest7  (cost=0.43..415.80 rows=105 width=125)
	  Index Cond: ((id >= 7547543) AND (id <= 7547643))

table 8 : explain SELECT id, c FROM sbtest8 WHERE id BETWEEN 7547543 AND 7547643
	Index Scan using sbtest8_pkey on sbtest8  (cost=0.43..385.08 rows=97 width=125)
	  Index Cond: ((id >= 7547543) AND (id <= 7547643))

for range-notcovered
table 1 : explain SELECT id, c FROM sbtest1 WHERE id BETWEEN 5686192 AND 5686292
	Index Scan using sbtest1_pkey on sbtest1  (cost=0.43..364.24 rows=92 width=125)
	  Index Cond: ((id >= 5686192) AND (id <= 5686292))

table 2 : explain SELECT id, c FROM sbtest2 WHERE id BETWEEN 5686192 AND 5686292
	Index Scan using sbtest2_pkey on sbtest2  (cost=0.43..430.55 rows=109 width=125)
	  Index Cond: ((id >= 5686192) AND (id <= 5686292))

table 3 : explain SELECT id, c FROM sbtest3 WHERE id BETWEEN 5686192 AND 5686292
	Index Scan using sbtest3_pkey on sbtest3  (cost=0.43..427.61 rows=108 width=125)
	  Index Cond: ((id >= 5686192) AND (id <= 5686292))

table 4 : explain SELECT id, c FROM sbtest4 WHERE id BETWEEN 5686192 AND 5686292
	Index Scan using sbtest4_pkey on sbtest4  (cost=0.43..412.29 rows=104 width=125)
	  Index Cond: ((id >= 5686192) AND (id <= 5686292))

table 5 : explain SELECT id, c FROM sbtest5 WHERE id BETWEEN 5686192 AND 5686292
	Index Scan using sbtest5_pkey on sbtest5  (cost=0.43..369.37 rows=93 width=125)
	  Index Cond: ((id >= 5686192) AND (id <= 5686292))

table 6 : explain SELECT id, c FROM sbtest6 WHERE id BETWEEN 5686192 AND 5686292
	Index Scan using sbtest6_pkey on sbtest6  (cost=0.43..368.96 rows=93 width=125)
	  Index Cond: ((id >= 5686192) AND (id <= 5686292))

table 7 : explain SELECT id, c FROM sbtest7 WHERE id BETWEEN 5686192 AND 5686292
	Index Scan using sbtest7_pkey on sbtest7  (cost=0.43..357.03 rows=90 width=125)
	  Index Cond: ((id >= 5686192) AND (id <= 5686292))

table 8 : explain SELECT id, c FROM sbtest8 WHERE id BETWEEN 5686192 AND 5686292
	Index Scan using sbtest8_pkey on sbtest8  (cost=0.43..416.46 rows=105 width=125)
	  Index Cond: ((id >= 5686192) AND (id <= 5686292))

explain: for range-notcovered :: explain SELECT id, c FROM sbtest%d WHERE id BETWEEN 5686192 AND 5686292
explain: for range-notcovered :: explain SELECT id, c FROM sbtest%d WHERE id BETWEEN 2676287 AND 2676387
for range-notcovered
table 1 : explain SELECT id, c FROM sbtest1 WHERE id BETWEEN 5686192 AND 5686292
	Index Scan using sbtest1_pkey on sbtest1  (cost=0.43..364.24 rows=92 width=125)
	  Index Cond: ((id >= 5686192) AND (id <= 5686292))

table 2 : explain SELECT id, c FROM sbtest2 WHERE id BETWEEN 5686192 AND 5686292
	Index Scan using sbtest2_pkey on sbtest2  (cost=0.43..430.55 rows=109 width=125)
	  Index Cond: ((id >= 5686192) AND (id <= 5686292))

table 3 : explain SELECT id, c FROM sbtest3 WHERE id BETWEEN 5686192 AND 5686292
	Index Scan using sbtest3_pkey on sbtest3  (cost=0.43..427.61 rows=108 width=125)
	  Index Cond: ((id >= 5686192) AND (id <= 5686292))

table 4 : explain SELECT id, c FROM sbtest4 WHERE id BETWEEN 5686192 AND 5686292
	Index Scan using sbtest4_pkey on sbtest4  (cost=0.43..412.29 rows=104 width=125)
	  Index Cond: ((id >= 5686192) AND (id <= 5686292))

table 5 : explain SELECT id, c FROM sbtest5 WHERE id BETWEEN 5686192 AND 5686292
	Index Scan using sbtest5_pkey on sbtest5  (cost=0.43..369.37 rows=93 width=125)
	  Index Cond: ((id >= 5686192) AND (id <= 5686292))

table 6 : explain SELECT id, c FROM sbtest6 WHERE id BETWEEN 5686192 AND 5686292
	Index Scan using sbtest6_pkey on sbtest6  (cost=0.43..368.96 rows=93 width=125)
	  Index Cond: ((id >= 5686192) AND (id <= 5686292))

table 7 : explain SELECT id, c FROM sbtest7 WHERE id BETWEEN 5686192 AND 5686292
	Index Scan using sbtest7_pkey on sbtest7  (cost=0.43..357.03 rows=90 width=125)
	  Index Cond: ((id >= 5686192) AND (id <= 5686292))

table 8 : explain SELECT id, c FROM sbtest8 WHERE id BETWEEN 5686192 AND 5686292
	Index Scan using sbtest8_pkey on sbtest8  (cost=0.43..416.46 rows=105 width=125)
	  Index Cond: ((id >= 5686192) AND (id <= 5686292))

explain: for range-notcovered :: explain SELECT id, c FROM sbtest%d WHERE id BETWEEN 5686192 AND 5686292
for range-notcovered
table 1 : explain SELECT id, c FROM sbtest1 WHERE id BETWEEN 3661761 AND 3661861
	Index Scan using sbtest1_pkey on sbtest1  (cost=0.43..387.72 rows=98 width=125)
	  Index Cond: ((id >= 3661761) AND (id <= 3661861))

table 2 : explain SELECT id, c FROM sbtest2 WHERE id BETWEEN 3661761 AND 3661861
	Index Scan using sbtest2_pkey on sbtest2  (cost=0.43..383.63 rows=97 width=125)
	  Index Cond: ((id >= 3661761) AND (id <= 3661861))

table 3 : explain SELECT id, c FROM sbtest3 WHERE id BETWEEN 3661761 AND 3661861
	Index Scan using sbtest3_pkey on sbtest3  (cost=0.43..408.03 rows=103 width=125)
	  Index Cond: ((id >= 3661761) AND (id <= 3661861))

table 4 : explain SELECT id, c FROM sbtest4 WHERE id BETWEEN 3661761 AND 3661861
	Index Scan using sbtest4_pkey on sbtest4  (cost=0.43..365.25 rows=92 width=125)
	  Index Cond: ((id >= 3661761) AND (id <= 3661861))

table 5 : explain SELECT id, c FROM sbtest5 WHERE id BETWEEN 3661761 AND 3661861
	Index Scan using sbtest5_pkey on sbtest5  (cost=0.43..392.90 rows=99 width=125)
	  Index Cond: ((id >= 3661761) AND (id <= 3661861))

table 6 : explain SELECT id, c FROM sbtest6 WHERE id BETWEEN 3661761 AND 3661861
	Index Scan using sbtest6_pkey on sbtest6  (cost=0.43..400.33 rows=101 width=125)
	  Index Cond: ((id >= 3661761) AND (id <= 3661861))

table 7 : explain SELECT id, c FROM sbtest7 WHERE id BETWEEN 3661761 AND 3661861
	Index Scan using sbtest7_pkey on sbtest7  (cost=0.43..400.13 rows=101 width=125)
	  Index Cond: ((id >= 3661761) AND (id <= 3661861))

table 8 : explain SELECT id, c FROM sbtest8 WHERE id BETWEEN 3661761 AND 3661861
	Index Scan using sbtest8_pkey on sbtest8  (cost=0.43..443.92 rows=112 width=125)
	  Index Cond: ((id >= 3661761) AND (id <= 3661861))

for range-notcovered
table 1 : explain SELECT id, c FROM sbtest1 WHERE id BETWEEN 4880841 AND 4880941
	Index Scan using sbtest1_pkey on sbtest1  (cost=0.43..395.54 rows=100 width=125)
	  Index Cond: ((id >= 4880841) AND (id <= 4880941))

table 2 : explain SELECT id, c FROM sbtest2 WHERE id BETWEEN 4880841 AND 4880941
	Index Scan using sbtest2_pkey on sbtest2  (cost=0.43..364.09 rows=92 width=125)
	  Index Cond: ((id >= 4880841) AND (id <= 4880941))

table 3 : explain SELECT id, c FROM sbtest3 WHERE id BETWEEN 4880841 AND 4880941
	Index Scan using sbtest3_pkey on sbtest3  (cost=0.43..400.19 rows=101 width=125)
	  Index Cond: ((id >= 4880841) AND (id <= 4880941))

table 4 : explain SELECT id, c FROM sbtest4 WHERE id BETWEEN 4880841 AND 4880941
	Index Scan using sbtest4_pkey on sbtest4  (cost=0.43..455.41 rows=115 width=125)
	  Index Cond: ((id >= 4880841) AND (id <= 4880941))

table 5 : explain SELECT id, c FROM sbtest5 WHERE id BETWEEN 4880841 AND 4880941
	Index Scan using sbtest5_pkey on sbtest5  (cost=0.43..420.36 rows=106 width=125)
	  Index Cond: ((id >= 4880841) AND (id <= 4880941))

table 6 : explain SELECT id, c FROM sbtest6 WHERE id BETWEEN 4880841 AND 4880941
	Index Scan using sbtest6_pkey on sbtest6  (cost=0.43..380.74 rows=96 width=125)
	  Index Cond: ((id >= 4880841) AND (id <= 4880941))

table 7 : explain SELECT id, c FROM sbtest7 WHERE id BETWEEN 4880841 AND 4880941
	Index Scan using sbtest7_pkey on sbtest7  (cost=0.43..396.22 rows=100 width=125)
	  Index Cond: ((id >= 4880841) AND (id <= 4880941))

table 8 : explain SELECT id, c FROM sbtest8 WHERE id BETWEEN 4880841 AND 4880941
	Index Scan using sbtest8_pkey on sbtest8  (cost=0.43..404.70 rows=102 width=125)
	  Index Cond: ((id >= 4880841) AND (id <= 4880941))

for range-notcovered
table 1 : explain SELECT id, c FROM sbtest1 WHERE id BETWEEN 5686192 AND 5686292
	Index Scan using sbtest1_pkey on sbtest1  (cost=0.43..364.24 rows=92 width=125)
	  Index Cond: ((id >= 5686192) AND (id <= 5686292))

table 2 : explain SELECT id, c FROM sbtest2 WHERE id BETWEEN 5686192 AND 5686292
	Index Scan using sbtest2_pkey on sbtest2  (cost=0.43..430.55 rows=109 width=125)
	  Index Cond: ((id >= 5686192) AND (id <= 5686292))

table 3 : explain SELECT id, c FROM sbtest3 WHERE id BETWEEN 5686192 AND 5686292
	Index Scan using sbtest3_pkey on sbtest3  (cost=0.43..427.61 rows=108 width=125)
	  Index Cond: ((id >= 5686192) AND (id <= 5686292))

table 4 : explain SELECT id, c FROM sbtest4 WHERE id BETWEEN 5686192 AND 5686292
	Index Scan using sbtest4_pkey on sbtest4  (cost=0.43..412.29 rows=104 width=125)
	  Index Cond: ((id >= 5686192) AND (id <= 5686292))

table 5 : explain SELECT id, c FROM sbtest5 WHERE id BETWEEN 5686192 AND 5686292
	Index Scan using sbtest5_pkey on sbtest5  (cost=0.43..369.37 rows=93 width=125)
	  Index Cond: ((id >= 5686192) AND (id <= 5686292))

table 6 : explain SELECT id, c FROM sbtest6 WHERE id BETWEEN 5686192 AND 5686292
	Index Scan using sbtest6_pkey on sbtest6  (cost=0.43..368.96 rows=93 width=125)
	  Index Cond: ((id >= 5686192) AND (id <= 5686292))

table 7 : explain SELECT id, c FROM sbtest7 WHERE id BETWEEN 5686192 AND 5686292
	Index Scan using sbtest7_pkey on sbtest7  (cost=0.43..357.03 rows=90 width=125)
	  Index Cond: ((id >= 5686192) AND (id <= 5686292))

table 8 : explain SELECT id, c FROM sbtest8 WHERE id BETWEEN 5686192 AND 5686292
	Index Scan using sbtest8_pkey on sbtest8  (cost=0.43..416.46 rows=105 width=125)
	  Index Cond: ((id >= 5686192) AND (id <= 5686292))

explain: for range-notcovered :: explain SELECT id, c FROM sbtest%d WHERE id BETWEEN 4880841 AND 4880941
explain: for range-notcovered :: explain SELECT id, c FROM sbtest%d WHERE id BETWEEN 5686192 AND 5686292
explain: for range-notcovered :: explain SELECT id, c FROM sbtest%d WHERE id BETWEEN 6821981 AND 6822081
explain: for range-notcovered :: explain SELECT id, c FROM sbtest%d WHERE id BETWEEN 5530356 AND 5530456
explain: for range-notcovered :: explain SELECT id, c FROM sbtest%d WHERE id BETWEEN 7178648 AND 7178748
for range-notcovered
table 1 : explain SELECT id, c FROM sbtest1 WHERE id BETWEEN 4880841 AND 4880941
	Index Scan using sbtest1_pkey on sbtest1  (cost=0.43..395.54 rows=100 width=125)
	  Index Cond: ((id >= 4880841) AND (id <= 4880941))

table 2 : explain SELECT id, c FROM sbtest2 WHERE id BETWEEN 4880841 AND 4880941
	Index Scan using sbtest2_pkey on sbtest2  (cost=0.43..364.09 rows=92 width=125)
	  Index Cond: ((id >= 4880841) AND (id <= 4880941))

table 3 : explain SELECT id, c FROM sbtest3 WHERE id BETWEEN 4880841 AND 4880941
	Index Scan using sbtest3_pkey on sbtest3  (cost=0.43..400.19 rows=101 width=125)
	  Index Cond: ((id >= 4880841) AND (id <= 4880941))

table 4 : explain SELECT id, c FROM sbtest4 WHERE id BETWEEN 4880841 AND 4880941
	Index Scan using sbtest4_pkey on sbtest4  (cost=0.43..455.41 rows=115 width=125)
	  Index Cond: ((id >= 4880841) AND (id <= 4880941))

table 5 : explain SELECT id, c FROM sbtest5 WHERE id BETWEEN 4880841 AND 4880941
	Index Scan using sbtest5_pkey on sbtest5  (cost=0.43..420.36 rows=106 width=125)
	  Index Cond: ((id >= 4880841) AND (id <= 4880941))

table 6 : explain SELECT id, c FROM sbtest6 WHERE id BETWEEN 4880841 AND 4880941
	Index Scan using sbtest6_pkey on sbtest6  (cost=0.43..380.74 rows=96 width=125)
	  Index Cond: ((id >= 4880841) AND (id <= 4880941))

table 7 : explain SELECT id, c FROM sbtest7 WHERE id BETWEEN 4880841 AND 4880941
	Index Scan using sbtest7_pkey on sbtest7  (cost=0.43..396.22 rows=100 width=125)
	  Index Cond: ((id >= 4880841) AND (id <= 4880941))

table 8 : explain SELECT id, c FROM sbtest8 WHERE id BETWEEN 4880841 AND 4880941
	Index Scan using sbtest8_pkey on sbtest8  (cost=0.43..404.70 rows=102 width=125)
	  Index Cond: ((id >= 4880841) AND (id <= 4880941))

explain: for range-notcovered :: explain SELECT id, c FROM sbtest%d WHERE id BETWEEN 4880841 AND 4880941
explain: for range-notcovered :: explain SELECT id, c FROM sbtest%d WHERE id BETWEEN 3972409 AND 3972509
for range-notcovered
table 1 : explain SELECT id, c FROM sbtest1 WHERE id BETWEEN 4880841 AND 4880941
	Index Scan using sbtest1_pkey on sbtest1  (cost=0.43..395.54 rows=100 width=125)
	  Index Cond: ((id >= 4880841) AND (id <= 4880941))

table 2 : explain SELECT id, c FROM sbtest2 WHERE id BETWEEN 4880841 AND 4880941
	Index Scan using sbtest2_pkey on sbtest2  (cost=0.43..364.09 rows=92 width=125)
	  Index Cond: ((id >= 4880841) AND (id <= 4880941))

table 3 : explain SELECT id, c FROM sbtest3 WHERE id BETWEEN 4880841 AND 4880941
	Index Scan using sbtest3_pkey on sbtest3  (cost=0.43..400.19 rows=101 width=125)
	  Index Cond: ((id >= 4880841) AND (id <= 4880941))

table 4 : explain SELECT id, c FROM sbtest4 WHERE id BETWEEN 4880841 AND 4880941
	Index Scan using sbtest4_pkey on sbtest4  (cost=0.43..455.41 rows=115 width=125)
	  Index Cond: ((id >= 4880841) AND (id <= 4880941))

table 5 : explain SELECT id, c FROM sbtest5 WHERE id BETWEEN 4880841 AND 4880941
	Index Scan using sbtest5_pkey on sbtest5  (cost=0.43..420.36 rows=106 width=125)
	  Index Cond: ((id >= 4880841) AND (id <= 4880941))

table 6 : explain SELECT id, c FROM sbtest6 WHERE id BETWEEN 4880841 AND 4880941
	Index Scan using sbtest6_pkey on sbtest6  (cost=0.43..380.74 rows=96 width=125)
	  Index Cond: ((id >= 4880841) AND (id <= 4880941))

table 7 : explain SELECT id, c FROM sbtest7 WHERE id BETWEEN 4880841 AND 4880941
	Index Scan using sbtest7_pkey on sbtest7  (cost=0.43..396.22 rows=100 width=125)
	  Index Cond: ((id >= 4880841) AND (id <= 4880941))

table 8 : explain SELECT id, c FROM sbtest8 WHERE id BETWEEN 4880841 AND 4880941
	Index Scan using sbtest8_pkey on sbtest8  (cost=0.43..404.70 rows=102 width=125)
	  Index Cond: ((id >= 4880841) AND (id <= 4880941))

explain: for range-notcovered :: explain SELECT id, c FROM sbtest%d WHERE id BETWEEN 4880841 AND 4880941
for range-notcovered
table 1 : explain SELECT id, c FROM sbtest1 WHERE id BETWEEN 3936462 AND 3936562
	Index Scan using sbtest1_pkey on sbtest1  (cost=0.43..368.15 rows=93 width=125)
	  Index Cond: ((id >= 3936462) AND (id <= 3936562))

table 2 : explain SELECT id, c FROM sbtest2 WHERE id BETWEEN 3936462 AND 3936562
	Index Scan using sbtest2_pkey on sbtest2  (cost=0.43..379.72 rows=96 width=125)
	  Index Cond: ((id >= 3936462) AND (id <= 3936562))

table 3 : explain SELECT id, c FROM sbtest3 WHERE id BETWEEN 3936462 AND 3936562
	Index Scan using sbtest3_pkey on sbtest3  (cost=0.43..392.36 rows=99 width=125)
	  Index Cond: ((id >= 3936462) AND (id <= 3936562))

table 4 : explain SELECT id, c FROM sbtest4 WHERE id BETWEEN 3936462 AND 3936562
	Index Scan using sbtest4_pkey on sbtest4  (cost=0.43..439.73 rows=111 width=125)
	  Index Cond: ((id >= 3936462) AND (id <= 3936562))

table 5 : explain SELECT id, c FROM sbtest5 WHERE id BETWEEN 3936462 AND 3936562
	Index Scan using sbtest5_pkey on sbtest5  (cost=0.43..392.90 rows=99 width=125)
	  Index Cond: ((id >= 3936462) AND (id <= 3936562))

table 6 : explain SELECT id, c FROM sbtest6 WHERE id BETWEEN 3936462 AND 3936562
	Index Scan using sbtest6_pkey on sbtest6  (cost=0.43..404.25 rows=102 width=125)
	  Index Cond: ((id >= 3936462) AND (id <= 3936562))

table 7 : explain SELECT id, c FROM sbtest7 WHERE id BETWEEN 3936462 AND 3936562
	Index Scan using sbtest7_pkey on sbtest7  (cost=0.43..400.13 rows=101 width=125)
	  Index Cond: ((id >= 3936462) AND (id <= 3936562))

table 8 : explain SELECT id, c FROM sbtest8 WHERE id BETWEEN 3936462 AND 3936562
	Index Scan using sbtest8_pkey on sbtest8  (cost=0.43..447.84 rows=113 width=125)
	  Index Cond: ((id >= 3936462) AND (id <= 3936562))

explain: for range-notcovered :: explain SELECT id, c FROM sbtest%d WHERE id BETWEEN 2079414 AND 2079514
for range-notcovered
table 1 : explain SELECT id, c FROM sbtest1 WHERE id BETWEEN 6117657 AND 6117757
	Index Scan using sbtest1_pkey on sbtest1  (cost=0.43..387.72 rows=98 width=125)
	  Index Cond: ((id >= 6117657) AND (id <= 6117757))

table 2 : explain SELECT id, c FROM sbtest2 WHERE id BETWEEN 6117657 AND 6117757
	Index Scan using sbtest2_pkey on sbtest2  (cost=0.43..379.72 rows=96 width=125)
	  Index Cond: ((id >= 6117657) AND (id <= 6117757))

table 3 : explain SELECT id, c FROM sbtest3 WHERE id BETWEEN 6117657 AND 6117757
	Index Scan using sbtest3_pkey on sbtest3  (cost=0.43..411.94 rows=104 width=125)
	  Index Cond: ((id >= 6117657) AND (id <= 6117757))

table 4 : explain SELECT id, c FROM sbtest4 WHERE id BETWEEN 6117657 AND 6117757
	Index Scan using sbtest4_pkey on sbtest4  (cost=0.43..439.73 rows=111 width=125)
	  Index Cond: ((id >= 6117657) AND (id <= 6117757))

table 5 : explain SELECT id, c FROM sbtest5 WHERE id BETWEEN 6117657 AND 6117757
	Index Scan using sbtest5_pkey on sbtest5  (cost=0.43..404.67 rows=102 width=125)
	  Index Cond: ((id >= 6117657) AND (id <= 6117757))

table 6 : explain SELECT id, c FROM sbtest6 WHERE id BETWEEN 6117657 AND 6117757
	Index Scan using sbtest6_pkey on sbtest6  (cost=0.43..365.04 rows=92 width=125)
	  Index Cond: ((id >= 6117657) AND (id <= 6117757))

table 7 : explain SELECT id, c FROM sbtest7 WHERE id BETWEEN 6117657 AND 6117757
	Index Scan using sbtest7_pkey on sbtest7  (cost=0.43..431.46 rows=109 width=125)
	  Index Cond: ((id >= 6117657) AND (id <= 6117757))

table 8 : explain SELECT id, c FROM sbtest8 WHERE id BETWEEN 6117657 AND 6117757
	Index Scan using sbtest8_pkey on sbtest8  (cost=0.43..404.70 rows=102 width=125)
	  Index Cond: ((id >= 6117657) AND (id <= 6117757))

explain: for range-notcovered :: explain SELECT id, c FROM sbtest%d WHERE id BETWEEN 3936462 AND 3936562
explain: for range-notcovered :: explain SELECT id, c FROM sbtest%d WHERE id BETWEEN 6117657 AND 6117757
explain: for range-notcovered :: explain SELECT id, c FROM sbtest%d WHERE id BETWEEN 2703459 AND 2703559
for range-notcovered
table 1 : explain SELECT id, c FROM sbtest1 WHERE id BETWEEN 6037720 AND 6037820
	Index Scan using sbtest1_pkey on sbtest1  (cost=0.43..399.45 rows=101 width=125)
	  Index Cond: ((id >= 6037720) AND (id <= 6037820))

table 2 : explain SELECT id, c FROM sbtest2 WHERE id BETWEEN 6037720 AND 6037820
	Index Scan using sbtest2_pkey on sbtest2  (cost=0.43..375.81 rows=95 width=125)
	  Index Cond: ((id >= 6037720) AND (id <= 6037820))

table 3 : explain SELECT id, c FROM sbtest3 WHERE id BETWEEN 6037720 AND 6037820
	Index Scan using sbtest3_pkey on sbtest3  (cost=0.43..380.61 rows=96 width=125)
	  Index Cond: ((id >= 6037720) AND (id <= 6037820))

table 4 : explain SELECT id, c FROM sbtest4 WHERE id BETWEEN 6037720 AND 6037820
	Index Scan using sbtest4_pkey on sbtest4  (cost=0.43..412.29 rows=104 width=125)
	  Index Cond: ((id >= 6037720) AND (id <= 6037820))

table 5 : explain SELECT id, c FROM sbtest5 WHERE id BETWEEN 6037720 AND 6037820
	Index Scan using sbtest5_pkey on sbtest5  (cost=0.43..381.14 rows=96 width=125)
	  Index Cond: ((id >= 6037720) AND (id <= 6037820))

table 6 : explain SELECT id, c FROM sbtest6 WHERE id BETWEEN 6037720 AND 6037820
	Index Scan using sbtest6_pkey on sbtest6  (cost=0.43..388.58 rows=98 width=125)
	  Index Cond: ((id >= 6037720) AND (id <= 6037820))

table 7 : explain SELECT id, c FROM sbtest7 WHERE id BETWEEN 6037720 AND 6037820
	Index Scan using sbtest7_pkey on sbtest7  (cost=0.43..415.80 rows=105 width=125)
	  Index Cond: ((id >= 6037720) AND (id <= 6037820))

table 8 : explain SELECT id, c FROM sbtest8 WHERE id BETWEEN 6037720 AND 6037820
	Index Scan using sbtest8_pkey on sbtest8  (cost=0.43..396.85 rows=100 width=125)
	  Index Cond: ((id >= 6037720) AND (id <= 6037820))

explain: for range-notcovered :: explain SELECT id, c FROM sbtest%d WHERE id BETWEEN 6037720 AND 6037820
for range-notcovered
table 1 : explain SELECT id, c FROM sbtest1 WHERE id BETWEEN 4880841 AND 4880941
	Index Scan using sbtest1_pkey on sbtest1  (cost=0.43..395.54 rows=100 width=125)
	  Index Cond: ((id >= 4880841) AND (id <= 4880941))

table 2 : explain SELECT id, c FROM sbtest2 WHERE id BETWEEN 4880841 AND 4880941
	Index Scan using sbtest2_pkey on sbtest2  (cost=0.43..364.09 rows=92 width=125)
	  Index Cond: ((id >= 4880841) AND (id <= 4880941))

table 3 : explain SELECT id, c FROM sbtest3 WHERE id BETWEEN 4880841 AND 4880941
	Index Scan using sbtest3_pkey on sbtest3  (cost=0.43..400.19 rows=101 width=125)
	  Index Cond: ((id >= 4880841) AND (id <= 4880941))

table 4 : explain SELECT id, c FROM sbtest4 WHERE id BETWEEN 4880841 AND 4880941
	Index Scan using sbtest4_pkey on sbtest4  (cost=0.43..455.41 rows=115 width=125)
	  Index Cond: ((id >= 4880841) AND (id <= 4880941))

table 5 : explain SELECT id, c FROM sbtest5 WHERE id BETWEEN 4880841 AND 4880941
	Index Scan using sbtest5_pkey on sbtest5  (cost=0.43..420.36 rows=106 width=125)
	  Index Cond: ((id >= 4880841) AND (id <= 4880941))

table 6 : explain SELECT id, c FROM sbtest6 WHERE id BETWEEN 4880841 AND 4880941
	Index Scan using sbtest6_pkey on sbtest6  (cost=0.43..380.74 rows=96 width=125)
	  Index Cond: ((id >= 4880841) AND (id <= 4880941))

table 7 : explain SELECT id, c FROM sbtest7 WHERE id BETWEEN 4880841 AND 4880941
	Index Scan using sbtest7_pkey on sbtest7  (cost=0.43..396.22 rows=100 width=125)
	  Index Cond: ((id >= 4880841) AND (id <= 4880941))

table 8 : explain SELECT id, c FROM sbtest8 WHERE id BETWEEN 4880841 AND 4880941
	Index Scan using sbtest8_pkey on sbtest8  (cost=0.43..404.70 rows=102 width=125)
	  Index Cond: ((id >= 4880841) AND (id <= 4880941))

explain: for range-notcovered :: explain SELECT id, c FROM sbtest%d WHERE id BETWEEN 4880841 AND 4880941
explain: for range-notcovered :: explain SELECT id, c FROM sbtest%d WHERE id BETWEEN 4932467 AND 4932567
for range-notcovered
table 1 : explain SELECT id, c FROM sbtest1 WHERE id BETWEEN 3936462 AND 3936562
	Index Scan using sbtest1_pkey on sbtest1  (cost=0.43..368.15 rows=93 width=125)
	  Index Cond: ((id >= 3936462) AND (id <= 3936562))

table 2 : explain SELECT id, c FROM sbtest2 WHERE id BETWEEN 3936462 AND 3936562
	Index Scan using sbtest2_pkey on sbtest2  (cost=0.43..379.72 rows=96 width=125)
	  Index Cond: ((id >= 3936462) AND (id <= 3936562))

table 3 : explain SELECT id, c FROM sbtest3 WHERE id BETWEEN 3936462 AND 3936562
	Index Scan using sbtest3_pkey on sbtest3  (cost=0.43..392.36 rows=99 width=125)
	  Index Cond: ((id >= 3936462) AND (id <= 3936562))

table 4 : explain SELECT id, c FROM sbtest4 WHERE id BETWEEN 3936462 AND 3936562
	Index Scan using sbtest4_pkey on sbtest4  (cost=0.43..439.73 rows=111 width=125)
	  Index Cond: ((id >= 3936462) AND (id <= 3936562))

table 5 : explain SELECT id, c FROM sbtest5 WHERE id BETWEEN 3936462 AND 3936562
	Index Scan using sbtest5_pkey on sbtest5  (cost=0.43..392.90 rows=99 width=125)
	  Index Cond: ((id >= 3936462) AND (id <= 3936562))

table 6 : explain SELECT id, c FROM sbtest6 WHERE id BETWEEN 3936462 AND 3936562
	Index Scan using sbtest6_pkey on sbtest6  (cost=0.43..404.25 rows=102 width=125)
	  Index Cond: ((id >= 3936462) AND (id <= 3936562))

table 7 : explain SELECT id, c FROM sbtest7 WHERE id BETWEEN 3936462 AND 3936562
	Index Scan using sbtest7_pkey on sbtest7  (cost=0.43..400.13 rows=101 width=125)
	  Index Cond: ((id >= 3936462) AND (id <= 3936562))

table 8 : explain SELECT id, c FROM sbtest8 WHERE id BETWEEN 3936462 AND 3936562
	Index Scan using sbtest8_pkey on sbtest8  (cost=0.43..447.84 rows=113 width=125)
	  Index Cond: ((id >= 3936462) AND (id <= 3936562))

explain: for range-notcovered :: explain SELECT id, c FROM sbtest%d WHERE id BETWEEN 3936462 AND 3936562
for range-notcovered
table 1 : explain SELECT id, c FROM sbtest1 WHERE id BETWEEN 6117657 AND 6117757
	Index Scan using sbtest1_pkey on sbtest1  (cost=0.43..387.72 rows=98 width=125)
	  Index Cond: ((id >= 6117657) AND (id <= 6117757))

table 2 : explain SELECT id, c FROM sbtest2 WHERE id BETWEEN 6117657 AND 6117757
	Index Scan using sbtest2_pkey on sbtest2  (cost=0.43..379.72 rows=96 width=125)
	  Index Cond: ((id >= 6117657) AND (id <= 6117757))

table 3 : explain SELECT id, c FROM sbtest3 WHERE id BETWEEN 6117657 AND 6117757
	Index Scan using sbtest3_pkey on sbtest3  (cost=0.43..411.94 rows=104 width=125)
	  Index Cond: ((id >= 6117657) AND (id <= 6117757))

table 4 : explain SELECT id, c FROM sbtest4 WHERE id BETWEEN 6117657 AND 6117757
	Index Scan using sbtest4_pkey on sbtest4  (cost=0.43..439.73 rows=111 width=125)
	  Index Cond: ((id >= 6117657) AND (id <= 6117757))

table 5 : explain SELECT id, c FROM sbtest5 WHERE id BETWEEN 6117657 AND 6117757
	Index Scan using sbtest5_pkey on sbtest5  (cost=0.43..404.67 rows=102 width=125)
	  Index Cond: ((id >= 6117657) AND (id <= 6117757))

table 6 : explain SELECT id, c FROM sbtest6 WHERE id BETWEEN 6117657 AND 6117757
	Index Scan using sbtest6_pkey on sbtest6  (cost=0.43..365.04 rows=92 width=125)
	  Index Cond: ((id >= 6117657) AND (id <= 6117757))

table 7 : explain SELECT id, c FROM sbtest7 WHERE id BETWEEN 6117657 AND 6117757
	Index Scan using sbtest7_pkey on sbtest7  (cost=0.43..431.46 rows=109 width=125)
	  Index Cond: ((id >= 6117657) AND (id <= 6117757))

table 8 : explain SELECT id, c FROM sbtest8 WHERE id BETWEEN 6117657 AND 6117757
	Index Scan using sbtest8_pkey on sbtest8  (cost=0.43..404.70 rows=102 width=125)
	  Index Cond: ((id >= 6117657) AND (id <= 6117757))

for range-notcovered
table 1 : explain SELECT id, c FROM sbtest1 WHERE id BETWEEN 6037720 AND 6037820
	Index Scan using sbtest1_pkey on sbtest1  (cost=0.43..399.45 rows=101 width=125)
	  Index Cond: ((id >= 6037720) AND (id <= 6037820))

table 2 : explain SELECT id, c FROM sbtest2 WHERE id BETWEEN 6037720 AND 6037820
	Index Scan using sbtest2_pkey on sbtest2  (cost=0.43..375.81 rows=95 width=125)
	  Index Cond: ((id >= 6037720) AND (id <= 6037820))

table 3 : explain SELECT id, c FROM sbtest3 WHERE id BETWEEN 6037720 AND 6037820
	Index Scan using sbtest3_pkey on sbtest3  (cost=0.43..380.61 rows=96 width=125)
	  Index Cond: ((id >= 6037720) AND (id <= 6037820))

table 4 : explain SELECT id, c FROM sbtest4 WHERE id BETWEEN 6037720 AND 6037820
	Index Scan using sbtest4_pkey on sbtest4  (cost=0.43..412.29 rows=104 width=125)
	  Index Cond: ((id >= 6037720) AND (id <= 6037820))

table 5 : explain SELECT id, c FROM sbtest5 WHERE id BETWEEN 6037720 AND 6037820
	Index Scan using sbtest5_pkey on sbtest5  (cost=0.43..381.14 rows=96 width=125)
	  Index Cond: ((id >= 6037720) AND (id <= 6037820))

table 6 : explain SELECT id, c FROM sbtest6 WHERE id BETWEEN 6037720 AND 6037820
	Index Scan using sbtest6_pkey on sbtest6  (cost=0.43..388.58 rows=98 width=125)
	  Index Cond: ((id >= 6037720) AND (id <= 6037820))

table 7 : explain SELECT id, c FROM sbtest7 WHERE id BETWEEN 6037720 AND 6037820
	Index Scan using sbtest7_pkey on sbtest7  (cost=0.43..415.80 rows=105 width=125)
	  Index Cond: ((id >= 6037720) AND (id <= 6037820))

table 8 : explain SELECT id, c FROM sbtest8 WHERE id BETWEEN 6037720 AND 6037820
	Index Scan using sbtest8_pkey on sbtest8  (cost=0.43..396.85 rows=100 width=125)
	  Index Cond: ((id >= 6037720) AND (id <= 6037820))

explain: for range-notcovered :: explain SELECT id, c FROM sbtest%d WHERE id BETWEEN 6117657 AND 6117757
explain: for range-notcovered :: explain SELECT id, c FROM sbtest%d WHERE id BETWEEN 6037720 AND 6037820
for range-notcovered
table 1 : explain SELECT id, c FROM sbtest1 WHERE id BETWEEN 3936462 AND 3936562
	Index Scan using sbtest1_pkey on sbtest1  (cost=0.43..368.15 rows=93 width=125)
	  Index Cond: ((id >= 3936462) AND (id <= 3936562))

table 2 : explain SELECT id, c FROM sbtest2 WHERE id BETWEEN 3936462 AND 3936562
	Index Scan using sbtest2_pkey on sbtest2  (cost=0.43..379.72 rows=96 width=125)
	  Index Cond: ((id >= 3936462) AND (id <= 3936562))

table 3 : explain SELECT id, c FROM sbtest3 WHERE id BETWEEN 3936462 AND 3936562
	Index Scan using sbtest3_pkey on sbtest3  (cost=0.43..392.36 rows=99 width=125)
	  Index Cond: ((id >= 3936462) AND (id <= 3936562))

table 4 : explain SELECT id, c FROM sbtest4 WHERE id BETWEEN 3936462 AND 3936562
	Index Scan using sbtest4_pkey on sbtest4  (cost=0.43..439.73 rows=111 width=125)
	  Index Cond: ((id >= 3936462) AND (id <= 3936562))

table 5 : explain SELECT id, c FROM sbtest5 WHERE id BETWEEN 3936462 AND 3936562
	Index Scan using sbtest5_pkey on sbtest5  (cost=0.43..392.90 rows=99 width=125)
	  Index Cond: ((id >= 3936462) AND (id <= 3936562))

table 6 : explain SELECT id, c FROM sbtest6 WHERE id BETWEEN 3936462 AND 3936562
	Index Scan using sbtest6_pkey on sbtest6  (cost=0.43..404.25 rows=102 width=125)
	  Index Cond: ((id >= 3936462) AND (id <= 3936562))

table 7 : explain SELECT id, c FROM sbtest7 WHERE id BETWEEN 3936462 AND 3936562
	Index Scan using sbtest7_pkey on sbtest7  (cost=0.43..400.13 rows=101 width=125)
	  Index Cond: ((id >= 3936462) AND (id <= 3936562))

table 8 : explain SELECT id, c FROM sbtest8 WHERE id BETWEEN 3936462 AND 3936562
	Index Scan using sbtest8_pkey on sbtest8  (cost=0.43..447.84 rows=113 width=125)
	  Index Cond: ((id >= 3936462) AND (id <= 3936562))

explain: for range-notcovered :: explain SELECT id, c FROM sbtest%d WHERE id BETWEEN 3936462 AND 3936562
for range-notcovered
table 1 : explain SELECT id, c FROM sbtest1 WHERE id BETWEEN 6037720 AND 6037820
	Index Scan using sbtest1_pkey on sbtest1  (cost=0.43..399.45 rows=101 width=125)
	  Index Cond: ((id >= 6037720) AND (id <= 6037820))

table 2 : explain SELECT id, c FROM sbtest2 WHERE id BETWEEN 6037720 AND 6037820
	Index Scan using sbtest2_pkey on sbtest2  (cost=0.43..375.81 rows=95 width=125)
	  Index Cond: ((id >= 6037720) AND (id <= 6037820))

table 3 : explain SELECT id, c FROM sbtest3 WHERE id BETWEEN 6037720 AND 6037820
	Index Scan using sbtest3_pkey on sbtest3  (cost=0.43..380.61 rows=96 width=125)
	  Index Cond: ((id >= 6037720) AND (id <= 6037820))

table 4 : explain SELECT id, c FROM sbtest4 WHERE id BETWEEN 6037720 AND 6037820
	Index Scan using sbtest4_pkey on sbtest4  (cost=0.43..412.29 rows=104 width=125)
	  Index Cond: ((id >= 6037720) AND (id <= 6037820))

table 5 : explain SELECT id, c FROM sbtest5 WHERE id BETWEEN 6037720 AND 6037820
	Index Scan using sbtest5_pkey on sbtest5  (cost=0.43..381.14 rows=96 width=125)
	  Index Cond: ((id >= 6037720) AND (id <= 6037820))

table 6 : explain SELECT id, c FROM sbtest6 WHERE id BETWEEN 6037720 AND 6037820
	Index Scan using sbtest6_pkey on sbtest6  (cost=0.43..388.58 rows=98 width=125)
	  Index Cond: ((id >= 6037720) AND (id <= 6037820))

table 7 : explain SELECT id, c FROM sbtest7 WHERE id BETWEEN 6037720 AND 6037820
	Index Scan using sbtest7_pkey on sbtest7  (cost=0.43..415.80 rows=105 width=125)
	  Index Cond: ((id >= 6037720) AND (id <= 6037820))

table 8 : explain SELECT id, c FROM sbtest8 WHERE id BETWEEN 6037720 AND 6037820
	Index Scan using sbtest8_pkey on sbtest8  (cost=0.43..396.85 rows=100 width=125)
	  Index Cond: ((id >= 6037720) AND (id <= 6037820))

explain: for range-notcovered :: explain SELECT id, c FROM sbtest%d WHERE id BETWEEN 6037720 AND 6037820
for range-notcovered
table 1 : explain SELECT id, c FROM sbtest1 WHERE id BETWEEN 4880841 AND 4880941
	Index Scan using sbtest1_pkey on sbtest1  (cost=0.43..395.54 rows=100 width=125)
	  Index Cond: ((id >= 4880841) AND (id <= 4880941))

table 2 : explain SELECT id, c FROM sbtest2 WHERE id BETWEEN 4880841 AND 4880941
	Index Scan using sbtest2_pkey on sbtest2  (cost=0.43..364.09 rows=92 width=125)
	  Index Cond: ((id >= 4880841) AND (id <= 4880941))

table 3 : explain SELECT id, c FROM sbtest3 WHERE id BETWEEN 4880841 AND 4880941
	Index Scan using sbtest3_pkey on sbtest3  (cost=0.43..400.19 rows=101 width=125)
	  Index Cond: ((id >= 4880841) AND (id <= 4880941))

table 4 : explain SELECT id, c FROM sbtest4 WHERE id BETWEEN 4880841 AND 4880941
	Index Scan using sbtest4_pkey on sbtest4  (cost=0.43..455.41 rows=115 width=125)
	  Index Cond: ((id >= 4880841) AND (id <= 4880941))

table 5 : explain SELECT id, c FROM sbtest5 WHERE id BETWEEN 4880841 AND 4880941
	Index Scan using sbtest5_pkey on sbtest5  (cost=0.43..420.36 rows=106 width=125)
	  Index Cond: ((id >= 4880841) AND (id <= 4880941))

table 6 : explain SELECT id, c FROM sbtest6 WHERE id BETWEEN 4880841 AND 4880941
	Index Scan using sbtest6_pkey on sbtest6  (cost=0.43..380.74 rows=96 width=125)
	  Index Cond: ((id >= 4880841) AND (id <= 4880941))

table 7 : explain SELECT id, c FROM sbtest7 WHERE id BETWEEN 4880841 AND 4880941
	Index Scan using sbtest7_pkey on sbtest7  (cost=0.43..396.22 rows=100 width=125)
	  Index Cond: ((id >= 4880841) AND (id <= 4880941))

table 8 : explain SELECT id, c FROM sbtest8 WHERE id BETWEEN 4880841 AND 4880941
	Index Scan using sbtest8_pkey on sbtest8  (cost=0.43..404.70 rows=102 width=125)
	  Index Cond: ((id >= 4880841) AND (id <= 4880941))

explain: for range-notcovered :: explain SELECT id, c FROM sbtest%d WHERE id BETWEEN 4880841 AND 4880941
for range-notcovered
table 1 : explain SELECT id, c FROM sbtest1 WHERE id BETWEEN 3936462 AND 3936562
	Index Scan using sbtest1_pkey on sbtest1  (cost=0.43..368.15 rows=93 width=125)
	  Index Cond: ((id >= 3936462) AND (id <= 3936562))

table 2 : explain SELECT id, c FROM sbtest2 WHERE id BETWEEN 3936462 AND 3936562
	Index Scan using sbtest2_pkey on sbtest2  (cost=0.43..379.72 rows=96 width=125)
	  Index Cond: ((id >= 3936462) AND (id <= 3936562))

table 3 : explain SELECT id, c FROM sbtest3 WHERE id BETWEEN 3936462 AND 3936562
	Index Scan using sbtest3_pkey on sbtest3  (cost=0.43..392.36 rows=99 width=125)
	  Index Cond: ((id >= 3936462) AND (id <= 3936562))

table 4 : explain SELECT id, c FROM sbtest4 WHERE id BETWEEN 3936462 AND 3936562
	Index Scan using sbtest4_pkey on sbtest4  (cost=0.43..439.73 rows=111 width=125)
	  Index Cond: ((id >= 3936462) AND (id <= 3936562))

table 5 : explain SELECT id, c FROM sbtest5 WHERE id BETWEEN 3936462 AND 3936562
	Index Scan using sbtest5_pkey on sbtest5  (cost=0.43..392.90 rows=99 width=125)
	  Index Cond: ((id >= 3936462) AND (id <= 3936562))

table 6 : explain SELECT id, c FROM sbtest6 WHERE id BETWEEN 3936462 AND 3936562
	Index Scan using sbtest6_pkey on sbtest6  (cost=0.43..404.25 rows=102 width=125)
	  Index Cond: ((id >= 3936462) AND (id <= 3936562))

table 7 : explain SELECT id, c FROM sbtest7 WHERE id BETWEEN 3936462 AND 3936562
	Index Scan using sbtest7_pkey on sbtest7  (cost=0.43..400.13 rows=101 width=125)
	  Index Cond: ((id >= 3936462) AND (id <= 3936562))

table 8 : explain SELECT id, c FROM sbtest8 WHERE id BETWEEN 3936462 AND 3936562
	Index Scan using sbtest8_pkey on sbtest8  (cost=0.43..447.84 rows=113 width=125)
	  Index Cond: ((id >= 3936462) AND (id <= 3936562))

explain: for range-notcovered :: explain SELECT id, c FROM sbtest%d WHERE id BETWEEN 3936462 AND 3936562
for range-notcovered
table 1 : explain SELECT id, c FROM sbtest1 WHERE id BETWEEN 6117657 AND 6117757
	Index Scan using sbtest1_pkey on sbtest1  (cost=0.43..387.72 rows=98 width=125)
	  Index Cond: ((id >= 6117657) AND (id <= 6117757))

table 2 : explain SELECT id, c FROM sbtest2 WHERE id BETWEEN 6117657 AND 6117757
	Index Scan using sbtest2_pkey on sbtest2  (cost=0.43..379.72 rows=96 width=125)
	  Index Cond: ((id >= 6117657) AND (id <= 6117757))

table 3 : explain SELECT id, c FROM sbtest3 WHERE id BETWEEN 6117657 AND 6117757
	Index Scan using sbtest3_pkey on sbtest3  (cost=0.43..411.94 rows=104 width=125)
	  Index Cond: ((id >= 6117657) AND (id <= 6117757))

table 4 : explain SELECT id, c FROM sbtest4 WHERE id BETWEEN 6117657 AND 6117757
	Index Scan using sbtest4_pkey on sbtest4  (cost=0.43..439.73 rows=111 width=125)
	  Index Cond: ((id >= 6117657) AND (id <= 6117757))

table 5 : explain SELECT id, c FROM sbtest5 WHERE id BETWEEN 6117657 AND 6117757
	Index Scan using sbtest5_pkey on sbtest5  (cost=0.43..404.67 rows=102 width=125)
	  Index Cond: ((id >= 6117657) AND (id <= 6117757))

table 6 : explain SELECT id, c FROM sbtest6 WHERE id BETWEEN 6117657 AND 6117757
	Index Scan using sbtest6_pkey on sbtest6  (cost=0.43..365.04 rows=92 width=125)
	  Index Cond: ((id >= 6117657) AND (id <= 6117757))

table 7 : explain SELECT id, c FROM sbtest7 WHERE id BETWEEN 6117657 AND 6117757
	Index Scan using sbtest7_pkey on sbtest7  (cost=0.43..431.46 rows=109 width=125)
	  Index Cond: ((id >= 6117657) AND (id <= 6117757))

table 8 : explain SELECT id, c FROM sbtest8 WHERE id BETWEEN 6117657 AND 6117757
	Index Scan using sbtest8_pkey on sbtest8  (cost=0.43..404.70 rows=102 width=125)
	  Index Cond: ((id >= 6117657) AND (id <= 6117757))

explain: for range-notcovered :: explain SELECT id, c FROM sbtest%d WHERE id BETWEEN 6117657 AND 6117757
for range-notcovered
table 1 : explain SELECT id, c FROM sbtest1 WHERE id BETWEEN 5686192 AND 5686292
	Index Scan using sbtest1_pkey on sbtest1  (cost=0.43..364.24 rows=92 width=125)
	  Index Cond: ((id >= 5686192) AND (id <= 5686292))

table 2 : explain SELECT id, c FROM sbtest2 WHERE id BETWEEN 5686192 AND 5686292
	Index Scan using sbtest2_pkey on sbtest2  (cost=0.43..430.55 rows=109 width=125)
	  Index Cond: ((id >= 5686192) AND (id <= 5686292))

table 3 : explain SELECT id, c FROM sbtest3 WHERE id BETWEEN 5686192 AND 5686292
	Index Scan using sbtest3_pkey on sbtest3  (cost=0.43..427.61 rows=108 width=125)
	  Index Cond: ((id >= 5686192) AND (id <= 5686292))

table 4 : explain SELECT id, c FROM sbtest4 WHERE id BETWEEN 5686192 AND 5686292
	Index Scan using sbtest4_pkey on sbtest4  (cost=0.43..412.29 rows=104 width=125)
	  Index Cond: ((id >= 5686192) AND (id <= 5686292))

table 5 : explain SELECT id, c FROM sbtest5 WHERE id BETWEEN 5686192 AND 5686292
	Index Scan using sbtest5_pkey on sbtest5  (cost=0.43..369.37 rows=93 width=125)
	  Index Cond: ((id >= 5686192) AND (id <= 5686292))

table 6 : explain SELECT id, c FROM sbtest6 WHERE id BETWEEN 5686192 AND 5686292
	Index Scan using sbtest6_pkey on sbtest6  (cost=0.43..368.96 rows=93 width=125)
	  Index Cond: ((id >= 5686192) AND (id <= 5686292))

table 7 : explain SELECT id, c FROM sbtest7 WHERE id BETWEEN 5686192 AND 5686292
	Index Scan using sbtest7_pkey on sbtest7  (cost=0.43..357.03 rows=90 width=125)
	  Index Cond: ((id >= 5686192) AND (id <= 5686292))

table 8 : explain SELECT id, c FROM sbtest8 WHERE id BETWEEN 5686192 AND 5686292
	Index Scan using sbtest8_pkey on sbtest8  (cost=0.43..416.46 rows=105 width=125)
	  Index Cond: ((id >= 5686192) AND (id <= 5686292))

for range-notcovered
table 1 : explain SELECT id, c FROM sbtest1 WHERE id BETWEEN 4880841 AND 4880941
	Index Scan using sbtest1_pkey on sbtest1  (cost=0.43..395.54 rows=100 width=125)
	  Index Cond: ((id >= 4880841) AND (id <= 4880941))

table 2 : explain SELECT id, c FROM sbtest2 WHERE id BETWEEN 4880841 AND 4880941
	Index Scan using sbtest2_pkey on sbtest2  (cost=0.43..364.09 rows=92 width=125)
	  Index Cond: ((id >= 4880841) AND (id <= 4880941))

table 3 : explain SELECT id, c FROM sbtest3 WHERE id BETWEEN 4880841 AND 4880941
	Index Scan using sbtest3_pkey on sbtest3  (cost=0.43..400.19 rows=101 width=125)
	  Index Cond: ((id >= 4880841) AND (id <= 4880941))

table 4 : explain SELECT id, c FROM sbtest4 WHERE id BETWEEN 4880841 AND 4880941
	Index Scan using sbtest4_pkey on sbtest4  (cost=0.43..455.41 rows=115 width=125)
	  Index Cond: ((id >= 4880841) AND (id <= 4880941))

table 5 : explain SELECT id, c FROM sbtest5 WHERE id BETWEEN 4880841 AND 4880941
	Index Scan using sbtest5_pkey on sbtest5  (cost=0.43..420.36 rows=106 width=125)
	  Index Cond: ((id >= 4880841) AND (id <= 4880941))

table 6 : explain SELECT id, c FROM sbtest6 WHERE id BETWEEN 4880841 AND 4880941
	Index Scan using sbtest6_pkey on sbtest6  (cost=0.43..380.74 rows=96 width=125)
	  Index Cond: ((id >= 4880841) AND (id <= 4880941))

table 7 : explain SELECT id, c FROM sbtest7 WHERE id BETWEEN 4880841 AND 4880941
	Index Scan using sbtest7_pkey on sbtest7  (cost=0.43..396.22 rows=100 width=125)
	  Index Cond: ((id >= 4880841) AND (id <= 4880941))

table 8 : explain SELECT id, c FROM sbtest8 WHERE id BETWEEN 4880841 AND 4880941
	Index Scan using sbtest8_pkey on sbtest8  (cost=0.43..404.70 rows=102 width=125)
	  Index Cond: ((id >= 4880841) AND (id <= 4880941))

for range-notcovered
table 1 : explain SELECT id, c FROM sbtest1 WHERE id BETWEEN 2723453 AND 2723553
	Index Scan using sbtest1_pkey on sbtest1  (cost=0.43..391.63 rows=99 width=125)
	  Index Cond: ((id >= 2723453) AND (id <= 2723553))

table 2 : explain SELECT id, c FROM sbtest2 WHERE id BETWEEN 2723453 AND 2723553
	Index Scan using sbtest2_pkey on sbtest2  (cost=0.43..403.19 rows=102 width=125)
	  Index Cond: ((id >= 2723453) AND (id <= 2723553))

table 3 : explain SELECT id, c FROM sbtest3 WHERE id BETWEEN 2723453 AND 2723553
	Index Scan using sbtest3_pkey on sbtest3  (cost=0.43..372.78 rows=94 width=125)
	  Index Cond: ((id >= 2723453) AND (id <= 2723553))

table 4 : explain SELECT id, c FROM sbtest4 WHERE id BETWEEN 2723453 AND 2723553
	Index Scan using sbtest4_pkey on sbtest4  (cost=0.43..384.85 rows=97 width=125)
	  Index Cond: ((id >= 2723453) AND (id <= 2723553))

table 5 : explain SELECT id, c FROM sbtest5 WHERE id BETWEEN 2723453 AND 2723553
	Index Scan using sbtest5_pkey on sbtest5  (cost=0.43..353.66 rows=89 width=125)
	  Index Cond: ((id >= 2723453) AND (id <= 2723553))

table 6 : explain SELECT id, c FROM sbtest6 WHERE id BETWEEN 2723453 AND 2723553
	Index Scan using sbtest6_pkey on sbtest6  (cost=0.43..435.59 rows=110 width=125)
	  Index Cond: ((id >= 2723453) AND (id <= 2723553))

table 7 : explain SELECT id, c FROM sbtest7 WHERE id BETWEEN 2723453 AND 2723553
	Index Scan using sbtest7_pkey on sbtest7  (cost=0.43..368.81 rows=93 width=125)
	  Index Cond: ((id >= 2723453) AND (id <= 2723553))

table 8 : explain SELECT id, c FROM sbtest8 WHERE id BETWEEN 2723453 AND 2723553
	Index Scan using sbtest8_pkey on sbtest8  (cost=0.43..400.77 rows=101 width=125)
	  Index Cond: ((id >= 2723453) AND (id <= 2723553))

explain: for range-notcovered :: explain SELECT id, c FROM sbtest%d WHERE id BETWEEN 4880841 AND 4880941
for range-notcovered
table 1 : explain SELECT id, c FROM sbtest1 WHERE id BETWEEN 9033077 AND 9033177
	Index Scan using sbtest1_pkey on sbtest1  (cost=0.43..387.72 rows=98 width=125)
	  Index Cond: ((id >= 9033077) AND (id <= 9033177))

table 2 : explain SELECT id, c FROM sbtest2 WHERE id BETWEEN 9033077 AND 9033177
	Index Scan using sbtest2_pkey on sbtest2  (cost=0.43..395.38 rows=100 width=125)
	  Index Cond: ((id >= 9033077) AND (id <= 9033177))

table 3 : explain SELECT id, c FROM sbtest3 WHERE id BETWEEN 9033077 AND 9033177
	Index Scan using sbtest3_pkey on sbtest3  (cost=0.43..435.44 rows=110 width=125)
	  Index Cond: ((id >= 9033077) AND (id <= 9033177))

table 4 : explain SELECT id, c FROM sbtest4 WHERE id BETWEEN 9033077 AND 9033177
	Index Scan using sbtest4_pkey on sbtest4  (cost=0.43..396.61 rows=100 width=125)
	  Index Cond: ((id >= 9033077) AND (id <= 9033177))

table 5 : explain SELECT id, c FROM sbtest5 WHERE id BETWEEN 9033077 AND 9033177
	Index Scan using sbtest5_pkey on sbtest5  (cost=0.43..424.28 rows=107 width=125)
	  Index Cond: ((id >= 9033077) AND (id <= 9033177))

table 6 : explain SELECT id, c FROM sbtest6 WHERE id BETWEEN 9033077 AND 9033177
	Index Scan using sbtest6_pkey on sbtest6  (cost=0.43..365.04 rows=92 width=125)
	  Index Cond: ((id >= 9033077) AND (id <= 9033177))

table 7 : explain SELECT id, c FROM sbtest7 WHERE id BETWEEN 9033077 AND 9033177
	Index Scan using sbtest7_pkey on sbtest7  (cost=0.43..376.64 rows=95 width=125)
	  Index Cond: ((id >= 9033077) AND (id <= 9033177))

table 8 : explain SELECT id, c FROM sbtest8 WHERE id BETWEEN 9033077 AND 9033177
	Index Scan using sbtest8_pkey on sbtest8  (cost=0.43..381.14 rows=96 width=125)
	  Index Cond: ((id >= 9033077) AND (id <= 9033177))

explain: for range-notcovered :: explain SELECT id, c FROM sbtest%d WHERE id BETWEEN 2723453 AND 2723553
explain: for range-notcovered :: explain SELECT id, c FROM sbtest%d WHERE id BETWEEN 9033077 AND 9033177
for range-notcovered
table 1 : explain SELECT id, c FROM sbtest1 WHERE id BETWEEN 3936462 AND 3936562
	Index Scan using sbtest1_pkey on sbtest1  (cost=0.43..368.15 rows=93 width=125)
	  Index Cond: ((id >= 3936462) AND (id <= 3936562))

table 2 : explain SELECT id, c FROM sbtest2 WHERE id BETWEEN 3936462 AND 3936562
	Index Scan using sbtest2_pkey on sbtest2  (cost=0.43..379.72 rows=96 width=125)
	  Index Cond: ((id >= 3936462) AND (id <= 3936562))

table 3 : explain SELECT id, c FROM sbtest3 WHERE id BETWEEN 3936462 AND 3936562
	Index Scan using sbtest3_pkey on sbtest3  (cost=0.43..392.36 rows=99 width=125)
	  Index Cond: ((id >= 3936462) AND (id <= 3936562))

table 4 : explain SELECT id, c FROM sbtest4 WHERE id BETWEEN 3936462 AND 3936562
	Index Scan using sbtest4_pkey on sbtest4  (cost=0.43..439.73 rows=111 width=125)
	  Index Cond: ((id >= 3936462) AND (id <= 3936562))

table 5 : explain SELECT id, c FROM sbtest5 WHERE id BETWEEN 3936462 AND 3936562
	Index Scan using sbtest5_pkey on sbtest5  (cost=0.43..392.90 rows=99 width=125)
	  Index Cond: ((id >= 3936462) AND (id <= 3936562))

table 6 : explain SELECT id, c FROM sbtest6 WHERE id BETWEEN 3936462 AND 3936562
	Index Scan using sbtest6_pkey on sbtest6  (cost=0.43..404.25 rows=102 width=125)
	  Index Cond: ((id >= 3936462) AND (id <= 3936562))

table 7 : explain SELECT id, c FROM sbtest7 WHERE id BETWEEN 3936462 AND 3936562
	Index Scan using sbtest7_pkey on sbtest7  (cost=0.43..400.13 rows=101 width=125)
	  Index Cond: ((id >= 3936462) AND (id <= 3936562))

table 8 : explain SELECT id, c FROM sbtest8 WHERE id BETWEEN 3936462 AND 3936562
	Index Scan using sbtest8_pkey on sbtest8  (cost=0.43..447.84 rows=113 width=125)
	  Index Cond: ((id >= 3936462) AND (id <= 3936562))

explain: for range-notcovered :: explain SELECT id, c FROM sbtest%d WHERE id BETWEEN 3936462 AND 3936562
for range-notcovered
table 1 : explain SELECT id, c FROM sbtest1 WHERE id BETWEEN 6117657 AND 6117757
	Index Scan using sbtest1_pkey on sbtest1  (cost=0.43..387.72 rows=98 width=125)
	  Index Cond: ((id >= 6117657) AND (id <= 6117757))

table 2 : explain SELECT id, c FROM sbtest2 WHERE id BETWEEN 6117657 AND 6117757
	Index Scan using sbtest2_pkey on sbtest2  (cost=0.43..379.72 rows=96 width=125)
	  Index Cond: ((id >= 6117657) AND (id <= 6117757))

table 3 : explain SELECT id, c FROM sbtest3 WHERE id BETWEEN 6117657 AND 6117757
	Index Scan using sbtest3_pkey on sbtest3  (cost=0.43..411.94 rows=104 width=125)
	  Index Cond: ((id >= 6117657) AND (id <= 6117757))

table 4 : explain SELECT id, c FROM sbtest4 WHERE id BETWEEN 6117657 AND 6117757
	Index Scan using sbtest4_pkey on sbtest4  (cost=0.43..439.73 rows=111 width=125)
	  Index Cond: ((id >= 6117657) AND (id <= 6117757))

table 5 : explain SELECT id, c FROM sbtest5 WHERE id BETWEEN 6117657 AND 6117757
	Index Scan using sbtest5_pkey on sbtest5  (cost=0.43..404.67 rows=102 width=125)
	  Index Cond: ((id >= 6117657) AND (id <= 6117757))

table 6 : explain SELECT id, c FROM sbtest6 WHERE id BETWEEN 6117657 AND 6117757
	Index Scan using sbtest6_pkey on sbtest6  (cost=0.43..365.04 rows=92 width=125)
	  Index Cond: ((id >= 6117657) AND (id <= 6117757))

table 7 : explain SELECT id, c FROM sbtest7 WHERE id BETWEEN 6117657 AND 6117757
	Index Scan using sbtest7_pkey on sbtest7  (cost=0.43..431.46 rows=109 width=125)
	  Index Cond: ((id >= 6117657) AND (id <= 6117757))

table 8 : explain SELECT id, c FROM sbtest8 WHERE id BETWEEN 6117657 AND 6117757
	Index Scan using sbtest8_pkey on sbtest8  (cost=0.43..404.70 rows=102 width=125)
	  Index Cond: ((id >= 6117657) AND (id <= 6117757))

explain: for range-notcovered :: explain SELECT id, c FROM sbtest%d WHERE id BETWEEN 6117657 AND 6117757
for range-notcovered
table 1 : explain SELECT id, c FROM sbtest1 WHERE id BETWEEN 6037720 AND 6037820
	Index Scan using sbtest1_pkey on sbtest1  (cost=0.43..399.45 rows=101 width=125)
	  Index Cond: ((id >= 6037720) AND (id <= 6037820))

table 2 : explain SELECT id, c FROM sbtest2 WHERE id BETWEEN 6037720 AND 6037820
	Index Scan using sbtest2_pkey on sbtest2  (cost=0.43..375.81 rows=95 width=125)
	  Index Cond: ((id >= 6037720) AND (id <= 6037820))

table 3 : explain SELECT id, c FROM sbtest3 WHERE id BETWEEN 6037720 AND 6037820
	Index Scan using sbtest3_pkey on sbtest3  (cost=0.43..380.61 rows=96 width=125)
	  Index Cond: ((id >= 6037720) AND (id <= 6037820))

table 4 : explain SELECT id, c FROM sbtest4 WHERE id BETWEEN 6037720 AND 6037820
	Index Scan using sbtest4_pkey on sbtest4  (cost=0.43..412.29 rows=104 width=125)
	  Index Cond: ((id >= 6037720) AND (id <= 6037820))

table 5 : explain SELECT id, c FROM sbtest5 WHERE id BETWEEN 6037720 AND 6037820
	Index Scan using sbtest5_pkey on sbtest5  (cost=0.43..381.14 rows=96 width=125)
	  Index Cond: ((id >= 6037720) AND (id <= 6037820))

table 6 : explain SELECT id, c FROM sbtest6 WHERE id BETWEEN 6037720 AND 6037820
	Index Scan using sbtest6_pkey on sbtest6  (cost=0.43..388.58 rows=98 width=125)
	  Index Cond: ((id >= 6037720) AND (id <= 6037820))

table 7 : explain SELECT id, c FROM sbtest7 WHERE id BETWEEN 6037720 AND 6037820
	Index Scan using sbtest7_pkey on sbtest7  (cost=0.43..415.80 rows=105 width=125)
	  Index Cond: ((id >= 6037720) AND (id <= 6037820))

table 8 : explain SELECT id, c FROM sbtest8 WHERE id BETWEEN 6037720 AND 6037820
	Index Scan using sbtest8_pkey on sbtest8  (cost=0.43..396.85 rows=100 width=125)
	  Index Cond: ((id >= 6037720) AND (id <= 6037820))

for range-notcovered
table 1 : explain SELECT id, c FROM sbtest1 WHERE id BETWEEN 4880841 AND 4880941
	Index Scan using sbtest1_pkey on sbtest1  (cost=0.43..395.54 rows=100 width=125)
	  Index Cond: ((id >= 4880841) AND (id <= 4880941))

table 2 : explain SELECT id, c FROM sbtest2 WHERE id BETWEEN 4880841 AND 4880941
	Index Scan using sbtest2_pkey on sbtest2  (cost=0.43..364.09 rows=92 width=125)
	  Index Cond: ((id >= 4880841) AND (id <= 4880941))

table 3 : explain SELECT id, c FROM sbtest3 WHERE id BETWEEN 4880841 AND 4880941
	Index Scan using sbtest3_pkey on sbtest3  (cost=0.43..400.19 rows=101 width=125)
	  Index Cond: ((id >= 4880841) AND (id <= 4880941))

table 4 : explain SELECT id, c FROM sbtest4 WHERE id BETWEEN 4880841 AND 4880941
	Index Scan using sbtest4_pkey on sbtest4  (cost=0.43..455.41 rows=115 width=125)
	  Index Cond: ((id >= 4880841) AND (id <= 4880941))

table 5 : explain SELECT id, c FROM sbtest5 WHERE id BETWEEN 4880841 AND 4880941
	Index Scan using sbtest5_pkey on sbtest5  (cost=0.43..420.36 rows=106 width=125)
	  Index Cond: ((id >= 4880841) AND (id <= 4880941))

table 6 : explain SELECT id, c FROM sbtest6 WHERE id BETWEEN 4880841 AND 4880941
	Index Scan using sbtest6_pkey on sbtest6  (cost=0.43..380.74 rows=96 width=125)
	  Index Cond: ((id >= 4880841) AND (id <= 4880941))

table 7 : explain SELECT id, c FROM sbtest7 WHERE id BETWEEN 4880841 AND 4880941
	Index Scan using sbtest7_pkey on sbtest7  (cost=0.43..396.22 rows=100 width=125)
	  Index Cond: ((id >= 4880841) AND (id <= 4880941))

table 8 : explain SELECT id, c FROM sbtest8 WHERE id BETWEEN 4880841 AND 4880941
	Index Scan using sbtest8_pkey on sbtest8  (cost=0.43..404.70 rows=102 width=125)
	  Index Cond: ((id >= 4880841) AND (id <= 4880941))

for range-notcovered
table 1 : explain SELECT id, c FROM sbtest1 WHERE id BETWEEN 7178648 AND 7178748
	Index Scan using sbtest1_pkey on sbtest1  (cost=0.43..387.72 rows=98 width=125)
	  Index Cond: ((id >= 7178648) AND (id <= 7178748))

table 2 : explain SELECT id, c FROM sbtest2 WHERE id BETWEEN 7178648 AND 7178748
	Index Scan using sbtest2_pkey on sbtest2  (cost=0.43..411.01 rows=104 width=125)
	  Index Cond: ((id >= 7178648) AND (id <= 7178748))

table 3 : explain SELECT id, c FROM sbtest3 WHERE id BETWEEN 7178648 AND 7178748
	Index Scan using sbtest3_pkey on sbtest3  (cost=0.43..380.61 rows=96 width=125)
	  Index Cond: ((id >= 7178648) AND (id <= 7178748))

table 4 : explain SELECT id, c FROM sbtest4 WHERE id BETWEEN 7178648 AND 7178748
	Index Scan using sbtest4_pkey on sbtest4  (cost=0.43..408.37 rows=103 width=125)
	  Index Cond: ((id >= 7178648) AND (id <= 7178748))

table 5 : explain SELECT id, c FROM sbtest5 WHERE id BETWEEN 7178648 AND 7178748
	Index Scan using sbtest5_pkey on sbtest5  (cost=0.43..432.12 rows=109 width=125)
	  Index Cond: ((id >= 7178648) AND (id <= 7178748))

table 6 : explain SELECT id, c FROM sbtest6 WHERE id BETWEEN 7178648 AND 7178748
	Index Scan using sbtest6_pkey on sbtest6  (cost=0.43..419.92 rows=106 width=125)
	  Index Cond: ((id >= 7178648) AND (id <= 7178748))

table 7 : explain SELECT id, c FROM sbtest7 WHERE id BETWEEN 7178648 AND 7178748
	Index Scan using sbtest7_pkey on sbtest7  (cost=0.43..360.95 rows=91 width=125)
	  Index Cond: ((id >= 7178648) AND (id <= 7178748))

table 8 : explain SELECT id, c FROM sbtest8 WHERE id BETWEEN 7178648 AND 7178748
	Index Scan using sbtest8_pkey on sbtest8  (cost=0.43..392.93 rows=99 width=125)
	  Index Cond: ((id >= 7178648) AND (id <= 7178748))

explain: for range-notcovered :: explain SELECT id, c FROM sbtest%d WHERE id BETWEEN 4880841 AND 4880941
for range-notcovered
table 1 : explain SELECT id, c FROM sbtest1 WHERE id BETWEEN 9033077 AND 9033177
	Index Scan using sbtest1_pkey on sbtest1  (cost=0.43..387.72 rows=98 width=125)
	  Index Cond: ((id >= 9033077) AND (id <= 9033177))

table 2 : explain SELECT id, c FROM sbtest2 WHERE id BETWEEN 9033077 AND 9033177
	Index Scan using sbtest2_pkey on sbtest2  (cost=0.43..395.38 rows=100 width=125)
	  Index Cond: ((id >= 9033077) AND (id <= 9033177))

table 3 : explain SELECT id, c FROM sbtest3 WHERE id BETWEEN 9033077 AND 9033177
	Index Scan using sbtest3_pkey on sbtest3  (cost=0.43..435.44 rows=110 width=125)
	  Index Cond: ((id >= 9033077) AND (id <= 9033177))

table 4 : explain SELECT id, c FROM sbtest4 WHERE id BETWEEN 9033077 AND 9033177
	Index Scan using sbtest4_pkey on sbtest4  (cost=0.43..396.61 rows=100 width=125)
	  Index Cond: ((id >= 9033077) AND (id <= 9033177))

table 5 : explain SELECT id, c FROM sbtest5 WHERE id BETWEEN 9033077 AND 9033177
	Index Scan using sbtest5_pkey on sbtest5  (cost=0.43..424.28 rows=107 width=125)
	  Index Cond: ((id >= 9033077) AND (id <= 9033177))

table 6 : explain SELECT id, c FROM sbtest6 WHERE id BETWEEN 9033077 AND 9033177
	Index Scan using sbtest6_pkey on sbtest6  (cost=0.43..365.04 rows=92 width=125)
	  Index Cond: ((id >= 9033077) AND (id <= 9033177))

table 7 : explain SELECT id, c FROM sbtest7 WHERE id BETWEEN 9033077 AND 9033177
	Index Scan using sbtest7_pkey on sbtest7  (cost=0.43..376.64 rows=95 width=125)
	  Index Cond: ((id >= 9033077) AND (id <= 9033177))

table 8 : explain SELECT id, c FROM sbtest8 WHERE id BETWEEN 9033077 AND 9033177
	Index Scan using sbtest8_pkey on sbtest8  (cost=0.43..381.14 rows=96 width=125)
	  Index Cond: ((id >= 9033077) AND (id <= 9033177))

for range-notcovered
table 1 : explain SELECT id, c FROM sbtest1 WHERE id BETWEEN 2723453 AND 2723553
	Index Scan using sbtest1_pkey on sbtest1  (cost=0.43..391.63 rows=99 width=125)
	  Index Cond: ((id >= 2723453) AND (id <= 2723553))

table 2 : explain SELECT id, c FROM sbtest2 WHERE id BETWEEN 2723453 AND 2723553
	Index Scan using sbtest2_pkey on sbtest2  (cost=0.43..403.19 rows=102 width=125)
	  Index Cond: ((id >= 2723453) AND (id <= 2723553))

table 3 : explain SELECT id, c FROM sbtest3 WHERE id BETWEEN 2723453 AND 2723553
	Index Scan using sbtest3_pkey on sbtest3  (cost=0.43..372.78 rows=94 width=125)
	  Index Cond: ((id >= 2723453) AND (id <= 2723553))

table 4 : explain SELECT id, c FROM sbtest4 WHERE id BETWEEN 2723453 AND 2723553
	Index Scan using sbtest4_pkey on sbtest4  (cost=0.43..384.85 rows=97 width=125)
	  Index Cond: ((id >= 2723453) AND (id <= 2723553))

table 5 : explain SELECT id, c FROM sbtest5 WHERE id BETWEEN 2723453 AND 2723553
	Index Scan using sbtest5_pkey on sbtest5  (cost=0.43..353.66 rows=89 width=125)
	  Index Cond: ((id >= 2723453) AND (id <= 2723553))

table 6 : explain SELECT id, c FROM sbtest6 WHERE id BETWEEN 2723453 AND 2723553
	Index Scan using sbtest6_pkey on sbtest6  (cost=0.43..435.59 rows=110 width=125)
	  Index Cond: ((id >= 2723453) AND (id <= 2723553))

table 7 : explain SELECT id, c FROM sbtest7 WHERE id BETWEEN 2723453 AND 2723553
	Index Scan using sbtest7_pkey on sbtest7  (cost=0.43..368.81 rows=93 width=125)
	  Index Cond: ((id >= 2723453) AND (id <= 2723553))

table 8 : explain SELECT id, c FROM sbtest8 WHERE id BETWEEN 2723453 AND 2723553
	Index Scan using sbtest8_pkey on sbtest8  (cost=0.43..400.77 rows=101 width=125)
	  Index Cond: ((id >= 2723453) AND (id <= 2723553))

for range-notcovered
table 1 : explain SELECT id, c FROM sbtest1 WHERE id BETWEEN 3936462 AND 3936562
	Index Scan using sbtest1_pkey on sbtest1  (cost=0.43..368.15 rows=93 width=125)
	  Index Cond: ((id >= 3936462) AND (id <= 3936562))

table 2 : explain SELECT id, c FROM sbtest2 WHERE id BETWEEN 3936462 AND 3936562
	Index Scan using sbtest2_pkey on sbtest2  (cost=0.43..379.72 rows=96 width=125)
	  Index Cond: ((id >= 3936462) AND (id <= 3936562))

table 3 : explain SELECT id, c FROM sbtest3 WHERE id BETWEEN 3936462 AND 3936562
	Index Scan using sbtest3_pkey on sbtest3  (cost=0.43..392.36 rows=99 width=125)
	  Index Cond: ((id >= 3936462) AND (id <= 3936562))

table 4 : explain SELECT id, c FROM sbtest4 WHERE id BETWEEN 3936462 AND 3936562
	Index Scan using sbtest4_pkey on sbtest4  (cost=0.43..439.73 rows=111 width=125)
	  Index Cond: ((id >= 3936462) AND (id <= 3936562))

table 5 : explain SELECT id, c FROM sbtest5 WHERE id BETWEEN 3936462 AND 3936562
	Index Scan using sbtest5_pkey on sbtest5  (cost=0.43..392.90 rows=99 width=125)
	  Index Cond: ((id >= 3936462) AND (id <= 3936562))

table 6 : explain SELECT id, c FROM sbtest6 WHERE id BETWEEN 3936462 AND 3936562
	Index Scan using sbtest6_pkey on sbtest6  (cost=0.43..404.25 rows=102 width=125)
	  Index Cond: ((id >= 3936462) AND (id <= 3936562))

table 7 : explain SELECT id, c FROM sbtest7 WHERE id BETWEEN 3936462 AND 3936562
	Index Scan using sbtest7_pkey on sbtest7  (cost=0.43..400.13 rows=101 width=125)
	  Index Cond: ((id >= 3936462) AND (id <= 3936562))

table 8 : explain SELECT id, c FROM sbtest8 WHERE id BETWEEN 3936462 AND 3936562
	Index Scan using sbtest8_pkey on sbtest8  (cost=0.43..447.84 rows=113 width=125)
	  Index Cond: ((id >= 3936462) AND (id <= 3936562))

explain: for range-notcovered :: explain SELECT id, c FROM sbtest%d WHERE id BETWEEN 9033077 AND 9033177
explain: for range-notcovered :: explain SELECT id, c FROM sbtest%d WHERE id BETWEEN 2723453 AND 2723553
explain: for range-notcovered :: explain SELECT id, c FROM sbtest%d WHERE id BETWEEN 3936462 AND 3936562
for range-notcovered
table 1 : explain SELECT id, c FROM sbtest1 WHERE id BETWEEN 6117657 AND 6117757
	Index Scan using sbtest1_pkey on sbtest1  (cost=0.43..387.72 rows=98 width=125)
	  Index Cond: ((id >= 6117657) AND (id <= 6117757))

table 2 : explain SELECT id, c FROM sbtest2 WHERE id BETWEEN 6117657 AND 6117757
	Index Scan using sbtest2_pkey on sbtest2  (cost=0.43..379.72 rows=96 width=125)
	  Index Cond: ((id >= 6117657) AND (id <= 6117757))

table 3 : explain SELECT id, c FROM sbtest3 WHERE id BETWEEN 6117657 AND 6117757
	Index Scan using sbtest3_pkey on sbtest3  (cost=0.43..411.94 rows=104 width=125)
	  Index Cond: ((id >= 6117657) AND (id <= 6117757))

table 4 : explain SELECT id, c FROM sbtest4 WHERE id BETWEEN 6117657 AND 6117757
	Index Scan using sbtest4_pkey on sbtest4  (cost=0.43..439.73 rows=111 width=125)
	  Index Cond: ((id >= 6117657) AND (id <= 6117757))

table 5 : explain SELECT id, c FROM sbtest5 WHERE id BETWEEN 6117657 AND 6117757
	Index Scan using sbtest5_pkey on sbtest5  (cost=0.43..404.67 rows=102 width=125)
	  Index Cond: ((id >= 6117657) AND (id <= 6117757))

table 6 : explain SELECT id, c FROM sbtest6 WHERE id BETWEEN 6117657 AND 6117757
	Index Scan using sbtest6_pkey on sbtest6  (cost=0.43..365.04 rows=92 width=125)
	  Index Cond: ((id >= 6117657) AND (id <= 6117757))

table 7 : explain SELECT id, c FROM sbtest7 WHERE id BETWEEN 6117657 AND 6117757
	Index Scan using sbtest7_pkey on sbtest7  (cost=0.43..431.46 rows=109 width=125)
	  Index Cond: ((id >= 6117657) AND (id <= 6117757))

table 8 : explain SELECT id, c FROM sbtest8 WHERE id BETWEEN 6117657 AND 6117757
	Index Scan using sbtest8_pkey on sbtest8  (cost=0.43..404.70 rows=102 width=125)
	  Index Cond: ((id >= 6117657) AND (id <= 6117757))

explain: for range-notcovered :: explain SELECT id, c FROM sbtest%d WHERE id BETWEEN 8910349 AND 8910449
explain: for range-notcovered :: explain SELECT id, c FROM sbtest%d WHERE id BETWEEN 5972354 AND 5972454
for range-notcovered
table 1 : explain SELECT id, c FROM sbtest1 WHERE id BETWEEN 2676287 AND 2676387
	Index Scan using sbtest1_pkey on sbtest1  (cost=0.43..430.72 rows=109 width=125)
	  Index Cond: ((id >= 2676287) AND (id <= 2676387))

table 2 : explain SELECT id, c FROM sbtest2 WHERE id BETWEEN 2676287 AND 2676387
	Index Scan using sbtest2_pkey on sbtest2  (cost=0.43..391.47 rows=99 width=125)
	  Index Cond: ((id >= 2676287) AND (id <= 2676387))

table 3 : explain SELECT id, c FROM sbtest3 WHERE id BETWEEN 2676287 AND 2676387
	Index Scan using sbtest3_pkey on sbtest3  (cost=0.43..380.61 rows=96 width=125)
	  Index Cond: ((id >= 2676287) AND (id <= 2676387))

table 4 : explain SELECT id, c FROM sbtest4 WHERE id BETWEEN 2676287 AND 2676387
	Index Scan using sbtest4_pkey on sbtest4  (cost=0.43..384.85 rows=97 width=125)
	  Index Cond: ((id >= 2676287) AND (id <= 2676387))

table 5 : explain SELECT id, c FROM sbtest5 WHERE id BETWEEN 2676287 AND 2676387
	Index Scan using sbtest5_pkey on sbtest5  (cost=0.43..420.36 rows=106 width=125)
	  Index Cond: ((id >= 2676287) AND (id <= 2676387))

table 6 : explain SELECT id, c FROM sbtest6 WHERE id BETWEEN 2676287 AND 2676387
	Index Scan using sbtest6_pkey on sbtest6  (cost=0.43..392.50 rows=99 width=125)
	  Index Cond: ((id >= 2676287) AND (id <= 2676387))

table 7 : explain SELECT id, c FROM sbtest7 WHERE id BETWEEN 2676287 AND 2676387
	Index Scan using sbtest7_pkey on sbtest7  (cost=0.43..368.81 rows=93 width=125)
	  Index Cond: ((id >= 2676287) AND (id <= 2676387))

table 8 : explain SELECT id, c FROM sbtest8 WHERE id BETWEEN 2676287 AND 2676387
	Index Scan using sbtest8_pkey on sbtest8  (cost=0.43..400.77 rows=101 width=125)
	  Index Cond: ((id >= 2676287) AND (id <= 2676387))

explain: for range-notcovered :: explain SELECT id, c FROM sbtest%d WHERE id BETWEEN 6800516 AND 6800616
explain: for range-notcovered :: explain SELECT id, c FROM sbtest%d WHERE id BETWEEN 7178648 AND 7178748
for range-notcovered
table 1 : explain SELECT id, c FROM sbtest1 WHERE id BETWEEN 4304088 AND 4304188
	Index Scan using sbtest1_pkey on sbtest1  (cost=0.43..368.15 rows=93 width=125)
	  Index Cond: ((id >= 4304088) AND (id <= 4304188))

table 2 : explain SELECT id, c FROM sbtest2 WHERE id BETWEEN 4304088 AND 4304188
	Index Scan using sbtest2_pkey on sbtest2  (cost=0.43..407.10 rows=103 width=125)
	  Index Cond: ((id >= 4304088) AND (id <= 4304188))

table 3 : explain SELECT id, c FROM sbtest3 WHERE id BETWEEN 4304088 AND 4304188
	Index Scan using sbtest3_pkey on sbtest3  (cost=0.43..411.94 rows=104 width=125)
	  Index Cond: ((id >= 4304088) AND (id <= 4304188))

table 4 : explain SELECT id, c FROM sbtest4 WHERE id BETWEEN 4304088 AND 4304188
	Index Scan using sbtest4_pkey on sbtest4  (cost=0.43..404.45 rows=102 width=125)
	  Index Cond: ((id >= 4304088) AND (id <= 4304188))

table 5 : explain SELECT id, c FROM sbtest5 WHERE id BETWEEN 4304088 AND 4304188
	Index Scan using sbtest5_pkey on sbtest5  (cost=0.43..365.45 rows=92 width=125)
	  Index Cond: ((id >= 4304088) AND (id <= 4304188))

table 6 : explain SELECT id, c FROM sbtest6 WHERE id BETWEEN 4304088 AND 4304188
	Index Scan using sbtest6_pkey on sbtest6  (cost=0.43..368.96 rows=93 width=125)
	  Index Cond: ((id >= 4304088) AND (id <= 4304188))

table 7 : explain SELECT id, c FROM sbtest7 WHERE id BETWEEN 4304088 AND 4304188
	Index Scan using sbtest7_pkey on sbtest7  (cost=0.43..372.72 rows=94 width=125)
	  Index Cond: ((id >= 4304088) AND (id <= 4304188))

table 8 : explain SELECT id, c FROM sbtest8 WHERE id BETWEEN 4304088 AND 4304188
	Index Scan using sbtest8_pkey on sbtest8  (cost=0.43..412.54 rows=104 width=125)
	  Index Cond: ((id >= 4304088) AND (id <= 4304188))

for range-notcovered
table 1 : explain SELECT id, c FROM sbtest1 WHERE id BETWEEN 2723453 AND 2723553
	Index Scan using sbtest1_pkey on sbtest1  (cost=0.43..391.63 rows=99 width=125)
	  Index Cond: ((id >= 2723453) AND (id <= 2723553))

table 2 : explain SELECT id, c FROM sbtest2 WHERE id BETWEEN 2723453 AND 2723553
	Index Scan using sbtest2_pkey on sbtest2  (cost=0.43..403.19 rows=102 width=125)
	  Index Cond: ((id >= 2723453) AND (id <= 2723553))

table 3 : explain SELECT id, c FROM sbtest3 WHERE id BETWEEN 2723453 AND 2723553
	Index Scan using sbtest3_pkey on sbtest3  (cost=0.43..372.78 rows=94 width=125)
	  Index Cond: ((id >= 2723453) AND (id <= 2723553))

table 4 : explain SELECT id, c FROM sbtest4 WHERE id BETWEEN 2723453 AND 2723553
	Index Scan using sbtest4_pkey on sbtest4  (cost=0.43..384.85 rows=97 width=125)
	  Index Cond: ((id >= 2723453) AND (id <= 2723553))

table 5 : explain SELECT id, c FROM sbtest5 WHERE id BETWEEN 2723453 AND 2723553
	Index Scan using sbtest5_pkey on sbtest5  (cost=0.43..353.66 rows=89 width=125)
	  Index Cond: ((id >= 2723453) AND (id <= 2723553))

table 6 : explain SELECT id, c FROM sbtest6 WHERE id BETWEEN 2723453 AND 2723553
	Index Scan using sbtest6_pkey on sbtest6  (cost=0.43..435.59 rows=110 width=125)
	  Index Cond: ((id >= 2723453) AND (id <= 2723553))

table 7 : explain SELECT id, c FROM sbtest7 WHERE id BETWEEN 2723453 AND 2723553
	Index Scan using sbtest7_pkey on sbtest7  (cost=0.43..368.81 rows=93 width=125)
	  Index Cond: ((id >= 2723453) AND (id <= 2723553))

table 8 : explain SELECT id, c FROM sbtest8 WHERE id BETWEEN 2723453 AND 2723553
	Index Scan using sbtest8_pkey on sbtest8  (cost=0.43..400.77 rows=101 width=125)
	  Index Cond: ((id >= 2723453) AND (id <= 2723553))

for range-notcovered
table 1 : explain SELECT id, c FROM sbtest1 WHERE id BETWEEN 9033077 AND 9033177
	Index Scan using sbtest1_pkey on sbtest1  (cost=0.43..387.72 rows=98 width=125)
	  Index Cond: ((id >= 9033077) AND (id <= 9033177))

table 2 : explain SELECT id, c FROM sbtest2 WHERE id BETWEEN 9033077 AND 9033177
	Index Scan using sbtest2_pkey on sbtest2  (cost=0.43..395.38 rows=100 width=125)
	  Index Cond: ((id >= 9033077) AND (id <= 9033177))

table 3 : explain SELECT id, c FROM sbtest3 WHERE id BETWEEN 9033077 AND 9033177
	Index Scan using sbtest3_pkey on sbtest3  (cost=0.43..435.44 rows=110 width=125)
	  Index Cond: ((id >= 9033077) AND (id <= 9033177))

table 4 : explain SELECT id, c FROM sbtest4 WHERE id BETWEEN 9033077 AND 9033177
	Index Scan using sbtest4_pkey on sbtest4  (cost=0.43..396.61 rows=100 width=125)
	  Index Cond: ((id >= 9033077) AND (id <= 9033177))

table 5 : explain SELECT id, c FROM sbtest5 WHERE id BETWEEN 9033077 AND 9033177
	Index Scan using sbtest5_pkey on sbtest5  (cost=0.43..424.28 rows=107 width=125)
	  Index Cond: ((id >= 9033077) AND (id <= 9033177))

table 6 : explain SELECT id, c FROM sbtest6 WHERE id BETWEEN 9033077 AND 9033177
	Index Scan using sbtest6_pkey on sbtest6  (cost=0.43..365.04 rows=92 width=125)
	  Index Cond: ((id >= 9033077) AND (id <= 9033177))

table 7 : explain SELECT id, c FROM sbtest7 WHERE id BETWEEN 9033077 AND 9033177
	Index Scan using sbtest7_pkey on sbtest7  (cost=0.43..376.64 rows=95 width=125)
	  Index Cond: ((id >= 9033077) AND (id <= 9033177))

table 8 : explain SELECT id, c FROM sbtest8 WHERE id BETWEEN 9033077 AND 9033177
	Index Scan using sbtest8_pkey on sbtest8  (cost=0.43..381.14 rows=96 width=125)
	  Index Cond: ((id >= 9033077) AND (id <= 9033177))

explain: for range-notcovered :: explain SELECT id, c FROM sbtest%d WHERE id BETWEEN 4304088 AND 4304188
explain: for range-notcovered :: explain SELECT id, c FROM sbtest%d WHERE id BETWEEN 2723453 AND 2723553
for range-notcovered
table 1 : explain SELECT id, c FROM sbtest1 WHERE id BETWEEN 4880841 AND 4880941
	Index Scan using sbtest1_pkey on sbtest1  (cost=0.43..395.54 rows=100 width=125)
	  Index Cond: ((id >= 4880841) AND (id <= 4880941))

table 2 : explain SELECT id, c FROM sbtest2 WHERE id BETWEEN 4880841 AND 4880941
	Index Scan using sbtest2_pkey on sbtest2  (cost=0.43..364.09 rows=92 width=125)
	  Index Cond: ((id >= 4880841) AND (id <= 4880941))

table 3 : explain SELECT id, c FROM sbtest3 WHERE id BETWEEN 4880841 AND 4880941
	Index Scan using sbtest3_pkey on sbtest3  (cost=0.43..400.19 rows=101 width=125)
	  Index Cond: ((id >= 4880841) AND (id <= 4880941))

table 4 : explain SELECT id, c FROM sbtest4 WHERE id BETWEEN 4880841 AND 4880941
	Index Scan using sbtest4_pkey on sbtest4  (cost=0.43..455.41 rows=115 width=125)
	  Index Cond: ((id >= 4880841) AND (id <= 4880941))

table 5 : explain SELECT id, c FROM sbtest5 WHERE id BETWEEN 4880841 AND 4880941
	Index Scan using sbtest5_pkey on sbtest5  (cost=0.43..420.36 rows=106 width=125)
	  Index Cond: ((id >= 4880841) AND (id <= 4880941))

table 6 : explain SELECT id, c FROM sbtest6 WHERE id BETWEEN 4880841 AND 4880941
	Index Scan using sbtest6_pkey on sbtest6  (cost=0.43..380.74 rows=96 width=125)
	  Index Cond: ((id >= 4880841) AND (id <= 4880941))

table 7 : explain SELECT id, c FROM sbtest7 WHERE id BETWEEN 4880841 AND 4880941
	Index Scan using sbtest7_pkey on sbtest7  (cost=0.43..396.22 rows=100 width=125)
	  Index Cond: ((id >= 4880841) AND (id <= 4880941))

table 8 : explain SELECT id, c FROM sbtest8 WHERE id BETWEEN 4880841 AND 4880941
	Index Scan using sbtest8_pkey on sbtest8  (cost=0.43..404.70 rows=102 width=125)
	  Index Cond: ((id >= 4880841) AND (id <= 4880941))

explain: for range-notcovered :: explain SELECT id, c FROM sbtest%d WHERE id BETWEEN 9033077 AND 9033177
explain: for range-notcovered :: explain SELECT id, c FROM sbtest%d WHERE id BETWEEN 2676287 AND 2676387
for range-notcovered
table 1 : explain SELECT id, c FROM sbtest1 WHERE id BETWEEN 3936462 AND 3936562
	Index Scan using sbtest1_pkey on sbtest1  (cost=0.43..368.15 rows=93 width=125)
	  Index Cond: ((id >= 3936462) AND (id <= 3936562))

table 2 : explain SELECT id, c FROM sbtest2 WHERE id BETWEEN 3936462 AND 3936562
	Index Scan using sbtest2_pkey on sbtest2  (cost=0.43..379.72 rows=96 width=125)
	  Index Cond: ((id >= 3936462) AND (id <= 3936562))

table 3 : explain SELECT id, c FROM sbtest3 WHERE id BETWEEN 3936462 AND 3936562
	Index Scan using sbtest3_pkey on sbtest3  (cost=0.43..392.36 rows=99 width=125)
	  Index Cond: ((id >= 3936462) AND (id <= 3936562))

table 4 : explain SELECT id, c FROM sbtest4 WHERE id BETWEEN 3936462 AND 3936562
	Index Scan using sbtest4_pkey on sbtest4  (cost=0.43..439.73 rows=111 width=125)
	  Index Cond: ((id >= 3936462) AND (id <= 3936562))

table 5 : explain SELECT id, c FROM sbtest5 WHERE id BETWEEN 3936462 AND 3936562
	Index Scan using sbtest5_pkey on sbtest5  (cost=0.43..392.90 rows=99 width=125)
	  Index Cond: ((id >= 3936462) AND (id <= 3936562))

table 6 : explain SELECT id, c FROM sbtest6 WHERE id BETWEEN 3936462 AND 3936562
	Index Scan using sbtest6_pkey on sbtest6  (cost=0.43..404.25 rows=102 width=125)
	  Index Cond: ((id >= 3936462) AND (id <= 3936562))

table 7 : explain SELECT id, c FROM sbtest7 WHERE id BETWEEN 3936462 AND 3936562
	Index Scan using sbtest7_pkey on sbtest7  (cost=0.43..400.13 rows=101 width=125)
	  Index Cond: ((id >= 3936462) AND (id <= 3936562))

table 8 : explain SELECT id, c FROM sbtest8 WHERE id BETWEEN 3936462 AND 3936562
	Index Scan using sbtest8_pkey on sbtest8  (cost=0.43..447.84 rows=113 width=125)
	  Index Cond: ((id >= 3936462) AND (id <= 3936562))

explain: for range-notcovered :: explain SELECT id, c FROM sbtest%d WHERE id BETWEEN 3936462 AND 3936562
for range-notcovered
table 1 : explain SELECT id, c FROM sbtest1 WHERE id BETWEEN 2723453 AND 2723553
	Index Scan using sbtest1_pkey on sbtest1  (cost=0.43..391.63 rows=99 width=125)
	  Index Cond: ((id >= 2723453) AND (id <= 2723553))

table 2 : explain SELECT id, c FROM sbtest2 WHERE id BETWEEN 2723453 AND 2723553
	Index Scan using sbtest2_pkey on sbtest2  (cost=0.43..403.19 rows=102 width=125)
	  Index Cond: ((id >= 2723453) AND (id <= 2723553))

table 3 : explain SELECT id, c FROM sbtest3 WHERE id BETWEEN 2723453 AND 2723553
	Index Scan using sbtest3_pkey on sbtest3  (cost=0.43..372.78 rows=94 width=125)
	  Index Cond: ((id >= 2723453) AND (id <= 2723553))

table 4 : explain SELECT id, c FROM sbtest4 WHERE id BETWEEN 2723453 AND 2723553
	Index Scan using sbtest4_pkey on sbtest4  (cost=0.43..384.85 rows=97 width=125)
	  Index Cond: ((id >= 2723453) AND (id <= 2723553))

table 5 : explain SELECT id, c FROM sbtest5 WHERE id BETWEEN 2723453 AND 2723553
	Index Scan using sbtest5_pkey on sbtest5  (cost=0.43..353.66 rows=89 width=125)
	  Index Cond: ((id >= 2723453) AND (id <= 2723553))

table 6 : explain SELECT id, c FROM sbtest6 WHERE id BETWEEN 2723453 AND 2723553
	Index Scan using sbtest6_pkey on sbtest6  (cost=0.43..435.59 rows=110 width=125)
	  Index Cond: ((id >= 2723453) AND (id <= 2723553))

table 7 : explain SELECT id, c FROM sbtest7 WHERE id BETWEEN 2723453 AND 2723553
	Index Scan using sbtest7_pkey on sbtest7  (cost=0.43..368.81 rows=93 width=125)
	  Index Cond: ((id >= 2723453) AND (id <= 2723553))

table 8 : explain SELECT id, c FROM sbtest8 WHERE id BETWEEN 2723453 AND 2723553
	Index Scan using sbtest8_pkey on sbtest8  (cost=0.43..400.77 rows=101 width=125)
	  Index Cond: ((id >= 2723453) AND (id <= 2723553))

explain: for range-notcovered :: explain SELECT id, c FROM sbtest%d WHERE id BETWEEN 2723453 AND 2723553
for range-notcovered
table 1 : explain SELECT id, c FROM sbtest1 WHERE id BETWEEN 9033077 AND 9033177
	Index Scan using sbtest1_pkey on sbtest1  (cost=0.43..387.72 rows=98 width=125)
	  Index Cond: ((id >= 9033077) AND (id <= 9033177))

table 2 : explain SELECT id, c FROM sbtest2 WHERE id BETWEEN 9033077 AND 9033177
	Index Scan using sbtest2_pkey on sbtest2  (cost=0.43..395.38 rows=100 width=125)
	  Index Cond: ((id >= 9033077) AND (id <= 9033177))

table 3 : explain SELECT id, c FROM sbtest3 WHERE id BETWEEN 9033077 AND 9033177
	Index Scan using sbtest3_pkey on sbtest3  (cost=0.43..435.44 rows=110 width=125)
	  Index Cond: ((id >= 9033077) AND (id <= 9033177))

table 4 : explain SELECT id, c FROM sbtest4 WHERE id BETWEEN 9033077 AND 9033177
	Index Scan using sbtest4_pkey on sbtest4  (cost=0.43..396.61 rows=100 width=125)
	  Index Cond: ((id >= 9033077) AND (id <= 9033177))

table 5 : explain SELECT id, c FROM sbtest5 WHERE id BETWEEN 9033077 AND 9033177
	Index Scan using sbtest5_pkey on sbtest5  (cost=0.43..424.28 rows=107 width=125)
	  Index Cond: ((id >= 9033077) AND (id <= 9033177))

table 6 : explain SELECT id, c FROM sbtest6 WHERE id BETWEEN 9033077 AND 9033177
	Index Scan using sbtest6_pkey on sbtest6  (cost=0.43..365.04 rows=92 width=125)
	  Index Cond: ((id >= 9033077) AND (id <= 9033177))

table 7 : explain SELECT id, c FROM sbtest7 WHERE id BETWEEN 9033077 AND 9033177
	Index Scan using sbtest7_pkey on sbtest7  (cost=0.43..376.64 rows=95 width=125)
	  Index Cond: ((id >= 9033077) AND (id <= 9033177))

table 8 : explain SELECT id, c FROM sbtest8 WHERE id BETWEEN 9033077 AND 9033177
	Index Scan using sbtest8_pkey on sbtest8  (cost=0.43..381.14 rows=96 width=125)
	  Index Cond: ((id >= 9033077) AND (id <= 9033177))

for range-notcovered
table 1 : explain SELECT id, c FROM sbtest1 WHERE id BETWEEN 4304088 AND 4304188
	Index Scan using sbtest1_pkey on sbtest1  (cost=0.43..368.15 rows=93 width=125)
	  Index Cond: ((id >= 4304088) AND (id <= 4304188))

table 2 : explain SELECT id, c FROM sbtest2 WHERE id BETWEEN 4304088 AND 4304188
	Index Scan using sbtest2_pkey on sbtest2  (cost=0.43..407.10 rows=103 width=125)
	  Index Cond: ((id >= 4304088) AND (id <= 4304188))

table 3 : explain SELECT id, c FROM sbtest3 WHERE id BETWEEN 4304088 AND 4304188
	Index Scan using sbtest3_pkey on sbtest3  (cost=0.43..411.94 rows=104 width=125)
	  Index Cond: ((id >= 4304088) AND (id <= 4304188))

table 4 : explain SELECT id, c FROM sbtest4 WHERE id BETWEEN 4304088 AND 4304188
	Index Scan using sbtest4_pkey on sbtest4  (cost=0.43..404.45 rows=102 width=125)
	  Index Cond: ((id >= 4304088) AND (id <= 4304188))

table 5 : explain SELECT id, c FROM sbtest5 WHERE id BETWEEN 4304088 AND 4304188
	Index Scan using sbtest5_pkey on sbtest5  (cost=0.43..365.45 rows=92 width=125)
	  Index Cond: ((id >= 4304088) AND (id <= 4304188))

table 6 : explain SELECT id, c FROM sbtest6 WHERE id BETWEEN 4304088 AND 4304188
	Index Scan using sbtest6_pkey on sbtest6  (cost=0.43..368.96 rows=93 width=125)
	  Index Cond: ((id >= 4304088) AND (id <= 4304188))

table 7 : explain SELECT id, c FROM sbtest7 WHERE id BETWEEN 4304088 AND 4304188
	Index Scan using sbtest7_pkey on sbtest7  (cost=0.43..372.72 rows=94 width=125)
	  Index Cond: ((id >= 4304088) AND (id <= 4304188))

table 8 : explain SELECT id, c FROM sbtest8 WHERE id BETWEEN 4304088 AND 4304188
	Index Scan using sbtest8_pkey on sbtest8  (cost=0.43..412.54 rows=104 width=125)
	  Index Cond: ((id >= 4304088) AND (id <= 4304188))

explain: for range-notcovered :: explain SELECT id, c FROM sbtest%d WHERE id BETWEEN 9033077 AND 9033177
explain: for range-notcovered :: explain SELECT id, c FROM sbtest%d WHERE id BETWEEN 4304088 AND 4304188
for range-notcovered
table 1 : explain SELECT id, c FROM sbtest1 WHERE id BETWEEN 7178648 AND 7178748
	Index Scan using sbtest1_pkey on sbtest1  (cost=0.43..387.72 rows=98 width=125)
	  Index Cond: ((id >= 7178648) AND (id <= 7178748))

table 2 : explain SELECT id, c FROM sbtest2 WHERE id BETWEEN 7178648 AND 7178748
	Index Scan using sbtest2_pkey on sbtest2  (cost=0.43..411.01 rows=104 width=125)
	  Index Cond: ((id >= 7178648) AND (id <= 7178748))

table 3 : explain SELECT id, c FROM sbtest3 WHERE id BETWEEN 7178648 AND 7178748
	Index Scan using sbtest3_pkey on sbtest3  (cost=0.43..380.61 rows=96 width=125)
	  Index Cond: ((id >= 7178648) AND (id <= 7178748))

table 4 : explain SELECT id, c FROM sbtest4 WHERE id BETWEEN 7178648 AND 7178748
	Index Scan using sbtest4_pkey on sbtest4  (cost=0.43..408.37 rows=103 width=125)
	  Index Cond: ((id >= 7178648) AND (id <= 7178748))

table 5 : explain SELECT id, c FROM sbtest5 WHERE id BETWEEN 7178648 AND 7178748
	Index Scan using sbtest5_pkey on sbtest5  (cost=0.43..432.12 rows=109 width=125)
	  Index Cond: ((id >= 7178648) AND (id <= 7178748))

table 6 : explain SELECT id, c FROM sbtest6 WHERE id BETWEEN 7178648 AND 7178748
	Index Scan using sbtest6_pkey on sbtest6  (cost=0.43..419.92 rows=106 width=125)
	  Index Cond: ((id >= 7178648) AND (id <= 7178748))

table 7 : explain SELECT id, c FROM sbtest7 WHERE id BETWEEN 7178648 AND 7178748
	Index Scan using sbtest7_pkey on sbtest7  (cost=0.43..360.95 rows=91 width=125)
	  Index Cond: ((id >= 7178648) AND (id <= 7178748))

table 8 : explain SELECT id, c FROM sbtest8 WHERE id BETWEEN 7178648 AND 7178748
	Index Scan using sbtest8_pkey on sbtest8  (cost=0.43..392.93 rows=99 width=125)
	  Index Cond: ((id >= 7178648) AND (id <= 7178748))

for range-notcovered
table 1 : explain SELECT id, c FROM sbtest1 WHERE id BETWEEN 3972409 AND 3972509
	Index Scan using sbtest1_pkey on sbtest1  (cost=0.43..368.15 rows=93 width=125)
	  Index Cond: ((id >= 3972409) AND (id <= 3972509))

table 2 : explain SELECT id, c FROM sbtest2 WHERE id BETWEEN 3972409 AND 3972509
	Index Scan using sbtest2_pkey on sbtest2  (cost=0.43..379.72 rows=96 width=125)
	  Index Cond: ((id >= 3972409) AND (id <= 3972509))

table 3 : explain SELECT id, c FROM sbtest3 WHERE id BETWEEN 3972409 AND 3972509
	Index Scan using sbtest3_pkey on sbtest3  (cost=0.43..392.36 rows=99 width=125)
	  Index Cond: ((id >= 3972409) AND (id <= 3972509))

table 4 : explain SELECT id, c FROM sbtest4 WHERE id BETWEEN 3972409 AND 3972509
	Index Scan using sbtest4_pkey on sbtest4  (cost=0.43..439.73 rows=111 width=125)
	  Index Cond: ((id >= 3972409) AND (id <= 3972509))

table 5 : explain SELECT id, c FROM sbtest5 WHERE id BETWEEN 3972409 AND 3972509
	Index Scan using sbtest5_pkey on sbtest5  (cost=0.43..416.44 rows=105 width=125)
	  Index Cond: ((id >= 3972409) AND (id <= 3972509))

table 6 : explain SELECT id, c FROM sbtest6 WHERE id BETWEEN 3972409 AND 3972509
	Index Scan using sbtest6_pkey on sbtest6  (cost=0.43..404.25 rows=102 width=125)
	  Index Cond: ((id >= 3972409) AND (id <= 3972509))

table 7 : explain SELECT id, c FROM sbtest7 WHERE id BETWEEN 3972409 AND 3972509
	Index Scan using sbtest7_pkey on sbtest7  (cost=0.43..392.30 rows=99 width=125)
	  Index Cond: ((id >= 3972409) AND (id <= 3972509))

table 8 : explain SELECT id, c FROM sbtest8 WHERE id BETWEEN 3972409 AND 3972509
	Index Scan using sbtest8_pkey on sbtest8  (cost=0.43..447.84 rows=113 width=125)
	  Index Cond: ((id >= 3972409) AND (id <= 3972509))

explain: for range-notcovered :: explain SELECT id, c FROM sbtest%d WHERE id BETWEEN 7178648 AND 7178748
for range-notcovered
table 1 : explain SELECT id, c FROM sbtest1 WHERE id BETWEEN 2079414 AND 2079514
	Index Scan using sbtest1_pkey on sbtest1  (cost=0.43..383.81 rows=97 width=125)
	  Index Cond: ((id >= 2079414) AND (id <= 2079514))

table 2 : explain SELECT id, c FROM sbtest2 WHERE id BETWEEN 2079414 AND 2079514
	Index Scan using sbtest2_pkey on sbtest2  (cost=0.43..364.09 rows=92 width=125)
	  Index Cond: ((id >= 2079414) AND (id <= 2079514))

table 3 : explain SELECT id, c FROM sbtest3 WHERE id BETWEEN 2079414 AND 2079514
	Index Scan using sbtest3_pkey on sbtest3  (cost=0.43..388.44 rows=98 width=125)
	  Index Cond: ((id >= 2079414) AND (id <= 2079514))

table 4 : explain SELECT id, c FROM sbtest4 WHERE id BETWEEN 2079414 AND 2079514
	Index Scan using sbtest4_pkey on sbtest4  (cost=0.43..365.25 rows=92 width=125)
	  Index Cond: ((id >= 2079414) AND (id <= 2079514))

table 5 : explain SELECT id, c FROM sbtest5 WHERE id BETWEEN 2079414 AND 2079514
	Index Scan using sbtest5_pkey on sbtest5  (cost=0.43..392.90 rows=99 width=125)
	  Index Cond: ((id >= 2079414) AND (id <= 2079514))

table 6 : explain SELECT id, c FROM sbtest6 WHERE id BETWEEN 2079414 AND 2079514
	Index Scan using sbtest6_pkey on sbtest6  (cost=0.43..384.66 rows=97 width=125)
	  Index Cond: ((id >= 2079414) AND (id <= 2079514))

table 7 : explain SELECT id, c FROM sbtest7 WHERE id BETWEEN 2079414 AND 2079514
	Index Scan using sbtest7_pkey on sbtest7  (cost=0.43..388.39 rows=98 width=125)
	  Index Cond: ((id >= 2079414) AND (id <= 2079514))

table 8 : explain SELECT id, c FROM sbtest8 WHERE id BETWEEN 2079414 AND 2079514
	Index Scan using sbtest8_pkey on sbtest8  (cost=0.43..404.70 rows=102 width=125)
	  Index Cond: ((id >= 2079414) AND (id <= 2079514))

for range-notcovered
table 1 : explain SELECT id, c FROM sbtest1 WHERE id BETWEEN 2723453 AND 2723553
	Index Scan using sbtest1_pkey on sbtest1  (cost=0.43..391.63 rows=99 width=125)
	  Index Cond: ((id >= 2723453) AND (id <= 2723553))

table 2 : explain SELECT id, c FROM sbtest2 WHERE id BETWEEN 2723453 AND 2723553
	Index Scan using sbtest2_pkey on sbtest2  (cost=0.43..403.19 rows=102 width=125)
	  Index Cond: ((id >= 2723453) AND (id <= 2723553))

table 3 : explain SELECT id, c FROM sbtest3 WHERE id BETWEEN 2723453 AND 2723553
	Index Scan using sbtest3_pkey on sbtest3  (cost=0.43..372.78 rows=94 width=125)
	  Index Cond: ((id >= 2723453) AND (id <= 2723553))

table 4 : explain SELECT id, c FROM sbtest4 WHERE id BETWEEN 2723453 AND 2723553
	Index Scan using sbtest4_pkey on sbtest4  (cost=0.43..384.85 rows=97 width=125)
	  Index Cond: ((id >= 2723453) AND (id <= 2723553))

table 5 : explain SELECT id, c FROM sbtest5 WHERE id BETWEEN 2723453 AND 2723553
	Index Scan using sbtest5_pkey on sbtest5  (cost=0.43..353.66 rows=89 width=125)
	  Index Cond: ((id >= 2723453) AND (id <= 2723553))

table 6 : explain SELECT id, c FROM sbtest6 WHERE id BETWEEN 2723453 AND 2723553
	Index Scan using sbtest6_pkey on sbtest6  (cost=0.43..435.59 rows=110 width=125)
	  Index Cond: ((id >= 2723453) AND (id <= 2723553))

table 7 : explain SELECT id, c FROM sbtest7 WHERE id BETWEEN 2723453 AND 2723553
	Index Scan using sbtest7_pkey on sbtest7  (cost=0.43..368.81 rows=93 width=125)
	  Index Cond: ((id >= 2723453) AND (id <= 2723553))

table 8 : explain SELECT id, c FROM sbtest8 WHERE id BETWEEN 2723453 AND 2723553
	Index Scan using sbtest8_pkey on sbtest8  (cost=0.43..400.77 rows=101 width=125)
	  Index Cond: ((id >= 2723453) AND (id <= 2723553))

for range-notcovered
table 1 : explain SELECT id, c FROM sbtest1 WHERE id BETWEEN 2676287 AND 2676387
	Index Scan using sbtest1_pkey on sbtest1  (cost=0.43..430.72 rows=109 width=125)
	  Index Cond: ((id >= 2676287) AND (id <= 2676387))

table 2 : explain SELECT id, c FROM sbtest2 WHERE id BETWEEN 2676287 AND 2676387
	Index Scan using sbtest2_pkey on sbtest2  (cost=0.43..391.47 rows=99 width=125)
	  Index Cond: ((id >= 2676287) AND (id <= 2676387))

table 3 : explain SELECT id, c FROM sbtest3 WHERE id BETWEEN 2676287 AND 2676387
	Index Scan using sbtest3_pkey on sbtest3  (cost=0.43..380.61 rows=96 width=125)
	  Index Cond: ((id >= 2676287) AND (id <= 2676387))

table 4 : explain SELECT id, c FROM sbtest4 WHERE id BETWEEN 2676287 AND 2676387
	Index Scan using sbtest4_pkey on sbtest4  (cost=0.43..384.85 rows=97 width=125)
	  Index Cond: ((id >= 2676287) AND (id <= 2676387))

table 5 : explain SELECT id, c FROM sbtest5 WHERE id BETWEEN 2676287 AND 2676387
	Index Scan using sbtest5_pkey on sbtest5  (cost=0.43..420.36 rows=106 width=125)
	  Index Cond: ((id >= 2676287) AND (id <= 2676387))

table 6 : explain SELECT id, c FROM sbtest6 WHERE id BETWEEN 2676287 AND 2676387
	Index Scan using sbtest6_pkey on sbtest6  (cost=0.43..392.50 rows=99 width=125)
	  Index Cond: ((id >= 2676287) AND (id <= 2676387))

table 7 : explain SELECT id, c FROM sbtest7 WHERE id BETWEEN 2676287 AND 2676387
	Index Scan using sbtest7_pkey on sbtest7  (cost=0.43..368.81 rows=93 width=125)
	  Index Cond: ((id >= 2676287) AND (id <= 2676387))

table 8 : explain SELECT id, c FROM sbtest8 WHERE id BETWEEN 2676287 AND 2676387
	Index Scan using sbtest8_pkey on sbtest8  (cost=0.43..400.77 rows=101 width=125)
	  Index Cond: ((id >= 2676287) AND (id <= 2676387))

explain: for range-notcovered :: explain SELECT id, c FROM sbtest%d WHERE id BETWEEN 2079414 AND 2079514
explain: for range-notcovered :: explain SELECT id, c FROM sbtest%d WHERE id BETWEEN 2723453 AND 2723553
explain: for range-notcovered :: explain SELECT id, c FROM sbtest%d WHERE id BETWEEN 2676287 AND 2676387
for range-notcovered
table 1 : explain SELECT id, c FROM sbtest1 WHERE id BETWEEN 4304088 AND 4304188
	Index Scan using sbtest1_pkey on sbtest1  (cost=0.43..368.15 rows=93 width=125)
	  Index Cond: ((id >= 4304088) AND (id <= 4304188))

table 2 : explain SELECT id, c FROM sbtest2 WHERE id BETWEEN 4304088 AND 4304188
	Index Scan using sbtest2_pkey on sbtest2  (cost=0.43..407.10 rows=103 width=125)
	  Index Cond: ((id >= 4304088) AND (id <= 4304188))

table 3 : explain SELECT id, c FROM sbtest3 WHERE id BETWEEN 4304088 AND 4304188
	Index Scan using sbtest3_pkey on sbtest3  (cost=0.43..411.94 rows=104 width=125)
	  Index Cond: ((id >= 4304088) AND (id <= 4304188))

table 4 : explain SELECT id, c FROM sbtest4 WHERE id BETWEEN 4304088 AND 4304188
	Index Scan using sbtest4_pkey on sbtest4  (cost=0.43..404.45 rows=102 width=125)
	  Index Cond: ((id >= 4304088) AND (id <= 4304188))

table 5 : explain SELECT id, c FROM sbtest5 WHERE id BETWEEN 4304088 AND 4304188
	Index Scan using sbtest5_pkey on sbtest5  (cost=0.43..365.45 rows=92 width=125)
	  Index Cond: ((id >= 4304088) AND (id <= 4304188))

table 6 : explain SELECT id, c FROM sbtest6 WHERE id BETWEEN 4304088 AND 4304188
	Index Scan using sbtest6_pkey on sbtest6  (cost=0.43..368.96 rows=93 width=125)
	  Index Cond: ((id >= 4304088) AND (id <= 4304188))

table 7 : explain SELECT id, c FROM sbtest7 WHERE id BETWEEN 4304088 AND 4304188
	Index Scan using sbtest7_pkey on sbtest7  (cost=0.43..372.72 rows=94 width=125)
	  Index Cond: ((id >= 4304088) AND (id <= 4304188))

table 8 : explain SELECT id, c FROM sbtest8 WHERE id BETWEEN 4304088 AND 4304188
	Index Scan using sbtest8_pkey on sbtest8  (cost=0.43..412.54 rows=104 width=125)
	  Index Cond: ((id >= 4304088) AND (id <= 4304188))

for range-notcovered
table 1 : explain SELECT id, c FROM sbtest1 WHERE id BETWEEN 9033077 AND 9033177
	Index Scan using sbtest1_pkey on sbtest1  (cost=0.43..387.72 rows=98 width=125)
	  Index Cond: ((id >= 9033077) AND (id <= 9033177))

table 2 : explain SELECT id, c FROM sbtest2 WHERE id BETWEEN 9033077 AND 9033177
	Index Scan using sbtest2_pkey on sbtest2  (cost=0.43..395.38 rows=100 width=125)
	  Index Cond: ((id >= 9033077) AND (id <= 9033177))

table 3 : explain SELECT id, c FROM sbtest3 WHERE id BETWEEN 9033077 AND 9033177
	Index Scan using sbtest3_pkey on sbtest3  (cost=0.43..435.44 rows=110 width=125)
	  Index Cond: ((id >= 9033077) AND (id <= 9033177))

table 4 : explain SELECT id, c FROM sbtest4 WHERE id BETWEEN 9033077 AND 9033177
	Index Scan using sbtest4_pkey on sbtest4  (cost=0.43..396.61 rows=100 width=125)
	  Index Cond: ((id >= 9033077) AND (id <= 9033177))

table 5 : explain SELECT id, c FROM sbtest5 WHERE id BETWEEN 9033077 AND 9033177
	Index Scan using sbtest5_pkey on sbtest5  (cost=0.43..424.28 rows=107 width=125)
	  Index Cond: ((id >= 9033077) AND (id <= 9033177))

table 6 : explain SELECT id, c FROM sbtest6 WHERE id BETWEEN 9033077 AND 9033177
	Index Scan using sbtest6_pkey on sbtest6  (cost=0.43..365.04 rows=92 width=125)
	  Index Cond: ((id >= 9033077) AND (id <= 9033177))

table 7 : explain SELECT id, c FROM sbtest7 WHERE id BETWEEN 9033077 AND 9033177
	Index Scan using sbtest7_pkey on sbtest7  (cost=0.43..376.64 rows=95 width=125)
	  Index Cond: ((id >= 9033077) AND (id <= 9033177))

table 8 : explain SELECT id, c FROM sbtest8 WHERE id BETWEEN 9033077 AND 9033177
	Index Scan using sbtest8_pkey on sbtest8  (cost=0.43..381.14 rows=96 width=125)
	  Index Cond: ((id >= 9033077) AND (id <= 9033177))

explain: for range-notcovered :: explain SELECT id, c FROM sbtest%d WHERE id BETWEEN 4304088 AND 4304188
explain: for range-notcovered :: explain SELECT id, c FROM sbtest%d WHERE id BETWEEN 3972409 AND 3972509
explain: for range-notcovered :: explain SELECT id, c FROM sbtest%d WHERE id BETWEEN 9033077 AND 9033177
for range-notcovered
table 1 : explain SELECT id, c FROM sbtest1 WHERE id BETWEEN 3936462 AND 3936562
	Index Scan using sbtest1_pkey on sbtest1  (cost=0.43..368.15 rows=93 width=125)
	  Index Cond: ((id >= 3936462) AND (id <= 3936562))

table 2 : explain SELECT id, c FROM sbtest2 WHERE id BETWEEN 3936462 AND 3936562
	Index Scan using sbtest2_pkey on sbtest2  (cost=0.43..379.72 rows=96 width=125)
	  Index Cond: ((id >= 3936462) AND (id <= 3936562))

table 3 : explain SELECT id, c FROM sbtest3 WHERE id BETWEEN 3936462 AND 3936562
	Index Scan using sbtest3_pkey on sbtest3  (cost=0.43..392.36 rows=99 width=125)
	  Index Cond: ((id >= 3936462) AND (id <= 3936562))

table 4 : explain SELECT id, c FROM sbtest4 WHERE id BETWEEN 3936462 AND 3936562
	Index Scan using sbtest4_pkey on sbtest4  (cost=0.43..439.73 rows=111 width=125)
	  Index Cond: ((id >= 3936462) AND (id <= 3936562))

table 5 : explain SELECT id, c FROM sbtest5 WHERE id BETWEEN 3936462 AND 3936562
	Index Scan using sbtest5_pkey on sbtest5  (cost=0.43..392.90 rows=99 width=125)
	  Index Cond: ((id >= 3936462) AND (id <= 3936562))

table 6 : explain SELECT id, c FROM sbtest6 WHERE id BETWEEN 3936462 AND 3936562
	Index Scan using sbtest6_pkey on sbtest6  (cost=0.43..404.25 rows=102 width=125)
	  Index Cond: ((id >= 3936462) AND (id <= 3936562))

table 7 : explain SELECT id, c FROM sbtest7 WHERE id BETWEEN 3936462 AND 3936562
	Index Scan using sbtest7_pkey on sbtest7  (cost=0.43..400.13 rows=101 width=125)
	  Index Cond: ((id >= 3936462) AND (id <= 3936562))

table 8 : explain SELECT id, c FROM sbtest8 WHERE id BETWEEN 3936462 AND 3936562
	Index Scan using sbtest8_pkey on sbtest8  (cost=0.43..447.84 rows=113 width=125)
	  Index Cond: ((id >= 3936462) AND (id <= 3936562))

for range-notcovered
table 1 : explain SELECT id, c FROM sbtest1 WHERE id BETWEEN 7178648 AND 7178748
	Index Scan using sbtest1_pkey on sbtest1  (cost=0.43..387.72 rows=98 width=125)
	  Index Cond: ((id >= 7178648) AND (id <= 7178748))

table 2 : explain SELECT id, c FROM sbtest2 WHERE id BETWEEN 7178648 AND 7178748
	Index Scan using sbtest2_pkey on sbtest2  (cost=0.43..411.01 rows=104 width=125)
	  Index Cond: ((id >= 7178648) AND (id <= 7178748))

table 3 : explain SELECT id, c FROM sbtest3 WHERE id BETWEEN 7178648 AND 7178748
	Index Scan using sbtest3_pkey on sbtest3  (cost=0.43..380.61 rows=96 width=125)
	  Index Cond: ((id >= 7178648) AND (id <= 7178748))

table 4 : explain SELECT id, c FROM sbtest4 WHERE id BETWEEN 7178648 AND 7178748
	Index Scan using sbtest4_pkey on sbtest4  (cost=0.43..408.37 rows=103 width=125)
	  Index Cond: ((id >= 7178648) AND (id <= 7178748))

table 5 : explain SELECT id, c FROM sbtest5 WHERE id BETWEEN 7178648 AND 7178748
	Index Scan using sbtest5_pkey on sbtest5  (cost=0.43..432.12 rows=109 width=125)
	  Index Cond: ((id >= 7178648) AND (id <= 7178748))

table 6 : explain SELECT id, c FROM sbtest6 WHERE id BETWEEN 7178648 AND 7178748
	Index Scan using sbtest6_pkey on sbtest6  (cost=0.43..419.92 rows=106 width=125)
	  Index Cond: ((id >= 7178648) AND (id <= 7178748))

table 7 : explain SELECT id, c FROM sbtest7 WHERE id BETWEEN 7178648 AND 7178748
	Index Scan using sbtest7_pkey on sbtest7  (cost=0.43..360.95 rows=91 width=125)
	  Index Cond: ((id >= 7178648) AND (id <= 7178748))

table 8 : explain SELECT id, c FROM sbtest8 WHERE id BETWEEN 7178648 AND 7178748
	Index Scan using sbtest8_pkey on sbtest8  (cost=0.43..392.93 rows=99 width=125)
	  Index Cond: ((id >= 7178648) AND (id <= 7178748))

for range-notcovered
table 1 : explain SELECT id, c FROM sbtest1 WHERE id BETWEEN 2703459 AND 2703559
	Index Scan using sbtest1_pkey on sbtest1  (cost=0.43..391.63 rows=99 width=125)
	  Index Cond: ((id >= 2703459) AND (id <= 2703559))

table 2 : explain SELECT id, c FROM sbtest2 WHERE id BETWEEN 2703459 AND 2703559
	Index Scan using sbtest2_pkey on sbtest2  (cost=0.43..403.19 rows=102 width=125)
	  Index Cond: ((id >= 2703459) AND (id <= 2703559))

table 3 : explain SELECT id, c FROM sbtest3 WHERE id BETWEEN 2703459 AND 2703559
	Index Scan using sbtest3_pkey on sbtest3  (cost=0.43..380.61 rows=96 width=125)
	  Index Cond: ((id >= 2703459) AND (id <= 2703559))

table 4 : explain SELECT id, c FROM sbtest4 WHERE id BETWEEN 2703459 AND 2703559
	Index Scan using sbtest4_pkey on sbtest4  (cost=0.43..384.85 rows=97 width=125)
	  Index Cond: ((id >= 2703459) AND (id <= 2703559))

table 5 : explain SELECT id, c FROM sbtest5 WHERE id BETWEEN 2703459 AND 2703559
	Index Scan using sbtest5_pkey on sbtest5  (cost=0.43..353.66 rows=89 width=125)
	  Index Cond: ((id >= 2703459) AND (id <= 2703559))

table 6 : explain SELECT id, c FROM sbtest6 WHERE id BETWEEN 2703459 AND 2703559
	Index Scan using sbtest6_pkey on sbtest6  (cost=0.43..435.59 rows=110 width=125)
	  Index Cond: ((id >= 2703459) AND (id <= 2703559))

table 7 : explain SELECT id, c FROM sbtest7 WHERE id BETWEEN 2703459 AND 2703559
	Index Scan using sbtest7_pkey on sbtest7  (cost=0.43..368.81 rows=93 width=125)
	  Index Cond: ((id >= 2703459) AND (id <= 2703559))

table 8 : explain SELECT id, c FROM sbtest8 WHERE id BETWEEN 2703459 AND 2703559
	Index Scan using sbtest8_pkey on sbtest8  (cost=0.43..400.77 rows=101 width=125)
	  Index Cond: ((id >= 2703459) AND (id <= 2703559))

explain: for range-notcovered :: explain SELECT id, c FROM sbtest%d WHERE id BETWEEN 7178648 AND 7178748
for range-notcovered
table 1 : explain SELECT id, c FROM sbtest1 WHERE id BETWEEN 2079414 AND 2079514
	Index Scan using sbtest1_pkey on sbtest1  (cost=0.43..383.81 rows=97 width=125)
	  Index Cond: ((id >= 2079414) AND (id <= 2079514))

table 2 : explain SELECT id, c FROM sbtest2 WHERE id BETWEEN 2079414 AND 2079514
	Index Scan using sbtest2_pkey on sbtest2  (cost=0.43..364.09 rows=92 width=125)
	  Index Cond: ((id >= 2079414) AND (id <= 2079514))

table 3 : explain SELECT id, c FROM sbtest3 WHERE id BETWEEN 2079414 AND 2079514
	Index Scan using sbtest3_pkey on sbtest3  (cost=0.43..388.44 rows=98 width=125)
	  Index Cond: ((id >= 2079414) AND (id <= 2079514))

table 4 : explain SELECT id, c FROM sbtest4 WHERE id BETWEEN 2079414 AND 2079514
	Index Scan using sbtest4_pkey on sbtest4  (cost=0.43..365.25 rows=92 width=125)
	  Index Cond: ((id >= 2079414) AND (id <= 2079514))

table 5 : explain SELECT id, c FROM sbtest5 WHERE id BETWEEN 2079414 AND 2079514
	Index Scan using sbtest5_pkey on sbtest5  (cost=0.43..392.90 rows=99 width=125)
	  Index Cond: ((id >= 2079414) AND (id <= 2079514))

table 6 : explain SELECT id, c FROM sbtest6 WHERE id BETWEEN 2079414 AND 2079514
	Index Scan using sbtest6_pkey on sbtest6  (cost=0.43..384.66 rows=97 width=125)
	  Index Cond: ((id >= 2079414) AND (id <= 2079514))

table 7 : explain SELECT id, c FROM sbtest7 WHERE id BETWEEN 2079414 AND 2079514
	Index Scan using sbtest7_pkey on sbtest7  (cost=0.43..388.39 rows=98 width=125)
	  Index Cond: ((id >= 2079414) AND (id <= 2079514))

table 8 : explain SELECT id, c FROM sbtest8 WHERE id BETWEEN 2079414 AND 2079514
	Index Scan using sbtest8_pkey on sbtest8  (cost=0.43..404.70 rows=102 width=125)
	  Index Cond: ((id >= 2079414) AND (id <= 2079514))

explain: for range-notcovered :: explain SELECT id, c FROM sbtest%d WHERE id BETWEEN 2079414 AND 2079514
for range-notcovered
table 1 : explain SELECT id, c FROM sbtest1 WHERE id BETWEEN 4304088 AND 4304188
	Index Scan using sbtest1_pkey on sbtest1  (cost=0.43..368.15 rows=93 width=125)
	  Index Cond: ((id >= 4304088) AND (id <= 4304188))

table 2 : explain SELECT id, c FROM sbtest2 WHERE id BETWEEN 4304088 AND 4304188
	Index Scan using sbtest2_pkey on sbtest2  (cost=0.43..407.10 rows=103 width=125)
	  Index Cond: ((id >= 4304088) AND (id <= 4304188))

table 3 : explain SELECT id, c FROM sbtest3 WHERE id BETWEEN 4304088 AND 4304188
	Index Scan using sbtest3_pkey on sbtest3  (cost=0.43..411.94 rows=104 width=125)
	  Index Cond: ((id >= 4304088) AND (id <= 4304188))

table 4 : explain SELECT id, c FROM sbtest4 WHERE id BETWEEN 4304088 AND 4304188
	Index Scan using sbtest4_pkey on sbtest4  (cost=0.43..404.45 rows=102 width=125)
	  Index Cond: ((id >= 4304088) AND (id <= 4304188))

table 5 : explain SELECT id, c FROM sbtest5 WHERE id BETWEEN 4304088 AND 4304188
	Index Scan using sbtest5_pkey on sbtest5  (cost=0.43..365.45 rows=92 width=125)
	  Index Cond: ((id >= 4304088) AND (id <= 4304188))

table 6 : explain SELECT id, c FROM sbtest6 WHERE id BETWEEN 4304088 AND 4304188
	Index Scan using sbtest6_pkey on sbtest6  (cost=0.43..368.96 rows=93 width=125)
	  Index Cond: ((id >= 4304088) AND (id <= 4304188))

table 7 : explain SELECT id, c FROM sbtest7 WHERE id BETWEEN 4304088 AND 4304188
	Index Scan using sbtest7_pkey on sbtest7  (cost=0.43..372.72 rows=94 width=125)
	  Index Cond: ((id >= 4304088) AND (id <= 4304188))

table 8 : explain SELECT id, c FROM sbtest8 WHERE id BETWEEN 4304088 AND 4304188
	Index Scan using sbtest8_pkey on sbtest8  (cost=0.43..412.54 rows=104 width=125)
	  Index Cond: ((id >= 4304088) AND (id <= 4304188))

explain: for range-notcovered :: explain SELECT id, c FROM sbtest%d WHERE id BETWEEN 2703459 AND 2703559
explain: for range-notcovered :: explain SELECT id, c FROM sbtest%d WHERE id BETWEEN 4304088 AND 4304188
for range-notcovered
table 1 : explain SELECT id, c FROM sbtest1 WHERE id BETWEEN 9033077 AND 9033177
	Index Scan using sbtest1_pkey on sbtest1  (cost=0.43..387.72 rows=98 width=125)
	  Index Cond: ((id >= 9033077) AND (id <= 9033177))

table 2 : explain SELECT id, c FROM sbtest2 WHERE id BETWEEN 9033077 AND 9033177
	Index Scan using sbtest2_pkey on sbtest2  (cost=0.43..395.38 rows=100 width=125)
	  Index Cond: ((id >= 9033077) AND (id <= 9033177))

table 3 : explain SELECT id, c FROM sbtest3 WHERE id BETWEEN 9033077 AND 9033177
	Index Scan using sbtest3_pkey on sbtest3  (cost=0.43..435.44 rows=110 width=125)
	  Index Cond: ((id >= 9033077) AND (id <= 9033177))

table 4 : explain SELECT id, c FROM sbtest4 WHERE id BETWEEN 9033077 AND 9033177
	Index Scan using sbtest4_pkey on sbtest4  (cost=0.43..396.61 rows=100 width=125)
	  Index Cond: ((id >= 9033077) AND (id <= 9033177))

table 5 : explain SELECT id, c FROM sbtest5 WHERE id BETWEEN 9033077 AND 9033177
	Index Scan using sbtest5_pkey on sbtest5  (cost=0.43..424.28 rows=107 width=125)
	  Index Cond: ((id >= 9033077) AND (id <= 9033177))

table 6 : explain SELECT id, c FROM sbtest6 WHERE id BETWEEN 9033077 AND 9033177
	Index Scan using sbtest6_pkey on sbtest6  (cost=0.43..365.04 rows=92 width=125)
	  Index Cond: ((id >= 9033077) AND (id <= 9033177))

table 7 : explain SELECT id, c FROM sbtest7 WHERE id BETWEEN 9033077 AND 9033177
	Index Scan using sbtest7_pkey on sbtest7  (cost=0.43..376.64 rows=95 width=125)
	  Index Cond: ((id >= 9033077) AND (id <= 9033177))

table 8 : explain SELECT id, c FROM sbtest8 WHERE id BETWEEN 9033077 AND 9033177
	Index Scan using sbtest8_pkey on sbtest8  (cost=0.43..381.14 rows=96 width=125)
	  Index Cond: ((id >= 9033077) AND (id <= 9033177))

explain: for range-notcovered :: explain SELECT id, c FROM sbtest%d WHERE id BETWEEN 9033077 AND 9033177
for range-notcovered
table 1 : explain SELECT id, c FROM sbtest1 WHERE id BETWEEN 7178648 AND 7178748
	Index Scan using sbtest1_pkey on sbtest1  (cost=0.43..387.72 rows=98 width=125)
	  Index Cond: ((id >= 7178648) AND (id <= 7178748))

table 2 : explain SELECT id, c FROM sbtest2 WHERE id BETWEEN 7178648 AND 7178748
	Index Scan using sbtest2_pkey on sbtest2  (cost=0.43..411.01 rows=104 width=125)
	  Index Cond: ((id >= 7178648) AND (id <= 7178748))

table 3 : explain SELECT id, c FROM sbtest3 WHERE id BETWEEN 7178648 AND 7178748
	Index Scan using sbtest3_pkey on sbtest3  (cost=0.43..380.61 rows=96 width=125)
	  Index Cond: ((id >= 7178648) AND (id <= 7178748))

table 4 : explain SELECT id, c FROM sbtest4 WHERE id BETWEEN 7178648 AND 7178748
	Index Scan using sbtest4_pkey on sbtest4  (cost=0.43..408.37 rows=103 width=125)
	  Index Cond: ((id >= 7178648) AND (id <= 7178748))

table 5 : explain SELECT id, c FROM sbtest5 WHERE id BETWEEN 7178648 AND 7178748
	Index Scan using sbtest5_pkey on sbtest5  (cost=0.43..432.12 rows=109 width=125)
	  Index Cond: ((id >= 7178648) AND (id <= 7178748))

table 6 : explain SELECT id, c FROM sbtest6 WHERE id BETWEEN 7178648 AND 7178748
	Index Scan using sbtest6_pkey on sbtest6  (cost=0.43..419.92 rows=106 width=125)
	  Index Cond: ((id >= 7178648) AND (id <= 7178748))

table 7 : explain SELECT id, c FROM sbtest7 WHERE id BETWEEN 7178648 AND 7178748
	Index Scan using sbtest7_pkey on sbtest7  (cost=0.43..360.95 rows=91 width=125)
	  Index Cond: ((id >= 7178648) AND (id <= 7178748))

table 8 : explain SELECT id, c FROM sbtest8 WHERE id BETWEEN 7178648 AND 7178748
	Index Scan using sbtest8_pkey on sbtest8  (cost=0.43..392.93 rows=99 width=125)
	  Index Cond: ((id >= 7178648) AND (id <= 7178748))

explain: for range-notcovered :: explain SELECT id, c FROM sbtest%d WHERE id BETWEEN 7178648 AND 7178748
explain: for range-notcovered :: explain SELECT id, c FROM sbtest%d WHERE id BETWEEN 4441331 AND 4441431
for range-notcovered
table 1 : explain SELECT id, c FROM sbtest1 WHERE id BETWEEN 2676287 AND 2676387
	Index Scan using sbtest1_pkey on sbtest1  (cost=0.43..430.72 rows=109 width=125)
	  Index Cond: ((id >= 2676287) AND (id <= 2676387))

table 2 : explain SELECT id, c FROM sbtest2 WHERE id BETWEEN 2676287 AND 2676387
	Index Scan using sbtest2_pkey on sbtest2  (cost=0.43..391.47 rows=99 width=125)
	  Index Cond: ((id >= 2676287) AND (id <= 2676387))

table 3 : explain SELECT id, c FROM sbtest3 WHERE id BETWEEN 2676287 AND 2676387
	Index Scan using sbtest3_pkey on sbtest3  (cost=0.43..380.61 rows=96 width=125)
	  Index Cond: ((id >= 2676287) AND (id <= 2676387))

table 4 : explain SELECT id, c FROM sbtest4 WHERE id BETWEEN 2676287 AND 2676387
	Index Scan using sbtest4_pkey on sbtest4  (cost=0.43..384.85 rows=97 width=125)
	  Index Cond: ((id >= 2676287) AND (id <= 2676387))

table 5 : explain SELECT id, c FROM sbtest5 WHERE id BETWEEN 2676287 AND 2676387
	Index Scan using sbtest5_pkey on sbtest5  (cost=0.43..420.36 rows=106 width=125)
	  Index Cond: ((id >= 2676287) AND (id <= 2676387))

table 6 : explain SELECT id, c FROM sbtest6 WHERE id BETWEEN 2676287 AND 2676387
	Index Scan using sbtest6_pkey on sbtest6  (cost=0.43..392.50 rows=99 width=125)
	  Index Cond: ((id >= 2676287) AND (id <= 2676387))

table 7 : explain SELECT id, c FROM sbtest7 WHERE id BETWEEN 2676287 AND 2676387
	Index Scan using sbtest7_pkey on sbtest7  (cost=0.43..368.81 rows=93 width=125)
	  Index Cond: ((id >= 2676287) AND (id <= 2676387))

table 8 : explain SELECT id, c FROM sbtest8 WHERE id BETWEEN 2676287 AND 2676387
	Index Scan using sbtest8_pkey on sbtest8  (cost=0.43..400.77 rows=101 width=125)
	  Index Cond: ((id >= 2676287) AND (id <= 2676387))

for range-notcovered
table 1 : explain SELECT id, c FROM sbtest1 WHERE id BETWEEN 2079414 AND 2079514
	Index Scan using sbtest1_pkey on sbtest1  (cost=0.43..383.81 rows=97 width=125)
	  Index Cond: ((id >= 2079414) AND (id <= 2079514))

table 2 : explain SELECT id, c FROM sbtest2 WHERE id BETWEEN 2079414 AND 2079514
	Index Scan using sbtest2_pkey on sbtest2  (cost=0.43..364.09 rows=92 width=125)
	  Index Cond: ((id >= 2079414) AND (id <= 2079514))

table 3 : explain SELECT id, c FROM sbtest3 WHERE id BETWEEN 2079414 AND 2079514
	Index Scan using sbtest3_pkey on sbtest3  (cost=0.43..388.44 rows=98 width=125)
	  Index Cond: ((id >= 2079414) AND (id <= 2079514))

table 4 : explain SELECT id, c FROM sbtest4 WHERE id BETWEEN 2079414 AND 2079514
	Index Scan using sbtest4_pkey on sbtest4  (cost=0.43..365.25 rows=92 width=125)
	  Index Cond: ((id >= 2079414) AND (id <= 2079514))

table 5 : explain SELECT id, c FROM sbtest5 WHERE id BETWEEN 2079414 AND 2079514
	Index Scan using sbtest5_pkey on sbtest5  (cost=0.43..392.90 rows=99 width=125)
	  Index Cond: ((id >= 2079414) AND (id <= 2079514))

table 6 : explain SELECT id, c FROM sbtest6 WHERE id BETWEEN 2079414 AND 2079514
	Index Scan using sbtest6_pkey on sbtest6  (cost=0.43..384.66 rows=97 width=125)
	  Index Cond: ((id >= 2079414) AND (id <= 2079514))

table 7 : explain SELECT id, c FROM sbtest7 WHERE id BETWEEN 2079414 AND 2079514
	Index Scan using sbtest7_pkey on sbtest7  (cost=0.43..388.39 rows=98 width=125)
	  Index Cond: ((id >= 2079414) AND (id <= 2079514))

table 8 : explain SELECT id, c FROM sbtest8 WHERE id BETWEEN 2079414 AND 2079514
	Index Scan using sbtest8_pkey on sbtest8  (cost=0.43..404.70 rows=102 width=125)
	  Index Cond: ((id >= 2079414) AND (id <= 2079514))

for range-notcovered
table 1 : explain SELECT id, c FROM sbtest1 WHERE id BETWEEN 4304088 AND 4304188
	Index Scan using sbtest1_pkey on sbtest1  (cost=0.43..368.15 rows=93 width=125)
	  Index Cond: ((id >= 4304088) AND (id <= 4304188))

table 2 : explain SELECT id, c FROM sbtest2 WHERE id BETWEEN 4304088 AND 4304188
	Index Scan using sbtest2_pkey on sbtest2  (cost=0.43..407.10 rows=103 width=125)
	  Index Cond: ((id >= 4304088) AND (id <= 4304188))

table 3 : explain SELECT id, c FROM sbtest3 WHERE id BETWEEN 4304088 AND 4304188
	Index Scan using sbtest3_pkey on sbtest3  (cost=0.43..411.94 rows=104 width=125)
	  Index Cond: ((id >= 4304088) AND (id <= 4304188))

table 4 : explain SELECT id, c FROM sbtest4 WHERE id BETWEEN 4304088 AND 4304188
	Index Scan using sbtest4_pkey on sbtest4  (cost=0.43..404.45 rows=102 width=125)
	  Index Cond: ((id >= 4304088) AND (id <= 4304188))

table 5 : explain SELECT id, c FROM sbtest5 WHERE id BETWEEN 4304088 AND 4304188
	Index Scan using sbtest5_pkey on sbtest5  (cost=0.43..365.45 rows=92 width=125)
	  Index Cond: ((id >= 4304088) AND (id <= 4304188))

table 6 : explain SELECT id, c FROM sbtest6 WHERE id BETWEEN 4304088 AND 4304188
	Index Scan using sbtest6_pkey on sbtest6  (cost=0.43..368.96 rows=93 width=125)
	  Index Cond: ((id >= 4304088) AND (id <= 4304188))

table 7 : explain SELECT id, c FROM sbtest7 WHERE id BETWEEN 4304088 AND 4304188
	Index Scan using sbtest7_pkey on sbtest7  (cost=0.43..372.72 rows=94 width=125)
	  Index Cond: ((id >= 4304088) AND (id <= 4304188))

table 8 : explain SELECT id, c FROM sbtest8 WHERE id BETWEEN 4304088 AND 4304188
	Index Scan using sbtest8_pkey on sbtest8  (cost=0.43..412.54 rows=104 width=125)
	  Index Cond: ((id >= 4304088) AND (id <= 4304188))

for range-notcovered
table 1 : explain SELECT id, c FROM sbtest1 WHERE id BETWEEN 2723453 AND 2723553
	Index Scan using sbtest1_pkey on sbtest1  (cost=0.43..391.63 rows=99 width=125)
	  Index Cond: ((id >= 2723453) AND (id <= 2723553))

table 2 : explain SELECT id, c FROM sbtest2 WHERE id BETWEEN 2723453 AND 2723553
	Index Scan using sbtest2_pkey on sbtest2  (cost=0.43..403.19 rows=102 width=125)
	  Index Cond: ((id >= 2723453) AND (id <= 2723553))

table 3 : explain SELECT id, c FROM sbtest3 WHERE id BETWEEN 2723453 AND 2723553
	Index Scan using sbtest3_pkey on sbtest3  (cost=0.43..372.78 rows=94 width=125)
	  Index Cond: ((id >= 2723453) AND (id <= 2723553))

table 4 : explain SELECT id, c FROM sbtest4 WHERE id BETWEEN 2723453 AND 2723553
	Index Scan using sbtest4_pkey on sbtest4  (cost=0.43..384.85 rows=97 width=125)
	  Index Cond: ((id >= 2723453) AND (id <= 2723553))

table 5 : explain SELECT id, c FROM sbtest5 WHERE id BETWEEN 2723453 AND 2723553
	Index Scan using sbtest5_pkey on sbtest5  (cost=0.43..353.66 rows=89 width=125)
	  Index Cond: ((id >= 2723453) AND (id <= 2723553))

table 6 : explain SELECT id, c FROM sbtest6 WHERE id BETWEEN 2723453 AND 2723553
	Index Scan using sbtest6_pkey on sbtest6  (cost=0.43..435.59 rows=110 width=125)
	  Index Cond: ((id >= 2723453) AND (id <= 2723553))

table 7 : explain SELECT id, c FROM sbtest7 WHERE id BETWEEN 2723453 AND 2723553
	Index Scan using sbtest7_pkey on sbtest7  (cost=0.43..368.81 rows=93 width=125)
	  Index Cond: ((id >= 2723453) AND (id <= 2723553))

table 8 : explain SELECT id, c FROM sbtest8 WHERE id BETWEEN 2723453 AND 2723553
	Index Scan using sbtest8_pkey on sbtest8  (cost=0.43..400.77 rows=101 width=125)
	  Index Cond: ((id >= 2723453) AND (id <= 2723553))

explain: for range-notcovered :: explain SELECT id, c FROM sbtest%d WHERE id BETWEEN 2079414 AND 2079514
for range-notcovered
table 1 : explain SELECT id, c FROM sbtest1 WHERE id BETWEEN 3972409 AND 3972509
	Index Scan using sbtest1_pkey on sbtest1  (cost=0.43..368.15 rows=93 width=125)
	  Index Cond: ((id >= 3972409) AND (id <= 3972509))

table 2 : explain SELECT id, c FROM sbtest2 WHERE id BETWEEN 3972409 AND 3972509
	Index Scan using sbtest2_pkey on sbtest2  (cost=0.43..379.72 rows=96 width=125)
	  Index Cond: ((id >= 3972409) AND (id <= 3972509))

table 3 : explain SELECT id, c FROM sbtest3 WHERE id BETWEEN 3972409 AND 3972509
	Index Scan using sbtest3_pkey on sbtest3  (cost=0.43..392.36 rows=99 width=125)
	  Index Cond: ((id >= 3972409) AND (id <= 3972509))

table 4 : explain SELECT id, c FROM sbtest4 WHERE id BETWEEN 3972409 AND 3972509
	Index Scan using sbtest4_pkey on sbtest4  (cost=0.43..439.73 rows=111 width=125)
	  Index Cond: ((id >= 3972409) AND (id <= 3972509))

table 5 : explain SELECT id, c FROM sbtest5 WHERE id BETWEEN 3972409 AND 3972509
	Index Scan using sbtest5_pkey on sbtest5  (cost=0.43..416.44 rows=105 width=125)
	  Index Cond: ((id >= 3972409) AND (id <= 3972509))

table 6 : explain SELECT id, c FROM sbtest6 WHERE id BETWEEN 3972409 AND 3972509
	Index Scan using sbtest6_pkey on sbtest6  (cost=0.43..404.25 rows=102 width=125)
	  Index Cond: ((id >= 3972409) AND (id <= 3972509))

table 7 : explain SELECT id, c FROM sbtest7 WHERE id BETWEEN 3972409 AND 3972509
	Index Scan using sbtest7_pkey on sbtest7  (cost=0.43..392.30 rows=99 width=125)
	  Index Cond: ((id >= 3972409) AND (id <= 3972509))

table 8 : explain SELECT id, c FROM sbtest8 WHERE id BETWEEN 3972409 AND 3972509
	Index Scan using sbtest8_pkey on sbtest8  (cost=0.43..447.84 rows=113 width=125)
	  Index Cond: ((id >= 3972409) AND (id <= 3972509))

explain: for range-notcovered :: explain SELECT id, c FROM sbtest%d WHERE id BETWEEN 2723453 AND 2723553
explain: for range-notcovered :: explain SELECT id, c FROM sbtest%d WHERE id BETWEEN 4304088 AND 4304188
for range-notcovered
table 1 : explain SELECT id, c FROM sbtest1 WHERE id BETWEEN 9033077 AND 9033177
	Index Scan using sbtest1_pkey on sbtest1  (cost=0.43..387.72 rows=98 width=125)
	  Index Cond: ((id >= 9033077) AND (id <= 9033177))

table 2 : explain SELECT id, c FROM sbtest2 WHERE id BETWEEN 9033077 AND 9033177
	Index Scan using sbtest2_pkey on sbtest2  (cost=0.43..395.38 rows=100 width=125)
	  Index Cond: ((id >= 9033077) AND (id <= 9033177))

table 3 : explain SELECT id, c FROM sbtest3 WHERE id BETWEEN 9033077 AND 9033177
	Index Scan using sbtest3_pkey on sbtest3  (cost=0.43..435.44 rows=110 width=125)
	  Index Cond: ((id >= 9033077) AND (id <= 9033177))

table 4 : explain SELECT id, c FROM sbtest4 WHERE id BETWEEN 9033077 AND 9033177
	Index Scan using sbtest4_pkey on sbtest4  (cost=0.43..396.61 rows=100 width=125)
	  Index Cond: ((id >= 9033077) AND (id <= 9033177))

table 5 : explain SELECT id, c FROM sbtest5 WHERE id BETWEEN 9033077 AND 9033177
	Index Scan using sbtest5_pkey on sbtest5  (cost=0.43..424.28 rows=107 width=125)
	  Index Cond: ((id >= 9033077) AND (id <= 9033177))

table 6 : explain SELECT id, c FROM sbtest6 WHERE id BETWEEN 9033077 AND 9033177
	Index Scan using sbtest6_pkey on sbtest6  (cost=0.43..365.04 rows=92 width=125)
	  Index Cond: ((id >= 9033077) AND (id <= 9033177))

table 7 : explain SELECT id, c FROM sbtest7 WHERE id BETWEEN 9033077 AND 9033177
	Index Scan using sbtest7_pkey on sbtest7  (cost=0.43..376.64 rows=95 width=125)
	  Index Cond: ((id >= 9033077) AND (id <= 9033177))

table 8 : explain SELECT id, c FROM sbtest8 WHERE id BETWEEN 9033077 AND 9033177
	Index Scan using sbtest8_pkey on sbtest8  (cost=0.43..381.14 rows=96 width=125)
	  Index Cond: ((id >= 9033077) AND (id <= 9033177))

explain: for range-notcovered :: explain SELECT id, c FROM sbtest%d WHERE id BETWEEN 2676287 AND 2676387
explain: for range-notcovered :: explain SELECT id, c FROM sbtest%d WHERE id BETWEEN 9033077 AND 9033177
for range-notcovered
table 1 : explain SELECT id, c FROM sbtest1 WHERE id BETWEEN 7178648 AND 7178748
	Index Scan using sbtest1_pkey on sbtest1  (cost=0.43..387.72 rows=98 width=125)
	  Index Cond: ((id >= 7178648) AND (id <= 7178748))

table 2 : explain SELECT id, c FROM sbtest2 WHERE id BETWEEN 7178648 AND 7178748
	Index Scan using sbtest2_pkey on sbtest2  (cost=0.43..411.01 rows=104 width=125)
	  Index Cond: ((id >= 7178648) AND (id <= 7178748))

table 3 : explain SELECT id, c FROM sbtest3 WHERE id BETWEEN 7178648 AND 7178748
	Index Scan using sbtest3_pkey on sbtest3  (cost=0.43..380.61 rows=96 width=125)
	  Index Cond: ((id >= 7178648) AND (id <= 7178748))

table 4 : explain SELECT id, c FROM sbtest4 WHERE id BETWEEN 7178648 AND 7178748
	Index Scan using sbtest4_pkey on sbtest4  (cost=0.43..408.37 rows=103 width=125)
	  Index Cond: ((id >= 7178648) AND (id <= 7178748))

table 5 : explain SELECT id, c FROM sbtest5 WHERE id BETWEEN 7178648 AND 7178748
	Index Scan using sbtest5_pkey on sbtest5  (cost=0.43..432.12 rows=109 width=125)
	  Index Cond: ((id >= 7178648) AND (id <= 7178748))

table 6 : explain SELECT id, c FROM sbtest6 WHERE id BETWEEN 7178648 AND 7178748
	Index Scan using sbtest6_pkey on sbtest6  (cost=0.43..419.92 rows=106 width=125)
	  Index Cond: ((id >= 7178648) AND (id <= 7178748))

table 7 : explain SELECT id, c FROM sbtest7 WHERE id BETWEEN 7178648 AND 7178748
	Index Scan using sbtest7_pkey on sbtest7  (cost=0.43..360.95 rows=91 width=125)
	  Index Cond: ((id >= 7178648) AND (id <= 7178748))

table 8 : explain SELECT id, c FROM sbtest8 WHERE id BETWEEN 7178648 AND 7178748
	Index Scan using sbtest8_pkey on sbtest8  (cost=0.43..392.93 rows=99 width=125)
	  Index Cond: ((id >= 7178648) AND (id <= 7178748))

explain: for range-notcovered :: explain SELECT id, c FROM sbtest%d WHERE id BETWEEN 3972409 AND 3972509
explain: for range-notcovered :: explain SELECT id, c FROM sbtest%d WHERE id BETWEEN 7178648 AND 7178748
for range-notcovered
table 1 : explain SELECT id, c FROM sbtest1 WHERE id BETWEEN 6821981 AND 6822081
	Index Scan using sbtest1_pkey on sbtest1  (cost=0.43..415.08 rows=105 width=125)
	  Index Cond: ((id >= 6821981) AND (id <= 6822081))

table 2 : explain SELECT id, c FROM sbtest2 WHERE id BETWEEN 6821981 AND 6822081
	Index Scan using sbtest2_pkey on sbtest2  (cost=0.43..391.47 rows=99 width=125)
	  Index Cond: ((id >= 6821981) AND (id <= 6822081))

table 3 : explain SELECT id, c FROM sbtest3 WHERE id BETWEEN 6821981 AND 6822081
	Index Scan using sbtest3_pkey on sbtest3  (cost=0.43..396.28 rows=100 width=125)
	  Index Cond: ((id >= 6821981) AND (id <= 6822081))

table 4 : explain SELECT id, c FROM sbtest4 WHERE id BETWEEN 6821981 AND 6822081
	Index Scan using sbtest4_pkey on sbtest4  (cost=0.43..392.69 rows=99 width=125)
	  Index Cond: ((id >= 6821981) AND (id <= 6822081))

table 5 : explain SELECT id, c FROM sbtest5 WHERE id BETWEEN 6821981 AND 6822081
	Index Scan using sbtest5_pkey on sbtest5  (cost=0.43..396.82 rows=100 width=125)
	  Index Cond: ((id >= 6821981) AND (id <= 6822081))

table 6 : explain SELECT id, c FROM sbtest6 WHERE id BETWEEN 6821981 AND 6822081
	Index Scan using sbtest6_pkey on sbtest6  (cost=0.43..408.17 rows=103 width=125)
	  Index Cond: ((id >= 6821981) AND (id <= 6822081))

table 7 : explain SELECT id, c FROM sbtest7 WHERE id BETWEEN 6821981 AND 6822081
	Index Scan using sbtest7_pkey on sbtest7  (cost=0.43..411.88 rows=104 width=125)
	  Index Cond: ((id >= 6821981) AND (id <= 6822081))

table 8 : explain SELECT id, c FROM sbtest8 WHERE id BETWEEN 6821981 AND 6822081
	Index Scan using sbtest8_pkey on sbtest8  (cost=0.43..389.01 rows=98 width=125)
	  Index Cond: ((id >= 6821981) AND (id <= 6822081))

for range-notcovered
table 1 : explain SELECT id, c FROM sbtest1 WHERE id BETWEEN 2079414 AND 2079514
	Index Scan using sbtest1_pkey on sbtest1  (cost=0.43..383.81 rows=97 width=125)
	  Index Cond: ((id >= 2079414) AND (id <= 2079514))

table 2 : explain SELECT id, c FROM sbtest2 WHERE id BETWEEN 2079414 AND 2079514
	Index Scan using sbtest2_pkey on sbtest2  (cost=0.43..364.09 rows=92 width=125)
	  Index Cond: ((id >= 2079414) AND (id <= 2079514))

table 3 : explain SELECT id, c FROM sbtest3 WHERE id BETWEEN 2079414 AND 2079514
	Index Scan using sbtest3_pkey on sbtest3  (cost=0.43..388.44 rows=98 width=125)
	  Index Cond: ((id >= 2079414) AND (id <= 2079514))

table 4 : explain SELECT id, c FROM sbtest4 WHERE id BETWEEN 2079414 AND 2079514
	Index Scan using sbtest4_pkey on sbtest4  (cost=0.43..365.25 rows=92 width=125)
	  Index Cond: ((id >= 2079414) AND (id <= 2079514))

table 5 : explain SELECT id, c FROM sbtest5 WHERE id BETWEEN 2079414 AND 2079514
	Index Scan using sbtest5_pkey on sbtest5  (cost=0.43..392.90 rows=99 width=125)
	  Index Cond: ((id >= 2079414) AND (id <= 2079514))

table 6 : explain SELECT id, c FROM sbtest6 WHERE id BETWEEN 2079414 AND 2079514
	Index Scan using sbtest6_pkey on sbtest6  (cost=0.43..384.66 rows=97 width=125)
	  Index Cond: ((id >= 2079414) AND (id <= 2079514))

table 7 : explain SELECT id, c FROM sbtest7 WHERE id BETWEEN 2079414 AND 2079514
	Index Scan using sbtest7_pkey on sbtest7  (cost=0.43..388.39 rows=98 width=125)
	  Index Cond: ((id >= 2079414) AND (id <= 2079514))

table 8 : explain SELECT id, c FROM sbtest8 WHERE id BETWEEN 2079414 AND 2079514
	Index Scan using sbtest8_pkey on sbtest8  (cost=0.43..404.70 rows=102 width=125)
	  Index Cond: ((id >= 2079414) AND (id <= 2079514))

for range-notcovered
table 1 : explain SELECT id, c FROM sbtest1 WHERE id BETWEEN 2703459 AND 2703559
	Index Scan using sbtest1_pkey on sbtest1  (cost=0.43..391.63 rows=99 width=125)
	  Index Cond: ((id >= 2703459) AND (id <= 2703559))

table 2 : explain SELECT id, c FROM sbtest2 WHERE id BETWEEN 2703459 AND 2703559
	Index Scan using sbtest2_pkey on sbtest2  (cost=0.43..403.19 rows=102 width=125)
	  Index Cond: ((id >= 2703459) AND (id <= 2703559))

table 3 : explain SELECT id, c FROM sbtest3 WHERE id BETWEEN 2703459 AND 2703559
	Index Scan using sbtest3_pkey on sbtest3  (cost=0.43..380.61 rows=96 width=125)
	  Index Cond: ((id >= 2703459) AND (id <= 2703559))

table 4 : explain SELECT id, c FROM sbtest4 WHERE id BETWEEN 2703459 AND 2703559
	Index Scan using sbtest4_pkey on sbtest4  (cost=0.43..384.85 rows=97 width=125)
	  Index Cond: ((id >= 2703459) AND (id <= 2703559))

table 5 : explain SELECT id, c FROM sbtest5 WHERE id BETWEEN 2703459 AND 2703559
	Index Scan using sbtest5_pkey on sbtest5  (cost=0.43..353.66 rows=89 width=125)
	  Index Cond: ((id >= 2703459) AND (id <= 2703559))

table 6 : explain SELECT id, c FROM sbtest6 WHERE id BETWEEN 2703459 AND 2703559
	Index Scan using sbtest6_pkey on sbtest6  (cost=0.43..435.59 rows=110 width=125)
	  Index Cond: ((id >= 2703459) AND (id <= 2703559))

table 7 : explain SELECT id, c FROM sbtest7 WHERE id BETWEEN 2703459 AND 2703559
	Index Scan using sbtest7_pkey on sbtest7  (cost=0.43..368.81 rows=93 width=125)
	  Index Cond: ((id >= 2703459) AND (id <= 2703559))

table 8 : explain SELECT id, c FROM sbtest8 WHERE id BETWEEN 2703459 AND 2703559
	Index Scan using sbtest8_pkey on sbtest8  (cost=0.43..400.77 rows=101 width=125)
	  Index Cond: ((id >= 2703459) AND (id <= 2703559))

explain: for range-notcovered :: explain SELECT id, c FROM sbtest%d WHERE id BETWEEN 6821981 AND 6822081
for range-notcovered
table 1 : explain SELECT id, c FROM sbtest1 WHERE id BETWEEN 2723453 AND 2723553
	Index Scan using sbtest1_pkey on sbtest1  (cost=0.43..391.63 rows=99 width=125)
	  Index Cond: ((id >= 2723453) AND (id <= 2723553))

table 2 : explain SELECT id, c FROM sbtest2 WHERE id BETWEEN 2723453 AND 2723553
	Index Scan using sbtest2_pkey on sbtest2  (cost=0.43..403.19 rows=102 width=125)
	  Index Cond: ((id >= 2723453) AND (id <= 2723553))

table 3 : explain SELECT id, c FROM sbtest3 WHERE id BETWEEN 2723453 AND 2723553
	Index Scan using sbtest3_pkey on sbtest3  (cost=0.43..372.78 rows=94 width=125)
	  Index Cond: ((id >= 2723453) AND (id <= 2723553))

table 4 : explain SELECT id, c FROM sbtest4 WHERE id BETWEEN 2723453 AND 2723553
	Index Scan using sbtest4_pkey on sbtest4  (cost=0.43..384.85 rows=97 width=125)
	  Index Cond: ((id >= 2723453) AND (id <= 2723553))

table 5 : explain SELECT id, c FROM sbtest5 WHERE id BETWEEN 2723453 AND 2723553
	Index Scan using sbtest5_pkey on sbtest5  (cost=0.43..353.66 rows=89 width=125)
	  Index Cond: ((id >= 2723453) AND (id <= 2723553))

table 6 : explain SELECT id, c FROM sbtest6 WHERE id BETWEEN 2723453 AND 2723553
	Index Scan using sbtest6_pkey on sbtest6  (cost=0.43..435.59 rows=110 width=125)
	  Index Cond: ((id >= 2723453) AND (id <= 2723553))

table 7 : explain SELECT id, c FROM sbtest7 WHERE id BETWEEN 2723453 AND 2723553
	Index Scan using sbtest7_pkey on sbtest7  (cost=0.43..368.81 rows=93 width=125)
	  Index Cond: ((id >= 2723453) AND (id <= 2723553))

table 8 : explain SELECT id, c FROM sbtest8 WHERE id BETWEEN 2723453 AND 2723553
	Index Scan using sbtest8_pkey on sbtest8  (cost=0.43..400.77 rows=101 width=125)
	  Index Cond: ((id >= 2723453) AND (id <= 2723553))

for range-notcovered
table 1 : explain SELECT id, c FROM sbtest1 WHERE id BETWEEN 4304088 AND 4304188
	Index Scan using sbtest1_pkey on sbtest1  (cost=0.43..368.15 rows=93 width=125)
	  Index Cond: ((id >= 4304088) AND (id <= 4304188))

table 2 : explain SELECT id, c FROM sbtest2 WHERE id BETWEEN 4304088 AND 4304188
	Index Scan using sbtest2_pkey on sbtest2  (cost=0.43..407.10 rows=103 width=125)
	  Index Cond: ((id >= 4304088) AND (id <= 4304188))

table 3 : explain SELECT id, c FROM sbtest3 WHERE id BETWEEN 4304088 AND 4304188
	Index Scan using sbtest3_pkey on sbtest3  (cost=0.43..411.94 rows=104 width=125)
	  Index Cond: ((id >= 4304088) AND (id <= 4304188))

table 4 : explain SELECT id, c FROM sbtest4 WHERE id BETWEEN 4304088 AND 4304188
	Index Scan using sbtest4_pkey on sbtest4  (cost=0.43..404.45 rows=102 width=125)
	  Index Cond: ((id >= 4304088) AND (id <= 4304188))

table 5 : explain SELECT id, c FROM sbtest5 WHERE id BETWEEN 4304088 AND 4304188
	Index Scan using sbtest5_pkey on sbtest5  (cost=0.43..365.45 rows=92 width=125)
	  Index Cond: ((id >= 4304088) AND (id <= 4304188))

table 6 : explain SELECT id, c FROM sbtest6 WHERE id BETWEEN 4304088 AND 4304188
	Index Scan using sbtest6_pkey on sbtest6  (cost=0.43..368.96 rows=93 width=125)
	  Index Cond: ((id >= 4304088) AND (id <= 4304188))

table 7 : explain SELECT id, c FROM sbtest7 WHERE id BETWEEN 4304088 AND 4304188
	Index Scan using sbtest7_pkey on sbtest7  (cost=0.43..372.72 rows=94 width=125)
	  Index Cond: ((id >= 4304088) AND (id <= 4304188))

table 8 : explain SELECT id, c FROM sbtest8 WHERE id BETWEEN 4304088 AND 4304188
	Index Scan using sbtest8_pkey on sbtest8  (cost=0.43..412.54 rows=104 width=125)
	  Index Cond: ((id >= 4304088) AND (id <= 4304188))

explain: for range-notcovered :: explain SELECT id, c FROM sbtest%d WHERE id BETWEEN 2079414 AND 2079514
explain: for range-notcovered :: explain SELECT id, c FROM sbtest%d WHERE id BETWEEN 2723453 AND 2723553
explain: for range-notcovered :: explain SELECT id, c FROM sbtest%d WHERE id BETWEEN 4304088 AND 4304188
for range-notcovered
table 1 : explain SELECT id, c FROM sbtest1 WHERE id BETWEEN 9033077 AND 9033177
	Index Scan using sbtest1_pkey on sbtest1  (cost=0.43..387.72 rows=98 width=125)
	  Index Cond: ((id >= 9033077) AND (id <= 9033177))

table 2 : explain SELECT id, c FROM sbtest2 WHERE id BETWEEN 9033077 AND 9033177
	Index Scan using sbtest2_pkey on sbtest2  (cost=0.43..395.38 rows=100 width=125)
	  Index Cond: ((id >= 9033077) AND (id <= 9033177))

table 3 : explain SELECT id, c FROM sbtest3 WHERE id BETWEEN 9033077 AND 9033177
	Index Scan using sbtest3_pkey on sbtest3  (cost=0.43..435.44 rows=110 width=125)
	  Index Cond: ((id >= 9033077) AND (id <= 9033177))

table 4 : explain SELECT id, c FROM sbtest4 WHERE id BETWEEN 9033077 AND 9033177
	Index Scan using sbtest4_pkey on sbtest4  (cost=0.43..396.61 rows=100 width=125)
	  Index Cond: ((id >= 9033077) AND (id <= 9033177))

table 5 : explain SELECT id, c FROM sbtest5 WHERE id BETWEEN 9033077 AND 9033177
	Index Scan using sbtest5_pkey on sbtest5  (cost=0.43..424.28 rows=107 width=125)
	  Index Cond: ((id >= 9033077) AND (id <= 9033177))

table 6 : explain SELECT id, c FROM sbtest6 WHERE id BETWEEN 9033077 AND 9033177
	Index Scan using sbtest6_pkey on sbtest6  (cost=0.43..365.04 rows=92 width=125)
	  Index Cond: ((id >= 9033077) AND (id <= 9033177))

table 7 : explain SELECT id, c FROM sbtest7 WHERE id BETWEEN 9033077 AND 9033177
	Index Scan using sbtest7_pkey on sbtest7  (cost=0.43..376.64 rows=95 width=125)
	  Index Cond: ((id >= 9033077) AND (id <= 9033177))

table 8 : explain SELECT id, c FROM sbtest8 WHERE id BETWEEN 9033077 AND 9033177
	Index Scan using sbtest8_pkey on sbtest8  (cost=0.43..381.14 rows=96 width=125)
	  Index Cond: ((id >= 9033077) AND (id <= 9033177))

explain: for range-notcovered :: explain SELECT id, c FROM sbtest%d WHERE id BETWEEN 2703459 AND 2703559
for range-notcovered
table 1 : explain SELECT id, c FROM sbtest1 WHERE id BETWEEN 2676287 AND 2676387
	Index Scan using sbtest1_pkey on sbtest1  (cost=0.43..430.72 rows=109 width=125)
	  Index Cond: ((id >= 2676287) AND (id <= 2676387))

table 2 : explain SELECT id, c FROM sbtest2 WHERE id BETWEEN 2676287 AND 2676387
	Index Scan using sbtest2_pkey on sbtest2  (cost=0.43..391.47 rows=99 width=125)
	  Index Cond: ((id >= 2676287) AND (id <= 2676387))

table 3 : explain SELECT id, c FROM sbtest3 WHERE id BETWEEN 2676287 AND 2676387
	Index Scan using sbtest3_pkey on sbtest3  (cost=0.43..380.61 rows=96 width=125)
	  Index Cond: ((id >= 2676287) AND (id <= 2676387))

table 4 : explain SELECT id, c FROM sbtest4 WHERE id BETWEEN 2676287 AND 2676387
	Index Scan using sbtest4_pkey on sbtest4  (cost=0.43..384.85 rows=97 width=125)
	  Index Cond: ((id >= 2676287) AND (id <= 2676387))

table 5 : explain SELECT id, c FROM sbtest5 WHERE id BETWEEN 2676287 AND 2676387
	Index Scan using sbtest5_pkey on sbtest5  (cost=0.43..420.36 rows=106 width=125)
	  Index Cond: ((id >= 2676287) AND (id <= 2676387))

table 6 : explain SELECT id, c FROM sbtest6 WHERE id BETWEEN 2676287 AND 2676387
	Index Scan using sbtest6_pkey on sbtest6  (cost=0.43..392.50 rows=99 width=125)
	  Index Cond: ((id >= 2676287) AND (id <= 2676387))

table 7 : explain SELECT id, c FROM sbtest7 WHERE id BETWEEN 2676287 AND 2676387
	Index Scan using sbtest7_pkey on sbtest7  (cost=0.43..368.81 rows=93 width=125)
	  Index Cond: ((id >= 2676287) AND (id <= 2676387))

table 8 : explain SELECT id, c FROM sbtest8 WHERE id BETWEEN 2676287 AND 2676387
	Index Scan using sbtest8_pkey on sbtest8  (cost=0.43..400.77 rows=101 width=125)
	  Index Cond: ((id >= 2676287) AND (id <= 2676387))

for range-notcovered
table 1 : explain SELECT id, c FROM sbtest1 WHERE id BETWEEN 6821981 AND 6822081
	Index Scan using sbtest1_pkey on sbtest1  (cost=0.43..415.08 rows=105 width=125)
	  Index Cond: ((id >= 6821981) AND (id <= 6822081))

table 2 : explain SELECT id, c FROM sbtest2 WHERE id BETWEEN 6821981 AND 6822081
	Index Scan using sbtest2_pkey on sbtest2  (cost=0.43..391.47 rows=99 width=125)
	  Index Cond: ((id >= 6821981) AND (id <= 6822081))

table 3 : explain SELECT id, c FROM sbtest3 WHERE id BETWEEN 6821981 AND 6822081
	Index Scan using sbtest3_pkey on sbtest3  (cost=0.43..396.28 rows=100 width=125)
	  Index Cond: ((id >= 6821981) AND (id <= 6822081))

table 4 : explain SELECT id, c FROM sbtest4 WHERE id BETWEEN 6821981 AND 6822081
	Index Scan using sbtest4_pkey on sbtest4  (cost=0.43..392.69 rows=99 width=125)
	  Index Cond: ((id >= 6821981) AND (id <= 6822081))

table 5 : explain SELECT id, c FROM sbtest5 WHERE id BETWEEN 6821981 AND 6822081
	Index Scan using sbtest5_pkey on sbtest5  (cost=0.43..396.82 rows=100 width=125)
	  Index Cond: ((id >= 6821981) AND (id <= 6822081))

table 6 : explain SELECT id, c FROM sbtest6 WHERE id BETWEEN 6821981 AND 6822081
	Index Scan using sbtest6_pkey on sbtest6  (cost=0.43..408.17 rows=103 width=125)
	  Index Cond: ((id >= 6821981) AND (id <= 6822081))

table 7 : explain SELECT id, c FROM sbtest7 WHERE id BETWEEN 6821981 AND 6822081
	Index Scan using sbtest7_pkey on sbtest7  (cost=0.43..411.88 rows=104 width=125)
	  Index Cond: ((id >= 6821981) AND (id <= 6822081))

table 8 : explain SELECT id, c FROM sbtest8 WHERE id BETWEEN 6821981 AND 6822081
	Index Scan using sbtest8_pkey on sbtest8  (cost=0.43..389.01 rows=98 width=125)
	  Index Cond: ((id >= 6821981) AND (id <= 6822081))

for range-notcovered
table 1 : explain SELECT id, c FROM sbtest1 WHERE id BETWEEN 4304088 AND 4304188
	Index Scan using sbtest1_pkey on sbtest1  (cost=0.43..368.15 rows=93 width=125)
	  Index Cond: ((id >= 4304088) AND (id <= 4304188))

table 2 : explain SELECT id, c FROM sbtest2 WHERE id BETWEEN 4304088 AND 4304188
	Index Scan using sbtest2_pkey on sbtest2  (cost=0.43..407.10 rows=103 width=125)
	  Index Cond: ((id >= 4304088) AND (id <= 4304188))

table 3 : explain SELECT id, c FROM sbtest3 WHERE id BETWEEN 4304088 AND 4304188
	Index Scan using sbtest3_pkey on sbtest3  (cost=0.43..411.94 rows=104 width=125)
	  Index Cond: ((id >= 4304088) AND (id <= 4304188))

table 4 : explain SELECT id, c FROM sbtest4 WHERE id BETWEEN 4304088 AND 4304188
	Index Scan using sbtest4_pkey on sbtest4  (cost=0.43..404.45 rows=102 width=125)
	  Index Cond: ((id >= 4304088) AND (id <= 4304188))

table 5 : explain SELECT id, c FROM sbtest5 WHERE id BETWEEN 4304088 AND 4304188
	Index Scan using sbtest5_pkey on sbtest5  (cost=0.43..365.45 rows=92 width=125)
	  Index Cond: ((id >= 4304088) AND (id <= 4304188))

table 6 : explain SELECT id, c FROM sbtest6 WHERE id BETWEEN 4304088 AND 4304188
	Index Scan using sbtest6_pkey on sbtest6  (cost=0.43..368.96 rows=93 width=125)
	  Index Cond: ((id >= 4304088) AND (id <= 4304188))

table 7 : explain SELECT id, c FROM sbtest7 WHERE id BETWEEN 4304088 AND 4304188
	Index Scan using sbtest7_pkey on sbtest7  (cost=0.43..372.72 rows=94 width=125)
	  Index Cond: ((id >= 4304088) AND (id <= 4304188))

table 8 : explain SELECT id, c FROM sbtest8 WHERE id BETWEEN 4304088 AND 4304188
	Index Scan using sbtest8_pkey on sbtest8  (cost=0.43..412.54 rows=104 width=125)
	  Index Cond: ((id >= 4304088) AND (id <= 4304188))

for range-notcovered
table 1 : explain SELECT id, c FROM sbtest1 WHERE id BETWEEN 2079414 AND 2079514
	Index Scan using sbtest1_pkey on sbtest1  (cost=0.43..383.81 rows=97 width=125)
	  Index Cond: ((id >= 2079414) AND (id <= 2079514))

table 2 : explain SELECT id, c FROM sbtest2 WHERE id BETWEEN 2079414 AND 2079514
	Index Scan using sbtest2_pkey on sbtest2  (cost=0.43..364.09 rows=92 width=125)
	  Index Cond: ((id >= 2079414) AND (id <= 2079514))

table 3 : explain SELECT id, c FROM sbtest3 WHERE id BETWEEN 2079414 AND 2079514
	Index Scan using sbtest3_pkey on sbtest3  (cost=0.43..388.44 rows=98 width=125)
	  Index Cond: ((id >= 2079414) AND (id <= 2079514))

table 4 : explain SELECT id, c FROM sbtest4 WHERE id BETWEEN 2079414 AND 2079514
	Index Scan using sbtest4_pkey on sbtest4  (cost=0.43..365.25 rows=92 width=125)
	  Index Cond: ((id >= 2079414) AND (id <= 2079514))

table 5 : explain SELECT id, c FROM sbtest5 WHERE id BETWEEN 2079414 AND 2079514
	Index Scan using sbtest5_pkey on sbtest5  (cost=0.43..392.90 rows=99 width=125)
	  Index Cond: ((id >= 2079414) AND (id <= 2079514))

table 6 : explain SELECT id, c FROM sbtest6 WHERE id BETWEEN 2079414 AND 2079514
	Index Scan using sbtest6_pkey on sbtest6  (cost=0.43..384.66 rows=97 width=125)
	  Index Cond: ((id >= 2079414) AND (id <= 2079514))

table 7 : explain SELECT id, c FROM sbtest7 WHERE id BETWEEN 2079414 AND 2079514
	Index Scan using sbtest7_pkey on sbtest7  (cost=0.43..388.39 rows=98 width=125)
	  Index Cond: ((id >= 2079414) AND (id <= 2079514))

table 8 : explain SELECT id, c FROM sbtest8 WHERE id BETWEEN 2079414 AND 2079514
	Index Scan using sbtest8_pkey on sbtest8  (cost=0.43..404.70 rows=102 width=125)
	  Index Cond: ((id >= 2079414) AND (id <= 2079514))

explain: for range-notcovered :: explain SELECT id, c FROM sbtest%d WHERE id BETWEEN 6821981 AND 6822081
explain: for range-notcovered :: explain SELECT id, c FROM sbtest%d WHERE id BETWEEN 4304088 AND 4304188
for range-notcovered
table 1 : explain SELECT id, c FROM sbtest1 WHERE id BETWEEN 3972409 AND 3972509
	Index Scan using sbtest1_pkey on sbtest1  (cost=0.43..368.15 rows=93 width=125)
	  Index Cond: ((id >= 3972409) AND (id <= 3972509))

table 2 : explain SELECT id, c FROM sbtest2 WHERE id BETWEEN 3972409 AND 3972509
	Index Scan using sbtest2_pkey on sbtest2  (cost=0.43..379.72 rows=96 width=125)
	  Index Cond: ((id >= 3972409) AND (id <= 3972509))

table 3 : explain SELECT id, c FROM sbtest3 WHERE id BETWEEN 3972409 AND 3972509
	Index Scan using sbtest3_pkey on sbtest3  (cost=0.43..392.36 rows=99 width=125)
	  Index Cond: ((id >= 3972409) AND (id <= 3972509))

table 4 : explain SELECT id, c FROM sbtest4 WHERE id BETWEEN 3972409 AND 3972509
	Index Scan using sbtest4_pkey on sbtest4  (cost=0.43..439.73 rows=111 width=125)
	  Index Cond: ((id >= 3972409) AND (id <= 3972509))

table 5 : explain SELECT id, c FROM sbtest5 WHERE id BETWEEN 3972409 AND 3972509
	Index Scan using sbtest5_pkey on sbtest5  (cost=0.43..416.44 rows=105 width=125)
	  Index Cond: ((id >= 3972409) AND (id <= 3972509))

table 6 : explain SELECT id, c FROM sbtest6 WHERE id BETWEEN 3972409 AND 3972509
	Index Scan using sbtest6_pkey on sbtest6  (cost=0.43..404.25 rows=102 width=125)
	  Index Cond: ((id >= 3972409) AND (id <= 3972509))

table 7 : explain SELECT id, c FROM sbtest7 WHERE id BETWEEN 3972409 AND 3972509
	Index Scan using sbtest7_pkey on sbtest7  (cost=0.43..392.30 rows=99 width=125)
	  Index Cond: ((id >= 3972409) AND (id <= 3972509))

table 8 : explain SELECT id, c FROM sbtest8 WHERE id BETWEEN 3972409 AND 3972509
	Index Scan using sbtest8_pkey on sbtest8  (cost=0.43..447.84 rows=113 width=125)
	  Index Cond: ((id >= 3972409) AND (id <= 3972509))

explain: for range-notcovered :: explain SELECT id, c FROM sbtest%d WHERE id BETWEEN 2079414 AND 2079514
explain: for range-notcovered :: explain SELECT id, c FROM sbtest%d WHERE id BETWEEN 2676287 AND 2676387
explain: for range-notcovered :: explain SELECT id, c FROM sbtest%d WHERE id BETWEEN 3972409 AND 3972509
for range-notcovered
table 1 : explain SELECT id, c FROM sbtest1 WHERE id BETWEEN 7178648 AND 7178748
	Index Scan using sbtest1_pkey on sbtest1  (cost=0.43..387.72 rows=98 width=125)
	  Index Cond: ((id >= 7178648) AND (id <= 7178748))

table 2 : explain SELECT id, c FROM sbtest2 WHERE id BETWEEN 7178648 AND 7178748
	Index Scan using sbtest2_pkey on sbtest2  (cost=0.43..411.01 rows=104 width=125)
	  Index Cond: ((id >= 7178648) AND (id <= 7178748))

table 3 : explain SELECT id, c FROM sbtest3 WHERE id BETWEEN 7178648 AND 7178748
	Index Scan using sbtest3_pkey on sbtest3  (cost=0.43..380.61 rows=96 width=125)
	  Index Cond: ((id >= 7178648) AND (id <= 7178748))

table 4 : explain SELECT id, c FROM sbtest4 WHERE id BETWEEN 7178648 AND 7178748
	Index Scan using sbtest4_pkey on sbtest4  (cost=0.43..408.37 rows=103 width=125)
	  Index Cond: ((id >= 7178648) AND (id <= 7178748))

table 5 : explain SELECT id, c FROM sbtest5 WHERE id BETWEEN 7178648 AND 7178748
	Index Scan using sbtest5_pkey on sbtest5  (cost=0.43..432.12 rows=109 width=125)
	  Index Cond: ((id >= 7178648) AND (id <= 7178748))

table 6 : explain SELECT id, c FROM sbtest6 WHERE id BETWEEN 7178648 AND 7178748
	Index Scan using sbtest6_pkey on sbtest6  (cost=0.43..419.92 rows=106 width=125)
	  Index Cond: ((id >= 7178648) AND (id <= 7178748))

table 7 : explain SELECT id, c FROM sbtest7 WHERE id BETWEEN 7178648 AND 7178748
	Index Scan using sbtest7_pkey on sbtest7  (cost=0.43..360.95 rows=91 width=125)
	  Index Cond: ((id >= 7178648) AND (id <= 7178748))

table 8 : explain SELECT id, c FROM sbtest8 WHERE id BETWEEN 7178648 AND 7178748
	Index Scan using sbtest8_pkey on sbtest8  (cost=0.43..392.93 rows=99 width=125)
	  Index Cond: ((id >= 7178648) AND (id <= 7178748))

for range-notcovered
table 1 : explain SELECT id, c FROM sbtest1 WHERE id BETWEEN 8910349 AND 8910449
	Index Scan using sbtest1_pkey on sbtest1  (cost=0.43..395.54 rows=100 width=125)
	  Index Cond: ((id >= 8910349) AND (id <= 8910449))

table 2 : explain SELECT id, c FROM sbtest2 WHERE id BETWEEN 8910349 AND 8910449
	Index Scan using sbtest2_pkey on sbtest2  (cost=0.43..407.10 rows=103 width=125)
	  Index Cond: ((id >= 8910349) AND (id <= 8910449))

table 3 : explain SELECT id, c FROM sbtest3 WHERE id BETWEEN 8910349 AND 8910449
	Index Scan using sbtest3_pkey on sbtest3  (cost=0.43..431.53 rows=109 width=125)
	  Index Cond: ((id >= 8910349) AND (id <= 8910449))

table 4 : explain SELECT id, c FROM sbtest4 WHERE id BETWEEN 8910349 AND 8910449
	Index Scan using sbtest4_pkey on sbtest4  (cost=0.43..400.53 rows=101 width=125)
	  Index Cond: ((id >= 8910349) AND (id <= 8910449))

table 5 : explain SELECT id, c FROM sbtest5 WHERE id BETWEEN 8910349 AND 8910449
	Index Scan using sbtest5_pkey on sbtest5  (cost=0.43..381.14 rows=96 width=125)
	  Index Cond: ((id >= 8910349) AND (id <= 8910449))

table 6 : explain SELECT id, c FROM sbtest6 WHERE id BETWEEN 8910349 AND 8910449
	Index Scan using sbtest6_pkey on sbtest6  (cost=0.43..400.33 rows=101 width=125)
	  Index Cond: ((id >= 8910349) AND (id <= 8910449))

table 7 : explain SELECT id, c FROM sbtest7 WHERE id BETWEEN 8910349 AND 8910449
	Index Scan using sbtest7_pkey on sbtest7  (cost=0.43..415.80 rows=105 width=125)
	  Index Cond: ((id >= 8910349) AND (id <= 8910449))

table 8 : explain SELECT id, c FROM sbtest8 WHERE id BETWEEN 8910349 AND 8910449
	Index Scan using sbtest8_pkey on sbtest8  (cost=0.43..392.93 rows=99 width=125)
	  Index Cond: ((id >= 8910349) AND (id <= 8910449))

explain: for range-notcovered :: explain SELECT id, c FROM sbtest%d WHERE id BETWEEN 7178648 AND 7178748
for range-notcovered
table 1 : explain SELECT id, c FROM sbtest1 WHERE id BETWEEN 5972354 AND 5972454
	Index Scan using sbtest1_pkey on sbtest1  (cost=0.43..477.63 rows=121 width=125)
	  Index Cond: ((id >= 5972354) AND (id <= 5972454))

table 2 : explain SELECT id, c FROM sbtest2 WHERE id BETWEEN 5972354 AND 5972454
	Index Scan using sbtest2_pkey on sbtest2  (cost=0.43..395.38 rows=100 width=125)
	  Index Cond: ((id >= 5972354) AND (id <= 5972454))

table 3 : explain SELECT id, c FROM sbtest3 WHERE id BETWEEN 5972354 AND 5972454
	Index Scan using sbtest3_pkey on sbtest3  (cost=0.43..396.28 rows=100 width=125)
	  Index Cond: ((id >= 5972354) AND (id <= 5972454))

table 4 : explain SELECT id, c FROM sbtest4 WHERE id BETWEEN 5972354 AND 5972454
	Index Scan using sbtest4_pkey on sbtest4  (cost=0.43..373.09 rows=94 width=125)
	  Index Cond: ((id >= 5972354) AND (id <= 5972454))

table 5 : explain SELECT id, c FROM sbtest5 WHERE id BETWEEN 5972354 AND 5972454
	Index Scan using sbtest5_pkey on sbtest5  (cost=0.43..381.14 rows=96 width=125)
	  Index Cond: ((id >= 5972354) AND (id <= 5972454))

table 6 : explain SELECT id, c FROM sbtest6 WHERE id BETWEEN 5972354 AND 5972454
	Index Scan using sbtest6_pkey on sbtest6  (cost=0.43..388.58 rows=98 width=125)
	  Index Cond: ((id >= 5972354) AND (id <= 5972454))

table 7 : explain SELECT id, c FROM sbtest7 WHERE id BETWEEN 5972354 AND 5972454
	Index Scan using sbtest7_pkey on sbtest7  (cost=0.43..435.38 rows=110 width=125)
	  Index Cond: ((id >= 5972354) AND (id <= 5972454))

table 8 : explain SELECT id, c FROM sbtest8 WHERE id BETWEEN 5972354 AND 5972454
	Index Scan using sbtest8_pkey on sbtest8  (cost=0.43..396.85 rows=100 width=125)
	  Index Cond: ((id >= 5972354) AND (id <= 5972454))

for range-notcovered
table 1 : explain SELECT id, c FROM sbtest1 WHERE id BETWEEN 5530356 AND 5530456
	Index Scan using sbtest1_pkey on sbtest1  (cost=0.43..411.17 rows=104 width=125)
	  Index Cond: ((id >= 5530356) AND (id <= 5530456))

table 2 : explain SELECT id, c FROM sbtest2 WHERE id BETWEEN 5530356 AND 5530456
	Index Scan using sbtest2_pkey on sbtest2  (cost=0.43..422.73 rows=107 width=125)
	  Index Cond: ((id >= 5530356) AND (id <= 5530456))

table 3 : explain SELECT id, c FROM sbtest3 WHERE id BETWEEN 5530356 AND 5530456
	Index Scan using sbtest3_pkey on sbtest3  (cost=0.43..411.94 rows=104 width=125)
	  Index Cond: ((id >= 5530356) AND (id <= 5530456))

table 4 : explain SELECT id, c FROM sbtest4 WHERE id BETWEEN 5530356 AND 5530456
	Index Scan using sbtest4_pkey on sbtest4  (cost=0.43..412.29 rows=104 width=125)
	  Index Cond: ((id >= 5530356) AND (id <= 5530456))

table 5 : explain SELECT id, c FROM sbtest5 WHERE id BETWEEN 5530356 AND 5530456
	Index Scan using sbtest5_pkey on sbtest5  (cost=0.43..385.06 rows=97 width=125)
	  Index Cond: ((id >= 5530356) AND (id <= 5530456))

table 6 : explain SELECT id, c FROM sbtest6 WHERE id BETWEEN 5530356 AND 5530456
	Index Scan using sbtest6_pkey on sbtest6  (cost=0.43..408.17 rows=103 width=125)
	  Index Cond: ((id >= 5530356) AND (id <= 5530456))

table 7 : explain SELECT id, c FROM sbtest7 WHERE id BETWEEN 5530356 AND 5530456
	Index Scan using sbtest7_pkey on sbtest7  (cost=0.43..411.88 rows=104 width=125)
	  Index Cond: ((id >= 5530356) AND (id <= 5530456))

table 8 : explain SELECT id, c FROM sbtest8 WHERE id BETWEEN 5530356 AND 5530456
	Index Scan using sbtest8_pkey on sbtest8  (cost=0.43..404.70 rows=102 width=125)
	  Index Cond: ((id >= 5530356) AND (id <= 5530456))

for range-notcovered
table 1 : explain SELECT id, c FROM sbtest1 WHERE id BETWEEN 6821981 AND 6822081
	Index Scan using sbtest1_pkey on sbtest1  (cost=0.43..415.08 rows=105 width=125)
	  Index Cond: ((id >= 6821981) AND (id <= 6822081))

table 2 : explain SELECT id, c FROM sbtest2 WHERE id BETWEEN 6821981 AND 6822081
	Index Scan using sbtest2_pkey on sbtest2  (cost=0.43..391.47 rows=99 width=125)
	  Index Cond: ((id >= 6821981) AND (id <= 6822081))

table 3 : explain SELECT id, c FROM sbtest3 WHERE id BETWEEN 6821981 AND 6822081
	Index Scan using sbtest3_pkey on sbtest3  (cost=0.43..396.28 rows=100 width=125)
	  Index Cond: ((id >= 6821981) AND (id <= 6822081))

table 4 : explain SELECT id, c FROM sbtest4 WHERE id BETWEEN 6821981 AND 6822081
	Index Scan using sbtest4_pkey on sbtest4  (cost=0.43..392.69 rows=99 width=125)
	  Index Cond: ((id >= 6821981) AND (id <= 6822081))

table 5 : explain SELECT id, c FROM sbtest5 WHERE id BETWEEN 6821981 AND 6822081
	Index Scan using sbtest5_pkey on sbtest5  (cost=0.43..396.82 rows=100 width=125)
	  Index Cond: ((id >= 6821981) AND (id <= 6822081))

table 6 : explain SELECT id, c FROM sbtest6 WHERE id BETWEEN 6821981 AND 6822081
	Index Scan using sbtest6_pkey on sbtest6  (cost=0.43..408.17 rows=103 width=125)
	  Index Cond: ((id >= 6821981) AND (id <= 6822081))

table 7 : explain SELECT id, c FROM sbtest7 WHERE id BETWEEN 6821981 AND 6822081
	Index Scan using sbtest7_pkey on sbtest7  (cost=0.43..411.88 rows=104 width=125)
	  Index Cond: ((id >= 6821981) AND (id <= 6822081))

table 8 : explain SELECT id, c FROM sbtest8 WHERE id BETWEEN 6821981 AND 6822081
	Index Scan using sbtest8_pkey on sbtest8  (cost=0.43..389.01 rows=98 width=125)
	  Index Cond: ((id >= 6821981) AND (id <= 6822081))

for range-notcovered
table 1 : explain SELECT id, c FROM sbtest1 WHERE id BETWEEN 2723453 AND 2723553
	Index Scan using sbtest1_pkey on sbtest1  (cost=0.43..391.63 rows=99 width=125)
	  Index Cond: ((id >= 2723453) AND (id <= 2723553))

table 2 : explain SELECT id, c FROM sbtest2 WHERE id BETWEEN 2723453 AND 2723553
	Index Scan using sbtest2_pkey on sbtest2  (cost=0.43..403.19 rows=102 width=125)
	  Index Cond: ((id >= 2723453) AND (id <= 2723553))

table 3 : explain SELECT id, c FROM sbtest3 WHERE id BETWEEN 2723453 AND 2723553
	Index Scan using sbtest3_pkey on sbtest3  (cost=0.43..372.78 rows=94 width=125)
	  Index Cond: ((id >= 2723453) AND (id <= 2723553))

table 4 : explain SELECT id, c FROM sbtest4 WHERE id BETWEEN 2723453 AND 2723553
	Index Scan using sbtest4_pkey on sbtest4  (cost=0.43..384.85 rows=97 width=125)
	  Index Cond: ((id >= 2723453) AND (id <= 2723553))

table 5 : explain SELECT id, c FROM sbtest5 WHERE id BETWEEN 2723453 AND 2723553
	Index Scan using sbtest5_pkey on sbtest5  (cost=0.43..353.66 rows=89 width=125)
	  Index Cond: ((id >= 2723453) AND (id <= 2723553))

table 6 : explain SELECT id, c FROM sbtest6 WHERE id BETWEEN 2723453 AND 2723553
	Index Scan using sbtest6_pkey on sbtest6  (cost=0.43..435.59 rows=110 width=125)
	  Index Cond: ((id >= 2723453) AND (id <= 2723553))

table 7 : explain SELECT id, c FROM sbtest7 WHERE id BETWEEN 2723453 AND 2723553
	Index Scan using sbtest7_pkey on sbtest7  (cost=0.43..368.81 rows=93 width=125)
	  Index Cond: ((id >= 2723453) AND (id <= 2723553))

table 8 : explain SELECT id, c FROM sbtest8 WHERE id BETWEEN 2723453 AND 2723553
	Index Scan using sbtest8_pkey on sbtest8  (cost=0.43..400.77 rows=101 width=125)
	  Index Cond: ((id >= 2723453) AND (id <= 2723553))

for range-notcovered
table 1 : explain SELECT id, c FROM sbtest1 WHERE id BETWEEN 4304088 AND 4304188
	Index Scan using sbtest1_pkey on sbtest1  (cost=0.43..368.15 rows=93 width=125)
	  Index Cond: ((id >= 4304088) AND (id <= 4304188))

table 2 : explain SELECT id, c FROM sbtest2 WHERE id BETWEEN 4304088 AND 4304188
	Index Scan using sbtest2_pkey on sbtest2  (cost=0.43..407.10 rows=103 width=125)
	  Index Cond: ((id >= 4304088) AND (id <= 4304188))

table 3 : explain SELECT id, c FROM sbtest3 WHERE id BETWEEN 4304088 AND 4304188
	Index Scan using sbtest3_pkey on sbtest3  (cost=0.43..411.94 rows=104 width=125)
	  Index Cond: ((id >= 4304088) AND (id <= 4304188))

table 4 : explain SELECT id, c FROM sbtest4 WHERE id BETWEEN 4304088 AND 4304188
	Index Scan using sbtest4_pkey on sbtest4  (cost=0.43..404.45 rows=102 width=125)
	  Index Cond: ((id >= 4304088) AND (id <= 4304188))

table 5 : explain SELECT id, c FROM sbtest5 WHERE id BETWEEN 4304088 AND 4304188
	Index Scan using sbtest5_pkey on sbtest5  (cost=0.43..365.45 rows=92 width=125)
	  Index Cond: ((id >= 4304088) AND (id <= 4304188))

table 6 : explain SELECT id, c FROM sbtest6 WHERE id BETWEEN 4304088 AND 4304188
	Index Scan using sbtest6_pkey on sbtest6  (cost=0.43..368.96 rows=93 width=125)
	  Index Cond: ((id >= 4304088) AND (id <= 4304188))

table 7 : explain SELECT id, c FROM sbtest7 WHERE id BETWEEN 4304088 AND 4304188
	Index Scan using sbtest7_pkey on sbtest7  (cost=0.43..372.72 rows=94 width=125)
	  Index Cond: ((id >= 4304088) AND (id <= 4304188))

table 8 : explain SELECT id, c FROM sbtest8 WHERE id BETWEEN 4304088 AND 4304188
	Index Scan using sbtest8_pkey on sbtest8  (cost=0.43..412.54 rows=104 width=125)
	  Index Cond: ((id >= 4304088) AND (id <= 4304188))

explain: for range-notcovered :: explain SELECT id, c FROM sbtest%d WHERE id BETWEEN 6821981 AND 6822081
explain: for range-notcovered :: explain SELECT id, c FROM sbtest%d WHERE id BETWEEN 8910349 AND 8910449
explain: for range-notcovered :: explain SELECT id, c FROM sbtest%d WHERE id BETWEEN 5530356 AND 5530456
for range-notcovered
table 1 : explain SELECT id, c FROM sbtest1 WHERE id BETWEEN 6800516 AND 6800616
	Index Scan using sbtest1_pkey on sbtest1  (cost=0.43..415.08 rows=105 width=125)
	  Index Cond: ((id >= 6800516) AND (id <= 6800616))

table 2 : explain SELECT id, c FROM sbtest2 WHERE id BETWEEN 6800516 AND 6800616
	Index Scan using sbtest2_pkey on sbtest2  (cost=0.43..391.47 rows=99 width=125)
	  Index Cond: ((id >= 6800516) AND (id <= 6800616))

table 3 : explain SELECT id, c FROM sbtest3 WHERE id BETWEEN 6800516 AND 6800616
	Index Scan using sbtest3_pkey on sbtest3  (cost=0.43..396.28 rows=100 width=125)
	  Index Cond: ((id >= 6800516) AND (id <= 6800616))

table 4 : explain SELECT id, c FROM sbtest4 WHERE id BETWEEN 6800516 AND 6800616
	Index Scan using sbtest4_pkey on sbtest4  (cost=0.43..396.61 rows=100 width=125)
	  Index Cond: ((id >= 6800516) AND (id <= 6800616))

table 5 : explain SELECT id, c FROM sbtest5 WHERE id BETWEEN 6800516 AND 6800616
	Index Scan using sbtest5_pkey on sbtest5  (cost=0.43..377.21 rows=95 width=125)
	  Index Cond: ((id >= 6800516) AND (id <= 6800616))

table 6 : explain SELECT id, c FROM sbtest6 WHERE id BETWEEN 6800516 AND 6800616
	Index Scan using sbtest6_pkey on sbtest6  (cost=0.43..408.17 rows=103 width=125)
	  Index Cond: ((id >= 6800516) AND (id <= 6800616))

table 7 : explain SELECT id, c FROM sbtest7 WHERE id BETWEEN 6800516 AND 6800616
	Index Scan using sbtest7_pkey on sbtest7  (cost=0.43..411.88 rows=104 width=125)
	  Index Cond: ((id >= 6800516) AND (id <= 6800616))

table 8 : explain SELECT id, c FROM sbtest8 WHERE id BETWEEN 6800516 AND 6800616
	Index Scan using sbtest8_pkey on sbtest8  (cost=0.43..389.01 rows=98 width=125)
	  Index Cond: ((id >= 6800516) AND (id <= 6800616))

for range-notcovered
table 1 : explain SELECT id, c FROM sbtest1 WHERE id BETWEEN 4441331 AND 4441431
	Index Scan using sbtest1_pkey on sbtest1  (cost=0.43..411.17 rows=104 width=125)
	  Index Cond: ((id >= 4441331) AND (id <= 4441431))

table 2 : explain SELECT id, c FROM sbtest2 WHERE id BETWEEN 4441331 AND 4441431
	Index Scan using sbtest2_pkey on sbtest2  (cost=0.43..422.73 rows=107 width=125)
	  Index Cond: ((id >= 4441331) AND (id <= 4441431))

table 3 : explain SELECT id, c FROM sbtest3 WHERE id BETWEEN 4441331 AND 4441431
	Index Scan using sbtest3_pkey on sbtest3  (cost=0.43..384.53 rows=97 width=125)
	  Index Cond: ((id >= 4441331) AND (id <= 4441431))

table 4 : explain SELECT id, c FROM sbtest4 WHERE id BETWEEN 4441331 AND 4441431
	Index Scan using sbtest4_pkey on sbtest4  (cost=0.43..424.05 rows=107 width=125)
	  Index Cond: ((id >= 4441331) AND (id <= 4441431))

table 5 : explain SELECT id, c FROM sbtest5 WHERE id BETWEEN 4441331 AND 4441431
	Index Scan using sbtest5_pkey on sbtest5  (cost=0.43..459.58 rows=116 width=125)
	  Index Cond: ((id >= 4441331) AND (id <= 4441431))

table 6 : explain SELECT id, c FROM sbtest6 WHERE id BETWEEN 4441331 AND 4441431
	Index Scan using sbtest6_pkey on sbtest6  (cost=0.43..388.58 rows=98 width=125)
	  Index Cond: ((id >= 4441331) AND (id <= 4441431))

table 7 : explain SELECT id, c FROM sbtest7 WHERE id BETWEEN 4441331 AND 4441431
	Index Scan using sbtest7_pkey on sbtest7  (cost=0.43..384.47 rows=97 width=125)
	  Index Cond: ((id >= 4441331) AND (id <= 4441431))

table 8 : explain SELECT id, c FROM sbtest8 WHERE id BETWEEN 4441331 AND 4441431
	Index Scan using sbtest8_pkey on sbtest8  (cost=0.43..400.77 rows=101 width=125)
	  Index Cond: ((id >= 4441331) AND (id <= 4441431))

explain: for range-notcovered :: explain SELECT id, c FROM sbtest%d WHERE id BETWEEN 6800516 AND 6800616
explain: for range-notcovered :: explain SELECT id, c FROM sbtest%d WHERE id BETWEEN 4441331 AND 4441431
explain: for range-notcovered :: explain SELECT id, c FROM sbtest%d WHERE id BETWEEN 5972354 AND 5972454
for range-notcovered
table 1 : explain SELECT id, c FROM sbtest1 WHERE id BETWEEN 6821981 AND 6822081
	Index Scan using sbtest1_pkey on sbtest1  (cost=0.43..415.08 rows=105 width=125)
	  Index Cond: ((id >= 6821981) AND (id <= 6822081))

table 2 : explain SELECT id, c FROM sbtest2 WHERE id BETWEEN 6821981 AND 6822081
	Index Scan using sbtest2_pkey on sbtest2  (cost=0.43..391.47 rows=99 width=125)
	  Index Cond: ((id >= 6821981) AND (id <= 6822081))

table 3 : explain SELECT id, c FROM sbtest3 WHERE id BETWEEN 6821981 AND 6822081
	Index Scan using sbtest3_pkey on sbtest3  (cost=0.43..396.28 rows=100 width=125)
	  Index Cond: ((id >= 6821981) AND (id <= 6822081))

table 4 : explain SELECT id, c FROM sbtest4 WHERE id BETWEEN 6821981 AND 6822081
	Index Scan using sbtest4_pkey on sbtest4  (cost=0.43..392.69 rows=99 width=125)
	  Index Cond: ((id >= 6821981) AND (id <= 6822081))

table 5 : explain SELECT id, c FROM sbtest5 WHERE id BETWEEN 6821981 AND 6822081
	Index Scan using sbtest5_pkey on sbtest5  (cost=0.43..396.82 rows=100 width=125)
	  Index Cond: ((id >= 6821981) AND (id <= 6822081))

table 6 : explain SELECT id, c FROM sbtest6 WHERE id BETWEEN 6821981 AND 6822081
	Index Scan using sbtest6_pkey on sbtest6  (cost=0.43..408.17 rows=103 width=125)
	  Index Cond: ((id >= 6821981) AND (id <= 6822081))

table 7 : explain SELECT id, c FROM sbtest7 WHERE id BETWEEN 6821981 AND 6822081
	Index Scan using sbtest7_pkey on sbtest7  (cost=0.43..411.88 rows=104 width=125)
	  Index Cond: ((id >= 6821981) AND (id <= 6822081))

table 8 : explain SELECT id, c FROM sbtest8 WHERE id BETWEEN 6821981 AND 6822081
	Index Scan using sbtest8_pkey on sbtest8  (cost=0.43..389.01 rows=98 width=125)
	  Index Cond: ((id >= 6821981) AND (id <= 6822081))

explain: for range-notcovered :: explain SELECT id, c FROM sbtest%d WHERE id BETWEEN 6821981 AND 6822081
for range-notcovered
table 1 : explain SELECT id, c FROM sbtest1 WHERE id BETWEEN 2703459 AND 2703559
	Index Scan using sbtest1_pkey on sbtest1  (cost=0.43..391.63 rows=99 width=125)
	  Index Cond: ((id >= 2703459) AND (id <= 2703559))

table 2 : explain SELECT id, c FROM sbtest2 WHERE id BETWEEN 2703459 AND 2703559
	Index Scan using sbtest2_pkey on sbtest2  (cost=0.43..403.19 rows=102 width=125)
	  Index Cond: ((id >= 2703459) AND (id <= 2703559))

table 3 : explain SELECT id, c FROM sbtest3 WHERE id BETWEEN 2703459 AND 2703559
	Index Scan using sbtest3_pkey on sbtest3  (cost=0.43..380.61 rows=96 width=125)
	  Index Cond: ((id >= 2703459) AND (id <= 2703559))

table 4 : explain SELECT id, c FROM sbtest4 WHERE id BETWEEN 2703459 AND 2703559
	Index Scan using sbtest4_pkey on sbtest4  (cost=0.43..384.85 rows=97 width=125)
	  Index Cond: ((id >= 2703459) AND (id <= 2703559))

table 5 : explain SELECT id, c FROM sbtest5 WHERE id BETWEEN 2703459 AND 2703559
	Index Scan using sbtest5_pkey on sbtest5  (cost=0.43..353.66 rows=89 width=125)
	  Index Cond: ((id >= 2703459) AND (id <= 2703559))

table 6 : explain SELECT id, c FROM sbtest6 WHERE id BETWEEN 2703459 AND 2703559
	Index Scan using sbtest6_pkey on sbtest6  (cost=0.43..435.59 rows=110 width=125)
	  Index Cond: ((id >= 2703459) AND (id <= 2703559))

table 7 : explain SELECT id, c FROM sbtest7 WHERE id BETWEEN 2703459 AND 2703559
	Index Scan using sbtest7_pkey on sbtest7  (cost=0.43..368.81 rows=93 width=125)
	  Index Cond: ((id >= 2703459) AND (id <= 2703559))

table 8 : explain SELECT id, c FROM sbtest8 WHERE id BETWEEN 2703459 AND 2703559
	Index Scan using sbtest8_pkey on sbtest8  (cost=0.43..400.77 rows=101 width=125)
	  Index Cond: ((id >= 2703459) AND (id <= 2703559))

for range-notcovered
table 1 : explain SELECT id, c FROM sbtest1 WHERE id BETWEEN 2676287 AND 2676387
	Index Scan using sbtest1_pkey on sbtest1  (cost=0.43..430.72 rows=109 width=125)
	  Index Cond: ((id >= 2676287) AND (id <= 2676387))

table 2 : explain SELECT id, c FROM sbtest2 WHERE id BETWEEN 2676287 AND 2676387
	Index Scan using sbtest2_pkey on sbtest2  (cost=0.43..391.47 rows=99 width=125)
	  Index Cond: ((id >= 2676287) AND (id <= 2676387))

table 3 : explain SELECT id, c FROM sbtest3 WHERE id BETWEEN 2676287 AND 2676387
	Index Scan using sbtest3_pkey on sbtest3  (cost=0.43..380.61 rows=96 width=125)
	  Index Cond: ((id >= 2676287) AND (id <= 2676387))

table 4 : explain SELECT id, c FROM sbtest4 WHERE id BETWEEN 2676287 AND 2676387
	Index Scan using sbtest4_pkey on sbtest4  (cost=0.43..384.85 rows=97 width=125)
	  Index Cond: ((id >= 2676287) AND (id <= 2676387))

table 5 : explain SELECT id, c FROM sbtest5 WHERE id BETWEEN 2676287 AND 2676387
	Index Scan using sbtest5_pkey on sbtest5  (cost=0.43..420.36 rows=106 width=125)
	  Index Cond: ((id >= 2676287) AND (id <= 2676387))

table 6 : explain SELECT id, c FROM sbtest6 WHERE id BETWEEN 2676287 AND 2676387
	Index Scan using sbtest6_pkey on sbtest6  (cost=0.43..392.50 rows=99 width=125)
	  Index Cond: ((id >= 2676287) AND (id <= 2676387))

table 7 : explain SELECT id, c FROM sbtest7 WHERE id BETWEEN 2676287 AND 2676387
	Index Scan using sbtest7_pkey on sbtest7  (cost=0.43..368.81 rows=93 width=125)
	  Index Cond: ((id >= 2676287) AND (id <= 2676387))

table 8 : explain SELECT id, c FROM sbtest8 WHERE id BETWEEN 2676287 AND 2676387
	Index Scan using sbtest8_pkey on sbtest8  (cost=0.43..400.77 rows=101 width=125)
	  Index Cond: ((id >= 2676287) AND (id <= 2676387))

explain: for range-notcovered :: explain SELECT id, c FROM sbtest%d WHERE id BETWEEN 2703459 AND 2703559
for range-notcovered
table 1 : explain SELECT id, c FROM sbtest1 WHERE id BETWEEN 3972409 AND 3972509
	Index Scan using sbtest1_pkey on sbtest1  (cost=0.43..368.15 rows=93 width=125)
	  Index Cond: ((id >= 3972409) AND (id <= 3972509))

table 2 : explain SELECT id, c FROM sbtest2 WHERE id BETWEEN 3972409 AND 3972509
	Index Scan using sbtest2_pkey on sbtest2  (cost=0.43..379.72 rows=96 width=125)
	  Index Cond: ((id >= 3972409) AND (id <= 3972509))

table 3 : explain SELECT id, c FROM sbtest3 WHERE id BETWEEN 3972409 AND 3972509
	Index Scan using sbtest3_pkey on sbtest3  (cost=0.43..392.36 rows=99 width=125)
	  Index Cond: ((id >= 3972409) AND (id <= 3972509))

table 4 : explain SELECT id, c FROM sbtest4 WHERE id BETWEEN 3972409 AND 3972509
	Index Scan using sbtest4_pkey on sbtest4  (cost=0.43..439.73 rows=111 width=125)
	  Index Cond: ((id >= 3972409) AND (id <= 3972509))

table 5 : explain SELECT id, c FROM sbtest5 WHERE id BETWEEN 3972409 AND 3972509
	Index Scan using sbtest5_pkey on sbtest5  (cost=0.43..416.44 rows=105 width=125)
	  Index Cond: ((id >= 3972409) AND (id <= 3972509))

table 6 : explain SELECT id, c FROM sbtest6 WHERE id BETWEEN 3972409 AND 3972509
	Index Scan using sbtest6_pkey on sbtest6  (cost=0.43..404.25 rows=102 width=125)
	  Index Cond: ((id >= 3972409) AND (id <= 3972509))

table 7 : explain SELECT id, c FROM sbtest7 WHERE id BETWEEN 3972409 AND 3972509
	Index Scan using sbtest7_pkey on sbtest7  (cost=0.43..392.30 rows=99 width=125)
	  Index Cond: ((id >= 3972409) AND (id <= 3972509))

table 8 : explain SELECT id, c FROM sbtest8 WHERE id BETWEEN 3972409 AND 3972509
	Index Scan using sbtest8_pkey on sbtest8  (cost=0.43..447.84 rows=113 width=125)
	  Index Cond: ((id >= 3972409) AND (id <= 3972509))

for range-notcovered
table 1 : explain SELECT id, c FROM sbtest1 WHERE id BETWEEN 7178648 AND 7178748
	Index Scan using sbtest1_pkey on sbtest1  (cost=0.43..387.72 rows=98 width=125)
	  Index Cond: ((id >= 7178648) AND (id <= 7178748))

table 2 : explain SELECT id, c FROM sbtest2 WHERE id BETWEEN 7178648 AND 7178748
	Index Scan using sbtest2_pkey on sbtest2  (cost=0.43..411.01 rows=104 width=125)
	  Index Cond: ((id >= 7178648) AND (id <= 7178748))

table 3 : explain SELECT id, c FROM sbtest3 WHERE id BETWEEN 7178648 AND 7178748
	Index Scan using sbtest3_pkey on sbtest3  (cost=0.43..380.61 rows=96 width=125)
	  Index Cond: ((id >= 7178648) AND (id <= 7178748))

table 4 : explain SELECT id, c FROM sbtest4 WHERE id BETWEEN 7178648 AND 7178748
	Index Scan using sbtest4_pkey on sbtest4  (cost=0.43..408.37 rows=103 width=125)
	  Index Cond: ((id >= 7178648) AND (id <= 7178748))

table 5 : explain SELECT id, c FROM sbtest5 WHERE id BETWEEN 7178648 AND 7178748
	Index Scan using sbtest5_pkey on sbtest5  (cost=0.43..432.12 rows=109 width=125)
	  Index Cond: ((id >= 7178648) AND (id <= 7178748))

table 6 : explain SELECT id, c FROM sbtest6 WHERE id BETWEEN 7178648 AND 7178748
	Index Scan using sbtest6_pkey on sbtest6  (cost=0.43..419.92 rows=106 width=125)
	  Index Cond: ((id >= 7178648) AND (id <= 7178748))

table 7 : explain SELECT id, c FROM sbtest7 WHERE id BETWEEN 7178648 AND 7178748
	Index Scan using sbtest7_pkey on sbtest7  (cost=0.43..360.95 rows=91 width=125)
	  Index Cond: ((id >= 7178648) AND (id <= 7178748))

table 8 : explain SELECT id, c FROM sbtest8 WHERE id BETWEEN 7178648 AND 7178748
	Index Scan using sbtest8_pkey on sbtest8  (cost=0.43..392.93 rows=99 width=125)
	  Index Cond: ((id >= 7178648) AND (id <= 7178748))

explain: for range-notcovered :: explain SELECT id, c FROM sbtest%d WHERE id BETWEEN 2676287 AND 2676387
explain: for range-notcovered :: explain SELECT id, c FROM sbtest%d WHERE id BETWEEN 7178648 AND 7178748
for range-notcovered
table 1 : explain SELECT id, c FROM sbtest1 WHERE id BETWEEN 4441331 AND 4441431
	Index Scan using sbtest1_pkey on sbtest1  (cost=0.43..411.17 rows=104 width=125)
	  Index Cond: ((id >= 4441331) AND (id <= 4441431))

table 2 : explain SELECT id, c FROM sbtest2 WHERE id BETWEEN 4441331 AND 4441431
	Index Scan using sbtest2_pkey on sbtest2  (cost=0.43..422.73 rows=107 width=125)
	  Index Cond: ((id >= 4441331) AND (id <= 4441431))

table 3 : explain SELECT id, c FROM sbtest3 WHERE id BETWEEN 4441331 AND 4441431
	Index Scan using sbtest3_pkey on sbtest3  (cost=0.43..384.53 rows=97 width=125)
	  Index Cond: ((id >= 4441331) AND (id <= 4441431))

table 4 : explain SELECT id, c FROM sbtest4 WHERE id BETWEEN 4441331 AND 4441431
	Index Scan using sbtest4_pkey on sbtest4  (cost=0.43..424.05 rows=107 width=125)
	  Index Cond: ((id >= 4441331) AND (id <= 4441431))

table 5 : explain SELECT id, c FROM sbtest5 WHERE id BETWEEN 4441331 AND 4441431
	Index Scan using sbtest5_pkey on sbtest5  (cost=0.43..459.58 rows=116 width=125)
	  Index Cond: ((id >= 4441331) AND (id <= 4441431))

table 6 : explain SELECT id, c FROM sbtest6 WHERE id BETWEEN 4441331 AND 4441431
	Index Scan using sbtest6_pkey on sbtest6  (cost=0.43..388.58 rows=98 width=125)
	  Index Cond: ((id >= 4441331) AND (id <= 4441431))

table 7 : explain SELECT id, c FROM sbtest7 WHERE id BETWEEN 4441331 AND 4441431
	Index Scan using sbtest7_pkey on sbtest7  (cost=0.43..384.47 rows=97 width=125)
	  Index Cond: ((id >= 4441331) AND (id <= 4441431))

table 8 : explain SELECT id, c FROM sbtest8 WHERE id BETWEEN 4441331 AND 4441431
	Index Scan using sbtest8_pkey on sbtest8  (cost=0.43..400.77 rows=101 width=125)
	  Index Cond: ((id >= 4441331) AND (id <= 4441431))

for range-notcovered
table 1 : explain SELECT id, c FROM sbtest1 WHERE id BETWEEN 5530356 AND 5530456
	Index Scan using sbtest1_pkey on sbtest1  (cost=0.43..411.17 rows=104 width=125)
	  Index Cond: ((id >= 5530356) AND (id <= 5530456))

table 2 : explain SELECT id, c FROM sbtest2 WHERE id BETWEEN 5530356 AND 5530456
	Index Scan using sbtest2_pkey on sbtest2  (cost=0.43..422.73 rows=107 width=125)
	  Index Cond: ((id >= 5530356) AND (id <= 5530456))

table 3 : explain SELECT id, c FROM sbtest3 WHERE id BETWEEN 5530356 AND 5530456
	Index Scan using sbtest3_pkey on sbtest3  (cost=0.43..411.94 rows=104 width=125)
	  Index Cond: ((id >= 5530356) AND (id <= 5530456))

table 4 : explain SELECT id, c FROM sbtest4 WHERE id BETWEEN 5530356 AND 5530456
	Index Scan using sbtest4_pkey on sbtest4  (cost=0.43..412.29 rows=104 width=125)
	  Index Cond: ((id >= 5530356) AND (id <= 5530456))

table 5 : explain SELECT id, c FROM sbtest5 WHERE id BETWEEN 5530356 AND 5530456
	Index Scan using sbtest5_pkey on sbtest5  (cost=0.43..385.06 rows=97 width=125)
	  Index Cond: ((id >= 5530356) AND (id <= 5530456))

table 6 : explain SELECT id, c FROM sbtest6 WHERE id BETWEEN 5530356 AND 5530456
	Index Scan using sbtest6_pkey on sbtest6  (cost=0.43..408.17 rows=103 width=125)
	  Index Cond: ((id >= 5530356) AND (id <= 5530456))

table 7 : explain SELECT id, c FROM sbtest7 WHERE id BETWEEN 5530356 AND 5530456
	Index Scan using sbtest7_pkey on sbtest7  (cost=0.43..411.88 rows=104 width=125)
	  Index Cond: ((id >= 5530356) AND (id <= 5530456))

table 8 : explain SELECT id, c FROM sbtest8 WHERE id BETWEEN 5530356 AND 5530456
	Index Scan using sbtest8_pkey on sbtest8  (cost=0.43..404.70 rows=102 width=125)
	  Index Cond: ((id >= 5530356) AND (id <= 5530456))

explain: for range-notcovered :: explain SELECT id, c FROM sbtest%d WHERE id BETWEEN 4441331 AND 4441431
explain: for range-notcovered :: explain SELECT id, c FROM sbtest%d WHERE id BETWEEN 3972409 AND 3972509
explain: for range-notcovered :: explain SELECT id, c FROM sbtest%d WHERE id BETWEEN 5530356 AND 5530456
for range-notcovered
table 1 : explain SELECT id, c FROM sbtest1 WHERE id BETWEEN 8910349 AND 8910449
	Index Scan using sbtest1_pkey on sbtest1  (cost=0.43..395.54 rows=100 width=125)
	  Index Cond: ((id >= 8910349) AND (id <= 8910449))

table 2 : explain SELECT id, c FROM sbtest2 WHERE id BETWEEN 8910349 AND 8910449
	Index Scan using sbtest2_pkey on sbtest2  (cost=0.43..407.10 rows=103 width=125)
	  Index Cond: ((id >= 8910349) AND (id <= 8910449))

table 3 : explain SELECT id, c FROM sbtest3 WHERE id BETWEEN 8910349 AND 8910449
	Index Scan using sbtest3_pkey on sbtest3  (cost=0.43..431.53 rows=109 width=125)
	  Index Cond: ((id >= 8910349) AND (id <= 8910449))

table 4 : explain SELECT id, c FROM sbtest4 WHERE id BETWEEN 8910349 AND 8910449
	Index Scan using sbtest4_pkey on sbtest4  (cost=0.43..400.53 rows=101 width=125)
	  Index Cond: ((id >= 8910349) AND (id <= 8910449))

table 5 : explain SELECT id, c FROM sbtest5 WHERE id BETWEEN 8910349 AND 8910449
	Index Scan using sbtest5_pkey on sbtest5  (cost=0.43..381.14 rows=96 width=125)
	  Index Cond: ((id >= 8910349) AND (id <= 8910449))

table 6 : explain SELECT id, c FROM sbtest6 WHERE id BETWEEN 8910349 AND 8910449
	Index Scan using sbtest6_pkey on sbtest6  (cost=0.43..400.33 rows=101 width=125)
	  Index Cond: ((id >= 8910349) AND (id <= 8910449))

table 7 : explain SELECT id, c FROM sbtest7 WHERE id BETWEEN 8910349 AND 8910449
	Index Scan using sbtest7_pkey on sbtest7  (cost=0.43..415.80 rows=105 width=125)
	  Index Cond: ((id >= 8910349) AND (id <= 8910449))

table 8 : explain SELECT id, c FROM sbtest8 WHERE id BETWEEN 8910349 AND 8910449
	Index Scan using sbtest8_pkey on sbtest8  (cost=0.43..392.93 rows=99 width=125)
	  Index Cond: ((id >= 8910349) AND (id <= 8910449))

explain: for range-notcovered :: explain SELECT id, c FROM sbtest%d WHERE id BETWEEN 5025826 AND 5025926
explain: for range-notcovered :: explain SELECT id, c FROM sbtest%d WHERE id BETWEEN 8910349 AND 8910449
for range-notcovered
table 1 : explain SELECT id, c FROM sbtest1 WHERE id BETWEEN 6821981 AND 6822081
	Index Scan using sbtest1_pkey on sbtest1  (cost=0.43..415.08 rows=105 width=125)
	  Index Cond: ((id >= 6821981) AND (id <= 6822081))

table 2 : explain SELECT id, c FROM sbtest2 WHERE id BETWEEN 6821981 AND 6822081
	Index Scan using sbtest2_pkey on sbtest2  (cost=0.43..391.47 rows=99 width=125)
	  Index Cond: ((id >= 6821981) AND (id <= 6822081))

table 3 : explain SELECT id, c FROM sbtest3 WHERE id BETWEEN 6821981 AND 6822081
	Index Scan using sbtest3_pkey on sbtest3  (cost=0.43..396.28 rows=100 width=125)
	  Index Cond: ((id >= 6821981) AND (id <= 6822081))

table 4 : explain SELECT id, c FROM sbtest4 WHERE id BETWEEN 6821981 AND 6822081
	Index Scan using sbtest4_pkey on sbtest4  (cost=0.43..392.69 rows=99 width=125)
	  Index Cond: ((id >= 6821981) AND (id <= 6822081))

table 5 : explain SELECT id, c FROM sbtest5 WHERE id BETWEEN 6821981 AND 6822081
	Index Scan using sbtest5_pkey on sbtest5  (cost=0.43..396.82 rows=100 width=125)
	  Index Cond: ((id >= 6821981) AND (id <= 6822081))

table 6 : explain SELECT id, c FROM sbtest6 WHERE id BETWEEN 6821981 AND 6822081
	Index Scan using sbtest6_pkey on sbtest6  (cost=0.43..408.17 rows=103 width=125)
	  Index Cond: ((id >= 6821981) AND (id <= 6822081))

table 7 : explain SELECT id, c FROM sbtest7 WHERE id BETWEEN 6821981 AND 6822081
	Index Scan using sbtest7_pkey on sbtest7  (cost=0.43..411.88 rows=104 width=125)
	  Index Cond: ((id >= 6821981) AND (id <= 6822081))

table 8 : explain SELECT id, c FROM sbtest8 WHERE id BETWEEN 6821981 AND 6822081
	Index Scan using sbtest8_pkey on sbtest8  (cost=0.43..389.01 rows=98 width=125)
	  Index Cond: ((id >= 6821981) AND (id <= 6822081))

explain: for range-notcovered :: explain SELECT id, c FROM sbtest%d WHERE id BETWEEN 6821981 AND 6822081
for range-notcovered
table 1 : explain SELECT id, c FROM sbtest1 WHERE id BETWEEN 6800516 AND 6800616
	Index Scan using sbtest1_pkey on sbtest1  (cost=0.43..415.08 rows=105 width=125)
	  Index Cond: ((id >= 6800516) AND (id <= 6800616))

table 2 : explain SELECT id, c FROM sbtest2 WHERE id BETWEEN 6800516 AND 6800616
	Index Scan using sbtest2_pkey on sbtest2  (cost=0.43..391.47 rows=99 width=125)
	  Index Cond: ((id >= 6800516) AND (id <= 6800616))

table 3 : explain SELECT id, c FROM sbtest3 WHERE id BETWEEN 6800516 AND 6800616
	Index Scan using sbtest3_pkey on sbtest3  (cost=0.43..396.28 rows=100 width=125)
	  Index Cond: ((id >= 6800516) AND (id <= 6800616))

table 4 : explain SELECT id, c FROM sbtest4 WHERE id BETWEEN 6800516 AND 6800616
	Index Scan using sbtest4_pkey on sbtest4  (cost=0.43..396.61 rows=100 width=125)
	  Index Cond: ((id >= 6800516) AND (id <= 6800616))

table 5 : explain SELECT id, c FROM sbtest5 WHERE id BETWEEN 6800516 AND 6800616
	Index Scan using sbtest5_pkey on sbtest5  (cost=0.43..377.21 rows=95 width=125)
	  Index Cond: ((id >= 6800516) AND (id <= 6800616))

table 6 : explain SELECT id, c FROM sbtest6 WHERE id BETWEEN 6800516 AND 6800616
	Index Scan using sbtest6_pkey on sbtest6  (cost=0.43..408.17 rows=103 width=125)
	  Index Cond: ((id >= 6800516) AND (id <= 6800616))

table 7 : explain SELECT id, c FROM sbtest7 WHERE id BETWEEN 6800516 AND 6800616
	Index Scan using sbtest7_pkey on sbtest7  (cost=0.43..411.88 rows=104 width=125)
	  Index Cond: ((id >= 6800516) AND (id <= 6800616))

table 8 : explain SELECT id, c FROM sbtest8 WHERE id BETWEEN 6800516 AND 6800616
	Index Scan using sbtest8_pkey on sbtest8  (cost=0.43..389.01 rows=98 width=125)
	  Index Cond: ((id >= 6800516) AND (id <= 6800616))

for range-notcovered
table 1 : explain SELECT id, c FROM sbtest1 WHERE id BETWEEN 4441331 AND 4441431
	Index Scan using sbtest1_pkey on sbtest1  (cost=0.43..411.17 rows=104 width=125)
	  Index Cond: ((id >= 4441331) AND (id <= 4441431))

table 2 : explain SELECT id, c FROM sbtest2 WHERE id BETWEEN 4441331 AND 4441431
	Index Scan using sbtest2_pkey on sbtest2  (cost=0.43..422.73 rows=107 width=125)
	  Index Cond: ((id >= 4441331) AND (id <= 4441431))

table 3 : explain SELECT id, c FROM sbtest3 WHERE id BETWEEN 4441331 AND 4441431
	Index Scan using sbtest3_pkey on sbtest3  (cost=0.43..384.53 rows=97 width=125)
	  Index Cond: ((id >= 4441331) AND (id <= 4441431))

table 4 : explain SELECT id, c FROM sbtest4 WHERE id BETWEEN 4441331 AND 4441431
	Index Scan using sbtest4_pkey on sbtest4  (cost=0.43..424.05 rows=107 width=125)
	  Index Cond: ((id >= 4441331) AND (id <= 4441431))

table 5 : explain SELECT id, c FROM sbtest5 WHERE id BETWEEN 4441331 AND 4441431
	Index Scan using sbtest5_pkey on sbtest5  (cost=0.43..459.58 rows=116 width=125)
	  Index Cond: ((id >= 4441331) AND (id <= 4441431))

table 6 : explain SELECT id, c FROM sbtest6 WHERE id BETWEEN 4441331 AND 4441431
	Index Scan using sbtest6_pkey on sbtest6  (cost=0.43..388.58 rows=98 width=125)
	  Index Cond: ((id >= 4441331) AND (id <= 4441431))

table 7 : explain SELECT id, c FROM sbtest7 WHERE id BETWEEN 4441331 AND 4441431
	Index Scan using sbtest7_pkey on sbtest7  (cost=0.43..384.47 rows=97 width=125)
	  Index Cond: ((id >= 4441331) AND (id <= 4441431))

table 8 : explain SELECT id, c FROM sbtest8 WHERE id BETWEEN 4441331 AND 4441431
	Index Scan using sbtest8_pkey on sbtest8  (cost=0.43..400.77 rows=101 width=125)
	  Index Cond: ((id >= 4441331) AND (id <= 4441431))

for range-notcovered
table 1 : explain SELECT id, c FROM sbtest1 WHERE id BETWEEN 5530356 AND 5530456
	Index Scan using sbtest1_pkey on sbtest1  (cost=0.43..411.17 rows=104 width=125)
	  Index Cond: ((id >= 5530356) AND (id <= 5530456))

table 2 : explain SELECT id, c FROM sbtest2 WHERE id BETWEEN 5530356 AND 5530456
	Index Scan using sbtest2_pkey on sbtest2  (cost=0.43..422.73 rows=107 width=125)
	  Index Cond: ((id >= 5530356) AND (id <= 5530456))

table 3 : explain SELECT id, c FROM sbtest3 WHERE id BETWEEN 5530356 AND 5530456
	Index Scan using sbtest3_pkey on sbtest3  (cost=0.43..411.94 rows=104 width=125)
	  Index Cond: ((id >= 5530356) AND (id <= 5530456))

table 4 : explain SELECT id, c FROM sbtest4 WHERE id BETWEEN 5530356 AND 5530456
	Index Scan using sbtest4_pkey on sbtest4  (cost=0.43..412.29 rows=104 width=125)
	  Index Cond: ((id >= 5530356) AND (id <= 5530456))

table 5 : explain SELECT id, c FROM sbtest5 WHERE id BETWEEN 5530356 AND 5530456
	Index Scan using sbtest5_pkey on sbtest5  (cost=0.43..385.06 rows=97 width=125)
	  Index Cond: ((id >= 5530356) AND (id <= 5530456))

table 6 : explain SELECT id, c FROM sbtest6 WHERE id BETWEEN 5530356 AND 5530456
	Index Scan using sbtest6_pkey on sbtest6  (cost=0.43..408.17 rows=103 width=125)
	  Index Cond: ((id >= 5530356) AND (id <= 5530456))

table 7 : explain SELECT id, c FROM sbtest7 WHERE id BETWEEN 5530356 AND 5530456
	Index Scan using sbtest7_pkey on sbtest7  (cost=0.43..411.88 rows=104 width=125)
	  Index Cond: ((id >= 5530356) AND (id <= 5530456))

table 8 : explain SELECT id, c FROM sbtest8 WHERE id BETWEEN 5530356 AND 5530456
	Index Scan using sbtest8_pkey on sbtest8  (cost=0.43..404.70 rows=102 width=125)
	  Index Cond: ((id >= 5530356) AND (id <= 5530456))

explain: for range-notcovered :: explain SELECT id, c FROM sbtest%d WHERE id BETWEEN 4441331 AND 4441431
for range-notcovered
table 1 : explain SELECT id, c FROM sbtest1 WHERE id BETWEEN 5972354 AND 5972454
	Index Scan using sbtest1_pkey on sbtest1  (cost=0.43..477.63 rows=121 width=125)
	  Index Cond: ((id >= 5972354) AND (id <= 5972454))

table 2 : explain SELECT id, c FROM sbtest2 WHERE id BETWEEN 5972354 AND 5972454
	Index Scan using sbtest2_pkey on sbtest2  (cost=0.43..395.38 rows=100 width=125)
	  Index Cond: ((id >= 5972354) AND (id <= 5972454))

table 3 : explain SELECT id, c FROM sbtest3 WHERE id BETWEEN 5972354 AND 5972454
	Index Scan using sbtest3_pkey on sbtest3  (cost=0.43..396.28 rows=100 width=125)
	  Index Cond: ((id >= 5972354) AND (id <= 5972454))

table 4 : explain SELECT id, c FROM sbtest4 WHERE id BETWEEN 5972354 AND 5972454
	Index Scan using sbtest4_pkey on sbtest4  (cost=0.43..373.09 rows=94 width=125)
	  Index Cond: ((id >= 5972354) AND (id <= 5972454))

table 5 : explain SELECT id, c FROM sbtest5 WHERE id BETWEEN 5972354 AND 5972454
	Index Scan using sbtest5_pkey on sbtest5  (cost=0.43..381.14 rows=96 width=125)
	  Index Cond: ((id >= 5972354) AND (id <= 5972454))

table 6 : explain SELECT id, c FROM sbtest6 WHERE id BETWEEN 5972354 AND 5972454
	Index Scan using sbtest6_pkey on sbtest6  (cost=0.43..388.58 rows=98 width=125)
	  Index Cond: ((id >= 5972354) AND (id <= 5972454))

table 7 : explain SELECT id, c FROM sbtest7 WHERE id BETWEEN 5972354 AND 5972454
	Index Scan using sbtest7_pkey on sbtest7  (cost=0.43..435.38 rows=110 width=125)
	  Index Cond: ((id >= 5972354) AND (id <= 5972454))

table 8 : explain SELECT id, c FROM sbtest8 WHERE id BETWEEN 5972354 AND 5972454
	Index Scan using sbtest8_pkey on sbtest8  (cost=0.43..396.85 rows=100 width=125)
	  Index Cond: ((id >= 5972354) AND (id <= 5972454))
for range-notcovered
table 1 : explain SELECT id, c FROM sbtest1 WHERE id BETWEEN 7178648 AND 7178748
	Index Scan using sbtest1_pkey on sbtest1  (cost=0.43..387.72 rows=98 width=125)
	  Index Cond: ((id >= 7178648) AND (id <= 7178748))

table 2 : explain SELECT id, c FROM sbtest2 WHERE id BETWEEN 7178648 AND 7178748
	Index Scan using sbtest2_pkey on sbtest2  (cost=0.43..411.01 rows=104 width=125)
	  Index Cond: ((id >= 7178648) AND (id <= 7178748))

table 3 : explain SELECT id, c FROM sbtest3 WHERE id BETWEEN 7178648 AND 7178748
	Index Scan using sbtest3_pkey on sbtest3  (cost=0.43..380.61 rows=96 width=125)
	  Index Cond: ((id >= 7178648) AND (id <= 7178748))

table 4 : explain SELECT id, c FROM sbtest4 WHERE id BETWEEN 7178648 AND 7178748
	Index Scan using sbtest4_pkey on sbtest4  (cost=0.43..408.37 rows=103 width=125)
	  Index Cond: ((id >= 7178648) AND (id <= 7178748))

table 5 : explain SELECT id, c FROM sbtest5 WHERE id BETWEEN 7178648 AND 7178748
	Index Scan using sbtest5_pkey on sbtest5  (cost=0.43..432.12 rows=109 width=125)
	  Index Cond: ((id >= 7178648) AND (id <= 7178748))

table 6 : explain SELECT id, c FROM sbtest6 WHERE id BETWEEN 7178648 AND 7178748
	Index Scan using sbtest6_pkey on sbtest6  (cost=0.43..419.92 rows=106 width=125)
	  Index Cond: ((id >= 7178648) AND (id <= 7178748))

table 7 : explain SELECT id, c FROM sbtest7 WHERE id BETWEEN 7178648 AND 7178748
	Index Scan using sbtest7_pkey on sbtest7  (cost=0.43..360.95 rows=91 width=125)
	  Index Cond: ((id >= 7178648) AND (id <= 7178748))

table 8 : explain SELECT id, c FROM sbtest8 WHERE id BETWEEN 7178648 AND 7178748
	Index Scan using sbtest8_pkey on sbtest8  (cost=0.43..392.93 rows=99 width=125)
	  Index Cond: ((id >= 7178648) AND (id <= 7178748))
explain: for range-notcovered :: explain SELECT id, c FROM sbtest%d WHERE id BETWEEN 5530356 AND 5530456

for range-notcovered
table 1 : explain SELECT id, c FROM sbtest1 WHERE id BETWEEN 4932467 AND 4932567
	Index Scan using sbtest1_pkey on sbtest1  (cost=0.43..379.90 rows=96 width=125)
	  Index Cond: ((id >= 4932467) AND (id <= 4932567))

table 2 : explain SELECT id, c FROM sbtest2 WHERE id BETWEEN 4932467 AND 4932567
	Index Scan using sbtest2_pkey on sbtest2  (cost=0.43..364.09 rows=92 width=125)
	  Index Cond: ((id >= 4932467) AND (id <= 4932567))

table 3 : explain SELECT id, c FROM sbtest3 WHERE id BETWEEN 4932467 AND 4932567
	Index Scan using sbtest3_pkey on sbtest3  (cost=0.43..364.94 rows=92 width=125)
	  Index Cond: ((id >= 4932467) AND (id <= 4932567))

table 4 : explain SELECT id, c FROM sbtest4 WHERE id BETWEEN 4932467 AND 4932567
	Index Scan using sbtest4_pkey on sbtest4  (cost=0.43..396.61 rows=100 width=125)
	  Index Cond: ((id >= 4932467) AND (id <= 4932567))

table 5 : explain SELECT id, c FROM sbtest5 WHERE id BETWEEN 4932467 AND 4932567
	Index Scan using sbtest5_pkey on sbtest5  (cost=0.43..420.36 rows=106 width=125)
	  Index Cond: ((id >= 4932467) AND (id <= 4932567))

table 6 : explain SELECT id, c FROM sbtest6 WHERE id BETWEEN 4932467 AND 4932567
	Index Scan using sbtest6_pkey on sbtest6  (cost=0.43..380.74 rows=96 width=125)
	  Index Cond: ((id >= 4932467) AND (id <= 4932567))

table 7 : explain SELECT id, c FROM sbtest7 WHERE id BETWEEN 4932467 AND 4932567
	Index Scan using sbtest7_pkey on sbtest7  (cost=0.43..376.64 rows=95 width=125)
	  Index Cond: ((id >= 4932467) AND (id <= 4932567))

table 8 : explain SELECT id, c FROM sbtest8 WHERE id BETWEEN 4932467 AND 4932567
	Index Scan using sbtest8_pkey on sbtest8  (cost=0.43..428.23 rows=108 width=125)
	  Index Cond: ((id >= 4932467) AND (id <= 4932567))


explain: for range-notcovered :: explain SELECT id, c FROM sbtest%d WHERE id BETWEEN 6800516 AND 6800616
explain: for range-notcovered :: explain SELECT id, c FROM sbtest%d WHERE id BETWEEN 4932467 AND 4932567
explain: for range-notcovered :: explain SELECT id, c FROM sbtest%d WHERE id BETWEEN 5972354 AND 5972454
for range-notcovered
table 1 : explain SELECT id, c FROM sbtest1 WHERE id BETWEEN 2703459 AND 2703559
	Index Scan using sbtest1_pkey on sbtest1  (cost=0.43..391.63 rows=99 width=125)
	  Index Cond: ((id >= 2703459) AND (id <= 2703559))

table 2 : explain SELECT id, c FROM sbtest2 WHERE id BETWEEN 2703459 AND 2703559
	Index Scan using sbtest2_pkey on sbtest2  (cost=0.43..403.19 rows=102 width=125)
	  Index Cond: ((id >= 2703459) AND (id <= 2703559))

table 3 : explain SELECT id, c FROM sbtest3 WHERE id BETWEEN 2703459 AND 2703559
	Index Scan using sbtest3_pkey on sbtest3  (cost=0.43..380.61 rows=96 width=125)
	  Index Cond: ((id >= 2703459) AND (id <= 2703559))

table 4 : explain SELECT id, c FROM sbtest4 WHERE id BETWEEN 2703459 AND 2703559
	Index Scan using sbtest4_pkey on sbtest4  (cost=0.43..384.85 rows=97 width=125)
	  Index Cond: ((id >= 2703459) AND (id <= 2703559))

table 5 : explain SELECT id, c FROM sbtest5 WHERE id BETWEEN 2703459 AND 2703559
	Index Scan using sbtest5_pkey on sbtest5  (cost=0.43..353.66 rows=89 width=125)
	  Index Cond: ((id >= 2703459) AND (id <= 2703559))

table 6 : explain SELECT id, c FROM sbtest6 WHERE id BETWEEN 2703459 AND 2703559
	Index Scan using sbtest6_pkey on sbtest6  (cost=0.43..435.59 rows=110 width=125)
	  Index Cond: ((id >= 2703459) AND (id <= 2703559))

table 7 : explain SELECT id, c FROM sbtest7 WHERE id BETWEEN 2703459 AND 2703559
	Index Scan using sbtest7_pkey on sbtest7  (cost=0.43..368.81 rows=93 width=125)
	  Index Cond: ((id >= 2703459) AND (id <= 2703559))

table 8 : explain SELECT id, c FROM sbtest8 WHERE id BETWEEN 2703459 AND 2703559
	Index Scan using sbtest8_pkey on sbtest8  (cost=0.43..400.77 rows=101 width=125)
	  Index Cond: ((id >= 2703459) AND (id <= 2703559))

explain: for range-notcovered :: explain SELECT id, c FROM sbtest%d WHERE id BETWEEN 2703459 AND 2703559
for range-notcovered
table 1 : explain SELECT id, c FROM sbtest1 WHERE id BETWEEN 2676287 AND 2676387
	Index Scan using sbtest1_pkey on sbtest1  (cost=0.43..430.72 rows=109 width=125)
	  Index Cond: ((id >= 2676287) AND (id <= 2676387))

table 2 : explain SELECT id, c FROM sbtest2 WHERE id BETWEEN 2676287 AND 2676387
	Index Scan using sbtest2_pkey on sbtest2  (cost=0.43..391.47 rows=99 width=125)
	  Index Cond: ((id >= 2676287) AND (id <= 2676387))

table 3 : explain SELECT id, c FROM sbtest3 WHERE id BETWEEN 2676287 AND 2676387
	Index Scan using sbtest3_pkey on sbtest3  (cost=0.43..380.61 rows=96 width=125)
	  Index Cond: ((id >= 2676287) AND (id <= 2676387))

table 4 : explain SELECT id, c FROM sbtest4 WHERE id BETWEEN 2676287 AND 2676387
	Index Scan using sbtest4_pkey on sbtest4  (cost=0.43..384.85 rows=97 width=125)
	  Index Cond: ((id >= 2676287) AND (id <= 2676387))

table 5 : explain SELECT id, c FROM sbtest5 WHERE id BETWEEN 2676287 AND 2676387
	Index Scan using sbtest5_pkey on sbtest5  (cost=0.43..420.36 rows=106 width=125)
	  Index Cond: ((id >= 2676287) AND (id <= 2676387))

table 6 : explain SELECT id, c FROM sbtest6 WHERE id BETWEEN 2676287 AND 2676387
	Index Scan using sbtest6_pkey on sbtest6  (cost=0.43..392.50 rows=99 width=125)
	  Index Cond: ((id >= 2676287) AND (id <= 2676387))

table 7 : explain SELECT id, c FROM sbtest7 WHERE id BETWEEN 2676287 AND 2676387
	Index Scan using sbtest7_pkey on sbtest7  (cost=0.43..368.81 rows=93 width=125)
	  Index Cond: ((id >= 2676287) AND (id <= 2676387))

table 8 : explain SELECT id, c FROM sbtest8 WHERE id BETWEEN 2676287 AND 2676387
	Index Scan using sbtest8_pkey on sbtest8  (cost=0.43..400.77 rows=101 width=125)
	  Index Cond: ((id >= 2676287) AND (id <= 2676387))

explain: for range-notcovered :: explain SELECT id, c FROM sbtest%d WHERE id BETWEEN 2676287 AND 2676387
for range-notcovered
table 1 : explain SELECT id, c FROM sbtest1 WHERE id BETWEEN 4441331 AND 4441431
	Index Scan using sbtest1_pkey on sbtest1  (cost=0.43..411.17 rows=104 width=125)
	  Index Cond: ((id >= 4441331) AND (id <= 4441431))

table 2 : explain SELECT id, c FROM sbtest2 WHERE id BETWEEN 4441331 AND 4441431
	Index Scan using sbtest2_pkey on sbtest2  (cost=0.43..422.73 rows=107 width=125)
	  Index Cond: ((id >= 4441331) AND (id <= 4441431))

table 3 : explain SELECT id, c FROM sbtest3 WHERE id BETWEEN 4441331 AND 4441431
	Index Scan using sbtest3_pkey on sbtest3  (cost=0.43..384.53 rows=97 width=125)
	  Index Cond: ((id >= 4441331) AND (id <= 4441431))

table 4 : explain SELECT id, c FROM sbtest4 WHERE id BETWEEN 4441331 AND 4441431
	Index Scan using sbtest4_pkey on sbtest4  (cost=0.43..424.05 rows=107 width=125)
	  Index Cond: ((id >= 4441331) AND (id <= 4441431))

table 5 : explain SELECT id, c FROM sbtest5 WHERE id BETWEEN 4441331 AND 4441431
	Index Scan using sbtest5_pkey on sbtest5  (cost=0.43..459.58 rows=116 width=125)
	  Index Cond: ((id >= 4441331) AND (id <= 4441431))

table 6 : explain SELECT id, c FROM sbtest6 WHERE id BETWEEN 4441331 AND 4441431
	Index Scan using sbtest6_pkey on sbtest6  (cost=0.43..388.58 rows=98 width=125)
	  Index Cond: ((id >= 4441331) AND (id <= 4441431))

table 7 : explain SELECT id, c FROM sbtest7 WHERE id BETWEEN 4441331 AND 4441431
	Index Scan using sbtest7_pkey on sbtest7  (cost=0.43..384.47 rows=97 width=125)
	  Index Cond: ((id >= 4441331) AND (id <= 4441431))

table 8 : explain SELECT id, c FROM sbtest8 WHERE id BETWEEN 4441331 AND 4441431
	Index Scan using sbtest8_pkey on sbtest8  (cost=0.43..400.77 rows=101 width=125)
	  Index Cond: ((id >= 4441331) AND (id <= 4441431))

for range-notcovered
table 1 : explain SELECT id, c FROM sbtest1 WHERE id BETWEEN 3972409 AND 3972509
	Index Scan using sbtest1_pkey on sbtest1  (cost=0.43..368.15 rows=93 width=125)
	  Index Cond: ((id >= 3972409) AND (id <= 3972509))

table 2 : explain SELECT id, c FROM sbtest2 WHERE id BETWEEN 3972409 AND 3972509
	Index Scan using sbtest2_pkey on sbtest2  (cost=0.43..379.72 rows=96 width=125)
	  Index Cond: ((id >= 3972409) AND (id <= 3972509))

table 3 : explain SELECT id, c FROM sbtest3 WHERE id BETWEEN 3972409 AND 3972509
	Index Scan using sbtest3_pkey on sbtest3  (cost=0.43..392.36 rows=99 width=125)
	  Index Cond: ((id >= 3972409) AND (id <= 3972509))

table 4 : explain SELECT id, c FROM sbtest4 WHERE id BETWEEN 3972409 AND 3972509
	Index Scan using sbtest4_pkey on sbtest4  (cost=0.43..439.73 rows=111 width=125)
	  Index Cond: ((id >= 3972409) AND (id <= 3972509))

table 5 : explain SELECT id, c FROM sbtest5 WHERE id BETWEEN 3972409 AND 3972509
	Index Scan using sbtest5_pkey on sbtest5  (cost=0.43..416.44 rows=105 width=125)
	  Index Cond: ((id >= 3972409) AND (id <= 3972509))

table 6 : explain SELECT id, c FROM sbtest6 WHERE id BETWEEN 3972409 AND 3972509
	Index Scan using sbtest6_pkey on sbtest6  (cost=0.43..404.25 rows=102 width=125)
	  Index Cond: ((id >= 3972409) AND (id <= 3972509))

table 7 : explain SELECT id, c FROM sbtest7 WHERE id BETWEEN 3972409 AND 3972509
	Index Scan using sbtest7_pkey on sbtest7  (cost=0.43..392.30 rows=99 width=125)
	  Index Cond: ((id >= 3972409) AND (id <= 3972509))

table 8 : explain SELECT id, c FROM sbtest8 WHERE id BETWEEN 3972409 AND 3972509
	Index Scan using sbtest8_pkey on sbtest8  (cost=0.43..447.84 rows=113 width=125)
	  Index Cond: ((id >= 3972409) AND (id <= 3972509))

for range-notcovered
table 1 : explain SELECT id, c FROM sbtest1 WHERE id BETWEEN 8910349 AND 8910449
	Index Scan using sbtest1_pkey on sbtest1  (cost=0.43..395.54 rows=100 width=125)
	  Index Cond: ((id >= 8910349) AND (id <= 8910449))

table 2 : explain SELECT id, c FROM sbtest2 WHERE id BETWEEN 8910349 AND 8910449
	Index Scan using sbtest2_pkey on sbtest2  (cost=0.43..407.10 rows=103 width=125)
	  Index Cond: ((id >= 8910349) AND (id <= 8910449))

table 3 : explain SELECT id, c FROM sbtest3 WHERE id BETWEEN 8910349 AND 8910449
	Index Scan using sbtest3_pkey on sbtest3  (cost=0.43..431.53 rows=109 width=125)
	  Index Cond: ((id >= 8910349) AND (id <= 8910449))

table 4 : explain SELECT id, c FROM sbtest4 WHERE id BETWEEN 8910349 AND 8910449
	Index Scan using sbtest4_pkey on sbtest4  (cost=0.43..400.53 rows=101 width=125)
	  Index Cond: ((id >= 8910349) AND (id <= 8910449))

table 5 : explain SELECT id, c FROM sbtest5 WHERE id BETWEEN 8910349 AND 8910449
	Index Scan using sbtest5_pkey on sbtest5  (cost=0.43..381.14 rows=96 width=125)
	  Index Cond: ((id >= 8910349) AND (id <= 8910449))

table 6 : explain SELECT id, c FROM sbtest6 WHERE id BETWEEN 8910349 AND 8910449
	Index Scan using sbtest6_pkey on sbtest6  (cost=0.43..400.33 rows=101 width=125)
	  Index Cond: ((id >= 8910349) AND (id <= 8910449))

table 7 : explain SELECT id, c FROM sbtest7 WHERE id BETWEEN 8910349 AND 8910449
	Index Scan using sbtest7_pkey on sbtest7  (cost=0.43..415.80 rows=105 width=125)
	  Index Cond: ((id >= 8910349) AND (id <= 8910449))

table 8 : explain SELECT id, c FROM sbtest8 WHERE id BETWEEN 8910349 AND 8910449
	Index Scan using sbtest8_pkey on sbtest8  (cost=0.43..392.93 rows=99 width=125)
	  Index Cond: ((id >= 8910349) AND (id <= 8910449))

explain: for range-notcovered :: explain SELECT id, c FROM sbtest%d WHERE id BETWEEN 4441331 AND 4441431
explain: for range-notcovered :: explain SELECT id, c FROM sbtest%d WHERE id BETWEEN 7413611 AND 7413711
for range-notcovered
table 1 : explain SELECT id, c FROM sbtest1 WHERE id BETWEEN 2079414 AND 2079514
	Index Scan using sbtest1_pkey on sbtest1  (cost=0.43..383.81 rows=97 width=125)
	  Index Cond: ((id >= 2079414) AND (id <= 2079514))

table 2 : explain SELECT id, c FROM sbtest2 WHERE id BETWEEN 2079414 AND 2079514
	Index Scan using sbtest2_pkey on sbtest2  (cost=0.43..364.09 rows=92 width=125)
	  Index Cond: ((id >= 2079414) AND (id <= 2079514))

table 3 : explain SELECT id, c FROM sbtest3 WHERE id BETWEEN 2079414 AND 2079514
	Index Scan using sbtest3_pkey on sbtest3  (cost=0.43..388.44 rows=98 width=125)
	  Index Cond: ((id >= 2079414) AND (id <= 2079514))

table 4 : explain SELECT id, c FROM sbtest4 WHERE id BETWEEN 2079414 AND 2079514
	Index Scan using sbtest4_pkey on sbtest4  (cost=0.43..365.25 rows=92 width=125)
	  Index Cond: ((id >= 2079414) AND (id <= 2079514))

table 5 : explain SELECT id, c FROM sbtest5 WHERE id BETWEEN 2079414 AND 2079514
	Index Scan using sbtest5_pkey on sbtest5  (cost=0.43..392.90 rows=99 width=125)
	  Index Cond: ((id >= 2079414) AND (id <= 2079514))

table 6 : explain SELECT id, c FROM sbtest6 WHERE id BETWEEN 2079414 AND 2079514
	Index Scan using sbtest6_pkey on sbtest6  (cost=0.43..384.66 rows=97 width=125)
	  Index Cond: ((id >= 2079414) AND (id <= 2079514))

table 7 : explain SELECT id, c FROM sbtest7 WHERE id BETWEEN 2079414 AND 2079514
	Index Scan using sbtest7_pkey on sbtest7  (cost=0.43..388.39 rows=98 width=125)
	  Index Cond: ((id >= 2079414) AND (id <= 2079514))

table 8 : explain SELECT id, c FROM sbtest8 WHERE id BETWEEN 2079414 AND 2079514
	Index Scan using sbtest8_pkey on sbtest8  (cost=0.43..404.70 rows=102 width=125)
	  Index Cond: ((id >= 2079414) AND (id <= 2079514))

explain: for range-notcovered :: explain SELECT id, c FROM sbtest%d WHERE id BETWEEN 8910349 AND 8910449
explain: for range-notcovered :: explain SELECT id, c FROM sbtest%d WHERE id BETWEEN 3972409 AND 3972509
explain: for range-notcovered :: explain SELECT id, c FROM sbtest%d WHERE id BETWEEN 2079414 AND 2079514
for range-notcovered
table 1 : explain SELECT id, c FROM sbtest1 WHERE id BETWEEN 4441331 AND 4441431
	Index Scan using sbtest1_pkey on sbtest1  (cost=0.43..411.17 rows=104 width=125)
	  Index Cond: ((id >= 4441331) AND (id <= 4441431))

table 2 : explain SELECT id, c FROM sbtest2 WHERE id BETWEEN 4441331 AND 4441431
	Index Scan using sbtest2_pkey on sbtest2  (cost=0.43..422.73 rows=107 width=125)
	  Index Cond: ((id >= 4441331) AND (id <= 4441431))

table 3 : explain SELECT id, c FROM sbtest3 WHERE id BETWEEN 4441331 AND 4441431
	Index Scan using sbtest3_pkey on sbtest3  (cost=0.43..384.53 rows=97 width=125)
	  Index Cond: ((id >= 4441331) AND (id <= 4441431))

table 4 : explain SELECT id, c FROM sbtest4 WHERE id BETWEEN 4441331 AND 4441431
	Index Scan using sbtest4_pkey on sbtest4  (cost=0.43..424.05 rows=107 width=125)
	  Index Cond: ((id >= 4441331) AND (id <= 4441431))

table 5 : explain SELECT id, c FROM sbtest5 WHERE id BETWEEN 4441331 AND 4441431
	Index Scan using sbtest5_pkey on sbtest5  (cost=0.43..459.58 rows=116 width=125)
	  Index Cond: ((id >= 4441331) AND (id <= 4441431))

table 6 : explain SELECT id, c FROM sbtest6 WHERE id BETWEEN 4441331 AND 4441431
	Index Scan using sbtest6_pkey on sbtest6  (cost=0.43..388.58 rows=98 width=125)
	  Index Cond: ((id >= 4441331) AND (id <= 4441431))

table 7 : explain SELECT id, c FROM sbtest7 WHERE id BETWEEN 4441331 AND 4441431
	Index Scan using sbtest7_pkey on sbtest7  (cost=0.43..384.47 rows=97 width=125)
	  Index Cond: ((id >= 4441331) AND (id <= 4441431))

table 8 : explain SELECT id, c FROM sbtest8 WHERE id BETWEEN 4441331 AND 4441431
	Index Scan using sbtest8_pkey on sbtest8  (cost=0.43..400.77 rows=101 width=125)
	  Index Cond: ((id >= 4441331) AND (id <= 4441431))

explain: for range-notcovered :: explain SELECT id, c FROM sbtest%d WHERE id BETWEEN 2746269 AND 2746369
for range-notcovered
table 1 : explain SELECT id, c FROM sbtest1 WHERE id BETWEEN 6800516 AND 6800616
	Index Scan using sbtest1_pkey on sbtest1  (cost=0.43..415.08 rows=105 width=125)
	  Index Cond: ((id >= 6800516) AND (id <= 6800616))

table 2 : explain SELECT id, c FROM sbtest2 WHERE id BETWEEN 6800516 AND 6800616
	Index Scan using sbtest2_pkey on sbtest2  (cost=0.43..391.47 rows=99 width=125)
	  Index Cond: ((id >= 6800516) AND (id <= 6800616))

table 3 : explain SELECT id, c FROM sbtest3 WHERE id BETWEEN 6800516 AND 6800616
	Index Scan using sbtest3_pkey on sbtest3  (cost=0.43..396.28 rows=100 width=125)
	  Index Cond: ((id >= 6800516) AND (id <= 6800616))

table 4 : explain SELECT id, c FROM sbtest4 WHERE id BETWEEN 6800516 AND 6800616
	Index Scan using sbtest4_pkey on sbtest4  (cost=0.43..396.61 rows=100 width=125)
	  Index Cond: ((id >= 6800516) AND (id <= 6800616))

table 5 : explain SELECT id, c FROM sbtest5 WHERE id BETWEEN 6800516 AND 6800616
	Index Scan using sbtest5_pkey on sbtest5  (cost=0.43..377.21 rows=95 width=125)
	  Index Cond: ((id >= 6800516) AND (id <= 6800616))

table 6 : explain SELECT id, c FROM sbtest6 WHERE id BETWEEN 6800516 AND 6800616
	Index Scan using sbtest6_pkey on sbtest6  (cost=0.43..408.17 rows=103 width=125)
	  Index Cond: ((id >= 6800516) AND (id <= 6800616))

table 7 : explain SELECT id, c FROM sbtest7 WHERE id BETWEEN 6800516 AND 6800616
	Index Scan using sbtest7_pkey on sbtest7  (cost=0.43..411.88 rows=104 width=125)
	  Index Cond: ((id >= 6800516) AND (id <= 6800616))

table 8 : explain SELECT id, c FROM sbtest8 WHERE id BETWEEN 6800516 AND 6800616
	Index Scan using sbtest8_pkey on sbtest8  (cost=0.43..389.01 rows=98 width=125)
	  Index Cond: ((id >= 6800516) AND (id <= 6800616))

explain: for range-notcovered :: explain SELECT id, c FROM sbtest%d WHERE id BETWEEN 4441331 AND 4441431
for range-notcovered
table 1 : explain SELECT id, c FROM sbtest1 WHERE id BETWEEN 2703459 AND 2703559
	Index Scan using sbtest1_pkey on sbtest1  (cost=0.43..391.63 rows=99 width=125)
	  Index Cond: ((id >= 2703459) AND (id <= 2703559))

table 2 : explain SELECT id, c FROM sbtest2 WHERE id BETWEEN 2703459 AND 2703559
	Index Scan using sbtest2_pkey on sbtest2  (cost=0.43..403.19 rows=102 width=125)
	  Index Cond: ((id >= 2703459) AND (id <= 2703559))

table 3 : explain SELECT id, c FROM sbtest3 WHERE id BETWEEN 2703459 AND 2703559
	Index Scan using sbtest3_pkey on sbtest3  (cost=0.43..380.61 rows=96 width=125)
	  Index Cond: ((id >= 2703459) AND (id <= 2703559))

table 4 : explain SELECT id, c FROM sbtest4 WHERE id BETWEEN 2703459 AND 2703559
	Index Scan using sbtest4_pkey on sbtest4  (cost=0.43..384.85 rows=97 width=125)
	  Index Cond: ((id >= 2703459) AND (id <= 2703559))

table 5 : explain SELECT id, c FROM sbtest5 WHERE id BETWEEN 2703459 AND 2703559
	Index Scan using sbtest5_pkey on sbtest5  (cost=0.43..353.66 rows=89 width=125)
	  Index Cond: ((id >= 2703459) AND (id <= 2703559))

table 6 : explain SELECT id, c FROM sbtest6 WHERE id BETWEEN 2703459 AND 2703559
	Index Scan using sbtest6_pkey on sbtest6  (cost=0.43..435.59 rows=110 width=125)
	  Index Cond: ((id >= 2703459) AND (id <= 2703559))

table 7 : explain SELECT id, c FROM sbtest7 WHERE id BETWEEN 2703459 AND 2703559
	Index Scan using sbtest7_pkey on sbtest7  (cost=0.43..368.81 rows=93 width=125)
	  Index Cond: ((id >= 2703459) AND (id <= 2703559))

table 8 : explain SELECT id, c FROM sbtest8 WHERE id BETWEEN 2703459 AND 2703559
	Index Scan using sbtest8_pkey on sbtest8  (cost=0.43..400.77 rows=101 width=125)
	  Index Cond: ((id >= 2703459) AND (id <= 2703559))

for range-notcovered
table 1 : explain SELECT id, c FROM sbtest1 WHERE id BETWEEN 5972354 AND 5972454
	Index Scan using sbtest1_pkey on sbtest1  (cost=0.43..477.63 rows=121 width=125)
	  Index Cond: ((id >= 5972354) AND (id <= 5972454))

table 2 : explain SELECT id, c FROM sbtest2 WHERE id BETWEEN 5972354 AND 5972454
	Index Scan using sbtest2_pkey on sbtest2  (cost=0.43..395.38 rows=100 width=125)
	  Index Cond: ((id >= 5972354) AND (id <= 5972454))

table 3 : explain SELECT id, c FROM sbtest3 WHERE id BETWEEN 5972354 AND 5972454
	Index Scan using sbtest3_pkey on sbtest3  (cost=0.43..396.28 rows=100 width=125)
	  Index Cond: ((id >= 5972354) AND (id <= 5972454))

table 4 : explain SELECT id, c FROM sbtest4 WHERE id BETWEEN 5972354 AND 5972454
	Index Scan using sbtest4_pkey on sbtest4  (cost=0.43..373.09 rows=94 width=125)
	  Index Cond: ((id >= 5972354) AND (id <= 5972454))

table 5 : explain SELECT id, c FROM sbtest5 WHERE id BETWEEN 5972354 AND 5972454
	Index Scan using sbtest5_pkey on sbtest5  (cost=0.43..381.14 rows=96 width=125)
	  Index Cond: ((id >= 5972354) AND (id <= 5972454))

table 6 : explain SELECT id, c FROM sbtest6 WHERE id BETWEEN 5972354 AND 5972454
	Index Scan using sbtest6_pkey on sbtest6  (cost=0.43..388.58 rows=98 width=125)
	  Index Cond: ((id >= 5972354) AND (id <= 5972454))

table 7 : explain SELECT id, c FROM sbtest7 WHERE id BETWEEN 5972354 AND 5972454
	Index Scan using sbtest7_pkey on sbtest7  (cost=0.43..435.38 rows=110 width=125)
	  Index Cond: ((id >= 5972354) AND (id <= 5972454))

table 8 : explain SELECT id, c FROM sbtest8 WHERE id BETWEEN 5972354 AND 5972454
	Index Scan using sbtest8_pkey on sbtest8  (cost=0.43..396.85 rows=100 width=125)
	  Index Cond: ((id >= 5972354) AND (id <= 5972454))

for range-notcovered
table 1 : explain SELECT id, c FROM sbtest1 WHERE id BETWEEN 2079414 AND 2079514
	Index Scan using sbtest1_pkey on sbtest1  (cost=0.43..383.81 rows=97 width=125)
	  Index Cond: ((id >= 2079414) AND (id <= 2079514))

table 2 : explain SELECT id, c FROM sbtest2 WHERE id BETWEEN 2079414 AND 2079514
	Index Scan using sbtest2_pkey on sbtest2  (cost=0.43..364.09 rows=92 width=125)
	  Index Cond: ((id >= 2079414) AND (id <= 2079514))

table 3 : explain SELECT id, c FROM sbtest3 WHERE id BETWEEN 2079414 AND 2079514
	Index Scan using sbtest3_pkey on sbtest3  (cost=0.43..388.44 rows=98 width=125)
	  Index Cond: ((id >= 2079414) AND (id <= 2079514))

table 4 : explain SELECT id, c FROM sbtest4 WHERE id BETWEEN 2079414 AND 2079514
	Index Scan using sbtest4_pkey on sbtest4  (cost=0.43..365.25 rows=92 width=125)
	  Index Cond: ((id >= 2079414) AND (id <= 2079514))

table 5 : explain SELECT id, c FROM sbtest5 WHERE id BETWEEN 2079414 AND 2079514
	Index Scan using sbtest5_pkey on sbtest5  (cost=0.43..392.90 rows=99 width=125)
	  Index Cond: ((id >= 2079414) AND (id <= 2079514))

table 6 : explain SELECT id, c FROM sbtest6 WHERE id BETWEEN 2079414 AND 2079514
	Index Scan using sbtest6_pkey on sbtest6  (cost=0.43..384.66 rows=97 width=125)
	  Index Cond: ((id >= 2079414) AND (id <= 2079514))

table 7 : explain SELECT id, c FROM sbtest7 WHERE id BETWEEN 2079414 AND 2079514
	Index Scan using sbtest7_pkey on sbtest7  (cost=0.43..388.39 rows=98 width=125)
	  Index Cond: ((id >= 2079414) AND (id <= 2079514))

table 8 : explain SELECT id, c FROM sbtest8 WHERE id BETWEEN 2079414 AND 2079514
	Index Scan using sbtest8_pkey on sbtest8  (cost=0.43..404.70 rows=102 width=125)
	  Index Cond: ((id >= 2079414) AND (id <= 2079514))

explain: for range-notcovered :: explain SELECT id, c FROM sbtest%d WHERE id BETWEEN 6800516 AND 6800616
explain: for range-notcovered :: explain SELECT id, c FROM sbtest%d WHERE id BETWEEN 2703459 AND 2703559
explain: for range-notcovered :: explain SELECT id, c FROM sbtest%d WHERE id BETWEEN 2079414 AND 2079514
explain: for range-notcovered :: explain SELECT id, c FROM sbtest%d WHERE id BETWEEN 5972354 AND 5972454
for range-notcovered
table 1 : explain SELECT id, c FROM sbtest1 WHERE id BETWEEN 8910349 AND 8910449
	Index Scan using sbtest1_pkey on sbtest1  (cost=0.43..395.54 rows=100 width=125)
	  Index Cond: ((id >= 8910349) AND (id <= 8910449))

table 2 : explain SELECT id, c FROM sbtest2 WHERE id BETWEEN 8910349 AND 8910449
	Index Scan using sbtest2_pkey on sbtest2  (cost=0.43..407.10 rows=103 width=125)
	  Index Cond: ((id >= 8910349) AND (id <= 8910449))

table 3 : explain SELECT id, c FROM sbtest3 WHERE id BETWEEN 8910349 AND 8910449
	Index Scan using sbtest3_pkey on sbtest3  (cost=0.43..431.53 rows=109 width=125)
	  Index Cond: ((id >= 8910349) AND (id <= 8910449))

table 4 : explain SELECT id, c FROM sbtest4 WHERE id BETWEEN 8910349 AND 8910449
	Index Scan using sbtest4_pkey on sbtest4  (cost=0.43..400.53 rows=101 width=125)
	  Index Cond: ((id >= 8910349) AND (id <= 8910449))

table 5 : explain SELECT id, c FROM sbtest5 WHERE id BETWEEN 8910349 AND 8910449
	Index Scan using sbtest5_pkey on sbtest5  (cost=0.43..381.14 rows=96 width=125)
	  Index Cond: ((id >= 8910349) AND (id <= 8910449))

table 6 : explain SELECT id, c FROM sbtest6 WHERE id BETWEEN 8910349 AND 8910449
	Index Scan using sbtest6_pkey on sbtest6  (cost=0.43..400.33 rows=101 width=125)
	  Index Cond: ((id >= 8910349) AND (id <= 8910449))

table 7 : explain SELECT id, c FROM sbtest7 WHERE id BETWEEN 8910349 AND 8910449
	Index Scan using sbtest7_pkey on sbtest7  (cost=0.43..415.80 rows=105 width=125)
	  Index Cond: ((id >= 8910349) AND (id <= 8910449))

table 8 : explain SELECT id, c FROM sbtest8 WHERE id BETWEEN 8910349 AND 8910449
	Index Scan using sbtest8_pkey on sbtest8  (cost=0.43..392.93 rows=99 width=125)
	  Index Cond: ((id >= 8910349) AND (id <= 8910449))

for range-notcovered
table 1 : explain SELECT id, c FROM sbtest1 WHERE id BETWEEN 2676287 AND 2676387
	Index Scan using sbtest1_pkey on sbtest1  (cost=0.43..430.72 rows=109 width=125)
	  Index Cond: ((id >= 2676287) AND (id <= 2676387))

table 2 : explain SELECT id, c FROM sbtest2 WHERE id BETWEEN 2676287 AND 2676387
	Index Scan using sbtest2_pkey on sbtest2  (cost=0.43..391.47 rows=99 width=125)
	  Index Cond: ((id >= 2676287) AND (id <= 2676387))

table 3 : explain SELECT id, c FROM sbtest3 WHERE id BETWEEN 2676287 AND 2676387
	Index Scan using sbtest3_pkey on sbtest3  (cost=0.43..380.61 rows=96 width=125)
	  Index Cond: ((id >= 2676287) AND (id <= 2676387))

table 4 : explain SELECT id, c FROM sbtest4 WHERE id BETWEEN 2676287 AND 2676387
	Index Scan using sbtest4_pkey on sbtest4  (cost=0.43..384.85 rows=97 width=125)
	  Index Cond: ((id >= 2676287) AND (id <= 2676387))

table 5 : explain SELECT id, c FROM sbtest5 WHERE id BETWEEN 2676287 AND 2676387
	Index Scan using sbtest5_pkey on sbtest5  (cost=0.43..420.36 rows=106 width=125)
	  Index Cond: ((id >= 2676287) AND (id <= 2676387))

table 6 : explain SELECT id, c FROM sbtest6 WHERE id BETWEEN 2676287 AND 2676387
	Index Scan using sbtest6_pkey on sbtest6  (cost=0.43..392.50 rows=99 width=125)
	  Index Cond: ((id >= 2676287) AND (id <= 2676387))

table 7 : explain SELECT id, c FROM sbtest7 WHERE id BETWEEN 2676287 AND 2676387
	Index Scan using sbtest7_pkey on sbtest7  (cost=0.43..368.81 rows=93 width=125)
	  Index Cond: ((id >= 2676287) AND (id <= 2676387))

table 8 : explain SELECT id, c FROM sbtest8 WHERE id BETWEEN 2676287 AND 2676387
	Index Scan using sbtest8_pkey on sbtest8  (cost=0.43..400.77 rows=101 width=125)
	  Index Cond: ((id >= 2676287) AND (id <= 2676387))

explain: for range-notcovered :: explain SELECT id, c FROM sbtest%d WHERE id BETWEEN 3220699 AND 3220799
explain: for range-notcovered :: explain SELECT id, c FROM sbtest%d WHERE id BETWEEN 8910349 AND 8910449
for range-notcovered
table 1 : explain SELECT id, c FROM sbtest1 WHERE id BETWEEN 4441331 AND 4441431
	Index Scan using sbtest1_pkey on sbtest1  (cost=0.43..411.17 rows=104 width=125)
	  Index Cond: ((id >= 4441331) AND (id <= 4441431))

table 2 : explain SELECT id, c FROM sbtest2 WHERE id BETWEEN 4441331 AND 4441431
	Index Scan using sbtest2_pkey on sbtest2  (cost=0.43..422.73 rows=107 width=125)
	  Index Cond: ((id >= 4441331) AND (id <= 4441431))

table 3 : explain SELECT id, c FROM sbtest3 WHERE id BETWEEN 4441331 AND 4441431
	Index Scan using sbtest3_pkey on sbtest3  (cost=0.43..384.53 rows=97 width=125)
	  Index Cond: ((id >= 4441331) AND (id <= 4441431))

table 4 : explain SELECT id, c FROM sbtest4 WHERE id BETWEEN 4441331 AND 4441431
	Index Scan using sbtest4_pkey on sbtest4  (cost=0.43..424.05 rows=107 width=125)
	  Index Cond: ((id >= 4441331) AND (id <= 4441431))

table 5 : explain SELECT id, c FROM sbtest5 WHERE id BETWEEN 4441331 AND 4441431
	Index Scan using sbtest5_pkey on sbtest5  (cost=0.43..459.58 rows=116 width=125)
	  Index Cond: ((id >= 4441331) AND (id <= 4441431))

table 6 : explain SELECT id, c FROM sbtest6 WHERE id BETWEEN 4441331 AND 4441431
	Index Scan using sbtest6_pkey on sbtest6  (cost=0.43..388.58 rows=98 width=125)
	  Index Cond: ((id >= 4441331) AND (id <= 4441431))

table 7 : explain SELECT id, c FROM sbtest7 WHERE id BETWEEN 4441331 AND 4441431
	Index Scan using sbtest7_pkey on sbtest7  (cost=0.43..384.47 rows=97 width=125)
	  Index Cond: ((id >= 4441331) AND (id <= 4441431))

table 8 : explain SELECT id, c FROM sbtest8 WHERE id BETWEEN 4441331 AND 4441431
	Index Scan using sbtest8_pkey on sbtest8  (cost=0.43..400.77 rows=101 width=125)
	  Index Cond: ((id >= 4441331) AND (id <= 4441431))

for range-notcovered
table 1 : explain SELECT id, c FROM sbtest1 WHERE id BETWEEN 3972409 AND 3972509
	Index Scan using sbtest1_pkey on sbtest1  (cost=0.43..368.15 rows=93 width=125)
	  Index Cond: ((id >= 3972409) AND (id <= 3972509))

table 2 : explain SELECT id, c FROM sbtest2 WHERE id BETWEEN 3972409 AND 3972509
	Index Scan using sbtest2_pkey on sbtest2  (cost=0.43..379.72 rows=96 width=125)
	  Index Cond: ((id >= 3972409) AND (id <= 3972509))

table 3 : explain SELECT id, c FROM sbtest3 WHERE id BETWEEN 3972409 AND 3972509
	Index Scan using sbtest3_pkey on sbtest3  (cost=0.43..392.36 rows=99 width=125)
	  Index Cond: ((id >= 3972409) AND (id <= 3972509))

table 4 : explain SELECT id, c FROM sbtest4 WHERE id BETWEEN 3972409 AND 3972509
	Index Scan using sbtest4_pkey on sbtest4  (cost=0.43..439.73 rows=111 width=125)
	  Index Cond: ((id >= 3972409) AND (id <= 3972509))

table 5 : explain SELECT id, c FROM sbtest5 WHERE id BETWEEN 3972409 AND 3972509
	Index Scan using sbtest5_pkey on sbtest5  (cost=0.43..416.44 rows=105 width=125)
	  Index Cond: ((id >= 3972409) AND (id <= 3972509))

table 6 : explain SELECT id, c FROM sbtest6 WHERE id BETWEEN 3972409 AND 3972509
	Index Scan using sbtest6_pkey on sbtest6  (cost=0.43..404.25 rows=102 width=125)
	  Index Cond: ((id >= 3972409) AND (id <= 3972509))

table 7 : explain SELECT id, c FROM sbtest7 WHERE id BETWEEN 3972409 AND 3972509
	Index Scan using sbtest7_pkey on sbtest7  (cost=0.43..392.30 rows=99 width=125)
	  Index Cond: ((id >= 3972409) AND (id <= 3972509))

table 8 : explain SELECT id, c FROM sbtest8 WHERE id BETWEEN 3972409 AND 3972509
	Index Scan using sbtest8_pkey on sbtest8  (cost=0.43..447.84 rows=113 width=125)
	  Index Cond: ((id >= 3972409) AND (id <= 3972509))

explain: for range-notcovered :: explain SELECT id, c FROM sbtest%d WHERE id BETWEEN 4441331 AND 4441431
explain: for range-notcovered :: explain SELECT id, c FROM sbtest%d WHERE id BETWEEN 2676287 AND 2676387
explain: for range-notcovered :: explain SELECT id, c FROM sbtest%d WHERE id BETWEEN 3972409 AND 3972509
for range-notcovered
table 1 : explain SELECT id, c FROM sbtest1 WHERE id BETWEEN 5025826 AND 5025926
	Index Scan using sbtest1_pkey on sbtest1  (cost=0.43..411.17 rows=104 width=125)
	  Index Cond: ((id >= 5025826) AND (id <= 5025926))

table 2 : explain SELECT id, c FROM sbtest2 WHERE id BETWEEN 5025826 AND 5025926
	Index Scan using sbtest2_pkey on sbtest2  (cost=0.43..399.29 rows=101 width=125)
	  Index Cond: ((id >= 5025826) AND (id <= 5025926))

table 3 : explain SELECT id, c FROM sbtest3 WHERE id BETWEEN 5025826 AND 5025926
	Index Scan using sbtest3_pkey on sbtest3  (cost=0.43..400.19 rows=101 width=125)
	  Index Cond: ((id >= 5025826) AND (id <= 5025926))

table 4 : explain SELECT id, c FROM sbtest4 WHERE id BETWEEN 5025826 AND 5025926
	Index Scan using sbtest4_pkey on sbtest4  (cost=0.43..392.69 rows=99 width=125)
	  Index Cond: ((id >= 5025826) AND (id <= 5025926))

table 5 : explain SELECT id, c FROM sbtest5 WHERE id BETWEEN 5025826 AND 5025926
	Index Scan using sbtest5_pkey on sbtest5  (cost=0.43..377.21 rows=95 width=125)
	  Index Cond: ((id >= 5025826) AND (id <= 5025926))

table 6 : explain SELECT id, c FROM sbtest6 WHERE id BETWEEN 5025826 AND 5025926
	Index Scan using sbtest6_pkey on sbtest6  (cost=0.43..380.74 rows=96 width=125)
	  Index Cond: ((id >= 5025826) AND (id <= 5025926))

table 7 : explain SELECT id, c FROM sbtest7 WHERE id BETWEEN 5025826 AND 5025926
	Index Scan using sbtest7_pkey on sbtest7  (cost=0.43..396.22 rows=100 width=125)
	  Index Cond: ((id >= 5025826) AND (id <= 5025926))

table 8 : explain SELECT id, c FROM sbtest8 WHERE id BETWEEN 5025826 AND 5025926
	Index Scan using sbtest8_pkey on sbtest8  (cost=0.43..396.85 rows=100 width=125)
	  Index Cond: ((id >= 5025826) AND (id <= 5025926))

for range-notcovered
table 1 : explain SELECT id, c FROM sbtest1 WHERE id BETWEEN 2079414 AND 2079514
	Index Scan using sbtest1_pkey on sbtest1  (cost=0.43..383.81 rows=97 width=125)
	  Index Cond: ((id >= 2079414) AND (id <= 2079514))

table 2 : explain SELECT id, c FROM sbtest2 WHERE id BETWEEN 2079414 AND 2079514
	Index Scan using sbtest2_pkey on sbtest2  (cost=0.43..364.09 rows=92 width=125)
	  Index Cond: ((id >= 2079414) AND (id <= 2079514))

table 3 : explain SELECT id, c FROM sbtest3 WHERE id BETWEEN 2079414 AND 2079514
	Index Scan using sbtest3_pkey on sbtest3  (cost=0.43..388.44 rows=98 width=125)
	  Index Cond: ((id >= 2079414) AND (id <= 2079514))

table 4 : explain SELECT id, c FROM sbtest4 WHERE id BETWEEN 2079414 AND 2079514
	Index Scan using sbtest4_pkey on sbtest4  (cost=0.43..365.25 rows=92 width=125)
	  Index Cond: ((id >= 2079414) AND (id <= 2079514))

table 5 : explain SELECT id, c FROM sbtest5 WHERE id BETWEEN 2079414 AND 2079514
	Index Scan using sbtest5_pkey on sbtest5  (cost=0.43..392.90 rows=99 width=125)
	  Index Cond: ((id >= 2079414) AND (id <= 2079514))

table 6 : explain SELECT id, c FROM sbtest6 WHERE id BETWEEN 2079414 AND 2079514
	Index Scan using sbtest6_pkey on sbtest6  (cost=0.43..384.66 rows=97 width=125)
	  Index Cond: ((id >= 2079414) AND (id <= 2079514))

table 7 : explain SELECT id, c FROM sbtest7 WHERE id BETWEEN 2079414 AND 2079514
	Index Scan using sbtest7_pkey on sbtest7  (cost=0.43..388.39 rows=98 width=125)
	  Index Cond: ((id >= 2079414) AND (id <= 2079514))

table 8 : explain SELECT id, c FROM sbtest8 WHERE id BETWEEN 2079414 AND 2079514
	Index Scan using sbtest8_pkey on sbtest8  (cost=0.43..404.70 rows=102 width=125)
	  Index Cond: ((id >= 2079414) AND (id <= 2079514))

explain: for range-notcovered :: explain SELECT id, c FROM sbtest%d WHERE id BETWEEN 5025826 AND 5025926
for range-notcovered
table 1 : explain SELECT id, c FROM sbtest1 WHERE id BETWEEN 6821981 AND 6822081
	Index Scan using sbtest1_pkey on sbtest1  (cost=0.43..415.08 rows=105 width=125)
	  Index Cond: ((id >= 6821981) AND (id <= 6822081))

table 2 : explain SELECT id, c FROM sbtest2 WHERE id BETWEEN 6821981 AND 6822081
	Index Scan using sbtest2_pkey on sbtest2  (cost=0.43..391.47 rows=99 width=125)
	  Index Cond: ((id >= 6821981) AND (id <= 6822081))

table 3 : explain SELECT id, c FROM sbtest3 WHERE id BETWEEN 6821981 AND 6822081
	Index Scan using sbtest3_pkey on sbtest3  (cost=0.43..396.28 rows=100 width=125)
	  Index Cond: ((id >= 6821981) AND (id <= 6822081))

table 4 : explain SELECT id, c FROM sbtest4 WHERE id BETWEEN 6821981 AND 6822081
	Index Scan using sbtest4_pkey on sbtest4  (cost=0.43..392.69 rows=99 width=125)
	  Index Cond: ((id >= 6821981) AND (id <= 6822081))

table 5 : explain SELECT id, c FROM sbtest5 WHERE id BETWEEN 6821981 AND 6822081
	Index Scan using sbtest5_pkey on sbtest5  (cost=0.43..396.82 rows=100 width=125)
	  Index Cond: ((id >= 6821981) AND (id <= 6822081))

table 6 : explain SELECT id, c FROM sbtest6 WHERE id BETWEEN 6821981 AND 6822081
	Index Scan using sbtest6_pkey on sbtest6  (cost=0.43..408.17 rows=103 width=125)
	  Index Cond: ((id >= 6821981) AND (id <= 6822081))

table 7 : explain SELECT id, c FROM sbtest7 WHERE id BETWEEN 6821981 AND 6822081
	Index Scan using sbtest7_pkey on sbtest7  (cost=0.43..411.88 rows=104 width=125)
	  Index Cond: ((id >= 6821981) AND (id <= 6822081))

table 8 : explain SELECT id, c FROM sbtest8 WHERE id BETWEEN 6821981 AND 6822081
	Index Scan using sbtest8_pkey on sbtest8  (cost=0.43..389.01 rows=98 width=125)
	  Index Cond: ((id >= 6821981) AND (id <= 6822081))

explain: for range-notcovered :: explain SELECT id, c FROM sbtest%d WHERE id BETWEEN 6821981 AND 6822081
for range-notcovered
table 1 : explain SELECT id, c FROM sbtest1 WHERE id BETWEEN 2703459 AND 2703559
	Index Scan using sbtest1_pkey on sbtest1  (cost=0.43..391.63 rows=99 width=125)
	  Index Cond: ((id >= 2703459) AND (id <= 2703559))

table 2 : explain SELECT id, c FROM sbtest2 WHERE id BETWEEN 2703459 AND 2703559
	Index Scan using sbtest2_pkey on sbtest2  (cost=0.43..403.19 rows=102 width=125)
	  Index Cond: ((id >= 2703459) AND (id <= 2703559))

table 3 : explain SELECT id, c FROM sbtest3 WHERE id BETWEEN 2703459 AND 2703559
	Index Scan using sbtest3_pkey on sbtest3  (cost=0.43..380.61 rows=96 width=125)
	  Index Cond: ((id >= 2703459) AND (id <= 2703559))

table 4 : explain SELECT id, c FROM sbtest4 WHERE id BETWEEN 2703459 AND 2703559
	Index Scan using sbtest4_pkey on sbtest4  (cost=0.43..384.85 rows=97 width=125)
	  Index Cond: ((id >= 2703459) AND (id <= 2703559))

table 5 : explain SELECT id, c FROM sbtest5 WHERE id BETWEEN 2703459 AND 2703559
	Index Scan using sbtest5_pkey on sbtest5  (cost=0.43..353.66 rows=89 width=125)
	  Index Cond: ((id >= 2703459) AND (id <= 2703559))

table 6 : explain SELECT id, c FROM sbtest6 WHERE id BETWEEN 2703459 AND 2703559
	Index Scan using sbtest6_pkey on sbtest6  (cost=0.43..435.59 rows=110 width=125)
	  Index Cond: ((id >= 2703459) AND (id <= 2703559))

table 7 : explain SELECT id, c FROM sbtest7 WHERE id BETWEEN 2703459 AND 2703559
	Index Scan using sbtest7_pkey on sbtest7  (cost=0.43..368.81 rows=93 width=125)
	  Index Cond: ((id >= 2703459) AND (id <= 2703559))

table 8 : explain SELECT id, c FROM sbtest8 WHERE id BETWEEN 2703459 AND 2703559
	Index Scan using sbtest8_pkey on sbtest8  (cost=0.43..400.77 rows=101 width=125)
	  Index Cond: ((id >= 2703459) AND (id <= 2703559))

for range-notcovered
table 1 : explain SELECT id, c FROM sbtest1 WHERE id BETWEEN 4441331 AND 4441431
	Index Scan using sbtest1_pkey on sbtest1  (cost=0.43..411.17 rows=104 width=125)
	  Index Cond: ((id >= 4441331) AND (id <= 4441431))

table 2 : explain SELECT id, c FROM sbtest2 WHERE id BETWEEN 4441331 AND 4441431
	Index Scan using sbtest2_pkey on sbtest2  (cost=0.43..422.73 rows=107 width=125)
	  Index Cond: ((id >= 4441331) AND (id <= 4441431))

table 3 : explain SELECT id, c FROM sbtest3 WHERE id BETWEEN 4441331 AND 4441431
	Index Scan using sbtest3_pkey on sbtest3  (cost=0.43..384.53 rows=97 width=125)
	  Index Cond: ((id >= 4441331) AND (id <= 4441431))

table 4 : explain SELECT id, c FROM sbtest4 WHERE id BETWEEN 4441331 AND 4441431
	Index Scan using sbtest4_pkey on sbtest4  (cost=0.43..424.05 rows=107 width=125)
	  Index Cond: ((id >= 4441331) AND (id <= 4441431))

table 5 : explain SELECT id, c FROM sbtest5 WHERE id BETWEEN 4441331 AND 4441431
	Index Scan using sbtest5_pkey on sbtest5  (cost=0.43..459.58 rows=116 width=125)
	  Index Cond: ((id >= 4441331) AND (id <= 4441431))

table 6 : explain SELECT id, c FROM sbtest6 WHERE id BETWEEN 4441331 AND 4441431
	Index Scan using sbtest6_pkey on sbtest6  (cost=0.43..388.58 rows=98 width=125)
	  Index Cond: ((id >= 4441331) AND (id <= 4441431))

table 7 : explain SELECT id, c FROM sbtest7 WHERE id BETWEEN 4441331 AND 4441431
	Index Scan using sbtest7_pkey on sbtest7  (cost=0.43..384.47 rows=97 width=125)
	  Index Cond: ((id >= 4441331) AND (id <= 4441431))

table 8 : explain SELECT id, c FROM sbtest8 WHERE id BETWEEN 4441331 AND 4441431
	Index Scan using sbtest8_pkey on sbtest8  (cost=0.43..400.77 rows=101 width=125)
	  Index Cond: ((id >= 4441331) AND (id <= 4441431))

for range-notcovered
table 1 : explain SELECT id, c FROM sbtest1 WHERE id BETWEEN 6800516 AND 6800616
	Index Scan using sbtest1_pkey on sbtest1  (cost=0.43..415.08 rows=105 width=125)
	  Index Cond: ((id >= 6800516) AND (id <= 6800616))

table 2 : explain SELECT id, c FROM sbtest2 WHERE id BETWEEN 6800516 AND 6800616
	Index Scan using sbtest2_pkey on sbtest2  (cost=0.43..391.47 rows=99 width=125)
	  Index Cond: ((id >= 6800516) AND (id <= 6800616))

table 3 : explain SELECT id, c FROM sbtest3 WHERE id BETWEEN 6800516 AND 6800616
	Index Scan using sbtest3_pkey on sbtest3  (cost=0.43..396.28 rows=100 width=125)
	  Index Cond: ((id >= 6800516) AND (id <= 6800616))

table 4 : explain SELECT id, c FROM sbtest4 WHERE id BETWEEN 6800516 AND 6800616
	Index Scan using sbtest4_pkey on sbtest4  (cost=0.43..396.61 rows=100 width=125)
	  Index Cond: ((id >= 6800516) AND (id <= 6800616))

table 5 : explain SELECT id, c FROM sbtest5 WHERE id BETWEEN 6800516 AND 6800616
	Index Scan using sbtest5_pkey on sbtest5  (cost=0.43..377.21 rows=95 width=125)
	  Index Cond: ((id >= 6800516) AND (id <= 6800616))

table 6 : explain SELECT id, c FROM sbtest6 WHERE id BETWEEN 6800516 AND 6800616
	Index Scan using sbtest6_pkey on sbtest6  (cost=0.43..408.17 rows=103 width=125)
	  Index Cond: ((id >= 6800516) AND (id <= 6800616))

table 7 : explain SELECT id, c FROM sbtest7 WHERE id BETWEEN 6800516 AND 6800616
	Index Scan using sbtest7_pkey on sbtest7  (cost=0.43..411.88 rows=104 width=125)
	  Index Cond: ((id >= 6800516) AND (id <= 6800616))

table 8 : explain SELECT id, c FROM sbtest8 WHERE id BETWEEN 6800516 AND 6800616
	Index Scan using sbtest8_pkey on sbtest8  (cost=0.43..389.01 rows=98 width=125)
	  Index Cond: ((id >= 6800516) AND (id <= 6800616))

explain: for range-notcovered :: explain SELECT id, c FROM sbtest%d WHERE id BETWEEN 2703459 AND 2703559
explain: for range-notcovered :: explain SELECT id, c FROM sbtest%d WHERE id BETWEEN 4441331 AND 4441431
for range-notcovered
table 1 : explain SELECT id, c FROM sbtest1 WHERE id BETWEEN 5972354 AND 5972454
	Index Scan using sbtest1_pkey on sbtest1  (cost=0.43..477.63 rows=121 width=125)
	  Index Cond: ((id >= 5972354) AND (id <= 5972454))

table 2 : explain SELECT id, c FROM sbtest2 WHERE id BETWEEN 5972354 AND 5972454
	Index Scan using sbtest2_pkey on sbtest2  (cost=0.43..395.38 rows=100 width=125)
	  Index Cond: ((id >= 5972354) AND (id <= 5972454))

table 3 : explain SELECT id, c FROM sbtest3 WHERE id BETWEEN 5972354 AND 5972454
	Index Scan using sbtest3_pkey on sbtest3  (cost=0.43..396.28 rows=100 width=125)
	  Index Cond: ((id >= 5972354) AND (id <= 5972454))

table 4 : explain SELECT id, c FROM sbtest4 WHERE id BETWEEN 5972354 AND 5972454
	Index Scan using sbtest4_pkey on sbtest4  (cost=0.43..373.09 rows=94 width=125)
	  Index Cond: ((id >= 5972354) AND (id <= 5972454))

table 5 : explain SELECT id, c FROM sbtest5 WHERE id BETWEEN 5972354 AND 5972454
	Index Scan using sbtest5_pkey on sbtest5  (cost=0.43..381.14 rows=96 width=125)
	  Index Cond: ((id >= 5972354) AND (id <= 5972454))

table 6 : explain SELECT id, c FROM sbtest6 WHERE id BETWEEN 5972354 AND 5972454
	Index Scan using sbtest6_pkey on sbtest6  (cost=0.43..388.58 rows=98 width=125)
	  Index Cond: ((id >= 5972354) AND (id <= 5972454))

table 7 : explain SELECT id, c FROM sbtest7 WHERE id BETWEEN 5972354 AND 5972454
	Index Scan using sbtest7_pkey on sbtest7  (cost=0.43..435.38 rows=110 width=125)
	  Index Cond: ((id >= 5972354) AND (id <= 5972454))

table 8 : explain SELECT id, c FROM sbtest8 WHERE id BETWEEN 5972354 AND 5972454
	Index Scan using sbtest8_pkey on sbtest8  (cost=0.43..396.85 rows=100 width=125)
	  Index Cond: ((id >= 5972354) AND (id <= 5972454))

explain: for range-notcovered :: explain SELECT id, c FROM sbtest%d WHERE id BETWEEN 6800516 AND 6800616
explain: for range-notcovered :: explain SELECT id, c FROM sbtest%d WHERE id BETWEEN 5972354 AND 5972454
for range-notcovered
table 1 : explain SELECT id, c FROM sbtest1 WHERE id BETWEEN 5025826 AND 5025926
	Index Scan using sbtest1_pkey on sbtest1  (cost=0.43..411.17 rows=104 width=125)
	  Index Cond: ((id >= 5025826) AND (id <= 5025926))

table 2 : explain SELECT id, c FROM sbtest2 WHERE id BETWEEN 5025826 AND 5025926
	Index Scan using sbtest2_pkey on sbtest2  (cost=0.43..399.29 rows=101 width=125)
	  Index Cond: ((id >= 5025826) AND (id <= 5025926))

table 3 : explain SELECT id, c FROM sbtest3 WHERE id BETWEEN 5025826 AND 5025926
	Index Scan using sbtest3_pkey on sbtest3  (cost=0.43..400.19 rows=101 width=125)
	  Index Cond: ((id >= 5025826) AND (id <= 5025926))

table 4 : explain SELECT id, c FROM sbtest4 WHERE id BETWEEN 5025826 AND 5025926
	Index Scan using sbtest4_pkey on sbtest4  (cost=0.43..392.69 rows=99 width=125)
	  Index Cond: ((id >= 5025826) AND (id <= 5025926))

table 5 : explain SELECT id, c FROM sbtest5 WHERE id BETWEEN 5025826 AND 5025926
	Index Scan using sbtest5_pkey on sbtest5  (cost=0.43..377.21 rows=95 width=125)
	  Index Cond: ((id >= 5025826) AND (id <= 5025926))

table 6 : explain SELECT id, c FROM sbtest6 WHERE id BETWEEN 5025826 AND 5025926
	Index Scan using sbtest6_pkey on sbtest6  (cost=0.43..380.74 rows=96 width=125)
	  Index Cond: ((id >= 5025826) AND (id <= 5025926))

table 7 : explain SELECT id, c FROM sbtest7 WHERE id BETWEEN 5025826 AND 5025926
	Index Scan using sbtest7_pkey on sbtest7  (cost=0.43..396.22 rows=100 width=125)
	  Index Cond: ((id >= 5025826) AND (id <= 5025926))

table 8 : explain SELECT id, c FROM sbtest8 WHERE id BETWEEN 5025826 AND 5025926
	Index Scan using sbtest8_pkey on sbtest8  (cost=0.43..396.85 rows=100 width=125)
	  Index Cond: ((id >= 5025826) AND (id <= 5025926))

explain: for range-notcovered :: explain SELECT id, c FROM sbtest%d WHERE id BETWEEN 5025826 AND 5025926for range-notcovered
table 1 : explain SELECT id, c FROM sbtest1 WHERE id BETWEEN 6821981 AND 6822081
	Index Scan using sbtest1_pkey on sbtest1  (cost=0.43..415.08 rows=105 width=125)
	  Index Cond: ((id >= 6821981) AND (id <= 6822081))

table 2 : explain SELECT id, c FROM sbtest2 WHERE id BETWEEN 6821981 AND 6822081
	Index Scan using sbtest2_pkey on sbtest2  (cost=0.43..391.47 rows=99 width=125)
	  Index Cond: ((id >= 6821981) AND (id <= 6822081))

table 3 : explain SELECT id, c FROM sbtest3 WHERE id BETWEEN 6821981 AND 6822081
	Index Scan using sbtest3_pkey on sbtest3  (cost=0.43..396.28 rows=100 width=125)
	  Index Cond: ((id >= 6821981) AND (id <= 6822081))

table 4 : explain SELECT id, c FROM sbtest4 WHERE id BETWEEN 6821981 AND 6822081
	Index Scan using sbtest4_pkey on sbtest4  (cost=0.43..392.69 rows=99 width=125)
	  Index Cond: ((id >= 6821981) AND (id <= 6822081))

table 5 : explain SELECT id, c FROM sbtest5 WHERE id BETWEEN 6821981 AND 6822081
	Index Scan using sbtest5_pkey on sbtest5  (cost=0.43..396.82 rows=100 width=125)
	  Index Cond: ((id >= 6821981) AND (id <= 6822081))

table 6 : explain SELECT id, c FROM sbtest6 WHERE id BETWEEN 6821981 AND 6822081
	Index Scan using sbtest6_pkey on sbtest6  (cost=0.43..408.17 rows=103 width=125)
	  Index Cond: ((id >= 6821981) AND (id <= 6822081))

table 7 : explain SELECT id, c FROM sbtest7 WHERE id BETWEEN 6821981 AND 6822081
	Index Scan using sbtest7_pkey on sbtest7  (cost=0.43..411.88 rows=104 width=125)
	  Index Cond: ((id >= 6821981) AND (id <= 6822081))

table 8 : explain SELECT id, c FROM sbtest8 WHERE id BETWEEN 6821981 AND 6822081
	Index Scan using sbtest8_pkey on sbtest8  (cost=0.43..389.01 rows=98 width=125)
	  Index Cond: ((id >= 6821981) AND (id <= 6822081))


for range-notcovered
table 1 : explain SELECT id, c FROM sbtest1 WHERE id BETWEEN 8910349 AND 8910449
	Index Scan using sbtest1_pkey on sbtest1  (cost=0.43..395.54 rows=100 width=125)
	  Index Cond: ((id >= 8910349) AND (id <= 8910449))

table 2 : explain SELECT id, c FROM sbtest2 WHERE id BETWEEN 8910349 AND 8910449
	Index Scan using sbtest2_pkey on sbtest2  (cost=0.43..407.10 rows=103 width=125)
	  Index Cond: ((id >= 8910349) AND (id <= 8910449))

table 3 : explain SELECT id, c FROM sbtest3 WHERE id BETWEEN 8910349 AND 8910449
	Index Scan using sbtest3_pkey on sbtest3  (cost=0.43..431.53 rows=109 width=125)
	  Index Cond: ((id >= 8910349) AND (id <= 8910449))

table 4 : explain SELECT id, c FROM sbtest4 WHERE id BETWEEN 8910349 AND 8910449
	Index Scan using sbtest4_pkey on sbtest4  (cost=0.43..400.53 rows=101 width=125)
	  Index Cond: ((id >= 8910349) AND (id <= 8910449))

table 5 : explain SELECT id, c FROM sbtest5 WHERE id BETWEEN 8910349 AND 8910449
	Index Scan using sbtest5_pkey on sbtest5  (cost=0.43..381.14 rows=96 width=125)
	  Index Cond: ((id >= 8910349) AND (id <= 8910449))

table 6 : explain SELECT id, c FROM sbtest6 WHERE id BETWEEN 8910349 AND 8910449
	Index Scan using sbtest6_pkey on sbtest6  (cost=0.43..400.33 rows=101 width=125)
	  Index Cond: ((id >= 8910349) AND (id <= 8910449))

table 7 : explain SELECT id, c FROM sbtest7 WHERE id BETWEEN 8910349 AND 8910449
	Index Scan using sbtest7_pkey on sbtest7  (cost=0.43..415.80 rows=105 width=125)
	  Index Cond: ((id >= 8910349) AND (id <= 8910449))

table 8 : explain SELECT id, c FROM sbtest8 WHERE id BETWEEN 8910349 AND 8910449
	Index Scan using sbtest8_pkey on sbtest8  (cost=0.43..392.93 rows=99 width=125)
	  Index Cond: ((id >= 8910349) AND (id <= 8910449))

explain: for range-notcovered :: explain SELECT id, c FROM sbtest%d WHERE id BETWEEN 6821981 AND 6822081
explain: for range-notcovered :: explain SELECT id, c FROM sbtest%d WHERE id BETWEEN 8910349 AND 8910449
for range-notcovered
table 1 : explain SELECT id, c FROM sbtest1 WHERE id BETWEEN 2676287 AND 2676387
	Index Scan using sbtest1_pkey on sbtest1  (cost=0.43..430.72 rows=109 width=125)
	  Index Cond: ((id >= 2676287) AND (id <= 2676387))

table 2 : explain SELECT id, c FROM sbtest2 WHERE id BETWEEN 2676287 AND 2676387
	Index Scan using sbtest2_pkey on sbtest2  (cost=0.43..391.47 rows=99 width=125)
	  Index Cond: ((id >= 2676287) AND (id <= 2676387))

table 3 : explain SELECT id, c FROM sbtest3 WHERE id BETWEEN 2676287 AND 2676387
	Index Scan using sbtest3_pkey on sbtest3  (cost=0.43..380.61 rows=96 width=125)
	  Index Cond: ((id >= 2676287) AND (id <= 2676387))

table 4 : explain SELECT id, c FROM sbtest4 WHERE id BETWEEN 2676287 AND 2676387
	Index Scan using sbtest4_pkey on sbtest4  (cost=0.43..384.85 rows=97 width=125)
	  Index Cond: ((id >= 2676287) AND (id <= 2676387))

table 5 : explain SELECT id, c FROM sbtest5 WHERE id BETWEEN 2676287 AND 2676387
	Index Scan using sbtest5_pkey on sbtest5  (cost=0.43..420.36 rows=106 width=125)
	  Index Cond: ((id >= 2676287) AND (id <= 2676387))

table 6 : explain SELECT id, c FROM sbtest6 WHERE id BETWEEN 2676287 AND 2676387
	Index Scan using sbtest6_pkey on sbtest6  (cost=0.43..392.50 rows=99 width=125)
	  Index Cond: ((id >= 2676287) AND (id <= 2676387))

table 7 : explain SELECT id, c FROM sbtest7 WHERE id BETWEEN 2676287 AND 2676387
	Index Scan using sbtest7_pkey on sbtest7  (cost=0.43..368.81 rows=93 width=125)
	  Index Cond: ((id >= 2676287) AND (id <= 2676387))

table 8 : explain SELECT id, c FROM sbtest8 WHERE id BETWEEN 2676287 AND 2676387
	Index Scan using sbtest8_pkey on sbtest8  (cost=0.43..400.77 rows=101 width=125)
	  Index Cond: ((id >= 2676287) AND (id <= 2676387))

explain: for range-notcovered :: explain SELECT id, c FROM sbtest%d WHERE id BETWEEN 8118516 AND 8118616
for range-notcovered
table 1 : explain SELECT id, c FROM sbtest1 WHERE id BETWEEN 4441331 AND 4441431
	Index Scan using sbtest1_pkey on sbtest1  (cost=0.43..411.17 rows=104 width=125)
	  Index Cond: ((id >= 4441331) AND (id <= 4441431))

table 2 : explain SELECT id, c FROM sbtest2 WHERE id BETWEEN 4441331 AND 4441431
	Index Scan using sbtest2_pkey on sbtest2  (cost=0.43..422.73 rows=107 width=125)
	  Index Cond: ((id >= 4441331) AND (id <= 4441431))

table 3 : explain SELECT id, c FROM sbtest3 WHERE id BETWEEN 4441331 AND 4441431
	Index Scan using sbtest3_pkey on sbtest3  (cost=0.43..384.53 rows=97 width=125)
	  Index Cond: ((id >= 4441331) AND (id <= 4441431))

table 4 : explain SELECT id, c FROM sbtest4 WHERE id BETWEEN 4441331 AND 4441431
	Index Scan using sbtest4_pkey on sbtest4  (cost=0.43..424.05 rows=107 width=125)
	  Index Cond: ((id >= 4441331) AND (id <= 4441431))

table 5 : explain SELECT id, c FROM sbtest5 WHERE id BETWEEN 4441331 AND 4441431
	Index Scan using sbtest5_pkey on sbtest5  (cost=0.43..459.58 rows=116 width=125)
	  Index Cond: ((id >= 4441331) AND (id <= 4441431))

table 6 : explain SELECT id, c FROM sbtest6 WHERE id BETWEEN 4441331 AND 4441431
	Index Scan using sbtest6_pkey on sbtest6  (cost=0.43..388.58 rows=98 width=125)
	  Index Cond: ((id >= 4441331) AND (id <= 4441431))

table 7 : explain SELECT id, c FROM sbtest7 WHERE id BETWEEN 4441331 AND 4441431
	Index Scan using sbtest7_pkey on sbtest7  (cost=0.43..384.47 rows=97 width=125)
	  Index Cond: ((id >= 4441331) AND (id <= 4441431))

table 8 : explain SELECT id, c FROM sbtest8 WHERE id BETWEEN 4441331 AND 4441431
	Index Scan using sbtest8_pkey on sbtest8  (cost=0.43..400.77 rows=101 width=125)
	  Index Cond: ((id >= 4441331) AND (id <= 4441431))

for range-notcovered
table 1 : explain SELECT id, c FROM sbtest1 WHERE id BETWEEN 3972409 AND 3972509
	Index Scan using sbtest1_pkey on sbtest1  (cost=0.43..368.15 rows=93 width=125)
	  Index Cond: ((id >= 3972409) AND (id <= 3972509))

table 2 : explain SELECT id, c FROM sbtest2 WHERE id BETWEEN 3972409 AND 3972509
	Index Scan using sbtest2_pkey on sbtest2  (cost=0.43..379.72 rows=96 width=125)
	  Index Cond: ((id >= 3972409) AND (id <= 3972509))

table 3 : explain SELECT id, c FROM sbtest3 WHERE id BETWEEN 3972409 AND 3972509
	Index Scan using sbtest3_pkey on sbtest3  (cost=0.43..392.36 rows=99 width=125)
	  Index Cond: ((id >= 3972409) AND (id <= 3972509))

table 4 : explain SELECT id, c FROM sbtest4 WHERE id BETWEEN 3972409 AND 3972509
	Index Scan using sbtest4_pkey on sbtest4  (cost=0.43..439.73 rows=111 width=125)
	  Index Cond: ((id >= 3972409) AND (id <= 3972509))

table 5 : explain SELECT id, c FROM sbtest5 WHERE id BETWEEN 3972409 AND 3972509
	Index Scan using sbtest5_pkey on sbtest5  (cost=0.43..416.44 rows=105 width=125)
	  Index Cond: ((id >= 3972409) AND (id <= 3972509))

table 6 : explain SELECT id, c FROM sbtest6 WHERE id BETWEEN 3972409 AND 3972509
	Index Scan using sbtest6_pkey on sbtest6  (cost=0.43..404.25 rows=102 width=125)
	  Index Cond: ((id >= 3972409) AND (id <= 3972509))

table 7 : explain SELECT id, c FROM sbtest7 WHERE id BETWEEN 3972409 AND 3972509
	Index Scan using sbtest7_pkey on sbtest7  (cost=0.43..392.30 rows=99 width=125)
	  Index Cond: ((id >= 3972409) AND (id <= 3972509))

table 8 : explain SELECT id, c FROM sbtest8 WHERE id BETWEEN 3972409 AND 3972509
	Index Scan using sbtest8_pkey on sbtest8  (cost=0.43..447.84 rows=113 width=125)
	  Index Cond: ((id >= 3972409) AND (id <= 3972509))

for range-notcovered
table 1 : explain SELECT id, c FROM sbtest1 WHERE id BETWEEN 7413611 AND 7413711
	Index Scan using sbtest1_pkey on sbtest1  (cost=0.43..387.72 rows=98 width=125)
	  Index Cond: ((id >= 7413611) AND (id <= 7413711))

table 2 : explain SELECT id, c FROM sbtest2 WHERE id BETWEEN 7413611 AND 7413711
	Index Scan using sbtest2_pkey on sbtest2  (cost=0.43..364.09 rows=92 width=125)
	  Index Cond: ((id >= 7413611) AND (id <= 7413711))

table 3 : explain SELECT id, c FROM sbtest3 WHERE id BETWEEN 7413611 AND 7413711
	Index Scan using sbtest3_pkey on sbtest3  (cost=0.43..361.00 rows=91 width=125)
	  Index Cond: ((id >= 7413611) AND (id <= 7413711))

table 4 : explain SELECT id, c FROM sbtest4 WHERE id BETWEEN 7413611 AND 7413711
	Index Scan using sbtest4_pkey on sbtest4  (cost=0.43..369.17 rows=93 width=125)
	  Index Cond: ((id >= 7413611) AND (id <= 7413711))

table 5 : explain SELECT id, c FROM sbtest5 WHERE id BETWEEN 7413611 AND 7413711
	Index Scan using sbtest5_pkey on sbtest5  (cost=0.43..381.14 rows=96 width=125)
	  Index Cond: ((id >= 7413611) AND (id <= 7413711))

table 6 : explain SELECT id, c FROM sbtest6 WHERE id BETWEEN 7413611 AND 7413711
	Index Scan using sbtest6_pkey on sbtest6  (cost=0.43..416.00 rows=105 width=125)
	  Index Cond: ((id >= 7413611) AND (id <= 7413711))

table 7 : explain SELECT id, c FROM sbtest7 WHERE id BETWEEN 7413611 AND 7413711
	Index Scan using sbtest7_pkey on sbtest7  (cost=0.43..364.89 rows=92 width=125)
	  Index Cond: ((id >= 7413611) AND (id <= 7413711))

table 8 : explain SELECT id, c FROM sbtest8 WHERE id BETWEEN 7413611 AND 7413711
	Index Scan using sbtest8_pkey on sbtest8  (cost=0.43..361.53 rows=91 width=125)
	  Index Cond: ((id >= 7413611) AND (id <= 7413711))

explain: for range-notcovered :: explain SELECT id, c FROM sbtest%d WHERE id BETWEEN 7413611 AND 7413711
for range-notcovered
table 1 : explain SELECT id, c FROM sbtest1 WHERE id BETWEEN 5025826 AND 5025926
	Index Scan using sbtest1_pkey on sbtest1  (cost=0.43..411.17 rows=104 width=125)
	  Index Cond: ((id >= 5025826) AND (id <= 5025926))

table 2 : explain SELECT id, c FROM sbtest2 WHERE id BETWEEN 5025826 AND 5025926
	Index Scan using sbtest2_pkey on sbtest2  (cost=0.43..399.29 rows=101 width=125)
	  Index Cond: ((id >= 5025826) AND (id <= 5025926))

table 3 : explain SELECT id, c FROM sbtest3 WHERE id BETWEEN 5025826 AND 5025926
	Index Scan using sbtest3_pkey on sbtest3  (cost=0.43..400.19 rows=101 width=125)
	  Index Cond: ((id >= 5025826) AND (id <= 5025926))

table 4 : explain SELECT id, c FROM sbtest4 WHERE id BETWEEN 5025826 AND 5025926
	Index Scan using sbtest4_pkey on sbtest4  (cost=0.43..392.69 rows=99 width=125)
	  Index Cond: ((id >= 5025826) AND (id <= 5025926))

table 5 : explain SELECT id, c FROM sbtest5 WHERE id BETWEEN 5025826 AND 5025926
	Index Scan using sbtest5_pkey on sbtest5  (cost=0.43..377.21 rows=95 width=125)
	  Index Cond: ((id >= 5025826) AND (id <= 5025926))

table 6 : explain SELECT id, c FROM sbtest6 WHERE id BETWEEN 5025826 AND 5025926
	Index Scan using sbtest6_pkey on sbtest6  (cost=0.43..380.74 rows=96 width=125)
	  Index Cond: ((id >= 5025826) AND (id <= 5025926))

table 7 : explain SELECT id, c FROM sbtest7 WHERE id BETWEEN 5025826 AND 5025926
	Index Scan using sbtest7_pkey on sbtest7  (cost=0.43..396.22 rows=100 width=125)
	  Index Cond: ((id >= 5025826) AND (id <= 5025926))

table 8 : explain SELECT id, c FROM sbtest8 WHERE id BETWEEN 5025826 AND 5025926
	Index Scan using sbtest8_pkey on sbtest8  (cost=0.43..396.85 rows=100 width=125)
	  Index Cond: ((id >= 5025826) AND (id <= 5025926))

explain: for range-notcovered :: explain SELECT id, c FROM sbtest%d WHERE id BETWEEN 3972409 AND 3972509
explain: for range-notcovered :: explain SELECT id, c FROM sbtest%d WHERE id BETWEEN 5025826 AND 5025926
for range-notcovered
table 1 : explain SELECT id, c FROM sbtest1 WHERE id BETWEEN 6821981 AND 6822081
	Index Scan using sbtest1_pkey on sbtest1  (cost=0.43..415.08 rows=105 width=125)
	  Index Cond: ((id >= 6821981) AND (id <= 6822081))

table 2 : explain SELECT id, c FROM sbtest2 WHERE id BETWEEN 6821981 AND 6822081
	Index Scan using sbtest2_pkey on sbtest2  (cost=0.43..391.47 rows=99 width=125)
	  Index Cond: ((id >= 6821981) AND (id <= 6822081))

table 3 : explain SELECT id, c FROM sbtest3 WHERE id BETWEEN 6821981 AND 6822081
	Index Scan using sbtest3_pkey on sbtest3  (cost=0.43..396.28 rows=100 width=125)
	  Index Cond: ((id >= 6821981) AND (id <= 6822081))

table 4 : explain SELECT id, c FROM sbtest4 WHERE id BETWEEN 6821981 AND 6822081
	Index Scan using sbtest4_pkey on sbtest4  (cost=0.43..392.69 rows=99 width=125)
	  Index Cond: ((id >= 6821981) AND (id <= 6822081))

table 5 : explain SELECT id, c FROM sbtest5 WHERE id BETWEEN 6821981 AND 6822081
	Index Scan using sbtest5_pkey on sbtest5  (cost=0.43..396.82 rows=100 width=125)
	  Index Cond: ((id >= 6821981) AND (id <= 6822081))

table 6 : explain SELECT id, c FROM sbtest6 WHERE id BETWEEN 6821981 AND 6822081
	Index Scan using sbtest6_pkey on sbtest6  (cost=0.43..408.17 rows=103 width=125)
	  Index Cond: ((id >= 6821981) AND (id <= 6822081))

table 7 : explain SELECT id, c FROM sbtest7 WHERE id BETWEEN 6821981 AND 6822081
	Index Scan using sbtest7_pkey on sbtest7  (cost=0.43..411.88 rows=104 width=125)
	  Index Cond: ((id >= 6821981) AND (id <= 6822081))

table 8 : explain SELECT id, c FROM sbtest8 WHERE id BETWEEN 6821981 AND 6822081
	Index Scan using sbtest8_pkey on sbtest8  (cost=0.43..389.01 rows=98 width=125)
	  Index Cond: ((id >= 6821981) AND (id <= 6822081))

for range-notcovered
table 1 : explain SELECT id, c FROM sbtest1 WHERE id BETWEEN 2703459 AND 2703559
	Index Scan using sbtest1_pkey on sbtest1  (cost=0.43..391.63 rows=99 width=125)
	  Index Cond: ((id >= 2703459) AND (id <= 2703559))

table 2 : explain SELECT id, c FROM sbtest2 WHERE id BETWEEN 2703459 AND 2703559
	Index Scan using sbtest2_pkey on sbtest2  (cost=0.43..403.19 rows=102 width=125)
	  Index Cond: ((id >= 2703459) AND (id <= 2703559))

table 3 : explain SELECT id, c FROM sbtest3 WHERE id BETWEEN 2703459 AND 2703559
	Index Scan using sbtest3_pkey on sbtest3  (cost=0.43..380.61 rows=96 width=125)
	  Index Cond: ((id >= 2703459) AND (id <= 2703559))

table 4 : explain SELECT id, c FROM sbtest4 WHERE id BETWEEN 2703459 AND 2703559
	Index Scan using sbtest4_pkey on sbtest4  (cost=0.43..384.85 rows=97 width=125)
	  Index Cond: ((id >= 2703459) AND (id <= 2703559))

table 5 : explain SELECT id, c FROM sbtest5 WHERE id BETWEEN 2703459 AND 2703559
	Index Scan using sbtest5_pkey on sbtest5  (cost=0.43..353.66 rows=89 width=125)
	  Index Cond: ((id >= 2703459) AND (id <= 2703559))

table 6 : explain SELECT id, c FROM sbtest6 WHERE id BETWEEN 2703459 AND 2703559
	Index Scan using sbtest6_pkey on sbtest6  (cost=0.43..435.59 rows=110 width=125)
	  Index Cond: ((id >= 2703459) AND (id <= 2703559))

table 7 : explain SELECT id, c FROM sbtest7 WHERE id BETWEEN 2703459 AND 2703559
	Index Scan using sbtest7_pkey on sbtest7  (cost=0.43..368.81 rows=93 width=125)
	  Index Cond: ((id >= 2703459) AND (id <= 2703559))

table 8 : explain SELECT id, c FROM sbtest8 WHERE id BETWEEN 2703459 AND 2703559
	Index Scan using sbtest8_pkey on sbtest8  (cost=0.43..400.77 rows=101 width=125)
	  Index Cond: ((id >= 2703459) AND (id <= 2703559))

explain: for range-notcovered :: explain SELECT id, c FROM sbtest%d WHERE id BETWEEN 2703459 AND 2703559
for range-notcovered
table 1 : explain SELECT id, c FROM sbtest1 WHERE id BETWEEN 6800516 AND 6800616
	Index Scan using sbtest1_pkey on sbtest1  (cost=0.43..415.08 rows=105 width=125)
	  Index Cond: ((id >= 6800516) AND (id <= 6800616))

table 2 : explain SELECT id, c FROM sbtest2 WHERE id BETWEEN 6800516 AND 6800616
	Index Scan using sbtest2_pkey on sbtest2  (cost=0.43..391.47 rows=99 width=125)
	  Index Cond: ((id >= 6800516) AND (id <= 6800616))

table 3 : explain SELECT id, c FROM sbtest3 WHERE id BETWEEN 6800516 AND 6800616
	Index Scan using sbtest3_pkey on sbtest3  (cost=0.43..396.28 rows=100 width=125)
	  Index Cond: ((id >= 6800516) AND (id <= 6800616))

table 4 : explain SELECT id, c FROM sbtest4 WHERE id BETWEEN 6800516 AND 6800616
	Index Scan using sbtest4_pkey on sbtest4  (cost=0.43..396.61 rows=100 width=125)
	  Index Cond: ((id >= 6800516) AND (id <= 6800616))

table 5 : explain SELECT id, c FROM sbtest5 WHERE id BETWEEN 6800516 AND 6800616
	Index Scan using sbtest5_pkey on sbtest5  (cost=0.43..377.21 rows=95 width=125)
	  Index Cond: ((id >= 6800516) AND (id <= 6800616))

table 6 : explain SELECT id, c FROM sbtest6 WHERE id BETWEEN 6800516 AND 6800616
	Index Scan using sbtest6_pkey on sbtest6  (cost=0.43..408.17 rows=103 width=125)
	  Index Cond: ((id >= 6800516) AND (id <= 6800616))

table 7 : explain SELECT id, c FROM sbtest7 WHERE id BETWEEN 6800516 AND 6800616
	Index Scan using sbtest7_pkey on sbtest7  (cost=0.43..411.88 rows=104 width=125)
	  Index Cond: ((id >= 6800516) AND (id <= 6800616))

table 8 : explain SELECT id, c FROM sbtest8 WHERE id BETWEEN 6800516 AND 6800616
	Index Scan using sbtest8_pkey on sbtest8  (cost=0.43..389.01 rows=98 width=125)
	  Index Cond: ((id >= 6800516) AND (id <= 6800616))

for range-notcovered
table 1 : explain SELECT id, c FROM sbtest1 WHERE id BETWEEN 5972354 AND 5972454
	Index Scan using sbtest1_pkey on sbtest1  (cost=0.43..477.63 rows=121 width=125)
	  Index Cond: ((id >= 5972354) AND (id <= 5972454))

table 2 : explain SELECT id, c FROM sbtest2 WHERE id BETWEEN 5972354 AND 5972454
	Index Scan using sbtest2_pkey on sbtest2  (cost=0.43..395.38 rows=100 width=125)
	  Index Cond: ((id >= 5972354) AND (id <= 5972454))

table 3 : explain SELECT id, c FROM sbtest3 WHERE id BETWEEN 5972354 AND 5972454
	Index Scan using sbtest3_pkey on sbtest3  (cost=0.43..396.28 rows=100 width=125)
	  Index Cond: ((id >= 5972354) AND (id <= 5972454))

table 4 : explain SELECT id, c FROM sbtest4 WHERE id BETWEEN 5972354 AND 5972454
	Index Scan using sbtest4_pkey on sbtest4  (cost=0.43..373.09 rows=94 width=125)
	  Index Cond: ((id >= 5972354) AND (id <= 5972454))

table 5 : explain SELECT id, c FROM sbtest5 WHERE id BETWEEN 5972354 AND 5972454
	Index Scan using sbtest5_pkey on sbtest5  (cost=0.43..381.14 rows=96 width=125)
	  Index Cond: ((id >= 5972354) AND (id <= 5972454))

table 6 : explain SELECT id, c FROM sbtest6 WHERE id BETWEEN 5972354 AND 5972454
	Index Scan using sbtest6_pkey on sbtest6  (cost=0.43..388.58 rows=98 width=125)
	  Index Cond: ((id >= 5972354) AND (id <= 5972454))

table 7 : explain SELECT id, c FROM sbtest7 WHERE id BETWEEN 5972354 AND 5972454
	Index Scan using sbtest7_pkey on sbtest7  (cost=0.43..435.38 rows=110 width=125)
	  Index Cond: ((id >= 5972354) AND (id <= 5972454))

table 8 : explain SELECT id, c FROM sbtest8 WHERE id BETWEEN 5972354 AND 5972454
	Index Scan using sbtest8_pkey on sbtest8  (cost=0.43..396.85 rows=100 width=125)
	  Index Cond: ((id >= 5972354) AND (id <= 5972454))

explain: for range-notcovered :: explain SELECT id, c FROM sbtest%d WHERE id BETWEEN 6800516 AND 6800616
for range-notcovered
table 1 : explain SELECT id, c FROM sbtest1 WHERE id BETWEEN 7413611 AND 7413711
	Index Scan using sbtest1_pkey on sbtest1  (cost=0.43..387.72 rows=98 width=125)
	  Index Cond: ((id >= 7413611) AND (id <= 7413711))

table 2 : explain SELECT id, c FROM sbtest2 WHERE id BETWEEN 7413611 AND 7413711
	Index Scan using sbtest2_pkey on sbtest2  (cost=0.43..364.09 rows=92 width=125)
	  Index Cond: ((id >= 7413611) AND (id <= 7413711))

table 3 : explain SELECT id, c FROM sbtest3 WHERE id BETWEEN 7413611 AND 7413711
	Index Scan using sbtest3_pkey on sbtest3  (cost=0.43..361.00 rows=91 width=125)
	  Index Cond: ((id >= 7413611) AND (id <= 7413711))

table 4 : explain SELECT id, c FROM sbtest4 WHERE id BETWEEN 7413611 AND 7413711
	Index Scan using sbtest4_pkey on sbtest4  (cost=0.43..369.17 rows=93 width=125)
	  Index Cond: ((id >= 7413611) AND (id <= 7413711))

table 5 : explain SELECT id, c FROM sbtest5 WHERE id BETWEEN 7413611 AND 7413711
	Index Scan using sbtest5_pkey on sbtest5  (cost=0.43..381.14 rows=96 width=125)
	  Index Cond: ((id >= 7413611) AND (id <= 7413711))

table 6 : explain SELECT id, c FROM sbtest6 WHERE id BETWEEN 7413611 AND 7413711
	Index Scan using sbtest6_pkey on sbtest6  (cost=0.43..416.00 rows=105 width=125)
	  Index Cond: ((id >= 7413611) AND (id <= 7413711))

table 7 : explain SELECT id, c FROM sbtest7 WHERE id BETWEEN 7413611 AND 7413711
	Index Scan using sbtest7_pkey on sbtest7  (cost=0.43..364.89 rows=92 width=125)
	  Index Cond: ((id >= 7413611) AND (id <= 7413711))

table 8 : explain SELECT id, c FROM sbtest8 WHERE id BETWEEN 7413611 AND 7413711
	Index Scan using sbtest8_pkey on sbtest8  (cost=0.43..361.53 rows=91 width=125)
	  Index Cond: ((id >= 7413611) AND (id <= 7413711))

explain: for range-notcovered :: explain SELECT id, c FROM sbtest%d WHERE id BETWEEN 5972354 AND 5972454
for range-notcovered
table 1 : explain SELECT id, c FROM sbtest1 WHERE id BETWEEN 8910349 AND 8910449
	Index Scan using sbtest1_pkey on sbtest1  (cost=0.43..395.54 rows=100 width=125)
	  Index Cond: ((id >= 8910349) AND (id <= 8910449))

table 2 : explain SELECT id, c FROM sbtest2 WHERE id BETWEEN 8910349 AND 8910449
	Index Scan using sbtest2_pkey on sbtest2  (cost=0.43..407.10 rows=103 width=125)
	  Index Cond: ((id >= 8910349) AND (id <= 8910449))

table 3 : explain SELECT id, c FROM sbtest3 WHERE id BETWEEN 8910349 AND 8910449
	Index Scan using sbtest3_pkey on sbtest3  (cost=0.43..431.53 rows=109 width=125)
	  Index Cond: ((id >= 8910349) AND (id <= 8910449))

table 4 : explain SELECT id, c FROM sbtest4 WHERE id BETWEEN 8910349 AND 8910449
	Index Scan using sbtest4_pkey on sbtest4  (cost=0.43..400.53 rows=101 width=125)
	  Index Cond: ((id >= 8910349) AND (id <= 8910449))

table 5 : explain SELECT id, c FROM sbtest5 WHERE id BETWEEN 8910349 AND 8910449
	Index Scan using sbtest5_pkey on sbtest5  (cost=0.43..381.14 rows=96 width=125)
	  Index Cond: ((id >= 8910349) AND (id <= 8910449))

table 6 : explain SELECT id, c FROM sbtest6 WHERE id BETWEEN 8910349 AND 8910449
	Index Scan using sbtest6_pkey on sbtest6  (cost=0.43..400.33 rows=101 width=125)
	  Index Cond: ((id >= 8910349) AND (id <= 8910449))

table 7 : explain SELECT id, c FROM sbtest7 WHERE id BETWEEN 8910349 AND 8910449
	Index Scan using sbtest7_pkey on sbtest7  (cost=0.43..415.80 rows=105 width=125)
	  Index Cond: ((id >= 8910349) AND (id <= 8910449))

table 8 : explain SELECT id, c FROM sbtest8 WHERE id BETWEEN 8910349 AND 8910449
	Index Scan using sbtest8_pkey on sbtest8  (cost=0.43..392.93 rows=99 width=125)
	  Index Cond: ((id >= 8910349) AND (id <= 8910449))

for range-notcovered
table 1 : explain SELECT id, c FROM sbtest1 WHERE id BETWEEN 5025826 AND 5025926
	Index Scan using sbtest1_pkey on sbtest1  (cost=0.43..411.17 rows=104 width=125)
	  Index Cond: ((id >= 5025826) AND (id <= 5025926))

table 2 : explain SELECT id, c FROM sbtest2 WHERE id BETWEEN 5025826 AND 5025926
	Index Scan using sbtest2_pkey on sbtest2  (cost=0.43..399.29 rows=101 width=125)
	  Index Cond: ((id >= 5025826) AND (id <= 5025926))

table 3 : explain SELECT id, c FROM sbtest3 WHERE id BETWEEN 5025826 AND 5025926
	Index Scan using sbtest3_pkey on sbtest3  (cost=0.43..400.19 rows=101 width=125)
	  Index Cond: ((id >= 5025826) AND (id <= 5025926))

table 4 : explain SELECT id, c FROM sbtest4 WHERE id BETWEEN 5025826 AND 5025926
	Index Scan using sbtest4_pkey on sbtest4  (cost=0.43..392.69 rows=99 width=125)
	  Index Cond: ((id >= 5025826) AND (id <= 5025926))

table 5 : explain SELECT id, c FROM sbtest5 WHERE id BETWEEN 5025826 AND 5025926
	Index Scan using sbtest5_pkey on sbtest5  (cost=0.43..377.21 rows=95 width=125)
	  Index Cond: ((id >= 5025826) AND (id <= 5025926))

table 6 : explain SELECT id, c FROM sbtest6 WHERE id BETWEEN 5025826 AND 5025926
	Index Scan using sbtest6_pkey on sbtest6  (cost=0.43..380.74 rows=96 width=125)
	  Index Cond: ((id >= 5025826) AND (id <= 5025926))

table 7 : explain SELECT id, c FROM sbtest7 WHERE id BETWEEN 5025826 AND 5025926
	Index Scan using sbtest7_pkey on sbtest7  (cost=0.43..396.22 rows=100 width=125)
	  Index Cond: ((id >= 5025826) AND (id <= 5025926))

table 8 : explain SELECT id, c FROM sbtest8 WHERE id BETWEEN 5025826 AND 5025926
	Index Scan using sbtest8_pkey on sbtest8  (cost=0.43..396.85 rows=100 width=125)
	  Index Cond: ((id >= 5025826) AND (id <= 5025926))

explain: for range-notcovered :: explain SELECT id, c FROM sbtest%d WHERE id BETWEEN 7413611 AND 7413711
for range-notcovered
table 1 : explain SELECT id, c FROM sbtest1 WHERE id BETWEEN 3972409 AND 3972509
	Index Scan using sbtest1_pkey on sbtest1  (cost=0.43..368.15 rows=93 width=125)
	  Index Cond: ((id >= 3972409) AND (id <= 3972509))

table 2 : explain SELECT id, c FROM sbtest2 WHERE id BETWEEN 3972409 AND 3972509
	Index Scan using sbtest2_pkey on sbtest2  (cost=0.43..379.72 rows=96 width=125)
	  Index Cond: ((id >= 3972409) AND (id <= 3972509))

table 3 : explain SELECT id, c FROM sbtest3 WHERE id BETWEEN 3972409 AND 3972509
	Index Scan using sbtest3_pkey on sbtest3  (cost=0.43..392.36 rows=99 width=125)
	  Index Cond: ((id >= 3972409) AND (id <= 3972509))

table 4 : explain SELECT id, c FROM sbtest4 WHERE id BETWEEN 3972409 AND 3972509
	Index Scan using sbtest4_pkey on sbtest4  (cost=0.43..439.73 rows=111 width=125)
	  Index Cond: ((id >= 3972409) AND (id <= 3972509))

table 5 : explain SELECT id, c FROM sbtest5 WHERE id BETWEEN 3972409 AND 3972509
	Index Scan using sbtest5_pkey on sbtest5  (cost=0.43..416.44 rows=105 width=125)
	  Index Cond: ((id >= 3972409) AND (id <= 3972509))

table 6 : explain SELECT id, c FROM sbtest6 WHERE id BETWEEN 3972409 AND 3972509
	Index Scan using sbtest6_pkey on sbtest6  (cost=0.43..404.25 rows=102 width=125)
	  Index Cond: ((id >= 3972409) AND (id <= 3972509))

table 7 : explain SELECT id, c FROM sbtest7 WHERE id BETWEEN 3972409 AND 3972509
	Index Scan using sbtest7_pkey on sbtest7  (cost=0.43..392.30 rows=99 width=125)
	  Index Cond: ((id >= 3972409) AND (id <= 3972509))

table 8 : explain SELECT id, c FROM sbtest8 WHERE id BETWEEN 3972409 AND 3972509
	Index Scan using sbtest8_pkey on sbtest8  (cost=0.43..447.84 rows=113 width=125)
	  Index Cond: ((id >= 3972409) AND (id <= 3972509))

explain: for range-notcovered :: explain SELECT id, c FROM sbtest%d WHERE id BETWEEN 5025826 AND 5025926
explain: for range-notcovered :: explain SELECT id, c FROM sbtest%d WHERE id BETWEEN 8910349 AND 8910449
explain: for range-notcovered :: explain SELECT id, c FROM sbtest%d WHERE id BETWEEN 8851659 AND 8851759
for range-notcovered
table 1 : explain SELECT id, c FROM sbtest1 WHERE id BETWEEN 2703459 AND 2703559
	Index Scan using sbtest1_pkey on sbtest1  (cost=0.43..391.63 rows=99 width=125)
	  Index Cond: ((id >= 2703459) AND (id <= 2703559))

table 2 : explain SELECT id, c FROM sbtest2 WHERE id BETWEEN 2703459 AND 2703559
	Index Scan using sbtest2_pkey on sbtest2  (cost=0.43..403.19 rows=102 width=125)
	  Index Cond: ((id >= 2703459) AND (id <= 2703559))

table 3 : explain SELECT id, c FROM sbtest3 WHERE id BETWEEN 2703459 AND 2703559
	Index Scan using sbtest3_pkey on sbtest3  (cost=0.43..380.61 rows=96 width=125)
	  Index Cond: ((id >= 2703459) AND (id <= 2703559))

table 4 : explain SELECT id, c FROM sbtest4 WHERE id BETWEEN 2703459 AND 2703559
	Index Scan using sbtest4_pkey on sbtest4  (cost=0.43..384.85 rows=97 width=125)
	  Index Cond: ((id >= 2703459) AND (id <= 2703559))

table 5 : explain SELECT id, c FROM sbtest5 WHERE id BETWEEN 2703459 AND 2703559
	Index Scan using sbtest5_pkey on sbtest5  (cost=0.43..353.66 rows=89 width=125)
	  Index Cond: ((id >= 2703459) AND (id <= 2703559))

table 6 : explain SELECT id, c FROM sbtest6 WHERE id BETWEEN 2703459 AND 2703559
	Index Scan using sbtest6_pkey on sbtest6  (cost=0.43..435.59 rows=110 width=125)
	  Index Cond: ((id >= 2703459) AND (id <= 2703559))

table 7 : explain SELECT id, c FROM sbtest7 WHERE id BETWEEN 2703459 AND 2703559
	Index Scan using sbtest7_pkey on sbtest7  (cost=0.43..368.81 rows=93 width=125)
	  Index Cond: ((id >= 2703459) AND (id <= 2703559))

table 8 : explain SELECT id, c FROM sbtest8 WHERE id BETWEEN 2703459 AND 2703559
	Index Scan using sbtest8_pkey on sbtest8  (cost=0.43..400.77 rows=101 width=125)
	  Index Cond: ((id >= 2703459) AND (id <= 2703559))

for range-notcovered
table 1 : explain SELECT id, c FROM sbtest1 WHERE id BETWEEN 7413611 AND 7413711
	Index Scan using sbtest1_pkey on sbtest1  (cost=0.43..387.72 rows=98 width=125)
	  Index Cond: ((id >= 7413611) AND (id <= 7413711))

table 2 : explain SELECT id, c FROM sbtest2 WHERE id BETWEEN 7413611 AND 7413711
	Index Scan using sbtest2_pkey on sbtest2  (cost=0.43..364.09 rows=92 width=125)
	  Index Cond: ((id >= 7413611) AND (id <= 7413711))

table 3 : explain SELECT id, c FROM sbtest3 WHERE id BETWEEN 7413611 AND 7413711
	Index Scan using sbtest3_pkey on sbtest3  (cost=0.43..361.00 rows=91 width=125)
	  Index Cond: ((id >= 7413611) AND (id <= 7413711))

table 4 : explain SELECT id, c FROM sbtest4 WHERE id BETWEEN 7413611 AND 7413711
	Index Scan using sbtest4_pkey on sbtest4  (cost=0.43..369.17 rows=93 width=125)
	  Index Cond: ((id >= 7413611) AND (id <= 7413711))

table 5 : explain SELECT id, c FROM sbtest5 WHERE id BETWEEN 7413611 AND 7413711
	Index Scan using sbtest5_pkey on sbtest5  (cost=0.43..381.14 rows=96 width=125)
	  Index Cond: ((id >= 7413611) AND (id <= 7413711))

table 6 : explain SELECT id, c FROM sbtest6 WHERE id BETWEEN 7413611 AND 7413711
	Index Scan using sbtest6_pkey on sbtest6  (cost=0.43..416.00 rows=105 width=125)
	  Index Cond: ((id >= 7413611) AND (id <= 7413711))

table 7 : explain SELECT id, c FROM sbtest7 WHERE id BETWEEN 7413611 AND 7413711
	Index Scan using sbtest7_pkey on sbtest7  (cost=0.43..364.89 rows=92 width=125)
	  Index Cond: ((id >= 7413611) AND (id <= 7413711))

table 8 : explain SELECT id, c FROM sbtest8 WHERE id BETWEEN 7413611 AND 7413711
	Index Scan using sbtest8_pkey on sbtest8  (cost=0.43..361.53 rows=91 width=125)
	  Index Cond: ((id >= 7413611) AND (id <= 7413711))

explain: for range-notcovered :: explain SELECT id, c FROM sbtest%d WHERE id BETWEEN 7413611 AND 7413711
for range-notcovered
table 1 : explain SELECT id, c FROM sbtest1 WHERE id BETWEEN 5530356 AND 5530456
	Index Scan using sbtest1_pkey on sbtest1  (cost=0.43..411.17 rows=104 width=125)
	  Index Cond: ((id >= 5530356) AND (id <= 5530456))

table 2 : explain SELECT id, c FROM sbtest2 WHERE id BETWEEN 5530356 AND 5530456
	Index Scan using sbtest2_pkey on sbtest2  (cost=0.43..422.73 rows=107 width=125)
	  Index Cond: ((id >= 5530356) AND (id <= 5530456))

table 3 : explain SELECT id, c FROM sbtest3 WHERE id BETWEEN 5530356 AND 5530456
	Index Scan using sbtest3_pkey on sbtest3  (cost=0.43..411.94 rows=104 width=125)
	  Index Cond: ((id >= 5530356) AND (id <= 5530456))

table 4 : explain SELECT id, c FROM sbtest4 WHERE id BETWEEN 5530356 AND 5530456
	Index Scan using sbtest4_pkey on sbtest4  (cost=0.43..412.29 rows=104 width=125)
	  Index Cond: ((id >= 5530356) AND (id <= 5530456))

table 5 : explain SELECT id, c FROM sbtest5 WHERE id BETWEEN 5530356 AND 5530456
	Index Scan using sbtest5_pkey on sbtest5  (cost=0.43..385.06 rows=97 width=125)
	  Index Cond: ((id >= 5530356) AND (id <= 5530456))

table 6 : explain SELECT id, c FROM sbtest6 WHERE id BETWEEN 5530356 AND 5530456
	Index Scan using sbtest6_pkey on sbtest6  (cost=0.43..408.17 rows=103 width=125)
	  Index Cond: ((id >= 5530356) AND (id <= 5530456))

table 7 : explain SELECT id, c FROM sbtest7 WHERE id BETWEEN 5530356 AND 5530456
	Index Scan using sbtest7_pkey on sbtest7  (cost=0.43..411.88 rows=104 width=125)
	  Index Cond: ((id >= 5530356) AND (id <= 5530456))

table 8 : explain SELECT id, c FROM sbtest8 WHERE id BETWEEN 5530356 AND 5530456
	Index Scan using sbtest8_pkey on sbtest8  (cost=0.43..404.70 rows=102 width=125)
	  Index Cond: ((id >= 5530356) AND (id <= 5530456))

explain: for range-notcovered :: explain SELECT id, c FROM sbtest%d WHERE id BETWEEN 5530356 AND 5530456
for range-notcovered
table 1 : explain SELECT id, c FROM sbtest1 WHERE id BETWEEN 8910349 AND 8910449
	Index Scan using sbtest1_pkey on sbtest1  (cost=0.43..395.54 rows=100 width=125)
	  Index Cond: ((id >= 8910349) AND (id <= 8910449))

table 2 : explain SELECT id, c FROM sbtest2 WHERE id BETWEEN 8910349 AND 8910449
	Index Scan using sbtest2_pkey on sbtest2  (cost=0.43..407.10 rows=103 width=125)
	  Index Cond: ((id >= 8910349) AND (id <= 8910449))

table 3 : explain SELECT id, c FROM sbtest3 WHERE id BETWEEN 8910349 AND 8910449
	Index Scan using sbtest3_pkey on sbtest3  (cost=0.43..431.53 rows=109 width=125)
	  Index Cond: ((id >= 8910349) AND (id <= 8910449))

table 4 : explain SELECT id, c FROM sbtest4 WHERE id BETWEEN 8910349 AND 8910449
	Index Scan using sbtest4_pkey on sbtest4  (cost=0.43..400.53 rows=101 width=125)
	  Index Cond: ((id >= 8910349) AND (id <= 8910449))

table 5 : explain SELECT id, c FROM sbtest5 WHERE id BETWEEN 8910349 AND 8910449
	Index Scan using sbtest5_pkey on sbtest5  (cost=0.43..381.14 rows=96 width=125)
	  Index Cond: ((id >= 8910349) AND (id <= 8910449))

table 6 : explain SELECT id, c FROM sbtest6 WHERE id BETWEEN 8910349 AND 8910449
	Index Scan using sbtest6_pkey on sbtest6  (cost=0.43..400.33 rows=101 width=125)
	  Index Cond: ((id >= 8910349) AND (id <= 8910449))

table 7 : explain SELECT id, c FROM sbtest7 WHERE id BETWEEN 8910349 AND 8910449
	Index Scan using sbtest7_pkey on sbtest7  (cost=0.43..415.80 rows=105 width=125)
	  Index Cond: ((id >= 8910349) AND (id <= 8910449))

table 8 : explain SELECT id, c FROM sbtest8 WHERE id BETWEEN 8910349 AND 8910449
	Index Scan using sbtest8_pkey on sbtest8  (cost=0.43..392.93 rows=99 width=125)
	  Index Cond: ((id >= 8910349) AND (id <= 8910449))

for range-notcovered
table 1 : explain SELECT id, c FROM sbtest1 WHERE id BETWEEN 6800516 AND 6800616
	Index Scan using sbtest1_pkey on sbtest1  (cost=0.43..415.08 rows=105 width=125)
	  Index Cond: ((id >= 6800516) AND (id <= 6800616))

table 2 : explain SELECT id, c FROM sbtest2 WHERE id BETWEEN 6800516 AND 6800616
	Index Scan using sbtest2_pkey on sbtest2  (cost=0.43..391.47 rows=99 width=125)
	  Index Cond: ((id >= 6800516) AND (id <= 6800616))

table 3 : explain SELECT id, c FROM sbtest3 WHERE id BETWEEN 6800516 AND 6800616
	Index Scan using sbtest3_pkey on sbtest3  (cost=0.43..396.28 rows=100 width=125)
	  Index Cond: ((id >= 6800516) AND (id <= 6800616))

table 4 : explain SELECT id, c FROM sbtest4 WHERE id BETWEEN 6800516 AND 6800616
	Index Scan using sbtest4_pkey on sbtest4  (cost=0.43..396.61 rows=100 width=125)
	  Index Cond: ((id >= 6800516) AND (id <= 6800616))

table 5 : explain SELECT id, c FROM sbtest5 WHERE id BETWEEN 6800516 AND 6800616
	Index Scan using sbtest5_pkey on sbtest5  (cost=0.43..377.21 rows=95 width=125)
	  Index Cond: ((id >= 6800516) AND (id <= 6800616))

table 6 : explain SELECT id, c FROM sbtest6 WHERE id BETWEEN 6800516 AND 6800616
	Index Scan using sbtest6_pkey on sbtest6  (cost=0.43..408.17 rows=103 width=125)
	  Index Cond: ((id >= 6800516) AND (id <= 6800616))

table 7 : explain SELECT id, c FROM sbtest7 WHERE id BETWEEN 6800516 AND 6800616
	Index Scan using sbtest7_pkey on sbtest7  (cost=0.43..411.88 rows=104 width=125)
	  Index Cond: ((id >= 6800516) AND (id <= 6800616))

table 8 : explain SELECT id, c FROM sbtest8 WHERE id BETWEEN 6800516 AND 6800616
	Index Scan using sbtest8_pkey on sbtest8  (cost=0.43..389.01 rows=98 width=125)
	  Index Cond: ((id >= 6800516) AND (id <= 6800616))

for range-notcovered
table 1 : explain SELECT id, c FROM sbtest1 WHERE id BETWEEN 5972354 AND 5972454
	Index Scan using sbtest1_pkey on sbtest1  (cost=0.43..477.63 rows=121 width=125)
	  Index Cond: ((id >= 5972354) AND (id <= 5972454))

table 2 : explain SELECT id, c FROM sbtest2 WHERE id BETWEEN 5972354 AND 5972454
	Index Scan using sbtest2_pkey on sbtest2  (cost=0.43..395.38 rows=100 width=125)
	  Index Cond: ((id >= 5972354) AND (id <= 5972454))

table 3 : explain SELECT id, c FROM sbtest3 WHERE id BETWEEN 5972354 AND 5972454
	Index Scan using sbtest3_pkey on sbtest3  (cost=0.43..396.28 rows=100 width=125)
	  Index Cond: ((id >= 5972354) AND (id <= 5972454))

table 4 : explain SELECT id, c FROM sbtest4 WHERE id BETWEEN 5972354 AND 5972454
	Index Scan using sbtest4_pkey on sbtest4  (cost=0.43..373.09 rows=94 width=125)
	  Index Cond: ((id >= 5972354) AND (id <= 5972454))

table 5 : explain SELECT id, c FROM sbtest5 WHERE id BETWEEN 5972354 AND 5972454
	Index Scan using sbtest5_pkey on sbtest5  (cost=0.43..381.14 rows=96 width=125)
	  Index Cond: ((id >= 5972354) AND (id <= 5972454))

table 6 : explain SELECT id, c FROM sbtest6 WHERE id BETWEEN 5972354 AND 5972454
	Index Scan using sbtest6_pkey on sbtest6  (cost=0.43..388.58 rows=98 width=125)
	  Index Cond: ((id >= 5972354) AND (id <= 5972454))

table 7 : explain SELECT id, c FROM sbtest7 WHERE id BETWEEN 5972354 AND 5972454
	Index Scan using sbtest7_pkey on sbtest7  (cost=0.43..435.38 rows=110 width=125)
	  Index Cond: ((id >= 5972354) AND (id <= 5972454))

table 8 : explain SELECT id, c FROM sbtest8 WHERE id BETWEEN 5972354 AND 5972454
	Index Scan using sbtest8_pkey on sbtest8  (cost=0.43..396.85 rows=100 width=125)
	  Index Cond: ((id >= 5972354) AND (id <= 5972454))

explain: for range-notcovered :: explain SELECT id, c FROM sbtest%d WHERE id BETWEEN 8910349 AND 8910449
explain: for range-notcovered :: explain SELECT id, c FROM sbtest%d WHERE id BETWEEN 6800516 AND 6800616
explain: for range-notcovered :: explain SELECT id, c FROM sbtest%d WHERE id BETWEEN 5972354 AND 5972454
explain: for range-notcovered :: explain SELECT id, c FROM sbtest%d WHERE id BETWEEN 3213191 AND 3213291
for range-notcovered
table 1 : explain SELECT id, c FROM sbtest1 WHERE id BETWEEN 7413611 AND 7413711
	Index Scan using sbtest1_pkey on sbtest1  (cost=0.43..387.72 rows=98 width=125)
	  Index Cond: ((id >= 7413611) AND (id <= 7413711))

table 2 : explain SELECT id, c FROM sbtest2 WHERE id BETWEEN 7413611 AND 7413711
	Index Scan using sbtest2_pkey on sbtest2  (cost=0.43..364.09 rows=92 width=125)
	  Index Cond: ((id >= 7413611) AND (id <= 7413711))

table 3 : explain SELECT id, c FROM sbtest3 WHERE id BETWEEN 7413611 AND 7413711
	Index Scan using sbtest3_pkey on sbtest3  (cost=0.43..361.00 rows=91 width=125)
	  Index Cond: ((id >= 7413611) AND (id <= 7413711))

table 4 : explain SELECT id, c FROM sbtest4 WHERE id BETWEEN 7413611 AND 7413711
	Index Scan using sbtest4_pkey on sbtest4  (cost=0.43..369.17 rows=93 width=125)
	  Index Cond: ((id >= 7413611) AND (id <= 7413711))

table 5 : explain SELECT id, c FROM sbtest5 WHERE id BETWEEN 7413611 AND 7413711
	Index Scan using sbtest5_pkey on sbtest5  (cost=0.43..381.14 rows=96 width=125)
	  Index Cond: ((id >= 7413611) AND (id <= 7413711))

table 6 : explain SELECT id, c FROM sbtest6 WHERE id BETWEEN 7413611 AND 7413711
	Index Scan using sbtest6_pkey on sbtest6  (cost=0.43..416.00 rows=105 width=125)
	  Index Cond: ((id >= 7413611) AND (id <= 7413711))

table 7 : explain SELECT id, c FROM sbtest7 WHERE id BETWEEN 7413611 AND 7413711
	Index Scan using sbtest7_pkey on sbtest7  (cost=0.43..364.89 rows=92 width=125)
	  Index Cond: ((id >= 7413611) AND (id <= 7413711))

table 8 : explain SELECT id, c FROM sbtest8 WHERE id BETWEEN 7413611 AND 7413711
	Index Scan using sbtest8_pkey on sbtest8  (cost=0.43..361.53 rows=91 width=125)
	  Index Cond: ((id >= 7413611) AND (id <= 7413711))

explain: for range-notcovered :: explain SELECT id, c FROM sbtest%d WHERE id BETWEEN 1103334 AND 1103434
explain: for range-notcovered :: explain SELECT id, c FROM sbtest%d WHERE id BETWEEN 7413611 AND 7413711
for range-notcovered
table 1 : explain SELECT id, c FROM sbtest1 WHERE id BETWEEN 5530356 AND 5530456
	Index Scan using sbtest1_pkey on sbtest1  (cost=0.43..411.17 rows=104 width=125)
	  Index Cond: ((id >= 5530356) AND (id <= 5530456))

table 2 : explain SELECT id, c FROM sbtest2 WHERE id BETWEEN 5530356 AND 5530456
	Index Scan using sbtest2_pkey on sbtest2  (cost=0.43..422.73 rows=107 width=125)
	  Index Cond: ((id >= 5530356) AND (id <= 5530456))

table 3 : explain SELECT id, c FROM sbtest3 WHERE id BETWEEN 5530356 AND 5530456
	Index Scan using sbtest3_pkey on sbtest3  (cost=0.43..411.94 rows=104 width=125)
	  Index Cond: ((id >= 5530356) AND (id <= 5530456))

table 4 : explain SELECT id, c FROM sbtest4 WHERE id BETWEEN 5530356 AND 5530456
	Index Scan using sbtest4_pkey on sbtest4  (cost=0.43..412.29 rows=104 width=125)
	  Index Cond: ((id >= 5530356) AND (id <= 5530456))

table 5 : explain SELECT id, c FROM sbtest5 WHERE id BETWEEN 5530356 AND 5530456
	Index Scan using sbtest5_pkey on sbtest5  (cost=0.43..385.06 rows=97 width=125)
	  Index Cond: ((id >= 5530356) AND (id <= 5530456))

table 6 : explain SELECT id, c FROM sbtest6 WHERE id BETWEEN 5530356 AND 5530456
	Index Scan using sbtest6_pkey on sbtest6  (cost=0.43..408.17 rows=103 width=125)
	  Index Cond: ((id >= 5530356) AND (id <= 5530456))

table 7 : explain SELECT id, c FROM sbtest7 WHERE id BETWEEN 5530356 AND 5530456
	Index Scan using sbtest7_pkey on sbtest7  (cost=0.43..411.88 rows=104 width=125)
	  Index Cond: ((id >= 5530356) AND (id <= 5530456))

table 8 : explain SELECT id, c FROM sbtest8 WHERE id BETWEEN 5530356 AND 5530456
	Index Scan using sbtest8_pkey on sbtest8  (cost=0.43..404.70 rows=102 width=125)
	  Index Cond: ((id >= 5530356) AND (id <= 5530456))

for range-notcovered
table 1 : explain SELECT id, c FROM sbtest1 WHERE id BETWEEN 8118516 AND 8118616
	Index Scan using sbtest1_pkey on sbtest1  (cost=0.43..434.63 rows=110 width=125)
	  Index Cond: ((id >= 8118516) AND (id <= 8118616))

table 2 : explain SELECT id, c FROM sbtest2 WHERE id BETWEEN 8118516 AND 8118616
	Index Scan using sbtest2_pkey on sbtest2  (cost=0.43..387.57 rows=98 width=125)
	  Index Cond: ((id >= 8118516) AND (id <= 8118616))

table 3 : explain SELECT id, c FROM sbtest3 WHERE id BETWEEN 8118516 AND 8118616
	Index Scan using sbtest3_pkey on sbtest3  (cost=0.43..423.69 rows=107 width=125)
	  Index Cond: ((id >= 8118516) AND (id <= 8118616))

table 4 : explain SELECT id, c FROM sbtest4 WHERE id BETWEEN 8118516 AND 8118616
	Index Scan using sbtest4_pkey on sbtest4  (cost=0.43..380.93 rows=96 width=125)
	  Index Cond: ((id >= 8118516) AND (id <= 8118616))

table 5 : explain SELECT id, c FROM sbtest5 WHERE id BETWEEN 8118516 AND 8118616
	Index Scan using sbtest5_pkey on sbtest5  (cost=0.43..377.21 rows=95 width=125)
	  Index Cond: ((id >= 8118516) AND (id <= 8118616))

table 6 : explain SELECT id, c FROM sbtest6 WHERE id BETWEEN 8118516 AND 8118616
	Index Scan using sbtest6_pkey on sbtest6  (cost=0.43..408.17 rows=103 width=125)
	  Index Cond: ((id >= 8118516) AND (id <= 8118616))

table 7 : explain SELECT id, c FROM sbtest7 WHERE id BETWEEN 8118516 AND 8118616
	Index Scan using sbtest7_pkey on sbtest7  (cost=0.43..400.13 rows=101 width=125)
	  Index Cond: ((id >= 8118516) AND (id <= 8118616))

table 8 : explain SELECT id, c FROM sbtest8 WHERE id BETWEEN 8118516 AND 8118616
	Index Scan using sbtest8_pkey on sbtest8  (cost=0.43..396.85 rows=100 width=125)
	  Index Cond: ((id >= 8118516) AND (id <= 8118616))

explain: for range-notcovered :: explain SELECT id, c FROM sbtest%d WHERE id BETWEEN 5530356 AND 5530456
explain: for range-notcovered :: explain SELECT id, c FROM sbtest%d WHERE id BETWEEN 8118516 AND 8118616
for range-notcovered
table 1 : explain SELECT id, c FROM sbtest1 WHERE id BETWEEN 8910349 AND 8910449
	Index Scan using sbtest1_pkey on sbtest1  (cost=0.43..395.54 rows=100 width=125)
	  Index Cond: ((id >= 8910349) AND (id <= 8910449))

table 2 : explain SELECT id, c FROM sbtest2 WHERE id BETWEEN 8910349 AND 8910449
	Index Scan using sbtest2_pkey on sbtest2  (cost=0.43..407.10 rows=103 width=125)
	  Index Cond: ((id >= 8910349) AND (id <= 8910449))

table 3 : explain SELECT id, c FROM sbtest3 WHERE id BETWEEN 8910349 AND 8910449
	Index Scan using sbtest3_pkey on sbtest3  (cost=0.43..431.53 rows=109 width=125)
	  Index Cond: ((id >= 8910349) AND (id <= 8910449))

table 4 : explain SELECT id, c FROM sbtest4 WHERE id BETWEEN 8910349 AND 8910449
	Index Scan using sbtest4_pkey on sbtest4  (cost=0.43..400.53 rows=101 width=125)
	  Index Cond: ((id >= 8910349) AND (id <= 8910449))

table 5 : explain SELECT id, c FROM sbtest5 WHERE id BETWEEN 8910349 AND 8910449
	Index Scan using sbtest5_pkey on sbtest5  (cost=0.43..381.14 rows=96 width=125)
	  Index Cond: ((id >= 8910349) AND (id <= 8910449))

table 6 : explain SELECT id, c FROM sbtest6 WHERE id BETWEEN 8910349 AND 8910449
	Index Scan using sbtest6_pkey on sbtest6  (cost=0.43..400.33 rows=101 width=125)
	  Index Cond: ((id >= 8910349) AND (id <= 8910449))

table 7 : explain SELECT id, c FROM sbtest7 WHERE id BETWEEN 8910349 AND 8910449
	Index Scan using sbtest7_pkey on sbtest7  (cost=0.43..415.80 rows=105 width=125)
	  Index Cond: ((id >= 8910349) AND (id <= 8910449))

table 8 : explain SELECT id, c FROM sbtest8 WHERE id BETWEEN 8910349 AND 8910449
	Index Scan using sbtest8_pkey on sbtest8  (cost=0.43..392.93 rows=99 width=125)
	  Index Cond: ((id >= 8910349) AND (id <= 8910449))

for range-notcovered
table 1 : explain SELECT id, c FROM sbtest1 WHERE id BETWEEN 7413611 AND 7413711
	Index Scan using sbtest1_pkey on sbtest1  (cost=0.43..387.72 rows=98 width=125)
	  Index Cond: ((id >= 7413611) AND (id <= 7413711))

table 2 : explain SELECT id, c FROM sbtest2 WHERE id BETWEEN 7413611 AND 7413711
	Index Scan using sbtest2_pkey on sbtest2  (cost=0.43..364.09 rows=92 width=125)
	  Index Cond: ((id >= 7413611) AND (id <= 7413711))

table 3 : explain SELECT id, c FROM sbtest3 WHERE id BETWEEN 7413611 AND 7413711
	Index Scan using sbtest3_pkey on sbtest3  (cost=0.43..361.00 rows=91 width=125)
	  Index Cond: ((id >= 7413611) AND (id <= 7413711))

table 4 : explain SELECT id, c FROM sbtest4 WHERE id BETWEEN 7413611 AND 7413711
	Index Scan using sbtest4_pkey on sbtest4  (cost=0.43..369.17 rows=93 width=125)
	  Index Cond: ((id >= 7413611) AND (id <= 7413711))

table 5 : explain SELECT id, c FROM sbtest5 WHERE id BETWEEN 7413611 AND 7413711
	Index Scan using sbtest5_pkey on sbtest5  (cost=0.43..381.14 rows=96 width=125)
	  Index Cond: ((id >= 7413611) AND (id <= 7413711))

table 6 : explain SELECT id, c FROM sbtest6 WHERE id BETWEEN 7413611 AND 7413711
	Index Scan using sbtest6_pkey on sbtest6  (cost=0.43..416.00 rows=105 width=125)
	  Index Cond: ((id >= 7413611) AND (id <= 7413711))

table 7 : explain SELECT id, c FROM sbtest7 WHERE id BETWEEN 7413611 AND 7413711
	Index Scan using sbtest7_pkey on sbtest7  (cost=0.43..364.89 rows=92 width=125)
	  Index Cond: ((id >= 7413611) AND (id <= 7413711))

table 8 : explain SELECT id, c FROM sbtest8 WHERE id BETWEEN 7413611 AND 7413711
	Index Scan using sbtest8_pkey on sbtest8  (cost=0.43..361.53 rows=91 width=125)
	  Index Cond: ((id >= 7413611) AND (id <= 7413711))

explain: for range-notcovered :: explain SELECT id, c FROM sbtest%d WHERE id BETWEEN 7413611 AND 7413711
explain: for range-notcovered :: explain SELECT id, c FROM sbtest%d WHERE id BETWEEN 6773626 AND 6773726
for range-notcovered
table 1 : explain SELECT id, c FROM sbtest1 WHERE id BETWEEN 5530356 AND 5530456
	Index Scan using sbtest1_pkey on sbtest1  (cost=0.43..411.17 rows=104 width=125)
	  Index Cond: ((id >= 5530356) AND (id <= 5530456))

table 2 : explain SELECT id, c FROM sbtest2 WHERE id BETWEEN 5530356 AND 5530456
	Index Scan using sbtest2_pkey on sbtest2  (cost=0.43..422.73 rows=107 width=125)
	  Index Cond: ((id >= 5530356) AND (id <= 5530456))

table 3 : explain SELECT id, c FROM sbtest3 WHERE id BETWEEN 5530356 AND 5530456
	Index Scan using sbtest3_pkey on sbtest3  (cost=0.43..411.94 rows=104 width=125)
	  Index Cond: ((id >= 5530356) AND (id <= 5530456))

table 4 : explain SELECT id, c FROM sbtest4 WHERE id BETWEEN 5530356 AND 5530456
	Index Scan using sbtest4_pkey on sbtest4  (cost=0.43..412.29 rows=104 width=125)
	  Index Cond: ((id >= 5530356) AND (id <= 5530456))

table 5 : explain SELECT id, c FROM sbtest5 WHERE id BETWEEN 5530356 AND 5530456
	Index Scan using sbtest5_pkey on sbtest5  (cost=0.43..385.06 rows=97 width=125)
	  Index Cond: ((id >= 5530356) AND (id <= 5530456))

table 6 : explain SELECT id, c FROM sbtest6 WHERE id BETWEEN 5530356 AND 5530456
	Index Scan using sbtest6_pkey on sbtest6  (cost=0.43..408.17 rows=103 width=125)
	  Index Cond: ((id >= 5530356) AND (id <= 5530456))

table 7 : explain SELECT id, c FROM sbtest7 WHERE id BETWEEN 5530356 AND 5530456
	Index Scan using sbtest7_pkey on sbtest7  (cost=0.43..411.88 rows=104 width=125)
	  Index Cond: ((id >= 5530356) AND (id <= 5530456))

table 8 : explain SELECT id, c FROM sbtest8 WHERE id BETWEEN 5530356 AND 5530456
	Index Scan using sbtest8_pkey on sbtest8  (cost=0.43..404.70 rows=102 width=125)
	  Index Cond: ((id >= 5530356) AND (id <= 5530456))

explain: for range-notcovered :: explain SELECT id, c FROM sbtest%d WHERE id BETWEEN 5530356 AND 5530456
for range-notcovered
table 1 : explain SELECT id, c FROM sbtest1 WHERE id BETWEEN 8118516 AND 8118616
	Index Scan using sbtest1_pkey on sbtest1  (cost=0.43..434.63 rows=110 width=125)
	  Index Cond: ((id >= 8118516) AND (id <= 8118616))

table 2 : explain SELECT id, c FROM sbtest2 WHERE id BETWEEN 8118516 AND 8118616
	Index Scan using sbtest2_pkey on sbtest2  (cost=0.43..387.57 rows=98 width=125)
	  Index Cond: ((id >= 8118516) AND (id <= 8118616))

table 3 : explain SELECT id, c FROM sbtest3 WHERE id BETWEEN 8118516 AND 8118616
	Index Scan using sbtest3_pkey on sbtest3  (cost=0.43..423.69 rows=107 width=125)
	  Index Cond: ((id >= 8118516) AND (id <= 8118616))

table 4 : explain SELECT id, c FROM sbtest4 WHERE id BETWEEN 8118516 AND 8118616
	Index Scan using sbtest4_pkey on sbtest4  (cost=0.43..380.93 rows=96 width=125)
	  Index Cond: ((id >= 8118516) AND (id <= 8118616))

table 5 : explain SELECT id, c FROM sbtest5 WHERE id BETWEEN 8118516 AND 8118616
	Index Scan using sbtest5_pkey on sbtest5  (cost=0.43..377.21 rows=95 width=125)
	  Index Cond: ((id >= 8118516) AND (id <= 8118616))

table 6 : explain SELECT id, c FROM sbtest6 WHERE id BETWEEN 8118516 AND 8118616
	Index Scan using sbtest6_pkey on sbtest6  (cost=0.43..408.17 rows=103 width=125)
	  Index Cond: ((id >= 8118516) AND (id <= 8118616))

table 7 : explain SELECT id, c FROM sbtest7 WHERE id BETWEEN 8118516 AND 8118616
	Index Scan using sbtest7_pkey on sbtest7  (cost=0.43..400.13 rows=101 width=125)
	  Index Cond: ((id >= 8118516) AND (id <= 8118616))

table 8 : explain SELECT id, c FROM sbtest8 WHERE id BETWEEN 8118516 AND 8118616
	Index Scan using sbtest8_pkey on sbtest8  (cost=0.43..396.85 rows=100 width=125)
	  Index Cond: ((id >= 8118516) AND (id <= 8118616))

for range-notcovered
table 1 : explain SELECT id, c FROM sbtest1 WHERE id BETWEEN 6800516 AND 6800616
	Index Scan using sbtest1_pkey on sbtest1  (cost=0.43..415.08 rows=105 width=125)
	  Index Cond: ((id >= 6800516) AND (id <= 6800616))

table 2 : explain SELECT id, c FROM sbtest2 WHERE id BETWEEN 6800516 AND 6800616
	Index Scan using sbtest2_pkey on sbtest2  (cost=0.43..391.47 rows=99 width=125)
	  Index Cond: ((id >= 6800516) AND (id <= 6800616))

table 3 : explain SELECT id, c FROM sbtest3 WHERE id BETWEEN 6800516 AND 6800616
	Index Scan using sbtest3_pkey on sbtest3  (cost=0.43..396.28 rows=100 width=125)
	  Index Cond: ((id >= 6800516) AND (id <= 6800616))

table 4 : explain SELECT id, c FROM sbtest4 WHERE id BETWEEN 6800516 AND 6800616
	Index Scan using sbtest4_pkey on sbtest4  (cost=0.43..396.61 rows=100 width=125)
	  Index Cond: ((id >= 6800516) AND (id <= 6800616))

table 5 : explain SELECT id, c FROM sbtest5 WHERE id BETWEEN 6800516 AND 6800616
	Index Scan using sbtest5_pkey on sbtest5  (cost=0.43..377.21 rows=95 width=125)
	  Index Cond: ((id >= 6800516) AND (id <= 6800616))

table 6 : explain SELECT id, c FROM sbtest6 WHERE id BETWEEN 6800516 AND 6800616
	Index Scan using sbtest6_pkey on sbtest6  (cost=0.43..408.17 rows=103 width=125)
	  Index Cond: ((id >= 6800516) AND (id <= 6800616))

table 7 : explain SELECT id, c FROM sbtest7 WHERE id BETWEEN 6800516 AND 6800616
	Index Scan using sbtest7_pkey on sbtest7  (cost=0.43..411.88 rows=104 width=125)
	  Index Cond: ((id >= 6800516) AND (id <= 6800616))

table 8 : explain SELECT id, c FROM sbtest8 WHERE id BETWEEN 6800516 AND 6800616
	Index Scan using sbtest8_pkey on sbtest8  (cost=0.43..389.01 rows=98 width=125)
	  Index Cond: ((id >= 6800516) AND (id <= 6800616))

explain: for range-notcovered :: explain SELECT id, c FROM sbtest%d WHERE id BETWEEN 8118516 AND 8118616
for range-notcovered
table 1 : explain SELECT id, c FROM sbtest1 WHERE id BETWEEN 2746269 AND 2746369
	Index Scan using sbtest1_pkey on sbtest1  (cost=0.43..391.63 rows=99 width=125)
	  Index Cond: ((id >= 2746269) AND (id <= 2746369))

table 2 : explain SELECT id, c FROM sbtest2 WHERE id BETWEEN 2746269 AND 2746369
	Index Scan using sbtest2_pkey on sbtest2  (cost=0.43..403.19 rows=102 width=125)
	  Index Cond: ((id >= 2746269) AND (id <= 2746369))

table 3 : explain SELECT id, c FROM sbtest3 WHERE id BETWEEN 2746269 AND 2746369
	Index Scan using sbtest3_pkey on sbtest3  (cost=0.43..372.78 rows=94 width=125)
	  Index Cond: ((id >= 2746269) AND (id <= 2746369))

table 4 : explain SELECT id, c FROM sbtest4 WHERE id BETWEEN 2746269 AND 2746369
	Index Scan using sbtest4_pkey on sbtest4  (cost=0.43..392.69 rows=99 width=125)
	  Index Cond: ((id >= 2746269) AND (id <= 2746369))

table 5 : explain SELECT id, c FROM sbtest5 WHERE id BETWEEN 2746269 AND 2746369
	Index Scan using sbtest5_pkey on sbtest5  (cost=0.43..353.66 rows=89 width=125)
	  Index Cond: ((id >= 2746269) AND (id <= 2746369))

table 6 : explain SELECT id, c FROM sbtest6 WHERE id BETWEEN 2746269 AND 2746369
	Index Scan using sbtest6_pkey on sbtest6  (cost=0.43..435.59 rows=110 width=125)
	  Index Cond: ((id >= 2746269) AND (id <= 2746369))

table 7 : explain SELECT id, c FROM sbtest7 WHERE id BETWEEN 2746269 AND 2746369
	Index Scan using sbtest7_pkey on sbtest7  (cost=0.43..368.81 rows=93 width=125)
	  Index Cond: ((id >= 2746269) AND (id <= 2746369))

table 8 : explain SELECT id, c FROM sbtest8 WHERE id BETWEEN 2746269 AND 2746369
	Index Scan using sbtest8_pkey on sbtest8  (cost=0.43..416.46 rows=105 width=125)
	  Index Cond: ((id >= 2746269) AND (id <= 2746369))

for range-notcovered
table 1 : explain SELECT id, c FROM sbtest1 WHERE id BETWEEN 5972354 AND 5972454
	Index Scan using sbtest1_pkey on sbtest1  (cost=0.43..477.63 rows=121 width=125)
	  Index Cond: ((id >= 5972354) AND (id <= 5972454))

table 2 : explain SELECT id, c FROM sbtest2 WHERE id BETWEEN 5972354 AND 5972454
	Index Scan using sbtest2_pkey on sbtest2  (cost=0.43..395.38 rows=100 width=125)
	  Index Cond: ((id >= 5972354) AND (id <= 5972454))

table 3 : explain SELECT id, c FROM sbtest3 WHERE id BETWEEN 5972354 AND 5972454
	Index Scan using sbtest3_pkey on sbtest3  (cost=0.43..396.28 rows=100 width=125)
	  Index Cond: ((id >= 5972354) AND (id <= 5972454))

table 4 : explain SELECT id, c FROM sbtest4 WHERE id BETWEEN 5972354 AND 5972454
	Index Scan using sbtest4_pkey on sbtest4  (cost=0.43..373.09 rows=94 width=125)
	  Index Cond: ((id >= 5972354) AND (id <= 5972454))

table 5 : explain SELECT id, c FROM sbtest5 WHERE id BETWEEN 5972354 AND 5972454
	Index Scan using sbtest5_pkey on sbtest5  (cost=0.43..381.14 rows=96 width=125)
	  Index Cond: ((id >= 5972354) AND (id <= 5972454))

table 6 : explain SELECT id, c FROM sbtest6 WHERE id BETWEEN 5972354 AND 5972454
	Index Scan using sbtest6_pkey on sbtest6  (cost=0.43..388.58 rows=98 width=125)
	  Index Cond: ((id >= 5972354) AND (id <= 5972454))

table 7 : explain SELECT id, c FROM sbtest7 WHERE id BETWEEN 5972354 AND 5972454
	Index Scan using sbtest7_pkey on sbtest7  (cost=0.43..435.38 rows=110 width=125)
	  Index Cond: ((id >= 5972354) AND (id <= 5972454))

table 8 : explain SELECT id, c FROM sbtest8 WHERE id BETWEEN 5972354 AND 5972454
	Index Scan using sbtest8_pkey on sbtest8  (cost=0.43..396.85 rows=100 width=125)
	  Index Cond: ((id >= 5972354) AND (id <= 5972454))

explain: for range-notcovered :: explain SELECT id, c FROM sbtest%d WHERE id BETWEEN 6800516 AND 6800616
for range-notcovered
table 1 : explain SELECT id, c FROM sbtest1 WHERE id BETWEEN 5025826 AND 5025926
	Index Scan using sbtest1_pkey on sbtest1  (cost=0.43..411.17 rows=104 width=125)
	  Index Cond: ((id >= 5025826) AND (id <= 5025926))

table 2 : explain SELECT id, c FROM sbtest2 WHERE id BETWEEN 5025826 AND 5025926
	Index Scan using sbtest2_pkey on sbtest2  (cost=0.43..399.29 rows=101 width=125)
	  Index Cond: ((id >= 5025826) AND (id <= 5025926))

table 3 : explain SELECT id, c FROM sbtest3 WHERE id BETWEEN 5025826 AND 5025926
	Index Scan using sbtest3_pkey on sbtest3  (cost=0.43..400.19 rows=101 width=125)
	  Index Cond: ((id >= 5025826) AND (id <= 5025926))

table 4 : explain SELECT id, c FROM sbtest4 WHERE id BETWEEN 5025826 AND 5025926
	Index Scan using sbtest4_pkey on sbtest4  (cost=0.43..392.69 rows=99 width=125)
	  Index Cond: ((id >= 5025826) AND (id <= 5025926))

table 5 : explain SELECT id, c FROM sbtest5 WHERE id BETWEEN 5025826 AND 5025926
	Index Scan using sbtest5_pkey on sbtest5  (cost=0.43..377.21 rows=95 width=125)
	  Index Cond: ((id >= 5025826) AND (id <= 5025926))

table 6 : explain SELECT id, c FROM sbtest6 WHERE id BETWEEN 5025826 AND 5025926
	Index Scan using sbtest6_pkey on sbtest6  (cost=0.43..380.74 rows=96 width=125)
	  Index Cond: ((id >= 5025826) AND (id <= 5025926))

table 7 : explain SELECT id, c FROM sbtest7 WHERE id BETWEEN 5025826 AND 5025926
	Index Scan using sbtest7_pkey on sbtest7  (cost=0.43..396.22 rows=100 width=125)
	  Index Cond: ((id >= 5025826) AND (id <= 5025926))

table 8 : explain SELECT id, c FROM sbtest8 WHERE id BETWEEN 5025826 AND 5025926
	Index Scan using sbtest8_pkey on sbtest8  (cost=0.43..396.85 rows=100 width=125)
	  Index Cond: ((id >= 5025826) AND (id <= 5025926))

explain: for range-notcovered :: explain SELECT id, c FROM sbtest%d WHERE id BETWEEN 5972354 AND 5972454
explain: for range-notcovered :: explain SELECT id, c FROM sbtest%d WHERE id BETWEEN 5025826 AND 5025926
for range-notcovered
table 1 : explain SELECT id, c FROM sbtest1 WHERE id BETWEEN 7413611 AND 7413711
	Index Scan using sbtest1_pkey on sbtest1  (cost=0.43..387.72 rows=98 width=125)
	  Index Cond: ((id >= 7413611) AND (id <= 7413711))

table 2 : explain SELECT id, c FROM sbtest2 WHERE id BETWEEN 7413611 AND 7413711
	Index Scan using sbtest2_pkey on sbtest2  (cost=0.43..364.09 rows=92 width=125)
	  Index Cond: ((id >= 7413611) AND (id <= 7413711))

table 3 : explain SELECT id, c FROM sbtest3 WHERE id BETWEEN 7413611 AND 7413711
	Index Scan using sbtest3_pkey on sbtest3  (cost=0.43..361.00 rows=91 width=125)
	  Index Cond: ((id >= 7413611) AND (id <= 7413711))

table 4 : explain SELECT id, c FROM sbtest4 WHERE id BETWEEN 7413611 AND 7413711
	Index Scan using sbtest4_pkey on sbtest4  (cost=0.43..369.17 rows=93 width=125)
	  Index Cond: ((id >= 7413611) AND (id <= 7413711))

table 5 : explain SELECT id, c FROM sbtest5 WHERE id BETWEEN 7413611 AND 7413711
	Index Scan using sbtest5_pkey on sbtest5  (cost=0.43..381.14 rows=96 width=125)
	  Index Cond: ((id >= 7413611) AND (id <= 7413711))

table 6 : explain SELECT id, c FROM sbtest6 WHERE id BETWEEN 7413611 AND 7413711
	Index Scan using sbtest6_pkey on sbtest6  (cost=0.43..416.00 rows=105 width=125)
	  Index Cond: ((id >= 7413611) AND (id <= 7413711))

table 7 : explain SELECT id, c FROM sbtest7 WHERE id BETWEEN 7413611 AND 7413711
	Index Scan using sbtest7_pkey on sbtest7  (cost=0.43..364.89 rows=92 width=125)
	  Index Cond: ((id >= 7413611) AND (id <= 7413711))

table 8 : explain SELECT id, c FROM sbtest8 WHERE id BETWEEN 7413611 AND 7413711
	Index Scan using sbtest8_pkey on sbtest8  (cost=0.43..361.53 rows=91 width=125)
	  Index Cond: ((id >= 7413611) AND (id <= 7413711))

explain: for range-notcovered :: explain SELECT id, c FROM sbtest%d WHERE id BETWEEN 7413611 AND 7413711
explain: for range-notcovered :: explain SELECT id, c FROM sbtest%d WHERE id BETWEEN 2746269 AND 2746369
for range-notcovered
table 1 : explain SELECT id, c FROM sbtest1 WHERE id BETWEEN 5530356 AND 5530456
	Index Scan using sbtest1_pkey on sbtest1  (cost=0.43..411.17 rows=104 width=125)
	  Index Cond: ((id >= 5530356) AND (id <= 5530456))

table 2 : explain SELECT id, c FROM sbtest2 WHERE id BETWEEN 5530356 AND 5530456
	Index Scan using sbtest2_pkey on sbtest2  (cost=0.43..422.73 rows=107 width=125)
	  Index Cond: ((id >= 5530356) AND (id <= 5530456))

table 3 : explain SELECT id, c FROM sbtest3 WHERE id BETWEEN 5530356 AND 5530456
	Index Scan using sbtest3_pkey on sbtest3  (cost=0.43..411.94 rows=104 width=125)
	  Index Cond: ((id >= 5530356) AND (id <= 5530456))

table 4 : explain SELECT id, c FROM sbtest4 WHERE id BETWEEN 5530356 AND 5530456
	Index Scan using sbtest4_pkey on sbtest4  (cost=0.43..412.29 rows=104 width=125)
	  Index Cond: ((id >= 5530356) AND (id <= 5530456))

table 5 : explain SELECT id, c FROM sbtest5 WHERE id BETWEEN 5530356 AND 5530456
	Index Scan using sbtest5_pkey on sbtest5  (cost=0.43..385.06 rows=97 width=125)
	  Index Cond: ((id >= 5530356) AND (id <= 5530456))

table 6 : explain SELECT id, c FROM sbtest6 WHERE id BETWEEN 5530356 AND 5530456
	Index Scan using sbtest6_pkey on sbtest6  (cost=0.43..408.17 rows=103 width=125)
	  Index Cond: ((id >= 5530356) AND (id <= 5530456))

table 7 : explain SELECT id, c FROM sbtest7 WHERE id BETWEEN 5530356 AND 5530456
	Index Scan using sbtest7_pkey on sbtest7  (cost=0.43..411.88 rows=104 width=125)
	  Index Cond: ((id >= 5530356) AND (id <= 5530456))

table 8 : explain SELECT id, c FROM sbtest8 WHERE id BETWEEN 5530356 AND 5530456
	Index Scan using sbtest8_pkey on sbtest8  (cost=0.43..404.70 rows=102 width=125)
	  Index Cond: ((id >= 5530356) AND (id <= 5530456))

explain: for range-notcovered :: explain SELECT id, c FROM sbtest%d WHERE id BETWEEN 5530356 AND 5530456
for range-notcovered
table 1 : explain SELECT id, c FROM sbtest1 WHERE id BETWEEN 8118516 AND 8118616
	Index Scan using sbtest1_pkey on sbtest1  (cost=0.43..434.63 rows=110 width=125)
	  Index Cond: ((id >= 8118516) AND (id <= 8118616))

table 2 : explain SELECT id, c FROM sbtest2 WHERE id BETWEEN 8118516 AND 8118616
	Index Scan using sbtest2_pkey on sbtest2  (cost=0.43..387.57 rows=98 width=125)
	  Index Cond: ((id >= 8118516) AND (id <= 8118616))

table 3 : explain SELECT id, c FROM sbtest3 WHERE id BETWEEN 8118516 AND 8118616
	Index Scan using sbtest3_pkey on sbtest3  (cost=0.43..423.69 rows=107 width=125)
	  Index Cond: ((id >= 8118516) AND (id <= 8118616))

table 4 : explain SELECT id, c FROM sbtest4 WHERE id BETWEEN 8118516 AND 8118616
	Index Scan using sbtest4_pkey on sbtest4  (cost=0.43..380.93 rows=96 width=125)
	  Index Cond: ((id >= 8118516) AND (id <= 8118616))

table 5 : explain SELECT id, c FROM sbtest5 WHERE id BETWEEN 8118516 AND 8118616
	Index Scan using sbtest5_pkey on sbtest5  (cost=0.43..377.21 rows=95 width=125)
	  Index Cond: ((id >= 8118516) AND (id <= 8118616))

table 6 : explain SELECT id, c FROM sbtest6 WHERE id BETWEEN 8118516 AND 8118616
	Index Scan using sbtest6_pkey on sbtest6  (cost=0.43..408.17 rows=103 width=125)
	  Index Cond: ((id >= 8118516) AND (id <= 8118616))

table 7 : explain SELECT id, c FROM sbtest7 WHERE id BETWEEN 8118516 AND 8118616
	Index Scan using sbtest7_pkey on sbtest7  (cost=0.43..400.13 rows=101 width=125)
	  Index Cond: ((id >= 8118516) AND (id <= 8118616))

table 8 : explain SELECT id, c FROM sbtest8 WHERE id BETWEEN 8118516 AND 8118616
	Index Scan using sbtest8_pkey on sbtest8  (cost=0.43..396.85 rows=100 width=125)
	  Index Cond: ((id >= 8118516) AND (id <= 8118616))

explain: for range-notcovered :: explain SELECT id, c FROM sbtest%d WHERE id BETWEEN 8118516 AND 8118616
for range-notcovered
table 1 : explain SELECT id, c FROM sbtest1 WHERE id BETWEEN 8851659 AND 8851759
	Index Scan using sbtest1_pkey on sbtest1  (cost=0.43..395.54 rows=100 width=125)
	  Index Cond: ((id >= 8851659) AND (id <= 8851759))

table 2 : explain SELECT id, c FROM sbtest2 WHERE id BETWEEN 8851659 AND 8851759
	Index Scan using sbtest2_pkey on sbtest2  (cost=0.43..414.92 rows=105 width=125)
	  Index Cond: ((id >= 8851659) AND (id <= 8851759))

table 3 : explain SELECT id, c FROM sbtest3 WHERE id BETWEEN 8851659 AND 8851759
	Index Scan using sbtest3_pkey on sbtest3  (cost=0.43..380.61 rows=96 width=125)
	  Index Cond: ((id >= 8851659) AND (id <= 8851759))

table 4 : explain SELECT id, c FROM sbtest4 WHERE id BETWEEN 8851659 AND 8851759
	Index Scan using sbtest4_pkey on sbtest4  (cost=0.43..412.29 rows=104 width=125)
	  Index Cond: ((id >= 8851659) AND (id <= 8851759))

table 5 : explain SELECT id, c FROM sbtest5 WHERE id BETWEEN 8851659 AND 8851759
	Index Scan using sbtest5_pkey on sbtest5  (cost=0.43..385.06 rows=97 width=125)
	  Index Cond: ((id >= 8851659) AND (id <= 8851759))

table 6 : explain SELECT id, c FROM sbtest6 WHERE id BETWEEN 8851659 AND 8851759
	Index Scan using sbtest6_pkey on sbtest6  (cost=0.43..400.33 rows=101 width=125)
	  Index Cond: ((id >= 8851659) AND (id <= 8851759))

table 7 : explain SELECT id, c FROM sbtest7 WHERE id BETWEEN 8851659 AND 8851759
	Index Scan using sbtest7_pkey on sbtest7  (cost=0.43..411.88 rows=104 width=125)
	  Index Cond: ((id >= 8851659) AND (id <= 8851759))

table 8 : explain SELECT id, c FROM sbtest8 WHERE id BETWEEN 8851659 AND 8851759
	Index Scan using sbtest8_pkey on sbtest8  (cost=0.43..385.08 rows=97 width=125)
	  Index Cond: ((id >= 8851659) AND (id <= 8851759))

for range-notcovered
table 1 : explain SELECT id, c FROM sbtest1 WHERE id BETWEEN 3220699 AND 3220799
	Index Scan using sbtest1_pkey on sbtest1  (cost=0.43..364.24 rows=92 width=125)
	  Index Cond: ((id >= 3220699) AND (id <= 3220799))

table 2 : explain SELECT id, c FROM sbtest2 WHERE id BETWEEN 3220699 AND 3220799
	Index Scan using sbtest2_pkey on sbtest2  (cost=0.43..379.72 rows=96 width=125)
	  Index Cond: ((id >= 3220699) AND (id <= 3220799))

table 3 : explain SELECT id, c FROM sbtest3 WHERE id BETWEEN 3220699 AND 3220799
	Index Scan using sbtest3_pkey on sbtest3  (cost=0.43..423.69 rows=107 width=125)
	  Index Cond: ((id >= 3220699) AND (id <= 3220799))

table 4 : explain SELECT id, c FROM sbtest4 WHERE id BETWEEN 3220699 AND 3220799
	Index Scan using sbtest4_pkey on sbtest4  (cost=0.43..439.73 rows=111 width=125)
	  Index Cond: ((id >= 3220699) AND (id <= 3220799))

table 5 : explain SELECT id, c FROM sbtest5 WHERE id BETWEEN 3220699 AND 3220799
	Index Scan using sbtest5_pkey on sbtest5  (cost=0.43..404.67 rows=102 width=125)
	  Index Cond: ((id >= 3220699) AND (id <= 3220799))

table 6 : explain SELECT id, c FROM sbtest6 WHERE id BETWEEN 3220699 AND 3220799
	Index Scan using sbtest6_pkey on sbtest6  (cost=0.43..419.92 rows=106 width=125)
	  Index Cond: ((id >= 3220699) AND (id <= 3220799))

table 7 : explain SELECT id, c FROM sbtest7 WHERE id BETWEEN 3220699 AND 3220799
	Index Scan using sbtest7_pkey on sbtest7  (cost=0.43..447.13 rows=113 width=125)
	  Index Cond: ((id >= 3220699) AND (id <= 3220799))

table 8 : explain SELECT id, c FROM sbtest8 WHERE id BETWEEN 3220699 AND 3220799
	Index Scan using sbtest8_pkey on sbtest8  (cost=0.43..416.46 rows=105 width=125)
	  Index Cond: ((id >= 3220699) AND (id <= 3220799))

explain: for range-notcovered :: explain SELECT id, c FROM sbtest%d WHERE id BETWEEN 8851659 AND 8851759
for range-notcovered
table 1 : explain SELECT id, c FROM sbtest1 WHERE id BETWEEN 5025826 AND 5025926
	Index Scan using sbtest1_pkey on sbtest1  (cost=0.43..411.17 rows=104 width=125)
	  Index Cond: ((id >= 5025826) AND (id <= 5025926))

table 2 : explain SELECT id, c FROM sbtest2 WHERE id BETWEEN 5025826 AND 5025926
	Index Scan using sbtest2_pkey on sbtest2  (cost=0.43..399.29 rows=101 width=125)
	  Index Cond: ((id >= 5025826) AND (id <= 5025926))

table 3 : explain SELECT id, c FROM sbtest3 WHERE id BETWEEN 5025826 AND 5025926
	Index Scan using sbtest3_pkey on sbtest3  (cost=0.43..400.19 rows=101 width=125)
	  Index Cond: ((id >= 5025826) AND (id <= 5025926))

table 4 : explain SELECT id, c FROM sbtest4 WHERE id BETWEEN 5025826 AND 5025926
	Index Scan using sbtest4_pkey on sbtest4  (cost=0.43..392.69 rows=99 width=125)
	  Index Cond: ((id >= 5025826) AND (id <= 5025926))

table 5 : explain SELECT id, c FROM sbtest5 WHERE id BETWEEN 5025826 AND 5025926
	Index Scan using sbtest5_pkey on sbtest5  (cost=0.43..377.21 rows=95 width=125)
	  Index Cond: ((id >= 5025826) AND (id <= 5025926))

table 6 : explain SELECT id, c FROM sbtest6 WHERE id BETWEEN 5025826 AND 5025926
	Index Scan using sbtest6_pkey on sbtest6  (cost=0.43..380.74 rows=96 width=125)
	  Index Cond: ((id >= 5025826) AND (id <= 5025926))

table 7 : explain SELECT id, c FROM sbtest7 WHERE id BETWEEN 5025826 AND 5025926
	Index Scan using sbtest7_pkey on sbtest7  (cost=0.43..396.22 rows=100 width=125)
	  Index Cond: ((id >= 5025826) AND (id <= 5025926))

table 8 : explain SELECT id, c FROM sbtest8 WHERE id BETWEEN 5025826 AND 5025926
	Index Scan using sbtest8_pkey on sbtest8  (cost=0.43..396.85 rows=100 width=125)
	  Index Cond: ((id >= 5025826) AND (id <= 5025926))

explain: for range-notcovered :: explain SELECT id, c FROM sbtest%d WHERE id BETWEEN 5025826 AND 5025926
for range-notcovered
table 1 : explain SELECT id, c FROM sbtest1 WHERE id BETWEEN 7413611 AND 7413711
	Index Scan using sbtest1_pkey on sbtest1  (cost=0.43..387.72 rows=98 width=125)
	  Index Cond: ((id >= 7413611) AND (id <= 7413711))

table 2 : explain SELECT id, c FROM sbtest2 WHERE id BETWEEN 7413611 AND 7413711
	Index Scan using sbtest2_pkey on sbtest2  (cost=0.43..364.09 rows=92 width=125)
	  Index Cond: ((id >= 7413611) AND (id <= 7413711))

table 3 : explain SELECT id, c FROM sbtest3 WHERE id BETWEEN 7413611 AND 7413711
	Index Scan using sbtest3_pkey on sbtest3  (cost=0.43..361.00 rows=91 width=125)
	  Index Cond: ((id >= 7413611) AND (id <= 7413711))

table 4 : explain SELECT id, c FROM sbtest4 WHERE id BETWEEN 7413611 AND 7413711
	Index Scan using sbtest4_pkey on sbtest4  (cost=0.43..369.17 rows=93 width=125)
	  Index Cond: ((id >= 7413611) AND (id <= 7413711))

table 5 : explain SELECT id, c FROM sbtest5 WHERE id BETWEEN 7413611 AND 7413711
	Index Scan using sbtest5_pkey on sbtest5  (cost=0.43..381.14 rows=96 width=125)
	  Index Cond: ((id >= 7413611) AND (id <= 7413711))

table 6 : explain SELECT id, c FROM sbtest6 WHERE id BETWEEN 7413611 AND 7413711
	Index Scan using sbtest6_pkey on sbtest6  (cost=0.43..416.00 rows=105 width=125)
	  Index Cond: ((id >= 7413611) AND (id <= 7413711))

table 7 : explain SELECT id, c FROM sbtest7 WHERE id BETWEEN 7413611 AND 7413711
	Index Scan using sbtest7_pkey on sbtest7  (cost=0.43..364.89 rows=92 width=125)
	  Index Cond: ((id >= 7413611) AND (id <= 7413711))

table 8 : explain SELECT id, c FROM sbtest8 WHERE id BETWEEN 7413611 AND 7413711
	Index Scan using sbtest8_pkey on sbtest8  (cost=0.43..361.53 rows=91 width=125)
	  Index Cond: ((id >= 7413611) AND (id <= 7413711))

explain: for range-notcovered :: explain SELECT id, c FROM sbtest%d WHERE id BETWEEN 7413611 AND 7413711
for range-notcovered
table 1 : explain SELECT id, c FROM sbtest1 WHERE id BETWEEN 5530356 AND 5530456
	Index Scan using sbtest1_pkey on sbtest1  (cost=0.43..411.17 rows=104 width=125)
	  Index Cond: ((id >= 5530356) AND (id <= 5530456))

table 2 : explain SELECT id, c FROM sbtest2 WHERE id BETWEEN 5530356 AND 5530456
	Index Scan using sbtest2_pkey on sbtest2  (cost=0.43..422.73 rows=107 width=125)
	  Index Cond: ((id >= 5530356) AND (id <= 5530456))

table 3 : explain SELECT id, c FROM sbtest3 WHERE id BETWEEN 5530356 AND 5530456
	Index Scan using sbtest3_pkey on sbtest3  (cost=0.43..411.94 rows=104 width=125)
	  Index Cond: ((id >= 5530356) AND (id <= 5530456))

table 4 : explain SELECT id, c FROM sbtest4 WHERE id BETWEEN 5530356 AND 5530456
	Index Scan using sbtest4_pkey on sbtest4  (cost=0.43..412.29 rows=104 width=125)
	  Index Cond: ((id >= 5530356) AND (id <= 5530456))

table 5 : explain SELECT id, c FROM sbtest5 WHERE id BETWEEN 5530356 AND 5530456
	Index Scan using sbtest5_pkey on sbtest5  (cost=0.43..385.06 rows=97 width=125)
	  Index Cond: ((id >= 5530356) AND (id <= 5530456))

table 6 : explain SELECT id, c FROM sbtest6 WHERE id BETWEEN 5530356 AND 5530456
	Index Scan using sbtest6_pkey on sbtest6  (cost=0.43..408.17 rows=103 width=125)
	  Index Cond: ((id >= 5530356) AND (id <= 5530456))

table 7 : explain SELECT id, c FROM sbtest7 WHERE id BETWEEN 5530356 AND 5530456
	Index Scan using sbtest7_pkey on sbtest7  (cost=0.43..411.88 rows=104 width=125)
	  Index Cond: ((id >= 5530356) AND (id <= 5530456))

table 8 : explain SELECT id, c FROM sbtest8 WHERE id BETWEEN 5530356 AND 5530456
	Index Scan using sbtest8_pkey on sbtest8  (cost=0.43..404.70 rows=102 width=125)
	  Index Cond: ((id >= 5530356) AND (id <= 5530456))

for range-notcovered
table 1 : explain SELECT id, c FROM sbtest1 WHERE id BETWEEN 8118516 AND 8118616
	Index Scan using sbtest1_pkey on sbtest1  (cost=0.43..434.63 rows=110 width=125)
	  Index Cond: ((id >= 8118516) AND (id <= 8118616))

table 2 : explain SELECT id, c FROM sbtest2 WHERE id BETWEEN 8118516 AND 8118616
	Index Scan using sbtest2_pkey on sbtest2  (cost=0.43..387.57 rows=98 width=125)
	  Index Cond: ((id >= 8118516) AND (id <= 8118616))

table 3 : explain SELECT id, c FROM sbtest3 WHERE id BETWEEN 8118516 AND 8118616
	Index Scan using sbtest3_pkey on sbtest3  (cost=0.43..423.69 rows=107 width=125)
	  Index Cond: ((id >= 8118516) AND (id <= 8118616))

table 4 : explain SELECT id, c FROM sbtest4 WHERE id BETWEEN 8118516 AND 8118616
	Index Scan using sbtest4_pkey on sbtest4  (cost=0.43..380.93 rows=96 width=125)
	  Index Cond: ((id >= 8118516) AND (id <= 8118616))

table 5 : explain SELECT id, c FROM sbtest5 WHERE id BETWEEN 8118516 AND 8118616
	Index Scan using sbtest5_pkey on sbtest5  (cost=0.43..377.21 rows=95 width=125)
	  Index Cond: ((id >= 8118516) AND (id <= 8118616))

table 6 : explain SELECT id, c FROM sbtest6 WHERE id BETWEEN 8118516 AND 8118616
	Index Scan using sbtest6_pkey on sbtest6  (cost=0.43..408.17 rows=103 width=125)
	  Index Cond: ((id >= 8118516) AND (id <= 8118616))

table 7 : explain SELECT id, c FROM sbtest7 WHERE id BETWEEN 8118516 AND 8118616
	Index Scan using sbtest7_pkey on sbtest7  (cost=0.43..400.13 rows=101 width=125)
	  Index Cond: ((id >= 8118516) AND (id <= 8118616))

table 8 : explain SELECT id, c FROM sbtest8 WHERE id BETWEEN 8118516 AND 8118616
	Index Scan using sbtest8_pkey on sbtest8  (cost=0.43..396.85 rows=100 width=125)
	  Index Cond: ((id >= 8118516) AND (id <= 8118616))

explain: for range-notcovered :: explain SELECT id, c FROM sbtest%d WHERE id BETWEEN 3220699 AND 3220799
explain: for range-notcovered :: explain SELECT id, c FROM sbtest%d WHERE id BETWEEN 8118516 AND 8118616
for range-notcovered
table 1 : explain SELECT id, c FROM sbtest1 WHERE id BETWEEN 6800516 AND 6800616
	Index Scan using sbtest1_pkey on sbtest1  (cost=0.43..415.08 rows=105 width=125)
	  Index Cond: ((id >= 6800516) AND (id <= 6800616))

table 2 : explain SELECT id, c FROM sbtest2 WHERE id BETWEEN 6800516 AND 6800616
	Index Scan using sbtest2_pkey on sbtest2  (cost=0.43..391.47 rows=99 width=125)
	  Index Cond: ((id >= 6800516) AND (id <= 6800616))

table 3 : explain SELECT id, c FROM sbtest3 WHERE id BETWEEN 6800516 AND 6800616
	Index Scan using sbtest3_pkey on sbtest3  (cost=0.43..396.28 rows=100 width=125)
	  Index Cond: ((id >= 6800516) AND (id <= 6800616))

table 4 : explain SELECT id, c FROM sbtest4 WHERE id BETWEEN 6800516 AND 6800616
	Index Scan using sbtest4_pkey on sbtest4  (cost=0.43..396.61 rows=100 width=125)
	  Index Cond: ((id >= 6800516) AND (id <= 6800616))

table 5 : explain SELECT id, c FROM sbtest5 WHERE id BETWEEN 6800516 AND 6800616
	Index Scan using sbtest5_pkey on sbtest5  (cost=0.43..377.21 rows=95 width=125)
	  Index Cond: ((id >= 6800516) AND (id <= 6800616))

table 6 : explain SELECT id, c FROM sbtest6 WHERE id BETWEEN 6800516 AND 6800616
	Index Scan using sbtest6_pkey on sbtest6  (cost=0.43..408.17 rows=103 width=125)
	  Index Cond: ((id >= 6800516) AND (id <= 6800616))

table 7 : explain SELECT id, c FROM sbtest7 WHERE id BETWEEN 6800516 AND 6800616
	Index Scan using sbtest7_pkey on sbtest7  (cost=0.43..411.88 rows=104 width=125)
	  Index Cond: ((id >= 6800516) AND (id <= 6800616))

table 8 : explain SELECT id, c FROM sbtest8 WHERE id BETWEEN 6800516 AND 6800616
	Index Scan using sbtest8_pkey on sbtest8  (cost=0.43..389.01 rows=98 width=125)
	  Index Cond: ((id >= 6800516) AND (id <= 6800616))

for range-notcovered
table 1 : explain SELECT id, c FROM sbtest1 WHERE id BETWEEN 5972354 AND 5972454
	Index Scan using sbtest1_pkey on sbtest1  (cost=0.43..477.63 rows=121 width=125)
	  Index Cond: ((id >= 5972354) AND (id <= 5972454))

table 2 : explain SELECT id, c FROM sbtest2 WHERE id BETWEEN 5972354 AND 5972454
	Index Scan using sbtest2_pkey on sbtest2  (cost=0.43..395.38 rows=100 width=125)
	  Index Cond: ((id >= 5972354) AND (id <= 5972454))

table 3 : explain SELECT id, c FROM sbtest3 WHERE id BETWEEN 5972354 AND 5972454
	Index Scan using sbtest3_pkey on sbtest3  (cost=0.43..396.28 rows=100 width=125)
	  Index Cond: ((id >= 5972354) AND (id <= 5972454))

table 4 : explain SELECT id, c FROM sbtest4 WHERE id BETWEEN 5972354 AND 5972454
	Index Scan using sbtest4_pkey on sbtest4  (cost=0.43..373.09 rows=94 width=125)
	  Index Cond: ((id >= 5972354) AND (id <= 5972454))

table 5 : explain SELECT id, c FROM sbtest5 WHERE id BETWEEN 5972354 AND 5972454
	Index Scan using sbtest5_pkey on sbtest5  (cost=0.43..381.14 rows=96 width=125)
	  Index Cond: ((id >= 5972354) AND (id <= 5972454))

table 6 : explain SELECT id, c FROM sbtest6 WHERE id BETWEEN 5972354 AND 5972454
	Index Scan using sbtest6_pkey on sbtest6  (cost=0.43..388.58 rows=98 width=125)
	  Index Cond: ((id >= 5972354) AND (id <= 5972454))

table 7 : explain SELECT id, c FROM sbtest7 WHERE id BETWEEN 5972354 AND 5972454
	Index Scan using sbtest7_pkey on sbtest7  (cost=0.43..435.38 rows=110 width=125)
	  Index Cond: ((id >= 5972354) AND (id <= 5972454))

table 8 : explain SELECT id, c FROM sbtest8 WHERE id BETWEEN 5972354 AND 5972454
	Index Scan using sbtest8_pkey on sbtest8  (cost=0.43..396.85 rows=100 width=125)
	  Index Cond: ((id >= 5972354) AND (id <= 5972454))
for range-notcovered
table 1 : explain SELECT id, c FROM sbtest1 WHERE id BETWEEN 8851659 AND 8851759
	Index Scan using sbtest1_pkey on sbtest1  (cost=0.43..395.54 rows=100 width=125)
	  Index Cond: ((id >= 8851659) AND (id <= 8851759))

table 2 : explain SELECT id, c FROM sbtest2 WHERE id BETWEEN 8851659 AND 8851759
	Index Scan using sbtest2_pkey on sbtest2  (cost=0.43..414.92 rows=105 width=125)
	  Index Cond: ((id >= 8851659) AND (id <= 8851759))

table 3 : explain SELECT id, c FROM sbtest3 WHERE id BETWEEN 8851659 AND 8851759
	Index Scan using sbtest3_pkey on sbtest3  (cost=0.43..380.61 rows=96 width=125)
	  Index Cond: ((id >= 8851659) AND (id <= 8851759))

table 4 : explain SELECT id, c FROM sbtest4 WHERE id BETWEEN 8851659 AND 8851759
	Index Scan using sbtest4_pkey on sbtest4  (cost=0.43..412.29 rows=104 width=125)
	  Index Cond: ((id >= 8851659) AND (id <= 8851759))

table 5 : explain SELECT id, c FROM sbtest5 WHERE id BETWEEN 8851659 AND 8851759
	Index Scan using sbtest5_pkey on sbtest5  (cost=0.43..385.06 rows=97 width=125)
	  Index Cond: ((id >= 8851659) AND (id <= 8851759))

table 6 : explain SELECT id, c FROM sbtest6 WHERE id BETWEEN 8851659 AND 8851759
	Index Scan using sbtest6_pkey on sbtest6  (cost=0.43..400.33 rows=101 width=125)
	  Index Cond: ((id >= 8851659) AND (id <= 8851759))

table 7 : explain SELECT id, c FROM sbtest7 WHERE id BETWEEN 8851659 AND 8851759
	Index Scan using sbtest7_pkey on sbtest7  (cost=0.43..411.88 rows=104 width=125)
	  Index Cond: ((id >= 8851659) AND (id <= 8851759))

table 8 : explain SELECT id, c FROM sbtest8 WHERE id BETWEEN 8851659 AND 8851759
	Index Scan using sbtest8_pkey on sbtest8  (cost=0.43..385.08 rows=97 width=125)
	  Index Cond: ((id >= 8851659) AND (id <= 8851759))


for range-notcovered
table 1 : explain SELECT id, c FROM sbtest1 WHERE id BETWEEN 5025826 AND 5025926
	Index Scan using sbtest1_pkey on sbtest1  (cost=0.43..411.17 rows=104 width=125)
	  Index Cond: ((id >= 5025826) AND (id <= 5025926))

table 2 : explain SELECT id, c FROM sbtest2 WHERE id BETWEEN 5025826 AND 5025926
	Index Scan using sbtest2_pkey on sbtest2  (cost=0.43..399.29 rows=101 width=125)
	  Index Cond: ((id >= 5025826) AND (id <= 5025926))

table 3 : explain SELECT id, c FROM sbtest3 WHERE id BETWEEN 5025826 AND 5025926
	Index Scan using sbtest3_pkey on sbtest3  (cost=0.43..400.19 rows=101 width=125)
	  Index Cond: ((id >= 5025826) AND (id <= 5025926))

table 4 : explain SELECT id, c FROM sbtest4 WHERE id BETWEEN 5025826 AND 5025926
	Index Scan using sbtest4_pkey on sbtest4  (cost=0.43..392.69 rows=99 width=125)
	  Index Cond: ((id >= 5025826) AND (id <= 5025926))

table 5 : explain SELECT id, c FROM sbtest5 WHERE id BETWEEN 5025826 AND 5025926
	Index Scan using sbtest5_pkey on sbtest5  (cost=0.43..377.21 rows=95 width=125)
	  Index Cond: ((id >= 5025826) AND (id <= 5025926))

table 6 : explain SELECT id, c FROM sbtest6 WHERE id BETWEEN 5025826 AND 5025926
	Index Scan using sbtest6_pkey on sbtest6  (cost=0.43..380.74 rows=96 width=125)
	  Index Cond: ((id >= 5025826) AND (id <= 5025926))

table 7 : explain SELECT id, c FROM sbtest7 WHERE id BETWEEN 5025826 AND 5025926
	Index Scan using sbtest7_pkey on sbtest7  (cost=0.43..396.22 rows=100 width=125)
	  Index Cond: ((id >= 5025826) AND (id <= 5025926))

table 8 : explain SELECT id, c FROM sbtest8 WHERE id BETWEEN 5025826 AND 5025926
	Index Scan using sbtest8_pkey on sbtest8  (cost=0.43..396.85 rows=100 width=125)
	  Index Cond: ((id >= 5025826) AND (id <= 5025926))

for range-notcovered
table 1 : explain SELECT id, c FROM sbtest1 WHERE id BETWEEN 3213191 AND 3213291
	Index Scan using sbtest1_pkey on sbtest1  (cost=0.43..364.24 rows=92 width=125)
	  Index Cond: ((id >= 3213191) AND (id <= 3213291))

table 2 : explain SELECT id, c FROM sbtest2 WHERE id BETWEEN 3213191 AND 3213291
	Index Scan using sbtest2_pkey on sbtest2  (cost=0.43..379.72 rows=96 width=125)
	  Index Cond: ((id >= 3213191) AND (id <= 3213291))

table 3 : explain SELECT id, c FROM sbtest3 WHERE id BETWEEN 3213191 AND 3213291
	Index Scan using sbtest3_pkey on sbtest3  (cost=0.43..423.69 rows=107 width=125)
	  Index Cond: ((id >= 3213191) AND (id <= 3213291))

table 4 : explain SELECT id, c FROM sbtest4 WHERE id BETWEEN 3213191 AND 3213291
	Index Scan using sbtest4_pkey on sbtest4  (cost=0.43..439.73 rows=111 width=125)
	  Index Cond: ((id >= 3213191) AND (id <= 3213291))

table 5 : explain SELECT id, c FROM sbtest5 WHERE id BETWEEN 3213191 AND 3213291
	Index Scan using sbtest5_pkey on sbtest5  (cost=0.43..404.67 rows=102 width=125)
	  Index Cond: ((id >= 3213191) AND (id <= 3213291))

table 6 : explain SELECT id, c FROM sbtest6 WHERE id BETWEEN 3213191 AND 3213291
	Index Scan using sbtest6_pkey on sbtest6  (cost=0.43..419.92 rows=106 width=125)
	  Index Cond: ((id >= 3213191) AND (id <= 3213291))

table 7 : explain SELECT id, c FROM sbtest7 WHERE id BETWEEN 3213191 AND 3213291
	Index Scan using sbtest7_pkey on sbtest7  (cost=0.43..447.13 rows=113 width=125)
	  Index Cond: ((id >= 3213191) AND (id <= 3213291))

table 8 : explain SELECT id, c FROM sbtest8 WHERE id BETWEEN 3213191 AND 3213291
	Index Scan using sbtest8_pkey on sbtest8  (cost=0.43..416.46 rows=105 width=125)
	  Index Cond: ((id >= 3213191) AND (id <= 3213291))

explain: for range-notcovered :: explain SELECT id, c FROM sbtest%d WHERE id BETWEEN 8851659 AND 8851759
explain: for range-notcovered :: explain SELECT id, c FROM sbtest%d WHERE id BETWEEN 5025826 AND 5025926
explain: for range-notcovered :: explain SELECT id, c FROM sbtest%d WHERE id BETWEEN 3213191 AND 3213291
for range-notcovered
table 1 : explain SELECT id, c FROM sbtest1 WHERE id BETWEEN 7413611 AND 7413711
	Index Scan using sbtest1_pkey on sbtest1  (cost=0.43..387.72 rows=98 width=125)
	  Index Cond: ((id >= 7413611) AND (id <= 7413711))

table 2 : explain SELECT id, c FROM sbtest2 WHERE id BETWEEN 7413611 AND 7413711
	Index Scan using sbtest2_pkey on sbtest2  (cost=0.43..364.09 rows=92 width=125)
	  Index Cond: ((id >= 7413611) AND (id <= 7413711))

table 3 : explain SELECT id, c FROM sbtest3 WHERE id BETWEEN 7413611 AND 7413711
	Index Scan using sbtest3_pkey on sbtest3  (cost=0.43..361.00 rows=91 width=125)
	  Index Cond: ((id >= 7413611) AND (id <= 7413711))

table 4 : explain SELECT id, c FROM sbtest4 WHERE id BETWEEN 7413611 AND 7413711
	Index Scan using sbtest4_pkey on sbtest4  (cost=0.43..369.17 rows=93 width=125)
	  Index Cond: ((id >= 7413611) AND (id <= 7413711))

table 5 : explain SELECT id, c FROM sbtest5 WHERE id BETWEEN 7413611 AND 7413711
	Index Scan using sbtest5_pkey on sbtest5  (cost=0.43..381.14 rows=96 width=125)
	  Index Cond: ((id >= 7413611) AND (id <= 7413711))

table 6 : explain SELECT id, c FROM sbtest6 WHERE id BETWEEN 7413611 AND 7413711
	Index Scan using sbtest6_pkey on sbtest6  (cost=0.43..416.00 rows=105 width=125)
	  Index Cond: ((id >= 7413611) AND (id <= 7413711))

table 7 : explain SELECT id, c FROM sbtest7 WHERE id BETWEEN 7413611 AND 7413711
	Index Scan using sbtest7_pkey on sbtest7  (cost=0.43..364.89 rows=92 width=125)
	  Index Cond: ((id >= 7413611) AND (id <= 7413711))

table 8 : explain SELECT id, c FROM sbtest8 WHERE id BETWEEN 7413611 AND 7413711
	Index Scan using sbtest8_pkey on sbtest8  (cost=0.43..361.53 rows=91 width=125)
	  Index Cond: ((id >= 7413611) AND (id <= 7413711))

for range-notcovered
table 1 : explain SELECT id, c FROM sbtest1 WHERE id BETWEEN 1103334 AND 1103434
	Index Scan using sbtest1_pkey on sbtest1  (cost=0.43..430.72 rows=109 width=125)
	  Index Cond: ((id >= 1103334) AND (id <= 1103434))

table 2 : explain SELECT id, c FROM sbtest2 WHERE id BETWEEN 1103334 AND 1103434
	Index Scan using sbtest2_pkey on sbtest2  (cost=0.43..379.72 rows=96 width=125)
	  Index Cond: ((id >= 1103334) AND (id <= 1103434))

table 3 : explain SELECT id, c FROM sbtest3 WHERE id BETWEEN 1103334 AND 1103434
	Index Scan using sbtest3_pkey on sbtest3  (cost=0.43..380.61 rows=96 width=125)
	  Index Cond: ((id >= 1103334) AND (id <= 1103434))

table 4 : explain SELECT id, c FROM sbtest4 WHERE id BETWEEN 1103334 AND 1103434
	Index Scan using sbtest4_pkey on sbtest4  (cost=0.43..380.93 rows=96 width=125)
	  Index Cond: ((id >= 1103334) AND (id <= 1103434))

table 5 : explain SELECT id, c FROM sbtest5 WHERE id BETWEEN 1103334 AND 1103434
	Index Scan using sbtest5_pkey on sbtest5  (cost=0.43..412.51 rows=104 width=125)
	  Index Cond: ((id >= 1103334) AND (id <= 1103434))

table 6 : explain SELECT id, c FROM sbtest6 WHERE id BETWEEN 1103334 AND 1103434
	Index Scan using sbtest6_pkey on sbtest6  (cost=0.43..376.80 rows=95 width=125)
	  Index Cond: ((id >= 1103334) AND (id <= 1103434))

table 7 : explain SELECT id, c FROM sbtest7 WHERE id BETWEEN 1103334 AND 1103434
	Index Scan using sbtest7_pkey on sbtest7  (cost=0.43..396.22 rows=100 width=125)
	  Index Cond: ((id >= 1103334) AND (id <= 1103434))

table 8 : explain SELECT id, c FROM sbtest8 WHERE id BETWEEN 1103334 AND 1103434
	Index Scan using sbtest8_pkey on sbtest8  (cost=0.43..392.93 rows=99 width=125)
	  Index Cond: ((id >= 1103334) AND (id <= 1103434))

for range-notcovered
table 1 : explain SELECT id, c FROM sbtest1 WHERE id BETWEEN 2746269 AND 2746369
	Index Scan using sbtest1_pkey on sbtest1  (cost=0.43..391.63 rows=99 width=125)
	  Index Cond: ((id >= 2746269) AND (id <= 2746369))

table 2 : explain SELECT id, c FROM sbtest2 WHERE id BETWEEN 2746269 AND 2746369
	Index Scan using sbtest2_pkey on sbtest2  (cost=0.43..403.19 rows=102 width=125)
	  Index Cond: ((id >= 2746269) AND (id <= 2746369))

table 3 : explain SELECT id, c FROM sbtest3 WHERE id BETWEEN 2746269 AND 2746369
	Index Scan using sbtest3_pkey on sbtest3  (cost=0.43..372.78 rows=94 width=125)
	  Index Cond: ((id >= 2746269) AND (id <= 2746369))

table 4 : explain SELECT id, c FROM sbtest4 WHERE id BETWEEN 2746269 AND 2746369
	Index Scan using sbtest4_pkey on sbtest4  (cost=0.43..392.69 rows=99 width=125)
	  Index Cond: ((id >= 2746269) AND (id <= 2746369))

table 5 : explain SELECT id, c FROM sbtest5 WHERE id BETWEEN 2746269 AND 2746369
	Index Scan using sbtest5_pkey on sbtest5  (cost=0.43..353.66 rows=89 width=125)
	  Index Cond: ((id >= 2746269) AND (id <= 2746369))

table 6 : explain SELECT id, c FROM sbtest6 WHERE id BETWEEN 2746269 AND 2746369
	Index Scan using sbtest6_pkey on sbtest6  (cost=0.43..435.59 rows=110 width=125)
	  Index Cond: ((id >= 2746269) AND (id <= 2746369))

table 7 : explain SELECT id, c FROM sbtest7 WHERE id BETWEEN 2746269 AND 2746369
	Index Scan using sbtest7_pkey on sbtest7  (cost=0.43..368.81 rows=93 width=125)
	  Index Cond: ((id >= 2746269) AND (id <= 2746369))

table 8 : explain SELECT id, c FROM sbtest8 WHERE id BETWEEN 2746269 AND 2746369
	Index Scan using sbtest8_pkey on sbtest8  (cost=0.43..416.46 rows=105 width=125)
	  Index Cond: ((id >= 2746269) AND (id <= 2746369))

explain: for range-notcovered :: explain SELECT id, c FROM sbtest%d WHERE id BETWEEN 1103334 AND 1103434
for range-notcovered
table 1 : explain SELECT id, c FROM sbtest1 WHERE id BETWEEN 8118516 AND 8118616
	Index Scan using sbtest1_pkey on sbtest1  (cost=0.43..434.63 rows=110 width=125)
	  Index Cond: ((id >= 8118516) AND (id <= 8118616))

table 2 : explain SELECT id, c FROM sbtest2 WHERE id BETWEEN 8118516 AND 8118616
	Index Scan using sbtest2_pkey on sbtest2  (cost=0.43..387.57 rows=98 width=125)
	  Index Cond: ((id >= 8118516) AND (id <= 8118616))

table 3 : explain SELECT id, c FROM sbtest3 WHERE id BETWEEN 8118516 AND 8118616
	Index Scan using sbtest3_pkey on sbtest3  (cost=0.43..423.69 rows=107 width=125)
	  Index Cond: ((id >= 8118516) AND (id <= 8118616))

table 4 : explain SELECT id, c FROM sbtest4 WHERE id BETWEEN 8118516 AND 8118616
	Index Scan using sbtest4_pkey on sbtest4  (cost=0.43..380.93 rows=96 width=125)
	  Index Cond: ((id >= 8118516) AND (id <= 8118616))

table 5 : explain SELECT id, c FROM sbtest5 WHERE id BETWEEN 8118516 AND 8118616
	Index Scan using sbtest5_pkey on sbtest5  (cost=0.43..377.21 rows=95 width=125)
	  Index Cond: ((id >= 8118516) AND (id <= 8118616))

table 6 : explain SELECT id, c FROM sbtest6 WHERE id BETWEEN 8118516 AND 8118616
	Index Scan using sbtest6_pkey on sbtest6  (cost=0.43..408.17 rows=103 width=125)
	  Index Cond: ((id >= 8118516) AND (id <= 8118616))

table 7 : explain SELECT id, c FROM sbtest7 WHERE id BETWEEN 8118516 AND 8118616
	Index Scan using sbtest7_pkey on sbtest7  (cost=0.43..400.13 rows=101 width=125)
	  Index Cond: ((id >= 8118516) AND (id <= 8118616))

table 8 : explain SELECT id, c FROM sbtest8 WHERE id BETWEEN 8118516 AND 8118616
	Index Scan using sbtest8_pkey on sbtest8  (cost=0.43..396.85 rows=100 width=125)
	  Index Cond: ((id >= 8118516) AND (id <= 8118616))

explain: for range-notcovered :: explain SELECT id, c FROM sbtest%d WHERE id BETWEEN 2746269 AND 2746369
explain: for range-notcovered :: explain SELECT id, c FROM sbtest%d WHERE id BETWEEN 8118516 AND 8118616
for range-notcovered
table 1 : explain SELECT id, c FROM sbtest1 WHERE id BETWEEN 8851659 AND 8851759
	Index Scan using sbtest1_pkey on sbtest1  (cost=0.43..395.54 rows=100 width=125)
	  Index Cond: ((id >= 8851659) AND (id <= 8851759))

table 2 : explain SELECT id, c FROM sbtest2 WHERE id BETWEEN 8851659 AND 8851759
	Index Scan using sbtest2_pkey on sbtest2  (cost=0.43..414.92 rows=105 width=125)
	  Index Cond: ((id >= 8851659) AND (id <= 8851759))

table 3 : explain SELECT id, c FROM sbtest3 WHERE id BETWEEN 8851659 AND 8851759
	Index Scan using sbtest3_pkey on sbtest3  (cost=0.43..380.61 rows=96 width=125)
	  Index Cond: ((id >= 8851659) AND (id <= 8851759))

table 4 : explain SELECT id, c FROM sbtest4 WHERE id BETWEEN 8851659 AND 8851759
	Index Scan using sbtest4_pkey on sbtest4  (cost=0.43..412.29 rows=104 width=125)
	  Index Cond: ((id >= 8851659) AND (id <= 8851759))

table 5 : explain SELECT id, c FROM sbtest5 WHERE id BETWEEN 8851659 AND 8851759
	Index Scan using sbtest5_pkey on sbtest5  (cost=0.43..385.06 rows=97 width=125)
	  Index Cond: ((id >= 8851659) AND (id <= 8851759))

table 6 : explain SELECT id, c FROM sbtest6 WHERE id BETWEEN 8851659 AND 8851759
	Index Scan using sbtest6_pkey on sbtest6  (cost=0.43..400.33 rows=101 width=125)
	  Index Cond: ((id >= 8851659) AND (id <= 8851759))

table 7 : explain SELECT id, c FROM sbtest7 WHERE id BETWEEN 8851659 AND 8851759
	Index Scan using sbtest7_pkey on sbtest7  (cost=0.43..411.88 rows=104 width=125)
	  Index Cond: ((id >= 8851659) AND (id <= 8851759))

table 8 : explain SELECT id, c FROM sbtest8 WHERE id BETWEEN 8851659 AND 8851759
	Index Scan using sbtest8_pkey on sbtest8  (cost=0.43..385.08 rows=97 width=125)
	  Index Cond: ((id >= 8851659) AND (id <= 8851759))

for range-notcovered
table 1 : explain SELECT id, c FROM sbtest1 WHERE id BETWEEN 5025826 AND 5025926
	Index Scan using sbtest1_pkey on sbtest1  (cost=0.43..411.17 rows=104 width=125)
	  Index Cond: ((id >= 5025826) AND (id <= 5025926))

table 2 : explain SELECT id, c FROM sbtest2 WHERE id BETWEEN 5025826 AND 5025926
	Index Scan using sbtest2_pkey on sbtest2  (cost=0.43..399.29 rows=101 width=125)
	  Index Cond: ((id >= 5025826) AND (id <= 5025926))

table 3 : explain SELECT id, c FROM sbtest3 WHERE id BETWEEN 5025826 AND 5025926
	Index Scan using sbtest3_pkey on sbtest3  (cost=0.43..400.19 rows=101 width=125)
	  Index Cond: ((id >= 5025826) AND (id <= 5025926))

table 4 : explain SELECT id, c FROM sbtest4 WHERE id BETWEEN 5025826 AND 5025926
	Index Scan using sbtest4_pkey on sbtest4  (cost=0.43..392.69 rows=99 width=125)
	  Index Cond: ((id >= 5025826) AND (id <= 5025926))

table 5 : explain SELECT id, c FROM sbtest5 WHERE id BETWEEN 5025826 AND 5025926
	Index Scan using sbtest5_pkey on sbtest5  (cost=0.43..377.21 rows=95 width=125)
	  Index Cond: ((id >= 5025826) AND (id <= 5025926))

table 6 : explain SELECT id, c FROM sbtest6 WHERE id BETWEEN 5025826 AND 5025926
	Index Scan using sbtest6_pkey on sbtest6  (cost=0.43..380.74 rows=96 width=125)
	  Index Cond: ((id >= 5025826) AND (id <= 5025926))

table 7 : explain SELECT id, c FROM sbtest7 WHERE id BETWEEN 5025826 AND 5025926
	Index Scan using sbtest7_pkey on sbtest7  (cost=0.43..396.22 rows=100 width=125)
	  Index Cond: ((id >= 5025826) AND (id <= 5025926))

table 8 : explain SELECT id, c FROM sbtest8 WHERE id BETWEEN 5025826 AND 5025926
	Index Scan using sbtest8_pkey on sbtest8  (cost=0.43..396.85 rows=100 width=125)
	  Index Cond: ((id >= 5025826) AND (id <= 5025926))

explain: for range-notcovered :: explain SELECT id, c FROM sbtest%d WHERE id BETWEEN 8851659 AND 8851759
for range-notcovered
table 1 : explain SELECT id, c FROM sbtest1 WHERE id BETWEEN 3213191 AND 3213291
	Index Scan using sbtest1_pkey on sbtest1  (cost=0.43..364.24 rows=92 width=125)
	  Index Cond: ((id >= 3213191) AND (id <= 3213291))

table 2 : explain SELECT id, c FROM sbtest2 WHERE id BETWEEN 3213191 AND 3213291
	Index Scan using sbtest2_pkey on sbtest2  (cost=0.43..379.72 rows=96 width=125)
	  Index Cond: ((id >= 3213191) AND (id <= 3213291))

table 3 : explain SELECT id, c FROM sbtest3 WHERE id BETWEEN 3213191 AND 3213291
	Index Scan using sbtest3_pkey on sbtest3  (cost=0.43..423.69 rows=107 width=125)
	  Index Cond: ((id >= 3213191) AND (id <= 3213291))

table 4 : explain SELECT id, c FROM sbtest4 WHERE id BETWEEN 3213191 AND 3213291
	Index Scan using sbtest4_pkey on sbtest4  (cost=0.43..439.73 rows=111 width=125)
	  Index Cond: ((id >= 3213191) AND (id <= 3213291))

table 5 : explain SELECT id, c FROM sbtest5 WHERE id BETWEEN 3213191 AND 3213291
	Index Scan using sbtest5_pkey on sbtest5  (cost=0.43..404.67 rows=102 width=125)
	  Index Cond: ((id >= 3213191) AND (id <= 3213291))

table 6 : explain SELECT id, c FROM sbtest6 WHERE id BETWEEN 3213191 AND 3213291
	Index Scan using sbtest6_pkey on sbtest6  (cost=0.43..419.92 rows=106 width=125)
	  Index Cond: ((id >= 3213191) AND (id <= 3213291))

table 7 : explain SELECT id, c FROM sbtest7 WHERE id BETWEEN 3213191 AND 3213291
	Index Scan using sbtest7_pkey on sbtest7  (cost=0.43..447.13 rows=113 width=125)
	  Index Cond: ((id >= 3213191) AND (id <= 3213291))

table 8 : explain SELECT id, c FROM sbtest8 WHERE id BETWEEN 3213191 AND 3213291
	Index Scan using sbtest8_pkey on sbtest8  (cost=0.43..416.46 rows=105 width=125)
	  Index Cond: ((id >= 3213191) AND (id <= 3213291))

for range-notcovered
table 1 : explain SELECT id, c FROM sbtest1 WHERE id BETWEEN 6773626 AND 6773726
	Index Scan using sbtest1_pkey on sbtest1  (cost=0.43..415.08 rows=105 width=125)
	  Index Cond: ((id >= 6773626) AND (id <= 6773726))

table 2 : explain SELECT id, c FROM sbtest2 WHERE id BETWEEN 6773626 AND 6773726
	Index Scan using sbtest2_pkey on sbtest2  (cost=0.43..395.38 rows=100 width=125)
	  Index Cond: ((id >= 6773626) AND (id <= 6773726))

table 3 : explain SELECT id, c FROM sbtest3 WHERE id BETWEEN 6773626 AND 6773726
	Index Scan using sbtest3_pkey on sbtest3  (cost=0.43..396.28 rows=100 width=125)
	  Index Cond: ((id >= 6773626) AND (id <= 6773726))

table 4 : explain SELECT id, c FROM sbtest4 WHERE id BETWEEN 6773626 AND 6773726
	Index Scan using sbtest4_pkey on sbtest4  (cost=0.43..396.61 rows=100 width=125)
	  Index Cond: ((id >= 6773626) AND (id <= 6773726))

table 5 : explain SELECT id, c FROM sbtest5 WHERE id BETWEEN 6773626 AND 6773726
	Index Scan using sbtest5_pkey on sbtest5  (cost=0.43..377.21 rows=95 width=125)
	  Index Cond: ((id >= 6773626) AND (id <= 6773726))

table 6 : explain SELECT id, c FROM sbtest6 WHERE id BETWEEN 6773626 AND 6773726
	Index Scan using sbtest6_pkey on sbtest6  (cost=0.43..412.09 rows=104 width=125)
	  Index Cond: ((id >= 6773626) AND (id <= 6773726))

table 7 : explain SELECT id, c FROM sbtest7 WHERE id BETWEEN 6773626 AND 6773726
	Index Scan using sbtest7_pkey on sbtest7  (cost=0.43..411.88 rows=104 width=125)
	  Index Cond: ((id >= 6773626) AND (id <= 6773726))

table 8 : explain SELECT id, c FROM sbtest8 WHERE id BETWEEN 6773626 AND 6773726
	Index Scan using sbtest8_pkey on sbtest8  (cost=0.43..389.01 rows=98 width=125)
	  Index Cond: ((id >= 6773626) AND (id <= 6773726))

explain: for range-notcovered :: explain SELECT id, c FROM sbtest%d WHERE id BETWEEN 3213191 AND 3213291
explain: for range-notcovered :: explain SELECT id, c FROM sbtest%d WHERE id BETWEEN 6773626 AND 6773726
for range-notcovered
table 1 : explain SELECT id, c FROM sbtest1 WHERE id BETWEEN 1103334 AND 1103434
	Index Scan using sbtest1_pkey on sbtest1  (cost=0.43..430.72 rows=109 width=125)
	  Index Cond: ((id >= 1103334) AND (id <= 1103434))

table 2 : explain SELECT id, c FROM sbtest2 WHERE id BETWEEN 1103334 AND 1103434
	Index Scan using sbtest2_pkey on sbtest2  (cost=0.43..379.72 rows=96 width=125)
	  Index Cond: ((id >= 1103334) AND (id <= 1103434))

table 3 : explain SELECT id, c FROM sbtest3 WHERE id BETWEEN 1103334 AND 1103434
	Index Scan using sbtest3_pkey on sbtest3  (cost=0.43..380.61 rows=96 width=125)
	  Index Cond: ((id >= 1103334) AND (id <= 1103434))

table 4 : explain SELECT id, c FROM sbtest4 WHERE id BETWEEN 1103334 AND 1103434
	Index Scan using sbtest4_pkey on sbtest4  (cost=0.43..380.93 rows=96 width=125)
	  Index Cond: ((id >= 1103334) AND (id <= 1103434))

table 5 : explain SELECT id, c FROM sbtest5 WHERE id BETWEEN 1103334 AND 1103434
	Index Scan using sbtest5_pkey on sbtest5  (cost=0.43..412.51 rows=104 width=125)
	  Index Cond: ((id >= 1103334) AND (id <= 1103434))

table 6 : explain SELECT id, c FROM sbtest6 WHERE id BETWEEN 1103334 AND 1103434
	Index Scan using sbtest6_pkey on sbtest6  (cost=0.43..376.80 rows=95 width=125)
	  Index Cond: ((id >= 1103334) AND (id <= 1103434))

table 7 : explain SELECT id, c FROM sbtest7 WHERE id BETWEEN 1103334 AND 1103434
	Index Scan using sbtest7_pkey on sbtest7  (cost=0.43..396.22 rows=100 width=125)
	  Index Cond: ((id >= 1103334) AND (id <= 1103434))

table 8 : explain SELECT id, c FROM sbtest8 WHERE id BETWEEN 1103334 AND 1103434
	Index Scan using sbtest8_pkey on sbtest8  (cost=0.43..392.93 rows=99 width=125)
	  Index Cond: ((id >= 1103334) AND (id <= 1103434))

for range-notcovered
table 1 : explain SELECT id, c FROM sbtest1 WHERE id BETWEEN 3220699 AND 3220799
	Index Scan using sbtest1_pkey on sbtest1  (cost=0.43..364.24 rows=92 width=125)
	  Index Cond: ((id >= 3220699) AND (id <= 3220799))

table 2 : explain SELECT id, c FROM sbtest2 WHERE id BETWEEN 3220699 AND 3220799
	Index Scan using sbtest2_pkey on sbtest2  (cost=0.43..379.72 rows=96 width=125)
	  Index Cond: ((id >= 3220699) AND (id <= 3220799))

table 3 : explain SELECT id, c FROM sbtest3 WHERE id BETWEEN 3220699 AND 3220799
	Index Scan using sbtest3_pkey on sbtest3  (cost=0.43..423.69 rows=107 width=125)
	  Index Cond: ((id >= 3220699) AND (id <= 3220799))

table 4 : explain SELECT id, c FROM sbtest4 WHERE id BETWEEN 3220699 AND 3220799
	Index Scan using sbtest4_pkey on sbtest4  (cost=0.43..439.73 rows=111 width=125)
	  Index Cond: ((id >= 3220699) AND (id <= 3220799))

table 5 : explain SELECT id, c FROM sbtest5 WHERE id BETWEEN 3220699 AND 3220799
	Index Scan using sbtest5_pkey on sbtest5  (cost=0.43..404.67 rows=102 width=125)
	  Index Cond: ((id >= 3220699) AND (id <= 3220799))

table 6 : explain SELECT id, c FROM sbtest6 WHERE id BETWEEN 3220699 AND 3220799
	Index Scan using sbtest6_pkey on sbtest6  (cost=0.43..419.92 rows=106 width=125)
	  Index Cond: ((id >= 3220699) AND (id <= 3220799))

table 7 : explain SELECT id, c FROM sbtest7 WHERE id BETWEEN 3220699 AND 3220799
	Index Scan using sbtest7_pkey on sbtest7  (cost=0.43..447.13 rows=113 width=125)
	  Index Cond: ((id >= 3220699) AND (id <= 3220799))

table 8 : explain SELECT id, c FROM sbtest8 WHERE id BETWEEN 3220699 AND 3220799
	Index Scan using sbtest8_pkey on sbtest8  (cost=0.43..416.46 rows=105 width=125)
	  Index Cond: ((id >= 3220699) AND (id <= 3220799))

explain: for range-notcovered :: explain SELECT id, c FROM sbtest%d WHERE id BETWEEN 1103334 AND 1103434
for range-notcovered
table 1 : explain SELECT id, c FROM sbtest1 WHERE id BETWEEN 8118516 AND 8118616
	Index Scan using sbtest1_pkey on sbtest1  (cost=0.43..434.63 rows=110 width=125)
	  Index Cond: ((id >= 8118516) AND (id <= 8118616))

table 2 : explain SELECT id, c FROM sbtest2 WHERE id BETWEEN 8118516 AND 8118616
	Index Scan using sbtest2_pkey on sbtest2  (cost=0.43..387.57 rows=98 width=125)
	  Index Cond: ((id >= 8118516) AND (id <= 8118616))

table 3 : explain SELECT id, c FROM sbtest3 WHERE id BETWEEN 8118516 AND 8118616
	Index Scan using sbtest3_pkey on sbtest3  (cost=0.43..423.69 rows=107 width=125)
	  Index Cond: ((id >= 8118516) AND (id <= 8118616))

table 4 : explain SELECT id, c FROM sbtest4 WHERE id BETWEEN 8118516 AND 8118616
	Index Scan using sbtest4_pkey on sbtest4  (cost=0.43..380.93 rows=96 width=125)
	  Index Cond: ((id >= 8118516) AND (id <= 8118616))

table 5 : explain SELECT id, c FROM sbtest5 WHERE id BETWEEN 8118516 AND 8118616
	Index Scan using sbtest5_pkey on sbtest5  (cost=0.43..377.21 rows=95 width=125)
	  Index Cond: ((id >= 8118516) AND (id <= 8118616))

table 6 : explain SELECT id, c FROM sbtest6 WHERE id BETWEEN 8118516 AND 8118616
	Index Scan using sbtest6_pkey on sbtest6  (cost=0.43..408.17 rows=103 width=125)
	  Index Cond: ((id >= 8118516) AND (id <= 8118616))

table 7 : explain SELECT id, c FROM sbtest7 WHERE id BETWEEN 8118516 AND 8118616
	Index Scan using sbtest7_pkey on sbtest7  (cost=0.43..400.13 rows=101 width=125)
	  Index Cond: ((id >= 8118516) AND (id <= 8118616))

table 8 : explain SELECT id, c FROM sbtest8 WHERE id BETWEEN 8118516 AND 8118616
	Index Scan using sbtest8_pkey on sbtest8  (cost=0.43..396.85 rows=100 width=125)
	  Index Cond: ((id >= 8118516) AND (id <= 8118616))

explain: for range-notcovered :: explain SELECT id, c FROM sbtest%d WHERE id BETWEEN 8118516 AND 8118616
explain: for range-notcovered :: explain SELECT id, c FROM sbtest%d WHERE id BETWEEN 3220699 AND 3220799
for range-notcovered
table 1 : explain SELECT id, c FROM sbtest1 WHERE id BETWEEN 8851659 AND 8851759
	Index Scan using sbtest1_pkey on sbtest1  (cost=0.43..395.54 rows=100 width=125)
	  Index Cond: ((id >= 8851659) AND (id <= 8851759))

table 2 : explain SELECT id, c FROM sbtest2 WHERE id BETWEEN 8851659 AND 8851759
	Index Scan using sbtest2_pkey on sbtest2  (cost=0.43..414.92 rows=105 width=125)
	  Index Cond: ((id >= 8851659) AND (id <= 8851759))

table 3 : explain SELECT id, c FROM sbtest3 WHERE id BETWEEN 8851659 AND 8851759
	Index Scan using sbtest3_pkey on sbtest3  (cost=0.43..380.61 rows=96 width=125)
	  Index Cond: ((id >= 8851659) AND (id <= 8851759))

table 4 : explain SELECT id, c FROM sbtest4 WHERE id BETWEEN 8851659 AND 8851759
	Index Scan using sbtest4_pkey on sbtest4  (cost=0.43..412.29 rows=104 width=125)
	  Index Cond: ((id >= 8851659) AND (id <= 8851759))

table 5 : explain SELECT id, c FROM sbtest5 WHERE id BETWEEN 8851659 AND 8851759
	Index Scan using sbtest5_pkey on sbtest5  (cost=0.43..385.06 rows=97 width=125)
	  Index Cond: ((id >= 8851659) AND (id <= 8851759))

table 6 : explain SELECT id, c FROM sbtest6 WHERE id BETWEEN 8851659 AND 8851759
	Index Scan using sbtest6_pkey on sbtest6  (cost=0.43..400.33 rows=101 width=125)
	  Index Cond: ((id >= 8851659) AND (id <= 8851759))

table 7 : explain SELECT id, c FROM sbtest7 WHERE id BETWEEN 8851659 AND 8851759
	Index Scan using sbtest7_pkey on sbtest7  (cost=0.43..411.88 rows=104 width=125)
	  Index Cond: ((id >= 8851659) AND (id <= 8851759))

table 8 : explain SELECT id, c FROM sbtest8 WHERE id BETWEEN 8851659 AND 8851759
	Index Scan using sbtest8_pkey on sbtest8  (cost=0.43..385.08 rows=97 width=125)
	  Index Cond: ((id >= 8851659) AND (id <= 8851759))

explain: for range-notcovered :: explain SELECT id, c FROM sbtest%d WHERE id BETWEEN 8851659 AND 8851759
for range-notcovered
table 1 : explain SELECT id, c FROM sbtest1 WHERE id BETWEEN 3213191 AND 3213291
	Index Scan using sbtest1_pkey on sbtest1  (cost=0.43..364.24 rows=92 width=125)
	  Index Cond: ((id >= 3213191) AND (id <= 3213291))

table 2 : explain SELECT id, c FROM sbtest2 WHERE id BETWEEN 3213191 AND 3213291
	Index Scan using sbtest2_pkey on sbtest2  (cost=0.43..379.72 rows=96 width=125)
	  Index Cond: ((id >= 3213191) AND (id <= 3213291))

table 3 : explain SELECT id, c FROM sbtest3 WHERE id BETWEEN 3213191 AND 3213291
	Index Scan using sbtest3_pkey on sbtest3  (cost=0.43..423.69 rows=107 width=125)
	  Index Cond: ((id >= 3213191) AND (id <= 3213291))

table 4 : explain SELECT id, c FROM sbtest4 WHERE id BETWEEN 3213191 AND 3213291
	Index Scan using sbtest4_pkey on sbtest4  (cost=0.43..439.73 rows=111 width=125)
	  Index Cond: ((id >= 3213191) AND (id <= 3213291))

table 5 : explain SELECT id, c FROM sbtest5 WHERE id BETWEEN 3213191 AND 3213291
	Index Scan using sbtest5_pkey on sbtest5  (cost=0.43..404.67 rows=102 width=125)
	  Index Cond: ((id >= 3213191) AND (id <= 3213291))

table 6 : explain SELECT id, c FROM sbtest6 WHERE id BETWEEN 3213191 AND 3213291
	Index Scan using sbtest6_pkey on sbtest6  (cost=0.43..419.92 rows=106 width=125)
	  Index Cond: ((id >= 3213191) AND (id <= 3213291))

table 7 : explain SELECT id, c FROM sbtest7 WHERE id BETWEEN 3213191 AND 3213291
	Index Scan using sbtest7_pkey on sbtest7  (cost=0.43..447.13 rows=113 width=125)
	  Index Cond: ((id >= 3213191) AND (id <= 3213291))

table 8 : explain SELECT id, c FROM sbtest8 WHERE id BETWEEN 3213191 AND 3213291
	Index Scan using sbtest8_pkey on sbtest8  (cost=0.43..416.46 rows=105 width=125)
	  Index Cond: ((id >= 3213191) AND (id <= 3213291))

for range-notcovered
table 1 : explain SELECT id, c FROM sbtest1 WHERE id BETWEEN 2746269 AND 2746369
	Index Scan using sbtest1_pkey on sbtest1  (cost=0.43..391.63 rows=99 width=125)
	  Index Cond: ((id >= 2746269) AND (id <= 2746369))

table 2 : explain SELECT id, c FROM sbtest2 WHERE id BETWEEN 2746269 AND 2746369
	Index Scan using sbtest2_pkey on sbtest2  (cost=0.43..403.19 rows=102 width=125)
	  Index Cond: ((id >= 2746269) AND (id <= 2746369))

table 3 : explain SELECT id, c FROM sbtest3 WHERE id BETWEEN 2746269 AND 2746369
	Index Scan using sbtest3_pkey on sbtest3  (cost=0.43..372.78 rows=94 width=125)
	  Index Cond: ((id >= 2746269) AND (id <= 2746369))

table 4 : explain SELECT id, c FROM sbtest4 WHERE id BETWEEN 2746269 AND 2746369
	Index Scan using sbtest4_pkey on sbtest4  (cost=0.43..392.69 rows=99 width=125)
	  Index Cond: ((id >= 2746269) AND (id <= 2746369))

table 5 : explain SELECT id, c FROM sbtest5 WHERE id BETWEEN 2746269 AND 2746369
	Index Scan using sbtest5_pkey on sbtest5  (cost=0.43..353.66 rows=89 width=125)
	  Index Cond: ((id >= 2746269) AND (id <= 2746369))

table 6 : explain SELECT id, c FROM sbtest6 WHERE id BETWEEN 2746269 AND 2746369
	Index Scan using sbtest6_pkey on sbtest6  (cost=0.43..435.59 rows=110 width=125)
	  Index Cond: ((id >= 2746269) AND (id <= 2746369))

table 7 : explain SELECT id, c FROM sbtest7 WHERE id BETWEEN 2746269 AND 2746369
	Index Scan using sbtest7_pkey on sbtest7  (cost=0.43..368.81 rows=93 width=125)
	  Index Cond: ((id >= 2746269) AND (id <= 2746369))

table 8 : explain SELECT id, c FROM sbtest8 WHERE id BETWEEN 2746269 AND 2746369
	Index Scan using sbtest8_pkey on sbtest8  (cost=0.43..416.46 rows=105 width=125)
	  Index Cond: ((id >= 2746269) AND (id <= 2746369))

explain: for range-notcovered :: explain SELECT id, c FROM sbtest%d WHERE id BETWEEN 3213191 AND 3213291
for range-notcovered
table 1 : explain SELECT id, c FROM sbtest1 WHERE id BETWEEN 6773626 AND 6773726
	Index Scan using sbtest1_pkey on sbtest1  (cost=0.43..415.08 rows=105 width=125)
	  Index Cond: ((id >= 6773626) AND (id <= 6773726))

table 2 : explain SELECT id, c FROM sbtest2 WHERE id BETWEEN 6773626 AND 6773726
	Index Scan using sbtest2_pkey on sbtest2  (cost=0.43..395.38 rows=100 width=125)
	  Index Cond: ((id >= 6773626) AND (id <= 6773726))

table 3 : explain SELECT id, c FROM sbtest3 WHERE id BETWEEN 6773626 AND 6773726
	Index Scan using sbtest3_pkey on sbtest3  (cost=0.43..396.28 rows=100 width=125)
	  Index Cond: ((id >= 6773626) AND (id <= 6773726))

table 4 : explain SELECT id, c FROM sbtest4 WHERE id BETWEEN 6773626 AND 6773726
	Index Scan using sbtest4_pkey on sbtest4  (cost=0.43..396.61 rows=100 width=125)
	  Index Cond: ((id >= 6773626) AND (id <= 6773726))

table 5 : explain SELECT id, c FROM sbtest5 WHERE id BETWEEN 6773626 AND 6773726
	Index Scan using sbtest5_pkey on sbtest5  (cost=0.43..377.21 rows=95 width=125)
	  Index Cond: ((id >= 6773626) AND (id <= 6773726))

table 6 : explain SELECT id, c FROM sbtest6 WHERE id BETWEEN 6773626 AND 6773726
	Index Scan using sbtest6_pkey on sbtest6  (cost=0.43..412.09 rows=104 width=125)
	  Index Cond: ((id >= 6773626) AND (id <= 6773726))

table 7 : explain SELECT id, c FROM sbtest7 WHERE id BETWEEN 6773626 AND 6773726
	Index Scan using sbtest7_pkey on sbtest7  (cost=0.43..411.88 rows=104 width=125)
	  Index Cond: ((id >= 6773626) AND (id <= 6773726))

table 8 : explain SELECT id, c FROM sbtest8 WHERE id BETWEEN 6773626 AND 6773726
	Index Scan using sbtest8_pkey on sbtest8  (cost=0.43..389.01 rows=98 width=125)
	  Index Cond: ((id >= 6773626) AND (id <= 6773726))

for range-notcovered
table 1 : explain SELECT id, c FROM sbtest1 WHERE id BETWEEN 1103334 AND 1103434
	Index Scan using sbtest1_pkey on sbtest1  (cost=0.43..430.72 rows=109 width=125)
	  Index Cond: ((id >= 1103334) AND (id <= 1103434))

table 2 : explain SELECT id, c FROM sbtest2 WHERE id BETWEEN 1103334 AND 1103434
	Index Scan using sbtest2_pkey on sbtest2  (cost=0.43..379.72 rows=96 width=125)
	  Index Cond: ((id >= 1103334) AND (id <= 1103434))

table 3 : explain SELECT id, c FROM sbtest3 WHERE id BETWEEN 1103334 AND 1103434
	Index Scan using sbtest3_pkey on sbtest3  (cost=0.43..380.61 rows=96 width=125)
	  Index Cond: ((id >= 1103334) AND (id <= 1103434))

table 4 : explain SELECT id, c FROM sbtest4 WHERE id BETWEEN 1103334 AND 1103434
	Index Scan using sbtest4_pkey on sbtest4  (cost=0.43..380.93 rows=96 width=125)
	  Index Cond: ((id >= 1103334) AND (id <= 1103434))

table 5 : explain SELECT id, c FROM sbtest5 WHERE id BETWEEN 1103334 AND 1103434
	Index Scan using sbtest5_pkey on sbtest5  (cost=0.43..412.51 rows=104 width=125)
	  Index Cond: ((id >= 1103334) AND (id <= 1103434))

table 6 : explain SELECT id, c FROM sbtest6 WHERE id BETWEEN 1103334 AND 1103434
	Index Scan using sbtest6_pkey on sbtest6  (cost=0.43..376.80 rows=95 width=125)
	  Index Cond: ((id >= 1103334) AND (id <= 1103434))

table 7 : explain SELECT id, c FROM sbtest7 WHERE id BETWEEN 1103334 AND 1103434
	Index Scan using sbtest7_pkey on sbtest7  (cost=0.43..396.22 rows=100 width=125)
	  Index Cond: ((id >= 1103334) AND (id <= 1103434))

table 8 : explain SELECT id, c FROM sbtest8 WHERE id BETWEEN 1103334 AND 1103434
	Index Scan using sbtest8_pkey on sbtest8  (cost=0.43..392.93 rows=99 width=125)
	  Index Cond: ((id >= 1103334) AND (id <= 1103434))

explain: for range-notcovered :: explain SELECT id, c FROM sbtest%d WHERE id BETWEEN 2746269 AND 2746369
explain: for range-notcovered :: explain SELECT id, c FROM sbtest%d WHERE id BETWEEN 6773626 AND 6773726
explain: for range-notcovered :: explain SELECT id, c FROM sbtest%d WHERE id BETWEEN 1103334 AND 1103434
for range-notcovered
table 1 : explain SELECT id, c FROM sbtest1 WHERE id BETWEEN 8118516 AND 8118616
	Index Scan using sbtest1_pkey on sbtest1  (cost=0.43..434.63 rows=110 width=125)
	  Index Cond: ((id >= 8118516) AND (id <= 8118616))

table 2 : explain SELECT id, c FROM sbtest2 WHERE id BETWEEN 8118516 AND 8118616
	Index Scan using sbtest2_pkey on sbtest2  (cost=0.43..387.57 rows=98 width=125)
	  Index Cond: ((id >= 8118516) AND (id <= 8118616))

table 3 : explain SELECT id, c FROM sbtest3 WHERE id BETWEEN 8118516 AND 8118616
	Index Scan using sbtest3_pkey on sbtest3  (cost=0.43..423.69 rows=107 width=125)
	  Index Cond: ((id >= 8118516) AND (id <= 8118616))

table 4 : explain SELECT id, c FROM sbtest4 WHERE id BETWEEN 8118516 AND 8118616
	Index Scan using sbtest4_pkey on sbtest4  (cost=0.43..380.93 rows=96 width=125)
	  Index Cond: ((id >= 8118516) AND (id <= 8118616))

table 5 : explain SELECT id, c FROM sbtest5 WHERE id BETWEEN 8118516 AND 8118616
	Index Scan using sbtest5_pkey on sbtest5  (cost=0.43..377.21 rows=95 width=125)
	  Index Cond: ((id >= 8118516) AND (id <= 8118616))

table 6 : explain SELECT id, c FROM sbtest6 WHERE id BETWEEN 8118516 AND 8118616
	Index Scan using sbtest6_pkey on sbtest6  (cost=0.43..408.17 rows=103 width=125)
	  Index Cond: ((id >= 8118516) AND (id <= 8118616))

table 7 : explain SELECT id, c FROM sbtest7 WHERE id BETWEEN 8118516 AND 8118616
	Index Scan using sbtest7_pkey on sbtest7  (cost=0.43..400.13 rows=101 width=125)
	  Index Cond: ((id >= 8118516) AND (id <= 8118616))

table 8 : explain SELECT id, c FROM sbtest8 WHERE id BETWEEN 8118516 AND 8118616
	Index Scan using sbtest8_pkey on sbtest8  (cost=0.43..396.85 rows=100 width=125)
	  Index Cond: ((id >= 8118516) AND (id <= 8118616))

explain: for range-notcovered :: explain SELECT id, c FROM sbtest%d WHERE id BETWEEN 8118516 AND 8118616
for range-notcovered
table 1 : explain SELECT id, c FROM sbtest1 WHERE id BETWEEN 8851659 AND 8851759
	Index Scan using sbtest1_pkey on sbtest1  (cost=0.43..395.54 rows=100 width=125)
	  Index Cond: ((id >= 8851659) AND (id <= 8851759))

table 2 : explain SELECT id, c FROM sbtest2 WHERE id BETWEEN 8851659 AND 8851759
	Index Scan using sbtest2_pkey on sbtest2  (cost=0.43..414.92 rows=105 width=125)
	  Index Cond: ((id >= 8851659) AND (id <= 8851759))

table 3 : explain SELECT id, c FROM sbtest3 WHERE id BETWEEN 8851659 AND 8851759
	Index Scan using sbtest3_pkey on sbtest3  (cost=0.43..380.61 rows=96 width=125)
	  Index Cond: ((id >= 8851659) AND (id <= 8851759))

table 4 : explain SELECT id, c FROM sbtest4 WHERE id BETWEEN 8851659 AND 8851759
	Index Scan using sbtest4_pkey on sbtest4  (cost=0.43..412.29 rows=104 width=125)
	  Index Cond: ((id >= 8851659) AND (id <= 8851759))

table 5 : explain SELECT id, c FROM sbtest5 WHERE id BETWEEN 8851659 AND 8851759
	Index Scan using sbtest5_pkey on sbtest5  (cost=0.43..385.06 rows=97 width=125)
	  Index Cond: ((id >= 8851659) AND (id <= 8851759))

table 6 : explain SELECT id, c FROM sbtest6 WHERE id BETWEEN 8851659 AND 8851759
	Index Scan using sbtest6_pkey on sbtest6  (cost=0.43..400.33 rows=101 width=125)
	  Index Cond: ((id >= 8851659) AND (id <= 8851759))

table 7 : explain SELECT id, c FROM sbtest7 WHERE id BETWEEN 8851659 AND 8851759
	Index Scan using sbtest7_pkey on sbtest7  (cost=0.43..411.88 rows=104 width=125)
	  Index Cond: ((id >= 8851659) AND (id <= 8851759))

table 8 : explain SELECT id, c FROM sbtest8 WHERE id BETWEEN 8851659 AND 8851759
	Index Scan using sbtest8_pkey on sbtest8  (cost=0.43..385.08 rows=97 width=125)
	  Index Cond: ((id >= 8851659) AND (id <= 8851759))

explain: for range-notcovered :: explain SELECT id, c FROM sbtest%d WHERE id BETWEEN 8851659 AND 8851759
for range-notcovered
table 1 : explain SELECT id, c FROM sbtest1 WHERE id BETWEEN 3213191 AND 3213291
	Index Scan using sbtest1_pkey on sbtest1  (cost=0.43..364.24 rows=92 width=125)
	  Index Cond: ((id >= 3213191) AND (id <= 3213291))

table 2 : explain SELECT id, c FROM sbtest2 WHERE id BETWEEN 3213191 AND 3213291
	Index Scan using sbtest2_pkey on sbtest2  (cost=0.43..379.72 rows=96 width=125)
	  Index Cond: ((id >= 3213191) AND (id <= 3213291))

table 3 : explain SELECT id, c FROM sbtest3 WHERE id BETWEEN 3213191 AND 3213291
	Index Scan using sbtest3_pkey on sbtest3  (cost=0.43..423.69 rows=107 width=125)
	  Index Cond: ((id >= 3213191) AND (id <= 3213291))

table 4 : explain SELECT id, c FROM sbtest4 WHERE id BETWEEN 3213191 AND 3213291
	Index Scan using sbtest4_pkey on sbtest4  (cost=0.43..439.73 rows=111 width=125)
	  Index Cond: ((id >= 3213191) AND (id <= 3213291))

table 5 : explain SELECT id, c FROM sbtest5 WHERE id BETWEEN 3213191 AND 3213291
	Index Scan using sbtest5_pkey on sbtest5  (cost=0.43..404.67 rows=102 width=125)
	  Index Cond: ((id >= 3213191) AND (id <= 3213291))

table 6 : explain SELECT id, c FROM sbtest6 WHERE id BETWEEN 3213191 AND 3213291
	Index Scan using sbtest6_pkey on sbtest6  (cost=0.43..419.92 rows=106 width=125)
	  Index Cond: ((id >= 3213191) AND (id <= 3213291))

table 7 : explain SELECT id, c FROM sbtest7 WHERE id BETWEEN 3213191 AND 3213291
	Index Scan using sbtest7_pkey on sbtest7  (cost=0.43..447.13 rows=113 width=125)
	  Index Cond: ((id >= 3213191) AND (id <= 3213291))

table 8 : explain SELECT id, c FROM sbtest8 WHERE id BETWEEN 3213191 AND 3213291
	Index Scan using sbtest8_pkey on sbtest8  (cost=0.43..416.46 rows=105 width=125)
	  Index Cond: ((id >= 3213191) AND (id <= 3213291))

explain: for range-notcovered :: explain SELECT id, c FROM sbtest%d WHERE id BETWEEN 3213191 AND 3213291
for range-notcovered
table 1 : explain SELECT id, c FROM sbtest1 WHERE id BETWEEN 6773626 AND 6773726
	Index Scan using sbtest1_pkey on sbtest1  (cost=0.43..415.08 rows=105 width=125)
	  Index Cond: ((id >= 6773626) AND (id <= 6773726))

table 2 : explain SELECT id, c FROM sbtest2 WHERE id BETWEEN 6773626 AND 6773726
	Index Scan using sbtest2_pkey on sbtest2  (cost=0.43..395.38 rows=100 width=125)
	  Index Cond: ((id >= 6773626) AND (id <= 6773726))

table 3 : explain SELECT id, c FROM sbtest3 WHERE id BETWEEN 6773626 AND 6773726
	Index Scan using sbtest3_pkey on sbtest3  (cost=0.43..396.28 rows=100 width=125)
	  Index Cond: ((id >= 6773626) AND (id <= 6773726))

table 4 : explain SELECT id, c FROM sbtest4 WHERE id BETWEEN 6773626 AND 6773726
	Index Scan using sbtest4_pkey on sbtest4  (cost=0.43..396.61 rows=100 width=125)
	  Index Cond: ((id >= 6773626) AND (id <= 6773726))

table 5 : explain SELECT id, c FROM sbtest5 WHERE id BETWEEN 6773626 AND 6773726
	Index Scan using sbtest5_pkey on sbtest5  (cost=0.43..377.21 rows=95 width=125)
	  Index Cond: ((id >= 6773626) AND (id <= 6773726))

table 6 : explain SELECT id, c FROM sbtest6 WHERE id BETWEEN 6773626 AND 6773726
	Index Scan using sbtest6_pkey on sbtest6  (cost=0.43..412.09 rows=104 width=125)
	  Index Cond: ((id >= 6773626) AND (id <= 6773726))

table 7 : explain SELECT id, c FROM sbtest7 WHERE id BETWEEN 6773626 AND 6773726
	Index Scan using sbtest7_pkey on sbtest7  (cost=0.43..411.88 rows=104 width=125)
	  Index Cond: ((id >= 6773626) AND (id <= 6773726))

table 8 : explain SELECT id, c FROM sbtest8 WHERE id BETWEEN 6773626 AND 6773726
	Index Scan using sbtest8_pkey on sbtest8  (cost=0.43..389.01 rows=98 width=125)
	  Index Cond: ((id >= 6773626) AND (id <= 6773726))

for range-notcovered
table 1 : explain SELECT id, c FROM sbtest1 WHERE id BETWEEN 1103334 AND 1103434
	Index Scan using sbtest1_pkey on sbtest1  (cost=0.43..430.72 rows=109 width=125)
	  Index Cond: ((id >= 1103334) AND (id <= 1103434))

table 2 : explain SELECT id, c FROM sbtest2 WHERE id BETWEEN 1103334 AND 1103434
	Index Scan using sbtest2_pkey on sbtest2  (cost=0.43..379.72 rows=96 width=125)
	  Index Cond: ((id >= 1103334) AND (id <= 1103434))

table 3 : explain SELECT id, c FROM sbtest3 WHERE id BETWEEN 1103334 AND 1103434
	Index Scan using sbtest3_pkey on sbtest3  (cost=0.43..380.61 rows=96 width=125)
	  Index Cond: ((id >= 1103334) AND (id <= 1103434))

table 4 : explain SELECT id, c FROM sbtest4 WHERE id BETWEEN 1103334 AND 1103434
	Index Scan using sbtest4_pkey on sbtest4  (cost=0.43..380.93 rows=96 width=125)
	  Index Cond: ((id >= 1103334) AND (id <= 1103434))

table 5 : explain SELECT id, c FROM sbtest5 WHERE id BETWEEN 1103334 AND 1103434
	Index Scan using sbtest5_pkey on sbtest5  (cost=0.43..412.51 rows=104 width=125)
	  Index Cond: ((id >= 1103334) AND (id <= 1103434))

table 6 : explain SELECT id, c FROM sbtest6 WHERE id BETWEEN 1103334 AND 1103434
	Index Scan using sbtest6_pkey on sbtest6  (cost=0.43..376.80 rows=95 width=125)
	  Index Cond: ((id >= 1103334) AND (id <= 1103434))

table 7 : explain SELECT id, c FROM sbtest7 WHERE id BETWEEN 1103334 AND 1103434
	Index Scan using sbtest7_pkey on sbtest7  (cost=0.43..396.22 rows=100 width=125)
	  Index Cond: ((id >= 1103334) AND (id <= 1103434))

table 8 : explain SELECT id, c FROM sbtest8 WHERE id BETWEEN 1103334 AND 1103434
	Index Scan using sbtest8_pkey on sbtest8  (cost=0.43..392.93 rows=99 width=125)
	  Index Cond: ((id >= 1103334) AND (id <= 1103434))

explain: for range-notcovered :: explain SELECT id, c FROM sbtest%d WHERE id BETWEEN 6773626 AND 6773726
explain: for range-notcovered :: explain SELECT id, c FROM sbtest%d WHERE id BETWEEN 1103334 AND 1103434
for range-notcovered
table 1 : explain SELECT id, c FROM sbtest1 WHERE id BETWEEN 3220699 AND 3220799
	Index Scan using sbtest1_pkey on sbtest1  (cost=0.43..364.24 rows=92 width=125)
	  Index Cond: ((id >= 3220699) AND (id <= 3220799))

table 2 : explain SELECT id, c FROM sbtest2 WHERE id BETWEEN 3220699 AND 3220799
	Index Scan using sbtest2_pkey on sbtest2  (cost=0.43..379.72 rows=96 width=125)
	  Index Cond: ((id >= 3220699) AND (id <= 3220799))

table 3 : explain SELECT id, c FROM sbtest3 WHERE id BETWEEN 3220699 AND 3220799
	Index Scan using sbtest3_pkey on sbtest3  (cost=0.43..423.69 rows=107 width=125)
	  Index Cond: ((id >= 3220699) AND (id <= 3220799))

table 4 : explain SELECT id, c FROM sbtest4 WHERE id BETWEEN 3220699 AND 3220799
	Index Scan using sbtest4_pkey on sbtest4  (cost=0.43..439.73 rows=111 width=125)
	  Index Cond: ((id >= 3220699) AND (id <= 3220799))

table 5 : explain SELECT id, c FROM sbtest5 WHERE id BETWEEN 3220699 AND 3220799
	Index Scan using sbtest5_pkey on sbtest5  (cost=0.43..404.67 rows=102 width=125)
	  Index Cond: ((id >= 3220699) AND (id <= 3220799))

table 6 : explain SELECT id, c FROM sbtest6 WHERE id BETWEEN 3220699 AND 3220799
	Index Scan using sbtest6_pkey on sbtest6  (cost=0.43..419.92 rows=106 width=125)
	  Index Cond: ((id >= 3220699) AND (id <= 3220799))

table 7 : explain SELECT id, c FROM sbtest7 WHERE id BETWEEN 3220699 AND 3220799
	Index Scan using sbtest7_pkey on sbtest7  (cost=0.43..447.13 rows=113 width=125)
	  Index Cond: ((id >= 3220699) AND (id <= 3220799))

table 8 : explain SELECT id, c FROM sbtest8 WHERE id BETWEEN 3220699 AND 3220799
	Index Scan using sbtest8_pkey on sbtest8  (cost=0.43..416.46 rows=105 width=125)
	  Index Cond: ((id >= 3220699) AND (id <= 3220799))

for range-notcovered
table 1 : explain SELECT id, c FROM sbtest1 WHERE id BETWEEN 8118516 AND 8118616
	Index Scan using sbtest1_pkey on sbtest1  (cost=0.43..434.63 rows=110 width=125)
	  Index Cond: ((id >= 8118516) AND (id <= 8118616))

table 2 : explain SELECT id, c FROM sbtest2 WHERE id BETWEEN 8118516 AND 8118616
	Index Scan using sbtest2_pkey on sbtest2  (cost=0.43..387.57 rows=98 width=125)
	  Index Cond: ((id >= 8118516) AND (id <= 8118616))

table 3 : explain SELECT id, c FROM sbtest3 WHERE id BETWEEN 8118516 AND 8118616
	Index Scan using sbtest3_pkey on sbtest3  (cost=0.43..423.69 rows=107 width=125)
	  Index Cond: ((id >= 8118516) AND (id <= 8118616))

table 4 : explain SELECT id, c FROM sbtest4 WHERE id BETWEEN 8118516 AND 8118616
	Index Scan using sbtest4_pkey on sbtest4  (cost=0.43..380.93 rows=96 width=125)
	  Index Cond: ((id >= 8118516) AND (id <= 8118616))

table 5 : explain SELECT id, c FROM sbtest5 WHERE id BETWEEN 8118516 AND 8118616
	Index Scan using sbtest5_pkey on sbtest5  (cost=0.43..377.21 rows=95 width=125)
	  Index Cond: ((id >= 8118516) AND (id <= 8118616))

table 6 : explain SELECT id, c FROM sbtest6 WHERE id BETWEEN 8118516 AND 8118616
	Index Scan using sbtest6_pkey on sbtest6  (cost=0.43..408.17 rows=103 width=125)
	  Index Cond: ((id >= 8118516) AND (id <= 8118616))

table 7 : explain SELECT id, c FROM sbtest7 WHERE id BETWEEN 8118516 AND 8118616
	Index Scan using sbtest7_pkey on sbtest7  (cost=0.43..400.13 rows=101 width=125)
	  Index Cond: ((id >= 8118516) AND (id <= 8118616))

table 8 : explain SELECT id, c FROM sbtest8 WHERE id BETWEEN 8118516 AND 8118616
	Index Scan using sbtest8_pkey on sbtest8  (cost=0.43..396.85 rows=100 width=125)
	  Index Cond: ((id >= 8118516) AND (id <= 8118616))

explain: for range-notcovered :: explain SELECT id, c FROM sbtest%d WHERE id BETWEEN 3220699 AND 3220799
for range-notcovered
table 1 : explain SELECT id, c FROM sbtest1 WHERE id BETWEEN 8851659 AND 8851759
	Index Scan using sbtest1_pkey on sbtest1  (cost=0.43..395.54 rows=100 width=125)
	  Index Cond: ((id >= 8851659) AND (id <= 8851759))

table 2 : explain SELECT id, c FROM sbtest2 WHERE id BETWEEN 8851659 AND 8851759
	Index Scan using sbtest2_pkey on sbtest2  (cost=0.43..414.92 rows=105 width=125)
	  Index Cond: ((id >= 8851659) AND (id <= 8851759))

table 3 : explain SELECT id, c FROM sbtest3 WHERE id BETWEEN 8851659 AND 8851759
	Index Scan using sbtest3_pkey on sbtest3  (cost=0.43..380.61 rows=96 width=125)
	  Index Cond: ((id >= 8851659) AND (id <= 8851759))

table 4 : explain SELECT id, c FROM sbtest4 WHERE id BETWEEN 8851659 AND 8851759
	Index Scan using sbtest4_pkey on sbtest4  (cost=0.43..412.29 rows=104 width=125)
	  Index Cond: ((id >= 8851659) AND (id <= 8851759))

table 5 : explain SELECT id, c FROM sbtest5 WHERE id BETWEEN 8851659 AND 8851759
	Index Scan using sbtest5_pkey on sbtest5  (cost=0.43..385.06 rows=97 width=125)
	  Index Cond: ((id >= 8851659) AND (id <= 8851759))

table 6 : explain SELECT id, c FROM sbtest6 WHERE id BETWEEN 8851659 AND 8851759
	Index Scan using sbtest6_pkey on sbtest6  (cost=0.43..400.33 rows=101 width=125)
	  Index Cond: ((id >= 8851659) AND (id <= 8851759))

table 7 : explain SELECT id, c FROM sbtest7 WHERE id BETWEEN 8851659 AND 8851759
	Index Scan using sbtest7_pkey on sbtest7  (cost=0.43..411.88 rows=104 width=125)
	  Index Cond: ((id >= 8851659) AND (id <= 8851759))

table 8 : explain SELECT id, c FROM sbtest8 WHERE id BETWEEN 8851659 AND 8851759
	Index Scan using sbtest8_pkey on sbtest8  (cost=0.43..385.08 rows=97 width=125)
	  Index Cond: ((id >= 8851659) AND (id <= 8851759))

explain: for range-notcovered :: explain SELECT id, c FROM sbtest%d WHERE id BETWEEN 8851659 AND 8851759
explain: for range-notcovered :: explain SELECT id, c FROM sbtest%d WHERE id BETWEEN 4011851 AND 4011951
for range-notcovered
table 1 : explain SELECT id, c FROM sbtest1 WHERE id BETWEEN 3213191 AND 3213291
	Index Scan using sbtest1_pkey on sbtest1  (cost=0.43..364.24 rows=92 width=125)
	  Index Cond: ((id >= 3213191) AND (id <= 3213291))

table 2 : explain SELECT id, c FROM sbtest2 WHERE id BETWEEN 3213191 AND 3213291
	Index Scan using sbtest2_pkey on sbtest2  (cost=0.43..379.72 rows=96 width=125)
	  Index Cond: ((id >= 3213191) AND (id <= 3213291))

table 3 : explain SELECT id, c FROM sbtest3 WHERE id BETWEEN 3213191 AND 3213291
	Index Scan using sbtest3_pkey on sbtest3  (cost=0.43..423.69 rows=107 width=125)
	  Index Cond: ((id >= 3213191) AND (id <= 3213291))

table 4 : explain SELECT id, c FROM sbtest4 WHERE id BETWEEN 3213191 AND 3213291
	Index Scan using sbtest4_pkey on sbtest4  (cost=0.43..439.73 rows=111 width=125)
	  Index Cond: ((id >= 3213191) AND (id <= 3213291))

table 5 : explain SELECT id, c FROM sbtest5 WHERE id BETWEEN 3213191 AND 3213291
	Index Scan using sbtest5_pkey on sbtest5  (cost=0.43..404.67 rows=102 width=125)
	  Index Cond: ((id >= 3213191) AND (id <= 3213291))

table 6 : explain SELECT id, c FROM sbtest6 WHERE id BETWEEN 3213191 AND 3213291
	Index Scan using sbtest6_pkey on sbtest6  (cost=0.43..419.92 rows=106 width=125)
	  Index Cond: ((id >= 3213191) AND (id <= 3213291))

table 7 : explain SELECT id, c FROM sbtest7 WHERE id BETWEEN 3213191 AND 3213291
	Index Scan using sbtest7_pkey on sbtest7  (cost=0.43..447.13 rows=113 width=125)
	  Index Cond: ((id >= 3213191) AND (id <= 3213291))

table 8 : explain SELECT id, c FROM sbtest8 WHERE id BETWEEN 3213191 AND 3213291
	Index Scan using sbtest8_pkey on sbtest8  (cost=0.43..416.46 rows=105 width=125)
	  Index Cond: ((id >= 3213191) AND (id <= 3213291))

for range-notcovered
table 1 : explain SELECT id, c FROM sbtest1 WHERE id BETWEEN 6773626 AND 6773726
	Index Scan using sbtest1_pkey on sbtest1  (cost=0.43..415.08 rows=105 width=125)
	  Index Cond: ((id >= 6773626) AND (id <= 6773726))

table 2 : explain SELECT id, c FROM sbtest2 WHERE id BETWEEN 6773626 AND 6773726
	Index Scan using sbtest2_pkey on sbtest2  (cost=0.43..395.38 rows=100 width=125)
	  Index Cond: ((id >= 6773626) AND (id <= 6773726))

table 3 : explain SELECT id, c FROM sbtest3 WHERE id BETWEEN 6773626 AND 6773726
	Index Scan using sbtest3_pkey on sbtest3  (cost=0.43..396.28 rows=100 width=125)
	  Index Cond: ((id >= 6773626) AND (id <= 6773726))

table 4 : explain SELECT id, c FROM sbtest4 WHERE id BETWEEN 6773626 AND 6773726
	Index Scan using sbtest4_pkey on sbtest4  (cost=0.43..396.61 rows=100 width=125)
	  Index Cond: ((id >= 6773626) AND (id <= 6773726))

table 5 : explain SELECT id, c FROM sbtest5 WHERE id BETWEEN 6773626 AND 6773726
	Index Scan using sbtest5_pkey on sbtest5  (cost=0.43..377.21 rows=95 width=125)
	  Index Cond: ((id >= 6773626) AND (id <= 6773726))

table 6 : explain SELECT id, c FROM sbtest6 WHERE id BETWEEN 6773626 AND 6773726
	Index Scan using sbtest6_pkey on sbtest6  (cost=0.43..412.09 rows=104 width=125)
	  Index Cond: ((id >= 6773626) AND (id <= 6773726))

table 7 : explain SELECT id, c FROM sbtest7 WHERE id BETWEEN 6773626 AND 6773726
	Index Scan using sbtest7_pkey on sbtest7  (cost=0.43..411.88 rows=104 width=125)
	  Index Cond: ((id >= 6773626) AND (id <= 6773726))

table 8 : explain SELECT id, c FROM sbtest8 WHERE id BETWEEN 6773626 AND 6773726
	Index Scan using sbtest8_pkey on sbtest8  (cost=0.43..389.01 rows=98 width=125)
	  Index Cond: ((id >= 6773626) AND (id <= 6773726))

explain: for range-notcovered :: explain SELECT id, c FROM sbtest%d WHERE id BETWEEN 3213191 AND 3213291
for range-notcovered
table 1 : explain SELECT id, c FROM sbtest1 WHERE id BETWEEN 2746269 AND 2746369
	Index Scan using sbtest1_pkey on sbtest1  (cost=0.43..391.63 rows=99 width=125)
	  Index Cond: ((id >= 2746269) AND (id <= 2746369))

table 2 : explain SELECT id, c FROM sbtest2 WHERE id BETWEEN 2746269 AND 2746369
	Index Scan using sbtest2_pkey on sbtest2  (cost=0.43..403.19 rows=102 width=125)
	  Index Cond: ((id >= 2746269) AND (id <= 2746369))

table 3 : explain SELECT id, c FROM sbtest3 WHERE id BETWEEN 2746269 AND 2746369
	Index Scan using sbtest3_pkey on sbtest3  (cost=0.43..372.78 rows=94 width=125)
	  Index Cond: ((id >= 2746269) AND (id <= 2746369))

table 4 : explain SELECT id, c FROM sbtest4 WHERE id BETWEEN 2746269 AND 2746369
	Index Scan using sbtest4_pkey on sbtest4  (cost=0.43..392.69 rows=99 width=125)
	  Index Cond: ((id >= 2746269) AND (id <= 2746369))

table 5 : explain SELECT id, c FROM sbtest5 WHERE id BETWEEN 2746269 AND 2746369
	Index Scan using sbtest5_pkey on sbtest5  (cost=0.43..353.66 rows=89 width=125)
	  Index Cond: ((id >= 2746269) AND (id <= 2746369))

table 6 : explain SELECT id, c FROM sbtest6 WHERE id BETWEEN 2746269 AND 2746369
	Index Scan using sbtest6_pkey on sbtest6  (cost=0.43..435.59 rows=110 width=125)
	  Index Cond: ((id >= 2746269) AND (id <= 2746369))

table 7 : explain SELECT id, c FROM sbtest7 WHERE id BETWEEN 2746269 AND 2746369
	Index Scan using sbtest7_pkey on sbtest7  (cost=0.43..368.81 rows=93 width=125)
	  Index Cond: ((id >= 2746269) AND (id <= 2746369))

table 8 : explain SELECT id, c FROM sbtest8 WHERE id BETWEEN 2746269 AND 2746369
	Index Scan using sbtest8_pkey on sbtest8  (cost=0.43..416.46 rows=105 width=125)
	  Index Cond: ((id >= 2746269) AND (id <= 2746369))

for range-notcovered
table 1 : explain SELECT id, c FROM sbtest1 WHERE id BETWEEN 1103334 AND 1103434
	Index Scan using sbtest1_pkey on sbtest1  (cost=0.43..430.72 rows=109 width=125)
	  Index Cond: ((id >= 1103334) AND (id <= 1103434))

table 2 : explain SELECT id, c FROM sbtest2 WHERE id BETWEEN 1103334 AND 1103434
	Index Scan using sbtest2_pkey on sbtest2  (cost=0.43..379.72 rows=96 width=125)
	  Index Cond: ((id >= 1103334) AND (id <= 1103434))

table 3 : explain SELECT id, c FROM sbtest3 WHERE id BETWEEN 1103334 AND 1103434
	Index Scan using sbtest3_pkey on sbtest3  (cost=0.43..380.61 rows=96 width=125)
	  Index Cond: ((id >= 1103334) AND (id <= 1103434))

table 4 : explain SELECT id, c FROM sbtest4 WHERE id BETWEEN 1103334 AND 1103434
	Index Scan using sbtest4_pkey on sbtest4  (cost=0.43..380.93 rows=96 width=125)
	  Index Cond: ((id >= 1103334) AND (id <= 1103434))

table 5 : explain SELECT id, c FROM sbtest5 WHERE id BETWEEN 1103334 AND 1103434
	Index Scan using sbtest5_pkey on sbtest5  (cost=0.43..412.51 rows=104 width=125)
	  Index Cond: ((id >= 1103334) AND (id <= 1103434))

table 6 : explain SELECT id, c FROM sbtest6 WHERE id BETWEEN 1103334 AND 1103434
	Index Scan using sbtest6_pkey on sbtest6  (cost=0.43..376.80 rows=95 width=125)
	  Index Cond: ((id >= 1103334) AND (id <= 1103434))

table 7 : explain SELECT id, c FROM sbtest7 WHERE id BETWEEN 1103334 AND 1103434
	Index Scan using sbtest7_pkey on sbtest7  (cost=0.43..396.22 rows=100 width=125)
	  Index Cond: ((id >= 1103334) AND (id <= 1103434))

table 8 : explain SELECT id, c FROM sbtest8 WHERE id BETWEEN 1103334 AND 1103434
	Index Scan using sbtest8_pkey on sbtest8  (cost=0.43..392.93 rows=99 width=125)
	  Index Cond: ((id >= 1103334) AND (id <= 1103434))

explain: for range-notcovered :: explain SELECT id, c FROM sbtest%d WHERE id BETWEEN 6773626 AND 6773726
explain: for range-notcovered :: explain SELECT id, c FROM sbtest%d WHERE id BETWEEN 1103334 AND 1103434
explain: for range-notcovered :: explain SELECT id, c FROM sbtest%d WHERE id BETWEEN 2746269 AND 2746369
for range-notcovered
table 1 : explain SELECT id, c FROM sbtest1 WHERE id BETWEEN 8851659 AND 8851759
	Index Scan using sbtest1_pkey on sbtest1  (cost=0.43..395.54 rows=100 width=125)
	  Index Cond: ((id >= 8851659) AND (id <= 8851759))

table 2 : explain SELECT id, c FROM sbtest2 WHERE id BETWEEN 8851659 AND 8851759
	Index Scan using sbtest2_pkey on sbtest2  (cost=0.43..414.92 rows=105 width=125)
	  Index Cond: ((id >= 8851659) AND (id <= 8851759))

table 3 : explain SELECT id, c FROM sbtest3 WHERE id BETWEEN 8851659 AND 8851759
	Index Scan using sbtest3_pkey on sbtest3  (cost=0.43..380.61 rows=96 width=125)
	  Index Cond: ((id >= 8851659) AND (id <= 8851759))

table 4 : explain SELECT id, c FROM sbtest4 WHERE id BETWEEN 8851659 AND 8851759
	Index Scan using sbtest4_pkey on sbtest4  (cost=0.43..412.29 rows=104 width=125)
	  Index Cond: ((id >= 8851659) AND (id <= 8851759))

table 5 : explain SELECT id, c FROM sbtest5 WHERE id BETWEEN 8851659 AND 8851759
	Index Scan using sbtest5_pkey on sbtest5  (cost=0.43..385.06 rows=97 width=125)
	  Index Cond: ((id >= 8851659) AND (id <= 8851759))

table 6 : explain SELECT id, c FROM sbtest6 WHERE id BETWEEN 8851659 AND 8851759
	Index Scan using sbtest6_pkey on sbtest6  (cost=0.43..400.33 rows=101 width=125)
	  Index Cond: ((id >= 8851659) AND (id <= 8851759))

table 7 : explain SELECT id, c FROM sbtest7 WHERE id BETWEEN 8851659 AND 8851759
	Index Scan using sbtest7_pkey on sbtest7  (cost=0.43..411.88 rows=104 width=125)
	  Index Cond: ((id >= 8851659) AND (id <= 8851759))

table 8 : explain SELECT id, c FROM sbtest8 WHERE id BETWEEN 8851659 AND 8851759
	Index Scan using sbtest8_pkey on sbtest8  (cost=0.43..385.08 rows=97 width=125)
	  Index Cond: ((id >= 8851659) AND (id <= 8851759))

explain: for range-notcovered :: explain SELECT id, c FROM sbtest%d WHERE id BETWEEN 8851659 AND 8851759
for range-notcovered
table 1 : explain SELECT id, c FROM sbtest1 WHERE id BETWEEN 3213191 AND 3213291
	Index Scan using sbtest1_pkey on sbtest1  (cost=0.43..364.24 rows=92 width=125)
	  Index Cond: ((id >= 3213191) AND (id <= 3213291))

table 2 : explain SELECT id, c FROM sbtest2 WHERE id BETWEEN 3213191 AND 3213291
	Index Scan using sbtest2_pkey on sbtest2  (cost=0.43..379.72 rows=96 width=125)
	  Index Cond: ((id >= 3213191) AND (id <= 3213291))

table 3 : explain SELECT id, c FROM sbtest3 WHERE id BETWEEN 3213191 AND 3213291
	Index Scan using sbtest3_pkey on sbtest3  (cost=0.43..423.69 rows=107 width=125)
	  Index Cond: ((id >= 3213191) AND (id <= 3213291))

table 4 : explain SELECT id, c FROM sbtest4 WHERE id BETWEEN 3213191 AND 3213291
	Index Scan using sbtest4_pkey on sbtest4  (cost=0.43..439.73 rows=111 width=125)
	  Index Cond: ((id >= 3213191) AND (id <= 3213291))

table 5 : explain SELECT id, c FROM sbtest5 WHERE id BETWEEN 3213191 AND 3213291
	Index Scan using sbtest5_pkey on sbtest5  (cost=0.43..404.67 rows=102 width=125)
	  Index Cond: ((id >= 3213191) AND (id <= 3213291))

table 6 : explain SELECT id, c FROM sbtest6 WHERE id BETWEEN 3213191 AND 3213291
	Index Scan using sbtest6_pkey on sbtest6  (cost=0.43..419.92 rows=106 width=125)
	  Index Cond: ((id >= 3213191) AND (id <= 3213291))

table 7 : explain SELECT id, c FROM sbtest7 WHERE id BETWEEN 3213191 AND 3213291
	Index Scan using sbtest7_pkey on sbtest7  (cost=0.43..447.13 rows=113 width=125)
	  Index Cond: ((id >= 3213191) AND (id <= 3213291))

table 8 : explain SELECT id, c FROM sbtest8 WHERE id BETWEEN 3213191 AND 3213291
	Index Scan using sbtest8_pkey on sbtest8  (cost=0.43..416.46 rows=105 width=125)
	  Index Cond: ((id >= 3213191) AND (id <= 3213291))

for range-notcovered
table 1 : explain SELECT id, c FROM sbtest1 WHERE id BETWEEN 6773626 AND 6773726
	Index Scan using sbtest1_pkey on sbtest1  (cost=0.43..415.08 rows=105 width=125)
	  Index Cond: ((id >= 6773626) AND (id <= 6773726))

table 2 : explain SELECT id, c FROM sbtest2 WHERE id BETWEEN 6773626 AND 6773726
	Index Scan using sbtest2_pkey on sbtest2  (cost=0.43..395.38 rows=100 width=125)
	  Index Cond: ((id >= 6773626) AND (id <= 6773726))

table 3 : explain SELECT id, c FROM sbtest3 WHERE id BETWEEN 6773626 AND 6773726
	Index Scan using sbtest3_pkey on sbtest3  (cost=0.43..396.28 rows=100 width=125)
	  Index Cond: ((id >= 6773626) AND (id <= 6773726))

table 4 : explain SELECT id, c FROM sbtest4 WHERE id BETWEEN 6773626 AND 6773726
	Index Scan using sbtest4_pkey on sbtest4  (cost=0.43..396.61 rows=100 width=125)
	  Index Cond: ((id >= 6773626) AND (id <= 6773726))

table 5 : explain SELECT id, c FROM sbtest5 WHERE id BETWEEN 6773626 AND 6773726
	Index Scan using sbtest5_pkey on sbtest5  (cost=0.43..377.21 rows=95 width=125)
	  Index Cond: ((id >= 6773626) AND (id <= 6773726))

table 6 : explain SELECT id, c FROM sbtest6 WHERE id BETWEEN 6773626 AND 6773726
	Index Scan using sbtest6_pkey on sbtest6  (cost=0.43..412.09 rows=104 width=125)
	  Index Cond: ((id >= 6773626) AND (id <= 6773726))

table 7 : explain SELECT id, c FROM sbtest7 WHERE id BETWEEN 6773626 AND 6773726
	Index Scan using sbtest7_pkey on sbtest7  (cost=0.43..411.88 rows=104 width=125)
	  Index Cond: ((id >= 6773626) AND (id <= 6773726))

table 8 : explain SELECT id, c FROM sbtest8 WHERE id BETWEEN 6773626 AND 6773726
	Index Scan using sbtest8_pkey on sbtest8  (cost=0.43..389.01 rows=98 width=125)
	  Index Cond: ((id >= 6773626) AND (id <= 6773726))

for range-notcovered
table 1 : explain SELECT id, c FROM sbtest1 WHERE id BETWEEN 1103334 AND 1103434
	Index Scan using sbtest1_pkey on sbtest1  (cost=0.43..430.72 rows=109 width=125)
	  Index Cond: ((id >= 1103334) AND (id <= 1103434))

table 2 : explain SELECT id, c FROM sbtest2 WHERE id BETWEEN 1103334 AND 1103434
	Index Scan using sbtest2_pkey on sbtest2  (cost=0.43..379.72 rows=96 width=125)
	  Index Cond: ((id >= 1103334) AND (id <= 1103434))

table 3 : explain SELECT id, c FROM sbtest3 WHERE id BETWEEN 1103334 AND 1103434
	Index Scan using sbtest3_pkey on sbtest3  (cost=0.43..380.61 rows=96 width=125)
	  Index Cond: ((id >= 1103334) AND (id <= 1103434))

table 4 : explain SELECT id, c FROM sbtest4 WHERE id BETWEEN 1103334 AND 1103434
	Index Scan using sbtest4_pkey on sbtest4  (cost=0.43..380.93 rows=96 width=125)
	  Index Cond: ((id >= 1103334) AND (id <= 1103434))

table 5 : explain SELECT id, c FROM sbtest5 WHERE id BETWEEN 1103334 AND 1103434
	Index Scan using sbtest5_pkey on sbtest5  (cost=0.43..412.51 rows=104 width=125)
	  Index Cond: ((id >= 1103334) AND (id <= 1103434))

table 6 : explain SELECT id, c FROM sbtest6 WHERE id BETWEEN 1103334 AND 1103434
	Index Scan using sbtest6_pkey on sbtest6  (cost=0.43..376.80 rows=95 width=125)
	  Index Cond: ((id >= 1103334) AND (id <= 1103434))

table 7 : explain SELECT id, c FROM sbtest7 WHERE id BETWEEN 1103334 AND 1103434
	Index Scan using sbtest7_pkey on sbtest7  (cost=0.43..396.22 rows=100 width=125)
	  Index Cond: ((id >= 1103334) AND (id <= 1103434))

table 8 : explain SELECT id, c FROM sbtest8 WHERE id BETWEEN 1103334 AND 1103434
	Index Scan using sbtest8_pkey on sbtest8  (cost=0.43..392.93 rows=99 width=125)
	  Index Cond: ((id >= 1103334) AND (id <= 1103434))

explain: for range-notcovered :: explain SELECT id, c FROM sbtest%d WHERE id BETWEEN 6773626 AND 6773726
explain: for range-notcovered :: explain SELECT id, c FROM sbtest%d WHERE id BETWEEN 3213191 AND 3213291
for range-notcovered
table 1 : explain SELECT id, c FROM sbtest1 WHERE id BETWEEN 3220699 AND 3220799
	Index Scan using sbtest1_pkey on sbtest1  (cost=0.43..364.24 rows=92 width=125)
	  Index Cond: ((id >= 3220699) AND (id <= 3220799))

table 2 : explain SELECT id, c FROM sbtest2 WHERE id BETWEEN 3220699 AND 3220799
	Index Scan using sbtest2_pkey on sbtest2  (cost=0.43..379.72 rows=96 width=125)
	  Index Cond: ((id >= 3220699) AND (id <= 3220799))

table 3 : explain SELECT id, c FROM sbtest3 WHERE id BETWEEN 3220699 AND 3220799
	Index Scan using sbtest3_pkey on sbtest3  (cost=0.43..423.69 rows=107 width=125)
	  Index Cond: ((id >= 3220699) AND (id <= 3220799))

table 4 : explain SELECT id, c FROM sbtest4 WHERE id BETWEEN 3220699 AND 3220799
	Index Scan using sbtest4_pkey on sbtest4  (cost=0.43..439.73 rows=111 width=125)
	  Index Cond: ((id >= 3220699) AND (id <= 3220799))

table 5 : explain SELECT id, c FROM sbtest5 WHERE id BETWEEN 3220699 AND 3220799
	Index Scan using sbtest5_pkey on sbtest5  (cost=0.43..404.67 rows=102 width=125)
	  Index Cond: ((id >= 3220699) AND (id <= 3220799))

table 6 : explain SELECT id, c FROM sbtest6 WHERE id BETWEEN 3220699 AND 3220799
	Index Scan using sbtest6_pkey on sbtest6  (cost=0.43..419.92 rows=106 width=125)
	  Index Cond: ((id >= 3220699) AND (id <= 3220799))

table 7 : explain SELECT id, c FROM sbtest7 WHERE id BETWEEN 3220699 AND 3220799
	Index Scan using sbtest7_pkey on sbtest7  (cost=0.43..447.13 rows=113 width=125)
	  Index Cond: ((id >= 3220699) AND (id <= 3220799))

table 8 : explain SELECT id, c FROM sbtest8 WHERE id BETWEEN 3220699 AND 3220799
	Index Scan using sbtest8_pkey on sbtest8  (cost=0.43..416.46 rows=105 width=125)
	  Index Cond: ((id >= 3220699) AND (id <= 3220799))

explain: for range-notcovered :: explain SELECT id, c FROM sbtest%d WHERE id BETWEEN 3857960 AND 3858060
explain: for range-notcovered :: explain SELECT id, c FROM sbtest%d WHERE id BETWEEN 1103334 AND 1103434
explain: for range-notcovered :: explain SELECT id, c FROM sbtest%d WHERE id BETWEEN 3220699 AND 3220799
for range-notcovered
table 1 : explain SELECT id, c FROM sbtest1 WHERE id BETWEEN 8851659 AND 8851759
	Index Scan using sbtest1_pkey on sbtest1  (cost=0.43..395.54 rows=100 width=125)
	  Index Cond: ((id >= 8851659) AND (id <= 8851759))

table 2 : explain SELECT id, c FROM sbtest2 WHERE id BETWEEN 8851659 AND 8851759
	Index Scan using sbtest2_pkey on sbtest2  (cost=0.43..414.92 rows=105 width=125)
	  Index Cond: ((id >= 8851659) AND (id <= 8851759))

table 3 : explain SELECT id, c FROM sbtest3 WHERE id BETWEEN 8851659 AND 8851759
	Index Scan using sbtest3_pkey on sbtest3  (cost=0.43..380.61 rows=96 width=125)
	  Index Cond: ((id >= 8851659) AND (id <= 8851759))

table 4 : explain SELECT id, c FROM sbtest4 WHERE id BETWEEN 8851659 AND 8851759
	Index Scan using sbtest4_pkey on sbtest4  (cost=0.43..412.29 rows=104 width=125)
	  Index Cond: ((id >= 8851659) AND (id <= 8851759))

table 5 : explain SELECT id, c FROM sbtest5 WHERE id BETWEEN 8851659 AND 8851759
	Index Scan using sbtest5_pkey on sbtest5  (cost=0.43..385.06 rows=97 width=125)
	  Index Cond: ((id >= 8851659) AND (id <= 8851759))

table 6 : explain SELECT id, c FROM sbtest6 WHERE id BETWEEN 8851659 AND 8851759
	Index Scan using sbtest6_pkey on sbtest6  (cost=0.43..400.33 rows=101 width=125)
	  Index Cond: ((id >= 8851659) AND (id <= 8851759))

table 7 : explain SELECT id, c FROM sbtest7 WHERE id BETWEEN 8851659 AND 8851759
	Index Scan using sbtest7_pkey on sbtest7  (cost=0.43..411.88 rows=104 width=125)
	  Index Cond: ((id >= 8851659) AND (id <= 8851759))

table 8 : explain SELECT id, c FROM sbtest8 WHERE id BETWEEN 8851659 AND 8851759
	Index Scan using sbtest8_pkey on sbtest8  (cost=0.43..385.08 rows=97 width=125)
	  Index Cond: ((id >= 8851659) AND (id <= 8851759))

explain: for range-notcovered :: explain SELECT id, c FROM sbtest%d WHERE id BETWEEN 7822072 AND 7822172
for range-notcovered
table 1 : explain SELECT id, c FROM sbtest1 WHERE id BETWEEN 4932467 AND 4932567
	Index Scan using sbtest1_pkey on sbtest1  (cost=0.43..379.90 rows=96 width=125)
	  Index Cond: ((id >= 4932467) AND (id <= 4932567))

table 2 : explain SELECT id, c FROM sbtest2 WHERE id BETWEEN 4932467 AND 4932567
	Index Scan using sbtest2_pkey on sbtest2  (cost=0.43..364.09 rows=92 width=125)
	  Index Cond: ((id >= 4932467) AND (id <= 4932567))

table 3 : explain SELECT id, c FROM sbtest3 WHERE id BETWEEN 4932467 AND 4932567
	Index Scan using sbtest3_pkey on sbtest3  (cost=0.43..364.94 rows=92 width=125)
	  Index Cond: ((id >= 4932467) AND (id <= 4932567))

table 4 : explain SELECT id, c FROM sbtest4 WHERE id BETWEEN 4932467 AND 4932567
	Index Scan using sbtest4_pkey on sbtest4  (cost=0.43..396.61 rows=100 width=125)
	  Index Cond: ((id >= 4932467) AND (id <= 4932567))

table 5 : explain SELECT id, c FROM sbtest5 WHERE id BETWEEN 4932467 AND 4932567
	Index Scan using sbtest5_pkey on sbtest5  (cost=0.43..420.36 rows=106 width=125)
	  Index Cond: ((id >= 4932467) AND (id <= 4932567))

table 6 : explain SELECT id, c FROM sbtest6 WHERE id BETWEEN 4932467 AND 4932567
	Index Scan using sbtest6_pkey on sbtest6  (cost=0.43..380.74 rows=96 width=125)
	  Index Cond: ((id >= 4932467) AND (id <= 4932567))

table 7 : explain SELECT id, c FROM sbtest7 WHERE id BETWEEN 4932467 AND 4932567
	Index Scan using sbtest7_pkey on sbtest7  (cost=0.43..376.64 rows=95 width=125)
	  Index Cond: ((id >= 4932467) AND (id <= 4932567))

table 8 : explain SELECT id, c FROM sbtest8 WHERE id BETWEEN 4932467 AND 4932567
	Index Scan using sbtest8_pkey on sbtest8  (cost=0.43..428.23 rows=108 width=125)
	  Index Cond: ((id >= 4932467) AND (id <= 4932567))

for range-notcovered
table 1 : explain SELECT id, c FROM sbtest1 WHERE id BETWEEN 2746269 AND 2746369
	Index Scan using sbtest1_pkey on sbtest1  (cost=0.43..391.63 rows=99 width=125)
	  Index Cond: ((id >= 2746269) AND (id <= 2746369))

table 2 : explain SELECT id, c FROM sbtest2 WHERE id BETWEEN 2746269 AND 2746369
	Index Scan using sbtest2_pkey on sbtest2  (cost=0.43..403.19 rows=102 width=125)
	  Index Cond: ((id >= 2746269) AND (id <= 2746369))

table 3 : explain SELECT id, c FROM sbtest3 WHERE id BETWEEN 2746269 AND 2746369
	Index Scan using sbtest3_pkey on sbtest3  (cost=0.43..372.78 rows=94 width=125)
	  Index Cond: ((id >= 2746269) AND (id <= 2746369))

table 4 : explain SELECT id, c FROM sbtest4 WHERE id BETWEEN 2746269 AND 2746369
	Index Scan using sbtest4_pkey on sbtest4  (cost=0.43..392.69 rows=99 width=125)
	  Index Cond: ((id >= 2746269) AND (id <= 2746369))

table 5 : explain SELECT id, c FROM sbtest5 WHERE id BETWEEN 2746269 AND 2746369
	Index Scan using sbtest5_pkey on sbtest5  (cost=0.43..353.66 rows=89 width=125)
	  Index Cond: ((id >= 2746269) AND (id <= 2746369))

table 6 : explain SELECT id, c FROM sbtest6 WHERE id BETWEEN 2746269 AND 2746369
	Index Scan using sbtest6_pkey on sbtest6  (cost=0.43..435.59 rows=110 width=125)
	  Index Cond: ((id >= 2746269) AND (id <= 2746369))

table 7 : explain SELECT id, c FROM sbtest7 WHERE id BETWEEN 2746269 AND 2746369
	Index Scan using sbtest7_pkey on sbtest7  (cost=0.43..368.81 rows=93 width=125)
	  Index Cond: ((id >= 2746269) AND (id <= 2746369))

table 8 : explain SELECT id, c FROM sbtest8 WHERE id BETWEEN 2746269 AND 2746369
	Index Scan using sbtest8_pkey on sbtest8  (cost=0.43..416.46 rows=105 width=125)
	  Index Cond: ((id >= 2746269) AND (id <= 2746369))
for range-notcovered
table 1 : explain SELECT id, c FROM sbtest1 WHERE id BETWEEN 3213191 AND 3213291
	Index Scan using sbtest1_pkey on sbtest1  (cost=0.43..364.24 rows=92 width=125)
	  Index Cond: ((id >= 3213191) AND (id <= 3213291))

table 2 : explain SELECT id, c FROM sbtest2 WHERE id BETWEEN 3213191 AND 3213291
	Index Scan using sbtest2_pkey on sbtest2  (cost=0.43..379.72 rows=96 width=125)
	  Index Cond: ((id >= 3213191) AND (id <= 3213291))

table 3 : explain SELECT id, c FROM sbtest3 WHERE id BETWEEN 3213191 AND 3213291
	Index Scan using sbtest3_pkey on sbtest3  (cost=0.43..423.69 rows=107 width=125)
	  Index Cond: ((id >= 3213191) AND (id <= 3213291))

table 4 : explain SELECT id, c FROM sbtest4 WHERE id BETWEEN 3213191 AND 3213291
	Index Scan using sbtest4_pkey on sbtest4  (cost=0.43..439.73 rows=111 width=125)
	  Index Cond: ((id >= 3213191) AND (id <= 3213291))

table 5 : explain SELECT id, c FROM sbtest5 WHERE id BETWEEN 3213191 AND 3213291
	Index Scan using sbtest5_pkey on sbtest5  (cost=0.43..404.67 rows=102 width=125)
	  Index Cond: ((id >= 3213191) AND (id <= 3213291))

table 6 : explain SELECT id, c FROM sbtest6 WHERE id BETWEEN 3213191 AND 3213291
	Index Scan using sbtest6_pkey on sbtest6  (cost=0.43..419.92 rows=106 width=125)
	  Index Cond: ((id >= 3213191) AND (id <= 3213291))

table 7 : explain SELECT id, c FROM sbtest7 WHERE id BETWEEN 3213191 AND 3213291
	Index Scan using sbtest7_pkey on sbtest7  (cost=0.43..447.13 rows=113 width=125)
	  Index Cond: ((id >= 3213191) AND (id <= 3213291))

table 8 : explain SELECT id, c FROM sbtest8 WHERE id BETWEEN 3213191 AND 3213291
	Index Scan using sbtest8_pkey on sbtest8  (cost=0.43..416.46 rows=105 width=125)
	  Index Cond: ((id >= 3213191) AND (id <= 3213291))


for range-notcovered
table 1 : explain SELECT id, c FROM sbtest1 WHERE id BETWEEN 6773626 AND 6773726
	Index Scan using sbtest1_pkey on sbtest1  (cost=0.43..415.08 rows=105 width=125)
	  Index Cond: ((id >= 6773626) AND (id <= 6773726))

table 2 : explain SELECT id, c FROM sbtest2 WHERE id BETWEEN 6773626 AND 6773726
	Index Scan using sbtest2_pkey on sbtest2  (cost=0.43..395.38 rows=100 width=125)
	  Index Cond: ((id >= 6773626) AND (id <= 6773726))

table 3 : explain SELECT id, c FROM sbtest3 WHERE id BETWEEN 6773626 AND 6773726
	Index Scan using sbtest3_pkey on sbtest3  (cost=0.43..396.28 rows=100 width=125)
	  Index Cond: ((id >= 6773626) AND (id <= 6773726))

table 4 : explain SELECT id, c FROM sbtest4 WHERE id BETWEEN 6773626 AND 6773726
	Index Scan using sbtest4_pkey on sbtest4  (cost=0.43..396.61 rows=100 width=125)
	  Index Cond: ((id >= 6773626) AND (id <= 6773726))

table 5 : explain SELECT id, c FROM sbtest5 WHERE id BETWEEN 6773626 AND 6773726
	Index Scan using sbtest5_pkey on sbtest5  (cost=0.43..377.21 rows=95 width=125)
	  Index Cond: ((id >= 6773626) AND (id <= 6773726))

table 6 : explain SELECT id, c FROM sbtest6 WHERE id BETWEEN 6773626 AND 6773726
	Index Scan using sbtest6_pkey on sbtest6  (cost=0.43..412.09 rows=104 width=125)
	  Index Cond: ((id >= 6773626) AND (id <= 6773726))

table 7 : explain SELECT id, c FROM sbtest7 WHERE id BETWEEN 6773626 AND 6773726
	Index Scan using sbtest7_pkey on sbtest7  (cost=0.43..411.88 rows=104 width=125)
	  Index Cond: ((id >= 6773626) AND (id <= 6773726))

table 8 : explain SELECT id, c FROM sbtest8 WHERE id BETWEEN 6773626 AND 6773726
	Index Scan using sbtest8_pkey on sbtest8  (cost=0.43..389.01 rows=98 width=125)
	  Index Cond: ((id >= 6773626) AND (id <= 6773726))

explain: for range-notcovered :: explain SELECT id, c FROM sbtest%d WHERE id BETWEEN 4932467 AND 4932567
for range-notcovered
table 1 : explain SELECT id, c FROM sbtest1 WHERE id BETWEEN 1103334 AND 1103434
	Index Scan using sbtest1_pkey on sbtest1  (cost=0.43..430.72 rows=109 width=125)
	  Index Cond: ((id >= 1103334) AND (id <= 1103434))

table 2 : explain SELECT id, c FROM sbtest2 WHERE id BETWEEN 1103334 AND 1103434
	Index Scan using sbtest2_pkey on sbtest2  (cost=0.43..379.72 rows=96 width=125)
	  Index Cond: ((id >= 1103334) AND (id <= 1103434))

table 3 : explain SELECT id, c FROM sbtest3 WHERE id BETWEEN 1103334 AND 1103434
	Index Scan using sbtest3_pkey on sbtest3  (cost=0.43..380.61 rows=96 width=125)
	  Index Cond: ((id >= 1103334) AND (id <= 1103434))

table 4 : explain SELECT id, c FROM sbtest4 WHERE id BETWEEN 1103334 AND 1103434
	Index Scan using sbtest4_pkey on sbtest4  (cost=0.43..380.93 rows=96 width=125)
	  Index Cond: ((id >= 1103334) AND (id <= 1103434))

table 5 : explain SELECT id, c FROM sbtest5 WHERE id BETWEEN 1103334 AND 1103434
	Index Scan using sbtest5_pkey on sbtest5  (cost=0.43..412.51 rows=104 width=125)
	  Index Cond: ((id >= 1103334) AND (id <= 1103434))

table 6 : explain SELECT id, c FROM sbtest6 WHERE id BETWEEN 1103334 AND 1103434
	Index Scan using sbtest6_pkey on sbtest6  (cost=0.43..376.80 rows=95 width=125)
	  Index Cond: ((id >= 1103334) AND (id <= 1103434))

table 7 : explain SELECT id, c FROM sbtest7 WHERE id BETWEEN 1103334 AND 1103434
	Index Scan using sbtest7_pkey on sbtest7  (cost=0.43..396.22 rows=100 width=125)
	  Index Cond: ((id >= 1103334) AND (id <= 1103434))

table 8 : explain SELECT id, c FROM sbtest8 WHERE id BETWEEN 1103334 AND 1103434
	Index Scan using sbtest8_pkey on sbtest8  (cost=0.43..392.93 rows=99 width=125)
	  Index Cond: ((id >= 1103334) AND (id <= 1103434))

explain: for range-notcovered :: explain SELECT id, c FROM sbtest%d WHERE id BETWEEN 6773626 AND 6773726
explain: for range-notcovered :: explain SELECT id, c FROM sbtest%d WHERE id BETWEEN 3213191 AND 3213291
explain: for range-notcovered :: explain SELECT id, c FROM sbtest%d WHERE id BETWEEN 1103334 AND 1103434
explain: for range-notcovered :: explain SELECT id, c FROM sbtest%d WHERE id BETWEEN 2746269 AND 2746369
for range-notcovered
table 1 : explain SELECT id, c FROM sbtest1 WHERE id BETWEEN 4932467 AND 4932567
	Index Scan using sbtest1_pkey on sbtest1  (cost=0.43..379.90 rows=96 width=125)
	  Index Cond: ((id >= 4932467) AND (id <= 4932567))

table 2 : explain SELECT id, c FROM sbtest2 WHERE id BETWEEN 4932467 AND 4932567
	Index Scan using sbtest2_pkey on sbtest2  (cost=0.43..364.09 rows=92 width=125)
	  Index Cond: ((id >= 4932467) AND (id <= 4932567))

table 3 : explain SELECT id, c FROM sbtest3 WHERE id BETWEEN 4932467 AND 4932567
	Index Scan using sbtest3_pkey on sbtest3  (cost=0.43..364.94 rows=92 width=125)
	  Index Cond: ((id >= 4932467) AND (id <= 4932567))

table 4 : explain SELECT id, c FROM sbtest4 WHERE id BETWEEN 4932467 AND 4932567
	Index Scan using sbtest4_pkey on sbtest4  (cost=0.43..396.61 rows=100 width=125)
	  Index Cond: ((id >= 4932467) AND (id <= 4932567))

table 5 : explain SELECT id, c FROM sbtest5 WHERE id BETWEEN 4932467 AND 4932567
	Index Scan using sbtest5_pkey on sbtest5  (cost=0.43..420.36 rows=106 width=125)
	  Index Cond: ((id >= 4932467) AND (id <= 4932567))

table 6 : explain SELECT id, c FROM sbtest6 WHERE id BETWEEN 4932467 AND 4932567
	Index Scan using sbtest6_pkey on sbtest6  (cost=0.43..380.74 rows=96 width=125)
	  Index Cond: ((id >= 4932467) AND (id <= 4932567))

table 7 : explain SELECT id, c FROM sbtest7 WHERE id BETWEEN 4932467 AND 4932567
	Index Scan using sbtest7_pkey on sbtest7  (cost=0.43..376.64 rows=95 width=125)
	  Index Cond: ((id >= 4932467) AND (id <= 4932567))

table 8 : explain SELECT id, c FROM sbtest8 WHERE id BETWEEN 4932467 AND 4932567
	Index Scan using sbtest8_pkey on sbtest8  (cost=0.43..428.23 rows=108 width=125)
	  Index Cond: ((id >= 4932467) AND (id <= 4932567))

for range-notcovered
table 1 : explain SELECT id, c FROM sbtest1 WHERE id BETWEEN 6773626 AND 6773726
	Index Scan using sbtest1_pkey on sbtest1  (cost=0.43..415.08 rows=105 width=125)
	  Index Cond: ((id >= 6773626) AND (id <= 6773726))

table 2 : explain SELECT id, c FROM sbtest2 WHERE id BETWEEN 6773626 AND 6773726
	Index Scan using sbtest2_pkey on sbtest2  (cost=0.43..395.38 rows=100 width=125)
	  Index Cond: ((id >= 6773626) AND (id <= 6773726))

table 3 : explain SELECT id, c FROM sbtest3 WHERE id BETWEEN 6773626 AND 6773726
	Index Scan using sbtest3_pkey on sbtest3  (cost=0.43..396.28 rows=100 width=125)
	  Index Cond: ((id >= 6773626) AND (id <= 6773726))

table 4 : explain SELECT id, c FROM sbtest4 WHERE id BETWEEN 6773626 AND 6773726
	Index Scan using sbtest4_pkey on sbtest4  (cost=0.43..396.61 rows=100 width=125)
	  Index Cond: ((id >= 6773626) AND (id <= 6773726))

table 5 : explain SELECT id, c FROM sbtest5 WHERE id BETWEEN 6773626 AND 6773726
	Index Scan using sbtest5_pkey on sbtest5  (cost=0.43..377.21 rows=95 width=125)
	  Index Cond: ((id >= 6773626) AND (id <= 6773726))

table 6 : explain SELECT id, c FROM sbtest6 WHERE id BETWEEN 6773626 AND 6773726
	Index Scan using sbtest6_pkey on sbtest6  (cost=0.43..412.09 rows=104 width=125)
	  Index Cond: ((id >= 6773626) AND (id <= 6773726))

table 7 : explain SELECT id, c FROM sbtest7 WHERE id BETWEEN 6773626 AND 6773726
	Index Scan using sbtest7_pkey on sbtest7  (cost=0.43..411.88 rows=104 width=125)
	  Index Cond: ((id >= 6773626) AND (id <= 6773726))

table 8 : explain SELECT id, c FROM sbtest8 WHERE id BETWEEN 6773626 AND 6773726
	Index Scan using sbtest8_pkey on sbtest8  (cost=0.43..389.01 rows=98 width=125)
	  Index Cond: ((id >= 6773626) AND (id <= 6773726))

for range-notcovered
table 1 : explain SELECT id, c FROM sbtest1 WHERE id BETWEEN 3213191 AND 3213291
	Index Scan using sbtest1_pkey on sbtest1  (cost=0.43..364.24 rows=92 width=125)
	  Index Cond: ((id >= 3213191) AND (id <= 3213291))

table 2 : explain SELECT id, c FROM sbtest2 WHERE id BETWEEN 3213191 AND 3213291
	Index Scan using sbtest2_pkey on sbtest2  (cost=0.43..379.72 rows=96 width=125)
	  Index Cond: ((id >= 3213191) AND (id <= 3213291))

table 3 : explain SELECT id, c FROM sbtest3 WHERE id BETWEEN 3213191 AND 3213291
	Index Scan using sbtest3_pkey on sbtest3  (cost=0.43..423.69 rows=107 width=125)
	  Index Cond: ((id >= 3213191) AND (id <= 3213291))

table 4 : explain SELECT id, c FROM sbtest4 WHERE id BETWEEN 3213191 AND 3213291
	Index Scan using sbtest4_pkey on sbtest4  (cost=0.43..439.73 rows=111 width=125)
	  Index Cond: ((id >= 3213191) AND (id <= 3213291))

table 5 : explain SELECT id, c FROM sbtest5 WHERE id BETWEEN 3213191 AND 3213291
	Index Scan using sbtest5_pkey on sbtest5  (cost=0.43..404.67 rows=102 width=125)
	  Index Cond: ((id >= 3213191) AND (id <= 3213291))

table 6 : explain SELECT id, c FROM sbtest6 WHERE id BETWEEN 3213191 AND 3213291
	Index Scan using sbtest6_pkey on sbtest6  (cost=0.43..419.92 rows=106 width=125)
	  Index Cond: ((id >= 3213191) AND (id <= 3213291))

table 7 : explain SELECT id, c FROM sbtest7 WHERE id BETWEEN 3213191 AND 3213291
	Index Scan using sbtest7_pkey on sbtest7  (cost=0.43..447.13 rows=113 width=125)
	  Index Cond: ((id >= 3213191) AND (id <= 3213291))

table 8 : explain SELECT id, c FROM sbtest8 WHERE id BETWEEN 3213191 AND 3213291
	Index Scan using sbtest8_pkey on sbtest8  (cost=0.43..416.46 rows=105 width=125)
	  Index Cond: ((id >= 3213191) AND (id <= 3213291))

explain: for range-notcovered :: explain SELECT id, c FROM sbtest%d WHERE id BETWEEN 4932467 AND 4932567
for range-notcovered
table 1 : explain SELECT id, c FROM sbtest1 WHERE id BETWEEN 1103334 AND 1103434
	Index Scan using sbtest1_pkey on sbtest1  (cost=0.43..430.72 rows=109 width=125)
	  Index Cond: ((id >= 1103334) AND (id <= 1103434))

table 2 : explain SELECT id, c FROM sbtest2 WHERE id BETWEEN 1103334 AND 1103434
	Index Scan using sbtest2_pkey on sbtest2  (cost=0.43..379.72 rows=96 width=125)
	  Index Cond: ((id >= 1103334) AND (id <= 1103434))

table 3 : explain SELECT id, c FROM sbtest3 WHERE id BETWEEN 1103334 AND 1103434
	Index Scan using sbtest3_pkey on sbtest3  (cost=0.43..380.61 rows=96 width=125)
	  Index Cond: ((id >= 1103334) AND (id <= 1103434))

table 4 : explain SELECT id, c FROM sbtest4 WHERE id BETWEEN 1103334 AND 1103434
	Index Scan using sbtest4_pkey on sbtest4  (cost=0.43..380.93 rows=96 width=125)
	  Index Cond: ((id >= 1103334) AND (id <= 1103434))

table 5 : explain SELECT id, c FROM sbtest5 WHERE id BETWEEN 1103334 AND 1103434
	Index Scan using sbtest5_pkey on sbtest5  (cost=0.43..412.51 rows=104 width=125)
	  Index Cond: ((id >= 1103334) AND (id <= 1103434))

table 6 : explain SELECT id, c FROM sbtest6 WHERE id BETWEEN 1103334 AND 1103434
	Index Scan using sbtest6_pkey on sbtest6  (cost=0.43..376.80 rows=95 width=125)
	  Index Cond: ((id >= 1103334) AND (id <= 1103434))

table 7 : explain SELECT id, c FROM sbtest7 WHERE id BETWEEN 1103334 AND 1103434
	Index Scan using sbtest7_pkey on sbtest7  (cost=0.43..396.22 rows=100 width=125)
	  Index Cond: ((id >= 1103334) AND (id <= 1103434))

table 8 : explain SELECT id, c FROM sbtest8 WHERE id BETWEEN 1103334 AND 1103434
	Index Scan using sbtest8_pkey on sbtest8  (cost=0.43..392.93 rows=99 width=125)
	  Index Cond: ((id >= 1103334) AND (id <= 1103434))

explain: for range-notcovered :: explain SELECT id, c FROM sbtest%d WHERE id BETWEEN 6773626 AND 6773726
for range-notcovered
table 1 : explain SELECT id, c FROM sbtest1 WHERE id BETWEEN 3220699 AND 3220799
	Index Scan using sbtest1_pkey on sbtest1  (cost=0.43..364.24 rows=92 width=125)
	  Index Cond: ((id >= 3220699) AND (id <= 3220799))

table 2 : explain SELECT id, c FROM sbtest2 WHERE id BETWEEN 3220699 AND 3220799
	Index Scan using sbtest2_pkey on sbtest2  (cost=0.43..379.72 rows=96 width=125)
	  Index Cond: ((id >= 3220699) AND (id <= 3220799))

table 3 : explain SELECT id, c FROM sbtest3 WHERE id BETWEEN 3220699 AND 3220799
	Index Scan using sbtest3_pkey on sbtest3  (cost=0.43..423.69 rows=107 width=125)
	  Index Cond: ((id >= 3220699) AND (id <= 3220799))

table 4 : explain SELECT id, c FROM sbtest4 WHERE id BETWEEN 3220699 AND 3220799
	Index Scan using sbtest4_pkey on sbtest4  (cost=0.43..439.73 rows=111 width=125)
	  Index Cond: ((id >= 3220699) AND (id <= 3220799))

table 5 : explain SELECT id, c FROM sbtest5 WHERE id BETWEEN 3220699 AND 3220799
	Index Scan using sbtest5_pkey on sbtest5  (cost=0.43..404.67 rows=102 width=125)
	  Index Cond: ((id >= 3220699) AND (id <= 3220799))

table 6 : explain SELECT id, c FROM sbtest6 WHERE id BETWEEN 3220699 AND 3220799
	Index Scan using sbtest6_pkey on sbtest6  (cost=0.43..419.92 rows=106 width=125)
	  Index Cond: ((id >= 3220699) AND (id <= 3220799))

table 7 : explain SELECT id, c FROM sbtest7 WHERE id BETWEEN 3220699 AND 3220799
	Index Scan using sbtest7_pkey on sbtest7  (cost=0.43..447.13 rows=113 width=125)
	  Index Cond: ((id >= 3220699) AND (id <= 3220799))

table 8 : explain SELECT id, c FROM sbtest8 WHERE id BETWEEN 3220699 AND 3220799
	Index Scan using sbtest8_pkey on sbtest8  (cost=0.43..416.46 rows=105 width=125)
	  Index Cond: ((id >= 3220699) AND (id <= 3220799))

explain: for range-notcovered :: explain SELECT id, c FROM sbtest%d WHERE id BETWEEN 3220699 AND 3220799
for range-notcovered
table 1 : explain SELECT id, c FROM sbtest1 WHERE id BETWEEN 4011851 AND 4011951
	Index Scan using sbtest1_pkey on sbtest1  (cost=0.43..368.15 rows=93 width=125)
	  Index Cond: ((id >= 4011851) AND (id <= 4011951))

table 2 : explain SELECT id, c FROM sbtest2 WHERE id BETWEEN 4011851 AND 4011951
	Index Scan using sbtest2_pkey on sbtest2  (cost=0.43..383.63 rows=97 width=125)
	  Index Cond: ((id >= 4011851) AND (id <= 4011951))

table 3 : explain SELECT id, c FROM sbtest3 WHERE id BETWEEN 4011851 AND 4011951
	Index Scan using sbtest3_pkey on sbtest3  (cost=0.43..392.36 rows=99 width=125)
	  Index Cond: ((id >= 4011851) AND (id <= 4011951))

table 4 : explain SELECT id, c FROM sbtest4 WHERE id BETWEEN 4011851 AND 4011951
	Index Scan using sbtest4_pkey on sbtest4  (cost=0.43..439.73 rows=111 width=125)
	  Index Cond: ((id >= 4011851) AND (id <= 4011951))

table 5 : explain SELECT id, c FROM sbtest5 WHERE id BETWEEN 4011851 AND 4011951
	Index Scan using sbtest5_pkey on sbtest5  (cost=0.43..416.44 rows=105 width=125)
	  Index Cond: ((id >= 4011851) AND (id <= 4011951))

table 6 : explain SELECT id, c FROM sbtest6 WHERE id BETWEEN 4011851 AND 4011951
	Index Scan using sbtest6_pkey on sbtest6  (cost=0.43..372.88 rows=94 width=125)
	  Index Cond: ((id >= 4011851) AND (id <= 4011951))

table 7 : explain SELECT id, c FROM sbtest7 WHERE id BETWEEN 4011851 AND 4011951
	Index Scan using sbtest7_pkey on sbtest7  (cost=0.43..392.30 rows=99 width=125)
	  Index Cond: ((id >= 4011851) AND (id <= 4011951))

table 8 : explain SELECT id, c FROM sbtest8 WHERE id BETWEEN 4011851 AND 4011951
	Index Scan using sbtest8_pkey on sbtest8  (cost=0.43..408.62 rows=103 width=125)
	  Index Cond: ((id >= 4011851) AND (id <= 4011951))

explain: for range-notcovered :: explain SELECT id, c FROM sbtest%d WHERE id BETWEEN 4011851 AND 4011951
for range-notcovered
table 1 : explain SELECT id, c FROM sbtest1 WHERE id BETWEEN 4932467 AND 4932567
	Index Scan using sbtest1_pkey on sbtest1  (cost=0.43..379.90 rows=96 width=125)
	  Index Cond: ((id >= 4932467) AND (id <= 4932567))

table 2 : explain SELECT id, c FROM sbtest2 WHERE id BETWEEN 4932467 AND 4932567
	Index Scan using sbtest2_pkey on sbtest2  (cost=0.43..364.09 rows=92 width=125)
	  Index Cond: ((id >= 4932467) AND (id <= 4932567))

table 3 : explain SELECT id, c FROM sbtest3 WHERE id BETWEEN 4932467 AND 4932567
	Index Scan using sbtest3_pkey on sbtest3  (cost=0.43..364.94 rows=92 width=125)
	  Index Cond: ((id >= 4932467) AND (id <= 4932567))

table 4 : explain SELECT id, c FROM sbtest4 WHERE id BETWEEN 4932467 AND 4932567
	Index Scan using sbtest4_pkey on sbtest4  (cost=0.43..396.61 rows=100 width=125)
	  Index Cond: ((id >= 4932467) AND (id <= 4932567))

table 5 : explain SELECT id, c FROM sbtest5 WHERE id BETWEEN 4932467 AND 4932567
	Index Scan using sbtest5_pkey on sbtest5  (cost=0.43..420.36 rows=106 width=125)
	  Index Cond: ((id >= 4932467) AND (id <= 4932567))

table 6 : explain SELECT id, c FROM sbtest6 WHERE id BETWEEN 4932467 AND 4932567
	Index Scan using sbtest6_pkey on sbtest6  (cost=0.43..380.74 rows=96 width=125)
	  Index Cond: ((id >= 4932467) AND (id <= 4932567))

table 7 : explain SELECT id, c FROM sbtest7 WHERE id BETWEEN 4932467 AND 4932567
	Index Scan using sbtest7_pkey on sbtest7  (cost=0.43..376.64 rows=95 width=125)
	  Index Cond: ((id >= 4932467) AND (id <= 4932567))

table 8 : explain SELECT id, c FROM sbtest8 WHERE id BETWEEN 4932467 AND 4932567
	Index Scan using sbtest8_pkey on sbtest8  (cost=0.43..428.23 rows=108 width=125)
	  Index Cond: ((id >= 4932467) AND (id <= 4932567))

for range-notcovered
table 1 : explain SELECT id, c FROM sbtest1 WHERE id BETWEEN 6773626 AND 6773726
	Index Scan using sbtest1_pkey on sbtest1  (cost=0.43..415.08 rows=105 width=125)
	  Index Cond: ((id >= 6773626) AND (id <= 6773726))

table 2 : explain SELECT id, c FROM sbtest2 WHERE id BETWEEN 6773626 AND 6773726
	Index Scan using sbtest2_pkey on sbtest2  (cost=0.43..395.38 rows=100 width=125)
	  Index Cond: ((id >= 6773626) AND (id <= 6773726))

table 3 : explain SELECT id, c FROM sbtest3 WHERE id BETWEEN 6773626 AND 6773726
	Index Scan using sbtest3_pkey on sbtest3  (cost=0.43..396.28 rows=100 width=125)
	  Index Cond: ((id >= 6773626) AND (id <= 6773726))

table 4 : explain SELECT id, c FROM sbtest4 WHERE id BETWEEN 6773626 AND 6773726
	Index Scan using sbtest4_pkey on sbtest4  (cost=0.43..396.61 rows=100 width=125)
	  Index Cond: ((id >= 6773626) AND (id <= 6773726))

table 5 : explain SELECT id, c FROM sbtest5 WHERE id BETWEEN 6773626 AND 6773726
	Index Scan using sbtest5_pkey on sbtest5  (cost=0.43..377.21 rows=95 width=125)
	  Index Cond: ((id >= 6773626) AND (id <= 6773726))

table 6 : explain SELECT id, c FROM sbtest6 WHERE id BETWEEN 6773626 AND 6773726
	Index Scan using sbtest6_pkey on sbtest6  (cost=0.43..412.09 rows=104 width=125)
	  Index Cond: ((id >= 6773626) AND (id <= 6773726))

table 7 : explain SELECT id, c FROM sbtest7 WHERE id BETWEEN 6773626 AND 6773726
	Index Scan using sbtest7_pkey on sbtest7  (cost=0.43..411.88 rows=104 width=125)
	  Index Cond: ((id >= 6773626) AND (id <= 6773726))

table 8 : explain SELECT id, c FROM sbtest8 WHERE id BETWEEN 6773626 AND 6773726
	Index Scan using sbtest8_pkey on sbtest8  (cost=0.43..389.01 rows=98 width=125)
	  Index Cond: ((id >= 6773626) AND (id <= 6773726))

explain: for range-notcovered :: explain SELECT id, c FROM sbtest%d WHERE id BETWEEN 4932467 AND 4932567
for range-notcovered
table 1 : explain SELECT id, c FROM sbtest1 WHERE id BETWEEN 2746269 AND 2746369
	Index Scan using sbtest1_pkey on sbtest1  (cost=0.43..391.63 rows=99 width=125)
	  Index Cond: ((id >= 2746269) AND (id <= 2746369))

table 2 : explain SELECT id, c FROM sbtest2 WHERE id BETWEEN 2746269 AND 2746369
	Index Scan using sbtest2_pkey on sbtest2  (cost=0.43..403.19 rows=102 width=125)
	  Index Cond: ((id >= 2746269) AND (id <= 2746369))

table 3 : explain SELECT id, c FROM sbtest3 WHERE id BETWEEN 2746269 AND 2746369
	Index Scan using sbtest3_pkey on sbtest3  (cost=0.43..372.78 rows=94 width=125)
	  Index Cond: ((id >= 2746269) AND (id <= 2746369))

table 4 : explain SELECT id, c FROM sbtest4 WHERE id BETWEEN 2746269 AND 2746369
	Index Scan using sbtest4_pkey on sbtest4  (cost=0.43..392.69 rows=99 width=125)
	  Index Cond: ((id >= 2746269) AND (id <= 2746369))

table 5 : explain SELECT id, c FROM sbtest5 WHERE id BETWEEN 2746269 AND 2746369
	Index Scan using sbtest5_pkey on sbtest5  (cost=0.43..353.66 rows=89 width=125)
	  Index Cond: ((id >= 2746269) AND (id <= 2746369))

table 6 : explain SELECT id, c FROM sbtest6 WHERE id BETWEEN 2746269 AND 2746369
	Index Scan using sbtest6_pkey on sbtest6  (cost=0.43..435.59 rows=110 width=125)
	  Index Cond: ((id >= 2746269) AND (id <= 2746369))

table 7 : explain SELECT id, c FROM sbtest7 WHERE id BETWEEN 2746269 AND 2746369
	Index Scan using sbtest7_pkey on sbtest7  (cost=0.43..368.81 rows=93 width=125)
	  Index Cond: ((id >= 2746269) AND (id <= 2746369))

table 8 : explain SELECT id, c FROM sbtest8 WHERE id BETWEEN 2746269 AND 2746369
	Index Scan using sbtest8_pkey on sbtest8  (cost=0.43..416.46 rows=105 width=125)
	  Index Cond: ((id >= 2746269) AND (id <= 2746369))

explain: for range-notcovered :: explain SELECT id, c FROM sbtest%d WHERE id BETWEEN 2746269 AND 2746369
for range-notcovered
table 1 : explain SELECT id, c FROM sbtest1 WHERE id BETWEEN 4011851 AND 4011951
	Index Scan using sbtest1_pkey on sbtest1  (cost=0.43..368.15 rows=93 width=125)
	  Index Cond: ((id >= 4011851) AND (id <= 4011951))

table 2 : explain SELECT id, c FROM sbtest2 WHERE id BETWEEN 4011851 AND 4011951
	Index Scan using sbtest2_pkey on sbtest2  (cost=0.43..383.63 rows=97 width=125)
	  Index Cond: ((id >= 4011851) AND (id <= 4011951))

table 3 : explain SELECT id, c FROM sbtest3 WHERE id BETWEEN 4011851 AND 4011951
	Index Scan using sbtest3_pkey on sbtest3  (cost=0.43..392.36 rows=99 width=125)
	  Index Cond: ((id >= 4011851) AND (id <= 4011951))

table 4 : explain SELECT id, c FROM sbtest4 WHERE id BETWEEN 4011851 AND 4011951
	Index Scan using sbtest4_pkey on sbtest4  (cost=0.43..439.73 rows=111 width=125)
	  Index Cond: ((id >= 4011851) AND (id <= 4011951))

table 5 : explain SELECT id, c FROM sbtest5 WHERE id BETWEEN 4011851 AND 4011951
	Index Scan using sbtest5_pkey on sbtest5  (cost=0.43..416.44 rows=105 width=125)
	  Index Cond: ((id >= 4011851) AND (id <= 4011951))

table 6 : explain SELECT id, c FROM sbtest6 WHERE id BETWEEN 4011851 AND 4011951
	Index Scan using sbtest6_pkey on sbtest6  (cost=0.43..372.88 rows=94 width=125)
	  Index Cond: ((id >= 4011851) AND (id <= 4011951))

table 7 : explain SELECT id, c FROM sbtest7 WHERE id BETWEEN 4011851 AND 4011951
	Index Scan using sbtest7_pkey on sbtest7  (cost=0.43..392.30 rows=99 width=125)
	  Index Cond: ((id >= 4011851) AND (id <= 4011951))

table 8 : explain SELECT id, c FROM sbtest8 WHERE id BETWEEN 4011851 AND 4011951
	Index Scan using sbtest8_pkey on sbtest8  (cost=0.43..408.62 rows=103 width=125)
	  Index Cond: ((id >= 4011851) AND (id <= 4011951))

explain: for range-notcovered :: explain SELECT id, c FROM sbtest%d WHERE id BETWEEN 4011851 AND 4011951
for range-notcovered
table 1 : explain SELECT id, c FROM sbtest1 WHERE id BETWEEN 4932467 AND 4932567
	Index Scan using sbtest1_pkey on sbtest1  (cost=0.43..379.90 rows=96 width=125)
	  Index Cond: ((id >= 4932467) AND (id <= 4932567))

table 2 : explain SELECT id, c FROM sbtest2 WHERE id BETWEEN 4932467 AND 4932567
	Index Scan using sbtest2_pkey on sbtest2  (cost=0.43..364.09 rows=92 width=125)
	  Index Cond: ((id >= 4932467) AND (id <= 4932567))

table 3 : explain SELECT id, c FROM sbtest3 WHERE id BETWEEN 4932467 AND 4932567
	Index Scan using sbtest3_pkey on sbtest3  (cost=0.43..364.94 rows=92 width=125)
	  Index Cond: ((id >= 4932467) AND (id <= 4932567))

table 4 : explain SELECT id, c FROM sbtest4 WHERE id BETWEEN 4932467 AND 4932567
	Index Scan using sbtest4_pkey on sbtest4  (cost=0.43..396.61 rows=100 width=125)
	  Index Cond: ((id >= 4932467) AND (id <= 4932567))

table 5 : explain SELECT id, c FROM sbtest5 WHERE id BETWEEN 4932467 AND 4932567
	Index Scan using sbtest5_pkey on sbtest5  (cost=0.43..420.36 rows=106 width=125)
	  Index Cond: ((id >= 4932467) AND (id <= 4932567))

table 6 : explain SELECT id, c FROM sbtest6 WHERE id BETWEEN 4932467 AND 4932567
	Index Scan using sbtest6_pkey on sbtest6  (cost=0.43..380.74 rows=96 width=125)
	  Index Cond: ((id >= 4932467) AND (id <= 4932567))

table 7 : explain SELECT id, c FROM sbtest7 WHERE id BETWEEN 4932467 AND 4932567
	Index Scan using sbtest7_pkey on sbtest7  (cost=0.43..376.64 rows=95 width=125)
	  Index Cond: ((id >= 4932467) AND (id <= 4932567))

table 8 : explain SELECT id, c FROM sbtest8 WHERE id BETWEEN 4932467 AND 4932567
	Index Scan using sbtest8_pkey on sbtest8  (cost=0.43..428.23 rows=108 width=125)
	  Index Cond: ((id >= 4932467) AND (id <= 4932567))

for range-notcovered
table 1 : explain SELECT id, c FROM sbtest1 WHERE id BETWEEN 3857960 AND 3858060
	Index Scan using sbtest1_pkey on sbtest1  (cost=0.43..415.08 rows=105 width=125)
	  Index Cond: ((id >= 3857960) AND (id <= 3858060))

table 2 : explain SELECT id, c FROM sbtest2 WHERE id BETWEEN 3857960 AND 3858060
	Index Scan using sbtest2_pkey on sbtest2  (cost=0.43..438.36 rows=111 width=125)
	  Index Cond: ((id >= 3857960) AND (id <= 3858060))

table 3 : explain SELECT id, c FROM sbtest3 WHERE id BETWEEN 3857960 AND 3858060
	Index Scan using sbtest3_pkey on sbtest3  (cost=0.43..427.61 rows=108 width=125)
	  Index Cond: ((id >= 3857960) AND (id <= 3858060))

table 4 : explain SELECT id, c FROM sbtest4 WHERE id BETWEEN 3857960 AND 3858060
	Index Scan using sbtest4_pkey on sbtest4  (cost=0.43..369.17 rows=93 width=125)
	  Index Cond: ((id >= 3857960) AND (id <= 3858060))

table 5 : explain SELECT id, c FROM sbtest5 WHERE id BETWEEN 3857960 AND 3858060
	Index Scan using sbtest5_pkey on sbtest5  (cost=0.43..447.81 rows=113 width=125)
	  Index Cond: ((id >= 3857960) AND (id <= 3858060))

table 6 : explain SELECT id, c FROM sbtest6 WHERE id BETWEEN 3857960 AND 3858060
	Index Scan using sbtest6_pkey on sbtest6  (cost=0.43..416.00 rows=105 width=125)
	  Index Cond: ((id >= 3857960) AND (id <= 3858060))

table 7 : explain SELECT id, c FROM sbtest7 WHERE id BETWEEN 3857960 AND 3858060
	Index Scan using sbtest7_pkey on sbtest7  (cost=0.43..404.05 rows=102 width=125)
	  Index Cond: ((id >= 3857960) AND (id <= 3858060))

table 8 : explain SELECT id, c FROM sbtest8 WHERE id BETWEEN 3857960 AND 3858060
	Index Scan using sbtest8_pkey on sbtest8  (cost=0.43..428.23 rows=108 width=125)
	  Index Cond: ((id >= 3857960) AND (id <= 3858060))

explain: for range-notcovered :: explain SELECT id, c FROM sbtest%d WHERE id BETWEEN 4932467 AND 4932567for range-notcovered
table 1 : explain SELECT id, c FROM sbtest1 WHERE id BETWEEN 3220699 AND 3220799
	Index Scan using sbtest1_pkey on sbtest1  (cost=0.43..364.24 rows=92 width=125)
	  Index Cond: ((id >= 3220699) AND (id <= 3220799))

table 2 : explain SELECT id, c FROM sbtest2 WHERE id BETWEEN 3220699 AND 3220799
	Index Scan using sbtest2_pkey on sbtest2  (cost=0.43..379.72 rows=96 width=125)
	  Index Cond: ((id >= 3220699) AND (id <= 3220799))

table 3 : explain SELECT id, c FROM sbtest3 WHERE id BETWEEN 3220699 AND 3220799
	Index Scan using sbtest3_pkey on sbtest3  (cost=0.43..423.69 rows=107 width=125)
	  Index Cond: ((id >= 3220699) AND (id <= 3220799))

table 4 : explain SELECT id, c FROM sbtest4 WHERE id BETWEEN 3220699 AND 3220799
	Index Scan using sbtest4_pkey on sbtest4  (cost=0.43..439.73 rows=111 width=125)
	  Index Cond: ((id >= 3220699) AND (id <= 3220799))

table 5 : explain SELECT id, c FROM sbtest5 WHERE id BETWEEN 3220699 AND 3220799
	Index Scan using sbtest5_pkey on sbtest5  (cost=0.43..404.67 rows=102 width=125)
	  Index Cond: ((id >= 3220699) AND (id <= 3220799))

table 6 : explain SELECT id, c FROM sbtest6 WHERE id BETWEEN 3220699 AND 3220799
	Index Scan using sbtest6_pkey on sbtest6  (cost=0.43..419.92 rows=106 width=125)
	  Index Cond: ((id >= 3220699) AND (id <= 3220799))

table 7 : explain SELECT id, c FROM sbtest7 WHERE id BETWEEN 3220699 AND 3220799
	Index Scan using sbtest7_pkey on sbtest7  (cost=0.43..447.13 rows=113 width=125)
	  Index Cond: ((id >= 3220699) AND (id <= 3220799))

table 8 : explain SELECT id, c FROM sbtest8 WHERE id BETWEEN 3220699 AND 3220799
	Index Scan using sbtest8_pkey on sbtest8  (cost=0.43..416.46 rows=105 width=125)
	  Index Cond: ((id >= 3220699) AND (id <= 3220799))


explain: for range-notcovered :: explain SELECT id, c FROM sbtest%d WHERE id BETWEEN 3857960 AND 3858060
explain: for range-notcovered :: explain SELECT id, c FROM sbtest%d WHERE id BETWEEN 3220699 AND 3220799
for range-notcovered
table 1 : explain SELECT id, c FROM sbtest1 WHERE id BETWEEN 7822072 AND 7822172
	Index Scan using sbtest1_pkey on sbtest1  (cost=0.43..383.81 rows=97 width=125)
	  Index Cond: ((id >= 7822072) AND (id <= 7822172))

table 2 : explain SELECT id, c FROM sbtest2 WHERE id BETWEEN 7822072 AND 7822172
	Index Scan using sbtest2_pkey on sbtest2  (cost=0.43..438.36 rows=111 width=125)
	  Index Cond: ((id >= 7822072) AND (id <= 7822172))

table 3 : explain SELECT id, c FROM sbtest3 WHERE id BETWEEN 7822072 AND 7822172
	Index Scan using sbtest3_pkey on sbtest3  (cost=0.43..404.11 rows=102 width=125)
	  Index Cond: ((id >= 7822072) AND (id <= 7822172))

table 4 : explain SELECT id, c FROM sbtest4 WHERE id BETWEEN 7822072 AND 7822172
	Index Scan using sbtest4_pkey on sbtest4  (cost=0.43..384.85 rows=97 width=125)
	  Index Cond: ((id >= 7822072) AND (id <= 7822172))

table 5 : explain SELECT id, c FROM sbtest5 WHERE id BETWEEN 7822072 AND 7822172
	Index Scan using sbtest5_pkey on sbtest5  (cost=0.43..357.58 rows=90 width=125)
	  Index Cond: ((id >= 7822072) AND (id <= 7822172))

table 6 : explain SELECT id, c FROM sbtest6 WHERE id BETWEEN 7822072 AND 7822172
	Index Scan using sbtest6_pkey on sbtest6  (cost=0.43..416.00 rows=105 width=125)
	  Index Cond: ((id >= 7822072) AND (id <= 7822172))

table 7 : explain SELECT id, c FROM sbtest7 WHERE id BETWEEN 7822072 AND 7822172
	Index Scan using sbtest7_pkey on sbtest7  (cost=0.43..368.81 rows=93 width=125)
	  Index Cond: ((id >= 7822072) AND (id <= 7822172))

table 8 : explain SELECT id, c FROM sbtest8 WHERE id BETWEEN 7822072 AND 7822172
	Index Scan using sbtest8_pkey on sbtest8  (cost=0.43..424.31 rows=107 width=125)
	  Index Cond: ((id >= 7822072) AND (id <= 7822172))

for range-notcovered
table 1 : explain SELECT id, c FROM sbtest1 WHERE id BETWEEN 4011851 AND 4011951
	Index Scan using sbtest1_pkey on sbtest1  (cost=0.43..368.15 rows=93 width=125)
	  Index Cond: ((id >= 4011851) AND (id <= 4011951))

table 2 : explain SELECT id, c FROM sbtest2 WHERE id BETWEEN 4011851 AND 4011951
	Index Scan using sbtest2_pkey on sbtest2  (cost=0.43..383.63 rows=97 width=125)
	  Index Cond: ((id >= 4011851) AND (id <= 4011951))

table 3 : explain SELECT id, c FROM sbtest3 WHERE id BETWEEN 4011851 AND 4011951
	Index Scan using sbtest3_pkey on sbtest3  (cost=0.43..392.36 rows=99 width=125)
	  Index Cond: ((id >= 4011851) AND (id <= 4011951))

table 4 : explain SELECT id, c FROM sbtest4 WHERE id BETWEEN 4011851 AND 4011951
	Index Scan using sbtest4_pkey on sbtest4  (cost=0.43..439.73 rows=111 width=125)
	  Index Cond: ((id >= 4011851) AND (id <= 4011951))

table 5 : explain SELECT id, c FROM sbtest5 WHERE id BETWEEN 4011851 AND 4011951
	Index Scan using sbtest5_pkey on sbtest5  (cost=0.43..416.44 rows=105 width=125)
	  Index Cond: ((id >= 4011851) AND (id <= 4011951))

table 6 : explain SELECT id, c FROM sbtest6 WHERE id BETWEEN 4011851 AND 4011951
	Index Scan using sbtest6_pkey on sbtest6  (cost=0.43..372.88 rows=94 width=125)
	  Index Cond: ((id >= 4011851) AND (id <= 4011951))

table 7 : explain SELECT id, c FROM sbtest7 WHERE id BETWEEN 4011851 AND 4011951
	Index Scan using sbtest7_pkey on sbtest7  (cost=0.43..392.30 rows=99 width=125)
	  Index Cond: ((id >= 4011851) AND (id <= 4011951))

table 8 : explain SELECT id, c FROM sbtest8 WHERE id BETWEEN 4011851 AND 4011951
	Index Scan using sbtest8_pkey on sbtest8  (cost=0.43..408.62 rows=103 width=125)
	  Index Cond: ((id >= 4011851) AND (id <= 4011951))

explain: for range-notcovered :: explain SELECT id, c FROM sbtest%d WHERE id BETWEEN 7822072 AND 7822172
explain: for range-notcovered :: explain SELECT id, c FROM sbtest%d WHERE id BETWEEN 4011851 AND 4011951
for range-notcovered
table 1 : explain SELECT id, c FROM sbtest1 WHERE id BETWEEN 2746269 AND 2746369
	Index Scan using sbtest1_pkey on sbtest1  (cost=0.43..391.63 rows=99 width=125)
	  Index Cond: ((id >= 2746269) AND (id <= 2746369))

table 2 : explain SELECT id, c FROM sbtest2 WHERE id BETWEEN 2746269 AND 2746369
	Index Scan using sbtest2_pkey on sbtest2  (cost=0.43..403.19 rows=102 width=125)
	  Index Cond: ((id >= 2746269) AND (id <= 2746369))

table 3 : explain SELECT id, c FROM sbtest3 WHERE id BETWEEN 2746269 AND 2746369
	Index Scan using sbtest3_pkey on sbtest3  (cost=0.43..372.78 rows=94 width=125)
	  Index Cond: ((id >= 2746269) AND (id <= 2746369))

table 4 : explain SELECT id, c FROM sbtest4 WHERE id BETWEEN 2746269 AND 2746369
	Index Scan using sbtest4_pkey on sbtest4  (cost=0.43..392.69 rows=99 width=125)
	  Index Cond: ((id >= 2746269) AND (id <= 2746369))

table 5 : explain SELECT id, c FROM sbtest5 WHERE id BETWEEN 2746269 AND 2746369
	Index Scan using sbtest5_pkey on sbtest5  (cost=0.43..353.66 rows=89 width=125)
	  Index Cond: ((id >= 2746269) AND (id <= 2746369))

table 6 : explain SELECT id, c FROM sbtest6 WHERE id BETWEEN 2746269 AND 2746369
	Index Scan using sbtest6_pkey on sbtest6  (cost=0.43..435.59 rows=110 width=125)
	  Index Cond: ((id >= 2746269) AND (id <= 2746369))

table 7 : explain SELECT id, c FROM sbtest7 WHERE id BETWEEN 2746269 AND 2746369
	Index Scan using sbtest7_pkey on sbtest7  (cost=0.43..368.81 rows=93 width=125)
	  Index Cond: ((id >= 2746269) AND (id <= 2746369))

table 8 : explain SELECT id, c FROM sbtest8 WHERE id BETWEEN 2746269 AND 2746369
	Index Scan using sbtest8_pkey on sbtest8  (cost=0.43..416.46 rows=105 width=125)
	  Index Cond: ((id >= 2746269) AND (id <= 2746369))

for range-notcovered
table 1 : explain SELECT id, c FROM sbtest1 WHERE id BETWEEN 4932467 AND 4932567
	Index Scan using sbtest1_pkey on sbtest1  (cost=0.43..379.90 rows=96 width=125)
	  Index Cond: ((id >= 4932467) AND (id <= 4932567))

table 2 : explain SELECT id, c FROM sbtest2 WHERE id BETWEEN 4932467 AND 4932567
	Index Scan using sbtest2_pkey on sbtest2  (cost=0.43..364.09 rows=92 width=125)
	  Index Cond: ((id >= 4932467) AND (id <= 4932567))

table 3 : explain SELECT id, c FROM sbtest3 WHERE id BETWEEN 4932467 AND 4932567
	Index Scan using sbtest3_pkey on sbtest3  (cost=0.43..364.94 rows=92 width=125)
	  Index Cond: ((id >= 4932467) AND (id <= 4932567))

table 4 : explain SELECT id, c FROM sbtest4 WHERE id BETWEEN 4932467 AND 4932567
	Index Scan using sbtest4_pkey on sbtest4  (cost=0.43..396.61 rows=100 width=125)
	  Index Cond: ((id >= 4932467) AND (id <= 4932567))

table 5 : explain SELECT id, c FROM sbtest5 WHERE id BETWEEN 4932467 AND 4932567
	Index Scan using sbtest5_pkey on sbtest5  (cost=0.43..420.36 rows=106 width=125)
	  Index Cond: ((id >= 4932467) AND (id <= 4932567))

table 6 : explain SELECT id, c FROM sbtest6 WHERE id BETWEEN 4932467 AND 4932567
	Index Scan using sbtest6_pkey on sbtest6  (cost=0.43..380.74 rows=96 width=125)
	  Index Cond: ((id >= 4932467) AND (id <= 4932567))

table 7 : explain SELECT id, c FROM sbtest7 WHERE id BETWEEN 4932467 AND 4932567
	Index Scan using sbtest7_pkey on sbtest7  (cost=0.43..376.64 rows=95 width=125)
	  Index Cond: ((id >= 4932467) AND (id <= 4932567))

table 8 : explain SELECT id, c FROM sbtest8 WHERE id BETWEEN 4932467 AND 4932567
	Index Scan using sbtest8_pkey on sbtest8  (cost=0.43..428.23 rows=108 width=125)
	  Index Cond: ((id >= 4932467) AND (id <= 4932567))

explain: for range-notcovered :: explain SELECT id, c FROM sbtest%d WHERE id BETWEEN 4932467 AND 4932567
explain: for range-notcovered :: explain SELECT id, c FROM sbtest%d WHERE id BETWEEN 2746269 AND 2746369
for range-notcovered
table 1 : explain SELECT id, c FROM sbtest1 WHERE id BETWEEN 3857960 AND 3858060
	Index Scan using sbtest1_pkey on sbtest1  (cost=0.43..415.08 rows=105 width=125)
	  Index Cond: ((id >= 3857960) AND (id <= 3858060))

table 2 : explain SELECT id, c FROM sbtest2 WHERE id BETWEEN 3857960 AND 3858060
	Index Scan using sbtest2_pkey on sbtest2  (cost=0.43..438.36 rows=111 width=125)
	  Index Cond: ((id >= 3857960) AND (id <= 3858060))

table 3 : explain SELECT id, c FROM sbtest3 WHERE id BETWEEN 3857960 AND 3858060
	Index Scan using sbtest3_pkey on sbtest3  (cost=0.43..427.61 rows=108 width=125)
	  Index Cond: ((id >= 3857960) AND (id <= 3858060))

table 4 : explain SELECT id, c FROM sbtest4 WHERE id BETWEEN 3857960 AND 3858060
	Index Scan using sbtest4_pkey on sbtest4  (cost=0.43..369.17 rows=93 width=125)
	  Index Cond: ((id >= 3857960) AND (id <= 3858060))

table 5 : explain SELECT id, c FROM sbtest5 WHERE id BETWEEN 3857960 AND 3858060
	Index Scan using sbtest5_pkey on sbtest5  (cost=0.43..447.81 rows=113 width=125)
	  Index Cond: ((id >= 3857960) AND (id <= 3858060))

table 6 : explain SELECT id, c FROM sbtest6 WHERE id BETWEEN 3857960 AND 3858060
	Index Scan using sbtest6_pkey on sbtest6  (cost=0.43..416.00 rows=105 width=125)
	  Index Cond: ((id >= 3857960) AND (id <= 3858060))

table 7 : explain SELECT id, c FROM sbtest7 WHERE id BETWEEN 3857960 AND 3858060
	Index Scan using sbtest7_pkey on sbtest7  (cost=0.43..404.05 rows=102 width=125)
	  Index Cond: ((id >= 3857960) AND (id <= 3858060))

table 8 : explain SELECT id, c FROM sbtest8 WHERE id BETWEEN 3857960 AND 3858060
	Index Scan using sbtest8_pkey on sbtest8  (cost=0.43..428.23 rows=108 width=125)
	  Index Cond: ((id >= 3857960) AND (id <= 3858060))

for range-notcovered
table 1 : explain SELECT id, c FROM sbtest1 WHERE id BETWEEN 4011851 AND 4011951
	Index Scan using sbtest1_pkey on sbtest1  (cost=0.43..368.15 rows=93 width=125)
	  Index Cond: ((id >= 4011851) AND (id <= 4011951))

table 2 : explain SELECT id, c FROM sbtest2 WHERE id BETWEEN 4011851 AND 4011951
	Index Scan using sbtest2_pkey on sbtest2  (cost=0.43..383.63 rows=97 width=125)
	  Index Cond: ((id >= 4011851) AND (id <= 4011951))

table 3 : explain SELECT id, c FROM sbtest3 WHERE id BETWEEN 4011851 AND 4011951
	Index Scan using sbtest3_pkey on sbtest3  (cost=0.43..392.36 rows=99 width=125)
	  Index Cond: ((id >= 4011851) AND (id <= 4011951))

table 4 : explain SELECT id, c FROM sbtest4 WHERE id BETWEEN 4011851 AND 4011951
	Index Scan using sbtest4_pkey on sbtest4  (cost=0.43..439.73 rows=111 width=125)
	  Index Cond: ((id >= 4011851) AND (id <= 4011951))

table 5 : explain SELECT id, c FROM sbtest5 WHERE id BETWEEN 4011851 AND 4011951
	Index Scan using sbtest5_pkey on sbtest5  (cost=0.43..416.44 rows=105 width=125)
	  Index Cond: ((id >= 4011851) AND (id <= 4011951))

table 6 : explain SELECT id, c FROM sbtest6 WHERE id BETWEEN 4011851 AND 4011951
	Index Scan using sbtest6_pkey on sbtest6  (cost=0.43..372.88 rows=94 width=125)
	  Index Cond: ((id >= 4011851) AND (id <= 4011951))

table 7 : explain SELECT id, c FROM sbtest7 WHERE id BETWEEN 4011851 AND 4011951
	Index Scan using sbtest7_pkey on sbtest7  (cost=0.43..392.30 rows=99 width=125)
	  Index Cond: ((id >= 4011851) AND (id <= 4011951))

table 8 : explain SELECT id, c FROM sbtest8 WHERE id BETWEEN 4011851 AND 4011951
	Index Scan using sbtest8_pkey on sbtest8  (cost=0.43..408.62 rows=103 width=125)
	  Index Cond: ((id >= 4011851) AND (id <= 4011951))

explain: for range-notcovered :: explain SELECT id, c FROM sbtest%d WHERE id BETWEEN 3857960 AND 3858060
for range-notcovered
table 1 : explain SELECT id, c FROM sbtest1 WHERE id BETWEEN 7822072 AND 7822172
	Index Scan using sbtest1_pkey on sbtest1  (cost=0.43..383.81 rows=97 width=125)
	  Index Cond: ((id >= 7822072) AND (id <= 7822172))

table 2 : explain SELECT id, c FROM sbtest2 WHERE id BETWEEN 7822072 AND 7822172
	Index Scan using sbtest2_pkey on sbtest2  (cost=0.43..438.36 rows=111 width=125)
	  Index Cond: ((id >= 7822072) AND (id <= 7822172))

table 3 : explain SELECT id, c FROM sbtest3 WHERE id BETWEEN 7822072 AND 7822172
	Index Scan using sbtest3_pkey on sbtest3  (cost=0.43..404.11 rows=102 width=125)
	  Index Cond: ((id >= 7822072) AND (id <= 7822172))

table 4 : explain SELECT id, c FROM sbtest4 WHERE id BETWEEN 7822072 AND 7822172
	Index Scan using sbtest4_pkey on sbtest4  (cost=0.43..384.85 rows=97 width=125)
	  Index Cond: ((id >= 7822072) AND (id <= 7822172))

table 5 : explain SELECT id, c FROM sbtest5 WHERE id BETWEEN 7822072 AND 7822172
	Index Scan using sbtest5_pkey on sbtest5  (cost=0.43..357.58 rows=90 width=125)
	  Index Cond: ((id >= 7822072) AND (id <= 7822172))

table 6 : explain SELECT id, c FROM sbtest6 WHERE id BETWEEN 7822072 AND 7822172
	Index Scan using sbtest6_pkey on sbtest6  (cost=0.43..416.00 rows=105 width=125)
	  Index Cond: ((id >= 7822072) AND (id <= 7822172))

table 7 : explain SELECT id, c FROM sbtest7 WHERE id BETWEEN 7822072 AND 7822172
	Index Scan using sbtest7_pkey on sbtest7  (cost=0.43..368.81 rows=93 width=125)
	  Index Cond: ((id >= 7822072) AND (id <= 7822172))

table 8 : explain SELECT id, c FROM sbtest8 WHERE id BETWEEN 7822072 AND 7822172
	Index Scan using sbtest8_pkey on sbtest8  (cost=0.43..424.31 rows=107 width=125)
	  Index Cond: ((id >= 7822072) AND (id <= 7822172))

explain: for range-notcovered :: explain SELECT id, c FROM sbtest%d WHERE id BETWEEN 4011851 AND 4011951
explain: for range-notcovered :: explain SELECT id, c FROM sbtest%d WHERE id BETWEEN 7822072 AND 7822172
for range-notcovered
table 1 : explain SELECT id, c FROM sbtest1 WHERE id BETWEEN 4932467 AND 4932567
	Index Scan using sbtest1_pkey on sbtest1  (cost=0.43..379.90 rows=96 width=125)
	  Index Cond: ((id >= 4932467) AND (id <= 4932567))

table 2 : explain SELECT id, c FROM sbtest2 WHERE id BETWEEN 4932467 AND 4932567
	Index Scan using sbtest2_pkey on sbtest2  (cost=0.43..364.09 rows=92 width=125)
	  Index Cond: ((id >= 4932467) AND (id <= 4932567))

table 3 : explain SELECT id, c FROM sbtest3 WHERE id BETWEEN 4932467 AND 4932567
	Index Scan using sbtest3_pkey on sbtest3  (cost=0.43..364.94 rows=92 width=125)
	  Index Cond: ((id >= 4932467) AND (id <= 4932567))

table 4 : explain SELECT id, c FROM sbtest4 WHERE id BETWEEN 4932467 AND 4932567
	Index Scan using sbtest4_pkey on sbtest4  (cost=0.43..396.61 rows=100 width=125)
	  Index Cond: ((id >= 4932467) AND (id <= 4932567))

table 5 : explain SELECT id, c FROM sbtest5 WHERE id BETWEEN 4932467 AND 4932567
	Index Scan using sbtest5_pkey on sbtest5  (cost=0.43..420.36 rows=106 width=125)
	  Index Cond: ((id >= 4932467) AND (id <= 4932567))

table 6 : explain SELECT id, c FROM sbtest6 WHERE id BETWEEN 4932467 AND 4932567
	Index Scan using sbtest6_pkey on sbtest6  (cost=0.43..380.74 rows=96 width=125)
	  Index Cond: ((id >= 4932467) AND (id <= 4932567))

table 7 : explain SELECT id, c FROM sbtest7 WHERE id BETWEEN 4932467 AND 4932567
	Index Scan using sbtest7_pkey on sbtest7  (cost=0.43..376.64 rows=95 width=125)
	  Index Cond: ((id >= 4932467) AND (id <= 4932567))

table 8 : explain SELECT id, c FROM sbtest8 WHERE id BETWEEN 4932467 AND 4932567
	Index Scan using sbtest8_pkey on sbtest8  (cost=0.43..428.23 rows=108 width=125)
	  Index Cond: ((id >= 4932467) AND (id <= 4932567))

for range-notcovered
table 1 : explain SELECT id, c FROM sbtest1 WHERE id BETWEEN 3220699 AND 3220799
	Index Scan using sbtest1_pkey on sbtest1  (cost=0.43..364.24 rows=92 width=125)
	  Index Cond: ((id >= 3220699) AND (id <= 3220799))

table 2 : explain SELECT id, c FROM sbtest2 WHERE id BETWEEN 3220699 AND 3220799
	Index Scan using sbtest2_pkey on sbtest2  (cost=0.43..379.72 rows=96 width=125)
	  Index Cond: ((id >= 3220699) AND (id <= 3220799))

table 3 : explain SELECT id, c FROM sbtest3 WHERE id BETWEEN 3220699 AND 3220799
	Index Scan using sbtest3_pkey on sbtest3  (cost=0.43..423.69 rows=107 width=125)
	  Index Cond: ((id >= 3220699) AND (id <= 3220799))

table 4 : explain SELECT id, c FROM sbtest4 WHERE id BETWEEN 3220699 AND 3220799
	Index Scan using sbtest4_pkey on sbtest4  (cost=0.43..439.73 rows=111 width=125)
	  Index Cond: ((id >= 3220699) AND (id <= 3220799))

table 5 : explain SELECT id, c FROM sbtest5 WHERE id BETWEEN 3220699 AND 3220799
	Index Scan using sbtest5_pkey on sbtest5  (cost=0.43..404.67 rows=102 width=125)
	  Index Cond: ((id >= 3220699) AND (id <= 3220799))

table 6 : explain SELECT id, c FROM sbtest6 WHERE id BETWEEN 3220699 AND 3220799
	Index Scan using sbtest6_pkey on sbtest6  (cost=0.43..419.92 rows=106 width=125)
	  Index Cond: ((id >= 3220699) AND (id <= 3220799))

table 7 : explain SELECT id, c FROM sbtest7 WHERE id BETWEEN 3220699 AND 3220799
	Index Scan using sbtest7_pkey on sbtest7  (cost=0.43..447.13 rows=113 width=125)
	  Index Cond: ((id >= 3220699) AND (id <= 3220799))

table 8 : explain SELECT id, c FROM sbtest8 WHERE id BETWEEN 3220699 AND 3220799
	Index Scan using sbtest8_pkey on sbtest8  (cost=0.43..416.46 rows=105 width=125)
	  Index Cond: ((id >= 3220699) AND (id <= 3220799))

explain: for range-notcovered :: explain SELECT id, c FROM sbtest%d WHERE id BETWEEN 4932467 AND 4932567
for range-notcovered
table 1 : explain SELECT id, c FROM sbtest1 WHERE id BETWEEN 3857960 AND 3858060
	Index Scan using sbtest1_pkey on sbtest1  (cost=0.43..415.08 rows=105 width=125)
	  Index Cond: ((id >= 3857960) AND (id <= 3858060))

table 2 : explain SELECT id, c FROM sbtest2 WHERE id BETWEEN 3857960 AND 3858060
	Index Scan using sbtest2_pkey on sbtest2  (cost=0.43..438.36 rows=111 width=125)
	  Index Cond: ((id >= 3857960) AND (id <= 3858060))

table 3 : explain SELECT id, c FROM sbtest3 WHERE id BETWEEN 3857960 AND 3858060
	Index Scan using sbtest3_pkey on sbtest3  (cost=0.43..427.61 rows=108 width=125)
	  Index Cond: ((id >= 3857960) AND (id <= 3858060))

table 4 : explain SELECT id, c FROM sbtest4 WHERE id BETWEEN 3857960 AND 3858060
	Index Scan using sbtest4_pkey on sbtest4  (cost=0.43..369.17 rows=93 width=125)
	  Index Cond: ((id >= 3857960) AND (id <= 3858060))

table 5 : explain SELECT id, c FROM sbtest5 WHERE id BETWEEN 3857960 AND 3858060
	Index Scan using sbtest5_pkey on sbtest5  (cost=0.43..447.81 rows=113 width=125)
	  Index Cond: ((id >= 3857960) AND (id <= 3858060))

table 6 : explain SELECT id, c FROM sbtest6 WHERE id BETWEEN 3857960 AND 3858060
	Index Scan using sbtest6_pkey on sbtest6  (cost=0.43..416.00 rows=105 width=125)
	  Index Cond: ((id >= 3857960) AND (id <= 3858060))

table 7 : explain SELECT id, c FROM sbtest7 WHERE id BETWEEN 3857960 AND 3858060
	Index Scan using sbtest7_pkey on sbtest7  (cost=0.43..404.05 rows=102 width=125)
	  Index Cond: ((id >= 3857960) AND (id <= 3858060))

table 8 : explain SELECT id, c FROM sbtest8 WHERE id BETWEEN 3857960 AND 3858060
	Index Scan using sbtest8_pkey on sbtest8  (cost=0.43..428.23 rows=108 width=125)
	  Index Cond: ((id >= 3857960) AND (id <= 3858060))

explain: for range-notcovered :: explain SELECT id, c FROM sbtest%d WHERE id BETWEEN 3857960 AND 3858060
explain: for range-notcovered :: explain SELECT id, c FROM sbtest%d WHERE id BETWEEN 3220699 AND 3220799
for range-notcovered
table 1 : explain SELECT id, c FROM sbtest1 WHERE id BETWEEN 7822072 AND 7822172
	Index Scan using sbtest1_pkey on sbtest1  (cost=0.43..383.81 rows=97 width=125)
	  Index Cond: ((id >= 7822072) AND (id <= 7822172))

table 2 : explain SELECT id, c FROM sbtest2 WHERE id BETWEEN 7822072 AND 7822172
	Index Scan using sbtest2_pkey on sbtest2  (cost=0.43..438.36 rows=111 width=125)
	  Index Cond: ((id >= 7822072) AND (id <= 7822172))

table 3 : explain SELECT id, c FROM sbtest3 WHERE id BETWEEN 7822072 AND 7822172
	Index Scan using sbtest3_pkey on sbtest3  (cost=0.43..404.11 rows=102 width=125)
	  Index Cond: ((id >= 7822072) AND (id <= 7822172))

table 4 : explain SELECT id, c FROM sbtest4 WHERE id BETWEEN 7822072 AND 7822172
	Index Scan using sbtest4_pkey on sbtest4  (cost=0.43..384.85 rows=97 width=125)
	  Index Cond: ((id >= 7822072) AND (id <= 7822172))

table 5 : explain SELECT id, c FROM sbtest5 WHERE id BETWEEN 7822072 AND 7822172
	Index Scan using sbtest5_pkey on sbtest5  (cost=0.43..357.58 rows=90 width=125)
	  Index Cond: ((id >= 7822072) AND (id <= 7822172))

table 6 : explain SELECT id, c FROM sbtest6 WHERE id BETWEEN 7822072 AND 7822172
	Index Scan using sbtest6_pkey on sbtest6  (cost=0.43..416.00 rows=105 width=125)
	  Index Cond: ((id >= 7822072) AND (id <= 7822172))

table 7 : explain SELECT id, c FROM sbtest7 WHERE id BETWEEN 7822072 AND 7822172
	Index Scan using sbtest7_pkey on sbtest7  (cost=0.43..368.81 rows=93 width=125)
	  Index Cond: ((id >= 7822072) AND (id <= 7822172))

table 8 : explain SELECT id, c FROM sbtest8 WHERE id BETWEEN 7822072 AND 7822172
	Index Scan using sbtest8_pkey on sbtest8  (cost=0.43..424.31 rows=107 width=125)
	  Index Cond: ((id >= 7822072) AND (id <= 7822172))

for range-notcovered
table 1 : explain SELECT id, c FROM sbtest1 WHERE id BETWEEN 4011851 AND 4011951
	Index Scan using sbtest1_pkey on sbtest1  (cost=0.43..368.15 rows=93 width=125)
	  Index Cond: ((id >= 4011851) AND (id <= 4011951))

table 2 : explain SELECT id, c FROM sbtest2 WHERE id BETWEEN 4011851 AND 4011951
	Index Scan using sbtest2_pkey on sbtest2  (cost=0.43..383.63 rows=97 width=125)
	  Index Cond: ((id >= 4011851) AND (id <= 4011951))

table 3 : explain SELECT id, c FROM sbtest3 WHERE id BETWEEN 4011851 AND 4011951
	Index Scan using sbtest3_pkey on sbtest3  (cost=0.43..392.36 rows=99 width=125)
	  Index Cond: ((id >= 4011851) AND (id <= 4011951))

table 4 : explain SELECT id, c FROM sbtest4 WHERE id BETWEEN 4011851 AND 4011951
	Index Scan using sbtest4_pkey on sbtest4  (cost=0.43..439.73 rows=111 width=125)
	  Index Cond: ((id >= 4011851) AND (id <= 4011951))

table 5 : explain SELECT id, c FROM sbtest5 WHERE id BETWEEN 4011851 AND 4011951
	Index Scan using sbtest5_pkey on sbtest5  (cost=0.43..416.44 rows=105 width=125)
	  Index Cond: ((id >= 4011851) AND (id <= 4011951))

table 6 : explain SELECT id, c FROM sbtest6 WHERE id BETWEEN 4011851 AND 4011951
	Index Scan using sbtest6_pkey on sbtest6  (cost=0.43..372.88 rows=94 width=125)
	  Index Cond: ((id >= 4011851) AND (id <= 4011951))

table 7 : explain SELECT id, c FROM sbtest7 WHERE id BETWEEN 4011851 AND 4011951
	Index Scan using sbtest7_pkey on sbtest7  (cost=0.43..392.30 rows=99 width=125)
	  Index Cond: ((id >= 4011851) AND (id <= 4011951))

table 8 : explain SELECT id, c FROM sbtest8 WHERE id BETWEEN 4011851 AND 4011951
	Index Scan using sbtest8_pkey on sbtest8  (cost=0.43..408.62 rows=103 width=125)
	  Index Cond: ((id >= 4011851) AND (id <= 4011951))

explain: for range-notcovered :: explain SELECT id, c FROM sbtest%d WHERE id BETWEEN 7822072 AND 7822172
explain: for range-notcovered :: explain SELECT id, c FROM sbtest%d WHERE id BETWEEN 4011851 AND 4011951
for range-notcovered
table 1 : explain SELECT id, c FROM sbtest1 WHERE id BETWEEN 2746269 AND 2746369
	Index Scan using sbtest1_pkey on sbtest1  (cost=0.43..391.63 rows=99 width=125)
	  Index Cond: ((id >= 2746269) AND (id <= 2746369))

table 2 : explain SELECT id, c FROM sbtest2 WHERE id BETWEEN 2746269 AND 2746369
	Index Scan using sbtest2_pkey on sbtest2  (cost=0.43..403.19 rows=102 width=125)
	  Index Cond: ((id >= 2746269) AND (id <= 2746369))

table 3 : explain SELECT id, c FROM sbtest3 WHERE id BETWEEN 2746269 AND 2746369
	Index Scan using sbtest3_pkey on sbtest3  (cost=0.43..372.78 rows=94 width=125)
	  Index Cond: ((id >= 2746269) AND (id <= 2746369))

table 4 : explain SELECT id, c FROM sbtest4 WHERE id BETWEEN 2746269 AND 2746369
	Index Scan using sbtest4_pkey on sbtest4  (cost=0.43..392.69 rows=99 width=125)
	  Index Cond: ((id >= 2746269) AND (id <= 2746369))

table 5 : explain SELECT id, c FROM sbtest5 WHERE id BETWEEN 2746269 AND 2746369
	Index Scan using sbtest5_pkey on sbtest5  (cost=0.43..353.66 rows=89 width=125)
	  Index Cond: ((id >= 2746269) AND (id <= 2746369))

table 6 : explain SELECT id, c FROM sbtest6 WHERE id BETWEEN 2746269 AND 2746369
	Index Scan using sbtest6_pkey on sbtest6  (cost=0.43..435.59 rows=110 width=125)
	  Index Cond: ((id >= 2746269) AND (id <= 2746369))

table 7 : explain SELECT id, c FROM sbtest7 WHERE id BETWEEN 2746269 AND 2746369
	Index Scan using sbtest7_pkey on sbtest7  (cost=0.43..368.81 rows=93 width=125)
	  Index Cond: ((id >= 2746269) AND (id <= 2746369))

table 8 : explain SELECT id, c FROM sbtest8 WHERE id BETWEEN 2746269 AND 2746369
	Index Scan using sbtest8_pkey on sbtest8  (cost=0.43..416.46 rows=105 width=125)
	  Index Cond: ((id >= 2746269) AND (id <= 2746369))

for range-notcovered
table 1 : explain SELECT id, c FROM sbtest1 WHERE id BETWEEN 4932467 AND 4932567
	Index Scan using sbtest1_pkey on sbtest1  (cost=0.43..379.90 rows=96 width=125)
	  Index Cond: ((id >= 4932467) AND (id <= 4932567))

table 2 : explain SELECT id, c FROM sbtest2 WHERE id BETWEEN 4932467 AND 4932567
	Index Scan using sbtest2_pkey on sbtest2  (cost=0.43..364.09 rows=92 width=125)
	  Index Cond: ((id >= 4932467) AND (id <= 4932567))

table 3 : explain SELECT id, c FROM sbtest3 WHERE id BETWEEN 4932467 AND 4932567
	Index Scan using sbtest3_pkey on sbtest3  (cost=0.43..364.94 rows=92 width=125)
	  Index Cond: ((id >= 4932467) AND (id <= 4932567))

table 4 : explain SELECT id, c FROM sbtest4 WHERE id BETWEEN 4932467 AND 4932567
	Index Scan using sbtest4_pkey on sbtest4  (cost=0.43..396.61 rows=100 width=125)
	  Index Cond: ((id >= 4932467) AND (id <= 4932567))

table 5 : explain SELECT id, c FROM sbtest5 WHERE id BETWEEN 4932467 AND 4932567
	Index Scan using sbtest5_pkey on sbtest5  (cost=0.43..420.36 rows=106 width=125)
	  Index Cond: ((id >= 4932467) AND (id <= 4932567))

table 6 : explain SELECT id, c FROM sbtest6 WHERE id BETWEEN 4932467 AND 4932567
	Index Scan using sbtest6_pkey on sbtest6  (cost=0.43..380.74 rows=96 width=125)
	  Index Cond: ((id >= 4932467) AND (id <= 4932567))

table 7 : explain SELECT id, c FROM sbtest7 WHERE id BETWEEN 4932467 AND 4932567
	Index Scan using sbtest7_pkey on sbtest7  (cost=0.43..376.64 rows=95 width=125)
	  Index Cond: ((id >= 4932467) AND (id <= 4932567))

table 8 : explain SELECT id, c FROM sbtest8 WHERE id BETWEEN 4932467 AND 4932567
	Index Scan using sbtest8_pkey on sbtest8  (cost=0.43..428.23 rows=108 width=125)
	  Index Cond: ((id >= 4932467) AND (id <= 4932567))

for range-notcovered
table 1 : explain SELECT id, c FROM sbtest1 WHERE id BETWEEN 3857960 AND 3858060
	Index Scan using sbtest1_pkey on sbtest1  (cost=0.43..415.08 rows=105 width=125)
	  Index Cond: ((id >= 3857960) AND (id <= 3858060))

table 2 : explain SELECT id, c FROM sbtest2 WHERE id BETWEEN 3857960 AND 3858060
	Index Scan using sbtest2_pkey on sbtest2  (cost=0.43..438.36 rows=111 width=125)
	  Index Cond: ((id >= 3857960) AND (id <= 3858060))

table 3 : explain SELECT id, c FROM sbtest3 WHERE id BETWEEN 3857960 AND 3858060
	Index Scan using sbtest3_pkey on sbtest3  (cost=0.43..427.61 rows=108 width=125)
	  Index Cond: ((id >= 3857960) AND (id <= 3858060))

table 4 : explain SELECT id, c FROM sbtest4 WHERE id BETWEEN 3857960 AND 3858060
	Index Scan using sbtest4_pkey on sbtest4  (cost=0.43..369.17 rows=93 width=125)
	  Index Cond: ((id >= 3857960) AND (id <= 3858060))

table 5 : explain SELECT id, c FROM sbtest5 WHERE id BETWEEN 3857960 AND 3858060
	Index Scan using sbtest5_pkey on sbtest5  (cost=0.43..447.81 rows=113 width=125)
	  Index Cond: ((id >= 3857960) AND (id <= 3858060))

table 6 : explain SELECT id, c FROM sbtest6 WHERE id BETWEEN 3857960 AND 3858060
	Index Scan using sbtest6_pkey on sbtest6  (cost=0.43..416.00 rows=105 width=125)
	  Index Cond: ((id >= 3857960) AND (id <= 3858060))

table 7 : explain SELECT id, c FROM sbtest7 WHERE id BETWEEN 3857960 AND 3858060
	Index Scan using sbtest7_pkey on sbtest7  (cost=0.43..404.05 rows=102 width=125)
	  Index Cond: ((id >= 3857960) AND (id <= 3858060))

table 8 : explain SELECT id, c FROM sbtest8 WHERE id BETWEEN 3857960 AND 3858060
	Index Scan using sbtest8_pkey on sbtest8  (cost=0.43..428.23 rows=108 width=125)
	  Index Cond: ((id >= 3857960) AND (id <= 3858060))

explain: for range-notcovered :: explain SELECT id, c FROM sbtest%d WHERE id BETWEEN 3857960 AND 3858060
for range-notcovered
table 1 : explain SELECT id, c FROM sbtest1 WHERE id BETWEEN 3220699 AND 3220799
	Index Scan using sbtest1_pkey on sbtest1  (cost=0.43..364.24 rows=92 width=125)
	  Index Cond: ((id >= 3220699) AND (id <= 3220799))

table 2 : explain SELECT id, c FROM sbtest2 WHERE id BETWEEN 3220699 AND 3220799
	Index Scan using sbtest2_pkey on sbtest2  (cost=0.43..379.72 rows=96 width=125)
	  Index Cond: ((id >= 3220699) AND (id <= 3220799))

table 3 : explain SELECT id, c FROM sbtest3 WHERE id BETWEEN 3220699 AND 3220799
	Index Scan using sbtest3_pkey on sbtest3  (cost=0.43..423.69 rows=107 width=125)
	  Index Cond: ((id >= 3220699) AND (id <= 3220799))

table 4 : explain SELECT id, c FROM sbtest4 WHERE id BETWEEN 3220699 AND 3220799
	Index Scan using sbtest4_pkey on sbtest4  (cost=0.43..439.73 rows=111 width=125)
	  Index Cond: ((id >= 3220699) AND (id <= 3220799))

table 5 : explain SELECT id, c FROM sbtest5 WHERE id BETWEEN 3220699 AND 3220799
	Index Scan using sbtest5_pkey on sbtest5  (cost=0.43..404.67 rows=102 width=125)
	  Index Cond: ((id >= 3220699) AND (id <= 3220799))

table 6 : explain SELECT id, c FROM sbtest6 WHERE id BETWEEN 3220699 AND 3220799
	Index Scan using sbtest6_pkey on sbtest6  (cost=0.43..419.92 rows=106 width=125)
	  Index Cond: ((id >= 3220699) AND (id <= 3220799))

table 7 : explain SELECT id, c FROM sbtest7 WHERE id BETWEEN 3220699 AND 3220799
	Index Scan using sbtest7_pkey on sbtest7  (cost=0.43..447.13 rows=113 width=125)
	  Index Cond: ((id >= 3220699) AND (id <= 3220799))

table 8 : explain SELECT id, c FROM sbtest8 WHERE id BETWEEN 3220699 AND 3220799
	Index Scan using sbtest8_pkey on sbtest8  (cost=0.43..416.46 rows=105 width=125)
	  Index Cond: ((id >= 3220699) AND (id <= 3220799))

for range-notcovered
table 1 : explain SELECT id, c FROM sbtest1 WHERE id BETWEEN 3857960 AND 3858060
	Index Scan using sbtest1_pkey on sbtest1  (cost=0.43..415.08 rows=105 width=125)
	  Index Cond: ((id >= 3857960) AND (id <= 3858060))

table 2 : explain SELECT id, c FROM sbtest2 WHERE id BETWEEN 3857960 AND 3858060
	Index Scan using sbtest2_pkey on sbtest2  (cost=0.43..438.36 rows=111 width=125)
	  Index Cond: ((id >= 3857960) AND (id <= 3858060))

table 3 : explain SELECT id, c FROM sbtest3 WHERE id BETWEEN 3857960 AND 3858060
	Index Scan using sbtest3_pkey on sbtest3  (cost=0.43..427.61 rows=108 width=125)
	  Index Cond: ((id >= 3857960) AND (id <= 3858060))

table 4 : explain SELECT id, c FROM sbtest4 WHERE id BETWEEN 3857960 AND 3858060
	Index Scan using sbtest4_pkey on sbtest4  (cost=0.43..369.17 rows=93 width=125)
	  Index Cond: ((id >= 3857960) AND (id <= 3858060))

table 5 : explain SELECT id, c FROM sbtest5 WHERE id BETWEEN 3857960 AND 3858060
	Index Scan using sbtest5_pkey on sbtest5  (cost=0.43..447.81 rows=113 width=125)
	  Index Cond: ((id >= 3857960) AND (id <= 3858060))

table 6 : explain SELECT id, c FROM sbtest6 WHERE id BETWEEN 3857960 AND 3858060
	Index Scan using sbtest6_pkey on sbtest6  (cost=0.43..416.00 rows=105 width=125)
	  Index Cond: ((id >= 3857960) AND (id <= 3858060))

table 7 : explain SELECT id, c FROM sbtest7 WHERE id BETWEEN 3857960 AND 3858060
	Index Scan using sbtest7_pkey on sbtest7  (cost=0.43..404.05 rows=102 width=125)
	  Index Cond: ((id >= 3857960) AND (id <= 3858060))

table 8 : explain SELECT id, c FROM sbtest8 WHERE id BETWEEN 3857960 AND 3858060
	Index Scan using sbtest8_pkey on sbtest8  (cost=0.43..428.23 rows=108 width=125)
	  Index Cond: ((id >= 3857960) AND (id <= 3858060))

explain: for range-notcovered :: explain SELECT id, c FROM sbtest%d WHERE id BETWEEN 3857960 AND 3858060
for range-notcovered
table 1 : explain SELECT id, c FROM sbtest1 WHERE id BETWEEN 4011851 AND 4011951
	Index Scan using sbtest1_pkey on sbtest1  (cost=0.43..368.15 rows=93 width=125)
	  Index Cond: ((id >= 4011851) AND (id <= 4011951))

table 2 : explain SELECT id, c FROM sbtest2 WHERE id BETWEEN 4011851 AND 4011951
	Index Scan using sbtest2_pkey on sbtest2  (cost=0.43..383.63 rows=97 width=125)
	  Index Cond: ((id >= 4011851) AND (id <= 4011951))

table 3 : explain SELECT id, c FROM sbtest3 WHERE id BETWEEN 4011851 AND 4011951
	Index Scan using sbtest3_pkey on sbtest3  (cost=0.43..392.36 rows=99 width=125)
	  Index Cond: ((id >= 4011851) AND (id <= 4011951))

table 4 : explain SELECT id, c FROM sbtest4 WHERE id BETWEEN 4011851 AND 4011951
	Index Scan using sbtest4_pkey on sbtest4  (cost=0.43..439.73 rows=111 width=125)
	  Index Cond: ((id >= 4011851) AND (id <= 4011951))

table 5 : explain SELECT id, c FROM sbtest5 WHERE id BETWEEN 4011851 AND 4011951
	Index Scan using sbtest5_pkey on sbtest5  (cost=0.43..416.44 rows=105 width=125)
	  Index Cond: ((id >= 4011851) AND (id <= 4011951))

table 6 : explain SELECT id, c FROM sbtest6 WHERE id BETWEEN 4011851 AND 4011951
	Index Scan using sbtest6_pkey on sbtest6  (cost=0.43..372.88 rows=94 width=125)
	  Index Cond: ((id >= 4011851) AND (id <= 4011951))

table 7 : explain SELECT id, c FROM sbtest7 WHERE id BETWEEN 4011851 AND 4011951
	Index Scan using sbtest7_pkey on sbtest7  (cost=0.43..392.30 rows=99 width=125)
	  Index Cond: ((id >= 4011851) AND (id <= 4011951))

table 8 : explain SELECT id, c FROM sbtest8 WHERE id BETWEEN 4011851 AND 4011951
	Index Scan using sbtest8_pkey on sbtest8  (cost=0.43..408.62 rows=103 width=125)
	  Index Cond: ((id >= 4011851) AND (id <= 4011951))

for range-notcovered
table 1 : explain SELECT id, c FROM sbtest1 WHERE id BETWEEN 7822072 AND 7822172
	Index Scan using sbtest1_pkey on sbtest1  (cost=0.43..383.81 rows=97 width=125)
	  Index Cond: ((id >= 7822072) AND (id <= 7822172))

table 2 : explain SELECT id, c FROM sbtest2 WHERE id BETWEEN 7822072 AND 7822172
	Index Scan using sbtest2_pkey on sbtest2  (cost=0.43..438.36 rows=111 width=125)
	  Index Cond: ((id >= 7822072) AND (id <= 7822172))

table 3 : explain SELECT id, c FROM sbtest3 WHERE id BETWEEN 7822072 AND 7822172
	Index Scan using sbtest3_pkey on sbtest3  (cost=0.43..404.11 rows=102 width=125)
	  Index Cond: ((id >= 7822072) AND (id <= 7822172))

table 4 : explain SELECT id, c FROM sbtest4 WHERE id BETWEEN 7822072 AND 7822172
	Index Scan using sbtest4_pkey on sbtest4  (cost=0.43..384.85 rows=97 width=125)
	  Index Cond: ((id >= 7822072) AND (id <= 7822172))

table 5 : explain SELECT id, c FROM sbtest5 WHERE id BETWEEN 7822072 AND 7822172
	Index Scan using sbtest5_pkey on sbtest5  (cost=0.43..357.58 rows=90 width=125)
	  Index Cond: ((id >= 7822072) AND (id <= 7822172))

table 6 : explain SELECT id, c FROM sbtest6 WHERE id BETWEEN 7822072 AND 7822172
	Index Scan using sbtest6_pkey on sbtest6  (cost=0.43..416.00 rows=105 width=125)
	  Index Cond: ((id >= 7822072) AND (id <= 7822172))

table 7 : explain SELECT id, c FROM sbtest7 WHERE id BETWEEN 7822072 AND 7822172
	Index Scan using sbtest7_pkey on sbtest7  (cost=0.43..368.81 rows=93 width=125)
	  Index Cond: ((id >= 7822072) AND (id <= 7822172))

table 8 : explain SELECT id, c FROM sbtest8 WHERE id BETWEEN 7822072 AND 7822172
	Index Scan using sbtest8_pkey on sbtest8  (cost=0.43..424.31 rows=107 width=125)
	  Index Cond: ((id >= 7822072) AND (id <= 7822172))

explain: for range-notcovered :: explain SELECT id, c FROM sbtest%d WHERE id BETWEEN 4011851 AND 4011951
explain: for range-notcovered :: explain SELECT id, c FROM sbtest%d WHERE id BETWEEN 7822072 AND 7822172
for range-notcovered
table 1 : explain SELECT id, c FROM sbtest1 WHERE id BETWEEN 3857960 AND 3858060
	Index Scan using sbtest1_pkey on sbtest1  (cost=0.43..415.08 rows=105 width=125)
	  Index Cond: ((id >= 3857960) AND (id <= 3858060))

table 2 : explain SELECT id, c FROM sbtest2 WHERE id BETWEEN 3857960 AND 3858060
	Index Scan using sbtest2_pkey on sbtest2  (cost=0.43..438.36 rows=111 width=125)
	  Index Cond: ((id >= 3857960) AND (id <= 3858060))

table 3 : explain SELECT id, c FROM sbtest3 WHERE id BETWEEN 3857960 AND 3858060
	Index Scan using sbtest3_pkey on sbtest3  (cost=0.43..427.61 rows=108 width=125)
	  Index Cond: ((id >= 3857960) AND (id <= 3858060))

table 4 : explain SELECT id, c FROM sbtest4 WHERE id BETWEEN 3857960 AND 3858060
	Index Scan using sbtest4_pkey on sbtest4  (cost=0.43..369.17 rows=93 width=125)
	  Index Cond: ((id >= 3857960) AND (id <= 3858060))

table 5 : explain SELECT id, c FROM sbtest5 WHERE id BETWEEN 3857960 AND 3858060
	Index Scan using sbtest5_pkey on sbtest5  (cost=0.43..447.81 rows=113 width=125)
	  Index Cond: ((id >= 3857960) AND (id <= 3858060))

table 6 : explain SELECT id, c FROM sbtest6 WHERE id BETWEEN 3857960 AND 3858060
	Index Scan using sbtest6_pkey on sbtest6  (cost=0.43..416.00 rows=105 width=125)
	  Index Cond: ((id >= 3857960) AND (id <= 3858060))

table 7 : explain SELECT id, c FROM sbtest7 WHERE id BETWEEN 3857960 AND 3858060
	Index Scan using sbtest7_pkey on sbtest7  (cost=0.43..404.05 rows=102 width=125)
	  Index Cond: ((id >= 3857960) AND (id <= 3858060))

table 8 : explain SELECT id, c FROM sbtest8 WHERE id BETWEEN 3857960 AND 3858060
	Index Scan using sbtest8_pkey on sbtest8  (cost=0.43..428.23 rows=108 width=125)
	  Index Cond: ((id >= 3857960) AND (id <= 3858060))

explain: for range-notcovered :: explain SELECT id, c FROM sbtest%d WHERE id BETWEEN 3857960 AND 3858060
for range-notcovered
table 1 : explain SELECT id, c FROM sbtest1 WHERE id BETWEEN 3857960 AND 3858060
	Index Scan using sbtest1_pkey on sbtest1  (cost=0.43..415.08 rows=105 width=125)
	  Index Cond: ((id >= 3857960) AND (id <= 3858060))

table 2 : explain SELECT id, c FROM sbtest2 WHERE id BETWEEN 3857960 AND 3858060
	Index Scan using sbtest2_pkey on sbtest2  (cost=0.43..438.36 rows=111 width=125)
	  Index Cond: ((id >= 3857960) AND (id <= 3858060))

table 3 : explain SELECT id, c FROM sbtest3 WHERE id BETWEEN 3857960 AND 3858060
	Index Scan using sbtest3_pkey on sbtest3  (cost=0.43..427.61 rows=108 width=125)
	  Index Cond: ((id >= 3857960) AND (id <= 3858060))

table 4 : explain SELECT id, c FROM sbtest4 WHERE id BETWEEN 3857960 AND 3858060
	Index Scan using sbtest4_pkey on sbtest4  (cost=0.43..369.17 rows=93 width=125)
	  Index Cond: ((id >= 3857960) AND (id <= 3858060))

table 5 : explain SELECT id, c FROM sbtest5 WHERE id BETWEEN 3857960 AND 3858060
	Index Scan using sbtest5_pkey on sbtest5  (cost=0.43..447.81 rows=113 width=125)
	  Index Cond: ((id >= 3857960) AND (id <= 3858060))

table 6 : explain SELECT id, c FROM sbtest6 WHERE id BETWEEN 3857960 AND 3858060
	Index Scan using sbtest6_pkey on sbtest6  (cost=0.43..416.00 rows=105 width=125)
	  Index Cond: ((id >= 3857960) AND (id <= 3858060))

table 7 : explain SELECT id, c FROM sbtest7 WHERE id BETWEEN 3857960 AND 3858060
	Index Scan using sbtest7_pkey on sbtest7  (cost=0.43..404.05 rows=102 width=125)
	  Index Cond: ((id >= 3857960) AND (id <= 3858060))

table 8 : explain SELECT id, c FROM sbtest8 WHERE id BETWEEN 3857960 AND 3858060
	Index Scan using sbtest8_pkey on sbtest8  (cost=0.43..428.23 rows=108 width=125)
	  Index Cond: ((id >= 3857960) AND (id <= 3858060))

explain: for range-notcovered :: explain SELECT id, c FROM sbtest%d WHERE id BETWEEN 3857960 AND 3858060
for range-notcovered
table 1 : explain SELECT id, c FROM sbtest1 WHERE id BETWEEN 7822072 AND 7822172
	Index Scan using sbtest1_pkey on sbtest1  (cost=0.43..383.81 rows=97 width=125)
	  Index Cond: ((id >= 7822072) AND (id <= 7822172))

table 2 : explain SELECT id, c FROM sbtest2 WHERE id BETWEEN 7822072 AND 7822172
	Index Scan using sbtest2_pkey on sbtest2  (cost=0.43..438.36 rows=111 width=125)
	  Index Cond: ((id >= 7822072) AND (id <= 7822172))

table 3 : explain SELECT id, c FROM sbtest3 WHERE id BETWEEN 7822072 AND 7822172
	Index Scan using sbtest3_pkey on sbtest3  (cost=0.43..404.11 rows=102 width=125)
	  Index Cond: ((id >= 7822072) AND (id <= 7822172))

table 4 : explain SELECT id, c FROM sbtest4 WHERE id BETWEEN 7822072 AND 7822172
	Index Scan using sbtest4_pkey on sbtest4  (cost=0.43..384.85 rows=97 width=125)
	  Index Cond: ((id >= 7822072) AND (id <= 7822172))

table 5 : explain SELECT id, c FROM sbtest5 WHERE id BETWEEN 7822072 AND 7822172
	Index Scan using sbtest5_pkey on sbtest5  (cost=0.43..357.58 rows=90 width=125)
	  Index Cond: ((id >= 7822072) AND (id <= 7822172))

table 6 : explain SELECT id, c FROM sbtest6 WHERE id BETWEEN 7822072 AND 7822172
	Index Scan using sbtest6_pkey on sbtest6  (cost=0.43..416.00 rows=105 width=125)
	  Index Cond: ((id >= 7822072) AND (id <= 7822172))

table 7 : explain SELECT id, c FROM sbtest7 WHERE id BETWEEN 7822072 AND 7822172
	Index Scan using sbtest7_pkey on sbtest7  (cost=0.43..368.81 rows=93 width=125)
	  Index Cond: ((id >= 7822072) AND (id <= 7822172))

table 8 : explain SELECT id, c FROM sbtest8 WHERE id BETWEEN 7822072 AND 7822172
	Index Scan using sbtest8_pkey on sbtest8  (cost=0.43..424.31 rows=107 width=125)
	  Index Cond: ((id >= 7822072) AND (id <= 7822172))

for range-notcovered
table 1 : explain SELECT id, c FROM sbtest1 WHERE id BETWEEN 4011851 AND 4011951
	Index Scan using sbtest1_pkey on sbtest1  (cost=0.43..368.15 rows=93 width=125)
	  Index Cond: ((id >= 4011851) AND (id <= 4011951))

table 2 : explain SELECT id, c FROM sbtest2 WHERE id BETWEEN 4011851 AND 4011951
	Index Scan using sbtest2_pkey on sbtest2  (cost=0.43..383.63 rows=97 width=125)
	  Index Cond: ((id >= 4011851) AND (id <= 4011951))

table 3 : explain SELECT id, c FROM sbtest3 WHERE id BETWEEN 4011851 AND 4011951
	Index Scan using sbtest3_pkey on sbtest3  (cost=0.43..392.36 rows=99 width=125)
	  Index Cond: ((id >= 4011851) AND (id <= 4011951))

table 4 : explain SELECT id, c FROM sbtest4 WHERE id BETWEEN 4011851 AND 4011951
	Index Scan using sbtest4_pkey on sbtest4  (cost=0.43..439.73 rows=111 width=125)
	  Index Cond: ((id >= 4011851) AND (id <= 4011951))

table 5 : explain SELECT id, c FROM sbtest5 WHERE id BETWEEN 4011851 AND 4011951
	Index Scan using sbtest5_pkey on sbtest5  (cost=0.43..416.44 rows=105 width=125)
	  Index Cond: ((id >= 4011851) AND (id <= 4011951))

table 6 : explain SELECT id, c FROM sbtest6 WHERE id BETWEEN 4011851 AND 4011951
	Index Scan using sbtest6_pkey on sbtest6  (cost=0.43..372.88 rows=94 width=125)
	  Index Cond: ((id >= 4011851) AND (id <= 4011951))

table 7 : explain SELECT id, c FROM sbtest7 WHERE id BETWEEN 4011851 AND 4011951
	Index Scan using sbtest7_pkey on sbtest7  (cost=0.43..392.30 rows=99 width=125)
	  Index Cond: ((id >= 4011851) AND (id <= 4011951))

table 8 : explain SELECT id, c FROM sbtest8 WHERE id BETWEEN 4011851 AND 4011951
	Index Scan using sbtest8_pkey on sbtest8  (cost=0.43..408.62 rows=103 width=125)
	  Index Cond: ((id >= 4011851) AND (id <= 4011951))

explain: for range-notcovered :: explain SELECT id, c FROM sbtest%d WHERE id BETWEEN 7822072 AND 7822172
explain: for range-notcovered :: explain SELECT id, c FROM sbtest%d WHERE id BETWEEN 4011851 AND 4011951
for range-notcovered
table 1 : explain SELECT id, c FROM sbtest1 WHERE id BETWEEN 3857960 AND 3858060
	Index Scan using sbtest1_pkey on sbtest1  (cost=0.43..415.08 rows=105 width=125)
	  Index Cond: ((id >= 3857960) AND (id <= 3858060))

table 2 : explain SELECT id, c FROM sbtest2 WHERE id BETWEEN 3857960 AND 3858060
	Index Scan using sbtest2_pkey on sbtest2  (cost=0.43..438.36 rows=111 width=125)
	  Index Cond: ((id >= 3857960) AND (id <= 3858060))

table 3 : explain SELECT id, c FROM sbtest3 WHERE id BETWEEN 3857960 AND 3858060
	Index Scan using sbtest3_pkey on sbtest3  (cost=0.43..427.61 rows=108 width=125)
	  Index Cond: ((id >= 3857960) AND (id <= 3858060))

table 4 : explain SELECT id, c FROM sbtest4 WHERE id BETWEEN 3857960 AND 3858060
	Index Scan using sbtest4_pkey on sbtest4  (cost=0.43..369.17 rows=93 width=125)
	  Index Cond: ((id >= 3857960) AND (id <= 3858060))

table 5 : explain SELECT id, c FROM sbtest5 WHERE id BETWEEN 3857960 AND 3858060
	Index Scan using sbtest5_pkey on sbtest5  (cost=0.43..447.81 rows=113 width=125)
	  Index Cond: ((id >= 3857960) AND (id <= 3858060))

table 6 : explain SELECT id, c FROM sbtest6 WHERE id BETWEEN 3857960 AND 3858060
	Index Scan using sbtest6_pkey on sbtest6  (cost=0.43..416.00 rows=105 width=125)
	  Index Cond: ((id >= 3857960) AND (id <= 3858060))

table 7 : explain SELECT id, c FROM sbtest7 WHERE id BETWEEN 3857960 AND 3858060
	Index Scan using sbtest7_pkey on sbtest7  (cost=0.43..404.05 rows=102 width=125)
	  Index Cond: ((id >= 3857960) AND (id <= 3858060))

table 8 : explain SELECT id, c FROM sbtest8 WHERE id BETWEEN 3857960 AND 3858060
	Index Scan using sbtest8_pkey on sbtest8  (cost=0.43..428.23 rows=108 width=125)
	  Index Cond: ((id >= 3857960) AND (id <= 3858060))

for range-notcovered
table 1 : explain SELECT id, c FROM sbtest1 WHERE id BETWEEN 4011851 AND 4011951
	Index Scan using sbtest1_pkey on sbtest1  (cost=0.43..368.15 rows=93 width=125)
	  Index Cond: ((id >= 4011851) AND (id <= 4011951))

table 2 : explain SELECT id, c FROM sbtest2 WHERE id BETWEEN 4011851 AND 4011951
	Index Scan using sbtest2_pkey on sbtest2  (cost=0.43..383.63 rows=97 width=125)
	  Index Cond: ((id >= 4011851) AND (id <= 4011951))

table 3 : explain SELECT id, c FROM sbtest3 WHERE id BETWEEN 4011851 AND 4011951
	Index Scan using sbtest3_pkey on sbtest3  (cost=0.43..392.36 rows=99 width=125)
	  Index Cond: ((id >= 4011851) AND (id <= 4011951))

table 4 : explain SELECT id, c FROM sbtest4 WHERE id BETWEEN 4011851 AND 4011951
	Index Scan using sbtest4_pkey on sbtest4  (cost=0.43..439.73 rows=111 width=125)
	  Index Cond: ((id >= 4011851) AND (id <= 4011951))

table 5 : explain SELECT id, c FROM sbtest5 WHERE id BETWEEN 4011851 AND 4011951
	Index Scan using sbtest5_pkey on sbtest5  (cost=0.43..416.44 rows=105 width=125)
	  Index Cond: ((id >= 4011851) AND (id <= 4011951))

table 6 : explain SELECT id, c FROM sbtest6 WHERE id BETWEEN 4011851 AND 4011951
	Index Scan using sbtest6_pkey on sbtest6  (cost=0.43..372.88 rows=94 width=125)
	  Index Cond: ((id >= 4011851) AND (id <= 4011951))

table 7 : explain SELECT id, c FROM sbtest7 WHERE id BETWEEN 4011851 AND 4011951
	Index Scan using sbtest7_pkey on sbtest7  (cost=0.43..392.30 rows=99 width=125)
	  Index Cond: ((id >= 4011851) AND (id <= 4011951))

table 8 : explain SELECT id, c FROM sbtest8 WHERE id BETWEEN 4011851 AND 4011951
	Index Scan using sbtest8_pkey on sbtest8  (cost=0.43..408.62 rows=103 width=125)
	  Index Cond: ((id >= 4011851) AND (id <= 4011951))

for range-notcovered
table 1 : explain SELECT id, c FROM sbtest1 WHERE id BETWEEN 7822072 AND 7822172
	Index Scan using sbtest1_pkey on sbtest1  (cost=0.43..383.81 rows=97 width=125)
	  Index Cond: ((id >= 7822072) AND (id <= 7822172))

table 2 : explain SELECT id, c FROM sbtest2 WHERE id BETWEEN 7822072 AND 7822172
	Index Scan using sbtest2_pkey on sbtest2  (cost=0.43..438.36 rows=111 width=125)
	  Index Cond: ((id >= 7822072) AND (id <= 7822172))

table 3 : explain SELECT id, c FROM sbtest3 WHERE id BETWEEN 7822072 AND 7822172
	Index Scan using sbtest3_pkey on sbtest3  (cost=0.43..404.11 rows=102 width=125)
	  Index Cond: ((id >= 7822072) AND (id <= 7822172))

table 4 : explain SELECT id, c FROM sbtest4 WHERE id BETWEEN 7822072 AND 7822172
	Index Scan using sbtest4_pkey on sbtest4  (cost=0.43..384.85 rows=97 width=125)
	  Index Cond: ((id >= 7822072) AND (id <= 7822172))

table 5 : explain SELECT id, c FROM sbtest5 WHERE id BETWEEN 7822072 AND 7822172
	Index Scan using sbtest5_pkey on sbtest5  (cost=0.43..357.58 rows=90 width=125)
	  Index Cond: ((id >= 7822072) AND (id <= 7822172))

table 6 : explain SELECT id, c FROM sbtest6 WHERE id BETWEEN 7822072 AND 7822172
	Index Scan using sbtest6_pkey on sbtest6  (cost=0.43..416.00 rows=105 width=125)
	  Index Cond: ((id >= 7822072) AND (id <= 7822172))

table 7 : explain SELECT id, c FROM sbtest7 WHERE id BETWEEN 7822072 AND 7822172
	Index Scan using sbtest7_pkey on sbtest7  (cost=0.43..368.81 rows=93 width=125)
	  Index Cond: ((id >= 7822072) AND (id <= 7822172))

table 8 : explain SELECT id, c FROM sbtest8 WHERE id BETWEEN 7822072 AND 7822172
	Index Scan using sbtest8_pkey on sbtest8  (cost=0.43..424.31 rows=107 width=125)
	  Index Cond: ((id >= 7822072) AND (id <= 7822172))

explain: for range-notcovered :: explain SELECT id, c FROM sbtest%d WHERE id BETWEEN 7822072 AND 7822172
for range-notcovered
table 1 : explain SELECT id, c FROM sbtest1 WHERE id BETWEEN 7822072 AND 7822172
	Index Scan using sbtest1_pkey on sbtest1  (cost=0.43..383.81 rows=97 width=125)
	  Index Cond: ((id >= 7822072) AND (id <= 7822172))

table 2 : explain SELECT id, c FROM sbtest2 WHERE id BETWEEN 7822072 AND 7822172
	Index Scan using sbtest2_pkey on sbtest2  (cost=0.43..438.36 rows=111 width=125)
	  Index Cond: ((id >= 7822072) AND (id <= 7822172))

table 3 : explain SELECT id, c FROM sbtest3 WHERE id BETWEEN 7822072 AND 7822172
	Index Scan using sbtest3_pkey on sbtest3  (cost=0.43..404.11 rows=102 width=125)
	  Index Cond: ((id >= 7822072) AND (id <= 7822172))

table 4 : explain SELECT id, c FROM sbtest4 WHERE id BETWEEN 7822072 AND 7822172
	Index Scan using sbtest4_pkey on sbtest4  (cost=0.43..384.85 rows=97 width=125)
	  Index Cond: ((id >= 7822072) AND (id <= 7822172))

table 5 : explain SELECT id, c FROM sbtest5 WHERE id BETWEEN 7822072 AND 7822172
	Index Scan using sbtest5_pkey on sbtest5  (cost=0.43..357.58 rows=90 width=125)
	  Index Cond: ((id >= 7822072) AND (id <= 7822172))

table 6 : explain SELECT id, c FROM sbtest6 WHERE id BETWEEN 7822072 AND 7822172
	Index Scan using sbtest6_pkey on sbtest6  (cost=0.43..416.00 rows=105 width=125)
	  Index Cond: ((id >= 7822072) AND (id <= 7822172))

table 7 : explain SELECT id, c FROM sbtest7 WHERE id BETWEEN 7822072 AND 7822172
	Index Scan using sbtest7_pkey on sbtest7  (cost=0.43..368.81 rows=93 width=125)
	  Index Cond: ((id >= 7822072) AND (id <= 7822172))

table 8 : explain SELECT id, c FROM sbtest8 WHERE id BETWEEN 7822072 AND 7822172
	Index Scan using sbtest8_pkey on sbtest8  (cost=0.43..424.31 rows=107 width=125)
	  Index Cond: ((id >= 7822072) AND (id <= 7822172))

explain: for range-notcovered :: explain SELECT id, c FROM sbtest%d WHERE id BETWEEN 7822072 AND 7822172
for range-notcovered
table 1 : explain SELECT id, c FROM sbtest1 WHERE id BETWEEN 7822072 AND 7822172
	Index Scan using sbtest1_pkey on sbtest1  (cost=0.43..383.81 rows=97 width=125)
	  Index Cond: ((id >= 7822072) AND (id <= 7822172))

table 2 : explain SELECT id, c FROM sbtest2 WHERE id BETWEEN 7822072 AND 7822172
	Index Scan using sbtest2_pkey on sbtest2  (cost=0.43..438.36 rows=111 width=125)
	  Index Cond: ((id >= 7822072) AND (id <= 7822172))

table 3 : explain SELECT id, c FROM sbtest3 WHERE id BETWEEN 7822072 AND 7822172
	Index Scan using sbtest3_pkey on sbtest3  (cost=0.43..404.11 rows=102 width=125)
	  Index Cond: ((id >= 7822072) AND (id <= 7822172))

table 4 : explain SELECT id, c FROM sbtest4 WHERE id BETWEEN 7822072 AND 7822172
	Index Scan using sbtest4_pkey on sbtest4  (cost=0.43..384.85 rows=97 width=125)
	  Index Cond: ((id >= 7822072) AND (id <= 7822172))

table 5 : explain SELECT id, c FROM sbtest5 WHERE id BETWEEN 7822072 AND 7822172
	Index Scan using sbtest5_pkey on sbtest5  (cost=0.43..357.58 rows=90 width=125)
	  Index Cond: ((id >= 7822072) AND (id <= 7822172))

table 6 : explain SELECT id, c FROM sbtest6 WHERE id BETWEEN 7822072 AND 7822172
	Index Scan using sbtest6_pkey on sbtest6  (cost=0.43..416.00 rows=105 width=125)
	  Index Cond: ((id >= 7822072) AND (id <= 7822172))

table 7 : explain SELECT id, c FROM sbtest7 WHERE id BETWEEN 7822072 AND 7822172
	Index Scan using sbtest7_pkey on sbtest7  (cost=0.43..368.81 rows=93 width=125)
	  Index Cond: ((id >= 7822072) AND (id <= 7822172))

table 8 : explain SELECT id, c FROM sbtest8 WHERE id BETWEEN 7822072 AND 7822172
	Index Scan using sbtest8_pkey on sbtest8  (cost=0.43..424.31 rows=107 width=125)
	  Index Cond: ((id >= 7822072) AND (id <= 7822172))

Threads started!

Warming up for 5 seconds...

SQL statistics:
    queries performed:
        read:                            119174695
        write:                           0
        other:                           0
        total:                           119174695
    transactions:                        119174695 (189164.20 per sec.)
    queries:                             119174695 (189164.20 per sec.)
    ignored errors:                      0      (0.00 per sec.)
    reconnects:                          0      (0.00 per sec.)

Throughput:
    events/s (eps):                      189164.2015
    time elapsed:                        630.0067s
    total number of events:              119174695

Latency (ms):
         min:                                    0.07
         avg:                                    0.21
         max:                                   24.22
         95th percentile:                        0.23
         sum:                             25155773.19

Threads fairness:
    events (avg/stddev):           2979363.6250/9744.47
    execution time (avg/stddev):   628.8943/0.02

