LUA_PATH=/home/mdcallag/git/mytools/bench/sysbench.lua/lua/?.lua /home/mdcallag/git/mytools/bench/sysbench.lua/lua/sysbench --db-driver=pgsql --range-size=10 --table-size=10000000 --tables=8 --threads=40 --events=0 --warmup-time=5 --time=630 --pgsql_conn_id=true /home/mdcallag/git/mytools/bench/sysbench.lua/lua/oltp_inlist_select.lua run --pgsql-user=root --pgsql-password=pw --pgsql-host=127.0.0.1 --pgsql-db=ib --rand-type=uniform --random-points=10 --skip-trx
48 CPUs
sysbench 1.1.0-9072687 (using bundled LuaJIT 2.1.0-beta3)

Running the test with following options:
Number of threads: 40
Warmup time: 5s
Initializing random number generator from current time


Initializing worker threads...

explain: for select-inlist :: explain SELECT c FROM sbtest%d WHERE id IN ( 8462140, 7750641, 2168566, 1536622, 743433, 2141674, 8523694, 733263, 2280350, 1234070)
explain: for select-inlist :: explain SELECT c FROM sbtest%d WHERE id IN ( 6175756, 3556581, 7344, 8663656, 9020806, 2076941, 4789652, 731596, 1534480, 5925472)
for select-inlist
table 1 : explain SELECT c FROM sbtest1 WHERE id IN ( 8462140, 7750641, 2168566, 1536622, 743433, 2141674, 8523694, 733263, 2280350, 1234070)
	Index Scan using sbtest1_pkey on sbtest1  (cost=0.43..83.53 rows=10 width=121)
	  Index Cond: (id = ANY ('{8462140,7750641,2168566,1536622,743433,2141674,8523694,733263,2280350,1234070}'::integer[]))

table 2 : explain SELECT c FROM sbtest2 WHERE id IN ( 8462140, 7750641, 2168566, 1536622, 743433, 2141674, 8523694, 733263, 2280350, 1234070)
	Index Scan using sbtest2_pkey on sbtest2  (cost=0.43..83.51 rows=10 width=121)
	  Index Cond: (id = ANY ('{8462140,7750641,2168566,1536622,743433,2141674,8523694,733263,2280350,1234070}'::integer[]))

table 3 : explain SELECT c FROM sbtest3 WHERE id IN ( 8462140, 7750641, 2168566, 1536622, 743433, 2141674, 8523694, 733263, 2280350, 1234070)
	Index Scan using sbtest3_pkey on sbtest3  (cost=0.43..83.59 rows=10 width=121)
	  Index Cond: (id = ANY ('{8462140,7750641,2168566,1536622,743433,2141674,8523694,733263,2280350,1234070}'::integer[]))

table 4 : explain SELECT c FROM sbtest4 WHERE id IN ( 8462140, 7750641, 2168566, 1536622, 743433, 2141674, 8523694, 733263, 2280350, 1234070)
	Index Scan using sbtest4_pkey on sbtest4  (cost=0.43..83.63 rows=10 width=121)
	  Index Cond: (id = ANY ('{8462140,7750641,2168566,1536622,743433,2141674,8523694,733263,2280350,1234070}'::integer[]))

table 5 : explain SELECT c FROM sbtest5 WHERE id IN ( 8462140, 7750641, 2168566, 1536622, 743433, 2141674, 8523694, 733263, 2280350, 1234070)
	Index Scan using sbtest5_pkey on sbtest5  (cost=0.43..83.64 rows=10 width=121)
	  Index Cond: (id = ANY ('{8462140,7750641,2168566,1536622,743433,2141674,8523694,733263,2280350,1234070}'::integer[]))

table 6 : explain SELECT c FROM sbtest6 WHERE id IN ( 8462140, 7750641, 2168566, 1536622, 743433, 2141674, 8523694, 733263, 2280350, 1234070)
	Index Scan using sbtest6_pkey on sbtest6  (cost=0.43..83.61 rows=10 width=121)
	  Index Cond: (id = ANY ('{8462140,7750641,2168566,1536622,743433,2141674,8523694,733263,2280350,1234070}'::integer[]))

table 7 : explain SELECT c FROM sbtest7 WHERE id IN ( 8462140, 7750641, 2168566, 1536622, 743433, 2141674, 8523694, 733263, 2280350, 1234070)
	Index Scan using sbtest7_pkey on sbtest7  (cost=0.43..83.59 rows=10 width=121)
	  Index Cond: (id = ANY ('{8462140,7750641,2168566,1536622,743433,2141674,8523694,733263,2280350,1234070}'::integer[]))

table 8 : explain SELECT c FROM sbtest8 WHERE id IN ( 8462140, 7750641, 2168566, 1536622, 743433, 2141674, 8523694, 733263, 2280350, 1234070)
	Index Scan using sbtest8_pkey on sbtest8  (cost=0.43..83.65 rows=10 width=121)
	  Index Cond: (id = ANY ('{8462140,7750641,2168566,1536622,743433,2141674,8523694,733263,2280350,1234070}'::integer[]))

explain: for select-inlist :: explain SELECT c FROM sbtest%d WHERE id IN ( 8049170, 3361383, 1519507, 1906280, 5224092, 514677, 6040324, 3252615, 8558915, 9713430)
for select-inlist
table 1 : explain SELECT c FROM sbtest1 WHERE id IN ( 6175756, 3556581, 7344, 8663656, 9020806, 2076941, 4789652, 731596, 1534480, 5925472)
	Index Scan using sbtest1_pkey on sbtest1  (cost=0.43..83.53 rows=10 width=121)
	  Index Cond: (id = ANY ('{6175756,3556581,7344,8663656,9020806,2076941,4789652,731596,1534480,5925472}'::integer[]))

table 2 : explain SELECT c FROM sbtest2 WHERE id IN ( 6175756, 3556581, 7344, 8663656, 9020806, 2076941, 4789652, 731596, 1534480, 5925472)
	Index Scan using sbtest2_pkey on sbtest2  (cost=0.43..83.51 rows=10 width=121)
	  Index Cond: (id = ANY ('{6175756,3556581,7344,8663656,9020806,2076941,4789652,731596,1534480,5925472}'::integer[]))

table 3 : explain SELECT c FROM sbtest3 WHERE id IN ( 6175756, 3556581, 7344, 8663656, 9020806, 2076941, 4789652, 731596, 1534480, 5925472)
	Index Scan using sbtest3_pkey on sbtest3  (cost=0.43..83.59 rows=10 width=121)
	  Index Cond: (id = ANY ('{6175756,3556581,7344,8663656,9020806,2076941,4789652,731596,1534480,5925472}'::integer[]))

table 4 : explain SELECT c FROM sbtest4 WHERE id IN ( 6175756, 3556581, 7344, 8663656, 9020806, 2076941, 4789652, 731596, 1534480, 5925472)
	Index Scan using sbtest4_pkey on sbtest4  (cost=0.43..83.63 rows=10 width=121)
	  Index Cond: (id = ANY ('{6175756,3556581,7344,8663656,9020806,2076941,4789652,731596,1534480,5925472}'::integer[]))

table 5 : explain SELECT c FROM sbtest5 WHERE id IN ( 6175756, 3556581, 7344, 8663656, 9020806, 2076941, 4789652, 731596, 1534480, 5925472)
	Index Scan using sbtest5_pkey on sbtest5  (cost=0.43..83.64 rows=10 width=121)
	  Index Cond: (id = ANY ('{6175756,3556581,7344,8663656,9020806,2076941,4789652,731596,1534480,5925472}'::integer[]))

table 6 : explain SELECT c FROM sbtest6 WHERE id IN ( 6175756, 3556581, 7344, 8663656, 9020806, 2076941, 4789652, 731596, 1534480, 5925472)
	Index Scan using sbtest6_pkey on sbtest6  (cost=0.43..83.61 rows=10 width=121)
	  Index Cond: (id = ANY ('{6175756,3556581,7344,8663656,9020806,2076941,4789652,731596,1534480,5925472}'::integer[]))

table 7 : explain SELECT c FROM sbtest7 WHERE id IN ( 6175756, 3556581, 7344, 8663656, 9020806, 2076941, 4789652, 731596, 1534480, 5925472)
	Index Scan using sbtest7_pkey on sbtest7  (cost=0.43..83.59 rows=10 width=121)
	  Index Cond: (id = ANY ('{6175756,3556581,7344,8663656,9020806,2076941,4789652,731596,1534480,5925472}'::integer[]))

table 8 : explain SELECT c FROM sbtest8 WHERE id IN ( 6175756, 3556581, 7344, 8663656, 9020806, 2076941, 4789652, 731596, 1534480, 5925472)
	Index Scan using sbtest8_pkey on sbtest8  (cost=0.43..83.65 rows=10 width=121)
	  Index Cond: (id = ANY ('{6175756,3556581,7344,8663656,9020806,2076941,4789652,731596,1534480,5925472}'::integer[]))

explain: for select-inlist :: explain SELECT c FROM sbtest%d WHERE id IN ( 4149539, 2298900, 7047460, 6916857, 4191834, 9176209, 1303176, 8282839, 9721008, 9334137)
explain: for select-inlist :: explain SELECT c FROM sbtest%d WHERE id IN ( 6982080, 2559008, 4136618, 9717582, 8897279, 8615497, 859950, 4205605, 3260955, 398113)
explain: for select-inlist :: explain SELECT c FROM sbtest%d WHERE id IN ( 9722429, 3385800, 3895303, 3762912, 5241338, 1929986, 3614580, 4400722, 6649447, 7238859)
explain: for select-inlist :: explain SELECT c FROM sbtest%d WHERE id IN ( 8855984, 2613287, 3886766, 7330577, 5515723, 7532077, 5755261, 4493457, 1065850, 5525604)
for select-inlist
table 1 : explain SELECT c FROM sbtest1 WHERE id IN ( 4149539, 2298900, 7047460, 6916857, 4191834, 9176209, 1303176, 8282839, 9721008, 9334137)
	Index Scan using sbtest1_pkey on sbtest1  (cost=0.43..83.53 rows=10 width=121)
	  Index Cond: (id = ANY ('{4149539,2298900,7047460,6916857,4191834,9176209,1303176,8282839,9721008,9334137}'::integer[]))

table 2 : explain SELECT c FROM sbtest2 WHERE id IN ( 4149539, 2298900, 7047460, 6916857, 4191834, 9176209, 1303176, 8282839, 9721008, 9334137)
	Index Scan using sbtest2_pkey on sbtest2  (cost=0.43..83.51 rows=10 width=121)
	  Index Cond: (id = ANY ('{4149539,2298900,7047460,6916857,4191834,9176209,1303176,8282839,9721008,9334137}'::integer[]))

table 3 : explain SELECT c FROM sbtest3 WHERE id IN ( 4149539, 2298900, 7047460, 6916857, 4191834, 9176209, 1303176, 8282839, 9721008, 9334137)
	Index Scan using sbtest3_pkey on sbtest3  (cost=0.43..83.59 rows=10 width=121)
	  Index Cond: (id = ANY ('{4149539,2298900,7047460,6916857,4191834,9176209,1303176,8282839,9721008,9334137}'::integer[]))

table 4 : explain SELECT c FROM sbtest4 WHERE id IN ( 4149539, 2298900, 7047460, 6916857, 4191834, 9176209, 1303176, 8282839, 9721008, 9334137)
	Index Scan using sbtest4_pkey on sbtest4  (cost=0.43..83.63 rows=10 width=121)
	  Index Cond: (id = ANY ('{4149539,2298900,7047460,6916857,4191834,9176209,1303176,8282839,9721008,9334137}'::integer[]))

table 5 : explain SELECT c FROM sbtest5 WHERE id IN ( 4149539, 2298900, 7047460, 6916857, 4191834, 9176209, 1303176, 8282839, 9721008, 9334137)
	Index Scan using sbtest5_pkey on sbtest5  (cost=0.43..83.64 rows=10 width=121)
	  Index Cond: (id = ANY ('{4149539,2298900,7047460,6916857,4191834,9176209,1303176,8282839,9721008,9334137}'::integer[]))

table 6 : explain SELECT c FROM sbtest6 WHERE id IN ( 4149539, 2298900, 7047460, 6916857, 4191834, 9176209, 1303176, 8282839, 9721008, 9334137)
	Index Scan using sbtest6_pkey on sbtest6  (cost=0.43..83.61 rows=10 width=121)
	  Index Cond: (id = ANY ('{4149539,2298900,7047460,6916857,4191834,9176209,1303176,8282839,9721008,9334137}'::integer[]))

table 7 : explain SELECT c FROM sbtest7 WHERE id IN ( 4149539, 2298900, 7047460, 6916857, 4191834, 9176209, 1303176, 8282839, 9721008, 9334137)
	Index Scan using sbtest7_pkey on sbtest7  (cost=0.43..83.59 rows=10 width=121)
	  Index Cond: (id = ANY ('{4149539,2298900,7047460,6916857,4191834,9176209,1303176,8282839,9721008,9334137}'::integer[]))

table 8 : explain SELECT c FROM sbtest8 WHERE id IN ( 4149539, 2298900, 7047460, 6916857, 4191834, 9176209, 1303176, 8282839, 9721008, 9334137)
	Index Scan using sbtest8_pkey on sbtest8  (cost=0.43..83.65 rows=10 width=121)
	  Index Cond: (id = ANY ('{4149539,2298900,7047460,6916857,4191834,9176209,1303176,8282839,9721008,9334137}'::integer[]))

for select-inlist
table 1 : explain SELECT c FROM sbtest1 WHERE id IN ( 8049170, 3361383, 1519507, 1906280, 5224092, 514677, 6040324, 3252615, 8558915, 9713430)
	Index Scan using sbtest1_pkey on sbtest1  (cost=0.43..83.53 rows=10 width=121)
	  Index Cond: (id = ANY ('{8049170,3361383,1519507,1906280,5224092,514677,6040324,3252615,8558915,9713430}'::integer[]))

table 2 : explain SELECT c FROM sbtest2 WHERE id IN ( 8049170, 3361383, 1519507, 1906280, 5224092, 514677, 6040324, 3252615, 8558915, 9713430)
	Index Scan using sbtest2_pkey on sbtest2  (cost=0.43..83.51 rows=10 width=121)
	  Index Cond: (id = ANY ('{8049170,3361383,1519507,1906280,5224092,514677,6040324,3252615,8558915,9713430}'::integer[]))

table 3 : explain SELECT c FROM sbtest3 WHERE id IN ( 8049170, 3361383, 1519507, 1906280, 5224092, 514677, 6040324, 3252615, 8558915, 9713430)
	Index Scan using sbtest3_pkey on sbtest3  (cost=0.43..83.59 rows=10 width=121)
	  Index Cond: (id = ANY ('{8049170,3361383,1519507,1906280,5224092,514677,6040324,3252615,8558915,9713430}'::integer[]))

table 4 : explain SELECT c FROM sbtest4 WHERE id IN ( 8049170, 3361383, 1519507, 1906280, 5224092, 514677, 6040324, 3252615, 8558915, 9713430)
	Index Scan using sbtest4_pkey on sbtest4  (cost=0.43..83.63 rows=10 width=121)
	  Index Cond: (id = ANY ('{8049170,3361383,1519507,1906280,5224092,514677,6040324,3252615,8558915,9713430}'::integer[]))

table 5 : explain SELECT c FROM sbtest5 WHERE id IN ( 8049170, 3361383, 1519507, 1906280, 5224092, 514677, 6040324, 3252615, 8558915, 9713430)
	Index Scan using sbtest5_pkey on sbtest5  (cost=0.43..83.64 rows=10 width=121)
	  Index Cond: (id = ANY ('{8049170,3361383,1519507,1906280,5224092,514677,6040324,3252615,8558915,9713430}'::integer[]))

table 6 : explain SELECT c FROM sbtest6 WHERE id IN ( 8049170, 3361383, 1519507, 1906280, 5224092, 514677, 6040324, 3252615, 8558915, 9713430)
	Index Scan using sbtest6_pkey on sbtest6  (cost=0.43..83.61 rows=10 width=121)
	  Index Cond: (id = ANY ('{8049170,3361383,1519507,1906280,5224092,514677,6040324,3252615,8558915,9713430}'::integer[]))

table 7 : explain SELECT c FROM sbtest7 WHERE id IN ( 8049170, 3361383, 1519507, 1906280, 5224092, 514677, 6040324, 3252615, 8558915, 9713430)
	Index Scan using sbtest7_pkey on sbtest7  (cost=0.43..83.59 rows=10 width=121)
	  Index Cond: (id = ANY ('{8049170,3361383,1519507,1906280,5224092,514677,6040324,3252615,8558915,9713430}'::integer[]))

table 8 : explain SELECT c FROM sbtest8 WHERE id IN ( 8049170, 3361383, 1519507, 1906280, 5224092, 514677, 6040324, 3252615, 8558915, 9713430)
	Index Scan using sbtest8_pkey on sbtest8  (cost=0.43..83.65 rows=10 width=121)
	  Index Cond: (id = ANY ('{8049170,3361383,1519507,1906280,5224092,514677,6040324,3252615,8558915,9713430}'::integer[]))

for select-inlist
table 1 : explain SELECT c FROM sbtest1 WHERE id IN ( 6982080, 2559008, 4136618, 9717582, 8897279, 8615497, 859950, 4205605, 3260955, 398113)
	Index Scan using sbtest1_pkey on sbtest1  (cost=0.43..83.53 rows=10 width=121)
	  Index Cond: (id = ANY ('{6982080,2559008,4136618,9717582,8897279,8615497,859950,4205605,3260955,398113}'::integer[]))

table 2 : explain SELECT c FROM sbtest2 WHERE id IN ( 6982080, 2559008, 4136618, 9717582, 8897279, 8615497, 859950, 4205605, 3260955, 398113)
	Index Scan using sbtest2_pkey on sbtest2  (cost=0.43..83.51 rows=10 width=121)
	  Index Cond: (id = ANY ('{6982080,2559008,4136618,9717582,8897279,8615497,859950,4205605,3260955,398113}'::integer[]))

table 3 : explain SELECT c FROM sbtest3 WHERE id IN ( 6982080, 2559008, 4136618, 9717582, 8897279, 8615497, 859950, 4205605, 3260955, 398113)
	Index Scan using sbtest3_pkey on sbtest3  (cost=0.43..83.59 rows=10 width=121)
	  Index Cond: (id = ANY ('{6982080,2559008,4136618,9717582,8897279,8615497,859950,4205605,3260955,398113}'::integer[]))

table 4 : explain SELECT c FROM sbtest4 WHERE id IN ( 6982080, 2559008, 4136618, 9717582, 8897279, 8615497, 859950, 4205605, 3260955, 398113)
	Index Scan using sbtest4_pkey on sbtest4  (cost=0.43..83.63 rows=10 width=121)
	  Index Cond: (id = ANY ('{6982080,2559008,4136618,9717582,8897279,8615497,859950,4205605,3260955,398113}'::integer[]))

table 5 : explain SELECT c FROM sbtest5 WHERE id IN ( 6982080, 2559008, 4136618, 9717582, 8897279, 8615497, 859950, 4205605, 3260955, 398113)
	Index Scan using sbtest5_pkey on sbtest5  (cost=0.43..83.64 rows=10 width=121)
	  Index Cond: (id = ANY ('{6982080,2559008,4136618,9717582,8897279,8615497,859950,4205605,3260955,398113}'::integer[]))

table 6 : explain SELECT c FROM sbtest6 WHERE id IN ( 6982080, 2559008, 4136618, 9717582, 8897279, 8615497, 859950, 4205605, 3260955, 398113)
	Index Scan using sbtest6_pkey on sbtest6  (cost=0.43..83.61 rows=10 width=121)
	  Index Cond: (id = ANY ('{6982080,2559008,4136618,9717582,8897279,8615497,859950,4205605,3260955,398113}'::integer[]))

table 7 : explain SELECT c FROM sbtest7 WHERE id IN ( 6982080, 2559008, 4136618, 9717582, 8897279, 8615497, 859950, 4205605, 3260955, 398113)
	Index Scan using sbtest7_pkey on sbtest7  (cost=0.43..83.59 rows=10 width=121)
	  Index Cond: (id = ANY ('{6982080,2559008,4136618,9717582,8897279,8615497,859950,4205605,3260955,398113}'::integer[]))

table 8 : explain SELECT c FROM sbtest8 WHERE id IN ( 6982080, 2559008, 4136618, 9717582, 8897279, 8615497, 859950, 4205605, 3260955, 398113)
	Index Scan using sbtest8_pkey on sbtest8  (cost=0.43..83.65 rows=10 width=121)
	  Index Cond: (id = ANY ('{6982080,2559008,4136618,9717582,8897279,8615497,859950,4205605,3260955,398113}'::integer[]))

for select-inlist
table 1 : explain SELECT c FROM sbtest1 WHERE id IN ( 8855984, 2613287, 3886766, 7330577, 5515723, 7532077, 5755261, 4493457, 1065850, 5525604)
	Index Scan using sbtest1_pkey on sbtest1  (cost=0.43..83.53 rows=10 width=121)
	  Index Cond: (id = ANY ('{8855984,2613287,3886766,7330577,5515723,7532077,5755261,4493457,1065850,5525604}'::integer[]))

table 2 : explain SELECT c FROM sbtest2 WHERE id IN ( 8855984, 2613287, 3886766, 7330577, 5515723, 7532077, 5755261, 4493457, 1065850, 5525604)
	Index Scan using sbtest2_pkey on sbtest2  (cost=0.43..83.51 rows=10 width=121)
	  Index Cond: (id = ANY ('{8855984,2613287,3886766,7330577,5515723,7532077,5755261,4493457,1065850,5525604}'::integer[]))

table 3 : explain SELECT c FROM sbtest3 WHERE id IN ( 8855984, 2613287, 3886766, 7330577, 5515723, 7532077, 5755261, 4493457, 1065850, 5525604)
	Index Scan using sbtest3_pkey on sbtest3  (cost=0.43..83.59 rows=10 width=121)
	  Index Cond: (id = ANY ('{8855984,2613287,3886766,7330577,5515723,7532077,5755261,4493457,1065850,5525604}'::integer[]))

table 4 : explain SELECT c FROM sbtest4 WHERE id IN ( 8855984, 2613287, 3886766, 7330577, 5515723, 7532077, 5755261, 4493457, 1065850, 5525604)
	Index Scan using sbtest4_pkey on sbtest4  (cost=0.43..83.63 rows=10 width=121)
	  Index Cond: (id = ANY ('{8855984,2613287,3886766,7330577,5515723,7532077,5755261,4493457,1065850,5525604}'::integer[]))

table 5 : explain SELECT c FROM sbtest5 WHERE id IN ( 8855984, 2613287, 3886766, 7330577, 5515723, 7532077, 5755261, 4493457, 1065850, 5525604)
	Index Scan using sbtest5_pkey on sbtest5  (cost=0.43..83.64 rows=10 width=121)
	  Index Cond: (id = ANY ('{8855984,2613287,3886766,7330577,5515723,7532077,5755261,4493457,1065850,5525604}'::integer[]))

table 6 : explain SELECT c FROM sbtest6 WHERE id IN ( 8855984, 2613287, 3886766, 7330577, 5515723, 7532077, 5755261, 4493457, 1065850, 5525604)
	Index Scan using sbtest6_pkey on sbtest6  (cost=0.43..83.61 rows=10 width=121)
	  Index Cond: (id = ANY ('{8855984,2613287,3886766,7330577,5515723,7532077,5755261,4493457,1065850,5525604}'::integer[]))

table 7 : explain SELECT c FROM sbtest7 WHERE id IN ( 8855984, 2613287, 3886766, 7330577, 5515723, 7532077, 5755261, 4493457, 1065850, 5525604)
	Index Scan using sbtest7_pkey on sbtest7  (cost=0.43..83.59 rows=10 width=121)
	  Index Cond: (id = ANY ('{8855984,2613287,3886766,7330577,5515723,7532077,5755261,4493457,1065850,5525604}'::integer[]))

table 8 : explain SELECT c FROM sbtest8 WHERE id IN ( 8855984, 2613287, 3886766, 7330577, 5515723, 7532077, 5755261, 4493457, 1065850, 5525604)
	Index Scan using sbtest8_pkey on sbtest8  (cost=0.43..83.65 rows=10 width=121)
	  Index Cond: (id = ANY ('{8855984,2613287,3886766,7330577,5515723,7532077,5755261,4493457,1065850,5525604}'::integer[]))

for select-inlist
table 1 : explain SELECT c FROM sbtest1 WHERE id IN ( 9722429, 3385800, 3895303, 3762912, 5241338, 1929986, 3614580, 4400722, 6649447, 7238859)
	Index Scan using sbtest1_pkey on sbtest1  (cost=0.43..83.53 rows=10 width=121)
	  Index Cond: (id = ANY ('{9722429,3385800,3895303,3762912,5241338,1929986,3614580,4400722,6649447,7238859}'::integer[]))

table 2 : explain SELECT c FROM sbtest2 WHERE id IN ( 9722429, 3385800, 3895303, 3762912, 5241338, 1929986, 3614580, 4400722, 6649447, 7238859)
	Index Scan using sbtest2_pkey on sbtest2  (cost=0.43..83.51 rows=10 width=121)
	  Index Cond: (id = ANY ('{9722429,3385800,3895303,3762912,5241338,1929986,3614580,4400722,6649447,7238859}'::integer[]))

table 3 : explain SELECT c FROM sbtest3 WHERE id IN ( 9722429, 3385800, 3895303, 3762912, 5241338, 1929986, 3614580, 4400722, 6649447, 7238859)
	Index Scan using sbtest3_pkey on sbtest3  (cost=0.43..83.59 rows=10 width=121)
	  Index Cond: (id = ANY ('{9722429,3385800,3895303,3762912,5241338,1929986,3614580,4400722,6649447,7238859}'::integer[]))

table 4 : explain SELECT c FROM sbtest4 WHERE id IN ( 9722429, 3385800, 3895303, 3762912, 5241338, 1929986, 3614580, 4400722, 6649447, 7238859)
	Index Scan using sbtest4_pkey on sbtest4  (cost=0.43..83.63 rows=10 width=121)
	  Index Cond: (id = ANY ('{9722429,3385800,3895303,3762912,5241338,1929986,3614580,4400722,6649447,7238859}'::integer[]))

table 5 : explain SELECT c FROM sbtest5 WHERE id IN ( 9722429, 3385800, 3895303, 3762912, 5241338, 1929986, 3614580, 4400722, 6649447, 7238859)
	Index Scan using sbtest5_pkey on sbtest5  (cost=0.43..83.64 rows=10 width=121)
	  Index Cond: (id = ANY ('{9722429,3385800,3895303,3762912,5241338,1929986,3614580,4400722,6649447,7238859}'::integer[]))

table 6 : explain SELECT c FROM sbtest6 WHERE id IN ( 9722429, 3385800, 3895303, 3762912, 5241338, 1929986, 3614580, 4400722, 6649447, 7238859)
	Index Scan using sbtest6_pkey on sbtest6  (cost=0.43..83.61 rows=10 width=121)
	  Index Cond: (id = ANY ('{9722429,3385800,3895303,3762912,5241338,1929986,3614580,4400722,6649447,7238859}'::integer[]))

table 7 : explain SELECT c FROM sbtest7 WHERE id IN ( 9722429, 3385800, 3895303, 3762912, 5241338, 1929986, 3614580, 4400722, 6649447, 7238859)
	Index Scan using sbtest7_pkey on sbtest7  (cost=0.43..83.59 rows=10 width=121)
	  Index Cond: (id = ANY ('{9722429,3385800,3895303,3762912,5241338,1929986,3614580,4400722,6649447,7238859}'::integer[]))

table 8 : explain SELECT c FROM sbtest8 WHERE id IN ( 9722429, 3385800, 3895303, 3762912, 5241338, 1929986, 3614580, 4400722, 6649447, 7238859)
	Index Scan using sbtest8_pkey on sbtest8  (cost=0.43..83.65 rows=10 width=121)
	  Index Cond: (id = ANY ('{9722429,3385800,3895303,3762912,5241338,1929986,3614580,4400722,6649447,7238859}'::integer[]))

explain: for select-inlist :: explain SELECT c FROM sbtest%d WHERE id IN ( 1084634, 9892368, 2437495, 8446110, 1714268, 9912719, 9656485, 1580627, 4821469, 3434340)
explain: for select-inlist :: explain SELECT c FROM sbtest%d WHERE id IN ( 946365, 9753550, 3462321, 4578165, 7524703, 5905053, 3193990, 2450507, 1733824, 1296534)
explain: for select-inlist :: explain SELECT c FROM sbtest%d WHERE id IN ( 3678262, 5956884, 5030416, 7271135, 3054793, 3241843, 2839652, 6273866, 2865004, 3499309)
explain: for select-inlist :: explain SELECT c FROM sbtest%d WHERE id IN ( 6643127, 3084914, 7521599, 2904795, 869558, 6676977, 868520, 8381013, 7109883, 4829950)
explain: for select-inlist :: explain SELECT c FROM sbtest%d WHERE id IN ( 8888729, 1028505, 6185558, 7271931, 4520078, 5569878, 9680441, 8080964, 462244, 3071841)
for select-inlist
table 1 : explain SELECT c FROM sbtest1 WHERE id IN ( 1084634, 9892368, 2437495, 8446110, 1714268, 9912719, 9656485, 1580627, 4821469, 3434340)
	Index Scan using sbtest1_pkey on sbtest1  (cost=0.43..83.53 rows=10 width=121)
	  Index Cond: (id = ANY ('{1084634,9892368,2437495,8446110,1714268,9912719,9656485,1580627,4821469,3434340}'::integer[]))

table 2 : explain SELECT c FROM sbtest2 WHERE id IN ( 1084634, 9892368, 2437495, 8446110, 1714268, 9912719, 9656485, 1580627, 4821469, 3434340)
	Index Scan using sbtest2_pkey on sbtest2  (cost=0.43..83.51 rows=10 width=121)
	  Index Cond: (id = ANY ('{1084634,9892368,2437495,8446110,1714268,9912719,9656485,1580627,4821469,3434340}'::integer[]))

table 3 : explain SELECT c FROM sbtest3 WHERE id IN ( 1084634, 9892368, 2437495, 8446110, 1714268, 9912719, 9656485, 1580627, 4821469, 3434340)
	Index Scan using sbtest3_pkey on sbtest3  (cost=0.43..83.59 rows=10 width=121)
	  Index Cond: (id = ANY ('{1084634,9892368,2437495,8446110,1714268,9912719,9656485,1580627,4821469,3434340}'::integer[]))

table 4 : explain SELECT c FROM sbtest4 WHERE id IN ( 1084634, 9892368, 2437495, 8446110, 1714268, 9912719, 9656485, 1580627, 4821469, 3434340)
	Index Scan using sbtest4_pkey on sbtest4  (cost=0.43..83.63 rows=10 width=121)
	  Index Cond: (id = ANY ('{1084634,9892368,2437495,8446110,1714268,9912719,9656485,1580627,4821469,3434340}'::integer[]))

table 5 : explain SELECT c FROM sbtest5 WHERE id IN ( 1084634, 9892368, 2437495, 8446110, 1714268, 9912719, 9656485, 1580627, 4821469, 3434340)
	Index Scan using sbtest5_pkey on sbtest5  (cost=0.43..83.64 rows=10 width=121)
	  Index Cond: (id = ANY ('{1084634,9892368,2437495,8446110,1714268,9912719,9656485,1580627,4821469,3434340}'::integer[]))

table 6 : explain SELECT c FROM sbtest6 WHERE id IN ( 1084634, 9892368, 2437495, 8446110, 1714268, 9912719, 9656485, 1580627, 4821469, 3434340)
	Index Scan using sbtest6_pkey on sbtest6  (cost=0.43..83.61 rows=10 width=121)
	  Index Cond: (id = ANY ('{1084634,9892368,2437495,8446110,1714268,9912719,9656485,1580627,4821469,3434340}'::integer[]))

table 7 : explain SELECT c FROM sbtest7 WHERE id IN ( 1084634, 9892368, 2437495, 8446110, 1714268, 9912719, 9656485, 1580627, 4821469, 3434340)
	Index Scan using sbtest7_pkey on sbtest7  (cost=0.43..83.59 rows=10 width=121)
	  Index Cond: (id = ANY ('{1084634,9892368,2437495,8446110,1714268,9912719,9656485,1580627,4821469,3434340}'::integer[]))

table 8 : explain SELECT c FROM sbtest8 WHERE id IN ( 1084634, 9892368, 2437495, 8446110, 1714268, 9912719, 9656485, 1580627, 4821469, 3434340)
	Index Scan using sbtest8_pkey on sbtest8  (cost=0.43..83.65 rows=10 width=121)
	  Index Cond: (id = ANY ('{1084634,9892368,2437495,8446110,1714268,9912719,9656485,1580627,4821469,3434340}'::integer[]))

explain: for select-inlist :: explain SELECT c FROM sbtest%d WHERE id IN ( 5549835, 5846529, 661750, 8114975, 9189010, 8996983, 9034335, 6559084, 2539598, 4433197)
for select-inlist
table 1 : explain SELECT c FROM sbtest1 WHERE id IN ( 3678262, 5956884, 5030416, 7271135, 3054793, 3241843, 2839652, 6273866, 2865004, 3499309)
	Index Scan using sbtest1_pkey on sbtest1  (cost=0.43..83.53 rows=10 width=121)
	  Index Cond: (id = ANY ('{3678262,5956884,5030416,7271135,3054793,3241843,2839652,6273866,2865004,3499309}'::integer[]))

table 2 : explain SELECT c FROM sbtest2 WHERE id IN ( 3678262, 5956884, 5030416, 7271135, 3054793, 3241843, 2839652, 6273866, 2865004, 3499309)
	Index Scan using sbtest2_pkey on sbtest2  (cost=0.43..83.51 rows=10 width=121)
	  Index Cond: (id = ANY ('{3678262,5956884,5030416,7271135,3054793,3241843,2839652,6273866,2865004,3499309}'::integer[]))

table 3 : explain SELECT c FROM sbtest3 WHERE id IN ( 3678262, 5956884, 5030416, 7271135, 3054793, 3241843, 2839652, 6273866, 2865004, 3499309)
	Index Scan using sbtest3_pkey on sbtest3  (cost=0.43..83.59 rows=10 width=121)
	  Index Cond: (id = ANY ('{3678262,5956884,5030416,7271135,3054793,3241843,2839652,6273866,2865004,3499309}'::integer[]))

table 4 : explain SELECT c FROM sbtest4 WHERE id IN ( 3678262, 5956884, 5030416, 7271135, 3054793, 3241843, 2839652, 6273866, 2865004, 3499309)
	Index Scan using sbtest4_pkey on sbtest4  (cost=0.43..83.63 rows=10 width=121)
	  Index Cond: (id = ANY ('{3678262,5956884,5030416,7271135,3054793,3241843,2839652,6273866,2865004,3499309}'::integer[]))

table 5 : explain SELECT c FROM sbtest5 WHERE id IN ( 3678262, 5956884, 5030416, 7271135, 3054793, 3241843, 2839652, 6273866, 2865004, 3499309)
	Index Scan using sbtest5_pkey on sbtest5  (cost=0.43..83.64 rows=10 width=121)
	  Index Cond: (id = ANY ('{3678262,5956884,5030416,7271135,3054793,3241843,2839652,6273866,2865004,3499309}'::integer[]))

table 6 : explain SELECT c FROM sbtest6 WHERE id IN ( 3678262, 5956884, 5030416, 7271135, 3054793, 3241843, 2839652, 6273866, 2865004, 3499309)
	Index Scan using sbtest6_pkey on sbtest6  (cost=0.43..83.61 rows=10 width=121)
	  Index Cond: (id = ANY ('{3678262,5956884,5030416,7271135,3054793,3241843,2839652,6273866,2865004,3499309}'::integer[]))

table 7 : explain SELECT c FROM sbtest7 WHERE id IN ( 3678262, 5956884, 5030416, 7271135, 3054793, 3241843, 2839652, 6273866, 2865004, 3499309)
	Index Scan using sbtest7_pkey on sbtest7  (cost=0.43..83.59 rows=10 width=121)
	  Index Cond: (id = ANY ('{3678262,5956884,5030416,7271135,3054793,3241843,2839652,6273866,2865004,3499309}'::integer[]))

table 8 : explain SELECT c FROM sbtest8 WHERE id IN ( 3678262, 5956884, 5030416, 7271135, 3054793, 3241843, 2839652, 6273866, 2865004, 3499309)
	Index Scan using sbtest8_pkey on sbtest8  (cost=0.43..83.65 rows=10 width=121)
	  Index Cond: (id = ANY ('{3678262,5956884,5030416,7271135,3054793,3241843,2839652,6273866,2865004,3499309}'::integer[]))

for select-inlist
table 1 : explain SELECT c FROM sbtest1 WHERE id IN ( 6643127, 3084914, 7521599, 2904795, 869558, 6676977, 868520, 8381013, 7109883, 4829950)
	Index Scan using sbtest1_pkey on sbtest1  (cost=0.43..83.53 rows=10 width=121)
	  Index Cond: (id = ANY ('{6643127,3084914,7521599,2904795,869558,6676977,868520,8381013,7109883,4829950}'::integer[]))

table 2 : explain SELECT c FROM sbtest2 WHERE id IN ( 6643127, 3084914, 7521599, 2904795, 869558, 6676977, 868520, 8381013, 7109883, 4829950)
	Index Scan using sbtest2_pkey on sbtest2  (cost=0.43..83.51 rows=10 width=121)
	  Index Cond: (id = ANY ('{6643127,3084914,7521599,2904795,869558,6676977,868520,8381013,7109883,4829950}'::integer[]))

table 3 : explain SELECT c FROM sbtest3 WHERE id IN ( 6643127, 3084914, 7521599, 2904795, 869558, 6676977, 868520, 8381013, 7109883, 4829950)
	Index Scan using sbtest3_pkey on sbtest3  (cost=0.43..83.59 rows=10 width=121)
	  Index Cond: (id = ANY ('{6643127,3084914,7521599,2904795,869558,6676977,868520,8381013,7109883,4829950}'::integer[]))

table 4 : explain SELECT c FROM sbtest4 WHERE id IN ( 6643127, 3084914, 7521599, 2904795, 869558, 6676977, 868520, 8381013, 7109883, 4829950)
	Index Scan using sbtest4_pkey on sbtest4  (cost=0.43..83.63 rows=10 width=121)
	  Index Cond: (id = ANY ('{6643127,3084914,7521599,2904795,869558,6676977,868520,8381013,7109883,4829950}'::integer[]))

table 5 : explain SELECT c FROM sbtest5 WHERE id IN ( 6643127, 3084914, 7521599, 2904795, 869558, 6676977, 868520, 8381013, 7109883, 4829950)
	Index Scan using sbtest5_pkey on sbtest5  (cost=0.43..83.64 rows=10 width=121)
	  Index Cond: (id = ANY ('{6643127,3084914,7521599,2904795,869558,6676977,868520,8381013,7109883,4829950}'::integer[]))

table 6 : explain SELECT c FROM sbtest6 WHERE id IN ( 6643127, 3084914, 7521599, 2904795, 869558, 6676977, 868520, 8381013, 7109883, 4829950)
	Index Scan using sbtest6_pkey on sbtest6  (cost=0.43..83.61 rows=10 width=121)
	  Index Cond: (id = ANY ('{6643127,3084914,7521599,2904795,869558,6676977,868520,8381013,7109883,4829950}'::integer[]))

table 7 : explain SELECT c FROM sbtest7 WHERE id IN ( 6643127, 3084914, 7521599, 2904795, 869558, 6676977, 868520, 8381013, 7109883, 4829950)
	Index Scan using sbtest7_pkey on sbtest7  (cost=0.43..83.59 rows=10 width=121)
	  Index Cond: (id = ANY ('{6643127,3084914,7521599,2904795,869558,6676977,868520,8381013,7109883,4829950}'::integer[]))

table 8 : explain SELECT c FROM sbtest8 WHERE id IN ( 6643127, 3084914, 7521599, 2904795, 869558, 6676977, 868520, 8381013, 7109883, 4829950)
	Index Scan using sbtest8_pkey on sbtest8  (cost=0.43..83.65 rows=10 width=121)
	  Index Cond: (id = ANY ('{6643127,3084914,7521599,2904795,869558,6676977,868520,8381013,7109883,4829950}'::integer[]))

for select-inlist
table 1 : explain SELECT c FROM sbtest1 WHERE id IN ( 8888729, 1028505, 6185558, 7271931, 4520078, 5569878, 9680441, 8080964, 462244, 3071841)
	Index Scan using sbtest1_pkey on sbtest1  (cost=0.43..83.53 rows=10 width=121)
	  Index Cond: (id = ANY ('{8888729,1028505,6185558,7271931,4520078,5569878,9680441,8080964,462244,3071841}'::integer[]))

table 2 : explain SELECT c FROM sbtest2 WHERE id IN ( 8888729, 1028505, 6185558, 7271931, 4520078, 5569878, 9680441, 8080964, 462244, 3071841)
	Index Scan using sbtest2_pkey on sbtest2  (cost=0.43..83.51 rows=10 width=121)
	  Index Cond: (id = ANY ('{8888729,1028505,6185558,7271931,4520078,5569878,9680441,8080964,462244,3071841}'::integer[]))

table 3 : explain SELECT c FROM sbtest3 WHERE id IN ( 8888729, 1028505, 6185558, 7271931, 4520078, 5569878, 9680441, 8080964, 462244, 3071841)
	Index Scan using sbtest3_pkey on sbtest3  (cost=0.43..83.59 rows=10 width=121)
	  Index Cond: (id = ANY ('{8888729,1028505,6185558,7271931,4520078,5569878,9680441,8080964,462244,3071841}'::integer[]))

table 4 : explain SELECT c FROM sbtest4 WHERE id IN ( 8888729, 1028505, 6185558, 7271931, 4520078, 5569878, 9680441, 8080964, 462244, 3071841)
	Index Scan using sbtest4_pkey on sbtest4  (cost=0.43..83.63 rows=10 width=121)
	  Index Cond: (id = ANY ('{8888729,1028505,6185558,7271931,4520078,5569878,9680441,8080964,462244,3071841}'::integer[]))

table 5 : explain SELECT c FROM sbtest5 WHERE id IN ( 8888729, 1028505, 6185558, 7271931, 4520078, 5569878, 9680441, 8080964, 462244, 3071841)
	Index Scan using sbtest5_pkey on sbtest5  (cost=0.43..83.64 rows=10 width=121)
	  Index Cond: (id = ANY ('{8888729,1028505,6185558,7271931,4520078,5569878,9680441,8080964,462244,3071841}'::integer[]))

table 6 : explain SELECT c FROM sbtest6 WHERE id IN ( 8888729, 1028505, 6185558, 7271931, 4520078, 5569878, 9680441, 8080964, 462244, 3071841)
	Index Scan using sbtest6_pkey on sbtest6  (cost=0.43..83.61 rows=10 width=121)
	  Index Cond: (id = ANY ('{8888729,1028505,6185558,7271931,4520078,5569878,9680441,8080964,462244,3071841}'::integer[]))

table 7 : explain SELECT c FROM sbtest7 WHERE id IN ( 8888729, 1028505, 6185558, 7271931, 4520078, 5569878, 9680441, 8080964, 462244, 3071841)
	Index Scan using sbtest7_pkey on sbtest7  (cost=0.43..83.59 rows=10 width=121)
	  Index Cond: (id = ANY ('{8888729,1028505,6185558,7271931,4520078,5569878,9680441,8080964,462244,3071841}'::integer[]))

table 8 : explain SELECT c FROM sbtest8 WHERE id IN ( 8888729, 1028505, 6185558, 7271931, 4520078, 5569878, 9680441, 8080964, 462244, 3071841)
	Index Scan using sbtest8_pkey on sbtest8  (cost=0.43..83.65 rows=10 width=121)
	  Index Cond: (id = ANY ('{8888729,1028505,6185558,7271931,4520078,5569878,9680441,8080964,462244,3071841}'::integer[]))

for select-inlist
table 1 : explain SELECT c FROM sbtest1 WHERE id IN ( 946365, 9753550, 3462321, 4578165, 7524703, 5905053, 3193990, 2450507, 1733824, 1296534)
	Index Scan using sbtest1_pkey on sbtest1  (cost=0.43..83.53 rows=10 width=121)
	  Index Cond: (id = ANY ('{946365,9753550,3462321,4578165,7524703,5905053,3193990,2450507,1733824,1296534}'::integer[]))

table 2 : explain SELECT c FROM sbtest2 WHERE id IN ( 946365, 9753550, 3462321, 4578165, 7524703, 5905053, 3193990, 2450507, 1733824, 1296534)
	Index Scan using sbtest2_pkey on sbtest2  (cost=0.43..83.51 rows=10 width=121)
	  Index Cond: (id = ANY ('{946365,9753550,3462321,4578165,7524703,5905053,3193990,2450507,1733824,1296534}'::integer[]))

table 3 : explain SELECT c FROM sbtest3 WHERE id IN ( 946365, 9753550, 3462321, 4578165, 7524703, 5905053, 3193990, 2450507, 1733824, 1296534)
	Index Scan using sbtest3_pkey on sbtest3  (cost=0.43..83.59 rows=10 width=121)
	  Index Cond: (id = ANY ('{946365,9753550,3462321,4578165,7524703,5905053,3193990,2450507,1733824,1296534}'::integer[]))

table 4 : explain SELECT c FROM sbtest4 WHERE id IN ( 946365, 9753550, 3462321, 4578165, 7524703, 5905053, 3193990, 2450507, 1733824, 1296534)
	Index Scan using sbtest4_pkey on sbtest4  (cost=0.43..83.63 rows=10 width=121)
	  Index Cond: (id = ANY ('{946365,9753550,3462321,4578165,7524703,5905053,3193990,2450507,1733824,1296534}'::integer[]))

table 5 : explain SELECT c FROM sbtest5 WHERE id IN ( 946365, 9753550, 3462321, 4578165, 7524703, 5905053, 3193990, 2450507, 1733824, 1296534)
	Index Scan using sbtest5_pkey on sbtest5  (cost=0.43..83.64 rows=10 width=121)
	  Index Cond: (id = ANY ('{946365,9753550,3462321,4578165,7524703,5905053,3193990,2450507,1733824,1296534}'::integer[]))

table 6 : explain SELECT c FROM sbtest6 WHERE id IN ( 946365, 9753550, 3462321, 4578165, 7524703, 5905053, 3193990, 2450507, 1733824, 1296534)
	Index Scan using sbtest6_pkey on sbtest6  (cost=0.43..83.61 rows=10 width=121)
	  Index Cond: (id = ANY ('{946365,9753550,3462321,4578165,7524703,5905053,3193990,2450507,1733824,1296534}'::integer[]))

table 7 : explain SELECT c FROM sbtest7 WHERE id IN ( 946365, 9753550, 3462321, 4578165, 7524703, 5905053, 3193990, 2450507, 1733824, 1296534)
	Index Scan using sbtest7_pkey on sbtest7  (cost=0.43..83.59 rows=10 width=121)
	  Index Cond: (id = ANY ('{946365,9753550,3462321,4578165,7524703,5905053,3193990,2450507,1733824,1296534}'::integer[]))

table 8 : explain SELECT c FROM sbtest8 WHERE id IN ( 946365, 9753550, 3462321, 4578165, 7524703, 5905053, 3193990, 2450507, 1733824, 1296534)
	Index Scan using sbtest8_pkey on sbtest8  (cost=0.43..83.65 rows=10 width=121)
	  Index Cond: (id = ANY ('{946365,9753550,3462321,4578165,7524703,5905053,3193990,2450507,1733824,1296534}'::integer[]))

explain: for select-inlist :: explain SELECT c FROM sbtest%d WHERE id IN ( 9281921, 4870834, 2362889, 3173373, 2043510, 7309009, 8397282, 5029866, 6779549, 2414901)
explain: for select-inlist :: explain SELECT c FROM sbtest%d WHERE id IN ( 5900576, 9388824, 4457592, 7366834, 7786990, 7619388, 3036491, 4888639, 2660731, 1023891)
for select-inlist
table 1 : explain SELECT c FROM sbtest1 WHERE id IN ( 9281921, 4870834, 2362889, 3173373, 2043510, 7309009, 8397282, 5029866, 6779549, 2414901)
	Index Scan using sbtest1_pkey on sbtest1  (cost=0.43..83.53 rows=10 width=121)
	  Index Cond: (id = ANY ('{9281921,4870834,2362889,3173373,2043510,7309009,8397282,5029866,6779549,2414901}'::integer[]))

table 2 : explain SELECT c FROM sbtest2 WHERE id IN ( 9281921, 4870834, 2362889, 3173373, 2043510, 7309009, 8397282, 5029866, 6779549, 2414901)
	Index Scan using sbtest2_pkey on sbtest2  (cost=0.43..83.51 rows=10 width=121)
	  Index Cond: (id = ANY ('{9281921,4870834,2362889,3173373,2043510,7309009,8397282,5029866,6779549,2414901}'::integer[]))

table 3 : explain SELECT c FROM sbtest3 WHERE id IN ( 9281921, 4870834, 2362889, 3173373, 2043510, 7309009, 8397282, 5029866, 6779549, 2414901)
	Index Scan using sbtest3_pkey on sbtest3  (cost=0.43..83.59 rows=10 width=121)
	  Index Cond: (id = ANY ('{9281921,4870834,2362889,3173373,2043510,7309009,8397282,5029866,6779549,2414901}'::integer[]))

table 4 : explain SELECT c FROM sbtest4 WHERE id IN ( 9281921, 4870834, 2362889, 3173373, 2043510, 7309009, 8397282, 5029866, 6779549, 2414901)
	Index Scan using sbtest4_pkey on sbtest4  (cost=0.43..83.63 rows=10 width=121)
	  Index Cond: (id = ANY ('{9281921,4870834,2362889,3173373,2043510,7309009,8397282,5029866,6779549,2414901}'::integer[]))

table 5 : explain SELECT c FROM sbtest5 WHERE id IN ( 9281921, 4870834, 2362889, 3173373, 2043510, 7309009, 8397282, 5029866, 6779549, 2414901)
	Index Scan using sbtest5_pkey on sbtest5  (cost=0.43..83.64 rows=10 width=121)
	  Index Cond: (id = ANY ('{9281921,4870834,2362889,3173373,2043510,7309009,8397282,5029866,6779549,2414901}'::integer[]))

table 6 : explain SELECT c FROM sbtest6 WHERE id IN ( 9281921, 4870834, 2362889, 3173373, 2043510, 7309009, 8397282, 5029866, 6779549, 2414901)
	Index Scan using sbtest6_pkey on sbtest6  (cost=0.43..83.61 rows=10 width=121)
	  Index Cond: (id = ANY ('{9281921,4870834,2362889,3173373,2043510,7309009,8397282,5029866,6779549,2414901}'::integer[]))

table 7 : explain SELECT c FROM sbtest7 WHERE id IN ( 9281921, 4870834, 2362889, 3173373, 2043510, 7309009, 8397282, 5029866, 6779549, 2414901)
	Index Scan using sbtest7_pkey on sbtest7  (cost=0.43..83.59 rows=10 width=121)
	  Index Cond: (id = ANY ('{9281921,4870834,2362889,3173373,2043510,7309009,8397282,5029866,6779549,2414901}'::integer[]))

table 8 : explain SELECT c FROM sbtest8 WHERE id IN ( 9281921, 4870834, 2362889, 3173373, 2043510, 7309009, 8397282, 5029866, 6779549, 2414901)
	Index Scan using sbtest8_pkey on sbtest8  (cost=0.43..83.65 rows=10 width=121)
	  Index Cond: (id = ANY ('{9281921,4870834,2362889,3173373,2043510,7309009,8397282,5029866,6779549,2414901}'::integer[]))

for select-inlist
table 1 : explain SELECT c FROM sbtest1 WHERE id IN ( 5900576, 9388824, 4457592, 7366834, 7786990, 7619388, 3036491, 4888639, 2660731, 1023891)
	Index Scan using sbtest1_pkey on sbtest1  (cost=0.43..83.53 rows=10 width=121)
	  Index Cond: (id = ANY ('{5900576,9388824,4457592,7366834,7786990,7619388,3036491,4888639,2660731,1023891}'::integer[]))

table 2 : explain SELECT c FROM sbtest2 WHERE id IN ( 5900576, 9388824, 4457592, 7366834, 7786990, 7619388, 3036491, 4888639, 2660731, 1023891)
	Index Scan using sbtest2_pkey on sbtest2  (cost=0.43..83.51 rows=10 width=121)
	  Index Cond: (id = ANY ('{5900576,9388824,4457592,7366834,7786990,7619388,3036491,4888639,2660731,1023891}'::integer[]))

table 3 : explain SELECT c FROM sbtest3 WHERE id IN ( 5900576, 9388824, 4457592, 7366834, 7786990, 7619388, 3036491, 4888639, 2660731, 1023891)
	Index Scan using sbtest3_pkey on sbtest3  (cost=0.43..83.59 rows=10 width=121)
	  Index Cond: (id = ANY ('{5900576,9388824,4457592,7366834,7786990,7619388,3036491,4888639,2660731,1023891}'::integer[]))

table 4 : explain SELECT c FROM sbtest4 WHERE id IN ( 5900576, 9388824, 4457592, 7366834, 7786990, 7619388, 3036491, 4888639, 2660731, 1023891)
	Index Scan using sbtest4_pkey on sbtest4  (cost=0.43..83.63 rows=10 width=121)
	  Index Cond: (id = ANY ('{5900576,9388824,4457592,7366834,7786990,7619388,3036491,4888639,2660731,1023891}'::integer[]))

table 5 : explain SELECT c FROM sbtest5 WHERE id IN ( 5900576, 9388824, 4457592, 7366834, 7786990, 7619388, 3036491, 4888639, 2660731, 1023891)
	Index Scan using sbtest5_pkey on sbtest5  (cost=0.43..83.64 rows=10 width=121)
	  Index Cond: (id = ANY ('{5900576,9388824,4457592,7366834,7786990,7619388,3036491,4888639,2660731,1023891}'::integer[]))

table 6 : explain SELECT c FROM sbtest6 WHERE id IN ( 5900576, 9388824, 4457592, 7366834, 7786990, 7619388, 3036491, 4888639, 2660731, 1023891)
	Index Scan using sbtest6_pkey on sbtest6  (cost=0.43..83.61 rows=10 width=121)
	  Index Cond: (id = ANY ('{5900576,9388824,4457592,7366834,7786990,7619388,3036491,4888639,2660731,1023891}'::integer[]))

table 7 : explain SELECT c FROM sbtest7 WHERE id IN ( 5900576, 9388824, 4457592, 7366834, 7786990, 7619388, 3036491, 4888639, 2660731, 1023891)
	Index Scan using sbtest7_pkey on sbtest7  (cost=0.43..83.59 rows=10 width=121)
	  Index Cond: (id = ANY ('{5900576,9388824,4457592,7366834,7786990,7619388,3036491,4888639,2660731,1023891}'::integer[]))

table 8 : explain SELECT c FROM sbtest8 WHERE id IN ( 5900576, 9388824, 4457592, 7366834, 7786990, 7619388, 3036491, 4888639, 2660731, 1023891)
	Index Scan using sbtest8_pkey on sbtest8  (cost=0.43..83.65 rows=10 width=121)
	  Index Cond: (id = ANY ('{5900576,9388824,4457592,7366834,7786990,7619388,3036491,4888639,2660731,1023891}'::integer[]))

explain: for select-inlist :: explain SELECT c FROM sbtest%d WHERE id IN ( 6429638, 6530771, 2724469, 7290095, 8953451, 7781589, 7496268, 7560654, 8871389, 9431102)
explain: for select-inlist :: explain SELECT c FROM sbtest%d WHERE id IN ( 7687638, 2521416, 4923990, 4003120, 390532, 7973947, 691078, 7594583, 3160845, 628763)
explain: for select-inlist :: explain SELECT c FROM sbtest%d WHERE id IN ( 2378925, 3406571, 7266775, 9299875, 8977016, 413191, 2092472, 7573213, 8920492, 7874588)
explain: for select-inlist :: explain SELECT c FROM sbtest%d WHERE id IN ( 1914003, 5682298, 3225537, 519402, 4443070, 7454561, 3363417, 6087331, 3579738, 7761129)
explain: for select-inlist :: explain SELECT c FROM sbtest%d WHERE id IN ( 4121997, 5273389, 1031426, 1281560, 9536287, 6036452, 5579257, 8201066, 1912319, 6008393)
explain: for select-inlist :: explain SELECT c FROM sbtest%d WHERE id IN ( 8897402, 256200, 8641008, 6305011, 8986068, 2306002, 6096270, 5865017, 4839685, 9634897)
explain: for select-inlist :: explain SELECT c FROM sbtest%d WHERE id IN ( 8288259, 1538136, 1253240, 4809785, 8950749, 6681064, 1170673, 8801449, 5942640, 8430362)
explain: for select-inlist :: explain SELECT c FROM sbtest%d WHERE id IN ( 5943518, 5696300, 7237569, 2799872, 3209647, 2744401, 9141693, 9193553, 2212085, 4593164)
for select-inlist
table 1 : explain SELECT c FROM sbtest1 WHERE id IN ( 6429638, 6530771, 2724469, 7290095, 8953451, 7781589, 7496268, 7560654, 8871389, 9431102)
	Index Scan using sbtest1_pkey on sbtest1  (cost=0.43..83.53 rows=10 width=121)
	  Index Cond: (id = ANY ('{6429638,6530771,2724469,7290095,8953451,7781589,7496268,7560654,8871389,9431102}'::integer[]))

table 2 : explain SELECT c FROM sbtest2 WHERE id IN ( 6429638, 6530771, 2724469, 7290095, 8953451, 7781589, 7496268, 7560654, 8871389, 9431102)
	Index Scan using sbtest2_pkey on sbtest2  (cost=0.43..83.51 rows=10 width=121)
	  Index Cond: (id = ANY ('{6429638,6530771,2724469,7290095,8953451,7781589,7496268,7560654,8871389,9431102}'::integer[]))

table 3 : explain SELECT c FROM sbtest3 WHERE id IN ( 6429638, 6530771, 2724469, 7290095, 8953451, 7781589, 7496268, 7560654, 8871389, 9431102)
	Index Scan using sbtest3_pkey on sbtest3  (cost=0.43..83.59 rows=10 width=121)
	  Index Cond: (id = ANY ('{6429638,6530771,2724469,7290095,8953451,7781589,7496268,7560654,8871389,9431102}'::integer[]))

table 4 : explain SELECT c FROM sbtest4 WHERE id IN ( 6429638, 6530771, 2724469, 7290095, 8953451, 7781589, 7496268, 7560654, 8871389, 9431102)
	Index Scan using sbtest4_pkey on sbtest4  (cost=0.43..83.63 rows=10 width=121)
	  Index Cond: (id = ANY ('{6429638,6530771,2724469,7290095,8953451,7781589,7496268,7560654,8871389,9431102}'::integer[]))

table 5 : explain SELECT c FROM sbtest5 WHERE id IN ( 6429638, 6530771, 2724469, 7290095, 8953451, 7781589, 7496268, 7560654, 8871389, 9431102)
	Index Scan using sbtest5_pkey on sbtest5  (cost=0.43..83.64 rows=10 width=121)
	  Index Cond: (id = ANY ('{6429638,6530771,2724469,7290095,8953451,7781589,7496268,7560654,8871389,9431102}'::integer[]))

table 6 : explain SELECT c FROM sbtest6 WHERE id IN ( 6429638, 6530771, 2724469, 7290095, 8953451, 7781589, 7496268, 7560654, 8871389, 9431102)
	Index Scan using sbtest6_pkey on sbtest6  (cost=0.43..83.61 rows=10 width=121)
	  Index Cond: (id = ANY ('{6429638,6530771,2724469,7290095,8953451,7781589,7496268,7560654,8871389,9431102}'::integer[]))

table 7 : explain SELECT c FROM sbtest7 WHERE id IN ( 6429638, 6530771, 2724469, 7290095, 8953451, 7781589, 7496268, 7560654, 8871389, 9431102)
	Index Scan using sbtest7_pkey on sbtest7  (cost=0.43..83.59 rows=10 width=121)
	  Index Cond: (id = ANY ('{6429638,6530771,2724469,7290095,8953451,7781589,7496268,7560654,8871389,9431102}'::integer[]))

table 8 : explain SELECT c FROM sbtest8 WHERE id IN ( 6429638, 6530771, 2724469, 7290095, 8953451, 7781589, 7496268, 7560654, 8871389, 9431102)
	Index Scan using sbtest8_pkey on sbtest8  (cost=0.43..83.65 rows=10 width=121)
	  Index Cond: (id = ANY ('{6429638,6530771,2724469,7290095,8953451,7781589,7496268,7560654,8871389,9431102}'::integer[]))

for select-inlist
table 1 : explain SELECT c FROM sbtest1 WHERE id IN ( 1914003, 5682298, 3225537, 519402, 4443070, 7454561, 3363417, 6087331, 3579738, 7761129)
	Index Scan using sbtest1_pkey on sbtest1  (cost=0.43..83.53 rows=10 width=121)
	  Index Cond: (id = ANY ('{1914003,5682298,3225537,519402,4443070,7454561,3363417,6087331,3579738,7761129}'::integer[]))

table 2 : explain SELECT c FROM sbtest2 WHERE id IN ( 1914003, 5682298, 3225537, 519402, 4443070, 7454561, 3363417, 6087331, 3579738, 7761129)
	Index Scan using sbtest2_pkey on sbtest2  (cost=0.43..83.51 rows=10 width=121)
	  Index Cond: (id = ANY ('{1914003,5682298,3225537,519402,4443070,7454561,3363417,6087331,3579738,7761129}'::integer[]))

table 3 : explain SELECT c FROM sbtest3 WHERE id IN ( 1914003, 5682298, 3225537, 519402, 4443070, 7454561, 3363417, 6087331, 3579738, 7761129)
	Index Scan using sbtest3_pkey on sbtest3  (cost=0.43..83.59 rows=10 width=121)
	  Index Cond: (id = ANY ('{1914003,5682298,3225537,519402,4443070,7454561,3363417,6087331,3579738,7761129}'::integer[]))

table 4 : explain SELECT c FROM sbtest4 WHERE id IN ( 1914003, 5682298, 3225537, 519402, 4443070, 7454561, 3363417, 6087331, 3579738, 7761129)
	Index Scan using sbtest4_pkey on sbtest4  (cost=0.43..83.63 rows=10 width=121)
	  Index Cond: (id = ANY ('{1914003,5682298,3225537,519402,4443070,7454561,3363417,6087331,3579738,7761129}'::integer[]))

table 5 : explain SELECT c FROM sbtest5 WHERE id IN ( 1914003, 5682298, 3225537, 519402, 4443070, 7454561, 3363417, 6087331, 3579738, 7761129)
	Index Scan using sbtest5_pkey on sbtest5  (cost=0.43..83.64 rows=10 width=121)
	  Index Cond: (id = ANY ('{1914003,5682298,3225537,519402,4443070,7454561,3363417,6087331,3579738,7761129}'::integer[]))

table 6 : explain SELECT c FROM sbtest6 WHERE id IN ( 1914003, 5682298, 3225537, 519402, 4443070, 7454561, 3363417, 6087331, 3579738, 7761129)
	Index Scan using sbtest6_pkey on sbtest6  (cost=0.43..83.61 rows=10 width=121)
	  Index Cond: (id = ANY ('{1914003,5682298,3225537,519402,4443070,7454561,3363417,6087331,3579738,7761129}'::integer[]))

table 7 : explain SELECT c FROM sbtest7 WHERE id IN ( 1914003, 5682298, 3225537, 519402, 4443070, 7454561, 3363417, 6087331, 3579738, 7761129)
	Index Scan using sbtest7_pkey on sbtest7  (cost=0.43..83.59 rows=10 width=121)
	  Index Cond: (id = ANY ('{1914003,5682298,3225537,519402,4443070,7454561,3363417,6087331,3579738,7761129}'::integer[]))

table 8 : explain SELECT c FROM sbtest8 WHERE id IN ( 1914003, 5682298, 3225537, 519402, 4443070, 7454561, 3363417, 6087331, 3579738, 7761129)
	Index Scan using sbtest8_pkey on sbtest8  (cost=0.43..83.65 rows=10 width=121)
	  Index Cond: (id = ANY ('{1914003,5682298,3225537,519402,4443070,7454561,3363417,6087331,3579738,7761129}'::integer[]))

for select-inlist
table 1 : explain SELECT c FROM sbtest1 WHERE id IN ( 7687638, 2521416, 4923990, 4003120, 390532, 7973947, 691078, 7594583, 3160845, 628763)
	Index Scan using sbtest1_pkey on sbtest1  (cost=0.43..83.53 rows=10 width=121)
	  Index Cond: (id = ANY ('{7687638,2521416,4923990,4003120,390532,7973947,691078,7594583,3160845,628763}'::integer[]))

table 2 : explain SELECT c FROM sbtest2 WHERE id IN ( 7687638, 2521416, 4923990, 4003120, 390532, 7973947, 691078, 7594583, 3160845, 628763)
	Index Scan using sbtest2_pkey on sbtest2  (cost=0.43..83.51 rows=10 width=121)
	  Index Cond: (id = ANY ('{7687638,2521416,4923990,4003120,390532,7973947,691078,7594583,3160845,628763}'::integer[]))

table 3 : explain SELECT c FROM sbtest3 WHERE id IN ( 7687638, 2521416, 4923990, 4003120, 390532, 7973947, 691078, 7594583, 3160845, 628763)
	Index Scan using sbtest3_pkey on sbtest3  (cost=0.43..83.59 rows=10 width=121)
	  Index Cond: (id = ANY ('{7687638,2521416,4923990,4003120,390532,7973947,691078,7594583,3160845,628763}'::integer[]))

table 4 : explain SELECT c FROM sbtest4 WHERE id IN ( 7687638, 2521416, 4923990, 4003120, 390532, 7973947, 691078, 7594583, 3160845, 628763)
	Index Scan using sbtest4_pkey on sbtest4  (cost=0.43..83.63 rows=10 width=121)
	  Index Cond: (id = ANY ('{7687638,2521416,4923990,4003120,390532,7973947,691078,7594583,3160845,628763}'::integer[]))

table 5 : explain SELECT c FROM sbtest5 WHERE id IN ( 7687638, 2521416, 4923990, 4003120, 390532, 7973947, 691078, 7594583, 3160845, 628763)
	Index Scan using sbtest5_pkey on sbtest5  (cost=0.43..83.64 rows=10 width=121)
	  Index Cond: (id = ANY ('{7687638,2521416,4923990,4003120,390532,7973947,691078,7594583,3160845,628763}'::integer[]))

table 6 : explain SELECT c FROM sbtest6 WHERE id IN ( 7687638, 2521416, 4923990, 4003120, 390532, 7973947, 691078, 7594583, 3160845, 628763)
	Index Scan using sbtest6_pkey on sbtest6  (cost=0.43..83.61 rows=10 width=121)
	  Index Cond: (id = ANY ('{7687638,2521416,4923990,4003120,390532,7973947,691078,7594583,3160845,628763}'::integer[]))

table 7 : explain SELECT c FROM sbtest7 WHERE id IN ( 7687638, 2521416, 4923990, 4003120, 390532, 7973947, 691078, 7594583, 3160845, 628763)
	Index Scan using sbtest7_pkey on sbtest7  (cost=0.43..83.59 rows=10 width=121)
	  Index Cond: (id = ANY ('{7687638,2521416,4923990,4003120,390532,7973947,691078,7594583,3160845,628763}'::integer[]))

table 8 : explain SELECT c FROM sbtest8 WHERE id IN ( 7687638, 2521416, 4923990, 4003120, 390532, 7973947, 691078, 7594583, 3160845, 628763)
	Index Scan using sbtest8_pkey on sbtest8  (cost=0.43..83.65 rows=10 width=121)
	  Index Cond: (id = ANY ('{7687638,2521416,4923990,4003120,390532,7973947,691078,7594583,3160845,628763}'::integer[]))

for select-inlist
table 1 : explain SELECT c FROM sbtest1 WHERE id IN ( 2378925, 3406571, 7266775, 9299875, 8977016, 413191, 2092472, 7573213, 8920492, 7874588)
	Index Scan using sbtest1_pkey on sbtest1  (cost=0.43..83.53 rows=10 width=121)
	  Index Cond: (id = ANY ('{2378925,3406571,7266775,9299875,8977016,413191,2092472,7573213,8920492,7874588}'::integer[]))

table 2 : explain SELECT c FROM sbtest2 WHERE id IN ( 2378925, 3406571, 7266775, 9299875, 8977016, 413191, 2092472, 7573213, 8920492, 7874588)
	Index Scan using sbtest2_pkey on sbtest2  (cost=0.43..83.51 rows=10 width=121)
	  Index Cond: (id = ANY ('{2378925,3406571,7266775,9299875,8977016,413191,2092472,7573213,8920492,7874588}'::integer[]))

table 3 : explain SELECT c FROM sbtest3 WHERE id IN ( 2378925, 3406571, 7266775, 9299875, 8977016, 413191, 2092472, 7573213, 8920492, 7874588)
	Index Scan using sbtest3_pkey on sbtest3  (cost=0.43..83.59 rows=10 width=121)
	  Index Cond: (id = ANY ('{2378925,3406571,7266775,9299875,8977016,413191,2092472,7573213,8920492,7874588}'::integer[]))

table 4 : explain SELECT c FROM sbtest4 WHERE id IN ( 2378925, 3406571, 7266775, 9299875, 8977016, 413191, 2092472, 7573213, 8920492, 7874588)
	Index Scan using sbtest4_pkey on sbtest4  (cost=0.43..83.63 rows=10 width=121)
	  Index Cond: (id = ANY ('{2378925,3406571,7266775,9299875,8977016,413191,2092472,7573213,8920492,7874588}'::integer[]))

table 5 : explain SELECT c FROM sbtest5 WHERE id IN ( 2378925, 3406571, 7266775, 9299875, 8977016, 413191, 2092472, 7573213, 8920492, 7874588)
	Index Scan using sbtest5_pkey on sbtest5  (cost=0.43..83.64 rows=10 width=121)
	  Index Cond: (id = ANY ('{2378925,3406571,7266775,9299875,8977016,413191,2092472,7573213,8920492,7874588}'::integer[]))

table 6 : explain SELECT c FROM sbtest6 WHERE id IN ( 2378925, 3406571, 7266775, 9299875, 8977016, 413191, 2092472, 7573213, 8920492, 7874588)
	Index Scan using sbtest6_pkey on sbtest6  (cost=0.43..83.61 rows=10 width=121)
	  Index Cond: (id = ANY ('{2378925,3406571,7266775,9299875,8977016,413191,2092472,7573213,8920492,7874588}'::integer[]))

table 7 : explain SELECT c FROM sbtest7 WHERE id IN ( 2378925, 3406571, 7266775, 9299875, 8977016, 413191, 2092472, 7573213, 8920492, 7874588)
	Index Scan using sbtest7_pkey on sbtest7  (cost=0.43..83.59 rows=10 width=121)
	  Index Cond: (id = ANY ('{2378925,3406571,7266775,9299875,8977016,413191,2092472,7573213,8920492,7874588}'::integer[]))

table 8 : explain SELECT c FROM sbtest8 WHERE id IN ( 2378925, 3406571, 7266775, 9299875, 8977016, 413191, 2092472, 7573213, 8920492, 7874588)
	Index Scan using sbtest8_pkey on sbtest8  (cost=0.43..83.65 rows=10 width=121)
	  Index Cond: (id = ANY ('{2378925,3406571,7266775,9299875,8977016,413191,2092472,7573213,8920492,7874588}'::integer[]))

explain: for select-inlist :: explain SELECT c FROM sbtest%d WHERE id IN ( 3623802, 8202358, 5547502, 5705850, 5451535, 9315770, 6084889, 6839539, 6721671, 6905732)
for select-inlist
table 1 : explain SELECT c FROM sbtest1 WHERE id IN ( 4121997, 5273389, 1031426, 1281560, 9536287, 6036452, 5579257, 8201066, 1912319, 6008393)
	Index Scan using sbtest1_pkey on sbtest1  (cost=0.43..83.53 rows=10 width=121)
	  Index Cond: (id = ANY ('{4121997,5273389,1031426,1281560,9536287,6036452,5579257,8201066,1912319,6008393}'::integer[]))

table 2 : explain SELECT c FROM sbtest2 WHERE id IN ( 4121997, 5273389, 1031426, 1281560, 9536287, 6036452, 5579257, 8201066, 1912319, 6008393)
	Index Scan using sbtest2_pkey on sbtest2  (cost=0.43..83.51 rows=10 width=121)
	  Index Cond: (id = ANY ('{4121997,5273389,1031426,1281560,9536287,6036452,5579257,8201066,1912319,6008393}'::integer[]))

table 3 : explain SELECT c FROM sbtest3 WHERE id IN ( 4121997, 5273389, 1031426, 1281560, 9536287, 6036452, 5579257, 8201066, 1912319, 6008393)
	Index Scan using sbtest3_pkey on sbtest3  (cost=0.43..83.59 rows=10 width=121)
	  Index Cond: (id = ANY ('{4121997,5273389,1031426,1281560,9536287,6036452,5579257,8201066,1912319,6008393}'::integer[]))

table 4 : explain SELECT c FROM sbtest4 WHERE id IN ( 4121997, 5273389, 1031426, 1281560, 9536287, 6036452, 5579257, 8201066, 1912319, 6008393)
	Index Scan using sbtest4_pkey on sbtest4  (cost=0.43..83.63 rows=10 width=121)
	  Index Cond: (id = ANY ('{4121997,5273389,1031426,1281560,9536287,6036452,5579257,8201066,1912319,6008393}'::integer[]))

table 5 : explain SELECT c FROM sbtest5 WHERE id IN ( 4121997, 5273389, 1031426, 1281560, 9536287, 6036452, 5579257, 8201066, 1912319, 6008393)
	Index Scan using sbtest5_pkey on sbtest5  (cost=0.43..83.64 rows=10 width=121)
	  Index Cond: (id = ANY ('{4121997,5273389,1031426,1281560,9536287,6036452,5579257,8201066,1912319,6008393}'::integer[]))

table 6 : explain SELECT c FROM sbtest6 WHERE id IN ( 4121997, 5273389, 1031426, 1281560, 9536287, 6036452, 5579257, 8201066, 1912319, 6008393)
	Index Scan using sbtest6_pkey on sbtest6  (cost=0.43..83.61 rows=10 width=121)
	  Index Cond: (id = ANY ('{4121997,5273389,1031426,1281560,9536287,6036452,5579257,8201066,1912319,6008393}'::integer[]))

table 7 : explain SELECT c FROM sbtest7 WHERE id IN ( 4121997, 5273389, 1031426, 1281560, 9536287, 6036452, 5579257, 8201066, 1912319, 6008393)
	Index Scan using sbtest7_pkey on sbtest7  (cost=0.43..83.59 rows=10 width=121)
	  Index Cond: (id = ANY ('{4121997,5273389,1031426,1281560,9536287,6036452,5579257,8201066,1912319,6008393}'::integer[]))

table 8 : explain SELECT c FROM sbtest8 WHERE id IN ( 4121997, 5273389, 1031426, 1281560, 9536287, 6036452, 5579257, 8201066, 1912319, 6008393)
	Index Scan using sbtest8_pkey on sbtest8  (cost=0.43..83.65 rows=10 width=121)
	  Index Cond: (id = ANY ('{4121997,5273389,1031426,1281560,9536287,6036452,5579257,8201066,1912319,6008393}'::integer[]))

for select-inlist
table 1 : explain SELECT c FROM sbtest1 WHERE id IN ( 8897402, 256200, 8641008, 6305011, 8986068, 2306002, 6096270, 5865017, 4839685, 9634897)
	Index Scan using sbtest1_pkey on sbtest1  (cost=0.43..83.53 rows=10 width=121)
	  Index Cond: (id = ANY ('{8897402,256200,8641008,6305011,8986068,2306002,6096270,5865017,4839685,9634897}'::integer[]))

table 2 : explain SELECT c FROM sbtest2 WHERE id IN ( 8897402, 256200, 8641008, 6305011, 8986068, 2306002, 6096270, 5865017, 4839685, 9634897)
	Index Scan using sbtest2_pkey on sbtest2  (cost=0.43..83.51 rows=10 width=121)
	  Index Cond: (id = ANY ('{8897402,256200,8641008,6305011,8986068,2306002,6096270,5865017,4839685,9634897}'::integer[]))

table 3 : explain SELECT c FROM sbtest3 WHERE id IN ( 8897402, 256200, 8641008, 6305011, 8986068, 2306002, 6096270, 5865017, 4839685, 9634897)
	Index Scan using sbtest3_pkey on sbtest3  (cost=0.43..83.59 rows=10 width=121)
	  Index Cond: (id = ANY ('{8897402,256200,8641008,6305011,8986068,2306002,6096270,5865017,4839685,9634897}'::integer[]))

table 4 : explain SELECT c FROM sbtest4 WHERE id IN ( 8897402, 256200, 8641008, 6305011, 8986068, 2306002, 6096270, 5865017, 4839685, 9634897)
	Index Scan using sbtest4_pkey on sbtest4  (cost=0.43..83.63 rows=10 width=121)
	  Index Cond: (id = ANY ('{8897402,256200,8641008,6305011,8986068,2306002,6096270,5865017,4839685,9634897}'::integer[]))

table 5 : explain SELECT c FROM sbtest5 WHERE id IN ( 8897402, 256200, 8641008, 6305011, 8986068, 2306002, 6096270, 5865017, 4839685, 9634897)
	Index Scan using sbtest5_pkey on sbtest5  (cost=0.43..83.64 rows=10 width=121)
	  Index Cond: (id = ANY ('{8897402,256200,8641008,6305011,8986068,2306002,6096270,5865017,4839685,9634897}'::integer[]))

table 6 : explain SELECT c FROM sbtest6 WHERE id IN ( 8897402, 256200, 8641008, 6305011, 8986068, 2306002, 6096270, 5865017, 4839685, 9634897)
	Index Scan using sbtest6_pkey on sbtest6  (cost=0.43..83.61 rows=10 width=121)
	  Index Cond: (id = ANY ('{8897402,256200,8641008,6305011,8986068,2306002,6096270,5865017,4839685,9634897}'::integer[]))

table 7 : explain SELECT c FROM sbtest7 WHERE id IN ( 8897402, 256200, 8641008, 6305011, 8986068, 2306002, 6096270, 5865017, 4839685, 9634897)
	Index Scan using sbtest7_pkey on sbtest7  (cost=0.43..83.59 rows=10 width=121)
	  Index Cond: (id = ANY ('{8897402,256200,8641008,6305011,8986068,2306002,6096270,5865017,4839685,9634897}'::integer[]))

table 8 : explain SELECT c FROM sbtest8 WHERE id IN ( 8897402, 256200, 8641008, 6305011, 8986068, 2306002, 6096270, 5865017, 4839685, 9634897)
	Index Scan using sbtest8_pkey on sbtest8  (cost=0.43..83.65 rows=10 width=121)
	  Index Cond: (id = ANY ('{8897402,256200,8641008,6305011,8986068,2306002,6096270,5865017,4839685,9634897}'::integer[]))

explain: for select-inlist :: explain SELECT c FROM sbtest%d WHERE id IN ( 3429479, 7210591, 9652437, 1623490, 1030676, 9365430, 5081043, 2553524, 4221623, 3206658)
explain: for select-inlist :: explain SELECT c FROM sbtest%d WHERE id IN ( 8425689, 5531096, 3225074, 1445263, 2107874, 993655, 6436685, 4339063, 1794898, 7641309)
for select-inlist
table 1 : explain SELECT c FROM sbtest1 WHERE id IN ( 5943518, 5696300, 7237569, 2799872, 3209647, 2744401, 9141693, 9193553, 2212085, 4593164)
	Index Scan using sbtest1_pkey on sbtest1  (cost=0.43..83.53 rows=10 width=121)
	  Index Cond: (id = ANY ('{5943518,5696300,7237569,2799872,3209647,2744401,9141693,9193553,2212085,4593164}'::integer[]))

table 2 : explain SELECT c FROM sbtest2 WHERE id IN ( 5943518, 5696300, 7237569, 2799872, 3209647, 2744401, 9141693, 9193553, 2212085, 4593164)
	Index Scan using sbtest2_pkey on sbtest2  (cost=0.43..83.51 rows=10 width=121)
	  Index Cond: (id = ANY ('{5943518,5696300,7237569,2799872,3209647,2744401,9141693,9193553,2212085,4593164}'::integer[]))

table 3 : explain SELECT c FROM sbtest3 WHERE id IN ( 5943518, 5696300, 7237569, 2799872, 3209647, 2744401, 9141693, 9193553, 2212085, 4593164)
	Index Scan using sbtest3_pkey on sbtest3  (cost=0.43..83.59 rows=10 width=121)
	  Index Cond: (id = ANY ('{5943518,5696300,7237569,2799872,3209647,2744401,9141693,9193553,2212085,4593164}'::integer[]))

table 4 : explain SELECT c FROM sbtest4 WHERE id IN ( 5943518, 5696300, 7237569, 2799872, 3209647, 2744401, 9141693, 9193553, 2212085, 4593164)
	Index Scan using sbtest4_pkey on sbtest4  (cost=0.43..83.63 rows=10 width=121)
	  Index Cond: (id = ANY ('{5943518,5696300,7237569,2799872,3209647,2744401,9141693,9193553,2212085,4593164}'::integer[]))

table 5 : explain SELECT c FROM sbtest5 WHERE id IN ( 5943518, 5696300, 7237569, 2799872, 3209647, 2744401, 9141693, 9193553, 2212085, 4593164)
	Index Scan using sbtest5_pkey on sbtest5  (cost=0.43..83.64 rows=10 width=121)
	  Index Cond: (id = ANY ('{5943518,5696300,7237569,2799872,3209647,2744401,9141693,9193553,2212085,4593164}'::integer[]))

table 6 : explain SELECT c FROM sbtest6 WHERE id IN ( 5943518, 5696300, 7237569, 2799872, 3209647, 2744401, 9141693, 9193553, 2212085, 4593164)
	Index Scan using sbtest6_pkey on sbtest6  (cost=0.43..83.61 rows=10 width=121)
	  Index Cond: (id = ANY ('{5943518,5696300,7237569,2799872,3209647,2744401,9141693,9193553,2212085,4593164}'::integer[]))

table 7 : explain SELECT c FROM sbtest7 WHERE id IN ( 5943518, 5696300, 7237569, 2799872, 3209647, 2744401, 9141693, 9193553, 2212085, 4593164)
	Index Scan using sbtest7_pkey on sbtest7  (cost=0.43..83.59 rows=10 width=121)
	  Index Cond: (id = ANY ('{5943518,5696300,7237569,2799872,3209647,2744401,9141693,9193553,2212085,4593164}'::integer[]))

table 8 : explain SELECT c FROM sbtest8 WHERE id IN ( 5943518, 5696300, 7237569, 2799872, 3209647, 2744401, 9141693, 9193553, 2212085, 4593164)
	Index Scan using sbtest8_pkey on sbtest8  (cost=0.43..83.65 rows=10 width=121)
	  Index Cond: (id = ANY ('{5943518,5696300,7237569,2799872,3209647,2744401,9141693,9193553,2212085,4593164}'::integer[]))

for select-inlist
table 1 : explain SELECT c FROM sbtest1 WHERE id IN ( 8288259, 1538136, 1253240, 4809785, 8950749, 6681064, 1170673, 8801449, 5942640, 8430362)
	Index Scan using sbtest1_pkey on sbtest1  (cost=0.43..83.53 rows=10 width=121)
	  Index Cond: (id = ANY ('{8288259,1538136,1253240,4809785,8950749,6681064,1170673,8801449,5942640,8430362}'::integer[]))

table 2 : explain SELECT c FROM sbtest2 WHERE id IN ( 8288259, 1538136, 1253240, 4809785, 8950749, 6681064, 1170673, 8801449, 5942640, 8430362)
	Index Scan using sbtest2_pkey on sbtest2  (cost=0.43..83.51 rows=10 width=121)
	  Index Cond: (id = ANY ('{8288259,1538136,1253240,4809785,8950749,6681064,1170673,8801449,5942640,8430362}'::integer[]))

table 3 : explain SELECT c FROM sbtest3 WHERE id IN ( 8288259, 1538136, 1253240, 4809785, 8950749, 6681064, 1170673, 8801449, 5942640, 8430362)
	Index Scan using sbtest3_pkey on sbtest3  (cost=0.43..83.59 rows=10 width=121)
	  Index Cond: (id = ANY ('{8288259,1538136,1253240,4809785,8950749,6681064,1170673,8801449,5942640,8430362}'::integer[]))

table 4 : explain SELECT c FROM sbtest4 WHERE id IN ( 8288259, 1538136, 1253240, 4809785, 8950749, 6681064, 1170673, 8801449, 5942640, 8430362)
	Index Scan using sbtest4_pkey on sbtest4  (cost=0.43..83.63 rows=10 width=121)
	  Index Cond: (id = ANY ('{8288259,1538136,1253240,4809785,8950749,6681064,1170673,8801449,5942640,8430362}'::integer[]))

table 5 : explain SELECT c FROM sbtest5 WHERE id IN ( 8288259, 1538136, 1253240, 4809785, 8950749, 6681064, 1170673, 8801449, 5942640, 8430362)
	Index Scan using sbtest5_pkey on sbtest5  (cost=0.43..83.64 rows=10 width=121)
	  Index Cond: (id = ANY ('{8288259,1538136,1253240,4809785,8950749,6681064,1170673,8801449,5942640,8430362}'::integer[]))

table 6 : explain SELECT c FROM sbtest6 WHERE id IN ( 8288259, 1538136, 1253240, 4809785, 8950749, 6681064, 1170673, 8801449, 5942640, 8430362)
	Index Scan using sbtest6_pkey on sbtest6  (cost=0.43..83.61 rows=10 width=121)
	  Index Cond: (id = ANY ('{8288259,1538136,1253240,4809785,8950749,6681064,1170673,8801449,5942640,8430362}'::integer[]))

table 7 : explain SELECT c FROM sbtest7 WHERE id IN ( 8288259, 1538136, 1253240, 4809785, 8950749, 6681064, 1170673, 8801449, 5942640, 8430362)
	Index Scan using sbtest7_pkey on sbtest7  (cost=0.43..83.59 rows=10 width=121)
	  Index Cond: (id = ANY ('{8288259,1538136,1253240,4809785,8950749,6681064,1170673,8801449,5942640,8430362}'::integer[]))

table 8 : explain SELECT c FROM sbtest8 WHERE id IN ( 8288259, 1538136, 1253240, 4809785, 8950749, 6681064, 1170673, 8801449, 5942640, 8430362)
	Index Scan using sbtest8_pkey on sbtest8  (cost=0.43..83.65 rows=10 width=121)
	  Index Cond: (id = ANY ('{8288259,1538136,1253240,4809785,8950749,6681064,1170673,8801449,5942640,8430362}'::integer[]))

explain: for select-inlist :: explain SELECT c FROM sbtest%d WHERE id IN ( 784236, 5945381, 8850826, 4474438, 2198320, 2927660, 7284479, 6132241, 9115621, 1892596)
for select-inlist
table 1 : explain SELECT c FROM sbtest1 WHERE id IN ( 3623802, 8202358, 5547502, 5705850, 5451535, 9315770, 6084889, 6839539, 6721671, 6905732)
	Index Scan using sbtest1_pkey on sbtest1  (cost=0.43..83.53 rows=10 width=121)
	  Index Cond: (id = ANY ('{3623802,8202358,5547502,5705850,5451535,9315770,6084889,6839539,6721671,6905732}'::integer[]))

table 2 : explain SELECT c FROM sbtest2 WHERE id IN ( 3623802, 8202358, 5547502, 5705850, 5451535, 9315770, 6084889, 6839539, 6721671, 6905732)
	Index Scan using sbtest2_pkey on sbtest2  (cost=0.43..83.51 rows=10 width=121)
	  Index Cond: (id = ANY ('{3623802,8202358,5547502,5705850,5451535,9315770,6084889,6839539,6721671,6905732}'::integer[]))

table 3 : explain SELECT c FROM sbtest3 WHERE id IN ( 3623802, 8202358, 5547502, 5705850, 5451535, 9315770, 6084889, 6839539, 6721671, 6905732)
	Index Scan using sbtest3_pkey on sbtest3  (cost=0.43..83.59 rows=10 width=121)
	  Index Cond: (id = ANY ('{3623802,8202358,5547502,5705850,5451535,9315770,6084889,6839539,6721671,6905732}'::integer[]))

table 4 : explain SELECT c FROM sbtest4 WHERE id IN ( 3623802, 8202358, 5547502, 5705850, 5451535, 9315770, 6084889, 6839539, 6721671, 6905732)
	Index Scan using sbtest4_pkey on sbtest4  (cost=0.43..83.63 rows=10 width=121)
	  Index Cond: (id = ANY ('{3623802,8202358,5547502,5705850,5451535,9315770,6084889,6839539,6721671,6905732}'::integer[]))

table 5 : explain SELECT c FROM sbtest5 WHERE id IN ( 3623802, 8202358, 5547502, 5705850, 5451535, 9315770, 6084889, 6839539, 6721671, 6905732)
	Index Scan using sbtest5_pkey on sbtest5  (cost=0.43..83.64 rows=10 width=121)
	  Index Cond: (id = ANY ('{3623802,8202358,5547502,5705850,5451535,9315770,6084889,6839539,6721671,6905732}'::integer[]))

table 6 : explain SELECT c FROM sbtest6 WHERE id IN ( 3623802, 8202358, 5547502, 5705850, 5451535, 9315770, 6084889, 6839539, 6721671, 6905732)
	Index Scan using sbtest6_pkey on sbtest6  (cost=0.43..83.61 rows=10 width=121)
	  Index Cond: (id = ANY ('{3623802,8202358,5547502,5705850,5451535,9315770,6084889,6839539,6721671,6905732}'::integer[]))

table 7 : explain SELECT c FROM sbtest7 WHERE id IN ( 3623802, 8202358, 5547502, 5705850, 5451535, 9315770, 6084889, 6839539, 6721671, 6905732)
	Index Scan using sbtest7_pkey on sbtest7  (cost=0.43..83.59 rows=10 width=121)
	  Index Cond: (id = ANY ('{3623802,8202358,5547502,5705850,5451535,9315770,6084889,6839539,6721671,6905732}'::integer[]))

table 8 : explain SELECT c FROM sbtest8 WHERE id IN ( 3623802, 8202358, 5547502, 5705850, 5451535, 9315770, 6084889, 6839539, 6721671, 6905732)
	Index Scan using sbtest8_pkey on sbtest8  (cost=0.43..83.65 rows=10 width=121)
	  Index Cond: (id = ANY ('{3623802,8202358,5547502,5705850,5451535,9315770,6084889,6839539,6721671,6905732}'::integer[]))

for select-inlist
table 1 : explain SELECT c FROM sbtest1 WHERE id IN ( 5549835, 5846529, 661750, 8114975, 9189010, 8996983, 9034335, 6559084, 2539598, 4433197)
	Index Scan using sbtest1_pkey on sbtest1  (cost=0.43..83.53 rows=10 width=121)
	  Index Cond: (id = ANY ('{5549835,5846529,661750,8114975,9189010,8996983,9034335,6559084,2539598,4433197}'::integer[]))

table 2 : explain SELECT c FROM sbtest2 WHERE id IN ( 5549835, 5846529, 661750, 8114975, 9189010, 8996983, 9034335, 6559084, 2539598, 4433197)
	Index Scan using sbtest2_pkey on sbtest2  (cost=0.43..83.51 rows=10 width=121)
	  Index Cond: (id = ANY ('{5549835,5846529,661750,8114975,9189010,8996983,9034335,6559084,2539598,4433197}'::integer[]))

table 3 : explain SELECT c FROM sbtest3 WHERE id IN ( 5549835, 5846529, 661750, 8114975, 9189010, 8996983, 9034335, 6559084, 2539598, 4433197)
	Index Scan using sbtest3_pkey on sbtest3  (cost=0.43..83.59 rows=10 width=121)
	  Index Cond: (id = ANY ('{5549835,5846529,661750,8114975,9189010,8996983,9034335,6559084,2539598,4433197}'::integer[]))

table 4 : explain SELECT c FROM sbtest4 WHERE id IN ( 5549835, 5846529, 661750, 8114975, 9189010, 8996983, 9034335, 6559084, 2539598, 4433197)
	Index Scan using sbtest4_pkey on sbtest4  (cost=0.43..83.63 rows=10 width=121)
	  Index Cond: (id = ANY ('{5549835,5846529,661750,8114975,9189010,8996983,9034335,6559084,2539598,4433197}'::integer[]))

table 5 : explain SELECT c FROM sbtest5 WHERE id IN ( 5549835, 5846529, 661750, 8114975, 9189010, 8996983, 9034335, 6559084, 2539598, 4433197)
	Index Scan using sbtest5_pkey on sbtest5  (cost=0.43..83.64 rows=10 width=121)
	  Index Cond: (id = ANY ('{5549835,5846529,661750,8114975,9189010,8996983,9034335,6559084,2539598,4433197}'::integer[]))

table 6 : explain SELECT c FROM sbtest6 WHERE id IN ( 5549835, 5846529, 661750, 8114975, 9189010, 8996983, 9034335, 6559084, 2539598, 4433197)
	Index Scan using sbtest6_pkey on sbtest6  (cost=0.43..83.61 rows=10 width=121)
	  Index Cond: (id = ANY ('{5549835,5846529,661750,8114975,9189010,8996983,9034335,6559084,2539598,4433197}'::integer[]))

table 7 : explain SELECT c FROM sbtest7 WHERE id IN ( 5549835, 5846529, 661750, 8114975, 9189010, 8996983, 9034335, 6559084, 2539598, 4433197)
	Index Scan using sbtest7_pkey on sbtest7  (cost=0.43..83.59 rows=10 width=121)
	  Index Cond: (id = ANY ('{5549835,5846529,661750,8114975,9189010,8996983,9034335,6559084,2539598,4433197}'::integer[]))

table 8 : explain SELECT c FROM sbtest8 WHERE id IN ( 5549835, 5846529, 661750, 8114975, 9189010, 8996983, 9034335, 6559084, 2539598, 4433197)
	Index Scan using sbtest8_pkey on sbtest8  (cost=0.43..83.65 rows=10 width=121)
	  Index Cond: (id = ANY ('{5549835,5846529,661750,8114975,9189010,8996983,9034335,6559084,2539598,4433197}'::integer[]))

for select-inlist
table 1 : explain SELECT c FROM sbtest1 WHERE id IN ( 3429479, 7210591, 9652437, 1623490, 1030676, 9365430, 5081043, 2553524, 4221623, 3206658)
	Index Scan using sbtest1_pkey on sbtest1  (cost=0.43..83.53 rows=10 width=121)
	  Index Cond: (id = ANY ('{3429479,7210591,9652437,1623490,1030676,9365430,5081043,2553524,4221623,3206658}'::integer[]))

table 2 : explain SELECT c FROM sbtest2 WHERE id IN ( 3429479, 7210591, 9652437, 1623490, 1030676, 9365430, 5081043, 2553524, 4221623, 3206658)
	Index Scan using sbtest2_pkey on sbtest2  (cost=0.43..83.51 rows=10 width=121)
	  Index Cond: (id = ANY ('{3429479,7210591,9652437,1623490,1030676,9365430,5081043,2553524,4221623,3206658}'::integer[]))

table 3 : explain SELECT c FROM sbtest3 WHERE id IN ( 3429479, 7210591, 9652437, 1623490, 1030676, 9365430, 5081043, 2553524, 4221623, 3206658)
	Index Scan using sbtest3_pkey on sbtest3  (cost=0.43..83.59 rows=10 width=121)
	  Index Cond: (id = ANY ('{3429479,7210591,9652437,1623490,1030676,9365430,5081043,2553524,4221623,3206658}'::integer[]))

table 4 : explain SELECT c FROM sbtest4 WHERE id IN ( 3429479, 7210591, 9652437, 1623490, 1030676, 9365430, 5081043, 2553524, 4221623, 3206658)
	Index Scan using sbtest4_pkey on sbtest4  (cost=0.43..83.63 rows=10 width=121)
	  Index Cond: (id = ANY ('{3429479,7210591,9652437,1623490,1030676,9365430,5081043,2553524,4221623,3206658}'::integer[]))

table 5 : explain SELECT c FROM sbtest5 WHERE id IN ( 3429479, 7210591, 9652437, 1623490, 1030676, 9365430, 5081043, 2553524, 4221623, 3206658)
	Index Scan using sbtest5_pkey on sbtest5  (cost=0.43..83.64 rows=10 width=121)
	  Index Cond: (id = ANY ('{3429479,7210591,9652437,1623490,1030676,9365430,5081043,2553524,4221623,3206658}'::integer[]))

table 6 : explain SELECT c FROM sbtest6 WHERE id IN ( 3429479, 7210591, 9652437, 1623490, 1030676, 9365430, 5081043, 2553524, 4221623, 3206658)
	Index Scan using sbtest6_pkey on sbtest6  (cost=0.43..83.61 rows=10 width=121)
	  Index Cond: (id = ANY ('{3429479,7210591,9652437,1623490,1030676,9365430,5081043,2553524,4221623,3206658}'::integer[]))

table 7 : explain SELECT c FROM sbtest7 WHERE id IN ( 3429479, 7210591, 9652437, 1623490, 1030676, 9365430, 5081043, 2553524, 4221623, 3206658)
	Index Scan using sbtest7_pkey on sbtest7  (cost=0.43..83.59 rows=10 width=121)
	  Index Cond: (id = ANY ('{3429479,7210591,9652437,1623490,1030676,9365430,5081043,2553524,4221623,3206658}'::integer[]))

table 8 : explain SELECT c FROM sbtest8 WHERE id IN ( 3429479, 7210591, 9652437, 1623490, 1030676, 9365430, 5081043, 2553524, 4221623, 3206658)
	Index Scan using sbtest8_pkey on sbtest8  (cost=0.43..83.65 rows=10 width=121)
	  Index Cond: (id = ANY ('{3429479,7210591,9652437,1623490,1030676,9365430,5081043,2553524,4221623,3206658}'::integer[]))

for select-inlist
table 1 : explain SELECT c FROM sbtest1 WHERE id IN ( 8425689, 5531096, 3225074, 1445263, 2107874, 993655, 6436685, 4339063, 1794898, 7641309)
	Index Scan using sbtest1_pkey on sbtest1  (cost=0.43..83.53 rows=10 width=121)
	  Index Cond: (id = ANY ('{8425689,5531096,3225074,1445263,2107874,993655,6436685,4339063,1794898,7641309}'::integer[]))

table 2 : explain SELECT c FROM sbtest2 WHERE id IN ( 8425689, 5531096, 3225074, 1445263, 2107874, 993655, 6436685, 4339063, 1794898, 7641309)
	Index Scan using sbtest2_pkey on sbtest2  (cost=0.43..83.51 rows=10 width=121)
	  Index Cond: (id = ANY ('{8425689,5531096,3225074,1445263,2107874,993655,6436685,4339063,1794898,7641309}'::integer[]))

table 3 : explain SELECT c FROM sbtest3 WHERE id IN ( 8425689, 5531096, 3225074, 1445263, 2107874, 993655, 6436685, 4339063, 1794898, 7641309)
	Index Scan using sbtest3_pkey on sbtest3  (cost=0.43..83.59 rows=10 width=121)
	  Index Cond: (id = ANY ('{8425689,5531096,3225074,1445263,2107874,993655,6436685,4339063,1794898,7641309}'::integer[]))

table 4 : explain SELECT c FROM sbtest4 WHERE id IN ( 8425689, 5531096, 3225074, 1445263, 2107874, 993655, 6436685, 4339063, 1794898, 7641309)
	Index Scan using sbtest4_pkey on sbtest4  (cost=0.43..83.63 rows=10 width=121)
	  Index Cond: (id = ANY ('{8425689,5531096,3225074,1445263,2107874,993655,6436685,4339063,1794898,7641309}'::integer[]))

table 5 : explain SELECT c FROM sbtest5 WHERE id IN ( 8425689, 5531096, 3225074, 1445263, 2107874, 993655, 6436685, 4339063, 1794898, 7641309)
	Index Scan using sbtest5_pkey on sbtest5  (cost=0.43..83.64 rows=10 width=121)
	  Index Cond: (id = ANY ('{8425689,5531096,3225074,1445263,2107874,993655,6436685,4339063,1794898,7641309}'::integer[]))

table 6 : explain SELECT c FROM sbtest6 WHERE id IN ( 8425689, 5531096, 3225074, 1445263, 2107874, 993655, 6436685, 4339063, 1794898, 7641309)
	Index Scan using sbtest6_pkey on sbtest6  (cost=0.43..83.61 rows=10 width=121)
	  Index Cond: (id = ANY ('{8425689,5531096,3225074,1445263,2107874,993655,6436685,4339063,1794898,7641309}'::integer[]))

table 7 : explain SELECT c FROM sbtest7 WHERE id IN ( 8425689, 5531096, 3225074, 1445263, 2107874, 993655, 6436685, 4339063, 1794898, 7641309)
	Index Scan using sbtest7_pkey on sbtest7  (cost=0.43..83.59 rows=10 width=121)
	  Index Cond: (id = ANY ('{8425689,5531096,3225074,1445263,2107874,993655,6436685,4339063,1794898,7641309}'::integer[]))

table 8 : explain SELECT c FROM sbtest8 WHERE id IN ( 8425689, 5531096, 3225074, 1445263, 2107874, 993655, 6436685, 4339063, 1794898, 7641309)
	Index Scan using sbtest8_pkey on sbtest8  (cost=0.43..83.65 rows=10 width=121)
	  Index Cond: (id = ANY ('{8425689,5531096,3225074,1445263,2107874,993655,6436685,4339063,1794898,7641309}'::integer[]))

explain: for select-inlist :: explain SELECT c FROM sbtest%d WHERE id IN ( 2775366, 9401293, 4111891, 2920711, 3400904, 9138211, 8732146, 5243846, 9019975, 8344565)
explain: for select-inlist :: explain SELECT c FROM sbtest%d WHERE id IN ( 4661290, 1924050, 590881, 2319384, 4088743, 4260859, 9865597, 1044609, 9631209, 4410446)
for select-inlist
table 1 : explain SELECT c FROM sbtest1 WHERE id IN ( 784236, 5945381, 8850826, 4474438, 2198320, 2927660, 7284479, 6132241, 9115621, 1892596)
	Index Scan using sbtest1_pkey on sbtest1  (cost=0.43..83.53 rows=10 width=121)
	  Index Cond: (id = ANY ('{784236,5945381,8850826,4474438,2198320,2927660,7284479,6132241,9115621,1892596}'::integer[]))

table 2 : explain SELECT c FROM sbtest2 WHERE id IN ( 784236, 5945381, 8850826, 4474438, 2198320, 2927660, 7284479, 6132241, 9115621, 1892596)
	Index Scan using sbtest2_pkey on sbtest2  (cost=0.43..83.51 rows=10 width=121)
	  Index Cond: (id = ANY ('{784236,5945381,8850826,4474438,2198320,2927660,7284479,6132241,9115621,1892596}'::integer[]))

table 3 : explain SELECT c FROM sbtest3 WHERE id IN ( 784236, 5945381, 8850826, 4474438, 2198320, 2927660, 7284479, 6132241, 9115621, 1892596)
	Index Scan using sbtest3_pkey on sbtest3  (cost=0.43..83.59 rows=10 width=121)
	  Index Cond: (id = ANY ('{784236,5945381,8850826,4474438,2198320,2927660,7284479,6132241,9115621,1892596}'::integer[]))

table 4 : explain SELECT c FROM sbtest4 WHERE id IN ( 784236, 5945381, 8850826, 4474438, 2198320, 2927660, 7284479, 6132241, 9115621, 1892596)
	Index Scan using sbtest4_pkey on sbtest4  (cost=0.43..83.63 rows=10 width=121)
	  Index Cond: (id = ANY ('{784236,5945381,8850826,4474438,2198320,2927660,7284479,6132241,9115621,1892596}'::integer[]))

table 5 : explain SELECT c FROM sbtest5 WHERE id IN ( 784236, 5945381, 8850826, 4474438, 2198320, 2927660, 7284479, 6132241, 9115621, 1892596)
	Index Scan using sbtest5_pkey on sbtest5  (cost=0.43..83.64 rows=10 width=121)
	  Index Cond: (id = ANY ('{784236,5945381,8850826,4474438,2198320,2927660,7284479,6132241,9115621,1892596}'::integer[]))

table 6 : explain SELECT c FROM sbtest6 WHERE id IN ( 784236, 5945381, 8850826, 4474438, 2198320, 2927660, 7284479, 6132241, 9115621, 1892596)
	Index Scan using sbtest6_pkey on sbtest6  (cost=0.43..83.61 rows=10 width=121)
	  Index Cond: (id = ANY ('{784236,5945381,8850826,4474438,2198320,2927660,7284479,6132241,9115621,1892596}'::integer[]))

table 7 : explain SELECT c FROM sbtest7 WHERE id IN ( 784236, 5945381, 8850826, 4474438, 2198320, 2927660, 7284479, 6132241, 9115621, 1892596)
	Index Scan using sbtest7_pkey on sbtest7  (cost=0.43..83.59 rows=10 width=121)
	  Index Cond: (id = ANY ('{784236,5945381,8850826,4474438,2198320,2927660,7284479,6132241,9115621,1892596}'::integer[]))

table 8 : explain SELECT c FROM sbtest8 WHERE id IN ( 784236, 5945381, 8850826, 4474438, 2198320, 2927660, 7284479, 6132241, 9115621, 1892596)
	Index Scan using sbtest8_pkey on sbtest8  (cost=0.43..83.65 rows=10 width=121)
	  Index Cond: (id = ANY ('{784236,5945381,8850826,4474438,2198320,2927660,7284479,6132241,9115621,1892596}'::integer[]))

explain: for select-inlist :: explain SELECT c FROM sbtest%d WHERE id IN ( 5532008, 3076853, 5211452, 5848696, 3049495, 8660806, 781104, 4751973, 9490440, 9177065)
explain: for select-inlist :: explain SELECT c FROM sbtest%d WHERE id IN ( 3803797, 6095413, 998508, 845536, 7091294, 4655327, 5463668, 1838646, 8069194, 73176)
explain: for select-inlist :: explain SELECT c FROM sbtest%d WHERE id IN ( 5301062, 4067309, 4372709, 3121487, 175769, 5445756, 7135317, 158375, 3311303, 7714289)
explain: for select-inlist :: explain SELECT c FROM sbtest%d WHERE id IN ( 1861176, 6046999, 6462727, 3013683, 8925483, 5130492, 9645673, 4984297, 3026555, 2140456)
for select-inlist
table 1 : explain SELECT c FROM sbtest1 WHERE id IN ( 2775366, 9401293, 4111891, 2920711, 3400904, 9138211, 8732146, 5243846, 9019975, 8344565)
	Index Scan using sbtest1_pkey on sbtest1  (cost=0.43..83.53 rows=10 width=121)
	  Index Cond: (id = ANY ('{2775366,9401293,4111891,2920711,3400904,9138211,8732146,5243846,9019975,8344565}'::integer[]))

table 2 : explain SELECT c FROM sbtest2 WHERE id IN ( 2775366, 9401293, 4111891, 2920711, 3400904, 9138211, 8732146, 5243846, 9019975, 8344565)
	Index Scan using sbtest2_pkey on sbtest2  (cost=0.43..83.51 rows=10 width=121)
	  Index Cond: (id = ANY ('{2775366,9401293,4111891,2920711,3400904,9138211,8732146,5243846,9019975,8344565}'::integer[]))

table 3 : explain SELECT c FROM sbtest3 WHERE id IN ( 2775366, 9401293, 4111891, 2920711, 3400904, 9138211, 8732146, 5243846, 9019975, 8344565)
	Index Scan using sbtest3_pkey on sbtest3  (cost=0.43..83.59 rows=10 width=121)
	  Index Cond: (id = ANY ('{2775366,9401293,4111891,2920711,3400904,9138211,8732146,5243846,9019975,8344565}'::integer[]))

table 4 : explain SELECT c FROM sbtest4 WHERE id IN ( 2775366, 9401293, 4111891, 2920711, 3400904, 9138211, 8732146, 5243846, 9019975, 8344565)
	Index Scan using sbtest4_pkey on sbtest4  (cost=0.43..83.63 rows=10 width=121)
	  Index Cond: (id = ANY ('{2775366,9401293,4111891,2920711,3400904,9138211,8732146,5243846,9019975,8344565}'::integer[]))

table 5 : explain SELECT c FROM sbtest5 WHERE id IN ( 2775366, 9401293, 4111891, 2920711, 3400904, 9138211, 8732146, 5243846, 9019975, 8344565)
	Index Scan using sbtest5_pkey on sbtest5  (cost=0.43..83.64 rows=10 width=121)
	  Index Cond: (id = ANY ('{2775366,9401293,4111891,2920711,3400904,9138211,8732146,5243846,9019975,8344565}'::integer[]))

table 6 : explain SELECT c FROM sbtest6 WHERE id IN ( 2775366, 9401293, 4111891, 2920711, 3400904, 9138211, 8732146, 5243846, 9019975, 8344565)
	Index Scan using sbtest6_pkey on sbtest6  (cost=0.43..83.61 rows=10 width=121)
	  Index Cond: (id = ANY ('{2775366,9401293,4111891,2920711,3400904,9138211,8732146,5243846,9019975,8344565}'::integer[]))

table 7 : explain SELECT c FROM sbtest7 WHERE id IN ( 2775366, 9401293, 4111891, 2920711, 3400904, 9138211, 8732146, 5243846, 9019975, 8344565)
	Index Scan using sbtest7_pkey on sbtest7  (cost=0.43..83.59 rows=10 width=121)
	  Index Cond: (id = ANY ('{2775366,9401293,4111891,2920711,3400904,9138211,8732146,5243846,9019975,8344565}'::integer[]))

table 8 : explain SELECT c FROM sbtest8 WHERE id IN ( 2775366, 9401293, 4111891, 2920711, 3400904, 9138211, 8732146, 5243846, 9019975, 8344565)
	Index Scan using sbtest8_pkey on sbtest8  (cost=0.43..83.65 rows=10 width=121)
	  Index Cond: (id = ANY ('{2775366,9401293,4111891,2920711,3400904,9138211,8732146,5243846,9019975,8344565}'::integer[]))

for select-inlist
table 1 : explain SELECT c FROM sbtest1 WHERE id IN ( 4661290, 1924050, 590881, 2319384, 4088743, 4260859, 9865597, 1044609, 9631209, 4410446)
	Index Scan using sbtest1_pkey on sbtest1  (cost=0.43..83.53 rows=10 width=121)
	  Index Cond: (id = ANY ('{4661290,1924050,590881,2319384,4088743,4260859,9865597,1044609,9631209,4410446}'::integer[]))

table 2 : explain SELECT c FROM sbtest2 WHERE id IN ( 4661290, 1924050, 590881, 2319384, 4088743, 4260859, 9865597, 1044609, 9631209, 4410446)
	Index Scan using sbtest2_pkey on sbtest2  (cost=0.43..83.51 rows=10 width=121)
	  Index Cond: (id = ANY ('{4661290,1924050,590881,2319384,4088743,4260859,9865597,1044609,9631209,4410446}'::integer[]))

table 3 : explain SELECT c FROM sbtest3 WHERE id IN ( 4661290, 1924050, 590881, 2319384, 4088743, 4260859, 9865597, 1044609, 9631209, 4410446)
	Index Scan using sbtest3_pkey on sbtest3  (cost=0.43..83.59 rows=10 width=121)
	  Index Cond: (id = ANY ('{4661290,1924050,590881,2319384,4088743,4260859,9865597,1044609,9631209,4410446}'::integer[]))

table 4 : explain SELECT c FROM sbtest4 WHERE id IN ( 4661290, 1924050, 590881, 2319384, 4088743, 4260859, 9865597, 1044609, 9631209, 4410446)
	Index Scan using sbtest4_pkey on sbtest4  (cost=0.43..83.63 rows=10 width=121)
	  Index Cond: (id = ANY ('{4661290,1924050,590881,2319384,4088743,4260859,9865597,1044609,9631209,4410446}'::integer[]))

table 5 : explain SELECT c FROM sbtest5 WHERE id IN ( 4661290, 1924050, 590881, 2319384, 4088743, 4260859, 9865597, 1044609, 9631209, 4410446)
	Index Scan using sbtest5_pkey on sbtest5  (cost=0.43..83.64 rows=10 width=121)
	  Index Cond: (id = ANY ('{4661290,1924050,590881,2319384,4088743,4260859,9865597,1044609,9631209,4410446}'::integer[]))

table 6 : explain SELECT c FROM sbtest6 WHERE id IN ( 4661290, 1924050, 590881, 2319384, 4088743, 4260859, 9865597, 1044609, 9631209, 4410446)
	Index Scan using sbtest6_pkey on sbtest6  (cost=0.43..83.61 rows=10 width=121)
	  Index Cond: (id = ANY ('{4661290,1924050,590881,2319384,4088743,4260859,9865597,1044609,9631209,4410446}'::integer[]))

table 7 : explain SELECT c FROM sbtest7 WHERE id IN ( 4661290, 1924050, 590881, 2319384, 4088743, 4260859, 9865597, 1044609, 9631209, 4410446)
	Index Scan using sbtest7_pkey on sbtest7  (cost=0.43..83.59 rows=10 width=121)
	  Index Cond: (id = ANY ('{4661290,1924050,590881,2319384,4088743,4260859,9865597,1044609,9631209,4410446}'::integer[]))

table 8 : explain SELECT c FROM sbtest8 WHERE id IN ( 4661290, 1924050, 590881, 2319384, 4088743, 4260859, 9865597, 1044609, 9631209, 4410446)
	Index Scan using sbtest8_pkey on sbtest8  (cost=0.43..83.65 rows=10 width=121)
	  Index Cond: (id = ANY ('{4661290,1924050,590881,2319384,4088743,4260859,9865597,1044609,9631209,4410446}'::integer[]))

for select-inlist
table 1 : explain SELECT c FROM sbtest1 WHERE id IN ( 5532008, 3076853, 5211452, 5848696, 3049495, 8660806, 781104, 4751973, 9490440, 9177065)
	Index Scan using sbtest1_pkey on sbtest1  (cost=0.43..83.53 rows=10 width=121)
	  Index Cond: (id = ANY ('{5532008,3076853,5211452,5848696,3049495,8660806,781104,4751973,9490440,9177065}'::integer[]))

table 2 : explain SELECT c FROM sbtest2 WHERE id IN ( 5532008, 3076853, 5211452, 5848696, 3049495, 8660806, 781104, 4751973, 9490440, 9177065)
	Index Scan using sbtest2_pkey on sbtest2  (cost=0.43..83.51 rows=10 width=121)
	  Index Cond: (id = ANY ('{5532008,3076853,5211452,5848696,3049495,8660806,781104,4751973,9490440,9177065}'::integer[]))

table 3 : explain SELECT c FROM sbtest3 WHERE id IN ( 5532008, 3076853, 5211452, 5848696, 3049495, 8660806, 781104, 4751973, 9490440, 9177065)
	Index Scan using sbtest3_pkey on sbtest3  (cost=0.43..83.59 rows=10 width=121)
	  Index Cond: (id = ANY ('{5532008,3076853,5211452,5848696,3049495,8660806,781104,4751973,9490440,9177065}'::integer[]))

table 4 : explain SELECT c FROM sbtest4 WHERE id IN ( 5532008, 3076853, 5211452, 5848696, 3049495, 8660806, 781104, 4751973, 9490440, 9177065)
	Index Scan using sbtest4_pkey on sbtest4  (cost=0.43..83.63 rows=10 width=121)
	  Index Cond: (id = ANY ('{5532008,3076853,5211452,5848696,3049495,8660806,781104,4751973,9490440,9177065}'::integer[]))

table 5 : explain SELECT c FROM sbtest5 WHERE id IN ( 5532008, 3076853, 5211452, 5848696, 3049495, 8660806, 781104, 4751973, 9490440, 9177065)
	Index Scan using sbtest5_pkey on sbtest5  (cost=0.43..83.64 rows=10 width=121)
	  Index Cond: (id = ANY ('{5532008,3076853,5211452,5848696,3049495,8660806,781104,4751973,9490440,9177065}'::integer[]))

table 6 : explain SELECT c FROM sbtest6 WHERE id IN ( 5532008, 3076853, 5211452, 5848696, 3049495, 8660806, 781104, 4751973, 9490440, 9177065)
	Index Scan using sbtest6_pkey on sbtest6  (cost=0.43..83.61 rows=10 width=121)
	  Index Cond: (id = ANY ('{5532008,3076853,5211452,5848696,3049495,8660806,781104,4751973,9490440,9177065}'::integer[]))

table 7 : explain SELECT c FROM sbtest7 WHERE id IN ( 5532008, 3076853, 5211452, 5848696, 3049495, 8660806, 781104, 4751973, 9490440, 9177065)
	Index Scan using sbtest7_pkey on sbtest7  (cost=0.43..83.59 rows=10 width=121)
	  Index Cond: (id = ANY ('{5532008,3076853,5211452,5848696,3049495,8660806,781104,4751973,9490440,9177065}'::integer[]))

table 8 : explain SELECT c FROM sbtest8 WHERE id IN ( 5532008, 3076853, 5211452, 5848696, 3049495, 8660806, 781104, 4751973, 9490440, 9177065)
	Index Scan using sbtest8_pkey on sbtest8  (cost=0.43..83.65 rows=10 width=121)
	  Index Cond: (id = ANY ('{5532008,3076853,5211452,5848696,3049495,8660806,781104,4751973,9490440,9177065}'::integer[]))

for select-inlist
table 1 : explain SELECT c FROM sbtest1 WHERE id IN ( 3803797, 6095413, 998508, 845536, 7091294, 4655327, 5463668, 1838646, 8069194, 73176)
	Index Scan using sbtest1_pkey on sbtest1  (cost=0.43..83.53 rows=10 width=121)
	  Index Cond: (id = ANY ('{3803797,6095413,998508,845536,7091294,4655327,5463668,1838646,8069194,73176}'::integer[]))

table 2 : explain SELECT c FROM sbtest2 WHERE id IN ( 3803797, 6095413, 998508, 845536, 7091294, 4655327, 5463668, 1838646, 8069194, 73176)
	Index Scan using sbtest2_pkey on sbtest2  (cost=0.43..83.51 rows=10 width=121)
	  Index Cond: (id = ANY ('{3803797,6095413,998508,845536,7091294,4655327,5463668,1838646,8069194,73176}'::integer[]))

table 3 : explain SELECT c FROM sbtest3 WHERE id IN ( 3803797, 6095413, 998508, 845536, 7091294, 4655327, 5463668, 1838646, 8069194, 73176)
	Index Scan using sbtest3_pkey on sbtest3  (cost=0.43..83.59 rows=10 width=121)
	  Index Cond: (id = ANY ('{3803797,6095413,998508,845536,7091294,4655327,5463668,1838646,8069194,73176}'::integer[]))

table 4 : explain SELECT c FROM sbtest4 WHERE id IN ( 3803797, 6095413, 998508, 845536, 7091294, 4655327, 5463668, 1838646, 8069194, 73176)
	Index Scan using sbtest4_pkey on sbtest4  (cost=0.43..83.63 rows=10 width=121)
	  Index Cond: (id = ANY ('{3803797,6095413,998508,845536,7091294,4655327,5463668,1838646,8069194,73176}'::integer[]))

table 5 : explain SELECT c FROM sbtest5 WHERE id IN ( 3803797, 6095413, 998508, 845536, 7091294, 4655327, 5463668, 1838646, 8069194, 73176)
	Index Scan using sbtest5_pkey on sbtest5  (cost=0.43..83.64 rows=10 width=121)
	  Index Cond: (id = ANY ('{3803797,6095413,998508,845536,7091294,4655327,5463668,1838646,8069194,73176}'::integer[]))

table 6 : explain SELECT c FROM sbtest6 WHERE id IN ( 3803797, 6095413, 998508, 845536, 7091294, 4655327, 5463668, 1838646, 8069194, 73176)
	Index Scan using sbtest6_pkey on sbtest6  (cost=0.43..83.61 rows=10 width=121)
	  Index Cond: (id = ANY ('{3803797,6095413,998508,845536,7091294,4655327,5463668,1838646,8069194,73176}'::integer[]))

table 7 : explain SELECT c FROM sbtest7 WHERE id IN ( 3803797, 6095413, 998508, 845536, 7091294, 4655327, 5463668, 1838646, 8069194, 73176)
	Index Scan using sbtest7_pkey on sbtest7  (cost=0.43..83.59 rows=10 width=121)
	  Index Cond: (id = ANY ('{3803797,6095413,998508,845536,7091294,4655327,5463668,1838646,8069194,73176}'::integer[]))

table 8 : explain SELECT c FROM sbtest8 WHERE id IN ( 3803797, 6095413, 998508, 845536, 7091294, 4655327, 5463668, 1838646, 8069194, 73176)
	Index Scan using sbtest8_pkey on sbtest8  (cost=0.43..83.65 rows=10 width=121)
	  Index Cond: (id = ANY ('{3803797,6095413,998508,845536,7091294,4655327,5463668,1838646,8069194,73176}'::integer[]))

explain: for select-inlist :: explain SELECT c FROM sbtest%d WHERE id IN ( 4665047, 690429, 811357, 8459219, 5782229, 8708956, 4760305, 6163149, 4986884, 907636)
for select-inlist
table 1 : explain SELECT c FROM sbtest1 WHERE id IN ( 5301062, 4067309, 4372709, 3121487, 175769, 5445756, 7135317, 158375, 3311303, 7714289)
	Index Scan using sbtest1_pkey on sbtest1  (cost=0.43..83.53 rows=10 width=121)
	  Index Cond: (id = ANY ('{5301062,4067309,4372709,3121487,175769,5445756,7135317,158375,3311303,7714289}'::integer[]))

table 2 : explain SELECT c FROM sbtest2 WHERE id IN ( 5301062, 4067309, 4372709, 3121487, 175769, 5445756, 7135317, 158375, 3311303, 7714289)
	Index Scan using sbtest2_pkey on sbtest2  (cost=0.43..83.51 rows=10 width=121)
	  Index Cond: (id = ANY ('{5301062,4067309,4372709,3121487,175769,5445756,7135317,158375,3311303,7714289}'::integer[]))

table 3 : explain SELECT c FROM sbtest3 WHERE id IN ( 5301062, 4067309, 4372709, 3121487, 175769, 5445756, 7135317, 158375, 3311303, 7714289)
	Index Scan using sbtest3_pkey on sbtest3  (cost=0.43..83.59 rows=10 width=121)
	  Index Cond: (id = ANY ('{5301062,4067309,4372709,3121487,175769,5445756,7135317,158375,3311303,7714289}'::integer[]))

table 4 : explain SELECT c FROM sbtest4 WHERE id IN ( 5301062, 4067309, 4372709, 3121487, 175769, 5445756, 7135317, 158375, 3311303, 7714289)
	Index Scan using sbtest4_pkey on sbtest4  (cost=0.43..83.63 rows=10 width=121)
	  Index Cond: (id = ANY ('{5301062,4067309,4372709,3121487,175769,5445756,7135317,158375,3311303,7714289}'::integer[]))

table 5 : explain SELECT c FROM sbtest5 WHERE id IN ( 5301062, 4067309, 4372709, 3121487, 175769, 5445756, 7135317, 158375, 3311303, 7714289)
	Index Scan using sbtest5_pkey on sbtest5  (cost=0.43..83.64 rows=10 width=121)
	  Index Cond: (id = ANY ('{5301062,4067309,4372709,3121487,175769,5445756,7135317,158375,3311303,7714289}'::integer[]))

table 6 : explain SELECT c FROM sbtest6 WHERE id IN ( 5301062, 4067309, 4372709, 3121487, 175769, 5445756, 7135317, 158375, 3311303, 7714289)
	Index Scan using sbtest6_pkey on sbtest6  (cost=0.43..83.61 rows=10 width=121)
	  Index Cond: (id = ANY ('{5301062,4067309,4372709,3121487,175769,5445756,7135317,158375,3311303,7714289}'::integer[]))

table 7 : explain SELECT c FROM sbtest7 WHERE id IN ( 5301062, 4067309, 4372709, 3121487, 175769, 5445756, 7135317, 158375, 3311303, 7714289)
	Index Scan using sbtest7_pkey on sbtest7  (cost=0.43..83.59 rows=10 width=121)
	  Index Cond: (id = ANY ('{5301062,4067309,4372709,3121487,175769,5445756,7135317,158375,3311303,7714289}'::integer[]))

table 8 : explain SELECT c FROM sbtest8 WHERE id IN ( 5301062, 4067309, 4372709, 3121487, 175769, 5445756, 7135317, 158375, 3311303, 7714289)
	Index Scan using sbtest8_pkey on sbtest8  (cost=0.43..83.65 rows=10 width=121)
	  Index Cond: (id = ANY ('{5301062,4067309,4372709,3121487,175769,5445756,7135317,158375,3311303,7714289}'::integer[]))

for select-inlist
table 1 : explain SELECT c FROM sbtest1 WHERE id IN ( 1861176, 6046999, 6462727, 3013683, 8925483, 5130492, 9645673, 4984297, 3026555, 2140456)
	Index Scan using sbtest1_pkey on sbtest1  (cost=0.43..83.53 rows=10 width=121)
	  Index Cond: (id = ANY ('{1861176,6046999,6462727,3013683,8925483,5130492,9645673,4984297,3026555,2140456}'::integer[]))

table 2 : explain SELECT c FROM sbtest2 WHERE id IN ( 1861176, 6046999, 6462727, 3013683, 8925483, 5130492, 9645673, 4984297, 3026555, 2140456)
	Index Scan using sbtest2_pkey on sbtest2  (cost=0.43..83.51 rows=10 width=121)
	  Index Cond: (id = ANY ('{1861176,6046999,6462727,3013683,8925483,5130492,9645673,4984297,3026555,2140456}'::integer[]))

table 3 : explain SELECT c FROM sbtest3 WHERE id IN ( 1861176, 6046999, 6462727, 3013683, 8925483, 5130492, 9645673, 4984297, 3026555, 2140456)
	Index Scan using sbtest3_pkey on sbtest3  (cost=0.43..83.59 rows=10 width=121)
	  Index Cond: (id = ANY ('{1861176,6046999,6462727,3013683,8925483,5130492,9645673,4984297,3026555,2140456}'::integer[]))

table 4 : explain SELECT c FROM sbtest4 WHERE id IN ( 1861176, 6046999, 6462727, 3013683, 8925483, 5130492, 9645673, 4984297, 3026555, 2140456)
	Index Scan using sbtest4_pkey on sbtest4  (cost=0.43..83.63 rows=10 width=121)
	  Index Cond: (id = ANY ('{1861176,6046999,6462727,3013683,8925483,5130492,9645673,4984297,3026555,2140456}'::integer[]))

table 5 : explain SELECT c FROM sbtest5 WHERE id IN ( 1861176, 6046999, 6462727, 3013683, 8925483, 5130492, 9645673, 4984297, 3026555, 2140456)
	Index Scan using sbtest5_pkey on sbtest5  (cost=0.43..83.64 rows=10 width=121)
	  Index Cond: (id = ANY ('{1861176,6046999,6462727,3013683,8925483,5130492,9645673,4984297,3026555,2140456}'::integer[]))

table 6 : explain SELECT c FROM sbtest6 WHERE id IN ( 1861176, 6046999, 6462727, 3013683, 8925483, 5130492, 9645673, 4984297, 3026555, 2140456)
	Index Scan using sbtest6_pkey on sbtest6  (cost=0.43..83.61 rows=10 width=121)
	  Index Cond: (id = ANY ('{1861176,6046999,6462727,3013683,8925483,5130492,9645673,4984297,3026555,2140456}'::integer[]))

table 7 : explain SELECT c FROM sbtest7 WHERE id IN ( 1861176, 6046999, 6462727, 3013683, 8925483, 5130492, 9645673, 4984297, 3026555, 2140456)
	Index Scan using sbtest7_pkey on sbtest7  (cost=0.43..83.59 rows=10 width=121)
	  Index Cond: (id = ANY ('{1861176,6046999,6462727,3013683,8925483,5130492,9645673,4984297,3026555,2140456}'::integer[]))

table 8 : explain SELECT c FROM sbtest8 WHERE id IN ( 1861176, 6046999, 6462727, 3013683, 8925483, 5130492, 9645673, 4984297, 3026555, 2140456)
	Index Scan using sbtest8_pkey on sbtest8  (cost=0.43..83.65 rows=10 width=121)
	  Index Cond: (id = ANY ('{1861176,6046999,6462727,3013683,8925483,5130492,9645673,4984297,3026555,2140456}'::integer[]))

explain: for select-inlist :: explain SELECT c FROM sbtest%d WHERE id IN ( 7557143, 7711492, 9457559, 8640239, 506636, 1592012, 2819633, 9048937, 6853262, 8603181)
explain: for select-inlist :: explain SELECT c FROM sbtest%d WHERE id IN ( 6364268, 784371, 9758901, 6065400, 2604966, 7214992, 5621767, 3494862, 1645847, 7450635)
for select-inlist
table 1 : explain SELECT c FROM sbtest1 WHERE id IN ( 7557143, 7711492, 9457559, 8640239, 506636, 1592012, 2819633, 9048937, 6853262, 8603181)
	Index Scan using sbtest1_pkey on sbtest1  (cost=0.43..83.53 rows=10 width=121)
	  Index Cond: (id = ANY ('{7557143,7711492,9457559,8640239,506636,1592012,2819633,9048937,6853262,8603181}'::integer[]))

table 2 : explain SELECT c FROM sbtest2 WHERE id IN ( 7557143, 7711492, 9457559, 8640239, 506636, 1592012, 2819633, 9048937, 6853262, 8603181)
	Index Scan using sbtest2_pkey on sbtest2  (cost=0.43..83.51 rows=10 width=121)
	  Index Cond: (id = ANY ('{7557143,7711492,9457559,8640239,506636,1592012,2819633,9048937,6853262,8603181}'::integer[]))

table 3 : explain SELECT c FROM sbtest3 WHERE id IN ( 7557143, 7711492, 9457559, 8640239, 506636, 1592012, 2819633, 9048937, 6853262, 8603181)
	Index Scan using sbtest3_pkey on sbtest3  (cost=0.43..83.59 rows=10 width=121)
	  Index Cond: (id = ANY ('{7557143,7711492,9457559,8640239,506636,1592012,2819633,9048937,6853262,8603181}'::integer[]))

table 4 : explain SELECT c FROM sbtest4 WHERE id IN ( 7557143, 7711492, 9457559, 8640239, 506636, 1592012, 2819633, 9048937, 6853262, 8603181)
	Index Scan using sbtest4_pkey on sbtest4  (cost=0.43..83.63 rows=10 width=121)
	  Index Cond: (id = ANY ('{7557143,7711492,9457559,8640239,506636,1592012,2819633,9048937,6853262,8603181}'::integer[]))

table 5 : explain SELECT c FROM sbtest5 WHERE id IN ( 7557143, 7711492, 9457559, 8640239, 506636, 1592012, 2819633, 9048937, 6853262, 8603181)
	Index Scan using sbtest5_pkey on sbtest5  (cost=0.43..83.64 rows=10 width=121)
	  Index Cond: (id = ANY ('{7557143,7711492,9457559,8640239,506636,1592012,2819633,9048937,6853262,8603181}'::integer[]))

table 6 : explain SELECT c FROM sbtest6 WHERE id IN ( 7557143, 7711492, 9457559, 8640239, 506636, 1592012, 2819633, 9048937, 6853262, 8603181)
	Index Scan using sbtest6_pkey on sbtest6  (cost=0.43..83.61 rows=10 width=121)
	  Index Cond: (id = ANY ('{7557143,7711492,9457559,8640239,506636,1592012,2819633,9048937,6853262,8603181}'::integer[]))

table 7 : explain SELECT c FROM sbtest7 WHERE id IN ( 7557143, 7711492, 9457559, 8640239, 506636, 1592012, 2819633, 9048937, 6853262, 8603181)
	Index Scan using sbtest7_pkey on sbtest7  (cost=0.43..83.59 rows=10 width=121)
	  Index Cond: (id = ANY ('{7557143,7711492,9457559,8640239,506636,1592012,2819633,9048937,6853262,8603181}'::integer[]))

table 8 : explain SELECT c FROM sbtest8 WHERE id IN ( 7557143, 7711492, 9457559, 8640239, 506636, 1592012, 2819633, 9048937, 6853262, 8603181)
	Index Scan using sbtest8_pkey on sbtest8  (cost=0.43..83.65 rows=10 width=121)
	  Index Cond: (id = ANY ('{7557143,7711492,9457559,8640239,506636,1592012,2819633,9048937,6853262,8603181}'::integer[]))

for select-inlist
table 1 : explain SELECT c FROM sbtest1 WHERE id IN ( 4665047, 690429, 811357, 8459219, 5782229, 8708956, 4760305, 6163149, 4986884, 907636)
	Index Scan using sbtest1_pkey on sbtest1  (cost=0.43..83.53 rows=10 width=121)
	  Index Cond: (id = ANY ('{4665047,690429,811357,8459219,5782229,8708956,4760305,6163149,4986884,907636}'::integer[]))

table 2 : explain SELECT c FROM sbtest2 WHERE id IN ( 4665047, 690429, 811357, 8459219, 5782229, 8708956, 4760305, 6163149, 4986884, 907636)
	Index Scan using sbtest2_pkey on sbtest2  (cost=0.43..83.51 rows=10 width=121)
	  Index Cond: (id = ANY ('{4665047,690429,811357,8459219,5782229,8708956,4760305,6163149,4986884,907636}'::integer[]))

table 3 : explain SELECT c FROM sbtest3 WHERE id IN ( 4665047, 690429, 811357, 8459219, 5782229, 8708956, 4760305, 6163149, 4986884, 907636)
	Index Scan using sbtest3_pkey on sbtest3  (cost=0.43..83.59 rows=10 width=121)
	  Index Cond: (id = ANY ('{4665047,690429,811357,8459219,5782229,8708956,4760305,6163149,4986884,907636}'::integer[]))

table 4 : explain SELECT c FROM sbtest4 WHERE id IN ( 4665047, 690429, 811357, 8459219, 5782229, 8708956, 4760305, 6163149, 4986884, 907636)
	Index Scan using sbtest4_pkey on sbtest4  (cost=0.43..83.63 rows=10 width=121)
	  Index Cond: (id = ANY ('{4665047,690429,811357,8459219,5782229,8708956,4760305,6163149,4986884,907636}'::integer[]))

table 5 : explain SELECT c FROM sbtest5 WHERE id IN ( 4665047, 690429, 811357, 8459219, 5782229, 8708956, 4760305, 6163149, 4986884, 907636)
	Index Scan using sbtest5_pkey on sbtest5  (cost=0.43..83.64 rows=10 width=121)
	  Index Cond: (id = ANY ('{4665047,690429,811357,8459219,5782229,8708956,4760305,6163149,4986884,907636}'::integer[]))

table 6 : explain SELECT c FROM sbtest6 WHERE id IN ( 4665047, 690429, 811357, 8459219, 5782229, 8708956, 4760305, 6163149, 4986884, 907636)
	Index Scan using sbtest6_pkey on sbtest6  (cost=0.43..83.61 rows=10 width=121)
	  Index Cond: (id = ANY ('{4665047,690429,811357,8459219,5782229,8708956,4760305,6163149,4986884,907636}'::integer[]))

table 7 : explain SELECT c FROM sbtest7 WHERE id IN ( 4665047, 690429, 811357, 8459219, 5782229, 8708956, 4760305, 6163149, 4986884, 907636)
	Index Scan using sbtest7_pkey on sbtest7  (cost=0.43..83.59 rows=10 width=121)
	  Index Cond: (id = ANY ('{4665047,690429,811357,8459219,5782229,8708956,4760305,6163149,4986884,907636}'::integer[]))

table 8 : explain SELECT c FROM sbtest8 WHERE id IN ( 4665047, 690429, 811357, 8459219, 5782229, 8708956, 4760305, 6163149, 4986884, 907636)
	Index Scan using sbtest8_pkey on sbtest8  (cost=0.43..83.65 rows=10 width=121)
	  Index Cond: (id = ANY ('{4665047,690429,811357,8459219,5782229,8708956,4760305,6163149,4986884,907636}'::integer[]))

explain: for select-inlist :: explain SELECT c FROM sbtest%d WHERE id IN ( 8443878, 9298430, 6225591, 5465491, 6058501, 6334216, 9652108, 2129623, 4423595, 4312534)
for select-inlist
table 1 : explain SELECT c FROM sbtest1 WHERE id IN ( 6364268, 784371, 9758901, 6065400, 2604966, 7214992, 5621767, 3494862, 1645847, 7450635)
	Index Scan using sbtest1_pkey on sbtest1  (cost=0.43..83.53 rows=10 width=121)
	  Index Cond: (id = ANY ('{6364268,784371,9758901,6065400,2604966,7214992,5621767,3494862,1645847,7450635}'::integer[]))

table 2 : explain SELECT c FROM sbtest2 WHERE id IN ( 6364268, 784371, 9758901, 6065400, 2604966, 7214992, 5621767, 3494862, 1645847, 7450635)
	Index Scan using sbtest2_pkey on sbtest2  (cost=0.43..83.51 rows=10 width=121)
	  Index Cond: (id = ANY ('{6364268,784371,9758901,6065400,2604966,7214992,5621767,3494862,1645847,7450635}'::integer[]))

table 3 : explain SELECT c FROM sbtest3 WHERE id IN ( 6364268, 784371, 9758901, 6065400, 2604966, 7214992, 5621767, 3494862, 1645847, 7450635)
	Index Scan using sbtest3_pkey on sbtest3  (cost=0.43..83.59 rows=10 width=121)
	  Index Cond: (id = ANY ('{6364268,784371,9758901,6065400,2604966,7214992,5621767,3494862,1645847,7450635}'::integer[]))

table 4 : explain SELECT c FROM sbtest4 WHERE id IN ( 6364268, 784371, 9758901, 6065400, 2604966, 7214992, 5621767, 3494862, 1645847, 7450635)
	Index Scan using sbtest4_pkey on sbtest4  (cost=0.43..83.63 rows=10 width=121)
	  Index Cond: (id = ANY ('{6364268,784371,9758901,6065400,2604966,7214992,5621767,3494862,1645847,7450635}'::integer[]))

table 5 : explain SELECT c FROM sbtest5 WHERE id IN ( 6364268, 784371, 9758901, 6065400, 2604966, 7214992, 5621767, 3494862, 1645847, 7450635)
	Index Scan using sbtest5_pkey on sbtest5  (cost=0.43..83.64 rows=10 width=121)
	  Index Cond: (id = ANY ('{6364268,784371,9758901,6065400,2604966,7214992,5621767,3494862,1645847,7450635}'::integer[]))

table 6 : explain SELECT c FROM sbtest6 WHERE id IN ( 6364268, 784371, 9758901, 6065400, 2604966, 7214992, 5621767, 3494862, 1645847, 7450635)
	Index Scan using sbtest6_pkey on sbtest6  (cost=0.43..83.61 rows=10 width=121)
	  Index Cond: (id = ANY ('{6364268,784371,9758901,6065400,2604966,7214992,5621767,3494862,1645847,7450635}'::integer[]))

table 7 : explain SELECT c FROM sbtest7 WHERE id IN ( 6364268, 784371, 9758901, 6065400, 2604966, 7214992, 5621767, 3494862, 1645847, 7450635)
	Index Scan using sbtest7_pkey on sbtest7  (cost=0.43..83.59 rows=10 width=121)
	  Index Cond: (id = ANY ('{6364268,784371,9758901,6065400,2604966,7214992,5621767,3494862,1645847,7450635}'::integer[]))

table 8 : explain SELECT c FROM sbtest8 WHERE id IN ( 6364268, 784371, 9758901, 6065400, 2604966, 7214992, 5621767, 3494862, 1645847, 7450635)
	Index Scan using sbtest8_pkey on sbtest8  (cost=0.43..83.65 rows=10 width=121)
	  Index Cond: (id = ANY ('{6364268,784371,9758901,6065400,2604966,7214992,5621767,3494862,1645847,7450635}'::integer[]))

for select-inlist
table 1 : explain SELECT c FROM sbtest1 WHERE id IN ( 8443878, 9298430, 6225591, 5465491, 6058501, 6334216, 9652108, 2129623, 4423595, 4312534)
	Index Scan using sbtest1_pkey on sbtest1  (cost=0.43..83.53 rows=10 width=121)
	  Index Cond: (id = ANY ('{8443878,9298430,6225591,5465491,6058501,6334216,9652108,2129623,4423595,4312534}'::integer[]))

table 2 : explain SELECT c FROM sbtest2 WHERE id IN ( 8443878, 9298430, 6225591, 5465491, 6058501, 6334216, 9652108, 2129623, 4423595, 4312534)
	Index Scan using sbtest2_pkey on sbtest2  (cost=0.43..83.51 rows=10 width=121)
	  Index Cond: (id = ANY ('{8443878,9298430,6225591,5465491,6058501,6334216,9652108,2129623,4423595,4312534}'::integer[]))

table 3 : explain SELECT c FROM sbtest3 WHERE id IN ( 8443878, 9298430, 6225591, 5465491, 6058501, 6334216, 9652108, 2129623, 4423595, 4312534)
	Index Scan using sbtest3_pkey on sbtest3  (cost=0.43..83.59 rows=10 width=121)
	  Index Cond: (id = ANY ('{8443878,9298430,6225591,5465491,6058501,6334216,9652108,2129623,4423595,4312534}'::integer[]))

table 4 : explain SELECT c FROM sbtest4 WHERE id IN ( 8443878, 9298430, 6225591, 5465491, 6058501, 6334216, 9652108, 2129623, 4423595, 4312534)
	Index Scan using sbtest4_pkey on sbtest4  (cost=0.43..83.63 rows=10 width=121)
	  Index Cond: (id = ANY ('{8443878,9298430,6225591,5465491,6058501,6334216,9652108,2129623,4423595,4312534}'::integer[]))

table 5 : explain SELECT c FROM sbtest5 WHERE id IN ( 8443878, 9298430, 6225591, 5465491, 6058501, 6334216, 9652108, 2129623, 4423595, 4312534)
	Index Scan using sbtest5_pkey on sbtest5  (cost=0.43..83.64 rows=10 width=121)
	  Index Cond: (id = ANY ('{8443878,9298430,6225591,5465491,6058501,6334216,9652108,2129623,4423595,4312534}'::integer[]))

table 6 : explain SELECT c FROM sbtest6 WHERE id IN ( 8443878, 9298430, 6225591, 5465491, 6058501, 6334216, 9652108, 2129623, 4423595, 4312534)
	Index Scan using sbtest6_pkey on sbtest6  (cost=0.43..83.61 rows=10 width=121)
	  Index Cond: (id = ANY ('{8443878,9298430,6225591,5465491,6058501,6334216,9652108,2129623,4423595,4312534}'::integer[]))

table 7 : explain SELECT c FROM sbtest7 WHERE id IN ( 8443878, 9298430, 6225591, 5465491, 6058501, 6334216, 9652108, 2129623, 4423595, 4312534)
	Index Scan using sbtest7_pkey on sbtest7  (cost=0.43..83.59 rows=10 width=121)
	  Index Cond: (id = ANY ('{8443878,9298430,6225591,5465491,6058501,6334216,9652108,2129623,4423595,4312534}'::integer[]))

table 8 : explain SELECT c FROM sbtest8 WHERE id IN ( 8443878, 9298430, 6225591, 5465491, 6058501, 6334216, 9652108, 2129623, 4423595, 4312534)
	Index Scan using sbtest8_pkey on sbtest8  (cost=0.43..83.65 rows=10 width=121)
	  Index Cond: (id = ANY ('{8443878,9298430,6225591,5465491,6058501,6334216,9652108,2129623,4423595,4312534}'::integer[]))

explain: for select-inlist :: explain SELECT c FROM sbtest%d WHERE id IN ( 3527530, 756621, 7729756, 3165452, 4140593, 9115972, 9359460, 9693716, 4642720, 9282178)
explain: for select-inlist :: explain SELECT c FROM sbtest%d WHERE id IN ( 8513124, 8443101, 7418144, 5630390, 1713170, 4322087, 9793339, 232480, 4828613, 4510883)
for select-inlist
table 1 : explain SELECT c FROM sbtest1 WHERE id IN ( 3527530, 756621, 7729756, 3165452, 4140593, 9115972, 9359460, 9693716, 4642720, 9282178)
	Index Scan using sbtest1_pkey on sbtest1  (cost=0.43..83.53 rows=10 width=121)
	  Index Cond: (id = ANY ('{3527530,756621,7729756,3165452,4140593,9115972,9359460,9693716,4642720,9282178}'::integer[]))

table 2 : explain SELECT c FROM sbtest2 WHERE id IN ( 3527530, 756621, 7729756, 3165452, 4140593, 9115972, 9359460, 9693716, 4642720, 9282178)
	Index Scan using sbtest2_pkey on sbtest2  (cost=0.43..83.51 rows=10 width=121)
	  Index Cond: (id = ANY ('{3527530,756621,7729756,3165452,4140593,9115972,9359460,9693716,4642720,9282178}'::integer[]))

table 3 : explain SELECT c FROM sbtest3 WHERE id IN ( 3527530, 756621, 7729756, 3165452, 4140593, 9115972, 9359460, 9693716, 4642720, 9282178)
	Index Scan using sbtest3_pkey on sbtest3  (cost=0.43..83.59 rows=10 width=121)
	  Index Cond: (id = ANY ('{3527530,756621,7729756,3165452,4140593,9115972,9359460,9693716,4642720,9282178}'::integer[]))

table 4 : explain SELECT c FROM sbtest4 WHERE id IN ( 3527530, 756621, 7729756, 3165452, 4140593, 9115972, 9359460, 9693716, 4642720, 9282178)
	Index Scan using sbtest4_pkey on sbtest4  (cost=0.43..83.63 rows=10 width=121)
	  Index Cond: (id = ANY ('{3527530,756621,7729756,3165452,4140593,9115972,9359460,9693716,4642720,9282178}'::integer[]))

table 5 : explain SELECT c FROM sbtest5 WHERE id IN ( 3527530, 756621, 7729756, 3165452, 4140593, 9115972, 9359460, 9693716, 4642720, 9282178)
	Index Scan using sbtest5_pkey on sbtest5  (cost=0.43..83.64 rows=10 width=121)
	  Index Cond: (id = ANY ('{3527530,756621,7729756,3165452,4140593,9115972,9359460,9693716,4642720,9282178}'::integer[]))

table 6 : explain SELECT c FROM sbtest6 WHERE id IN ( 3527530, 756621, 7729756, 3165452, 4140593, 9115972, 9359460, 9693716, 4642720, 9282178)
	Index Scan using sbtest6_pkey on sbtest6  (cost=0.43..83.61 rows=10 width=121)
	  Index Cond: (id = ANY ('{3527530,756621,7729756,3165452,4140593,9115972,9359460,9693716,4642720,9282178}'::integer[]))

table 7 : explain SELECT c FROM sbtest7 WHERE id IN ( 3527530, 756621, 7729756, 3165452, 4140593, 9115972, 9359460, 9693716, 4642720, 9282178)
	Index Scan using sbtest7_pkey on sbtest7  (cost=0.43..83.59 rows=10 width=121)
	  Index Cond: (id = ANY ('{3527530,756621,7729756,3165452,4140593,9115972,9359460,9693716,4642720,9282178}'::integer[]))

table 8 : explain SELECT c FROM sbtest8 WHERE id IN ( 3527530, 756621, 7729756, 3165452, 4140593, 9115972, 9359460, 9693716, 4642720, 9282178)
	Index Scan using sbtest8_pkey on sbtest8  (cost=0.43..83.65 rows=10 width=121)
	  Index Cond: (id = ANY ('{3527530,756621,7729756,3165452,4140593,9115972,9359460,9693716,4642720,9282178}'::integer[]))

for select-inlist
table 1 : explain SELECT c FROM sbtest1 WHERE id IN ( 8513124, 8443101, 7418144, 5630390, 1713170, 4322087, 9793339, 232480, 4828613, 4510883)
	Index Scan using sbtest1_pkey on sbtest1  (cost=0.43..83.53 rows=10 width=121)
	  Index Cond: (id = ANY ('{8513124,8443101,7418144,5630390,1713170,4322087,9793339,232480,4828613,4510883}'::integer[]))

table 2 : explain SELECT c FROM sbtest2 WHERE id IN ( 8513124, 8443101, 7418144, 5630390, 1713170, 4322087, 9793339, 232480, 4828613, 4510883)
	Index Scan using sbtest2_pkey on sbtest2  (cost=0.43..83.51 rows=10 width=121)
	  Index Cond: (id = ANY ('{8513124,8443101,7418144,5630390,1713170,4322087,9793339,232480,4828613,4510883}'::integer[]))

table 3 : explain SELECT c FROM sbtest3 WHERE id IN ( 8513124, 8443101, 7418144, 5630390, 1713170, 4322087, 9793339, 232480, 4828613, 4510883)
	Index Scan using sbtest3_pkey on sbtest3  (cost=0.43..83.59 rows=10 width=121)
	  Index Cond: (id = ANY ('{8513124,8443101,7418144,5630390,1713170,4322087,9793339,232480,4828613,4510883}'::integer[]))

table 4 : explain SELECT c FROM sbtest4 WHERE id IN ( 8513124, 8443101, 7418144, 5630390, 1713170, 4322087, 9793339, 232480, 4828613, 4510883)
	Index Scan using sbtest4_pkey on sbtest4  (cost=0.43..83.63 rows=10 width=121)
	  Index Cond: (id = ANY ('{8513124,8443101,7418144,5630390,1713170,4322087,9793339,232480,4828613,4510883}'::integer[]))

table 5 : explain SELECT c FROM sbtest5 WHERE id IN ( 8513124, 8443101, 7418144, 5630390, 1713170, 4322087, 9793339, 232480, 4828613, 4510883)
	Index Scan using sbtest5_pkey on sbtest5  (cost=0.43..83.64 rows=10 width=121)
	  Index Cond: (id = ANY ('{8513124,8443101,7418144,5630390,1713170,4322087,9793339,232480,4828613,4510883}'::integer[]))

table 6 : explain SELECT c FROM sbtest6 WHERE id IN ( 8513124, 8443101, 7418144, 5630390, 1713170, 4322087, 9793339, 232480, 4828613, 4510883)
	Index Scan using sbtest6_pkey on sbtest6  (cost=0.43..83.61 rows=10 width=121)
	  Index Cond: (id = ANY ('{8513124,8443101,7418144,5630390,1713170,4322087,9793339,232480,4828613,4510883}'::integer[]))

table 7 : explain SELECT c FROM sbtest7 WHERE id IN ( 8513124, 8443101, 7418144, 5630390, 1713170, 4322087, 9793339, 232480, 4828613, 4510883)
	Index Scan using sbtest7_pkey on sbtest7  (cost=0.43..83.59 rows=10 width=121)
	  Index Cond: (id = ANY ('{8513124,8443101,7418144,5630390,1713170,4322087,9793339,232480,4828613,4510883}'::integer[]))

table 8 : explain SELECT c FROM sbtest8 WHERE id IN ( 8513124, 8443101, 7418144, 5630390, 1713170, 4322087, 9793339, 232480, 4828613, 4510883)
	Index Scan using sbtest8_pkey on sbtest8  (cost=0.43..83.65 rows=10 width=121)
	  Index Cond: (id = ANY ('{8513124,8443101,7418144,5630390,1713170,4322087,9793339,232480,4828613,4510883}'::integer[]))

explain: for select-inlist :: explain SELECT c FROM sbtest%d WHERE id IN ( 1229921, 2278963, 7641114, 8338077, 9844106, 3350491, 3503991, 7333441, 2009349, 4111361)
for select-inlist
table 1 : explain SELECT c FROM sbtest1 WHERE id IN ( 1229921, 2278963, 7641114, 8338077, 9844106, 3350491, 3503991, 7333441, 2009349, 4111361)
	Index Scan using sbtest1_pkey on sbtest1  (cost=0.43..83.53 rows=10 width=121)
	  Index Cond: (id = ANY ('{1229921,2278963,7641114,8338077,9844106,3350491,3503991,7333441,2009349,4111361}'::integer[]))

table 2 : explain SELECT c FROM sbtest2 WHERE id IN ( 1229921, 2278963, 7641114, 8338077, 9844106, 3350491, 3503991, 7333441, 2009349, 4111361)
	Index Scan using sbtest2_pkey on sbtest2  (cost=0.43..83.51 rows=10 width=121)
	  Index Cond: (id = ANY ('{1229921,2278963,7641114,8338077,9844106,3350491,3503991,7333441,2009349,4111361}'::integer[]))

table 3 : explain SELECT c FROM sbtest3 WHERE id IN ( 1229921, 2278963, 7641114, 8338077, 9844106, 3350491, 3503991, 7333441, 2009349, 4111361)
	Index Scan using sbtest3_pkey on sbtest3  (cost=0.43..83.59 rows=10 width=121)
	  Index Cond: (id = ANY ('{1229921,2278963,7641114,8338077,9844106,3350491,3503991,7333441,2009349,4111361}'::integer[]))

table 4 : explain SELECT c FROM sbtest4 WHERE id IN ( 1229921, 2278963, 7641114, 8338077, 9844106, 3350491, 3503991, 7333441, 2009349, 4111361)
	Index Scan using sbtest4_pkey on sbtest4  (cost=0.43..83.63 rows=10 width=121)
	  Index Cond: (id = ANY ('{1229921,2278963,7641114,8338077,9844106,3350491,3503991,7333441,2009349,4111361}'::integer[]))

table 5 : explain SELECT c FROM sbtest5 WHERE id IN ( 1229921, 2278963, 7641114, 8338077, 9844106, 3350491, 3503991, 7333441, 2009349, 4111361)
	Index Scan using sbtest5_pkey on sbtest5  (cost=0.43..83.64 rows=10 width=121)
	  Index Cond: (id = ANY ('{1229921,2278963,7641114,8338077,9844106,3350491,3503991,7333441,2009349,4111361}'::integer[]))

table 6 : explain SELECT c FROM sbtest6 WHERE id IN ( 1229921, 2278963, 7641114, 8338077, 9844106, 3350491, 3503991, 7333441, 2009349, 4111361)
	Index Scan using sbtest6_pkey on sbtest6  (cost=0.43..83.61 rows=10 width=121)
	  Index Cond: (id = ANY ('{1229921,2278963,7641114,8338077,9844106,3350491,3503991,7333441,2009349,4111361}'::integer[]))

table 7 : explain SELECT c FROM sbtest7 WHERE id IN ( 1229921, 2278963, 7641114, 8338077, 9844106, 3350491, 3503991, 7333441, 2009349, 4111361)
	Index Scan using sbtest7_pkey on sbtest7  (cost=0.43..83.59 rows=10 width=121)
	  Index Cond: (id = ANY ('{1229921,2278963,7641114,8338077,9844106,3350491,3503991,7333441,2009349,4111361}'::integer[]))

table 8 : explain SELECT c FROM sbtest8 WHERE id IN ( 1229921, 2278963, 7641114, 8338077, 9844106, 3350491, 3503991, 7333441, 2009349, 4111361)
	Index Scan using sbtest8_pkey on sbtest8  (cost=0.43..83.65 rows=10 width=121)
	  Index Cond: (id = ANY ('{1229921,2278963,7641114,8338077,9844106,3350491,3503991,7333441,2009349,4111361}'::integer[]))

Threads started!

Warming up for 5 seconds...

SQL statistics:
    queries performed:
        read:                            291953100
        write:                           0
        other:                           0
        total:                           291953100
    transactions:                        291953100 (463410.86 per sec.)
    queries:                             291953100 (463410.86 per sec.)
    ignored errors:                      0      (0.00 per sec.)
    reconnects:                          0      (0.00 per sec.)

Throughput:
    events/s (eps):                      463410.8552
    time elapsed:                        630.0093s
    total number of events:              291953100

Latency (ms):
         min:                                    0.07
         avg:                                    0.09
         max:                                   24.15
         95th percentile:                        0.09
         sum:                             25056547.67

Threads fairness:
    events (avg/stddev):           7298821.3000/40855.85
    execution time (avg/stddev):   626.4137/0.07

