LUA_PATH=/home/mdcallag/git/mytools/bench/sysbench.lua/lua/?.lua /home/mdcallag/git/mytools/bench/sysbench.lua/lua/sysbench --db-driver=pgsql --range-size=100 --table-size=10000000 --tables=8 --threads=40 --events=0 --warmup-time=5 --time=930 --pgsql_conn_id=true /home/mdcallag/git/mytools/bench/sysbench.lua/lua/oltp_inlist_update.lua run --pgsql-user=root --pgsql-password=pw --pgsql-host=127.0.0.1 --pgsql-db=ib --rand-type=uniform
48 CPUs
sysbench 1.1.0-9072687 (using bundled LuaJIT 2.1.0-beta3)

Running the test with following options:
Number of threads: 40
Warmup time: 5s
Initializing random number generator from current time


Initializing worker threads...

explain: for update-inlist :: explain UPDATE sbtest%d set c=7 WHERE id IN ( 2619624, 9636316, 7032194, 1573481, 8205238, 4859462, 8193898, 4010632, 2917274, 1699538)
explain: for update-inlist :: explain UPDATE sbtest%d set c=7 WHERE id IN ( 2773497, 8534377, 8832643, 2419125, 6443473, 3877675, 1278579, 2304374, 3534492, 5338958)
explain: for update-inlist :: explain UPDATE sbtest%d set c=7 WHERE id IN ( 8178345, 7717686, 8625479, 4201125, 400388, 8919330, 9793856, 71710, 561068, 7195089)
for update-inlist
table 1 : explain UPDATE sbtest1 set c=7 WHERE id IN ( 2619624, 9636316, 7032194, 1573481, 8205238, 4859462, 8193898, 4010632, 2917274, 1699538)
	Update on sbtest1  (cost=0.43..48.53 rows=10 width=559)
	  ->  Index Scan using sbtest1_pkey on sbtest1  (cost=0.43..48.53 rows=10 width=559)
	        Index Cond: (id = ANY ('{2619624,9636316,7032194,1573481,8205238,4859462,8193898,4010632,2917274,1699538}'::integer[]))

table 2 : explain UPDATE sbtest2 set c=7 WHERE id IN ( 2619624, 9636316, 7032194, 1573481, 8205238, 4859462, 8193898, 4010632, 2917274, 1699538)
	Update on sbtest2  (cost=0.43..48.53 rows=10 width=559)
	  ->  Index Scan using sbtest2_pkey on sbtest2  (cost=0.43..48.53 rows=10 width=559)
	        Index Cond: (id = ANY ('{2619624,9636316,7032194,1573481,8205238,4859462,8193898,4010632,2917274,1699538}'::integer[]))

table 3 : explain UPDATE sbtest3 set c=7 WHERE id IN ( 2619624, 9636316, 7032194, 1573481, 8205238, 4859462, 8193898, 4010632, 2917274, 1699538)
	Update on sbtest3  (cost=0.43..48.53 rows=10 width=559)
	  ->  Index Scan using sbtest3_pkey on sbtest3  (cost=0.43..48.53 rows=10 width=559)
	        Index Cond: (id = ANY ('{2619624,9636316,7032194,1573481,8205238,4859462,8193898,4010632,2917274,1699538}'::integer[]))

table 4 : explain UPDATE sbtest4 set c=7 WHERE id IN ( 2619624, 9636316, 7032194, 1573481, 8205238, 4859462, 8193898, 4010632, 2917274, 1699538)
	Update on sbtest4  (cost=0.43..48.53 rows=10 width=559)
	  ->  Index Scan using sbtest4_pkey on sbtest4  (cost=0.43..48.53 rows=10 width=559)
	        Index Cond: (id = ANY ('{2619624,9636316,7032194,1573481,8205238,4859462,8193898,4010632,2917274,1699538}'::integer[]))

table 5 : explain UPDATE sbtest5 set c=7 WHERE id IN ( 2619624, 9636316, 7032194, 1573481, 8205238, 4859462, 8193898, 4010632, 2917274, 1699538)
	Update on sbtest5  (cost=0.43..48.53 rows=10 width=559)
	  ->  Index Scan using sbtest5_pkey on sbtest5  (cost=0.43..48.53 rows=10 width=559)
	        Index Cond: (id = ANY ('{2619624,9636316,7032194,1573481,8205238,4859462,8193898,4010632,2917274,1699538}'::integer[]))

table 6 : explain UPDATE sbtest6 set c=7 WHERE id IN ( 2619624, 9636316, 7032194, 1573481, 8205238, 4859462, 8193898, 4010632, 2917274, 1699538)
	Update on sbtest6  (cost=0.43..48.53 rows=10 width=559)
	  ->  Index Scan using sbtest6_pkey on sbtest6  (cost=0.43..48.53 rows=10 width=559)
	        Index Cond: (id = ANY ('{2619624,9636316,7032194,1573481,8205238,4859462,8193898,4010632,2917274,1699538}'::integer[]))

table 7 : explain UPDATE sbtest7 set c=7 WHERE id IN ( 2619624, 9636316, 7032194, 1573481, 8205238, 4859462, 8193898, 4010632, 2917274, 1699538)
	Update on sbtest7  (cost=0.43..48.53 rows=10 width=559)
	  ->  Index Scan using sbtest7_pkey on sbtest7  (cost=0.43..48.53 rows=10 width=559)
	        Index Cond: (id = ANY ('{2619624,9636316,7032194,1573481,8205238,4859462,8193898,4010632,2917274,1699538}'::integer[]))

table 8 : explain UPDATE sbtest8 set c=7 WHERE id IN ( 2619624, 9636316, 7032194, 1573481, 8205238, 4859462, 8193898, 4010632, 2917274, 1699538)
	Update on sbtest8  (cost=0.43..48.53 rows=10 width=559)
	  ->  Index Scan using sbtest8_pkey on sbtest8  (cost=0.43..48.53 rows=10 width=559)
	        Index Cond: (id = ANY ('{2619624,9636316,7032194,1573481,8205238,4859462,8193898,4010632,2917274,1699538}'::integer[]))

explain: for update-inlist :: explain UPDATE sbtest%d set c=7 WHERE id IN ( 9052487, 9344437, 484204, 2015328, 3943462, 4557537, 6311043, 5292478, 7935871, 2587169)
explain: for update-inlist :: explain UPDATE sbtest%d set c=7 WHERE id IN ( 1391255, 7990819, 8090135, 7023008, 397638, 7480479, 3322981, 5818998, 4632226, 5549301)
explain: for update-inlist :: explain UPDATE sbtest%d set c=7 WHERE id IN ( 6751936, 3269286, 6109881, 5835965, 2742121, 8532169, 8542082, 7948868, 6264090, 1351747)
for update-inlist
table 1 : explain UPDATE sbtest1 set c=7 WHERE id IN ( 8178345, 7717686, 8625479, 4201125, 400388, 8919330, 9793856, 71710, 561068, 7195089)
	Update on sbtest1  (cost=0.43..48.53 rows=10 width=559)
	  ->  Index Scan using sbtest1_pkey on sbtest1  (cost=0.43..48.53 rows=10 width=559)
	        Index Cond: (id = ANY ('{8178345,7717686,8625479,4201125,400388,8919330,9793856,71710,561068,7195089}'::integer[]))

table 2 : explain UPDATE sbtest2 set c=7 WHERE id IN ( 8178345, 7717686, 8625479, 4201125, 400388, 8919330, 9793856, 71710, 561068, 7195089)
	Update on sbtest2  (cost=0.43..48.53 rows=10 width=559)
	  ->  Index Scan using sbtest2_pkey on sbtest2  (cost=0.43..48.53 rows=10 width=559)
	        Index Cond: (id = ANY ('{8178345,7717686,8625479,4201125,400388,8919330,9793856,71710,561068,7195089}'::integer[]))

table 3 : explain UPDATE sbtest3 set c=7 WHERE id IN ( 8178345, 7717686, 8625479, 4201125, 400388, 8919330, 9793856, 71710, 561068, 7195089)
	Update on sbtest3  (cost=0.43..48.53 rows=10 width=559)
	  ->  Index Scan using sbtest3_pkey on sbtest3  (cost=0.43..48.53 rows=10 width=559)
	        Index Cond: (id = ANY ('{8178345,7717686,8625479,4201125,400388,8919330,9793856,71710,561068,7195089}'::integer[]))

table 4 : explain UPDATE sbtest4 set c=7 WHERE id IN ( 8178345, 7717686, 8625479, 4201125, 400388, 8919330, 9793856, 71710, 561068, 7195089)
	Update on sbtest4  (cost=0.43..48.53 rows=10 width=559)
	  ->  Index Scan using sbtest4_pkey on sbtest4  (cost=0.43..48.53 rows=10 width=559)
	        Index Cond: (id = ANY ('{8178345,7717686,8625479,4201125,400388,8919330,9793856,71710,561068,7195089}'::integer[]))

table 5 : explain UPDATE sbtest5 set c=7 WHERE id IN ( 8178345, 7717686, 8625479, 4201125, 400388, 8919330, 9793856, 71710, 561068, 7195089)
	Update on sbtest5  (cost=0.43..48.53 rows=10 width=559)
	  ->  Index Scan using sbtest5_pkey on sbtest5  (cost=0.43..48.53 rows=10 width=559)
	        Index Cond: (id = ANY ('{8178345,7717686,8625479,4201125,400388,8919330,9793856,71710,561068,7195089}'::integer[]))

table 6 : explain UPDATE sbtest6 set c=7 WHERE id IN ( 8178345, 7717686, 8625479, 4201125, 400388, 8919330, 9793856, 71710, 561068, 7195089)
	Update on sbtest6  (cost=0.43..48.53 rows=10 width=559)
	  ->  Index Scan using sbtest6_pkey on sbtest6  (cost=0.43..48.53 rows=10 width=559)
	        Index Cond: (id = ANY ('{8178345,7717686,8625479,4201125,400388,8919330,9793856,71710,561068,7195089}'::integer[]))

table 7 : explain UPDATE sbtest7 set c=7 WHERE id IN ( 8178345, 7717686, 8625479, 4201125, 400388, 8919330, 9793856, 71710, 561068, 7195089)
	Update on sbtest7  (cost=0.43..48.53 rows=10 width=559)
	  ->  Index Scan using sbtest7_pkey on sbtest7  (cost=0.43..48.53 rows=10 width=559)
	        Index Cond: (id = ANY ('{8178345,7717686,8625479,4201125,400388,8919330,9793856,71710,561068,7195089}'::integer[]))

table 8 : explain UPDATE sbtest8 set c=7 WHERE id IN ( 8178345, 7717686, 8625479, 4201125, 400388, 8919330, 9793856, 71710, 561068, 7195089)
	Update on sbtest8  (cost=0.43..48.53 rows=10 width=559)
	  ->  Index Scan using sbtest8_pkey on sbtest8  (cost=0.43..48.53 rows=10 width=559)
	        Index Cond: (id = ANY ('{8178345,7717686,8625479,4201125,400388,8919330,9793856,71710,561068,7195089}'::integer[]))

explain: for update-inlist :: explain UPDATE sbtest%d set c=7 WHERE id IN ( 8099318, 4363305, 4294442, 466702, 3486082, 6890616, 4453133, 7709708, 9055417, 3837505)
for update-inlist
table 1 : explain UPDATE sbtest1 set c=7 WHERE id IN ( 1391255, 7990819, 8090135, 7023008, 397638, 7480479, 3322981, 5818998, 4632226, 5549301)
	Update on sbtest1  (cost=0.43..48.53 rows=10 width=559)
	  ->  Index Scan using sbtest1_pkey on sbtest1  (cost=0.43..48.53 rows=10 width=559)
	        Index Cond: (id = ANY ('{1391255,7990819,8090135,7023008,397638,7480479,3322981,5818998,4632226,5549301}'::integer[]))

table 2 : explain UPDATE sbtest2 set c=7 WHERE id IN ( 1391255, 7990819, 8090135, 7023008, 397638, 7480479, 3322981, 5818998, 4632226, 5549301)
	Update on sbtest2  (cost=0.43..48.53 rows=10 width=559)
	  ->  Index Scan using sbtest2_pkey on sbtest2  (cost=0.43..48.53 rows=10 width=559)
	        Index Cond: (id = ANY ('{1391255,7990819,8090135,7023008,397638,7480479,3322981,5818998,4632226,5549301}'::integer[]))

table 3 : explain UPDATE sbtest3 set c=7 WHERE id IN ( 1391255, 7990819, 8090135, 7023008, 397638, 7480479, 3322981, 5818998, 4632226, 5549301)
	Update on sbtest3  (cost=0.43..48.53 rows=10 width=559)
	  ->  Index Scan using sbtest3_pkey on sbtest3  (cost=0.43..48.53 rows=10 width=559)
	        Index Cond: (id = ANY ('{1391255,7990819,8090135,7023008,397638,7480479,3322981,5818998,4632226,5549301}'::integer[]))

table 4 : explain UPDATE sbtest4 set c=7 WHERE id IN ( 1391255, 7990819, 8090135, 7023008, 397638, 7480479, 3322981, 5818998, 4632226, 5549301)
	Update on sbtest4  (cost=0.43..48.53 rows=10 width=559)
	  ->  Index Scan using sbtest4_pkey on sbtest4  (cost=0.43..48.53 rows=10 width=559)
	        Index Cond: (id = ANY ('{1391255,7990819,8090135,7023008,397638,7480479,3322981,5818998,4632226,5549301}'::integer[]))

table 5 : explain UPDATE sbtest5 set c=7 WHERE id IN ( 1391255, 7990819, 8090135, 7023008, 397638, 7480479, 3322981, 5818998, 4632226, 5549301)
	Update on sbtest5  (cost=0.43..48.53 rows=10 width=559)
	  ->  Index Scan using sbtest5_pkey on sbtest5  (cost=0.43..48.53 rows=10 width=559)
	        Index Cond: (id = ANY ('{1391255,7990819,8090135,7023008,397638,7480479,3322981,5818998,4632226,5549301}'::integer[]))

table 6 : explain UPDATE sbtest6 set c=7 WHERE id IN ( 1391255, 7990819, 8090135, 7023008, 397638, 7480479, 3322981, 5818998, 4632226, 5549301)
	Update on sbtest6  (cost=0.43..48.53 rows=10 width=559)
	  ->  Index Scan using sbtest6_pkey on sbtest6  (cost=0.43..48.53 rows=10 width=559)
	        Index Cond: (id = ANY ('{1391255,7990819,8090135,7023008,397638,7480479,3322981,5818998,4632226,5549301}'::integer[]))

table 7 : explain UPDATE sbtest7 set c=7 WHERE id IN ( 1391255, 7990819, 8090135, 7023008, 397638, 7480479, 3322981, 5818998, 4632226, 5549301)
	Update on sbtest7  (cost=0.43..48.53 rows=10 width=559)
	  ->  Index Scan using sbtest7_pkey on sbtest7  (cost=0.43..48.53 rows=10 width=559)
	        Index Cond: (id = ANY ('{1391255,7990819,8090135,7023008,397638,7480479,3322981,5818998,4632226,5549301}'::integer[]))

table 8 : explain UPDATE sbtest8 set c=7 WHERE id IN ( 1391255, 7990819, 8090135, 7023008, 397638, 7480479, 3322981, 5818998, 4632226, 5549301)
	Update on sbtest8  (cost=0.43..48.53 rows=10 width=559)
	  ->  Index Scan using sbtest8_pkey on sbtest8  (cost=0.43..48.53 rows=10 width=559)
	        Index Cond: (id = ANY ('{1391255,7990819,8090135,7023008,397638,7480479,3322981,5818998,4632226,5549301}'::integer[]))

for update-inlist
table 1 : explain UPDATE sbtest1 set c=7 WHERE id IN ( 6751936, 3269286, 6109881, 5835965, 2742121, 8532169, 8542082, 7948868, 6264090, 1351747)
	Update on sbtest1  (cost=0.43..48.53 rows=10 width=559)
	  ->  Index Scan using sbtest1_pkey on sbtest1  (cost=0.43..48.53 rows=10 width=559)
	        Index Cond: (id = ANY ('{6751936,3269286,6109881,5835965,2742121,8532169,8542082,7948868,6264090,1351747}'::integer[]))

table 2 : explain UPDATE sbtest2 set c=7 WHERE id IN ( 6751936, 3269286, 6109881, 5835965, 2742121, 8532169, 8542082, 7948868, 6264090, 1351747)
	Update on sbtest2  (cost=0.43..48.53 rows=10 width=559)
	  ->  Index Scan using sbtest2_pkey on sbtest2  (cost=0.43..48.53 rows=10 width=559)
	        Index Cond: (id = ANY ('{6751936,3269286,6109881,5835965,2742121,8532169,8542082,7948868,6264090,1351747}'::integer[]))

table 3 : explain UPDATE sbtest3 set c=7 WHERE id IN ( 6751936, 3269286, 6109881, 5835965, 2742121, 8532169, 8542082, 7948868, 6264090, 1351747)
	Update on sbtest3  (cost=0.43..48.53 rows=10 width=559)
	  ->  Index Scan using sbtest3_pkey on sbtest3  (cost=0.43..48.53 rows=10 width=559)
	        Index Cond: (id = ANY ('{6751936,3269286,6109881,5835965,2742121,8532169,8542082,7948868,6264090,1351747}'::integer[]))

table 4 : explain UPDATE sbtest4 set c=7 WHERE id IN ( 6751936, 3269286, 6109881, 5835965, 2742121, 8532169, 8542082, 7948868, 6264090, 1351747)
	Update on sbtest4  (cost=0.43..48.53 rows=10 width=559)
	  ->  Index Scan using sbtest4_pkey on sbtest4  (cost=0.43..48.53 rows=10 width=559)
	        Index Cond: (id = ANY ('{6751936,3269286,6109881,5835965,2742121,8532169,8542082,7948868,6264090,1351747}'::integer[]))

table 5 : explain UPDATE sbtest5 set c=7 WHERE id IN ( 6751936, 3269286, 6109881, 5835965, 2742121, 8532169, 8542082, 7948868, 6264090, 1351747)
	Update on sbtest5  (cost=0.43..48.53 rows=10 width=559)
	  ->  Index Scan using sbtest5_pkey on sbtest5  (cost=0.43..48.53 rows=10 width=559)
	        Index Cond: (id = ANY ('{6751936,3269286,6109881,5835965,2742121,8532169,8542082,7948868,6264090,1351747}'::integer[]))

table 6 : explain UPDATE sbtest6 set c=7 WHERE id IN ( 6751936, 3269286, 6109881, 5835965, 2742121, 8532169, 8542082, 7948868, 6264090, 1351747)
	Update on sbtest6  (cost=0.43..48.53 rows=10 width=559)
	  ->  Index Scan using sbtest6_pkey on sbtest6  (cost=0.43..48.53 rows=10 width=559)
	        Index Cond: (id = ANY ('{6751936,3269286,6109881,5835965,2742121,8532169,8542082,7948868,6264090,1351747}'::integer[]))

table 7 : explain UPDATE sbtest7 set c=7 WHERE id IN ( 6751936, 3269286, 6109881, 5835965, 2742121, 8532169, 8542082, 7948868, 6264090, 1351747)
	Update on sbtest7  (cost=0.43..48.53 rows=10 width=559)
	  ->  Index Scan using sbtest7_pkey on sbtest7  (cost=0.43..48.53 rows=10 width=559)
	        Index Cond: (id = ANY ('{6751936,3269286,6109881,5835965,2742121,8532169,8542082,7948868,6264090,1351747}'::integer[]))

table 8 : explain UPDATE sbtest8 set c=7 WHERE id IN ( 6751936, 3269286, 6109881, 5835965, 2742121, 8532169, 8542082, 7948868, 6264090, 1351747)
	Update on sbtest8  (cost=0.43..48.53 rows=10 width=559)
	  ->  Index Scan using sbtest8_pkey on sbtest8  (cost=0.43..48.53 rows=10 width=559)
	        Index Cond: (id = ANY ('{6751936,3269286,6109881,5835965,2742121,8532169,8542082,7948868,6264090,1351747}'::integer[]))

explain: for update-inlist :: explain UPDATE sbtest%d set c=7 WHERE id IN ( 2737984, 8714327, 6909801, 9764629, 6311420, 5930102, 6611550, 1049897, 4249184, 5758884)
for update-inlist
table 1 : explain UPDATE sbtest1 set c=7 WHERE id IN ( 9052487, 9344437, 484204, 2015328, 3943462, 4557537, 6311043, 5292478, 7935871, 2587169)
	Update on sbtest1  (cost=0.43..48.53 rows=10 width=559)
	  ->  Index Scan using sbtest1_pkey on sbtest1  (cost=0.43..48.53 rows=10 width=559)
	        Index Cond: (id = ANY ('{9052487,9344437,484204,2015328,3943462,4557537,6311043,5292478,7935871,2587169}'::integer[]))

table 2 : explain UPDATE sbtest2 set c=7 WHERE id IN ( 9052487, 9344437, 484204, 2015328, 3943462, 4557537, 6311043, 5292478, 7935871, 2587169)
	Update on sbtest2  (cost=0.43..48.53 rows=10 width=559)
	  ->  Index Scan using sbtest2_pkey on sbtest2  (cost=0.43..48.53 rows=10 width=559)
	        Index Cond: (id = ANY ('{9052487,9344437,484204,2015328,3943462,4557537,6311043,5292478,7935871,2587169}'::integer[]))

table 3 : explain UPDATE sbtest3 set c=7 WHERE id IN ( 9052487, 9344437, 484204, 2015328, 3943462, 4557537, 6311043, 5292478, 7935871, 2587169)
	Update on sbtest3  (cost=0.43..48.53 rows=10 width=559)
	  ->  Index Scan using sbtest3_pkey on sbtest3  (cost=0.43..48.53 rows=10 width=559)
	        Index Cond: (id = ANY ('{9052487,9344437,484204,2015328,3943462,4557537,6311043,5292478,7935871,2587169}'::integer[]))

table 4 : explain UPDATE sbtest4 set c=7 WHERE id IN ( 9052487, 9344437, 484204, 2015328, 3943462, 4557537, 6311043, 5292478, 7935871, 2587169)
	Update on sbtest4  (cost=0.43..48.53 rows=10 width=559)
	  ->  Index Scan using sbtest4_pkey on sbtest4  (cost=0.43..48.53 rows=10 width=559)
	        Index Cond: (id = ANY ('{9052487,9344437,484204,2015328,3943462,4557537,6311043,5292478,7935871,2587169}'::integer[]))

table 5 : explain UPDATE sbtest5 set c=7 WHERE id IN ( 9052487, 9344437, 484204, 2015328, 3943462, 4557537, 6311043, 5292478, 7935871, 2587169)
	Update on sbtest5  (cost=0.43..48.53 rows=10 width=559)
	  ->  Index Scan using sbtest5_pkey on sbtest5  (cost=0.43..48.53 rows=10 width=559)
	        Index Cond: (id = ANY ('{9052487,9344437,484204,2015328,3943462,4557537,6311043,5292478,7935871,2587169}'::integer[]))

table 6 : explain UPDATE sbtest6 set c=7 WHERE id IN ( 9052487, 9344437, 484204, 2015328, 3943462, 4557537, 6311043, 5292478, 7935871, 2587169)
	Update on sbtest6  (cost=0.43..48.53 rows=10 width=559)
	  ->  Index Scan using sbtest6_pkey on sbtest6  (cost=0.43..48.53 rows=10 width=559)
	        Index Cond: (id = ANY ('{9052487,9344437,484204,2015328,3943462,4557537,6311043,5292478,7935871,2587169}'::integer[]))

table 7 : explain UPDATE sbtest7 set c=7 WHERE id IN ( 9052487, 9344437, 484204, 2015328, 3943462, 4557537, 6311043, 5292478, 7935871, 2587169)
	Update on sbtest7  (cost=0.43..48.53 rows=10 width=559)
	  ->  Index Scan using sbtest7_pkey on sbtest7  (cost=0.43..48.53 rows=10 width=559)
	        Index Cond: (id = ANY ('{9052487,9344437,484204,2015328,3943462,4557537,6311043,5292478,7935871,2587169}'::integer[]))

table 8 : explain UPDATE sbtest8 set c=7 WHERE id IN ( 9052487, 9344437, 484204, 2015328, 3943462, 4557537, 6311043, 5292478, 7935871, 2587169)
	Update on sbtest8  (cost=0.43..48.53 rows=10 width=559)
	  ->  Index Scan using sbtest8_pkey on sbtest8  (cost=0.43..48.53 rows=10 width=559)
	        Index Cond: (id = ANY ('{9052487,9344437,484204,2015328,3943462,4557537,6311043,5292478,7935871,2587169}'::integer[]))

explain: for update-inlist :: explain UPDATE sbtest%d set c=7 WHERE id IN ( 5259075, 261392, 1943441, 6490510, 2520202, 5483249, 4491681, 967900, 8554063, 8461782)
for update-inlist
table 1 : explain UPDATE sbtest1 set c=7 WHERE id IN ( 2773497, 8534377, 8832643, 2419125, 6443473, 3877675, 1278579, 2304374, 3534492, 5338958)
	Update on sbtest1  (cost=0.43..48.53 rows=10 width=559)
	  ->  Index Scan using sbtest1_pkey on sbtest1  (cost=0.43..48.53 rows=10 width=559)
	        Index Cond: (id = ANY ('{2773497,8534377,8832643,2419125,6443473,3877675,1278579,2304374,3534492,5338958}'::integer[]))

table 2 : explain UPDATE sbtest2 set c=7 WHERE id IN ( 2773497, 8534377, 8832643, 2419125, 6443473, 3877675, 1278579, 2304374, 3534492, 5338958)
	Update on sbtest2  (cost=0.43..48.53 rows=10 width=559)
	  ->  Index Scan using sbtest2_pkey on sbtest2  (cost=0.43..48.53 rows=10 width=559)
	        Index Cond: (id = ANY ('{2773497,8534377,8832643,2419125,6443473,3877675,1278579,2304374,3534492,5338958}'::integer[]))

table 3 : explain UPDATE sbtest3 set c=7 WHERE id IN ( 2773497, 8534377, 8832643, 2419125, 6443473, 3877675, 1278579, 2304374, 3534492, 5338958)
	Update on sbtest3  (cost=0.43..48.53 rows=10 width=559)
	  ->  Index Scan using sbtest3_pkey on sbtest3  (cost=0.43..48.53 rows=10 width=559)
	        Index Cond: (id = ANY ('{2773497,8534377,8832643,2419125,6443473,3877675,1278579,2304374,3534492,5338958}'::integer[]))

table 4 : explain UPDATE sbtest4 set c=7 WHERE id IN ( 2773497, 8534377, 8832643, 2419125, 6443473, 3877675, 1278579, 2304374, 3534492, 5338958)
	Update on sbtest4  (cost=0.43..48.53 rows=10 width=559)
	  ->  Index Scan using sbtest4_pkey on sbtest4  (cost=0.43..48.53 rows=10 width=559)
	        Index Cond: (id = ANY ('{2773497,8534377,8832643,2419125,6443473,3877675,1278579,2304374,3534492,5338958}'::integer[]))

table 5 : explain UPDATE sbtest5 set c=7 WHERE id IN ( 2773497, 8534377, 8832643, 2419125, 6443473, 3877675, 1278579, 2304374, 3534492, 5338958)
	Update on sbtest5  (cost=0.43..48.53 rows=10 width=559)
	  ->  Index Scan using sbtest5_pkey on sbtest5  (cost=0.43..48.53 rows=10 width=559)
	        Index Cond: (id = ANY ('{2773497,8534377,8832643,2419125,6443473,3877675,1278579,2304374,3534492,5338958}'::integer[]))

table 6 : explain UPDATE sbtest6 set c=7 WHERE id IN ( 2773497, 8534377, 8832643, 2419125, 6443473, 3877675, 1278579, 2304374, 3534492, 5338958)
	Update on sbtest6  (cost=0.43..48.53 rows=10 width=559)
	  ->  Index Scan using sbtest6_pkey on sbtest6  (cost=0.43..48.53 rows=10 width=559)
	        Index Cond: (id = ANY ('{2773497,8534377,8832643,2419125,6443473,3877675,1278579,2304374,3534492,5338958}'::integer[]))

table 7 : explain UPDATE sbtest7 set c=7 WHERE id IN ( 2773497, 8534377, 8832643, 2419125, 6443473, 3877675, 1278579, 2304374, 3534492, 5338958)
	Update on sbtest7  (cost=0.43..48.53 rows=10 width=559)
	  ->  Index Scan using sbtest7_pkey on sbtest7  (cost=0.43..48.53 rows=10 width=559)
	        Index Cond: (id = ANY ('{2773497,8534377,8832643,2419125,6443473,3877675,1278579,2304374,3534492,5338958}'::integer[]))

table 8 : explain UPDATE sbtest8 set c=7 WHERE id IN ( 2773497, 8534377, 8832643, 2419125, 6443473, 3877675, 1278579, 2304374, 3534492, 5338958)
	Update on sbtest8  (cost=0.43..48.53 rows=10 width=559)
	  ->  Index Scan using sbtest8_pkey on sbtest8  (cost=0.43..48.53 rows=10 width=559)
	        Index Cond: (id = ANY ('{2773497,8534377,8832643,2419125,6443473,3877675,1278579,2304374,3534492,5338958}'::integer[]))

explain: for update-inlist :: explain UPDATE sbtest%d set c=7 WHERE id IN ( 8055163, 4613305, 4985653, 9688563, 4402403, 4561136, 6596967, 2478474, 7134704, 367464)
for update-inlist
table 1 : explain UPDATE sbtest1 set c=7 WHERE id IN ( 8099318, 4363305, 4294442, 466702, 3486082, 6890616, 4453133, 7709708, 9055417, 3837505)
	Update on sbtest1  (cost=0.43..48.53 rows=10 width=559)
	  ->  Index Scan using sbtest1_pkey on sbtest1  (cost=0.43..48.53 rows=10 width=559)
	        Index Cond: (id = ANY ('{8099318,4363305,4294442,466702,3486082,6890616,4453133,7709708,9055417,3837505}'::integer[]))

table 2 : explain UPDATE sbtest2 set c=7 WHERE id IN ( 8099318, 4363305, 4294442, 466702, 3486082, 6890616, 4453133, 7709708, 9055417, 3837505)
	Update on sbtest2  (cost=0.43..48.53 rows=10 width=559)
	  ->  Index Scan using sbtest2_pkey on sbtest2  (cost=0.43..48.53 rows=10 width=559)
	        Index Cond: (id = ANY ('{8099318,4363305,4294442,466702,3486082,6890616,4453133,7709708,9055417,3837505}'::integer[]))

table 3 : explain UPDATE sbtest3 set c=7 WHERE id IN ( 8099318, 4363305, 4294442, 466702, 3486082, 6890616, 4453133, 7709708, 9055417, 3837505)
	Update on sbtest3  (cost=0.43..48.53 rows=10 width=559)
	  ->  Index Scan using sbtest3_pkey on sbtest3  (cost=0.43..48.53 rows=10 width=559)
	        Index Cond: (id = ANY ('{8099318,4363305,4294442,466702,3486082,6890616,4453133,7709708,9055417,3837505}'::integer[]))

table 4 : explain UPDATE sbtest4 set c=7 WHERE id IN ( 8099318, 4363305, 4294442, 466702, 3486082, 6890616, 4453133, 7709708, 9055417, 3837505)
	Update on sbtest4  (cost=0.43..48.53 rows=10 width=559)
	  ->  Index Scan using sbtest4_pkey on sbtest4  (cost=0.43..48.53 rows=10 width=559)
	        Index Cond: (id = ANY ('{8099318,4363305,4294442,466702,3486082,6890616,4453133,7709708,9055417,3837505}'::integer[]))

table 5 : explain UPDATE sbtest5 set c=7 WHERE id IN ( 8099318, 4363305, 4294442, 466702, 3486082, 6890616, 4453133, 7709708, 9055417, 3837505)
	Update on sbtest5  (cost=0.43..48.53 rows=10 width=559)
	  ->  Index Scan using sbtest5_pkey on sbtest5  (cost=0.43..48.53 rows=10 width=559)
	        Index Cond: (id = ANY ('{8099318,4363305,4294442,466702,3486082,6890616,4453133,7709708,9055417,3837505}'::integer[]))

table 6 : explain UPDATE sbtest6 set c=7 WHERE id IN ( 8099318, 4363305, 4294442, 466702, 3486082, 6890616, 4453133, 7709708, 9055417, 3837505)
	Update on sbtest6  (cost=0.43..48.53 rows=10 width=559)
	  ->  Index Scan using sbtest6_pkey on sbtest6  (cost=0.43..48.53 rows=10 width=559)
	        Index Cond: (id = ANY ('{8099318,4363305,4294442,466702,3486082,6890616,4453133,7709708,9055417,3837505}'::integer[]))

table 7 : explain UPDATE sbtest7 set c=7 WHERE id IN ( 8099318, 4363305, 4294442, 466702, 3486082, 6890616, 4453133, 7709708, 9055417, 3837505)
	Update on sbtest7  (cost=0.43..48.53 rows=10 width=559)
	  ->  Index Scan using sbtest7_pkey on sbtest7  (cost=0.43..48.53 rows=10 width=559)
	        Index Cond: (id = ANY ('{8099318,4363305,4294442,466702,3486082,6890616,4453133,7709708,9055417,3837505}'::integer[]))

table 8 : explain UPDATE sbtest8 set c=7 WHERE id IN ( 8099318, 4363305, 4294442, 466702, 3486082, 6890616, 4453133, 7709708, 9055417, 3837505)
	Update on sbtest8  (cost=0.43..48.53 rows=10 width=559)
	  ->  Index Scan using sbtest8_pkey on sbtest8  (cost=0.43..48.53 rows=10 width=559)
	        Index Cond: (id = ANY ('{8099318,4363305,4294442,466702,3486082,6890616,4453133,7709708,9055417,3837505}'::integer[]))

for update-inlist
table 1 : explain UPDATE sbtest1 set c=7 WHERE id IN ( 5259075, 261392, 1943441, 6490510, 2520202, 5483249, 4491681, 967900, 8554063, 8461782)
	Update on sbtest1  (cost=0.43..48.53 rows=10 width=559)
	  ->  Index Scan using sbtest1_pkey on sbtest1  (cost=0.43..48.53 rows=10 width=559)
	        Index Cond: (id = ANY ('{5259075,261392,1943441,6490510,2520202,5483249,4491681,967900,8554063,8461782}'::integer[]))

table 2 : explain UPDATE sbtest2 set c=7 WHERE id IN ( 5259075, 261392, 1943441, 6490510, 2520202, 5483249, 4491681, 967900, 8554063, 8461782)
	Update on sbtest2  (cost=0.43..48.53 rows=10 width=559)
	  ->  Index Scan using sbtest2_pkey on sbtest2  (cost=0.43..48.53 rows=10 width=559)
	        Index Cond: (id = ANY ('{5259075,261392,1943441,6490510,2520202,5483249,4491681,967900,8554063,8461782}'::integer[]))

table 3 : explain UPDATE sbtest3 set c=7 WHERE id IN ( 5259075, 261392, 1943441, 6490510, 2520202, 5483249, 4491681, 967900, 8554063, 8461782)
	Update on sbtest3  (cost=0.43..48.53 rows=10 width=559)
	  ->  Index Scan using sbtest3_pkey on sbtest3  (cost=0.43..48.53 rows=10 width=559)
	        Index Cond: (id = ANY ('{5259075,261392,1943441,6490510,2520202,5483249,4491681,967900,8554063,8461782}'::integer[]))

table 4 : explain UPDATE sbtest4 set c=7 WHERE id IN ( 5259075, 261392, 1943441, 6490510, 2520202, 5483249, 4491681, 967900, 8554063, 8461782)
	Update on sbtest4  (cost=0.43..48.53 rows=10 width=559)
	  ->  Index Scan using sbtest4_pkey on sbtest4  (cost=0.43..48.53 rows=10 width=559)
	        Index Cond: (id = ANY ('{5259075,261392,1943441,6490510,2520202,5483249,4491681,967900,8554063,8461782}'::integer[]))

table 5 : explain UPDATE sbtest5 set c=7 WHERE id IN ( 5259075, 261392, 1943441, 6490510, 2520202, 5483249, 4491681, 967900, 8554063, 8461782)
	Update on sbtest5  (cost=0.43..48.53 rows=10 width=559)
	  ->  Index Scan using sbtest5_pkey on sbtest5  (cost=0.43..48.53 rows=10 width=559)
	        Index Cond: (id = ANY ('{5259075,261392,1943441,6490510,2520202,5483249,4491681,967900,8554063,8461782}'::integer[]))

table 6 : explain UPDATE sbtest6 set c=7 WHERE id IN ( 5259075, 261392, 1943441, 6490510, 2520202, 5483249, 4491681, 967900, 8554063, 8461782)
	Update on sbtest6  (cost=0.43..48.53 rows=10 width=559)
	  ->  Index Scan using sbtest6_pkey on sbtest6  (cost=0.43..48.53 rows=10 width=559)
	        Index Cond: (id = ANY ('{5259075,261392,1943441,6490510,2520202,5483249,4491681,967900,8554063,8461782}'::integer[]))

table 7 : explain UPDATE sbtest7 set c=7 WHERE id IN ( 5259075, 261392, 1943441, 6490510, 2520202, 5483249, 4491681, 967900, 8554063, 8461782)
	Update on sbtest7  (cost=0.43..48.53 rows=10 width=559)
	  ->  Index Scan using sbtest7_pkey on sbtest7  (cost=0.43..48.53 rows=10 width=559)
	        Index Cond: (id = ANY ('{5259075,261392,1943441,6490510,2520202,5483249,4491681,967900,8554063,8461782}'::integer[]))

table 8 : explain UPDATE sbtest8 set c=7 WHERE id IN ( 5259075, 261392, 1943441, 6490510, 2520202, 5483249, 4491681, 967900, 8554063, 8461782)
	Update on sbtest8  (cost=0.43..48.53 rows=10 width=559)
	  ->  Index Scan using sbtest8_pkey on sbtest8  (cost=0.43..48.53 rows=10 width=559)
	        Index Cond: (id = ANY ('{5259075,261392,1943441,6490510,2520202,5483249,4491681,967900,8554063,8461782}'::integer[]))

for update-inlist
table 1 : explain UPDATE sbtest1 set c=7 WHERE id IN ( 2737984, 8714327, 6909801, 9764629, 6311420, 5930102, 6611550, 1049897, 4249184, 5758884)
	Update on sbtest1  (cost=0.43..48.53 rows=10 width=559)
	  ->  Index Scan using sbtest1_pkey on sbtest1  (cost=0.43..48.53 rows=10 width=559)
	        Index Cond: (id = ANY ('{2737984,8714327,6909801,9764629,6311420,5930102,6611550,1049897,4249184,5758884}'::integer[]))

table 2 : explain UPDATE sbtest2 set c=7 WHERE id IN ( 2737984, 8714327, 6909801, 9764629, 6311420, 5930102, 6611550, 1049897, 4249184, 5758884)
	Update on sbtest2  (cost=0.43..48.53 rows=10 width=559)
	  ->  Index Scan using sbtest2_pkey on sbtest2  (cost=0.43..48.53 rows=10 width=559)
	        Index Cond: (id = ANY ('{2737984,8714327,6909801,9764629,6311420,5930102,6611550,1049897,4249184,5758884}'::integer[]))

table 3 : explain UPDATE sbtest3 set c=7 WHERE id IN ( 2737984, 8714327, 6909801, 9764629, 6311420, 5930102, 6611550, 1049897, 4249184, 5758884)
	Update on sbtest3  (cost=0.43..48.53 rows=10 width=559)
	  ->  Index Scan using sbtest3_pkey on sbtest3  (cost=0.43..48.53 rows=10 width=559)
	        Index Cond: (id = ANY ('{2737984,8714327,6909801,9764629,6311420,5930102,6611550,1049897,4249184,5758884}'::integer[]))

table 4 : explain UPDATE sbtest4 set c=7 WHERE id IN ( 2737984, 8714327, 6909801, 9764629, 6311420, 5930102, 6611550, 1049897, 4249184, 5758884)
	Update on sbtest4  (cost=0.43..48.53 rows=10 width=559)
	  ->  Index Scan using sbtest4_pkey on sbtest4  (cost=0.43..48.53 rows=10 width=559)
	        Index Cond: (id = ANY ('{2737984,8714327,6909801,9764629,6311420,5930102,6611550,1049897,4249184,5758884}'::integer[]))

table 5 : explain UPDATE sbtest5 set c=7 WHERE id IN ( 2737984, 8714327, 6909801, 9764629, 6311420, 5930102, 6611550, 1049897, 4249184, 5758884)
	Update on sbtest5  (cost=0.43..48.53 rows=10 width=559)
	  ->  Index Scan using sbtest5_pkey on sbtest5  (cost=0.43..48.53 rows=10 width=559)
	        Index Cond: (id = ANY ('{2737984,8714327,6909801,9764629,6311420,5930102,6611550,1049897,4249184,5758884}'::integer[]))

table 6 : explain UPDATE sbtest6 set c=7 WHERE id IN ( 2737984, 8714327, 6909801, 9764629, 6311420, 5930102, 6611550, 1049897, 4249184, 5758884)
	Update on sbtest6  (cost=0.43..48.53 rows=10 width=559)
	  ->  Index Scan using sbtest6_pkey on sbtest6  (cost=0.43..48.53 rows=10 width=559)
	        Index Cond: (id = ANY ('{2737984,8714327,6909801,9764629,6311420,5930102,6611550,1049897,4249184,5758884}'::integer[]))

table 7 : explain UPDATE sbtest7 set c=7 WHERE id IN ( 2737984, 8714327, 6909801, 9764629, 6311420, 5930102, 6611550, 1049897, 4249184, 5758884)
	Update on sbtest7  (cost=0.43..48.53 rows=10 width=559)
	  ->  Index Scan using sbtest7_pkey on sbtest7  (cost=0.43..48.53 rows=10 width=559)
	        Index Cond: (id = ANY ('{2737984,8714327,6909801,9764629,6311420,5930102,6611550,1049897,4249184,5758884}'::integer[]))

table 8 : explain UPDATE sbtest8 set c=7 WHERE id IN ( 2737984, 8714327, 6909801, 9764629, 6311420, 5930102, 6611550, 1049897, 4249184, 5758884)
	Update on sbtest8  (cost=0.43..48.53 rows=10 width=559)
	  ->  Index Scan using sbtest8_pkey on sbtest8  (cost=0.43..48.53 rows=10 width=559)
	        Index Cond: (id = ANY ('{2737984,8714327,6909801,9764629,6311420,5930102,6611550,1049897,4249184,5758884}'::integer[]))

explain: for update-inlist :: explain UPDATE sbtest%d set c=7 WHERE id IN ( 6949394, 6770463, 1872152, 3306313, 1679948, 8610602, 1513943, 5597784, 8873145, 5742120)
for update-inlist
table 1 : explain UPDATE sbtest1 set c=7 WHERE id IN ( 8055163, 4613305, 4985653, 9688563, 4402403, 4561136, 6596967, 2478474, 7134704, 367464)
	Update on sbtest1  (cost=0.43..48.53 rows=10 width=559)
	  ->  Index Scan using sbtest1_pkey on sbtest1  (cost=0.43..48.53 rows=10 width=559)
	        Index Cond: (id = ANY ('{8055163,4613305,4985653,9688563,4402403,4561136,6596967,2478474,7134704,367464}'::integer[]))

table 2 : explain UPDATE sbtest2 set c=7 WHERE id IN ( 8055163, 4613305, 4985653, 9688563, 4402403, 4561136, 6596967, 2478474, 7134704, 367464)
	Update on sbtest2  (cost=0.43..48.53 rows=10 width=559)
	  ->  Index Scan using sbtest2_pkey on sbtest2  (cost=0.43..48.53 rows=10 width=559)
	        Index Cond: (id = ANY ('{8055163,4613305,4985653,9688563,4402403,4561136,6596967,2478474,7134704,367464}'::integer[]))

table 3 : explain UPDATE sbtest3 set c=7 WHERE id IN ( 8055163, 4613305, 4985653, 9688563, 4402403, 4561136, 6596967, 2478474, 7134704, 367464)
	Update on sbtest3  (cost=0.43..48.53 rows=10 width=559)
	  ->  Index Scan using sbtest3_pkey on sbtest3  (cost=0.43..48.53 rows=10 width=559)
	        Index Cond: (id = ANY ('{8055163,4613305,4985653,9688563,4402403,4561136,6596967,2478474,7134704,367464}'::integer[]))

table 4 : explain UPDATE sbtest4 set c=7 WHERE id IN ( 8055163, 4613305, 4985653, 9688563, 4402403, 4561136, 6596967, 2478474, 7134704, 367464)
	Update on sbtest4  (cost=0.43..48.53 rows=10 width=559)
	  ->  Index Scan using sbtest4_pkey on sbtest4  (cost=0.43..48.53 rows=10 width=559)
	        Index Cond: (id = ANY ('{8055163,4613305,4985653,9688563,4402403,4561136,6596967,2478474,7134704,367464}'::integer[]))

table 5 : explain UPDATE sbtest5 set c=7 WHERE id IN ( 8055163, 4613305, 4985653, 9688563, 4402403, 4561136, 6596967, 2478474, 7134704, 367464)
	Update on sbtest5  (cost=0.43..48.53 rows=10 width=559)
	  ->  Index Scan using sbtest5_pkey on sbtest5  (cost=0.43..48.53 rows=10 width=559)
	        Index Cond: (id = ANY ('{8055163,4613305,4985653,9688563,4402403,4561136,6596967,2478474,7134704,367464}'::integer[]))

table 6 : explain UPDATE sbtest6 set c=7 WHERE id IN ( 8055163, 4613305, 4985653, 9688563, 4402403, 4561136, 6596967, 2478474, 7134704, 367464)
	Update on sbtest6  (cost=0.43..48.53 rows=10 width=559)
	  ->  Index Scan using sbtest6_pkey on sbtest6  (cost=0.43..48.53 rows=10 width=559)
	        Index Cond: (id = ANY ('{8055163,4613305,4985653,9688563,4402403,4561136,6596967,2478474,7134704,367464}'::integer[]))

table 7 : explain UPDATE sbtest7 set c=7 WHERE id IN ( 8055163, 4613305, 4985653, 9688563, 4402403, 4561136, 6596967, 2478474, 7134704, 367464)
	Update on sbtest7  (cost=0.43..48.53 rows=10 width=559)
	  ->  Index Scan using sbtest7_pkey on sbtest7  (cost=0.43..48.53 rows=10 width=559)
	        Index Cond: (id = ANY ('{8055163,4613305,4985653,9688563,4402403,4561136,6596967,2478474,7134704,367464}'::integer[]))

table 8 : explain UPDATE sbtest8 set c=7 WHERE id IN ( 8055163, 4613305, 4985653, 9688563, 4402403, 4561136, 6596967, 2478474, 7134704, 367464)
	Update on sbtest8  (cost=0.43..48.53 rows=10 width=559)
	  ->  Index Scan using sbtest8_pkey on sbtest8  (cost=0.43..48.53 rows=10 width=559)
	        Index Cond: (id = ANY ('{8055163,4613305,4985653,9688563,4402403,4561136,6596967,2478474,7134704,367464}'::integer[]))

explain: for update-inlist :: explain UPDATE sbtest%d set c=7 WHERE id IN ( 2278273, 7675133, 7114802, 2752894, 6004008, 208996, 2761257, 6096219, 5966229, 7282729)
for update-inlist
table 1 : explain UPDATE sbtest1 set c=7 WHERE id IN ( 6949394, 6770463, 1872152, 3306313, 1679948, 8610602, 1513943, 5597784, 8873145, 5742120)
	Update on sbtest1  (cost=0.43..48.53 rows=10 width=559)
	  ->  Index Scan using sbtest1_pkey on sbtest1  (cost=0.43..48.53 rows=10 width=559)
	        Index Cond: (id = ANY ('{6949394,6770463,1872152,3306313,1679948,8610602,1513943,5597784,8873145,5742120}'::integer[]))

table 2 : explain UPDATE sbtest2 set c=7 WHERE id IN ( 6949394, 6770463, 1872152, 3306313, 1679948, 8610602, 1513943, 5597784, 8873145, 5742120)
	Update on sbtest2  (cost=0.43..48.53 rows=10 width=559)
	  ->  Index Scan using sbtest2_pkey on sbtest2  (cost=0.43..48.53 rows=10 width=559)
	        Index Cond: (id = ANY ('{6949394,6770463,1872152,3306313,1679948,8610602,1513943,5597784,8873145,5742120}'::integer[]))

table 3 : explain UPDATE sbtest3 set c=7 WHERE id IN ( 6949394, 6770463, 1872152, 3306313, 1679948, 8610602, 1513943, 5597784, 8873145, 5742120)
	Update on sbtest3  (cost=0.43..48.53 rows=10 width=559)
	  ->  Index Scan using sbtest3_pkey on sbtest3  (cost=0.43..48.53 rows=10 width=559)
	        Index Cond: (id = ANY ('{6949394,6770463,1872152,3306313,1679948,8610602,1513943,5597784,8873145,5742120}'::integer[]))

table 4 : explain UPDATE sbtest4 set c=7 WHERE id IN ( 6949394, 6770463, 1872152, 3306313, 1679948, 8610602, 1513943, 5597784, 8873145, 5742120)
	Update on sbtest4  (cost=0.43..48.53 rows=10 width=559)
	  ->  Index Scan using sbtest4_pkey on sbtest4  (cost=0.43..48.53 rows=10 width=559)
	        Index Cond: (id = ANY ('{6949394,6770463,1872152,3306313,1679948,8610602,1513943,5597784,8873145,5742120}'::integer[]))

table 5 : explain UPDATE sbtest5 set c=7 WHERE id IN ( 6949394, 6770463, 1872152, 3306313, 1679948, 8610602, 1513943, 5597784, 8873145, 5742120)
	Update on sbtest5  (cost=0.43..48.53 rows=10 width=559)
	  ->  Index Scan using sbtest5_pkey on sbtest5  (cost=0.43..48.53 rows=10 width=559)
	        Index Cond: (id = ANY ('{6949394,6770463,1872152,3306313,1679948,8610602,1513943,5597784,8873145,5742120}'::integer[]))

table 6 : explain UPDATE sbtest6 set c=7 WHERE id IN ( 6949394, 6770463, 1872152, 3306313, 1679948, 8610602, 1513943, 5597784, 8873145, 5742120)
	Update on sbtest6  (cost=0.43..48.53 rows=10 width=559)
	  ->  Index Scan using sbtest6_pkey on sbtest6  (cost=0.43..48.53 rows=10 width=559)
	        Index Cond: (id = ANY ('{6949394,6770463,1872152,3306313,1679948,8610602,1513943,5597784,8873145,5742120}'::integer[]))

table 7 : explain UPDATE sbtest7 set c=7 WHERE id IN ( 6949394, 6770463, 1872152, 3306313, 1679948, 8610602, 1513943, 5597784, 8873145, 5742120)
	Update on sbtest7  (cost=0.43..48.53 rows=10 width=559)
	  ->  Index Scan using sbtest7_pkey on sbtest7  (cost=0.43..48.53 rows=10 width=559)
	        Index Cond: (id = ANY ('{6949394,6770463,1872152,3306313,1679948,8610602,1513943,5597784,8873145,5742120}'::integer[]))

table 8 : explain UPDATE sbtest8 set c=7 WHERE id IN ( 6949394, 6770463, 1872152, 3306313, 1679948, 8610602, 1513943, 5597784, 8873145, 5742120)
	Update on sbtest8  (cost=0.43..48.53 rows=10 width=559)
	  ->  Index Scan using sbtest8_pkey on sbtest8  (cost=0.43..48.53 rows=10 width=559)
	        Index Cond: (id = ANY ('{6949394,6770463,1872152,3306313,1679948,8610602,1513943,5597784,8873145,5742120}'::integer[]))

explain: for update-inlist :: explain UPDATE sbtest%d set c=7 WHERE id IN ( 7272428, 7637869, 9986314, 1867578, 2574025, 8655599, 9965179, 2232597, 7289023, 7490710)
for update-inlist
table 1 : explain UPDATE sbtest1 set c=7 WHERE id IN ( 2278273, 7675133, 7114802, 2752894, 6004008, 208996, 2761257, 6096219, 5966229, 7282729)
	Update on sbtest1  (cost=0.43..48.53 rows=10 width=559)
	  ->  Index Scan using sbtest1_pkey on sbtest1  (cost=0.43..48.53 rows=10 width=559)
	        Index Cond: (id = ANY ('{2278273,7675133,7114802,2752894,6004008,208996,2761257,6096219,5966229,7282729}'::integer[]))

table 2 : explain UPDATE sbtest2 set c=7 WHERE id IN ( 2278273, 7675133, 7114802, 2752894, 6004008, 208996, 2761257, 6096219, 5966229, 7282729)
	Update on sbtest2  (cost=0.43..48.53 rows=10 width=559)
	  ->  Index Scan using sbtest2_pkey on sbtest2  (cost=0.43..48.53 rows=10 width=559)
	        Index Cond: (id = ANY ('{2278273,7675133,7114802,2752894,6004008,208996,2761257,6096219,5966229,7282729}'::integer[]))

table 3 : explain UPDATE sbtest3 set c=7 WHERE id IN ( 2278273, 7675133, 7114802, 2752894, 6004008, 208996, 2761257, 6096219, 5966229, 7282729)
	Update on sbtest3  (cost=0.43..48.53 rows=10 width=559)
	  ->  Index Scan using sbtest3_pkey on sbtest3  (cost=0.43..48.53 rows=10 width=559)
	        Index Cond: (id = ANY ('{2278273,7675133,7114802,2752894,6004008,208996,2761257,6096219,5966229,7282729}'::integer[]))

table 4 : explain UPDATE sbtest4 set c=7 WHERE id IN ( 2278273, 7675133, 7114802, 2752894, 6004008, 208996, 2761257, 6096219, 5966229, 7282729)
	Update on sbtest4  (cost=0.43..48.53 rows=10 width=559)
	  ->  Index Scan using sbtest4_pkey on sbtest4  (cost=0.43..48.53 rows=10 width=559)
	        Index Cond: (id = ANY ('{2278273,7675133,7114802,2752894,6004008,208996,2761257,6096219,5966229,7282729}'::integer[]))

table 5 : explain UPDATE sbtest5 set c=7 WHERE id IN ( 2278273, 7675133, 7114802, 2752894, 6004008, 208996, 2761257, 6096219, 5966229, 7282729)
	Update on sbtest5  (cost=0.43..48.53 rows=10 width=559)
	  ->  Index Scan using sbtest5_pkey on sbtest5  (cost=0.43..48.53 rows=10 width=559)
	        Index Cond: (id = ANY ('{2278273,7675133,7114802,2752894,6004008,208996,2761257,6096219,5966229,7282729}'::integer[]))

table 6 : explain UPDATE sbtest6 set c=7 WHERE id IN ( 2278273, 7675133, 7114802, 2752894, 6004008, 208996, 2761257, 6096219, 5966229, 7282729)
	Update on sbtest6  (cost=0.43..48.53 rows=10 width=559)
	  ->  Index Scan using sbtest6_pkey on sbtest6  (cost=0.43..48.53 rows=10 width=559)
	        Index Cond: (id = ANY ('{2278273,7675133,7114802,2752894,6004008,208996,2761257,6096219,5966229,7282729}'::integer[]))

table 7 : explain UPDATE sbtest7 set c=7 WHERE id IN ( 2278273, 7675133, 7114802, 2752894, 6004008, 208996, 2761257, 6096219, 5966229, 7282729)
	Update on sbtest7  (cost=0.43..48.53 rows=10 width=559)
	  ->  Index Scan using sbtest7_pkey on sbtest7  (cost=0.43..48.53 rows=10 width=559)
	        Index Cond: (id = ANY ('{2278273,7675133,7114802,2752894,6004008,208996,2761257,6096219,5966229,7282729}'::integer[]))

table 8 : explain UPDATE sbtest8 set c=7 WHERE id IN ( 2278273, 7675133, 7114802, 2752894, 6004008, 208996, 2761257, 6096219, 5966229, 7282729)
	Update on sbtest8  (cost=0.43..48.53 rows=10 width=559)
	  ->  Index Scan using sbtest8_pkey on sbtest8  (cost=0.43..48.53 rows=10 width=559)
	        Index Cond: (id = ANY ('{2278273,7675133,7114802,2752894,6004008,208996,2761257,6096219,5966229,7282729}'::integer[]))

for update-inlist
table 1 : explain UPDATE sbtest1 set c=7 WHERE id IN ( 7272428, 7637869, 9986314, 1867578, 2574025, 8655599, 9965179, 2232597, 7289023, 7490710)
	Update on sbtest1  (cost=0.43..48.53 rows=10 width=559)
	  ->  Index Scan using sbtest1_pkey on sbtest1  (cost=0.43..48.53 rows=10 width=559)
	        Index Cond: (id = ANY ('{7272428,7637869,9986314,1867578,2574025,8655599,9965179,2232597,7289023,7490710}'::integer[]))

table 2 : explain UPDATE sbtest2 set c=7 WHERE id IN ( 7272428, 7637869, 9986314, 1867578, 2574025, 8655599, 9965179, 2232597, 7289023, 7490710)
	Update on sbtest2  (cost=0.43..48.53 rows=10 width=559)
	  ->  Index Scan using sbtest2_pkey on sbtest2  (cost=0.43..48.53 rows=10 width=559)
	        Index Cond: (id = ANY ('{7272428,7637869,9986314,1867578,2574025,8655599,9965179,2232597,7289023,7490710}'::integer[]))

table 3 : explain UPDATE sbtest3 set c=7 WHERE id IN ( 7272428, 7637869, 9986314, 1867578, 2574025, 8655599, 9965179, 2232597, 7289023, 7490710)
	Update on sbtest3  (cost=0.43..48.53 rows=10 width=559)
	  ->  Index Scan using sbtest3_pkey on sbtest3  (cost=0.43..48.53 rows=10 width=559)
	        Index Cond: (id = ANY ('{7272428,7637869,9986314,1867578,2574025,8655599,9965179,2232597,7289023,7490710}'::integer[]))

table 4 : explain UPDATE sbtest4 set c=7 WHERE id IN ( 7272428, 7637869, 9986314, 1867578, 2574025, 8655599, 9965179, 2232597, 7289023, 7490710)
	Update on sbtest4  (cost=0.43..48.53 rows=10 width=559)
	  ->  Index Scan using sbtest4_pkey on sbtest4  (cost=0.43..48.53 rows=10 width=559)
	        Index Cond: (id = ANY ('{7272428,7637869,9986314,1867578,2574025,8655599,9965179,2232597,7289023,7490710}'::integer[]))

table 5 : explain UPDATE sbtest5 set c=7 WHERE id IN ( 7272428, 7637869, 9986314, 1867578, 2574025, 8655599, 9965179, 2232597, 7289023, 7490710)
	Update on sbtest5  (cost=0.43..48.53 rows=10 width=559)
	  ->  Index Scan using sbtest5_pkey on sbtest5  (cost=0.43..48.53 rows=10 width=559)
	        Index Cond: (id = ANY ('{7272428,7637869,9986314,1867578,2574025,8655599,9965179,2232597,7289023,7490710}'::integer[]))

table 6 : explain UPDATE sbtest6 set c=7 WHERE id IN ( 7272428, 7637869, 9986314, 1867578, 2574025, 8655599, 9965179, 2232597, 7289023, 7490710)
	Update on sbtest6  (cost=0.43..48.53 rows=10 width=559)
	  ->  Index Scan using sbtest6_pkey on sbtest6  (cost=0.43..48.53 rows=10 width=559)
	        Index Cond: (id = ANY ('{7272428,7637869,9986314,1867578,2574025,8655599,9965179,2232597,7289023,7490710}'::integer[]))

table 7 : explain UPDATE sbtest7 set c=7 WHERE id IN ( 7272428, 7637869, 9986314, 1867578, 2574025, 8655599, 9965179, 2232597, 7289023, 7490710)
	Update on sbtest7  (cost=0.43..48.53 rows=10 width=559)
	  ->  Index Scan using sbtest7_pkey on sbtest7  (cost=0.43..48.53 rows=10 width=559)
	        Index Cond: (id = ANY ('{7272428,7637869,9986314,1867578,2574025,8655599,9965179,2232597,7289023,7490710}'::integer[]))

table 8 : explain UPDATE sbtest8 set c=7 WHERE id IN ( 7272428, 7637869, 9986314, 1867578, 2574025, 8655599, 9965179, 2232597, 7289023, 7490710)
	Update on sbtest8  (cost=0.43..48.53 rows=10 width=559)
	  ->  Index Scan using sbtest8_pkey on sbtest8  (cost=0.43..48.53 rows=10 width=559)
	        Index Cond: (id = ANY ('{7272428,7637869,9986314,1867578,2574025,8655599,9965179,2232597,7289023,7490710}'::integer[]))

explain: for update-inlist :: explain UPDATE sbtest%d set c=7 WHERE id IN ( 1780833, 6647711, 6396245, 195561, 1102267, 9982826, 9856921, 5074462, 8258664, 1313188)
explain: for update-inlist :: explain UPDATE sbtest%d set c=7 WHERE id IN ( 6524143, 1703744, 4748636, 4141691, 740405, 3418607, 9225617, 3645502, 3749749, 7646397)
explain: for update-inlist :: explain UPDATE sbtest%d set c=7 WHERE id IN ( 681994, 2827985, 5537684, 3106336, 6880625, 614952, 3664063, 3411249, 7589331, 7636097)
explain: for update-inlist :: explain UPDATE sbtest%d set c=7 WHERE id IN ( 7333588, 5587349, 8314576, 4911291, 3409343, 7789440, 4772248, 7036701, 4680811, 6391590)
for update-inlist
table 1 : explain UPDATE sbtest1 set c=7 WHERE id IN ( 6524143, 1703744, 4748636, 4141691, 740405, 3418607, 9225617, 3645502, 3749749, 7646397)
	Update on sbtest1  (cost=0.43..48.53 rows=10 width=559)
	  ->  Index Scan using sbtest1_pkey on sbtest1  (cost=0.43..48.53 rows=10 width=559)
	        Index Cond: (id = ANY ('{6524143,1703744,4748636,4141691,740405,3418607,9225617,3645502,3749749,7646397}'::integer[]))

table 2 : explain UPDATE sbtest2 set c=7 WHERE id IN ( 6524143, 1703744, 4748636, 4141691, 740405, 3418607, 9225617, 3645502, 3749749, 7646397)
	Update on sbtest2  (cost=0.43..48.53 rows=10 width=559)
	  ->  Index Scan using sbtest2_pkey on sbtest2  (cost=0.43..48.53 rows=10 width=559)
	        Index Cond: (id = ANY ('{6524143,1703744,4748636,4141691,740405,3418607,9225617,3645502,3749749,7646397}'::integer[]))

table 3 : explain UPDATE sbtest3 set c=7 WHERE id IN ( 6524143, 1703744, 4748636, 4141691, 740405, 3418607, 9225617, 3645502, 3749749, 7646397)
	Update on sbtest3  (cost=0.43..48.53 rows=10 width=559)
	  ->  Index Scan using sbtest3_pkey on sbtest3  (cost=0.43..48.53 rows=10 width=559)
	        Index Cond: (id = ANY ('{6524143,1703744,4748636,4141691,740405,3418607,9225617,3645502,3749749,7646397}'::integer[]))

table 4 : explain UPDATE sbtest4 set c=7 WHERE id IN ( 6524143, 1703744, 4748636, 4141691, 740405, 3418607, 9225617, 3645502, 3749749, 7646397)
	Update on sbtest4  (cost=0.43..48.53 rows=10 width=559)
	  ->  Index Scan using sbtest4_pkey on sbtest4  (cost=0.43..48.53 rows=10 width=559)
	        Index Cond: (id = ANY ('{6524143,1703744,4748636,4141691,740405,3418607,9225617,3645502,3749749,7646397}'::integer[]))

table 5 : explain UPDATE sbtest5 set c=7 WHERE id IN ( 6524143, 1703744, 4748636, 4141691, 740405, 3418607, 9225617, 3645502, 3749749, 7646397)
	Update on sbtest5  (cost=0.43..48.53 rows=10 width=559)
	  ->  Index Scan using sbtest5_pkey on sbtest5  (cost=0.43..48.53 rows=10 width=559)
	        Index Cond: (id = ANY ('{6524143,1703744,4748636,4141691,740405,3418607,9225617,3645502,3749749,7646397}'::integer[]))

table 6 : explain UPDATE sbtest6 set c=7 WHERE id IN ( 6524143, 1703744, 4748636, 4141691, 740405, 3418607, 9225617, 3645502, 3749749, 7646397)
	Update on sbtest6  (cost=0.43..48.53 rows=10 width=559)
	  ->  Index Scan using sbtest6_pkey on sbtest6  (cost=0.43..48.53 rows=10 width=559)
	        Index Cond: (id = ANY ('{6524143,1703744,4748636,4141691,740405,3418607,9225617,3645502,3749749,7646397}'::integer[]))

table 7 : explain UPDATE sbtest7 set c=7 WHERE id IN ( 6524143, 1703744, 4748636, 4141691, 740405, 3418607, 9225617, 3645502, 3749749, 7646397)
	Update on sbtest7  (cost=0.43..48.53 rows=10 width=559)
	  ->  Index Scan using sbtest7_pkey on sbtest7  (cost=0.43..48.53 rows=10 width=559)
	        Index Cond: (id = ANY ('{6524143,1703744,4748636,4141691,740405,3418607,9225617,3645502,3749749,7646397}'::integer[]))

table 8 : explain UPDATE sbtest8 set c=7 WHERE id IN ( 6524143, 1703744, 4748636, 4141691, 740405, 3418607, 9225617, 3645502, 3749749, 7646397)
	Update on sbtest8  (cost=0.43..48.53 rows=10 width=559)
	  ->  Index Scan using sbtest8_pkey on sbtest8  (cost=0.43..48.53 rows=10 width=559)
	        Index Cond: (id = ANY ('{6524143,1703744,4748636,4141691,740405,3418607,9225617,3645502,3749749,7646397}'::integer[]))

for update-inlist
table 1 : explain UPDATE sbtest1 set c=7 WHERE id IN ( 681994, 2827985, 5537684, 3106336, 6880625, 614952, 3664063, 3411249, 7589331, 7636097)
	Update on sbtest1  (cost=0.43..48.53 rows=10 width=559)
	  ->  Index Scan using sbtest1_pkey on sbtest1  (cost=0.43..48.53 rows=10 width=559)
	        Index Cond: (id = ANY ('{681994,2827985,5537684,3106336,6880625,614952,3664063,3411249,7589331,7636097}'::integer[]))

table 2 : explain UPDATE sbtest2 set c=7 WHERE id IN ( 681994, 2827985, 5537684, 3106336, 6880625, 614952, 3664063, 3411249, 7589331, 7636097)
	Update on sbtest2  (cost=0.43..48.53 rows=10 width=559)
	  ->  Index Scan using sbtest2_pkey on sbtest2  (cost=0.43..48.53 rows=10 width=559)
	        Index Cond: (id = ANY ('{681994,2827985,5537684,3106336,6880625,614952,3664063,3411249,7589331,7636097}'::integer[]))

table 3 : explain UPDATE sbtest3 set c=7 WHERE id IN ( 681994, 2827985, 5537684, 3106336, 6880625, 614952, 3664063, 3411249, 7589331, 7636097)
	Update on sbtest3  (cost=0.43..48.53 rows=10 width=559)
	  ->  Index Scan using sbtest3_pkey on sbtest3  (cost=0.43..48.53 rows=10 width=559)
	        Index Cond: (id = ANY ('{681994,2827985,5537684,3106336,6880625,614952,3664063,3411249,7589331,7636097}'::integer[]))

table 4 : explain UPDATE sbtest4 set c=7 WHERE id IN ( 681994, 2827985, 5537684, 3106336, 6880625, 614952, 3664063, 3411249, 7589331, 7636097)
	Update on sbtest4  (cost=0.43..48.53 rows=10 width=559)
	  ->  Index Scan using sbtest4_pkey on sbtest4  (cost=0.43..48.53 rows=10 width=559)
	        Index Cond: (id = ANY ('{681994,2827985,5537684,3106336,6880625,614952,3664063,3411249,7589331,7636097}'::integer[]))

table 5 : explain UPDATE sbtest5 set c=7 WHERE id IN ( 681994, 2827985, 5537684, 3106336, 6880625, 614952, 3664063, 3411249, 7589331, 7636097)
	Update on sbtest5  (cost=0.43..48.53 rows=10 width=559)
	  ->  Index Scan using sbtest5_pkey on sbtest5  (cost=0.43..48.53 rows=10 width=559)
	        Index Cond: (id = ANY ('{681994,2827985,5537684,3106336,6880625,614952,3664063,3411249,7589331,7636097}'::integer[]))

table 6 : explain UPDATE sbtest6 set c=7 WHERE id IN ( 681994, 2827985, 5537684, 3106336, 6880625, 614952, 3664063, 3411249, 7589331, 7636097)
	Update on sbtest6  (cost=0.43..48.53 rows=10 width=559)
	  ->  Index Scan using sbtest6_pkey on sbtest6  (cost=0.43..48.53 rows=10 width=559)
	        Index Cond: (id = ANY ('{681994,2827985,5537684,3106336,6880625,614952,3664063,3411249,7589331,7636097}'::integer[]))

table 7 : explain UPDATE sbtest7 set c=7 WHERE id IN ( 681994, 2827985, 5537684, 3106336, 6880625, 614952, 3664063, 3411249, 7589331, 7636097)
	Update on sbtest7  (cost=0.43..48.53 rows=10 width=559)
	  ->  Index Scan using sbtest7_pkey on sbtest7  (cost=0.43..48.53 rows=10 width=559)
	        Index Cond: (id = ANY ('{681994,2827985,5537684,3106336,6880625,614952,3664063,3411249,7589331,7636097}'::integer[]))

table 8 : explain UPDATE sbtest8 set c=7 WHERE id IN ( 681994, 2827985, 5537684, 3106336, 6880625, 614952, 3664063, 3411249, 7589331, 7636097)
	Update on sbtest8  (cost=0.43..48.53 rows=10 width=559)
	  ->  Index Scan using sbtest8_pkey on sbtest8  (cost=0.43..48.53 rows=10 width=559)
	        Index Cond: (id = ANY ('{681994,2827985,5537684,3106336,6880625,614952,3664063,3411249,7589331,7636097}'::integer[]))

explain: for update-inlist :: explain UPDATE sbtest%d set c=7 WHERE id IN ( 2307689, 9328381, 1208905, 1658383, 45245, 3834241, 2251980, 4722670, 1093881, 445124)
explain: for update-inlist :: explain UPDATE sbtest%d set c=7 WHERE id IN ( 3536356, 749053, 3281089, 2943031, 7393643, 5628260, 2807427, 595002, 4998299, 2373096)
for update-inlist
table 1 : explain UPDATE sbtest1 set c=7 WHERE id IN ( 7333588, 5587349, 8314576, 4911291, 3409343, 7789440, 4772248, 7036701, 4680811, 6391590)
	Update on sbtest1  (cost=0.43..48.53 rows=10 width=559)
	  ->  Index Scan using sbtest1_pkey on sbtest1  (cost=0.43..48.53 rows=10 width=559)
	        Index Cond: (id = ANY ('{7333588,5587349,8314576,4911291,3409343,7789440,4772248,7036701,4680811,6391590}'::integer[]))

table 2 : explain UPDATE sbtest2 set c=7 WHERE id IN ( 7333588, 5587349, 8314576, 4911291, 3409343, 7789440, 4772248, 7036701, 4680811, 6391590)
	Update on sbtest2  (cost=0.43..48.53 rows=10 width=559)
	  ->  Index Scan using sbtest2_pkey on sbtest2  (cost=0.43..48.53 rows=10 width=559)
	        Index Cond: (id = ANY ('{7333588,5587349,8314576,4911291,3409343,7789440,4772248,7036701,4680811,6391590}'::integer[]))

table 3 : explain UPDATE sbtest3 set c=7 WHERE id IN ( 7333588, 5587349, 8314576, 4911291, 3409343, 7789440, 4772248, 7036701, 4680811, 6391590)
	Update on sbtest3  (cost=0.43..48.53 rows=10 width=559)
	  ->  Index Scan using sbtest3_pkey on sbtest3  (cost=0.43..48.53 rows=10 width=559)
	        Index Cond: (id = ANY ('{7333588,5587349,8314576,4911291,3409343,7789440,4772248,7036701,4680811,6391590}'::integer[]))

table 4 : explain UPDATE sbtest4 set c=7 WHERE id IN ( 7333588, 5587349, 8314576, 4911291, 3409343, 7789440, 4772248, 7036701, 4680811, 6391590)
	Update on sbtest4  (cost=0.43..48.53 rows=10 width=559)
	  ->  Index Scan using sbtest4_pkey on sbtest4  (cost=0.43..48.53 rows=10 width=559)
	        Index Cond: (id = ANY ('{7333588,5587349,8314576,4911291,3409343,7789440,4772248,7036701,4680811,6391590}'::integer[]))

table 5 : explain UPDATE sbtest5 set c=7 WHERE id IN ( 7333588, 5587349, 8314576, 4911291, 3409343, 7789440, 4772248, 7036701, 4680811, 6391590)
	Update on sbtest5  (cost=0.43..48.53 rows=10 width=559)
	  ->  Index Scan using sbtest5_pkey on sbtest5  (cost=0.43..48.53 rows=10 width=559)
	        Index Cond: (id = ANY ('{7333588,5587349,8314576,4911291,3409343,7789440,4772248,7036701,4680811,6391590}'::integer[]))

table 6 : explain UPDATE sbtest6 set c=7 WHERE id IN ( 7333588, 5587349, 8314576, 4911291, 3409343, 7789440, 4772248, 7036701, 4680811, 6391590)
	Update on sbtest6  (cost=0.43..48.53 rows=10 width=559)
	  ->  Index Scan using sbtest6_pkey on sbtest6  (cost=0.43..48.53 rows=10 width=559)
	        Index Cond: (id = ANY ('{7333588,5587349,8314576,4911291,3409343,7789440,4772248,7036701,4680811,6391590}'::integer[]))

table 7 : explain UPDATE sbtest7 set c=7 WHERE id IN ( 7333588, 5587349, 8314576, 4911291, 3409343, 7789440, 4772248, 7036701, 4680811, 6391590)
	Update on sbtest7  (cost=0.43..48.53 rows=10 width=559)
	  ->  Index Scan using sbtest7_pkey on sbtest7  (cost=0.43..48.53 rows=10 width=559)
	        Index Cond: (id = ANY ('{7333588,5587349,8314576,4911291,3409343,7789440,4772248,7036701,4680811,6391590}'::integer[]))

table 8 : explain UPDATE sbtest8 set c=7 WHERE id IN ( 7333588, 5587349, 8314576, 4911291, 3409343, 7789440, 4772248, 7036701, 4680811, 6391590)
	Update on sbtest8  (cost=0.43..48.53 rows=10 width=559)
	  ->  Index Scan using sbtest8_pkey on sbtest8  (cost=0.43..48.53 rows=10 width=559)
	        Index Cond: (id = ANY ('{7333588,5587349,8314576,4911291,3409343,7789440,4772248,7036701,4680811,6391590}'::integer[]))

explain: for update-inlist :: explain UPDATE sbtest%d set c=7 WHERE id IN ( 9097595, 9317151, 9881282, 9834450, 7163795, 7639154, 7204458, 6622354, 5852413, 1153960)
for update-inlist
table 1 : explain UPDATE sbtest1 set c=7 WHERE id IN ( 2307689, 9328381, 1208905, 1658383, 45245, 3834241, 2251980, 4722670, 1093881, 445124)
	Update on sbtest1  (cost=0.43..48.53 rows=10 width=559)
	  ->  Index Scan using sbtest1_pkey on sbtest1  (cost=0.43..48.53 rows=10 width=559)
	        Index Cond: (id = ANY ('{2307689,9328381,1208905,1658383,45245,3834241,2251980,4722670,1093881,445124}'::integer[]))

table 2 : explain UPDATE sbtest2 set c=7 WHERE id IN ( 2307689, 9328381, 1208905, 1658383, 45245, 3834241, 2251980, 4722670, 1093881, 445124)
	Update on sbtest2  (cost=0.43..48.53 rows=10 width=559)
	  ->  Index Scan using sbtest2_pkey on sbtest2  (cost=0.43..48.53 rows=10 width=559)
	        Index Cond: (id = ANY ('{2307689,9328381,1208905,1658383,45245,3834241,2251980,4722670,1093881,445124}'::integer[]))

table 3 : explain UPDATE sbtest3 set c=7 WHERE id IN ( 2307689, 9328381, 1208905, 1658383, 45245, 3834241, 2251980, 4722670, 1093881, 445124)
	Update on sbtest3  (cost=0.43..48.53 rows=10 width=559)
	  ->  Index Scan using sbtest3_pkey on sbtest3  (cost=0.43..48.53 rows=10 width=559)
	        Index Cond: (id = ANY ('{2307689,9328381,1208905,1658383,45245,3834241,2251980,4722670,1093881,445124}'::integer[]))

table 4 : explain UPDATE sbtest4 set c=7 WHERE id IN ( 2307689, 9328381, 1208905, 1658383, 45245, 3834241, 2251980, 4722670, 1093881, 445124)
	Update on sbtest4  (cost=0.43..48.53 rows=10 width=559)
	  ->  Index Scan using sbtest4_pkey on sbtest4  (cost=0.43..48.53 rows=10 width=559)
	        Index Cond: (id = ANY ('{2307689,9328381,1208905,1658383,45245,3834241,2251980,4722670,1093881,445124}'::integer[]))

table 5 : explain UPDATE sbtest5 set c=7 WHERE id IN ( 2307689, 9328381, 1208905, 1658383, 45245, 3834241, 2251980, 4722670, 1093881, 445124)
	Update on sbtest5  (cost=0.43..48.53 rows=10 width=559)
	  ->  Index Scan using sbtest5_pkey on sbtest5  (cost=0.43..48.53 rows=10 width=559)
	        Index Cond: (id = ANY ('{2307689,9328381,1208905,1658383,45245,3834241,2251980,4722670,1093881,445124}'::integer[]))

table 6 : explain UPDATE sbtest6 set c=7 WHERE id IN ( 2307689, 9328381, 1208905, 1658383, 45245, 3834241, 2251980, 4722670, 1093881, 445124)
	Update on sbtest6  (cost=0.43..48.53 rows=10 width=559)
	  ->  Index Scan using sbtest6_pkey on sbtest6  (cost=0.43..48.53 rows=10 width=559)
	        Index Cond: (id = ANY ('{2307689,9328381,1208905,1658383,45245,3834241,2251980,4722670,1093881,445124}'::integer[]))

table 7 : explain UPDATE sbtest7 set c=7 WHERE id IN ( 2307689, 9328381, 1208905, 1658383, 45245, 3834241, 2251980, 4722670, 1093881, 445124)
	Update on sbtest7  (cost=0.43..48.53 rows=10 width=559)
	  ->  Index Scan using sbtest7_pkey on sbtest7  (cost=0.43..48.53 rows=10 width=559)
	        Index Cond: (id = ANY ('{2307689,9328381,1208905,1658383,45245,3834241,2251980,4722670,1093881,445124}'::integer[]))

table 8 : explain UPDATE sbtest8 set c=7 WHERE id IN ( 2307689, 9328381, 1208905, 1658383, 45245, 3834241, 2251980, 4722670, 1093881, 445124)
	Update on sbtest8  (cost=0.43..48.53 rows=10 width=559)
	  ->  Index Scan using sbtest8_pkey on sbtest8  (cost=0.43..48.53 rows=10 width=559)
	        Index Cond: (id = ANY ('{2307689,9328381,1208905,1658383,45245,3834241,2251980,4722670,1093881,445124}'::integer[]))

for update-inlist
table 1 : explain UPDATE sbtest1 set c=7 WHERE id IN ( 3536356, 749053, 3281089, 2943031, 7393643, 5628260, 2807427, 595002, 4998299, 2373096)
	Update on sbtest1  (cost=0.43..48.53 rows=10 width=559)
	  ->  Index Scan using sbtest1_pkey on sbtest1  (cost=0.43..48.53 rows=10 width=559)
	        Index Cond: (id = ANY ('{3536356,749053,3281089,2943031,7393643,5628260,2807427,595002,4998299,2373096}'::integer[]))

table 2 : explain UPDATE sbtest2 set c=7 WHERE id IN ( 3536356, 749053, 3281089, 2943031, 7393643, 5628260, 2807427, 595002, 4998299, 2373096)
	Update on sbtest2  (cost=0.43..48.53 rows=10 width=559)
	  ->  Index Scan using sbtest2_pkey on sbtest2  (cost=0.43..48.53 rows=10 width=559)
	        Index Cond: (id = ANY ('{3536356,749053,3281089,2943031,7393643,5628260,2807427,595002,4998299,2373096}'::integer[]))

table 3 : explain UPDATE sbtest3 set c=7 WHERE id IN ( 3536356, 749053, 3281089, 2943031, 7393643, 5628260, 2807427, 595002, 4998299, 2373096)
	Update on sbtest3  (cost=0.43..48.53 rows=10 width=559)
	  ->  Index Scan using sbtest3_pkey on sbtest3  (cost=0.43..48.53 rows=10 width=559)
	        Index Cond: (id = ANY ('{3536356,749053,3281089,2943031,7393643,5628260,2807427,595002,4998299,2373096}'::integer[]))

table 4 : explain UPDATE sbtest4 set c=7 WHERE id IN ( 3536356, 749053, 3281089, 2943031, 7393643, 5628260, 2807427, 595002, 4998299, 2373096)
	Update on sbtest4  (cost=0.43..48.53 rows=10 width=559)
	  ->  Index Scan using sbtest4_pkey on sbtest4  (cost=0.43..48.53 rows=10 width=559)
	        Index Cond: (id = ANY ('{3536356,749053,3281089,2943031,7393643,5628260,2807427,595002,4998299,2373096}'::integer[]))

table 5 : explain UPDATE sbtest5 set c=7 WHERE id IN ( 3536356, 749053, 3281089, 2943031, 7393643, 5628260, 2807427, 595002, 4998299, 2373096)
	Update on sbtest5  (cost=0.43..48.53 rows=10 width=559)
	  ->  Index Scan using sbtest5_pkey on sbtest5  (cost=0.43..48.53 rows=10 width=559)
	        Index Cond: (id = ANY ('{3536356,749053,3281089,2943031,7393643,5628260,2807427,595002,4998299,2373096}'::integer[]))

table 6 : explain UPDATE sbtest6 set c=7 WHERE id IN ( 3536356, 749053, 3281089, 2943031, 7393643, 5628260, 2807427, 595002, 4998299, 2373096)
	Update on sbtest6  (cost=0.43..48.53 rows=10 width=559)
	  ->  Index Scan using sbtest6_pkey on sbtest6  (cost=0.43..48.53 rows=10 width=559)
	        Index Cond: (id = ANY ('{3536356,749053,3281089,2943031,7393643,5628260,2807427,595002,4998299,2373096}'::integer[]))

table 7 : explain UPDATE sbtest7 set c=7 WHERE id IN ( 3536356, 749053, 3281089, 2943031, 7393643, 5628260, 2807427, 595002, 4998299, 2373096)
	Update on sbtest7  (cost=0.43..48.53 rows=10 width=559)
	  ->  Index Scan using sbtest7_pkey on sbtest7  (cost=0.43..48.53 rows=10 width=559)
	        Index Cond: (id = ANY ('{3536356,749053,3281089,2943031,7393643,5628260,2807427,595002,4998299,2373096}'::integer[]))

table 8 : explain UPDATE sbtest8 set c=7 WHERE id IN ( 3536356, 749053, 3281089, 2943031, 7393643, 5628260, 2807427, 595002, 4998299, 2373096)
	Update on sbtest8  (cost=0.43..48.53 rows=10 width=559)
	  ->  Index Scan using sbtest8_pkey on sbtest8  (cost=0.43..48.53 rows=10 width=559)
	        Index Cond: (id = ANY ('{3536356,749053,3281089,2943031,7393643,5628260,2807427,595002,4998299,2373096}'::integer[]))

for update-inlist
table 1 : explain UPDATE sbtest1 set c=7 WHERE id IN ( 9097595, 9317151, 9881282, 9834450, 7163795, 7639154, 7204458, 6622354, 5852413, 1153960)
	Update on sbtest1  (cost=0.43..48.53 rows=10 width=559)
	  ->  Index Scan using sbtest1_pkey on sbtest1  (cost=0.43..48.53 rows=10 width=559)
	        Index Cond: (id = ANY ('{9097595,9317151,9881282,9834450,7163795,7639154,7204458,6622354,5852413,1153960}'::integer[]))

table 2 : explain UPDATE sbtest2 set c=7 WHERE id IN ( 9097595, 9317151, 9881282, 9834450, 7163795, 7639154, 7204458, 6622354, 5852413, 1153960)
	Update on sbtest2  (cost=0.43..48.53 rows=10 width=559)
	  ->  Index Scan using sbtest2_pkey on sbtest2  (cost=0.43..48.53 rows=10 width=559)
	        Index Cond: (id = ANY ('{9097595,9317151,9881282,9834450,7163795,7639154,7204458,6622354,5852413,1153960}'::integer[]))

table 3 : explain UPDATE sbtest3 set c=7 WHERE id IN ( 9097595, 9317151, 9881282, 9834450, 7163795, 7639154, 7204458, 6622354, 5852413, 1153960)
	Update on sbtest3  (cost=0.43..48.53 rows=10 width=559)
	  ->  Index Scan using sbtest3_pkey on sbtest3  (cost=0.43..48.53 rows=10 width=559)
	        Index Cond: (id = ANY ('{9097595,9317151,9881282,9834450,7163795,7639154,7204458,6622354,5852413,1153960}'::integer[]))

table 4 : explain UPDATE sbtest4 set c=7 WHERE id IN ( 9097595, 9317151, 9881282, 9834450, 7163795, 7639154, 7204458, 6622354, 5852413, 1153960)
	Update on sbtest4  (cost=0.43..48.53 rows=10 width=559)
	  ->  Index Scan using sbtest4_pkey on sbtest4  (cost=0.43..48.53 rows=10 width=559)
	        Index Cond: (id = ANY ('{9097595,9317151,9881282,9834450,7163795,7639154,7204458,6622354,5852413,1153960}'::integer[]))

table 5 : explain UPDATE sbtest5 set c=7 WHERE id IN ( 9097595, 9317151, 9881282, 9834450, 7163795, 7639154, 7204458, 6622354, 5852413, 1153960)
	Update on sbtest5  (cost=0.43..48.53 rows=10 width=559)
	  ->  Index Scan using sbtest5_pkey on sbtest5  (cost=0.43..48.53 rows=10 width=559)
	        Index Cond: (id = ANY ('{9097595,9317151,9881282,9834450,7163795,7639154,7204458,6622354,5852413,1153960}'::integer[]))

table 6 : explain UPDATE sbtest6 set c=7 WHERE id IN ( 9097595, 9317151, 9881282, 9834450, 7163795, 7639154, 7204458, 6622354, 5852413, 1153960)
	Update on sbtest6  (cost=0.43..48.53 rows=10 width=559)
	  ->  Index Scan using sbtest6_pkey on sbtest6  (cost=0.43..48.53 rows=10 width=559)
	        Index Cond: (id = ANY ('{9097595,9317151,9881282,9834450,7163795,7639154,7204458,6622354,5852413,1153960}'::integer[]))

table 7 : explain UPDATE sbtest7 set c=7 WHERE id IN ( 9097595, 9317151, 9881282, 9834450, 7163795, 7639154, 7204458, 6622354, 5852413, 1153960)
	Update on sbtest7  (cost=0.43..48.53 rows=10 width=559)
	  ->  Index Scan using sbtest7_pkey on sbtest7  (cost=0.43..48.53 rows=10 width=559)
	        Index Cond: (id = ANY ('{9097595,9317151,9881282,9834450,7163795,7639154,7204458,6622354,5852413,1153960}'::integer[]))

table 8 : explain UPDATE sbtest8 set c=7 WHERE id IN ( 9097595, 9317151, 9881282, 9834450, 7163795, 7639154, 7204458, 6622354, 5852413, 1153960)
	Update on sbtest8  (cost=0.43..48.53 rows=10 width=559)
	  ->  Index Scan using sbtest8_pkey on sbtest8  (cost=0.43..48.53 rows=10 width=559)
	        Index Cond: (id = ANY ('{9097595,9317151,9881282,9834450,7163795,7639154,7204458,6622354,5852413,1153960}'::integer[]))

explain: for update-inlist :: explain UPDATE sbtest%d set c=7 WHERE id IN ( 3164901, 3534596, 3376927, 9331019, 9882337, 4772241, 2427524, 7805019, 1420194, 4101369)
for update-inlist
table 1 : explain UPDATE sbtest1 set c=7 WHERE id IN ( 1780833, 6647711, 6396245, 195561, 1102267, 9982826, 9856921, 5074462, 8258664, 1313188)
	Update on sbtest1  (cost=0.43..48.53 rows=10 width=559)
	  ->  Index Scan using sbtest1_pkey on sbtest1  (cost=0.43..48.53 rows=10 width=559)
	        Index Cond: (id = ANY ('{1780833,6647711,6396245,195561,1102267,9982826,9856921,5074462,8258664,1313188}'::integer[]))

table 2 : explain UPDATE sbtest2 set c=7 WHERE id IN ( 1780833, 6647711, 6396245, 195561, 1102267, 9982826, 9856921, 5074462, 8258664, 1313188)
	Update on sbtest2  (cost=0.43..48.53 rows=10 width=559)
	  ->  Index Scan using sbtest2_pkey on sbtest2  (cost=0.43..48.53 rows=10 width=559)
	        Index Cond: (id = ANY ('{1780833,6647711,6396245,195561,1102267,9982826,9856921,5074462,8258664,1313188}'::integer[]))

table 3 : explain UPDATE sbtest3 set c=7 WHERE id IN ( 1780833, 6647711, 6396245, 195561, 1102267, 9982826, 9856921, 5074462, 8258664, 1313188)
	Update on sbtest3  (cost=0.43..48.53 rows=10 width=559)
	  ->  Index Scan using sbtest3_pkey on sbtest3  (cost=0.43..48.53 rows=10 width=559)
	        Index Cond: (id = ANY ('{1780833,6647711,6396245,195561,1102267,9982826,9856921,5074462,8258664,1313188}'::integer[]))

table 4 : explain UPDATE sbtest4 set c=7 WHERE id IN ( 1780833, 6647711, 6396245, 195561, 1102267, 9982826, 9856921, 5074462, 8258664, 1313188)
	Update on sbtest4  (cost=0.43..48.53 rows=10 width=559)
	  ->  Index Scan using sbtest4_pkey on sbtest4  (cost=0.43..48.53 rows=10 width=559)
	        Index Cond: (id = ANY ('{1780833,6647711,6396245,195561,1102267,9982826,9856921,5074462,8258664,1313188}'::integer[]))

table 5 : explain UPDATE sbtest5 set c=7 WHERE id IN ( 1780833, 6647711, 6396245, 195561, 1102267, 9982826, 9856921, 5074462, 8258664, 1313188)
	Update on sbtest5  (cost=0.43..48.53 rows=10 width=559)
	  ->  Index Scan using sbtest5_pkey on sbtest5  (cost=0.43..48.53 rows=10 width=559)
	        Index Cond: (id = ANY ('{1780833,6647711,6396245,195561,1102267,9982826,9856921,5074462,8258664,1313188}'::integer[]))

table 6 : explain UPDATE sbtest6 set c=7 WHERE id IN ( 1780833, 6647711, 6396245, 195561, 1102267, 9982826, 9856921, 5074462, 8258664, 1313188)
	Update on sbtest6  (cost=0.43..48.53 rows=10 width=559)
	  ->  Index Scan using sbtest6_pkey on sbtest6  (cost=0.43..48.53 rows=10 width=559)
	        Index Cond: (id = ANY ('{1780833,6647711,6396245,195561,1102267,9982826,9856921,5074462,8258664,1313188}'::integer[]))

table 7 : explain UPDATE sbtest7 set c=7 WHERE id IN ( 1780833, 6647711, 6396245, 195561, 1102267, 9982826, 9856921, 5074462, 8258664, 1313188)
	Update on sbtest7  (cost=0.43..48.53 rows=10 width=559)
	  ->  Index Scan using sbtest7_pkey on sbtest7  (cost=0.43..48.53 rows=10 width=559)
	        Index Cond: (id = ANY ('{1780833,6647711,6396245,195561,1102267,9982826,9856921,5074462,8258664,1313188}'::integer[]))

table 8 : explain UPDATE sbtest8 set c=7 WHERE id IN ( 1780833, 6647711, 6396245, 195561, 1102267, 9982826, 9856921, 5074462, 8258664, 1313188)
	Update on sbtest8  (cost=0.43..48.53 rows=10 width=559)
	  ->  Index Scan using sbtest8_pkey on sbtest8  (cost=0.43..48.53 rows=10 width=559)
	        Index Cond: (id = ANY ('{1780833,6647711,6396245,195561,1102267,9982826,9856921,5074462,8258664,1313188}'::integer[]))

explain: for update-inlist :: explain UPDATE sbtest%d set c=7 WHERE id IN ( 38609, 1366493, 3355466, 9730874, 451803, 1257822, 8507498, 5019617, 3703624, 979621)
explain: for update-inlist :: explain UPDATE sbtest%d set c=7 WHERE id IN ( 2780435, 9031003, 3174412, 6551674, 7496533, 2870332, 1750584, 7966073, 4460391, 260724)
for update-inlist
table 1 : explain UPDATE sbtest1 set c=7 WHERE id IN ( 3164901, 3534596, 3376927, 9331019, 9882337, 4772241, 2427524, 7805019, 1420194, 4101369)
	Update on sbtest1  (cost=0.43..48.53 rows=10 width=559)
	  ->  Index Scan using sbtest1_pkey on sbtest1  (cost=0.43..48.53 rows=10 width=559)
	        Index Cond: (id = ANY ('{3164901,3534596,3376927,9331019,9882337,4772241,2427524,7805019,1420194,4101369}'::integer[]))

table 2 : explain UPDATE sbtest2 set c=7 WHERE id IN ( 3164901, 3534596, 3376927, 9331019, 9882337, 4772241, 2427524, 7805019, 1420194, 4101369)
	Update on sbtest2  (cost=0.43..48.53 rows=10 width=559)
	  ->  Index Scan using sbtest2_pkey on sbtest2  (cost=0.43..48.53 rows=10 width=559)
	        Index Cond: (id = ANY ('{3164901,3534596,3376927,9331019,9882337,4772241,2427524,7805019,1420194,4101369}'::integer[]))

table 3 : explain UPDATE sbtest3 set c=7 WHERE id IN ( 3164901, 3534596, 3376927, 9331019, 9882337, 4772241, 2427524, 7805019, 1420194, 4101369)
	Update on sbtest3  (cost=0.43..48.53 rows=10 width=559)
	  ->  Index Scan using sbtest3_pkey on sbtest3  (cost=0.43..48.53 rows=10 width=559)
	        Index Cond: (id = ANY ('{3164901,3534596,3376927,9331019,9882337,4772241,2427524,7805019,1420194,4101369}'::integer[]))

table 4 : explain UPDATE sbtest4 set c=7 WHERE id IN ( 3164901, 3534596, 3376927, 9331019, 9882337, 4772241, 2427524, 7805019, 1420194, 4101369)
	Update on sbtest4  (cost=0.43..48.53 rows=10 width=559)
	  ->  Index Scan using sbtest4_pkey on sbtest4  (cost=0.43..48.53 rows=10 width=559)
	        Index Cond: (id = ANY ('{3164901,3534596,3376927,9331019,9882337,4772241,2427524,7805019,1420194,4101369}'::integer[]))

table 5 : explain UPDATE sbtest5 set c=7 WHERE id IN ( 3164901, 3534596, 3376927, 9331019, 9882337, 4772241, 2427524, 7805019, 1420194, 4101369)
	Update on sbtest5  (cost=0.43..48.53 rows=10 width=559)
	  ->  Index Scan using sbtest5_pkey on sbtest5  (cost=0.43..48.53 rows=10 width=559)
	        Index Cond: (id = ANY ('{3164901,3534596,3376927,9331019,9882337,4772241,2427524,7805019,1420194,4101369}'::integer[]))

table 6 : explain UPDATE sbtest6 set c=7 WHERE id IN ( 3164901, 3534596, 3376927, 9331019, 9882337, 4772241, 2427524, 7805019, 1420194, 4101369)
	Update on sbtest6  (cost=0.43..48.53 rows=10 width=559)
	  ->  Index Scan using sbtest6_pkey on sbtest6  (cost=0.43..48.53 rows=10 width=559)
	        Index Cond: (id = ANY ('{3164901,3534596,3376927,9331019,9882337,4772241,2427524,7805019,1420194,4101369}'::integer[]))

table 7 : explain UPDATE sbtest7 set c=7 WHERE id IN ( 3164901, 3534596, 3376927, 9331019, 9882337, 4772241, 2427524, 7805019, 1420194, 4101369)
	Update on sbtest7  (cost=0.43..48.53 rows=10 width=559)
	  ->  Index Scan using sbtest7_pkey on sbtest7  (cost=0.43..48.53 rows=10 width=559)
	        Index Cond: (id = ANY ('{3164901,3534596,3376927,9331019,9882337,4772241,2427524,7805019,1420194,4101369}'::integer[]))

table 8 : explain UPDATE sbtest8 set c=7 WHERE id IN ( 3164901, 3534596, 3376927, 9331019, 9882337, 4772241, 2427524, 7805019, 1420194, 4101369)
	Update on sbtest8  (cost=0.43..48.53 rows=10 width=559)
	  ->  Index Scan using sbtest8_pkey on sbtest8  (cost=0.43..48.53 rows=10 width=559)
	        Index Cond: (id = ANY ('{3164901,3534596,3376927,9331019,9882337,4772241,2427524,7805019,1420194,4101369}'::integer[]))

for update-inlist
table 1 : explain UPDATE sbtest1 set c=7 WHERE id IN ( 38609, 1366493, 3355466, 9730874, 451803, 1257822, 8507498, 5019617, 3703624, 979621)
	Update on sbtest1  (cost=0.43..48.53 rows=10 width=559)
	  ->  Index Scan using sbtest1_pkey on sbtest1  (cost=0.43..48.53 rows=10 width=559)
	        Index Cond: (id = ANY ('{38609,1366493,3355466,9730874,451803,1257822,8507498,5019617,3703624,979621}'::integer[]))

table 2 : explain UPDATE sbtest2 set c=7 WHERE id IN ( 38609, 1366493, 3355466, 9730874, 451803, 1257822, 8507498, 5019617, 3703624, 979621)
	Update on sbtest2  (cost=0.43..48.53 rows=10 width=559)
	  ->  Index Scan using sbtest2_pkey on sbtest2  (cost=0.43..48.53 rows=10 width=559)
	        Index Cond: (id = ANY ('{38609,1366493,3355466,9730874,451803,1257822,8507498,5019617,3703624,979621}'::integer[]))

table 3 : explain UPDATE sbtest3 set c=7 WHERE id IN ( 38609, 1366493, 3355466, 9730874, 451803, 1257822, 8507498, 5019617, 3703624, 979621)
	Update on sbtest3  (cost=0.43..48.53 rows=10 width=559)
	  ->  Index Scan using sbtest3_pkey on sbtest3  (cost=0.43..48.53 rows=10 width=559)
	        Index Cond: (id = ANY ('{38609,1366493,3355466,9730874,451803,1257822,8507498,5019617,3703624,979621}'::integer[]))

table 4 : explain UPDATE sbtest4 set c=7 WHERE id IN ( 38609, 1366493, 3355466, 9730874, 451803, 1257822, 8507498, 5019617, 3703624, 979621)
	Update on sbtest4  (cost=0.43..48.53 rows=10 width=559)
	  ->  Index Scan using sbtest4_pkey on sbtest4  (cost=0.43..48.53 rows=10 width=559)
	        Index Cond: (id = ANY ('{38609,1366493,3355466,9730874,451803,1257822,8507498,5019617,3703624,979621}'::integer[]))

table 5 : explain UPDATE sbtest5 set c=7 WHERE id IN ( 38609, 1366493, 3355466, 9730874, 451803, 1257822, 8507498, 5019617, 3703624, 979621)
	Update on sbtest5  (cost=0.43..48.53 rows=10 width=559)
	  ->  Index Scan using sbtest5_pkey on sbtest5  (cost=0.43..48.53 rows=10 width=559)
	        Index Cond: (id = ANY ('{38609,1366493,3355466,9730874,451803,1257822,8507498,5019617,3703624,979621}'::integer[]))

table 6 : explain UPDATE sbtest6 set c=7 WHERE id IN ( 38609, 1366493, 3355466, 9730874, 451803, 1257822, 8507498, 5019617, 3703624, 979621)
	Update on sbtest6  (cost=0.43..48.53 rows=10 width=559)
	  ->  Index Scan using sbtest6_pkey on sbtest6  (cost=0.43..48.53 rows=10 width=559)
	        Index Cond: (id = ANY ('{38609,1366493,3355466,9730874,451803,1257822,8507498,5019617,3703624,979621}'::integer[]))

table 7 : explain UPDATE sbtest7 set c=7 WHERE id IN ( 38609, 1366493, 3355466, 9730874, 451803, 1257822, 8507498, 5019617, 3703624, 979621)
	Update on sbtest7  (cost=0.43..48.53 rows=10 width=559)
	  ->  Index Scan using sbtest7_pkey on sbtest7  (cost=0.43..48.53 rows=10 width=559)
	        Index Cond: (id = ANY ('{38609,1366493,3355466,9730874,451803,1257822,8507498,5019617,3703624,979621}'::integer[]))

table 8 : explain UPDATE sbtest8 set c=7 WHERE id IN ( 38609, 1366493, 3355466, 9730874, 451803, 1257822, 8507498, 5019617, 3703624, 979621)
	Update on sbtest8  (cost=0.43..48.53 rows=10 width=559)
	  ->  Index Scan using sbtest8_pkey on sbtest8  (cost=0.43..48.53 rows=10 width=559)
	        Index Cond: (id = ANY ('{38609,1366493,3355466,9730874,451803,1257822,8507498,5019617,3703624,979621}'::integer[]))

for update-inlist
table 1 : explain UPDATE sbtest1 set c=7 WHERE id IN ( 2780435, 9031003, 3174412, 6551674, 7496533, 2870332, 1750584, 7966073, 4460391, 260724)
	Update on sbtest1  (cost=0.43..48.53 rows=10 width=559)
	  ->  Index Scan using sbtest1_pkey on sbtest1  (cost=0.43..48.53 rows=10 width=559)
	        Index Cond: (id = ANY ('{2780435,9031003,3174412,6551674,7496533,2870332,1750584,7966073,4460391,260724}'::integer[]))

table 2 : explain UPDATE sbtest2 set c=7 WHERE id IN ( 2780435, 9031003, 3174412, 6551674, 7496533, 2870332, 1750584, 7966073, 4460391, 260724)
	Update on sbtest2  (cost=0.43..48.53 rows=10 width=559)
	  ->  Index Scan using sbtest2_pkey on sbtest2  (cost=0.43..48.53 rows=10 width=559)
	        Index Cond: (id = ANY ('{2780435,9031003,3174412,6551674,7496533,2870332,1750584,7966073,4460391,260724}'::integer[]))

table 3 : explain UPDATE sbtest3 set c=7 WHERE id IN ( 2780435, 9031003, 3174412, 6551674, 7496533, 2870332, 1750584, 7966073, 4460391, 260724)
	Update on sbtest3  (cost=0.43..48.53 rows=10 width=559)
	  ->  Index Scan using sbtest3_pkey on sbtest3  (cost=0.43..48.53 rows=10 width=559)
	        Index Cond: (id = ANY ('{2780435,9031003,3174412,6551674,7496533,2870332,1750584,7966073,4460391,260724}'::integer[]))

table 4 : explain UPDATE sbtest4 set c=7 WHERE id IN ( 2780435, 9031003, 3174412, 6551674, 7496533, 2870332, 1750584, 7966073, 4460391, 260724)
	Update on sbtest4  (cost=0.43..48.53 rows=10 width=559)
	  ->  Index Scan using sbtest4_pkey on sbtest4  (cost=0.43..48.53 rows=10 width=559)
	        Index Cond: (id = ANY ('{2780435,9031003,3174412,6551674,7496533,2870332,1750584,7966073,4460391,260724}'::integer[]))

table 5 : explain UPDATE sbtest5 set c=7 WHERE id IN ( 2780435, 9031003, 3174412, 6551674, 7496533, 2870332, 1750584, 7966073, 4460391, 260724)
	Update on sbtest5  (cost=0.43..48.53 rows=10 width=559)
	  ->  Index Scan using sbtest5_pkey on sbtest5  (cost=0.43..48.53 rows=10 width=559)
	        Index Cond: (id = ANY ('{2780435,9031003,3174412,6551674,7496533,2870332,1750584,7966073,4460391,260724}'::integer[]))

table 6 : explain UPDATE sbtest6 set c=7 WHERE id IN ( 2780435, 9031003, 3174412, 6551674, 7496533, 2870332, 1750584, 7966073, 4460391, 260724)
	Update on sbtest6  (cost=0.43..48.53 rows=10 width=559)
	  ->  Index Scan using sbtest6_pkey on sbtest6  (cost=0.43..48.53 rows=10 width=559)
	        Index Cond: (id = ANY ('{2780435,9031003,3174412,6551674,7496533,2870332,1750584,7966073,4460391,260724}'::integer[]))

table 7 : explain UPDATE sbtest7 set c=7 WHERE id IN ( 2780435, 9031003, 3174412, 6551674, 7496533, 2870332, 1750584, 7966073, 4460391, 260724)
	Update on sbtest7  (cost=0.43..48.53 rows=10 width=559)
	  ->  Index Scan using sbtest7_pkey on sbtest7  (cost=0.43..48.53 rows=10 width=559)
	        Index Cond: (id = ANY ('{2780435,9031003,3174412,6551674,7496533,2870332,1750584,7966073,4460391,260724}'::integer[]))

table 8 : explain UPDATE sbtest8 set c=7 WHERE id IN ( 2780435, 9031003, 3174412, 6551674, 7496533, 2870332, 1750584, 7966073, 4460391, 260724)
	Update on sbtest8  (cost=0.43..48.53 rows=10 width=559)
	  ->  Index Scan using sbtest8_pkey on sbtest8  (cost=0.43..48.53 rows=10 width=559)
	        Index Cond: (id = ANY ('{2780435,9031003,3174412,6551674,7496533,2870332,1750584,7966073,4460391,260724}'::integer[]))

explain: for update-inlist :: explain UPDATE sbtest%d set c=7 WHERE id IN ( 1505836, 2088657, 7563942, 6336170, 3330827, 7458786, 6070635, 4068463, 978928, 9910937)
explain: for update-inlist :: explain UPDATE sbtest%d set c=7 WHERE id IN ( 3745686, 8110226, 1589730, 6573173, 3289263, 2292217, 1780144, 6311129, 5372672, 2823413)
explain: for update-inlist :: explain UPDATE sbtest%d set c=7 WHERE id IN ( 8406467, 2454176, 4262921, 8479048, 3737139, 9848737, 461930, 6310696, 7516431, 4448270)
explain: for update-inlist :: explain UPDATE sbtest%d set c=7 WHERE id IN ( 4208424, 8484935, 8173024, 9214133, 4551920, 2941781, 5510671, 5180701, 9524956, 973171)
explain: for update-inlist :: explain UPDATE sbtest%d set c=7 WHERE id IN ( 9608638, 855288, 8093205, 3607379, 952509, 8867880, 9815582, 5214630, 9362791, 2389635)
for update-inlist
table 1 : explain UPDATE sbtest1 set c=7 WHERE id IN ( 1505836, 2088657, 7563942, 6336170, 3330827, 7458786, 6070635, 4068463, 978928, 9910937)
	Update on sbtest1  (cost=0.43..48.53 rows=10 width=559)
	  ->  Index Scan using sbtest1_pkey on sbtest1  (cost=0.43..48.53 rows=10 width=559)
	        Index Cond: (id = ANY ('{1505836,2088657,7563942,6336170,3330827,7458786,6070635,4068463,978928,9910937}'::integer[]))

table 2 : explain UPDATE sbtest2 set c=7 WHERE id IN ( 1505836, 2088657, 7563942, 6336170, 3330827, 7458786, 6070635, 4068463, 978928, 9910937)
	Update on sbtest2  (cost=0.43..48.53 rows=10 width=559)
	  ->  Index Scan using sbtest2_pkey on sbtest2  (cost=0.43..48.53 rows=10 width=559)
	        Index Cond: (id = ANY ('{1505836,2088657,7563942,6336170,3330827,7458786,6070635,4068463,978928,9910937}'::integer[]))

table 3 : explain UPDATE sbtest3 set c=7 WHERE id IN ( 1505836, 2088657, 7563942, 6336170, 3330827, 7458786, 6070635, 4068463, 978928, 9910937)
	Update on sbtest3  (cost=0.43..48.53 rows=10 width=559)
	  ->  Index Scan using sbtest3_pkey on sbtest3  (cost=0.43..48.53 rows=10 width=559)
	        Index Cond: (id = ANY ('{1505836,2088657,7563942,6336170,3330827,7458786,6070635,4068463,978928,9910937}'::integer[]))

table 4 : explain UPDATE sbtest4 set c=7 WHERE id IN ( 1505836, 2088657, 7563942, 6336170, 3330827, 7458786, 6070635, 4068463, 978928, 9910937)
	Update on sbtest4  (cost=0.43..48.53 rows=10 width=559)
	  ->  Index Scan using sbtest4_pkey on sbtest4  (cost=0.43..48.53 rows=10 width=559)
	        Index Cond: (id = ANY ('{1505836,2088657,7563942,6336170,3330827,7458786,6070635,4068463,978928,9910937}'::integer[]))

table 5 : explain UPDATE sbtest5 set c=7 WHERE id IN ( 1505836, 2088657, 7563942, 6336170, 3330827, 7458786, 6070635, 4068463, 978928, 9910937)
	Update on sbtest5  (cost=0.43..48.53 rows=10 width=559)
	  ->  Index Scan using sbtest5_pkey on sbtest5  (cost=0.43..48.53 rows=10 width=559)
	        Index Cond: (id = ANY ('{1505836,2088657,7563942,6336170,3330827,7458786,6070635,4068463,978928,9910937}'::integer[]))

table 6 : explain UPDATE sbtest6 set c=7 WHERE id IN ( 1505836, 2088657, 7563942, 6336170, 3330827, 7458786, 6070635, 4068463, 978928, 9910937)
	Update on sbtest6  (cost=0.43..48.53 rows=10 width=559)
	  ->  Index Scan using sbtest6_pkey on sbtest6  (cost=0.43..48.53 rows=10 width=559)
	        Index Cond: (id = ANY ('{1505836,2088657,7563942,6336170,3330827,7458786,6070635,4068463,978928,9910937}'::integer[]))

table 7 : explain UPDATE sbtest7 set c=7 WHERE id IN ( 1505836, 2088657, 7563942, 6336170, 3330827, 7458786, 6070635, 4068463, 978928, 9910937)
	Update on sbtest7  (cost=0.43..48.53 rows=10 width=559)
	  ->  Index Scan using sbtest7_pkey on sbtest7  (cost=0.43..48.53 rows=10 width=559)
	        Index Cond: (id = ANY ('{1505836,2088657,7563942,6336170,3330827,7458786,6070635,4068463,978928,9910937}'::integer[]))

table 8 : explain UPDATE sbtest8 set c=7 WHERE id IN ( 1505836, 2088657, 7563942, 6336170, 3330827, 7458786, 6070635, 4068463, 978928, 9910937)
	Update on sbtest8  (cost=0.43..48.53 rows=10 width=559)
	  ->  Index Scan using sbtest8_pkey on sbtest8  (cost=0.43..48.53 rows=10 width=559)
	        Index Cond: (id = ANY ('{1505836,2088657,7563942,6336170,3330827,7458786,6070635,4068463,978928,9910937}'::integer[]))

explain: for update-inlist :: explain UPDATE sbtest%d set c=7 WHERE id IN ( 8519701, 2003201, 892882, 7139442, 1630938, 8959620, 3118646, 3453908, 3384822, 8228827)
explain: for update-inlist :: explain UPDATE sbtest%d set c=7 WHERE id IN ( 2206102, 1385416, 7285927, 9782593, 7549138, 1649435, 2805300, 3886619, 7174936, 5695180)
for update-inlist
table 1 : explain UPDATE sbtest1 set c=7 WHERE id IN ( 8406467, 2454176, 4262921, 8479048, 3737139, 9848737, 461930, 6310696, 7516431, 4448270)
	Update on sbtest1  (cost=0.43..48.53 rows=10 width=559)
	  ->  Index Scan using sbtest1_pkey on sbtest1  (cost=0.43..48.53 rows=10 width=559)
	        Index Cond: (id = ANY ('{8406467,2454176,4262921,8479048,3737139,9848737,461930,6310696,7516431,4448270}'::integer[]))

table 2 : explain UPDATE sbtest2 set c=7 WHERE id IN ( 8406467, 2454176, 4262921, 8479048, 3737139, 9848737, 461930, 6310696, 7516431, 4448270)
	Update on sbtest2  (cost=0.43..48.53 rows=10 width=559)
	  ->  Index Scan using sbtest2_pkey on sbtest2  (cost=0.43..48.53 rows=10 width=559)
	        Index Cond: (id = ANY ('{8406467,2454176,4262921,8479048,3737139,9848737,461930,6310696,7516431,4448270}'::integer[]))

table 3 : explain UPDATE sbtest3 set c=7 WHERE id IN ( 8406467, 2454176, 4262921, 8479048, 3737139, 9848737, 461930, 6310696, 7516431, 4448270)
	Update on sbtest3  (cost=0.43..48.53 rows=10 width=559)
	  ->  Index Scan using sbtest3_pkey on sbtest3  (cost=0.43..48.53 rows=10 width=559)
	        Index Cond: (id = ANY ('{8406467,2454176,4262921,8479048,3737139,9848737,461930,6310696,7516431,4448270}'::integer[]))

table 4 : explain UPDATE sbtest4 set c=7 WHERE id IN ( 8406467, 2454176, 4262921, 8479048, 3737139, 9848737, 461930, 6310696, 7516431, 4448270)
	Update on sbtest4  (cost=0.43..48.53 rows=10 width=559)
	  ->  Index Scan using sbtest4_pkey on sbtest4  (cost=0.43..48.53 rows=10 width=559)
	        Index Cond: (id = ANY ('{8406467,2454176,4262921,8479048,3737139,9848737,461930,6310696,7516431,4448270}'::integer[]))

table 5 : explain UPDATE sbtest5 set c=7 WHERE id IN ( 8406467, 2454176, 4262921, 8479048, 3737139, 9848737, 461930, 6310696, 7516431, 4448270)
	Update on sbtest5  (cost=0.43..48.53 rows=10 width=559)
	  ->  Index Scan using sbtest5_pkey on sbtest5  (cost=0.43..48.53 rows=10 width=559)
	        Index Cond: (id = ANY ('{8406467,2454176,4262921,8479048,3737139,9848737,461930,6310696,7516431,4448270}'::integer[]))

table 6 : explain UPDATE sbtest6 set c=7 WHERE id IN ( 8406467, 2454176, 4262921, 8479048, 3737139, 9848737, 461930, 6310696, 7516431, 4448270)
	Update on sbtest6  (cost=0.43..48.53 rows=10 width=559)
	  ->  Index Scan using sbtest6_pkey on sbtest6  (cost=0.43..48.53 rows=10 width=559)
	        Index Cond: (id = ANY ('{8406467,2454176,4262921,8479048,3737139,9848737,461930,6310696,7516431,4448270}'::integer[]))

table 7 : explain UPDATE sbtest7 set c=7 WHERE id IN ( 8406467, 2454176, 4262921, 8479048, 3737139, 9848737, 461930, 6310696, 7516431, 4448270)
	Update on sbtest7  (cost=0.43..48.53 rows=10 width=559)
	  ->  Index Scan using sbtest7_pkey on sbtest7  (cost=0.43..48.53 rows=10 width=559)
	        Index Cond: (id = ANY ('{8406467,2454176,4262921,8479048,3737139,9848737,461930,6310696,7516431,4448270}'::integer[]))

table 8 : explain UPDATE sbtest8 set c=7 WHERE id IN ( 8406467, 2454176, 4262921, 8479048, 3737139, 9848737, 461930, 6310696, 7516431, 4448270)
	Update on sbtest8  (cost=0.43..48.53 rows=10 width=559)
	  ->  Index Scan using sbtest8_pkey on sbtest8  (cost=0.43..48.53 rows=10 width=559)
	        Index Cond: (id = ANY ('{8406467,2454176,4262921,8479048,3737139,9848737,461930,6310696,7516431,4448270}'::integer[]))

explain: for update-inlist :: explain UPDATE sbtest%d set c=7 WHERE id IN ( 628748, 8750991, 3484970, 1792818, 5264334, 3797782, 9151475, 3048685, 8194237, 4451022)
for update-inlist
table 1 : explain UPDATE sbtest1 set c=7 WHERE id IN ( 4208424, 8484935, 8173024, 9214133, 4551920, 2941781, 5510671, 5180701, 9524956, 973171)
	Update on sbtest1  (cost=0.43..48.53 rows=10 width=559)
	  ->  Index Scan using sbtest1_pkey on sbtest1  (cost=0.43..48.53 rows=10 width=559)
	        Index Cond: (id = ANY ('{4208424,8484935,8173024,9214133,4551920,2941781,5510671,5180701,9524956,973171}'::integer[]))

table 2 : explain UPDATE sbtest2 set c=7 WHERE id IN ( 4208424, 8484935, 8173024, 9214133, 4551920, 2941781, 5510671, 5180701, 9524956, 973171)
	Update on sbtest2  (cost=0.43..48.53 rows=10 width=559)
	  ->  Index Scan using sbtest2_pkey on sbtest2  (cost=0.43..48.53 rows=10 width=559)
	        Index Cond: (id = ANY ('{4208424,8484935,8173024,9214133,4551920,2941781,5510671,5180701,9524956,973171}'::integer[]))

table 3 : explain UPDATE sbtest3 set c=7 WHERE id IN ( 4208424, 8484935, 8173024, 9214133, 4551920, 2941781, 5510671, 5180701, 9524956, 973171)
	Update on sbtest3  (cost=0.43..48.53 rows=10 width=559)
	  ->  Index Scan using sbtest3_pkey on sbtest3  (cost=0.43..48.53 rows=10 width=559)
	        Index Cond: (id = ANY ('{4208424,8484935,8173024,9214133,4551920,2941781,5510671,5180701,9524956,973171}'::integer[]))

table 4 : explain UPDATE sbtest4 set c=7 WHERE id IN ( 4208424, 8484935, 8173024, 9214133, 4551920, 2941781, 5510671, 5180701, 9524956, 973171)
	Update on sbtest4  (cost=0.43..48.53 rows=10 width=559)
	  ->  Index Scan using sbtest4_pkey on sbtest4  (cost=0.43..48.53 rows=10 width=559)
	        Index Cond: (id = ANY ('{4208424,8484935,8173024,9214133,4551920,2941781,5510671,5180701,9524956,973171}'::integer[]))

table 5 : explain UPDATE sbtest5 set c=7 WHERE id IN ( 4208424, 8484935, 8173024, 9214133, 4551920, 2941781, 5510671, 5180701, 9524956, 973171)
	Update on sbtest5  (cost=0.43..48.53 rows=10 width=559)
	  ->  Index Scan using sbtest5_pkey on sbtest5  (cost=0.43..48.53 rows=10 width=559)
	        Index Cond: (id = ANY ('{4208424,8484935,8173024,9214133,4551920,2941781,5510671,5180701,9524956,973171}'::integer[]))

table 6 : explain UPDATE sbtest6 set c=7 WHERE id IN ( 4208424, 8484935, 8173024, 9214133, 4551920, 2941781, 5510671, 5180701, 9524956, 973171)
	Update on sbtest6  (cost=0.43..48.53 rows=10 width=559)
	  ->  Index Scan using sbtest6_pkey on sbtest6  (cost=0.43..48.53 rows=10 width=559)
	        Index Cond: (id = ANY ('{4208424,8484935,8173024,9214133,4551920,2941781,5510671,5180701,9524956,973171}'::integer[]))

table 7 : explain UPDATE sbtest7 set c=7 WHERE id IN ( 4208424, 8484935, 8173024, 9214133, 4551920, 2941781, 5510671, 5180701, 9524956, 973171)
	Update on sbtest7  (cost=0.43..48.53 rows=10 width=559)
	  ->  Index Scan using sbtest7_pkey on sbtest7  (cost=0.43..48.53 rows=10 width=559)
	        Index Cond: (id = ANY ('{4208424,8484935,8173024,9214133,4551920,2941781,5510671,5180701,9524956,973171}'::integer[]))

table 8 : explain UPDATE sbtest8 set c=7 WHERE id IN ( 4208424, 8484935, 8173024, 9214133, 4551920, 2941781, 5510671, 5180701, 9524956, 973171)
	Update on sbtest8  (cost=0.43..48.53 rows=10 width=559)
	  ->  Index Scan using sbtest8_pkey on sbtest8  (cost=0.43..48.53 rows=10 width=559)
	        Index Cond: (id = ANY ('{4208424,8484935,8173024,9214133,4551920,2941781,5510671,5180701,9524956,973171}'::integer[]))

for update-inlist
table 1 : explain UPDATE sbtest1 set c=7 WHERE id IN ( 3745686, 8110226, 1589730, 6573173, 3289263, 2292217, 1780144, 6311129, 5372672, 2823413)
	Update on sbtest1  (cost=0.43..48.53 rows=10 width=559)
	  ->  Index Scan using sbtest1_pkey on sbtest1  (cost=0.43..48.53 rows=10 width=559)
	        Index Cond: (id = ANY ('{3745686,8110226,1589730,6573173,3289263,2292217,1780144,6311129,5372672,2823413}'::integer[]))

table 2 : explain UPDATE sbtest2 set c=7 WHERE id IN ( 3745686, 8110226, 1589730, 6573173, 3289263, 2292217, 1780144, 6311129, 5372672, 2823413)
	Update on sbtest2  (cost=0.43..48.53 rows=10 width=559)
	  ->  Index Scan using sbtest2_pkey on sbtest2  (cost=0.43..48.53 rows=10 width=559)
	        Index Cond: (id = ANY ('{3745686,8110226,1589730,6573173,3289263,2292217,1780144,6311129,5372672,2823413}'::integer[]))

table 3 : explain UPDATE sbtest3 set c=7 WHERE id IN ( 3745686, 8110226, 1589730, 6573173, 3289263, 2292217, 1780144, 6311129, 5372672, 2823413)
	Update on sbtest3  (cost=0.43..48.53 rows=10 width=559)
	  ->  Index Scan using sbtest3_pkey on sbtest3  (cost=0.43..48.53 rows=10 width=559)
	        Index Cond: (id = ANY ('{3745686,8110226,1589730,6573173,3289263,2292217,1780144,6311129,5372672,2823413}'::integer[]))

table 4 : explain UPDATE sbtest4 set c=7 WHERE id IN ( 3745686, 8110226, 1589730, 6573173, 3289263, 2292217, 1780144, 6311129, 5372672, 2823413)
	Update on sbtest4  (cost=0.43..48.53 rows=10 width=559)
	  ->  Index Scan using sbtest4_pkey on sbtest4  (cost=0.43..48.53 rows=10 width=559)
	        Index Cond: (id = ANY ('{3745686,8110226,1589730,6573173,3289263,2292217,1780144,6311129,5372672,2823413}'::integer[]))

table 5 : explain UPDATE sbtest5 set c=7 WHERE id IN ( 3745686, 8110226, 1589730, 6573173, 3289263, 2292217, 1780144, 6311129, 5372672, 2823413)
	Update on sbtest5  (cost=0.43..48.53 rows=10 width=559)
	  ->  Index Scan using sbtest5_pkey on sbtest5  (cost=0.43..48.53 rows=10 width=559)
	        Index Cond: (id = ANY ('{3745686,8110226,1589730,6573173,3289263,2292217,1780144,6311129,5372672,2823413}'::integer[]))

table 6 : explain UPDATE sbtest6 set c=7 WHERE id IN ( 3745686, 8110226, 1589730, 6573173, 3289263, 2292217, 1780144, 6311129, 5372672, 2823413)
	Update on sbtest6  (cost=0.43..48.53 rows=10 width=559)
	  ->  Index Scan using sbtest6_pkey on sbtest6  (cost=0.43..48.53 rows=10 width=559)
	        Index Cond: (id = ANY ('{3745686,8110226,1589730,6573173,3289263,2292217,1780144,6311129,5372672,2823413}'::integer[]))

table 7 : explain UPDATE sbtest7 set c=7 WHERE id IN ( 3745686, 8110226, 1589730, 6573173, 3289263, 2292217, 1780144, 6311129, 5372672, 2823413)
	Update on sbtest7  (cost=0.43..48.53 rows=10 width=559)
	  ->  Index Scan using sbtest7_pkey on sbtest7  (cost=0.43..48.53 rows=10 width=559)
	        Index Cond: (id = ANY ('{3745686,8110226,1589730,6573173,3289263,2292217,1780144,6311129,5372672,2823413}'::integer[]))

table 8 : explain UPDATE sbtest8 set c=7 WHERE id IN ( 3745686, 8110226, 1589730, 6573173, 3289263, 2292217, 1780144, 6311129, 5372672, 2823413)
	Update on sbtest8  (cost=0.43..48.53 rows=10 width=559)
	  ->  Index Scan using sbtest8_pkey on sbtest8  (cost=0.43..48.53 rows=10 width=559)
	        Index Cond: (id = ANY ('{3745686,8110226,1589730,6573173,3289263,2292217,1780144,6311129,5372672,2823413}'::integer[]))

for update-inlist
table 1 : explain UPDATE sbtest1 set c=7 WHERE id IN ( 9608638, 855288, 8093205, 3607379, 952509, 8867880, 9815582, 5214630, 9362791, 2389635)
	Update on sbtest1  (cost=0.43..48.53 rows=10 width=559)
	  ->  Index Scan using sbtest1_pkey on sbtest1  (cost=0.43..48.53 rows=10 width=559)
	        Index Cond: (id = ANY ('{9608638,855288,8093205,3607379,952509,8867880,9815582,5214630,9362791,2389635}'::integer[]))

table 2 : explain UPDATE sbtest2 set c=7 WHERE id IN ( 9608638, 855288, 8093205, 3607379, 952509, 8867880, 9815582, 5214630, 9362791, 2389635)
	Update on sbtest2  (cost=0.43..48.53 rows=10 width=559)
	  ->  Index Scan using sbtest2_pkey on sbtest2  (cost=0.43..48.53 rows=10 width=559)
	        Index Cond: (id = ANY ('{9608638,855288,8093205,3607379,952509,8867880,9815582,5214630,9362791,2389635}'::integer[]))

table 3 : explain UPDATE sbtest3 set c=7 WHERE id IN ( 9608638, 855288, 8093205, 3607379, 952509, 8867880, 9815582, 5214630, 9362791, 2389635)
	Update on sbtest3  (cost=0.43..48.53 rows=10 width=559)
	  ->  Index Scan using sbtest3_pkey on sbtest3  (cost=0.43..48.53 rows=10 width=559)
	        Index Cond: (id = ANY ('{9608638,855288,8093205,3607379,952509,8867880,9815582,5214630,9362791,2389635}'::integer[]))

table 4 : explain UPDATE sbtest4 set c=7 WHERE id IN ( 9608638, 855288, 8093205, 3607379, 952509, 8867880, 9815582, 5214630, 9362791, 2389635)
	Update on sbtest4  (cost=0.43..48.53 rows=10 width=559)
	  ->  Index Scan using sbtest4_pkey on sbtest4  (cost=0.43..48.53 rows=10 width=559)
	        Index Cond: (id = ANY ('{9608638,855288,8093205,3607379,952509,8867880,9815582,5214630,9362791,2389635}'::integer[]))

table 5 : explain UPDATE sbtest5 set c=7 WHERE id IN ( 9608638, 855288, 8093205, 3607379, 952509, 8867880, 9815582, 5214630, 9362791, 2389635)
	Update on sbtest5  (cost=0.43..48.53 rows=10 width=559)
	  ->  Index Scan using sbtest5_pkey on sbtest5  (cost=0.43..48.53 rows=10 width=559)
	        Index Cond: (id = ANY ('{9608638,855288,8093205,3607379,952509,8867880,9815582,5214630,9362791,2389635}'::integer[]))

table 6 : explain UPDATE sbtest6 set c=7 WHERE id IN ( 9608638, 855288, 8093205, 3607379, 952509, 8867880, 9815582, 5214630, 9362791, 2389635)
	Update on sbtest6  (cost=0.43..48.53 rows=10 width=559)
	  ->  Index Scan using sbtest6_pkey on sbtest6  (cost=0.43..48.53 rows=10 width=559)
	        Index Cond: (id = ANY ('{9608638,855288,8093205,3607379,952509,8867880,9815582,5214630,9362791,2389635}'::integer[]))

table 7 : explain UPDATE sbtest7 set c=7 WHERE id IN ( 9608638, 855288, 8093205, 3607379, 952509, 8867880, 9815582, 5214630, 9362791, 2389635)
	Update on sbtest7  (cost=0.43..48.53 rows=10 width=559)
	  ->  Index Scan using sbtest7_pkey on sbtest7  (cost=0.43..48.53 rows=10 width=559)
	        Index Cond: (id = ANY ('{9608638,855288,8093205,3607379,952509,8867880,9815582,5214630,9362791,2389635}'::integer[]))

table 8 : explain UPDATE sbtest8 set c=7 WHERE id IN ( 9608638, 855288, 8093205, 3607379, 952509, 8867880, 9815582, 5214630, 9362791, 2389635)
	Update on sbtest8  (cost=0.43..48.53 rows=10 width=559)
	  ->  Index Scan using sbtest8_pkey on sbtest8  (cost=0.43..48.53 rows=10 width=559)
	        Index Cond: (id = ANY ('{9608638,855288,8093205,3607379,952509,8867880,9815582,5214630,9362791,2389635}'::integer[]))

for update-inlist
table 1 : explain UPDATE sbtest1 set c=7 WHERE id IN ( 8519701, 2003201, 892882, 7139442, 1630938, 8959620, 3118646, 3453908, 3384822, 8228827)
	Update on sbtest1  (cost=0.43..48.53 rows=10 width=559)
	  ->  Index Scan using sbtest1_pkey on sbtest1  (cost=0.43..48.53 rows=10 width=559)
	        Index Cond: (id = ANY ('{8519701,2003201,892882,7139442,1630938,8959620,3118646,3453908,3384822,8228827}'::integer[]))

table 2 : explain UPDATE sbtest2 set c=7 WHERE id IN ( 8519701, 2003201, 892882, 7139442, 1630938, 8959620, 3118646, 3453908, 3384822, 8228827)
	Update on sbtest2  (cost=0.43..48.53 rows=10 width=559)
	  ->  Index Scan using sbtest2_pkey on sbtest2  (cost=0.43..48.53 rows=10 width=559)
	        Index Cond: (id = ANY ('{8519701,2003201,892882,7139442,1630938,8959620,3118646,3453908,3384822,8228827}'::integer[]))

table 3 : explain UPDATE sbtest3 set c=7 WHERE id IN ( 8519701, 2003201, 892882, 7139442, 1630938, 8959620, 3118646, 3453908, 3384822, 8228827)
	Update on sbtest3  (cost=0.43..48.53 rows=10 width=559)
	  ->  Index Scan using sbtest3_pkey on sbtest3  (cost=0.43..48.53 rows=10 width=559)
	        Index Cond: (id = ANY ('{8519701,2003201,892882,7139442,1630938,8959620,3118646,3453908,3384822,8228827}'::integer[]))

table 4 : explain UPDATE sbtest4 set c=7 WHERE id IN ( 8519701, 2003201, 892882, 7139442, 1630938, 8959620, 3118646, 3453908, 3384822, 8228827)
	Update on sbtest4  (cost=0.43..48.53 rows=10 width=559)
	  ->  Index Scan using sbtest4_pkey on sbtest4  (cost=0.43..48.53 rows=10 width=559)
	        Index Cond: (id = ANY ('{8519701,2003201,892882,7139442,1630938,8959620,3118646,3453908,3384822,8228827}'::integer[]))

table 5 : explain UPDATE sbtest5 set c=7 WHERE id IN ( 8519701, 2003201, 892882, 7139442, 1630938, 8959620, 3118646, 3453908, 3384822, 8228827)
	Update on sbtest5  (cost=0.43..48.53 rows=10 width=559)
	  ->  Index Scan using sbtest5_pkey on sbtest5  (cost=0.43..48.53 rows=10 width=559)
	        Index Cond: (id = ANY ('{8519701,2003201,892882,7139442,1630938,8959620,3118646,3453908,3384822,8228827}'::integer[]))

table 6 : explain UPDATE sbtest6 set c=7 WHERE id IN ( 8519701, 2003201, 892882, 7139442, 1630938, 8959620, 3118646, 3453908, 3384822, 8228827)
	Update on sbtest6  (cost=0.43..48.53 rows=10 width=559)
	  ->  Index Scan using sbtest6_pkey on sbtest6  (cost=0.43..48.53 rows=10 width=559)
	        Index Cond: (id = ANY ('{8519701,2003201,892882,7139442,1630938,8959620,3118646,3453908,3384822,8228827}'::integer[]))

table 7 : explain UPDATE sbtest7 set c=7 WHERE id IN ( 8519701, 2003201, 892882, 7139442, 1630938, 8959620, 3118646, 3453908, 3384822, 8228827)
	Update on sbtest7  (cost=0.43..48.53 rows=10 width=559)
	  ->  Index Scan using sbtest7_pkey on sbtest7  (cost=0.43..48.53 rows=10 width=559)
	        Index Cond: (id = ANY ('{8519701,2003201,892882,7139442,1630938,8959620,3118646,3453908,3384822,8228827}'::integer[]))

table 8 : explain UPDATE sbtest8 set c=7 WHERE id IN ( 8519701, 2003201, 892882, 7139442, 1630938, 8959620, 3118646, 3453908, 3384822, 8228827)
	Update on sbtest8  (cost=0.43..48.53 rows=10 width=559)
	  ->  Index Scan using sbtest8_pkey on sbtest8  (cost=0.43..48.53 rows=10 width=559)
	        Index Cond: (id = ANY ('{8519701,2003201,892882,7139442,1630938,8959620,3118646,3453908,3384822,8228827}'::integer[]))

for update-inlist
table 1 : explain UPDATE sbtest1 set c=7 WHERE id IN ( 2206102, 1385416, 7285927, 9782593, 7549138, 1649435, 2805300, 3886619, 7174936, 5695180)
	Update on sbtest1  (cost=0.43..48.53 rows=10 width=559)
	  ->  Index Scan using sbtest1_pkey on sbtest1  (cost=0.43..48.53 rows=10 width=559)
	        Index Cond: (id = ANY ('{2206102,1385416,7285927,9782593,7549138,1649435,2805300,3886619,7174936,5695180}'::integer[]))

table 2 : explain UPDATE sbtest2 set c=7 WHERE id IN ( 2206102, 1385416, 7285927, 9782593, 7549138, 1649435, 2805300, 3886619, 7174936, 5695180)
	Update on sbtest2  (cost=0.43..48.53 rows=10 width=559)
	  ->  Index Scan using sbtest2_pkey on sbtest2  (cost=0.43..48.53 rows=10 width=559)
	        Index Cond: (id = ANY ('{2206102,1385416,7285927,9782593,7549138,1649435,2805300,3886619,7174936,5695180}'::integer[]))

table 3 : explain UPDATE sbtest3 set c=7 WHERE id IN ( 2206102, 1385416, 7285927, 9782593, 7549138, 1649435, 2805300, 3886619, 7174936, 5695180)
	Update on sbtest3  (cost=0.43..48.53 rows=10 width=559)
	  ->  Index Scan using sbtest3_pkey on sbtest3  (cost=0.43..48.53 rows=10 width=559)
	        Index Cond: (id = ANY ('{2206102,1385416,7285927,9782593,7549138,1649435,2805300,3886619,7174936,5695180}'::integer[]))

table 4 : explain UPDATE sbtest4 set c=7 WHERE id IN ( 2206102, 1385416, 7285927, 9782593, 7549138, 1649435, 2805300, 3886619, 7174936, 5695180)
	Update on sbtest4  (cost=0.43..48.53 rows=10 width=559)
	  ->  Index Scan using sbtest4_pkey on sbtest4  (cost=0.43..48.53 rows=10 width=559)
	        Index Cond: (id = ANY ('{2206102,1385416,7285927,9782593,7549138,1649435,2805300,3886619,7174936,5695180}'::integer[]))

table 5 : explain UPDATE sbtest5 set c=7 WHERE id IN ( 2206102, 1385416, 7285927, 9782593, 7549138, 1649435, 2805300, 3886619, 7174936, 5695180)
	Update on sbtest5  (cost=0.43..48.53 rows=10 width=559)
	  ->  Index Scan using sbtest5_pkey on sbtest5  (cost=0.43..48.53 rows=10 width=559)
	        Index Cond: (id = ANY ('{2206102,1385416,7285927,9782593,7549138,1649435,2805300,3886619,7174936,5695180}'::integer[]))

table 6 : explain UPDATE sbtest6 set c=7 WHERE id IN ( 2206102, 1385416, 7285927, 9782593, 7549138, 1649435, 2805300, 3886619, 7174936, 5695180)
	Update on sbtest6  (cost=0.43..48.53 rows=10 width=559)
	  ->  Index Scan using sbtest6_pkey on sbtest6  (cost=0.43..48.53 rows=10 width=559)
	        Index Cond: (id = ANY ('{2206102,1385416,7285927,9782593,7549138,1649435,2805300,3886619,7174936,5695180}'::integer[]))

table 7 : explain UPDATE sbtest7 set c=7 WHERE id IN ( 2206102, 1385416, 7285927, 9782593, 7549138, 1649435, 2805300, 3886619, 7174936, 5695180)
	Update on sbtest7  (cost=0.43..48.53 rows=10 width=559)
	  ->  Index Scan using sbtest7_pkey on sbtest7  (cost=0.43..48.53 rows=10 width=559)
	        Index Cond: (id = ANY ('{2206102,1385416,7285927,9782593,7549138,1649435,2805300,3886619,7174936,5695180}'::integer[]))

table 8 : explain UPDATE sbtest8 set c=7 WHERE id IN ( 2206102, 1385416, 7285927, 9782593, 7549138, 1649435, 2805300, 3886619, 7174936, 5695180)
	Update on sbtest8  (cost=0.43..48.53 rows=10 width=559)
	  ->  Index Scan using sbtest8_pkey on sbtest8  (cost=0.43..48.53 rows=10 width=559)
	        Index Cond: (id = ANY ('{2206102,1385416,7285927,9782593,7549138,1649435,2805300,3886619,7174936,5695180}'::integer[]))

explain: for update-inlist :: explain UPDATE sbtest%d set c=7 WHERE id IN ( 783076, 8945443, 7552873, 2093094, 7756731, 9049787, 5105559, 7023089, 3477691, 2378326)
explain: for update-inlist :: explain UPDATE sbtest%d set c=7 WHERE id IN ( 6517360, 1877729, 367019, 8336499, 6056946, 8678664, 7072695, 1723772, 1040080, 1427357)
for update-inlist
table 1 : explain UPDATE sbtest1 set c=7 WHERE id IN ( 628748, 8750991, 3484970, 1792818, 5264334, 3797782, 9151475, 3048685, 8194237, 4451022)
	Update on sbtest1  (cost=0.43..48.53 rows=10 width=559)
	  ->  Index Scan using sbtest1_pkey on sbtest1  (cost=0.43..48.53 rows=10 width=559)
	        Index Cond: (id = ANY ('{628748,8750991,3484970,1792818,5264334,3797782,9151475,3048685,8194237,4451022}'::integer[]))

table 2 : explain UPDATE sbtest2 set c=7 WHERE id IN ( 628748, 8750991, 3484970, 1792818, 5264334, 3797782, 9151475, 3048685, 8194237, 4451022)
	Update on sbtest2  (cost=0.43..48.53 rows=10 width=559)
	  ->  Index Scan using sbtest2_pkey on sbtest2  (cost=0.43..48.53 rows=10 width=559)
	        Index Cond: (id = ANY ('{628748,8750991,3484970,1792818,5264334,3797782,9151475,3048685,8194237,4451022}'::integer[]))

table 3 : explain UPDATE sbtest3 set c=7 WHERE id IN ( 628748, 8750991, 3484970, 1792818, 5264334, 3797782, 9151475, 3048685, 8194237, 4451022)
	Update on sbtest3  (cost=0.43..48.53 rows=10 width=559)
	  ->  Index Scan using sbtest3_pkey on sbtest3  (cost=0.43..48.53 rows=10 width=559)
	        Index Cond: (id = ANY ('{628748,8750991,3484970,1792818,5264334,3797782,9151475,3048685,8194237,4451022}'::integer[]))

table 4 : explain UPDATE sbtest4 set c=7 WHERE id IN ( 628748, 8750991, 3484970, 1792818, 5264334, 3797782, 9151475, 3048685, 8194237, 4451022)
	Update on sbtest4  (cost=0.43..48.53 rows=10 width=559)
	  ->  Index Scan using sbtest4_pkey on sbtest4  (cost=0.43..48.53 rows=10 width=559)
	        Index Cond: (id = ANY ('{628748,8750991,3484970,1792818,5264334,3797782,9151475,3048685,8194237,4451022}'::integer[]))

table 5 : explain UPDATE sbtest5 set c=7 WHERE id IN ( 628748, 8750991, 3484970, 1792818, 5264334, 3797782, 9151475, 3048685, 8194237, 4451022)
	Update on sbtest5  (cost=0.43..48.53 rows=10 width=559)
	  ->  Index Scan using sbtest5_pkey on sbtest5  (cost=0.43..48.53 rows=10 width=559)
	        Index Cond: (id = ANY ('{628748,8750991,3484970,1792818,5264334,3797782,9151475,3048685,8194237,4451022}'::integer[]))

table 6 : explain UPDATE sbtest6 set c=7 WHERE id IN ( 628748, 8750991, 3484970, 1792818, 5264334, 3797782, 9151475, 3048685, 8194237, 4451022)
	Update on sbtest6  (cost=0.43..48.53 rows=10 width=559)
	  ->  Index Scan using sbtest6_pkey on sbtest6  (cost=0.43..48.53 rows=10 width=559)
	        Index Cond: (id = ANY ('{628748,8750991,3484970,1792818,5264334,3797782,9151475,3048685,8194237,4451022}'::integer[]))

table 7 : explain UPDATE sbtest7 set c=7 WHERE id IN ( 628748, 8750991, 3484970, 1792818, 5264334, 3797782, 9151475, 3048685, 8194237, 4451022)
	Update on sbtest7  (cost=0.43..48.53 rows=10 width=559)
	  ->  Index Scan using sbtest7_pkey on sbtest7  (cost=0.43..48.53 rows=10 width=559)
	        Index Cond: (id = ANY ('{628748,8750991,3484970,1792818,5264334,3797782,9151475,3048685,8194237,4451022}'::integer[]))

table 8 : explain UPDATE sbtest8 set c=7 WHERE id IN ( 628748, 8750991, 3484970, 1792818, 5264334, 3797782, 9151475, 3048685, 8194237, 4451022)
	Update on sbtest8  (cost=0.43..48.53 rows=10 width=559)
	  ->  Index Scan using sbtest8_pkey on sbtest8  (cost=0.43..48.53 rows=10 width=559)
	        Index Cond: (id = ANY ('{628748,8750991,3484970,1792818,5264334,3797782,9151475,3048685,8194237,4451022}'::integer[]))

explain: for update-inlist :: explain UPDATE sbtest%d set c=7 WHERE id IN ( 7209486, 6332335, 9307357, 542010, 5269980, 3231460, 4804461, 550944, 251256, 1597639)
explain: for update-inlist :: explain UPDATE sbtest%d set c=7 WHERE id IN ( 1607508, 8704344, 4419916, 3837369, 3217211, 8868940, 140465, 7335648, 9396553, 4571870)
explain: for update-inlist :: explain UPDATE sbtest%d set c=7 WHERE id IN ( 2758683, 463352, 3500981, 2482098, 4753893, 3548974, 3655602, 839854, 9131326, 8114992)
for update-inlist
table 1 : explain UPDATE sbtest1 set c=7 WHERE id IN ( 783076, 8945443, 7552873, 2093094, 7756731, 9049787, 5105559, 7023089, 3477691, 2378326)
	Update on sbtest1  (cost=0.43..48.53 rows=10 width=559)
	  ->  Index Scan using sbtest1_pkey on sbtest1  (cost=0.43..48.53 rows=10 width=559)
	        Index Cond: (id = ANY ('{783076,8945443,7552873,2093094,7756731,9049787,5105559,7023089,3477691,2378326}'::integer[]))

table 2 : explain UPDATE sbtest2 set c=7 WHERE id IN ( 783076, 8945443, 7552873, 2093094, 7756731, 9049787, 5105559, 7023089, 3477691, 2378326)
	Update on sbtest2  (cost=0.43..48.53 rows=10 width=559)
	  ->  Index Scan using sbtest2_pkey on sbtest2  (cost=0.43..48.53 rows=10 width=559)
	        Index Cond: (id = ANY ('{783076,8945443,7552873,2093094,7756731,9049787,5105559,7023089,3477691,2378326}'::integer[]))

table 3 : explain UPDATE sbtest3 set c=7 WHERE id IN ( 783076, 8945443, 7552873, 2093094, 7756731, 9049787, 5105559, 7023089, 3477691, 2378326)
	Update on sbtest3  (cost=0.43..48.53 rows=10 width=559)
	  ->  Index Scan using sbtest3_pkey on sbtest3  (cost=0.43..48.53 rows=10 width=559)
	        Index Cond: (id = ANY ('{783076,8945443,7552873,2093094,7756731,9049787,5105559,7023089,3477691,2378326}'::integer[]))

table 4 : explain UPDATE sbtest4 set c=7 WHERE id IN ( 783076, 8945443, 7552873, 2093094, 7756731, 9049787, 5105559, 7023089, 3477691, 2378326)
	Update on sbtest4  (cost=0.43..48.53 rows=10 width=559)
	  ->  Index Scan using sbtest4_pkey on sbtest4  (cost=0.43..48.53 rows=10 width=559)
	        Index Cond: (id = ANY ('{783076,8945443,7552873,2093094,7756731,9049787,5105559,7023089,3477691,2378326}'::integer[]))

table 5 : explain UPDATE sbtest5 set c=7 WHERE id IN ( 783076, 8945443, 7552873, 2093094, 7756731, 9049787, 5105559, 7023089, 3477691, 2378326)
	Update on sbtest5  (cost=0.43..48.53 rows=10 width=559)
	  ->  Index Scan using sbtest5_pkey on sbtest5  (cost=0.43..48.53 rows=10 width=559)
	        Index Cond: (id = ANY ('{783076,8945443,7552873,2093094,7756731,9049787,5105559,7023089,3477691,2378326}'::integer[]))

table 6 : explain UPDATE sbtest6 set c=7 WHERE id IN ( 783076, 8945443, 7552873, 2093094, 7756731, 9049787, 5105559, 7023089, 3477691, 2378326)
	Update on sbtest6  (cost=0.43..48.53 rows=10 width=559)
	  ->  Index Scan using sbtest6_pkey on sbtest6  (cost=0.43..48.53 rows=10 width=559)
	        Index Cond: (id = ANY ('{783076,8945443,7552873,2093094,7756731,9049787,5105559,7023089,3477691,2378326}'::integer[]))

table 7 : explain UPDATE sbtest7 set c=7 WHERE id IN ( 783076, 8945443, 7552873, 2093094, 7756731, 9049787, 5105559, 7023089, 3477691, 2378326)
	Update on sbtest7  (cost=0.43..48.53 rows=10 width=559)
	  ->  Index Scan using sbtest7_pkey on sbtest7  (cost=0.43..48.53 rows=10 width=559)
	        Index Cond: (id = ANY ('{783076,8945443,7552873,2093094,7756731,9049787,5105559,7023089,3477691,2378326}'::integer[]))

table 8 : explain UPDATE sbtest8 set c=7 WHERE id IN ( 783076, 8945443, 7552873, 2093094, 7756731, 9049787, 5105559, 7023089, 3477691, 2378326)
	Update on sbtest8  (cost=0.43..48.53 rows=10 width=559)
	  ->  Index Scan using sbtest8_pkey on sbtest8  (cost=0.43..48.53 rows=10 width=559)
	        Index Cond: (id = ANY ('{783076,8945443,7552873,2093094,7756731,9049787,5105559,7023089,3477691,2378326}'::integer[]))

for update-inlist
table 1 : explain UPDATE sbtest1 set c=7 WHERE id IN ( 6517360, 1877729, 367019, 8336499, 6056946, 8678664, 7072695, 1723772, 1040080, 1427357)
	Update on sbtest1  (cost=0.43..48.53 rows=10 width=559)
	  ->  Index Scan using sbtest1_pkey on sbtest1  (cost=0.43..48.53 rows=10 width=559)
	        Index Cond: (id = ANY ('{6517360,1877729,367019,8336499,6056946,8678664,7072695,1723772,1040080,1427357}'::integer[]))

table 2 : explain UPDATE sbtest2 set c=7 WHERE id IN ( 6517360, 1877729, 367019, 8336499, 6056946, 8678664, 7072695, 1723772, 1040080, 1427357)
	Update on sbtest2  (cost=0.43..48.53 rows=10 width=559)
	  ->  Index Scan using sbtest2_pkey on sbtest2  (cost=0.43..48.53 rows=10 width=559)
	        Index Cond: (id = ANY ('{6517360,1877729,367019,8336499,6056946,8678664,7072695,1723772,1040080,1427357}'::integer[]))

table 3 : explain UPDATE sbtest3 set c=7 WHERE id IN ( 6517360, 1877729, 367019, 8336499, 6056946, 8678664, 7072695, 1723772, 1040080, 1427357)
	Update on sbtest3  (cost=0.43..48.53 rows=10 width=559)
	  ->  Index Scan using sbtest3_pkey on sbtest3  (cost=0.43..48.53 rows=10 width=559)
	        Index Cond: (id = ANY ('{6517360,1877729,367019,8336499,6056946,8678664,7072695,1723772,1040080,1427357}'::integer[]))

table 4 : explain UPDATE sbtest4 set c=7 WHERE id IN ( 6517360, 1877729, 367019, 8336499, 6056946, 8678664, 7072695, 1723772, 1040080, 1427357)
	Update on sbtest4  (cost=0.43..48.53 rows=10 width=559)
	  ->  Index Scan using sbtest4_pkey on sbtest4  (cost=0.43..48.53 rows=10 width=559)
	        Index Cond: (id = ANY ('{6517360,1877729,367019,8336499,6056946,8678664,7072695,1723772,1040080,1427357}'::integer[]))

table 5 : explain UPDATE sbtest5 set c=7 WHERE id IN ( 6517360, 1877729, 367019, 8336499, 6056946, 8678664, 7072695, 1723772, 1040080, 1427357)
	Update on sbtest5  (cost=0.43..48.53 rows=10 width=559)
	  ->  Index Scan using sbtest5_pkey on sbtest5  (cost=0.43..48.53 rows=10 width=559)
	        Index Cond: (id = ANY ('{6517360,1877729,367019,8336499,6056946,8678664,7072695,1723772,1040080,1427357}'::integer[]))

table 6 : explain UPDATE sbtest6 set c=7 WHERE id IN ( 6517360, 1877729, 367019, 8336499, 6056946, 8678664, 7072695, 1723772, 1040080, 1427357)
	Update on sbtest6  (cost=0.43..48.53 rows=10 width=559)
	  ->  Index Scan using sbtest6_pkey on sbtest6  (cost=0.43..48.53 rows=10 width=559)
	        Index Cond: (id = ANY ('{6517360,1877729,367019,8336499,6056946,8678664,7072695,1723772,1040080,1427357}'::integer[]))

table 7 : explain UPDATE sbtest7 set c=7 WHERE id IN ( 6517360, 1877729, 367019, 8336499, 6056946, 8678664, 7072695, 1723772, 1040080, 1427357)
	Update on sbtest7  (cost=0.43..48.53 rows=10 width=559)
	  ->  Index Scan using sbtest7_pkey on sbtest7  (cost=0.43..48.53 rows=10 width=559)
	        Index Cond: (id = ANY ('{6517360,1877729,367019,8336499,6056946,8678664,7072695,1723772,1040080,1427357}'::integer[]))

table 8 : explain UPDATE sbtest8 set c=7 WHERE id IN ( 6517360, 1877729, 367019, 8336499, 6056946, 8678664, 7072695, 1723772, 1040080, 1427357)
	Update on sbtest8  (cost=0.43..48.53 rows=10 width=559)
	  ->  Index Scan using sbtest8_pkey on sbtest8  (cost=0.43..48.53 rows=10 width=559)
	        Index Cond: (id = ANY ('{6517360,1877729,367019,8336499,6056946,8678664,7072695,1723772,1040080,1427357}'::integer[]))

explain: for update-inlist :: explain UPDATE sbtest%d set c=7 WHERE id IN ( 673854, 1544143, 7255474, 244542, 8494435, 2907086, 6335280, 387927, 8862855, 8017162)
explain: for update-inlist :: explain UPDATE sbtest%d set c=7 WHERE id IN ( 7778943, 3471419, 2693143, 7139441, 4253000, 8998728, 4783573, 7115276, 5440856, 6395551)
for update-inlist
table 1 : explain UPDATE sbtest1 set c=7 WHERE id IN ( 7209486, 6332335, 9307357, 542010, 5269980, 3231460, 4804461, 550944, 251256, 1597639)
	Update on sbtest1  (cost=0.43..48.53 rows=10 width=559)
	  ->  Index Scan using sbtest1_pkey on sbtest1  (cost=0.43..48.53 rows=10 width=559)
	        Index Cond: (id = ANY ('{7209486,6332335,9307357,542010,5269980,3231460,4804461,550944,251256,1597639}'::integer[]))

table 2 : explain UPDATE sbtest2 set c=7 WHERE id IN ( 7209486, 6332335, 9307357, 542010, 5269980, 3231460, 4804461, 550944, 251256, 1597639)
	Update on sbtest2  (cost=0.43..48.53 rows=10 width=559)
	  ->  Index Scan using sbtest2_pkey on sbtest2  (cost=0.43..48.53 rows=10 width=559)
	        Index Cond: (id = ANY ('{7209486,6332335,9307357,542010,5269980,3231460,4804461,550944,251256,1597639}'::integer[]))

table 3 : explain UPDATE sbtest3 set c=7 WHERE id IN ( 7209486, 6332335, 9307357, 542010, 5269980, 3231460, 4804461, 550944, 251256, 1597639)
	Update on sbtest3  (cost=0.43..48.53 rows=10 width=559)
	  ->  Index Scan using sbtest3_pkey on sbtest3  (cost=0.43..48.53 rows=10 width=559)
	        Index Cond: (id = ANY ('{7209486,6332335,9307357,542010,5269980,3231460,4804461,550944,251256,1597639}'::integer[]))

table 4 : explain UPDATE sbtest4 set c=7 WHERE id IN ( 7209486, 6332335, 9307357, 542010, 5269980, 3231460, 4804461, 550944, 251256, 1597639)
	Update on sbtest4  (cost=0.43..48.53 rows=10 width=559)
	  ->  Index Scan using sbtest4_pkey on sbtest4  (cost=0.43..48.53 rows=10 width=559)
	        Index Cond: (id = ANY ('{7209486,6332335,9307357,542010,5269980,3231460,4804461,550944,251256,1597639}'::integer[]))

table 5 : explain UPDATE sbtest5 set c=7 WHERE id IN ( 7209486, 6332335, 9307357, 542010, 5269980, 3231460, 4804461, 550944, 251256, 1597639)
	Update on sbtest5  (cost=0.43..48.53 rows=10 width=559)
	  ->  Index Scan using sbtest5_pkey on sbtest5  (cost=0.43..48.53 rows=10 width=559)
	        Index Cond: (id = ANY ('{7209486,6332335,9307357,542010,5269980,3231460,4804461,550944,251256,1597639}'::integer[]))

table 6 : explain UPDATE sbtest6 set c=7 WHERE id IN ( 7209486, 6332335, 9307357, 542010, 5269980, 3231460, 4804461, 550944, 251256, 1597639)
	Update on sbtest6  (cost=0.43..48.53 rows=10 width=559)
	  ->  Index Scan using sbtest6_pkey on sbtest6  (cost=0.43..48.53 rows=10 width=559)
	        Index Cond: (id = ANY ('{7209486,6332335,9307357,542010,5269980,3231460,4804461,550944,251256,1597639}'::integer[]))

table 7 : explain UPDATE sbtest7 set c=7 WHERE id IN ( 7209486, 6332335, 9307357, 542010, 5269980, 3231460, 4804461, 550944, 251256, 1597639)
	Update on sbtest7  (cost=0.43..48.53 rows=10 width=559)
	  ->  Index Scan using sbtest7_pkey on sbtest7  (cost=0.43..48.53 rows=10 width=559)
	        Index Cond: (id = ANY ('{7209486,6332335,9307357,542010,5269980,3231460,4804461,550944,251256,1597639}'::integer[]))

table 8 : explain UPDATE sbtest8 set c=7 WHERE id IN ( 7209486, 6332335, 9307357, 542010, 5269980, 3231460, 4804461, 550944, 251256, 1597639)
	Update on sbtest8  (cost=0.43..48.53 rows=10 width=559)
	  ->  Index Scan using sbtest8_pkey on sbtest8  (cost=0.43..48.53 rows=10 width=559)
	        Index Cond: (id = ANY ('{7209486,6332335,9307357,542010,5269980,3231460,4804461,550944,251256,1597639}'::integer[]))

for update-inlist
table 1 : explain UPDATE sbtest1 set c=7 WHERE id IN ( 1607508, 8704344, 4419916, 3837369, 3217211, 8868940, 140465, 7335648, 9396553, 4571870)
	Update on sbtest1  (cost=0.43..48.53 rows=10 width=559)
	  ->  Index Scan using sbtest1_pkey on sbtest1  (cost=0.43..48.53 rows=10 width=559)
	        Index Cond: (id = ANY ('{1607508,8704344,4419916,3837369,3217211,8868940,140465,7335648,9396553,4571870}'::integer[]))

table 2 : explain UPDATE sbtest2 set c=7 WHERE id IN ( 1607508, 8704344, 4419916, 3837369, 3217211, 8868940, 140465, 7335648, 9396553, 4571870)
	Update on sbtest2  (cost=0.43..48.53 rows=10 width=559)
	  ->  Index Scan using sbtest2_pkey on sbtest2  (cost=0.43..48.53 rows=10 width=559)
	        Index Cond: (id = ANY ('{1607508,8704344,4419916,3837369,3217211,8868940,140465,7335648,9396553,4571870}'::integer[]))

table 3 : explain UPDATE sbtest3 set c=7 WHERE id IN ( 1607508, 8704344, 4419916, 3837369, 3217211, 8868940, 140465, 7335648, 9396553, 4571870)
	Update on sbtest3  (cost=0.43..48.53 rows=10 width=559)
	  ->  Index Scan using sbtest3_pkey on sbtest3  (cost=0.43..48.53 rows=10 width=559)
	        Index Cond: (id = ANY ('{1607508,8704344,4419916,3837369,3217211,8868940,140465,7335648,9396553,4571870}'::integer[]))

table 4 : explain UPDATE sbtest4 set c=7 WHERE id IN ( 1607508, 8704344, 4419916, 3837369, 3217211, 8868940, 140465, 7335648, 9396553, 4571870)
	Update on sbtest4  (cost=0.43..48.53 rows=10 width=559)
	  ->  Index Scan using sbtest4_pkey on sbtest4  (cost=0.43..48.53 rows=10 width=559)
	        Index Cond: (id = ANY ('{1607508,8704344,4419916,3837369,3217211,8868940,140465,7335648,9396553,4571870}'::integer[]))

table 5 : explain UPDATE sbtest5 set c=7 WHERE id IN ( 1607508, 8704344, 4419916, 3837369, 3217211, 8868940, 140465, 7335648, 9396553, 4571870)
	Update on sbtest5  (cost=0.43..48.53 rows=10 width=559)
	  ->  Index Scan using sbtest5_pkey on sbtest5  (cost=0.43..48.53 rows=10 width=559)
	        Index Cond: (id = ANY ('{1607508,8704344,4419916,3837369,3217211,8868940,140465,7335648,9396553,4571870}'::integer[]))

table 6 : explain UPDATE sbtest6 set c=7 WHERE id IN ( 1607508, 8704344, 4419916, 3837369, 3217211, 8868940, 140465, 7335648, 9396553, 4571870)
	Update on sbtest6  (cost=0.43..48.53 rows=10 width=559)
	  ->  Index Scan using sbtest6_pkey on sbtest6  (cost=0.43..48.53 rows=10 width=559)
	        Index Cond: (id = ANY ('{1607508,8704344,4419916,3837369,3217211,8868940,140465,7335648,9396553,4571870}'::integer[]))

table 7 : explain UPDATE sbtest7 set c=7 WHERE id IN ( 1607508, 8704344, 4419916, 3837369, 3217211, 8868940, 140465, 7335648, 9396553, 4571870)
	Update on sbtest7  (cost=0.43..48.53 rows=10 width=559)
	  ->  Index Scan using sbtest7_pkey on sbtest7  (cost=0.43..48.53 rows=10 width=559)
	        Index Cond: (id = ANY ('{1607508,8704344,4419916,3837369,3217211,8868940,140465,7335648,9396553,4571870}'::integer[]))

table 8 : explain UPDATE sbtest8 set c=7 WHERE id IN ( 1607508, 8704344, 4419916, 3837369, 3217211, 8868940, 140465, 7335648, 9396553, 4571870)
	Update on sbtest8  (cost=0.43..48.53 rows=10 width=559)
	  ->  Index Scan using sbtest8_pkey on sbtest8  (cost=0.43..48.53 rows=10 width=559)
	        Index Cond: (id = ANY ('{1607508,8704344,4419916,3837369,3217211,8868940,140465,7335648,9396553,4571870}'::integer[]))

for update-inlist
table 1 : explain UPDATE sbtest1 set c=7 WHERE id IN ( 2758683, 463352, 3500981, 2482098, 4753893, 3548974, 3655602, 839854, 9131326, 8114992)
	Update on sbtest1  (cost=0.43..48.53 rows=10 width=559)
	  ->  Index Scan using sbtest1_pkey on sbtest1  (cost=0.43..48.53 rows=10 width=559)
	        Index Cond: (id = ANY ('{2758683,463352,3500981,2482098,4753893,3548974,3655602,839854,9131326,8114992}'::integer[]))

table 2 : explain UPDATE sbtest2 set c=7 WHERE id IN ( 2758683, 463352, 3500981, 2482098, 4753893, 3548974, 3655602, 839854, 9131326, 8114992)
	Update on sbtest2  (cost=0.43..48.53 rows=10 width=559)
	  ->  Index Scan using sbtest2_pkey on sbtest2  (cost=0.43..48.53 rows=10 width=559)
	        Index Cond: (id = ANY ('{2758683,463352,3500981,2482098,4753893,3548974,3655602,839854,9131326,8114992}'::integer[]))

table 3 : explain UPDATE sbtest3 set c=7 WHERE id IN ( 2758683, 463352, 3500981, 2482098, 4753893, 3548974, 3655602, 839854, 9131326, 8114992)
	Update on sbtest3  (cost=0.43..48.53 rows=10 width=559)
	  ->  Index Scan using sbtest3_pkey on sbtest3  (cost=0.43..48.53 rows=10 width=559)
	        Index Cond: (id = ANY ('{2758683,463352,3500981,2482098,4753893,3548974,3655602,839854,9131326,8114992}'::integer[]))

table 4 : explain UPDATE sbtest4 set c=7 WHERE id IN ( 2758683, 463352, 3500981, 2482098, 4753893, 3548974, 3655602, 839854, 9131326, 8114992)
	Update on sbtest4  (cost=0.43..48.53 rows=10 width=559)
	  ->  Index Scan using sbtest4_pkey on sbtest4  (cost=0.43..48.53 rows=10 width=559)
	        Index Cond: (id = ANY ('{2758683,463352,3500981,2482098,4753893,3548974,3655602,839854,9131326,8114992}'::integer[]))

table 5 : explain UPDATE sbtest5 set c=7 WHERE id IN ( 2758683, 463352, 3500981, 2482098, 4753893, 3548974, 3655602, 839854, 9131326, 8114992)
	Update on sbtest5  (cost=0.43..48.53 rows=10 width=559)
	  ->  Index Scan using sbtest5_pkey on sbtest5  (cost=0.43..48.53 rows=10 width=559)
	        Index Cond: (id = ANY ('{2758683,463352,3500981,2482098,4753893,3548974,3655602,839854,9131326,8114992}'::integer[]))

table 6 : explain UPDATE sbtest6 set c=7 WHERE id IN ( 2758683, 463352, 3500981, 2482098, 4753893, 3548974, 3655602, 839854, 9131326, 8114992)
	Update on sbtest6  (cost=0.43..48.53 rows=10 width=559)
	  ->  Index Scan using sbtest6_pkey on sbtest6  (cost=0.43..48.53 rows=10 width=559)
	        Index Cond: (id = ANY ('{2758683,463352,3500981,2482098,4753893,3548974,3655602,839854,9131326,8114992}'::integer[]))

table 7 : explain UPDATE sbtest7 set c=7 WHERE id IN ( 2758683, 463352, 3500981, 2482098, 4753893, 3548974, 3655602, 839854, 9131326, 8114992)
	Update on sbtest7  (cost=0.43..48.53 rows=10 width=559)
	  ->  Index Scan using sbtest7_pkey on sbtest7  (cost=0.43..48.53 rows=10 width=559)
	        Index Cond: (id = ANY ('{2758683,463352,3500981,2482098,4753893,3548974,3655602,839854,9131326,8114992}'::integer[]))

table 8 : explain UPDATE sbtest8 set c=7 WHERE id IN ( 2758683, 463352, 3500981, 2482098, 4753893, 3548974, 3655602, 839854, 9131326, 8114992)
	Update on sbtest8  (cost=0.43..48.53 rows=10 width=559)
	  ->  Index Scan using sbtest8_pkey on sbtest8  (cost=0.43..48.53 rows=10 width=559)
	        Index Cond: (id = ANY ('{2758683,463352,3500981,2482098,4753893,3548974,3655602,839854,9131326,8114992}'::integer[]))

for update-inlist
table 1 : explain UPDATE sbtest1 set c=7 WHERE id IN ( 673854, 1544143, 7255474, 244542, 8494435, 2907086, 6335280, 387927, 8862855, 8017162)
	Update on sbtest1  (cost=0.43..48.53 rows=10 width=559)
	  ->  Index Scan using sbtest1_pkey on sbtest1  (cost=0.43..48.53 rows=10 width=559)
	        Index Cond: (id = ANY ('{673854,1544143,7255474,244542,8494435,2907086,6335280,387927,8862855,8017162}'::integer[]))

table 2 : explain UPDATE sbtest2 set c=7 WHERE id IN ( 673854, 1544143, 7255474, 244542, 8494435, 2907086, 6335280, 387927, 8862855, 8017162)
	Update on sbtest2  (cost=0.43..48.53 rows=10 width=559)
	  ->  Index Scan using sbtest2_pkey on sbtest2  (cost=0.43..48.53 rows=10 width=559)
	        Index Cond: (id = ANY ('{673854,1544143,7255474,244542,8494435,2907086,6335280,387927,8862855,8017162}'::integer[]))

table 3 : explain UPDATE sbtest3 set c=7 WHERE id IN ( 673854, 1544143, 7255474, 244542, 8494435, 2907086, 6335280, 387927, 8862855, 8017162)
	Update on sbtest3  (cost=0.43..48.53 rows=10 width=559)
	  ->  Index Scan using sbtest3_pkey on sbtest3  (cost=0.43..48.53 rows=10 width=559)
	        Index Cond: (id = ANY ('{673854,1544143,7255474,244542,8494435,2907086,6335280,387927,8862855,8017162}'::integer[]))

table 4 : explain UPDATE sbtest4 set c=7 WHERE id IN ( 673854, 1544143, 7255474, 244542, 8494435, 2907086, 6335280, 387927, 8862855, 8017162)
	Update on sbtest4  (cost=0.43..48.53 rows=10 width=559)
	  ->  Index Scan using sbtest4_pkey on sbtest4  (cost=0.43..48.53 rows=10 width=559)
	        Index Cond: (id = ANY ('{673854,1544143,7255474,244542,8494435,2907086,6335280,387927,8862855,8017162}'::integer[]))

table 5 : explain UPDATE sbtest5 set c=7 WHERE id IN ( 673854, 1544143, 7255474, 244542, 8494435, 2907086, 6335280, 387927, 8862855, 8017162)
	Update on sbtest5  (cost=0.43..48.53 rows=10 width=559)
	  ->  Index Scan using sbtest5_pkey on sbtest5  (cost=0.43..48.53 rows=10 width=559)
	        Index Cond: (id = ANY ('{673854,1544143,7255474,244542,8494435,2907086,6335280,387927,8862855,8017162}'::integer[]))

table 6 : explain UPDATE sbtest6 set c=7 WHERE id IN ( 673854, 1544143, 7255474, 244542, 8494435, 2907086, 6335280, 387927, 8862855, 8017162)
	Update on sbtest6  (cost=0.43..48.53 rows=10 width=559)
	  ->  Index Scan using sbtest6_pkey on sbtest6  (cost=0.43..48.53 rows=10 width=559)
	        Index Cond: (id = ANY ('{673854,1544143,7255474,244542,8494435,2907086,6335280,387927,8862855,8017162}'::integer[]))

table 7 : explain UPDATE sbtest7 set c=7 WHERE id IN ( 673854, 1544143, 7255474, 244542, 8494435, 2907086, 6335280, 387927, 8862855, 8017162)
	Update on sbtest7  (cost=0.43..48.53 rows=10 width=559)
	  ->  Index Scan using sbtest7_pkey on sbtest7  (cost=0.43..48.53 rows=10 width=559)
	        Index Cond: (id = ANY ('{673854,1544143,7255474,244542,8494435,2907086,6335280,387927,8862855,8017162}'::integer[]))

table 8 : explain UPDATE sbtest8 set c=7 WHERE id IN ( 673854, 1544143, 7255474, 244542, 8494435, 2907086, 6335280, 387927, 8862855, 8017162)
	Update on sbtest8  (cost=0.43..48.53 rows=10 width=559)
	  ->  Index Scan using sbtest8_pkey on sbtest8  (cost=0.43..48.53 rows=10 width=559)
	        Index Cond: (id = ANY ('{673854,1544143,7255474,244542,8494435,2907086,6335280,387927,8862855,8017162}'::integer[]))

for update-inlist
table 1 : explain UPDATE sbtest1 set c=7 WHERE id IN ( 7778943, 3471419, 2693143, 7139441, 4253000, 8998728, 4783573, 7115276, 5440856, 6395551)
	Update on sbtest1  (cost=0.43..48.53 rows=10 width=559)
	  ->  Index Scan using sbtest1_pkey on sbtest1  (cost=0.43..48.53 rows=10 width=559)
	        Index Cond: (id = ANY ('{7778943,3471419,2693143,7139441,4253000,8998728,4783573,7115276,5440856,6395551}'::integer[]))

table 2 : explain UPDATE sbtest2 set c=7 WHERE id IN ( 7778943, 3471419, 2693143, 7139441, 4253000, 8998728, 4783573, 7115276, 5440856, 6395551)
	Update on sbtest2  (cost=0.43..48.53 rows=10 width=559)
	  ->  Index Scan using sbtest2_pkey on sbtest2  (cost=0.43..48.53 rows=10 width=559)
	        Index Cond: (id = ANY ('{7778943,3471419,2693143,7139441,4253000,8998728,4783573,7115276,5440856,6395551}'::integer[]))

table 3 : explain UPDATE sbtest3 set c=7 WHERE id IN ( 7778943, 3471419, 2693143, 7139441, 4253000, 8998728, 4783573, 7115276, 5440856, 6395551)
	Update on sbtest3  (cost=0.43..48.53 rows=10 width=559)
	  ->  Index Scan using sbtest3_pkey on sbtest3  (cost=0.43..48.53 rows=10 width=559)
	        Index Cond: (id = ANY ('{7778943,3471419,2693143,7139441,4253000,8998728,4783573,7115276,5440856,6395551}'::integer[]))

table 4 : explain UPDATE sbtest4 set c=7 WHERE id IN ( 7778943, 3471419, 2693143, 7139441, 4253000, 8998728, 4783573, 7115276, 5440856, 6395551)
	Update on sbtest4  (cost=0.43..48.53 rows=10 width=559)
	  ->  Index Scan using sbtest4_pkey on sbtest4  (cost=0.43..48.53 rows=10 width=559)
	        Index Cond: (id = ANY ('{7778943,3471419,2693143,7139441,4253000,8998728,4783573,7115276,5440856,6395551}'::integer[]))

table 5 : explain UPDATE sbtest5 set c=7 WHERE id IN ( 7778943, 3471419, 2693143, 7139441, 4253000, 8998728, 4783573, 7115276, 5440856, 6395551)
	Update on sbtest5  (cost=0.43..48.53 rows=10 width=559)
	  ->  Index Scan using sbtest5_pkey on sbtest5  (cost=0.43..48.53 rows=10 width=559)
	        Index Cond: (id = ANY ('{7778943,3471419,2693143,7139441,4253000,8998728,4783573,7115276,5440856,6395551}'::integer[]))

table 6 : explain UPDATE sbtest6 set c=7 WHERE id IN ( 7778943, 3471419, 2693143, 7139441, 4253000, 8998728, 4783573, 7115276, 5440856, 6395551)
	Update on sbtest6  (cost=0.43..48.53 rows=10 width=559)
	  ->  Index Scan using sbtest6_pkey on sbtest6  (cost=0.43..48.53 rows=10 width=559)
	        Index Cond: (id = ANY ('{7778943,3471419,2693143,7139441,4253000,8998728,4783573,7115276,5440856,6395551}'::integer[]))

table 7 : explain UPDATE sbtest7 set c=7 WHERE id IN ( 7778943, 3471419, 2693143, 7139441, 4253000, 8998728, 4783573, 7115276, 5440856, 6395551)
	Update on sbtest7  (cost=0.43..48.53 rows=10 width=559)
	  ->  Index Scan using sbtest7_pkey on sbtest7  (cost=0.43..48.53 rows=10 width=559)
	        Index Cond: (id = ANY ('{7778943,3471419,2693143,7139441,4253000,8998728,4783573,7115276,5440856,6395551}'::integer[]))

table 8 : explain UPDATE sbtest8 set c=7 WHERE id IN ( 7778943, 3471419, 2693143, 7139441, 4253000, 8998728, 4783573, 7115276, 5440856, 6395551)
	Update on sbtest8  (cost=0.43..48.53 rows=10 width=559)
	  ->  Index Scan using sbtest8_pkey on sbtest8  (cost=0.43..48.53 rows=10 width=559)
	        Index Cond: (id = ANY ('{7778943,3471419,2693143,7139441,4253000,8998728,4783573,7115276,5440856,6395551}'::integer[]))

explain: for update-inlist :: explain UPDATE sbtest%d set c=7 WHERE id IN ( 4190111, 8720516, 9002551, 4574816, 7656047, 1395942, 2887426, 9958073, 1301222, 5867793)
explain: for update-inlist :: explain UPDATE sbtest%d set c=7 WHERE id IN ( 6420311, 5956330, 998906, 9359517, 430011, 4807890, 5411810, 2436771, 8175087, 418916)
for update-inlist
table 1 : explain UPDATE sbtest1 set c=7 WHERE id IN ( 4190111, 8720516, 9002551, 4574816, 7656047, 1395942, 2887426, 9958073, 1301222, 5867793)
	Update on sbtest1  (cost=0.43..48.53 rows=10 width=559)
	  ->  Index Scan using sbtest1_pkey on sbtest1  (cost=0.43..48.53 rows=10 width=559)
	        Index Cond: (id = ANY ('{4190111,8720516,9002551,4574816,7656047,1395942,2887426,9958073,1301222,5867793}'::integer[]))

table 2 : explain UPDATE sbtest2 set c=7 WHERE id IN ( 4190111, 8720516, 9002551, 4574816, 7656047, 1395942, 2887426, 9958073, 1301222, 5867793)
	Update on sbtest2  (cost=0.43..48.53 rows=10 width=559)
	  ->  Index Scan using sbtest2_pkey on sbtest2  (cost=0.43..48.53 rows=10 width=559)
	        Index Cond: (id = ANY ('{4190111,8720516,9002551,4574816,7656047,1395942,2887426,9958073,1301222,5867793}'::integer[]))

table 3 : explain UPDATE sbtest3 set c=7 WHERE id IN ( 4190111, 8720516, 9002551, 4574816, 7656047, 1395942, 2887426, 9958073, 1301222, 5867793)
	Update on sbtest3  (cost=0.43..48.53 rows=10 width=559)
	  ->  Index Scan using sbtest3_pkey on sbtest3  (cost=0.43..48.53 rows=10 width=559)
	        Index Cond: (id = ANY ('{4190111,8720516,9002551,4574816,7656047,1395942,2887426,9958073,1301222,5867793}'::integer[]))

table 4 : explain UPDATE sbtest4 set c=7 WHERE id IN ( 4190111, 8720516, 9002551, 4574816, 7656047, 1395942, 2887426, 9958073, 1301222, 5867793)
	Update on sbtest4  (cost=0.43..48.53 rows=10 width=559)
	  ->  Index Scan using sbtest4_pkey on sbtest4  (cost=0.43..48.53 rows=10 width=559)
	        Index Cond: (id = ANY ('{4190111,8720516,9002551,4574816,7656047,1395942,2887426,9958073,1301222,5867793}'::integer[]))

table 5 : explain UPDATE sbtest5 set c=7 WHERE id IN ( 4190111, 8720516, 9002551, 4574816, 7656047, 1395942, 2887426, 9958073, 1301222, 5867793)
	Update on sbtest5  (cost=0.43..48.53 rows=10 width=559)
	  ->  Index Scan using sbtest5_pkey on sbtest5  (cost=0.43..48.53 rows=10 width=559)
	        Index Cond: (id = ANY ('{4190111,8720516,9002551,4574816,7656047,1395942,2887426,9958073,1301222,5867793}'::integer[]))

table 6 : explain UPDATE sbtest6 set c=7 WHERE id IN ( 4190111, 8720516, 9002551, 4574816, 7656047, 1395942, 2887426, 9958073, 1301222, 5867793)
	Update on sbtest6  (cost=0.43..48.53 rows=10 width=559)
	  ->  Index Scan using sbtest6_pkey on sbtest6  (cost=0.43..48.53 rows=10 width=559)
	        Index Cond: (id = ANY ('{4190111,8720516,9002551,4574816,7656047,1395942,2887426,9958073,1301222,5867793}'::integer[]))

table 7 : explain UPDATE sbtest7 set c=7 WHERE id IN ( 4190111, 8720516, 9002551, 4574816, 7656047, 1395942, 2887426, 9958073, 1301222, 5867793)
	Update on sbtest7  (cost=0.43..48.53 rows=10 width=559)
	  ->  Index Scan using sbtest7_pkey on sbtest7  (cost=0.43..48.53 rows=10 width=559)
	        Index Cond: (id = ANY ('{4190111,8720516,9002551,4574816,7656047,1395942,2887426,9958073,1301222,5867793}'::integer[]))

table 8 : explain UPDATE sbtest8 set c=7 WHERE id IN ( 4190111, 8720516, 9002551, 4574816, 7656047, 1395942, 2887426, 9958073, 1301222, 5867793)
	Update on sbtest8  (cost=0.43..48.53 rows=10 width=559)
	  ->  Index Scan using sbtest8_pkey on sbtest8  (cost=0.43..48.53 rows=10 width=559)
	        Index Cond: (id = ANY ('{4190111,8720516,9002551,4574816,7656047,1395942,2887426,9958073,1301222,5867793}'::integer[]))

for update-inlist
table 1 : explain UPDATE sbtest1 set c=7 WHERE id IN ( 6420311, 5956330, 998906, 9359517, 430011, 4807890, 5411810, 2436771, 8175087, 418916)
	Update on sbtest1  (cost=0.43..48.53 rows=10 width=559)
	  ->  Index Scan using sbtest1_pkey on sbtest1  (cost=0.43..48.53 rows=10 width=559)
	        Index Cond: (id = ANY ('{6420311,5956330,998906,9359517,430011,4807890,5411810,2436771,8175087,418916}'::integer[]))

table 2 : explain UPDATE sbtest2 set c=7 WHERE id IN ( 6420311, 5956330, 998906, 9359517, 430011, 4807890, 5411810, 2436771, 8175087, 418916)
	Update on sbtest2  (cost=0.43..48.53 rows=10 width=559)
	  ->  Index Scan using sbtest2_pkey on sbtest2  (cost=0.43..48.53 rows=10 width=559)
	        Index Cond: (id = ANY ('{6420311,5956330,998906,9359517,430011,4807890,5411810,2436771,8175087,418916}'::integer[]))

table 3 : explain UPDATE sbtest3 set c=7 WHERE id IN ( 6420311, 5956330, 998906, 9359517, 430011, 4807890, 5411810, 2436771, 8175087, 418916)
	Update on sbtest3  (cost=0.43..48.53 rows=10 width=559)
	  ->  Index Scan using sbtest3_pkey on sbtest3  (cost=0.43..48.53 rows=10 width=559)
	        Index Cond: (id = ANY ('{6420311,5956330,998906,9359517,430011,4807890,5411810,2436771,8175087,418916}'::integer[]))

table 4 : explain UPDATE sbtest4 set c=7 WHERE id IN ( 6420311, 5956330, 998906, 9359517, 430011, 4807890, 5411810, 2436771, 8175087, 418916)
	Update on sbtest4  (cost=0.43..48.53 rows=10 width=559)
	  ->  Index Scan using sbtest4_pkey on sbtest4  (cost=0.43..48.53 rows=10 width=559)
	        Index Cond: (id = ANY ('{6420311,5956330,998906,9359517,430011,4807890,5411810,2436771,8175087,418916}'::integer[]))

table 5 : explain UPDATE sbtest5 set c=7 WHERE id IN ( 6420311, 5956330, 998906, 9359517, 430011, 4807890, 5411810, 2436771, 8175087, 418916)
	Update on sbtest5  (cost=0.43..48.53 rows=10 width=559)
	  ->  Index Scan using sbtest5_pkey on sbtest5  (cost=0.43..48.53 rows=10 width=559)
	        Index Cond: (id = ANY ('{6420311,5956330,998906,9359517,430011,4807890,5411810,2436771,8175087,418916}'::integer[]))

table 6 : explain UPDATE sbtest6 set c=7 WHERE id IN ( 6420311, 5956330, 998906, 9359517, 430011, 4807890, 5411810, 2436771, 8175087, 418916)
	Update on sbtest6  (cost=0.43..48.53 rows=10 width=559)
	  ->  Index Scan using sbtest6_pkey on sbtest6  (cost=0.43..48.53 rows=10 width=559)
	        Index Cond: (id = ANY ('{6420311,5956330,998906,9359517,430011,4807890,5411810,2436771,8175087,418916}'::integer[]))

table 7 : explain UPDATE sbtest7 set c=7 WHERE id IN ( 6420311, 5956330, 998906, 9359517, 430011, 4807890, 5411810, 2436771, 8175087, 418916)
	Update on sbtest7  (cost=0.43..48.53 rows=10 width=559)
	  ->  Index Scan using sbtest7_pkey on sbtest7  (cost=0.43..48.53 rows=10 width=559)
	        Index Cond: (id = ANY ('{6420311,5956330,998906,9359517,430011,4807890,5411810,2436771,8175087,418916}'::integer[]))

table 8 : explain UPDATE sbtest8 set c=7 WHERE id IN ( 6420311, 5956330, 998906, 9359517, 430011, 4807890, 5411810, 2436771, 8175087, 418916)
	Update on sbtest8  (cost=0.43..48.53 rows=10 width=559)
	  ->  Index Scan using sbtest8_pkey on sbtest8  (cost=0.43..48.53 rows=10 width=559)
	        Index Cond: (id = ANY ('{6420311,5956330,998906,9359517,430011,4807890,5411810,2436771,8175087,418916}'::integer[]))

Threads started!

Warming up for 5 seconds...

SQL statistics:
    queries performed:
        read:                            0
        write:                           102714483
        other:                           0
        total:                           102714483
    transactions:                        102714483 (110444.70 per sec.)
    queries:                             102714483 (110444.70 per sec.)
    ignored errors:                      0      (0.00 per sec.)
    reconnects:                          0      (0.00 per sec.)

Throughput:
    events/s (eps):                      110444.7018
    time elapsed:                        930.0085s
    total number of events:              102714483

Latency (ms):
         min:                                    0.12
         avg:                                    0.36
         max:                                  196.70
         95th percentile:                        0.56
         sum:                             37131638.06

Threads fairness:
    events (avg/stddev):           2567861.9500/4560.02
    execution time (avg/stddev):   928.2910/0.02

