LUA_PATH=/home/mdcallag/git/mytools/bench/sysbench.lua/lua/?.lua /home/mdcallag/git/mytools/bench/sysbench.lua/lua/sysbench --db-driver=pgsql --range-size=100 --table-size=10000000 --tables=8 --threads=40 --events=0 --warmup-time=5 --time=930 --pgsql_conn_id=true /home/mdcallag/git/mytools/bench/sysbench.lua/lua/oltp_read_write.lua run --pgsql-user=root --pgsql-password=pw --pgsql-host=127.0.0.1 --pgsql-db=ib --rand-type=uniform
48 CPUs
sysbench 1.1.0-9072687 (using bundled LuaJIT 2.1.0-beta3)

Running the test with following options:
Number of threads: 40
Warmup time: 5s
Initializing random number generator from current time


Initializing worker threads...

explain: for point_selects :: explain SELECT c FROM sbtest%u WHERE id=%u
explain: for point_selects :: explain SELECT c FROM sbtest%u WHERE id=%u
explain: for point_selects :: explain SELECT c FROM sbtest%u WHERE id=%u
explain: for point_selects :: explain SELECT c FROM sbtest%u WHERE id=%u
for point_selects
table 1 : explain SELECT c FROM sbtest1 WHERE id=378570
	Index Scan using sbtest1_pkey on sbtest1  (cost=0.43..8.45 rows=1 width=121)
	  Index Cond: (id = 378570)

table 2 : explain SELECT c FROM sbtest2 WHERE id=9549620
	Index Scan using sbtest2_pkey on sbtest2  (cost=0.43..8.45 rows=1 width=121)
	  Index Cond: (id = 9549620)

table 3 : explain SELECT c FROM sbtest3 WHERE id=4937381
	Index Scan using sbtest3_pkey on sbtest3  (cost=0.43..8.45 rows=1 width=121)
	  Index Cond: (id = 4937381)

table 4 : explain SELECT c FROM sbtest4 WHERE id=2495442
	Index Scan using sbtest4_pkey on sbtest4  (cost=0.43..8.45 rows=1 width=121)
	  Index Cond: (id = 2495442)

table 5 : explain SELECT c FROM sbtest5 WHERE id=9364759
	Index Scan using sbtest5_pkey on sbtest5  (cost=0.43..8.45 rows=1 width=121)
	  Index Cond: (id = 9364759)

table 6 : explain SELECT c FROM sbtest6 WHERE id=9316936
	Index Scan using sbtest6_pkey on sbtest6  (cost=0.43..8.45 rows=1 width=121)
	  Index Cond: (id = 9316936)

table 7 : explain SELECT c FROM sbtest7 WHERE id=4390542
	Index Scan using sbtest7_pkey on sbtest7  (cost=0.43..8.45 rows=1 width=121)
	  Index Cond: (id = 4390542)

table 8 : explain SELECT c FROM sbtest8 WHERE id=3594610
	Index Scan using sbtest8_pkey on sbtest8  (cost=0.43..8.45 rows=1 width=121)
	  Index Cond: (id = 3594610)

for point_selects
table 1 : explain SELECT c FROM sbtest1 WHERE id=1316529
	Index Scan using sbtest1_pkey on sbtest1  (cost=0.43..8.45 rows=1 width=121)
	  Index Cond: (id = 1316529)

table 2 : explain SELECT c FROM sbtest2 WHERE id=6534480
	Index Scan using sbtest2_pkey on sbtest2  (cost=0.43..8.45 rows=1 width=121)
	  Index Cond: (id = 6534480)

table 3 : explain SELECT c FROM sbtest3 WHERE id=2253951
	Index Scan using sbtest3_pkey on sbtest3  (cost=0.43..8.45 rows=1 width=121)
	  Index Cond: (id = 2253951)

table 4 : explain SELECT c FROM sbtest4 WHERE id=5195862
	Index Scan using sbtest4_pkey on sbtest4  (cost=0.43..8.45 rows=1 width=121)
	  Index Cond: (id = 5195862)

table 5 : explain SELECT c FROM sbtest5 WHERE id=5449382
	Index Scan using sbtest5_pkey on sbtest5  (cost=0.43..8.45 rows=1 width=121)
	  Index Cond: (id = 5449382)

table 6 : explain SELECT c FROM sbtest6 WHERE id=9279041
	Index Scan using sbtest6_pkey on sbtest6  (cost=0.43..8.45 rows=1 width=121)
	  Index Cond: (id = 9279041)

table 7 : explain SELECT c FROM sbtest7 WHERE id=5408295
	Index Scan using sbtest7_pkey on sbtest7  (cost=0.43..8.45 rows=1 width=121)
	  Index Cond: (id = 5408295)

table 8 : explain SELECT c FROM sbtest8 WHERE id=7522604
	Index Scan using sbtest8_pkey on sbtest8  (cost=0.43..8.45 rows=1 width=121)
	  Index Cond: (id = 7522604)

for point_selects
table 1 : explain SELECT c FROM sbtest1 WHERE id=6168758
	Index Scan using sbtest1_pkey on sbtest1  (cost=0.43..8.45 rows=1 width=121)
	  Index Cond: (id = 6168758)

table 2 : explain SELECT c FROM sbtest2 WHERE id=6762469
	Index Scan using sbtest2_pkey on sbtest2  (cost=0.43..8.45 rows=1 width=121)
	  Index Cond: (id = 6762469)

table 3 : explain SELECT c FROM sbtest3 WHERE id=2442832
	Index Scan using sbtest3_pkey on sbtest3  (cost=0.43..8.45 rows=1 width=121)
	  Index Cond: (id = 2442832)

table 4 : explain SELECT c FROM sbtest4 WHERE id=9592821
	Index Scan using sbtest4_pkey on sbtest4  (cost=0.43..8.45 rows=1 width=121)
	  Index Cond: (id = 9592821)

table 5 : explain SELECT c FROM sbtest5 WHERE id=7523853
	Index Scan using sbtest5_pkey on sbtest5  (cost=0.43..8.45 rows=1 width=121)
	  Index Cond: (id = 7523853)

table 6 : explain SELECT c FROM sbtest6 WHERE id=256585
	Index Scan using sbtest6_pkey on sbtest6  (cost=0.43..8.45 rows=1 width=121)
	  Index Cond: (id = 256585)

table 7 : explain SELECT c FROM sbtest7 WHERE id=5058681
	Index Scan using sbtest7_pkey on sbtest7  (cost=0.43..8.45 rows=1 width=121)
	  Index Cond: (id = 5058681)

table 8 : explain SELECT c FROM sbtest8 WHERE id=5064977
	Index Scan using sbtest8_pkey on sbtest8  (cost=0.43..8.45 rows=1 width=121)
	  Index Cond: (id = 5064977)

for: simple_ranges
table 1 : explain SELECT c FROM sbtest1 WHERE id BETWEEN 4067334 AND 4067433
	Index Scan using sbtest1_pkey on sbtest1  (cost=0.43..341.85 rows=89 width=121)
	  Index Cond: ((id >= 4067334) AND (id <= 4067433))

table 2 : explain SELECT c FROM sbtest2 WHERE id BETWEEN 7277106 AND 7277205
	Index Scan using sbtest2_pkey on sbtest2  (cost=0.43..361.06 rows=94 width=121)
	  Index Cond: ((id >= 7277106) AND (id <= 7277205))

table 3 : explain SELECT c FROM sbtest3 WHERE id BETWEEN 1869248 AND 1869347
	Index Scan using sbtest3_pkey on sbtest3  (cost=0.43..373.91 rows=98 width=121)
	  Index Cond: ((id >= 1869248) AND (id <= 1869347))

table 4 : explain SELECT c FROM sbtest4 WHERE id BETWEEN 5995420 AND 5995519
	Index Scan using sbtest4_pkey on sbtest4  (cost=0.43..388.57 rows=101 width=121)
	  Index Cond: ((id >= 5995420) AND (id <= 5995519))

table 5 : explain SELECT c FROM sbtest5 WHERE id BETWEEN 3637845 AND 3637944
	Index Scan using sbtest5_pkey on sbtest5  (cost=0.43..408.69 rows=107 width=121)
	  Index Cond: ((id >= 3637845) AND (id <= 3637944))

table 6 : explain SELECT c FROM sbtest6 WHERE id BETWEEN 993322 AND 993421
	Index Scan using sbtest6_pkey on sbtest6  (cost=0.43..405.10 rows=106 width=121)
	  Index Cond: ((id >= 993322) AND (id <= 993421))

table 7 : explain SELECT c FROM sbtest7 WHERE id BETWEEN 7629064 AND 7629163
	Index Scan using sbtest7_pkey on sbtest7  (cost=0.43..415.82 rows=108 width=121)
	  Index Cond: ((id >= 7629064) AND (id <= 7629163))

table 8 : explain SELECT c FROM sbtest8 WHERE id BETWEEN 6301411 AND 6301510
	Index Scan using sbtest8_pkey on sbtest8  (cost=0.43..377.68 rows=98 width=121)
	  Index Cond: ((id >= 6301411) AND (id <= 6301510))

for point_selects
table 1 : explain SELECT c FROM sbtest1 WHERE id=2519490
	Index Scan using sbtest1_pkey on sbtest1  (cost=0.43..8.45 rows=1 width=121)
	  Index Cond: (id = 2519490)

table 2 : explain SELECT c FROM sbtest2 WHERE id=709188
	Index Scan using sbtest2_pkey on sbtest2  (cost=0.43..8.45 rows=1 width=121)
	  Index Cond: (id = 709188)

table 3 : explain SELECT c FROM sbtest3 WHERE id=333527
	Index Scan using sbtest3_pkey on sbtest3  (cost=0.43..8.45 rows=1 width=121)
	  Index Cond: (id = 333527)

table 4 : explain SELECT c FROM sbtest4 WHERE id=2006139
	Index Scan using sbtest4_pkey on sbtest4  (cost=0.43..8.45 rows=1 width=121)
	  Index Cond: (id = 2006139)

table 5 : explain SELECT c FROM sbtest5 WHERE id=1670905
	Index Scan using sbtest5_pkey on sbtest5  (cost=0.43..8.45 rows=1 width=121)
	  Index Cond: (id = 1670905)

table 6 : explain SELECT c FROM sbtest6 WHERE id=3587548
	Index Scan using sbtest6_pkey on sbtest6  (cost=0.43..8.45 rows=1 width=121)
	  Index Cond: (id = 3587548)

table 7 : explain SELECT c FROM sbtest7 WHERE id=5708443
	Index Scan using sbtest7_pkey on sbtest7  (cost=0.43..8.45 rows=1 width=121)
	  Index Cond: (id = 5708443)

table 8 : explain SELECT c FROM sbtest8 WHERE id=8803389
	Index Scan using sbtest8_pkey on sbtest8  (cost=0.43..8.45 rows=1 width=121)
	  Index Cond: (id = 8803389)

for: simple_ranges
table 1 : explain SELECT c FROM sbtest1 WHERE id BETWEEN 2690611 AND 2690710
	Index Scan using sbtest1_pkey on sbtest1  (cost=0.43..375.99 rows=98 width=121)
	  Index Cond: ((id >= 2690611) AND (id <= 2690710))

table 2 : explain SELECT c FROM sbtest2 WHERE id BETWEEN 6547876 AND 6547975
	Index Scan using sbtest2_pkey on sbtest2  (cost=0.43..364.86 rows=95 width=121)
	  Index Cond: ((id >= 6547876) AND (id <= 6547975))

table 3 : explain SELECT c FROM sbtest3 WHERE id BETWEEN 5038553 AND 5038652
	Index Scan using sbtest3_pkey on sbtest3  (cost=0.43..400.27 rows=105 width=121)
	  Index Cond: ((id >= 5038553) AND (id <= 5038652))

table 4 : explain SELECT c FROM sbtest4 WHERE id BETWEEN 9226527 AND 9226626
	Index Scan using sbtest4_pkey on sbtest4  (cost=0.43..388.57 rows=101 width=121)
	  Index Cond: ((id >= 9226527) AND (id <= 9226626))

table 5 : explain SELECT c FROM sbtest5 WHERE id BETWEEN 3805655 AND 3805754
	Index Scan using sbtest5_pkey on sbtest5  (cost=0.43..348.31 rows=91 width=121)
	  Index Cond: ((id >= 3805655) AND (id <= 3805754))

table 6 : explain SELECT c FROM sbtest6 WHERE id BETWEEN 9320321 AND 9320420
	Index Scan using sbtest6_pkey on sbtest6  (cost=0.43..405.10 rows=106 width=121)
	  Index Cond: ((id >= 9320321) AND (id <= 9320420))

table 7 : explain SELECT c FROM sbtest7 WHERE id BETWEEN 6910453 AND 6910552
	Index Scan using sbtest7_pkey on sbtest7  (cost=0.43..354.93 rows=92 width=121)
	  Index Cond: ((id >= 6910453) AND (id <= 6910552))

table 8 : explain SELECT c FROM sbtest8 WHERE id BETWEEN 5725371 AND 5725470
	Index Scan using sbtest8_pkey on sbtest8  (cost=0.43..385.29 rows=100 width=121)
	  Index Cond: ((id >= 5725371) AND (id <= 5725470))

for: simple_ranges
table 1 : explain SELECT c FROM sbtest1 WHERE id BETWEEN 9577367 AND 9577466
	Index Scan using sbtest1_pkey on sbtest1  (cost=0.43..394.92 rows=103 width=121)
	  Index Cond: ((id >= 9577367) AND (id <= 9577466))

table 2 : explain SELECT c FROM sbtest2 WHERE id BETWEEN 1141770 AND 1141869
	Index Scan using sbtest2_pkey on sbtest2  (cost=0.43..380.07 rows=99 width=121)
	  Index Cond: ((id >= 1141770) AND (id <= 1141869))

table 3 : explain SELECT c FROM sbtest3 WHERE id BETWEEN 7111481 AND 7111580
	Index Scan using sbtest3_pkey on sbtest3  (cost=0.43..370.14 rows=97 width=121)
	  Index Cond: ((id >= 7111481) AND (id <= 7111580))

table 4 : explain SELECT c FROM sbtest4 WHERE id BETWEEN 308116 AND 308215
	Index Scan using sbtest4_pkey on sbtest4  (cost=0.43..373.37 rows=97 width=121)
	  Index Cond: ((id >= 308116) AND (id <= 308215))

table 5 : explain SELECT c FROM sbtest5 WHERE id BETWEEN 4276169 AND 4276268
	Index Scan using sbtest5_pkey on sbtest5  (cost=0.43..378.50 rows=99 width=121)
	  Index Cond: ((id >= 4276169) AND (id <= 4276268))

table 6 : explain SELECT c FROM sbtest6 WHERE id BETWEEN 5465449 AND 5465548
	Index Scan using sbtest6_pkey on sbtest6  (cost=0.43..382.45 rows=100 width=121)
	  Index Cond: ((id >= 5465449) AND (id <= 5465548))

table 7 : explain SELECT c FROM sbtest7 WHERE id BETWEEN 8144207 AND 8144306
	Index Scan using sbtest7_pkey on sbtest7  (cost=0.43..366.35 rows=95 width=121)
	  Index Cond: ((id >= 8144207) AND (id <= 8144306))

table 8 : explain SELECT c FROM sbtest8 WHERE id BETWEEN 750058 AND 750157
	Index Scan using sbtest8_pkey on sbtest8  (cost=0.43..373.87 rows=97 width=121)
	  Index Cond: ((id >= 750058) AND (id <= 750157))

for: simple_ranges
table 1 : explain SELECT c FROM sbtest1 WHERE id BETWEEN 2635996 AND 2636095
	Index Scan using sbtest1_pkey on sbtest1  (cost=0.43..375.99 rows=98 width=121)
	  Index Cond: ((id >= 2635996) AND (id <= 2636095))

table 2 : explain SELECT c FROM sbtest2 WHERE id BETWEEN 5717066 AND 5717165
	Index Scan using sbtest2_pkey on sbtest2  (cost=0.43..357.27 rows=93 width=121)
	  Index Cond: ((id >= 5717066) AND (id <= 5717165))

table 3 : explain SELECT c FROM sbtest3 WHERE id BETWEEN 9445045 AND 9445144
	Index Scan using sbtest3_pkey on sbtest3  (cost=0.43..373.91 rows=98 width=121)
	  Index Cond: ((id >= 9445045) AND (id <= 9445144))

table 4 : explain SELECT c FROM sbtest4 WHERE id BETWEEN 8150979 AND 8151078
	Index Scan using sbtest4_pkey on sbtest4  (cost=0.43..365.77 rows=95 width=121)
	  Index Cond: ((id >= 8150979) AND (id <= 8151078))

table 5 : explain SELECT c FROM sbtest5 WHERE id BETWEEN 9148207 AND 9148306
	Index Scan using sbtest5_pkey on sbtest5  (cost=0.43..359.63 rows=94 width=121)
	  Index Cond: ((id >= 9148207) AND (id <= 9148306))

table 6 : explain SELECT c FROM sbtest6 WHERE id BETWEEN 1559756 AND 1559855
	Index Scan using sbtest6_pkey on sbtest6  (cost=0.43..371.12 rows=97 width=121)
	  Index Cond: ((id >= 1559756) AND (id <= 1559855))

table 7 : explain SELECT c FROM sbtest7 WHERE id BETWEEN 818002 AND 818101
	Index Scan using sbtest7_pkey on sbtest7  (cost=0.43..370.15 rows=96 width=121)
	  Index Cond: ((id >= 818002) AND (id <= 818101))

table 8 : explain SELECT c FROM sbtest8 WHERE id BETWEEN 8532394 AND 8532493
	Index Scan using sbtest8_pkey on sbtest8  (cost=0.43..366.21 rows=95 width=121)
	  Index Cond: ((id >= 8532394) AND (id <= 8532493))

for: sum_ranges
table 1 : explain SELECT SUM(k) FROM sbtest1 WHERE id BETWEEN 8698314 AND 8698413
	Aggregate  (cost=395.18..395.19 rows=1 width=8)
	  ->  Index Scan using sbtest1_pkey on sbtest1  (cost=0.43..394.92 rows=103 width=4)
	        Index Cond: ((id >= 8698314) AND (id <= 8698413))

table 2 : explain SELECT SUM(k) FROM sbtest2 WHERE id BETWEEN 2214447 AND 2214546
	Aggregate  (cost=342.34..342.35 rows=1 width=8)
	  ->  Index Scan using sbtest2_pkey on sbtest2  (cost=0.43..342.11 rows=89 width=4)
	        Index Cond: ((id >= 2214447) AND (id <= 2214546))

table 3 : explain SELECT SUM(k) FROM sbtest3 WHERE id BETWEEN 901287 AND 901386
	Aggregate  (cost=385.46..385.47 rows=1 width=8)
	  ->  Index Scan using sbtest3_pkey on sbtest3  (cost=0.43..385.20 rows=101 width=4)
	        Index Cond: ((id >= 901287) AND (id <= 901386))

table 4 : explain SELECT SUM(k) FROM sbtest4 WHERE id BETWEEN 2342329 AND 2342428
	Aggregate  (cost=377.42..377.43 rows=1 width=8)
	  ->  Index Scan using sbtest4_pkey on sbtest4  (cost=0.43..377.17 rows=98 width=4)
	        Index Cond: ((id >= 2342329) AND (id <= 2342428))

table 5 : explain SELECT SUM(k) FROM sbtest5 WHERE id BETWEEN 2002472 AND 2002571
	Aggregate  (cost=397.63..397.64 rows=1 width=8)
	  ->  Index Scan using sbtest5_pkey on sbtest5  (cost=0.43..397.37 rows=104 width=4)
	        Index Cond: ((id >= 2002472) AND (id <= 2002571))

table 6 : explain SELECT SUM(k) FROM sbtest6 WHERE id BETWEEN 6481398 AND 6481497
	Aggregate  (cost=386.48..386.49 rows=1 width=8)
	  ->  Index Scan using sbtest6_pkey on sbtest6  (cost=0.43..386.22 rows=101 width=4)
	        Index Cond: ((id >= 6481398) AND (id <= 6481497))

table 7 : explain SELECT SUM(k) FROM sbtest7 WHERE id BETWEEN 1537671 AND 1537770
	Aggregate  (cost=374.20..374.21 rows=1 width=8)
	  ->  Index Scan using sbtest7_pkey on sbtest7  (cost=0.43..373.96 rows=97 width=4)
	        Index Cond: ((id >= 1537671) AND (id <= 1537770))

table 8 : explain SELECT SUM(k) FROM sbtest8 WHERE id BETWEEN 6827983 AND 6828082
	Aggregate  (cost=370.25..370.26 rows=1 width=8)
	  ->  Index Scan using sbtest8_pkey on sbtest8  (cost=0.43..370.01 rows=96 width=4)
	        Index Cond: ((id >= 6827983) AND (id <= 6828082))

for: sum_ranges
table 1 : explain SELECT SUM(k) FROM sbtest1 WHERE id BETWEEN 9047144 AND 9047243
	Aggregate  (cost=398.97..398.98 rows=1 width=8)
	  ->  Index Scan using sbtest1_pkey on sbtest1  (cost=0.43..398.71 rows=104 width=4)
	        Index Cond: ((id >= 9047144) AND (id <= 9047243))

table 2 : explain SELECT SUM(k) FROM sbtest2 WHERE id BETWEEN 325794 AND 325893
	Aggregate  (cost=372.68..372.69 rows=1 width=8)
	  ->  Index Scan using sbtest2_pkey on sbtest2  (cost=0.43..372.44 rows=97 width=4)
	        Index Cond: ((id >= 325794) AND (id <= 325893))

table 3 : explain SELECT SUM(k) FROM sbtest3 WHERE id BETWEEN 9699720 AND 9699819
	Aggregate  (cost=381.69..381.70 rows=1 width=8)
	  ->  Index Scan using sbtest3_pkey on sbtest3  (cost=0.43..381.44 rows=100 width=4)
	        Index Cond: ((id >= 9699720) AND (id <= 9699819))

table 4 : explain SELECT SUM(k) FROM sbtest4 WHERE id BETWEEN 3466163 AND 3466262
	Aggregate  (cost=331.74..331.75 rows=1 width=8)
	  ->  Index Scan using sbtest4_pkey on sbtest4  (cost=0.43..331.52 rows=86 width=4)
	        Index Cond: ((id >= 3466163) AND (id <= 3466262))

table 5 : explain SELECT SUM(k) FROM sbtest5 WHERE id BETWEEN 3774632 AND 3774731
	Aggregate  (cost=348.54..348.55 rows=1 width=8)
	  ->  Index Scan using sbtest5_pkey on sbtest5  (cost=0.43..348.31 rows=91 width=4)
	        Index Cond: ((id >= 3774632) AND (id <= 3774731))

table 6 : explain SELECT SUM(k) FROM sbtest6 WHERE id BETWEEN 2577036 AND 2577135
	Aggregate  (cost=378.92..378.93 rows=1 width=8)
	  ->  Index Scan using sbtest6_pkey on sbtest6  (cost=0.43..378.67 rows=99 width=4)
	        Index Cond: ((id >= 2577036) AND (id <= 2577135))

table 7 : explain SELECT SUM(k) FROM sbtest7 WHERE id BETWEEN 1293997 AND 1294096
	Aggregate  (cost=404.66..404.67 rows=1 width=8)
	  ->  Index Scan using sbtest7_pkey on sbtest7  (cost=0.43..404.40 rows=105 width=4)
	        Index Cond: ((id >= 1293997) AND (id <= 1294096))

table 8 : explain SELECT SUM(k) FROM sbtest8 WHERE id BETWEEN 7088376 AND 7088475
	Aggregate  (cost=400.76..400.77 rows=1 width=8)
	  ->  Index Scan using sbtest8_pkey on sbtest8  (cost=0.43..400.50 rows=104 width=4)
	        Index Cond: ((id >= 7088376) AND (id <= 7088475))

for: sum_ranges
table 1 : explain SELECT SUM(k) FROM sbtest1 WHERE id BETWEEN 9908200 AND 9908299
	Aggregate  (cost=406.55..406.56 rows=1 width=8)
	  ->  Index Scan using sbtest1_pkey on sbtest1  (cost=0.43..406.29 rows=106 width=4)
	        Index Cond: ((id >= 9908200) AND (id <= 9908299))

table 2 : explain SELECT SUM(k) FROM sbtest2 WHERE id BETWEEN 4598514 AND 4598613
	Aggregate  (cost=384.11..384.12 rows=1 width=8)
	  ->  Index Scan using sbtest2_pkey on sbtest2  (cost=0.43..383.86 rows=100 width=4)
	        Index Cond: ((id >= 4598514) AND (id <= 4598613))

table 3 : explain SELECT SUM(k) FROM sbtest3 WHERE id BETWEEN 4837146 AND 4837245
	Aggregate  (cost=396.76..396.77 rows=1 width=8)
	  ->  Index Scan using sbtest3_pkey on sbtest3  (cost=0.43..396.50 rows=104 width=4)
	        Index Cond: ((id >= 4837146) AND (id <= 4837245))

table 4 : explain SELECT SUM(k) FROM sbtest4 WHERE id BETWEEN 1112128 AND 1112227
	Aggregate  (cost=339.34..339.35 rows=1 width=8)
	  ->  Index Scan using sbtest4_pkey on sbtest4  (cost=0.43..339.12 rows=88 width=4)
	        Index Cond: ((id >= 1112128) AND (id <= 1112227))

table 5 : explain SELECT SUM(k) FROM sbtest5 WHERE id BETWEEN 6340291 AND 6340390
	Aggregate  (cost=393.85..393.86 rows=1 width=8)
	  ->  Index Scan using sbtest5_pkey on sbtest5  (cost=0.43..393.60 rows=103 width=4)
	        Index Cond: ((id >= 6340291) AND (id <= 6340390))

table 6 : explain SELECT SUM(k) FROM sbtest6 WHERE id BETWEEN 9861235 AND 9861334
	Aggregate  (cost=382.70..382.71 rows=1 width=8)
	  ->  Index Scan using sbtest6_pkey on sbtest6  (cost=0.43..382.45 rows=100 width=4)
	        Index Cond: ((id >= 9861235) AND (id <= 9861334))

table 7 : explain SELECT SUM(k) FROM sbtest7 WHERE id BETWEEN 8528749 AND 8528848
	Aggregate  (cost=397.05..397.06 rows=1 width=8)
	  ->  Index Scan using sbtest7_pkey on sbtest7  (cost=0.43..396.79 rows=103 width=4)
	        Index Cond: ((id >= 8528749) AND (id <= 8528848))

table 8 : explain SELECT SUM(k) FROM sbtest8 WHERE id BETWEEN 8379208 AND 8379307
	Aggregate  (cost=415.99..416.00 rows=1 width=8)
	  ->  Index Scan using sbtest8_pkey on sbtest8  (cost=0.43..415.72 rows=108 width=4)
	        Index Cond: ((id >= 8379208) AND (id <= 8379307))

explain: for point_selects :: explain SELECT c FROM sbtest%u WHERE id=%u
explain: for point_selects :: explain SELECT c FROM sbtest%u WHERE id=%u
explain: for point_selects :: explain SELECT c FROM sbtest%u WHERE id=%u
for: sum_ranges
table 1 : explain SELECT SUM(k) FROM sbtest1 WHERE id BETWEEN 8693121 AND 8693220
	Aggregate  (cost=395.18..395.19 rows=1 width=8)
	  ->  Index Scan using sbtest1_pkey on sbtest1  (cost=0.43..394.92 rows=103 width=4)
	        Index Cond: ((id >= 8693121) AND (id <= 8693220))

table 2 : explain SELECT SUM(k) FROM sbtest2 WHERE id BETWEEN 3564276 AND 3564375
	Aggregate  (cost=372.68..372.69 rows=1 width=8)
	  ->  Index Scan using sbtest2_pkey on sbtest2  (cost=0.43..372.44 rows=97 width=4)
	        Index Cond: ((id >= 3564276) AND (id <= 3564375))

table 3 : explain SELECT SUM(k) FROM sbtest3 WHERE id BETWEEN 3319991 AND 3320090
	Aggregate  (cost=362.85..362.86 rows=1 width=8)
	  ->  Index Scan using sbtest3_pkey on sbtest3  (cost=0.43..362.61 rows=95 width=4)
	        Index Cond: ((id >= 3319991) AND (id <= 3320090))

table 4 : explain SELECT SUM(k) FROM sbtest4 WHERE id BETWEEN 3820851 AND 3820950
	Aggregate  (cost=400.23..400.24 rows=1 width=8)
	  ->  Index Scan using sbtest4_pkey on sbtest4  (cost=0.43..399.97 rows=104 width=4)
	        Index Cond: ((id >= 3820851) AND (id <= 3820950))

table 5 : explain SELECT SUM(k) FROM sbtest5 WHERE id BETWEEN 7728037 AND 7728136
	Aggregate  (cost=374.97..374.98 rows=1 width=8)
	  ->  Index Scan using sbtest5_pkey on sbtest5  (cost=0.43..374.73 rows=98 width=4)
	        Index Cond: ((id >= 7728037) AND (id <= 7728136))

table 6 : explain SELECT SUM(k) FROM sbtest6 WHERE id BETWEEN 130280 AND 130379
	Aggregate  (cost=416.70..416.71 rows=1 width=8)
	  ->  Index Scan using sbtest6_pkey on sbtest6  (cost=0.43..416.43 rows=109 width=4)
	        Index Cond: ((id >= 130280) AND (id <= 130379))

table 7 : explain SELECT SUM(k) FROM sbtest7 WHERE id BETWEEN 3536063 AND 3536162
	Aggregate  (cost=378.01..378.02 rows=1 width=8)
	  ->  Index Scan using sbtest7_pkey on sbtest7  (cost=0.43..377.76 rows=98 width=4)
	        Index Cond: ((id >= 3536063) AND (id <= 3536162))

table 8 : explain SELECT SUM(k) FROM sbtest8 WHERE id BETWEEN 6372497 AND 6372596
	Aggregate  (cost=343.60..343.61 rows=1 width=8)
	  ->  Index Scan using sbtest8_pkey on sbtest8  (cost=0.43..343.38 rows=89 width=4)
	        Index Cond: ((id >= 6372497) AND (id <= 6372596))

for: order_ranges
table 1 : explain SELECT c FROM sbtest1 WHERE id BETWEEN 4031760 AND 4031859 ORDER BY c
	Sort  (cost=344.73..344.95 rows=89 width=121)
	  Sort Key: c
	  ->  Index Scan using sbtest1_pkey on sbtest1  (cost=0.43..341.85 rows=89 width=121)
	        Index Cond: ((id >= 4031760) AND (id <= 4031859))

table 2 : explain SELECT c FROM sbtest2 WHERE id BETWEEN 471686 AND 471785 ORDER BY c
	Sort  (cost=394.85..395.10 rows=102 width=121)
	  Sort Key: c
	  ->  Index Scan using sbtest2_pkey on sbtest2  (cost=0.43..391.44 rows=102 width=121)
	        Index Cond: ((id >= 471686) AND (id <= 471785))

table 3 : explain SELECT c FROM sbtest3 WHERE id BETWEEN 1733303 AND 1733402 ORDER BY c
	Sort  (cost=373.34..373.58 rows=97 width=121)
	  Sort Key: c
	  ->  Index Scan using sbtest3_pkey on sbtest3  (cost=0.43..370.14 rows=97 width=121)
	        Index Cond: ((id >= 1733303) AND (id <= 1733402))

table 4 : explain SELECT c FROM sbtest4 WHERE id BETWEEN 4489431 AND 4489530 ORDER BY c
	Sort  (cost=453.38..453.68 rows=117 width=121)
	  Sort Key: c
	  ->  Index Scan using sbtest4_pkey on sbtest4  (cost=0.43..449.36 rows=117 width=121)
	        Index Cond: ((id >= 4489431) AND (id <= 4489530))

table 5 : explain SELECT c FROM sbtest5 WHERE id BETWEEN 5004560 AND 5004659 ORDER BY c
	Sort  (cost=381.78..382.03 rows=99 width=121)
	  Sort Key: c
	  ->  Index Scan using sbtest5_pkey on sbtest5  (cost=0.43..378.50 rows=99 width=121)
	        Index Cond: ((id >= 5004560) AND (id <= 5004659))

table 6 : explain SELECT c FROM sbtest6 WHERE id BETWEEN 2465325 AND 2465424 ORDER BY c
	Sort  (cost=408.67..408.93 rows=106 width=121)
	  Sort Key: c
	  ->  Index Scan using sbtest6_pkey on sbtest6  (cost=0.43..405.10 rows=106 width=121)
	        Index Cond: ((id >= 2465325) AND (id <= 2465424))

table 7 : explain SELECT c FROM sbtest7 WHERE id BETWEEN 4345881 AND 4345980 ORDER BY c
	Sort  (cost=377.16..377.40 rows=97 width=121)
	  Sort Key: c
	  ->  Index Scan using sbtest7_pkey on sbtest7  (cost=0.43..373.96 rows=97 width=121)
	        Index Cond: ((id >= 4345881) AND (id <= 4345980))

table 8 : explain SELECT c FROM sbtest8 WHERE id BETWEEN 5436615 AND 5436714 ORDER BY c
	Sort  (cost=411.68..411.94 rows=106 width=121)
	  Sort Key: c
	  ->  Index Scan using sbtest8_pkey on sbtest8  (cost=0.43..408.11 rows=106 width=121)
	        Index Cond: ((id >= 5436615) AND (id <= 5436714))

for: order_ranges
table 1 : explain SELECT c FROM sbtest1 WHERE id BETWEEN 4886894 AND 4886993 ORDER BY c
	Sort  (cost=375.40..375.64 rows=97 width=121)
	  Sort Key: c
	  ->  Index Scan using sbtest1_pkey on sbtest1  (cost=0.43..372.20 rows=97 width=121)
	        Index Cond: ((id >= 4886894) AND (id <= 4886993))

table 2 : explain SELECT c FROM sbtest2 WHERE id BETWEEN 2568181 AND 2568280 ORDER BY c
	Sort  (cost=367.98..368.21 rows=95 width=121)
	  Sort Key: c
	  ->  Index Scan using sbtest2_pkey on sbtest2  (cost=0.43..364.86 rows=95 width=121)
	        Index Cond: ((id >= 2568181) AND (id <= 2568280))

table 3 : explain SELECT c FROM sbtest3 WHERE id BETWEEN 8770550 AND 8770649 ORDER BY c
	Sort  (cost=369.54..369.78 rows=96 width=121)
	  Sort Key: c
	  ->  Index Scan using sbtest3_pkey on sbtest3  (cost=0.43..366.38 rows=96 width=121)
	        Index Cond: ((id >= 8770550) AND (id <= 8770649))

table 4 : explain SELECT c FROM sbtest4 WHERE id BETWEEN 3120770 AND 3120869 ORDER BY c
	Sort  (cost=418.82..419.09 rows=108 width=121)
	  Sort Key: c
	  ->  Index Scan using sbtest4_pkey on sbtest4  (cost=0.43..415.17 rows=108 width=121)
	        Index Cond: ((id >= 3120770) AND (id <= 3120869))

table 5 : explain SELECT c FROM sbtest5 WHERE id BETWEEN 4229629 AND 4229728 ORDER BY c
	Sort  (cost=465.72..466.02 rows=121 width=121)
	  Sort Key: c
	  ->  Index Scan using sbtest5_pkey on sbtest5  (cost=0.43..461.53 rows=121 width=121)
	        Index Cond: ((id >= 4229629) AND (id <= 4229728))

table 6 : explain SELECT c FROM sbtest6 WHERE id BETWEEN 6065895 AND 6065994 ORDER BY c
	Sort  (cost=362.81..363.05 rows=94 width=121)
	  Sort Key: c
	  ->  Index Scan using sbtest6_pkey on sbtest6  (cost=0.43..359.73 rows=94 width=121)
	        Index Cond: ((id >= 6065895) AND (id <= 6065994))

table 7 : explain SELECT c FROM sbtest7 WHERE id BETWEEN 2436500 AND 2436599 ORDER BY c
	Sort  (cost=377.16..377.40 rows=97 width=121)
	  Sort Key: c
	  ->  Index Scan using sbtest7_pkey on sbtest7  (cost=0.43..373.96 rows=97 width=121)
	        Index Cond: ((id >= 2436500) AND (id <= 2436599))

table 8 : explain SELECT c FROM sbtest8 WHERE id BETWEEN 5102536 AND 5102635 ORDER BY c
	Sort  (cost=403.99..404.25 rows=104 width=121)
	  Sort Key: c
	  ->  Index Scan using sbtest8_pkey on sbtest8  (cost=0.43..400.50 rows=104 width=121)
	        Index Cond: ((id >= 5102536) AND (id <= 5102635))

for point_selects
table 1 : explain SELECT c FROM sbtest1 WHERE id=759729
	Index Scan using sbtest1_pkey on sbtest1  (cost=0.43..8.45 rows=1 width=121)
	  Index Cond: (id = 759729)

table 2 : explain SELECT c FROM sbtest2 WHERE id=1620446
	Index Scan using sbtest2_pkey on sbtest2  (cost=0.43..8.45 rows=1 width=121)
	  Index Cond: (id = 1620446)

table 3 : explain SELECT c FROM sbtest3 WHERE id=497663
	Index Scan using sbtest3_pkey on sbtest3  (cost=0.43..8.45 rows=1 width=121)
	  Index Cond: (id = 497663)

table 4 : explain SELECT c FROM sbtest4 WHERE id=4016872
	Index Scan using sbtest4_pkey on sbtest4  (cost=0.43..8.45 rows=1 width=121)
	  Index Cond: (id = 4016872)

table 5 : explain SELECT c FROM sbtest5 WHERE id=5245094
	Index Scan using sbtest5_pkey on sbtest5  (cost=0.43..8.45 rows=1 width=121)
	  Index Cond: (id = 5245094)

table 6 : explain SELECT c FROM sbtest6 WHERE id=1481308
	Index Scan using sbtest6_pkey on sbtest6  (cost=0.43..8.45 rows=1 width=121)
	  Index Cond: (id = 1481308)

table 7 : explain SELECT c FROM sbtest7 WHERE id=2076321
	Index Scan using sbtest7_pkey on sbtest7  (cost=0.43..8.45 rows=1 width=121)
	  Index Cond: (id = 2076321)

table 8 : explain SELECT c FROM sbtest8 WHERE id=8753427
	Index Scan using sbtest8_pkey on sbtest8  (cost=0.43..8.45 rows=1 width=121)
	  Index Cond: (id = 8753427)

for: order_ranges
table 1 : explain SELECT c FROM sbtest1 WHERE id BETWEEN 5471800 AND 5471899 ORDER BY c
	Sort  (cost=379.23..379.47 rows=98 width=121)
	  Sort Key: c
	  ->  Index Scan using sbtest1_pkey on sbtest1  (cost=0.43..375.99 rows=98 width=121)
	        Index Cond: ((id >= 5471800) AND (id <= 5471899))

table 2 : explain SELECT c FROM sbtest2 WHERE id BETWEEN 6254725 AND 6254824 ORDER BY c
	Sort  (cost=367.98..368.21 rows=95 width=121)
	  Sort Key: c
	  ->  Index Scan using sbtest2_pkey on sbtest2  (cost=0.43..364.86 rows=95 width=121)
	        Index Cond: ((id >= 6254725) AND (id <= 6254824))

table 3 : explain SELECT c FROM sbtest3 WHERE id BETWEEN 7531450 AND 7531549 ORDER BY c
	Sort  (cost=411.40..411.67 rows=107 width=121)
	  Sort Key: c
	  ->  Index Scan using sbtest3_pkey on sbtest3  (cost=0.43..407.80 rows=107 width=121)
	        Index Cond: ((id >= 7531450) AND (id <= 7531549))

table 4 : explain SELECT c FROM sbtest4 WHERE id BETWEEN 5912871 AND 5912970 ORDER BY c
	Sort  (cost=384.25..384.50 rows=99 width=121)
	  Sort Key: c
	  ->  Index Scan using sbtest4_pkey on sbtest4  (cost=0.43..380.97 rows=99 width=121)
	        Index Cond: ((id >= 5912871) AND (id <= 5912970))

table 5 : explain SELECT c FROM sbtest5 WHERE id BETWEEN 3319645 AND 3319744 ORDER BY c
	Sort  (cost=408.49..408.75 rows=106 width=121)
	  Sort Key: c
	  ->  Index Scan using sbtest5_pkey on sbtest5  (cost=0.43..404.92 rows=106 width=121)
	        Index Cond: ((id >= 3319645) AND (id <= 3319744))

table 6 : explain SELECT c FROM sbtest6 WHERE id BETWEEN 3270959 AND 3271058 ORDER BY c
	Sort  (cost=389.59..389.84 rows=101 width=121)
	  Sort Key: c
	  ->  Index Scan using sbtest6_pkey on sbtest6  (cost=0.43..386.22 rows=101 width=121)
	        Index Cond: ((id >= 3270959) AND (id <= 3271058))

table 7 : explain SELECT c FROM sbtest7 WHERE id BETWEEN 9601082 AND 9601181 ORDER BY c
	Sort  (cost=427.16..427.43 rows=110 width=121)
	  Sort Key: c
	  ->  Index Scan using sbtest7_pkey on sbtest7  (cost=0.43..423.43 rows=110 width=121)
	        Index Cond: ((id >= 9601082) AND (id <= 9601181))

table 8 : explain SELECT c FROM sbtest8 WHERE id BETWEEN 8240922 AND 8241021 ORDER BY c
	Sort  (cost=380.92..381.16 rows=98 width=121)
	  Sort Key: c
	  ->  Index Scan using sbtest8_pkey on sbtest8  (cost=0.43..377.68 rows=98 width=121)
	        Index Cond: ((id >= 8240922) AND (id <= 8241021))

for point_selects
table 1 : explain SELECT c FROM sbtest1 WHERE id=8896962
	Index Scan using sbtest1_pkey on sbtest1  (cost=0.43..8.45 rows=1 width=121)
	  Index Cond: (id = 8896962)

table 2 : explain SELECT c FROM sbtest2 WHERE id=5300386
	Index Scan using sbtest2_pkey on sbtest2  (cost=0.43..8.45 rows=1 width=121)
	  Index Cond: (id = 5300386)

table 3 : explain SELECT c FROM sbtest3 WHERE id=8642378
	Index Scan using sbtest3_pkey on sbtest3  (cost=0.43..8.45 rows=1 width=121)
	  Index Cond: (id = 8642378)

table 4 : explain SELECT c FROM sbtest4 WHERE id=7782081
	Index Scan using sbtest4_pkey on sbtest4  (cost=0.43..8.45 rows=1 width=121)
	  Index Cond: (id = 7782081)

table 5 : explain SELECT c FROM sbtest5 WHERE id=2001267
	Index Scan using sbtest5_pkey on sbtest5  (cost=0.43..8.45 rows=1 width=121)
	  Index Cond: (id = 2001267)

table 6 : explain SELECT c FROM sbtest6 WHERE id=1727090
	Index Scan using sbtest6_pkey on sbtest6  (cost=0.43..8.45 rows=1 width=121)
	  Index Cond: (id = 1727090)

table 7 : explain SELECT c FROM sbtest7 WHERE id=8030222
	Index Scan using sbtest7_pkey on sbtest7  (cost=0.43..8.45 rows=1 width=121)
	  Index Cond: (id = 8030222)

table 8 : explain SELECT c FROM sbtest8 WHERE id=2408350
	Index Scan using sbtest8_pkey on sbtest8  (cost=0.43..8.45 rows=1 width=121)
	  Index Cond: (id = 2408350)

for: distinct_ranges
table 1 : explain SELECT DISTINCT c FROM sbtest1 WHERE id BETWEEN 2796568 AND 2796667 ORDER BY c
	Unique  (cost=402.20..402.72 rows=104 width=121)
	  ->  Sort  (cost=402.20..402.46 rows=104 width=121)
	        Sort Key: c
	        ->  Index Scan using sbtest1_pkey on sbtest1  (cost=0.43..398.71 rows=104 width=121)
	              Index Cond: ((id >= 2796568) AND (id <= 2796667))

table 2 : explain SELECT DISTINCT c FROM sbtest2 WHERE id BETWEEN 3636053 AND 3636152 ORDER BY c
	Unique  (cost=375.64..376.12 rows=97 width=121)
	  ->  Sort  (cost=375.64..375.88 rows=97 width=121)
	        Sort Key: c
	        ->  Index Scan using sbtest2_pkey on sbtest2  (cost=0.43..372.44 rows=97 width=121)
	              Index Cond: ((id >= 3636053) AND (id <= 3636152))

table 3 : explain SELECT DISTINCT c FROM sbtest3 WHERE id BETWEEN 2498673 AND 2498772 ORDER BY c
	Unique  (cost=361.93..362.40 rows=94 width=121)
	  ->  Sort  (cost=361.93..362.16 rows=94 width=121)
	        Sort Key: c
	        ->  Index Scan using sbtest3_pkey on sbtest3  (cost=0.43..358.84 rows=94 width=121)
	              Index Cond: ((id >= 2498673) AND (id <= 2498772))

table 4 : explain SELECT DISTINCT c FROM sbtest4 WHERE id BETWEEN 5299483 AND 5299582 ORDER BY c
	Unique  (cost=388.09..388.59 rows=100 width=121)
	  ->  Sort  (cost=388.09..388.34 rows=100 width=121)
	        Sort Key: c
	        ->  Index Scan using sbtest4_pkey on sbtest4  (cost=0.43..384.77 rows=100 width=121)
	              Index Cond: ((id >= 5299483) AND (id <= 5299582))

table 5 : explain SELECT DISTINCT c FROM sbtest5 WHERE id BETWEEN 1510245 AND 1510344 ORDER BY c
	Unique  (cost=347.39..347.84 rows=90 width=121)
	  ->  Sort  (cost=347.39..347.62 rows=90 width=121)
	        Sort Key: c
	        ->  Index Scan using sbtest5_pkey on sbtest5  (cost=0.43..344.47 rows=90 width=121)
	              Index Cond: ((id >= 1510245) AND (id <= 1510344))

table 6 : explain SELECT DISTINCT c FROM sbtest6 WHERE id BETWEEN 7852720 AND 7852819 ORDER BY c
	Unique  (cost=374.32..374.81 rows=97 width=121)
	  ->  Sort  (cost=374.32..374.56 rows=97 width=121)
	        Sort Key: c
	        ->  Index Scan using sbtest6_pkey on sbtest6  (cost=0.43..371.12 rows=97 width=121)
	              Index Cond: ((id >= 7852720) AND (id <= 7852819))

table 7 : explain SELECT DISTINCT c FROM sbtest7 WHERE id BETWEEN 1258399 AND 1258498 ORDER BY c
	Unique  (cost=407.93..408.45 rows=105 width=121)
	  ->  Sort  (cost=407.93..408.19 rows=105 width=121)
	        Sort Key: c
	        ->  Index Scan using sbtest7_pkey on sbtest7  (cost=0.43..404.40 rows=105 width=121)
	              Index Cond: ((id >= 1258399) AND (id <= 1258498))

table 8 : explain SELECT DISTINCT c FROM sbtest8 WHERE id BETWEEN 9015406 AND 9015505 ORDER BY c
	Unique  (cost=411.68..412.21 rows=106 width=121)
	  ->  Sort  (cost=411.68..411.94 rows=106 width=121)
	        Sort Key: c
	        ->  Index Scan using sbtest8_pkey on sbtest8  (cost=0.43..408.11 rows=106 width=121)
	              Index Cond: ((id >= 9015406) AND (id <= 9015505))

for: order_ranges
table 1 : explain SELECT c FROM sbtest1 WHERE id BETWEEN 5151684 AND 5151783 ORDER BY c
	Sort  (cost=386.88..387.13 rows=100 width=121)
	  Sort Key: c
	  ->  Index Scan using sbtest1_pkey on sbtest1  (cost=0.43..383.56 rows=100 width=121)
	        Index Cond: ((id >= 5151684) AND (id <= 5151783))

table 2 : explain SELECT c FROM sbtest2 WHERE id BETWEEN 3739057 AND 3739156 ORDER BY c
	Sort  (cost=383.36..383.60 rows=99 width=121)
	  Sort Key: c
	  ->  Index Scan using sbtest2_pkey on sbtest2  (cost=0.43..380.07 rows=99 width=121)
	        Index Cond: ((id >= 3739057) AND (id <= 3739156))

table 3 : explain SELECT c FROM sbtest3 WHERE id BETWEEN 636715 AND 636814 ORDER BY c
	Sort  (cost=369.54..369.78 rows=96 width=121)
	  Sort Key: c
	  ->  Index Scan using sbtest3_pkey on sbtest3  (cost=0.43..366.38 rows=96 width=121)
	        Index Cond: ((id >= 636715) AND (id <= 636814))

table 4 : explain SELECT c FROM sbtest4 WHERE id BETWEEN 1025419 AND 1025518 ORDER BY c
	Sort  (cost=341.97..342.19 rows=88 width=121)
	  Sort Key: c
	  ->  Index Scan using sbtest4_pkey on sbtest4  (cost=0.43..339.12 rows=88 width=121)
	        Index Cond: ((id >= 1025419) AND (id <= 1025518))

table 5 : explain SELECT c FROM sbtest5 WHERE id BETWEEN 3978973 AND 3979072 ORDER BY c
	Sort  (cost=377.97..378.21 rows=98 width=121)
	  Sort Key: c
	  ->  Index Scan using sbtest5_pkey on sbtest5  (cost=0.43..374.73 rows=98 width=121)
	        Index Cond: ((id >= 3978973) AND (id <= 3979072))

table 6 : explain SELECT c FROM sbtest6 WHERE id BETWEEN 6830558 AND 6830657 ORDER BY c
	Sort  (cost=351.37..351.59 rows=91 width=121)
	  Sort Key: c
	  ->  Index Scan using sbtest6_pkey on sbtest6  (cost=0.43..348.40 rows=91 width=121)
	        Index Cond: ((id >= 6830558) AND (id <= 6830657))

table 7 : explain SELECT c FROM sbtest7 WHERE id BETWEEN 3554134 AND 3554233 ORDER BY c
	Sort  (cost=377.16..377.40 rows=97 width=121)
	  Sort Key: c
	  ->  Index Scan using sbtest7_pkey on sbtest7  (cost=0.43..373.96 rows=97 width=121)
	        Index Cond: ((id >= 3554134) AND (id <= 3554233))

table 8 : explain SELECT c FROM sbtest8 WHERE id BETWEEN 3120202 AND 3120301 ORDER BY c
	Sort  (cost=400.14..400.40 rows=103 width=121)
	  Sort Key: c
	  ->  Index Scan using sbtest8_pkey on sbtest8  (cost=0.43..396.70 rows=103 width=121)
	        Index Cond: ((id >= 3120202) AND (id <= 3120301))

for: simple_ranges
table 1 : explain SELECT c FROM sbtest1 WHERE id BETWEEN 9598855 AND 9598954
	Index Scan using sbtest1_pkey on sbtest1  (cost=0.43..394.92 rows=103 width=121)
	  Index Cond: ((id >= 9598855) AND (id <= 9598954))

table 2 : explain SELECT c FROM sbtest2 WHERE id BETWEEN 355807 AND 355906
	Index Scan using sbtest2_pkey on sbtest2  (cost=0.43..372.44 rows=97 width=121)
	  Index Cond: ((id >= 355807) AND (id <= 355906))

table 3 : explain SELECT c FROM sbtest3 WHERE id BETWEEN 1923639 AND 1923738
	Index Scan using sbtest3_pkey on sbtest3  (cost=0.43..396.50 rows=104 width=121)
	  Index Cond: ((id >= 1923639) AND (id <= 1923738))

table 4 : explain SELECT c FROM sbtest4 WHERE id BETWEEN 7262686 AND 7262785
	Index Scan using sbtest4_pkey on sbtest4  (cost=0.43..407.57 rows=106 width=121)
	  Index Cond: ((id >= 7262686) AND (id <= 7262785))

table 5 : explain SELECT c FROM sbtest5 WHERE id BETWEEN 2960608 AND 2960707
	Index Scan using sbtest5_pkey on sbtest5  (cost=0.43..393.60 rows=103 width=121)
	  Index Cond: ((id >= 2960608) AND (id <= 2960707))

table 6 : explain SELECT c FROM sbtest6 WHERE id BETWEEN 1502603 AND 1502702
	Index Scan using sbtest6_pkey on sbtest6  (cost=0.43..371.12 rows=97 width=121)
	  Index Cond: ((id >= 1502603) AND (id <= 1502702))

table 7 : explain SELECT c FROM sbtest7 WHERE id BETWEEN 202246 AND 202345
	Index Scan using sbtest7_pkey on sbtest7  (cost=0.43..412.01 rows=107 width=121)
	  Index Cond: ((id >= 202246) AND (id <= 202345))

table 8 : explain SELECT c FROM sbtest8 WHERE id BETWEEN 7934926 AND 7935025
	Index Scan using sbtest8_pkey on sbtest8  (cost=0.43..358.60 rows=93 width=121)
	  Index Cond: ((id >= 7934926) AND (id <= 7935025))

explain: for index_updates :: explain UPDATE sbtest%u SET k=k+1 WHERE id=%u
for point_selects
table 1 : explain SELECT c FROM sbtest1 WHERE id=3518333
	Index Scan using sbtest1_pkey on sbtest1  (cost=0.43..8.45 rows=1 width=121)
	  Index Cond: (id = 3518333)

table 2 : explain SELECT c FROM sbtest2 WHERE id=1273522
	Index Scan using sbtest2_pkey on sbtest2  (cost=0.43..8.45 rows=1 width=121)
	  Index Cond: (id = 1273522)

table 3 : explain SELECT c FROM sbtest3 WHERE id=6252438
	Index Scan using sbtest3_pkey on sbtest3  (cost=0.43..8.45 rows=1 width=121)
	  Index Cond: (id = 6252438)

table 4 : explain SELECT c FROM sbtest4 WHERE id=6606848
	Index Scan using sbtest4_pkey on sbtest4  (cost=0.43..8.45 rows=1 width=121)
	  Index Cond: (id = 6606848)

table 5 : explain SELECT c FROM sbtest5 WHERE id=7860729
	Index Scan using sbtest5_pkey on sbtest5  (cost=0.43..8.45 rows=1 width=121)
	  Index Cond: (id = 7860729)

table 6 : explain SELECT c FROM sbtest6 WHERE id=7698773
	Index Scan using sbtest6_pkey on sbtest6  (cost=0.43..8.45 rows=1 width=121)
	  Index Cond: (id = 7698773)

table 7 : explain SELECT c FROM sbtest7 WHERE id=2001002
	Index Scan using sbtest7_pkey on sbtest7  (cost=0.43..8.45 rows=1 width=121)
	  Index Cond: (id = 2001002)

table 8 : explain SELECT c FROM sbtest8 WHERE id=8824827
	Index Scan using sbtest8_pkey on sbtest8  (cost=0.43..8.45 rows=1 width=121)
	  Index Cond: (id = 8824827)

for index_updates
table 1 : explain UPDATE sbtest1 SET k=k+1 WHERE id=8185301
	Update on sbtest1  (cost=0.43..8.46 rows=1 width=196)
	  ->  Index Scan using sbtest1_pkey on sbtest1  (cost=0.43..8.46 rows=1 width=196)
	        Index Cond: (id = 8185301)

table 2 : explain UPDATE sbtest2 SET k=k+1 WHERE id=9874378
	Update on sbtest2  (cost=0.43..8.46 rows=1 width=196)
	  ->  Index Scan using sbtest2_pkey on sbtest2  (cost=0.43..8.46 rows=1 width=196)
	        Index Cond: (id = 9874378)

table 3 : explain UPDATE sbtest3 SET k=k+1 WHERE id=636252
	Update on sbtest3  (cost=0.43..8.46 rows=1 width=196)
	  ->  Index Scan using sbtest3_pkey on sbtest3  (cost=0.43..8.46 rows=1 width=196)
	        Index Cond: (id = 636252)

table 4 : explain UPDATE sbtest4 SET k=k+1 WHERE id=8111789
	Update on sbtest4  (cost=0.43..8.46 rows=1 width=196)
	  ->  Index Scan using sbtest4_pkey on sbtest4  (cost=0.43..8.46 rows=1 width=196)
	        Index Cond: (id = 8111789)

table 5 : explain UPDATE sbtest5 SET k=k+1 WHERE id=381182
	Update on sbtest5  (cost=0.43..8.46 rows=1 width=196)
	  ->  Index Scan using sbtest5_pkey on sbtest5  (cost=0.43..8.46 rows=1 width=196)
	        Index Cond: (id = 381182)

table 6 : explain UPDATE sbtest6 SET k=k+1 WHERE id=8636714
	Update on sbtest6  (cost=0.43..8.46 rows=1 width=196)
	  ->  Index Scan using sbtest6_pkey on sbtest6  (cost=0.43..8.46 rows=1 width=196)
	        Index Cond: (id = 8636714)

table 7 : explain UPDATE sbtest7 SET k=k+1 WHERE id=3336114
	Update on sbtest7  (cost=0.43..8.46 rows=1 width=196)
	  ->  Index Scan using sbtest7_pkey on sbtest7  (cost=0.43..8.46 rows=1 width=196)
	        Index Cond: (id = 3336114)

table 8 : explain UPDATE sbtest8 SET k=k+1 WHERE id=2436484
	Update on sbtest8  (cost=0.43..8.46 rows=1 width=196)
	  ->  Index Scan using sbtest8_pkey on sbtest8  (cost=0.43..8.46 rows=1 width=196)
	        Index Cond: (id = 2436484)

explain: for point_selects :: explain SELECT c FROM sbtest%u WHERE id=%u
for: simple_ranges
table 1 : explain SELECT c FROM sbtest1 WHERE id BETWEEN 3897359 AND 3897458
	Index Scan using sbtest1_pkey on sbtest1  (cost=0.43..356.99 rows=93 width=121)
	  Index Cond: ((id >= 3897359) AND (id <= 3897458))

table 2 : explain SELECT c FROM sbtest2 WHERE id BETWEEN 6879934 AND 6880033
	Index Scan using sbtest2_pkey on sbtest2  (cost=0.43..368.65 rows=96 width=121)
	  Index Cond: ((id >= 6879934) AND (id <= 6880033))

table 3 : explain SELECT c FROM sbtest3 WHERE id BETWEEN 765663 AND 765762
	Index Scan using sbtest3_pkey on sbtest3  (cost=0.43..370.14 rows=97 width=121)
	  Index Cond: ((id >= 765663) AND (id <= 765762))

table 4 : explain SELECT c FROM sbtest4 WHERE id BETWEEN 9310691 AND 9310790
	Index Scan using sbtest4_pkey on sbtest4  (cost=0.43..361.98 rows=94 width=121)
	  Index Cond: ((id >= 9310691) AND (id <= 9310790))

table 5 : explain SELECT c FROM sbtest5 WHERE id BETWEEN 9388767 AND 9388866
	Index Scan using sbtest5_pkey on sbtest5  (cost=0.43..363.40 rows=95 width=121)
	  Index Cond: ((id >= 9388767) AND (id <= 9388866))

table 6 : explain SELECT c FROM sbtest6 WHERE id BETWEEN 4688158 AND 4688257
	Index Scan using sbtest6_pkey on sbtest6  (cost=0.43..390.00 rows=102 width=121)
	  Index Cond: ((id >= 4688158) AND (id <= 4688257))

table 7 : explain SELECT c FROM sbtest7 WHERE id BETWEEN 4709601 AND 4709700
	Index Scan using sbtest7_pkey on sbtest7  (cost=0.43..385.37 rows=100 width=121)
	  Index Cond: ((id >= 4709601) AND (id <= 4709700))

table 8 : explain SELECT c FROM sbtest8 WHERE id BETWEEN 5379958 AND 5380057
	Index Scan using sbtest8_pkey on sbtest8  (cost=0.43..415.72 rows=108 width=121)
	  Index Cond: ((id >= 5379958) AND (id <= 5380057))

explain: for non_index_updates :: explain UPDATE sbtest%u SET c='foobar' WHERE id=%u
for: distinct_ranges
table 1 : explain SELECT DISTINCT c FROM sbtest1 WHERE id BETWEEN 9167589 AND 9167688 ORDER BY c
	Unique  (cost=363.92..364.39 rows=94 width=121)
	  ->  Sort  (cost=363.92..364.16 rows=94 width=121)
	        Sort Key: c
	        ->  Index Scan using sbtest1_pkey on sbtest1  (cost=0.43..360.84 rows=94 width=121)
	              Index Cond: ((id >= 9167589) AND (id <= 9167688))

table 2 : explain SELECT DISTINCT c FROM sbtest2 WHERE id BETWEEN 3777749 AND 3777848 ORDER BY c
	Unique  (cost=383.36..383.85 rows=99 width=121)
	  ->  Sort  (cost=383.36..383.60 rows=99 width=121)
	        Sort Key: c
	        ->  Index Scan using sbtest2_pkey on sbtest2  (cost=0.43..380.07 rows=99 width=121)
	              Index Cond: ((id >= 3777749) AND (id <= 3777848))

table 3 : explain SELECT DISTINCT c FROM sbtest3 WHERE id BETWEEN 9241738 AND 9241837 ORDER BY c
	Unique  (cost=369.54..370.02 rows=96 width=121)
	  ->  Sort  (cost=369.54..369.78 rows=96 width=121)
	        Sort Key: c
	        ->  Index Scan using sbtest3_pkey on sbtest3  (cost=0.43..366.38 rows=96 width=121)
	              Index Cond: ((id >= 9241738) AND (id <= 9241837))

table 4 : explain SELECT DISTINCT c FROM sbtest4 WHERE id BETWEEN 7951625 AND 7951724 ORDER BY c
	Unique  (cost=403.45..403.97 rows=104 width=121)
	  ->  Sort  (cost=403.45..403.71 rows=104 width=121)
	        Sort Key: c
	        ->  Index Scan using sbtest4_pkey on sbtest4  (cost=0.43..399.97 rows=104 width=121)
	              Index Cond: ((id >= 7951625) AND (id <= 7951724))

table 5 : explain SELECT DISTINCT c FROM sbtest5 WHERE id BETWEEN 5292932 AND 5293031 ORDER BY c
	Unique  (cost=385.60..386.10 rows=100 width=121)
	  ->  Sort  (cost=385.60..385.85 rows=100 width=121)
	        Sort Key: c
	        ->  Index Scan using sbtest5_pkey on sbtest5  (cost=0.43..382.28 rows=100 width=121)
	              Index Cond: ((id >= 5292932) AND (id <= 5293031))

table 6 : explain SELECT DISTINCT c FROM sbtest6 WHERE id BETWEEN 353724 AND 353823 ORDER BY c
	Unique  (cost=393.40..393.91 rows=102 width=121)
	  ->  Sort  (cost=393.40..393.66 rows=102 width=121)
	        Sort Key: c
	        ->  Index Scan using sbtest6_pkey on sbtest6  (cost=0.43..390.00 rows=102 width=121)
	              Index Cond: ((id >= 353724) AND (id <= 353823))

table 7 : explain SELECT DISTINCT c FROM sbtest7 WHERE id BETWEEN 8919185 AND 8919284 ORDER BY c
	Unique  (cost=400.23..400.75 rows=103 width=121)
	  ->  Sort  (cost=400.23..400.49 rows=103 width=121)
	        Sort Key: c
	        ->  Index Scan using sbtest7_pkey on sbtest7  (cost=0.43..396.79 rows=103 width=121)
	              Index Cond: ((id >= 8919185) AND (id <= 8919284))

table 8 : explain SELECT DISTINCT c FROM sbtest8 WHERE id BETWEEN 8014352 AND 8014451 ORDER BY c
	Unique  (cost=407.83..408.36 rows=105 width=121)
	  ->  Sort  (cost=407.83..408.10 rows=105 width=121)
	        Sort Key: c
	        ->  Index Scan using sbtest8_pkey on sbtest8  (cost=0.43..404.31 rows=105 width=121)
	              Index Cond: ((id >= 8014352) AND (id <= 8014451))

for: distinct_ranges
table 1 : explain SELECT DISTINCT c FROM sbtest1 WHERE id BETWEEN 368367 AND 368466 ORDER BY c
	Unique  (cost=386.88..387.38 rows=100 width=121)
	  ->  Sort  (cost=386.88..387.13 rows=100 width=121)
	        Sort Key: c
	        ->  Index Scan using sbtest1_pkey on sbtest1  (cost=0.43..383.56 rows=100 width=121)
	              Index Cond: ((id >= 368367) AND (id <= 368466))

table 2 : explain SELECT DISTINCT c FROM sbtest2 WHERE id BETWEEN 4586108 AND 4586207 ORDER BY c
	Unique  (cost=387.19..387.69 rows=100 width=121)
	  ->  Sort  (cost=387.19..387.44 rows=100 width=121)
	        Sort Key: c
	        ->  Index Scan using sbtest2_pkey on sbtest2  (cost=0.43..383.86 rows=100 width=121)
	              Index Cond: ((id >= 4586108) AND (id <= 4586207))

table 3 : explain SELECT DISTINCT c FROM sbtest3 WHERE id BETWEEN 8609831 AND 8609930 ORDER BY c
	Unique  (cost=365.73..366.21 rows=95 width=121)
	  ->  Sort  (cost=365.73..365.97 rows=95 width=121)
	        Sort Key: c
	        ->  Index Scan using sbtest3_pkey on sbtest3  (cost=0.43..362.61 rows=95 width=121)
	              Index Cond: ((id >= 8609831) AND (id <= 8609930))

table 4 : explain SELECT DISTINCT c FROM sbtest4 WHERE id BETWEEN 5331363 AND 5331462 ORDER BY c
	Unique  (cost=388.09..388.59 rows=100 width=121)
	  ->  Sort  (cost=388.09..388.34 rows=100 width=121)
	        Sort Key: c
	        ->  Index Scan using sbtest4_pkey on sbtest4  (cost=0.43..384.77 rows=100 width=121)
	              Index Cond: ((id >= 5331363) AND (id <= 5331462))

table 5 : explain SELECT DISTINCT c FROM sbtest5 WHERE id BETWEEN 6924645 AND 6924744 ORDER BY c
	Unique  (cost=408.49..409.02 rows=106 width=121)
	  ->  Sort  (cost=408.49..408.75 rows=106 width=121)
	        Sort Key: c
	        ->  Index Scan using sbtest5_pkey on sbtest5  (cost=0.43..404.92 rows=106 width=121)
	              Index Cond: ((id >= 6924645) AND (id <= 6924744))

table 6 : explain SELECT DISTINCT c FROM sbtest6 WHERE id BETWEEN 4932543 AND 4932642 ORDER BY c
	Unique  (cost=374.32..374.81 rows=97 width=121)
	  ->  Sort  (cost=374.32..374.56 rows=97 width=121)
	        Sort Key: c
	        ->  Index Scan using sbtest6_pkey on sbtest6  (cost=0.43..371.12 rows=97 width=121)
	              Index Cond: ((id >= 4932543) AND (id <= 4932642))

table 7 : explain SELECT DISTINCT c FROM sbtest7 WHERE id BETWEEN 3129079 AND 3129178 ORDER BY c
	Unique  (cost=377.16..377.64 rows=97 width=121)
	  ->  Sort  (cost=377.16..377.40 rows=97 width=121)
	        Sort Key: c
	        ->  Index Scan using sbtest7_pkey on sbtest7  (cost=0.43..373.96 rows=97 width=121)
	              Index Cond: ((id >= 3129079) AND (id <= 3129178))

table 8 : explain SELECT DISTINCT c FROM sbtest8 WHERE id BETWEEN 9114681 AND 9114780 ORDER BY c
	Unique  (cost=384.76..385.26 rows=99 width=121)
	  ->  Sort  (cost=384.76..385.01 rows=99 width=121)
	        Sort Key: c
	        ->  Index Scan using sbtest8_pkey on sbtest8  (cost=0.43..381.48 rows=99 width=121)
	              Index Cond: ((id >= 9114681) AND (id <= 9114780))

for: sum_ranges
table 1 : explain SELECT SUM(k) FROM sbtest1 WHERE id BETWEEN 5116903 AND 5117002
	Aggregate  (cost=383.81..383.82 rows=1 width=8)
	  ->  Index Scan using sbtest1_pkey on sbtest1  (cost=0.43..383.56 rows=100 width=4)
	        Index Cond: ((id >= 5116903) AND (id <= 5117002))

table 2 : explain SELECT SUM(k) FROM sbtest2 WHERE id BETWEEN 1498349 AND 1498448
	Aggregate  (cost=391.70..391.71 rows=1 width=8)
	  ->  Index Scan using sbtest2_pkey on sbtest2  (cost=0.43..391.44 rows=102 width=4)
	        Index Cond: ((id >= 1498349) AND (id <= 1498448))

table 3 : explain SELECT SUM(k) FROM sbtest3 WHERE id BETWEEN 2554909 AND 2555008
	Aggregate  (cost=404.30..404.31 rows=1 width=8)
	  ->  Index Scan using sbtest3_pkey on sbtest3  (cost=0.43..404.03 rows=106 width=4)
	        Index Cond: ((id >= 2554909) AND (id <= 2555008))

table 4 : explain SELECT SUM(k) FROM sbtest4 WHERE id BETWEEN 8046186 AND 8046285
	Aggregate  (cost=411.64..411.65 rows=1 width=8)
	  ->  Index Scan using sbtest4_pkey on sbtest4  (cost=0.43..411.37 rows=107 width=4)
	        Index Cond: ((id >= 8046186) AND (id <= 8046285))

table 5 : explain SELECT SUM(k) FROM sbtest5 WHERE id BETWEEN 3682645 AND 3682744
	Aggregate  (cost=367.42..367.43 rows=1 width=8)
	  ->  Index Scan using sbtest5_pkey on sbtest5  (cost=0.43..367.18 rows=96 width=4)
	        Index Cond: ((id >= 3682645) AND (id <= 3682744))

table 6 : explain SELECT SUM(k) FROM sbtest6 WHERE id BETWEEN 465224 AND 465323
	Aggregate  (cost=378.92..378.93 rows=1 width=8)
	  ->  Index Scan using sbtest6_pkey on sbtest6  (cost=0.43..378.67 rows=99 width=4)
	        Index Cond: ((id >= 465224) AND (id <= 465323))

table 7 : explain SELECT SUM(k) FROM sbtest7 WHERE id BETWEEN 8345557 AND 8345656
	Aggregate  (cost=370.39..370.40 rows=1 width=8)
	  ->  Index Scan using sbtest7_pkey on sbtest7  (cost=0.43..370.15 rows=96 width=4)
	        Index Cond: ((id >= 8345557) AND (id <= 8345656))

table 8 : explain SELECT SUM(k) FROM sbtest8 WHERE id BETWEEN 1647571 AND 1647670
	Aggregate  (cost=400.76..400.77 rows=1 width=8)
	  ->  Index Scan using sbtest8_pkey on sbtest8  (cost=0.43..400.50 rows=104 width=4)
	        Index Cond: ((id >= 1647571) AND (id <= 1647670))

explain: for index_updates :: explain UPDATE sbtest%u SET k=k+1 WHERE id=%u
explain: for index_updates :: explain UPDATE sbtest%u SET k=k+1 WHERE id=%u
for non_index_updates
table 1 : explain UPDATE sbtest1 SET c='foobar' WHERE id=4385560
	Update on sbtest1  (cost=0.43..8.45 rows=1 width=559)
	  ->  Index Scan using sbtest1_pkey on sbtest1  (cost=0.43..8.45 rows=1 width=559)
	        Index Cond: (id = 4385560)

table 2 : explain UPDATE sbtest2 SET c='foobar' WHERE id=280831
	Update on sbtest2  (cost=0.43..8.45 rows=1 width=559)
	  ->  Index Scan using sbtest2_pkey on sbtest2  (cost=0.43..8.45 rows=1 width=559)
	        Index Cond: (id = 280831)

table 3 : explain UPDATE sbtest3 SET c='foobar' WHERE id=5742753
	Update on sbtest3  (cost=0.43..8.45 rows=1 width=559)
	  ->  Index Scan using sbtest3_pkey on sbtest3  (cost=0.43..8.45 rows=1 width=559)
	        Index Cond: (id = 5742753)

table 4 : explain UPDATE sbtest4 SET c='foobar' WHERE id=3945988
	Update on sbtest4  (cost=0.43..8.45 rows=1 width=559)
	  ->  Index Scan using sbtest4_pkey on sbtest4  (cost=0.43..8.45 rows=1 width=559)
	        Index Cond: (id = 3945988)

table 5 : explain UPDATE sbtest5 SET c='foobar' WHERE id=1154312
	Update on sbtest5  (cost=0.43..8.45 rows=1 width=559)
	  ->  Index Scan using sbtest5_pkey on sbtest5  (cost=0.43..8.45 rows=1 width=559)
	        Index Cond: (id = 1154312)

table 6 : explain UPDATE sbtest6 SET c='foobar' WHERE id=4519633
	Update on sbtest6  (cost=0.43..8.45 rows=1 width=559)
	  ->  Index Scan using sbtest6_pkey on sbtest6  (cost=0.43..8.45 rows=1 width=559)
	        Index Cond: (id = 4519633)

table 7 : explain UPDATE sbtest7 SET c='foobar' WHERE id=8099505
	Update on sbtest7  (cost=0.43..8.45 rows=1 width=559)
	  ->  Index Scan using sbtest7_pkey on sbtest7  (cost=0.43..8.45 rows=1 width=559)
	        Index Cond: (id = 8099505)

table 8 : explain UPDATE sbtest8 SET c='foobar' WHERE id=698396
	Update on sbtest8  (cost=0.43..8.45 rows=1 width=559)
	  ->  Index Scan using sbtest8_pkey on sbtest8  (cost=0.43..8.45 rows=1 width=559)
	        Index Cond: (id = 698396)

for: distinct_ranges
table 1 : explain SELECT DISTINCT c FROM sbtest1 WHERE id BETWEEN 7180468 AND 7180567 ORDER BY c
	Unique  (cost=352.38..352.84 rows=91 width=121)
	  ->  Sort  (cost=352.38..352.61 rows=91 width=121)
	        Sort Key: c
	        ->  Index Scan using sbtest1_pkey on sbtest1  (cost=0.43..349.42 rows=91 width=121)
	              Index Cond: ((id >= 7180468) AND (id <= 7180567))

table 2 : explain SELECT DISTINCT c FROM sbtest2 WHERE id BETWEEN 8804794 AND 8804893 ORDER BY c
	Unique  (cost=448.49..449.07 rows=116 width=121)
	  ->  Sort  (cost=448.49..448.78 rows=116 width=121)
	        Sort Key: c
	        ->  Index Scan using sbtest2_pkey on sbtest2  (cost=0.43..444.51 rows=116 width=121)
	              Index Cond: ((id >= 8804794) AND (id <= 8804893))

table 3 : explain SELECT DISTINCT c FROM sbtest3 WHERE id BETWEEN 2049490 AND 2049589 ORDER BY c
	Unique  (cost=342.83..343.28 rows=89 width=121)
	  ->  Sort  (cost=342.83..343.06 rows=89 width=121)
	        Sort Key: c
	        ->  Index Scan using sbtest3_pkey on sbtest3  (cost=0.43..339.95 rows=89 width=121)
	              Index Cond: ((id >= 2049490) AND (id <= 2049589))

table 4 : explain SELECT DISTINCT c FROM sbtest4 WHERE id BETWEEN 1986388 AND 1986487 ORDER BY c
	Unique  (cost=399.61..400.13 rows=103 width=121)
	  ->  Sort  (cost=399.61..399.87 rows=103 width=121)
	        Sort Key: c
	        ->  Index Scan using sbtest4_pkey on sbtest4  (cost=0.43..396.17 rows=103 width=121)
	              Index Cond: ((id >= 1986388) AND (id <= 1986487))

table 5 : explain SELECT DISTINCT c FROM sbtest5 WHERE id BETWEEN 8495987 AND 8496086 ORDER BY c
	Unique  (cost=412.30..412.84 rows=107 width=121)
	  ->  Sort  (cost=412.30..412.57 rows=107 width=121)
	        Sort Key: c
	        ->  Index Scan using sbtest5_pkey on sbtest5  (cost=0.43..408.69 rows=107 width=121)
	              Index Cond: ((id >= 8495987) AND (id <= 8496086))

table 6 : explain SELECT DISTINCT c FROM sbtest6 WHERE id BETWEEN 5252237 AND 5252336 ORDER BY c
	Unique  (cost=420.12..420.67 rows=109 width=121)
	  ->  Sort  (cost=420.12..420.39 rows=109 width=121)
	        Sort Key: c
	        ->  Index Scan using sbtest6_pkey on sbtest6  (cost=0.43..416.43 rows=109 width=121)
	              Index Cond: ((id >= 5252237) AND (id <= 5252336))

table 7 : explain SELECT DISTINCT c FROM sbtest7 WHERE id BETWEEN 9273853 AND 9273952 ORDER BY c
	Unique  (cost=407.93..408.45 rows=105 width=121)
	  ->  Sort  (cost=407.93..408.19 rows=105 width=121)
	        Sort Key: c
	        ->  Index Scan using sbtest7_pkey on sbtest7  (cost=0.43..404.40 rows=105 width=121)
	              Index Cond: ((id >= 9273853) AND (id <= 9273952))

table 8 : explain SELECT DISTINCT c FROM sbtest8 WHERE id BETWEEN 8672116 AND 8672215 ORDER BY c
	Unique  (cost=365.48..365.95 rows=94 width=121)
	  ->  Sort  (cost=365.48..365.72 rows=94 width=121)
	        Sort Key: c
	        ->  Index Scan using sbtest8_pkey on sbtest8  (cost=0.43..362.40 rows=94 width=121)
	              Index Cond: ((id >= 8672116) AND (id <= 8672215))

for point_selects
table 1 : explain SELECT c FROM sbtest1 WHERE id=8367720
	Index Scan using sbtest1_pkey on sbtest1  (cost=0.43..8.45 rows=1 width=121)
	  Index Cond: (id = 8367720)

table 2 : explain SELECT c FROM sbtest2 WHERE id=8959545
	Index Scan using sbtest2_pkey on sbtest2  (cost=0.43..8.45 rows=1 width=121)
	  Index Cond: (id = 8959545)

table 3 : explain SELECT c FROM sbtest3 WHERE id=1584274
	Index Scan using sbtest3_pkey on sbtest3  (cost=0.43..8.45 rows=1 width=121)
	  Index Cond: (id = 1584274)

table 4 : explain SELECT c FROM sbtest4 WHERE id=2387951
	Index Scan using sbtest4_pkey on sbtest4  (cost=0.43..8.45 rows=1 width=121)
	  Index Cond: (id = 2387951)

table 5 : explain SELECT c FROM sbtest5 WHERE id=3457387
	Index Scan using sbtest5_pkey on sbtest5  (cost=0.43..8.45 rows=1 width=121)
	  Index Cond: (id = 3457387)

table 6 : explain SELECT c FROM sbtest6 WHERE id=5913466
	Index Scan using sbtest6_pkey on sbtest6  (cost=0.43..8.45 rows=1 width=121)
	  Index Cond: (id = 5913466)

table 7 : explain SELECT c FROM sbtest7 WHERE id=375071
	Index Scan using sbtest7_pkey on sbtest7  (cost=0.43..8.45 rows=1 width=121)
	  Index Cond: (id = 375071)

table 8 : explain SELECT c FROM sbtest8 WHERE id=4060759
	Index Scan using sbtest8_pkey on sbtest8  (cost=0.43..8.45 rows=1 width=121)
	  Index Cond: (id = 4060759)

explain: for deletes :: explain DELETE FROM sbtest%u WHERE id=%u
explain: for index_updates :: explain UPDATE sbtest%u SET k=k+1 WHERE id=%u
for deletes
table 1 : explain DELETE FROM sbtest1 WHERE id=5082802
	Delete on sbtest1  (cost=0.43..8.45 rows=1 width=6)
	  ->  Index Scan using sbtest1_pkey on sbtest1  (cost=0.43..8.45 rows=1 width=6)
	        Index Cond: (id = 5082802)

table 2 : explain DELETE FROM sbtest2 WHERE id=2771313
	Delete on sbtest2  (cost=0.43..8.45 rows=1 width=6)
	  ->  Index Scan using sbtest2_pkey on sbtest2  (cost=0.43..8.45 rows=1 width=6)
	        Index Cond: (id = 2771313)

table 3 : explain DELETE FROM sbtest3 WHERE id=4844622
	Delete on sbtest3  (cost=0.43..8.45 rows=1 width=6)
	  ->  Index Scan using sbtest3_pkey on sbtest3  (cost=0.43..8.45 rows=1 width=6)
	        Index Cond: (id = 4844622)

table 4 : explain DELETE FROM sbtest4 WHERE id=9904736
	Delete on sbtest4  (cost=0.43..8.45 rows=1 width=6)
	  ->  Index Scan using sbtest4_pkey on sbtest4  (cost=0.43..8.45 rows=1 width=6)
	        Index Cond: (id = 9904736)

table 5 : explain DELETE FROM sbtest5 WHERE id=6726700
	Delete on sbtest5  (cost=0.43..8.45 rows=1 width=6)
	  ->  Index Scan using sbtest5_pkey on sbtest5  (cost=0.43..8.45 rows=1 width=6)
	        Index Cond: (id = 6726700)

table 6 : explain DELETE FROM sbtest6 WHERE id=9333732
	Delete on sbtest6  (cost=0.43..8.45 rows=1 width=6)
	  ->  Index Scan using sbtest6_pkey on sbtest6  (cost=0.43..8.45 rows=1 width=6)
	        Index Cond: (id = 9333732)

table 7 : explain DELETE FROM sbtest7 WHERE id=369610
	Delete on sbtest7  (cost=0.43..8.45 rows=1 width=6)
	  ->  Index Scan using sbtest7_pkey on sbtest7  (cost=0.43..8.45 rows=1 width=6)
	        Index Cond: (id = 369610)

table 8 : explain DELETE FROM sbtest8 WHERE id=4466253
	Delete on sbtest8  (cost=0.43..8.45 rows=1 width=6)
	  ->  Index Scan using sbtest8_pkey on sbtest8  (cost=0.43..8.45 rows=1 width=6)
	        Index Cond: (id = 4466253)

for index_updates
table 1 : explain UPDATE sbtest1 SET k=k+1 WHERE id=8715556
	Update on sbtest1  (cost=0.43..8.46 rows=1 width=196)
	  ->  Index Scan using sbtest1_pkey on sbtest1  (cost=0.43..8.46 rows=1 width=196)
	        Index Cond: (id = 8715556)

table 2 : explain UPDATE sbtest2 SET k=k+1 WHERE id=4102829
	Update on sbtest2  (cost=0.43..8.46 rows=1 width=196)
	  ->  Index Scan using sbtest2_pkey on sbtest2  (cost=0.43..8.46 rows=1 width=196)
	        Index Cond: (id = 4102829)

table 3 : explain UPDATE sbtest3 SET k=k+1 WHERE id=6119076
	Update on sbtest3  (cost=0.43..8.46 rows=1 width=196)
	  ->  Index Scan using sbtest3_pkey on sbtest3  (cost=0.43..8.46 rows=1 width=196)
	        Index Cond: (id = 6119076)

table 4 : explain UPDATE sbtest4 SET k=k+1 WHERE id=3265318
	Update on sbtest4  (cost=0.43..8.46 rows=1 width=196)
	  ->  Index Scan using sbtest4_pkey on sbtest4  (cost=0.43..8.46 rows=1 width=196)
	        Index Cond: (id = 3265318)

table 5 : explain UPDATE sbtest5 SET k=k+1 WHERE id=9455652
	Update on sbtest5  (cost=0.43..8.46 rows=1 width=196)
	  ->  Index Scan using sbtest5_pkey on sbtest5  (cost=0.43..8.46 rows=1 width=196)
	        Index Cond: (id = 9455652)

table 6 : explain UPDATE sbtest6 SET k=k+1 WHERE id=1033543
	Update on sbtest6  (cost=0.43..8.46 rows=1 width=196)
	  ->  Index Scan using sbtest6_pkey on sbtest6  (cost=0.43..8.46 rows=1 width=196)
	        Index Cond: (id = 1033543)

table 7 : explain UPDATE sbtest7 SET k=k+1 WHERE id=2056775
	Update on sbtest7  (cost=0.43..8.46 rows=1 width=196)
	  ->  Index Scan using sbtest7_pkey on sbtest7  (cost=0.43..8.46 rows=1 width=196)
	        Index Cond: (id = 2056775)

table 8 : explain UPDATE sbtest8 SET k=k+1 WHERE id=4353208
	Update on sbtest8  (cost=0.43..8.46 rows=1 width=196)
	  ->  Index Scan using sbtest8_pkey on sbtest8  (cost=0.43..8.46 rows=1 width=196)
	        Index Cond: (id = 4353208)

for index_updates
table 1 : explain UPDATE sbtest1 SET k=k+1 WHERE id=9601093
	Update on sbtest1  (cost=0.43..8.46 rows=1 width=196)
	  ->  Index Scan using sbtest1_pkey on sbtest1  (cost=0.43..8.46 rows=1 width=196)
	        Index Cond: (id = 9601093)

table 2 : explain UPDATE sbtest2 SET k=k+1 WHERE id=9632885
	Update on sbtest2  (cost=0.43..8.46 rows=1 width=196)
	  ->  Index Scan using sbtest2_pkey on sbtest2  (cost=0.43..8.46 rows=1 width=196)
	        Index Cond: (id = 9632885)

table 3 : explain UPDATE sbtest3 SET k=k+1 WHERE id=806844
	Update on sbtest3  (cost=0.43..8.46 rows=1 width=196)
	  ->  Index Scan using sbtest3_pkey on sbtest3  (cost=0.43..8.46 rows=1 width=196)
	        Index Cond: (id = 806844)

table 4 : explain UPDATE sbtest4 SET k=k+1 WHERE id=6197479
	Update on sbtest4  (cost=0.43..8.46 rows=1 width=196)
	  ->  Index Scan using sbtest4_pkey on sbtest4  (cost=0.43..8.46 rows=1 width=196)
	        Index Cond: (id = 6197479)

table 5 : explain UPDATE sbtest5 SET k=k+1 WHERE id=180445
	Update on sbtest5  (cost=0.43..8.46 rows=1 width=196)
	  ->  Index Scan using sbtest5_pkey on sbtest5  (cost=0.43..8.46 rows=1 width=196)
	        Index Cond: (id = 180445)

table 6 : explain UPDATE sbtest6 SET k=k+1 WHERE id=3153545
	Update on sbtest6  (cost=0.43..8.46 rows=1 width=196)
	  ->  Index Scan using sbtest6_pkey on sbtest6  (cost=0.43..8.46 rows=1 width=196)
	        Index Cond: (id = 3153545)

table 7 : explain UPDATE sbtest7 SET k=k+1 WHERE id=5416867
	Update on sbtest7  (cost=0.43..8.46 rows=1 width=196)
	  ->  Index Scan using sbtest7_pkey on sbtest7  (cost=0.43..8.46 rows=1 width=196)
	        Index Cond: (id = 5416867)

table 8 : explain UPDATE sbtest8 SET k=k+1 WHERE id=6779161
	Update on sbtest8  (cost=0.43..8.46 rows=1 width=196)
	  ->  Index Scan using sbtest8_pkey on sbtest8  (cost=0.43..8.46 rows=1 width=196)
	        Index Cond: (id = 6779161)

for: order_ranges
table 1 : explain SELECT c FROM sbtest1 WHERE id BETWEEN 3947043 AND 3947142 ORDER BY c
	Sort  (cost=360.03..360.27 rows=93 width=121)
	  Sort Key: c
	  ->  Index Scan using sbtest1_pkey on sbtest1  (cost=0.43..356.99 rows=93 width=121)
	        Index Cond: ((id >= 3947043) AND (id <= 3947142))

table 2 : explain SELECT c FROM sbtest2 WHERE id BETWEEN 7545584 AND 7545683 ORDER BY c
	Sort  (cost=406.34..406.60 rows=105 width=121)
	  Sort Key: c
	  ->  Index Scan using sbtest2_pkey on sbtest2  (cost=0.43..402.82 rows=105 width=121)
	        Index Cond: ((id >= 7545584) AND (id <= 7545683))

table 3 : explain SELECT c FROM sbtest3 WHERE id BETWEEN 6268407 AND 6268506 ORDER BY c
	Sort  (cost=350.45..350.67 rows=91 width=121)
	  Sort Key: c
	  ->  Index Scan using sbtest3_pkey on sbtest3  (cost=0.43..347.48 rows=91 width=121)
	        Index Cond: ((id >= 6268407) AND (id <= 6268506))

table 4 : explain SELECT c FROM sbtest4 WHERE id BETWEEN 3935415 AND 3935514 ORDER BY c
	Sort  (cost=407.30..407.56 rows=105 width=121)
	  Sort Key: c
	  ->  Index Scan using sbtest4_pkey on sbtest4  (cost=0.43..403.77 rows=105 width=121)
	        Index Cond: ((id >= 3935415) AND (id <= 3935514))

table 5 : explain SELECT c FROM sbtest5 WHERE id BETWEEN 5655915 AND 5656014 ORDER BY c
	Sort  (cost=389.41..389.66 rows=101 width=121)
	  Sort Key: c
	  ->  Index Scan using sbtest5_pkey on sbtest5  (cost=0.43..386.05 rows=101 width=121)
	        Index Cond: ((id >= 5655915) AND (id <= 5656014))

table 6 : explain SELECT c FROM sbtest6 WHERE id BETWEEN 6571006 AND 6571105 ORDER BY c
	Sort  (cost=389.59..389.84 rows=101 width=121)
	  Sort Key: c
	  ->  Index Scan using sbtest6_pkey on sbtest6  (cost=0.43..386.22 rows=101 width=121)
	        Index Cond: ((id >= 6571006) AND (id <= 6571105))

table 7 : explain SELECT c FROM sbtest7 WHERE id BETWEEN 2617763 AND 2617862 ORDER BY c
	Sort  (cost=342.49..342.71 rows=88 width=121)
	  Sort Key: c
	  ->  Index Scan using sbtest7_pkey on sbtest7  (cost=0.43..339.65 rows=88 width=121)
	        Index Cond: ((id >= 2617763) AND (id <= 2617862))

table 8 : explain SELECT c FROM sbtest8 WHERE id BETWEEN 6915872 AND 6915971 ORDER BY c
	Sort  (cost=400.14..400.40 rows=103 width=121)
	  Sort Key: c
	  ->  Index Scan using sbtest8_pkey on sbtest8  (cost=0.43..396.70 rows=103 width=121)
	        Index Cond: ((id >= 6915872) AND (id <= 6915971))

for: sum_ranges
table 1 : explain SELECT SUM(k) FROM sbtest1 WHERE id BETWEEN 6801794 AND 6801893
	Aggregate  (cost=391.39..391.40 rows=1 width=8)
	  ->  Index Scan using sbtest1_pkey on sbtest1  (cost=0.43..391.14 rows=102 width=4)
	        Index Cond: ((id >= 6801794) AND (id <= 6801893))

table 2 : explain SELECT SUM(k) FROM sbtest2 WHERE id BETWEEN 3792407 AND 3792506
	Aggregate  (cost=380.32..380.33 rows=1 width=8)
	  ->  Index Scan using sbtest2_pkey on sbtest2  (cost=0.43..380.07 rows=99 width=4)
	        Index Cond: ((id >= 3792407) AND (id <= 3792506))

table 3 : explain SELECT SUM(k) FROM sbtest3 WHERE id BETWEEN 4421637 AND 4421736
	Aggregate  (cost=381.69..381.70 rows=1 width=8)
	  ->  Index Scan using sbtest3_pkey on sbtest3  (cost=0.43..381.44 rows=100 width=4)
	        Index Cond: ((id >= 4421637) AND (id <= 4421736))

table 4 : explain SELECT SUM(k) FROM sbtest4 WHERE id BETWEEN 5216442 AND 5216541
	Aggregate  (cost=362.21..362.22 rows=1 width=8)
	  ->  Index Scan using sbtest4_pkey on sbtest4  (cost=0.43..361.98 rows=94 width=4)
	        Index Cond: ((id >= 5216442) AND (id <= 5216541))

table 5 : explain SELECT SUM(k) FROM sbtest5 WHERE id BETWEEN 8495291 AND 8495390
	Aggregate  (cost=408.96..408.97 rows=1 width=8)
	  ->  Index Scan using sbtest5_pkey on sbtest5  (cost=0.43..408.69 rows=107 width=4)
	        Index Cond: ((id >= 8495291) AND (id <= 8495390))

table 6 : explain SELECT SUM(k) FROM sbtest6 WHERE id BETWEEN 8646359 AND 8646458
	Aggregate  (cost=375.14..375.15 rows=1 width=8)
	  ->  Index Scan using sbtest6_pkey on sbtest6  (cost=0.43..374.90 rows=98 width=4)
	        Index Cond: ((id >= 8646359) AND (id <= 8646458))

table 7 : explain SELECT SUM(k) FROM sbtest7 WHERE id BETWEEN 86357 AND 86456
	Aggregate  (cost=370.39..370.40 rows=1 width=8)
	  ->  Index Scan using sbtest7_pkey on sbtest7  (cost=0.43..370.15 rows=96 width=4)
	        Index Cond: ((id >= 86357) AND (id <= 86456))

table 8 : explain SELECT SUM(k) FROM sbtest8 WHERE id BETWEEN 6673433 AND 6673532
	Aggregate  (cost=351.22..351.23 rows=1 width=8)
	  ->  Index Scan using sbtest8_pkey on sbtest8  (cost=0.43..350.99 rows=91 width=4)
	        Index Cond: ((id >= 6673433) AND (id <= 6673532))

for: simple_ranges
table 1 : explain SELECT c FROM sbtest1 WHERE id BETWEEN 894320 AND 894419
	Index Scan using sbtest1_pkey on sbtest1  (cost=0.43..406.29 rows=106 width=121)
	  Index Cond: ((id >= 894320) AND (id <= 894419))

table 2 : explain SELECT c FROM sbtest2 WHERE id BETWEEN 7938230 AND 7938329
	Index Scan using sbtest2_pkey on sbtest2  (cost=0.43..395.23 rows=103 width=121)
	  Index Cond: ((id >= 7938230) AND (id <= 7938329))

table 3 : explain SELECT c FROM sbtest3 WHERE id BETWEEN 4111490 AND 4111589
	Index Scan using sbtest3_pkey on sbtest3  (cost=0.43..392.73 rows=103 width=121)
	  Index Cond: ((id >= 4111490) AND (id <= 4111589))

table 4 : explain SELECT c FROM sbtest4 WHERE id BETWEEN 8014623 AND 8014722
	Index Scan using sbtest4_pkey on sbtest4  (cost=0.43..411.37 rows=107 width=121)
	  Index Cond: ((id >= 8014623) AND (id <= 8014722))

table 5 : explain SELECT c FROM sbtest5 WHERE id BETWEEN 8407782 AND 8407881
	Index Scan using sbtest5_pkey on sbtest5  (cost=0.43..408.69 rows=107 width=121)
	  Index Cond: ((id >= 8407782) AND (id <= 8407881))

table 6 : explain SELECT c FROM sbtest6 WHERE id BETWEEN 6623466 AND 6623565
	Index Scan using sbtest6_pkey on sbtest6  (cost=0.43..363.57 rows=95 width=121)
	  Index Cond: ((id >= 6623466) AND (id <= 6623565))

table 7 : explain SELECT c FROM sbtest7 WHERE id BETWEEN 1126827 AND 1126926
	Index Scan using sbtest7_pkey on sbtest7  (cost=0.43..377.76 rows=98 width=121)
	  Index Cond: ((id >= 1126827) AND (id <= 1126926))

table 8 : explain SELECT c FROM sbtest8 WHERE id BETWEEN 300618 AND 300717
	Index Scan using sbtest8_pkey on sbtest8  (cost=0.43..419.53 rows=109 width=121)
	  Index Cond: ((id >= 300618) AND (id <= 300717))

explain: for non_index_updates :: explain UPDATE sbtest%u SET c='foobar' WHERE id=%u
explain: for inserts :: explain INSERT INTO sbtest%u (id, k, c, pad) VALUES (%u, 13, 'foobar', 'foobar')
explain: for non_index_updates :: explain UPDATE sbtest%u SET c='foobar' WHERE id=%u
for index_updates
table 1 : explain UPDATE sbtest1 SET k=k+1 WHERE id=7928740
	Update on sbtest1  (cost=0.43..8.46 rows=1 width=196)
	  ->  Index Scan using sbtest1_pkey on sbtest1  (cost=0.43..8.46 rows=1 width=196)
	        Index Cond: (id = 7928740)

table 2 : explain UPDATE sbtest2 SET k=k+1 WHERE id=3254416
	Update on sbtest2  (cost=0.43..8.46 rows=1 width=196)
	  ->  Index Scan using sbtest2_pkey on sbtest2  (cost=0.43..8.46 rows=1 width=196)
	        Index Cond: (id = 3254416)

table 3 : explain UPDATE sbtest3 SET k=k+1 WHERE id=4654755
	Update on sbtest3  (cost=0.43..8.46 rows=1 width=196)
	  ->  Index Scan using sbtest3_pkey on sbtest3  (cost=0.43..8.46 rows=1 width=196)
	        Index Cond: (id = 4654755)

table 4 : explain UPDATE sbtest4 SET k=k+1 WHERE id=7730056
	Update on sbtest4  (cost=0.43..8.46 rows=1 width=196)
	  ->  Index Scan using sbtest4_pkey on sbtest4  (cost=0.43..8.46 rows=1 width=196)
	        Index Cond: (id = 7730056)

table 5 : explain UPDATE sbtest5 SET k=k+1 WHERE id=4332768
	Update on sbtest5  (cost=0.43..8.46 rows=1 width=196)
	  ->  Index Scan using sbtest5_pkey on sbtest5  (cost=0.43..8.46 rows=1 width=196)
	        Index Cond: (id = 4332768)

table 6 : explain UPDATE sbtest6 SET k=k+1 WHERE id=1308372
	Update on sbtest6  (cost=0.43..8.46 rows=1 width=196)
	  ->  Index Scan using sbtest6_pkey on sbtest6  (cost=0.43..8.46 rows=1 width=196)
	        Index Cond: (id = 1308372)

table 7 : explain UPDATE sbtest7 SET k=k+1 WHERE id=9478564
	Update on sbtest7  (cost=0.43..8.46 rows=1 width=196)
	  ->  Index Scan using sbtest7_pkey on sbtest7  (cost=0.43..8.46 rows=1 width=196)
	        Index Cond: (id = 9478564)

table 8 : explain UPDATE sbtest8 SET k=k+1 WHERE id=8550416
	Update on sbtest8  (cost=0.43..8.46 rows=1 width=196)
	  ->  Index Scan using sbtest8_pkey on sbtest8  (cost=0.43..8.46 rows=1 width=196)
	        Index Cond: (id = 8550416)

for inserts
table 1 : explain INSERT INTO sbtest1 (id, k, c, pad) VALUES (3078130, 13, 'foobar', 'foobar')
	Insert on sbtest1  (cost=0.00..0.01 rows=1 width=736)
	  ->  Result  (cost=0.00..0.01 rows=1 width=736)

table 2 : explain INSERT INTO sbtest2 (id, k, c, pad) VALUES (965119, 13, 'foobar', 'foobar')
	Insert on sbtest2  (cost=0.00..0.01 rows=1 width=736)
	  ->  Result  (cost=0.00..0.01 rows=1 width=736)

table 3 : explain INSERT INTO sbtest3 (id, k, c, pad) VALUES (1981858, 13, 'foobar', 'foobar')
	Insert on sbtest3  (cost=0.00..0.01 rows=1 width=736)
	  ->  Result  (cost=0.00..0.01 rows=1 width=736)

table 4 : explain INSERT INTO sbtest4 (id, k, c, pad) VALUES (6508144, 13, 'foobar', 'foobar')
	Insert on sbtest4  (cost=0.00..0.01 rows=1 width=736)
	  ->  Result  (cost=0.00..0.01 rows=1 width=736)

table 5 : explain INSERT INTO sbtest5 (id, k, c, pad) VALUES (3061567, 13, 'foobar', 'foobar')
	Insert on sbtest5  (cost=0.00..0.01 rows=1 width=736)
	  ->  Result  (cost=0.00..0.01 rows=1 width=736)

table 6 : explain INSERT INTO sbtest6 (id, k, c, pad) VALUES (4009787, 13, 'foobar', 'foobar')
	Insert on sbtest6  (cost=0.00..0.01 rows=1 width=736)
	  ->  Result  (cost=0.00..0.01 rows=1 width=736)

table 7 : explain INSERT INTO sbtest7 (id, k, c, pad) VALUES (2584355, 13, 'foobar', 'foobar')
	Insert on sbtest7  (cost=0.00..0.01 rows=1 width=736)
	  ->  Result  (cost=0.00..0.01 rows=1 width=736)

table 8 : explain INSERT INTO sbtest8 (id, k, c, pad) VALUES (7658867, 13, 'foobar', 'foobar')
	Insert on sbtest8  (cost=0.00..0.01 rows=1 width=736)
	  ->  Result  (cost=0.00..0.01 rows=1 width=736)

explain: for non_index_updates :: explain UPDATE sbtest%u SET c='foobar' WHERE id=%u
for non_index_updates
table 1 : explain UPDATE sbtest1 SET c='foobar' WHERE id=7747136
	Update on sbtest1  (cost=0.43..8.45 rows=1 width=559)
	  ->  Index Scan using sbtest1_pkey on sbtest1  (cost=0.43..8.45 rows=1 width=559)
	        Index Cond: (id = 7747136)

table 2 : explain UPDATE sbtest2 SET c='foobar' WHERE id=7119589
	Update on sbtest2  (cost=0.43..8.45 rows=1 width=559)
	  ->  Index Scan using sbtest2_pkey on sbtest2  (cost=0.43..8.45 rows=1 width=559)
	        Index Cond: (id = 7119589)

table 3 : explain UPDATE sbtest3 SET c='foobar' WHERE id=2914290
	Update on sbtest3  (cost=0.43..8.45 rows=1 width=559)
	  ->  Index Scan using sbtest3_pkey on sbtest3  (cost=0.43..8.45 rows=1 width=559)
	        Index Cond: (id = 2914290)

table 4 : explain UPDATE sbtest4 SET c='foobar' WHERE id=5118142
	Update on sbtest4  (cost=0.43..8.45 rows=1 width=559)
	  ->  Index Scan using sbtest4_pkey on sbtest4  (cost=0.43..8.45 rows=1 width=559)
	        Index Cond: (id = 5118142)

table 5 : explain UPDATE sbtest5 SET c='foobar' WHERE id=4935243
	Update on sbtest5  (cost=0.43..8.45 rows=1 width=559)
	  ->  Index Scan using sbtest5_pkey on sbtest5  (cost=0.43..8.45 rows=1 width=559)
	        Index Cond: (id = 4935243)

table 6 : explain UPDATE sbtest6 SET c='foobar' WHERE id=5390500
	Update on sbtest6  (cost=0.43..8.45 rows=1 width=559)
	  ->  Index Scan using sbtest6_pkey on sbtest6  (cost=0.43..8.45 rows=1 width=559)
	        Index Cond: (id = 5390500)

table 7 : explain UPDATE sbtest7 SET c='foobar' WHERE id=1735079
	Update on sbtest7  (cost=0.43..8.45 rows=1 width=559)
	  ->  Index Scan using sbtest7_pkey on sbtest7  (cost=0.43..8.45 rows=1 width=559)
	        Index Cond: (id = 1735079)

table 8 : explain UPDATE sbtest8 SET c='foobar' WHERE id=992814
	Update on sbtest8  (cost=0.43..8.45 rows=1 width=559)
	  ->  Index Scan using sbtest8_pkey on sbtest8  (cost=0.43..8.45 rows=1 width=559)
	        Index Cond: (id = 992814)

explain: for point_selects :: explain SELECT c FROM sbtest%u WHERE id=%u
for: simple_ranges
table 1 : explain SELECT c FROM sbtest1 WHERE id BETWEEN 7386969 AND 7387068
	Index Scan using sbtest1_pkey on sbtest1  (cost=0.43..383.56 rows=100 width=121)
	  Index Cond: ((id >= 7386969) AND (id <= 7387068))

table 2 : explain SELECT c FROM sbtest2 WHERE id BETWEEN 8513526 AND 8513625
	Index Scan using sbtest2_pkey on sbtest2  (cost=0.43..391.44 rows=102 width=121)
	  Index Cond: ((id >= 8513526) AND (id <= 8513625))

table 3 : explain SELECT c FROM sbtest3 WHERE id BETWEEN 7490473 AND 7490572
	Index Scan using sbtest3_pkey on sbtest3  (cost=0.43..370.14 rows=97 width=121)
	  Index Cond: ((id >= 7490473) AND (id <= 7490572))

table 4 : explain SELECT c FROM sbtest4 WHERE id BETWEEN 1895919 AND 1896018
	Index Scan using sbtest4_pkey on sbtest4  (cost=0.43..369.57 rows=96 width=121)
	  Index Cond: ((id >= 1895919) AND (id <= 1896018))

table 5 : explain SELECT c FROM sbtest5 WHERE id BETWEEN 832952 AND 833051
	Index Scan using sbtest5_pkey on sbtest5  (cost=0.43..393.60 rows=103 width=121)
	  Index Cond: ((id >= 832952) AND (id <= 833051))

table 6 : explain SELECT c FROM sbtest6 WHERE id BETWEEN 9533232 AND 9533331
	Index Scan using sbtest6_pkey on sbtest6  (cost=0.43..374.90 rows=98 width=121)
	  Index Cond: ((id >= 9533232) AND (id <= 9533331))

table 7 : explain SELECT c FROM sbtest7 WHERE id BETWEEN 3429215 AND 3429314
	Index Scan using sbtest7_pkey on sbtest7  (cost=0.43..396.79 rows=103 width=121)
	  Index Cond: ((id >= 3429215) AND (id <= 3429314))

table 8 : explain SELECT c FROM sbtest8 WHERE id BETWEEN 396785 AND 396884
	Index Scan using sbtest8_pkey on sbtest8  (cost=0.43..400.50 rows=104 width=121)
	  Index Cond: ((id >= 396785) AND (id <= 396884))

for: order_ranges
table 1 : explain SELECT c FROM sbtest1 WHERE id BETWEEN 3751823 AND 3751922 ORDER BY c
	Sort  (cost=390.71..390.96 rows=101 width=121)
	  Sort Key: c
	  ->  Index Scan using sbtest1_pkey on sbtest1  (cost=0.43..387.35 rows=101 width=121)
	        Index Cond: ((id >= 3751823) AND (id <= 3751922))

table 2 : explain SELECT c FROM sbtest2 WHERE id BETWEEN 7728576 AND 7728675 ORDER BY c
	Sort  (cost=364.15..364.38 rows=94 width=121)
	  Sort Key: c
	  ->  Index Scan using sbtest2_pkey on sbtest2  (cost=0.43..361.06 rows=94 width=121)
	        Index Cond: ((id >= 7728576) AND (id <= 7728675))

table 3 : explain SELECT c FROM sbtest3 WHERE id BETWEEN 4723855 AND 4723954 ORDER BY c
	Sort  (cost=422.82..423.10 rows=110 width=121)
	  Sort Key: c
	  ->  Index Scan using sbtest3_pkey on sbtest3  (cost=0.43..419.09 rows=110 width=121)
	        Index Cond: ((id >= 4723855) AND (id <= 4723954))

table 4 : explain SELECT c FROM sbtest4 WHERE id BETWEEN 8365063 AND 8365162 ORDER BY c
	Sort  (cost=414.98..415.24 rows=107 width=121)
	  Sort Key: c
	  ->  Index Scan using sbtest4_pkey on sbtest4  (cost=0.43..411.37 rows=107 width=121)
	        Index Cond: ((id >= 8365063) AND (id <= 8365162))

table 5 : explain SELECT c FROM sbtest5 WHERE id BETWEEN 627626 AND 627725 ORDER BY c
	Sort  (cost=358.90..359.13 rows=93 width=121)
	  Sort Key: c
	  ->  Index Scan using sbtest5_pkey on sbtest5  (cost=0.43..355.86 rows=93 width=121)
	        Index Cond: ((id >= 627626) AND (id <= 627725))

table 6 : explain SELECT c FROM sbtest6 WHERE id BETWEEN 3186786 AND 3186885 ORDER BY c
	Sort  (cost=416.30..416.57 rows=108 width=121)
	  Sort Key: c
	  ->  Index Scan using sbtest6_pkey on sbtest6  (cost=0.43..412.66 rows=108 width=121)
	        Index Cond: ((id >= 3186786) AND (id <= 3186885))

table 7 : explain SELECT c FROM sbtest7 WHERE id BETWEEN 7241338 AND 7241437 ORDER BY c
	Sort  (cost=400.23..400.49 rows=103 width=121)
	  Sort Key: c
	  ->  Index Scan using sbtest7_pkey on sbtest7  (cost=0.43..396.79 rows=103 width=121)
	        Index Cond: ((id >= 7241338) AND (id <= 7241437))

table 8 : explain SELECT c FROM sbtest8 WHERE id BETWEEN 90607 AND 90706 ORDER BY c
	Sort  (cost=373.23..373.47 rows=96 width=121)
	  Sort Key: c
	  ->  Index Scan using sbtest8_pkey on sbtest8  (cost=0.43..370.07 rows=96 width=121)
	        Index Cond: ((id >= 90607) AND (id <= 90706))

for: distinct_ranges
table 1 : explain SELECT DISTINCT c FROM sbtest1 WHERE id BETWEEN 6013013 AND 6013112 ORDER BY c
	Unique  (cost=398.37..398.88 rows=103 width=121)
	  ->  Sort  (cost=398.37..398.63 rows=103 width=121)
	        Sort Key: c
	        ->  Index Scan using sbtest1_pkey on sbtest1  (cost=0.43..394.92 rows=103 width=121)
	              Index Cond: ((id >= 6013013) AND (id <= 6013112))

table 2 : explain SELECT DISTINCT c FROM sbtest2 WHERE id BETWEEN 9983294 AND 9983393 ORDER BY c
	Unique  (cost=364.15..364.62 rows=94 width=121)
	  ->  Sort  (cost=364.15..364.38 rows=94 width=121)
	        Sort Key: c
	        ->  Index Scan using sbtest2_pkey on sbtest2  (cost=0.43..361.06 rows=94 width=121)
	              Index Cond: ((id >= 9983294) AND (id <= 9983393))

table 3 : explain SELECT DISTINCT c FROM sbtest3 WHERE id BETWEEN 364462 AND 364561 ORDER BY c
	Unique  (cost=407.60..408.13 rows=106 width=121)
	  ->  Sort  (cost=407.60..407.86 rows=106 width=121)
	        Sort Key: c
	        ->  Index Scan using sbtest3_pkey on sbtest3  (cost=0.43..404.03 rows=106 width=121)
	              Index Cond: ((id >= 364462) AND (id <= 364561))

table 4 : explain SELECT DISTINCT c FROM sbtest4 WHERE id BETWEEN 1505600 AND 1505699 ORDER BY c
	Unique  (cost=372.74..373.22 rows=96 width=121)
	  ->  Sort  (cost=372.74..372.98 rows=96 width=121)
	        Sort Key: c
	        ->  Index Scan using sbtest4_pkey on sbtest4  (cost=0.43..369.57 rows=96 width=121)
	              Index Cond: ((id >= 1505600) AND (id <= 1505699))

table 5 : explain SELECT DISTINCT c FROM sbtest5 WHERE id BETWEEN 4682827 AND 4682926 ORDER BY c
	Unique  (cost=377.97..378.46 rows=98 width=121)
	  ->  Sort  (cost=377.97..378.21 rows=98 width=121)
	        Sort Key: c
	        ->  Index Scan using sbtest5_pkey on sbtest5  (cost=0.43..374.73 rows=98 width=121)
	              Index Cond: ((id >= 4682827) AND (id <= 4682926))

table 6 : explain SELECT DISTINCT c FROM sbtest6 WHERE id BETWEEN 7590060 AND 7590159 ORDER BY c
	Unique  (cost=378.14..378.63 rows=98 width=121)
	  ->  Sort  (cost=378.14..378.38 rows=98 width=121)
	        Sort Key: c
	        ->  Index Scan using sbtest6_pkey on sbtest6  (cost=0.43..374.90 rows=98 width=121)
	              Index Cond: ((id >= 7590060) AND (id <= 7590159))

table 7 : explain SELECT DISTINCT c FROM sbtest7 WHERE id BETWEEN 6014459 AND 6014558 ORDER BY c
	Unique  (cost=411.77..412.30 rows=106 width=121)
	  ->  Sort  (cost=411.77..412.04 rows=106 width=121)
	        Sort Key: c
	        ->  Index Scan using sbtest7_pkey on sbtest7  (cost=0.43..408.21 rows=106 width=121)
	              Index Cond: ((id >= 6014459) AND (id <= 6014558))

table 8 : explain SELECT DISTINCT c FROM sbtest8 WHERE id BETWEEN 8073456 AND 8073555 ORDER BY c
	Unique  (cost=407.83..408.36 rows=105 width=121)
	  ->  Sort  (cost=407.83..408.10 rows=105 width=121)
	        Sort Key: c
	        ->  Index Scan using sbtest8_pkey on sbtest8  (cost=0.43..404.31 rows=105 width=121)
	              Index Cond: ((id >= 8073456) AND (id <= 8073555))

explain: for deletes :: explain DELETE FROM sbtest%u WHERE id=%u
explain: for point_selects :: explain SELECT c FROM sbtest%u WHERE id=%u
for non_index_updates
table 1 : explain UPDATE sbtest1 SET c='foobar' WHERE id=3794758
	Update on sbtest1  (cost=0.43..8.45 rows=1 width=559)
	  ->  Index Scan using sbtest1_pkey on sbtest1  (cost=0.43..8.45 rows=1 width=559)
	        Index Cond: (id = 3794758)

table 2 : explain UPDATE sbtest2 SET c='foobar' WHERE id=2159160
	Update on sbtest2  (cost=0.43..8.45 rows=1 width=559)
	  ->  Index Scan using sbtest2_pkey on sbtest2  (cost=0.43..8.45 rows=1 width=559)
	        Index Cond: (id = 2159160)

table 3 : explain UPDATE sbtest3 SET c='foobar' WHERE id=601544
	Update on sbtest3  (cost=0.43..8.45 rows=1 width=559)
	  ->  Index Scan using sbtest3_pkey on sbtest3  (cost=0.43..8.45 rows=1 width=559)
	        Index Cond: (id = 601544)

table 4 : explain UPDATE sbtest4 SET c='foobar' WHERE id=2937597
	Update on sbtest4  (cost=0.43..8.45 rows=1 width=559)
	  ->  Index Scan using sbtest4_pkey on sbtest4  (cost=0.43..8.45 rows=1 width=559)
	        Index Cond: (id = 2937597)

table 5 : explain UPDATE sbtest5 SET c='foobar' WHERE id=3747181
	Update on sbtest5  (cost=0.43..8.45 rows=1 width=559)
	  ->  Index Scan using sbtest5_pkey on sbtest5  (cost=0.43..8.45 rows=1 width=559)
	        Index Cond: (id = 3747181)

table 6 : explain UPDATE sbtest6 SET c='foobar' WHERE id=26470
	Update on sbtest6  (cost=0.43..8.45 rows=1 width=559)
	  ->  Index Scan using sbtest6_pkey on sbtest6  (cost=0.43..8.45 rows=1 width=559)
	        Index Cond: (id = 26470)

table 7 : explain UPDATE sbtest7 SET c='foobar' WHERE id=6484151
	Update on sbtest7  (cost=0.43..8.45 rows=1 width=559)
	  ->  Index Scan using sbtest7_pkey on sbtest7  (cost=0.43..8.45 rows=1 width=559)
	        Index Cond: (id = 6484151)

table 8 : explain UPDATE sbtest8 SET c='foobar' WHERE id=336930
	Update on sbtest8  (cost=0.43..8.45 rows=1 width=559)
	  ->  Index Scan using sbtest8_pkey on sbtest8  (cost=0.43..8.45 rows=1 width=559)
	        Index Cond: (id = 336930)

explain: for point_selects :: explain SELECT c FROM sbtest%u WHERE id=%u
for: sum_ranges
table 1 : explain SELECT SUM(k) FROM sbtest1 WHERE id BETWEEN 8957922 AND 8958021
	Aggregate  (cost=383.81..383.82 rows=1 width=8)
	  ->  Index Scan using sbtest1_pkey on sbtest1  (cost=0.43..383.56 rows=100 width=4)
	        Index Cond: ((id >= 8957922) AND (id <= 8958021))

table 2 : explain SELECT SUM(k) FROM sbtest2 WHERE id BETWEEN 569837 AND 569936
	Aggregate  (cost=346.13..346.14 rows=1 width=8)
	  ->  Index Scan using sbtest2_pkey on sbtest2  (cost=0.43..345.90 rows=90 width=4)
	        Index Cond: ((id >= 569837) AND (id <= 569936))

table 3 : explain SELECT SUM(k) FROM sbtest3 WHERE id BETWEEN 5955668 AND 5955767
	Aggregate  (cost=362.85..362.86 rows=1 width=8)
	  ->  Index Scan using sbtest3_pkey on sbtest3  (cost=0.43..362.61 rows=95 width=4)
	        Index Cond: ((id >= 5955668) AND (id <= 5955767))

table 4 : explain SELECT SUM(k) FROM sbtest4 WHERE id BETWEEN 3306804 AND 3306903
	Aggregate  (cost=377.42..377.43 rows=1 width=8)
	  ->  Index Scan using sbtest4_pkey on sbtest4  (cost=0.43..377.17 rows=98 width=4)
	        Index Cond: ((id >= 3306804) AND (id <= 3306903))

table 5 : explain SELECT SUM(k) FROM sbtest5 WHERE id BETWEEN 2911893 AND 2911992
	Aggregate  (cost=405.18..405.19 rows=1 width=8)
	  ->  Index Scan using sbtest5_pkey on sbtest5  (cost=0.43..404.92 rows=106 width=4)
	        Index Cond: ((id >= 2911893) AND (id <= 2911992))

table 6 : explain SELECT SUM(k) FROM sbtest6 WHERE id BETWEEN 597829 AND 597928
	Aggregate  (cost=371.36..371.37 rows=1 width=8)
	  ->  Index Scan using sbtest6_pkey on sbtest6  (cost=0.43..371.12 rows=97 width=4)
	        Index Cond: ((id >= 597829) AND (id <= 597928))

table 7 : explain SELECT SUM(k) FROM sbtest7 WHERE id BETWEEN 7592668 AND 7592767
	Aggregate  (cost=416.09..416.10 rows=1 width=8)
	  ->  Index Scan using sbtest7_pkey on sbtest7  (cost=0.43..415.82 rows=108 width=4)
	        Index Cond: ((id >= 7592668) AND (id <= 7592767))

table 8 : explain SELECT SUM(k) FROM sbtest8 WHERE id BETWEEN 4433118 AND 4433217
	Aggregate  (cost=423.61..423.62 rows=1 width=8)
	  ->  Index Scan using sbtest8_pkey on sbtest8  (cost=0.43..423.33 rows=110 width=4)
	        Index Cond: ((id >= 4433118) AND (id <= 4433217))

explain: for deletes :: explain DELETE FROM sbtest%u WHERE id=%u
for deletes
table 1 : explain DELETE FROM sbtest1 WHERE id=9128252
	Delete on sbtest1  (cost=0.43..8.45 rows=1 width=6)
	  ->  Index Scan using sbtest1_pkey on sbtest1  (cost=0.43..8.45 rows=1 width=6)
	        Index Cond: (id = 9128252)

table 2 : explain DELETE FROM sbtest2 WHERE id=1822955
	Delete on sbtest2  (cost=0.43..8.45 rows=1 width=6)
	  ->  Index Scan using sbtest2_pkey on sbtest2  (cost=0.43..8.45 rows=1 width=6)
	        Index Cond: (id = 1822955)

table 3 : explain DELETE FROM sbtest3 WHERE id=5793168
	Delete on sbtest3  (cost=0.43..8.45 rows=1 width=6)
	  ->  Index Scan using sbtest3_pkey on sbtest3  (cost=0.43..8.45 rows=1 width=6)
	        Index Cond: (id = 5793168)

table 4 : explain DELETE FROM sbtest4 WHERE id=2684410
	Delete on sbtest4  (cost=0.43..8.45 rows=1 width=6)
	  ->  Index Scan using sbtest4_pkey on sbtest4  (cost=0.43..8.45 rows=1 width=6)
	        Index Cond: (id = 2684410)

table 5 : explain DELETE FROM sbtest5 WHERE id=718144
	Delete on sbtest5  (cost=0.43..8.45 rows=1 width=6)
	  ->  Index Scan using sbtest5_pkey on sbtest5  (cost=0.43..8.45 rows=1 width=6)
	        Index Cond: (id = 718144)

table 6 : explain DELETE FROM sbtest6 WHERE id=1304608
	Delete on sbtest6  (cost=0.43..8.45 rows=1 width=6)
	  ->  Index Scan using sbtest6_pkey on sbtest6  (cost=0.43..8.45 rows=1 width=6)
	        Index Cond: (id = 1304608)

table 7 : explain DELETE FROM sbtest7 WHERE id=4293957
	Delete on sbtest7  (cost=0.43..8.45 rows=1 width=6)
	  ->  Index Scan using sbtest7_pkey on sbtest7  (cost=0.43..8.45 rows=1 width=6)
	        Index Cond: (id = 4293957)

table 8 : explain DELETE FROM sbtest8 WHERE id=91948
	Delete on sbtest8  (cost=0.43..8.45 rows=1 width=6)
	  ->  Index Scan using sbtest8_pkey on sbtest8  (cost=0.43..8.45 rows=1 width=6)
	        Index Cond: (id = 91948)

for deletes
table 1 : explain DELETE FROM sbtest1 WHERE id=210729
	Delete on sbtest1  (cost=0.43..8.45 rows=1 width=6)
	  ->  Index Scan using sbtest1_pkey on sbtest1  (cost=0.43..8.45 rows=1 width=6)
	        Index Cond: (id = 210729)

table 2 : explain DELETE FROM sbtest2 WHERE id=7036833
	Delete on sbtest2  (cost=0.43..8.45 rows=1 width=6)
	  ->  Index Scan using sbtest2_pkey on sbtest2  (cost=0.43..8.45 rows=1 width=6)
	        Index Cond: (id = 7036833)

table 3 : explain DELETE FROM sbtest3 WHERE id=6737360
	Delete on sbtest3  (cost=0.43..8.45 rows=1 width=6)
	  ->  Index Scan using sbtest3_pkey on sbtest3  (cost=0.43..8.45 rows=1 width=6)
	        Index Cond: (id = 6737360)

table 4 : explain DELETE FROM sbtest4 WHERE id=5939010
	Delete on sbtest4  (cost=0.43..8.45 rows=1 width=6)
	  ->  Index Scan using sbtest4_pkey on sbtest4  (cost=0.43..8.45 rows=1 width=6)
	        Index Cond: (id = 5939010)

table 5 : explain DELETE FROM sbtest5 WHERE id=6600275
	Delete on sbtest5  (cost=0.43..8.45 rows=1 width=6)
	  ->  Index Scan using sbtest5_pkey on sbtest5  (cost=0.43..8.45 rows=1 width=6)
	        Index Cond: (id = 6600275)

table 6 : explain DELETE FROM sbtest6 WHERE id=463173
	Delete on sbtest6  (cost=0.43..8.45 rows=1 width=6)
	  ->  Index Scan using sbtest6_pkey on sbtest6  (cost=0.43..8.45 rows=1 width=6)
	        Index Cond: (id = 463173)

table 7 : explain DELETE FROM sbtest7 WHERE id=4266934
	Delete on sbtest7  (cost=0.43..8.45 rows=1 width=6)
	  ->  Index Scan using sbtest7_pkey on sbtest7  (cost=0.43..8.45 rows=1 width=6)
	        Index Cond: (id = 4266934)

table 8 : explain DELETE FROM sbtest8 WHERE id=9155698
	Delete on sbtest8  (cost=0.43..8.45 rows=1 width=6)
	  ->  Index Scan using sbtest8_pkey on sbtest8  (cost=0.43..8.45 rows=1 width=6)
	        Index Cond: (id = 9155698)

for: distinct_ranges
table 1 : explain SELECT DISTINCT c FROM sbtest1 WHERE id BETWEEN 8081823 AND 8081922 ORDER BY c
	Unique  (cost=367.75..368.22 rows=95 width=121)
	  ->  Sort  (cost=367.75..367.98 rows=95 width=121)
	        Sort Key: c
	        ->  Index Scan using sbtest1_pkey on sbtest1  (cost=0.43..364.63 rows=95 width=121)
	              Index Cond: ((id >= 8081823) AND (id <= 8081922))

table 2 : explain SELECT DISTINCT c FROM sbtest2 WHERE id BETWEEN 7674655 AND 7674754 ORDER BY c
	Unique  (cost=371.81..372.29 rows=96 width=121)
	  ->  Sort  (cost=371.81..372.05 rows=96 width=121)
	        Sort Key: c
	        ->  Index Scan using sbtest2_pkey on sbtest2  (cost=0.43..368.65 rows=96 width=121)
	              Index Cond: ((id >= 7674655) AND (id <= 7674754))

table 3 : explain SELECT DISTINCT c FROM sbtest3 WHERE id BETWEEN 919134 AND 919233 ORDER BY c
	Unique  (cost=388.57..389.07 rows=101 width=121)
	  ->  Sort  (cost=388.57..388.82 rows=101 width=121)
	        Sort Key: c
	        ->  Index Scan using sbtest3_pkey on sbtest3  (cost=0.43..385.20 rows=101 width=121)
	              Index Cond: ((id >= 919134) AND (id <= 919233))

table 4 : explain SELECT DISTINCT c FROM sbtest4 WHERE id BETWEEN 296113 AND 296212 ORDER BY c
	Unique  (cost=376.57..377.06 rows=97 width=121)
	  ->  Sort  (cost=376.57..376.82 rows=97 width=121)
	        Sort Key: c
	        ->  Index Scan using sbtest4_pkey on sbtest4  (cost=0.43..373.37 rows=97 width=121)
	              Index Cond: ((id >= 296113) AND (id <= 296212))

table 5 : explain SELECT DISTINCT c FROM sbtest5 WHERE id BETWEEN 492154 AND 492253 ORDER BY c
	Unique  (cost=347.39..347.84 rows=90 width=121)
	  ->  Sort  (cost=347.39..347.62 rows=90 width=121)
	        Sort Key: c
	        ->  Index Scan using sbtest5_pkey on sbtest5  (cost=0.43..344.47 rows=90 width=121)
	              Index Cond: ((id >= 492154) AND (id <= 492253))

table 6 : explain SELECT DISTINCT c FROM sbtest6 WHERE id BETWEEN 6932961 AND 6933060 ORDER BY c
	Unique  (cost=378.14..378.63 rows=98 width=121)
	  ->  Sort  (cost=378.14..378.38 rows=98 width=121)
	        Sort Key: c
	        ->  Index Scan using sbtest6_pkey on sbtest6  (cost=0.43..374.90 rows=98 width=121)
	              Index Cond: ((id >= 6932961) AND (id <= 6933060))

table 7 : explain SELECT DISTINCT c FROM sbtest7 WHERE id BETWEEN 690091 AND 690190 ORDER BY c
	Unique  (cost=404.08..404.60 rows=104 width=121)
	  ->  Sort  (cost=404.08..404.34 rows=104 width=121)
	        Sort Key: c
	        ->  Index Scan using sbtest7_pkey on sbtest7  (cost=0.43..400.60 rows=104 width=121)
	              Index Cond: ((id >= 690091) AND (id <= 690190))

table 8 : explain SELECT DISTINCT c FROM sbtest8 WHERE id BETWEEN 1167487 AND 1167586 ORDER BY c
	Unique  (cost=369.33..369.80 rows=95 width=121)
	  ->  Sort  (cost=369.33..369.57 rows=95 width=121)
	        Sort Key: c
	        ->  Index Scan using sbtest8_pkey on sbtest8  (cost=0.43..366.21 rows=95 width=121)
	              Index Cond: ((id >= 1167487) AND (id <= 1167586))

for non_index_updates
table 1 : explain UPDATE sbtest1 SET c='foobar' WHERE id=4336279
	Update on sbtest1  (cost=0.43..8.45 rows=1 width=559)
	  ->  Index Scan using sbtest1_pkey on sbtest1  (cost=0.43..8.45 rows=1 width=559)
	        Index Cond: (id = 4336279)

table 2 : explain UPDATE sbtest2 SET c='foobar' WHERE id=7369482
	Update on sbtest2  (cost=0.43..8.45 rows=1 width=559)
	  ->  Index Scan using sbtest2_pkey on sbtest2  (cost=0.43..8.45 rows=1 width=559)
	        Index Cond: (id = 7369482)

table 3 : explain UPDATE sbtest3 SET c='foobar' WHERE id=8873068
	Update on sbtest3  (cost=0.43..8.45 rows=1 width=559)
	  ->  Index Scan using sbtest3_pkey on sbtest3  (cost=0.43..8.45 rows=1 width=559)
	        Index Cond: (id = 8873068)

table 4 : explain UPDATE sbtest4 SET c='foobar' WHERE id=2748868
	Update on sbtest4  (cost=0.43..8.45 rows=1 width=559)
	  ->  Index Scan using sbtest4_pkey on sbtest4  (cost=0.43..8.45 rows=1 width=559)
	        Index Cond: (id = 2748868)

table 5 : explain UPDATE sbtest5 SET c='foobar' WHERE id=1572037
	Update on sbtest5  (cost=0.43..8.45 rows=1 width=559)
	  ->  Index Scan using sbtest5_pkey on sbtest5  (cost=0.43..8.45 rows=1 width=559)
	        Index Cond: (id = 1572037)

table 6 : explain UPDATE sbtest6 SET c='foobar' WHERE id=5188807
	Update on sbtest6  (cost=0.43..8.45 rows=1 width=559)
	  ->  Index Scan using sbtest6_pkey on sbtest6  (cost=0.43..8.45 rows=1 width=559)
	        Index Cond: (id = 5188807)

table 7 : explain UPDATE sbtest7 SET c='foobar' WHERE id=4183449
	Update on sbtest7  (cost=0.43..8.45 rows=1 width=559)
	  ->  Index Scan using sbtest7_pkey on sbtest7  (cost=0.43..8.45 rows=1 width=559)
	        Index Cond: (id = 4183449)

table 8 : explain UPDATE sbtest8 SET c='foobar' WHERE id=6655532
	Update on sbtest8  (cost=0.43..8.45 rows=1 width=559)
	  ->  Index Scan using sbtest8_pkey on sbtest8  (cost=0.43..8.45 rows=1 width=559)
	        Index Cond: (id = 6655532)

explain: for index_updates :: explain UPDATE sbtest%u SET k=k+1 WHERE id=%u
for: order_ranges
table 1 : explain SELECT c FROM sbtest1 WHERE id BETWEEN 7961486 AND 7961585 ORDER BY c
	Sort  (cost=402.20..402.46 rows=104 width=121)
	  Sort Key: c
	  ->  Index Scan using sbtest1_pkey on sbtest1  (cost=0.43..398.71 rows=104 width=121)
	        Index Cond: ((id >= 7961486) AND (id <= 7961585))

table 2 : explain SELECT c FROM sbtest2 WHERE id BETWEEN 8304526 AND 8304625 ORDER BY c
	Sort  (cost=410.17..410.44 rows=106 width=121)
	  Sort Key: c
	  ->  Index Scan using sbtest2_pkey on sbtest2  (cost=0.43..406.61 rows=106 width=121)
	        Index Cond: ((id >= 8304526) AND (id <= 8304625))

table 3 : explain SELECT c FROM sbtest3 WHERE id BETWEEN 8742127 AND 8742226 ORDER BY c
	Sort  (cost=369.54..369.78 rows=96 width=121)
	  Sort Key: c
	  ->  Index Scan using sbtest3_pkey on sbtest3  (cost=0.43..366.38 rows=96 width=121)
	        Index Cond: ((id >= 8742127) AND (id <= 8742226))

table 4 : explain SELECT c FROM sbtest4 WHERE id BETWEEN 79801 AND 79900 ORDER BY c
	Sort  (cost=349.64..349.87 rows=90 width=121)
	  Sort Key: c
	  ->  Index Scan using sbtest4_pkey on sbtest4  (cost=0.43..346.72 rows=90 width=121)
	        Index Cond: ((id >= 79801) AND (id <= 79900))

table 5 : explain SELECT c FROM sbtest5 WHERE id BETWEEN 5418244 AND 5418343 ORDER BY c
	Sort  (cost=377.97..378.21 rows=98 width=121)
	  Sort Key: c
	  ->  Index Scan using sbtest5_pkey on sbtest5  (cost=0.43..374.73 rows=98 width=121)
	        Index Cond: ((id >= 5418244) AND (id <= 5418343))

table 6 : explain SELECT c FROM sbtest6 WHERE id BETWEEN 1011394 AND 1011493 ORDER BY c
	Sort  (cost=408.67..408.93 rows=106 width=121)
	  Sort Key: c
	  ->  Index Scan using sbtest6_pkey on sbtest6  (cost=0.43..405.10 rows=106 width=121)
	        Index Cond: ((id >= 1011394) AND (id <= 1011493))

table 7 : explain SELECT c FROM sbtest7 WHERE id BETWEEN 6931268 AND 6931367 ORDER BY c
	Sort  (cost=357.93..358.16 rows=92 width=121)
	  Sort Key: c
	  ->  Index Scan using sbtest7_pkey on sbtest7  (cost=0.43..354.93 rows=92 width=121)
	        Index Cond: ((id >= 6931268) AND (id <= 6931367))

table 8 : explain SELECT c FROM sbtest8 WHERE id BETWEEN 4501408 AND 4501507 ORDER BY c
	Sort  (cost=369.33..369.57 rows=95 width=121)
	  Sort Key: c
	  ->  Index Scan using sbtest8_pkey on sbtest8  (cost=0.43..366.21 rows=95 width=121)
	        Index Cond: ((id >= 4501408) AND (id <= 4501507))

explain: for deletes :: explain DELETE FROM sbtest%u WHERE id=%u
explain: for inserts :: explain INSERT INTO sbtest%u (id, k, c, pad) VALUES (%u, 13, 'foobar', 'foobar')
explain: for index_updates :: explain UPDATE sbtest%u SET k=k+1 WHERE id=%u
for point_selects
table 1 : explain SELECT c FROM sbtest1 WHERE id=6898246
	Index Scan using sbtest1_pkey on sbtest1  (cost=0.43..8.45 rows=1 width=121)
	  Index Cond: (id = 6898246)

table 2 : explain SELECT c FROM sbtest2 WHERE id=8645448
	Index Scan using sbtest2_pkey on sbtest2  (cost=0.43..8.45 rows=1 width=121)
	  Index Cond: (id = 8645448)

table 3 : explain SELECT c FROM sbtest3 WHERE id=8368410
	Index Scan using sbtest3_pkey on sbtest3  (cost=0.43..8.45 rows=1 width=121)
	  Index Cond: (id = 8368410)

table 4 : explain SELECT c FROM sbtest4 WHERE id=7639282
	Index Scan using sbtest4_pkey on sbtest4  (cost=0.43..8.45 rows=1 width=121)
	  Index Cond: (id = 7639282)

table 5 : explain SELECT c FROM sbtest5 WHERE id=5051931
	Index Scan using sbtest5_pkey on sbtest5  (cost=0.43..8.45 rows=1 width=121)
	  Index Cond: (id = 5051931)

table 6 : explain SELECT c FROM sbtest6 WHERE id=814184
	Index Scan using sbtest6_pkey on sbtest6  (cost=0.43..8.45 rows=1 width=121)
	  Index Cond: (id = 814184)

table 7 : explain SELECT c FROM sbtest7 WHERE id=2918465
	Index Scan using sbtest7_pkey on sbtest7  (cost=0.43..8.45 rows=1 width=121)
	  Index Cond: (id = 2918465)

table 8 : explain SELECT c FROM sbtest8 WHERE id=7367730
	Index Scan using sbtest8_pkey on sbtest8  (cost=0.43..8.45 rows=1 width=121)
	  Index Cond: (id = 7367730)

for index_updates
table 1 : explain UPDATE sbtest1 SET k=k+1 WHERE id=3238219
	Update on sbtest1  (cost=0.43..8.46 rows=1 width=196)
	  ->  Index Scan using sbtest1_pkey on sbtest1  (cost=0.43..8.46 rows=1 width=196)
	        Index Cond: (id = 3238219)

table 2 : explain UPDATE sbtest2 SET k=k+1 WHERE id=25332
	Update on sbtest2  (cost=0.43..8.46 rows=1 width=196)
	  ->  Index Scan using sbtest2_pkey on sbtest2  (cost=0.43..8.46 rows=1 width=196)
	        Index Cond: (id = 25332)

table 3 : explain UPDATE sbtest3 SET k=k+1 WHERE id=8196336
	Update on sbtest3  (cost=0.43..8.46 rows=1 width=196)
	  ->  Index Scan using sbtest3_pkey on sbtest3  (cost=0.43..8.46 rows=1 width=196)
	        Index Cond: (id = 8196336)

table 4 : explain UPDATE sbtest4 SET k=k+1 WHERE id=7630386
	Update on sbtest4  (cost=0.43..8.46 rows=1 width=196)
	  ->  Index Scan using sbtest4_pkey on sbtest4  (cost=0.43..8.46 rows=1 width=196)
	        Index Cond: (id = 7630386)

table 5 : explain UPDATE sbtest5 SET k=k+1 WHERE id=603198
	Update on sbtest5  (cost=0.43..8.46 rows=1 width=196)
	  ->  Index Scan using sbtest5_pkey on sbtest5  (cost=0.43..8.46 rows=1 width=196)
	        Index Cond: (id = 603198)

table 6 : explain UPDATE sbtest6 SET k=k+1 WHERE id=8478410
	Update on sbtest6  (cost=0.43..8.46 rows=1 width=196)
	  ->  Index Scan using sbtest6_pkey on sbtest6  (cost=0.43..8.46 rows=1 width=196)
	        Index Cond: (id = 8478410)

table 7 : explain UPDATE sbtest7 SET k=k+1 WHERE id=6892770
	Update on sbtest7  (cost=0.43..8.46 rows=1 width=196)
	  ->  Index Scan using sbtest7_pkey on sbtest7  (cost=0.43..8.46 rows=1 width=196)
	        Index Cond: (id = 6892770)

table 8 : explain UPDATE sbtest8 SET k=k+1 WHERE id=7101549
	Update on sbtest8  (cost=0.43..8.46 rows=1 width=196)
	  ->  Index Scan using sbtest8_pkey on sbtest8  (cost=0.43..8.46 rows=1 width=196)
	        Index Cond: (id = 7101549)

for: distinct_ranges
table 1 : explain SELECT DISTINCT c FROM sbtest1 WHERE id BETWEEN 4490275 AND 4490374 ORDER BY c
	Unique  (cost=402.20..402.72 rows=104 width=121)
	  ->  Sort  (cost=402.20..402.46 rows=104 width=121)
	        Sort Key: c
	        ->  Index Scan using sbtest1_pkey on sbtest1  (cost=0.43..398.71 rows=104 width=121)
	              Index Cond: ((id >= 4490275) AND (id <= 4490374))

table 2 : explain SELECT DISTINCT c FROM sbtest2 WHERE id BETWEEN 3948816 AND 3948915 ORDER BY c
	Unique  (cost=383.36..383.85 rows=99 width=121)
	  ->  Sort  (cost=383.36..383.60 rows=99 width=121)
	        Sort Key: c
	        ->  Index Scan using sbtest2_pkey on sbtest2  (cost=0.43..380.07 rows=99 width=121)
	              Index Cond: ((id >= 3948816) AND (id <= 3948915))

table 3 : explain SELECT DISTINCT c FROM sbtest3 WHERE id BETWEEN 8234743 AND 8234842 ORDER BY c
	Unique  (cost=380.95..381.45 rows=99 width=121)
	  ->  Sort  (cost=380.95..381.20 rows=99 width=121)
	        Sort Key: c
	        ->  Index Scan using sbtest3_pkey on sbtest3  (cost=0.43..377.67 rows=99 width=121)
	              Index Cond: ((id >= 8234743) AND (id <= 8234842))

table 4 : explain SELECT DISTINCT c FROM sbtest4 WHERE id BETWEEN 8962151 AND 8962250 ORDER BY c
	Unique  (cost=380.41..380.90 rows=98 width=121)
	  ->  Sort  (cost=380.41..380.66 rows=98 width=121)
	        Sort Key: c
	        ->  Index Scan using sbtest4_pkey on sbtest4  (cost=0.43..377.17 rows=98 width=121)
	              Index Cond: ((id >= 8962151) AND (id <= 8962250))

table 5 : explain SELECT DISTINCT c FROM sbtest5 WHERE id BETWEEN 8406608 AND 8406707 ORDER BY c
	Unique  (cost=412.30..412.84 rows=107 width=121)
	  ->  Sort  (cost=412.30..412.57 rows=107 width=121)
	        Sort Key: c
	        ->  Index Scan using sbtest5_pkey on sbtest5  (cost=0.43..408.69 rows=107 width=121)
	              Index Cond: ((id >= 8406608) AND (id <= 8406707))

table 6 : explain SELECT DISTINCT c FROM sbtest6 WHERE id BETWEEN 9928049 AND 9928148 ORDER BY c
	Unique  (cost=381.95..382.45 rows=99 width=121)
	  ->  Sort  (cost=381.95..382.20 rows=99 width=121)
	        Sort Key: c
	        ->  Index Scan using sbtest6_pkey on sbtest6  (cost=0.43..378.67 rows=99 width=121)
	              Index Cond: ((id >= 9928049) AND (id <= 9928148))

table 7 : explain SELECT DISTINCT c FROM sbtest7 WHERE id BETWEEN 3609398 AND 3609497 ORDER BY c
	Unique  (cost=377.16..377.64 rows=97 width=121)
	  ->  Sort  (cost=377.16..377.40 rows=97 width=121)
	        Sort Key: c
	        ->  Index Scan using sbtest7_pkey on sbtest7  (cost=0.43..373.96 rows=97 width=121)
	              Index Cond: ((id >= 3609398) AND (id <= 3609497))

table 8 : explain SELECT DISTINCT c FROM sbtest8 WHERE id BETWEEN 227596 AND 227695 ORDER BY c
	Unique  (cost=423.22..423.76 rows=109 width=121)
	  ->  Sort  (cost=423.22..423.49 rows=109 width=121)
	        Sort Key: c
	        ->  Index Scan using sbtest8_pkey on sbtest8  (cost=0.43..419.53 rows=109 width=121)
	              Index Cond: ((id >= 227596) AND (id <= 227695))

explain: for non_index_updates :: explain UPDATE sbtest%u SET c='foobar' WHERE id=%u
for inserts
table 1 : explain INSERT INTO sbtest1 (id, k, c, pad) VALUES (5323296, 13, 'foobar', 'foobar')
	Insert on sbtest1  (cost=0.00..0.01 rows=1 width=736)
	  ->  Result  (cost=0.00..0.01 rows=1 width=736)

table 2 : explain INSERT INTO sbtest2 (id, k, c, pad) VALUES (400244, 13, 'foobar', 'foobar')
	Insert on sbtest2  (cost=0.00..0.01 rows=1 width=736)
	  ->  Result  (cost=0.00..0.01 rows=1 width=736)

table 3 : explain INSERT INTO sbtest3 (id, k, c, pad) VALUES (9707611, 13, 'foobar', 'foobar')
	Insert on sbtest3  (cost=0.00..0.01 rows=1 width=736)
	  ->  Result  (cost=0.00..0.01 rows=1 width=736)

table 4 : explain INSERT INTO sbtest4 (id, k, c, pad) VALUES (9259830, 13, 'foobar', 'foobar')
	Insert on sbtest4  (cost=0.00..0.01 rows=1 width=736)
	  ->  Result  (cost=0.00..0.01 rows=1 width=736)

table 5 : explain INSERT INTO sbtest5 (id, k, c, pad) VALUES (4841754, 13, 'foobar', 'foobar')
	Insert on sbtest5  (cost=0.00..0.01 rows=1 width=736)
	  ->  Result  (cost=0.00..0.01 rows=1 width=736)

table 6 : explain INSERT INTO sbtest6 (id, k, c, pad) VALUES (1570907, 13, 'foobar', 'foobar')
	Insert on sbtest6  (cost=0.00..0.01 rows=1 width=736)
	  ->  Result  (cost=0.00..0.01 rows=1 width=736)

table 7 : explain INSERT INTO sbtest7 (id, k, c, pad) VALUES (1668331, 13, 'foobar', 'foobar')
	Insert on sbtest7  (cost=0.00..0.01 rows=1 width=736)
	  ->  Result  (cost=0.00..0.01 rows=1 width=736)

table 8 : explain INSERT INTO sbtest8 (id, k, c, pad) VALUES (1119990, 13, 'foobar', 'foobar')
	Insert on sbtest8  (cost=0.00..0.01 rows=1 width=736)
	  ->  Result  (cost=0.00..0.01 rows=1 width=736)

for deletes
table 1 : explain DELETE FROM sbtest1 WHERE id=5095710
	Delete on sbtest1  (cost=0.43..8.45 rows=1 width=6)
	  ->  Index Scan using sbtest1_pkey on sbtest1  (cost=0.43..8.45 rows=1 width=6)
	        Index Cond: (id = 5095710)

table 2 : explain DELETE FROM sbtest2 WHERE id=9676946
	Delete on sbtest2  (cost=0.43..8.45 rows=1 width=6)
	  ->  Index Scan using sbtest2_pkey on sbtest2  (cost=0.43..8.45 rows=1 width=6)
	        Index Cond: (id = 9676946)

table 3 : explain DELETE FROM sbtest3 WHERE id=4382847
	Delete on sbtest3  (cost=0.43..8.45 rows=1 width=6)
	  ->  Index Scan using sbtest3_pkey on sbtest3  (cost=0.43..8.45 rows=1 width=6)
	        Index Cond: (id = 4382847)

table 4 : explain DELETE FROM sbtest4 WHERE id=5748644
	Delete on sbtest4  (cost=0.43..8.45 rows=1 width=6)
	  ->  Index Scan using sbtest4_pkey on sbtest4  (cost=0.43..8.45 rows=1 width=6)
	        Index Cond: (id = 5748644)

table 5 : explain DELETE FROM sbtest5 WHERE id=9558293
	Delete on sbtest5  (cost=0.43..8.45 rows=1 width=6)
	  ->  Index Scan using sbtest5_pkey on sbtest5  (cost=0.43..8.45 rows=1 width=6)
	        Index Cond: (id = 9558293)

table 6 : explain DELETE FROM sbtest6 WHERE id=3753630
	Delete on sbtest6  (cost=0.43..8.45 rows=1 width=6)
	  ->  Index Scan using sbtest6_pkey on sbtest6  (cost=0.43..8.45 rows=1 width=6)
	        Index Cond: (id = 3753630)

table 7 : explain DELETE FROM sbtest7 WHERE id=8522364
	Delete on sbtest7  (cost=0.43..8.45 rows=1 width=6)
	  ->  Index Scan using sbtest7_pkey on sbtest7  (cost=0.43..8.45 rows=1 width=6)
	        Index Cond: (id = 8522364)

table 8 : explain DELETE FROM sbtest8 WHERE id=4328236
	Delete on sbtest8  (cost=0.43..8.45 rows=1 width=6)
	  ->  Index Scan using sbtest8_pkey on sbtest8  (cost=0.43..8.45 rows=1 width=6)
	        Index Cond: (id = 4328236)

explain: for index_updates :: explain UPDATE sbtest%u SET k=k+1 WHERE id=%u
for: simple_ranges
table 1 : explain SELECT c FROM sbtest1 WHERE id BETWEEN 4572440 AND 4572539
	Index Scan using sbtest1_pkey on sbtest1  (cost=0.43..413.86 rows=108 width=121)
	  Index Cond: ((id >= 4572440) AND (id <= 4572539))

table 2 : explain SELECT c FROM sbtest2 WHERE id BETWEEN 7899469 AND 7899568
	Index Scan using sbtest2_pkey on sbtest2  (cost=0.43..372.44 rows=97 width=121)
	  Index Cond: ((id >= 7899469) AND (id <= 7899568))

table 3 : explain SELECT c FROM sbtest3 WHERE id BETWEEN 9746004 AND 9746103
	Index Scan using sbtest3_pkey on sbtest3  (cost=0.43..396.50 rows=104 width=121)
	  Index Cond: ((id >= 9746004) AND (id <= 9746103))

table 4 : explain SELECT c FROM sbtest4 WHERE id BETWEEN 3080503 AND 3080602
	Index Scan using sbtest4_pkey on sbtest4  (cost=0.43..415.17 rows=108 width=121)
	  Index Cond: ((id >= 3080503) AND (id <= 3080602))

table 5 : explain SELECT c FROM sbtest5 WHERE id BETWEEN 8690316 AND 8690415
	Index Scan using sbtest5_pkey on sbtest5  (cost=0.43..393.60 rows=103 width=121)
	  Index Cond: ((id >= 8690316) AND (id <= 8690415))

table 6 : explain SELECT c FROM sbtest6 WHERE id BETWEEN 6506572 AND 6506671
	Index Scan using sbtest6_pkey on sbtest6  (cost=0.43..386.22 rows=101 width=121)
	  Index Cond: ((id >= 6506572) AND (id <= 6506671))

table 7 : explain SELECT c FROM sbtest7 WHERE id BETWEEN 194329 AND 194428
	Index Scan using sbtest7_pkey on sbtest7  (cost=0.43..423.43 rows=110 width=121)
	  Index Cond: ((id >= 194329) AND (id <= 194428))

table 8 : explain SELECT c FROM sbtest8 WHERE id BETWEEN 5667758 AND 5667857
	Index Scan using sbtest8_pkey on sbtest8  (cost=0.43..370.01 rows=96 width=121)
	  Index Cond: ((id >= 5667758) AND (id <= 5667857))

explain: for point_selects :: explain SELECT c FROM sbtest%u WHERE id=%u
explain: for point_selects :: explain SELECT c FROM sbtest%u WHERE id=%u
for non_index_updates
table 1 : explain UPDATE sbtest1 SET c='foobar' WHERE id=4387489
	Update on sbtest1  (cost=0.43..8.45 rows=1 width=559)
	  ->  Index Scan using sbtest1_pkey on sbtest1  (cost=0.43..8.45 rows=1 width=559)
	        Index Cond: (id = 4387489)

table 2 : explain UPDATE sbtest2 SET c='foobar' WHERE id=7384520
	Update on sbtest2  (cost=0.43..8.45 rows=1 width=559)
	  ->  Index Scan using sbtest2_pkey on sbtest2  (cost=0.43..8.45 rows=1 width=559)
	        Index Cond: (id = 7384520)

table 3 : explain UPDATE sbtest3 SET c='foobar' WHERE id=6853371
	Update on sbtest3  (cost=0.43..8.45 rows=1 width=559)
	  ->  Index Scan using sbtest3_pkey on sbtest3  (cost=0.43..8.45 rows=1 width=559)
	        Index Cond: (id = 6853371)

table 4 : explain UPDATE sbtest4 SET c='foobar' WHERE id=2899152
	Update on sbtest4  (cost=0.43..8.45 rows=1 width=559)
	  ->  Index Scan using sbtest4_pkey on sbtest4  (cost=0.43..8.45 rows=1 width=559)
	        Index Cond: (id = 2899152)

table 5 : explain UPDATE sbtest5 SET c='foobar' WHERE id=8311523
	Update on sbtest5  (cost=0.43..8.45 rows=1 width=559)
	  ->  Index Scan using sbtest5_pkey on sbtest5  (cost=0.43..8.45 rows=1 width=559)
	        Index Cond: (id = 8311523)

table 6 : explain UPDATE sbtest6 SET c='foobar' WHERE id=4694047
	Update on sbtest6  (cost=0.43..8.45 rows=1 width=559)
	  ->  Index Scan using sbtest6_pkey on sbtest6  (cost=0.43..8.45 rows=1 width=559)
	        Index Cond: (id = 4694047)

table 7 : explain UPDATE sbtest7 SET c='foobar' WHERE id=8870200
	Update on sbtest7  (cost=0.43..8.45 rows=1 width=559)
	  ->  Index Scan using sbtest7_pkey on sbtest7  (cost=0.43..8.45 rows=1 width=559)
	        Index Cond: (id = 8870200)

table 8 : explain UPDATE sbtest8 SET c='foobar' WHERE id=4826710
	Update on sbtest8  (cost=0.43..8.45 rows=1 width=559)
	  ->  Index Scan using sbtest8_pkey on sbtest8  (cost=0.43..8.45 rows=1 width=559)
	        Index Cond: (id = 4826710)

for point_selects
table 1 : explain SELECT c FROM sbtest1 WHERE id=5331452
	Index Scan using sbtest1_pkey on sbtest1  (cost=0.43..8.45 rows=1 width=121)
	  Index Cond: (id = 5331452)

table 2 : explain SELECT c FROM sbtest2 WHERE id=4744767
	Index Scan using sbtest2_pkey on sbtest2  (cost=0.43..8.45 rows=1 width=121)
	  Index Cond: (id = 4744767)

table 3 : explain SELECT c FROM sbtest3 WHERE id=3643723
	Index Scan using sbtest3_pkey on sbtest3  (cost=0.43..8.45 rows=1 width=121)
	  Index Cond: (id = 3643723)

table 4 : explain SELECT c FROM sbtest4 WHERE id=1050043
	Index Scan using sbtest4_pkey on sbtest4  (cost=0.43..8.45 rows=1 width=121)
	  Index Cond: (id = 1050043)

table 5 : explain SELECT c FROM sbtest5 WHERE id=6555507
	Index Scan using sbtest5_pkey on sbtest5  (cost=0.43..8.45 rows=1 width=121)
	  Index Cond: (id = 6555507)

table 6 : explain SELECT c FROM sbtest6 WHERE id=1027520
	Index Scan using sbtest6_pkey on sbtest6  (cost=0.43..8.45 rows=1 width=121)
	  Index Cond: (id = 1027520)

table 7 : explain SELECT c FROM sbtest7 WHERE id=3436670
	Index Scan using sbtest7_pkey on sbtest7  (cost=0.43..8.45 rows=1 width=121)
	  Index Cond: (id = 3436670)

table 8 : explain SELECT c FROM sbtest8 WHERE id=6019197
	Index Scan using sbtest8_pkey on sbtest8  (cost=0.43..8.45 rows=1 width=121)
	  Index Cond: (id = 6019197)

for index_updates
table 1 : explain UPDATE sbtest1 SET k=k+1 WHERE id=4184461
	Update on sbtest1  (cost=0.43..8.46 rows=1 width=196)
	  ->  Index Scan using sbtest1_pkey on sbtest1  (cost=0.43..8.46 rows=1 width=196)
	        Index Cond: (id = 4184461)

table 2 : explain UPDATE sbtest2 SET k=k+1 WHERE id=1069533
	Update on sbtest2  (cost=0.43..8.46 rows=1 width=196)
	  ->  Index Scan using sbtest2_pkey on sbtest2  (cost=0.43..8.46 rows=1 width=196)
	        Index Cond: (id = 1069533)

table 3 : explain UPDATE sbtest3 SET k=k+1 WHERE id=9262345
	Update on sbtest3  (cost=0.43..8.46 rows=1 width=196)
	  ->  Index Scan using sbtest3_pkey on sbtest3  (cost=0.43..8.46 rows=1 width=196)
	        Index Cond: (id = 9262345)

table 4 : explain UPDATE sbtest4 SET k=k+1 WHERE id=4120794
	Update on sbtest4  (cost=0.43..8.46 rows=1 width=196)
	  ->  Index Scan using sbtest4_pkey on sbtest4  (cost=0.43..8.46 rows=1 width=196)
	        Index Cond: (id = 4120794)

table 5 : explain UPDATE sbtest5 SET k=k+1 WHERE id=4482490
	Update on sbtest5  (cost=0.43..8.46 rows=1 width=196)
	  ->  Index Scan using sbtest5_pkey on sbtest5  (cost=0.43..8.46 rows=1 width=196)
	        Index Cond: (id = 4482490)

table 6 : explain UPDATE sbtest6 SET k=k+1 WHERE id=9708335
	Update on sbtest6  (cost=0.43..8.46 rows=1 width=196)
	  ->  Index Scan using sbtest6_pkey on sbtest6  (cost=0.43..8.46 rows=1 width=196)
	        Index Cond: (id = 9708335)

table 7 : explain UPDATE sbtest7 SET k=k+1 WHERE id=3400929
	Update on sbtest7  (cost=0.43..8.46 rows=1 width=196)
	  ->  Index Scan using sbtest7_pkey on sbtest7  (cost=0.43..8.46 rows=1 width=196)
	        Index Cond: (id = 3400929)

table 8 : explain UPDATE sbtest8 SET k=k+1 WHERE id=3917224
	Update on sbtest8  (cost=0.43..8.46 rows=1 width=196)
	  ->  Index Scan using sbtest8_pkey on sbtest8  (cost=0.43..8.46 rows=1 width=196)
	        Index Cond: (id = 3917224)

explain: for deletes :: explain DELETE FROM sbtest%u WHERE id=%u
explain: for point_selects :: explain SELECT c FROM sbtest%u WHERE id=%u
explain: for point_selects :: explain SELECT c FROM sbtest%u WHERE id=%u
for: sum_ranges
table 1 : explain SELECT SUM(k) FROM sbtest1 WHERE id BETWEEN 2477125 AND 2477224
	Aggregate  (cost=421.71..421.72 rows=1 width=8)
	  ->  Index Scan using sbtest1_pkey on sbtest1  (cost=0.43..421.43 rows=110 width=4)
	        Index Cond: ((id >= 2477125) AND (id <= 2477224))

table 2 : explain SELECT SUM(k) FROM sbtest2 WHERE id BETWEEN 1568847 AND 1568946
	Aggregate  (cost=403.08..403.09 rows=1 width=8)
	  ->  Index Scan using sbtest2_pkey on sbtest2  (cost=0.43..402.82 rows=105 width=4)
	        Index Cond: ((id >= 1568847) AND (id <= 1568946))

table 3 : explain SELECT SUM(k) FROM sbtest3 WHERE id BETWEEN 7257949 AND 7258048
	Aggregate  (cost=381.69..381.70 rows=1 width=8)
	  ->  Index Scan using sbtest3_pkey on sbtest3  (cost=0.43..381.44 rows=100 width=4)
	        Index Cond: ((id >= 7257949) AND (id <= 7258048))

table 4 : explain SELECT SUM(k) FROM sbtest4 WHERE id BETWEEN 7396074 AND 7396173
	Aggregate  (cost=404.03..404.04 rows=1 width=8)
	  ->  Index Scan using sbtest4_pkey on sbtest4  (cost=0.43..403.77 rows=105 width=4)
	        Index Cond: ((id >= 7396074) AND (id <= 7396173))

table 5 : explain SELECT SUM(k) FROM sbtest5 WHERE id BETWEEN 3918690 AND 3918789
	Aggregate  (cost=382.53..382.54 rows=1 width=8)
	  ->  Index Scan using sbtest5_pkey on sbtest5  (cost=0.43..382.28 rows=100 width=4)
	        Index Cond: ((id >= 3918690) AND (id <= 3918789))

table 6 : explain SELECT SUM(k) FROM sbtest6 WHERE id BETWEEN 6025829 AND 6025928
	Aggregate  (cost=401.59..401.60 rows=1 width=8)
	  ->  Index Scan using sbtest6_pkey on sbtest6  (cost=0.43..401.33 rows=105 width=4)
	        Index Cond: ((id >= 6025829) AND (id <= 6025928))

table 7 : explain SELECT SUM(k) FROM sbtest7 WHERE id BETWEEN 3124256 AND 3124355
	Aggregate  (cost=374.20..374.21 rows=1 width=8)
	  ->  Index Scan using sbtest7_pkey on sbtest7  (cost=0.43..373.96 rows=97 width=4)
	        Index Cond: ((id >= 3124256) AND (id <= 3124355))

table 8 : explain SELECT SUM(k) FROM sbtest8 WHERE id BETWEEN 8739680 AND 8739779
	Aggregate  (cost=404.57..404.58 rows=1 width=8)
	  ->  Index Scan using sbtest8_pkey on sbtest8  (cost=0.43..404.31 rows=105 width=4)
	        Index Cond: ((id >= 8739680) AND (id <= 8739779))

for deletes
table 1 : explain DELETE FROM sbtest1 WHERE id=1716858
	Delete on sbtest1  (cost=0.43..8.45 rows=1 width=6)
	  ->  Index Scan using sbtest1_pkey on sbtest1  (cost=0.43..8.45 rows=1 width=6)
	        Index Cond: (id = 1716858)

table 2 : explain DELETE FROM sbtest2 WHERE id=6329025
	Delete on sbtest2  (cost=0.43..8.45 rows=1 width=6)
	  ->  Index Scan using sbtest2_pkey on sbtest2  (cost=0.43..8.45 rows=1 width=6)
	        Index Cond: (id = 6329025)

table 3 : explain DELETE FROM sbtest3 WHERE id=4388011
	Delete on sbtest3  (cost=0.43..8.45 rows=1 width=6)
	  ->  Index Scan using sbtest3_pkey on sbtest3  (cost=0.43..8.45 rows=1 width=6)
	        Index Cond: (id = 4388011)

table 4 : explain DELETE FROM sbtest4 WHERE id=8060248
	Delete on sbtest4  (cost=0.43..8.45 rows=1 width=6)
	  ->  Index Scan using sbtest4_pkey on sbtest4  (cost=0.43..8.45 rows=1 width=6)
	        Index Cond: (id = 8060248)

table 5 : explain DELETE FROM sbtest5 WHERE id=4048628
	Delete on sbtest5  (cost=0.43..8.45 rows=1 width=6)
	  ->  Index Scan using sbtest5_pkey on sbtest5  (cost=0.43..8.45 rows=1 width=6)
	        Index Cond: (id = 4048628)

table 6 : explain DELETE FROM sbtest6 WHERE id=3161452
	Delete on sbtest6  (cost=0.43..8.45 rows=1 width=6)
	  ->  Index Scan using sbtest6_pkey on sbtest6  (cost=0.43..8.45 rows=1 width=6)
	        Index Cond: (id = 3161452)

table 7 : explain DELETE FROM sbtest7 WHERE id=6325615
	Delete on sbtest7  (cost=0.43..8.45 rows=1 width=6)
	  ->  Index Scan using sbtest7_pkey on sbtest7  (cost=0.43..8.45 rows=1 width=6)
	        Index Cond: (id = 6325615)

table 8 : explain DELETE FROM sbtest8 WHERE id=6691595
	Delete on sbtest8  (cost=0.43..8.45 rows=1 width=6)
	  ->  Index Scan using sbtest8_pkey on sbtest8  (cost=0.43..8.45 rows=1 width=6)
	        Index Cond: (id = 6691595)

explain: for point_selects :: explain SELECT c FROM sbtest%u WHERE id=%u
explain: for non_index_updates :: explain UPDATE sbtest%u SET c='foobar' WHERE id=%u
for: simple_ranges
table 1 : explain SELECT c FROM sbtest1 WHERE id BETWEEN 5528742 AND 5528841
	Index Scan using sbtest1_pkey on sbtest1  (cost=0.43..360.78 rows=94 width=121)
	  Index Cond: ((id >= 5528742) AND (id <= 5528841))

table 2 : explain SELECT c FROM sbtest2 WHERE id BETWEEN 155897 AND 155996
	Index Scan using sbtest2_pkey on sbtest2  (cost=0.43..364.86 rows=95 width=121)
	  Index Cond: ((id >= 155897) AND (id <= 155996))

table 3 : explain SELECT c FROM sbtest3 WHERE id BETWEEN 7483253 AND 7483352
	Index Scan using sbtest3_pkey on sbtest3  (cost=0.43..370.14 rows=97 width=121)
	  Index Cond: ((id >= 7483253) AND (id <= 7483352))

table 4 : explain SELECT c FROM sbtest4 WHERE id BETWEEN 6956517 AND 6956616
	Index Scan using sbtest4_pkey on sbtest4  (cost=0.43..380.97 rows=99 width=121)
	  Index Cond: ((id >= 6956517) AND (id <= 6956616))

table 5 : explain SELECT c FROM sbtest5 WHERE id BETWEEN 2579695 AND 2579794
	Index Scan using sbtest5_pkey on sbtest5  (cost=0.43..408.69 rows=107 width=121)
	  Index Cond: ((id >= 2579695) AND (id <= 2579794))

table 6 : explain SELECT c FROM sbtest6 WHERE id BETWEEN 1761724 AND 1761823
	Index Scan using sbtest6_pkey on sbtest6  (cost=0.43..378.67 rows=99 width=121)
	  Index Cond: ((id >= 1761724) AND (id <= 1761823))

table 7 : explain SELECT c FROM sbtest7 WHERE id BETWEEN 4344040 AND 4344139
	Index Scan using sbtest7_pkey on sbtest7  (cost=0.43..373.96 rows=97 width=121)
	  Index Cond: ((id >= 4344040) AND (id <= 4344139))

table 8 : explain SELECT c FROM sbtest8 WHERE id BETWEEN 614293 AND 614392
	Index Scan using sbtest8_pkey on sbtest8  (cost=0.43..392.90 rows=102 width=121)
	  Index Cond: ((id >= 614293) AND (id <= 614392))

explain: for inserts :: explain INSERT INTO sbtest%u (id, k, c, pad) VALUES (%u, 13, 'foobar', 'foobar')
for index_updates
table 1 : explain UPDATE sbtest1 SET k=k+1 WHERE id=9612449
	Update on sbtest1  (cost=0.43..8.46 rows=1 width=196)
	  ->  Index Scan using sbtest1_pkey on sbtest1  (cost=0.43..8.46 rows=1 width=196)
	        Index Cond: (id = 9612449)

table 2 : explain UPDATE sbtest2 SET k=k+1 WHERE id=1387467
	Update on sbtest2  (cost=0.43..8.46 rows=1 width=196)
	  ->  Index Scan using sbtest2_pkey on sbtest2  (cost=0.43..8.46 rows=1 width=196)
	        Index Cond: (id = 1387467)

table 3 : explain UPDATE sbtest3 SET k=k+1 WHERE id=6908826
	Update on sbtest3  (cost=0.43..8.46 rows=1 width=196)
	  ->  Index Scan using sbtest3_pkey on sbtest3  (cost=0.43..8.46 rows=1 width=196)
	        Index Cond: (id = 6908826)

table 4 : explain UPDATE sbtest4 SET k=k+1 WHERE id=33417
	Update on sbtest4  (cost=0.43..8.46 rows=1 width=196)
	  ->  Index Scan using sbtest4_pkey on sbtest4  (cost=0.43..8.46 rows=1 width=196)
	        Index Cond: (id = 33417)

table 5 : explain UPDATE sbtest5 SET k=k+1 WHERE id=1742948
	Update on sbtest5  (cost=0.43..8.46 rows=1 width=196)
	  ->  Index Scan using sbtest5_pkey on sbtest5  (cost=0.43..8.46 rows=1 width=196)
	        Index Cond: (id = 1742948)

table 6 : explain UPDATE sbtest6 SET k=k+1 WHERE id=7738269
	Update on sbtest6  (cost=0.43..8.46 rows=1 width=196)
	  ->  Index Scan using sbtest6_pkey on sbtest6  (cost=0.43..8.46 rows=1 width=196)
	        Index Cond: (id = 7738269)

table 7 : explain UPDATE sbtest7 SET k=k+1 WHERE id=8498365
	Update on sbtest7  (cost=0.43..8.46 rows=1 width=196)
	  ->  Index Scan using sbtest7_pkey on sbtest7  (cost=0.43..8.46 rows=1 width=196)
	        Index Cond: (id = 8498365)

table 8 : explain UPDATE sbtest8 SET k=k+1 WHERE id=7238411
	Update on sbtest8  (cost=0.43..8.46 rows=1 width=196)
	  ->  Index Scan using sbtest8_pkey on sbtest8  (cost=0.43..8.46 rows=1 width=196)
	        Index Cond: (id = 7238411)

for: sum_ranges
table 1 : explain SELECT SUM(k) FROM sbtest1 WHERE id BETWEEN 7076932 AND 7077031
	Aggregate  (cost=410.34..410.35 rows=1 width=8)
	  ->  Index Scan using sbtest1_pkey on sbtest1  (cost=0.43..410.07 rows=107 width=4)
	        Index Cond: ((id >= 7076932) AND (id <= 7077031))

table 2 : explain SELECT SUM(k) FROM sbtest2 WHERE id BETWEEN 5462239 AND 5462338
	Aggregate  (cost=380.32..380.33 rows=1 width=8)
	  ->  Index Scan using sbtest2_pkey on sbtest2  (cost=0.43..380.07 rows=99 width=4)
	        Index Cond: ((id >= 5462239) AND (id <= 5462338))

table 3 : explain SELECT SUM(k) FROM sbtest3 WHERE id BETWEEN 1947499 AND 1947598
	Aggregate  (cost=396.76..396.77 rows=1 width=8)
	  ->  Index Scan using sbtest3_pkey on sbtest3  (cost=0.43..396.50 rows=104 width=4)
	        Index Cond: ((id >= 1947499) AND (id <= 1947598))

table 4 : explain SELECT SUM(k) FROM sbtest4 WHERE id BETWEEN 4996234 AND 4996333
	Aggregate  (cost=377.42..377.43 rows=1 width=8)
	  ->  Index Scan using sbtest4_pkey on sbtest4  (cost=0.43..377.17 rows=98 width=4)
	        Index Cond: ((id >= 4996234) AND (id <= 4996333))

table 5 : explain SELECT SUM(k) FROM sbtest5 WHERE id BETWEEN 6110178 AND 6110277
	Aggregate  (cost=352.31..352.32 rows=1 width=8)
	  ->  Index Scan using sbtest5_pkey on sbtest5  (cost=0.43..352.08 rows=92 width=4)
	        Index Cond: ((id >= 6110178) AND (id <= 6110277))

table 6 : explain SELECT SUM(k) FROM sbtest6 WHERE id BETWEEN 3672884 AND 3672983
	Aggregate  (cost=386.48..386.49 rows=1 width=8)
	  ->  Index Scan using sbtest6_pkey on sbtest6  (cost=0.43..386.22 rows=101 width=4)
	        Index Cond: ((id >= 3672884) AND (id <= 3672983))

table 7 : explain SELECT SUM(k) FROM sbtest7 WHERE id BETWEEN 4914091 AND 4914190
	Aggregate  (cost=362.77..362.78 rows=1 width=8)
	  ->  Index Scan using sbtest7_pkey on sbtest7  (cost=0.43..362.54 rows=94 width=4)
	        Index Cond: ((id >= 4914091) AND (id <= 4914190))

table 8 : explain SELECT SUM(k) FROM sbtest8 WHERE id BETWEEN 8966311 AND 8966410
	Aggregate  (cost=385.54..385.55 rows=1 width=8)
	  ->  Index Scan using sbtest8_pkey on sbtest8  (cost=0.43..385.29 rows=100 width=4)
	        Index Cond: ((id >= 8966311) AND (id <= 8966410))

explain: for inserts :: explain INSERT INTO sbtest%u (id, k, c, pad) VALUES (%u, 13, 'foobar', 'foobar')
explain: for inserts :: explain INSERT INTO sbtest%u (id, k, c, pad) VALUES (%u, 13, 'foobar', 'foobar')
explain: for non_index_updates :: explain UPDATE sbtest%u SET c='foobar' WHERE id=%u
for non_index_updates
table 1 : explain UPDATE sbtest1 SET c='foobar' WHERE id=9180674
	Update on sbtest1  (cost=0.43..8.45 rows=1 width=559)
	  ->  Index Scan using sbtest1_pkey on sbtest1  (cost=0.43..8.45 rows=1 width=559)
	        Index Cond: (id = 9180674)

table 2 : explain UPDATE sbtest2 SET c='foobar' WHERE id=4609807
	Update on sbtest2  (cost=0.43..8.45 rows=1 width=559)
	  ->  Index Scan using sbtest2_pkey on sbtest2  (cost=0.43..8.45 rows=1 width=559)
	        Index Cond: (id = 4609807)

table 3 : explain UPDATE sbtest3 SET c='foobar' WHERE id=4372412
	Update on sbtest3  (cost=0.43..8.45 rows=1 width=559)
	  ->  Index Scan using sbtest3_pkey on sbtest3  (cost=0.43..8.45 rows=1 width=559)
	        Index Cond: (id = 4372412)

table 4 : explain UPDATE sbtest4 SET c='foobar' WHERE id=5379212
	Update on sbtest4  (cost=0.43..8.45 rows=1 width=559)
	  ->  Index Scan using sbtest4_pkey on sbtest4  (cost=0.43..8.45 rows=1 width=559)
	        Index Cond: (id = 5379212)

table 5 : explain UPDATE sbtest5 SET c='foobar' WHERE id=5402065
	Update on sbtest5  (cost=0.43..8.45 rows=1 width=559)
	  ->  Index Scan using sbtest5_pkey on sbtest5  (cost=0.43..8.45 rows=1 width=559)
	        Index Cond: (id = 5402065)

table 6 : explain UPDATE sbtest6 SET c='foobar' WHERE id=2013538
	Update on sbtest6  (cost=0.43..8.45 rows=1 width=559)
	  ->  Index Scan using sbtest6_pkey on sbtest6  (cost=0.43..8.45 rows=1 width=559)
	        Index Cond: (id = 2013538)

table 7 : explain UPDATE sbtest7 SET c='foobar' WHERE id=6251828
	Update on sbtest7  (cost=0.43..8.45 rows=1 width=559)
	  ->  Index Scan using sbtest7_pkey on sbtest7  (cost=0.43..8.45 rows=1 width=559)
	        Index Cond: (id = 6251828)

table 8 : explain UPDATE sbtest8 SET c='foobar' WHERE id=4966974
	Update on sbtest8  (cost=0.43..8.45 rows=1 width=559)
	  ->  Index Scan using sbtest8_pkey on sbtest8  (cost=0.43..8.45 rows=1 width=559)
	        Index Cond: (id = 4966974)

for inserts
table 1 : explain INSERT INTO sbtest1 (id, k, c, pad) VALUES (1601986, 13, 'foobar', 'foobar')
	Insert on sbtest1  (cost=0.00..0.01 rows=1 width=736)
	  ->  Result  (cost=0.00..0.01 rows=1 width=736)

table 2 : explain INSERT INTO sbtest2 (id, k, c, pad) VALUES (2282083, 13, 'foobar', 'foobar')
	Insert on sbtest2  (cost=0.00..0.01 rows=1 width=736)
	  ->  Result  (cost=0.00..0.01 rows=1 width=736)

table 3 : explain INSERT INTO sbtest3 (id, k, c, pad) VALUES (9722420, 13, 'foobar', 'foobar')
	Insert on sbtest3  (cost=0.00..0.01 rows=1 width=736)
	  ->  Result  (cost=0.00..0.01 rows=1 width=736)

table 4 : explain INSERT INTO sbtest4 (id, k, c, pad) VALUES (7618208, 13, 'foobar', 'foobar')
	Insert on sbtest4  (cost=0.00..0.01 rows=1 width=736)
	  ->  Result  (cost=0.00..0.01 rows=1 width=736)

table 5 : explain INSERT INTO sbtest5 (id, k, c, pad) VALUES (7615633, 13, 'foobar', 'foobar')
	Insert on sbtest5  (cost=0.00..0.01 rows=1 width=736)
	  ->  Result  (cost=0.00..0.01 rows=1 width=736)

table 6 : explain INSERT INTO sbtest6 (id, k, c, pad) VALUES (9945711, 13, 'foobar', 'foobar')
	Insert on sbtest6  (cost=0.00..0.01 rows=1 width=736)
	  ->  Result  (cost=0.00..0.01 rows=1 width=736)

table 7 : explain INSERT INTO sbtest7 (id, k, c, pad) VALUES (7624467, 13, 'foobar', 'foobar')
	Insert on sbtest7  (cost=0.00..0.01 rows=1 width=736)
	  ->  Result  (cost=0.00..0.01 rows=1 width=736)

table 8 : explain INSERT INTO sbtest8 (id, k, c, pad) VALUES (2038967, 13, 'foobar', 'foobar')
	Insert on sbtest8  (cost=0.00..0.01 rows=1 width=736)
	  ->  Result  (cost=0.00..0.01 rows=1 width=736)

for point_selects
table 1 : explain SELECT c FROM sbtest1 WHERE id=5035971
	Index Scan using sbtest1_pkey on sbtest1  (cost=0.43..8.45 rows=1 width=121)
	  Index Cond: (id = 5035971)

table 2 : explain SELECT c FROM sbtest2 WHERE id=1643155
	Index Scan using sbtest2_pkey on sbtest2  (cost=0.43..8.45 rows=1 width=121)
	  Index Cond: (id = 1643155)

table 3 : explain SELECT c FROM sbtest3 WHERE id=7123104
	Index Scan using sbtest3_pkey on sbtest3  (cost=0.43..8.45 rows=1 width=121)
	  Index Cond: (id = 7123104)

table 4 : explain SELECT c FROM sbtest4 WHERE id=4312444
	Index Scan using sbtest4_pkey on sbtest4  (cost=0.43..8.45 rows=1 width=121)
	  Index Cond: (id = 4312444)

table 5 : explain SELECT c FROM sbtest5 WHERE id=9937574
	Index Scan using sbtest5_pkey on sbtest5  (cost=0.43..8.45 rows=1 width=121)
	  Index Cond: (id = 9937574)

table 6 : explain SELECT c FROM sbtest6 WHERE id=4790625
	Index Scan using sbtest6_pkey on sbtest6  (cost=0.43..8.45 rows=1 width=121)
	  Index Cond: (id = 4790625)

table 7 : explain SELECT c FROM sbtest7 WHERE id=9579
	Index Scan using sbtest7_pkey on sbtest7  (cost=0.43..8.45 rows=1 width=121)
	  Index Cond: (id = 9579)

table 8 : explain SELECT c FROM sbtest8 WHERE id=2031933
	Index Scan using sbtest8_pkey on sbtest8  (cost=0.43..8.45 rows=1 width=121)
	  Index Cond: (id = 2031933)

for inserts
table 1 : explain INSERT INTO sbtest1 (id, k, c, pad) VALUES (5990365, 13, 'foobar', 'foobar')
	Insert on sbtest1  (cost=0.00..0.01 rows=1 width=736)
	  ->  Result  (cost=0.00..0.01 rows=1 width=736)

table 2 : explain INSERT INTO sbtest2 (id, k, c, pad) VALUES (2643314, 13, 'foobar', 'foobar')
	Insert on sbtest2  (cost=0.00..0.01 rows=1 width=736)
	  ->  Result  (cost=0.00..0.01 rows=1 width=736)

table 3 : explain INSERT INTO sbtest3 (id, k, c, pad) VALUES (7105068, 13, 'foobar', 'foobar')
	Insert on sbtest3  (cost=0.00..0.01 rows=1 width=736)
	  ->  Result  (cost=0.00..0.01 rows=1 width=736)

table 4 : explain INSERT INTO sbtest4 (id, k, c, pad) VALUES (6946968, 13, 'foobar', 'foobar')
	Insert on sbtest4  (cost=0.00..0.01 rows=1 width=736)
	  ->  Result  (cost=0.00..0.01 rows=1 width=736)

table 5 : explain INSERT INTO sbtest5 (id, k, c, pad) VALUES (5543638, 13, 'foobar', 'foobar')
	Insert on sbtest5  (cost=0.00..0.01 rows=1 width=736)
	  ->  Result  (cost=0.00..0.01 rows=1 width=736)

table 6 : explain INSERT INTO sbtest6 (id, k, c, pad) VALUES (8412964, 13, 'foobar', 'foobar')
	Insert on sbtest6  (cost=0.00..0.01 rows=1 width=736)
	  ->  Result  (cost=0.00..0.01 rows=1 width=736)

table 7 : explain INSERT INTO sbtest7 (id, k, c, pad) VALUES (304325, 13, 'foobar', 'foobar')
	Insert on sbtest7  (cost=0.00..0.01 rows=1 width=736)
	  ->  Result  (cost=0.00..0.01 rows=1 width=736)

table 8 : explain INSERT INTO sbtest8 (id, k, c, pad) VALUES (8402290, 13, 'foobar', 'foobar')
	Insert on sbtest8  (cost=0.00..0.01 rows=1 width=736)
	  ->  Result  (cost=0.00..0.01 rows=1 width=736)

explain: for deletes :: explain DELETE FROM sbtest%u WHERE id=%u
explain: for point_selects :: explain SELECT c FROM sbtest%u WHERE id=%u
for: order_ranges
table 1 : explain SELECT c FROM sbtest1 WHERE id BETWEEN 7186552 AND 7186651 ORDER BY c
	Sort  (cost=352.38..352.61 rows=91 width=121)
	  Sort Key: c
	  ->  Index Scan using sbtest1_pkey on sbtest1  (cost=0.43..349.42 rows=91 width=121)
	        Index Cond: ((id >= 7186552) AND (id <= 7186651))

table 2 : explain SELECT c FROM sbtest2 WHERE id BETWEEN 153539 AND 153638 ORDER BY c
	Sort  (cost=367.98..368.21 rows=95 width=121)
	  Sort Key: c
	  ->  Index Scan using sbtest2_pkey on sbtest2  (cost=0.43..364.86 rows=95 width=121)
	        Index Cond: ((id >= 153539) AND (id <= 153638))

table 3 : explain SELECT c FROM sbtest3 WHERE id BETWEEN 5796507 AND 5796606 ORDER BY c
	Sort  (cost=403.79..404.05 rows=105 width=121)
	  Sort Key: c
	  ->  Index Scan using sbtest3_pkey on sbtest3  (cost=0.43..400.27 rows=105 width=121)
	        Index Cond: ((id >= 5796507) AND (id <= 5796606))

table 4 : explain SELECT c FROM sbtest4 WHERE id BETWEEN 2740237 AND 2740336 ORDER BY c
	Sort  (cost=345.80..346.03 rows=89 width=121)
	  Sort Key: c
	  ->  Index Scan using sbtest4_pkey on sbtest4  (cost=0.43..342.92 rows=89 width=121)
	        Index Cond: ((id >= 2740237) AND (id <= 2740336))

table 5 : explain SELECT c FROM sbtest5 WHERE id BETWEEN 6757149 AND 6757248 ORDER BY c
	Sort  (cost=358.90..359.13 rows=93 width=121)
	  Sort Key: c
	  ->  Index Scan using sbtest5_pkey on sbtest5  (cost=0.43..355.86 rows=93 width=121)
	        Index Cond: ((id >= 6757149) AND (id <= 6757248))

table 6 : explain SELECT c FROM sbtest6 WHERE id BETWEEN 5764035 AND 5764134 ORDER BY c
	Sort  (cost=336.10..336.32 rows=87 width=121)
	  Sort Key: c
	  ->  Index Scan using sbtest6_pkey on sbtest6  (cost=0.43..333.30 rows=87 width=121)
	        Index Cond: ((id >= 5764035) AND (id <= 5764134))

table 7 : explain SELECT c FROM sbtest7 WHERE id BETWEEN 5047288 AND 5047387 ORDER BY c
	Sort  (cost=404.08..404.34 rows=104 width=121)
	  Sort Key: c
	  ->  Index Scan using sbtest7_pkey on sbtest7  (cost=0.43..400.60 rows=104 width=121)
	        Index Cond: ((id >= 5047288) AND (id <= 5047387))

table 8 : explain SELECT c FROM sbtest8 WHERE id BETWEEN 7125980 AND 7126079 ORDER BY c
	Sort  (cost=384.76..385.01 rows=99 width=121)
	  Sort Key: c
	  ->  Index Scan using sbtest8_pkey on sbtest8  (cost=0.43..381.48 rows=99 width=121)
	        Index Cond: ((id >= 7125980) AND (id <= 7126079))

for inserts
table 1 : explain INSERT INTO sbtest1 (id, k, c, pad) VALUES (6867531, 13, 'foobar', 'foobar')
	Insert on sbtest1  (cost=0.00..0.01 rows=1 width=736)
	  ->  Result  (cost=0.00..0.01 rows=1 width=736)

table 2 : explain INSERT INTO sbtest2 (id, k, c, pad) VALUES (4899140, 13, 'foobar', 'foobar')
	Insert on sbtest2  (cost=0.00..0.01 rows=1 width=736)
	  ->  Result  (cost=0.00..0.01 rows=1 width=736)

table 3 : explain INSERT INTO sbtest3 (id, k, c, pad) VALUES (3785068, 13, 'foobar', 'foobar')
	Insert on sbtest3  (cost=0.00..0.01 rows=1 width=736)
	  ->  Result  (cost=0.00..0.01 rows=1 width=736)

table 4 : explain INSERT INTO sbtest4 (id, k, c, pad) VALUES (5100210, 13, 'foobar', 'foobar')
	Insert on sbtest4  (cost=0.00..0.01 rows=1 width=736)
	  ->  Result  (cost=0.00..0.01 rows=1 width=736)

table 5 : explain INSERT INTO sbtest5 (id, k, c, pad) VALUES (7754710, 13, 'foobar', 'foobar')
	Insert on sbtest5  (cost=0.00..0.01 rows=1 width=736)
	  ->  Result  (cost=0.00..0.01 rows=1 width=736)

table 6 : explain INSERT INTO sbtest6 (id, k, c, pad) VALUES (5282379, 13, 'foobar', 'foobar')
	Insert on sbtest6  (cost=0.00..0.01 rows=1 width=736)
	  ->  Result  (cost=0.00..0.01 rows=1 width=736)

table 7 : explain INSERT INTO sbtest7 (id, k, c, pad) VALUES (3135080, 13, 'foobar', 'foobar')
	Insert on sbtest7  (cost=0.00..0.01 rows=1 width=736)
	  ->  Result  (cost=0.00..0.01 rows=1 width=736)

table 8 : explain INSERT INTO sbtest8 (id, k, c, pad) VALUES (8883975, 13, 'foobar', 'foobar')
	Insert on sbtest8  (cost=0.00..0.01 rows=1 width=736)
	  ->  Result  (cost=0.00..0.01 rows=1 width=736)

for point_selects
table 1 : explain SELECT c FROM sbtest1 WHERE id=9613290
	Index Scan using sbtest1_pkey on sbtest1  (cost=0.43..8.45 rows=1 width=121)
	  Index Cond: (id = 9613290)

table 2 : explain SELECT c FROM sbtest2 WHERE id=1537695
	Index Scan using sbtest2_pkey on sbtest2  (cost=0.43..8.45 rows=1 width=121)
	  Index Cond: (id = 1537695)

table 3 : explain SELECT c FROM sbtest3 WHERE id=6210226
	Index Scan using sbtest3_pkey on sbtest3  (cost=0.43..8.45 rows=1 width=121)
	  Index Cond: (id = 6210226)

table 4 : explain SELECT c FROM sbtest4 WHERE id=6640301
	Index Scan using sbtest4_pkey on sbtest4  (cost=0.43..8.45 rows=1 width=121)
	  Index Cond: (id = 6640301)

table 5 : explain SELECT c FROM sbtest5 WHERE id=4455383
	Index Scan using sbtest5_pkey on sbtest5  (cost=0.43..8.45 rows=1 width=121)
	  Index Cond: (id = 4455383)

table 6 : explain SELECT c FROM sbtest6 WHERE id=7708288
	Index Scan using sbtest6_pkey on sbtest6  (cost=0.43..8.45 rows=1 width=121)
	  Index Cond: (id = 7708288)

table 7 : explain SELECT c FROM sbtest7 WHERE id=9659984
	Index Scan using sbtest7_pkey on sbtest7  (cost=0.43..8.45 rows=1 width=121)
	  Index Cond: (id = 9659984)

table 8 : explain SELECT c FROM sbtest8 WHERE id=5642917
	Index Scan using sbtest8_pkey on sbtest8  (cost=0.43..8.45 rows=1 width=121)
	  Index Cond: (id = 5642917)

for non_index_updates
table 1 : explain UPDATE sbtest1 SET c='foobar' WHERE id=4540260
	Update on sbtest1  (cost=0.43..8.45 rows=1 width=559)
	  ->  Index Scan using sbtest1_pkey on sbtest1  (cost=0.43..8.45 rows=1 width=559)
	        Index Cond: (id = 4540260)

table 2 : explain UPDATE sbtest2 SET c='foobar' WHERE id=7596829
	Update on sbtest2  (cost=0.43..8.45 rows=1 width=559)
	  ->  Index Scan using sbtest2_pkey on sbtest2  (cost=0.43..8.45 rows=1 width=559)
	        Index Cond: (id = 7596829)

table 3 : explain UPDATE sbtest3 SET c='foobar' WHERE id=7196146
	Update on sbtest3  (cost=0.43..8.45 rows=1 width=559)
	  ->  Index Scan using sbtest3_pkey on sbtest3  (cost=0.43..8.45 rows=1 width=559)
	        Index Cond: (id = 7196146)

table 4 : explain UPDATE sbtest4 SET c='foobar' WHERE id=7893288
	Update on sbtest4  (cost=0.43..8.45 rows=1 width=559)
	  ->  Index Scan using sbtest4_pkey on sbtest4  (cost=0.43..8.45 rows=1 width=559)
	        Index Cond: (id = 7893288)

table 5 : explain UPDATE sbtest5 SET c='foobar' WHERE id=9960309
	Update on sbtest5  (cost=0.43..8.45 rows=1 width=559)
	  ->  Index Scan using sbtest5_pkey on sbtest5  (cost=0.43..8.45 rows=1 width=559)
	        Index Cond: (id = 9960309)

table 6 : explain UPDATE sbtest6 SET c='foobar' WHERE id=2745185
	Update on sbtest6  (cost=0.43..8.45 rows=1 width=559)
	  ->  Index Scan using sbtest6_pkey on sbtest6  (cost=0.43..8.45 rows=1 width=559)
	        Index Cond: (id = 2745185)

table 7 : explain UPDATE sbtest7 SET c='foobar' WHERE id=7918604
	Update on sbtest7  (cost=0.43..8.45 rows=1 width=559)
	  ->  Index Scan using sbtest7_pkey on sbtest7  (cost=0.43..8.45 rows=1 width=559)
	        Index Cond: (id = 7918604)

table 8 : explain UPDATE sbtest8 SET c='foobar' WHERE id=2453995
	Update on sbtest8  (cost=0.43..8.45 rows=1 width=559)
	  ->  Index Scan using sbtest8_pkey on sbtest8  (cost=0.43..8.45 rows=1 width=559)
	        Index Cond: (id = 2453995)

for point_selects
table 1 : explain SELECT c FROM sbtest1 WHERE id=937425
	Index Scan using sbtest1_pkey on sbtest1  (cost=0.43..8.45 rows=1 width=121)
	  Index Cond: (id = 937425)

table 2 : explain SELECT c FROM sbtest2 WHERE id=8746529
	Index Scan using sbtest2_pkey on sbtest2  (cost=0.43..8.45 rows=1 width=121)
	  Index Cond: (id = 8746529)

table 3 : explain SELECT c FROM sbtest3 WHERE id=8414212
	Index Scan using sbtest3_pkey on sbtest3  (cost=0.43..8.45 rows=1 width=121)
	  Index Cond: (id = 8414212)

table 4 : explain SELECT c FROM sbtest4 WHERE id=7219189
	Index Scan using sbtest4_pkey on sbtest4  (cost=0.43..8.45 rows=1 width=121)
	  Index Cond: (id = 7219189)

table 5 : explain SELECT c FROM sbtest5 WHERE id=5258228
	Index Scan using sbtest5_pkey on sbtest5  (cost=0.43..8.45 rows=1 width=121)
	  Index Cond: (id = 5258228)

table 6 : explain SELECT c FROM sbtest6 WHERE id=9836385
	Index Scan using sbtest6_pkey on sbtest6  (cost=0.43..8.45 rows=1 width=121)
	  Index Cond: (id = 9836385)

table 7 : explain SELECT c FROM sbtest7 WHERE id=6627788
	Index Scan using sbtest7_pkey on sbtest7  (cost=0.43..8.45 rows=1 width=121)
	  Index Cond: (id = 6627788)

table 8 : explain SELECT c FROM sbtest8 WHERE id=2890884
	Index Scan using sbtest8_pkey on sbtest8  (cost=0.43..8.45 rows=1 width=121)
	  Index Cond: (id = 2890884)

explain: for point_selects :: explain SELECT c FROM sbtest%u WHERE id=%u
for: simple_ranges
table 1 : explain SELECT c FROM sbtest1 WHERE id BETWEEN 6799031 AND 6799130
	Index Scan using sbtest1_pkey on sbtest1  (cost=0.43..391.14 rows=102 width=121)
	  Index Cond: ((id >= 6799031) AND (id <= 6799130))

table 2 : explain SELECT c FROM sbtest2 WHERE id BETWEEN 2470442 AND 2470541
	Index Scan using sbtest2_pkey on sbtest2  (cost=0.43..380.07 rows=99 width=121)
	  Index Cond: ((id >= 2470442) AND (id <= 2470541))

table 3 : explain SELECT c FROM sbtest3 WHERE id BETWEEN 9158573 AND 9158672
	Index Scan using sbtest3_pkey on sbtest3  (cost=0.43..396.50 rows=104 width=121)
	  Index Cond: ((id >= 9158573) AND (id <= 9158672))

table 4 : explain SELECT c FROM sbtest4 WHERE id BETWEEN 656885 AND 656984
	Index Scan using sbtest4_pkey on sbtest4  (cost=0.43..365.77 rows=95 width=121)
	  Index Cond: ((id >= 656885) AND (id <= 656984))

table 5 : explain SELECT c FROM sbtest5 WHERE id BETWEEN 8703025 AND 8703124
	Index Scan using sbtest5_pkey on sbtest5  (cost=0.43..393.60 rows=103 width=121)
	  Index Cond: ((id >= 8703025) AND (id <= 8703124))

table 6 : explain SELECT c FROM sbtest6 WHERE id BETWEEN 3147633 AND 3147732
	Index Scan using sbtest6_pkey on sbtest6  (cost=0.43..401.33 rows=105 width=121)
	  Index Cond: ((id >= 3147633) AND (id <= 3147732))

table 7 : explain SELECT c FROM sbtest7 WHERE id BETWEEN 8223902 AND 8224001
	Index Scan using sbtest7_pkey on sbtest7  (cost=0.43..404.40 rows=105 width=121)
	  Index Cond: ((id >= 8223902) AND (id <= 8224001))

table 8 : explain SELECT c FROM sbtest8 WHERE id BETWEEN 4989296 AND 4989395
	Index Scan using sbtest8_pkey on sbtest8  (cost=0.43..354.79 rows=92 width=121)
	  Index Cond: ((id >= 4989296) AND (id <= 4989395))

for point_selects
table 1 : explain SELECT c FROM sbtest1 WHERE id=1349128
	Index Scan using sbtest1_pkey on sbtest1  (cost=0.43..8.45 rows=1 width=121)
	  Index Cond: (id = 1349128)

table 2 : explain SELECT c FROM sbtest2 WHERE id=5686724
	Index Scan using sbtest2_pkey on sbtest2  (cost=0.43..8.45 rows=1 width=121)
	  Index Cond: (id = 5686724)

table 3 : explain SELECT c FROM sbtest3 WHERE id=9585670
	Index Scan using sbtest3_pkey on sbtest3  (cost=0.43..8.45 rows=1 width=121)
	  Index Cond: (id = 9585670)

table 4 : explain SELECT c FROM sbtest4 WHERE id=7750202
	Index Scan using sbtest4_pkey on sbtest4  (cost=0.43..8.45 rows=1 width=121)
	  Index Cond: (id = 7750202)

table 5 : explain SELECT c FROM sbtest5 WHERE id=1742812
	Index Scan using sbtest5_pkey on sbtest5  (cost=0.43..8.45 rows=1 width=121)
	  Index Cond: (id = 1742812)

table 6 : explain SELECT c FROM sbtest6 WHERE id=7379085
	Index Scan using sbtest6_pkey on sbtest6  (cost=0.43..8.45 rows=1 width=121)
	  Index Cond: (id = 7379085)

table 7 : explain SELECT c FROM sbtest7 WHERE id=5373777
	Index Scan using sbtest7_pkey on sbtest7  (cost=0.43..8.45 rows=1 width=121)
	  Index Cond: (id = 5373777)

table 8 : explain SELECT c FROM sbtest8 WHERE id=4361582
	Index Scan using sbtest8_pkey on sbtest8  (cost=0.43..8.45 rows=1 width=121)
	  Index Cond: (id = 4361582)

explain: for deletes :: explain DELETE FROM sbtest%u WHERE id=%u
for deletes
table 1 : explain DELETE FROM sbtest1 WHERE id=4959044
	Delete on sbtest1  (cost=0.43..8.45 rows=1 width=6)
	  ->  Index Scan using sbtest1_pkey on sbtest1  (cost=0.43..8.45 rows=1 width=6)
	        Index Cond: (id = 4959044)

table 2 : explain DELETE FROM sbtest2 WHERE id=8342453
	Delete on sbtest2  (cost=0.43..8.45 rows=1 width=6)
	  ->  Index Scan using sbtest2_pkey on sbtest2  (cost=0.43..8.45 rows=1 width=6)
	        Index Cond: (id = 8342453)

table 3 : explain DELETE FROM sbtest3 WHERE id=9626471
	Delete on sbtest3  (cost=0.43..8.45 rows=1 width=6)
	  ->  Index Scan using sbtest3_pkey on sbtest3  (cost=0.43..8.45 rows=1 width=6)
	        Index Cond: (id = 9626471)

table 4 : explain DELETE FROM sbtest4 WHERE id=9972541
	Delete on sbtest4  (cost=0.43..8.45 rows=1 width=6)
	  ->  Index Scan using sbtest4_pkey on sbtest4  (cost=0.43..8.45 rows=1 width=6)
	        Index Cond: (id = 9972541)

table 5 : explain DELETE FROM sbtest5 WHERE id=2042683
	Delete on sbtest5  (cost=0.43..8.45 rows=1 width=6)
	  ->  Index Scan using sbtest5_pkey on sbtest5  (cost=0.43..8.45 rows=1 width=6)
	        Index Cond: (id = 2042683)

table 6 : explain DELETE FROM sbtest6 WHERE id=9259518
	Delete on sbtest6  (cost=0.43..8.45 rows=1 width=6)
	  ->  Index Scan using sbtest6_pkey on sbtest6  (cost=0.43..8.45 rows=1 width=6)
	        Index Cond: (id = 9259518)

table 7 : explain DELETE FROM sbtest7 WHERE id=4718647
	Delete on sbtest7  (cost=0.43..8.45 rows=1 width=6)
	  ->  Index Scan using sbtest7_pkey on sbtest7  (cost=0.43..8.45 rows=1 width=6)
	        Index Cond: (id = 4718647)

table 8 : explain DELETE FROM sbtest8 WHERE id=9136675
	Delete on sbtest8  (cost=0.43..8.45 rows=1 width=6)
	  ->  Index Scan using sbtest8_pkey on sbtest8  (cost=0.43..8.45 rows=1 width=6)
	        Index Cond: (id = 9136675)

explain: for point_selects :: explain SELECT c FROM sbtest%u WHERE id=%u
for: distinct_ranges
table 1 : explain SELECT DISTINCT c FROM sbtest1 WHERE id BETWEEN 6682005 AND 6682104 ORDER BY c
	Unique  (cost=360.03..360.50 rows=93 width=121)
	  ->  Sort  (cost=360.03..360.27 rows=93 width=121)
	        Sort Key: c
	        ->  Index Scan using sbtest1_pkey on sbtest1  (cost=0.43..356.99 rows=93 width=121)
	              Index Cond: ((id >= 6682005) AND (id <= 6682104))

table 2 : explain SELECT DISTINCT c FROM sbtest2 WHERE id BETWEEN 2617447 AND 2617546 ORDER BY c
	Unique  (cost=367.98..368.45 rows=95 width=121)
	  ->  Sort  (cost=367.98..368.21 rows=95 width=121)
	        Sort Key: c
	        ->  Index Scan using sbtest2_pkey on sbtest2  (cost=0.43..364.86 rows=95 width=121)
	              Index Cond: ((id >= 2617447) AND (id <= 2617546))

table 3 : explain SELECT DISTINCT c FROM sbtest3 WHERE id BETWEEN 2080454 AND 2080553 ORDER BY c
	Unique  (cost=342.83..343.28 rows=89 width=121)
	  ->  Sort  (cost=342.83..343.06 rows=89 width=121)
	        Sort Key: c
	        ->  Index Scan using sbtest3_pkey on sbtest3  (cost=0.43..339.95 rows=89 width=121)
	              Index Cond: ((id >= 2080454) AND (id <= 2080553))

table 4 : explain SELECT DISTINCT c FROM sbtest4 WHERE id BETWEEN 5928873 AND 5928972 ORDER BY c
	Unique  (cost=384.25..384.75 rows=99 width=121)
	  ->  Sort  (cost=384.25..384.50 rows=99 width=121)
	        Sort Key: c
	        ->  Index Scan using sbtest4_pkey on sbtest4  (cost=0.43..380.97 rows=99 width=121)
	              Index Cond: ((id >= 5928873) AND (id <= 5928972))

table 5 : explain SELECT DISTINCT c FROM sbtest5 WHERE id BETWEEN 579199 AND 579298 ORDER BY c
	Unique  (cost=404.67..405.20 rows=105 width=121)
	  ->  Sort  (cost=404.67..404.93 rows=105 width=121)
	        Sort Key: c
	        ->  Index Scan using sbtest5_pkey on sbtest5  (cost=0.43..401.15 rows=105 width=121)
	              Index Cond: ((id >= 579199) AND (id <= 579298))

table 6 : explain SELECT DISTINCT c FROM sbtest6 WHERE id BETWEEN 7566410 AND 7566509 ORDER BY c
	Unique  (cost=381.95..382.45 rows=99 width=121)
	  ->  Sort  (cost=381.95..382.20 rows=99 width=121)
	        Sort Key: c
	        ->  Index Scan using sbtest6_pkey on sbtest6  (cost=0.43..378.67 rows=99 width=121)
	              Index Cond: ((id >= 7566410) AND (id <= 7566509))

table 7 : explain SELECT DISTINCT c FROM sbtest7 WHERE id BETWEEN 1138436 AND 1138535 ORDER BY c
	Unique  (cost=381.00..381.49 rows=98 width=121)
	  ->  Sort  (cost=381.00..381.25 rows=98 width=121)
	        Sort Key: c
	        ->  Index Scan using sbtest7_pkey on sbtest7  (cost=0.43..377.76 rows=98 width=121)
	              Index Cond: ((id >= 1138436) AND (id <= 1138535))

table 8 : explain SELECT DISTINCT c FROM sbtest8 WHERE id BETWEEN 4837812 AND 4837911 ORDER BY c
	Unique  (cost=423.22..423.76 rows=109 width=121)
	  ->  Sort  (cost=423.22..423.49 rows=109 width=121)
	        Sort Key: c
	        ->  Index Scan using sbtest8_pkey on sbtest8  (cost=0.43..419.53 rows=109 width=121)
	              Index Cond: ((id >= 4837812) AND (id <= 4837911))

for point_selects
table 1 : explain SELECT c FROM sbtest1 WHERE id=7015091
	Index Scan using sbtest1_pkey on sbtest1  (cost=0.43..8.45 rows=1 width=121)
	  Index Cond: (id = 7015091)

table 2 : explain SELECT c FROM sbtest2 WHERE id=172987
	Index Scan using sbtest2_pkey on sbtest2  (cost=0.43..8.45 rows=1 width=121)
	  Index Cond: (id = 172987)

table 3 : explain SELECT c FROM sbtest3 WHERE id=7550711
	Index Scan using sbtest3_pkey on sbtest3  (cost=0.43..8.45 rows=1 width=121)
	  Index Cond: (id = 7550711)

table 4 : explain SELECT c FROM sbtest4 WHERE id=295041
	Index Scan using sbtest4_pkey on sbtest4  (cost=0.43..8.45 rows=1 width=121)
	  Index Cond: (id = 295041)

table 5 : explain SELECT c FROM sbtest5 WHERE id=2334419
	Index Scan using sbtest5_pkey on sbtest5  (cost=0.43..8.45 rows=1 width=121)
	  Index Cond: (id = 2334419)

table 6 : explain SELECT c FROM sbtest6 WHERE id=603891
	Index Scan using sbtest6_pkey on sbtest6  (cost=0.43..8.45 rows=1 width=121)
	  Index Cond: (id = 603891)

table 7 : explain SELECT c FROM sbtest7 WHERE id=8894520
	Index Scan using sbtest7_pkey on sbtest7  (cost=0.43..8.45 rows=1 width=121)
	  Index Cond: (id = 8894520)

table 8 : explain SELECT c FROM sbtest8 WHERE id=6202228
	Index Scan using sbtest8_pkey on sbtest8  (cost=0.43..8.45 rows=1 width=121)
	  Index Cond: (id = 6202228)

for: sum_ranges
table 1 : explain SELECT SUM(k) FROM sbtest1 WHERE id BETWEEN 204666 AND 204765
	Aggregate  (cost=368.65..368.66 rows=1 width=8)
	  ->  Index Scan using sbtest1_pkey on sbtest1  (cost=0.43..368.41 rows=96 width=4)
	        Index Cond: ((id >= 204666) AND (id <= 204765))

table 2 : explain SELECT SUM(k) FROM sbtest2 WHERE id BETWEEN 7121410 AND 7121509
	Aggregate  (cost=387.91..387.92 rows=1 width=8)
	  ->  Index Scan using sbtest2_pkey on sbtest2  (cost=0.43..387.65 rows=101 width=4)
	        Index Cond: ((id >= 7121410) AND (id <= 7121509))

table 3 : explain SELECT SUM(k) FROM sbtest3 WHERE id BETWEEN 590655 AND 590754
	Aggregate  (cost=366.62..366.63 rows=1 width=8)
	  ->  Index Scan using sbtest3_pkey on sbtest3  (cost=0.43..366.38 rows=96 width=4)
	        Index Cond: ((id >= 590655) AND (id <= 590754))

table 4 : explain SELECT SUM(k) FROM sbtest4 WHERE id BETWEEN 8338372 AND 8338471
	Aggregate  (cost=411.64..411.65 rows=1 width=8)
	  ->  Index Scan using sbtest4_pkey on sbtest4  (cost=0.43..411.37 rows=107 width=4)
	        Index Cond: ((id >= 8338372) AND (id <= 8338471))

table 5 : explain SELECT SUM(k) FROM sbtest5 WHERE id BETWEEN 1228099 AND 1228198
	Aggregate  (cost=363.64..363.65 rows=1 width=8)
	  ->  Index Scan using sbtest5_pkey on sbtest5  (cost=0.43..363.40 rows=95 width=4)
	        Index Cond: ((id >= 1228099) AND (id <= 1228198))

table 6 : explain SELECT SUM(k) FROM sbtest6 WHERE id BETWEEN 6273300 AND 6273399
	Aggregate  (cost=348.63..348.64 rows=1 width=8)
	  ->  Index Scan using sbtest6_pkey on sbtest6  (cost=0.43..348.40 rows=91 width=4)
	        Index Cond: ((id >= 6273300) AND (id <= 6273399))

table 7 : explain SELECT SUM(k) FROM sbtest7 WHERE id BETWEEN 7147225 AND 7147324
	Aggregate  (cost=385.62..385.63 rows=1 width=8)
	  ->  Index Scan using sbtest7_pkey on sbtest7  (cost=0.43..385.37 rows=100 width=4)
	        Index Cond: ((id >= 7147225) AND (id <= 7147324))

table 8 : explain SELECT SUM(k) FROM sbtest8 WHERE id BETWEEN 7964983 AND 7965082
	Aggregate  (cost=358.83..358.84 rows=1 width=8)
	  ->  Index Scan using sbtest8_pkey on sbtest8  (cost=0.43..358.60 rows=93 width=4)
	        Index Cond: ((id >= 7964983) AND (id <= 7965082))

explain: for inserts :: explain INSERT INTO sbtest%u (id, k, c, pad) VALUES (%u, 13, 'foobar', 'foobar')
for: order_ranges
table 1 : explain SELECT c FROM sbtest1 WHERE id BETWEEN 5646698 AND 5646797 ORDER BY c
	Sort  (cost=417.51..417.78 rows=108 width=121)
	  Sort Key: c
	  ->  Index Scan using sbtest1_pkey on sbtest1  (cost=0.43..413.86 rows=108 width=121)
	        Index Cond: ((id >= 5646698) AND (id <= 5646797))

table 2 : explain SELECT c FROM sbtest2 WHERE id BETWEEN 3874436 AND 3874535 ORDER BY c
	Sort  (cost=444.65..444.94 rows=115 width=121)
	  Sort Key: c
	  ->  Index Scan using sbtest2_pkey on sbtest2  (cost=0.43..440.72 rows=115 width=121)
	        Index Cond: ((id >= 3874436) AND (id <= 3874535))

table 3 : explain SELECT c FROM sbtest3 WHERE id BETWEEN 8878423 AND 8878522 ORDER BY c
	Sort  (cost=396.18..396.44 rows=103 width=121)
	  Sort Key: c
	  ->  Index Scan using sbtest3_pkey on sbtest3  (cost=0.43..392.73 rows=103 width=121)
	        Index Cond: ((id >= 8878423) AND (id <= 8878522))

table 4 : explain SELECT c FROM sbtest4 WHERE id BETWEEN 6122565 AND 6122664 ORDER BY c
	Sort  (cost=418.82..419.09 rows=108 width=121)
	  Sort Key: c
	  ->  Index Scan using sbtest4_pkey on sbtest4  (cost=0.43..415.17 rows=108 width=121)
	        Index Cond: ((id >= 6122565) AND (id <= 6122664))

table 5 : explain SELECT c FROM sbtest5 WHERE id BETWEEN 2934409 AND 2934508 ORDER BY c
	Sort  (cost=408.49..408.75 rows=106 width=121)
	  Sort Key: c
	  ->  Index Scan using sbtest5_pkey on sbtest5  (cost=0.43..404.92 rows=106 width=121)
	        Index Cond: ((id >= 2934409) AND (id <= 2934508))

table 6 : explain SELECT c FROM sbtest6 WHERE id BETWEEN 1376843 AND 1376942 ORDER BY c
	Sort  (cost=381.95..382.20 rows=99 width=121)
	  Sort Key: c
	  ->  Index Scan using sbtest6_pkey on sbtest6  (cost=0.43..378.67 rows=99 width=121)
	        Index Cond: ((id >= 1376843) AND (id <= 1376942))

table 7 : explain SELECT c FROM sbtest7 WHERE id BETWEEN 3718735 AND 3718834 ORDER BY c
	Sort  (cost=361.77..362.01 rows=93 width=121)
	  Sort Key: c
	  ->  Index Scan using sbtest7_pkey on sbtest7  (cost=0.43..358.73 rows=93 width=121)
	        Index Cond: ((id >= 3718735) AND (id <= 3718834))

table 8 : explain SELECT c FROM sbtest8 WHERE id BETWEEN 7869485 AND 7869584 ORDER BY c
	Sort  (cost=403.99..404.25 rows=104 width=121)
	  Sort Key: c
	  ->  Index Scan using sbtest8_pkey on sbtest8  (cost=0.43..400.50 rows=104 width=121)
	        Index Cond: ((id >= 7869485) AND (id <= 7869584))

for: simple_ranges
table 1 : explain SELECT c FROM sbtest1 WHERE id BETWEEN 5825973 AND 5826072
	Index Scan using sbtest1_pkey on sbtest1  (cost=0.43..383.56 rows=100 width=121)
	  Index Cond: ((id >= 5825973) AND (id <= 5826072))

table 2 : explain SELECT c FROM sbtest2 WHERE id BETWEEN 6613131 AND 6613230
	Index Scan using sbtest2_pkey on sbtest2  (cost=0.43..364.86 rows=95 width=121)
	  Index Cond: ((id >= 6613131) AND (id <= 6613230))

table 3 : explain SELECT c FROM sbtest3 WHERE id BETWEEN 7930340 AND 7930439
	Index Scan using sbtest3_pkey on sbtest3  (cost=0.43..392.73 rows=103 width=121)
	  Index Cond: ((id >= 7930340) AND (id <= 7930439))

table 4 : explain SELECT c FROM sbtest4 WHERE id BETWEEN 842812 AND 842911
	Index Scan using sbtest4_pkey on sbtest4  (cost=0.43..369.57 rows=96 width=121)
	  Index Cond: ((id >= 842812) AND (id <= 842911))

table 5 : explain SELECT c FROM sbtest5 WHERE id BETWEEN 584140 AND 584239
	Index Scan using sbtest5_pkey on sbtest5  (cost=0.43..401.15 rows=105 width=121)
	  Index Cond: ((id >= 584140) AND (id <= 584239))

table 6 : explain SELECT c FROM sbtest6 WHERE id BETWEEN 4064642 AND 4064741
	Index Scan using sbtest6_pkey on sbtest6  (cost=0.43..363.57 rows=95 width=121)
	  Index Cond: ((id >= 4064642) AND (id <= 4064741))

table 7 : explain SELECT c FROM sbtest7 WHERE id BETWEEN 6090392 AND 6090491
	Index Scan using sbtest7_pkey on sbtest7  (cost=0.43..415.82 rows=108 width=121)
	  Index Cond: ((id >= 6090392) AND (id <= 6090491))

table 8 : explain SELECT c FROM sbtest8 WHERE id BETWEEN 1424338 AND 1424437
	Index Scan using sbtest8_pkey on sbtest8  (cost=0.43..370.07 rows=96 width=121)
	  Index Cond: ((id >= 1424338) AND (id <= 1424437))

for deletes
table 1 : explain DELETE FROM sbtest1 WHERE id=8059737
	Delete on sbtest1  (cost=0.43..8.45 rows=1 width=6)
	  ->  Index Scan using sbtest1_pkey on sbtest1  (cost=0.43..8.45 rows=1 width=6)
	        Index Cond: (id = 8059737)

table 2 : explain DELETE FROM sbtest2 WHERE id=2810960
	Delete on sbtest2  (cost=0.43..8.45 rows=1 width=6)
	  ->  Index Scan using sbtest2_pkey on sbtest2  (cost=0.43..8.45 rows=1 width=6)
	        Index Cond: (id = 2810960)

table 3 : explain DELETE FROM sbtest3 WHERE id=7928014
	Delete on sbtest3  (cost=0.43..8.45 rows=1 width=6)
	  ->  Index Scan using sbtest3_pkey on sbtest3  (cost=0.43..8.45 rows=1 width=6)
	        Index Cond: (id = 7928014)

table 4 : explain DELETE FROM sbtest4 WHERE id=591668
	Delete on sbtest4  (cost=0.43..8.45 rows=1 width=6)
	  ->  Index Scan using sbtest4_pkey on sbtest4  (cost=0.43..8.45 rows=1 width=6)
	        Index Cond: (id = 591668)

table 5 : explain DELETE FROM sbtest5 WHERE id=9326952
	Delete on sbtest5  (cost=0.43..8.45 rows=1 width=6)
	  ->  Index Scan using sbtest5_pkey on sbtest5  (cost=0.43..8.45 rows=1 width=6)
	        Index Cond: (id = 9326952)

table 6 : explain DELETE FROM sbtest6 WHERE id=1972065
	Delete on sbtest6  (cost=0.43..8.45 rows=1 width=6)
	  ->  Index Scan using sbtest6_pkey on sbtest6  (cost=0.43..8.45 rows=1 width=6)
	        Index Cond: (id = 1972065)

table 7 : explain DELETE FROM sbtest7 WHERE id=7753157
	Delete on sbtest7  (cost=0.43..8.45 rows=1 width=6)
	  ->  Index Scan using sbtest7_pkey on sbtest7  (cost=0.43..8.45 rows=1 width=6)
	        Index Cond: (id = 7753157)

table 8 : explain DELETE FROM sbtest8 WHERE id=198952
	Delete on sbtest8  (cost=0.43..8.45 rows=1 width=6)
	  ->  Index Scan using sbtest8_pkey on sbtest8  (cost=0.43..8.45 rows=1 width=6)
	        Index Cond: (id = 198952)

explain: for index_updates :: explain UPDATE sbtest%u SET k=k+1 WHERE id=%u
for point_selects
table 1 : explain SELECT c FROM sbtest1 WHERE id=4437372
	Index Scan using sbtest1_pkey on sbtest1  (cost=0.43..8.45 rows=1 width=121)
	  Index Cond: (id = 4437372)

table 2 : explain SELECT c FROM sbtest2 WHERE id=6750829
	Index Scan using sbtest2_pkey on sbtest2  (cost=0.43..8.45 rows=1 width=121)
	  Index Cond: (id = 6750829)

table 3 : explain SELECT c FROM sbtest3 WHERE id=9911573
	Index Scan using sbtest3_pkey on sbtest3  (cost=0.43..8.45 rows=1 width=121)
	  Index Cond: (id = 9911573)

table 4 : explain SELECT c FROM sbtest4 WHERE id=7805118
	Index Scan using sbtest4_pkey on sbtest4  (cost=0.43..8.45 rows=1 width=121)
	  Index Cond: (id = 7805118)

table 5 : explain SELECT c FROM sbtest5 WHERE id=212124
	Index Scan using sbtest5_pkey on sbtest5  (cost=0.43..8.45 rows=1 width=121)
	  Index Cond: (id = 212124)

table 6 : explain SELECT c FROM sbtest6 WHERE id=1159602
	Index Scan using sbtest6_pkey on sbtest6  (cost=0.43..8.45 rows=1 width=121)
	  Index Cond: (id = 1159602)

table 7 : explain SELECT c FROM sbtest7 WHERE id=8994455
	Index Scan using sbtest7_pkey on sbtest7  (cost=0.43..8.45 rows=1 width=121)
	  Index Cond: (id = 8994455)

table 8 : explain SELECT c FROM sbtest8 WHERE id=1095987
	Index Scan using sbtest8_pkey on sbtest8  (cost=0.43..8.45 rows=1 width=121)
	  Index Cond: (id = 1095987)

for: simple_ranges
table 1 : explain SELECT c FROM sbtest1 WHERE id BETWEEN 2495151 AND 2495250
	Index Scan using sbtest1_pkey on sbtest1  (cost=0.43..345.63 rows=90 width=121)
	  Index Cond: ((id >= 2495151) AND (id <= 2495250))

table 2 : explain SELECT c FROM sbtest2 WHERE id BETWEEN 3352742 AND 3352841
	Index Scan using sbtest2_pkey on sbtest2  (cost=0.43..372.44 rows=97 width=121)
	  Index Cond: ((id >= 3352742) AND (id <= 3352841))

table 3 : explain SELECT c FROM sbtest3 WHERE id BETWEEN 4940640 AND 4940739
	Index Scan using sbtest3_pkey on sbtest3  (cost=0.43..396.50 rows=104 width=121)
	  Index Cond: ((id >= 4940640) AND (id <= 4940739))

table 4 : explain SELECT c FROM sbtest4 WHERE id BETWEEN 3985627 AND 3985726
	Index Scan using sbtest4_pkey on sbtest4  (cost=0.43..403.77 rows=105 width=121)
	  Index Cond: ((id >= 3985627) AND (id <= 3985726))

table 5 : explain SELECT c FROM sbtest5 WHERE id BETWEEN 7166435 AND 7166534
	Index Scan using sbtest5_pkey on sbtest5  (cost=0.43..382.28 rows=100 width=121)
	  Index Cond: ((id >= 7166435) AND (id <= 7166534))

table 6 : explain SELECT c FROM sbtest6 WHERE id BETWEEN 1273441 AND 1273540
	Index Scan using sbtest6_pkey on sbtest6  (cost=0.43..386.22 rows=101 width=121)
	  Index Cond: ((id >= 1273441) AND (id <= 1273540))

table 7 : explain SELECT c FROM sbtest7 WHERE id BETWEEN 9959197 AND 9959296
	Index Scan using sbtest7_pkey on sbtest7  (cost=0.43..347.26 rows=90 width=121)
	  Index Cond: ((id >= 9959197) AND (id <= 9959296))

table 8 : explain SELECT c FROM sbtest8 WHERE id BETWEEN 36357 AND 36456
	Index Scan using sbtest8_pkey on sbtest8  (cost=0.43..370.07 rows=96 width=121)
	  Index Cond: ((id >= 36357) AND (id <= 36456))

for inserts
table 1 : explain INSERT INTO sbtest1 (id, k, c, pad) VALUES (2926222, 13, 'foobar', 'foobar')
	Insert on sbtest1  (cost=0.00..0.01 rows=1 width=736)
	  ->  Result  (cost=0.00..0.01 rows=1 width=736)

table 2 : explain INSERT INTO sbtest2 (id, k, c, pad) VALUES (9710362, 13, 'foobar', 'foobar')
	Insert on sbtest2  (cost=0.00..0.01 rows=1 width=736)
	  ->  Result  (cost=0.00..0.01 rows=1 width=736)

table 3 : explain INSERT INTO sbtest3 (id, k, c, pad) VALUES (4197238, 13, 'foobar', 'foobar')
	Insert on sbtest3  (cost=0.00..0.01 rows=1 width=736)
	  ->  Result  (cost=0.00..0.01 rows=1 width=736)

table 4 : explain INSERT INTO sbtest4 (id, k, c, pad) VALUES (7616010, 13, 'foobar', 'foobar')
	Insert on sbtest4  (cost=0.00..0.01 rows=1 width=736)
	  ->  Result  (cost=0.00..0.01 rows=1 width=736)

table 5 : explain INSERT INTO sbtest5 (id, k, c, pad) VALUES (7955324, 13, 'foobar', 'foobar')
	Insert on sbtest5  (cost=0.00..0.01 rows=1 width=736)
	  ->  Result  (cost=0.00..0.01 rows=1 width=736)

table 6 : explain INSERT INTO sbtest6 (id, k, c, pad) VALUES (9100849, 13, 'foobar', 'foobar')
	Insert on sbtest6  (cost=0.00..0.01 rows=1 width=736)
	  ->  Result  (cost=0.00..0.01 rows=1 width=736)

table 7 : explain INSERT INTO sbtest7 (id, k, c, pad) VALUES (2432811, 13, 'foobar', 'foobar')
	Insert on sbtest7  (cost=0.00..0.01 rows=1 width=736)
	  ->  Result  (cost=0.00..0.01 rows=1 width=736)

table 8 : explain INSERT INTO sbtest8 (id, k, c, pad) VALUES (5770942, 13, 'foobar', 'foobar')
	Insert on sbtest8  (cost=0.00..0.01 rows=1 width=736)
	  ->  Result  (cost=0.00..0.01 rows=1 width=736)

for: sum_ranges
table 1 : explain SELECT SUM(k) FROM sbtest1 WHERE id BETWEEN 5576362 AND 5576461
	Aggregate  (cost=361.02..361.03 rows=1 width=8)
	  ->  Index Scan using sbtest1_pkey on sbtest1  (cost=0.43..360.78 rows=94 width=4)
	        Index Cond: ((id >= 5576362) AND (id <= 5576461))

table 2 : explain SELECT SUM(k) FROM sbtest2 WHERE id BETWEEN 955839 AND 955938
	Aggregate  (cost=372.68..372.69 rows=1 width=8)
	  ->  Index Scan using sbtest2_pkey on sbtest2  (cost=0.43..372.44 rows=97 width=4)
	        Index Cond: ((id >= 955839) AND (id <= 955938))

table 3 : explain SELECT SUM(k) FROM sbtest3 WHERE id BETWEEN 1841697 AND 1841796
	Aggregate  (cost=374.15..374.16 rows=1 width=8)
	  ->  Index Scan using sbtest3_pkey on sbtest3  (cost=0.43..373.91 rows=98 width=4)
	        Index Cond: ((id >= 1841697) AND (id <= 1841796))

table 4 : explain SELECT SUM(k) FROM sbtest4 WHERE id BETWEEN 8794034 AND 8794133
	Aggregate  (cost=385.02..385.03 rows=1 width=8)
	  ->  Index Scan using sbtest4_pkey on sbtest4  (cost=0.43..384.77 rows=100 width=4)
	        Index Cond: ((id >= 8794034) AND (id <= 8794133))

table 5 : explain SELECT SUM(k) FROM sbtest5 WHERE id BETWEEN 4118048 AND 4118147
	Aggregate  (cost=386.30..386.31 rows=1 width=8)
	  ->  Index Scan using sbtest5_pkey on sbtest5  (cost=0.43..386.05 rows=101 width=4)
	        Index Cond: ((id >= 4118048) AND (id <= 4118147))

table 6 : explain SELECT SUM(k) FROM sbtest6 WHERE id BETWEEN 4655418 AND 4655517
	Aggregate  (cost=359.97..359.98 rows=1 width=8)
	  ->  Index Scan using sbtest6_pkey on sbtest6  (cost=0.43..359.73 rows=94 width=4)
	        Index Cond: ((id >= 4655418) AND (id <= 4655517))

table 7 : explain SELECT SUM(k) FROM sbtest7 WHERE id BETWEEN 6158436 AND 6158535
	Aggregate  (cost=404.66..404.67 rows=1 width=8)
	  ->  Index Scan using sbtest7_pkey on sbtest7  (cost=0.43..404.40 rows=105 width=4)
	        Index Cond: ((id >= 6158436) AND (id <= 6158535))

table 8 : explain SELECT SUM(k) FROM sbtest8 WHERE id BETWEEN 2146491 AND 2146590
	Aggregate  (cost=412.19..412.20 rows=1 width=8)
	  ->  Index Scan using sbtest8_pkey on sbtest8  (cost=0.43..411.92 rows=107 width=4)
	        Index Cond: ((id >= 2146491) AND (id <= 2146590))

for: simple_ranges
table 1 : explain SELECT c FROM sbtest1 WHERE id BETWEEN 9161108 AND 9161207
	Index Scan using sbtest1_pkey on sbtest1  (cost=0.43..360.84 rows=94 width=121)
	  Index Cond: ((id >= 9161108) AND (id <= 9161207))

table 2 : explain SELECT c FROM sbtest2 WHERE id BETWEEN 267409 AND 267508
	Index Scan using sbtest2_pkey on sbtest2  (cost=0.43..368.65 rows=96 width=121)
	  Index Cond: ((id >= 267409) AND (id <= 267508))

table 3 : explain SELECT c FROM sbtest3 WHERE id BETWEEN 5280832 AND 5280931
	Index Scan using sbtest3_pkey on sbtest3  (cost=0.43..388.97 rows=102 width=121)
	  Index Cond: ((id >= 5280832) AND (id <= 5280931))

table 4 : explain SELECT c FROM sbtest4 WHERE id BETWEEN 3822380 AND 3822479
	Index Scan using sbtest4_pkey on sbtest4  (cost=0.43..399.97 rows=104 width=121)
	  Index Cond: ((id >= 3822380) AND (id <= 3822479))

table 5 : explain SELECT c FROM sbtest5 WHERE id BETWEEN 5482728 AND 5482827
	Index Scan using sbtest5_pkey on sbtest5  (cost=0.43..408.69 rows=107 width=121)
	  Index Cond: ((id >= 5482728) AND (id <= 5482827))

table 6 : explain SELECT c FROM sbtest6 WHERE id BETWEEN 1562942 AND 1563041
	Index Scan using sbtest6_pkey on sbtest6  (cost=0.43..371.12 rows=97 width=121)
	  Index Cond: ((id >= 1562942) AND (id <= 1563041))

table 7 : explain SELECT c FROM sbtest7 WHERE id BETWEEN 1739730 AND 1739829
	Index Scan using sbtest7_pkey on sbtest7  (cost=0.43..385.37 rows=100 width=121)
	  Index Cond: ((id >= 1739730) AND (id <= 1739829))

table 8 : explain SELECT c FROM sbtest8 WHERE id BETWEEN 5872564 AND 5872663
	Index Scan using sbtest8_pkey on sbtest8  (cost=0.43..404.31 rows=105 width=121)
	  Index Cond: ((id >= 5872564) AND (id <= 5872663))

explain: for point_selects :: explain SELECT c FROM sbtest%u WHERE id=%u
explain: for point_selects :: explain SELECT c FROM sbtest%u WHERE id=%u
explain: for inserts :: explain INSERT INTO sbtest%u (id, k, c, pad) VALUES (%u, 13, 'foobar', 'foobar')
for index_updates
table 1 : explain UPDATE sbtest1 SET k=k+1 WHERE id=9854304
	Update on sbtest1  (cost=0.43..8.46 rows=1 width=196)
	  ->  Index Scan using sbtest1_pkey on sbtest1  (cost=0.43..8.46 rows=1 width=196)
	        Index Cond: (id = 9854304)

table 2 : explain UPDATE sbtest2 SET k=k+1 WHERE id=6103512
	Update on sbtest2  (cost=0.43..8.46 rows=1 width=196)
	  ->  Index Scan using sbtest2_pkey on sbtest2  (cost=0.43..8.46 rows=1 width=196)
	        Index Cond: (id = 6103512)

table 3 : explain UPDATE sbtest3 SET k=k+1 WHERE id=7949329
	Update on sbtest3  (cost=0.43..8.46 rows=1 width=196)
	  ->  Index Scan using sbtest3_pkey on sbtest3  (cost=0.43..8.46 rows=1 width=196)
	        Index Cond: (id = 7949329)

table 4 : explain UPDATE sbtest4 SET k=k+1 WHERE id=9455880
	Update on sbtest4  (cost=0.43..8.46 rows=1 width=196)
	  ->  Index Scan using sbtest4_pkey on sbtest4  (cost=0.43..8.46 rows=1 width=196)
	        Index Cond: (id = 9455880)

table 5 : explain UPDATE sbtest5 SET k=k+1 WHERE id=6241456
	Update on sbtest5  (cost=0.43..8.46 rows=1 width=196)
	  ->  Index Scan using sbtest5_pkey on sbtest5  (cost=0.43..8.46 rows=1 width=196)
	        Index Cond: (id = 6241456)

table 6 : explain UPDATE sbtest6 SET k=k+1 WHERE id=8785181
	Update on sbtest6  (cost=0.43..8.46 rows=1 width=196)
	  ->  Index Scan using sbtest6_pkey on sbtest6  (cost=0.43..8.46 rows=1 width=196)
	        Index Cond: (id = 8785181)

table 7 : explain UPDATE sbtest7 SET k=k+1 WHERE id=8715880
	Update on sbtest7  (cost=0.43..8.46 rows=1 width=196)
	  ->  Index Scan using sbtest7_pkey on sbtest7  (cost=0.43..8.46 rows=1 width=196)
	        Index Cond: (id = 8715880)

table 8 : explain UPDATE sbtest8 SET k=k+1 WHERE id=4538043
	Update on sbtest8  (cost=0.43..8.46 rows=1 width=196)
	  ->  Index Scan using sbtest8_pkey on sbtest8  (cost=0.43..8.46 rows=1 width=196)
	        Index Cond: (id = 4538043)

for point_selects
table 1 : explain SELECT c FROM sbtest1 WHERE id=8777574
	Index Scan using sbtest1_pkey on sbtest1  (cost=0.43..8.45 rows=1 width=121)
	  Index Cond: (id = 8777574)

table 2 : explain SELECT c FROM sbtest2 WHERE id=8365939
	Index Scan using sbtest2_pkey on sbtest2  (cost=0.43..8.45 rows=1 width=121)
	  Index Cond: (id = 8365939)

table 3 : explain SELECT c FROM sbtest3 WHERE id=2736280
	Index Scan using sbtest3_pkey on sbtest3  (cost=0.43..8.45 rows=1 width=121)
	  Index Cond: (id = 2736280)

table 4 : explain SELECT c FROM sbtest4 WHERE id=1495360
	Index Scan using sbtest4_pkey on sbtest4  (cost=0.43..8.45 rows=1 width=121)
	  Index Cond: (id = 1495360)

table 5 : explain SELECT c FROM sbtest5 WHERE id=4610539
	Index Scan using sbtest5_pkey on sbtest5  (cost=0.43..8.45 rows=1 width=121)
	  Index Cond: (id = 4610539)

table 6 : explain SELECT c FROM sbtest6 WHERE id=2413320
	Index Scan using sbtest6_pkey on sbtest6  (cost=0.43..8.45 rows=1 width=121)
	  Index Cond: (id = 2413320)

table 7 : explain SELECT c FROM sbtest7 WHERE id=7345272
	Index Scan using sbtest7_pkey on sbtest7  (cost=0.43..8.45 rows=1 width=121)
	  Index Cond: (id = 7345272)

table 8 : explain SELECT c FROM sbtest8 WHERE id=2999019
	Index Scan using sbtest8_pkey on sbtest8  (cost=0.43..8.45 rows=1 width=121)
	  Index Cond: (id = 2999019)

for point_selects
table 1 : explain SELECT c FROM sbtest1 WHERE id=2277406
	Index Scan using sbtest1_pkey on sbtest1  (cost=0.43..8.45 rows=1 width=121)
	  Index Cond: (id = 2277406)

table 2 : explain SELECT c FROM sbtest2 WHERE id=9331201
	Index Scan using sbtest2_pkey on sbtest2  (cost=0.43..8.45 rows=1 width=121)
	  Index Cond: (id = 9331201)

table 3 : explain SELECT c FROM sbtest3 WHERE id=1836521
	Index Scan using sbtest3_pkey on sbtest3  (cost=0.43..8.45 rows=1 width=121)
	  Index Cond: (id = 1836521)

table 4 : explain SELECT c FROM sbtest4 WHERE id=8413259
	Index Scan using sbtest4_pkey on sbtest4  (cost=0.43..8.45 rows=1 width=121)
	  Index Cond: (id = 8413259)

table 5 : explain SELECT c FROM sbtest5 WHERE id=392960
	Index Scan using sbtest5_pkey on sbtest5  (cost=0.43..8.45 rows=1 width=121)
	  Index Cond: (id = 392960)

table 6 : explain SELECT c FROM sbtest6 WHERE id=1205960
	Index Scan using sbtest6_pkey on sbtest6  (cost=0.43..8.45 rows=1 width=121)
	  Index Cond: (id = 1205960)

table 7 : explain SELECT c FROM sbtest7 WHERE id=3820305
	Index Scan using sbtest7_pkey on sbtest7  (cost=0.43..8.45 rows=1 width=121)
	  Index Cond: (id = 3820305)

table 8 : explain SELECT c FROM sbtest8 WHERE id=8456658
	Index Scan using sbtest8_pkey on sbtest8  (cost=0.43..8.45 rows=1 width=121)
	  Index Cond: (id = 8456658)

explain: for non_index_updates :: explain UPDATE sbtest%u SET c='foobar' WHERE id=%u
for: sum_ranges
table 1 : explain SELECT SUM(k) FROM sbtest1 WHERE id BETWEEN 9493655 AND 9493754
	Aggregate  (cost=387.60..387.61 rows=1 width=8)
	  ->  Index Scan using sbtest1_pkey on sbtest1  (cost=0.43..387.35 rows=101 width=4)
	        Index Cond: ((id >= 9493655) AND (id <= 9493754))

table 2 : explain SELECT SUM(k) FROM sbtest2 WHERE id BETWEEN 7071056 AND 7071155
	Aggregate  (cost=391.70..391.71 rows=1 width=8)
	  ->  Index Scan using sbtest2_pkey on sbtest2  (cost=0.43..391.44 rows=102 width=4)
	        Index Cond: ((id >= 7071056) AND (id <= 7071155))

table 3 : explain SELECT SUM(k) FROM sbtest3 WHERE id BETWEEN 7289653 AND 7289752
	Aggregate  (cost=381.69..381.70 rows=1 width=8)
	  ->  Index Scan using sbtest3_pkey on sbtest3  (cost=0.43..381.44 rows=100 width=4)
	        Index Cond: ((id >= 7289653) AND (id <= 7289752))

table 4 : explain SELECT SUM(k) FROM sbtest4 WHERE id BETWEEN 3045552 AND 3045651
	Aggregate  (cost=415.44..415.45 rows=1 width=8)
	  ->  Index Scan using sbtest4_pkey on sbtest4  (cost=0.43..415.17 rows=108 width=4)
	        Index Cond: ((id >= 3045552) AND (id <= 3045651))

table 5 : explain SELECT SUM(k) FROM sbtest5 WHERE id BETWEEN 5398828 AND 5398927
	Aggregate  (cost=374.97..374.98 rows=1 width=8)
	  ->  Index Scan using sbtest5_pkey on sbtest5  (cost=0.43..374.73 rows=98 width=4)
	        Index Cond: ((id >= 5398828) AND (id <= 5398927))

table 6 : explain SELECT SUM(k) FROM sbtest6 WHERE id BETWEEN 7363146 AND 7363245
	Aggregate  (cost=397.81..397.82 rows=1 width=8)
	  ->  Index Scan using sbtest6_pkey on sbtest6  (cost=0.43..397.55 rows=104 width=4)
	        Index Cond: ((id >= 7363146) AND (id <= 7363245))

table 7 : explain SELECT SUM(k) FROM sbtest7 WHERE id BETWEEN 7537247 AND 7537346
	Aggregate  (cost=397.05..397.06 rows=1 width=8)
	  ->  Index Scan using sbtest7_pkey on sbtest7  (cost=0.43..396.79 rows=103 width=4)
	        Index Cond: ((id >= 7537247) AND (id <= 7537346))

table 8 : explain SELECT SUM(k) FROM sbtest8 WHERE id BETWEEN 5225222 AND 5225321
	Aggregate  (cost=366.45..366.46 rows=1 width=8)
	  ->  Index Scan using sbtest8_pkey on sbtest8  (cost=0.43..366.21 rows=95 width=4)
	        Index Cond: ((id >= 5225222) AND (id <= 5225321))

for: sum_ranges
table 1 : explain SELECT SUM(k) FROM sbtest1 WHERE id BETWEEN 9922448 AND 9922547
	Aggregate  (cost=406.55..406.56 rows=1 width=8)
	  ->  Index Scan using sbtest1_pkey on sbtest1  (cost=0.43..406.29 rows=106 width=4)
	        Index Cond: ((id >= 9922448) AND (id <= 9922547))

table 2 : explain SELECT SUM(k) FROM sbtest2 WHERE id BETWEEN 5658077 AND 5658176
	Aggregate  (cost=365.09..365.10 rows=1 width=8)
	  ->  Index Scan using sbtest2_pkey on sbtest2  (cost=0.43..364.86 rows=95 width=4)
	        Index Cond: ((id >= 5658077) AND (id <= 5658176))

table 3 : explain SELECT SUM(k) FROM sbtest3 WHERE id BETWEEN 4321303 AND 4321402
	Aggregate  (cost=408.06..408.07 rows=1 width=8)
	  ->  Index Scan using sbtest3_pkey on sbtest3  (cost=0.43..407.80 rows=107 width=4)
	        Index Cond: ((id >= 4321303) AND (id <= 4321402))

table 4 : explain SELECT SUM(k) FROM sbtest4 WHERE id BETWEEN 2197810 AND 2197909
	Aggregate  (cost=396.43..396.44 rows=1 width=8)
	  ->  Index Scan using sbtest4_pkey on sbtest4  (cost=0.43..396.17 rows=103 width=4)
	        Index Cond: ((id >= 2197810) AND (id <= 2197909))

table 5 : explain SELECT SUM(k) FROM sbtest5 WHERE id BETWEEN 9516576 AND 9516675
	Aggregate  (cost=382.53..382.54 rows=1 width=8)
	  ->  Index Scan using sbtest5_pkey on sbtest5  (cost=0.43..382.28 rows=100 width=4)
	        Index Cond: ((id >= 9516576) AND (id <= 9516675))

table 6 : explain SELECT SUM(k) FROM sbtest6 WHERE id BETWEEN 905677 AND 905776
	Aggregate  (cost=401.59..401.60 rows=1 width=8)
	  ->  Index Scan using sbtest6_pkey on sbtest6  (cost=0.43..401.33 rows=105 width=4)
	        Index Cond: ((id >= 905677) AND (id <= 905776))

table 7 : explain SELECT SUM(k) FROM sbtest7 WHERE id BETWEEN 5476076 AND 5476175
	Aggregate  (cost=400.86..400.87 rows=1 width=8)
	  ->  Index Scan using sbtest7_pkey on sbtest7  (cost=0.43..400.60 rows=104 width=4)
	        Index Cond: ((id >= 5476076) AND (id <= 5476175))

table 8 : explain SELECT SUM(k) FROM sbtest8 WHERE id BETWEEN 5723176 AND 5723275
	Aggregate  (cost=385.54..385.55 rows=1 width=8)
	  ->  Index Scan using sbtest8_pkey on sbtest8  (cost=0.43..385.29 rows=100 width=4)
	        Index Cond: ((id >= 5723176) AND (id <= 5723275))

for: order_ranges
table 1 : explain SELECT c FROM sbtest1 WHERE id BETWEEN 4857069 AND 4857168 ORDER BY c
	Sort  (cost=375.40..375.64 rows=97 width=121)
	  Sort Key: c
	  ->  Index Scan using sbtest1_pkey on sbtest1  (cost=0.43..372.20 rows=97 width=121)
	        Index Cond: ((id >= 4857069) AND (id <= 4857168))

table 2 : explain SELECT c FROM sbtest2 WHERE id BETWEEN 2423094 AND 2423193 ORDER BY c
	Sort  (cost=367.98..368.21 rows=95 width=121)
	  Sort Key: c
	  ->  Index Scan using sbtest2_pkey on sbtest2  (cost=0.43..364.86 rows=95 width=121)
	        Index Cond: ((id >= 2423094) AND (id <= 2423193))

table 3 : explain SELECT c FROM sbtest3 WHERE id BETWEEN 6673889 AND 6673988 ORDER BY c
	Sort  (cost=373.34..373.58 rows=97 width=121)
	  Sort Key: c
	  ->  Index Scan using sbtest3_pkey on sbtest3  (cost=0.43..370.14 rows=97 width=121)
	        Index Cond: ((id >= 6673889) AND (id <= 6673988))

table 4 : explain SELECT c FROM sbtest4 WHERE id BETWEEN 8051042 AND 8051141 ORDER BY c
	Sort  (cost=414.98..415.24 rows=107 width=121)
	  Sort Key: c
	  ->  Index Scan using sbtest4_pkey on sbtest4  (cost=0.43..411.37 rows=107 width=121)
	        Index Cond: ((id >= 8051042) AND (id <= 8051141))

table 5 : explain SELECT c FROM sbtest5 WHERE id BETWEEN 6835085 AND 6835184 ORDER BY c
	Sort  (cost=358.90..359.13 rows=93 width=121)
	  Sort Key: c
	  ->  Index Scan using sbtest5_pkey on sbtest5  (cost=0.43..355.86 rows=93 width=121)
	        Index Cond: ((id >= 6835085) AND (id <= 6835184))

table 6 : explain SELECT c FROM sbtest6 WHERE id BETWEEN 6896263 AND 6896362 ORDER BY c
	Sort  (cost=378.14..378.38 rows=98 width=121)
	  Sort Key: c
	  ->  Index Scan using sbtest6_pkey on sbtest6  (cost=0.43..374.90 rows=98 width=121)
	        Index Cond: ((id >= 6896263) AND (id <= 6896362))

table 7 : explain SELECT c FROM sbtest7 WHERE id BETWEEN 1123937 AND 1124036 ORDER BY c
	Sort  (cost=381.00..381.25 rows=98 width=121)
	  Sort Key: c
	  ->  Index Scan using sbtest7_pkey on sbtest7  (cost=0.43..377.76 rows=98 width=121)
	        Index Cond: ((id >= 1123937) AND (id <= 1124036))

table 8 : explain SELECT c FROM sbtest8 WHERE id BETWEEN 157273 AND 157372 ORDER BY c
	Sort  (cost=369.33..369.57 rows=95 width=121)
	  Sort Key: c
	  ->  Index Scan using sbtest8_pkey on sbtest8  (cost=0.43..366.21 rows=95 width=121)
	        Index Cond: ((id >= 157273) AND (id <= 157372))

for inserts
table 1 : explain INSERT INTO sbtest1 (id, k, c, pad) VALUES (7364672, 13, 'foobar', 'foobar')
	Insert on sbtest1  (cost=0.00..0.01 rows=1 width=736)
	  ->  Result  (cost=0.00..0.01 rows=1 width=736)

table 2 : explain INSERT INTO sbtest2 (id, k, c, pad) VALUES (7671436, 13, 'foobar', 'foobar')
	Insert on sbtest2  (cost=0.00..0.01 rows=1 width=736)
	  ->  Result  (cost=0.00..0.01 rows=1 width=736)

table 3 : explain INSERT INTO sbtest3 (id, k, c, pad) VALUES (4305599, 13, 'foobar', 'foobar')
	Insert on sbtest3  (cost=0.00..0.01 rows=1 width=736)
	  ->  Result  (cost=0.00..0.01 rows=1 width=736)

table 4 : explain INSERT INTO sbtest4 (id, k, c, pad) VALUES (7335608, 13, 'foobar', 'foobar')
	Insert on sbtest4  (cost=0.00..0.01 rows=1 width=736)
	  ->  Result  (cost=0.00..0.01 rows=1 width=736)

table 5 : explain INSERT INTO sbtest5 (id, k, c, pad) VALUES (4222088, 13, 'foobar', 'foobar')
	Insert on sbtest5  (cost=0.00..0.01 rows=1 width=736)
	  ->  Result  (cost=0.00..0.01 rows=1 width=736)

table 6 : explain INSERT INTO sbtest6 (id, k, c, pad) VALUES (7429547, 13, 'foobar', 'foobar')
	Insert on sbtest6  (cost=0.00..0.01 rows=1 width=736)
	  ->  Result  (cost=0.00..0.01 rows=1 width=736)

table 7 : explain INSERT INTO sbtest7 (id, k, c, pad) VALUES (6292404, 13, 'foobar', 'foobar')
	Insert on sbtest7  (cost=0.00..0.01 rows=1 width=736)
	  ->  Result  (cost=0.00..0.01 rows=1 width=736)

table 8 : explain INSERT INTO sbtest8 (id, k, c, pad) VALUES (8023909, 13, 'foobar', 'foobar')
	Insert on sbtest8  (cost=0.00..0.01 rows=1 width=736)
	  ->  Result  (cost=0.00..0.01 rows=1 width=736)

for: simple_ranges
table 1 : explain SELECT c FROM sbtest1 WHERE id BETWEEN 6798597 AND 6798696
	Index Scan using sbtest1_pkey on sbtest1  (cost=0.43..391.14 rows=102 width=121)
	  Index Cond: ((id >= 6798597) AND (id <= 6798696))

table 2 : explain SELECT c FROM sbtest2 WHERE id BETWEEN 6377103 AND 6377202
	Index Scan using sbtest2_pkey on sbtest2  (cost=0.43..391.44 rows=102 width=121)
	  Index Cond: ((id >= 6377103) AND (id <= 6377202))

table 3 : explain SELECT c FROM sbtest3 WHERE id BETWEEN 3646697 AND 3646796
	Index Scan using sbtest3_pkey on sbtest3  (cost=0.43..355.08 rows=93 width=121)
	  Index Cond: ((id >= 3646697) AND (id <= 3646796))

table 4 : explain SELECT c FROM sbtest4 WHERE id BETWEEN 4545868 AND 4545967
	Index Scan using sbtest4_pkey on sbtest4  (cost=0.43..369.57 rows=96 width=121)
	  Index Cond: ((id >= 4545868) AND (id <= 4545967))

table 5 : explain SELECT c FROM sbtest5 WHERE id BETWEEN 9439945 AND 9440044
	Index Scan using sbtest5_pkey on sbtest5  (cost=0.43..363.40 rows=95 width=121)
	  Index Cond: ((id >= 9439945) AND (id <= 9440044))

table 6 : explain SELECT c FROM sbtest6 WHERE id BETWEEN 6409377 AND 6409476
	Index Scan using sbtest6_pkey on sbtest6  (cost=0.43..344.63 rows=90 width=121)
	  Index Cond: ((id >= 6409377) AND (id <= 6409476))

table 7 : explain SELECT c FROM sbtest7 WHERE id BETWEEN 738352 AND 738451
	Index Scan using sbtest7_pkey on sbtest7  (cost=0.43..354.93 rows=92 width=121)
	  Index Cond: ((id >= 738352) AND (id <= 738451))

table 8 : explain SELECT c FROM sbtest8 WHERE id BETWEEN 5649880 AND 5649979
	Index Scan using sbtest8_pkey on sbtest8  (cost=0.43..370.01 rows=96 width=121)
	  Index Cond: ((id >= 5649880) AND (id <= 5649979))

for: simple_ranges
table 1 : explain SELECT c FROM sbtest1 WHERE id BETWEEN 6025636 AND 6025735
	Index Scan using sbtest1_pkey on sbtest1  (cost=0.43..394.92 rows=103 width=121)
	  Index Cond: ((id >= 6025636) AND (id <= 6025735))

table 2 : explain SELECT c FROM sbtest2 WHERE id BETWEEN 9763192 AND 9763291
	Index Scan using sbtest2_pkey on sbtest2  (cost=0.43..395.23 rows=103 width=121)
	  Index Cond: ((id >= 9763192) AND (id <= 9763291))

table 3 : explain SELECT c FROM sbtest3 WHERE id BETWEEN 5984944 AND 5985043
	Index Scan using sbtest3_pkey on sbtest3  (cost=0.43..362.61 rows=95 width=121)
	  Index Cond: ((id >= 5984944) AND (id <= 5985043))

table 4 : explain SELECT c FROM sbtest4 WHERE id BETWEEN 9967954 AND 9968053
	Index Scan using sbtest4_pkey on sbtest4  (cost=0.43..388.57 rows=101 width=121)
	  Index Cond: ((id >= 9967954) AND (id <= 9968053))

table 5 : explain SELECT c FROM sbtest5 WHERE id BETWEEN 5969155 AND 5969254
	Index Scan using sbtest5_pkey on sbtest5  (cost=0.43..363.40 rows=95 width=121)
	  Index Cond: ((id >= 5969155) AND (id <= 5969254))

table 6 : explain SELECT c FROM sbtest6 WHERE id BETWEEN 903521 AND 903620
	Index Scan using sbtest6_pkey on sbtest6  (cost=0.43..401.33 rows=105 width=121)
	  Index Cond: ((id >= 903521) AND (id <= 903620))

table 7 : explain SELECT c FROM sbtest7 WHERE id BETWEEN 7594625 AND 7594724
	Index Scan using sbtest7_pkey on sbtest7  (cost=0.43..415.82 rows=108 width=121)
	  Index Cond: ((id >= 7594625) AND (id <= 7594724))

table 8 : explain SELECT c FROM sbtest8 WHERE id BETWEEN 1198363 AND 1198462
	Index Scan using sbtest8_pkey on sbtest8  (cost=0.43..366.21 rows=95 width=121)
	  Index Cond: ((id >= 1198363) AND (id <= 1198462))

for non_index_updates
table 1 : explain UPDATE sbtest1 SET c='foobar' WHERE id=6307470
	Update on sbtest1  (cost=0.43..8.45 rows=1 width=559)
	  ->  Index Scan using sbtest1_pkey on sbtest1  (cost=0.43..8.45 rows=1 width=559)
	        Index Cond: (id = 6307470)

table 2 : explain UPDATE sbtest2 SET c='foobar' WHERE id=2979134
	Update on sbtest2  (cost=0.43..8.45 rows=1 width=559)
	  ->  Index Scan using sbtest2_pkey on sbtest2  (cost=0.43..8.45 rows=1 width=559)
	        Index Cond: (id = 2979134)

table 3 : explain UPDATE sbtest3 SET c='foobar' WHERE id=9369740
	Update on sbtest3  (cost=0.43..8.45 rows=1 width=559)
	  ->  Index Scan using sbtest3_pkey on sbtest3  (cost=0.43..8.45 rows=1 width=559)
	        Index Cond: (id = 9369740)

table 4 : explain UPDATE sbtest4 SET c='foobar' WHERE id=8868532
	Update on sbtest4  (cost=0.43..8.45 rows=1 width=559)
	  ->  Index Scan using sbtest4_pkey on sbtest4  (cost=0.43..8.45 rows=1 width=559)
	        Index Cond: (id = 8868532)

table 5 : explain UPDATE sbtest5 SET c='foobar' WHERE id=4060943
	Update on sbtest5  (cost=0.43..8.45 rows=1 width=559)
	  ->  Index Scan using sbtest5_pkey on sbtest5  (cost=0.43..8.45 rows=1 width=559)
	        Index Cond: (id = 4060943)

table 6 : explain UPDATE sbtest6 SET c='foobar' WHERE id=8519445
	Update on sbtest6  (cost=0.43..8.45 rows=1 width=559)
	  ->  Index Scan using sbtest6_pkey on sbtest6  (cost=0.43..8.45 rows=1 width=559)
	        Index Cond: (id = 8519445)

table 7 : explain UPDATE sbtest7 SET c='foobar' WHERE id=932861
	Update on sbtest7  (cost=0.43..8.45 rows=1 width=559)
	  ->  Index Scan using sbtest7_pkey on sbtest7  (cost=0.43..8.45 rows=1 width=559)
	        Index Cond: (id = 932861)

table 8 : explain UPDATE sbtest8 SET c='foobar' WHERE id=3238072
	Update on sbtest8  (cost=0.43..8.45 rows=1 width=559)
	  ->  Index Scan using sbtest8_pkey on sbtest8  (cost=0.43..8.45 rows=1 width=559)
	        Index Cond: (id = 3238072)

for point_selects
table 1 : explain SELECT c FROM sbtest1 WHERE id=548357
	Index Scan using sbtest1_pkey on sbtest1  (cost=0.43..8.45 rows=1 width=121)
	  Index Cond: (id = 548357)

table 2 : explain SELECT c FROM sbtest2 WHERE id=7547439
	Index Scan using sbtest2_pkey on sbtest2  (cost=0.43..8.45 rows=1 width=121)
	  Index Cond: (id = 7547439)

table 3 : explain SELECT c FROM sbtest3 WHERE id=6062782
	Index Scan using sbtest3_pkey on sbtest3  (cost=0.43..8.45 rows=1 width=121)
	  Index Cond: (id = 6062782)

table 4 : explain SELECT c FROM sbtest4 WHERE id=4854961
	Index Scan using sbtest4_pkey on sbtest4  (cost=0.43..8.45 rows=1 width=121)
	  Index Cond: (id = 4854961)

table 5 : explain SELECT c FROM sbtest5 WHERE id=3666786
	Index Scan using sbtest5_pkey on sbtest5  (cost=0.43..8.45 rows=1 width=121)
	  Index Cond: (id = 3666786)

table 6 : explain SELECT c FROM sbtest6 WHERE id=8844926
	Index Scan using sbtest6_pkey on sbtest6  (cost=0.43..8.45 rows=1 width=121)
	  Index Cond: (id = 8844926)

table 7 : explain SELECT c FROM sbtest7 WHERE id=8129239
	Index Scan using sbtest7_pkey on sbtest7  (cost=0.43..8.45 rows=1 width=121)
	  Index Cond: (id = 8129239)

table 8 : explain SELECT c FROM sbtest8 WHERE id=1002289
	Index Scan using sbtest8_pkey on sbtest8  (cost=0.43..8.45 rows=1 width=121)
	  Index Cond: (id = 1002289)

explain: for point_selects :: explain SELECT c FROM sbtest%u WHERE id=%u
for: simple_ranges
table 1 : explain SELECT c FROM sbtest1 WHERE id BETWEEN 1134181 AND 1134280
	Index Scan using sbtest1_pkey on sbtest1  (cost=0.43..383.56 rows=100 width=121)
	  Index Cond: ((id >= 1134181) AND (id <= 1134280))

table 2 : explain SELECT c FROM sbtest2 WHERE id BETWEEN 8646589 AND 8646688
	Index Scan using sbtest2_pkey on sbtest2  (cost=0.43..357.27 rows=93 width=121)
	  Index Cond: ((id >= 8646589) AND (id <= 8646688))

table 3 : explain SELECT c FROM sbtest3 WHERE id BETWEEN 1109557 AND 1109656
	Index Scan using sbtest3_pkey on sbtest3  (cost=0.43..370.14 rows=97 width=121)
	  Index Cond: ((id >= 1109557) AND (id <= 1109656))

table 4 : explain SELECT c FROM sbtest4 WHERE id BETWEEN 856506 AND 856605
	Index Scan using sbtest4_pkey on sbtest4  (cost=0.43..369.57 rows=96 width=121)
	  Index Cond: ((id >= 856506) AND (id <= 856605))

table 5 : explain SELECT c FROM sbtest5 WHERE id BETWEEN 5082097 AND 5082196
	Index Scan using sbtest5_pkey on sbtest5  (cost=0.43..404.92 rows=106 width=121)
	  Index Cond: ((id >= 5082097) AND (id <= 5082196))

table 6 : explain SELECT c FROM sbtest6 WHERE id BETWEEN 2785876 AND 2785975
	Index Scan using sbtest6_pkey on sbtest6  (cost=0.43..382.45 rows=100 width=121)
	  Index Cond: ((id >= 2785876) AND (id <= 2785975))

table 7 : explain SELECT c FROM sbtest7 WHERE id BETWEEN 2497235 AND 2497334
	Index Scan using sbtest7_pkey on sbtest7  (cost=0.43..373.96 rows=97 width=121)
	  Index Cond: ((id >= 2497235) AND (id <= 2497334))

table 8 : explain SELECT c FROM sbtest8 WHERE id BETWEEN 7384532 AND 7384631
	Index Scan using sbtest8_pkey on sbtest8  (cost=0.43..366.21 rows=95 width=121)
	  Index Cond: ((id >= 7384532) AND (id <= 7384631))

explain: for deletes :: explain DELETE FROM sbtest%u WHERE id=%u
explain: for point_selects :: explain SELECT c FROM sbtest%u WHERE id=%u
for: distinct_ranges
table 1 : explain SELECT DISTINCT c FROM sbtest1 WHERE id BETWEEN 1509095 AND 1509194 ORDER BY c
	Unique  (cost=379.23..379.72 rows=98 width=121)
	  ->  Sort  (cost=379.23..379.47 rows=98 width=121)
	        Sort Key: c
	        ->  Index Scan using sbtest1_pkey on sbtest1  (cost=0.43..375.99 rows=98 width=121)
	              Index Cond: ((id >= 1509095) AND (id <= 1509194))

table 2 : explain SELECT DISTINCT c FROM sbtest2 WHERE id BETWEEN 5338715 AND 5338814 ORDER BY c
	Unique  (cost=414.00..414.54 rows=107 width=121)
	  ->  Sort  (cost=414.00..414.27 rows=107 width=121)
	        Sort Key: c
	        ->  Index Scan using sbtest2_pkey on sbtest2  (cost=0.43..410.40 rows=107 width=121)
	              Index Cond: ((id >= 5338715) AND (id <= 5338814))

table 3 : explain SELECT DISTINCT c FROM sbtest3 WHERE id BETWEEN 9974340 AND 9974439 ORDER BY c
	Unique  (cost=422.82..423.37 rows=110 width=121)
	  ->  Sort  (cost=422.82..423.10 rows=110 width=121)
	        Sort Key: c
	        ->  Index Scan using sbtest3_pkey on sbtest3  (cost=0.43..419.09 rows=110 width=121)
	              Index Cond: ((id >= 9974340) AND (id <= 9974439))

table 4 : explain SELECT DISTINCT c FROM sbtest4 WHERE id BETWEEN 1934894 AND 1934993 ORDER BY c
	Unique  (cost=372.74..373.22 rows=96 width=121)
	  ->  Sort  (cost=372.74..372.98 rows=96 width=121)
	        Sort Key: c
	        ->  Index Scan using sbtest4_pkey on sbtest4  (cost=0.43..369.57 rows=96 width=121)
	              Index Cond: ((id >= 1934894) AND (id <= 1934993))

table 5 : explain SELECT DISTINCT c FROM sbtest5 WHERE id BETWEEN 2381608 AND 2381707 ORDER BY c
	Unique  (cost=377.97..378.46 rows=98 width=121)
	  ->  Sort  (cost=377.97..378.21 rows=98 width=121)
	        Sort Key: c
	        ->  Index Scan using sbtest5_pkey on sbtest5  (cost=0.43..374.73 rows=98 width=121)
	              Index Cond: ((id >= 2381608) AND (id <= 2381707))

table 6 : explain SELECT DISTINCT c FROM sbtest6 WHERE id BETWEEN 2484717 AND 2484816 ORDER BY c
	Unique  (cost=381.95..382.45 rows=99 width=121)
	  ->  Sort  (cost=381.95..382.20 rows=99 width=121)
	        Sort Key: c
	        ->  Index Scan using sbtest6_pkey on sbtest6  (cost=0.43..378.67 rows=99 width=121)
	              Index Cond: ((id >= 2484717) AND (id <= 2484816))

table 7 : explain SELECT DISTINCT c FROM sbtest7 WHERE id BETWEEN 1789586 AND 1789685 ORDER BY c
	Unique  (cost=388.70..389.20 rows=100 width=121)
	  ->  Sort  (cost=388.70..388.95 rows=100 width=121)
	        Sort Key: c
	        ->  Index Scan using sbtest7_pkey on sbtest7  (cost=0.43..385.37 rows=100 width=121)
	              Index Cond: ((id >= 1789586) AND (id <= 1789685))

table 8 : explain SELECT DISTINCT c FROM sbtest8 WHERE id BETWEEN 1218589 AND 1218688 ORDER BY c
	Unique  (cost=380.92..381.41 rows=98 width=121)
	  ->  Sort  (cost=380.92..381.16 rows=98 width=121)
	        Sort Key: c
	        ->  Index Scan using sbtest8_pkey on sbtest8  (cost=0.43..377.68 rows=98 width=121)
	              Index Cond: ((id >= 1218589) AND (id <= 1218688))

for: order_ranges
table 1 : explain SELECT c FROM sbtest1 WHERE id BETWEEN 6106933 AND 6107032 ORDER BY c
	Sort  (cost=375.40..375.64 rows=97 width=121)
	  Sort Key: c
	  ->  Index Scan using sbtest1_pkey on sbtest1  (cost=0.43..372.20 rows=97 width=121)
	        Index Cond: ((id >= 6106933) AND (id <= 6107032))

table 2 : explain SELECT c FROM sbtest2 WHERE id BETWEEN 3429592 AND 3429691 ORDER BY c
	Sort  (cost=375.64..375.88 rows=97 width=121)
	  Sort Key: c
	  ->  Index Scan using sbtest2_pkey on sbtest2  (cost=0.43..372.44 rows=97 width=121)
	        Index Cond: ((id >= 3429592) AND (id <= 3429691))

table 3 : explain SELECT c FROM sbtest3 WHERE id BETWEEN 214064 AND 214163 ORDER BY c
	Sort  (cost=377.15..377.39 rows=98 width=121)
	  Sort Key: c
	  ->  Index Scan using sbtest3_pkey on sbtest3  (cost=0.43..373.91 rows=98 width=121)
	        Index Cond: ((id >= 214064) AND (id <= 214163))

table 4 : explain SELECT c FROM sbtest4 WHERE id BETWEEN 160049 AND 160148 ORDER BY c
	Sort  (cost=395.77..396.03 rows=102 width=121)
	  Sort Key: c
	  ->  Index Scan using sbtest4_pkey on sbtest4  (cost=0.43..392.37 rows=102 width=121)
	        Index Cond: ((id >= 160049) AND (id <= 160148))

table 5 : explain SELECT c FROM sbtest5 WHERE id BETWEEN 5541466 AND 5541565 ORDER BY c
	Sort  (cost=358.90..359.13 rows=93 width=121)
	  Sort Key: c
	  ->  Index Scan using sbtest5_pkey on sbtest5  (cost=0.43..355.86 rows=93 width=121)
	        Index Cond: ((id >= 5541466) AND (id <= 5541565))

table 6 : explain SELECT c FROM sbtest6 WHERE id BETWEEN 595518 AND 595617 ORDER BY c
	Sort  (cost=374.32..374.56 rows=97 width=121)
	  Sort Key: c
	  ->  Index Scan using sbtest6_pkey on sbtest6  (cost=0.43..371.12 rows=97 width=121)
	        Index Cond: ((id >= 595518) AND (id <= 595617))

table 7 : explain SELECT c FROM sbtest7 WHERE id BETWEEN 3203736 AND 3203835 ORDER BY c
	Sort  (cost=369.47..369.70 rows=95 width=121)
	  Sort Key: c
	  ->  Index Scan using sbtest7_pkey on sbtest7  (cost=0.43..366.35 rows=95 width=121)
	        Index Cond: ((id >= 3203736) AND (id <= 3203835))

table 8 : explain SELECT c FROM sbtest8 WHERE id BETWEEN 111645 AND 111744 ORDER BY c
	Sort  (cost=369.33..369.57 rows=95 width=121)
	  Sort Key: c
	  ->  Index Scan using sbtest8_pkey on sbtest8  (cost=0.43..366.21 rows=95 width=121)
	        Index Cond: ((id >= 111645) AND (id <= 111744))
for point_selects
table 1 : explain SELECT c FROM sbtest1 WHERE id=8936857
	Index Scan using sbtest1_pkey on sbtest1  (cost=0.43..8.45 rows=1 width=121)
	  Index Cond: (id = 8936857)

table 2 : explain SELECT c FROM sbtest2 WHERE id=9056709
	Index Scan using sbtest2_pkey on sbtest2  (cost=0.43..8.45 rows=1 width=121)
	  Index Cond: (id = 9056709)

table 3 : explain SELECT c FROM sbtest3 WHERE id=5795315
	Index Scan using sbtest3_pkey on sbtest3  (cost=0.43..8.45 rows=1 width=121)
	  Index Cond: (id = 5795315)

table 4 : explain SELECT c FROM sbtest4 WHERE id=5434101
	Index Scan using sbtest4_pkey on sbtest4  (cost=0.43..8.45 rows=1 width=121)
	  Index Cond: (id = 5434101)

table 5 : explain SELECT c FROM sbtest5 WHERE id=2342245
	Index Scan using sbtest5_pkey on sbtest5  (cost=0.43..8.45 rows=1 width=121)
	  Index Cond: (id = 2342245)

table 6 : explain SELECT c FROM sbtest6 WHERE id=4348313
	Index Scan using sbtest6_pkey on sbtest6  (cost=0.43..8.45 rows=1 width=121)
	  Index Cond: (id = 4348313)

table 7 : explain SELECT c FROM sbtest7 WHERE id=7384181
	Index Scan using sbtest7_pkey on sbtest7  (cost=0.43..8.45 rows=1 width=121)
	  Index Cond: (id = 7384181)

table 8 : explain SELECT c FROM sbtest8 WHERE id=5926254
	Index Scan using sbtest8_pkey on sbtest8  (cost=0.43..8.45 rows=1 width=121)
	  Index Cond: (id = 5926254)


for deletes
table 1 : explain DELETE FROM sbtest1 WHERE id=1026480
	Delete on sbtest1  (cost=0.43..8.45 rows=1 width=6)
	  ->  Index Scan using sbtest1_pkey on sbtest1  (cost=0.43..8.45 rows=1 width=6)
	        Index Cond: (id = 1026480)

table 2 : explain DELETE FROM sbtest2 WHERE id=178370
	Delete on sbtest2  (cost=0.43..8.45 rows=1 width=6)
	  ->  Index Scan using sbtest2_pkey on sbtest2  (cost=0.43..8.45 rows=1 width=6)
	        Index Cond: (id = 178370)

table 3 : explain DELETE FROM sbtest3 WHERE id=5195994
	Delete on sbtest3  (cost=0.43..8.45 rows=1 width=6)
	  ->  Index Scan using sbtest3_pkey on sbtest3  (cost=0.43..8.45 rows=1 width=6)
	        Index Cond: (id = 5195994)

table 4 : explain DELETE FROM sbtest4 WHERE id=7154716
	Delete on sbtest4  (cost=0.43..8.45 rows=1 width=6)
	  ->  Index Scan using sbtest4_pkey on sbtest4  (cost=0.43..8.45 rows=1 width=6)
	        Index Cond: (id = 7154716)

table 5 : explain DELETE FROM sbtest5 WHERE id=5199182
	Delete on sbtest5  (cost=0.43..8.45 rows=1 width=6)
	  ->  Index Scan using sbtest5_pkey on sbtest5  (cost=0.43..8.45 rows=1 width=6)
	        Index Cond: (id = 5199182)

table 6 : explain DELETE FROM sbtest6 WHERE id=2532319
	Delete on sbtest6  (cost=0.43..8.45 rows=1 width=6)
	  ->  Index Scan using sbtest6_pkey on sbtest6  (cost=0.43..8.45 rows=1 width=6)
	        Index Cond: (id = 2532319)

table 7 : explain DELETE FROM sbtest7 WHERE id=6827220
	Delete on sbtest7  (cost=0.43..8.45 rows=1 width=6)
	  ->  Index Scan using sbtest7_pkey on sbtest7  (cost=0.43..8.45 rows=1 width=6)
	        Index Cond: (id = 6827220)

table 8 : explain DELETE FROM sbtest8 WHERE id=1308562
	Delete on sbtest8  (cost=0.43..8.45 rows=1 width=6)
	  ->  Index Scan using sbtest8_pkey on sbtest8  (cost=0.43..8.45 rows=1 width=6)
	        Index Cond: (id = 1308562)

for: order_ranges
table 1 : explain SELECT c FROM sbtest1 WHERE id BETWEEN 4479636 AND 4479735 ORDER BY c
	Sort  (cost=402.20..402.46 rows=104 width=121)
	  Sort Key: c
	  ->  Index Scan using sbtest1_pkey on sbtest1  (cost=0.43..398.71 rows=104 width=121)
	        Index Cond: ((id >= 4479636) AND (id <= 4479735))

table 2 : explain SELECT c FROM sbtest2 WHERE id BETWEEN 8719282 AND 8719381 ORDER BY c
	Sort  (cost=360.32..360.55 rows=93 width=121)
	  Sort Key: c
	  ->  Index Scan using sbtest2_pkey on sbtest2  (cost=0.43..357.27 rows=93 width=121)
	        Index Cond: ((id >= 8719282) AND (id <= 8719381))

table 3 : explain SELECT c FROM sbtest3 WHERE id BETWEEN 592535 AND 592634 ORDER BY c
	Sort  (cost=369.54..369.78 rows=96 width=121)
	  Sort Key: c
	  ->  Index Scan using sbtest3_pkey on sbtest3  (cost=0.43..366.38 rows=96 width=121)
	        Index Cond: ((id >= 592535) AND (id <= 592634))

table 4 : explain SELECT c FROM sbtest4 WHERE id BETWEEN 6258459 AND 6258558 ORDER BY c
	Sort  (cost=372.74..372.98 rows=96 width=121)
	  Sort Key: c
	  ->  Index Scan using sbtest4_pkey on sbtest4  (cost=0.43..369.57 rows=96 width=121)
	        Index Cond: ((id >= 6258459) AND (id <= 6258558))

table 5 : explain SELECT c FROM sbtest5 WHERE id BETWEEN 8972359 AND 8972458 ORDER BY c
	Sort  (cost=400.86..401.12 rows=104 width=121)
	  Sort Key: c
	  ->  Index Scan using sbtest5_pkey on sbtest5  (cost=0.43..397.37 rows=104 width=121)
	        Index Cond: ((id >= 8972359) AND (id <= 8972458))

table 6 : explain SELECT c FROM sbtest6 WHERE id BETWEEN 5203256 AND 5203355 ORDER BY c
	Sort  (cost=420.12..420.39 rows=109 width=121)
	  Sort Key: c
	  ->  Index Scan using sbtest6_pkey on sbtest6  (cost=0.43..416.43 rows=109 width=121)
	        Index Cond: ((id >= 5203256) AND (id <= 5203355))

table 7 : explain SELECT c FROM sbtest7 WHERE id BETWEEN 8108096 AND 8108195 ORDER BY c
	Sort  (cost=369.47..369.70 rows=95 width=121)
	  Sort Key: c
	  ->  Index Scan using sbtest7_pkey on sbtest7  (cost=0.43..366.35 rows=95 width=121)
	        Index Cond: ((id >= 8108096) AND (id <= 8108195))

table 8 : explain SELECT c FROM sbtest8 WHERE id BETWEEN 812945 AND 813044 ORDER BY c
	Sort  (cost=407.83..408.10 rows=105 width=121)
	  Sort Key: c
	  ->  Index Scan using sbtest8_pkey on sbtest8  (cost=0.43..404.31 rows=105 width=121)
	        Index Cond: ((id >= 812945) AND (id <= 813044))

for: distinct_ranges
table 1 : explain SELECT DISTINCT c FROM sbtest1 WHERE id BETWEEN 2041526 AND 2041625 ORDER BY c
	Unique  (cost=386.88..387.38 rows=100 width=121)
	  ->  Sort  (cost=386.88..387.13 rows=100 width=121)
	        Sort Key: c
	        ->  Index Scan using sbtest1_pkey on sbtest1  (cost=0.43..383.56 rows=100 width=121)
	              Index Cond: ((id >= 2041526) AND (id <= 2041625))

table 2 : explain SELECT DISTINCT c FROM sbtest2 WHERE id BETWEEN 8577552 AND 8577651 ORDER BY c
	Unique  (cost=375.64..376.12 rows=97 width=121)
	  ->  Sort  (cost=375.64..375.88 rows=97 width=121)
	        Sort Key: c
	        ->  Index Scan using sbtest2_pkey on sbtest2  (cost=0.43..372.44 rows=97 width=121)
	              Index Cond: ((id >= 8577552) AND (id <= 8577651))

table 3 : explain SELECT DISTINCT c FROM sbtest3 WHERE id BETWEEN 756927 AND 757026 ORDER BY c
	Unique  (cost=373.34..373.83 rows=97 width=121)
	  ->  Sort  (cost=373.34..373.58 rows=97 width=121)
	        Sort Key: c
	        ->  Index Scan using sbtest3_pkey on sbtest3  (cost=0.43..370.14 rows=97 width=121)
	              Index Cond: ((id >= 756927) AND (id <= 757026))

table 4 : explain SELECT DISTINCT c FROM sbtest4 WHERE id BETWEEN 3931167 AND 3931266 ORDER BY c
	Unique  (cost=407.30..407.82 rows=105 width=121)
	  ->  Sort  (cost=407.30..407.56 rows=105 width=121)
	        Sort Key: c
	        ->  Index Scan using sbtest4_pkey on sbtest4  (cost=0.43..403.77 rows=105 width=121)
	              Index Cond: ((id >= 3931167) AND (id <= 3931266))

table 5 : explain SELECT DISTINCT c FROM sbtest5 WHERE id BETWEEN 4361062 AND 4361161 ORDER BY c
	Unique  (cost=358.90..359.36 rows=93 width=121)
	  ->  Sort  (cost=358.90..359.13 rows=93 width=121)
	        Sort Key: c
	        ->  Index Scan using sbtest5_pkey on sbtest5  (cost=0.43..355.86 rows=93 width=121)
	              Index Cond: ((id >= 4361062) AND (id <= 4361161))

table 6 : explain SELECT DISTINCT c FROM sbtest6 WHERE id BETWEEN 2746383 AND 2746482 ORDER BY c
	Unique  (cost=370.51..370.99 rows=96 width=121)
	  ->  Sort  (cost=370.51..370.75 rows=96 width=121)
	        Sort Key: c
	        ->  Index Scan using sbtest6_pkey on sbtest6  (cost=0.43..367.35 rows=96 width=121)
	              Index Cond: ((id >= 2746383) AND (id <= 2746482))

table 7 : explain SELECT DISTINCT c FROM sbtest7 WHERE id BETWEEN 3669663 AND 3669762 ORDER BY c
	Unique  (cost=361.77..362.24 rows=93 width=121)
	  ->  Sort  (cost=361.77..362.01 rows=93 width=121)
	        Sort Key: c
	        ->  Index Scan using sbtest7_pkey on sbtest7  (cost=0.43..358.73 rows=93 width=121)
	              Index Cond: ((id >= 3669663) AND (id <= 3669762))

table 8 : explain SELECT DISTINCT c FROM sbtest8 WHERE id BETWEEN 1297280 AND 1297379 ORDER BY c
	Unique  (cost=380.92..381.41 rows=98 width=121)
	  ->  Sort  (cost=380.92..381.16 rows=98 width=121)
	        Sort Key: c
	        ->  Index Scan using sbtest8_pkey on sbtest8  (cost=0.43..377.68 rows=98 width=121)
	              Index Cond: ((id >= 1297280) AND (id <= 1297379))

for: sum_ranges
table 1 : explain SELECT SUM(k) FROM sbtest1 WHERE id BETWEEN 5904385 AND 5904484
	Aggregate  (cost=387.60..387.61 rows=1 width=8)
	  ->  Index Scan using sbtest1_pkey on sbtest1  (cost=0.43..387.35 rows=101 width=4)
	        Index Cond: ((id >= 5904385) AND (id <= 5904484))

table 2 : explain SELECT SUM(k) FROM sbtest2 WHERE id BETWEEN 6880870 AND 6880969
	Aggregate  (cost=368.89..368.90 rows=1 width=8)
	  ->  Index Scan using sbtest2_pkey on sbtest2  (cost=0.43..368.65 rows=96 width=4)
	        Index Cond: ((id >= 6880870) AND (id <= 6880969))

table 3 : explain SELECT SUM(k) FROM sbtest3 WHERE id BETWEEN 8594301 AND 8594400
	Aggregate  (cost=362.85..362.86 rows=1 width=8)
	  ->  Index Scan using sbtest3_pkey on sbtest3  (cost=0.43..362.61 rows=95 width=4)
	        Index Cond: ((id >= 8594301) AND (id <= 8594400))

table 4 : explain SELECT SUM(k) FROM sbtest4 WHERE id BETWEEN 6127315 AND 6127414
	Aggregate  (cost=415.44..415.45 rows=1 width=8)
	  ->  Index Scan using sbtest4_pkey on sbtest4  (cost=0.43..415.17 rows=108 width=4)
	        Index Cond: ((id >= 6127315) AND (id <= 6127414))

table 5 : explain SELECT SUM(k) FROM sbtest5 WHERE id BETWEEN 6207264 AND 6207363
	Aggregate  (cost=401.41..401.42 rows=1 width=8)
	  ->  Index Scan using sbtest5_pkey on sbtest5  (cost=0.43..401.15 rows=105 width=4)
	        Index Cond: ((id >= 6207264) AND (id <= 6207363))

table 6 : explain SELECT SUM(k) FROM sbtest6 WHERE id BETWEEN 6025428 AND 6025527
	Aggregate  (cost=401.59..401.60 rows=1 width=8)
	  ->  Index Scan using sbtest6_pkey on sbtest6  (cost=0.43..401.33 rows=105 width=4)
	        Index Cond: ((id >= 6025428) AND (id <= 6025527))

table 7 : explain SELECT SUM(k) FROM sbtest7 WHERE id BETWEEN 6142943 AND 6143042
	Aggregate  (cost=404.66..404.67 rows=1 width=8)
	  ->  Index Scan using sbtest7_pkey on sbtest7  (cost=0.43..404.40 rows=105 width=4)
	        Index Cond: ((id >= 6142943) AND (id <= 6143042))

table 8 : explain SELECT SUM(k) FROM sbtest8 WHERE id BETWEEN 3619340 AND 3619439
	Aggregate  (cost=400.76..400.77 rows=1 width=8)
	  ->  Index Scan using sbtest8_pkey on sbtest8  (cost=0.43..400.50 rows=104 width=4)
	        Index Cond: ((id >= 3619340) AND (id <= 3619439))

explain: for inserts :: explain INSERT INTO sbtest%u (id, k, c, pad) VALUES (%u, 13, 'foobar', 'foobar')
explain: for index_updates :: explain UPDATE sbtest%u SET k=k+1 WHERE id=%u
explain: for index_updates :: explain UPDATE sbtest%u SET k=k+1 WHERE id=%u
for: sum_ranges
table 1 : explain SELECT SUM(k) FROM sbtest1 WHERE id BETWEEN 7891180 AND 7891279
	Aggregate  (cost=395.18..395.19 rows=1 width=8)
	  ->  Index Scan using sbtest1_pkey on sbtest1  (cost=0.43..394.92 rows=103 width=4)
	        Index Cond: ((id >= 7891180) AND (id <= 7891279))

table 2 : explain SELECT SUM(k) FROM sbtest2 WHERE id BETWEEN 705677 AND 705776
	Aggregate  (cost=380.32..380.33 rows=1 width=8)
	  ->  Index Scan using sbtest2_pkey on sbtest2  (cost=0.43..380.07 rows=99 width=4)
	        Index Cond: ((id >= 705677) AND (id <= 705776))

table 3 : explain SELECT SUM(k) FROM sbtest3 WHERE id BETWEEN 8309529 AND 8309628
	Aggregate  (cost=438.21..438.22 rows=1 width=8)
	  ->  Index Scan using sbtest3_pkey on sbtest3  (cost=0.43..437.92 rows=115 width=4)
	        Index Cond: ((id >= 8309529) AND (id <= 8309628))

table 4 : explain SELECT SUM(k) FROM sbtest4 WHERE id BETWEEN 1577197 AND 1577296
	Aggregate  (cost=411.64..411.65 rows=1 width=8)
	  ->  Index Scan using sbtest4_pkey on sbtest4  (cost=0.43..411.37 rows=107 width=4)
	        Index Cond: ((id >= 1577197) AND (id <= 1577296))

table 5 : explain SELECT SUM(k) FROM sbtest5 WHERE id BETWEEN 5894100 AND 5894199
	Aggregate  (cost=378.75..378.76 rows=1 width=8)
	  ->  Index Scan using sbtest5_pkey on sbtest5  (cost=0.43..378.50 rows=99 width=4)
	        Index Cond: ((id >= 5894100) AND (id <= 5894199))

table 6 : explain SELECT SUM(k) FROM sbtest6 WHERE id BETWEEN 1445475 AND 1445574
	Aggregate  (cost=378.92..378.93 rows=1 width=8)
	  ->  Index Scan using sbtest6_pkey on sbtest6  (cost=0.43..378.67 rows=99 width=4)
	        Index Cond: ((id >= 1445475) AND (id <= 1445574))

table 7 : explain SELECT SUM(k) FROM sbtest7 WHERE id BETWEEN 9191678 AND 9191777
	Aggregate  (cost=320.83..320.84 rows=1 width=8)
	  ->  Index Scan using sbtest7_pkey on sbtest7  (cost=0.43..320.62 rows=83 width=4)
	        Index Cond: ((id >= 9191678) AND (id <= 9191777))

table 8 : explain SELECT SUM(k) FROM sbtest8 WHERE id BETWEEN 7236198 AND 7236297
	Aggregate  (cost=423.61..423.62 rows=1 width=8)
	  ->  Index Scan using sbtest8_pkey on sbtest8  (cost=0.43..423.33 rows=110 width=4)
	        Index Cond: ((id >= 7236198) AND (id <= 7236297))

for: simple_ranges
table 1 : explain SELECT c FROM sbtest1 WHERE id BETWEEN 341114 AND 341213
	Index Scan using sbtest1_pkey on sbtest1  (cost=0.43..383.56 rows=100 width=121)
	  Index Cond: ((id >= 341114) AND (id <= 341213))

table 2 : explain SELECT c FROM sbtest2 WHERE id BETWEEN 13835 AND 13934
	Index Scan using sbtest2_pkey on sbtest2  (cost=0.43..387.65 rows=101 width=121)
	  Index Cond: ((id >= 13835) AND (id <= 13934))

table 3 : explain SELECT c FROM sbtest3 WHERE id BETWEEN 3860409 AND 3860508
	Index Scan using sbtest3_pkey on sbtest3  (cost=0.43..358.84 rows=94 width=121)
	  Index Cond: ((id >= 3860409) AND (id <= 3860508))

table 4 : explain SELECT c FROM sbtest4 WHERE id BETWEEN 8278100 AND 8278199
	Index Scan using sbtest4_pkey on sbtest4  (cost=0.43..422.77 rows=110 width=121)
	  Index Cond: ((id >= 8278100) AND (id <= 8278199))

table 5 : explain SELECT c FROM sbtest5 WHERE id BETWEEN 9251250 AND 9251349
	Index Scan using sbtest5_pkey on sbtest5  (cost=0.43..397.37 rows=104 width=121)
	  Index Cond: ((id >= 9251250) AND (id <= 9251349))

table 6 : explain SELECT c FROM sbtest6 WHERE id BETWEEN 3954224 AND 3954323
	Index Scan using sbtest6_pkey on sbtest6  (cost=0.43..363.57 rows=95 width=121)
	  Index Cond: ((id >= 3954224) AND (id <= 3954323))

table 7 : explain SELECT c FROM sbtest7 WHERE id BETWEEN 9821387 AND 9821486
	Index Scan using sbtest7_pkey on sbtest7  (cost=0.43..347.26 rows=90 width=121)
	  Index Cond: ((id >= 9821387) AND (id <= 9821486))

table 8 : explain SELECT c FROM sbtest8 WHERE id BETWEEN 7976044 AND 7976143
	Index Scan using sbtest8_pkey on sbtest8  (cost=0.43..358.60 rows=93 width=121)
	  Index Cond: ((id >= 7976044) AND (id <= 7976143))

for point_selects
table 1 : explain SELECT c FROM sbtest1 WHERE id=2210472
	Index Scan using sbtest1_pkey on sbtest1  (cost=0.43..8.45 rows=1 width=121)
	  Index Cond: (id = 2210472)

table 2 : explain SELECT c FROM sbtest2 WHERE id=556964
	Index Scan using sbtest2_pkey on sbtest2  (cost=0.43..8.45 rows=1 width=121)
	  Index Cond: (id = 556964)

table 3 : explain SELECT c FROM sbtest3 WHERE id=9783286
	Index Scan using sbtest3_pkey on sbtest3  (cost=0.43..8.45 rows=1 width=121)
	  Index Cond: (id = 9783286)

table 4 : explain SELECT c FROM sbtest4 WHERE id=2347309
	Index Scan using sbtest4_pkey on sbtest4  (cost=0.43..8.45 rows=1 width=121)
	  Index Cond: (id = 2347309)

table 5 : explain SELECT c FROM sbtest5 WHERE id=5703186
	Index Scan using sbtest5_pkey on sbtest5  (cost=0.43..8.45 rows=1 width=121)
	  Index Cond: (id = 5703186)

table 6 : explain SELECT c FROM sbtest6 WHERE id=3185445
	Index Scan using sbtest6_pkey on sbtest6  (cost=0.43..8.45 rows=1 width=121)
	  Index Cond: (id = 3185445)

table 7 : explain SELECT c FROM sbtest7 WHERE id=9236206
	Index Scan using sbtest7_pkey on sbtest7  (cost=0.43..8.45 rows=1 width=121)
	  Index Cond: (id = 9236206)

table 8 : explain SELECT c FROM sbtest8 WHERE id=3332934
	Index Scan using sbtest8_pkey on sbtest8  (cost=0.43..8.45 rows=1 width=121)
	  Index Cond: (id = 3332934)

explain: for point_selects :: explain SELECT c FROM sbtest%u WHERE id=%u
for: simple_ranges
table 1 : explain SELECT c FROM sbtest1 WHERE id BETWEEN 598986 AND 599085
	Index Scan using sbtest1_pkey on sbtest1  (cost=0.43..391.14 rows=102 width=121)
	  Index Cond: ((id >= 598986) AND (id <= 599085))

table 2 : explain SELECT c FROM sbtest2 WHERE id BETWEEN 8593278 AND 8593377
	Index Scan using sbtest2_pkey on sbtest2  (cost=0.43..372.44 rows=97 width=121)
	  Index Cond: ((id >= 8593278) AND (id <= 8593377))

table 3 : explain SELECT c FROM sbtest3 WHERE id BETWEEN 2111117 AND 2111216
	Index Scan using sbtest3_pkey on sbtest3  (cost=0.43..339.95 rows=89 width=121)
	  Index Cond: ((id >= 2111117) AND (id <= 2111216))

table 4 : explain SELECT c FROM sbtest4 WHERE id BETWEEN 2994724 AND 2994823
	Index Scan using sbtest4_pkey on sbtest4  (cost=0.43..437.97 rows=114 width=121)
	  Index Cond: ((id >= 2994724) AND (id <= 2994823))

table 5 : explain SELECT c FROM sbtest5 WHERE id BETWEEN 4009352 AND 4009451
	Index Scan using sbtest5_pkey on sbtest5  (cost=0.43..374.73 rows=98 width=121)
	  Index Cond: ((id >= 4009352) AND (id <= 4009451))

table 6 : explain SELECT c FROM sbtest6 WHERE id BETWEEN 7330103 AND 7330202
	Index Scan using sbtest6_pkey on sbtest6  (cost=0.43..397.55 rows=104 width=121)
	  Index Cond: ((id >= 7330103) AND (id <= 7330202))

table 7 : explain SELECT c FROM sbtest7 WHERE id BETWEEN 6414718 AND 6414817
	Index Scan using sbtest7_pkey on sbtest7  (cost=0.43..453.87 rows=118 width=121)
	  Index Cond: ((id >= 6414718) AND (id <= 6414817))

table 8 : explain SELECT c FROM sbtest8 WHERE id BETWEEN 8415821 AND 8415920
	Index Scan using sbtest8_pkey on sbtest8  (cost=0.43..389.09 rows=101 width=121)
	  Index Cond: ((id >= 8415821) AND (id <= 8415920))

for inserts
table 1 : explain INSERT INTO sbtest1 (id, k, c, pad) VALUES (2664870, 13, 'foobar', 'foobar')
	Insert on sbtest1  (cost=0.00..0.01 rows=1 width=736)
	  ->  Result  (cost=0.00..0.01 rows=1 width=736)

table 2 : explain INSERT INTO sbtest2 (id, k, c, pad) VALUES (3161170, 13, 'foobar', 'foobar')
	Insert on sbtest2  (cost=0.00..0.01 rows=1 width=736)
	  ->  Result  (cost=0.00..0.01 rows=1 width=736)

table 3 : explain INSERT INTO sbtest3 (id, k, c, pad) VALUES (7974770, 13, 'foobar', 'foobar')
	Insert on sbtest3  (cost=0.00..0.01 rows=1 width=736)
	  ->  Result  (cost=0.00..0.01 rows=1 width=736)

table 4 : explain INSERT INTO sbtest4 (id, k, c, pad) VALUES (3100017, 13, 'foobar', 'foobar')
	Insert on sbtest4  (cost=0.00..0.01 rows=1 width=736)
	  ->  Result  (cost=0.00..0.01 rows=1 width=736)

table 5 : explain INSERT INTO sbtest5 (id, k, c, pad) VALUES (2070540, 13, 'foobar', 'foobar')
	Insert on sbtest5  (cost=0.00..0.01 rows=1 width=736)
	  ->  Result  (cost=0.00..0.01 rows=1 width=736)

table 6 : explain INSERT INTO sbtest6 (id, k, c, pad) VALUES (8934793, 13, 'foobar', 'foobar')
	Insert on sbtest6  (cost=0.00..0.01 rows=1 width=736)
	  ->  Result  (cost=0.00..0.01 rows=1 width=736)

table 7 : explain INSERT INTO sbtest7 (id, k, c, pad) VALUES (159783, 13, 'foobar', 'foobar')
	Insert on sbtest7  (cost=0.00..0.01 rows=1 width=736)
	  ->  Result  (cost=0.00..0.01 rows=1 width=736)

table 8 : explain INSERT INTO sbtest8 (id, k, c, pad) VALUES (590526, 13, 'foobar', 'foobar')
	Insert on sbtest8  (cost=0.00..0.01 rows=1 width=736)
	  ->  Result  (cost=0.00..0.01 rows=1 width=736)

for: distinct_ranges
table 1 : explain SELECT DISTINCT c FROM sbtest1 WHERE id BETWEEN 9421106 AND 9421205 ORDER BY c
	Unique  (cost=390.71..391.22 rows=101 width=121)
	  ->  Sort  (cost=390.71..390.96 rows=101 width=121)
	        Sort Key: c
	        ->  Index Scan using sbtest1_pkey on sbtest1  (cost=0.43..387.35 rows=101 width=121)
	              Index Cond: ((id >= 9421106) AND (id <= 9421205))

table 2 : explain SELECT DISTINCT c FROM sbtest2 WHERE id BETWEEN 9645097 AND 9645196 ORDER BY c
	Unique  (cost=371.81..372.29 rows=96 width=121)
	  ->  Sort  (cost=371.81..372.05 rows=96 width=121)
	        Sort Key: c
	        ->  Index Scan using sbtest2_pkey on sbtest2  (cost=0.43..368.65 rows=96 width=121)
	              Index Cond: ((id >= 9645097) AND (id <= 9645196))

table 3 : explain SELECT DISTINCT c FROM sbtest3 WHERE id BETWEEN 3098434 AND 3098533 ORDER BY c
	Unique  (cost=396.18..396.69 rows=103 width=121)
	  ->  Sort  (cost=396.18..396.44 rows=103 width=121)
	        Sort Key: c
	        ->  Index Scan using sbtest3_pkey on sbtest3  (cost=0.43..392.73 rows=103 width=121)
	              Index Cond: ((id >= 3098434) AND (id <= 3098533))

table 4 : explain SELECT DISTINCT c FROM sbtest4 WHERE id BETWEEN 9929268 AND 9929367 ORDER BY c
	Unique  (cost=391.93..392.44 rows=101 width=121)
	  ->  Sort  (cost=391.93..392.19 rows=101 width=121)
	        Sort Key: c
	        ->  Index Scan using sbtest4_pkey on sbtest4  (cost=0.43..388.57 rows=101 width=121)
	              Index Cond: ((id >= 9929268) AND (id <= 9929367))

table 5 : explain SELECT DISTINCT c FROM sbtest5 WHERE id BETWEEN 6440112 AND 6440211 ORDER BY c
	Unique  (cost=385.60..386.10 rows=100 width=121)
	  ->  Sort  (cost=385.60..385.85 rows=100 width=121)
	        Sort Key: c
	        ->  Index Scan using sbtest5_pkey on sbtest5  (cost=0.43..382.28 rows=100 width=121)
	              Index Cond: ((id >= 6440112) AND (id <= 6440211))

table 6 : explain SELECT DISTINCT c FROM sbtest6 WHERE id BETWEEN 7273901 AND 7274000 ORDER BY c
	Unique  (cost=347.55..348.00 rows=90 width=121)
	  ->  Sort  (cost=347.55..347.78 rows=90 width=121)
	        Sort Key: c
	        ->  Index Scan using sbtest6_pkey on sbtest6  (cost=0.43..344.63 rows=90 width=121)
	              Index Cond: ((id >= 7273901) AND (id <= 7274000))

table 7 : explain SELECT DISTINCT c FROM sbtest7 WHERE id BETWEEN 3815766 AND 3815865 ORDER BY c
	Unique  (cost=400.23..400.75 rows=103 width=121)
	  ->  Sort  (cost=400.23..400.49 rows=103 width=121)
	        Sort Key: c
	        ->  Index Scan using sbtest7_pkey on sbtest7  (cost=0.43..396.79 rows=103 width=121)
	              Index Cond: ((id >= 3815766) AND (id <= 3815865))

table 8 : explain SELECT DISTINCT c FROM sbtest8 WHERE id BETWEEN 7842086 AND 7842185 ORDER BY c
	Unique  (cost=403.99..404.51 rows=104 width=121)
	  ->  Sort  (cost=403.99..404.25 rows=104 width=121)
	        Sort Key: c
	        ->  Index Scan using sbtest8_pkey on sbtest8  (cost=0.43..400.50 rows=104 width=121)
	              Index Cond: ((id >= 7842086) AND (id <= 7842185))

for point_selects
table 1 : explain SELECT c FROM sbtest1 WHERE id=132714
	Index Scan using sbtest1_pkey on sbtest1  (cost=0.43..8.45 rows=1 width=121)
	  Index Cond: (id = 132714)

table 2 : explain SELECT c FROM sbtest2 WHERE id=9207099
	Index Scan using sbtest2_pkey on sbtest2  (cost=0.43..8.45 rows=1 width=121)
	  Index Cond: (id = 9207099)

table 3 : explain SELECT c FROM sbtest3 WHERE id=1457251
	Index Scan using sbtest3_pkey on sbtest3  (cost=0.43..8.45 rows=1 width=121)
	  Index Cond: (id = 1457251)

table 4 : explain SELECT c FROM sbtest4 WHERE id=4979025
	Index Scan using sbtest4_pkey on sbtest4  (cost=0.43..8.45 rows=1 width=121)
	  Index Cond: (id = 4979025)

table 5 : explain SELECT c FROM sbtest5 WHERE id=2603888
	Index Scan using sbtest5_pkey on sbtest5  (cost=0.43..8.45 rows=1 width=121)
	  Index Cond: (id = 2603888)

table 6 : explain SELECT c FROM sbtest6 WHERE id=877506
	Index Scan using sbtest6_pkey on sbtest6  (cost=0.43..8.45 rows=1 width=121)
	  Index Cond: (id = 877506)

table 7 : explain SELECT c FROM sbtest7 WHERE id=7720531
	Index Scan using sbtest7_pkey on sbtest7  (cost=0.43..8.45 rows=1 width=121)
	  Index Cond: (id = 7720531)

table 8 : explain SELECT c FROM sbtest8 WHERE id=7126260
	Index Scan using sbtest8_pkey on sbtest8  (cost=0.43..8.45 rows=1 width=121)
	  Index Cond: (id = 7126260)

for: distinct_ranges
table 1 : explain SELECT DISTINCT c FROM sbtest1 WHERE id BETWEEN 6911081 AND 6911180 ORDER BY c
	Unique  (cost=371.57..372.05 rows=96 width=121)
	  ->  Sort  (cost=371.57..371.81 rows=96 width=121)
	        Sort Key: c
	        ->  Index Scan using sbtest1_pkey on sbtest1  (cost=0.43..368.41 rows=96 width=121)
	              Index Cond: ((id >= 6911081) AND (id <= 6911180))

table 2 : explain SELECT DISTINCT c FROM sbtest2 WHERE id BETWEEN 6496448 AND 6496547 ORDER BY c
	Unique  (cost=367.98..368.45 rows=95 width=121)
	  ->  Sort  (cost=367.98..368.21 rows=95 width=121)
	        Sort Key: c
	        ->  Index Scan using sbtest2_pkey on sbtest2  (cost=0.43..364.86 rows=95 width=121)
	              Index Cond: ((id >= 6496448) AND (id <= 6496547))

table 3 : explain SELECT DISTINCT c FROM sbtest3 WHERE id BETWEEN 7454817 AND 7454916 ORDER BY c
	Unique  (cost=373.34..373.83 rows=97 width=121)
	  ->  Sort  (cost=373.34..373.58 rows=97 width=121)
	        Sort Key: c
	        ->  Index Scan using sbtest3_pkey on sbtest3  (cost=0.43..370.14 rows=97 width=121)
	              Index Cond: ((id >= 7454817) AND (id <= 7454916))

table 4 : explain SELECT DISTINCT c FROM sbtest4 WHERE id BETWEEN 2385033 AND 2385132 ORDER BY c
	Unique  (cost=395.77..396.28 rows=102 width=121)
	  ->  Sort  (cost=395.77..396.03 rows=102 width=121)
	        Sort Key: c
	        ->  Index Scan using sbtest4_pkey on sbtest4  (cost=0.43..392.37 rows=102 width=121)
	              Index Cond: ((id >= 2385033) AND (id <= 2385132))

table 5 : explain SELECT DISTINCT c FROM sbtest5 WHERE id BETWEEN 8819085 AND 8819184 ORDER BY c
	Unique  (cost=458.09..458.68 rows=119 width=121)
	  ->  Sort  (cost=458.09..458.38 rows=119 width=121)
	        Sort Key: c
	        ->  Index Scan using sbtest5_pkey on sbtest5  (cost=0.43..453.98 rows=119 width=121)
	              Index Cond: ((id >= 8819085) AND (id <= 8819184))

table 6 : explain SELECT DISTINCT c FROM sbtest6 WHERE id BETWEEN 8127108 AND 8127207 ORDER BY c
	Unique  (cost=385.77..386.27 rows=100 width=121)
	  ->  Sort  (cost=385.77..386.02 rows=100 width=121)
	        Sort Key: c
	        ->  Index Scan using sbtest6_pkey on sbtest6  (cost=0.43..382.45 rows=100 width=121)
	              Index Cond: ((id >= 8127108) AND (id <= 8127207))

table 7 : explain SELECT DISTINCT c FROM sbtest7 WHERE id BETWEEN 6966228 AND 6966327 ORDER BY c
	Unique  (cost=357.93..358.39 rows=92 width=121)
	  ->  Sort  (cost=357.93..358.16 rows=92 width=121)
	        Sort Key: c
	        ->  Index Scan using sbtest7_pkey on sbtest7  (cost=0.43..354.93 rows=92 width=121)
	              Index Cond: ((id >= 6966228) AND (id <= 6966327))

table 8 : explain SELECT DISTINCT c FROM sbtest8 WHERE id BETWEEN 5574312 AND 5574411 ORDER BY c
	Unique  (cost=365.48..365.95 rows=94 width=121)
	  ->  Sort  (cost=365.48..365.72 rows=94 width=121)
	        Sort Key: c
	        ->  Index Scan using sbtest8_pkey on sbtest8  (cost=0.43..362.40 rows=94 width=121)
	              Index Cond: ((id >= 5574312) AND (id <= 5574411))

explain: for index_updates :: explain UPDATE sbtest%u SET k=k+1 WHERE id=%u
for index_updates
table 1 : explain UPDATE sbtest1 SET k=k+1 WHERE id=2732169
	Update on sbtest1  (cost=0.43..8.46 rows=1 width=196)
	  ->  Index Scan using sbtest1_pkey on sbtest1  (cost=0.43..8.46 rows=1 width=196)
	        Index Cond: (id = 2732169)

table 2 : explain UPDATE sbtest2 SET k=k+1 WHERE id=943361
	Update on sbtest2  (cost=0.43..8.46 rows=1 width=196)
	  ->  Index Scan using sbtest2_pkey on sbtest2  (cost=0.43..8.46 rows=1 width=196)
	        Index Cond: (id = 943361)

table 3 : explain UPDATE sbtest3 SET k=k+1 WHERE id=4177457
	Update on sbtest3  (cost=0.43..8.46 rows=1 width=196)
	  ->  Index Scan using sbtest3_pkey on sbtest3  (cost=0.43..8.46 rows=1 width=196)
	        Index Cond: (id = 4177457)

table 4 : explain UPDATE sbtest4 SET k=k+1 WHERE id=7561873
	Update on sbtest4  (cost=0.43..8.46 rows=1 width=196)
	  ->  Index Scan using sbtest4_pkey on sbtest4  (cost=0.43..8.46 rows=1 width=196)
	        Index Cond: (id = 7561873)

table 5 : explain UPDATE sbtest5 SET k=k+1 WHERE id=9281863
	Update on sbtest5  (cost=0.43..8.46 rows=1 width=196)
	  ->  Index Scan using sbtest5_pkey on sbtest5  (cost=0.43..8.46 rows=1 width=196)
	        Index Cond: (id = 9281863)

table 6 : explain UPDATE sbtest6 SET k=k+1 WHERE id=7405520
	Update on sbtest6  (cost=0.43..8.46 rows=1 width=196)
	  ->  Index Scan using sbtest6_pkey on sbtest6  (cost=0.43..8.46 rows=1 width=196)
	        Index Cond: (id = 7405520)

table 7 : explain UPDATE sbtest7 SET k=k+1 WHERE id=925508
	Update on sbtest7  (cost=0.43..8.46 rows=1 width=196)
	  ->  Index Scan using sbtest7_pkey on sbtest7  (cost=0.43..8.46 rows=1 width=196)
	        Index Cond: (id = 925508)

table 8 : explain UPDATE sbtest8 SET k=k+1 WHERE id=9396306
	Update on sbtest8  (cost=0.43..8.46 rows=1 width=196)
	  ->  Index Scan using sbtest8_pkey on sbtest8  (cost=0.43..8.46 rows=1 width=196)
	        Index Cond: (id = 9396306)

for: sum_ranges
table 1 : explain SELECT SUM(k) FROM sbtest1 WHERE id BETWEEN 4397829 AND 4397928
	Aggregate  (cost=376.23..376.24 rows=1 width=8)
	  ->  Index Scan using sbtest1_pkey on sbtest1  (cost=0.43..375.99 rows=98 width=4)
	        Index Cond: ((id >= 4397829) AND (id <= 4397928))

table 2 : explain SELECT SUM(k) FROM sbtest2 WHERE id BETWEEN 6841526 AND 6841625
	Aggregate  (cost=368.89..368.90 rows=1 width=8)
	  ->  Index Scan using sbtest2_pkey on sbtest2  (cost=0.43..368.65 rows=96 width=4)
	        Index Cond: ((id >= 6841526) AND (id <= 6841625))

table 3 : explain SELECT SUM(k) FROM sbtest3 WHERE id BETWEEN 7825765 AND 7825864
	Aggregate  (cost=381.69..381.70 rows=1 width=8)
	  ->  Index Scan using sbtest3_pkey on sbtest3  (cost=0.43..381.44 rows=100 width=4)
	        Index Cond: ((id >= 7825765) AND (id <= 7825864))

table 4 : explain SELECT SUM(k) FROM sbtest4 WHERE id BETWEEN 8873888 AND 8873987
	Aggregate  (cost=369.81..369.82 rows=1 width=8)
	  ->  Index Scan using sbtest4_pkey on sbtest4  (cost=0.43..369.57 rows=96 width=4)
	        Index Cond: ((id >= 8873888) AND (id <= 8873987))

table 5 : explain SELECT SUM(k) FROM sbtest5 WHERE id BETWEEN 6268325 AND 6268424
	Aggregate  (cost=393.85..393.86 rows=1 width=8)
	  ->  Index Scan using sbtest5_pkey on sbtest5  (cost=0.43..393.60 rows=103 width=4)
	        Index Cond: ((id >= 6268325) AND (id <= 6268424))

table 6 : explain SELECT SUM(k) FROM sbtest6 WHERE id BETWEEN 1920093 AND 1920192
	Aggregate  (cost=367.59..367.60 rows=1 width=8)
	  ->  Index Scan using sbtest6_pkey on sbtest6  (cost=0.43..367.35 rows=96 width=4)
	        Index Cond: ((id >= 1920093) AND (id <= 1920192))

table 7 : explain SELECT SUM(k) FROM sbtest7 WHERE id BETWEEN 427650 AND 427749
	Aggregate  (cost=374.20..374.21 rows=1 width=8)
	  ->  Index Scan using sbtest7_pkey on sbtest7  (cost=0.43..373.96 rows=97 width=4)
	        Index Cond: ((id >= 427650) AND (id <= 427749))

table 8 : explain SELECT SUM(k) FROM sbtest8 WHERE id BETWEEN 9484656 AND 9484755
	Aggregate  (cost=393.15..393.16 rows=1 width=8)
	  ->  Index Scan using sbtest8_pkey on sbtest8  (cost=0.43..392.90 rows=102 width=4)
	        Index Cond: ((id >= 9484656) AND (id <= 9484755))

for: simple_ranges
table 1 : explain SELECT c FROM sbtest1 WHERE id BETWEEN 7918914 AND 7919013
	Index Scan using sbtest1_pkey on sbtest1  (cost=0.43..398.71 rows=104 width=121)
	  Index Cond: ((id >= 7918914) AND (id <= 7919013))

table 2 : explain SELECT c FROM sbtest2 WHERE id BETWEEN 837549 AND 837648
	Index Scan using sbtest2_pkey on sbtest2  (cost=0.43..387.65 rows=101 width=121)
	  Index Cond: ((id >= 837549) AND (id <= 837648))

table 3 : explain SELECT c FROM sbtest3 WHERE id BETWEEN 7763972 AND 7764071
	Index Scan using sbtest3_pkey on sbtest3  (cost=0.43..385.20 rows=101 width=121)
	  Index Cond: ((id >= 7763972) AND (id <= 7764071))

table 4 : explain SELECT c FROM sbtest4 WHERE id BETWEEN 3776985 AND 3777084
	Index Scan using sbtest4_pkey on sbtest4  (cost=0.43..399.97 rows=104 width=121)
	  Index Cond: ((id >= 3776985) AND (id <= 3777084))

table 5 : explain SELECT c FROM sbtest5 WHERE id BETWEEN 3118166 AND 3118265
	Index Scan using sbtest5_pkey on sbtest5  (cost=0.43..359.63 rows=94 width=121)
	  Index Cond: ((id >= 3118166) AND (id <= 3118265))

table 6 : explain SELECT c FROM sbtest6 WHERE id BETWEEN 1675407 AND 1675506
	Index Scan using sbtest6_pkey on sbtest6  (cost=0.43..390.00 rows=102 width=121)
	  Index Cond: ((id >= 1675407) AND (id <= 1675506))

table 7 : explain SELECT c FROM sbtest7 WHERE id BETWEEN 991356 AND 991455
	Index Scan using sbtest7_pkey on sbtest7  (cost=0.43..423.43 rows=110 width=121)
	  Index Cond: ((id >= 991356) AND (id <= 991455))

table 8 : explain SELECT c FROM sbtest8 WHERE id BETWEEN 4471790 AND 4471889
	Index Scan using sbtest8_pkey on sbtest8  (cost=0.43..423.33 rows=110 width=121)
	  Index Cond: ((id >= 4471790) AND (id <= 4471889))

explain: for index_updates :: explain UPDATE sbtest%u SET k=k+1 WHERE id=%u
explain: for point_selects :: explain SELECT c FROM sbtest%u WHERE id=%u
for: order_ranges
table 1 : explain SELECT c FROM sbtest1 WHERE id BETWEEN 9729750 AND 9729849 ORDER BY c
	Sort  (cost=402.20..402.46 rows=104 width=121)
	  Sort Key: c
	  ->  Index Scan using sbtest1_pkey on sbtest1  (cost=0.43..398.71 rows=104 width=121)
	        Index Cond: ((id >= 9729750) AND (id <= 9729849))

table 2 : explain SELECT c FROM sbtest2 WHERE id BETWEEN 1650180 AND 1650279 ORDER BY c
	Sort  (cost=367.98..368.21 rows=95 width=121)
	  Sort Key: c
	  ->  Index Scan using sbtest2_pkey on sbtest2  (cost=0.43..364.86 rows=95 width=121)
	        Index Cond: ((id >= 1650180) AND (id <= 1650279))

table 3 : explain SELECT c FROM sbtest3 WHERE id BETWEEN 9784123 AND 9784222 ORDER BY c
	Sort  (cost=399.98..400.24 rows=104 width=121)
	  Sort Key: c
	  ->  Index Scan using sbtest3_pkey on sbtest3  (cost=0.43..396.50 rows=104 width=121)
	        Index Cond: ((id >= 9784123) AND (id <= 9784222))

table 4 : explain SELECT c FROM sbtest4 WHERE id BETWEEN 8295085 AND 8295184 ORDER BY c
	Sort  (cost=426.50..426.77 rows=110 width=121)
	  Sort Key: c
	  ->  Index Scan using sbtest4_pkey on sbtest4  (cost=0.43..422.77 rows=110 width=121)
	        Index Cond: ((id >= 8295085) AND (id <= 8295184))

table 5 : explain SELECT c FROM sbtest5 WHERE id BETWEEN 6556532 AND 6556631 ORDER BY c
	Sort  (cost=385.60..385.85 rows=100 width=121)
	  Sort Key: c
	  ->  Index Scan using sbtest5_pkey on sbtest5  (cost=0.43..382.28 rows=100 width=121)
	        Index Cond: ((id >= 6556532) AND (id <= 6556631))

table 6 : explain SELECT c FROM sbtest6 WHERE id BETWEEN 6357808 AND 6357907 ORDER BY c
	Sort  (cost=351.37..351.59 rows=91 width=121)
	  Sort Key: c
	  ->  Index Scan using sbtest6_pkey on sbtest6  (cost=0.43..348.40 rows=91 width=121)
	        Index Cond: ((id >= 6357808) AND (id <= 6357907))

table 7 : explain SELECT c FROM sbtest7 WHERE id BETWEEN 537653 AND 537752 ORDER BY c
	Sort  (cost=330.96..331.17 rows=85 width=121)
	  Sort Key: c
	  ->  Index Scan using sbtest7_pkey on sbtest7  (cost=0.43..328.24 rows=85 width=121)
	        Index Cond: ((id >= 537653) AND (id <= 537752))

table 8 : explain SELECT c FROM sbtest8 WHERE id BETWEEN 9639487 AND 9639586 ORDER BY c
	Sort  (cost=415.53..415.79 rows=107 width=121)
	  Sort Key: c
	  ->  Index Scan using sbtest8_pkey on sbtest8  (cost=0.43..411.92 rows=107 width=121)
	        Index Cond: ((id >= 9639487) AND (id <= 9639586))

for: sum_ranges
table 1 : explain SELECT SUM(k) FROM sbtest1 WHERE id BETWEEN 4626469 AND 4626568
	Aggregate  (cost=395.18..395.19 rows=1 width=8)
	  ->  Index Scan using sbtest1_pkey on sbtest1  (cost=0.43..394.92 rows=103 width=4)
	        Index Cond: ((id >= 4626469) AND (id <= 4626568))

table 2 : explain SELECT SUM(k) FROM sbtest2 WHERE id BETWEEN 8949452 AND 8949551
	Aggregate  (cost=387.91..387.92 rows=1 width=8)
	  ->  Index Scan using sbtest2_pkey on sbtest2  (cost=0.43..387.65 rows=101 width=4)
	        Index Cond: ((id >= 8949452) AND (id <= 8949551))

table 3 : explain SELECT SUM(k) FROM sbtest3 WHERE id BETWEEN 7686986 AND 7687085
	Aggregate  (cost=415.60..415.61 rows=1 width=8)
	  ->  Index Scan using sbtest3_pkey on sbtest3  (cost=0.43..415.33 rows=109 width=4)
	        Index Cond: ((id >= 7686986) AND (id <= 7687085))

table 4 : explain SELECT SUM(k) FROM sbtest4 WHERE id BETWEEN 1126713 AND 1126812
	Aggregate  (cost=377.42..377.43 rows=1 width=8)
	  ->  Index Scan using sbtest4_pkey on sbtest4  (cost=0.43..377.17 rows=98 width=4)
	        Index Cond: ((id >= 1126713) AND (id <= 1126812))

table 5 : explain SELECT SUM(k) FROM sbtest5 WHERE id BETWEEN 753916 AND 754015
	Aggregate  (cost=374.97..374.98 rows=1 width=8)
	  ->  Index Scan using sbtest5_pkey on sbtest5  (cost=0.43..374.73 rows=98 width=4)
	        Index Cond: ((id >= 753916) AND (id <= 754015))

table 6 : explain SELECT SUM(k) FROM sbtest6 WHERE id BETWEEN 5599509 AND 5599608
	Aggregate  (cost=405.37..405.38 rows=1 width=8)
	  ->  Index Scan using sbtest6_pkey on sbtest6  (cost=0.43..405.10 rows=106 width=4)
	        Index Cond: ((id >= 5599509) AND (id <= 5599608))

table 7 : explain SELECT SUM(k) FROM sbtest7 WHERE id BETWEEN 2243338 AND 2243437
	Aggregate  (cost=370.39..370.40 rows=1 width=8)
	  ->  Index Scan using sbtest7_pkey on sbtest7  (cost=0.43..370.15 rows=96 width=4)
	        Index Cond: ((id >= 2243338) AND (id <= 2243437))

table 8 : explain SELECT SUM(k) FROM sbtest8 WHERE id BETWEEN 8685895 AND 8685994
	Aggregate  (cost=362.64..362.65 rows=1 width=8)
	  ->  Index Scan using sbtest8_pkey on sbtest8  (cost=0.43..362.40 rows=94 width=4)
	        Index Cond: ((id >= 8685895) AND (id <= 8685994))

for: sum_ranges
table 1 : explain SELECT SUM(k) FROM sbtest1 WHERE id BETWEEN 8523455 AND 8523554
	Aggregate  (cost=391.39..391.40 rows=1 width=8)
	  ->  Index Scan using sbtest1_pkey on sbtest1  (cost=0.43..391.14 rows=102 width=4)
	        Index Cond: ((id >= 8523455) AND (id <= 8523554))

table 2 : explain SELECT SUM(k) FROM sbtest2 WHERE id BETWEEN 7733164 AND 7733263
	Aggregate  (cost=361.30..361.31 rows=1 width=8)
	  ->  Index Scan using sbtest2_pkey on sbtest2  (cost=0.43..361.06 rows=94 width=4)
	        Index Cond: ((id >= 7733164) AND (id <= 7733263))

table 3 : explain SELECT SUM(k) FROM sbtest3 WHERE id BETWEEN 8573867 AND 8573966
	Aggregate  (cost=411.83..411.84 rows=1 width=8)
	  ->  Index Scan using sbtest3_pkey on sbtest3  (cost=0.43..411.56 rows=108 width=4)
	        Index Cond: ((id >= 8573867) AND (id <= 8573966))

table 4 : explain SELECT SUM(k) FROM sbtest4 WHERE id BETWEEN 5673281 AND 5673380
	Aggregate  (cost=381.22..381.23 rows=1 width=8)
	  ->  Index Scan using sbtest4_pkey on sbtest4  (cost=0.43..380.97 rows=99 width=4)
	        Index Cond: ((id >= 5673281) AND (id <= 5673380))

table 5 : explain SELECT SUM(k) FROM sbtest5 WHERE id BETWEEN 8469464 AND 8469563
	Aggregate  (cost=408.96..408.97 rows=1 width=8)
	  ->  Index Scan using sbtest5_pkey on sbtest5  (cost=0.43..408.69 rows=107 width=4)
	        Index Cond: ((id >= 8469464) AND (id <= 8469563))

table 6 : explain SELECT SUM(k) FROM sbtest6 WHERE id BETWEEN 9184560 AND 9184659
	Aggregate  (cost=363.81..363.82 rows=1 width=8)
	  ->  Index Scan using sbtest6_pkey on sbtest6  (cost=0.43..363.57 rows=95 width=4)
	        Index Cond: ((id >= 9184560) AND (id <= 9184659))

table 7 : explain SELECT SUM(k) FROM sbtest7 WHERE id BETWEEN 7800545 AND 7800644
	Aggregate  (cost=404.66..404.67 rows=1 width=8)
	  ->  Index Scan using sbtest7_pkey on sbtest7  (cost=0.43..404.40 rows=105 width=4)
	        Index Cond: ((id >= 7800545) AND (id <= 7800644))

table 8 : explain SELECT SUM(k) FROM sbtest8 WHERE id BETWEEN 7729298 AND 7729397
	Aggregate  (cost=431.22..431.23 rows=1 width=8)
	  ->  Index Scan using sbtest8_pkey on sbtest8  (cost=0.43..430.94 rows=112 width=4)
	        Index Cond: ((id >= 7729298) AND (id <= 7729397))

for: order_ranges
table 1 : explain SELECT c FROM sbtest1 WHERE id BETWEEN 2233104 AND 2233203 ORDER BY c
	Sort  (cost=383.06..383.30 rows=99 width=121)
	  Sort Key: c
	  ->  Index Scan using sbtest1_pkey on sbtest1  (cost=0.43..379.78 rows=99 width=121)
	        Index Cond: ((id >= 2233104) AND (id <= 2233203))

table 2 : explain SELECT c FROM sbtest2 WHERE id BETWEEN 6328946 AND 6329045 ORDER BY c
	Sort  (cost=394.85..395.10 rows=102 width=121)
	  Sort Key: c
	  ->  Index Scan using sbtest2_pkey on sbtest2  (cost=0.43..391.44 rows=102 width=121)
	        Index Cond: ((id >= 6328946) AND (id <= 6329045))

table 3 : explain SELECT c FROM sbtest3 WHERE id BETWEEN 8430199 AND 8430298 ORDER BY c
	Sort  (cost=388.57..388.82 rows=101 width=121)
	  Sort Key: c
	  ->  Index Scan using sbtest3_pkey on sbtest3  (cost=0.43..385.20 rows=101 width=121)
	        Index Cond: ((id >= 8430199) AND (id <= 8430298))

table 4 : explain SELECT c FROM sbtest4 WHERE id BETWEEN 3224518 AND 3224617 ORDER BY c
	Sort  (cost=388.09..388.34 rows=100 width=121)
	  Sort Key: c
	  ->  Index Scan using sbtest4_pkey on sbtest4  (cost=0.43..384.77 rows=100 width=121)
	        Index Cond: ((id >= 3224518) AND (id <= 3224617))

table 5 : explain SELECT c FROM sbtest5 WHERE id BETWEEN 3082297 AND 3082396 ORDER BY c
	Sort  (cost=362.71..362.95 rows=94 width=121)
	  Sort Key: c
	  ->  Index Scan using sbtest5_pkey on sbtest5  (cost=0.43..359.63 rows=94 width=121)
	        Index Cond: ((id >= 3082297) AND (id <= 3082396))

table 6 : explain SELECT c FROM sbtest6 WHERE id BETWEEN 1126198 AND 1126297 ORDER BY c
	Sort  (cost=385.77..386.02 rows=100 width=121)
	  Sort Key: c
	  ->  Index Scan using sbtest6_pkey on sbtest6  (cost=0.43..382.45 rows=100 width=121)
	        Index Cond: ((id >= 1126198) AND (id <= 1126297))

table 7 : explain SELECT c FROM sbtest7 WHERE id BETWEEN 8233198 AND 8233297 ORDER BY c
	Sort  (cost=407.93..408.19 rows=105 width=121)
	  Sort Key: c
	  ->  Index Scan using sbtest7_pkey on sbtest7  (cost=0.43..404.40 rows=105 width=121)
	        Index Cond: ((id >= 8233198) AND (id <= 8233297))

table 8 : explain SELECT c FROM sbtest8 WHERE id BETWEEN 5469270 AND 5469369 ORDER BY c
	Sort  (cost=411.68..411.94 rows=106 width=121)
	  Sort Key: c
	  ->  Index Scan using sbtest8_pkey on sbtest8  (cost=0.43..408.11 rows=106 width=121)
	        Index Cond: ((id >= 5469270) AND (id <= 5469369))

for: simple_ranges
table 1 : explain SELECT c FROM sbtest1 WHERE id BETWEEN 8840764 AND 8840863
	Index Scan using sbtest1_pkey on sbtest1  (cost=0.43..356.99 rows=93 width=121)
	  Index Cond: ((id >= 8840764) AND (id <= 8840863))

table 2 : explain SELECT c FROM sbtest2 WHERE id BETWEEN 380714 AND 380813
	Index Scan using sbtest2_pkey on sbtest2  (cost=0.43..372.44 rows=97 width=121)
	  Index Cond: ((id >= 380714) AND (id <= 380813))

table 3 : explain SELECT c FROM sbtest3 WHERE id BETWEEN 366018 AND 366117
	Index Scan using sbtest3_pkey on sbtest3  (cost=0.43..404.03 rows=106 width=121)
	  Index Cond: ((id >= 366018) AND (id <= 366117))

table 4 : explain SELECT c FROM sbtest4 WHERE id BETWEEN 3841121 AND 3841220
	Index Scan using sbtest4_pkey on sbtest4  (cost=0.43..411.37 rows=107 width=121)
	  Index Cond: ((id >= 3841121) AND (id <= 3841220))

table 5 : explain SELECT c FROM sbtest5 WHERE id BETWEEN 4649778 AND 4649877
	Index Scan using sbtest5_pkey on sbtest5  (cost=0.43..374.73 rows=98 width=121)
	  Index Cond: ((id >= 4649778) AND (id <= 4649877))

table 6 : explain SELECT c FROM sbtest6 WHERE id BETWEEN 7511430 AND 7511529
	Index Scan using sbtest6_pkey on sbtest6  (cost=0.43..378.67 rows=99 width=121)
	  Index Cond: ((id >= 7511430) AND (id <= 7511529))

table 7 : explain SELECT c FROM sbtest7 WHERE id BETWEEN 8688236 AND 8688335
	Index Scan using sbtest7_pkey on sbtest7  (cost=0.43..396.79 rows=103 width=121)
	  Index Cond: ((id >= 8688236) AND (id <= 8688335))

table 8 : explain SELECT c FROM sbtest8 WHERE id BETWEEN 4849193 AND 4849292
	Index Scan using sbtest8_pkey on sbtest8  (cost=0.43..419.53 rows=109 width=121)
	  Index Cond: ((id >= 4849193) AND (id <= 4849292))

for index_updates
table 1 : explain UPDATE sbtest1 SET k=k+1 WHERE id=3264493
	Update on sbtest1  (cost=0.43..8.46 rows=1 width=196)
	  ->  Index Scan using sbtest1_pkey on sbtest1  (cost=0.43..8.46 rows=1 width=196)
	        Index Cond: (id = 3264493)

table 2 : explain UPDATE sbtest2 SET k=k+1 WHERE id=7480578
	Update on sbtest2  (cost=0.43..8.46 rows=1 width=196)
	  ->  Index Scan using sbtest2_pkey on sbtest2  (cost=0.43..8.46 rows=1 width=196)
	        Index Cond: (id = 7480578)

table 3 : explain UPDATE sbtest3 SET k=k+1 WHERE id=8761169
	Update on sbtest3  (cost=0.43..8.46 rows=1 width=196)
	  ->  Index Scan using sbtest3_pkey on sbtest3  (cost=0.43..8.46 rows=1 width=196)
	        Index Cond: (id = 8761169)

table 4 : explain UPDATE sbtest4 SET k=k+1 WHERE id=7959295
	Update on sbtest4  (cost=0.43..8.46 rows=1 width=196)
	  ->  Index Scan using sbtest4_pkey on sbtest4  (cost=0.43..8.46 rows=1 width=196)
	        Index Cond: (id = 7959295)

table 5 : explain UPDATE sbtest5 SET k=k+1 WHERE id=4533713
	Update on sbtest5  (cost=0.43..8.46 rows=1 width=196)
	  ->  Index Scan using sbtest5_pkey on sbtest5  (cost=0.43..8.46 rows=1 width=196)
	        Index Cond: (id = 4533713)

table 6 : explain UPDATE sbtest6 SET k=k+1 WHERE id=5887660
	Update on sbtest6  (cost=0.43..8.46 rows=1 width=196)
	  ->  Index Scan using sbtest6_pkey on sbtest6  (cost=0.43..8.46 rows=1 width=196)
	        Index Cond: (id = 5887660)

table 7 : explain UPDATE sbtest7 SET k=k+1 WHERE id=8812100
	Update on sbtest7  (cost=0.43..8.46 rows=1 width=196)
	  ->  Index Scan using sbtest7_pkey on sbtest7  (cost=0.43..8.46 rows=1 width=196)
	        Index Cond: (id = 8812100)

table 8 : explain UPDATE sbtest8 SET k=k+1 WHERE id=8882596
	Update on sbtest8  (cost=0.43..8.46 rows=1 width=196)
	  ->  Index Scan using sbtest8_pkey on sbtest8  (cost=0.43..8.46 rows=1 width=196)
	        Index Cond: (id = 8882596)

explain: for point_selects :: explain SELECT c FROM sbtest%u WHERE id=%u
for index_updates
table 1 : explain UPDATE sbtest1 SET k=k+1 WHERE id=959542
	Update on sbtest1  (cost=0.43..8.46 rows=1 width=196)
	  ->  Index Scan using sbtest1_pkey on sbtest1  (cost=0.43..8.46 rows=1 width=196)
	        Index Cond: (id = 959542)

table 2 : explain UPDATE sbtest2 SET k=k+1 WHERE id=2651051
	Update on sbtest2  (cost=0.43..8.46 rows=1 width=196)
	  ->  Index Scan using sbtest2_pkey on sbtest2  (cost=0.43..8.46 rows=1 width=196)
	        Index Cond: (id = 2651051)

table 3 : explain UPDATE sbtest3 SET k=k+1 WHERE id=769417
	Update on sbtest3  (cost=0.43..8.46 rows=1 width=196)
	  ->  Index Scan using sbtest3_pkey on sbtest3  (cost=0.43..8.46 rows=1 width=196)
	        Index Cond: (id = 769417)

table 4 : explain UPDATE sbtest4 SET k=k+1 WHERE id=3071883
	Update on sbtest4  (cost=0.43..8.46 rows=1 width=196)
	  ->  Index Scan using sbtest4_pkey on sbtest4  (cost=0.43..8.46 rows=1 width=196)
	        Index Cond: (id = 3071883)

table 5 : explain UPDATE sbtest5 SET k=k+1 WHERE id=8686247
	Update on sbtest5  (cost=0.43..8.46 rows=1 width=196)
	  ->  Index Scan using sbtest5_pkey on sbtest5  (cost=0.43..8.46 rows=1 width=196)
	        Index Cond: (id = 8686247)

table 6 : explain UPDATE sbtest6 SET k=k+1 WHERE id=5471737
	Update on sbtest6  (cost=0.43..8.46 rows=1 width=196)
	  ->  Index Scan using sbtest6_pkey on sbtest6  (cost=0.43..8.46 rows=1 width=196)
	        Index Cond: (id = 5471737)

table 7 : explain UPDATE sbtest7 SET k=k+1 WHERE id=6085541
	Update on sbtest7  (cost=0.43..8.46 rows=1 width=196)
	  ->  Index Scan using sbtest7_pkey on sbtest7  (cost=0.43..8.46 rows=1 width=196)
	        Index Cond: (id = 6085541)

table 8 : explain UPDATE sbtest8 SET k=k+1 WHERE id=8449635
	Update on sbtest8  (cost=0.43..8.46 rows=1 width=196)
	  ->  Index Scan using sbtest8_pkey on sbtest8  (cost=0.43..8.46 rows=1 width=196)
	        Index Cond: (id = 8449635)

explain: for point_selects :: explain SELECT c FROM sbtest%u WHERE id=%u
explain: for non_index_updates :: explain UPDATE sbtest%u SET c='foobar' WHERE id=%u
explain: for non_index_updates :: explain UPDATE sbtest%u SET c='foobar' WHERE id=%u
for: sum_ranges
table 1 : explain SELECT SUM(k) FROM sbtest1 WHERE id BETWEEN 7039687 AND 7039786
	Aggregate  (cost=410.34..410.35 rows=1 width=8)
	  ->  Index Scan using sbtest1_pkey on sbtest1  (cost=0.43..410.07 rows=107 width=4)
	        Index Cond: ((id >= 7039687) AND (id <= 7039786))

table 2 : explain SELECT SUM(k) FROM sbtest2 WHERE id BETWEEN 761602 AND 761701
	Aggregate  (cost=380.32..380.33 rows=1 width=8)
	  ->  Index Scan using sbtest2_pkey on sbtest2  (cost=0.43..380.07 rows=99 width=4)
	        Index Cond: ((id >= 761602) AND (id <= 761701))

table 3 : explain SELECT SUM(k) FROM sbtest3 WHERE id BETWEEN 6564139 AND 6564238
	Aggregate  (cost=370.38..370.39 rows=1 width=8)
	  ->  Index Scan using sbtest3_pkey on sbtest3  (cost=0.43..370.14 rows=97 width=4)
	        Index Cond: ((id >= 6564139) AND (id <= 6564238))

table 4 : explain SELECT SUM(k) FROM sbtest4 WHERE id BETWEEN 6448083 AND 6448182
	Aggregate  (cost=373.62..373.63 rows=1 width=8)
	  ->  Index Scan using sbtest4_pkey on sbtest4  (cost=0.43..373.37 rows=97 width=4)
	        Index Cond: ((id >= 6448083) AND (id <= 6448182))

table 5 : explain SELECT SUM(k) FROM sbtest5 WHERE id BETWEEN 3535290 AND 3535389
	Aggregate  (cost=352.31..352.32 rows=1 width=8)
	  ->  Index Scan using sbtest5_pkey on sbtest5  (cost=0.43..352.08 rows=92 width=4)
	        Index Cond: ((id >= 3535290) AND (id <= 3535389))

table 6 : explain SELECT SUM(k) FROM sbtest6 WHERE id BETWEEN 4086000 AND 4086099
	Aggregate  (cost=386.48..386.49 rows=1 width=8)
	  ->  Index Scan using sbtest6_pkey on sbtest6  (cost=0.43..386.22 rows=101 width=4)
	        Index Cond: ((id >= 4086000) AND (id <= 4086099))

table 7 : explain SELECT SUM(k) FROM sbtest7 WHERE id BETWEEN 9944313 AND 9944412
	Aggregate  (cost=347.49..347.50 rows=1 width=8)
	  ->  Index Scan using sbtest7_pkey on sbtest7  (cost=0.43..347.26 rows=90 width=4)
	        Index Cond: ((id >= 9944313) AND (id <= 9944412))

table 8 : explain SELECT SUM(k) FROM sbtest8 WHERE id BETWEEN 9053937 AND 9054036
	Aggregate  (cost=408.38..408.39 rows=1 width=8)
	  ->  Index Scan using sbtest8_pkey on sbtest8  (cost=0.43..408.11 rows=106 width=4)
	        Index Cond: ((id >= 9053937) AND (id <= 9054036))

for: sum_ranges
table 1 : explain SELECT SUM(k) FROM sbtest1 WHERE id BETWEEN 5960718 AND 5960817
	Aggregate  (cost=387.60..387.61 rows=1 width=8)
	  ->  Index Scan using sbtest1_pkey on sbtest1  (cost=0.43..387.35 rows=101 width=4)
	        Index Cond: ((id >= 5960718) AND (id <= 5960817))

table 2 : explain SELECT SUM(k) FROM sbtest2 WHERE id BETWEEN 4669278 AND 4669377
	Aggregate  (cost=403.08..403.09 rows=1 width=8)
	  ->  Index Scan using sbtest2_pkey on sbtest2  (cost=0.43..402.82 rows=105 width=4)
	        Index Cond: ((id >= 4669278) AND (id <= 4669377))

table 3 : explain SELECT SUM(k) FROM sbtest3 WHERE id BETWEEN 4846877 AND 4846976
	Aggregate  (cost=396.76..396.77 rows=1 width=8)
	  ->  Index Scan using sbtest3_pkey on sbtest3  (cost=0.43..396.50 rows=104 width=4)
	        Index Cond: ((id >= 4846877) AND (id <= 4846976))

table 4 : explain SELECT SUM(k) FROM sbtest4 WHERE id BETWEEN 1117380 AND 1117479
	Aggregate  (cost=377.42..377.43 rows=1 width=8)
	  ->  Index Scan using sbtest4_pkey on sbtest4  (cost=0.43..377.17 rows=98 width=4)
	        Index Cond: ((id >= 1117380) AND (id <= 1117479))

table 5 : explain SELECT SUM(k) FROM sbtest5 WHERE id BETWEEN 1464823 AND 1464922
	Aggregate  (cost=344.70..344.71 rows=1 width=8)
	  ->  Index Scan using sbtest5_pkey on sbtest5  (cost=0.43..344.47 rows=90 width=4)
	        Index Cond: ((id >= 1464823) AND (id <= 1464922))

table 6 : explain SELECT SUM(k) FROM sbtest6 WHERE id BETWEEN 1175180 AND 1175279
	Aggregate  (cost=382.70..382.71 rows=1 width=8)
	  ->  Index Scan using sbtest6_pkey on sbtest6  (cost=0.43..382.45 rows=100 width=4)
	        Index Cond: ((id >= 1175180) AND (id <= 1175279))

table 7 : explain SELECT SUM(k) FROM sbtest7 WHERE id BETWEEN 850129 AND 850228
	Aggregate  (cost=370.39..370.40 rows=1 width=8)
	  ->  Index Scan using sbtest7_pkey on sbtest7  (cost=0.43..370.15 rows=96 width=4)
	        Index Cond: ((id >= 850129) AND (id <= 850228))

table 8 : explain SELECT SUM(k) FROM sbtest8 WHERE id BETWEEN 4682065 AND 4682164
	Aggregate  (cost=351.22..351.23 rows=1 width=8)
	  ->  Index Scan using sbtest8_pkey on sbtest8  (cost=0.43..350.99 rows=91 width=4)
	        Index Cond: ((id >= 4682065) AND (id <= 4682164))

for: order_ranges
table 1 : explain SELECT c FROM sbtest1 WHERE id BETWEEN 8954728 AND 8954827 ORDER BY c
	Sort  (cost=386.88..387.13 rows=100 width=121)
	  Sort Key: c
	  ->  Index Scan using sbtest1_pkey on sbtest1  (cost=0.43..383.56 rows=100 width=121)
	        Index Cond: ((id >= 8954728) AND (id <= 8954827))

table 2 : explain SELECT c FROM sbtest2 WHERE id BETWEEN 2964815 AND 2964914 ORDER BY c
	Sort  (cost=387.19..387.44 rows=100 width=121)
	  Sort Key: c
	  ->  Index Scan using sbtest2_pkey on sbtest2  (cost=0.43..383.86 rows=100 width=121)
	        Index Cond: ((id >= 2964815) AND (id <= 2964914))

table 3 : explain SELECT c FROM sbtest3 WHERE id BETWEEN 9495351 AND 9495450 ORDER BY c
	Sort  (cost=377.15..377.39 rows=98 width=121)
	  Sort Key: c
	  ->  Index Scan using sbtest3_pkey on sbtest3  (cost=0.43..373.91 rows=98 width=121)
	        Index Cond: ((id >= 9495351) AND (id <= 9495450))

table 4 : explain SELECT c FROM sbtest4 WHERE id BETWEEN 3466308 AND 3466407 ORDER BY c
	Sort  (cost=334.29..334.50 rows=86 width=121)
	  Sort Key: c
	  ->  Index Scan using sbtest4_pkey on sbtest4  (cost=0.43..331.52 rows=86 width=121)
	        Index Cond: ((id >= 3466308) AND (id <= 3466407))

table 5 : explain SELECT c FROM sbtest5 WHERE id BETWEEN 6335455 AND 6335554 ORDER BY c
	Sort  (cost=397.04..397.30 rows=103 width=121)
	  Sort Key: c
	  ->  Index Scan using sbtest5_pkey on sbtest5  (cost=0.43..393.60 rows=103 width=121)
	        Index Cond: ((id >= 6335455) AND (id <= 6335554))

table 6 : explain SELECT c FROM sbtest6 WHERE id BETWEEN 5756715 AND 5756814 ORDER BY c
	Sort  (cost=336.10..336.32 rows=87 width=121)
	  Sort Key: c
	  ->  Index Scan using sbtest6_pkey on sbtest6  (cost=0.43..333.30 rows=87 width=121)
	        Index Cond: ((id >= 5756715) AND (id <= 5756814))

table 7 : explain SELECT c FROM sbtest7 WHERE id BETWEEN 3588074 AND 3588173 ORDER BY c
	Sort  (cost=377.16..377.40 rows=97 width=121)
	  Sort Key: c
	  ->  Index Scan using sbtest7_pkey on sbtest7  (cost=0.43..373.96 rows=97 width=121)
	        Index Cond: ((id >= 3588074) AND (id <= 3588173))

table 8 : explain SELECT c FROM sbtest8 WHERE id BETWEEN 4150134 AND 4150233 ORDER BY c
	Sort  (cost=357.79..358.02 rows=92 width=121)
	  Sort Key: c
	  ->  Index Scan using sbtest8_pkey on sbtest8  (cost=0.43..354.79 rows=92 width=121)
	        Index Cond: ((id >= 4150134) AND (id <= 4150233))

for: distinct_ranges
table 1 : explain SELECT DISTINCT c FROM sbtest1 WHERE id BETWEEN 3708315 AND 3708414 ORDER BY c
	Unique  (cost=390.71..391.22 rows=101 width=121)
	  ->  Sort  (cost=390.71..390.96 rows=101 width=121)
	        Sort Key: c
	        ->  Index Scan using sbtest1_pkey on sbtest1  (cost=0.43..387.35 rows=101 width=121)
	              Index Cond: ((id >= 3708315) AND (id <= 3708414))

table 2 : explain SELECT DISTINCT c FROM sbtest2 WHERE id BETWEEN 8693693 AND 8693792 ORDER BY c
	Unique  (cost=360.32..360.78 rows=93 width=121)
	  ->  Sort  (cost=360.32..360.55 rows=93 width=121)
	        Sort Key: c
	        ->  Index Scan using sbtest2_pkey on sbtest2  (cost=0.43..357.27 rows=93 width=121)
	              Index Cond: ((id >= 8693693) AND (id <= 8693792))

table 3 : explain SELECT DISTINCT c FROM sbtest3 WHERE id BETWEEN 4919572 AND 4919671 ORDER BY c
	Unique  (cost=399.98..400.50 rows=104 width=121)
	  ->  Sort  (cost=399.98..400.24 rows=104 width=121)
	        Sort Key: c
	        ->  Index Scan using sbtest3_pkey on sbtest3  (cost=0.43..396.50 rows=104 width=121)
	              Index Cond: ((id >= 4919572) AND (id <= 4919671))

table 4 : explain SELECT DISTINCT c FROM sbtest4 WHERE id BETWEEN 3414969 AND 3415068 ORDER BY c
	Unique  (cost=365.06..365.53 rows=94 width=121)
	  ->  Sort  (cost=365.06..365.29 rows=94 width=121)
	        Sort Key: c
	        ->  Index Scan using sbtest4_pkey on sbtest4  (cost=0.43..361.98 rows=94 width=121)
	              Index Cond: ((id >= 3414969) AND (id <= 3415068))

table 5 : explain SELECT DISTINCT c FROM sbtest5 WHERE id BETWEEN 4305576 AND 4305675 ORDER BY c
	Unique  (cost=381.78..382.28 rows=99 width=121)
	  ->  Sort  (cost=381.78..382.03 rows=99 width=121)
	        Sort Key: c
	        ->  Index Scan using sbtest5_pkey on sbtest5  (cost=0.43..378.50 rows=99 width=121)
	              Index Cond: ((id >= 4305576) AND (id <= 4305675))

table 6 : explain SELECT DISTINCT c FROM sbtest6 WHERE id BETWEEN 7533039 AND 7533138 ORDER BY c
	Unique  (cost=381.95..382.45 rows=99 width=121)
	  ->  Sort  (cost=381.95..382.20 rows=99 width=121)
	        Sort Key: c
	        ->  Index Scan using sbtest6_pkey on sbtest6  (cost=0.43..378.67 rows=99 width=121)
	              Index Cond: ((id >= 7533039) AND (id <= 7533138))

table 7 : explain SELECT DISTINCT c FROM sbtest7 WHERE id BETWEEN 6845726 AND 6845825 ORDER BY c
	Unique  (cost=388.70..389.20 rows=100 width=121)
	  ->  Sort  (cost=388.70..388.95 rows=100 width=121)
	        Sort Key: c
	        ->  Index Scan using sbtest7_pkey on sbtest7  (cost=0.43..385.37 rows=100 width=121)
	              Index Cond: ((id >= 6845726) AND (id <= 6845825))

table 8 : explain SELECT DISTINCT c FROM sbtest8 WHERE id BETWEEN 4862934 AND 4863033 ORDER BY c
	Unique  (cost=423.22..423.76 rows=109 width=121)
	  ->  Sort  (cost=423.22..423.49 rows=109 width=121)
	        Sort Key: c
	        ->  Index Scan using sbtest8_pkey on sbtest8  (cost=0.43..419.53 rows=109 width=121)
	              Index Cond: ((id >= 4862934) AND (id <= 4863033))

for: simple_ranges
table 1 : explain SELECT c FROM sbtest1 WHERE id BETWEEN 3238577 AND 3238676
	Index Scan using sbtest1_pkey on sbtest1  (cost=0.43..406.29 rows=106 width=121)
	  Index Cond: ((id >= 3238577) AND (id <= 3238676))

table 2 : explain SELECT c FROM sbtest2 WHERE id BETWEEN 6025110 AND 6025209
	Index Scan using sbtest2_pkey on sbtest2  (cost=0.43..364.86 rows=95 width=121)
	  Index Cond: ((id >= 6025110) AND (id <= 6025209))

table 3 : explain SELECT c FROM sbtest3 WHERE id BETWEEN 1801352 AND 1801451
	Index Scan using sbtest3_pkey on sbtest3  (cost=0.43..370.14 rows=97 width=121)
	  Index Cond: ((id >= 1801352) AND (id <= 1801451))

table 4 : explain SELECT c FROM sbtest4 WHERE id BETWEEN 8771440 AND 8771539
	Index Scan using sbtest4_pkey on sbtest4  (cost=0.43..384.77 rows=100 width=121)
	  Index Cond: ((id >= 8771440) AND (id <= 8771539))

table 5 : explain SELECT c FROM sbtest5 WHERE id BETWEEN 1304855 AND 1304954
	Index Scan using sbtest5_pkey on sbtest5  (cost=0.43..336.92 rows=88 width=121)
	  Index Cond: ((id >= 1304855) AND (id <= 1304954))

table 6 : explain SELECT c FROM sbtest6 WHERE id BETWEEN 3065563 AND 3065662
	Index Scan using sbtest6_pkey on sbtest6  (cost=0.43..423.98 rows=111 width=121)
	  Index Cond: ((id >= 3065563) AND (id <= 3065662))

table 7 : explain SELECT c FROM sbtest7 WHERE id BETWEEN 3443884 AND 3443983
	Index Scan using sbtest7_pkey on sbtest7  (cost=0.43..377.76 rows=98 width=121)
	  Index Cond: ((id >= 3443884) AND (id <= 3443983))

table 8 : explain SELECT c FROM sbtest8 WHERE id BETWEEN 8831137 AND 8831236
	Index Scan using sbtest8_pkey on sbtest8  (cost=0.43..373.87 rows=97 width=121)
	  Index Cond: ((id >= 8831137) AND (id <= 8831236))

explain: for non_index_updates :: explain UPDATE sbtest%u SET c='foobar' WHERE id=%u
for non_index_updates
table 1 : explain UPDATE sbtest1 SET c='foobar' WHERE id=7540563
	Update on sbtest1  (cost=0.43..8.45 rows=1 width=559)
	  ->  Index Scan using sbtest1_pkey on sbtest1  (cost=0.43..8.45 rows=1 width=559)
	        Index Cond: (id = 7540563)

table 2 : explain UPDATE sbtest2 SET c='foobar' WHERE id=5426321
	Update on sbtest2  (cost=0.43..8.45 rows=1 width=559)
	  ->  Index Scan using sbtest2_pkey on sbtest2  (cost=0.43..8.45 rows=1 width=559)
	        Index Cond: (id = 5426321)

table 3 : explain UPDATE sbtest3 SET c='foobar' WHERE id=5216263
	Update on sbtest3  (cost=0.43..8.45 rows=1 width=559)
	  ->  Index Scan using sbtest3_pkey on sbtest3  (cost=0.43..8.45 rows=1 width=559)
	        Index Cond: (id = 5216263)

table 4 : explain UPDATE sbtest4 SET c='foobar' WHERE id=7183579
	Update on sbtest4  (cost=0.43..8.45 rows=1 width=559)
	  ->  Index Scan using sbtest4_pkey on sbtest4  (cost=0.43..8.45 rows=1 width=559)
	        Index Cond: (id = 7183579)

table 5 : explain UPDATE sbtest5 SET c='foobar' WHERE id=8293566
	Update on sbtest5  (cost=0.43..8.45 rows=1 width=559)
	  ->  Index Scan using sbtest5_pkey on sbtest5  (cost=0.43..8.45 rows=1 width=559)
	        Index Cond: (id = 8293566)

table 6 : explain UPDATE sbtest6 SET c='foobar' WHERE id=4034531
	Update on sbtest6  (cost=0.43..8.45 rows=1 width=559)
	  ->  Index Scan using sbtest6_pkey on sbtest6  (cost=0.43..8.45 rows=1 width=559)
	        Index Cond: (id = 4034531)

table 7 : explain UPDATE sbtest7 SET c='foobar' WHERE id=7810930
	Update on sbtest7  (cost=0.43..8.45 rows=1 width=559)
	  ->  Index Scan using sbtest7_pkey on sbtest7  (cost=0.43..8.45 rows=1 width=559)
	        Index Cond: (id = 7810930)

table 8 : explain UPDATE sbtest8 SET c='foobar' WHERE id=110056
	Update on sbtest8  (cost=0.43..8.45 rows=1 width=559)
	  ->  Index Scan using sbtest8_pkey on sbtest8  (cost=0.43..8.45 rows=1 width=559)
	        Index Cond: (id = 110056)

explain: for deletes :: explain DELETE FROM sbtest%u WHERE id=%u
for: order_ranges
table 1 : explain SELECT c FROM sbtest1 WHERE id BETWEEN 8286106 AND 8286205 ORDER BY c
	Sort  (cost=348.55..348.78 rows=90 width=121)
	  Sort Key: c
	  ->  Index Scan using sbtest1_pkey on sbtest1  (cost=0.43..345.63 rows=90 width=121)
	        Index Cond: ((id >= 8286106) AND (id <= 8286205))

table 2 : explain SELECT c FROM sbtest2 WHERE id BETWEEN 457247 AND 457346 ORDER BY c
	Sort  (cost=394.85..395.10 rows=102 width=121)
	  Sort Key: c
	  ->  Index Scan using sbtest2_pkey on sbtest2  (cost=0.43..391.44 rows=102 width=121)
	        Index Cond: ((id >= 457247) AND (id <= 457346))

table 3 : explain SELECT c FROM sbtest3 WHERE id BETWEEN 191818 AND 191917 ORDER BY c
	Sort  (cost=377.15..377.39 rows=98 width=121)
	  Sort Key: c
	  ->  Index Scan using sbtest3_pkey on sbtest3  (cost=0.43..373.91 rows=98 width=121)
	        Index Cond: ((id >= 191818) AND (id <= 191917))

table 4 : explain SELECT c FROM sbtest4 WHERE id BETWEEN 2618122 AND 2618221 ORDER BY c
	Sort  (cost=441.86..442.15 rows=114 width=121)
	  Sort Key: c
	  ->  Index Scan using sbtest4_pkey on sbtest4  (cost=0.43..437.97 rows=114 width=121)
	        Index Cond: ((id >= 2618122) AND (id <= 2618221))

table 5 : explain SELECT c FROM sbtest5 WHERE id BETWEEN 7549501 AND 7549600 ORDER BY c
	Sort  (cost=389.41..389.66 rows=101 width=121)
	  Sort Key: c
	  ->  Index Scan using sbtest5_pkey on sbtest5  (cost=0.43..386.05 rows=101 width=121)
	        Index Cond: ((id >= 7549501) AND (id <= 7549600))

table 6 : explain SELECT c FROM sbtest6 WHERE id BETWEEN 9006435 AND 9006534 ORDER BY c
	Sort  (cost=393.40..393.66 rows=102 width=121)
	  Sort Key: c
	  ->  Index Scan using sbtest6_pkey on sbtest6  (cost=0.43..390.00 rows=102 width=121)
	        Index Cond: ((id >= 9006435) AND (id <= 9006534))

table 7 : explain SELECT c FROM sbtest7 WHERE id BETWEEN 852137 AND 852236 ORDER BY c
	Sort  (cost=373.31..373.55 rows=96 width=121)
	  Sort Key: c
	  ->  Index Scan using sbtest7_pkey on sbtest7  (cost=0.43..370.15 rows=96 width=121)
	        Index Cond: ((id >= 852137) AND (id <= 852236))

table 8 : explain SELECT c FROM sbtest8 WHERE id BETWEEN 3481895 AND 3481994 ORDER BY c
	Sort  (cost=427.06..427.34 rows=110 width=121)
	  Sort Key: c
	  ->  Index Scan using sbtest8_pkey on sbtest8  (cost=0.43..423.33 rows=110 width=121)
	        Index Cond: ((id >= 3481895) AND (id <= 3481994))

for: sum_ranges
table 1 : explain SELECT SUM(k) FROM sbtest1 WHERE id BETWEEN 1694282 AND 1694381
	Aggregate  (cost=368.65..368.66 rows=1 width=8)
	  ->  Index Scan using sbtest1_pkey on sbtest1  (cost=0.43..368.41 rows=96 width=4)
	        Index Cond: ((id >= 1694282) AND (id <= 1694381))

table 2 : explain SELECT SUM(k) FROM sbtest2 WHERE id BETWEEN 8590190 AND 8590289
	Aggregate  (cost=372.68..372.69 rows=1 width=8)
	  ->  Index Scan using sbtest2_pkey on sbtest2  (cost=0.43..372.44 rows=97 width=4)
	        Index Cond: ((id >= 8590190) AND (id <= 8590289))

table 3 : explain SELECT SUM(k) FROM sbtest3 WHERE id BETWEEN 1304009 AND 1304108
	Aggregate  (cost=370.38..370.39 rows=1 width=8)
	  ->  Index Scan using sbtest3_pkey on sbtest3  (cost=0.43..370.14 rows=97 width=4)
	        Index Cond: ((id >= 1304009) AND (id <= 1304108))

table 4 : explain SELECT SUM(k) FROM sbtest4 WHERE id BETWEEN 2720827 AND 2720926
	Aggregate  (cost=388.82..388.83 rows=1 width=8)
	  ->  Index Scan using sbtest4_pkey on sbtest4  (cost=0.43..388.57 rows=101 width=4)
	        Index Cond: ((id >= 2720827) AND (id <= 2720926))

table 5 : explain SELECT SUM(k) FROM sbtest5 WHERE id BETWEEN 6400431 AND 6400530
	Aggregate  (cost=382.53..382.54 rows=1 width=8)
	  ->  Index Scan using sbtest5_pkey on sbtest5  (cost=0.43..382.28 rows=100 width=4)
	        Index Cond: ((id >= 6400431) AND (id <= 6400530))

table 6 : explain SELECT SUM(k) FROM sbtest6 WHERE id BETWEEN 9982728 AND 9982827
	Aggregate  (cost=378.92..378.93 rows=1 width=8)
	  ->  Index Scan using sbtest6_pkey on sbtest6  (cost=0.43..378.67 rows=99 width=4)
	        Index Cond: ((id >= 9982728) AND (id <= 9982827))

table 7 : explain SELECT SUM(k) FROM sbtest7 WHERE id BETWEEN 1058944 AND 1059043
	Aggregate  (cost=400.86..400.87 rows=1 width=8)
	  ->  Index Scan using sbtest7_pkey on sbtest7  (cost=0.43..400.60 rows=104 width=4)
	        Index Cond: ((id >= 1058944) AND (id <= 1059043))

table 8 : explain SELECT SUM(k) FROM sbtest8 WHERE id BETWEEN 5585259 AND 5585358
	Aggregate  (cost=362.64..362.65 rows=1 width=8)
	  ->  Index Scan using sbtest8_pkey on sbtest8  (cost=0.43..362.40 rows=94 width=4)
	        Index Cond: ((id >= 5585259) AND (id <= 5585358))

for index_updates
table 1 : explain UPDATE sbtest1 SET k=k+1 WHERE id=5975038
	Update on sbtest1  (cost=0.43..8.46 rows=1 width=196)
	  ->  Index Scan using sbtest1_pkey on sbtest1  (cost=0.43..8.46 rows=1 width=196)
	        Index Cond: (id = 5975038)

table 2 : explain UPDATE sbtest2 SET k=k+1 WHERE id=8855107
	Update on sbtest2  (cost=0.43..8.46 rows=1 width=196)
	  ->  Index Scan using sbtest2_pkey on sbtest2  (cost=0.43..8.46 rows=1 width=196)
	        Index Cond: (id = 8855107)

table 3 : explain UPDATE sbtest3 SET k=k+1 WHERE id=771774
	Update on sbtest3  (cost=0.43..8.46 rows=1 width=196)
	  ->  Index Scan using sbtest3_pkey on sbtest3  (cost=0.43..8.46 rows=1 width=196)
	        Index Cond: (id = 771774)

table 4 : explain UPDATE sbtest4 SET k=k+1 WHERE id=321646
	Update on sbtest4  (cost=0.43..8.46 rows=1 width=196)
	  ->  Index Scan using sbtest4_pkey on sbtest4  (cost=0.43..8.46 rows=1 width=196)
	        Index Cond: (id = 321646)

table 5 : explain UPDATE sbtest5 SET k=k+1 WHERE id=6216107
	Update on sbtest5  (cost=0.43..8.46 rows=1 width=196)
	  ->  Index Scan using sbtest5_pkey on sbtest5  (cost=0.43..8.46 rows=1 width=196)
	        Index Cond: (id = 6216107)

table 6 : explain UPDATE sbtest6 SET k=k+1 WHERE id=3464655
	Update on sbtest6  (cost=0.43..8.46 rows=1 width=196)
	  ->  Index Scan using sbtest6_pkey on sbtest6  (cost=0.43..8.46 rows=1 width=196)
	        Index Cond: (id = 3464655)

table 7 : explain UPDATE sbtest7 SET k=k+1 WHERE id=7560038
	Update on sbtest7  (cost=0.43..8.46 rows=1 width=196)
	  ->  Index Scan using sbtest7_pkey on sbtest7  (cost=0.43..8.46 rows=1 width=196)
	        Index Cond: (id = 7560038)

table 8 : explain UPDATE sbtest8 SET k=k+1 WHERE id=4702836
	Update on sbtest8  (cost=0.43..8.46 rows=1 width=196)
	  ->  Index Scan using sbtest8_pkey on sbtest8  (cost=0.43..8.46 rows=1 width=196)
	        Index Cond: (id = 4702836)

for: order_ranges
table 1 : explain SELECT c FROM sbtest1 WHERE id BETWEEN 6671312 AND 6671411 ORDER BY c
	Sort  (cost=360.03..360.27 rows=93 width=121)
	  Sort Key: c
	  ->  Index Scan using sbtest1_pkey on sbtest1  (cost=0.43..356.99 rows=93 width=121)
	        Index Cond: ((id >= 6671312) AND (id <= 6671411))

table 2 : explain SELECT c FROM sbtest2 WHERE id BETWEEN 7002723 AND 7002822 ORDER BY c
	Sort  (cost=379.52..379.77 rows=98 width=121)
	  Sort Key: c
	  ->  Index Scan using sbtest2_pkey on sbtest2  (cost=0.43..376.28 rows=98 width=121)
	        Index Cond: ((id >= 7002723) AND (id <= 7002822))

table 3 : explain SELECT c FROM sbtest3 WHERE id BETWEEN 5157984 AND 5158083 ORDER BY c
	Sort  (cost=369.54..369.78 rows=96 width=121)
	  Sort Key: c
	  ->  Index Scan using sbtest3_pkey on sbtest3  (cost=0.43..366.38 rows=96 width=121)
	        Index Cond: ((id >= 5157984) AND (id <= 5158083))

table 4 : explain SELECT c FROM sbtest4 WHERE id BETWEEN 1567029 AND 1567128 ORDER BY c
	Sort  (cost=414.98..415.24 rows=107 width=121)
	  Sort Key: c
	  ->  Index Scan using sbtest4_pkey on sbtest4  (cost=0.43..411.37 rows=107 width=121)
	        Index Cond: ((id >= 1567029) AND (id <= 1567128))

table 5 : explain SELECT c FROM sbtest5 WHERE id BETWEEN 1001843 AND 1001942 ORDER BY c
	Sort  (cost=397.04..397.30 rows=103 width=121)
	  Sort Key: c
	  ->  Index Scan using sbtest5_pkey on sbtest5  (cost=0.43..393.60 rows=103 width=121)
	        Index Cond: ((id >= 1001843) AND (id <= 1001942))

table 6 : explain SELECT c FROM sbtest6 WHERE id BETWEEN 1502059 AND 1502158 ORDER BY c
	Sort  (cost=374.32..374.56 rows=97 width=121)
	  Sort Key: c
	  ->  Index Scan using sbtest6_pkey on sbtest6  (cost=0.43..371.12 rows=97 width=121)
	        Index Cond: ((id >= 1502059) AND (id <= 1502158))

table 7 : explain SELECT c FROM sbtest7 WHERE id BETWEEN 8793297 AND 8793396 ORDER BY c
	Sort  (cost=373.31..373.55 rows=96 width=121)
	  Sort Key: c
	  ->  Index Scan using sbtest7_pkey on sbtest7  (cost=0.43..370.15 rows=96 width=121)
	        Index Cond: ((id >= 8793297) AND (id <= 8793396))

table 8 : explain SELECT c FROM sbtest8 WHERE id BETWEEN 6339587 AND 6339686 ORDER BY c
	Sort  (cost=346.26..346.48 rows=89 width=121)
	  Sort Key: c
	  ->  Index Scan using sbtest8_pkey on sbtest8  (cost=0.43..343.38 rows=89 width=121)
	        Index Cond: ((id >= 6339587) AND (id <= 6339686))

for non_index_updates
table 1 : explain UPDATE sbtest1 SET c='foobar' WHERE id=1218456
	Update on sbtest1  (cost=0.43..8.45 rows=1 width=559)
	  ->  Index Scan using sbtest1_pkey on sbtest1  (cost=0.43..8.45 rows=1 width=559)
	        Index Cond: (id = 1218456)

table 2 : explain UPDATE sbtest2 SET c='foobar' WHERE id=5308151
	Update on sbtest2  (cost=0.43..8.45 rows=1 width=559)
	  ->  Index Scan using sbtest2_pkey on sbtest2  (cost=0.43..8.45 rows=1 width=559)
	        Index Cond: (id = 5308151)

table 3 : explain UPDATE sbtest3 SET c='foobar' WHERE id=4982202
	Update on sbtest3  (cost=0.43..8.45 rows=1 width=559)
	  ->  Index Scan using sbtest3_pkey on sbtest3  (cost=0.43..8.45 rows=1 width=559)
	        Index Cond: (id = 4982202)

table 4 : explain UPDATE sbtest4 SET c='foobar' WHERE id=8822008
	Update on sbtest4  (cost=0.43..8.45 rows=1 width=559)
	  ->  Index Scan using sbtest4_pkey on sbtest4  (cost=0.43..8.45 rows=1 width=559)
	        Index Cond: (id = 8822008)

table 5 : explain UPDATE sbtest5 SET c='foobar' WHERE id=2633571
	Update on sbtest5  (cost=0.43..8.45 rows=1 width=559)
	  ->  Index Scan using sbtest5_pkey on sbtest5  (cost=0.43..8.45 rows=1 width=559)
	        Index Cond: (id = 2633571)

table 6 : explain UPDATE sbtest6 SET c='foobar' WHERE id=3271132
	Update on sbtest6  (cost=0.43..8.45 rows=1 width=559)
	  ->  Index Scan using sbtest6_pkey on sbtest6  (cost=0.43..8.45 rows=1 width=559)
	        Index Cond: (id = 3271132)

table 7 : explain UPDATE sbtest7 SET c='foobar' WHERE id=9506345
	Update on sbtest7  (cost=0.43..8.45 rows=1 width=559)
	  ->  Index Scan using sbtest7_pkey on sbtest7  (cost=0.43..8.45 rows=1 width=559)
	        Index Cond: (id = 9506345)

table 8 : explain UPDATE sbtest8 SET c='foobar' WHERE id=7498785
	Update on sbtest8  (cost=0.43..8.45 rows=1 width=559)
	  ->  Index Scan using sbtest8_pkey on sbtest8  (cost=0.43..8.45 rows=1 width=559)
	        Index Cond: (id = 7498785)

explain: for index_updates :: explain UPDATE sbtest%u SET k=k+1 WHERE id=%u
for point_selects
table 1 : explain SELECT c FROM sbtest1 WHERE id=5627795
	Index Scan using sbtest1_pkey on sbtest1  (cost=0.43..8.45 rows=1 width=121)
	  Index Cond: (id = 5627795)

table 2 : explain SELECT c FROM sbtest2 WHERE id=9487823
	Index Scan using sbtest2_pkey on sbtest2  (cost=0.43..8.45 rows=1 width=121)
	  Index Cond: (id = 9487823)

table 3 : explain SELECT c FROM sbtest3 WHERE id=3968190
	Index Scan using sbtest3_pkey on sbtest3  (cost=0.43..8.45 rows=1 width=121)
	  Index Cond: (id = 3968190)

table 4 : explain SELECT c FROM sbtest4 WHERE id=8877465
	Index Scan using sbtest4_pkey on sbtest4  (cost=0.43..8.45 rows=1 width=121)
	  Index Cond: (id = 8877465)

table 5 : explain SELECT c FROM sbtest5 WHERE id=1410269
	Index Scan using sbtest5_pkey on sbtest5  (cost=0.43..8.45 rows=1 width=121)
	  Index Cond: (id = 1410269)

table 6 : explain SELECT c FROM sbtest6 WHERE id=5571917
	Index Scan using sbtest6_pkey on sbtest6  (cost=0.43..8.45 rows=1 width=121)
	  Index Cond: (id = 5571917)

table 7 : explain SELECT c FROM sbtest7 WHERE id=3490572
	Index Scan using sbtest7_pkey on sbtest7  (cost=0.43..8.45 rows=1 width=121)
	  Index Cond: (id = 3490572)

table 8 : explain SELECT c FROM sbtest8 WHERE id=8381363
	Index Scan using sbtest8_pkey on sbtest8  (cost=0.43..8.45 rows=1 width=121)
	  Index Cond: (id = 8381363)

explain: for point_selects :: explain SELECT c FROM sbtest%u WHERE id=%u
for: order_ranges
table 1 : explain SELECT c FROM sbtest1 WHERE id BETWEEN 9627528 AND 9627627 ORDER BY c
	Sort  (cost=394.54..394.80 rows=102 width=121)
	  Sort Key: c
	  ->  Index Scan using sbtest1_pkey on sbtest1  (cost=0.43..391.14 rows=102 width=121)
	        Index Cond: ((id >= 9627528) AND (id <= 9627627))

table 2 : explain SELECT c FROM sbtest2 WHERE id BETWEEN 7497424 AND 7497523 ORDER BY c
	Sort  (cost=356.49..356.72 rows=92 width=121)
	  Sort Key: c
	  ->  Index Scan using sbtest2_pkey on sbtest2  (cost=0.43..353.48 rows=92 width=121)
	        Index Cond: ((id >= 7497424) AND (id <= 7497523))

table 3 : explain SELECT c FROM sbtest3 WHERE id BETWEEN 988085 AND 988184 ORDER BY c
	Sort  (cost=388.57..388.82 rows=101 width=121)
	  Sort Key: c
	  ->  Index Scan using sbtest3_pkey on sbtest3  (cost=0.43..385.20 rows=101 width=121)
	        Index Cond: ((id >= 988085) AND (id <= 988184))

table 4 : explain SELECT c FROM sbtest4 WHERE id BETWEEN 5336970 AND 5337069 ORDER BY c
	Sort  (cost=357.38..357.61 rows=92 width=121)
	  Sort Key: c
	  ->  Index Scan using sbtest4_pkey on sbtest4  (cost=0.43..354.38 rows=92 width=121)
	        Index Cond: ((id >= 5336970) AND (id <= 5337069))

table 5 : explain SELECT c FROM sbtest5 WHERE id BETWEEN 6653027 AND 6653126 ORDER BY c
	Sort  (cost=377.97..378.21 rows=98 width=121)
	  Sort Key: c
	  ->  Index Scan using sbtest5_pkey on sbtest5  (cost=0.43..374.73 rows=98 width=121)
	        Index Cond: ((id >= 6653027) AND (id <= 6653126))

table 6 : explain SELECT c FROM sbtest6 WHERE id BETWEEN 7271598 AND 7271697 ORDER BY c
	Sort  (cost=347.55..347.78 rows=90 width=121)
	  Sort Key: c
	  ->  Index Scan using sbtest6_pkey on sbtest6  (cost=0.43..344.63 rows=90 width=121)
	        Index Cond: ((id >= 7271598) AND (id <= 7271697))

table 7 : explain SELECT c FROM sbtest7 WHERE id BETWEEN 9382787 AND 9382886 ORDER BY c
	Sort  (cost=384.85..385.10 rows=99 width=121)
	  Sort Key: c
	  ->  Index Scan using sbtest7_pkey on sbtest7  (cost=0.43..381.57 rows=99 width=121)
	        Index Cond: ((id >= 9382787) AND (id <= 9382886))

table 8 : explain SELECT c FROM sbtest8 WHERE id BETWEEN 2316220 AND 2316319 ORDER BY c
	Sort  (cost=384.76..385.01 rows=99 width=121)
	  Sort Key: c
	  ->  Index Scan using sbtest8_pkey on sbtest8  (cost=0.43..381.48 rows=99 width=121)
	        Index Cond: ((id >= 2316220) AND (id <= 2316319))

for point_selects
table 1 : explain SELECT c FROM sbtest1 WHERE id=909815
	Index Scan using sbtest1_pkey on sbtest1  (cost=0.43..8.45 rows=1 width=121)
	  Index Cond: (id = 909815)

table 2 : explain SELECT c FROM sbtest2 WHERE id=2207023
	Index Scan using sbtest2_pkey on sbtest2  (cost=0.43..8.45 rows=1 width=121)
	  Index Cond: (id = 2207023)

table 3 : explain SELECT c FROM sbtest3 WHERE id=1192339
	Index Scan using sbtest3_pkey on sbtest3  (cost=0.43..8.45 rows=1 width=121)
	  Index Cond: (id = 1192339)

table 4 : explain SELECT c FROM sbtest4 WHERE id=7314596
	Index Scan using sbtest4_pkey on sbtest4  (cost=0.43..8.45 rows=1 width=121)
	  Index Cond: (id = 7314596)

table 5 : explain SELECT c FROM sbtest5 WHERE id=833630
	Index Scan using sbtest5_pkey on sbtest5  (cost=0.43..8.45 rows=1 width=121)
	  Index Cond: (id = 833630)

table 6 : explain SELECT c FROM sbtest6 WHERE id=8838694
	Index Scan using sbtest6_pkey on sbtest6  (cost=0.43..8.45 rows=1 width=121)
	  Index Cond: (id = 8838694)

table 7 : explain SELECT c FROM sbtest7 WHERE id=7632127
	Index Scan using sbtest7_pkey on sbtest7  (cost=0.43..8.45 rows=1 width=121)
	  Index Cond: (id = 7632127)

table 8 : explain SELECT c FROM sbtest8 WHERE id=8979450
	Index Scan using sbtest8_pkey on sbtest8  (cost=0.43..8.45 rows=1 width=121)
	  Index Cond: (id = 8979450)

for: order_ranges
table 1 : explain SELECT c FROM sbtest1 WHERE id BETWEEN 9461133 AND 9461232 ORDER BY c
	Sort  (cost=390.71..390.96 rows=101 width=121)
	  Sort Key: c
	  ->  Index Scan using sbtest1_pkey on sbtest1  (cost=0.43..387.35 rows=101 width=121)
	        Index Cond: ((id >= 9461133) AND (id <= 9461232))

table 2 : explain SELECT c FROM sbtest2 WHERE id BETWEEN 2703369 AND 2703468 ORDER BY c
	Sort  (cost=410.17..410.44 rows=106 width=121)
	  Sort Key: c
	  ->  Index Scan using sbtest2_pkey on sbtest2  (cost=0.43..406.61 rows=106 width=121)
	        Index Cond: ((id >= 2703369) AND (id <= 2703468))

table 3 : explain SELECT c FROM sbtest3 WHERE id BETWEEN 9217809 AND 9217908 ORDER BY c
	Sort  (cost=369.54..369.78 rows=96 width=121)
	  Sort Key: c
	  ->  Index Scan using sbtest3_pkey on sbtest3  (cost=0.43..366.38 rows=96 width=121)
	        Index Cond: ((id >= 9217809) AND (id <= 9217908))

table 4 : explain SELECT c FROM sbtest4 WHERE id BETWEEN 1823335 AND 1823434 ORDER BY c
	Sort  (cost=399.61..399.87 rows=103 width=121)
	  Sort Key: c
	  ->  Index Scan using sbtest4_pkey on sbtest4  (cost=0.43..396.17 rows=103 width=121)
	        Index Cond: ((id >= 1823335) AND (id <= 1823434))

table 5 : explain SELECT c FROM sbtest5 WHERE id BETWEEN 9096501 AND 9096600 ORDER BY c
	Sort  (cost=362.71..362.95 rows=94 width=121)
	  Sort Key: c
	  ->  Index Scan using sbtest5_pkey on sbtest5  (cost=0.43..359.63 rows=94 width=121)
	        Index Cond: ((id >= 9096501) AND (id <= 9096600))

table 6 : explain SELECT c FROM sbtest6 WHERE id BETWEEN 4474984 AND 4475083 ORDER BY c
	Sort  (cost=370.51..370.75 rows=96 width=121)
	  Sort Key: c
	  ->  Index Scan using sbtest6_pkey on sbtest6  (cost=0.43..367.35 rows=96 width=121)
	        Index Cond: ((id >= 4474984) AND (id <= 4475083))

table 7 : explain SELECT c FROM sbtest7 WHERE id BETWEEN 2983859 AND 2983958 ORDER BY c
	Sort  (cost=392.54..392.79 rows=101 width=121)
	  Sort Key: c
	  ->  Index Scan using sbtest7_pkey on sbtest7  (cost=0.43..389.18 rows=101 width=121)
	        Index Cond: ((id >= 2983859) AND (id <= 2983958))

table 8 : explain SELECT c FROM sbtest8 WHERE id BETWEEN 6875290 AND 6875389 ORDER BY c
	Sort  (cost=400.14..400.40 rows=103 width=121)
	  Sort Key: c
	  ->  Index Scan using sbtest8_pkey on sbtest8  (cost=0.43..396.70 rows=103 width=121)
	        Index Cond: ((id >= 6875290) AND (id <= 6875389))

for: distinct_ranges
table 1 : explain SELECT DISTINCT c FROM sbtest1 WHERE id BETWEEN 8330589 AND 8330688 ORDER BY c
	Unique  (cost=394.54..395.05 rows=102 width=121)
	  ->  Sort  (cost=394.54..394.80 rows=102 width=121)
	        Sort Key: c
	        ->  Index Scan using sbtest1_pkey on sbtest1  (cost=0.43..391.14 rows=102 width=121)
	              Index Cond: ((id >= 8330589) AND (id <= 8330688))

table 2 : explain SELECT DISTINCT c FROM sbtest2 WHERE id BETWEEN 4595741 AND 4595840 ORDER BY c
	Unique  (cost=387.19..387.69 rows=100 width=121)
	  ->  Sort  (cost=387.19..387.44 rows=100 width=121)
	        Sort Key: c
	        ->  Index Scan using sbtest2_pkey on sbtest2  (cost=0.43..383.86 rows=100 width=121)
	              Index Cond: ((id >= 4595741) AND (id <= 4595840))

table 3 : explain SELECT DISTINCT c FROM sbtest3 WHERE id BETWEEN 9266984 AND 9267083 ORDER BY c
	Unique  (cost=369.54..370.02 rows=96 width=121)
	  ->  Sort  (cost=369.54..369.78 rows=96 width=121)
	        Sort Key: c
	        ->  Index Scan using sbtest3_pkey on sbtest3  (cost=0.43..366.38 rows=96 width=121)
	              Index Cond: ((id >= 9266984) AND (id <= 9267083))

table 4 : explain SELECT DISTINCT c FROM sbtest4 WHERE id BETWEEN 1239756 AND 1239855 ORDER BY c
	Unique  (cost=326.61..327.03 rows=84 width=121)
	  ->  Sort  (cost=326.61..326.82 rows=84 width=121)
	        Sort Key: c
	        ->  Index Scan using sbtest4_pkey on sbtest4  (cost=0.43..323.93 rows=84 width=121)
	              Index Cond: ((id >= 1239756) AND (id <= 1239855))

table 5 : explain SELECT DISTINCT c FROM sbtest5 WHERE id BETWEEN 4462992 AND 4463091 ORDER BY c
	Unique  (cost=412.30..412.84 rows=107 width=121)
	  ->  Sort  (cost=412.30..412.57 rows=107 width=121)
	        Sort Key: c
	        ->  Index Scan using sbtest5_pkey on sbtest5  (cost=0.43..408.69 rows=107 width=121)
	              Index Cond: ((id >= 4462992) AND (id <= 4463091))

table 6 : explain SELECT DISTINCT c FROM sbtest6 WHERE id BETWEEN 4893130 AND 4893229 ORDER BY c
	Unique  (cost=374.32..374.81 rows=97 width=121)
	  ->  Sort  (cost=374.32..374.56 rows=97 width=121)
	        Sort Key: c
	        ->  Index Scan using sbtest6_pkey on sbtest6  (cost=0.43..371.12 rows=97 width=121)
	              Index Cond: ((id >= 4893130) AND (id <= 4893229))

table 7 : explain SELECT DISTINCT c FROM sbtest7 WHERE id BETWEEN 6294704 AND 6294803 ORDER BY c
	Unique  (cost=427.16..427.71 rows=110 width=121)
	  ->  Sort  (cost=427.16..427.43 rows=110 width=121)
	        Sort Key: c
	        ->  Index Scan using sbtest7_pkey on sbtest7  (cost=0.43..423.43 rows=110 width=121)
	              Index Cond: ((id >= 6294704) AND (id <= 6294803))

table 8 : explain SELECT DISTINCT c FROM sbtest8 WHERE id BETWEEN 3364545 AND 3364644 ORDER BY c
	Unique  (cost=407.83..408.36 rows=105 width=121)
	  ->  Sort  (cost=407.83..408.10 rows=105 width=121)
	        Sort Key: c
	        ->  Index Scan using sbtest8_pkey on sbtest8  (cost=0.43..404.31 rows=105 width=121)
	              Index Cond: ((id >= 3364545) AND (id <= 3364644))

explain: for deletes :: explain DELETE FROM sbtest%u WHERE id=%u
for point_selects
table 1 : explain SELECT c FROM sbtest1 WHERE id=7870287
	Index Scan using sbtest1_pkey on sbtest1  (cost=0.43..8.45 rows=1 width=121)
	  Index Cond: (id = 7870287)

table 2 : explain SELECT c FROM sbtest2 WHERE id=4481119
	Index Scan using sbtest2_pkey on sbtest2  (cost=0.43..8.45 rows=1 width=121)
	  Index Cond: (id = 4481119)

table 3 : explain SELECT c FROM sbtest3 WHERE id=3073289
	Index Scan using sbtest3_pkey on sbtest3  (cost=0.43..8.45 rows=1 width=121)
	  Index Cond: (id = 3073289)

table 4 : explain SELECT c FROM sbtest4 WHERE id=4077577
	Index Scan using sbtest4_pkey on sbtest4  (cost=0.43..8.45 rows=1 width=121)
	  Index Cond: (id = 4077577)

table 5 : explain SELECT c FROM sbtest5 WHERE id=3528308
	Index Scan using sbtest5_pkey on sbtest5  (cost=0.43..8.45 rows=1 width=121)
	  Index Cond: (id = 3528308)

table 6 : explain SELECT c FROM sbtest6 WHERE id=9702763
	Index Scan using sbtest6_pkey on sbtest6  (cost=0.43..8.45 rows=1 width=121)
	  Index Cond: (id = 9702763)

table 7 : explain SELECT c FROM sbtest7 WHERE id=9958005
	Index Scan using sbtest7_pkey on sbtest7  (cost=0.43..8.45 rows=1 width=121)
	  Index Cond: (id = 9958005)

table 8 : explain SELECT c FROM sbtest8 WHERE id=8676264
	Index Scan using sbtest8_pkey on sbtest8  (cost=0.43..8.45 rows=1 width=121)
	  Index Cond: (id = 8676264)

explain: for non_index_updates :: explain UPDATE sbtest%u SET c='foobar' WHERE id=%u
for non_index_updates
table 1 : explain UPDATE sbtest1 SET c='foobar' WHERE id=4558302
	Update on sbtest1  (cost=0.43..8.45 rows=1 width=559)
	  ->  Index Scan using sbtest1_pkey on sbtest1  (cost=0.43..8.45 rows=1 width=559)
	        Index Cond: (id = 4558302)

table 2 : explain UPDATE sbtest2 SET c='foobar' WHERE id=688842
	Update on sbtest2  (cost=0.43..8.45 rows=1 width=559)
	  ->  Index Scan using sbtest2_pkey on sbtest2  (cost=0.43..8.45 rows=1 width=559)
	        Index Cond: (id = 688842)

table 3 : explain UPDATE sbtest3 SET c='foobar' WHERE id=8972358
	Update on sbtest3  (cost=0.43..8.45 rows=1 width=559)
	  ->  Index Scan using sbtest3_pkey on sbtest3  (cost=0.43..8.45 rows=1 width=559)
	        Index Cond: (id = 8972358)

table 4 : explain UPDATE sbtest4 SET c='foobar' WHERE id=9928227
	Update on sbtest4  (cost=0.43..8.45 rows=1 width=559)
	  ->  Index Scan using sbtest4_pkey on sbtest4  (cost=0.43..8.45 rows=1 width=559)
	        Index Cond: (id = 9928227)

table 5 : explain UPDATE sbtest5 SET c='foobar' WHERE id=1150603
	Update on sbtest5  (cost=0.43..8.45 rows=1 width=559)
	  ->  Index Scan using sbtest5_pkey on sbtest5  (cost=0.43..8.45 rows=1 width=559)
	        Index Cond: (id = 1150603)

table 6 : explain UPDATE sbtest6 SET c='foobar' WHERE id=5390511
	Update on sbtest6  (cost=0.43..8.45 rows=1 width=559)
	  ->  Index Scan using sbtest6_pkey on sbtest6  (cost=0.43..8.45 rows=1 width=559)
	        Index Cond: (id = 5390511)

table 7 : explain UPDATE sbtest7 SET c='foobar' WHERE id=4631959
	Update on sbtest7  (cost=0.43..8.45 rows=1 width=559)
	  ->  Index Scan using sbtest7_pkey on sbtest7  (cost=0.43..8.45 rows=1 width=559)
	        Index Cond: (id = 4631959)

table 8 : explain UPDATE sbtest8 SET c='foobar' WHERE id=9428888
	Update on sbtest8  (cost=0.43..8.45 rows=1 width=559)
	  ->  Index Scan using sbtest8_pkey on sbtest8  (cost=0.43..8.45 rows=1 width=559)
	        Index Cond: (id = 9428888)

for: distinct_ranges
table 1 : explain SELECT DISTINCT c FROM sbtest1 WHERE id BETWEEN 6783844 AND 6783943 ORDER BY c
	Unique  (cost=394.54..395.05 rows=102 width=121)
	  ->  Sort  (cost=394.54..394.80 rows=102 width=121)
	        Sort Key: c
	        ->  Index Scan using sbtest1_pkey on sbtest1  (cost=0.43..391.14 rows=102 width=121)
	              Index Cond: ((id >= 6783844) AND (id <= 6783943))

table 2 : explain SELECT DISTINCT c FROM sbtest2 WHERE id BETWEEN 7722988 AND 7723087 ORDER BY c
	Unique  (cost=364.15..364.62 rows=94 width=121)
	  ->  Sort  (cost=364.15..364.38 rows=94 width=121)
	        Sort Key: c
	        ->  Index Scan using sbtest2_pkey on sbtest2  (cost=0.43..361.06 rows=94 width=121)
	              Index Cond: ((id >= 7722988) AND (id <= 7723087))

table 3 : explain SELECT DISTINCT c FROM sbtest3 WHERE id BETWEEN 9846689 AND 9846788 ORDER BY c
	Unique  (cost=396.18..396.69 rows=103 width=121)
	  ->  Sort  (cost=396.18..396.44 rows=103 width=121)
	        Sort Key: c
	        ->  Index Scan using sbtest3_pkey on sbtest3  (cost=0.43..392.73 rows=103 width=121)
	              Index Cond: ((id >= 9846689) AND (id <= 9846788))

table 4 : explain SELECT DISTINCT c FROM sbtest4 WHERE id BETWEEN 802165 AND 802264 ORDER BY c
	Unique  (cost=372.74..373.22 rows=96 width=121)
	  ->  Sort  (cost=372.74..372.98 rows=96 width=121)
	        Sort Key: c
	        ->  Index Scan using sbtest4_pkey on sbtest4  (cost=0.43..369.57 rows=96 width=121)
	              Index Cond: ((id >= 802165) AND (id <= 802264))

table 5 : explain SELECT DISTINCT c FROM sbtest5 WHERE id BETWEEN 878932 AND 879031 ORDER BY c
	Unique  (cost=397.04..397.56 rows=103 width=121)
	  ->  Sort  (cost=397.04..397.30 rows=103 width=121)
	        Sort Key: c
	        ->  Index Scan using sbtest5_pkey on sbtest5  (cost=0.43..393.60 rows=103 width=121)
	              Index Cond: ((id >= 878932) AND (id <= 879031))

table 6 : explain SELECT DISTINCT c FROM sbtest6 WHERE id BETWEEN 5843146 AND 5843245 ORDER BY c
	Unique  (cost=336.10..336.54 rows=87 width=121)
	  ->  Sort  (cost=336.10..336.32 rows=87 width=121)
	        Sort Key: c
	        ->  Index Scan using sbtest6_pkey on sbtest6  (cost=0.43..333.30 rows=87 width=121)
	              Index Cond: ((id >= 5843146) AND (id <= 5843245))

table 7 : explain SELECT DISTINCT c FROM sbtest7 WHERE id BETWEEN 1083432 AND 1083531 ORDER BY c
	Unique  (cost=404.08..404.60 rows=104 width=121)
	  ->  Sort  (cost=404.08..404.34 rows=104 width=121)
	        Sort Key: c
	        ->  Index Scan using sbtest7_pkey on sbtest7  (cost=0.43..400.60 rows=104 width=121)
	              Index Cond: ((id >= 1083432) AND (id <= 1083531))

table 8 : explain SELECT DISTINCT c FROM sbtest8 WHERE id BETWEEN 5235892 AND 5235991 ORDER BY c
	Unique  (cost=369.33..369.80 rows=95 width=121)
	  ->  Sort  (cost=369.33..369.57 rows=95 width=121)
	        Sort Key: c
	        ->  Index Scan using sbtest8_pkey on sbtest8  (cost=0.43..366.21 rows=95 width=121)
	              Index Cond: ((id >= 5235892) AND (id <= 5235991))

for point_selects
table 1 : explain SELECT c FROM sbtest1 WHERE id=4126153
	Index Scan using sbtest1_pkey on sbtest1  (cost=0.43..8.45 rows=1 width=121)
	  Index Cond: (id = 4126153)

table 2 : explain SELECT c FROM sbtest2 WHERE id=1812728
	Index Scan using sbtest2_pkey on sbtest2  (cost=0.43..8.45 rows=1 width=121)
	  Index Cond: (id = 1812728)

table 3 : explain SELECT c FROM sbtest3 WHERE id=5079492
	Index Scan using sbtest3_pkey on sbtest3  (cost=0.43..8.45 rows=1 width=121)
	  Index Cond: (id = 5079492)

table 4 : explain SELECT c FROM sbtest4 WHERE id=8953781
	Index Scan using sbtest4_pkey on sbtest4  (cost=0.43..8.45 rows=1 width=121)
	  Index Cond: (id = 8953781)

table 5 : explain SELECT c FROM sbtest5 WHERE id=885805
	Index Scan using sbtest5_pkey on sbtest5  (cost=0.43..8.45 rows=1 width=121)
	  Index Cond: (id = 885805)

table 6 : explain SELECT c FROM sbtest6 WHERE id=3381325
	Index Scan using sbtest6_pkey on sbtest6  (cost=0.43..8.45 rows=1 width=121)
	  Index Cond: (id = 3381325)

table 7 : explain SELECT c FROM sbtest7 WHERE id=367606
	Index Scan using sbtest7_pkey on sbtest7  (cost=0.43..8.45 rows=1 width=121)
	  Index Cond: (id = 367606)

table 8 : explain SELECT c FROM sbtest8 WHERE id=989056
	Index Scan using sbtest8_pkey on sbtest8  (cost=0.43..8.45 rows=1 width=121)
	  Index Cond: (id = 989056)

explain: for point_selects :: explain SELECT c FROM sbtest%u WHERE id=%u
explain: for point_selects :: explain SELECT c FROM sbtest%u WHERE id=%u
for: simple_ranges
table 1 : explain SELECT c FROM sbtest1 WHERE id BETWEEN 3355439 AND 3355538
	Index Scan using sbtest1_pkey on sbtest1  (cost=0.43..402.50 rows=105 width=121)
	  Index Cond: ((id >= 3355439) AND (id <= 3355538))

table 2 : explain SELECT c FROM sbtest2 WHERE id BETWEEN 1255968 AND 1256067
	Index Scan using sbtest2_pkey on sbtest2  (cost=0.43..383.86 rows=100 width=121)
	  Index Cond: ((id >= 1255968) AND (id <= 1256067))

table 3 : explain SELECT c FROM sbtest3 WHERE id BETWEEN 4646953 AND 4647052
	Index Scan using sbtest3_pkey on sbtest3  (cost=0.43..415.33 rows=109 width=121)
	  Index Cond: ((id >= 4646953) AND (id <= 4647052))

table 4 : explain SELECT c FROM sbtest4 WHERE id BETWEEN 9481222 AND 9481321
	Index Scan using sbtest4_pkey on sbtest4  (cost=0.43..384.77 rows=100 width=121)
	  Index Cond: ((id >= 9481222) AND (id <= 9481321))

table 5 : explain SELECT c FROM sbtest5 WHERE id BETWEEN 1978351 AND 1978450
	Index Scan using sbtest5_pkey on sbtest5  (cost=0.43..397.37 rows=104 width=121)
	  Index Cond: ((id >= 1978351) AND (id <= 1978450))

table 6 : explain SELECT c FROM sbtest6 WHERE id BETWEEN 809188 AND 809287
	Index Scan using sbtest6_pkey on sbtest6  (cost=0.43..393.78 rows=103 width=121)
	  Index Cond: ((id >= 809188) AND (id <= 809287))

table 7 : explain SELECT c FROM sbtest7 WHERE id BETWEEN 7554693 AND 7554792
	Index Scan using sbtest7_pkey on sbtest7  (cost=0.43..396.79 rows=103 width=121)
	  Index Cond: ((id >= 7554693) AND (id <= 7554792))

table 8 : explain SELECT c FROM sbtest8 WHERE id BETWEEN 2925452 AND 2925551
	Index Scan using sbtest8_pkey on sbtest8  (cost=0.43..385.29 rows=100 width=121)
	  Index Cond: ((id >= 2925452) AND (id <= 2925551))

for: order_ranges
table 1 : explain SELECT c FROM sbtest1 WHERE id BETWEEN 8240150 AND 8240249 ORDER BY c
	Sort  (cost=348.55..348.78 rows=90 width=121)
	  Sort Key: c
	  ->  Index Scan using sbtest1_pkey on sbtest1  (cost=0.43..345.63 rows=90 width=121)
	        Index Cond: ((id >= 8240150) AND (id <= 8240249))

table 2 : explain SELECT c FROM sbtest2 WHERE id BETWEEN 7288541 AND 7288640 ORDER BY c
	Sort  (cost=364.15..364.38 rows=94 width=121)
	  Sort Key: c
	  ->  Index Scan using sbtest2_pkey on sbtest2  (cost=0.43..361.06 rows=94 width=121)
	        Index Cond: ((id >= 7288541) AND (id <= 7288640))

table 3 : explain SELECT c FROM sbtest3 WHERE id BETWEEN 5924265 AND 5924364 ORDER BY c
	Sort  (cost=365.73..365.97 rows=95 width=121)
	  Sort Key: c
	  ->  Index Scan using sbtest3_pkey on sbtest3  (cost=0.43..362.61 rows=95 width=121)
	        Index Cond: ((id >= 5924265) AND (id <= 5924364))

table 4 : explain SELECT c FROM sbtest4 WHERE id BETWEEN 4981215 AND 4981314 ORDER BY c
	Sort  (cost=380.41..380.66 rows=98 width=121)
	  Sort Key: c
	  ->  Index Scan using sbtest4_pkey on sbtest4  (cost=0.43..377.17 rows=98 width=121)
	        Index Cond: ((id >= 4981215) AND (id <= 4981314))

table 5 : explain SELECT c FROM sbtest5 WHERE id BETWEEN 1202604 AND 1202703 ORDER BY c
	Sort  (cost=366.53..366.76 rows=95 width=121)
	  Sort Key: c
	  ->  Index Scan using sbtest5_pkey on sbtest5  (cost=0.43..363.40 rows=95 width=121)
	        Index Cond: ((id >= 1202604) AND (id <= 1202703))

table 6 : explain SELECT c FROM sbtest6 WHERE id BETWEEN 7491601 AND 7491700 ORDER BY c
	Sort  (cost=381.95..382.20 rows=99 width=121)
	  Sort Key: c
	  ->  Index Scan using sbtest6_pkey on sbtest6  (cost=0.43..378.67 rows=99 width=121)
	        Index Cond: ((id >= 7491601) AND (id <= 7491700))

table 7 : explain SELECT c FROM sbtest7 WHERE id BETWEEN 845363 AND 845462 ORDER BY c
	Sort  (cost=373.31..373.55 rows=96 width=121)
	  Sort Key: c
	  ->  Index Scan using sbtest7_pkey on sbtest7  (cost=0.43..370.15 rows=96 width=121)
	        Index Cond: ((id >= 845363) AND (id <= 845462))

table 8 : explain SELECT c FROM sbtest8 WHERE id BETWEEN 3183737 AND 3183836 ORDER BY c
	Sort  (cost=400.14..400.40 rows=103 width=121)
	  Sort Key: c
	  ->  Index Scan using sbtest8_pkey on sbtest8  (cost=0.43..396.70 rows=103 width=121)
	        Index Cond: ((id >= 3183737) AND (id <= 3183836))

explain: for index_updates :: explain UPDATE sbtest%u SET k=k+1 WHERE id=%u
for index_updates
table 1 : explain UPDATE sbtest1 SET k=k+1 WHERE id=1084435
	Update on sbtest1  (cost=0.43..8.46 rows=1 width=196)
	  ->  Index Scan using sbtest1_pkey on sbtest1  (cost=0.43..8.46 rows=1 width=196)
	        Index Cond: (id = 1084435)

table 2 : explain UPDATE sbtest2 SET k=k+1 WHERE id=858392
	Update on sbtest2  (cost=0.43..8.46 rows=1 width=196)
	  ->  Index Scan using sbtest2_pkey on sbtest2  (cost=0.43..8.46 rows=1 width=196)
	        Index Cond: (id = 858392)

table 3 : explain UPDATE sbtest3 SET k=k+1 WHERE id=7949256
	Update on sbtest3  (cost=0.43..8.46 rows=1 width=196)
	  ->  Index Scan using sbtest3_pkey on sbtest3  (cost=0.43..8.46 rows=1 width=196)
	        Index Cond: (id = 7949256)

table 4 : explain UPDATE sbtest4 SET k=k+1 WHERE id=4952564
	Update on sbtest4  (cost=0.43..8.46 rows=1 width=196)
	  ->  Index Scan using sbtest4_pkey on sbtest4  (cost=0.43..8.46 rows=1 width=196)
	        Index Cond: (id = 4952564)

table 5 : explain UPDATE sbtest5 SET k=k+1 WHERE id=4406534
	Update on sbtest5  (cost=0.43..8.46 rows=1 width=196)
	  ->  Index Scan using sbtest5_pkey on sbtest5  (cost=0.43..8.46 rows=1 width=196)
	        Index Cond: (id = 4406534)

table 6 : explain UPDATE sbtest6 SET k=k+1 WHERE id=4569008
	Update on sbtest6  (cost=0.43..8.46 rows=1 width=196)
	  ->  Index Scan using sbtest6_pkey on sbtest6  (cost=0.43..8.46 rows=1 width=196)
	        Index Cond: (id = 4569008)

table 7 : explain UPDATE sbtest7 SET k=k+1 WHERE id=4237840
	Update on sbtest7  (cost=0.43..8.46 rows=1 width=196)
	  ->  Index Scan using sbtest7_pkey on sbtest7  (cost=0.43..8.46 rows=1 width=196)
	        Index Cond: (id = 4237840)

table 8 : explain UPDATE sbtest8 SET k=k+1 WHERE id=5793993
	Update on sbtest8  (cost=0.43..8.46 rows=1 width=196)
	  ->  Index Scan using sbtest8_pkey on sbtest8  (cost=0.43..8.46 rows=1 width=196)
	        Index Cond: (id = 5793993)

explain: for index_updates :: explain UPDATE sbtest%u SET k=k+1 WHERE id=%u
explain: for deletes :: explain DELETE FROM sbtest%u WHERE id=%u
explain: for point_selects :: explain SELECT c FROM sbtest%u WHERE id=%u
for: simple_ranges
table 1 : explain SELECT c FROM sbtest1 WHERE id BETWEEN 8486421 AND 8486520
	Index Scan using sbtest1_pkey on sbtest1  (cost=0.43..372.20 rows=97 width=121)
	  Index Cond: ((id >= 8486421) AND (id <= 8486520))

table 2 : explain SELECT c FROM sbtest2 WHERE id BETWEEN 9189861 AND 9189960
	Index Scan using sbtest2_pkey on sbtest2  (cost=0.43..414.19 rows=108 width=121)
	  Index Cond: ((id >= 9189861) AND (id <= 9189960))

table 3 : explain SELECT c FROM sbtest3 WHERE id BETWEEN 1041889 AND 1041988
	Index Scan using sbtest3_pkey on sbtest3  (cost=0.43..392.73 rows=103 width=121)
	  Index Cond: ((id >= 1041889) AND (id <= 1041988))

table 4 : explain SELECT c FROM sbtest4 WHERE id BETWEEN 5440516 AND 5440615
	Index Scan using sbtest4_pkey on sbtest4  (cost=0.43..354.38 rows=92 width=121)
	  Index Cond: ((id >= 5440516) AND (id <= 5440615))

table 5 : explain SELECT c FROM sbtest5 WHERE id BETWEEN 6172442 AND 6172541
	Index Scan using sbtest5_pkey on sbtest5  (cost=0.43..401.15 rows=105 width=121)
	  Index Cond: ((id >= 6172442) AND (id <= 6172541))

table 6 : explain SELECT c FROM sbtest6 WHERE id BETWEEN 9306112 AND 9306211
	Index Scan using sbtest6_pkey on sbtest6  (cost=0.43..371.12 rows=97 width=121)
	  Index Cond: ((id >= 9306112) AND (id <= 9306211))

table 7 : explain SELECT c FROM sbtest7 WHERE id BETWEEN 2693572 AND 2693671
	Index Scan using sbtest7_pkey on sbtest7  (cost=0.43..339.65 rows=88 width=121)
	  Index Cond: ((id >= 2693572) AND (id <= 2693671))

table 8 : explain SELECT c FROM sbtest8 WHERE id BETWEEN 6703565 AND 6703664
	Index Scan using sbtest8_pkey on sbtest8  (cost=0.43..350.99 rows=91 width=121)
	  Index Cond: ((id >= 6703565) AND (id <= 6703664))

for point_selects
table 1 : explain SELECT c FROM sbtest1 WHERE id=5831257
	Index Scan using sbtest1_pkey on sbtest1  (cost=0.43..8.45 rows=1 width=121)
	  Index Cond: (id = 5831257)

table 2 : explain SELECT c FROM sbtest2 WHERE id=7037387
	Index Scan using sbtest2_pkey on sbtest2  (cost=0.43..8.45 rows=1 width=121)
	  Index Cond: (id = 7037387)

table 3 : explain SELECT c FROM sbtest3 WHERE id=1428130
	Index Scan using sbtest3_pkey on sbtest3  (cost=0.43..8.45 rows=1 width=121)
	  Index Cond: (id = 1428130)

table 4 : explain SELECT c FROM sbtest4 WHERE id=3271224
	Index Scan using sbtest4_pkey on sbtest4  (cost=0.43..8.45 rows=1 width=121)
	  Index Cond: (id = 3271224)

table 5 : explain SELECT c FROM sbtest5 WHERE id=2251584
	Index Scan using sbtest5_pkey on sbtest5  (cost=0.43..8.45 rows=1 width=121)
	  Index Cond: (id = 2251584)

table 6 : explain SELECT c FROM sbtest6 WHERE id=5435752
	Index Scan using sbtest6_pkey on sbtest6  (cost=0.43..8.45 rows=1 width=121)
	  Index Cond: (id = 5435752)

table 7 : explain SELECT c FROM sbtest7 WHERE id=9317414
	Index Scan using sbtest7_pkey on sbtest7  (cost=0.43..8.45 rows=1 width=121)
	  Index Cond: (id = 9317414)

table 8 : explain SELECT c FROM sbtest8 WHERE id=5512875
	Index Scan using sbtest8_pkey on sbtest8  (cost=0.43..8.45 rows=1 width=121)
	  Index Cond: (id = 5512875)

explain: for non_index_updates :: explain UPDATE sbtest%u SET c='foobar' WHERE id=%u
for: distinct_ranges
table 1 : explain SELECT DISTINCT c FROM sbtest1 WHERE id BETWEEN 6146911 AND 6147010 ORDER BY c
	Unique  (cost=375.40..375.89 rows=97 width=121)
	  ->  Sort  (cost=375.40..375.64 rows=97 width=121)
	        Sort Key: c
	        ->  Index Scan using sbtest1_pkey on sbtest1  (cost=0.43..372.20 rows=97 width=121)
	              Index Cond: ((id >= 6146911) AND (id <= 6147010))

table 2 : explain SELECT DISTINCT c FROM sbtest2 WHERE id BETWEEN 3316239 AND 3316338 ORDER BY c
	Unique  (cost=367.98..368.45 rows=95 width=121)
	  ->  Sort  (cost=367.98..368.21 rows=95 width=121)
	        Sort Key: c
	        ->  Index Scan using sbtest2_pkey on sbtest2  (cost=0.43..364.86 rows=95 width=121)
	              Index Cond: ((id >= 3316239) AND (id <= 3316338))

table 3 : explain SELECT DISTINCT c FROM sbtest3 WHERE id BETWEEN 658818 AND 658917 ORDER BY c
	Unique  (cost=369.54..370.02 rows=96 width=121)
	  ->  Sort  (cost=369.54..369.78 rows=96 width=121)
	        Sort Key: c
	        ->  Index Scan using sbtest3_pkey on sbtest3  (cost=0.43..366.38 rows=96 width=121)
	              Index Cond: ((id >= 658818) AND (id <= 658917))

table 4 : explain SELECT DISTINCT c FROM sbtest4 WHERE id BETWEEN 1028530 AND 1028629 ORDER BY c
	Unique  (cost=341.97..342.41 rows=88 width=121)
	  ->  Sort  (cost=341.97..342.19 rows=88 width=121)
	        Sort Key: c
	        ->  Index Scan using sbtest4_pkey on sbtest4  (cost=0.43..339.12 rows=88 width=121)
	              Index Cond: ((id >= 1028530) AND (id <= 1028629))

table 5 : explain SELECT DISTINCT c FROM sbtest5 WHERE id BETWEEN 9861822 AND 9861921 ORDER BY c
	Unique  (cost=416.12..416.66 rows=108 width=121)
	  ->  Sort  (cost=416.12..416.39 rows=108 width=121)
	        Sort Key: c
	        ->  Index Scan using sbtest5_pkey on sbtest5  (cost=0.43..412.47 rows=108 width=121)
	              Index Cond: ((id >= 9861822) AND (id <= 9861921))

table 6 : explain SELECT DISTINCT c FROM sbtest6 WHERE id BETWEEN 1575808 AND 1575907 ORDER BY c
	Unique  (cost=374.32..374.81 rows=97 width=121)
	  ->  Sort  (cost=374.32..374.56 rows=97 width=121)
	        Sort Key: c
	        ->  Index Scan using sbtest6_pkey on sbtest6  (cost=0.43..371.12 rows=97 width=121)
	              Index Cond: ((id >= 1575808) AND (id <= 1575907))

table 7 : explain SELECT DISTINCT c FROM sbtest7 WHERE id BETWEEN 461605 AND 461704 ORDER BY c
	Unique  (cost=377.16..377.64 rows=97 width=121)
	  ->  Sort  (cost=377.16..377.40 rows=97 width=121)
	        Sort Key: c
	        ->  Index Scan using sbtest7_pkey on sbtest7  (cost=0.43..373.96 rows=97 width=121)
	              Index Cond: ((id >= 461605) AND (id <= 461704))

table 8 : explain SELECT DISTINCT c FROM sbtest8 WHERE id BETWEEN 4113012 AND 4113111 ORDER BY c
	Unique  (cost=357.79..358.25 rows=92 width=121)
	  ->  Sort  (cost=357.79..358.02 rows=92 width=121)
	        Sort Key: c
	        ->  Index Scan using sbtest8_pkey on sbtest8  (cost=0.43..354.79 rows=92 width=121)
	              Index Cond: ((id >= 4113012) AND (id <= 4113111))

for deletes
table 1 : explain DELETE FROM sbtest1 WHERE id=4441045
	Delete on sbtest1  (cost=0.43..8.45 rows=1 width=6)
	  ->  Index Scan using sbtest1_pkey on sbtest1  (cost=0.43..8.45 rows=1 width=6)
	        Index Cond: (id = 4441045)

table 2 : explain DELETE FROM sbtest2 WHERE id=3928344
	Delete on sbtest2  (cost=0.43..8.45 rows=1 width=6)
	  ->  Index Scan using sbtest2_pkey on sbtest2  (cost=0.43..8.45 rows=1 width=6)
	        Index Cond: (id = 3928344)

table 3 : explain DELETE FROM sbtest3 WHERE id=3435043
	Delete on sbtest3  (cost=0.43..8.45 rows=1 width=6)
	  ->  Index Scan using sbtest3_pkey on sbtest3  (cost=0.43..8.45 rows=1 width=6)
	        Index Cond: (id = 3435043)

table 4 : explain DELETE FROM sbtest4 WHERE id=3673020
	Delete on sbtest4  (cost=0.43..8.45 rows=1 width=6)
	  ->  Index Scan using sbtest4_pkey on sbtest4  (cost=0.43..8.45 rows=1 width=6)
	        Index Cond: (id = 3673020)

table 5 : explain DELETE FROM sbtest5 WHERE id=7959081
	Delete on sbtest5  (cost=0.43..8.45 rows=1 width=6)
	  ->  Index Scan using sbtest5_pkey on sbtest5  (cost=0.43..8.45 rows=1 width=6)
	        Index Cond: (id = 7959081)

table 6 : explain DELETE FROM sbtest6 WHERE id=7864250
	Delete on sbtest6  (cost=0.43..8.45 rows=1 width=6)
	  ->  Index Scan using sbtest6_pkey on sbtest6  (cost=0.43..8.45 rows=1 width=6)
	        Index Cond: (id = 7864250)

table 7 : explain DELETE FROM sbtest7 WHERE id=4232393
	Delete on sbtest7  (cost=0.43..8.45 rows=1 width=6)
	  ->  Index Scan using sbtest7_pkey on sbtest7  (cost=0.43..8.45 rows=1 width=6)
	        Index Cond: (id = 4232393)

table 8 : explain DELETE FROM sbtest8 WHERE id=8217057
	Delete on sbtest8  (cost=0.43..8.45 rows=1 width=6)
	  ->  Index Scan using sbtest8_pkey on sbtest8  (cost=0.43..8.45 rows=1 width=6)
	        Index Cond: (id = 8217057)

for: simple_ranges
table 1 : explain SELECT c FROM sbtest1 WHERE id BETWEEN 591118 AND 591217
	Index Scan using sbtest1_pkey on sbtest1  (cost=0.43..391.14 rows=102 width=121)
	  Index Cond: ((id >= 591118) AND (id <= 591217))

table 2 : explain SELECT c FROM sbtest2 WHERE id BETWEEN 3166905 AND 3167004
	Index Scan using sbtest2_pkey on sbtest2  (cost=0.43..345.90 rows=90 width=121)
	  Index Cond: ((id >= 3166905) AND (id <= 3167004))

table 3 : explain SELECT c FROM sbtest3 WHERE id BETWEEN 253408 AND 253507
	Index Scan using sbtest3_pkey on sbtest3  (cost=0.43..373.91 rows=98 width=121)
	  Index Cond: ((id >= 253408) AND (id <= 253507))

table 4 : explain SELECT c FROM sbtest4 WHERE id BETWEEN 2571959 AND 2572058
	Index Scan using sbtest4_pkey on sbtest4  (cost=0.43..437.97 rows=114 width=121)
	  Index Cond: ((id >= 2571959) AND (id <= 2572058))

table 5 : explain SELECT c FROM sbtest5 WHERE id BETWEEN 3637826 AND 3637925
	Index Scan using sbtest5_pkey on sbtest5  (cost=0.43..408.69 rows=107 width=121)
	  Index Cond: ((id >= 3637826) AND (id <= 3637925))

table 6 : explain SELECT c FROM sbtest6 WHERE id BETWEEN 8899234 AND 8899333
	Index Scan using sbtest6_pkey on sbtest6  (cost=0.43..393.78 rows=103 width=121)
	  Index Cond: ((id >= 8899234) AND (id <= 8899333))

table 7 : explain SELECT c FROM sbtest7 WHERE id BETWEEN 6186270 AND 6186369
	Index Scan using sbtest7_pkey on sbtest7  (cost=0.43..404.40 rows=105 width=121)
	  Index Cond: ((id >= 6186270) AND (id <= 6186369))

table 8 : explain SELECT c FROM sbtest8 WHERE id BETWEEN 5199606 AND 5199705
	Index Scan using sbtest8_pkey on sbtest8  (cost=0.43..358.60 rows=93 width=121)
	  Index Cond: ((id >= 5199606) AND (id <= 5199705))

for: distinct_ranges
table 1 : explain SELECT DISTINCT c FROM sbtest1 WHERE id BETWEEN 3164261 AND 3164360 ORDER BY c
	Unique  (cost=348.55..349.00 rows=90 width=121)
	  ->  Sort  (cost=348.55..348.78 rows=90 width=121)
	        Sort Key: c
	        ->  Index Scan using sbtest1_pkey on sbtest1  (cost=0.43..345.63 rows=90 width=121)
	              Index Cond: ((id >= 3164261) AND (id <= 3164360))

table 2 : explain SELECT DISTINCT c FROM sbtest2 WHERE id BETWEEN 8863845 AND 8863944 ORDER BY c
	Unique  (cost=383.36..383.85 rows=99 width=121)
	  ->  Sort  (cost=383.36..383.60 rows=99 width=121)
	        Sort Key: c
	        ->  Index Scan using sbtest2_pkey on sbtest2  (cost=0.43..380.07 rows=99 width=121)
	              Index Cond: ((id >= 8863845) AND (id <= 8863944))

table 3 : explain SELECT DISTINCT c FROM sbtest3 WHERE id BETWEEN 4488688 AND 4488787 ORDER BY c
	Unique  (cost=399.98..400.50 rows=104 width=121)
	  ->  Sort  (cost=399.98..400.24 rows=104 width=121)
	        Sort Key: c
	        ->  Index Scan using sbtest3_pkey on sbtest3  (cost=0.43..396.50 rows=104 width=121)
	              Index Cond: ((id >= 4488688) AND (id <= 4488787))

table 4 : explain SELECT DISTINCT c FROM sbtest4 WHERE id BETWEEN 7472354 AND 7472453 ORDER BY c
	Unique  (cost=403.45..403.97 rows=104 width=121)
	  ->  Sort  (cost=403.45..403.71 rows=104 width=121)
	        Sort Key: c
	        ->  Index Scan using sbtest4_pkey on sbtest4  (cost=0.43..399.97 rows=104 width=121)
	              Index Cond: ((id >= 7472354) AND (id <= 7472453))

table 5 : explain SELECT DISTINCT c FROM sbtest5 WHERE id BETWEEN 1482815 AND 1482914 ORDER BY c
	Unique  (cost=347.39..347.84 rows=90 width=121)
	  ->  Sort  (cost=347.39..347.62 rows=90 width=121)
	        Sort Key: c
	        ->  Index Scan using sbtest5_pkey on sbtest5  (cost=0.43..344.47 rows=90 width=121)
	              Index Cond: ((id >= 1482815) AND (id <= 1482914))

table 6 : explain SELECT DISTINCT c FROM sbtest6 WHERE id BETWEEN 882456 AND 882555 ORDER BY c
	Unique  (cost=397.22..397.73 rows=103 width=121)
	  ->  Sort  (cost=397.22..397.48 rows=103 width=121)
	        Sort Key: c
	        ->  Index Scan using sbtest6_pkey on sbtest6  (cost=0.43..393.78 rows=103 width=121)
	              Index Cond: ((id >= 882456) AND (id <= 882555))

table 7 : explain SELECT DISTINCT c FROM sbtest7 WHERE id BETWEEN 4541180 AND 4541279 ORDER BY c
	Unique  (cost=361.77..362.24 rows=93 width=121)
	  ->  Sort  (cost=361.77..362.01 rows=93 width=121)
	        Sort Key: c
	        ->  Index Scan using sbtest7_pkey on sbtest7  (cost=0.43..358.73 rows=93 width=121)
	              Index Cond: ((id >= 4541180) AND (id <= 4541279))

table 8 : explain SELECT DISTINCT c FROM sbtest8 WHERE id BETWEEN 2243715 AND 2243814 ORDER BY c
	Unique  (cost=407.83..408.36 rows=105 width=121)
	  ->  Sort  (cost=407.83..408.10 rows=105 width=121)
	        Sort Key: c
	        ->  Index Scan using sbtest8_pkey on sbtest8  (cost=0.43..404.31 rows=105 width=121)
	              Index Cond: ((id >= 2243715) AND (id <= 2243814))

for non_index_updates
table 1 : explain UPDATE sbtest1 SET c='foobar' WHERE id=1133937
	Update on sbtest1  (cost=0.43..8.45 rows=1 width=559)
	  ->  Index Scan using sbtest1_pkey on sbtest1  (cost=0.43..8.45 rows=1 width=559)
	        Index Cond: (id = 1133937)

table 2 : explain UPDATE sbtest2 SET c='foobar' WHERE id=9655006
	Update on sbtest2  (cost=0.43..8.45 rows=1 width=559)
	  ->  Index Scan using sbtest2_pkey on sbtest2  (cost=0.43..8.45 rows=1 width=559)
	        Index Cond: (id = 9655006)

table 3 : explain UPDATE sbtest3 SET c='foobar' WHERE id=4962801
	Update on sbtest3  (cost=0.43..8.45 rows=1 width=559)
	  ->  Index Scan using sbtest3_pkey on sbtest3  (cost=0.43..8.45 rows=1 width=559)
	        Index Cond: (id = 4962801)

table 4 : explain UPDATE sbtest4 SET c='foobar' WHERE id=1817869
	Update on sbtest4  (cost=0.43..8.45 rows=1 width=559)
	  ->  Index Scan using sbtest4_pkey on sbtest4  (cost=0.43..8.45 rows=1 width=559)
	        Index Cond: (id = 1817869)

table 5 : explain UPDATE sbtest5 SET c='foobar' WHERE id=7853746
	Update on sbtest5  (cost=0.43..8.45 rows=1 width=559)
	  ->  Index Scan using sbtest5_pkey on sbtest5  (cost=0.43..8.45 rows=1 width=559)
	        Index Cond: (id = 7853746)

table 6 : explain UPDATE sbtest6 SET c='foobar' WHERE id=1968989
	Update on sbtest6  (cost=0.43..8.45 rows=1 width=559)
	  ->  Index Scan using sbtest6_pkey on sbtest6  (cost=0.43..8.45 rows=1 width=559)
	        Index Cond: (id = 1968989)

table 7 : explain UPDATE sbtest7 SET c='foobar' WHERE id=5636098
	Update on sbtest7  (cost=0.43..8.45 rows=1 width=559)
	  ->  Index Scan using sbtest7_pkey on sbtest7  (cost=0.43..8.45 rows=1 width=559)
	        Index Cond: (id = 5636098)

table 8 : explain UPDATE sbtest8 SET c='foobar' WHERE id=4217263
	Update on sbtest8  (cost=0.43..8.45 rows=1 width=559)
	  ->  Index Scan using sbtest8_pkey on sbtest8  (cost=0.43..8.45 rows=1 width=559)
	        Index Cond: (id = 4217263)

for: distinct_ranges
table 1 : explain SELECT DISTINCT c FROM sbtest1 WHERE id BETWEEN 1910496 AND 1910595 ORDER BY c
	Unique  (cost=383.06..383.55 rows=99 width=121)
	  ->  Sort  (cost=383.06..383.30 rows=99 width=121)
	        Sort Key: c
	        ->  Index Scan using sbtest1_pkey on sbtest1  (cost=0.43..379.78 rows=99 width=121)
	              Index Cond: ((id >= 1910496) AND (id <= 1910595))

table 2 : explain SELECT DISTINCT c FROM sbtest2 WHERE id BETWEEN 6964550 AND 6964649 ORDER BY c
	Unique  (cost=379.52..380.01 rows=98 width=121)
	  ->  Sort  (cost=379.52..379.77 rows=98 width=121)
	        Sort Key: c
	        ->  Index Scan using sbtest2_pkey on sbtest2  (cost=0.43..376.28 rows=98 width=121)
	              Index Cond: ((id >= 6964550) AND (id <= 6964649))

table 3 : explain SELECT DISTINCT c FROM sbtest3 WHERE id BETWEEN 3641106 AND 3641205 ORDER BY c
	Unique  (cost=358.12..358.58 rows=93 width=121)
	  ->  Sort  (cost=358.12..358.35 rows=93 width=121)
	        Sort Key: c
	        ->  Index Scan using sbtest3_pkey on sbtest3  (cost=0.43..355.08 rows=93 width=121)
	              Index Cond: ((id >= 3641106) AND (id <= 3641205))

table 4 : explain SELECT DISTINCT c FROM sbtest4 WHERE id BETWEEN 764034 AND 764133 ORDER BY c
	Unique  (cost=422.66..423.20 rows=109 width=121)
	  ->  Sort  (cost=422.66..422.93 rows=109 width=121)
	        Sort Key: c
	        ->  Index Scan using sbtest4_pkey on sbtest4  (cost=0.43..418.97 rows=109 width=121)
	              Index Cond: ((id >= 764034) AND (id <= 764133))

table 5 : explain SELECT DISTINCT c FROM sbtest5 WHERE id BETWEEN 7015827 AND 7015926 ORDER BY c
	Unique  (cost=419.93..420.48 rows=109 width=121)
	  ->  Sort  (cost=419.93..420.20 rows=109 width=121)
	        Sort Key: c
	        ->  Index Scan using sbtest5_pkey on sbtest5  (cost=0.43..416.24 rows=109 width=121)
	              Index Cond: ((id >= 7015827) AND (id <= 7015926))

table 6 : explain SELECT DISTINCT c FROM sbtest6 WHERE id BETWEEN 7997604 AND 7997703 ORDER BY c
	Unique  (cost=370.51..370.99 rows=96 width=121)
	  ->  Sort  (cost=370.51..370.75 rows=96 width=121)
	        Sort Key: c
	        ->  Index Scan using sbtest6_pkey on sbtest6  (cost=0.43..367.35 rows=96 width=121)
	              Index Cond: ((id >= 7997604) AND (id <= 7997703))

table 7 : explain SELECT DISTINCT c FROM sbtest7 WHERE id BETWEEN 9441385 AND 9441484 ORDER BY c
	Unique  (cost=384.85..385.34 rows=99 width=121)
	  ->  Sort  (cost=384.85..385.10 rows=99 width=121)
	        Sort Key: c
	        ->  Index Scan using sbtest7_pkey on sbtest7  (cost=0.43..381.57 rows=99 width=121)
	              Index Cond: ((id >= 9441385) AND (id <= 9441484))

table 8 : explain SELECT DISTINCT c FROM sbtest8 WHERE id BETWEEN 6566298 AND 6566397 ORDER BY c
	Unique  (cost=396.30..396.81 rows=102 width=121)
	  ->  Sort  (cost=396.30..396.55 rows=102 width=121)
	        Sort Key: c
	        ->  Index Scan using sbtest8_pkey on sbtest8  (cost=0.43..392.90 rows=102 width=121)
	              Index Cond: ((id >= 6566298) AND (id <= 6566397))

for index_updates
table 1 : explain UPDATE sbtest1 SET k=k+1 WHERE id=957152
	Update on sbtest1  (cost=0.43..8.46 rows=1 width=196)
	  ->  Index Scan using sbtest1_pkey on sbtest1  (cost=0.43..8.46 rows=1 width=196)
	        Index Cond: (id = 957152)

table 2 : explain UPDATE sbtest2 SET k=k+1 WHERE id=4138317
	Update on sbtest2  (cost=0.43..8.46 rows=1 width=196)
	  ->  Index Scan using sbtest2_pkey on sbtest2  (cost=0.43..8.46 rows=1 width=196)
	        Index Cond: (id = 4138317)

table 3 : explain UPDATE sbtest3 SET k=k+1 WHERE id=1774169
	Update on sbtest3  (cost=0.43..8.46 rows=1 width=196)
	  ->  Index Scan using sbtest3_pkey on sbtest3  (cost=0.43..8.46 rows=1 width=196)
	        Index Cond: (id = 1774169)

table 4 : explain UPDATE sbtest4 SET k=k+1 WHERE id=3199733
	Update on sbtest4  (cost=0.43..8.46 rows=1 width=196)
	  ->  Index Scan using sbtest4_pkey on sbtest4  (cost=0.43..8.46 rows=1 width=196)
	        Index Cond: (id = 3199733)

table 5 : explain UPDATE sbtest5 SET k=k+1 WHERE id=4171378
	Update on sbtest5  (cost=0.43..8.46 rows=1 width=196)
	  ->  Index Scan using sbtest5_pkey on sbtest5  (cost=0.43..8.46 rows=1 width=196)
	        Index Cond: (id = 4171378)

table 6 : explain UPDATE sbtest6 SET k=k+1 WHERE id=6497035
	Update on sbtest6  (cost=0.43..8.46 rows=1 width=196)
	  ->  Index Scan using sbtest6_pkey on sbtest6  (cost=0.43..8.46 rows=1 width=196)
	        Index Cond: (id = 6497035)

table 7 : explain UPDATE sbtest7 SET k=k+1 WHERE id=4698282
	Update on sbtest7  (cost=0.43..8.46 rows=1 width=196)
	  ->  Index Scan using sbtest7_pkey on sbtest7  (cost=0.43..8.46 rows=1 width=196)
	        Index Cond: (id = 4698282)

table 8 : explain UPDATE sbtest8 SET k=k+1 WHERE id=5456337
	Update on sbtest8  (cost=0.43..8.46 rows=1 width=196)
	  ->  Index Scan using sbtest8_pkey on sbtest8  (cost=0.43..8.46 rows=1 width=196)
	        Index Cond: (id = 5456337)

explain: for index_updates :: explain UPDATE sbtest%u SET k=k+1 WHERE id=%u
for point_selects
table 1 : explain SELECT c FROM sbtest1 WHERE id=6509194
	Index Scan using sbtest1_pkey on sbtest1  (cost=0.43..8.45 rows=1 width=121)
	  Index Cond: (id = 6509194)

table 2 : explain SELECT c FROM sbtest2 WHERE id=4705544
	Index Scan using sbtest2_pkey on sbtest2  (cost=0.43..8.45 rows=1 width=121)
	  Index Cond: (id = 4705544)

table 3 : explain SELECT c FROM sbtest3 WHERE id=2130287
	Index Scan using sbtest3_pkey on sbtest3  (cost=0.43..8.45 rows=1 width=121)
	  Index Cond: (id = 2130287)

table 4 : explain SELECT c FROM sbtest4 WHERE id=1254871
	Index Scan using sbtest4_pkey on sbtest4  (cost=0.43..8.45 rows=1 width=121)
	  Index Cond: (id = 1254871)

table 5 : explain SELECT c FROM sbtest5 WHERE id=6164538
	Index Scan using sbtest5_pkey on sbtest5  (cost=0.43..8.45 rows=1 width=121)
	  Index Cond: (id = 6164538)

table 6 : explain SELECT c FROM sbtest6 WHERE id=106899
	Index Scan using sbtest6_pkey on sbtest6  (cost=0.43..8.45 rows=1 width=121)
	  Index Cond: (id = 106899)

table 7 : explain SELECT c FROM sbtest7 WHERE id=488108
	Index Scan using sbtest7_pkey on sbtest7  (cost=0.43..8.45 rows=1 width=121)
	  Index Cond: (id = 488108)

table 8 : explain SELECT c FROM sbtest8 WHERE id=2869414
	Index Scan using sbtest8_pkey on sbtest8  (cost=0.43..8.45 rows=1 width=121)
	  Index Cond: (id = 2869414)

for: distinct_ranges
table 1 : explain SELECT DISTINCT c FROM sbtest1 WHERE id BETWEEN 3420509 AND 3420608 ORDER BY c
	Unique  (cost=386.88..387.38 rows=100 width=121)
	  ->  Sort  (cost=386.88..387.13 rows=100 width=121)
	        Sort Key: c
	        ->  Index Scan using sbtest1_pkey on sbtest1  (cost=0.43..383.56 rows=100 width=121)
	              Index Cond: ((id >= 3420509) AND (id <= 3420608))

table 2 : explain SELECT DISTINCT c FROM sbtest2 WHERE id BETWEEN 7561914 AND 7562013 ORDER BY c
	Unique  (cost=406.34..406.87 rows=105 width=121)
	  ->  Sort  (cost=406.34..406.60 rows=105 width=121)
	        Sort Key: c
	        ->  Index Scan using sbtest2_pkey on sbtest2  (cost=0.43..402.82 rows=105 width=121)
	              Index Cond: ((id >= 7561914) AND (id <= 7562013))

table 3 : explain SELECT DISTINCT c FROM sbtest3 WHERE id BETWEEN 1834562 AND 1834661 ORDER BY c
	Unique  (cost=377.15..377.64 rows=98 width=121)
	  ->  Sort  (cost=377.15..377.39 rows=98 width=121)
	        Sort Key: c
	        ->  Index Scan using sbtest3_pkey on sbtest3  (cost=0.43..373.91 rows=98 width=121)
	              Index Cond: ((id >= 1834562) AND (id <= 1834661))

table 4 : explain SELECT DISTINCT c FROM sbtest4 WHERE id BETWEEN 2455587 AND 2455686 ORDER BY c
	Unique  (cost=388.09..388.59 rows=100 width=121)
	  ->  Sort  (cost=388.09..388.34 rows=100 width=121)
	        Sort Key: c
	        ->  Index Scan using sbtest4_pkey on sbtest4  (cost=0.43..384.77 rows=100 width=121)
	              Index Cond: ((id >= 2455587) AND (id <= 2455686))

table 5 : explain SELECT DISTINCT c FROM sbtest5 WHERE id BETWEEN 7724689 AND 7724788 ORDER BY c
	Unique  (cost=377.97..378.46 rows=98 width=121)
	  ->  Sort  (cost=377.97..378.21 rows=98 width=121)
	        Sort Key: c
	        ->  Index Scan using sbtest5_pkey on sbtest5  (cost=0.43..374.73 rows=98 width=121)
	              Index Cond: ((id >= 7724689) AND (id <= 7724788))

table 6 : explain SELECT DISTINCT c FROM sbtest6 WHERE id BETWEEN 5209797 AND 5209896 ORDER BY c
	Unique  (cost=420.12..420.67 rows=109 width=121)
	  ->  Sort  (cost=420.12..420.39 rows=109 width=121)
	        Sort Key: c
	        ->  Index Scan using sbtest6_pkey on sbtest6  (cost=0.43..416.43 rows=109 width=121)
	              Index Cond: ((id >= 5209797) AND (id <= 5209896))

table 7 : explain SELECT DISTINCT c FROM sbtest7 WHERE id BETWEEN 1937334 AND 1937433 ORDER BY c
	Unique  (cost=377.16..377.64 rows=97 width=121)
	  ->  Sort  (cost=377.16..377.40 rows=97 width=121)
	        Sort Key: c
	        ->  Index Scan using sbtest7_pkey on sbtest7  (cost=0.43..373.96 rows=97 width=121)
	              Index Cond: ((id >= 1937334) AND (id <= 1937433))

table 8 : explain SELECT DISTINCT c FROM sbtest8 WHERE id BETWEEN 7299357 AND 7299456 ORDER BY c
	Unique  (cost=427.06..427.61 rows=110 width=121)
	  ->  Sort  (cost=427.06..427.34 rows=110 width=121)
	        Sort Key: c
	        ->  Index Scan using sbtest8_pkey on sbtest8  (cost=0.43..423.33 rows=110 width=121)
	              Index Cond: ((id >= 7299357) AND (id <= 7299456))

for non_index_updates
table 1 : explain UPDATE sbtest1 SET c='foobar' WHERE id=8246308
	Update on sbtest1  (cost=0.43..8.45 rows=1 width=559)
	  ->  Index Scan using sbtest1_pkey on sbtest1  (cost=0.43..8.45 rows=1 width=559)
	        Index Cond: (id = 8246308)

table 2 : explain UPDATE sbtest2 SET c='foobar' WHERE id=6152886
	Update on sbtest2  (cost=0.43..8.45 rows=1 width=559)
	  ->  Index Scan using sbtest2_pkey on sbtest2  (cost=0.43..8.45 rows=1 width=559)
	        Index Cond: (id = 6152886)

table 3 : explain UPDATE sbtest3 SET c='foobar' WHERE id=1310275
	Update on sbtest3  (cost=0.43..8.45 rows=1 width=559)
	  ->  Index Scan using sbtest3_pkey on sbtest3  (cost=0.43..8.45 rows=1 width=559)
	        Index Cond: (id = 1310275)

table 4 : explain UPDATE sbtest4 SET c='foobar' WHERE id=3269550
	Update on sbtest4  (cost=0.43..8.45 rows=1 width=559)
	  ->  Index Scan using sbtest4_pkey on sbtest4  (cost=0.43..8.45 rows=1 width=559)
	        Index Cond: (id = 3269550)

table 5 : explain UPDATE sbtest5 SET c='foobar' WHERE id=7072741
	Update on sbtest5  (cost=0.43..8.45 rows=1 width=559)
	  ->  Index Scan using sbtest5_pkey on sbtest5  (cost=0.43..8.45 rows=1 width=559)
	        Index Cond: (id = 7072741)

table 6 : explain UPDATE sbtest6 SET c='foobar' WHERE id=5921937
	Update on sbtest6  (cost=0.43..8.45 rows=1 width=559)
	  ->  Index Scan using sbtest6_pkey on sbtest6  (cost=0.43..8.45 rows=1 width=559)
	        Index Cond: (id = 5921937)

table 7 : explain UPDATE sbtest7 SET c='foobar' WHERE id=4246656
	Update on sbtest7  (cost=0.43..8.45 rows=1 width=559)
	  ->  Index Scan using sbtest7_pkey on sbtest7  (cost=0.43..8.45 rows=1 width=559)
	        Index Cond: (id = 4246656)

table 8 : explain UPDATE sbtest8 SET c='foobar' WHERE id=1133291
	Update on sbtest8  (cost=0.43..8.45 rows=1 width=559)
	  ->  Index Scan using sbtest8_pkey on sbtest8  (cost=0.43..8.45 rows=1 width=559)
	        Index Cond: (id = 1133291)

for: distinct_ranges
table 1 : explain SELECT DISTINCT c FROM sbtest1 WHERE id BETWEEN 5037230 AND 5037329 ORDER BY c
	Unique  (cost=363.86..364.33 rows=94 width=121)
	  ->  Sort  (cost=363.86..364.10 rows=94 width=121)
	        Sort Key: c
	        ->  Index Scan using sbtest1_pkey on sbtest1  (cost=0.43..360.78 rows=94 width=121)
	              Index Cond: ((id >= 5037230) AND (id <= 5037329))

table 2 : explain SELECT DISTINCT c FROM sbtest2 WHERE id BETWEEN 3208354 AND 3208453 ORDER BY c
	Unique  (cost=348.83..349.28 rows=90 width=121)
	  ->  Sort  (cost=348.83..349.05 rows=90 width=121)
	        Sort Key: c
	        ->  Index Scan using sbtest2_pkey on sbtest2  (cost=0.43..345.90 rows=90 width=121)
	              Index Cond: ((id >= 3208354) AND (id <= 3208453))

table 3 : explain SELECT DISTINCT c FROM sbtest3 WHERE id BETWEEN 8866744 AND 8866843 ORDER BY c
	Unique  (cost=396.18..396.69 rows=103 width=121)
	  ->  Sort  (cost=396.18..396.44 rows=103 width=121)
	        Sort Key: c
	        ->  Index Scan using sbtest3_pkey on sbtest3  (cost=0.43..392.73 rows=103 width=121)
	              Index Cond: ((id >= 8866744) AND (id <= 8866843))

table 4 : explain SELECT DISTINCT c FROM sbtest4 WHERE id BETWEEN 3304791 AND 3304890 ORDER BY c
	Unique  (cost=380.41..380.90 rows=98 width=121)
	  ->  Sort  (cost=380.41..380.66 rows=98 width=121)
	        Sort Key: c
	        ->  Index Scan using sbtest4_pkey on sbtest4  (cost=0.43..377.17 rows=98 width=121)
	              Index Cond: ((id >= 3304791) AND (id <= 3304890))

table 5 : explain SELECT DISTINCT c FROM sbtest5 WHERE id BETWEEN 3871140 AND 3871239 ORDER BY c
	Unique  (cost=385.60..386.10 rows=100 width=121)
	  ->  Sort  (cost=385.60..385.85 rows=100 width=121)
	        Sort Key: c
	        ->  Index Scan using sbtest5_pkey on sbtest5  (cost=0.43..382.28 rows=100 width=121)
	              Index Cond: ((id >= 3871140) AND (id <= 3871239))

table 6 : explain SELECT DISTINCT c FROM sbtest6 WHERE id BETWEEN 7152671 AND 7152770 ORDER BY c
	Unique  (cost=381.95..382.45 rows=99 width=121)
	  ->  Sort  (cost=381.95..382.20 rows=99 width=121)
	        Sort Key: c
	        ->  Index Scan using sbtest6_pkey on sbtest6  (cost=0.43..378.67 rows=99 width=121)
	              Index Cond: ((id >= 7152671) AND (id <= 7152770))

table 7 : explain SELECT DISTINCT c FROM sbtest7 WHERE id BETWEEN 5319136 AND 5319235 ORDER BY c
	Unique  (cost=407.93..408.45 rows=105 width=121)
	  ->  Sort  (cost=407.93..408.19 rows=105 width=121)
	        Sort Key: c
	        ->  Index Scan using sbtest7_pkey on sbtest7  (cost=0.43..404.40 rows=105 width=121)
	              Index Cond: ((id >= 5319136) AND (id <= 5319235))

table 8 : explain SELECT DISTINCT c FROM sbtest8 WHERE id BETWEEN 2526098 AND 2526197 ORDER BY c
	Unique  (cost=377.07..377.56 rows=97 width=121)
	  ->  Sort  (cost=377.07..377.31 rows=97 width=121)
	        Sort Key: c
	        ->  Index Scan using sbtest8_pkey on sbtest8  (cost=0.43..373.87 rows=97 width=121)
	              Index Cond: ((id >= 2526098) AND (id <= 2526197))

for: sum_ranges
table 1 : explain SELECT SUM(k) FROM sbtest1 WHERE id BETWEEN 924145 AND 924244
	Aggregate  (cost=417.92..417.93 rows=1 width=8)
	  ->  Index Scan using sbtest1_pkey on sbtest1  (cost=0.43..417.65 rows=109 width=4)
	        Index Cond: ((id >= 924145) AND (id <= 924244))

table 2 : explain SELECT SUM(k) FROM sbtest2 WHERE id BETWEEN 4975911 AND 4976010
	Aggregate  (cost=346.13..346.14 rows=1 width=8)
	  ->  Index Scan using sbtest2_pkey on sbtest2  (cost=0.43..345.90 rows=90 width=4)
	        Index Cond: ((id >= 4975911) AND (id <= 4976010))

table 3 : explain SELECT SUM(k) FROM sbtest3 WHERE id BETWEEN 395156 AND 395255
	Aggregate  (cost=374.15..374.16 rows=1 width=8)
	  ->  Index Scan using sbtest3_pkey on sbtest3  (cost=0.43..373.91 rows=98 width=4)
	        Index Cond: ((id >= 395156) AND (id <= 395255))

table 4 : explain SELECT SUM(k) FROM sbtest4 WHERE id BETWEEN 8321251 AND 8321350
	Aggregate  (cost=411.64..411.65 rows=1 width=8)
	  ->  Index Scan using sbtest4_pkey on sbtest4  (cost=0.43..411.37 rows=107 width=4)
	        Index Cond: ((id >= 8321251) AND (id <= 8321350))

table 5 : explain SELECT SUM(k) FROM sbtest5 WHERE id BETWEEN 2006595 AND 2006694
	Aggregate  (cost=397.63..397.64 rows=1 width=8)
	  ->  Index Scan using sbtest5_pkey on sbtest5  (cost=0.43..397.37 rows=104 width=4)
	        Index Cond: ((id >= 2006595) AND (id <= 2006694))

table 6 : explain SELECT SUM(k) FROM sbtest6 WHERE id BETWEEN 9217838 AND 9217937
	Aggregate  (cost=371.36..371.37 rows=1 width=8)
	  ->  Index Scan using sbtest6_pkey on sbtest6  (cost=0.43..371.12 rows=97 width=4)
	        Index Cond: ((id >= 9217838) AND (id <= 9217937))

table 7 : explain SELECT SUM(k) FROM sbtest7 WHERE id BETWEEN 499169 AND 499268
	Aggregate  (cost=328.45..328.46 rows=1 width=8)
	  ->  Index Scan using sbtest7_pkey on sbtest7  (cost=0.43..328.24 rows=85 width=4)
	        Index Cond: ((id >= 499169) AND (id <= 499268))

table 8 : explain SELECT SUM(k) FROM sbtest8 WHERE id BETWEEN 4780272 AND 4780371
	Aggregate  (cost=374.11..374.12 rows=1 width=8)
	  ->  Index Scan using sbtest8_pkey on sbtest8  (cost=0.43..373.87 rows=97 width=4)
	        Index Cond: ((id >= 4780272) AND (id <= 4780371))

explain: for non_index_updates :: explain UPDATE sbtest%u SET c='foobar' WHERE id=%u
for: sum_ranges
table 1 : explain SELECT SUM(k) FROM sbtest1 WHERE id BETWEEN 243356 AND 243455
	Aggregate  (cost=368.65..368.66 rows=1 width=8)
	  ->  Index Scan using sbtest1_pkey on sbtest1  (cost=0.43..368.41 rows=96 width=4)
	        Index Cond: ((id >= 243356) AND (id <= 243455))

table 2 : explain SELECT SUM(k) FROM sbtest2 WHERE id BETWEEN 1875419 AND 1875518
	Aggregate  (cost=395.49..395.50 rows=1 width=8)
	  ->  Index Scan using sbtest2_pkey on sbtest2  (cost=0.43..395.23 rows=103 width=4)
	        Index Cond: ((id >= 1875419) AND (id <= 1875518))

table 3 : explain SELECT SUM(k) FROM sbtest3 WHERE id BETWEEN 7094296 AND 7094395
	Aggregate  (cost=370.38..370.39 rows=1 width=8)
	  ->  Index Scan using sbtest3_pkey on sbtest3  (cost=0.43..370.14 rows=97 width=4)
	        Index Cond: ((id >= 7094296) AND (id <= 7094395))

table 4 : explain SELECT SUM(k) FROM sbtest4 WHERE id BETWEEN 2706943 AND 2707042
	Aggregate  (cost=388.82..388.83 rows=1 width=8)
	  ->  Index Scan using sbtest4_pkey on sbtest4  (cost=0.43..388.57 rows=101 width=4)
	        Index Cond: ((id >= 2706943) AND (id <= 2707042))

table 5 : explain SELECT SUM(k) FROM sbtest5 WHERE id BETWEEN 6908555 AND 6908654
	Aggregate  (cost=405.18..405.19 rows=1 width=8)
	  ->  Index Scan using sbtest5_pkey on sbtest5  (cost=0.43..404.92 rows=106 width=4)
	        Index Cond: ((id >= 6908555) AND (id <= 6908654))

table 6 : explain SELECT SUM(k) FROM sbtest6 WHERE id BETWEEN 4145406 AND 4145505
	Aggregate  (cost=386.48..386.49 rows=1 width=8)
	  ->  Index Scan using sbtest6_pkey on sbtest6  (cost=0.43..386.22 rows=101 width=4)
	        Index Cond: ((id >= 4145406) AND (id <= 4145505))

table 7 : explain SELECT SUM(k) FROM sbtest7 WHERE id BETWEEN 3349428 AND 3349527
	Aggregate  (cost=397.05..397.06 rows=1 width=8)
	  ->  Index Scan using sbtest7_pkey on sbtest7  (cost=0.43..396.79 rows=103 width=4)
	        Index Cond: ((id >= 3349428) AND (id <= 3349527))

table 8 : explain SELECT SUM(k) FROM sbtest8 WHERE id BETWEEN 679963 AND 680062
	Aggregate  (cost=393.15..393.16 rows=1 width=8)
	  ->  Index Scan using sbtest8_pkey on sbtest8  (cost=0.43..392.90 rows=102 width=4)
	        Index Cond: ((id >= 679963) AND (id <= 680062))

explain: for deletes :: explain DELETE FROM sbtest%u WHERE id=%u
explain: for deletes :: explain DELETE FROM sbtest%u WHERE id=%u
for deletes
table 1 : explain DELETE FROM sbtest1 WHERE id=2615227
	Delete on sbtest1  (cost=0.43..8.45 rows=1 width=6)
	  ->  Index Scan using sbtest1_pkey on sbtest1  (cost=0.43..8.45 rows=1 width=6)
	        Index Cond: (id = 2615227)

table 2 : explain DELETE FROM sbtest2 WHERE id=6293130
	Delete on sbtest2  (cost=0.43..8.45 rows=1 width=6)
	  ->  Index Scan using sbtest2_pkey on sbtest2  (cost=0.43..8.45 rows=1 width=6)
	        Index Cond: (id = 6293130)

table 3 : explain DELETE FROM sbtest3 WHERE id=3240024
	Delete on sbtest3  (cost=0.43..8.45 rows=1 width=6)
	  ->  Index Scan using sbtest3_pkey on sbtest3  (cost=0.43..8.45 rows=1 width=6)
	        Index Cond: (id = 3240024)

table 4 : explain DELETE FROM sbtest4 WHERE id=4568346
	Delete on sbtest4  (cost=0.43..8.45 rows=1 width=6)
	  ->  Index Scan using sbtest4_pkey on sbtest4  (cost=0.43..8.45 rows=1 width=6)
	        Index Cond: (id = 4568346)

table 5 : explain DELETE FROM sbtest5 WHERE id=1495959
	Delete on sbtest5  (cost=0.43..8.45 rows=1 width=6)
	  ->  Index Scan using sbtest5_pkey on sbtest5  (cost=0.43..8.45 rows=1 width=6)
	        Index Cond: (id = 1495959)

table 6 : explain DELETE FROM sbtest6 WHERE id=892058
	Delete on sbtest6  (cost=0.43..8.45 rows=1 width=6)
	  ->  Index Scan using sbtest6_pkey on sbtest6  (cost=0.43..8.45 rows=1 width=6)
	        Index Cond: (id = 892058)

table 7 : explain DELETE FROM sbtest7 WHERE id=7637126
	Delete on sbtest7  (cost=0.43..8.45 rows=1 width=6)
	  ->  Index Scan using sbtest7_pkey on sbtest7  (cost=0.43..8.45 rows=1 width=6)
	        Index Cond: (id = 7637126)

table 8 : explain DELETE FROM sbtest8 WHERE id=9451642
	Delete on sbtest8  (cost=0.43..8.45 rows=1 width=6)
	  ->  Index Scan using sbtest8_pkey on sbtest8  (cost=0.43..8.45 rows=1 width=6)
	        Index Cond: (id = 9451642)

for: simple_ranges
table 1 : explain SELECT c FROM sbtest1 WHERE id BETWEEN 4010182 AND 4010281
	Index Scan using sbtest1_pkey on sbtest1  (cost=0.43..341.85 rows=89 width=121)
	  Index Cond: ((id >= 4010182) AND (id <= 4010281))

table 2 : explain SELECT c FROM sbtest2 WHERE id BETWEEN 2423508 AND 2423607
	Index Scan using sbtest2_pkey on sbtest2  (cost=0.43..364.86 rows=95 width=121)
	  Index Cond: ((id >= 2423508) AND (id <= 2423607))

table 3 : explain SELECT c FROM sbtest3 WHERE id BETWEEN 8220100 AND 8220199
	Index Scan using sbtest3_pkey on sbtest3  (cost=0.43..377.67 rows=99 width=121)
	  Index Cond: ((id >= 8220100) AND (id <= 8220199))

table 4 : explain SELECT c FROM sbtest4 WHERE id BETWEEN 4533172 AND 4533271
	Index Scan using sbtest4_pkey on sbtest4  (cost=0.43..369.57 rows=96 width=121)
	  Index Cond: ((id >= 4533172) AND (id <= 4533271))

table 5 : explain SELECT c FROM sbtest5 WHERE id BETWEEN 7710330 AND 7710429
	Index Scan using sbtest5_pkey on sbtest5  (cost=0.43..374.73 rows=98 width=121)
	  Index Cond: ((id >= 7710330) AND (id <= 7710429))

table 6 : explain SELECT c FROM sbtest6 WHERE id BETWEEN 36916 AND 37015
	Index Scan using sbtest6_pkey on sbtest6  (cost=0.43..367.35 rows=96 width=121)
	  Index Cond: ((id >= 36916) AND (id <= 37015))

table 7 : explain SELECT c FROM sbtest7 WHERE id BETWEEN 9079085 AND 9079184
	Index Scan using sbtest7_pkey on sbtest7  (cost=0.43..320.62 rows=83 width=121)
	  Index Cond: ((id >= 9079085) AND (id <= 9079184))

table 8 : explain SELECT c FROM sbtest8 WHERE id BETWEEN 7965648 AND 7965747
	Index Scan using sbtest8_pkey on sbtest8  (cost=0.43..358.60 rows=93 width=121)
	  Index Cond: ((id >= 7965648) AND (id <= 7965747))

explain: for index_updates :: explain UPDATE sbtest%u SET k=k+1 WHERE id=%u
explain: for index_updates :: explain UPDATE sbtest%u SET k=k+1 WHERE id=%u
explain: for inserts :: explain INSERT INTO sbtest%u (id, k, c, pad) VALUES (%u, 13, 'foobar', 'foobar')
for: sum_ranges
table 1 : explain SELECT SUM(k) FROM sbtest1 WHERE id BETWEEN 4539627 AND 4539726
	Aggregate  (cost=414.13..414.14 rows=1 width=8)
	  ->  Index Scan using sbtest1_pkey on sbtest1  (cost=0.43..413.86 rows=108 width=4)
	        Index Cond: ((id >= 4539627) AND (id <= 4539726))

table 2 : explain SELECT SUM(k) FROM sbtest2 WHERE id BETWEEN 5874846 AND 5874945
	Aggregate  (cost=414.46..414.47 rows=1 width=8)
	  ->  Index Scan using sbtest2_pkey on sbtest2  (cost=0.43..414.19 rows=108 width=4)
	        Index Cond: ((id >= 5874846) AND (id <= 5874945))

table 3 : explain SELECT SUM(k) FROM sbtest3 WHERE id BETWEEN 4610167 AND 4610266
	Aggregate  (cost=404.30..404.31 rows=1 width=8)
	  ->  Index Scan using sbtest3_pkey on sbtest3  (cost=0.43..404.03 rows=106 width=4)
	        Index Cond: ((id >= 4610167) AND (id <= 4610266))

table 4 : explain SELECT SUM(k) FROM sbtest4 WHERE id BETWEEN 4179711 AND 4179810
	Aggregate  (cost=369.81..369.82 rows=1 width=8)
	  ->  Index Scan using sbtest4_pkey on sbtest4  (cost=0.43..369.57 rows=96 width=4)
	        Index Cond: ((id >= 4179711) AND (id <= 4179810))

table 5 : explain SELECT SUM(k) FROM sbtest5 WHERE id BETWEEN 7740976 AND 7741075
	Aggregate  (cost=374.97..374.98 rows=1 width=8)
	  ->  Index Scan using sbtest5_pkey on sbtest5  (cost=0.43..374.73 rows=98 width=4)
	        Index Cond: ((id >= 7740976) AND (id <= 7741075))

table 6 : explain SELECT SUM(k) FROM sbtest6 WHERE id BETWEEN 107095 AND 107194
	Aggregate  (cost=416.70..416.71 rows=1 width=8)
	  ->  Index Scan using sbtest6_pkey on sbtest6  (cost=0.43..416.43 rows=109 width=4)
	        Index Cond: ((id >= 107095) AND (id <= 107194))

table 7 : explain SELECT SUM(k) FROM sbtest7 WHERE id BETWEEN 3982367 AND 3982466
	Aggregate  (cost=374.20..374.21 rows=1 width=8)
	  ->  Index Scan using sbtest7_pkey on sbtest7  (cost=0.43..373.96 rows=97 width=4)
	        Index Cond: ((id >= 3982367) AND (id <= 3982466))

table 8 : explain SELECT SUM(k) FROM sbtest8 WHERE id BETWEEN 8866820 AND 8866919
	Aggregate  (cost=374.11..374.12 rows=1 width=8)
	  ->  Index Scan using sbtest8_pkey on sbtest8  (cost=0.43..373.87 rows=97 width=4)
	        Index Cond: ((id >= 8866820) AND (id <= 8866919))

for point_selects
table 1 : explain SELECT c FROM sbtest1 WHERE id=4966414
	Index Scan using sbtest1_pkey on sbtest1  (cost=0.43..8.45 rows=1 width=121)
	  Index Cond: (id = 4966414)

table 2 : explain SELECT c FROM sbtest2 WHERE id=6523358
	Index Scan using sbtest2_pkey on sbtest2  (cost=0.43..8.45 rows=1 width=121)
	  Index Cond: (id = 6523358)

table 3 : explain SELECT c FROM sbtest3 WHERE id=8620834
	Index Scan using sbtest3_pkey on sbtest3  (cost=0.43..8.45 rows=1 width=121)
	  Index Cond: (id = 8620834)

table 4 : explain SELECT c FROM sbtest4 WHERE id=288947
	Index Scan using sbtest4_pkey on sbtest4  (cost=0.43..8.45 rows=1 width=121)
	  Index Cond: (id = 288947)

table 5 : explain SELECT c FROM sbtest5 WHERE id=8641016
	Index Scan using sbtest5_pkey on sbtest5  (cost=0.43..8.45 rows=1 width=121)
	  Index Cond: (id = 8641016)

table 6 : explain SELECT c FROM sbtest6 WHERE id=6210307
	Index Scan using sbtest6_pkey on sbtest6  (cost=0.43..8.45 rows=1 width=121)
	  Index Cond: (id = 6210307)

table 7 : explain SELECT c FROM sbtest7 WHERE id=9726422
	Index Scan using sbtest7_pkey on sbtest7  (cost=0.43..8.45 rows=1 width=121)
	  Index Cond: (id = 9726422)

table 8 : explain SELECT c FROM sbtest8 WHERE id=7792929
	Index Scan using sbtest8_pkey on sbtest8  (cost=0.43..8.45 rows=1 width=121)
	  Index Cond: (id = 7792929)

explain: for index_updates :: explain UPDATE sbtest%u SET k=k+1 WHERE id=%u
for index_updates
table 1 : explain UPDATE sbtest1 SET k=k+1 WHERE id=9613792
	Update on sbtest1  (cost=0.43..8.46 rows=1 width=196)
	  ->  Index Scan using sbtest1_pkey on sbtest1  (cost=0.43..8.46 rows=1 width=196)
	        Index Cond: (id = 9613792)

table 2 : explain UPDATE sbtest2 SET k=k+1 WHERE id=4440100
	Update on sbtest2  (cost=0.43..8.46 rows=1 width=196)
	  ->  Index Scan using sbtest2_pkey on sbtest2  (cost=0.43..8.46 rows=1 width=196)
	        Index Cond: (id = 4440100)

table 3 : explain UPDATE sbtest3 SET k=k+1 WHERE id=8347734
	Update on sbtest3  (cost=0.43..8.46 rows=1 width=196)
	  ->  Index Scan using sbtest3_pkey on sbtest3  (cost=0.43..8.46 rows=1 width=196)
	        Index Cond: (id = 8347734)

table 4 : explain UPDATE sbtest4 SET k=k+1 WHERE id=3217644
	Update on sbtest4  (cost=0.43..8.46 rows=1 width=196)
	  ->  Index Scan using sbtest4_pkey on sbtest4  (cost=0.43..8.46 rows=1 width=196)
	        Index Cond: (id = 3217644)

table 5 : explain UPDATE sbtest5 SET k=k+1 WHERE id=3152293
	Update on sbtest5  (cost=0.43..8.46 rows=1 width=196)
	  ->  Index Scan using sbtest5_pkey on sbtest5  (cost=0.43..8.46 rows=1 width=196)
	        Index Cond: (id = 3152293)

table 6 : explain UPDATE sbtest6 SET k=k+1 WHERE id=3021370
	Update on sbtest6  (cost=0.43..8.46 rows=1 width=196)
	  ->  Index Scan using sbtest6_pkey on sbtest6  (cost=0.43..8.46 rows=1 width=196)
	        Index Cond: (id = 3021370)

table 7 : explain UPDATE sbtest7 SET k=k+1 WHERE id=6204676
	Update on sbtest7  (cost=0.43..8.46 rows=1 width=196)
	  ->  Index Scan using sbtest7_pkey on sbtest7  (cost=0.43..8.46 rows=1 width=196)
	        Index Cond: (id = 6204676)

table 8 : explain UPDATE sbtest8 SET k=k+1 WHERE id=6497416
	Update on sbtest8  (cost=0.43..8.46 rows=1 width=196)
	  ->  Index Scan using sbtest8_pkey on sbtest8  (cost=0.43..8.46 rows=1 width=196)
	        Index Cond: (id = 6497416)
for point_selects
table 1 : explain SELECT c FROM sbtest1 WHERE id=3526808
	Index Scan using sbtest1_pkey on sbtest1  (cost=0.43..8.45 rows=1 width=121)
	  Index Cond: (id = 3526808)

table 2 : explain SELECT c FROM sbtest2 WHERE id=9605118
	Index Scan using sbtest2_pkey on sbtest2  (cost=0.43..8.45 rows=1 width=121)
	  Index Cond: (id = 9605118)

table 3 : explain SELECT c FROM sbtest3 WHERE id=6953679
	Index Scan using sbtest3_pkey on sbtest3  (cost=0.43..8.45 rows=1 width=121)
	  Index Cond: (id = 6953679)

table 4 : explain SELECT c FROM sbtest4 WHERE id=3215594
	Index Scan using sbtest4_pkey on sbtest4  (cost=0.43..8.45 rows=1 width=121)
	  Index Cond: (id = 3215594)

table 5 : explain SELECT c FROM sbtest5 WHERE id=2597914
	Index Scan using sbtest5_pkey on sbtest5  (cost=0.43..8.45 rows=1 width=121)
	  Index Cond: (id = 2597914)

table 6 : explain SELECT c FROM sbtest6 WHERE id=7596696
	Index Scan using sbtest6_pkey on sbtest6  (cost=0.43..8.45 rows=1 width=121)
	  Index Cond: (id = 7596696)

table 7 : explain SELECT c FROM sbtest7 WHERE id=8719067
	Index Scan using sbtest7_pkey on sbtest7  (cost=0.43..8.45 rows=1 width=121)
	  Index Cond: (id = 8719067)

table 8 : explain SELECT c FROM sbtest8 WHERE id=3183940
	Index Scan using sbtest8_pkey on sbtest8  (cost=0.43..8.45 rows=1 width=121)
	  Index Cond: (id = 3183940)


for non_index_updates
table 1 : explain UPDATE sbtest1 SET c='foobar' WHERE id=5944441
	Update on sbtest1  (cost=0.43..8.45 rows=1 width=559)
	  ->  Index Scan using sbtest1_pkey on sbtest1  (cost=0.43..8.45 rows=1 width=559)
	        Index Cond: (id = 5944441)

table 2 : explain UPDATE sbtest2 SET c='foobar' WHERE id=5948478
	Update on sbtest2  (cost=0.43..8.45 rows=1 width=559)
	  ->  Index Scan using sbtest2_pkey on sbtest2  (cost=0.43..8.45 rows=1 width=559)
	        Index Cond: (id = 5948478)

table 3 : explain UPDATE sbtest3 SET c='foobar' WHERE id=5695246
	Update on sbtest3  (cost=0.43..8.45 rows=1 width=559)
	  ->  Index Scan using sbtest3_pkey on sbtest3  (cost=0.43..8.45 rows=1 width=559)
	        Index Cond: (id = 5695246)

table 4 : explain UPDATE sbtest4 SET c='foobar' WHERE id=9322638
	Update on sbtest4  (cost=0.43..8.45 rows=1 width=559)
	  ->  Index Scan using sbtest4_pkey on sbtest4  (cost=0.43..8.45 rows=1 width=559)
	        Index Cond: (id = 9322638)

table 5 : explain UPDATE sbtest5 SET c='foobar' WHERE id=4935149
	Update on sbtest5  (cost=0.43..8.45 rows=1 width=559)
	  ->  Index Scan using sbtest5_pkey on sbtest5  (cost=0.43..8.45 rows=1 width=559)
	        Index Cond: (id = 4935149)

table 6 : explain UPDATE sbtest6 SET c='foobar' WHERE id=4974630
	Update on sbtest6  (cost=0.43..8.45 rows=1 width=559)
	  ->  Index Scan using sbtest6_pkey on sbtest6  (cost=0.43..8.45 rows=1 width=559)
	        Index Cond: (id = 4974630)

table 7 : explain UPDATE sbtest7 SET c='foobar' WHERE id=4326114
	Update on sbtest7  (cost=0.43..8.45 rows=1 width=559)
	  ->  Index Scan using sbtest7_pkey on sbtest7  (cost=0.43..8.45 rows=1 width=559)
	        Index Cond: (id = 4326114)

table 8 : explain UPDATE sbtest8 SET c='foobar' WHERE id=7967887
	Update on sbtest8  (cost=0.43..8.45 rows=1 width=559)
	  ->  Index Scan using sbtest8_pkey on sbtest8  (cost=0.43..8.45 rows=1 width=559)
	        Index Cond: (id = 7967887)

for index_updates
table 1 : explain UPDATE sbtest1 SET k=k+1 WHERE id=1425360
	Update on sbtest1  (cost=0.43..8.46 rows=1 width=196)
	  ->  Index Scan using sbtest1_pkey on sbtest1  (cost=0.43..8.46 rows=1 width=196)
	        Index Cond: (id = 1425360)

table 2 : explain UPDATE sbtest2 SET k=k+1 WHERE id=9199585
	Update on sbtest2  (cost=0.43..8.46 rows=1 width=196)
	  ->  Index Scan using sbtest2_pkey on sbtest2  (cost=0.43..8.46 rows=1 width=196)
	        Index Cond: (id = 9199585)

table 3 : explain UPDATE sbtest3 SET k=k+1 WHERE id=7879278
	Update on sbtest3  (cost=0.43..8.46 rows=1 width=196)
	  ->  Index Scan using sbtest3_pkey on sbtest3  (cost=0.43..8.46 rows=1 width=196)
	        Index Cond: (id = 7879278)

table 4 : explain UPDATE sbtest4 SET k=k+1 WHERE id=3196781
	Update on sbtest4  (cost=0.43..8.46 rows=1 width=196)
	  ->  Index Scan using sbtest4_pkey on sbtest4  (cost=0.43..8.46 rows=1 width=196)
	        Index Cond: (id = 3196781)

table 5 : explain UPDATE sbtest5 SET k=k+1 WHERE id=5934673
	Update on sbtest5  (cost=0.43..8.46 rows=1 width=196)
	  ->  Index Scan using sbtest5_pkey on sbtest5  (cost=0.43..8.46 rows=1 width=196)
	        Index Cond: (id = 5934673)

table 6 : explain UPDATE sbtest6 SET k=k+1 WHERE id=3985596
	Update on sbtest6  (cost=0.43..8.46 rows=1 width=196)
	  ->  Index Scan using sbtest6_pkey on sbtest6  (cost=0.43..8.46 rows=1 width=196)
	        Index Cond: (id = 3985596)

table 7 : explain UPDATE sbtest7 SET k=k+1 WHERE id=6339359
	Update on sbtest7  (cost=0.43..8.46 rows=1 width=196)
	  ->  Index Scan using sbtest7_pkey on sbtest7  (cost=0.43..8.46 rows=1 width=196)
	        Index Cond: (id = 6339359)

table 8 : explain UPDATE sbtest8 SET k=k+1 WHERE id=3469043
	Update on sbtest8  (cost=0.43..8.46 rows=1 width=196)
	  ->  Index Scan using sbtest8_pkey on sbtest8  (cost=0.43..8.46 rows=1 width=196)
	        Index Cond: (id = 3469043)

for: simple_ranges
table 1 : explain SELECT c FROM sbtest1 WHERE id BETWEEN 526275 AND 526374
	Index Scan using sbtest1_pkey on sbtest1  (cost=0.43..391.14 rows=102 width=121)
	  Index Cond: ((id >= 526275) AND (id <= 526374))

table 2 : explain SELECT c FROM sbtest2 WHERE id BETWEEN 5203452 AND 5203551
	Index Scan using sbtest2_pkey on sbtest2  (cost=0.43..380.07 rows=99 width=121)
	  Index Cond: ((id >= 5203452) AND (id <= 5203551))

table 3 : explain SELECT c FROM sbtest3 WHERE id BETWEEN 5669099 AND 5669198
	Index Scan using sbtest3_pkey on sbtest3  (cost=0.43..370.14 rows=97 width=121)
	  Index Cond: ((id >= 5669099) AND (id <= 5669198))

table 4 : explain SELECT c FROM sbtest4 WHERE id BETWEEN 2089454 AND 2089553
	Index Scan using sbtest4_pkey on sbtest4  (cost=0.43..388.57 rows=101 width=121)
	  Index Cond: ((id >= 2089454) AND (id <= 2089553))

table 5 : explain SELECT c FROM sbtest5 WHERE id BETWEEN 731631 AND 731730
	Index Scan using sbtest5_pkey on sbtest5  (cost=0.43..374.73 rows=98 width=121)
	  Index Cond: ((id >= 731631) AND (id <= 731730))

table 6 : explain SELECT c FROM sbtest6 WHERE id BETWEEN 154337 AND 154436
	Index Scan using sbtest6_pkey on sbtest6  (cost=0.43..416.43 rows=109 width=121)
	  Index Cond: ((id >= 154337) AND (id <= 154436))

table 7 : explain SELECT c FROM sbtest7 WHERE id BETWEEN 8470282 AND 8470381
	Index Scan using sbtest7_pkey on sbtest7  (cost=0.43..419.62 rows=109 width=121)
	  Index Cond: ((id >= 8470282) AND (id <= 8470381))

table 8 : explain SELECT c FROM sbtest8 WHERE id BETWEEN 8804490 AND 8804589
	Index Scan using sbtest8_pkey on sbtest8  (cost=0.43..373.87 rows=97 width=121)
	  Index Cond: ((id >= 8804490) AND (id <= 8804589))

explain: for index_updates :: explain UPDATE sbtest%u SET k=k+1 WHERE id=%u
for: sum_ranges
table 1 : explain SELECT SUM(k) FROM sbtest1 WHERE id BETWEEN 664125 AND 664224
	Aggregate  (cost=353.44..353.45 rows=1 width=8)
	  ->  Index Scan using sbtest1_pkey on sbtest1  (cost=0.43..353.21 rows=92 width=4)
	        Index Cond: ((id >= 664125) AND (id <= 664224))

table 2 : explain SELECT SUM(k) FROM sbtest2 WHERE id BETWEEN 5916793 AND 5916892
	Aggregate  (cost=368.89..368.90 rows=1 width=8)
	  ->  Index Scan using sbtest2_pkey on sbtest2  (cost=0.43..368.65 rows=96 width=4)
	        Index Cond: ((id >= 5916793) AND (id <= 5916892))

table 3 : explain SELECT SUM(k) FROM sbtest3 WHERE id BETWEEN 8033622 AND 8033721
	Aggregate  (cost=385.46..385.47 rows=1 width=8)
	  ->  Index Scan using sbtest3_pkey on sbtest3  (cost=0.43..385.20 rows=101 width=4)
	        Index Cond: ((id >= 8033622) AND (id <= 8033721))

table 4 : explain SELECT SUM(k) FROM sbtest4 WHERE id BETWEEN 6502381 AND 6502480
	Aggregate  (cost=373.62..373.63 rows=1 width=8)
	  ->  Index Scan using sbtest4_pkey on sbtest4  (cost=0.43..373.37 rows=97 width=4)
	        Index Cond: ((id >= 6502381) AND (id <= 6502480))

table 5 : explain SELECT SUM(k) FROM sbtest5 WHERE id BETWEEN 9784864 AND 9784963
	Aggregate  (cost=424.07..424.08 rows=1 width=8)
	  ->  Index Scan using sbtest5_pkey on sbtest5  (cost=0.43..423.79 rows=111 width=4)
	        Index Cond: ((id >= 9784864) AND (id <= 9784963))

table 6 : explain SELECT SUM(k) FROM sbtest6 WHERE id BETWEEN 6183858 AND 6183957
	Aggregate  (cost=397.81..397.82 rows=1 width=8)
	  ->  Index Scan using sbtest6_pkey on sbtest6  (cost=0.43..397.55 rows=104 width=4)
	        Index Cond: ((id >= 6183858) AND (id <= 6183957))

table 7 : explain SELECT SUM(k) FROM sbtest7 WHERE id BETWEEN 1984760 AND 1984859
	Aggregate  (cost=374.20..374.21 rows=1 width=8)
	  ->  Index Scan using sbtest7_pkey on sbtest7  (cost=0.43..373.96 rows=97 width=4)
	        Index Cond: ((id >= 1984760) AND (id <= 1984859))

table 8 : explain SELECT SUM(k) FROM sbtest8 WHERE id BETWEEN 9865373 AND 9865472
	Aggregate  (cost=412.19..412.20 rows=1 width=8)
	  ->  Index Scan using sbtest8_pkey on sbtest8  (cost=0.43..411.92 rows=107 width=4)
	        Index Cond: ((id >= 9865373) AND (id <= 9865472))

explain: for deletes :: explain DELETE FROM sbtest%u WHERE id=%u
explain: for non_index_updates :: explain UPDATE sbtest%u SET c='foobar' WHERE id=%u
for deletes
table 1 : explain DELETE FROM sbtest1 WHERE id=9344862
	Delete on sbtest1  (cost=0.43..8.45 rows=1 width=6)
	  ->  Index Scan using sbtest1_pkey on sbtest1  (cost=0.43..8.45 rows=1 width=6)
	        Index Cond: (id = 9344862)

table 2 : explain DELETE FROM sbtest2 WHERE id=2944759
	Delete on sbtest2  (cost=0.43..8.45 rows=1 width=6)
	  ->  Index Scan using sbtest2_pkey on sbtest2  (cost=0.43..8.45 rows=1 width=6)
	        Index Cond: (id = 2944759)

table 3 : explain DELETE FROM sbtest3 WHERE id=1013029
	Delete on sbtest3  (cost=0.43..8.45 rows=1 width=6)
	  ->  Index Scan using sbtest3_pkey on sbtest3  (cost=0.43..8.45 rows=1 width=6)
	        Index Cond: (id = 1013029)

table 4 : explain DELETE FROM sbtest4 WHERE id=7412559
	Delete on sbtest4  (cost=0.43..8.45 rows=1 width=6)
	  ->  Index Scan using sbtest4_pkey on sbtest4  (cost=0.43..8.45 rows=1 width=6)
	        Index Cond: (id = 7412559)

table 5 : explain DELETE FROM sbtest5 WHERE id=6025105
	Delete on sbtest5  (cost=0.43..8.45 rows=1 width=6)
	  ->  Index Scan using sbtest5_pkey on sbtest5  (cost=0.43..8.45 rows=1 width=6)
	        Index Cond: (id = 6025105)

table 6 : explain DELETE FROM sbtest6 WHERE id=3944884
	Delete on sbtest6  (cost=0.43..8.45 rows=1 width=6)
	  ->  Index Scan using sbtest6_pkey on sbtest6  (cost=0.43..8.45 rows=1 width=6)
	        Index Cond: (id = 3944884)

table 7 : explain DELETE FROM sbtest7 WHERE id=7121572
	Delete on sbtest7  (cost=0.43..8.45 rows=1 width=6)
	  ->  Index Scan using sbtest7_pkey on sbtest7  (cost=0.43..8.45 rows=1 width=6)
	        Index Cond: (id = 7121572)

table 8 : explain DELETE FROM sbtest8 WHERE id=6715388
	Delete on sbtest8  (cost=0.43..8.45 rows=1 width=6)
	  ->  Index Scan using sbtest8_pkey on sbtest8  (cost=0.43..8.45 rows=1 width=6)
	        Index Cond: (id = 6715388)

for point_selects
table 1 : explain SELECT c FROM sbtest1 WHERE id=3591308
	Index Scan using sbtest1_pkey on sbtest1  (cost=0.43..8.45 rows=1 width=121)
	  Index Cond: (id = 3591308)

table 2 : explain SELECT c FROM sbtest2 WHERE id=6103098
	Index Scan using sbtest2_pkey on sbtest2  (cost=0.43..8.45 rows=1 width=121)
	  Index Cond: (id = 6103098)

table 3 : explain SELECT c FROM sbtest3 WHERE id=8604771
	Index Scan using sbtest3_pkey on sbtest3  (cost=0.43..8.45 rows=1 width=121)
	  Index Cond: (id = 8604771)

table 4 : explain SELECT c FROM sbtest4 WHERE id=6768940
	Index Scan using sbtest4_pkey on sbtest4  (cost=0.43..8.45 rows=1 width=121)
	  Index Cond: (id = 6768940)

table 5 : explain SELECT c FROM sbtest5 WHERE id=2939759
	Index Scan using sbtest5_pkey on sbtest5  (cost=0.43..8.45 rows=1 width=121)
	  Index Cond: (id = 2939759)

table 6 : explain SELECT c FROM sbtest6 WHERE id=6984212
	Index Scan using sbtest6_pkey on sbtest6  (cost=0.43..8.45 rows=1 width=121)
	  Index Cond: (id = 6984212)

table 7 : explain SELECT c FROM sbtest7 WHERE id=5280319
	Index Scan using sbtest7_pkey on sbtest7  (cost=0.43..8.45 rows=1 width=121)
	  Index Cond: (id = 5280319)

table 8 : explain SELECT c FROM sbtest8 WHERE id=105866
	Index Scan using sbtest8_pkey on sbtest8  (cost=0.43..8.45 rows=1 width=121)
	  Index Cond: (id = 105866)
explain: for point_selects :: explain SELECT c FROM sbtest%u WHERE id=%u

for: order_ranges
table 1 : explain SELECT c FROM sbtest1 WHERE id BETWEEN 7543122 AND 7543221 ORDER BY c
	Sort  (cost=406.02..406.29 rows=105 width=121)
	  Sort Key: c
	  ->  Index Scan using sbtest1_pkey on sbtest1  (cost=0.43..402.50 rows=105 width=121)
	        Index Cond: ((id >= 7543122) AND (id <= 7543221))

table 2 : explain SELECT c FROM sbtest2 WHERE id BETWEEN 7888624 AND 7888723 ORDER BY c
	Sort  (cost=375.64..375.88 rows=97 width=121)
	  Sort Key: c
	  ->  Index Scan using sbtest2_pkey on sbtest2  (cost=0.43..372.44 rows=97 width=121)
	        Index Cond: ((id >= 7888624) AND (id <= 7888723))

table 3 : explain SELECT c FROM sbtest3 WHERE id BETWEEN 8575543 AND 8575642 ORDER BY c
	Sort  (cost=415.21..415.48 rows=108 width=121)
	  Sort Key: c
	  ->  Index Scan using sbtest3_pkey on sbtest3  (cost=0.43..411.56 rows=108 width=121)
	        Index Cond: ((id >= 8575543) AND (id <= 8575642))

table 4 : explain SELECT c FROM sbtest4 WHERE id BETWEEN 4338094 AND 4338193 ORDER BY c
	Sort  (cost=376.57..376.82 rows=97 width=121)
	  Sort Key: c
	  ->  Index Scan using sbtest4_pkey on sbtest4  (cost=0.43..373.37 rows=97 width=121)
	        Index Cond: ((id >= 4338094) AND (id <= 4338193))

table 5 : explain SELECT c FROM sbtest5 WHERE id BETWEEN 8177299 AND 8177398 ORDER BY c
	Sort  (cost=362.71..362.95 rows=94 width=121)
	  Sort Key: c
	  ->  Index Scan using sbtest5_pkey on sbtest5  (cost=0.43..359.63 rows=94 width=121)
	        Index Cond: ((id >= 8177299) AND (id <= 8177398))

table 6 : explain SELECT c FROM sbtest6 WHERE id BETWEEN 6668558 AND 6668657 ORDER BY c
	Sort  (cost=366.69..366.93 rows=95 width=121)
	  Sort Key: c
	  ->  Index Scan using sbtest6_pkey on sbtest6  (cost=0.43..363.57 rows=95 width=121)
	        Index Cond: ((id >= 6668558) AND (id <= 6668657))

table 7 : explain SELECT c FROM sbtest7 WHERE id BETWEEN 393058 AND 393157 ORDER BY c
	Sort  (cost=377.16..377.40 rows=97 width=121)
	  Sort Key: c
	  ->  Index Scan using sbtest7_pkey on sbtest7  (cost=0.43..373.96 rows=97 width=121)
	        Index Cond: ((id >= 393058) AND (id <= 393157))

table 8 : explain SELECT c FROM sbtest8 WHERE id BETWEEN 6710524 AND 6710623 ORDER BY c
	Sort  (cost=353.95..354.18 rows=91 width=121)
	  Sort Key: c
	  ->  Index Scan using sbtest8_pkey on sbtest8  (cost=0.43..350.99 rows=91 width=121)
	        Index Cond: ((id >= 6710524) AND (id <= 6710623))

for index_updates
table 1 : explain UPDATE sbtest1 SET k=k+1 WHERE id=3516991
	Update on sbtest1  (cost=0.43..8.46 rows=1 width=196)
	  ->  Index Scan using sbtest1_pkey on sbtest1  (cost=0.43..8.46 rows=1 width=196)
	        Index Cond: (id = 3516991)

table 2 : explain UPDATE sbtest2 SET k=k+1 WHERE id=9860388
	Update on sbtest2  (cost=0.43..8.46 rows=1 width=196)
	  ->  Index Scan using sbtest2_pkey on sbtest2  (cost=0.43..8.46 rows=1 width=196)
	        Index Cond: (id = 9860388)

table 3 : explain UPDATE sbtest3 SET k=k+1 WHERE id=8478232
	Update on sbtest3  (cost=0.43..8.46 rows=1 width=196)
	  ->  Index Scan using sbtest3_pkey on sbtest3  (cost=0.43..8.46 rows=1 width=196)
	        Index Cond: (id = 8478232)

table 4 : explain UPDATE sbtest4 SET k=k+1 WHERE id=3366949
	Update on sbtest4  (cost=0.43..8.46 rows=1 width=196)
	  ->  Index Scan using sbtest4_pkey on sbtest4  (cost=0.43..8.46 rows=1 width=196)
	        Index Cond: (id = 3366949)

table 5 : explain UPDATE sbtest5 SET k=k+1 WHERE id=2907458
	Update on sbtest5  (cost=0.43..8.46 rows=1 width=196)
	  ->  Index Scan using sbtest5_pkey on sbtest5  (cost=0.43..8.46 rows=1 width=196)
	        Index Cond: (id = 2907458)

table 6 : explain UPDATE sbtest6 SET k=k+1 WHERE id=4186007
	Update on sbtest6  (cost=0.43..8.46 rows=1 width=196)
	  ->  Index Scan using sbtest6_pkey on sbtest6  (cost=0.43..8.46 rows=1 width=196)
	        Index Cond: (id = 4186007)

table 7 : explain UPDATE sbtest7 SET k=k+1 WHERE id=9543617
	Update on sbtest7  (cost=0.43..8.46 rows=1 width=196)
	  ->  Index Scan using sbtest7_pkey on sbtest7  (cost=0.43..8.46 rows=1 width=196)
	        Index Cond: (id = 9543617)

table 8 : explain UPDATE sbtest8 SET k=k+1 WHERE id=1122370
	Update on sbtest8  (cost=0.43..8.46 rows=1 width=196)
	  ->  Index Scan using sbtest8_pkey on sbtest8  (cost=0.43..8.46 rows=1 width=196)
	        Index Cond: (id = 1122370)

explain: for point_selects :: explain SELECT c FROM sbtest%u WHERE id=%u
for deletes
table 1 : explain DELETE FROM sbtest1 WHERE id=5753364
	Delete on sbtest1  (cost=0.43..8.45 rows=1 width=6)
	  ->  Index Scan using sbtest1_pkey on sbtest1  (cost=0.43..8.45 rows=1 width=6)
	        Index Cond: (id = 5753364)

table 2 : explain DELETE FROM sbtest2 WHERE id=7327514
	Delete on sbtest2  (cost=0.43..8.45 rows=1 width=6)
	  ->  Index Scan using sbtest2_pkey on sbtest2  (cost=0.43..8.45 rows=1 width=6)
	        Index Cond: (id = 7327514)

table 3 : explain DELETE FROM sbtest3 WHERE id=9953978
	Delete on sbtest3  (cost=0.43..8.45 rows=1 width=6)
	  ->  Index Scan using sbtest3_pkey on sbtest3  (cost=0.43..8.45 rows=1 width=6)
	        Index Cond: (id = 9953978)

table 4 : explain DELETE FROM sbtest4 WHERE id=8485878
	Delete on sbtest4  (cost=0.43..8.45 rows=1 width=6)
	  ->  Index Scan using sbtest4_pkey on sbtest4  (cost=0.43..8.45 rows=1 width=6)
	        Index Cond: (id = 8485878)

table 5 : explain DELETE FROM sbtest5 WHERE id=3759615
	Delete on sbtest5  (cost=0.43..8.45 rows=1 width=6)
	  ->  Index Scan using sbtest5_pkey on sbtest5  (cost=0.43..8.45 rows=1 width=6)
	        Index Cond: (id = 3759615)

table 6 : explain DELETE FROM sbtest6 WHERE id=9973399
	Delete on sbtest6  (cost=0.43..8.45 rows=1 width=6)
	  ->  Index Scan using sbtest6_pkey on sbtest6  (cost=0.43..8.45 rows=1 width=6)
	        Index Cond: (id = 9973399)

table 7 : explain DELETE FROM sbtest7 WHERE id=1895384
	Delete on sbtest7  (cost=0.43..8.45 rows=1 width=6)
	  ->  Index Scan using sbtest7_pkey on sbtest7  (cost=0.43..8.45 rows=1 width=6)
	        Index Cond: (id = 1895384)

table 8 : explain DELETE FROM sbtest8 WHERE id=8915761
	Delete on sbtest8  (cost=0.43..8.45 rows=1 width=6)
	  ->  Index Scan using sbtest8_pkey on sbtest8  (cost=0.43..8.45 rows=1 width=6)
	        Index Cond: (id = 8915761)

for deletes
table 1 : explain DELETE FROM sbtest1 WHERE id=493969
	Delete on sbtest1  (cost=0.43..8.45 rows=1 width=6)
	  ->  Index Scan using sbtest1_pkey on sbtest1  (cost=0.43..8.45 rows=1 width=6)
	        Index Cond: (id = 493969)

table 2 : explain DELETE FROM sbtest2 WHERE id=1045514
	Delete on sbtest2  (cost=0.43..8.45 rows=1 width=6)
	  ->  Index Scan using sbtest2_pkey on sbtest2  (cost=0.43..8.45 rows=1 width=6)
	        Index Cond: (id = 1045514)

table 3 : explain DELETE FROM sbtest3 WHERE id=2597367
	Delete on sbtest3  (cost=0.43..8.45 rows=1 width=6)
	  ->  Index Scan using sbtest3_pkey on sbtest3  (cost=0.43..8.45 rows=1 width=6)
	        Index Cond: (id = 2597367)

table 4 : explain DELETE FROM sbtest4 WHERE id=9527058
	Delete on sbtest4  (cost=0.43..8.45 rows=1 width=6)
	  ->  Index Scan using sbtest4_pkey on sbtest4  (cost=0.43..8.45 rows=1 width=6)
	        Index Cond: (id = 9527058)

table 5 : explain DELETE FROM sbtest5 WHERE id=5520298
	Delete on sbtest5  (cost=0.43..8.45 rows=1 width=6)
	  ->  Index Scan using sbtest5_pkey on sbtest5  (cost=0.43..8.45 rows=1 width=6)
	        Index Cond: (id = 5520298)

table 6 : explain DELETE FROM sbtest6 WHERE id=2467965
	Delete on sbtest6  (cost=0.43..8.45 rows=1 width=6)
	  ->  Index Scan using sbtest6_pkey on sbtest6  (cost=0.43..8.45 rows=1 width=6)
	        Index Cond: (id = 2467965)

table 7 : explain DELETE FROM sbtest7 WHERE id=6520045
	Delete on sbtest7  (cost=0.43..8.45 rows=1 width=6)
	  ->  Index Scan using sbtest7_pkey on sbtest7  (cost=0.43..8.45 rows=1 width=6)
	        Index Cond: (id = 6520045)

table 8 : explain DELETE FROM sbtest8 WHERE id=812208
	Delete on sbtest8  (cost=0.43..8.45 rows=1 width=6)
	  ->  Index Scan using sbtest8_pkey on sbtest8  (cost=0.43..8.45 rows=1 width=6)
	        Index Cond: (id = 812208)

explain: for non_index_updates :: explain UPDATE sbtest%u SET c='foobar' WHERE id=%u
for inserts
table 1 : explain INSERT INTO sbtest1 (id, k, c, pad) VALUES (2105204, 13, 'foobar', 'foobar')
	Insert on sbtest1  (cost=0.00..0.01 rows=1 width=736)
	  ->  Result  (cost=0.00..0.01 rows=1 width=736)

table 2 : explain INSERT INTO sbtest2 (id, k, c, pad) VALUES (1359050, 13, 'foobar', 'foobar')
	Insert on sbtest2  (cost=0.00..0.01 rows=1 width=736)
	  ->  Result  (cost=0.00..0.01 rows=1 width=736)

table 3 : explain INSERT INTO sbtest3 (id, k, c, pad) VALUES (6623172, 13, 'foobar', 'foobar')
	Insert on sbtest3  (cost=0.00..0.01 rows=1 width=736)
	  ->  Result  (cost=0.00..0.01 rows=1 width=736)

table 4 : explain INSERT INTO sbtest4 (id, k, c, pad) VALUES (3192735, 13, 'foobar', 'foobar')
	Insert on sbtest4  (cost=0.00..0.01 rows=1 width=736)
	  ->  Result  (cost=0.00..0.01 rows=1 width=736)

table 5 : explain INSERT INTO sbtest5 (id, k, c, pad) VALUES (4648652, 13, 'foobar', 'foobar')
	Insert on sbtest5  (cost=0.00..0.01 rows=1 width=736)
	  ->  Result  (cost=0.00..0.01 rows=1 width=736)

table 6 : explain INSERT INTO sbtest6 (id, k, c, pad) VALUES (5769243, 13, 'foobar', 'foobar')
	Insert on sbtest6  (cost=0.00..0.01 rows=1 width=736)
	  ->  Result  (cost=0.00..0.01 rows=1 width=736)

table 7 : explain INSERT INTO sbtest7 (id, k, c, pad) VALUES (4118234, 13, 'foobar', 'foobar')
	Insert on sbtest7  (cost=0.00..0.01 rows=1 width=736)
	  ->  Result  (cost=0.00..0.01 rows=1 width=736)

table 8 : explain INSERT INTO sbtest8 (id, k, c, pad) VALUES (4682446, 13, 'foobar', 'foobar')
	Insert on sbtest8  (cost=0.00..0.01 rows=1 width=736)
	  ->  Result  (cost=0.00..0.01 rows=1 width=736)

for index_updates
table 1 : explain UPDATE sbtest1 SET k=k+1 WHERE id=7645810
	Update on sbtest1  (cost=0.43..8.46 rows=1 width=196)
	  ->  Index Scan using sbtest1_pkey on sbtest1  (cost=0.43..8.46 rows=1 width=196)
	        Index Cond: (id = 7645810)

table 2 : explain UPDATE sbtest2 SET k=k+1 WHERE id=277169
	Update on sbtest2  (cost=0.43..8.46 rows=1 width=196)
	  ->  Index Scan using sbtest2_pkey on sbtest2  (cost=0.43..8.46 rows=1 width=196)
	        Index Cond: (id = 277169)

table 3 : explain UPDATE sbtest3 SET k=k+1 WHERE id=241221
	Update on sbtest3  (cost=0.43..8.46 rows=1 width=196)
	  ->  Index Scan using sbtest3_pkey on sbtest3  (cost=0.43..8.46 rows=1 width=196)
	        Index Cond: (id = 241221)

table 4 : explain UPDATE sbtest4 SET k=k+1 WHERE id=8204147
	Update on sbtest4  (cost=0.43..8.46 rows=1 width=196)
	  ->  Index Scan using sbtest4_pkey on sbtest4  (cost=0.43..8.46 rows=1 width=196)
	        Index Cond: (id = 8204147)

table 5 : explain UPDATE sbtest5 SET k=k+1 WHERE id=4484688
	Update on sbtest5  (cost=0.43..8.46 rows=1 width=196)
	  ->  Index Scan using sbtest5_pkey on sbtest5  (cost=0.43..8.46 rows=1 width=196)
	        Index Cond: (id = 4484688)

table 6 : explain UPDATE sbtest6 SET k=k+1 WHERE id=4007151
	Update on sbtest6  (cost=0.43..8.46 rows=1 width=196)
	  ->  Index Scan using sbtest6_pkey on sbtest6  (cost=0.43..8.46 rows=1 width=196)
	        Index Cond: (id = 4007151)

table 7 : explain UPDATE sbtest7 SET k=k+1 WHERE id=8392139
	Update on sbtest7  (cost=0.43..8.46 rows=1 width=196)
	  ->  Index Scan using sbtest7_pkey on sbtest7  (cost=0.43..8.46 rows=1 width=196)
	        Index Cond: (id = 8392139)

table 8 : explain UPDATE sbtest8 SET k=k+1 WHERE id=4322691
	Update on sbtest8  (cost=0.43..8.46 rows=1 width=196)
	  ->  Index Scan using sbtest8_pkey on sbtest8  (cost=0.43..8.46 rows=1 width=196)
	        Index Cond: (id = 4322691)

for: simple_ranges
table 1 : explain SELECT c FROM sbtest1 WHERE id BETWEEN 2276876 AND 2276975
	Index Scan using sbtest1_pkey on sbtest1  (cost=0.43..379.78 rows=99 width=121)
	  Index Cond: ((id >= 2276876) AND (id <= 2276975))

table 2 : explain SELECT c FROM sbtest2 WHERE id BETWEEN 5962911 AND 5963010
	Index Scan using sbtest2_pkey on sbtest2  (cost=0.43..368.65 rows=96 width=121)
	  Index Cond: ((id >= 5962911) AND (id <= 5963010))

table 3 : explain SELECT c FROM sbtest3 WHERE id BETWEEN 4550009 AND 4550108
	Index Scan using sbtest3_pkey on sbtest3  (cost=0.43..404.03 rows=106 width=121)
	  Index Cond: ((id >= 4550009) AND (id <= 4550108))

table 4 : explain SELECT c FROM sbtest4 WHERE id BETWEEN 9753471 AND 9753570
	Index Scan using sbtest4_pkey on sbtest4  (cost=0.43..411.37 rows=107 width=121)
	  Index Cond: ((id >= 9753471) AND (id <= 9753570))

table 5 : explain SELECT c FROM sbtest5 WHERE id BETWEEN 2819895 AND 2819994
	Index Scan using sbtest5_pkey on sbtest5  (cost=0.43..340.70 rows=89 width=121)
	  Index Cond: ((id >= 2819895) AND (id <= 2819994))

table 6 : explain SELECT c FROM sbtest6 WHERE id BETWEEN 5581797 AND 5581896
	Index Scan using sbtest6_pkey on sbtest6  (cost=0.43..405.10 rows=106 width=121)
	  Index Cond: ((id >= 5581797) AND (id <= 5581896))

table 7 : explain SELECT c FROM sbtest7 WHERE id BETWEEN 5887957 AND 5888056
	Index Scan using sbtest7_pkey on sbtest7  (cost=0.43..389.18 rows=101 width=121)
	  Index Cond: ((id >= 5887957) AND (id <= 5888056))

table 8 : explain SELECT c FROM sbtest8 WHERE id BETWEEN 9771167 AND 9771266
	Index Scan using sbtest8_pkey on sbtest8  (cost=0.43..358.60 rows=93 width=121)
	  Index Cond: ((id >= 9771167) AND (id <= 9771266))

for: simple_ranges
table 1 : explain SELECT c FROM sbtest1 WHERE id BETWEEN 5293716 AND 5293815
	Index Scan using sbtest1_pkey on sbtest1  (cost=0.43..364.63 rows=95 width=121)
	  Index Cond: ((id >= 5293716) AND (id <= 5293815))

table 2 : explain SELECT c FROM sbtest2 WHERE id BETWEEN 2231681 AND 2231780
	Index Scan using sbtest2_pkey on sbtest2  (cost=0.43..406.61 rows=106 width=121)
	  Index Cond: ((id >= 2231681) AND (id <= 2231780))

table 3 : explain SELECT c FROM sbtest3 WHERE id BETWEEN 7355479 AND 7355578
	Index Scan using sbtest3_pkey on sbtest3  (cost=0.43..385.20 rows=101 width=121)
	  Index Cond: ((id >= 7355479) AND (id <= 7355578))

table 4 : explain SELECT c FROM sbtest4 WHERE id BETWEEN 4520264 AND 4520363
	Index Scan using sbtest4_pkey on sbtest4  (cost=0.43..449.36 rows=117 width=121)
	  Index Cond: ((id >= 4520264) AND (id <= 4520363))

table 5 : explain SELECT c FROM sbtest5 WHERE id BETWEEN 6093650 AND 6093749
	Index Scan using sbtest5_pkey on sbtest5  (cost=0.43..352.08 rows=92 width=121)
	  Index Cond: ((id >= 6093650) AND (id <= 6093749))

table 6 : explain SELECT c FROM sbtest6 WHERE id BETWEEN 76888 AND 76987
	Index Scan using sbtest6_pkey on sbtest6  (cost=0.43..367.35 rows=96 width=121)
	  Index Cond: ((id >= 76888) AND (id <= 76987))

table 7 : explain SELECT c FROM sbtest7 WHERE id BETWEEN 1296895 AND 1296994
	Index Scan using sbtest7_pkey on sbtest7  (cost=0.43..404.40 rows=105 width=121)
	  Index Cond: ((id >= 1296895) AND (id <= 1296994))

table 8 : explain SELECT c FROM sbtest8 WHERE id BETWEEN 4147084 AND 4147183
	Index Scan using sbtest8_pkey on sbtest8  (cost=0.43..354.79 rows=92 width=121)
	  Index Cond: ((id >= 4147084) AND (id <= 4147183))

explain: for non_index_updates :: explain UPDATE sbtest%u SET c='foobar' WHERE id=%u
for non_index_updates
table 1 : explain UPDATE sbtest1 SET c='foobar' WHERE id=5837326
	Update on sbtest1  (cost=0.43..8.45 rows=1 width=559)
	  ->  Index Scan using sbtest1_pkey on sbtest1  (cost=0.43..8.45 rows=1 width=559)
	        Index Cond: (id = 5837326)

table 2 : explain UPDATE sbtest2 SET c='foobar' WHERE id=7537145
	Update on sbtest2  (cost=0.43..8.45 rows=1 width=559)
	  ->  Index Scan using sbtest2_pkey on sbtest2  (cost=0.43..8.45 rows=1 width=559)
	        Index Cond: (id = 7537145)

table 3 : explain UPDATE sbtest3 SET c='foobar' WHERE id=867222
	Update on sbtest3  (cost=0.43..8.45 rows=1 width=559)
	  ->  Index Scan using sbtest3_pkey on sbtest3  (cost=0.43..8.45 rows=1 width=559)
	        Index Cond: (id = 867222)

table 4 : explain UPDATE sbtest4 SET c='foobar' WHERE id=5572991
	Update on sbtest4  (cost=0.43..8.45 rows=1 width=559)
	  ->  Index Scan using sbtest4_pkey on sbtest4  (cost=0.43..8.45 rows=1 width=559)
	        Index Cond: (id = 5572991)

table 5 : explain UPDATE sbtest5 SET c='foobar' WHERE id=2133140
	Update on sbtest5  (cost=0.43..8.45 rows=1 width=559)
	  ->  Index Scan using sbtest5_pkey on sbtest5  (cost=0.43..8.45 rows=1 width=559)
	        Index Cond: (id = 2133140)

table 6 : explain UPDATE sbtest6 SET c='foobar' WHERE id=4375394
	Update on sbtest6  (cost=0.43..8.45 rows=1 width=559)
	  ->  Index Scan using sbtest6_pkey on sbtest6  (cost=0.43..8.45 rows=1 width=559)
	        Index Cond: (id = 4375394)

table 7 : explain UPDATE sbtest7 SET c='foobar' WHERE id=8451097
	Update on sbtest7  (cost=0.43..8.45 rows=1 width=559)
	  ->  Index Scan using sbtest7_pkey on sbtest7  (cost=0.43..8.45 rows=1 width=559)
	        Index Cond: (id = 8451097)

table 8 : explain UPDATE sbtest8 SET c='foobar' WHERE id=8050896
	Update on sbtest8  (cost=0.43..8.45 rows=1 width=559)
	  ->  Index Scan using sbtest8_pkey on sbtest8  (cost=0.43..8.45 rows=1 width=559)
	        Index Cond: (id = 8050896)

for: simple_ranges
table 1 : explain SELECT c FROM sbtest1 WHERE id BETWEEN 2667420 AND 2667519
	Index Scan using sbtest1_pkey on sbtest1  (cost=0.43..375.99 rows=98 width=121)
	  Index Cond: ((id >= 2667420) AND (id <= 2667519))

table 2 : explain SELECT c FROM sbtest2 WHERE id BETWEEN 1939478 AND 1939577
	Index Scan using sbtest2_pkey on sbtest2  (cost=0.43..361.06 rows=94 width=121)
	  Index Cond: ((id >= 1939478) AND (id <= 1939577))

table 3 : explain SELECT c FROM sbtest3 WHERE id BETWEEN 9331878 AND 9331977
	Index Scan using sbtest3_pkey on sbtest3  (cost=0.43..373.91 rows=98 width=121)
	  Index Cond: ((id >= 9331878) AND (id <= 9331977))

table 4 : explain SELECT c FROM sbtest4 WHERE id BETWEEN 1253756 AND 1253855
	Index Scan using sbtest4_pkey on sbtest4  (cost=0.43..323.93 rows=84 width=121)
	  Index Cond: ((id >= 1253756) AND (id <= 1253855))

table 5 : explain SELECT c FROM sbtest5 WHERE id BETWEEN 767923 AND 768022
	Index Scan using sbtest5_pkey on sbtest5  (cost=0.43..374.73 rows=98 width=121)
	  Index Cond: ((id >= 767923) AND (id <= 768022))

table 6 : explain SELECT c FROM sbtest6 WHERE id BETWEEN 5843191 AND 5843290
	Index Scan using sbtest6_pkey on sbtest6  (cost=0.43..333.30 rows=87 width=121)
	  Index Cond: ((id >= 5843191) AND (id <= 5843290))

table 7 : explain SELECT c FROM sbtest7 WHERE id BETWEEN 9387476 AND 9387575
	Index Scan using sbtest7_pkey on sbtest7  (cost=0.43..381.57 rows=99 width=121)
	  Index Cond: ((id >= 9387476) AND (id <= 9387575))

table 8 : explain SELECT c FROM sbtest8 WHERE id BETWEEN 9797666 AND 9797765
	Index Scan using sbtest8_pkey on sbtest8  (cost=0.43..358.60 rows=93 width=121)
	  Index Cond: ((id >= 9797666) AND (id <= 9797765))

explain: for inserts :: explain INSERT INTO sbtest%u (id, k, c, pad) VALUES (%u, 13, 'foobar', 'foobar')
for: order_ranges
table 1 : explain SELECT c FROM sbtest1 WHERE id BETWEEN 1497617 AND 1497716 ORDER BY c
	Sort  (cost=406.02..406.29 rows=105 width=121)
	  Sort Key: c
	  ->  Index Scan using sbtest1_pkey on sbtest1  (cost=0.43..402.50 rows=105 width=121)
	        Index Cond: ((id >= 1497617) AND (id <= 1497716))

table 2 : explain SELECT c FROM sbtest2 WHERE id BETWEEN 7920176 AND 7920275 ORDER BY c
	Sort  (cost=375.64..375.88 rows=97 width=121)
	  Sort Key: c
	  ->  Index Scan using sbtest2_pkey on sbtest2  (cost=0.43..372.44 rows=97 width=121)
	        Index Cond: ((id >= 7920176) AND (id <= 7920275))

table 3 : explain SELECT c FROM sbtest3 WHERE id BETWEEN 6957694 AND 6957793 ORDER BY c
	Sort  (cost=411.40..411.67 rows=107 width=121)
	  Sort Key: c
	  ->  Index Scan using sbtest3_pkey on sbtest3  (cost=0.43..407.80 rows=107 width=121)
	        Index Cond: ((id >= 6957694) AND (id <= 6957793))

table 4 : explain SELECT c FROM sbtest4 WHERE id BETWEEN 9608312 AND 9608411 ORDER BY c
	Sort  (cost=395.77..396.03 rows=102 width=121)
	  Sort Key: c
	  ->  Index Scan using sbtest4_pkey on sbtest4  (cost=0.43..392.37 rows=102 width=121)
	        Index Cond: ((id >= 9608312) AND (id <= 9608411))

table 5 : explain SELECT c FROM sbtest5 WHERE id BETWEEN 5781385 AND 5781484 ORDER BY c
	Sort  (cost=389.41..389.66 rows=101 width=121)
	  Sort Key: c
	  ->  Index Scan using sbtest5_pkey on sbtest5  (cost=0.43..386.05 rows=101 width=121)
	        Index Cond: ((id >= 5781385) AND (id <= 5781484))

table 6 : explain SELECT c FROM sbtest6 WHERE id BETWEEN 9411089 AND 9411188 ORDER BY c
	Sort  (cost=408.67..408.93 rows=106 width=121)
	  Sort Key: c
	  ->  Index Scan using sbtest6_pkey on sbtest6  (cost=0.43..405.10 rows=106 width=121)
	        Index Cond: ((id >= 9411089) AND (id <= 9411188))

table 7 : explain SELECT c FROM sbtest7 WHERE id BETWEEN 3236604 AND 3236703 ORDER BY c
	Sort  (cost=369.47..369.70 rows=95 width=121)
	  Sort Key: c
	  ->  Index Scan using sbtest7_pkey on sbtest7  (cost=0.43..366.35 rows=95 width=121)
	        Index Cond: ((id >= 3236604) AND (id <= 3236703))

table 8 : explain SELECT c FROM sbtest8 WHERE id BETWEEN 4893079 AND 4893178 ORDER BY c
	Sort  (cost=423.22..423.49 rows=109 width=121)
	  Sort Key: c
	  ->  Index Scan using sbtest8_pkey on sbtest8  (cost=0.43..419.53 rows=109 width=121)
	        Index Cond: ((id >= 4893079) AND (id <= 4893178))

explain: for deletes :: explain DELETE FROM sbtest%u WHERE id=%u
explain: for inserts :: explain INSERT INTO sbtest%u (id, k, c, pad) VALUES (%u, 13, 'foobar', 'foobar')
for: order_ranges
table 1 : explain SELECT c FROM sbtest1 WHERE id BETWEEN 3470861 AND 3470960 ORDER BY c
	Sort  (cost=386.88..387.13 rows=100 width=121)
	  Sort Key: c
	  ->  Index Scan using sbtest1_pkey on sbtest1  (cost=0.43..383.56 rows=100 width=121)
	        Index Cond: ((id >= 3470861) AND (id <= 3470960))

table 2 : explain SELECT c FROM sbtest2 WHERE id BETWEEN 4945919 AND 4946018 ORDER BY c
	Sort  (cost=348.83..349.05 rows=90 width=121)
	  Sort Key: c
	  ->  Index Scan using sbtest2_pkey on sbtest2  (cost=0.43..345.90 rows=90 width=121)
	        Index Cond: ((id >= 4945919) AND (id <= 4946018))

table 3 : explain SELECT c FROM sbtest3 WHERE id BETWEEN 1533143 AND 1533242 ORDER BY c
	Sort  (cost=358.12..358.35 rows=93 width=121)
	  Sort Key: c
	  ->  Index Scan using sbtest3_pkey on sbtest3  (cost=0.43..355.08 rows=93 width=121)
	        Index Cond: ((id >= 1533143) AND (id <= 1533242))

table 4 : explain SELECT c FROM sbtest4 WHERE id BETWEEN 9127292 AND 9127391 ORDER BY c
	Sort  (cost=388.09..388.34 rows=100 width=121)
	  Sort Key: c
	  ->  Index Scan using sbtest4_pkey on sbtest4  (cost=0.43..384.77 rows=100 width=121)
	        Index Cond: ((id >= 9127292) AND (id <= 9127391))

table 5 : explain SELECT c FROM sbtest5 WHERE id BETWEEN 6497890 AND 6497989 ORDER BY c
	Sort  (cost=377.97..378.21 rows=98 width=121)
	  Sort Key: c
	  ->  Index Scan using sbtest5_pkey on sbtest5  (cost=0.43..374.73 rows=98 width=121)
	        Index Cond: ((id >= 6497890) AND (id <= 6497989))

table 6 : explain SELECT c FROM sbtest6 WHERE id BETWEEN 4375556 AND 4375655 ORDER BY c
	Sort  (cost=389.59..389.84 rows=101 width=121)
	  Sort Key: c
	  ->  Index Scan using sbtest6_pkey on sbtest6  (cost=0.43..386.22 rows=101 width=121)
	        Index Cond: ((id >= 4375556) AND (id <= 4375655))

table 7 : explain SELECT c FROM sbtest7 WHERE id BETWEEN 2929918 AND 2930017 ORDER BY c
	Sort  (cost=392.54..392.79 rows=101 width=121)
	  Sort Key: c
	  ->  Index Scan using sbtest7_pkey on sbtest7  (cost=0.43..389.18 rows=101 width=121)
	        Index Cond: ((id >= 2929918) AND (id <= 2930017))

table 8 : explain SELECT c FROM sbtest8 WHERE id BETWEEN 4872102 AND 4872201 ORDER BY c
	Sort  (cost=423.22..423.49 rows=109 width=121)
	  Sort Key: c
	  ->  Index Scan using sbtest8_pkey on sbtest8  (cost=0.43..419.53 rows=109 width=121)
	        Index Cond: ((id >= 4872102) AND (id <= 4872201))

explain: for inserts :: explain INSERT INTO sbtest%u (id, k, c, pad) VALUES (%u, 13, 'foobar', 'foobar')
for non_index_updates
table 1 : explain UPDATE sbtest1 SET c='foobar' WHERE id=8682463
	Update on sbtest1  (cost=0.43..8.45 rows=1 width=559)
	  ->  Index Scan using sbtest1_pkey on sbtest1  (cost=0.43..8.45 rows=1 width=559)
	        Index Cond: (id = 8682463)

table 2 : explain UPDATE sbtest2 SET c='foobar' WHERE id=6983447
	Update on sbtest2  (cost=0.43..8.45 rows=1 width=559)
	  ->  Index Scan using sbtest2_pkey on sbtest2  (cost=0.43..8.45 rows=1 width=559)
	        Index Cond: (id = 6983447)

table 3 : explain UPDATE sbtest3 SET c='foobar' WHERE id=3147001
	Update on sbtest3  (cost=0.43..8.45 rows=1 width=559)
	  ->  Index Scan using sbtest3_pkey on sbtest3  (cost=0.43..8.45 rows=1 width=559)
	        Index Cond: (id = 3147001)

table 4 : explain UPDATE sbtest4 SET c='foobar' WHERE id=6248863
	Update on sbtest4  (cost=0.43..8.45 rows=1 width=559)
	  ->  Index Scan using sbtest4_pkey on sbtest4  (cost=0.43..8.45 rows=1 width=559)
	        Index Cond: (id = 6248863)

table 5 : explain UPDATE sbtest5 SET c='foobar' WHERE id=1138533
	Update on sbtest5  (cost=0.43..8.45 rows=1 width=559)
	  ->  Index Scan using sbtest5_pkey on sbtest5  (cost=0.43..8.45 rows=1 width=559)
	        Index Cond: (id = 1138533)

table 6 : explain UPDATE sbtest6 SET c='foobar' WHERE id=2157784
	Update on sbtest6  (cost=0.43..8.45 rows=1 width=559)
	  ->  Index Scan using sbtest6_pkey on sbtest6  (cost=0.43..8.45 rows=1 width=559)
	        Index Cond: (id = 2157784)

table 7 : explain UPDATE sbtest7 SET c='foobar' WHERE id=5948090
	Update on sbtest7  (cost=0.43..8.45 rows=1 width=559)
	  ->  Index Scan using sbtest7_pkey on sbtest7  (cost=0.43..8.45 rows=1 width=559)
	        Index Cond: (id = 5948090)

table 8 : explain UPDATE sbtest8 SET c='foobar' WHERE id=9956446
	Update on sbtest8  (cost=0.43..8.45 rows=1 width=559)
	  ->  Index Scan using sbtest8_pkey on sbtest8  (cost=0.43..8.45 rows=1 width=559)
	        Index Cond: (id = 9956446)

explain: for non_index_updates :: explain UPDATE sbtest%u SET c='foobar' WHERE id=%u
for: simple_ranges
table 1 : explain SELECT c FROM sbtest1 WHERE id BETWEEN 501224 AND 501323
	Index Scan using sbtest1_pkey on sbtest1  (cost=0.43..368.41 rows=96 width=121)
	  Index Cond: ((id >= 501224) AND (id <= 501323))

table 2 : explain SELECT c FROM sbtest2 WHERE id BETWEEN 9822396 AND 9822495
	Index Scan using sbtest2_pkey on sbtest2  (cost=0.43..364.86 rows=95 width=121)
	  Index Cond: ((id >= 9822396) AND (id <= 9822495))

table 3 : explain SELECT c FROM sbtest3 WHERE id BETWEEN 4630931 AND 4631030
	Index Scan using sbtest3_pkey on sbtest3  (cost=0.43..415.33 rows=109 width=121)
	  Index Cond: ((id >= 4630931) AND (id <= 4631030))

table 4 : explain SELECT c FROM sbtest4 WHERE id BETWEEN 8619291 AND 8619390
	Index Scan using sbtest4_pkey on sbtest4  (cost=0.43..392.37 rows=102 width=121)
	  Index Cond: ((id >= 8619291) AND (id <= 8619390))

table 5 : explain SELECT c FROM sbtest5 WHERE id BETWEEN 2209896 AND 2209995
	Index Scan using sbtest5_pkey on sbtest5  (cost=0.43..431.34 rows=113 width=121)
	  Index Cond: ((id >= 2209896) AND (id <= 2209995))

table 6 : explain SELECT c FROM sbtest6 WHERE id BETWEEN 6337564 AND 6337663
	Index Scan using sbtest6_pkey on sbtest6  (cost=0.43..348.40 rows=91 width=121)
	  Index Cond: ((id >= 6337564) AND (id <= 6337663))

table 7 : explain SELECT c FROM sbtest7 WHERE id BETWEEN 8684813 AND 8684912
	Index Scan using sbtest7_pkey on sbtest7  (cost=0.43..396.79 rows=103 width=121)
	  Index Cond: ((id >= 8684813) AND (id <= 8684912))

table 8 : explain SELECT c FROM sbtest8 WHERE id BETWEEN 5351634 AND 5351733
	Index Scan using sbtest8_pkey on sbtest8  (cost=0.43..415.72 rows=108 width=121)
	  Index Cond: ((id >= 5351634) AND (id <= 5351733))

explain: for inserts :: explain INSERT INTO sbtest%u (id, k, c, pad) VALUES (%u, 13, 'foobar', 'foobar')
for inserts
table 1 : explain INSERT INTO sbtest1 (id, k, c, pad) VALUES (8361462, 13, 'foobar', 'foobar')
	Insert on sbtest1  (cost=0.00..0.01 rows=1 width=736)
	  ->  Result  (cost=0.00..0.01 rows=1 width=736)

table 2 : explain INSERT INTO sbtest2 (id, k, c, pad) VALUES (8946675, 13, 'foobar', 'foobar')
	Insert on sbtest2  (cost=0.00..0.01 rows=1 width=736)
	  ->  Result  (cost=0.00..0.01 rows=1 width=736)

table 3 : explain INSERT INTO sbtest3 (id, k, c, pad) VALUES (3842611, 13, 'foobar', 'foobar')
	Insert on sbtest3  (cost=0.00..0.01 rows=1 width=736)
	  ->  Result  (cost=0.00..0.01 rows=1 width=736)

table 4 : explain INSERT INTO sbtest4 (id, k, c, pad) VALUES (6300339, 13, 'foobar', 'foobar')
	Insert on sbtest4  (cost=0.00..0.01 rows=1 width=736)
	  ->  Result  (cost=0.00..0.01 rows=1 width=736)

table 5 : explain INSERT INTO sbtest5 (id, k, c, pad) VALUES (8215448, 13, 'foobar', 'foobar')
	Insert on sbtest5  (cost=0.00..0.01 rows=1 width=736)
	  ->  Result  (cost=0.00..0.01 rows=1 width=736)

table 6 : explain INSERT INTO sbtest6 (id, k, c, pad) VALUES (7630552, 13, 'foobar', 'foobar')
	Insert on sbtest6  (cost=0.00..0.01 rows=1 width=736)
	  ->  Result  (cost=0.00..0.01 rows=1 width=736)

table 7 : explain INSERT INTO sbtest7 (id, k, c, pad) VALUES (3174624, 13, 'foobar', 'foobar')
	Insert on sbtest7  (cost=0.00..0.01 rows=1 width=736)
	  ->  Result  (cost=0.00..0.01 rows=1 width=736)

table 8 : explain INSERT INTO sbtest8 (id, k, c, pad) VALUES (6205909, 13, 'foobar', 'foobar')
	Insert on sbtest8  (cost=0.00..0.01 rows=1 width=736)
	  ->  Result  (cost=0.00..0.01 rows=1 width=736)

for deletes
table 1 : explain DELETE FROM sbtest1 WHERE id=5609814
	Delete on sbtest1  (cost=0.43..8.45 rows=1 width=6)
	  ->  Index Scan using sbtest1_pkey on sbtest1  (cost=0.43..8.45 rows=1 width=6)
	        Index Cond: (id = 5609814)

table 2 : explain DELETE FROM sbtest2 WHERE id=692173
	Delete on sbtest2  (cost=0.43..8.45 rows=1 width=6)
	  ->  Index Scan using sbtest2_pkey on sbtest2  (cost=0.43..8.45 rows=1 width=6)
	        Index Cond: (id = 692173)

table 3 : explain DELETE FROM sbtest3 WHERE id=5726675
	Delete on sbtest3  (cost=0.43..8.45 rows=1 width=6)
	  ->  Index Scan using sbtest3_pkey on sbtest3  (cost=0.43..8.45 rows=1 width=6)
	        Index Cond: (id = 5726675)

table 4 : explain DELETE FROM sbtest4 WHERE id=1021299
	Delete on sbtest4  (cost=0.43..8.45 rows=1 width=6)
	  ->  Index Scan using sbtest4_pkey on sbtest4  (cost=0.43..8.45 rows=1 width=6)
	        Index Cond: (id = 1021299)

table 5 : explain DELETE FROM sbtest5 WHERE id=9866226
	Delete on sbtest5  (cost=0.43..8.45 rows=1 width=6)
	  ->  Index Scan using sbtest5_pkey on sbtest5  (cost=0.43..8.45 rows=1 width=6)
	        Index Cond: (id = 9866226)

table 6 : explain DELETE FROM sbtest6 WHERE id=9161049
	Delete on sbtest6  (cost=0.43..8.45 rows=1 width=6)
	  ->  Index Scan using sbtest6_pkey on sbtest6  (cost=0.43..8.45 rows=1 width=6)
	        Index Cond: (id = 9161049)

table 7 : explain DELETE FROM sbtest7 WHERE id=2481945
	Delete on sbtest7  (cost=0.43..8.45 rows=1 width=6)
	  ->  Index Scan using sbtest7_pkey on sbtest7  (cost=0.43..8.45 rows=1 width=6)
	        Index Cond: (id = 2481945)

table 8 : explain DELETE FROM sbtest8 WHERE id=4626958
	Delete on sbtest8  (cost=0.43..8.45 rows=1 width=6)
	  ->  Index Scan using sbtest8_pkey on sbtest8  (cost=0.43..8.45 rows=1 width=6)
	        Index Cond: (id = 4626958)

for: distinct_ranges
table 1 : explain SELECT DISTINCT c FROM sbtest1 WHERE id BETWEEN 8959108 AND 8959207 ORDER BY c
	Unique  (cost=386.88..387.38 rows=100 width=121)
	  ->  Sort  (cost=386.88..387.13 rows=100 width=121)
	        Sort Key: c
	        ->  Index Scan using sbtest1_pkey on sbtest1  (cost=0.43..383.56 rows=100 width=121)
	              Index Cond: ((id >= 8959108) AND (id <= 8959207))

table 2 : explain SELECT DISTINCT c FROM sbtest2 WHERE id BETWEEN 7659360 AND 7659459 ORDER BY c
	Unique  (cost=371.81..372.29 rows=96 width=121)
	  ->  Sort  (cost=371.81..372.05 rows=96 width=121)
	        Sort Key: c
	        ->  Index Scan using sbtest2_pkey on sbtest2  (cost=0.43..368.65 rows=96 width=121)
	              Index Cond: ((id >= 7659360) AND (id <= 7659459))

table 3 : explain SELECT DISTINCT c FROM sbtest3 WHERE id BETWEEN 7353888 AND 7353987 ORDER BY c
	Unique  (cost=388.57..389.07 rows=101 width=121)
	  ->  Sort  (cost=388.57..388.82 rows=101 width=121)
	        Sort Key: c
	        ->  Index Scan using sbtest3_pkey on sbtest3  (cost=0.43..385.20 rows=101 width=121)
	              Index Cond: ((id >= 7353888) AND (id <= 7353987))

table 4 : explain SELECT DISTINCT c FROM sbtest4 WHERE id BETWEEN 1188982 AND 1189081 ORDER BY c
	Unique  (cost=380.41..380.90 rows=98 width=121)
	  ->  Sort  (cost=380.41..380.66 rows=98 width=121)
	        Sort Key: c
	        ->  Index Scan using sbtest4_pkey on sbtest4  (cost=0.43..377.17 rows=98 width=121)
	              Index Cond: ((id >= 1188982) AND (id <= 1189081))

table 5 : explain SELECT DISTINCT c FROM sbtest5 WHERE id BETWEEN 5012748 AND 5012847 ORDER BY c
	Unique  (cost=381.78..382.28 rows=99 width=121)
	  ->  Sort  (cost=381.78..382.03 rows=99 width=121)
	        Sort Key: c
	        ->  Index Scan using sbtest5_pkey on sbtest5  (cost=0.43..378.50 rows=99 width=121)
	              Index Cond: ((id >= 5012748) AND (id <= 5012847))

table 6 : explain SELECT DISTINCT c FROM sbtest6 WHERE id BETWEEN 3951911 AND 3952010 ORDER BY c
	Unique  (cost=366.69..367.17 rows=95 width=121)
	  ->  Sort  (cost=366.69..366.93 rows=95 width=121)
	        Sort Key: c
	        ->  Index Scan using sbtest6_pkey on sbtest6  (cost=0.43..363.57 rows=95 width=121)
	              Index Cond: ((id >= 3951911) AND (id <= 3952010))

table 7 : explain SELECT DISTINCT c FROM sbtest7 WHERE id BETWEEN 3430036 AND 3430135 ORDER BY c
	Unique  (cost=400.23..400.75 rows=103 width=121)
	  ->  Sort  (cost=400.23..400.49 rows=103 width=121)
	        Sort Key: c
	        ->  Index Scan using sbtest7_pkey on sbtest7  (cost=0.43..396.79 rows=103 width=121)
	              Index Cond: ((id >= 3430036) AND (id <= 3430135))

table 8 : explain SELECT DISTINCT c FROM sbtest8 WHERE id BETWEEN 836751 AND 836850 ORDER BY c
	Unique  (cost=407.83..408.36 rows=105 width=121)
	  ->  Sort  (cost=407.83..408.10 rows=105 width=121)
	        Sort Key: c
	        ->  Index Scan using sbtest8_pkey on sbtest8  (cost=0.43..404.31 rows=105 width=121)
	              Index Cond: ((id >= 836751) AND (id <= 836850))

for inserts
table 1 : explain INSERT INTO sbtest1 (id, k, c, pad) VALUES (5944012, 13, 'foobar', 'foobar')
	Insert on sbtest1  (cost=0.00..0.01 rows=1 width=736)
	  ->  Result  (cost=0.00..0.01 rows=1 width=736)

table 2 : explain INSERT INTO sbtest2 (id, k, c, pad) VALUES (4263574, 13, 'foobar', 'foobar')
	Insert on sbtest2  (cost=0.00..0.01 rows=1 width=736)
	  ->  Result  (cost=0.00..0.01 rows=1 width=736)

table 3 : explain INSERT INTO sbtest3 (id, k, c, pad) VALUES (6090893, 13, 'foobar', 'foobar')
	Insert on sbtest3  (cost=0.00..0.01 rows=1 width=736)
	  ->  Result  (cost=0.00..0.01 rows=1 width=736)

table 4 : explain INSERT INTO sbtest4 (id, k, c, pad) VALUES (7900912, 13, 'foobar', 'foobar')
	Insert on sbtest4  (cost=0.00..0.01 rows=1 width=736)
	  ->  Result  (cost=0.00..0.01 rows=1 width=736)

table 5 : explain INSERT INTO sbtest5 (id, k, c, pad) VALUES (4413722, 13, 'foobar', 'foobar')
	Insert on sbtest5  (cost=0.00..0.01 rows=1 width=736)
	  ->  Result  (cost=0.00..0.01 rows=1 width=736)

table 6 : explain INSERT INTO sbtest6 (id, k, c, pad) VALUES (4261991, 13, 'foobar', 'foobar')
	Insert on sbtest6  (cost=0.00..0.01 rows=1 width=736)
	  ->  Result  (cost=0.00..0.01 rows=1 width=736)

table 7 : explain INSERT INTO sbtest7 (id, k, c, pad) VALUES (9746118, 13, 'foobar', 'foobar')
	Insert on sbtest7  (cost=0.00..0.01 rows=1 width=736)
	  ->  Result  (cost=0.00..0.01 rows=1 width=736)

table 8 : explain INSERT INTO sbtest8 (id, k, c, pad) VALUES (2074261, 13, 'foobar', 'foobar')
	Insert on sbtest8  (cost=0.00..0.01 rows=1 width=736)
	  ->  Result  (cost=0.00..0.01 rows=1 width=736)

for: order_ranges
table 1 : explain SELECT c FROM sbtest1 WHERE id BETWEEN 4620015 AND 4620114 ORDER BY c
	Sort  (cost=398.37..398.63 rows=103 width=121)
	  Sort Key: c
	  ->  Index Scan using sbtest1_pkey on sbtest1  (cost=0.43..394.92 rows=103 width=121)
	        Index Cond: ((id >= 4620015) AND (id <= 4620114))

table 2 : explain SELECT c FROM sbtest2 WHERE id BETWEEN 9889189 AND 9889288 ORDER BY c
	Sort  (cost=367.98..368.21 rows=95 width=121)
	  Sort Key: c
	  ->  Index Scan using sbtest2_pkey on sbtest2  (cost=0.43..364.86 rows=95 width=121)
	        Index Cond: ((id >= 9889189) AND (id <= 9889288))

table 3 : explain SELECT c FROM sbtest3 WHERE id BETWEEN 9311853 AND 9311952 ORDER BY c
	Sort  (cost=377.15..377.39 rows=98 width=121)
	  Sort Key: c
	  ->  Index Scan using sbtest3_pkey on sbtest3  (cost=0.43..373.91 rows=98 width=121)
	        Index Cond: ((id >= 9311853) AND (id <= 9311952))

table 4 : explain SELECT c FROM sbtest4 WHERE id BETWEEN 614718 AND 614817 ORDER BY c
	Sort  (cost=368.90..369.13 rows=95 width=121)
	  Sort Key: c
	  ->  Index Scan using sbtest4_pkey on sbtest4  (cost=0.43..365.77 rows=95 width=121)
	        Index Cond: ((id >= 614718) AND (id <= 614817))

table 5 : explain SELECT c FROM sbtest5 WHERE id BETWEEN 1845562 AND 1845661 ORDER BY c
	Sort  (cost=419.93..420.20 rows=109 width=121)
	  Sort Key: c
	  ->  Index Scan using sbtest5_pkey on sbtest5  (cost=0.43..416.24 rows=109 width=121)
	        Index Cond: ((id >= 1845562) AND (id <= 1845661))

table 6 : explain SELECT c FROM sbtest6 WHERE id BETWEEN 6557251 AND 6557350 ORDER BY c
	Sort  (cost=389.59..389.84 rows=101 width=121)
	  Sort Key: c
	  ->  Index Scan using sbtest6_pkey on sbtest6  (cost=0.43..386.22 rows=101 width=121)
	        Index Cond: ((id >= 6557251) AND (id <= 6557350))

table 7 : explain SELECT c FROM sbtest7 WHERE id BETWEEN 8414799 AND 8414898 ORDER BY c
	Sort  (cost=423.31..423.59 rows=109 width=121)
	  Sort Key: c
	  ->  Index Scan using sbtest7_pkey on sbtest7  (cost=0.43..419.62 rows=109 width=121)
	        Index Cond: ((id >= 8414799) AND (id <= 8414898))

table 8 : explain SELECT c FROM sbtest8 WHERE id BETWEEN 3418658 AND 3418757 ORDER BY c
	Sort  (cost=427.06..427.34 rows=110 width=121)
	  Sort Key: c
	  ->  Index Scan using sbtest8_pkey on sbtest8  (cost=0.43..423.33 rows=110 width=121)
	        Index Cond: ((id >= 3418658) AND (id <= 3418757))

for non_index_updates
table 1 : explain UPDATE sbtest1 SET c='foobar' WHERE id=2241890
	Update on sbtest1  (cost=0.43..8.45 rows=1 width=559)
	  ->  Index Scan using sbtest1_pkey on sbtest1  (cost=0.43..8.45 rows=1 width=559)
	        Index Cond: (id = 2241890)

table 2 : explain UPDATE sbtest2 SET c='foobar' WHERE id=4900432
	Update on sbtest2  (cost=0.43..8.45 rows=1 width=559)
	  ->  Index Scan using sbtest2_pkey on sbtest2  (cost=0.43..8.45 rows=1 width=559)
	        Index Cond: (id = 4900432)

table 3 : explain UPDATE sbtest3 SET c='foobar' WHERE id=9116435
	Update on sbtest3  (cost=0.43..8.45 rows=1 width=559)
	  ->  Index Scan using sbtest3_pkey on sbtest3  (cost=0.43..8.45 rows=1 width=559)
	        Index Cond: (id = 9116435)

table 4 : explain UPDATE sbtest4 SET c='foobar' WHERE id=5782105
	Update on sbtest4  (cost=0.43..8.45 rows=1 width=559)
	  ->  Index Scan using sbtest4_pkey on sbtest4  (cost=0.43..8.45 rows=1 width=559)
	        Index Cond: (id = 5782105)

table 5 : explain UPDATE sbtest5 SET c='foobar' WHERE id=9133410
	Update on sbtest5  (cost=0.43..8.45 rows=1 width=559)
	  ->  Index Scan using sbtest5_pkey on sbtest5  (cost=0.43..8.45 rows=1 width=559)
	        Index Cond: (id = 9133410)

table 6 : explain UPDATE sbtest6 SET c='foobar' WHERE id=3439869
	Update on sbtest6  (cost=0.43..8.45 rows=1 width=559)
	  ->  Index Scan using sbtest6_pkey on sbtest6  (cost=0.43..8.45 rows=1 width=559)
	        Index Cond: (id = 3439869)

table 7 : explain UPDATE sbtest7 SET c='foobar' WHERE id=1998217
	Update on sbtest7  (cost=0.43..8.45 rows=1 width=559)
	  ->  Index Scan using sbtest7_pkey on sbtest7  (cost=0.43..8.45 rows=1 width=559)
	        Index Cond: (id = 1998217)

table 8 : explain UPDATE sbtest8 SET c='foobar' WHERE id=8332996
	Update on sbtest8  (cost=0.43..8.45 rows=1 width=559)
	  ->  Index Scan using sbtest8_pkey on sbtest8  (cost=0.43..8.45 rows=1 width=559)
	        Index Cond: (id = 8332996)

for inserts
table 1 : explain INSERT INTO sbtest1 (id, k, c, pad) VALUES (42120, 13, 'foobar', 'foobar')
	Insert on sbtest1  (cost=0.00..0.01 rows=1 width=736)
	  ->  Result  (cost=0.00..0.01 rows=1 width=736)

table 2 : explain INSERT INTO sbtest2 (id, k, c, pad) VALUES (1571798, 13, 'foobar', 'foobar')
	Insert on sbtest2  (cost=0.00..0.01 rows=1 width=736)
	  ->  Result  (cost=0.00..0.01 rows=1 width=736)

table 3 : explain INSERT INTO sbtest3 (id, k, c, pad) VALUES (4647828, 13, 'foobar', 'foobar')
	Insert on sbtest3  (cost=0.00..0.01 rows=1 width=736)
	  ->  Result  (cost=0.00..0.01 rows=1 width=736)

table 4 : explain INSERT INTO sbtest4 (id, k, c, pad) VALUES (723502, 13, 'foobar', 'foobar')
	Insert on sbtest4  (cost=0.00..0.01 rows=1 width=736)
	  ->  Result  (cost=0.00..0.01 rows=1 width=736)

table 5 : explain INSERT INTO sbtest5 (id, k, c, pad) VALUES (2785720, 13, 'foobar', 'foobar')
	Insert on sbtest5  (cost=0.00..0.01 rows=1 width=736)
	  ->  Result  (cost=0.00..0.01 rows=1 width=736)

table 6 : explain INSERT INTO sbtest6 (id, k, c, pad) VALUES (5324872, 13, 'foobar', 'foobar')
	Insert on sbtest6  (cost=0.00..0.01 rows=1 width=736)
	  ->  Result  (cost=0.00..0.01 rows=1 width=736)

table 7 : explain INSERT INTO sbtest7 (id, k, c, pad) VALUES (3067457, 13, 'foobar', 'foobar')
	Insert on sbtest7  (cost=0.00..0.01 rows=1 width=736)
	  ->  Result  (cost=0.00..0.01 rows=1 width=736)

table 8 : explain INSERT INTO sbtest8 (id, k, c, pad) VALUES (724848, 13, 'foobar', 'foobar')
	Insert on sbtest8  (cost=0.00..0.01 rows=1 width=736)
	  ->  Result  (cost=0.00..0.01 rows=1 width=736)

explain: for index_updates :: explain UPDATE sbtest%u SET k=k+1 WHERE id=%u
for: order_ranges
table 1 : explain SELECT c FROM sbtest1 WHERE id BETWEEN 6951933 AND 6952032 ORDER BY c
	Sort  (cost=371.57..371.81 rows=96 width=121)
	  Sort Key: c
	  ->  Index Scan using sbtest1_pkey on sbtest1  (cost=0.43..368.41 rows=96 width=121)
	        Index Cond: ((id >= 6951933) AND (id <= 6952032))

table 2 : explain SELECT c FROM sbtest2 WHERE id BETWEEN 1736605 AND 1736704 ORDER BY c
	Sort  (cost=414.00..414.27 rows=107 width=121)
	  Sort Key: c
	  ->  Index Scan using sbtest2_pkey on sbtest2  (cost=0.43..410.40 rows=107 width=121)
	        Index Cond: ((id >= 1736605) AND (id <= 1736704))

table 3 : explain SELECT c FROM sbtest3 WHERE id BETWEEN 3061575 AND 3061674 ORDER BY c
	Sort  (cost=396.18..396.44 rows=103 width=121)
	  Sort Key: c
	  ->  Index Scan using sbtest3_pkey on sbtest3  (cost=0.43..392.73 rows=103 width=121)
	        Index Cond: ((id >= 3061575) AND (id <= 3061674))

table 4 : explain SELECT c FROM sbtest4 WHERE id BETWEEN 2615683 AND 2615782 ORDER BY c
	Sort  (cost=441.86..442.15 rows=114 width=121)
	  Sort Key: c
	  ->  Index Scan using sbtest4_pkey on sbtest4  (cost=0.43..437.97 rows=114 width=121)
	        Index Cond: ((id >= 2615683) AND (id <= 2615782))

table 5 : explain SELECT c FROM sbtest5 WHERE id BETWEEN 4336263 AND 4336362 ORDER BY c
	Sort  (cost=381.78..382.03 rows=99 width=121)
	  Sort Key: c
	  ->  Index Scan using sbtest5_pkey on sbtest5  (cost=0.43..378.50 rows=99 width=121)
	        Index Cond: ((id >= 4336263) AND (id <= 4336362))

table 6 : explain SELECT c FROM sbtest6 WHERE id BETWEEN 275278 AND 275377 ORDER BY c
	Sort  (cost=420.12..420.39 rows=109 width=121)
	  Sort Key: c
	  ->  Index Scan using sbtest6_pkey on sbtest6  (cost=0.43..416.43 rows=109 width=121)
	        Index Cond: ((id >= 275278) AND (id <= 275377))

table 7 : explain SELECT c FROM sbtest7 WHERE id BETWEEN 4166182 AND 4166281 ORDER BY c
	Sort  (cost=357.88..358.11 rows=92 width=121)
	  Sort Key: c
	  ->  Index Scan using sbtest7_pkey on sbtest7  (cost=0.43..354.87 rows=92 width=121)
	        Index Cond: ((id >= 4166182) AND (id <= 4166281))

table 8 : explain SELECT c FROM sbtest8 WHERE id BETWEEN 7527866 AND 7527965 ORDER BY c
	Sort  (cost=380.92..381.16 rows=98 width=121)
	  Sort Key: c
	  ->  Index Scan using sbtest8_pkey on sbtest8  (cost=0.43..377.68 rows=98 width=121)
	        Index Cond: ((id >= 7527866) AND (id <= 7527965))

explain: for inserts :: explain INSERT INTO sbtest%u (id, k, c, pad) VALUES (%u, 13, 'foobar', 'foobar')
for: sum_ranges
table 1 : explain SELECT SUM(k) FROM sbtest1 WHERE id BETWEEN 2480724 AND 2480823
	Aggregate  (cost=421.71..421.72 rows=1 width=8)
	  ->  Index Scan using sbtest1_pkey on sbtest1  (cost=0.43..421.43 rows=110 width=4)
	        Index Cond: ((id >= 2480724) AND (id <= 2480823))

table 2 : explain SELECT SUM(k) FROM sbtest2 WHERE id BETWEEN 9486960 AND 9487059
	Aggregate  (cost=376.53..376.54 rows=1 width=8)
	  ->  Index Scan using sbtest2_pkey on sbtest2  (cost=0.43..376.28 rows=98 width=4)
	        Index Cond: ((id >= 9486960) AND (id <= 9487059))

table 3 : explain SELECT SUM(k) FROM sbtest3 WHERE id BETWEEN 85927 AND 86026
	Aggregate  (cost=392.99..393.00 rows=1 width=8)
	  ->  Index Scan using sbtest3_pkey on sbtest3  (cost=0.43..392.73 rows=103 width=4)
	        Index Cond: ((id >= 85927) AND (id <= 86026))

table 4 : explain SELECT SUM(k) FROM sbtest4 WHERE id BETWEEN 3006940 AND 3007039
	Aggregate  (cost=438.25..438.26 rows=1 width=8)
	  ->  Index Scan using sbtest4_pkey on sbtest4  (cost=0.43..437.97 rows=114 width=4)
	        Index Cond: ((id >= 3006940) AND (id <= 3007039))

table 5 : explain SELECT SUM(k) FROM sbtest5 WHERE id BETWEEN 878453 AND 878552
	Aggregate  (cost=393.85..393.86 rows=1 width=8)
	  ->  Index Scan using sbtest5_pkey on sbtest5  (cost=0.43..393.60 rows=103 width=4)
	        Index Cond: ((id >= 878453) AND (id <= 878552))

table 6 : explain SELECT SUM(k) FROM sbtest6 WHERE id BETWEEN 7749303 AND 7749402
	Aggregate  (cost=375.14..375.15 rows=1 width=8)
	  ->  Index Scan using sbtest6_pkey on sbtest6  (cost=0.43..374.90 rows=98 width=4)
	        Index Cond: ((id >= 7749303) AND (id <= 7749402))

table 7 : explain SELECT SUM(k) FROM sbtest7 WHERE id BETWEEN 2998704 AND 2998803
	Aggregate  (cost=389.43..389.44 rows=1 width=8)
	  ->  Index Scan using sbtest7_pkey on sbtest7  (cost=0.43..389.18 rows=101 width=4)
	        Index Cond: ((id >= 2998704) AND (id <= 2998803))

table 8 : explain SELECT SUM(k) FROM sbtest8 WHERE id BETWEEN 1841526 AND 1841625
	Aggregate  (cost=377.92..377.93 rows=1 width=8)
	  ->  Index Scan using sbtest8_pkey on sbtest8  (cost=0.43..377.68 rows=98 width=4)
	        Index Cond: ((id >= 1841526) AND (id <= 1841625))

for: sum_ranges
table 1 : explain SELECT SUM(k) FROM sbtest1 WHERE id BETWEEN 3646208 AND 3646307
	Aggregate  (cost=425.50..425.51 rows=1 width=8)
	  ->  Index Scan using sbtest1_pkey on sbtest1  (cost=0.43..425.22 rows=111 width=4)
	        Index Cond: ((id >= 3646208) AND (id <= 3646307))

table 2 : explain SELECT SUM(k) FROM sbtest2 WHERE id BETWEEN 3071204 AND 3071303
	Aggregate  (cost=380.32..380.33 rows=1 width=8)
	  ->  Index Scan using sbtest2_pkey on sbtest2  (cost=0.43..380.07 rows=99 width=4)
	        Index Cond: ((id >= 3071204) AND (id <= 3071303))

table 3 : explain SELECT SUM(k) FROM sbtest3 WHERE id BETWEEN 5607822 AND 5607921
	Aggregate  (cost=370.38..370.39 rows=1 width=8)
	  ->  Index Scan using sbtest3_pkey on sbtest3  (cost=0.43..370.14 rows=97 width=4)
	        Index Cond: ((id >= 5607822) AND (id <= 5607921))

table 4 : explain SELECT SUM(k) FROM sbtest4 WHERE id BETWEEN 7215394 AND 7215493
	Aggregate  (cost=445.85..445.86 rows=1 width=8)
	  ->  Index Scan using sbtest4_pkey on sbtest4  (cost=0.43..445.56 rows=116 width=4)
	        Index Cond: ((id >= 7215394) AND (id <= 7215493))

table 5 : explain SELECT SUM(k) FROM sbtest5 WHERE id BETWEEN 1332987 AND 1333086
	Aggregate  (cost=337.14..337.15 rows=1 width=8)
	  ->  Index Scan using sbtest5_pkey on sbtest5  (cost=0.43..336.92 rows=88 width=4)
	        Index Cond: ((id >= 1332987) AND (id <= 1333086))

table 6 : explain SELECT SUM(k) FROM sbtest6 WHERE id BETWEEN 7808276 AND 7808375
	Aggregate  (cost=371.36..371.37 rows=1 width=8)
	  ->  Index Scan using sbtest6_pkey on sbtest6  (cost=0.43..371.12 rows=97 width=4)
	        Index Cond: ((id >= 7808276) AND (id <= 7808375))

table 7 : explain SELECT SUM(k) FROM sbtest7 WHERE id BETWEEN 5348111 AND 5348210
	Aggregate  (cost=366.58..366.59 rows=1 width=8)
	  ->  Index Scan using sbtest7_pkey on sbtest7  (cost=0.43..366.35 rows=95 width=4)
	        Index Cond: ((id >= 5348111) AND (id <= 5348210))

table 8 : explain SELECT SUM(k) FROM sbtest8 WHERE id BETWEEN 646583 AND 646682
	Aggregate  (cost=393.15..393.16 rows=1 width=8)
	  ->  Index Scan using sbtest8_pkey on sbtest8  (cost=0.43..392.90 rows=102 width=4)
	        Index Cond: ((id >= 646583) AND (id <= 646682))

for non_index_updates
table 1 : explain UPDATE sbtest1 SET c='foobar' WHERE id=9163176
	Update on sbtest1  (cost=0.43..8.45 rows=1 width=559)
	  ->  Index Scan using sbtest1_pkey on sbtest1  (cost=0.43..8.45 rows=1 width=559)
	        Index Cond: (id = 9163176)

table 2 : explain UPDATE sbtest2 SET c='foobar' WHERE id=3868074
	Update on sbtest2  (cost=0.43..8.45 rows=1 width=559)
	  ->  Index Scan using sbtest2_pkey on sbtest2  (cost=0.43..8.45 rows=1 width=559)
	        Index Cond: (id = 3868074)

table 3 : explain UPDATE sbtest3 SET c='foobar' WHERE id=1277102
	Update on sbtest3  (cost=0.43..8.45 rows=1 width=559)
	  ->  Index Scan using sbtest3_pkey on sbtest3  (cost=0.43..8.45 rows=1 width=559)
	        Index Cond: (id = 1277102)

table 4 : explain UPDATE sbtest4 SET c='foobar' WHERE id=7208862
	Update on sbtest4  (cost=0.43..8.45 rows=1 width=559)
	  ->  Index Scan using sbtest4_pkey on sbtest4  (cost=0.43..8.45 rows=1 width=559)
	        Index Cond: (id = 7208862)

table 5 : explain UPDATE sbtest5 SET c='foobar' WHERE id=7455761
	Update on sbtest5  (cost=0.43..8.45 rows=1 width=559)
	  ->  Index Scan using sbtest5_pkey on sbtest5  (cost=0.43..8.45 rows=1 width=559)
	        Index Cond: (id = 7455761)

table 6 : explain UPDATE sbtest6 SET c='foobar' WHERE id=4389134
	Update on sbtest6  (cost=0.43..8.45 rows=1 width=559)
	  ->  Index Scan using sbtest6_pkey on sbtest6  (cost=0.43..8.45 rows=1 width=559)
	        Index Cond: (id = 4389134)

table 7 : explain UPDATE sbtest7 SET c='foobar' WHERE id=1160364
	Update on sbtest7  (cost=0.43..8.45 rows=1 width=559)
	  ->  Index Scan using sbtest7_pkey on sbtest7  (cost=0.43..8.45 rows=1 width=559)
	        Index Cond: (id = 1160364)

table 8 : explain UPDATE sbtest8 SET c='foobar' WHERE id=9654885
	Update on sbtest8  (cost=0.43..8.45 rows=1 width=559)
	  ->  Index Scan using sbtest8_pkey on sbtest8  (cost=0.43..8.45 rows=1 width=559)
	        Index Cond: (id = 9654885)

for point_selects
table 1 : explain SELECT c FROM sbtest1 WHERE id=3925794
	Index Scan using sbtest1_pkey on sbtest1  (cost=0.43..8.45 rows=1 width=121)
	  Index Cond: (id = 3925794)

table 2 : explain SELECT c FROM sbtest2 WHERE id=2835362
	Index Scan using sbtest2_pkey on sbtest2  (cost=0.43..8.45 rows=1 width=121)
	  Index Cond: (id = 2835362)

table 3 : explain SELECT c FROM sbtest3 WHERE id=7120722
	Index Scan using sbtest3_pkey on sbtest3  (cost=0.43..8.45 rows=1 width=121)
	  Index Cond: (id = 7120722)

table 4 : explain SELECT c FROM sbtest4 WHERE id=1903197
	Index Scan using sbtest4_pkey on sbtest4  (cost=0.43..8.45 rows=1 width=121)
	  Index Cond: (id = 1903197)

table 5 : explain SELECT c FROM sbtest5 WHERE id=7385754
	Index Scan using sbtest5_pkey on sbtest5  (cost=0.43..8.45 rows=1 width=121)
	  Index Cond: (id = 7385754)

table 6 : explain SELECT c FROM sbtest6 WHERE id=6975973
	Index Scan using sbtest6_pkey on sbtest6  (cost=0.43..8.45 rows=1 width=121)
	  Index Cond: (id = 6975973)

table 7 : explain SELECT c FROM sbtest7 WHERE id=9402589
	Index Scan using sbtest7_pkey on sbtest7  (cost=0.43..8.45 rows=1 width=121)
	  Index Cond: (id = 9402589)

table 8 : explain SELECT c FROM sbtest8 WHERE id=1808757
	Index Scan using sbtest8_pkey on sbtest8  (cost=0.43..8.45 rows=1 width=121)
	  Index Cond: (id = 1808757)

for: sum_ranges
table 1 : explain SELECT SUM(k) FROM sbtest1 WHERE id BETWEEN 9225555 AND 9225654
	Aggregate  (cost=383.81..383.82 rows=1 width=8)
	  ->  Index Scan using sbtest1_pkey on sbtest1  (cost=0.43..383.56 rows=100 width=4)
	        Index Cond: ((id >= 9225555) AND (id <= 9225654))

table 2 : explain SELECT SUM(k) FROM sbtest2 WHERE id BETWEEN 9442824 AND 9442923
	Aggregate  (cost=425.83..425.84 rows=1 width=8)
	  ->  Index Scan using sbtest2_pkey on sbtest2  (cost=0.43..425.56 rows=111 width=4)
	        Index Cond: ((id >= 9442824) AND (id <= 9442923))

table 3 : explain SELECT SUM(k) FROM sbtest3 WHERE id BETWEEN 4808203 AND 4808302
	Aggregate  (cost=396.76..396.77 rows=1 width=8)
	  ->  Index Scan using sbtest3_pkey on sbtest3  (cost=0.43..396.50 rows=104 width=4)
	        Index Cond: ((id >= 4808203) AND (id <= 4808302))

table 4 : explain SELECT SUM(k) FROM sbtest4 WHERE id BETWEEN 7008060 AND 7008159
	Aggregate  (cost=381.22..381.23 rows=1 width=8)
	  ->  Index Scan using sbtest4_pkey on sbtest4  (cost=0.43..380.97 rows=99 width=4)
	        Index Cond: ((id >= 7008060) AND (id <= 7008159))

table 5 : explain SELECT SUM(k) FROM sbtest5 WHERE id BETWEEN 1888367 AND 1888466
	Aggregate  (cost=416.51..416.52 rows=1 width=8)
	  ->  Index Scan using sbtest5_pkey on sbtest5  (cost=0.43..416.24 rows=109 width=4)
	        Index Cond: ((id >= 1888367) AND (id <= 1888466))

table 6 : explain SELECT SUM(k) FROM sbtest6 WHERE id BETWEEN 3566975 AND 3567074
	Aggregate  (cost=371.36..371.37 rows=1 width=8)
	  ->  Index Scan using sbtest6_pkey on sbtest6  (cost=0.43..371.12 rows=97 width=4)
	        Index Cond: ((id >= 3566975) AND (id <= 3567074))

table 7 : explain SELECT SUM(k) FROM sbtest7 WHERE id BETWEEN 6894467 AND 6894566
	Aggregate  (cost=355.16..355.17 rows=1 width=8)
	  ->  Index Scan using sbtest7_pkey on sbtest7  (cost=0.43..354.93 rows=92 width=4)
	        Index Cond: ((id >= 6894467) AND (id <= 6894566))

table 8 : explain SELECT SUM(k) FROM sbtest8 WHERE id BETWEEN 5472812 AND 5472911
	Aggregate  (cost=408.38..408.39 rows=1 width=8)
	  ->  Index Scan using sbtest8_pkey on sbtest8  (cost=0.43..408.11 rows=106 width=4)
	        Index Cond: ((id >= 5472812) AND (id <= 5472911))

for: distinct_ranges
table 1 : explain SELECT DISTINCT c FROM sbtest1 WHERE id BETWEEN 2057232 AND 2057331 ORDER BY c
	Unique  (cost=386.88..387.38 rows=100 width=121)
	  ->  Sort  (cost=386.88..387.13 rows=100 width=121)
	        Sort Key: c
	        ->  Index Scan using sbtest1_pkey on sbtest1  (cost=0.43..383.56 rows=100 width=121)
	              Index Cond: ((id >= 2057232) AND (id <= 2057331))

table 2 : explain SELECT DISTINCT c FROM sbtest2 WHERE id BETWEEN 4857576 AND 4857675 ORDER BY c
	Unique  (cost=513.69..514.36 rows=133 width=121)
	  ->  Sort  (cost=513.69..514.02 rows=133 width=121)
	        Sort Key: c
	        ->  Index Scan using sbtest2_pkey on sbtest2  (cost=0.43..509.00 rows=133 width=121)
	              Index Cond: ((id >= 4857576) AND (id <= 4857675))

table 3 : explain SELECT DISTINCT c FROM sbtest3 WHERE id BETWEEN 5955997 AND 5956096 ORDER BY c
	Unique  (cost=365.73..366.21 rows=95 width=121)
	  ->  Sort  (cost=365.73..365.97 rows=95 width=121)
	        Sort Key: c
	        ->  Index Scan using sbtest3_pkey on sbtest3  (cost=0.43..362.61 rows=95 width=121)
	              Index Cond: ((id >= 5955997) AND (id <= 5956096))

table 4 : explain SELECT DISTINCT c FROM sbtest4 WHERE id BETWEEN 9530400 AND 9530499 ORDER BY c
	Unique  (cost=395.77..396.28 rows=102 width=121)
	  ->  Sort  (cost=395.77..396.03 rows=102 width=121)
	        Sort Key: c
	        ->  Index Scan using sbtest4_pkey on sbtest4  (cost=0.43..392.37 rows=102 width=121)
	              Index Cond: ((id >= 9530400) AND (id <= 9530499))

table 5 : explain SELECT DISTINCT c FROM sbtest5 WHERE id BETWEEN 2352653 AND 2352752 ORDER BY c
	Unique  (cost=377.97..378.46 rows=98 width=121)
	  ->  Sort  (cost=377.97..378.21 rows=98 width=121)
	        Sort Key: c
	        ->  Index Scan using sbtest5_pkey on sbtest5  (cost=0.43..374.73 rows=98 width=121)
	              Index Cond: ((id >= 2352653) AND (id <= 2352752))

table 6 : explain SELECT DISTINCT c FROM sbtest6 WHERE id BETWEEN 846000 AND 846099 ORDER BY c
	Unique  (cost=397.22..397.73 rows=103 width=121)
	  ->  Sort  (cost=397.22..397.48 rows=103 width=121)
	        Sort Key: c
	        ->  Index Scan using sbtest6_pkey on sbtest6  (cost=0.43..393.78 rows=103 width=121)
	              Index Cond: ((id >= 846000) AND (id <= 846099))

table 7 : explain SELECT DISTINCT c FROM sbtest7 WHERE id BETWEEN 5294579 AND 5294678 ORDER BY c
	Unique  (cost=407.93..408.45 rows=105 width=121)
	  ->  Sort  (cost=407.93..408.19 rows=105 width=121)
	        Sort Key: c
	        ->  Index Scan using sbtest7_pkey on sbtest7  (cost=0.43..404.40 rows=105 width=121)
	              Index Cond: ((id >= 5294579) AND (id <= 5294678))

table 8 : explain SELECT DISTINCT c FROM sbtest8 WHERE id BETWEEN 4577124 AND 4577223 ORDER BY c
	Unique  (cost=369.33..369.80 rows=95 width=121)
	  ->  Sort  (cost=369.33..369.57 rows=95 width=121)
	        Sort Key: c
	        ->  Index Scan using sbtest8_pkey on sbtest8  (cost=0.43..366.21 rows=95 width=121)
	              Index Cond: ((id >= 4577124) AND (id <= 4577223))

for: distinct_ranges
table 1 : explain SELECT DISTINCT c FROM sbtest1 WHERE id BETWEEN 886640 AND 886739 ORDER BY c
	Unique  (cost=409.85..410.38 rows=106 width=121)
	  ->  Sort  (cost=409.85..410.12 rows=106 width=121)
	        Sort Key: c
	        ->  Index Scan using sbtest1_pkey on sbtest1  (cost=0.43..406.29 rows=106 width=121)
	              Index Cond: ((id >= 886640) AND (id <= 886739))

table 2 : explain SELECT DISTINCT c FROM sbtest2 WHERE id BETWEEN 9876681 AND 9876780 ORDER BY c
	Unique  (cost=367.98..368.45 rows=95 width=121)
	  ->  Sort  (cost=367.98..368.21 rows=95 width=121)
	        Sort Key: c
	        ->  Index Scan using sbtest2_pkey on sbtest2  (cost=0.43..364.86 rows=95 width=121)
	              Index Cond: ((id >= 9876681) AND (id <= 9876780))

table 3 : explain SELECT DISTINCT c FROM sbtest3 WHERE id BETWEEN 8688159 AND 8688258 ORDER BY c
	Unique  (cost=365.73..366.21 rows=95 width=121)
	  ->  Sort  (cost=365.73..365.97 rows=95 width=121)
	        Sort Key: c
	        ->  Index Scan using sbtest3_pkey on sbtest3  (cost=0.43..362.61 rows=95 width=121)
	              Index Cond: ((id >= 8688159) AND (id <= 8688258))

table 4 : explain SELECT DISTINCT c FROM sbtest4 WHERE id BETWEEN 1490612 AND 1490711 ORDER BY c
	Unique  (cost=372.74..373.22 rows=96 width=121)
	  ->  Sort  (cost=372.74..372.98 rows=96 width=121)
	        Sort Key: c
	        ->  Index Scan using sbtest4_pkey on sbtest4  (cost=0.43..369.57 rows=96 width=121)
	              Index Cond: ((id >= 1490612) AND (id <= 1490711))

table 5 : explain SELECT DISTINCT c FROM sbtest5 WHERE id BETWEEN 2929769 AND 2929868 ORDER BY c
	Unique  (cost=408.49..409.02 rows=106 width=121)
	  ->  Sort  (cost=408.49..408.75 rows=106 width=121)
	        Sort Key: c
	        ->  Index Scan using sbtest5_pkey on sbtest5  (cost=0.43..404.92 rows=106 width=121)
	              Index Cond: ((id >= 2929769) AND (id <= 2929868))

table 6 : explain SELECT DISTINCT c FROM sbtest6 WHERE id BETWEEN 4086644 AND 4086743 ORDER BY c
	Unique  (cost=389.59..390.09 rows=101 width=121)
	  ->  Sort  (cost=389.59..389.84 rows=101 width=121)
	        Sort Key: c
	        ->  Index Scan using sbtest6_pkey on sbtest6  (cost=0.43..386.22 rows=101 width=121)
	              Index Cond: ((id >= 4086644) AND (id <= 4086743))

table 7 : explain SELECT DISTINCT c FROM sbtest7 WHERE id BETWEEN 7485704 AND 7485803 ORDER BY c
	Unique  (cost=377.16..377.64 rows=97 width=121)
	  ->  Sort  (cost=377.16..377.40 rows=97 width=121)
	        Sort Key: c
	        ->  Index Scan using sbtest7_pkey on sbtest7  (cost=0.43..373.96 rows=97 width=121)
	              Index Cond: ((id >= 7485704) AND (id <= 7485803))

table 8 : explain SELECT DISTINCT c FROM sbtest8 WHERE id BETWEEN 9907930 AND 9908029 ORDER BY c
	Unique  (cost=392.45..392.96 rows=101 width=121)
	  ->  Sort  (cost=392.45..392.71 rows=101 width=121)
	        Sort Key: c
	        ->  Index Scan using sbtest8_pkey on sbtest8  (cost=0.43..389.09 rows=101 width=121)
	              Index Cond: ((id >= 9907930) AND (id <= 9908029))

for inserts
table 1 : explain INSERT INTO sbtest1 (id, k, c, pad) VALUES (8333373, 13, 'foobar', 'foobar')
	Insert on sbtest1  (cost=0.00..0.01 rows=1 width=736)
	  ->  Result  (cost=0.00..0.01 rows=1 width=736)

table 2 : explain INSERT INTO sbtest2 (id, k, c, pad) VALUES (5105439, 13, 'foobar', 'foobar')
	Insert on sbtest2  (cost=0.00..0.01 rows=1 width=736)
	  ->  Result  (cost=0.00..0.01 rows=1 width=736)

table 3 : explain INSERT INTO sbtest3 (id, k, c, pad) VALUES (2878967, 13, 'foobar', 'foobar')
	Insert on sbtest3  (cost=0.00..0.01 rows=1 width=736)
	  ->  Result  (cost=0.00..0.01 rows=1 width=736)

table 4 : explain INSERT INTO sbtest4 (id, k, c, pad) VALUES (6273106, 13, 'foobar', 'foobar')
	Insert on sbtest4  (cost=0.00..0.01 rows=1 width=736)
	  ->  Result  (cost=0.00..0.01 rows=1 width=736)

table 5 : explain INSERT INTO sbtest5 (id, k, c, pad) VALUES (8193766, 13, 'foobar', 'foobar')
	Insert on sbtest5  (cost=0.00..0.01 rows=1 width=736)
	  ->  Result  (cost=0.00..0.01 rows=1 width=736)

table 6 : explain INSERT INTO sbtest6 (id, k, c, pad) VALUES (5455353, 13, 'foobar', 'foobar')
	Insert on sbtest6  (cost=0.00..0.01 rows=1 width=736)
	  ->  Result  (cost=0.00..0.01 rows=1 width=736)

table 7 : explain INSERT INTO sbtest7 (id, k, c, pad) VALUES (1602501, 13, 'foobar', 'foobar')
	Insert on sbtest7  (cost=0.00..0.01 rows=1 width=736)
	  ->  Result  (cost=0.00..0.01 rows=1 width=736)

table 8 : explain INSERT INTO sbtest8 (id, k, c, pad) VALUES (2654829, 13, 'foobar', 'foobar')
	Insert on sbtest8  (cost=0.00..0.01 rows=1 width=736)
	  ->  Result  (cost=0.00..0.01 rows=1 width=736)

explain: for deletes :: explain DELETE FROM sbtest%u WHERE id=%u
explain: for deletes :: explain DELETE FROM sbtest%u WHERE id=%u
for point_selects
table 1 : explain SELECT c FROM sbtest1 WHERE id=7097379
	Index Scan using sbtest1_pkey on sbtest1  (cost=0.43..8.45 rows=1 width=121)
	  Index Cond: (id = 7097379)

table 2 : explain SELECT c FROM sbtest2 WHERE id=2201515
	Index Scan using sbtest2_pkey on sbtest2  (cost=0.43..8.45 rows=1 width=121)
	  Index Cond: (id = 2201515)

table 3 : explain SELECT c FROM sbtest3 WHERE id=6189057
	Index Scan using sbtest3_pkey on sbtest3  (cost=0.43..8.45 rows=1 width=121)
	  Index Cond: (id = 6189057)

table 4 : explain SELECT c FROM sbtest4 WHERE id=3628485
	Index Scan using sbtest4_pkey on sbtest4  (cost=0.43..8.45 rows=1 width=121)
	  Index Cond: (id = 3628485)

table 5 : explain SELECT c FROM sbtest5 WHERE id=5934301
	Index Scan using sbtest5_pkey on sbtest5  (cost=0.43..8.45 rows=1 width=121)
	  Index Cond: (id = 5934301)

table 6 : explain SELECT c FROM sbtest6 WHERE id=3297206
	Index Scan using sbtest6_pkey on sbtest6  (cost=0.43..8.45 rows=1 width=121)
	  Index Cond: (id = 3297206)

table 7 : explain SELECT c FROM sbtest7 WHERE id=5302072
	Index Scan using sbtest7_pkey on sbtest7  (cost=0.43..8.45 rows=1 width=121)
	  Index Cond: (id = 5302072)

table 8 : explain SELECT c FROM sbtest8 WHERE id=4997072
	Index Scan using sbtest8_pkey on sbtest8  (cost=0.43..8.45 rows=1 width=121)
	  Index Cond: (id = 4997072)

for inserts
table 1 : explain INSERT INTO sbtest1 (id, k, c, pad) VALUES (4935944, 13, 'foobar', 'foobar')
	Insert on sbtest1  (cost=0.00..0.01 rows=1 width=736)
	  ->  Result  (cost=0.00..0.01 rows=1 width=736)

table 2 : explain INSERT INTO sbtest2 (id, k, c, pad) VALUES (4377956, 13, 'foobar', 'foobar')
	Insert on sbtest2  (cost=0.00..0.01 rows=1 width=736)
	  ->  Result  (cost=0.00..0.01 rows=1 width=736)

table 3 : explain INSERT INTO sbtest3 (id, k, c, pad) VALUES (1101338, 13, 'foobar', 'foobar')
	Insert on sbtest3  (cost=0.00..0.01 rows=1 width=736)
	  ->  Result  (cost=0.00..0.01 rows=1 width=736)

table 4 : explain INSERT INTO sbtest4 (id, k, c, pad) VALUES (3052148, 13, 'foobar', 'foobar')
	Insert on sbtest4  (cost=0.00..0.01 rows=1 width=736)
	  ->  Result  (cost=0.00..0.01 rows=1 width=736)

table 5 : explain INSERT INTO sbtest5 (id, k, c, pad) VALUES (400681, 13, 'foobar', 'foobar')
	Insert on sbtest5  (cost=0.00..0.01 rows=1 width=736)
	  ->  Result  (cost=0.00..0.01 rows=1 width=736)

table 6 : explain INSERT INTO sbtest6 (id, k, c, pad) VALUES (7008703, 13, 'foobar', 'foobar')
	Insert on sbtest6  (cost=0.00..0.01 rows=1 width=736)
	  ->  Result  (cost=0.00..0.01 rows=1 width=736)

table 7 : explain INSERT INTO sbtest7 (id, k, c, pad) VALUES (1451784, 13, 'foobar', 'foobar')
	Insert on sbtest7  (cost=0.00..0.01 rows=1 width=736)
	  ->  Result  (cost=0.00..0.01 rows=1 width=736)

table 8 : explain INSERT INTO sbtest8 (id, k, c, pad) VALUES (7706696, 13, 'foobar', 'foobar')
	Insert on sbtest8  (cost=0.00..0.01 rows=1 width=736)
	  ->  Result  (cost=0.00..0.01 rows=1 width=736)

explain: for index_updates :: explain UPDATE sbtest%u SET k=k+1 WHERE id=%u
for: sum_ranges
table 1 : explain SELECT SUM(k) FROM sbtest1 WHERE id BETWEEN 4027482 AND 4027581
	Aggregate  (cost=342.07..342.08 rows=1 width=8)
	  ->  Index Scan using sbtest1_pkey on sbtest1  (cost=0.43..341.85 rows=89 width=4)
	        Index Cond: ((id >= 4027482) AND (id <= 4027581))

table 2 : explain SELECT SUM(k) FROM sbtest2 WHERE id BETWEEN 3362892 AND 3362991
	Aggregate  (cost=372.68..372.69 rows=1 width=8)
	  ->  Index Scan using sbtest2_pkey on sbtest2  (cost=0.43..372.44 rows=97 width=4)
	        Index Cond: ((id >= 3362892) AND (id <= 3362991))

table 3 : explain SELECT SUM(k) FROM sbtest3 WHERE id BETWEEN 1251692 AND 1251791
	Aggregate  (cost=423.14..423.15 rows=1 width=8)
	  ->  Index Scan using sbtest3_pkey on sbtest3  (cost=0.43..422.86 rows=111 width=4)
	        Index Cond: ((id >= 1251692) AND (id <= 1251791))

table 4 : explain SELECT SUM(k) FROM sbtest4 WHERE id BETWEEN 7143380 AND 7143479
	Aggregate  (cost=377.42..377.43 rows=1 width=8)
	  ->  Index Scan using sbtest4_pkey on sbtest4  (cost=0.43..377.17 rows=98 width=4)
	        Index Cond: ((id >= 7143380) AND (id <= 7143479))

table 5 : explain SELECT SUM(k) FROM sbtest5 WHERE id BETWEEN 2136879 AND 2136978
	Aggregate  (cost=431.62..431.63 rows=1 width=8)
	  ->  Index Scan using sbtest5_pkey on sbtest5  (cost=0.43..431.34 rows=113 width=4)
	        Index Cond: ((id >= 2136879) AND (id <= 2136978))

table 6 : explain SELECT SUM(k) FROM sbtest6 WHERE id BETWEEN 7900833 AND 7900932
	Aggregate  (cost=367.59..367.60 rows=1 width=8)
	  ->  Index Scan using sbtest6_pkey on sbtest6  (cost=0.43..367.35 rows=96 width=4)
	        Index Cond: ((id >= 7900833) AND (id <= 7900932))

table 7 : explain SELECT SUM(k) FROM sbtest7 WHERE id BETWEEN 6782031 AND 6782130
	Aggregate  (cost=374.20..374.21 rows=1 width=8)
	  ->  Index Scan using sbtest7_pkey on sbtest7  (cost=0.43..373.96 rows=97 width=4)
	        Index Cond: ((id >= 6782031) AND (id <= 6782130))

table 8 : explain SELECT SUM(k) FROM sbtest8 WHERE id BETWEEN 6843948 AND 6844047
	Aggregate  (cost=396.96..396.97 rows=1 width=8)
	  ->  Index Scan using sbtest8_pkey on sbtest8  (cost=0.43..396.70 rows=103 width=4)
	        Index Cond: ((id >= 6843948) AND (id <= 6844047))

explain: for index_updates :: explain UPDATE sbtest%u SET k=k+1 WHERE id=%u
explain: for point_selects :: explain SELECT c FROM sbtest%u WHERE id=%u
explain: for point_selects :: explain SELECT c FROM sbtest%u WHERE id=%u
for index_updates
table 1 : explain UPDATE sbtest1 SET k=k+1 WHERE id=5789987
	Update on sbtest1  (cost=0.43..8.46 rows=1 width=196)
	  ->  Index Scan using sbtest1_pkey on sbtest1  (cost=0.43..8.46 rows=1 width=196)
	        Index Cond: (id = 5789987)

table 2 : explain UPDATE sbtest2 SET k=k+1 WHERE id=1234794
	Update on sbtest2  (cost=0.43..8.46 rows=1 width=196)
	  ->  Index Scan using sbtest2_pkey on sbtest2  (cost=0.43..8.46 rows=1 width=196)
	        Index Cond: (id = 1234794)

table 3 : explain UPDATE sbtest3 SET k=k+1 WHERE id=7042109
	Update on sbtest3  (cost=0.43..8.46 rows=1 width=196)
	  ->  Index Scan using sbtest3_pkey on sbtest3  (cost=0.43..8.46 rows=1 width=196)
	        Index Cond: (id = 7042109)

table 4 : explain UPDATE sbtest4 SET k=k+1 WHERE id=2121874
	Update on sbtest4  (cost=0.43..8.46 rows=1 width=196)
	  ->  Index Scan using sbtest4_pkey on sbtest4  (cost=0.43..8.46 rows=1 width=196)
	        Index Cond: (id = 2121874)

table 5 : explain UPDATE sbtest5 SET k=k+1 WHERE id=9588651
	Update on sbtest5  (cost=0.43..8.46 rows=1 width=196)
	  ->  Index Scan using sbtest5_pkey on sbtest5  (cost=0.43..8.46 rows=1 width=196)
	        Index Cond: (id = 9588651)

table 6 : explain UPDATE sbtest6 SET k=k+1 WHERE id=3661616
	Update on sbtest6  (cost=0.43..8.46 rows=1 width=196)
	  ->  Index Scan using sbtest6_pkey on sbtest6  (cost=0.43..8.46 rows=1 width=196)
	        Index Cond: (id = 3661616)

table 7 : explain UPDATE sbtest7 SET k=k+1 WHERE id=9541763
	Update on sbtest7  (cost=0.43..8.46 rows=1 width=196)
	  ->  Index Scan using sbtest7_pkey on sbtest7  (cost=0.43..8.46 rows=1 width=196)
	        Index Cond: (id = 9541763)

table 8 : explain UPDATE sbtest8 SET k=k+1 WHERE id=5222485
	Update on sbtest8  (cost=0.43..8.46 rows=1 width=196)
	  ->  Index Scan using sbtest8_pkey on sbtest8  (cost=0.43..8.46 rows=1 width=196)
	        Index Cond: (id = 5222485)

explain: for point_selects :: explain SELECT c FROM sbtest%u WHERE id=%u
explain: for point_selects :: explain SELECT c FROM sbtest%u WHERE id=%u
for deletes
table 1 : explain DELETE FROM sbtest1 WHERE id=9875378
	Delete on sbtest1  (cost=0.43..8.45 rows=1 width=6)
	  ->  Index Scan using sbtest1_pkey on sbtest1  (cost=0.43..8.45 rows=1 width=6)
	        Index Cond: (id = 9875378)

table 2 : explain DELETE FROM sbtest2 WHERE id=6152260
	Delete on sbtest2  (cost=0.43..8.45 rows=1 width=6)
	  ->  Index Scan using sbtest2_pkey on sbtest2  (cost=0.43..8.45 rows=1 width=6)
	        Index Cond: (id = 6152260)

table 3 : explain DELETE FROM sbtest3 WHERE id=3774289
	Delete on sbtest3  (cost=0.43..8.45 rows=1 width=6)
	  ->  Index Scan using sbtest3_pkey on sbtest3  (cost=0.43..8.45 rows=1 width=6)
	        Index Cond: (id = 3774289)

table 4 : explain DELETE FROM sbtest4 WHERE id=1972689
	Delete on sbtest4  (cost=0.43..8.45 rows=1 width=6)
	  ->  Index Scan using sbtest4_pkey on sbtest4  (cost=0.43..8.45 rows=1 width=6)
	        Index Cond: (id = 1972689)

table 5 : explain DELETE FROM sbtest5 WHERE id=6152718
	Delete on sbtest5  (cost=0.43..8.45 rows=1 width=6)
	  ->  Index Scan using sbtest5_pkey on sbtest5  (cost=0.43..8.45 rows=1 width=6)
	        Index Cond: (id = 6152718)

table 6 : explain DELETE FROM sbtest6 WHERE id=2163184
	Delete on sbtest6  (cost=0.43..8.45 rows=1 width=6)
	  ->  Index Scan using sbtest6_pkey on sbtest6  (cost=0.43..8.45 rows=1 width=6)
	        Index Cond: (id = 2163184)

table 7 : explain DELETE FROM sbtest7 WHERE id=6067251
	Delete on sbtest7  (cost=0.43..8.45 rows=1 width=6)
	  ->  Index Scan using sbtest7_pkey on sbtest7  (cost=0.43..8.45 rows=1 width=6)
	        Index Cond: (id = 6067251)

table 8 : explain DELETE FROM sbtest8 WHERE id=9093622
	Delete on sbtest8  (cost=0.43..8.45 rows=1 width=6)
	  ->  Index Scan using sbtest8_pkey on sbtest8  (cost=0.43..8.45 rows=1 width=6)
	        Index Cond: (id = 9093622)

for: distinct_ranges
table 1 : explain SELECT DISTINCT c FROM sbtest1 WHERE id BETWEEN 9653515 AND 9653614 ORDER BY c
	Unique  (cost=394.54..395.05 rows=102 width=121)
	  ->  Sort  (cost=394.54..394.80 rows=102 width=121)
	        Sort Key: c
	        ->  Index Scan using sbtest1_pkey on sbtest1  (cost=0.43..391.14 rows=102 width=121)
	              Index Cond: ((id >= 9653515) AND (id <= 9653614))

table 2 : explain SELECT DISTINCT c FROM sbtest2 WHERE id BETWEEN 4707821 AND 4707920 ORDER BY c
	Unique  (cost=406.34..406.87 rows=105 width=121)
	  ->  Sort  (cost=406.34..406.60 rows=105 width=121)
	        Sort Key: c
	        ->  Index Scan using sbtest2_pkey on sbtest2  (cost=0.43..402.82 rows=105 width=121)
	              Index Cond: ((id >= 4707821) AND (id <= 4707920))

table 3 : explain SELECT DISTINCT c FROM sbtest3 WHERE id BETWEEN 555207 AND 555306 ORDER BY c
	Unique  (cost=369.54..370.02 rows=96 width=121)
	  ->  Sort  (cost=369.54..369.78 rows=96 width=121)
	        Sort Key: c
	        ->  Index Scan using sbtest3_pkey on sbtest3  (cost=0.43..366.38 rows=96 width=121)
	              Index Cond: ((id >= 555207) AND (id <= 555306))

table 4 : explain SELECT DISTINCT c FROM sbtest4 WHERE id BETWEEN 3242342 AND 3242441 ORDER BY c
	Unique  (cost=380.41..380.90 rows=98 width=121)
	  ->  Sort  (cost=380.41..380.66 rows=98 width=121)
	        Sort Key: c
	        ->  Index Scan using sbtest4_pkey on sbtest4  (cost=0.43..377.17 rows=98 width=121)
	              Index Cond: ((id >= 3242342) AND (id <= 3242441))

table 5 : explain SELECT DISTINCT c FROM sbtest5 WHERE id BETWEEN 2472155 AND 2472254 ORDER BY c
	Unique  (cost=358.90..359.36 rows=93 width=121)
	  ->  Sort  (cost=358.90..359.13 rows=93 width=121)
	        Sort Key: c
	        ->  Index Scan using sbtest5_pkey on sbtest5  (cost=0.43..355.86 rows=93 width=121)
	              Index Cond: ((id >= 2472155) AND (id <= 2472254))

table 6 : explain SELECT DISTINCT c FROM sbtest6 WHERE id BETWEEN 7606362 AND 7606461 ORDER BY c
	Unique  (cost=378.14..378.63 rows=98 width=121)
	  ->  Sort  (cost=378.14..378.38 rows=98 width=121)
	        Sort Key: c
	        ->  Index Scan using sbtest6_pkey on sbtest6  (cost=0.43..374.90 rows=98 width=121)
	              Index Cond: ((id >= 7606362) AND (id <= 7606461))

table 7 : explain SELECT DISTINCT c FROM sbtest7 WHERE id BETWEEN 2510609 AND 2510708 ORDER BY c
	Unique  (cost=377.16..377.64 rows=97 width=121)
	  ->  Sort  (cost=377.16..377.40 rows=97 width=121)
	        Sort Key: c
	        ->  Index Scan using sbtest7_pkey on sbtest7  (cost=0.43..373.96 rows=97 width=121)
	              Index Cond: ((id >= 2510609) AND (id <= 2510708))

table 8 : explain SELECT DISTINCT c FROM sbtest8 WHERE id BETWEEN 4724334 AND 4724433 ORDER BY c
	Unique  (cost=377.07..377.56 rows=97 width=121)
	  ->  Sort  (cost=377.07..377.31 rows=97 width=121)
	        Sort Key: c
	        ->  Index Scan using sbtest8_pkey on sbtest8  (cost=0.43..373.87 rows=97 width=121)
	              Index Cond: ((id >= 4724334) AND (id <= 4724433))

explain: for point_selects :: explain SELECT c FROM sbtest%u WHERE id=%u
explain: for non_index_updates :: explain UPDATE sbtest%u SET c='foobar' WHERE id=%u
explain: for point_selects :: explain SELECT c FROM sbtest%u WHERE id=%u
for: order_ranges
table 1 : explain SELECT c FROM sbtest1 WHERE id BETWEEN 5441364 AND 5441463 ORDER BY c
	Sort  (cost=379.23..379.47 rows=98 width=121)
	  Sort Key: c
	  ->  Index Scan using sbtest1_pkey on sbtest1  (cost=0.43..375.99 rows=98 width=121)
	        Index Cond: ((id >= 5441364) AND (id <= 5441463))

table 2 : explain SELECT c FROM sbtest2 WHERE id BETWEEN 2205068 AND 2205167 ORDER BY c
	Sort  (cost=345.00..345.22 rows=89 width=121)
	  Sort Key: c
	  ->  Index Scan using sbtest2_pkey on sbtest2  (cost=0.43..342.11 rows=89 width=121)
	        Index Cond: ((id >= 2205068) AND (id <= 2205167))

table 3 : explain SELECT c FROM sbtest3 WHERE id BETWEEN 6648845 AND 6648944 ORDER BY c
	Sort  (cost=373.34..373.58 rows=97 width=121)
	  Sort Key: c
	  ->  Index Scan using sbtest3_pkey on sbtest3  (cost=0.43..370.14 rows=97 width=121)
	        Index Cond: ((id >= 6648845) AND (id <= 6648944))

table 4 : explain SELECT c FROM sbtest4 WHERE id BETWEEN 7184881 AND 7184980 ORDER BY c
	Sort  (cost=449.54..449.83 rows=116 width=121)
	  Sort Key: c
	  ->  Index Scan using sbtest4_pkey on sbtest4  (cost=0.43..445.56 rows=116 width=121)
	        Index Cond: ((id >= 7184881) AND (id <= 7184980))

table 5 : explain SELECT c FROM sbtest5 WHERE id BETWEEN 2054391 AND 2054490 ORDER BY c
	Sort  (cost=374.15..374.40 rows=97 width=121)
	  Sort Key: c
	  ->  Index Scan using sbtest5_pkey on sbtest5  (cost=0.43..370.95 rows=97 width=121)
	        Index Cond: ((id >= 2054391) AND (id <= 2054490))

table 6 : explain SELECT c FROM sbtest6 WHERE id BETWEEN 3863278 AND 3863377 ORDER BY c
	Sort  (cost=343.73..343.96 rows=89 width=121)
	  Sort Key: c
	  ->  Index Scan using sbtest6_pkey on sbtest6  (cost=0.43..340.85 rows=89 width=121)
	        Index Cond: ((id >= 3863278) AND (id <= 3863377))

table 7 : explain SELECT c FROM sbtest7 WHERE id BETWEEN 6539873 AND 6539972 ORDER BY c
	Sort  (cost=434.85..435.13 rows=112 width=121)
	  Sort Key: c
	  ->  Index Scan using sbtest7_pkey on sbtest7  (cost=0.43..431.04 rows=112 width=121)
	        Index Cond: ((id >= 6539873) AND (id <= 6539972))

table 8 : explain SELECT c FROM sbtest8 WHERE id BETWEEN 2086460 AND 2086559 ORDER BY c
	Sort  (cost=357.79..358.02 rows=92 width=121)
	  Sort Key: c
	  ->  Index Scan using sbtest8_pkey on sbtest8  (cost=0.43..354.79 rows=92 width=121)
	        Index Cond: ((id >= 2086460) AND (id <= 2086559))

for: order_ranges
table 1 : explain SELECT c FROM sbtest1 WHERE id BETWEEN 6903332 AND 6903431 ORDER BY c
	Sort  (cost=390.71..390.96 rows=101 width=121)
	  Sort Key: c
	  ->  Index Scan using sbtest1_pkey on sbtest1  (cost=0.43..387.35 rows=101 width=121)
	        Index Cond: ((id >= 6903332) AND (id <= 6903431))

table 2 : explain SELECT c FROM sbtest2 WHERE id BETWEEN 9734290 AND 9734389 ORDER BY c
	Sort  (cost=398.68..398.94 rows=103 width=121)
	  Sort Key: c
	  ->  Index Scan using sbtest2_pkey on sbtest2  (cost=0.43..395.23 rows=103 width=121)
	        Index Cond: ((id >= 9734290) AND (id <= 9734389))

table 3 : explain SELECT c FROM sbtest3 WHERE id BETWEEN 6712783 AND 6712882 ORDER BY c
	Sort  (cost=373.34..373.58 rows=97 width=121)
	  Sort Key: c
	  ->  Index Scan using sbtest3_pkey on sbtest3  (cost=0.43..370.14 rows=97 width=121)
	        Index Cond: ((id >= 6712783) AND (id <= 6712882))

table 4 : explain SELECT c FROM sbtest4 WHERE id BETWEEN 6174511 AND 6174610 ORDER BY c
	Sort  (cost=372.74..372.98 rows=96 width=121)
	  Sort Key: c
	  ->  Index Scan using sbtest4_pkey on sbtest4  (cost=0.43..369.57 rows=96 width=121)
	        Index Cond: ((id >= 6174511) AND (id <= 6174610))

table 5 : explain SELECT c FROM sbtest5 WHERE id BETWEEN 4145999 AND 4146098 ORDER BY c
	Sort  (cost=389.41..389.66 rows=101 width=121)
	  Sort Key: c
	  ->  Index Scan using sbtest5_pkey on sbtest5  (cost=0.43..386.05 rows=101 width=121)
	        Index Cond: ((id >= 4145999) AND (id <= 4146098))

table 6 : explain SELECT c FROM sbtest6 WHERE id BETWEEN 2420390 AND 2420489 ORDER BY c
	Sort  (cost=408.67..408.93 rows=106 width=121)
	  Sort Key: c
	  ->  Index Scan using sbtest6_pkey on sbtest6  (cost=0.43..405.10 rows=106 width=121)
	        Index Cond: ((id >= 2420390) AND (id <= 2420489))

table 7 : explain SELECT c FROM sbtest7 WHERE id BETWEEN 6026848 AND 6026947 ORDER BY c
	Sort  (cost=411.77..412.04 rows=106 width=121)
	  Sort Key: c
	  ->  Index Scan using sbtest7_pkey on sbtest7  (cost=0.43..408.21 rows=106 width=121)
	        Index Cond: ((id >= 6026848) AND (id <= 6026947))

table 8 : explain SELECT c FROM sbtest8 WHERE id BETWEEN 1965112 AND 1965211 ORDER BY c
	Sort  (cost=384.76..385.01 rows=99 width=121)
	  Sort Key: c
	  ->  Index Scan using sbtest8_pkey on sbtest8  (cost=0.43..381.48 rows=99 width=121)
	        Index Cond: ((id >= 1965112) AND (id <= 1965211))

for: simple_ranges
table 1 : explain SELECT c FROM sbtest1 WHERE id BETWEEN 6459348 AND 6459447
	Index Scan using sbtest1_pkey on sbtest1  (cost=0.43..353.21 rows=92 width=121)
	  Index Cond: ((id >= 6459348) AND (id <= 6459447))

table 2 : explain SELECT c FROM sbtest2 WHERE id BETWEEN 5277092 AND 5277191
	Index Scan using sbtest2_pkey on sbtest2  (cost=0.43..380.07 rows=99 width=121)
	  Index Cond: ((id >= 5277092) AND (id <= 5277191))

table 3 : explain SELECT c FROM sbtest3 WHERE id BETWEEN 5444811 AND 5444910
	Index Scan using sbtest3_pkey on sbtest3  (cost=0.43..400.27 rows=105 width=121)
	  Index Cond: ((id >= 5444811) AND (id <= 5444910))

table 4 : explain SELECT c FROM sbtest4 WHERE id BETWEEN 522821 AND 522920
	Index Scan using sbtest4_pkey on sbtest4  (cost=0.43..392.37 rows=102 width=121)
	  Index Cond: ((id >= 522821) AND (id <= 522920))

table 5 : explain SELECT c FROM sbtest5 WHERE id BETWEEN 112841 AND 112940
	Index Scan using sbtest5_pkey on sbtest5  (cost=0.43..393.60 rows=103 width=121)
	  Index Cond: ((id >= 112841) AND (id <= 112940))

table 6 : explain SELECT c FROM sbtest6 WHERE id BETWEEN 2062676 AND 2062775
	Index Scan using sbtest6_pkey on sbtest6  (cost=0.43..390.00 rows=102 width=121)
	  Index Cond: ((id >= 2062676) AND (id <= 2062775))

table 7 : explain SELECT c FROM sbtest7 WHERE id BETWEEN 4144029 AND 4144128
	Index Scan using sbtest7_pkey on sbtest7  (cost=0.43..354.87 rows=92 width=121)
	  Index Cond: ((id >= 4144029) AND (id <= 4144128))

table 8 : explain SELECT c FROM sbtest8 WHERE id BETWEEN 2942020 AND 2942119
	Index Scan using sbtest8_pkey on sbtest8  (cost=0.43..385.29 rows=100 width=121)
	  Index Cond: ((id >= 2942020) AND (id <= 2942119))

explain: for index_updates :: explain UPDATE sbtest%u SET k=k+1 WHERE id=%u
explain: for inserts :: explain INSERT INTO sbtest%u (id, k, c, pad) VALUES (%u, 13, 'foobar', 'foobar')
for index_updates
table 1 : explain UPDATE sbtest1 SET k=k+1 WHERE id=949468
	Update on sbtest1  (cost=0.43..8.46 rows=1 width=196)
	  ->  Index Scan using sbtest1_pkey on sbtest1  (cost=0.43..8.46 rows=1 width=196)
	        Index Cond: (id = 949468)

table 2 : explain UPDATE sbtest2 SET k=k+1 WHERE id=9392415
	Update on sbtest2  (cost=0.43..8.46 rows=1 width=196)
	  ->  Index Scan using sbtest2_pkey on sbtest2  (cost=0.43..8.46 rows=1 width=196)
	        Index Cond: (id = 9392415)

table 3 : explain UPDATE sbtest3 SET k=k+1 WHERE id=24764
	Update on sbtest3  (cost=0.43..8.46 rows=1 width=196)
	  ->  Index Scan using sbtest3_pkey on sbtest3  (cost=0.43..8.46 rows=1 width=196)
	        Index Cond: (id = 24764)

table 4 : explain UPDATE sbtest4 SET k=k+1 WHERE id=662989
	Update on sbtest4  (cost=0.43..8.46 rows=1 width=196)
	  ->  Index Scan using sbtest4_pkey on sbtest4  (cost=0.43..8.46 rows=1 width=196)
	        Index Cond: (id = 662989)

table 5 : explain UPDATE sbtest5 SET k=k+1 WHERE id=2515304
	Update on sbtest5  (cost=0.43..8.46 rows=1 width=196)
	  ->  Index Scan using sbtest5_pkey on sbtest5  (cost=0.43..8.46 rows=1 width=196)
	        Index Cond: (id = 2515304)

table 6 : explain UPDATE sbtest6 SET k=k+1 WHERE id=8010900
	Update on sbtest6  (cost=0.43..8.46 rows=1 width=196)
	  ->  Index Scan using sbtest6_pkey on sbtest6  (cost=0.43..8.46 rows=1 width=196)
	        Index Cond: (id = 8010900)

table 7 : explain UPDATE sbtest7 SET k=k+1 WHERE id=2008696
	Update on sbtest7  (cost=0.43..8.46 rows=1 width=196)
	  ->  Index Scan using sbtest7_pkey on sbtest7  (cost=0.43..8.46 rows=1 width=196)
	        Index Cond: (id = 2008696)

table 8 : explain UPDATE sbtest8 SET k=k+1 WHERE id=9214503
	Update on sbtest8  (cost=0.43..8.46 rows=1 width=196)
	  ->  Index Scan using sbtest8_pkey on sbtest8  (cost=0.43..8.46 rows=1 width=196)
	        Index Cond: (id = 9214503)

for: simple_ranges
table 1 : explain SELECT c FROM sbtest1 WHERE id BETWEEN 53288 AND 53387
	Index Scan using sbtest1_pkey on sbtest1  (cost=0.43..391.14 rows=102 width=121)
	  Index Cond: ((id >= 53288) AND (id <= 53387))

table 2 : explain SELECT c FROM sbtest2 WHERE id BETWEEN 1511763 AND 1511862
	Index Scan using sbtest2_pkey on sbtest2  (cost=0.43..391.44 rows=102 width=121)
	  Index Cond: ((id >= 1511763) AND (id <= 1511862))

table 3 : explain SELECT c FROM sbtest3 WHERE id BETWEEN 5799013 AND 5799112
	Index Scan using sbtest3_pkey on sbtest3  (cost=0.43..400.27 rows=105 width=121)
	  Index Cond: ((id >= 5799013) AND (id <= 5799112))

table 4 : explain SELECT c FROM sbtest4 WHERE id BETWEEN 9049393 AND 9049492
	Index Scan using sbtest4_pkey on sbtest4  (cost=0.43..377.17 rows=98 width=121)
	  Index Cond: ((id >= 9049393) AND (id <= 9049492))

table 5 : explain SELECT c FROM sbtest5 WHERE id BETWEEN 2085154 AND 2085253
	Index Scan using sbtest5_pkey on sbtest5  (cost=0.43..370.95 rows=97 width=121)
	  Index Cond: ((id >= 2085154) AND (id <= 2085253))

table 6 : explain SELECT c FROM sbtest6 WHERE id BETWEEN 362335 AND 362434
	Index Scan using sbtest6_pkey on sbtest6  (cost=0.43..390.00 rows=102 width=121)
	  Index Cond: ((id >= 362335) AND (id <= 362434))

table 7 : explain SELECT c FROM sbtest7 WHERE id BETWEEN 6828819 AND 6828918
	Index Scan using sbtest7_pkey on sbtest7  (cost=0.43..385.37 rows=100 width=121)
	  Index Cond: ((id >= 6828819) AND (id <= 6828918))

table 8 : explain SELECT c FROM sbtest8 WHERE id BETWEEN 7297124 AND 7297223
	Index Scan using sbtest8_pkey on sbtest8  (cost=0.43..423.33 rows=110 width=121)
	  Index Cond: ((id >= 7297124) AND (id <= 7297223))

for deletes
table 1 : explain DELETE FROM sbtest1 WHERE id=6809340
	Delete on sbtest1  (cost=0.43..8.45 rows=1 width=6)
	  ->  Index Scan using sbtest1_pkey on sbtest1  (cost=0.43..8.45 rows=1 width=6)
	        Index Cond: (id = 6809340)

table 2 : explain DELETE FROM sbtest2 WHERE id=4526615
	Delete on sbtest2  (cost=0.43..8.45 rows=1 width=6)
	  ->  Index Scan using sbtest2_pkey on sbtest2  (cost=0.43..8.45 rows=1 width=6)
	        Index Cond: (id = 4526615)

table 3 : explain DELETE FROM sbtest3 WHERE id=7211329
	Delete on sbtest3  (cost=0.43..8.45 rows=1 width=6)
	  ->  Index Scan using sbtest3_pkey on sbtest3  (cost=0.43..8.45 rows=1 width=6)
	        Index Cond: (id = 7211329)

table 4 : explain DELETE FROM sbtest4 WHERE id=7311577
	Delete on sbtest4  (cost=0.43..8.45 rows=1 width=6)
	  ->  Index Scan using sbtest4_pkey on sbtest4  (cost=0.43..8.45 rows=1 width=6)
	        Index Cond: (id = 7311577)

table 5 : explain DELETE FROM sbtest5 WHERE id=2560512
	Delete on sbtest5  (cost=0.43..8.45 rows=1 width=6)
	  ->  Index Scan using sbtest5_pkey on sbtest5  (cost=0.43..8.45 rows=1 width=6)
	        Index Cond: (id = 2560512)

table 6 : explain DELETE FROM sbtest6 WHERE id=9595369
	Delete on sbtest6  (cost=0.43..8.45 rows=1 width=6)
	  ->  Index Scan using sbtest6_pkey on sbtest6  (cost=0.43..8.45 rows=1 width=6)
	        Index Cond: (id = 9595369)

table 7 : explain DELETE FROM sbtest7 WHERE id=5753101
	Delete on sbtest7  (cost=0.43..8.45 rows=1 width=6)
	  ->  Index Scan using sbtest7_pkey on sbtest7  (cost=0.43..8.45 rows=1 width=6)
	        Index Cond: (id = 5753101)

table 8 : explain DELETE FROM sbtest8 WHERE id=9371878
	Delete on sbtest8  (cost=0.43..8.45 rows=1 width=6)
	  ->  Index Scan using sbtest8_pkey on sbtest8  (cost=0.43..8.45 rows=1 width=6)
	        Index Cond: (id = 9371878)

for index_updates
table 1 : explain UPDATE sbtest1 SET k=k+1 WHERE id=5179906
	Update on sbtest1  (cost=0.43..8.46 rows=1 width=196)
	  ->  Index Scan using sbtest1_pkey on sbtest1  (cost=0.43..8.46 rows=1 width=196)
	        Index Cond: (id = 5179906)

table 2 : explain UPDATE sbtest2 SET k=k+1 WHERE id=7702362
	Update on sbtest2  (cost=0.43..8.46 rows=1 width=196)
	  ->  Index Scan using sbtest2_pkey on sbtest2  (cost=0.43..8.46 rows=1 width=196)
	        Index Cond: (id = 7702362)

table 3 : explain UPDATE sbtest3 SET k=k+1 WHERE id=3532243
	Update on sbtest3  (cost=0.43..8.46 rows=1 width=196)
	  ->  Index Scan using sbtest3_pkey on sbtest3  (cost=0.43..8.46 rows=1 width=196)
	        Index Cond: (id = 3532243)

table 4 : explain UPDATE sbtest4 SET k=k+1 WHERE id=9441674
	Update on sbtest4  (cost=0.43..8.46 rows=1 width=196)
	  ->  Index Scan using sbtest4_pkey on sbtest4  (cost=0.43..8.46 rows=1 width=196)
	        Index Cond: (id = 9441674)

table 5 : explain UPDATE sbtest5 SET k=k+1 WHERE id=7072553
	Update on sbtest5  (cost=0.43..8.46 rows=1 width=196)
	  ->  Index Scan using sbtest5_pkey on sbtest5  (cost=0.43..8.46 rows=1 width=196)
	        Index Cond: (id = 7072553)

table 6 : explain UPDATE sbtest6 SET k=k+1 WHERE id=6206713
	Update on sbtest6  (cost=0.43..8.46 rows=1 width=196)
	  ->  Index Scan using sbtest6_pkey on sbtest6  (cost=0.43..8.46 rows=1 width=196)
	        Index Cond: (id = 6206713)

table 7 : explain UPDATE sbtest7 SET k=k+1 WHERE id=5761330
	Update on sbtest7  (cost=0.43..8.46 rows=1 width=196)
	  ->  Index Scan using sbtest7_pkey on sbtest7  (cost=0.43..8.46 rows=1 width=196)
	        Index Cond: (id = 5761330)

table 8 : explain UPDATE sbtest8 SET k=k+1 WHERE id=5686896
	Update on sbtest8  (cost=0.43..8.46 rows=1 width=196)
	  ->  Index Scan using sbtest8_pkey on sbtest8  (cost=0.43..8.46 rows=1 width=196)
	        Index Cond: (id = 5686896)

for deletes
table 1 : explain DELETE FROM sbtest1 WHERE id=2044377
	Delete on sbtest1  (cost=0.43..8.45 rows=1 width=6)
	  ->  Index Scan using sbtest1_pkey on sbtest1  (cost=0.43..8.45 rows=1 width=6)
	        Index Cond: (id = 2044377)

table 2 : explain DELETE FROM sbtest2 WHERE id=3281592
	Delete on sbtest2  (cost=0.43..8.45 rows=1 width=6)
	  ->  Index Scan using sbtest2_pkey on sbtest2  (cost=0.43..8.45 rows=1 width=6)
	        Index Cond: (id = 3281592)

table 3 : explain DELETE FROM sbtest3 WHERE id=3883372
	Delete on sbtest3  (cost=0.43..8.45 rows=1 width=6)
	  ->  Index Scan using sbtest3_pkey on sbtest3  (cost=0.43..8.45 rows=1 width=6)
	        Index Cond: (id = 3883372)

table 4 : explain DELETE FROM sbtest4 WHERE id=9399937
	Delete on sbtest4  (cost=0.43..8.45 rows=1 width=6)
	  ->  Index Scan using sbtest4_pkey on sbtest4  (cost=0.43..8.45 rows=1 width=6)
	        Index Cond: (id = 9399937)

table 5 : explain DELETE FROM sbtest5 WHERE id=2530359
	Delete on sbtest5  (cost=0.43..8.45 rows=1 width=6)
	  ->  Index Scan using sbtest5_pkey on sbtest5  (cost=0.43..8.45 rows=1 width=6)
	        Index Cond: (id = 2530359)

table 6 : explain DELETE FROM sbtest6 WHERE id=6984072
	Delete on sbtest6  (cost=0.43..8.45 rows=1 width=6)
	  ->  Index Scan using sbtest6_pkey on sbtest6  (cost=0.43..8.45 rows=1 width=6)
	        Index Cond: (id = 6984072)

table 7 : explain DELETE FROM sbtest7 WHERE id=775555
	Delete on sbtest7  (cost=0.43..8.45 rows=1 width=6)
	  ->  Index Scan using sbtest7_pkey on sbtest7  (cost=0.43..8.45 rows=1 width=6)
	        Index Cond: (id = 775555)

table 8 : explain DELETE FROM sbtest8 WHERE id=9907735
	Delete on sbtest8  (cost=0.43..8.45 rows=1 width=6)
	  ->  Index Scan using sbtest8_pkey on sbtest8  (cost=0.43..8.45 rows=1 width=6)
	        Index Cond: (id = 9907735)

for: distinct_ranges
table 1 : explain SELECT DISTINCT c FROM sbtest1 WHERE id BETWEEN 8964836 AND 8964935 ORDER BY c
	Unique  (cost=386.88..387.38 rows=100 width=121)
	  ->  Sort  (cost=386.88..387.13 rows=100 width=121)
	        Sort Key: c
	        ->  Index Scan using sbtest1_pkey on sbtest1  (cost=0.43..383.56 rows=100 width=121)
	              Index Cond: ((id >= 8964836) AND (id <= 8964935))

table 2 : explain SELECT DISTINCT c FROM sbtest2 WHERE id BETWEEN 3936783 AND 3936882 ORDER BY c
	Unique  (cost=383.36..383.85 rows=99 width=121)
	  ->  Sort  (cost=383.36..383.60 rows=99 width=121)
	        Sort Key: c
	        ->  Index Scan using sbtest2_pkey on sbtest2  (cost=0.43..380.07 rows=99 width=121)
	              Index Cond: ((id >= 3936783) AND (id <= 3936882))

table 3 : explain SELECT DISTINCT c FROM sbtest3 WHERE id BETWEEN 5915780 AND 5915879 ORDER BY c
	Unique  (cost=365.73..366.21 rows=95 width=121)
	  ->  Sort  (cost=365.73..365.97 rows=95 width=121)
	        Sort Key: c
	        ->  Index Scan using sbtest3_pkey on sbtest3  (cost=0.43..362.61 rows=95 width=121)
	              Index Cond: ((id >= 5915780) AND (id <= 5915879))

table 4 : explain SELECT DISTINCT c FROM sbtest4 WHERE id BETWEEN 78292 AND 78391 ORDER BY c
	Unique  (cost=349.64..350.09 rows=90 width=121)
	  ->  Sort  (cost=349.64..349.87 rows=90 width=121)
	        Sort Key: c
	        ->  Index Scan using sbtest4_pkey on sbtest4  (cost=0.43..346.72 rows=90 width=121)
	              Index Cond: ((id >= 78292) AND (id <= 78391))

table 5 : explain SELECT DISTINCT c FROM sbtest5 WHERE id BETWEEN 4241398 AND 4241497 ORDER BY c
	Unique  (cost=465.72..466.32 rows=121 width=121)
	  ->  Sort  (cost=465.72..466.02 rows=121 width=121)
	        Sort Key: c
	        ->  Index Scan using sbtest5_pkey on sbtest5  (cost=0.43..461.53 rows=121 width=121)
	              Index Cond: ((id >= 4241398) AND (id <= 4241497))

table 6 : explain SELECT DISTINCT c FROM sbtest6 WHERE id BETWEEN 719299 AND 719398 ORDER BY c
	Unique  (cost=378.14..378.63 rows=98 width=121)
	  ->  Sort  (cost=378.14..378.38 rows=98 width=121)
	        Sort Key: c
	        ->  Index Scan using sbtest6_pkey on sbtest6  (cost=0.43..374.90 rows=98 width=121)
	              Index Cond: ((id >= 719299) AND (id <= 719398))

table 7 : explain SELECT DISTINCT c FROM sbtest7 WHERE id BETWEEN 8016266 AND 8016365 ORDER BY c
	Unique  (cost=392.54..393.05 rows=101 width=121)
	  ->  Sort  (cost=392.54..392.79 rows=101 width=121)
	        Sort Key: c
	        ->  Index Scan using sbtest7_pkey on sbtest7  (cost=0.43..389.18 rows=101 width=121)
	              Index Cond: ((id >= 8016266) AND (id <= 8016365))

table 8 : explain SELECT DISTINCT c FROM sbtest8 WHERE id BETWEEN 5957614 AND 5957713 ORDER BY c
	Unique  (cost=357.79..358.25 rows=92 width=121)
	  ->  Sort  (cost=357.79..358.02 rows=92 width=121)
	        Sort Key: c
	        ->  Index Scan using sbtest8_pkey on sbtest8  (cost=0.43..354.79 rows=92 width=121)
	              Index Cond: ((id >= 5957614) AND (id <= 5957713))

for non_index_updates
table 1 : explain UPDATE sbtest1 SET c='foobar' WHERE id=2775449
	Update on sbtest1  (cost=0.43..8.45 rows=1 width=559)
	  ->  Index Scan using sbtest1_pkey on sbtest1  (cost=0.43..8.45 rows=1 width=559)
	        Index Cond: (id = 2775449)

table 2 : explain UPDATE sbtest2 SET c='foobar' WHERE id=4958975
	Update on sbtest2  (cost=0.43..8.45 rows=1 width=559)
	  ->  Index Scan using sbtest2_pkey on sbtest2  (cost=0.43..8.45 rows=1 width=559)
	        Index Cond: (id = 4958975)

table 3 : explain UPDATE sbtest3 SET c='foobar' WHERE id=3313815
	Update on sbtest3  (cost=0.43..8.45 rows=1 width=559)
	  ->  Index Scan using sbtest3_pkey on sbtest3  (cost=0.43..8.45 rows=1 width=559)
	        Index Cond: (id = 3313815)

table 4 : explain UPDATE sbtest4 SET c='foobar' WHERE id=1463974
	Update on sbtest4  (cost=0.43..8.45 rows=1 width=559)
	  ->  Index Scan using sbtest4_pkey on sbtest4  (cost=0.43..8.45 rows=1 width=559)
	        Index Cond: (id = 1463974)

table 5 : explain UPDATE sbtest5 SET c='foobar' WHERE id=5443082
	Update on sbtest5  (cost=0.43..8.45 rows=1 width=559)
	  ->  Index Scan using sbtest5_pkey on sbtest5  (cost=0.43..8.45 rows=1 width=559)
	        Index Cond: (id = 5443082)

table 6 : explain UPDATE sbtest6 SET c='foobar' WHERE id=2820771
	Update on sbtest6  (cost=0.43..8.45 rows=1 width=559)
	  ->  Index Scan using sbtest6_pkey on sbtest6  (cost=0.43..8.45 rows=1 width=559)
	        Index Cond: (id = 2820771)

table 7 : explain UPDATE sbtest7 SET c='foobar' WHERE id=8992074
	Update on sbtest7  (cost=0.43..8.45 rows=1 width=559)
	  ->  Index Scan using sbtest7_pkey on sbtest7  (cost=0.43..8.45 rows=1 width=559)
	        Index Cond: (id = 8992074)

table 8 : explain UPDATE sbtest8 SET c='foobar' WHERE id=1530332
	Update on sbtest8  (cost=0.43..8.45 rows=1 width=559)
	  ->  Index Scan using sbtest8_pkey on sbtest8  (cost=0.43..8.45 rows=1 width=559)
	        Index Cond: (id = 1530332)

explain: for non_index_updates :: explain UPDATE sbtest%u SET c='foobar' WHERE id=%u
for inserts
table 1 : explain INSERT INTO sbtest1 (id, k, c, pad) VALUES (9877924, 13, 'foobar', 'foobar')
	Insert on sbtest1  (cost=0.00..0.01 rows=1 width=736)
	  ->  Result  (cost=0.00..0.01 rows=1 width=736)

table 2 : explain INSERT INTO sbtest2 (id, k, c, pad) VALUES (1672850, 13, 'foobar', 'foobar')
	Insert on sbtest2  (cost=0.00..0.01 rows=1 width=736)
	  ->  Result  (cost=0.00..0.01 rows=1 width=736)

table 3 : explain INSERT INTO sbtest3 (id, k, c, pad) VALUES (5840546, 13, 'foobar', 'foobar')
	Insert on sbtest3  (cost=0.00..0.01 rows=1 width=736)
	  ->  Result  (cost=0.00..0.01 rows=1 width=736)

table 4 : explain INSERT INTO sbtest4 (id, k, c, pad) VALUES (8648885, 13, 'foobar', 'foobar')
	Insert on sbtest4  (cost=0.00..0.01 rows=1 width=736)
	  ->  Result  (cost=0.00..0.01 rows=1 width=736)

table 5 : explain INSERT INTO sbtest5 (id, k, c, pad) VALUES (716615, 13, 'foobar', 'foobar')
	Insert on sbtest5  (cost=0.00..0.01 rows=1 width=736)
	  ->  Result  (cost=0.00..0.01 rows=1 width=736)

table 6 : explain INSERT INTO sbtest6 (id, k, c, pad) VALUES (6711235, 13, 'foobar', 'foobar')
	Insert on sbtest6  (cost=0.00..0.01 rows=1 width=736)
	  ->  Result  (cost=0.00..0.01 rows=1 width=736)

table 7 : explain INSERT INTO sbtest7 (id, k, c, pad) VALUES (6107642, 13, 'foobar', 'foobar')
	Insert on sbtest7  (cost=0.00..0.01 rows=1 width=736)
	  ->  Result  (cost=0.00..0.01 rows=1 width=736)

table 8 : explain INSERT INTO sbtest8 (id, k, c, pad) VALUES (1544571, 13, 'foobar', 'foobar')
	Insert on sbtest8  (cost=0.00..0.01 rows=1 width=736)
	  ->  Result  (cost=0.00..0.01 rows=1 width=736)

for: order_ranges
table 1 : explain SELECT c FROM sbtest1 WHERE id BETWEEN 6400800 AND 6400899 ORDER BY c
	Sort  (cost=371.57..371.81 rows=96 width=121)
	  Sort Key: c
	  ->  Index Scan using sbtest1_pkey on sbtest1  (cost=0.43..368.41 rows=96 width=121)
	        Index Cond: ((id >= 6400800) AND (id <= 6400899))

table 2 : explain SELECT c FROM sbtest2 WHERE id BETWEEN 7654414 AND 7654513 ORDER BY c
	Sort  (cost=371.81..372.05 rows=96 width=121)
	  Sort Key: c
	  ->  Index Scan using sbtest2_pkey on sbtest2  (cost=0.43..368.65 rows=96 width=121)
	        Index Cond: ((id >= 7654414) AND (id <= 7654513))

table 3 : explain SELECT c FROM sbtest3 WHERE id BETWEEN 6109268 AND 6109367 ORDER BY c
	Sort  (cost=384.76..385.01 rows=100 width=121)
	  Sort Key: c
	  ->  Index Scan using sbtest3_pkey on sbtest3  (cost=0.43..381.44 rows=100 width=121)
	        Index Cond: ((id >= 6109268) AND (id <= 6109367))

table 4 : explain SELECT c FROM sbtest4 WHERE id BETWEEN 5571373 AND 5571472 ORDER BY c
	Sort  (cost=399.61..399.87 rows=103 width=121)
	  Sort Key: c
	  ->  Index Scan using sbtest4_pkey on sbtest4  (cost=0.43..396.17 rows=103 width=121)
	        Index Cond: ((id >= 5571373) AND (id <= 5571472))

table 5 : explain SELECT c FROM sbtest5 WHERE id BETWEEN 8536586 AND 8536685 ORDER BY c
	Sort  (cost=404.67..404.93 rows=105 width=121)
	  Sort Key: c
	  ->  Index Scan using sbtest5_pkey on sbtest5  (cost=0.43..401.15 rows=105 width=121)
	        Index Cond: ((id >= 8536586) AND (id <= 8536685))

table 6 : explain SELECT c FROM sbtest6 WHERE id BETWEEN 6488812 AND 6488911 ORDER BY c
	Sort  (cost=389.59..389.84 rows=101 width=121)
	  Sort Key: c
	  ->  Index Scan using sbtest6_pkey on sbtest6  (cost=0.43..386.22 rows=101 width=121)
	        Index Cond: ((id >= 6488812) AND (id <= 6488911))

table 7 : explain SELECT c FROM sbtest7 WHERE id BETWEEN 9239165 AND 9239264 ORDER BY c
	Sort  (cost=407.93..408.19 rows=105 width=121)
	  Sort Key: c
	  ->  Index Scan using sbtest7_pkey on sbtest7  (cost=0.43..404.40 rows=105 width=121)
	        Index Cond: ((id >= 9239165) AND (id <= 9239264))

table 8 : explain SELECT c FROM sbtest8 WHERE id BETWEEN 1956311 AND 1956410 ORDER BY c
	Sort  (cost=384.76..385.01 rows=99 width=121)
	  Sort Key: c
	  ->  Index Scan using sbtest8_pkey on sbtest8  (cost=0.43..381.48 rows=99 width=121)
	        Index Cond: ((id >= 1956311) AND (id <= 1956410))

explain: for non_index_updates :: explain UPDATE sbtest%u SET c='foobar' WHERE id=%u
explain: for deletes :: explain DELETE FROM sbtest%u WHERE id=%u
explain: for index_updates :: explain UPDATE sbtest%u SET k=k+1 WHERE id=%u
for index_updates
table 1 : explain UPDATE sbtest1 SET k=k+1 WHERE id=1967766
	Update on sbtest1  (cost=0.43..8.46 rows=1 width=196)
	  ->  Index Scan using sbtest1_pkey on sbtest1  (cost=0.43..8.46 rows=1 width=196)
	        Index Cond: (id = 1967766)

table 2 : explain UPDATE sbtest2 SET k=k+1 WHERE id=4176804
	Update on sbtest2  (cost=0.43..8.46 rows=1 width=196)
	  ->  Index Scan using sbtest2_pkey on sbtest2  (cost=0.43..8.46 rows=1 width=196)
	        Index Cond: (id = 4176804)

table 3 : explain UPDATE sbtest3 SET k=k+1 WHERE id=8685707
	Update on sbtest3  (cost=0.43..8.46 rows=1 width=196)
	  ->  Index Scan using sbtest3_pkey on sbtest3  (cost=0.43..8.46 rows=1 width=196)
	        Index Cond: (id = 8685707)

table 4 : explain UPDATE sbtest4 SET k=k+1 WHERE id=5836924
	Update on sbtest4  (cost=0.43..8.46 rows=1 width=196)
	  ->  Index Scan using sbtest4_pkey on sbtest4  (cost=0.43..8.46 rows=1 width=196)
	        Index Cond: (id = 5836924)

table 5 : explain UPDATE sbtest5 SET k=k+1 WHERE id=5844382
	Update on sbtest5  (cost=0.43..8.46 rows=1 width=196)
	  ->  Index Scan using sbtest5_pkey on sbtest5  (cost=0.43..8.46 rows=1 width=196)
	        Index Cond: (id = 5844382)

table 6 : explain UPDATE sbtest6 SET k=k+1 WHERE id=6837545
	Update on sbtest6  (cost=0.43..8.46 rows=1 width=196)
	  ->  Index Scan using sbtest6_pkey on sbtest6  (cost=0.43..8.46 rows=1 width=196)
	        Index Cond: (id = 6837545)

table 7 : explain UPDATE sbtest7 SET k=k+1 WHERE id=1810054
	Update on sbtest7  (cost=0.43..8.46 rows=1 width=196)
	  ->  Index Scan using sbtest7_pkey on sbtest7  (cost=0.43..8.46 rows=1 width=196)
	        Index Cond: (id = 1810054)

table 8 : explain UPDATE sbtest8 SET k=k+1 WHERE id=6098823
	Update on sbtest8  (cost=0.43..8.46 rows=1 width=196)
	  ->  Index Scan using sbtest8_pkey on sbtest8  (cost=0.43..8.46 rows=1 width=196)
	        Index Cond: (id = 6098823)

explain: for inserts :: explain INSERT INTO sbtest%u (id, k, c, pad) VALUES (%u, 13, 'foobar', 'foobar')
for: distinct_ranges
table 1 : explain SELECT DISTINCT c FROM sbtest1 WHERE id BETWEEN 4371312 AND 4371411 ORDER BY c
	Unique  (cost=379.23..379.72 rows=98 width=121)
	  ->  Sort  (cost=379.23..379.47 rows=98 width=121)
	        Sort Key: c
	        ->  Index Scan using sbtest1_pkey on sbtest1  (cost=0.43..375.99 rows=98 width=121)
	              Index Cond: ((id >= 4371312) AND (id <= 4371411))

table 2 : explain SELECT DISTINCT c FROM sbtest2 WHERE id BETWEEN 1060052 AND 1060151 ORDER BY c
	Unique  (cost=421.67..422.21 rows=109 width=121)
	  ->  Sort  (cost=421.67..421.94 rows=109 width=121)
	        Sort Key: c
	        ->  Index Scan using sbtest2_pkey on sbtest2  (cost=0.43..417.98 rows=109 width=121)
	              Index Cond: ((id >= 1060052) AND (id <= 1060151))

table 3 : explain SELECT DISTINCT c FROM sbtest3 WHERE id BETWEEN 4154371 AND 4154470 ORDER BY c
	Unique  (cost=377.15..377.64 rows=98 width=121)
	  ->  Sort  (cost=377.15..377.39 rows=98 width=121)
	        Sort Key: c
	        ->  Index Scan using sbtest3_pkey on sbtest3  (cost=0.43..373.91 rows=98 width=121)
	              Index Cond: ((id >= 4154371) AND (id <= 4154470))

table 4 : explain SELECT DISTINCT c FROM sbtest4 WHERE id BETWEEN 5945491 AND 5945590 ORDER BY c
	Unique  (cost=391.93..392.44 rows=101 width=121)
	  ->  Sort  (cost=391.93..392.19 rows=101 width=121)
	        Sort Key: c
	        ->  Index Scan using sbtest4_pkey on sbtest4  (cost=0.43..388.57 rows=101 width=121)
	              Index Cond: ((id >= 5945491) AND (id <= 5945590))

table 5 : explain SELECT DISTINCT c FROM sbtest5 WHERE id BETWEEN 9459315 AND 9459414 ORDER BY c
	Unique  (cost=366.53..367.00 rows=95 width=121)
	  ->  Sort  (cost=366.53..366.76 rows=95 width=121)
	        Sort Key: c
	        ->  Index Scan using sbtest5_pkey on sbtest5  (cost=0.43..363.40 rows=95 width=121)
	              Index Cond: ((id >= 9459315) AND (id <= 9459414))

table 6 : explain SELECT DISTINCT c FROM sbtest6 WHERE id BETWEEN 3799773 AND 3799872 ORDER BY c
	Unique  (cost=343.73..344.18 rows=89 width=121)
	  ->  Sort  (cost=343.73..343.96 rows=89 width=121)
	        Sort Key: c
	        ->  Index Scan using sbtest6_pkey on sbtest6  (cost=0.43..340.85 rows=89 width=121)
	              Index Cond: ((id >= 3799773) AND (id <= 3799872))

table 7 : explain SELECT DISTINCT c FROM sbtest7 WHERE id BETWEEN 4845822 AND 4845921 ORDER BY c
	Unique  (cost=404.08..404.60 rows=104 width=121)
	  ->  Sort  (cost=404.08..404.34 rows=104 width=121)
	        Sort Key: c
	        ->  Index Scan using sbtest7_pkey on sbtest7  (cost=0.43..400.60 rows=104 width=121)
	              Index Cond: ((id >= 4845822) AND (id <= 4845921))

table 8 : explain SELECT DISTINCT c FROM sbtest8 WHERE id BETWEEN 6052540 AND 6052639 ORDER BY c
	Unique  (cost=357.79..358.25 rows=92 width=121)
	  ->  Sort  (cost=357.79..358.02 rows=92 width=121)
	        Sort Key: c
	        ->  Index Scan using sbtest8_pkey on sbtest8  (cost=0.43..354.79 rows=92 width=121)
	              Index Cond: ((id >= 6052540) AND (id <= 6052639))

for non_index_updates
table 1 : explain UPDATE sbtest1 SET c='foobar' WHERE id=3792897
	Update on sbtest1  (cost=0.43..8.45 rows=1 width=559)
	  ->  Index Scan using sbtest1_pkey on sbtest1  (cost=0.43..8.45 rows=1 width=559)
	        Index Cond: (id = 3792897)

table 2 : explain UPDATE sbtest2 SET c='foobar' WHERE id=2115325
	Update on sbtest2  (cost=0.43..8.45 rows=1 width=559)
	  ->  Index Scan using sbtest2_pkey on sbtest2  (cost=0.43..8.45 rows=1 width=559)
	        Index Cond: (id = 2115325)

table 3 : explain UPDATE sbtest3 SET c='foobar' WHERE id=840787
	Update on sbtest3  (cost=0.43..8.45 rows=1 width=559)
	  ->  Index Scan using sbtest3_pkey on sbtest3  (cost=0.43..8.45 rows=1 width=559)
	        Index Cond: (id = 840787)

table 4 : explain UPDATE sbtest4 SET c='foobar' WHERE id=7799465
	Update on sbtest4  (cost=0.43..8.45 rows=1 width=559)
	  ->  Index Scan using sbtest4_pkey on sbtest4  (cost=0.43..8.45 rows=1 width=559)
	        Index Cond: (id = 7799465)

table 5 : explain UPDATE sbtest5 SET c='foobar' WHERE id=5427563
	Update on sbtest5  (cost=0.43..8.45 rows=1 width=559)
	  ->  Index Scan using sbtest5_pkey on sbtest5  (cost=0.43..8.45 rows=1 width=559)
	        Index Cond: (id = 5427563)

table 6 : explain UPDATE sbtest6 SET c='foobar' WHERE id=107254
	Update on sbtest6  (cost=0.43..8.45 rows=1 width=559)
	  ->  Index Scan using sbtest6_pkey on sbtest6  (cost=0.43..8.45 rows=1 width=559)
	        Index Cond: (id = 107254)

table 7 : explain UPDATE sbtest7 SET c='foobar' WHERE id=2310596
	Update on sbtest7  (cost=0.43..8.45 rows=1 width=559)
	  ->  Index Scan using sbtest7_pkey on sbtest7  (cost=0.43..8.45 rows=1 width=559)
	        Index Cond: (id = 2310596)

table 8 : explain UPDATE sbtest8 SET c='foobar' WHERE id=8421250
	Update on sbtest8  (cost=0.43..8.45 rows=1 width=559)
	  ->  Index Scan using sbtest8_pkey on sbtest8  (cost=0.43..8.45 rows=1 width=559)
	        Index Cond: (id = 8421250)

for deletes
table 1 : explain DELETE FROM sbtest1 WHERE id=7086451
	Delete on sbtest1  (cost=0.43..8.45 rows=1 width=6)
	  ->  Index Scan using sbtest1_pkey on sbtest1  (cost=0.43..8.45 rows=1 width=6)
	        Index Cond: (id = 7086451)

table 2 : explain DELETE FROM sbtest2 WHERE id=786046
	Delete on sbtest2  (cost=0.43..8.45 rows=1 width=6)
	  ->  Index Scan using sbtest2_pkey on sbtest2  (cost=0.43..8.45 rows=1 width=6)
	        Index Cond: (id = 786046)

table 3 : explain DELETE FROM sbtest3 WHERE id=483531
	Delete on sbtest3  (cost=0.43..8.45 rows=1 width=6)
	  ->  Index Scan using sbtest3_pkey on sbtest3  (cost=0.43..8.45 rows=1 width=6)
	        Index Cond: (id = 483531)

table 4 : explain DELETE FROM sbtest4 WHERE id=8196242
	Delete on sbtest4  (cost=0.43..8.45 rows=1 width=6)
	  ->  Index Scan using sbtest4_pkey on sbtest4  (cost=0.43..8.45 rows=1 width=6)
	        Index Cond: (id = 8196242)

table 5 : explain DELETE FROM sbtest5 WHERE id=5928278
	Delete on sbtest5  (cost=0.43..8.45 rows=1 width=6)
	  ->  Index Scan using sbtest5_pkey on sbtest5  (cost=0.43..8.45 rows=1 width=6)
	        Index Cond: (id = 5928278)

table 6 : explain DELETE FROM sbtest6 WHERE id=1187590
	Delete on sbtest6  (cost=0.43..8.45 rows=1 width=6)
	  ->  Index Scan using sbtest6_pkey on sbtest6  (cost=0.43..8.45 rows=1 width=6)
	        Index Cond: (id = 1187590)

table 7 : explain DELETE FROM sbtest7 WHERE id=402347
	Delete on sbtest7  (cost=0.43..8.45 rows=1 width=6)
	  ->  Index Scan using sbtest7_pkey on sbtest7  (cost=0.43..8.45 rows=1 width=6)
	        Index Cond: (id = 402347)

table 8 : explain DELETE FROM sbtest8 WHERE id=7031722
	Delete on sbtest8  (cost=0.43..8.45 rows=1 width=6)
	  ->  Index Scan using sbtest8_pkey on sbtest8  (cost=0.43..8.45 rows=1 width=6)
	        Index Cond: (id = 7031722)

for: distinct_ranges
table 1 : explain SELECT DISTINCT c FROM sbtest1 WHERE id BETWEEN 2937684 AND 2937783 ORDER BY c
	Unique  (cost=367.75..368.22 rows=95 width=121)
	  ->  Sort  (cost=367.75..367.98 rows=95 width=121)
	        Sort Key: c
	        ->  Index Scan using sbtest1_pkey on sbtest1  (cost=0.43..364.63 rows=95 width=121)
	              Index Cond: ((id >= 2937684) AND (id <= 2937783))

table 2 : explain SELECT DISTINCT c FROM sbtest2 WHERE id BETWEEN 9702784 AND 9702883 ORDER BY c
	Unique  (cost=398.68..399.19 rows=103 width=121)
	  ->  Sort  (cost=398.68..398.94 rows=103 width=121)
	        Sort Key: c
	        ->  Index Scan using sbtest2_pkey on sbtest2  (cost=0.43..395.23 rows=103 width=121)
	              Index Cond: ((id >= 9702784) AND (id <= 9702883))

table 3 : explain SELECT DISTINCT c FROM sbtest3 WHERE id BETWEEN 9726754 AND 9726853 ORDER BY c
	Unique  (cost=399.98..400.50 rows=104 width=121)
	  ->  Sort  (cost=399.98..400.24 rows=104 width=121)
	        Sort Key: c
	        ->  Index Scan using sbtest3_pkey on sbtest3  (cost=0.43..396.50 rows=104 width=121)
	              Index Cond: ((id >= 9726754) AND (id <= 9726853))

table 4 : explain SELECT DISTINCT c FROM sbtest4 WHERE id BETWEEN 8349263 AND 8349362 ORDER BY c
	Unique  (cost=414.98..415.51 rows=107 width=121)
	  ->  Sort  (cost=414.98..415.24 rows=107 width=121)
	        Sort Key: c
	        ->  Index Scan using sbtest4_pkey on sbtest4  (cost=0.43..411.37 rows=107 width=121)
	              Index Cond: ((id >= 8349263) AND (id <= 8349362))

table 5 : explain SELECT DISTINCT c FROM sbtest5 WHERE id BETWEEN 8425306 AND 8425405 ORDER BY c
	Unique  (cost=412.30..412.84 rows=107 width=121)
	  ->  Sort  (cost=412.30..412.57 rows=107 width=121)
	        Sort Key: c
	        ->  Index Scan using sbtest5_pkey on sbtest5  (cost=0.43..408.69 rows=107 width=121)
	              Index Cond: ((id >= 8425306) AND (id <= 8425405))

table 6 : explain SELECT DISTINCT c FROM sbtest6 WHERE id BETWEEN 6403221 AND 6403320 ORDER BY c
	Unique  (cost=347.55..348.00 rows=90 width=121)
	  ->  Sort  (cost=347.55..347.78 rows=90 width=121)
	        Sort Key: c
	        ->  Index Scan using sbtest6_pkey on sbtest6  (cost=0.43..344.63 rows=90 width=121)
	              Index Cond: ((id >= 6403221) AND (id <= 6403320))

table 7 : explain SELECT DISTINCT c FROM sbtest7 WHERE id BETWEEN 6737971 AND 6738070 ORDER BY c
	Unique  (cost=377.16..377.64 rows=97 width=121)
	  ->  Sort  (cost=377.16..377.40 rows=97 width=121)
	        Sort Key: c
	        ->  Index Scan using sbtest7_pkey on sbtest7  (cost=0.43..373.96 rows=97 width=121)
	              Index Cond: ((id >= 6737971) AND (id <= 6738070))

table 8 : explain SELECT DISTINCT c FROM sbtest8 WHERE id BETWEEN 5547112 AND 5547211 ORDER BY c
	Unique  (cost=365.48..365.95 rows=94 width=121)
	  ->  Sort  (cost=365.48..365.72 rows=94 width=121)
	        Sort Key: c
	        ->  Index Scan using sbtest8_pkey on sbtest8  (cost=0.43..362.40 rows=94 width=121)
	              Index Cond: ((id >= 5547112) AND (id <= 5547211))

for non_index_updates
table 1 : explain UPDATE sbtest1 SET c='foobar' WHERE id=3908576
	Update on sbtest1  (cost=0.43..8.45 rows=1 width=559)
	  ->  Index Scan using sbtest1_pkey on sbtest1  (cost=0.43..8.45 rows=1 width=559)
	        Index Cond: (id = 3908576)

table 2 : explain UPDATE sbtest2 SET c='foobar' WHERE id=1846795
	Update on sbtest2  (cost=0.43..8.45 rows=1 width=559)
	  ->  Index Scan using sbtest2_pkey on sbtest2  (cost=0.43..8.45 rows=1 width=559)
	        Index Cond: (id = 1846795)

table 3 : explain UPDATE sbtest3 SET c='foobar' WHERE id=2430253
	Update on sbtest3  (cost=0.43..8.45 rows=1 width=559)
	  ->  Index Scan using sbtest3_pkey on sbtest3  (cost=0.43..8.45 rows=1 width=559)
	        Index Cond: (id = 2430253)

table 4 : explain UPDATE sbtest4 SET c='foobar' WHERE id=9840275
	Update on sbtest4  (cost=0.43..8.45 rows=1 width=559)
	  ->  Index Scan using sbtest4_pkey on sbtest4  (cost=0.43..8.45 rows=1 width=559)
	        Index Cond: (id = 9840275)

table 5 : explain UPDATE sbtest5 SET c='foobar' WHERE id=9340631
	Update on sbtest5  (cost=0.43..8.45 rows=1 width=559)
	  ->  Index Scan using sbtest5_pkey on sbtest5  (cost=0.43..8.45 rows=1 width=559)
	        Index Cond: (id = 9340631)

table 6 : explain UPDATE sbtest6 SET c='foobar' WHERE id=7130613
	Update on sbtest6  (cost=0.43..8.45 rows=1 width=559)
	  ->  Index Scan using sbtest6_pkey on sbtest6  (cost=0.43..8.45 rows=1 width=559)
	        Index Cond: (id = 7130613)

table 7 : explain UPDATE sbtest7 SET c='foobar' WHERE id=9201989
	Update on sbtest7  (cost=0.43..8.45 rows=1 width=559)
	  ->  Index Scan using sbtest7_pkey on sbtest7  (cost=0.43..8.45 rows=1 width=559)
	        Index Cond: (id = 9201989)

table 8 : explain UPDATE sbtest8 SET c='foobar' WHERE id=1531813
	Update on sbtest8  (cost=0.43..8.45 rows=1 width=559)
	  ->  Index Scan using sbtest8_pkey on sbtest8  (cost=0.43..8.45 rows=1 width=559)
	        Index Cond: (id = 1531813)

explain: for inserts :: explain INSERT INTO sbtest%u (id, k, c, pad) VALUES (%u, 13, 'foobar', 'foobar')
for: sum_ranges
table 1 : explain SELECT SUM(k) FROM sbtest1 WHERE id BETWEEN 5790571 AND 5790670
	Aggregate  (cost=414.13..414.14 rows=1 width=8)
	  ->  Index Scan using sbtest1_pkey on sbtest1  (cost=0.43..413.86 rows=108 width=4)
	        Index Cond: ((id >= 5790571) AND (id <= 5790670))

table 2 : explain SELECT SUM(k) FROM sbtest2 WHERE id BETWEEN 7910041 AND 7910140
	Aggregate  (cost=372.68..372.69 rows=1 width=8)
	  ->  Index Scan using sbtest2_pkey on sbtest2  (cost=0.43..372.44 rows=97 width=4)
	        Index Cond: ((id >= 7910041) AND (id <= 7910140))

table 3 : explain SELECT SUM(k) FROM sbtest3 WHERE id BETWEEN 7620393 AND 7620492
	Aggregate  (cost=415.60..415.61 rows=1 width=8)
	  ->  Index Scan using sbtest3_pkey on sbtest3  (cost=0.43..415.33 rows=109 width=4)
	        Index Cond: ((id >= 7620393) AND (id <= 7620492))

table 4 : explain SELECT SUM(k) FROM sbtest4 WHERE id BETWEEN 3477308 AND 3477407
	Aggregate  (cost=331.74..331.75 rows=1 width=8)
	  ->  Index Scan using sbtest4_pkey on sbtest4  (cost=0.43..331.52 rows=86 width=4)
	        Index Cond: ((id >= 3477308) AND (id <= 3477407))

table 5 : explain SELECT SUM(k) FROM sbtest5 WHERE id BETWEEN 2198137 AND 2198236
	Aggregate  (cost=431.62..431.63 rows=1 width=8)
	  ->  Index Scan using sbtest5_pkey on sbtest5  (cost=0.43..431.34 rows=113 width=4)
	        Index Cond: ((id >= 2198137) AND (id <= 2198236))

table 6 : explain SELECT SUM(k) FROM sbtest6 WHERE id BETWEEN 6252585 AND 6252684
	Aggregate  (cost=397.81..397.82 rows=1 width=8)
	  ->  Index Scan using sbtest6_pkey on sbtest6  (cost=0.43..397.55 rows=104 width=4)
	        Index Cond: ((id >= 6252585) AND (id <= 6252684))

table 7 : explain SELECT SUM(k) FROM sbtest7 WHERE id BETWEEN 8031805 AND 8031904
	Aggregate  (cost=389.43..389.44 rows=1 width=8)
	  ->  Index Scan using sbtest7_pkey on sbtest7  (cost=0.43..389.18 rows=101 width=4)
	        Index Cond: ((id >= 8031805) AND (id <= 8031904))

table 8 : explain SELECT SUM(k) FROM sbtest8 WHERE id BETWEEN 374151 AND 374250
	Aggregate  (cost=400.76..400.77 rows=1 width=8)
	  ->  Index Scan using sbtest8_pkey on sbtest8  (cost=0.43..400.50 rows=104 width=4)
	        Index Cond: ((id >= 374151) AND (id <= 374250))

for point_selects
table 1 : explain SELECT c FROM sbtest1 WHERE id=8551240
	Index Scan using sbtest1_pkey on sbtest1  (cost=0.43..8.45 rows=1 width=121)
	  Index Cond: (id = 8551240)

table 2 : explain SELECT c FROM sbtest2 WHERE id=6733001
	Index Scan using sbtest2_pkey on sbtest2  (cost=0.43..8.45 rows=1 width=121)
	  Index Cond: (id = 6733001)

table 3 : explain SELECT c FROM sbtest3 WHERE id=4235167
	Index Scan using sbtest3_pkey on sbtest3  (cost=0.43..8.45 rows=1 width=121)
	  Index Cond: (id = 4235167)

table 4 : explain SELECT c FROM sbtest4 WHERE id=9347843
	Index Scan using sbtest4_pkey on sbtest4  (cost=0.43..8.45 rows=1 width=121)
	  Index Cond: (id = 9347843)

table 5 : explain SELECT c FROM sbtest5 WHERE id=3259696
	Index Scan using sbtest5_pkey on sbtest5  (cost=0.43..8.45 rows=1 width=121)
	  Index Cond: (id = 3259696)

table 6 : explain SELECT c FROM sbtest6 WHERE id=4484662
	Index Scan using sbtest6_pkey on sbtest6  (cost=0.43..8.45 rows=1 width=121)
	  Index Cond: (id = 4484662)

table 7 : explain SELECT c FROM sbtest7 WHERE id=240803
	Index Scan using sbtest7_pkey on sbtest7  (cost=0.43..8.45 rows=1 width=121)
	  Index Cond: (id = 240803)

table 8 : explain SELECT c FROM sbtest8 WHERE id=6421763
	Index Scan using sbtest8_pkey on sbtest8  (cost=0.43..8.45 rows=1 width=121)
	  Index Cond: (id = 6421763)

for point_selects
table 1 : explain SELECT c FROM sbtest1 WHERE id=5172073
	Index Scan using sbtest1_pkey on sbtest1  (cost=0.43..8.45 rows=1 width=121)
	  Index Cond: (id = 5172073)

table 2 : explain SELECT c FROM sbtest2 WHERE id=7104674
	Index Scan using sbtest2_pkey on sbtest2  (cost=0.43..8.45 rows=1 width=121)
	  Index Cond: (id = 7104674)

table 3 : explain SELECT c FROM sbtest3 WHERE id=6388193
	Index Scan using sbtest3_pkey on sbtest3  (cost=0.43..8.45 rows=1 width=121)
	  Index Cond: (id = 6388193)

table 4 : explain SELECT c FROM sbtest4 WHERE id=7821445
	Index Scan using sbtest4_pkey on sbtest4  (cost=0.43..8.45 rows=1 width=121)
	  Index Cond: (id = 7821445)

table 5 : explain SELECT c FROM sbtest5 WHERE id=6157099
	Index Scan using sbtest5_pkey on sbtest5  (cost=0.43..8.45 rows=1 width=121)
	  Index Cond: (id = 6157099)

table 6 : explain SELECT c FROM sbtest6 WHERE id=7403855
	Index Scan using sbtest6_pkey on sbtest6  (cost=0.43..8.45 rows=1 width=121)
	  Index Cond: (id = 7403855)

table 7 : explain SELECT c FROM sbtest7 WHERE id=99231
	Index Scan using sbtest7_pkey on sbtest7  (cost=0.43..8.45 rows=1 width=121)
	  Index Cond: (id = 99231)

table 8 : explain SELECT c FROM sbtest8 WHERE id=6518061
	Index Scan using sbtest8_pkey on sbtest8  (cost=0.43..8.45 rows=1 width=121)
	  Index Cond: (id = 6518061)
explain: for deletes :: explain DELETE FROM sbtest%u WHERE id=%ufor inserts
table 1 : explain INSERT INTO sbtest1 (id, k, c, pad) VALUES (4610941, 13, 'foobar', 'foobar')
	Insert on sbtest1  (cost=0.00..0.01 rows=1 width=736)
	  ->  Result  (cost=0.00..0.01 rows=1 width=736)

table 2 : explain INSERT INTO sbtest2 (id, k, c, pad) VALUES (3857509, 13, 'foobar', 'foobar')
	Insert on sbtest2  (cost=0.00..0.01 rows=1 width=736)
	  ->  Result  (cost=0.00..0.01 rows=1 width=736)

table 3 : explain INSERT INTO sbtest3 (id, k, c, pad) VALUES (3290932, 13, 'foobar', 'foobar')
	Insert on sbtest3  (cost=0.00..0.01 rows=1 width=736)
	  ->  Result  (cost=0.00..0.01 rows=1 width=736)

table 4 : explain INSERT INTO sbtest4 (id, k, c, pad) VALUES (5419879, 13, 'foobar', 'foobar')
	Insert on sbtest4  (cost=0.00..0.01 rows=1 width=736)
	  ->  Result  (cost=0.00..0.01 rows=1 width=736)

table 5 : explain INSERT INTO sbtest5 (id, k, c, pad) VALUES (2809959, 13, 'foobar', 'foobar')
	Insert on sbtest5  (cost=0.00..0.01 rows=1 width=736)
	  ->  Result  (cost=0.00..0.01 rows=1 width=736)

table 6 : explain INSERT INTO sbtest6 (id, k, c, pad) VALUES (7065981, 13, 'foobar', 'foobar')
	Insert on sbtest6  (cost=0.00..0.01 rows=1 width=736)
	  ->  Result  (cost=0.00..0.01 rows=1 width=736)

table 7 : explain INSERT INTO sbtest7 (id, k, c, pad) VALUES (807474, 13, 'foobar', 'foobar')
	Insert on sbtest7  (cost=0.00..0.01 rows=1 width=736)
	  ->  Result  (cost=0.00..0.01 rows=1 width=736)

table 8 : explain INSERT INTO sbtest8 (id, k, c, pad) VALUES (8141011, 13, 'foobar', 'foobar')
	Insert on sbtest8  (cost=0.00..0.01 rows=1 width=736)
	  ->  Result  (cost=0.00..0.01 rows=1 width=736)



explain: for index_updates :: explain UPDATE sbtest%u SET k=k+1 WHERE id=%u
explain: for index_updates :: explain UPDATE sbtest%u SET k=k+1 WHERE id=%u
explain: for deletes :: explain DELETE FROM sbtest%u WHERE id=%u
for point_selects
table 1 : explain SELECT c FROM sbtest1 WHERE id=7163060
	Index Scan using sbtest1_pkey on sbtest1  (cost=0.43..8.45 rows=1 width=121)
	  Index Cond: (id = 7163060)

table 2 : explain SELECT c FROM sbtest2 WHERE id=1878633
	Index Scan using sbtest2_pkey on sbtest2  (cost=0.43..8.45 rows=1 width=121)
	  Index Cond: (id = 1878633)

table 3 : explain SELECT c FROM sbtest3 WHERE id=4990114
	Index Scan using sbtest3_pkey on sbtest3  (cost=0.43..8.45 rows=1 width=121)
	  Index Cond: (id = 4990114)

table 4 : explain SELECT c FROM sbtest4 WHERE id=9575042
	Index Scan using sbtest4_pkey on sbtest4  (cost=0.43..8.45 rows=1 width=121)
	  Index Cond: (id = 9575042)

table 5 : explain SELECT c FROM sbtest5 WHERE id=5385863
	Index Scan using sbtest5_pkey on sbtest5  (cost=0.43..8.45 rows=1 width=121)
	  Index Cond: (id = 5385863)

table 6 : explain SELECT c FROM sbtest6 WHERE id=677794
	Index Scan using sbtest6_pkey on sbtest6  (cost=0.43..8.45 rows=1 width=121)
	  Index Cond: (id = 677794)

table 7 : explain SELECT c FROM sbtest7 WHERE id=3450045
	Index Scan using sbtest7_pkey on sbtest7  (cost=0.43..8.45 rows=1 width=121)
	  Index Cond: (id = 3450045)

table 8 : explain SELECT c FROM sbtest8 WHERE id=8859158
	Index Scan using sbtest8_pkey on sbtest8  (cost=0.43..8.45 rows=1 width=121)
	  Index Cond: (id = 8859158)

for point_selects
table 1 : explain SELECT c FROM sbtest1 WHERE id=4101532
	Index Scan using sbtest1_pkey on sbtest1  (cost=0.43..8.45 rows=1 width=121)
	  Index Cond: (id = 4101532)

table 2 : explain SELECT c FROM sbtest2 WHERE id=5200597
	Index Scan using sbtest2_pkey on sbtest2  (cost=0.43..8.45 rows=1 width=121)
	  Index Cond: (id = 5200597)

table 3 : explain SELECT c FROM sbtest3 WHERE id=8036048
	Index Scan using sbtest3_pkey on sbtest3  (cost=0.43..8.45 rows=1 width=121)
	  Index Cond: (id = 8036048)

table 4 : explain SELECT c FROM sbtest4 WHERE id=8346845
	Index Scan using sbtest4_pkey on sbtest4  (cost=0.43..8.45 rows=1 width=121)
	  Index Cond: (id = 8346845)

table 5 : explain SELECT c FROM sbtest5 WHERE id=6004843
	Index Scan using sbtest5_pkey on sbtest5  (cost=0.43..8.45 rows=1 width=121)
	  Index Cond: (id = 6004843)

table 6 : explain SELECT c FROM sbtest6 WHERE id=7120497
	Index Scan using sbtest6_pkey on sbtest6  (cost=0.43..8.45 rows=1 width=121)
	  Index Cond: (id = 7120497)

table 7 : explain SELECT c FROM sbtest7 WHERE id=148725
	Index Scan using sbtest7_pkey on sbtest7  (cost=0.43..8.45 rows=1 width=121)
	  Index Cond: (id = 148725)

table 8 : explain SELECT c FROM sbtest8 WHERE id=7749496
	Index Scan using sbtest8_pkey on sbtest8  (cost=0.43..8.45 rows=1 width=121)
	  Index Cond: (id = 7749496)

for index_updates
table 1 : explain UPDATE sbtest1 SET k=k+1 WHERE id=8582710
	Update on sbtest1  (cost=0.43..8.46 rows=1 width=196)
	  ->  Index Scan using sbtest1_pkey on sbtest1  (cost=0.43..8.46 rows=1 width=196)
	        Index Cond: (id = 8582710)

table 2 : explain UPDATE sbtest2 SET k=k+1 WHERE id=2017328
	Update on sbtest2  (cost=0.43..8.46 rows=1 width=196)
	  ->  Index Scan using sbtest2_pkey on sbtest2  (cost=0.43..8.46 rows=1 width=196)
	        Index Cond: (id = 2017328)

table 3 : explain UPDATE sbtest3 SET k=k+1 WHERE id=3952701
	Update on sbtest3  (cost=0.43..8.46 rows=1 width=196)
	  ->  Index Scan using sbtest3_pkey on sbtest3  (cost=0.43..8.46 rows=1 width=196)
	        Index Cond: (id = 3952701)

table 4 : explain UPDATE sbtest4 SET k=k+1 WHERE id=65529
	Update on sbtest4  (cost=0.43..8.46 rows=1 width=196)
	  ->  Index Scan using sbtest4_pkey on sbtest4  (cost=0.43..8.46 rows=1 width=196)
	        Index Cond: (id = 65529)

table 5 : explain UPDATE sbtest5 SET k=k+1 WHERE id=9919355
	Update on sbtest5  (cost=0.43..8.46 rows=1 width=196)
	  ->  Index Scan using sbtest5_pkey on sbtest5  (cost=0.43..8.46 rows=1 width=196)
	        Index Cond: (id = 9919355)

table 6 : explain UPDATE sbtest6 SET k=k+1 WHERE id=5109459
	Update on sbtest6  (cost=0.43..8.46 rows=1 width=196)
	  ->  Index Scan using sbtest6_pkey on sbtest6  (cost=0.43..8.46 rows=1 width=196)
	        Index Cond: (id = 5109459)

table 7 : explain UPDATE sbtest7 SET k=k+1 WHERE id=8587960
	Update on sbtest7  (cost=0.43..8.46 rows=1 width=196)
	  ->  Index Scan using sbtest7_pkey on sbtest7  (cost=0.43..8.46 rows=1 width=196)
	        Index Cond: (id = 8587960)

table 8 : explain UPDATE sbtest8 SET k=k+1 WHERE id=8611154
	Update on sbtest8  (cost=0.43..8.46 rows=1 width=196)
	  ->  Index Scan using sbtest8_pkey on sbtest8  (cost=0.43..8.46 rows=1 width=196)
	        Index Cond: (id = 8611154)

for point_selects
table 1 : explain SELECT c FROM sbtest1 WHERE id=2674876
	Index Scan using sbtest1_pkey on sbtest1  (cost=0.43..8.45 rows=1 width=121)
	  Index Cond: (id = 2674876)

table 2 : explain SELECT c FROM sbtest2 WHERE id=8636141
	Index Scan using sbtest2_pkey on sbtest2  (cost=0.43..8.45 rows=1 width=121)
	  Index Cond: (id = 8636141)

table 3 : explain SELECT c FROM sbtest3 WHERE id=6458809
	Index Scan using sbtest3_pkey on sbtest3  (cost=0.43..8.45 rows=1 width=121)
	  Index Cond: (id = 6458809)

table 4 : explain SELECT c FROM sbtest4 WHERE id=25969
	Index Scan using sbtest4_pkey on sbtest4  (cost=0.43..8.45 rows=1 width=121)
	  Index Cond: (id = 25969)

table 5 : explain SELECT c FROM sbtest5 WHERE id=9080673
	Index Scan using sbtest5_pkey on sbtest5  (cost=0.43..8.45 rows=1 width=121)
	  Index Cond: (id = 9080673)

table 6 : explain SELECT c FROM sbtest6 WHERE id=2998230
	Index Scan using sbtest6_pkey on sbtest6  (cost=0.43..8.45 rows=1 width=121)
	  Index Cond: (id = 2998230)

table 7 : explain SELECT c FROM sbtest7 WHERE id=30420
	Index Scan using sbtest7_pkey on sbtest7  (cost=0.43..8.45 rows=1 width=121)
	  Index Cond: (id = 30420)

table 8 : explain SELECT c FROM sbtest8 WHERE id=8092257
	Index Scan using sbtest8_pkey on sbtest8  (cost=0.43..8.45 rows=1 width=121)
	  Index Cond: (id = 8092257)

for: sum_ranges
table 1 : explain SELECT SUM(k) FROM sbtest1 WHERE id BETWEEN 5773830 AND 5773929
	Aggregate  (cost=414.13..414.14 rows=1 width=8)
	  ->  Index Scan using sbtest1_pkey on sbtest1  (cost=0.43..413.86 rows=108 width=4)
	        Index Cond: ((id >= 5773830) AND (id <= 5773929))

table 2 : explain SELECT SUM(k) FROM sbtest2 WHERE id BETWEEN 9902366 AND 9902465
	Aggregate  (cost=361.30..361.31 rows=1 width=8)
	  ->  Index Scan using sbtest2_pkey on sbtest2  (cost=0.43..361.06 rows=94 width=4)
	        Index Cond: ((id >= 9902366) AND (id <= 9902465))

table 3 : explain SELECT SUM(k) FROM sbtest3 WHERE id BETWEEN 5796532 AND 5796631
	Aggregate  (cost=400.53..400.54 rows=1 width=8)
	  ->  Index Scan using sbtest3_pkey on sbtest3  (cost=0.43..400.27 rows=105 width=4)
	        Index Cond: ((id >= 5796532) AND (id <= 5796631))

table 4 : explain SELECT SUM(k) FROM sbtest4 WHERE id BETWEEN 2295703 AND 2295802
	Aggregate  (cost=377.42..377.43 rows=1 width=8)
	  ->  Index Scan using sbtest4_pkey on sbtest4  (cost=0.43..377.17 rows=98 width=4)
	        Index Cond: ((id >= 2295703) AND (id <= 2295802))

table 5 : explain SELECT SUM(k) FROM sbtest5 WHERE id BETWEEN 229342 AND 229441
	Aggregate  (cost=378.75..378.76 rows=1 width=8)
	  ->  Index Scan using sbtest5_pkey on sbtest5  (cost=0.43..378.50 rows=99 width=4)
	        Index Cond: ((id >= 229342) AND (id <= 229441))

table 6 : explain SELECT SUM(k) FROM sbtest6 WHERE id BETWEEN 8525277 AND 8525376
	Aggregate  (cost=356.19..356.20 rows=1 width=8)
	  ->  Index Scan using sbtest6_pkey on sbtest6  (cost=0.43..355.96 rows=93 width=4)
	        Index Cond: ((id >= 8525277) AND (id <= 8525376))

table 7 : explain SELECT SUM(k) FROM sbtest7 WHERE id BETWEEN 3623599 AND 3623698
	Aggregate  (cost=374.20..374.21 rows=1 width=8)
	  ->  Index Scan using sbtest7_pkey on sbtest7  (cost=0.43..373.96 rows=97 width=4)
	        Index Cond: ((id >= 3623599) AND (id <= 3623698))

table 8 : explain SELECT SUM(k) FROM sbtest8 WHERE id BETWEEN 5316653 AND 5316752
	Aggregate  (cost=415.99..416.00 rows=1 width=8)
	  ->  Index Scan using sbtest8_pkey on sbtest8  (cost=0.43..415.72 rows=108 width=4)
	        Index Cond: ((id >= 5316653) AND (id <= 5316752))

for: distinct_ranges
table 1 : explain SELECT DISTINCT c FROM sbtest1 WHERE id BETWEEN 5046642 AND 5046741 ORDER BY c
	Unique  (cost=363.86..364.33 rows=94 width=121)
	  ->  Sort  (cost=363.86..364.10 rows=94 width=121)
	        Sort Key: c
	        ->  Index Scan using sbtest1_pkey on sbtest1  (cost=0.43..360.78 rows=94 width=121)
	              Index Cond: ((id >= 5046642) AND (id <= 5046741))

table 2 : explain SELECT DISTINCT c FROM sbtest2 WHERE id BETWEEN 9789248 AND 9789347 ORDER BY c
	Unique  (cost=367.98..368.45 rows=95 width=121)
	  ->  Sort  (cost=367.98..368.21 rows=95 width=121)
	        Sort Key: c
	        ->  Index Scan using sbtest2_pkey on sbtest2  (cost=0.43..364.86 rows=95 width=121)
	              Index Cond: ((id >= 9789248) AND (id <= 9789347))

table 3 : explain SELECT DISTINCT c FROM sbtest3 WHERE id BETWEEN 3211588 AND 3211687 ORDER BY c
	Unique  (cost=350.51..350.96 rows=91 width=121)
	  ->  Sort  (cost=350.51..350.74 rows=91 width=121)
	        Sort Key: c
	        ->  Index Scan using sbtest3_pkey on sbtest3  (cost=0.43..347.55 rows=91 width=121)
	              Index Cond: ((id >= 3211588) AND (id <= 3211687))

table 4 : explain SELECT DISTINCT c FROM sbtest4 WHERE id BETWEEN 3967025 AND 3967124 ORDER BY c
	Unique  (cost=407.30..407.82 rows=105 width=121)
	  ->  Sort  (cost=407.30..407.56 rows=105 width=121)
	        Sort Key: c
	        ->  Index Scan using sbtest4_pkey on sbtest4  (cost=0.43..403.77 rows=105 width=121)
	              Index Cond: ((id >= 3967025) AND (id <= 3967124))

table 5 : explain SELECT DISTINCT c FROM sbtest5 WHERE id BETWEEN 9028474 AND 9028573 ORDER BY c
	Unique  (cost=389.41..389.92 rows=101 width=121)
	  ->  Sort  (cost=389.41..389.66 rows=101 width=121)
	        Sort Key: c
	        ->  Index Scan using sbtest5_pkey on sbtest5  (cost=0.43..386.05 rows=101 width=121)
	              Index Cond: ((id >= 9028474) AND (id <= 9028573))

table 6 : explain SELECT DISTINCT c FROM sbtest6 WHERE id BETWEEN 4439795 AND 4439894 ORDER BY c
	Unique  (cost=389.59..390.09 rows=101 width=121)
	  ->  Sort  (cost=389.59..389.84 rows=101 width=121)
	        Sort Key: c
	        ->  Index Scan using sbtest6_pkey on sbtest6  (cost=0.43..386.22 rows=101 width=121)
	              Index Cond: ((id >= 4439795) AND (id <= 4439894))

table 7 : explain SELECT DISTINCT c FROM sbtest7 WHERE id BETWEEN 6700931 AND 6701030 ORDER BY c
	Unique  (cost=377.16..377.64 rows=97 width=121)
	  ->  Sort  (cost=377.16..377.40 rows=97 width=121)
	        Sort Key: c
	        ->  Index Scan using sbtest7_pkey on sbtest7  (cost=0.43..373.96 rows=97 width=121)
	              Index Cond: ((id >= 6700931) AND (id <= 6701030))

table 8 : explain SELECT DISTINCT c FROM sbtest8 WHERE id BETWEEN 3719348 AND 3719447 ORDER BY c
	Unique  (cost=407.83..408.36 rows=105 width=121)
	  ->  Sort  (cost=407.83..408.10 rows=105 width=121)
	        Sort Key: c
	        ->  Index Scan using sbtest8_pkey on sbtest8  (cost=0.43..404.31 rows=105 width=121)
	              Index Cond: ((id >= 3719348) AND (id <= 3719447))

explain: for inserts :: explain INSERT INTO sbtest%u (id, k, c, pad) VALUES (%u, 13, 'foobar', 'foobar')
for point_selects
table 1 : explain SELECT c FROM sbtest1 WHERE id=1828039
	Index Scan using sbtest1_pkey on sbtest1  (cost=0.43..8.45 rows=1 width=121)
	  Index Cond: (id = 1828039)

table 2 : explain SELECT c FROM sbtest2 WHERE id=6982025
	Index Scan using sbtest2_pkey on sbtest2  (cost=0.43..8.45 rows=1 width=121)
	  Index Cond: (id = 6982025)

table 3 : explain SELECT c FROM sbtest3 WHERE id=3415277
	Index Scan using sbtest3_pkey on sbtest3  (cost=0.43..8.45 rows=1 width=121)
	  Index Cond: (id = 3415277)

table 4 : explain SELECT c FROM sbtest4 WHERE id=326411
	Index Scan using sbtest4_pkey on sbtest4  (cost=0.43..8.45 rows=1 width=121)
	  Index Cond: (id = 326411)

table 5 : explain SELECT c FROM sbtest5 WHERE id=4928822
	Index Scan using sbtest5_pkey on sbtest5  (cost=0.43..8.45 rows=1 width=121)
	  Index Cond: (id = 4928822)

table 6 : explain SELECT c FROM sbtest6 WHERE id=8888598
	Index Scan using sbtest6_pkey on sbtest6  (cost=0.43..8.45 rows=1 width=121)
	  Index Cond: (id = 8888598)

table 7 : explain SELECT c FROM sbtest7 WHERE id=2269825
	Index Scan using sbtest7_pkey on sbtest7  (cost=0.43..8.45 rows=1 width=121)
	  Index Cond: (id = 2269825)

table 8 : explain SELECT c FROM sbtest8 WHERE id=4163585
	Index Scan using sbtest8_pkey on sbtest8  (cost=0.43..8.45 rows=1 width=121)
	  Index Cond: (id = 4163585)

for inserts
table 1 : explain INSERT INTO sbtest1 (id, k, c, pad) VALUES (8416217, 13, 'foobar', 'foobar')
	Insert on sbtest1  (cost=0.00..0.01 rows=1 width=736)
	  ->  Result  (cost=0.00..0.01 rows=1 width=736)

table 2 : explain INSERT INTO sbtest2 (id, k, c, pad) VALUES (5142117, 13, 'foobar', 'foobar')
	Insert on sbtest2  (cost=0.00..0.01 rows=1 width=736)
	  ->  Result  (cost=0.00..0.01 rows=1 width=736)

table 3 : explain INSERT INTO sbtest3 (id, k, c, pad) VALUES (4101814, 13, 'foobar', 'foobar')
	Insert on sbtest3  (cost=0.00..0.01 rows=1 width=736)
	  ->  Result  (cost=0.00..0.01 rows=1 width=736)

table 4 : explain INSERT INTO sbtest4 (id, k, c, pad) VALUES (9903249, 13, 'foobar', 'foobar')
	Insert on sbtest4  (cost=0.00..0.01 rows=1 width=736)
	  ->  Result  (cost=0.00..0.01 rows=1 width=736)

table 5 : explain INSERT INTO sbtest5 (id, k, c, pad) VALUES (1903146, 13, 'foobar', 'foobar')
	Insert on sbtest5  (cost=0.00..0.01 rows=1 width=736)
	  ->  Result  (cost=0.00..0.01 rows=1 width=736)

table 6 : explain INSERT INTO sbtest6 (id, k, c, pad) VALUES (4795118, 13, 'foobar', 'foobar')
	Insert on sbtest6  (cost=0.00..0.01 rows=1 width=736)
	  ->  Result  (cost=0.00..0.01 rows=1 width=736)

table 7 : explain INSERT INTO sbtest7 (id, k, c, pad) VALUES (2716014, 13, 'foobar', 'foobar')
	Insert on sbtest7  (cost=0.00..0.01 rows=1 width=736)
	  ->  Result  (cost=0.00..0.01 rows=1 width=736)

table 8 : explain INSERT INTO sbtest8 (id, k, c, pad) VALUES (8300974, 13, 'foobar', 'foobar')
	Insert on sbtest8  (cost=0.00..0.01 rows=1 width=736)
	  ->  Result  (cost=0.00..0.01 rows=1 width=736)

explain: for non_index_updates :: explain UPDATE sbtest%u SET c='foobar' WHERE id=%u
for: order_ranges
table 1 : explain SELECT c FROM sbtest1 WHERE id BETWEEN 7109632 AND 7109731 ORDER BY c
	Sort  (cost=352.38..352.61 rows=91 width=121)
	  Sort Key: c
	  ->  Index Scan using sbtest1_pkey on sbtest1  (cost=0.43..349.42 rows=91 width=121)
	        Index Cond: ((id >= 7109632) AND (id <= 7109731))

table 2 : explain SELECT c FROM sbtest2 WHERE id BETWEEN 4396781 AND 4396880 ORDER BY c
	Sort  (cost=398.68..398.94 rows=103 width=121)
	  Sort Key: c
	  ->  Index Scan using sbtest2_pkey on sbtest2  (cost=0.43..395.23 rows=103 width=121)
	        Index Cond: ((id >= 4396781) AND (id <= 4396880))

table 3 : explain SELECT c FROM sbtest3 WHERE id BETWEEN 8293564 AND 8293663 ORDER BY c
	Sort  (cost=380.95..381.20 rows=99 width=121)
	  Sort Key: c
	  ->  Index Scan using sbtest3_pkey on sbtest3  (cost=0.43..377.67 rows=99 width=121)
	        Index Cond: ((id >= 8293564) AND (id <= 8293663))

table 4 : explain SELECT c FROM sbtest4 WHERE id BETWEEN 9941754 AND 9941853 ORDER BY c
	Sort  (cost=391.93..392.19 rows=101 width=121)
	  Sort Key: c
	  ->  Index Scan using sbtest4_pkey on sbtest4  (cost=0.43..388.57 rows=101 width=121)
	        Index Cond: ((id >= 9941754) AND (id <= 9941853))

table 5 : explain SELECT c FROM sbtest5 WHERE id BETWEEN 2550619 AND 2550718 ORDER BY c
	Sort  (cost=412.30..412.57 rows=107 width=121)
	  Sort Key: c
	  ->  Index Scan using sbtest5_pkey on sbtest5  (cost=0.43..408.69 rows=107 width=121)
	        Index Cond: ((id >= 2550619) AND (id <= 2550718))

table 6 : explain SELECT c FROM sbtest6 WHERE id BETWEEN 6585482 AND 6585581 ORDER BY c
	Sort  (cost=366.69..366.93 rows=95 width=121)
	  Sort Key: c
	  ->  Index Scan using sbtest6_pkey on sbtest6  (cost=0.43..363.57 rows=95 width=121)
	        Index Cond: ((id >= 6585482) AND (id <= 6585581))

table 7 : explain SELECT c FROM sbtest7 WHERE id BETWEEN 3362943 AND 3363042 ORDER BY c
	Sort  (cost=400.23..400.49 rows=103 width=121)
	  Sort Key: c
	  ->  Index Scan using sbtest7_pkey on sbtest7  (cost=0.43..396.79 rows=103 width=121)
	        Index Cond: ((id >= 3362943) AND (id <= 3363042))

table 8 : explain SELECT c FROM sbtest8 WHERE id BETWEEN 6594338 AND 6594437 ORDER BY c
	Sort  (cost=396.30..396.55 rows=102 width=121)
	  Sort Key: c
	  ->  Index Scan using sbtest8_pkey on sbtest8  (cost=0.43..392.90 rows=102 width=121)
	        Index Cond: ((id >= 6594338) AND (id <= 6594437))

explain: for index_updates :: explain UPDATE sbtest%u SET k=k+1 WHERE id=%u
for deletes
table 1 : explain DELETE FROM sbtest1 WHERE id=1031407
	Delete on sbtest1  (cost=0.43..8.45 rows=1 width=6)
	  ->  Index Scan using sbtest1_pkey on sbtest1  (cost=0.43..8.45 rows=1 width=6)
	        Index Cond: (id = 1031407)

table 2 : explain DELETE FROM sbtest2 WHERE id=5738668
	Delete on sbtest2  (cost=0.43..8.45 rows=1 width=6)
	  ->  Index Scan using sbtest2_pkey on sbtest2  (cost=0.43..8.45 rows=1 width=6)
	        Index Cond: (id = 5738668)

table 3 : explain DELETE FROM sbtest3 WHERE id=3524676
	Delete on sbtest3  (cost=0.43..8.45 rows=1 width=6)
	  ->  Index Scan using sbtest3_pkey on sbtest3  (cost=0.43..8.45 rows=1 width=6)
	        Index Cond: (id = 3524676)

table 4 : explain DELETE FROM sbtest4 WHERE id=2828507
	Delete on sbtest4  (cost=0.43..8.45 rows=1 width=6)
	  ->  Index Scan using sbtest4_pkey on sbtest4  (cost=0.43..8.45 rows=1 width=6)
	        Index Cond: (id = 2828507)

table 5 : explain DELETE FROM sbtest5 WHERE id=5471087
	Delete on sbtest5  (cost=0.43..8.45 rows=1 width=6)
	  ->  Index Scan using sbtest5_pkey on sbtest5  (cost=0.43..8.45 rows=1 width=6)
	        Index Cond: (id = 5471087)

table 6 : explain DELETE FROM sbtest6 WHERE id=2721715
	Delete on sbtest6  (cost=0.43..8.45 rows=1 width=6)
	  ->  Index Scan using sbtest6_pkey on sbtest6  (cost=0.43..8.45 rows=1 width=6)
	        Index Cond: (id = 2721715)

table 7 : explain DELETE FROM sbtest7 WHERE id=4849730
	Delete on sbtest7  (cost=0.43..8.45 rows=1 width=6)
	  ->  Index Scan using sbtest7_pkey on sbtest7  (cost=0.43..8.45 rows=1 width=6)
	        Index Cond: (id = 4849730)

table 8 : explain DELETE FROM sbtest8 WHERE id=2213320
	Delete on sbtest8  (cost=0.43..8.45 rows=1 width=6)
	  ->  Index Scan using sbtest8_pkey on sbtest8  (cost=0.43..8.45 rows=1 width=6)
	        Index Cond: (id = 2213320)

for inserts
table 1 : explain INSERT INTO sbtest1 (id, k, c, pad) VALUES (2229560, 13, 'foobar', 'foobar')
	Insert on sbtest1  (cost=0.00..0.01 rows=1 width=736)
	  ->  Result  (cost=0.00..0.01 rows=1 width=736)

table 2 : explain INSERT INTO sbtest2 (id, k, c, pad) VALUES (8999982, 13, 'foobar', 'foobar')
	Insert on sbtest2  (cost=0.00..0.01 rows=1 width=736)
	  ->  Result  (cost=0.00..0.01 rows=1 width=736)

table 3 : explain INSERT INTO sbtest3 (id, k, c, pad) VALUES (308726, 13, 'foobar', 'foobar')
	Insert on sbtest3  (cost=0.00..0.01 rows=1 width=736)
	  ->  Result  (cost=0.00..0.01 rows=1 width=736)

table 4 : explain INSERT INTO sbtest4 (id, k, c, pad) VALUES (3964625, 13, 'foobar', 'foobar')
	Insert on sbtest4  (cost=0.00..0.01 rows=1 width=736)
	  ->  Result  (cost=0.00..0.01 rows=1 width=736)

table 5 : explain INSERT INTO sbtest5 (id, k, c, pad) VALUES (3828396, 13, 'foobar', 'foobar')
	Insert on sbtest5  (cost=0.00..0.01 rows=1 width=736)
	  ->  Result  (cost=0.00..0.01 rows=1 width=736)

table 6 : explain INSERT INTO sbtest6 (id, k, c, pad) VALUES (587455, 13, 'foobar', 'foobar')
	Insert on sbtest6  (cost=0.00..0.01 rows=1 width=736)
	  ->  Result  (cost=0.00..0.01 rows=1 width=736)

table 7 : explain INSERT INTO sbtest7 (id, k, c, pad) VALUES (604442, 13, 'foobar', 'foobar')
	Insert on sbtest7  (cost=0.00..0.01 rows=1 width=736)
	  ->  Result  (cost=0.00..0.01 rows=1 width=736)

table 8 : explain INSERT INTO sbtest8 (id, k, c, pad) VALUES (2030591, 13, 'foobar', 'foobar')
	Insert on sbtest8  (cost=0.00..0.01 rows=1 width=736)
	  ->  Result  (cost=0.00..0.01 rows=1 width=736)

for index_updates
table 1 : explain UPDATE sbtest1 SET k=k+1 WHERE id=1814401
	Update on sbtest1  (cost=0.43..8.46 rows=1 width=196)
	  ->  Index Scan using sbtest1_pkey on sbtest1  (cost=0.43..8.46 rows=1 width=196)
	        Index Cond: (id = 1814401)

table 2 : explain UPDATE sbtest2 SET k=k+1 WHERE id=1927838
	Update on sbtest2  (cost=0.43..8.46 rows=1 width=196)
	  ->  Index Scan using sbtest2_pkey on sbtest2  (cost=0.43..8.46 rows=1 width=196)
	        Index Cond: (id = 1927838)

table 3 : explain UPDATE sbtest3 SET k=k+1 WHERE id=7854500
	Update on sbtest3  (cost=0.43..8.46 rows=1 width=196)
	  ->  Index Scan using sbtest3_pkey on sbtest3  (cost=0.43..8.46 rows=1 width=196)
	        Index Cond: (id = 7854500)

table 4 : explain UPDATE sbtest4 SET k=k+1 WHERE id=5551450
	Update on sbtest4  (cost=0.43..8.46 rows=1 width=196)
	  ->  Index Scan using sbtest4_pkey on sbtest4  (cost=0.43..8.46 rows=1 width=196)
	        Index Cond: (id = 5551450)

table 5 : explain UPDATE sbtest5 SET k=k+1 WHERE id=489798
	Update on sbtest5  (cost=0.43..8.46 rows=1 width=196)
	  ->  Index Scan using sbtest5_pkey on sbtest5  (cost=0.43..8.46 rows=1 width=196)
	        Index Cond: (id = 489798)

table 6 : explain UPDATE sbtest6 SET k=k+1 WHERE id=8453629
	Update on sbtest6  (cost=0.43..8.46 rows=1 width=196)
	  ->  Index Scan using sbtest6_pkey on sbtest6  (cost=0.43..8.46 rows=1 width=196)
	        Index Cond: (id = 8453629)

table 7 : explain UPDATE sbtest7 SET k=k+1 WHERE id=9215886
	Update on sbtest7  (cost=0.43..8.46 rows=1 width=196)
	  ->  Index Scan using sbtest7_pkey on sbtest7  (cost=0.43..8.46 rows=1 width=196)
	        Index Cond: (id = 9215886)

table 8 : explain UPDATE sbtest8 SET k=k+1 WHERE id=929981
	Update on sbtest8  (cost=0.43..8.46 rows=1 width=196)
	  ->  Index Scan using sbtest8_pkey on sbtest8  (cost=0.43..8.46 rows=1 width=196)
	        Index Cond: (id = 929981)

for index_updates
table 1 : explain UPDATE sbtest1 SET k=k+1 WHERE id=8941945
	Update on sbtest1  (cost=0.43..8.46 rows=1 width=196)
	  ->  Index Scan using sbtest1_pkey on sbtest1  (cost=0.43..8.46 rows=1 width=196)
	        Index Cond: (id = 8941945)

table 2 : explain UPDATE sbtest2 SET k=k+1 WHERE id=4070757
	Update on sbtest2  (cost=0.43..8.46 rows=1 width=196)
	  ->  Index Scan using sbtest2_pkey on sbtest2  (cost=0.43..8.46 rows=1 width=196)
	        Index Cond: (id = 4070757)

table 3 : explain UPDATE sbtest3 SET k=k+1 WHERE id=3872363
	Update on sbtest3  (cost=0.43..8.46 rows=1 width=196)
	  ->  Index Scan using sbtest3_pkey on sbtest3  (cost=0.43..8.46 rows=1 width=196)
	        Index Cond: (id = 3872363)

table 4 : explain UPDATE sbtest4 SET k=k+1 WHERE id=5184913
	Update on sbtest4  (cost=0.43..8.46 rows=1 width=196)
	  ->  Index Scan using sbtest4_pkey on sbtest4  (cost=0.43..8.46 rows=1 width=196)
	        Index Cond: (id = 5184913)

table 5 : explain UPDATE sbtest5 SET k=k+1 WHERE id=3927574
	Update on sbtest5  (cost=0.43..8.46 rows=1 width=196)
	  ->  Index Scan using sbtest5_pkey on sbtest5  (cost=0.43..8.46 rows=1 width=196)
	        Index Cond: (id = 3927574)

table 6 : explain UPDATE sbtest6 SET k=k+1 WHERE id=563485
	Update on sbtest6  (cost=0.43..8.46 rows=1 width=196)
	  ->  Index Scan using sbtest6_pkey on sbtest6  (cost=0.43..8.46 rows=1 width=196)
	        Index Cond: (id = 563485)

table 7 : explain UPDATE sbtest7 SET k=k+1 WHERE id=884376
	Update on sbtest7  (cost=0.43..8.46 rows=1 width=196)
	  ->  Index Scan using sbtest7_pkey on sbtest7  (cost=0.43..8.46 rows=1 width=196)
	        Index Cond: (id = 884376)

table 8 : explain UPDATE sbtest8 SET k=k+1 WHERE id=8422352
	Update on sbtest8  (cost=0.43..8.46 rows=1 width=196)
	  ->  Index Scan using sbtest8_pkey on sbtest8  (cost=0.43..8.46 rows=1 width=196)
	        Index Cond: (id = 8422352)

for: simple_ranges
table 1 : explain SELECT c FROM sbtest1 WHERE id BETWEEN 4803617 AND 4803716
	Index Scan using sbtest1_pkey on sbtest1  (cost=0.43..372.20 rows=97 width=121)
	  Index Cond: ((id >= 4803617) AND (id <= 4803716))

table 2 : explain SELECT c FROM sbtest2 WHERE id BETWEEN 2607187 AND 2607286
	Index Scan using sbtest2_pkey on sbtest2  (cost=0.43..364.86 rows=95 width=121)
	  Index Cond: ((id >= 2607187) AND (id <= 2607286))

table 3 : explain SELECT c FROM sbtest3 WHERE id BETWEEN 2696072 AND 2696171
	Index Scan using sbtest3_pkey on sbtest3  (cost=0.43..370.14 rows=97 width=121)
	  Index Cond: ((id >= 2696072) AND (id <= 2696171))

table 4 : explain SELECT c FROM sbtest4 WHERE id BETWEEN 4295353 AND 4295452
	Index Scan using sbtest4_pkey on sbtest4  (cost=0.43..365.77 rows=95 width=121)
	  Index Cond: ((id >= 4295353) AND (id <= 4295452))

table 5 : explain SELECT c FROM sbtest5 WHERE id BETWEEN 8042321 AND 8042420
	Index Scan using sbtest5_pkey on sbtest5  (cost=0.43..378.50 rows=99 width=121)
	  Index Cond: ((id >= 8042321) AND (id <= 8042420))

table 6 : explain SELECT c FROM sbtest6 WHERE id BETWEEN 7692732 AND 7692831
	Index Scan using sbtest6_pkey on sbtest6  (cost=0.43..374.90 rows=98 width=121)
	  Index Cond: ((id >= 7692732) AND (id <= 7692831))

table 7 : explain SELECT c FROM sbtest7 WHERE id BETWEEN 3154828 AND 3154927
	Index Scan using sbtest7_pkey on sbtest7  (cost=0.43..366.35 rows=95 width=121)
	  Index Cond: ((id >= 3154828) AND (id <= 3154927))

table 8 : explain SELECT c FROM sbtest8 WHERE id BETWEEN 7131709 AND 7131808
	Index Scan using sbtest8_pkey on sbtest8  (cost=0.43..381.48 rows=99 width=121)
	  Index Cond: ((id >= 7131709) AND (id <= 7131808))

for: order_ranges
table 1 : explain SELECT c FROM sbtest1 WHERE id BETWEEN 9237327 AND 9237426 ORDER BY c
	Sort  (cost=386.88..387.13 rows=100 width=121)
	  Sort Key: c
	  ->  Index Scan using sbtest1_pkey on sbtest1  (cost=0.43..383.56 rows=100 width=121)
	        Index Cond: ((id >= 9237327) AND (id <= 9237426))

table 2 : explain SELECT c FROM sbtest2 WHERE id BETWEEN 7141375 AND 7141474 ORDER BY c
	Sort  (cost=391.02..391.27 rows=101 width=121)
	  Sort Key: c
	  ->  Index Scan using sbtest2_pkey on sbtest2  (cost=0.43..387.65 rows=101 width=121)
	        Index Cond: ((id >= 7141375) AND (id <= 7141474))

table 3 : explain SELECT c FROM sbtest3 WHERE id BETWEEN 1966821 AND 1966920 ORDER BY c
	Sort  (cost=399.98..400.24 rows=104 width=121)
	  Sort Key: c
	  ->  Index Scan using sbtest3_pkey on sbtest3  (cost=0.43..396.50 rows=104 width=121)
	        Index Cond: ((id >= 1966821) AND (id <= 1966920))

table 4 : explain SELECT c FROM sbtest4 WHERE id BETWEEN 5595769 AND 5595868 ORDER BY c
	Sort  (cost=399.61..399.87 rows=103 width=121)
	  Sort Key: c
	  ->  Index Scan using sbtest4_pkey on sbtest4  (cost=0.43..396.17 rows=103 width=121)
	        Index Cond: ((id >= 5595769) AND (id <= 5595868))

table 5 : explain SELECT c FROM sbtest5 WHERE id BETWEEN 8378982 AND 8379081 ORDER BY c
	Sort  (cost=412.30..412.57 rows=107 width=121)
	  Sort Key: c
	  ->  Index Scan using sbtest5_pkey on sbtest5  (cost=0.43..408.69 rows=107 width=121)
	        Index Cond: ((id >= 8378982) AND (id <= 8379081))

table 6 : explain SELECT c FROM sbtest6 WHERE id BETWEEN 4231193 AND 4231292 ORDER BY c
	Sort  (cost=393.40..393.66 rows=102 width=121)
	  Sort Key: c
	  ->  Index Scan using sbtest6_pkey on sbtest6  (cost=0.43..390.00 rows=102 width=121)
	        Index Cond: ((id >= 4231193) AND (id <= 4231292))

table 7 : explain SELECT c FROM sbtest7 WHERE id BETWEEN 7562361 AND 7562460 ORDER BY c
	Sort  (cost=400.23..400.49 rows=103 width=121)
	  Sort Key: c
	  ->  Index Scan using sbtest7_pkey on sbtest7  (cost=0.43..396.79 rows=103 width=121)
	        Index Cond: ((id >= 7562361) AND (id <= 7562460))

table 8 : explain SELECT c FROM sbtest8 WHERE id BETWEEN 6608798 AND 6608897 ORDER BY c
	Sort  (cost=396.30..396.55 rows=102 width=121)
	  Sort Key: c
	  ->  Index Scan using sbtest8_pkey on sbtest8  (cost=0.43..392.90 rows=102 width=121)
	        Index Cond: ((id >= 6608798) AND (id <= 6608897))

for: simple_ranges
table 1 : explain SELECT c FROM sbtest1 WHERE id BETWEEN 7463544 AND 7463643
	Index Scan using sbtest1_pkey on sbtest1  (cost=0.43..387.35 rows=101 width=121)
	  Index Cond: ((id >= 7463544) AND (id <= 7463643))

table 2 : explain SELECT c FROM sbtest2 WHERE id BETWEEN 4189140 AND 4189239
	Index Scan using sbtest2_pkey on sbtest2  (cost=0.43..364.86 rows=95 width=121)
	  Index Cond: ((id >= 4189140) AND (id <= 4189239))

table 3 : explain SELECT c FROM sbtest3 WHERE id BETWEEN 3503496 AND 3503595
	Index Scan using sbtest3_pkey on sbtest3  (cost=0.43..388.97 rows=102 width=121)
	  Index Cond: ((id >= 3503496) AND (id <= 3503595))

table 4 : explain SELECT c FROM sbtest4 WHERE id BETWEEN 6191897 AND 6191996
	Index Scan using sbtest4_pkey on sbtest4  (cost=0.43..369.57 rows=96 width=121)
	  Index Cond: ((id >= 6191897) AND (id <= 6191996))

table 5 : explain SELECT c FROM sbtest5 WHERE id BETWEEN 5889174 AND 5889273
	Index Scan using sbtest5_pkey on sbtest5  (cost=0.43..378.50 rows=99 width=121)
	  Index Cond: ((id >= 5889174) AND (id <= 5889273))

table 6 : explain SELECT c FROM sbtest6 WHERE id BETWEEN 9984743 AND 9984842
	Index Scan using sbtest6_pkey on sbtest6  (cost=0.43..378.67 rows=99 width=121)
	  Index Cond: ((id >= 9984743) AND (id <= 9984842))

table 7 : explain SELECT c FROM sbtest7 WHERE id BETWEEN 6066998 AND 6067097
	Index Scan using sbtest7_pkey on sbtest7  (cost=0.43..415.82 rows=108 width=121)
	  Index Cond: ((id >= 6066998) AND (id <= 6067097))

table 8 : explain SELECT c FROM sbtest8 WHERE id BETWEEN 9945760 AND 9945859
	Index Scan using sbtest8_pkey on sbtest8  (cost=0.43..389.09 rows=101 width=121)
	  Index Cond: ((id >= 9945760) AND (id <= 9945859))
for: simple_ranges
table 1 : explain SELECT c FROM sbtest1 WHERE id BETWEEN 9779111 AND 9779210
	Index Scan using sbtest1_pkey on sbtest1  (cost=0.43..398.71 rows=104 width=121)
	  Index Cond: ((id >= 9779111) AND (id <= 9779210))

table 2 : explain SELECT c FROM sbtest2 WHERE id BETWEEN 2313112 AND 2313211
	Index Scan using sbtest2_pkey on sbtest2  (cost=0.43..406.61 rows=106 width=121)
	  Index Cond: ((id >= 2313112) AND (id <= 2313211))

table 3 : explain SELECT c FROM sbtest3 WHERE id BETWEEN 453928 AND 454027
	Index Scan using sbtest3_pkey on sbtest3  (cost=0.43..373.91 rows=98 width=121)
	  Index Cond: ((id >= 453928) AND (id <= 454027))

table 4 : explain SELECT c FROM sbtest4 WHERE id BETWEEN 2107763 AND 2107862
	Index Scan using sbtest4_pkey on sbtest4  (cost=0.43..388.57 rows=101 width=121)
	  Index Cond: ((id >= 2107763) AND (id <= 2107862))

table 5 : explain SELECT c FROM sbtest5 WHERE id BETWEEN 7113779 AND 7113878
	Index Scan using sbtest5_pkey on sbtest5  (cost=0.43..352.08 rows=92 width=121)
	  Index Cond: ((id >= 7113779) AND (id <= 7113878))

table 6 : explain SELECT c FROM sbtest6 WHERE id BETWEEN 2104180 AND 2104279
	Index Scan using sbtest6_pkey on sbtest6  (cost=0.43..397.55 rows=104 width=121)
	  Index Cond: ((id >= 2104180) AND (id <= 2104279))

table 7 : explain SELECT c FROM sbtest7 WHERE id BETWEEN 4756432 AND 4756531
	Index Scan using sbtest7_pkey on sbtest7  (cost=0.43..385.37 rows=100 width=121)
	  Index Cond: ((id >= 4756432) AND (id <= 4756531))

table 8 : explain SELECT c FROM sbtest8 WHERE id BETWEEN 2712924 AND 2713023
	Index Scan using sbtest8_pkey on sbtest8  (cost=0.43..370.01 rows=96 width=121)
	  Index Cond: ((id >= 2712924) AND (id <= 2713023))


for: simple_ranges
table 1 : explain SELECT c FROM sbtest1 WHERE id BETWEEN 3698678 AND 3698777
	Index Scan using sbtest1_pkey on sbtest1  (cost=0.43..387.35 rows=101 width=121)
	  Index Cond: ((id >= 3698678) AND (id <= 3698777))

table 2 : explain SELECT c FROM sbtest2 WHERE id BETWEEN 9197692 AND 9197791
	Index Scan using sbtest2_pkey on sbtest2  (cost=0.43..414.19 rows=108 width=121)
	  Index Cond: ((id >= 9197692) AND (id <= 9197791))

table 3 : explain SELECT c FROM sbtest3 WHERE id BETWEEN 1500363 AND 1500462
	Index Scan using sbtest3_pkey on sbtest3  (cost=0.43..351.31 rows=92 width=121)
	  Index Cond: ((id >= 1500363) AND (id <= 1500462))

table 4 : explain SELECT c FROM sbtest4 WHERE id BETWEEN 811946 AND 812045
	Index Scan using sbtest4_pkey on sbtest4  (cost=0.43..369.57 rows=96 width=121)
	  Index Cond: ((id >= 811946) AND (id <= 812045))

table 5 : explain SELECT c FROM sbtest5 WHERE id BETWEEN 7039079 AND 7039178
	Index Scan using sbtest5_pkey on sbtest5  (cost=0.43..416.24 rows=109 width=121)
	  Index Cond: ((id >= 7039079) AND (id <= 7039178))

table 6 : explain SELECT c FROM sbtest6 WHERE id BETWEEN 2289903 AND 2290002
	Index Scan using sbtest6_pkey on sbtest6  (cost=0.43..344.63 rows=90 width=121)
	  Index Cond: ((id >= 2289903) AND (id <= 2290002))

table 7 : explain SELECT c FROM sbtest7 WHERE id BETWEEN 5811074 AND 5811173
	Index Scan using sbtest7_pkey on sbtest7  (cost=0.43..396.79 rows=103 width=121)
	  Index Cond: ((id >= 5811074) AND (id <= 5811173))

table 8 : explain SELECT c FROM sbtest8 WHERE id BETWEEN 6426280 AND 6426379
	Index Scan using sbtest8_pkey on sbtest8  (cost=0.43..343.38 rows=89 width=121)
	  Index Cond: ((id >= 6426280) AND (id <= 6426379))

explain: for point_selects :: explain SELECT c FROM sbtest%u WHERE id=%u
explain: for non_index_updates :: explain UPDATE sbtest%u SET c='foobar' WHERE id=%u
for: simple_ranges
table 1 : explain SELECT c FROM sbtest1 WHERE id BETWEEN 4505219 AND 4505318
	Index Scan using sbtest1_pkey on sbtest1  (cost=0.43..398.71 rows=104 width=121)
	  Index Cond: ((id >= 4505219) AND (id <= 4505318))

table 2 : explain SELECT c FROM sbtest2 WHERE id BETWEEN 824566 AND 824665
	Index Scan using sbtest2_pkey on sbtest2  (cost=0.43..387.65 rows=101 width=121)
	  Index Cond: ((id >= 824566) AND (id <= 824665))

table 3 : explain SELECT c FROM sbtest3 WHERE id BETWEEN 5527498 AND 5527597
	Index Scan using sbtest3_pkey on sbtest3  (cost=0.43..362.61 rows=95 width=121)
	  Index Cond: ((id >= 5527498) AND (id <= 5527597))

table 4 : explain SELECT c FROM sbtest4 WHERE id BETWEEN 3448472 AND 3448571
	Index Scan using sbtest4_pkey on sbtest4  (cost=0.43..331.52 rows=86 width=121)
	  Index Cond: ((id >= 3448472) AND (id <= 3448571))

table 5 : explain SELECT c FROM sbtest5 WHERE id BETWEEN 8000558 AND 8000657
	Index Scan using sbtest5_pkey on sbtest5  (cost=0.43..378.50 rows=99 width=121)
	  Index Cond: ((id >= 8000558) AND (id <= 8000657))

table 6 : explain SELECT c FROM sbtest6 WHERE id BETWEEN 4686321 AND 4686420
	Index Scan using sbtest6_pkey on sbtest6  (cost=0.43..390.00 rows=102 width=121)
	  Index Cond: ((id >= 4686321) AND (id <= 4686420))

table 7 : explain SELECT c FROM sbtest7 WHERE id BETWEEN 5197132 AND 5197231
	Index Scan using sbtest7_pkey on sbtest7  (cost=0.43..434.85 rows=113 width=121)
	  Index Cond: ((id >= 5197132) AND (id <= 5197231))

table 8 : explain SELECT c FROM sbtest8 WHERE id BETWEEN 4041580 AND 4041679
	Index Scan using sbtest8_pkey on sbtest8  (cost=0.43..366.21 rows=95 width=121)
	  Index Cond: ((id >= 4041580) AND (id <= 4041679))

explain: for inserts :: explain INSERT INTO sbtest%u (id, k, c, pad) VALUES (%u, 13, 'foobar', 'foobar')
for non_index_updates
table 1 : explain UPDATE sbtest1 SET c='foobar' WHERE id=5901992
	Update on sbtest1  (cost=0.43..8.45 rows=1 width=559)
	  ->  Index Scan using sbtest1_pkey on sbtest1  (cost=0.43..8.45 rows=1 width=559)
	        Index Cond: (id = 5901992)

table 2 : explain UPDATE sbtest2 SET c='foobar' WHERE id=4431267
	Update on sbtest2  (cost=0.43..8.45 rows=1 width=559)
	  ->  Index Scan using sbtest2_pkey on sbtest2  (cost=0.43..8.45 rows=1 width=559)
	        Index Cond: (id = 4431267)

table 3 : explain UPDATE sbtest3 SET c='foobar' WHERE id=7425497
	Update on sbtest3  (cost=0.43..8.45 rows=1 width=559)
	  ->  Index Scan using sbtest3_pkey on sbtest3  (cost=0.43..8.45 rows=1 width=559)
	        Index Cond: (id = 7425497)

table 4 : explain UPDATE sbtest4 SET c='foobar' WHERE id=1975026
	Update on sbtest4  (cost=0.43..8.45 rows=1 width=559)
	  ->  Index Scan using sbtest4_pkey on sbtest4  (cost=0.43..8.45 rows=1 width=559)
	        Index Cond: (id = 1975026)

table 5 : explain UPDATE sbtest5 SET c='foobar' WHERE id=5026656
	Update on sbtest5  (cost=0.43..8.45 rows=1 width=559)
	  ->  Index Scan using sbtest5_pkey on sbtest5  (cost=0.43..8.45 rows=1 width=559)
	        Index Cond: (id = 5026656)

table 6 : explain UPDATE sbtest6 SET c='foobar' WHERE id=8175759
	Update on sbtest6  (cost=0.43..8.45 rows=1 width=559)
	  ->  Index Scan using sbtest6_pkey on sbtest6  (cost=0.43..8.45 rows=1 width=559)
	        Index Cond: (id = 8175759)

table 7 : explain UPDATE sbtest7 SET c='foobar' WHERE id=6248091
	Update on sbtest7  (cost=0.43..8.45 rows=1 width=559)
	  ->  Index Scan using sbtest7_pkey on sbtest7  (cost=0.43..8.45 rows=1 width=559)
	        Index Cond: (id = 6248091)

table 8 : explain UPDATE sbtest8 SET c='foobar' WHERE id=5439543
	Update on sbtest8  (cost=0.43..8.45 rows=1 width=559)
	  ->  Index Scan using sbtest8_pkey on sbtest8  (cost=0.43..8.45 rows=1 width=559)
	        Index Cond: (id = 5439543)

explain: for non_index_updates :: explain UPDATE sbtest%u SET c='foobar' WHERE id=%u
for: simple_ranges
table 1 : explain SELECT c FROM sbtest1 WHERE id BETWEEN 3801780 AND 3801879
	Index Scan using sbtest1_pkey on sbtest1  (cost=0.43..398.71 rows=104 width=121)
	  Index Cond: ((id >= 3801780) AND (id <= 3801879))

table 2 : explain SELECT c FROM sbtest2 WHERE id BETWEEN 8393258 AND 8393357
	Index Scan using sbtest2_pkey on sbtest2  (cost=0.43..345.90 rows=90 width=121)
	  Index Cond: ((id >= 8393258) AND (id <= 8393357))

table 3 : explain SELECT c FROM sbtest3 WHERE id BETWEEN 6486844 AND 6486943
	Index Scan using sbtest3_pkey on sbtest3  (cost=0.43..396.50 rows=104 width=121)
	  Index Cond: ((id >= 6486844) AND (id <= 6486943))

table 4 : explain SELECT c FROM sbtest4 WHERE id BETWEEN 8179596 AND 8179695
	Index Scan using sbtest4_pkey on sbtest4  (cost=0.43..365.77 rows=95 width=121)
	  Index Cond: ((id >= 8179596) AND (id <= 8179695))

table 5 : explain SELECT c FROM sbtest5 WHERE id BETWEEN 5832034 AND 5832133
	Index Scan using sbtest5_pkey on sbtest5  (cost=0.43..386.05 rows=101 width=121)
	  Index Cond: ((id >= 5832034) AND (id <= 5832133))

table 6 : explain SELECT c FROM sbtest6 WHERE id BETWEEN 4652947 AND 4653046
	Index Scan using sbtest6_pkey on sbtest6  (cost=0.43..359.73 rows=94 width=121)
	  Index Cond: ((id >= 4652947) AND (id <= 4653046))

table 7 : explain SELECT c FROM sbtest7 WHERE id BETWEEN 1303236 AND 1303335
	Index Scan using sbtest7_pkey on sbtest7  (cost=0.43..373.96 rows=97 width=121)
	  Index Cond: ((id >= 1303236) AND (id <= 1303335))

table 8 : explain SELECT c FROM sbtest8 WHERE id BETWEEN 6770830 AND 6770929
	Index Scan using sbtest8_pkey on sbtest8  (cost=0.43..370.01 rows=96 width=121)
	  Index Cond: ((id >= 6770830) AND (id <= 6770929))

for: order_ranges
table 1 : explain SELECT c FROM sbtest1 WHERE id BETWEEN 2334984 AND 2335083 ORDER BY c
	Sort  (cost=371.57..371.81 rows=96 width=121)
	  Sort Key: c
	  ->  Index Scan using sbtest1_pkey on sbtest1  (cost=0.43..368.41 rows=96 width=121)
	        Index Cond: ((id >= 2334984) AND (id <= 2335083))

table 2 : explain SELECT c FROM sbtest2 WHERE id BETWEEN 1118839 AND 1118938 ORDER BY c
	Sort  (cost=383.36..383.60 rows=99 width=121)
	  Sort Key: c
	  ->  Index Scan using sbtest2_pkey on sbtest2  (cost=0.43..380.07 rows=99 width=121)
	        Index Cond: ((id >= 1118839) AND (id <= 1118938))

table 3 : explain SELECT c FROM sbtest3 WHERE id BETWEEN 8232504 AND 8232603 ORDER BY c
	Sort  (cost=380.95..381.20 rows=99 width=121)
	  Sort Key: c
	  ->  Index Scan using sbtest3_pkey on sbtest3  (cost=0.43..377.67 rows=99 width=121)
	        Index Cond: ((id >= 8232504) AND (id <= 8232603))

table 4 : explain SELECT c FROM sbtest4 WHERE id BETWEEN 9831989 AND 9832088 ORDER BY c
	Sort  (cost=399.61..399.87 rows=103 width=121)
	  Sort Key: c
	  ->  Index Scan using sbtest4_pkey on sbtest4  (cost=0.43..396.17 rows=103 width=121)
	        Index Cond: ((id >= 9831989) AND (id <= 9832088))

table 5 : explain SELECT c FROM sbtest5 WHERE id BETWEEN 2098191 AND 2098290 ORDER BY c
	Sort  (cost=374.15..374.40 rows=97 width=121)
	  Sort Key: c
	  ->  Index Scan using sbtest5_pkey on sbtest5  (cost=0.43..370.95 rows=97 width=121)
	        Index Cond: ((id >= 2098191) AND (id <= 2098290))

table 6 : explain SELECT c FROM sbtest6 WHERE id BETWEEN 5954547 AND 5954646 ORDER BY c
	Sort  (cost=366.69..366.93 rows=95 width=121)
	  Sort Key: c
	  ->  Index Scan using sbtest6_pkey on sbtest6  (cost=0.43..363.57 rows=95 width=121)
	        Index Cond: ((id >= 5954547) AND (id <= 5954646))

table 7 : explain SELECT c FROM sbtest7 WHERE id BETWEEN 5005375 AND 5005474 ORDER BY c
	Sort  (cost=404.08..404.34 rows=104 width=121)
	  Sort Key: c
	  ->  Index Scan using sbtest7_pkey on sbtest7  (cost=0.43..400.60 rows=104 width=121)
	        Index Cond: ((id >= 5005375) AND (id <= 5005474))

table 8 : explain SELECT c FROM sbtest8 WHERE id BETWEEN 2675300 AND 2675399 ORDER BY c
	Sort  (cost=396.30..396.55 rows=102 width=121)
	  Sort Key: c
	  ->  Index Scan using sbtest8_pkey on sbtest8  (cost=0.43..392.90 rows=102 width=121)
	        Index Cond: ((id >= 2675300) AND (id <= 2675399))

for index_updates
table 1 : explain UPDATE sbtest1 SET k=k+1 WHERE id=9525538
	Update on sbtest1  (cost=0.43..8.46 rows=1 width=196)
	  ->  Index Scan using sbtest1_pkey on sbtest1  (cost=0.43..8.46 rows=1 width=196)
	        Index Cond: (id = 9525538)

table 2 : explain UPDATE sbtest2 SET k=k+1 WHERE id=2316939
	Update on sbtest2  (cost=0.43..8.46 rows=1 width=196)
	  ->  Index Scan using sbtest2_pkey on sbtest2  (cost=0.43..8.46 rows=1 width=196)
	        Index Cond: (id = 2316939)

table 3 : explain UPDATE sbtest3 SET k=k+1 WHERE id=1375839
	Update on sbtest3  (cost=0.43..8.46 rows=1 width=196)
	  ->  Index Scan using sbtest3_pkey on sbtest3  (cost=0.43..8.46 rows=1 width=196)
	        Index Cond: (id = 1375839)

table 4 : explain UPDATE sbtest4 SET k=k+1 WHERE id=91251
	Update on sbtest4  (cost=0.43..8.46 rows=1 width=196)
	  ->  Index Scan using sbtest4_pkey on sbtest4  (cost=0.43..8.46 rows=1 width=196)
	        Index Cond: (id = 91251)

table 5 : explain UPDATE sbtest5 SET k=k+1 WHERE id=7493466
	Update on sbtest5  (cost=0.43..8.46 rows=1 width=196)
	  ->  Index Scan using sbtest5_pkey on sbtest5  (cost=0.43..8.46 rows=1 width=196)
	        Index Cond: (id = 7493466)

table 6 : explain UPDATE sbtest6 SET k=k+1 WHERE id=9182833
	Update on sbtest6  (cost=0.43..8.46 rows=1 width=196)
	  ->  Index Scan using sbtest6_pkey on sbtest6  (cost=0.43..8.46 rows=1 width=196)
	        Index Cond: (id = 9182833)

table 7 : explain UPDATE sbtest7 SET k=k+1 WHERE id=5994392
	Update on sbtest7  (cost=0.43..8.46 rows=1 width=196)
	  ->  Index Scan using sbtest7_pkey on sbtest7  (cost=0.43..8.46 rows=1 width=196)
	        Index Cond: (id = 5994392)

table 8 : explain UPDATE sbtest8 SET k=k+1 WHERE id=3771678
	Update on sbtest8  (cost=0.43..8.46 rows=1 width=196)
	  ->  Index Scan using sbtest8_pkey on sbtest8  (cost=0.43..8.46 rows=1 width=196)
	        Index Cond: (id = 3771678)

for inserts
table 1 : explain INSERT INTO sbtest1 (id, k, c, pad) VALUES (7702199, 13, 'foobar', 'foobar')
	Insert on sbtest1  (cost=0.00..0.01 rows=1 width=736)
	  ->  Result  (cost=0.00..0.01 rows=1 width=736)

table 2 : explain INSERT INTO sbtest2 (id, k, c, pad) VALUES (8344846, 13, 'foobar', 'foobar')
	Insert on sbtest2  (cost=0.00..0.01 rows=1 width=736)
	  ->  Result  (cost=0.00..0.01 rows=1 width=736)

table 3 : explain INSERT INTO sbtest3 (id, k, c, pad) VALUES (5996112, 13, 'foobar', 'foobar')
	Insert on sbtest3  (cost=0.00..0.01 rows=1 width=736)
	  ->  Result  (cost=0.00..0.01 rows=1 width=736)

table 4 : explain INSERT INTO sbtest4 (id, k, c, pad) VALUES (6821686, 13, 'foobar', 'foobar')
	Insert on sbtest4  (cost=0.00..0.01 rows=1 width=736)
	  ->  Result  (cost=0.00..0.01 rows=1 width=736)

table 5 : explain INSERT INTO sbtest5 (id, k, c, pad) VALUES (5320763, 13, 'foobar', 'foobar')
	Insert on sbtest5  (cost=0.00..0.01 rows=1 width=736)
	  ->  Result  (cost=0.00..0.01 rows=1 width=736)

table 6 : explain INSERT INTO sbtest6 (id, k, c, pad) VALUES (6474046, 13, 'foobar', 'foobar')
	Insert on sbtest6  (cost=0.00..0.01 rows=1 width=736)
	  ->  Result  (cost=0.00..0.01 rows=1 width=736)

table 7 : explain INSERT INTO sbtest7 (id, k, c, pad) VALUES (954919, 13, 'foobar', 'foobar')
	Insert on sbtest7  (cost=0.00..0.01 rows=1 width=736)
	  ->  Result  (cost=0.00..0.01 rows=1 width=736)

table 8 : explain INSERT INTO sbtest8 (id, k, c, pad) VALUES (6114079, 13, 'foobar', 'foobar')
	Insert on sbtest8  (cost=0.00..0.01 rows=1 width=736)
	  ->  Result  (cost=0.00..0.01 rows=1 width=736)

for non_index_updates
table 1 : explain UPDATE sbtest1 SET c='foobar' WHERE id=2243321
	Update on sbtest1  (cost=0.43..8.45 rows=1 width=559)
	  ->  Index Scan using sbtest1_pkey on sbtest1  (cost=0.43..8.45 rows=1 width=559)
	        Index Cond: (id = 2243321)

table 2 : explain UPDATE sbtest2 SET c='foobar' WHERE id=7575075
	Update on sbtest2  (cost=0.43..8.45 rows=1 width=559)
	  ->  Index Scan using sbtest2_pkey on sbtest2  (cost=0.43..8.45 rows=1 width=559)
	        Index Cond: (id = 7575075)

table 3 : explain UPDATE sbtest3 SET c='foobar' WHERE id=5300513
	Update on sbtest3  (cost=0.43..8.45 rows=1 width=559)
	  ->  Index Scan using sbtest3_pkey on sbtest3  (cost=0.43..8.45 rows=1 width=559)
	        Index Cond: (id = 5300513)

table 4 : explain UPDATE sbtest4 SET c='foobar' WHERE id=3166735
	Update on sbtest4  (cost=0.43..8.45 rows=1 width=559)
	  ->  Index Scan using sbtest4_pkey on sbtest4  (cost=0.43..8.45 rows=1 width=559)
	        Index Cond: (id = 3166735)

table 5 : explain UPDATE sbtest5 SET c='foobar' WHERE id=2757156
	Update on sbtest5  (cost=0.43..8.45 rows=1 width=559)
	  ->  Index Scan using sbtest5_pkey on sbtest5  (cost=0.43..8.45 rows=1 width=559)
	        Index Cond: (id = 2757156)

table 6 : explain UPDATE sbtest6 SET c='foobar' WHERE id=5365115
	Update on sbtest6  (cost=0.43..8.45 rows=1 width=559)
	  ->  Index Scan using sbtest6_pkey on sbtest6  (cost=0.43..8.45 rows=1 width=559)
	        Index Cond: (id = 5365115)

table 7 : explain UPDATE sbtest7 SET c='foobar' WHERE id=3414559
	Update on sbtest7  (cost=0.43..8.45 rows=1 width=559)
	  ->  Index Scan using sbtest7_pkey on sbtest7  (cost=0.43..8.45 rows=1 width=559)
	        Index Cond: (id = 3414559)

table 8 : explain UPDATE sbtest8 SET c='foobar' WHERE id=5338067
	Update on sbtest8  (cost=0.43..8.45 rows=1 width=559)
	  ->  Index Scan using sbtest8_pkey on sbtest8  (cost=0.43..8.45 rows=1 width=559)
	        Index Cond: (id = 5338067)

explain: for non_index_updates :: explain UPDATE sbtest%u SET c='foobar' WHERE id=%u
for non_index_updates
table 1 : explain UPDATE sbtest1 SET c='foobar' WHERE id=5511745
	Update on sbtest1  (cost=0.43..8.45 rows=1 width=559)
	  ->  Index Scan using sbtest1_pkey on sbtest1  (cost=0.43..8.45 rows=1 width=559)
	        Index Cond: (id = 5511745)

table 2 : explain UPDATE sbtest2 SET c='foobar' WHERE id=7859502
	Update on sbtest2  (cost=0.43..8.45 rows=1 width=559)
	  ->  Index Scan using sbtest2_pkey on sbtest2  (cost=0.43..8.45 rows=1 width=559)
	        Index Cond: (id = 7859502)

table 3 : explain UPDATE sbtest3 SET c='foobar' WHERE id=6493721
	Update on sbtest3  (cost=0.43..8.45 rows=1 width=559)
	  ->  Index Scan using sbtest3_pkey on sbtest3  (cost=0.43..8.45 rows=1 width=559)
	        Index Cond: (id = 6493721)

table 4 : explain UPDATE sbtest4 SET c='foobar' WHERE id=9147525
	Update on sbtest4  (cost=0.43..8.45 rows=1 width=559)
	  ->  Index Scan using sbtest4_pkey on sbtest4  (cost=0.43..8.45 rows=1 width=559)
	        Index Cond: (id = 9147525)

table 5 : explain UPDATE sbtest5 SET c='foobar' WHERE id=4258394
	Update on sbtest5  (cost=0.43..8.45 rows=1 width=559)
	  ->  Index Scan using sbtest5_pkey on sbtest5  (cost=0.43..8.45 rows=1 width=559)
	        Index Cond: (id = 4258394)

table 6 : explain UPDATE sbtest6 SET c='foobar' WHERE id=2217649
	Update on sbtest6  (cost=0.43..8.45 rows=1 width=559)
	  ->  Index Scan using sbtest6_pkey on sbtest6  (cost=0.43..8.45 rows=1 width=559)
	        Index Cond: (id = 2217649)

table 7 : explain UPDATE sbtest7 SET c='foobar' WHERE id=6431403
	Update on sbtest7  (cost=0.43..8.45 rows=1 width=559)
	  ->  Index Scan using sbtest7_pkey on sbtest7  (cost=0.43..8.45 rows=1 width=559)
	        Index Cond: (id = 6431403)

table 8 : explain UPDATE sbtest8 SET c='foobar' WHERE id=7249793
	Update on sbtest8  (cost=0.43..8.45 rows=1 width=559)
	  ->  Index Scan using sbtest8_pkey on sbtest8  (cost=0.43..8.45 rows=1 width=559)
	        Index Cond: (id = 7249793)

for: distinct_ranges
table 1 : explain SELECT DISTINCT c FROM sbtest1 WHERE id BETWEEN 4023336 AND 4023435 ORDER BY c
	Unique  (cost=344.73..345.17 rows=89 width=121)
	  ->  Sort  (cost=344.73..344.95 rows=89 width=121)
	        Sort Key: c
	        ->  Index Scan using sbtest1_pkey on sbtest1  (cost=0.43..341.85 rows=89 width=121)
	              Index Cond: ((id >= 4023336) AND (id <= 4023435))

table 2 : explain SELECT DISTINCT c FROM sbtest2 WHERE id BETWEEN 2944219 AND 2944318 ORDER BY c
	Unique  (cost=387.19..387.69 rows=100 width=121)
	  ->  Sort  (cost=387.19..387.44 rows=100 width=121)
	        Sort Key: c
	        ->  Index Scan using sbtest2_pkey on sbtest2  (cost=0.43..383.86 rows=100 width=121)
	              Index Cond: ((id >= 2944219) AND (id <= 2944318))

table 3 : explain SELECT DISTINCT c FROM sbtest3 WHERE id BETWEEN 2221900 AND 2221999 ORDER BY c
	Unique  (cost=392.37..392.88 rows=102 width=121)
	  ->  Sort  (cost=392.37..392.63 rows=102 width=121)
	        Sort Key: c
	        ->  Index Scan using sbtest3_pkey on sbtest3  (cost=0.43..388.97 rows=102 width=121)
	              Index Cond: ((id >= 2221900) AND (id <= 2221999))

table 4 : explain SELECT DISTINCT c FROM sbtest4 WHERE id BETWEEN 6491848 AND 6491947 ORDER BY c
	Unique  (cost=376.57..377.06 rows=97 width=121)
	  ->  Sort  (cost=376.57..376.82 rows=97 width=121)
	        Sort Key: c
	        ->  Index Scan using sbtest4_pkey on sbtest4  (cost=0.43..373.37 rows=97 width=121)
	              Index Cond: ((id >= 6491848) AND (id <= 6491947))

table 5 : explain SELECT DISTINCT c FROM sbtest5 WHERE id BETWEEN 5658442 AND 5658541 ORDER BY c
	Unique  (cost=389.41..389.92 rows=101 width=121)
	  ->  Sort  (cost=389.41..389.66 rows=101 width=121)
	        Sort Key: c
	        ->  Index Scan using sbtest5_pkey on sbtest5  (cost=0.43..386.05 rows=101 width=121)
	              Index Cond: ((id >= 5658442) AND (id <= 5658541))

table 6 : explain SELECT DISTINCT c FROM sbtest6 WHERE id BETWEEN 8822720 AND 8822819 ORDER BY c
	Unique  (cost=397.22..397.73 rows=103 width=121)
	  ->  Sort  (cost=397.22..397.48 rows=103 width=121)
	        Sort Key: c
	        ->  Index Scan using sbtest6_pkey on sbtest6  (cost=0.43..393.78 rows=103 width=121)
	              Index Cond: ((id >= 8822720) AND (id <= 8822819))

table 7 : explain SELECT DISTINCT c FROM sbtest7 WHERE id BETWEEN 1103374 AND 1103473 ORDER BY c
	Unique  (cost=381.00..381.49 rows=98 width=121)
	  ->  Sort  (cost=381.00..381.25 rows=98 width=121)
	        Sort Key: c
	        ->  Index Scan using sbtest7_pkey on sbtest7  (cost=0.43..377.76 rows=98 width=121)
	              Index Cond: ((id >= 1103374) AND (id <= 1103473))

table 8 : explain SELECT DISTINCT c FROM sbtest8 WHERE id BETWEEN 59708 AND 59807 ORDER BY c
	Unique  (cost=373.23..373.71 rows=96 width=121)
	  ->  Sort  (cost=373.23..373.47 rows=96 width=121)
	        Sort Key: c
	        ->  Index Scan using sbtest8_pkey on sbtest8  (cost=0.43..370.07 rows=96 width=121)
	              Index Cond: ((id >= 59708) AND (id <= 59807))

explain: for deletes :: explain DELETE FROM sbtest%u WHERE id=%u
explain: for deletes :: explain DELETE FROM sbtest%u WHERE id=%u
for: distinct_ranges
table 1 : explain SELECT DISTINCT c FROM sbtest1 WHERE id BETWEEN 2976225 AND 2976324 ORDER BY c
	Unique  (cost=367.75..368.22 rows=95 width=121)
	  ->  Sort  (cost=367.75..367.98 rows=95 width=121)
	        Sort Key: c
	        ->  Index Scan using sbtest1_pkey on sbtest1  (cost=0.43..364.63 rows=95 width=121)
	              Index Cond: ((id >= 2976225) AND (id <= 2976324))

table 2 : explain SELECT DISTINCT c FROM sbtest2 WHERE id BETWEEN 1558294 AND 1558393 ORDER BY c
	Unique  (cost=406.34..406.87 rows=105 width=121)
	  ->  Sort  (cost=406.34..406.60 rows=105 width=121)
	        Sort Key: c
	        ->  Index Scan using sbtest2_pkey on sbtest2  (cost=0.43..402.82 rows=105 width=121)
	              Index Cond: ((id >= 1558294) AND (id <= 1558393))

table 3 : explain SELECT DISTINCT c FROM sbtest3 WHERE id BETWEEN 7510172 AND 7510271 ORDER BY c
	Unique  (cost=373.34..373.83 rows=97 width=121)
	  ->  Sort  (cost=373.34..373.58 rows=97 width=121)
	        Sort Key: c
	        ->  Index Scan using sbtest3_pkey on sbtest3  (cost=0.43..370.14 rows=97 width=121)
	              Index Cond: ((id >= 7510172) AND (id <= 7510271))

table 4 : explain SELECT DISTINCT c FROM sbtest4 WHERE id BETWEEN 9597389 AND 9597488 ORDER BY c
	Unique  (cost=395.77..396.28 rows=102 width=121)
	  ->  Sort  (cost=395.77..396.03 rows=102 width=121)
	        Sort Key: c
	        ->  Index Scan using sbtest4_pkey on sbtest4  (cost=0.43..392.37 rows=102 width=121)
	              Index Cond: ((id >= 9597389) AND (id <= 9597488))

table 5 : explain SELECT DISTINCT c FROM sbtest5 WHERE id BETWEEN 4993915 AND 4994014 ORDER BY c
	Unique  (cost=381.78..382.28 rows=99 width=121)
	  ->  Sort  (cost=381.78..382.03 rows=99 width=121)
	        Sort Key: c
	        ->  Index Scan using sbtest5_pkey on sbtest5  (cost=0.43..378.50 rows=99 width=121)
	              Index Cond: ((id >= 4993915) AND (id <= 4994014))

table 6 : explain SELECT DISTINCT c FROM sbtest6 WHERE id BETWEEN 5765485 AND 5765584 ORDER BY c
	Unique  (cost=336.10..336.54 rows=87 width=121)
	  ->  Sort  (cost=336.10..336.32 rows=87 width=121)
	        Sort Key: c
	        ->  Index Scan using sbtest6_pkey on sbtest6  (cost=0.43..333.30 rows=87 width=121)
	              Index Cond: ((id >= 5765485) AND (id <= 5765584))

table 7 : explain SELECT DISTINCT c FROM sbtest7 WHERE id BETWEEN 4234882 AND 4234981 ORDER BY c
	Unique  (cost=357.88..358.34 rows=92 width=121)
	  ->  Sort  (cost=357.88..358.11 rows=92 width=121)
	        Sort Key: c
	        ->  Index Scan using sbtest7_pkey on sbtest7  (cost=0.43..354.87 rows=92 width=121)
	              Index Cond: ((id >= 4234882) AND (id <= 4234981))

table 8 : explain SELECT DISTINCT c FROM sbtest8 WHERE id BETWEEN 3135491 AND 3135590 ORDER BY c
	Unique  (cost=400.14..400.66 rows=103 width=121)
	  ->  Sort  (cost=400.14..400.40 rows=103 width=121)
	        Sort Key: c
	        ->  Index Scan using sbtest8_pkey on sbtest8  (cost=0.43..396.70 rows=103 width=121)
	              Index Cond: ((id >= 3135491) AND (id <= 3135590))

for: sum_ranges
table 1 : explain SELECT SUM(k) FROM sbtest1 WHERE id BETWEEN 4180116 AND 4180215
	Aggregate  (cost=395.18..395.19 rows=1 width=8)
	  ->  Index Scan using sbtest1_pkey on sbtest1  (cost=0.43..394.92 rows=103 width=4)
	        Index Cond: ((id >= 4180116) AND (id <= 4180215))

table 2 : explain SELECT SUM(k) FROM sbtest2 WHERE id BETWEEN 4280693 AND 4280792
	Aggregate  (cost=406.87..406.88 rows=1 width=8)
	  ->  Index Scan using sbtest2_pkey on sbtest2  (cost=0.43..406.61 rows=106 width=4)
	        Index Cond: ((id >= 4280693) AND (id <= 4280792))

table 3 : explain SELECT SUM(k) FROM sbtest3 WHERE id BETWEEN 3467308 AND 3467407
	Aggregate  (cost=389.22..389.23 rows=1 width=8)
	  ->  Index Scan using sbtest3_pkey on sbtest3  (cost=0.43..388.97 rows=102 width=4)
	        Index Cond: ((id >= 3467308) AND (id <= 3467407))

table 4 : explain SELECT SUM(k) FROM sbtest4 WHERE id BETWEEN 795177 AND 795276
	Aggregate  (cost=419.24..419.25 rows=1 width=8)
	  ->  Index Scan using sbtest4_pkey on sbtest4  (cost=0.43..418.97 rows=109 width=4)
	        Index Cond: ((id >= 795177) AND (id <= 795276))

table 5 : explain SELECT SUM(k) FROM sbtest5 WHERE id BETWEEN 6472365 AND 6472464
	Aggregate  (cost=374.97..374.98 rows=1 width=8)
	  ->  Index Scan using sbtest5_pkey on sbtest5  (cost=0.43..374.73 rows=98 width=4)
	        Index Cond: ((id >= 6472365) AND (id <= 6472464))

table 6 : explain SELECT SUM(k) FROM sbtest6 WHERE id BETWEEN 1188726 AND 1188825
	Aggregate  (cost=386.48..386.49 rows=1 width=8)
	  ->  Index Scan using sbtest6_pkey on sbtest6  (cost=0.43..386.22 rows=101 width=4)
	        Index Cond: ((id >= 1188726) AND (id <= 1188825))

table 7 : explain SELECT SUM(k) FROM sbtest7 WHERE id BETWEEN 9699300 AND 9699399
	Aggregate  (cost=370.39..370.40 rows=1 width=8)
	  ->  Index Scan using sbtest7_pkey on sbtest7  (cost=0.43..370.15 rows=96 width=4)
	        Index Cond: ((id >= 9699300) AND (id <= 9699399))

table 8 : explain SELECT SUM(k) FROM sbtest8 WHERE id BETWEEN 6565131 AND 6565230
	Aggregate  (cost=393.15..393.16 rows=1 width=8)
	  ->  Index Scan using sbtest8_pkey on sbtest8  (cost=0.43..392.90 rows=102 width=4)
	        Index Cond: ((id >= 6565131) AND (id <= 6565230))

explain: for index_updates :: explain UPDATE sbtest%u SET k=k+1 WHERE id=%u
for: sum_ranges
table 1 : explain SELECT SUM(k) FROM sbtest1 WHERE id BETWEEN 4665737 AND 4665836
	Aggregate  (cost=395.18..395.19 rows=1 width=8)
	  ->  Index Scan using sbtest1_pkey on sbtest1  (cost=0.43..394.92 rows=103 width=4)
	        Index Cond: ((id >= 4665737) AND (id <= 4665836))

table 2 : explain SELECT SUM(k) FROM sbtest2 WHERE id BETWEEN 8431746 AND 8431845
	Aggregate  (cost=391.70..391.71 rows=1 width=8)
	  ->  Index Scan using sbtest2_pkey on sbtest2  (cost=0.43..391.44 rows=102 width=4)
	        Index Cond: ((id >= 8431746) AND (id <= 8431845))

table 3 : explain SELECT SUM(k) FROM sbtest3 WHERE id BETWEEN 3661686 AND 3661785
	Aggregate  (cost=355.31..355.32 rows=1 width=8)
	  ->  Index Scan using sbtest3_pkey on sbtest3  (cost=0.43..355.08 rows=93 width=4)
	        Index Cond: ((id >= 3661686) AND (id <= 3661785))

table 4 : explain SELECT SUM(k) FROM sbtest4 WHERE id BETWEEN 6874825 AND 6874924
	Aggregate  (cost=369.81..369.82 rows=1 width=8)
	  ->  Index Scan using sbtest4_pkey on sbtest4  (cost=0.43..369.57 rows=96 width=4)
	        Index Cond: ((id >= 6874825) AND (id <= 6874924))

table 5 : explain SELECT SUM(k) FROM sbtest5 WHERE id BETWEEN 8218947 AND 8219046
	Aggregate  (cost=359.87..359.88 rows=1 width=8)
	  ->  Index Scan using sbtest5_pkey on sbtest5  (cost=0.43..359.63 rows=94 width=4)
	        Index Cond: ((id >= 8218947) AND (id <= 8219046))

table 6 : explain SELECT SUM(k) FROM sbtest6 WHERE id BETWEEN 1629113 AND 1629212
	Aggregate  (cost=390.26..390.27 rows=1 width=8)
	  ->  Index Scan using sbtest6_pkey on sbtest6  (cost=0.43..390.00 rows=102 width=4)
	        Index Cond: ((id >= 1629113) AND (id <= 1629212))

table 7 : explain SELECT SUM(k) FROM sbtest7 WHERE id BETWEEN 227592 AND 227691
	Aggregate  (cost=412.28..412.29 rows=1 width=8)
	  ->  Index Scan using sbtest7_pkey on sbtest7  (cost=0.43..412.01 rows=107 width=4)
	        Index Cond: ((id >= 227592) AND (id <= 227691))

table 8 : explain SELECT SUM(k) FROM sbtest8 WHERE id BETWEEN 6030222 AND 6030321
	Aggregate  (cost=355.02..355.03 rows=1 width=8)
	  ->  Index Scan using sbtest8_pkey on sbtest8  (cost=0.43..354.79 rows=92 width=4)
	        Index Cond: ((id >= 6030222) AND (id <= 6030321))

for: sum_ranges
table 1 : explain SELECT SUM(k) FROM sbtest1 WHERE id BETWEEN 4773830 AND 4773929
	Aggregate  (cost=372.44..372.45 rows=1 width=8)
	  ->  Index Scan using sbtest1_pkey on sbtest1  (cost=0.43..372.20 rows=97 width=4)
	        Index Cond: ((id >= 4773830) AND (id <= 4773929))

table 2 : explain SELECT SUM(k) FROM sbtest2 WHERE id BETWEEN 4408164 AND 4408263
	Aggregate  (cost=395.49..395.50 rows=1 width=8)
	  ->  Index Scan using sbtest2_pkey on sbtest2  (cost=0.43..395.23 rows=103 width=4)
	        Index Cond: ((id >= 4408164) AND (id <= 4408263))

table 3 : explain SELECT SUM(k) FROM sbtest3 WHERE id BETWEEN 2544224 AND 2544323
	Aggregate  (cost=404.30..404.31 rows=1 width=8)
	  ->  Index Scan using sbtest3_pkey on sbtest3  (cost=0.43..404.03 rows=106 width=4)
	        Index Cond: ((id >= 2544224) AND (id <= 2544323))

table 4 : explain SELECT SUM(k) FROM sbtest4 WHERE id BETWEEN 6445155 AND 6445254
	Aggregate  (cost=373.62..373.63 rows=1 width=8)
	  ->  Index Scan using sbtest4_pkey on sbtest4  (cost=0.43..373.37 rows=97 width=4)
	        Index Cond: ((id >= 6445155) AND (id <= 6445254))

table 5 : explain SELECT SUM(k) FROM sbtest5 WHERE id BETWEEN 5493133 AND 5493232
	Aggregate  (cost=408.96..408.97 rows=1 width=8)
	  ->  Index Scan using sbtest5_pkey on sbtest5  (cost=0.43..408.69 rows=107 width=4)
	        Index Cond: ((id >= 5493133) AND (id <= 5493232))

table 6 : explain SELECT SUM(k) FROM sbtest6 WHERE id BETWEEN 5527949 AND 5528048
	Aggregate  (cost=382.70..382.71 rows=1 width=8)
	  ->  Index Scan using sbtest6_pkey on sbtest6  (cost=0.43..382.45 rows=100 width=4)
	        Index Cond: ((id >= 5527949) AND (id <= 5528048))

table 7 : explain SELECT SUM(k) FROM sbtest7 WHERE id BETWEEN 3637447 AND 3637546
	Aggregate  (cost=374.20..374.21 rows=1 width=8)
	  ->  Index Scan using sbtest7_pkey on sbtest7  (cost=0.43..373.96 rows=97 width=4)
	        Index Cond: ((id >= 3637447) AND (id <= 3637546))

table 8 : explain SELECT SUM(k) FROM sbtest8 WHERE id BETWEEN 8741394 AND 8741493
	Aggregate  (cost=404.57..404.58 rows=1 width=8)
	  ->  Index Scan using sbtest8_pkey on sbtest8  (cost=0.43..404.31 rows=105 width=4)
	        Index Cond: ((id >= 8741394) AND (id <= 8741493))

for non_index_updates
table 1 : explain UPDATE sbtest1 SET c='foobar' WHERE id=2797212
	Update on sbtest1  (cost=0.43..8.45 rows=1 width=559)
	  ->  Index Scan using sbtest1_pkey on sbtest1  (cost=0.43..8.45 rows=1 width=559)
	        Index Cond: (id = 2797212)

table 2 : explain UPDATE sbtest2 SET c='foobar' WHERE id=2158722
	Update on sbtest2  (cost=0.43..8.45 rows=1 width=559)
	  ->  Index Scan using sbtest2_pkey on sbtest2  (cost=0.43..8.45 rows=1 width=559)
	        Index Cond: (id = 2158722)

table 3 : explain UPDATE sbtest3 SET c='foobar' WHERE id=2585278
	Update on sbtest3  (cost=0.43..8.45 rows=1 width=559)
	  ->  Index Scan using sbtest3_pkey on sbtest3  (cost=0.43..8.45 rows=1 width=559)
	        Index Cond: (id = 2585278)

table 4 : explain UPDATE sbtest4 SET c='foobar' WHERE id=5709250
	Update on sbtest4  (cost=0.43..8.45 rows=1 width=559)
	  ->  Index Scan using sbtest4_pkey on sbtest4  (cost=0.43..8.45 rows=1 width=559)
	        Index Cond: (id = 5709250)

table 5 : explain UPDATE sbtest5 SET c='foobar' WHERE id=1597090
	Update on sbtest5  (cost=0.43..8.45 rows=1 width=559)
	  ->  Index Scan using sbtest5_pkey on sbtest5  (cost=0.43..8.45 rows=1 width=559)
	        Index Cond: (id = 1597090)

table 6 : explain UPDATE sbtest6 SET c='foobar' WHERE id=6190234
	Update on sbtest6  (cost=0.43..8.45 rows=1 width=559)
	  ->  Index Scan using sbtest6_pkey on sbtest6  (cost=0.43..8.45 rows=1 width=559)
	        Index Cond: (id = 6190234)

table 7 : explain UPDATE sbtest7 SET c='foobar' WHERE id=3318702
	Update on sbtest7  (cost=0.43..8.45 rows=1 width=559)
	  ->  Index Scan using sbtest7_pkey on sbtest7  (cost=0.43..8.45 rows=1 width=559)
	        Index Cond: (id = 3318702)

table 8 : explain UPDATE sbtest8 SET c='foobar' WHERE id=217421
	Update on sbtest8  (cost=0.43..8.45 rows=1 width=559)
	  ->  Index Scan using sbtest8_pkey on sbtest8  (cost=0.43..8.45 rows=1 width=559)
	        Index Cond: (id = 217421)

for: sum_ranges
table 1 : explain SELECT SUM(k) FROM sbtest1 WHERE id BETWEEN 2141386 AND 2141485
	Aggregate  (cost=406.55..406.56 rows=1 width=8)
	  ->  Index Scan using sbtest1_pkey on sbtest1  (cost=0.43..406.29 rows=106 width=4)
	        Index Cond: ((id >= 2141386) AND (id <= 2141485))

table 2 : explain SELECT SUM(k) FROM sbtest2 WHERE id BETWEEN 4647750 AND 4647849
	Aggregate  (cost=403.08..403.09 rows=1 width=8)
	  ->  Index Scan using sbtest2_pkey on sbtest2  (cost=0.43..402.82 rows=105 width=4)
	        Index Cond: ((id >= 4647750) AND (id <= 4647849))

table 3 : explain SELECT SUM(k) FROM sbtest3 WHERE id BETWEEN 1011950 AND 1012049
	Aggregate  (cost=392.99..393.00 rows=1 width=8)
	  ->  Index Scan using sbtest3_pkey on sbtest3  (cost=0.43..392.73 rows=103 width=4)
	        Index Cond: ((id >= 1011950) AND (id <= 1012049))

table 4 : explain SELECT SUM(k) FROM sbtest4 WHERE id BETWEEN 31529 AND 31628
	Aggregate  (cost=346.95..346.96 rows=1 width=8)
	  ->  Index Scan using sbtest4_pkey on sbtest4  (cost=0.43..346.72 rows=90 width=4)
	        Index Cond: ((id >= 31529) AND (id <= 31628))

table 5 : explain SELECT SUM(k) FROM sbtest5 WHERE id BETWEEN 140122 AND 140221
	Aggregate  (cost=393.85..393.86 rows=1 width=8)
	  ->  Index Scan using sbtest5_pkey on sbtest5  (cost=0.43..393.60 rows=103 width=4)
	        Index Cond: ((id >= 140122) AND (id <= 140221))

table 6 : explain SELECT SUM(k) FROM sbtest6 WHERE id BETWEEN 5907035 AND 5907134
	Aggregate  (cost=363.81..363.82 rows=1 width=8)
	  ->  Index Scan using sbtest6_pkey on sbtest6  (cost=0.43..363.57 rows=95 width=4)
	        Index Cond: ((id >= 5907035) AND (id <= 5907134))

table 7 : explain SELECT SUM(k) FROM sbtest7 WHERE id BETWEEN 4270863 AND 4270962
	Aggregate  (cost=374.20..374.21 rows=1 width=8)
	  ->  Index Scan using sbtest7_pkey on sbtest7  (cost=0.43..373.96 rows=97 width=4)
	        Index Cond: ((id >= 4270863) AND (id <= 4270962))

table 8 : explain SELECT SUM(k) FROM sbtest8 WHERE id BETWEEN 8713382 AND 8713481
	Aggregate  (cost=404.57..404.58 rows=1 width=8)
	  ->  Index Scan using sbtest8_pkey on sbtest8  (cost=0.43..404.31 rows=105 width=4)
	        Index Cond: ((id >= 8713382) AND (id <= 8713481))

for deletes
table 1 : explain DELETE FROM sbtest1 WHERE id=2599249
	Delete on sbtest1  (cost=0.43..8.45 rows=1 width=6)
	  ->  Index Scan using sbtest1_pkey on sbtest1  (cost=0.43..8.45 rows=1 width=6)
	        Index Cond: (id = 2599249)

table 2 : explain DELETE FROM sbtest2 WHERE id=3523324
	Delete on sbtest2  (cost=0.43..8.45 rows=1 width=6)
	  ->  Index Scan using sbtest2_pkey on sbtest2  (cost=0.43..8.45 rows=1 width=6)
	        Index Cond: (id = 3523324)

table 3 : explain DELETE FROM sbtest3 WHERE id=8498575
	Delete on sbtest3  (cost=0.43..8.45 rows=1 width=6)
	  ->  Index Scan using sbtest3_pkey on sbtest3  (cost=0.43..8.45 rows=1 width=6)
	        Index Cond: (id = 8498575)

table 4 : explain DELETE FROM sbtest4 WHERE id=2116232
	Delete on sbtest4  (cost=0.43..8.45 rows=1 width=6)
	  ->  Index Scan using sbtest4_pkey on sbtest4  (cost=0.43..8.45 rows=1 width=6)
	        Index Cond: (id = 2116232)

table 5 : explain DELETE FROM sbtest5 WHERE id=5123065
	Delete on sbtest5  (cost=0.43..8.45 rows=1 width=6)
	  ->  Index Scan using sbtest5_pkey on sbtest5  (cost=0.43..8.45 rows=1 width=6)
	        Index Cond: (id = 5123065)

table 6 : explain DELETE FROM sbtest6 WHERE id=1358874
	Delete on sbtest6  (cost=0.43..8.45 rows=1 width=6)
	  ->  Index Scan using sbtest6_pkey on sbtest6  (cost=0.43..8.45 rows=1 width=6)
	        Index Cond: (id = 1358874)

table 7 : explain DELETE FROM sbtest7 WHERE id=8122015
	Delete on sbtest7  (cost=0.43..8.45 rows=1 width=6)
	  ->  Index Scan using sbtest7_pkey on sbtest7  (cost=0.43..8.45 rows=1 width=6)
	        Index Cond: (id = 8122015)

table 8 : explain DELETE FROM sbtest8 WHERE id=7910729
	Delete on sbtest8  (cost=0.43..8.45 rows=1 width=6)
	  ->  Index Scan using sbtest8_pkey on sbtest8  (cost=0.43..8.45 rows=1 width=6)
	        Index Cond: (id = 7910729)

for: sum_ranges
table 1 : explain SELECT SUM(k) FROM sbtest1 WHERE id BETWEEN 6466140 AND 6466239
	Aggregate  (cost=353.44..353.45 rows=1 width=8)
	  ->  Index Scan using sbtest1_pkey on sbtest1  (cost=0.43..353.21 rows=92 width=4)
	        Index Cond: ((id >= 6466140) AND (id <= 6466239))

table 2 : explain SELECT SUM(k) FROM sbtest2 WHERE id BETWEEN 6142867 AND 6142966
	Aggregate  (cost=391.70..391.71 rows=1 width=8)
	  ->  Index Scan using sbtest2_pkey on sbtest2  (cost=0.43..391.44 rows=102 width=4)
	        Index Cond: ((id >= 6142867) AND (id <= 6142966))

table 3 : explain SELECT SUM(k) FROM sbtest3 WHERE id BETWEEN 1095563 AND 1095662
	Aggregate  (cost=370.38..370.39 rows=1 width=8)
	  ->  Index Scan using sbtest3_pkey on sbtest3  (cost=0.43..370.14 rows=97 width=4)
	        Index Cond: ((id >= 1095563) AND (id <= 1095662))

table 4 : explain SELECT SUM(k) FROM sbtest4 WHERE id BETWEEN 303493 AND 303592
	Aggregate  (cost=373.62..373.63 rows=1 width=8)
	  ->  Index Scan using sbtest4_pkey on sbtest4  (cost=0.43..373.37 rows=97 width=4)
	        Index Cond: ((id >= 303493) AND (id <= 303592))

table 5 : explain SELECT SUM(k) FROM sbtest5 WHERE id BETWEEN 2171643 AND 2171742
	Aggregate  (cost=431.62..431.63 rows=1 width=8)
	  ->  Index Scan using sbtest5_pkey on sbtest5  (cost=0.43..431.34 rows=113 width=4)
	        Index Cond: ((id >= 2171643) AND (id <= 2171742))

table 6 : explain SELECT SUM(k) FROM sbtest6 WHERE id BETWEEN 4953952 AND 4954051
	Aggregate  (cost=371.36..371.37 rows=1 width=8)
	  ->  Index Scan using sbtest6_pkey on sbtest6  (cost=0.43..371.12 rows=97 width=4)
	        Index Cond: ((id >= 4953952) AND (id <= 4954051))

table 7 : explain SELECT SUM(k) FROM sbtest7 WHERE id BETWEEN 9968348 AND 9968447
	Aggregate  (cost=347.49..347.50 rows=1 width=8)
	  ->  Index Scan using sbtest7_pkey on sbtest7  (cost=0.43..347.26 rows=90 width=4)
	        Index Cond: ((id >= 9968348) AND (id <= 9968447))

table 8 : explain SELECT SUM(k) FROM sbtest8 WHERE id BETWEEN 6514208 AND 6514307
	Aggregate  (cost=415.99..416.00 rows=1 width=8)
	  ->  Index Scan using sbtest8_pkey on sbtest8  (cost=0.43..415.72 rows=108 width=4)
	        Index Cond: ((id >= 6514208) AND (id <= 6514307))

for: sum_ranges
table 1 : explain SELECT SUM(k) FROM sbtest1 WHERE id BETWEEN 9157029 AND 9157128
	Aggregate  (cost=361.07..361.08 rows=1 width=8)
	  ->  Index Scan using sbtest1_pkey on sbtest1  (cost=0.43..360.84 rows=94 width=4)
	        Index Cond: ((id >= 9157029) AND (id <= 9157128))

table 2 : explain SELECT SUM(k) FROM sbtest2 WHERE id BETWEEN 7123733 AND 7123832
	Aggregate  (cost=387.91..387.92 rows=1 width=8)
	  ->  Index Scan using sbtest2_pkey on sbtest2  (cost=0.43..387.65 rows=101 width=4)
	        Index Cond: ((id >= 7123733) AND (id <= 7123832))

table 3 : explain SELECT SUM(k) FROM sbtest3 WHERE id BETWEEN 9509840 AND 9509939
	Aggregate  (cost=351.54..351.55 rows=1 width=8)
	  ->  Index Scan using sbtest3_pkey on sbtest3  (cost=0.43..351.31 rows=92 width=4)
	        Index Cond: ((id >= 9509840) AND (id <= 9509939))

table 4 : explain SELECT SUM(k) FROM sbtest4 WHERE id BETWEEN 7871278 AND 7871377
	Aggregate  (cost=388.82..388.83 rows=1 width=8)
	  ->  Index Scan using sbtest4_pkey on sbtest4  (cost=0.43..388.57 rows=101 width=4)
	        Index Cond: ((id >= 7871278) AND (id <= 7871377))

table 5 : explain SELECT SUM(k) FROM sbtest5 WHERE id BETWEEN 7651203 AND 7651302
	Aggregate  (cost=374.97..374.98 rows=1 width=8)
	  ->  Index Scan using sbtest5_pkey on sbtest5  (cost=0.43..374.73 rows=98 width=4)
	        Index Cond: ((id >= 7651203) AND (id <= 7651302))

table 6 : explain SELECT SUM(k) FROM sbtest6 WHERE id BETWEEN 5617744 AND 5617843
	Aggregate  (cost=405.37..405.38 rows=1 width=8)
	  ->  Index Scan using sbtest6_pkey on sbtest6  (cost=0.43..405.10 rows=106 width=4)
	        Index Cond: ((id >= 5617744) AND (id <= 5617843))

table 7 : explain SELECT SUM(k) FROM sbtest7 WHERE id BETWEEN 9467416 AND 9467515
	Aggregate  (cost=381.82..381.83 rows=1 width=8)
	  ->  Index Scan using sbtest7_pkey on sbtest7  (cost=0.43..381.57 rows=99 width=4)
	        Index Cond: ((id >= 9467416) AND (id <= 9467515))

table 8 : explain SELECT SUM(k) FROM sbtest8 WHERE id BETWEEN 2023534 AND 2023633
	Aggregate  (cost=355.02..355.03 rows=1 width=8)
	  ->  Index Scan using sbtest8_pkey on sbtest8  (cost=0.43..354.79 rows=92 width=4)
	        Index Cond: ((id >= 2023534) AND (id <= 2023633))

for: distinct_ranges
table 1 : explain SELECT DISTINCT c FROM sbtest1 WHERE id BETWEEN 1121820 AND 1121919 ORDER BY c
	Unique  (cost=386.88..387.38 rows=100 width=121)
	  ->  Sort  (cost=386.88..387.13 rows=100 width=121)
	        Sort Key: c
	        ->  Index Scan using sbtest1_pkey on sbtest1  (cost=0.43..383.56 rows=100 width=121)
	              Index Cond: ((id >= 1121820) AND (id <= 1121919))

table 2 : explain SELECT DISTINCT c FROM sbtest2 WHERE id BETWEEN 5246991 AND 5247090 ORDER BY c
	Unique  (cost=383.36..383.85 rows=99 width=121)
	  ->  Sort  (cost=383.36..383.60 rows=99 width=121)
	        Sort Key: c
	        ->  Index Scan using sbtest2_pkey on sbtest2  (cost=0.43..380.07 rows=99 width=121)
	              Index Cond: ((id >= 5246991) AND (id <= 5247090))

table 3 : explain SELECT DISTINCT c FROM sbtest3 WHERE id BETWEEN 9051992 AND 9052091 ORDER BY c
	Unique  (cost=354.31..354.77 rows=92 width=121)
	  ->  Sort  (cost=354.31..354.54 rows=92 width=121)
	        Sort Key: c
	        ->  Index Scan using sbtest3_pkey on sbtest3  (cost=0.43..351.31 rows=92 width=121)
	              Index Cond: ((id >= 9051992) AND (id <= 9052091))

table 4 : explain SELECT DISTINCT c FROM sbtest4 WHERE id BETWEEN 4699721 AND 4699820 ORDER BY c
	Unique  (cost=407.30..407.82 rows=105 width=121)
	  ->  Sort  (cost=407.30..407.56 rows=105 width=121)
	        Sort Key: c
	        ->  Index Scan using sbtest4_pkey on sbtest4  (cost=0.43..403.77 rows=105 width=121)
	              Index Cond: ((id >= 4699721) AND (id <= 4699820))

table 5 : explain SELECT DISTINCT c FROM sbtest5 WHERE id BETWEEN 4347285 AND 4347384 ORDER BY c
	Unique  (cost=381.78..382.28 rows=99 width=121)
	  ->  Sort  (cost=381.78..382.03 rows=99 width=121)
	        Sort Key: c
	        ->  Index Scan using sbtest5_pkey on sbtest5  (cost=0.43..378.50 rows=99 width=121)
	              Index Cond: ((id >= 4347285) AND (id <= 4347384))

table 6 : explain SELECT DISTINCT c FROM sbtest6 WHERE id BETWEEN 3649543 AND 3649642 ORDER BY c
	Unique  (cost=374.32..374.81 rows=97 width=121)
	  ->  Sort  (cost=374.32..374.56 rows=97 width=121)
	        Sort Key: c
	        ->  Index Scan using sbtest6_pkey on sbtest6  (cost=0.43..371.12 rows=97 width=121)
	              Index Cond: ((id >= 3649543) AND (id <= 3649642))

table 7 : explain SELECT DISTINCT c FROM sbtest7 WHERE id BETWEEN 1338179 AND 1338278 ORDER BY c
	Unique  (cost=377.16..377.64 rows=97 width=121)
	  ->  Sort  (cost=377.16..377.40 rows=97 width=121)
	        Sort Key: c
	        ->  Index Scan using sbtest7_pkey on sbtest7  (cost=0.43..373.96 rows=97 width=121)
	              Index Cond: ((id >= 1338179) AND (id <= 1338278))

table 8 : explain SELECT DISTINCT c FROM sbtest8 WHERE id BETWEEN 4577294 AND 4577393 ORDER BY c
	Unique  (cost=369.33..369.80 rows=95 width=121)
	  ->  Sort  (cost=369.33..369.57 rows=95 width=121)
	        Sort Key: c
	        ->  Index Scan using sbtest8_pkey on sbtest8  (cost=0.43..366.21 rows=95 width=121)
	              Index Cond: ((id >= 4577294) AND (id <= 4577393))

explain: for index_updates :: explain UPDATE sbtest%u SET k=k+1 WHERE id=%u
for deletes
table 1 : explain DELETE FROM sbtest1 WHERE id=7195593
	Delete on sbtest1  (cost=0.43..8.45 rows=1 width=6)
	  ->  Index Scan using sbtest1_pkey on sbtest1  (cost=0.43..8.45 rows=1 width=6)
	        Index Cond: (id = 7195593)

table 2 : explain DELETE FROM sbtest2 WHERE id=4994010
	Delete on sbtest2  (cost=0.43..8.45 rows=1 width=6)
	  ->  Index Scan using sbtest2_pkey on sbtest2  (cost=0.43..8.45 rows=1 width=6)
	        Index Cond: (id = 4994010)

table 3 : explain DELETE FROM sbtest3 WHERE id=6358001
	Delete on sbtest3  (cost=0.43..8.45 rows=1 width=6)
	  ->  Index Scan using sbtest3_pkey on sbtest3  (cost=0.43..8.45 rows=1 width=6)
	        Index Cond: (id = 6358001)

table 4 : explain DELETE FROM sbtest4 WHERE id=2832308
	Delete on sbtest4  (cost=0.43..8.45 rows=1 width=6)
	  ->  Index Scan using sbtest4_pkey on sbtest4  (cost=0.43..8.45 rows=1 width=6)
	        Index Cond: (id = 2832308)

table 5 : explain DELETE FROM sbtest5 WHERE id=1005827
	Delete on sbtest5  (cost=0.43..8.45 rows=1 width=6)
	  ->  Index Scan using sbtest5_pkey on sbtest5  (cost=0.43..8.45 rows=1 width=6)
	        Index Cond: (id = 1005827)

table 6 : explain DELETE FROM sbtest6 WHERE id=7538312
	Delete on sbtest6  (cost=0.43..8.45 rows=1 width=6)
	  ->  Index Scan using sbtest6_pkey on sbtest6  (cost=0.43..8.45 rows=1 width=6)
	        Index Cond: (id = 7538312)

table 7 : explain DELETE FROM sbtest7 WHERE id=9153105
	Delete on sbtest7  (cost=0.43..8.45 rows=1 width=6)
	  ->  Index Scan using sbtest7_pkey on sbtest7  (cost=0.43..8.45 rows=1 width=6)
	        Index Cond: (id = 9153105)

table 8 : explain DELETE FROM sbtest8 WHERE id=2512208
	Delete on sbtest8  (cost=0.43..8.45 rows=1 width=6)
	  ->  Index Scan using sbtest8_pkey on sbtest8  (cost=0.43..8.45 rows=1 width=6)
	        Index Cond: (id = 2512208)

explain: for deletes :: explain DELETE FROM sbtest%u WHERE id=%u
for: sum_ranges
table 1 : explain SELECT SUM(k) FROM sbtest1 WHERE id BETWEEN 5286055 AND 5286154
	Aggregate  (cost=364.86..364.87 rows=1 width=8)
	  ->  Index Scan using sbtest1_pkey on sbtest1  (cost=0.43..364.63 rows=95 width=4)
	        Index Cond: ((id >= 5286055) AND (id <= 5286154))

table 2 : explain SELECT SUM(k) FROM sbtest2 WHERE id BETWEEN 751754 AND 751853
	Aggregate  (cost=380.32..380.33 rows=1 width=8)
	  ->  Index Scan using sbtest2_pkey on sbtest2  (cost=0.43..380.07 rows=99 width=4)
	        Index Cond: ((id >= 751754) AND (id <= 751853))

table 3 : explain SELECT SUM(k) FROM sbtest3 WHERE id BETWEEN 1371418 AND 1371517
	Aggregate  (cost=370.38..370.39 rows=1 width=8)
	  ->  Index Scan using sbtest3_pkey on sbtest3  (cost=0.43..370.14 rows=97 width=4)
	        Index Cond: ((id >= 1371418) AND (id <= 1371517))

table 4 : explain SELECT SUM(k) FROM sbtest4 WHERE id BETWEEN 9827178 AND 9827277
	Aggregate  (cost=396.43..396.44 rows=1 width=8)
	  ->  Index Scan using sbtest4_pkey on sbtest4  (cost=0.43..396.17 rows=103 width=4)
	        Index Cond: ((id >= 9827178) AND (id <= 9827277))

table 5 : explain SELECT SUM(k) FROM sbtest5 WHERE id BETWEEN 4186778 AND 4186877
	Aggregate  (cost=461.83..461.84 rows=1 width=8)
	  ->  Index Scan using sbtest5_pkey on sbtest5  (cost=0.43..461.53 rows=121 width=4)
	        Index Cond: ((id >= 4186778) AND (id <= 4186877))

table 6 : explain SELECT SUM(k) FROM sbtest6 WHERE id BETWEEN 2558802 AND 2558901
	Aggregate  (cost=378.92..378.93 rows=1 width=8)
	  ->  Index Scan using sbtest6_pkey on sbtest6  (cost=0.43..378.67 rows=99 width=4)
	        Index Cond: ((id >= 2558802) AND (id <= 2558901))

table 7 : explain SELECT SUM(k) FROM sbtest7 WHERE id BETWEEN 8744300 AND 8744399
	Aggregate  (cost=397.05..397.06 rows=1 width=8)
	  ->  Index Scan using sbtest7_pkey on sbtest7  (cost=0.43..396.79 rows=103 width=4)
	        Index Cond: ((id >= 8744300) AND (id <= 8744399))

table 8 : explain SELECT SUM(k) FROM sbtest8 WHERE id BETWEEN 6171917 AND 6172016
	Aggregate  (cost=396.96..396.97 rows=1 width=8)
	  ->  Index Scan using sbtest8_pkey on sbtest8  (cost=0.43..396.70 rows=103 width=4)
	        Index Cond: ((id >= 6171917) AND (id <= 6172016))

explain: for index_updates :: explain UPDATE sbtest%u SET k=k+1 WHERE id=%u
for point_selects
table 1 : explain SELECT c FROM sbtest1 WHERE id=6840449
	Index Scan using sbtest1_pkey on sbtest1  (cost=0.43..8.45 rows=1 width=121)
	  Index Cond: (id = 6840449)

table 2 : explain SELECT c FROM sbtest2 WHERE id=4465851
	Index Scan using sbtest2_pkey on sbtest2  (cost=0.43..8.45 rows=1 width=121)
	  Index Cond: (id = 4465851)

table 3 : explain SELECT c FROM sbtest3 WHERE id=8149006
	Index Scan using sbtest3_pkey on sbtest3  (cost=0.43..8.45 rows=1 width=121)
	  Index Cond: (id = 8149006)

table 4 : explain SELECT c FROM sbtest4 WHERE id=7479672
	Index Scan using sbtest4_pkey on sbtest4  (cost=0.43..8.45 rows=1 width=121)
	  Index Cond: (id = 7479672)

table 5 : explain SELECT c FROM sbtest5 WHERE id=6222425
	Index Scan using sbtest5_pkey on sbtest5  (cost=0.43..8.45 rows=1 width=121)
	  Index Cond: (id = 6222425)

table 6 : explain SELECT c FROM sbtest6 WHERE id=1334129
	Index Scan using sbtest6_pkey on sbtest6  (cost=0.43..8.45 rows=1 width=121)
	  Index Cond: (id = 1334129)

table 7 : explain SELECT c FROM sbtest7 WHERE id=3562373
	Index Scan using sbtest7_pkey on sbtest7  (cost=0.43..8.45 rows=1 width=121)
	  Index Cond: (id = 3562373)

table 8 : explain SELECT c FROM sbtest8 WHERE id=1151532
	Index Scan using sbtest8_pkey on sbtest8  (cost=0.43..8.45 rows=1 width=121)
	  Index Cond: (id = 1151532)

explain: for inserts :: explain INSERT INTO sbtest%u (id, k, c, pad) VALUES (%u, 13, 'foobar', 'foobar')
for index_updates
table 1 : explain UPDATE sbtest1 SET k=k+1 WHERE id=5472605
	Update on sbtest1  (cost=0.43..8.46 rows=1 width=196)
	  ->  Index Scan using sbtest1_pkey on sbtest1  (cost=0.43..8.46 rows=1 width=196)
	        Index Cond: (id = 5472605)

table 2 : explain UPDATE sbtest2 SET k=k+1 WHERE id=1406346
	Update on sbtest2  (cost=0.43..8.46 rows=1 width=196)
	  ->  Index Scan using sbtest2_pkey on sbtest2  (cost=0.43..8.46 rows=1 width=196)
	        Index Cond: (id = 1406346)

table 3 : explain UPDATE sbtest3 SET k=k+1 WHERE id=7624229
	Update on sbtest3  (cost=0.43..8.46 rows=1 width=196)
	  ->  Index Scan using sbtest3_pkey on sbtest3  (cost=0.43..8.46 rows=1 width=196)
	        Index Cond: (id = 7624229)

table 4 : explain UPDATE sbtest4 SET k=k+1 WHERE id=3411333
	Update on sbtest4  (cost=0.43..8.46 rows=1 width=196)
	  ->  Index Scan using sbtest4_pkey on sbtest4  (cost=0.43..8.46 rows=1 width=196)
	        Index Cond: (id = 3411333)

table 5 : explain UPDATE sbtest5 SET k=k+1 WHERE id=1745755
	Update on sbtest5  (cost=0.43..8.46 rows=1 width=196)
	  ->  Index Scan using sbtest5_pkey on sbtest5  (cost=0.43..8.46 rows=1 width=196)
	        Index Cond: (id = 1745755)

table 6 : explain UPDATE sbtest6 SET k=k+1 WHERE id=9908803
	Update on sbtest6  (cost=0.43..8.46 rows=1 width=196)
	  ->  Index Scan using sbtest6_pkey on sbtest6  (cost=0.43..8.46 rows=1 width=196)
	        Index Cond: (id = 9908803)

table 7 : explain UPDATE sbtest7 SET k=k+1 WHERE id=8621661
	Update on sbtest7  (cost=0.43..8.46 rows=1 width=196)
	  ->  Index Scan using sbtest7_pkey on sbtest7  (cost=0.43..8.46 rows=1 width=196)
	        Index Cond: (id = 8621661)

table 8 : explain UPDATE sbtest8 SET k=k+1 WHERE id=963132
	Update on sbtest8  (cost=0.43..8.46 rows=1 width=196)
	  ->  Index Scan using sbtest8_pkey on sbtest8  (cost=0.43..8.46 rows=1 width=196)
	        Index Cond: (id = 963132)

explain: for inserts :: explain INSERT INTO sbtest%u (id, k, c, pad) VALUES (%u, 13, 'foobar', 'foobar')
for index_updates
table 1 : explain UPDATE sbtest1 SET k=k+1 WHERE id=9170967
	Update on sbtest1  (cost=0.43..8.46 rows=1 width=196)
	  ->  Index Scan using sbtest1_pkey on sbtest1  (cost=0.43..8.46 rows=1 width=196)
	        Index Cond: (id = 9170967)

table 2 : explain UPDATE sbtest2 SET k=k+1 WHERE id=3681470
	Update on sbtest2  (cost=0.43..8.46 rows=1 width=196)
	  ->  Index Scan using sbtest2_pkey on sbtest2  (cost=0.43..8.46 rows=1 width=196)
	        Index Cond: (id = 3681470)

table 3 : explain UPDATE sbtest3 SET k=k+1 WHERE id=7849030
	Update on sbtest3  (cost=0.43..8.46 rows=1 width=196)
	  ->  Index Scan using sbtest3_pkey on sbtest3  (cost=0.43..8.46 rows=1 width=196)
	        Index Cond: (id = 7849030)

table 4 : explain UPDATE sbtest4 SET k=k+1 WHERE id=7063861
	Update on sbtest4  (cost=0.43..8.46 rows=1 width=196)
	  ->  Index Scan using sbtest4_pkey on sbtest4  (cost=0.43..8.46 rows=1 width=196)
	        Index Cond: (id = 7063861)

table 5 : explain UPDATE sbtest5 SET k=k+1 WHERE id=6053641
	Update on sbtest5  (cost=0.43..8.46 rows=1 width=196)
	  ->  Index Scan using sbtest5_pkey on sbtest5  (cost=0.43..8.46 rows=1 width=196)
	        Index Cond: (id = 6053641)

table 6 : explain UPDATE sbtest6 SET k=k+1 WHERE id=5993550
	Update on sbtest6  (cost=0.43..8.46 rows=1 width=196)
	  ->  Index Scan using sbtest6_pkey on sbtest6  (cost=0.43..8.46 rows=1 width=196)
	        Index Cond: (id = 5993550)

table 7 : explain UPDATE sbtest7 SET k=k+1 WHERE id=5945238
	Update on sbtest7  (cost=0.43..8.46 rows=1 width=196)
	  ->  Index Scan using sbtest7_pkey on sbtest7  (cost=0.43..8.46 rows=1 width=196)
	        Index Cond: (id = 5945238)

table 8 : explain UPDATE sbtest8 SET k=k+1 WHERE id=1445428
	Update on sbtest8  (cost=0.43..8.46 rows=1 width=196)
	  ->  Index Scan using sbtest8_pkey on sbtest8  (cost=0.43..8.46 rows=1 width=196)
	        Index Cond: (id = 1445428)

for: order_ranges
table 1 : explain SELECT c FROM sbtest1 WHERE id BETWEEN 2117980 AND 2118079 ORDER BY c
	Sort  (cost=409.85..410.12 rows=106 width=121)
	  Sort Key: c
	  ->  Index Scan using sbtest1_pkey on sbtest1  (cost=0.43..406.29 rows=106 width=121)
	        Index Cond: ((id >= 2117980) AND (id <= 2118079))

table 2 : explain SELECT c FROM sbtest2 WHERE id BETWEEN 2628710 AND 2628809 ORDER BY c
	Sort  (cost=367.98..368.21 rows=95 width=121)
	  Sort Key: c
	  ->  Index Scan using sbtest2_pkey on sbtest2  (cost=0.43..364.86 rows=95 width=121)
	        Index Cond: ((id >= 2628710) AND (id <= 2628809))

table 3 : explain SELECT c FROM sbtest3 WHERE id BETWEEN 8601720 AND 8601819 ORDER BY c
	Sort  (cost=365.73..365.97 rows=95 width=121)
	  Sort Key: c
	  ->  Index Scan using sbtest3_pkey on sbtest3  (cost=0.43..362.61 rows=95 width=121)
	        Index Cond: ((id >= 8601720) AND (id <= 8601819))

table 4 : explain SELECT c FROM sbtest4 WHERE id BETWEEN 9787513 AND 9787612 ORDER BY c
	Sort  (cost=414.98..415.24 rows=107 width=121)
	  Sort Key: c
	  ->  Index Scan using sbtest4_pkey on sbtest4  (cost=0.43..411.37 rows=107 width=121)
	        Index Cond: ((id >= 9787513) AND (id <= 9787612))

table 5 : explain SELECT c FROM sbtest5 WHERE id BETWEEN 7056736 AND 7056835 ORDER BY c
	Sort  (cost=355.08..355.31 rows=92 width=121)
	  Sort Key: c
	  ->  Index Scan using sbtest5_pkey on sbtest5  (cost=0.43..352.08 rows=92 width=121)
	        Index Cond: ((id >= 7056736) AND (id <= 7056835))

table 6 : explain SELECT c FROM sbtest6 WHERE id BETWEEN 6864989 AND 6865088 ORDER BY c
	Sort  (cost=351.37..351.59 rows=91 width=121)
	  Sort Key: c
	  ->  Index Scan using sbtest6_pkey on sbtest6  (cost=0.43..348.40 rows=91 width=121)
	        Index Cond: ((id >= 6864989) AND (id <= 6865088))

table 7 : explain SELECT c FROM sbtest7 WHERE id BETWEEN 1599013 AND 1599112 ORDER BY c
	Sort  (cost=377.16..377.40 rows=97 width=121)
	  Sort Key: c
	  ->  Index Scan using sbtest7_pkey on sbtest7  (cost=0.43..373.96 rows=97 width=121)
	        Index Cond: ((id >= 1599013) AND (id <= 1599112))

table 8 : explain SELECT c FROM sbtest8 WHERE id BETWEEN 3360335 AND 3360434 ORDER BY c
	Sort  (cost=407.83..408.10 rows=105 width=121)
	  Sort Key: c
	  ->  Index Scan using sbtest8_pkey on sbtest8  (cost=0.43..404.31 rows=105 width=121)
	        Index Cond: ((id >= 3360335) AND (id <= 3360434))

for: order_ranges
table 1 : explain SELECT c FROM sbtest1 WHERE id BETWEEN 5000008 AND 5000107 ORDER BY c
	Sort  (cost=417.51..417.78 rows=108 width=121)
	  Sort Key: c
	  ->  Index Scan using sbtest1_pkey on sbtest1  (cost=0.43..413.86 rows=108 width=121)
	        Index Cond: ((id >= 5000008) AND (id <= 5000107))

table 2 : explain SELECT c FROM sbtest2 WHERE id BETWEEN 7983232 AND 7983331 ORDER BY c
	Sort  (cost=398.68..398.94 rows=103 width=121)
	  Sort Key: c
	  ->  Index Scan using sbtest2_pkey on sbtest2  (cost=0.43..395.23 rows=103 width=121)
	        Index Cond: ((id >= 7983232) AND (id <= 7983331))

table 3 : explain SELECT c FROM sbtest3 WHERE id BETWEEN 4813918 AND 4814017 ORDER BY c
	Sort  (cost=399.98..400.24 rows=104 width=121)
	  Sort Key: c
	  ->  Index Scan using sbtest3_pkey on sbtest3  (cost=0.43..396.50 rows=104 width=121)
	        Index Cond: ((id >= 4813918) AND (id <= 4814017))

table 4 : explain SELECT c FROM sbtest4 WHERE id BETWEEN 2043847 AND 2043946 ORDER BY c
	Sort  (cost=399.61..399.87 rows=103 width=121)
	  Sort Key: c
	  ->  Index Scan using sbtest4_pkey on sbtest4  (cost=0.43..396.17 rows=103 width=121)
	        Index Cond: ((id >= 2043847) AND (id <= 2043946))

table 5 : explain SELECT c FROM sbtest5 WHERE id BETWEEN 3510157 AND 3510256 ORDER BY c
	Sort  (cost=355.08..355.31 rows=92 width=121)
	  Sort Key: c
	  ->  Index Scan using sbtest5_pkey on sbtest5  (cost=0.43..352.08 rows=92 width=121)
	        Index Cond: ((id >= 3510157) AND (id <= 3510256))

table 6 : explain SELECT c FROM sbtest6 WHERE id BETWEEN 5067087 AND 5067186 ORDER BY c
	Sort  (cost=404.85..405.12 rows=105 width=121)
	  Sort Key: c
	  ->  Index Scan using sbtest6_pkey on sbtest6  (cost=0.43..401.33 rows=105 width=121)
	        Index Cond: ((id >= 5067087) AND (id <= 5067186))

table 7 : explain SELECT c FROM sbtest7 WHERE id BETWEEN 8575994 AND 8576093 ORDER BY c
	Sort  (cost=388.70..388.95 rows=100 width=121)
	  Sort Key: c
	  ->  Index Scan using sbtest7_pkey on sbtest7  (cost=0.43..385.37 rows=100 width=121)
	        Index Cond: ((id >= 8575994) AND (id <= 8576093))

table 8 : explain SELECT c FROM sbtest8 WHERE id BETWEEN 7407264 AND 7407363 ORDER BY c
	Sort  (cost=369.33..369.57 rows=95 width=121)
	  Sort Key: c
	  ->  Index Scan using sbtest8_pkey on sbtest8  (cost=0.43..366.21 rows=95 width=121)
	        Index Cond: ((id >= 7407264) AND (id <= 7407363))

for inserts
table 1 : explain INSERT INTO sbtest1 (id, k, c, pad) VALUES (7187968, 13, 'foobar', 'foobar')
	Insert on sbtest1  (cost=0.00..0.01 rows=1 width=736)
	  ->  Result  (cost=0.00..0.01 rows=1 width=736)

table 2 : explain INSERT INTO sbtest2 (id, k, c, pad) VALUES (6494104, 13, 'foobar', 'foobar')
	Insert on sbtest2  (cost=0.00..0.01 rows=1 width=736)
	  ->  Result  (cost=0.00..0.01 rows=1 width=736)

table 3 : explain INSERT INTO sbtest3 (id, k, c, pad) VALUES (6999005, 13, 'foobar', 'foobar')
	Insert on sbtest3  (cost=0.00..0.01 rows=1 width=736)
	  ->  Result  (cost=0.00..0.01 rows=1 width=736)

table 4 : explain INSERT INTO sbtest4 (id, k, c, pad) VALUES (210327, 13, 'foobar', 'foobar')
	Insert on sbtest4  (cost=0.00..0.01 rows=1 width=736)
	  ->  Result  (cost=0.00..0.01 rows=1 width=736)

table 5 : explain INSERT INTO sbtest5 (id, k, c, pad) VALUES (1293243, 13, 'foobar', 'foobar')
	Insert on sbtest5  (cost=0.00..0.01 rows=1 width=736)
	  ->  Result  (cost=0.00..0.01 rows=1 width=736)

table 6 : explain INSERT INTO sbtest6 (id, k, c, pad) VALUES (9535042, 13, 'foobar', 'foobar')
	Insert on sbtest6  (cost=0.00..0.01 rows=1 width=736)
	  ->  Result  (cost=0.00..0.01 rows=1 width=736)

table 7 : explain INSERT INTO sbtest7 (id, k, c, pad) VALUES (6584087, 13, 'foobar', 'foobar')
	Insert on sbtest7  (cost=0.00..0.01 rows=1 width=736)
	  ->  Result  (cost=0.00..0.01 rows=1 width=736)

table 8 : explain INSERT INTO sbtest8 (id, k, c, pad) VALUES (6889513, 13, 'foobar', 'foobar')
	Insert on sbtest8  (cost=0.00..0.01 rows=1 width=736)
	  ->  Result  (cost=0.00..0.01 rows=1 width=736)

for: order_ranges
table 1 : explain SELECT c FROM sbtest1 WHERE id BETWEEN 1264250 AND 1264349 ORDER BY c
	Sort  (cost=409.85..410.12 rows=106 width=121)
	  Sort Key: c
	  ->  Index Scan using sbtest1_pkey on sbtest1  (cost=0.43..406.29 rows=106 width=121)
	        Index Cond: ((id >= 1264250) AND (id <= 1264349))

table 2 : explain SELECT c FROM sbtest2 WHERE id BETWEEN 5542515 AND 5542614 ORDER BY c
	Sort  (cost=394.85..395.10 rows=102 width=121)
	  Sort Key: c
	  ->  Index Scan using sbtest2_pkey on sbtest2  (cost=0.43..391.44 rows=102 width=121)
	        Index Cond: ((id >= 5542515) AND (id <= 5542614))

table 3 : explain SELECT c FROM sbtest3 WHERE id BETWEEN 8919622 AND 8919721 ORDER BY c
	Sort  (cost=373.34..373.58 rows=97 width=121)
	  Sort Key: c
	  ->  Index Scan using sbtest3_pkey on sbtest3  (cost=0.43..370.14 rows=97 width=121)
	        Index Cond: ((id >= 8919622) AND (id <= 8919721))

table 4 : explain SELECT c FROM sbtest4 WHERE id BETWEEN 8275449 AND 8275548 ORDER BY c
	Sort  (cost=426.50..426.77 rows=110 width=121)
	  Sort Key: c
	  ->  Index Scan using sbtest4_pkey on sbtest4  (cost=0.43..422.77 rows=110 width=121)
	        Index Cond: ((id >= 8275449) AND (id <= 8275548))

table 5 : explain SELECT c FROM sbtest5 WHERE id BETWEEN 625683 AND 625782 ORDER BY c
	Sort  (cost=358.90..359.13 rows=93 width=121)
	  Sort Key: c
	  ->  Index Scan using sbtest5_pkey on sbtest5  (cost=0.43..355.86 rows=93 width=121)
	        Index Cond: ((id >= 625683) AND (id <= 625782))

table 6 : explain SELECT c FROM sbtest6 WHERE id BETWEEN 756297 AND 756396 ORDER BY c
	Sort  (cost=378.14..378.38 rows=98 width=121)
	  Sort Key: c
	  ->  Index Scan using sbtest6_pkey on sbtest6  (cost=0.43..374.90 rows=98 width=121)
	        Index Cond: ((id >= 756297) AND (id <= 756396))

table 7 : explain SELECT c FROM sbtest7 WHERE id BETWEEN 1691729 AND 1691828 ORDER BY c
	Sort  (cost=384.85..385.10 rows=99 width=121)
	  Sort Key: c
	  ->  Index Scan using sbtest7_pkey on sbtest7  (cost=0.43..381.57 rows=99 width=121)
	        Index Cond: ((id >= 1691729) AND (id <= 1691828))

table 8 : explain SELECT c FROM sbtest8 WHERE id BETWEEN 4993337 AND 4993436 ORDER BY c
	Sort  (cost=357.79..358.02 rows=92 width=121)
	  Sort Key: c
	  ->  Index Scan using sbtest8_pkey on sbtest8  (cost=0.43..354.79 rows=92 width=121)
	        Index Cond: ((id >= 4993337) AND (id <= 4993436))

explain: for non_index_updates :: explain UPDATE sbtest%u SET c='foobar' WHERE id=%u
for: order_ranges
table 1 : explain SELECT c FROM sbtest1 WHERE id BETWEEN 5782628 AND 5782727 ORDER BY c
	Sort  (cost=417.51..417.78 rows=108 width=121)
	  Sort Key: c
	  ->  Index Scan using sbtest1_pkey on sbtest1  (cost=0.43..413.86 rows=108 width=121)
	        Index Cond: ((id >= 5782628) AND (id <= 5782727))

table 2 : explain SELECT c FROM sbtest2 WHERE id BETWEEN 6700591 AND 6700690 ORDER BY c
	Sort  (cost=367.98..368.21 rows=95 width=121)
	  Sort Key: c
	  ->  Index Scan using sbtest2_pkey on sbtest2  (cost=0.43..364.86 rows=95 width=121)
	        Index Cond: ((id >= 6700591) AND (id <= 6700690))

table 3 : explain SELECT c FROM sbtest3 WHERE id BETWEEN 4698288 AND 4698387 ORDER BY c
	Sort  (cost=419.02..419.29 rows=109 width=121)
	  Sort Key: c
	  ->  Index Scan using sbtest3_pkey on sbtest3  (cost=0.43..415.33 rows=109 width=121)
	        Index Cond: ((id >= 4698288) AND (id <= 4698387))

table 4 : explain SELECT c FROM sbtest4 WHERE id BETWEEN 3070001 AND 3070100 ORDER BY c
	Sort  (cost=418.82..419.09 rows=108 width=121)
	  Sort Key: c
	  ->  Index Scan using sbtest4_pkey on sbtest4  (cost=0.43..415.17 rows=108 width=121)
	        Index Cond: ((id >= 3070001) AND (id <= 3070100))

table 5 : explain SELECT c FROM sbtest5 WHERE id BETWEEN 4353068 AND 4353167 ORDER BY c
	Sort  (cost=358.90..359.13 rows=93 width=121)
	  Sort Key: c
	  ->  Index Scan using sbtest5_pkey on sbtest5  (cost=0.43..355.86 rows=93 width=121)
	        Index Cond: ((id >= 4353068) AND (id <= 4353167))

table 6 : explain SELECT c FROM sbtest6 WHERE id BETWEEN 9612195 AND 9612294 ORDER BY c
	Sort  (cost=389.59..389.84 rows=101 width=121)
	  Sort Key: c
	  ->  Index Scan using sbtest6_pkey on sbtest6  (cost=0.43..386.22 rows=101 width=121)
	        Index Cond: ((id >= 9612195) AND (id <= 9612294))

table 7 : explain SELECT c FROM sbtest7 WHERE id BETWEEN 6268652 AND 6268751 ORDER BY c
	Sort  (cost=427.16..427.43 rows=110 width=121)
	  Sort Key: c
	  ->  Index Scan using sbtest7_pkey on sbtest7  (cost=0.43..423.43 rows=110 width=121)
	        Index Cond: ((id >= 6268652) AND (id <= 6268751))

table 8 : explain SELECT c FROM sbtest8 WHERE id BETWEEN 1647822 AND 1647921 ORDER BY c
	Sort  (cost=403.99..404.25 rows=104 width=121)
	  Sort Key: c
	  ->  Index Scan using sbtest8_pkey on sbtest8  (cost=0.43..400.50 rows=104 width=121)
	        Index Cond: ((id >= 1647822) AND (id <= 1647921))

explain: for non_index_updates :: explain UPDATE sbtest%u SET c='foobar' WHERE id=%u
for index_updates
table 1 : explain UPDATE sbtest1 SET k=k+1 WHERE id=9450005
	Update on sbtest1  (cost=0.43..8.46 rows=1 width=196)
	  ->  Index Scan using sbtest1_pkey on sbtest1  (cost=0.43..8.46 rows=1 width=196)
	        Index Cond: (id = 9450005)

table 2 : explain UPDATE sbtest2 SET k=k+1 WHERE id=9493570
	Update on sbtest2  (cost=0.43..8.46 rows=1 width=196)
	  ->  Index Scan using sbtest2_pkey on sbtest2  (cost=0.43..8.46 rows=1 width=196)
	        Index Cond: (id = 9493570)

table 3 : explain UPDATE sbtest3 SET k=k+1 WHERE id=3462921
	Update on sbtest3  (cost=0.43..8.46 rows=1 width=196)
	  ->  Index Scan using sbtest3_pkey on sbtest3  (cost=0.43..8.46 rows=1 width=196)
	        Index Cond: (id = 3462921)

table 4 : explain UPDATE sbtest4 SET k=k+1 WHERE id=4939315
	Update on sbtest4  (cost=0.43..8.46 rows=1 width=196)
	  ->  Index Scan using sbtest4_pkey on sbtest4  (cost=0.43..8.46 rows=1 width=196)
	        Index Cond: (id = 4939315)

table 5 : explain UPDATE sbtest5 SET k=k+1 WHERE id=8626862
	Update on sbtest5  (cost=0.43..8.46 rows=1 width=196)
	  ->  Index Scan using sbtest5_pkey on sbtest5  (cost=0.43..8.46 rows=1 width=196)
	        Index Cond: (id = 8626862)

table 6 : explain UPDATE sbtest6 SET k=k+1 WHERE id=164932
	Update on sbtest6  (cost=0.43..8.46 rows=1 width=196)
	  ->  Index Scan using sbtest6_pkey on sbtest6  (cost=0.43..8.46 rows=1 width=196)
	        Index Cond: (id = 164932)

table 7 : explain UPDATE sbtest7 SET k=k+1 WHERE id=398763
	Update on sbtest7  (cost=0.43..8.46 rows=1 width=196)
	  ->  Index Scan using sbtest7_pkey on sbtest7  (cost=0.43..8.46 rows=1 width=196)
	        Index Cond: (id = 398763)

table 8 : explain UPDATE sbtest8 SET k=k+1 WHERE id=5985371
	Update on sbtest8  (cost=0.43..8.46 rows=1 width=196)
	  ->  Index Scan using sbtest8_pkey on sbtest8  (cost=0.43..8.46 rows=1 width=196)
	        Index Cond: (id = 5985371)

for: order_ranges
table 1 : explain SELECT c FROM sbtest1 WHERE id BETWEEN 4212930 AND 4213029 ORDER BY c
	Sort  (cost=363.92..364.16 rows=94 width=121)
	  Sort Key: c
	  ->  Index Scan using sbtest1_pkey on sbtest1  (cost=0.43..360.84 rows=94 width=121)
	        Index Cond: ((id >= 4212930) AND (id <= 4213029))

table 2 : explain SELECT c FROM sbtest2 WHERE id BETWEEN 7002378 AND 7002477 ORDER BY c
	Sort  (cost=379.52..379.77 rows=98 width=121)
	  Sort Key: c
	  ->  Index Scan using sbtest2_pkey on sbtest2  (cost=0.43..376.28 rows=98 width=121)
	        Index Cond: ((id >= 7002378) AND (id <= 7002477))

table 3 : explain SELECT c FROM sbtest3 WHERE id BETWEEN 6449194 AND 6449293 ORDER BY c
	Sort  (cost=399.98..400.24 rows=104 width=121)
	  Sort Key: c
	  ->  Index Scan using sbtest3_pkey on sbtest3  (cost=0.43..396.50 rows=104 width=121)
	        Index Cond: ((id >= 6449194) AND (id <= 6449293))

table 4 : explain SELECT c FROM sbtest4 WHERE id BETWEEN 9519611 AND 9519710 ORDER BY c
	Sort  (cost=395.77..396.03 rows=102 width=121)
	  Sort Key: c
	  ->  Index Scan using sbtest4_pkey on sbtest4  (cost=0.43..392.37 rows=102 width=121)
	        Index Cond: ((id >= 9519611) AND (id <= 9519710))

table 5 : explain SELECT c FROM sbtest5 WHERE id BETWEEN 1207194 AND 1207293 ORDER BY c
	Sort  (cost=366.53..366.76 rows=95 width=121)
	  Sort Key: c
	  ->  Index Scan using sbtest5_pkey on sbtest5  (cost=0.43..363.40 rows=95 width=121)
	        Index Cond: ((id >= 1207194) AND (id <= 1207293))

table 6 : explain SELECT c FROM sbtest6 WHERE id BETWEEN 4221229 AND 4221328 ORDER BY c
	Sort  (cost=393.40..393.66 rows=102 width=121)
	  Sort Key: c
	  ->  Index Scan using sbtest6_pkey on sbtest6  (cost=0.43..390.00 rows=102 width=121)
	        Index Cond: ((id >= 4221229) AND (id <= 4221328))

table 7 : explain SELECT c FROM sbtest7 WHERE id BETWEEN 812526 AND 812625 ORDER BY c
	Sort  (cost=373.31..373.55 rows=96 width=121)
	  Sort Key: c
	  ->  Index Scan using sbtest7_pkey on sbtest7  (cost=0.43..370.15 rows=96 width=121)
	        Index Cond: ((id >= 812526) AND (id <= 812625))

table 8 : explain SELECT c FROM sbtest8 WHERE id BETWEEN 1049418 AND 1049517 ORDER BY c
	Sort  (cost=403.99..404.25 rows=104 width=121)
	  Sort Key: c
	  ->  Index Scan using sbtest8_pkey on sbtest8  (cost=0.43..400.50 rows=104 width=121)
	        Index Cond: ((id >= 1049418) AND (id <= 1049517))

explain: for non_index_updates :: explain UPDATE sbtest%u SET c='foobar' WHERE id=%u
for non_index_updates
table 1 : explain UPDATE sbtest1 SET c='foobar' WHERE id=2836202
	Update on sbtest1  (cost=0.43..8.45 rows=1 width=559)
	  ->  Index Scan using sbtest1_pkey on sbtest1  (cost=0.43..8.45 rows=1 width=559)
	        Index Cond: (id = 2836202)

table 2 : explain UPDATE sbtest2 SET c='foobar' WHERE id=9596389
	Update on sbtest2  (cost=0.43..8.45 rows=1 width=559)
	  ->  Index Scan using sbtest2_pkey on sbtest2  (cost=0.43..8.45 rows=1 width=559)
	        Index Cond: (id = 9596389)

table 3 : explain UPDATE sbtest3 SET c='foobar' WHERE id=8228785
	Update on sbtest3  (cost=0.43..8.45 rows=1 width=559)
	  ->  Index Scan using sbtest3_pkey on sbtest3  (cost=0.43..8.45 rows=1 width=559)
	        Index Cond: (id = 8228785)

table 4 : explain UPDATE sbtest4 SET c='foobar' WHERE id=103092
	Update on sbtest4  (cost=0.43..8.45 rows=1 width=559)
	  ->  Index Scan using sbtest4_pkey on sbtest4  (cost=0.43..8.45 rows=1 width=559)
	        Index Cond: (id = 103092)

table 5 : explain UPDATE sbtest5 SET c='foobar' WHERE id=2602395
	Update on sbtest5  (cost=0.43..8.45 rows=1 width=559)
	  ->  Index Scan using sbtest5_pkey on sbtest5  (cost=0.43..8.45 rows=1 width=559)
	        Index Cond: (id = 2602395)

table 6 : explain UPDATE sbtest6 SET c='foobar' WHERE id=5012139
	Update on sbtest6  (cost=0.43..8.45 rows=1 width=559)
	  ->  Index Scan using sbtest6_pkey on sbtest6  (cost=0.43..8.45 rows=1 width=559)
	        Index Cond: (id = 5012139)

table 7 : explain UPDATE sbtest7 SET c='foobar' WHERE id=5002653
	Update on sbtest7  (cost=0.43..8.45 rows=1 width=559)
	  ->  Index Scan using sbtest7_pkey on sbtest7  (cost=0.43..8.45 rows=1 width=559)
	        Index Cond: (id = 5002653)

table 8 : explain UPDATE sbtest8 SET c='foobar' WHERE id=2286315
	Update on sbtest8  (cost=0.43..8.45 rows=1 width=559)
	  ->  Index Scan using sbtest8_pkey on sbtest8  (cost=0.43..8.45 rows=1 width=559)
	        Index Cond: (id = 2286315)

for: simple_ranges
table 1 : explain SELECT c FROM sbtest1 WHERE id BETWEEN 1899157 AND 1899256
	Index Scan using sbtest1_pkey on sbtest1  (cost=0.43..387.35 rows=101 width=121)
	  Index Cond: ((id >= 1899157) AND (id <= 1899256))

table 2 : explain SELECT c FROM sbtest2 WHERE id BETWEEN 8478183 AND 8478282
	Index Scan using sbtest2_pkey on sbtest2  (cost=0.43..391.44 rows=102 width=121)
	  Index Cond: ((id >= 8478183) AND (id <= 8478282))

table 3 : explain SELECT c FROM sbtest3 WHERE id BETWEEN 9951990 AND 9952089
	Index Scan using sbtest3_pkey on sbtest3  (cost=0.43..419.09 rows=110 width=121)
	  Index Cond: ((id >= 9951990) AND (id <= 9952089))

table 4 : explain SELECT c FROM sbtest4 WHERE id BETWEEN 4465169 AND 4465268
	Index Scan using sbtest4_pkey on sbtest4  (cost=0.43..449.36 rows=117 width=121)
	  Index Cond: ((id >= 4465169) AND (id <= 4465268))

table 5 : explain SELECT c FROM sbtest5 WHERE id BETWEEN 1052310 AND 1052409
	Index Scan using sbtest5_pkey on sbtest5  (cost=0.43..393.60 rows=103 width=121)
	  Index Cond: ((id >= 1052310) AND (id <= 1052409))

table 6 : explain SELECT c FROM sbtest6 WHERE id BETWEEN 4946143 AND 4946242
	Index Scan using sbtest6_pkey on sbtest6  (cost=0.43..371.12 rows=97 width=121)
	  Index Cond: ((id >= 4946143) AND (id <= 4946242))

table 7 : explain SELECT c FROM sbtest7 WHERE id BETWEEN 7454876 AND 7454975
	Index Scan using sbtest7_pkey on sbtest7  (cost=0.43..373.96 rows=97 width=121)
	  Index Cond: ((id >= 7454876) AND (id <= 7454975))

table 8 : explain SELECT c FROM sbtest8 WHERE id BETWEEN 6729923 AND 6730022
	Index Scan using sbtest8_pkey on sbtest8  (cost=0.43..350.99 rows=91 width=121)
	  Index Cond: ((id >= 6729923) AND (id <= 6730022))

for non_index_updates
table 1 : explain UPDATE sbtest1 SET c='foobar' WHERE id=9858259
	Update on sbtest1  (cost=0.43..8.45 rows=1 width=559)
	  ->  Index Scan using sbtest1_pkey on sbtest1  (cost=0.43..8.45 rows=1 width=559)
	        Index Cond: (id = 9858259)

table 2 : explain UPDATE sbtest2 SET c='foobar' WHERE id=5247365
	Update on sbtest2  (cost=0.43..8.45 rows=1 width=559)
	  ->  Index Scan using sbtest2_pkey on sbtest2  (cost=0.43..8.45 rows=1 width=559)
	        Index Cond: (id = 5247365)

table 3 : explain UPDATE sbtest3 SET c='foobar' WHERE id=3452858
	Update on sbtest3  (cost=0.43..8.45 rows=1 width=559)
	  ->  Index Scan using sbtest3_pkey on sbtest3  (cost=0.43..8.45 rows=1 width=559)
	        Index Cond: (id = 3452858)

table 4 : explain UPDATE sbtest4 SET c='foobar' WHERE id=5554476
	Update on sbtest4  (cost=0.43..8.45 rows=1 width=559)
	  ->  Index Scan using sbtest4_pkey on sbtest4  (cost=0.43..8.45 rows=1 width=559)
	        Index Cond: (id = 5554476)

table 5 : explain UPDATE sbtest5 SET c='foobar' WHERE id=6579048
	Update on sbtest5  (cost=0.43..8.45 rows=1 width=559)
	  ->  Index Scan using sbtest5_pkey on sbtest5  (cost=0.43..8.45 rows=1 width=559)
	        Index Cond: (id = 6579048)

table 6 : explain UPDATE sbtest6 SET c='foobar' WHERE id=9803257
	Update on sbtest6  (cost=0.43..8.45 rows=1 width=559)
	  ->  Index Scan using sbtest6_pkey on sbtest6  (cost=0.43..8.45 rows=1 width=559)
	        Index Cond: (id = 9803257)

table 7 : explain UPDATE sbtest7 SET c='foobar' WHERE id=6353462
	Update on sbtest7  (cost=0.43..8.45 rows=1 width=559)
	  ->  Index Scan using sbtest7_pkey on sbtest7  (cost=0.43..8.45 rows=1 width=559)
	        Index Cond: (id = 6353462)

table 8 : explain UPDATE sbtest8 SET c='foobar' WHERE id=5241994
	Update on sbtest8  (cost=0.43..8.45 rows=1 width=559)
	  ->  Index Scan using sbtest8_pkey on sbtest8  (cost=0.43..8.45 rows=1 width=559)
	        Index Cond: (id = 5241994)

for: order_ranges
table 1 : explain SELECT c FROM sbtest1 WHERE id BETWEEN 5719881 AND 5719980 ORDER BY c
	Sort  (cost=417.51..417.78 rows=108 width=121)
	  Sort Key: c
	  ->  Index Scan using sbtest1_pkey on sbtest1  (cost=0.43..413.86 rows=108 width=121)
	        Index Cond: ((id >= 5719881) AND (id <= 5719980))

table 2 : explain SELECT c FROM sbtest2 WHERE id BETWEEN 9055842 AND 9055941 ORDER BY c
	Sort  (cost=394.85..395.10 rows=102 width=121)
	  Sort Key: c
	  ->  Index Scan using sbtest2_pkey on sbtest2  (cost=0.43..391.44 rows=102 width=121)
	        Index Cond: ((id >= 9055842) AND (id <= 9055941))

table 3 : explain SELECT c FROM sbtest3 WHERE id BETWEEN 2011857 AND 2011956 ORDER BY c
	Sort  (cost=342.83..343.06 rows=89 width=121)
	  Sort Key: c
	  ->  Index Scan using sbtest3_pkey on sbtest3  (cost=0.43..339.95 rows=89 width=121)
	        Index Cond: ((id >= 2011857) AND (id <= 2011956))

table 4 : explain SELECT c FROM sbtest4 WHERE id BETWEEN 1249264 AND 1249363 ORDER BY c
	Sort  (cost=326.61..326.82 rows=84 width=121)
	  Sort Key: c
	  ->  Index Scan using sbtest4_pkey on sbtest4  (cost=0.43..323.93 rows=84 width=121)
	        Index Cond: ((id >= 1249264) AND (id <= 1249363))

table 5 : explain SELECT c FROM sbtest5 WHERE id BETWEEN 3239396 AND 3239495 ORDER BY c
	Sort  (cost=374.15..374.40 rows=97 width=121)
	  Sort Key: c
	  ->  Index Scan using sbtest5_pkey on sbtest5  (cost=0.43..370.95 rows=97 width=121)
	        Index Cond: ((id >= 3239396) AND (id <= 3239495))

table 6 : explain SELECT c FROM sbtest6 WHERE id BETWEEN 1130484 AND 1130583 ORDER BY c
	Sort  (cost=385.77..386.02 rows=100 width=121)
	  Sort Key: c
	  ->  Index Scan using sbtest6_pkey on sbtest6  (cost=0.43..382.45 rows=100 width=121)
	        Index Cond: ((id >= 1130484) AND (id <= 1130583))

table 7 : explain SELECT c FROM sbtest7 WHERE id BETWEEN 2232395 AND 2232494 ORDER BY c
	Sort  (cost=373.31..373.55 rows=96 width=121)
	  Sort Key: c
	  ->  Index Scan using sbtest7_pkey on sbtest7  (cost=0.43..370.15 rows=96 width=121)
	        Index Cond: ((id >= 2232395) AND (id <= 2232494))

table 8 : explain SELECT c FROM sbtest8 WHERE id BETWEEN 5933844 AND 5933943 ORDER BY c
	Sort  (cost=357.79..358.02 rows=92 width=121)
	  Sort Key: c
	  ->  Index Scan using sbtest8_pkey on sbtest8  (cost=0.43..354.79 rows=92 width=121)
	        Index Cond: ((id >= 5933844) AND (id <= 5933943))

explain: for deletes :: explain DELETE FROM sbtest%u WHERE id=%u
explain: for deletes :: explain DELETE FROM sbtest%u WHERE id=%u
for: distinct_ranges
table 1 : explain SELECT DISTINCT c FROM sbtest1 WHERE id BETWEEN 9758099 AND 9758198 ORDER BY c
	Unique  (cost=402.20..402.72 rows=104 width=121)
	  ->  Sort  (cost=402.20..402.46 rows=104 width=121)
	        Sort Key: c
	        ->  Index Scan using sbtest1_pkey on sbtest1  (cost=0.43..398.71 rows=104 width=121)
	              Index Cond: ((id >= 9758099) AND (id <= 9758198))

table 2 : explain SELECT DISTINCT c FROM sbtest2 WHERE id BETWEEN 9057283 AND 9057382 ORDER BY c
	Unique  (cost=394.85..395.36 rows=102 width=121)
	  ->  Sort  (cost=394.85..395.10 rows=102 width=121)
	        Sort Key: c
	        ->  Index Scan using sbtest2_pkey on sbtest2  (cost=0.43..391.44 rows=102 width=121)
	              Index Cond: ((id >= 9057283) AND (id <= 9057382))

table 3 : explain SELECT DISTINCT c FROM sbtest3 WHERE id BETWEEN 2577546 AND 2577645 ORDER BY c
	Unique  (cost=407.60..408.13 rows=106 width=121)
	  ->  Sort  (cost=407.60..407.86 rows=106 width=121)
	        Sort Key: c
	        ->  Index Scan using sbtest3_pkey on sbtest3  (cost=0.43..404.03 rows=106 width=121)
	              Index Cond: ((id >= 2577546) AND (id <= 2577645))

table 4 : explain SELECT DISTINCT c FROM sbtest4 WHERE id BETWEEN 4788600 AND 4788699 ORDER BY c
	Unique  (cost=418.82..419.36 rows=108 width=121)
	  ->  Sort  (cost=418.82..419.09 rows=108 width=121)
	        Sort Key: c
	        ->  Index Scan using sbtest4_pkey on sbtest4  (cost=0.43..415.17 rows=108 width=121)
	              Index Cond: ((id >= 4788600) AND (id <= 4788699))

table 5 : explain SELECT DISTINCT c FROM sbtest5 WHERE id BETWEEN 6637136 AND 6637235 ORDER BY c
	Unique  (cost=385.60..386.10 rows=100 width=121)
	  ->  Sort  (cost=385.60..385.85 rows=100 width=121)
	        Sort Key: c
	        ->  Index Scan using sbtest5_pkey on sbtest5  (cost=0.43..382.28 rows=100 width=121)
	              Index Cond: ((id >= 6637136) AND (id <= 6637235))

table 6 : explain SELECT DISTINCT c FROM sbtest6 WHERE id BETWEEN 9474618 AND 9474717 ORDER BY c
	Unique  (cost=408.67..409.20 rows=106 width=121)
	  ->  Sort  (cost=408.67..408.93 rows=106 width=121)
	        Sort Key: c
	        ->  Index Scan using sbtest6_pkey on sbtest6  (cost=0.43..405.10 rows=106 width=121)
	              Index Cond: ((id >= 9474618) AND (id <= 9474717))

table 7 : explain SELECT DISTINCT c FROM sbtest7 WHERE id BETWEEN 8107258 AND 8107357 ORDER BY c
	Unique  (cost=369.47..369.94 rows=95 width=121)
	  ->  Sort  (cost=369.47..369.70 rows=95 width=121)
	        Sort Key: c
	        ->  Index Scan using sbtest7_pkey on sbtest7  (cost=0.43..366.35 rows=95 width=121)
	              Index Cond: ((id >= 8107258) AND (id <= 8107357))

table 8 : explain SELECT DISTINCT c FROM sbtest8 WHERE id BETWEEN 6746996 AND 6747095 ORDER BY c
	Unique  (cost=373.17..373.65 rows=96 width=121)
	  ->  Sort  (cost=373.17..373.41 rows=96 width=121)
	        Sort Key: c
	        ->  Index Scan using sbtest8_pkey on sbtest8  (cost=0.43..370.01 rows=96 width=121)
	              Index Cond: ((id >= 6746996) AND (id <= 6747095))

for: distinct_ranges
table 1 : explain SELECT DISTINCT c FROM sbtest1 WHERE id BETWEEN 7070606 AND 7070705 ORDER BY c
	Unique  (cost=413.68..414.21 rows=107 width=121)
	  ->  Sort  (cost=413.68..413.95 rows=107 width=121)
	        Sort Key: c
	        ->  Index Scan using sbtest1_pkey on sbtest1  (cost=0.43..410.07 rows=107 width=121)
	              Index Cond: ((id >= 7070606) AND (id <= 7070705))

table 2 : explain SELECT DISTINCT c FROM sbtest2 WHERE id BETWEEN 8637503 AND 8637602 ORDER BY c
	Unique  (cost=360.32..360.78 rows=93 width=121)
	  ->  Sort  (cost=360.32..360.55 rows=93 width=121)
	        Sort Key: c
	        ->  Index Scan using sbtest2_pkey on sbtest2  (cost=0.43..357.27 rows=93 width=121)
	              Index Cond: ((id >= 8637503) AND (id <= 8637602))

table 3 : explain SELECT DISTINCT c FROM sbtest3 WHERE id BETWEEN 1401279 AND 1401378 ORDER BY c
	Unique  (cost=350.51..350.96 rows=91 width=121)
	  ->  Sort  (cost=350.51..350.74 rows=91 width=121)
	        Sort Key: c
	        ->  Index Scan using sbtest3_pkey on sbtest3  (cost=0.43..347.55 rows=91 width=121)
	              Index Cond: ((id >= 1401279) AND (id <= 1401378))

table 4 : explain SELECT DISTINCT c FROM sbtest4 WHERE id BETWEEN 954278 AND 954377 ORDER BY c
	Unique  (cost=391.93..392.44 rows=101 width=121)
	  ->  Sort  (cost=391.93..392.19 rows=101 width=121)
	        Sort Key: c
	        ->  Index Scan using sbtest4_pkey on sbtest4  (cost=0.43..388.57 rows=101 width=121)
	              Index Cond: ((id >= 954278) AND (id <= 954377))

table 5 : explain SELECT DISTINCT c FROM sbtest5 WHERE id BETWEEN 3390912 AND 3391011 ORDER BY c
	Unique  (cost=362.71..363.18 rows=94 width=121)
	  ->  Sort  (cost=362.71..362.95 rows=94 width=121)
	        Sort Key: c
	        ->  Index Scan using sbtest5_pkey on sbtest5  (cost=0.43..359.63 rows=94 width=121)
	              Index Cond: ((id >= 3390912) AND (id <= 3391011))

table 6 : explain SELECT DISTINCT c FROM sbtest6 WHERE id BETWEEN 4319084 AND 4319183 ORDER BY c
	Unique  (cost=439.21..439.78 rows=114 width=121)
	  ->  Sort  (cost=439.21..439.49 rows=114 width=121)
	        Sort Key: c
	        ->  Index Scan using sbtest6_pkey on sbtest6  (cost=0.43..435.31 rows=114 width=121)
	              Index Cond: ((id >= 4319084) AND (id <= 4319183))

table 7 : explain SELECT DISTINCT c FROM sbtest7 WHERE id BETWEEN 4770724 AND 4770823 ORDER BY c
	Unique  (cost=388.70..389.20 rows=100 width=121)
	  ->  Sort  (cost=388.70..388.95 rows=100 width=121)
	        Sort Key: c
	        ->  Index Scan using sbtest7_pkey on sbtest7  (cost=0.43..385.37 rows=100 width=121)
	              Index Cond: ((id >= 4770724) AND (id <= 4770823))

table 8 : explain SELECT DISTINCT c FROM sbtest8 WHERE id BETWEEN 5305347 AND 5305446 ORDER BY c
	Unique  (cost=369.33..369.80 rows=95 width=121)
	  ->  Sort  (cost=369.33..369.57 rows=95 width=121)
	        Sort Key: c
	        ->  Index Scan using sbtest8_pkey on sbtest8  (cost=0.43..366.21 rows=95 width=121)
	              Index Cond: ((id >= 5305347) AND (id <= 5305446))

for: distinct_ranges
table 1 : explain SELECT DISTINCT c FROM sbtest1 WHERE id BETWEEN 7746092 AND 7746191 ORDER BY c
	Unique  (cost=398.37..398.88 rows=103 width=121)
	  ->  Sort  (cost=398.37..398.63 rows=103 width=121)
	        Sort Key: c
	        ->  Index Scan using sbtest1_pkey on sbtest1  (cost=0.43..394.92 rows=103 width=121)
	              Index Cond: ((id >= 7746092) AND (id <= 7746191))

table 2 : explain SELECT DISTINCT c FROM sbtest2 WHERE id BETWEEN 8870587 AND 8870686 ORDER BY c
	Unique  (cost=383.36..383.85 rows=99 width=121)
	  ->  Sort  (cost=383.36..383.60 rows=99 width=121)
	        Sort Key: c
	        ->  Index Scan using sbtest2_pkey on sbtest2  (cost=0.43..380.07 rows=99 width=121)
	              Index Cond: ((id >= 8870587) AND (id <= 8870686))

table 3 : explain SELECT DISTINCT c FROM sbtest3 WHERE id BETWEEN 1815551 AND 1815650 ORDER BY c
	Unique  (cost=377.15..377.64 rows=98 width=121)
	  ->  Sort  (cost=377.15..377.39 rows=98 width=121)
	        Sort Key: c
	        ->  Index Scan using sbtest3_pkey on sbtest3  (cost=0.43..373.91 rows=98 width=121)
	              Index Cond: ((id >= 1815551) AND (id <= 1815650))

table 4 : explain SELECT DISTINCT c FROM sbtest4 WHERE id BETWEEN 2178924 AND 2179023 ORDER BY c
	Unique  (cost=399.61..400.13 rows=103 width=121)
	  ->  Sort  (cost=399.61..399.87 rows=103 width=121)
	        Sort Key: c
	        ->  Index Scan using sbtest4_pkey on sbtest4  (cost=0.43..396.17 rows=103 width=121)
	              Index Cond: ((id >= 2178924) AND (id <= 2179023))

table 5 : explain SELECT DISTINCT c FROM sbtest5 WHERE id BETWEEN 6443868 AND 6443967 ORDER BY c
	Unique  (cost=385.60..386.10 rows=100 width=121)
	  ->  Sort  (cost=385.60..385.85 rows=100 width=121)
	        Sort Key: c
	        ->  Index Scan using sbtest5_pkey on sbtest5  (cost=0.43..382.28 rows=100 width=121)
	              Index Cond: ((id >= 6443868) AND (id <= 6443967))

table 6 : explain SELECT DISTINCT c FROM sbtest6 WHERE id BETWEEN 5228713 AND 5228812 ORDER BY c
	Unique  (cost=420.12..420.67 rows=109 width=121)
	  ->  Sort  (cost=420.12..420.39 rows=109 width=121)
	        Sort Key: c
	        ->  Index Scan using sbtest6_pkey on sbtest6  (cost=0.43..416.43 rows=109 width=121)
	              Index Cond: ((id >= 5228713) AND (id <= 5228812))

table 7 : explain SELECT DISTINCT c FROM sbtest7 WHERE id BETWEEN 6801898 AND 6801997 ORDER BY c
	Unique  (cost=388.70..389.20 rows=100 width=121)
	  ->  Sort  (cost=388.70..388.95 rows=100 width=121)
	        Sort Key: c
	        ->  Index Scan using sbtest7_pkey on sbtest7  (cost=0.43..385.37 rows=100 width=121)
	              Index Cond: ((id >= 6801898) AND (id <= 6801997))

table 8 : explain SELECT DISTINCT c FROM sbtest8 WHERE id BETWEEN 4142536 AND 4142635 ORDER BY c
	Unique  (cost=357.79..358.25 rows=92 width=121)
	  ->  Sort  (cost=357.79..358.02 rows=92 width=121)
	        Sort Key: c
	        ->  Index Scan using sbtest8_pkey on sbtest8  (cost=0.43..354.79 rows=92 width=121)
	              Index Cond: ((id >= 4142536) AND (id <= 4142635))

for non_index_updates
table 1 : explain UPDATE sbtest1 SET c='foobar' WHERE id=6261276
	Update on sbtest1  (cost=0.43..8.45 rows=1 width=559)
	  ->  Index Scan using sbtest1_pkey on sbtest1  (cost=0.43..8.45 rows=1 width=559)
	        Index Cond: (id = 6261276)

table 2 : explain UPDATE sbtest2 SET c='foobar' WHERE id=3693747
	Update on sbtest2  (cost=0.43..8.45 rows=1 width=559)
	  ->  Index Scan using sbtest2_pkey on sbtest2  (cost=0.43..8.45 rows=1 width=559)
	        Index Cond: (id = 3693747)

table 3 : explain UPDATE sbtest3 SET c='foobar' WHERE id=8323938
	Update on sbtest3  (cost=0.43..8.45 rows=1 width=559)
	  ->  Index Scan using sbtest3_pkey on sbtest3  (cost=0.43..8.45 rows=1 width=559)
	        Index Cond: (id = 8323938)

table 4 : explain UPDATE sbtest4 SET c='foobar' WHERE id=6370306
	Update on sbtest4  (cost=0.43..8.45 rows=1 width=559)
	  ->  Index Scan using sbtest4_pkey on sbtest4  (cost=0.43..8.45 rows=1 width=559)
	        Index Cond: (id = 6370306)

table 5 : explain UPDATE sbtest5 SET c='foobar' WHERE id=6284960
	Update on sbtest5  (cost=0.43..8.45 rows=1 width=559)
	  ->  Index Scan using sbtest5_pkey on sbtest5  (cost=0.43..8.45 rows=1 width=559)
	        Index Cond: (id = 6284960)

table 6 : explain UPDATE sbtest6 SET c='foobar' WHERE id=9489875
	Update on sbtest6  (cost=0.43..8.45 rows=1 width=559)
	  ->  Index Scan using sbtest6_pkey on sbtest6  (cost=0.43..8.45 rows=1 width=559)
	        Index Cond: (id = 9489875)

table 7 : explain UPDATE sbtest7 SET c='foobar' WHERE id=1870205
	Update on sbtest7  (cost=0.43..8.45 rows=1 width=559)
	  ->  Index Scan using sbtest7_pkey on sbtest7  (cost=0.43..8.45 rows=1 width=559)
	        Index Cond: (id = 1870205)

table 8 : explain UPDATE sbtest8 SET c='foobar' WHERE id=605710
	Update on sbtest8  (cost=0.43..8.45 rows=1 width=559)
	  ->  Index Scan using sbtest8_pkey on sbtest8  (cost=0.43..8.45 rows=1 width=559)
	        Index Cond: (id = 605710)

for index_updates
table 1 : explain UPDATE sbtest1 SET k=k+1 WHERE id=2432656
	Update on sbtest1  (cost=0.43..8.46 rows=1 width=196)
	  ->  Index Scan using sbtest1_pkey on sbtest1  (cost=0.43..8.46 rows=1 width=196)
	        Index Cond: (id = 2432656)

table 2 : explain UPDATE sbtest2 SET k=k+1 WHERE id=7867071
	Update on sbtest2  (cost=0.43..8.46 rows=1 width=196)
	  ->  Index Scan using sbtest2_pkey on sbtest2  (cost=0.43..8.46 rows=1 width=196)
	        Index Cond: (id = 7867071)

table 3 : explain UPDATE sbtest3 SET k=k+1 WHERE id=3842348
	Update on sbtest3  (cost=0.43..8.46 rows=1 width=196)
	  ->  Index Scan using sbtest3_pkey on sbtest3  (cost=0.43..8.46 rows=1 width=196)
	        Index Cond: (id = 3842348)

table 4 : explain UPDATE sbtest4 SET k=k+1 WHERE id=1873185
	Update on sbtest4  (cost=0.43..8.46 rows=1 width=196)
	  ->  Index Scan using sbtest4_pkey on sbtest4  (cost=0.43..8.46 rows=1 width=196)
	        Index Cond: (id = 1873185)

table 5 : explain UPDATE sbtest5 SET k=k+1 WHERE id=6907765
	Update on sbtest5  (cost=0.43..8.46 rows=1 width=196)
	  ->  Index Scan using sbtest5_pkey on sbtest5  (cost=0.43..8.46 rows=1 width=196)
	        Index Cond: (id = 6907765)

table 6 : explain UPDATE sbtest6 SET k=k+1 WHERE id=7256531
	Update on sbtest6  (cost=0.43..8.46 rows=1 width=196)
	  ->  Index Scan using sbtest6_pkey on sbtest6  (cost=0.43..8.46 rows=1 width=196)
	        Index Cond: (id = 7256531)

table 7 : explain UPDATE sbtest7 SET k=k+1 WHERE id=3857692
	Update on sbtest7  (cost=0.43..8.46 rows=1 width=196)
	  ->  Index Scan using sbtest7_pkey on sbtest7  (cost=0.43..8.46 rows=1 width=196)
	        Index Cond: (id = 3857692)

table 8 : explain UPDATE sbtest8 SET k=k+1 WHERE id=7742358
	Update on sbtest8  (cost=0.43..8.46 rows=1 width=196)
	  ->  Index Scan using sbtest8_pkey on sbtest8  (cost=0.43..8.46 rows=1 width=196)
	        Index Cond: (id = 7742358)

for: distinct_ranges
table 1 : explain SELECT DISTINCT c FROM sbtest1 WHERE id BETWEEN 6896589 AND 6896688 ORDER BY c
	Unique  (cost=390.71..391.22 rows=101 width=121)
	  ->  Sort  (cost=390.71..390.96 rows=101 width=121)
	        Sort Key: c
	        ->  Index Scan using sbtest1_pkey on sbtest1  (cost=0.43..387.35 rows=101 width=121)
	              Index Cond: ((id >= 6896589) AND (id <= 6896688))

table 2 : explain SELECT DISTINCT c FROM sbtest2 WHERE id BETWEEN 6371535 AND 6371634 ORDER BY c
	Unique  (cost=394.85..395.36 rows=102 width=121)
	  ->  Sort  (cost=394.85..395.10 rows=102 width=121)
	        Sort Key: c
	        ->  Index Scan using sbtest2_pkey on sbtest2  (cost=0.43..391.44 rows=102 width=121)
	              Index Cond: ((id >= 6371535) AND (id <= 6371634))

table 3 : explain SELECT DISTINCT c FROM sbtest3 WHERE id BETWEEN 5692549 AND 5692648 ORDER BY c
	Unique  (cost=369.54..370.02 rows=96 width=121)
	  ->  Sort  (cost=369.54..369.78 rows=96 width=121)
	        Sort Key: c
	        ->  Index Scan using sbtest3_pkey on sbtest3  (cost=0.43..366.38 rows=96 width=121)
	              Index Cond: ((id >= 5692549) AND (id <= 5692648))

table 4 : explain SELECT DISTINCT c FROM sbtest4 WHERE id BETWEEN 9268295 AND 9268394 ORDER BY c
	Unique  (cost=391.93..392.44 rows=101 width=121)
	  ->  Sort  (cost=391.93..392.19 rows=101 width=121)
	        Sort Key: c
	        ->  Index Scan using sbtest4_pkey on sbtest4  (cost=0.43..388.57 rows=101 width=121)
	              Index Cond: ((id >= 9268295) AND (id <= 9268394))

table 5 : explain SELECT DISTINCT c FROM sbtest5 WHERE id BETWEEN 135139 AND 135238 ORDER BY c
	Unique  (cost=397.04..397.56 rows=103 width=121)
	  ->  Sort  (cost=397.04..397.30 rows=103 width=121)
	        Sort Key: c
	        ->  Index Scan using sbtest5_pkey on sbtest5  (cost=0.43..393.60 rows=103 width=121)
	              Index Cond: ((id >= 135139) AND (id <= 135238))

table 6 : explain SELECT DISTINCT c FROM sbtest6 WHERE id BETWEEN 2698748 AND 2698847 ORDER BY c
	Unique  (cost=370.51..370.99 rows=96 width=121)
	  ->  Sort  (cost=370.51..370.75 rows=96 width=121)
	        Sort Key: c
	        ->  Index Scan using sbtest6_pkey on sbtest6  (cost=0.43..367.35 rows=96 width=121)
	              Index Cond: ((id >= 2698748) AND (id <= 2698847))

table 7 : explain SELECT DISTINCT c FROM sbtest7 WHERE id BETWEEN 3314783 AND 3314882 ORDER BY c
	Unique  (cost=369.47..369.94 rows=95 width=121)
	  ->  Sort  (cost=369.47..369.70 rows=95 width=121)
	        Sort Key: c
	        ->  Index Scan using sbtest7_pkey on sbtest7  (cost=0.43..366.35 rows=95 width=121)
	              Index Cond: ((id >= 3314783) AND (id <= 3314882))

table 8 : explain SELECT DISTINCT c FROM sbtest8 WHERE id BETWEEN 9735797 AND 9735896 ORDER BY c
	Unique  (cost=361.64..362.10 rows=93 width=121)
	  ->  Sort  (cost=361.64..361.87 rows=93 width=121)
	        Sort Key: c
	        ->  Index Scan using sbtest8_pkey on sbtest8  (cost=0.43..358.60 rows=93 width=121)
	              Index Cond: ((id >= 9735797) AND (id <= 9735896))

for deletes
table 1 : explain DELETE FROM sbtest1 WHERE id=7726641
	Delete on sbtest1  (cost=0.43..8.45 rows=1 width=6)
	  ->  Index Scan using sbtest1_pkey on sbtest1  (cost=0.43..8.45 rows=1 width=6)
	        Index Cond: (id = 7726641)

table 2 : explain DELETE FROM sbtest2 WHERE id=8737262
	Delete on sbtest2  (cost=0.43..8.45 rows=1 width=6)
	  ->  Index Scan using sbtest2_pkey on sbtest2  (cost=0.43..8.45 rows=1 width=6)
	        Index Cond: (id = 8737262)

table 3 : explain DELETE FROM sbtest3 WHERE id=587600
	Delete on sbtest3  (cost=0.43..8.45 rows=1 width=6)
	  ->  Index Scan using sbtest3_pkey on sbtest3  (cost=0.43..8.45 rows=1 width=6)
	        Index Cond: (id = 587600)

table 4 : explain DELETE FROM sbtest4 WHERE id=4113944
	Delete on sbtest4  (cost=0.43..8.45 rows=1 width=6)
	  ->  Index Scan using sbtest4_pkey on sbtest4  (cost=0.43..8.45 rows=1 width=6)
	        Index Cond: (id = 4113944)

table 5 : explain DELETE FROM sbtest5 WHERE id=3819150
	Delete on sbtest5  (cost=0.43..8.45 rows=1 width=6)
	  ->  Index Scan using sbtest5_pkey on sbtest5  (cost=0.43..8.45 rows=1 width=6)
	        Index Cond: (id = 3819150)

table 6 : explain DELETE FROM sbtest6 WHERE id=421189
	Delete on sbtest6  (cost=0.43..8.45 rows=1 width=6)
	  ->  Index Scan using sbtest6_pkey on sbtest6  (cost=0.43..8.45 rows=1 width=6)
	        Index Cond: (id = 421189)

table 7 : explain DELETE FROM sbtest7 WHERE id=7441182
	Delete on sbtest7  (cost=0.43..8.45 rows=1 width=6)
	  ->  Index Scan using sbtest7_pkey on sbtest7  (cost=0.43..8.45 rows=1 width=6)
	        Index Cond: (id = 7441182)

table 8 : explain DELETE FROM sbtest8 WHERE id=7847616
	Delete on sbtest8  (cost=0.43..8.45 rows=1 width=6)
	  ->  Index Scan using sbtest8_pkey on sbtest8  (cost=0.43..8.45 rows=1 width=6)
	        Index Cond: (id = 7847616)

explain: for index_updates :: explain UPDATE sbtest%u SET k=k+1 WHERE id=%u
explain: for deletes :: explain DELETE FROM sbtest%u WHERE id=%u
for: distinct_ranges
table 1 : explain SELECT DISTINCT c FROM sbtest1 WHERE id BETWEEN 9473591 AND 9473690 ORDER BY c
	Unique  (cost=390.71..391.22 rows=101 width=121)
	  ->  Sort  (cost=390.71..390.96 rows=101 width=121)
	        Sort Key: c
	        ->  Index Scan using sbtest1_pkey on sbtest1  (cost=0.43..387.35 rows=101 width=121)
	              Index Cond: ((id >= 9473591) AND (id <= 9473690))

table 2 : explain SELECT DISTINCT c FROM sbtest2 WHERE id BETWEEN 4639744 AND 4639843 ORDER BY c
	Unique  (cost=406.34..406.87 rows=105 width=121)
	  ->  Sort  (cost=406.34..406.60 rows=105 width=121)
	        Sort Key: c
	        ->  Index Scan using sbtest2_pkey on sbtest2  (cost=0.43..402.82 rows=105 width=121)
	              Index Cond: ((id >= 4639744) AND (id <= 4639843))

table 3 : explain SELECT DISTINCT c FROM sbtest3 WHERE id BETWEEN 2621149 AND 2621248 ORDER BY c
	Unique  (cost=373.34..373.83 rows=97 width=121)
	  ->  Sort  (cost=373.34..373.58 rows=97 width=121)
	        Sort Key: c
	        ->  Index Scan using sbtest3_pkey on sbtest3  (cost=0.43..370.14 rows=97 width=121)
	              Index Cond: ((id >= 2621149) AND (id <= 2621248))

table 4 : explain SELECT DISTINCT c FROM sbtest4 WHERE id BETWEEN 2325316 AND 2325415 ORDER BY c
	Unique  (cost=380.41..380.90 rows=98 width=121)
	  ->  Sort  (cost=380.41..380.66 rows=98 width=121)
	        Sort Key: c
	        ->  Index Scan using sbtest4_pkey on sbtest4  (cost=0.43..377.17 rows=98 width=121)
	              Index Cond: ((id >= 2325316) AND (id <= 2325415))

table 5 : explain SELECT DISTINCT c FROM sbtest5 WHERE id BETWEEN 6972649 AND 6972748 ORDER BY c
	Unique  (cost=419.93..420.48 rows=109 width=121)
	  ->  Sort  (cost=419.93..420.20 rows=109 width=121)
	        Sort Key: c
	        ->  Index Scan using sbtest5_pkey on sbtest5  (cost=0.43..416.24 rows=109 width=121)
	              Index Cond: ((id >= 6972649) AND (id <= 6972748))

table 6 : explain SELECT DISTINCT c FROM sbtest6 WHERE id BETWEEN 9333006 AND 9333105 ORDER BY c
	Unique  (cost=408.67..409.20 rows=106 width=121)
	  ->  Sort  (cost=408.67..408.93 rows=106 width=121)
	        Sort Key: c
	        ->  Index Scan using sbtest6_pkey on sbtest6  (cost=0.43..405.10 rows=106 width=121)
	              Index Cond: ((id >= 9333006) AND (id <= 9333105))

table 7 : explain SELECT DISTINCT c FROM sbtest7 WHERE id BETWEEN 8861291 AND 8861390 ORDER BY c
	Unique  (cost=373.31..373.79 rows=96 width=121)
	  ->  Sort  (cost=373.31..373.55 rows=96 width=121)
	        Sort Key: c
	        ->  Index Scan using sbtest7_pkey on sbtest7  (cost=0.43..370.15 rows=96 width=121)
	              Index Cond: ((id >= 8861291) AND (id <= 8861390))

table 8 : explain SELECT DISTINCT c FROM sbtest8 WHERE id BETWEEN 6913734 AND 6913833 ORDER BY c
	Unique  (cost=400.14..400.66 rows=103 width=121)
	  ->  Sort  (cost=400.14..400.40 rows=103 width=121)
	        Sort Key: c
	        ->  Index Scan using sbtest8_pkey on sbtest8  (cost=0.43..396.70 rows=103 width=121)
	              Index Cond: ((id >= 6913734) AND (id <= 6913833))

explain: for index_updates :: explain UPDATE sbtest%u SET k=k+1 WHERE id=%u
explain: for index_updates :: explain UPDATE sbtest%u SET k=k+1 WHERE id=%u
for: order_ranges
table 1 : explain SELECT c FROM sbtest1 WHERE id BETWEEN 8651501 AND 8651600 ORDER BY c
	Sort  (cost=398.37..398.63 rows=103 width=121)
	  Sort Key: c
	  ->  Index Scan using sbtest1_pkey on sbtest1  (cost=0.43..394.92 rows=103 width=121)
	        Index Cond: ((id >= 8651501) AND (id <= 8651600))

table 2 : explain SELECT c FROM sbtest2 WHERE id BETWEEN 7225698 AND 7225797 ORDER BY c
	Sort  (cost=364.15..364.38 rows=94 width=121)
	  Sort Key: c
	  ->  Index Scan using sbtest2_pkey on sbtest2  (cost=0.43..361.06 rows=94 width=121)
	        Index Cond: ((id >= 7225698) AND (id <= 7225797))

table 3 : explain SELECT c FROM sbtest3 WHERE id BETWEEN 6527251 AND 6527350 ORDER BY c
	Sort  (cost=373.34..373.58 rows=97 width=121)
	  Sort Key: c
	  ->  Index Scan using sbtest3_pkey on sbtest3  (cost=0.43..370.14 rows=97 width=121)
	        Index Cond: ((id >= 6527251) AND (id <= 6527350))

table 4 : explain SELECT c FROM sbtest4 WHERE id BETWEEN 3232912 AND 3233011 ORDER BY c
	Sort  (cost=380.41..380.66 rows=98 width=121)
	  Sort Key: c
	  ->  Index Scan using sbtest4_pkey on sbtest4  (cost=0.43..377.17 rows=98 width=121)
	        Index Cond: ((id >= 3232912) AND (id <= 3233011))

table 5 : explain SELECT c FROM sbtest5 WHERE id BETWEEN 5618295 AND 5618394 ORDER BY c
	Sort  (cost=358.90..359.13 rows=93 width=121)
	  Sort Key: c
	  ->  Index Scan using sbtest5_pkey on sbtest5  (cost=0.43..355.86 rows=93 width=121)
	        Index Cond: ((id >= 5618295) AND (id <= 5618394))

table 6 : explain SELECT c FROM sbtest6 WHERE id BETWEEN 4960229 AND 4960328 ORDER BY c
	Sort  (cost=374.32..374.56 rows=97 width=121)
	  Sort Key: c
	  ->  Index Scan using sbtest6_pkey on sbtest6  (cost=0.43..371.12 rows=97 width=121)
	        Index Cond: ((id >= 4960229) AND (id <= 4960328))

table 7 : explain SELECT c FROM sbtest7 WHERE id BETWEEN 8063242 AND 8063341 ORDER BY c
	Sort  (cost=392.54..392.79 rows=101 width=121)
	  Sort Key: c
	  ->  Index Scan using sbtest7_pkey on sbtest7  (cost=0.43..389.18 rows=101 width=121)
	        Index Cond: ((id >= 8063242) AND (id <= 8063341))

table 8 : explain SELECT c FROM sbtest8 WHERE id BETWEEN 7353230 AND 7353329 ORDER BY c
	Sort  (cost=369.33..369.57 rows=95 width=121)
	  Sort Key: c
	  ->  Index Scan using sbtest8_pkey on sbtest8  (cost=0.43..366.21 rows=95 width=121)
	        Index Cond: ((id >= 7353230) AND (id <= 7353329))

explain: for index_updates :: explain UPDATE sbtest%u SET k=k+1 WHERE id=%u
explain: for index_updates :: explain UPDATE sbtest%u SET k=k+1 WHERE id=%u
explain: for non_index_updates :: explain UPDATE sbtest%u SET c='foobar' WHERE id=%u
explain: for inserts :: explain INSERT INTO sbtest%u (id, k, c, pad) VALUES (%u, 13, 'foobar', 'foobar')
for deletes
table 1 : explain DELETE FROM sbtest1 WHERE id=6583785
	Delete on sbtest1  (cost=0.43..8.45 rows=1 width=6)
	  ->  Index Scan using sbtest1_pkey on sbtest1  (cost=0.43..8.45 rows=1 width=6)
	        Index Cond: (id = 6583785)

table 2 : explain DELETE FROM sbtest2 WHERE id=4044328
	Delete on sbtest2  (cost=0.43..8.45 rows=1 width=6)
	  ->  Index Scan using sbtest2_pkey on sbtest2  (cost=0.43..8.45 rows=1 width=6)
	        Index Cond: (id = 4044328)

table 3 : explain DELETE FROM sbtest3 WHERE id=9753951
	Delete on sbtest3  (cost=0.43..8.45 rows=1 width=6)
	  ->  Index Scan using sbtest3_pkey on sbtest3  (cost=0.43..8.45 rows=1 width=6)
	        Index Cond: (id = 9753951)

table 4 : explain DELETE FROM sbtest4 WHERE id=8612921
	Delete on sbtest4  (cost=0.43..8.45 rows=1 width=6)
	  ->  Index Scan using sbtest4_pkey on sbtest4  (cost=0.43..8.45 rows=1 width=6)
	        Index Cond: (id = 8612921)

table 5 : explain DELETE FROM sbtest5 WHERE id=4714011
	Delete on sbtest5  (cost=0.43..8.45 rows=1 width=6)
	  ->  Index Scan using sbtest5_pkey on sbtest5  (cost=0.43..8.45 rows=1 width=6)
	        Index Cond: (id = 4714011)

table 6 : explain DELETE FROM sbtest6 WHERE id=3159674
	Delete on sbtest6  (cost=0.43..8.45 rows=1 width=6)
	  ->  Index Scan using sbtest6_pkey on sbtest6  (cost=0.43..8.45 rows=1 width=6)
	        Index Cond: (id = 3159674)

table 7 : explain DELETE FROM sbtest7 WHERE id=1992587
	Delete on sbtest7  (cost=0.43..8.45 rows=1 width=6)
	  ->  Index Scan using sbtest7_pkey on sbtest7  (cost=0.43..8.45 rows=1 width=6)
	        Index Cond: (id = 1992587)

table 8 : explain DELETE FROM sbtest8 WHERE id=280545
	Delete on sbtest8  (cost=0.43..8.45 rows=1 width=6)
	  ->  Index Scan using sbtest8_pkey on sbtest8  (cost=0.43..8.45 rows=1 width=6)
	        Index Cond: (id = 280545)

for: sum_ranges
table 1 : explain SELECT SUM(k) FROM sbtest1 WHERE id BETWEEN 6836914 AND 6837013
	Aggregate  (cost=387.60..387.61 rows=1 width=8)
	  ->  Index Scan using sbtest1_pkey on sbtest1  (cost=0.43..387.35 rows=101 width=4)
	        Index Cond: ((id >= 6836914) AND (id <= 6837013))

table 2 : explain SELECT SUM(k) FROM sbtest2 WHERE id BETWEEN 7050971 AND 7051070
	Aggregate  (cost=391.70..391.71 rows=1 width=8)
	  ->  Index Scan using sbtest2_pkey on sbtest2  (cost=0.43..391.44 rows=102 width=4)
	        Index Cond: ((id >= 7050971) AND (id <= 7051070))

table 3 : explain SELECT SUM(k) FROM sbtest3 WHERE id BETWEEN 4353909 AND 4354008
	Aggregate  (cost=381.69..381.70 rows=1 width=8)
	  ->  Index Scan using sbtest3_pkey on sbtest3  (cost=0.43..381.44 rows=100 width=4)
	        Index Cond: ((id >= 4353909) AND (id <= 4354008))

table 4 : explain SELECT SUM(k) FROM sbtest4 WHERE id BETWEEN 3358667 AND 3358766
	Aggregate  (cost=362.21..362.22 rows=1 width=8)
	  ->  Index Scan using sbtest4_pkey on sbtest4  (cost=0.43..361.98 rows=94 width=4)
	        Index Cond: ((id >= 3358667) AND (id <= 3358766))

table 5 : explain SELECT SUM(k) FROM sbtest5 WHERE id BETWEEN 9289128 AND 9289227
	Aggregate  (cost=397.63..397.64 rows=1 width=8)
	  ->  Index Scan using sbtest5_pkey on sbtest5  (cost=0.43..397.37 rows=104 width=4)
	        Index Cond: ((id >= 9289128) AND (id <= 9289227))

table 6 : explain SELECT SUM(k) FROM sbtest6 WHERE id BETWEEN 6750293 AND 6750392
	Aggregate  (cost=397.81..397.82 rows=1 width=8)
	  ->  Index Scan using sbtest6_pkey on sbtest6  (cost=0.43..397.55 rows=104 width=4)
	        Index Cond: ((id >= 6750293) AND (id <= 6750392))

table 7 : explain SELECT SUM(k) FROM sbtest7 WHERE id BETWEEN 8120510 AND 8120609
	Aggregate  (cost=366.58..366.59 rows=1 width=8)
	  ->  Index Scan using sbtest7_pkey on sbtest7  (cost=0.43..366.35 rows=95 width=4)
	        Index Cond: ((id >= 8120510) AND (id <= 8120609))

table 8 : explain SELECT SUM(k) FROM sbtest8 WHERE id BETWEEN 8623133 AND 8623232
	Aggregate  (cost=362.64..362.65 rows=1 width=8)
	  ->  Index Scan using sbtest8_pkey on sbtest8  (cost=0.43..362.40 rows=94 width=4)
	        Index Cond: ((id >= 8623133) AND (id <= 8623232))

for index_updates
table 1 : explain UPDATE sbtest1 SET k=k+1 WHERE id=2099896
	Update on sbtest1  (cost=0.43..8.46 rows=1 width=196)
	  ->  Index Scan using sbtest1_pkey on sbtest1  (cost=0.43..8.46 rows=1 width=196)
	        Index Cond: (id = 2099896)

table 2 : explain UPDATE sbtest2 SET k=k+1 WHERE id=3255704
	Update on sbtest2  (cost=0.43..8.46 rows=1 width=196)
	  ->  Index Scan using sbtest2_pkey on sbtest2  (cost=0.43..8.46 rows=1 width=196)
	        Index Cond: (id = 3255704)

table 3 : explain UPDATE sbtest3 SET k=k+1 WHERE id=2133515
	Update on sbtest3  (cost=0.43..8.46 rows=1 width=196)
	  ->  Index Scan using sbtest3_pkey on sbtest3  (cost=0.43..8.46 rows=1 width=196)
	        Index Cond: (id = 2133515)

table 4 : explain UPDATE sbtest4 SET k=k+1 WHERE id=3782676
	Update on sbtest4  (cost=0.43..8.46 rows=1 width=196)
	  ->  Index Scan using sbtest4_pkey on sbtest4  (cost=0.43..8.46 rows=1 width=196)
	        Index Cond: (id = 3782676)

table 5 : explain UPDATE sbtest5 SET k=k+1 WHERE id=6948642
	Update on sbtest5  (cost=0.43..8.46 rows=1 width=196)
	  ->  Index Scan using sbtest5_pkey on sbtest5  (cost=0.43..8.46 rows=1 width=196)
	        Index Cond: (id = 6948642)

table 6 : explain UPDATE sbtest6 SET k=k+1 WHERE id=4162394
	Update on sbtest6  (cost=0.43..8.46 rows=1 width=196)
	  ->  Index Scan using sbtest6_pkey on sbtest6  (cost=0.43..8.46 rows=1 width=196)
	        Index Cond: (id = 4162394)

table 7 : explain UPDATE sbtest7 SET k=k+1 WHERE id=8515098
	Update on sbtest7  (cost=0.43..8.46 rows=1 width=196)
	  ->  Index Scan using sbtest7_pkey on sbtest7  (cost=0.43..8.46 rows=1 width=196)
	        Index Cond: (id = 8515098)

table 8 : explain UPDATE sbtest8 SET k=k+1 WHERE id=2684777
	Update on sbtest8  (cost=0.43..8.46 rows=1 width=196)
	  ->  Index Scan using sbtest8_pkey on sbtest8  (cost=0.43..8.46 rows=1 width=196)
	        Index Cond: (id = 2684777)

for index_updates
table 1 : explain UPDATE sbtest1 SET k=k+1 WHERE id=7669624
	Update on sbtest1  (cost=0.43..8.46 rows=1 width=196)
	  ->  Index Scan using sbtest1_pkey on sbtest1  (cost=0.43..8.46 rows=1 width=196)
	        Index Cond: (id = 7669624)

table 2 : explain UPDATE sbtest2 SET k=k+1 WHERE id=5275708
	Update on sbtest2  (cost=0.43..8.46 rows=1 width=196)
	  ->  Index Scan using sbtest2_pkey on sbtest2  (cost=0.43..8.46 rows=1 width=196)
	        Index Cond: (id = 5275708)

table 3 : explain UPDATE sbtest3 SET k=k+1 WHERE id=1172923
	Update on sbtest3  (cost=0.43..8.46 rows=1 width=196)
	  ->  Index Scan using sbtest3_pkey on sbtest3  (cost=0.43..8.46 rows=1 width=196)
	        Index Cond: (id = 1172923)

table 4 : explain UPDATE sbtest4 SET k=k+1 WHERE id=5906172
	Update on sbtest4  (cost=0.43..8.46 rows=1 width=196)
	  ->  Index Scan using sbtest4_pkey on sbtest4  (cost=0.43..8.46 rows=1 width=196)
	        Index Cond: (id = 5906172)

table 5 : explain UPDATE sbtest5 SET k=k+1 WHERE id=2578583
	Update on sbtest5  (cost=0.43..8.46 rows=1 width=196)
	  ->  Index Scan using sbtest5_pkey on sbtest5  (cost=0.43..8.46 rows=1 width=196)
	        Index Cond: (id = 2578583)

table 6 : explain UPDATE sbtest6 SET k=k+1 WHERE id=2919716
	Update on sbtest6  (cost=0.43..8.46 rows=1 width=196)
	  ->  Index Scan using sbtest6_pkey on sbtest6  (cost=0.43..8.46 rows=1 width=196)
	        Index Cond: (id = 2919716)

table 7 : explain UPDATE sbtest7 SET k=k+1 WHERE id=4441638
	Update on sbtest7  (cost=0.43..8.46 rows=1 width=196)
	  ->  Index Scan using sbtest7_pkey on sbtest7  (cost=0.43..8.46 rows=1 width=196)
	        Index Cond: (id = 4441638)

table 8 : explain UPDATE sbtest8 SET k=k+1 WHERE id=4914148
	Update on sbtest8  (cost=0.43..8.46 rows=1 width=196)
	  ->  Index Scan using sbtest8_pkey on sbtest8  (cost=0.43..8.46 rows=1 width=196)
	        Index Cond: (id = 4914148)
for inserts
table 1 : explain INSERT INTO sbtest1 (id, k, c, pad) VALUES (2960295, 13, 'foobar', 'foobar')
	Insert on sbtest1  (cost=0.00..0.01 rows=1 width=736)
	  ->  Result  (cost=0.00..0.01 rows=1 width=736)

table 2 : explain INSERT INTO sbtest2 (id, k, c, pad) VALUES (5843872, 13, 'foobar', 'foobar')
	Insert on sbtest2  (cost=0.00..0.01 rows=1 width=736)
	  ->  Result  (cost=0.00..0.01 rows=1 width=736)

table 3 : explain INSERT INTO sbtest3 (id, k, c, pad) VALUES (7584459, 13, 'foobar', 'foobar')
	Insert on sbtest3  (cost=0.00..0.01 rows=1 width=736)
	  ->  Result  (cost=0.00..0.01 rows=1 width=736)

table 4 : explain INSERT INTO sbtest4 (id, k, c, pad) VALUES (7515732, 13, 'foobar', 'foobar')
	Insert on sbtest4  (cost=0.00..0.01 rows=1 width=736)
	  ->  Result  (cost=0.00..0.01 rows=1 width=736)

table 5 : explain INSERT INTO sbtest5 (id, k, c, pad) VALUES (4042735, 13, 'foobar', 'foobar')
	Insert on sbtest5  (cost=0.00..0.01 rows=1 width=736)
	  ->  Result  (cost=0.00..0.01 rows=1 width=736)

table 6 : explain INSERT INTO sbtest6 (id, k, c, pad) VALUES (3841605, 13, 'foobar', 'foobar')
	Insert on sbtest6  (cost=0.00..0.01 rows=1 width=736)
	  ->  Result  (cost=0.00..0.01 rows=1 width=736)

table 7 : explain INSERT INTO sbtest7 (id, k, c, pad) VALUES (5193919, 13, 'foobar', 'foobar')
	Insert on sbtest7  (cost=0.00..0.01 rows=1 width=736)
	  ->  Result  (cost=0.00..0.01 rows=1 width=736)

table 8 : explain INSERT INTO sbtest8 (id, k, c, pad) VALUES (4630174, 13, 'foobar', 'foobar')
	Insert on sbtest8  (cost=0.00..0.01 rows=1 width=736)
	  ->  Result  (cost=0.00..0.01 rows=1 width=736)


for index_updates
table 1 : explain UPDATE sbtest1 SET k=k+1 WHERE id=4763882
	Update on sbtest1  (cost=0.43..8.46 rows=1 width=196)
	  ->  Index Scan using sbtest1_pkey on sbtest1  (cost=0.43..8.46 rows=1 width=196)
	        Index Cond: (id = 4763882)

table 2 : explain UPDATE sbtest2 SET k=k+1 WHERE id=2167908
	Update on sbtest2  (cost=0.43..8.46 rows=1 width=196)
	  ->  Index Scan using sbtest2_pkey on sbtest2  (cost=0.43..8.46 rows=1 width=196)
	        Index Cond: (id = 2167908)

table 3 : explain UPDATE sbtest3 SET k=k+1 WHERE id=8810743
	Update on sbtest3  (cost=0.43..8.46 rows=1 width=196)
	  ->  Index Scan using sbtest3_pkey on sbtest3  (cost=0.43..8.46 rows=1 width=196)
	        Index Cond: (id = 8810743)

table 4 : explain UPDATE sbtest4 SET k=k+1 WHERE id=8615987
	Update on sbtest4  (cost=0.43..8.46 rows=1 width=196)
	  ->  Index Scan using sbtest4_pkey on sbtest4  (cost=0.43..8.46 rows=1 width=196)
	        Index Cond: (id = 8615987)

table 5 : explain UPDATE sbtest5 SET k=k+1 WHERE id=1694140
	Update on sbtest5  (cost=0.43..8.46 rows=1 width=196)
	  ->  Index Scan using sbtest5_pkey on sbtest5  (cost=0.43..8.46 rows=1 width=196)
	        Index Cond: (id = 1694140)

table 6 : explain UPDATE sbtest6 SET k=k+1 WHERE id=8363010
	Update on sbtest6  (cost=0.43..8.46 rows=1 width=196)
	  ->  Index Scan using sbtest6_pkey on sbtest6  (cost=0.43..8.46 rows=1 width=196)
	        Index Cond: (id = 8363010)

table 7 : explain UPDATE sbtest7 SET k=k+1 WHERE id=7803006
	Update on sbtest7  (cost=0.43..8.46 rows=1 width=196)
	  ->  Index Scan using sbtest7_pkey on sbtest7  (cost=0.43..8.46 rows=1 width=196)
	        Index Cond: (id = 7803006)

table 8 : explain UPDATE sbtest8 SET k=k+1 WHERE id=5359210
	Update on sbtest8  (cost=0.43..8.46 rows=1 width=196)
	  ->  Index Scan using sbtest8_pkey on sbtest8  (cost=0.43..8.46 rows=1 width=196)
	        Index Cond: (id = 5359210)

explain: for inserts :: explain INSERT INTO sbtest%u (id, k, c, pad) VALUES (%u, 13, 'foobar', 'foobar')
for index_updates
table 1 : explain UPDATE sbtest1 SET k=k+1 WHERE id=2690575
	Update on sbtest1  (cost=0.43..8.46 rows=1 width=196)
	  ->  Index Scan using sbtest1_pkey on sbtest1  (cost=0.43..8.46 rows=1 width=196)
	        Index Cond: (id = 2690575)

table 2 : explain UPDATE sbtest2 SET k=k+1 WHERE id=2731041
	Update on sbtest2  (cost=0.43..8.46 rows=1 width=196)
	  ->  Index Scan using sbtest2_pkey on sbtest2  (cost=0.43..8.46 rows=1 width=196)
	        Index Cond: (id = 2731041)

table 3 : explain UPDATE sbtest3 SET k=k+1 WHERE id=1903937
	Update on sbtest3  (cost=0.43..8.46 rows=1 width=196)
	  ->  Index Scan using sbtest3_pkey on sbtest3  (cost=0.43..8.46 rows=1 width=196)
	        Index Cond: (id = 1903937)

table 4 : explain UPDATE sbtest4 SET k=k+1 WHERE id=930690
	Update on sbtest4  (cost=0.43..8.46 rows=1 width=196)
	  ->  Index Scan using sbtest4_pkey on sbtest4  (cost=0.43..8.46 rows=1 width=196)
	        Index Cond: (id = 930690)

table 5 : explain UPDATE sbtest5 SET k=k+1 WHERE id=3560277
	Update on sbtest5  (cost=0.43..8.46 rows=1 width=196)
	  ->  Index Scan using sbtest5_pkey on sbtest5  (cost=0.43..8.46 rows=1 width=196)
	        Index Cond: (id = 3560277)

table 6 : explain UPDATE sbtest6 SET k=k+1 WHERE id=5589964
	Update on sbtest6  (cost=0.43..8.46 rows=1 width=196)
	  ->  Index Scan using sbtest6_pkey on sbtest6  (cost=0.43..8.46 rows=1 width=196)
	        Index Cond: (id = 5589964)

table 7 : explain UPDATE sbtest7 SET k=k+1 WHERE id=5797621
	Update on sbtest7  (cost=0.43..8.46 rows=1 width=196)
	  ->  Index Scan using sbtest7_pkey on sbtest7  (cost=0.43..8.46 rows=1 width=196)
	        Index Cond: (id = 5797621)

table 8 : explain UPDATE sbtest8 SET k=k+1 WHERE id=7388558
	Update on sbtest8  (cost=0.43..8.46 rows=1 width=196)
	  ->  Index Scan using sbtest8_pkey on sbtest8  (cost=0.43..8.46 rows=1 width=196)
	        Index Cond: (id = 7388558)

explain: for non_index_updates :: explain UPDATE sbtest%u SET c='foobar' WHERE id=%u
explain: for non_index_updates :: explain UPDATE sbtest%u SET c='foobar' WHERE id=%uexplain: for non_index_updates :: explain UPDATE sbtest%u SET c='foobar' WHERE id=%u

for index_updates
table 1 : explain UPDATE sbtest1 SET k=k+1 WHERE id=43554
	Update on sbtest1  (cost=0.43..8.46 rows=1 width=196)
	  ->  Index Scan using sbtest1_pkey on sbtest1  (cost=0.43..8.46 rows=1 width=196)
	        Index Cond: (id = 43554)

table 2 : explain UPDATE sbtest2 SET k=k+1 WHERE id=9410761
	Update on sbtest2  (cost=0.43..8.46 rows=1 width=196)
	  ->  Index Scan using sbtest2_pkey on sbtest2  (cost=0.43..8.46 rows=1 width=196)
	        Index Cond: (id = 9410761)

table 3 : explain UPDATE sbtest3 SET k=k+1 WHERE id=2215855
	Update on sbtest3  (cost=0.43..8.46 rows=1 width=196)
	  ->  Index Scan using sbtest3_pkey on sbtest3  (cost=0.43..8.46 rows=1 width=196)
	        Index Cond: (id = 2215855)

table 4 : explain UPDATE sbtest4 SET k=k+1 WHERE id=4483975
	Update on sbtest4  (cost=0.43..8.46 rows=1 width=196)
	  ->  Index Scan using sbtest4_pkey on sbtest4  (cost=0.43..8.46 rows=1 width=196)
	        Index Cond: (id = 4483975)

table 5 : explain UPDATE sbtest5 SET k=k+1 WHERE id=2477205
	Update on sbtest5  (cost=0.43..8.46 rows=1 width=196)
	  ->  Index Scan using sbtest5_pkey on sbtest5  (cost=0.43..8.46 rows=1 width=196)
	        Index Cond: (id = 2477205)

table 6 : explain UPDATE sbtest6 SET k=k+1 WHERE id=9834076
	Update on sbtest6  (cost=0.43..8.46 rows=1 width=196)
	  ->  Index Scan using sbtest6_pkey on sbtest6  (cost=0.43..8.46 rows=1 width=196)
	        Index Cond: (id = 9834076)

table 7 : explain UPDATE sbtest7 SET k=k+1 WHERE id=8939639
	Update on sbtest7  (cost=0.43..8.46 rows=1 width=196)
	  ->  Index Scan using sbtest7_pkey on sbtest7  (cost=0.43..8.46 rows=1 width=196)
	        Index Cond: (id = 8939639)

table 8 : explain UPDATE sbtest8 SET k=k+1 WHERE id=9868466
	Update on sbtest8  (cost=0.43..8.46 rows=1 width=196)
	  ->  Index Scan using sbtest8_pkey on sbtest8  (cost=0.43..8.46 rows=1 width=196)
	        Index Cond: (id = 9868466)

for deletes
table 1 : explain DELETE FROM sbtest1 WHERE id=9332570
	Delete on sbtest1  (cost=0.43..8.45 rows=1 width=6)
	  ->  Index Scan using sbtest1_pkey on sbtest1  (cost=0.43..8.45 rows=1 width=6)
	        Index Cond: (id = 9332570)

table 2 : explain DELETE FROM sbtest2 WHERE id=9048296
	Delete on sbtest2  (cost=0.43..8.45 rows=1 width=6)
	  ->  Index Scan using sbtest2_pkey on sbtest2  (cost=0.43..8.45 rows=1 width=6)
	        Index Cond: (id = 9048296)

table 3 : explain DELETE FROM sbtest3 WHERE id=6977092
	Delete on sbtest3  (cost=0.43..8.45 rows=1 width=6)
	  ->  Index Scan using sbtest3_pkey on sbtest3  (cost=0.43..8.45 rows=1 width=6)
	        Index Cond: (id = 6977092)

table 4 : explain DELETE FROM sbtest4 WHERE id=1054249
	Delete on sbtest4  (cost=0.43..8.45 rows=1 width=6)
	  ->  Index Scan using sbtest4_pkey on sbtest4  (cost=0.43..8.45 rows=1 width=6)
	        Index Cond: (id = 1054249)

table 5 : explain DELETE FROM sbtest5 WHERE id=2491091
	Delete on sbtest5  (cost=0.43..8.45 rows=1 width=6)
	  ->  Index Scan using sbtest5_pkey on sbtest5  (cost=0.43..8.45 rows=1 width=6)
	        Index Cond: (id = 2491091)

table 6 : explain DELETE FROM sbtest6 WHERE id=1210829
	Delete on sbtest6  (cost=0.43..8.45 rows=1 width=6)
	  ->  Index Scan using sbtest6_pkey on sbtest6  (cost=0.43..8.45 rows=1 width=6)
	        Index Cond: (id = 1210829)

table 7 : explain DELETE FROM sbtest7 WHERE id=9773855
	Delete on sbtest7  (cost=0.43..8.45 rows=1 width=6)
	  ->  Index Scan using sbtest7_pkey on sbtest7  (cost=0.43..8.45 rows=1 width=6)
	        Index Cond: (id = 9773855)

table 8 : explain DELETE FROM sbtest8 WHERE id=9183965
	Delete on sbtest8  (cost=0.43..8.45 rows=1 width=6)
	  ->  Index Scan using sbtest8_pkey on sbtest8  (cost=0.43..8.45 rows=1 width=6)
	        Index Cond: (id = 9183965)

explain: for non_index_updates :: explain UPDATE sbtest%u SET c='foobar' WHERE id=%u
for inserts
table 1 : explain INSERT INTO sbtest1 (id, k, c, pad) VALUES (7688522, 13, 'foobar', 'foobar')
	Insert on sbtest1  (cost=0.00..0.01 rows=1 width=736)
	  ->  Result  (cost=0.00..0.01 rows=1 width=736)

table 2 : explain INSERT INTO sbtest2 (id, k, c, pad) VALUES (4292048, 13, 'foobar', 'foobar')
	Insert on sbtest2  (cost=0.00..0.01 rows=1 width=736)
	  ->  Result  (cost=0.00..0.01 rows=1 width=736)

table 3 : explain INSERT INTO sbtest3 (id, k, c, pad) VALUES (1972873, 13, 'foobar', 'foobar')
	Insert on sbtest3  (cost=0.00..0.01 rows=1 width=736)
	  ->  Result  (cost=0.00..0.01 rows=1 width=736)

table 4 : explain INSERT INTO sbtest4 (id, k, c, pad) VALUES (8912461, 13, 'foobar', 'foobar')
	Insert on sbtest4  (cost=0.00..0.01 rows=1 width=736)
	  ->  Result  (cost=0.00..0.01 rows=1 width=736)

table 5 : explain INSERT INTO sbtest5 (id, k, c, pad) VALUES (4621380, 13, 'foobar', 'foobar')
	Insert on sbtest5  (cost=0.00..0.01 rows=1 width=736)
	  ->  Result  (cost=0.00..0.01 rows=1 width=736)

table 6 : explain INSERT INTO sbtest6 (id, k, c, pad) VALUES (725455, 13, 'foobar', 'foobar')
	Insert on sbtest6  (cost=0.00..0.01 rows=1 width=736)
	  ->  Result  (cost=0.00..0.01 rows=1 width=736)

table 7 : explain INSERT INTO sbtest7 (id, k, c, pad) VALUES (277919, 13, 'foobar', 'foobar')
	Insert on sbtest7  (cost=0.00..0.01 rows=1 width=736)
	  ->  Result  (cost=0.00..0.01 rows=1 width=736)

table 8 : explain INSERT INTO sbtest8 (id, k, c, pad) VALUES (6442205, 13, 'foobar', 'foobar')
	Insert on sbtest8  (cost=0.00..0.01 rows=1 width=736)
	  ->  Result  (cost=0.00..0.01 rows=1 width=736)

for non_index_updates
table 1 : explain UPDATE sbtest1 SET c='foobar' WHERE id=3749662
	Update on sbtest1  (cost=0.43..8.45 rows=1 width=559)
	  ->  Index Scan using sbtest1_pkey on sbtest1  (cost=0.43..8.45 rows=1 width=559)
	        Index Cond: (id = 3749662)

table 2 : explain UPDATE sbtest2 SET c='foobar' WHERE id=9630111
	Update on sbtest2  (cost=0.43..8.45 rows=1 width=559)
	  ->  Index Scan using sbtest2_pkey on sbtest2  (cost=0.43..8.45 rows=1 width=559)
	        Index Cond: (id = 9630111)

table 3 : explain UPDATE sbtest3 SET c='foobar' WHERE id=1818303
	Update on sbtest3  (cost=0.43..8.45 rows=1 width=559)
	  ->  Index Scan using sbtest3_pkey on sbtest3  (cost=0.43..8.45 rows=1 width=559)
	        Index Cond: (id = 1818303)

table 4 : explain UPDATE sbtest4 SET c='foobar' WHERE id=6345383
	Update on sbtest4  (cost=0.43..8.45 rows=1 width=559)
	  ->  Index Scan using sbtest4_pkey on sbtest4  (cost=0.43..8.45 rows=1 width=559)
	        Index Cond: (id = 6345383)

table 5 : explain UPDATE sbtest5 SET c='foobar' WHERE id=4892183
	Update on sbtest5  (cost=0.43..8.45 rows=1 width=559)
	  ->  Index Scan using sbtest5_pkey on sbtest5  (cost=0.43..8.45 rows=1 width=559)
	        Index Cond: (id = 4892183)

table 6 : explain UPDATE sbtest6 SET c='foobar' WHERE id=8110694
	Update on sbtest6  (cost=0.43..8.45 rows=1 width=559)
	  ->  Index Scan using sbtest6_pkey on sbtest6  (cost=0.43..8.45 rows=1 width=559)
	        Index Cond: (id = 8110694)

table 7 : explain UPDATE sbtest7 SET c='foobar' WHERE id=6967424
	Update on sbtest7  (cost=0.43..8.45 rows=1 width=559)
	  ->  Index Scan using sbtest7_pkey on sbtest7  (cost=0.43..8.45 rows=1 width=559)
	        Index Cond: (id = 6967424)

table 8 : explain UPDATE sbtest8 SET c='foobar' WHERE id=1072938
	Update on sbtest8  (cost=0.43..8.45 rows=1 width=559)
	  ->  Index Scan using sbtest8_pkey on sbtest8  (cost=0.43..8.45 rows=1 width=559)
	        Index Cond: (id = 1072938)

explain: for non_index_updates :: explain UPDATE sbtest%u SET c='foobar' WHERE id=%u
for: distinct_ranges
table 1 : explain SELECT DISTINCT c FROM sbtest1 WHERE id BETWEEN 9523265 AND 9523364 ORDER BY c
	Unique  (cost=398.37..398.88 rows=103 width=121)
	  ->  Sort  (cost=398.37..398.63 rows=103 width=121)
	        Sort Key: c
	        ->  Index Scan using sbtest1_pkey on sbtest1  (cost=0.43..394.92 rows=103 width=121)
	              Index Cond: ((id >= 9523265) AND (id <= 9523364))

table 2 : explain SELECT DISTINCT c FROM sbtest2 WHERE id BETWEEN 8507817 AND 8507916 ORDER BY c
	Unique  (cost=394.85..395.36 rows=102 width=121)
	  ->  Sort  (cost=394.85..395.10 rows=102 width=121)
	        Sort Key: c
	        ->  Index Scan using sbtest2_pkey on sbtest2  (cost=0.43..391.44 rows=102 width=121)
	              Index Cond: ((id >= 8507817) AND (id <= 8507916))

table 3 : explain SELECT DISTINCT c FROM sbtest3 WHERE id BETWEEN 6664406 AND 6664505 ORDER BY c
	Unique  (cost=373.34..373.83 rows=97 width=121)
	  ->  Sort  (cost=373.34..373.58 rows=97 width=121)
	        Sort Key: c
	        ->  Index Scan using sbtest3_pkey on sbtest3  (cost=0.43..370.14 rows=97 width=121)
	              Index Cond: ((id >= 6664406) AND (id <= 6664505))

table 4 : explain SELECT DISTINCT c FROM sbtest4 WHERE id BETWEEN 9536236 AND 9536335 ORDER BY c
	Unique  (cost=395.77..396.28 rows=102 width=121)
	  ->  Sort  (cost=395.77..396.03 rows=102 width=121)
	        Sort Key: c
	        ->  Index Scan using sbtest4_pkey on sbtest4  (cost=0.43..392.37 rows=102 width=121)
	              Index Cond: ((id >= 9536236) AND (id <= 9536335))

table 5 : explain SELECT DISTINCT c FROM sbtest5 WHERE id BETWEEN 2089243 AND 2089342 ORDER BY c
	Unique  (cost=374.15..374.64 rows=97 width=121)
	  ->  Sort  (cost=374.15..374.40 rows=97 width=121)
	        Sort Key: c
	        ->  Index Scan using sbtest5_pkey on sbtest5  (cost=0.43..370.95 rows=97 width=121)
	              Index Cond: ((id >= 2089243) AND (id <= 2089342))

table 6 : explain SELECT DISTINCT c FROM sbtest6 WHERE id BETWEEN 4613207 AND 4613306 ORDER BY c
	Unique  (cost=362.81..363.28 rows=94 width=121)
	  ->  Sort  (cost=362.81..363.05 rows=94 width=121)
	        Sort Key: c
	        ->  Index Scan using sbtest6_pkey on sbtest6  (cost=0.43..359.73 rows=94 width=121)
	              Index Cond: ((id >= 4613207) AND (id <= 4613306))

table 7 : explain SELECT DISTINCT c FROM sbtest7 WHERE id BETWEEN 5536356 AND 5536455 ORDER BY c
	Unique  (cost=404.08..404.60 rows=104 width=121)
	  ->  Sort  (cost=404.08..404.34 rows=104 width=121)
	        Sort Key: c
	        ->  Index Scan using sbtest7_pkey on sbtest7  (cost=0.43..400.60 rows=104 width=121)
	              Index Cond: ((id >= 5536356) AND (id <= 5536455))

table 8 : explain SELECT DISTINCT c FROM sbtest8 WHERE id BETWEEN 5738183 AND 5738282 ORDER BY c
	Unique  (cost=388.61..389.11 rows=100 width=121)
	  ->  Sort  (cost=388.61..388.86 rows=100 width=121)
	        Sort Key: c
	        ->  Index Scan using sbtest8_pkey on sbtest8  (cost=0.43..385.29 rows=100 width=121)
	              Index Cond: ((id >= 5738183) AND (id <= 5738282))

for: order_ranges
table 1 : explain SELECT c FROM sbtest1 WHERE id BETWEEN 1974332 AND 1974431 ORDER BY c
	Sort  (cost=383.06..383.30 rows=99 width=121)
	  Sort Key: c
	  ->  Index Scan using sbtest1_pkey on sbtest1  (cost=0.43..379.78 rows=99 width=121)
	        Index Cond: ((id >= 1974332) AND (id <= 1974431))

table 2 : explain SELECT c FROM sbtest2 WHERE id BETWEEN 5168251 AND 5168350 ORDER BY c
	Sort  (cost=436.99..437.27 rows=113 width=121)
	  Sort Key: c
	  ->  Index Scan using sbtest2_pkey on sbtest2  (cost=0.43..433.14 rows=113 width=121)
	        Index Cond: ((id >= 5168251) AND (id <= 5168350))

table 3 : explain SELECT c FROM sbtest3 WHERE id BETWEEN 7104816 AND 7104915 ORDER BY c
	Sort  (cost=373.34..373.58 rows=97 width=121)
	  Sort Key: c
	  ->  Index Scan using sbtest3_pkey on sbtest3  (cost=0.43..370.14 rows=97 width=121)
	        Index Cond: ((id >= 7104816) AND (id <= 7104915))

table 4 : explain SELECT c FROM sbtest4 WHERE id BETWEEN 9706196 AND 9706295 ORDER BY c
	Sort  (cost=399.61..399.87 rows=103 width=121)
	  Sort Key: c
	  ->  Index Scan using sbtest4_pkey on sbtest4  (cost=0.43..396.17 rows=103 width=121)
	        Index Cond: ((id >= 9706196) AND (id <= 9706295))

table 5 : explain SELECT c FROM sbtest5 WHERE id BETWEEN 7246516 AND 7246615 ORDER BY c
	Sort  (cost=385.60..385.85 rows=100 width=121)
	  Sort Key: c
	  ->  Index Scan using sbtest5_pkey on sbtest5  (cost=0.43..382.28 rows=100 width=121)
	        Index Cond: ((id >= 7246516) AND (id <= 7246615))

table 6 : explain SELECT c FROM sbtest6 WHERE id BETWEEN 8115955 AND 8116054 ORDER BY c
	Sort  (cost=385.77..386.02 rows=100 width=121)
	  Sort Key: c
	  ->  Index Scan using sbtest6_pkey on sbtest6  (cost=0.43..382.45 rows=100 width=121)
	        Index Cond: ((id >= 8115955) AND (id <= 8116054))

table 7 : explain SELECT c FROM sbtest7 WHERE id BETWEEN 9056462 AND 9056561 ORDER BY c
	Sort  (cost=373.31..373.55 rows=96 width=121)
	  Sort Key: c
	  ->  Index Scan using sbtest7_pkey on sbtest7  (cost=0.43..370.15 rows=96 width=121)
	        Index Cond: ((id >= 9056462) AND (id <= 9056561))

table 8 : explain SELECT c FROM sbtest8 WHERE id BETWEEN 3087647 AND 3087746 ORDER BY c
	Sort  (cost=400.14..400.40 rows=103 width=121)
	  Sort Key: c
	  ->  Index Scan using sbtest8_pkey on sbtest8  (cost=0.43..396.70 rows=103 width=121)
	        Index Cond: ((id >= 3087647) AND (id <= 3087746))

for: sum_ranges
table 1 : explain SELECT SUM(k) FROM sbtest1 WHERE id BETWEEN 1824688 AND 1824787
	Aggregate  (cost=395.18..395.19 rows=1 width=8)
	  ->  Index Scan using sbtest1_pkey on sbtest1  (cost=0.43..394.92 rows=103 width=4)
	        Index Cond: ((id >= 1824688) AND (id <= 1824787))

table 2 : explain SELECT SUM(k) FROM sbtest2 WHERE id BETWEEN 2213232 AND 2213331
	Aggregate  (cost=342.34..342.35 rows=1 width=8)
	  ->  Index Scan using sbtest2_pkey on sbtest2  (cost=0.43..342.11 rows=89 width=4)
	        Index Cond: ((id >= 2213232) AND (id <= 2213331))

table 3 : explain SELECT SUM(k) FROM sbtest3 WHERE id BETWEEN 8358064 AND 8358163
	Aggregate  (cost=438.21..438.22 rows=1 width=8)
	  ->  Index Scan using sbtest3_pkey on sbtest3  (cost=0.43..437.92 rows=115 width=4)
	        Index Cond: ((id >= 8358064) AND (id <= 8358163))

table 4 : explain SELECT SUM(k) FROM sbtest4 WHERE id BETWEEN 2449326 AND 2449425
	Aggregate  (cost=385.02..385.03 rows=1 width=8)
	  ->  Index Scan using sbtest4_pkey on sbtest4  (cost=0.43..384.77 rows=100 width=4)
	        Index Cond: ((id >= 2449326) AND (id <= 2449425))

table 5 : explain SELECT SUM(k) FROM sbtest5 WHERE id BETWEEN 6199985 AND 6200084
	Aggregate  (cost=401.41..401.42 rows=1 width=8)
	  ->  Index Scan using sbtest5_pkey on sbtest5  (cost=0.43..401.15 rows=105 width=4)
	        Index Cond: ((id >= 6199985) AND (id <= 6200084))

table 6 : explain SELECT SUM(k) FROM sbtest6 WHERE id BETWEEN 5241407 AND 5241506
	Aggregate  (cost=416.70..416.71 rows=1 width=8)
	  ->  Index Scan using sbtest6_pkey on sbtest6  (cost=0.43..416.43 rows=109 width=4)
	        Index Cond: ((id >= 5241407) AND (id <= 5241506))

table 7 : explain SELECT SUM(k) FROM sbtest7 WHERE id BETWEEN 2794341 AND 2794440
	Aggregate  (cost=378.01..378.02 rows=1 width=8)
	  ->  Index Scan using sbtest7_pkey on sbtest7  (cost=0.43..377.76 rows=98 width=4)
	        Index Cond: ((id >= 2794341) AND (id <= 2794440))

table 8 : explain SELECT SUM(k) FROM sbtest8 WHERE id BETWEEN 4428453 AND 4428552
	Aggregate  (cost=423.61..423.62 rows=1 width=8)
	  ->  Index Scan using sbtest8_pkey on sbtest8  (cost=0.43..423.33 rows=110 width=4)
	        Index Cond: ((id >= 4428453) AND (id <= 4428552))

for non_index_updates
table 1 : explain UPDATE sbtest1 SET c='foobar' WHERE id=7715910
	Update on sbtest1  (cost=0.43..8.45 rows=1 width=559)
	  ->  Index Scan using sbtest1_pkey on sbtest1  (cost=0.43..8.45 rows=1 width=559)
	        Index Cond: (id = 7715910)

table 2 : explain UPDATE sbtest2 SET c='foobar' WHERE id=4038172
	Update on sbtest2  (cost=0.43..8.45 rows=1 width=559)
	  ->  Index Scan using sbtest2_pkey on sbtest2  (cost=0.43..8.45 rows=1 width=559)
	        Index Cond: (id = 4038172)

table 3 : explain UPDATE sbtest3 SET c='foobar' WHERE id=6330220
	Update on sbtest3  (cost=0.43..8.45 rows=1 width=559)
	  ->  Index Scan using sbtest3_pkey on sbtest3  (cost=0.43..8.45 rows=1 width=559)
	        Index Cond: (id = 6330220)

table 4 : explain UPDATE sbtest4 SET c='foobar' WHERE id=5986048
	Update on sbtest4  (cost=0.43..8.45 rows=1 width=559)
	  ->  Index Scan using sbtest4_pkey on sbtest4  (cost=0.43..8.45 rows=1 width=559)
	        Index Cond: (id = 5986048)

table 5 : explain UPDATE sbtest5 SET c='foobar' WHERE id=5139190
	Update on sbtest5  (cost=0.43..8.45 rows=1 width=559)
	  ->  Index Scan using sbtest5_pkey on sbtest5  (cost=0.43..8.45 rows=1 width=559)
	        Index Cond: (id = 5139190)

table 6 : explain UPDATE sbtest6 SET c='foobar' WHERE id=9315194
	Update on sbtest6  (cost=0.43..8.45 rows=1 width=559)
	  ->  Index Scan using sbtest6_pkey on sbtest6  (cost=0.43..8.45 rows=1 width=559)
	        Index Cond: (id = 9315194)

table 7 : explain UPDATE sbtest7 SET c='foobar' WHERE id=5540069
	Update on sbtest7  (cost=0.43..8.45 rows=1 width=559)
	  ->  Index Scan using sbtest7_pkey on sbtest7  (cost=0.43..8.45 rows=1 width=559)
	        Index Cond: (id = 5540069)

table 8 : explain UPDATE sbtest8 SET c='foobar' WHERE id=6651881
	Update on sbtest8  (cost=0.43..8.45 rows=1 width=559)
	  ->  Index Scan using sbtest8_pkey on sbtest8  (cost=0.43..8.45 rows=1 width=559)
	        Index Cond: (id = 6651881)

for non_index_updates
table 1 : explain UPDATE sbtest1 SET c='foobar' WHERE id=5688228
	Update on sbtest1  (cost=0.43..8.45 rows=1 width=559)
	  ->  Index Scan using sbtest1_pkey on sbtest1  (cost=0.43..8.45 rows=1 width=559)
	        Index Cond: (id = 5688228)

table 2 : explain UPDATE sbtest2 SET c='foobar' WHERE id=2717616
	Update on sbtest2  (cost=0.43..8.45 rows=1 width=559)
	  ->  Index Scan using sbtest2_pkey on sbtest2  (cost=0.43..8.45 rows=1 width=559)
	        Index Cond: (id = 2717616)

table 3 : explain UPDATE sbtest3 SET c='foobar' WHERE id=797492
	Update on sbtest3  (cost=0.43..8.45 rows=1 width=559)
	  ->  Index Scan using sbtest3_pkey on sbtest3  (cost=0.43..8.45 rows=1 width=559)
	        Index Cond: (id = 797492)

table 4 : explain UPDATE sbtest4 SET c='foobar' WHERE id=6149458
	Update on sbtest4  (cost=0.43..8.45 rows=1 width=559)
	  ->  Index Scan using sbtest4_pkey on sbtest4  (cost=0.43..8.45 rows=1 width=559)
	        Index Cond: (id = 6149458)

table 5 : explain UPDATE sbtest5 SET c='foobar' WHERE id=8043695
	Update on sbtest5  (cost=0.43..8.45 rows=1 width=559)
	  ->  Index Scan using sbtest5_pkey on sbtest5  (cost=0.43..8.45 rows=1 width=559)
	        Index Cond: (id = 8043695)

table 6 : explain UPDATE sbtest6 SET c='foobar' WHERE id=9608440
	Update on sbtest6  (cost=0.43..8.45 rows=1 width=559)
	  ->  Index Scan using sbtest6_pkey on sbtest6  (cost=0.43..8.45 rows=1 width=559)
	        Index Cond: (id = 9608440)

table 7 : explain UPDATE sbtest7 SET c='foobar' WHERE id=3660375
	Update on sbtest7  (cost=0.43..8.45 rows=1 width=559)
	  ->  Index Scan using sbtest7_pkey on sbtest7  (cost=0.43..8.45 rows=1 width=559)
	        Index Cond: (id = 3660375)

table 8 : explain UPDATE sbtest8 SET c='foobar' WHERE id=9700108
	Update on sbtest8  (cost=0.43..8.45 rows=1 width=559)
	  ->  Index Scan using sbtest8_pkey on sbtest8  (cost=0.43..8.45 rows=1 width=559)
	        Index Cond: (id = 9700108)

for non_index_updates
table 1 : explain UPDATE sbtest1 SET c='foobar' WHERE id=9149248
	Update on sbtest1  (cost=0.43..8.45 rows=1 width=559)
	  ->  Index Scan using sbtest1_pkey on sbtest1  (cost=0.43..8.45 rows=1 width=559)
	        Index Cond: (id = 9149248)

table 2 : explain UPDATE sbtest2 SET c='foobar' WHERE id=3583095
	Update on sbtest2  (cost=0.43..8.45 rows=1 width=559)
	  ->  Index Scan using sbtest2_pkey on sbtest2  (cost=0.43..8.45 rows=1 width=559)
	        Index Cond: (id = 3583095)

table 3 : explain UPDATE sbtest3 SET c='foobar' WHERE id=1159332
	Update on sbtest3  (cost=0.43..8.45 rows=1 width=559)
	  ->  Index Scan using sbtest3_pkey on sbtest3  (cost=0.43..8.45 rows=1 width=559)
	        Index Cond: (id = 1159332)

table 4 : explain UPDATE sbtest4 SET c='foobar' WHERE id=2829428
	Update on sbtest4  (cost=0.43..8.45 rows=1 width=559)
	  ->  Index Scan using sbtest4_pkey on sbtest4  (cost=0.43..8.45 rows=1 width=559)
	        Index Cond: (id = 2829428)

table 5 : explain UPDATE sbtest5 SET c='foobar' WHERE id=5621070
	Update on sbtest5  (cost=0.43..8.45 rows=1 width=559)
	  ->  Index Scan using sbtest5_pkey on sbtest5  (cost=0.43..8.45 rows=1 width=559)
	        Index Cond: (id = 5621070)

table 6 : explain UPDATE sbtest6 SET c='foobar' WHERE id=77134
	Update on sbtest6  (cost=0.43..8.45 rows=1 width=559)
	  ->  Index Scan using sbtest6_pkey on sbtest6  (cost=0.43..8.45 rows=1 width=559)
	        Index Cond: (id = 77134)

table 7 : explain UPDATE sbtest7 SET c='foobar' WHERE id=9645296
	Update on sbtest7  (cost=0.43..8.45 rows=1 width=559)
	  ->  Index Scan using sbtest7_pkey on sbtest7  (cost=0.43..8.45 rows=1 width=559)
	        Index Cond: (id = 9645296)

table 8 : explain UPDATE sbtest8 SET c='foobar' WHERE id=4299313
	Update on sbtest8  (cost=0.43..8.45 rows=1 width=559)
	  ->  Index Scan using sbtest8_pkey on sbtest8  (cost=0.43..8.45 rows=1 width=559)
	        Index Cond: (id = 4299313)

for non_index_updates
table 1 : explain UPDATE sbtest1 SET c='foobar' WHERE id=2972962
	Update on sbtest1  (cost=0.43..8.45 rows=1 width=559)
	  ->  Index Scan using sbtest1_pkey on sbtest1  (cost=0.43..8.45 rows=1 width=559)
	        Index Cond: (id = 2972962)

table 2 : explain UPDATE sbtest2 SET c='foobar' WHERE id=4705006
	Update on sbtest2  (cost=0.43..8.45 rows=1 width=559)
	  ->  Index Scan using sbtest2_pkey on sbtest2  (cost=0.43..8.45 rows=1 width=559)
	        Index Cond: (id = 4705006)

table 3 : explain UPDATE sbtest3 SET c='foobar' WHERE id=9502405
	Update on sbtest3  (cost=0.43..8.45 rows=1 width=559)
	  ->  Index Scan using sbtest3_pkey on sbtest3  (cost=0.43..8.45 rows=1 width=559)
	        Index Cond: (id = 9502405)

table 4 : explain UPDATE sbtest4 SET c='foobar' WHERE id=6220187
	Update on sbtest4  (cost=0.43..8.45 rows=1 width=559)
	  ->  Index Scan using sbtest4_pkey on sbtest4  (cost=0.43..8.45 rows=1 width=559)
	        Index Cond: (id = 6220187)

table 5 : explain UPDATE sbtest5 SET c='foobar' WHERE id=1512616
	Update on sbtest5  (cost=0.43..8.45 rows=1 width=559)
	  ->  Index Scan using sbtest5_pkey on sbtest5  (cost=0.43..8.45 rows=1 width=559)
	        Index Cond: (id = 1512616)

table 6 : explain UPDATE sbtest6 SET c='foobar' WHERE id=4627199
	Update on sbtest6  (cost=0.43..8.45 rows=1 width=559)
	  ->  Index Scan using sbtest6_pkey on sbtest6  (cost=0.43..8.45 rows=1 width=559)
	        Index Cond: (id = 4627199)

table 7 : explain UPDATE sbtest7 SET c='foobar' WHERE id=3138145
	Update on sbtest7  (cost=0.43..8.45 rows=1 width=559)
	  ->  Index Scan using sbtest7_pkey on sbtest7  (cost=0.43..8.45 rows=1 width=559)
	        Index Cond: (id = 3138145)

table 8 : explain UPDATE sbtest8 SET c='foobar' WHERE id=13243
	Update on sbtest8  (cost=0.43..8.45 rows=1 width=559)
	  ->  Index Scan using sbtest8_pkey on sbtest8  (cost=0.43..8.45 rows=1 width=559)
	        Index Cond: (id = 13243)

explain: for inserts :: explain INSERT INTO sbtest%u (id, k, c, pad) VALUES (%u, 13, 'foobar', 'foobar')
for index_updates
table 1 : explain UPDATE sbtest1 SET k=k+1 WHERE id=2763170
	Update on sbtest1  (cost=0.43..8.46 rows=1 width=196)
	  ->  Index Scan using sbtest1_pkey on sbtest1  (cost=0.43..8.46 rows=1 width=196)
	        Index Cond: (id = 2763170)

table 2 : explain UPDATE sbtest2 SET k=k+1 WHERE id=3419116
	Update on sbtest2  (cost=0.43..8.46 rows=1 width=196)
	  ->  Index Scan using sbtest2_pkey on sbtest2  (cost=0.43..8.46 rows=1 width=196)
	        Index Cond: (id = 3419116)

table 3 : explain UPDATE sbtest3 SET k=k+1 WHERE id=9542696
	Update on sbtest3  (cost=0.43..8.46 rows=1 width=196)
	  ->  Index Scan using sbtest3_pkey on sbtest3  (cost=0.43..8.46 rows=1 width=196)
	        Index Cond: (id = 9542696)

table 4 : explain UPDATE sbtest4 SET k=k+1 WHERE id=934581
	Update on sbtest4  (cost=0.43..8.46 rows=1 width=196)
	  ->  Index Scan using sbtest4_pkey on sbtest4  (cost=0.43..8.46 rows=1 width=196)
	        Index Cond: (id = 934581)

table 5 : explain UPDATE sbtest5 SET k=k+1 WHERE id=333561
	Update on sbtest5  (cost=0.43..8.46 rows=1 width=196)
	  ->  Index Scan using sbtest5_pkey on sbtest5  (cost=0.43..8.46 rows=1 width=196)
	        Index Cond: (id = 333561)

table 6 : explain UPDATE sbtest6 SET k=k+1 WHERE id=572219
	Update on sbtest6  (cost=0.43..8.46 rows=1 width=196)
	  ->  Index Scan using sbtest6_pkey on sbtest6  (cost=0.43..8.46 rows=1 width=196)
	        Index Cond: (id = 572219)

table 7 : explain UPDATE sbtest7 SET k=k+1 WHERE id=3746046
	Update on sbtest7  (cost=0.43..8.46 rows=1 width=196)
	  ->  Index Scan using sbtest7_pkey on sbtest7  (cost=0.43..8.46 rows=1 width=196)
	        Index Cond: (id = 3746046)

table 8 : explain UPDATE sbtest8 SET k=k+1 WHERE id=8818344
	Update on sbtest8  (cost=0.43..8.46 rows=1 width=196)
	  ->  Index Scan using sbtest8_pkey on sbtest8  (cost=0.43..8.46 rows=1 width=196)
	        Index Cond: (id = 8818344)

explain: for deletes :: explain DELETE FROM sbtest%u WHERE id=%u
explain: for deletes :: explain DELETE FROM sbtest%u WHERE id=%u
explain: for deletes :: explain DELETE FROM sbtest%u WHERE id=%u
explain: for deletes :: explain DELETE FROM sbtest%u WHERE id=%u
explain: for deletes :: explain DELETE FROM sbtest%u WHERE id=%u
explain: for non_index_updates :: explain UPDATE sbtest%u SET c='foobar' WHERE id=%u
explain: for deletes :: explain DELETE FROM sbtest%u WHERE id=%u
for non_index_updates
table 1 : explain UPDATE sbtest1 SET c='foobar' WHERE id=3882053
	Update on sbtest1  (cost=0.43..8.45 rows=1 width=559)
	  ->  Index Scan using sbtest1_pkey on sbtest1  (cost=0.43..8.45 rows=1 width=559)
	        Index Cond: (id = 3882053)

table 2 : explain UPDATE sbtest2 SET c='foobar' WHERE id=1090520
	Update on sbtest2  (cost=0.43..8.45 rows=1 width=559)
	  ->  Index Scan using sbtest2_pkey on sbtest2  (cost=0.43..8.45 rows=1 width=559)
	        Index Cond: (id = 1090520)

table 3 : explain UPDATE sbtest3 SET c='foobar' WHERE id=3947346
	Update on sbtest3  (cost=0.43..8.45 rows=1 width=559)
	  ->  Index Scan using sbtest3_pkey on sbtest3  (cost=0.43..8.45 rows=1 width=559)
	        Index Cond: (id = 3947346)

table 4 : explain UPDATE sbtest4 SET c='foobar' WHERE id=467814
	Update on sbtest4  (cost=0.43..8.45 rows=1 width=559)
	  ->  Index Scan using sbtest4_pkey on sbtest4  (cost=0.43..8.45 rows=1 width=559)
	        Index Cond: (id = 467814)

table 5 : explain UPDATE sbtest5 SET c='foobar' WHERE id=9837012
	Update on sbtest5  (cost=0.43..8.45 rows=1 width=559)
	  ->  Index Scan using sbtest5_pkey on sbtest5  (cost=0.43..8.45 rows=1 width=559)
	        Index Cond: (id = 9837012)

table 6 : explain UPDATE sbtest6 SET c='foobar' WHERE id=7413169
	Update on sbtest6  (cost=0.43..8.45 rows=1 width=559)
	  ->  Index Scan using sbtest6_pkey on sbtest6  (cost=0.43..8.45 rows=1 width=559)
	        Index Cond: (id = 7413169)

table 7 : explain UPDATE sbtest7 SET c='foobar' WHERE id=3194836
	Update on sbtest7  (cost=0.43..8.45 rows=1 width=559)
	  ->  Index Scan using sbtest7_pkey on sbtest7  (cost=0.43..8.45 rows=1 width=559)
	        Index Cond: (id = 3194836)

table 8 : explain UPDATE sbtest8 SET c='foobar' WHERE id=6229263
	Update on sbtest8  (cost=0.43..8.45 rows=1 width=559)
	  ->  Index Scan using sbtest8_pkey on sbtest8  (cost=0.43..8.45 rows=1 width=559)
	        Index Cond: (id = 6229263)

explain: for index_updates :: explain UPDATE sbtest%u SET k=k+1 WHERE id=%u
for inserts
table 1 : explain INSERT INTO sbtest1 (id, k, c, pad) VALUES (5971165, 13, 'foobar', 'foobar')
	Insert on sbtest1  (cost=0.00..0.01 rows=1 width=736)
	  ->  Result  (cost=0.00..0.01 rows=1 width=736)

table 2 : explain INSERT INTO sbtest2 (id, k, c, pad) VALUES (7100498, 13, 'foobar', 'foobar')
	Insert on sbtest2  (cost=0.00..0.01 rows=1 width=736)
	  ->  Result  (cost=0.00..0.01 rows=1 width=736)

table 3 : explain INSERT INTO sbtest3 (id, k, c, pad) VALUES (5030756, 13, 'foobar', 'foobar')
	Insert on sbtest3  (cost=0.00..0.01 rows=1 width=736)
	  ->  Result  (cost=0.00..0.01 rows=1 width=736)

table 4 : explain INSERT INTO sbtest4 (id, k, c, pad) VALUES (3670610, 13, 'foobar', 'foobar')
	Insert on sbtest4  (cost=0.00..0.01 rows=1 width=736)
	  ->  Result  (cost=0.00..0.01 rows=1 width=736)

table 5 : explain INSERT INTO sbtest5 (id, k, c, pad) VALUES (5848323, 13, 'foobar', 'foobar')
	Insert on sbtest5  (cost=0.00..0.01 rows=1 width=736)
	  ->  Result  (cost=0.00..0.01 rows=1 width=736)

table 6 : explain INSERT INTO sbtest6 (id, k, c, pad) VALUES (146934, 13, 'foobar', 'foobar')
	Insert on sbtest6  (cost=0.00..0.01 rows=1 width=736)
	  ->  Result  (cost=0.00..0.01 rows=1 width=736)

table 7 : explain INSERT INTO sbtest7 (id, k, c, pad) VALUES (9495925, 13, 'foobar', 'foobar')
	Insert on sbtest7  (cost=0.00..0.01 rows=1 width=736)
	  ->  Result  (cost=0.00..0.01 rows=1 width=736)

table 8 : explain INSERT INTO sbtest8 (id, k, c, pad) VALUES (5557224, 13, 'foobar', 'foobar')
	Insert on sbtest8  (cost=0.00..0.01 rows=1 width=736)
	  ->  Result  (cost=0.00..0.01 rows=1 width=736)

explain: for non_index_updates :: explain UPDATE sbtest%u SET c='foobar' WHERE id=%u
explain: for deletes :: explain DELETE FROM sbtest%u WHERE id=%u
for deletes
table 1 : explain DELETE FROM sbtest1 WHERE id=7663200
	Delete on sbtest1  (cost=0.43..8.45 rows=1 width=6)
	  ->  Index Scan using sbtest1_pkey on sbtest1  (cost=0.43..8.45 rows=1 width=6)
	        Index Cond: (id = 7663200)

table 2 : explain DELETE FROM sbtest2 WHERE id=5506438
	Delete on sbtest2  (cost=0.43..8.45 rows=1 width=6)
	  ->  Index Scan using sbtest2_pkey on sbtest2  (cost=0.43..8.45 rows=1 width=6)
	        Index Cond: (id = 5506438)

table 3 : explain DELETE FROM sbtest3 WHERE id=389404
	Delete on sbtest3  (cost=0.43..8.45 rows=1 width=6)
	  ->  Index Scan using sbtest3_pkey on sbtest3  (cost=0.43..8.45 rows=1 width=6)
	        Index Cond: (id = 389404)

table 4 : explain DELETE FROM sbtest4 WHERE id=3413298
	Delete on sbtest4  (cost=0.43..8.45 rows=1 width=6)
	  ->  Index Scan using sbtest4_pkey on sbtest4  (cost=0.43..8.45 rows=1 width=6)
	        Index Cond: (id = 3413298)

table 5 : explain DELETE FROM sbtest5 WHERE id=2622690
	Delete on sbtest5  (cost=0.43..8.45 rows=1 width=6)
	  ->  Index Scan using sbtest5_pkey on sbtest5  (cost=0.43..8.45 rows=1 width=6)
	        Index Cond: (id = 2622690)

table 6 : explain DELETE FROM sbtest6 WHERE id=9709820
	Delete on sbtest6  (cost=0.43..8.45 rows=1 width=6)
	  ->  Index Scan using sbtest6_pkey on sbtest6  (cost=0.43..8.45 rows=1 width=6)
	        Index Cond: (id = 9709820)

table 7 : explain DELETE FROM sbtest7 WHERE id=7683668
	Delete on sbtest7  (cost=0.43..8.45 rows=1 width=6)
	  ->  Index Scan using sbtest7_pkey on sbtest7  (cost=0.43..8.45 rows=1 width=6)
	        Index Cond: (id = 7683668)

table 8 : explain DELETE FROM sbtest8 WHERE id=9701736
	Delete on sbtest8  (cost=0.43..8.45 rows=1 width=6)
	  ->  Index Scan using sbtest8_pkey on sbtest8  (cost=0.43..8.45 rows=1 width=6)
	        Index Cond: (id = 9701736)

for deletes
table 1 : explain DELETE FROM sbtest1 WHERE id=9377687
	Delete on sbtest1  (cost=0.43..8.45 rows=1 width=6)
	  ->  Index Scan using sbtest1_pkey on sbtest1  (cost=0.43..8.45 rows=1 width=6)
	        Index Cond: (id = 9377687)

table 2 : explain DELETE FROM sbtest2 WHERE id=5336016
	Delete on sbtest2  (cost=0.43..8.45 rows=1 width=6)
	  ->  Index Scan using sbtest2_pkey on sbtest2  (cost=0.43..8.45 rows=1 width=6)
	        Index Cond: (id = 5336016)

table 3 : explain DELETE FROM sbtest3 WHERE id=1735140
	Delete on sbtest3  (cost=0.43..8.45 rows=1 width=6)
	  ->  Index Scan using sbtest3_pkey on sbtest3  (cost=0.43..8.45 rows=1 width=6)
	        Index Cond: (id = 1735140)

table 4 : explain DELETE FROM sbtest4 WHERE id=7086716
	Delete on sbtest4  (cost=0.43..8.45 rows=1 width=6)
	  ->  Index Scan using sbtest4_pkey on sbtest4  (cost=0.43..8.45 rows=1 width=6)
	        Index Cond: (id = 7086716)

table 5 : explain DELETE FROM sbtest5 WHERE id=9639143
	Delete on sbtest5  (cost=0.43..8.45 rows=1 width=6)
	  ->  Index Scan using sbtest5_pkey on sbtest5  (cost=0.43..8.45 rows=1 width=6)
	        Index Cond: (id = 9639143)

table 6 : explain DELETE FROM sbtest6 WHERE id=2469910
	Delete on sbtest6  (cost=0.43..8.45 rows=1 width=6)
	  ->  Index Scan using sbtest6_pkey on sbtest6  (cost=0.43..8.45 rows=1 width=6)
	        Index Cond: (id = 2469910)

table 7 : explain DELETE FROM sbtest7 WHERE id=9226742
	Delete on sbtest7  (cost=0.43..8.45 rows=1 width=6)
	  ->  Index Scan using sbtest7_pkey on sbtest7  (cost=0.43..8.45 rows=1 width=6)
	        Index Cond: (id = 9226742)

table 8 : explain DELETE FROM sbtest8 WHERE id=7908860
	Delete on sbtest8  (cost=0.43..8.45 rows=1 width=6)
	  ->  Index Scan using sbtest8_pkey on sbtest8  (cost=0.43..8.45 rows=1 width=6)
	        Index Cond: (id = 7908860)

for deletes
table 1 : explain DELETE FROM sbtest1 WHERE id=9581396
	Delete on sbtest1  (cost=0.43..8.45 rows=1 width=6)
	  ->  Index Scan using sbtest1_pkey on sbtest1  (cost=0.43..8.45 rows=1 width=6)
	        Index Cond: (id = 9581396)

table 2 : explain DELETE FROM sbtest2 WHERE id=4440739
	Delete on sbtest2  (cost=0.43..8.45 rows=1 width=6)
	  ->  Index Scan using sbtest2_pkey on sbtest2  (cost=0.43..8.45 rows=1 width=6)
	        Index Cond: (id = 4440739)

table 3 : explain DELETE FROM sbtest3 WHERE id=6433304
	Delete on sbtest3  (cost=0.43..8.45 rows=1 width=6)
	  ->  Index Scan using sbtest3_pkey on sbtest3  (cost=0.43..8.45 rows=1 width=6)
	        Index Cond: (id = 6433304)

table 4 : explain DELETE FROM sbtest4 WHERE id=5433271
	Delete on sbtest4  (cost=0.43..8.45 rows=1 width=6)
	  ->  Index Scan using sbtest4_pkey on sbtest4  (cost=0.43..8.45 rows=1 width=6)
	        Index Cond: (id = 5433271)

table 5 : explain DELETE FROM sbtest5 WHERE id=8665475
	Delete on sbtest5  (cost=0.43..8.45 rows=1 width=6)
	  ->  Index Scan using sbtest5_pkey on sbtest5  (cost=0.43..8.45 rows=1 width=6)
	        Index Cond: (id = 8665475)

table 6 : explain DELETE FROM sbtest6 WHERE id=8237706
	Delete on sbtest6  (cost=0.43..8.45 rows=1 width=6)
	  ->  Index Scan using sbtest6_pkey on sbtest6  (cost=0.43..8.45 rows=1 width=6)
	        Index Cond: (id = 8237706)

table 7 : explain DELETE FROM sbtest7 WHERE id=4311713
	Delete on sbtest7  (cost=0.43..8.45 rows=1 width=6)
	  ->  Index Scan using sbtest7_pkey on sbtest7  (cost=0.43..8.45 rows=1 width=6)
	        Index Cond: (id = 4311713)

table 8 : explain DELETE FROM sbtest8 WHERE id=2915240
	Delete on sbtest8  (cost=0.43..8.45 rows=1 width=6)
	  ->  Index Scan using sbtest8_pkey on sbtest8  (cost=0.43..8.45 rows=1 width=6)
	        Index Cond: (id = 2915240)

for deletes
table 1 : explain DELETE FROM sbtest1 WHERE id=8660019
	Delete on sbtest1  (cost=0.43..8.45 rows=1 width=6)
	  ->  Index Scan using sbtest1_pkey on sbtest1  (cost=0.43..8.45 rows=1 width=6)
	        Index Cond: (id = 8660019)

table 2 : explain DELETE FROM sbtest2 WHERE id=2640013
	Delete on sbtest2  (cost=0.43..8.45 rows=1 width=6)
	  ->  Index Scan using sbtest2_pkey on sbtest2  (cost=0.43..8.45 rows=1 width=6)
	        Index Cond: (id = 2640013)

table 3 : explain DELETE FROM sbtest3 WHERE id=2997996
	Delete on sbtest3  (cost=0.43..8.45 rows=1 width=6)
	  ->  Index Scan using sbtest3_pkey on sbtest3  (cost=0.43..8.45 rows=1 width=6)
	        Index Cond: (id = 2997996)

table 4 : explain DELETE FROM sbtest4 WHERE id=1590727
	Delete on sbtest4  (cost=0.43..8.45 rows=1 width=6)
	  ->  Index Scan using sbtest4_pkey on sbtest4  (cost=0.43..8.45 rows=1 width=6)
	        Index Cond: (id = 1590727)

table 5 : explain DELETE FROM sbtest5 WHERE id=5584460
	Delete on sbtest5  (cost=0.43..8.45 rows=1 width=6)
	  ->  Index Scan using sbtest5_pkey on sbtest5  (cost=0.43..8.45 rows=1 width=6)
	        Index Cond: (id = 5584460)

table 6 : explain DELETE FROM sbtest6 WHERE id=5100119
	Delete on sbtest6  (cost=0.43..8.45 rows=1 width=6)
	  ->  Index Scan using sbtest6_pkey on sbtest6  (cost=0.43..8.45 rows=1 width=6)
	        Index Cond: (id = 5100119)

table 7 : explain DELETE FROM sbtest7 WHERE id=2345677
	Delete on sbtest7  (cost=0.43..8.45 rows=1 width=6)
	  ->  Index Scan using sbtest7_pkey on sbtest7  (cost=0.43..8.45 rows=1 width=6)
	        Index Cond: (id = 2345677)

table 8 : explain DELETE FROM sbtest8 WHERE id=9495079
	Delete on sbtest8  (cost=0.43..8.45 rows=1 width=6)
	  ->  Index Scan using sbtest8_pkey on sbtest8  (cost=0.43..8.45 rows=1 width=6)
	        Index Cond: (id = 9495079)

for deletes
table 1 : explain DELETE FROM sbtest1 WHERE id=5384589
	Delete on sbtest1  (cost=0.43..8.45 rows=1 width=6)
	  ->  Index Scan using sbtest1_pkey on sbtest1  (cost=0.43..8.45 rows=1 width=6)
	        Index Cond: (id = 5384589)

table 2 : explain DELETE FROM sbtest2 WHERE id=6030804
	Delete on sbtest2  (cost=0.43..8.45 rows=1 width=6)
	  ->  Index Scan using sbtest2_pkey on sbtest2  (cost=0.43..8.45 rows=1 width=6)
	        Index Cond: (id = 6030804)

table 3 : explain DELETE FROM sbtest3 WHERE id=4373552
	Delete on sbtest3  (cost=0.43..8.45 rows=1 width=6)
	  ->  Index Scan using sbtest3_pkey on sbtest3  (cost=0.43..8.45 rows=1 width=6)
	        Index Cond: (id = 4373552)

table 4 : explain DELETE FROM sbtest4 WHERE id=4582730
	Delete on sbtest4  (cost=0.43..8.45 rows=1 width=6)
	  ->  Index Scan using sbtest4_pkey on sbtest4  (cost=0.43..8.45 rows=1 width=6)
	        Index Cond: (id = 4582730)

table 5 : explain DELETE FROM sbtest5 WHERE id=6534629
	Delete on sbtest5  (cost=0.43..8.45 rows=1 width=6)
	  ->  Index Scan using sbtest5_pkey on sbtest5  (cost=0.43..8.45 rows=1 width=6)
	        Index Cond: (id = 6534629)

table 6 : explain DELETE FROM sbtest6 WHERE id=9069492
	Delete on sbtest6  (cost=0.43..8.45 rows=1 width=6)
	  ->  Index Scan using sbtest6_pkey on sbtest6  (cost=0.43..8.45 rows=1 width=6)
	        Index Cond: (id = 9069492)

table 7 : explain DELETE FROM sbtest7 WHERE id=1212144
	Delete on sbtest7  (cost=0.43..8.45 rows=1 width=6)
	  ->  Index Scan using sbtest7_pkey on sbtest7  (cost=0.43..8.45 rows=1 width=6)
	        Index Cond: (id = 1212144)

table 8 : explain DELETE FROM sbtest8 WHERE id=7005938
	Delete on sbtest8  (cost=0.43..8.45 rows=1 width=6)
	  ->  Index Scan using sbtest8_pkey on sbtest8  (cost=0.43..8.45 rows=1 width=6)
	        Index Cond: (id = 7005938)

for: distinct_ranges
table 1 : explain SELECT DISTINCT c FROM sbtest1 WHERE id BETWEEN 2025006 AND 2025105 ORDER BY c
	Unique  (cost=386.88..387.38 rows=100 width=121)
	  ->  Sort  (cost=386.88..387.13 rows=100 width=121)
	        Sort Key: c
	        ->  Index Scan using sbtest1_pkey on sbtest1  (cost=0.43..383.56 rows=100 width=121)
	              Index Cond: ((id >= 2025006) AND (id <= 2025105))

table 2 : explain SELECT DISTINCT c FROM sbtest2 WHERE id BETWEEN 1720614 AND 1720713 ORDER BY c
	Unique  (cost=367.98..368.45 rows=95 width=121)
	  ->  Sort  (cost=367.98..368.21 rows=95 width=121)
	        Sort Key: c
	        ->  Index Scan using sbtest2_pkey on sbtest2  (cost=0.43..364.86 rows=95 width=121)
	              Index Cond: ((id >= 1720614) AND (id <= 1720713))

table 3 : explain SELECT DISTINCT c FROM sbtest3 WHERE id BETWEEN 5161 AND 5260 ORDER BY c
	Unique  (cost=396.18..396.69 rows=103 width=121)
	  ->  Sort  (cost=396.18..396.44 rows=103 width=121)
	        Sort Key: c
	        ->  Index Scan using sbtest3_pkey on sbtest3  (cost=0.43..392.73 rows=103 width=121)
	              Index Cond: ((id >= 5161) AND (id <= 5260))

table 4 : explain SELECT DISTINCT c FROM sbtest4 WHERE id BETWEEN 6602511 AND 6602610 ORDER BY c
	Unique  (cost=407.30..407.82 rows=105 width=121)
	  ->  Sort  (cost=407.30..407.56 rows=105 width=121)
	        Sort Key: c
	        ->  Index Scan using sbtest4_pkey on sbtest4  (cost=0.43..403.77 rows=105 width=121)
	              Index Cond: ((id >= 6602511) AND (id <= 6602610))

table 5 : explain SELECT DISTINCT c FROM sbtest5 WHERE id BETWEEN 2706359 AND 2706458 ORDER BY c
	Unique  (cost=351.21..351.66 rows=91 width=121)
	  ->  Sort  (cost=351.21..351.44 rows=91 width=121)
	        Sort Key: c
	        ->  Index Scan using sbtest5_pkey on sbtest5  (cost=0.43..348.25 rows=91 width=121)
	              Index Cond: ((id >= 2706359) AND (id <= 2706458))

table 6 : explain SELECT DISTINCT c FROM sbtest6 WHERE id BETWEEN 685596 AND 685695 ORDER BY c
	Unique  (cost=374.32..374.81 rows=97 width=121)
	  ->  Sort  (cost=374.32..374.56 rows=97 width=121)
	        Sort Key: c
	        ->  Index Scan using sbtest6_pkey on sbtest6  (cost=0.43..371.12 rows=97 width=121)
	              Index Cond: ((id >= 685596) AND (id <= 685695))

table 7 : explain SELECT DISTINCT c FROM sbtest7 WHERE id BETWEEN 2745638 AND 2745737 ORDER BY c
	Unique  (cost=381.00..381.49 rows=98 width=121)
	  ->  Sort  (cost=381.00..381.25 rows=98 width=121)
	        Sort Key: c
	        ->  Index Scan using sbtest7_pkey on sbtest7  (cost=0.43..377.76 rows=98 width=121)
	              Index Cond: ((id >= 2745638) AND (id <= 2745737))

table 8 : explain SELECT DISTINCT c FROM sbtest8 WHERE id BETWEEN 7153647 AND 7153746 ORDER BY c
	Unique  (cost=384.76..385.26 rows=99 width=121)
	  ->  Sort  (cost=384.76..385.01 rows=99 width=121)
	        Sort Key: c
	        ->  Index Scan using sbtest8_pkey on sbtest8  (cost=0.43..381.48 rows=99 width=121)
	              Index Cond: ((id >= 7153647) AND (id <= 7153746))

for non_index_updates
table 1 : explain UPDATE sbtest1 SET c='foobar' WHERE id=4605747
	Update on sbtest1  (cost=0.43..8.45 rows=1 width=559)
	  ->  Index Scan using sbtest1_pkey on sbtest1  (cost=0.43..8.45 rows=1 width=559)
	        Index Cond: (id = 4605747)

table 2 : explain UPDATE sbtest2 SET c='foobar' WHERE id=4963722
	Update on sbtest2  (cost=0.43..8.45 rows=1 width=559)
	  ->  Index Scan using sbtest2_pkey on sbtest2  (cost=0.43..8.45 rows=1 width=559)
	        Index Cond: (id = 4963722)

table 3 : explain UPDATE sbtest3 SET c='foobar' WHERE id=7285345
	Update on sbtest3  (cost=0.43..8.45 rows=1 width=559)
	  ->  Index Scan using sbtest3_pkey on sbtest3  (cost=0.43..8.45 rows=1 width=559)
	        Index Cond: (id = 7285345)

table 4 : explain UPDATE sbtest4 SET c='foobar' WHERE id=4488253
	Update on sbtest4  (cost=0.43..8.45 rows=1 width=559)
	  ->  Index Scan using sbtest4_pkey on sbtest4  (cost=0.43..8.45 rows=1 width=559)
	        Index Cond: (id = 4488253)

table 5 : explain UPDATE sbtest5 SET c='foobar' WHERE id=8275696
	Update on sbtest5  (cost=0.43..8.45 rows=1 width=559)
	  ->  Index Scan using sbtest5_pkey on sbtest5  (cost=0.43..8.45 rows=1 width=559)
	        Index Cond: (id = 8275696)

table 6 : explain UPDATE sbtest6 SET c='foobar' WHERE id=3312602
	Update on sbtest6  (cost=0.43..8.45 rows=1 width=559)
	  ->  Index Scan using sbtest6_pkey on sbtest6  (cost=0.43..8.45 rows=1 width=559)
	        Index Cond: (id = 3312602)

table 7 : explain UPDATE sbtest7 SET c='foobar' WHERE id=2177865
	Update on sbtest7  (cost=0.43..8.45 rows=1 width=559)
	  ->  Index Scan using sbtest7_pkey on sbtest7  (cost=0.43..8.45 rows=1 width=559)
	        Index Cond: (id = 2177865)

table 8 : explain UPDATE sbtest8 SET c='foobar' WHERE id=6765623
	Update on sbtest8  (cost=0.43..8.45 rows=1 width=559)
	  ->  Index Scan using sbtest8_pkey on sbtest8  (cost=0.43..8.45 rows=1 width=559)
	        Index Cond: (id = 6765623)

for: distinct_ranges
table 1 : explain SELECT DISTINCT c FROM sbtest1 WHERE id BETWEEN 3846830 AND 3846929 ORDER BY c
	Unique  (cost=402.20..402.72 rows=104 width=121)
	  ->  Sort  (cost=402.20..402.46 rows=104 width=121)
	        Sort Key: c
	        ->  Index Scan using sbtest1_pkey on sbtest1  (cost=0.43..398.71 rows=104 width=121)
	              Index Cond: ((id >= 3846830) AND (id <= 3846929))

table 2 : explain SELECT DISTINCT c FROM sbtest2 WHERE id BETWEEN 1459158 AND 1459257 ORDER BY c
	Unique  (cost=394.85..395.36 rows=102 width=121)
	  ->  Sort  (cost=394.85..395.10 rows=102 width=121)
	        Sort Key: c
	        ->  Index Scan using sbtest2_pkey on sbtest2  (cost=0.43..391.44 rows=102 width=121)
	              Index Cond: ((id >= 1459158) AND (id <= 1459257))

table 3 : explain SELECT DISTINCT c FROM sbtest3 WHERE id BETWEEN 5794974 AND 5795073 ORDER BY c
	Unique  (cost=403.79..404.32 rows=105 width=121)
	  ->  Sort  (cost=403.79..404.05 rows=105 width=121)
	        Sort Key: c
	        ->  Index Scan using sbtest3_pkey on sbtest3  (cost=0.43..400.27 rows=105 width=121)
	              Index Cond: ((id >= 5794974) AND (id <= 5795073))

table 4 : explain SELECT DISTINCT c FROM sbtest4 WHERE id BETWEEN 3401721 AND 3401820 ORDER BY c
	Unique  (cost=365.06..365.53 rows=94 width=121)
	  ->  Sort  (cost=365.06..365.29 rows=94 width=121)
	        Sort Key: c
	        ->  Index Scan using sbtest4_pkey on sbtest4  (cost=0.43..361.98 rows=94 width=121)
	              Index Cond: ((id >= 3401721) AND (id <= 3401820))

table 5 : explain SELECT DISTINCT c FROM sbtest5 WHERE id BETWEEN 3216043 AND 3216142 ORDER BY c
	Unique  (cost=374.15..374.64 rows=97 width=121)
	  ->  Sort  (cost=374.15..374.40 rows=97 width=121)
	        Sort Key: c
	        ->  Index Scan using sbtest5_pkey on sbtest5  (cost=0.43..370.95 rows=97 width=121)
	              Index Cond: ((id >= 3216043) AND (id <= 3216142))

table 6 : explain SELECT DISTINCT c FROM sbtest6 WHERE id BETWEEN 8663291 AND 8663390 ORDER BY c
	Unique  (cost=378.14..378.63 rows=98 width=121)
	  ->  Sort  (cost=378.14..378.38 rows=98 width=121)
	        Sort Key: c
	        ->  Index Scan using sbtest6_pkey on sbtest6  (cost=0.43..374.90 rows=98 width=121)
	              Index Cond: ((id >= 8663291) AND (id <= 8663390))

table 7 : explain SELECT DISTINCT c FROM sbtest7 WHERE id BETWEEN 7405056 AND 7405155 ORDER BY c
	Unique  (cost=377.16..377.64 rows=97 width=121)
	  ->  Sort  (cost=377.16..377.40 rows=97 width=121)
	        Sort Key: c
	        ->  Index Scan using sbtest7_pkey on sbtest7  (cost=0.43..373.96 rows=97 width=121)
	              Index Cond: ((id >= 7405056) AND (id <= 7405155))

table 8 : explain SELECT DISTINCT c FROM sbtest8 WHERE id BETWEEN 4026489 AND 4026588 ORDER BY c
	Unique  (cost=369.33..369.80 rows=95 width=121)
	  ->  Sort  (cost=369.33..369.57 rows=95 width=121)
	        Sort Key: c
	        ->  Index Scan using sbtest8_pkey on sbtest8  (cost=0.43..366.21 rows=95 width=121)
	              Index Cond: ((id >= 4026489) AND (id <= 4026588))

for inserts
table 1 : explain INSERT INTO sbtest1 (id, k, c, pad) VALUES (4202844, 13, 'foobar', 'foobar')
	Insert on sbtest1  (cost=0.00..0.01 rows=1 width=736)
	  ->  Result  (cost=0.00..0.01 rows=1 width=736)

table 2 : explain INSERT INTO sbtest2 (id, k, c, pad) VALUES (4171750, 13, 'foobar', 'foobar')
	Insert on sbtest2  (cost=0.00..0.01 rows=1 width=736)
	  ->  Result  (cost=0.00..0.01 rows=1 width=736)

table 3 : explain INSERT INTO sbtest3 (id, k, c, pad) VALUES (7014268, 13, 'foobar', 'foobar')
	Insert on sbtest3  (cost=0.00..0.01 rows=1 width=736)
	  ->  Result  (cost=0.00..0.01 rows=1 width=736)

table 4 : explain INSERT INTO sbtest4 (id, k, c, pad) VALUES (7416054, 13, 'foobar', 'foobar')
	Insert on sbtest4  (cost=0.00..0.01 rows=1 width=736)
	  ->  Result  (cost=0.00..0.01 rows=1 width=736)

table 5 : explain INSERT INTO sbtest5 (id, k, c, pad) VALUES (3355823, 13, 'foobar', 'foobar')
	Insert on sbtest5  (cost=0.00..0.01 rows=1 width=736)
	  ->  Result  (cost=0.00..0.01 rows=1 width=736)

table 6 : explain INSERT INTO sbtest6 (id, k, c, pad) VALUES (3602561, 13, 'foobar', 'foobar')
	Insert on sbtest6  (cost=0.00..0.01 rows=1 width=736)
	  ->  Result  (cost=0.00..0.01 rows=1 width=736)

table 7 : explain INSERT INTO sbtest7 (id, k, c, pad) VALUES (3270487, 13, 'foobar', 'foobar')
	Insert on sbtest7  (cost=0.00..0.01 rows=1 width=736)
	  ->  Result  (cost=0.00..0.01 rows=1 width=736)

table 8 : explain INSERT INTO sbtest8 (id, k, c, pad) VALUES (9729088, 13, 'foobar', 'foobar')
	Insert on sbtest8  (cost=0.00..0.01 rows=1 width=736)
	  ->  Result  (cost=0.00..0.01 rows=1 width=736)

for deletes
table 1 : explain DELETE FROM sbtest1 WHERE id=4380680
	Delete on sbtest1  (cost=0.43..8.45 rows=1 width=6)
	  ->  Index Scan using sbtest1_pkey on sbtest1  (cost=0.43..8.45 rows=1 width=6)
	        Index Cond: (id = 4380680)

table 2 : explain DELETE FROM sbtest2 WHERE id=6001571
	Delete on sbtest2  (cost=0.43..8.45 rows=1 width=6)
	  ->  Index Scan using sbtest2_pkey on sbtest2  (cost=0.43..8.45 rows=1 width=6)
	        Index Cond: (id = 6001571)

table 3 : explain DELETE FROM sbtest3 WHERE id=2884453
	Delete on sbtest3  (cost=0.43..8.45 rows=1 width=6)
	  ->  Index Scan using sbtest3_pkey on sbtest3  (cost=0.43..8.45 rows=1 width=6)
	        Index Cond: (id = 2884453)

table 4 : explain DELETE FROM sbtest4 WHERE id=8658356
	Delete on sbtest4  (cost=0.43..8.45 rows=1 width=6)
	  ->  Index Scan using sbtest4_pkey on sbtest4  (cost=0.43..8.45 rows=1 width=6)
	        Index Cond: (id = 8658356)

table 5 : explain DELETE FROM sbtest5 WHERE id=2597427
	Delete on sbtest5  (cost=0.43..8.45 rows=1 width=6)
	  ->  Index Scan using sbtest5_pkey on sbtest5  (cost=0.43..8.45 rows=1 width=6)
	        Index Cond: (id = 2597427)

table 6 : explain DELETE FROM sbtest6 WHERE id=5173612
	Delete on sbtest6  (cost=0.43..8.45 rows=1 width=6)
	  ->  Index Scan using sbtest6_pkey on sbtest6  (cost=0.43..8.45 rows=1 width=6)
	        Index Cond: (id = 5173612)

table 7 : explain DELETE FROM sbtest7 WHERE id=6750524
	Delete on sbtest7  (cost=0.43..8.45 rows=1 width=6)
	  ->  Index Scan using sbtest7_pkey on sbtest7  (cost=0.43..8.45 rows=1 width=6)
	        Index Cond: (id = 6750524)

table 8 : explain DELETE FROM sbtest8 WHERE id=5335142
	Delete on sbtest8  (cost=0.43..8.45 rows=1 width=6)
	  ->  Index Scan using sbtest8_pkey on sbtest8  (cost=0.43..8.45 rows=1 width=6)
	        Index Cond: (id = 5335142)

explain: for deletes :: explain DELETE FROM sbtest%u WHERE id=%u
for non_index_updates
table 1 : explain UPDATE sbtest1 SET c='foobar' WHERE id=3851715
	Update on sbtest1  (cost=0.43..8.45 rows=1 width=559)
	  ->  Index Scan using sbtest1_pkey on sbtest1  (cost=0.43..8.45 rows=1 width=559)
	        Index Cond: (id = 3851715)

table 2 : explain UPDATE sbtest2 SET c='foobar' WHERE id=5670801
	Update on sbtest2  (cost=0.43..8.45 rows=1 width=559)
	  ->  Index Scan using sbtest2_pkey on sbtest2  (cost=0.43..8.45 rows=1 width=559)
	        Index Cond: (id = 5670801)

table 3 : explain UPDATE sbtest3 SET c='foobar' WHERE id=828686
	Update on sbtest3  (cost=0.43..8.45 rows=1 width=559)
	  ->  Index Scan using sbtest3_pkey on sbtest3  (cost=0.43..8.45 rows=1 width=559)
	        Index Cond: (id = 828686)

table 4 : explain UPDATE sbtest4 SET c='foobar' WHERE id=225537
	Update on sbtest4  (cost=0.43..8.45 rows=1 width=559)
	  ->  Index Scan using sbtest4_pkey on sbtest4  (cost=0.43..8.45 rows=1 width=559)
	        Index Cond: (id = 225537)

table 5 : explain UPDATE sbtest5 SET c='foobar' WHERE id=674236
	Update on sbtest5  (cost=0.43..8.45 rows=1 width=559)
	  ->  Index Scan using sbtest5_pkey on sbtest5  (cost=0.43..8.45 rows=1 width=559)
	        Index Cond: (id = 674236)

table 6 : explain UPDATE sbtest6 SET c='foobar' WHERE id=4864864
	Update on sbtest6  (cost=0.43..8.45 rows=1 width=559)
	  ->  Index Scan using sbtest6_pkey on sbtest6  (cost=0.43..8.45 rows=1 width=559)
	        Index Cond: (id = 4864864)

table 7 : explain UPDATE sbtest7 SET c='foobar' WHERE id=3301125
	Update on sbtest7  (cost=0.43..8.45 rows=1 width=559)
	  ->  Index Scan using sbtest7_pkey on sbtest7  (cost=0.43..8.45 rows=1 width=559)
	        Index Cond: (id = 3301125)

table 8 : explain UPDATE sbtest8 SET c='foobar' WHERE id=7151344
	Update on sbtest8  (cost=0.43..8.45 rows=1 width=559)
	  ->  Index Scan using sbtest8_pkey on sbtest8  (cost=0.43..8.45 rows=1 width=559)
	        Index Cond: (id = 7151344)

explain: for index_updates :: explain UPDATE sbtest%u SET k=k+1 WHERE id=%u
explain: for inserts :: explain INSERT INTO sbtest%u (id, k, c, pad) VALUES (%u, 13, 'foobar', 'foobar')
explain: for inserts :: explain INSERT INTO sbtest%u (id, k, c, pad) VALUES (%u, 13, 'foobar', 'foobar')
for deletes
table 1 : explain DELETE FROM sbtest1 WHERE id=4417840
	Delete on sbtest1  (cost=0.43..8.45 rows=1 width=6)
	  ->  Index Scan using sbtest1_pkey on sbtest1  (cost=0.43..8.45 rows=1 width=6)
	        Index Cond: (id = 4417840)

table 2 : explain DELETE FROM sbtest2 WHERE id=1381188
	Delete on sbtest2  (cost=0.43..8.45 rows=1 width=6)
	  ->  Index Scan using sbtest2_pkey on sbtest2  (cost=0.43..8.45 rows=1 width=6)
	        Index Cond: (id = 1381188)

table 3 : explain DELETE FROM sbtest3 WHERE id=5068863
	Delete on sbtest3  (cost=0.43..8.45 rows=1 width=6)
	  ->  Index Scan using sbtest3_pkey on sbtest3  (cost=0.43..8.45 rows=1 width=6)
	        Index Cond: (id = 5068863)

table 4 : explain DELETE FROM sbtest4 WHERE id=1028999
	Delete on sbtest4  (cost=0.43..8.45 rows=1 width=6)
	  ->  Index Scan using sbtest4_pkey on sbtest4  (cost=0.43..8.45 rows=1 width=6)
	        Index Cond: (id = 1028999)

table 5 : explain DELETE FROM sbtest5 WHERE id=8418355
	Delete on sbtest5  (cost=0.43..8.45 rows=1 width=6)
	  ->  Index Scan using sbtest5_pkey on sbtest5  (cost=0.43..8.45 rows=1 width=6)
	        Index Cond: (id = 8418355)

table 6 : explain DELETE FROM sbtest6 WHERE id=4766914
	Delete on sbtest6  (cost=0.43..8.45 rows=1 width=6)
	  ->  Index Scan using sbtest6_pkey on sbtest6  (cost=0.43..8.45 rows=1 width=6)
	        Index Cond: (id = 4766914)

table 7 : explain DELETE FROM sbtest7 WHERE id=1172347
	Delete on sbtest7  (cost=0.43..8.45 rows=1 width=6)
	  ->  Index Scan using sbtest7_pkey on sbtest7  (cost=0.43..8.45 rows=1 width=6)
	        Index Cond: (id = 1172347)

table 8 : explain DELETE FROM sbtest8 WHERE id=6330614
	Delete on sbtest8  (cost=0.43..8.45 rows=1 width=6)
	  ->  Index Scan using sbtest8_pkey on sbtest8  (cost=0.43..8.45 rows=1 width=6)
	        Index Cond: (id = 6330614)

explain: for deletes :: explain DELETE FROM sbtest%u WHERE id=%u
explain: for index_updates :: explain UPDATE sbtest%u SET k=k+1 WHERE id=%u
explain: for inserts :: explain INSERT INTO sbtest%u (id, k, c, pad) VALUES (%u, 13, 'foobar', 'foobar')
for deletes
table 1 : explain DELETE FROM sbtest1 WHERE id=4505750
	Delete on sbtest1  (cost=0.43..8.45 rows=1 width=6)
	  ->  Index Scan using sbtest1_pkey on sbtest1  (cost=0.43..8.45 rows=1 width=6)
	        Index Cond: (id = 4505750)

table 2 : explain DELETE FROM sbtest2 WHERE id=9755192
	Delete on sbtest2  (cost=0.43..8.45 rows=1 width=6)
	  ->  Index Scan using sbtest2_pkey on sbtest2  (cost=0.43..8.45 rows=1 width=6)
	        Index Cond: (id = 9755192)

table 3 : explain DELETE FROM sbtest3 WHERE id=7209301
	Delete on sbtest3  (cost=0.43..8.45 rows=1 width=6)
	  ->  Index Scan using sbtest3_pkey on sbtest3  (cost=0.43..8.45 rows=1 width=6)
	        Index Cond: (id = 7209301)

table 4 : explain DELETE FROM sbtest4 WHERE id=8430131
	Delete on sbtest4  (cost=0.43..8.45 rows=1 width=6)
	  ->  Index Scan using sbtest4_pkey on sbtest4  (cost=0.43..8.45 rows=1 width=6)
	        Index Cond: (id = 8430131)

table 5 : explain DELETE FROM sbtest5 WHERE id=5258505
	Delete on sbtest5  (cost=0.43..8.45 rows=1 width=6)
	  ->  Index Scan using sbtest5_pkey on sbtest5  (cost=0.43..8.45 rows=1 width=6)
	        Index Cond: (id = 5258505)

table 6 : explain DELETE FROM sbtest6 WHERE id=339767
	Delete on sbtest6  (cost=0.43..8.45 rows=1 width=6)
	  ->  Index Scan using sbtest6_pkey on sbtest6  (cost=0.43..8.45 rows=1 width=6)
	        Index Cond: (id = 339767)

table 7 : explain DELETE FROM sbtest7 WHERE id=8816484
	Delete on sbtest7  (cost=0.43..8.45 rows=1 width=6)
	  ->  Index Scan using sbtest7_pkey on sbtest7  (cost=0.43..8.45 rows=1 width=6)
	        Index Cond: (id = 8816484)

table 8 : explain DELETE FROM sbtest8 WHERE id=9817374
	Delete on sbtest8  (cost=0.43..8.45 rows=1 width=6)
	  ->  Index Scan using sbtest8_pkey on sbtest8  (cost=0.43..8.45 rows=1 width=6)
	        Index Cond: (id = 9817374)

explain: for inserts :: explain INSERT INTO sbtest%u (id, k, c, pad) VALUES (%u, 13, 'foobar', 'foobar')
for inserts
table 1 : explain INSERT INTO sbtest1 (id, k, c, pad) VALUES (7792706, 13, 'foobar', 'foobar')
	Insert on sbtest1  (cost=0.00..0.01 rows=1 width=736)
	  ->  Result  (cost=0.00..0.01 rows=1 width=736)

table 2 : explain INSERT INTO sbtest2 (id, k, c, pad) VALUES (5584100, 13, 'foobar', 'foobar')
	Insert on sbtest2  (cost=0.00..0.01 rows=1 width=736)
	  ->  Result  (cost=0.00..0.01 rows=1 width=736)

table 3 : explain INSERT INTO sbtest3 (id, k, c, pad) VALUES (2764286, 13, 'foobar', 'foobar')
	Insert on sbtest3  (cost=0.00..0.01 rows=1 width=736)
	  ->  Result  (cost=0.00..0.01 rows=1 width=736)

table 4 : explain INSERT INTO sbtest4 (id, k, c, pad) VALUES (19877, 13, 'foobar', 'foobar')
	Insert on sbtest4  (cost=0.00..0.01 rows=1 width=736)
	  ->  Result  (cost=0.00..0.01 rows=1 width=736)

table 5 : explain INSERT INTO sbtest5 (id, k, c, pad) VALUES (5462920, 13, 'foobar', 'foobar')
	Insert on sbtest5  (cost=0.00..0.01 rows=1 width=736)
	  ->  Result  (cost=0.00..0.01 rows=1 width=736)

table 6 : explain INSERT INTO sbtest6 (id, k, c, pad) VALUES (8820557, 13, 'foobar', 'foobar')
	Insert on sbtest6  (cost=0.00..0.01 rows=1 width=736)
	  ->  Result  (cost=0.00..0.01 rows=1 width=736)

table 7 : explain INSERT INTO sbtest7 (id, k, c, pad) VALUES (9462142, 13, 'foobar', 'foobar')
	Insert on sbtest7  (cost=0.00..0.01 rows=1 width=736)
	  ->  Result  (cost=0.00..0.01 rows=1 width=736)

table 8 : explain INSERT INTO sbtest8 (id, k, c, pad) VALUES (644645, 13, 'foobar', 'foobar')
	Insert on sbtest8  (cost=0.00..0.01 rows=1 width=736)
	  ->  Result  (cost=0.00..0.01 rows=1 width=736)

for inserts
table 1 : explain INSERT INTO sbtest1 (id, k, c, pad) VALUES (1867892, 13, 'foobar', 'foobar')
	Insert on sbtest1  (cost=0.00..0.01 rows=1 width=736)
	  ->  Result  (cost=0.00..0.01 rows=1 width=736)

table 2 : explain INSERT INTO sbtest2 (id, k, c, pad) VALUES (4307581, 13, 'foobar', 'foobar')
	Insert on sbtest2  (cost=0.00..0.01 rows=1 width=736)
	  ->  Result  (cost=0.00..0.01 rows=1 width=736)

table 3 : explain INSERT INTO sbtest3 (id, k, c, pad) VALUES (9145425, 13, 'foobar', 'foobar')
	Insert on sbtest3  (cost=0.00..0.01 rows=1 width=736)
	  ->  Result  (cost=0.00..0.01 rows=1 width=736)

table 4 : explain INSERT INTO sbtest4 (id, k, c, pad) VALUES (5108993, 13, 'foobar', 'foobar')
	Insert on sbtest4  (cost=0.00..0.01 rows=1 width=736)
	  ->  Result  (cost=0.00..0.01 rows=1 width=736)

table 5 : explain INSERT INTO sbtest5 (id, k, c, pad) VALUES (3486258, 13, 'foobar', 'foobar')
	Insert on sbtest5  (cost=0.00..0.01 rows=1 width=736)
	  ->  Result  (cost=0.00..0.01 rows=1 width=736)

table 6 : explain INSERT INTO sbtest6 (id, k, c, pad) VALUES (6273799, 13, 'foobar', 'foobar')
	Insert on sbtest6  (cost=0.00..0.01 rows=1 width=736)
	  ->  Result  (cost=0.00..0.01 rows=1 width=736)

table 7 : explain INSERT INTO sbtest7 (id, k, c, pad) VALUES (6293529, 13, 'foobar', 'foobar')
	Insert on sbtest7  (cost=0.00..0.01 rows=1 width=736)
	  ->  Result  (cost=0.00..0.01 rows=1 width=736)

table 8 : explain INSERT INTO sbtest8 (id, k, c, pad) VALUES (5573259, 13, 'foobar', 'foobar')
	Insert on sbtest8  (cost=0.00..0.01 rows=1 width=736)
	  ->  Result  (cost=0.00..0.01 rows=1 width=736)

for inserts
table 1 : explain INSERT INTO sbtest1 (id, k, c, pad) VALUES (3249407, 13, 'foobar', 'foobar')
	Insert on sbtest1  (cost=0.00..0.01 rows=1 width=736)
	  ->  Result  (cost=0.00..0.01 rows=1 width=736)

table 2 : explain INSERT INTO sbtest2 (id, k, c, pad) VALUES (3201759, 13, 'foobar', 'foobar')
	Insert on sbtest2  (cost=0.00..0.01 rows=1 width=736)
	  ->  Result  (cost=0.00..0.01 rows=1 width=736)

table 3 : explain INSERT INTO sbtest3 (id, k, c, pad) VALUES (7623135, 13, 'foobar', 'foobar')
	Insert on sbtest3  (cost=0.00..0.01 rows=1 width=736)
	  ->  Result  (cost=0.00..0.01 rows=1 width=736)

table 4 : explain INSERT INTO sbtest4 (id, k, c, pad) VALUES (6925265, 13, 'foobar', 'foobar')
	Insert on sbtest4  (cost=0.00..0.01 rows=1 width=736)
	  ->  Result  (cost=0.00..0.01 rows=1 width=736)

table 5 : explain INSERT INTO sbtest5 (id, k, c, pad) VALUES (9970520, 13, 'foobar', 'foobar')
	Insert on sbtest5  (cost=0.00..0.01 rows=1 width=736)
	  ->  Result  (cost=0.00..0.01 rows=1 width=736)

table 6 : explain INSERT INTO sbtest6 (id, k, c, pad) VALUES (8599224, 13, 'foobar', 'foobar')
	Insert on sbtest6  (cost=0.00..0.01 rows=1 width=736)
	  ->  Result  (cost=0.00..0.01 rows=1 width=736)

table 7 : explain INSERT INTO sbtest7 (id, k, c, pad) VALUES (2025031, 13, 'foobar', 'foobar')
	Insert on sbtest7  (cost=0.00..0.01 rows=1 width=736)
	  ->  Result  (cost=0.00..0.01 rows=1 width=736)

table 8 : explain INSERT INTO sbtest8 (id, k, c, pad) VALUES (8097792, 13, 'foobar', 'foobar')
	Insert on sbtest8  (cost=0.00..0.01 rows=1 width=736)
	  ->  Result  (cost=0.00..0.01 rows=1 width=736)

for deletes
table 1 : explain DELETE FROM sbtest1 WHERE id=421383
	Delete on sbtest1  (cost=0.43..8.45 rows=1 width=6)
	  ->  Index Scan using sbtest1_pkey on sbtest1  (cost=0.43..8.45 rows=1 width=6)
	        Index Cond: (id = 421383)

table 2 : explain DELETE FROM sbtest2 WHERE id=2037678
	Delete on sbtest2  (cost=0.43..8.45 rows=1 width=6)
	  ->  Index Scan using sbtest2_pkey on sbtest2  (cost=0.43..8.45 rows=1 width=6)
	        Index Cond: (id = 2037678)

table 3 : explain DELETE FROM sbtest3 WHERE id=4499411
	Delete on sbtest3  (cost=0.43..8.45 rows=1 width=6)
	  ->  Index Scan using sbtest3_pkey on sbtest3  (cost=0.43..8.45 rows=1 width=6)
	        Index Cond: (id = 4499411)

table 4 : explain DELETE FROM sbtest4 WHERE id=2427719
	Delete on sbtest4  (cost=0.43..8.45 rows=1 width=6)
	  ->  Index Scan using sbtest4_pkey on sbtest4  (cost=0.43..8.45 rows=1 width=6)
	        Index Cond: (id = 2427719)

table 5 : explain DELETE FROM sbtest5 WHERE id=1029808
	Delete on sbtest5  (cost=0.43..8.45 rows=1 width=6)
	  ->  Index Scan using sbtest5_pkey on sbtest5  (cost=0.43..8.45 rows=1 width=6)
	        Index Cond: (id = 1029808)

table 6 : explain DELETE FROM sbtest6 WHERE id=8980633
	Delete on sbtest6  (cost=0.43..8.45 rows=1 width=6)
	  ->  Index Scan using sbtest6_pkey on sbtest6  (cost=0.43..8.45 rows=1 width=6)
	        Index Cond: (id = 8980633)

table 7 : explain DELETE FROM sbtest7 WHERE id=18203
	Delete on sbtest7  (cost=0.43..8.45 rows=1 width=6)
	  ->  Index Scan using sbtest7_pkey on sbtest7  (cost=0.43..8.45 rows=1 width=6)
	        Index Cond: (id = 18203)

table 8 : explain DELETE FROM sbtest8 WHERE id=7496263
	Delete on sbtest8  (cost=0.43..8.45 rows=1 width=6)
	  ->  Index Scan using sbtest8_pkey on sbtest8  (cost=0.43..8.45 rows=1 width=6)
	        Index Cond: (id = 7496263)

explain: for inserts :: explain INSERT INTO sbtest%u (id, k, c, pad) VALUES (%u, 13, 'foobar', 'foobar')
for index_updates
table 1 : explain UPDATE sbtest1 SET k=k+1 WHERE id=4404387
	Update on sbtest1  (cost=0.43..8.46 rows=1 width=196)
	  ->  Index Scan using sbtest1_pkey on sbtest1  (cost=0.43..8.46 rows=1 width=196)
	        Index Cond: (id = 4404387)

table 2 : explain UPDATE sbtest2 SET k=k+1 WHERE id=2763650
	Update on sbtest2  (cost=0.43..8.46 rows=1 width=196)
	  ->  Index Scan using sbtest2_pkey on sbtest2  (cost=0.43..8.46 rows=1 width=196)
	        Index Cond: (id = 2763650)

table 3 : explain UPDATE sbtest3 SET k=k+1 WHERE id=9819302
	Update on sbtest3  (cost=0.43..8.46 rows=1 width=196)
	  ->  Index Scan using sbtest3_pkey on sbtest3  (cost=0.43..8.46 rows=1 width=196)
	        Index Cond: (id = 9819302)

table 4 : explain UPDATE sbtest4 SET k=k+1 WHERE id=865056
	Update on sbtest4  (cost=0.43..8.46 rows=1 width=196)
	  ->  Index Scan using sbtest4_pkey on sbtest4  (cost=0.43..8.46 rows=1 width=196)
	        Index Cond: (id = 865056)

table 5 : explain UPDATE sbtest5 SET k=k+1 WHERE id=5975047
	Update on sbtest5  (cost=0.43..8.46 rows=1 width=196)
	  ->  Index Scan using sbtest5_pkey on sbtest5  (cost=0.43..8.46 rows=1 width=196)
	        Index Cond: (id = 5975047)

table 6 : explain UPDATE sbtest6 SET k=k+1 WHERE id=4738718
	Update on sbtest6  (cost=0.43..8.46 rows=1 width=196)
	  ->  Index Scan using sbtest6_pkey on sbtest6  (cost=0.43..8.46 rows=1 width=196)
	        Index Cond: (id = 4738718)

table 7 : explain UPDATE sbtest7 SET k=k+1 WHERE id=7898250
	Update on sbtest7  (cost=0.43..8.46 rows=1 width=196)
	  ->  Index Scan using sbtest7_pkey on sbtest7  (cost=0.43..8.46 rows=1 width=196)
	        Index Cond: (id = 7898250)

table 8 : explain UPDATE sbtest8 SET k=k+1 WHERE id=6023973
	Update on sbtest8  (cost=0.43..8.46 rows=1 width=196)
	  ->  Index Scan using sbtest8_pkey on sbtest8  (cost=0.43..8.46 rows=1 width=196)
	        Index Cond: (id = 6023973)

explain: for inserts :: explain INSERT INTO sbtest%u (id, k, c, pad) VALUES (%u, 13, 'foobar', 'foobar')
for index_updates
table 1 : explain UPDATE sbtest1 SET k=k+1 WHERE id=2665941
	Update on sbtest1  (cost=0.43..8.46 rows=1 width=196)
	  ->  Index Scan using sbtest1_pkey on sbtest1  (cost=0.43..8.46 rows=1 width=196)
	        Index Cond: (id = 2665941)

table 2 : explain UPDATE sbtest2 SET k=k+1 WHERE id=521763
	Update on sbtest2  (cost=0.43..8.46 rows=1 width=196)
	  ->  Index Scan using sbtest2_pkey on sbtest2  (cost=0.43..8.46 rows=1 width=196)
	        Index Cond: (id = 521763)

table 3 : explain UPDATE sbtest3 SET k=k+1 WHERE id=9622650
	Update on sbtest3  (cost=0.43..8.46 rows=1 width=196)
	  ->  Index Scan using sbtest3_pkey on sbtest3  (cost=0.43..8.46 rows=1 width=196)
	        Index Cond: (id = 9622650)

table 4 : explain UPDATE sbtest4 SET k=k+1 WHERE id=9446795
	Update on sbtest4  (cost=0.43..8.46 rows=1 width=196)
	  ->  Index Scan using sbtest4_pkey on sbtest4  (cost=0.43..8.46 rows=1 width=196)
	        Index Cond: (id = 9446795)

table 5 : explain UPDATE sbtest5 SET k=k+1 WHERE id=8447974
	Update on sbtest5  (cost=0.43..8.46 rows=1 width=196)
	  ->  Index Scan using sbtest5_pkey on sbtest5  (cost=0.43..8.46 rows=1 width=196)
	        Index Cond: (id = 8447974)

table 6 : explain UPDATE sbtest6 SET k=k+1 WHERE id=6589154
	Update on sbtest6  (cost=0.43..8.46 rows=1 width=196)
	  ->  Index Scan using sbtest6_pkey on sbtest6  (cost=0.43..8.46 rows=1 width=196)
	        Index Cond: (id = 6589154)

table 7 : explain UPDATE sbtest7 SET k=k+1 WHERE id=3092644
	Update on sbtest7  (cost=0.43..8.46 rows=1 width=196)
	  ->  Index Scan using sbtest7_pkey on sbtest7  (cost=0.43..8.46 rows=1 width=196)
	        Index Cond: (id = 3092644)

table 8 : explain UPDATE sbtest8 SET k=k+1 WHERE id=3626867
	Update on sbtest8  (cost=0.43..8.46 rows=1 width=196)
	  ->  Index Scan using sbtest8_pkey on sbtest8  (cost=0.43..8.46 rows=1 width=196)
	        Index Cond: (id = 3626867)

explain: for inserts :: explain INSERT INTO sbtest%u (id, k, c, pad) VALUES (%u, 13, 'foobar', 'foobar')
explain: for non_index_updates :: explain UPDATE sbtest%u SET c='foobar' WHERE id=%u
for inserts
table 1 : explain INSERT INTO sbtest1 (id, k, c, pad) VALUES (5978920, 13, 'foobar', 'foobar')
	Insert on sbtest1  (cost=0.00..0.01 rows=1 width=736)
	  ->  Result  (cost=0.00..0.01 rows=1 width=736)

table 2 : explain INSERT INTO sbtest2 (id, k, c, pad) VALUES (3477691, 13, 'foobar', 'foobar')
	Insert on sbtest2  (cost=0.00..0.01 rows=1 width=736)
	  ->  Result  (cost=0.00..0.01 rows=1 width=736)

table 3 : explain INSERT INTO sbtest3 (id, k, c, pad) VALUES (3799986, 13, 'foobar', 'foobar')
	Insert on sbtest3  (cost=0.00..0.01 rows=1 width=736)
	  ->  Result  (cost=0.00..0.01 rows=1 width=736)

table 4 : explain INSERT INTO sbtest4 (id, k, c, pad) VALUES (1663405, 13, 'foobar', 'foobar')
	Insert on sbtest4  (cost=0.00..0.01 rows=1 width=736)
	  ->  Result  (cost=0.00..0.01 rows=1 width=736)

table 5 : explain INSERT INTO sbtest5 (id, k, c, pad) VALUES (2396704, 13, 'foobar', 'foobar')
	Insert on sbtest5  (cost=0.00..0.01 rows=1 width=736)
	  ->  Result  (cost=0.00..0.01 rows=1 width=736)

table 6 : explain INSERT INTO sbtest6 (id, k, c, pad) VALUES (7749437, 13, 'foobar', 'foobar')
	Insert on sbtest6  (cost=0.00..0.01 rows=1 width=736)
	  ->  Result  (cost=0.00..0.01 rows=1 width=736)

table 7 : explain INSERT INTO sbtest7 (id, k, c, pad) VALUES (3044004, 13, 'foobar', 'foobar')
	Insert on sbtest7  (cost=0.00..0.01 rows=1 width=736)
	  ->  Result  (cost=0.00..0.01 rows=1 width=736)

table 8 : explain INSERT INTO sbtest8 (id, k, c, pad) VALUES (9807737, 13, 'foobar', 'foobar')
	Insert on sbtest8  (cost=0.00..0.01 rows=1 width=736)
	  ->  Result  (cost=0.00..0.01 rows=1 width=736)

for: order_ranges
table 1 : explain SELECT c FROM sbtest1 WHERE id BETWEEN 6170887 AND 6170986 ORDER BY c
	Sort  (cost=375.40..375.64 rows=97 width=121)
	  Sort Key: c
	  ->  Index Scan using sbtest1_pkey on sbtest1  (cost=0.43..372.20 rows=97 width=121)
	        Index Cond: ((id >= 6170887) AND (id <= 6170986))

table 2 : explain SELECT c FROM sbtest2 WHERE id BETWEEN 4124308 AND 4124407 ORDER BY c
	Sort  (cost=383.36..383.60 rows=99 width=121)
	  Sort Key: c
	  ->  Index Scan using sbtest2_pkey on sbtest2  (cost=0.43..380.07 rows=99 width=121)
	        Index Cond: ((id >= 4124308) AND (id <= 4124407))

table 3 : explain SELECT c FROM sbtest3 WHERE id BETWEEN 6920671 AND 6920770 ORDER BY c
	Sort  (cost=369.54..369.78 rows=96 width=121)
	  Sort Key: c
	  ->  Index Scan using sbtest3_pkey on sbtest3  (cost=0.43..366.38 rows=96 width=121)
	        Index Cond: ((id >= 6920671) AND (id <= 6920770))

table 4 : explain SELECT c FROM sbtest4 WHERE id BETWEEN 7584139 AND 7584238 ORDER BY c
	Sort  (cost=414.98..415.24 rows=107 width=121)
	  Sort Key: c
	  ->  Index Scan using sbtest4_pkey on sbtest4  (cost=0.43..411.37 rows=107 width=121)
	        Index Cond: ((id >= 7584139) AND (id <= 7584238))

table 5 : explain SELECT c FROM sbtest5 WHERE id BETWEEN 9236537 AND 9236636 ORDER BY c
	Sort  (cost=400.86..401.12 rows=104 width=121)
	  Sort Key: c
	  ->  Index Scan using sbtest5_pkey on sbtest5  (cost=0.43..397.37 rows=104 width=121)
	        Index Cond: ((id >= 9236537) AND (id <= 9236636))

table 6 : explain SELECT c FROM sbtest6 WHERE id BETWEEN 7549821 AND 7549920 ORDER BY c
	Sort  (cost=381.95..382.20 rows=99 width=121)
	  Sort Key: c
	  ->  Index Scan using sbtest6_pkey on sbtest6  (cost=0.43..378.67 rows=99 width=121)
	        Index Cond: ((id >= 7549821) AND (id <= 7549920))

table 7 : explain SELECT c FROM sbtest7 WHERE id BETWEEN 1147206 AND 1147305 ORDER BY c
	Sort  (cost=381.00..381.25 rows=98 width=121)
	  Sort Key: c
	  ->  Index Scan using sbtest7_pkey on sbtest7  (cost=0.43..377.76 rows=98 width=121)
	        Index Cond: ((id >= 1147206) AND (id <= 1147305))

table 8 : explain SELECT c FROM sbtest8 WHERE id BETWEEN 649261 AND 649360 ORDER BY c
	Sort  (cost=396.30..396.55 rows=102 width=121)
	  Sort Key: c
	  ->  Index Scan using sbtest8_pkey on sbtest8  (cost=0.43..392.90 rows=102 width=121)
	        Index Cond: ((id >= 649261) AND (id <= 649360))

for deletes
table 1 : explain DELETE FROM sbtest1 WHERE id=7702079
	Delete on sbtest1  (cost=0.43..8.45 rows=1 width=6)
	  ->  Index Scan using sbtest1_pkey on sbtest1  (cost=0.43..8.45 rows=1 width=6)
	        Index Cond: (id = 7702079)

table 2 : explain DELETE FROM sbtest2 WHERE id=9663999
	Delete on sbtest2  (cost=0.43..8.45 rows=1 width=6)
	  ->  Index Scan using sbtest2_pkey on sbtest2  (cost=0.43..8.45 rows=1 width=6)
	        Index Cond: (id = 9663999)

table 3 : explain DELETE FROM sbtest3 WHERE id=518866
	Delete on sbtest3  (cost=0.43..8.45 rows=1 width=6)
	  ->  Index Scan using sbtest3_pkey on sbtest3  (cost=0.43..8.45 rows=1 width=6)
	        Index Cond: (id = 518866)

table 4 : explain DELETE FROM sbtest4 WHERE id=8576476
	Delete on sbtest4  (cost=0.43..8.45 rows=1 width=6)
	  ->  Index Scan using sbtest4_pkey on sbtest4  (cost=0.43..8.45 rows=1 width=6)
	        Index Cond: (id = 8576476)

table 5 : explain DELETE FROM sbtest5 WHERE id=2205796
	Delete on sbtest5  (cost=0.43..8.45 rows=1 width=6)
	  ->  Index Scan using sbtest5_pkey on sbtest5  (cost=0.43..8.45 rows=1 width=6)
	        Index Cond: (id = 2205796)

table 6 : explain DELETE FROM sbtest6 WHERE id=2546962
	Delete on sbtest6  (cost=0.43..8.45 rows=1 width=6)
	  ->  Index Scan using sbtest6_pkey on sbtest6  (cost=0.43..8.45 rows=1 width=6)
	        Index Cond: (id = 2546962)

table 7 : explain DELETE FROM sbtest7 WHERE id=7597628
	Delete on sbtest7  (cost=0.43..8.45 rows=1 width=6)
	  ->  Index Scan using sbtest7_pkey on sbtest7  (cost=0.43..8.45 rows=1 width=6)
	        Index Cond: (id = 7597628)

table 8 : explain DELETE FROM sbtest8 WHERE id=8578198
	Delete on sbtest8  (cost=0.43..8.45 rows=1 width=6)
	  ->  Index Scan using sbtest8_pkey on sbtest8  (cost=0.43..8.45 rows=1 width=6)
	        Index Cond: (id = 8578198)

for inserts
table 1 : explain INSERT INTO sbtest1 (id, k, c, pad) VALUES (4929720, 13, 'foobar', 'foobar')
	Insert on sbtest1  (cost=0.00..0.01 rows=1 width=736)
	  ->  Result  (cost=0.00..0.01 rows=1 width=736)

table 2 : explain INSERT INTO sbtest2 (id, k, c, pad) VALUES (8474377, 13, 'foobar', 'foobar')
	Insert on sbtest2  (cost=0.00..0.01 rows=1 width=736)
	  ->  Result  (cost=0.00..0.01 rows=1 width=736)

table 3 : explain INSERT INTO sbtest3 (id, k, c, pad) VALUES (1845113, 13, 'foobar', 'foobar')
	Insert on sbtest3  (cost=0.00..0.01 rows=1 width=736)
	  ->  Result  (cost=0.00..0.01 rows=1 width=736)

table 4 : explain INSERT INTO sbtest4 (id, k, c, pad) VALUES (6107423, 13, 'foobar', 'foobar')
	Insert on sbtest4  (cost=0.00..0.01 rows=1 width=736)
	  ->  Result  (cost=0.00..0.01 rows=1 width=736)

table 5 : explain INSERT INTO sbtest5 (id, k, c, pad) VALUES (8278161, 13, 'foobar', 'foobar')
	Insert on sbtest5  (cost=0.00..0.01 rows=1 width=736)
	  ->  Result  (cost=0.00..0.01 rows=1 width=736)

table 6 : explain INSERT INTO sbtest6 (id, k, c, pad) VALUES (8600375, 13, 'foobar', 'foobar')
	Insert on sbtest6  (cost=0.00..0.01 rows=1 width=736)
	  ->  Result  (cost=0.00..0.01 rows=1 width=736)

table 7 : explain INSERT INTO sbtest7 (id, k, c, pad) VALUES (1816513, 13, 'foobar', 'foobar')
	Insert on sbtest7  (cost=0.00..0.01 rows=1 width=736)
	  ->  Result  (cost=0.00..0.01 rows=1 width=736)

table 8 : explain INSERT INTO sbtest8 (id, k, c, pad) VALUES (2345485, 13, 'foobar', 'foobar')
	Insert on sbtest8  (cost=0.00..0.01 rows=1 width=736)
	  ->  Result  (cost=0.00..0.01 rows=1 width=736)

explain: for deletes :: explain DELETE FROM sbtest%u WHERE id=%u
explain: for non_index_updates :: explain UPDATE sbtest%u SET c='foobar' WHERE id=%u
for non_index_updates
table 1 : explain UPDATE sbtest1 SET c='foobar' WHERE id=9202116
	Update on sbtest1  (cost=0.43..8.45 rows=1 width=559)
	  ->  Index Scan using sbtest1_pkey on sbtest1  (cost=0.43..8.45 rows=1 width=559)
	        Index Cond: (id = 9202116)

table 2 : explain UPDATE sbtest2 SET c='foobar' WHERE id=6920755
	Update on sbtest2  (cost=0.43..8.45 rows=1 width=559)
	  ->  Index Scan using sbtest2_pkey on sbtest2  (cost=0.43..8.45 rows=1 width=559)
	        Index Cond: (id = 6920755)

table 3 : explain UPDATE sbtest3 SET c='foobar' WHERE id=8276226
	Update on sbtest3  (cost=0.43..8.45 rows=1 width=559)
	  ->  Index Scan using sbtest3_pkey on sbtest3  (cost=0.43..8.45 rows=1 width=559)
	        Index Cond: (id = 8276226)

table 4 : explain UPDATE sbtest4 SET c='foobar' WHERE id=3294951
	Update on sbtest4  (cost=0.43..8.45 rows=1 width=559)
	  ->  Index Scan using sbtest4_pkey on sbtest4  (cost=0.43..8.45 rows=1 width=559)
	        Index Cond: (id = 3294951)

table 5 : explain UPDATE sbtest5 SET c='foobar' WHERE id=9184157
	Update on sbtest5  (cost=0.43..8.45 rows=1 width=559)
	  ->  Index Scan using sbtest5_pkey on sbtest5  (cost=0.43..8.45 rows=1 width=559)
	        Index Cond: (id = 9184157)

table 6 : explain UPDATE sbtest6 SET c='foobar' WHERE id=8070828
	Update on sbtest6  (cost=0.43..8.45 rows=1 width=559)
	  ->  Index Scan using sbtest6_pkey on sbtest6  (cost=0.43..8.45 rows=1 width=559)
	        Index Cond: (id = 8070828)

table 7 : explain UPDATE sbtest7 SET c='foobar' WHERE id=4413885
	Update on sbtest7  (cost=0.43..8.45 rows=1 width=559)
	  ->  Index Scan using sbtest7_pkey on sbtest7  (cost=0.43..8.45 rows=1 width=559)
	        Index Cond: (id = 4413885)

table 8 : explain UPDATE sbtest8 SET c='foobar' WHERE id=9131135
	Update on sbtest8  (cost=0.43..8.45 rows=1 width=559)
	  ->  Index Scan using sbtest8_pkey on sbtest8  (cost=0.43..8.45 rows=1 width=559)
	        Index Cond: (id = 9131135)

for index_updates
table 1 : explain UPDATE sbtest1 SET k=k+1 WHERE id=4497370
	Update on sbtest1  (cost=0.43..8.46 rows=1 width=196)
	  ->  Index Scan using sbtest1_pkey on sbtest1  (cost=0.43..8.46 rows=1 width=196)
	        Index Cond: (id = 4497370)

table 2 : explain UPDATE sbtest2 SET k=k+1 WHERE id=3237852
	Update on sbtest2  (cost=0.43..8.46 rows=1 width=196)
	  ->  Index Scan using sbtest2_pkey on sbtest2  (cost=0.43..8.46 rows=1 width=196)
	        Index Cond: (id = 3237852)

table 3 : explain UPDATE sbtest3 SET k=k+1 WHERE id=7936744
	Update on sbtest3  (cost=0.43..8.46 rows=1 width=196)
	  ->  Index Scan using sbtest3_pkey on sbtest3  (cost=0.43..8.46 rows=1 width=196)
	        Index Cond: (id = 7936744)

table 4 : explain UPDATE sbtest4 SET k=k+1 WHERE id=232091
	Update on sbtest4  (cost=0.43..8.46 rows=1 width=196)
	  ->  Index Scan using sbtest4_pkey on sbtest4  (cost=0.43..8.46 rows=1 width=196)
	        Index Cond: (id = 232091)

table 5 : explain UPDATE sbtest5 SET k=k+1 WHERE id=6219204
	Update on sbtest5  (cost=0.43..8.46 rows=1 width=196)
	  ->  Index Scan using sbtest5_pkey on sbtest5  (cost=0.43..8.46 rows=1 width=196)
	        Index Cond: (id = 6219204)

table 6 : explain UPDATE sbtest6 SET k=k+1 WHERE id=9302943
	Update on sbtest6  (cost=0.43..8.46 rows=1 width=196)
	  ->  Index Scan using sbtest6_pkey on sbtest6  (cost=0.43..8.46 rows=1 width=196)
	        Index Cond: (id = 9302943)

table 7 : explain UPDATE sbtest7 SET k=k+1 WHERE id=2233666
	Update on sbtest7  (cost=0.43..8.46 rows=1 width=196)
	  ->  Index Scan using sbtest7_pkey on sbtest7  (cost=0.43..8.46 rows=1 width=196)
	        Index Cond: (id = 2233666)

table 8 : explain UPDATE sbtest8 SET k=k+1 WHERE id=2279701
	Update on sbtest8  (cost=0.43..8.46 rows=1 width=196)
	  ->  Index Scan using sbtest8_pkey on sbtest8  (cost=0.43..8.46 rows=1 width=196)
	        Index Cond: (id = 2279701)

explain: for deletes :: explain DELETE FROM sbtest%u WHERE id=%u
for inserts
table 1 : explain INSERT INTO sbtest1 (id, k, c, pad) VALUES (4418718, 13, 'foobar', 'foobar')
	Insert on sbtest1  (cost=0.00..0.01 rows=1 width=736)
	  ->  Result  (cost=0.00..0.01 rows=1 width=736)

table 2 : explain INSERT INTO sbtest2 (id, k, c, pad) VALUES (3536305, 13, 'foobar', 'foobar')
	Insert on sbtest2  (cost=0.00..0.01 rows=1 width=736)
	  ->  Result  (cost=0.00..0.01 rows=1 width=736)

table 3 : explain INSERT INTO sbtest3 (id, k, c, pad) VALUES (780114, 13, 'foobar', 'foobar')
	Insert on sbtest3  (cost=0.00..0.01 rows=1 width=736)
	  ->  Result  (cost=0.00..0.01 rows=1 width=736)

table 4 : explain INSERT INTO sbtest4 (id, k, c, pad) VALUES (8295262, 13, 'foobar', 'foobar')
	Insert on sbtest4  (cost=0.00..0.01 rows=1 width=736)
	  ->  Result  (cost=0.00..0.01 rows=1 width=736)

table 5 : explain INSERT INTO sbtest5 (id, k, c, pad) VALUES (7086315, 13, 'foobar', 'foobar')
	Insert on sbtest5  (cost=0.00..0.01 rows=1 width=736)
	  ->  Result  (cost=0.00..0.01 rows=1 width=736)

table 6 : explain INSERT INTO sbtest6 (id, k, c, pad) VALUES (2537030, 13, 'foobar', 'foobar')
	Insert on sbtest6  (cost=0.00..0.01 rows=1 width=736)
	  ->  Result  (cost=0.00..0.01 rows=1 width=736)

table 7 : explain INSERT INTO sbtest7 (id, k, c, pad) VALUES (2031028, 13, 'foobar', 'foobar')
	Insert on sbtest7  (cost=0.00..0.01 rows=1 width=736)
	  ->  Result  (cost=0.00..0.01 rows=1 width=736)

table 8 : explain INSERT INTO sbtest8 (id, k, c, pad) VALUES (2818713, 13, 'foobar', 'foobar')
	Insert on sbtest8  (cost=0.00..0.01 rows=1 width=736)
	  ->  Result  (cost=0.00..0.01 rows=1 width=736)

explain: for inserts :: explain INSERT INTO sbtest%u (id, k, c, pad) VALUES (%u, 13, 'foobar', 'foobar')
for deletes
table 1 : explain DELETE FROM sbtest1 WHERE id=6874289
	Delete on sbtest1  (cost=0.43..8.45 rows=1 width=6)
	  ->  Index Scan using sbtest1_pkey on sbtest1  (cost=0.43..8.45 rows=1 width=6)
	        Index Cond: (id = 6874289)

table 2 : explain DELETE FROM sbtest2 WHERE id=2521428
	Delete on sbtest2  (cost=0.43..8.45 rows=1 width=6)
	  ->  Index Scan using sbtest2_pkey on sbtest2  (cost=0.43..8.45 rows=1 width=6)
	        Index Cond: (id = 2521428)

table 3 : explain DELETE FROM sbtest3 WHERE id=9908715
	Delete on sbtest3  (cost=0.43..8.45 rows=1 width=6)
	  ->  Index Scan using sbtest3_pkey on sbtest3  (cost=0.43..8.45 rows=1 width=6)
	        Index Cond: (id = 9908715)

table 4 : explain DELETE FROM sbtest4 WHERE id=9415297
	Delete on sbtest4  (cost=0.43..8.45 rows=1 width=6)
	  ->  Index Scan using sbtest4_pkey on sbtest4  (cost=0.43..8.45 rows=1 width=6)
	        Index Cond: (id = 9415297)

table 5 : explain DELETE FROM sbtest5 WHERE id=9075777
	Delete on sbtest5  (cost=0.43..8.45 rows=1 width=6)
	  ->  Index Scan using sbtest5_pkey on sbtest5  (cost=0.43..8.45 rows=1 width=6)
	        Index Cond: (id = 9075777)

table 6 : explain DELETE FROM sbtest6 WHERE id=7520189
	Delete on sbtest6  (cost=0.43..8.45 rows=1 width=6)
	  ->  Index Scan using sbtest6_pkey on sbtest6  (cost=0.43..8.45 rows=1 width=6)
	        Index Cond: (id = 7520189)

table 7 : explain DELETE FROM sbtest7 WHERE id=3148929
	Delete on sbtest7  (cost=0.43..8.45 rows=1 width=6)
	  ->  Index Scan using sbtest7_pkey on sbtest7  (cost=0.43..8.45 rows=1 width=6)
	        Index Cond: (id = 3148929)

table 8 : explain DELETE FROM sbtest8 WHERE id=7951675
	Delete on sbtest8  (cost=0.43..8.45 rows=1 width=6)
	  ->  Index Scan using sbtest8_pkey on sbtest8  (cost=0.43..8.45 rows=1 width=6)
	        Index Cond: (id = 7951675)

for deletes
table 1 : explain DELETE FROM sbtest1 WHERE id=8777585
	Delete on sbtest1  (cost=0.43..8.45 rows=1 width=6)
	  ->  Index Scan using sbtest1_pkey on sbtest1  (cost=0.43..8.45 rows=1 width=6)
	        Index Cond: (id = 8777585)

table 2 : explain DELETE FROM sbtest2 WHERE id=2925358
	Delete on sbtest2  (cost=0.43..8.45 rows=1 width=6)
	  ->  Index Scan using sbtest2_pkey on sbtest2  (cost=0.43..8.45 rows=1 width=6)
	        Index Cond: (id = 2925358)

table 3 : explain DELETE FROM sbtest3 WHERE id=4308462
	Delete on sbtest3  (cost=0.43..8.45 rows=1 width=6)
	  ->  Index Scan using sbtest3_pkey on sbtest3  (cost=0.43..8.45 rows=1 width=6)
	        Index Cond: (id = 4308462)

table 4 : explain DELETE FROM sbtest4 WHERE id=9180360
	Delete on sbtest4  (cost=0.43..8.45 rows=1 width=6)
	  ->  Index Scan using sbtest4_pkey on sbtest4  (cost=0.43..8.45 rows=1 width=6)
	        Index Cond: (id = 9180360)

table 5 : explain DELETE FROM sbtest5 WHERE id=861162
	Delete on sbtest5  (cost=0.43..8.45 rows=1 width=6)
	  ->  Index Scan using sbtest5_pkey on sbtest5  (cost=0.43..8.45 rows=1 width=6)
	        Index Cond: (id = 861162)

table 6 : explain DELETE FROM sbtest6 WHERE id=7122459
	Delete on sbtest6  (cost=0.43..8.45 rows=1 width=6)
	  ->  Index Scan using sbtest6_pkey on sbtest6  (cost=0.43..8.45 rows=1 width=6)
	        Index Cond: (id = 7122459)

table 7 : explain DELETE FROM sbtest7 WHERE id=2842658
	Delete on sbtest7  (cost=0.43..8.45 rows=1 width=6)
	  ->  Index Scan using sbtest7_pkey on sbtest7  (cost=0.43..8.45 rows=1 width=6)
	        Index Cond: (id = 2842658)

table 8 : explain DELETE FROM sbtest8 WHERE id=6494832
	Delete on sbtest8  (cost=0.43..8.45 rows=1 width=6)
	  ->  Index Scan using sbtest8_pkey on sbtest8  (cost=0.43..8.45 rows=1 width=6)
	        Index Cond: (id = 6494832)

for inserts
table 1 : explain INSERT INTO sbtest1 (id, k, c, pad) VALUES (5556339, 13, 'foobar', 'foobar')
	Insert on sbtest1  (cost=0.00..0.01 rows=1 width=736)
	  ->  Result  (cost=0.00..0.01 rows=1 width=736)

table 2 : explain INSERT INTO sbtest2 (id, k, c, pad) VALUES (485705, 13, 'foobar', 'foobar')
	Insert on sbtest2  (cost=0.00..0.01 rows=1 width=736)
	  ->  Result  (cost=0.00..0.01 rows=1 width=736)

table 3 : explain INSERT INTO sbtest3 (id, k, c, pad) VALUES (5571223, 13, 'foobar', 'foobar')
	Insert on sbtest3  (cost=0.00..0.01 rows=1 width=736)
	  ->  Result  (cost=0.00..0.01 rows=1 width=736)

table 4 : explain INSERT INTO sbtest4 (id, k, c, pad) VALUES (6808463, 13, 'foobar', 'foobar')
	Insert on sbtest4  (cost=0.00..0.01 rows=1 width=736)
	  ->  Result  (cost=0.00..0.01 rows=1 width=736)

table 5 : explain INSERT INTO sbtest5 (id, k, c, pad) VALUES (5685082, 13, 'foobar', 'foobar')
	Insert on sbtest5  (cost=0.00..0.01 rows=1 width=736)
	  ->  Result  (cost=0.00..0.01 rows=1 width=736)

table 6 : explain INSERT INTO sbtest6 (id, k, c, pad) VALUES (8591520, 13, 'foobar', 'foobar')
	Insert on sbtest6  (cost=0.00..0.01 rows=1 width=736)
	  ->  Result  (cost=0.00..0.01 rows=1 width=736)

table 7 : explain INSERT INTO sbtest7 (id, k, c, pad) VALUES (841527, 13, 'foobar', 'foobar')
	Insert on sbtest7  (cost=0.00..0.01 rows=1 width=736)
	  ->  Result  (cost=0.00..0.01 rows=1 width=736)

table 8 : explain INSERT INTO sbtest8 (id, k, c, pad) VALUES (1815838, 13, 'foobar', 'foobar')
	Insert on sbtest8  (cost=0.00..0.01 rows=1 width=736)
	  ->  Result  (cost=0.00..0.01 rows=1 width=736)

explain: for non_index_updates :: explain UPDATE sbtest%u SET c='foobar' WHERE id=%u
explain: for inserts :: explain INSERT INTO sbtest%u (id, k, c, pad) VALUES (%u, 13, 'foobar', 'foobar')
for: distinct_ranges
table 1 : explain SELECT DISTINCT c FROM sbtest1 WHERE id BETWEEN 2289588 AND 2289687 ORDER BY c
	Unique  (cost=383.06..383.55 rows=99 width=121)
	  ->  Sort  (cost=383.06..383.30 rows=99 width=121)
	        Sort Key: c
	        ->  Index Scan using sbtest1_pkey on sbtest1  (cost=0.43..379.78 rows=99 width=121)
	              Index Cond: ((id >= 2289588) AND (id <= 2289687))

table 2 : explain SELECT DISTINCT c FROM sbtest2 WHERE id BETWEEN 8875112 AND 8875211 ORDER BY c
	Unique  (cost=383.36..383.85 rows=99 width=121)
	  ->  Sort  (cost=383.36..383.60 rows=99 width=121)
	        Sort Key: c
	        ->  Index Scan using sbtest2_pkey on sbtest2  (cost=0.43..380.07 rows=99 width=121)
	              Index Cond: ((id >= 8875112) AND (id <= 8875211))

table 3 : explain SELECT DISTINCT c FROM sbtest3 WHERE id BETWEEN 5556724 AND 5556823 ORDER BY c
	Unique  (cost=365.73..366.21 rows=95 width=121)
	  ->  Sort  (cost=365.73..365.97 rows=95 width=121)
	        Sort Key: c
	        ->  Index Scan using sbtest3_pkey on sbtest3  (cost=0.43..362.61 rows=95 width=121)
	              Index Cond: ((id >= 5556724) AND (id <= 5556823))

table 4 : explain SELECT DISTINCT c FROM sbtest4 WHERE id BETWEEN 3609584 AND 3609683 ORDER BY c
	Unique  (cost=407.30..407.82 rows=105 width=121)
	  ->  Sort  (cost=407.30..407.56 rows=105 width=121)
	        Sort Key: c
	        ->  Index Scan using sbtest4_pkey on sbtest4  (cost=0.43..403.77 rows=105 width=121)
	              Index Cond: ((id >= 3609584) AND (id <= 3609683))

table 5 : explain SELECT DISTINCT c FROM sbtest5 WHERE id BETWEEN 9583203 AND 9583302 ORDER BY c
	Unique  (cost=385.60..386.10 rows=100 width=121)
	  ->  Sort  (cost=385.60..385.85 rows=100 width=121)
	        Sort Key: c
	        ->  Index Scan using sbtest5_pkey on sbtest5  (cost=0.43..382.28 rows=100 width=121)
	              Index Cond: ((id >= 9583203) AND (id <= 9583302))

table 6 : explain SELECT DISTINCT c FROM sbtest6 WHERE id BETWEEN 8958234 AND 8958333 ORDER BY c
	Unique  (cost=393.40..393.91 rows=102 width=121)
	  ->  Sort  (cost=393.40..393.66 rows=102 width=121)
	        Sort Key: c
	        ->  Index Scan using sbtest6_pkey on sbtest6  (cost=0.43..390.00 rows=102 width=121)
	              Index Cond: ((id >= 8958234) AND (id <= 8958333))

table 7 : explain SELECT DISTINCT c FROM sbtest7 WHERE id BETWEEN 3545483 AND 3545582 ORDER BY c
	Unique  (cost=377.16..377.64 rows=97 width=121)
	  ->  Sort  (cost=377.16..377.40 rows=97 width=121)
	        Sort Key: c
	        ->  Index Scan using sbtest7_pkey on sbtest7  (cost=0.43..373.96 rows=97 width=121)
	              Index Cond: ((id >= 3545483) AND (id <= 3545582))

table 8 : explain SELECT DISTINCT c FROM sbtest8 WHERE id BETWEEN 3453627 AND 3453726 ORDER BY c
	Unique  (cost=427.06..427.61 rows=110 width=121)
	  ->  Sort  (cost=427.06..427.34 rows=110 width=121)
	        Sort Key: c
	        ->  Index Scan using sbtest8_pkey on sbtest8  (cost=0.43..423.33 rows=110 width=121)
	              Index Cond: ((id >= 3453627) AND (id <= 3453726))

explain: for inserts :: explain INSERT INTO sbtest%u (id, k, c, pad) VALUES (%u, 13, 'foobar', 'foobar')
for non_index_updates
table 1 : explain UPDATE sbtest1 SET c='foobar' WHERE id=4296071
	Update on sbtest1  (cost=0.43..8.45 rows=1 width=559)
	  ->  Index Scan using sbtest1_pkey on sbtest1  (cost=0.43..8.45 rows=1 width=559)
	        Index Cond: (id = 4296071)

table 2 : explain UPDATE sbtest2 SET c='foobar' WHERE id=9685039
	Update on sbtest2  (cost=0.43..8.45 rows=1 width=559)
	  ->  Index Scan using sbtest2_pkey on sbtest2  (cost=0.43..8.45 rows=1 width=559)
	        Index Cond: (id = 9685039)

table 3 : explain UPDATE sbtest3 SET c='foobar' WHERE id=1479340
	Update on sbtest3  (cost=0.43..8.45 rows=1 width=559)
	  ->  Index Scan using sbtest3_pkey on sbtest3  (cost=0.43..8.45 rows=1 width=559)
	        Index Cond: (id = 1479340)

table 4 : explain UPDATE sbtest4 SET c='foobar' WHERE id=4173623
	Update on sbtest4  (cost=0.43..8.45 rows=1 width=559)
	  ->  Index Scan using sbtest4_pkey on sbtest4  (cost=0.43..8.45 rows=1 width=559)
	        Index Cond: (id = 4173623)

table 5 : explain UPDATE sbtest5 SET c='foobar' WHERE id=6708858
	Update on sbtest5  (cost=0.43..8.45 rows=1 width=559)
	  ->  Index Scan using sbtest5_pkey on sbtest5  (cost=0.43..8.45 rows=1 width=559)
	        Index Cond: (id = 6708858)

table 6 : explain UPDATE sbtest6 SET c='foobar' WHERE id=9331594
	Update on sbtest6  (cost=0.43..8.45 rows=1 width=559)
	  ->  Index Scan using sbtest6_pkey on sbtest6  (cost=0.43..8.45 rows=1 width=559)
	        Index Cond: (id = 9331594)

table 7 : explain UPDATE sbtest7 SET c='foobar' WHERE id=3048126
	Update on sbtest7  (cost=0.43..8.45 rows=1 width=559)
	  ->  Index Scan using sbtest7_pkey on sbtest7  (cost=0.43..8.45 rows=1 width=559)
	        Index Cond: (id = 3048126)

table 8 : explain UPDATE sbtest8 SET c='foobar' WHERE id=9495225
	Update on sbtest8  (cost=0.43..8.45 rows=1 width=559)
	  ->  Index Scan using sbtest8_pkey on sbtest8  (cost=0.43..8.45 rows=1 width=559)
	        Index Cond: (id = 9495225)

for inserts
table 1 : explain INSERT INTO sbtest1 (id, k, c, pad) VALUES (7669833, 13, 'foobar', 'foobar')
	Insert on sbtest1  (cost=0.00..0.01 rows=1 width=736)
	  ->  Result  (cost=0.00..0.01 rows=1 width=736)

table 2 : explain INSERT INTO sbtest2 (id, k, c, pad) VALUES (1528587, 13, 'foobar', 'foobar')
	Insert on sbtest2  (cost=0.00..0.01 rows=1 width=736)
	  ->  Result  (cost=0.00..0.01 rows=1 width=736)

table 3 : explain INSERT INTO sbtest3 (id, k, c, pad) VALUES (4298932, 13, 'foobar', 'foobar')
	Insert on sbtest3  (cost=0.00..0.01 rows=1 width=736)
	  ->  Result  (cost=0.00..0.01 rows=1 width=736)

table 4 : explain INSERT INTO sbtest4 (id, k, c, pad) VALUES (4468276, 13, 'foobar', 'foobar')
	Insert on sbtest4  (cost=0.00..0.01 rows=1 width=736)
	  ->  Result  (cost=0.00..0.01 rows=1 width=736)

table 5 : explain INSERT INTO sbtest5 (id, k, c, pad) VALUES (5744252, 13, 'foobar', 'foobar')
	Insert on sbtest5  (cost=0.00..0.01 rows=1 width=736)
	  ->  Result  (cost=0.00..0.01 rows=1 width=736)

table 6 : explain INSERT INTO sbtest6 (id, k, c, pad) VALUES (7969953, 13, 'foobar', 'foobar')
	Insert on sbtest6  (cost=0.00..0.01 rows=1 width=736)
	  ->  Result  (cost=0.00..0.01 rows=1 width=736)

table 7 : explain INSERT INTO sbtest7 (id, k, c, pad) VALUES (8678584, 13, 'foobar', 'foobar')
	Insert on sbtest7  (cost=0.00..0.01 rows=1 width=736)
	  ->  Result  (cost=0.00..0.01 rows=1 width=736)

table 8 : explain INSERT INTO sbtest8 (id, k, c, pad) VALUES (7159489, 13, 'foobar', 'foobar')
	Insert on sbtest8  (cost=0.00..0.01 rows=1 width=736)
	  ->  Result  (cost=0.00..0.01 rows=1 width=736)

explain: for index_updates :: explain UPDATE sbtest%u SET k=k+1 WHERE id=%u
for inserts
table 1 : explain INSERT INTO sbtest1 (id, k, c, pad) VALUES (8525514, 13, 'foobar', 'foobar')
	Insert on sbtest1  (cost=0.00..0.01 rows=1 width=736)
	  ->  Result  (cost=0.00..0.01 rows=1 width=736)

table 2 : explain INSERT INTO sbtest2 (id, k, c, pad) VALUES (9150876, 13, 'foobar', 'foobar')
	Insert on sbtest2  (cost=0.00..0.01 rows=1 width=736)
	  ->  Result  (cost=0.00..0.01 rows=1 width=736)

table 3 : explain INSERT INTO sbtest3 (id, k, c, pad) VALUES (8708594, 13, 'foobar', 'foobar')
	Insert on sbtest3  (cost=0.00..0.01 rows=1 width=736)
	  ->  Result  (cost=0.00..0.01 rows=1 width=736)

table 4 : explain INSERT INTO sbtest4 (id, k, c, pad) VALUES (1765196, 13, 'foobar', 'foobar')
	Insert on sbtest4  (cost=0.00..0.01 rows=1 width=736)
	  ->  Result  (cost=0.00..0.01 rows=1 width=736)

table 5 : explain INSERT INTO sbtest5 (id, k, c, pad) VALUES (5884085, 13, 'foobar', 'foobar')
	Insert on sbtest5  (cost=0.00..0.01 rows=1 width=736)
	  ->  Result  (cost=0.00..0.01 rows=1 width=736)

table 6 : explain INSERT INTO sbtest6 (id, k, c, pad) VALUES (8092494, 13, 'foobar', 'foobar')
	Insert on sbtest6  (cost=0.00..0.01 rows=1 width=736)
	  ->  Result  (cost=0.00..0.01 rows=1 width=736)

table 7 : explain INSERT INTO sbtest7 (id, k, c, pad) VALUES (5178768, 13, 'foobar', 'foobar')
	Insert on sbtest7  (cost=0.00..0.01 rows=1 width=736)
	  ->  Result  (cost=0.00..0.01 rows=1 width=736)

table 8 : explain INSERT INTO sbtest8 (id, k, c, pad) VALUES (597334, 13, 'foobar', 'foobar')
	Insert on sbtest8  (cost=0.00..0.01 rows=1 width=736)
	  ->  Result  (cost=0.00..0.01 rows=1 width=736)

explain: for deletes :: explain DELETE FROM sbtest%u WHERE id=%u
for non_index_updates
table 1 : explain UPDATE sbtest1 SET c='foobar' WHERE id=7939054
	Update on sbtest1  (cost=0.43..8.45 rows=1 width=559)
	  ->  Index Scan using sbtest1_pkey on sbtest1  (cost=0.43..8.45 rows=1 width=559)
	        Index Cond: (id = 7939054)

table 2 : explain UPDATE sbtest2 SET c='foobar' WHERE id=1351396
	Update on sbtest2  (cost=0.43..8.45 rows=1 width=559)
	  ->  Index Scan using sbtest2_pkey on sbtest2  (cost=0.43..8.45 rows=1 width=559)
	        Index Cond: (id = 1351396)

table 3 : explain UPDATE sbtest3 SET c='foobar' WHERE id=570468
	Update on sbtest3  (cost=0.43..8.45 rows=1 width=559)
	  ->  Index Scan using sbtest3_pkey on sbtest3  (cost=0.43..8.45 rows=1 width=559)
	        Index Cond: (id = 570468)

table 4 : explain UPDATE sbtest4 SET c='foobar' WHERE id=4519440
	Update on sbtest4  (cost=0.43..8.45 rows=1 width=559)
	  ->  Index Scan using sbtest4_pkey on sbtest4  (cost=0.43..8.45 rows=1 width=559)
	        Index Cond: (id = 4519440)

table 5 : explain UPDATE sbtest5 SET c='foobar' WHERE id=3767006
	Update on sbtest5  (cost=0.43..8.45 rows=1 width=559)
	  ->  Index Scan using sbtest5_pkey on sbtest5  (cost=0.43..8.45 rows=1 width=559)
	        Index Cond: (id = 3767006)

table 6 : explain UPDATE sbtest6 SET c='foobar' WHERE id=7083618
	Update on sbtest6  (cost=0.43..8.45 rows=1 width=559)
	  ->  Index Scan using sbtest6_pkey on sbtest6  (cost=0.43..8.45 rows=1 width=559)
	        Index Cond: (id = 7083618)

table 7 : explain UPDATE sbtest7 SET c='foobar' WHERE id=5992622
	Update on sbtest7  (cost=0.43..8.45 rows=1 width=559)
	  ->  Index Scan using sbtest7_pkey on sbtest7  (cost=0.43..8.45 rows=1 width=559)
	        Index Cond: (id = 5992622)

table 8 : explain UPDATE sbtest8 SET c='foobar' WHERE id=809658
	Update on sbtest8  (cost=0.43..8.45 rows=1 width=559)
	  ->  Index Scan using sbtest8_pkey on sbtest8  (cost=0.43..8.45 rows=1 width=559)
	        Index Cond: (id = 809658)

for index_updates
table 1 : explain UPDATE sbtest1 SET k=k+1 WHERE id=4734369
	Update on sbtest1  (cost=0.43..8.46 rows=1 width=196)
	  ->  Index Scan using sbtest1_pkey on sbtest1  (cost=0.43..8.46 rows=1 width=196)
	        Index Cond: (id = 4734369)

table 2 : explain UPDATE sbtest2 SET k=k+1 WHERE id=4619218
	Update on sbtest2  (cost=0.43..8.46 rows=1 width=196)
	  ->  Index Scan using sbtest2_pkey on sbtest2  (cost=0.43..8.46 rows=1 width=196)
	        Index Cond: (id = 4619218)

table 3 : explain UPDATE sbtest3 SET k=k+1 WHERE id=2828340
	Update on sbtest3  (cost=0.43..8.46 rows=1 width=196)
	  ->  Index Scan using sbtest3_pkey on sbtest3  (cost=0.43..8.46 rows=1 width=196)
	        Index Cond: (id = 2828340)

table 4 : explain UPDATE sbtest4 SET k=k+1 WHERE id=855231
	Update on sbtest4  (cost=0.43..8.46 rows=1 width=196)
	  ->  Index Scan using sbtest4_pkey on sbtest4  (cost=0.43..8.46 rows=1 width=196)
	        Index Cond: (id = 855231)

table 5 : explain UPDATE sbtest5 SET k=k+1 WHERE id=8141847
	Update on sbtest5  (cost=0.43..8.46 rows=1 width=196)
	  ->  Index Scan using sbtest5_pkey on sbtest5  (cost=0.43..8.46 rows=1 width=196)
	        Index Cond: (id = 8141847)

table 6 : explain UPDATE sbtest6 SET k=k+1 WHERE id=6783426
	Update on sbtest6  (cost=0.43..8.46 rows=1 width=196)
	  ->  Index Scan using sbtest6_pkey on sbtest6  (cost=0.43..8.46 rows=1 width=196)
	        Index Cond: (id = 6783426)

table 7 : explain UPDATE sbtest7 SET k=k+1 WHERE id=154971
	Update on sbtest7  (cost=0.43..8.46 rows=1 width=196)
	  ->  Index Scan using sbtest7_pkey on sbtest7  (cost=0.43..8.46 rows=1 width=196)
	        Index Cond: (id = 154971)

table 8 : explain UPDATE sbtest8 SET k=k+1 WHERE id=2563454
	Update on sbtest8  (cost=0.43..8.46 rows=1 width=196)
	  ->  Index Scan using sbtest8_pkey on sbtest8  (cost=0.43..8.46 rows=1 width=196)
	        Index Cond: (id = 2563454)

for deletes
table 1 : explain DELETE FROM sbtest1 WHERE id=944540
	Delete on sbtest1  (cost=0.43..8.45 rows=1 width=6)
	  ->  Index Scan using sbtest1_pkey on sbtest1  (cost=0.43..8.45 rows=1 width=6)
	        Index Cond: (id = 944540)

table 2 : explain DELETE FROM sbtest2 WHERE id=7635887
	Delete on sbtest2  (cost=0.43..8.45 rows=1 width=6)
	  ->  Index Scan using sbtest2_pkey on sbtest2  (cost=0.43..8.45 rows=1 width=6)
	        Index Cond: (id = 7635887)

table 3 : explain DELETE FROM sbtest3 WHERE id=3356294
	Delete on sbtest3  (cost=0.43..8.45 rows=1 width=6)
	  ->  Index Scan using sbtest3_pkey on sbtest3  (cost=0.43..8.45 rows=1 width=6)
	        Index Cond: (id = 3356294)

table 4 : explain DELETE FROM sbtest4 WHERE id=9289059
	Delete on sbtest4  (cost=0.43..8.45 rows=1 width=6)
	  ->  Index Scan using sbtest4_pkey on sbtest4  (cost=0.43..8.45 rows=1 width=6)
	        Index Cond: (id = 9289059)

table 5 : explain DELETE FROM sbtest5 WHERE id=6936240
	Delete on sbtest5  (cost=0.43..8.45 rows=1 width=6)
	  ->  Index Scan using sbtest5_pkey on sbtest5  (cost=0.43..8.45 rows=1 width=6)
	        Index Cond: (id = 6936240)

table 6 : explain DELETE FROM sbtest6 WHERE id=5286601
	Delete on sbtest6  (cost=0.43..8.45 rows=1 width=6)
	  ->  Index Scan using sbtest6_pkey on sbtest6  (cost=0.43..8.45 rows=1 width=6)
	        Index Cond: (id = 5286601)

table 7 : explain DELETE FROM sbtest7 WHERE id=3642708
	Delete on sbtest7  (cost=0.43..8.45 rows=1 width=6)
	  ->  Index Scan using sbtest7_pkey on sbtest7  (cost=0.43..8.45 rows=1 width=6)
	        Index Cond: (id = 3642708)

table 8 : explain DELETE FROM sbtest8 WHERE id=5945137
	Delete on sbtest8  (cost=0.43..8.45 rows=1 width=6)
	  ->  Index Scan using sbtest8_pkey on sbtest8  (cost=0.43..8.45 rows=1 width=6)
	        Index Cond: (id = 5945137)

explain: for deletes :: explain DELETE FROM sbtest%u WHERE id=%u
explain: for non_index_updates :: explain UPDATE sbtest%u SET c='foobar' WHERE id=%u
for deletes
table 1 : explain DELETE FROM sbtest1 WHERE id=9675848
	Delete on sbtest1  (cost=0.43..8.45 rows=1 width=6)
	  ->  Index Scan using sbtest1_pkey on sbtest1  (cost=0.43..8.45 rows=1 width=6)
	        Index Cond: (id = 9675848)

table 2 : explain DELETE FROM sbtest2 WHERE id=5780090
	Delete on sbtest2  (cost=0.43..8.45 rows=1 width=6)
	  ->  Index Scan using sbtest2_pkey on sbtest2  (cost=0.43..8.45 rows=1 width=6)
	        Index Cond: (id = 5780090)

table 3 : explain DELETE FROM sbtest3 WHERE id=4512053
	Delete on sbtest3  (cost=0.43..8.45 rows=1 width=6)
	  ->  Index Scan using sbtest3_pkey on sbtest3  (cost=0.43..8.45 rows=1 width=6)
	        Index Cond: (id = 4512053)

table 4 : explain DELETE FROM sbtest4 WHERE id=9219207
	Delete on sbtest4  (cost=0.43..8.45 rows=1 width=6)
	  ->  Index Scan using sbtest4_pkey on sbtest4  (cost=0.43..8.45 rows=1 width=6)
	        Index Cond: (id = 9219207)

table 5 : explain DELETE FROM sbtest5 WHERE id=2985223
	Delete on sbtest5  (cost=0.43..8.45 rows=1 width=6)
	  ->  Index Scan using sbtest5_pkey on sbtest5  (cost=0.43..8.45 rows=1 width=6)
	        Index Cond: (id = 2985223)

table 6 : explain DELETE FROM sbtest6 WHERE id=3989910
	Delete on sbtest6  (cost=0.43..8.45 rows=1 width=6)
	  ->  Index Scan using sbtest6_pkey on sbtest6  (cost=0.43..8.45 rows=1 width=6)
	        Index Cond: (id = 3989910)

table 7 : explain DELETE FROM sbtest7 WHERE id=6366649
	Delete on sbtest7  (cost=0.43..8.45 rows=1 width=6)
	  ->  Index Scan using sbtest7_pkey on sbtest7  (cost=0.43..8.45 rows=1 width=6)
	        Index Cond: (id = 6366649)

table 8 : explain DELETE FROM sbtest8 WHERE id=8257087
	Delete on sbtest8  (cost=0.43..8.45 rows=1 width=6)
	  ->  Index Scan using sbtest8_pkey on sbtest8  (cost=0.43..8.45 rows=1 width=6)
	        Index Cond: (id = 8257087)

explain: for inserts :: explain INSERT INTO sbtest%u (id, k, c, pad) VALUES (%u, 13, 'foobar', 'foobar')
for non_index_updates
table 1 : explain UPDATE sbtest1 SET c='foobar' WHERE id=1507734
	Update on sbtest1  (cost=0.43..8.45 rows=1 width=559)
	  ->  Index Scan using sbtest1_pkey on sbtest1  (cost=0.43..8.45 rows=1 width=559)
	        Index Cond: (id = 1507734)

table 2 : explain UPDATE sbtest2 SET c='foobar' WHERE id=9479856
	Update on sbtest2  (cost=0.43..8.45 rows=1 width=559)
	  ->  Index Scan using sbtest2_pkey on sbtest2  (cost=0.43..8.45 rows=1 width=559)
	        Index Cond: (id = 9479856)

table 3 : explain UPDATE sbtest3 SET c='foobar' WHERE id=9382100
	Update on sbtest3  (cost=0.43..8.45 rows=1 width=559)
	  ->  Index Scan using sbtest3_pkey on sbtest3  (cost=0.43..8.45 rows=1 width=559)
	        Index Cond: (id = 9382100)

table 4 : explain UPDATE sbtest4 SET c='foobar' WHERE id=5081237
	Update on sbtest4  (cost=0.43..8.45 rows=1 width=559)
	  ->  Index Scan using sbtest4_pkey on sbtest4  (cost=0.43..8.45 rows=1 width=559)
	        Index Cond: (id = 5081237)

table 5 : explain UPDATE sbtest5 SET c='foobar' WHERE id=7221389
	Update on sbtest5  (cost=0.43..8.45 rows=1 width=559)
	  ->  Index Scan using sbtest5_pkey on sbtest5  (cost=0.43..8.45 rows=1 width=559)
	        Index Cond: (id = 7221389)

table 6 : explain UPDATE sbtest6 SET c='foobar' WHERE id=6988872
	Update on sbtest6  (cost=0.43..8.45 rows=1 width=559)
	  ->  Index Scan using sbtest6_pkey on sbtest6  (cost=0.43..8.45 rows=1 width=559)
	        Index Cond: (id = 6988872)

table 7 : explain UPDATE sbtest7 SET c='foobar' WHERE id=9451482
	Update on sbtest7  (cost=0.43..8.45 rows=1 width=559)
	  ->  Index Scan using sbtest7_pkey on sbtest7  (cost=0.43..8.45 rows=1 width=559)
	        Index Cond: (id = 9451482)

table 8 : explain UPDATE sbtest8 SET c='foobar' WHERE id=7365993
	Update on sbtest8  (cost=0.43..8.45 rows=1 width=559)
	  ->  Index Scan using sbtest8_pkey on sbtest8  (cost=0.43..8.45 rows=1 width=559)
	        Index Cond: (id = 7365993)

for inserts
table 1 : explain INSERT INTO sbtest1 (id, k, c, pad) VALUES (1487845, 13, 'foobar', 'foobar')
	Insert on sbtest1  (cost=0.00..0.01 rows=1 width=736)
	  ->  Result  (cost=0.00..0.01 rows=1 width=736)

table 2 : explain INSERT INTO sbtest2 (id, k, c, pad) VALUES (8143203, 13, 'foobar', 'foobar')
	Insert on sbtest2  (cost=0.00..0.01 rows=1 width=736)
	  ->  Result  (cost=0.00..0.01 rows=1 width=736)

table 3 : explain INSERT INTO sbtest3 (id, k, c, pad) VALUES (5674744, 13, 'foobar', 'foobar')
	Insert on sbtest3  (cost=0.00..0.01 rows=1 width=736)
	  ->  Result  (cost=0.00..0.01 rows=1 width=736)

table 4 : explain INSERT INTO sbtest4 (id, k, c, pad) VALUES (1027210, 13, 'foobar', 'foobar')
	Insert on sbtest4  (cost=0.00..0.01 rows=1 width=736)
	  ->  Result  (cost=0.00..0.01 rows=1 width=736)

table 5 : explain INSERT INTO sbtest5 (id, k, c, pad) VALUES (1006664, 13, 'foobar', 'foobar')
	Insert on sbtest5  (cost=0.00..0.01 rows=1 width=736)
	  ->  Result  (cost=0.00..0.01 rows=1 width=736)

table 6 : explain INSERT INTO sbtest6 (id, k, c, pad) VALUES (4844518, 13, 'foobar', 'foobar')
	Insert on sbtest6  (cost=0.00..0.01 rows=1 width=736)
	  ->  Result  (cost=0.00..0.01 rows=1 width=736)

table 7 : explain INSERT INTO sbtest7 (id, k, c, pad) VALUES (7859616, 13, 'foobar', 'foobar')
	Insert on sbtest7  (cost=0.00..0.01 rows=1 width=736)
	  ->  Result  (cost=0.00..0.01 rows=1 width=736)

table 8 : explain INSERT INTO sbtest8 (id, k, c, pad) VALUES (8829296, 13, 'foobar', 'foobar')
	Insert on sbtest8  (cost=0.00..0.01 rows=1 width=736)
	  ->  Result  (cost=0.00..0.01 rows=1 width=736)

explain: for deletes :: explain DELETE FROM sbtest%u WHERE id=%u
explain: for inserts :: explain INSERT INTO sbtest%u (id, k, c, pad) VALUES (%u, 13, 'foobar', 'foobar')
explain: for inserts :: explain INSERT INTO sbtest%u (id, k, c, pad) VALUES (%u, 13, 'foobar', 'foobar')
for deletes
table 1 : explain DELETE FROM sbtest1 WHERE id=992876
	Delete on sbtest1  (cost=0.43..8.45 rows=1 width=6)
	  ->  Index Scan using sbtest1_pkey on sbtest1  (cost=0.43..8.45 rows=1 width=6)
	        Index Cond: (id = 992876)

table 2 : explain DELETE FROM sbtest2 WHERE id=7540878
	Delete on sbtest2  (cost=0.43..8.45 rows=1 width=6)
	  ->  Index Scan using sbtest2_pkey on sbtest2  (cost=0.43..8.45 rows=1 width=6)
	        Index Cond: (id = 7540878)

table 3 : explain DELETE FROM sbtest3 WHERE id=1834483
	Delete on sbtest3  (cost=0.43..8.45 rows=1 width=6)
	  ->  Index Scan using sbtest3_pkey on sbtest3  (cost=0.43..8.45 rows=1 width=6)
	        Index Cond: (id = 1834483)

table 4 : explain DELETE FROM sbtest4 WHERE id=5481654
	Delete on sbtest4  (cost=0.43..8.45 rows=1 width=6)
	  ->  Index Scan using sbtest4_pkey on sbtest4  (cost=0.43..8.45 rows=1 width=6)
	        Index Cond: (id = 5481654)

table 5 : explain DELETE FROM sbtest5 WHERE id=4178286
	Delete on sbtest5  (cost=0.43..8.45 rows=1 width=6)
	  ->  Index Scan using sbtest5_pkey on sbtest5  (cost=0.43..8.45 rows=1 width=6)
	        Index Cond: (id = 4178286)

table 6 : explain DELETE FROM sbtest6 WHERE id=9594862
	Delete on sbtest6  (cost=0.43..8.45 rows=1 width=6)
	  ->  Index Scan using sbtest6_pkey on sbtest6  (cost=0.43..8.45 rows=1 width=6)
	        Index Cond: (id = 9594862)

table 7 : explain DELETE FROM sbtest7 WHERE id=9116579
	Delete on sbtest7  (cost=0.43..8.45 rows=1 width=6)
	  ->  Index Scan using sbtest7_pkey on sbtest7  (cost=0.43..8.45 rows=1 width=6)
	        Index Cond: (id = 9116579)

table 8 : explain DELETE FROM sbtest8 WHERE id=8425868
	Delete on sbtest8  (cost=0.43..8.45 rows=1 width=6)
	  ->  Index Scan using sbtest8_pkey on sbtest8  (cost=0.43..8.45 rows=1 width=6)
	        Index Cond: (id = 8425868)

for deletes
table 1 : explain DELETE FROM sbtest1 WHERE id=835920
	Delete on sbtest1  (cost=0.43..8.45 rows=1 width=6)
	  ->  Index Scan using sbtest1_pkey on sbtest1  (cost=0.43..8.45 rows=1 width=6)
	        Index Cond: (id = 835920)

table 2 : explain DELETE FROM sbtest2 WHERE id=1672278
	Delete on sbtest2  (cost=0.43..8.45 rows=1 width=6)
	  ->  Index Scan using sbtest2_pkey on sbtest2  (cost=0.43..8.45 rows=1 width=6)
	        Index Cond: (id = 1672278)

table 3 : explain DELETE FROM sbtest3 WHERE id=4009525
	Delete on sbtest3  (cost=0.43..8.45 rows=1 width=6)
	  ->  Index Scan using sbtest3_pkey on sbtest3  (cost=0.43..8.45 rows=1 width=6)
	        Index Cond: (id = 4009525)

table 4 : explain DELETE FROM sbtest4 WHERE id=5246632
	Delete on sbtest4  (cost=0.43..8.45 rows=1 width=6)
	  ->  Index Scan using sbtest4_pkey on sbtest4  (cost=0.43..8.45 rows=1 width=6)
	        Index Cond: (id = 5246632)

table 5 : explain DELETE FROM sbtest5 WHERE id=1066206
	Delete on sbtest5  (cost=0.43..8.45 rows=1 width=6)
	  ->  Index Scan using sbtest5_pkey on sbtest5  (cost=0.43..8.45 rows=1 width=6)
	        Index Cond: (id = 1066206)

table 6 : explain DELETE FROM sbtest6 WHERE id=3452023
	Delete on sbtest6  (cost=0.43..8.45 rows=1 width=6)
	  ->  Index Scan using sbtest6_pkey on sbtest6  (cost=0.43..8.45 rows=1 width=6)
	        Index Cond: (id = 3452023)

table 7 : explain DELETE FROM sbtest7 WHERE id=7816339
	Delete on sbtest7  (cost=0.43..8.45 rows=1 width=6)
	  ->  Index Scan using sbtest7_pkey on sbtest7  (cost=0.43..8.45 rows=1 width=6)
	        Index Cond: (id = 7816339)

table 8 : explain DELETE FROM sbtest8 WHERE id=5499296
	Delete on sbtest8  (cost=0.43..8.45 rows=1 width=6)
	  ->  Index Scan using sbtest8_pkey on sbtest8  (cost=0.43..8.45 rows=1 width=6)
	        Index Cond: (id = 5499296)

for inserts
table 1 : explain INSERT INTO sbtest1 (id, k, c, pad) VALUES (7014765, 13, 'foobar', 'foobar')
	Insert on sbtest1  (cost=0.00..0.01 rows=1 width=736)
	  ->  Result  (cost=0.00..0.01 rows=1 width=736)

table 2 : explain INSERT INTO sbtest2 (id, k, c, pad) VALUES (1431049, 13, 'foobar', 'foobar')
	Insert on sbtest2  (cost=0.00..0.01 rows=1 width=736)
	  ->  Result  (cost=0.00..0.01 rows=1 width=736)

table 3 : explain INSERT INTO sbtest3 (id, k, c, pad) VALUES (7499668, 13, 'foobar', 'foobar')
	Insert on sbtest3  (cost=0.00..0.01 rows=1 width=736)
	  ->  Result  (cost=0.00..0.01 rows=1 width=736)

table 4 : explain INSERT INTO sbtest4 (id, k, c, pad) VALUES (8189903, 13, 'foobar', 'foobar')
	Insert on sbtest4  (cost=0.00..0.01 rows=1 width=736)
	  ->  Result  (cost=0.00..0.01 rows=1 width=736)

table 5 : explain INSERT INTO sbtest5 (id, k, c, pad) VALUES (6980877, 13, 'foobar', 'foobar')
	Insert on sbtest5  (cost=0.00..0.01 rows=1 width=736)
	  ->  Result  (cost=0.00..0.01 rows=1 width=736)

table 6 : explain INSERT INTO sbtest6 (id, k, c, pad) VALUES (2680540, 13, 'foobar', 'foobar')
	Insert on sbtest6  (cost=0.00..0.01 rows=1 width=736)
	  ->  Result  (cost=0.00..0.01 rows=1 width=736)

table 7 : explain INSERT INTO sbtest7 (id, k, c, pad) VALUES (5345909, 13, 'foobar', 'foobar')
	Insert on sbtest7  (cost=0.00..0.01 rows=1 width=736)
	  ->  Result  (cost=0.00..0.01 rows=1 width=736)

table 8 : explain INSERT INTO sbtest8 (id, k, c, pad) VALUES (9599585, 13, 'foobar', 'foobar')
	Insert on sbtest8  (cost=0.00..0.01 rows=1 width=736)
	  ->  Result  (cost=0.00..0.01 rows=1 width=736)

explain: for inserts :: explain INSERT INTO sbtest%u (id, k, c, pad) VALUES (%u, 13, 'foobar', 'foobar')
explain: for inserts :: explain INSERT INTO sbtest%u (id, k, c, pad) VALUES (%u, 13, 'foobar', 'foobar')
for inserts
table 1 : explain INSERT INTO sbtest1 (id, k, c, pad) VALUES (6439511, 13, 'foobar', 'foobar')
	Insert on sbtest1  (cost=0.00..0.01 rows=1 width=736)
	  ->  Result  (cost=0.00..0.01 rows=1 width=736)

table 2 : explain INSERT INTO sbtest2 (id, k, c, pad) VALUES (9778179, 13, 'foobar', 'foobar')
	Insert on sbtest2  (cost=0.00..0.01 rows=1 width=736)
	  ->  Result  (cost=0.00..0.01 rows=1 width=736)

table 3 : explain INSERT INTO sbtest3 (id, k, c, pad) VALUES (2703883, 13, 'foobar', 'foobar')
	Insert on sbtest3  (cost=0.00..0.01 rows=1 width=736)
	  ->  Result  (cost=0.00..0.01 rows=1 width=736)

table 4 : explain INSERT INTO sbtest4 (id, k, c, pad) VALUES (1792573, 13, 'foobar', 'foobar')
	Insert on sbtest4  (cost=0.00..0.01 rows=1 width=736)
	  ->  Result  (cost=0.00..0.01 rows=1 width=736)

table 5 : explain INSERT INTO sbtest5 (id, k, c, pad) VALUES (8377227, 13, 'foobar', 'foobar')
	Insert on sbtest5  (cost=0.00..0.01 rows=1 width=736)
	  ->  Result  (cost=0.00..0.01 rows=1 width=736)

table 6 : explain INSERT INTO sbtest6 (id, k, c, pad) VALUES (2435682, 13, 'foobar', 'foobar')
	Insert on sbtest6  (cost=0.00..0.01 rows=1 width=736)
	  ->  Result  (cost=0.00..0.01 rows=1 width=736)

table 7 : explain INSERT INTO sbtest7 (id, k, c, pad) VALUES (4443938, 13, 'foobar', 'foobar')
	Insert on sbtest7  (cost=0.00..0.01 rows=1 width=736)
	  ->  Result  (cost=0.00..0.01 rows=1 width=736)

table 8 : explain INSERT INTO sbtest8 (id, k, c, pad) VALUES (471672, 13, 'foobar', 'foobar')
	Insert on sbtest8  (cost=0.00..0.01 rows=1 width=736)
	  ->  Result  (cost=0.00..0.01 rows=1 width=736)

for inserts
table 1 : explain INSERT INTO sbtest1 (id, k, c, pad) VALUES (7245492, 13, 'foobar', 'foobar')
	Insert on sbtest1  (cost=0.00..0.01 rows=1 width=736)
	  ->  Result  (cost=0.00..0.01 rows=1 width=736)

table 2 : explain INSERT INTO sbtest2 (id, k, c, pad) VALUES (8071930, 13, 'foobar', 'foobar')
	Insert on sbtest2  (cost=0.00..0.01 rows=1 width=736)
	  ->  Result  (cost=0.00..0.01 rows=1 width=736)

table 3 : explain INSERT INTO sbtest3 (id, k, c, pad) VALUES (5028507, 13, 'foobar', 'foobar')
	Insert on sbtest3  (cost=0.00..0.01 rows=1 width=736)
	  ->  Result  (cost=0.00..0.01 rows=1 width=736)

table 4 : explain INSERT INTO sbtest4 (id, k, c, pad) VALUES (5203855, 13, 'foobar', 'foobar')
	Insert on sbtest4  (cost=0.00..0.01 rows=1 width=736)
	  ->  Result  (cost=0.00..0.01 rows=1 width=736)

table 5 : explain INSERT INTO sbtest5 (id, k, c, pad) VALUES (724591, 13, 'foobar', 'foobar')
	Insert on sbtest5  (cost=0.00..0.01 rows=1 width=736)
	  ->  Result  (cost=0.00..0.01 rows=1 width=736)

table 6 : explain INSERT INTO sbtest6 (id, k, c, pad) VALUES (1629239, 13, 'foobar', 'foobar')
	Insert on sbtest6  (cost=0.00..0.01 rows=1 width=736)
	  ->  Result  (cost=0.00..0.01 rows=1 width=736)

table 7 : explain INSERT INTO sbtest7 (id, k, c, pad) VALUES (2473929, 13, 'foobar', 'foobar')
	Insert on sbtest7  (cost=0.00..0.01 rows=1 width=736)
	  ->  Result  (cost=0.00..0.01 rows=1 width=736)

table 8 : explain INSERT INTO sbtest8 (id, k, c, pad) VALUES (7036985, 13, 'foobar', 'foobar')
	Insert on sbtest8  (cost=0.00..0.01 rows=1 width=736)
	  ->  Result  (cost=0.00..0.01 rows=1 width=736)

for inserts
table 1 : explain INSERT INTO sbtest1 (id, k, c, pad) VALUES (6100527, 13, 'foobar', 'foobar')
	Insert on sbtest1  (cost=0.00..0.01 rows=1 width=736)
	  ->  Result  (cost=0.00..0.01 rows=1 width=736)

table 2 : explain INSERT INTO sbtest2 (id, k, c, pad) VALUES (8693759, 13, 'foobar', 'foobar')
	Insert on sbtest2  (cost=0.00..0.01 rows=1 width=736)
	  ->  Result  (cost=0.00..0.01 rows=1 width=736)

table 3 : explain INSERT INTO sbtest3 (id, k, c, pad) VALUES (1035595, 13, 'foobar', 'foobar')
	Insert on sbtest3  (cost=0.00..0.01 rows=1 width=736)
	  ->  Result  (cost=0.00..0.01 rows=1 width=736)

table 4 : explain INSERT INTO sbtest4 (id, k, c, pad) VALUES (3997796, 13, 'foobar', 'foobar')
	Insert on sbtest4  (cost=0.00..0.01 rows=1 width=736)
	  ->  Result  (cost=0.00..0.01 rows=1 width=736)

table 5 : explain INSERT INTO sbtest5 (id, k, c, pad) VALUES (3610669, 13, 'foobar', 'foobar')
	Insert on sbtest5  (cost=0.00..0.01 rows=1 width=736)
	  ->  Result  (cost=0.00..0.01 rows=1 width=736)

table 6 : explain INSERT INTO sbtest6 (id, k, c, pad) VALUES (5127862, 13, 'foobar', 'foobar')
	Insert on sbtest6  (cost=0.00..0.01 rows=1 width=736)
	  ->  Result  (cost=0.00..0.01 rows=1 width=736)

table 7 : explain INSERT INTO sbtest7 (id, k, c, pad) VALUES (9889665, 13, 'foobar', 'foobar')
	Insert on sbtest7  (cost=0.00..0.01 rows=1 width=736)
	  ->  Result  (cost=0.00..0.01 rows=1 width=736)

table 8 : explain INSERT INTO sbtest8 (id, k, c, pad) VALUES (9631534, 13, 'foobar', 'foobar')
	Insert on sbtest8  (cost=0.00..0.01 rows=1 width=736)
	  ->  Result  (cost=0.00..0.01 rows=1 width=736)

for inserts
table 1 : explain INSERT INTO sbtest1 (id, k, c, pad) VALUES (6161548, 13, 'foobar', 'foobar')
	Insert on sbtest1  (cost=0.00..0.01 rows=1 width=736)
	  ->  Result  (cost=0.00..0.01 rows=1 width=736)

table 2 : explain INSERT INTO sbtest2 (id, k, c, pad) VALUES (2552073, 13, 'foobar', 'foobar')
	Insert on sbtest2  (cost=0.00..0.01 rows=1 width=736)
	  ->  Result  (cost=0.00..0.01 rows=1 width=736)

table 3 : explain INSERT INTO sbtest3 (id, k, c, pad) VALUES (1390888, 13, 'foobar', 'foobar')
	Insert on sbtest3  (cost=0.00..0.01 rows=1 width=736)
	  ->  Result  (cost=0.00..0.01 rows=1 width=736)

table 4 : explain INSERT INTO sbtest4 (id, k, c, pad) VALUES (5564606, 13, 'foobar', 'foobar')
	Insert on sbtest4  (cost=0.00..0.01 rows=1 width=736)
	  ->  Result  (cost=0.00..0.01 rows=1 width=736)

table 5 : explain INSERT INTO sbtest5 (id, k, c, pad) VALUES (8216002, 13, 'foobar', 'foobar')
	Insert on sbtest5  (cost=0.00..0.01 rows=1 width=736)
	  ->  Result  (cost=0.00..0.01 rows=1 width=736)

table 6 : explain INSERT INTO sbtest6 (id, k, c, pad) VALUES (3421725, 13, 'foobar', 'foobar')
	Insert on sbtest6  (cost=0.00..0.01 rows=1 width=736)
	  ->  Result  (cost=0.00..0.01 rows=1 width=736)

table 7 : explain INSERT INTO sbtest7 (id, k, c, pad) VALUES (6246201, 13, 'foobar', 'foobar')
	Insert on sbtest7  (cost=0.00..0.01 rows=1 width=736)
	  ->  Result  (cost=0.00..0.01 rows=1 width=736)

table 8 : explain INSERT INTO sbtest8 (id, k, c, pad) VALUES (3411486, 13, 'foobar', 'foobar')
	Insert on sbtest8  (cost=0.00..0.01 rows=1 width=736)
	  ->  Result  (cost=0.00..0.01 rows=1 width=736)

explain: for inserts :: explain INSERT INTO sbtest%u (id, k, c, pad) VALUES (%u, 13, 'foobar', 'foobar')
for inserts
table 1 : explain INSERT INTO sbtest1 (id, k, c, pad) VALUES (9442460, 13, 'foobar', 'foobar')
	Insert on sbtest1  (cost=0.00..0.01 rows=1 width=736)
	  ->  Result  (cost=0.00..0.01 rows=1 width=736)

table 2 : explain INSERT INTO sbtest2 (id, k, c, pad) VALUES (1665890, 13, 'foobar', 'foobar')
	Insert on sbtest2  (cost=0.00..0.01 rows=1 width=736)
	  ->  Result  (cost=0.00..0.01 rows=1 width=736)

table 3 : explain INSERT INTO sbtest3 (id, k, c, pad) VALUES (952054, 13, 'foobar', 'foobar')
	Insert on sbtest3  (cost=0.00..0.01 rows=1 width=736)
	  ->  Result  (cost=0.00..0.01 rows=1 width=736)

table 4 : explain INSERT INTO sbtest4 (id, k, c, pad) VALUES (2545611, 13, 'foobar', 'foobar')
	Insert on sbtest4  (cost=0.00..0.01 rows=1 width=736)
	  ->  Result  (cost=0.00..0.01 rows=1 width=736)

table 5 : explain INSERT INTO sbtest5 (id, k, c, pad) VALUES (9211969, 13, 'foobar', 'foobar')
	Insert on sbtest5  (cost=0.00..0.01 rows=1 width=736)
	  ->  Result  (cost=0.00..0.01 rows=1 width=736)

table 6 : explain INSERT INTO sbtest6 (id, k, c, pad) VALUES (7299731, 13, 'foobar', 'foobar')
	Insert on sbtest6  (cost=0.00..0.01 rows=1 width=736)
	  ->  Result  (cost=0.00..0.01 rows=1 width=736)

table 7 : explain INSERT INTO sbtest7 (id, k, c, pad) VALUES (8083552, 13, 'foobar', 'foobar')
	Insert on sbtest7  (cost=0.00..0.01 rows=1 width=736)
	  ->  Result  (cost=0.00..0.01 rows=1 width=736)

table 8 : explain INSERT INTO sbtest8 (id, k, c, pad) VALUES (9873802, 13, 'foobar', 'foobar')
	Insert on sbtest8  (cost=0.00..0.01 rows=1 width=736)
	  ->  Result  (cost=0.00..0.01 rows=1 width=736)

Threads started!

Warming up for 5 seconds...

SQL statistics:
    queries performed:
        read:                            308128724
        write:                           88036885
        other:                           44018415
        total:                           440184024
    transactions:                        22009226 (23665.62 per sec.)
    queries:                             440184024 (473311.79 per sec.)
    ignored errors:                      0      (0.00 per sec.)
    reconnects:                          0      (0.00 per sec.)

Throughput:
    events/s (eps):                      23665.6162
    time elapsed:                        930.0087s
    total number of events:              22009226

Latency (ms):
         min:                                    1.39
         avg:                                    1.69
         max:                                   35.19
         95th percentile:                        1.93
         sum:                             37176907.62

Threads fairness:
    events (avg/stddev):           550230.2250/2459.90
    execution time (avg/stddev):   929.4227/0.01

