LUA_PATH=/home/mdcallag/git/mytools/bench/sysbench.lua/lua/?.lua /home/mdcallag/git/mytools/bench/sysbench.lua/lua/sysbench --db-driver=pgsql --range-size=1000 --table-size=10000000 --tables=8 --threads=40 --events=0 --warmup-time=5 --time=630 --pgsql_conn_id=true /home/mdcallag/git/mytools/bench/sysbench.lua/lua/oltp_read_only_count.lua run --pgsql-user=root --pgsql-password=pw --pgsql-host=127.0.0.1 --pgsql-db=ib --rand-type=uniform --skip-trx
48 CPUs
sysbench 1.1.0-9072687 (using bundled LuaJIT 2.1.0-beta3)

Running the test with following options:
Number of threads: 40
Warmup time: 5s
Initializing random number generator from current time


Initializing worker threads...

for: count_ranges
table 1 : explain SELECT count(c) FROM sbtest1 WHERE id BETWEEN 4579713 AND 4580712
	Aggregate  (cost=3593.31..3593.32 rows=1 width=8)
	  ->  Bitmap Heap Scan on sbtest1  (cost=33.91..3591.00 rows=924 width=121)
	        Recheck Cond: ((id >= 4579713) AND (id <= 4580712))
	        ->  Bitmap Index Scan on sbtest1_pkey  (cost=0.00..33.68 rows=924 width=0)
	              Index Cond: ((id >= 4579713) AND (id <= 4580712))

table 2 : explain SELECT count(c) FROM sbtest2 WHERE id BETWEEN 5162176 AND 5163175
	Aggregate  (cost=3881.04..3881.05 rows=1 width=8)
	  ->  Bitmap Heap Scan on sbtest2  (cost=34.70..3878.53 rows=1001 width=121)
	        Recheck Cond: ((id >= 5162176) AND (id <= 5163175))
	        ->  Bitmap Index Scan on sbtest2_pkey  (cost=0.00..34.45 rows=1001 width=0)
	              Index Cond: ((id >= 5162176) AND (id <= 5163175))

table 3 : explain SELECT count(c) FROM sbtest3 WHERE id BETWEEN 2625613 AND 2626612
	Aggregate  (cost=3701.63..3701.64 rows=1 width=8)
	  ->  Bitmap Heap Scan on sbtest3  (cost=34.19..3699.25 rows=952 width=121)
	        Recheck Cond: ((id >= 2625613) AND (id <= 2626612))
	        ->  Bitmap Index Scan on sbtest3_pkey  (cost=0.00..33.95 rows=952 width=0)
	              Index Cond: ((id >= 2625613) AND (id <= 2626612))

table 4 : explain SELECT count(c) FROM sbtest4 WHERE id BETWEEN 3911775 AND 3912774
	Aggregate  (cost=3595.83..3595.84 rows=1 width=8)
	  ->  Bitmap Heap Scan on sbtest4  (cost=33.91..3593.52 rows=924 width=121)
	        Recheck Cond: ((id >= 3911775) AND (id <= 3912774))
	        ->  Bitmap Index Scan on sbtest4_pkey  (cost=0.00..33.68 rows=924 width=0)
	              Index Cond: ((id >= 3911775) AND (id <= 3912774))

table 5 : explain SELECT count(c) FROM sbtest5 WHERE id BETWEEN 9743955 AND 9744954
	Aggregate  (cost=3868.06..3868.07 rows=1 width=8)
	  ->  Bitmap Heap Scan on sbtest5  (cost=34.64..3865.57 rows=996 width=121)
	        Recheck Cond: ((id >= 9743955) AND (id <= 9744954))
	        ->  Bitmap Index Scan on sbtest5_pkey  (cost=0.00..34.40 rows=996 width=0)
	              Index Cond: ((id >= 9743955) AND (id <= 9744954))

table 6 : explain SELECT count(c) FROM sbtest6 WHERE id BETWEEN 3579609 AND 3580608
	Aggregate  (cost=3626.70..3626.71 rows=1 width=8)
	  ->  Bitmap Heap Scan on sbtest6  (cost=34.00..3624.36 rows=933 width=121)
	        Recheck Cond: ((id >= 3579609) AND (id <= 3580608))
	        ->  Bitmap Index Scan on sbtest6_pkey  (cost=0.00..33.77 rows=933 width=0)
	              Index Cond: ((id >= 3579609) AND (id <= 3580608))

table 7 : explain SELECT count(c) FROM sbtest7 WHERE id BETWEEN 1292661 AND 1293660
	Aggregate  (cost=4165.31..4165.32 rows=1 width=8)
	  ->  Bitmap Heap Scan on sbtest7  (cost=35.45..4162.63 rows=1075 width=121)
	        Recheck Cond: ((id >= 1292661) AND (id <= 1293660))
	        ->  Bitmap Index Scan on sbtest7_pkey  (cost=0.00..35.19 rows=1075 width=0)
	              Index Cond: ((id >= 1292661) AND (id <= 1293660))

table 8 : explain SELECT count(c) FROM sbtest8 WHERE id BETWEEN 6650344 AND 6651343
	Aggregate  (cost=3496.70..3496.71 rows=1 width=8)
	  ->  Bitmap Heap Scan on sbtest8  (cost=29.66..3494.45 rows=900 width=121)
	        Recheck Cond: ((id >= 6650344) AND (id <= 6651343))
	        ->  Bitmap Index Scan on sbtest8_pkey  (cost=0.00..29.43 rows=900 width=0)
	              Index Cond: ((id >= 6650344) AND (id <= 6651343))

for: count_ranges
table 1 : explain SELECT count(c) FROM sbtest1 WHERE id BETWEEN 6369771 AND 6370770
	Aggregate  (cost=3646.31..3646.32 rows=1 width=8)
	  ->  Bitmap Heap Scan on sbtest1  (cost=34.05..3643.96 rows=938 width=121)
	        Recheck Cond: ((id >= 6369771) AND (id <= 6370770))
	        ->  Bitmap Index Scan on sbtest1_pkey  (cost=0.00..33.82 rows=938 width=0)
	              Index Cond: ((id >= 6369771) AND (id <= 6370770))

table 2 : explain SELECT count(c) FROM sbtest2 WHERE id BETWEEN 791386 AND 792385
	Aggregate  (cost=3760.30..3760.31 rows=1 width=8)
	  ->  Bitmap Heap Scan on sbtest2  (cost=34.37..3757.88 rows=969 width=121)
	        Recheck Cond: ((id >= 791386) AND (id <= 792385))
	        ->  Bitmap Index Scan on sbtest2_pkey  (cost=0.00..34.12 rows=969 width=0)
	              Index Cond: ((id >= 791386) AND (id <= 792385))

table 3 : explain SELECT count(c) FROM sbtest3 WHERE id BETWEEN 6644215 AND 6645214
	Aggregate  (cost=3928.57..3928.58 rows=1 width=8)
	  ->  Bitmap Heap Scan on sbtest3  (cost=34.81..3926.04 rows=1012 width=121)
	        Recheck Cond: ((id >= 6644215) AND (id <= 6645214))
	        ->  Bitmap Index Scan on sbtest3_pkey  (cost=0.00..34.56 rows=1012 width=0)
	              Index Cond: ((id >= 6644215) AND (id <= 6645214))

table 4 : explain SELECT count(c) FROM sbtest4 WHERE id BETWEEN 6765838 AND 6766837
	Aggregate  (cost=3826.79..3826.80 rows=1 width=8)
	  ->  Bitmap Heap Scan on sbtest4  (cost=34.53..3824.33 rows=985 width=121)
	        Recheck Cond: ((id >= 6765838) AND (id <= 6766837))
	        ->  Bitmap Index Scan on sbtest4_pkey  (cost=0.00..34.29 rows=985 width=0)
	              Index Cond: ((id >= 6765838) AND (id <= 6766837))

table 5 : explain SELECT count(c) FROM sbtest5 WHERE id BETWEEN 1379921 AND 1380920
	Aggregate  (cost=4087.12..4087.13 rows=1 width=8)
	  ->  Bitmap Heap Scan on sbtest5  (cost=35.24..4084.49 rows=1054 width=121)
	        Recheck Cond: ((id >= 1379921) AND (id <= 1380920))
	        ->  Bitmap Index Scan on sbtest5_pkey  (cost=0.00..34.98 rows=1054 width=0)
	              Index Cond: ((id >= 1379921) AND (id <= 1380920))

table 6 : explain SELECT count(c) FROM sbtest6 WHERE id BETWEEN 9818680 AND 9819679
	Aggregate  (cost=4354.83..4354.84 rows=1 width=8)
	  ->  Bitmap Heap Scan on sbtest6  (cost=39.97..4352.02 rows=1125 width=121)
	        Recheck Cond: ((id >= 9818680) AND (id <= 9819679))
	        ->  Bitmap Index Scan on sbtest6_pkey  (cost=0.00..39.69 rows=1125 width=0)
	              Index Cond: ((id >= 9818680) AND (id <= 9819679))

table 7 : explain SELECT count(c) FROM sbtest7 WHERE id BETWEEN 8608828 AND 8609827
	Aggregate  (cost=3821.79..3821.80 rows=1 width=8)
	  ->  Bitmap Heap Scan on sbtest7  (cost=34.52..3819.33 rows=984 width=121)
	        Recheck Cond: ((id >= 8608828) AND (id <= 8609827))
	        ->  Bitmap Index Scan on sbtest7_pkey  (cost=0.00..34.28 rows=984 width=0)
	              Index Cond: ((id >= 8608828) AND (id <= 8609827))

table 8 : explain SELECT count(c) FROM sbtest8 WHERE id BETWEEN 5409700 AND 5410699
	Aggregate  (cost=3912.63..3912.64 rows=1 width=8)
	  ->  Bitmap Heap Scan on sbtest8  (cost=34.78..3910.11 rows=1009 width=121)
	        Recheck Cond: ((id >= 5409700) AND (id <= 5410699))
	        ->  Bitmap Index Scan on sbtest8_pkey  (cost=0.00..34.53 rows=1009 width=0)
	              Index Cond: ((id >= 5409700) AND (id <= 5410699))

for: count_ranges
table 1 : explain SELECT count(c) FROM sbtest1 WHERE id BETWEEN 3298084 AND 3299083
	Aggregate  (cost=3555.45..3555.46 rows=1 width=8)
	  ->  Bitmap Heap Scan on sbtest1  (cost=33.80..3553.16 rows=914 width=121)
	        Recheck Cond: ((id >= 3298084) AND (id <= 3299083))
	        ->  Bitmap Index Scan on sbtest1_pkey  (cost=0.00..33.58 rows=914 width=0)
	              Index Cond: ((id >= 3298084) AND (id <= 3299083))

table 2 : explain SELECT count(c) FROM sbtest2 WHERE id BETWEEN 598178 AND 599177
	Aggregate  (cost=4039.30..4039.31 rows=1 width=8)
	  ->  Bitmap Heap Scan on sbtest2  (cost=35.13..4036.70 rows=1043 width=121)
	        Recheck Cond: ((id >= 598178) AND (id <= 599177))
	        ->  Bitmap Index Scan on sbtest2_pkey  (cost=0.00..34.87 rows=1043 width=0)
	              Index Cond: ((id >= 598178) AND (id <= 599177))

table 3 : explain SELECT count(c) FROM sbtest3 WHERE id BETWEEN 6108461 AND 6109460
	Aggregate  (cost=4011.67..4011.68 rows=1 width=8)
	  ->  Bitmap Heap Scan on sbtest3  (cost=35.03..4009.08 rows=1034 width=121)
	        Recheck Cond: ((id >= 6108461) AND (id <= 6109460))
	        ->  Bitmap Index Scan on sbtest3_pkey  (cost=0.00..34.78 rows=1034 width=0)
	              Index Cond: ((id >= 6108461) AND (id <= 6109460))

table 4 : explain SELECT count(c) FROM sbtest4 WHERE id BETWEEN 581838 AND 582837
	Aggregate  (cost=3788.96..3788.97 rows=1 width=8)
	  ->  Bitmap Heap Scan on sbtest4  (cost=34.43..3786.52 rows=975 width=121)
	        Recheck Cond: ((id >= 581838) AND (id <= 582837))
	        ->  Bitmap Index Scan on sbtest4_pkey  (cost=0.00..34.19 rows=975 width=0)
	              Index Cond: ((id >= 581838) AND (id <= 582837))

table 5 : explain SELECT count(c) FROM sbtest5 WHERE id BETWEEN 2159931 AND 2160930
	Aggregate  (cost=4019.18..4019.19 rows=1 width=8)
	  ->  Bitmap Heap Scan on sbtest5  (cost=35.05..4016.59 rows=1036 width=121)
	        Recheck Cond: ((id >= 2159931) AND (id <= 2160930))
	        ->  Bitmap Index Scan on sbtest5_pkey  (cost=0.00..34.80 rows=1036 width=0)
	              Index Cond: ((id >= 2159931) AND (id <= 2160930))

table 6 : explain SELECT count(c) FROM sbtest6 WHERE id BETWEEN 7779913 AND 7780912
	Aggregate  (cost=4023.28..4023.29 rows=1 width=8)
	  ->  Bitmap Heap Scan on sbtest6  (cost=35.07..4020.68 rows=1038 width=121)
	        Recheck Cond: ((id >= 7779913) AND (id <= 7780912))
	        ->  Bitmap Index Scan on sbtest6_pkey  (cost=0.00..34.82 rows=1038 width=0)
	              Index Cond: ((id >= 7779913) AND (id <= 7780912))

table 7 : explain SELECT count(c) FROM sbtest7 WHERE id BETWEEN 958940 AND 959939
	Aggregate  (cost=3999.34..3999.35 rows=1 width=8)
	  ->  Bitmap Heap Scan on sbtest7  (cost=35.00..3996.76 rows=1031 width=121)
	        Recheck Cond: ((id >= 958940) AND (id <= 959939))
	        ->  Bitmap Index Scan on sbtest7_pkey  (cost=0.00..34.75 rows=1031 width=0)
	              Index Cond: ((id >= 958940) AND (id <= 959939))

table 8 : explain SELECT count(c) FROM sbtest8 WHERE id BETWEEN 7805757 AND 7806756
	Aggregate  (cost=4097.31..4097.32 rows=1 width=8)
	  ->  Bitmap Heap Scan on sbtest8  (cost=35.28..4094.67 rows=1058 width=121)
	        Recheck Cond: ((id >= 7805757) AND (id <= 7806756))
	        ->  Bitmap Index Scan on sbtest8_pkey  (cost=0.00..35.02 rows=1058 width=0)
	              Index Cond: ((id >= 7805757) AND (id <= 7806756))

for: count_ranges
table 1 : explain SELECT count(c) FROM sbtest1 WHERE id BETWEEN 9611324 AND 9612323
	Aggregate  (cost=4088.18..4088.19 rows=1 width=8)
	  ->  Bitmap Heap Scan on sbtest1  (cost=35.25..4085.54 rows=1055 width=121)
	        Recheck Cond: ((id >= 9611324) AND (id <= 9612323))
	        ->  Bitmap Index Scan on sbtest1_pkey  (cost=0.00..34.98 rows=1055 width=0)
	              Index Cond: ((id >= 9611324) AND (id <= 9612323))

table 2 : explain SELECT count(c) FROM sbtest2 WHERE id BETWEEN 5591212 AND 5592211
	Aggregate  (cost=3873.49..3873.50 rows=1 width=8)
	  ->  Bitmap Heap Scan on sbtest2  (cost=34.67..3871.00 rows=999 width=121)
	        Recheck Cond: ((id >= 5591212) AND (id <= 5592211))
	        ->  Bitmap Index Scan on sbtest2_pkey  (cost=0.00..34.43 rows=999 width=0)
	              Index Cond: ((id >= 5591212) AND (id <= 5592211))

table 3 : explain SELECT count(c) FROM sbtest3 WHERE id BETWEEN 978989 AND 979988
	Aggregate  (cost=4272.15..4272.16 rows=1 width=8)
	  ->  Bitmap Heap Scan on sbtest3  (cost=39.73..4269.39 rows=1102 width=121)
	        Recheck Cond: ((id >= 978989) AND (id <= 979988))
	        ->  Bitmap Index Scan on sbtest3_pkey  (cost=0.00..39.45 rows=1102 width=0)
	              Index Cond: ((id >= 978989) AND (id <= 979988))

table 4 : explain SELECT count(c) FROM sbtest4 WHERE id BETWEEN 4792222 AND 4793221
	Aggregate  (cost=3584.46..3584.47 rows=1 width=8)
	  ->  Bitmap Heap Scan on sbtest4  (cost=33.88..3582.16 rows=921 width=121)
	        Recheck Cond: ((id >= 4792222) AND (id <= 4793221))
	        ->  Bitmap Index Scan on sbtest4_pkey  (cost=0.00..33.65 rows=921 width=0)
	              Index Cond: ((id >= 4792222) AND (id <= 4793221))

table 5 : explain SELECT count(c) FROM sbtest5 WHERE id BETWEEN 8028617 AND 8029616
	Aggregate  (cost=3849.16..3849.17 rows=1 width=8)
	  ->  Bitmap Heap Scan on sbtest5  (cost=34.59..3846.68 rows=991 width=121)
	        Recheck Cond: ((id >= 8028617) AND (id <= 8029616))
	        ->  Bitmap Index Scan on sbtest5_pkey  (cost=0.00..34.34 rows=991 width=0)
	              Index Cond: ((id >= 8028617) AND (id <= 8029616))

table 6 : explain SELECT count(c) FROM sbtest6 WHERE id BETWEEN 4688362 AND 4689361
	Aggregate  (cost=3600.21..3600.22 rows=1 width=8)
	  ->  Bitmap Heap Scan on sbtest6  (cost=33.93..3597.89 rows=926 width=121)
	        Recheck Cond: ((id >= 4688362) AND (id <= 4689361))
	        ->  Bitmap Index Scan on sbtest6_pkey  (cost=0.00..33.70 rows=926 width=0)
	              Index Cond: ((id >= 4688362) AND (id <= 4689361))

table 7 : explain SELECT count(c) FROM sbtest7 WHERE id BETWEEN 3260145 AND 3261144
	Aggregate  (cost=3659.11..3659.12 rows=1 width=8)
	  ->  Bitmap Heap Scan on sbtest7  (cost=34.08..3656.75 rows=941 width=121)
	        Recheck Cond: ((id >= 3260145) AND (id <= 3261144))
	        ->  Bitmap Index Scan on sbtest7_pkey  (cost=0.00..33.84 rows=941 width=0)
	              Index Cond: ((id >= 3260145) AND (id <= 3261144))

table 8 : explain SELECT count(c) FROM sbtest8 WHERE id BETWEEN 2222763 AND 2223762
	Aggregate  (cost=4153.79..4153.80 rows=1 width=8)
	  ->  Bitmap Heap Scan on sbtest8  (cost=35.43..4151.10 rows=1073 width=121)
	        Recheck Cond: ((id >= 2222763) AND (id <= 2223762))
	        ->  Bitmap Index Scan on sbtest8_pkey  (cost=0.00..35.17 rows=1073 width=0)
	              Index Cond: ((id >= 2222763) AND (id <= 2223762))

for: count_ranges
table 1 : explain SELECT count(c) FROM sbtest1 WHERE id BETWEEN 2338647 AND 2339646
	Aggregate  (cost=4547.43..4547.44 rows=1 width=8)
	  ->  Bitmap Heap Scan on sbtest1  (cost=40.50..4544.48 rows=1177 width=121)
	        Recheck Cond: ((id >= 2338647) AND (id <= 2339646))
	        ->  Bitmap Index Scan on sbtest1_pkey  (cost=0.00..40.20 rows=1177 width=0)
	              Index Cond: ((id >= 2338647) AND (id <= 2339646))

table 2 : explain SELECT count(c) FROM sbtest2 WHERE id BETWEEN 1916654 AND 1917653
	Aggregate  (cost=4314.14..4314.15 rows=1 width=8)
	  ->  Bitmap Heap Scan on sbtest2  (cost=39.87..4311.35 rows=1116 width=121)
	        Recheck Cond: ((id >= 1916654) AND (id <= 1917653))
	        ->  Bitmap Index Scan on sbtest2_pkey  (cost=0.00..39.59 rows=1116 width=0)
	              Index Cond: ((id >= 1916654) AND (id <= 1917653))

table 3 : explain SELECT count(c) FROM sbtest3 WHERE id BETWEEN 3689536 AND 3690535
	Aggregate  (cost=3939.91..3939.92 rows=1 width=8)
	  ->  Bitmap Heap Scan on sbtest3  (cost=34.84..3937.37 rows=1015 width=121)
	        Recheck Cond: ((id >= 3689536) AND (id <= 3690535))
	        ->  Bitmap Index Scan on sbtest3_pkey  (cost=0.00..34.59 rows=1015 width=0)
	              Index Cond: ((id >= 3689536) AND (id <= 3690535))

table 4 : explain SELECT count(c) FROM sbtest4 WHERE id BETWEEN 963845 AND 964844
	Aggregate  (cost=3694.33..3694.34 rows=1 width=8)
	  ->  Bitmap Heap Scan on sbtest4  (cost=34.17..3691.95 rows=950 width=121)
	        Recheck Cond: ((id >= 963845) AND (id <= 964844))
	        ->  Bitmap Index Scan on sbtest4_pkey  (cost=0.00..33.94 rows=950 width=0)
	              Index Cond: ((id >= 963845) AND (id <= 964844))

table 5 : explain SELECT count(c) FROM sbtest5 WHERE id BETWEEN 2611577 AND 2612576
	Aggregate  (cost=4056.93..4056.94 rows=1 width=8)
	  ->  Bitmap Heap Scan on sbtest5  (cost=35.16..4054.32 rows=1046 width=121)
	        Recheck Cond: ((id >= 2611577) AND (id <= 2612576))
	        ->  Bitmap Index Scan on sbtest5_pkey  (cost=0.00..34.90 rows=1046 width=0)
	              Index Cond: ((id >= 2611577) AND (id <= 2612576))

table 6 : explain SELECT count(c) FROM sbtest6 WHERE id BETWEEN 9846163 AND 9847162
	Aggregate  (cost=4354.83..4354.84 rows=1 width=8)
	  ->  Bitmap Heap Scan on sbtest6  (cost=39.97..4352.02 rows=1125 width=121)
	        Recheck Cond: ((id >= 9846163) AND (id <= 9847162))
	        ->  Bitmap Index Scan on sbtest6_pkey  (cost=0.00..39.69 rows=1125 width=0)
	              Index Cond: ((id >= 9846163) AND (id <= 9847162))

table 7 : explain SELECT count(c) FROM sbtest7 WHERE id BETWEEN 8342813 AND 8343812
	Aggregate  (cost=3893.60..3893.61 rows=1 width=8)
	  ->  Bitmap Heap Scan on sbtest7  (cost=34.72..3891.09 rows=1003 width=121)
	        Recheck Cond: ((id >= 8342813) AND (id <= 8343812))
	        ->  Bitmap Index Scan on sbtest7_pkey  (cost=0.00..34.47 rows=1003 width=0)
	              Index Cond: ((id >= 8342813) AND (id <= 8343812))

table 8 : explain SELECT count(c) FROM sbtest8 WHERE id BETWEEN 5084690 AND 5085689
	Aggregate  (cost=3837.16..3837.17 rows=1 width=8)
	  ->  Bitmap Heap Scan on sbtest8  (cost=34.57..3834.69 rows=989 width=121)
	        Recheck Cond: ((id >= 5084690) AND (id <= 5085689))
	        ->  Bitmap Index Scan on sbtest8_pkey  (cost=0.00..34.33 rows=989 width=0)
	              Index Cond: ((id >= 5084690) AND (id <= 5085689))

for: count_ranges
table 1 : explain SELECT count(c) FROM sbtest1 WHERE id BETWEEN 8734382 AND 8735381
	Aggregate  (cost=3801.35..3801.36 rows=1 width=8)
	  ->  Bitmap Heap Scan on sbtest1  (cost=34.47..3798.90 rows=979 width=121)
	        Recheck Cond: ((id >= 8734382) AND (id <= 8735381))
	        ->  Bitmap Index Scan on sbtest1_pkey  (cost=0.00..34.23 rows=979 width=0)
	              Index Cond: ((id >= 8734382) AND (id <= 8735381))

table 2 : explain SELECT count(c) FROM sbtest2 WHERE id BETWEEN 7093789 AND 7094788
	Aggregate  (cost=3275.78..3275.79 rows=1 width=8)
	  ->  Bitmap Heap Scan on sbtest2  (cost=29.07..3273.68 rows=842 width=121)
	        Recheck Cond: ((id >= 7093789) AND (id <= 7094788))
	        ->  Bitmap Index Scan on sbtest2_pkey  (cost=0.00..28.86 rows=842 width=0)
	              Index Cond: ((id >= 7093789) AND (id <= 7094788))

table 3 : explain SELECT count(c) FROM sbtest3 WHERE id BETWEEN 5931632 AND 5932631
	Aggregate  (cost=3826.50..3826.51 rows=1 width=8)
	  ->  Bitmap Heap Scan on sbtest3  (cost=34.53..3824.04 rows=985 width=121)
	        Recheck Cond: ((id >= 5931632) AND (id <= 5932631))
	        ->  Bitmap Index Scan on sbtest3_pkey  (cost=0.00..34.29 rows=985 width=0)
	              Index Cond: ((id >= 5931632) AND (id <= 5932631))

table 4 : explain SELECT count(c) FROM sbtest4 WHERE id BETWEEN 9957211 AND 9958210
	Aggregate  (cost=3656.46..3656.47 rows=1 width=8)
	  ->  Bitmap Heap Scan on sbtest4  (cost=34.07..3654.11 rows=940 width=121)
	        Recheck Cond: ((id >= 9957211) AND (id <= 9958210))
	        ->  Bitmap Index Scan on sbtest4_pkey  (cost=0.00..33.84 rows=940 width=0)
	              Index Cond: ((id >= 9957211) AND (id <= 9958210))

table 5 : explain SELECT count(c) FROM sbtest5 WHERE id BETWEEN 8050179 AND 8051178
	Aggregate  (cost=3849.16..3849.17 rows=1 width=8)
	  ->  Bitmap Heap Scan on sbtest5  (cost=34.59..3846.68 rows=991 width=121)
	        Recheck Cond: ((id >= 8050179) AND (id <= 8051178))
	        ->  Bitmap Index Scan on sbtest5_pkey  (cost=0.00..34.34 rows=991 width=0)
	              Index Cond: ((id >= 8050179) AND (id <= 8051178))

table 6 : explain SELECT count(c) FROM sbtest6 WHERE id BETWEEN 9185883 AND 9186882
	Aggregate  (cost=4200.35..4200.36 rows=1 width=8)
	  ->  Bitmap Heap Scan on sbtest6  (cost=35.56..4197.64 rows=1085 width=121)
	        Recheck Cond: ((id >= 9185883) AND (id <= 9186882))
	        ->  Bitmap Index Scan on sbtest6_pkey  (cost=0.00..35.29 rows=1085 width=0)
	              Index Cond: ((id >= 9185883) AND (id <= 9186882))

table 7 : explain SELECT count(c) FROM sbtest7 WHERE id BETWEEN 1839614 AND 1840613
	Aggregate  (cost=3965.36..3965.37 rows=1 width=8)
	  ->  Bitmap Heap Scan on sbtest7  (cost=34.91..3962.81 rows=1022 width=121)
	        Recheck Cond: ((id >= 1839614) AND (id <= 1840613))
	        ->  Bitmap Index Scan on sbtest7_pkey  (cost=0.00..34.66 rows=1022 width=0)
	              Index Cond: ((id >= 1839614) AND (id <= 1840613))

table 8 : explain SELECT count(c) FROM sbtest8 WHERE id BETWEEN 5688524 AND 5689523
	Aggregate  (cost=4044.58..4044.59 rows=1 width=8)
	  ->  Bitmap Heap Scan on sbtest8  (cost=35.14..4041.97 rows=1044 width=121)
	        Recheck Cond: ((id >= 5688524) AND (id <= 5689523))
	        ->  Bitmap Index Scan on sbtest8_pkey  (cost=0.00..34.88 rows=1044 width=0)
	              Index Cond: ((id >= 5688524) AND (id <= 5689523))

for: count_ranges
table 1 : explain SELECT count(c) FROM sbtest1 WHERE id BETWEEN 7595802 AND 7596801
	Aggregate  (cost=3759.77..3759.78 rows=1 width=8)
	  ->  Bitmap Heap Scan on sbtest1  (cost=34.36..3757.35 rows=968 width=121)
	        Recheck Cond: ((id >= 7595802) AND (id <= 7596801))
	        ->  Bitmap Index Scan on sbtest1_pkey  (cost=0.00..34.12 rows=968 width=0)
	              Index Cond: ((id >= 7595802) AND (id <= 7596801))

table 2 : explain SELECT count(c) FROM sbtest2 WHERE id BETWEEN 257996 AND 258995
	Aggregate  (cost=3971.50..3971.51 rows=1 width=8)
	  ->  Bitmap Heap Scan on sbtest2  (cost=34.94..3968.94 rows=1025 width=121)
	        Recheck Cond: ((id >= 257996) AND (id <= 258995))
	        ->  Bitmap Index Scan on sbtest2_pkey  (cost=0.00..34.69 rows=1025 width=0)
	              Index Cond: ((id >= 257996) AND (id <= 258995))

table 3 : explain SELECT count(c) FROM sbtest3 WHERE id BETWEEN 1549938 AND 1550937
	Aggregate  (cost=4019.22..4019.23 rows=1 width=8)
	  ->  Bitmap Heap Scan on sbtest3  (cost=35.05..4016.63 rows=1036 width=121)
	        Recheck Cond: ((id >= 1549938) AND (id <= 1550937))
	        ->  Bitmap Index Scan on sbtest3_pkey  (cost=0.00..34.80 rows=1036 width=0)
	              Index Cond: ((id >= 1549938) AND (id <= 1550937))

table 4 : explain SELECT count(c) FROM sbtest4 WHERE id BETWEEN 4649113 AND 4650112
	Aggregate  (cost=3838.14..3838.15 rows=1 width=8)
	  ->  Bitmap Heap Scan on sbtest4  (cost=34.56..3835.67 rows=988 width=121)
	        Recheck Cond: ((id >= 4649113) AND (id <= 4650112))
	        ->  Bitmap Index Scan on sbtest4_pkey  (cost=0.00..34.32 rows=988 width=0)
	              Index Cond: ((id >= 4649113) AND (id <= 4650112))

table 5 : explain SELECT count(c) FROM sbtest5 WHERE id BETWEEN 7913020 AND 7914019
	Aggregate  (cost=4007.85..4007.86 rows=1 width=8)
	  ->  Bitmap Heap Scan on sbtest5  (cost=35.02..4005.27 rows=1033 width=121)
	        Recheck Cond: ((id >= 7913020) AND (id <= 7914019))
	        ->  Bitmap Index Scan on sbtest5_pkey  (cost=0.00..34.77 rows=1033 width=0)
	              Index Cond: ((id >= 7913020) AND (id <= 7914019))

table 6 : explain SELECT count(c) FROM sbtest6 WHERE id BETWEEN 3965232 AND 3966231
	Aggregate  (cost=3925.21..3925.22 rows=1 width=8)
	  ->  Bitmap Heap Scan on sbtest6  (cost=34.81..3922.68 rows=1012 width=121)
	        Recheck Cond: ((id >= 3965232) AND (id <= 3966231))
	        ->  Bitmap Index Scan on sbtest6_pkey  (cost=0.00..34.56 rows=1012 width=0)
	              Index Cond: ((id >= 3965232) AND (id <= 3966231))

table 7 : explain SELECT count(c) FROM sbtest7 WHERE id BETWEEN 7175877 AND 7176876
	Aggregate  (cost=3518.72..3518.73 rows=1 width=8)
	  ->  Bitmap Heap Scan on sbtest7  (cost=29.71..3516.46 rows=905 width=121)
	        Recheck Cond: ((id >= 7175877) AND (id <= 7176876))
	        ->  Bitmap Index Scan on sbtest7_pkey  (cost=0.00..29.48 rows=905 width=0)
	              Index Cond: ((id >= 7175877) AND (id <= 7176876))

table 8 : explain SELECT count(c) FROM sbtest8 WHERE id BETWEEN 1894132 AND 1895131
	Aggregate  (cost=3776.75..3776.76 rows=1 width=8)
	  ->  Bitmap Heap Scan on sbtest8  (cost=34.41..3774.32 rows=973 width=121)
	        Recheck Cond: ((id >= 1894132) AND (id <= 1895131))
	        ->  Bitmap Index Scan on sbtest8_pkey  (cost=0.00..34.17 rows=973 width=0)
	              Index Cond: ((id >= 1894132) AND (id <= 1895131))

for: count_ranges
table 1 : explain SELECT count(c) FROM sbtest1 WHERE id BETWEEN 6311596 AND 6312595
	Aggregate  (cost=3646.31..3646.32 rows=1 width=8)
	  ->  Bitmap Heap Scan on sbtest1  (cost=34.05..3643.96 rows=938 width=121)
	        Recheck Cond: ((id >= 6311596) AND (id <= 6312595))
	        ->  Bitmap Index Scan on sbtest1_pkey  (cost=0.00..33.82 rows=938 width=0)
	              Index Cond: ((id >= 6311596) AND (id <= 6312595))

table 2 : explain SELECT count(c) FROM sbtest2 WHERE id BETWEEN 981500 AND 982499
	Aggregate  (cost=4088.25..4088.26 rows=1 width=8)
	  ->  Bitmap Heap Scan on sbtest2  (cost=35.26..4085.61 rows=1056 width=121)
	        Recheck Cond: ((id >= 981500) AND (id <= 982499))
	        ->  Bitmap Index Scan on sbtest2_pkey  (cost=0.00..35.00 rows=1056 width=0)
	              Index Cond: ((id >= 981500) AND (id <= 982499))

table 3 : explain SELECT count(c) FROM sbtest3 WHERE id BETWEEN 6602759 AND 6603758
	Aggregate  (cost=3928.57..3928.58 rows=1 width=8)
	  ->  Bitmap Heap Scan on sbtest3  (cost=34.81..3926.04 rows=1012 width=121)
	        Recheck Cond: ((id >= 6602759) AND (id <= 6603758))
	        ->  Bitmap Index Scan on sbtest3_pkey  (cost=0.00..34.56 rows=1012 width=0)
	              Index Cond: ((id >= 6602759) AND (id <= 6603758))

table 4 : explain SELECT count(c) FROM sbtest4 WHERE id BETWEEN 6553437 AND 6554436
	Aggregate  (cost=3773.82..3773.83 rows=1 width=8)
	  ->  Bitmap Heap Scan on sbtest4  (cost=34.39..3771.40 rows=971 width=121)
	        Recheck Cond: ((id >= 6553437) AND (id <= 6554436))
	        ->  Bitmap Index Scan on sbtest4_pkey  (cost=0.00..34.15 rows=971 width=0)
	              Index Cond: ((id >= 6553437) AND (id <= 6554436))

table 5 : explain SELECT count(c) FROM sbtest5 WHERE id BETWEEN 143595 AND 144594
	Aggregate  (cost=3807.56..3807.57 rows=1 width=8)
	  ->  Bitmap Heap Scan on sbtest5  (cost=34.48..3805.11 rows=980 width=121)
	        Recheck Cond: ((id >= 143595) AND (id <= 144594))
	        ->  Bitmap Index Scan on sbtest5_pkey  (cost=0.00..34.23 rows=980 width=0)
	              Index Cond: ((id >= 143595) AND (id <= 144594))

table 6 : explain SELECT count(c) FROM sbtest6 WHERE id BETWEEN 8504314 AND 8505313
	Aggregate  (cost=4057.21..4057.22 rows=1 width=8)
	  ->  Bitmap Heap Scan on sbtest6  (cost=35.17..4054.59 rows=1047 width=121)
	        Recheck Cond: ((id >= 8504314) AND (id <= 8505313))
	        ->  Bitmap Index Scan on sbtest6_pkey  (cost=0.00..34.91 rows=1047 width=0)
	              Index Cond: ((id >= 8504314) AND (id <= 8505313))

table 7 : explain SELECT count(c) FROM sbtest7 WHERE id BETWEEN 1788765 AND 1789764
	Aggregate  (cost=3965.36..3965.37 rows=1 width=8)
	  ->  Bitmap Heap Scan on sbtest7  (cost=34.91..3962.81 rows=1022 width=121)
	        Recheck Cond: ((id >= 1788765) AND (id <= 1789764))
	        ->  Bitmap Index Scan on sbtest7_pkey  (cost=0.00..34.66 rows=1022 width=0)
	              Index Cond: ((id >= 1788765) AND (id <= 1789764))

table 8 : explain SELECT count(c) FROM sbtest8 WHERE id BETWEEN 6568930 AND 6569929
	Aggregate  (cost=3496.70..3496.71 rows=1 width=8)
	  ->  Bitmap Heap Scan on sbtest8  (cost=29.66..3494.45 rows=900 width=121)
	        Recheck Cond: ((id >= 6568930) AND (id <= 6569929))
	        ->  Bitmap Index Scan on sbtest8_pkey  (cost=0.00..29.43 rows=900 width=0)
	              Index Cond: ((id >= 6568930) AND (id <= 6569929))

for: count_ranges
table 1 : explain SELECT count(c) FROM sbtest1 WHERE id BETWEEN 9984439 AND 9985438
	Aggregate  (cost=3888.23..3888.24 rows=1 width=8)
	  ->  Bitmap Heap Scan on sbtest1  (cost=34.71..3885.72 rows=1002 width=121)
	        Recheck Cond: ((id >= 9984439) AND (id <= 9985438))
	        ->  Bitmap Index Scan on sbtest1_pkey  (cost=0.00..34.45 rows=1002 width=0)
	              Index Cond: ((id >= 9984439) AND (id <= 9985438))

table 2 : explain SELECT count(c) FROM sbtest2 WHERE id BETWEEN 8692987 AND 8693986
	Aggregate  (cost=4186.07..4186.08 rows=1 width=8)
	  ->  Bitmap Heap Scan on sbtest2  (cost=35.53..4183.36 rows=1082 width=121)
	        Recheck Cond: ((id >= 8692987) AND (id <= 8693986))
	        ->  Bitmap Index Scan on sbtest2_pkey  (cost=0.00..35.26 rows=1082 width=0)
	              Index Cond: ((id >= 8692987) AND (id <= 8693986))

table 3 : explain SELECT count(c) FROM sbtest3 WHERE id BETWEEN 528805 AND 529804
	Aggregate  (cost=3591.78..3591.79 rows=1 width=8)
	  ->  Bitmap Heap Scan on sbtest3  (cost=33.90..3589.47 rows=923 width=121)
	        Recheck Cond: ((id >= 528805) AND (id <= 529804))
	        ->  Bitmap Index Scan on sbtest3_pkey  (cost=0.00..33.67 rows=923 width=0)
	              Index Cond: ((id >= 528805) AND (id <= 529804))

table 4 : explain SELECT count(c) FROM sbtest4 WHERE id BETWEEN 2643218 AND 2644217
	Aggregate  (cost=3732.19..3732.20 rows=1 width=8)
	  ->  Bitmap Heap Scan on sbtest4  (cost=34.28..3729.79 rows=960 width=121)
	        Recheck Cond: ((id >= 2643218) AND (id <= 2644217))
	        ->  Bitmap Index Scan on sbtest4_pkey  (cost=0.00..34.04 rows=960 width=0)
	              Index Cond: ((id >= 2643218) AND (id <= 2644217))

table 5 : explain SELECT count(c) FROM sbtest5 WHERE id BETWEEN 2460807 AND 2461806
	Aggregate  (cost=3735.67..3735.68 rows=1 width=8)
	  ->  Bitmap Heap Scan on sbtest5  (cost=34.29..3733.26 rows=961 width=121)
	        Recheck Cond: ((id >= 2460807) AND (id <= 2461806))
	        ->  Bitmap Index Scan on sbtest5_pkey  (cost=0.00..34.05 rows=961 width=0)
	              Index Cond: ((id >= 2460807) AND (id <= 2461806))

table 6 : explain SELECT count(c) FROM sbtest6 WHERE id BETWEEN 8799916 AND 8800915
	Aggregate  (cost=4230.46..4230.47 rows=1 width=8)
	  ->  Bitmap Heap Scan on sbtest6  (cost=35.64..4227.73 rows=1093 width=121)
	        Recheck Cond: ((id >= 8799916) AND (id <= 8800915))
	        ->  Bitmap Index Scan on sbtest6_pkey  (cost=0.00..35.37 rows=1093 width=0)
	              Index Cond: ((id >= 8799916) AND (id <= 8800915))

table 7 : explain SELECT count(c) FROM sbtest7 WHERE id BETWEEN 2087808 AND 2088807
	Aggregate  (cost=3757.50..3757.51 rows=1 width=8)
	  ->  Bitmap Heap Scan on sbtest7  (cost=34.35..3755.08 rows=967 width=121)
	        Recheck Cond: ((id >= 2087808) AND (id <= 2088807))
	        ->  Bitmap Index Scan on sbtest7_pkey  (cost=0.00..34.11 rows=967 width=0)
	              Index Cond: ((id >= 2087808) AND (id <= 2088807))

table 8 : explain SELECT count(c) FROM sbtest8 WHERE id BETWEEN 1718007 AND 1719006
	Aggregate  (cost=3674.73..3674.74 rows=1 width=8)
	  ->  Bitmap Heap Scan on sbtest8  (cost=34.13..3672.37 rows=946 width=121)
	        Recheck Cond: ((id >= 1718007) AND (id <= 1719006))
	        ->  Bitmap Index Scan on sbtest8_pkey  (cost=0.00..33.90 rows=946 width=0)
	              Index Cond: ((id >= 1718007) AND (id <= 1719006))

for: count_ranges
table 1 : explain SELECT count(c) FROM sbtest1 WHERE id BETWEEN 585558 AND 586557
	Aggregate  (cost=4031.63..4031.64 rows=1 width=8)
	  ->  Bitmap Heap Scan on sbtest1  (cost=35.09..4029.03 rows=1040 width=121)
	        Recheck Cond: ((id >= 585558) AND (id <= 586557))
	        ->  Bitmap Index Scan on sbtest1_pkey  (cost=0.00..34.84 rows=1040 width=0)
	              Index Cond: ((id >= 585558) AND (id <= 586557))

table 2 : explain SELECT count(c) FROM sbtest2 WHERE id BETWEEN 6833122 AND 6834121
	Aggregate  (cost=3798.04..3798.05 rows=1 width=8)
	  ->  Bitmap Heap Scan on sbtest2  (cost=34.47..3795.60 rows=979 width=121)
	        Recheck Cond: ((id >= 6833122) AND (id <= 6834121))
	        ->  Bitmap Index Scan on sbtest2_pkey  (cost=0.00..34.23 rows=979 width=0)
	              Index Cond: ((id >= 6833122) AND (id <= 6834121))

table 3 : explain SELECT count(c) FROM sbtest3 WHERE id BETWEEN 4599144 AND 4600143
	Aggregate  (cost=3584.20..3584.21 rows=1 width=8)
	  ->  Bitmap Heap Scan on sbtest3  (cost=33.88..3581.90 rows=921 width=121)
	        Recheck Cond: ((id >= 4599144) AND (id <= 4600143))
	        ->  Bitmap Index Scan on sbtest3_pkey  (cost=0.00..33.65 rows=921 width=0)
	              Index Cond: ((id >= 4599144) AND (id <= 4600143))

table 4 : explain SELECT count(c) FROM sbtest4 WHERE id BETWEEN 1339771 AND 1340770
	Aggregate  (cost=4102.57..4102.58 rows=1 width=8)
	  ->  Bitmap Heap Scan on sbtest4  (cost=35.28..4099.93 rows=1058 width=121)
	        Recheck Cond: ((id >= 1339771) AND (id <= 1340770))
	        ->  Bitmap Index Scan on sbtest4_pkey  (cost=0.00..35.02 rows=1058 width=0)
	              Index Cond: ((id >= 1339771) AND (id <= 1340770))

table 5 : explain SELECT count(c) FROM sbtest5 WHERE id BETWEEN 1251956 AND 1252955
	Aggregate  (cost=3920.97..3920.98 rows=1 width=8)
	  ->  Bitmap Heap Scan on sbtest5  (cost=34.79..3918.45 rows=1010 width=121)
	        Recheck Cond: ((id >= 1251956) AND (id <= 1252955))
	        ->  Bitmap Index Scan on sbtest5_pkey  (cost=0.00..34.54 rows=1010 width=0)
	              Index Cond: ((id >= 1251956) AND (id <= 1252955))

table 6 : explain SELECT count(c) FROM sbtest6 WHERE id BETWEEN 6844016 AND 6845015
	Aggregate  (cost=3940.30..3940.31 rows=1 width=8)
	  ->  Bitmap Heap Scan on sbtest6  (cost=34.85..3937.76 rows=1016 width=121)
	        Recheck Cond: ((id >= 6844016) AND (id <= 6845015))
	        ->  Bitmap Index Scan on sbtest6_pkey  (cost=0.00..34.59 rows=1016 width=0)
	              Index Cond: ((id >= 6844016) AND (id <= 6845015))

table 7 : explain SELECT count(c) FROM sbtest7 WHERE id BETWEEN 6317598 AND 6318597
	Aggregate  (cost=4037.08..4037.09 rows=1 width=8)
	  ->  Bitmap Heap Scan on sbtest7  (cost=35.11..4034.48 rows=1041 width=121)
	        Recheck Cond: ((id >= 6317598) AND (id <= 6318597))
	        ->  Bitmap Index Scan on sbtest7_pkey  (cost=0.00..34.84 rows=1041 width=0)
	              Index Cond: ((id >= 6317598) AND (id <= 6318597))

table 8 : explain SELECT count(c) FROM sbtest8 WHERE id BETWEEN 3903773 AND 3904772
	Aggregate  (cost=4161.31..4161.32 rows=1 width=8)
	  ->  Bitmap Heap Scan on sbtest8  (cost=35.45..4158.63 rows=1075 width=121)
	        Recheck Cond: ((id >= 3903773) AND (id <= 3904772))
	        ->  Bitmap Index Scan on sbtest8_pkey  (cost=0.00..35.19 rows=1075 width=0)
	              Index Cond: ((id >= 3903773) AND (id <= 3904772))

for: count_ranges
table 1 : explain SELECT count(c) FROM sbtest1 WHERE id BETWEEN 2181868 AND 2182867
	Aggregate  (cost=3669.01..3669.02 rows=1 width=8)
	  ->  Bitmap Heap Scan on sbtest1  (cost=34.11..3666.65 rows=944 width=121)
	        Recheck Cond: ((id >= 2181868) AND (id <= 2182867))
	        ->  Bitmap Index Scan on sbtest1_pkey  (cost=0.00..33.88 rows=944 width=0)
	              Index Cond: ((id >= 2181868) AND (id <= 2182867))

table 2 : explain SELECT count(c) FROM sbtest2 WHERE id BETWEEN 127492 AND 128491
	Aggregate  (cost=4099.54..4099.55 rows=1 width=8)
	  ->  Bitmap Heap Scan on sbtest2  (cost=35.29..4096.89 rows=1059 width=121)
	        Recheck Cond: ((id >= 127492) AND (id <= 128491))
	        ->  Bitmap Index Scan on sbtest2_pkey  (cost=0.00..35.03 rows=1059 width=0)
	              Index Cond: ((id >= 127492) AND (id <= 128491))

table 3 : explain SELECT count(c) FROM sbtest3 WHERE id BETWEEN 8730285 AND 8731284
	Aggregate  (cost=3871.88..3871.89 rows=1 width=8)
	  ->  Bitmap Heap Scan on sbtest3  (cost=34.65..3869.39 rows=997 width=121)
	        Recheck Cond: ((id >= 8730285) AND (id <= 8731284))
	        ->  Bitmap Index Scan on sbtest3_pkey  (cost=0.00..34.41 rows=997 width=0)
	              Index Cond: ((id >= 8730285) AND (id <= 8731284))

table 4 : explain SELECT count(c) FROM sbtest4 WHERE id BETWEEN 292853 AND 293852
	Aggregate  (cost=3857.04..3857.05 rows=1 width=8)
	  ->  Bitmap Heap Scan on sbtest4  (cost=34.61..3854.56 rows=993 width=121)
	        Recheck Cond: ((id >= 292853) AND (id <= 293852))
	        ->  Bitmap Index Scan on sbtest4_pkey  (cost=0.00..34.37 rows=993 width=0)
	              Index Cond: ((id >= 292853) AND (id <= 293852))

table 5 : explain SELECT count(c) FROM sbtest5 WHERE id BETWEEN 285187 AND 286186
	Aggregate  (cost=3954.98..3954.99 rows=1 width=8)
	  ->  Bitmap Heap Scan on sbtest5  (cost=34.88..3952.43 rows=1019 width=121)
	        Recheck Cond: ((id >= 285187) AND (id <= 286186))
	        ->  Bitmap Index Scan on sbtest5_pkey  (cost=0.00..34.62 rows=1019 width=0)
	              Index Cond: ((id >= 285187) AND (id <= 286186))

table 6 : explain SELECT count(c) FROM sbtest6 WHERE id BETWEEN 4945512 AND 4946511
	Aggregate  (cost=3687.22..3687.23 rows=1 width=8)
	  ->  Bitmap Heap Scan on sbtest6  (cost=34.16..3684.85 rows=949 width=121)
	        Recheck Cond: ((id >= 4945512) AND (id <= 4946511))
	        ->  Bitmap Index Scan on sbtest6_pkey  (cost=0.00..33.93 rows=949 width=0)
	              Index Cond: ((id >= 4945512) AND (id <= 4946511))

table 7 : explain SELECT count(c) FROM sbtest7 WHERE id BETWEEN 5169110 AND 5170109
	Aggregate  (cost=3859.59..3859.60 rows=1 width=8)
	  ->  Bitmap Heap Scan on sbtest7  (cost=34.62..3857.11 rows=994 width=121)
	        Recheck Cond: ((id >= 5169110) AND (id <= 5170109))
	        ->  Bitmap Index Scan on sbtest7_pkey  (cost=0.00..34.38 rows=994 width=0)
	              Index Cond: ((id >= 5169110) AND (id <= 5170109))

table 8 : explain SELECT count(c) FROM sbtest8 WHERE id BETWEEN 2718050 AND 2719049
	Aggregate  (cost=3882.45..3882.46 rows=1 width=8)
	  ->  Bitmap Heap Scan on sbtest8  (cost=34.70..3879.95 rows=1001 width=121)
	        Recheck Cond: ((id >= 2718050) AND (id <= 2719049))
	        ->  Bitmap Index Scan on sbtest8_pkey  (cost=0.00..34.45 rows=1001 width=0)
	              Index Cond: ((id >= 2718050) AND (id <= 2719049))

for: count_ranges
table 1 : explain SELECT count(c) FROM sbtest1 WHERE id BETWEEN 2351973 AND 2352972
	Aggregate  (cost=4547.43..4547.44 rows=1 width=8)
	  ->  Bitmap Heap Scan on sbtest1  (cost=40.50..4544.48 rows=1177 width=121)
	        Recheck Cond: ((id >= 2351973) AND (id <= 2352972))
	        ->  Bitmap Index Scan on sbtest1_pkey  (cost=0.00..40.20 rows=1177 width=0)
	              Index Cond: ((id >= 2351973) AND (id <= 2352972))

table 2 : explain SELECT count(c) FROM sbtest2 WHERE id BETWEEN 7328472 AND 7329471
	Aggregate  (cost=4020.47..4020.48 rows=1 width=8)
	  ->  Bitmap Heap Scan on sbtest2  (cost=35.07..4017.88 rows=1038 width=121)
	        Recheck Cond: ((id >= 7328472) AND (id <= 7329471))
	        ->  Bitmap Index Scan on sbtest2_pkey  (cost=0.00..34.82 rows=1038 width=0)
	              Index Cond: ((id >= 7328472) AND (id <= 7329471))

table 3 : explain SELECT count(c) FROM sbtest3 WHERE id BETWEEN 5249532 AND 5250531
	Aggregate  (cost=4132.43..4132.44 rows=1 width=8)
	  ->  Bitmap Heap Scan on sbtest3  (cost=35.36..4129.77 rows=1066 width=121)
	        Recheck Cond: ((id >= 5249532) AND (id <= 5250531))
	        ->  Bitmap Index Scan on sbtest3_pkey  (cost=0.00..35.09 rows=1066 width=0)
	              Index Cond: ((id >= 5249532) AND (id <= 5250531))

table 4 : explain SELECT count(c) FROM sbtest4 WHERE id BETWEEN 3025708 AND 3026707
	Aggregate  (cost=3478.07..3478.08 rows=1 width=8)
	  ->  Bitmap Heap Scan on sbtest4  (cost=29.60..3475.84 rows=894 width=121)
	        Recheck Cond: ((id >= 3025708) AND (id <= 3026707))
	        ->  Bitmap Index Scan on sbtest4_pkey  (cost=0.00..29.37 rows=894 width=0)
	              Index Cond: ((id >= 3025708) AND (id <= 3026707))

table 5 : explain SELECT count(c) FROM sbtest5 WHERE id BETWEEN 945167 AND 946166
	Aggregate  (cost=3849.16..3849.17 rows=1 width=8)
	  ->  Bitmap Heap Scan on sbtest5  (cost=34.59..3846.68 rows=991 width=121)
	        Recheck Cond: ((id >= 945167) AND (id <= 946166))
	        ->  Bitmap Index Scan on sbtest5_pkey  (cost=0.00..34.34 rows=991 width=0)
	              Index Cond: ((id >= 945167) AND (id <= 946166))

table 6 : explain SELECT count(c) FROM sbtest6 WHERE id BETWEEN 4017100 AND 4018099
	Aggregate  (cost=3630.48..3630.49 rows=1 width=8)
	  ->  Bitmap Heap Scan on sbtest6  (cost=34.01..3628.15 rows=934 width=121)
	        Recheck Cond: ((id >= 4017100) AND (id <= 4018099))
	        ->  Bitmap Index Scan on sbtest6_pkey  (cost=0.00..33.78 rows=934 width=0)
	              Index Cond: ((id >= 4017100) AND (id <= 4018099))

table 7 : explain SELECT count(c) FROM sbtest7 WHERE id BETWEEN 5737016 AND 5738015
	Aggregate  (cost=3450.47..3450.48 rows=1 width=8)
	  ->  Bitmap Heap Scan on sbtest7  (cost=29.53..3448.25 rows=887 width=121)
	        Recheck Cond: ((id >= 5737016) AND (id <= 5738015))
	        ->  Bitmap Index Scan on sbtest7_pkey  (cost=0.00..29.30 rows=887 width=0)
	              Index Cond: ((id >= 5737016) AND (id <= 5738015))

table 8 : explain SELECT count(c) FROM sbtest8 WHERE id BETWEEN 3614034 AND 3615033
	Aggregate  (cost=4131.20..4131.21 rows=1 width=8)
	  ->  Bitmap Heap Scan on sbtest8  (cost=35.37..4128.53 rows=1067 width=121)
	        Recheck Cond: ((id >= 3614034) AND (id <= 3615033))
	        ->  Bitmap Index Scan on sbtest8_pkey  (cost=0.00..35.11 rows=1067 width=0)
	              Index Cond: ((id >= 3614034) AND (id <= 3615033))

for: count_ranges
table 1 : explain SELECT count(c) FROM sbtest1 WHERE id BETWEEN 5468501 AND 5469500
	Aggregate  (cost=3850.46..3850.47 rows=1 width=8)
	  ->  Bitmap Heap Scan on sbtest1  (cost=34.60..3847.98 rows=992 width=121)
	        Recheck Cond: ((id >= 5468501) AND (id <= 5469500))
	        ->  Bitmap Index Scan on sbtest1_pkey  (cost=0.00..34.36 rows=992 width=0)
	              Index Cond: ((id >= 5468501) AND (id <= 5469500))

table 2 : explain SELECT count(c) FROM sbtest2 WHERE id BETWEEN 4652159 AND 4653158
	Aggregate  (cost=4201.11..4201.12 rows=1 width=8)
	  ->  Bitmap Heap Scan on sbtest2  (cost=35.57..4198.40 rows=1086 width=121)
	        Recheck Cond: ((id >= 4652159) AND (id <= 4653158))
	        ->  Bitmap Index Scan on sbtest2_pkey  (cost=0.00..35.30 rows=1086 width=0)
	              Index Cond: ((id >= 4652159) AND (id <= 4653158))

table 3 : explain SELECT count(c) FROM sbtest3 WHERE id BETWEEN 1389973 AND 1390972
	Aggregate  (cost=3917.23..3917.24 rows=1 width=8)
	  ->  Bitmap Heap Scan on sbtest3  (cost=34.78..3914.71 rows=1009 width=121)
	        Recheck Cond: ((id >= 1389973) AND (id <= 1390972))
	        ->  Bitmap Index Scan on sbtest3_pkey  (cost=0.00..34.53 rows=1009 width=0)
	              Index Cond: ((id >= 1389973) AND (id <= 1390972))

table 4 : explain SELECT count(c) FROM sbtest4 WHERE id BETWEEN 6588180 AND 6589179
	Aggregate  (cost=3773.82..3773.83 rows=1 width=8)
	  ->  Bitmap Heap Scan on sbtest4  (cost=34.39..3771.40 rows=971 width=121)
	        Recheck Cond: ((id >= 6588180) AND (id <= 6589179))
	        ->  Bitmap Index Scan on sbtest4_pkey  (cost=0.00..34.15 rows=971 width=0)
	              Index Cond: ((id >= 6588180) AND (id <= 6589179))

table 5 : explain SELECT count(c) FROM sbtest5 WHERE id BETWEEN 6271865 AND 6272864
	Aggregate  (cost=3811.34..3811.35 rows=1 width=8)
	  ->  Bitmap Heap Scan on sbtest5  (cost=34.49..3808.89 rows=981 width=121)
	        Recheck Cond: ((id >= 6271865) AND (id <= 6272864))
	        ->  Bitmap Index Scan on sbtest5_pkey  (cost=0.00..34.25 rows=981 width=0)
	              Index Cond: ((id >= 6271865) AND (id <= 6272864))

table 6 : explain SELECT count(c) FROM sbtest6 WHERE id BETWEEN 4583227 AND 4584226
	Aggregate  (cost=3793.05..3793.06 rows=1 width=8)
	  ->  Bitmap Heap Scan on sbtest6  (cost=34.45..3790.61 rows=977 width=121)
	        Recheck Cond: ((id >= 4583227) AND (id <= 4584226))
	        ->  Bitmap Index Scan on sbtest6_pkey  (cost=0.00..34.20 rows=977 width=0)
	              Index Cond: ((id >= 4583227) AND (id <= 4584226))

table 7 : explain SELECT count(c) FROM sbtest7 WHERE id BETWEEN 878879 AND 879878
	Aggregate  (cost=3999.34..3999.35 rows=1 width=8)
	  ->  Bitmap Heap Scan on sbtest7  (cost=35.00..3996.76 rows=1031 width=121)
	        Recheck Cond: ((id >= 878879) AND (id <= 879878))
	        ->  Bitmap Index Scan on sbtest7_pkey  (cost=0.00..34.75 rows=1031 width=0)
	              Index Cond: ((id >= 878879) AND (id <= 879878))

table 8 : explain SELECT count(c) FROM sbtest8 WHERE id BETWEEN 7253212 AND 7254211
	Aggregate  (cost=3788.08..3788.09 rows=1 width=8)
	  ->  Bitmap Heap Scan on sbtest8  (cost=34.44..3785.64 rows=976 width=121)
	        Recheck Cond: ((id >= 7253212) AND (id <= 7254211))
	        ->  Bitmap Index Scan on sbtest8_pkey  (cost=0.00..34.20 rows=976 width=0)
	              Index Cond: ((id >= 7253212) AND (id <= 7254211))

for: count_ranges
table 1 : explain SELECT count(c) FROM sbtest1 WHERE id BETWEEN 1290633 AND 1291632
	Aggregate  (cost=3604.67..3604.68 rows=1 width=8)
	  ->  Bitmap Heap Scan on sbtest1  (cost=33.94..3602.35 rows=927 width=121)
	        Recheck Cond: ((id >= 1290633) AND (id <= 1291632))
	        ->  Bitmap Index Scan on sbtest1_pkey  (cost=0.00..33.70 rows=927 width=0)
	              Index Cond: ((id >= 1290633) AND (id <= 1291632))

table 2 : explain SELECT count(c) FROM sbtest2 WHERE id BETWEEN 5739587 AND 5740586
	Aggregate  (cost=4167.26..4167.27 rows=1 width=8)
	  ->  Bitmap Heap Scan on sbtest2  (cost=35.47..4164.57 rows=1077 width=121)
	        Recheck Cond: ((id >= 5739587) AND (id <= 5740586))
	        ->  Bitmap Index Scan on sbtest2_pkey  (cost=0.00..35.20 rows=1077 width=0)
	              Index Cond: ((id >= 5739587) AND (id <= 5740586))

table 3 : explain SELECT count(c) FROM sbtest3 WHERE id BETWEEN 2136463 AND 2137462
	Aggregate  (cost=4019.22..4019.23 rows=1 width=8)
	  ->  Bitmap Heap Scan on sbtest3  (cost=35.05..4016.63 rows=1036 width=121)
	        Recheck Cond: ((id >= 2136463) AND (id <= 2137462))
	        ->  Bitmap Index Scan on sbtest3_pkey  (cost=0.00..34.80 rows=1036 width=0)
	              Index Cond: ((id >= 2136463) AND (id <= 2137462))

table 4 : explain SELECT count(c) FROM sbtest4 WHERE id BETWEEN 5225361 AND 5226360
	Aggregate  (cost=3614.78..3614.79 rows=1 width=8)
	  ->  Bitmap Heap Scan on sbtest4  (cost=33.96..3612.46 rows=929 width=121)
	        Recheck Cond: ((id >= 5225361) AND (id <= 5226360))
	        ->  Bitmap Index Scan on sbtest4_pkey  (cost=0.00..33.73 rows=929 width=0)
	              Index Cond: ((id >= 5225361) AND (id <= 5226360))

table 5 : explain SELECT count(c) FROM sbtest5 WHERE id BETWEEN 7650880 AND 7651879
	Aggregate  (cost=3762.16..3762.17 rows=1 width=8)
	  ->  Bitmap Heap Scan on sbtest5  (cost=34.36..3759.74 rows=968 width=121)
	        Recheck Cond: ((id >= 7650880) AND (id <= 7651879))
	        ->  Bitmap Index Scan on sbtest5_pkey  (cost=0.00..34.12 rows=968 width=0)
	              Index Cond: ((id >= 7650880) AND (id <= 7651879))

table 6 : explain SELECT count(c) FROM sbtest6 WHERE id BETWEEN 4527029 AND 4528028
	Aggregate  (cost=3793.05..3793.06 rows=1 width=8)
	  ->  Bitmap Heap Scan on sbtest6  (cost=34.45..3790.61 rows=977 width=121)
	        Recheck Cond: ((id >= 4527029) AND (id <= 4528028))
	        ->  Bitmap Index Scan on sbtest6_pkey  (cost=0.00..34.20 rows=977 width=0)
	              Index Cond: ((id >= 4527029) AND (id <= 4528028))

table 7 : explain SELECT count(c) FROM sbtest7 WHERE id BETWEEN 154321 AND 155320
	Aggregate  (cost=3719.67..3719.68 rows=1 width=8)
	  ->  Bitmap Heap Scan on sbtest7  (cost=34.24..3717.28 rows=957 width=121)
	        Recheck Cond: ((id >= 154321) AND (id <= 155320))
	        ->  Bitmap Index Scan on sbtest7_pkey  (cost=0.00..34.01 rows=957 width=0)
	              Index Cond: ((id >= 154321) AND (id <= 155320))

table 8 : explain SELECT count(c) FROM sbtest8 WHERE id BETWEEN 2716154 AND 2717153
	Aggregate  (cost=3882.45..3882.46 rows=1 width=8)
	  ->  Bitmap Heap Scan on sbtest8  (cost=34.70..3879.95 rows=1001 width=121)
	        Recheck Cond: ((id >= 2716154) AND (id <= 2717153))
	        ->  Bitmap Index Scan on sbtest8_pkey  (cost=0.00..34.45 rows=1001 width=0)
	              Index Cond: ((id >= 2716154) AND (id <= 2717153))

for: count_ranges
table 1 : explain SELECT count(c) FROM sbtest1 WHERE id BETWEEN 9314864 AND 9315863
	Aggregate  (cost=3884.45..3884.46 rows=1 width=8)
	  ->  Bitmap Heap Scan on sbtest1  (cost=34.70..3881.95 rows=1001 width=121)
	        Recheck Cond: ((id >= 9314864) AND (id <= 9315863))
	        ->  Bitmap Index Scan on sbtest1_pkey  (cost=0.00..34.45 rows=1001 width=0)
	              Index Cond: ((id >= 9314864) AND (id <= 9315863))

table 2 : explain SELECT count(c) FROM sbtest2 WHERE id BETWEEN 4822553 AND 4823552
	Aggregate  (cost=4186.07..4186.08 rows=1 width=8)
	  ->  Bitmap Heap Scan on sbtest2  (cost=35.53..4183.36 rows=1082 width=121)
	        Recheck Cond: ((id >= 4822553) AND (id <= 4823552))
	        ->  Bitmap Index Scan on sbtest2_pkey  (cost=0.00..35.26 rows=1082 width=0)
	              Index Cond: ((id >= 4822553) AND (id <= 4823552))

table 3 : explain SELECT count(c) FROM sbtest3 WHERE id BETWEEN 2398076 AND 2399075
	Aggregate  (cost=4173.92..4173.93 rows=1 width=8)
	  ->  Bitmap Heap Scan on sbtest3  (cost=35.47..4171.23 rows=1077 width=121)
	        Recheck Cond: ((id >= 2398076) AND (id <= 2399075))
	        ->  Bitmap Index Scan on sbtest3_pkey  (cost=0.00..35.20 rows=1077 width=0)
	              Index Cond: ((id >= 2398076) AND (id <= 2399075))

table 4 : explain SELECT count(c) FROM sbtest4 WHERE id BETWEEN 8352114 AND 8353113
	Aggregate  (cost=4317.70..4317.71 rows=1 width=8)
	  ->  Bitmap Heap Scan on sbtest4  (cost=39.85..4314.91 rows=1114 width=121)
	        Recheck Cond: ((id >= 8352114) AND (id <= 8353113))
	        ->  Bitmap Index Scan on sbtest4_pkey  (cost=0.00..39.58 rows=1114 width=0)
	              Index Cond: ((id >= 8352114) AND (id <= 8353113))

table 5 : explain SELECT count(c) FROM sbtest5 WHERE id BETWEEN 4001180 AND 4002179
	Aggregate  (cost=4041.83..4041.84 rows=1 width=8)
	  ->  Bitmap Heap Scan on sbtest5  (cost=35.12..4039.23 rows=1042 width=121)
	        Recheck Cond: ((id >= 4001180) AND (id <= 4002179))
	        ->  Bitmap Index Scan on sbtest5_pkey  (cost=0.00..34.86 rows=1042 width=0)
	              Index Cond: ((id >= 4001180) AND (id <= 4002179))

table 6 : explain SELECT count(c) FROM sbtest6 WHERE id BETWEEN 2297775 AND 2298774
	Aggregate  (cost=3653.18..3653.19 rows=1 width=8)
	  ->  Bitmap Heap Scan on sbtest6  (cost=34.07..3650.83 rows=940 width=121)
	        Recheck Cond: ((id >= 2297775) AND (id <= 2298774))
	        ->  Bitmap Index Scan on sbtest6_pkey  (cost=0.00..33.84 rows=940 width=0)
	              Index Cond: ((id >= 2297775) AND (id <= 2298774))

table 7 : explain SELECT count(c) FROM sbtest7 WHERE id BETWEEN 3523803 AND 3524802
	Aggregate  (cost=3685.61..3685.62 rows=1 width=8)
	  ->  Bitmap Heap Scan on sbtest7  (cost=34.15..3683.24 rows=948 width=121)
	        Recheck Cond: ((id >= 3523803) AND (id <= 3524802))
	        ->  Bitmap Index Scan on sbtest7_pkey  (cost=0.00..33.92 rows=948 width=0)
	              Index Cond: ((id >= 3523803) AND (id <= 3524802))

table 8 : explain SELECT count(c) FROM sbtest8 WHERE id BETWEEN 7717475 AND 7718474
	Aggregate  (cost=3871.13..3871.14 rows=1 width=8)
	  ->  Bitmap Heap Scan on sbtest8  (cost=34.66..3868.63 rows=998 width=121)
	        Recheck Cond: ((id >= 7717475) AND (id <= 7718474))
	        ->  Bitmap Index Scan on sbtest8_pkey  (cost=0.00..34.42 rows=998 width=0)
	              Index Cond: ((id >= 7717475) AND (id <= 7718474))

for: count_ranges
table 1 : explain SELECT count(c) FROM sbtest1 WHERE id BETWEEN 970518 AND 971517
	Aggregate  (cost=4148.48..4148.49 rows=1 width=8)
	  ->  Bitmap Heap Scan on sbtest1  (cost=35.41..4145.80 rows=1071 width=121)
	        Recheck Cond: ((id >= 970518) AND (id <= 971517))
	        ->  Bitmap Index Scan on sbtest1_pkey  (cost=0.00..35.15 rows=1071 width=0)
	              Index Cond: ((id >= 970518) AND (id <= 971517))

table 2 : explain SELECT count(c) FROM sbtest2 WHERE id BETWEEN 438782 AND 439781
	Aggregate  (cost=3472.79..3472.80 rows=1 width=8)
	  ->  Bitmap Heap Scan on sbtest2  (cost=29.60..3470.56 rows=894 width=121)
	        Recheck Cond: ((id >= 438782) AND (id <= 439781))
	        ->  Bitmap Index Scan on sbtest2_pkey  (cost=0.00..29.37 rows=894 width=0)
	              Index Cond: ((id >= 438782) AND (id <= 439781))

table 3 : explain SELECT count(c) FROM sbtest3 WHERE id BETWEEN 8469392 AND 8470391
	Aggregate  (cost=4260.85..4260.86 rows=1 width=8)
	  ->  Bitmap Heap Scan on sbtest3  (cost=39.70..4258.10 rows=1099 width=121)
	        Recheck Cond: ((id >= 8469392) AND (id <= 8470391))
	        ->  Bitmap Index Scan on sbtest3_pkey  (cost=0.00..39.43 rows=1099 width=0)
	              Index Cond: ((id >= 8469392) AND (id <= 8470391))

table 4 : explain SELECT count(c) FROM sbtest4 WHERE id BETWEEN 5664866 AND 5665865
	Aggregate  (cost=3993.09..3993.10 rows=1 width=8)
	  ->  Bitmap Heap Scan on sbtest4  (cost=34.98..3990.52 rows=1029 width=121)
	        Recheck Cond: ((id >= 5664866) AND (id <= 5665865))
	        ->  Bitmap Index Scan on sbtest4_pkey  (cost=0.00..34.73 rows=1029 width=0)
	              Index Cond: ((id >= 5664866) AND (id <= 5665865))

table 5 : explain SELECT count(c) FROM sbtest5 WHERE id BETWEEN 7398676 AND 7399675
	Aggregate  (cost=3682.67..3682.68 rows=1 width=8)
	  ->  Bitmap Heap Scan on sbtest5  (cost=34.14..3680.30 rows=947 width=121)
	        Recheck Cond: ((id >= 7398676) AND (id <= 7399675))
	        ->  Bitmap Index Scan on sbtest5_pkey  (cost=0.00..33.91 rows=947 width=0)
	              Index Cond: ((id >= 7398676) AND (id <= 7399675))

table 6 : explain SELECT count(c) FROM sbtest6 WHERE id BETWEEN 3752026 AND 3753025
	Aggregate  (cost=3868.59..3868.60 rows=1 width=8)
	  ->  Bitmap Heap Scan on sbtest6  (cost=34.65..3866.10 rows=997 width=121)
	        Recheck Cond: ((id >= 3752026) AND (id <= 3753025))
	        ->  Bitmap Index Scan on sbtest6_pkey  (cost=0.00..34.41 rows=997 width=0)
	              Index Cond: ((id >= 3752026) AND (id <= 3753025))

table 7 : explain SELECT count(c) FROM sbtest7 WHERE id BETWEEN 2909600 AND 2910599
	Aggregate  (cost=3696.96..3696.97 rows=1 width=8)
	  ->  Bitmap Heap Scan on sbtest7  (cost=34.18..3694.58 rows=951 width=121)
	        Recheck Cond: ((id >= 2909600) AND (id <= 2910599))
	        ->  Bitmap Index Scan on sbtest7_pkey  (cost=0.00..33.95 rows=951 width=0)
	              Index Cond: ((id >= 2909600) AND (id <= 2910599))

table 8 : explain SELECT count(c) FROM sbtest8 WHERE id BETWEEN 2425728 AND 2426727
	Aggregate  (cost=3822.06..3822.07 rows=1 width=8)
	  ->  Bitmap Heap Scan on sbtest8  (cost=34.53..3819.60 rows=985 width=121)
	        Recheck Cond: ((id >= 2425728) AND (id <= 2426727))
	        ->  Bitmap Index Scan on sbtest8_pkey  (cost=0.00..34.29 rows=985 width=0)
	              Index Cond: ((id >= 2425728) AND (id <= 2426727))

for: count_ranges
table 1 : explain SELECT count(c) FROM sbtest1 WHERE id BETWEEN 4994851 AND 4995850
	Aggregate  (cost=3699.27..3699.28 rows=1 width=8)
	  ->  Bitmap Heap Scan on sbtest1  (cost=34.19..3696.89 rows=952 width=121)
	        Recheck Cond: ((id >= 4994851) AND (id <= 4995850))
	        ->  Bitmap Index Scan on sbtest1_pkey  (cost=0.00..33.95 rows=952 width=0)
	              Index Cond: ((id >= 4994851) AND (id <= 4995850))

table 2 : explain SELECT count(c) FROM sbtest2 WHERE id BETWEEN 7367348 AND 7368347
	Aggregate  (cost=4020.47..4020.48 rows=1 width=8)
	  ->  Bitmap Heap Scan on sbtest2  (cost=35.07..4017.88 rows=1038 width=121)
	        Recheck Cond: ((id >= 7367348) AND (id <= 7368347))
	        ->  Bitmap Index Scan on sbtest2_pkey  (cost=0.00..34.82 rows=1038 width=0)
	              Index Cond: ((id >= 7367348) AND (id <= 7368347))

table 3 : explain SELECT count(c) FROM sbtest3 WHERE id BETWEEN 4019530 AND 4020529
	Aggregate  (cost=3822.72..3822.73 rows=1 width=8)
	  ->  Bitmap Heap Scan on sbtest3  (cost=34.52..3820.26 rows=984 width=121)
	        Recheck Cond: ((id >= 4019530) AND (id <= 4020529))
	        ->  Bitmap Index Scan on sbtest3_pkey  (cost=0.00..34.28 rows=984 width=0)
	              Index Cond: ((id >= 4019530) AND (id <= 4020529))

table 4 : explain SELECT count(c) FROM sbtest4 WHERE id BETWEEN 5405206 AND 5406205
	Aggregate  (cost=4079.93..4079.94 rows=1 width=8)
	  ->  Bitmap Heap Scan on sbtest4  (cost=35.22..4077.30 rows=1052 width=121)
	        Recheck Cond: ((id >= 5405206) AND (id <= 5406205))
	        ->  Bitmap Index Scan on sbtest4_pkey  (cost=0.00..34.95 rows=1052 width=0)
	              Index Cond: ((id >= 5405206) AND (id <= 5406205))

table 5 : explain SELECT count(c) FROM sbtest5 WHERE id BETWEEN 2338418 AND 2339417
	Aggregate  (cost=3826.47..3826.48 rows=1 width=8)
	  ->  Bitmap Heap Scan on sbtest5  (cost=34.53..3824.00 rows=985 width=121)
	        Recheck Cond: ((id >= 2338418) AND (id <= 2339417))
	        ->  Bitmap Index Scan on sbtest5_pkey  (cost=0.00..34.29 rows=985 width=0)
	              Index Cond: ((id >= 2338418) AND (id <= 2339417))

table 6 : explain SELECT count(c) FROM sbtest6 WHERE id BETWEEN 4747518 AND 4748517
	Aggregate  (cost=3399.23..3399.24 rows=1 width=8)
	  ->  Bitmap Heap Scan on sbtest6  (cost=29.39..3397.04 rows=874 width=121)
	        Recheck Cond: ((id >= 4747518) AND (id <= 4748517))
	        ->  Bitmap Index Scan on sbtest6_pkey  (cost=0.00..29.18 rows=874 width=0)
	              Index Cond: ((id >= 4747518) AND (id <= 4748517))

table 7 : explain SELECT count(c) FROM sbtest7 WHERE id BETWEEN 788676 AND 789675
	Aggregate  (cost=3598.51..3598.52 rows=1 width=8)
	  ->  Bitmap Heap Scan on sbtest7  (cost=33.92..3596.20 rows=925 width=121)
	        Recheck Cond: ((id >= 788676) AND (id <= 789675))
	        ->  Bitmap Index Scan on sbtest7_pkey  (cost=0.00..33.69 rows=925 width=0)
	              Index Cond: ((id >= 788676) AND (id <= 789675))

table 8 : explain SELECT count(c) FROM sbtest8 WHERE id BETWEEN 5606109 AND 5607108
	Aggregate  (cost=3991.82..3991.83 rows=1 width=8)
	  ->  Bitmap Heap Scan on sbtest8  (cost=34.99..3989.24 rows=1030 width=121)
	        Recheck Cond: ((id >= 5606109) AND (id <= 5607108))
	        ->  Bitmap Index Scan on sbtest8_pkey  (cost=0.00..34.73 rows=1030 width=0)
	              Index Cond: ((id >= 5606109) AND (id <= 5607108))

for: count_ranges
table 1 : explain SELECT count(c) FROM sbtest1 WHERE id BETWEEN 9578877 AND 9579876
	Aggregate  (cost=4088.18..4088.19 rows=1 width=8)
	  ->  Bitmap Heap Scan on sbtest1  (cost=35.25..4085.54 rows=1055 width=121)
	        Recheck Cond: ((id >= 9578877) AND (id <= 9579876))
	        ->  Bitmap Index Scan on sbtest1_pkey  (cost=0.00..34.98 rows=1055 width=0)
	              Index Cond: ((id >= 9578877) AND (id <= 9579876))

table 2 : explain SELECT count(c) FROM sbtest2 WHERE id BETWEEN 4579580 AND 4580579
	Aggregate  (cost=4201.11..4201.12 rows=1 width=8)
	  ->  Bitmap Heap Scan on sbtest2  (cost=35.57..4198.40 rows=1086 width=121)
	        Recheck Cond: ((id >= 4579580) AND (id <= 4580579))
	        ->  Bitmap Index Scan on sbtest2_pkey  (cost=0.00..35.30 rows=1086 width=0)
	              Index Cond: ((id >= 4579580) AND (id <= 4580579))

table 3 : explain SELECT count(c) FROM sbtest3 WHERE id BETWEEN 9924939 AND 9925938
	Aggregate  (cost=4098.48..4098.49 rows=1 width=8)
	  ->  Bitmap Heap Scan on sbtest3  (cost=35.27..4095.84 rows=1057 width=121)
	        Recheck Cond: ((id >= 9924939) AND (id <= 9925938))
	        ->  Bitmap Index Scan on sbtest3_pkey  (cost=0.00..35.01 rows=1057 width=0)
	              Index Cond: ((id >= 9924939) AND (id <= 9925938))

table 4 : explain SELECT count(c) FROM sbtest4 WHERE id BETWEEN 6749952 AND 6750951
	Aggregate  (cost=3826.79..3826.80 rows=1 width=8)
	  ->  Bitmap Heap Scan on sbtest4  (cost=34.53..3824.33 rows=985 width=121)
	        Recheck Cond: ((id >= 6749952) AND (id <= 6750951))
	        ->  Bitmap Index Scan on sbtest4_pkey  (cost=0.00..34.29 rows=985 width=0)
	              Index Cond: ((id >= 6749952) AND (id <= 6750951))

table 5 : explain SELECT count(c) FROM sbtest5 WHERE id BETWEEN 4902437 AND 4903436
	Aggregate  (cost=4060.70..4060.71 rows=1 width=8)
	  ->  Bitmap Heap Scan on sbtest5  (cost=35.17..4058.09 rows=1047 width=121)
	        Recheck Cond: ((id >= 4902437) AND (id <= 4903436))
	        ->  Bitmap Index Scan on sbtest5_pkey  (cost=0.00..34.91 rows=1047 width=0)
	              Index Cond: ((id >= 4902437) AND (id <= 4903436))

table 6 : explain SELECT count(c) FROM sbtest6 WHERE id BETWEEN 5802399 AND 5803398
	Aggregate  (cost=4471.36..4471.37 rows=1 width=8)
	  ->  Bitmap Heap Scan on sbtest6  (cost=40.29..4468.46 rows=1157 width=121)
	        Recheck Cond: ((id >= 5802399) AND (id <= 5803398))
	        ->  Bitmap Index Scan on sbtest6_pkey  (cost=0.00..40.01 rows=1157 width=0)
	              Index Cond: ((id >= 5802399) AND (id <= 5803398))

table 7 : explain SELECT count(c) FROM sbtest7 WHERE id BETWEEN 4316207 AND 4317206
	Aggregate  (cost=3609.88..3609.89 rows=1 width=8)
	  ->  Bitmap Heap Scan on sbtest7  (cost=33.95..3607.56 rows=928 width=121)
	        Recheck Cond: ((id >= 4316207) AND (id <= 4317206))
	        ->  Bitmap Index Scan on sbtest7_pkey  (cost=0.00..33.72 rows=928 width=0)
	              Index Cond: ((id >= 4316207) AND (id <= 4317206))

table 8 : explain SELECT count(c) FROM sbtest8 WHERE id BETWEEN 1656624 AND 1657623
	Aggregate  (cost=3674.73..3674.74 rows=1 width=8)
	  ->  Bitmap Heap Scan on sbtest8  (cost=34.13..3672.37 rows=946 width=121)
	        Recheck Cond: ((id >= 1656624) AND (id <= 1657623))
	        ->  Bitmap Index Scan on sbtest8_pkey  (cost=0.00..33.90 rows=946 width=0)
	              Index Cond: ((id >= 1656624) AND (id <= 1657623))

for: count_ranges
table 1 : explain SELECT count(c) FROM sbtest1 WHERE id BETWEEN 9758510 AND 9759509
	Aggregate  (cost=4156.01..4156.02 rows=1 width=8)
	  ->  Bitmap Heap Scan on sbtest1  (cost=35.43..4153.33 rows=1073 width=121)
	        Recheck Cond: ((id >= 9758510) AND (id <= 9759509))
	        ->  Bitmap Index Scan on sbtest1_pkey  (cost=0.00..35.17 rows=1073 width=0)
	              Index Cond: ((id >= 9758510) AND (id <= 9759509))

table 2 : explain SELECT count(c) FROM sbtest2 WHERE id BETWEEN 7944687 AND 7945686
	Aggregate  (cost=3624.31..3624.32 rows=1 width=8)
	  ->  Bitmap Heap Scan on sbtest2  (cost=34.00..3621.98 rows=933 width=121)
	        Recheck Cond: ((id >= 7944687) AND (id <= 7945686))
	        ->  Bitmap Index Scan on sbtest2_pkey  (cost=0.00..33.77 rows=933 width=0)
	              Index Cond: ((id >= 7944687) AND (id <= 7945686))

table 3 : explain SELECT count(c) FROM sbtest3 WHERE id BETWEEN 8740914 AND 8741913
	Aggregate  (cost=3871.88..3871.89 rows=1 width=8)
	  ->  Bitmap Heap Scan on sbtest3  (cost=34.65..3869.39 rows=997 width=121)
	        Recheck Cond: ((id >= 8740914) AND (id <= 8741913))
	        ->  Bitmap Index Scan on sbtest3_pkey  (cost=0.00..34.41 rows=997 width=0)
	              Index Cond: ((id >= 8740914) AND (id <= 8741913))

table 4 : explain SELECT count(c) FROM sbtest4 WHERE id BETWEEN 1076187 AND 1077186
	Aggregate  (cost=3675.39..3675.40 rows=1 width=8)
	  ->  Bitmap Heap Scan on sbtest4  (cost=34.12..3673.03 rows=945 width=121)
	        Recheck Cond: ((id >= 1076187) AND (id <= 1077186))
	        ->  Bitmap Index Scan on sbtest4_pkey  (cost=0.00..33.89 rows=945 width=0)
	              Index Cond: ((id >= 1076187) AND (id <= 1077186))

table 5 : explain SELECT count(c) FROM sbtest5 WHERE id BETWEEN 7921177 AND 7922176
	Aggregate  (cost=4007.85..4007.86 rows=1 width=8)
	  ->  Bitmap Heap Scan on sbtest5  (cost=35.02..4005.27 rows=1033 width=121)
	        Recheck Cond: ((id >= 7921177) AND (id <= 7922176))
	        ->  Bitmap Index Scan on sbtest5_pkey  (cost=0.00..34.77 rows=1033 width=0)
	              Index Cond: ((id >= 7921177) AND (id <= 7922176))

table 6 : explain SELECT count(c) FROM sbtest6 WHERE id BETWEEN 6884929 AND 6885928
	Aggregate  (cost=3895.02..3895.03 rows=1 width=8)
	  ->  Bitmap Heap Scan on sbtest6  (cost=34.73..3892.51 rows=1004 width=121)
	        Recheck Cond: ((id >= 6884929) AND (id <= 6885928))
	        ->  Bitmap Index Scan on sbtest6_pkey  (cost=0.00..34.48 rows=1004 width=0)
	              Index Cond: ((id >= 6884929) AND (id <= 6885928))

table 7 : explain SELECT count(c) FROM sbtest7 WHERE id BETWEEN 5555158 AND 5556157
	Aggregate  (cost=3991.79..3991.80 rows=1 width=8)
	  ->  Bitmap Heap Scan on sbtest7  (cost=34.98..3989.22 rows=1029 width=121)
	        Recheck Cond: ((id >= 5555158) AND (id <= 5556157))
	        ->  Bitmap Index Scan on sbtest7_pkey  (cost=0.00..34.73 rows=1029 width=0)
	              Index Cond: ((id >= 5555158) AND (id <= 5556157))

table 8 : explain SELECT count(c) FROM sbtest8 WHERE id BETWEEN 9238642 AND 9239641
	Aggregate  (cost=3961.66..3961.67 rows=1 width=8)
	  ->  Bitmap Heap Scan on sbtest8  (cost=34.91..3959.10 rows=1022 width=121)
	        Recheck Cond: ((id >= 9238642) AND (id <= 9239641))
	        ->  Bitmap Index Scan on sbtest8_pkey  (cost=0.00..34.66 rows=1022 width=0)
	              Index Cond: ((id >= 9238642) AND (id <= 9239641))

for: count_ranges
table 1 : explain SELECT count(c) FROM sbtest1 WHERE id BETWEEN 2270826 AND 2271825
	Aggregate  (cost=3929.76..3929.77 rows=1 width=8)
	  ->  Bitmap Heap Scan on sbtest1  (cost=34.82..3927.23 rows=1013 width=121)
	        Recheck Cond: ((id >= 2270826) AND (id <= 2271825))
	        ->  Bitmap Index Scan on sbtest1_pkey  (cost=0.00..34.57 rows=1013 width=0)
	              Index Cond: ((id >= 2270826) AND (id <= 2271825))

table 2 : explain SELECT count(c) FROM sbtest2 WHERE id BETWEEN 4739697 AND 4740696
	Aggregate  (cost=4043.07..4043.08 rows=1 width=8)
	  ->  Bitmap Heap Scan on sbtest2  (cost=35.14..4040.46 rows=1044 width=121)
	        Recheck Cond: ((id >= 4739697) AND (id <= 4740696))
	        ->  Bitmap Index Scan on sbtest2_pkey  (cost=0.00..34.88 rows=1044 width=0)
	              Index Cond: ((id >= 4739697) AND (id <= 4740696))

table 3 : explain SELECT count(c) FROM sbtest3 WHERE id BETWEEN 1541232 AND 1542231
	Aggregate  (cost=4019.22..4019.23 rows=1 width=8)
	  ->  Bitmap Heap Scan on sbtest3  (cost=35.05..4016.63 rows=1036 width=121)
	        Recheck Cond: ((id >= 1541232) AND (id <= 1542231))
	        ->  Bitmap Index Scan on sbtest3_pkey  (cost=0.00..34.80 rows=1036 width=0)
	              Index Cond: ((id >= 1541232) AND (id <= 1542231))

table 4 : explain SELECT count(c) FROM sbtest4 WHERE id BETWEEN 1688350 AND 1689349
	Aggregate  (cost=3561.72..3561.73 rows=1 width=8)
	  ->  Bitmap Heap Scan on sbtest4  (cost=33.81..3559.43 rows=915 width=121)
	        Recheck Cond: ((id >= 1688350) AND (id <= 1689349))
	        ->  Bitmap Index Scan on sbtest4_pkey  (cost=0.00..33.59 rows=915 width=0)
	              Index Cond: ((id >= 1688350) AND (id <= 1689349))

table 5 : explain SELECT count(c) FROM sbtest5 WHERE id BETWEEN 1171958 AND 1172957
	Aggregate  (cost=3996.53..3996.54 rows=1 width=8)
	  ->  Bitmap Heap Scan on sbtest5  (cost=34.99..3993.95 rows=1030 width=121)
	        Recheck Cond: ((id >= 1171958) AND (id <= 1172957))
	        ->  Bitmap Index Scan on sbtest5_pkey  (cost=0.00..34.73 rows=1030 width=0)
	              Index Cond: ((id >= 1171958) AND (id <= 1172957))

table 6 : explain SELECT count(c) FROM sbtest6 WHERE id BETWEEN 2634438 AND 2635437
	Aggregate  (cost=3796.83..3796.84 rows=1 width=8)
	  ->  Bitmap Heap Scan on sbtest6  (cost=34.46..3794.39 rows=978 width=121)
	        Recheck Cond: ((id >= 2634438) AND (id <= 2635437))
	        ->  Bitmap Index Scan on sbtest6_pkey  (cost=0.00..34.22 rows=978 width=0)
	              Index Cond: ((id >= 2634438) AND (id <= 2635437))

table 7 : explain SELECT count(c) FROM sbtest7 WHERE id BETWEEN 618689 AND 619688
	Aggregate  (cost=4229.38..4229.39 rows=1 width=8)
	  ->  Bitmap Heap Scan on sbtest7  (cost=35.63..4226.65 rows=1092 width=121)
	        Recheck Cond: ((id >= 618689) AND (id <= 619688))
	        ->  Bitmap Index Scan on sbtest7_pkey  (cost=0.00..35.36 rows=1092 width=0)
	              Index Cond: ((id >= 618689) AND (id <= 619688))

table 8 : explain SELECT count(c) FROM sbtest8 WHERE id BETWEEN 3555484 AND 3556483
	Aggregate  (cost=4131.20..4131.21 rows=1 width=8)
	  ->  Bitmap Heap Scan on sbtest8  (cost=35.37..4128.53 rows=1067 width=121)
	        Recheck Cond: ((id >= 3555484) AND (id <= 3556483))
	        ->  Bitmap Index Scan on sbtest8_pkey  (cost=0.00..35.11 rows=1067 width=0)
	              Index Cond: ((id >= 3555484) AND (id <= 3556483))

for: count_ranges
table 1 : explain SELECT count(c) FROM sbtest1 WHERE id BETWEEN 5103962 AND 5104961
	Aggregate  (cost=3990.14..3990.15 rows=1 width=8)
	  ->  Bitmap Heap Scan on sbtest1  (cost=34.98..3987.56 rows=1029 width=121)
	        Recheck Cond: ((id >= 5103962) AND (id <= 5104961))
	        ->  Bitmap Index Scan on sbtest1_pkey  (cost=0.00..34.73 rows=1029 width=0)
	              Index Cond: ((id >= 5103962) AND (id <= 5104961))

table 2 : explain SELECT count(c) FROM sbtest2 WHERE id BETWEEN 8487755 AND 8488754
	Aggregate  (cost=3843.32..3843.33 rows=1 width=8)
	  ->  Bitmap Heap Scan on sbtest2  (cost=34.59..3840.84 rows=991 width=121)
	        Recheck Cond: ((id >= 8487755) AND (id <= 8488754))
	        ->  Bitmap Index Scan on sbtest2_pkey  (cost=0.00..34.34 rows=991 width=0)
	              Index Cond: ((id >= 8487755) AND (id <= 8488754))

table 3 : explain SELECT count(c) FROM sbtest3 WHERE id BETWEEN 4375273 AND 4376272
	Aggregate  (cost=3992.79..3992.80 rows=1 width=8)
	  ->  Bitmap Heap Scan on sbtest3  (cost=34.98..3990.22 rows=1029 width=121)
	        Recheck Cond: ((id >= 4375273) AND (id <= 4376272))
	        ->  Bitmap Index Scan on sbtest3_pkey  (cost=0.00..34.73 rows=1029 width=0)
	              Index Cond: ((id >= 4375273) AND (id <= 4376272))

table 4 : explain SELECT count(c) FROM sbtest4 WHERE id BETWEEN 5992169 AND 5993168
	Aggregate  (cost=3622.36..3622.37 rows=1 width=8)
	  ->  Bitmap Heap Scan on sbtest4  (cost=33.98..3620.03 rows=931 width=121)
	        Recheck Cond: ((id >= 5992169) AND (id <= 5993168))
	        ->  Bitmap Index Scan on sbtest4_pkey  (cost=0.00..33.75 rows=931 width=0)
	              Index Cond: ((id >= 5992169) AND (id <= 5993168))

table 5 : explain SELECT count(c) FROM sbtest5 WHERE id BETWEEN 118561 AND 119560
	Aggregate  (cost=3807.56..3807.57 rows=1 width=8)
	  ->  Bitmap Heap Scan on sbtest5  (cost=34.48..3805.11 rows=980 width=121)
	        Recheck Cond: ((id >= 118561) AND (id <= 119560))
	        ->  Bitmap Index Scan on sbtest5_pkey  (cost=0.00..34.23 rows=980 width=0)
	              Index Cond: ((id >= 118561) AND (id <= 119560))

table 6 : explain SELECT count(c) FROM sbtest6 WHERE id BETWEEN 7622017 AND 7623016
	Aggregate  (cost=3936.53..3936.54 rows=1 width=8)
	  ->  Bitmap Heap Scan on sbtest6  (cost=34.84..3933.99 rows=1015 width=121)
	        Recheck Cond: ((id >= 7622017) AND (id <= 7623016))
	        ->  Bitmap Index Scan on sbtest6_pkey  (cost=0.00..34.59 rows=1015 width=0)
	              Index Cond: ((id >= 7622017) AND (id <= 7623016))

table 7 : explain SELECT count(c) FROM sbtest7 WHERE id BETWEEN 5028966 AND 5029965
	Aggregate  (cost=3844.47..3844.48 rows=1 width=8)
	  ->  Bitmap Heap Scan on sbtest7  (cost=34.58..3842.00 rows=990 width=121)
	        Recheck Cond: ((id >= 5028966) AND (id <= 5029965))
	        ->  Bitmap Index Scan on sbtest7_pkey  (cost=0.00..34.34 rows=990 width=0)
	              Index Cond: ((id >= 5028966) AND (id <= 5029965))

table 8 : explain SELECT count(c) FROM sbtest8 WHERE id BETWEEN 8678745 AND 8679744
	Aggregate  (cost=3882.45..3882.46 rows=1 width=8)
	  ->  Bitmap Heap Scan on sbtest8  (cost=34.70..3879.95 rows=1001 width=121)
	        Recheck Cond: ((id >= 8678745) AND (id <= 8679744))
	        ->  Bitmap Index Scan on sbtest8_pkey  (cost=0.00..34.45 rows=1001 width=0)
	              Index Cond: ((id >= 8678745) AND (id <= 8679744))

for: count_ranges
table 1 : explain SELECT count(c) FROM sbtest1 WHERE id BETWEEN 4261856 AND 4262855
	Aggregate  (cost=3563.02..3563.03 rows=1 width=8)
	  ->  Bitmap Heap Scan on sbtest1  (cost=33.82..3560.73 rows=916 width=121)
	        Recheck Cond: ((id >= 4261856) AND (id <= 4262855))
	        ->  Bitmap Index Scan on sbtest1_pkey  (cost=0.00..33.59 rows=916 width=0)
	              Index Cond: ((id >= 4261856) AND (id <= 4262855))

table 2 : explain SELECT count(c) FROM sbtest2 WHERE id BETWEEN 3368891 AND 3369890
	Aggregate  (cost=3903.66..3903.67 rows=1 width=8)
	  ->  Bitmap Heap Scan on sbtest2  (cost=34.76..3901.14 rows=1007 width=121)
	        Recheck Cond: ((id >= 3368891) AND (id <= 3369890))
	        ->  Bitmap Index Scan on sbtest2_pkey  (cost=0.00..34.51 rows=1007 width=0)
	              Index Cond: ((id >= 3368891) AND (id <= 3369890))

table 3 : explain SELECT count(c) FROM sbtest3 WHERE id BETWEEN 1571857 AND 1572856
	Aggregate  (cost=4019.22..4019.23 rows=1 width=8)
	  ->  Bitmap Heap Scan on sbtest3  (cost=35.05..4016.63 rows=1036 width=121)
	        Recheck Cond: ((id >= 1571857) AND (id <= 1572856))
	        ->  Bitmap Index Scan on sbtest3_pkey  (cost=0.00..34.80 rows=1036 width=0)
	              Index Cond: ((id >= 1571857) AND (id <= 1572856))

table 4 : explain SELECT count(c) FROM sbtest4 WHERE id BETWEEN 2957814 AND 2958813
	Aggregate  (cost=4408.07..4408.08 rows=1 width=8)
	  ->  Bitmap Heap Scan on sbtest4  (cost=40.10..4405.22 rows=1138 width=121)
	        Recheck Cond: ((id >= 2957814) AND (id <= 2958813))
	        ->  Bitmap Index Scan on sbtest4_pkey  (cost=0.00..39.82 rows=1138 width=0)
	              Index Cond: ((id >= 2957814) AND (id <= 2958813))

table 5 : explain SELECT count(c) FROM sbtest5 WHERE id BETWEEN 3731505 AND 3732504
	Aggregate  (cost=4595.72..4595.73 rows=1 width=8)
	  ->  Bitmap Heap Scan on sbtest5  (cost=40.62..4592.75 rows=1189 width=121)
	        Recheck Cond: ((id >= 3731505) AND (id <= 3732504))
	        ->  Bitmap Index Scan on sbtest5_pkey  (cost=0.00..40.33 rows=1189 width=0)
	              Index Cond: ((id >= 3731505) AND (id <= 3732504))

table 6 : explain SELECT count(c) FROM sbtest6 WHERE id BETWEEN 8243518 AND 8244517
	Aggregate  (cost=4091.12..4091.13 rows=1 width=8)
	  ->  Bitmap Heap Scan on sbtest6  (cost=35.26..4088.48 rows=1056 width=121)
	        Recheck Cond: ((id >= 8243518) AND (id <= 8244517))
	        ->  Bitmap Index Scan on sbtest6_pkey  (cost=0.00..35.00 rows=1056 width=0)
	              Index Cond: ((id >= 8243518) AND (id <= 8244517))

table 7 : explain SELECT count(c) FROM sbtest7 WHERE id BETWEEN 6033736 AND 6034735
	Aggregate  (cost=4040.86..4040.87 rows=1 width=8)
	  ->  Bitmap Heap Scan on sbtest7  (cost=35.12..4038.25 rows=1042 width=121)
	        Recheck Cond: ((id >= 6033736) AND (id <= 6034735))
	        ->  Bitmap Index Scan on sbtest7_pkey  (cost=0.00..34.86 rows=1042 width=0)
	              Index Cond: ((id >= 6033736) AND (id <= 6034735))

table 8 : explain SELECT count(c) FROM sbtest8 WHERE id BETWEEN 7865513 AND 7866512
	Aggregate  (cost=4097.31..4097.32 rows=1 width=8)
	  ->  Bitmap Heap Scan on sbtest8  (cost=35.28..4094.67 rows=1058 width=121)
	        Recheck Cond: ((id >= 7865513) AND (id <= 7866512))
	        ->  Bitmap Index Scan on sbtest8_pkey  (cost=0.00..35.02 rows=1058 width=0)
	              Index Cond: ((id >= 7865513) AND (id <= 7866512))

for: count_ranges
table 1 : explain SELECT count(c) FROM sbtest1 WHERE id BETWEEN 6037319 AND 6038318
	Aggregate  (cost=3869.35..3869.36 rows=1 width=8)
	  ->  Bitmap Heap Scan on sbtest1  (cost=34.65..3866.86 rows=997 width=121)
	        Recheck Cond: ((id >= 6037319) AND (id <= 6038318))
	        ->  Bitmap Index Scan on sbtest1_pkey  (cost=0.00..34.41 rows=997 width=0)
	              Index Cond: ((id >= 6037319) AND (id <= 6038318))

table 2 : explain SELECT count(c) FROM sbtest2 WHERE id BETWEEN 1714188 AND 1715187
	Aggregate  (cost=3631.87..3631.88 rows=1 width=8)
	  ->  Bitmap Heap Scan on sbtest2  (cost=34.02..3629.53 rows=935 width=121)
	        Recheck Cond: ((id >= 1714188) AND (id <= 1715187))
	        ->  Bitmap Index Scan on sbtest2_pkey  (cost=0.00..33.79 rows=935 width=0)
	              Index Cond: ((id >= 1714188) AND (id <= 1715187))

table 3 : explain SELECT count(c) FROM sbtest3 WHERE id BETWEEN 4513929 AND 4514928
	Aggregate  (cost=3584.20..3584.21 rows=1 width=8)
	  ->  Bitmap Heap Scan on sbtest3  (cost=33.88..3581.90 rows=921 width=121)
	        Recheck Cond: ((id >= 4513929) AND (id <= 4514928))
	        ->  Bitmap Index Scan on sbtest3_pkey  (cost=0.00..33.65 rows=921 width=0)
	              Index Cond: ((id >= 4513929) AND (id <= 4514928))

table 4 : explain SELECT count(c) FROM sbtest4 WHERE id BETWEEN 3612152 AND 3613151
	Aggregate  (cost=4034.63..4034.64 rows=1 width=8)
	  ->  Bitmap Heap Scan on sbtest4  (cost=35.09..4032.03 rows=1040 width=121)
	        Recheck Cond: ((id >= 3612152) AND (id <= 3613151))
	        ->  Bitmap Index Scan on sbtest4_pkey  (cost=0.00..34.84 rows=1040 width=0)
	              Index Cond: ((id >= 3612152) AND (id <= 3613151))

table 5 : explain SELECT count(c) FROM sbtest5 WHERE id BETWEEN 5809682 AND 5810681
	Aggregate  (cost=3648.58..3648.59 rows=1 width=8)
	  ->  Bitmap Heap Scan on sbtest5  (cost=34.05..3646.24 rows=938 width=121)
	        Recheck Cond: ((id >= 5809682) AND (id <= 5810681))
	        ->  Bitmap Index Scan on sbtest5_pkey  (cost=0.00..33.82 rows=938 width=0)
	              Index Cond: ((id >= 5809682) AND (id <= 5810681))

table 6 : explain SELECT count(c) FROM sbtest6 WHERE id BETWEEN 6715076 AND 6716075
	Aggregate  (cost=3985.57..3985.58 rows=1 width=8)
	  ->  Bitmap Heap Scan on sbtest6  (cost=34.97..3983.00 rows=1028 width=121)
	        Recheck Cond: ((id >= 6715076) AND (id <= 6716075))
	        ->  Bitmap Index Scan on sbtest6_pkey  (cost=0.00..34.72 rows=1028 width=0)
	              Index Cond: ((id >= 6715076) AND (id <= 6716075))

table 7 : explain SELECT count(c) FROM sbtest7 WHERE id BETWEEN 1407217 AND 1408216
	Aggregate  (cost=4157.78..4157.79 rows=1 width=8)
	  ->  Bitmap Heap Scan on sbtest7  (cost=35.43..4155.09 rows=1073 width=121)
	        Recheck Cond: ((id >= 1407217) AND (id <= 1408216))
	        ->  Bitmap Index Scan on sbtest7_pkey  (cost=0.00..35.17 rows=1073 width=0)
	              Index Cond: ((id >= 1407217) AND (id <= 1408216))

table 8 : explain SELECT count(c) FROM sbtest8 WHERE id BETWEEN 5064339 AND 5065338
	Aggregate  (cost=3837.16..3837.17 rows=1 width=8)
	  ->  Bitmap Heap Scan on sbtest8  (cost=34.57..3834.69 rows=989 width=121)
	        Recheck Cond: ((id >= 5064339) AND (id <= 5065338))
	        ->  Bitmap Index Scan on sbtest8_pkey  (cost=0.00..34.33 rows=989 width=0)
	              Index Cond: ((id >= 5064339) AND (id <= 5065338))

for: count_ranges
table 1 : explain SELECT count(c) FROM sbtest1 WHERE id BETWEEN 7594576 AND 7595575
	Aggregate  (cost=3759.77..3759.78 rows=1 width=8)
	  ->  Bitmap Heap Scan on sbtest1  (cost=34.36..3757.35 rows=968 width=121)
	        Recheck Cond: ((id >= 7594576) AND (id <= 7595575))
	        ->  Bitmap Index Scan on sbtest1_pkey  (cost=0.00..34.12 rows=968 width=0)
	              Index Cond: ((id >= 7594576) AND (id <= 7595575))

table 2 : explain SELECT count(c) FROM sbtest2 WHERE id BETWEEN 9776464 AND 9777463
	Aggregate  (cost=3707.43..3707.44 rows=1 width=8)
	  ->  Bitmap Heap Scan on sbtest2  (cost=34.22..3705.05 rows=955 width=121)
	        Recheck Cond: ((id >= 9776464) AND (id <= 9777463))
	        ->  Bitmap Index Scan on sbtest2_pkey  (cost=0.00..33.98 rows=955 width=0)
	              Index Cond: ((id >= 9776464) AND (id <= 9777463))

table 3 : explain SELECT count(c) FROM sbtest3 WHERE id BETWEEN 2822211 AND 2823210
	Aggregate  (cost=3879.44..3879.45 rows=1 width=8)
	  ->  Bitmap Heap Scan on sbtest3  (cost=34.67..3876.94 rows=999 width=121)
	        Recheck Cond: ((id >= 2822211) AND (id <= 2823210))
	        ->  Bitmap Index Scan on sbtest3_pkey  (cost=0.00..34.43 rows=999 width=0)
	              Index Cond: ((id >= 2822211) AND (id <= 2823210))

table 4 : explain SELECT count(c) FROM sbtest4 WHERE id BETWEEN 9704077 AND 9705076
	Aggregate  (cost=3936.43..3936.44 rows=1 width=8)
	  ->  Bitmap Heap Scan on sbtest4  (cost=34.83..3933.89 rows=1014 width=121)
	        Recheck Cond: ((id >= 9704077) AND (id <= 9705076))
	        ->  Bitmap Index Scan on sbtest4_pkey  (cost=0.00..34.58 rows=1014 width=0)
	              Index Cond: ((id >= 9704077) AND (id <= 9705076))

table 5 : explain SELECT count(c) FROM sbtest5 WHERE id BETWEEN 4338581 AND 4339580
	Aggregate  (cost=3534.68..3534.69 rows=1 width=8)
	  ->  Bitmap Heap Scan on sbtest5  (cost=29.75..3532.41 rows=909 width=121)
	        Recheck Cond: ((id >= 4338581) AND (id <= 4339580))
	        ->  Bitmap Index Scan on sbtest5_pkey  (cost=0.00..29.52 rows=909 width=0)
	              Index Cond: ((id >= 4338581) AND (id <= 4339580))

table 6 : explain SELECT count(c) FROM sbtest6 WHERE id BETWEEN 8408895 AND 8409894
	Aggregate  (cost=4008.20..4008.21 rows=1 width=8)
	  ->  Bitmap Heap Scan on sbtest6  (cost=35.03..4005.61 rows=1034 width=121)
	        Recheck Cond: ((id >= 8408895) AND (id <= 8409894))
	        ->  Bitmap Index Scan on sbtest6_pkey  (cost=0.00..34.78 rows=1034 width=0)
	              Index Cond: ((id >= 8408895) AND (id <= 8409894))

table 7 : explain SELECT count(c) FROM sbtest7 WHERE id BETWEEN 7469646 AND 7470645
	Aggregate  (cost=3556.84..3556.85 rows=1 width=8)
	  ->  Bitmap Heap Scan on sbtest7  (cost=33.80..3554.55 rows=914 width=121)
	        Recheck Cond: ((id >= 7469646) AND (id <= 7470645))
	        ->  Bitmap Index Scan on sbtest7_pkey  (cost=0.00..33.58 rows=914 width=0)
	              Index Cond: ((id >= 7469646) AND (id <= 7470645))

table 8 : explain SELECT count(c) FROM sbtest8 WHERE id BETWEEN 9327937 AND 9328936
	Aggregate  (cost=3742.76..3742.77 rows=1 width=8)
	  ->  Bitmap Heap Scan on sbtest8  (cost=34.32..3740.35 rows=964 width=121)
	        Recheck Cond: ((id >= 9327937) AND (id <= 9328936))
	        ->  Bitmap Index Scan on sbtest8_pkey  (cost=0.00..34.08 rows=964 width=0)
	              Index Cond: ((id >= 9327937) AND (id <= 9328936))

for: count_ranges
table 1 : explain SELECT count(c) FROM sbtest1 WHERE id BETWEEN 8140111 AND 8141110
	Aggregate  (cost=4016.54..4016.55 rows=1 width=8)
	  ->  Bitmap Heap Scan on sbtest1  (cost=35.05..4013.95 rows=1036 width=121)
	        Recheck Cond: ((id >= 8140111) AND (id <= 8141110))
	        ->  Bitmap Index Scan on sbtest1_pkey  (cost=0.00..34.80 rows=1036 width=0)
	              Index Cond: ((id >= 8140111) AND (id <= 8141110))

table 2 : explain SELECT count(c) FROM sbtest2 WHERE id BETWEEN 4721558 AND 4722557
	Aggregate  (cost=4043.07..4043.08 rows=1 width=8)
	  ->  Bitmap Heap Scan on sbtest2  (cost=35.14..4040.46 rows=1044 width=121)
	        Recheck Cond: ((id >= 4721558) AND (id <= 4722557))
	        ->  Bitmap Index Scan on sbtest2_pkey  (cost=0.00..34.88 rows=1044 width=0)
	              Index Cond: ((id >= 4721558) AND (id <= 4722557))

table 3 : explain SELECT count(c) FROM sbtest3 WHERE id BETWEEN 7948701 AND 7949700
	Aggregate  (cost=3864.32..3864.33 rows=1 width=8)
	  ->  Bitmap Heap Scan on sbtest3  (cost=34.63..3861.83 rows=995 width=121)
	        Recheck Cond: ((id >= 7948701) AND (id <= 7949700))
	        ->  Bitmap Index Scan on sbtest3_pkey  (cost=0.00..34.39 rows=995 width=0)
	              Index Cond: ((id >= 7948701) AND (id <= 7949700))

table 4 : explain SELECT count(c) FROM sbtest4 WHERE id BETWEEN 483478 AND 484477
	Aggregate  (cost=3550.34..3550.35 rows=1 width=8)
	  ->  Bitmap Heap Scan on sbtest4  (cost=33.78..3548.06 rows=912 width=121)
	        Recheck Cond: ((id >= 483478) AND (id <= 484477))
	        ->  Bitmap Index Scan on sbtest4_pkey  (cost=0.00..33.56 rows=912 width=0)
	              Index Cond: ((id >= 483478) AND (id <= 484477))

table 5 : explain SELECT count(c) FROM sbtest5 WHERE id BETWEEN 875463 AND 876462
	Aggregate  (cost=3822.68..3822.69 rows=1 width=8)
	  ->  Bitmap Heap Scan on sbtest5  (cost=34.52..3820.22 rows=984 width=121)
	        Recheck Cond: ((id >= 875463) AND (id <= 876462))
	        ->  Bitmap Index Scan on sbtest5_pkey  (cost=0.00..34.28 rows=984 width=0)
	              Index Cond: ((id >= 875463) AND (id <= 876462))

table 6 : explain SELECT count(c) FROM sbtest6 WHERE id BETWEEN 1374694 AND 1375693
	Aggregate  (cost=3978.03..3978.04 rows=1 width=8)
	  ->  Bitmap Heap Scan on sbtest6  (cost=34.95..3975.46 rows=1026 width=121)
	        Recheck Cond: ((id >= 1374694) AND (id <= 1375693))
	        ->  Bitmap Index Scan on sbtest6_pkey  (cost=0.00..34.70 rows=1026 width=0)
	              Index Cond: ((id >= 1374694) AND (id <= 1375693))

table 7 : explain SELECT count(c) FROM sbtest7 WHERE id BETWEEN 7682996 AND 7683995
	Aggregate  (cost=3382.17..3382.18 rows=1 width=8)
	  ->  Bitmap Heap Scan on sbtest7  (cost=29.34..3380.00 rows=869 width=121)
	        Recheck Cond: ((id >= 7682996) AND (id <= 7683995))
	        ->  Bitmap Index Scan on sbtest7_pkey  (cost=0.00..29.12 rows=869 width=0)
	              Index Cond: ((id >= 7682996) AND (id <= 7683995))

table 8 : explain SELECT count(c) FROM sbtest8 WHERE id BETWEEN 3489772 AND 3490771
	Aggregate  (cost=4059.65..4059.66 rows=1 width=8)
	  ->  Bitmap Heap Scan on sbtest8  (cost=35.18..4057.03 rows=1048 width=121)
	        Recheck Cond: ((id >= 3489772) AND (id <= 3490771))
	        ->  Bitmap Index Scan on sbtest8_pkey  (cost=0.00..34.92 rows=1048 width=0)
	              Index Cond: ((id >= 3489772) AND (id <= 3490771))

for: count_ranges
table 1 : explain SELECT count(c) FROM sbtest1 WHERE id BETWEEN 4814445 AND 4815444
	Aggregate  (cost=3839.13..3839.14 rows=1 width=8)
	  ->  Bitmap Heap Scan on sbtest1  (cost=34.57..3836.66 rows=989 width=121)
	        Recheck Cond: ((id >= 4814445) AND (id <= 4815444))
	        ->  Bitmap Index Scan on sbtest1_pkey  (cost=0.00..34.33 rows=989 width=0)
	              Index Cond: ((id >= 4814445) AND (id <= 4815444))

table 2 : explain SELECT count(c) FROM sbtest2 WHERE id BETWEEN 3305549 AND 3306548
	Aggregate  (cost=3903.66..3903.67 rows=1 width=8)
	  ->  Bitmap Heap Scan on sbtest2  (cost=34.76..3901.14 rows=1007 width=121)
	        Recheck Cond: ((id >= 3305549) AND (id <= 3306548))
	        ->  Bitmap Index Scan on sbtest2_pkey  (cost=0.00..34.51 rows=1007 width=0)
	              Index Cond: ((id >= 3305549) AND (id <= 3306548))

table 3 : explain SELECT count(c) FROM sbtest3 WHERE id BETWEEN 4359179 AND 4360178
	Aggregate  (cost=3992.79..3992.80 rows=1 width=8)
	  ->  Bitmap Heap Scan on sbtest3  (cost=34.98..3990.22 rows=1029 width=121)
	        Recheck Cond: ((id >= 4359179) AND (id <= 4360178))
	        ->  Bitmap Index Scan on sbtest3_pkey  (cost=0.00..34.73 rows=1029 width=0)
	              Index Cond: ((id >= 4359179) AND (id <= 4360178))

table 4 : explain SELECT count(c) FROM sbtest4 WHERE id BETWEEN 4443854 AND 4444853
	Aggregate  (cost=4095.03..4095.04 rows=1 width=8)
	  ->  Bitmap Heap Scan on sbtest4  (cost=35.26..4092.39 rows=1056 width=121)
	        Recheck Cond: ((id >= 4443854) AND (id <= 4444853))
	        ->  Bitmap Index Scan on sbtest4_pkey  (cost=0.00..35.00 rows=1056 width=0)
	              Index Cond: ((id >= 4443854) AND (id <= 4444853))

table 5 : explain SELECT count(c) FROM sbtest5 WHERE id BETWEEN 1595207 AND 1596206
	Aggregate  (cost=3519.51..3519.52 rows=1 width=8)
	  ->  Bitmap Heap Scan on sbtest5  (cost=29.71..3517.25 rows=905 width=121)
	        Recheck Cond: ((id >= 1595207) AND (id <= 1596206))
	        ->  Bitmap Index Scan on sbtest5_pkey  (cost=0.00..29.48 rows=905 width=0)
	              Index Cond: ((id >= 1595207) AND (id <= 1596206))

table 6 : explain SELECT count(c) FROM sbtest6 WHERE id BETWEEN 1120416 AND 1121415
	Aggregate  (cost=3638.05..3638.06 rows=1 width=8)
	  ->  Bitmap Heap Scan on sbtest6  (cost=34.03..3635.71 rows=936 width=121)
	        Recheck Cond: ((id >= 1120416) AND (id <= 1121415))
	        ->  Bitmap Index Scan on sbtest6_pkey  (cost=0.00..33.80 rows=936 width=0)
	              Index Cond: ((id >= 1120416) AND (id <= 1121415))

table 7 : explain SELECT count(c) FROM sbtest7 WHERE id BETWEEN 1524746 AND 1525745
	Aggregate  (cost=3704.53..3704.54 rows=1 width=8)
	  ->  Bitmap Heap Scan on sbtest7  (cost=34.20..3702.15 rows=953 width=121)
	        Recheck Cond: ((id >= 1524746) AND (id <= 1525745))
	        ->  Bitmap Index Scan on sbtest7_pkey  (cost=0.00..33.97 rows=953 width=0)
	              Index Cond: ((id >= 1524746) AND (id <= 1525745))

table 8 : explain SELECT count(c) FROM sbtest8 WHERE id BETWEEN 5726163 AND 5727162
	Aggregate  (cost=4044.58..4044.59 rows=1 width=8)
	  ->  Bitmap Heap Scan on sbtest8  (cost=35.14..4041.97 rows=1044 width=121)
	        Recheck Cond: ((id >= 5726163) AND (id <= 5727162))
	        ->  Bitmap Index Scan on sbtest8_pkey  (cost=0.00..34.88 rows=1044 width=0)
	              Index Cond: ((id >= 5726163) AND (id <= 5727162))

for: count_ranges
table 1 : explain SELECT count(c) FROM sbtest1 WHERE id BETWEEN 1985718 AND 1986717
	Aggregate  (cost=4076.87..4076.88 rows=1 width=8)
	  ->  Bitmap Heap Scan on sbtest1  (cost=35.22..4074.24 rows=1052 width=121)
	        Recheck Cond: ((id >= 1985718) AND (id <= 1986717))
	        ->  Bitmap Index Scan on sbtest1_pkey  (cost=0.00..34.95 rows=1052 width=0)
	              Index Cond: ((id >= 1985718) AND (id <= 1986717))

table 2 : explain SELECT count(c) FROM sbtest2 WHERE id BETWEEN 3952154 AND 3953153
	Aggregate  (cost=3692.32..3692.33 rows=1 width=8)
	  ->  Bitmap Heap Scan on sbtest2  (cost=34.18..3689.95 rows=951 width=121)
	        Recheck Cond: ((id >= 3952154) AND (id <= 3953153))
	        ->  Bitmap Index Scan on sbtest2_pkey  (cost=0.00..33.95 rows=951 width=0)
	              Index Cond: ((id >= 3952154) AND (id <= 3953153))

table 3 : explain SELECT count(c) FROM sbtest3 WHERE id BETWEEN 9845061 AND 9846060
	Aggregate  (cost=4049.42..4049.43 rows=1 width=8)
	  ->  Bitmap Heap Scan on sbtest3  (cost=35.14..4046.81 rows=1044 width=121)
	        Recheck Cond: ((id >= 9845061) AND (id <= 9846060))
	        ->  Bitmap Index Scan on sbtest3_pkey  (cost=0.00..34.88 rows=1044 width=0)
	              Index Cond: ((id >= 9845061) AND (id <= 9846060))

table 4 : explain SELECT count(c) FROM sbtest4 WHERE id BETWEEN 761020 AND 762019
	Aggregate  (cost=4441.94..4441.95 rows=1 width=8)
	  ->  Bitmap Heap Scan on sbtest4  (cost=40.19..4439.07 rows=1147 width=121)
	        Recheck Cond: ((id >= 761020) AND (id <= 762019))
	        ->  Bitmap Index Scan on sbtest4_pkey  (cost=0.00..39.91 rows=1147 width=0)
	              Index Cond: ((id >= 761020) AND (id <= 762019))

table 5 : explain SELECT count(c) FROM sbtest5 WHERE id BETWEEN 4904573 AND 4905572
	Aggregate  (cost=4060.70..4060.71 rows=1 width=8)
	  ->  Bitmap Heap Scan on sbtest5  (cost=35.17..4058.09 rows=1047 width=121)
	        Recheck Cond: ((id >= 4904573) AND (id <= 4905572))
	        ->  Bitmap Index Scan on sbtest5_pkey  (cost=0.00..34.91 rows=1047 width=0)
	              Index Cond: ((id >= 4904573) AND (id <= 4905572))

table 6 : explain SELECT count(c) FROM sbtest6 WHERE id BETWEEN 8224873 AND 8225872
	Aggregate  (cost=4140.10..4140.11 rows=1 width=8)
	  ->  Bitmap Heap Scan on sbtest6  (cost=35.39..4137.43 rows=1069 width=121)
	        Recheck Cond: ((id >= 8224873) AND (id <= 8225872))
	        ->  Bitmap Index Scan on sbtest6_pkey  (cost=0.00..35.12 rows=1069 width=0)
	              Index Cond: ((id >= 8224873) AND (id <= 8225872))

table 7 : explain SELECT count(c) FROM sbtest7 WHERE id BETWEEN 6262278 AND 6263277
	Aggregate  (cost=3632.60..3632.61 rows=1 width=8)
	  ->  Bitmap Heap Scan on sbtest7  (cost=34.01..3630.27 rows=934 width=121)
	        Recheck Cond: ((id >= 6262278) AND (id <= 6263277))
	        ->  Bitmap Index Scan on sbtest7_pkey  (cost=0.00..33.78 rows=934 width=0)
	              Index Cond: ((id >= 6262278) AND (id <= 6263277))

table 8 : explain SELECT count(c) FROM sbtest8 WHERE id BETWEEN 922056 AND 923055
	Aggregate  (cost=4029.50..4029.51 rows=1 width=8)
	  ->  Bitmap Heap Scan on sbtest8  (cost=35.09..4026.90 rows=1040 width=121)
	        Recheck Cond: ((id >= 922056) AND (id <= 923055))
	        ->  Bitmap Index Scan on sbtest8_pkey  (cost=0.00..34.84 rows=1040 width=0)
	              Index Cond: ((id >= 922056) AND (id <= 923055))

for: count_ranges
table 1 : explain SELECT count(c) FROM sbtest1 WHERE id BETWEEN 4374308 AND 4375307
	Aggregate  (cost=3721.96..3721.97 rows=1 width=8)
	  ->  Bitmap Heap Scan on sbtest1  (cost=34.25..3719.57 rows=958 width=121)
	        Recheck Cond: ((id >= 4374308) AND (id <= 4375307))
	        ->  Bitmap Index Scan on sbtest1_pkey  (cost=0.00..34.02 rows=958 width=0)
	              Index Cond: ((id >= 4374308) AND (id <= 4375307))

table 2 : explain SELECT count(c) FROM sbtest2 WHERE id BETWEEN 4411853 AND 4412852
	Aggregate  (cost=4118.36..4118.37 rows=1 width=8)
	  ->  Bitmap Heap Scan on sbtest2  (cost=35.34..4115.70 rows=1064 width=121)
	        Recheck Cond: ((id >= 4411853) AND (id <= 4412852))
	        ->  Bitmap Index Scan on sbtest2_pkey  (cost=0.00..35.08 rows=1064 width=0)
	              Index Cond: ((id >= 4411853) AND (id <= 4412852))

table 3 : explain SELECT count(c) FROM sbtest3 WHERE id BETWEEN 6628436 AND 6629435
	Aggregate  (cost=3928.57..3928.58 rows=1 width=8)
	  ->  Bitmap Heap Scan on sbtest3  (cost=34.81..3926.04 rows=1012 width=121)
	        Recheck Cond: ((id >= 6628436) AND (id <= 6629435))
	        ->  Bitmap Index Scan on sbtest3_pkey  (cost=0.00..34.56 rows=1012 width=0)
	              Index Cond: ((id >= 6628436) AND (id <= 6629435))

table 4 : explain SELECT count(c) FROM sbtest4 WHERE id BETWEEN 8529019 AND 8530018
	Aggregate  (cost=3849.48..3849.49 rows=1 width=8)
	  ->  Bitmap Heap Scan on sbtest4  (cost=34.59..3847.00 rows=991 width=121)
	        Recheck Cond: ((id >= 8529019) AND (id <= 8530018))
	        ->  Bitmap Index Scan on sbtest4_pkey  (cost=0.00..34.34 rows=991 width=0)
	              Index Cond: ((id >= 8529019) AND (id <= 8530018))

table 5 : explain SELECT count(c) FROM sbtest5 WHERE id BETWEEN 7584922 AND 7585921
	Aggregate  (cost=3864.28..3864.29 rows=1 width=8)
	  ->  Bitmap Heap Scan on sbtest5  (cost=34.63..3861.79 rows=995 width=121)
	        Recheck Cond: ((id >= 7584922) AND (id <= 7585921))
	        ->  Bitmap Index Scan on sbtest5_pkey  (cost=0.00..34.39 rows=995 width=0)
	              Index Cond: ((id >= 7584922) AND (id <= 7585921))

table 6 : explain SELECT count(c) FROM sbtest6 WHERE id BETWEEN 9064118 AND 9065117
	Aggregate  (cost=3645.61..3645.62 rows=1 width=8)
	  ->  Bitmap Heap Scan on sbtest6  (cost=34.05..3643.27 rows=938 width=121)
	        Recheck Cond: ((id >= 9064118) AND (id <= 9065117))
	        ->  Bitmap Index Scan on sbtest6_pkey  (cost=0.00..33.82 rows=938 width=0)
	              Index Cond: ((id >= 9064118) AND (id <= 9065117))

table 7 : explain SELECT count(c) FROM sbtest7 WHERE id BETWEEN 6624618 AND 6625617
	Aggregate  (cost=3609.88..3609.89 rows=1 width=8)
	  ->  Bitmap Heap Scan on sbtest7  (cost=33.95..3607.56 rows=928 width=121)
	        Recheck Cond: ((id >= 6624618) AND (id <= 6625617))
	        ->  Bitmap Index Scan on sbtest7_pkey  (cost=0.00..33.72 rows=928 width=0)
	              Index Cond: ((id >= 6624618) AND (id <= 6625617))

table 8 : explain SELECT count(c) FROM sbtest8 WHERE id BETWEEN 7289440 AND 7290439
	Aggregate  (cost=3976.74..3976.75 rows=1 width=8)
	  ->  Bitmap Heap Scan on sbtest8  (cost=34.95..3974.17 rows=1026 width=121)
	        Recheck Cond: ((id >= 7289440) AND (id <= 7290439))
	        ->  Bitmap Index Scan on sbtest8_pkey  (cost=0.00..34.70 rows=1026 width=0)
	              Index Cond: ((id >= 7289440) AND (id <= 7290439))

for: count_ranges
table 1 : explain SELECT count(c) FROM sbtest1 WHERE id BETWEEN 3020127 AND 3021126
	Aggregate  (cost=3854.24..3854.25 rows=1 width=8)
	  ->  Bitmap Heap Scan on sbtest1  (cost=34.61..3851.76 rows=993 width=121)
	        Recheck Cond: ((id >= 3020127) AND (id <= 3021126))
	        ->  Bitmap Index Scan on sbtest1_pkey  (cost=0.00..34.37 rows=993 width=0)
	              Index Cond: ((id >= 3020127) AND (id <= 3021126))

table 2 : explain SELECT count(c) FROM sbtest2 WHERE id BETWEEN 6709664 AND 6710663
	Aggregate  (cost=3835.77..3835.78 rows=1 width=8)
	  ->  Bitmap Heap Scan on sbtest2  (cost=34.57..3833.30 rows=989 width=121)
	        Recheck Cond: ((id >= 6709664) AND (id <= 6710663))
	        ->  Bitmap Index Scan on sbtest2_pkey  (cost=0.00..34.33 rows=989 width=0)
	              Index Cond: ((id >= 6709664) AND (id <= 6710663))

table 3 : explain SELECT count(c) FROM sbtest3 WHERE id BETWEEN 8406552 AND 8407551
	Aggregate  (cost=3709.20..3709.21 rows=1 width=8)
	  ->  Bitmap Heap Scan on sbtest3  (cost=34.21..3706.82 rows=954 width=121)
	        Recheck Cond: ((id >= 8406552) AND (id <= 8407551))
	        ->  Bitmap Index Scan on sbtest3_pkey  (cost=0.00..33.98 rows=954 width=0)
	              Index Cond: ((id >= 8406552) AND (id <= 8407551))

table 4 : explain SELECT count(c) FROM sbtest4 WHERE id BETWEEN 5313616 AND 5314615
	Aggregate  (cost=3614.78..3614.79 rows=1 width=8)
	  ->  Bitmap Heap Scan on sbtest4  (cost=33.96..3612.46 rows=929 width=121)
	        Recheck Cond: ((id >= 5313616) AND (id <= 5314615))
	        ->  Bitmap Index Scan on sbtest4_pkey  (cost=0.00..33.73 rows=929 width=0)
	              Index Cond: ((id >= 5313616) AND (id <= 5314615))

table 5 : explain SELECT count(c) FROM sbtest5 WHERE id BETWEEN 3555968 AND 3556967
	Aggregate  (cost=4117.30..4117.31 rows=1 width=8)
	  ->  Bitmap Heap Scan on sbtest5  (cost=35.32..4114.65 rows=1062 width=121)
	        Recheck Cond: ((id >= 3555968) AND (id <= 3556967))
	        ->  Bitmap Index Scan on sbtest5_pkey  (cost=0.00..35.06 rows=1062 width=0)
	              Index Cond: ((id >= 3555968) AND (id <= 3556967))

table 6 : explain SELECT count(c) FROM sbtest6 WHERE id BETWEEN 8214039 AND 8215038
	Aggregate  (cost=4140.10..4140.11 rows=1 width=8)
	  ->  Bitmap Heap Scan on sbtest6  (cost=35.39..4137.43 rows=1069 width=121)
	        Recheck Cond: ((id >= 8214039) AND (id <= 8215038))
	        ->  Bitmap Index Scan on sbtest6_pkey  (cost=0.00..35.12 rows=1069 width=0)
	              Index Cond: ((id >= 8214039) AND (id <= 8215038))

table 7 : explain SELECT count(c) FROM sbtest7 WHERE id BETWEEN 3420218 AND 3421217
	Aggregate  (cost=3461.85..3461.86 rows=1 width=8)
	  ->  Bitmap Heap Scan on sbtest7  (cost=29.56..3459.62 rows=890 width=121)
	        Recheck Cond: ((id >= 3420218) AND (id <= 3421217))
	        ->  Bitmap Index Scan on sbtest7_pkey  (cost=0.00..29.33 rows=890 width=0)
	              Index Cond: ((id >= 3420218) AND (id <= 3421217))

table 8 : explain SELECT count(c) FROM sbtest8 WHERE id BETWEEN 5748249 AND 5749248
	Aggregate  (cost=4044.58..4044.59 rows=1 width=8)
	  ->  Bitmap Heap Scan on sbtest8  (cost=35.14..4041.97 rows=1044 width=121)
	        Recheck Cond: ((id >= 5748249) AND (id <= 5749248))
	        ->  Bitmap Index Scan on sbtest8_pkey  (cost=0.00..34.88 rows=1044 width=0)
	              Index Cond: ((id >= 5748249) AND (id <= 5749248))

for: count_ranges
table 1 : explain SELECT count(c) FROM sbtest1 WHERE id BETWEEN 8372400 AND 8373399
	Aggregate  (cost=4701.28..4701.29 rows=1 width=8)
	  ->  Bitmap Heap Scan on sbtest1  (cost=40.92..4698.24 rows=1218 width=121)
	        Recheck Cond: ((id >= 8372400) AND (id <= 8373399))
	        ->  Bitmap Index Scan on sbtest1_pkey  (cost=0.00..40.62 rows=1218 width=0)
	              Index Cond: ((id >= 8372400) AND (id <= 8373399))

table 2 : explain SELECT count(c) FROM sbtest2 WHERE id BETWEEN 3696194 AND 3697193
	Aggregate  (cost=3982.81..3982.82 rows=1 width=8)
	  ->  Bitmap Heap Scan on sbtest2  (cost=34.97..3980.24 rows=1028 width=121)
	        Recheck Cond: ((id >= 3696194) AND (id <= 3697193))
	        ->  Bitmap Index Scan on sbtest2_pkey  (cost=0.00..34.72 rows=1028 width=0)
	              Index Cond: ((id >= 3696194) AND (id <= 3697193))

table 3 : explain SELECT count(c) FROM sbtest3 WHERE id BETWEEN 3060868 AND 3061867
	Aggregate  (cost=3667.55..3667.56 rows=1 width=8)
	  ->  Bitmap Heap Scan on sbtest3  (cost=34.10..3665.19 rows=943 width=121)
	        Recheck Cond: ((id >= 3060868) AND (id <= 3061867))
	        ->  Bitmap Index Scan on sbtest3_pkey  (cost=0.00..33.87 rows=943 width=0)
	              Index Cond: ((id >= 3060868) AND (id <= 3061867))

table 4 : explain SELECT count(c) FROM sbtest4 WHERE id BETWEEN 5679800 AND 5680799
	Aggregate  (cost=3993.09..3993.10 rows=1 width=8)
	  ->  Bitmap Heap Scan on sbtest4  (cost=34.98..3990.52 rows=1029 width=121)
	        Recheck Cond: ((id >= 5679800) AND (id <= 5680799))
	        ->  Bitmap Index Scan on sbtest4_pkey  (cost=0.00..34.73 rows=1029 width=0)
	              Index Cond: ((id >= 5679800) AND (id <= 5680799))

table 5 : explain SELECT count(c) FROM sbtest5 WHERE id BETWEEN 3141496 AND 3142495
	Aggregate  (cost=4011.63..4011.64 rows=1 width=8)
	  ->  Bitmap Heap Scan on sbtest5  (cost=35.03..4009.04 rows=1034 width=121)
	        Recheck Cond: ((id >= 3141496) AND (id <= 3142495))
	        ->  Bitmap Index Scan on sbtest5_pkey  (cost=0.00..34.78 rows=1034 width=0)
	              Index Cond: ((id >= 3141496) AND (id <= 3142495))

table 6 : explain SELECT count(c) FROM sbtest6 WHERE id BETWEEN 8574192 AND 8575191
	Aggregate  (cost=3585.07..3585.08 rows=1 width=8)
	  ->  Bitmap Heap Scan on sbtest6  (cost=33.89..3582.76 rows=922 width=121)
	        Recheck Cond: ((id >= 8574192) AND (id <= 8575191))
	        ->  Bitmap Index Scan on sbtest6_pkey  (cost=0.00..33.66 rows=922 width=0)
	              Index Cond: ((id >= 8574192) AND (id <= 8575191))

table 7 : explain SELECT count(c) FROM sbtest7 WHERE id BETWEEN 1012112 AND 1013111
	Aggregate  (cost=3946.48..3946.49 rows=1 width=8)
	  ->  Bitmap Heap Scan on sbtest7  (cost=34.86..3943.94 rows=1017 width=121)
	        Recheck Cond: ((id >= 1012112) AND (id <= 1013111))
	        ->  Bitmap Index Scan on sbtest7_pkey  (cost=0.00..34.61 rows=1017 width=0)
	              Index Cond: ((id >= 1012112) AND (id <= 1013111))

table 8 : explain SELECT count(c) FROM sbtest8 WHERE id BETWEEN 1103939 AND 1104938
	Aggregate  (cost=3791.86..3791.87 rows=1 width=8)
	  ->  Bitmap Heap Scan on sbtest8  (cost=34.45..3789.42 rows=977 width=121)
	        Recheck Cond: ((id >= 1103939) AND (id <= 1104938))
	        ->  Bitmap Index Scan on sbtest8_pkey  (cost=0.00..34.20 rows=977 width=0)
	              Index Cond: ((id >= 1103939) AND (id <= 1104938))

for: count_ranges
table 1 : explain SELECT count(c) FROM sbtest1 WHERE id BETWEEN 4940361 AND 4941360
	Aggregate  (cost=3699.27..3699.28 rows=1 width=8)
	  ->  Bitmap Heap Scan on sbtest1  (cost=34.19..3696.89 rows=952 width=121)
	        Recheck Cond: ((id >= 4940361) AND (id <= 4941360))
	        ->  Bitmap Index Scan on sbtest1_pkey  (cost=0.00..33.95 rows=952 width=0)
	              Index Cond: ((id >= 4940361) AND (id <= 4941360))

table 2 : explain SELECT count(c) FROM sbtest2 WHERE id BETWEEN 9412870 AND 9413869
	Aggregate  (cost=3374.33..3374.34 rows=1 width=8)
	  ->  Bitmap Heap Scan on sbtest2  (cost=29.33..3372.16 rows=868 width=121)
	        Recheck Cond: ((id >= 9412870) AND (id <= 9413869))
	        ->  Bitmap Index Scan on sbtest2_pkey  (cost=0.00..29.11 rows=868 width=0)
	              Index Cond: ((id >= 9412870) AND (id <= 9413869))

table 3 : explain SELECT count(c) FROM sbtest3 WHERE id BETWEEN 781689 AND 782688
	Aggregate  (cost=3557.67..3557.68 rows=1 width=8)
	  ->  Bitmap Heap Scan on sbtest3  (cost=33.80..3555.38 rows=914 width=121)
	        Recheck Cond: ((id >= 781689) AND (id <= 782688))
	        ->  Bitmap Index Scan on sbtest3_pkey  (cost=0.00..33.58 rows=914 width=0)
	              Index Cond: ((id >= 781689) AND (id <= 782688))

table 4 : explain SELECT count(c) FROM sbtest4 WHERE id BETWEEN 5179802 AND 5180801
	Aggregate  (cost=3894.85..3894.86 rows=1 width=8)
	  ->  Bitmap Heap Scan on sbtest4  (cost=34.72..3892.34 rows=1003 width=121)
	        Recheck Cond: ((id >= 5179802) AND (id <= 5180801))
	        ->  Bitmap Index Scan on sbtest4_pkey  (cost=0.00..34.47 rows=1003 width=0)
	              Index Cond: ((id >= 5179802) AND (id <= 5180801))

table 5 : explain SELECT count(c) FROM sbtest5 WHERE id BETWEEN 3427150 AND 3428149
	Aggregate  (cost=4072.03..4072.04 rows=1 width=8)
	  ->  Bitmap Heap Scan on sbtest5  (cost=35.20..4069.40 rows=1050 width=121)
	        Recheck Cond: ((id >= 3427150) AND (id <= 3428149))
	        ->  Bitmap Index Scan on sbtest5_pkey  (cost=0.00..34.94 rows=1050 width=0)
	              Index Cond: ((id >= 3427150) AND (id <= 3428149))

table 6 : explain SELECT count(c) FROM sbtest6 WHERE id BETWEEN 8169980 AND 8170979
	Aggregate  (cost=4140.10..4140.11 rows=1 width=8)
	  ->  Bitmap Heap Scan on sbtest6  (cost=35.39..4137.43 rows=1069 width=121)
	        Recheck Cond: ((id >= 8169980) AND (id <= 8170979))
	        ->  Bitmap Index Scan on sbtest6_pkey  (cost=0.00..35.12 rows=1069 width=0)
	              Index Cond: ((id >= 8169980) AND (id <= 8170979))

table 7 : explain SELECT count(c) FROM sbtest7 WHERE id BETWEEN 1818627 AND 1819626
	Aggregate  (cost=3965.36..3965.37 rows=1 width=8)
	  ->  Bitmap Heap Scan on sbtest7  (cost=34.91..3962.81 rows=1022 width=121)
	        Recheck Cond: ((id >= 1818627) AND (id <= 1819626))
	        ->  Bitmap Index Scan on sbtest7_pkey  (cost=0.00..34.66 rows=1022 width=0)
	              Index Cond: ((id >= 1818627) AND (id <= 1819626))

table 8 : explain SELECT count(c) FROM sbtest8 WHERE id BETWEEN 1025639 AND 1026638
	Aggregate  (cost=3803.19..3803.20 rows=1 width=8)
	  ->  Bitmap Heap Scan on sbtest8  (cost=34.48..3800.74 rows=980 width=121)
	        Recheck Cond: ((id >= 1025639) AND (id <= 1026638))
	        ->  Bitmap Index Scan on sbtest8_pkey  (cost=0.00..34.23 rows=980 width=0)
	              Index Cond: ((id >= 1025639) AND (id <= 1026638))

for: count_ranges
table 1 : explain SELECT count(c) FROM sbtest1 WHERE id BETWEEN 9863372 AND 9864371
	Aggregate  (cost=3858.02..3858.03 rows=1 width=8)
	  ->  Bitmap Heap Scan on sbtest1  (cost=34.62..3855.53 rows=994 width=121)
	        Recheck Cond: ((id >= 9863372) AND (id <= 9864371))
	        ->  Bitmap Index Scan on sbtest1_pkey  (cost=0.00..34.38 rows=994 width=0)
	              Index Cond: ((id >= 9863372) AND (id <= 9864371))

table 2 : explain SELECT count(c) FROM sbtest2 WHERE id BETWEEN 3461643 AND 3462642
	Aggregate  (cost=3658.32..3658.33 rows=1 width=8)
	  ->  Bitmap Heap Scan on sbtest2  (cost=34.09..3655.97 rows=942 width=121)
	        Recheck Cond: ((id >= 3461643) AND (id <= 3462642))
	        ->  Bitmap Index Scan on sbtest2_pkey  (cost=0.00..33.86 rows=942 width=0)
	              Index Cond: ((id >= 3461643) AND (id <= 3462642))

table 3 : explain SELECT count(c) FROM sbtest3 WHERE id BETWEEN 1114751 AND 1115750
	Aggregate  (cost=3701.63..3701.64 rows=1 width=8)
	  ->  Bitmap Heap Scan on sbtest3  (cost=34.19..3699.25 rows=952 width=121)
	        Recheck Cond: ((id >= 1114751) AND (id <= 1115750))
	        ->  Bitmap Index Scan on sbtest3_pkey  (cost=0.00..33.95 rows=952 width=0)
	              Index Cond: ((id >= 1114751) AND (id <= 1115750))

table 4 : explain SELECT count(c) FROM sbtest4 WHERE id BETWEEN 1425928 AND 1426927
	Aggregate  (cost=4053.51..4053.52 rows=1 width=8)
	  ->  Bitmap Heap Scan on sbtest4  (cost=35.15..4050.90 rows=1045 width=121)
	        Recheck Cond: ((id >= 1425928) AND (id <= 1426927))
	        ->  Bitmap Index Scan on sbtest4_pkey  (cost=0.00..34.89 rows=1045 width=0)
	              Index Cond: ((id >= 1425928) AND (id <= 1426927))

table 5 : explain SELECT count(c) FROM sbtest5 WHERE id BETWEEN 3398868 AND 3399867
	Aggregate  (cost=3758.37..3758.38 rows=1 width=8)
	  ->  Bitmap Heap Scan on sbtest5  (cost=34.35..3755.96 rows=967 width=121)
	        Recheck Cond: ((id >= 3398868) AND (id <= 3399867))
	        ->  Bitmap Index Scan on sbtest5_pkey  (cost=0.00..34.11 rows=967 width=0)
	              Index Cond: ((id >= 3398868) AND (id <= 3399867))

table 6 : explain SELECT count(c) FROM sbtest6 WHERE id BETWEEN 220420 AND 221419
	Aggregate  (cost=4087.36..4087.37 rows=1 width=8)
	  ->  Bitmap Heap Scan on sbtest6  (cost=35.25..4084.72 rows=1055 width=121)
	        Recheck Cond: ((id >= 220420) AND (id <= 221419))
	        ->  Bitmap Index Scan on sbtest6_pkey  (cost=0.00..34.98 rows=1055 width=0)
	              Index Cond: ((id >= 220420) AND (id <= 221419))

table 7 : explain SELECT count(c) FROM sbtest7 WHERE id BETWEEN 6645675 AND 6646674
	Aggregate  (cost=3609.88..3609.89 rows=1 width=8)
	  ->  Bitmap Heap Scan on sbtest7  (cost=33.95..3607.56 rows=928 width=121)
	        Recheck Cond: ((id >= 6645675) AND (id <= 6646674))
	        ->  Bitmap Index Scan on sbtest7_pkey  (cost=0.00..33.72 rows=928 width=0)
	              Index Cond: ((id >= 6645675) AND (id <= 6646674))

table 8 : explain SELECT count(c) FROM sbtest8 WHERE id BETWEEN 310407 AND 311406
	Aggregate  (cost=3526.99..3527.00 rows=1 width=8)
	  ->  Bitmap Heap Scan on sbtest8  (cost=29.74..3524.72 rows=908 width=121)
	        Recheck Cond: ((id >= 310407) AND (id <= 311406))
	        ->  Bitmap Index Scan on sbtest8_pkey  (cost=0.00..29.51 rows=908 width=0)
	              Index Cond: ((id >= 310407) AND (id <= 311406))

for: count_ranges
table 1 : explain SELECT count(c) FROM sbtest1 WHERE id BETWEEN 1092582 AND 1093581
	Aggregate  (cost=3755.99..3756.00 rows=1 width=8)
	  ->  Bitmap Heap Scan on sbtest1  (cost=34.35..3753.57 rows=967 width=121)
	        Recheck Cond: ((id >= 1092582) AND (id <= 1093581))
	        ->  Bitmap Index Scan on sbtest1_pkey  (cost=0.00..34.11 rows=967 width=0)
	              Index Cond: ((id >= 1092582) AND (id <= 1093581))

table 2 : explain SELECT count(c) FROM sbtest2 WHERE id BETWEEN 5461664 AND 5462663
	Aggregate  (cost=3658.32..3658.33 rows=1 width=8)
	  ->  Bitmap Heap Scan on sbtest2  (cost=34.09..3655.97 rows=942 width=121)
	        Recheck Cond: ((id >= 5461664) AND (id <= 5462663))
	        ->  Bitmap Index Scan on sbtest2_pkey  (cost=0.00..33.86 rows=942 width=0)
	              Index Cond: ((id >= 5461664) AND (id <= 5462663))

table 3 : explain SELECT count(c) FROM sbtest3 WHERE id BETWEEN 6551823 AND 6552822
	Aggregate  (cost=3728.13..3728.14 rows=1 width=8)
	  ->  Bitmap Heap Scan on sbtest3  (cost=34.26..3725.73 rows=959 width=121)
	        Recheck Cond: ((id >= 6551823) AND (id <= 6552822))
	        ->  Bitmap Index Scan on sbtest3_pkey  (cost=0.00..34.03 rows=959 width=0)
	              Index Cond: ((id >= 6551823) AND (id <= 6552822))

table 4 : explain SELECT count(c) FROM sbtest4 WHERE id BETWEEN 8568010 AND 8569009
	Aggregate  (cost=3849.48..3849.49 rows=1 width=8)
	  ->  Bitmap Heap Scan on sbtest4  (cost=34.59..3847.00 rows=991 width=121)
	        Recheck Cond: ((id >= 8568010) AND (id <= 8569009))
	        ->  Bitmap Index Scan on sbtest4_pkey  (cost=0.00..34.34 rows=991 width=0)
	              Index Cond: ((id >= 8568010) AND (id <= 8569009))

table 5 : explain SELECT count(c) FROM sbtest5 WHERE id BETWEEN 4956129 AND 4957128
	Aggregate  (cost=3648.58..3648.59 rows=1 width=8)
	  ->  Bitmap Heap Scan on sbtest5  (cost=34.05..3646.24 rows=938 width=121)
	        Recheck Cond: ((id >= 4956129) AND (id <= 4957128))
	        ->  Bitmap Index Scan on sbtest5_pkey  (cost=0.00..33.82 rows=938 width=0)
	              Index Cond: ((id >= 4956129) AND (id <= 4957128))

table 6 : explain SELECT count(c) FROM sbtest6 WHERE id BETWEEN 1530221 AND 1531220
	Aggregate  (cost=3819.50..3819.51 rows=1 width=8)
	  ->  Bitmap Heap Scan on sbtest6  (cost=34.52..3817.04 rows=984 width=121)
	        Recheck Cond: ((id >= 1530221) AND (id <= 1531220))
	        ->  Bitmap Index Scan on sbtest6_pkey  (cost=0.00..34.28 rows=984 width=0)
	              Index Cond: ((id >= 1530221) AND (id <= 1531220))

table 7 : explain SELECT count(c) FROM sbtest7 WHERE id BETWEEN 3190868 AND 3191867
	Aggregate  (cost=4320.00..4320.01 rows=1 width=8)
	  ->  Bitmap Heap Scan on sbtest7  (cost=39.86..4317.21 rows=1115 width=121)
	        Recheck Cond: ((id >= 3190868) AND (id <= 3191867))
	        ->  Bitmap Index Scan on sbtest7_pkey  (cost=0.00..39.59 rows=1115 width=0)
	              Index Cond: ((id >= 3190868) AND (id <= 3191867))

table 8 : explain SELECT count(c) FROM sbtest8 WHERE id BETWEEN 277819 AND 278818
	Aggregate  (cost=3526.99..3527.00 rows=1 width=8)
	  ->  Bitmap Heap Scan on sbtest8  (cost=29.74..3524.72 rows=908 width=121)
	        Recheck Cond: ((id >= 277819) AND (id <= 278818))
	        ->  Bitmap Index Scan on sbtest8_pkey  (cost=0.00..29.51 rows=908 width=0)
	              Index Cond: ((id >= 277819) AND (id <= 278818))

for: count_ranges
table 1 : explain SELECT count(c) FROM sbtest1 WHERE id BETWEEN 5975529 AND 5976528
	Aggregate  (cost=4622.50..4622.51 rows=1 width=8)
	  ->  Bitmap Heap Scan on sbtest1  (cost=40.70..4619.51 rows=1197 width=121)
	        Recheck Cond: ((id >= 5975529) AND (id <= 5976528))
	        ->  Bitmap Index Scan on sbtest1_pkey  (cost=0.00..40.41 rows=1197 width=0)
	              Index Cond: ((id >= 5975529) AND (id <= 5976528))

table 2 : explain SELECT count(c) FROM sbtest2 WHERE id BETWEEN 3466844 AND 3467843
	Aggregate  (cost=3658.32..3658.33 rows=1 width=8)
	  ->  Bitmap Heap Scan on sbtest2  (cost=34.09..3655.97 rows=942 width=121)
	        Recheck Cond: ((id >= 3466844) AND (id <= 3467843))
	        ->  Bitmap Index Scan on sbtest2_pkey  (cost=0.00..33.86 rows=942 width=0)
	              Index Cond: ((id >= 3466844) AND (id <= 3467843))

table 3 : explain SELECT count(c) FROM sbtest3 WHERE id BETWEEN 4572466 AND 4573465
	Aggregate  (cost=3584.20..3584.21 rows=1 width=8)
	  ->  Bitmap Heap Scan on sbtest3  (cost=33.88..3581.90 rows=921 width=121)
	        Recheck Cond: ((id >= 4572466) AND (id <= 4573465))
	        ->  Bitmap Index Scan on sbtest3_pkey  (cost=0.00..33.65 rows=921 width=0)
	              Index Cond: ((id >= 4572466) AND (id <= 4573465))

table 4 : explain SELECT count(c) FROM sbtest4 WHERE id BETWEEN 5636323 AND 5637322
	Aggregate  (cost=3993.09..3993.10 rows=1 width=8)
	  ->  Bitmap Heap Scan on sbtest4  (cost=34.98..3990.52 rows=1029 width=121)
	        Recheck Cond: ((id >= 5636323) AND (id <= 5637322))
	        ->  Bitmap Index Scan on sbtest4_pkey  (cost=0.00..34.73 rows=1029 width=0)
	              Index Cond: ((id >= 5636323) AND (id <= 5637322))

table 5 : explain SELECT count(c) FROM sbtest5 WHERE id BETWEEN 3347482 AND 3348481
	Aggregate  (cost=3758.37..3758.38 rows=1 width=8)
	  ->  Bitmap Heap Scan on sbtest5  (cost=34.35..3755.96 rows=967 width=121)
	        Recheck Cond: ((id >= 3347482) AND (id <= 3348481))
	        ->  Bitmap Index Scan on sbtest5_pkey  (cost=0.00..34.11 rows=967 width=0)
	              Index Cond: ((id >= 3347482) AND (id <= 3348481))

table 6 : explain SELECT count(c) FROM sbtest6 WHERE id BETWEEN 5484731 AND 5485730
	Aggregate  (cost=3940.30..3940.31 rows=1 width=8)
	  ->  Bitmap Heap Scan on sbtest6  (cost=34.85..3937.76 rows=1016 width=121)
	        Recheck Cond: ((id >= 5484731) AND (id <= 5485730))
	        ->  Bitmap Index Scan on sbtest6_pkey  (cost=0.00..34.59 rows=1016 width=0)
	              Index Cond: ((id >= 5484731) AND (id <= 5485730))

table 7 : explain SELECT count(c) FROM sbtest7 WHERE id BETWEEN 5895344 AND 5896343
	Aggregate  (cost=4221.84..4221.85 rows=1 width=8)
	  ->  Bitmap Heap Scan on sbtest7  (cost=35.61..4219.12 rows=1090 width=121)
	        Recheck Cond: ((id >= 5895344) AND (id <= 5896343))
	        ->  Bitmap Index Scan on sbtest7_pkey  (cost=0.00..35.34 rows=1090 width=0)
	              Index Cond: ((id >= 5895344) AND (id <= 5896343))

table 8 : explain SELECT count(c) FROM sbtest8 WHERE id BETWEEN 7387169 AND 7388168
	Aggregate  (cost=3477.77..3477.78 rows=1 width=8)
	  ->  Bitmap Heap Scan on sbtest8  (cost=29.61..3475.53 rows=895 width=121)
	        Recheck Cond: ((id >= 7387169) AND (id <= 7388168))
	        ->  Bitmap Index Scan on sbtest8_pkey  (cost=0.00..29.39 rows=895 width=0)
	              Index Cond: ((id >= 7387169) AND (id <= 7388168))

for: count_ranges
table 1 : explain SELECT count(c) FROM sbtest1 WHERE id BETWEEN 7249621 AND 7250620
	Aggregate  (cost=3661.44..3661.45 rows=1 width=8)
	  ->  Bitmap Heap Scan on sbtest1  (cost=34.09..3659.09 rows=942 width=121)
	        Recheck Cond: ((id >= 7249621) AND (id <= 7250620))
	        ->  Bitmap Index Scan on sbtest1_pkey  (cost=0.00..33.86 rows=942 width=0)
	              Index Cond: ((id >= 7249621) AND (id <= 7250620))

table 2 : explain SELECT count(c) FROM sbtest2 WHERE id BETWEEN 8587428 AND 8588427
	Aggregate  (cost=4043.07..4043.08 rows=1 width=8)
	  ->  Bitmap Heap Scan on sbtest2  (cost=35.14..4040.46 rows=1044 width=121)
	        Recheck Cond: ((id >= 8587428) AND (id <= 8588427))
	        ->  Bitmap Index Scan on sbtest2_pkey  (cost=0.00..34.88 rows=1044 width=0)
	              Index Cond: ((id >= 8587428) AND (id <= 8588427))

table 3 : explain SELECT count(c) FROM sbtest3 WHERE id BETWEEN 5269160 AND 5270159
	Aggregate  (cost=4132.43..4132.44 rows=1 width=8)
	  ->  Bitmap Heap Scan on sbtest3  (cost=35.36..4129.77 rows=1066 width=121)
	        Recheck Cond: ((id >= 5269160) AND (id <= 5270159))
	        ->  Bitmap Index Scan on sbtest3_pkey  (cost=0.00..35.09 rows=1066 width=0)
	              Index Cond: ((id >= 5269160) AND (id <= 5270159))

table 4 : explain SELECT count(c) FROM sbtest4 WHERE id BETWEEN 1982165 AND 1983164
	Aggregate  (cost=4355.36..4355.37 rows=1 width=8)
	  ->  Bitmap Heap Scan on sbtest4  (cost=39.96..4352.55 rows=1124 width=121)
	        Recheck Cond: ((id >= 1982165) AND (id <= 1983164))
	        ->  Bitmap Index Scan on sbtest4_pkey  (cost=0.00..39.68 rows=1124 width=0)
	              Index Cond: ((id >= 1982165) AND (id <= 1983164))

table 5 : explain SELECT count(c) FROM sbtest5 WHERE id BETWEEN 1900207 AND 1901206
	Aggregate  (cost=3451.23..3451.24 rows=1 width=8)
	  ->  Bitmap Heap Scan on sbtest5  (cost=29.53..3449.02 rows=887 width=121)
	        Recheck Cond: ((id >= 1900207) AND (id <= 1901206))
	        ->  Bitmap Index Scan on sbtest5_pkey  (cost=0.00..29.30 rows=887 width=0)
	              Index Cond: ((id >= 1900207) AND (id <= 1901206))

table 6 : explain SELECT count(c) FROM sbtest6 WHERE id BETWEEN 2747098 AND 2748097
	Aggregate  (cost=4207.88..4207.89 rows=1 width=8)
	  ->  Bitmap Heap Scan on sbtest6  (cost=35.58..4205.16 rows=1087 width=121)
	        Recheck Cond: ((id >= 2747098) AND (id <= 2748097))
	        ->  Bitmap Index Scan on sbtest6_pkey  (cost=0.00..35.31 rows=1087 width=0)
	              Index Cond: ((id >= 2747098) AND (id <= 2748097))

table 7 : explain SELECT count(c) FROM sbtest7 WHERE id BETWEEN 6596412 AND 6597411
	Aggregate  (cost=3609.88..3609.89 rows=1 width=8)
	  ->  Bitmap Heap Scan on sbtest7  (cost=33.95..3607.56 rows=928 width=121)
	        Recheck Cond: ((id >= 6596412) AND (id <= 6597411))
	        ->  Bitmap Index Scan on sbtest7_pkey  (cost=0.00..33.72 rows=928 width=0)
	              Index Cond: ((id >= 6596412) AND (id <= 6597411))

table 8 : explain SELECT count(c) FROM sbtest8 WHERE id BETWEEN 859337 AND 860336
	Aggregate  (cost=4029.50..4029.51 rows=1 width=8)
	  ->  Bitmap Heap Scan on sbtest8  (cost=35.09..4026.90 rows=1040 width=121)
	        Recheck Cond: ((id >= 859337) AND (id <= 860336))
	        ->  Bitmap Index Scan on sbtest8_pkey  (cost=0.00..34.84 rows=1040 width=0)
	              Index Cond: ((id >= 859337) AND (id <= 860336))

for: count_ranges
table 1 : explain SELECT count(c) FROM sbtest1 WHERE id BETWEEN 684240 AND 685239
	Aggregate  (cost=3978.82..3978.83 rows=1 width=8)
	  ->  Bitmap Heap Scan on sbtest1  (cost=34.95..3976.25 rows=1026 width=121)
	        Recheck Cond: ((id >= 684240) AND (id <= 685239))
	        ->  Bitmap Index Scan on sbtest1_pkey  (cost=0.00..34.70 rows=1026 width=0)
	              Index Cond: ((id >= 684240) AND (id <= 685239))

table 2 : explain SELECT count(c) FROM sbtest2 WHERE id BETWEEN 6848786 AND 6849785
	Aggregate  (cost=3798.04..3798.05 rows=1 width=8)
	  ->  Bitmap Heap Scan on sbtest2  (cost=34.47..3795.60 rows=979 width=121)
	        Recheck Cond: ((id >= 6848786) AND (id <= 6849785))
	        ->  Bitmap Index Scan on sbtest2_pkey  (cost=0.00..34.23 rows=979 width=0)
	              Index Cond: ((id >= 6848786) AND (id <= 6849785))

table 3 : explain SELECT count(c) FROM sbtest3 WHERE id BETWEEN 4267773 AND 4268772
	Aggregate  (cost=3992.79..3992.80 rows=1 width=8)
	  ->  Bitmap Heap Scan on sbtest3  (cost=34.98..3990.22 rows=1029 width=121)
	        Recheck Cond: ((id >= 4267773) AND (id <= 4268772))
	        ->  Bitmap Index Scan on sbtest3_pkey  (cost=0.00..34.73 rows=1029 width=0)
	              Index Cond: ((id >= 4267773) AND (id <= 4268772))

table 4 : explain SELECT count(c) FROM sbtest4 WHERE id BETWEEN 3240458 AND 3241457
	Aggregate  (cost=3743.55..3743.56 rows=1 width=8)
	  ->  Bitmap Heap Scan on sbtest4  (cost=34.31..3741.14 rows=963 width=121)
	        Recheck Cond: ((id >= 3240458) AND (id <= 3241457))
	        ->  Bitmap Index Scan on sbtest4_pkey  (cost=0.00..34.07 rows=963 width=0)
	              Index Cond: ((id >= 3240458) AND (id <= 3241457))

table 5 : explain SELECT count(c) FROM sbtest5 WHERE id BETWEEN 8067247 AND 8068246
	Aggregate  (cost=3849.16..3849.17 rows=1 width=8)
	  ->  Bitmap Heap Scan on sbtest5  (cost=34.59..3846.68 rows=991 width=121)
	        Recheck Cond: ((id >= 8067247) AND (id <= 8068246))
	        ->  Bitmap Index Scan on sbtest5_pkey  (cost=0.00..34.34 rows=991 width=0)
	              Index Cond: ((id >= 8067247) AND (id <= 8068246))

table 6 : explain SELECT count(c) FROM sbtest6 WHERE id BETWEEN 5731248 AND 5732247
	Aggregate  (cost=3569.93..3569.94 rows=1 width=8)
	  ->  Bitmap Heap Scan on sbtest6  (cost=33.84..3567.63 rows=918 width=121)
	        Recheck Cond: ((id >= 5731248) AND (id <= 5732247))
	        ->  Bitmap Index Scan on sbtest6_pkey  (cost=0.00..33.62 rows=918 width=0)
	              Index Cond: ((id >= 5731248) AND (id <= 5732247))

table 7 : explain SELECT count(c) FROM sbtest7 WHERE id BETWEEN 282947 AND 283946
	Aggregate  (cost=4436.67..4436.68 rows=1 width=8)
	  ->  Bitmap Heap Scan on sbtest7  (cost=40.19..4433.80 rows=1147 width=121)
	        Recheck Cond: ((id >= 282947) AND (id <= 283946))
	        ->  Bitmap Index Scan on sbtest7_pkey  (cost=0.00..39.91 rows=1147 width=0)
	              Index Cond: ((id >= 282947) AND (id <= 283946))

table 8 : explain SELECT count(c) FROM sbtest8 WHERE id BETWEEN 5684599 AND 5685598
	Aggregate  (cost=4044.58..4044.59 rows=1 width=8)
	  ->  Bitmap Heap Scan on sbtest8  (cost=35.14..4041.97 rows=1044 width=121)
	        Recheck Cond: ((id >= 5684599) AND (id <= 5685598))
	        ->  Bitmap Index Scan on sbtest8_pkey  (cost=0.00..34.88 rows=1044 width=0)
	              Index Cond: ((id >= 5684599) AND (id <= 5685598))

for: count_ranges
table 1 : explain SELECT count(c) FROM sbtest1 WHERE id BETWEEN 7246144 AND 7247143
	Aggregate  (cost=3661.44..3661.45 rows=1 width=8)
	  ->  Bitmap Heap Scan on sbtest1  (cost=34.09..3659.09 rows=942 width=121)
	        Recheck Cond: ((id >= 7246144) AND (id <= 7247143))
	        ->  Bitmap Index Scan on sbtest1_pkey  (cost=0.00..33.86 rows=942 width=0)
	              Index Cond: ((id >= 7246144) AND (id <= 7247143))

table 2 : explain SELECT count(c) FROM sbtest2 WHERE id BETWEEN 6595821 AND 6596820
	Aggregate  (cost=4208.63..4208.64 rows=1 width=8)
	  ->  Bitmap Heap Scan on sbtest2  (cost=35.59..4205.91 rows=1088 width=121)
	        Recheck Cond: ((id >= 6595821) AND (id <= 6596820))
	        ->  Bitmap Index Scan on sbtest2_pkey  (cost=0.00..35.32 rows=1088 width=0)
	              Index Cond: ((id >= 6595821) AND (id <= 6596820))

table 3 : explain SELECT count(c) FROM sbtest3 WHERE id BETWEEN 379157 AND 380156
	Aggregate  (cost=3909.68..3909.69 rows=1 width=8)
	  ->  Bitmap Heap Scan on sbtest3  (cost=34.76..3907.16 rows=1007 width=121)
	        Recheck Cond: ((id >= 379157) AND (id <= 380156))
	        ->  Bitmap Index Scan on sbtest3_pkey  (cost=0.00..34.51 rows=1007 width=0)
	              Index Cond: ((id >= 379157) AND (id <= 380156))

table 4 : explain SELECT count(c) FROM sbtest4 WHERE id BETWEEN 9202108 AND 9203107
	Aggregate  (cost=3966.65..3966.66 rows=1 width=8)
	  ->  Bitmap Heap Scan on sbtest4  (cost=34.91..3964.10 rows=1022 width=121)
	        Recheck Cond: ((id >= 9202108) AND (id <= 9203107))
	        ->  Bitmap Index Scan on sbtest4_pkey  (cost=0.00..34.66 rows=1022 width=0)
	              Index Cond: ((id >= 9202108) AND (id <= 9203107))

table 5 : explain SELECT count(c) FROM sbtest5 WHERE id BETWEEN 7980233 AND 7981232
	Aggregate  (cost=4007.85..4007.86 rows=1 width=8)
	  ->  Bitmap Heap Scan on sbtest5  (cost=35.02..4005.27 rows=1033 width=121)
	        Recheck Cond: ((id >= 7980233) AND (id <= 7981232))
	        ->  Bitmap Index Scan on sbtest5_pkey  (cost=0.00..34.77 rows=1033 width=0)
	              Index Cond: ((id >= 7980233) AND (id <= 7981232))

table 6 : explain SELECT count(c) FROM sbtest6 WHERE id BETWEEN 711673 AND 712672
	Aggregate  (cost=4147.63..4147.64 rows=1 width=8)
	  ->  Bitmap Heap Scan on sbtest6  (cost=35.41..4144.95 rows=1071 width=121)
	        Recheck Cond: ((id >= 711673) AND (id <= 712672))
	        ->  Bitmap Index Scan on sbtest6_pkey  (cost=0.00..35.15 rows=1071 width=0)
	              Index Cond: ((id >= 711673) AND (id <= 712672))

table 7 : explain SELECT count(c) FROM sbtest7 WHERE id BETWEEN 3155794 AND 3156793
	Aggregate  (cost=4320.00..4320.01 rows=1 width=8)
	  ->  Bitmap Heap Scan on sbtest7  (cost=39.86..4317.21 rows=1115 width=121)
	        Recheck Cond: ((id >= 3155794) AND (id <= 3156793))
	        ->  Bitmap Index Scan on sbtest7_pkey  (cost=0.00..39.59 rows=1115 width=0)
	              Index Cond: ((id >= 3155794) AND (id <= 3156793))

table 8 : explain SELECT count(c) FROM sbtest8 WHERE id BETWEEN 9983369 AND 9984368
	Aggregate  (cost=3935.26..3935.27 rows=1 width=8)
	  ->  Bitmap Heap Scan on sbtest8  (cost=34.84..3932.72 rows=1015 width=121)
	        Recheck Cond: ((id >= 9983369) AND (id <= 9984368))
	        ->  Bitmap Index Scan on sbtest8_pkey  (cost=0.00..34.59 rows=1015 width=0)
	              Index Cond: ((id >= 9983369) AND (id <= 9984368))

for: count_ranges
table 1 : explain SELECT count(c) FROM sbtest1 WHERE id BETWEEN 5547202 AND 5548201
	Aggregate  (cost=3986.36..3986.37 rows=1 width=8)
	  ->  Bitmap Heap Scan on sbtest1  (cost=34.97..3983.79 rows=1028 width=121)
	        Recheck Cond: ((id >= 5547202) AND (id <= 5548201))
	        ->  Bitmap Index Scan on sbtest1_pkey  (cost=0.00..34.72 rows=1028 width=0)
	              Index Cond: ((id >= 5547202) AND (id <= 5548201))

table 2 : explain SELECT count(c) FROM sbtest2 WHERE id BETWEEN 7659678 AND 7660677
	Aggregate  (cost=3563.81..3563.82 rows=1 width=8)
	  ->  Bitmap Heap Scan on sbtest2  (cost=33.83..3561.52 rows=917 width=121)
	        Recheck Cond: ((id >= 7659678) AND (id <= 7660677))
	        ->  Bitmap Index Scan on sbtest2_pkey  (cost=0.00..33.61 rows=917 width=0)
	              Index Cond: ((id >= 7659678) AND (id <= 7660677))

table 3 : explain SELECT count(c) FROM sbtest3 WHERE id BETWEEN 1665551 AND 1666550
	Aggregate  (cost=3807.59..3807.60 rows=1 width=8)
	  ->  Bitmap Heap Scan on sbtest3  (cost=34.48..3805.14 rows=980 width=121)
	        Recheck Cond: ((id >= 1665551) AND (id <= 1666550))
	        ->  Bitmap Index Scan on sbtest3_pkey  (cost=0.00..34.23 rows=980 width=0)
	              Index Cond: ((id >= 1665551) AND (id <= 1666550))

table 4 : explain SELECT count(c) FROM sbtest4 WHERE id BETWEEN 356643 AND 357642
	Aggregate  (cost=3781.39..3781.40 rows=1 width=8)
	  ->  Bitmap Heap Scan on sbtest4  (cost=34.41..3778.96 rows=973 width=121)
	        Recheck Cond: ((id >= 356643) AND (id <= 357642))
	        ->  Bitmap Index Scan on sbtest4_pkey  (cost=0.00..34.17 rows=973 width=0)
	              Index Cond: ((id >= 356643) AND (id <= 357642))

table 5 : explain SELECT count(c) FROM sbtest5 WHERE id BETWEEN 6948987 AND 6949986
	Aggregate  (cost=4226.65..4226.66 rows=1 width=8)
	  ->  Bitmap Heap Scan on sbtest5  (cost=35.62..4223.93 rows=1091 width=121)
	        Recheck Cond: ((id >= 6948987) AND (id <= 6949986))
	        ->  Bitmap Index Scan on sbtest5_pkey  (cost=0.00..35.34 rows=1091 width=0)
	              Index Cond: ((id >= 6948987) AND (id <= 6949986))

table 6 : explain SELECT count(c) FROM sbtest6 WHERE id BETWEEN 9752610 AND 9753609
	Aggregate  (cost=3849.71..3849.72 rows=1 width=8)
	  ->  Bitmap Heap Scan on sbtest6  (cost=34.60..3847.23 rows=992 width=121)
	        Recheck Cond: ((id >= 9752610) AND (id <= 9753609))
	        ->  Bitmap Index Scan on sbtest6_pkey  (cost=0.00..34.36 rows=992 width=0)
	              Index Cond: ((id >= 9752610) AND (id <= 9753609))

table 7 : explain SELECT count(c) FROM sbtest7 WHERE id BETWEEN 6985502 AND 6986501
	Aggregate  (cost=3689.39..3689.40 rows=1 width=8)
	  ->  Bitmap Heap Scan on sbtest7  (cost=34.16..3687.02 rows=949 width=121)
	        Recheck Cond: ((id >= 6985502) AND (id <= 6986501))
	        ->  Bitmap Index Scan on sbtest7_pkey  (cost=0.00..33.93 rows=949 width=0)
	              Index Cond: ((id >= 6985502) AND (id <= 6986501))

table 8 : explain SELECT count(c) FROM sbtest8 WHERE id BETWEEN 8675136 AND 8676135
	Aggregate  (cost=3882.45..3882.46 rows=1 width=8)
	  ->  Bitmap Heap Scan on sbtest8  (cost=34.70..3879.95 rows=1001 width=121)
	        Recheck Cond: ((id >= 8675136) AND (id <= 8676135))
	        ->  Bitmap Index Scan on sbtest8_pkey  (cost=0.00..34.45 rows=1001 width=0)
	              Index Cond: ((id >= 8675136) AND (id <= 8676135))

for: count_ranges
table 1 : explain SELECT count(c) FROM sbtest1 WHERE id BETWEEN 6014485 AND 6015484
	Aggregate  (cost=3869.35..3869.36 rows=1 width=8)
	  ->  Bitmap Heap Scan on sbtest1  (cost=34.65..3866.86 rows=997 width=121)
	        Recheck Cond: ((id >= 6014485) AND (id <= 6015484))
	        ->  Bitmap Index Scan on sbtest1_pkey  (cost=0.00..34.41 rows=997 width=0)
	              Index Cond: ((id >= 6014485) AND (id <= 6015484))

table 2 : explain SELECT count(c) FROM sbtest2 WHERE id BETWEEN 5697099 AND 5698098
	Aggregate  (cost=4167.26..4167.27 rows=1 width=8)
	  ->  Bitmap Heap Scan on sbtest2  (cost=35.47..4164.57 rows=1077 width=121)
	        Recheck Cond: ((id >= 5697099) AND (id <= 5698098))
	        ->  Bitmap Index Scan on sbtest2_pkey  (cost=0.00..35.20 rows=1077 width=0)
	              Index Cond: ((id >= 5697099) AND (id <= 5698098))

table 3 : explain SELECT count(c) FROM sbtest3 WHERE id BETWEEN 2327114 AND 2328113
	Aggregate  (cost=4294.75..4294.76 rows=1 width=8)
	  ->  Bitmap Heap Scan on sbtest3  (cost=39.79..4291.98 rows=1108 width=121)
	        Recheck Cond: ((id >= 2327114) AND (id <= 2328113))
	        ->  Bitmap Index Scan on sbtest3_pkey  (cost=0.00..39.52 rows=1108 width=0)
	              Index Cond: ((id >= 2327114) AND (id <= 2328113))

table 4 : explain SELECT count(c) FROM sbtest4 WHERE id BETWEEN 1523375 AND 1524374
	Aggregate  (cost=3595.83..3595.84 rows=1 width=8)
	  ->  Bitmap Heap Scan on sbtest4  (cost=33.91..3593.52 rows=924 width=121)
	        Recheck Cond: ((id >= 1523375) AND (id <= 1524374))
	        ->  Bitmap Index Scan on sbtest4_pkey  (cost=0.00..33.68 rows=924 width=0)
	              Index Cond: ((id >= 1523375) AND (id <= 1524374))

table 5 : explain SELECT count(c) FROM sbtest5 WHERE id BETWEEN 9124221 AND 9125220
	Aggregate  (cost=3879.40..3879.41 rows=1 width=8)
	  ->  Bitmap Heap Scan on sbtest5  (cost=34.67..3876.90 rows=999 width=121)
	        Recheck Cond: ((id >= 9124221) AND (id <= 9125220))
	        ->  Bitmap Index Scan on sbtest5_pkey  (cost=0.00..34.43 rows=999 width=0)
	              Index Cond: ((id >= 9124221) AND (id <= 9125220))

table 6 : explain SELECT count(c) FROM sbtest6 WHERE id BETWEEN 8147278 AND 8148277
	Aggregate  (cost=4140.10..4140.11 rows=1 width=8)
	  ->  Bitmap Heap Scan on sbtest6  (cost=35.39..4137.43 rows=1069 width=121)
	        Recheck Cond: ((id >= 8147278) AND (id <= 8148277))
	        ->  Bitmap Index Scan on sbtest6_pkey  (cost=0.00..35.12 rows=1069 width=0)
	              Index Cond: ((id >= 8147278) AND (id <= 8148277))

table 7 : explain SELECT count(c) FROM sbtest7 WHERE id BETWEEN 1588890 AND 1589889
	Aggregate  (cost=3617.45..3617.46 rows=1 width=8)
	  ->  Bitmap Heap Scan on sbtest7  (cost=33.97..3615.13 rows=930 width=121)
	        Recheck Cond: ((id >= 1588890) AND (id <= 1589889))
	        ->  Bitmap Index Scan on sbtest7_pkey  (cost=0.00..33.73 rows=930 width=0)
	              Index Cond: ((id >= 1588890) AND (id <= 1589889))

table 8 : explain SELECT count(c) FROM sbtest8 WHERE id BETWEEN 3989715 AND 3990714
	Aggregate  (cost=4330.83..4330.84 rows=1 width=8)
	  ->  Bitmap Heap Scan on sbtest8  (cost=39.92..4328.03 rows=1120 width=121)
	        Recheck Cond: ((id >= 3989715) AND (id <= 3990714))
	        ->  Bitmap Index Scan on sbtest8_pkey  (cost=0.00..39.64 rows=1120 width=0)
	              Index Cond: ((id >= 3989715) AND (id <= 3990714))

for: count_ranges
table 1 : explain SELECT count(c) FROM sbtest1 WHERE id BETWEEN 3773342 AND 3774341
	Aggregate  (cost=4076.87..4076.88 rows=1 width=8)
	  ->  Bitmap Heap Scan on sbtest1  (cost=35.22..4074.24 rows=1052 width=121)
	        Recheck Cond: ((id >= 3773342) AND (id <= 3774341))
	        ->  Bitmap Index Scan on sbtest1_pkey  (cost=0.00..34.95 rows=1052 width=0)
	              Index Cond: ((id >= 3773342) AND (id <= 3774341))

table 2 : explain SELECT count(c) FROM sbtest2 WHERE id BETWEEN 6903845 AND 6904844
	Aggregate  (cost=4054.37..4054.38 rows=1 width=8)
	  ->  Bitmap Heap Scan on sbtest2  (cost=35.17..4051.75 rows=1047 width=121)
	        Recheck Cond: ((id >= 6903845) AND (id <= 6904844))
	        ->  Bitmap Index Scan on sbtest2_pkey  (cost=0.00..34.91 rows=1047 width=0)
	              Index Cond: ((id >= 6903845) AND (id <= 6904844))

table 3 : explain SELECT count(c) FROM sbtest3 WHERE id BETWEEN 2360946 AND 2361945
	Aggregate  (cost=4294.75..4294.76 rows=1 width=8)
	  ->  Bitmap Heap Scan on sbtest3  (cost=39.79..4291.98 rows=1108 width=121)
	        Recheck Cond: ((id >= 2360946) AND (id <= 2361945))
	        ->  Bitmap Index Scan on sbtest3_pkey  (cost=0.00..39.52 rows=1108 width=0)
	              Index Cond: ((id >= 2360946) AND (id <= 2361945))

table 4 : explain SELECT count(c) FROM sbtest4 WHERE id BETWEEN 366126 AND 367125
	Aggregate  (cost=3781.39..3781.40 rows=1 width=8)
	  ->  Bitmap Heap Scan on sbtest4  (cost=34.41..3778.96 rows=973 width=121)
	        Recheck Cond: ((id >= 366126) AND (id <= 367125))
	        ->  Bitmap Index Scan on sbtest4_pkey  (cost=0.00..34.17 rows=973 width=0)
	              Index Cond: ((id >= 366126) AND (id <= 367125))

table 5 : explain SELECT count(c) FROM sbtest5 WHERE id BETWEEN 4185050 AND 4186049
	Aggregate  (cost=3981.42..3981.43 rows=1 width=8)
	  ->  Bitmap Heap Scan on sbtest5  (cost=34.95..3978.85 rows=1026 width=121)
	        Recheck Cond: ((id >= 4185050) AND (id <= 4186049))
	        ->  Bitmap Index Scan on sbtest5_pkey  (cost=0.00..34.70 rows=1026 width=0)
	              Index Cond: ((id >= 4185050) AND (id <= 4186049))

table 6 : explain SELECT count(c) FROM sbtest6 WHERE id BETWEEN 9421351 AND 9422350
	Aggregate  (cost=4317.23..4317.24 rows=1 width=8)
	  ->  Bitmap Heap Scan on sbtest6  (cost=39.86..4314.44 rows=1115 width=121)
	        Recheck Cond: ((id >= 9421351) AND (id <= 9422350))
	        ->  Bitmap Index Scan on sbtest6_pkey  (cost=0.00..39.59 rows=1115 width=0)
	              Index Cond: ((id >= 9421351) AND (id <= 9422350))

table 7 : explain SELECT count(c) FROM sbtest7 WHERE id BETWEEN 7101920 AND 7102919
	Aggregate  (cost=3920.04..3920.05 rows=1 width=8)
	  ->  Bitmap Heap Scan on sbtest7  (cost=34.79..3917.52 rows=1010 width=121)
	        Recheck Cond: ((id >= 7101920) AND (id <= 7102919))
	        ->  Bitmap Index Scan on sbtest7_pkey  (cost=0.00..34.54 rows=1010 width=0)
	              Index Cond: ((id >= 7101920) AND (id <= 7102919))

table 8 : explain SELECT count(c) FROM sbtest8 WHERE id BETWEEN 24469 AND 25468
	Aggregate  (cost=3519.42..3519.43 rows=1 width=8)
	  ->  Bitmap Heap Scan on sbtest8  (cost=29.72..3517.16 rows=906 width=121)
	        Recheck Cond: ((id >= 24469) AND (id <= 25468))
	        ->  Bitmap Index Scan on sbtest8_pkey  (cost=0.00..29.50 rows=906 width=0)
	              Index Cond: ((id >= 24469) AND (id <= 25468))

Threads started!

Warming up for 5 seconds...

SQL statistics:
    queries performed:
        read:                            19189326
        write:                           0
        other:                           0
        total:                           19189326
    transactions:                        19189326 (30458.97 per sec.)
    queries:                             19189326 (30458.97 per sec.)
    ignored errors:                      0      (0.00 per sec.)
    reconnects:                          0      (0.00 per sec.)

Throughput:
    events/s (eps):                      30458.9670
    time elapsed:                        630.0059s
    total number of events:              19189326

Latency (ms):
         min:                                    0.10
         avg:                                    1.31
         max:                                    9.58
         95th percentile:                        1.39
         sum:                             25191249.88

Threads fairness:
    events (avg/stddev):           479732.8500/338.15
    execution time (avg/stddev):   629.7812/0.01

