LUA_PATH=/home/mdcallag/git/mytools/bench/sysbench.lua/lua/?.lua /home/mdcallag/git/mytools/bench/sysbench.lua/lua/sysbench --db-driver=pgsql --range-size=100 --table-size=10000000 --tables=8 --threads=40 --events=0 --warmup-time=5 --time=930 --pgsql_conn_id=true /home/mdcallag/git/mytools/bench/sysbench.lua/lua/oltp_delete.lua run --pgsql-user=root --pgsql-password=pw --pgsql-host=127.0.0.1 --pgsql-db=ib --rand-type=uniform
48 CPUs
sysbench 1.1.0-9072687 (using bundled LuaJIT 2.1.0-beta3)

Running the test with following options:
Number of threads: 40
Warmup time: 5s
Initializing random number generator from current time


Initializing worker threads...

explain: for deletes :: explain DELETE FROM sbtest%u WHERE id=%u
explain: for deletes :: explain DELETE FROM sbtest%u WHERE id=%u
explain: for deletes :: explain DELETE FROM sbtest%u WHERE id=%u
explain: for deletes :: explain DELETE FROM sbtest%u WHERE id=%u
explain: for deletes :: explain DELETE FROM sbtest%u WHERE id=%u
for deletes
table 1 : explain DELETE FROM sbtest1 WHERE id=5901189
	Delete on sbtest1  (cost=0.43..8.45 rows=1 width=6)
	  ->  Index Scan using sbtest1_pkey on sbtest1  (cost=0.43..8.45 rows=1 width=6)
	        Index Cond: (id = 5901189)

table 2 : explain DELETE FROM sbtest2 WHERE id=118594
	Delete on sbtest2  (cost=0.43..8.45 rows=1 width=6)
	  ->  Index Scan using sbtest2_pkey on sbtest2  (cost=0.43..8.45 rows=1 width=6)
	        Index Cond: (id = 118594)

table 3 : explain DELETE FROM sbtest3 WHERE id=7307422
	Delete on sbtest3  (cost=0.43..8.45 rows=1 width=6)
	  ->  Index Scan using sbtest3_pkey on sbtest3  (cost=0.43..8.45 rows=1 width=6)
	        Index Cond: (id = 7307422)

table 4 : explain DELETE FROM sbtest4 WHERE id=7028141
	Delete on sbtest4  (cost=0.43..8.45 rows=1 width=6)
	  ->  Index Scan using sbtest4_pkey on sbtest4  (cost=0.43..8.45 rows=1 width=6)
	        Index Cond: (id = 7028141)

table 5 : explain DELETE FROM sbtest5 WHERE id=9730050
	Delete on sbtest5  (cost=0.43..8.45 rows=1 width=6)
	  ->  Index Scan using sbtest5_pkey on sbtest5  (cost=0.43..8.45 rows=1 width=6)
	        Index Cond: (id = 9730050)

table 6 : explain DELETE FROM sbtest6 WHERE id=7602266
	Delete on sbtest6  (cost=0.43..8.45 rows=1 width=6)
	  ->  Index Scan using sbtest6_pkey on sbtest6  (cost=0.43..8.45 rows=1 width=6)
	        Index Cond: (id = 7602266)

table 7 : explain DELETE FROM sbtest7 WHERE id=4107616
	Delete on sbtest7  (cost=0.43..8.45 rows=1 width=6)
	  ->  Index Scan using sbtest7_pkey on sbtest7  (cost=0.43..8.45 rows=1 width=6)
	        Index Cond: (id = 4107616)

table 8 : explain DELETE FROM sbtest8 WHERE id=5327811
	Delete on sbtest8  (cost=0.43..8.45 rows=1 width=6)
	  ->  Index Scan using sbtest8_pkey on sbtest8  (cost=0.43..8.45 rows=1 width=6)
	        Index Cond: (id = 5327811)

for deletes
table 1 : explain DELETE FROM sbtest1 WHERE id=3402667
	Delete on sbtest1  (cost=0.43..8.45 rows=1 width=6)
	  ->  Index Scan using sbtest1_pkey on sbtest1  (cost=0.43..8.45 rows=1 width=6)
	        Index Cond: (id = 3402667)

table 2 : explain DELETE FROM sbtest2 WHERE id=7200218
	Delete on sbtest2  (cost=0.43..8.45 rows=1 width=6)
	  ->  Index Scan using sbtest2_pkey on sbtest2  (cost=0.43..8.45 rows=1 width=6)
	        Index Cond: (id = 7200218)

table 3 : explain DELETE FROM sbtest3 WHERE id=6456162
	Delete on sbtest3  (cost=0.43..8.45 rows=1 width=6)
	  ->  Index Scan using sbtest3_pkey on sbtest3  (cost=0.43..8.45 rows=1 width=6)
	        Index Cond: (id = 6456162)

table 4 : explain DELETE FROM sbtest4 WHERE id=1939250
	Delete on sbtest4  (cost=0.43..8.45 rows=1 width=6)
	  ->  Index Scan using sbtest4_pkey on sbtest4  (cost=0.43..8.45 rows=1 width=6)
	        Index Cond: (id = 1939250)

table 5 : explain DELETE FROM sbtest5 WHERE id=5565510
	Delete on sbtest5  (cost=0.43..8.45 rows=1 width=6)
	  ->  Index Scan using sbtest5_pkey on sbtest5  (cost=0.43..8.45 rows=1 width=6)
	        Index Cond: (id = 5565510)

table 6 : explain DELETE FROM sbtest6 WHERE id=8648278
	Delete on sbtest6  (cost=0.43..8.45 rows=1 width=6)
	  ->  Index Scan using sbtest6_pkey on sbtest6  (cost=0.43..8.45 rows=1 width=6)
	        Index Cond: (id = 8648278)

table 7 : explain DELETE FROM sbtest7 WHERE id=6997502
	Delete on sbtest7  (cost=0.43..8.45 rows=1 width=6)
	  ->  Index Scan using sbtest7_pkey on sbtest7  (cost=0.43..8.45 rows=1 width=6)
	        Index Cond: (id = 6997502)

table 8 : explain DELETE FROM sbtest8 WHERE id=9652050
	Delete on sbtest8  (cost=0.43..8.45 rows=1 width=6)
	  ->  Index Scan using sbtest8_pkey on sbtest8  (cost=0.43..8.45 rows=1 width=6)
	        Index Cond: (id = 9652050)

for deletes
table 1 : explain DELETE FROM sbtest1 WHERE id=2973302
	Delete on sbtest1  (cost=0.43..8.45 rows=1 width=6)
	  ->  Index Scan using sbtest1_pkey on sbtest1  (cost=0.43..8.45 rows=1 width=6)
	        Index Cond: (id = 2973302)

table 2 : explain DELETE FROM sbtest2 WHERE id=3607331
	Delete on sbtest2  (cost=0.43..8.45 rows=1 width=6)
	  ->  Index Scan using sbtest2_pkey on sbtest2  (cost=0.43..8.45 rows=1 width=6)
	        Index Cond: (id = 3607331)

table 3 : explain DELETE FROM sbtest3 WHERE id=5481071
	Delete on sbtest3  (cost=0.43..8.45 rows=1 width=6)
	  ->  Index Scan using sbtest3_pkey on sbtest3  (cost=0.43..8.45 rows=1 width=6)
	        Index Cond: (id = 5481071)

table 4 : explain DELETE FROM sbtest4 WHERE id=3222688
	Delete on sbtest4  (cost=0.43..8.45 rows=1 width=6)
	  ->  Index Scan using sbtest4_pkey on sbtest4  (cost=0.43..8.45 rows=1 width=6)
	        Index Cond: (id = 3222688)

table 5 : explain DELETE FROM sbtest5 WHERE id=1012602
	Delete on sbtest5  (cost=0.43..8.45 rows=1 width=6)
	  ->  Index Scan using sbtest5_pkey on sbtest5  (cost=0.43..8.45 rows=1 width=6)
	        Index Cond: (id = 1012602)

table 6 : explain DELETE FROM sbtest6 WHERE id=5093438
	Delete on sbtest6  (cost=0.43..8.45 rows=1 width=6)
	  ->  Index Scan using sbtest6_pkey on sbtest6  (cost=0.43..8.45 rows=1 width=6)
	        Index Cond: (id = 5093438)

table 7 : explain DELETE FROM sbtest7 WHERE id=1984442
	Delete on sbtest7  (cost=0.43..8.45 rows=1 width=6)
	  ->  Index Scan using sbtest7_pkey on sbtest7  (cost=0.43..8.45 rows=1 width=6)
	        Index Cond: (id = 1984442)

table 8 : explain DELETE FROM sbtest8 WHERE id=502173
	Delete on sbtest8  (cost=0.43..8.45 rows=1 width=6)
	  ->  Index Scan using sbtest8_pkey on sbtest8  (cost=0.43..8.45 rows=1 width=6)
	        Index Cond: (id = 502173)

for deletes
table 1 : explain DELETE FROM sbtest1 WHERE id=6728188
	Delete on sbtest1  (cost=0.43..8.45 rows=1 width=6)
	  ->  Index Scan using sbtest1_pkey on sbtest1  (cost=0.43..8.45 rows=1 width=6)
	        Index Cond: (id = 6728188)

table 2 : explain DELETE FROM sbtest2 WHERE id=5561487
	Delete on sbtest2  (cost=0.43..8.45 rows=1 width=6)
	  ->  Index Scan using sbtest2_pkey on sbtest2  (cost=0.43..8.45 rows=1 width=6)
	        Index Cond: (id = 5561487)

table 3 : explain DELETE FROM sbtest3 WHERE id=2984767
	Delete on sbtest3  (cost=0.43..8.45 rows=1 width=6)
	  ->  Index Scan using sbtest3_pkey on sbtest3  (cost=0.43..8.45 rows=1 width=6)
	        Index Cond: (id = 2984767)

table 4 : explain DELETE FROM sbtest4 WHERE id=7134920
	Delete on sbtest4  (cost=0.43..8.45 rows=1 width=6)
	  ->  Index Scan using sbtest4_pkey on sbtest4  (cost=0.43..8.45 rows=1 width=6)
	        Index Cond: (id = 7134920)

table 5 : explain DELETE FROM sbtest5 WHERE id=8672502
	Delete on sbtest5  (cost=0.43..8.45 rows=1 width=6)
	  ->  Index Scan using sbtest5_pkey on sbtest5  (cost=0.43..8.45 rows=1 width=6)
	        Index Cond: (id = 8672502)

table 6 : explain DELETE FROM sbtest6 WHERE id=6183589
	Delete on sbtest6  (cost=0.43..8.45 rows=1 width=6)
	  ->  Index Scan using sbtest6_pkey on sbtest6  (cost=0.43..8.45 rows=1 width=6)
	        Index Cond: (id = 6183589)

table 7 : explain DELETE FROM sbtest7 WHERE id=7280978
	Delete on sbtest7  (cost=0.43..8.45 rows=1 width=6)
	  ->  Index Scan using sbtest7_pkey on sbtest7  (cost=0.43..8.45 rows=1 width=6)
	        Index Cond: (id = 7280978)

table 8 : explain DELETE FROM sbtest8 WHERE id=84215
	Delete on sbtest8  (cost=0.43..8.45 rows=1 width=6)
	  ->  Index Scan using sbtest8_pkey on sbtest8  (cost=0.43..8.45 rows=1 width=6)
	        Index Cond: (id = 84215)

for deletes
table 1 : explain DELETE FROM sbtest1 WHERE id=2645663
	Delete on sbtest1  (cost=0.43..8.45 rows=1 width=6)
	  ->  Index Scan using sbtest1_pkey on sbtest1  (cost=0.43..8.45 rows=1 width=6)
	        Index Cond: (id = 2645663)

table 2 : explain DELETE FROM sbtest2 WHERE id=5419063
	Delete on sbtest2  (cost=0.43..8.45 rows=1 width=6)
	  ->  Index Scan using sbtest2_pkey on sbtest2  (cost=0.43..8.45 rows=1 width=6)
	        Index Cond: (id = 5419063)

table 3 : explain DELETE FROM sbtest3 WHERE id=2556007
	Delete on sbtest3  (cost=0.43..8.45 rows=1 width=6)
	  ->  Index Scan using sbtest3_pkey on sbtest3  (cost=0.43..8.45 rows=1 width=6)
	        Index Cond: (id = 2556007)

table 4 : explain DELETE FROM sbtest4 WHERE id=8059113
	Delete on sbtest4  (cost=0.43..8.45 rows=1 width=6)
	  ->  Index Scan using sbtest4_pkey on sbtest4  (cost=0.43..8.45 rows=1 width=6)
	        Index Cond: (id = 8059113)

table 5 : explain DELETE FROM sbtest5 WHERE id=7610466
	Delete on sbtest5  (cost=0.43..8.45 rows=1 width=6)
	  ->  Index Scan using sbtest5_pkey on sbtest5  (cost=0.43..8.45 rows=1 width=6)
	        Index Cond: (id = 7610466)

table 6 : explain DELETE FROM sbtest6 WHERE id=5534849
	Delete on sbtest6  (cost=0.43..8.45 rows=1 width=6)
	  ->  Index Scan using sbtest6_pkey on sbtest6  (cost=0.43..8.45 rows=1 width=6)
	        Index Cond: (id = 5534849)

table 7 : explain DELETE FROM sbtest7 WHERE id=415582
	Delete on sbtest7  (cost=0.43..8.45 rows=1 width=6)
	  ->  Index Scan using sbtest7_pkey on sbtest7  (cost=0.43..8.45 rows=1 width=6)
	        Index Cond: (id = 415582)

table 8 : explain DELETE FROM sbtest8 WHERE id=9934259
	Delete on sbtest8  (cost=0.43..8.45 rows=1 width=6)
	  ->  Index Scan using sbtest8_pkey on sbtest8  (cost=0.43..8.45 rows=1 width=6)
	        Index Cond: (id = 9934259)

explain: for deletes :: explain DELETE FROM sbtest%u WHERE id=%u
explain: for deletes :: explain DELETE FROM sbtest%u WHERE id=%u
explain: for deletes :: explain DELETE FROM sbtest%u WHERE id=%u
explain: for deletes :: explain DELETE FROM sbtest%u WHERE id=%u
explain: for deletes :: explain DELETE FROM sbtest%u WHERE id=%u
explain: for deletes :: explain DELETE FROM sbtest%u WHERE id=%u
for deletes
table 1 : explain DELETE FROM sbtest1 WHERE id=2165940
	Delete on sbtest1  (cost=0.43..8.45 rows=1 width=6)
	  ->  Index Scan using sbtest1_pkey on sbtest1  (cost=0.43..8.45 rows=1 width=6)
	        Index Cond: (id = 2165940)

table 2 : explain DELETE FROM sbtest2 WHERE id=3359421
	Delete on sbtest2  (cost=0.43..8.45 rows=1 width=6)
	  ->  Index Scan using sbtest2_pkey on sbtest2  (cost=0.43..8.45 rows=1 width=6)
	        Index Cond: (id = 3359421)

table 3 : explain DELETE FROM sbtest3 WHERE id=5375517
	Delete on sbtest3  (cost=0.43..8.45 rows=1 width=6)
	  ->  Index Scan using sbtest3_pkey on sbtest3  (cost=0.43..8.45 rows=1 width=6)
	        Index Cond: (id = 5375517)

table 4 : explain DELETE FROM sbtest4 WHERE id=9836154
	Delete on sbtest4  (cost=0.43..8.45 rows=1 width=6)
	  ->  Index Scan using sbtest4_pkey on sbtest4  (cost=0.43..8.45 rows=1 width=6)
	        Index Cond: (id = 9836154)

table 5 : explain DELETE FROM sbtest5 WHERE id=1493342
	Delete on sbtest5  (cost=0.43..8.45 rows=1 width=6)
	  ->  Index Scan using sbtest5_pkey on sbtest5  (cost=0.43..8.45 rows=1 width=6)
	        Index Cond: (id = 1493342)

table 6 : explain DELETE FROM sbtest6 WHERE id=7368688
	Delete on sbtest6  (cost=0.43..8.45 rows=1 width=6)
	  ->  Index Scan using sbtest6_pkey on sbtest6  (cost=0.43..8.45 rows=1 width=6)
	        Index Cond: (id = 7368688)

table 7 : explain DELETE FROM sbtest7 WHERE id=6099260
	Delete on sbtest7  (cost=0.43..8.45 rows=1 width=6)
	  ->  Index Scan using sbtest7_pkey on sbtest7  (cost=0.43..8.45 rows=1 width=6)
	        Index Cond: (id = 6099260)

table 8 : explain DELETE FROM sbtest8 WHERE id=4606267
	Delete on sbtest8  (cost=0.43..8.45 rows=1 width=6)
	  ->  Index Scan using sbtest8_pkey on sbtest8  (cost=0.43..8.45 rows=1 width=6)
	        Index Cond: (id = 4606267)

for deletes
table 1 : explain DELETE FROM sbtest1 WHERE id=8374905
	Delete on sbtest1  (cost=0.43..8.45 rows=1 width=6)
	  ->  Index Scan using sbtest1_pkey on sbtest1  (cost=0.43..8.45 rows=1 width=6)
	        Index Cond: (id = 8374905)

table 2 : explain DELETE FROM sbtest2 WHERE id=6477597
	Delete on sbtest2  (cost=0.43..8.45 rows=1 width=6)
	  ->  Index Scan using sbtest2_pkey on sbtest2  (cost=0.43..8.45 rows=1 width=6)
	        Index Cond: (id = 6477597)

table 3 : explain DELETE FROM sbtest3 WHERE id=423237
	Delete on sbtest3  (cost=0.43..8.45 rows=1 width=6)
	  ->  Index Scan using sbtest3_pkey on sbtest3  (cost=0.43..8.45 rows=1 width=6)
	        Index Cond: (id = 423237)

table 4 : explain DELETE FROM sbtest4 WHERE id=2448811
	Delete on sbtest4  (cost=0.43..8.45 rows=1 width=6)
	  ->  Index Scan using sbtest4_pkey on sbtest4  (cost=0.43..8.45 rows=1 width=6)
	        Index Cond: (id = 2448811)

table 5 : explain DELETE FROM sbtest5 WHERE id=5596296
	Delete on sbtest5  (cost=0.43..8.45 rows=1 width=6)
	  ->  Index Scan using sbtest5_pkey on sbtest5  (cost=0.43..8.45 rows=1 width=6)
	        Index Cond: (id = 5596296)

table 6 : explain DELETE FROM sbtest6 WHERE id=1562629
	Delete on sbtest6  (cost=0.43..8.45 rows=1 width=6)
	  ->  Index Scan using sbtest6_pkey on sbtest6  (cost=0.43..8.45 rows=1 width=6)
	        Index Cond: (id = 1562629)

table 7 : explain DELETE FROM sbtest7 WHERE id=8911523
	Delete on sbtest7  (cost=0.43..8.45 rows=1 width=6)
	  ->  Index Scan using sbtest7_pkey on sbtest7  (cost=0.43..8.45 rows=1 width=6)
	        Index Cond: (id = 8911523)

table 8 : explain DELETE FROM sbtest8 WHERE id=4547523
	Delete on sbtest8  (cost=0.43..8.45 rows=1 width=6)
	  ->  Index Scan using sbtest8_pkey on sbtest8  (cost=0.43..8.45 rows=1 width=6)
	        Index Cond: (id = 4547523)

for deletes
table 1 : explain DELETE FROM sbtest1 WHERE id=1403056
	Delete on sbtest1  (cost=0.43..8.45 rows=1 width=6)
	  ->  Index Scan using sbtest1_pkey on sbtest1  (cost=0.43..8.45 rows=1 width=6)
	        Index Cond: (id = 1403056)

table 2 : explain DELETE FROM sbtest2 WHERE id=4601064
	Delete on sbtest2  (cost=0.43..8.45 rows=1 width=6)
	  ->  Index Scan using sbtest2_pkey on sbtest2  (cost=0.43..8.45 rows=1 width=6)
	        Index Cond: (id = 4601064)

table 3 : explain DELETE FROM sbtest3 WHERE id=1103074
	Delete on sbtest3  (cost=0.43..8.45 rows=1 width=6)
	  ->  Index Scan using sbtest3_pkey on sbtest3  (cost=0.43..8.45 rows=1 width=6)
	        Index Cond: (id = 1103074)

table 4 : explain DELETE FROM sbtest4 WHERE id=6948941
	Delete on sbtest4  (cost=0.43..8.45 rows=1 width=6)
	  ->  Index Scan using sbtest4_pkey on sbtest4  (cost=0.43..8.45 rows=1 width=6)
	        Index Cond: (id = 6948941)

table 5 : explain DELETE FROM sbtest5 WHERE id=3450265
	Delete on sbtest5  (cost=0.43..8.45 rows=1 width=6)
	  ->  Index Scan using sbtest5_pkey on sbtest5  (cost=0.43..8.45 rows=1 width=6)
	        Index Cond: (id = 3450265)

table 6 : explain DELETE FROM sbtest6 WHERE id=9022710
	Delete on sbtest6  (cost=0.43..8.45 rows=1 width=6)
	  ->  Index Scan using sbtest6_pkey on sbtest6  (cost=0.43..8.45 rows=1 width=6)
	        Index Cond: (id = 9022710)

table 7 : explain DELETE FROM sbtest7 WHERE id=9836634
	Delete on sbtest7  (cost=0.43..8.45 rows=1 width=6)
	  ->  Index Scan using sbtest7_pkey on sbtest7  (cost=0.43..8.45 rows=1 width=6)
	        Index Cond: (id = 9836634)

table 8 : explain DELETE FROM sbtest8 WHERE id=4869552
	Delete on sbtest8  (cost=0.43..8.45 rows=1 width=6)
	  ->  Index Scan using sbtest8_pkey on sbtest8  (cost=0.43..8.45 rows=1 width=6)
	        Index Cond: (id = 4869552)

explain: for deletes :: explain DELETE FROM sbtest%u WHERE id=%u
for deletes
table 1 : explain DELETE FROM sbtest1 WHERE id=6089990
	Delete on sbtest1  (cost=0.43..8.45 rows=1 width=6)
	  ->  Index Scan using sbtest1_pkey on sbtest1  (cost=0.43..8.45 rows=1 width=6)
	        Index Cond: (id = 6089990)

table 2 : explain DELETE FROM sbtest2 WHERE id=4652509
	Delete on sbtest2  (cost=0.43..8.45 rows=1 width=6)
	  ->  Index Scan using sbtest2_pkey on sbtest2  (cost=0.43..8.45 rows=1 width=6)
	        Index Cond: (id = 4652509)

table 3 : explain DELETE FROM sbtest3 WHERE id=4300956
	Delete on sbtest3  (cost=0.43..8.45 rows=1 width=6)
	  ->  Index Scan using sbtest3_pkey on sbtest3  (cost=0.43..8.45 rows=1 width=6)
	        Index Cond: (id = 4300956)

table 4 : explain DELETE FROM sbtest4 WHERE id=3147653
	Delete on sbtest4  (cost=0.43..8.45 rows=1 width=6)
	  ->  Index Scan using sbtest4_pkey on sbtest4  (cost=0.43..8.45 rows=1 width=6)
	        Index Cond: (id = 3147653)

table 5 : explain DELETE FROM sbtest5 WHERE id=1179826
	Delete on sbtest5  (cost=0.43..8.45 rows=1 width=6)
	  ->  Index Scan using sbtest5_pkey on sbtest5  (cost=0.43..8.45 rows=1 width=6)
	        Index Cond: (id = 1179826)

table 6 : explain DELETE FROM sbtest6 WHERE id=8019044
	Delete on sbtest6  (cost=0.43..8.45 rows=1 width=6)
	  ->  Index Scan using sbtest6_pkey on sbtest6  (cost=0.43..8.45 rows=1 width=6)
	        Index Cond: (id = 8019044)

table 7 : explain DELETE FROM sbtest7 WHERE id=364088
	Delete on sbtest7  (cost=0.43..8.45 rows=1 width=6)
	  ->  Index Scan using sbtest7_pkey on sbtest7  (cost=0.43..8.45 rows=1 width=6)
	        Index Cond: (id = 364088)

table 8 : explain DELETE FROM sbtest8 WHERE id=2462084
	Delete on sbtest8  (cost=0.43..8.45 rows=1 width=6)
	  ->  Index Scan using sbtest8_pkey on sbtest8  (cost=0.43..8.45 rows=1 width=6)
	        Index Cond: (id = 2462084)

explain: for deletes :: explain DELETE FROM sbtest%u WHERE id=%u
for deletes
table 1 : explain DELETE FROM sbtest1 WHERE id=6015429
	Delete on sbtest1  (cost=0.43..8.45 rows=1 width=6)
	  ->  Index Scan using sbtest1_pkey on sbtest1  (cost=0.43..8.45 rows=1 width=6)
	        Index Cond: (id = 6015429)

table 2 : explain DELETE FROM sbtest2 WHERE id=5158920
	Delete on sbtest2  (cost=0.43..8.45 rows=1 width=6)
	  ->  Index Scan using sbtest2_pkey on sbtest2  (cost=0.43..8.45 rows=1 width=6)
	        Index Cond: (id = 5158920)

table 3 : explain DELETE FROM sbtest3 WHERE id=8436207
	Delete on sbtest3  (cost=0.43..8.45 rows=1 width=6)
	  ->  Index Scan using sbtest3_pkey on sbtest3  (cost=0.43..8.45 rows=1 width=6)
	        Index Cond: (id = 8436207)

table 4 : explain DELETE FROM sbtest4 WHERE id=5611429
	Delete on sbtest4  (cost=0.43..8.45 rows=1 width=6)
	  ->  Index Scan using sbtest4_pkey on sbtest4  (cost=0.43..8.45 rows=1 width=6)
	        Index Cond: (id = 5611429)

table 5 : explain DELETE FROM sbtest5 WHERE id=9184850
	Delete on sbtest5  (cost=0.43..8.45 rows=1 width=6)
	  ->  Index Scan using sbtest5_pkey on sbtest5  (cost=0.43..8.45 rows=1 width=6)
	        Index Cond: (id = 9184850)

table 6 : explain DELETE FROM sbtest6 WHERE id=8923449
	Delete on sbtest6  (cost=0.43..8.45 rows=1 width=6)
	  ->  Index Scan using sbtest6_pkey on sbtest6  (cost=0.43..8.45 rows=1 width=6)
	        Index Cond: (id = 8923449)

table 7 : explain DELETE FROM sbtest7 WHERE id=4315142
	Delete on sbtest7  (cost=0.43..8.45 rows=1 width=6)
	  ->  Index Scan using sbtest7_pkey on sbtest7  (cost=0.43..8.45 rows=1 width=6)
	        Index Cond: (id = 4315142)

table 8 : explain DELETE FROM sbtest8 WHERE id=1473395
	Delete on sbtest8  (cost=0.43..8.45 rows=1 width=6)
	  ->  Index Scan using sbtest8_pkey on sbtest8  (cost=0.43..8.45 rows=1 width=6)
	        Index Cond: (id = 1473395)

for deletes
table 1 : explain DELETE FROM sbtest1 WHERE id=6007531
	Delete on sbtest1  (cost=0.43..8.45 rows=1 width=6)
	  ->  Index Scan using sbtest1_pkey on sbtest1  (cost=0.43..8.45 rows=1 width=6)
	        Index Cond: (id = 6007531)

table 2 : explain DELETE FROM sbtest2 WHERE id=4444899
	Delete on sbtest2  (cost=0.43..8.45 rows=1 width=6)
	  ->  Index Scan using sbtest2_pkey on sbtest2  (cost=0.43..8.45 rows=1 width=6)
	        Index Cond: (id = 4444899)

table 3 : explain DELETE FROM sbtest3 WHERE id=778684
	Delete on sbtest3  (cost=0.43..8.45 rows=1 width=6)
	  ->  Index Scan using sbtest3_pkey on sbtest3  (cost=0.43..8.45 rows=1 width=6)
	        Index Cond: (id = 778684)

table 4 : explain DELETE FROM sbtest4 WHERE id=8624453
	Delete on sbtest4  (cost=0.43..8.45 rows=1 width=6)
	  ->  Index Scan using sbtest4_pkey on sbtest4  (cost=0.43..8.45 rows=1 width=6)
	        Index Cond: (id = 8624453)

table 5 : explain DELETE FROM sbtest5 WHERE id=1583977
	Delete on sbtest5  (cost=0.43..8.45 rows=1 width=6)
	  ->  Index Scan using sbtest5_pkey on sbtest5  (cost=0.43..8.45 rows=1 width=6)
	        Index Cond: (id = 1583977)

table 6 : explain DELETE FROM sbtest6 WHERE id=3007817
	Delete on sbtest6  (cost=0.43..8.45 rows=1 width=6)
	  ->  Index Scan using sbtest6_pkey on sbtest6  (cost=0.43..8.45 rows=1 width=6)
	        Index Cond: (id = 3007817)

table 7 : explain DELETE FROM sbtest7 WHERE id=9657238
	Delete on sbtest7  (cost=0.43..8.45 rows=1 width=6)
	  ->  Index Scan using sbtest7_pkey on sbtest7  (cost=0.43..8.45 rows=1 width=6)
	        Index Cond: (id = 9657238)

table 8 : explain DELETE FROM sbtest8 WHERE id=5146968
	Delete on sbtest8  (cost=0.43..8.45 rows=1 width=6)
	  ->  Index Scan using sbtest8_pkey on sbtest8  (cost=0.43..8.45 rows=1 width=6)
	        Index Cond: (id = 5146968)

explain: for deletes :: explain DELETE FROM sbtest%u WHERE id=%u
for deletes
table 1 : explain DELETE FROM sbtest1 WHERE id=9871025
	Delete on sbtest1  (cost=0.43..8.45 rows=1 width=6)
	  ->  Index Scan using sbtest1_pkey on sbtest1  (cost=0.43..8.45 rows=1 width=6)
	        Index Cond: (id = 9871025)

table 2 : explain DELETE FROM sbtest2 WHERE id=4273400
	Delete on sbtest2  (cost=0.43..8.45 rows=1 width=6)
	  ->  Index Scan using sbtest2_pkey on sbtest2  (cost=0.43..8.45 rows=1 width=6)
	        Index Cond: (id = 4273400)

table 3 : explain DELETE FROM sbtest3 WHERE id=6179607
	Delete on sbtest3  (cost=0.43..8.45 rows=1 width=6)
	  ->  Index Scan using sbtest3_pkey on sbtest3  (cost=0.43..8.45 rows=1 width=6)
	        Index Cond: (id = 6179607)

table 4 : explain DELETE FROM sbtest4 WHERE id=2909285
	Delete on sbtest4  (cost=0.43..8.45 rows=1 width=6)
	  ->  Index Scan using sbtest4_pkey on sbtest4  (cost=0.43..8.45 rows=1 width=6)
	        Index Cond: (id = 2909285)

table 5 : explain DELETE FROM sbtest5 WHERE id=1801283
	Delete on sbtest5  (cost=0.43..8.45 rows=1 width=6)
	  ->  Index Scan using sbtest5_pkey on sbtest5  (cost=0.43..8.45 rows=1 width=6)
	        Index Cond: (id = 1801283)

table 6 : explain DELETE FROM sbtest6 WHERE id=2617870
	Delete on sbtest6  (cost=0.43..8.45 rows=1 width=6)
	  ->  Index Scan using sbtest6_pkey on sbtest6  (cost=0.43..8.45 rows=1 width=6)
	        Index Cond: (id = 2617870)

table 7 : explain DELETE FROM sbtest7 WHERE id=3300443
	Delete on sbtest7  (cost=0.43..8.45 rows=1 width=6)
	  ->  Index Scan using sbtest7_pkey on sbtest7  (cost=0.43..8.45 rows=1 width=6)
	        Index Cond: (id = 3300443)

table 8 : explain DELETE FROM sbtest8 WHERE id=2066551
	Delete on sbtest8  (cost=0.43..8.45 rows=1 width=6)
	  ->  Index Scan using sbtest8_pkey on sbtest8  (cost=0.43..8.45 rows=1 width=6)
	        Index Cond: (id = 2066551)

for deletes
table 1 : explain DELETE FROM sbtest1 WHERE id=5787280
	Delete on sbtest1  (cost=0.43..8.45 rows=1 width=6)
	  ->  Index Scan using sbtest1_pkey on sbtest1  (cost=0.43..8.45 rows=1 width=6)
	        Index Cond: (id = 5787280)

table 2 : explain DELETE FROM sbtest2 WHERE id=2238262
	Delete on sbtest2  (cost=0.43..8.45 rows=1 width=6)
	  ->  Index Scan using sbtest2_pkey on sbtest2  (cost=0.43..8.45 rows=1 width=6)
	        Index Cond: (id = 2238262)

table 3 : explain DELETE FROM sbtest3 WHERE id=5958421
	Delete on sbtest3  (cost=0.43..8.45 rows=1 width=6)
	  ->  Index Scan using sbtest3_pkey on sbtest3  (cost=0.43..8.45 rows=1 width=6)
	        Index Cond: (id = 5958421)

table 4 : explain DELETE FROM sbtest4 WHERE id=1396646
	Delete on sbtest4  (cost=0.43..8.45 rows=1 width=6)
	  ->  Index Scan using sbtest4_pkey on sbtest4  (cost=0.43..8.45 rows=1 width=6)
	        Index Cond: (id = 1396646)

table 5 : explain DELETE FROM sbtest5 WHERE id=2785434
	Delete on sbtest5  (cost=0.43..8.45 rows=1 width=6)
	  ->  Index Scan using sbtest5_pkey on sbtest5  (cost=0.43..8.45 rows=1 width=6)
	        Index Cond: (id = 2785434)

table 6 : explain DELETE FROM sbtest6 WHERE id=2986674
	Delete on sbtest6  (cost=0.43..8.45 rows=1 width=6)
	  ->  Index Scan using sbtest6_pkey on sbtest6  (cost=0.43..8.45 rows=1 width=6)
	        Index Cond: (id = 2986674)

table 7 : explain DELETE FROM sbtest7 WHERE id=7745304
	Delete on sbtest7  (cost=0.43..8.45 rows=1 width=6)
	  ->  Index Scan using sbtest7_pkey on sbtest7  (cost=0.43..8.45 rows=1 width=6)
	        Index Cond: (id = 7745304)

table 8 : explain DELETE FROM sbtest8 WHERE id=412254
	Delete on sbtest8  (cost=0.43..8.45 rows=1 width=6)
	  ->  Index Scan using sbtest8_pkey on sbtest8  (cost=0.43..8.45 rows=1 width=6)
	        Index Cond: (id = 412254)

explain: for deletes :: explain DELETE FROM sbtest%u WHERE id=%u
for deletes
table 1 : explain DELETE FROM sbtest1 WHERE id=2582571
	Delete on sbtest1  (cost=0.43..8.45 rows=1 width=6)
	  ->  Index Scan using sbtest1_pkey on sbtest1  (cost=0.43..8.45 rows=1 width=6)
	        Index Cond: (id = 2582571)

table 2 : explain DELETE FROM sbtest2 WHERE id=4852325
	Delete on sbtest2  (cost=0.43..8.45 rows=1 width=6)
	  ->  Index Scan using sbtest2_pkey on sbtest2  (cost=0.43..8.45 rows=1 width=6)
	        Index Cond: (id = 4852325)

table 3 : explain DELETE FROM sbtest3 WHERE id=6047186
	Delete on sbtest3  (cost=0.43..8.45 rows=1 width=6)
	  ->  Index Scan using sbtest3_pkey on sbtest3  (cost=0.43..8.45 rows=1 width=6)
	        Index Cond: (id = 6047186)

table 4 : explain DELETE FROM sbtest4 WHERE id=7846034
	Delete on sbtest4  (cost=0.43..8.45 rows=1 width=6)
	  ->  Index Scan using sbtest4_pkey on sbtest4  (cost=0.43..8.45 rows=1 width=6)
	        Index Cond: (id = 7846034)

table 5 : explain DELETE FROM sbtest5 WHERE id=8146311
	Delete on sbtest5  (cost=0.43..8.45 rows=1 width=6)
	  ->  Index Scan using sbtest5_pkey on sbtest5  (cost=0.43..8.45 rows=1 width=6)
	        Index Cond: (id = 8146311)

table 6 : explain DELETE FROM sbtest6 WHERE id=7654267
	Delete on sbtest6  (cost=0.43..8.45 rows=1 width=6)
	  ->  Index Scan using sbtest6_pkey on sbtest6  (cost=0.43..8.45 rows=1 width=6)
	        Index Cond: (id = 7654267)

table 7 : explain DELETE FROM sbtest7 WHERE id=7447001
	Delete on sbtest7  (cost=0.43..8.45 rows=1 width=6)
	  ->  Index Scan using sbtest7_pkey on sbtest7  (cost=0.43..8.45 rows=1 width=6)
	        Index Cond: (id = 7447001)

table 8 : explain DELETE FROM sbtest8 WHERE id=7319410
	Delete on sbtest8  (cost=0.43..8.45 rows=1 width=6)
	  ->  Index Scan using sbtest8_pkey on sbtest8  (cost=0.43..8.45 rows=1 width=6)
	        Index Cond: (id = 7319410)

explain: for deletes :: explain DELETE FROM sbtest%u WHERE id=%u
for deletes
table 1 : explain DELETE FROM sbtest1 WHERE id=769122
	Delete on sbtest1  (cost=0.43..8.45 rows=1 width=6)
	  ->  Index Scan using sbtest1_pkey on sbtest1  (cost=0.43..8.45 rows=1 width=6)
	        Index Cond: (id = 769122)

table 2 : explain DELETE FROM sbtest2 WHERE id=7634805
	Delete on sbtest2  (cost=0.43..8.45 rows=1 width=6)
	  ->  Index Scan using sbtest2_pkey on sbtest2  (cost=0.43..8.45 rows=1 width=6)
	        Index Cond: (id = 7634805)

table 3 : explain DELETE FROM sbtest3 WHERE id=6269305
	Delete on sbtest3  (cost=0.43..8.45 rows=1 width=6)
	  ->  Index Scan using sbtest3_pkey on sbtest3  (cost=0.43..8.45 rows=1 width=6)
	        Index Cond: (id = 6269305)

table 4 : explain DELETE FROM sbtest4 WHERE id=4208500
	Delete on sbtest4  (cost=0.43..8.45 rows=1 width=6)
	  ->  Index Scan using sbtest4_pkey on sbtest4  (cost=0.43..8.45 rows=1 width=6)
	        Index Cond: (id = 4208500)

table 5 : explain DELETE FROM sbtest5 WHERE id=8524392
	Delete on sbtest5  (cost=0.43..8.45 rows=1 width=6)
	  ->  Index Scan using sbtest5_pkey on sbtest5  (cost=0.43..8.45 rows=1 width=6)
	        Index Cond: (id = 8524392)

table 6 : explain DELETE FROM sbtest6 WHERE id=6763666
	Delete on sbtest6  (cost=0.43..8.45 rows=1 width=6)
	  ->  Index Scan using sbtest6_pkey on sbtest6  (cost=0.43..8.45 rows=1 width=6)
	        Index Cond: (id = 6763666)

table 7 : explain DELETE FROM sbtest7 WHERE id=8066621
	Delete on sbtest7  (cost=0.43..8.45 rows=1 width=6)
	  ->  Index Scan using sbtest7_pkey on sbtest7  (cost=0.43..8.45 rows=1 width=6)
	        Index Cond: (id = 8066621)

table 8 : explain DELETE FROM sbtest8 WHERE id=5854090
	Delete on sbtest8  (cost=0.43..8.45 rows=1 width=6)
	  ->  Index Scan using sbtest8_pkey on sbtest8  (cost=0.43..8.45 rows=1 width=6)
	        Index Cond: (id = 5854090)

explain: for deletes :: explain DELETE FROM sbtest%u WHERE id=%u
explain: for deletes :: explain DELETE FROM sbtest%u WHERE id=%u
explain: for deletes :: explain DELETE FROM sbtest%u WHERE id=%u
for deletes
table 1 : explain DELETE FROM sbtest1 WHERE id=2453784
	Delete on sbtest1  (cost=0.43..8.45 rows=1 width=6)
	  ->  Index Scan using sbtest1_pkey on sbtest1  (cost=0.43..8.45 rows=1 width=6)
	        Index Cond: (id = 2453784)

table 2 : explain DELETE FROM sbtest2 WHERE id=8111168
	Delete on sbtest2  (cost=0.43..8.45 rows=1 width=6)
	  ->  Index Scan using sbtest2_pkey on sbtest2  (cost=0.43..8.45 rows=1 width=6)
	        Index Cond: (id = 8111168)

table 3 : explain DELETE FROM sbtest3 WHERE id=3527375
	Delete on sbtest3  (cost=0.43..8.45 rows=1 width=6)
	  ->  Index Scan using sbtest3_pkey on sbtest3  (cost=0.43..8.45 rows=1 width=6)
	        Index Cond: (id = 3527375)

table 4 : explain DELETE FROM sbtest4 WHERE id=9079178
	Delete on sbtest4  (cost=0.43..8.45 rows=1 width=6)
	  ->  Index Scan using sbtest4_pkey on sbtest4  (cost=0.43..8.45 rows=1 width=6)
	        Index Cond: (id = 9079178)

table 5 : explain DELETE FROM sbtest5 WHERE id=5085155
	Delete on sbtest5  (cost=0.43..8.45 rows=1 width=6)
	  ->  Index Scan using sbtest5_pkey on sbtest5  (cost=0.43..8.45 rows=1 width=6)
	        Index Cond: (id = 5085155)

table 6 : explain DELETE FROM sbtest6 WHERE id=3228128
	Delete on sbtest6  (cost=0.43..8.45 rows=1 width=6)
	  ->  Index Scan using sbtest6_pkey on sbtest6  (cost=0.43..8.45 rows=1 width=6)
	        Index Cond: (id = 3228128)

table 7 : explain DELETE FROM sbtest7 WHERE id=6835182
	Delete on sbtest7  (cost=0.43..8.45 rows=1 width=6)
	  ->  Index Scan using sbtest7_pkey on sbtest7  (cost=0.43..8.45 rows=1 width=6)
	        Index Cond: (id = 6835182)

table 8 : explain DELETE FROM sbtest8 WHERE id=5330509
	Delete on sbtest8  (cost=0.43..8.45 rows=1 width=6)
	  ->  Index Scan using sbtest8_pkey on sbtest8  (cost=0.43..8.45 rows=1 width=6)
	        Index Cond: (id = 5330509)

explain: for deletes :: explain DELETE FROM sbtest%u WHERE id=%u
explain: for deletes :: explain DELETE FROM sbtest%u WHERE id=%u
for deletes
table 1 : explain DELETE FROM sbtest1 WHERE id=6246608
	Delete on sbtest1  (cost=0.43..8.45 rows=1 width=6)
	  ->  Index Scan using sbtest1_pkey on sbtest1  (cost=0.43..8.45 rows=1 width=6)
	        Index Cond: (id = 6246608)

table 2 : explain DELETE FROM sbtest2 WHERE id=3668679
	Delete on sbtest2  (cost=0.43..8.45 rows=1 width=6)
	  ->  Index Scan using sbtest2_pkey on sbtest2  (cost=0.43..8.45 rows=1 width=6)
	        Index Cond: (id = 3668679)

table 3 : explain DELETE FROM sbtest3 WHERE id=8868259
	Delete on sbtest3  (cost=0.43..8.45 rows=1 width=6)
	  ->  Index Scan using sbtest3_pkey on sbtest3  (cost=0.43..8.45 rows=1 width=6)
	        Index Cond: (id = 8868259)

table 4 : explain DELETE FROM sbtest4 WHERE id=9424940
	Delete on sbtest4  (cost=0.43..8.45 rows=1 width=6)
	  ->  Index Scan using sbtest4_pkey on sbtest4  (cost=0.43..8.45 rows=1 width=6)
	        Index Cond: (id = 9424940)

table 5 : explain DELETE FROM sbtest5 WHERE id=6511085
	Delete on sbtest5  (cost=0.43..8.45 rows=1 width=6)
	  ->  Index Scan using sbtest5_pkey on sbtest5  (cost=0.43..8.45 rows=1 width=6)
	        Index Cond: (id = 6511085)

table 6 : explain DELETE FROM sbtest6 WHERE id=6312291
	Delete on sbtest6  (cost=0.43..8.45 rows=1 width=6)
	  ->  Index Scan using sbtest6_pkey on sbtest6  (cost=0.43..8.45 rows=1 width=6)
	        Index Cond: (id = 6312291)

table 7 : explain DELETE FROM sbtest7 WHERE id=8970386
	Delete on sbtest7  (cost=0.43..8.45 rows=1 width=6)
	  ->  Index Scan using sbtest7_pkey on sbtest7  (cost=0.43..8.45 rows=1 width=6)
	        Index Cond: (id = 8970386)

table 8 : explain DELETE FROM sbtest8 WHERE id=5311509
	Delete on sbtest8  (cost=0.43..8.45 rows=1 width=6)
	  ->  Index Scan using sbtest8_pkey on sbtest8  (cost=0.43..8.45 rows=1 width=6)
	        Index Cond: (id = 5311509)

for deletes
table 1 : explain DELETE FROM sbtest1 WHERE id=3057169
	Delete on sbtest1  (cost=0.43..8.45 rows=1 width=6)
	  ->  Index Scan using sbtest1_pkey on sbtest1  (cost=0.43..8.45 rows=1 width=6)
	        Index Cond: (id = 3057169)

table 2 : explain DELETE FROM sbtest2 WHERE id=9851852
	Delete on sbtest2  (cost=0.43..8.45 rows=1 width=6)
	  ->  Index Scan using sbtest2_pkey on sbtest2  (cost=0.43..8.45 rows=1 width=6)
	        Index Cond: (id = 9851852)

table 3 : explain DELETE FROM sbtest3 WHERE id=7390363
	Delete on sbtest3  (cost=0.43..8.45 rows=1 width=6)
	  ->  Index Scan using sbtest3_pkey on sbtest3  (cost=0.43..8.45 rows=1 width=6)
	        Index Cond: (id = 7390363)

table 4 : explain DELETE FROM sbtest4 WHERE id=9799635
	Delete on sbtest4  (cost=0.43..8.45 rows=1 width=6)
	  ->  Index Scan using sbtest4_pkey on sbtest4  (cost=0.43..8.45 rows=1 width=6)
	        Index Cond: (id = 9799635)

table 5 : explain DELETE FROM sbtest5 WHERE id=6545744
	Delete on sbtest5  (cost=0.43..8.45 rows=1 width=6)
	  ->  Index Scan using sbtest5_pkey on sbtest5  (cost=0.43..8.45 rows=1 width=6)
	        Index Cond: (id = 6545744)

table 6 : explain DELETE FROM sbtest6 WHERE id=6612670
	Delete on sbtest6  (cost=0.43..8.45 rows=1 width=6)
	  ->  Index Scan using sbtest6_pkey on sbtest6  (cost=0.43..8.45 rows=1 width=6)
	        Index Cond: (id = 6612670)

table 7 : explain DELETE FROM sbtest7 WHERE id=1380364
	Delete on sbtest7  (cost=0.43..8.45 rows=1 width=6)
	  ->  Index Scan using sbtest7_pkey on sbtest7  (cost=0.43..8.45 rows=1 width=6)
	        Index Cond: (id = 1380364)

table 8 : explain DELETE FROM sbtest8 WHERE id=9087636
	Delete on sbtest8  (cost=0.43..8.45 rows=1 width=6)
	  ->  Index Scan using sbtest8_pkey on sbtest8  (cost=0.43..8.45 rows=1 width=6)
	        Index Cond: (id = 9087636)

explain: for deletes :: explain DELETE FROM sbtest%u WHERE id=%u
for deletes
table 1 : explain DELETE FROM sbtest1 WHERE id=5697144
	Delete on sbtest1  (cost=0.43..8.45 rows=1 width=6)
	  ->  Index Scan using sbtest1_pkey on sbtest1  (cost=0.43..8.45 rows=1 width=6)
	        Index Cond: (id = 5697144)

table 2 : explain DELETE FROM sbtest2 WHERE id=3720201
	Delete on sbtest2  (cost=0.43..8.45 rows=1 width=6)
	  ->  Index Scan using sbtest2_pkey on sbtest2  (cost=0.43..8.45 rows=1 width=6)
	        Index Cond: (id = 3720201)

table 3 : explain DELETE FROM sbtest3 WHERE id=1969122
	Delete on sbtest3  (cost=0.43..8.45 rows=1 width=6)
	  ->  Index Scan using sbtest3_pkey on sbtest3  (cost=0.43..8.45 rows=1 width=6)
	        Index Cond: (id = 1969122)

table 4 : explain DELETE FROM sbtest4 WHERE id=7465124
	Delete on sbtest4  (cost=0.43..8.45 rows=1 width=6)
	  ->  Index Scan using sbtest4_pkey on sbtest4  (cost=0.43..8.45 rows=1 width=6)
	        Index Cond: (id = 7465124)

table 5 : explain DELETE FROM sbtest5 WHERE id=4082634
	Delete on sbtest5  (cost=0.43..8.45 rows=1 width=6)
	  ->  Index Scan using sbtest5_pkey on sbtest5  (cost=0.43..8.45 rows=1 width=6)
	        Index Cond: (id = 4082634)

table 6 : explain DELETE FROM sbtest6 WHERE id=7054643
	Delete on sbtest6  (cost=0.43..8.45 rows=1 width=6)
	  ->  Index Scan using sbtest6_pkey on sbtest6  (cost=0.43..8.45 rows=1 width=6)
	        Index Cond: (id = 7054643)

table 7 : explain DELETE FROM sbtest7 WHERE id=2326856
	Delete on sbtest7  (cost=0.43..8.45 rows=1 width=6)
	  ->  Index Scan using sbtest7_pkey on sbtest7  (cost=0.43..8.45 rows=1 width=6)
	        Index Cond: (id = 2326856)

table 8 : explain DELETE FROM sbtest8 WHERE id=5266904
	Delete on sbtest8  (cost=0.43..8.45 rows=1 width=6)
	  ->  Index Scan using sbtest8_pkey on sbtest8  (cost=0.43..8.45 rows=1 width=6)
	        Index Cond: (id = 5266904)

explain: for deletes :: explain DELETE FROM sbtest%u WHERE id=%u
for deletes
table 1 : explain DELETE FROM sbtest1 WHERE id=7516221
	Delete on sbtest1  (cost=0.43..8.45 rows=1 width=6)
	  ->  Index Scan using sbtest1_pkey on sbtest1  (cost=0.43..8.45 rows=1 width=6)
	        Index Cond: (id = 7516221)

table 2 : explain DELETE FROM sbtest2 WHERE id=7389085
	Delete on sbtest2  (cost=0.43..8.45 rows=1 width=6)
	  ->  Index Scan using sbtest2_pkey on sbtest2  (cost=0.43..8.45 rows=1 width=6)
	        Index Cond: (id = 7389085)

table 3 : explain DELETE FROM sbtest3 WHERE id=8586806
	Delete on sbtest3  (cost=0.43..8.45 rows=1 width=6)
	  ->  Index Scan using sbtest3_pkey on sbtest3  (cost=0.43..8.45 rows=1 width=6)
	        Index Cond: (id = 8586806)

table 4 : explain DELETE FROM sbtest4 WHERE id=1911666
	Delete on sbtest4  (cost=0.43..8.45 rows=1 width=6)
	  ->  Index Scan using sbtest4_pkey on sbtest4  (cost=0.43..8.45 rows=1 width=6)
	        Index Cond: (id = 1911666)

table 5 : explain DELETE FROM sbtest5 WHERE id=7663038
	Delete on sbtest5  (cost=0.43..8.45 rows=1 width=6)
	  ->  Index Scan using sbtest5_pkey on sbtest5  (cost=0.43..8.45 rows=1 width=6)
	        Index Cond: (id = 7663038)

table 6 : explain DELETE FROM sbtest6 WHERE id=6111340
	Delete on sbtest6  (cost=0.43..8.45 rows=1 width=6)
	  ->  Index Scan using sbtest6_pkey on sbtest6  (cost=0.43..8.45 rows=1 width=6)
	        Index Cond: (id = 6111340)

table 7 : explain DELETE FROM sbtest7 WHERE id=9278975
	Delete on sbtest7  (cost=0.43..8.45 rows=1 width=6)
	  ->  Index Scan using sbtest7_pkey on sbtest7  (cost=0.43..8.45 rows=1 width=6)
	        Index Cond: (id = 9278975)

table 8 : explain DELETE FROM sbtest8 WHERE id=9234650
	Delete on sbtest8  (cost=0.43..8.45 rows=1 width=6)
	  ->  Index Scan using sbtest8_pkey on sbtest8  (cost=0.43..8.45 rows=1 width=6)
	        Index Cond: (id = 9234650)

for deletes
table 1 : explain DELETE FROM sbtest1 WHERE id=5280033
	Delete on sbtest1  (cost=0.43..8.45 rows=1 width=6)
	  ->  Index Scan using sbtest1_pkey on sbtest1  (cost=0.43..8.45 rows=1 width=6)
	        Index Cond: (id = 5280033)

table 2 : explain DELETE FROM sbtest2 WHERE id=2581371
	Delete on sbtest2  (cost=0.43..8.45 rows=1 width=6)
	  ->  Index Scan using sbtest2_pkey on sbtest2  (cost=0.43..8.45 rows=1 width=6)
	        Index Cond: (id = 2581371)

table 3 : explain DELETE FROM sbtest3 WHERE id=7851096
	Delete on sbtest3  (cost=0.43..8.45 rows=1 width=6)
	  ->  Index Scan using sbtest3_pkey on sbtest3  (cost=0.43..8.45 rows=1 width=6)
	        Index Cond: (id = 7851096)

table 4 : explain DELETE FROM sbtest4 WHERE id=6000129
	Delete on sbtest4  (cost=0.43..8.45 rows=1 width=6)
	  ->  Index Scan using sbtest4_pkey on sbtest4  (cost=0.43..8.45 rows=1 width=6)
	        Index Cond: (id = 6000129)

table 5 : explain DELETE FROM sbtest5 WHERE id=449955
	Delete on sbtest5  (cost=0.43..8.45 rows=1 width=6)
	  ->  Index Scan using sbtest5_pkey on sbtest5  (cost=0.43..8.45 rows=1 width=6)
	        Index Cond: (id = 449955)

table 6 : explain DELETE FROM sbtest6 WHERE id=7232544
	Delete on sbtest6  (cost=0.43..8.45 rows=1 width=6)
	  ->  Index Scan using sbtest6_pkey on sbtest6  (cost=0.43..8.45 rows=1 width=6)
	        Index Cond: (id = 7232544)

table 7 : explain DELETE FROM sbtest7 WHERE id=7916887
	Delete on sbtest7  (cost=0.43..8.45 rows=1 width=6)
	  ->  Index Scan using sbtest7_pkey on sbtest7  (cost=0.43..8.45 rows=1 width=6)
	        Index Cond: (id = 7916887)

table 8 : explain DELETE FROM sbtest8 WHERE id=9721527
	Delete on sbtest8  (cost=0.43..8.45 rows=1 width=6)
	  ->  Index Scan using sbtest8_pkey on sbtest8  (cost=0.43..8.45 rows=1 width=6)
	        Index Cond: (id = 9721527)

explain: for deletes :: explain DELETE FROM sbtest%u WHERE id=%u
explain: for deletes :: explain DELETE FROM sbtest%u WHERE id=%u
for deletes
table 1 : explain DELETE FROM sbtest1 WHERE id=2275776
	Delete on sbtest1  (cost=0.43..8.45 rows=1 width=6)
	  ->  Index Scan using sbtest1_pkey on sbtest1  (cost=0.43..8.45 rows=1 width=6)
	        Index Cond: (id = 2275776)

table 2 : explain DELETE FROM sbtest2 WHERE id=671837
	Delete on sbtest2  (cost=0.43..8.45 rows=1 width=6)
	  ->  Index Scan using sbtest2_pkey on sbtest2  (cost=0.43..8.45 rows=1 width=6)
	        Index Cond: (id = 671837)

table 3 : explain DELETE FROM sbtest3 WHERE id=1216857
	Delete on sbtest3  (cost=0.43..8.45 rows=1 width=6)
	  ->  Index Scan using sbtest3_pkey on sbtest3  (cost=0.43..8.45 rows=1 width=6)
	        Index Cond: (id = 1216857)

table 4 : explain DELETE FROM sbtest4 WHERE id=5812206
	Delete on sbtest4  (cost=0.43..8.45 rows=1 width=6)
	  ->  Index Scan using sbtest4_pkey on sbtest4  (cost=0.43..8.45 rows=1 width=6)
	        Index Cond: (id = 5812206)

table 5 : explain DELETE FROM sbtest5 WHERE id=297479
	Delete on sbtest5  (cost=0.43..8.45 rows=1 width=6)
	  ->  Index Scan using sbtest5_pkey on sbtest5  (cost=0.43..8.45 rows=1 width=6)
	        Index Cond: (id = 297479)

table 6 : explain DELETE FROM sbtest6 WHERE id=9647099
	Delete on sbtest6  (cost=0.43..8.45 rows=1 width=6)
	  ->  Index Scan using sbtest6_pkey on sbtest6  (cost=0.43..8.45 rows=1 width=6)
	        Index Cond: (id = 9647099)

table 7 : explain DELETE FROM sbtest7 WHERE id=194233
	Delete on sbtest7  (cost=0.43..8.45 rows=1 width=6)
	  ->  Index Scan using sbtest7_pkey on sbtest7  (cost=0.43..8.45 rows=1 width=6)
	        Index Cond: (id = 194233)

table 8 : explain DELETE FROM sbtest8 WHERE id=8400353
	Delete on sbtest8  (cost=0.43..8.45 rows=1 width=6)
	  ->  Index Scan using sbtest8_pkey on sbtest8  (cost=0.43..8.45 rows=1 width=6)
	        Index Cond: (id = 8400353)

explain: for deletes :: explain DELETE FROM sbtest%u WHERE id=%u
for deletes
table 1 : explain DELETE FROM sbtest1 WHERE id=2796300
	Delete on sbtest1  (cost=0.43..8.45 rows=1 width=6)
	  ->  Index Scan using sbtest1_pkey on sbtest1  (cost=0.43..8.45 rows=1 width=6)
	        Index Cond: (id = 2796300)

table 2 : explain DELETE FROM sbtest2 WHERE id=6122903
	Delete on sbtest2  (cost=0.43..8.45 rows=1 width=6)
	  ->  Index Scan using sbtest2_pkey on sbtest2  (cost=0.43..8.45 rows=1 width=6)
	        Index Cond: (id = 6122903)

table 3 : explain DELETE FROM sbtest3 WHERE id=4444895
	Delete on sbtest3  (cost=0.43..8.45 rows=1 width=6)
	  ->  Index Scan using sbtest3_pkey on sbtest3  (cost=0.43..8.45 rows=1 width=6)
	        Index Cond: (id = 4444895)

table 4 : explain DELETE FROM sbtest4 WHERE id=7218327
	Delete on sbtest4  (cost=0.43..8.45 rows=1 width=6)
	  ->  Index Scan using sbtest4_pkey on sbtest4  (cost=0.43..8.45 rows=1 width=6)
	        Index Cond: (id = 7218327)

table 5 : explain DELETE FROM sbtest5 WHERE id=5139528
	Delete on sbtest5  (cost=0.43..8.45 rows=1 width=6)
	  ->  Index Scan using sbtest5_pkey on sbtest5  (cost=0.43..8.45 rows=1 width=6)
	        Index Cond: (id = 5139528)

table 6 : explain DELETE FROM sbtest6 WHERE id=6797930
	Delete on sbtest6  (cost=0.43..8.45 rows=1 width=6)
	  ->  Index Scan using sbtest6_pkey on sbtest6  (cost=0.43..8.45 rows=1 width=6)
	        Index Cond: (id = 6797930)

table 7 : explain DELETE FROM sbtest7 WHERE id=7145628
	Delete on sbtest7  (cost=0.43..8.45 rows=1 width=6)
	  ->  Index Scan using sbtest7_pkey on sbtest7  (cost=0.43..8.45 rows=1 width=6)
	        Index Cond: (id = 7145628)

table 8 : explain DELETE FROM sbtest8 WHERE id=4652239
	Delete on sbtest8  (cost=0.43..8.45 rows=1 width=6)
	  ->  Index Scan using sbtest8_pkey on sbtest8  (cost=0.43..8.45 rows=1 width=6)
	        Index Cond: (id = 4652239)

explain: for deletes :: explain DELETE FROM sbtest%u WHERE id=%u
explain: for deletes :: explain DELETE FROM sbtest%u WHERE id=%u
explain: for deletes :: explain DELETE FROM sbtest%u WHERE id=%u
for deletes
table 1 : explain DELETE FROM sbtest1 WHERE id=8863485
	Delete on sbtest1  (cost=0.43..8.45 rows=1 width=6)
	  ->  Index Scan using sbtest1_pkey on sbtest1  (cost=0.43..8.45 rows=1 width=6)
	        Index Cond: (id = 8863485)

table 2 : explain DELETE FROM sbtest2 WHERE id=4647412
	Delete on sbtest2  (cost=0.43..8.45 rows=1 width=6)
	  ->  Index Scan using sbtest2_pkey on sbtest2  (cost=0.43..8.45 rows=1 width=6)
	        Index Cond: (id = 4647412)

table 3 : explain DELETE FROM sbtest3 WHERE id=9262738
	Delete on sbtest3  (cost=0.43..8.45 rows=1 width=6)
	  ->  Index Scan using sbtest3_pkey on sbtest3  (cost=0.43..8.45 rows=1 width=6)
	        Index Cond: (id = 9262738)

table 4 : explain DELETE FROM sbtest4 WHERE id=2786332
	Delete on sbtest4  (cost=0.43..8.45 rows=1 width=6)
	  ->  Index Scan using sbtest4_pkey on sbtest4  (cost=0.43..8.45 rows=1 width=6)
	        Index Cond: (id = 2786332)

table 5 : explain DELETE FROM sbtest5 WHERE id=4515879
	Delete on sbtest5  (cost=0.43..8.45 rows=1 width=6)
	  ->  Index Scan using sbtest5_pkey on sbtest5  (cost=0.43..8.45 rows=1 width=6)
	        Index Cond: (id = 4515879)

table 6 : explain DELETE FROM sbtest6 WHERE id=6239419
	Delete on sbtest6  (cost=0.43..8.45 rows=1 width=6)
	  ->  Index Scan using sbtest6_pkey on sbtest6  (cost=0.43..8.45 rows=1 width=6)
	        Index Cond: (id = 6239419)

table 7 : explain DELETE FROM sbtest7 WHERE id=3169011
	Delete on sbtest7  (cost=0.43..8.45 rows=1 width=6)
	  ->  Index Scan using sbtest7_pkey on sbtest7  (cost=0.43..8.45 rows=1 width=6)
	        Index Cond: (id = 3169011)

table 8 : explain DELETE FROM sbtest8 WHERE id=6174231
	Delete on sbtest8  (cost=0.43..8.45 rows=1 width=6)
	  ->  Index Scan using sbtest8_pkey on sbtest8  (cost=0.43..8.45 rows=1 width=6)
	        Index Cond: (id = 6174231)

for deletes
table 1 : explain DELETE FROM sbtest1 WHERE id=2701487
	Delete on sbtest1  (cost=0.43..8.45 rows=1 width=6)
	  ->  Index Scan using sbtest1_pkey on sbtest1  (cost=0.43..8.45 rows=1 width=6)
	        Index Cond: (id = 2701487)

table 2 : explain DELETE FROM sbtest2 WHERE id=3613524
	Delete on sbtest2  (cost=0.43..8.45 rows=1 width=6)
	  ->  Index Scan using sbtest2_pkey on sbtest2  (cost=0.43..8.45 rows=1 width=6)
	        Index Cond: (id = 3613524)

table 3 : explain DELETE FROM sbtest3 WHERE id=3974385
	Delete on sbtest3  (cost=0.43..8.45 rows=1 width=6)
	  ->  Index Scan using sbtest3_pkey on sbtest3  (cost=0.43..8.45 rows=1 width=6)
	        Index Cond: (id = 3974385)

table 4 : explain DELETE FROM sbtest4 WHERE id=6560649
	Delete on sbtest4  (cost=0.43..8.45 rows=1 width=6)
	  ->  Index Scan using sbtest4_pkey on sbtest4  (cost=0.43..8.45 rows=1 width=6)
	        Index Cond: (id = 6560649)

table 5 : explain DELETE FROM sbtest5 WHERE id=8274879
	Delete on sbtest5  (cost=0.43..8.45 rows=1 width=6)
	  ->  Index Scan using sbtest5_pkey on sbtest5  (cost=0.43..8.45 rows=1 width=6)
	        Index Cond: (id = 8274879)

table 6 : explain DELETE FROM sbtest6 WHERE id=8860249
	Delete on sbtest6  (cost=0.43..8.45 rows=1 width=6)
	  ->  Index Scan using sbtest6_pkey on sbtest6  (cost=0.43..8.45 rows=1 width=6)
	        Index Cond: (id = 8860249)

table 7 : explain DELETE FROM sbtest7 WHERE id=5689148
	Delete on sbtest7  (cost=0.43..8.45 rows=1 width=6)
	  ->  Index Scan using sbtest7_pkey on sbtest7  (cost=0.43..8.45 rows=1 width=6)
	        Index Cond: (id = 5689148)

table 8 : explain DELETE FROM sbtest8 WHERE id=1480506
	Delete on sbtest8  (cost=0.43..8.45 rows=1 width=6)
	  ->  Index Scan using sbtest8_pkey on sbtest8  (cost=0.43..8.45 rows=1 width=6)
	        Index Cond: (id = 1480506)

explain: for deletes :: explain DELETE FROM sbtest%u WHERE id=%u
for deletes
table 1 : explain DELETE FROM sbtest1 WHERE id=9132801
	Delete on sbtest1  (cost=0.43..8.45 rows=1 width=6)
	  ->  Index Scan using sbtest1_pkey on sbtest1  (cost=0.43..8.45 rows=1 width=6)
	        Index Cond: (id = 9132801)

table 2 : explain DELETE FROM sbtest2 WHERE id=750712
	Delete on sbtest2  (cost=0.43..8.45 rows=1 width=6)
	  ->  Index Scan using sbtest2_pkey on sbtest2  (cost=0.43..8.45 rows=1 width=6)
	        Index Cond: (id = 750712)

table 3 : explain DELETE FROM sbtest3 WHERE id=9289893
	Delete on sbtest3  (cost=0.43..8.45 rows=1 width=6)
	  ->  Index Scan using sbtest3_pkey on sbtest3  (cost=0.43..8.45 rows=1 width=6)
	        Index Cond: (id = 9289893)

table 4 : explain DELETE FROM sbtest4 WHERE id=5486347
	Delete on sbtest4  (cost=0.43..8.45 rows=1 width=6)
	  ->  Index Scan using sbtest4_pkey on sbtest4  (cost=0.43..8.45 rows=1 width=6)
	        Index Cond: (id = 5486347)

table 5 : explain DELETE FROM sbtest5 WHERE id=7265428
	Delete on sbtest5  (cost=0.43..8.45 rows=1 width=6)
	  ->  Index Scan using sbtest5_pkey on sbtest5  (cost=0.43..8.45 rows=1 width=6)
	        Index Cond: (id = 7265428)

table 6 : explain DELETE FROM sbtest6 WHERE id=1995020
	Delete on sbtest6  (cost=0.43..8.45 rows=1 width=6)
	  ->  Index Scan using sbtest6_pkey on sbtest6  (cost=0.43..8.45 rows=1 width=6)
	        Index Cond: (id = 1995020)

table 7 : explain DELETE FROM sbtest7 WHERE id=8407423
	Delete on sbtest7  (cost=0.43..8.45 rows=1 width=6)
	  ->  Index Scan using sbtest7_pkey on sbtest7  (cost=0.43..8.45 rows=1 width=6)
	        Index Cond: (id = 8407423)

table 8 : explain DELETE FROM sbtest8 WHERE id=4706438
	Delete on sbtest8  (cost=0.43..8.45 rows=1 width=6)
	  ->  Index Scan using sbtest8_pkey on sbtest8  (cost=0.43..8.45 rows=1 width=6)
	        Index Cond: (id = 4706438)

for deletes
table 1 : explain DELETE FROM sbtest1 WHERE id=7186331
	Delete on sbtest1  (cost=0.43..8.45 rows=1 width=6)
	  ->  Index Scan using sbtest1_pkey on sbtest1  (cost=0.43..8.45 rows=1 width=6)
	        Index Cond: (id = 7186331)

table 2 : explain DELETE FROM sbtest2 WHERE id=1180708
	Delete on sbtest2  (cost=0.43..8.45 rows=1 width=6)
	  ->  Index Scan using sbtest2_pkey on sbtest2  (cost=0.43..8.45 rows=1 width=6)
	        Index Cond: (id = 1180708)

table 3 : explain DELETE FROM sbtest3 WHERE id=432845
	Delete on sbtest3  (cost=0.43..8.45 rows=1 width=6)
	  ->  Index Scan using sbtest3_pkey on sbtest3  (cost=0.43..8.45 rows=1 width=6)
	        Index Cond: (id = 432845)

table 4 : explain DELETE FROM sbtest4 WHERE id=7367208
	Delete on sbtest4  (cost=0.43..8.45 rows=1 width=6)
	  ->  Index Scan using sbtest4_pkey on sbtest4  (cost=0.43..8.45 rows=1 width=6)
	        Index Cond: (id = 7367208)

table 5 : explain DELETE FROM sbtest5 WHERE id=3601097
	Delete on sbtest5  (cost=0.43..8.45 rows=1 width=6)
	  ->  Index Scan using sbtest5_pkey on sbtest5  (cost=0.43..8.45 rows=1 width=6)
	        Index Cond: (id = 3601097)

table 6 : explain DELETE FROM sbtest6 WHERE id=2057675
	Delete on sbtest6  (cost=0.43..8.45 rows=1 width=6)
	  ->  Index Scan using sbtest6_pkey on sbtest6  (cost=0.43..8.45 rows=1 width=6)
	        Index Cond: (id = 2057675)

table 7 : explain DELETE FROM sbtest7 WHERE id=2469586
	Delete on sbtest7  (cost=0.43..8.45 rows=1 width=6)
	  ->  Index Scan using sbtest7_pkey on sbtest7  (cost=0.43..8.45 rows=1 width=6)
	        Index Cond: (id = 2469586)

table 8 : explain DELETE FROM sbtest8 WHERE id=6596056
	Delete on sbtest8  (cost=0.43..8.45 rows=1 width=6)
	  ->  Index Scan using sbtest8_pkey on sbtest8  (cost=0.43..8.45 rows=1 width=6)
	        Index Cond: (id = 6596056)

for deletes
table 1 : explain DELETE FROM sbtest1 WHERE id=9175694
	Delete on sbtest1  (cost=0.43..8.45 rows=1 width=6)
	  ->  Index Scan using sbtest1_pkey on sbtest1  (cost=0.43..8.45 rows=1 width=6)
	        Index Cond: (id = 9175694)

table 2 : explain DELETE FROM sbtest2 WHERE id=8268070
	Delete on sbtest2  (cost=0.43..8.45 rows=1 width=6)
	  ->  Index Scan using sbtest2_pkey on sbtest2  (cost=0.43..8.45 rows=1 width=6)
	        Index Cond: (id = 8268070)

table 3 : explain DELETE FROM sbtest3 WHERE id=8999582
	Delete on sbtest3  (cost=0.43..8.45 rows=1 width=6)
	  ->  Index Scan using sbtest3_pkey on sbtest3  (cost=0.43..8.45 rows=1 width=6)
	        Index Cond: (id = 8999582)

table 4 : explain DELETE FROM sbtest4 WHERE id=5072492
	Delete on sbtest4  (cost=0.43..8.45 rows=1 width=6)
	  ->  Index Scan using sbtest4_pkey on sbtest4  (cost=0.43..8.45 rows=1 width=6)
	        Index Cond: (id = 5072492)

table 5 : explain DELETE FROM sbtest5 WHERE id=3828151
	Delete on sbtest5  (cost=0.43..8.45 rows=1 width=6)
	  ->  Index Scan using sbtest5_pkey on sbtest5  (cost=0.43..8.45 rows=1 width=6)
	        Index Cond: (id = 3828151)

table 6 : explain DELETE FROM sbtest6 WHERE id=4119697
	Delete on sbtest6  (cost=0.43..8.45 rows=1 width=6)
	  ->  Index Scan using sbtest6_pkey on sbtest6  (cost=0.43..8.45 rows=1 width=6)
	        Index Cond: (id = 4119697)

table 7 : explain DELETE FROM sbtest7 WHERE id=414782
	Delete on sbtest7  (cost=0.43..8.45 rows=1 width=6)
	  ->  Index Scan using sbtest7_pkey on sbtest7  (cost=0.43..8.45 rows=1 width=6)
	        Index Cond: (id = 414782)

table 8 : explain DELETE FROM sbtest8 WHERE id=6539048
	Delete on sbtest8  (cost=0.43..8.45 rows=1 width=6)
	  ->  Index Scan using sbtest8_pkey on sbtest8  (cost=0.43..8.45 rows=1 width=6)
	        Index Cond: (id = 6539048)

for deletes
table 1 : explain DELETE FROM sbtest1 WHERE id=8196122
	Delete on sbtest1  (cost=0.43..8.45 rows=1 width=6)
	  ->  Index Scan using sbtest1_pkey on sbtest1  (cost=0.43..8.45 rows=1 width=6)
	        Index Cond: (id = 8196122)

table 2 : explain DELETE FROM sbtest2 WHERE id=3871862
	Delete on sbtest2  (cost=0.43..8.45 rows=1 width=6)
	  ->  Index Scan using sbtest2_pkey on sbtest2  (cost=0.43..8.45 rows=1 width=6)
	        Index Cond: (id = 3871862)

table 3 : explain DELETE FROM sbtest3 WHERE id=7708502
	Delete on sbtest3  (cost=0.43..8.45 rows=1 width=6)
	  ->  Index Scan using sbtest3_pkey on sbtest3  (cost=0.43..8.45 rows=1 width=6)
	        Index Cond: (id = 7708502)

table 4 : explain DELETE FROM sbtest4 WHERE id=4389012
	Delete on sbtest4  (cost=0.43..8.45 rows=1 width=6)
	  ->  Index Scan using sbtest4_pkey on sbtest4  (cost=0.43..8.45 rows=1 width=6)
	        Index Cond: (id = 4389012)

table 5 : explain DELETE FROM sbtest5 WHERE id=8849998
	Delete on sbtest5  (cost=0.43..8.45 rows=1 width=6)
	  ->  Index Scan using sbtest5_pkey on sbtest5  (cost=0.43..8.45 rows=1 width=6)
	        Index Cond: (id = 8849998)

table 6 : explain DELETE FROM sbtest6 WHERE id=5780569
	Delete on sbtest6  (cost=0.43..8.45 rows=1 width=6)
	  ->  Index Scan using sbtest6_pkey on sbtest6  (cost=0.43..8.45 rows=1 width=6)
	        Index Cond: (id = 5780569)

table 7 : explain DELETE FROM sbtest7 WHERE id=7976027
	Delete on sbtest7  (cost=0.43..8.45 rows=1 width=6)
	  ->  Index Scan using sbtest7_pkey on sbtest7  (cost=0.43..8.45 rows=1 width=6)
	        Index Cond: (id = 7976027)

table 8 : explain DELETE FROM sbtest8 WHERE id=2837208
	Delete on sbtest8  (cost=0.43..8.45 rows=1 width=6)
	  ->  Index Scan using sbtest8_pkey on sbtest8  (cost=0.43..8.45 rows=1 width=6)
	        Index Cond: (id = 2837208)

for deletes
table 1 : explain DELETE FROM sbtest1 WHERE id=8185999
	Delete on sbtest1  (cost=0.43..8.45 rows=1 width=6)
	  ->  Index Scan using sbtest1_pkey on sbtest1  (cost=0.43..8.45 rows=1 width=6)
	        Index Cond: (id = 8185999)

table 2 : explain DELETE FROM sbtest2 WHERE id=8380979
	Delete on sbtest2  (cost=0.43..8.45 rows=1 width=6)
	  ->  Index Scan using sbtest2_pkey on sbtest2  (cost=0.43..8.45 rows=1 width=6)
	        Index Cond: (id = 8380979)

table 3 : explain DELETE FROM sbtest3 WHERE id=410520
	Delete on sbtest3  (cost=0.43..8.45 rows=1 width=6)
	  ->  Index Scan using sbtest3_pkey on sbtest3  (cost=0.43..8.45 rows=1 width=6)
	        Index Cond: (id = 410520)

table 4 : explain DELETE FROM sbtest4 WHERE id=6843567
	Delete on sbtest4  (cost=0.43..8.45 rows=1 width=6)
	  ->  Index Scan using sbtest4_pkey on sbtest4  (cost=0.43..8.45 rows=1 width=6)
	        Index Cond: (id = 6843567)

table 5 : explain DELETE FROM sbtest5 WHERE id=2998166
	Delete on sbtest5  (cost=0.43..8.45 rows=1 width=6)
	  ->  Index Scan using sbtest5_pkey on sbtest5  (cost=0.43..8.45 rows=1 width=6)
	        Index Cond: (id = 2998166)

table 6 : explain DELETE FROM sbtest6 WHERE id=6826972
	Delete on sbtest6  (cost=0.43..8.45 rows=1 width=6)
	  ->  Index Scan using sbtest6_pkey on sbtest6  (cost=0.43..8.45 rows=1 width=6)
	        Index Cond: (id = 6826972)

table 7 : explain DELETE FROM sbtest7 WHERE id=3568201
	Delete on sbtest7  (cost=0.43..8.45 rows=1 width=6)
	  ->  Index Scan using sbtest7_pkey on sbtest7  (cost=0.43..8.45 rows=1 width=6)
	        Index Cond: (id = 3568201)

table 8 : explain DELETE FROM sbtest8 WHERE id=7859182
	Delete on sbtest8  (cost=0.43..8.45 rows=1 width=6)
	  ->  Index Scan using sbtest8_pkey on sbtest8  (cost=0.43..8.45 rows=1 width=6)
	        Index Cond: (id = 7859182)

explain: for deletes :: explain DELETE FROM sbtest%u WHERE id=%u
explain: for deletes :: explain DELETE FROM sbtest%u WHERE id=%u
explain: for deletes :: explain DELETE FROM sbtest%u WHERE id=%u
for deletes
table 1 : explain DELETE FROM sbtest1 WHERE id=9891995
	Delete on sbtest1  (cost=0.43..8.45 rows=1 width=6)
	  ->  Index Scan using sbtest1_pkey on sbtest1  (cost=0.43..8.45 rows=1 width=6)
	        Index Cond: (id = 9891995)

table 2 : explain DELETE FROM sbtest2 WHERE id=2760480
	Delete on sbtest2  (cost=0.43..8.45 rows=1 width=6)
	  ->  Index Scan using sbtest2_pkey on sbtest2  (cost=0.43..8.45 rows=1 width=6)
	        Index Cond: (id = 2760480)

table 3 : explain DELETE FROM sbtest3 WHERE id=8671348
	Delete on sbtest3  (cost=0.43..8.45 rows=1 width=6)
	  ->  Index Scan using sbtest3_pkey on sbtest3  (cost=0.43..8.45 rows=1 width=6)
	        Index Cond: (id = 8671348)

table 4 : explain DELETE FROM sbtest4 WHERE id=6012863
	Delete on sbtest4  (cost=0.43..8.45 rows=1 width=6)
	  ->  Index Scan using sbtest4_pkey on sbtest4  (cost=0.43..8.45 rows=1 width=6)
	        Index Cond: (id = 6012863)

table 5 : explain DELETE FROM sbtest5 WHERE id=2474088
	Delete on sbtest5  (cost=0.43..8.45 rows=1 width=6)
	  ->  Index Scan using sbtest5_pkey on sbtest5  (cost=0.43..8.45 rows=1 width=6)
	        Index Cond: (id = 2474088)

table 6 : explain DELETE FROM sbtest6 WHERE id=6087766
	Delete on sbtest6  (cost=0.43..8.45 rows=1 width=6)
	  ->  Index Scan using sbtest6_pkey on sbtest6  (cost=0.43..8.45 rows=1 width=6)
	        Index Cond: (id = 6087766)

table 7 : explain DELETE FROM sbtest7 WHERE id=5702086
	Delete on sbtest7  (cost=0.43..8.45 rows=1 width=6)
	  ->  Index Scan using sbtest7_pkey on sbtest7  (cost=0.43..8.45 rows=1 width=6)
	        Index Cond: (id = 5702086)

table 8 : explain DELETE FROM sbtest8 WHERE id=8127002
	Delete on sbtest8  (cost=0.43..8.45 rows=1 width=6)
	  ->  Index Scan using sbtest8_pkey on sbtest8  (cost=0.43..8.45 rows=1 width=6)
	        Index Cond: (id = 8127002)

explain: for deletes :: explain DELETE FROM sbtest%u WHERE id=%u
for deletes
table 1 : explain DELETE FROM sbtest1 WHERE id=3021469
	Delete on sbtest1  (cost=0.43..8.45 rows=1 width=6)
	  ->  Index Scan using sbtest1_pkey on sbtest1  (cost=0.43..8.45 rows=1 width=6)
	        Index Cond: (id = 3021469)

table 2 : explain DELETE FROM sbtest2 WHERE id=589826
	Delete on sbtest2  (cost=0.43..8.45 rows=1 width=6)
	  ->  Index Scan using sbtest2_pkey on sbtest2  (cost=0.43..8.45 rows=1 width=6)
	        Index Cond: (id = 589826)

table 3 : explain DELETE FROM sbtest3 WHERE id=7856970
	Delete on sbtest3  (cost=0.43..8.45 rows=1 width=6)
	  ->  Index Scan using sbtest3_pkey on sbtest3  (cost=0.43..8.45 rows=1 width=6)
	        Index Cond: (id = 7856970)

table 4 : explain DELETE FROM sbtest4 WHERE id=4204601
	Delete on sbtest4  (cost=0.43..8.45 rows=1 width=6)
	  ->  Index Scan using sbtest4_pkey on sbtest4  (cost=0.43..8.45 rows=1 width=6)
	        Index Cond: (id = 4204601)

table 5 : explain DELETE FROM sbtest5 WHERE id=9385348
	Delete on sbtest5  (cost=0.43..8.45 rows=1 width=6)
	  ->  Index Scan using sbtest5_pkey on sbtest5  (cost=0.43..8.45 rows=1 width=6)
	        Index Cond: (id = 9385348)

table 6 : explain DELETE FROM sbtest6 WHERE id=1338960
	Delete on sbtest6  (cost=0.43..8.45 rows=1 width=6)
	  ->  Index Scan using sbtest6_pkey on sbtest6  (cost=0.43..8.45 rows=1 width=6)
	        Index Cond: (id = 1338960)

table 7 : explain DELETE FROM sbtest7 WHERE id=9739381
	Delete on sbtest7  (cost=0.43..8.45 rows=1 width=6)
	  ->  Index Scan using sbtest7_pkey on sbtest7  (cost=0.43..8.45 rows=1 width=6)
	        Index Cond: (id = 9739381)

table 8 : explain DELETE FROM sbtest8 WHERE id=4563205
	Delete on sbtest8  (cost=0.43..8.45 rows=1 width=6)
	  ->  Index Scan using sbtest8_pkey on sbtest8  (cost=0.43..8.45 rows=1 width=6)
	        Index Cond: (id = 4563205)

explain: for deletes :: explain DELETE FROM sbtest%u WHERE id=%u
explain: for deletes :: explain DELETE FROM sbtest%u WHERE id=%u
for deletes
table 1 : explain DELETE FROM sbtest1 WHERE id=2412713
	Delete on sbtest1  (cost=0.43..8.45 rows=1 width=6)
	  ->  Index Scan using sbtest1_pkey on sbtest1  (cost=0.43..8.45 rows=1 width=6)
	        Index Cond: (id = 2412713)

table 2 : explain DELETE FROM sbtest2 WHERE id=2271857
	Delete on sbtest2  (cost=0.43..8.45 rows=1 width=6)
	  ->  Index Scan using sbtest2_pkey on sbtest2  (cost=0.43..8.45 rows=1 width=6)
	        Index Cond: (id = 2271857)

table 3 : explain DELETE FROM sbtest3 WHERE id=8194713
	Delete on sbtest3  (cost=0.43..8.45 rows=1 width=6)
	  ->  Index Scan using sbtest3_pkey on sbtest3  (cost=0.43..8.45 rows=1 width=6)
	        Index Cond: (id = 8194713)

table 4 : explain DELETE FROM sbtest4 WHERE id=6139411
	Delete on sbtest4  (cost=0.43..8.45 rows=1 width=6)
	  ->  Index Scan using sbtest4_pkey on sbtest4  (cost=0.43..8.45 rows=1 width=6)
	        Index Cond: (id = 6139411)

table 5 : explain DELETE FROM sbtest5 WHERE id=2834063
	Delete on sbtest5  (cost=0.43..8.45 rows=1 width=6)
	  ->  Index Scan using sbtest5_pkey on sbtest5  (cost=0.43..8.45 rows=1 width=6)
	        Index Cond: (id = 2834063)

table 6 : explain DELETE FROM sbtest6 WHERE id=1064067
	Delete on sbtest6  (cost=0.43..8.45 rows=1 width=6)
	  ->  Index Scan using sbtest6_pkey on sbtest6  (cost=0.43..8.45 rows=1 width=6)
	        Index Cond: (id = 1064067)

table 7 : explain DELETE FROM sbtest7 WHERE id=8081365
	Delete on sbtest7  (cost=0.43..8.45 rows=1 width=6)
	  ->  Index Scan using sbtest7_pkey on sbtest7  (cost=0.43..8.45 rows=1 width=6)
	        Index Cond: (id = 8081365)

table 8 : explain DELETE FROM sbtest8 WHERE id=1640200
	Delete on sbtest8  (cost=0.43..8.45 rows=1 width=6)
	  ->  Index Scan using sbtest8_pkey on sbtest8  (cost=0.43..8.45 rows=1 width=6)
	        Index Cond: (id = 1640200)

explain: for deletes :: explain DELETE FROM sbtest%u WHERE id=%u
for deletes
table 1 : explain DELETE FROM sbtest1 WHERE id=2324451
	Delete on sbtest1  (cost=0.43..8.45 rows=1 width=6)
	  ->  Index Scan using sbtest1_pkey on sbtest1  (cost=0.43..8.45 rows=1 width=6)
	        Index Cond: (id = 2324451)

table 2 : explain DELETE FROM sbtest2 WHERE id=1720240
	Delete on sbtest2  (cost=0.43..8.45 rows=1 width=6)
	  ->  Index Scan using sbtest2_pkey on sbtest2  (cost=0.43..8.45 rows=1 width=6)
	        Index Cond: (id = 1720240)

table 3 : explain DELETE FROM sbtest3 WHERE id=4503743
	Delete on sbtest3  (cost=0.43..8.45 rows=1 width=6)
	  ->  Index Scan using sbtest3_pkey on sbtest3  (cost=0.43..8.45 rows=1 width=6)
	        Index Cond: (id = 4503743)

table 4 : explain DELETE FROM sbtest4 WHERE id=2400578
	Delete on sbtest4  (cost=0.43..8.45 rows=1 width=6)
	  ->  Index Scan using sbtest4_pkey on sbtest4  (cost=0.43..8.45 rows=1 width=6)
	        Index Cond: (id = 2400578)

table 5 : explain DELETE FROM sbtest5 WHERE id=8411371
	Delete on sbtest5  (cost=0.43..8.45 rows=1 width=6)
	  ->  Index Scan using sbtest5_pkey on sbtest5  (cost=0.43..8.45 rows=1 width=6)
	        Index Cond: (id = 8411371)

table 6 : explain DELETE FROM sbtest6 WHERE id=6158781
	Delete on sbtest6  (cost=0.43..8.45 rows=1 width=6)
	  ->  Index Scan using sbtest6_pkey on sbtest6  (cost=0.43..8.45 rows=1 width=6)
	        Index Cond: (id = 6158781)

table 7 : explain DELETE FROM sbtest7 WHERE id=4031044
	Delete on sbtest7  (cost=0.43..8.45 rows=1 width=6)
	  ->  Index Scan using sbtest7_pkey on sbtest7  (cost=0.43..8.45 rows=1 width=6)
	        Index Cond: (id = 4031044)

table 8 : explain DELETE FROM sbtest8 WHERE id=2874543
	Delete on sbtest8  (cost=0.43..8.45 rows=1 width=6)
	  ->  Index Scan using sbtest8_pkey on sbtest8  (cost=0.43..8.45 rows=1 width=6)
	        Index Cond: (id = 2874543)

for deletes
table 1 : explain DELETE FROM sbtest1 WHERE id=2901105
	Delete on sbtest1  (cost=0.43..8.45 rows=1 width=6)
	  ->  Index Scan using sbtest1_pkey on sbtest1  (cost=0.43..8.45 rows=1 width=6)
	        Index Cond: (id = 2901105)

table 2 : explain DELETE FROM sbtest2 WHERE id=1850255
	Delete on sbtest2  (cost=0.43..8.45 rows=1 width=6)
	  ->  Index Scan using sbtest2_pkey on sbtest2  (cost=0.43..8.45 rows=1 width=6)
	        Index Cond: (id = 1850255)

table 3 : explain DELETE FROM sbtest3 WHERE id=2295558
	Delete on sbtest3  (cost=0.43..8.45 rows=1 width=6)
	  ->  Index Scan using sbtest3_pkey on sbtest3  (cost=0.43..8.45 rows=1 width=6)
	        Index Cond: (id = 2295558)

table 4 : explain DELETE FROM sbtest4 WHERE id=252770
	Delete on sbtest4  (cost=0.43..8.45 rows=1 width=6)
	  ->  Index Scan using sbtest4_pkey on sbtest4  (cost=0.43..8.45 rows=1 width=6)
	        Index Cond: (id = 252770)

table 5 : explain DELETE FROM sbtest5 WHERE id=5921764
	Delete on sbtest5  (cost=0.43..8.45 rows=1 width=6)
	  ->  Index Scan using sbtest5_pkey on sbtest5  (cost=0.43..8.45 rows=1 width=6)
	        Index Cond: (id = 5921764)

table 6 : explain DELETE FROM sbtest6 WHERE id=7352902
	Delete on sbtest6  (cost=0.43..8.45 rows=1 width=6)
	  ->  Index Scan using sbtest6_pkey on sbtest6  (cost=0.43..8.45 rows=1 width=6)
	        Index Cond: (id = 7352902)

table 7 : explain DELETE FROM sbtest7 WHERE id=7652792
	Delete on sbtest7  (cost=0.43..8.45 rows=1 width=6)
	  ->  Index Scan using sbtest7_pkey on sbtest7  (cost=0.43..8.45 rows=1 width=6)
	        Index Cond: (id = 7652792)

table 8 : explain DELETE FROM sbtest8 WHERE id=2552348
	Delete on sbtest8  (cost=0.43..8.45 rows=1 width=6)
	  ->  Index Scan using sbtest8_pkey on sbtest8  (cost=0.43..8.45 rows=1 width=6)
	        Index Cond: (id = 2552348)

explain: for deletes :: explain DELETE FROM sbtest%u WHERE id=%u
explain: for deletes :: explain DELETE FROM sbtest%u WHERE id=%u
for deletes
table 1 : explain DELETE FROM sbtest1 WHERE id=6317074
	Delete on sbtest1  (cost=0.43..8.45 rows=1 width=6)
	  ->  Index Scan using sbtest1_pkey on sbtest1  (cost=0.43..8.45 rows=1 width=6)
	        Index Cond: (id = 6317074)

table 2 : explain DELETE FROM sbtest2 WHERE id=9140111
	Delete on sbtest2  (cost=0.43..8.45 rows=1 width=6)
	  ->  Index Scan using sbtest2_pkey on sbtest2  (cost=0.43..8.45 rows=1 width=6)
	        Index Cond: (id = 9140111)

table 3 : explain DELETE FROM sbtest3 WHERE id=4070593
	Delete on sbtest3  (cost=0.43..8.45 rows=1 width=6)
	  ->  Index Scan using sbtest3_pkey on sbtest3  (cost=0.43..8.45 rows=1 width=6)
	        Index Cond: (id = 4070593)

table 4 : explain DELETE FROM sbtest4 WHERE id=6516552
	Delete on sbtest4  (cost=0.43..8.45 rows=1 width=6)
	  ->  Index Scan using sbtest4_pkey on sbtest4  (cost=0.43..8.45 rows=1 width=6)
	        Index Cond: (id = 6516552)

table 5 : explain DELETE FROM sbtest5 WHERE id=5502253
	Delete on sbtest5  (cost=0.43..8.45 rows=1 width=6)
	  ->  Index Scan using sbtest5_pkey on sbtest5  (cost=0.43..8.45 rows=1 width=6)
	        Index Cond: (id = 5502253)

table 6 : explain DELETE FROM sbtest6 WHERE id=3216384
	Delete on sbtest6  (cost=0.43..8.45 rows=1 width=6)
	  ->  Index Scan using sbtest6_pkey on sbtest6  (cost=0.43..8.45 rows=1 width=6)
	        Index Cond: (id = 3216384)

table 7 : explain DELETE FROM sbtest7 WHERE id=2557939
	Delete on sbtest7  (cost=0.43..8.45 rows=1 width=6)
	  ->  Index Scan using sbtest7_pkey on sbtest7  (cost=0.43..8.45 rows=1 width=6)
	        Index Cond: (id = 2557939)

table 8 : explain DELETE FROM sbtest8 WHERE id=6808139
	Delete on sbtest8  (cost=0.43..8.45 rows=1 width=6)
	  ->  Index Scan using sbtest8_pkey on sbtest8  (cost=0.43..8.45 rows=1 width=6)
	        Index Cond: (id = 6808139)

for deletes
table 1 : explain DELETE FROM sbtest1 WHERE id=6947605
	Delete on sbtest1  (cost=0.43..8.45 rows=1 width=6)
	  ->  Index Scan using sbtest1_pkey on sbtest1  (cost=0.43..8.45 rows=1 width=6)
	        Index Cond: (id = 6947605)

table 2 : explain DELETE FROM sbtest2 WHERE id=2368883
	Delete on sbtest2  (cost=0.43..8.45 rows=1 width=6)
	  ->  Index Scan using sbtest2_pkey on sbtest2  (cost=0.43..8.45 rows=1 width=6)
	        Index Cond: (id = 2368883)

table 3 : explain DELETE FROM sbtest3 WHERE id=7315087
	Delete on sbtest3  (cost=0.43..8.45 rows=1 width=6)
	  ->  Index Scan using sbtest3_pkey on sbtest3  (cost=0.43..8.45 rows=1 width=6)
	        Index Cond: (id = 7315087)

table 4 : explain DELETE FROM sbtest4 WHERE id=6822117
	Delete on sbtest4  (cost=0.43..8.45 rows=1 width=6)
	  ->  Index Scan using sbtest4_pkey on sbtest4  (cost=0.43..8.45 rows=1 width=6)
	        Index Cond: (id = 6822117)

table 5 : explain DELETE FROM sbtest5 WHERE id=9650383
	Delete on sbtest5  (cost=0.43..8.45 rows=1 width=6)
	  ->  Index Scan using sbtest5_pkey on sbtest5  (cost=0.43..8.45 rows=1 width=6)
	        Index Cond: (id = 9650383)

table 6 : explain DELETE FROM sbtest6 WHERE id=8957518
	Delete on sbtest6  (cost=0.43..8.45 rows=1 width=6)
	  ->  Index Scan using sbtest6_pkey on sbtest6  (cost=0.43..8.45 rows=1 width=6)
	        Index Cond: (id = 8957518)

table 7 : explain DELETE FROM sbtest7 WHERE id=1682866
	Delete on sbtest7  (cost=0.43..8.45 rows=1 width=6)
	  ->  Index Scan using sbtest7_pkey on sbtest7  (cost=0.43..8.45 rows=1 width=6)
	        Index Cond: (id = 1682866)

table 8 : explain DELETE FROM sbtest8 WHERE id=6146013
	Delete on sbtest8  (cost=0.43..8.45 rows=1 width=6)
	  ->  Index Scan using sbtest8_pkey on sbtest8  (cost=0.43..8.45 rows=1 width=6)
	        Index Cond: (id = 6146013)

explain: for deletes :: explain DELETE FROM sbtest%u WHERE id=%u
for deletes
table 1 : explain DELETE FROM sbtest1 WHERE id=9188044
	Delete on sbtest1  (cost=0.43..8.45 rows=1 width=6)
	  ->  Index Scan using sbtest1_pkey on sbtest1  (cost=0.43..8.45 rows=1 width=6)
	        Index Cond: (id = 9188044)

table 2 : explain DELETE FROM sbtest2 WHERE id=7075834
	Delete on sbtest2  (cost=0.43..8.45 rows=1 width=6)
	  ->  Index Scan using sbtest2_pkey on sbtest2  (cost=0.43..8.45 rows=1 width=6)
	        Index Cond: (id = 7075834)

table 3 : explain DELETE FROM sbtest3 WHERE id=6091606
	Delete on sbtest3  (cost=0.43..8.45 rows=1 width=6)
	  ->  Index Scan using sbtest3_pkey on sbtest3  (cost=0.43..8.45 rows=1 width=6)
	        Index Cond: (id = 6091606)

table 4 : explain DELETE FROM sbtest4 WHERE id=2088421
	Delete on sbtest4  (cost=0.43..8.45 rows=1 width=6)
	  ->  Index Scan using sbtest4_pkey on sbtest4  (cost=0.43..8.45 rows=1 width=6)
	        Index Cond: (id = 2088421)

table 5 : explain DELETE FROM sbtest5 WHERE id=6262490
	Delete on sbtest5  (cost=0.43..8.45 rows=1 width=6)
	  ->  Index Scan using sbtest5_pkey on sbtest5  (cost=0.43..8.45 rows=1 width=6)
	        Index Cond: (id = 6262490)

table 6 : explain DELETE FROM sbtest6 WHERE id=4870001
	Delete on sbtest6  (cost=0.43..8.45 rows=1 width=6)
	  ->  Index Scan using sbtest6_pkey on sbtest6  (cost=0.43..8.45 rows=1 width=6)
	        Index Cond: (id = 4870001)

table 7 : explain DELETE FROM sbtest7 WHERE id=3770622
	Delete on sbtest7  (cost=0.43..8.45 rows=1 width=6)
	  ->  Index Scan using sbtest7_pkey on sbtest7  (cost=0.43..8.45 rows=1 width=6)
	        Index Cond: (id = 3770622)

table 8 : explain DELETE FROM sbtest8 WHERE id=7261412
	Delete on sbtest8  (cost=0.43..8.45 rows=1 width=6)
	  ->  Index Scan using sbtest8_pkey on sbtest8  (cost=0.43..8.45 rows=1 width=6)
	        Index Cond: (id = 7261412)

for deletes
table 1 : explain DELETE FROM sbtest1 WHERE id=1300618
	Delete on sbtest1  (cost=0.43..8.45 rows=1 width=6)
	  ->  Index Scan using sbtest1_pkey on sbtest1  (cost=0.43..8.45 rows=1 width=6)
	        Index Cond: (id = 1300618)

table 2 : explain DELETE FROM sbtest2 WHERE id=2889999
	Delete on sbtest2  (cost=0.43..8.45 rows=1 width=6)
	  ->  Index Scan using sbtest2_pkey on sbtest2  (cost=0.43..8.45 rows=1 width=6)
	        Index Cond: (id = 2889999)

table 3 : explain DELETE FROM sbtest3 WHERE id=429358
	Delete on sbtest3  (cost=0.43..8.45 rows=1 width=6)
	  ->  Index Scan using sbtest3_pkey on sbtest3  (cost=0.43..8.45 rows=1 width=6)
	        Index Cond: (id = 429358)

table 4 : explain DELETE FROM sbtest4 WHERE id=8383955
	Delete on sbtest4  (cost=0.43..8.45 rows=1 width=6)
	  ->  Index Scan using sbtest4_pkey on sbtest4  (cost=0.43..8.45 rows=1 width=6)
	        Index Cond: (id = 8383955)

table 5 : explain DELETE FROM sbtest5 WHERE id=1695203
	Delete on sbtest5  (cost=0.43..8.45 rows=1 width=6)
	  ->  Index Scan using sbtest5_pkey on sbtest5  (cost=0.43..8.45 rows=1 width=6)
	        Index Cond: (id = 1695203)

table 6 : explain DELETE FROM sbtest6 WHERE id=4546635
	Delete on sbtest6  (cost=0.43..8.45 rows=1 width=6)
	  ->  Index Scan using sbtest6_pkey on sbtest6  (cost=0.43..8.45 rows=1 width=6)
	        Index Cond: (id = 4546635)

table 7 : explain DELETE FROM sbtest7 WHERE id=9029561
	Delete on sbtest7  (cost=0.43..8.45 rows=1 width=6)
	  ->  Index Scan using sbtest7_pkey on sbtest7  (cost=0.43..8.45 rows=1 width=6)
	        Index Cond: (id = 9029561)

table 8 : explain DELETE FROM sbtest8 WHERE id=2831084
	Delete on sbtest8  (cost=0.43..8.45 rows=1 width=6)
	  ->  Index Scan using sbtest8_pkey on sbtest8  (cost=0.43..8.45 rows=1 width=6)
	        Index Cond: (id = 2831084)

for deletes
table 1 : explain DELETE FROM sbtest1 WHERE id=319924
	Delete on sbtest1  (cost=0.43..8.45 rows=1 width=6)
	  ->  Index Scan using sbtest1_pkey on sbtest1  (cost=0.43..8.45 rows=1 width=6)
	        Index Cond: (id = 319924)

table 2 : explain DELETE FROM sbtest2 WHERE id=867261
	Delete on sbtest2  (cost=0.43..8.45 rows=1 width=6)
	  ->  Index Scan using sbtest2_pkey on sbtest2  (cost=0.43..8.45 rows=1 width=6)
	        Index Cond: (id = 867261)

table 3 : explain DELETE FROM sbtest3 WHERE id=3290116
	Delete on sbtest3  (cost=0.43..8.45 rows=1 width=6)
	  ->  Index Scan using sbtest3_pkey on sbtest3  (cost=0.43..8.45 rows=1 width=6)
	        Index Cond: (id = 3290116)

table 4 : explain DELETE FROM sbtest4 WHERE id=9188300
	Delete on sbtest4  (cost=0.43..8.45 rows=1 width=6)
	  ->  Index Scan using sbtest4_pkey on sbtest4  (cost=0.43..8.45 rows=1 width=6)
	        Index Cond: (id = 9188300)

table 5 : explain DELETE FROM sbtest5 WHERE id=6388970
	Delete on sbtest5  (cost=0.43..8.45 rows=1 width=6)
	  ->  Index Scan using sbtest5_pkey on sbtest5  (cost=0.43..8.45 rows=1 width=6)
	        Index Cond: (id = 6388970)

table 6 : explain DELETE FROM sbtest6 WHERE id=5368537
	Delete on sbtest6  (cost=0.43..8.45 rows=1 width=6)
	  ->  Index Scan using sbtest6_pkey on sbtest6  (cost=0.43..8.45 rows=1 width=6)
	        Index Cond: (id = 5368537)

table 7 : explain DELETE FROM sbtest7 WHERE id=3986714
	Delete on sbtest7  (cost=0.43..8.45 rows=1 width=6)
	  ->  Index Scan using sbtest7_pkey on sbtest7  (cost=0.43..8.45 rows=1 width=6)
	        Index Cond: (id = 3986714)

table 8 : explain DELETE FROM sbtest8 WHERE id=946195
	Delete on sbtest8  (cost=0.43..8.45 rows=1 width=6)
	  ->  Index Scan using sbtest8_pkey on sbtest8  (cost=0.43..8.45 rows=1 width=6)
	        Index Cond: (id = 946195)

Threads started!

Warming up for 5 seconds...

SQL statistics:
    queries performed:
        read:                            0
        write:                           79283091
        other:                           571071332
        total:                           650354423
    transactions:                        650354423 (699302.45 per sec.)
    queries:                             650354423 (699302.45 per sec.)
    ignored errors:                      0      (0.00 per sec.)
    reconnects:                          0      (0.00 per sec.)

Throughput:
    events/s (eps):                      699302.4546
    time elapsed:                        930.0054s
    total number of events:              650354423

Latency (ms):
         min:                                    0.03
         avg:                                    0.06
         max:                                  109.68
         95th percentile:                        0.12
         sum:                             37017666.98

Threads fairness:
    events (avg/stddev):           16258860.5750/203423.82
    execution time (avg/stddev):   925.4417/0.06

