LUA_PATH=/home/mdcallag/git/mytools/bench/sysbench.lua/lua/?.lua /home/mdcallag/git/mytools/bench/sysbench.lua/lua/sysbench --db-driver=pgsql --range-size=100 --table-size=10000000 --tables=8 --threads=40 --events=0 --warmup-time=5 --time=630 --pgsql_conn_id=true /home/mdcallag/git/mytools/bench/sysbench.lua/lua/oltp_point_select.lua run --pgsql-user=root --pgsql-password=pw --pgsql-host=127.0.0.1 --pgsql-db=ib --rand-type=uniform --skip-trx
48 CPUs
sysbench 1.1.0-9072687 (using bundled LuaJIT 2.1.0-beta3)

Running the test with following options:
Number of threads: 40
Warmup time: 5s
Initializing random number generator from current time


Initializing worker threads...

explain: for point_selects :: explain SELECT c FROM sbtest%u WHERE id=%u
explain: for point_selects :: explain SELECT c FROM sbtest%u WHERE id=%u
explain: for point_selects :: explain SELECT c FROM sbtest%u WHERE id=%u
explain: for point_selects :: explain SELECT c FROM sbtest%u WHERE id=%u
explain: for point_selects :: explain SELECT c FROM sbtest%u WHERE id=%u
for point_selects
table 1 : explain SELECT c FROM sbtest1 WHERE id=6478757
	Index Scan using sbtest1_pkey on sbtest1  (cost=0.43..8.45 rows=1 width=121)
	  Index Cond: (id = 6478757)

table 2 : explain SELECT c FROM sbtest2 WHERE id=519317
	Index Scan using sbtest2_pkey on sbtest2  (cost=0.43..8.45 rows=1 width=121)
	  Index Cond: (id = 519317)

table 3 : explain SELECT c FROM sbtest3 WHERE id=2872678
	Index Scan using sbtest3_pkey on sbtest3  (cost=0.43..8.45 rows=1 width=121)
	  Index Cond: (id = 2872678)

table 4 : explain SELECT c FROM sbtest4 WHERE id=9158392
	Index Scan using sbtest4_pkey on sbtest4  (cost=0.43..8.45 rows=1 width=121)
	  Index Cond: (id = 9158392)

table 5 : explain SELECT c FROM sbtest5 WHERE id=9921681
	Index Scan using sbtest5_pkey on sbtest5  (cost=0.43..8.45 rows=1 width=121)
	  Index Cond: (id = 9921681)

table 6 : explain SELECT c FROM sbtest6 WHERE id=3921554
	Index Scan using sbtest6_pkey on sbtest6  (cost=0.43..8.45 rows=1 width=121)
	  Index Cond: (id = 3921554)

table 7 : explain SELECT c FROM sbtest7 WHERE id=5478414
	Index Scan using sbtest7_pkey on sbtest7  (cost=0.43..8.45 rows=1 width=121)
	  Index Cond: (id = 5478414)

table 8 : explain SELECT c FROM sbtest8 WHERE id=2892886
	Index Scan using sbtest8_pkey on sbtest8  (cost=0.43..8.45 rows=1 width=121)
	  Index Cond: (id = 2892886)

for point_selects
table 1 : explain SELECT c FROM sbtest1 WHERE id=9961164
	Index Scan using sbtest1_pkey on sbtest1  (cost=0.43..8.45 rows=1 width=121)
	  Index Cond: (id = 9961164)

table 2 : explain SELECT c FROM sbtest2 WHERE id=9948217
	Index Scan using sbtest2_pkey on sbtest2  (cost=0.43..8.45 rows=1 width=121)
	  Index Cond: (id = 9948217)

table 3 : explain SELECT c FROM sbtest3 WHERE id=9226003
	Index Scan using sbtest3_pkey on sbtest3  (cost=0.43..8.45 rows=1 width=121)
	  Index Cond: (id = 9226003)

table 4 : explain SELECT c FROM sbtest4 WHERE id=8153605
	Index Scan using sbtest4_pkey on sbtest4  (cost=0.43..8.45 rows=1 width=121)
	  Index Cond: (id = 8153605)

table 5 : explain SELECT c FROM sbtest5 WHERE id=5039874
	Index Scan using sbtest5_pkey on sbtest5  (cost=0.43..8.45 rows=1 width=121)
	  Index Cond: (id = 5039874)

table 6 : explain SELECT c FROM sbtest6 WHERE id=6876959
	Index Scan using sbtest6_pkey on sbtest6  (cost=0.43..8.45 rows=1 width=121)
	  Index Cond: (id = 6876959)

table 7 : explain SELECT c FROM sbtest7 WHERE id=9858022
	Index Scan using sbtest7_pkey on sbtest7  (cost=0.43..8.45 rows=1 width=121)
	  Index Cond: (id = 9858022)

table 8 : explain SELECT c FROM sbtest8 WHERE id=5295605
	Index Scan using sbtest8_pkey on sbtest8  (cost=0.43..8.45 rows=1 width=121)
	  Index Cond: (id = 5295605)

for point_selects
table 1 : explain SELECT c FROM sbtest1 WHERE id=2552393
	Index Scan using sbtest1_pkey on sbtest1  (cost=0.43..8.45 rows=1 width=121)
	  Index Cond: (id = 2552393)

table 2 : explain SELECT c FROM sbtest2 WHERE id=5819539
	Index Scan using sbtest2_pkey on sbtest2  (cost=0.43..8.45 rows=1 width=121)
	  Index Cond: (id = 5819539)

table 3 : explain SELECT c FROM sbtest3 WHERE id=8358892
	Index Scan using sbtest3_pkey on sbtest3  (cost=0.43..8.45 rows=1 width=121)
	  Index Cond: (id = 8358892)

table 4 : explain SELECT c FROM sbtest4 WHERE id=9968349
	Index Scan using sbtest4_pkey on sbtest4  (cost=0.43..8.45 rows=1 width=121)
	  Index Cond: (id = 9968349)

table 5 : explain SELECT c FROM sbtest5 WHERE id=6650519
	Index Scan using sbtest5_pkey on sbtest5  (cost=0.43..8.45 rows=1 width=121)
	  Index Cond: (id = 6650519)

table 6 : explain SELECT c FROM sbtest6 WHERE id=984775
	Index Scan using sbtest6_pkey on sbtest6  (cost=0.43..8.45 rows=1 width=121)
	  Index Cond: (id = 984775)

table 7 : explain SELECT c FROM sbtest7 WHERE id=5487600
	Index Scan using sbtest7_pkey on sbtest7  (cost=0.43..8.45 rows=1 width=121)
	  Index Cond: (id = 5487600)

table 8 : explain SELECT c FROM sbtest8 WHERE id=8411302
	Index Scan using sbtest8_pkey on sbtest8  (cost=0.43..8.45 rows=1 width=121)
	  Index Cond: (id = 8411302)

for point_selects
table 1 : explain SELECT c FROM sbtest1 WHERE id=2591969
	Index Scan using sbtest1_pkey on sbtest1  (cost=0.43..8.45 rows=1 width=121)
	  Index Cond: (id = 2591969)

table 2 : explain SELECT c FROM sbtest2 WHERE id=2883290
	Index Scan using sbtest2_pkey on sbtest2  (cost=0.43..8.45 rows=1 width=121)
	  Index Cond: (id = 2883290)

table 3 : explain SELECT c FROM sbtest3 WHERE id=3232901
	Index Scan using sbtest3_pkey on sbtest3  (cost=0.43..8.45 rows=1 width=121)
	  Index Cond: (id = 3232901)

table 4 : explain SELECT c FROM sbtest4 WHERE id=5460301
	Index Scan using sbtest4_pkey on sbtest4  (cost=0.43..8.45 rows=1 width=121)
	  Index Cond: (id = 5460301)

table 5 : explain SELECT c FROM sbtest5 WHERE id=3383390
	Index Scan using sbtest5_pkey on sbtest5  (cost=0.43..8.45 rows=1 width=121)
	  Index Cond: (id = 3383390)

table 6 : explain SELECT c FROM sbtest6 WHERE id=40855
	Index Scan using sbtest6_pkey on sbtest6  (cost=0.43..8.45 rows=1 width=121)
	  Index Cond: (id = 40855)

table 7 : explain SELECT c FROM sbtest7 WHERE id=5865288
	Index Scan using sbtest7_pkey on sbtest7  (cost=0.43..8.45 rows=1 width=121)
	  Index Cond: (id = 5865288)

table 8 : explain SELECT c FROM sbtest8 WHERE id=8586357
	Index Scan using sbtest8_pkey on sbtest8  (cost=0.43..8.45 rows=1 width=121)
	  Index Cond: (id = 8586357)

explain: for point_selects :: explain SELECT c FROM sbtest%u WHERE id=%u
for point_selects
table 1 : explain SELECT c FROM sbtest1 WHERE id=973241
	Index Scan using sbtest1_pkey on sbtest1  (cost=0.43..8.45 rows=1 width=121)
	  Index Cond: (id = 973241)

table 2 : explain SELECT c FROM sbtest2 WHERE id=2484723
	Index Scan using sbtest2_pkey on sbtest2  (cost=0.43..8.45 rows=1 width=121)
	  Index Cond: (id = 2484723)

table 3 : explain SELECT c FROM sbtest3 WHERE id=7378047
	Index Scan using sbtest3_pkey on sbtest3  (cost=0.43..8.45 rows=1 width=121)
	  Index Cond: (id = 7378047)

table 4 : explain SELECT c FROM sbtest4 WHERE id=675440
	Index Scan using sbtest4_pkey on sbtest4  (cost=0.43..8.45 rows=1 width=121)
	  Index Cond: (id = 675440)

table 5 : explain SELECT c FROM sbtest5 WHERE id=3034392
	Index Scan using sbtest5_pkey on sbtest5  (cost=0.43..8.45 rows=1 width=121)
	  Index Cond: (id = 3034392)

table 6 : explain SELECT c FROM sbtest6 WHERE id=338487
	Index Scan using sbtest6_pkey on sbtest6  (cost=0.43..8.45 rows=1 width=121)
	  Index Cond: (id = 338487)

table 7 : explain SELECT c FROM sbtest7 WHERE id=5226016
	Index Scan using sbtest7_pkey on sbtest7  (cost=0.43..8.45 rows=1 width=121)
	  Index Cond: (id = 5226016)

table 8 : explain SELECT c FROM sbtest8 WHERE id=2456900
	Index Scan using sbtest8_pkey on sbtest8  (cost=0.43..8.45 rows=1 width=121)
	  Index Cond: (id = 2456900)

explain: for point_selects :: explain SELECT c FROM sbtest%u WHERE id=%u
explain: for point_selects :: explain SELECT c FROM sbtest%u WHERE id=%u
explain: for point_selects :: explain SELECT c FROM sbtest%u WHERE id=%u
explain: for point_selects :: explain SELECT c FROM sbtest%u WHERE id=%u
for point_selects
table 1 : explain SELECT c FROM sbtest1 WHERE id=9057410
	Index Scan using sbtest1_pkey on sbtest1  (cost=0.43..8.45 rows=1 width=121)
	  Index Cond: (id = 9057410)

table 2 : explain SELECT c FROM sbtest2 WHERE id=9799508
	Index Scan using sbtest2_pkey on sbtest2  (cost=0.43..8.45 rows=1 width=121)
	  Index Cond: (id = 9799508)

table 3 : explain SELECT c FROM sbtest3 WHERE id=2480238
	Index Scan using sbtest3_pkey on sbtest3  (cost=0.43..8.45 rows=1 width=121)
	  Index Cond: (id = 2480238)

table 4 : explain SELECT c FROM sbtest4 WHERE id=3459446
	Index Scan using sbtest4_pkey on sbtest4  (cost=0.43..8.45 rows=1 width=121)
	  Index Cond: (id = 3459446)

table 5 : explain SELECT c FROM sbtest5 WHERE id=7100730
	Index Scan using sbtest5_pkey on sbtest5  (cost=0.43..8.45 rows=1 width=121)
	  Index Cond: (id = 7100730)

table 6 : explain SELECT c FROM sbtest6 WHERE id=7439463
	Index Scan using sbtest6_pkey on sbtest6  (cost=0.43..8.45 rows=1 width=121)
	  Index Cond: (id = 7439463)

table 7 : explain SELECT c FROM sbtest7 WHERE id=4880265
	Index Scan using sbtest7_pkey on sbtest7  (cost=0.43..8.45 rows=1 width=121)
	  Index Cond: (id = 4880265)

table 8 : explain SELECT c FROM sbtest8 WHERE id=1849279
	Index Scan using sbtest8_pkey on sbtest8  (cost=0.43..8.45 rows=1 width=121)
	  Index Cond: (id = 1849279)

for point_selects
table 1 : explain SELECT c FROM sbtest1 WHERE id=4296950
	Index Scan using sbtest1_pkey on sbtest1  (cost=0.43..8.45 rows=1 width=121)
	  Index Cond: (id = 4296950)

table 2 : explain SELECT c FROM sbtest2 WHERE id=8233557
	Index Scan using sbtest2_pkey on sbtest2  (cost=0.43..8.45 rows=1 width=121)
	  Index Cond: (id = 8233557)

table 3 : explain SELECT c FROM sbtest3 WHERE id=8266790
	Index Scan using sbtest3_pkey on sbtest3  (cost=0.43..8.45 rows=1 width=121)
	  Index Cond: (id = 8266790)

table 4 : explain SELECT c FROM sbtest4 WHERE id=1988469
	Index Scan using sbtest4_pkey on sbtest4  (cost=0.43..8.45 rows=1 width=121)
	  Index Cond: (id = 1988469)

table 5 : explain SELECT c FROM sbtest5 WHERE id=5606215
	Index Scan using sbtest5_pkey on sbtest5  (cost=0.43..8.45 rows=1 width=121)
	  Index Cond: (id = 5606215)

table 6 : explain SELECT c FROM sbtest6 WHERE id=3339136
	Index Scan using sbtest6_pkey on sbtest6  (cost=0.43..8.45 rows=1 width=121)
	  Index Cond: (id = 3339136)

table 7 : explain SELECT c FROM sbtest7 WHERE id=3306110
	Index Scan using sbtest7_pkey on sbtest7  (cost=0.43..8.45 rows=1 width=121)
	  Index Cond: (id = 3306110)

table 8 : explain SELECT c FROM sbtest8 WHERE id=9140027
	Index Scan using sbtest8_pkey on sbtest8  (cost=0.43..8.45 rows=1 width=121)
	  Index Cond: (id = 9140027)

for point_selects
table 1 : explain SELECT c FROM sbtest1 WHERE id=1067616
	Index Scan using sbtest1_pkey on sbtest1  (cost=0.43..8.45 rows=1 width=121)
	  Index Cond: (id = 1067616)

table 2 : explain SELECT c FROM sbtest2 WHERE id=687801
	Index Scan using sbtest2_pkey on sbtest2  (cost=0.43..8.45 rows=1 width=121)
	  Index Cond: (id = 687801)

table 3 : explain SELECT c FROM sbtest3 WHERE id=8271341
	Index Scan using sbtest3_pkey on sbtest3  (cost=0.43..8.45 rows=1 width=121)
	  Index Cond: (id = 8271341)

table 4 : explain SELECT c FROM sbtest4 WHERE id=8999523
	Index Scan using sbtest4_pkey on sbtest4  (cost=0.43..8.45 rows=1 width=121)
	  Index Cond: (id = 8999523)

table 5 : explain SELECT c FROM sbtest5 WHERE id=664757
	Index Scan using sbtest5_pkey on sbtest5  (cost=0.43..8.45 rows=1 width=121)
	  Index Cond: (id = 664757)

table 6 : explain SELECT c FROM sbtest6 WHERE id=1305839
	Index Scan using sbtest6_pkey on sbtest6  (cost=0.43..8.45 rows=1 width=121)
	  Index Cond: (id = 1305839)

table 7 : explain SELECT c FROM sbtest7 WHERE id=9172276
	Index Scan using sbtest7_pkey on sbtest7  (cost=0.43..8.45 rows=1 width=121)
	  Index Cond: (id = 9172276)

table 8 : explain SELECT c FROM sbtest8 WHERE id=2402830
	Index Scan using sbtest8_pkey on sbtest8  (cost=0.43..8.45 rows=1 width=121)
	  Index Cond: (id = 2402830)

for point_selects
table 1 : explain SELECT c FROM sbtest1 WHERE id=2734864
	Index Scan using sbtest1_pkey on sbtest1  (cost=0.43..8.45 rows=1 width=121)
	  Index Cond: (id = 2734864)

table 2 : explain SELECT c FROM sbtest2 WHERE id=2096593
	Index Scan using sbtest2_pkey on sbtest2  (cost=0.43..8.45 rows=1 width=121)
	  Index Cond: (id = 2096593)

table 3 : explain SELECT c FROM sbtest3 WHERE id=2106893
	Index Scan using sbtest3_pkey on sbtest3  (cost=0.43..8.45 rows=1 width=121)
	  Index Cond: (id = 2106893)

table 4 : explain SELECT c FROM sbtest4 WHERE id=9022500
	Index Scan using sbtest4_pkey on sbtest4  (cost=0.43..8.45 rows=1 width=121)
	  Index Cond: (id = 9022500)

table 5 : explain SELECT c FROM sbtest5 WHERE id=76146
	Index Scan using sbtest5_pkey on sbtest5  (cost=0.43..8.45 rows=1 width=121)
	  Index Cond: (id = 76146)

table 6 : explain SELECT c FROM sbtest6 WHERE id=6496496
	Index Scan using sbtest6_pkey on sbtest6  (cost=0.43..8.45 rows=1 width=121)
	  Index Cond: (id = 6496496)

table 7 : explain SELECT c FROM sbtest7 WHERE id=2387042
	Index Scan using sbtest7_pkey on sbtest7  (cost=0.43..8.45 rows=1 width=121)
	  Index Cond: (id = 2387042)

table 8 : explain SELECT c FROM sbtest8 WHERE id=8574508
	Index Scan using sbtest8_pkey on sbtest8  (cost=0.43..8.45 rows=1 width=121)
	  Index Cond: (id = 8574508)

explain: for point_selects :: explain SELECT c FROM sbtest%u WHERE id=%u
explain: for point_selects :: explain SELECT c FROM sbtest%u WHERE id=%u
explain: for point_selects :: explain SELECT c FROM sbtest%u WHERE id=%u
for point_selects
table 1 : explain SELECT c FROM sbtest1 WHERE id=1168506
	Index Scan using sbtest1_pkey on sbtest1  (cost=0.43..8.45 rows=1 width=121)
	  Index Cond: (id = 1168506)

table 2 : explain SELECT c FROM sbtest2 WHERE id=9405330
	Index Scan using sbtest2_pkey on sbtest2  (cost=0.43..8.45 rows=1 width=121)
	  Index Cond: (id = 9405330)

table 3 : explain SELECT c FROM sbtest3 WHERE id=2499827
	Index Scan using sbtest3_pkey on sbtest3  (cost=0.43..8.45 rows=1 width=121)
	  Index Cond: (id = 2499827)

table 4 : explain SELECT c FROM sbtest4 WHERE id=3731326
	Index Scan using sbtest4_pkey on sbtest4  (cost=0.43..8.45 rows=1 width=121)
	  Index Cond: (id = 3731326)

table 5 : explain SELECT c FROM sbtest5 WHERE id=6934202
	Index Scan using sbtest5_pkey on sbtest5  (cost=0.43..8.45 rows=1 width=121)
	  Index Cond: (id = 6934202)

table 6 : explain SELECT c FROM sbtest6 WHERE id=9166153
	Index Scan using sbtest6_pkey on sbtest6  (cost=0.43..8.45 rows=1 width=121)
	  Index Cond: (id = 9166153)

table 7 : explain SELECT c FROM sbtest7 WHERE id=8622865
	Index Scan using sbtest7_pkey on sbtest7  (cost=0.43..8.45 rows=1 width=121)
	  Index Cond: (id = 8622865)

table 8 : explain SELECT c FROM sbtest8 WHERE id=367389
	Index Scan using sbtest8_pkey on sbtest8  (cost=0.43..8.45 rows=1 width=121)
	  Index Cond: (id = 367389)

explain: for point_selects :: explain SELECT c FROM sbtest%u WHERE id=%u
explain: for point_selects :: explain SELECT c FROM sbtest%u WHERE id=%u
for point_selects
table 1 : explain SELECT c FROM sbtest1 WHERE id=4201052
	Index Scan using sbtest1_pkey on sbtest1  (cost=0.43..8.45 rows=1 width=121)
	  Index Cond: (id = 4201052)

table 2 : explain SELECT c FROM sbtest2 WHERE id=5529390
	Index Scan using sbtest2_pkey on sbtest2  (cost=0.43..8.45 rows=1 width=121)
	  Index Cond: (id = 5529390)

table 3 : explain SELECT c FROM sbtest3 WHERE id=1969436
	Index Scan using sbtest3_pkey on sbtest3  (cost=0.43..8.45 rows=1 width=121)
	  Index Cond: (id = 1969436)

table 4 : explain SELECT c FROM sbtest4 WHERE id=4815004
	Index Scan using sbtest4_pkey on sbtest4  (cost=0.43..8.45 rows=1 width=121)
	  Index Cond: (id = 4815004)

table 5 : explain SELECT c FROM sbtest5 WHERE id=795180
	Index Scan using sbtest5_pkey on sbtest5  (cost=0.43..8.45 rows=1 width=121)
	  Index Cond: (id = 795180)

table 6 : explain SELECT c FROM sbtest6 WHERE id=1956523
	Index Scan using sbtest6_pkey on sbtest6  (cost=0.43..8.45 rows=1 width=121)
	  Index Cond: (id = 1956523)

table 7 : explain SELECT c FROM sbtest7 WHERE id=3371722
	Index Scan using sbtest7_pkey on sbtest7  (cost=0.43..8.45 rows=1 width=121)
	  Index Cond: (id = 3371722)

table 8 : explain SELECT c FROM sbtest8 WHERE id=5178440
	Index Scan using sbtest8_pkey on sbtest8  (cost=0.43..8.45 rows=1 width=121)
	  Index Cond: (id = 5178440)

explain: for point_selects :: explain SELECT c FROM sbtest%u WHERE id=%u
for point_selects
table 1 : explain SELECT c FROM sbtest1 WHERE id=2838864
	Index Scan using sbtest1_pkey on sbtest1  (cost=0.43..8.45 rows=1 width=121)
	  Index Cond: (id = 2838864)

table 2 : explain SELECT c FROM sbtest2 WHERE id=3291486
	Index Scan using sbtest2_pkey on sbtest2  (cost=0.43..8.45 rows=1 width=121)
	  Index Cond: (id = 3291486)

table 3 : explain SELECT c FROM sbtest3 WHERE id=1324967
	Index Scan using sbtest3_pkey on sbtest3  (cost=0.43..8.45 rows=1 width=121)
	  Index Cond: (id = 1324967)

table 4 : explain SELECT c FROM sbtest4 WHERE id=5448452
	Index Scan using sbtest4_pkey on sbtest4  (cost=0.43..8.45 rows=1 width=121)
	  Index Cond: (id = 5448452)

table 5 : explain SELECT c FROM sbtest5 WHERE id=1008948
	Index Scan using sbtest5_pkey on sbtest5  (cost=0.43..8.45 rows=1 width=121)
	  Index Cond: (id = 1008948)

table 6 : explain SELECT c FROM sbtest6 WHERE id=2612518
	Index Scan using sbtest6_pkey on sbtest6  (cost=0.43..8.45 rows=1 width=121)
	  Index Cond: (id = 2612518)

table 7 : explain SELECT c FROM sbtest7 WHERE id=7667836
	Index Scan using sbtest7_pkey on sbtest7  (cost=0.43..8.45 rows=1 width=121)
	  Index Cond: (id = 7667836)

table 8 : explain SELECT c FROM sbtest8 WHERE id=7551563
	Index Scan using sbtest8_pkey on sbtest8  (cost=0.43..8.45 rows=1 width=121)
	  Index Cond: (id = 7551563)

for point_selects
table 1 : explain SELECT c FROM sbtest1 WHERE id=6208370
	Index Scan using sbtest1_pkey on sbtest1  (cost=0.43..8.45 rows=1 width=121)
	  Index Cond: (id = 6208370)

table 2 : explain SELECT c FROM sbtest2 WHERE id=7484507
	Index Scan using sbtest2_pkey on sbtest2  (cost=0.43..8.45 rows=1 width=121)
	  Index Cond: (id = 7484507)

table 3 : explain SELECT c FROM sbtest3 WHERE id=3050246
	Index Scan using sbtest3_pkey on sbtest3  (cost=0.43..8.45 rows=1 width=121)
	  Index Cond: (id = 3050246)

table 4 : explain SELECT c FROM sbtest4 WHERE id=6519058
	Index Scan using sbtest4_pkey on sbtest4  (cost=0.43..8.45 rows=1 width=121)
	  Index Cond: (id = 6519058)

table 5 : explain SELECT c FROM sbtest5 WHERE id=6962951
	Index Scan using sbtest5_pkey on sbtest5  (cost=0.43..8.45 rows=1 width=121)
	  Index Cond: (id = 6962951)

table 6 : explain SELECT c FROM sbtest6 WHERE id=7699179
	Index Scan using sbtest6_pkey on sbtest6  (cost=0.43..8.45 rows=1 width=121)
	  Index Cond: (id = 7699179)

table 7 : explain SELECT c FROM sbtest7 WHERE id=6510284
	Index Scan using sbtest7_pkey on sbtest7  (cost=0.43..8.45 rows=1 width=121)
	  Index Cond: (id = 6510284)

table 8 : explain SELECT c FROM sbtest8 WHERE id=3442223
	Index Scan using sbtest8_pkey on sbtest8  (cost=0.43..8.45 rows=1 width=121)
	  Index Cond: (id = 3442223)

for point_selects
table 1 : explain SELECT c FROM sbtest1 WHERE id=8827721
	Index Scan using sbtest1_pkey on sbtest1  (cost=0.43..8.45 rows=1 width=121)
	  Index Cond: (id = 8827721)

table 2 : explain SELECT c FROM sbtest2 WHERE id=9888361
	Index Scan using sbtest2_pkey on sbtest2  (cost=0.43..8.45 rows=1 width=121)
	  Index Cond: (id = 9888361)

table 3 : explain SELECT c FROM sbtest3 WHERE id=1584528
	Index Scan using sbtest3_pkey on sbtest3  (cost=0.43..8.45 rows=1 width=121)
	  Index Cond: (id = 1584528)

table 4 : explain SELECT c FROM sbtest4 WHERE id=9727128
	Index Scan using sbtest4_pkey on sbtest4  (cost=0.43..8.45 rows=1 width=121)
	  Index Cond: (id = 9727128)

table 5 : explain SELECT c FROM sbtest5 WHERE id=6207574
	Index Scan using sbtest5_pkey on sbtest5  (cost=0.43..8.45 rows=1 width=121)
	  Index Cond: (id = 6207574)

table 6 : explain SELECT c FROM sbtest6 WHERE id=7425689
	Index Scan using sbtest6_pkey on sbtest6  (cost=0.43..8.45 rows=1 width=121)
	  Index Cond: (id = 7425689)

table 7 : explain SELECT c FROM sbtest7 WHERE id=3310719
	Index Scan using sbtest7_pkey on sbtest7  (cost=0.43..8.45 rows=1 width=121)
	  Index Cond: (id = 3310719)

table 8 : explain SELECT c FROM sbtest8 WHERE id=8456180
	Index Scan using sbtest8_pkey on sbtest8  (cost=0.43..8.45 rows=1 width=121)
	  Index Cond: (id = 8456180)

explain: for point_selects :: explain SELECT c FROM sbtest%u WHERE id=%u
explain: for point_selects :: explain SELECT c FROM sbtest%u WHERE id=%u
explain: for point_selects :: explain SELECT c FROM sbtest%u WHERE id=%u
for point_selects
table 1 : explain SELECT c FROM sbtest1 WHERE id=5967537
	Index Scan using sbtest1_pkey on sbtest1  (cost=0.43..8.45 rows=1 width=121)
	  Index Cond: (id = 5967537)

table 2 : explain SELECT c FROM sbtest2 WHERE id=1018477
	Index Scan using sbtest2_pkey on sbtest2  (cost=0.43..8.45 rows=1 width=121)
	  Index Cond: (id = 1018477)

table 3 : explain SELECT c FROM sbtest3 WHERE id=7734159
	Index Scan using sbtest3_pkey on sbtest3  (cost=0.43..8.45 rows=1 width=121)
	  Index Cond: (id = 7734159)

table 4 : explain SELECT c FROM sbtest4 WHERE id=9313951
	Index Scan using sbtest4_pkey on sbtest4  (cost=0.43..8.45 rows=1 width=121)
	  Index Cond: (id = 9313951)

table 5 : explain SELECT c FROM sbtest5 WHERE id=3757960
	Index Scan using sbtest5_pkey on sbtest5  (cost=0.43..8.45 rows=1 width=121)
	  Index Cond: (id = 3757960)

table 6 : explain SELECT c FROM sbtest6 WHERE id=6131352
	Index Scan using sbtest6_pkey on sbtest6  (cost=0.43..8.45 rows=1 width=121)
	  Index Cond: (id = 6131352)

table 7 : explain SELECT c FROM sbtest7 WHERE id=9608628
	Index Scan using sbtest7_pkey on sbtest7  (cost=0.43..8.45 rows=1 width=121)
	  Index Cond: (id = 9608628)

table 8 : explain SELECT c FROM sbtest8 WHERE id=2553166
	Index Scan using sbtest8_pkey on sbtest8  (cost=0.43..8.45 rows=1 width=121)
	  Index Cond: (id = 2553166)

explain: for point_selects :: explain SELECT c FROM sbtest%u WHERE id=%u
explain: for point_selects :: explain SELECT c FROM sbtest%u WHERE id=%u
explain: for point_selects :: explain SELECT c FROM sbtest%u WHERE id=%u
for point_selects
table 1 : explain SELECT c FROM sbtest1 WHERE id=7050561
	Index Scan using sbtest1_pkey on sbtest1  (cost=0.43..8.45 rows=1 width=121)
	  Index Cond: (id = 7050561)

table 2 : explain SELECT c FROM sbtest2 WHERE id=3135463
	Index Scan using sbtest2_pkey on sbtest2  (cost=0.43..8.45 rows=1 width=121)
	  Index Cond: (id = 3135463)

table 3 : explain SELECT c FROM sbtest3 WHERE id=1684600
	Index Scan using sbtest3_pkey on sbtest3  (cost=0.43..8.45 rows=1 width=121)
	  Index Cond: (id = 1684600)

table 4 : explain SELECT c FROM sbtest4 WHERE id=8456416
	Index Scan using sbtest4_pkey on sbtest4  (cost=0.43..8.45 rows=1 width=121)
	  Index Cond: (id = 8456416)

table 5 : explain SELECT c FROM sbtest5 WHERE id=8966688
	Index Scan using sbtest5_pkey on sbtest5  (cost=0.43..8.45 rows=1 width=121)
	  Index Cond: (id = 8966688)

table 6 : explain SELECT c FROM sbtest6 WHERE id=7073796
	Index Scan using sbtest6_pkey on sbtest6  (cost=0.43..8.45 rows=1 width=121)
	  Index Cond: (id = 7073796)

table 7 : explain SELECT c FROM sbtest7 WHERE id=7151345
	Index Scan using sbtest7_pkey on sbtest7  (cost=0.43..8.45 rows=1 width=121)
	  Index Cond: (id = 7151345)

table 8 : explain SELECT c FROM sbtest8 WHERE id=424371
	Index Scan using sbtest8_pkey on sbtest8  (cost=0.43..8.45 rows=1 width=121)
	  Index Cond: (id = 424371)

for point_selects
table 1 : explain SELECT c FROM sbtest1 WHERE id=5525187
	Index Scan using sbtest1_pkey on sbtest1  (cost=0.43..8.45 rows=1 width=121)
	  Index Cond: (id = 5525187)

table 2 : explain SELECT c FROM sbtest2 WHERE id=4391821
	Index Scan using sbtest2_pkey on sbtest2  (cost=0.43..8.45 rows=1 width=121)
	  Index Cond: (id = 4391821)

table 3 : explain SELECT c FROM sbtest3 WHERE id=2452459
	Index Scan using sbtest3_pkey on sbtest3  (cost=0.43..8.45 rows=1 width=121)
	  Index Cond: (id = 2452459)

table 4 : explain SELECT c FROM sbtest4 WHERE id=5999791
	Index Scan using sbtest4_pkey on sbtest4  (cost=0.43..8.45 rows=1 width=121)
	  Index Cond: (id = 5999791)

table 5 : explain SELECT c FROM sbtest5 WHERE id=4765320
	Index Scan using sbtest5_pkey on sbtest5  (cost=0.43..8.45 rows=1 width=121)
	  Index Cond: (id = 4765320)

table 6 : explain SELECT c FROM sbtest6 WHERE id=4025982
	Index Scan using sbtest6_pkey on sbtest6  (cost=0.43..8.45 rows=1 width=121)
	  Index Cond: (id = 4025982)

table 7 : explain SELECT c FROM sbtest7 WHERE id=4964935
	Index Scan using sbtest7_pkey on sbtest7  (cost=0.43..8.45 rows=1 width=121)
	  Index Cond: (id = 4964935)

table 8 : explain SELECT c FROM sbtest8 WHERE id=5146159
	Index Scan using sbtest8_pkey on sbtest8  (cost=0.43..8.45 rows=1 width=121)
	  Index Cond: (id = 5146159)

for point_selects
table 1 : explain SELECT c FROM sbtest1 WHERE id=4194834
	Index Scan using sbtest1_pkey on sbtest1  (cost=0.43..8.45 rows=1 width=121)
	  Index Cond: (id = 4194834)

table 2 : explain SELECT c FROM sbtest2 WHERE id=5372990
	Index Scan using sbtest2_pkey on sbtest2  (cost=0.43..8.45 rows=1 width=121)
	  Index Cond: (id = 5372990)

table 3 : explain SELECT c FROM sbtest3 WHERE id=6495403
	Index Scan using sbtest3_pkey on sbtest3  (cost=0.43..8.45 rows=1 width=121)
	  Index Cond: (id = 6495403)

table 4 : explain SELECT c FROM sbtest4 WHERE id=3659821
	Index Scan using sbtest4_pkey on sbtest4  (cost=0.43..8.45 rows=1 width=121)
	  Index Cond: (id = 3659821)

table 5 : explain SELECT c FROM sbtest5 WHERE id=6884372
	Index Scan using sbtest5_pkey on sbtest5  (cost=0.43..8.45 rows=1 width=121)
	  Index Cond: (id = 6884372)

table 6 : explain SELECT c FROM sbtest6 WHERE id=2705858
	Index Scan using sbtest6_pkey on sbtest6  (cost=0.43..8.45 rows=1 width=121)
	  Index Cond: (id = 2705858)

table 7 : explain SELECT c FROM sbtest7 WHERE id=7901079
	Index Scan using sbtest7_pkey on sbtest7  (cost=0.43..8.45 rows=1 width=121)
	  Index Cond: (id = 7901079)

table 8 : explain SELECT c FROM sbtest8 WHERE id=3183122
	Index Scan using sbtest8_pkey on sbtest8  (cost=0.43..8.45 rows=1 width=121)
	  Index Cond: (id = 3183122)

for point_selects
table 1 : explain SELECT c FROM sbtest1 WHERE id=3214389
	Index Scan using sbtest1_pkey on sbtest1  (cost=0.43..8.45 rows=1 width=121)
	  Index Cond: (id = 3214389)

table 2 : explain SELECT c FROM sbtest2 WHERE id=7499431
	Index Scan using sbtest2_pkey on sbtest2  (cost=0.43..8.45 rows=1 width=121)
	  Index Cond: (id = 7499431)

table 3 : explain SELECT c FROM sbtest3 WHERE id=6782258
	Index Scan using sbtest3_pkey on sbtest3  (cost=0.43..8.45 rows=1 width=121)
	  Index Cond: (id = 6782258)

table 4 : explain SELECT c FROM sbtest4 WHERE id=7783453
	Index Scan using sbtest4_pkey on sbtest4  (cost=0.43..8.45 rows=1 width=121)
	  Index Cond: (id = 7783453)

table 5 : explain SELECT c FROM sbtest5 WHERE id=9277990
	Index Scan using sbtest5_pkey on sbtest5  (cost=0.43..8.45 rows=1 width=121)
	  Index Cond: (id = 9277990)

table 6 : explain SELECT c FROM sbtest6 WHERE id=6008518
	Index Scan using sbtest6_pkey on sbtest6  (cost=0.43..8.45 rows=1 width=121)
	  Index Cond: (id = 6008518)

table 7 : explain SELECT c FROM sbtest7 WHERE id=1190120
	Index Scan using sbtest7_pkey on sbtest7  (cost=0.43..8.45 rows=1 width=121)
	  Index Cond: (id = 1190120)

table 8 : explain SELECT c FROM sbtest8 WHERE id=9034151
	Index Scan using sbtest8_pkey on sbtest8  (cost=0.43..8.45 rows=1 width=121)
	  Index Cond: (id = 9034151)

for point_selects
table 1 : explain SELECT c FROM sbtest1 WHERE id=9095794
	Index Scan using sbtest1_pkey on sbtest1  (cost=0.43..8.45 rows=1 width=121)
	  Index Cond: (id = 9095794)

table 2 : explain SELECT c FROM sbtest2 WHERE id=2317135
	Index Scan using sbtest2_pkey on sbtest2  (cost=0.43..8.45 rows=1 width=121)
	  Index Cond: (id = 2317135)

table 3 : explain SELECT c FROM sbtest3 WHERE id=8109981
	Index Scan using sbtest3_pkey on sbtest3  (cost=0.43..8.45 rows=1 width=121)
	  Index Cond: (id = 8109981)

table 4 : explain SELECT c FROM sbtest4 WHERE id=1248342
	Index Scan using sbtest4_pkey on sbtest4  (cost=0.43..8.45 rows=1 width=121)
	  Index Cond: (id = 1248342)

table 5 : explain SELECT c FROM sbtest5 WHERE id=2984189
	Index Scan using sbtest5_pkey on sbtest5  (cost=0.43..8.45 rows=1 width=121)
	  Index Cond: (id = 2984189)

table 6 : explain SELECT c FROM sbtest6 WHERE id=673341
	Index Scan using sbtest6_pkey on sbtest6  (cost=0.43..8.45 rows=1 width=121)
	  Index Cond: (id = 673341)

table 7 : explain SELECT c FROM sbtest7 WHERE id=4319077
	Index Scan using sbtest7_pkey on sbtest7  (cost=0.43..8.45 rows=1 width=121)
	  Index Cond: (id = 4319077)

table 8 : explain SELECT c FROM sbtest8 WHERE id=2031755
	Index Scan using sbtest8_pkey on sbtest8  (cost=0.43..8.45 rows=1 width=121)
	  Index Cond: (id = 2031755)

explain: for point_selects :: explain SELECT c FROM sbtest%u WHERE id=%u
explain: for point_selects :: explain SELECT c FROM sbtest%u WHERE id=%u
for point_selects
table 1 : explain SELECT c FROM sbtest1 WHERE id=936623
	Index Scan using sbtest1_pkey on sbtest1  (cost=0.43..8.45 rows=1 width=121)
	  Index Cond: (id = 936623)

table 2 : explain SELECT c FROM sbtest2 WHERE id=6783755
	Index Scan using sbtest2_pkey on sbtest2  (cost=0.43..8.45 rows=1 width=121)
	  Index Cond: (id = 6783755)

table 3 : explain SELECT c FROM sbtest3 WHERE id=5365791
	Index Scan using sbtest3_pkey on sbtest3  (cost=0.43..8.45 rows=1 width=121)
	  Index Cond: (id = 5365791)

table 4 : explain SELECT c FROM sbtest4 WHERE id=7152006
	Index Scan using sbtest4_pkey on sbtest4  (cost=0.43..8.45 rows=1 width=121)
	  Index Cond: (id = 7152006)

table 5 : explain SELECT c FROM sbtest5 WHERE id=3411711
	Index Scan using sbtest5_pkey on sbtest5  (cost=0.43..8.45 rows=1 width=121)
	  Index Cond: (id = 3411711)

table 6 : explain SELECT c FROM sbtest6 WHERE id=2596266
	Index Scan using sbtest6_pkey on sbtest6  (cost=0.43..8.45 rows=1 width=121)
	  Index Cond: (id = 2596266)

table 7 : explain SELECT c FROM sbtest7 WHERE id=743362
	Index Scan using sbtest7_pkey on sbtest7  (cost=0.43..8.45 rows=1 width=121)
	  Index Cond: (id = 743362)

table 8 : explain SELECT c FROM sbtest8 WHERE id=8834024
	Index Scan using sbtest8_pkey on sbtest8  (cost=0.43..8.45 rows=1 width=121)
	  Index Cond: (id = 8834024)

for point_selects
table 1 : explain SELECT c FROM sbtest1 WHERE id=9085728
	Index Scan using sbtest1_pkey on sbtest1  (cost=0.43..8.45 rows=1 width=121)
	  Index Cond: (id = 9085728)

table 2 : explain SELECT c FROM sbtest2 WHERE id=2180853
	Index Scan using sbtest2_pkey on sbtest2  (cost=0.43..8.45 rows=1 width=121)
	  Index Cond: (id = 2180853)

table 3 : explain SELECT c FROM sbtest3 WHERE id=7714056
	Index Scan using sbtest3_pkey on sbtest3  (cost=0.43..8.45 rows=1 width=121)
	  Index Cond: (id = 7714056)

table 4 : explain SELECT c FROM sbtest4 WHERE id=2172266
	Index Scan using sbtest4_pkey on sbtest4  (cost=0.43..8.45 rows=1 width=121)
	  Index Cond: (id = 2172266)

table 5 : explain SELECT c FROM sbtest5 WHERE id=9739277
	Index Scan using sbtest5_pkey on sbtest5  (cost=0.43..8.45 rows=1 width=121)
	  Index Cond: (id = 9739277)

table 6 : explain SELECT c FROM sbtest6 WHERE id=8135369
	Index Scan using sbtest6_pkey on sbtest6  (cost=0.43..8.45 rows=1 width=121)
	  Index Cond: (id = 8135369)

table 7 : explain SELECT c FROM sbtest7 WHERE id=8670166
	Index Scan using sbtest7_pkey on sbtest7  (cost=0.43..8.45 rows=1 width=121)
	  Index Cond: (id = 8670166)

table 8 : explain SELECT c FROM sbtest8 WHERE id=9334804
	Index Scan using sbtest8_pkey on sbtest8  (cost=0.43..8.45 rows=1 width=121)
	  Index Cond: (id = 9334804)

explain: for point_selects :: explain SELECT c FROM sbtest%u WHERE id=%u
for point_selects
table 1 : explain SELECT c FROM sbtest1 WHERE id=3643297
	Index Scan using sbtest1_pkey on sbtest1  (cost=0.43..8.45 rows=1 width=121)
	  Index Cond: (id = 3643297)

table 2 : explain SELECT c FROM sbtest2 WHERE id=8877926
	Index Scan using sbtest2_pkey on sbtest2  (cost=0.43..8.45 rows=1 width=121)
	  Index Cond: (id = 8877926)

table 3 : explain SELECT c FROM sbtest3 WHERE id=7447404
	Index Scan using sbtest3_pkey on sbtest3  (cost=0.43..8.45 rows=1 width=121)
	  Index Cond: (id = 7447404)

table 4 : explain SELECT c FROM sbtest4 WHERE id=2851169
	Index Scan using sbtest4_pkey on sbtest4  (cost=0.43..8.45 rows=1 width=121)
	  Index Cond: (id = 2851169)

table 5 : explain SELECT c FROM sbtest5 WHERE id=1970348
	Index Scan using sbtest5_pkey on sbtest5  (cost=0.43..8.45 rows=1 width=121)
	  Index Cond: (id = 1970348)

table 6 : explain SELECT c FROM sbtest6 WHERE id=9313845
	Index Scan using sbtest6_pkey on sbtest6  (cost=0.43..8.45 rows=1 width=121)
	  Index Cond: (id = 9313845)

table 7 : explain SELECT c FROM sbtest7 WHERE id=6469105
	Index Scan using sbtest7_pkey on sbtest7  (cost=0.43..8.45 rows=1 width=121)
	  Index Cond: (id = 6469105)

table 8 : explain SELECT c FROM sbtest8 WHERE id=2612240
	Index Scan using sbtest8_pkey on sbtest8  (cost=0.43..8.45 rows=1 width=121)
	  Index Cond: (id = 2612240)

explain: for point_selects :: explain SELECT c FROM sbtest%u WHERE id=%u
for point_selects
table 1 : explain SELECT c FROM sbtest1 WHERE id=5718328
	Index Scan using sbtest1_pkey on sbtest1  (cost=0.43..8.45 rows=1 width=121)
	  Index Cond: (id = 5718328)

table 2 : explain SELECT c FROM sbtest2 WHERE id=8451673
	Index Scan using sbtest2_pkey on sbtest2  (cost=0.43..8.45 rows=1 width=121)
	  Index Cond: (id = 8451673)

table 3 : explain SELECT c FROM sbtest3 WHERE id=9803601
	Index Scan using sbtest3_pkey on sbtest3  (cost=0.43..8.45 rows=1 width=121)
	  Index Cond: (id = 9803601)

table 4 : explain SELECT c FROM sbtest4 WHERE id=4899483
	Index Scan using sbtest4_pkey on sbtest4  (cost=0.43..8.45 rows=1 width=121)
	  Index Cond: (id = 4899483)

table 5 : explain SELECT c FROM sbtest5 WHERE id=1242827
	Index Scan using sbtest5_pkey on sbtest5  (cost=0.43..8.45 rows=1 width=121)
	  Index Cond: (id = 1242827)

table 6 : explain SELECT c FROM sbtest6 WHERE id=3775805
	Index Scan using sbtest6_pkey on sbtest6  (cost=0.43..8.45 rows=1 width=121)
	  Index Cond: (id = 3775805)

table 7 : explain SELECT c FROM sbtest7 WHERE id=9026644
	Index Scan using sbtest7_pkey on sbtest7  (cost=0.43..8.45 rows=1 width=121)
	  Index Cond: (id = 9026644)

table 8 : explain SELECT c FROM sbtest8 WHERE id=2462532
	Index Scan using sbtest8_pkey on sbtest8  (cost=0.43..8.45 rows=1 width=121)
	  Index Cond: (id = 2462532)

explain: for point_selects :: explain SELECT c FROM sbtest%u WHERE id=%u
for point_selects
table 1 : explain SELECT c FROM sbtest1 WHERE id=8454642
	Index Scan using sbtest1_pkey on sbtest1  (cost=0.43..8.45 rows=1 width=121)
	  Index Cond: (id = 8454642)

table 2 : explain SELECT c FROM sbtest2 WHERE id=7484683
	Index Scan using sbtest2_pkey on sbtest2  (cost=0.43..8.45 rows=1 width=121)
	  Index Cond: (id = 7484683)

table 3 : explain SELECT c FROM sbtest3 WHERE id=4011569
	Index Scan using sbtest3_pkey on sbtest3  (cost=0.43..8.45 rows=1 width=121)
	  Index Cond: (id = 4011569)

table 4 : explain SELECT c FROM sbtest4 WHERE id=1787050
	Index Scan using sbtest4_pkey on sbtest4  (cost=0.43..8.45 rows=1 width=121)
	  Index Cond: (id = 1787050)

table 5 : explain SELECT c FROM sbtest5 WHERE id=3080929
	Index Scan using sbtest5_pkey on sbtest5  (cost=0.43..8.45 rows=1 width=121)
	  Index Cond: (id = 3080929)

table 6 : explain SELECT c FROM sbtest6 WHERE id=7529373
	Index Scan using sbtest6_pkey on sbtest6  (cost=0.43..8.45 rows=1 width=121)
	  Index Cond: (id = 7529373)

table 7 : explain SELECT c FROM sbtest7 WHERE id=6213766
	Index Scan using sbtest7_pkey on sbtest7  (cost=0.43..8.45 rows=1 width=121)
	  Index Cond: (id = 6213766)

table 8 : explain SELECT c FROM sbtest8 WHERE id=5614955
	Index Scan using sbtest8_pkey on sbtest8  (cost=0.43..8.45 rows=1 width=121)
	  Index Cond: (id = 5614955)

explain: for point_selects :: explain SELECT c FROM sbtest%u WHERE id=%u
explain: for point_selects :: explain SELECT c FROM sbtest%u WHERE id=%u
explain: for point_selects :: explain SELECT c FROM sbtest%u WHERE id=%u
explain: for point_selects :: explain SELECT c FROM sbtest%u WHERE id=%u
for point_selects
table 1 : explain SELECT c FROM sbtest1 WHERE id=3319523
	Index Scan using sbtest1_pkey on sbtest1  (cost=0.43..8.45 rows=1 width=121)
	  Index Cond: (id = 3319523)

table 2 : explain SELECT c FROM sbtest2 WHERE id=1020128
	Index Scan using sbtest2_pkey on sbtest2  (cost=0.43..8.45 rows=1 width=121)
	  Index Cond: (id = 1020128)

table 3 : explain SELECT c FROM sbtest3 WHERE id=6015514
	Index Scan using sbtest3_pkey on sbtest3  (cost=0.43..8.45 rows=1 width=121)
	  Index Cond: (id = 6015514)

table 4 : explain SELECT c FROM sbtest4 WHERE id=3520159
	Index Scan using sbtest4_pkey on sbtest4  (cost=0.43..8.45 rows=1 width=121)
	  Index Cond: (id = 3520159)

table 5 : explain SELECT c FROM sbtest5 WHERE id=3189769
	Index Scan using sbtest5_pkey on sbtest5  (cost=0.43..8.45 rows=1 width=121)
	  Index Cond: (id = 3189769)

table 6 : explain SELECT c FROM sbtest6 WHERE id=5513173
	Index Scan using sbtest6_pkey on sbtest6  (cost=0.43..8.45 rows=1 width=121)
	  Index Cond: (id = 5513173)

table 7 : explain SELECT c FROM sbtest7 WHERE id=6340408
	Index Scan using sbtest7_pkey on sbtest7  (cost=0.43..8.45 rows=1 width=121)
	  Index Cond: (id = 6340408)

table 8 : explain SELECT c FROM sbtest8 WHERE id=1421293
	Index Scan using sbtest8_pkey on sbtest8  (cost=0.43..8.45 rows=1 width=121)
	  Index Cond: (id = 1421293)

explain: for point_selects :: explain SELECT c FROM sbtest%u WHERE id=%u
explain: for point_selects :: explain SELECT c FROM sbtest%u WHERE id=%u
for point_selects
table 1 : explain SELECT c FROM sbtest1 WHERE id=9583196
	Index Scan using sbtest1_pkey on sbtest1  (cost=0.43..8.45 rows=1 width=121)
	  Index Cond: (id = 9583196)

table 2 : explain SELECT c FROM sbtest2 WHERE id=1770842
	Index Scan using sbtest2_pkey on sbtest2  (cost=0.43..8.45 rows=1 width=121)
	  Index Cond: (id = 1770842)

table 3 : explain SELECT c FROM sbtest3 WHERE id=4409193
	Index Scan using sbtest3_pkey on sbtest3  (cost=0.43..8.45 rows=1 width=121)
	  Index Cond: (id = 4409193)

table 4 : explain SELECT c FROM sbtest4 WHERE id=608085
	Index Scan using sbtest4_pkey on sbtest4  (cost=0.43..8.45 rows=1 width=121)
	  Index Cond: (id = 608085)

table 5 : explain SELECT c FROM sbtest5 WHERE id=8806742
	Index Scan using sbtest5_pkey on sbtest5  (cost=0.43..8.45 rows=1 width=121)
	  Index Cond: (id = 8806742)

table 6 : explain SELECT c FROM sbtest6 WHERE id=797555
	Index Scan using sbtest6_pkey on sbtest6  (cost=0.43..8.45 rows=1 width=121)
	  Index Cond: (id = 797555)

table 7 : explain SELECT c FROM sbtest7 WHERE id=4619461
	Index Scan using sbtest7_pkey on sbtest7  (cost=0.43..8.45 rows=1 width=121)
	  Index Cond: (id = 4619461)

table 8 : explain SELECT c FROM sbtest8 WHERE id=1945866
	Index Scan using sbtest8_pkey on sbtest8  (cost=0.43..8.45 rows=1 width=121)
	  Index Cond: (id = 1945866)

for point_selects
table 1 : explain SELECT c FROM sbtest1 WHERE id=9599712
	Index Scan using sbtest1_pkey on sbtest1  (cost=0.43..8.45 rows=1 width=121)
	  Index Cond: (id = 9599712)

table 2 : explain SELECT c FROM sbtest2 WHERE id=8149892
	Index Scan using sbtest2_pkey on sbtest2  (cost=0.43..8.45 rows=1 width=121)
	  Index Cond: (id = 8149892)

table 3 : explain SELECT c FROM sbtest3 WHERE id=3592197
	Index Scan using sbtest3_pkey on sbtest3  (cost=0.43..8.45 rows=1 width=121)
	  Index Cond: (id = 3592197)

table 4 : explain SELECT c FROM sbtest4 WHERE id=2907589
	Index Scan using sbtest4_pkey on sbtest4  (cost=0.43..8.45 rows=1 width=121)
	  Index Cond: (id = 2907589)

table 5 : explain SELECT c FROM sbtest5 WHERE id=4783023
	Index Scan using sbtest5_pkey on sbtest5  (cost=0.43..8.45 rows=1 width=121)
	  Index Cond: (id = 4783023)

table 6 : explain SELECT c FROM sbtest6 WHERE id=8622248
	Index Scan using sbtest6_pkey on sbtest6  (cost=0.43..8.45 rows=1 width=121)
	  Index Cond: (id = 8622248)

table 7 : explain SELECT c FROM sbtest7 WHERE id=7488846
	Index Scan using sbtest7_pkey on sbtest7  (cost=0.43..8.45 rows=1 width=121)
	  Index Cond: (id = 7488846)

table 8 : explain SELECT c FROM sbtest8 WHERE id=5013164
	Index Scan using sbtest8_pkey on sbtest8  (cost=0.43..8.45 rows=1 width=121)
	  Index Cond: (id = 5013164)

for point_selects
table 1 : explain SELECT c FROM sbtest1 WHERE id=2899636
	Index Scan using sbtest1_pkey on sbtest1  (cost=0.43..8.45 rows=1 width=121)
	  Index Cond: (id = 2899636)

table 2 : explain SELECT c FROM sbtest2 WHERE id=4641964
	Index Scan using sbtest2_pkey on sbtest2  (cost=0.43..8.45 rows=1 width=121)
	  Index Cond: (id = 4641964)

table 3 : explain SELECT c FROM sbtest3 WHERE id=1947334
	Index Scan using sbtest3_pkey on sbtest3  (cost=0.43..8.45 rows=1 width=121)
	  Index Cond: (id = 1947334)

table 4 : explain SELECT c FROM sbtest4 WHERE id=2212257
	Index Scan using sbtest4_pkey on sbtest4  (cost=0.43..8.45 rows=1 width=121)
	  Index Cond: (id = 2212257)

table 5 : explain SELECT c FROM sbtest5 WHERE id=2455365
	Index Scan using sbtest5_pkey on sbtest5  (cost=0.43..8.45 rows=1 width=121)
	  Index Cond: (id = 2455365)

table 6 : explain SELECT c FROM sbtest6 WHERE id=4119711
	Index Scan using sbtest6_pkey on sbtest6  (cost=0.43..8.45 rows=1 width=121)
	  Index Cond: (id = 4119711)

table 7 : explain SELECT c FROM sbtest7 WHERE id=4610602
	Index Scan using sbtest7_pkey on sbtest7  (cost=0.43..8.45 rows=1 width=121)
	  Index Cond: (id = 4610602)

table 8 : explain SELECT c FROM sbtest8 WHERE id=1920337
	Index Scan using sbtest8_pkey on sbtest8  (cost=0.43..8.45 rows=1 width=121)
	  Index Cond: (id = 1920337)

for point_selects
table 1 : explain SELECT c FROM sbtest1 WHERE id=3510087
	Index Scan using sbtest1_pkey on sbtest1  (cost=0.43..8.45 rows=1 width=121)
	  Index Cond: (id = 3510087)

table 2 : explain SELECT c FROM sbtest2 WHERE id=6633534
	Index Scan using sbtest2_pkey on sbtest2  (cost=0.43..8.45 rows=1 width=121)
	  Index Cond: (id = 6633534)

table 3 : explain SELECT c FROM sbtest3 WHERE id=809081
	Index Scan using sbtest3_pkey on sbtest3  (cost=0.43..8.45 rows=1 width=121)
	  Index Cond: (id = 809081)

table 4 : explain SELECT c FROM sbtest4 WHERE id=9356156
	Index Scan using sbtest4_pkey on sbtest4  (cost=0.43..8.45 rows=1 width=121)
	  Index Cond: (id = 9356156)

table 5 : explain SELECT c FROM sbtest5 WHERE id=5373354
	Index Scan using sbtest5_pkey on sbtest5  (cost=0.43..8.45 rows=1 width=121)
	  Index Cond: (id = 5373354)

table 6 : explain SELECT c FROM sbtest6 WHERE id=2060880
	Index Scan using sbtest6_pkey on sbtest6  (cost=0.43..8.45 rows=1 width=121)
	  Index Cond: (id = 2060880)

table 7 : explain SELECT c FROM sbtest7 WHERE id=4704972
	Index Scan using sbtest7_pkey on sbtest7  (cost=0.43..8.45 rows=1 width=121)
	  Index Cond: (id = 4704972)

table 8 : explain SELECT c FROM sbtest8 WHERE id=8287470
	Index Scan using sbtest8_pkey on sbtest8  (cost=0.43..8.45 rows=1 width=121)
	  Index Cond: (id = 8287470)

for point_selects
table 1 : explain SELECT c FROM sbtest1 WHERE id=7064658
	Index Scan using sbtest1_pkey on sbtest1  (cost=0.43..8.45 rows=1 width=121)
	  Index Cond: (id = 7064658)

table 2 : explain SELECT c FROM sbtest2 WHERE id=3023944
	Index Scan using sbtest2_pkey on sbtest2  (cost=0.43..8.45 rows=1 width=121)
	  Index Cond: (id = 3023944)

table 3 : explain SELECT c FROM sbtest3 WHERE id=9218429
	Index Scan using sbtest3_pkey on sbtest3  (cost=0.43..8.45 rows=1 width=121)
	  Index Cond: (id = 9218429)

table 4 : explain SELECT c FROM sbtest4 WHERE id=2160427
	Index Scan using sbtest4_pkey on sbtest4  (cost=0.43..8.45 rows=1 width=121)
	  Index Cond: (id = 2160427)

table 5 : explain SELECT c FROM sbtest5 WHERE id=6652569
	Index Scan using sbtest5_pkey on sbtest5  (cost=0.43..8.45 rows=1 width=121)
	  Index Cond: (id = 6652569)

table 6 : explain SELECT c FROM sbtest6 WHERE id=4148995
	Index Scan using sbtest6_pkey on sbtest6  (cost=0.43..8.45 rows=1 width=121)
	  Index Cond: (id = 4148995)

table 7 : explain SELECT c FROM sbtest7 WHERE id=3056365
	Index Scan using sbtest7_pkey on sbtest7  (cost=0.43..8.45 rows=1 width=121)
	  Index Cond: (id = 3056365)

table 8 : explain SELECT c FROM sbtest8 WHERE id=9216194
	Index Scan using sbtest8_pkey on sbtest8  (cost=0.43..8.45 rows=1 width=121)
	  Index Cond: (id = 9216194)

explain: for point_selects :: explain SELECT c FROM sbtest%u WHERE id=%u
for point_selects
table 1 : explain SELECT c FROM sbtest1 WHERE id=4967317
	Index Scan using sbtest1_pkey on sbtest1  (cost=0.43..8.45 rows=1 width=121)
	  Index Cond: (id = 4967317)

table 2 : explain SELECT c FROM sbtest2 WHERE id=7243017
	Index Scan using sbtest2_pkey on sbtest2  (cost=0.43..8.45 rows=1 width=121)
	  Index Cond: (id = 7243017)

table 3 : explain SELECT c FROM sbtest3 WHERE id=4320980
	Index Scan using sbtest3_pkey on sbtest3  (cost=0.43..8.45 rows=1 width=121)
	  Index Cond: (id = 4320980)

table 4 : explain SELECT c FROM sbtest4 WHERE id=6214320
	Index Scan using sbtest4_pkey on sbtest4  (cost=0.43..8.45 rows=1 width=121)
	  Index Cond: (id = 6214320)

table 5 : explain SELECT c FROM sbtest5 WHERE id=1533282
	Index Scan using sbtest5_pkey on sbtest5  (cost=0.43..8.45 rows=1 width=121)
	  Index Cond: (id = 1533282)

table 6 : explain SELECT c FROM sbtest6 WHERE id=3678486
	Index Scan using sbtest6_pkey on sbtest6  (cost=0.43..8.45 rows=1 width=121)
	  Index Cond: (id = 3678486)

table 7 : explain SELECT c FROM sbtest7 WHERE id=4030421
	Index Scan using sbtest7_pkey on sbtest7  (cost=0.43..8.45 rows=1 width=121)
	  Index Cond: (id = 4030421)

table 8 : explain SELECT c FROM sbtest8 WHERE id=109136
	Index Scan using sbtest8_pkey on sbtest8  (cost=0.43..8.45 rows=1 width=121)
	  Index Cond: (id = 109136)

explain: for point_selects :: explain SELECT c FROM sbtest%u WHERE id=%u
explain: for point_selects :: explain SELECT c FROM sbtest%u WHERE id=%u
for point_selects
table 1 : explain SELECT c FROM sbtest1 WHERE id=2988931
	Index Scan using sbtest1_pkey on sbtest1  (cost=0.43..8.45 rows=1 width=121)
	  Index Cond: (id = 2988931)

table 2 : explain SELECT c FROM sbtest2 WHERE id=2017095
	Index Scan using sbtest2_pkey on sbtest2  (cost=0.43..8.45 rows=1 width=121)
	  Index Cond: (id = 2017095)

table 3 : explain SELECT c FROM sbtest3 WHERE id=8311315
	Index Scan using sbtest3_pkey on sbtest3  (cost=0.43..8.45 rows=1 width=121)
	  Index Cond: (id = 8311315)

table 4 : explain SELECT c FROM sbtest4 WHERE id=2627517
	Index Scan using sbtest4_pkey on sbtest4  (cost=0.43..8.45 rows=1 width=121)
	  Index Cond: (id = 2627517)

table 5 : explain SELECT c FROM sbtest5 WHERE id=1091502
	Index Scan using sbtest5_pkey on sbtest5  (cost=0.43..8.45 rows=1 width=121)
	  Index Cond: (id = 1091502)

table 6 : explain SELECT c FROM sbtest6 WHERE id=5109743
	Index Scan using sbtest6_pkey on sbtest6  (cost=0.43..8.45 rows=1 width=121)
	  Index Cond: (id = 5109743)

table 7 : explain SELECT c FROM sbtest7 WHERE id=6498498
	Index Scan using sbtest7_pkey on sbtest7  (cost=0.43..8.45 rows=1 width=121)
	  Index Cond: (id = 6498498)

table 8 : explain SELECT c FROM sbtest8 WHERE id=838951
	Index Scan using sbtest8_pkey on sbtest8  (cost=0.43..8.45 rows=1 width=121)
	  Index Cond: (id = 838951)

explain: for point_selects :: explain SELECT c FROM sbtest%u WHERE id=%u
explain: for point_selects :: explain SELECT c FROM sbtest%u WHERE id=%u
explain: for point_selects :: explain SELECT c FROM sbtest%u WHERE id=%u
for point_selects
table 1 : explain SELECT c FROM sbtest1 WHERE id=3971396
	Index Scan using sbtest1_pkey on sbtest1  (cost=0.43..8.45 rows=1 width=121)
	  Index Cond: (id = 3971396)

table 2 : explain SELECT c FROM sbtest2 WHERE id=1851932
	Index Scan using sbtest2_pkey on sbtest2  (cost=0.43..8.45 rows=1 width=121)
	  Index Cond: (id = 1851932)

table 3 : explain SELECT c FROM sbtest3 WHERE id=8697769
	Index Scan using sbtest3_pkey on sbtest3  (cost=0.43..8.45 rows=1 width=121)
	  Index Cond: (id = 8697769)

table 4 : explain SELECT c FROM sbtest4 WHERE id=470874
	Index Scan using sbtest4_pkey on sbtest4  (cost=0.43..8.45 rows=1 width=121)
	  Index Cond: (id = 470874)

table 5 : explain SELECT c FROM sbtest5 WHERE id=1036988
	Index Scan using sbtest5_pkey on sbtest5  (cost=0.43..8.45 rows=1 width=121)
	  Index Cond: (id = 1036988)

table 6 : explain SELECT c FROM sbtest6 WHERE id=6686032
	Index Scan using sbtest6_pkey on sbtest6  (cost=0.43..8.45 rows=1 width=121)
	  Index Cond: (id = 6686032)

table 7 : explain SELECT c FROM sbtest7 WHERE id=9765476
	Index Scan using sbtest7_pkey on sbtest7  (cost=0.43..8.45 rows=1 width=121)
	  Index Cond: (id = 9765476)

table 8 : explain SELECT c FROM sbtest8 WHERE id=3610846
	Index Scan using sbtest8_pkey on sbtest8  (cost=0.43..8.45 rows=1 width=121)
	  Index Cond: (id = 3610846)

for point_selects
table 1 : explain SELECT c FROM sbtest1 WHERE id=9081605
	Index Scan using sbtest1_pkey on sbtest1  (cost=0.43..8.45 rows=1 width=121)
	  Index Cond: (id = 9081605)

table 2 : explain SELECT c FROM sbtest2 WHERE id=4679959
	Index Scan using sbtest2_pkey on sbtest2  (cost=0.43..8.45 rows=1 width=121)
	  Index Cond: (id = 4679959)

table 3 : explain SELECT c FROM sbtest3 WHERE id=2533039
	Index Scan using sbtest3_pkey on sbtest3  (cost=0.43..8.45 rows=1 width=121)
	  Index Cond: (id = 2533039)

table 4 : explain SELECT c FROM sbtest4 WHERE id=3550120
	Index Scan using sbtest4_pkey on sbtest4  (cost=0.43..8.45 rows=1 width=121)
	  Index Cond: (id = 3550120)

table 5 : explain SELECT c FROM sbtest5 WHERE id=668463
	Index Scan using sbtest5_pkey on sbtest5  (cost=0.43..8.45 rows=1 width=121)
	  Index Cond: (id = 668463)

table 6 : explain SELECT c FROM sbtest6 WHERE id=5677477
	Index Scan using sbtest6_pkey on sbtest6  (cost=0.43..8.45 rows=1 width=121)
	  Index Cond: (id = 5677477)

table 7 : explain SELECT c FROM sbtest7 WHERE id=7699349
	Index Scan using sbtest7_pkey on sbtest7  (cost=0.43..8.45 rows=1 width=121)
	  Index Cond: (id = 7699349)

table 8 : explain SELECT c FROM sbtest8 WHERE id=282351
	Index Scan using sbtest8_pkey on sbtest8  (cost=0.43..8.45 rows=1 width=121)
	  Index Cond: (id = 282351)

for point_selects
table 1 : explain SELECT c FROM sbtest1 WHERE id=1295594
	Index Scan using sbtest1_pkey on sbtest1  (cost=0.43..8.45 rows=1 width=121)
	  Index Cond: (id = 1295594)

table 2 : explain SELECT c FROM sbtest2 WHERE id=9327719
	Index Scan using sbtest2_pkey on sbtest2  (cost=0.43..8.45 rows=1 width=121)
	  Index Cond: (id = 9327719)

table 3 : explain SELECT c FROM sbtest3 WHERE id=5767996
	Index Scan using sbtest3_pkey on sbtest3  (cost=0.43..8.45 rows=1 width=121)
	  Index Cond: (id = 5767996)

table 4 : explain SELECT c FROM sbtest4 WHERE id=2541774
	Index Scan using sbtest4_pkey on sbtest4  (cost=0.43..8.45 rows=1 width=121)
	  Index Cond: (id = 2541774)

table 5 : explain SELECT c FROM sbtest5 WHERE id=8291173
	Index Scan using sbtest5_pkey on sbtest5  (cost=0.43..8.45 rows=1 width=121)
	  Index Cond: (id = 8291173)

table 6 : explain SELECT c FROM sbtest6 WHERE id=478152
	Index Scan using sbtest6_pkey on sbtest6  (cost=0.43..8.45 rows=1 width=121)
	  Index Cond: (id = 478152)

table 7 : explain SELECT c FROM sbtest7 WHERE id=2426717
	Index Scan using sbtest7_pkey on sbtest7  (cost=0.43..8.45 rows=1 width=121)
	  Index Cond: (id = 2426717)

table 8 : explain SELECT c FROM sbtest8 WHERE id=7668427
	Index Scan using sbtest8_pkey on sbtest8  (cost=0.43..8.45 rows=1 width=121)
	  Index Cond: (id = 7668427)

explain: for point_selects :: explain SELECT c FROM sbtest%u WHERE id=%u
for point_selects
table 1 : explain SELECT c FROM sbtest1 WHERE id=4909104
	Index Scan using sbtest1_pkey on sbtest1  (cost=0.43..8.45 rows=1 width=121)
	  Index Cond: (id = 4909104)

table 2 : explain SELECT c FROM sbtest2 WHERE id=6343094
	Index Scan using sbtest2_pkey on sbtest2  (cost=0.43..8.45 rows=1 width=121)
	  Index Cond: (id = 6343094)

table 3 : explain SELECT c FROM sbtest3 WHERE id=1863757
	Index Scan using sbtest3_pkey on sbtest3  (cost=0.43..8.45 rows=1 width=121)
	  Index Cond: (id = 1863757)

table 4 : explain SELECT c FROM sbtest4 WHERE id=3062205
	Index Scan using sbtest4_pkey on sbtest4  (cost=0.43..8.45 rows=1 width=121)
	  Index Cond: (id = 3062205)

table 5 : explain SELECT c FROM sbtest5 WHERE id=1607048
	Index Scan using sbtest5_pkey on sbtest5  (cost=0.43..8.45 rows=1 width=121)
	  Index Cond: (id = 1607048)

table 6 : explain SELECT c FROM sbtest6 WHERE id=1594868
	Index Scan using sbtest6_pkey on sbtest6  (cost=0.43..8.45 rows=1 width=121)
	  Index Cond: (id = 1594868)

table 7 : explain SELECT c FROM sbtest7 WHERE id=2447797
	Index Scan using sbtest7_pkey on sbtest7  (cost=0.43..8.45 rows=1 width=121)
	  Index Cond: (id = 2447797)

table 8 : explain SELECT c FROM sbtest8 WHERE id=141722
	Index Scan using sbtest8_pkey on sbtest8  (cost=0.43..8.45 rows=1 width=121)
	  Index Cond: (id = 141722)

for point_selects
table 1 : explain SELECT c FROM sbtest1 WHERE id=5226268
	Index Scan using sbtest1_pkey on sbtest1  (cost=0.43..8.45 rows=1 width=121)
	  Index Cond: (id = 5226268)

table 2 : explain SELECT c FROM sbtest2 WHERE id=3340416
	Index Scan using sbtest2_pkey on sbtest2  (cost=0.43..8.45 rows=1 width=121)
	  Index Cond: (id = 3340416)

table 3 : explain SELECT c FROM sbtest3 WHERE id=7116209
	Index Scan using sbtest3_pkey on sbtest3  (cost=0.43..8.45 rows=1 width=121)
	  Index Cond: (id = 7116209)

table 4 : explain SELECT c FROM sbtest4 WHERE id=8795939
	Index Scan using sbtest4_pkey on sbtest4  (cost=0.43..8.45 rows=1 width=121)
	  Index Cond: (id = 8795939)

table 5 : explain SELECT c FROM sbtest5 WHERE id=5159600
	Index Scan using sbtest5_pkey on sbtest5  (cost=0.43..8.45 rows=1 width=121)
	  Index Cond: (id = 5159600)

table 6 : explain SELECT c FROM sbtest6 WHERE id=5580159
	Index Scan using sbtest6_pkey on sbtest6  (cost=0.43..8.45 rows=1 width=121)
	  Index Cond: (id = 5580159)

table 7 : explain SELECT c FROM sbtest7 WHERE id=4108389
	Index Scan using sbtest7_pkey on sbtest7  (cost=0.43..8.45 rows=1 width=121)
	  Index Cond: (id = 4108389)

table 8 : explain SELECT c FROM sbtest8 WHERE id=8212482
	Index Scan using sbtest8_pkey on sbtest8  (cost=0.43..8.45 rows=1 width=121)
	  Index Cond: (id = 8212482)

for point_selects
table 1 : explain SELECT c FROM sbtest1 WHERE id=8750596
	Index Scan using sbtest1_pkey on sbtest1  (cost=0.43..8.45 rows=1 width=121)
	  Index Cond: (id = 8750596)

table 2 : explain SELECT c FROM sbtest2 WHERE id=5923638
	Index Scan using sbtest2_pkey on sbtest2  (cost=0.43..8.45 rows=1 width=121)
	  Index Cond: (id = 5923638)

table 3 : explain SELECT c FROM sbtest3 WHERE id=1765683
	Index Scan using sbtest3_pkey on sbtest3  (cost=0.43..8.45 rows=1 width=121)
	  Index Cond: (id = 1765683)

table 4 : explain SELECT c FROM sbtest4 WHERE id=8173300
	Index Scan using sbtest4_pkey on sbtest4  (cost=0.43..8.45 rows=1 width=121)
	  Index Cond: (id = 8173300)

table 5 : explain SELECT c FROM sbtest5 WHERE id=2564058
	Index Scan using sbtest5_pkey on sbtest5  (cost=0.43..8.45 rows=1 width=121)
	  Index Cond: (id = 2564058)

table 6 : explain SELECT c FROM sbtest6 WHERE id=9512721
	Index Scan using sbtest6_pkey on sbtest6  (cost=0.43..8.45 rows=1 width=121)
	  Index Cond: (id = 9512721)

table 7 : explain SELECT c FROM sbtest7 WHERE id=4444323
	Index Scan using sbtest7_pkey on sbtest7  (cost=0.43..8.45 rows=1 width=121)
	  Index Cond: (id = 4444323)

table 8 : explain SELECT c FROM sbtest8 WHERE id=3786968
	Index Scan using sbtest8_pkey on sbtest8  (cost=0.43..8.45 rows=1 width=121)
	  Index Cond: (id = 3786968)

for point_selects
table 1 : explain SELECT c FROM sbtest1 WHERE id=1891290
	Index Scan using sbtest1_pkey on sbtest1  (cost=0.43..8.45 rows=1 width=121)
	  Index Cond: (id = 1891290)

table 2 : explain SELECT c FROM sbtest2 WHERE id=604513
	Index Scan using sbtest2_pkey on sbtest2  (cost=0.43..8.45 rows=1 width=121)
	  Index Cond: (id = 604513)

table 3 : explain SELECT c FROM sbtest3 WHERE id=4732264
	Index Scan using sbtest3_pkey on sbtest3  (cost=0.43..8.45 rows=1 width=121)
	  Index Cond: (id = 4732264)

table 4 : explain SELECT c FROM sbtest4 WHERE id=9319253
	Index Scan using sbtest4_pkey on sbtest4  (cost=0.43..8.45 rows=1 width=121)
	  Index Cond: (id = 9319253)

table 5 : explain SELECT c FROM sbtest5 WHERE id=6363107
	Index Scan using sbtest5_pkey on sbtest5  (cost=0.43..8.45 rows=1 width=121)
	  Index Cond: (id = 6363107)

table 6 : explain SELECT c FROM sbtest6 WHERE id=9064426
	Index Scan using sbtest6_pkey on sbtest6  (cost=0.43..8.45 rows=1 width=121)
	  Index Cond: (id = 9064426)

table 7 : explain SELECT c FROM sbtest7 WHERE id=6501065
	Index Scan using sbtest7_pkey on sbtest7  (cost=0.43..8.45 rows=1 width=121)
	  Index Cond: (id = 6501065)

table 8 : explain SELECT c FROM sbtest8 WHERE id=6941626
	Index Scan using sbtest8_pkey on sbtest8  (cost=0.43..8.45 rows=1 width=121)
	  Index Cond: (id = 6941626)

Threads started!

Warming up for 5 seconds...

SQL statistics:
    queries performed:
        read:                            627321503
        write:                           0
        other:                           0
        total:                           627321503
    transactions:                        627321503 (995739.10 per sec.)
    queries:                             627321503 (995739.10 per sec.)
    ignored errors:                      0      (0.00 per sec.)
    reconnects:                          0      (0.00 per sec.)

Throughput:
    events/s (eps):                      995739.0972
    time elapsed:                        630.0061s
    total number of events:              627321503

Latency (ms):
         min:                                    0.03
         avg:                                    0.04
         max:                                   20.04
         95th percentile:                        0.05
         sum:                             25034941.83

Threads fairness:
    events (avg/stddev):           15683022.2250/263258.24
    execution time (avg/stddev):   625.8735/0.04

