LUA_PATH=/home/mdcallag/git/mytools/bench/sysbench.lua/lua/?.lua /home/mdcallag/git/mytools/bench/sysbench.lua/lua/sysbench --db-driver=pgsql --range-size=100 --table-size=10000000 --tables=8 --threads=40 --events=0 --warmup-time=5 --time=630 --pgsql_conn_id=true /home/mdcallag/git/mytools/bench/sysbench.lua/lua/oltp_range_covered.lua run --pgsql-user=root --pgsql-password=pw --pgsql-host=127.0.0.1 --pgsql-db=ib --rand-type=uniform --random-points=100 --skip-trx
48 CPUs
sysbench 1.1.0-9072687 (using bundled LuaJIT 2.1.0-beta3)

Running the test with following options:
Number of threads: 40
Warmup time: 5s
Initializing random number generator from current time


Initializing worker threads...

explain: for range-covered :: explain SELECT id FROM sbtest%d WHERE id BETWEEN 7002795 AND 7002895
explain: for range-covered :: explain SELECT id FROM sbtest%d WHERE id BETWEEN 6529958 AND 6530058
explain: for range-covered :: explain SELECT id FROM sbtest%d WHERE id BETWEEN 5167088 AND 5167188
explain: for range-covered :: explain SELECT id FROM sbtest%d WHERE id BETWEEN 8356381 AND 8356481
explain: for range-covered :: explain SELECT id FROM sbtest%d WHERE id BETWEEN 5031323 AND 5031423
explain: for range-covered :: explain SELECT id FROM sbtest%d WHERE id BETWEEN 9157724 AND 9157824
for range-covered
table 1 : explain SELECT id FROM sbtest1 WHERE id BETWEEN 7002795 AND 7002895
	Index Only Scan using sbtest1_pkey on sbtest1  (cost=0.43..6.72 rows=114 width=4)
	  Index Cond: ((id >= 7002795) AND (id <= 7002895))

table 2 : explain SELECT id FROM sbtest2 WHERE id BETWEEN 7002795 AND 7002895
	Index Only Scan using sbtest2_pkey on sbtest2  (cost=0.43..10.13 rows=85 width=4)
	  Index Cond: ((id >= 7002795) AND (id <= 7002895))

table 3 : explain SELECT id FROM sbtest3 WHERE id BETWEEN 7002795 AND 7002895
	Index Only Scan using sbtest3_pkey on sbtest3  (cost=0.43..6.24 rows=90 width=4)
	  Index Cond: ((id >= 7002795) AND (id <= 7002895))

table 4 : explain SELECT id FROM sbtest4 WHERE id BETWEEN 7002795 AND 7002895
	Index Only Scan using sbtest4_pkey on sbtest4  (cost=0.43..6.51 rows=104 width=4)
	  Index Cond: ((id >= 7002795) AND (id <= 7002895))

table 5 : explain SELECT id FROM sbtest5 WHERE id BETWEEN 7002795 AND 7002895
	Index Only Scan using sbtest5_pkey on sbtest5  (cost=0.43..6.51 rows=104 width=4)
	  Index Cond: ((id >= 7002795) AND (id <= 7002895))

table 6 : explain SELECT id FROM sbtest6 WHERE id BETWEEN 7002795 AND 7002895
	Index Only Scan using sbtest6_pkey on sbtest6  (cost=0.43..6.47 rows=102 width=4)
	  Index Cond: ((id >= 7002795) AND (id <= 7002895))

table 7 : explain SELECT id FROM sbtest7 WHERE id BETWEEN 7002795 AND 7002895
	Index Only Scan using sbtest7_pkey on sbtest7  (cost=0.43..6.35 rows=96 width=4)
	  Index Cond: ((id >= 7002795) AND (id <= 7002895))

table 8 : explain SELECT id FROM sbtest8 WHERE id BETWEEN 7002795 AND 7002895
	Index Only Scan using sbtest8_pkey on sbtest8  (cost=0.43..10.70 rows=113 width=4)
	  Index Cond: ((id >= 7002795) AND (id <= 7002895))

explain: for range-covered :: explain SELECT id FROM sbtest%d WHERE id BETWEEN 7002795 AND 7002895
for range-covered
table 1 : explain SELECT id FROM sbtest1 WHERE id BETWEEN 6529958 AND 6530058
	Index Only Scan using sbtest1_pkey on sbtest1  (cost=0.43..6.27 rows=92 width=4)
	  Index Cond: ((id >= 6529958) AND (id <= 6530058))

table 2 : explain SELECT id FROM sbtest2 WHERE id BETWEEN 6529958 AND 6530058
	Index Only Scan using sbtest2_pkey on sbtest2  (cost=0.43..10.58 rows=107 width=4)
	  Index Cond: ((id >= 6529958) AND (id <= 6530058))

table 3 : explain SELECT id FROM sbtest3 WHERE id BETWEEN 6529958 AND 6530058
	Index Only Scan using sbtest3_pkey on sbtest3  (cost=0.43..6.37 rows=97 width=4)
	  Index Cond: ((id >= 6529958) AND (id <= 6530058))

table 4 : explain SELECT id FROM sbtest4 WHERE id BETWEEN 6529958 AND 6530058
	Index Only Scan using sbtest4_pkey on sbtest4  (cost=0.43..6.40 rows=98 width=4)
	  Index Cond: ((id >= 6529958) AND (id <= 6530058))

table 5 : explain SELECT id FROM sbtest5 WHERE id BETWEEN 6529958 AND 6530058
	Index Only Scan using sbtest5_pkey on sbtest5  (cost=0.43..6.35 rows=96 width=4)
	  Index Cond: ((id >= 6529958) AND (id <= 6530058))

table 6 : explain SELECT id FROM sbtest6 WHERE id BETWEEN 6529958 AND 6530058
	Index Only Scan using sbtest6_pkey on sbtest6  (cost=0.43..6.43 rows=100 width=4)
	  Index Cond: ((id >= 6529958) AND (id <= 6530058))

table 7 : explain SELECT id FROM sbtest7 WHERE id BETWEEN 6529958 AND 6530058
	Index Only Scan using sbtest7_pkey on sbtest7  (cost=0.43..6.53 rows=105 width=4)
	  Index Cond: ((id >= 6529958) AND (id <= 6530058))

table 8 : explain SELECT id FROM sbtest8 WHERE id BETWEEN 6529958 AND 6530058
	Index Only Scan using sbtest8_pkey on sbtest8  (cost=0.43..10.54 rows=105 width=4)
	  Index Cond: ((id >= 6529958) AND (id <= 6530058))

explain: for range-covered :: explain SELECT id FROM sbtest%d WHERE id BETWEEN 6529958 AND 6530058
for range-covered
table 1 : explain SELECT id FROM sbtest1 WHERE id BETWEEN 8356381 AND 8356481
	Index Only Scan using sbtest1_pkey on sbtest1  (cost=0.43..6.90 rows=123 width=4)
	  Index Cond: ((id >= 8356381) AND (id <= 8356481))

table 2 : explain SELECT id FROM sbtest2 WHERE id BETWEEN 8356381 AND 8356481
	Index Only Scan using sbtest2_pkey on sbtest2  (cost=0.43..10.33 rows=95 width=4)
	  Index Cond: ((id >= 8356381) AND (id <= 8356481))

table 3 : explain SELECT id FROM sbtest3 WHERE id BETWEEN 8356381 AND 8356481
	Index Only Scan using sbtest3_pkey on sbtest3  (cost=0.43..6.35 rows=96 width=4)
	  Index Cond: ((id >= 8356381) AND (id <= 8356481))

table 4 : explain SELECT id FROM sbtest4 WHERE id BETWEEN 8356381 AND 8356481
	Index Only Scan using sbtest4_pkey on sbtest4  (cost=0.43..6.67 rows=112 width=4)
	  Index Cond: ((id >= 8356381) AND (id <= 8356481))

table 5 : explain SELECT id FROM sbtest5 WHERE id BETWEEN 8356381 AND 8356481
	Index Only Scan using sbtest5_pkey on sbtest5  (cost=0.43..6.32 rows=94 width=4)
	  Index Cond: ((id >= 8356381) AND (id <= 8356481))

table 6 : explain SELECT id FROM sbtest6 WHERE id BETWEEN 8356381 AND 8356481
	Index Only Scan using sbtest6_pkey on sbtest6  (cost=0.43..6.51 rows=104 width=4)
	  Index Cond: ((id >= 8356381) AND (id <= 8356481))

table 7 : explain SELECT id FROM sbtest7 WHERE id BETWEEN 8356381 AND 8356481
	Index Only Scan using sbtest7_pkey on sbtest7  (cost=0.43..6.45 rows=101 width=4)
	  Index Cond: ((id >= 8356381) AND (id <= 8356481))

table 8 : explain SELECT id FROM sbtest8 WHERE id BETWEEN 8356381 AND 8356481
	Index Only Scan using sbtest8_pkey on sbtest8  (cost=0.43..10.54 rows=105 width=4)
	  Index Cond: ((id >= 8356381) AND (id <= 8356481))

explain: for range-covered :: explain SELECT id FROM sbtest%d WHERE id BETWEEN 8356381 AND 8356481
for range-covered
table 1 : explain SELECT id FROM sbtest1 WHERE id BETWEEN 7002795 AND 7002895
	Index Only Scan using sbtest1_pkey on sbtest1  (cost=0.43..6.72 rows=114 width=4)
	  Index Cond: ((id >= 7002795) AND (id <= 7002895))

table 2 : explain SELECT id FROM sbtest2 WHERE id BETWEEN 7002795 AND 7002895
	Index Only Scan using sbtest2_pkey on sbtest2  (cost=0.43..10.13 rows=85 width=4)
	  Index Cond: ((id >= 7002795) AND (id <= 7002895))

table 3 : explain SELECT id FROM sbtest3 WHERE id BETWEEN 7002795 AND 7002895
	Index Only Scan using sbtest3_pkey on sbtest3  (cost=0.43..6.24 rows=90 width=4)
	  Index Cond: ((id >= 7002795) AND (id <= 7002895))

table 4 : explain SELECT id FROM sbtest4 WHERE id BETWEEN 7002795 AND 7002895
	Index Only Scan using sbtest4_pkey on sbtest4  (cost=0.43..6.51 rows=104 width=4)
	  Index Cond: ((id >= 7002795) AND (id <= 7002895))

table 5 : explain SELECT id FROM sbtest5 WHERE id BETWEEN 7002795 AND 7002895
	Index Only Scan using sbtest5_pkey on sbtest5  (cost=0.43..6.51 rows=104 width=4)
	  Index Cond: ((id >= 7002795) AND (id <= 7002895))

table 6 : explain SELECT id FROM sbtest6 WHERE id BETWEEN 7002795 AND 7002895
	Index Only Scan using sbtest6_pkey on sbtest6  (cost=0.43..6.47 rows=102 width=4)
	  Index Cond: ((id >= 7002795) AND (id <= 7002895))

table 7 : explain SELECT id FROM sbtest7 WHERE id BETWEEN 7002795 AND 7002895
	Index Only Scan using sbtest7_pkey on sbtest7  (cost=0.43..6.35 rows=96 width=4)
	  Index Cond: ((id >= 7002795) AND (id <= 7002895))

table 8 : explain SELECT id FROM sbtest8 WHERE id BETWEEN 7002795 AND 7002895
	Index Only Scan using sbtest8_pkey on sbtest8  (cost=0.43..10.70 rows=113 width=4)
	  Index Cond: ((id >= 7002795) AND (id <= 7002895))

explain: for range-covered :: explain SELECT id FROM sbtest%d WHERE id BETWEEN 7002795 AND 7002895
for range-covered
table 1 : explain SELECT id FROM sbtest1 WHERE id BETWEEN 5031323 AND 5031423
	Index Only Scan using sbtest1_pkey on sbtest1  (cost=0.43..6.51 rows=104 width=4)
	  Index Cond: ((id >= 5031323) AND (id <= 5031423))

table 2 : explain SELECT id FROM sbtest2 WHERE id BETWEEN 5031323 AND 5031423
	Index Only Scan using sbtest2_pkey on sbtest2  (cost=0.43..10.46 rows=101 width=4)
	  Index Cond: ((id >= 5031323) AND (id <= 5031423))

table 3 : explain SELECT id FROM sbtest3 WHERE id BETWEEN 5031323 AND 5031423
	Index Only Scan using sbtest3_pkey on sbtest3  (cost=0.43..6.45 rows=101 width=4)
	  Index Cond: ((id >= 5031323) AND (id <= 5031423))

table 4 : explain SELECT id FROM sbtest4 WHERE id BETWEEN 5031323 AND 5031423
	Index Only Scan using sbtest4_pkey on sbtest4  (cost=0.43..6.42 rows=99 width=4)
	  Index Cond: ((id >= 5031323) AND (id <= 5031423))

table 5 : explain SELECT id FROM sbtest5 WHERE id BETWEEN 5031323 AND 5031423
	Index Only Scan using sbtest5_pkey on sbtest5  (cost=0.43..6.33 rows=95 width=4)
	  Index Cond: ((id >= 5031323) AND (id <= 5031423))

table 6 : explain SELECT id FROM sbtest6 WHERE id BETWEEN 5031323 AND 5031423
	Index Only Scan using sbtest6_pkey on sbtest6  (cost=0.43..6.35 rows=96 width=4)
	  Index Cond: ((id >= 5031323) AND (id <= 5031423))

table 7 : explain SELECT id FROM sbtest7 WHERE id BETWEEN 5031323 AND 5031423
	Index Only Scan using sbtest7_pkey on sbtest7  (cost=0.43..6.43 rows=100 width=4)
	  Index Cond: ((id >= 5031323) AND (id <= 5031423))

table 8 : explain SELECT id FROM sbtest8 WHERE id BETWEEN 5031323 AND 5031423
	Index Only Scan using sbtest8_pkey on sbtest8  (cost=0.43..10.44 rows=100 width=4)
	  Index Cond: ((id >= 5031323) AND (id <= 5031423))

explain: for range-covered :: explain SELECT id FROM sbtest%d WHERE id BETWEEN 5031323 AND 5031423
for range-covered
table 1 : explain SELECT id FROM sbtest1 WHERE id BETWEEN 8356381 AND 8356481
	Index Only Scan using sbtest1_pkey on sbtest1  (cost=0.43..6.90 rows=123 width=4)
	  Index Cond: ((id >= 8356381) AND (id <= 8356481))

table 2 : explain SELECT id FROM sbtest2 WHERE id BETWEEN 8356381 AND 8356481
	Index Only Scan using sbtest2_pkey on sbtest2  (cost=0.43..10.33 rows=95 width=4)
	  Index Cond: ((id >= 8356381) AND (id <= 8356481))

table 3 : explain SELECT id FROM sbtest3 WHERE id BETWEEN 8356381 AND 8356481
	Index Only Scan using sbtest3_pkey on sbtest3  (cost=0.43..6.35 rows=96 width=4)
	  Index Cond: ((id >= 8356381) AND (id <= 8356481))

table 4 : explain SELECT id FROM sbtest4 WHERE id BETWEEN 8356381 AND 8356481
	Index Only Scan using sbtest4_pkey on sbtest4  (cost=0.43..6.67 rows=112 width=4)
	  Index Cond: ((id >= 8356381) AND (id <= 8356481))

table 5 : explain SELECT id FROM sbtest5 WHERE id BETWEEN 8356381 AND 8356481
	Index Only Scan using sbtest5_pkey on sbtest5  (cost=0.43..6.32 rows=94 width=4)
	  Index Cond: ((id >= 8356381) AND (id <= 8356481))

table 6 : explain SELECT id FROM sbtest6 WHERE id BETWEEN 8356381 AND 8356481
	Index Only Scan using sbtest6_pkey on sbtest6  (cost=0.43..6.51 rows=104 width=4)
	  Index Cond: ((id >= 8356381) AND (id <= 8356481))

table 7 : explain SELECT id FROM sbtest7 WHERE id BETWEEN 8356381 AND 8356481
	Index Only Scan using sbtest7_pkey on sbtest7  (cost=0.43..6.45 rows=101 width=4)
	  Index Cond: ((id >= 8356381) AND (id <= 8356481))

table 8 : explain SELECT id FROM sbtest8 WHERE id BETWEEN 8356381 AND 8356481
	Index Only Scan using sbtest8_pkey on sbtest8  (cost=0.43..10.54 rows=105 width=4)
	  Index Cond: ((id >= 8356381) AND (id <= 8356481))

for range-covered
table 1 : explain SELECT id FROM sbtest1 WHERE id BETWEEN 7002795 AND 7002895
	Index Only Scan using sbtest1_pkey on sbtest1  (cost=0.43..6.72 rows=114 width=4)
	  Index Cond: ((id >= 7002795) AND (id <= 7002895))

table 2 : explain SELECT id FROM sbtest2 WHERE id BETWEEN 7002795 AND 7002895
	Index Only Scan using sbtest2_pkey on sbtest2  (cost=0.43..10.13 rows=85 width=4)
	  Index Cond: ((id >= 7002795) AND (id <= 7002895))

table 3 : explain SELECT id FROM sbtest3 WHERE id BETWEEN 7002795 AND 7002895
	Index Only Scan using sbtest3_pkey on sbtest3  (cost=0.43..6.24 rows=90 width=4)
	  Index Cond: ((id >= 7002795) AND (id <= 7002895))

table 4 : explain SELECT id FROM sbtest4 WHERE id BETWEEN 7002795 AND 7002895
	Index Only Scan using sbtest4_pkey on sbtest4  (cost=0.43..6.51 rows=104 width=4)
	  Index Cond: ((id >= 7002795) AND (id <= 7002895))

table 5 : explain SELECT id FROM sbtest5 WHERE id BETWEEN 7002795 AND 7002895
	Index Only Scan using sbtest5_pkey on sbtest5  (cost=0.43..6.51 rows=104 width=4)
	  Index Cond: ((id >= 7002795) AND (id <= 7002895))

table 6 : explain SELECT id FROM sbtest6 WHERE id BETWEEN 7002795 AND 7002895
	Index Only Scan using sbtest6_pkey on sbtest6  (cost=0.43..6.47 rows=102 width=4)
	  Index Cond: ((id >= 7002795) AND (id <= 7002895))

table 7 : explain SELECT id FROM sbtest7 WHERE id BETWEEN 7002795 AND 7002895
	Index Only Scan using sbtest7_pkey on sbtest7  (cost=0.43..6.35 rows=96 width=4)
	  Index Cond: ((id >= 7002795) AND (id <= 7002895))

table 8 : explain SELECT id FROM sbtest8 WHERE id BETWEEN 7002795 AND 7002895
	Index Only Scan using sbtest8_pkey on sbtest8  (cost=0.43..10.70 rows=113 width=4)
	  Index Cond: ((id >= 7002795) AND (id <= 7002895))

explain: for range-covered :: explain SELECT id FROM sbtest%d WHERE id BETWEEN 8356381 AND 8356481
explain: for range-covered :: explain SELECT id FROM sbtest%d WHERE id BETWEEN 7002795 AND 7002895
for range-covered
table 1 : explain SELECT id FROM sbtest1 WHERE id BETWEEN 9157724 AND 9157824
	Index Only Scan using sbtest1_pkey on sbtest1  (cost=0.43..6.37 rows=97 width=4)
	  Index Cond: ((id >= 9157724) AND (id <= 9157824))

table 2 : explain SELECT id FROM sbtest2 WHERE id BETWEEN 9157724 AND 9157824
	Index Only Scan using sbtest2_pkey on sbtest2  (cost=0.43..10.38 rows=97 width=4)
	  Index Cond: ((id >= 9157724) AND (id <= 9157824))

table 3 : explain SELECT id FROM sbtest3 WHERE id BETWEEN 9157724 AND 9157824
	Index Only Scan using sbtest3_pkey on sbtest3  (cost=0.43..6.59 rows=108 width=4)
	  Index Cond: ((id >= 9157724) AND (id <= 9157824))

table 4 : explain SELECT id FROM sbtest4 WHERE id BETWEEN 9157724 AND 9157824
	Index Only Scan using sbtest4_pkey on sbtest4  (cost=0.43..6.58 rows=107 width=4)
	  Index Cond: ((id >= 9157724) AND (id <= 9157824))

table 5 : explain SELECT id FROM sbtest5 WHERE id BETWEEN 9157724 AND 9157824
	Index Only Scan using sbtest5_pkey on sbtest5  (cost=0.43..6.45 rows=101 width=4)
	  Index Cond: ((id >= 9157724) AND (id <= 9157824))

table 6 : explain SELECT id FROM sbtest6 WHERE id BETWEEN 9157724 AND 9157824
	Index Only Scan using sbtest6_pkey on sbtest6  (cost=0.43..6.61 rows=109 width=4)
	  Index Cond: ((id >= 9157724) AND (id <= 9157824))

table 7 : explain SELECT id FROM sbtest7 WHERE id BETWEEN 9157724 AND 9157824
	Index Only Scan using sbtest7_pkey on sbtest7  (cost=0.43..6.58 rows=107 width=4)
	  Index Cond: ((id >= 9157724) AND (id <= 9157824))

table 8 : explain SELECT id FROM sbtest8 WHERE id BETWEEN 9157724 AND 9157824
	Index Only Scan using sbtest8_pkey on sbtest8  (cost=0.43..10.46 rows=101 width=4)
	  Index Cond: ((id >= 9157724) AND (id <= 9157824))

explain: for range-covered :: explain SELECT id FROM sbtest%d WHERE id BETWEEN 9157724 AND 9157824
for range-covered
table 1 : explain SELECT id FROM sbtest1 WHERE id BETWEEN 5031323 AND 5031423
	Index Only Scan using sbtest1_pkey on sbtest1  (cost=0.43..6.51 rows=104 width=4)
	  Index Cond: ((id >= 5031323) AND (id <= 5031423))

table 2 : explain SELECT id FROM sbtest2 WHERE id BETWEEN 5031323 AND 5031423
	Index Only Scan using sbtest2_pkey on sbtest2  (cost=0.43..10.46 rows=101 width=4)
	  Index Cond: ((id >= 5031323) AND (id <= 5031423))

table 3 : explain SELECT id FROM sbtest3 WHERE id BETWEEN 5031323 AND 5031423
	Index Only Scan using sbtest3_pkey on sbtest3  (cost=0.43..6.45 rows=101 width=4)
	  Index Cond: ((id >= 5031323) AND (id <= 5031423))

table 4 : explain SELECT id FROM sbtest4 WHERE id BETWEEN 5031323 AND 5031423
	Index Only Scan using sbtest4_pkey on sbtest4  (cost=0.43..6.42 rows=99 width=4)
	  Index Cond: ((id >= 5031323) AND (id <= 5031423))

table 5 : explain SELECT id FROM sbtest5 WHERE id BETWEEN 5031323 AND 5031423
	Index Only Scan using sbtest5_pkey on sbtest5  (cost=0.43..6.33 rows=95 width=4)
	  Index Cond: ((id >= 5031323) AND (id <= 5031423))

table 6 : explain SELECT id FROM sbtest6 WHERE id BETWEEN 5031323 AND 5031423
	Index Only Scan using sbtest6_pkey on sbtest6  (cost=0.43..6.35 rows=96 width=4)
	  Index Cond: ((id >= 5031323) AND (id <= 5031423))

table 7 : explain SELECT id FROM sbtest7 WHERE id BETWEEN 5031323 AND 5031423
	Index Only Scan using sbtest7_pkey on sbtest7  (cost=0.43..6.43 rows=100 width=4)
	  Index Cond: ((id >= 5031323) AND (id <= 5031423))

table 8 : explain SELECT id FROM sbtest8 WHERE id BETWEEN 5031323 AND 5031423
	Index Only Scan using sbtest8_pkey on sbtest8  (cost=0.43..10.44 rows=100 width=4)
	  Index Cond: ((id >= 5031323) AND (id <= 5031423))

explain: for range-covered :: explain SELECT id FROM sbtest%d WHERE id BETWEEN 5031323 AND 5031423
for range-covered
table 1 : explain SELECT id FROM sbtest1 WHERE id BETWEEN 8356381 AND 8356481
	Index Only Scan using sbtest1_pkey on sbtest1  (cost=0.43..6.90 rows=123 width=4)
	  Index Cond: ((id >= 8356381) AND (id <= 8356481))

table 2 : explain SELECT id FROM sbtest2 WHERE id BETWEEN 8356381 AND 8356481
	Index Only Scan using sbtest2_pkey on sbtest2  (cost=0.43..10.33 rows=95 width=4)
	  Index Cond: ((id >= 8356381) AND (id <= 8356481))

table 3 : explain SELECT id FROM sbtest3 WHERE id BETWEEN 8356381 AND 8356481
	Index Only Scan using sbtest3_pkey on sbtest3  (cost=0.43..6.35 rows=96 width=4)
	  Index Cond: ((id >= 8356381) AND (id <= 8356481))

table 4 : explain SELECT id FROM sbtest4 WHERE id BETWEEN 8356381 AND 8356481
	Index Only Scan using sbtest4_pkey on sbtest4  (cost=0.43..6.67 rows=112 width=4)
	  Index Cond: ((id >= 8356381) AND (id <= 8356481))

table 5 : explain SELECT id FROM sbtest5 WHERE id BETWEEN 8356381 AND 8356481
	Index Only Scan using sbtest5_pkey on sbtest5  (cost=0.43..6.32 rows=94 width=4)
	  Index Cond: ((id >= 8356381) AND (id <= 8356481))

table 6 : explain SELECT id FROM sbtest6 WHERE id BETWEEN 8356381 AND 8356481
	Index Only Scan using sbtest6_pkey on sbtest6  (cost=0.43..6.51 rows=104 width=4)
	  Index Cond: ((id >= 8356381) AND (id <= 8356481))

table 7 : explain SELECT id FROM sbtest7 WHERE id BETWEEN 8356381 AND 8356481
	Index Only Scan using sbtest7_pkey on sbtest7  (cost=0.43..6.45 rows=101 width=4)
	  Index Cond: ((id >= 8356381) AND (id <= 8356481))

table 8 : explain SELECT id FROM sbtest8 WHERE id BETWEEN 8356381 AND 8356481
	Index Only Scan using sbtest8_pkey on sbtest8  (cost=0.43..10.54 rows=105 width=4)
	  Index Cond: ((id >= 8356381) AND (id <= 8356481))

for range-covered
table 1 : explain SELECT id FROM sbtest1 WHERE id BETWEEN 7002795 AND 7002895
	Index Only Scan using sbtest1_pkey on sbtest1  (cost=0.43..6.72 rows=114 width=4)
	  Index Cond: ((id >= 7002795) AND (id <= 7002895))

table 2 : explain SELECT id FROM sbtest2 WHERE id BETWEEN 7002795 AND 7002895
	Index Only Scan using sbtest2_pkey on sbtest2  (cost=0.43..10.13 rows=85 width=4)
	  Index Cond: ((id >= 7002795) AND (id <= 7002895))

table 3 : explain SELECT id FROM sbtest3 WHERE id BETWEEN 7002795 AND 7002895
	Index Only Scan using sbtest3_pkey on sbtest3  (cost=0.43..6.24 rows=90 width=4)
	  Index Cond: ((id >= 7002795) AND (id <= 7002895))

table 4 : explain SELECT id FROM sbtest4 WHERE id BETWEEN 7002795 AND 7002895
	Index Only Scan using sbtest4_pkey on sbtest4  (cost=0.43..6.51 rows=104 width=4)
	  Index Cond: ((id >= 7002795) AND (id <= 7002895))

table 5 : explain SELECT id FROM sbtest5 WHERE id BETWEEN 7002795 AND 7002895
	Index Only Scan using sbtest5_pkey on sbtest5  (cost=0.43..6.51 rows=104 width=4)
	  Index Cond: ((id >= 7002795) AND (id <= 7002895))

table 6 : explain SELECT id FROM sbtest6 WHERE id BETWEEN 7002795 AND 7002895
	Index Only Scan using sbtest6_pkey on sbtest6  (cost=0.43..6.47 rows=102 width=4)
	  Index Cond: ((id >= 7002795) AND (id <= 7002895))

table 7 : explain SELECT id FROM sbtest7 WHERE id BETWEEN 7002795 AND 7002895
	Index Only Scan using sbtest7_pkey on sbtest7  (cost=0.43..6.35 rows=96 width=4)
	  Index Cond: ((id >= 7002795) AND (id <= 7002895))

table 8 : explain SELECT id FROM sbtest8 WHERE id BETWEEN 7002795 AND 7002895
	Index Only Scan using sbtest8_pkey on sbtest8  (cost=0.43..10.70 rows=113 width=4)
	  Index Cond: ((id >= 7002795) AND (id <= 7002895))

explain: for range-covered :: explain SELECT id FROM sbtest%d WHERE id BETWEEN 8356381 AND 8356481
explain: for range-covered :: explain SELECT id FROM sbtest%d WHERE id BETWEEN 7002795 AND 7002895
for range-covered
table 1 : explain SELECT id FROM sbtest1 WHERE id BETWEEN 9157724 AND 9157824
	Index Only Scan using sbtest1_pkey on sbtest1  (cost=0.43..6.37 rows=97 width=4)
	  Index Cond: ((id >= 9157724) AND (id <= 9157824))

table 2 : explain SELECT id FROM sbtest2 WHERE id BETWEEN 9157724 AND 9157824
	Index Only Scan using sbtest2_pkey on sbtest2  (cost=0.43..10.38 rows=97 width=4)
	  Index Cond: ((id >= 9157724) AND (id <= 9157824))

table 3 : explain SELECT id FROM sbtest3 WHERE id BETWEEN 9157724 AND 9157824
	Index Only Scan using sbtest3_pkey on sbtest3  (cost=0.43..6.59 rows=108 width=4)
	  Index Cond: ((id >= 9157724) AND (id <= 9157824))

table 4 : explain SELECT id FROM sbtest4 WHERE id BETWEEN 9157724 AND 9157824
	Index Only Scan using sbtest4_pkey on sbtest4  (cost=0.43..6.58 rows=107 width=4)
	  Index Cond: ((id >= 9157724) AND (id <= 9157824))

table 5 : explain SELECT id FROM sbtest5 WHERE id BETWEEN 9157724 AND 9157824
	Index Only Scan using sbtest5_pkey on sbtest5  (cost=0.43..6.45 rows=101 width=4)
	  Index Cond: ((id >= 9157724) AND (id <= 9157824))

table 6 : explain SELECT id FROM sbtest6 WHERE id BETWEEN 9157724 AND 9157824
	Index Only Scan using sbtest6_pkey on sbtest6  (cost=0.43..6.61 rows=109 width=4)
	  Index Cond: ((id >= 9157724) AND (id <= 9157824))

table 7 : explain SELECT id FROM sbtest7 WHERE id BETWEEN 9157724 AND 9157824
	Index Only Scan using sbtest7_pkey on sbtest7  (cost=0.43..6.58 rows=107 width=4)
	  Index Cond: ((id >= 9157724) AND (id <= 9157824))

table 8 : explain SELECT id FROM sbtest8 WHERE id BETWEEN 9157724 AND 9157824
	Index Only Scan using sbtest8_pkey on sbtest8  (cost=0.43..10.46 rows=101 width=4)
	  Index Cond: ((id >= 9157724) AND (id <= 9157824))

explain: for range-covered :: explain SELECT id FROM sbtest%d WHERE id BETWEEN 9157724 AND 9157824
for range-covered
table 1 : explain SELECT id FROM sbtest1 WHERE id BETWEEN 5031323 AND 5031423
	Index Only Scan using sbtest1_pkey on sbtest1  (cost=0.43..6.51 rows=104 width=4)
	  Index Cond: ((id >= 5031323) AND (id <= 5031423))

table 2 : explain SELECT id FROM sbtest2 WHERE id BETWEEN 5031323 AND 5031423
	Index Only Scan using sbtest2_pkey on sbtest2  (cost=0.43..10.46 rows=101 width=4)
	  Index Cond: ((id >= 5031323) AND (id <= 5031423))

table 3 : explain SELECT id FROM sbtest3 WHERE id BETWEEN 5031323 AND 5031423
	Index Only Scan using sbtest3_pkey on sbtest3  (cost=0.43..6.45 rows=101 width=4)
	  Index Cond: ((id >= 5031323) AND (id <= 5031423))

table 4 : explain SELECT id FROM sbtest4 WHERE id BETWEEN 5031323 AND 5031423
	Index Only Scan using sbtest4_pkey on sbtest4  (cost=0.43..6.42 rows=99 width=4)
	  Index Cond: ((id >= 5031323) AND (id <= 5031423))

table 5 : explain SELECT id FROM sbtest5 WHERE id BETWEEN 5031323 AND 5031423
	Index Only Scan using sbtest5_pkey on sbtest5  (cost=0.43..6.33 rows=95 width=4)
	  Index Cond: ((id >= 5031323) AND (id <= 5031423))

table 6 : explain SELECT id FROM sbtest6 WHERE id BETWEEN 5031323 AND 5031423
	Index Only Scan using sbtest6_pkey on sbtest6  (cost=0.43..6.35 rows=96 width=4)
	  Index Cond: ((id >= 5031323) AND (id <= 5031423))

table 7 : explain SELECT id FROM sbtest7 WHERE id BETWEEN 5031323 AND 5031423
	Index Only Scan using sbtest7_pkey on sbtest7  (cost=0.43..6.43 rows=100 width=4)
	  Index Cond: ((id >= 5031323) AND (id <= 5031423))

table 8 : explain SELECT id FROM sbtest8 WHERE id BETWEEN 5031323 AND 5031423
	Index Only Scan using sbtest8_pkey on sbtest8  (cost=0.43..10.44 rows=100 width=4)
	  Index Cond: ((id >= 5031323) AND (id <= 5031423))

explain: for range-covered :: explain SELECT id FROM sbtest%d WHERE id BETWEEN 5031323 AND 5031423
for range-covered
table 1 : explain SELECT id FROM sbtest1 WHERE id BETWEEN 8356381 AND 8356481
	Index Only Scan using sbtest1_pkey on sbtest1  (cost=0.43..6.90 rows=123 width=4)
	  Index Cond: ((id >= 8356381) AND (id <= 8356481))

table 2 : explain SELECT id FROM sbtest2 WHERE id BETWEEN 8356381 AND 8356481
	Index Only Scan using sbtest2_pkey on sbtest2  (cost=0.43..10.33 rows=95 width=4)
	  Index Cond: ((id >= 8356381) AND (id <= 8356481))

table 3 : explain SELECT id FROM sbtest3 WHERE id BETWEEN 8356381 AND 8356481
	Index Only Scan using sbtest3_pkey on sbtest3  (cost=0.43..6.35 rows=96 width=4)
	  Index Cond: ((id >= 8356381) AND (id <= 8356481))

table 4 : explain SELECT id FROM sbtest4 WHERE id BETWEEN 8356381 AND 8356481
	Index Only Scan using sbtest4_pkey on sbtest4  (cost=0.43..6.67 rows=112 width=4)
	  Index Cond: ((id >= 8356381) AND (id <= 8356481))

table 5 : explain SELECT id FROM sbtest5 WHERE id BETWEEN 8356381 AND 8356481
	Index Only Scan using sbtest5_pkey on sbtest5  (cost=0.43..6.32 rows=94 width=4)
	  Index Cond: ((id >= 8356381) AND (id <= 8356481))

table 6 : explain SELECT id FROM sbtest6 WHERE id BETWEEN 8356381 AND 8356481
	Index Only Scan using sbtest6_pkey on sbtest6  (cost=0.43..6.51 rows=104 width=4)
	  Index Cond: ((id >= 8356381) AND (id <= 8356481))

table 7 : explain SELECT id FROM sbtest7 WHERE id BETWEEN 8356381 AND 8356481
	Index Only Scan using sbtest7_pkey on sbtest7  (cost=0.43..6.45 rows=101 width=4)
	  Index Cond: ((id >= 8356381) AND (id <= 8356481))

table 8 : explain SELECT id FROM sbtest8 WHERE id BETWEEN 8356381 AND 8356481
	Index Only Scan using sbtest8_pkey on sbtest8  (cost=0.43..10.54 rows=105 width=4)
	  Index Cond: ((id >= 8356381) AND (id <= 8356481))

for range-covered
table 1 : explain SELECT id FROM sbtest1 WHERE id BETWEEN 7002795 AND 7002895
	Index Only Scan using sbtest1_pkey on sbtest1  (cost=0.43..6.72 rows=114 width=4)
	  Index Cond: ((id >= 7002795) AND (id <= 7002895))

table 2 : explain SELECT id FROM sbtest2 WHERE id BETWEEN 7002795 AND 7002895
	Index Only Scan using sbtest2_pkey on sbtest2  (cost=0.43..10.13 rows=85 width=4)
	  Index Cond: ((id >= 7002795) AND (id <= 7002895))

table 3 : explain SELECT id FROM sbtest3 WHERE id BETWEEN 7002795 AND 7002895
	Index Only Scan using sbtest3_pkey on sbtest3  (cost=0.43..6.24 rows=90 width=4)
	  Index Cond: ((id >= 7002795) AND (id <= 7002895))

table 4 : explain SELECT id FROM sbtest4 WHERE id BETWEEN 7002795 AND 7002895
	Index Only Scan using sbtest4_pkey on sbtest4  (cost=0.43..6.51 rows=104 width=4)
	  Index Cond: ((id >= 7002795) AND (id <= 7002895))

table 5 : explain SELECT id FROM sbtest5 WHERE id BETWEEN 7002795 AND 7002895
	Index Only Scan using sbtest5_pkey on sbtest5  (cost=0.43..6.51 rows=104 width=4)
	  Index Cond: ((id >= 7002795) AND (id <= 7002895))

table 6 : explain SELECT id FROM sbtest6 WHERE id BETWEEN 7002795 AND 7002895
	Index Only Scan using sbtest6_pkey on sbtest6  (cost=0.43..6.47 rows=102 width=4)
	  Index Cond: ((id >= 7002795) AND (id <= 7002895))

table 7 : explain SELECT id FROM sbtest7 WHERE id BETWEEN 7002795 AND 7002895
	Index Only Scan using sbtest7_pkey on sbtest7  (cost=0.43..6.35 rows=96 width=4)
	  Index Cond: ((id >= 7002795) AND (id <= 7002895))

table 8 : explain SELECT id FROM sbtest8 WHERE id BETWEEN 7002795 AND 7002895
	Index Only Scan using sbtest8_pkey on sbtest8  (cost=0.43..10.70 rows=113 width=4)
	  Index Cond: ((id >= 7002795) AND (id <= 7002895))

explain: for range-covered :: explain SELECT id FROM sbtest%d WHERE id BETWEEN 8356381 AND 8356481
explain: for range-covered :: explain SELECT id FROM sbtest%d WHERE id BETWEEN 7002795 AND 7002895
for range-covered
table 1 : explain SELECT id FROM sbtest1 WHERE id BETWEEN 9157724 AND 9157824
	Index Only Scan using sbtest1_pkey on sbtest1  (cost=0.43..6.37 rows=97 width=4)
	  Index Cond: ((id >= 9157724) AND (id <= 9157824))

table 2 : explain SELECT id FROM sbtest2 WHERE id BETWEEN 9157724 AND 9157824
	Index Only Scan using sbtest2_pkey on sbtest2  (cost=0.43..10.38 rows=97 width=4)
	  Index Cond: ((id >= 9157724) AND (id <= 9157824))

table 3 : explain SELECT id FROM sbtest3 WHERE id BETWEEN 9157724 AND 9157824
	Index Only Scan using sbtest3_pkey on sbtest3  (cost=0.43..6.59 rows=108 width=4)
	  Index Cond: ((id >= 9157724) AND (id <= 9157824))

table 4 : explain SELECT id FROM sbtest4 WHERE id BETWEEN 9157724 AND 9157824
	Index Only Scan using sbtest4_pkey on sbtest4  (cost=0.43..6.58 rows=107 width=4)
	  Index Cond: ((id >= 9157724) AND (id <= 9157824))

table 5 : explain SELECT id FROM sbtest5 WHERE id BETWEEN 9157724 AND 9157824
	Index Only Scan using sbtest5_pkey on sbtest5  (cost=0.43..6.45 rows=101 width=4)
	  Index Cond: ((id >= 9157724) AND (id <= 9157824))

table 6 : explain SELECT id FROM sbtest6 WHERE id BETWEEN 9157724 AND 9157824
	Index Only Scan using sbtest6_pkey on sbtest6  (cost=0.43..6.61 rows=109 width=4)
	  Index Cond: ((id >= 9157724) AND (id <= 9157824))

table 7 : explain SELECT id FROM sbtest7 WHERE id BETWEEN 9157724 AND 9157824
	Index Only Scan using sbtest7_pkey on sbtest7  (cost=0.43..6.58 rows=107 width=4)
	  Index Cond: ((id >= 9157724) AND (id <= 9157824))

table 8 : explain SELECT id FROM sbtest8 WHERE id BETWEEN 9157724 AND 9157824
	Index Only Scan using sbtest8_pkey on sbtest8  (cost=0.43..10.46 rows=101 width=4)
	  Index Cond: ((id >= 9157724) AND (id <= 9157824))

explain: for range-covered :: explain SELECT id FROM sbtest%d WHERE id BETWEEN 9157724 AND 9157824
for range-covered
table 1 : explain SELECT id FROM sbtest1 WHERE id BETWEEN 5031323 AND 5031423
	Index Only Scan using sbtest1_pkey on sbtest1  (cost=0.43..6.51 rows=104 width=4)
	  Index Cond: ((id >= 5031323) AND (id <= 5031423))

table 2 : explain SELECT id FROM sbtest2 WHERE id BETWEEN 5031323 AND 5031423
	Index Only Scan using sbtest2_pkey on sbtest2  (cost=0.43..10.46 rows=101 width=4)
	  Index Cond: ((id >= 5031323) AND (id <= 5031423))

table 3 : explain SELECT id FROM sbtest3 WHERE id BETWEEN 5031323 AND 5031423
	Index Only Scan using sbtest3_pkey on sbtest3  (cost=0.43..6.45 rows=101 width=4)
	  Index Cond: ((id >= 5031323) AND (id <= 5031423))

table 4 : explain SELECT id FROM sbtest4 WHERE id BETWEEN 5031323 AND 5031423
	Index Only Scan using sbtest4_pkey on sbtest4  (cost=0.43..6.42 rows=99 width=4)
	  Index Cond: ((id >= 5031323) AND (id <= 5031423))

table 5 : explain SELECT id FROM sbtest5 WHERE id BETWEEN 5031323 AND 5031423
	Index Only Scan using sbtest5_pkey on sbtest5  (cost=0.43..6.33 rows=95 width=4)
	  Index Cond: ((id >= 5031323) AND (id <= 5031423))

table 6 : explain SELECT id FROM sbtest6 WHERE id BETWEEN 5031323 AND 5031423
	Index Only Scan using sbtest6_pkey on sbtest6  (cost=0.43..6.35 rows=96 width=4)
	  Index Cond: ((id >= 5031323) AND (id <= 5031423))

table 7 : explain SELECT id FROM sbtest7 WHERE id BETWEEN 5031323 AND 5031423
	Index Only Scan using sbtest7_pkey on sbtest7  (cost=0.43..6.43 rows=100 width=4)
	  Index Cond: ((id >= 5031323) AND (id <= 5031423))

table 8 : explain SELECT id FROM sbtest8 WHERE id BETWEEN 5031323 AND 5031423
	Index Only Scan using sbtest8_pkey on sbtest8  (cost=0.43..10.44 rows=100 width=4)
	  Index Cond: ((id >= 5031323) AND (id <= 5031423))

explain: for range-covered :: explain SELECT id FROM sbtest%d WHERE id BETWEEN 5031323 AND 5031423
for range-covered
table 1 : explain SELECT id FROM sbtest1 WHERE id BETWEEN 8356381 AND 8356481
	Index Only Scan using sbtest1_pkey on sbtest1  (cost=0.43..6.90 rows=123 width=4)
	  Index Cond: ((id >= 8356381) AND (id <= 8356481))

table 2 : explain SELECT id FROM sbtest2 WHERE id BETWEEN 8356381 AND 8356481
	Index Only Scan using sbtest2_pkey on sbtest2  (cost=0.43..10.33 rows=95 width=4)
	  Index Cond: ((id >= 8356381) AND (id <= 8356481))

table 3 : explain SELECT id FROM sbtest3 WHERE id BETWEEN 8356381 AND 8356481
	Index Only Scan using sbtest3_pkey on sbtest3  (cost=0.43..6.35 rows=96 width=4)
	  Index Cond: ((id >= 8356381) AND (id <= 8356481))

table 4 : explain SELECT id FROM sbtest4 WHERE id BETWEEN 8356381 AND 8356481
	Index Only Scan using sbtest4_pkey on sbtest4  (cost=0.43..6.67 rows=112 width=4)
	  Index Cond: ((id >= 8356381) AND (id <= 8356481))

table 5 : explain SELECT id FROM sbtest5 WHERE id BETWEEN 8356381 AND 8356481
	Index Only Scan using sbtest5_pkey on sbtest5  (cost=0.43..6.32 rows=94 width=4)
	  Index Cond: ((id >= 8356381) AND (id <= 8356481))

table 6 : explain SELECT id FROM sbtest6 WHERE id BETWEEN 8356381 AND 8356481
	Index Only Scan using sbtest6_pkey on sbtest6  (cost=0.43..6.51 rows=104 width=4)
	  Index Cond: ((id >= 8356381) AND (id <= 8356481))

table 7 : explain SELECT id FROM sbtest7 WHERE id BETWEEN 8356381 AND 8356481
	Index Only Scan using sbtest7_pkey on sbtest7  (cost=0.43..6.45 rows=101 width=4)
	  Index Cond: ((id >= 8356381) AND (id <= 8356481))

table 8 : explain SELECT id FROM sbtest8 WHERE id BETWEEN 8356381 AND 8356481
	Index Only Scan using sbtest8_pkey on sbtest8  (cost=0.43..10.54 rows=105 width=4)
	  Index Cond: ((id >= 8356381) AND (id <= 8356481))

for range-covered
table 1 : explain SELECT id FROM sbtest1 WHERE id BETWEEN 7002795 AND 7002895
	Index Only Scan using sbtest1_pkey on sbtest1  (cost=0.43..6.72 rows=114 width=4)
	  Index Cond: ((id >= 7002795) AND (id <= 7002895))

table 2 : explain SELECT id FROM sbtest2 WHERE id BETWEEN 7002795 AND 7002895
	Index Only Scan using sbtest2_pkey on sbtest2  (cost=0.43..10.13 rows=85 width=4)
	  Index Cond: ((id >= 7002795) AND (id <= 7002895))

table 3 : explain SELECT id FROM sbtest3 WHERE id BETWEEN 7002795 AND 7002895
	Index Only Scan using sbtest3_pkey on sbtest3  (cost=0.43..6.24 rows=90 width=4)
	  Index Cond: ((id >= 7002795) AND (id <= 7002895))

table 4 : explain SELECT id FROM sbtest4 WHERE id BETWEEN 7002795 AND 7002895
	Index Only Scan using sbtest4_pkey on sbtest4  (cost=0.43..6.51 rows=104 width=4)
	  Index Cond: ((id >= 7002795) AND (id <= 7002895))

table 5 : explain SELECT id FROM sbtest5 WHERE id BETWEEN 7002795 AND 7002895
	Index Only Scan using sbtest5_pkey on sbtest5  (cost=0.43..6.51 rows=104 width=4)
	  Index Cond: ((id >= 7002795) AND (id <= 7002895))

table 6 : explain SELECT id FROM sbtest6 WHERE id BETWEEN 7002795 AND 7002895
	Index Only Scan using sbtest6_pkey on sbtest6  (cost=0.43..6.47 rows=102 width=4)
	  Index Cond: ((id >= 7002795) AND (id <= 7002895))

table 7 : explain SELECT id FROM sbtest7 WHERE id BETWEEN 7002795 AND 7002895
	Index Only Scan using sbtest7_pkey on sbtest7  (cost=0.43..6.35 rows=96 width=4)
	  Index Cond: ((id >= 7002795) AND (id <= 7002895))

table 8 : explain SELECT id FROM sbtest8 WHERE id BETWEEN 7002795 AND 7002895
	Index Only Scan using sbtest8_pkey on sbtest8  (cost=0.43..10.70 rows=113 width=4)
	  Index Cond: ((id >= 7002795) AND (id <= 7002895))

explain: for range-covered :: explain SELECT id FROM sbtest%d WHERE id BETWEEN 8356381 AND 8356481
explain: for range-covered :: explain SELECT id FROM sbtest%d WHERE id BETWEEN 7002795 AND 7002895
for range-covered
table 1 : explain SELECT id FROM sbtest1 WHERE id BETWEEN 9157724 AND 9157824
	Index Only Scan using sbtest1_pkey on sbtest1  (cost=0.43..6.37 rows=97 width=4)
	  Index Cond: ((id >= 9157724) AND (id <= 9157824))

table 2 : explain SELECT id FROM sbtest2 WHERE id BETWEEN 9157724 AND 9157824
	Index Only Scan using sbtest2_pkey on sbtest2  (cost=0.43..10.38 rows=97 width=4)
	  Index Cond: ((id >= 9157724) AND (id <= 9157824))

table 3 : explain SELECT id FROM sbtest3 WHERE id BETWEEN 9157724 AND 9157824
	Index Only Scan using sbtest3_pkey on sbtest3  (cost=0.43..6.59 rows=108 width=4)
	  Index Cond: ((id >= 9157724) AND (id <= 9157824))

table 4 : explain SELECT id FROM sbtest4 WHERE id BETWEEN 9157724 AND 9157824
	Index Only Scan using sbtest4_pkey on sbtest4  (cost=0.43..6.58 rows=107 width=4)
	  Index Cond: ((id >= 9157724) AND (id <= 9157824))

table 5 : explain SELECT id FROM sbtest5 WHERE id BETWEEN 9157724 AND 9157824
	Index Only Scan using sbtest5_pkey on sbtest5  (cost=0.43..6.45 rows=101 width=4)
	  Index Cond: ((id >= 9157724) AND (id <= 9157824))

table 6 : explain SELECT id FROM sbtest6 WHERE id BETWEEN 9157724 AND 9157824
	Index Only Scan using sbtest6_pkey on sbtest6  (cost=0.43..6.61 rows=109 width=4)
	  Index Cond: ((id >= 9157724) AND (id <= 9157824))

table 7 : explain SELECT id FROM sbtest7 WHERE id BETWEEN 9157724 AND 9157824
	Index Only Scan using sbtest7_pkey on sbtest7  (cost=0.43..6.58 rows=107 width=4)
	  Index Cond: ((id >= 9157724) AND (id <= 9157824))

table 8 : explain SELECT id FROM sbtest8 WHERE id BETWEEN 9157724 AND 9157824
	Index Only Scan using sbtest8_pkey on sbtest8  (cost=0.43..10.46 rows=101 width=4)
	  Index Cond: ((id >= 9157724) AND (id <= 9157824))

explain: for range-covered :: explain SELECT id FROM sbtest%d WHERE id BETWEEN 9157724 AND 9157824
for range-covered
table 1 : explain SELECT id FROM sbtest1 WHERE id BETWEEN 5031323 AND 5031423
	Index Only Scan using sbtest1_pkey on sbtest1  (cost=0.43..6.51 rows=104 width=4)
	  Index Cond: ((id >= 5031323) AND (id <= 5031423))

table 2 : explain SELECT id FROM sbtest2 WHERE id BETWEEN 5031323 AND 5031423
	Index Only Scan using sbtest2_pkey on sbtest2  (cost=0.43..10.46 rows=101 width=4)
	  Index Cond: ((id >= 5031323) AND (id <= 5031423))

table 3 : explain SELECT id FROM sbtest3 WHERE id BETWEEN 5031323 AND 5031423
	Index Only Scan using sbtest3_pkey on sbtest3  (cost=0.43..6.45 rows=101 width=4)
	  Index Cond: ((id >= 5031323) AND (id <= 5031423))

table 4 : explain SELECT id FROM sbtest4 WHERE id BETWEEN 5031323 AND 5031423
	Index Only Scan using sbtest4_pkey on sbtest4  (cost=0.43..6.42 rows=99 width=4)
	  Index Cond: ((id >= 5031323) AND (id <= 5031423))

table 5 : explain SELECT id FROM sbtest5 WHERE id BETWEEN 5031323 AND 5031423
	Index Only Scan using sbtest5_pkey on sbtest5  (cost=0.43..6.33 rows=95 width=4)
	  Index Cond: ((id >= 5031323) AND (id <= 5031423))

table 6 : explain SELECT id FROM sbtest6 WHERE id BETWEEN 5031323 AND 5031423
	Index Only Scan using sbtest6_pkey on sbtest6  (cost=0.43..6.35 rows=96 width=4)
	  Index Cond: ((id >= 5031323) AND (id <= 5031423))

table 7 : explain SELECT id FROM sbtest7 WHERE id BETWEEN 5031323 AND 5031423
	Index Only Scan using sbtest7_pkey on sbtest7  (cost=0.43..6.43 rows=100 width=4)
	  Index Cond: ((id >= 5031323) AND (id <= 5031423))

table 8 : explain SELECT id FROM sbtest8 WHERE id BETWEEN 5031323 AND 5031423
	Index Only Scan using sbtest8_pkey on sbtest8  (cost=0.43..10.44 rows=100 width=4)
	  Index Cond: ((id >= 5031323) AND (id <= 5031423))

explain: for range-covered :: explain SELECT id FROM sbtest%d WHERE id BETWEEN 5031323 AND 5031423
for range-covered
table 1 : explain SELECT id FROM sbtest1 WHERE id BETWEEN 7002795 AND 7002895
	Index Only Scan using sbtest1_pkey on sbtest1  (cost=0.43..6.72 rows=114 width=4)
	  Index Cond: ((id >= 7002795) AND (id <= 7002895))

table 2 : explain SELECT id FROM sbtest2 WHERE id BETWEEN 7002795 AND 7002895
	Index Only Scan using sbtest2_pkey on sbtest2  (cost=0.43..10.13 rows=85 width=4)
	  Index Cond: ((id >= 7002795) AND (id <= 7002895))

table 3 : explain SELECT id FROM sbtest3 WHERE id BETWEEN 7002795 AND 7002895
	Index Only Scan using sbtest3_pkey on sbtest3  (cost=0.43..6.24 rows=90 width=4)
	  Index Cond: ((id >= 7002795) AND (id <= 7002895))

table 4 : explain SELECT id FROM sbtest4 WHERE id BETWEEN 7002795 AND 7002895
	Index Only Scan using sbtest4_pkey on sbtest4  (cost=0.43..6.51 rows=104 width=4)
	  Index Cond: ((id >= 7002795) AND (id <= 7002895))

table 5 : explain SELECT id FROM sbtest5 WHERE id BETWEEN 7002795 AND 7002895
	Index Only Scan using sbtest5_pkey on sbtest5  (cost=0.43..6.51 rows=104 width=4)
	  Index Cond: ((id >= 7002795) AND (id <= 7002895))

table 6 : explain SELECT id FROM sbtest6 WHERE id BETWEEN 7002795 AND 7002895
	Index Only Scan using sbtest6_pkey on sbtest6  (cost=0.43..6.47 rows=102 width=4)
	  Index Cond: ((id >= 7002795) AND (id <= 7002895))

table 7 : explain SELECT id FROM sbtest7 WHERE id BETWEEN 7002795 AND 7002895
	Index Only Scan using sbtest7_pkey on sbtest7  (cost=0.43..6.35 rows=96 width=4)
	  Index Cond: ((id >= 7002795) AND (id <= 7002895))

table 8 : explain SELECT id FROM sbtest8 WHERE id BETWEEN 7002795 AND 7002895
	Index Only Scan using sbtest8_pkey on sbtest8  (cost=0.43..10.70 rows=113 width=4)
	  Index Cond: ((id >= 7002795) AND (id <= 7002895))

for range-covered
table 1 : explain SELECT id FROM sbtest1 WHERE id BETWEEN 8356381 AND 8356481
	Index Only Scan using sbtest1_pkey on sbtest1  (cost=0.43..6.90 rows=123 width=4)
	  Index Cond: ((id >= 8356381) AND (id <= 8356481))

table 2 : explain SELECT id FROM sbtest2 WHERE id BETWEEN 8356381 AND 8356481
	Index Only Scan using sbtest2_pkey on sbtest2  (cost=0.43..10.33 rows=95 width=4)
	  Index Cond: ((id >= 8356381) AND (id <= 8356481))

table 3 : explain SELECT id FROM sbtest3 WHERE id BETWEEN 8356381 AND 8356481
	Index Only Scan using sbtest3_pkey on sbtest3  (cost=0.43..6.35 rows=96 width=4)
	  Index Cond: ((id >= 8356381) AND (id <= 8356481))

table 4 : explain SELECT id FROM sbtest4 WHERE id BETWEEN 8356381 AND 8356481
	Index Only Scan using sbtest4_pkey on sbtest4  (cost=0.43..6.67 rows=112 width=4)
	  Index Cond: ((id >= 8356381) AND (id <= 8356481))

table 5 : explain SELECT id FROM sbtest5 WHERE id BETWEEN 8356381 AND 8356481
	Index Only Scan using sbtest5_pkey on sbtest5  (cost=0.43..6.32 rows=94 width=4)
	  Index Cond: ((id >= 8356381) AND (id <= 8356481))

table 6 : explain SELECT id FROM sbtest6 WHERE id BETWEEN 8356381 AND 8356481
	Index Only Scan using sbtest6_pkey on sbtest6  (cost=0.43..6.51 rows=104 width=4)
	  Index Cond: ((id >= 8356381) AND (id <= 8356481))

table 7 : explain SELECT id FROM sbtest7 WHERE id BETWEEN 8356381 AND 8356481
	Index Only Scan using sbtest7_pkey on sbtest7  (cost=0.43..6.45 rows=101 width=4)
	  Index Cond: ((id >= 8356381) AND (id <= 8356481))

table 8 : explain SELECT id FROM sbtest8 WHERE id BETWEEN 8356381 AND 8356481
	Index Only Scan using sbtest8_pkey on sbtest8  (cost=0.43..10.54 rows=105 width=4)
	  Index Cond: ((id >= 8356381) AND (id <= 8356481))

explain: for range-covered :: explain SELECT id FROM sbtest%d WHERE id BETWEEN 8356381 AND 8356481
for range-covered
table 1 : explain SELECT id FROM sbtest1 WHERE id BETWEEN 9157724 AND 9157824
	Index Only Scan using sbtest1_pkey on sbtest1  (cost=0.43..6.37 rows=97 width=4)
	  Index Cond: ((id >= 9157724) AND (id <= 9157824))

table 2 : explain SELECT id FROM sbtest2 WHERE id BETWEEN 9157724 AND 9157824
	Index Only Scan using sbtest2_pkey on sbtest2  (cost=0.43..10.38 rows=97 width=4)
	  Index Cond: ((id >= 9157724) AND (id <= 9157824))

table 3 : explain SELECT id FROM sbtest3 WHERE id BETWEEN 9157724 AND 9157824
	Index Only Scan using sbtest3_pkey on sbtest3  (cost=0.43..6.59 rows=108 width=4)
	  Index Cond: ((id >= 9157724) AND (id <= 9157824))

table 4 : explain SELECT id FROM sbtest4 WHERE id BETWEEN 9157724 AND 9157824
	Index Only Scan using sbtest4_pkey on sbtest4  (cost=0.43..6.58 rows=107 width=4)
	  Index Cond: ((id >= 9157724) AND (id <= 9157824))

table 5 : explain SELECT id FROM sbtest5 WHERE id BETWEEN 9157724 AND 9157824
	Index Only Scan using sbtest5_pkey on sbtest5  (cost=0.43..6.45 rows=101 width=4)
	  Index Cond: ((id >= 9157724) AND (id <= 9157824))

table 6 : explain SELECT id FROM sbtest6 WHERE id BETWEEN 9157724 AND 9157824
	Index Only Scan using sbtest6_pkey on sbtest6  (cost=0.43..6.61 rows=109 width=4)
	  Index Cond: ((id >= 9157724) AND (id <= 9157824))

table 7 : explain SELECT id FROM sbtest7 WHERE id BETWEEN 9157724 AND 9157824
	Index Only Scan using sbtest7_pkey on sbtest7  (cost=0.43..6.58 rows=107 width=4)
	  Index Cond: ((id >= 9157724) AND (id <= 9157824))

table 8 : explain SELECT id FROM sbtest8 WHERE id BETWEEN 9157724 AND 9157824
	Index Only Scan using sbtest8_pkey on sbtest8  (cost=0.43..10.46 rows=101 width=4)
	  Index Cond: ((id >= 9157724) AND (id <= 9157824))

for range-covered
table 1 : explain SELECT id FROM sbtest1 WHERE id BETWEEN 5031323 AND 5031423
	Index Only Scan using sbtest1_pkey on sbtest1  (cost=0.43..6.51 rows=104 width=4)
	  Index Cond: ((id >= 5031323) AND (id <= 5031423))

table 2 : explain SELECT id FROM sbtest2 WHERE id BETWEEN 5031323 AND 5031423
	Index Only Scan using sbtest2_pkey on sbtest2  (cost=0.43..10.46 rows=101 width=4)
	  Index Cond: ((id >= 5031323) AND (id <= 5031423))

table 3 : explain SELECT id FROM sbtest3 WHERE id BETWEEN 5031323 AND 5031423
	Index Only Scan using sbtest3_pkey on sbtest3  (cost=0.43..6.45 rows=101 width=4)
	  Index Cond: ((id >= 5031323) AND (id <= 5031423))

table 4 : explain SELECT id FROM sbtest4 WHERE id BETWEEN 5031323 AND 5031423
	Index Only Scan using sbtest4_pkey on sbtest4  (cost=0.43..6.42 rows=99 width=4)
	  Index Cond: ((id >= 5031323) AND (id <= 5031423))

table 5 : explain SELECT id FROM sbtest5 WHERE id BETWEEN 5031323 AND 5031423
	Index Only Scan using sbtest5_pkey on sbtest5  (cost=0.43..6.33 rows=95 width=4)
	  Index Cond: ((id >= 5031323) AND (id <= 5031423))

table 6 : explain SELECT id FROM sbtest6 WHERE id BETWEEN 5031323 AND 5031423
	Index Only Scan using sbtest6_pkey on sbtest6  (cost=0.43..6.35 rows=96 width=4)
	  Index Cond: ((id >= 5031323) AND (id <= 5031423))

table 7 : explain SELECT id FROM sbtest7 WHERE id BETWEEN 5031323 AND 5031423
	Index Only Scan using sbtest7_pkey on sbtest7  (cost=0.43..6.43 rows=100 width=4)
	  Index Cond: ((id >= 5031323) AND (id <= 5031423))

table 8 : explain SELECT id FROM sbtest8 WHERE id BETWEEN 5031323 AND 5031423
	Index Only Scan using sbtest8_pkey on sbtest8  (cost=0.43..10.44 rows=100 width=4)
	  Index Cond: ((id >= 5031323) AND (id <= 5031423))

explain: for range-covered :: explain SELECT id FROM sbtest%d WHERE id BETWEEN 9157724 AND 9157824
explain: for range-covered :: explain SELECT id FROM sbtest%d WHERE id BETWEEN 5031323 AND 5031423
for range-covered
table 1 : explain SELECT id FROM sbtest1 WHERE id BETWEEN 8356381 AND 8356481
	Index Only Scan using sbtest1_pkey on sbtest1  (cost=0.43..6.90 rows=123 width=4)
	  Index Cond: ((id >= 8356381) AND (id <= 8356481))

table 2 : explain SELECT id FROM sbtest2 WHERE id BETWEEN 8356381 AND 8356481
	Index Only Scan using sbtest2_pkey on sbtest2  (cost=0.43..10.33 rows=95 width=4)
	  Index Cond: ((id >= 8356381) AND (id <= 8356481))

table 3 : explain SELECT id FROM sbtest3 WHERE id BETWEEN 8356381 AND 8356481
	Index Only Scan using sbtest3_pkey on sbtest3  (cost=0.43..6.35 rows=96 width=4)
	  Index Cond: ((id >= 8356381) AND (id <= 8356481))

table 4 : explain SELECT id FROM sbtest4 WHERE id BETWEEN 8356381 AND 8356481
	Index Only Scan using sbtest4_pkey on sbtest4  (cost=0.43..6.67 rows=112 width=4)
	  Index Cond: ((id >= 8356381) AND (id <= 8356481))

table 5 : explain SELECT id FROM sbtest5 WHERE id BETWEEN 8356381 AND 8356481
	Index Only Scan using sbtest5_pkey on sbtest5  (cost=0.43..6.32 rows=94 width=4)
	  Index Cond: ((id >= 8356381) AND (id <= 8356481))

table 6 : explain SELECT id FROM sbtest6 WHERE id BETWEEN 8356381 AND 8356481
	Index Only Scan using sbtest6_pkey on sbtest6  (cost=0.43..6.51 rows=104 width=4)
	  Index Cond: ((id >= 8356381) AND (id <= 8356481))

table 7 : explain SELECT id FROM sbtest7 WHERE id BETWEEN 8356381 AND 8356481
	Index Only Scan using sbtest7_pkey on sbtest7  (cost=0.43..6.45 rows=101 width=4)
	  Index Cond: ((id >= 8356381) AND (id <= 8356481))

table 8 : explain SELECT id FROM sbtest8 WHERE id BETWEEN 8356381 AND 8356481
	Index Only Scan using sbtest8_pkey on sbtest8  (cost=0.43..10.54 rows=105 width=4)
	  Index Cond: ((id >= 8356381) AND (id <= 8356481))

explain: for range-covered :: explain SELECT id FROM sbtest%d WHERE id BETWEEN 8356381 AND 8356481
explain: for range-covered :: explain SELECT id FROM sbtest%d WHERE id BETWEEN 7002795 AND 7002895
for range-covered
table 1 : explain SELECT id FROM sbtest1 WHERE id BETWEEN 6529958 AND 6530058
	Index Only Scan using sbtest1_pkey on sbtest1  (cost=0.43..6.27 rows=92 width=4)
	  Index Cond: ((id >= 6529958) AND (id <= 6530058))

table 2 : explain SELECT id FROM sbtest2 WHERE id BETWEEN 6529958 AND 6530058
	Index Only Scan using sbtest2_pkey on sbtest2  (cost=0.43..10.58 rows=107 width=4)
	  Index Cond: ((id >= 6529958) AND (id <= 6530058))

table 3 : explain SELECT id FROM sbtest3 WHERE id BETWEEN 6529958 AND 6530058
	Index Only Scan using sbtest3_pkey on sbtest3  (cost=0.43..6.37 rows=97 width=4)
	  Index Cond: ((id >= 6529958) AND (id <= 6530058))

table 4 : explain SELECT id FROM sbtest4 WHERE id BETWEEN 6529958 AND 6530058
	Index Only Scan using sbtest4_pkey on sbtest4  (cost=0.43..6.40 rows=98 width=4)
	  Index Cond: ((id >= 6529958) AND (id <= 6530058))

table 5 : explain SELECT id FROM sbtest5 WHERE id BETWEEN 6529958 AND 6530058
	Index Only Scan using sbtest5_pkey on sbtest5  (cost=0.43..6.35 rows=96 width=4)
	  Index Cond: ((id >= 6529958) AND (id <= 6530058))

table 6 : explain SELECT id FROM sbtest6 WHERE id BETWEEN 6529958 AND 6530058
	Index Only Scan using sbtest6_pkey on sbtest6  (cost=0.43..6.43 rows=100 width=4)
	  Index Cond: ((id >= 6529958) AND (id <= 6530058))

table 7 : explain SELECT id FROM sbtest7 WHERE id BETWEEN 6529958 AND 6530058
	Index Only Scan using sbtest7_pkey on sbtest7  (cost=0.43..6.53 rows=105 width=4)
	  Index Cond: ((id >= 6529958) AND (id <= 6530058))

table 8 : explain SELECT id FROM sbtest8 WHERE id BETWEEN 6529958 AND 6530058
	Index Only Scan using sbtest8_pkey on sbtest8  (cost=0.43..10.54 rows=105 width=4)
	  Index Cond: ((id >= 6529958) AND (id <= 6530058))

for range-covered
table 1 : explain SELECT id FROM sbtest1 WHERE id BETWEEN 5031323 AND 5031423
	Index Only Scan using sbtest1_pkey on sbtest1  (cost=0.43..6.51 rows=104 width=4)
	  Index Cond: ((id >= 5031323) AND (id <= 5031423))

table 2 : explain SELECT id FROM sbtest2 WHERE id BETWEEN 5031323 AND 5031423
	Index Only Scan using sbtest2_pkey on sbtest2  (cost=0.43..10.46 rows=101 width=4)
	  Index Cond: ((id >= 5031323) AND (id <= 5031423))

table 3 : explain SELECT id FROM sbtest3 WHERE id BETWEEN 5031323 AND 5031423
	Index Only Scan using sbtest3_pkey on sbtest3  (cost=0.43..6.45 rows=101 width=4)
	  Index Cond: ((id >= 5031323) AND (id <= 5031423))

table 4 : explain SELECT id FROM sbtest4 WHERE id BETWEEN 5031323 AND 5031423
	Index Only Scan using sbtest4_pkey on sbtest4  (cost=0.43..6.42 rows=99 width=4)
	  Index Cond: ((id >= 5031323) AND (id <= 5031423))

table 5 : explain SELECT id FROM sbtest5 WHERE id BETWEEN 5031323 AND 5031423
	Index Only Scan using sbtest5_pkey on sbtest5  (cost=0.43..6.33 rows=95 width=4)
	  Index Cond: ((id >= 5031323) AND (id <= 5031423))

table 6 : explain SELECT id FROM sbtest6 WHERE id BETWEEN 5031323 AND 5031423
	Index Only Scan using sbtest6_pkey on sbtest6  (cost=0.43..6.35 rows=96 width=4)
	  Index Cond: ((id >= 5031323) AND (id <= 5031423))

table 7 : explain SELECT id FROM sbtest7 WHERE id BETWEEN 5031323 AND 5031423
	Index Only Scan using sbtest7_pkey on sbtest7  (cost=0.43..6.43 rows=100 width=4)
	  Index Cond: ((id >= 5031323) AND (id <= 5031423))

table 8 : explain SELECT id FROM sbtest8 WHERE id BETWEEN 5031323 AND 5031423
	Index Only Scan using sbtest8_pkey on sbtest8  (cost=0.43..10.44 rows=100 width=4)
	  Index Cond: ((id >= 5031323) AND (id <= 5031423))

for range-covered
table 1 : explain SELECT id FROM sbtest1 WHERE id BETWEEN 9157724 AND 9157824
	Index Only Scan using sbtest1_pkey on sbtest1  (cost=0.43..6.37 rows=97 width=4)
	  Index Cond: ((id >= 9157724) AND (id <= 9157824))

table 2 : explain SELECT id FROM sbtest2 WHERE id BETWEEN 9157724 AND 9157824
	Index Only Scan using sbtest2_pkey on sbtest2  (cost=0.43..10.38 rows=97 width=4)
	  Index Cond: ((id >= 9157724) AND (id <= 9157824))

table 3 : explain SELECT id FROM sbtest3 WHERE id BETWEEN 9157724 AND 9157824
	Index Only Scan using sbtest3_pkey on sbtest3  (cost=0.43..6.59 rows=108 width=4)
	  Index Cond: ((id >= 9157724) AND (id <= 9157824))

table 4 : explain SELECT id FROM sbtest4 WHERE id BETWEEN 9157724 AND 9157824
	Index Only Scan using sbtest4_pkey on sbtest4  (cost=0.43..6.58 rows=107 width=4)
	  Index Cond: ((id >= 9157724) AND (id <= 9157824))

table 5 : explain SELECT id FROM sbtest5 WHERE id BETWEEN 9157724 AND 9157824
	Index Only Scan using sbtest5_pkey on sbtest5  (cost=0.43..6.45 rows=101 width=4)
	  Index Cond: ((id >= 9157724) AND (id <= 9157824))

table 6 : explain SELECT id FROM sbtest6 WHERE id BETWEEN 9157724 AND 9157824
	Index Only Scan using sbtest6_pkey on sbtest6  (cost=0.43..6.61 rows=109 width=4)
	  Index Cond: ((id >= 9157724) AND (id <= 9157824))

table 7 : explain SELECT id FROM sbtest7 WHERE id BETWEEN 9157724 AND 9157824
	Index Only Scan using sbtest7_pkey on sbtest7  (cost=0.43..6.58 rows=107 width=4)
	  Index Cond: ((id >= 9157724) AND (id <= 9157824))

table 8 : explain SELECT id FROM sbtest8 WHERE id BETWEEN 9157724 AND 9157824
	Index Only Scan using sbtest8_pkey on sbtest8  (cost=0.43..10.46 rows=101 width=4)
	  Index Cond: ((id >= 9157724) AND (id <= 9157824))

explain: for range-covered :: explain SELECT id FROM sbtest%d WHERE id BETWEEN 6529958 AND 6530058
explain: for range-covered :: explain SELECT id FROM sbtest%d WHERE id BETWEEN 9157724 AND 9157824
explain: for range-covered :: explain SELECT id FROM sbtest%d WHERE id BETWEEN 5031323 AND 5031423
for range-covered
table 1 : explain SELECT id FROM sbtest1 WHERE id BETWEEN 5167088 AND 5167188
	Index Only Scan using sbtest1_pkey on sbtest1  (cost=0.43..6.17 rows=87 width=4)
	  Index Cond: ((id >= 5167088) AND (id <= 5167188))

table 2 : explain SELECT id FROM sbtest2 WHERE id BETWEEN 5167088 AND 5167188
	Index Only Scan using sbtest2_pkey on sbtest2  (cost=0.43..10.46 rows=101 width=4)
	  Index Cond: ((id >= 5167088) AND (id <= 5167188))

table 3 : explain SELECT id FROM sbtest3 WHERE id BETWEEN 5167088 AND 5167188
	Index Only Scan using sbtest3_pkey on sbtest3  (cost=0.43..6.32 rows=94 width=4)
	  Index Cond: ((id >= 5167088) AND (id <= 5167188))

table 4 : explain SELECT id FROM sbtest4 WHERE id BETWEEN 5167088 AND 5167188
	Index Only Scan using sbtest4_pkey on sbtest4  (cost=0.43..6.45 rows=101 width=4)
	  Index Cond: ((id >= 5167088) AND (id <= 5167188))

table 5 : explain SELECT id FROM sbtest5 WHERE id BETWEEN 5167088 AND 5167188
	Index Only Scan using sbtest5_pkey on sbtest5  (cost=0.43..6.85 rows=121 width=4)
	  Index Cond: ((id >= 5167088) AND (id <= 5167188))

table 6 : explain SELECT id FROM sbtest6 WHERE id BETWEEN 5167088 AND 5167188
	Index Only Scan using sbtest6_pkey on sbtest6  (cost=0.43..6.27 rows=92 width=4)
	  Index Cond: ((id >= 5167088) AND (id <= 5167188))

table 7 : explain SELECT id FROM sbtest7 WHERE id BETWEEN 5167088 AND 5167188
	Index Only Scan using sbtest7_pkey on sbtest7  (cost=0.43..6.43 rows=100 width=4)
	  Index Cond: ((id >= 5167088) AND (id <= 5167188))

table 8 : explain SELECT id FROM sbtest8 WHERE id BETWEEN 5167088 AND 5167188
	Index Only Scan using sbtest8_pkey on sbtest8  (cost=0.43..10.58 rows=107 width=4)
	  Index Cond: ((id >= 5167088) AND (id <= 5167188))

explain: for range-covered :: explain SELECT id FROM sbtest%d WHERE id BETWEEN 5167088 AND 5167188
for range-covered
table 1 : explain SELECT id FROM sbtest1 WHERE id BETWEEN 6529958 AND 6530058
	Index Only Scan using sbtest1_pkey on sbtest1  (cost=0.43..6.27 rows=92 width=4)
	  Index Cond: ((id >= 6529958) AND (id <= 6530058))

table 2 : explain SELECT id FROM sbtest2 WHERE id BETWEEN 6529958 AND 6530058
	Index Only Scan using sbtest2_pkey on sbtest2  (cost=0.43..10.58 rows=107 width=4)
	  Index Cond: ((id >= 6529958) AND (id <= 6530058))

table 3 : explain SELECT id FROM sbtest3 WHERE id BETWEEN 6529958 AND 6530058
	Index Only Scan using sbtest3_pkey on sbtest3  (cost=0.43..6.37 rows=97 width=4)
	  Index Cond: ((id >= 6529958) AND (id <= 6530058))

table 4 : explain SELECT id FROM sbtest4 WHERE id BETWEEN 6529958 AND 6530058
	Index Only Scan using sbtest4_pkey on sbtest4  (cost=0.43..6.40 rows=98 width=4)
	  Index Cond: ((id >= 6529958) AND (id <= 6530058))

table 5 : explain SELECT id FROM sbtest5 WHERE id BETWEEN 6529958 AND 6530058
	Index Only Scan using sbtest5_pkey on sbtest5  (cost=0.43..6.35 rows=96 width=4)
	  Index Cond: ((id >= 6529958) AND (id <= 6530058))

table 6 : explain SELECT id FROM sbtest6 WHERE id BETWEEN 6529958 AND 6530058
	Index Only Scan using sbtest6_pkey on sbtest6  (cost=0.43..6.43 rows=100 width=4)
	  Index Cond: ((id >= 6529958) AND (id <= 6530058))

table 7 : explain SELECT id FROM sbtest7 WHERE id BETWEEN 6529958 AND 6530058
	Index Only Scan using sbtest7_pkey on sbtest7  (cost=0.43..6.53 rows=105 width=4)
	  Index Cond: ((id >= 6529958) AND (id <= 6530058))

table 8 : explain SELECT id FROM sbtest8 WHERE id BETWEEN 6529958 AND 6530058
	Index Only Scan using sbtest8_pkey on sbtest8  (cost=0.43..10.54 rows=105 width=4)
	  Index Cond: ((id >= 6529958) AND (id <= 6530058))

for range-covered
table 1 : explain SELECT id FROM sbtest1 WHERE id BETWEEN 9157724 AND 9157824
	Index Only Scan using sbtest1_pkey on sbtest1  (cost=0.43..6.37 rows=97 width=4)
	  Index Cond: ((id >= 9157724) AND (id <= 9157824))

table 2 : explain SELECT id FROM sbtest2 WHERE id BETWEEN 9157724 AND 9157824
	Index Only Scan using sbtest2_pkey on sbtest2  (cost=0.43..10.38 rows=97 width=4)
	  Index Cond: ((id >= 9157724) AND (id <= 9157824))

table 3 : explain SELECT id FROM sbtest3 WHERE id BETWEEN 9157724 AND 9157824
	Index Only Scan using sbtest3_pkey on sbtest3  (cost=0.43..6.59 rows=108 width=4)
	  Index Cond: ((id >= 9157724) AND (id <= 9157824))

table 4 : explain SELECT id FROM sbtest4 WHERE id BETWEEN 9157724 AND 9157824
	Index Only Scan using sbtest4_pkey on sbtest4  (cost=0.43..6.58 rows=107 width=4)
	  Index Cond: ((id >= 9157724) AND (id <= 9157824))

table 5 : explain SELECT id FROM sbtest5 WHERE id BETWEEN 9157724 AND 9157824
	Index Only Scan using sbtest5_pkey on sbtest5  (cost=0.43..6.45 rows=101 width=4)
	  Index Cond: ((id >= 9157724) AND (id <= 9157824))

table 6 : explain SELECT id FROM sbtest6 WHERE id BETWEEN 9157724 AND 9157824
	Index Only Scan using sbtest6_pkey on sbtest6  (cost=0.43..6.61 rows=109 width=4)
	  Index Cond: ((id >= 9157724) AND (id <= 9157824))

table 7 : explain SELECT id FROM sbtest7 WHERE id BETWEEN 9157724 AND 9157824
	Index Only Scan using sbtest7_pkey on sbtest7  (cost=0.43..6.58 rows=107 width=4)
	  Index Cond: ((id >= 9157724) AND (id <= 9157824))

table 8 : explain SELECT id FROM sbtest8 WHERE id BETWEEN 9157724 AND 9157824
	Index Only Scan using sbtest8_pkey on sbtest8  (cost=0.43..10.46 rows=101 width=4)
	  Index Cond: ((id >= 9157724) AND (id <= 9157824))

explain: for range-covered :: explain SELECT id FROM sbtest%d WHERE id BETWEEN 6529958 AND 6530058
explain: for range-covered :: explain SELECT id FROM sbtest%d WHERE id BETWEEN 9157724 AND 9157824
for range-covered
table 1 : explain SELECT id FROM sbtest1 WHERE id BETWEEN 5167088 AND 5167188
	Index Only Scan using sbtest1_pkey on sbtest1  (cost=0.43..6.17 rows=87 width=4)
	  Index Cond: ((id >= 5167088) AND (id <= 5167188))

table 2 : explain SELECT id FROM sbtest2 WHERE id BETWEEN 5167088 AND 5167188
	Index Only Scan using sbtest2_pkey on sbtest2  (cost=0.43..10.46 rows=101 width=4)
	  Index Cond: ((id >= 5167088) AND (id <= 5167188))

table 3 : explain SELECT id FROM sbtest3 WHERE id BETWEEN 5167088 AND 5167188
	Index Only Scan using sbtest3_pkey on sbtest3  (cost=0.43..6.32 rows=94 width=4)
	  Index Cond: ((id >= 5167088) AND (id <= 5167188))

table 4 : explain SELECT id FROM sbtest4 WHERE id BETWEEN 5167088 AND 5167188
	Index Only Scan using sbtest4_pkey on sbtest4  (cost=0.43..6.45 rows=101 width=4)
	  Index Cond: ((id >= 5167088) AND (id <= 5167188))

table 5 : explain SELECT id FROM sbtest5 WHERE id BETWEEN 5167088 AND 5167188
	Index Only Scan using sbtest5_pkey on sbtest5  (cost=0.43..6.85 rows=121 width=4)
	  Index Cond: ((id >= 5167088) AND (id <= 5167188))

table 6 : explain SELECT id FROM sbtest6 WHERE id BETWEEN 5167088 AND 5167188
	Index Only Scan using sbtest6_pkey on sbtest6  (cost=0.43..6.27 rows=92 width=4)
	  Index Cond: ((id >= 5167088) AND (id <= 5167188))

table 7 : explain SELECT id FROM sbtest7 WHERE id BETWEEN 5167088 AND 5167188
	Index Only Scan using sbtest7_pkey on sbtest7  (cost=0.43..6.43 rows=100 width=4)
	  Index Cond: ((id >= 5167088) AND (id <= 5167188))

table 8 : explain SELECT id FROM sbtest8 WHERE id BETWEEN 5167088 AND 5167188
	Index Only Scan using sbtest8_pkey on sbtest8  (cost=0.43..10.58 rows=107 width=4)
	  Index Cond: ((id >= 5167088) AND (id <= 5167188))

explain: for range-covered :: explain SELECT id FROM sbtest%d WHERE id BETWEEN 5167088 AND 5167188
for range-covered
table 1 : explain SELECT id FROM sbtest1 WHERE id BETWEEN 6529958 AND 6530058
	Index Only Scan using sbtest1_pkey on sbtest1  (cost=0.43..6.27 rows=92 width=4)
	  Index Cond: ((id >= 6529958) AND (id <= 6530058))

table 2 : explain SELECT id FROM sbtest2 WHERE id BETWEEN 6529958 AND 6530058
	Index Only Scan using sbtest2_pkey on sbtest2  (cost=0.43..10.58 rows=107 width=4)
	  Index Cond: ((id >= 6529958) AND (id <= 6530058))

table 3 : explain SELECT id FROM sbtest3 WHERE id BETWEEN 6529958 AND 6530058
	Index Only Scan using sbtest3_pkey on sbtest3  (cost=0.43..6.37 rows=97 width=4)
	  Index Cond: ((id >= 6529958) AND (id <= 6530058))

table 4 : explain SELECT id FROM sbtest4 WHERE id BETWEEN 6529958 AND 6530058
	Index Only Scan using sbtest4_pkey on sbtest4  (cost=0.43..6.40 rows=98 width=4)
	  Index Cond: ((id >= 6529958) AND (id <= 6530058))

table 5 : explain SELECT id FROM sbtest5 WHERE id BETWEEN 6529958 AND 6530058
	Index Only Scan using sbtest5_pkey on sbtest5  (cost=0.43..6.35 rows=96 width=4)
	  Index Cond: ((id >= 6529958) AND (id <= 6530058))

table 6 : explain SELECT id FROM sbtest6 WHERE id BETWEEN 6529958 AND 6530058
	Index Only Scan using sbtest6_pkey on sbtest6  (cost=0.43..6.43 rows=100 width=4)
	  Index Cond: ((id >= 6529958) AND (id <= 6530058))

table 7 : explain SELECT id FROM sbtest7 WHERE id BETWEEN 6529958 AND 6530058
	Index Only Scan using sbtest7_pkey on sbtest7  (cost=0.43..6.53 rows=105 width=4)
	  Index Cond: ((id >= 6529958) AND (id <= 6530058))

table 8 : explain SELECT id FROM sbtest8 WHERE id BETWEEN 6529958 AND 6530058
	Index Only Scan using sbtest8_pkey on sbtest8  (cost=0.43..10.54 rows=105 width=4)
	  Index Cond: ((id >= 6529958) AND (id <= 6530058))

explain: for range-covered :: explain SELECT id FROM sbtest%d WHERE id BETWEEN 6529958 AND 6530058
for range-covered
table 1 : explain SELECT id FROM sbtest1 WHERE id BETWEEN 5167088 AND 5167188
	Index Only Scan using sbtest1_pkey on sbtest1  (cost=0.43..6.17 rows=87 width=4)
	  Index Cond: ((id >= 5167088) AND (id <= 5167188))

table 2 : explain SELECT id FROM sbtest2 WHERE id BETWEEN 5167088 AND 5167188
	Index Only Scan using sbtest2_pkey on sbtest2  (cost=0.43..10.46 rows=101 width=4)
	  Index Cond: ((id >= 5167088) AND (id <= 5167188))

table 3 : explain SELECT id FROM sbtest3 WHERE id BETWEEN 5167088 AND 5167188
	Index Only Scan using sbtest3_pkey on sbtest3  (cost=0.43..6.32 rows=94 width=4)
	  Index Cond: ((id >= 5167088) AND (id <= 5167188))

table 4 : explain SELECT id FROM sbtest4 WHERE id BETWEEN 5167088 AND 5167188
	Index Only Scan using sbtest4_pkey on sbtest4  (cost=0.43..6.45 rows=101 width=4)
	  Index Cond: ((id >= 5167088) AND (id <= 5167188))

table 5 : explain SELECT id FROM sbtest5 WHERE id BETWEEN 5167088 AND 5167188
	Index Only Scan using sbtest5_pkey on sbtest5  (cost=0.43..6.85 rows=121 width=4)
	  Index Cond: ((id >= 5167088) AND (id <= 5167188))

table 6 : explain SELECT id FROM sbtest6 WHERE id BETWEEN 5167088 AND 5167188
	Index Only Scan using sbtest6_pkey on sbtest6  (cost=0.43..6.27 rows=92 width=4)
	  Index Cond: ((id >= 5167088) AND (id <= 5167188))

table 7 : explain SELECT id FROM sbtest7 WHERE id BETWEEN 5167088 AND 5167188
	Index Only Scan using sbtest7_pkey on sbtest7  (cost=0.43..6.43 rows=100 width=4)
	  Index Cond: ((id >= 5167088) AND (id <= 5167188))

table 8 : explain SELECT id FROM sbtest8 WHERE id BETWEEN 5167088 AND 5167188
	Index Only Scan using sbtest8_pkey on sbtest8  (cost=0.43..10.58 rows=107 width=4)
	  Index Cond: ((id >= 5167088) AND (id <= 5167188))

explain: for range-covered :: explain SELECT id FROM sbtest%d WHERE id BETWEEN 5167088 AND 5167188
for range-covered
table 1 : explain SELECT id FROM sbtest1 WHERE id BETWEEN 6529958 AND 6530058
	Index Only Scan using sbtest1_pkey on sbtest1  (cost=0.43..6.27 rows=92 width=4)
	  Index Cond: ((id >= 6529958) AND (id <= 6530058))

table 2 : explain SELECT id FROM sbtest2 WHERE id BETWEEN 6529958 AND 6530058
	Index Only Scan using sbtest2_pkey on sbtest2  (cost=0.43..10.58 rows=107 width=4)
	  Index Cond: ((id >= 6529958) AND (id <= 6530058))

table 3 : explain SELECT id FROM sbtest3 WHERE id BETWEEN 6529958 AND 6530058
	Index Only Scan using sbtest3_pkey on sbtest3  (cost=0.43..6.37 rows=97 width=4)
	  Index Cond: ((id >= 6529958) AND (id <= 6530058))

table 4 : explain SELECT id FROM sbtest4 WHERE id BETWEEN 6529958 AND 6530058
	Index Only Scan using sbtest4_pkey on sbtest4  (cost=0.43..6.40 rows=98 width=4)
	  Index Cond: ((id >= 6529958) AND (id <= 6530058))

table 5 : explain SELECT id FROM sbtest5 WHERE id BETWEEN 6529958 AND 6530058
	Index Only Scan using sbtest5_pkey on sbtest5  (cost=0.43..6.35 rows=96 width=4)
	  Index Cond: ((id >= 6529958) AND (id <= 6530058))

table 6 : explain SELECT id FROM sbtest6 WHERE id BETWEEN 6529958 AND 6530058
	Index Only Scan using sbtest6_pkey on sbtest6  (cost=0.43..6.43 rows=100 width=4)
	  Index Cond: ((id >= 6529958) AND (id <= 6530058))

table 7 : explain SELECT id FROM sbtest7 WHERE id BETWEEN 6529958 AND 6530058
	Index Only Scan using sbtest7_pkey on sbtest7  (cost=0.43..6.53 rows=105 width=4)
	  Index Cond: ((id >= 6529958) AND (id <= 6530058))

table 8 : explain SELECT id FROM sbtest8 WHERE id BETWEEN 6529958 AND 6530058
	Index Only Scan using sbtest8_pkey on sbtest8  (cost=0.43..10.54 rows=105 width=4)
	  Index Cond: ((id >= 6529958) AND (id <= 6530058))

explain: for range-covered :: explain SELECT id FROM sbtest%d WHERE id BETWEEN 6529958 AND 6530058
for range-covered
table 1 : explain SELECT id FROM sbtest1 WHERE id BETWEEN 5167088 AND 5167188
	Index Only Scan using sbtest1_pkey on sbtest1  (cost=0.43..6.17 rows=87 width=4)
	  Index Cond: ((id >= 5167088) AND (id <= 5167188))

table 2 : explain SELECT id FROM sbtest2 WHERE id BETWEEN 5167088 AND 5167188
	Index Only Scan using sbtest2_pkey on sbtest2  (cost=0.43..10.46 rows=101 width=4)
	  Index Cond: ((id >= 5167088) AND (id <= 5167188))

table 3 : explain SELECT id FROM sbtest3 WHERE id BETWEEN 5167088 AND 5167188
	Index Only Scan using sbtest3_pkey on sbtest3  (cost=0.43..6.32 rows=94 width=4)
	  Index Cond: ((id >= 5167088) AND (id <= 5167188))

table 4 : explain SELECT id FROM sbtest4 WHERE id BETWEEN 5167088 AND 5167188
	Index Only Scan using sbtest4_pkey on sbtest4  (cost=0.43..6.45 rows=101 width=4)
	  Index Cond: ((id >= 5167088) AND (id <= 5167188))

table 5 : explain SELECT id FROM sbtest5 WHERE id BETWEEN 5167088 AND 5167188
	Index Only Scan using sbtest5_pkey on sbtest5  (cost=0.43..6.85 rows=121 width=4)
	  Index Cond: ((id >= 5167088) AND (id <= 5167188))

table 6 : explain SELECT id FROM sbtest6 WHERE id BETWEEN 5167088 AND 5167188
	Index Only Scan using sbtest6_pkey on sbtest6  (cost=0.43..6.27 rows=92 width=4)
	  Index Cond: ((id >= 5167088) AND (id <= 5167188))

table 7 : explain SELECT id FROM sbtest7 WHERE id BETWEEN 5167088 AND 5167188
	Index Only Scan using sbtest7_pkey on sbtest7  (cost=0.43..6.43 rows=100 width=4)
	  Index Cond: ((id >= 5167088) AND (id <= 5167188))

table 8 : explain SELECT id FROM sbtest8 WHERE id BETWEEN 5167088 AND 5167188
	Index Only Scan using sbtest8_pkey on sbtest8  (cost=0.43..10.58 rows=107 width=4)
	  Index Cond: ((id >= 5167088) AND (id <= 5167188))

explain: for range-covered :: explain SELECT id FROM sbtest%d WHERE id BETWEEN 5167088 AND 5167188
for range-covered
table 1 : explain SELECT id FROM sbtest1 WHERE id BETWEEN 6529958 AND 6530058
	Index Only Scan using sbtest1_pkey on sbtest1  (cost=0.43..6.27 rows=92 width=4)
	  Index Cond: ((id >= 6529958) AND (id <= 6530058))

table 2 : explain SELECT id FROM sbtest2 WHERE id BETWEEN 6529958 AND 6530058
	Index Only Scan using sbtest2_pkey on sbtest2  (cost=0.43..10.58 rows=107 width=4)
	  Index Cond: ((id >= 6529958) AND (id <= 6530058))

table 3 : explain SELECT id FROM sbtest3 WHERE id BETWEEN 6529958 AND 6530058
	Index Only Scan using sbtest3_pkey on sbtest3  (cost=0.43..6.37 rows=97 width=4)
	  Index Cond: ((id >= 6529958) AND (id <= 6530058))

table 4 : explain SELECT id FROM sbtest4 WHERE id BETWEEN 6529958 AND 6530058
	Index Only Scan using sbtest4_pkey on sbtest4  (cost=0.43..6.40 rows=98 width=4)
	  Index Cond: ((id >= 6529958) AND (id <= 6530058))

table 5 : explain SELECT id FROM sbtest5 WHERE id BETWEEN 6529958 AND 6530058
	Index Only Scan using sbtest5_pkey on sbtest5  (cost=0.43..6.35 rows=96 width=4)
	  Index Cond: ((id >= 6529958) AND (id <= 6530058))

table 6 : explain SELECT id FROM sbtest6 WHERE id BETWEEN 6529958 AND 6530058
	Index Only Scan using sbtest6_pkey on sbtest6  (cost=0.43..6.43 rows=100 width=4)
	  Index Cond: ((id >= 6529958) AND (id <= 6530058))

table 7 : explain SELECT id FROM sbtest7 WHERE id BETWEEN 6529958 AND 6530058
	Index Only Scan using sbtest7_pkey on sbtest7  (cost=0.43..6.53 rows=105 width=4)
	  Index Cond: ((id >= 6529958) AND (id <= 6530058))

table 8 : explain SELECT id FROM sbtest8 WHERE id BETWEEN 6529958 AND 6530058
	Index Only Scan using sbtest8_pkey on sbtest8  (cost=0.43..10.54 rows=105 width=4)
	  Index Cond: ((id >= 6529958) AND (id <= 6530058))

explain: for range-covered :: explain SELECT id FROM sbtest%d WHERE id BETWEEN 6529958 AND 6530058
for range-covered
table 1 : explain SELECT id FROM sbtest1 WHERE id BETWEEN 5167088 AND 5167188
	Index Only Scan using sbtest1_pkey on sbtest1  (cost=0.43..6.17 rows=87 width=4)
	  Index Cond: ((id >= 5167088) AND (id <= 5167188))

table 2 : explain SELECT id FROM sbtest2 WHERE id BETWEEN 5167088 AND 5167188
	Index Only Scan using sbtest2_pkey on sbtest2  (cost=0.43..10.46 rows=101 width=4)
	  Index Cond: ((id >= 5167088) AND (id <= 5167188))

table 3 : explain SELECT id FROM sbtest3 WHERE id BETWEEN 5167088 AND 5167188
	Index Only Scan using sbtest3_pkey on sbtest3  (cost=0.43..6.32 rows=94 width=4)
	  Index Cond: ((id >= 5167088) AND (id <= 5167188))

table 4 : explain SELECT id FROM sbtest4 WHERE id BETWEEN 5167088 AND 5167188
	Index Only Scan using sbtest4_pkey on sbtest4  (cost=0.43..6.45 rows=101 width=4)
	  Index Cond: ((id >= 5167088) AND (id <= 5167188))

table 5 : explain SELECT id FROM sbtest5 WHERE id BETWEEN 5167088 AND 5167188
	Index Only Scan using sbtest5_pkey on sbtest5  (cost=0.43..6.85 rows=121 width=4)
	  Index Cond: ((id >= 5167088) AND (id <= 5167188))

table 6 : explain SELECT id FROM sbtest6 WHERE id BETWEEN 5167088 AND 5167188
	Index Only Scan using sbtest6_pkey on sbtest6  (cost=0.43..6.27 rows=92 width=4)
	  Index Cond: ((id >= 5167088) AND (id <= 5167188))

table 7 : explain SELECT id FROM sbtest7 WHERE id BETWEEN 5167088 AND 5167188
	Index Only Scan using sbtest7_pkey on sbtest7  (cost=0.43..6.43 rows=100 width=4)
	  Index Cond: ((id >= 5167088) AND (id <= 5167188))

table 8 : explain SELECT id FROM sbtest8 WHERE id BETWEEN 5167088 AND 5167188
	Index Only Scan using sbtest8_pkey on sbtest8  (cost=0.43..10.58 rows=107 width=4)
	  Index Cond: ((id >= 5167088) AND (id <= 5167188))

explain: for range-covered :: explain SELECT id FROM sbtest%d WHERE id BETWEEN 5167088 AND 5167188
for range-covered
table 1 : explain SELECT id FROM sbtest1 WHERE id BETWEEN 6529958 AND 6530058
	Index Only Scan using sbtest1_pkey on sbtest1  (cost=0.43..6.27 rows=92 width=4)
	  Index Cond: ((id >= 6529958) AND (id <= 6530058))

table 2 : explain SELECT id FROM sbtest2 WHERE id BETWEEN 6529958 AND 6530058
	Index Only Scan using sbtest2_pkey on sbtest2  (cost=0.43..10.58 rows=107 width=4)
	  Index Cond: ((id >= 6529958) AND (id <= 6530058))

table 3 : explain SELECT id FROM sbtest3 WHERE id BETWEEN 6529958 AND 6530058
	Index Only Scan using sbtest3_pkey on sbtest3  (cost=0.43..6.37 rows=97 width=4)
	  Index Cond: ((id >= 6529958) AND (id <= 6530058))

table 4 : explain SELECT id FROM sbtest4 WHERE id BETWEEN 6529958 AND 6530058
	Index Only Scan using sbtest4_pkey on sbtest4  (cost=0.43..6.40 rows=98 width=4)
	  Index Cond: ((id >= 6529958) AND (id <= 6530058))

table 5 : explain SELECT id FROM sbtest5 WHERE id BETWEEN 6529958 AND 6530058
	Index Only Scan using sbtest5_pkey on sbtest5  (cost=0.43..6.35 rows=96 width=4)
	  Index Cond: ((id >= 6529958) AND (id <= 6530058))

table 6 : explain SELECT id FROM sbtest6 WHERE id BETWEEN 6529958 AND 6530058
	Index Only Scan using sbtest6_pkey on sbtest6  (cost=0.43..6.43 rows=100 width=4)
	  Index Cond: ((id >= 6529958) AND (id <= 6530058))

table 7 : explain SELECT id FROM sbtest7 WHERE id BETWEEN 6529958 AND 6530058
	Index Only Scan using sbtest7_pkey on sbtest7  (cost=0.43..6.53 rows=105 width=4)
	  Index Cond: ((id >= 6529958) AND (id <= 6530058))

table 8 : explain SELECT id FROM sbtest8 WHERE id BETWEEN 6529958 AND 6530058
	Index Only Scan using sbtest8_pkey on sbtest8  (cost=0.43..10.54 rows=105 width=4)
	  Index Cond: ((id >= 6529958) AND (id <= 6530058))

explain: for range-covered :: explain SELECT id FROM sbtest%d WHERE id BETWEEN 6529958 AND 6530058
for range-covered
table 1 : explain SELECT id FROM sbtest1 WHERE id BETWEEN 5167088 AND 5167188
	Index Only Scan using sbtest1_pkey on sbtest1  (cost=0.43..6.17 rows=87 width=4)
	  Index Cond: ((id >= 5167088) AND (id <= 5167188))

table 2 : explain SELECT id FROM sbtest2 WHERE id BETWEEN 5167088 AND 5167188
	Index Only Scan using sbtest2_pkey on sbtest2  (cost=0.43..10.46 rows=101 width=4)
	  Index Cond: ((id >= 5167088) AND (id <= 5167188))

table 3 : explain SELECT id FROM sbtest3 WHERE id BETWEEN 5167088 AND 5167188
	Index Only Scan using sbtest3_pkey on sbtest3  (cost=0.43..6.32 rows=94 width=4)
	  Index Cond: ((id >= 5167088) AND (id <= 5167188))

table 4 : explain SELECT id FROM sbtest4 WHERE id BETWEEN 5167088 AND 5167188
	Index Only Scan using sbtest4_pkey on sbtest4  (cost=0.43..6.45 rows=101 width=4)
	  Index Cond: ((id >= 5167088) AND (id <= 5167188))

table 5 : explain SELECT id FROM sbtest5 WHERE id BETWEEN 5167088 AND 5167188
	Index Only Scan using sbtest5_pkey on sbtest5  (cost=0.43..6.85 rows=121 width=4)
	  Index Cond: ((id >= 5167088) AND (id <= 5167188))

table 6 : explain SELECT id FROM sbtest6 WHERE id BETWEEN 5167088 AND 5167188
	Index Only Scan using sbtest6_pkey on sbtest6  (cost=0.43..6.27 rows=92 width=4)
	  Index Cond: ((id >= 5167088) AND (id <= 5167188))

table 7 : explain SELECT id FROM sbtest7 WHERE id BETWEEN 5167088 AND 5167188
	Index Only Scan using sbtest7_pkey on sbtest7  (cost=0.43..6.43 rows=100 width=4)
	  Index Cond: ((id >= 5167088) AND (id <= 5167188))

table 8 : explain SELECT id FROM sbtest8 WHERE id BETWEEN 5167088 AND 5167188
	Index Only Scan using sbtest8_pkey on sbtest8  (cost=0.43..10.58 rows=107 width=4)
	  Index Cond: ((id >= 5167088) AND (id <= 5167188))

explain: for range-covered :: explain SELECT id FROM sbtest%d WHERE id BETWEEN 5167088 AND 5167188
for range-covered
table 1 : explain SELECT id FROM sbtest1 WHERE id BETWEEN 6529958 AND 6530058
	Index Only Scan using sbtest1_pkey on sbtest1  (cost=0.43..6.27 rows=92 width=4)
	  Index Cond: ((id >= 6529958) AND (id <= 6530058))

table 2 : explain SELECT id FROM sbtest2 WHERE id BETWEEN 6529958 AND 6530058
	Index Only Scan using sbtest2_pkey on sbtest2  (cost=0.43..10.58 rows=107 width=4)
	  Index Cond: ((id >= 6529958) AND (id <= 6530058))

table 3 : explain SELECT id FROM sbtest3 WHERE id BETWEEN 6529958 AND 6530058
	Index Only Scan using sbtest3_pkey on sbtest3  (cost=0.43..6.37 rows=97 width=4)
	  Index Cond: ((id >= 6529958) AND (id <= 6530058))

table 4 : explain SELECT id FROM sbtest4 WHERE id BETWEEN 6529958 AND 6530058
	Index Only Scan using sbtest4_pkey on sbtest4  (cost=0.43..6.40 rows=98 width=4)
	  Index Cond: ((id >= 6529958) AND (id <= 6530058))

table 5 : explain SELECT id FROM sbtest5 WHERE id BETWEEN 6529958 AND 6530058
	Index Only Scan using sbtest5_pkey on sbtest5  (cost=0.43..6.35 rows=96 width=4)
	  Index Cond: ((id >= 6529958) AND (id <= 6530058))

table 6 : explain SELECT id FROM sbtest6 WHERE id BETWEEN 6529958 AND 6530058
	Index Only Scan using sbtest6_pkey on sbtest6  (cost=0.43..6.43 rows=100 width=4)
	  Index Cond: ((id >= 6529958) AND (id <= 6530058))

table 7 : explain SELECT id FROM sbtest7 WHERE id BETWEEN 6529958 AND 6530058
	Index Only Scan using sbtest7_pkey on sbtest7  (cost=0.43..6.53 rows=105 width=4)
	  Index Cond: ((id >= 6529958) AND (id <= 6530058))

table 8 : explain SELECT id FROM sbtest8 WHERE id BETWEEN 6529958 AND 6530058
	Index Only Scan using sbtest8_pkey on sbtest8  (cost=0.43..10.54 rows=105 width=4)
	  Index Cond: ((id >= 6529958) AND (id <= 6530058))

for range-covered
table 1 : explain SELECT id FROM sbtest1 WHERE id BETWEEN 8356381 AND 8356481
	Index Only Scan using sbtest1_pkey on sbtest1  (cost=0.43..6.90 rows=123 width=4)
	  Index Cond: ((id >= 8356381) AND (id <= 8356481))

table 2 : explain SELECT id FROM sbtest2 WHERE id BETWEEN 8356381 AND 8356481
	Index Only Scan using sbtest2_pkey on sbtest2  (cost=0.43..10.33 rows=95 width=4)
	  Index Cond: ((id >= 8356381) AND (id <= 8356481))

table 3 : explain SELECT id FROM sbtest3 WHERE id BETWEEN 8356381 AND 8356481
	Index Only Scan using sbtest3_pkey on sbtest3  (cost=0.43..6.35 rows=96 width=4)
	  Index Cond: ((id >= 8356381) AND (id <= 8356481))

table 4 : explain SELECT id FROM sbtest4 WHERE id BETWEEN 8356381 AND 8356481
	Index Only Scan using sbtest4_pkey on sbtest4  (cost=0.43..6.67 rows=112 width=4)
	  Index Cond: ((id >= 8356381) AND (id <= 8356481))

table 5 : explain SELECT id FROM sbtest5 WHERE id BETWEEN 8356381 AND 8356481
	Index Only Scan using sbtest5_pkey on sbtest5  (cost=0.43..6.32 rows=94 width=4)
	  Index Cond: ((id >= 8356381) AND (id <= 8356481))

table 6 : explain SELECT id FROM sbtest6 WHERE id BETWEEN 8356381 AND 8356481
	Index Only Scan using sbtest6_pkey on sbtest6  (cost=0.43..6.51 rows=104 width=4)
	  Index Cond: ((id >= 8356381) AND (id <= 8356481))

table 7 : explain SELECT id FROM sbtest7 WHERE id BETWEEN 8356381 AND 8356481
	Index Only Scan using sbtest7_pkey on sbtest7  (cost=0.43..6.45 rows=101 width=4)
	  Index Cond: ((id >= 8356381) AND (id <= 8356481))

table 8 : explain SELECT id FROM sbtest8 WHERE id BETWEEN 8356381 AND 8356481
	Index Only Scan using sbtest8_pkey on sbtest8  (cost=0.43..10.54 rows=105 width=4)
	  Index Cond: ((id >= 8356381) AND (id <= 8356481))

for range-covered
table 1 : explain SELECT id FROM sbtest1 WHERE id BETWEEN 5167088 AND 5167188
	Index Only Scan using sbtest1_pkey on sbtest1  (cost=0.43..6.17 rows=87 width=4)
	  Index Cond: ((id >= 5167088) AND (id <= 5167188))

table 2 : explain SELECT id FROM sbtest2 WHERE id BETWEEN 5167088 AND 5167188
	Index Only Scan using sbtest2_pkey on sbtest2  (cost=0.43..10.46 rows=101 width=4)
	  Index Cond: ((id >= 5167088) AND (id <= 5167188))

table 3 : explain SELECT id FROM sbtest3 WHERE id BETWEEN 5167088 AND 5167188
	Index Only Scan using sbtest3_pkey on sbtest3  (cost=0.43..6.32 rows=94 width=4)
	  Index Cond: ((id >= 5167088) AND (id <= 5167188))

table 4 : explain SELECT id FROM sbtest4 WHERE id BETWEEN 5167088 AND 5167188
	Index Only Scan using sbtest4_pkey on sbtest4  (cost=0.43..6.45 rows=101 width=4)
	  Index Cond: ((id >= 5167088) AND (id <= 5167188))

table 5 : explain SELECT id FROM sbtest5 WHERE id BETWEEN 5167088 AND 5167188
	Index Only Scan using sbtest5_pkey on sbtest5  (cost=0.43..6.85 rows=121 width=4)
	  Index Cond: ((id >= 5167088) AND (id <= 5167188))

table 6 : explain SELECT id FROM sbtest6 WHERE id BETWEEN 5167088 AND 5167188
	Index Only Scan using sbtest6_pkey on sbtest6  (cost=0.43..6.27 rows=92 width=4)
	  Index Cond: ((id >= 5167088) AND (id <= 5167188))

table 7 : explain SELECT id FROM sbtest7 WHERE id BETWEEN 5167088 AND 5167188
	Index Only Scan using sbtest7_pkey on sbtest7  (cost=0.43..6.43 rows=100 width=4)
	  Index Cond: ((id >= 5167088) AND (id <= 5167188))

table 8 : explain SELECT id FROM sbtest8 WHERE id BETWEEN 5167088 AND 5167188
	Index Only Scan using sbtest8_pkey on sbtest8  (cost=0.43..10.58 rows=107 width=4)
	  Index Cond: ((id >= 5167088) AND (id <= 5167188))

explain: for range-covered :: explain SELECT id FROM sbtest%d WHERE id BETWEEN 5167088 AND 5167188
for range-covered
table 1 : explain SELECT id FROM sbtest1 WHERE id BETWEEN 5031323 AND 5031423
	Index Only Scan using sbtest1_pkey on sbtest1  (cost=0.43..6.51 rows=104 width=4)
	  Index Cond: ((id >= 5031323) AND (id <= 5031423))

table 2 : explain SELECT id FROM sbtest2 WHERE id BETWEEN 5031323 AND 5031423
	Index Only Scan using sbtest2_pkey on sbtest2  (cost=0.43..10.46 rows=101 width=4)
	  Index Cond: ((id >= 5031323) AND (id <= 5031423))

table 3 : explain SELECT id FROM sbtest3 WHERE id BETWEEN 5031323 AND 5031423
	Index Only Scan using sbtest3_pkey on sbtest3  (cost=0.43..6.45 rows=101 width=4)
	  Index Cond: ((id >= 5031323) AND (id <= 5031423))

table 4 : explain SELECT id FROM sbtest4 WHERE id BETWEEN 5031323 AND 5031423
	Index Only Scan using sbtest4_pkey on sbtest4  (cost=0.43..6.42 rows=99 width=4)
	  Index Cond: ((id >= 5031323) AND (id <= 5031423))

table 5 : explain SELECT id FROM sbtest5 WHERE id BETWEEN 5031323 AND 5031423
	Index Only Scan using sbtest5_pkey on sbtest5  (cost=0.43..6.33 rows=95 width=4)
	  Index Cond: ((id >= 5031323) AND (id <= 5031423))

table 6 : explain SELECT id FROM sbtest6 WHERE id BETWEEN 5031323 AND 5031423
	Index Only Scan using sbtest6_pkey on sbtest6  (cost=0.43..6.35 rows=96 width=4)
	  Index Cond: ((id >= 5031323) AND (id <= 5031423))

table 7 : explain SELECT id FROM sbtest7 WHERE id BETWEEN 5031323 AND 5031423
	Index Only Scan using sbtest7_pkey on sbtest7  (cost=0.43..6.43 rows=100 width=4)
	  Index Cond: ((id >= 5031323) AND (id <= 5031423))

table 8 : explain SELECT id FROM sbtest8 WHERE id BETWEEN 5031323 AND 5031423
	Index Only Scan using sbtest8_pkey on sbtest8  (cost=0.43..10.44 rows=100 width=4)
	  Index Cond: ((id >= 5031323) AND (id <= 5031423))

for range-covered
table 1 : explain SELECT id FROM sbtest1 WHERE id BETWEEN 9157724 AND 9157824
	Index Only Scan using sbtest1_pkey on sbtest1  (cost=0.43..6.37 rows=97 width=4)
	  Index Cond: ((id >= 9157724) AND (id <= 9157824))

table 2 : explain SELECT id FROM sbtest2 WHERE id BETWEEN 9157724 AND 9157824
	Index Only Scan using sbtest2_pkey on sbtest2  (cost=0.43..10.38 rows=97 width=4)
	  Index Cond: ((id >= 9157724) AND (id <= 9157824))

table 3 : explain SELECT id FROM sbtest3 WHERE id BETWEEN 9157724 AND 9157824
	Index Only Scan using sbtest3_pkey on sbtest3  (cost=0.43..6.59 rows=108 width=4)
	  Index Cond: ((id >= 9157724) AND (id <= 9157824))

table 4 : explain SELECT id FROM sbtest4 WHERE id BETWEEN 9157724 AND 9157824
	Index Only Scan using sbtest4_pkey on sbtest4  (cost=0.43..6.58 rows=107 width=4)
	  Index Cond: ((id >= 9157724) AND (id <= 9157824))

table 5 : explain SELECT id FROM sbtest5 WHERE id BETWEEN 9157724 AND 9157824
	Index Only Scan using sbtest5_pkey on sbtest5  (cost=0.43..6.45 rows=101 width=4)
	  Index Cond: ((id >= 9157724) AND (id <= 9157824))

table 6 : explain SELECT id FROM sbtest6 WHERE id BETWEEN 9157724 AND 9157824
	Index Only Scan using sbtest6_pkey on sbtest6  (cost=0.43..6.61 rows=109 width=4)
	  Index Cond: ((id >= 9157724) AND (id <= 9157824))

table 7 : explain SELECT id FROM sbtest7 WHERE id BETWEEN 9157724 AND 9157824
	Index Only Scan using sbtest7_pkey on sbtest7  (cost=0.43..6.58 rows=107 width=4)
	  Index Cond: ((id >= 9157724) AND (id <= 9157824))

table 8 : explain SELECT id FROM sbtest8 WHERE id BETWEEN 9157724 AND 9157824
	Index Only Scan using sbtest8_pkey on sbtest8  (cost=0.43..10.46 rows=101 width=4)
	  Index Cond: ((id >= 9157724) AND (id <= 9157824))

for range-covered
table 1 : explain SELECT id FROM sbtest1 WHERE id BETWEEN 7002795 AND 7002895
	Index Only Scan using sbtest1_pkey on sbtest1  (cost=0.43..6.72 rows=114 width=4)
	  Index Cond: ((id >= 7002795) AND (id <= 7002895))

table 2 : explain SELECT id FROM sbtest2 WHERE id BETWEEN 7002795 AND 7002895
	Index Only Scan using sbtest2_pkey on sbtest2  (cost=0.43..10.13 rows=85 width=4)
	  Index Cond: ((id >= 7002795) AND (id <= 7002895))

table 3 : explain SELECT id FROM sbtest3 WHERE id BETWEEN 7002795 AND 7002895
	Index Only Scan using sbtest3_pkey on sbtest3  (cost=0.43..6.24 rows=90 width=4)
	  Index Cond: ((id >= 7002795) AND (id <= 7002895))

table 4 : explain SELECT id FROM sbtest4 WHERE id BETWEEN 7002795 AND 7002895
	Index Only Scan using sbtest4_pkey on sbtest4  (cost=0.43..6.51 rows=104 width=4)
	  Index Cond: ((id >= 7002795) AND (id <= 7002895))

table 5 : explain SELECT id FROM sbtest5 WHERE id BETWEEN 7002795 AND 7002895
	Index Only Scan using sbtest5_pkey on sbtest5  (cost=0.43..6.51 rows=104 width=4)
	  Index Cond: ((id >= 7002795) AND (id <= 7002895))

table 6 : explain SELECT id FROM sbtest6 WHERE id BETWEEN 7002795 AND 7002895
	Index Only Scan using sbtest6_pkey on sbtest6  (cost=0.43..6.47 rows=102 width=4)
	  Index Cond: ((id >= 7002795) AND (id <= 7002895))

table 7 : explain SELECT id FROM sbtest7 WHERE id BETWEEN 7002795 AND 7002895
	Index Only Scan using sbtest7_pkey on sbtest7  (cost=0.43..6.35 rows=96 width=4)
	  Index Cond: ((id >= 7002795) AND (id <= 7002895))

table 8 : explain SELECT id FROM sbtest8 WHERE id BETWEEN 7002795 AND 7002895
	Index Only Scan using sbtest8_pkey on sbtest8  (cost=0.43..10.70 rows=113 width=4)
	  Index Cond: ((id >= 7002795) AND (id <= 7002895))

explain: for range-covered :: explain SELECT id FROM sbtest%d WHERE id BETWEEN 5454444 AND 5454544
explain: for range-covered :: explain SELECT id FROM sbtest%d WHERE id BETWEEN 4545449 AND 4545549
for range-covered
table 1 : explain SELECT id FROM sbtest1 WHERE id BETWEEN 5167088 AND 5167188
	Index Only Scan using sbtest1_pkey on sbtest1  (cost=0.43..6.17 rows=87 width=4)
	  Index Cond: ((id >= 5167088) AND (id <= 5167188))

table 2 : explain SELECT id FROM sbtest2 WHERE id BETWEEN 5167088 AND 5167188
	Index Only Scan using sbtest2_pkey on sbtest2  (cost=0.43..10.46 rows=101 width=4)
	  Index Cond: ((id >= 5167088) AND (id <= 5167188))

table 3 : explain SELECT id FROM sbtest3 WHERE id BETWEEN 5167088 AND 5167188
	Index Only Scan using sbtest3_pkey on sbtest3  (cost=0.43..6.32 rows=94 width=4)
	  Index Cond: ((id >= 5167088) AND (id <= 5167188))

table 4 : explain SELECT id FROM sbtest4 WHERE id BETWEEN 5167088 AND 5167188
	Index Only Scan using sbtest4_pkey on sbtest4  (cost=0.43..6.45 rows=101 width=4)
	  Index Cond: ((id >= 5167088) AND (id <= 5167188))

table 5 : explain SELECT id FROM sbtest5 WHERE id BETWEEN 5167088 AND 5167188
	Index Only Scan using sbtest5_pkey on sbtest5  (cost=0.43..6.85 rows=121 width=4)
	  Index Cond: ((id >= 5167088) AND (id <= 5167188))

table 6 : explain SELECT id FROM sbtest6 WHERE id BETWEEN 5167088 AND 5167188
	Index Only Scan using sbtest6_pkey on sbtest6  (cost=0.43..6.27 rows=92 width=4)
	  Index Cond: ((id >= 5167088) AND (id <= 5167188))

table 7 : explain SELECT id FROM sbtest7 WHERE id BETWEEN 5167088 AND 5167188
	Index Only Scan using sbtest7_pkey on sbtest7  (cost=0.43..6.43 rows=100 width=4)
	  Index Cond: ((id >= 5167088) AND (id <= 5167188))

table 8 : explain SELECT id FROM sbtest8 WHERE id BETWEEN 5167088 AND 5167188
	Index Only Scan using sbtest8_pkey on sbtest8  (cost=0.43..10.58 rows=107 width=4)
	  Index Cond: ((id >= 5167088) AND (id <= 5167188))

explain: for range-covered :: explain SELECT id FROM sbtest%d WHERE id BETWEEN 5337567 AND 5337667
for range-covered
table 1 : explain SELECT id FROM sbtest1 WHERE id BETWEEN 4545449 AND 4545549
	Index Only Scan using sbtest1_pkey on sbtest1  (cost=0.43..6.29 rows=93 width=4)
	  Index Cond: ((id >= 4545449) AND (id <= 4545549))

table 2 : explain SELECT id FROM sbtest2 WHERE id BETWEEN 4545449 AND 4545549
	Index Only Scan using sbtest2_pkey on sbtest2  (cost=0.43..10.44 rows=100 width=4)
	  Index Cond: ((id >= 4545449) AND (id <= 4545549))

table 3 : explain SELECT id FROM sbtest3 WHERE id BETWEEN 4545449 AND 4545549
	Index Only Scan using sbtest3_pkey on sbtest3  (cost=0.43..6.29 rows=93 width=4)
	  Index Cond: ((id >= 4545449) AND (id <= 4545549))

table 4 : explain SELECT id FROM sbtest4 WHERE id BETWEEN 4545449 AND 4545549
	Index Only Scan using sbtest4_pkey on sbtest4  (cost=0.43..6.51 rows=104 width=4)
	  Index Cond: ((id >= 4545449) AND (id <= 4545549))

table 5 : explain SELECT id FROM sbtest5 WHERE id BETWEEN 4545449 AND 4545549
	Index Only Scan using sbtest5_pkey on sbtest5  (cost=0.43..6.47 rows=102 width=4)
	  Index Cond: ((id >= 4545449) AND (id <= 4545549))

table 6 : explain SELECT id FROM sbtest6 WHERE id BETWEEN 4545449 AND 4545549
	Index Only Scan using sbtest6_pkey on sbtest6  (cost=0.43..6.42 rows=99 width=4)
	  Index Cond: ((id >= 4545449) AND (id <= 4545549))

table 7 : explain SELECT id FROM sbtest7 WHERE id BETWEEN 4545449 AND 4545549
	Index Only Scan using sbtest7_pkey on sbtest7  (cost=0.43..6.43 rows=100 width=4)
	  Index Cond: ((id >= 4545449) AND (id <= 4545549))

table 8 : explain SELECT id FROM sbtest8 WHERE id BETWEEN 4545449 AND 4545549
	Index Only Scan using sbtest8_pkey on sbtest8  (cost=0.43..10.51 rows=104 width=4)
	  Index Cond: ((id >= 4545449) AND (id <= 4545549))

for range-covered
table 1 : explain SELECT id FROM sbtest1 WHERE id BETWEEN 5454444 AND 5454544
	Index Only Scan using sbtest1_pkey on sbtest1  (cost=0.43..6.43 rows=100 width=4)
	  Index Cond: ((id >= 5454444) AND (id <= 5454544))

table 2 : explain SELECT id FROM sbtest2 WHERE id BETWEEN 5454444 AND 5454544
	Index Only Scan using sbtest2_pkey on sbtest2  (cost=0.43..10.33 rows=95 width=4)
	  Index Cond: ((id >= 5454444) AND (id <= 5454544))

table 3 : explain SELECT id FROM sbtest3 WHERE id BETWEEN 5454444 AND 5454544
	Index Only Scan using sbtest3_pkey on sbtest3  (cost=0.43..6.58 rows=107 width=4)
	  Index Cond: ((id >= 5454444) AND (id <= 5454544))

table 4 : explain SELECT id FROM sbtest4 WHERE id BETWEEN 5454444 AND 5454544
	Index Only Scan using sbtest4_pkey on sbtest4  (cost=0.43..6.47 rows=102 width=4)
	  Index Cond: ((id >= 5454444) AND (id <= 5454544))

table 5 : explain SELECT id FROM sbtest5 WHERE id BETWEEN 5454444 AND 5454544
	Index Only Scan using sbtest5_pkey on sbtest5  (cost=0.43..6.37 rows=97 width=4)
	  Index Cond: ((id >= 5454444) AND (id <= 5454544))

table 6 : explain SELECT id FROM sbtest6 WHERE id BETWEEN 5454444 AND 5454544
	Index Only Scan using sbtest6_pkey on sbtest6  (cost=0.43..6.32 rows=94 width=4)
	  Index Cond: ((id >= 5454444) AND (id <= 5454544))

table 7 : explain SELECT id FROM sbtest7 WHERE id BETWEEN 5454444 AND 5454544
	Index Only Scan using sbtest7_pkey on sbtest7  (cost=0.43..6.58 rows=107 width=4)
	  Index Cond: ((id >= 5454444) AND (id <= 5454544))

table 8 : explain SELECT id FROM sbtest8 WHERE id BETWEEN 5454444 AND 5454544
	Index Only Scan using sbtest8_pkey on sbtest8  (cost=0.43..10.47 rows=102 width=4)
	  Index Cond: ((id >= 5454444) AND (id <= 5454544))

explain: for range-covered :: explain SELECT id FROM sbtest%d WHERE id BETWEEN 4545449 AND 4545549
explain: for range-covered :: explain SELECT id FROM sbtest%d WHERE id BETWEEN 5454444 AND 5454544
for range-covered
table 1 : explain SELECT id FROM sbtest1 WHERE id BETWEEN 5454444 AND 5454544
	Index Only Scan using sbtest1_pkey on sbtest1  (cost=0.43..6.43 rows=100 width=4)
	  Index Cond: ((id >= 5454444) AND (id <= 5454544))

table 2 : explain SELECT id FROM sbtest2 WHERE id BETWEEN 5454444 AND 5454544
	Index Only Scan using sbtest2_pkey on sbtest2  (cost=0.43..10.33 rows=95 width=4)
	  Index Cond: ((id >= 5454444) AND (id <= 5454544))

table 3 : explain SELECT id FROM sbtest3 WHERE id BETWEEN 5454444 AND 5454544
	Index Only Scan using sbtest3_pkey on sbtest3  (cost=0.43..6.58 rows=107 width=4)
	  Index Cond: ((id >= 5454444) AND (id <= 5454544))

table 4 : explain SELECT id FROM sbtest4 WHERE id BETWEEN 5454444 AND 5454544
	Index Only Scan using sbtest4_pkey on sbtest4  (cost=0.43..6.47 rows=102 width=4)
	  Index Cond: ((id >= 5454444) AND (id <= 5454544))

table 5 : explain SELECT id FROM sbtest5 WHERE id BETWEEN 5454444 AND 5454544
	Index Only Scan using sbtest5_pkey on sbtest5  (cost=0.43..6.37 rows=97 width=4)
	  Index Cond: ((id >= 5454444) AND (id <= 5454544))

table 6 : explain SELECT id FROM sbtest6 WHERE id BETWEEN 5454444 AND 5454544
	Index Only Scan using sbtest6_pkey on sbtest6  (cost=0.43..6.32 rows=94 width=4)
	  Index Cond: ((id >= 5454444) AND (id <= 5454544))

table 7 : explain SELECT id FROM sbtest7 WHERE id BETWEEN 5454444 AND 5454544
	Index Only Scan using sbtest7_pkey on sbtest7  (cost=0.43..6.58 rows=107 width=4)
	  Index Cond: ((id >= 5454444) AND (id <= 5454544))

table 8 : explain SELECT id FROM sbtest8 WHERE id BETWEEN 5454444 AND 5454544
	Index Only Scan using sbtest8_pkey on sbtest8  (cost=0.43..10.47 rows=102 width=4)
	  Index Cond: ((id >= 5454444) AND (id <= 5454544))

explain: for range-covered :: explain SELECT id FROM sbtest%d WHERE id BETWEEN 5454444 AND 5454544for range-covered
table 1 : explain SELECT id FROM sbtest1 WHERE id BETWEEN 4545449 AND 4545549
	Index Only Scan using sbtest1_pkey on sbtest1  (cost=0.43..6.29 rows=93 width=4)
	  Index Cond: ((id >= 4545449) AND (id <= 4545549))

table 2 : explain SELECT id FROM sbtest2 WHERE id BETWEEN 4545449 AND 4545549
	Index Only Scan using sbtest2_pkey on sbtest2  (cost=0.43..10.44 rows=100 width=4)
	  Index Cond: ((id >= 4545449) AND (id <= 4545549))

table 3 : explain SELECT id FROM sbtest3 WHERE id BETWEEN 4545449 AND 4545549
	Index Only Scan using sbtest3_pkey on sbtest3  (cost=0.43..6.29 rows=93 width=4)
	  Index Cond: ((id >= 4545449) AND (id <= 4545549))

table 4 : explain SELECT id FROM sbtest4 WHERE id BETWEEN 4545449 AND 4545549
	Index Only Scan using sbtest4_pkey on sbtest4  (cost=0.43..6.51 rows=104 width=4)
	  Index Cond: ((id >= 4545449) AND (id <= 4545549))

table 5 : explain SELECT id FROM sbtest5 WHERE id BETWEEN 4545449 AND 4545549
	Index Only Scan using sbtest5_pkey on sbtest5  (cost=0.43..6.47 rows=102 width=4)
	  Index Cond: ((id >= 4545449) AND (id <= 4545549))

table 6 : explain SELECT id FROM sbtest6 WHERE id BETWEEN 4545449 AND 4545549
	Index Only Scan using sbtest6_pkey on sbtest6  (cost=0.43..6.42 rows=99 width=4)
	  Index Cond: ((id >= 4545449) AND (id <= 4545549))

table 7 : explain SELECT id FROM sbtest7 WHERE id BETWEEN 4545449 AND 4545549
	Index Only Scan using sbtest7_pkey on sbtest7  (cost=0.43..6.43 rows=100 width=4)
	  Index Cond: ((id >= 4545449) AND (id <= 4545549))

table 8 : explain SELECT id FROM sbtest8 WHERE id BETWEEN 4545449 AND 4545549
	Index Only Scan using sbtest8_pkey on sbtest8  (cost=0.43..10.51 rows=104 width=4)
	  Index Cond: ((id >= 4545449) AND (id <= 4545549))


explain: for range-covered :: explain SELECT id FROM sbtest%d WHERE id BETWEEN 4545449 AND 4545549
for range-covered
table 1 : explain SELECT id FROM sbtest1 WHERE id BETWEEN 5454444 AND 5454544
	Index Only Scan using sbtest1_pkey on sbtest1  (cost=0.43..6.43 rows=100 width=4)
	  Index Cond: ((id >= 5454444) AND (id <= 5454544))

table 2 : explain SELECT id FROM sbtest2 WHERE id BETWEEN 5454444 AND 5454544
	Index Only Scan using sbtest2_pkey on sbtest2  (cost=0.43..10.33 rows=95 width=4)
	  Index Cond: ((id >= 5454444) AND (id <= 5454544))

table 3 : explain SELECT id FROM sbtest3 WHERE id BETWEEN 5454444 AND 5454544
	Index Only Scan using sbtest3_pkey on sbtest3  (cost=0.43..6.58 rows=107 width=4)
	  Index Cond: ((id >= 5454444) AND (id <= 5454544))

table 4 : explain SELECT id FROM sbtest4 WHERE id BETWEEN 5454444 AND 5454544
	Index Only Scan using sbtest4_pkey on sbtest4  (cost=0.43..6.47 rows=102 width=4)
	  Index Cond: ((id >= 5454444) AND (id <= 5454544))

table 5 : explain SELECT id FROM sbtest5 WHERE id BETWEEN 5454444 AND 5454544
	Index Only Scan using sbtest5_pkey on sbtest5  (cost=0.43..6.37 rows=97 width=4)
	  Index Cond: ((id >= 5454444) AND (id <= 5454544))

table 6 : explain SELECT id FROM sbtest6 WHERE id BETWEEN 5454444 AND 5454544
	Index Only Scan using sbtest6_pkey on sbtest6  (cost=0.43..6.32 rows=94 width=4)
	  Index Cond: ((id >= 5454444) AND (id <= 5454544))

table 7 : explain SELECT id FROM sbtest7 WHERE id BETWEEN 5454444 AND 5454544
	Index Only Scan using sbtest7_pkey on sbtest7  (cost=0.43..6.58 rows=107 width=4)
	  Index Cond: ((id >= 5454444) AND (id <= 5454544))

table 8 : explain SELECT id FROM sbtest8 WHERE id BETWEEN 5454444 AND 5454544
	Index Only Scan using sbtest8_pkey on sbtest8  (cost=0.43..10.47 rows=102 width=4)
	  Index Cond: ((id >= 5454444) AND (id <= 5454544))

for range-covered
table 1 : explain SELECT id FROM sbtest1 WHERE id BETWEEN 4545449 AND 4545549
	Index Only Scan using sbtest1_pkey on sbtest1  (cost=0.43..6.29 rows=93 width=4)
	  Index Cond: ((id >= 4545449) AND (id <= 4545549))

table 2 : explain SELECT id FROM sbtest2 WHERE id BETWEEN 4545449 AND 4545549
	Index Only Scan using sbtest2_pkey on sbtest2  (cost=0.43..10.44 rows=100 width=4)
	  Index Cond: ((id >= 4545449) AND (id <= 4545549))

table 3 : explain SELECT id FROM sbtest3 WHERE id BETWEEN 4545449 AND 4545549
	Index Only Scan using sbtest3_pkey on sbtest3  (cost=0.43..6.29 rows=93 width=4)
	  Index Cond: ((id >= 4545449) AND (id <= 4545549))

table 4 : explain SELECT id FROM sbtest4 WHERE id BETWEEN 4545449 AND 4545549
	Index Only Scan using sbtest4_pkey on sbtest4  (cost=0.43..6.51 rows=104 width=4)
	  Index Cond: ((id >= 4545449) AND (id <= 4545549))

table 5 : explain SELECT id FROM sbtest5 WHERE id BETWEEN 4545449 AND 4545549
	Index Only Scan using sbtest5_pkey on sbtest5  (cost=0.43..6.47 rows=102 width=4)
	  Index Cond: ((id >= 4545449) AND (id <= 4545549))

table 6 : explain SELECT id FROM sbtest6 WHERE id BETWEEN 4545449 AND 4545549
	Index Only Scan using sbtest6_pkey on sbtest6  (cost=0.43..6.42 rows=99 width=4)
	  Index Cond: ((id >= 4545449) AND (id <= 4545549))

table 7 : explain SELECT id FROM sbtest7 WHERE id BETWEEN 4545449 AND 4545549
	Index Only Scan using sbtest7_pkey on sbtest7  (cost=0.43..6.43 rows=100 width=4)
	  Index Cond: ((id >= 4545449) AND (id <= 4545549))

table 8 : explain SELECT id FROM sbtest8 WHERE id BETWEEN 4545449 AND 4545549
	Index Only Scan using sbtest8_pkey on sbtest8  (cost=0.43..10.51 rows=104 width=4)
	  Index Cond: ((id >= 4545449) AND (id <= 4545549))

explain: for range-covered :: explain SELECT id FROM sbtest%d WHERE id BETWEEN 5454444 AND 5454544
explain: for range-covered :: explain SELECT id FROM sbtest%d WHERE id BETWEEN 4545449 AND 4545549
for range-covered
table 1 : explain SELECT id FROM sbtest1 WHERE id BETWEEN 5454444 AND 5454544
	Index Only Scan using sbtest1_pkey on sbtest1  (cost=0.43..6.43 rows=100 width=4)
	  Index Cond: ((id >= 5454444) AND (id <= 5454544))

table 2 : explain SELECT id FROM sbtest2 WHERE id BETWEEN 5454444 AND 5454544
	Index Only Scan using sbtest2_pkey on sbtest2  (cost=0.43..10.33 rows=95 width=4)
	  Index Cond: ((id >= 5454444) AND (id <= 5454544))

table 3 : explain SELECT id FROM sbtest3 WHERE id BETWEEN 5454444 AND 5454544
	Index Only Scan using sbtest3_pkey on sbtest3  (cost=0.43..6.58 rows=107 width=4)
	  Index Cond: ((id >= 5454444) AND (id <= 5454544))

table 4 : explain SELECT id FROM sbtest4 WHERE id BETWEEN 5454444 AND 5454544
	Index Only Scan using sbtest4_pkey on sbtest4  (cost=0.43..6.47 rows=102 width=4)
	  Index Cond: ((id >= 5454444) AND (id <= 5454544))

table 5 : explain SELECT id FROM sbtest5 WHERE id BETWEEN 5454444 AND 5454544
	Index Only Scan using sbtest5_pkey on sbtest5  (cost=0.43..6.37 rows=97 width=4)
	  Index Cond: ((id >= 5454444) AND (id <= 5454544))

table 6 : explain SELECT id FROM sbtest6 WHERE id BETWEEN 5454444 AND 5454544
	Index Only Scan using sbtest6_pkey on sbtest6  (cost=0.43..6.32 rows=94 width=4)
	  Index Cond: ((id >= 5454444) AND (id <= 5454544))

table 7 : explain SELECT id FROM sbtest7 WHERE id BETWEEN 5454444 AND 5454544
	Index Only Scan using sbtest7_pkey on sbtest7  (cost=0.43..6.58 rows=107 width=4)
	  Index Cond: ((id >= 5454444) AND (id <= 5454544))

table 8 : explain SELECT id FROM sbtest8 WHERE id BETWEEN 5454444 AND 5454544
	Index Only Scan using sbtest8_pkey on sbtest8  (cost=0.43..10.47 rows=102 width=4)
	  Index Cond: ((id >= 5454444) AND (id <= 5454544))

explain: for range-covered :: explain SELECT id FROM sbtest%d WHERE id BETWEEN 5454444 AND 5454544
for range-covered
table 1 : explain SELECT id FROM sbtest1 WHERE id BETWEEN 5454444 AND 5454544
	Index Only Scan using sbtest1_pkey on sbtest1  (cost=0.43..6.43 rows=100 width=4)
	  Index Cond: ((id >= 5454444) AND (id <= 5454544))

table 2 : explain SELECT id FROM sbtest2 WHERE id BETWEEN 5454444 AND 5454544
	Index Only Scan using sbtest2_pkey on sbtest2  (cost=0.43..10.33 rows=95 width=4)
	  Index Cond: ((id >= 5454444) AND (id <= 5454544))

table 3 : explain SELECT id FROM sbtest3 WHERE id BETWEEN 5454444 AND 5454544
	Index Only Scan using sbtest3_pkey on sbtest3  (cost=0.43..6.58 rows=107 width=4)
	  Index Cond: ((id >= 5454444) AND (id <= 5454544))

table 4 : explain SELECT id FROM sbtest4 WHERE id BETWEEN 5454444 AND 5454544
	Index Only Scan using sbtest4_pkey on sbtest4  (cost=0.43..6.47 rows=102 width=4)
	  Index Cond: ((id >= 5454444) AND (id <= 5454544))

table 5 : explain SELECT id FROM sbtest5 WHERE id BETWEEN 5454444 AND 5454544
	Index Only Scan using sbtest5_pkey on sbtest5  (cost=0.43..6.37 rows=97 width=4)
	  Index Cond: ((id >= 5454444) AND (id <= 5454544))

table 6 : explain SELECT id FROM sbtest6 WHERE id BETWEEN 5454444 AND 5454544
	Index Only Scan using sbtest6_pkey on sbtest6  (cost=0.43..6.32 rows=94 width=4)
	  Index Cond: ((id >= 5454444) AND (id <= 5454544))

table 7 : explain SELECT id FROM sbtest7 WHERE id BETWEEN 5454444 AND 5454544
	Index Only Scan using sbtest7_pkey on sbtest7  (cost=0.43..6.58 rows=107 width=4)
	  Index Cond: ((id >= 5454444) AND (id <= 5454544))

table 8 : explain SELECT id FROM sbtest8 WHERE id BETWEEN 5454444 AND 5454544
	Index Only Scan using sbtest8_pkey on sbtest8  (cost=0.43..10.47 rows=102 width=4)
	  Index Cond: ((id >= 5454444) AND (id <= 5454544))

explain: for range-covered :: explain SELECT id FROM sbtest%d WHERE id BETWEEN 5454444 AND 5454544
for range-covered
table 1 : explain SELECT id FROM sbtest1 WHERE id BETWEEN 5454444 AND 5454544
	Index Only Scan using sbtest1_pkey on sbtest1  (cost=0.43..6.43 rows=100 width=4)
	  Index Cond: ((id >= 5454444) AND (id <= 5454544))

table 2 : explain SELECT id FROM sbtest2 WHERE id BETWEEN 5454444 AND 5454544
	Index Only Scan using sbtest2_pkey on sbtest2  (cost=0.43..10.33 rows=95 width=4)
	  Index Cond: ((id >= 5454444) AND (id <= 5454544))

table 3 : explain SELECT id FROM sbtest3 WHERE id BETWEEN 5454444 AND 5454544
	Index Only Scan using sbtest3_pkey on sbtest3  (cost=0.43..6.58 rows=107 width=4)
	  Index Cond: ((id >= 5454444) AND (id <= 5454544))

table 4 : explain SELECT id FROM sbtest4 WHERE id BETWEEN 5454444 AND 5454544
	Index Only Scan using sbtest4_pkey on sbtest4  (cost=0.43..6.47 rows=102 width=4)
	  Index Cond: ((id >= 5454444) AND (id <= 5454544))

table 5 : explain SELECT id FROM sbtest5 WHERE id BETWEEN 5454444 AND 5454544
	Index Only Scan using sbtest5_pkey on sbtest5  (cost=0.43..6.37 rows=97 width=4)
	  Index Cond: ((id >= 5454444) AND (id <= 5454544))

table 6 : explain SELECT id FROM sbtest6 WHERE id BETWEEN 5454444 AND 5454544
	Index Only Scan using sbtest6_pkey on sbtest6  (cost=0.43..6.32 rows=94 width=4)
	  Index Cond: ((id >= 5454444) AND (id <= 5454544))

table 7 : explain SELECT id FROM sbtest7 WHERE id BETWEEN 5454444 AND 5454544
	Index Only Scan using sbtest7_pkey on sbtest7  (cost=0.43..6.58 rows=107 width=4)
	  Index Cond: ((id >= 5454444) AND (id <= 5454544))

table 8 : explain SELECT id FROM sbtest8 WHERE id BETWEEN 5454444 AND 5454544
	Index Only Scan using sbtest8_pkey on sbtest8  (cost=0.43..10.47 rows=102 width=4)
	  Index Cond: ((id >= 5454444) AND (id <= 5454544))

explain: for range-covered :: explain SELECT id FROM sbtest%d WHERE id BETWEEN 5454444 AND 5454544
explain: for range-covered :: explain SELECT id FROM sbtest%d WHERE id BETWEEN 3974449 AND 3974549
for range-covered
table 1 : explain SELECT id FROM sbtest1 WHERE id BETWEEN 4545449 AND 4545549
	Index Only Scan using sbtest1_pkey on sbtest1  (cost=0.43..6.29 rows=93 width=4)
	  Index Cond: ((id >= 4545449) AND (id <= 4545549))

table 2 : explain SELECT id FROM sbtest2 WHERE id BETWEEN 4545449 AND 4545549
	Index Only Scan using sbtest2_pkey on sbtest2  (cost=0.43..10.44 rows=100 width=4)
	  Index Cond: ((id >= 4545449) AND (id <= 4545549))

table 3 : explain SELECT id FROM sbtest3 WHERE id BETWEEN 4545449 AND 4545549
	Index Only Scan using sbtest3_pkey on sbtest3  (cost=0.43..6.29 rows=93 width=4)
	  Index Cond: ((id >= 4545449) AND (id <= 4545549))

table 4 : explain SELECT id FROM sbtest4 WHERE id BETWEEN 4545449 AND 4545549
	Index Only Scan using sbtest4_pkey on sbtest4  (cost=0.43..6.51 rows=104 width=4)
	  Index Cond: ((id >= 4545449) AND (id <= 4545549))

table 5 : explain SELECT id FROM sbtest5 WHERE id BETWEEN 4545449 AND 4545549
	Index Only Scan using sbtest5_pkey on sbtest5  (cost=0.43..6.47 rows=102 width=4)
	  Index Cond: ((id >= 4545449) AND (id <= 4545549))

table 6 : explain SELECT id FROM sbtest6 WHERE id BETWEEN 4545449 AND 4545549
	Index Only Scan using sbtest6_pkey on sbtest6  (cost=0.43..6.42 rows=99 width=4)
	  Index Cond: ((id >= 4545449) AND (id <= 4545549))

table 7 : explain SELECT id FROM sbtest7 WHERE id BETWEEN 4545449 AND 4545549
	Index Only Scan using sbtest7_pkey on sbtest7  (cost=0.43..6.43 rows=100 width=4)
	  Index Cond: ((id >= 4545449) AND (id <= 4545549))

table 8 : explain SELECT id FROM sbtest8 WHERE id BETWEEN 4545449 AND 4545549
	Index Only Scan using sbtest8_pkey on sbtest8  (cost=0.43..10.51 rows=104 width=4)
	  Index Cond: ((id >= 4545449) AND (id <= 4545549))

explain: for range-covered :: explain SELECT id FROM sbtest%d WHERE id BETWEEN 4545449 AND 4545549
for range-covered
table 1 : explain SELECT id FROM sbtest1 WHERE id BETWEEN 5454444 AND 5454544
	Index Only Scan using sbtest1_pkey on sbtest1  (cost=0.43..6.43 rows=100 width=4)
	  Index Cond: ((id >= 5454444) AND (id <= 5454544))

table 2 : explain SELECT id FROM sbtest2 WHERE id BETWEEN 5454444 AND 5454544
	Index Only Scan using sbtest2_pkey on sbtest2  (cost=0.43..10.33 rows=95 width=4)
	  Index Cond: ((id >= 5454444) AND (id <= 5454544))

table 3 : explain SELECT id FROM sbtest3 WHERE id BETWEEN 5454444 AND 5454544
	Index Only Scan using sbtest3_pkey on sbtest3  (cost=0.43..6.58 rows=107 width=4)
	  Index Cond: ((id >= 5454444) AND (id <= 5454544))

table 4 : explain SELECT id FROM sbtest4 WHERE id BETWEEN 5454444 AND 5454544
	Index Only Scan using sbtest4_pkey on sbtest4  (cost=0.43..6.47 rows=102 width=4)
	  Index Cond: ((id >= 5454444) AND (id <= 5454544))

table 5 : explain SELECT id FROM sbtest5 WHERE id BETWEEN 5454444 AND 5454544
	Index Only Scan using sbtest5_pkey on sbtest5  (cost=0.43..6.37 rows=97 width=4)
	  Index Cond: ((id >= 5454444) AND (id <= 5454544))

table 6 : explain SELECT id FROM sbtest6 WHERE id BETWEEN 5454444 AND 5454544
	Index Only Scan using sbtest6_pkey on sbtest6  (cost=0.43..6.32 rows=94 width=4)
	  Index Cond: ((id >= 5454444) AND (id <= 5454544))

table 7 : explain SELECT id FROM sbtest7 WHERE id BETWEEN 5454444 AND 5454544
	Index Only Scan using sbtest7_pkey on sbtest7  (cost=0.43..6.58 rows=107 width=4)
	  Index Cond: ((id >= 5454444) AND (id <= 5454544))

table 8 : explain SELECT id FROM sbtest8 WHERE id BETWEEN 5454444 AND 5454544
	Index Only Scan using sbtest8_pkey on sbtest8  (cost=0.43..10.47 rows=102 width=4)
	  Index Cond: ((id >= 5454444) AND (id <= 5454544))

explain: for range-covered :: explain SELECT id FROM sbtest%d WHERE id BETWEEN 5454444 AND 5454544
explain: for range-covered :: explain SELECT id FROM sbtest%d WHERE id BETWEEN 2755937 AND 2756037
for range-covered
table 1 : explain SELECT id FROM sbtest1 WHERE id BETWEEN 4545449 AND 4545549
	Index Only Scan using sbtest1_pkey on sbtest1  (cost=0.43..6.29 rows=93 width=4)
	  Index Cond: ((id >= 4545449) AND (id <= 4545549))

table 2 : explain SELECT id FROM sbtest2 WHERE id BETWEEN 4545449 AND 4545549
	Index Only Scan using sbtest2_pkey on sbtest2  (cost=0.43..10.44 rows=100 width=4)
	  Index Cond: ((id >= 4545449) AND (id <= 4545549))

table 3 : explain SELECT id FROM sbtest3 WHERE id BETWEEN 4545449 AND 4545549
	Index Only Scan using sbtest3_pkey on sbtest3  (cost=0.43..6.29 rows=93 width=4)
	  Index Cond: ((id >= 4545449) AND (id <= 4545549))

table 4 : explain SELECT id FROM sbtest4 WHERE id BETWEEN 4545449 AND 4545549
	Index Only Scan using sbtest4_pkey on sbtest4  (cost=0.43..6.51 rows=104 width=4)
	  Index Cond: ((id >= 4545449) AND (id <= 4545549))

table 5 : explain SELECT id FROM sbtest5 WHERE id BETWEEN 4545449 AND 4545549
	Index Only Scan using sbtest5_pkey on sbtest5  (cost=0.43..6.47 rows=102 width=4)
	  Index Cond: ((id >= 4545449) AND (id <= 4545549))

table 6 : explain SELECT id FROM sbtest6 WHERE id BETWEEN 4545449 AND 4545549
	Index Only Scan using sbtest6_pkey on sbtest6  (cost=0.43..6.42 rows=99 width=4)
	  Index Cond: ((id >= 4545449) AND (id <= 4545549))

table 7 : explain SELECT id FROM sbtest7 WHERE id BETWEEN 4545449 AND 4545549
	Index Only Scan using sbtest7_pkey on sbtest7  (cost=0.43..6.43 rows=100 width=4)
	  Index Cond: ((id >= 4545449) AND (id <= 4545549))

table 8 : explain SELECT id FROM sbtest8 WHERE id BETWEEN 4545449 AND 4545549
	Index Only Scan using sbtest8_pkey on sbtest8  (cost=0.43..10.51 rows=104 width=4)
	  Index Cond: ((id >= 4545449) AND (id <= 4545549))

explain: for range-covered :: explain SELECT id FROM sbtest%d WHERE id BETWEEN 4545449 AND 4545549for range-covered
table 1 : explain SELECT id FROM sbtest1 WHERE id BETWEEN 5337567 AND 5337667
	Index Only Scan using sbtest1_pkey on sbtest1  (cost=0.43..6.61 rows=109 width=4)
	  Index Cond: ((id >= 5337567) AND (id <= 5337667))

table 2 : explain SELECT id FROM sbtest2 WHERE id BETWEEN 5337567 AND 5337667
	Index Only Scan using sbtest2_pkey on sbtest2  (cost=0.43..10.33 rows=95 width=4)
	  Index Cond: ((id >= 5337567) AND (id <= 5337667))

table 3 : explain SELECT id FROM sbtest3 WHERE id BETWEEN 5337567 AND 5337667
	Index Only Scan using sbtest3_pkey on sbtest3  (cost=0.43..6.51 rows=104 width=4)
	  Index Cond: ((id >= 5337567) AND (id <= 5337667))

table 4 : explain SELECT id FROM sbtest4 WHERE id BETWEEN 5337567 AND 5337667
	Index Only Scan using sbtest4_pkey on sbtest4  (cost=0.43..6.56 rows=106 width=4)
	  Index Cond: ((id >= 5337567) AND (id <= 5337667))

table 5 : explain SELECT id FROM sbtest5 WHERE id BETWEEN 5337567 AND 5337667
	Index Only Scan using sbtest5_pkey on sbtest5  (cost=0.43..6.58 rows=107 width=4)
	  Index Cond: ((id >= 5337567) AND (id <= 5337667))

table 6 : explain SELECT id FROM sbtest6 WHERE id BETWEEN 5337567 AND 5337667
	Index Only Scan using sbtest6_pkey on sbtest6  (cost=0.43..6.43 rows=100 width=4)
	  Index Cond: ((id >= 5337567) AND (id <= 5337667))

table 7 : explain SELECT id FROM sbtest7 WHERE id BETWEEN 5337567 AND 5337667
	Index Only Scan using sbtest7_pkey on sbtest7  (cost=0.43..6.50 rows=103 width=4)
	  Index Cond: ((id >= 5337567) AND (id <= 5337667))

table 8 : explain SELECT id FROM sbtest8 WHERE id BETWEEN 5337567 AND 5337667
	Index Only Scan using sbtest8_pkey on sbtest8  (cost=0.43..10.58 rows=107 width=4)
	  Index Cond: ((id >= 5337567) AND (id <= 5337667))


explain: for range-covered :: explain SELECT id FROM sbtest%d WHERE id BETWEEN 5337567 AND 5337667
for range-covered
table 1 : explain SELECT id FROM sbtest1 WHERE id BETWEEN 4545449 AND 4545549
	Index Only Scan using sbtest1_pkey on sbtest1  (cost=0.43..6.29 rows=93 width=4)
	  Index Cond: ((id >= 4545449) AND (id <= 4545549))

table 2 : explain SELECT id FROM sbtest2 WHERE id BETWEEN 4545449 AND 4545549
	Index Only Scan using sbtest2_pkey on sbtest2  (cost=0.43..10.44 rows=100 width=4)
	  Index Cond: ((id >= 4545449) AND (id <= 4545549))

table 3 : explain SELECT id FROM sbtest3 WHERE id BETWEEN 4545449 AND 4545549
	Index Only Scan using sbtest3_pkey on sbtest3  (cost=0.43..6.29 rows=93 width=4)
	  Index Cond: ((id >= 4545449) AND (id <= 4545549))

table 4 : explain SELECT id FROM sbtest4 WHERE id BETWEEN 4545449 AND 4545549
	Index Only Scan using sbtest4_pkey on sbtest4  (cost=0.43..6.51 rows=104 width=4)
	  Index Cond: ((id >= 4545449) AND (id <= 4545549))

table 5 : explain SELECT id FROM sbtest5 WHERE id BETWEEN 4545449 AND 4545549
	Index Only Scan using sbtest5_pkey on sbtest5  (cost=0.43..6.47 rows=102 width=4)
	  Index Cond: ((id >= 4545449) AND (id <= 4545549))

table 6 : explain SELECT id FROM sbtest6 WHERE id BETWEEN 4545449 AND 4545549
	Index Only Scan using sbtest6_pkey on sbtest6  (cost=0.43..6.42 rows=99 width=4)
	  Index Cond: ((id >= 4545449) AND (id <= 4545549))

table 7 : explain SELECT id FROM sbtest7 WHERE id BETWEEN 4545449 AND 4545549
	Index Only Scan using sbtest7_pkey on sbtest7  (cost=0.43..6.43 rows=100 width=4)
	  Index Cond: ((id >= 4545449) AND (id <= 4545549))

table 8 : explain SELECT id FROM sbtest8 WHERE id BETWEEN 4545449 AND 4545549
	Index Only Scan using sbtest8_pkey on sbtest8  (cost=0.43..10.51 rows=104 width=4)
	  Index Cond: ((id >= 4545449) AND (id <= 4545549))

explain: for range-covered :: explain SELECT id FROM sbtest%d WHERE id BETWEEN 4545449 AND 4545549
for range-covered
table 1 : explain SELECT id FROM sbtest1 WHERE id BETWEEN 4545449 AND 4545549
	Index Only Scan using sbtest1_pkey on sbtest1  (cost=0.43..6.29 rows=93 width=4)
	  Index Cond: ((id >= 4545449) AND (id <= 4545549))

table 2 : explain SELECT id FROM sbtest2 WHERE id BETWEEN 4545449 AND 4545549
	Index Only Scan using sbtest2_pkey on sbtest2  (cost=0.43..10.44 rows=100 width=4)
	  Index Cond: ((id >= 4545449) AND (id <= 4545549))

table 3 : explain SELECT id FROM sbtest3 WHERE id BETWEEN 4545449 AND 4545549
	Index Only Scan using sbtest3_pkey on sbtest3  (cost=0.43..6.29 rows=93 width=4)
	  Index Cond: ((id >= 4545449) AND (id <= 4545549))

table 4 : explain SELECT id FROM sbtest4 WHERE id BETWEEN 4545449 AND 4545549
	Index Only Scan using sbtest4_pkey on sbtest4  (cost=0.43..6.51 rows=104 width=4)
	  Index Cond: ((id >= 4545449) AND (id <= 4545549))

table 5 : explain SELECT id FROM sbtest5 WHERE id BETWEEN 4545449 AND 4545549
	Index Only Scan using sbtest5_pkey on sbtest5  (cost=0.43..6.47 rows=102 width=4)
	  Index Cond: ((id >= 4545449) AND (id <= 4545549))

table 6 : explain SELECT id FROM sbtest6 WHERE id BETWEEN 4545449 AND 4545549
	Index Only Scan using sbtest6_pkey on sbtest6  (cost=0.43..6.42 rows=99 width=4)
	  Index Cond: ((id >= 4545449) AND (id <= 4545549))

table 7 : explain SELECT id FROM sbtest7 WHERE id BETWEEN 4545449 AND 4545549
	Index Only Scan using sbtest7_pkey on sbtest7  (cost=0.43..6.43 rows=100 width=4)
	  Index Cond: ((id >= 4545449) AND (id <= 4545549))

table 8 : explain SELECT id FROM sbtest8 WHERE id BETWEEN 4545449 AND 4545549
	Index Only Scan using sbtest8_pkey on sbtest8  (cost=0.43..10.51 rows=104 width=4)
	  Index Cond: ((id >= 4545449) AND (id <= 4545549))

for range-covered
table 1 : explain SELECT id FROM sbtest1 WHERE id BETWEEN 5454444 AND 5454544
	Index Only Scan using sbtest1_pkey on sbtest1  (cost=0.43..6.43 rows=100 width=4)
	  Index Cond: ((id >= 5454444) AND (id <= 5454544))

table 2 : explain SELECT id FROM sbtest2 WHERE id BETWEEN 5454444 AND 5454544
	Index Only Scan using sbtest2_pkey on sbtest2  (cost=0.43..10.33 rows=95 width=4)
	  Index Cond: ((id >= 5454444) AND (id <= 5454544))

table 3 : explain SELECT id FROM sbtest3 WHERE id BETWEEN 5454444 AND 5454544
	Index Only Scan using sbtest3_pkey on sbtest3  (cost=0.43..6.58 rows=107 width=4)
	  Index Cond: ((id >= 5454444) AND (id <= 5454544))

table 4 : explain SELECT id FROM sbtest4 WHERE id BETWEEN 5454444 AND 5454544
	Index Only Scan using sbtest4_pkey on sbtest4  (cost=0.43..6.47 rows=102 width=4)
	  Index Cond: ((id >= 5454444) AND (id <= 5454544))

table 5 : explain SELECT id FROM sbtest5 WHERE id BETWEEN 5454444 AND 5454544
	Index Only Scan using sbtest5_pkey on sbtest5  (cost=0.43..6.37 rows=97 width=4)
	  Index Cond: ((id >= 5454444) AND (id <= 5454544))

table 6 : explain SELECT id FROM sbtest6 WHERE id BETWEEN 5454444 AND 5454544
	Index Only Scan using sbtest6_pkey on sbtest6  (cost=0.43..6.32 rows=94 width=4)
	  Index Cond: ((id >= 5454444) AND (id <= 5454544))

table 7 : explain SELECT id FROM sbtest7 WHERE id BETWEEN 5454444 AND 5454544
	Index Only Scan using sbtest7_pkey on sbtest7  (cost=0.43..6.58 rows=107 width=4)
	  Index Cond: ((id >= 5454444) AND (id <= 5454544))

table 8 : explain SELECT id FROM sbtest8 WHERE id BETWEEN 5454444 AND 5454544
	Index Only Scan using sbtest8_pkey on sbtest8  (cost=0.43..10.47 rows=102 width=4)
	  Index Cond: ((id >= 5454444) AND (id <= 5454544))

explain: for range-covered :: explain SELECT id FROM sbtest%d WHERE id BETWEEN 4545449 AND 4545549
for range-covered
table 1 : explain SELECT id FROM sbtest1 WHERE id BETWEEN 5337567 AND 5337667
	Index Only Scan using sbtest1_pkey on sbtest1  (cost=0.43..6.61 rows=109 width=4)
	  Index Cond: ((id >= 5337567) AND (id <= 5337667))

table 2 : explain SELECT id FROM sbtest2 WHERE id BETWEEN 5337567 AND 5337667
	Index Only Scan using sbtest2_pkey on sbtest2  (cost=0.43..10.33 rows=95 width=4)
	  Index Cond: ((id >= 5337567) AND (id <= 5337667))

table 3 : explain SELECT id FROM sbtest3 WHERE id BETWEEN 5337567 AND 5337667
	Index Only Scan using sbtest3_pkey on sbtest3  (cost=0.43..6.51 rows=104 width=4)
	  Index Cond: ((id >= 5337567) AND (id <= 5337667))

table 4 : explain SELECT id FROM sbtest4 WHERE id BETWEEN 5337567 AND 5337667
	Index Only Scan using sbtest4_pkey on sbtest4  (cost=0.43..6.56 rows=106 width=4)
	  Index Cond: ((id >= 5337567) AND (id <= 5337667))

table 5 : explain SELECT id FROM sbtest5 WHERE id BETWEEN 5337567 AND 5337667
	Index Only Scan using sbtest5_pkey on sbtest5  (cost=0.43..6.58 rows=107 width=4)
	  Index Cond: ((id >= 5337567) AND (id <= 5337667))

table 6 : explain SELECT id FROM sbtest6 WHERE id BETWEEN 5337567 AND 5337667
	Index Only Scan using sbtest6_pkey on sbtest6  (cost=0.43..6.43 rows=100 width=4)
	  Index Cond: ((id >= 5337567) AND (id <= 5337667))

table 7 : explain SELECT id FROM sbtest7 WHERE id BETWEEN 5337567 AND 5337667
	Index Only Scan using sbtest7_pkey on sbtest7  (cost=0.43..6.50 rows=103 width=4)
	  Index Cond: ((id >= 5337567) AND (id <= 5337667))

table 8 : explain SELECT id FROM sbtest8 WHERE id BETWEEN 5337567 AND 5337667
	Index Only Scan using sbtest8_pkey on sbtest8  (cost=0.43..10.58 rows=107 width=4)
	  Index Cond: ((id >= 5337567) AND (id <= 5337667))

explain: for range-covered :: explain SELECT id FROM sbtest%d WHERE id BETWEEN 5337567 AND 5337667
for range-covered
table 1 : explain SELECT id FROM sbtest1 WHERE id BETWEEN 2755937 AND 2756037
	Index Only Scan using sbtest1_pkey on sbtest1  (cost=0.43..6.42 rows=99 width=4)
	  Index Cond: ((id >= 2755937) AND (id <= 2756037))

table 2 : explain SELECT id FROM sbtest2 WHERE id BETWEEN 2755937 AND 2756037
	Index Only Scan using sbtest2_pkey on sbtest2  (cost=0.43..10.47 rows=102 width=4)
	  Index Cond: ((id >= 2755937) AND (id <= 2756037))

table 3 : explain SELECT id FROM sbtest3 WHERE id BETWEEN 2755937 AND 2756037
	Index Only Scan using sbtest3_pkey on sbtest3  (cost=0.43..6.32 rows=94 width=4)
	  Index Cond: ((id >= 2755937) AND (id <= 2756037))

table 4 : explain SELECT id FROM sbtest4 WHERE id BETWEEN 2755937 AND 2756037
	Index Only Scan using sbtest4_pkey on sbtest4  (cost=0.43..6.42 rows=99 width=4)
	  Index Cond: ((id >= 2755937) AND (id <= 2756037))

table 5 : explain SELECT id FROM sbtest5 WHERE id BETWEEN 2755937 AND 2756037
	Index Only Scan using sbtest5_pkey on sbtest5  (cost=0.43..6.21 rows=89 width=4)
	  Index Cond: ((id >= 2755937) AND (id <= 2756037))

table 6 : explain SELECT id FROM sbtest6 WHERE id BETWEEN 2755937 AND 2756037
	Index Only Scan using sbtest6_pkey on sbtest6  (cost=0.43..6.63 rows=110 width=4)
	  Index Cond: ((id >= 2755937) AND (id <= 2756037))

table 7 : explain SELECT id FROM sbtest7 WHERE id BETWEEN 2755937 AND 2756037
	Index Only Scan using sbtest7_pkey on sbtest7  (cost=0.43..6.29 rows=93 width=4)
	  Index Cond: ((id >= 2755937) AND (id <= 2756037))

table 8 : explain SELECT id FROM sbtest8 WHERE id BETWEEN 2755937 AND 2756037
	Index Only Scan using sbtest8_pkey on sbtest8  (cost=0.43..10.54 rows=105 width=4)
	  Index Cond: ((id >= 2755937) AND (id <= 2756037))

explain: for range-covered :: explain SELECT id FROM sbtest%d WHERE id BETWEEN 2755937 AND 2756037
explain: for range-covered :: explain SELECT id FROM sbtest%d WHERE id BETWEEN 1842488 AND 1842588
explain: for range-covered :: explain SELECT id FROM sbtest%d WHERE id BETWEEN 7034035 AND 7034135
for range-covered
table 1 : explain SELECT id FROM sbtest1 WHERE id BETWEEN 5337567 AND 5337667
	Index Only Scan using sbtest1_pkey on sbtest1  (cost=0.43..6.61 rows=109 width=4)
	  Index Cond: ((id >= 5337567) AND (id <= 5337667))

table 2 : explain SELECT id FROM sbtest2 WHERE id BETWEEN 5337567 AND 5337667
	Index Only Scan using sbtest2_pkey on sbtest2  (cost=0.43..10.33 rows=95 width=4)
	  Index Cond: ((id >= 5337567) AND (id <= 5337667))

table 3 : explain SELECT id FROM sbtest3 WHERE id BETWEEN 5337567 AND 5337667
	Index Only Scan using sbtest3_pkey on sbtest3  (cost=0.43..6.51 rows=104 width=4)
	  Index Cond: ((id >= 5337567) AND (id <= 5337667))

table 4 : explain SELECT id FROM sbtest4 WHERE id BETWEEN 5337567 AND 5337667
	Index Only Scan using sbtest4_pkey on sbtest4  (cost=0.43..6.56 rows=106 width=4)
	  Index Cond: ((id >= 5337567) AND (id <= 5337667))

table 5 : explain SELECT id FROM sbtest5 WHERE id BETWEEN 5337567 AND 5337667
	Index Only Scan using sbtest5_pkey on sbtest5  (cost=0.43..6.58 rows=107 width=4)
	  Index Cond: ((id >= 5337567) AND (id <= 5337667))

table 6 : explain SELECT id FROM sbtest6 WHERE id BETWEEN 5337567 AND 5337667
	Index Only Scan using sbtest6_pkey on sbtest6  (cost=0.43..6.43 rows=100 width=4)
	  Index Cond: ((id >= 5337567) AND (id <= 5337667))

table 7 : explain SELECT id FROM sbtest7 WHERE id BETWEEN 5337567 AND 5337667
	Index Only Scan using sbtest7_pkey on sbtest7  (cost=0.43..6.50 rows=103 width=4)
	  Index Cond: ((id >= 5337567) AND (id <= 5337667))

table 8 : explain SELECT id FROM sbtest8 WHERE id BETWEEN 5337567 AND 5337667
	Index Only Scan using sbtest8_pkey on sbtest8  (cost=0.43..10.58 rows=107 width=4)
	  Index Cond: ((id >= 5337567) AND (id <= 5337667))

explain: for range-covered :: explain SELECT id FROM sbtest%d WHERE id BETWEEN 5337567 AND 5337667
for range-covered
table 1 : explain SELECT id FROM sbtest1 WHERE id BETWEEN 2755937 AND 2756037
	Index Only Scan using sbtest1_pkey on sbtest1  (cost=0.43..6.42 rows=99 width=4)
	  Index Cond: ((id >= 2755937) AND (id <= 2756037))

table 2 : explain SELECT id FROM sbtest2 WHERE id BETWEEN 2755937 AND 2756037
	Index Only Scan using sbtest2_pkey on sbtest2  (cost=0.43..10.47 rows=102 width=4)
	  Index Cond: ((id >= 2755937) AND (id <= 2756037))

table 3 : explain SELECT id FROM sbtest3 WHERE id BETWEEN 2755937 AND 2756037
	Index Only Scan using sbtest3_pkey on sbtest3  (cost=0.43..6.32 rows=94 width=4)
	  Index Cond: ((id >= 2755937) AND (id <= 2756037))

table 4 : explain SELECT id FROM sbtest4 WHERE id BETWEEN 2755937 AND 2756037
	Index Only Scan using sbtest4_pkey on sbtest4  (cost=0.43..6.42 rows=99 width=4)
	  Index Cond: ((id >= 2755937) AND (id <= 2756037))

table 5 : explain SELECT id FROM sbtest5 WHERE id BETWEEN 2755937 AND 2756037
	Index Only Scan using sbtest5_pkey on sbtest5  (cost=0.43..6.21 rows=89 width=4)
	  Index Cond: ((id >= 2755937) AND (id <= 2756037))

table 6 : explain SELECT id FROM sbtest6 WHERE id BETWEEN 2755937 AND 2756037
	Index Only Scan using sbtest6_pkey on sbtest6  (cost=0.43..6.63 rows=110 width=4)
	  Index Cond: ((id >= 2755937) AND (id <= 2756037))

table 7 : explain SELECT id FROM sbtest7 WHERE id BETWEEN 2755937 AND 2756037
	Index Only Scan using sbtest7_pkey on sbtest7  (cost=0.43..6.29 rows=93 width=4)
	  Index Cond: ((id >= 2755937) AND (id <= 2756037))

table 8 : explain SELECT id FROM sbtest8 WHERE id BETWEEN 2755937 AND 2756037
	Index Only Scan using sbtest8_pkey on sbtest8  (cost=0.43..10.54 rows=105 width=4)
	  Index Cond: ((id >= 2755937) AND (id <= 2756037))

explain: for range-covered :: explain SELECT id FROM sbtest%d WHERE id BETWEEN 2755937 AND 2756037
for range-covered
table 1 : explain SELECT id FROM sbtest1 WHERE id BETWEEN 3974449 AND 3974549
	Index Only Scan using sbtest1_pkey on sbtest1  (cost=0.43..6.29 rows=93 width=4)
	  Index Cond: ((id >= 3974449) AND (id <= 3974549))

table 2 : explain SELECT id FROM sbtest2 WHERE id BETWEEN 3974449 AND 3974549
	Index Only Scan using sbtest2_pkey on sbtest2  (cost=0.43..10.36 rows=96 width=4)
	  Index Cond: ((id >= 3974449) AND (id <= 3974549))

table 3 : explain SELECT id FROM sbtest3 WHERE id BETWEEN 3974449 AND 3974549
	Index Only Scan using sbtest3_pkey on sbtest3  (cost=0.43..6.42 rows=99 width=4)
	  Index Cond: ((id >= 3974449) AND (id <= 3974549))

table 4 : explain SELECT id FROM sbtest4 WHERE id BETWEEN 3974449 AND 3974549
	Index Only Scan using sbtest4_pkey on sbtest4  (cost=0.43..6.66 rows=111 width=4)
	  Index Cond: ((id >= 3974449) AND (id <= 3974549))

table 5 : explain SELECT id FROM sbtest5 WHERE id BETWEEN 3974449 AND 3974549
	Index Only Scan using sbtest5_pkey on sbtest5  (cost=0.43..6.53 rows=105 width=4)
	  Index Cond: ((id >= 3974449) AND (id <= 3974549))

table 6 : explain SELECT id FROM sbtest6 WHERE id BETWEEN 3974449 AND 3974549
	Index Only Scan using sbtest6_pkey on sbtest6  (cost=0.43..6.47 rows=102 width=4)
	  Index Cond: ((id >= 3974449) AND (id <= 3974549))

table 7 : explain SELECT id FROM sbtest7 WHERE id BETWEEN 3974449 AND 3974549
	Index Only Scan using sbtest7_pkey on sbtest7  (cost=0.43..6.42 rows=99 width=4)
	  Index Cond: ((id >= 3974449) AND (id <= 3974549))

table 8 : explain SELECT id FROM sbtest8 WHERE id BETWEEN 3974449 AND 3974549
	Index Only Scan using sbtest8_pkey on sbtest8  (cost=0.43..10.70 rows=113 width=4)
	  Index Cond: ((id >= 3974449) AND (id <= 3974549))

explain: for range-covered :: explain SELECT id FROM sbtest%d WHERE id BETWEEN 3974449 AND 3974549
for range-covered
table 1 : explain SELECT id FROM sbtest1 WHERE id BETWEEN 5337567 AND 5337667
	Index Only Scan using sbtest1_pkey on sbtest1  (cost=0.43..6.61 rows=109 width=4)
	  Index Cond: ((id >= 5337567) AND (id <= 5337667))

table 2 : explain SELECT id FROM sbtest2 WHERE id BETWEEN 5337567 AND 5337667
	Index Only Scan using sbtest2_pkey on sbtest2  (cost=0.43..10.33 rows=95 width=4)
	  Index Cond: ((id >= 5337567) AND (id <= 5337667))

table 3 : explain SELECT id FROM sbtest3 WHERE id BETWEEN 5337567 AND 5337667
	Index Only Scan using sbtest3_pkey on sbtest3  (cost=0.43..6.51 rows=104 width=4)
	  Index Cond: ((id >= 5337567) AND (id <= 5337667))

table 4 : explain SELECT id FROM sbtest4 WHERE id BETWEEN 5337567 AND 5337667
	Index Only Scan using sbtest4_pkey on sbtest4  (cost=0.43..6.56 rows=106 width=4)
	  Index Cond: ((id >= 5337567) AND (id <= 5337667))

table 5 : explain SELECT id FROM sbtest5 WHERE id BETWEEN 5337567 AND 5337667
	Index Only Scan using sbtest5_pkey on sbtest5  (cost=0.43..6.58 rows=107 width=4)
	  Index Cond: ((id >= 5337567) AND (id <= 5337667))

table 6 : explain SELECT id FROM sbtest6 WHERE id BETWEEN 5337567 AND 5337667
	Index Only Scan using sbtest6_pkey on sbtest6  (cost=0.43..6.43 rows=100 width=4)
	  Index Cond: ((id >= 5337567) AND (id <= 5337667))

table 7 : explain SELECT id FROM sbtest7 WHERE id BETWEEN 5337567 AND 5337667
	Index Only Scan using sbtest7_pkey on sbtest7  (cost=0.43..6.50 rows=103 width=4)
	  Index Cond: ((id >= 5337567) AND (id <= 5337667))

table 8 : explain SELECT id FROM sbtest8 WHERE id BETWEEN 5337567 AND 5337667
	Index Only Scan using sbtest8_pkey on sbtest8  (cost=0.43..10.58 rows=107 width=4)
	  Index Cond: ((id >= 5337567) AND (id <= 5337667))

explain: for range-covered :: explain SELECT id FROM sbtest%d WHERE id BETWEEN 5337567 AND 5337667
for range-covered
table 1 : explain SELECT id FROM sbtest1 WHERE id BETWEEN 2755937 AND 2756037
	Index Only Scan using sbtest1_pkey on sbtest1  (cost=0.43..6.42 rows=99 width=4)
	  Index Cond: ((id >= 2755937) AND (id <= 2756037))

table 2 : explain SELECT id FROM sbtest2 WHERE id BETWEEN 2755937 AND 2756037
	Index Only Scan using sbtest2_pkey on sbtest2  (cost=0.43..10.47 rows=102 width=4)
	  Index Cond: ((id >= 2755937) AND (id <= 2756037))

table 3 : explain SELECT id FROM sbtest3 WHERE id BETWEEN 2755937 AND 2756037
	Index Only Scan using sbtest3_pkey on sbtest3  (cost=0.43..6.32 rows=94 width=4)
	  Index Cond: ((id >= 2755937) AND (id <= 2756037))

table 4 : explain SELECT id FROM sbtest4 WHERE id BETWEEN 2755937 AND 2756037
	Index Only Scan using sbtest4_pkey on sbtest4  (cost=0.43..6.42 rows=99 width=4)
	  Index Cond: ((id >= 2755937) AND (id <= 2756037))

table 5 : explain SELECT id FROM sbtest5 WHERE id BETWEEN 2755937 AND 2756037
	Index Only Scan using sbtest5_pkey on sbtest5  (cost=0.43..6.21 rows=89 width=4)
	  Index Cond: ((id >= 2755937) AND (id <= 2756037))

table 6 : explain SELECT id FROM sbtest6 WHERE id BETWEEN 2755937 AND 2756037
	Index Only Scan using sbtest6_pkey on sbtest6  (cost=0.43..6.63 rows=110 width=4)
	  Index Cond: ((id >= 2755937) AND (id <= 2756037))

table 7 : explain SELECT id FROM sbtest7 WHERE id BETWEEN 2755937 AND 2756037
	Index Only Scan using sbtest7_pkey on sbtest7  (cost=0.43..6.29 rows=93 width=4)
	  Index Cond: ((id >= 2755937) AND (id <= 2756037))

table 8 : explain SELECT id FROM sbtest8 WHERE id BETWEEN 2755937 AND 2756037
	Index Only Scan using sbtest8_pkey on sbtest8  (cost=0.43..10.54 rows=105 width=4)
	  Index Cond: ((id >= 2755937) AND (id <= 2756037))

explain: for range-covered :: explain SELECT id FROM sbtest%d WHERE id BETWEEN 2755937 AND 2756037
for range-covered
table 1 : explain SELECT id FROM sbtest1 WHERE id BETWEEN 3974449 AND 3974549
	Index Only Scan using sbtest1_pkey on sbtest1  (cost=0.43..6.29 rows=93 width=4)
	  Index Cond: ((id >= 3974449) AND (id <= 3974549))

table 2 : explain SELECT id FROM sbtest2 WHERE id BETWEEN 3974449 AND 3974549
	Index Only Scan using sbtest2_pkey on sbtest2  (cost=0.43..10.36 rows=96 width=4)
	  Index Cond: ((id >= 3974449) AND (id <= 3974549))

table 3 : explain SELECT id FROM sbtest3 WHERE id BETWEEN 3974449 AND 3974549
	Index Only Scan using sbtest3_pkey on sbtest3  (cost=0.43..6.42 rows=99 width=4)
	  Index Cond: ((id >= 3974449) AND (id <= 3974549))

table 4 : explain SELECT id FROM sbtest4 WHERE id BETWEEN 3974449 AND 3974549
	Index Only Scan using sbtest4_pkey on sbtest4  (cost=0.43..6.66 rows=111 width=4)
	  Index Cond: ((id >= 3974449) AND (id <= 3974549))

table 5 : explain SELECT id FROM sbtest5 WHERE id BETWEEN 3974449 AND 3974549
	Index Only Scan using sbtest5_pkey on sbtest5  (cost=0.43..6.53 rows=105 width=4)
	  Index Cond: ((id >= 3974449) AND (id <= 3974549))

table 6 : explain SELECT id FROM sbtest6 WHERE id BETWEEN 3974449 AND 3974549
	Index Only Scan using sbtest6_pkey on sbtest6  (cost=0.43..6.47 rows=102 width=4)
	  Index Cond: ((id >= 3974449) AND (id <= 3974549))

table 7 : explain SELECT id FROM sbtest7 WHERE id BETWEEN 3974449 AND 3974549
	Index Only Scan using sbtest7_pkey on sbtest7  (cost=0.43..6.42 rows=99 width=4)
	  Index Cond: ((id >= 3974449) AND (id <= 3974549))

table 8 : explain SELECT id FROM sbtest8 WHERE id BETWEEN 3974449 AND 3974549
	Index Only Scan using sbtest8_pkey on sbtest8  (cost=0.43..10.70 rows=113 width=4)
	  Index Cond: ((id >= 3974449) AND (id <= 3974549))

explain: for range-covered :: explain SELECT id FROM sbtest%d WHERE id BETWEEN 3526943 AND 3527043
for range-covered
table 1 : explain SELECT id FROM sbtest1 WHERE id BETWEEN 5337567 AND 5337667
	Index Only Scan using sbtest1_pkey on sbtest1  (cost=0.43..6.61 rows=109 width=4)
	  Index Cond: ((id >= 5337567) AND (id <= 5337667))

table 2 : explain SELECT id FROM sbtest2 WHERE id BETWEEN 5337567 AND 5337667
	Index Only Scan using sbtest2_pkey on sbtest2  (cost=0.43..10.33 rows=95 width=4)
	  Index Cond: ((id >= 5337567) AND (id <= 5337667))

table 3 : explain SELECT id FROM sbtest3 WHERE id BETWEEN 5337567 AND 5337667
	Index Only Scan using sbtest3_pkey on sbtest3  (cost=0.43..6.51 rows=104 width=4)
	  Index Cond: ((id >= 5337567) AND (id <= 5337667))

table 4 : explain SELECT id FROM sbtest4 WHERE id BETWEEN 5337567 AND 5337667
	Index Only Scan using sbtest4_pkey on sbtest4  (cost=0.43..6.56 rows=106 width=4)
	  Index Cond: ((id >= 5337567) AND (id <= 5337667))

table 5 : explain SELECT id FROM sbtest5 WHERE id BETWEEN 5337567 AND 5337667
	Index Only Scan using sbtest5_pkey on sbtest5  (cost=0.43..6.58 rows=107 width=4)
	  Index Cond: ((id >= 5337567) AND (id <= 5337667))

table 6 : explain SELECT id FROM sbtest6 WHERE id BETWEEN 5337567 AND 5337667
	Index Only Scan using sbtest6_pkey on sbtest6  (cost=0.43..6.43 rows=100 width=4)
	  Index Cond: ((id >= 5337567) AND (id <= 5337667))

table 7 : explain SELECT id FROM sbtest7 WHERE id BETWEEN 5337567 AND 5337667
	Index Only Scan using sbtest7_pkey on sbtest7  (cost=0.43..6.50 rows=103 width=4)
	  Index Cond: ((id >= 5337567) AND (id <= 5337667))

table 8 : explain SELECT id FROM sbtest8 WHERE id BETWEEN 5337567 AND 5337667
	Index Only Scan using sbtest8_pkey on sbtest8  (cost=0.43..10.58 rows=107 width=4)
	  Index Cond: ((id >= 5337567) AND (id <= 5337667))

explain: for range-covered :: explain SELECT id FROM sbtest%d WHERE id BETWEEN 3974449 AND 3974549
explain: for range-covered :: explain SELECT id FROM sbtest%d WHERE id BETWEEN 5337567 AND 5337667
for range-covered
table 1 : explain SELECT id FROM sbtest1 WHERE id BETWEEN 2755937 AND 2756037
	Index Only Scan using sbtest1_pkey on sbtest1  (cost=0.43..6.42 rows=99 width=4)
	  Index Cond: ((id >= 2755937) AND (id <= 2756037))

table 2 : explain SELECT id FROM sbtest2 WHERE id BETWEEN 2755937 AND 2756037
	Index Only Scan using sbtest2_pkey on sbtest2  (cost=0.43..10.47 rows=102 width=4)
	  Index Cond: ((id >= 2755937) AND (id <= 2756037))

table 3 : explain SELECT id FROM sbtest3 WHERE id BETWEEN 2755937 AND 2756037
	Index Only Scan using sbtest3_pkey on sbtest3  (cost=0.43..6.32 rows=94 width=4)
	  Index Cond: ((id >= 2755937) AND (id <= 2756037))

table 4 : explain SELECT id FROM sbtest4 WHERE id BETWEEN 2755937 AND 2756037
	Index Only Scan using sbtest4_pkey on sbtest4  (cost=0.43..6.42 rows=99 width=4)
	  Index Cond: ((id >= 2755937) AND (id <= 2756037))

table 5 : explain SELECT id FROM sbtest5 WHERE id BETWEEN 2755937 AND 2756037
	Index Only Scan using sbtest5_pkey on sbtest5  (cost=0.43..6.21 rows=89 width=4)
	  Index Cond: ((id >= 2755937) AND (id <= 2756037))

table 6 : explain SELECT id FROM sbtest6 WHERE id BETWEEN 2755937 AND 2756037
	Index Only Scan using sbtest6_pkey on sbtest6  (cost=0.43..6.63 rows=110 width=4)
	  Index Cond: ((id >= 2755937) AND (id <= 2756037))

table 7 : explain SELECT id FROM sbtest7 WHERE id BETWEEN 2755937 AND 2756037
	Index Only Scan using sbtest7_pkey on sbtest7  (cost=0.43..6.29 rows=93 width=4)
	  Index Cond: ((id >= 2755937) AND (id <= 2756037))

table 8 : explain SELECT id FROM sbtest8 WHERE id BETWEEN 2755937 AND 2756037
	Index Only Scan using sbtest8_pkey on sbtest8  (cost=0.43..10.54 rows=105 width=4)
	  Index Cond: ((id >= 2755937) AND (id <= 2756037))

explain: for range-covered :: explain SELECT id FROM sbtest%d WHERE id BETWEEN 2755937 AND 2756037
explain: for range-covered :: explain SELECT id FROM sbtest%d WHERE id BETWEEN 5337207 AND 5337307
explain: for range-covered :: explain SELECT id FROM sbtest%d WHERE id BETWEEN 737165 AND 737265
explain: for range-covered :: explain SELECT id FROM sbtest%d WHERE id BETWEEN 2393517 AND 2393617
for range-covered
table 1 : explain SELECT id FROM sbtest1 WHERE id BETWEEN 5337567 AND 5337667
	Index Only Scan using sbtest1_pkey on sbtest1  (cost=0.43..6.61 rows=109 width=4)
	  Index Cond: ((id >= 5337567) AND (id <= 5337667))

table 2 : explain SELECT id FROM sbtest2 WHERE id BETWEEN 5337567 AND 5337667
	Index Only Scan using sbtest2_pkey on sbtest2  (cost=0.43..10.33 rows=95 width=4)
	  Index Cond: ((id >= 5337567) AND (id <= 5337667))

table 3 : explain SELECT id FROM sbtest3 WHERE id BETWEEN 5337567 AND 5337667
	Index Only Scan using sbtest3_pkey on sbtest3  (cost=0.43..6.51 rows=104 width=4)
	  Index Cond: ((id >= 5337567) AND (id <= 5337667))

table 4 : explain SELECT id FROM sbtest4 WHERE id BETWEEN 5337567 AND 5337667
	Index Only Scan using sbtest4_pkey on sbtest4  (cost=0.43..6.56 rows=106 width=4)
	  Index Cond: ((id >= 5337567) AND (id <= 5337667))

table 5 : explain SELECT id FROM sbtest5 WHERE id BETWEEN 5337567 AND 5337667
	Index Only Scan using sbtest5_pkey on sbtest5  (cost=0.43..6.58 rows=107 width=4)
	  Index Cond: ((id >= 5337567) AND (id <= 5337667))

table 6 : explain SELECT id FROM sbtest6 WHERE id BETWEEN 5337567 AND 5337667
	Index Only Scan using sbtest6_pkey on sbtest6  (cost=0.43..6.43 rows=100 width=4)
	  Index Cond: ((id >= 5337567) AND (id <= 5337667))

table 7 : explain SELECT id FROM sbtest7 WHERE id BETWEEN 5337567 AND 5337667
	Index Only Scan using sbtest7_pkey on sbtest7  (cost=0.43..6.50 rows=103 width=4)
	  Index Cond: ((id >= 5337567) AND (id <= 5337667))

table 8 : explain SELECT id FROM sbtest8 WHERE id BETWEEN 5337567 AND 5337667
	Index Only Scan using sbtest8_pkey on sbtest8  (cost=0.43..10.58 rows=107 width=4)
	  Index Cond: ((id >= 5337567) AND (id <= 5337667))

for range-covered
table 1 : explain SELECT id FROM sbtest1 WHERE id BETWEEN 2755937 AND 2756037
	Index Only Scan using sbtest1_pkey on sbtest1  (cost=0.43..6.42 rows=99 width=4)
	  Index Cond: ((id >= 2755937) AND (id <= 2756037))

table 2 : explain SELECT id FROM sbtest2 WHERE id BETWEEN 2755937 AND 2756037
	Index Only Scan using sbtest2_pkey on sbtest2  (cost=0.43..10.47 rows=102 width=4)
	  Index Cond: ((id >= 2755937) AND (id <= 2756037))

table 3 : explain SELECT id FROM sbtest3 WHERE id BETWEEN 2755937 AND 2756037
	Index Only Scan using sbtest3_pkey on sbtest3  (cost=0.43..6.32 rows=94 width=4)
	  Index Cond: ((id >= 2755937) AND (id <= 2756037))

table 4 : explain SELECT id FROM sbtest4 WHERE id BETWEEN 2755937 AND 2756037
	Index Only Scan using sbtest4_pkey on sbtest4  (cost=0.43..6.42 rows=99 width=4)
	  Index Cond: ((id >= 2755937) AND (id <= 2756037))

table 5 : explain SELECT id FROM sbtest5 WHERE id BETWEEN 2755937 AND 2756037
	Index Only Scan using sbtest5_pkey on sbtest5  (cost=0.43..6.21 rows=89 width=4)
	  Index Cond: ((id >= 2755937) AND (id <= 2756037))

table 6 : explain SELECT id FROM sbtest6 WHERE id BETWEEN 2755937 AND 2756037
	Index Only Scan using sbtest6_pkey on sbtest6  (cost=0.43..6.63 rows=110 width=4)
	  Index Cond: ((id >= 2755937) AND (id <= 2756037))

table 7 : explain SELECT id FROM sbtest7 WHERE id BETWEEN 2755937 AND 2756037
	Index Only Scan using sbtest7_pkey on sbtest7  (cost=0.43..6.29 rows=93 width=4)
	  Index Cond: ((id >= 2755937) AND (id <= 2756037))

table 8 : explain SELECT id FROM sbtest8 WHERE id BETWEEN 2755937 AND 2756037
	Index Only Scan using sbtest8_pkey on sbtest8  (cost=0.43..10.54 rows=105 width=4)
	  Index Cond: ((id >= 2755937) AND (id <= 2756037))

explain: for range-covered :: explain SELECT id FROM sbtest%d WHERE id BETWEEN 2755937 AND 2756037
for range-covered
table 1 : explain SELECT id FROM sbtest1 WHERE id BETWEEN 3974449 AND 3974549
	Index Only Scan using sbtest1_pkey on sbtest1  (cost=0.43..6.29 rows=93 width=4)
	  Index Cond: ((id >= 3974449) AND (id <= 3974549))

table 2 : explain SELECT id FROM sbtest2 WHERE id BETWEEN 3974449 AND 3974549
	Index Only Scan using sbtest2_pkey on sbtest2  (cost=0.43..10.36 rows=96 width=4)
	  Index Cond: ((id >= 3974449) AND (id <= 3974549))

table 3 : explain SELECT id FROM sbtest3 WHERE id BETWEEN 3974449 AND 3974549
	Index Only Scan using sbtest3_pkey on sbtest3  (cost=0.43..6.42 rows=99 width=4)
	  Index Cond: ((id >= 3974449) AND (id <= 3974549))

table 4 : explain SELECT id FROM sbtest4 WHERE id BETWEEN 3974449 AND 3974549
	Index Only Scan using sbtest4_pkey on sbtest4  (cost=0.43..6.66 rows=111 width=4)
	  Index Cond: ((id >= 3974449) AND (id <= 3974549))

table 5 : explain SELECT id FROM sbtest5 WHERE id BETWEEN 3974449 AND 3974549
	Index Only Scan using sbtest5_pkey on sbtest5  (cost=0.43..6.53 rows=105 width=4)
	  Index Cond: ((id >= 3974449) AND (id <= 3974549))

table 6 : explain SELECT id FROM sbtest6 WHERE id BETWEEN 3974449 AND 3974549
	Index Only Scan using sbtest6_pkey on sbtest6  (cost=0.43..6.47 rows=102 width=4)
	  Index Cond: ((id >= 3974449) AND (id <= 3974549))

table 7 : explain SELECT id FROM sbtest7 WHERE id BETWEEN 3974449 AND 3974549
	Index Only Scan using sbtest7_pkey on sbtest7  (cost=0.43..6.42 rows=99 width=4)
	  Index Cond: ((id >= 3974449) AND (id <= 3974549))

table 8 : explain SELECT id FROM sbtest8 WHERE id BETWEEN 3974449 AND 3974549
	Index Only Scan using sbtest8_pkey on sbtest8  (cost=0.43..10.70 rows=113 width=4)
	  Index Cond: ((id >= 3974449) AND (id <= 3974549))

explain: for range-covered :: explain SELECT id FROM sbtest%d WHERE id BETWEEN 5337567 AND 5337667
explain: for range-covered :: explain SELECT id FROM sbtest%d WHERE id BETWEEN 3974449 AND 3974549
for range-covered
table 1 : explain SELECT id FROM sbtest1 WHERE id BETWEEN 2755937 AND 2756037
	Index Only Scan using sbtest1_pkey on sbtest1  (cost=0.43..6.42 rows=99 width=4)
	  Index Cond: ((id >= 2755937) AND (id <= 2756037))

table 2 : explain SELECT id FROM sbtest2 WHERE id BETWEEN 2755937 AND 2756037
	Index Only Scan using sbtest2_pkey on sbtest2  (cost=0.43..10.47 rows=102 width=4)
	  Index Cond: ((id >= 2755937) AND (id <= 2756037))

table 3 : explain SELECT id FROM sbtest3 WHERE id BETWEEN 2755937 AND 2756037
	Index Only Scan using sbtest3_pkey on sbtest3  (cost=0.43..6.32 rows=94 width=4)
	  Index Cond: ((id >= 2755937) AND (id <= 2756037))

table 4 : explain SELECT id FROM sbtest4 WHERE id BETWEEN 2755937 AND 2756037
	Index Only Scan using sbtest4_pkey on sbtest4  (cost=0.43..6.42 rows=99 width=4)
	  Index Cond: ((id >= 2755937) AND (id <= 2756037))

table 5 : explain SELECT id FROM sbtest5 WHERE id BETWEEN 2755937 AND 2756037
	Index Only Scan using sbtest5_pkey on sbtest5  (cost=0.43..6.21 rows=89 width=4)
	  Index Cond: ((id >= 2755937) AND (id <= 2756037))

table 6 : explain SELECT id FROM sbtest6 WHERE id BETWEEN 2755937 AND 2756037
	Index Only Scan using sbtest6_pkey on sbtest6  (cost=0.43..6.63 rows=110 width=4)
	  Index Cond: ((id >= 2755937) AND (id <= 2756037))

table 7 : explain SELECT id FROM sbtest7 WHERE id BETWEEN 2755937 AND 2756037
	Index Only Scan using sbtest7_pkey on sbtest7  (cost=0.43..6.29 rows=93 width=4)
	  Index Cond: ((id >= 2755937) AND (id <= 2756037))

table 8 : explain SELECT id FROM sbtest8 WHERE id BETWEEN 2755937 AND 2756037
	Index Only Scan using sbtest8_pkey on sbtest8  (cost=0.43..10.54 rows=105 width=4)
	  Index Cond: ((id >= 2755937) AND (id <= 2756037))

explain: for range-covered :: explain SELECT id FROM sbtest%d WHERE id BETWEEN 2755937 AND 2756037
for range-covered
table 1 : explain SELECT id FROM sbtest1 WHERE id BETWEEN 4545449 AND 4545549
	Index Only Scan using sbtest1_pkey on sbtest1  (cost=0.43..6.29 rows=93 width=4)
	  Index Cond: ((id >= 4545449) AND (id <= 4545549))

table 2 : explain SELECT id FROM sbtest2 WHERE id BETWEEN 4545449 AND 4545549
	Index Only Scan using sbtest2_pkey on sbtest2  (cost=0.43..10.44 rows=100 width=4)
	  Index Cond: ((id >= 4545449) AND (id <= 4545549))

table 3 : explain SELECT id FROM sbtest3 WHERE id BETWEEN 4545449 AND 4545549
	Index Only Scan using sbtest3_pkey on sbtest3  (cost=0.43..6.29 rows=93 width=4)
	  Index Cond: ((id >= 4545449) AND (id <= 4545549))

table 4 : explain SELECT id FROM sbtest4 WHERE id BETWEEN 4545449 AND 4545549
	Index Only Scan using sbtest4_pkey on sbtest4  (cost=0.43..6.51 rows=104 width=4)
	  Index Cond: ((id >= 4545449) AND (id <= 4545549))

table 5 : explain SELECT id FROM sbtest5 WHERE id BETWEEN 4545449 AND 4545549
	Index Only Scan using sbtest5_pkey on sbtest5  (cost=0.43..6.47 rows=102 width=4)
	  Index Cond: ((id >= 4545449) AND (id <= 4545549))

table 6 : explain SELECT id FROM sbtest6 WHERE id BETWEEN 4545449 AND 4545549
	Index Only Scan using sbtest6_pkey on sbtest6  (cost=0.43..6.42 rows=99 width=4)
	  Index Cond: ((id >= 4545449) AND (id <= 4545549))

table 7 : explain SELECT id FROM sbtest7 WHERE id BETWEEN 4545449 AND 4545549
	Index Only Scan using sbtest7_pkey on sbtest7  (cost=0.43..6.43 rows=100 width=4)
	  Index Cond: ((id >= 4545449) AND (id <= 4545549))

table 8 : explain SELECT id FROM sbtest8 WHERE id BETWEEN 4545449 AND 4545549
	Index Only Scan using sbtest8_pkey on sbtest8  (cost=0.43..10.51 rows=104 width=4)
	  Index Cond: ((id >= 4545449) AND (id <= 4545549))

for range-covered
table 1 : explain SELECT id FROM sbtest1 WHERE id BETWEEN 3974449 AND 3974549
	Index Only Scan using sbtest1_pkey on sbtest1  (cost=0.43..6.29 rows=93 width=4)
	  Index Cond: ((id >= 3974449) AND (id <= 3974549))

table 2 : explain SELECT id FROM sbtest2 WHERE id BETWEEN 3974449 AND 3974549
	Index Only Scan using sbtest2_pkey on sbtest2  (cost=0.43..10.36 rows=96 width=4)
	  Index Cond: ((id >= 3974449) AND (id <= 3974549))

table 3 : explain SELECT id FROM sbtest3 WHERE id BETWEEN 3974449 AND 3974549
	Index Only Scan using sbtest3_pkey on sbtest3  (cost=0.43..6.42 rows=99 width=4)
	  Index Cond: ((id >= 3974449) AND (id <= 3974549))

table 4 : explain SELECT id FROM sbtest4 WHERE id BETWEEN 3974449 AND 3974549
	Index Only Scan using sbtest4_pkey on sbtest4  (cost=0.43..6.66 rows=111 width=4)
	  Index Cond: ((id >= 3974449) AND (id <= 3974549))

table 5 : explain SELECT id FROM sbtest5 WHERE id BETWEEN 3974449 AND 3974549
	Index Only Scan using sbtest5_pkey on sbtest5  (cost=0.43..6.53 rows=105 width=4)
	  Index Cond: ((id >= 3974449) AND (id <= 3974549))

table 6 : explain SELECT id FROM sbtest6 WHERE id BETWEEN 3974449 AND 3974549
	Index Only Scan using sbtest6_pkey on sbtest6  (cost=0.43..6.47 rows=102 width=4)
	  Index Cond: ((id >= 3974449) AND (id <= 3974549))

table 7 : explain SELECT id FROM sbtest7 WHERE id BETWEEN 3974449 AND 3974549
	Index Only Scan using sbtest7_pkey on sbtest7  (cost=0.43..6.42 rows=99 width=4)
	  Index Cond: ((id >= 3974449) AND (id <= 3974549))

table 8 : explain SELECT id FROM sbtest8 WHERE id BETWEEN 3974449 AND 3974549
	Index Only Scan using sbtest8_pkey on sbtest8  (cost=0.43..10.70 rows=113 width=4)
	  Index Cond: ((id >= 3974449) AND (id <= 3974549))

explain: for range-covered :: explain SELECT id FROM sbtest%d WHERE id BETWEEN 3974449 AND 3974549
for range-covered
table 1 : explain SELECT id FROM sbtest1 WHERE id BETWEEN 2755937 AND 2756037
	Index Only Scan using sbtest1_pkey on sbtest1  (cost=0.43..6.42 rows=99 width=4)
	  Index Cond: ((id >= 2755937) AND (id <= 2756037))

table 2 : explain SELECT id FROM sbtest2 WHERE id BETWEEN 2755937 AND 2756037
	Index Only Scan using sbtest2_pkey on sbtest2  (cost=0.43..10.47 rows=102 width=4)
	  Index Cond: ((id >= 2755937) AND (id <= 2756037))

table 3 : explain SELECT id FROM sbtest3 WHERE id BETWEEN 2755937 AND 2756037
	Index Only Scan using sbtest3_pkey on sbtest3  (cost=0.43..6.32 rows=94 width=4)
	  Index Cond: ((id >= 2755937) AND (id <= 2756037))

table 4 : explain SELECT id FROM sbtest4 WHERE id BETWEEN 2755937 AND 2756037
	Index Only Scan using sbtest4_pkey on sbtest4  (cost=0.43..6.42 rows=99 width=4)
	  Index Cond: ((id >= 2755937) AND (id <= 2756037))

table 5 : explain SELECT id FROM sbtest5 WHERE id BETWEEN 2755937 AND 2756037
	Index Only Scan using sbtest5_pkey on sbtest5  (cost=0.43..6.21 rows=89 width=4)
	  Index Cond: ((id >= 2755937) AND (id <= 2756037))

table 6 : explain SELECT id FROM sbtest6 WHERE id BETWEEN 2755937 AND 2756037
	Index Only Scan using sbtest6_pkey on sbtest6  (cost=0.43..6.63 rows=110 width=4)
	  Index Cond: ((id >= 2755937) AND (id <= 2756037))

table 7 : explain SELECT id FROM sbtest7 WHERE id BETWEEN 2755937 AND 2756037
	Index Only Scan using sbtest7_pkey on sbtest7  (cost=0.43..6.29 rows=93 width=4)
	  Index Cond: ((id >= 2755937) AND (id <= 2756037))

table 8 : explain SELECT id FROM sbtest8 WHERE id BETWEEN 2755937 AND 2756037
	Index Only Scan using sbtest8_pkey on sbtest8  (cost=0.43..10.54 rows=105 width=4)
	  Index Cond: ((id >= 2755937) AND (id <= 2756037))

explain: for range-covered :: explain SELECT id FROM sbtest%d WHERE id BETWEEN 2755937 AND 2756037
for range-covered
table 1 : explain SELECT id FROM sbtest1 WHERE id BETWEEN 7034035 AND 7034135
	Index Only Scan using sbtest1_pkey on sbtest1  (cost=0.43..6.51 rows=104 width=4)
	  Index Cond: ((id >= 7034035) AND (id <= 7034135))

table 2 : explain SELECT id FROM sbtest2 WHERE id BETWEEN 7034035 AND 7034135
	Index Only Scan using sbtest2_pkey on sbtest2  (cost=0.43..10.13 rows=85 width=4)
	  Index Cond: ((id >= 7034035) AND (id <= 7034135))

table 3 : explain SELECT id FROM sbtest3 WHERE id BETWEEN 7034035 AND 7034135
	Index Only Scan using sbtest3_pkey on sbtest3  (cost=0.43..6.24 rows=90 width=4)
	  Index Cond: ((id >= 7034035) AND (id <= 7034135))

table 4 : explain SELECT id FROM sbtest4 WHERE id BETWEEN 7034035 AND 7034135
	Index Only Scan using sbtest4_pkey on sbtest4  (cost=0.43..6.47 rows=102 width=4)
	  Index Cond: ((id >= 7034035) AND (id <= 7034135))

table 5 : explain SELECT id FROM sbtest5 WHERE id BETWEEN 7034035 AND 7034135
	Index Only Scan using sbtest5_pkey on sbtest5  (cost=0.43..6.51 rows=104 width=4)
	  Index Cond: ((id >= 7034035) AND (id <= 7034135))

table 6 : explain SELECT id FROM sbtest6 WHERE id BETWEEN 7034035 AND 7034135
	Index Only Scan using sbtest6_pkey on sbtest6  (cost=0.43..6.47 rows=102 width=4)
	  Index Cond: ((id >= 7034035) AND (id <= 7034135))

table 7 : explain SELECT id FROM sbtest7 WHERE id BETWEEN 7034035 AND 7034135
	Index Only Scan using sbtest7_pkey on sbtest7  (cost=0.43..6.35 rows=96 width=4)
	  Index Cond: ((id >= 7034035) AND (id <= 7034135))

table 8 : explain SELECT id FROM sbtest8 WHERE id BETWEEN 7034035 AND 7034135
	Index Only Scan using sbtest8_pkey on sbtest8  (cost=0.43..10.70 rows=113 width=4)
	  Index Cond: ((id >= 7034035) AND (id <= 7034135))

for range-covered
table 1 : explain SELECT id FROM sbtest1 WHERE id BETWEEN 3974449 AND 3974549
	Index Only Scan using sbtest1_pkey on sbtest1  (cost=0.43..6.29 rows=93 width=4)
	  Index Cond: ((id >= 3974449) AND (id <= 3974549))

table 2 : explain SELECT id FROM sbtest2 WHERE id BETWEEN 3974449 AND 3974549
	Index Only Scan using sbtest2_pkey on sbtest2  (cost=0.43..10.36 rows=96 width=4)
	  Index Cond: ((id >= 3974449) AND (id <= 3974549))

table 3 : explain SELECT id FROM sbtest3 WHERE id BETWEEN 3974449 AND 3974549
	Index Only Scan using sbtest3_pkey on sbtest3  (cost=0.43..6.42 rows=99 width=4)
	  Index Cond: ((id >= 3974449) AND (id <= 3974549))

table 4 : explain SELECT id FROM sbtest4 WHERE id BETWEEN 3974449 AND 3974549
	Index Only Scan using sbtest4_pkey on sbtest4  (cost=0.43..6.66 rows=111 width=4)
	  Index Cond: ((id >= 3974449) AND (id <= 3974549))

table 5 : explain SELECT id FROM sbtest5 WHERE id BETWEEN 3974449 AND 3974549
	Index Only Scan using sbtest5_pkey on sbtest5  (cost=0.43..6.53 rows=105 width=4)
	  Index Cond: ((id >= 3974449) AND (id <= 3974549))

table 6 : explain SELECT id FROM sbtest6 WHERE id BETWEEN 3974449 AND 3974549
	Index Only Scan using sbtest6_pkey on sbtest6  (cost=0.43..6.47 rows=102 width=4)
	  Index Cond: ((id >= 3974449) AND (id <= 3974549))

table 7 : explain SELECT id FROM sbtest7 WHERE id BETWEEN 3974449 AND 3974549
	Index Only Scan using sbtest7_pkey on sbtest7  (cost=0.43..6.42 rows=99 width=4)
	  Index Cond: ((id >= 3974449) AND (id <= 3974549))

table 8 : explain SELECT id FROM sbtest8 WHERE id BETWEEN 3974449 AND 3974549
	Index Only Scan using sbtest8_pkey on sbtest8  (cost=0.43..10.70 rows=113 width=4)
	  Index Cond: ((id >= 3974449) AND (id <= 3974549))

explain: for range-covered :: explain SELECT id FROM sbtest%d WHERE id BETWEEN 7034035 AND 7034135
explain: for range-covered :: explain SELECT id FROM sbtest%d WHERE id BETWEEN 3974449 AND 3974549
for range-covered
table 1 : explain SELECT id FROM sbtest1 WHERE id BETWEEN 2755937 AND 2756037
	Index Only Scan using sbtest1_pkey on sbtest1  (cost=0.43..6.42 rows=99 width=4)
	  Index Cond: ((id >= 2755937) AND (id <= 2756037))

table 2 : explain SELECT id FROM sbtest2 WHERE id BETWEEN 2755937 AND 2756037
	Index Only Scan using sbtest2_pkey on sbtest2  (cost=0.43..10.47 rows=102 width=4)
	  Index Cond: ((id >= 2755937) AND (id <= 2756037))

table 3 : explain SELECT id FROM sbtest3 WHERE id BETWEEN 2755937 AND 2756037
	Index Only Scan using sbtest3_pkey on sbtest3  (cost=0.43..6.32 rows=94 width=4)
	  Index Cond: ((id >= 2755937) AND (id <= 2756037))

table 4 : explain SELECT id FROM sbtest4 WHERE id BETWEEN 2755937 AND 2756037
	Index Only Scan using sbtest4_pkey on sbtest4  (cost=0.43..6.42 rows=99 width=4)
	  Index Cond: ((id >= 2755937) AND (id <= 2756037))

table 5 : explain SELECT id FROM sbtest5 WHERE id BETWEEN 2755937 AND 2756037
	Index Only Scan using sbtest5_pkey on sbtest5  (cost=0.43..6.21 rows=89 width=4)
	  Index Cond: ((id >= 2755937) AND (id <= 2756037))

table 6 : explain SELECT id FROM sbtest6 WHERE id BETWEEN 2755937 AND 2756037
	Index Only Scan using sbtest6_pkey on sbtest6  (cost=0.43..6.63 rows=110 width=4)
	  Index Cond: ((id >= 2755937) AND (id <= 2756037))

table 7 : explain SELECT id FROM sbtest7 WHERE id BETWEEN 2755937 AND 2756037
	Index Only Scan using sbtest7_pkey on sbtest7  (cost=0.43..6.29 rows=93 width=4)
	  Index Cond: ((id >= 2755937) AND (id <= 2756037))

table 8 : explain SELECT id FROM sbtest8 WHERE id BETWEEN 2755937 AND 2756037
	Index Only Scan using sbtest8_pkey on sbtest8  (cost=0.43..10.54 rows=105 width=4)
	  Index Cond: ((id >= 2755937) AND (id <= 2756037))

for range-covered
table 1 : explain SELECT id FROM sbtest1 WHERE id BETWEEN 5337567 AND 5337667
	Index Only Scan using sbtest1_pkey on sbtest1  (cost=0.43..6.61 rows=109 width=4)
	  Index Cond: ((id >= 5337567) AND (id <= 5337667))

table 2 : explain SELECT id FROM sbtest2 WHERE id BETWEEN 5337567 AND 5337667
	Index Only Scan using sbtest2_pkey on sbtest2  (cost=0.43..10.33 rows=95 width=4)
	  Index Cond: ((id >= 5337567) AND (id <= 5337667))

table 3 : explain SELECT id FROM sbtest3 WHERE id BETWEEN 5337567 AND 5337667
	Index Only Scan using sbtest3_pkey on sbtest3  (cost=0.43..6.51 rows=104 width=4)
	  Index Cond: ((id >= 5337567) AND (id <= 5337667))

table 4 : explain SELECT id FROM sbtest4 WHERE id BETWEEN 5337567 AND 5337667
	Index Only Scan using sbtest4_pkey on sbtest4  (cost=0.43..6.56 rows=106 width=4)
	  Index Cond: ((id >= 5337567) AND (id <= 5337667))

table 5 : explain SELECT id FROM sbtest5 WHERE id BETWEEN 5337567 AND 5337667
	Index Only Scan using sbtest5_pkey on sbtest5  (cost=0.43..6.58 rows=107 width=4)
	  Index Cond: ((id >= 5337567) AND (id <= 5337667))

table 6 : explain SELECT id FROM sbtest6 WHERE id BETWEEN 5337567 AND 5337667
	Index Only Scan using sbtest6_pkey on sbtest6  (cost=0.43..6.43 rows=100 width=4)
	  Index Cond: ((id >= 5337567) AND (id <= 5337667))

table 7 : explain SELECT id FROM sbtest7 WHERE id BETWEEN 5337567 AND 5337667
	Index Only Scan using sbtest7_pkey on sbtest7  (cost=0.43..6.50 rows=103 width=4)
	  Index Cond: ((id >= 5337567) AND (id <= 5337667))

table 8 : explain SELECT id FROM sbtest8 WHERE id BETWEEN 5337567 AND 5337667
	Index Only Scan using sbtest8_pkey on sbtest8  (cost=0.43..10.58 rows=107 width=4)
	  Index Cond: ((id >= 5337567) AND (id <= 5337667))

explain: for range-covered :: explain SELECT id FROM sbtest%d WHERE id BETWEEN 5337567 AND 5337667
for range-covered
table 1 : explain SELECT id FROM sbtest1 WHERE id BETWEEN 3974449 AND 3974549
	Index Only Scan using sbtest1_pkey on sbtest1  (cost=0.43..6.29 rows=93 width=4)
	  Index Cond: ((id >= 3974449) AND (id <= 3974549))

table 2 : explain SELECT id FROM sbtest2 WHERE id BETWEEN 3974449 AND 3974549
	Index Only Scan using sbtest2_pkey on sbtest2  (cost=0.43..10.36 rows=96 width=4)
	  Index Cond: ((id >= 3974449) AND (id <= 3974549))

table 3 : explain SELECT id FROM sbtest3 WHERE id BETWEEN 3974449 AND 3974549
	Index Only Scan using sbtest3_pkey on sbtest3  (cost=0.43..6.42 rows=99 width=4)
	  Index Cond: ((id >= 3974449) AND (id <= 3974549))

table 4 : explain SELECT id FROM sbtest4 WHERE id BETWEEN 3974449 AND 3974549
	Index Only Scan using sbtest4_pkey on sbtest4  (cost=0.43..6.66 rows=111 width=4)
	  Index Cond: ((id >= 3974449) AND (id <= 3974549))

table 5 : explain SELECT id FROM sbtest5 WHERE id BETWEEN 3974449 AND 3974549
	Index Only Scan using sbtest5_pkey on sbtest5  (cost=0.43..6.53 rows=105 width=4)
	  Index Cond: ((id >= 3974449) AND (id <= 3974549))

table 6 : explain SELECT id FROM sbtest6 WHERE id BETWEEN 3974449 AND 3974549
	Index Only Scan using sbtest6_pkey on sbtest6  (cost=0.43..6.47 rows=102 width=4)
	  Index Cond: ((id >= 3974449) AND (id <= 3974549))

table 7 : explain SELECT id FROM sbtest7 WHERE id BETWEEN 3974449 AND 3974549
	Index Only Scan using sbtest7_pkey on sbtest7  (cost=0.43..6.42 rows=99 width=4)
	  Index Cond: ((id >= 3974449) AND (id <= 3974549))

table 8 : explain SELECT id FROM sbtest8 WHERE id BETWEEN 3974449 AND 3974549
	Index Only Scan using sbtest8_pkey on sbtest8  (cost=0.43..10.70 rows=113 width=4)
	  Index Cond: ((id >= 3974449) AND (id <= 3974549))

for range-covered
table 1 : explain SELECT id FROM sbtest1 WHERE id BETWEEN 7034035 AND 7034135
	Index Only Scan using sbtest1_pkey on sbtest1  (cost=0.43..6.51 rows=104 width=4)
	  Index Cond: ((id >= 7034035) AND (id <= 7034135))

table 2 : explain SELECT id FROM sbtest2 WHERE id BETWEEN 7034035 AND 7034135
	Index Only Scan using sbtest2_pkey on sbtest2  (cost=0.43..10.13 rows=85 width=4)
	  Index Cond: ((id >= 7034035) AND (id <= 7034135))

table 3 : explain SELECT id FROM sbtest3 WHERE id BETWEEN 7034035 AND 7034135
	Index Only Scan using sbtest3_pkey on sbtest3  (cost=0.43..6.24 rows=90 width=4)
	  Index Cond: ((id >= 7034035) AND (id <= 7034135))

table 4 : explain SELECT id FROM sbtest4 WHERE id BETWEEN 7034035 AND 7034135
	Index Only Scan using sbtest4_pkey on sbtest4  (cost=0.43..6.47 rows=102 width=4)
	  Index Cond: ((id >= 7034035) AND (id <= 7034135))

table 5 : explain SELECT id FROM sbtest5 WHERE id BETWEEN 7034035 AND 7034135
	Index Only Scan using sbtest5_pkey on sbtest5  (cost=0.43..6.51 rows=104 width=4)
	  Index Cond: ((id >= 7034035) AND (id <= 7034135))

table 6 : explain SELECT id FROM sbtest6 WHERE id BETWEEN 7034035 AND 7034135
	Index Only Scan using sbtest6_pkey on sbtest6  (cost=0.43..6.47 rows=102 width=4)
	  Index Cond: ((id >= 7034035) AND (id <= 7034135))

table 7 : explain SELECT id FROM sbtest7 WHERE id BETWEEN 7034035 AND 7034135
	Index Only Scan using sbtest7_pkey on sbtest7  (cost=0.43..6.35 rows=96 width=4)
	  Index Cond: ((id >= 7034035) AND (id <= 7034135))

table 8 : explain SELECT id FROM sbtest8 WHERE id BETWEEN 7034035 AND 7034135
	Index Only Scan using sbtest8_pkey on sbtest8  (cost=0.43..10.70 rows=113 width=4)
	  Index Cond: ((id >= 7034035) AND (id <= 7034135))

explain: for range-covered :: explain SELECT id FROM sbtest%d WHERE id BETWEEN 3974449 AND 3974549
explain: for range-covered :: explain SELECT id FROM sbtest%d WHERE id BETWEEN 7034035 AND 7034135
explain: for range-covered :: explain SELECT id FROM sbtest%d WHERE id BETWEEN 7206646 AND 7206746
for range-covered
table 1 : explain SELECT id FROM sbtest1 WHERE id BETWEEN 7034035 AND 7034135
	Index Only Scan using sbtest1_pkey on sbtest1  (cost=0.43..6.51 rows=104 width=4)
	  Index Cond: ((id >= 7034035) AND (id <= 7034135))

table 2 : explain SELECT id FROM sbtest2 WHERE id BETWEEN 7034035 AND 7034135
	Index Only Scan using sbtest2_pkey on sbtest2  (cost=0.43..10.13 rows=85 width=4)
	  Index Cond: ((id >= 7034035) AND (id <= 7034135))

table 3 : explain SELECT id FROM sbtest3 WHERE id BETWEEN 7034035 AND 7034135
	Index Only Scan using sbtest3_pkey on sbtest3  (cost=0.43..6.24 rows=90 width=4)
	  Index Cond: ((id >= 7034035) AND (id <= 7034135))

table 4 : explain SELECT id FROM sbtest4 WHERE id BETWEEN 7034035 AND 7034135
	Index Only Scan using sbtest4_pkey on sbtest4  (cost=0.43..6.47 rows=102 width=4)
	  Index Cond: ((id >= 7034035) AND (id <= 7034135))

table 5 : explain SELECT id FROM sbtest5 WHERE id BETWEEN 7034035 AND 7034135
	Index Only Scan using sbtest5_pkey on sbtest5  (cost=0.43..6.51 rows=104 width=4)
	  Index Cond: ((id >= 7034035) AND (id <= 7034135))

table 6 : explain SELECT id FROM sbtest6 WHERE id BETWEEN 7034035 AND 7034135
	Index Only Scan using sbtest6_pkey on sbtest6  (cost=0.43..6.47 rows=102 width=4)
	  Index Cond: ((id >= 7034035) AND (id <= 7034135))

table 7 : explain SELECT id FROM sbtest7 WHERE id BETWEEN 7034035 AND 7034135
	Index Only Scan using sbtest7_pkey on sbtest7  (cost=0.43..6.35 rows=96 width=4)
	  Index Cond: ((id >= 7034035) AND (id <= 7034135))

table 8 : explain SELECT id FROM sbtest8 WHERE id BETWEEN 7034035 AND 7034135
	Index Only Scan using sbtest8_pkey on sbtest8  (cost=0.43..10.70 rows=113 width=4)
	  Index Cond: ((id >= 7034035) AND (id <= 7034135))

explain: for range-covered :: explain SELECT id FROM sbtest%d WHERE id BETWEEN 7034035 AND 7034135
for range-covered
table 1 : explain SELECT id FROM sbtest1 WHERE id BETWEEN 3974449 AND 3974549
	Index Only Scan using sbtest1_pkey on sbtest1  (cost=0.43..6.29 rows=93 width=4)
	  Index Cond: ((id >= 3974449) AND (id <= 3974549))

table 2 : explain SELECT id FROM sbtest2 WHERE id BETWEEN 3974449 AND 3974549
	Index Only Scan using sbtest2_pkey on sbtest2  (cost=0.43..10.36 rows=96 width=4)
	  Index Cond: ((id >= 3974449) AND (id <= 3974549))

table 3 : explain SELECT id FROM sbtest3 WHERE id BETWEEN 3974449 AND 3974549
	Index Only Scan using sbtest3_pkey on sbtest3  (cost=0.43..6.42 rows=99 width=4)
	  Index Cond: ((id >= 3974449) AND (id <= 3974549))

table 4 : explain SELECT id FROM sbtest4 WHERE id BETWEEN 3974449 AND 3974549
	Index Only Scan using sbtest4_pkey on sbtest4  (cost=0.43..6.66 rows=111 width=4)
	  Index Cond: ((id >= 3974449) AND (id <= 3974549))

table 5 : explain SELECT id FROM sbtest5 WHERE id BETWEEN 3974449 AND 3974549
	Index Only Scan using sbtest5_pkey on sbtest5  (cost=0.43..6.53 rows=105 width=4)
	  Index Cond: ((id >= 3974449) AND (id <= 3974549))

table 6 : explain SELECT id FROM sbtest6 WHERE id BETWEEN 3974449 AND 3974549
	Index Only Scan using sbtest6_pkey on sbtest6  (cost=0.43..6.47 rows=102 width=4)
	  Index Cond: ((id >= 3974449) AND (id <= 3974549))

table 7 : explain SELECT id FROM sbtest7 WHERE id BETWEEN 3974449 AND 3974549
	Index Only Scan using sbtest7_pkey on sbtest7  (cost=0.43..6.42 rows=99 width=4)
	  Index Cond: ((id >= 3974449) AND (id <= 3974549))

table 8 : explain SELECT id FROM sbtest8 WHERE id BETWEEN 3974449 AND 3974549
	Index Only Scan using sbtest8_pkey on sbtest8  (cost=0.43..10.70 rows=113 width=4)
	  Index Cond: ((id >= 3974449) AND (id <= 3974549))

explain: for range-covered :: explain SELECT id FROM sbtest%d WHERE id BETWEEN 3974449 AND 3974549
for range-covered
table 1 : explain SELECT id FROM sbtest1 WHERE id BETWEEN 2393517 AND 2393617
	Index Only Scan using sbtest1_pkey on sbtest1  (cost=0.43..6.81 rows=119 width=4)
	  Index Cond: ((id >= 2393517) AND (id <= 2393617))

table 2 : explain SELECT id FROM sbtest2 WHERE id BETWEEN 2393517 AND 2393617
	Index Only Scan using sbtest2_pkey on sbtest2  (cost=0.43..10.58 rows=107 width=4)
	  Index Cond: ((id >= 2393517) AND (id <= 2393617))

table 3 : explain SELECT id FROM sbtest3 WHERE id BETWEEN 2393517 AND 2393617
	Index Only Scan using sbtest3_pkey on sbtest3  (cost=0.43..6.67 rows=112 width=4)
	  Index Cond: ((id >= 2393517) AND (id <= 2393617))

table 4 : explain SELECT id FROM sbtest4 WHERE id BETWEEN 2393517 AND 2393617
	Index Only Scan using sbtest4_pkey on sbtest4  (cost=0.43..6.67 rows=112 width=4)
	  Index Cond: ((id >= 2393517) AND (id <= 2393617))

table 5 : explain SELECT id FROM sbtest5 WHERE id BETWEEN 2393517 AND 2393617
	Index Only Scan using sbtest5_pkey on sbtest5  (cost=0.43..6.37 rows=97 width=4)
	  Index Cond: ((id >= 2393517) AND (id <= 2393617))

table 6 : explain SELECT id FROM sbtest6 WHERE id BETWEEN 2393517 AND 2393617
	Index Only Scan using sbtest6_pkey on sbtest6  (cost=0.43..6.33 rows=95 width=4)
	  Index Cond: ((id >= 2393517) AND (id <= 2393617))

table 7 : explain SELECT id FROM sbtest7 WHERE id BETWEEN 2393517 AND 2393617
	Index Only Scan using sbtest7_pkey on sbtest7  (cost=0.43..6.50 rows=103 width=4)
	  Index Cond: ((id >= 2393517) AND (id <= 2393617))

table 8 : explain SELECT id FROM sbtest8 WHERE id BETWEEN 2393517 AND 2393617
	Index Only Scan using sbtest8_pkey on sbtest8  (cost=0.43..10.42 rows=99 width=4)
	  Index Cond: ((id >= 2393517) AND (id <= 2393617))

explain: for range-covered :: explain SELECT id FROM sbtest%d WHERE id BETWEEN 2393517 AND 2393617
for range-covered
table 1 : explain SELECT id FROM sbtest1 WHERE id BETWEEN 7034035 AND 7034135
	Index Only Scan using sbtest1_pkey on sbtest1  (cost=0.43..6.51 rows=104 width=4)
	  Index Cond: ((id >= 7034035) AND (id <= 7034135))

table 2 : explain SELECT id FROM sbtest2 WHERE id BETWEEN 7034035 AND 7034135
	Index Only Scan using sbtest2_pkey on sbtest2  (cost=0.43..10.13 rows=85 width=4)
	  Index Cond: ((id >= 7034035) AND (id <= 7034135))

table 3 : explain SELECT id FROM sbtest3 WHERE id BETWEEN 7034035 AND 7034135
	Index Only Scan using sbtest3_pkey on sbtest3  (cost=0.43..6.24 rows=90 width=4)
	  Index Cond: ((id >= 7034035) AND (id <= 7034135))

table 4 : explain SELECT id FROM sbtest4 WHERE id BETWEEN 7034035 AND 7034135
	Index Only Scan using sbtest4_pkey on sbtest4  (cost=0.43..6.47 rows=102 width=4)
	  Index Cond: ((id >= 7034035) AND (id <= 7034135))

table 5 : explain SELECT id FROM sbtest5 WHERE id BETWEEN 7034035 AND 7034135
	Index Only Scan using sbtest5_pkey on sbtest5  (cost=0.43..6.51 rows=104 width=4)
	  Index Cond: ((id >= 7034035) AND (id <= 7034135))

table 6 : explain SELECT id FROM sbtest6 WHERE id BETWEEN 7034035 AND 7034135
	Index Only Scan using sbtest6_pkey on sbtest6  (cost=0.43..6.47 rows=102 width=4)
	  Index Cond: ((id >= 7034035) AND (id <= 7034135))

table 7 : explain SELECT id FROM sbtest7 WHERE id BETWEEN 7034035 AND 7034135
	Index Only Scan using sbtest7_pkey on sbtest7  (cost=0.43..6.35 rows=96 width=4)
	  Index Cond: ((id >= 7034035) AND (id <= 7034135))

table 8 : explain SELECT id FROM sbtest8 WHERE id BETWEEN 7034035 AND 7034135
	Index Only Scan using sbtest8_pkey on sbtest8  (cost=0.43..10.70 rows=113 width=4)
	  Index Cond: ((id >= 7034035) AND (id <= 7034135))

explain: for range-covered :: explain SELECT id FROM sbtest%d WHERE id BETWEEN 7034035 AND 7034135
explain: for range-covered :: explain SELECT id FROM sbtest%d WHERE id BETWEEN 6358319 AND 6358419
for range-covered
table 1 : explain SELECT id FROM sbtest1 WHERE id BETWEEN 2393517 AND 2393617
	Index Only Scan using sbtest1_pkey on sbtest1  (cost=0.43..6.81 rows=119 width=4)
	  Index Cond: ((id >= 2393517) AND (id <= 2393617))

table 2 : explain SELECT id FROM sbtest2 WHERE id BETWEEN 2393517 AND 2393617
	Index Only Scan using sbtest2_pkey on sbtest2  (cost=0.43..10.58 rows=107 width=4)
	  Index Cond: ((id >= 2393517) AND (id <= 2393617))

table 3 : explain SELECT id FROM sbtest3 WHERE id BETWEEN 2393517 AND 2393617
	Index Only Scan using sbtest3_pkey on sbtest3  (cost=0.43..6.67 rows=112 width=4)
	  Index Cond: ((id >= 2393517) AND (id <= 2393617))

table 4 : explain SELECT id FROM sbtest4 WHERE id BETWEEN 2393517 AND 2393617
	Index Only Scan using sbtest4_pkey on sbtest4  (cost=0.43..6.67 rows=112 width=4)
	  Index Cond: ((id >= 2393517) AND (id <= 2393617))

table 5 : explain SELECT id FROM sbtest5 WHERE id BETWEEN 2393517 AND 2393617
	Index Only Scan using sbtest5_pkey on sbtest5  (cost=0.43..6.37 rows=97 width=4)
	  Index Cond: ((id >= 2393517) AND (id <= 2393617))

table 6 : explain SELECT id FROM sbtest6 WHERE id BETWEEN 2393517 AND 2393617
	Index Only Scan using sbtest6_pkey on sbtest6  (cost=0.43..6.33 rows=95 width=4)
	  Index Cond: ((id >= 2393517) AND (id <= 2393617))

table 7 : explain SELECT id FROM sbtest7 WHERE id BETWEEN 2393517 AND 2393617
	Index Only Scan using sbtest7_pkey on sbtest7  (cost=0.43..6.50 rows=103 width=4)
	  Index Cond: ((id >= 2393517) AND (id <= 2393617))

table 8 : explain SELECT id FROM sbtest8 WHERE id BETWEEN 2393517 AND 2393617
	Index Only Scan using sbtest8_pkey on sbtest8  (cost=0.43..10.42 rows=99 width=4)
	  Index Cond: ((id >= 2393517) AND (id <= 2393617))

explain: for range-covered :: explain SELECT id FROM sbtest%d WHERE id BETWEEN 2393517 AND 2393617
for range-covered
table 1 : explain SELECT id FROM sbtest1 WHERE id BETWEEN 5337567 AND 5337667
	Index Only Scan using sbtest1_pkey on sbtest1  (cost=0.43..6.61 rows=109 width=4)
	  Index Cond: ((id >= 5337567) AND (id <= 5337667))

table 2 : explain SELECT id FROM sbtest2 WHERE id BETWEEN 5337567 AND 5337667
	Index Only Scan using sbtest2_pkey on sbtest2  (cost=0.43..10.33 rows=95 width=4)
	  Index Cond: ((id >= 5337567) AND (id <= 5337667))

table 3 : explain SELECT id FROM sbtest3 WHERE id BETWEEN 5337567 AND 5337667
	Index Only Scan using sbtest3_pkey on sbtest3  (cost=0.43..6.51 rows=104 width=4)
	  Index Cond: ((id >= 5337567) AND (id <= 5337667))

table 4 : explain SELECT id FROM sbtest4 WHERE id BETWEEN 5337567 AND 5337667
	Index Only Scan using sbtest4_pkey on sbtest4  (cost=0.43..6.56 rows=106 width=4)
	  Index Cond: ((id >= 5337567) AND (id <= 5337667))

table 5 : explain SELECT id FROM sbtest5 WHERE id BETWEEN 5337567 AND 5337667
	Index Only Scan using sbtest5_pkey on sbtest5  (cost=0.43..6.58 rows=107 width=4)
	  Index Cond: ((id >= 5337567) AND (id <= 5337667))

table 6 : explain SELECT id FROM sbtest6 WHERE id BETWEEN 5337567 AND 5337667
	Index Only Scan using sbtest6_pkey on sbtest6  (cost=0.43..6.43 rows=100 width=4)
	  Index Cond: ((id >= 5337567) AND (id <= 5337667))

table 7 : explain SELECT id FROM sbtest7 WHERE id BETWEEN 5337567 AND 5337667
	Index Only Scan using sbtest7_pkey on sbtest7  (cost=0.43..6.50 rows=103 width=4)
	  Index Cond: ((id >= 5337567) AND (id <= 5337667))

table 8 : explain SELECT id FROM sbtest8 WHERE id BETWEEN 5337567 AND 5337667
	Index Only Scan using sbtest8_pkey on sbtest8  (cost=0.43..10.58 rows=107 width=4)
	  Index Cond: ((id >= 5337567) AND (id <= 5337667))

for range-covered
table 1 : explain SELECT id FROM sbtest1 WHERE id BETWEEN 7034035 AND 7034135
	Index Only Scan using sbtest1_pkey on sbtest1  (cost=0.43..6.51 rows=104 width=4)
	  Index Cond: ((id >= 7034035) AND (id <= 7034135))

table 2 : explain SELECT id FROM sbtest2 WHERE id BETWEEN 7034035 AND 7034135
	Index Only Scan using sbtest2_pkey on sbtest2  (cost=0.43..10.13 rows=85 width=4)
	  Index Cond: ((id >= 7034035) AND (id <= 7034135))

table 3 : explain SELECT id FROM sbtest3 WHERE id BETWEEN 7034035 AND 7034135
	Index Only Scan using sbtest3_pkey on sbtest3  (cost=0.43..6.24 rows=90 width=4)
	  Index Cond: ((id >= 7034035) AND (id <= 7034135))

table 4 : explain SELECT id FROM sbtest4 WHERE id BETWEEN 7034035 AND 7034135
	Index Only Scan using sbtest4_pkey on sbtest4  (cost=0.43..6.47 rows=102 width=4)
	  Index Cond: ((id >= 7034035) AND (id <= 7034135))

table 5 : explain SELECT id FROM sbtest5 WHERE id BETWEEN 7034035 AND 7034135
	Index Only Scan using sbtest5_pkey on sbtest5  (cost=0.43..6.51 rows=104 width=4)
	  Index Cond: ((id >= 7034035) AND (id <= 7034135))

table 6 : explain SELECT id FROM sbtest6 WHERE id BETWEEN 7034035 AND 7034135
	Index Only Scan using sbtest6_pkey on sbtest6  (cost=0.43..6.47 rows=102 width=4)
	  Index Cond: ((id >= 7034035) AND (id <= 7034135))

table 7 : explain SELECT id FROM sbtest7 WHERE id BETWEEN 7034035 AND 7034135
	Index Only Scan using sbtest7_pkey on sbtest7  (cost=0.43..6.35 rows=96 width=4)
	  Index Cond: ((id >= 7034035) AND (id <= 7034135))

table 8 : explain SELECT id FROM sbtest8 WHERE id BETWEEN 7034035 AND 7034135
	Index Only Scan using sbtest8_pkey on sbtest8  (cost=0.43..10.70 rows=113 width=4)
	  Index Cond: ((id >= 7034035) AND (id <= 7034135))

explain: for range-covered :: explain SELECT id FROM sbtest%d WHERE id BETWEEN 7034035 AND 7034135
for range-covered
table 1 : explain SELECT id FROM sbtest1 WHERE id BETWEEN 7206646 AND 7206746
	Index Only Scan using sbtest1_pkey on sbtest1  (cost=0.43..6.40 rows=98 width=4)
	  Index Cond: ((id >= 7206646) AND (id <= 7206746))

table 2 : explain SELECT id FROM sbtest2 WHERE id BETWEEN 7206646 AND 7206746
	Index Only Scan using sbtest2_pkey on sbtest2  (cost=0.43..10.44 rows=100 width=4)
	  Index Cond: ((id >= 7206646) AND (id <= 7206746))

table 3 : explain SELECT id FROM sbtest3 WHERE id BETWEEN 7206646 AND 7206746
	Index Only Scan using sbtest3_pkey on sbtest3  (cost=0.43..6.33 rows=95 width=4)
	  Index Cond: ((id >= 7206646) AND (id <= 7206746))

table 4 : explain SELECT id FROM sbtest4 WHERE id BETWEEN 7206646 AND 7206746
	Index Only Scan using sbtest4_pkey on sbtest4  (cost=0.43..6.50 rows=103 width=4)
	  Index Cond: ((id >= 7206646) AND (id <= 7206746))

table 5 : explain SELECT id FROM sbtest5 WHERE id BETWEEN 7206646 AND 7206746
	Index Only Scan using sbtest5_pkey on sbtest5  (cost=0.43..6.69 rows=113 width=4)
	  Index Cond: ((id >= 7206646) AND (id <= 7206746))

table 6 : explain SELECT id FROM sbtest6 WHERE id BETWEEN 7206646 AND 7206746
	Index Only Scan using sbtest6_pkey on sbtest6  (cost=0.43..6.56 rows=106 width=4)
	  Index Cond: ((id >= 7206646) AND (id <= 7206746))

table 7 : explain SELECT id FROM sbtest7 WHERE id BETWEEN 7206646 AND 7206746
	Index Only Scan using sbtest7_pkey on sbtest7  (cost=0.43..6.25 rows=91 width=4)
	  Index Cond: ((id >= 7206646) AND (id <= 7206746))

table 8 : explain SELECT id FROM sbtest8 WHERE id BETWEEN 7206646 AND 7206746
	Index Only Scan using sbtest8_pkey on sbtest8  (cost=0.43..10.42 rows=99 width=4)
	  Index Cond: ((id >= 7206646) AND (id <= 7206746))

for range-covered
table 1 : explain SELECT id FROM sbtest1 WHERE id BETWEEN 2393517 AND 2393617
	Index Only Scan using sbtest1_pkey on sbtest1  (cost=0.43..6.81 rows=119 width=4)
	  Index Cond: ((id >= 2393517) AND (id <= 2393617))

table 2 : explain SELECT id FROM sbtest2 WHERE id BETWEEN 2393517 AND 2393617
	Index Only Scan using sbtest2_pkey on sbtest2  (cost=0.43..10.58 rows=107 width=4)
	  Index Cond: ((id >= 2393517) AND (id <= 2393617))

table 3 : explain SELECT id FROM sbtest3 WHERE id BETWEEN 2393517 AND 2393617
	Index Only Scan using sbtest3_pkey on sbtest3  (cost=0.43..6.67 rows=112 width=4)
	  Index Cond: ((id >= 2393517) AND (id <= 2393617))

table 4 : explain SELECT id FROM sbtest4 WHERE id BETWEEN 2393517 AND 2393617
	Index Only Scan using sbtest4_pkey on sbtest4  (cost=0.43..6.67 rows=112 width=4)
	  Index Cond: ((id >= 2393517) AND (id <= 2393617))

table 5 : explain SELECT id FROM sbtest5 WHERE id BETWEEN 2393517 AND 2393617
	Index Only Scan using sbtest5_pkey on sbtest5  (cost=0.43..6.37 rows=97 width=4)
	  Index Cond: ((id >= 2393517) AND (id <= 2393617))

table 6 : explain SELECT id FROM sbtest6 WHERE id BETWEEN 2393517 AND 2393617
	Index Only Scan using sbtest6_pkey on sbtest6  (cost=0.43..6.33 rows=95 width=4)
	  Index Cond: ((id >= 2393517) AND (id <= 2393617))

table 7 : explain SELECT id FROM sbtest7 WHERE id BETWEEN 2393517 AND 2393617
	Index Only Scan using sbtest7_pkey on sbtest7  (cost=0.43..6.50 rows=103 width=4)
	  Index Cond: ((id >= 2393517) AND (id <= 2393617))

table 8 : explain SELECT id FROM sbtest8 WHERE id BETWEEN 2393517 AND 2393617
	Index Only Scan using sbtest8_pkey on sbtest8  (cost=0.43..10.42 rows=99 width=4)
	  Index Cond: ((id >= 2393517) AND (id <= 2393617))

explain: for range-covered :: explain SELECT id FROM sbtest%d WHERE id BETWEEN 7206646 AND 7206746
explain: for range-covered :: explain SELECT id FROM sbtest%d WHERE id BETWEEN 2393517 AND 2393617
for range-covered
table 1 : explain SELECT id FROM sbtest1 WHERE id BETWEEN 1842488 AND 1842588
	Index Only Scan using sbtest1_pkey on sbtest1  (cost=0.43..6.29 rows=93 width=4)
	  Index Cond: ((id >= 1842488) AND (id <= 1842588))

table 2 : explain SELECT id FROM sbtest2 WHERE id BETWEEN 1842488 AND 1842588
	Index Only Scan using sbtest2_pkey on sbtest2  (cost=0.43..10.47 rows=102 width=4)
	  Index Cond: ((id >= 1842488) AND (id <= 1842588))

table 3 : explain SELECT id FROM sbtest3 WHERE id BETWEEN 1842488 AND 1842588
	Index Only Scan using sbtest3_pkey on sbtest3  (cost=0.43..6.45 rows=101 width=4)
	  Index Cond: ((id >= 1842488) AND (id <= 1842588))

table 4 : explain SELECT id FROM sbtest4 WHERE id BETWEEN 1842488 AND 1842588
	Index Only Scan using sbtest4_pkey on sbtest4  (cost=0.43..6.35 rows=96 width=4)
	  Index Cond: ((id >= 1842488) AND (id <= 1842588))

table 5 : explain SELECT id FROM sbtest5 WHERE id BETWEEN 1842488 AND 1842588
	Index Only Scan using sbtest5_pkey on sbtest5  (cost=0.43..6.24 rows=90 width=4)
	  Index Cond: ((id >= 1842488) AND (id <= 1842588))

table 6 : explain SELECT id FROM sbtest6 WHERE id BETWEEN 1842488 AND 1842588
	Index Only Scan using sbtest6_pkey on sbtest6  (cost=0.43..6.32 rows=94 width=4)
	  Index Cond: ((id >= 1842488) AND (id <= 1842588))

table 7 : explain SELECT id FROM sbtest7 WHERE id BETWEEN 1842488 AND 1842588
	Index Only Scan using sbtest7_pkey on sbtest7  (cost=0.43..6.50 rows=103 width=4)
	  Index Cond: ((id >= 1842488) AND (id <= 1842588))

table 8 : explain SELECT id FROM sbtest8 WHERE id BETWEEN 1842488 AND 1842588
	Index Only Scan using sbtest8_pkey on sbtest8  (cost=0.43..10.47 rows=102 width=4)
	  Index Cond: ((id >= 1842488) AND (id <= 1842588))

for range-covered
table 1 : explain SELECT id FROM sbtest1 WHERE id BETWEEN 3974449 AND 3974549
	Index Only Scan using sbtest1_pkey on sbtest1  (cost=0.43..6.29 rows=93 width=4)
	  Index Cond: ((id >= 3974449) AND (id <= 3974549))

table 2 : explain SELECT id FROM sbtest2 WHERE id BETWEEN 3974449 AND 3974549
	Index Only Scan using sbtest2_pkey on sbtest2  (cost=0.43..10.36 rows=96 width=4)
	  Index Cond: ((id >= 3974449) AND (id <= 3974549))

table 3 : explain SELECT id FROM sbtest3 WHERE id BETWEEN 3974449 AND 3974549
	Index Only Scan using sbtest3_pkey on sbtest3  (cost=0.43..6.42 rows=99 width=4)
	  Index Cond: ((id >= 3974449) AND (id <= 3974549))

table 4 : explain SELECT id FROM sbtest4 WHERE id BETWEEN 3974449 AND 3974549
	Index Only Scan using sbtest4_pkey on sbtest4  (cost=0.43..6.66 rows=111 width=4)
	  Index Cond: ((id >= 3974449) AND (id <= 3974549))

table 5 : explain SELECT id FROM sbtest5 WHERE id BETWEEN 3974449 AND 3974549
	Index Only Scan using sbtest5_pkey on sbtest5  (cost=0.43..6.53 rows=105 width=4)
	  Index Cond: ((id >= 3974449) AND (id <= 3974549))

table 6 : explain SELECT id FROM sbtest6 WHERE id BETWEEN 3974449 AND 3974549
	Index Only Scan using sbtest6_pkey on sbtest6  (cost=0.43..6.47 rows=102 width=4)
	  Index Cond: ((id >= 3974449) AND (id <= 3974549))

table 7 : explain SELECT id FROM sbtest7 WHERE id BETWEEN 3974449 AND 3974549
	Index Only Scan using sbtest7_pkey on sbtest7  (cost=0.43..6.42 rows=99 width=4)
	  Index Cond: ((id >= 3974449) AND (id <= 3974549))

table 8 : explain SELECT id FROM sbtest8 WHERE id BETWEEN 3974449 AND 3974549
	Index Only Scan using sbtest8_pkey on sbtest8  (cost=0.43..10.70 rows=113 width=4)
	  Index Cond: ((id >= 3974449) AND (id <= 3974549))

explain: for range-covered :: explain SELECT id FROM sbtest%d WHERE id BETWEEN 1842488 AND 1842588
for range-covered
table 1 : explain SELECT id FROM sbtest1 WHERE id BETWEEN 7034035 AND 7034135
	Index Only Scan using sbtest1_pkey on sbtest1  (cost=0.43..6.51 rows=104 width=4)
	  Index Cond: ((id >= 7034035) AND (id <= 7034135))

table 2 : explain SELECT id FROM sbtest2 WHERE id BETWEEN 7034035 AND 7034135
	Index Only Scan using sbtest2_pkey on sbtest2  (cost=0.43..10.13 rows=85 width=4)
	  Index Cond: ((id >= 7034035) AND (id <= 7034135))

table 3 : explain SELECT id FROM sbtest3 WHERE id BETWEEN 7034035 AND 7034135
	Index Only Scan using sbtest3_pkey on sbtest3  (cost=0.43..6.24 rows=90 width=4)
	  Index Cond: ((id >= 7034035) AND (id <= 7034135))

table 4 : explain SELECT id FROM sbtest4 WHERE id BETWEEN 7034035 AND 7034135
	Index Only Scan using sbtest4_pkey on sbtest4  (cost=0.43..6.47 rows=102 width=4)
	  Index Cond: ((id >= 7034035) AND (id <= 7034135))

table 5 : explain SELECT id FROM sbtest5 WHERE id BETWEEN 7034035 AND 7034135
	Index Only Scan using sbtest5_pkey on sbtest5  (cost=0.43..6.51 rows=104 width=4)
	  Index Cond: ((id >= 7034035) AND (id <= 7034135))

table 6 : explain SELECT id FROM sbtest6 WHERE id BETWEEN 7034035 AND 7034135
	Index Only Scan using sbtest6_pkey on sbtest6  (cost=0.43..6.47 rows=102 width=4)
	  Index Cond: ((id >= 7034035) AND (id <= 7034135))

table 7 : explain SELECT id FROM sbtest7 WHERE id BETWEEN 7034035 AND 7034135
	Index Only Scan using sbtest7_pkey on sbtest7  (cost=0.43..6.35 rows=96 width=4)
	  Index Cond: ((id >= 7034035) AND (id <= 7034135))

table 8 : explain SELECT id FROM sbtest8 WHERE id BETWEEN 7034035 AND 7034135
	Index Only Scan using sbtest8_pkey on sbtest8  (cost=0.43..10.70 rows=113 width=4)
	  Index Cond: ((id >= 7034035) AND (id <= 7034135))

explain: for range-covered :: explain SELECT id FROM sbtest%d WHERE id BETWEEN 7034035 AND 7034135
explain: for range-covered :: explain SELECT id FROM sbtest%d WHERE id BETWEEN 1459195 AND 1459295
for range-covered
table 1 : explain SELECT id FROM sbtest1 WHERE id BETWEEN 737165 AND 737265
	Index Only Scan using sbtest1_pkey on sbtest1  (cost=0.43..6.56 rows=106 width=4)
	  Index Cond: ((id >= 737165) AND (id <= 737265))

table 2 : explain SELECT id FROM sbtest2 WHERE id BETWEEN 737165 AND 737265
	Index Only Scan using sbtest2_pkey on sbtest2  (cost=0.43..10.40 rows=98 width=4)
	  Index Cond: ((id >= 737165) AND (id <= 737265))

table 3 : explain SELECT id FROM sbtest3 WHERE id BETWEEN 737165 AND 737265
	Index Only Scan using sbtest3_pkey on sbtest3  (cost=0.43..6.27 rows=92 width=4)
	  Index Cond: ((id >= 737165) AND (id <= 737265))

table 4 : explain SELECT id FROM sbtest4 WHERE id BETWEEN 737165 AND 737265
	Index Only Scan using sbtest4_pkey on sbtest4  (cost=0.43..6.75 rows=116 width=4)
	  Index Cond: ((id >= 737165) AND (id <= 737265))

table 5 : explain SELECT id FROM sbtest5 WHERE id BETWEEN 737165 AND 737265
	Index Only Scan using sbtest5_pkey on sbtest5  (cost=0.43..6.45 rows=101 width=4)
	  Index Cond: ((id >= 737165) AND (id <= 737265))

table 6 : explain SELECT id FROM sbtest6 WHERE id BETWEEN 737165 AND 737265
	Index Only Scan using sbtest6_pkey on sbtest6  (cost=0.43..6.59 rows=108 width=4)
	  Index Cond: ((id >= 737165) AND (id <= 737265))

table 7 : explain SELECT id FROM sbtest7 WHERE id BETWEEN 737165 AND 737265
	Index Only Scan using sbtest7_pkey on sbtest7  (cost=0.43..6.61 rows=109 width=4)
	  Index Cond: ((id >= 737165) AND (id <= 737265))

table 8 : explain SELECT id FROM sbtest8 WHERE id BETWEEN 737165 AND 737265
	Index Only Scan using sbtest8_pkey on sbtest8  (cost=0.43..10.47 rows=102 width=4)
	  Index Cond: ((id >= 737165) AND (id <= 737265))

for range-covered
table 1 : explain SELECT id FROM sbtest1 WHERE id BETWEEN 2393517 AND 2393617
	Index Only Scan using sbtest1_pkey on sbtest1  (cost=0.43..6.81 rows=119 width=4)
	  Index Cond: ((id >= 2393517) AND (id <= 2393617))

table 2 : explain SELECT id FROM sbtest2 WHERE id BETWEEN 2393517 AND 2393617
	Index Only Scan using sbtest2_pkey on sbtest2  (cost=0.43..10.58 rows=107 width=4)
	  Index Cond: ((id >= 2393517) AND (id <= 2393617))

table 3 : explain SELECT id FROM sbtest3 WHERE id BETWEEN 2393517 AND 2393617
	Index Only Scan using sbtest3_pkey on sbtest3  (cost=0.43..6.67 rows=112 width=4)
	  Index Cond: ((id >= 2393517) AND (id <= 2393617))

table 4 : explain SELECT id FROM sbtest4 WHERE id BETWEEN 2393517 AND 2393617
	Index Only Scan using sbtest4_pkey on sbtest4  (cost=0.43..6.67 rows=112 width=4)
	  Index Cond: ((id >= 2393517) AND (id <= 2393617))

table 5 : explain SELECT id FROM sbtest5 WHERE id BETWEEN 2393517 AND 2393617
	Index Only Scan using sbtest5_pkey on sbtest5  (cost=0.43..6.37 rows=97 width=4)
	  Index Cond: ((id >= 2393517) AND (id <= 2393617))

table 6 : explain SELECT id FROM sbtest6 WHERE id BETWEEN 2393517 AND 2393617
	Index Only Scan using sbtest6_pkey on sbtest6  (cost=0.43..6.33 rows=95 width=4)
	  Index Cond: ((id >= 2393517) AND (id <= 2393617))

table 7 : explain SELECT id FROM sbtest7 WHERE id BETWEEN 2393517 AND 2393617
	Index Only Scan using sbtest7_pkey on sbtest7  (cost=0.43..6.50 rows=103 width=4)
	  Index Cond: ((id >= 2393517) AND (id <= 2393617))

table 8 : explain SELECT id FROM sbtest8 WHERE id BETWEEN 2393517 AND 2393617
	Index Only Scan using sbtest8_pkey on sbtest8  (cost=0.43..10.42 rows=99 width=4)
	  Index Cond: ((id >= 2393517) AND (id <= 2393617))

for range-covered
table 1 : explain SELECT id FROM sbtest1 WHERE id BETWEEN 7206646 AND 7206746
	Index Only Scan using sbtest1_pkey on sbtest1  (cost=0.43..6.40 rows=98 width=4)
	  Index Cond: ((id >= 7206646) AND (id <= 7206746))

table 2 : explain SELECT id FROM sbtest2 WHERE id BETWEEN 7206646 AND 7206746
	Index Only Scan using sbtest2_pkey on sbtest2  (cost=0.43..10.44 rows=100 width=4)
	  Index Cond: ((id >= 7206646) AND (id <= 7206746))

table 3 : explain SELECT id FROM sbtest3 WHERE id BETWEEN 7206646 AND 7206746
	Index Only Scan using sbtest3_pkey on sbtest3  (cost=0.43..6.33 rows=95 width=4)
	  Index Cond: ((id >= 7206646) AND (id <= 7206746))

table 4 : explain SELECT id FROM sbtest4 WHERE id BETWEEN 7206646 AND 7206746
	Index Only Scan using sbtest4_pkey on sbtest4  (cost=0.43..6.50 rows=103 width=4)
	  Index Cond: ((id >= 7206646) AND (id <= 7206746))

table 5 : explain SELECT id FROM sbtest5 WHERE id BETWEEN 7206646 AND 7206746
	Index Only Scan using sbtest5_pkey on sbtest5  (cost=0.43..6.69 rows=113 width=4)
	  Index Cond: ((id >= 7206646) AND (id <= 7206746))

table 6 : explain SELECT id FROM sbtest6 WHERE id BETWEEN 7206646 AND 7206746
	Index Only Scan using sbtest6_pkey on sbtest6  (cost=0.43..6.56 rows=106 width=4)
	  Index Cond: ((id >= 7206646) AND (id <= 7206746))

table 7 : explain SELECT id FROM sbtest7 WHERE id BETWEEN 7206646 AND 7206746
	Index Only Scan using sbtest7_pkey on sbtest7  (cost=0.43..6.25 rows=91 width=4)
	  Index Cond: ((id >= 7206646) AND (id <= 7206746))

table 8 : explain SELECT id FROM sbtest8 WHERE id BETWEEN 7206646 AND 7206746
	Index Only Scan using sbtest8_pkey on sbtest8  (cost=0.43..10.42 rows=99 width=4)
	  Index Cond: ((id >= 7206646) AND (id <= 7206746))

explain: for range-covered :: explain SELECT id FROM sbtest%d WHERE id BETWEEN 737165 AND 737265
explain: for range-covered :: explain SELECT id FROM sbtest%d WHERE id BETWEEN 2393517 AND 2393617
explain: for range-covered :: explain SELECT id FROM sbtest%d WHERE id BETWEEN 7206646 AND 7206746
for range-covered
table 1 : explain SELECT id FROM sbtest1 WHERE id BETWEEN 1842488 AND 1842588
	Index Only Scan using sbtest1_pkey on sbtest1  (cost=0.43..6.29 rows=93 width=4)
	  Index Cond: ((id >= 1842488) AND (id <= 1842588))

table 2 : explain SELECT id FROM sbtest2 WHERE id BETWEEN 1842488 AND 1842588
	Index Only Scan using sbtest2_pkey on sbtest2  (cost=0.43..10.47 rows=102 width=4)
	  Index Cond: ((id >= 1842488) AND (id <= 1842588))

table 3 : explain SELECT id FROM sbtest3 WHERE id BETWEEN 1842488 AND 1842588
	Index Only Scan using sbtest3_pkey on sbtest3  (cost=0.43..6.45 rows=101 width=4)
	  Index Cond: ((id >= 1842488) AND (id <= 1842588))

table 4 : explain SELECT id FROM sbtest4 WHERE id BETWEEN 1842488 AND 1842588
	Index Only Scan using sbtest4_pkey on sbtest4  (cost=0.43..6.35 rows=96 width=4)
	  Index Cond: ((id >= 1842488) AND (id <= 1842588))

table 5 : explain SELECT id FROM sbtest5 WHERE id BETWEEN 1842488 AND 1842588
	Index Only Scan using sbtest5_pkey on sbtest5  (cost=0.43..6.24 rows=90 width=4)
	  Index Cond: ((id >= 1842488) AND (id <= 1842588))

table 6 : explain SELECT id FROM sbtest6 WHERE id BETWEEN 1842488 AND 1842588
	Index Only Scan using sbtest6_pkey on sbtest6  (cost=0.43..6.32 rows=94 width=4)
	  Index Cond: ((id >= 1842488) AND (id <= 1842588))

table 7 : explain SELECT id FROM sbtest7 WHERE id BETWEEN 1842488 AND 1842588
	Index Only Scan using sbtest7_pkey on sbtest7  (cost=0.43..6.50 rows=103 width=4)
	  Index Cond: ((id >= 1842488) AND (id <= 1842588))

table 8 : explain SELECT id FROM sbtest8 WHERE id BETWEEN 1842488 AND 1842588
	Index Only Scan using sbtest8_pkey on sbtest8  (cost=0.43..10.47 rows=102 width=4)
	  Index Cond: ((id >= 1842488) AND (id <= 1842588))

explain: for range-covered :: explain SELECT id FROM sbtest%d WHERE id BETWEEN 1842488 AND 1842588
for range-covered
table 1 : explain SELECT id FROM sbtest1 WHERE id BETWEEN 7034035 AND 7034135
	Index Only Scan using sbtest1_pkey on sbtest1  (cost=0.43..6.51 rows=104 width=4)
	  Index Cond: ((id >= 7034035) AND (id <= 7034135))

table 2 : explain SELECT id FROM sbtest2 WHERE id BETWEEN 7034035 AND 7034135
	Index Only Scan using sbtest2_pkey on sbtest2  (cost=0.43..10.13 rows=85 width=4)
	  Index Cond: ((id >= 7034035) AND (id <= 7034135))

table 3 : explain SELECT id FROM sbtest3 WHERE id BETWEEN 7034035 AND 7034135
	Index Only Scan using sbtest3_pkey on sbtest3  (cost=0.43..6.24 rows=90 width=4)
	  Index Cond: ((id >= 7034035) AND (id <= 7034135))

table 4 : explain SELECT id FROM sbtest4 WHERE id BETWEEN 7034035 AND 7034135
	Index Only Scan using sbtest4_pkey on sbtest4  (cost=0.43..6.47 rows=102 width=4)
	  Index Cond: ((id >= 7034035) AND (id <= 7034135))

table 5 : explain SELECT id FROM sbtest5 WHERE id BETWEEN 7034035 AND 7034135
	Index Only Scan using sbtest5_pkey on sbtest5  (cost=0.43..6.51 rows=104 width=4)
	  Index Cond: ((id >= 7034035) AND (id <= 7034135))

table 6 : explain SELECT id FROM sbtest6 WHERE id BETWEEN 7034035 AND 7034135
	Index Only Scan using sbtest6_pkey on sbtest6  (cost=0.43..6.47 rows=102 width=4)
	  Index Cond: ((id >= 7034035) AND (id <= 7034135))

table 7 : explain SELECT id FROM sbtest7 WHERE id BETWEEN 7034035 AND 7034135
	Index Only Scan using sbtest7_pkey on sbtest7  (cost=0.43..6.35 rows=96 width=4)
	  Index Cond: ((id >= 7034035) AND (id <= 7034135))

table 8 : explain SELECT id FROM sbtest8 WHERE id BETWEEN 7034035 AND 7034135
	Index Only Scan using sbtest8_pkey on sbtest8  (cost=0.43..10.70 rows=113 width=4)
	  Index Cond: ((id >= 7034035) AND (id <= 7034135))

explain: for range-covered :: explain SELECT id FROM sbtest%d WHERE id BETWEEN 7034035 AND 7034135
for range-covered
table 1 : explain SELECT id FROM sbtest1 WHERE id BETWEEN 7206646 AND 7206746
	Index Only Scan using sbtest1_pkey on sbtest1  (cost=0.43..6.40 rows=98 width=4)
	  Index Cond: ((id >= 7206646) AND (id <= 7206746))

table 2 : explain SELECT id FROM sbtest2 WHERE id BETWEEN 7206646 AND 7206746
	Index Only Scan using sbtest2_pkey on sbtest2  (cost=0.43..10.44 rows=100 width=4)
	  Index Cond: ((id >= 7206646) AND (id <= 7206746))

table 3 : explain SELECT id FROM sbtest3 WHERE id BETWEEN 7206646 AND 7206746
	Index Only Scan using sbtest3_pkey on sbtest3  (cost=0.43..6.33 rows=95 width=4)
	  Index Cond: ((id >= 7206646) AND (id <= 7206746))

table 4 : explain SELECT id FROM sbtest4 WHERE id BETWEEN 7206646 AND 7206746
	Index Only Scan using sbtest4_pkey on sbtest4  (cost=0.43..6.50 rows=103 width=4)
	  Index Cond: ((id >= 7206646) AND (id <= 7206746))

table 5 : explain SELECT id FROM sbtest5 WHERE id BETWEEN 7206646 AND 7206746
	Index Only Scan using sbtest5_pkey on sbtest5  (cost=0.43..6.69 rows=113 width=4)
	  Index Cond: ((id >= 7206646) AND (id <= 7206746))

table 6 : explain SELECT id FROM sbtest6 WHERE id BETWEEN 7206646 AND 7206746
	Index Only Scan using sbtest6_pkey on sbtest6  (cost=0.43..6.56 rows=106 width=4)
	  Index Cond: ((id >= 7206646) AND (id <= 7206746))

table 7 : explain SELECT id FROM sbtest7 WHERE id BETWEEN 7206646 AND 7206746
	Index Only Scan using sbtest7_pkey on sbtest7  (cost=0.43..6.25 rows=91 width=4)
	  Index Cond: ((id >= 7206646) AND (id <= 7206746))

table 8 : explain SELECT id FROM sbtest8 WHERE id BETWEEN 7206646 AND 7206746
	Index Only Scan using sbtest8_pkey on sbtest8  (cost=0.43..10.42 rows=99 width=4)
	  Index Cond: ((id >= 7206646) AND (id <= 7206746))

for range-covered
table 1 : explain SELECT id FROM sbtest1 WHERE id BETWEEN 2393517 AND 2393617
	Index Only Scan using sbtest1_pkey on sbtest1  (cost=0.43..6.81 rows=119 width=4)
	  Index Cond: ((id >= 2393517) AND (id <= 2393617))

table 2 : explain SELECT id FROM sbtest2 WHERE id BETWEEN 2393517 AND 2393617
	Index Only Scan using sbtest2_pkey on sbtest2  (cost=0.43..10.58 rows=107 width=4)
	  Index Cond: ((id >= 2393517) AND (id <= 2393617))

table 3 : explain SELECT id FROM sbtest3 WHERE id BETWEEN 2393517 AND 2393617
	Index Only Scan using sbtest3_pkey on sbtest3  (cost=0.43..6.67 rows=112 width=4)
	  Index Cond: ((id >= 2393517) AND (id <= 2393617))

table 4 : explain SELECT id FROM sbtest4 WHERE id BETWEEN 2393517 AND 2393617
	Index Only Scan using sbtest4_pkey on sbtest4  (cost=0.43..6.67 rows=112 width=4)
	  Index Cond: ((id >= 2393517) AND (id <= 2393617))

table 5 : explain SELECT id FROM sbtest5 WHERE id BETWEEN 2393517 AND 2393617
	Index Only Scan using sbtest5_pkey on sbtest5  (cost=0.43..6.37 rows=97 width=4)
	  Index Cond: ((id >= 2393517) AND (id <= 2393617))

table 6 : explain SELECT id FROM sbtest6 WHERE id BETWEEN 2393517 AND 2393617
	Index Only Scan using sbtest6_pkey on sbtest6  (cost=0.43..6.33 rows=95 width=4)
	  Index Cond: ((id >= 2393517) AND (id <= 2393617))

table 7 : explain SELECT id FROM sbtest7 WHERE id BETWEEN 2393517 AND 2393617
	Index Only Scan using sbtest7_pkey on sbtest7  (cost=0.43..6.50 rows=103 width=4)
	  Index Cond: ((id >= 2393517) AND (id <= 2393617))

table 8 : explain SELECT id FROM sbtest8 WHERE id BETWEEN 2393517 AND 2393617
	Index Only Scan using sbtest8_pkey on sbtest8  (cost=0.43..10.42 rows=99 width=4)
	  Index Cond: ((id >= 2393517) AND (id <= 2393617))

for range-covered
table 1 : explain SELECT id FROM sbtest1 WHERE id BETWEEN 1842488 AND 1842588
	Index Only Scan using sbtest1_pkey on sbtest1  (cost=0.43..6.29 rows=93 width=4)
	  Index Cond: ((id >= 1842488) AND (id <= 1842588))

table 2 : explain SELECT id FROM sbtest2 WHERE id BETWEEN 1842488 AND 1842588
	Index Only Scan using sbtest2_pkey on sbtest2  (cost=0.43..10.47 rows=102 width=4)
	  Index Cond: ((id >= 1842488) AND (id <= 1842588))

table 3 : explain SELECT id FROM sbtest3 WHERE id BETWEEN 1842488 AND 1842588
	Index Only Scan using sbtest3_pkey on sbtest3  (cost=0.43..6.45 rows=101 width=4)
	  Index Cond: ((id >= 1842488) AND (id <= 1842588))

table 4 : explain SELECT id FROM sbtest4 WHERE id BETWEEN 1842488 AND 1842588
	Index Only Scan using sbtest4_pkey on sbtest4  (cost=0.43..6.35 rows=96 width=4)
	  Index Cond: ((id >= 1842488) AND (id <= 1842588))

table 5 : explain SELECT id FROM sbtest5 WHERE id BETWEEN 1842488 AND 1842588
	Index Only Scan using sbtest5_pkey on sbtest5  (cost=0.43..6.24 rows=90 width=4)
	  Index Cond: ((id >= 1842488) AND (id <= 1842588))

table 6 : explain SELECT id FROM sbtest6 WHERE id BETWEEN 1842488 AND 1842588
	Index Only Scan using sbtest6_pkey on sbtest6  (cost=0.43..6.32 rows=94 width=4)
	  Index Cond: ((id >= 1842488) AND (id <= 1842588))

table 7 : explain SELECT id FROM sbtest7 WHERE id BETWEEN 1842488 AND 1842588
	Index Only Scan using sbtest7_pkey on sbtest7  (cost=0.43..6.50 rows=103 width=4)
	  Index Cond: ((id >= 1842488) AND (id <= 1842588))

table 8 : explain SELECT id FROM sbtest8 WHERE id BETWEEN 1842488 AND 1842588
	Index Only Scan using sbtest8_pkey on sbtest8  (cost=0.43..10.47 rows=102 width=4)
	  Index Cond: ((id >= 1842488) AND (id <= 1842588))

explain: for range-covered :: explain SELECT id FROM sbtest%d WHERE id BETWEEN 2393517 AND 2393617
for range-covered
table 1 : explain SELECT id FROM sbtest1 WHERE id BETWEEN 3526943 AND 3527043
	Index Only Scan using sbtest1_pkey on sbtest1  (cost=0.43..6.42 rows=99 width=4)
	  Index Cond: ((id >= 3526943) AND (id <= 3527043))

table 2 : explain SELECT id FROM sbtest2 WHERE id BETWEEN 3526943 AND 3527043
	Index Only Scan using sbtest2_pkey on sbtest2  (cost=0.43..10.56 rows=106 width=4)
	  Index Cond: ((id >= 3526943) AND (id <= 3527043))

table 3 : explain SELECT id FROM sbtest3 WHERE id BETWEEN 3526943 AND 3527043
	Index Only Scan using sbtest3_pkey on sbtest3  (cost=0.43..6.45 rows=101 width=4)
	  Index Cond: ((id >= 3526943) AND (id <= 3527043))

table 4 : explain SELECT id FROM sbtest4 WHERE id BETWEEN 3526943 AND 3527043
	Index Only Scan using sbtest4_pkey on sbtest4  (cost=0.43..6.53 rows=105 width=4)
	  Index Cond: ((id >= 3526943) AND (id <= 3527043))

table 5 : explain SELECT id FROM sbtest5 WHERE id BETWEEN 3526943 AND 3527043
	Index Only Scan using sbtest5_pkey on sbtest5  (cost=0.43..6.58 rows=107 width=4)
	  Index Cond: ((id >= 3526943) AND (id <= 3527043))

table 6 : explain SELECT id FROM sbtest6 WHERE id BETWEEN 3526943 AND 3527043
	Index Only Scan using sbtest6_pkey on sbtest6  (cost=0.43..6.32 rows=94 width=4)
	  Index Cond: ((id >= 3526943) AND (id <= 3527043))

table 7 : explain SELECT id FROM sbtest7 WHERE id BETWEEN 3526943 AND 3527043
	Index Only Scan using sbtest7_pkey on sbtest7  (cost=0.43..6.35 rows=96 width=4)
	  Index Cond: ((id >= 3526943) AND (id <= 3527043))

table 8 : explain SELECT id FROM sbtest8 WHERE id BETWEEN 3526943 AND 3527043
	Index Only Scan using sbtest8_pkey on sbtest8  (cost=0.43..10.56 rows=106 width=4)
	  Index Cond: ((id >= 3526943) AND (id <= 3527043))

explain: for range-covered :: explain SELECT id FROM sbtest%d WHERE id BETWEEN 4384207 AND 4384307
explain: for range-covered :: explain SELECT id FROM sbtest%d WHERE id BETWEEN 1842488 AND 1842588
for range-covered
table 1 : explain SELECT id FROM sbtest1 WHERE id BETWEEN 7034035 AND 7034135
	Index Only Scan using sbtest1_pkey on sbtest1  (cost=0.43..6.51 rows=104 width=4)
	  Index Cond: ((id >= 7034035) AND (id <= 7034135))

table 2 : explain SELECT id FROM sbtest2 WHERE id BETWEEN 7034035 AND 7034135
	Index Only Scan using sbtest2_pkey on sbtest2  (cost=0.43..10.13 rows=85 width=4)
	  Index Cond: ((id >= 7034035) AND (id <= 7034135))

table 3 : explain SELECT id FROM sbtest3 WHERE id BETWEEN 7034035 AND 7034135
	Index Only Scan using sbtest3_pkey on sbtest3  (cost=0.43..6.24 rows=90 width=4)
	  Index Cond: ((id >= 7034035) AND (id <= 7034135))

table 4 : explain SELECT id FROM sbtest4 WHERE id BETWEEN 7034035 AND 7034135
	Index Only Scan using sbtest4_pkey on sbtest4  (cost=0.43..6.47 rows=102 width=4)
	  Index Cond: ((id >= 7034035) AND (id <= 7034135))

table 5 : explain SELECT id FROM sbtest5 WHERE id BETWEEN 7034035 AND 7034135
	Index Only Scan using sbtest5_pkey on sbtest5  (cost=0.43..6.51 rows=104 width=4)
	  Index Cond: ((id >= 7034035) AND (id <= 7034135))

table 6 : explain SELECT id FROM sbtest6 WHERE id BETWEEN 7034035 AND 7034135
	Index Only Scan using sbtest6_pkey on sbtest6  (cost=0.43..6.47 rows=102 width=4)
	  Index Cond: ((id >= 7034035) AND (id <= 7034135))

table 7 : explain SELECT id FROM sbtest7 WHERE id BETWEEN 7034035 AND 7034135
	Index Only Scan using sbtest7_pkey on sbtest7  (cost=0.43..6.35 rows=96 width=4)
	  Index Cond: ((id >= 7034035) AND (id <= 7034135))

table 8 : explain SELECT id FROM sbtest8 WHERE id BETWEEN 7034035 AND 7034135
	Index Only Scan using sbtest8_pkey on sbtest8  (cost=0.43..10.70 rows=113 width=4)
	  Index Cond: ((id >= 7034035) AND (id <= 7034135))

for range-covered
table 1 : explain SELECT id FROM sbtest1 WHERE id BETWEEN 6358319 AND 6358419
	Index Only Scan using sbtest1_pkey on sbtest1  (cost=0.43..6.33 rows=95 width=4)
	  Index Cond: ((id >= 6358319) AND (id <= 6358419))

table 2 : explain SELECT id FROM sbtest2 WHERE id BETWEEN 6358319 AND 6358419
	Index Only Scan using sbtest2_pkey on sbtest2  (cost=0.43..10.56 rows=106 width=4)
	  Index Cond: ((id >= 6358319) AND (id <= 6358419))

table 3 : explain SELECT id FROM sbtest3 WHERE id BETWEEN 6358319 AND 6358419
	Index Only Scan using sbtest3_pkey on sbtest3  (cost=0.43..6.33 rows=95 width=4)
	  Index Cond: ((id >= 6358319) AND (id <= 6358419))

table 4 : explain SELECT id FROM sbtest4 WHERE id BETWEEN 6358319 AND 6358419
	Index Only Scan using sbtest4_pkey on sbtest4  (cost=0.43..6.53 rows=105 width=4)
	  Index Cond: ((id >= 6358319) AND (id <= 6358419))

table 5 : explain SELECT id FROM sbtest5 WHERE id BETWEEN 6358319 AND 6358419
	Index Only Scan using sbtest5_pkey on sbtest5  (cost=0.43..6.33 rows=95 width=4)
	  Index Cond: ((id >= 6358319) AND (id <= 6358419))

table 6 : explain SELECT id FROM sbtest6 WHERE id BETWEEN 6358319 AND 6358419
	Index Only Scan using sbtest6_pkey on sbtest6  (cost=0.43..6.53 rows=105 width=4)
	  Index Cond: ((id >= 6358319) AND (id <= 6358419))

table 7 : explain SELECT id FROM sbtest7 WHERE id BETWEEN 6358319 AND 6358419
	Index Only Scan using sbtest7_pkey on sbtest7  (cost=0.43..6.53 rows=105 width=4)
	  Index Cond: ((id >= 6358319) AND (id <= 6358419))

table 8 : explain SELECT id FROM sbtest8 WHERE id BETWEEN 6358319 AND 6358419
	Index Only Scan using sbtest8_pkey on sbtest8  (cost=0.43..10.32 rows=94 width=4)
	  Index Cond: ((id >= 6358319) AND (id <= 6358419))

explain: for range-covered :: explain SELECT id FROM sbtest%d WHERE id BETWEEN 3526943 AND 3527043
explain: for range-covered :: explain SELECT id FROM sbtest%d WHERE id BETWEEN 6358319 AND 6358419
for range-covered
table 1 : explain SELECT id FROM sbtest1 WHERE id BETWEEN 737165 AND 737265
	Index Only Scan using sbtest1_pkey on sbtest1  (cost=0.43..6.56 rows=106 width=4)
	  Index Cond: ((id >= 737165) AND (id <= 737265))

table 2 : explain SELECT id FROM sbtest2 WHERE id BETWEEN 737165 AND 737265
	Index Only Scan using sbtest2_pkey on sbtest2  (cost=0.43..10.40 rows=98 width=4)
	  Index Cond: ((id >= 737165) AND (id <= 737265))

table 3 : explain SELECT id FROM sbtest3 WHERE id BETWEEN 737165 AND 737265
	Index Only Scan using sbtest3_pkey on sbtest3  (cost=0.43..6.27 rows=92 width=4)
	  Index Cond: ((id >= 737165) AND (id <= 737265))

table 4 : explain SELECT id FROM sbtest4 WHERE id BETWEEN 737165 AND 737265
	Index Only Scan using sbtest4_pkey on sbtest4  (cost=0.43..6.75 rows=116 width=4)
	  Index Cond: ((id >= 737165) AND (id <= 737265))

table 5 : explain SELECT id FROM sbtest5 WHERE id BETWEEN 737165 AND 737265
	Index Only Scan using sbtest5_pkey on sbtest5  (cost=0.43..6.45 rows=101 width=4)
	  Index Cond: ((id >= 737165) AND (id <= 737265))

table 6 : explain SELECT id FROM sbtest6 WHERE id BETWEEN 737165 AND 737265
	Index Only Scan using sbtest6_pkey on sbtest6  (cost=0.43..6.59 rows=108 width=4)
	  Index Cond: ((id >= 737165) AND (id <= 737265))

table 7 : explain SELECT id FROM sbtest7 WHERE id BETWEEN 737165 AND 737265
	Index Only Scan using sbtest7_pkey on sbtest7  (cost=0.43..6.61 rows=109 width=4)
	  Index Cond: ((id >= 737165) AND (id <= 737265))

table 8 : explain SELECT id FROM sbtest8 WHERE id BETWEEN 737165 AND 737265
	Index Only Scan using sbtest8_pkey on sbtest8  (cost=0.43..10.47 rows=102 width=4)
	  Index Cond: ((id >= 737165) AND (id <= 737265))

explain: for range-covered :: explain SELECT id FROM sbtest%d WHERE id BETWEEN 737165 AND 737265
for range-covered
table 1 : explain SELECT id FROM sbtest1 WHERE id BETWEEN 1842488 AND 1842588
	Index Only Scan using sbtest1_pkey on sbtest1  (cost=0.43..6.29 rows=93 width=4)
	  Index Cond: ((id >= 1842488) AND (id <= 1842588))

table 2 : explain SELECT id FROM sbtest2 WHERE id BETWEEN 1842488 AND 1842588
	Index Only Scan using sbtest2_pkey on sbtest2  (cost=0.43..10.47 rows=102 width=4)
	  Index Cond: ((id >= 1842488) AND (id <= 1842588))

table 3 : explain SELECT id FROM sbtest3 WHERE id BETWEEN 1842488 AND 1842588
	Index Only Scan using sbtest3_pkey on sbtest3  (cost=0.43..6.45 rows=101 width=4)
	  Index Cond: ((id >= 1842488) AND (id <= 1842588))

table 4 : explain SELECT id FROM sbtest4 WHERE id BETWEEN 1842488 AND 1842588
	Index Only Scan using sbtest4_pkey on sbtest4  (cost=0.43..6.35 rows=96 width=4)
	  Index Cond: ((id >= 1842488) AND (id <= 1842588))

table 5 : explain SELECT id FROM sbtest5 WHERE id BETWEEN 1842488 AND 1842588
	Index Only Scan using sbtest5_pkey on sbtest5  (cost=0.43..6.24 rows=90 width=4)
	  Index Cond: ((id >= 1842488) AND (id <= 1842588))

table 6 : explain SELECT id FROM sbtest6 WHERE id BETWEEN 1842488 AND 1842588
	Index Only Scan using sbtest6_pkey on sbtest6  (cost=0.43..6.32 rows=94 width=4)
	  Index Cond: ((id >= 1842488) AND (id <= 1842588))

table 7 : explain SELECT id FROM sbtest7 WHERE id BETWEEN 1842488 AND 1842588
	Index Only Scan using sbtest7_pkey on sbtest7  (cost=0.43..6.50 rows=103 width=4)
	  Index Cond: ((id >= 1842488) AND (id <= 1842588))

table 8 : explain SELECT id FROM sbtest8 WHERE id BETWEEN 1842488 AND 1842588
	Index Only Scan using sbtest8_pkey on sbtest8  (cost=0.43..10.47 rows=102 width=4)
	  Index Cond: ((id >= 1842488) AND (id <= 1842588))

explain: for range-covered :: explain SELECT id FROM sbtest%d WHERE id BETWEEN 1842488 AND 1842588
for range-covered
table 1 : explain SELECT id FROM sbtest1 WHERE id BETWEEN 2393517 AND 2393617
	Index Only Scan using sbtest1_pkey on sbtest1  (cost=0.43..6.81 rows=119 width=4)
	  Index Cond: ((id >= 2393517) AND (id <= 2393617))

table 2 : explain SELECT id FROM sbtest2 WHERE id BETWEEN 2393517 AND 2393617
	Index Only Scan using sbtest2_pkey on sbtest2  (cost=0.43..10.58 rows=107 width=4)
	  Index Cond: ((id >= 2393517) AND (id <= 2393617))

table 3 : explain SELECT id FROM sbtest3 WHERE id BETWEEN 2393517 AND 2393617
	Index Only Scan using sbtest3_pkey on sbtest3  (cost=0.43..6.67 rows=112 width=4)
	  Index Cond: ((id >= 2393517) AND (id <= 2393617))

table 4 : explain SELECT id FROM sbtest4 WHERE id BETWEEN 2393517 AND 2393617
	Index Only Scan using sbtest4_pkey on sbtest4  (cost=0.43..6.67 rows=112 width=4)
	  Index Cond: ((id >= 2393517) AND (id <= 2393617))

table 5 : explain SELECT id FROM sbtest5 WHERE id BETWEEN 2393517 AND 2393617
	Index Only Scan using sbtest5_pkey on sbtest5  (cost=0.43..6.37 rows=97 width=4)
	  Index Cond: ((id >= 2393517) AND (id <= 2393617))

table 6 : explain SELECT id FROM sbtest6 WHERE id BETWEEN 2393517 AND 2393617
	Index Only Scan using sbtest6_pkey on sbtest6  (cost=0.43..6.33 rows=95 width=4)
	  Index Cond: ((id >= 2393517) AND (id <= 2393617))

table 7 : explain SELECT id FROM sbtest7 WHERE id BETWEEN 2393517 AND 2393617
	Index Only Scan using sbtest7_pkey on sbtest7  (cost=0.43..6.50 rows=103 width=4)
	  Index Cond: ((id >= 2393517) AND (id <= 2393617))

table 8 : explain SELECT id FROM sbtest8 WHERE id BETWEEN 2393517 AND 2393617
	Index Only Scan using sbtest8_pkey on sbtest8  (cost=0.43..10.42 rows=99 width=4)
	  Index Cond: ((id >= 2393517) AND (id <= 2393617))

explain: for range-covered :: explain SELECT id FROM sbtest%d WHERE id BETWEEN 6733095 AND 6733195
explain: for range-covered :: explain SELECT id FROM sbtest%d WHERE id BETWEEN 2393517 AND 2393617
for range-covered
table 1 : explain SELECT id FROM sbtest1 WHERE id BETWEEN 6358319 AND 6358419
	Index Only Scan using sbtest1_pkey on sbtest1  (cost=0.43..6.33 rows=95 width=4)
	  Index Cond: ((id >= 6358319) AND (id <= 6358419))

table 2 : explain SELECT id FROM sbtest2 WHERE id BETWEEN 6358319 AND 6358419
	Index Only Scan using sbtest2_pkey on sbtest2  (cost=0.43..10.56 rows=106 width=4)
	  Index Cond: ((id >= 6358319) AND (id <= 6358419))

table 3 : explain SELECT id FROM sbtest3 WHERE id BETWEEN 6358319 AND 6358419
	Index Only Scan using sbtest3_pkey on sbtest3  (cost=0.43..6.33 rows=95 width=4)
	  Index Cond: ((id >= 6358319) AND (id <= 6358419))

table 4 : explain SELECT id FROM sbtest4 WHERE id BETWEEN 6358319 AND 6358419
	Index Only Scan using sbtest4_pkey on sbtest4  (cost=0.43..6.53 rows=105 width=4)
	  Index Cond: ((id >= 6358319) AND (id <= 6358419))

table 5 : explain SELECT id FROM sbtest5 WHERE id BETWEEN 6358319 AND 6358419
	Index Only Scan using sbtest5_pkey on sbtest5  (cost=0.43..6.33 rows=95 width=4)
	  Index Cond: ((id >= 6358319) AND (id <= 6358419))

table 6 : explain SELECT id FROM sbtest6 WHERE id BETWEEN 6358319 AND 6358419
	Index Only Scan using sbtest6_pkey on sbtest6  (cost=0.43..6.53 rows=105 width=4)
	  Index Cond: ((id >= 6358319) AND (id <= 6358419))

table 7 : explain SELECT id FROM sbtest7 WHERE id BETWEEN 6358319 AND 6358419
	Index Only Scan using sbtest7_pkey on sbtest7  (cost=0.43..6.53 rows=105 width=4)
	  Index Cond: ((id >= 6358319) AND (id <= 6358419))

table 8 : explain SELECT id FROM sbtest8 WHERE id BETWEEN 6358319 AND 6358419
	Index Only Scan using sbtest8_pkey on sbtest8  (cost=0.43..10.32 rows=94 width=4)
	  Index Cond: ((id >= 6358319) AND (id <= 6358419))

explain: for range-covered :: explain SELECT id FROM sbtest%d WHERE id BETWEEN 6358319 AND 6358419
for range-covered
table 1 : explain SELECT id FROM sbtest1 WHERE id BETWEEN 1842488 AND 1842588
	Index Only Scan using sbtest1_pkey on sbtest1  (cost=0.43..6.29 rows=93 width=4)
	  Index Cond: ((id >= 1842488) AND (id <= 1842588))

table 2 : explain SELECT id FROM sbtest2 WHERE id BETWEEN 1842488 AND 1842588
	Index Only Scan using sbtest2_pkey on sbtest2  (cost=0.43..10.47 rows=102 width=4)
	  Index Cond: ((id >= 1842488) AND (id <= 1842588))

table 3 : explain SELECT id FROM sbtest3 WHERE id BETWEEN 1842488 AND 1842588
	Index Only Scan using sbtest3_pkey on sbtest3  (cost=0.43..6.45 rows=101 width=4)
	  Index Cond: ((id >= 1842488) AND (id <= 1842588))

table 4 : explain SELECT id FROM sbtest4 WHERE id BETWEEN 1842488 AND 1842588
	Index Only Scan using sbtest4_pkey on sbtest4  (cost=0.43..6.35 rows=96 width=4)
	  Index Cond: ((id >= 1842488) AND (id <= 1842588))

table 5 : explain SELECT id FROM sbtest5 WHERE id BETWEEN 1842488 AND 1842588
	Index Only Scan using sbtest5_pkey on sbtest5  (cost=0.43..6.24 rows=90 width=4)
	  Index Cond: ((id >= 1842488) AND (id <= 1842588))

table 6 : explain SELECT id FROM sbtest6 WHERE id BETWEEN 1842488 AND 1842588
	Index Only Scan using sbtest6_pkey on sbtest6  (cost=0.43..6.32 rows=94 width=4)
	  Index Cond: ((id >= 1842488) AND (id <= 1842588))

table 7 : explain SELECT id FROM sbtest7 WHERE id BETWEEN 1842488 AND 1842588
	Index Only Scan using sbtest7_pkey on sbtest7  (cost=0.43..6.50 rows=103 width=4)
	  Index Cond: ((id >= 1842488) AND (id <= 1842588))

table 8 : explain SELECT id FROM sbtest8 WHERE id BETWEEN 1842488 AND 1842588
	Index Only Scan using sbtest8_pkey on sbtest8  (cost=0.43..10.47 rows=102 width=4)
	  Index Cond: ((id >= 1842488) AND (id <= 1842588))

explain: for range-covered :: explain SELECT id FROM sbtest%d WHERE id BETWEEN 1842488 AND 1842588
for range-covered
table 1 : explain SELECT id FROM sbtest1 WHERE id BETWEEN 2393517 AND 2393617
	Index Only Scan using sbtest1_pkey on sbtest1  (cost=0.43..6.81 rows=119 width=4)
	  Index Cond: ((id >= 2393517) AND (id <= 2393617))

table 2 : explain SELECT id FROM sbtest2 WHERE id BETWEEN 2393517 AND 2393617
	Index Only Scan using sbtest2_pkey on sbtest2  (cost=0.43..10.58 rows=107 width=4)
	  Index Cond: ((id >= 2393517) AND (id <= 2393617))

table 3 : explain SELECT id FROM sbtest3 WHERE id BETWEEN 2393517 AND 2393617
	Index Only Scan using sbtest3_pkey on sbtest3  (cost=0.43..6.67 rows=112 width=4)
	  Index Cond: ((id >= 2393517) AND (id <= 2393617))

table 4 : explain SELECT id FROM sbtest4 WHERE id BETWEEN 2393517 AND 2393617
	Index Only Scan using sbtest4_pkey on sbtest4  (cost=0.43..6.67 rows=112 width=4)
	  Index Cond: ((id >= 2393517) AND (id <= 2393617))

table 5 : explain SELECT id FROM sbtest5 WHERE id BETWEEN 2393517 AND 2393617
	Index Only Scan using sbtest5_pkey on sbtest5  (cost=0.43..6.37 rows=97 width=4)
	  Index Cond: ((id >= 2393517) AND (id <= 2393617))

table 6 : explain SELECT id FROM sbtest6 WHERE id BETWEEN 2393517 AND 2393617
	Index Only Scan using sbtest6_pkey on sbtest6  (cost=0.43..6.33 rows=95 width=4)
	  Index Cond: ((id >= 2393517) AND (id <= 2393617))

table 7 : explain SELECT id FROM sbtest7 WHERE id BETWEEN 2393517 AND 2393617
	Index Only Scan using sbtest7_pkey on sbtest7  (cost=0.43..6.50 rows=103 width=4)
	  Index Cond: ((id >= 2393517) AND (id <= 2393617))

table 8 : explain SELECT id FROM sbtest8 WHERE id BETWEEN 2393517 AND 2393617
	Index Only Scan using sbtest8_pkey on sbtest8  (cost=0.43..10.42 rows=99 width=4)
	  Index Cond: ((id >= 2393517) AND (id <= 2393617))

explain: for range-covered :: explain SELECT id FROM sbtest%d WHERE id BETWEEN 2393517 AND 2393617
for range-covered
table 1 : explain SELECT id FROM sbtest1 WHERE id BETWEEN 3526943 AND 3527043
	Index Only Scan using sbtest1_pkey on sbtest1  (cost=0.43..6.42 rows=99 width=4)
	  Index Cond: ((id >= 3526943) AND (id <= 3527043))

table 2 : explain SELECT id FROM sbtest2 WHERE id BETWEEN 3526943 AND 3527043
	Index Only Scan using sbtest2_pkey on sbtest2  (cost=0.43..10.56 rows=106 width=4)
	  Index Cond: ((id >= 3526943) AND (id <= 3527043))

table 3 : explain SELECT id FROM sbtest3 WHERE id BETWEEN 3526943 AND 3527043
	Index Only Scan using sbtest3_pkey on sbtest3  (cost=0.43..6.45 rows=101 width=4)
	  Index Cond: ((id >= 3526943) AND (id <= 3527043))

table 4 : explain SELECT id FROM sbtest4 WHERE id BETWEEN 3526943 AND 3527043
	Index Only Scan using sbtest4_pkey on sbtest4  (cost=0.43..6.53 rows=105 width=4)
	  Index Cond: ((id >= 3526943) AND (id <= 3527043))

table 5 : explain SELECT id FROM sbtest5 WHERE id BETWEEN 3526943 AND 3527043
	Index Only Scan using sbtest5_pkey on sbtest5  (cost=0.43..6.58 rows=107 width=4)
	  Index Cond: ((id >= 3526943) AND (id <= 3527043))

table 6 : explain SELECT id FROM sbtest6 WHERE id BETWEEN 3526943 AND 3527043
	Index Only Scan using sbtest6_pkey on sbtest6  (cost=0.43..6.32 rows=94 width=4)
	  Index Cond: ((id >= 3526943) AND (id <= 3527043))

table 7 : explain SELECT id FROM sbtest7 WHERE id BETWEEN 3526943 AND 3527043
	Index Only Scan using sbtest7_pkey on sbtest7  (cost=0.43..6.35 rows=96 width=4)
	  Index Cond: ((id >= 3526943) AND (id <= 3527043))

table 8 : explain SELECT id FROM sbtest8 WHERE id BETWEEN 3526943 AND 3527043
	Index Only Scan using sbtest8_pkey on sbtest8  (cost=0.43..10.56 rows=106 width=4)
	  Index Cond: ((id >= 3526943) AND (id <= 3527043))

for range-covered
table 1 : explain SELECT id FROM sbtest1 WHERE id BETWEEN 6358319 AND 6358419
	Index Only Scan using sbtest1_pkey on sbtest1  (cost=0.43..6.33 rows=95 width=4)
	  Index Cond: ((id >= 6358319) AND (id <= 6358419))

table 2 : explain SELECT id FROM sbtest2 WHERE id BETWEEN 6358319 AND 6358419
	Index Only Scan using sbtest2_pkey on sbtest2  (cost=0.43..10.56 rows=106 width=4)
	  Index Cond: ((id >= 6358319) AND (id <= 6358419))

table 3 : explain SELECT id FROM sbtest3 WHERE id BETWEEN 6358319 AND 6358419
	Index Only Scan using sbtest3_pkey on sbtest3  (cost=0.43..6.33 rows=95 width=4)
	  Index Cond: ((id >= 6358319) AND (id <= 6358419))

table 4 : explain SELECT id FROM sbtest4 WHERE id BETWEEN 6358319 AND 6358419
	Index Only Scan using sbtest4_pkey on sbtest4  (cost=0.43..6.53 rows=105 width=4)
	  Index Cond: ((id >= 6358319) AND (id <= 6358419))

table 5 : explain SELECT id FROM sbtest5 WHERE id BETWEEN 6358319 AND 6358419
	Index Only Scan using sbtest5_pkey on sbtest5  (cost=0.43..6.33 rows=95 width=4)
	  Index Cond: ((id >= 6358319) AND (id <= 6358419))

table 6 : explain SELECT id FROM sbtest6 WHERE id BETWEEN 6358319 AND 6358419
	Index Only Scan using sbtest6_pkey on sbtest6  (cost=0.43..6.53 rows=105 width=4)
	  Index Cond: ((id >= 6358319) AND (id <= 6358419))

table 7 : explain SELECT id FROM sbtest7 WHERE id BETWEEN 6358319 AND 6358419
	Index Only Scan using sbtest7_pkey on sbtest7  (cost=0.43..6.53 rows=105 width=4)
	  Index Cond: ((id >= 6358319) AND (id <= 6358419))

table 8 : explain SELECT id FROM sbtest8 WHERE id BETWEEN 6358319 AND 6358419
	Index Only Scan using sbtest8_pkey on sbtest8  (cost=0.43..10.32 rows=94 width=4)
	  Index Cond: ((id >= 6358319) AND (id <= 6358419))

explain: for range-covered :: explain SELECT id FROM sbtest%d WHERE id BETWEEN 6358319 AND 6358419
explain: for range-covered :: explain SELECT id FROM sbtest%d WHERE id BETWEEN 3526943 AND 3527043
for range-covered
table 1 : explain SELECT id FROM sbtest1 WHERE id BETWEEN 737165 AND 737265
	Index Only Scan using sbtest1_pkey on sbtest1  (cost=0.43..6.56 rows=106 width=4)
	  Index Cond: ((id >= 737165) AND (id <= 737265))

table 2 : explain SELECT id FROM sbtest2 WHERE id BETWEEN 737165 AND 737265
	Index Only Scan using sbtest2_pkey on sbtest2  (cost=0.43..10.40 rows=98 width=4)
	  Index Cond: ((id >= 737165) AND (id <= 737265))

table 3 : explain SELECT id FROM sbtest3 WHERE id BETWEEN 737165 AND 737265
	Index Only Scan using sbtest3_pkey on sbtest3  (cost=0.43..6.27 rows=92 width=4)
	  Index Cond: ((id >= 737165) AND (id <= 737265))

table 4 : explain SELECT id FROM sbtest4 WHERE id BETWEEN 737165 AND 737265
	Index Only Scan using sbtest4_pkey on sbtest4  (cost=0.43..6.75 rows=116 width=4)
	  Index Cond: ((id >= 737165) AND (id <= 737265))

table 5 : explain SELECT id FROM sbtest5 WHERE id BETWEEN 737165 AND 737265
	Index Only Scan using sbtest5_pkey on sbtest5  (cost=0.43..6.45 rows=101 width=4)
	  Index Cond: ((id >= 737165) AND (id <= 737265))

table 6 : explain SELECT id FROM sbtest6 WHERE id BETWEEN 737165 AND 737265
	Index Only Scan using sbtest6_pkey on sbtest6  (cost=0.43..6.59 rows=108 width=4)
	  Index Cond: ((id >= 737165) AND (id <= 737265))

table 7 : explain SELECT id FROM sbtest7 WHERE id BETWEEN 737165 AND 737265
	Index Only Scan using sbtest7_pkey on sbtest7  (cost=0.43..6.61 rows=109 width=4)
	  Index Cond: ((id >= 737165) AND (id <= 737265))

table 8 : explain SELECT id FROM sbtest8 WHERE id BETWEEN 737165 AND 737265
	Index Only Scan using sbtest8_pkey on sbtest8  (cost=0.43..10.47 rows=102 width=4)
	  Index Cond: ((id >= 737165) AND (id <= 737265))

for range-covered
table 1 : explain SELECT id FROM sbtest1 WHERE id BETWEEN 1842488 AND 1842588
	Index Only Scan using sbtest1_pkey on sbtest1  (cost=0.43..6.29 rows=93 width=4)
	  Index Cond: ((id >= 1842488) AND (id <= 1842588))

table 2 : explain SELECT id FROM sbtest2 WHERE id BETWEEN 1842488 AND 1842588
	Index Only Scan using sbtest2_pkey on sbtest2  (cost=0.43..10.47 rows=102 width=4)
	  Index Cond: ((id >= 1842488) AND (id <= 1842588))

table 3 : explain SELECT id FROM sbtest3 WHERE id BETWEEN 1842488 AND 1842588
	Index Only Scan using sbtest3_pkey on sbtest3  (cost=0.43..6.45 rows=101 width=4)
	  Index Cond: ((id >= 1842488) AND (id <= 1842588))

table 4 : explain SELECT id FROM sbtest4 WHERE id BETWEEN 1842488 AND 1842588
	Index Only Scan using sbtest4_pkey on sbtest4  (cost=0.43..6.35 rows=96 width=4)
	  Index Cond: ((id >= 1842488) AND (id <= 1842588))

table 5 : explain SELECT id FROM sbtest5 WHERE id BETWEEN 1842488 AND 1842588
	Index Only Scan using sbtest5_pkey on sbtest5  (cost=0.43..6.24 rows=90 width=4)
	  Index Cond: ((id >= 1842488) AND (id <= 1842588))

table 6 : explain SELECT id FROM sbtest6 WHERE id BETWEEN 1842488 AND 1842588
	Index Only Scan using sbtest6_pkey on sbtest6  (cost=0.43..6.32 rows=94 width=4)
	  Index Cond: ((id >= 1842488) AND (id <= 1842588))

table 7 : explain SELECT id FROM sbtest7 WHERE id BETWEEN 1842488 AND 1842588
	Index Only Scan using sbtest7_pkey on sbtest7  (cost=0.43..6.50 rows=103 width=4)
	  Index Cond: ((id >= 1842488) AND (id <= 1842588))

table 8 : explain SELECT id FROM sbtest8 WHERE id BETWEEN 1842488 AND 1842588
	Index Only Scan using sbtest8_pkey on sbtest8  (cost=0.43..10.47 rows=102 width=4)
	  Index Cond: ((id >= 1842488) AND (id <= 1842588))

explain: for range-covered :: explain SELECT id FROM sbtest%d WHERE id BETWEEN 737165 AND 737265
explain: for range-covered :: explain SELECT id FROM sbtest%d WHERE id BETWEEN 1842488 AND 1842588
for range-covered
table 1 : explain SELECT id FROM sbtest1 WHERE id BETWEEN 5337207 AND 5337307
	Index Only Scan using sbtest1_pkey on sbtest1  (cost=0.43..6.61 rows=109 width=4)
	  Index Cond: ((id >= 5337207) AND (id <= 5337307))

table 2 : explain SELECT id FROM sbtest2 WHERE id BETWEEN 5337207 AND 5337307
	Index Only Scan using sbtest2_pkey on sbtest2  (cost=0.43..10.33 rows=95 width=4)
	  Index Cond: ((id >= 5337207) AND (id <= 5337307))

table 3 : explain SELECT id FROM sbtest3 WHERE id BETWEEN 5337207 AND 5337307
	Index Only Scan using sbtest3_pkey on sbtest3  (cost=0.43..6.51 rows=104 width=4)
	  Index Cond: ((id >= 5337207) AND (id <= 5337307))

table 4 : explain SELECT id FROM sbtest4 WHERE id BETWEEN 5337207 AND 5337307
	Index Only Scan using sbtest4_pkey on sbtest4  (cost=0.43..6.56 rows=106 width=4)
	  Index Cond: ((id >= 5337207) AND (id <= 5337307))

table 5 : explain SELECT id FROM sbtest5 WHERE id BETWEEN 5337207 AND 5337307
	Index Only Scan using sbtest5_pkey on sbtest5  (cost=0.43..6.58 rows=107 width=4)
	  Index Cond: ((id >= 5337207) AND (id <= 5337307))

table 6 : explain SELECT id FROM sbtest6 WHERE id BETWEEN 5337207 AND 5337307
	Index Only Scan using sbtest6_pkey on sbtest6  (cost=0.43..6.43 rows=100 width=4)
	  Index Cond: ((id >= 5337207) AND (id <= 5337307))

table 7 : explain SELECT id FROM sbtest7 WHERE id BETWEEN 5337207 AND 5337307
	Index Only Scan using sbtest7_pkey on sbtest7  (cost=0.43..6.50 rows=103 width=4)
	  Index Cond: ((id >= 5337207) AND (id <= 5337307))

table 8 : explain SELECT id FROM sbtest8 WHERE id BETWEEN 5337207 AND 5337307
	Index Only Scan using sbtest8_pkey on sbtest8  (cost=0.43..10.58 rows=107 width=4)
	  Index Cond: ((id >= 5337207) AND (id <= 5337307))

explain: for range-covered :: explain SELECT id FROM sbtest%d WHERE id BETWEEN 7206646 AND 7206746
for range-covered
table 1 : explain SELECT id FROM sbtest1 WHERE id BETWEEN 2393517 AND 2393617
	Index Only Scan using sbtest1_pkey on sbtest1  (cost=0.43..6.81 rows=119 width=4)
	  Index Cond: ((id >= 2393517) AND (id <= 2393617))

table 2 : explain SELECT id FROM sbtest2 WHERE id BETWEEN 2393517 AND 2393617
	Index Only Scan using sbtest2_pkey on sbtest2  (cost=0.43..10.58 rows=107 width=4)
	  Index Cond: ((id >= 2393517) AND (id <= 2393617))

table 3 : explain SELECT id FROM sbtest3 WHERE id BETWEEN 2393517 AND 2393617
	Index Only Scan using sbtest3_pkey on sbtest3  (cost=0.43..6.67 rows=112 width=4)
	  Index Cond: ((id >= 2393517) AND (id <= 2393617))

table 4 : explain SELECT id FROM sbtest4 WHERE id BETWEEN 2393517 AND 2393617
	Index Only Scan using sbtest4_pkey on sbtest4  (cost=0.43..6.67 rows=112 width=4)
	  Index Cond: ((id >= 2393517) AND (id <= 2393617))

table 5 : explain SELECT id FROM sbtest5 WHERE id BETWEEN 2393517 AND 2393617
	Index Only Scan using sbtest5_pkey on sbtest5  (cost=0.43..6.37 rows=97 width=4)
	  Index Cond: ((id >= 2393517) AND (id <= 2393617))

table 6 : explain SELECT id FROM sbtest6 WHERE id BETWEEN 2393517 AND 2393617
	Index Only Scan using sbtest6_pkey on sbtest6  (cost=0.43..6.33 rows=95 width=4)
	  Index Cond: ((id >= 2393517) AND (id <= 2393617))

table 7 : explain SELECT id FROM sbtest7 WHERE id BETWEEN 2393517 AND 2393617
	Index Only Scan using sbtest7_pkey on sbtest7  (cost=0.43..6.50 rows=103 width=4)
	  Index Cond: ((id >= 2393517) AND (id <= 2393617))

table 8 : explain SELECT id FROM sbtest8 WHERE id BETWEEN 2393517 AND 2393617
	Index Only Scan using sbtest8_pkey on sbtest8  (cost=0.43..10.42 rows=99 width=4)
	  Index Cond: ((id >= 2393517) AND (id <= 2393617))

explain: for range-covered :: explain SELECT id FROM sbtest%d WHERE id BETWEEN 5337207 AND 5337307
for range-covered
table 1 : explain SELECT id FROM sbtest1 WHERE id BETWEEN 6358319 AND 6358419
	Index Only Scan using sbtest1_pkey on sbtest1  (cost=0.43..6.33 rows=95 width=4)
	  Index Cond: ((id >= 6358319) AND (id <= 6358419))

table 2 : explain SELECT id FROM sbtest2 WHERE id BETWEEN 6358319 AND 6358419
	Index Only Scan using sbtest2_pkey on sbtest2  (cost=0.43..10.56 rows=106 width=4)
	  Index Cond: ((id >= 6358319) AND (id <= 6358419))

table 3 : explain SELECT id FROM sbtest3 WHERE id BETWEEN 6358319 AND 6358419
	Index Only Scan using sbtest3_pkey on sbtest3  (cost=0.43..6.33 rows=95 width=4)
	  Index Cond: ((id >= 6358319) AND (id <= 6358419))

table 4 : explain SELECT id FROM sbtest4 WHERE id BETWEEN 6358319 AND 6358419
	Index Only Scan using sbtest4_pkey on sbtest4  (cost=0.43..6.53 rows=105 width=4)
	  Index Cond: ((id >= 6358319) AND (id <= 6358419))

table 5 : explain SELECT id FROM sbtest5 WHERE id BETWEEN 6358319 AND 6358419
	Index Only Scan using sbtest5_pkey on sbtest5  (cost=0.43..6.33 rows=95 width=4)
	  Index Cond: ((id >= 6358319) AND (id <= 6358419))

table 6 : explain SELECT id FROM sbtest6 WHERE id BETWEEN 6358319 AND 6358419
	Index Only Scan using sbtest6_pkey on sbtest6  (cost=0.43..6.53 rows=105 width=4)
	  Index Cond: ((id >= 6358319) AND (id <= 6358419))

table 7 : explain SELECT id FROM sbtest7 WHERE id BETWEEN 6358319 AND 6358419
	Index Only Scan using sbtest7_pkey on sbtest7  (cost=0.43..6.53 rows=105 width=4)
	  Index Cond: ((id >= 6358319) AND (id <= 6358419))

table 8 : explain SELECT id FROM sbtest8 WHERE id BETWEEN 6358319 AND 6358419
	Index Only Scan using sbtest8_pkey on sbtest8  (cost=0.43..10.32 rows=94 width=4)
	  Index Cond: ((id >= 6358319) AND (id <= 6358419))

explain: for range-covered :: explain SELECT id FROM sbtest%d WHERE id BETWEEN 6358319 AND 6358419
for range-covered
table 1 : explain SELECT id FROM sbtest1 WHERE id BETWEEN 1842488 AND 1842588
	Index Only Scan using sbtest1_pkey on sbtest1  (cost=0.43..6.29 rows=93 width=4)
	  Index Cond: ((id >= 1842488) AND (id <= 1842588))

table 2 : explain SELECT id FROM sbtest2 WHERE id BETWEEN 1842488 AND 1842588
	Index Only Scan using sbtest2_pkey on sbtest2  (cost=0.43..10.47 rows=102 width=4)
	  Index Cond: ((id >= 1842488) AND (id <= 1842588))

table 3 : explain SELECT id FROM sbtest3 WHERE id BETWEEN 1842488 AND 1842588
	Index Only Scan using sbtest3_pkey on sbtest3  (cost=0.43..6.45 rows=101 width=4)
	  Index Cond: ((id >= 1842488) AND (id <= 1842588))

table 4 : explain SELECT id FROM sbtest4 WHERE id BETWEEN 1842488 AND 1842588
	Index Only Scan using sbtest4_pkey on sbtest4  (cost=0.43..6.35 rows=96 width=4)
	  Index Cond: ((id >= 1842488) AND (id <= 1842588))

table 5 : explain SELECT id FROM sbtest5 WHERE id BETWEEN 1842488 AND 1842588
	Index Only Scan using sbtest5_pkey on sbtest5  (cost=0.43..6.24 rows=90 width=4)
	  Index Cond: ((id >= 1842488) AND (id <= 1842588))

table 6 : explain SELECT id FROM sbtest6 WHERE id BETWEEN 1842488 AND 1842588
	Index Only Scan using sbtest6_pkey on sbtest6  (cost=0.43..6.32 rows=94 width=4)
	  Index Cond: ((id >= 1842488) AND (id <= 1842588))

table 7 : explain SELECT id FROM sbtest7 WHERE id BETWEEN 1842488 AND 1842588
	Index Only Scan using sbtest7_pkey on sbtest7  (cost=0.43..6.50 rows=103 width=4)
	  Index Cond: ((id >= 1842488) AND (id <= 1842588))

table 8 : explain SELECT id FROM sbtest8 WHERE id BETWEEN 1842488 AND 1842588
	Index Only Scan using sbtest8_pkey on sbtest8  (cost=0.43..10.47 rows=102 width=4)
	  Index Cond: ((id >= 1842488) AND (id <= 1842588))

explain: for range-covered :: explain SELECT id FROM sbtest%d WHERE id BETWEEN 1842488 AND 1842588
for range-covered
table 1 : explain SELECT id FROM sbtest1 WHERE id BETWEEN 5337207 AND 5337307
	Index Only Scan using sbtest1_pkey on sbtest1  (cost=0.43..6.61 rows=109 width=4)
	  Index Cond: ((id >= 5337207) AND (id <= 5337307))

table 2 : explain SELECT id FROM sbtest2 WHERE id BETWEEN 5337207 AND 5337307
	Index Only Scan using sbtest2_pkey on sbtest2  (cost=0.43..10.33 rows=95 width=4)
	  Index Cond: ((id >= 5337207) AND (id <= 5337307))

table 3 : explain SELECT id FROM sbtest3 WHERE id BETWEEN 5337207 AND 5337307
	Index Only Scan using sbtest3_pkey on sbtest3  (cost=0.43..6.51 rows=104 width=4)
	  Index Cond: ((id >= 5337207) AND (id <= 5337307))

table 4 : explain SELECT id FROM sbtest4 WHERE id BETWEEN 5337207 AND 5337307
	Index Only Scan using sbtest4_pkey on sbtest4  (cost=0.43..6.56 rows=106 width=4)
	  Index Cond: ((id >= 5337207) AND (id <= 5337307))

table 5 : explain SELECT id FROM sbtest5 WHERE id BETWEEN 5337207 AND 5337307
	Index Only Scan using sbtest5_pkey on sbtest5  (cost=0.43..6.58 rows=107 width=4)
	  Index Cond: ((id >= 5337207) AND (id <= 5337307))

table 6 : explain SELECT id FROM sbtest6 WHERE id BETWEEN 5337207 AND 5337307
	Index Only Scan using sbtest6_pkey on sbtest6  (cost=0.43..6.43 rows=100 width=4)
	  Index Cond: ((id >= 5337207) AND (id <= 5337307))

table 7 : explain SELECT id FROM sbtest7 WHERE id BETWEEN 5337207 AND 5337307
	Index Only Scan using sbtest7_pkey on sbtest7  (cost=0.43..6.50 rows=103 width=4)
	  Index Cond: ((id >= 5337207) AND (id <= 5337307))

table 8 : explain SELECT id FROM sbtest8 WHERE id BETWEEN 5337207 AND 5337307
	Index Only Scan using sbtest8_pkey on sbtest8  (cost=0.43..10.58 rows=107 width=4)
	  Index Cond: ((id >= 5337207) AND (id <= 5337307))

for range-covered
table 1 : explain SELECT id FROM sbtest1 WHERE id BETWEEN 3526943 AND 3527043
	Index Only Scan using sbtest1_pkey on sbtest1  (cost=0.43..6.42 rows=99 width=4)
	  Index Cond: ((id >= 3526943) AND (id <= 3527043))

table 2 : explain SELECT id FROM sbtest2 WHERE id BETWEEN 3526943 AND 3527043
	Index Only Scan using sbtest2_pkey on sbtest2  (cost=0.43..10.56 rows=106 width=4)
	  Index Cond: ((id >= 3526943) AND (id <= 3527043))

table 3 : explain SELECT id FROM sbtest3 WHERE id BETWEEN 3526943 AND 3527043
	Index Only Scan using sbtest3_pkey on sbtest3  (cost=0.43..6.45 rows=101 width=4)
	  Index Cond: ((id >= 3526943) AND (id <= 3527043))

table 4 : explain SELECT id FROM sbtest4 WHERE id BETWEEN 3526943 AND 3527043
	Index Only Scan using sbtest4_pkey on sbtest4  (cost=0.43..6.53 rows=105 width=4)
	  Index Cond: ((id >= 3526943) AND (id <= 3527043))

table 5 : explain SELECT id FROM sbtest5 WHERE id BETWEEN 3526943 AND 3527043
	Index Only Scan using sbtest5_pkey on sbtest5  (cost=0.43..6.58 rows=107 width=4)
	  Index Cond: ((id >= 3526943) AND (id <= 3527043))

table 6 : explain SELECT id FROM sbtest6 WHERE id BETWEEN 3526943 AND 3527043
	Index Only Scan using sbtest6_pkey on sbtest6  (cost=0.43..6.32 rows=94 width=4)
	  Index Cond: ((id >= 3526943) AND (id <= 3527043))

table 7 : explain SELECT id FROM sbtest7 WHERE id BETWEEN 3526943 AND 3527043
	Index Only Scan using sbtest7_pkey on sbtest7  (cost=0.43..6.35 rows=96 width=4)
	  Index Cond: ((id >= 3526943) AND (id <= 3527043))

table 8 : explain SELECT id FROM sbtest8 WHERE id BETWEEN 3526943 AND 3527043
	Index Only Scan using sbtest8_pkey on sbtest8  (cost=0.43..10.56 rows=106 width=4)
	  Index Cond: ((id >= 3526943) AND (id <= 3527043))

explain: for range-covered :: explain SELECT id FROM sbtest%d WHERE id BETWEEN 5337207 AND 5337307
for range-covered
table 1 : explain SELECT id FROM sbtest1 WHERE id BETWEEN 6358319 AND 6358419
	Index Only Scan using sbtest1_pkey on sbtest1  (cost=0.43..6.33 rows=95 width=4)
	  Index Cond: ((id >= 6358319) AND (id <= 6358419))

table 2 : explain SELECT id FROM sbtest2 WHERE id BETWEEN 6358319 AND 6358419
	Index Only Scan using sbtest2_pkey on sbtest2  (cost=0.43..10.56 rows=106 width=4)
	  Index Cond: ((id >= 6358319) AND (id <= 6358419))

table 3 : explain SELECT id FROM sbtest3 WHERE id BETWEEN 6358319 AND 6358419
	Index Only Scan using sbtest3_pkey on sbtest3  (cost=0.43..6.33 rows=95 width=4)
	  Index Cond: ((id >= 6358319) AND (id <= 6358419))

table 4 : explain SELECT id FROM sbtest4 WHERE id BETWEEN 6358319 AND 6358419
	Index Only Scan using sbtest4_pkey on sbtest4  (cost=0.43..6.53 rows=105 width=4)
	  Index Cond: ((id >= 6358319) AND (id <= 6358419))

table 5 : explain SELECT id FROM sbtest5 WHERE id BETWEEN 6358319 AND 6358419
	Index Only Scan using sbtest5_pkey on sbtest5  (cost=0.43..6.33 rows=95 width=4)
	  Index Cond: ((id >= 6358319) AND (id <= 6358419))

table 6 : explain SELECT id FROM sbtest6 WHERE id BETWEEN 6358319 AND 6358419
	Index Only Scan using sbtest6_pkey on sbtest6  (cost=0.43..6.53 rows=105 width=4)
	  Index Cond: ((id >= 6358319) AND (id <= 6358419))

table 7 : explain SELECT id FROM sbtest7 WHERE id BETWEEN 6358319 AND 6358419
	Index Only Scan using sbtest7_pkey on sbtest7  (cost=0.43..6.53 rows=105 width=4)
	  Index Cond: ((id >= 6358319) AND (id <= 6358419))

table 8 : explain SELECT id FROM sbtest8 WHERE id BETWEEN 6358319 AND 6358419
	Index Only Scan using sbtest8_pkey on sbtest8  (cost=0.43..10.32 rows=94 width=4)
	  Index Cond: ((id >= 6358319) AND (id <= 6358419))

for range-covered
table 1 : explain SELECT id FROM sbtest1 WHERE id BETWEEN 7206646 AND 7206746
	Index Only Scan using sbtest1_pkey on sbtest1  (cost=0.43..6.40 rows=98 width=4)
	  Index Cond: ((id >= 7206646) AND (id <= 7206746))

table 2 : explain SELECT id FROM sbtest2 WHERE id BETWEEN 7206646 AND 7206746
	Index Only Scan using sbtest2_pkey on sbtest2  (cost=0.43..10.44 rows=100 width=4)
	  Index Cond: ((id >= 7206646) AND (id <= 7206746))

table 3 : explain SELECT id FROM sbtest3 WHERE id BETWEEN 7206646 AND 7206746
	Index Only Scan using sbtest3_pkey on sbtest3  (cost=0.43..6.33 rows=95 width=4)
	  Index Cond: ((id >= 7206646) AND (id <= 7206746))

table 4 : explain SELECT id FROM sbtest4 WHERE id BETWEEN 7206646 AND 7206746
	Index Only Scan using sbtest4_pkey on sbtest4  (cost=0.43..6.50 rows=103 width=4)
	  Index Cond: ((id >= 7206646) AND (id <= 7206746))

table 5 : explain SELECT id FROM sbtest5 WHERE id BETWEEN 7206646 AND 7206746
	Index Only Scan using sbtest5_pkey on sbtest5  (cost=0.43..6.69 rows=113 width=4)
	  Index Cond: ((id >= 7206646) AND (id <= 7206746))

table 6 : explain SELECT id FROM sbtest6 WHERE id BETWEEN 7206646 AND 7206746
	Index Only Scan using sbtest6_pkey on sbtest6  (cost=0.43..6.56 rows=106 width=4)
	  Index Cond: ((id >= 7206646) AND (id <= 7206746))

table 7 : explain SELECT id FROM sbtest7 WHERE id BETWEEN 7206646 AND 7206746
	Index Only Scan using sbtest7_pkey on sbtest7  (cost=0.43..6.25 rows=91 width=4)
	  Index Cond: ((id >= 7206646) AND (id <= 7206746))

table 8 : explain SELECT id FROM sbtest8 WHERE id BETWEEN 7206646 AND 7206746
	Index Only Scan using sbtest8_pkey on sbtest8  (cost=0.43..10.42 rows=99 width=4)
	  Index Cond: ((id >= 7206646) AND (id <= 7206746))

for range-covered
table 1 : explain SELECT id FROM sbtest1 WHERE id BETWEEN 737165 AND 737265
	Index Only Scan using sbtest1_pkey on sbtest1  (cost=0.43..6.56 rows=106 width=4)
	  Index Cond: ((id >= 737165) AND (id <= 737265))

table 2 : explain SELECT id FROM sbtest2 WHERE id BETWEEN 737165 AND 737265
	Index Only Scan using sbtest2_pkey on sbtest2  (cost=0.43..10.40 rows=98 width=4)
	  Index Cond: ((id >= 737165) AND (id <= 737265))

table 3 : explain SELECT id FROM sbtest3 WHERE id BETWEEN 737165 AND 737265
	Index Only Scan using sbtest3_pkey on sbtest3  (cost=0.43..6.27 rows=92 width=4)
	  Index Cond: ((id >= 737165) AND (id <= 737265))

table 4 : explain SELECT id FROM sbtest4 WHERE id BETWEEN 737165 AND 737265
	Index Only Scan using sbtest4_pkey on sbtest4  (cost=0.43..6.75 rows=116 width=4)
	  Index Cond: ((id >= 737165) AND (id <= 737265))

table 5 : explain SELECT id FROM sbtest5 WHERE id BETWEEN 737165 AND 737265
	Index Only Scan using sbtest5_pkey on sbtest5  (cost=0.43..6.45 rows=101 width=4)
	  Index Cond: ((id >= 737165) AND (id <= 737265))

table 6 : explain SELECT id FROM sbtest6 WHERE id BETWEEN 737165 AND 737265
	Index Only Scan using sbtest6_pkey on sbtest6  (cost=0.43..6.59 rows=108 width=4)
	  Index Cond: ((id >= 737165) AND (id <= 737265))

table 7 : explain SELECT id FROM sbtest7 WHERE id BETWEEN 737165 AND 737265
	Index Only Scan using sbtest7_pkey on sbtest7  (cost=0.43..6.61 rows=109 width=4)
	  Index Cond: ((id >= 737165) AND (id <= 737265))

table 8 : explain SELECT id FROM sbtest8 WHERE id BETWEEN 737165 AND 737265
	Index Only Scan using sbtest8_pkey on sbtest8  (cost=0.43..10.47 rows=102 width=4)
	  Index Cond: ((id >= 737165) AND (id <= 737265))
explain: for range-covered :: explain SELECT id FROM sbtest%d WHERE id BETWEEN 6209913 AND 6210013

explain: for range-covered :: explain SELECT id FROM sbtest%d WHERE id BETWEEN 6358319 AND 6358419
explain: for range-covered :: explain SELECT id FROM sbtest%d WHERE id BETWEEN 7206646 AND 7206746
explain: for range-covered :: explain SELECT id FROM sbtest%d WHERE id BETWEEN 6675815 AND 6675915
explain: for range-covered :: explain SELECT id FROM sbtest%d WHERE id BETWEEN 3526943 AND 3527043
for range-covered
table 1 : explain SELECT id FROM sbtest1 WHERE id BETWEEN 1842488 AND 1842588
	Index Only Scan using sbtest1_pkey on sbtest1  (cost=0.43..6.29 rows=93 width=4)
	  Index Cond: ((id >= 1842488) AND (id <= 1842588))

table 2 : explain SELECT id FROM sbtest2 WHERE id BETWEEN 1842488 AND 1842588
	Index Only Scan using sbtest2_pkey on sbtest2  (cost=0.43..10.47 rows=102 width=4)
	  Index Cond: ((id >= 1842488) AND (id <= 1842588))

table 3 : explain SELECT id FROM sbtest3 WHERE id BETWEEN 1842488 AND 1842588
	Index Only Scan using sbtest3_pkey on sbtest3  (cost=0.43..6.45 rows=101 width=4)
	  Index Cond: ((id >= 1842488) AND (id <= 1842588))

table 4 : explain SELECT id FROM sbtest4 WHERE id BETWEEN 1842488 AND 1842588
	Index Only Scan using sbtest4_pkey on sbtest4  (cost=0.43..6.35 rows=96 width=4)
	  Index Cond: ((id >= 1842488) AND (id <= 1842588))

table 5 : explain SELECT id FROM sbtest5 WHERE id BETWEEN 1842488 AND 1842588
	Index Only Scan using sbtest5_pkey on sbtest5  (cost=0.43..6.24 rows=90 width=4)
	  Index Cond: ((id >= 1842488) AND (id <= 1842588))

table 6 : explain SELECT id FROM sbtest6 WHERE id BETWEEN 1842488 AND 1842588
	Index Only Scan using sbtest6_pkey on sbtest6  (cost=0.43..6.32 rows=94 width=4)
	  Index Cond: ((id >= 1842488) AND (id <= 1842588))

table 7 : explain SELECT id FROM sbtest7 WHERE id BETWEEN 1842488 AND 1842588
	Index Only Scan using sbtest7_pkey on sbtest7  (cost=0.43..6.50 rows=103 width=4)
	  Index Cond: ((id >= 1842488) AND (id <= 1842588))

table 8 : explain SELECT id FROM sbtest8 WHERE id BETWEEN 1842488 AND 1842588
	Index Only Scan using sbtest8_pkey on sbtest8  (cost=0.43..10.47 rows=102 width=4)
	  Index Cond: ((id >= 1842488) AND (id <= 1842588))

explain: for range-covered :: explain SELECT id FROM sbtest%d WHERE id BETWEEN 737165 AND 737265
for range-covered
table 1 : explain SELECT id FROM sbtest1 WHERE id BETWEEN 5337207 AND 5337307
	Index Only Scan using sbtest1_pkey on sbtest1  (cost=0.43..6.61 rows=109 width=4)
	  Index Cond: ((id >= 5337207) AND (id <= 5337307))

table 2 : explain SELECT id FROM sbtest2 WHERE id BETWEEN 5337207 AND 5337307
	Index Only Scan using sbtest2_pkey on sbtest2  (cost=0.43..10.33 rows=95 width=4)
	  Index Cond: ((id >= 5337207) AND (id <= 5337307))

table 3 : explain SELECT id FROM sbtest3 WHERE id BETWEEN 5337207 AND 5337307
	Index Only Scan using sbtest3_pkey on sbtest3  (cost=0.43..6.51 rows=104 width=4)
	  Index Cond: ((id >= 5337207) AND (id <= 5337307))

table 4 : explain SELECT id FROM sbtest4 WHERE id BETWEEN 5337207 AND 5337307
	Index Only Scan using sbtest4_pkey on sbtest4  (cost=0.43..6.56 rows=106 width=4)
	  Index Cond: ((id >= 5337207) AND (id <= 5337307))

table 5 : explain SELECT id FROM sbtest5 WHERE id BETWEEN 5337207 AND 5337307
	Index Only Scan using sbtest5_pkey on sbtest5  (cost=0.43..6.58 rows=107 width=4)
	  Index Cond: ((id >= 5337207) AND (id <= 5337307))

table 6 : explain SELECT id FROM sbtest6 WHERE id BETWEEN 5337207 AND 5337307
	Index Only Scan using sbtest6_pkey on sbtest6  (cost=0.43..6.43 rows=100 width=4)
	  Index Cond: ((id >= 5337207) AND (id <= 5337307))

table 7 : explain SELECT id FROM sbtest7 WHERE id BETWEEN 5337207 AND 5337307
	Index Only Scan using sbtest7_pkey on sbtest7  (cost=0.43..6.50 rows=103 width=4)
	  Index Cond: ((id >= 5337207) AND (id <= 5337307))

table 8 : explain SELECT id FROM sbtest8 WHERE id BETWEEN 5337207 AND 5337307
	Index Only Scan using sbtest8_pkey on sbtest8  (cost=0.43..10.58 rows=107 width=4)
	  Index Cond: ((id >= 5337207) AND (id <= 5337307))

explain: for range-covered :: explain SELECT id FROM sbtest%d WHERE id BETWEEN 5337207 AND 5337307
explain: for range-covered :: explain SELECT id FROM sbtest%d WHERE id BETWEEN 6353968 AND 6354068
for range-covered
table 1 : explain SELECT id FROM sbtest1 WHERE id BETWEEN 6733095 AND 6733195
	Index Only Scan using sbtest1_pkey on sbtest1  (cost=0.43..6.53 rows=105 width=4)
	  Index Cond: ((id >= 6733095) AND (id <= 6733195))

table 2 : explain SELECT id FROM sbtest2 WHERE id BETWEEN 6733095 AND 6733195
	Index Only Scan using sbtest2_pkey on sbtest2  (cost=0.43..10.44 rows=100 width=4)
	  Index Cond: ((id >= 6733095) AND (id <= 6733195))

table 3 : explain SELECT id FROM sbtest3 WHERE id BETWEEN 6733095 AND 6733195
	Index Only Scan using sbtest3_pkey on sbtest3  (cost=0.43..6.43 rows=100 width=4)
	  Index Cond: ((id >= 6733095) AND (id <= 6733195))

table 4 : explain SELECT id FROM sbtest4 WHERE id BETWEEN 6733095 AND 6733195
	Index Only Scan using sbtest4_pkey on sbtest4  (cost=0.43..6.43 rows=100 width=4)
	  Index Cond: ((id >= 6733095) AND (id <= 6733195))

table 5 : explain SELECT id FROM sbtest5 WHERE id BETWEEN 6733095 AND 6733195
	Index Only Scan using sbtest5_pkey on sbtest5  (cost=0.43..6.33 rows=95 width=4)
	  Index Cond: ((id >= 6733095) AND (id <= 6733195))

table 6 : explain SELECT id FROM sbtest6 WHERE id BETWEEN 6733095 AND 6733195
	Index Only Scan using sbtest6_pkey on sbtest6  (cost=0.43..6.51 rows=104 width=4)
	  Index Cond: ((id >= 6733095) AND (id <= 6733195))

table 7 : explain SELECT id FROM sbtest7 WHERE id BETWEEN 6733095 AND 6733195
	Index Only Scan using sbtest7_pkey on sbtest7  (cost=0.43..6.40 rows=98 width=4)
	  Index Cond: ((id >= 6733095) AND (id <= 6733195))

table 8 : explain SELECT id FROM sbtest8 WHERE id BETWEEN 6733095 AND 6733195
	Index Only Scan using sbtest8_pkey on sbtest8  (cost=0.43..10.63 rows=110 width=4)
	  Index Cond: ((id >= 6733095) AND (id <= 6733195))
explain: for range-covered :: explain SELECT id FROM sbtest%d WHERE id BETWEEN 5363207 AND 5363307

for range-covered
table 1 : explain SELECT id FROM sbtest1 WHERE id BETWEEN 6358319 AND 6358419
	Index Only Scan using sbtest1_pkey on sbtest1  (cost=0.43..6.33 rows=95 width=4)
	  Index Cond: ((id >= 6358319) AND (id <= 6358419))

table 2 : explain SELECT id FROM sbtest2 WHERE id BETWEEN 6358319 AND 6358419
	Index Only Scan using sbtest2_pkey on sbtest2  (cost=0.43..10.56 rows=106 width=4)
	  Index Cond: ((id >= 6358319) AND (id <= 6358419))

table 3 : explain SELECT id FROM sbtest3 WHERE id BETWEEN 6358319 AND 6358419
	Index Only Scan using sbtest3_pkey on sbtest3  (cost=0.43..6.33 rows=95 width=4)
	  Index Cond: ((id >= 6358319) AND (id <= 6358419))

table 4 : explain SELECT id FROM sbtest4 WHERE id BETWEEN 6358319 AND 6358419
	Index Only Scan using sbtest4_pkey on sbtest4  (cost=0.43..6.53 rows=105 width=4)
	  Index Cond: ((id >= 6358319) AND (id <= 6358419))

table 5 : explain SELECT id FROM sbtest5 WHERE id BETWEEN 6358319 AND 6358419
	Index Only Scan using sbtest5_pkey on sbtest5  (cost=0.43..6.33 rows=95 width=4)
	  Index Cond: ((id >= 6358319) AND (id <= 6358419))

table 6 : explain SELECT id FROM sbtest6 WHERE id BETWEEN 6358319 AND 6358419
	Index Only Scan using sbtest6_pkey on sbtest6  (cost=0.43..6.53 rows=105 width=4)
	  Index Cond: ((id >= 6358319) AND (id <= 6358419))

table 7 : explain SELECT id FROM sbtest7 WHERE id BETWEEN 6358319 AND 6358419
	Index Only Scan using sbtest7_pkey on sbtest7  (cost=0.43..6.53 rows=105 width=4)
	  Index Cond: ((id >= 6358319) AND (id <= 6358419))

table 8 : explain SELECT id FROM sbtest8 WHERE id BETWEEN 6358319 AND 6358419
	Index Only Scan using sbtest8_pkey on sbtest8  (cost=0.43..10.32 rows=94 width=4)
	  Index Cond: ((id >= 6358319) AND (id <= 6358419))

for range-covered
table 1 : explain SELECT id FROM sbtest1 WHERE id BETWEEN 1459195 AND 1459295
	Index Only Scan using sbtest1_pkey on sbtest1  (cost=0.43..6.16 rows=86 width=4)
	  Index Cond: ((id >= 1459195) AND (id <= 1459295))

table 2 : explain SELECT id FROM sbtest2 WHERE id BETWEEN 1459195 AND 1459295
	Index Only Scan using sbtest2_pkey on sbtest2  (cost=0.43..10.38 rows=97 width=4)
	  Index Cond: ((id >= 1459195) AND (id <= 1459295))

table 3 : explain SELECT id FROM sbtest3 WHERE id BETWEEN 1459195 AND 1459295
	Index Only Scan using sbtest3_pkey on sbtest3  (cost=0.43..6.29 rows=93 width=4)
	  Index Cond: ((id >= 1459195) AND (id <= 1459295))

table 4 : explain SELECT id FROM sbtest4 WHERE id BETWEEN 1459195 AND 1459295
	Index Only Scan using sbtest4_pkey on sbtest4  (cost=0.43..6.53 rows=105 width=4)
	  Index Cond: ((id >= 1459195) AND (id <= 1459295))

table 5 : explain SELECT id FROM sbtest5 WHERE id BETWEEN 1459195 AND 1459295
	Index Only Scan using sbtest5_pkey on sbtest5  (cost=0.43..6.56 rows=106 width=4)
	  Index Cond: ((id >= 1459195) AND (id <= 1459295))

table 6 : explain SELECT id FROM sbtest6 WHERE id BETWEEN 1459195 AND 1459295
	Index Only Scan using sbtest6_pkey on sbtest6  (cost=0.43..6.51 rows=104 width=4)
	  Index Cond: ((id >= 1459195) AND (id <= 1459295))

table 7 : explain SELECT id FROM sbtest7 WHERE id BETWEEN 1459195 AND 1459295
	Index Only Scan using sbtest7_pkey on sbtest7  (cost=0.43..6.35 rows=96 width=4)
	  Index Cond: ((id >= 1459195) AND (id <= 1459295))

table 8 : explain SELECT id FROM sbtest8 WHERE id BETWEEN 1459195 AND 1459295
	Index Only Scan using sbtest8_pkey on sbtest8  (cost=0.43..10.56 rows=106 width=4)
	  Index Cond: ((id >= 1459195) AND (id <= 1459295))

explain: for range-covered :: explain SELECT id FROM sbtest%d WHERE id BETWEEN 6358319 AND 6358419
for range-covered
table 1 : explain SELECT id FROM sbtest1 WHERE id BETWEEN 5337207 AND 5337307
	Index Only Scan using sbtest1_pkey on sbtest1  (cost=0.43..6.61 rows=109 width=4)
	  Index Cond: ((id >= 5337207) AND (id <= 5337307))

table 2 : explain SELECT id FROM sbtest2 WHERE id BETWEEN 5337207 AND 5337307
	Index Only Scan using sbtest2_pkey on sbtest2  (cost=0.43..10.33 rows=95 width=4)
	  Index Cond: ((id >= 5337207) AND (id <= 5337307))

table 3 : explain SELECT id FROM sbtest3 WHERE id BETWEEN 5337207 AND 5337307
	Index Only Scan using sbtest3_pkey on sbtest3  (cost=0.43..6.51 rows=104 width=4)
	  Index Cond: ((id >= 5337207) AND (id <= 5337307))

table 4 : explain SELECT id FROM sbtest4 WHERE id BETWEEN 5337207 AND 5337307
	Index Only Scan using sbtest4_pkey on sbtest4  (cost=0.43..6.56 rows=106 width=4)
	  Index Cond: ((id >= 5337207) AND (id <= 5337307))

table 5 : explain SELECT id FROM sbtest5 WHERE id BETWEEN 5337207 AND 5337307
	Index Only Scan using sbtest5_pkey on sbtest5  (cost=0.43..6.58 rows=107 width=4)
	  Index Cond: ((id >= 5337207) AND (id <= 5337307))

table 6 : explain SELECT id FROM sbtest6 WHERE id BETWEEN 5337207 AND 5337307
	Index Only Scan using sbtest6_pkey on sbtest6  (cost=0.43..6.43 rows=100 width=4)
	  Index Cond: ((id >= 5337207) AND (id <= 5337307))

table 7 : explain SELECT id FROM sbtest7 WHERE id BETWEEN 5337207 AND 5337307
	Index Only Scan using sbtest7_pkey on sbtest7  (cost=0.43..6.50 rows=103 width=4)
	  Index Cond: ((id >= 5337207) AND (id <= 5337307))

table 8 : explain SELECT id FROM sbtest8 WHERE id BETWEEN 5337207 AND 5337307
	Index Only Scan using sbtest8_pkey on sbtest8  (cost=0.43..10.58 rows=107 width=4)
	  Index Cond: ((id >= 5337207) AND (id <= 5337307))

explain: for range-covered :: explain SELECT id FROM sbtest%d WHERE id BETWEEN 6733095 AND 6733195
explain: for range-covered :: explain SELECT id FROM sbtest%d WHERE id BETWEEN 1459195 AND 1459295
explain: for range-covered :: explain SELECT id FROM sbtest%d WHERE id BETWEEN 5337207 AND 5337307
for range-covered
table 1 : explain SELECT id FROM sbtest1 WHERE id BETWEEN 6358319 AND 6358419
	Index Only Scan using sbtest1_pkey on sbtest1  (cost=0.43..6.33 rows=95 width=4)
	  Index Cond: ((id >= 6358319) AND (id <= 6358419))

table 2 : explain SELECT id FROM sbtest2 WHERE id BETWEEN 6358319 AND 6358419
	Index Only Scan using sbtest2_pkey on sbtest2  (cost=0.43..10.56 rows=106 width=4)
	  Index Cond: ((id >= 6358319) AND (id <= 6358419))

table 3 : explain SELECT id FROM sbtest3 WHERE id BETWEEN 6358319 AND 6358419
	Index Only Scan using sbtest3_pkey on sbtest3  (cost=0.43..6.33 rows=95 width=4)
	  Index Cond: ((id >= 6358319) AND (id <= 6358419))

table 4 : explain SELECT id FROM sbtest4 WHERE id BETWEEN 6358319 AND 6358419
	Index Only Scan using sbtest4_pkey on sbtest4  (cost=0.43..6.53 rows=105 width=4)
	  Index Cond: ((id >= 6358319) AND (id <= 6358419))

table 5 : explain SELECT id FROM sbtest5 WHERE id BETWEEN 6358319 AND 6358419
	Index Only Scan using sbtest5_pkey on sbtest5  (cost=0.43..6.33 rows=95 width=4)
	  Index Cond: ((id >= 6358319) AND (id <= 6358419))

table 6 : explain SELECT id FROM sbtest6 WHERE id BETWEEN 6358319 AND 6358419
	Index Only Scan using sbtest6_pkey on sbtest6  (cost=0.43..6.53 rows=105 width=4)
	  Index Cond: ((id >= 6358319) AND (id <= 6358419))

table 7 : explain SELECT id FROM sbtest7 WHERE id BETWEEN 6358319 AND 6358419
	Index Only Scan using sbtest7_pkey on sbtest7  (cost=0.43..6.53 rows=105 width=4)
	  Index Cond: ((id >= 6358319) AND (id <= 6358419))

table 8 : explain SELECT id FROM sbtest8 WHERE id BETWEEN 6358319 AND 6358419
	Index Only Scan using sbtest8_pkey on sbtest8  (cost=0.43..10.32 rows=94 width=4)
	  Index Cond: ((id >= 6358319) AND (id <= 6358419))

explain: for range-covered :: explain SELECT id FROM sbtest%d WHERE id BETWEEN 6358319 AND 6358419
for range-covered
table 1 : explain SELECT id FROM sbtest1 WHERE id BETWEEN 5337207 AND 5337307
	Index Only Scan using sbtest1_pkey on sbtest1  (cost=0.43..6.61 rows=109 width=4)
	  Index Cond: ((id >= 5337207) AND (id <= 5337307))

table 2 : explain SELECT id FROM sbtest2 WHERE id BETWEEN 5337207 AND 5337307
	Index Only Scan using sbtest2_pkey on sbtest2  (cost=0.43..10.33 rows=95 width=4)
	  Index Cond: ((id >= 5337207) AND (id <= 5337307))

table 3 : explain SELECT id FROM sbtest3 WHERE id BETWEEN 5337207 AND 5337307
	Index Only Scan using sbtest3_pkey on sbtest3  (cost=0.43..6.51 rows=104 width=4)
	  Index Cond: ((id >= 5337207) AND (id <= 5337307))

table 4 : explain SELECT id FROM sbtest4 WHERE id BETWEEN 5337207 AND 5337307
	Index Only Scan using sbtest4_pkey on sbtest4  (cost=0.43..6.56 rows=106 width=4)
	  Index Cond: ((id >= 5337207) AND (id <= 5337307))

table 5 : explain SELECT id FROM sbtest5 WHERE id BETWEEN 5337207 AND 5337307
	Index Only Scan using sbtest5_pkey on sbtest5  (cost=0.43..6.58 rows=107 width=4)
	  Index Cond: ((id >= 5337207) AND (id <= 5337307))

table 6 : explain SELECT id FROM sbtest6 WHERE id BETWEEN 5337207 AND 5337307
	Index Only Scan using sbtest6_pkey on sbtest6  (cost=0.43..6.43 rows=100 width=4)
	  Index Cond: ((id >= 5337207) AND (id <= 5337307))

table 7 : explain SELECT id FROM sbtest7 WHERE id BETWEEN 5337207 AND 5337307
	Index Only Scan using sbtest7_pkey on sbtest7  (cost=0.43..6.50 rows=103 width=4)
	  Index Cond: ((id >= 5337207) AND (id <= 5337307))

table 8 : explain SELECT id FROM sbtest8 WHERE id BETWEEN 5337207 AND 5337307
	Index Only Scan using sbtest8_pkey on sbtest8  (cost=0.43..10.58 rows=107 width=4)
	  Index Cond: ((id >= 5337207) AND (id <= 5337307))

for range-covered
table 1 : explain SELECT id FROM sbtest1 WHERE id BETWEEN 3526943 AND 3527043
	Index Only Scan using sbtest1_pkey on sbtest1  (cost=0.43..6.42 rows=99 width=4)
	  Index Cond: ((id >= 3526943) AND (id <= 3527043))

table 2 : explain SELECT id FROM sbtest2 WHERE id BETWEEN 3526943 AND 3527043
	Index Only Scan using sbtest2_pkey on sbtest2  (cost=0.43..10.56 rows=106 width=4)
	  Index Cond: ((id >= 3526943) AND (id <= 3527043))

table 3 : explain SELECT id FROM sbtest3 WHERE id BETWEEN 3526943 AND 3527043
	Index Only Scan using sbtest3_pkey on sbtest3  (cost=0.43..6.45 rows=101 width=4)
	  Index Cond: ((id >= 3526943) AND (id <= 3527043))

table 4 : explain SELECT id FROM sbtest4 WHERE id BETWEEN 3526943 AND 3527043
	Index Only Scan using sbtest4_pkey on sbtest4  (cost=0.43..6.53 rows=105 width=4)
	  Index Cond: ((id >= 3526943) AND (id <= 3527043))

table 5 : explain SELECT id FROM sbtest5 WHERE id BETWEEN 3526943 AND 3527043
	Index Only Scan using sbtest5_pkey on sbtest5  (cost=0.43..6.58 rows=107 width=4)
	  Index Cond: ((id >= 3526943) AND (id <= 3527043))

table 6 : explain SELECT id FROM sbtest6 WHERE id BETWEEN 3526943 AND 3527043
	Index Only Scan using sbtest6_pkey on sbtest6  (cost=0.43..6.32 rows=94 width=4)
	  Index Cond: ((id >= 3526943) AND (id <= 3527043))

table 7 : explain SELECT id FROM sbtest7 WHERE id BETWEEN 3526943 AND 3527043
	Index Only Scan using sbtest7_pkey on sbtest7  (cost=0.43..6.35 rows=96 width=4)
	  Index Cond: ((id >= 3526943) AND (id <= 3527043))

table 8 : explain SELECT id FROM sbtest8 WHERE id BETWEEN 3526943 AND 3527043
	Index Only Scan using sbtest8_pkey on sbtest8  (cost=0.43..10.56 rows=106 width=4)
	  Index Cond: ((id >= 3526943) AND (id <= 3527043))

for range-covered
table 1 : explain SELECT id FROM sbtest1 WHERE id BETWEEN 1459195 AND 1459295
	Index Only Scan using sbtest1_pkey on sbtest1  (cost=0.43..6.16 rows=86 width=4)
	  Index Cond: ((id >= 1459195) AND (id <= 1459295))

table 2 : explain SELECT id FROM sbtest2 WHERE id BETWEEN 1459195 AND 1459295
	Index Only Scan using sbtest2_pkey on sbtest2  (cost=0.43..10.38 rows=97 width=4)
	  Index Cond: ((id >= 1459195) AND (id <= 1459295))

table 3 : explain SELECT id FROM sbtest3 WHERE id BETWEEN 1459195 AND 1459295
	Index Only Scan using sbtest3_pkey on sbtest3  (cost=0.43..6.29 rows=93 width=4)
	  Index Cond: ((id >= 1459195) AND (id <= 1459295))

table 4 : explain SELECT id FROM sbtest4 WHERE id BETWEEN 1459195 AND 1459295
	Index Only Scan using sbtest4_pkey on sbtest4  (cost=0.43..6.53 rows=105 width=4)
	  Index Cond: ((id >= 1459195) AND (id <= 1459295))

table 5 : explain SELECT id FROM sbtest5 WHERE id BETWEEN 1459195 AND 1459295
	Index Only Scan using sbtest5_pkey on sbtest5  (cost=0.43..6.56 rows=106 width=4)
	  Index Cond: ((id >= 1459195) AND (id <= 1459295))

table 6 : explain SELECT id FROM sbtest6 WHERE id BETWEEN 1459195 AND 1459295
	Index Only Scan using sbtest6_pkey on sbtest6  (cost=0.43..6.51 rows=104 width=4)
	  Index Cond: ((id >= 1459195) AND (id <= 1459295))

table 7 : explain SELECT id FROM sbtest7 WHERE id BETWEEN 1459195 AND 1459295
	Index Only Scan using sbtest7_pkey on sbtest7  (cost=0.43..6.35 rows=96 width=4)
	  Index Cond: ((id >= 1459195) AND (id <= 1459295))

table 8 : explain SELECT id FROM sbtest8 WHERE id BETWEEN 1459195 AND 1459295
	Index Only Scan using sbtest8_pkey on sbtest8  (cost=0.43..10.56 rows=106 width=4)
	  Index Cond: ((id >= 1459195) AND (id <= 1459295))

explain: for range-covered :: explain SELECT id FROM sbtest%d WHERE id BETWEEN 5337207 AND 5337307
explain: for range-covered :: explain SELECT id FROM sbtest%d WHERE id BETWEEN 1459195 AND 1459295
for range-covered
table 1 : explain SELECT id FROM sbtest1 WHERE id BETWEEN 7206646 AND 7206746
	Index Only Scan using sbtest1_pkey on sbtest1  (cost=0.43..6.40 rows=98 width=4)
	  Index Cond: ((id >= 7206646) AND (id <= 7206746))

table 2 : explain SELECT id FROM sbtest2 WHERE id BETWEEN 7206646 AND 7206746
	Index Only Scan using sbtest2_pkey on sbtest2  (cost=0.43..10.44 rows=100 width=4)
	  Index Cond: ((id >= 7206646) AND (id <= 7206746))

table 3 : explain SELECT id FROM sbtest3 WHERE id BETWEEN 7206646 AND 7206746
	Index Only Scan using sbtest3_pkey on sbtest3  (cost=0.43..6.33 rows=95 width=4)
	  Index Cond: ((id >= 7206646) AND (id <= 7206746))

table 4 : explain SELECT id FROM sbtest4 WHERE id BETWEEN 7206646 AND 7206746
	Index Only Scan using sbtest4_pkey on sbtest4  (cost=0.43..6.50 rows=103 width=4)
	  Index Cond: ((id >= 7206646) AND (id <= 7206746))

table 5 : explain SELECT id FROM sbtest5 WHERE id BETWEEN 7206646 AND 7206746
	Index Only Scan using sbtest5_pkey on sbtest5  (cost=0.43..6.69 rows=113 width=4)
	  Index Cond: ((id >= 7206646) AND (id <= 7206746))

table 6 : explain SELECT id FROM sbtest6 WHERE id BETWEEN 7206646 AND 7206746
	Index Only Scan using sbtest6_pkey on sbtest6  (cost=0.43..6.56 rows=106 width=4)
	  Index Cond: ((id >= 7206646) AND (id <= 7206746))

table 7 : explain SELECT id FROM sbtest7 WHERE id BETWEEN 7206646 AND 7206746
	Index Only Scan using sbtest7_pkey on sbtest7  (cost=0.43..6.25 rows=91 width=4)
	  Index Cond: ((id >= 7206646) AND (id <= 7206746))

table 8 : explain SELECT id FROM sbtest8 WHERE id BETWEEN 7206646 AND 7206746
	Index Only Scan using sbtest8_pkey on sbtest8  (cost=0.43..10.42 rows=99 width=4)
	  Index Cond: ((id >= 7206646) AND (id <= 7206746))

explain: for range-covered :: explain SELECT id FROM sbtest%d WHERE id BETWEEN 3526943 AND 3527043
for range-covered
table 1 : explain SELECT id FROM sbtest1 WHERE id BETWEEN 6209913 AND 6210013
	Index Only Scan using sbtest1_pkey on sbtest1  (cost=0.43..6.42 rows=99 width=4)
	  Index Cond: ((id >= 6209913) AND (id <= 6210013))

table 2 : explain SELECT id FROM sbtest2 WHERE id BETWEEN 6209913 AND 6210013
	Index Only Scan using sbtest2_pkey on sbtest2  (cost=0.43..10.32 rows=94 width=4)
	  Index Cond: ((id >= 6209913) AND (id <= 6210013))

table 3 : explain SELECT id FROM sbtest3 WHERE id BETWEEN 6209913 AND 6210013
	Index Only Scan using sbtest3_pkey on sbtest3  (cost=0.43..6.66 rows=111 width=4)
	  Index Cond: ((id >= 6209913) AND (id <= 6210013))

table 4 : explain SELECT id FROM sbtest4 WHERE id BETWEEN 6209913 AND 6210013
	Index Only Scan using sbtest4_pkey on sbtest4  (cost=0.43..6.32 rows=94 width=4)
	  Index Cond: ((id >= 6209913) AND (id <= 6210013))

table 5 : explain SELECT id FROM sbtest5 WHERE id BETWEEN 6209913 AND 6210013
	Index Only Scan using sbtest5_pkey on sbtest5  (cost=0.43..6.42 rows=99 width=4)
	  Index Cond: ((id >= 6209913) AND (id <= 6210013))

table 6 : explain SELECT id FROM sbtest6 WHERE id BETWEEN 6209913 AND 6210013
	Index Only Scan using sbtest6_pkey on sbtest6  (cost=0.43..6.33 rows=95 width=4)
	  Index Cond: ((id >= 6209913) AND (id <= 6210013))

table 7 : explain SELECT id FROM sbtest7 WHERE id BETWEEN 6209913 AND 6210013
	Index Only Scan using sbtest7_pkey on sbtest7  (cost=0.43..6.32 rows=94 width=4)
	  Index Cond: ((id >= 6209913) AND (id <= 6210013))

table 8 : explain SELECT id FROM sbtest8 WHERE id BETWEEN 6209913 AND 6210013
	Index Only Scan using sbtest8_pkey on sbtest8  (cost=0.43..10.60 rows=108 width=4)
	  Index Cond: ((id >= 6209913) AND (id <= 6210013))

for range-covered
table 1 : explain SELECT id FROM sbtest1 WHERE id BETWEEN 737165 AND 737265
	Index Only Scan using sbtest1_pkey on sbtest1  (cost=0.43..6.56 rows=106 width=4)
	  Index Cond: ((id >= 737165) AND (id <= 737265))

table 2 : explain SELECT id FROM sbtest2 WHERE id BETWEEN 737165 AND 737265
	Index Only Scan using sbtest2_pkey on sbtest2  (cost=0.43..10.40 rows=98 width=4)
	  Index Cond: ((id >= 737165) AND (id <= 737265))

table 3 : explain SELECT id FROM sbtest3 WHERE id BETWEEN 737165 AND 737265
	Index Only Scan using sbtest3_pkey on sbtest3  (cost=0.43..6.27 rows=92 width=4)
	  Index Cond: ((id >= 737165) AND (id <= 737265))

table 4 : explain SELECT id FROM sbtest4 WHERE id BETWEEN 737165 AND 737265
	Index Only Scan using sbtest4_pkey on sbtest4  (cost=0.43..6.75 rows=116 width=4)
	  Index Cond: ((id >= 737165) AND (id <= 737265))

table 5 : explain SELECT id FROM sbtest5 WHERE id BETWEEN 737165 AND 737265
	Index Only Scan using sbtest5_pkey on sbtest5  (cost=0.43..6.45 rows=101 width=4)
	  Index Cond: ((id >= 737165) AND (id <= 737265))

table 6 : explain SELECT id FROM sbtest6 WHERE id BETWEEN 737165 AND 737265
	Index Only Scan using sbtest6_pkey on sbtest6  (cost=0.43..6.59 rows=108 width=4)
	  Index Cond: ((id >= 737165) AND (id <= 737265))

table 7 : explain SELECT id FROM sbtest7 WHERE id BETWEEN 737165 AND 737265
	Index Only Scan using sbtest7_pkey on sbtest7  (cost=0.43..6.61 rows=109 width=4)
	  Index Cond: ((id >= 737165) AND (id <= 737265))

table 8 : explain SELECT id FROM sbtest8 WHERE id BETWEEN 737165 AND 737265
	Index Only Scan using sbtest8_pkey on sbtest8  (cost=0.43..10.47 rows=102 width=4)
	  Index Cond: ((id >= 737165) AND (id <= 737265))

explain: for range-covered :: explain SELECT id FROM sbtest%d WHERE id BETWEEN 6209913 AND 6210013
for range-covered
table 1 : explain SELECT id FROM sbtest1 WHERE id BETWEEN 6358319 AND 6358419
	Index Only Scan using sbtest1_pkey on sbtest1  (cost=0.43..6.33 rows=95 width=4)
	  Index Cond: ((id >= 6358319) AND (id <= 6358419))

table 2 : explain SELECT id FROM sbtest2 WHERE id BETWEEN 6358319 AND 6358419
	Index Only Scan using sbtest2_pkey on sbtest2  (cost=0.43..10.56 rows=106 width=4)
	  Index Cond: ((id >= 6358319) AND (id <= 6358419))

table 3 : explain SELECT id FROM sbtest3 WHERE id BETWEEN 6358319 AND 6358419
	Index Only Scan using sbtest3_pkey on sbtest3  (cost=0.43..6.33 rows=95 width=4)
	  Index Cond: ((id >= 6358319) AND (id <= 6358419))

table 4 : explain SELECT id FROM sbtest4 WHERE id BETWEEN 6358319 AND 6358419
	Index Only Scan using sbtest4_pkey on sbtest4  (cost=0.43..6.53 rows=105 width=4)
	  Index Cond: ((id >= 6358319) AND (id <= 6358419))

table 5 : explain SELECT id FROM sbtest5 WHERE id BETWEEN 6358319 AND 6358419
	Index Only Scan using sbtest5_pkey on sbtest5  (cost=0.43..6.33 rows=95 width=4)
	  Index Cond: ((id >= 6358319) AND (id <= 6358419))

table 6 : explain SELECT id FROM sbtest6 WHERE id BETWEEN 6358319 AND 6358419
	Index Only Scan using sbtest6_pkey on sbtest6  (cost=0.43..6.53 rows=105 width=4)
	  Index Cond: ((id >= 6358319) AND (id <= 6358419))

table 7 : explain SELECT id FROM sbtest7 WHERE id BETWEEN 6358319 AND 6358419
	Index Only Scan using sbtest7_pkey on sbtest7  (cost=0.43..6.53 rows=105 width=4)
	  Index Cond: ((id >= 6358319) AND (id <= 6358419))

table 8 : explain SELECT id FROM sbtest8 WHERE id BETWEEN 6358319 AND 6358419
	Index Only Scan using sbtest8_pkey on sbtest8  (cost=0.43..10.32 rows=94 width=4)
	  Index Cond: ((id >= 6358319) AND (id <= 6358419))

explain: for range-covered :: explain SELECT id FROM sbtest%d WHERE id BETWEEN 7206646 AND 7206746
explain: for range-covered :: explain SELECT id FROM sbtest%d WHERE id BETWEEN 737165 AND 737265
for range-covered
table 1 : explain SELECT id FROM sbtest1 WHERE id BETWEEN 6733095 AND 6733195
	Index Only Scan using sbtest1_pkey on sbtest1  (cost=0.43..6.53 rows=105 width=4)
	  Index Cond: ((id >= 6733095) AND (id <= 6733195))

table 2 : explain SELECT id FROM sbtest2 WHERE id BETWEEN 6733095 AND 6733195
	Index Only Scan using sbtest2_pkey on sbtest2  (cost=0.43..10.44 rows=100 width=4)
	  Index Cond: ((id >= 6733095) AND (id <= 6733195))

table 3 : explain SELECT id FROM sbtest3 WHERE id BETWEEN 6733095 AND 6733195
	Index Only Scan using sbtest3_pkey on sbtest3  (cost=0.43..6.43 rows=100 width=4)
	  Index Cond: ((id >= 6733095) AND (id <= 6733195))

table 4 : explain SELECT id FROM sbtest4 WHERE id BETWEEN 6733095 AND 6733195
	Index Only Scan using sbtest4_pkey on sbtest4  (cost=0.43..6.43 rows=100 width=4)
	  Index Cond: ((id >= 6733095) AND (id <= 6733195))

table 5 : explain SELECT id FROM sbtest5 WHERE id BETWEEN 6733095 AND 6733195
	Index Only Scan using sbtest5_pkey on sbtest5  (cost=0.43..6.33 rows=95 width=4)
	  Index Cond: ((id >= 6733095) AND (id <= 6733195))

table 6 : explain SELECT id FROM sbtest6 WHERE id BETWEEN 6733095 AND 6733195
	Index Only Scan using sbtest6_pkey on sbtest6  (cost=0.43..6.51 rows=104 width=4)
	  Index Cond: ((id >= 6733095) AND (id <= 6733195))

table 7 : explain SELECT id FROM sbtest7 WHERE id BETWEEN 6733095 AND 6733195
	Index Only Scan using sbtest7_pkey on sbtest7  (cost=0.43..6.40 rows=98 width=4)
	  Index Cond: ((id >= 6733095) AND (id <= 6733195))

table 8 : explain SELECT id FROM sbtest8 WHERE id BETWEEN 6733095 AND 6733195
	Index Only Scan using sbtest8_pkey on sbtest8  (cost=0.43..10.63 rows=110 width=4)
	  Index Cond: ((id >= 6733095) AND (id <= 6733195))

explain: for range-covered :: explain SELECT id FROM sbtest%d WHERE id BETWEEN 6733095 AND 6733195
for range-covered
table 1 : explain SELECT id FROM sbtest1 WHERE id BETWEEN 5337207 AND 5337307
	Index Only Scan using sbtest1_pkey on sbtest1  (cost=0.43..6.61 rows=109 width=4)
	  Index Cond: ((id >= 5337207) AND (id <= 5337307))

table 2 : explain SELECT id FROM sbtest2 WHERE id BETWEEN 5337207 AND 5337307
	Index Only Scan using sbtest2_pkey on sbtest2  (cost=0.43..10.33 rows=95 width=4)
	  Index Cond: ((id >= 5337207) AND (id <= 5337307))

table 3 : explain SELECT id FROM sbtest3 WHERE id BETWEEN 5337207 AND 5337307
	Index Only Scan using sbtest3_pkey on sbtest3  (cost=0.43..6.51 rows=104 width=4)
	  Index Cond: ((id >= 5337207) AND (id <= 5337307))

table 4 : explain SELECT id FROM sbtest4 WHERE id BETWEEN 5337207 AND 5337307
	Index Only Scan using sbtest4_pkey on sbtest4  (cost=0.43..6.56 rows=106 width=4)
	  Index Cond: ((id >= 5337207) AND (id <= 5337307))

table 5 : explain SELECT id FROM sbtest5 WHERE id BETWEEN 5337207 AND 5337307
	Index Only Scan using sbtest5_pkey on sbtest5  (cost=0.43..6.58 rows=107 width=4)
	  Index Cond: ((id >= 5337207) AND (id <= 5337307))

table 6 : explain SELECT id FROM sbtest6 WHERE id BETWEEN 5337207 AND 5337307
	Index Only Scan using sbtest6_pkey on sbtest6  (cost=0.43..6.43 rows=100 width=4)
	  Index Cond: ((id >= 5337207) AND (id <= 5337307))

table 7 : explain SELECT id FROM sbtest7 WHERE id BETWEEN 5337207 AND 5337307
	Index Only Scan using sbtest7_pkey on sbtest7  (cost=0.43..6.50 rows=103 width=4)
	  Index Cond: ((id >= 5337207) AND (id <= 5337307))

table 8 : explain SELECT id FROM sbtest8 WHERE id BETWEEN 5337207 AND 5337307
	Index Only Scan using sbtest8_pkey on sbtest8  (cost=0.43..10.58 rows=107 width=4)
	  Index Cond: ((id >= 5337207) AND (id <= 5337307))

for range-covered
table 1 : explain SELECT id FROM sbtest1 WHERE id BETWEEN 1459195 AND 1459295
	Index Only Scan using sbtest1_pkey on sbtest1  (cost=0.43..6.16 rows=86 width=4)
	  Index Cond: ((id >= 1459195) AND (id <= 1459295))

table 2 : explain SELECT id FROM sbtest2 WHERE id BETWEEN 1459195 AND 1459295
	Index Only Scan using sbtest2_pkey on sbtest2  (cost=0.43..10.38 rows=97 width=4)
	  Index Cond: ((id >= 1459195) AND (id <= 1459295))

table 3 : explain SELECT id FROM sbtest3 WHERE id BETWEEN 1459195 AND 1459295
	Index Only Scan using sbtest3_pkey on sbtest3  (cost=0.43..6.29 rows=93 width=4)
	  Index Cond: ((id >= 1459195) AND (id <= 1459295))

table 4 : explain SELECT id FROM sbtest4 WHERE id BETWEEN 1459195 AND 1459295
	Index Only Scan using sbtest4_pkey on sbtest4  (cost=0.43..6.53 rows=105 width=4)
	  Index Cond: ((id >= 1459195) AND (id <= 1459295))

table 5 : explain SELECT id FROM sbtest5 WHERE id BETWEEN 1459195 AND 1459295
	Index Only Scan using sbtest5_pkey on sbtest5  (cost=0.43..6.56 rows=106 width=4)
	  Index Cond: ((id >= 1459195) AND (id <= 1459295))

table 6 : explain SELECT id FROM sbtest6 WHERE id BETWEEN 1459195 AND 1459295
	Index Only Scan using sbtest6_pkey on sbtest6  (cost=0.43..6.51 rows=104 width=4)
	  Index Cond: ((id >= 1459195) AND (id <= 1459295))

table 7 : explain SELECT id FROM sbtest7 WHERE id BETWEEN 1459195 AND 1459295
	Index Only Scan using sbtest7_pkey on sbtest7  (cost=0.43..6.35 rows=96 width=4)
	  Index Cond: ((id >= 1459195) AND (id <= 1459295))

table 8 : explain SELECT id FROM sbtest8 WHERE id BETWEEN 1459195 AND 1459295
	Index Only Scan using sbtest8_pkey on sbtest8  (cost=0.43..10.56 rows=106 width=4)
	  Index Cond: ((id >= 1459195) AND (id <= 1459295))

explain: for range-covered :: explain SELECT id FROM sbtest%d WHERE id BETWEEN 5337207 AND 5337307
explain: for range-covered :: explain SELECT id FROM sbtest%d WHERE id BETWEEN 3558788 AND 3558888
explain: for range-covered :: explain SELECT id FROM sbtest%d WHERE id BETWEEN 1459195 AND 1459295
explain: for range-covered :: explain SELECT id FROM sbtest%d WHERE id BETWEEN 3114696 AND 3114796
for range-covered
table 1 : explain SELECT id FROM sbtest1 WHERE id BETWEEN 6209913 AND 6210013
	Index Only Scan using sbtest1_pkey on sbtest1  (cost=0.43..6.42 rows=99 width=4)
	  Index Cond: ((id >= 6209913) AND (id <= 6210013))

table 2 : explain SELECT id FROM sbtest2 WHERE id BETWEEN 6209913 AND 6210013
	Index Only Scan using sbtest2_pkey on sbtest2  (cost=0.43..10.32 rows=94 width=4)
	  Index Cond: ((id >= 6209913) AND (id <= 6210013))

table 3 : explain SELECT id FROM sbtest3 WHERE id BETWEEN 6209913 AND 6210013
	Index Only Scan using sbtest3_pkey on sbtest3  (cost=0.43..6.66 rows=111 width=4)
	  Index Cond: ((id >= 6209913) AND (id <= 6210013))

table 4 : explain SELECT id FROM sbtest4 WHERE id BETWEEN 6209913 AND 6210013
	Index Only Scan using sbtest4_pkey on sbtest4  (cost=0.43..6.32 rows=94 width=4)
	  Index Cond: ((id >= 6209913) AND (id <= 6210013))

table 5 : explain SELECT id FROM sbtest5 WHERE id BETWEEN 6209913 AND 6210013
	Index Only Scan using sbtest5_pkey on sbtest5  (cost=0.43..6.42 rows=99 width=4)
	  Index Cond: ((id >= 6209913) AND (id <= 6210013))

table 6 : explain SELECT id FROM sbtest6 WHERE id BETWEEN 6209913 AND 6210013
	Index Only Scan using sbtest6_pkey on sbtest6  (cost=0.43..6.33 rows=95 width=4)
	  Index Cond: ((id >= 6209913) AND (id <= 6210013))

table 7 : explain SELECT id FROM sbtest7 WHERE id BETWEEN 6209913 AND 6210013
	Index Only Scan using sbtest7_pkey on sbtest7  (cost=0.43..6.32 rows=94 width=4)
	  Index Cond: ((id >= 6209913) AND (id <= 6210013))

table 8 : explain SELECT id FROM sbtest8 WHERE id BETWEEN 6209913 AND 6210013
	Index Only Scan using sbtest8_pkey on sbtest8  (cost=0.43..10.60 rows=108 width=4)
	  Index Cond: ((id >= 6209913) AND (id <= 6210013))

explain: for range-covered :: explain SELECT id FROM sbtest%d WHERE id BETWEEN 6209913 AND 6210013
for range-covered
table 1 : explain SELECT id FROM sbtest1 WHERE id BETWEEN 5337207 AND 5337307
	Index Only Scan using sbtest1_pkey on sbtest1  (cost=0.43..6.61 rows=109 width=4)
	  Index Cond: ((id >= 5337207) AND (id <= 5337307))

table 2 : explain SELECT id FROM sbtest2 WHERE id BETWEEN 5337207 AND 5337307
	Index Only Scan using sbtest2_pkey on sbtest2  (cost=0.43..10.33 rows=95 width=4)
	  Index Cond: ((id >= 5337207) AND (id <= 5337307))

table 3 : explain SELECT id FROM sbtest3 WHERE id BETWEEN 5337207 AND 5337307
	Index Only Scan using sbtest3_pkey on sbtest3  (cost=0.43..6.51 rows=104 width=4)
	  Index Cond: ((id >= 5337207) AND (id <= 5337307))

table 4 : explain SELECT id FROM sbtest4 WHERE id BETWEEN 5337207 AND 5337307
	Index Only Scan using sbtest4_pkey on sbtest4  (cost=0.43..6.56 rows=106 width=4)
	  Index Cond: ((id >= 5337207) AND (id <= 5337307))

table 5 : explain SELECT id FROM sbtest5 WHERE id BETWEEN 5337207 AND 5337307
	Index Only Scan using sbtest5_pkey on sbtest5  (cost=0.43..6.58 rows=107 width=4)
	  Index Cond: ((id >= 5337207) AND (id <= 5337307))

table 6 : explain SELECT id FROM sbtest6 WHERE id BETWEEN 5337207 AND 5337307
	Index Only Scan using sbtest6_pkey on sbtest6  (cost=0.43..6.43 rows=100 width=4)
	  Index Cond: ((id >= 5337207) AND (id <= 5337307))

table 7 : explain SELECT id FROM sbtest7 WHERE id BETWEEN 5337207 AND 5337307
	Index Only Scan using sbtest7_pkey on sbtest7  (cost=0.43..6.50 rows=103 width=4)
	  Index Cond: ((id >= 5337207) AND (id <= 5337307))

table 8 : explain SELECT id FROM sbtest8 WHERE id BETWEEN 5337207 AND 5337307
	Index Only Scan using sbtest8_pkey on sbtest8  (cost=0.43..10.58 rows=107 width=4)
	  Index Cond: ((id >= 5337207) AND (id <= 5337307))

for range-covered
table 1 : explain SELECT id FROM sbtest1 WHERE id BETWEEN 1459195 AND 1459295
	Index Only Scan using sbtest1_pkey on sbtest1  (cost=0.43..6.16 rows=86 width=4)
	  Index Cond: ((id >= 1459195) AND (id <= 1459295))

table 2 : explain SELECT id FROM sbtest2 WHERE id BETWEEN 1459195 AND 1459295
	Index Only Scan using sbtest2_pkey on sbtest2  (cost=0.43..10.38 rows=97 width=4)
	  Index Cond: ((id >= 1459195) AND (id <= 1459295))

table 3 : explain SELECT id FROM sbtest3 WHERE id BETWEEN 1459195 AND 1459295
	Index Only Scan using sbtest3_pkey on sbtest3  (cost=0.43..6.29 rows=93 width=4)
	  Index Cond: ((id >= 1459195) AND (id <= 1459295))

table 4 : explain SELECT id FROM sbtest4 WHERE id BETWEEN 1459195 AND 1459295
	Index Only Scan using sbtest4_pkey on sbtest4  (cost=0.43..6.53 rows=105 width=4)
	  Index Cond: ((id >= 1459195) AND (id <= 1459295))

table 5 : explain SELECT id FROM sbtest5 WHERE id BETWEEN 1459195 AND 1459295
	Index Only Scan using sbtest5_pkey on sbtest5  (cost=0.43..6.56 rows=106 width=4)
	  Index Cond: ((id >= 1459195) AND (id <= 1459295))

table 6 : explain SELECT id FROM sbtest6 WHERE id BETWEEN 1459195 AND 1459295
	Index Only Scan using sbtest6_pkey on sbtest6  (cost=0.43..6.51 rows=104 width=4)
	  Index Cond: ((id >= 1459195) AND (id <= 1459295))

table 7 : explain SELECT id FROM sbtest7 WHERE id BETWEEN 1459195 AND 1459295
	Index Only Scan using sbtest7_pkey on sbtest7  (cost=0.43..6.35 rows=96 width=4)
	  Index Cond: ((id >= 1459195) AND (id <= 1459295))

table 8 : explain SELECT id FROM sbtest8 WHERE id BETWEEN 1459195 AND 1459295
	Index Only Scan using sbtest8_pkey on sbtest8  (cost=0.43..10.56 rows=106 width=4)
	  Index Cond: ((id >= 1459195) AND (id <= 1459295))

explain: for range-covered :: explain SELECT id FROM sbtest%d WHERE id BETWEEN 5337207 AND 5337307
explain: for range-covered :: explain SELECT id FROM sbtest%d WHERE id BETWEEN 1459195 AND 1459295
for range-covered
table 1 : explain SELECT id FROM sbtest1 WHERE id BETWEEN 6733095 AND 6733195
	Index Only Scan using sbtest1_pkey on sbtest1  (cost=0.43..6.53 rows=105 width=4)
	  Index Cond: ((id >= 6733095) AND (id <= 6733195))

table 2 : explain SELECT id FROM sbtest2 WHERE id BETWEEN 6733095 AND 6733195
	Index Only Scan using sbtest2_pkey on sbtest2  (cost=0.43..10.44 rows=100 width=4)
	  Index Cond: ((id >= 6733095) AND (id <= 6733195))

table 3 : explain SELECT id FROM sbtest3 WHERE id BETWEEN 6733095 AND 6733195
	Index Only Scan using sbtest3_pkey on sbtest3  (cost=0.43..6.43 rows=100 width=4)
	  Index Cond: ((id >= 6733095) AND (id <= 6733195))

table 4 : explain SELECT id FROM sbtest4 WHERE id BETWEEN 6733095 AND 6733195
	Index Only Scan using sbtest4_pkey on sbtest4  (cost=0.43..6.43 rows=100 width=4)
	  Index Cond: ((id >= 6733095) AND (id <= 6733195))

table 5 : explain SELECT id FROM sbtest5 WHERE id BETWEEN 6733095 AND 6733195
	Index Only Scan using sbtest5_pkey on sbtest5  (cost=0.43..6.33 rows=95 width=4)
	  Index Cond: ((id >= 6733095) AND (id <= 6733195))

table 6 : explain SELECT id FROM sbtest6 WHERE id BETWEEN 6733095 AND 6733195
	Index Only Scan using sbtest6_pkey on sbtest6  (cost=0.43..6.51 rows=104 width=4)
	  Index Cond: ((id >= 6733095) AND (id <= 6733195))

table 7 : explain SELECT id FROM sbtest7 WHERE id BETWEEN 6733095 AND 6733195
	Index Only Scan using sbtest7_pkey on sbtest7  (cost=0.43..6.40 rows=98 width=4)
	  Index Cond: ((id >= 6733095) AND (id <= 6733195))

table 8 : explain SELECT id FROM sbtest8 WHERE id BETWEEN 6733095 AND 6733195
	Index Only Scan using sbtest8_pkey on sbtest8  (cost=0.43..10.63 rows=110 width=4)
	  Index Cond: ((id >= 6733095) AND (id <= 6733195))

for range-covered
table 1 : explain SELECT id FROM sbtest1 WHERE id BETWEEN 6209913 AND 6210013
	Index Only Scan using sbtest1_pkey on sbtest1  (cost=0.43..6.42 rows=99 width=4)
	  Index Cond: ((id >= 6209913) AND (id <= 6210013))

table 2 : explain SELECT id FROM sbtest2 WHERE id BETWEEN 6209913 AND 6210013
	Index Only Scan using sbtest2_pkey on sbtest2  (cost=0.43..10.32 rows=94 width=4)
	  Index Cond: ((id >= 6209913) AND (id <= 6210013))

table 3 : explain SELECT id FROM sbtest3 WHERE id BETWEEN 6209913 AND 6210013
	Index Only Scan using sbtest3_pkey on sbtest3  (cost=0.43..6.66 rows=111 width=4)
	  Index Cond: ((id >= 6209913) AND (id <= 6210013))

table 4 : explain SELECT id FROM sbtest4 WHERE id BETWEEN 6209913 AND 6210013
	Index Only Scan using sbtest4_pkey on sbtest4  (cost=0.43..6.32 rows=94 width=4)
	  Index Cond: ((id >= 6209913) AND (id <= 6210013))

table 5 : explain SELECT id FROM sbtest5 WHERE id BETWEEN 6209913 AND 6210013
	Index Only Scan using sbtest5_pkey on sbtest5  (cost=0.43..6.42 rows=99 width=4)
	  Index Cond: ((id >= 6209913) AND (id <= 6210013))

table 6 : explain SELECT id FROM sbtest6 WHERE id BETWEEN 6209913 AND 6210013
	Index Only Scan using sbtest6_pkey on sbtest6  (cost=0.43..6.33 rows=95 width=4)
	  Index Cond: ((id >= 6209913) AND (id <= 6210013))

table 7 : explain SELECT id FROM sbtest7 WHERE id BETWEEN 6209913 AND 6210013
	Index Only Scan using sbtest7_pkey on sbtest7  (cost=0.43..6.32 rows=94 width=4)
	  Index Cond: ((id >= 6209913) AND (id <= 6210013))

table 8 : explain SELECT id FROM sbtest8 WHERE id BETWEEN 6209913 AND 6210013
	Index Only Scan using sbtest8_pkey on sbtest8  (cost=0.43..10.60 rows=108 width=4)
	  Index Cond: ((id >= 6209913) AND (id <= 6210013))

explain: for range-covered :: explain SELECT id FROM sbtest%d WHERE id BETWEEN 6209913 AND 6210013
for range-covered
table 1 : explain SELECT id FROM sbtest1 WHERE id BETWEEN 5337207 AND 5337307
	Index Only Scan using sbtest1_pkey on sbtest1  (cost=0.43..6.61 rows=109 width=4)
	  Index Cond: ((id >= 5337207) AND (id <= 5337307))

table 2 : explain SELECT id FROM sbtest2 WHERE id BETWEEN 5337207 AND 5337307
	Index Only Scan using sbtest2_pkey on sbtest2  (cost=0.43..10.33 rows=95 width=4)
	  Index Cond: ((id >= 5337207) AND (id <= 5337307))

table 3 : explain SELECT id FROM sbtest3 WHERE id BETWEEN 5337207 AND 5337307
	Index Only Scan using sbtest3_pkey on sbtest3  (cost=0.43..6.51 rows=104 width=4)
	  Index Cond: ((id >= 5337207) AND (id <= 5337307))

table 4 : explain SELECT id FROM sbtest4 WHERE id BETWEEN 5337207 AND 5337307
	Index Only Scan using sbtest4_pkey on sbtest4  (cost=0.43..6.56 rows=106 width=4)
	  Index Cond: ((id >= 5337207) AND (id <= 5337307))

table 5 : explain SELECT id FROM sbtest5 WHERE id BETWEEN 5337207 AND 5337307
	Index Only Scan using sbtest5_pkey on sbtest5  (cost=0.43..6.58 rows=107 width=4)
	  Index Cond: ((id >= 5337207) AND (id <= 5337307))

table 6 : explain SELECT id FROM sbtest6 WHERE id BETWEEN 5337207 AND 5337307
	Index Only Scan using sbtest6_pkey on sbtest6  (cost=0.43..6.43 rows=100 width=4)
	  Index Cond: ((id >= 5337207) AND (id <= 5337307))

table 7 : explain SELECT id FROM sbtest7 WHERE id BETWEEN 5337207 AND 5337307
	Index Only Scan using sbtest7_pkey on sbtest7  (cost=0.43..6.50 rows=103 width=4)
	  Index Cond: ((id >= 5337207) AND (id <= 5337307))

table 8 : explain SELECT id FROM sbtest8 WHERE id BETWEEN 5337207 AND 5337307
	Index Only Scan using sbtest8_pkey on sbtest8  (cost=0.43..10.58 rows=107 width=4)
	  Index Cond: ((id >= 5337207) AND (id <= 5337307))

for range-covered
table 1 : explain SELECT id FROM sbtest1 WHERE id BETWEEN 1459195 AND 1459295
	Index Only Scan using sbtest1_pkey on sbtest1  (cost=0.43..6.16 rows=86 width=4)
	  Index Cond: ((id >= 1459195) AND (id <= 1459295))

table 2 : explain SELECT id FROM sbtest2 WHERE id BETWEEN 1459195 AND 1459295
	Index Only Scan using sbtest2_pkey on sbtest2  (cost=0.43..10.38 rows=97 width=4)
	  Index Cond: ((id >= 1459195) AND (id <= 1459295))

table 3 : explain SELECT id FROM sbtest3 WHERE id BETWEEN 1459195 AND 1459295
	Index Only Scan using sbtest3_pkey on sbtest3  (cost=0.43..6.29 rows=93 width=4)
	  Index Cond: ((id >= 1459195) AND (id <= 1459295))

table 4 : explain SELECT id FROM sbtest4 WHERE id BETWEEN 1459195 AND 1459295
	Index Only Scan using sbtest4_pkey on sbtest4  (cost=0.43..6.53 rows=105 width=4)
	  Index Cond: ((id >= 1459195) AND (id <= 1459295))

table 5 : explain SELECT id FROM sbtest5 WHERE id BETWEEN 1459195 AND 1459295
	Index Only Scan using sbtest5_pkey on sbtest5  (cost=0.43..6.56 rows=106 width=4)
	  Index Cond: ((id >= 1459195) AND (id <= 1459295))

table 6 : explain SELECT id FROM sbtest6 WHERE id BETWEEN 1459195 AND 1459295
	Index Only Scan using sbtest6_pkey on sbtest6  (cost=0.43..6.51 rows=104 width=4)
	  Index Cond: ((id >= 1459195) AND (id <= 1459295))

table 7 : explain SELECT id FROM sbtest7 WHERE id BETWEEN 1459195 AND 1459295
	Index Only Scan using sbtest7_pkey on sbtest7  (cost=0.43..6.35 rows=96 width=4)
	  Index Cond: ((id >= 1459195) AND (id <= 1459295))

table 8 : explain SELECT id FROM sbtest8 WHERE id BETWEEN 1459195 AND 1459295
	Index Only Scan using sbtest8_pkey on sbtest8  (cost=0.43..10.56 rows=106 width=4)
	  Index Cond: ((id >= 1459195) AND (id <= 1459295))

explain: for range-covered :: explain SELECT id FROM sbtest%d WHERE id BETWEEN 6733095 AND 6733195
explain: for range-covered :: explain SELECT id FROM sbtest%d WHERE id BETWEEN 1459195 AND 1459295
explain: for range-covered :: explain SELECT id FROM sbtest%d WHERE id BETWEEN 5618548 AND 5618648
for range-covered
table 1 : explain SELECT id FROM sbtest1 WHERE id BETWEEN 3526943 AND 3527043
	Index Only Scan using sbtest1_pkey on sbtest1  (cost=0.43..6.42 rows=99 width=4)
	  Index Cond: ((id >= 3526943) AND (id <= 3527043))

table 2 : explain SELECT id FROM sbtest2 WHERE id BETWEEN 3526943 AND 3527043
	Index Only Scan using sbtest2_pkey on sbtest2  (cost=0.43..10.56 rows=106 width=4)
	  Index Cond: ((id >= 3526943) AND (id <= 3527043))

table 3 : explain SELECT id FROM sbtest3 WHERE id BETWEEN 3526943 AND 3527043
	Index Only Scan using sbtest3_pkey on sbtest3  (cost=0.43..6.45 rows=101 width=4)
	  Index Cond: ((id >= 3526943) AND (id <= 3527043))

table 4 : explain SELECT id FROM sbtest4 WHERE id BETWEEN 3526943 AND 3527043
	Index Only Scan using sbtest4_pkey on sbtest4  (cost=0.43..6.53 rows=105 width=4)
	  Index Cond: ((id >= 3526943) AND (id <= 3527043))

table 5 : explain SELECT id FROM sbtest5 WHERE id BETWEEN 3526943 AND 3527043
	Index Only Scan using sbtest5_pkey on sbtest5  (cost=0.43..6.58 rows=107 width=4)
	  Index Cond: ((id >= 3526943) AND (id <= 3527043))

table 6 : explain SELECT id FROM sbtest6 WHERE id BETWEEN 3526943 AND 3527043
	Index Only Scan using sbtest6_pkey on sbtest6  (cost=0.43..6.32 rows=94 width=4)
	  Index Cond: ((id >= 3526943) AND (id <= 3527043))

table 7 : explain SELECT id FROM sbtest7 WHERE id BETWEEN 3526943 AND 3527043
	Index Only Scan using sbtest7_pkey on sbtest7  (cost=0.43..6.35 rows=96 width=4)
	  Index Cond: ((id >= 3526943) AND (id <= 3527043))

table 8 : explain SELECT id FROM sbtest8 WHERE id BETWEEN 3526943 AND 3527043
	Index Only Scan using sbtest8_pkey on sbtest8  (cost=0.43..10.56 rows=106 width=4)
	  Index Cond: ((id >= 3526943) AND (id <= 3527043))

for range-covered
table 1 : explain SELECT id FROM sbtest1 WHERE id BETWEEN 737165 AND 737265
	Index Only Scan using sbtest1_pkey on sbtest1  (cost=0.43..6.56 rows=106 width=4)
	  Index Cond: ((id >= 737165) AND (id <= 737265))

table 2 : explain SELECT id FROM sbtest2 WHERE id BETWEEN 737165 AND 737265
	Index Only Scan using sbtest2_pkey on sbtest2  (cost=0.43..10.40 rows=98 width=4)
	  Index Cond: ((id >= 737165) AND (id <= 737265))

table 3 : explain SELECT id FROM sbtest3 WHERE id BETWEEN 737165 AND 737265
	Index Only Scan using sbtest3_pkey on sbtest3  (cost=0.43..6.27 rows=92 width=4)
	  Index Cond: ((id >= 737165) AND (id <= 737265))

table 4 : explain SELECT id FROM sbtest4 WHERE id BETWEEN 737165 AND 737265
	Index Only Scan using sbtest4_pkey on sbtest4  (cost=0.43..6.75 rows=116 width=4)
	  Index Cond: ((id >= 737165) AND (id <= 737265))

table 5 : explain SELECT id FROM sbtest5 WHERE id BETWEEN 737165 AND 737265
	Index Only Scan using sbtest5_pkey on sbtest5  (cost=0.43..6.45 rows=101 width=4)
	  Index Cond: ((id >= 737165) AND (id <= 737265))

table 6 : explain SELECT id FROM sbtest6 WHERE id BETWEEN 737165 AND 737265
	Index Only Scan using sbtest6_pkey on sbtest6  (cost=0.43..6.59 rows=108 width=4)
	  Index Cond: ((id >= 737165) AND (id <= 737265))

table 7 : explain SELECT id FROM sbtest7 WHERE id BETWEEN 737165 AND 737265
	Index Only Scan using sbtest7_pkey on sbtest7  (cost=0.43..6.61 rows=109 width=4)
	  Index Cond: ((id >= 737165) AND (id <= 737265))

table 8 : explain SELECT id FROM sbtest8 WHERE id BETWEEN 737165 AND 737265
	Index Only Scan using sbtest8_pkey on sbtest8  (cost=0.43..10.47 rows=102 width=4)
	  Index Cond: ((id >= 737165) AND (id <= 737265))

for range-covered
table 1 : explain SELECT id FROM sbtest1 WHERE id BETWEEN 7206646 AND 7206746
	Index Only Scan using sbtest1_pkey on sbtest1  (cost=0.43..6.40 rows=98 width=4)
	  Index Cond: ((id >= 7206646) AND (id <= 7206746))

table 2 : explain SELECT id FROM sbtest2 WHERE id BETWEEN 7206646 AND 7206746
	Index Only Scan using sbtest2_pkey on sbtest2  (cost=0.43..10.44 rows=100 width=4)
	  Index Cond: ((id >= 7206646) AND (id <= 7206746))

table 3 : explain SELECT id FROM sbtest3 WHERE id BETWEEN 7206646 AND 7206746
	Index Only Scan using sbtest3_pkey on sbtest3  (cost=0.43..6.33 rows=95 width=4)
	  Index Cond: ((id >= 7206646) AND (id <= 7206746))

table 4 : explain SELECT id FROM sbtest4 WHERE id BETWEEN 7206646 AND 7206746
	Index Only Scan using sbtest4_pkey on sbtest4  (cost=0.43..6.50 rows=103 width=4)
	  Index Cond: ((id >= 7206646) AND (id <= 7206746))

table 5 : explain SELECT id FROM sbtest5 WHERE id BETWEEN 7206646 AND 7206746
	Index Only Scan using sbtest5_pkey on sbtest5  (cost=0.43..6.69 rows=113 width=4)
	  Index Cond: ((id >= 7206646) AND (id <= 7206746))

table 6 : explain SELECT id FROM sbtest6 WHERE id BETWEEN 7206646 AND 7206746
	Index Only Scan using sbtest6_pkey on sbtest6  (cost=0.43..6.56 rows=106 width=4)
	  Index Cond: ((id >= 7206646) AND (id <= 7206746))

table 7 : explain SELECT id FROM sbtest7 WHERE id BETWEEN 7206646 AND 7206746
	Index Only Scan using sbtest7_pkey on sbtest7  (cost=0.43..6.25 rows=91 width=4)
	  Index Cond: ((id >= 7206646) AND (id <= 7206746))

table 8 : explain SELECT id FROM sbtest8 WHERE id BETWEEN 7206646 AND 7206746
	Index Only Scan using sbtest8_pkey on sbtest8  (cost=0.43..10.42 rows=99 width=4)
	  Index Cond: ((id >= 7206646) AND (id <= 7206746))

explain: for range-covered :: explain SELECT id FROM sbtest%d WHERE id BETWEEN 3526943 AND 3527043
for range-covered
table 1 : explain SELECT id FROM sbtest1 WHERE id BETWEEN 6209913 AND 6210013
	Index Only Scan using sbtest1_pkey on sbtest1  (cost=0.43..6.42 rows=99 width=4)
	  Index Cond: ((id >= 6209913) AND (id <= 6210013))

table 2 : explain SELECT id FROM sbtest2 WHERE id BETWEEN 6209913 AND 6210013
	Index Only Scan using sbtest2_pkey on sbtest2  (cost=0.43..10.32 rows=94 width=4)
	  Index Cond: ((id >= 6209913) AND (id <= 6210013))

table 3 : explain SELECT id FROM sbtest3 WHERE id BETWEEN 6209913 AND 6210013
	Index Only Scan using sbtest3_pkey on sbtest3  (cost=0.43..6.66 rows=111 width=4)
	  Index Cond: ((id >= 6209913) AND (id <= 6210013))

table 4 : explain SELECT id FROM sbtest4 WHERE id BETWEEN 6209913 AND 6210013
	Index Only Scan using sbtest4_pkey on sbtest4  (cost=0.43..6.32 rows=94 width=4)
	  Index Cond: ((id >= 6209913) AND (id <= 6210013))

table 5 : explain SELECT id FROM sbtest5 WHERE id BETWEEN 6209913 AND 6210013
	Index Only Scan using sbtest5_pkey on sbtest5  (cost=0.43..6.42 rows=99 width=4)
	  Index Cond: ((id >= 6209913) AND (id <= 6210013))

table 6 : explain SELECT id FROM sbtest6 WHERE id BETWEEN 6209913 AND 6210013
	Index Only Scan using sbtest6_pkey on sbtest6  (cost=0.43..6.33 rows=95 width=4)
	  Index Cond: ((id >= 6209913) AND (id <= 6210013))

table 7 : explain SELECT id FROM sbtest7 WHERE id BETWEEN 6209913 AND 6210013
	Index Only Scan using sbtest7_pkey on sbtest7  (cost=0.43..6.32 rows=94 width=4)
	  Index Cond: ((id >= 6209913) AND (id <= 6210013))

table 8 : explain SELECT id FROM sbtest8 WHERE id BETWEEN 6209913 AND 6210013
	Index Only Scan using sbtest8_pkey on sbtest8  (cost=0.43..10.60 rows=108 width=4)
	  Index Cond: ((id >= 6209913) AND (id <= 6210013))

explain: for range-covered :: explain SELECT id FROM sbtest%d WHERE id BETWEEN 6209913 AND 6210013
explain: for range-covered :: explain SELECT id FROM sbtest%d WHERE id BETWEEN 737165 AND 737265
explain: for range-covered :: explain SELECT id FROM sbtest%d WHERE id BETWEEN 7206646 AND 7206746
for range-covered
table 1 : explain SELECT id FROM sbtest1 WHERE id BETWEEN 1459195 AND 1459295
	Index Only Scan using sbtest1_pkey on sbtest1  (cost=0.43..6.16 rows=86 width=4)
	  Index Cond: ((id >= 1459195) AND (id <= 1459295))

table 2 : explain SELECT id FROM sbtest2 WHERE id BETWEEN 1459195 AND 1459295
	Index Only Scan using sbtest2_pkey on sbtest2  (cost=0.43..10.38 rows=97 width=4)
	  Index Cond: ((id >= 1459195) AND (id <= 1459295))

table 3 : explain SELECT id FROM sbtest3 WHERE id BETWEEN 1459195 AND 1459295
	Index Only Scan using sbtest3_pkey on sbtest3  (cost=0.43..6.29 rows=93 width=4)
	  Index Cond: ((id >= 1459195) AND (id <= 1459295))

table 4 : explain SELECT id FROM sbtest4 WHERE id BETWEEN 1459195 AND 1459295
	Index Only Scan using sbtest4_pkey on sbtest4  (cost=0.43..6.53 rows=105 width=4)
	  Index Cond: ((id >= 1459195) AND (id <= 1459295))

table 5 : explain SELECT id FROM sbtest5 WHERE id BETWEEN 1459195 AND 1459295
	Index Only Scan using sbtest5_pkey on sbtest5  (cost=0.43..6.56 rows=106 width=4)
	  Index Cond: ((id >= 1459195) AND (id <= 1459295))

table 6 : explain SELECT id FROM sbtest6 WHERE id BETWEEN 1459195 AND 1459295
	Index Only Scan using sbtest6_pkey on sbtest6  (cost=0.43..6.51 rows=104 width=4)
	  Index Cond: ((id >= 1459195) AND (id <= 1459295))

table 7 : explain SELECT id FROM sbtest7 WHERE id BETWEEN 1459195 AND 1459295
	Index Only Scan using sbtest7_pkey on sbtest7  (cost=0.43..6.35 rows=96 width=4)
	  Index Cond: ((id >= 1459195) AND (id <= 1459295))

table 8 : explain SELECT id FROM sbtest8 WHERE id BETWEEN 1459195 AND 1459295
	Index Only Scan using sbtest8_pkey on sbtest8  (cost=0.43..10.56 rows=106 width=4)
	  Index Cond: ((id >= 1459195) AND (id <= 1459295))

explain: for range-covered :: explain SELECT id FROM sbtest%d WHERE id BETWEEN 1459195 AND 1459295
for range-covered
table 1 : explain SELECT id FROM sbtest1 WHERE id BETWEEN 6733095 AND 6733195
	Index Only Scan using sbtest1_pkey on sbtest1  (cost=0.43..6.53 rows=105 width=4)
	  Index Cond: ((id >= 6733095) AND (id <= 6733195))

table 2 : explain SELECT id FROM sbtest2 WHERE id BETWEEN 6733095 AND 6733195
	Index Only Scan using sbtest2_pkey on sbtest2  (cost=0.43..10.44 rows=100 width=4)
	  Index Cond: ((id >= 6733095) AND (id <= 6733195))

table 3 : explain SELECT id FROM sbtest3 WHERE id BETWEEN 6733095 AND 6733195
	Index Only Scan using sbtest3_pkey on sbtest3  (cost=0.43..6.43 rows=100 width=4)
	  Index Cond: ((id >= 6733095) AND (id <= 6733195))

table 4 : explain SELECT id FROM sbtest4 WHERE id BETWEEN 6733095 AND 6733195
	Index Only Scan using sbtest4_pkey on sbtest4  (cost=0.43..6.43 rows=100 width=4)
	  Index Cond: ((id >= 6733095) AND (id <= 6733195))

table 5 : explain SELECT id FROM sbtest5 WHERE id BETWEEN 6733095 AND 6733195
	Index Only Scan using sbtest5_pkey on sbtest5  (cost=0.43..6.33 rows=95 width=4)
	  Index Cond: ((id >= 6733095) AND (id <= 6733195))

table 6 : explain SELECT id FROM sbtest6 WHERE id BETWEEN 6733095 AND 6733195
	Index Only Scan using sbtest6_pkey on sbtest6  (cost=0.43..6.51 rows=104 width=4)
	  Index Cond: ((id >= 6733095) AND (id <= 6733195))

table 7 : explain SELECT id FROM sbtest7 WHERE id BETWEEN 6733095 AND 6733195
	Index Only Scan using sbtest7_pkey on sbtest7  (cost=0.43..6.40 rows=98 width=4)
	  Index Cond: ((id >= 6733095) AND (id <= 6733195))

table 8 : explain SELECT id FROM sbtest8 WHERE id BETWEEN 6733095 AND 6733195
	Index Only Scan using sbtest8_pkey on sbtest8  (cost=0.43..10.63 rows=110 width=4)
	  Index Cond: ((id >= 6733095) AND (id <= 6733195))

for range-covered
table 1 : explain SELECT id FROM sbtest1 WHERE id BETWEEN 3558788 AND 3558888
	Index Only Scan using sbtest1_pkey on sbtest1  (cost=0.43..6.42 rows=99 width=4)
	  Index Cond: ((id >= 3558788) AND (id <= 3558888))

table 2 : explain SELECT id FROM sbtest2 WHERE id BETWEEN 3558788 AND 3558888
	Index Only Scan using sbtest2_pkey on sbtest2  (cost=0.43..10.56 rows=106 width=4)
	  Index Cond: ((id >= 3558788) AND (id <= 3558888))

table 3 : explain SELECT id FROM sbtest3 WHERE id BETWEEN 3558788 AND 3558888
	Index Only Scan using sbtest3_pkey on sbtest3  (cost=0.43..6.45 rows=101 width=4)
	  Index Cond: ((id >= 3558788) AND (id <= 3558888))

table 4 : explain SELECT id FROM sbtest4 WHERE id BETWEEN 3558788 AND 3558888
	Index Only Scan using sbtest4_pkey on sbtest4  (cost=0.43..6.53 rows=105 width=4)
	  Index Cond: ((id >= 3558788) AND (id <= 3558888))

table 5 : explain SELECT id FROM sbtest5 WHERE id BETWEEN 3558788 AND 3558888
	Index Only Scan using sbtest5_pkey on sbtest5  (cost=0.43..6.58 rows=107 width=4)
	  Index Cond: ((id >= 3558788) AND (id <= 3558888))

table 6 : explain SELECT id FROM sbtest6 WHERE id BETWEEN 3558788 AND 3558888
	Index Only Scan using sbtest6_pkey on sbtest6  (cost=0.43..6.32 rows=94 width=4)
	  Index Cond: ((id >= 3558788) AND (id <= 3558888))

table 7 : explain SELECT id FROM sbtest7 WHERE id BETWEEN 3558788 AND 3558888
	Index Only Scan using sbtest7_pkey on sbtest7  (cost=0.43..6.35 rows=96 width=4)
	  Index Cond: ((id >= 3558788) AND (id <= 3558888))

table 8 : explain SELECT id FROM sbtest8 WHERE id BETWEEN 3558788 AND 3558888
	Index Only Scan using sbtest8_pkey on sbtest8  (cost=0.43..10.60 rows=108 width=4)
	  Index Cond: ((id >= 3558788) AND (id <= 3558888))

explain: for range-covered :: explain SELECT id FROM sbtest%d WHERE id BETWEEN 3558788 AND 3558888
explain: for range-covered :: explain SELECT id FROM sbtest%d WHERE id BETWEEN 6733095 AND 6733195
for range-covered
table 1 : explain SELECT id FROM sbtest1 WHERE id BETWEEN 6353968 AND 6354068
	Index Only Scan using sbtest1_pkey on sbtest1  (cost=0.43..6.33 rows=95 width=4)
	  Index Cond: ((id >= 6353968) AND (id <= 6354068))

table 2 : explain SELECT id FROM sbtest2 WHERE id BETWEEN 6353968 AND 6354068
	Index Only Scan using sbtest2_pkey on sbtest2  (cost=0.43..10.56 rows=106 width=4)
	  Index Cond: ((id >= 6353968) AND (id <= 6354068))

table 3 : explain SELECT id FROM sbtest3 WHERE id BETWEEN 6353968 AND 6354068
	Index Only Scan using sbtest3_pkey on sbtest3  (cost=0.43..6.33 rows=95 width=4)
	  Index Cond: ((id >= 6353968) AND (id <= 6354068))

table 4 : explain SELECT id FROM sbtest4 WHERE id BETWEEN 6353968 AND 6354068
	Index Only Scan using sbtest4_pkey on sbtest4  (cost=0.43..6.53 rows=105 width=4)
	  Index Cond: ((id >= 6353968) AND (id <= 6354068))

table 5 : explain SELECT id FROM sbtest5 WHERE id BETWEEN 6353968 AND 6354068
	Index Only Scan using sbtest5_pkey on sbtest5  (cost=0.43..6.33 rows=95 width=4)
	  Index Cond: ((id >= 6353968) AND (id <= 6354068))

table 6 : explain SELECT id FROM sbtest6 WHERE id BETWEEN 6353968 AND 6354068
	Index Only Scan using sbtest6_pkey on sbtest6  (cost=0.43..6.53 rows=105 width=4)
	  Index Cond: ((id >= 6353968) AND (id <= 6354068))

table 7 : explain SELECT id FROM sbtest7 WHERE id BETWEEN 6353968 AND 6354068
	Index Only Scan using sbtest7_pkey on sbtest7  (cost=0.43..6.53 rows=105 width=4)
	  Index Cond: ((id >= 6353968) AND (id <= 6354068))

table 8 : explain SELECT id FROM sbtest8 WHERE id BETWEEN 6353968 AND 6354068
	Index Only Scan using sbtest8_pkey on sbtest8  (cost=0.43..10.32 rows=94 width=4)
	  Index Cond: ((id >= 6353968) AND (id <= 6354068))

for range-covered
table 1 : explain SELECT id FROM sbtest1 WHERE id BETWEEN 3114696 AND 3114796
	Index Only Scan using sbtest1_pkey on sbtest1  (cost=0.43..6.21 rows=89 width=4)
	  Index Cond: ((id >= 3114696) AND (id <= 3114796))

table 2 : explain SELECT id FROM sbtest2 WHERE id BETWEEN 3114696 AND 3114796
	Index Only Scan using sbtest2_pkey on sbtest2  (cost=0.43..10.32 rows=94 width=4)
	  Index Cond: ((id >= 3114696) AND (id <= 3114796))

table 3 : explain SELECT id FROM sbtest3 WHERE id BETWEEN 3114696 AND 3114796
	Index Only Scan using sbtest3_pkey on sbtest3  (cost=0.43..6.33 rows=95 width=4)
	  Index Cond: ((id >= 3114696) AND (id <= 3114796))

table 4 : explain SELECT id FROM sbtest4 WHERE id BETWEEN 3114696 AND 3114796
	Index Only Scan using sbtest4_pkey on sbtest4  (cost=0.43..6.24 rows=90 width=4)
	  Index Cond: ((id >= 3114696) AND (id <= 3114796))

table 5 : explain SELECT id FROM sbtest5 WHERE id BETWEEN 3114696 AND 3114796
	Index Only Scan using sbtest5_pkey on sbtest5  (cost=0.43..6.51 rows=104 width=4)
	  Index Cond: ((id >= 3114696) AND (id <= 3114796))

table 6 : explain SELECT id FROM sbtest6 WHERE id BETWEEN 3114696 AND 3114796
	Index Only Scan using sbtest6_pkey on sbtest6  (cost=0.43..6.43 rows=100 width=4)
	  Index Cond: ((id >= 3114696) AND (id <= 3114796))

table 7 : explain SELECT id FROM sbtest7 WHERE id BETWEEN 3114696 AND 3114796
	Index Only Scan using sbtest7_pkey on sbtest7  (cost=0.43..6.35 rows=96 width=4)
	  Index Cond: ((id >= 3114696) AND (id <= 3114796))

table 8 : explain SELECT id FROM sbtest8 WHERE id BETWEEN 3114696 AND 3114796
	Index Only Scan using sbtest8_pkey on sbtest8  (cost=0.43..10.36 rows=96 width=4)
	  Index Cond: ((id >= 3114696) AND (id <= 3114796))

for range-covered
table 1 : explain SELECT id FROM sbtest1 WHERE id BETWEEN 6209913 AND 6210013
	Index Only Scan using sbtest1_pkey on sbtest1  (cost=0.43..6.42 rows=99 width=4)
	  Index Cond: ((id >= 6209913) AND (id <= 6210013))

table 2 : explain SELECT id FROM sbtest2 WHERE id BETWEEN 6209913 AND 6210013
	Index Only Scan using sbtest2_pkey on sbtest2  (cost=0.43..10.32 rows=94 width=4)
	  Index Cond: ((id >= 6209913) AND (id <= 6210013))

table 3 : explain SELECT id FROM sbtest3 WHERE id BETWEEN 6209913 AND 6210013
	Index Only Scan using sbtest3_pkey on sbtest3  (cost=0.43..6.66 rows=111 width=4)
	  Index Cond: ((id >= 6209913) AND (id <= 6210013))

table 4 : explain SELECT id FROM sbtest4 WHERE id BETWEEN 6209913 AND 6210013
	Index Only Scan using sbtest4_pkey on sbtest4  (cost=0.43..6.32 rows=94 width=4)
	  Index Cond: ((id >= 6209913) AND (id <= 6210013))

table 5 : explain SELECT id FROM sbtest5 WHERE id BETWEEN 6209913 AND 6210013
	Index Only Scan using sbtest5_pkey on sbtest5  (cost=0.43..6.42 rows=99 width=4)
	  Index Cond: ((id >= 6209913) AND (id <= 6210013))

table 6 : explain SELECT id FROM sbtest6 WHERE id BETWEEN 6209913 AND 6210013
	Index Only Scan using sbtest6_pkey on sbtest6  (cost=0.43..6.33 rows=95 width=4)
	  Index Cond: ((id >= 6209913) AND (id <= 6210013))

table 7 : explain SELECT id FROM sbtest7 WHERE id BETWEEN 6209913 AND 6210013
	Index Only Scan using sbtest7_pkey on sbtest7  (cost=0.43..6.32 rows=94 width=4)
	  Index Cond: ((id >= 6209913) AND (id <= 6210013))

table 8 : explain SELECT id FROM sbtest8 WHERE id BETWEEN 6209913 AND 6210013
	Index Only Scan using sbtest8_pkey on sbtest8  (cost=0.43..10.60 rows=108 width=4)
	  Index Cond: ((id >= 6209913) AND (id <= 6210013))

explain: for range-covered :: explain SELECT id FROM sbtest%d WHERE id BETWEEN 3114696 AND 3114796
explain: for range-covered :: explain SELECT id FROM sbtest%d WHERE id BETWEEN 6209913 AND 6210013
for range-covered
table 1 : explain SELECT id FROM sbtest1 WHERE id BETWEEN 1459195 AND 1459295
	Index Only Scan using sbtest1_pkey on sbtest1  (cost=0.43..6.16 rows=86 width=4)
	  Index Cond: ((id >= 1459195) AND (id <= 1459295))

table 2 : explain SELECT id FROM sbtest2 WHERE id BETWEEN 1459195 AND 1459295
	Index Only Scan using sbtest2_pkey on sbtest2  (cost=0.43..10.38 rows=97 width=4)
	  Index Cond: ((id >= 1459195) AND (id <= 1459295))

table 3 : explain SELECT id FROM sbtest3 WHERE id BETWEEN 1459195 AND 1459295
	Index Only Scan using sbtest3_pkey on sbtest3  (cost=0.43..6.29 rows=93 width=4)
	  Index Cond: ((id >= 1459195) AND (id <= 1459295))

table 4 : explain SELECT id FROM sbtest4 WHERE id BETWEEN 1459195 AND 1459295
	Index Only Scan using sbtest4_pkey on sbtest4  (cost=0.43..6.53 rows=105 width=4)
	  Index Cond: ((id >= 1459195) AND (id <= 1459295))

table 5 : explain SELECT id FROM sbtest5 WHERE id BETWEEN 1459195 AND 1459295
	Index Only Scan using sbtest5_pkey on sbtest5  (cost=0.43..6.56 rows=106 width=4)
	  Index Cond: ((id >= 1459195) AND (id <= 1459295))

table 6 : explain SELECT id FROM sbtest6 WHERE id BETWEEN 1459195 AND 1459295
	Index Only Scan using sbtest6_pkey on sbtest6  (cost=0.43..6.51 rows=104 width=4)
	  Index Cond: ((id >= 1459195) AND (id <= 1459295))

table 7 : explain SELECT id FROM sbtest7 WHERE id BETWEEN 1459195 AND 1459295
	Index Only Scan using sbtest7_pkey on sbtest7  (cost=0.43..6.35 rows=96 width=4)
	  Index Cond: ((id >= 1459195) AND (id <= 1459295))

table 8 : explain SELECT id FROM sbtest8 WHERE id BETWEEN 1459195 AND 1459295
	Index Only Scan using sbtest8_pkey on sbtest8  (cost=0.43..10.56 rows=106 width=4)
	  Index Cond: ((id >= 1459195) AND (id <= 1459295))

explain: for range-covered :: explain SELECT id FROM sbtest%d WHERE id BETWEEN 1459195 AND 1459295
for range-covered
table 1 : explain SELECT id FROM sbtest1 WHERE id BETWEEN 6675815 AND 6675915
	Index Only Scan using sbtest1_pkey on sbtest1  (cost=0.43..6.32 rows=94 width=4)
	  Index Cond: ((id >= 6675815) AND (id <= 6675915))

table 2 : explain SELECT id FROM sbtest2 WHERE id BETWEEN 6675815 AND 6675915
	Index Only Scan using sbtest2_pkey on sbtest2  (cost=0.43..10.63 rows=110 width=4)
	  Index Cond: ((id >= 6675815) AND (id <= 6675915))

table 3 : explain SELECT id FROM sbtest3 WHERE id BETWEEN 6675815 AND 6675915
	Index Only Scan using sbtest3_pkey on sbtest3  (cost=0.43..6.47 rows=102 width=4)
	  Index Cond: ((id >= 6675815) AND (id <= 6675915))

table 4 : explain SELECT id FROM sbtest4 WHERE id BETWEEN 6675815 AND 6675915
	Index Only Scan using sbtest4_pkey on sbtest4  (cost=0.43..6.42 rows=99 width=4)
	  Index Cond: ((id >= 6675815) AND (id <= 6675915))

table 5 : explain SELECT id FROM sbtest5 WHERE id BETWEEN 6675815 AND 6675915
	Index Only Scan using sbtest5_pkey on sbtest5  (cost=0.43..6.24 rows=90 width=4)
	  Index Cond: ((id >= 6675815) AND (id <= 6675915))

table 6 : explain SELECT id FROM sbtest6 WHERE id BETWEEN 6675815 AND 6675915
	Index Only Scan using sbtest6_pkey on sbtest6  (cost=0.43..6.29 rows=93 width=4)
	  Index Cond: ((id >= 6675815) AND (id <= 6675915))

table 7 : explain SELECT id FROM sbtest7 WHERE id BETWEEN 6675815 AND 6675915
	Index Only Scan using sbtest7_pkey on sbtest7  (cost=0.43..6.40 rows=98 width=4)
	  Index Cond: ((id >= 6675815) AND (id <= 6675915))

table 8 : explain SELECT id FROM sbtest8 WHERE id BETWEEN 6675815 AND 6675915
	Index Only Scan using sbtest8_pkey on sbtest8  (cost=0.43..10.26 rows=91 width=4)
	  Index Cond: ((id >= 6675815) AND (id <= 6675915))

explain: for range-covered :: explain SELECT id FROM sbtest%d WHERE id BETWEEN 6353968 AND 6354068
for range-covered
table 1 : explain SELECT id FROM sbtest1 WHERE id BETWEEN 5363207 AND 5363307
	Index Only Scan using sbtest1_pkey on sbtest1  (cost=0.43..6.61 rows=109 width=4)
	  Index Cond: ((id >= 5363207) AND (id <= 5363307))

table 2 : explain SELECT id FROM sbtest2 WHERE id BETWEEN 5363207 AND 5363307
	Index Only Scan using sbtest2_pkey on sbtest2  (cost=0.43..10.33 rows=95 width=4)
	  Index Cond: ((id >= 5363207) AND (id <= 5363307))

table 3 : explain SELECT id FROM sbtest3 WHERE id BETWEEN 5363207 AND 5363307
	Index Only Scan using sbtest3_pkey on sbtest3  (cost=0.43..6.51 rows=104 width=4)
	  Index Cond: ((id >= 5363207) AND (id <= 5363307))

table 4 : explain SELECT id FROM sbtest4 WHERE id BETWEEN 5363207 AND 5363307
	Index Only Scan using sbtest4_pkey on sbtest4  (cost=0.43..6.56 rows=106 width=4)
	  Index Cond: ((id >= 5363207) AND (id <= 5363307))

table 5 : explain SELECT id FROM sbtest5 WHERE id BETWEEN 5363207 AND 5363307
	Index Only Scan using sbtest5_pkey on sbtest5  (cost=0.43..6.47 rows=102 width=4)
	  Index Cond: ((id >= 5363207) AND (id <= 5363307))

table 6 : explain SELECT id FROM sbtest6 WHERE id BETWEEN 5363207 AND 5363307
	Index Only Scan using sbtest6_pkey on sbtest6  (cost=0.43..6.32 rows=94 width=4)
	  Index Cond: ((id >= 5363207) AND (id <= 5363307))

table 7 : explain SELECT id FROM sbtest7 WHERE id BETWEEN 5363207 AND 5363307
	Index Only Scan using sbtest7_pkey on sbtest7  (cost=0.43..6.50 rows=103 width=4)
	  Index Cond: ((id >= 5363207) AND (id <= 5363307))

table 8 : explain SELECT id FROM sbtest8 WHERE id BETWEEN 5363207 AND 5363307
	Index Only Scan using sbtest8_pkey on sbtest8  (cost=0.43..10.58 rows=107 width=4)
	  Index Cond: ((id >= 5363207) AND (id <= 5363307))

explain: for range-covered :: explain SELECT id FROM sbtest%d WHERE id BETWEEN 6675815 AND 6675915
for range-covered
table 1 : explain SELECT id FROM sbtest1 WHERE id BETWEEN 3558788 AND 3558888
	Index Only Scan using sbtest1_pkey on sbtest1  (cost=0.43..6.42 rows=99 width=4)
	  Index Cond: ((id >= 3558788) AND (id <= 3558888))

table 2 : explain SELECT id FROM sbtest2 WHERE id BETWEEN 3558788 AND 3558888
	Index Only Scan using sbtest2_pkey on sbtest2  (cost=0.43..10.56 rows=106 width=4)
	  Index Cond: ((id >= 3558788) AND (id <= 3558888))

table 3 : explain SELECT id FROM sbtest3 WHERE id BETWEEN 3558788 AND 3558888
	Index Only Scan using sbtest3_pkey on sbtest3  (cost=0.43..6.45 rows=101 width=4)
	  Index Cond: ((id >= 3558788) AND (id <= 3558888))

table 4 : explain SELECT id FROM sbtest4 WHERE id BETWEEN 3558788 AND 3558888
	Index Only Scan using sbtest4_pkey on sbtest4  (cost=0.43..6.53 rows=105 width=4)
	  Index Cond: ((id >= 3558788) AND (id <= 3558888))

table 5 : explain SELECT id FROM sbtest5 WHERE id BETWEEN 3558788 AND 3558888
	Index Only Scan using sbtest5_pkey on sbtest5  (cost=0.43..6.58 rows=107 width=4)
	  Index Cond: ((id >= 3558788) AND (id <= 3558888))

table 6 : explain SELECT id FROM sbtest6 WHERE id BETWEEN 3558788 AND 3558888
	Index Only Scan using sbtest6_pkey on sbtest6  (cost=0.43..6.32 rows=94 width=4)
	  Index Cond: ((id >= 3558788) AND (id <= 3558888))

table 7 : explain SELECT id FROM sbtest7 WHERE id BETWEEN 3558788 AND 3558888
	Index Only Scan using sbtest7_pkey on sbtest7  (cost=0.43..6.35 rows=96 width=4)
	  Index Cond: ((id >= 3558788) AND (id <= 3558888))

table 8 : explain SELECT id FROM sbtest8 WHERE id BETWEEN 3558788 AND 3558888
	Index Only Scan using sbtest8_pkey on sbtest8  (cost=0.43..10.60 rows=108 width=4)
	  Index Cond: ((id >= 3558788) AND (id <= 3558888))

explain: for range-covered :: explain SELECT id FROM sbtest%d WHERE id BETWEEN 3558788 AND 3558888
explain: for range-covered :: explain SELECT id FROM sbtest%d WHERE id BETWEEN 5363207 AND 5363307for range-covered
table 1 : explain SELECT id FROM sbtest1 WHERE id BETWEEN 6209913 AND 6210013
	Index Only Scan using sbtest1_pkey on sbtest1  (cost=0.43..6.42 rows=99 width=4)
	  Index Cond: ((id >= 6209913) AND (id <= 6210013))

table 2 : explain SELECT id FROM sbtest2 WHERE id BETWEEN 6209913 AND 6210013
	Index Only Scan using sbtest2_pkey on sbtest2  (cost=0.43..10.32 rows=94 width=4)
	  Index Cond: ((id >= 6209913) AND (id <= 6210013))

table 3 : explain SELECT id FROM sbtest3 WHERE id BETWEEN 6209913 AND 6210013
	Index Only Scan using sbtest3_pkey on sbtest3  (cost=0.43..6.66 rows=111 width=4)
	  Index Cond: ((id >= 6209913) AND (id <= 6210013))

table 4 : explain SELECT id FROM sbtest4 WHERE id BETWEEN 6209913 AND 6210013
	Index Only Scan using sbtest4_pkey on sbtest4  (cost=0.43..6.32 rows=94 width=4)
	  Index Cond: ((id >= 6209913) AND (id <= 6210013))

table 5 : explain SELECT id FROM sbtest5 WHERE id BETWEEN 6209913 AND 6210013
	Index Only Scan using sbtest5_pkey on sbtest5  (cost=0.43..6.42 rows=99 width=4)
	  Index Cond: ((id >= 6209913) AND (id <= 6210013))

table 6 : explain SELECT id FROM sbtest6 WHERE id BETWEEN 6209913 AND 6210013
	Index Only Scan using sbtest6_pkey on sbtest6  (cost=0.43..6.33 rows=95 width=4)
	  Index Cond: ((id >= 6209913) AND (id <= 6210013))

table 7 : explain SELECT id FROM sbtest7 WHERE id BETWEEN 6209913 AND 6210013
	Index Only Scan using sbtest7_pkey on sbtest7  (cost=0.43..6.32 rows=94 width=4)
	  Index Cond: ((id >= 6209913) AND (id <= 6210013))

table 8 : explain SELECT id FROM sbtest8 WHERE id BETWEEN 6209913 AND 6210013
	Index Only Scan using sbtest8_pkey on sbtest8  (cost=0.43..10.60 rows=108 width=4)
	  Index Cond: ((id >= 6209913) AND (id <= 6210013))


for range-covered
table 1 : explain SELECT id FROM sbtest1 WHERE id BETWEEN 3114696 AND 3114796
	Index Only Scan using sbtest1_pkey on sbtest1  (cost=0.43..6.21 rows=89 width=4)
	  Index Cond: ((id >= 3114696) AND (id <= 3114796))

table 2 : explain SELECT id FROM sbtest2 WHERE id BETWEEN 3114696 AND 3114796
	Index Only Scan using sbtest2_pkey on sbtest2  (cost=0.43..10.32 rows=94 width=4)
	  Index Cond: ((id >= 3114696) AND (id <= 3114796))

table 3 : explain SELECT id FROM sbtest3 WHERE id BETWEEN 3114696 AND 3114796
	Index Only Scan using sbtest3_pkey on sbtest3  (cost=0.43..6.33 rows=95 width=4)
	  Index Cond: ((id >= 3114696) AND (id <= 3114796))

table 4 : explain SELECT id FROM sbtest4 WHERE id BETWEEN 3114696 AND 3114796
	Index Only Scan using sbtest4_pkey on sbtest4  (cost=0.43..6.24 rows=90 width=4)
	  Index Cond: ((id >= 3114696) AND (id <= 3114796))

table 5 : explain SELECT id FROM sbtest5 WHERE id BETWEEN 3114696 AND 3114796
	Index Only Scan using sbtest5_pkey on sbtest5  (cost=0.43..6.51 rows=104 width=4)
	  Index Cond: ((id >= 3114696) AND (id <= 3114796))

table 6 : explain SELECT id FROM sbtest6 WHERE id BETWEEN 3114696 AND 3114796
	Index Only Scan using sbtest6_pkey on sbtest6  (cost=0.43..6.43 rows=100 width=4)
	  Index Cond: ((id >= 3114696) AND (id <= 3114796))

table 7 : explain SELECT id FROM sbtest7 WHERE id BETWEEN 3114696 AND 3114796
	Index Only Scan using sbtest7_pkey on sbtest7  (cost=0.43..6.35 rows=96 width=4)
	  Index Cond: ((id >= 3114696) AND (id <= 3114796))

table 8 : explain SELECT id FROM sbtest8 WHERE id BETWEEN 3114696 AND 3114796
	Index Only Scan using sbtest8_pkey on sbtest8  (cost=0.43..10.36 rows=96 width=4)
	  Index Cond: ((id >= 3114696) AND (id <= 3114796))

for range-covered
table 1 : explain SELECT id FROM sbtest1 WHERE id BETWEEN 1459195 AND 1459295
	Index Only Scan using sbtest1_pkey on sbtest1  (cost=0.43..6.16 rows=86 width=4)
	  Index Cond: ((id >= 1459195) AND (id <= 1459295))

table 2 : explain SELECT id FROM sbtest2 WHERE id BETWEEN 1459195 AND 1459295
	Index Only Scan using sbtest2_pkey on sbtest2  (cost=0.43..10.38 rows=97 width=4)
	  Index Cond: ((id >= 1459195) AND (id <= 1459295))

table 3 : explain SELECT id FROM sbtest3 WHERE id BETWEEN 1459195 AND 1459295
	Index Only Scan using sbtest3_pkey on sbtest3  (cost=0.43..6.29 rows=93 width=4)
	  Index Cond: ((id >= 1459195) AND (id <= 1459295))

table 4 : explain SELECT id FROM sbtest4 WHERE id BETWEEN 1459195 AND 1459295
	Index Only Scan using sbtest4_pkey on sbtest4  (cost=0.43..6.53 rows=105 width=4)
	  Index Cond: ((id >= 1459195) AND (id <= 1459295))

table 5 : explain SELECT id FROM sbtest5 WHERE id BETWEEN 1459195 AND 1459295
	Index Only Scan using sbtest5_pkey on sbtest5  (cost=0.43..6.56 rows=106 width=4)
	  Index Cond: ((id >= 1459195) AND (id <= 1459295))

table 6 : explain SELECT id FROM sbtest6 WHERE id BETWEEN 1459195 AND 1459295
	Index Only Scan using sbtest6_pkey on sbtest6  (cost=0.43..6.51 rows=104 width=4)
	  Index Cond: ((id >= 1459195) AND (id <= 1459295))

table 7 : explain SELECT id FROM sbtest7 WHERE id BETWEEN 1459195 AND 1459295
	Index Only Scan using sbtest7_pkey on sbtest7  (cost=0.43..6.35 rows=96 width=4)
	  Index Cond: ((id >= 1459195) AND (id <= 1459295))

table 8 : explain SELECT id FROM sbtest8 WHERE id BETWEEN 1459195 AND 1459295
	Index Only Scan using sbtest8_pkey on sbtest8  (cost=0.43..10.56 rows=106 width=4)
	  Index Cond: ((id >= 1459195) AND (id <= 1459295))

explain: for range-covered :: explain SELECT id FROM sbtest%d WHERE id BETWEEN 6209913 AND 6210013
explain: for range-covered :: explain SELECT id FROM sbtest%d WHERE id BETWEEN 3114696 AND 3114796
for range-covered
table 1 : explain SELECT id FROM sbtest1 WHERE id BETWEEN 3526943 AND 3527043
	Index Only Scan using sbtest1_pkey on sbtest1  (cost=0.43..6.42 rows=99 width=4)
	  Index Cond: ((id >= 3526943) AND (id <= 3527043))

table 2 : explain SELECT id FROM sbtest2 WHERE id BETWEEN 3526943 AND 3527043
	Index Only Scan using sbtest2_pkey on sbtest2  (cost=0.43..10.56 rows=106 width=4)
	  Index Cond: ((id >= 3526943) AND (id <= 3527043))

table 3 : explain SELECT id FROM sbtest3 WHERE id BETWEEN 3526943 AND 3527043
	Index Only Scan using sbtest3_pkey on sbtest3  (cost=0.43..6.45 rows=101 width=4)
	  Index Cond: ((id >= 3526943) AND (id <= 3527043))

table 4 : explain SELECT id FROM sbtest4 WHERE id BETWEEN 3526943 AND 3527043
	Index Only Scan using sbtest4_pkey on sbtest4  (cost=0.43..6.53 rows=105 width=4)
	  Index Cond: ((id >= 3526943) AND (id <= 3527043))

table 5 : explain SELECT id FROM sbtest5 WHERE id BETWEEN 3526943 AND 3527043
	Index Only Scan using sbtest5_pkey on sbtest5  (cost=0.43..6.58 rows=107 width=4)
	  Index Cond: ((id >= 3526943) AND (id <= 3527043))

table 6 : explain SELECT id FROM sbtest6 WHERE id BETWEEN 3526943 AND 3527043
	Index Only Scan using sbtest6_pkey on sbtest6  (cost=0.43..6.32 rows=94 width=4)
	  Index Cond: ((id >= 3526943) AND (id <= 3527043))

table 7 : explain SELECT id FROM sbtest7 WHERE id BETWEEN 3526943 AND 3527043
	Index Only Scan using sbtest7_pkey on sbtest7  (cost=0.43..6.35 rows=96 width=4)
	  Index Cond: ((id >= 3526943) AND (id <= 3527043))

table 8 : explain SELECT id FROM sbtest8 WHERE id BETWEEN 3526943 AND 3527043
	Index Only Scan using sbtest8_pkey on sbtest8  (cost=0.43..10.56 rows=106 width=4)
	  Index Cond: ((id >= 3526943) AND (id <= 3527043))

for range-covered
table 1 : explain SELECT id FROM sbtest1 WHERE id BETWEEN 6733095 AND 6733195
	Index Only Scan using sbtest1_pkey on sbtest1  (cost=0.43..6.53 rows=105 width=4)
	  Index Cond: ((id >= 6733095) AND (id <= 6733195))

table 2 : explain SELECT id FROM sbtest2 WHERE id BETWEEN 6733095 AND 6733195
	Index Only Scan using sbtest2_pkey on sbtest2  (cost=0.43..10.44 rows=100 width=4)
	  Index Cond: ((id >= 6733095) AND (id <= 6733195))

table 3 : explain SELECT id FROM sbtest3 WHERE id BETWEEN 6733095 AND 6733195
	Index Only Scan using sbtest3_pkey on sbtest3  (cost=0.43..6.43 rows=100 width=4)
	  Index Cond: ((id >= 6733095) AND (id <= 6733195))

table 4 : explain SELECT id FROM sbtest4 WHERE id BETWEEN 6733095 AND 6733195
	Index Only Scan using sbtest4_pkey on sbtest4  (cost=0.43..6.43 rows=100 width=4)
	  Index Cond: ((id >= 6733095) AND (id <= 6733195))

table 5 : explain SELECT id FROM sbtest5 WHERE id BETWEEN 6733095 AND 6733195
	Index Only Scan using sbtest5_pkey on sbtest5  (cost=0.43..6.33 rows=95 width=4)
	  Index Cond: ((id >= 6733095) AND (id <= 6733195))

table 6 : explain SELECT id FROM sbtest6 WHERE id BETWEEN 6733095 AND 6733195
	Index Only Scan using sbtest6_pkey on sbtest6  (cost=0.43..6.51 rows=104 width=4)
	  Index Cond: ((id >= 6733095) AND (id <= 6733195))

table 7 : explain SELECT id FROM sbtest7 WHERE id BETWEEN 6733095 AND 6733195
	Index Only Scan using sbtest7_pkey on sbtest7  (cost=0.43..6.40 rows=98 width=4)
	  Index Cond: ((id >= 6733095) AND (id <= 6733195))

table 8 : explain SELECT id FROM sbtest8 WHERE id BETWEEN 6733095 AND 6733195
	Index Only Scan using sbtest8_pkey on sbtest8  (cost=0.43..10.63 rows=110 width=4)
	  Index Cond: ((id >= 6733095) AND (id <= 6733195))

for range-covered
table 1 : explain SELECT id FROM sbtest1 WHERE id BETWEEN 737165 AND 737265
	Index Only Scan using sbtest1_pkey on sbtest1  (cost=0.43..6.56 rows=106 width=4)
	  Index Cond: ((id >= 737165) AND (id <= 737265))

table 2 : explain SELECT id FROM sbtest2 WHERE id BETWEEN 737165 AND 737265
	Index Only Scan using sbtest2_pkey on sbtest2  (cost=0.43..10.40 rows=98 width=4)
	  Index Cond: ((id >= 737165) AND (id <= 737265))

table 3 : explain SELECT id FROM sbtest3 WHERE id BETWEEN 737165 AND 737265
	Index Only Scan using sbtest3_pkey on sbtest3  (cost=0.43..6.27 rows=92 width=4)
	  Index Cond: ((id >= 737165) AND (id <= 737265))

table 4 : explain SELECT id FROM sbtest4 WHERE id BETWEEN 737165 AND 737265
	Index Only Scan using sbtest4_pkey on sbtest4  (cost=0.43..6.75 rows=116 width=4)
	  Index Cond: ((id >= 737165) AND (id <= 737265))

table 5 : explain SELECT id FROM sbtest5 WHERE id BETWEEN 737165 AND 737265
	Index Only Scan using sbtest5_pkey on sbtest5  (cost=0.43..6.45 rows=101 width=4)
	  Index Cond: ((id >= 737165) AND (id <= 737265))

table 6 : explain SELECT id FROM sbtest6 WHERE id BETWEEN 737165 AND 737265
	Index Only Scan using sbtest6_pkey on sbtest6  (cost=0.43..6.59 rows=108 width=4)
	  Index Cond: ((id >= 737165) AND (id <= 737265))

table 7 : explain SELECT id FROM sbtest7 WHERE id BETWEEN 737165 AND 737265
	Index Only Scan using sbtest7_pkey on sbtest7  (cost=0.43..6.61 rows=109 width=4)
	  Index Cond: ((id >= 737165) AND (id <= 737265))

table 8 : explain SELECT id FROM sbtest8 WHERE id BETWEEN 737165 AND 737265
	Index Only Scan using sbtest8_pkey on sbtest8  (cost=0.43..10.47 rows=102 width=4)
	  Index Cond: ((id >= 737165) AND (id <= 737265))

for range-covered
table 1 : explain SELECT id FROM sbtest1 WHERE id BETWEEN 5618548 AND 5618648
	Index Only Scan using sbtest1_pkey on sbtest1  (cost=0.43..6.27 rows=92 width=4)
	  Index Cond: ((id >= 5618548) AND (id <= 5618648))

table 2 : explain SELECT id FROM sbtest2 WHERE id BETWEEN 5618548 AND 5618648
	Index Only Scan using sbtest2_pkey on sbtest2  (cost=0.43..10.46 rows=101 width=4)
	  Index Cond: ((id >= 5618548) AND (id <= 5618648))

table 3 : explain SELECT id FROM sbtest3 WHERE id BETWEEN 5618548 AND 5618648
	Index Only Scan using sbtest3_pkey on sbtest3  (cost=0.43..6.59 rows=108 width=4)
	  Index Cond: ((id >= 5618548) AND (id <= 5618648))

table 4 : explain SELECT id FROM sbtest4 WHERE id BETWEEN 5618548 AND 5618648
	Index Only Scan using sbtest4_pkey on sbtest4  (cost=0.43..6.51 rows=104 width=4)
	  Index Cond: ((id >= 5618548) AND (id <= 5618648))

table 5 : explain SELECT id FROM sbtest5 WHERE id BETWEEN 5618548 AND 5618648
	Index Only Scan using sbtest5_pkey on sbtest5  (cost=0.43..6.45 rows=101 width=4)
	  Index Cond: ((id >= 5618548) AND (id <= 5618648))

table 6 : explain SELECT id FROM sbtest6 WHERE id BETWEEN 5618548 AND 5618648
	Index Only Scan using sbtest6_pkey on sbtest6  (cost=0.43..6.45 rows=101 width=4)
	  Index Cond: ((id >= 5618548) AND (id <= 5618648))

table 7 : explain SELECT id FROM sbtest7 WHERE id BETWEEN 5618548 AND 5618648
	Index Only Scan using sbtest7_pkey on sbtest7  (cost=0.43..6.66 rows=111 width=4)
	  Index Cond: ((id >= 5618548) AND (id <= 5618648))

table 8 : explain SELECT id FROM sbtest8 WHERE id BETWEEN 5618548 AND 5618648
	Index Only Scan using sbtest8_pkey on sbtest8  (cost=0.43..10.51 rows=104 width=4)
	  Index Cond: ((id >= 5618548) AND (id <= 5618648))

for range-covered
table 1 : explain SELECT id FROM sbtest1 WHERE id BETWEEN 3558788 AND 3558888
	Index Only Scan using sbtest1_pkey on sbtest1  (cost=0.43..6.42 rows=99 width=4)
	  Index Cond: ((id >= 3558788) AND (id <= 3558888))

table 2 : explain SELECT id FROM sbtest2 WHERE id BETWEEN 3558788 AND 3558888
	Index Only Scan using sbtest2_pkey on sbtest2  (cost=0.43..10.56 rows=106 width=4)
	  Index Cond: ((id >= 3558788) AND (id <= 3558888))

table 3 : explain SELECT id FROM sbtest3 WHERE id BETWEEN 3558788 AND 3558888
	Index Only Scan using sbtest3_pkey on sbtest3  (cost=0.43..6.45 rows=101 width=4)
	  Index Cond: ((id >= 3558788) AND (id <= 3558888))

table 4 : explain SELECT id FROM sbtest4 WHERE id BETWEEN 3558788 AND 3558888
	Index Only Scan using sbtest4_pkey on sbtest4  (cost=0.43..6.53 rows=105 width=4)
	  Index Cond: ((id >= 3558788) AND (id <= 3558888))

table 5 : explain SELECT id FROM sbtest5 WHERE id BETWEEN 3558788 AND 3558888
	Index Only Scan using sbtest5_pkey on sbtest5  (cost=0.43..6.58 rows=107 width=4)
	  Index Cond: ((id >= 3558788) AND (id <= 3558888))

table 6 : explain SELECT id FROM sbtest6 WHERE id BETWEEN 3558788 AND 3558888
	Index Only Scan using sbtest6_pkey on sbtest6  (cost=0.43..6.32 rows=94 width=4)
	  Index Cond: ((id >= 3558788) AND (id <= 3558888))

table 7 : explain SELECT id FROM sbtest7 WHERE id BETWEEN 3558788 AND 3558888
	Index Only Scan using sbtest7_pkey on sbtest7  (cost=0.43..6.35 rows=96 width=4)
	  Index Cond: ((id >= 3558788) AND (id <= 3558888))

table 8 : explain SELECT id FROM sbtest8 WHERE id BETWEEN 3558788 AND 3558888
	Index Only Scan using sbtest8_pkey on sbtest8  (cost=0.43..10.60 rows=108 width=4)
	  Index Cond: ((id >= 3558788) AND (id <= 3558888))

explain: for range-covered :: explain SELECT id FROM sbtest%d WHERE id BETWEEN 6733095 AND 6733195
for range-covered
table 1 : explain SELECT id FROM sbtest1 WHERE id BETWEEN 7206646 AND 7206746
	Index Only Scan using sbtest1_pkey on sbtest1  (cost=0.43..6.40 rows=98 width=4)
	  Index Cond: ((id >= 7206646) AND (id <= 7206746))

table 2 : explain SELECT id FROM sbtest2 WHERE id BETWEEN 7206646 AND 7206746
	Index Only Scan using sbtest2_pkey on sbtest2  (cost=0.43..10.44 rows=100 width=4)
	  Index Cond: ((id >= 7206646) AND (id <= 7206746))

table 3 : explain SELECT id FROM sbtest3 WHERE id BETWEEN 7206646 AND 7206746
	Index Only Scan using sbtest3_pkey on sbtest3  (cost=0.43..6.33 rows=95 width=4)
	  Index Cond: ((id >= 7206646) AND (id <= 7206746))

table 4 : explain SELECT id FROM sbtest4 WHERE id BETWEEN 7206646 AND 7206746
	Index Only Scan using sbtest4_pkey on sbtest4  (cost=0.43..6.50 rows=103 width=4)
	  Index Cond: ((id >= 7206646) AND (id <= 7206746))

table 5 : explain SELECT id FROM sbtest5 WHERE id BETWEEN 7206646 AND 7206746
	Index Only Scan using sbtest5_pkey on sbtest5  (cost=0.43..6.69 rows=113 width=4)
	  Index Cond: ((id >= 7206646) AND (id <= 7206746))

table 6 : explain SELECT id FROM sbtest6 WHERE id BETWEEN 7206646 AND 7206746
	Index Only Scan using sbtest6_pkey on sbtest6  (cost=0.43..6.56 rows=106 width=4)
	  Index Cond: ((id >= 7206646) AND (id <= 7206746))

table 7 : explain SELECT id FROM sbtest7 WHERE id BETWEEN 7206646 AND 7206746
	Index Only Scan using sbtest7_pkey on sbtest7  (cost=0.43..6.25 rows=91 width=4)
	  Index Cond: ((id >= 7206646) AND (id <= 7206746))

table 8 : explain SELECT id FROM sbtest8 WHERE id BETWEEN 7206646 AND 7206746
	Index Only Scan using sbtest8_pkey on sbtest8  (cost=0.43..10.42 rows=99 width=4)
	  Index Cond: ((id >= 7206646) AND (id <= 7206746))

explain: for range-covered :: explain SELECT id FROM sbtest%d WHERE id BETWEEN 3558788 AND 3558888
explain: for range-covered :: explain SELECT id FROM sbtest%d WHERE id BETWEEN 5618548 AND 5618648
explain: for range-covered :: explain SELECT id FROM sbtest%d WHERE id BETWEEN 3526943 AND 3527043
explain: for range-covered :: explain SELECT id FROM sbtest%d WHERE id BETWEEN 5164544 AND 5164644
explain: for range-covered :: explain SELECT id FROM sbtest%d WHERE id BETWEEN 737165 AND 737265
for range-covered
table 1 : explain SELECT id FROM sbtest1 WHERE id BETWEEN 6209913 AND 6210013
	Index Only Scan using sbtest1_pkey on sbtest1  (cost=0.43..6.42 rows=99 width=4)
	  Index Cond: ((id >= 6209913) AND (id <= 6210013))

table 2 : explain SELECT id FROM sbtest2 WHERE id BETWEEN 6209913 AND 6210013
	Index Only Scan using sbtest2_pkey on sbtest2  (cost=0.43..10.32 rows=94 width=4)
	  Index Cond: ((id >= 6209913) AND (id <= 6210013))

table 3 : explain SELECT id FROM sbtest3 WHERE id BETWEEN 6209913 AND 6210013
	Index Only Scan using sbtest3_pkey on sbtest3  (cost=0.43..6.66 rows=111 width=4)
	  Index Cond: ((id >= 6209913) AND (id <= 6210013))

table 4 : explain SELECT id FROM sbtest4 WHERE id BETWEEN 6209913 AND 6210013
	Index Only Scan using sbtest4_pkey on sbtest4  (cost=0.43..6.32 rows=94 width=4)
	  Index Cond: ((id >= 6209913) AND (id <= 6210013))

table 5 : explain SELECT id FROM sbtest5 WHERE id BETWEEN 6209913 AND 6210013
	Index Only Scan using sbtest5_pkey on sbtest5  (cost=0.43..6.42 rows=99 width=4)
	  Index Cond: ((id >= 6209913) AND (id <= 6210013))

table 6 : explain SELECT id FROM sbtest6 WHERE id BETWEEN 6209913 AND 6210013
	Index Only Scan using sbtest6_pkey on sbtest6  (cost=0.43..6.33 rows=95 width=4)
	  Index Cond: ((id >= 6209913) AND (id <= 6210013))

table 7 : explain SELECT id FROM sbtest7 WHERE id BETWEEN 6209913 AND 6210013
	Index Only Scan using sbtest7_pkey on sbtest7  (cost=0.43..6.32 rows=94 width=4)
	  Index Cond: ((id >= 6209913) AND (id <= 6210013))

table 8 : explain SELECT id FROM sbtest8 WHERE id BETWEEN 6209913 AND 6210013
	Index Only Scan using sbtest8_pkey on sbtest8  (cost=0.43..10.60 rows=108 width=4)
	  Index Cond: ((id >= 6209913) AND (id <= 6210013))

for range-covered
table 1 : explain SELECT id FROM sbtest1 WHERE id BETWEEN 3114696 AND 3114796
	Index Only Scan using sbtest1_pkey on sbtest1  (cost=0.43..6.21 rows=89 width=4)
	  Index Cond: ((id >= 3114696) AND (id <= 3114796))

table 2 : explain SELECT id FROM sbtest2 WHERE id BETWEEN 3114696 AND 3114796
	Index Only Scan using sbtest2_pkey on sbtest2  (cost=0.43..10.32 rows=94 width=4)
	  Index Cond: ((id >= 3114696) AND (id <= 3114796))

table 3 : explain SELECT id FROM sbtest3 WHERE id BETWEEN 3114696 AND 3114796
	Index Only Scan using sbtest3_pkey on sbtest3  (cost=0.43..6.33 rows=95 width=4)
	  Index Cond: ((id >= 3114696) AND (id <= 3114796))

table 4 : explain SELECT id FROM sbtest4 WHERE id BETWEEN 3114696 AND 3114796
	Index Only Scan using sbtest4_pkey on sbtest4  (cost=0.43..6.24 rows=90 width=4)
	  Index Cond: ((id >= 3114696) AND (id <= 3114796))

table 5 : explain SELECT id FROM sbtest5 WHERE id BETWEEN 3114696 AND 3114796
	Index Only Scan using sbtest5_pkey on sbtest5  (cost=0.43..6.51 rows=104 width=4)
	  Index Cond: ((id >= 3114696) AND (id <= 3114796))

table 6 : explain SELECT id FROM sbtest6 WHERE id BETWEEN 3114696 AND 3114796
	Index Only Scan using sbtest6_pkey on sbtest6  (cost=0.43..6.43 rows=100 width=4)
	  Index Cond: ((id >= 3114696) AND (id <= 3114796))

table 7 : explain SELECT id FROM sbtest7 WHERE id BETWEEN 3114696 AND 3114796
	Index Only Scan using sbtest7_pkey on sbtest7  (cost=0.43..6.35 rows=96 width=4)
	  Index Cond: ((id >= 3114696) AND (id <= 3114796))

table 8 : explain SELECT id FROM sbtest8 WHERE id BETWEEN 3114696 AND 3114796
	Index Only Scan using sbtest8_pkey on sbtest8  (cost=0.43..10.36 rows=96 width=4)
	  Index Cond: ((id >= 3114696) AND (id <= 3114796))

explain: for range-covered :: explain SELECT id FROM sbtest%d WHERE id BETWEEN 7206646 AND 7206746
explain: for range-covered :: explain SELECT id FROM sbtest%d WHERE id BETWEEN 6209913 AND 6210013
explain: for range-covered :: explain SELECT id FROM sbtest%d WHERE id BETWEEN 3114696 AND 3114796
for range-covered
table 1 : explain SELECT id FROM sbtest1 WHERE id BETWEEN 6675815 AND 6675915
	Index Only Scan using sbtest1_pkey on sbtest1  (cost=0.43..6.32 rows=94 width=4)
	  Index Cond: ((id >= 6675815) AND (id <= 6675915))

table 2 : explain SELECT id FROM sbtest2 WHERE id BETWEEN 6675815 AND 6675915
	Index Only Scan using sbtest2_pkey on sbtest2  (cost=0.43..10.63 rows=110 width=4)
	  Index Cond: ((id >= 6675815) AND (id <= 6675915))

table 3 : explain SELECT id FROM sbtest3 WHERE id BETWEEN 6675815 AND 6675915
	Index Only Scan using sbtest3_pkey on sbtest3  (cost=0.43..6.47 rows=102 width=4)
	  Index Cond: ((id >= 6675815) AND (id <= 6675915))

table 4 : explain SELECT id FROM sbtest4 WHERE id BETWEEN 6675815 AND 6675915
	Index Only Scan using sbtest4_pkey on sbtest4  (cost=0.43..6.42 rows=99 width=4)
	  Index Cond: ((id >= 6675815) AND (id <= 6675915))

table 5 : explain SELECT id FROM sbtest5 WHERE id BETWEEN 6675815 AND 6675915
	Index Only Scan using sbtest5_pkey on sbtest5  (cost=0.43..6.24 rows=90 width=4)
	  Index Cond: ((id >= 6675815) AND (id <= 6675915))

table 6 : explain SELECT id FROM sbtest6 WHERE id BETWEEN 6675815 AND 6675915
	Index Only Scan using sbtest6_pkey on sbtest6  (cost=0.43..6.29 rows=93 width=4)
	  Index Cond: ((id >= 6675815) AND (id <= 6675915))

table 7 : explain SELECT id FROM sbtest7 WHERE id BETWEEN 6675815 AND 6675915
	Index Only Scan using sbtest7_pkey on sbtest7  (cost=0.43..6.40 rows=98 width=4)
	  Index Cond: ((id >= 6675815) AND (id <= 6675915))

table 8 : explain SELECT id FROM sbtest8 WHERE id BETWEEN 6675815 AND 6675915
	Index Only Scan using sbtest8_pkey on sbtest8  (cost=0.43..10.26 rows=91 width=4)
	  Index Cond: ((id >= 6675815) AND (id <= 6675915))

for range-covered
table 1 : explain SELECT id FROM sbtest1 WHERE id BETWEEN 6353968 AND 6354068
	Index Only Scan using sbtest1_pkey on sbtest1  (cost=0.43..6.33 rows=95 width=4)
	  Index Cond: ((id >= 6353968) AND (id <= 6354068))

table 2 : explain SELECT id FROM sbtest2 WHERE id BETWEEN 6353968 AND 6354068
	Index Only Scan using sbtest2_pkey on sbtest2  (cost=0.43..10.56 rows=106 width=4)
	  Index Cond: ((id >= 6353968) AND (id <= 6354068))

table 3 : explain SELECT id FROM sbtest3 WHERE id BETWEEN 6353968 AND 6354068
	Index Only Scan using sbtest3_pkey on sbtest3  (cost=0.43..6.33 rows=95 width=4)
	  Index Cond: ((id >= 6353968) AND (id <= 6354068))

table 4 : explain SELECT id FROM sbtest4 WHERE id BETWEEN 6353968 AND 6354068
	Index Only Scan using sbtest4_pkey on sbtest4  (cost=0.43..6.53 rows=105 width=4)
	  Index Cond: ((id >= 6353968) AND (id <= 6354068))

table 5 : explain SELECT id FROM sbtest5 WHERE id BETWEEN 6353968 AND 6354068
	Index Only Scan using sbtest5_pkey on sbtest5  (cost=0.43..6.33 rows=95 width=4)
	  Index Cond: ((id >= 6353968) AND (id <= 6354068))

table 6 : explain SELECT id FROM sbtest6 WHERE id BETWEEN 6353968 AND 6354068
	Index Only Scan using sbtest6_pkey on sbtest6  (cost=0.43..6.53 rows=105 width=4)
	  Index Cond: ((id >= 6353968) AND (id <= 6354068))

table 7 : explain SELECT id FROM sbtest7 WHERE id BETWEEN 6353968 AND 6354068
	Index Only Scan using sbtest7_pkey on sbtest7  (cost=0.43..6.53 rows=105 width=4)
	  Index Cond: ((id >= 6353968) AND (id <= 6354068))

table 8 : explain SELECT id FROM sbtest8 WHERE id BETWEEN 6353968 AND 6354068
	Index Only Scan using sbtest8_pkey on sbtest8  (cost=0.43..10.32 rows=94 width=4)
	  Index Cond: ((id >= 6353968) AND (id <= 6354068))

explain: for range-covered :: explain SELECT id FROM sbtest%d WHERE id BETWEEN 6675815 AND 6675915
explain: for range-covered :: explain SELECT id FROM sbtest%d WHERE id BETWEEN 6353968 AND 6354068
for range-covered
table 1 : explain SELECT id FROM sbtest1 WHERE id BETWEEN 5618548 AND 5618648
	Index Only Scan using sbtest1_pkey on sbtest1  (cost=0.43..6.27 rows=92 width=4)
	  Index Cond: ((id >= 5618548) AND (id <= 5618648))

table 2 : explain SELECT id FROM sbtest2 WHERE id BETWEEN 5618548 AND 5618648
	Index Only Scan using sbtest2_pkey on sbtest2  (cost=0.43..10.46 rows=101 width=4)
	  Index Cond: ((id >= 5618548) AND (id <= 5618648))

table 3 : explain SELECT id FROM sbtest3 WHERE id BETWEEN 5618548 AND 5618648
	Index Only Scan using sbtest3_pkey on sbtest3  (cost=0.43..6.59 rows=108 width=4)
	  Index Cond: ((id >= 5618548) AND (id <= 5618648))

table 4 : explain SELECT id FROM sbtest4 WHERE id BETWEEN 5618548 AND 5618648
	Index Only Scan using sbtest4_pkey on sbtest4  (cost=0.43..6.51 rows=104 width=4)
	  Index Cond: ((id >= 5618548) AND (id <= 5618648))

table 5 : explain SELECT id FROM sbtest5 WHERE id BETWEEN 5618548 AND 5618648
	Index Only Scan using sbtest5_pkey on sbtest5  (cost=0.43..6.45 rows=101 width=4)
	  Index Cond: ((id >= 5618548) AND (id <= 5618648))

table 6 : explain SELECT id FROM sbtest6 WHERE id BETWEEN 5618548 AND 5618648
	Index Only Scan using sbtest6_pkey on sbtest6  (cost=0.43..6.45 rows=101 width=4)
	  Index Cond: ((id >= 5618548) AND (id <= 5618648))

table 7 : explain SELECT id FROM sbtest7 WHERE id BETWEEN 5618548 AND 5618648
	Index Only Scan using sbtest7_pkey on sbtest7  (cost=0.43..6.66 rows=111 width=4)
	  Index Cond: ((id >= 5618548) AND (id <= 5618648))

table 8 : explain SELECT id FROM sbtest8 WHERE id BETWEEN 5618548 AND 5618648
	Index Only Scan using sbtest8_pkey on sbtest8  (cost=0.43..10.51 rows=104 width=4)
	  Index Cond: ((id >= 5618548) AND (id <= 5618648))

explain: for range-covered :: explain SELECT id FROM sbtest%d WHERE id BETWEEN 5618548 AND 5618648
for range-covered
table 1 : explain SELECT id FROM sbtest1 WHERE id BETWEEN 5363207 AND 5363307
	Index Only Scan using sbtest1_pkey on sbtest1  (cost=0.43..6.61 rows=109 width=4)
	  Index Cond: ((id >= 5363207) AND (id <= 5363307))

table 2 : explain SELECT id FROM sbtest2 WHERE id BETWEEN 5363207 AND 5363307
	Index Only Scan using sbtest2_pkey on sbtest2  (cost=0.43..10.33 rows=95 width=4)
	  Index Cond: ((id >= 5363207) AND (id <= 5363307))

table 3 : explain SELECT id FROM sbtest3 WHERE id BETWEEN 5363207 AND 5363307
	Index Only Scan using sbtest3_pkey on sbtest3  (cost=0.43..6.51 rows=104 width=4)
	  Index Cond: ((id >= 5363207) AND (id <= 5363307))

table 4 : explain SELECT id FROM sbtest4 WHERE id BETWEEN 5363207 AND 5363307
	Index Only Scan using sbtest4_pkey on sbtest4  (cost=0.43..6.56 rows=106 width=4)
	  Index Cond: ((id >= 5363207) AND (id <= 5363307))

table 5 : explain SELECT id FROM sbtest5 WHERE id BETWEEN 5363207 AND 5363307
	Index Only Scan using sbtest5_pkey on sbtest5  (cost=0.43..6.47 rows=102 width=4)
	  Index Cond: ((id >= 5363207) AND (id <= 5363307))

table 6 : explain SELECT id FROM sbtest6 WHERE id BETWEEN 5363207 AND 5363307
	Index Only Scan using sbtest6_pkey on sbtest6  (cost=0.43..6.32 rows=94 width=4)
	  Index Cond: ((id >= 5363207) AND (id <= 5363307))

table 7 : explain SELECT id FROM sbtest7 WHERE id BETWEEN 5363207 AND 5363307
	Index Only Scan using sbtest7_pkey on sbtest7  (cost=0.43..6.50 rows=103 width=4)
	  Index Cond: ((id >= 5363207) AND (id <= 5363307))

table 8 : explain SELECT id FROM sbtest8 WHERE id BETWEEN 5363207 AND 5363307
	Index Only Scan using sbtest8_pkey on sbtest8  (cost=0.43..10.58 rows=107 width=4)
	  Index Cond: ((id >= 5363207) AND (id <= 5363307))

for range-covered
table 1 : explain SELECT id FROM sbtest1 WHERE id BETWEEN 3114696 AND 3114796
	Index Only Scan using sbtest1_pkey on sbtest1  (cost=0.43..6.21 rows=89 width=4)
	  Index Cond: ((id >= 3114696) AND (id <= 3114796))

table 2 : explain SELECT id FROM sbtest2 WHERE id BETWEEN 3114696 AND 3114796
	Index Only Scan using sbtest2_pkey on sbtest2  (cost=0.43..10.32 rows=94 width=4)
	  Index Cond: ((id >= 3114696) AND (id <= 3114796))

table 3 : explain SELECT id FROM sbtest3 WHERE id BETWEEN 3114696 AND 3114796
	Index Only Scan using sbtest3_pkey on sbtest3  (cost=0.43..6.33 rows=95 width=4)
	  Index Cond: ((id >= 3114696) AND (id <= 3114796))

table 4 : explain SELECT id FROM sbtest4 WHERE id BETWEEN 3114696 AND 3114796
	Index Only Scan using sbtest4_pkey on sbtest4  (cost=0.43..6.24 rows=90 width=4)
	  Index Cond: ((id >= 3114696) AND (id <= 3114796))

table 5 : explain SELECT id FROM sbtest5 WHERE id BETWEEN 3114696 AND 3114796
	Index Only Scan using sbtest5_pkey on sbtest5  (cost=0.43..6.51 rows=104 width=4)
	  Index Cond: ((id >= 3114696) AND (id <= 3114796))

table 6 : explain SELECT id FROM sbtest6 WHERE id BETWEEN 3114696 AND 3114796
	Index Only Scan using sbtest6_pkey on sbtest6  (cost=0.43..6.43 rows=100 width=4)
	  Index Cond: ((id >= 3114696) AND (id <= 3114796))

table 7 : explain SELECT id FROM sbtest7 WHERE id BETWEEN 3114696 AND 3114796
	Index Only Scan using sbtest7_pkey on sbtest7  (cost=0.43..6.35 rows=96 width=4)
	  Index Cond: ((id >= 3114696) AND (id <= 3114796))

table 8 : explain SELECT id FROM sbtest8 WHERE id BETWEEN 3114696 AND 3114796
	Index Only Scan using sbtest8_pkey on sbtest8  (cost=0.43..10.36 rows=96 width=4)
	  Index Cond: ((id >= 3114696) AND (id <= 3114796))

for range-covered
table 1 : explain SELECT id FROM sbtest1 WHERE id BETWEEN 6209913 AND 6210013
	Index Only Scan using sbtest1_pkey on sbtest1  (cost=0.43..6.42 rows=99 width=4)
	  Index Cond: ((id >= 6209913) AND (id <= 6210013))

table 2 : explain SELECT id FROM sbtest2 WHERE id BETWEEN 6209913 AND 6210013
	Index Only Scan using sbtest2_pkey on sbtest2  (cost=0.43..10.32 rows=94 width=4)
	  Index Cond: ((id >= 6209913) AND (id <= 6210013))

table 3 : explain SELECT id FROM sbtest3 WHERE id BETWEEN 6209913 AND 6210013
	Index Only Scan using sbtest3_pkey on sbtest3  (cost=0.43..6.66 rows=111 width=4)
	  Index Cond: ((id >= 6209913) AND (id <= 6210013))

table 4 : explain SELECT id FROM sbtest4 WHERE id BETWEEN 6209913 AND 6210013
	Index Only Scan using sbtest4_pkey on sbtest4  (cost=0.43..6.32 rows=94 width=4)
	  Index Cond: ((id >= 6209913) AND (id <= 6210013))

table 5 : explain SELECT id FROM sbtest5 WHERE id BETWEEN 6209913 AND 6210013
	Index Only Scan using sbtest5_pkey on sbtest5  (cost=0.43..6.42 rows=99 width=4)
	  Index Cond: ((id >= 6209913) AND (id <= 6210013))

table 6 : explain SELECT id FROM sbtest6 WHERE id BETWEEN 6209913 AND 6210013
	Index Only Scan using sbtest6_pkey on sbtest6  (cost=0.43..6.33 rows=95 width=4)
	  Index Cond: ((id >= 6209913) AND (id <= 6210013))

table 7 : explain SELECT id FROM sbtest7 WHERE id BETWEEN 6209913 AND 6210013
	Index Only Scan using sbtest7_pkey on sbtest7  (cost=0.43..6.32 rows=94 width=4)
	  Index Cond: ((id >= 6209913) AND (id <= 6210013))

table 8 : explain SELECT id FROM sbtest8 WHERE id BETWEEN 6209913 AND 6210013
	Index Only Scan using sbtest8_pkey on sbtest8  (cost=0.43..10.60 rows=108 width=4)
	  Index Cond: ((id >= 6209913) AND (id <= 6210013))

explain: for range-covered :: explain SELECT id FROM sbtest%d WHERE id BETWEEN 3114696 AND 3114796
explain: for range-covered :: explain SELECT id FROM sbtest%d WHERE id BETWEEN 5363207 AND 5363307
for range-covered
table 1 : explain SELECT id FROM sbtest1 WHERE id BETWEEN 6733095 AND 6733195
	Index Only Scan using sbtest1_pkey on sbtest1  (cost=0.43..6.53 rows=105 width=4)
	  Index Cond: ((id >= 6733095) AND (id <= 6733195))

table 2 : explain SELECT id FROM sbtest2 WHERE id BETWEEN 6733095 AND 6733195
	Index Only Scan using sbtest2_pkey on sbtest2  (cost=0.43..10.44 rows=100 width=4)
	  Index Cond: ((id >= 6733095) AND (id <= 6733195))

table 3 : explain SELECT id FROM sbtest3 WHERE id BETWEEN 6733095 AND 6733195
	Index Only Scan using sbtest3_pkey on sbtest3  (cost=0.43..6.43 rows=100 width=4)
	  Index Cond: ((id >= 6733095) AND (id <= 6733195))

table 4 : explain SELECT id FROM sbtest4 WHERE id BETWEEN 6733095 AND 6733195
	Index Only Scan using sbtest4_pkey on sbtest4  (cost=0.43..6.43 rows=100 width=4)
	  Index Cond: ((id >= 6733095) AND (id <= 6733195))

table 5 : explain SELECT id FROM sbtest5 WHERE id BETWEEN 6733095 AND 6733195
	Index Only Scan using sbtest5_pkey on sbtest5  (cost=0.43..6.33 rows=95 width=4)
	  Index Cond: ((id >= 6733095) AND (id <= 6733195))

table 6 : explain SELECT id FROM sbtest6 WHERE id BETWEEN 6733095 AND 6733195
	Index Only Scan using sbtest6_pkey on sbtest6  (cost=0.43..6.51 rows=104 width=4)
	  Index Cond: ((id >= 6733095) AND (id <= 6733195))

table 7 : explain SELECT id FROM sbtest7 WHERE id BETWEEN 6733095 AND 6733195
	Index Only Scan using sbtest7_pkey on sbtest7  (cost=0.43..6.40 rows=98 width=4)
	  Index Cond: ((id >= 6733095) AND (id <= 6733195))

table 8 : explain SELECT id FROM sbtest8 WHERE id BETWEEN 6733095 AND 6733195
	Index Only Scan using sbtest8_pkey on sbtest8  (cost=0.43..10.63 rows=110 width=4)
	  Index Cond: ((id >= 6733095) AND (id <= 6733195))

for range-covered
table 1 : explain SELECT id FROM sbtest1 WHERE id BETWEEN 5618548 AND 5618648
	Index Only Scan using sbtest1_pkey on sbtest1  (cost=0.43..6.27 rows=92 width=4)
	  Index Cond: ((id >= 5618548) AND (id <= 5618648))

table 2 : explain SELECT id FROM sbtest2 WHERE id BETWEEN 5618548 AND 5618648
	Index Only Scan using sbtest2_pkey on sbtest2  (cost=0.43..10.46 rows=101 width=4)
	  Index Cond: ((id >= 5618548) AND (id <= 5618648))

table 3 : explain SELECT id FROM sbtest3 WHERE id BETWEEN 5618548 AND 5618648
	Index Only Scan using sbtest3_pkey on sbtest3  (cost=0.43..6.59 rows=108 width=4)
	  Index Cond: ((id >= 5618548) AND (id <= 5618648))

table 4 : explain SELECT id FROM sbtest4 WHERE id BETWEEN 5618548 AND 5618648
	Index Only Scan using sbtest4_pkey on sbtest4  (cost=0.43..6.51 rows=104 width=4)
	  Index Cond: ((id >= 5618548) AND (id <= 5618648))

table 5 : explain SELECT id FROM sbtest5 WHERE id BETWEEN 5618548 AND 5618648
	Index Only Scan using sbtest5_pkey on sbtest5  (cost=0.43..6.45 rows=101 width=4)
	  Index Cond: ((id >= 5618548) AND (id <= 5618648))

table 6 : explain SELECT id FROM sbtest6 WHERE id BETWEEN 5618548 AND 5618648
	Index Only Scan using sbtest6_pkey on sbtest6  (cost=0.43..6.45 rows=101 width=4)
	  Index Cond: ((id >= 5618548) AND (id <= 5618648))

table 7 : explain SELECT id FROM sbtest7 WHERE id BETWEEN 5618548 AND 5618648
	Index Only Scan using sbtest7_pkey on sbtest7  (cost=0.43..6.66 rows=111 width=4)
	  Index Cond: ((id >= 5618548) AND (id <= 5618648))

table 8 : explain SELECT id FROM sbtest8 WHERE id BETWEEN 5618548 AND 5618648
	Index Only Scan using sbtest8_pkey on sbtest8  (cost=0.43..10.51 rows=104 width=4)
	  Index Cond: ((id >= 5618548) AND (id <= 5618648))

explain: for range-covered :: explain SELECT id FROM sbtest%d WHERE id BETWEEN 6733095 AND 6733195
explain: for range-covered :: explain SELECT id FROM sbtest%d WHERE id BETWEEN 5618548 AND 5618648
for range-covered
table 1 : explain SELECT id FROM sbtest1 WHERE id BETWEEN 3114696 AND 3114796
	Index Only Scan using sbtest1_pkey on sbtest1  (cost=0.43..6.21 rows=89 width=4)
	  Index Cond: ((id >= 3114696) AND (id <= 3114796))

table 2 : explain SELECT id FROM sbtest2 WHERE id BETWEEN 3114696 AND 3114796
	Index Only Scan using sbtest2_pkey on sbtest2  (cost=0.43..10.32 rows=94 width=4)
	  Index Cond: ((id >= 3114696) AND (id <= 3114796))

table 3 : explain SELECT id FROM sbtest3 WHERE id BETWEEN 3114696 AND 3114796
	Index Only Scan using sbtest3_pkey on sbtest3  (cost=0.43..6.33 rows=95 width=4)
	  Index Cond: ((id >= 3114696) AND (id <= 3114796))

table 4 : explain SELECT id FROM sbtest4 WHERE id BETWEEN 3114696 AND 3114796
	Index Only Scan using sbtest4_pkey on sbtest4  (cost=0.43..6.24 rows=90 width=4)
	  Index Cond: ((id >= 3114696) AND (id <= 3114796))

table 5 : explain SELECT id FROM sbtest5 WHERE id BETWEEN 3114696 AND 3114796
	Index Only Scan using sbtest5_pkey on sbtest5  (cost=0.43..6.51 rows=104 width=4)
	  Index Cond: ((id >= 3114696) AND (id <= 3114796))

table 6 : explain SELECT id FROM sbtest6 WHERE id BETWEEN 3114696 AND 3114796
	Index Only Scan using sbtest6_pkey on sbtest6  (cost=0.43..6.43 rows=100 width=4)
	  Index Cond: ((id >= 3114696) AND (id <= 3114796))

table 7 : explain SELECT id FROM sbtest7 WHERE id BETWEEN 3114696 AND 3114796
	Index Only Scan using sbtest7_pkey on sbtest7  (cost=0.43..6.35 rows=96 width=4)
	  Index Cond: ((id >= 3114696) AND (id <= 3114796))

table 8 : explain SELECT id FROM sbtest8 WHERE id BETWEEN 3114696 AND 3114796
	Index Only Scan using sbtest8_pkey on sbtest8  (cost=0.43..10.36 rows=96 width=4)
	  Index Cond: ((id >= 3114696) AND (id <= 3114796))

explain: for range-covered :: explain SELECT id FROM sbtest%d WHERE id BETWEEN 3114696 AND 3114796
for range-covered
table 1 : explain SELECT id FROM sbtest1 WHERE id BETWEEN 6353968 AND 6354068
	Index Only Scan using sbtest1_pkey on sbtest1  (cost=0.43..6.33 rows=95 width=4)
	  Index Cond: ((id >= 6353968) AND (id <= 6354068))

table 2 : explain SELECT id FROM sbtest2 WHERE id BETWEEN 6353968 AND 6354068
	Index Only Scan using sbtest2_pkey on sbtest2  (cost=0.43..10.56 rows=106 width=4)
	  Index Cond: ((id >= 6353968) AND (id <= 6354068))

table 3 : explain SELECT id FROM sbtest3 WHERE id BETWEEN 6353968 AND 6354068
	Index Only Scan using sbtest3_pkey on sbtest3  (cost=0.43..6.33 rows=95 width=4)
	  Index Cond: ((id >= 6353968) AND (id <= 6354068))

table 4 : explain SELECT id FROM sbtest4 WHERE id BETWEEN 6353968 AND 6354068
	Index Only Scan using sbtest4_pkey on sbtest4  (cost=0.43..6.53 rows=105 width=4)
	  Index Cond: ((id >= 6353968) AND (id <= 6354068))

table 5 : explain SELECT id FROM sbtest5 WHERE id BETWEEN 6353968 AND 6354068
	Index Only Scan using sbtest5_pkey on sbtest5  (cost=0.43..6.33 rows=95 width=4)
	  Index Cond: ((id >= 6353968) AND (id <= 6354068))

table 6 : explain SELECT id FROM sbtest6 WHERE id BETWEEN 6353968 AND 6354068
	Index Only Scan using sbtest6_pkey on sbtest6  (cost=0.43..6.53 rows=105 width=4)
	  Index Cond: ((id >= 6353968) AND (id <= 6354068))

table 7 : explain SELECT id FROM sbtest7 WHERE id BETWEEN 6353968 AND 6354068
	Index Only Scan using sbtest7_pkey on sbtest7  (cost=0.43..6.53 rows=105 width=4)
	  Index Cond: ((id >= 6353968) AND (id <= 6354068))

table 8 : explain SELECT id FROM sbtest8 WHERE id BETWEEN 6353968 AND 6354068
	Index Only Scan using sbtest8_pkey on sbtest8  (cost=0.43..10.32 rows=94 width=4)
	  Index Cond: ((id >= 6353968) AND (id <= 6354068))

for range-covered
table 1 : explain SELECT id FROM sbtest1 WHERE id BETWEEN 3526943 AND 3527043
	Index Only Scan using sbtest1_pkey on sbtest1  (cost=0.43..6.42 rows=99 width=4)
	  Index Cond: ((id >= 3526943) AND (id <= 3527043))

table 2 : explain SELECT id FROM sbtest2 WHERE id BETWEEN 3526943 AND 3527043
	Index Only Scan using sbtest2_pkey on sbtest2  (cost=0.43..10.56 rows=106 width=4)
	  Index Cond: ((id >= 3526943) AND (id <= 3527043))

table 3 : explain SELECT id FROM sbtest3 WHERE id BETWEEN 3526943 AND 3527043
	Index Only Scan using sbtest3_pkey on sbtest3  (cost=0.43..6.45 rows=101 width=4)
	  Index Cond: ((id >= 3526943) AND (id <= 3527043))

table 4 : explain SELECT id FROM sbtest4 WHERE id BETWEEN 3526943 AND 3527043
	Index Only Scan using sbtest4_pkey on sbtest4  (cost=0.43..6.53 rows=105 width=4)
	  Index Cond: ((id >= 3526943) AND (id <= 3527043))

table 5 : explain SELECT id FROM sbtest5 WHERE id BETWEEN 3526943 AND 3527043
	Index Only Scan using sbtest5_pkey on sbtest5  (cost=0.43..6.58 rows=107 width=4)
	  Index Cond: ((id >= 3526943) AND (id <= 3527043))

table 6 : explain SELECT id FROM sbtest6 WHERE id BETWEEN 3526943 AND 3527043
	Index Only Scan using sbtest6_pkey on sbtest6  (cost=0.43..6.32 rows=94 width=4)
	  Index Cond: ((id >= 3526943) AND (id <= 3527043))

table 7 : explain SELECT id FROM sbtest7 WHERE id BETWEEN 3526943 AND 3527043
	Index Only Scan using sbtest7_pkey on sbtest7  (cost=0.43..6.35 rows=96 width=4)
	  Index Cond: ((id >= 3526943) AND (id <= 3527043))

table 8 : explain SELECT id FROM sbtest8 WHERE id BETWEEN 3526943 AND 3527043
	Index Only Scan using sbtest8_pkey on sbtest8  (cost=0.43..10.56 rows=106 width=4)
	  Index Cond: ((id >= 3526943) AND (id <= 3527043))

for range-covered
table 1 : explain SELECT id FROM sbtest1 WHERE id BETWEEN 6675815 AND 6675915
	Index Only Scan using sbtest1_pkey on sbtest1  (cost=0.43..6.32 rows=94 width=4)
	  Index Cond: ((id >= 6675815) AND (id <= 6675915))

table 2 : explain SELECT id FROM sbtest2 WHERE id BETWEEN 6675815 AND 6675915
	Index Only Scan using sbtest2_pkey on sbtest2  (cost=0.43..10.63 rows=110 width=4)
	  Index Cond: ((id >= 6675815) AND (id <= 6675915))

table 3 : explain SELECT id FROM sbtest3 WHERE id BETWEEN 6675815 AND 6675915
	Index Only Scan using sbtest3_pkey on sbtest3  (cost=0.43..6.47 rows=102 width=4)
	  Index Cond: ((id >= 6675815) AND (id <= 6675915))

table 4 : explain SELECT id FROM sbtest4 WHERE id BETWEEN 6675815 AND 6675915
	Index Only Scan using sbtest4_pkey on sbtest4  (cost=0.43..6.42 rows=99 width=4)
	  Index Cond: ((id >= 6675815) AND (id <= 6675915))

table 5 : explain SELECT id FROM sbtest5 WHERE id BETWEEN 6675815 AND 6675915
	Index Only Scan using sbtest5_pkey on sbtest5  (cost=0.43..6.24 rows=90 width=4)
	  Index Cond: ((id >= 6675815) AND (id <= 6675915))

table 6 : explain SELECT id FROM sbtest6 WHERE id BETWEEN 6675815 AND 6675915
	Index Only Scan using sbtest6_pkey on sbtest6  (cost=0.43..6.29 rows=93 width=4)
	  Index Cond: ((id >= 6675815) AND (id <= 6675915))

table 7 : explain SELECT id FROM sbtest7 WHERE id BETWEEN 6675815 AND 6675915
	Index Only Scan using sbtest7_pkey on sbtest7  (cost=0.43..6.40 rows=98 width=4)
	  Index Cond: ((id >= 6675815) AND (id <= 6675915))

table 8 : explain SELECT id FROM sbtest8 WHERE id BETWEEN 6675815 AND 6675915
	Index Only Scan using sbtest8_pkey on sbtest8  (cost=0.43..10.26 rows=91 width=4)
	  Index Cond: ((id >= 6675815) AND (id <= 6675915))

for range-covered
table 1 : explain SELECT id FROM sbtest1 WHERE id BETWEEN 737165 AND 737265
	Index Only Scan using sbtest1_pkey on sbtest1  (cost=0.43..6.56 rows=106 width=4)
	  Index Cond: ((id >= 737165) AND (id <= 737265))

table 2 : explain SELECT id FROM sbtest2 WHERE id BETWEEN 737165 AND 737265
	Index Only Scan using sbtest2_pkey on sbtest2  (cost=0.43..10.40 rows=98 width=4)
	  Index Cond: ((id >= 737165) AND (id <= 737265))

table 3 : explain SELECT id FROM sbtest3 WHERE id BETWEEN 737165 AND 737265
	Index Only Scan using sbtest3_pkey on sbtest3  (cost=0.43..6.27 rows=92 width=4)
	  Index Cond: ((id >= 737165) AND (id <= 737265))

table 4 : explain SELECT id FROM sbtest4 WHERE id BETWEEN 737165 AND 737265
	Index Only Scan using sbtest4_pkey on sbtest4  (cost=0.43..6.75 rows=116 width=4)
	  Index Cond: ((id >= 737165) AND (id <= 737265))

table 5 : explain SELECT id FROM sbtest5 WHERE id BETWEEN 737165 AND 737265
	Index Only Scan using sbtest5_pkey on sbtest5  (cost=0.43..6.45 rows=101 width=4)
	  Index Cond: ((id >= 737165) AND (id <= 737265))

table 6 : explain SELECT id FROM sbtest6 WHERE id BETWEEN 737165 AND 737265
	Index Only Scan using sbtest6_pkey on sbtest6  (cost=0.43..6.59 rows=108 width=4)
	  Index Cond: ((id >= 737165) AND (id <= 737265))

table 7 : explain SELECT id FROM sbtest7 WHERE id BETWEEN 737165 AND 737265
	Index Only Scan using sbtest7_pkey on sbtest7  (cost=0.43..6.61 rows=109 width=4)
	  Index Cond: ((id >= 737165) AND (id <= 737265))

table 8 : explain SELECT id FROM sbtest8 WHERE id BETWEEN 737165 AND 737265
	Index Only Scan using sbtest8_pkey on sbtest8  (cost=0.43..10.47 rows=102 width=4)
	  Index Cond: ((id >= 737165) AND (id <= 737265))

explain: for range-covered :: explain SELECT id FROM sbtest%d WHERE id BETWEEN 6353968 AND 6354068
for range-covered
table 1 : explain SELECT id FROM sbtest1 WHERE id BETWEEN 5618548 AND 5618648
	Index Only Scan using sbtest1_pkey on sbtest1  (cost=0.43..6.27 rows=92 width=4)
	  Index Cond: ((id >= 5618548) AND (id <= 5618648))

table 2 : explain SELECT id FROM sbtest2 WHERE id BETWEEN 5618548 AND 5618648
	Index Only Scan using sbtest2_pkey on sbtest2  (cost=0.43..10.46 rows=101 width=4)
	  Index Cond: ((id >= 5618548) AND (id <= 5618648))

table 3 : explain SELECT id FROM sbtest3 WHERE id BETWEEN 5618548 AND 5618648
	Index Only Scan using sbtest3_pkey on sbtest3  (cost=0.43..6.59 rows=108 width=4)
	  Index Cond: ((id >= 5618548) AND (id <= 5618648))

table 4 : explain SELECT id FROM sbtest4 WHERE id BETWEEN 5618548 AND 5618648
	Index Only Scan using sbtest4_pkey on sbtest4  (cost=0.43..6.51 rows=104 width=4)
	  Index Cond: ((id >= 5618548) AND (id <= 5618648))

table 5 : explain SELECT id FROM sbtest5 WHERE id BETWEEN 5618548 AND 5618648
	Index Only Scan using sbtest5_pkey on sbtest5  (cost=0.43..6.45 rows=101 width=4)
	  Index Cond: ((id >= 5618548) AND (id <= 5618648))

table 6 : explain SELECT id FROM sbtest6 WHERE id BETWEEN 5618548 AND 5618648
	Index Only Scan using sbtest6_pkey on sbtest6  (cost=0.43..6.45 rows=101 width=4)
	  Index Cond: ((id >= 5618548) AND (id <= 5618648))

table 7 : explain SELECT id FROM sbtest7 WHERE id BETWEEN 5618548 AND 5618648
	Index Only Scan using sbtest7_pkey on sbtest7  (cost=0.43..6.66 rows=111 width=4)
	  Index Cond: ((id >= 5618548) AND (id <= 5618648))

table 8 : explain SELECT id FROM sbtest8 WHERE id BETWEEN 5618548 AND 5618648
	Index Only Scan using sbtest8_pkey on sbtest8  (cost=0.43..10.51 rows=104 width=4)
	  Index Cond: ((id >= 5618548) AND (id <= 5618648))

explain: for range-covered :: explain SELECT id FROM sbtest%d WHERE id BETWEEN 6675815 AND 6675915
for range-covered
table 1 : explain SELECT id FROM sbtest1 WHERE id BETWEEN 4384207 AND 4384307
	Index Only Scan using sbtest1_pkey on sbtest1  (cost=0.43..6.37 rows=97 width=4)
	  Index Cond: ((id >= 4384207) AND (id <= 4384307))

table 2 : explain SELECT id FROM sbtest2 WHERE id BETWEEN 4384207 AND 4384307
	Index Only Scan using sbtest2_pkey on sbtest2  (cost=0.43..10.50 rows=103 width=4)
	  Index Cond: ((id >= 4384207) AND (id <= 4384307))

table 3 : explain SELECT id FROM sbtest3 WHERE id BETWEEN 4384207 AND 4384307
	Index Only Scan using sbtest3_pkey on sbtest3  (cost=0.43..6.51 rows=104 width=4)
	  Index Cond: ((id >= 4384207) AND (id <= 4384307))

table 4 : explain SELECT id FROM sbtest4 WHERE id BETWEEN 4384207 AND 4384307
	Index Only Scan using sbtest4_pkey on sbtest4  (cost=0.43..6.40 rows=98 width=4)
	  Index Cond: ((id >= 4384207) AND (id <= 4384307))

table 5 : explain SELECT id FROM sbtest5 WHERE id BETWEEN 4384207 AND 4384307
	Index Only Scan using sbtest5_pkey on sbtest5  (cost=0.43..6.75 rows=116 width=4)
	  Index Cond: ((id >= 4384207) AND (id <= 4384307))

table 6 : explain SELECT id FROM sbtest6 WHERE id BETWEEN 4384207 AND 4384307
	Index Only Scan using sbtest6_pkey on sbtest6  (cost=0.43..6.29 rows=93 width=4)
	  Index Cond: ((id >= 4384207) AND (id <= 4384307))

table 7 : explain SELECT id FROM sbtest7 WHERE id BETWEEN 4384207 AND 4384307
	Index Only Scan using sbtest7_pkey on sbtest7  (cost=0.43..6.37 rows=97 width=4)
	  Index Cond: ((id >= 4384207) AND (id <= 4384307))

table 8 : explain SELECT id FROM sbtest8 WHERE id BETWEEN 4384207 AND 4384307
	Index Only Scan using sbtest8_pkey on sbtest8  (cost=0.43..10.51 rows=104 width=4)
	  Index Cond: ((id >= 4384207) AND (id <= 4384307))

explain: for range-covered :: explain SELECT id FROM sbtest%d WHERE id BETWEEN 5618548 AND 5618648
explain: for range-covered :: explain SELECT id FROM sbtest%d WHERE id BETWEEN 3526943 AND 3527043
for range-covered
table 1 : explain SELECT id FROM sbtest1 WHERE id BETWEEN 7206646 AND 7206746
	Index Only Scan using sbtest1_pkey on sbtest1  (cost=0.43..6.40 rows=98 width=4)
	  Index Cond: ((id >= 7206646) AND (id <= 7206746))

table 2 : explain SELECT id FROM sbtest2 WHERE id BETWEEN 7206646 AND 7206746
	Index Only Scan using sbtest2_pkey on sbtest2  (cost=0.43..10.44 rows=100 width=4)
	  Index Cond: ((id >= 7206646) AND (id <= 7206746))

table 3 : explain SELECT id FROM sbtest3 WHERE id BETWEEN 7206646 AND 7206746
	Index Only Scan using sbtest3_pkey on sbtest3  (cost=0.43..6.33 rows=95 width=4)
	  Index Cond: ((id >= 7206646) AND (id <= 7206746))

table 4 : explain SELECT id FROM sbtest4 WHERE id BETWEEN 7206646 AND 7206746
	Index Only Scan using sbtest4_pkey on sbtest4  (cost=0.43..6.50 rows=103 width=4)
	  Index Cond: ((id >= 7206646) AND (id <= 7206746))

table 5 : explain SELECT id FROM sbtest5 WHERE id BETWEEN 7206646 AND 7206746
	Index Only Scan using sbtest5_pkey on sbtest5  (cost=0.43..6.69 rows=113 width=4)
	  Index Cond: ((id >= 7206646) AND (id <= 7206746))

table 6 : explain SELECT id FROM sbtest6 WHERE id BETWEEN 7206646 AND 7206746
	Index Only Scan using sbtest6_pkey on sbtest6  (cost=0.43..6.56 rows=106 width=4)
	  Index Cond: ((id >= 7206646) AND (id <= 7206746))

table 7 : explain SELECT id FROM sbtest7 WHERE id BETWEEN 7206646 AND 7206746
	Index Only Scan using sbtest7_pkey on sbtest7  (cost=0.43..6.25 rows=91 width=4)
	  Index Cond: ((id >= 7206646) AND (id <= 7206746))

table 8 : explain SELECT id FROM sbtest8 WHERE id BETWEEN 7206646 AND 7206746
	Index Only Scan using sbtest8_pkey on sbtest8  (cost=0.43..10.42 rows=99 width=4)
	  Index Cond: ((id >= 7206646) AND (id <= 7206746))

explain: for range-covered :: explain SELECT id FROM sbtest%d WHERE id BETWEEN 4384207 AND 4384307
for range-covered
table 1 : explain SELECT id FROM sbtest1 WHERE id BETWEEN 5363207 AND 5363307
	Index Only Scan using sbtest1_pkey on sbtest1  (cost=0.43..6.61 rows=109 width=4)
	  Index Cond: ((id >= 5363207) AND (id <= 5363307))

table 2 : explain SELECT id FROM sbtest2 WHERE id BETWEEN 5363207 AND 5363307
	Index Only Scan using sbtest2_pkey on sbtest2  (cost=0.43..10.33 rows=95 width=4)
	  Index Cond: ((id >= 5363207) AND (id <= 5363307))

table 3 : explain SELECT id FROM sbtest3 WHERE id BETWEEN 5363207 AND 5363307
	Index Only Scan using sbtest3_pkey on sbtest3  (cost=0.43..6.51 rows=104 width=4)
	  Index Cond: ((id >= 5363207) AND (id <= 5363307))

table 4 : explain SELECT id FROM sbtest4 WHERE id BETWEEN 5363207 AND 5363307
	Index Only Scan using sbtest4_pkey on sbtest4  (cost=0.43..6.56 rows=106 width=4)
	  Index Cond: ((id >= 5363207) AND (id <= 5363307))

table 5 : explain SELECT id FROM sbtest5 WHERE id BETWEEN 5363207 AND 5363307
	Index Only Scan using sbtest5_pkey on sbtest5  (cost=0.43..6.47 rows=102 width=4)
	  Index Cond: ((id >= 5363207) AND (id <= 5363307))

table 6 : explain SELECT id FROM sbtest6 WHERE id BETWEEN 5363207 AND 5363307
	Index Only Scan using sbtest6_pkey on sbtest6  (cost=0.43..6.32 rows=94 width=4)
	  Index Cond: ((id >= 5363207) AND (id <= 5363307))

table 7 : explain SELECT id FROM sbtest7 WHERE id BETWEEN 5363207 AND 5363307
	Index Only Scan using sbtest7_pkey on sbtest7  (cost=0.43..6.50 rows=103 width=4)
	  Index Cond: ((id >= 5363207) AND (id <= 5363307))

table 8 : explain SELECT id FROM sbtest8 WHERE id BETWEEN 5363207 AND 5363307
	Index Only Scan using sbtest8_pkey on sbtest8  (cost=0.43..10.58 rows=107 width=4)
	  Index Cond: ((id >= 5363207) AND (id <= 5363307))

for range-covered
table 1 : explain SELECT id FROM sbtest1 WHERE id BETWEEN 3114696 AND 3114796
	Index Only Scan using sbtest1_pkey on sbtest1  (cost=0.43..6.21 rows=89 width=4)
	  Index Cond: ((id >= 3114696) AND (id <= 3114796))

table 2 : explain SELECT id FROM sbtest2 WHERE id BETWEEN 3114696 AND 3114796
	Index Only Scan using sbtest2_pkey on sbtest2  (cost=0.43..10.32 rows=94 width=4)
	  Index Cond: ((id >= 3114696) AND (id <= 3114796))

table 3 : explain SELECT id FROM sbtest3 WHERE id BETWEEN 3114696 AND 3114796
	Index Only Scan using sbtest3_pkey on sbtest3  (cost=0.43..6.33 rows=95 width=4)
	  Index Cond: ((id >= 3114696) AND (id <= 3114796))

table 4 : explain SELECT id FROM sbtest4 WHERE id BETWEEN 3114696 AND 3114796
	Index Only Scan using sbtest4_pkey on sbtest4  (cost=0.43..6.24 rows=90 width=4)
	  Index Cond: ((id >= 3114696) AND (id <= 3114796))

table 5 : explain SELECT id FROM sbtest5 WHERE id BETWEEN 3114696 AND 3114796
	Index Only Scan using sbtest5_pkey on sbtest5  (cost=0.43..6.51 rows=104 width=4)
	  Index Cond: ((id >= 3114696) AND (id <= 3114796))

table 6 : explain SELECT id FROM sbtest6 WHERE id BETWEEN 3114696 AND 3114796
	Index Only Scan using sbtest6_pkey on sbtest6  (cost=0.43..6.43 rows=100 width=4)
	  Index Cond: ((id >= 3114696) AND (id <= 3114796))

table 7 : explain SELECT id FROM sbtest7 WHERE id BETWEEN 3114696 AND 3114796
	Index Only Scan using sbtest7_pkey on sbtest7  (cost=0.43..6.35 rows=96 width=4)
	  Index Cond: ((id >= 3114696) AND (id <= 3114796))

table 8 : explain SELECT id FROM sbtest8 WHERE id BETWEEN 3114696 AND 3114796
	Index Only Scan using sbtest8_pkey on sbtest8  (cost=0.43..10.36 rows=96 width=4)
	  Index Cond: ((id >= 3114696) AND (id <= 3114796))

explain: for range-covered :: explain SELECT id FROM sbtest%d WHERE id BETWEEN 3114696 AND 3114796
for range-covered
table 1 : explain SELECT id FROM sbtest1 WHERE id BETWEEN 5164544 AND 5164644
	Index Only Scan using sbtest1_pkey on sbtest1  (cost=0.43..6.17 rows=87 width=4)
	  Index Cond: ((id >= 5164544) AND (id <= 5164644))

table 2 : explain SELECT id FROM sbtest2 WHERE id BETWEEN 5164544 AND 5164644
	Index Only Scan using sbtest2_pkey on sbtest2  (cost=0.43..10.46 rows=101 width=4)
	  Index Cond: ((id >= 5164544) AND (id <= 5164644))

table 3 : explain SELECT id FROM sbtest3 WHERE id BETWEEN 5164544 AND 5164644
	Index Only Scan using sbtest3_pkey on sbtest3  (cost=0.43..6.32 rows=94 width=4)
	  Index Cond: ((id >= 5164544) AND (id <= 5164644))

table 4 : explain SELECT id FROM sbtest4 WHERE id BETWEEN 5164544 AND 5164644
	Index Only Scan using sbtest4_pkey on sbtest4  (cost=0.43..6.45 rows=101 width=4)
	  Index Cond: ((id >= 5164544) AND (id <= 5164644))

table 5 : explain SELECT id FROM sbtest5 WHERE id BETWEEN 5164544 AND 5164644
	Index Only Scan using sbtest5_pkey on sbtest5  (cost=0.43..6.85 rows=121 width=4)
	  Index Cond: ((id >= 5164544) AND (id <= 5164644))

table 6 : explain SELECT id FROM sbtest6 WHERE id BETWEEN 5164544 AND 5164644
	Index Only Scan using sbtest6_pkey on sbtest6  (cost=0.43..6.27 rows=92 width=4)
	  Index Cond: ((id >= 5164544) AND (id <= 5164644))

table 7 : explain SELECT id FROM sbtest7 WHERE id BETWEEN 5164544 AND 5164644
	Index Only Scan using sbtest7_pkey on sbtest7  (cost=0.43..6.43 rows=100 width=4)
	  Index Cond: ((id >= 5164544) AND (id <= 5164644))

table 8 : explain SELECT id FROM sbtest8 WHERE id BETWEEN 5164544 AND 5164644
	Index Only Scan using sbtest8_pkey on sbtest8  (cost=0.43..10.58 rows=107 width=4)
	  Index Cond: ((id >= 5164544) AND (id <= 5164644))

explain: for range-covered :: explain SELECT id FROM sbtest%d WHERE id BETWEEN 5363207 AND 5363307
for range-covered
table 1 : explain SELECT id FROM sbtest1 WHERE id BETWEEN 3558788 AND 3558888
	Index Only Scan using sbtest1_pkey on sbtest1  (cost=0.43..6.42 rows=99 width=4)
	  Index Cond: ((id >= 3558788) AND (id <= 3558888))

table 2 : explain SELECT id FROM sbtest2 WHERE id BETWEEN 3558788 AND 3558888
	Index Only Scan using sbtest2_pkey on sbtest2  (cost=0.43..10.56 rows=106 width=4)
	  Index Cond: ((id >= 3558788) AND (id <= 3558888))

table 3 : explain SELECT id FROM sbtest3 WHERE id BETWEEN 3558788 AND 3558888
	Index Only Scan using sbtest3_pkey on sbtest3  (cost=0.43..6.45 rows=101 width=4)
	  Index Cond: ((id >= 3558788) AND (id <= 3558888))

table 4 : explain SELECT id FROM sbtest4 WHERE id BETWEEN 3558788 AND 3558888
	Index Only Scan using sbtest4_pkey on sbtest4  (cost=0.43..6.53 rows=105 width=4)
	  Index Cond: ((id >= 3558788) AND (id <= 3558888))

table 5 : explain SELECT id FROM sbtest5 WHERE id BETWEEN 3558788 AND 3558888
	Index Only Scan using sbtest5_pkey on sbtest5  (cost=0.43..6.58 rows=107 width=4)
	  Index Cond: ((id >= 3558788) AND (id <= 3558888))

table 6 : explain SELECT id FROM sbtest6 WHERE id BETWEEN 3558788 AND 3558888
	Index Only Scan using sbtest6_pkey on sbtest6  (cost=0.43..6.32 rows=94 width=4)
	  Index Cond: ((id >= 3558788) AND (id <= 3558888))

table 7 : explain SELECT id FROM sbtest7 WHERE id BETWEEN 3558788 AND 3558888
	Index Only Scan using sbtest7_pkey on sbtest7  (cost=0.43..6.35 rows=96 width=4)
	  Index Cond: ((id >= 3558788) AND (id <= 3558888))

table 8 : explain SELECT id FROM sbtest8 WHERE id BETWEEN 3558788 AND 3558888
	Index Only Scan using sbtest8_pkey on sbtest8  (cost=0.43..10.60 rows=108 width=4)
	  Index Cond: ((id >= 3558788) AND (id <= 3558888))

explain: for range-covered :: explain SELECT id FROM sbtest%d WHERE id BETWEEN 5164544 AND 5164644
explain: for range-covered :: explain SELECT id FROM sbtest%d WHERE id BETWEEN 3558788 AND 3558888
for range-covered
table 1 : explain SELECT id FROM sbtest1 WHERE id BETWEEN 6733095 AND 6733195
	Index Only Scan using sbtest1_pkey on sbtest1  (cost=0.43..6.53 rows=105 width=4)
	  Index Cond: ((id >= 6733095) AND (id <= 6733195))

table 2 : explain SELECT id FROM sbtest2 WHERE id BETWEEN 6733095 AND 6733195
	Index Only Scan using sbtest2_pkey on sbtest2  (cost=0.43..10.44 rows=100 width=4)
	  Index Cond: ((id >= 6733095) AND (id <= 6733195))

table 3 : explain SELECT id FROM sbtest3 WHERE id BETWEEN 6733095 AND 6733195
	Index Only Scan using sbtest3_pkey on sbtest3  (cost=0.43..6.43 rows=100 width=4)
	  Index Cond: ((id >= 6733095) AND (id <= 6733195))

table 4 : explain SELECT id FROM sbtest4 WHERE id BETWEEN 6733095 AND 6733195
	Index Only Scan using sbtest4_pkey on sbtest4  (cost=0.43..6.43 rows=100 width=4)
	  Index Cond: ((id >= 6733095) AND (id <= 6733195))

table 5 : explain SELECT id FROM sbtest5 WHERE id BETWEEN 6733095 AND 6733195
	Index Only Scan using sbtest5_pkey on sbtest5  (cost=0.43..6.33 rows=95 width=4)
	  Index Cond: ((id >= 6733095) AND (id <= 6733195))

table 6 : explain SELECT id FROM sbtest6 WHERE id BETWEEN 6733095 AND 6733195
	Index Only Scan using sbtest6_pkey on sbtest6  (cost=0.43..6.51 rows=104 width=4)
	  Index Cond: ((id >= 6733095) AND (id <= 6733195))

table 7 : explain SELECT id FROM sbtest7 WHERE id BETWEEN 6733095 AND 6733195
	Index Only Scan using sbtest7_pkey on sbtest7  (cost=0.43..6.40 rows=98 width=4)
	  Index Cond: ((id >= 6733095) AND (id <= 6733195))

table 8 : explain SELECT id FROM sbtest8 WHERE id BETWEEN 6733095 AND 6733195
	Index Only Scan using sbtest8_pkey on sbtest8  (cost=0.43..10.63 rows=110 width=4)
	  Index Cond: ((id >= 6733095) AND (id <= 6733195))

for range-covered
table 1 : explain SELECT id FROM sbtest1 WHERE id BETWEEN 5618548 AND 5618648
	Index Only Scan using sbtest1_pkey on sbtest1  (cost=0.43..6.27 rows=92 width=4)
	  Index Cond: ((id >= 5618548) AND (id <= 5618648))

table 2 : explain SELECT id FROM sbtest2 WHERE id BETWEEN 5618548 AND 5618648
	Index Only Scan using sbtest2_pkey on sbtest2  (cost=0.43..10.46 rows=101 width=4)
	  Index Cond: ((id >= 5618548) AND (id <= 5618648))

table 3 : explain SELECT id FROM sbtest3 WHERE id BETWEEN 5618548 AND 5618648
	Index Only Scan using sbtest3_pkey on sbtest3  (cost=0.43..6.59 rows=108 width=4)
	  Index Cond: ((id >= 5618548) AND (id <= 5618648))

table 4 : explain SELECT id FROM sbtest4 WHERE id BETWEEN 5618548 AND 5618648
	Index Only Scan using sbtest4_pkey on sbtest4  (cost=0.43..6.51 rows=104 width=4)
	  Index Cond: ((id >= 5618548) AND (id <= 5618648))

table 5 : explain SELECT id FROM sbtest5 WHERE id BETWEEN 5618548 AND 5618648
	Index Only Scan using sbtest5_pkey on sbtest5  (cost=0.43..6.45 rows=101 width=4)
	  Index Cond: ((id >= 5618548) AND (id <= 5618648))

table 6 : explain SELECT id FROM sbtest6 WHERE id BETWEEN 5618548 AND 5618648
	Index Only Scan using sbtest6_pkey on sbtest6  (cost=0.43..6.45 rows=101 width=4)
	  Index Cond: ((id >= 5618548) AND (id <= 5618648))

table 7 : explain SELECT id FROM sbtest7 WHERE id BETWEEN 5618548 AND 5618648
	Index Only Scan using sbtest7_pkey on sbtest7  (cost=0.43..6.66 rows=111 width=4)
	  Index Cond: ((id >= 5618548) AND (id <= 5618648))

table 8 : explain SELECT id FROM sbtest8 WHERE id BETWEEN 5618548 AND 5618648
	Index Only Scan using sbtest8_pkey on sbtest8  (cost=0.43..10.51 rows=104 width=4)
	  Index Cond: ((id >= 5618548) AND (id <= 5618648))

explain: for range-covered :: explain SELECT id FROM sbtest%d WHERE id BETWEEN 6733095 AND 6733195
explain: for range-covered :: explain SELECT id FROM sbtest%d WHERE id BETWEEN 5618548 AND 5618648
for range-covered
table 1 : explain SELECT id FROM sbtest1 WHERE id BETWEEN 4384207 AND 4384307
	Index Only Scan using sbtest1_pkey on sbtest1  (cost=0.43..6.37 rows=97 width=4)
	  Index Cond: ((id >= 4384207) AND (id <= 4384307))

table 2 : explain SELECT id FROM sbtest2 WHERE id BETWEEN 4384207 AND 4384307
	Index Only Scan using sbtest2_pkey on sbtest2  (cost=0.43..10.50 rows=103 width=4)
	  Index Cond: ((id >= 4384207) AND (id <= 4384307))

table 3 : explain SELECT id FROM sbtest3 WHERE id BETWEEN 4384207 AND 4384307
	Index Only Scan using sbtest3_pkey on sbtest3  (cost=0.43..6.51 rows=104 width=4)
	  Index Cond: ((id >= 4384207) AND (id <= 4384307))

table 4 : explain SELECT id FROM sbtest4 WHERE id BETWEEN 4384207 AND 4384307
	Index Only Scan using sbtest4_pkey on sbtest4  (cost=0.43..6.40 rows=98 width=4)
	  Index Cond: ((id >= 4384207) AND (id <= 4384307))

table 5 : explain SELECT id FROM sbtest5 WHERE id BETWEEN 4384207 AND 4384307
	Index Only Scan using sbtest5_pkey on sbtest5  (cost=0.43..6.75 rows=116 width=4)
	  Index Cond: ((id >= 4384207) AND (id <= 4384307))

table 6 : explain SELECT id FROM sbtest6 WHERE id BETWEEN 4384207 AND 4384307
	Index Only Scan using sbtest6_pkey on sbtest6  (cost=0.43..6.29 rows=93 width=4)
	  Index Cond: ((id >= 4384207) AND (id <= 4384307))

table 7 : explain SELECT id FROM sbtest7 WHERE id BETWEEN 4384207 AND 4384307
	Index Only Scan using sbtest7_pkey on sbtest7  (cost=0.43..6.37 rows=97 width=4)
	  Index Cond: ((id >= 4384207) AND (id <= 4384307))

table 8 : explain SELECT id FROM sbtest8 WHERE id BETWEEN 4384207 AND 4384307
	Index Only Scan using sbtest8_pkey on sbtest8  (cost=0.43..10.51 rows=104 width=4)
	  Index Cond: ((id >= 4384207) AND (id <= 4384307))

for range-covered
table 1 : explain SELECT id FROM sbtest1 WHERE id BETWEEN 3114696 AND 3114796
	Index Only Scan using sbtest1_pkey on sbtest1  (cost=0.43..6.21 rows=89 width=4)
	  Index Cond: ((id >= 3114696) AND (id <= 3114796))

table 2 : explain SELECT id FROM sbtest2 WHERE id BETWEEN 3114696 AND 3114796
	Index Only Scan using sbtest2_pkey on sbtest2  (cost=0.43..10.32 rows=94 width=4)
	  Index Cond: ((id >= 3114696) AND (id <= 3114796))

table 3 : explain SELECT id FROM sbtest3 WHERE id BETWEEN 3114696 AND 3114796
	Index Only Scan using sbtest3_pkey on sbtest3  (cost=0.43..6.33 rows=95 width=4)
	  Index Cond: ((id >= 3114696) AND (id <= 3114796))

table 4 : explain SELECT id FROM sbtest4 WHERE id BETWEEN 3114696 AND 3114796
	Index Only Scan using sbtest4_pkey on sbtest4  (cost=0.43..6.24 rows=90 width=4)
	  Index Cond: ((id >= 3114696) AND (id <= 3114796))

table 5 : explain SELECT id FROM sbtest5 WHERE id BETWEEN 3114696 AND 3114796
	Index Only Scan using sbtest5_pkey on sbtest5  (cost=0.43..6.51 rows=104 width=4)
	  Index Cond: ((id >= 3114696) AND (id <= 3114796))

table 6 : explain SELECT id FROM sbtest6 WHERE id BETWEEN 3114696 AND 3114796
	Index Only Scan using sbtest6_pkey on sbtest6  (cost=0.43..6.43 rows=100 width=4)
	  Index Cond: ((id >= 3114696) AND (id <= 3114796))

table 7 : explain SELECT id FROM sbtest7 WHERE id BETWEEN 3114696 AND 3114796
	Index Only Scan using sbtest7_pkey on sbtest7  (cost=0.43..6.35 rows=96 width=4)
	  Index Cond: ((id >= 3114696) AND (id <= 3114796))

table 8 : explain SELECT id FROM sbtest8 WHERE id BETWEEN 3114696 AND 3114796
	Index Only Scan using sbtest8_pkey on sbtest8  (cost=0.43..10.36 rows=96 width=4)
	  Index Cond: ((id >= 3114696) AND (id <= 3114796))

explain: for range-covered :: explain SELECT id FROM sbtest%d WHERE id BETWEEN 4384207 AND 4384307
explain: for range-covered :: explain SELECT id FROM sbtest%d WHERE id BETWEEN 3114696 AND 3114796
for range-covered
table 1 : explain SELECT id FROM sbtest1 WHERE id BETWEEN 3558788 AND 3558888
	Index Only Scan using sbtest1_pkey on sbtest1  (cost=0.43..6.42 rows=99 width=4)
	  Index Cond: ((id >= 3558788) AND (id <= 3558888))

table 2 : explain SELECT id FROM sbtest2 WHERE id BETWEEN 3558788 AND 3558888
	Index Only Scan using sbtest2_pkey on sbtest2  (cost=0.43..10.56 rows=106 width=4)
	  Index Cond: ((id >= 3558788) AND (id <= 3558888))

table 3 : explain SELECT id FROM sbtest3 WHERE id BETWEEN 3558788 AND 3558888
	Index Only Scan using sbtest3_pkey on sbtest3  (cost=0.43..6.45 rows=101 width=4)
	  Index Cond: ((id >= 3558788) AND (id <= 3558888))

table 4 : explain SELECT id FROM sbtest4 WHERE id BETWEEN 3558788 AND 3558888
	Index Only Scan using sbtest4_pkey on sbtest4  (cost=0.43..6.53 rows=105 width=4)
	  Index Cond: ((id >= 3558788) AND (id <= 3558888))

table 5 : explain SELECT id FROM sbtest5 WHERE id BETWEEN 3558788 AND 3558888
	Index Only Scan using sbtest5_pkey on sbtest5  (cost=0.43..6.58 rows=107 width=4)
	  Index Cond: ((id >= 3558788) AND (id <= 3558888))

table 6 : explain SELECT id FROM sbtest6 WHERE id BETWEEN 3558788 AND 3558888
	Index Only Scan using sbtest6_pkey on sbtest6  (cost=0.43..6.32 rows=94 width=4)
	  Index Cond: ((id >= 3558788) AND (id <= 3558888))

table 7 : explain SELECT id FROM sbtest7 WHERE id BETWEEN 3558788 AND 3558888
	Index Only Scan using sbtest7_pkey on sbtest7  (cost=0.43..6.35 rows=96 width=4)
	  Index Cond: ((id >= 3558788) AND (id <= 3558888))

table 8 : explain SELECT id FROM sbtest8 WHERE id BETWEEN 3558788 AND 3558888
	Index Only Scan using sbtest8_pkey on sbtest8  (cost=0.43..10.60 rows=108 width=4)
	  Index Cond: ((id >= 3558788) AND (id <= 3558888))

for range-covered
table 1 : explain SELECT id FROM sbtest1 WHERE id BETWEEN 5164544 AND 5164644
	Index Only Scan using sbtest1_pkey on sbtest1  (cost=0.43..6.17 rows=87 width=4)
	  Index Cond: ((id >= 5164544) AND (id <= 5164644))

table 2 : explain SELECT id FROM sbtest2 WHERE id BETWEEN 5164544 AND 5164644
	Index Only Scan using sbtest2_pkey on sbtest2  (cost=0.43..10.46 rows=101 width=4)
	  Index Cond: ((id >= 5164544) AND (id <= 5164644))

table 3 : explain SELECT id FROM sbtest3 WHERE id BETWEEN 5164544 AND 5164644
	Index Only Scan using sbtest3_pkey on sbtest3  (cost=0.43..6.32 rows=94 width=4)
	  Index Cond: ((id >= 5164544) AND (id <= 5164644))

table 4 : explain SELECT id FROM sbtest4 WHERE id BETWEEN 5164544 AND 5164644
	Index Only Scan using sbtest4_pkey on sbtest4  (cost=0.43..6.45 rows=101 width=4)
	  Index Cond: ((id >= 5164544) AND (id <= 5164644))

table 5 : explain SELECT id FROM sbtest5 WHERE id BETWEEN 5164544 AND 5164644
	Index Only Scan using sbtest5_pkey on sbtest5  (cost=0.43..6.85 rows=121 width=4)
	  Index Cond: ((id >= 5164544) AND (id <= 5164644))

table 6 : explain SELECT id FROM sbtest6 WHERE id BETWEEN 5164544 AND 5164644
	Index Only Scan using sbtest6_pkey on sbtest6  (cost=0.43..6.27 rows=92 width=4)
	  Index Cond: ((id >= 5164544) AND (id <= 5164644))

table 7 : explain SELECT id FROM sbtest7 WHERE id BETWEEN 5164544 AND 5164644
	Index Only Scan using sbtest7_pkey on sbtest7  (cost=0.43..6.43 rows=100 width=4)
	  Index Cond: ((id >= 5164544) AND (id <= 5164644))

table 8 : explain SELECT id FROM sbtest8 WHERE id BETWEEN 5164544 AND 5164644
	Index Only Scan using sbtest8_pkey on sbtest8  (cost=0.43..10.58 rows=107 width=4)
	  Index Cond: ((id >= 5164544) AND (id <= 5164644))

explain: for range-covered :: explain SELECT id FROM sbtest%d WHERE id BETWEEN 3558788 AND 3558888
explain: for range-covered :: explain SELECT id FROM sbtest%d WHERE id BETWEEN 5164544 AND 5164644
for range-covered
table 1 : explain SELECT id FROM sbtest1 WHERE id BETWEEN 6353968 AND 6354068
	Index Only Scan using sbtest1_pkey on sbtest1  (cost=0.43..6.33 rows=95 width=4)
	  Index Cond: ((id >= 6353968) AND (id <= 6354068))

table 2 : explain SELECT id FROM sbtest2 WHERE id BETWEEN 6353968 AND 6354068
	Index Only Scan using sbtest2_pkey on sbtest2  (cost=0.43..10.56 rows=106 width=4)
	  Index Cond: ((id >= 6353968) AND (id <= 6354068))

table 3 : explain SELECT id FROM sbtest3 WHERE id BETWEEN 6353968 AND 6354068
	Index Only Scan using sbtest3_pkey on sbtest3  (cost=0.43..6.33 rows=95 width=4)
	  Index Cond: ((id >= 6353968) AND (id <= 6354068))

table 4 : explain SELECT id FROM sbtest4 WHERE id BETWEEN 6353968 AND 6354068
	Index Only Scan using sbtest4_pkey on sbtest4  (cost=0.43..6.53 rows=105 width=4)
	  Index Cond: ((id >= 6353968) AND (id <= 6354068))

table 5 : explain SELECT id FROM sbtest5 WHERE id BETWEEN 6353968 AND 6354068
	Index Only Scan using sbtest5_pkey on sbtest5  (cost=0.43..6.33 rows=95 width=4)
	  Index Cond: ((id >= 6353968) AND (id <= 6354068))

table 6 : explain SELECT id FROM sbtest6 WHERE id BETWEEN 6353968 AND 6354068
	Index Only Scan using sbtest6_pkey on sbtest6  (cost=0.43..6.53 rows=105 width=4)
	  Index Cond: ((id >= 6353968) AND (id <= 6354068))

table 7 : explain SELECT id FROM sbtest7 WHERE id BETWEEN 6353968 AND 6354068
	Index Only Scan using sbtest7_pkey on sbtest7  (cost=0.43..6.53 rows=105 width=4)
	  Index Cond: ((id >= 6353968) AND (id <= 6354068))

table 8 : explain SELECT id FROM sbtest8 WHERE id BETWEEN 6353968 AND 6354068
	Index Only Scan using sbtest8_pkey on sbtest8  (cost=0.43..10.32 rows=94 width=4)
	  Index Cond: ((id >= 6353968) AND (id <= 6354068))

for range-covered
table 1 : explain SELECT id FROM sbtest1 WHERE id BETWEEN 3526943 AND 3527043
	Index Only Scan using sbtest1_pkey on sbtest1  (cost=0.43..6.42 rows=99 width=4)
	  Index Cond: ((id >= 3526943) AND (id <= 3527043))

table 2 : explain SELECT id FROM sbtest2 WHERE id BETWEEN 3526943 AND 3527043
	Index Only Scan using sbtest2_pkey on sbtest2  (cost=0.43..10.56 rows=106 width=4)
	  Index Cond: ((id >= 3526943) AND (id <= 3527043))

table 3 : explain SELECT id FROM sbtest3 WHERE id BETWEEN 3526943 AND 3527043
	Index Only Scan using sbtest3_pkey on sbtest3  (cost=0.43..6.45 rows=101 width=4)
	  Index Cond: ((id >= 3526943) AND (id <= 3527043))

table 4 : explain SELECT id FROM sbtest4 WHERE id BETWEEN 3526943 AND 3527043
	Index Only Scan using sbtest4_pkey on sbtest4  (cost=0.43..6.53 rows=105 width=4)
	  Index Cond: ((id >= 3526943) AND (id <= 3527043))

table 5 : explain SELECT id FROM sbtest5 WHERE id BETWEEN 3526943 AND 3527043
	Index Only Scan using sbtest5_pkey on sbtest5  (cost=0.43..6.58 rows=107 width=4)
	  Index Cond: ((id >= 3526943) AND (id <= 3527043))

table 6 : explain SELECT id FROM sbtest6 WHERE id BETWEEN 3526943 AND 3527043
	Index Only Scan using sbtest6_pkey on sbtest6  (cost=0.43..6.32 rows=94 width=4)
	  Index Cond: ((id >= 3526943) AND (id <= 3527043))

table 7 : explain SELECT id FROM sbtest7 WHERE id BETWEEN 3526943 AND 3527043
	Index Only Scan using sbtest7_pkey on sbtest7  (cost=0.43..6.35 rows=96 width=4)
	  Index Cond: ((id >= 3526943) AND (id <= 3527043))

table 8 : explain SELECT id FROM sbtest8 WHERE id BETWEEN 3526943 AND 3527043
	Index Only Scan using sbtest8_pkey on sbtest8  (cost=0.43..10.56 rows=106 width=4)
	  Index Cond: ((id >= 3526943) AND (id <= 3527043))

for range-covered
table 1 : explain SELECT id FROM sbtest1 WHERE id BETWEEN 6675815 AND 6675915
	Index Only Scan using sbtest1_pkey on sbtest1  (cost=0.43..6.32 rows=94 width=4)
	  Index Cond: ((id >= 6675815) AND (id <= 6675915))

table 2 : explain SELECT id FROM sbtest2 WHERE id BETWEEN 6675815 AND 6675915
	Index Only Scan using sbtest2_pkey on sbtest2  (cost=0.43..10.63 rows=110 width=4)
	  Index Cond: ((id >= 6675815) AND (id <= 6675915))

table 3 : explain SELECT id FROM sbtest3 WHERE id BETWEEN 6675815 AND 6675915
	Index Only Scan using sbtest3_pkey on sbtest3  (cost=0.43..6.47 rows=102 width=4)
	  Index Cond: ((id >= 6675815) AND (id <= 6675915))

table 4 : explain SELECT id FROM sbtest4 WHERE id BETWEEN 6675815 AND 6675915
	Index Only Scan using sbtest4_pkey on sbtest4  (cost=0.43..6.42 rows=99 width=4)
	  Index Cond: ((id >= 6675815) AND (id <= 6675915))

table 5 : explain SELECT id FROM sbtest5 WHERE id BETWEEN 6675815 AND 6675915
	Index Only Scan using sbtest5_pkey on sbtest5  (cost=0.43..6.24 rows=90 width=4)
	  Index Cond: ((id >= 6675815) AND (id <= 6675915))

table 6 : explain SELECT id FROM sbtest6 WHERE id BETWEEN 6675815 AND 6675915
	Index Only Scan using sbtest6_pkey on sbtest6  (cost=0.43..6.29 rows=93 width=4)
	  Index Cond: ((id >= 6675815) AND (id <= 6675915))

table 7 : explain SELECT id FROM sbtest7 WHERE id BETWEEN 6675815 AND 6675915
	Index Only Scan using sbtest7_pkey on sbtest7  (cost=0.43..6.40 rows=98 width=4)
	  Index Cond: ((id >= 6675815) AND (id <= 6675915))

table 8 : explain SELECT id FROM sbtest8 WHERE id BETWEEN 6675815 AND 6675915
	Index Only Scan using sbtest8_pkey on sbtest8  (cost=0.43..10.26 rows=91 width=4)
	  Index Cond: ((id >= 6675815) AND (id <= 6675915))

explain: for range-covered :: explain SELECT id FROM sbtest%d WHERE id BETWEEN 6353968 AND 6354068
for range-covered
table 1 : explain SELECT id FROM sbtest1 WHERE id BETWEEN 5618548 AND 5618648
	Index Only Scan using sbtest1_pkey on sbtest1  (cost=0.43..6.27 rows=92 width=4)
	  Index Cond: ((id >= 5618548) AND (id <= 5618648))

table 2 : explain SELECT id FROM sbtest2 WHERE id BETWEEN 5618548 AND 5618648
	Index Only Scan using sbtest2_pkey on sbtest2  (cost=0.43..10.46 rows=101 width=4)
	  Index Cond: ((id >= 5618548) AND (id <= 5618648))

table 3 : explain SELECT id FROM sbtest3 WHERE id BETWEEN 5618548 AND 5618648
	Index Only Scan using sbtest3_pkey on sbtest3  (cost=0.43..6.59 rows=108 width=4)
	  Index Cond: ((id >= 5618548) AND (id <= 5618648))

table 4 : explain SELECT id FROM sbtest4 WHERE id BETWEEN 5618548 AND 5618648
	Index Only Scan using sbtest4_pkey on sbtest4  (cost=0.43..6.51 rows=104 width=4)
	  Index Cond: ((id >= 5618548) AND (id <= 5618648))

table 5 : explain SELECT id FROM sbtest5 WHERE id BETWEEN 5618548 AND 5618648
	Index Only Scan using sbtest5_pkey on sbtest5  (cost=0.43..6.45 rows=101 width=4)
	  Index Cond: ((id >= 5618548) AND (id <= 5618648))

table 6 : explain SELECT id FROM sbtest6 WHERE id BETWEEN 5618548 AND 5618648
	Index Only Scan using sbtest6_pkey on sbtest6  (cost=0.43..6.45 rows=101 width=4)
	  Index Cond: ((id >= 5618548) AND (id <= 5618648))

table 7 : explain SELECT id FROM sbtest7 WHERE id BETWEEN 5618548 AND 5618648
	Index Only Scan using sbtest7_pkey on sbtest7  (cost=0.43..6.66 rows=111 width=4)
	  Index Cond: ((id >= 5618548) AND (id <= 5618648))

table 8 : explain SELECT id FROM sbtest8 WHERE id BETWEEN 5618548 AND 5618648
	Index Only Scan using sbtest8_pkey on sbtest8  (cost=0.43..10.51 rows=104 width=4)
	  Index Cond: ((id >= 5618548) AND (id <= 5618648))

explain: for range-covered :: explain SELECT id FROM sbtest%d WHERE id BETWEEN 6675815 AND 6675915
explain: for range-covered :: explain SELECT id FROM sbtest%d WHERE id BETWEEN 5618548 AND 5618648
for range-covered
table 1 : explain SELECT id FROM sbtest1 WHERE id BETWEEN 4384207 AND 4384307
	Index Only Scan using sbtest1_pkey on sbtest1  (cost=0.43..6.37 rows=97 width=4)
	  Index Cond: ((id >= 4384207) AND (id <= 4384307))

table 2 : explain SELECT id FROM sbtest2 WHERE id BETWEEN 4384207 AND 4384307
	Index Only Scan using sbtest2_pkey on sbtest2  (cost=0.43..10.50 rows=103 width=4)
	  Index Cond: ((id >= 4384207) AND (id <= 4384307))

table 3 : explain SELECT id FROM sbtest3 WHERE id BETWEEN 4384207 AND 4384307
	Index Only Scan using sbtest3_pkey on sbtest3  (cost=0.43..6.51 rows=104 width=4)
	  Index Cond: ((id >= 4384207) AND (id <= 4384307))

table 4 : explain SELECT id FROM sbtest4 WHERE id BETWEEN 4384207 AND 4384307
	Index Only Scan using sbtest4_pkey on sbtest4  (cost=0.43..6.40 rows=98 width=4)
	  Index Cond: ((id >= 4384207) AND (id <= 4384307))

table 5 : explain SELECT id FROM sbtest5 WHERE id BETWEEN 4384207 AND 4384307
	Index Only Scan using sbtest5_pkey on sbtest5  (cost=0.43..6.75 rows=116 width=4)
	  Index Cond: ((id >= 4384207) AND (id <= 4384307))

table 6 : explain SELECT id FROM sbtest6 WHERE id BETWEEN 4384207 AND 4384307
	Index Only Scan using sbtest6_pkey on sbtest6  (cost=0.43..6.29 rows=93 width=4)
	  Index Cond: ((id >= 4384207) AND (id <= 4384307))

table 7 : explain SELECT id FROM sbtest7 WHERE id BETWEEN 4384207 AND 4384307
	Index Only Scan using sbtest7_pkey on sbtest7  (cost=0.43..6.37 rows=97 width=4)
	  Index Cond: ((id >= 4384207) AND (id <= 4384307))

table 8 : explain SELECT id FROM sbtest8 WHERE id BETWEEN 4384207 AND 4384307
	Index Only Scan using sbtest8_pkey on sbtest8  (cost=0.43..10.51 rows=104 width=4)
	  Index Cond: ((id >= 4384207) AND (id <= 4384307))

for range-covered
table 1 : explain SELECT id FROM sbtest1 WHERE id BETWEEN 3114696 AND 3114796
	Index Only Scan using sbtest1_pkey on sbtest1  (cost=0.43..6.21 rows=89 width=4)
	  Index Cond: ((id >= 3114696) AND (id <= 3114796))

table 2 : explain SELECT id FROM sbtest2 WHERE id BETWEEN 3114696 AND 3114796
	Index Only Scan using sbtest2_pkey on sbtest2  (cost=0.43..10.32 rows=94 width=4)
	  Index Cond: ((id >= 3114696) AND (id <= 3114796))

table 3 : explain SELECT id FROM sbtest3 WHERE id BETWEEN 3114696 AND 3114796
	Index Only Scan using sbtest3_pkey on sbtest3  (cost=0.43..6.33 rows=95 width=4)
	  Index Cond: ((id >= 3114696) AND (id <= 3114796))

table 4 : explain SELECT id FROM sbtest4 WHERE id BETWEEN 3114696 AND 3114796
	Index Only Scan using sbtest4_pkey on sbtest4  (cost=0.43..6.24 rows=90 width=4)
	  Index Cond: ((id >= 3114696) AND (id <= 3114796))

table 5 : explain SELECT id FROM sbtest5 WHERE id BETWEEN 3114696 AND 3114796
	Index Only Scan using sbtest5_pkey on sbtest5  (cost=0.43..6.51 rows=104 width=4)
	  Index Cond: ((id >= 3114696) AND (id <= 3114796))

table 6 : explain SELECT id FROM sbtest6 WHERE id BETWEEN 3114696 AND 3114796
	Index Only Scan using sbtest6_pkey on sbtest6  (cost=0.43..6.43 rows=100 width=4)
	  Index Cond: ((id >= 3114696) AND (id <= 3114796))

table 7 : explain SELECT id FROM sbtest7 WHERE id BETWEEN 3114696 AND 3114796
	Index Only Scan using sbtest7_pkey on sbtest7  (cost=0.43..6.35 rows=96 width=4)
	  Index Cond: ((id >= 3114696) AND (id <= 3114796))

table 8 : explain SELECT id FROM sbtest8 WHERE id BETWEEN 3114696 AND 3114796
	Index Only Scan using sbtest8_pkey on sbtest8  (cost=0.43..10.36 rows=96 width=4)
	  Index Cond: ((id >= 3114696) AND (id <= 3114796))

explain: for range-covered :: explain SELECT id FROM sbtest%d WHERE id BETWEEN 4384207 AND 4384307
for range-covered
table 1 : explain SELECT id FROM sbtest1 WHERE id BETWEEN 5363207 AND 5363307
	Index Only Scan using sbtest1_pkey on sbtest1  (cost=0.43..6.61 rows=109 width=4)
	  Index Cond: ((id >= 5363207) AND (id <= 5363307))

table 2 : explain SELECT id FROM sbtest2 WHERE id BETWEEN 5363207 AND 5363307
	Index Only Scan using sbtest2_pkey on sbtest2  (cost=0.43..10.33 rows=95 width=4)
	  Index Cond: ((id >= 5363207) AND (id <= 5363307))

table 3 : explain SELECT id FROM sbtest3 WHERE id BETWEEN 5363207 AND 5363307
	Index Only Scan using sbtest3_pkey on sbtest3  (cost=0.43..6.51 rows=104 width=4)
	  Index Cond: ((id >= 5363207) AND (id <= 5363307))

table 4 : explain SELECT id FROM sbtest4 WHERE id BETWEEN 5363207 AND 5363307
	Index Only Scan using sbtest4_pkey on sbtest4  (cost=0.43..6.56 rows=106 width=4)
	  Index Cond: ((id >= 5363207) AND (id <= 5363307))

table 5 : explain SELECT id FROM sbtest5 WHERE id BETWEEN 5363207 AND 5363307
	Index Only Scan using sbtest5_pkey on sbtest5  (cost=0.43..6.47 rows=102 width=4)
	  Index Cond: ((id >= 5363207) AND (id <= 5363307))

table 6 : explain SELECT id FROM sbtest6 WHERE id BETWEEN 5363207 AND 5363307
	Index Only Scan using sbtest6_pkey on sbtest6  (cost=0.43..6.32 rows=94 width=4)
	  Index Cond: ((id >= 5363207) AND (id <= 5363307))

table 7 : explain SELECT id FROM sbtest7 WHERE id BETWEEN 5363207 AND 5363307
	Index Only Scan using sbtest7_pkey on sbtest7  (cost=0.43..6.50 rows=103 width=4)
	  Index Cond: ((id >= 5363207) AND (id <= 5363307))

table 8 : explain SELECT id FROM sbtest8 WHERE id BETWEEN 5363207 AND 5363307
	Index Only Scan using sbtest8_pkey on sbtest8  (cost=0.43..10.58 rows=107 width=4)
	  Index Cond: ((id >= 5363207) AND (id <= 5363307))

for range-covered
table 1 : explain SELECT id FROM sbtest1 WHERE id BETWEEN 5164544 AND 5164644
	Index Only Scan using sbtest1_pkey on sbtest1  (cost=0.43..6.17 rows=87 width=4)
	  Index Cond: ((id >= 5164544) AND (id <= 5164644))

table 2 : explain SELECT id FROM sbtest2 WHERE id BETWEEN 5164544 AND 5164644
	Index Only Scan using sbtest2_pkey on sbtest2  (cost=0.43..10.46 rows=101 width=4)
	  Index Cond: ((id >= 5164544) AND (id <= 5164644))

table 3 : explain SELECT id FROM sbtest3 WHERE id BETWEEN 5164544 AND 5164644
	Index Only Scan using sbtest3_pkey on sbtest3  (cost=0.43..6.32 rows=94 width=4)
	  Index Cond: ((id >= 5164544) AND (id <= 5164644))

table 4 : explain SELECT id FROM sbtest4 WHERE id BETWEEN 5164544 AND 5164644
	Index Only Scan using sbtest4_pkey on sbtest4  (cost=0.43..6.45 rows=101 width=4)
	  Index Cond: ((id >= 5164544) AND (id <= 5164644))

table 5 : explain SELECT id FROM sbtest5 WHERE id BETWEEN 5164544 AND 5164644
	Index Only Scan using sbtest5_pkey on sbtest5  (cost=0.43..6.85 rows=121 width=4)
	  Index Cond: ((id >= 5164544) AND (id <= 5164644))

table 6 : explain SELECT id FROM sbtest6 WHERE id BETWEEN 5164544 AND 5164644
	Index Only Scan using sbtest6_pkey on sbtest6  (cost=0.43..6.27 rows=92 width=4)
	  Index Cond: ((id >= 5164544) AND (id <= 5164644))

table 7 : explain SELECT id FROM sbtest7 WHERE id BETWEEN 5164544 AND 5164644
	Index Only Scan using sbtest7_pkey on sbtest7  (cost=0.43..6.43 rows=100 width=4)
	  Index Cond: ((id >= 5164544) AND (id <= 5164644))

table 8 : explain SELECT id FROM sbtest8 WHERE id BETWEEN 5164544 AND 5164644
	Index Only Scan using sbtest8_pkey on sbtest8  (cost=0.43..10.58 rows=107 width=4)
	  Index Cond: ((id >= 5164544) AND (id <= 5164644))

explain: for range-covered :: explain SELECT id FROM sbtest%d WHERE id BETWEEN 5363207 AND 5363307
for range-covered
table 1 : explain SELECT id FROM sbtest1 WHERE id BETWEEN 3558788 AND 3558888
	Index Only Scan using sbtest1_pkey on sbtest1  (cost=0.43..6.42 rows=99 width=4)
	  Index Cond: ((id >= 3558788) AND (id <= 3558888))

table 2 : explain SELECT id FROM sbtest2 WHERE id BETWEEN 3558788 AND 3558888
	Index Only Scan using sbtest2_pkey on sbtest2  (cost=0.43..10.56 rows=106 width=4)
	  Index Cond: ((id >= 3558788) AND (id <= 3558888))

table 3 : explain SELECT id FROM sbtest3 WHERE id BETWEEN 3558788 AND 3558888
	Index Only Scan using sbtest3_pkey on sbtest3  (cost=0.43..6.45 rows=101 width=4)
	  Index Cond: ((id >= 3558788) AND (id <= 3558888))

table 4 : explain SELECT id FROM sbtest4 WHERE id BETWEEN 3558788 AND 3558888
	Index Only Scan using sbtest4_pkey on sbtest4  (cost=0.43..6.53 rows=105 width=4)
	  Index Cond: ((id >= 3558788) AND (id <= 3558888))

table 5 : explain SELECT id FROM sbtest5 WHERE id BETWEEN 3558788 AND 3558888
	Index Only Scan using sbtest5_pkey on sbtest5  (cost=0.43..6.58 rows=107 width=4)
	  Index Cond: ((id >= 3558788) AND (id <= 3558888))

table 6 : explain SELECT id FROM sbtest6 WHERE id BETWEEN 3558788 AND 3558888
	Index Only Scan using sbtest6_pkey on sbtest6  (cost=0.43..6.32 rows=94 width=4)
	  Index Cond: ((id >= 3558788) AND (id <= 3558888))

table 7 : explain SELECT id FROM sbtest7 WHERE id BETWEEN 3558788 AND 3558888
	Index Only Scan using sbtest7_pkey on sbtest7  (cost=0.43..6.35 rows=96 width=4)
	  Index Cond: ((id >= 3558788) AND (id <= 3558888))

table 8 : explain SELECT id FROM sbtest8 WHERE id BETWEEN 3558788 AND 3558888
	Index Only Scan using sbtest8_pkey on sbtest8  (cost=0.43..10.60 rows=108 width=4)
	  Index Cond: ((id >= 3558788) AND (id <= 3558888))

explain: for range-covered :: explain SELECT id FROM sbtest%d WHERE id BETWEEN 5164544 AND 5164644
explain: for range-covered :: explain SELECT id FROM sbtest%d WHERE id BETWEEN 3558788 AND 3558888
for range-covered
table 1 : explain SELECT id FROM sbtest1 WHERE id BETWEEN 6733095 AND 6733195
	Index Only Scan using sbtest1_pkey on sbtest1  (cost=0.43..6.53 rows=105 width=4)
	  Index Cond: ((id >= 6733095) AND (id <= 6733195))

table 2 : explain SELECT id FROM sbtest2 WHERE id BETWEEN 6733095 AND 6733195
	Index Only Scan using sbtest2_pkey on sbtest2  (cost=0.43..10.44 rows=100 width=4)
	  Index Cond: ((id >= 6733095) AND (id <= 6733195))

table 3 : explain SELECT id FROM sbtest3 WHERE id BETWEEN 6733095 AND 6733195
	Index Only Scan using sbtest3_pkey on sbtest3  (cost=0.43..6.43 rows=100 width=4)
	  Index Cond: ((id >= 6733095) AND (id <= 6733195))

table 4 : explain SELECT id FROM sbtest4 WHERE id BETWEEN 6733095 AND 6733195
	Index Only Scan using sbtest4_pkey on sbtest4  (cost=0.43..6.43 rows=100 width=4)
	  Index Cond: ((id >= 6733095) AND (id <= 6733195))

table 5 : explain SELECT id FROM sbtest5 WHERE id BETWEEN 6733095 AND 6733195
	Index Only Scan using sbtest5_pkey on sbtest5  (cost=0.43..6.33 rows=95 width=4)
	  Index Cond: ((id >= 6733095) AND (id <= 6733195))

table 6 : explain SELECT id FROM sbtest6 WHERE id BETWEEN 6733095 AND 6733195
	Index Only Scan using sbtest6_pkey on sbtest6  (cost=0.43..6.51 rows=104 width=4)
	  Index Cond: ((id >= 6733095) AND (id <= 6733195))

table 7 : explain SELECT id FROM sbtest7 WHERE id BETWEEN 6733095 AND 6733195
	Index Only Scan using sbtest7_pkey on sbtest7  (cost=0.43..6.40 rows=98 width=4)
	  Index Cond: ((id >= 6733095) AND (id <= 6733195))

table 8 : explain SELECT id FROM sbtest8 WHERE id BETWEEN 6733095 AND 6733195
	Index Only Scan using sbtest8_pkey on sbtest8  (cost=0.43..10.63 rows=110 width=4)
	  Index Cond: ((id >= 6733095) AND (id <= 6733195))

for range-covered
table 1 : explain SELECT id FROM sbtest1 WHERE id BETWEEN 5618548 AND 5618648
	Index Only Scan using sbtest1_pkey on sbtest1  (cost=0.43..6.27 rows=92 width=4)
	  Index Cond: ((id >= 5618548) AND (id <= 5618648))

table 2 : explain SELECT id FROM sbtest2 WHERE id BETWEEN 5618548 AND 5618648
	Index Only Scan using sbtest2_pkey on sbtest2  (cost=0.43..10.46 rows=101 width=4)
	  Index Cond: ((id >= 5618548) AND (id <= 5618648))

table 3 : explain SELECT id FROM sbtest3 WHERE id BETWEEN 5618548 AND 5618648
	Index Only Scan using sbtest3_pkey on sbtest3  (cost=0.43..6.59 rows=108 width=4)
	  Index Cond: ((id >= 5618548) AND (id <= 5618648))

table 4 : explain SELECT id FROM sbtest4 WHERE id BETWEEN 5618548 AND 5618648
	Index Only Scan using sbtest4_pkey on sbtest4  (cost=0.43..6.51 rows=104 width=4)
	  Index Cond: ((id >= 5618548) AND (id <= 5618648))

table 5 : explain SELECT id FROM sbtest5 WHERE id BETWEEN 5618548 AND 5618648
	Index Only Scan using sbtest5_pkey on sbtest5  (cost=0.43..6.45 rows=101 width=4)
	  Index Cond: ((id >= 5618548) AND (id <= 5618648))

table 6 : explain SELECT id FROM sbtest6 WHERE id BETWEEN 5618548 AND 5618648
	Index Only Scan using sbtest6_pkey on sbtest6  (cost=0.43..6.45 rows=101 width=4)
	  Index Cond: ((id >= 5618548) AND (id <= 5618648))

table 7 : explain SELECT id FROM sbtest7 WHERE id BETWEEN 5618548 AND 5618648
	Index Only Scan using sbtest7_pkey on sbtest7  (cost=0.43..6.66 rows=111 width=4)
	  Index Cond: ((id >= 5618548) AND (id <= 5618648))

table 8 : explain SELECT id FROM sbtest8 WHERE id BETWEEN 5618548 AND 5618648
	Index Only Scan using sbtest8_pkey on sbtest8  (cost=0.43..10.51 rows=104 width=4)
	  Index Cond: ((id >= 5618548) AND (id <= 5618648))

explain: for range-covered :: explain SELECT id FROM sbtest%d WHERE id BETWEEN 5618548 AND 5618648
for range-covered
table 1 : explain SELECT id FROM sbtest1 WHERE id BETWEEN 4384207 AND 4384307
	Index Only Scan using sbtest1_pkey on sbtest1  (cost=0.43..6.37 rows=97 width=4)
	  Index Cond: ((id >= 4384207) AND (id <= 4384307))

table 2 : explain SELECT id FROM sbtest2 WHERE id BETWEEN 4384207 AND 4384307
	Index Only Scan using sbtest2_pkey on sbtest2  (cost=0.43..10.50 rows=103 width=4)
	  Index Cond: ((id >= 4384207) AND (id <= 4384307))

table 3 : explain SELECT id FROM sbtest3 WHERE id BETWEEN 4384207 AND 4384307
	Index Only Scan using sbtest3_pkey on sbtest3  (cost=0.43..6.51 rows=104 width=4)
	  Index Cond: ((id >= 4384207) AND (id <= 4384307))

table 4 : explain SELECT id FROM sbtest4 WHERE id BETWEEN 4384207 AND 4384307
	Index Only Scan using sbtest4_pkey on sbtest4  (cost=0.43..6.40 rows=98 width=4)
	  Index Cond: ((id >= 4384207) AND (id <= 4384307))

table 5 : explain SELECT id FROM sbtest5 WHERE id BETWEEN 4384207 AND 4384307
	Index Only Scan using sbtest5_pkey on sbtest5  (cost=0.43..6.75 rows=116 width=4)
	  Index Cond: ((id >= 4384207) AND (id <= 4384307))

table 6 : explain SELECT id FROM sbtest6 WHERE id BETWEEN 4384207 AND 4384307
	Index Only Scan using sbtest6_pkey on sbtest6  (cost=0.43..6.29 rows=93 width=4)
	  Index Cond: ((id >= 4384207) AND (id <= 4384307))

table 7 : explain SELECT id FROM sbtest7 WHERE id BETWEEN 4384207 AND 4384307
	Index Only Scan using sbtest7_pkey on sbtest7  (cost=0.43..6.37 rows=97 width=4)
	  Index Cond: ((id >= 4384207) AND (id <= 4384307))

table 8 : explain SELECT id FROM sbtest8 WHERE id BETWEEN 4384207 AND 4384307
	Index Only Scan using sbtest8_pkey on sbtest8  (cost=0.43..10.51 rows=104 width=4)
	  Index Cond: ((id >= 4384207) AND (id <= 4384307))

explain: for range-covered :: explain SELECT id FROM sbtest%d WHERE id BETWEEN 4384207 AND 4384307
for range-covered
table 1 : explain SELECT id FROM sbtest1 WHERE id BETWEEN 5164544 AND 5164644
	Index Only Scan using sbtest1_pkey on sbtest1  (cost=0.43..6.17 rows=87 width=4)
	  Index Cond: ((id >= 5164544) AND (id <= 5164644))

table 2 : explain SELECT id FROM sbtest2 WHERE id BETWEEN 5164544 AND 5164644
	Index Only Scan using sbtest2_pkey on sbtest2  (cost=0.43..10.46 rows=101 width=4)
	  Index Cond: ((id >= 5164544) AND (id <= 5164644))

table 3 : explain SELECT id FROM sbtest3 WHERE id BETWEEN 5164544 AND 5164644
	Index Only Scan using sbtest3_pkey on sbtest3  (cost=0.43..6.32 rows=94 width=4)
	  Index Cond: ((id >= 5164544) AND (id <= 5164644))

table 4 : explain SELECT id FROM sbtest4 WHERE id BETWEEN 5164544 AND 5164644
	Index Only Scan using sbtest4_pkey on sbtest4  (cost=0.43..6.45 rows=101 width=4)
	  Index Cond: ((id >= 5164544) AND (id <= 5164644))

table 5 : explain SELECT id FROM sbtest5 WHERE id BETWEEN 5164544 AND 5164644
	Index Only Scan using sbtest5_pkey on sbtest5  (cost=0.43..6.85 rows=121 width=4)
	  Index Cond: ((id >= 5164544) AND (id <= 5164644))

table 6 : explain SELECT id FROM sbtest6 WHERE id BETWEEN 5164544 AND 5164644
	Index Only Scan using sbtest6_pkey on sbtest6  (cost=0.43..6.27 rows=92 width=4)
	  Index Cond: ((id >= 5164544) AND (id <= 5164644))

table 7 : explain SELECT id FROM sbtest7 WHERE id BETWEEN 5164544 AND 5164644
	Index Only Scan using sbtest7_pkey on sbtest7  (cost=0.43..6.43 rows=100 width=4)
	  Index Cond: ((id >= 5164544) AND (id <= 5164644))

table 8 : explain SELECT id FROM sbtest8 WHERE id BETWEEN 5164544 AND 5164644
	Index Only Scan using sbtest8_pkey on sbtest8  (cost=0.43..10.58 rows=107 width=4)
	  Index Cond: ((id >= 5164544) AND (id <= 5164644))

explain: for range-covered :: explain SELECT id FROM sbtest%d WHERE id BETWEEN 5164544 AND 5164644
for range-covered
table 1 : explain SELECT id FROM sbtest1 WHERE id BETWEEN 6675815 AND 6675915
	Index Only Scan using sbtest1_pkey on sbtest1  (cost=0.43..6.32 rows=94 width=4)
	  Index Cond: ((id >= 6675815) AND (id <= 6675915))

table 2 : explain SELECT id FROM sbtest2 WHERE id BETWEEN 6675815 AND 6675915
	Index Only Scan using sbtest2_pkey on sbtest2  (cost=0.43..10.63 rows=110 width=4)
	  Index Cond: ((id >= 6675815) AND (id <= 6675915))

table 3 : explain SELECT id FROM sbtest3 WHERE id BETWEEN 6675815 AND 6675915
	Index Only Scan using sbtest3_pkey on sbtest3  (cost=0.43..6.47 rows=102 width=4)
	  Index Cond: ((id >= 6675815) AND (id <= 6675915))

table 4 : explain SELECT id FROM sbtest4 WHERE id BETWEEN 6675815 AND 6675915
	Index Only Scan using sbtest4_pkey on sbtest4  (cost=0.43..6.42 rows=99 width=4)
	  Index Cond: ((id >= 6675815) AND (id <= 6675915))

table 5 : explain SELECT id FROM sbtest5 WHERE id BETWEEN 6675815 AND 6675915
	Index Only Scan using sbtest5_pkey on sbtest5  (cost=0.43..6.24 rows=90 width=4)
	  Index Cond: ((id >= 6675815) AND (id <= 6675915))

table 6 : explain SELECT id FROM sbtest6 WHERE id BETWEEN 6675815 AND 6675915
	Index Only Scan using sbtest6_pkey on sbtest6  (cost=0.43..6.29 rows=93 width=4)
	  Index Cond: ((id >= 6675815) AND (id <= 6675915))

table 7 : explain SELECT id FROM sbtest7 WHERE id BETWEEN 6675815 AND 6675915
	Index Only Scan using sbtest7_pkey on sbtest7  (cost=0.43..6.40 rows=98 width=4)
	  Index Cond: ((id >= 6675815) AND (id <= 6675915))

table 8 : explain SELECT id FROM sbtest8 WHERE id BETWEEN 6675815 AND 6675915
	Index Only Scan using sbtest8_pkey on sbtest8  (cost=0.43..10.26 rows=91 width=4)
	  Index Cond: ((id >= 6675815) AND (id <= 6675915))

for range-covered
table 1 : explain SELECT id FROM sbtest1 WHERE id BETWEEN 6353968 AND 6354068
	Index Only Scan using sbtest1_pkey on sbtest1  (cost=0.43..6.33 rows=95 width=4)
	  Index Cond: ((id >= 6353968) AND (id <= 6354068))

table 2 : explain SELECT id FROM sbtest2 WHERE id BETWEEN 6353968 AND 6354068
	Index Only Scan using sbtest2_pkey on sbtest2  (cost=0.43..10.56 rows=106 width=4)
	  Index Cond: ((id >= 6353968) AND (id <= 6354068))

table 3 : explain SELECT id FROM sbtest3 WHERE id BETWEEN 6353968 AND 6354068
	Index Only Scan using sbtest3_pkey on sbtest3  (cost=0.43..6.33 rows=95 width=4)
	  Index Cond: ((id >= 6353968) AND (id <= 6354068))

table 4 : explain SELECT id FROM sbtest4 WHERE id BETWEEN 6353968 AND 6354068
	Index Only Scan using sbtest4_pkey on sbtest4  (cost=0.43..6.53 rows=105 width=4)
	  Index Cond: ((id >= 6353968) AND (id <= 6354068))

table 5 : explain SELECT id FROM sbtest5 WHERE id BETWEEN 6353968 AND 6354068
	Index Only Scan using sbtest5_pkey on sbtest5  (cost=0.43..6.33 rows=95 width=4)
	  Index Cond: ((id >= 6353968) AND (id <= 6354068))

table 6 : explain SELECT id FROM sbtest6 WHERE id BETWEEN 6353968 AND 6354068
	Index Only Scan using sbtest6_pkey on sbtest6  (cost=0.43..6.53 rows=105 width=4)
	  Index Cond: ((id >= 6353968) AND (id <= 6354068))

table 7 : explain SELECT id FROM sbtest7 WHERE id BETWEEN 6353968 AND 6354068
	Index Only Scan using sbtest7_pkey on sbtest7  (cost=0.43..6.53 rows=105 width=4)
	  Index Cond: ((id >= 6353968) AND (id <= 6354068))

table 8 : explain SELECT id FROM sbtest8 WHERE id BETWEEN 6353968 AND 6354068
	Index Only Scan using sbtest8_pkey on sbtest8  (cost=0.43..10.32 rows=94 width=4)
	  Index Cond: ((id >= 6353968) AND (id <= 6354068))

for range-covered
table 1 : explain SELECT id FROM sbtest1 WHERE id BETWEEN 5618548 AND 5618648
	Index Only Scan using sbtest1_pkey on sbtest1  (cost=0.43..6.27 rows=92 width=4)
	  Index Cond: ((id >= 5618548) AND (id <= 5618648))

table 2 : explain SELECT id FROM sbtest2 WHERE id BETWEEN 5618548 AND 5618648
	Index Only Scan using sbtest2_pkey on sbtest2  (cost=0.43..10.46 rows=101 width=4)
	  Index Cond: ((id >= 5618548) AND (id <= 5618648))

table 3 : explain SELECT id FROM sbtest3 WHERE id BETWEEN 5618548 AND 5618648
	Index Only Scan using sbtest3_pkey on sbtest3  (cost=0.43..6.59 rows=108 width=4)
	  Index Cond: ((id >= 5618548) AND (id <= 5618648))

table 4 : explain SELECT id FROM sbtest4 WHERE id BETWEEN 5618548 AND 5618648
	Index Only Scan using sbtest4_pkey on sbtest4  (cost=0.43..6.51 rows=104 width=4)
	  Index Cond: ((id >= 5618548) AND (id <= 5618648))

table 5 : explain SELECT id FROM sbtest5 WHERE id BETWEEN 5618548 AND 5618648
	Index Only Scan using sbtest5_pkey on sbtest5  (cost=0.43..6.45 rows=101 width=4)
	  Index Cond: ((id >= 5618548) AND (id <= 5618648))

table 6 : explain SELECT id FROM sbtest6 WHERE id BETWEEN 5618548 AND 5618648
	Index Only Scan using sbtest6_pkey on sbtest6  (cost=0.43..6.45 rows=101 width=4)
	  Index Cond: ((id >= 5618548) AND (id <= 5618648))

table 7 : explain SELECT id FROM sbtest7 WHERE id BETWEEN 5618548 AND 5618648
	Index Only Scan using sbtest7_pkey on sbtest7  (cost=0.43..6.66 rows=111 width=4)
	  Index Cond: ((id >= 5618548) AND (id <= 5618648))

table 8 : explain SELECT id FROM sbtest8 WHERE id BETWEEN 5618548 AND 5618648
	Index Only Scan using sbtest8_pkey on sbtest8  (cost=0.43..10.51 rows=104 width=4)
	  Index Cond: ((id >= 5618548) AND (id <= 5618648))

explain: for range-covered :: explain SELECT id FROM sbtest%d WHERE id BETWEEN 6675815 AND 6675915
explain: for range-covered :: explain SELECT id FROM sbtest%d WHERE id BETWEEN 6353968 AND 6354068
for range-covered
table 1 : explain SELECT id FROM sbtest1 WHERE id BETWEEN 5363207 AND 5363307
	Index Only Scan using sbtest1_pkey on sbtest1  (cost=0.43..6.61 rows=109 width=4)
	  Index Cond: ((id >= 5363207) AND (id <= 5363307))

table 2 : explain SELECT id FROM sbtest2 WHERE id BETWEEN 5363207 AND 5363307
	Index Only Scan using sbtest2_pkey on sbtest2  (cost=0.43..10.33 rows=95 width=4)
	  Index Cond: ((id >= 5363207) AND (id <= 5363307))

table 3 : explain SELECT id FROM sbtest3 WHERE id BETWEEN 5363207 AND 5363307
	Index Only Scan using sbtest3_pkey on sbtest3  (cost=0.43..6.51 rows=104 width=4)
	  Index Cond: ((id >= 5363207) AND (id <= 5363307))

table 4 : explain SELECT id FROM sbtest4 WHERE id BETWEEN 5363207 AND 5363307
	Index Only Scan using sbtest4_pkey on sbtest4  (cost=0.43..6.56 rows=106 width=4)
	  Index Cond: ((id >= 5363207) AND (id <= 5363307))

table 5 : explain SELECT id FROM sbtest5 WHERE id BETWEEN 5363207 AND 5363307
	Index Only Scan using sbtest5_pkey on sbtest5  (cost=0.43..6.47 rows=102 width=4)
	  Index Cond: ((id >= 5363207) AND (id <= 5363307))

table 6 : explain SELECT id FROM sbtest6 WHERE id BETWEEN 5363207 AND 5363307
	Index Only Scan using sbtest6_pkey on sbtest6  (cost=0.43..6.32 rows=94 width=4)
	  Index Cond: ((id >= 5363207) AND (id <= 5363307))

table 7 : explain SELECT id FROM sbtest7 WHERE id BETWEEN 5363207 AND 5363307
	Index Only Scan using sbtest7_pkey on sbtest7  (cost=0.43..6.50 rows=103 width=4)
	  Index Cond: ((id >= 5363207) AND (id <= 5363307))

table 8 : explain SELECT id FROM sbtest8 WHERE id BETWEEN 5363207 AND 5363307
	Index Only Scan using sbtest8_pkey on sbtest8  (cost=0.43..10.58 rows=107 width=4)
	  Index Cond: ((id >= 5363207) AND (id <= 5363307))

for range-covered
table 1 : explain SELECT id FROM sbtest1 WHERE id BETWEEN 4384207 AND 4384307
	Index Only Scan using sbtest1_pkey on sbtest1  (cost=0.43..6.37 rows=97 width=4)
	  Index Cond: ((id >= 4384207) AND (id <= 4384307))

table 2 : explain SELECT id FROM sbtest2 WHERE id BETWEEN 4384207 AND 4384307
	Index Only Scan using sbtest2_pkey on sbtest2  (cost=0.43..10.50 rows=103 width=4)
	  Index Cond: ((id >= 4384207) AND (id <= 4384307))

table 3 : explain SELECT id FROM sbtest3 WHERE id BETWEEN 4384207 AND 4384307
	Index Only Scan using sbtest3_pkey on sbtest3  (cost=0.43..6.51 rows=104 width=4)
	  Index Cond: ((id >= 4384207) AND (id <= 4384307))

table 4 : explain SELECT id FROM sbtest4 WHERE id BETWEEN 4384207 AND 4384307
	Index Only Scan using sbtest4_pkey on sbtest4  (cost=0.43..6.40 rows=98 width=4)
	  Index Cond: ((id >= 4384207) AND (id <= 4384307))

table 5 : explain SELECT id FROM sbtest5 WHERE id BETWEEN 4384207 AND 4384307
	Index Only Scan using sbtest5_pkey on sbtest5  (cost=0.43..6.75 rows=116 width=4)
	  Index Cond: ((id >= 4384207) AND (id <= 4384307))

table 6 : explain SELECT id FROM sbtest6 WHERE id BETWEEN 4384207 AND 4384307
	Index Only Scan using sbtest6_pkey on sbtest6  (cost=0.43..6.29 rows=93 width=4)
	  Index Cond: ((id >= 4384207) AND (id <= 4384307))

table 7 : explain SELECT id FROM sbtest7 WHERE id BETWEEN 4384207 AND 4384307
	Index Only Scan using sbtest7_pkey on sbtest7  (cost=0.43..6.37 rows=97 width=4)
	  Index Cond: ((id >= 4384207) AND (id <= 4384307))

table 8 : explain SELECT id FROM sbtest8 WHERE id BETWEEN 4384207 AND 4384307
	Index Only Scan using sbtest8_pkey on sbtest8  (cost=0.43..10.51 rows=104 width=4)
	  Index Cond: ((id >= 4384207) AND (id <= 4384307))

explain: for range-covered :: explain SELECT id FROM sbtest%d WHERE id BETWEEN 4668410 AND 4668510
explain: for range-covered :: explain SELECT id FROM sbtest%d WHERE id BETWEEN 4384207 AND 4384307
explain: for range-covered :: explain SELECT id FROM sbtest%d WHERE id BETWEEN 5363207 AND 5363307
for range-covered
table 1 : explain SELECT id FROM sbtest1 WHERE id BETWEEN 5164544 AND 5164644
	Index Only Scan using sbtest1_pkey on sbtest1  (cost=0.43..6.17 rows=87 width=4)
	  Index Cond: ((id >= 5164544) AND (id <= 5164644))

table 2 : explain SELECT id FROM sbtest2 WHERE id BETWEEN 5164544 AND 5164644
	Index Only Scan using sbtest2_pkey on sbtest2  (cost=0.43..10.46 rows=101 width=4)
	  Index Cond: ((id >= 5164544) AND (id <= 5164644))

table 3 : explain SELECT id FROM sbtest3 WHERE id BETWEEN 5164544 AND 5164644
	Index Only Scan using sbtest3_pkey on sbtest3  (cost=0.43..6.32 rows=94 width=4)
	  Index Cond: ((id >= 5164544) AND (id <= 5164644))

table 4 : explain SELECT id FROM sbtest4 WHERE id BETWEEN 5164544 AND 5164644
	Index Only Scan using sbtest4_pkey on sbtest4  (cost=0.43..6.45 rows=101 width=4)
	  Index Cond: ((id >= 5164544) AND (id <= 5164644))

table 5 : explain SELECT id FROM sbtest5 WHERE id BETWEEN 5164544 AND 5164644
	Index Only Scan using sbtest5_pkey on sbtest5  (cost=0.43..6.85 rows=121 width=4)
	  Index Cond: ((id >= 5164544) AND (id <= 5164644))

table 6 : explain SELECT id FROM sbtest6 WHERE id BETWEEN 5164544 AND 5164644
	Index Only Scan using sbtest6_pkey on sbtest6  (cost=0.43..6.27 rows=92 width=4)
	  Index Cond: ((id >= 5164544) AND (id <= 5164644))

table 7 : explain SELECT id FROM sbtest7 WHERE id BETWEEN 5164544 AND 5164644
	Index Only Scan using sbtest7_pkey on sbtest7  (cost=0.43..6.43 rows=100 width=4)
	  Index Cond: ((id >= 5164544) AND (id <= 5164644))

table 8 : explain SELECT id FROM sbtest8 WHERE id BETWEEN 5164544 AND 5164644
	Index Only Scan using sbtest8_pkey on sbtest8  (cost=0.43..10.58 rows=107 width=4)
	  Index Cond: ((id >= 5164544) AND (id <= 5164644))

for range-covered
table 1 : explain SELECT id FROM sbtest1 WHERE id BETWEEN 3558788 AND 3558888
	Index Only Scan using sbtest1_pkey on sbtest1  (cost=0.43..6.42 rows=99 width=4)
	  Index Cond: ((id >= 3558788) AND (id <= 3558888))

table 2 : explain SELECT id FROM sbtest2 WHERE id BETWEEN 3558788 AND 3558888
	Index Only Scan using sbtest2_pkey on sbtest2  (cost=0.43..10.56 rows=106 width=4)
	  Index Cond: ((id >= 3558788) AND (id <= 3558888))

table 3 : explain SELECT id FROM sbtest3 WHERE id BETWEEN 3558788 AND 3558888
	Index Only Scan using sbtest3_pkey on sbtest3  (cost=0.43..6.45 rows=101 width=4)
	  Index Cond: ((id >= 3558788) AND (id <= 3558888))

table 4 : explain SELECT id FROM sbtest4 WHERE id BETWEEN 3558788 AND 3558888
	Index Only Scan using sbtest4_pkey on sbtest4  (cost=0.43..6.53 rows=105 width=4)
	  Index Cond: ((id >= 3558788) AND (id <= 3558888))

table 5 : explain SELECT id FROM sbtest5 WHERE id BETWEEN 3558788 AND 3558888
	Index Only Scan using sbtest5_pkey on sbtest5  (cost=0.43..6.58 rows=107 width=4)
	  Index Cond: ((id >= 3558788) AND (id <= 3558888))

table 6 : explain SELECT id FROM sbtest6 WHERE id BETWEEN 3558788 AND 3558888
	Index Only Scan using sbtest6_pkey on sbtest6  (cost=0.43..6.32 rows=94 width=4)
	  Index Cond: ((id >= 3558788) AND (id <= 3558888))

table 7 : explain SELECT id FROM sbtest7 WHERE id BETWEEN 3558788 AND 3558888
	Index Only Scan using sbtest7_pkey on sbtest7  (cost=0.43..6.35 rows=96 width=4)
	  Index Cond: ((id >= 3558788) AND (id <= 3558888))

table 8 : explain SELECT id FROM sbtest8 WHERE id BETWEEN 3558788 AND 3558888
	Index Only Scan using sbtest8_pkey on sbtest8  (cost=0.43..10.60 rows=108 width=4)
	  Index Cond: ((id >= 3558788) AND (id <= 3558888))

explain: for range-covered :: explain SELECT id FROM sbtest%d WHERE id BETWEEN 5164544 AND 5164644
explain: for range-covered :: explain SELECT id FROM sbtest%d WHERE id BETWEEN 3558788 AND 3558888
for range-covered
table 1 : explain SELECT id FROM sbtest1 WHERE id BETWEEN 4384207 AND 4384307
	Index Only Scan using sbtest1_pkey on sbtest1  (cost=0.43..6.37 rows=97 width=4)
	  Index Cond: ((id >= 4384207) AND (id <= 4384307))

table 2 : explain SELECT id FROM sbtest2 WHERE id BETWEEN 4384207 AND 4384307
	Index Only Scan using sbtest2_pkey on sbtest2  (cost=0.43..10.50 rows=103 width=4)
	  Index Cond: ((id >= 4384207) AND (id <= 4384307))

table 3 : explain SELECT id FROM sbtest3 WHERE id BETWEEN 4384207 AND 4384307
	Index Only Scan using sbtest3_pkey on sbtest3  (cost=0.43..6.51 rows=104 width=4)
	  Index Cond: ((id >= 4384207) AND (id <= 4384307))

table 4 : explain SELECT id FROM sbtest4 WHERE id BETWEEN 4384207 AND 4384307
	Index Only Scan using sbtest4_pkey on sbtest4  (cost=0.43..6.40 rows=98 width=4)
	  Index Cond: ((id >= 4384207) AND (id <= 4384307))

table 5 : explain SELECT id FROM sbtest5 WHERE id BETWEEN 4384207 AND 4384307
	Index Only Scan using sbtest5_pkey on sbtest5  (cost=0.43..6.75 rows=116 width=4)
	  Index Cond: ((id >= 4384207) AND (id <= 4384307))

table 6 : explain SELECT id FROM sbtest6 WHERE id BETWEEN 4384207 AND 4384307
	Index Only Scan using sbtest6_pkey on sbtest6  (cost=0.43..6.29 rows=93 width=4)
	  Index Cond: ((id >= 4384207) AND (id <= 4384307))

table 7 : explain SELECT id FROM sbtest7 WHERE id BETWEEN 4384207 AND 4384307
	Index Only Scan using sbtest7_pkey on sbtest7  (cost=0.43..6.37 rows=97 width=4)
	  Index Cond: ((id >= 4384207) AND (id <= 4384307))

table 8 : explain SELECT id FROM sbtest8 WHERE id BETWEEN 4384207 AND 4384307
	Index Only Scan using sbtest8_pkey on sbtest8  (cost=0.43..10.51 rows=104 width=4)
	  Index Cond: ((id >= 4384207) AND (id <= 4384307))

for range-covered
table 1 : explain SELECT id FROM sbtest1 WHERE id BETWEEN 5363207 AND 5363307
	Index Only Scan using sbtest1_pkey on sbtest1  (cost=0.43..6.61 rows=109 width=4)
	  Index Cond: ((id >= 5363207) AND (id <= 5363307))

table 2 : explain SELECT id FROM sbtest2 WHERE id BETWEEN 5363207 AND 5363307
	Index Only Scan using sbtest2_pkey on sbtest2  (cost=0.43..10.33 rows=95 width=4)
	  Index Cond: ((id >= 5363207) AND (id <= 5363307))

table 3 : explain SELECT id FROM sbtest3 WHERE id BETWEEN 5363207 AND 5363307
	Index Only Scan using sbtest3_pkey on sbtest3  (cost=0.43..6.51 rows=104 width=4)
	  Index Cond: ((id >= 5363207) AND (id <= 5363307))

table 4 : explain SELECT id FROM sbtest4 WHERE id BETWEEN 5363207 AND 5363307
	Index Only Scan using sbtest4_pkey on sbtest4  (cost=0.43..6.56 rows=106 width=4)
	  Index Cond: ((id >= 5363207) AND (id <= 5363307))

table 5 : explain SELECT id FROM sbtest5 WHERE id BETWEEN 5363207 AND 5363307
	Index Only Scan using sbtest5_pkey on sbtest5  (cost=0.43..6.47 rows=102 width=4)
	  Index Cond: ((id >= 5363207) AND (id <= 5363307))

table 6 : explain SELECT id FROM sbtest6 WHERE id BETWEEN 5363207 AND 5363307
	Index Only Scan using sbtest6_pkey on sbtest6  (cost=0.43..6.32 rows=94 width=4)
	  Index Cond: ((id >= 5363207) AND (id <= 5363307))

table 7 : explain SELECT id FROM sbtest7 WHERE id BETWEEN 5363207 AND 5363307
	Index Only Scan using sbtest7_pkey on sbtest7  (cost=0.43..6.50 rows=103 width=4)
	  Index Cond: ((id >= 5363207) AND (id <= 5363307))

table 8 : explain SELECT id FROM sbtest8 WHERE id BETWEEN 5363207 AND 5363307
	Index Only Scan using sbtest8_pkey on sbtest8  (cost=0.43..10.58 rows=107 width=4)
	  Index Cond: ((id >= 5363207) AND (id <= 5363307))

explain: for range-covered :: explain SELECT id FROM sbtest%d WHERE id BETWEEN 4384207 AND 4384307
explain: for range-covered :: explain SELECT id FROM sbtest%d WHERE id BETWEEN 5363207 AND 5363307
for range-covered
table 1 : explain SELECT id FROM sbtest1 WHERE id BETWEEN 5164544 AND 5164644
	Index Only Scan using sbtest1_pkey on sbtest1  (cost=0.43..6.17 rows=87 width=4)
	  Index Cond: ((id >= 5164544) AND (id <= 5164644))

table 2 : explain SELECT id FROM sbtest2 WHERE id BETWEEN 5164544 AND 5164644
	Index Only Scan using sbtest2_pkey on sbtest2  (cost=0.43..10.46 rows=101 width=4)
	  Index Cond: ((id >= 5164544) AND (id <= 5164644))

table 3 : explain SELECT id FROM sbtest3 WHERE id BETWEEN 5164544 AND 5164644
	Index Only Scan using sbtest3_pkey on sbtest3  (cost=0.43..6.32 rows=94 width=4)
	  Index Cond: ((id >= 5164544) AND (id <= 5164644))

table 4 : explain SELECT id FROM sbtest4 WHERE id BETWEEN 5164544 AND 5164644
	Index Only Scan using sbtest4_pkey on sbtest4  (cost=0.43..6.45 rows=101 width=4)
	  Index Cond: ((id >= 5164544) AND (id <= 5164644))

table 5 : explain SELECT id FROM sbtest5 WHERE id BETWEEN 5164544 AND 5164644
	Index Only Scan using sbtest5_pkey on sbtest5  (cost=0.43..6.85 rows=121 width=4)
	  Index Cond: ((id >= 5164544) AND (id <= 5164644))

table 6 : explain SELECT id FROM sbtest6 WHERE id BETWEEN 5164544 AND 5164644
	Index Only Scan using sbtest6_pkey on sbtest6  (cost=0.43..6.27 rows=92 width=4)
	  Index Cond: ((id >= 5164544) AND (id <= 5164644))

table 7 : explain SELECT id FROM sbtest7 WHERE id BETWEEN 5164544 AND 5164644
	Index Only Scan using sbtest7_pkey on sbtest7  (cost=0.43..6.43 rows=100 width=4)
	  Index Cond: ((id >= 5164544) AND (id <= 5164644))

table 8 : explain SELECT id FROM sbtest8 WHERE id BETWEEN 5164544 AND 5164644
	Index Only Scan using sbtest8_pkey on sbtest8  (cost=0.43..10.58 rows=107 width=4)
	  Index Cond: ((id >= 5164544) AND (id <= 5164644))

explain: for range-covered :: explain SELECT id FROM sbtest%d WHERE id BETWEEN 5164544 AND 5164644
for range-covered
table 1 : explain SELECT id FROM sbtest1 WHERE id BETWEEN 6675815 AND 6675915
	Index Only Scan using sbtest1_pkey on sbtest1  (cost=0.43..6.32 rows=94 width=4)
	  Index Cond: ((id >= 6675815) AND (id <= 6675915))

table 2 : explain SELECT id FROM sbtest2 WHERE id BETWEEN 6675815 AND 6675915
	Index Only Scan using sbtest2_pkey on sbtest2  (cost=0.43..10.63 rows=110 width=4)
	  Index Cond: ((id >= 6675815) AND (id <= 6675915))

table 3 : explain SELECT id FROM sbtest3 WHERE id BETWEEN 6675815 AND 6675915
	Index Only Scan using sbtest3_pkey on sbtest3  (cost=0.43..6.47 rows=102 width=4)
	  Index Cond: ((id >= 6675815) AND (id <= 6675915))

table 4 : explain SELECT id FROM sbtest4 WHERE id BETWEEN 6675815 AND 6675915
	Index Only Scan using sbtest4_pkey on sbtest4  (cost=0.43..6.42 rows=99 width=4)
	  Index Cond: ((id >= 6675815) AND (id <= 6675915))

table 5 : explain SELECT id FROM sbtest5 WHERE id BETWEEN 6675815 AND 6675915
	Index Only Scan using sbtest5_pkey on sbtest5  (cost=0.43..6.24 rows=90 width=4)
	  Index Cond: ((id >= 6675815) AND (id <= 6675915))

table 6 : explain SELECT id FROM sbtest6 WHERE id BETWEEN 6675815 AND 6675915
	Index Only Scan using sbtest6_pkey on sbtest6  (cost=0.43..6.29 rows=93 width=4)
	  Index Cond: ((id >= 6675815) AND (id <= 6675915))

table 7 : explain SELECT id FROM sbtest7 WHERE id BETWEEN 6675815 AND 6675915
	Index Only Scan using sbtest7_pkey on sbtest7  (cost=0.43..6.40 rows=98 width=4)
	  Index Cond: ((id >= 6675815) AND (id <= 6675915))

table 8 : explain SELECT id FROM sbtest8 WHERE id BETWEEN 6675815 AND 6675915
	Index Only Scan using sbtest8_pkey on sbtest8  (cost=0.43..10.26 rows=91 width=4)
	  Index Cond: ((id >= 6675815) AND (id <= 6675915))

for range-covered
table 1 : explain SELECT id FROM sbtest1 WHERE id BETWEEN 6353968 AND 6354068
	Index Only Scan using sbtest1_pkey on sbtest1  (cost=0.43..6.33 rows=95 width=4)
	  Index Cond: ((id >= 6353968) AND (id <= 6354068))

table 2 : explain SELECT id FROM sbtest2 WHERE id BETWEEN 6353968 AND 6354068
	Index Only Scan using sbtest2_pkey on sbtest2  (cost=0.43..10.56 rows=106 width=4)
	  Index Cond: ((id >= 6353968) AND (id <= 6354068))

table 3 : explain SELECT id FROM sbtest3 WHERE id BETWEEN 6353968 AND 6354068
	Index Only Scan using sbtest3_pkey on sbtest3  (cost=0.43..6.33 rows=95 width=4)
	  Index Cond: ((id >= 6353968) AND (id <= 6354068))

table 4 : explain SELECT id FROM sbtest4 WHERE id BETWEEN 6353968 AND 6354068
	Index Only Scan using sbtest4_pkey on sbtest4  (cost=0.43..6.53 rows=105 width=4)
	  Index Cond: ((id >= 6353968) AND (id <= 6354068))

table 5 : explain SELECT id FROM sbtest5 WHERE id BETWEEN 6353968 AND 6354068
	Index Only Scan using sbtest5_pkey on sbtest5  (cost=0.43..6.33 rows=95 width=4)
	  Index Cond: ((id >= 6353968) AND (id <= 6354068))

table 6 : explain SELECT id FROM sbtest6 WHERE id BETWEEN 6353968 AND 6354068
	Index Only Scan using sbtest6_pkey on sbtest6  (cost=0.43..6.53 rows=105 width=4)
	  Index Cond: ((id >= 6353968) AND (id <= 6354068))

table 7 : explain SELECT id FROM sbtest7 WHERE id BETWEEN 6353968 AND 6354068
	Index Only Scan using sbtest7_pkey on sbtest7  (cost=0.43..6.53 rows=105 width=4)
	  Index Cond: ((id >= 6353968) AND (id <= 6354068))

table 8 : explain SELECT id FROM sbtest8 WHERE id BETWEEN 6353968 AND 6354068
	Index Only Scan using sbtest8_pkey on sbtest8  (cost=0.43..10.32 rows=94 width=4)
	  Index Cond: ((id >= 6353968) AND (id <= 6354068))

explain: for range-covered :: explain SELECT id FROM sbtest%d WHERE id BETWEEN 6675815 AND 6675915
explain: for range-covered :: explain SELECT id FROM sbtest%d WHERE id BETWEEN 6353968 AND 6354068
for range-covered
table 1 : explain SELECT id FROM sbtest1 WHERE id BETWEEN 5363207 AND 5363307
	Index Only Scan using sbtest1_pkey on sbtest1  (cost=0.43..6.61 rows=109 width=4)
	  Index Cond: ((id >= 5363207) AND (id <= 5363307))

table 2 : explain SELECT id FROM sbtest2 WHERE id BETWEEN 5363207 AND 5363307
	Index Only Scan using sbtest2_pkey on sbtest2  (cost=0.43..10.33 rows=95 width=4)
	  Index Cond: ((id >= 5363207) AND (id <= 5363307))

table 3 : explain SELECT id FROM sbtest3 WHERE id BETWEEN 5363207 AND 5363307
	Index Only Scan using sbtest3_pkey on sbtest3  (cost=0.43..6.51 rows=104 width=4)
	  Index Cond: ((id >= 5363207) AND (id <= 5363307))

table 4 : explain SELECT id FROM sbtest4 WHERE id BETWEEN 5363207 AND 5363307
	Index Only Scan using sbtest4_pkey on sbtest4  (cost=0.43..6.56 rows=106 width=4)
	  Index Cond: ((id >= 5363207) AND (id <= 5363307))

table 5 : explain SELECT id FROM sbtest5 WHERE id BETWEEN 5363207 AND 5363307
	Index Only Scan using sbtest5_pkey on sbtest5  (cost=0.43..6.47 rows=102 width=4)
	  Index Cond: ((id >= 5363207) AND (id <= 5363307))

table 6 : explain SELECT id FROM sbtest6 WHERE id BETWEEN 5363207 AND 5363307
	Index Only Scan using sbtest6_pkey on sbtest6  (cost=0.43..6.32 rows=94 width=4)
	  Index Cond: ((id >= 5363207) AND (id <= 5363307))

table 7 : explain SELECT id FROM sbtest7 WHERE id BETWEEN 5363207 AND 5363307
	Index Only Scan using sbtest7_pkey on sbtest7  (cost=0.43..6.50 rows=103 width=4)
	  Index Cond: ((id >= 5363207) AND (id <= 5363307))

table 8 : explain SELECT id FROM sbtest8 WHERE id BETWEEN 5363207 AND 5363307
	Index Only Scan using sbtest8_pkey on sbtest8  (cost=0.43..10.58 rows=107 width=4)
	  Index Cond: ((id >= 5363207) AND (id <= 5363307))

for range-covered
table 1 : explain SELECT id FROM sbtest1 WHERE id BETWEEN 4384207 AND 4384307
	Index Only Scan using sbtest1_pkey on sbtest1  (cost=0.43..6.37 rows=97 width=4)
	  Index Cond: ((id >= 4384207) AND (id <= 4384307))

table 2 : explain SELECT id FROM sbtest2 WHERE id BETWEEN 4384207 AND 4384307
	Index Only Scan using sbtest2_pkey on sbtest2  (cost=0.43..10.50 rows=103 width=4)
	  Index Cond: ((id >= 4384207) AND (id <= 4384307))

table 3 : explain SELECT id FROM sbtest3 WHERE id BETWEEN 4384207 AND 4384307
	Index Only Scan using sbtest3_pkey on sbtest3  (cost=0.43..6.51 rows=104 width=4)
	  Index Cond: ((id >= 4384207) AND (id <= 4384307))

table 4 : explain SELECT id FROM sbtest4 WHERE id BETWEEN 4384207 AND 4384307
	Index Only Scan using sbtest4_pkey on sbtest4  (cost=0.43..6.40 rows=98 width=4)
	  Index Cond: ((id >= 4384207) AND (id <= 4384307))

table 5 : explain SELECT id FROM sbtest5 WHERE id BETWEEN 4384207 AND 4384307
	Index Only Scan using sbtest5_pkey on sbtest5  (cost=0.43..6.75 rows=116 width=4)
	  Index Cond: ((id >= 4384207) AND (id <= 4384307))

table 6 : explain SELECT id FROM sbtest6 WHERE id BETWEEN 4384207 AND 4384307
	Index Only Scan using sbtest6_pkey on sbtest6  (cost=0.43..6.29 rows=93 width=4)
	  Index Cond: ((id >= 4384207) AND (id <= 4384307))

table 7 : explain SELECT id FROM sbtest7 WHERE id BETWEEN 4384207 AND 4384307
	Index Only Scan using sbtest7_pkey on sbtest7  (cost=0.43..6.37 rows=97 width=4)
	  Index Cond: ((id >= 4384207) AND (id <= 4384307))

table 8 : explain SELECT id FROM sbtest8 WHERE id BETWEEN 4384207 AND 4384307
	Index Only Scan using sbtest8_pkey on sbtest8  (cost=0.43..10.51 rows=104 width=4)
	  Index Cond: ((id >= 4384207) AND (id <= 4384307))

for range-covered
table 1 : explain SELECT id FROM sbtest1 WHERE id BETWEEN 3558788 AND 3558888
	Index Only Scan using sbtest1_pkey on sbtest1  (cost=0.43..6.42 rows=99 width=4)
	  Index Cond: ((id >= 3558788) AND (id <= 3558888))

table 2 : explain SELECT id FROM sbtest2 WHERE id BETWEEN 3558788 AND 3558888
	Index Only Scan using sbtest2_pkey on sbtest2  (cost=0.43..10.56 rows=106 width=4)
	  Index Cond: ((id >= 3558788) AND (id <= 3558888))

table 3 : explain SELECT id FROM sbtest3 WHERE id BETWEEN 3558788 AND 3558888
	Index Only Scan using sbtest3_pkey on sbtest3  (cost=0.43..6.45 rows=101 width=4)
	  Index Cond: ((id >= 3558788) AND (id <= 3558888))

table 4 : explain SELECT id FROM sbtest4 WHERE id BETWEEN 3558788 AND 3558888
	Index Only Scan using sbtest4_pkey on sbtest4  (cost=0.43..6.53 rows=105 width=4)
	  Index Cond: ((id >= 3558788) AND (id <= 3558888))

table 5 : explain SELECT id FROM sbtest5 WHERE id BETWEEN 3558788 AND 3558888
	Index Only Scan using sbtest5_pkey on sbtest5  (cost=0.43..6.58 rows=107 width=4)
	  Index Cond: ((id >= 3558788) AND (id <= 3558888))

table 6 : explain SELECT id FROM sbtest6 WHERE id BETWEEN 3558788 AND 3558888
	Index Only Scan using sbtest6_pkey on sbtest6  (cost=0.43..6.32 rows=94 width=4)
	  Index Cond: ((id >= 3558788) AND (id <= 3558888))

table 7 : explain SELECT id FROM sbtest7 WHERE id BETWEEN 3558788 AND 3558888
	Index Only Scan using sbtest7_pkey on sbtest7  (cost=0.43..6.35 rows=96 width=4)
	  Index Cond: ((id >= 3558788) AND (id <= 3558888))

table 8 : explain SELECT id FROM sbtest8 WHERE id BETWEEN 3558788 AND 3558888
	Index Only Scan using sbtest8_pkey on sbtest8  (cost=0.43..10.60 rows=108 width=4)
	  Index Cond: ((id >= 3558788) AND (id <= 3558888))

explain: for range-covered :: explain SELECT id FROM sbtest%d WHERE id BETWEEN 4384207 AND 4384307
for range-covered
table 1 : explain SELECT id FROM sbtest1 WHERE id BETWEEN 5164544 AND 5164644
	Index Only Scan using sbtest1_pkey on sbtest1  (cost=0.43..6.17 rows=87 width=4)
	  Index Cond: ((id >= 5164544) AND (id <= 5164644))

table 2 : explain SELECT id FROM sbtest2 WHERE id BETWEEN 5164544 AND 5164644
	Index Only Scan using sbtest2_pkey on sbtest2  (cost=0.43..10.46 rows=101 width=4)
	  Index Cond: ((id >= 5164544) AND (id <= 5164644))

table 3 : explain SELECT id FROM sbtest3 WHERE id BETWEEN 5164544 AND 5164644
	Index Only Scan using sbtest3_pkey on sbtest3  (cost=0.43..6.32 rows=94 width=4)
	  Index Cond: ((id >= 5164544) AND (id <= 5164644))

table 4 : explain SELECT id FROM sbtest4 WHERE id BETWEEN 5164544 AND 5164644
	Index Only Scan using sbtest4_pkey on sbtest4  (cost=0.43..6.45 rows=101 width=4)
	  Index Cond: ((id >= 5164544) AND (id <= 5164644))

table 5 : explain SELECT id FROM sbtest5 WHERE id BETWEEN 5164544 AND 5164644
	Index Only Scan using sbtest5_pkey on sbtest5  (cost=0.43..6.85 rows=121 width=4)
	  Index Cond: ((id >= 5164544) AND (id <= 5164644))

table 6 : explain SELECT id FROM sbtest6 WHERE id BETWEEN 5164544 AND 5164644
	Index Only Scan using sbtest6_pkey on sbtest6  (cost=0.43..6.27 rows=92 width=4)
	  Index Cond: ((id >= 5164544) AND (id <= 5164644))

table 7 : explain SELECT id FROM sbtest7 WHERE id BETWEEN 5164544 AND 5164644
	Index Only Scan using sbtest7_pkey on sbtest7  (cost=0.43..6.43 rows=100 width=4)
	  Index Cond: ((id >= 5164544) AND (id <= 5164644))

table 8 : explain SELECT id FROM sbtest8 WHERE id BETWEEN 5164544 AND 5164644
	Index Only Scan using sbtest8_pkey on sbtest8  (cost=0.43..10.58 rows=107 width=4)
	  Index Cond: ((id >= 5164544) AND (id <= 5164644))

explain: for range-covered :: explain SELECT id FROM sbtest%d WHERE id BETWEEN 5363207 AND 5363307
explain: for range-covered :: explain SELECT id FROM sbtest%d WHERE id BETWEEN 5164544 AND 5164644
for range-covered
table 1 : explain SELECT id FROM sbtest1 WHERE id BETWEEN 5164544 AND 5164644
	Index Only Scan using sbtest1_pkey on sbtest1  (cost=0.43..6.17 rows=87 width=4)
	  Index Cond: ((id >= 5164544) AND (id <= 5164644))

table 2 : explain SELECT id FROM sbtest2 WHERE id BETWEEN 5164544 AND 5164644
	Index Only Scan using sbtest2_pkey on sbtest2  (cost=0.43..10.46 rows=101 width=4)
	  Index Cond: ((id >= 5164544) AND (id <= 5164644))

table 3 : explain SELECT id FROM sbtest3 WHERE id BETWEEN 5164544 AND 5164644
	Index Only Scan using sbtest3_pkey on sbtest3  (cost=0.43..6.32 rows=94 width=4)
	  Index Cond: ((id >= 5164544) AND (id <= 5164644))

table 4 : explain SELECT id FROM sbtest4 WHERE id BETWEEN 5164544 AND 5164644
	Index Only Scan using sbtest4_pkey on sbtest4  (cost=0.43..6.45 rows=101 width=4)
	  Index Cond: ((id >= 5164544) AND (id <= 5164644))

table 5 : explain SELECT id FROM sbtest5 WHERE id BETWEEN 5164544 AND 5164644
	Index Only Scan using sbtest5_pkey on sbtest5  (cost=0.43..6.85 rows=121 width=4)
	  Index Cond: ((id >= 5164544) AND (id <= 5164644))

table 6 : explain SELECT id FROM sbtest6 WHERE id BETWEEN 5164544 AND 5164644
	Index Only Scan using sbtest6_pkey on sbtest6  (cost=0.43..6.27 rows=92 width=4)
	  Index Cond: ((id >= 5164544) AND (id <= 5164644))

table 7 : explain SELECT id FROM sbtest7 WHERE id BETWEEN 5164544 AND 5164644
	Index Only Scan using sbtest7_pkey on sbtest7  (cost=0.43..6.43 rows=100 width=4)
	  Index Cond: ((id >= 5164544) AND (id <= 5164644))

table 8 : explain SELECT id FROM sbtest8 WHERE id BETWEEN 5164544 AND 5164644
	Index Only Scan using sbtest8_pkey on sbtest8  (cost=0.43..10.58 rows=107 width=4)
	  Index Cond: ((id >= 5164544) AND (id <= 5164644))

for range-covered
table 1 : explain SELECT id FROM sbtest1 WHERE id BETWEEN 6675815 AND 6675915
	Index Only Scan using sbtest1_pkey on sbtest1  (cost=0.43..6.32 rows=94 width=4)
	  Index Cond: ((id >= 6675815) AND (id <= 6675915))

table 2 : explain SELECT id FROM sbtest2 WHERE id BETWEEN 6675815 AND 6675915
	Index Only Scan using sbtest2_pkey on sbtest2  (cost=0.43..10.63 rows=110 width=4)
	  Index Cond: ((id >= 6675815) AND (id <= 6675915))

table 3 : explain SELECT id FROM sbtest3 WHERE id BETWEEN 6675815 AND 6675915
	Index Only Scan using sbtest3_pkey on sbtest3  (cost=0.43..6.47 rows=102 width=4)
	  Index Cond: ((id >= 6675815) AND (id <= 6675915))

table 4 : explain SELECT id FROM sbtest4 WHERE id BETWEEN 6675815 AND 6675915
	Index Only Scan using sbtest4_pkey on sbtest4  (cost=0.43..6.42 rows=99 width=4)
	  Index Cond: ((id >= 6675815) AND (id <= 6675915))

table 5 : explain SELECT id FROM sbtest5 WHERE id BETWEEN 6675815 AND 6675915
	Index Only Scan using sbtest5_pkey on sbtest5  (cost=0.43..6.24 rows=90 width=4)
	  Index Cond: ((id >= 6675815) AND (id <= 6675915))

table 6 : explain SELECT id FROM sbtest6 WHERE id BETWEEN 6675815 AND 6675915
	Index Only Scan using sbtest6_pkey on sbtest6  (cost=0.43..6.29 rows=93 width=4)
	  Index Cond: ((id >= 6675815) AND (id <= 6675915))

table 7 : explain SELECT id FROM sbtest7 WHERE id BETWEEN 6675815 AND 6675915
	Index Only Scan using sbtest7_pkey on sbtest7  (cost=0.43..6.40 rows=98 width=4)
	  Index Cond: ((id >= 6675815) AND (id <= 6675915))

table 8 : explain SELECT id FROM sbtest8 WHERE id BETWEEN 6675815 AND 6675915
	Index Only Scan using sbtest8_pkey on sbtest8  (cost=0.43..10.26 rows=91 width=4)
	  Index Cond: ((id >= 6675815) AND (id <= 6675915))

for range-covered
table 1 : explain SELECT id FROM sbtest1 WHERE id BETWEEN 6353968 AND 6354068
	Index Only Scan using sbtest1_pkey on sbtest1  (cost=0.43..6.33 rows=95 width=4)
	  Index Cond: ((id >= 6353968) AND (id <= 6354068))

table 2 : explain SELECT id FROM sbtest2 WHERE id BETWEEN 6353968 AND 6354068
	Index Only Scan using sbtest2_pkey on sbtest2  (cost=0.43..10.56 rows=106 width=4)
	  Index Cond: ((id >= 6353968) AND (id <= 6354068))

table 3 : explain SELECT id FROM sbtest3 WHERE id BETWEEN 6353968 AND 6354068
	Index Only Scan using sbtest3_pkey on sbtest3  (cost=0.43..6.33 rows=95 width=4)
	  Index Cond: ((id >= 6353968) AND (id <= 6354068))

table 4 : explain SELECT id FROM sbtest4 WHERE id BETWEEN 6353968 AND 6354068
	Index Only Scan using sbtest4_pkey on sbtest4  (cost=0.43..6.53 rows=105 width=4)
	  Index Cond: ((id >= 6353968) AND (id <= 6354068))

table 5 : explain SELECT id FROM sbtest5 WHERE id BETWEEN 6353968 AND 6354068
	Index Only Scan using sbtest5_pkey on sbtest5  (cost=0.43..6.33 rows=95 width=4)
	  Index Cond: ((id >= 6353968) AND (id <= 6354068))

table 6 : explain SELECT id FROM sbtest6 WHERE id BETWEEN 6353968 AND 6354068
	Index Only Scan using sbtest6_pkey on sbtest6  (cost=0.43..6.53 rows=105 width=4)
	  Index Cond: ((id >= 6353968) AND (id <= 6354068))

table 7 : explain SELECT id FROM sbtest7 WHERE id BETWEEN 6353968 AND 6354068
	Index Only Scan using sbtest7_pkey on sbtest7  (cost=0.43..6.53 rows=105 width=4)
	  Index Cond: ((id >= 6353968) AND (id <= 6354068))

table 8 : explain SELECT id FROM sbtest8 WHERE id BETWEEN 6353968 AND 6354068
	Index Only Scan using sbtest8_pkey on sbtest8  (cost=0.43..10.32 rows=94 width=4)
	  Index Cond: ((id >= 6353968) AND (id <= 6354068))

explain: for range-covered :: explain SELECT id FROM sbtest%d WHERE id BETWEEN 6675815 AND 6675915
explain: for range-covered :: explain SELECT id FROM sbtest%d WHERE id BETWEEN 6353968 AND 6354068
for range-covered
table 1 : explain SELECT id FROM sbtest1 WHERE id BETWEEN 5363207 AND 5363307
	Index Only Scan using sbtest1_pkey on sbtest1  (cost=0.43..6.61 rows=109 width=4)
	  Index Cond: ((id >= 5363207) AND (id <= 5363307))

table 2 : explain SELECT id FROM sbtest2 WHERE id BETWEEN 5363207 AND 5363307
	Index Only Scan using sbtest2_pkey on sbtest2  (cost=0.43..10.33 rows=95 width=4)
	  Index Cond: ((id >= 5363207) AND (id <= 5363307))

table 3 : explain SELECT id FROM sbtest3 WHERE id BETWEEN 5363207 AND 5363307
	Index Only Scan using sbtest3_pkey on sbtest3  (cost=0.43..6.51 rows=104 width=4)
	  Index Cond: ((id >= 5363207) AND (id <= 5363307))

table 4 : explain SELECT id FROM sbtest4 WHERE id BETWEEN 5363207 AND 5363307
	Index Only Scan using sbtest4_pkey on sbtest4  (cost=0.43..6.56 rows=106 width=4)
	  Index Cond: ((id >= 5363207) AND (id <= 5363307))

table 5 : explain SELECT id FROM sbtest5 WHERE id BETWEEN 5363207 AND 5363307
	Index Only Scan using sbtest5_pkey on sbtest5  (cost=0.43..6.47 rows=102 width=4)
	  Index Cond: ((id >= 5363207) AND (id <= 5363307))

table 6 : explain SELECT id FROM sbtest6 WHERE id BETWEEN 5363207 AND 5363307
	Index Only Scan using sbtest6_pkey on sbtest6  (cost=0.43..6.32 rows=94 width=4)
	  Index Cond: ((id >= 5363207) AND (id <= 5363307))

table 7 : explain SELECT id FROM sbtest7 WHERE id BETWEEN 5363207 AND 5363307
	Index Only Scan using sbtest7_pkey on sbtest7  (cost=0.43..6.50 rows=103 width=4)
	  Index Cond: ((id >= 5363207) AND (id <= 5363307))

table 8 : explain SELECT id FROM sbtest8 WHERE id BETWEEN 5363207 AND 5363307
	Index Only Scan using sbtest8_pkey on sbtest8  (cost=0.43..10.58 rows=107 width=4)
	  Index Cond: ((id >= 5363207) AND (id <= 5363307))

explain: for range-covered :: explain SELECT id FROM sbtest%d WHERE id BETWEEN 6637270 AND 6637370
for range-covered
table 1 : explain SELECT id FROM sbtest1 WHERE id BETWEEN 4384207 AND 4384307
	Index Only Scan using sbtest1_pkey on sbtest1  (cost=0.43..6.37 rows=97 width=4)
	  Index Cond: ((id >= 4384207) AND (id <= 4384307))

table 2 : explain SELECT id FROM sbtest2 WHERE id BETWEEN 4384207 AND 4384307
	Index Only Scan using sbtest2_pkey on sbtest2  (cost=0.43..10.50 rows=103 width=4)
	  Index Cond: ((id >= 4384207) AND (id <= 4384307))

table 3 : explain SELECT id FROM sbtest3 WHERE id BETWEEN 4384207 AND 4384307
	Index Only Scan using sbtest3_pkey on sbtest3  (cost=0.43..6.51 rows=104 width=4)
	  Index Cond: ((id >= 4384207) AND (id <= 4384307))

table 4 : explain SELECT id FROM sbtest4 WHERE id BETWEEN 4384207 AND 4384307
	Index Only Scan using sbtest4_pkey on sbtest4  (cost=0.43..6.40 rows=98 width=4)
	  Index Cond: ((id >= 4384207) AND (id <= 4384307))

table 5 : explain SELECT id FROM sbtest5 WHERE id BETWEEN 4384207 AND 4384307
	Index Only Scan using sbtest5_pkey on sbtest5  (cost=0.43..6.75 rows=116 width=4)
	  Index Cond: ((id >= 4384207) AND (id <= 4384307))

table 6 : explain SELECT id FROM sbtest6 WHERE id BETWEEN 4384207 AND 4384307
	Index Only Scan using sbtest6_pkey on sbtest6  (cost=0.43..6.29 rows=93 width=4)
	  Index Cond: ((id >= 4384207) AND (id <= 4384307))

table 7 : explain SELECT id FROM sbtest7 WHERE id BETWEEN 4384207 AND 4384307
	Index Only Scan using sbtest7_pkey on sbtest7  (cost=0.43..6.37 rows=97 width=4)
	  Index Cond: ((id >= 4384207) AND (id <= 4384307))

table 8 : explain SELECT id FROM sbtest8 WHERE id BETWEEN 4384207 AND 4384307
	Index Only Scan using sbtest8_pkey on sbtest8  (cost=0.43..10.51 rows=104 width=4)
	  Index Cond: ((id >= 4384207) AND (id <= 4384307))

explain: for range-covered :: explain SELECT id FROM sbtest%d WHERE id BETWEEN 7397436 AND 7397536
for range-covered
table 1 : explain SELECT id FROM sbtest1 WHERE id BETWEEN 4668410 AND 4668510
	Index Only Scan using sbtest1_pkey on sbtest1  (cost=0.43..6.63 rows=110 width=4)
	  Index Cond: ((id >= 4668410) AND (id <= 4668510))

table 2 : explain SELECT id FROM sbtest2 WHERE id BETWEEN 4668410 AND 4668510
	Index Only Scan using sbtest2_pkey on sbtest2  (cost=0.43..10.63 rows=110 width=4)
	  Index Cond: ((id >= 4668410) AND (id <= 4668510))

table 3 : explain SELECT id FROM sbtest3 WHERE id BETWEEN 4668410 AND 4668510
	Index Only Scan using sbtest3_pkey on sbtest3  (cost=0.43..6.53 rows=105 width=4)
	  Index Cond: ((id >= 4668410) AND (id <= 4668510))

table 4 : explain SELECT id FROM sbtest4 WHERE id BETWEEN 4668410 AND 4668510
	Index Only Scan using sbtest4_pkey on sbtest4  (cost=0.43..6.43 rows=100 width=4)
	  Index Cond: ((id >= 4668410) AND (id <= 4668510))

table 5 : explain SELECT id FROM sbtest5 WHERE id BETWEEN 4668410 AND 4668510
	Index Only Scan using sbtest5_pkey on sbtest5  (cost=0.43..6.42 rows=99 width=4)
	  Index Cond: ((id >= 4668410) AND (id <= 4668510))

table 6 : explain SELECT id FROM sbtest6 WHERE id BETWEEN 4668410 AND 4668510
	Index Only Scan using sbtest6_pkey on sbtest6  (cost=0.43..6.32 rows=94 width=4)
	  Index Cond: ((id >= 4668410) AND (id <= 4668510))

table 7 : explain SELECT id FROM sbtest7 WHERE id BETWEEN 4668410 AND 4668510
	Index Only Scan using sbtest7_pkey on sbtest7  (cost=0.43..6.63 rows=110 width=4)
	  Index Cond: ((id >= 4668410) AND (id <= 4668510))

table 8 : explain SELECT id FROM sbtest8 WHERE id BETWEEN 4668410 AND 4668510
	Index Only Scan using sbtest8_pkey on sbtest8  (cost=0.43..10.33 rows=95 width=4)
	  Index Cond: ((id >= 4668410) AND (id <= 4668510))

explain: for range-covered :: explain SELECT id FROM sbtest%d WHERE id BETWEEN 4668410 AND 4668510
explain: for range-covered :: explain SELECT id FROM sbtest%d WHERE id BETWEEN 6723052 AND 6723152
for range-covered
table 1 : explain SELECT id FROM sbtest1 WHERE id BETWEEN 4668410 AND 4668510
	Index Only Scan using sbtest1_pkey on sbtest1  (cost=0.43..6.63 rows=110 width=4)
	  Index Cond: ((id >= 4668410) AND (id <= 4668510))

table 2 : explain SELECT id FROM sbtest2 WHERE id BETWEEN 4668410 AND 4668510
	Index Only Scan using sbtest2_pkey on sbtest2  (cost=0.43..10.63 rows=110 width=4)
	  Index Cond: ((id >= 4668410) AND (id <= 4668510))

table 3 : explain SELECT id FROM sbtest3 WHERE id BETWEEN 4668410 AND 4668510
	Index Only Scan using sbtest3_pkey on sbtest3  (cost=0.43..6.53 rows=105 width=4)
	  Index Cond: ((id >= 4668410) AND (id <= 4668510))

table 4 : explain SELECT id FROM sbtest4 WHERE id BETWEEN 4668410 AND 4668510
	Index Only Scan using sbtest4_pkey on sbtest4  (cost=0.43..6.43 rows=100 width=4)
	  Index Cond: ((id >= 4668410) AND (id <= 4668510))

table 5 : explain SELECT id FROM sbtest5 WHERE id BETWEEN 4668410 AND 4668510
	Index Only Scan using sbtest5_pkey on sbtest5  (cost=0.43..6.42 rows=99 width=4)
	  Index Cond: ((id >= 4668410) AND (id <= 4668510))

table 6 : explain SELECT id FROM sbtest6 WHERE id BETWEEN 4668410 AND 4668510
	Index Only Scan using sbtest6_pkey on sbtest6  (cost=0.43..6.32 rows=94 width=4)
	  Index Cond: ((id >= 4668410) AND (id <= 4668510))

table 7 : explain SELECT id FROM sbtest7 WHERE id BETWEEN 4668410 AND 4668510
	Index Only Scan using sbtest7_pkey on sbtest7  (cost=0.43..6.63 rows=110 width=4)
	  Index Cond: ((id >= 4668410) AND (id <= 4668510))

table 8 : explain SELECT id FROM sbtest8 WHERE id BETWEEN 4668410 AND 4668510
	Index Only Scan using sbtest8_pkey on sbtest8  (cost=0.43..10.33 rows=95 width=4)
	  Index Cond: ((id >= 4668410) AND (id <= 4668510))

for range-covered
table 1 : explain SELECT id FROM sbtest1 WHERE id BETWEEN 6675815 AND 6675915
	Index Only Scan using sbtest1_pkey on sbtest1  (cost=0.43..6.32 rows=94 width=4)
	  Index Cond: ((id >= 6675815) AND (id <= 6675915))

table 2 : explain SELECT id FROM sbtest2 WHERE id BETWEEN 6675815 AND 6675915
	Index Only Scan using sbtest2_pkey on sbtest2  (cost=0.43..10.63 rows=110 width=4)
	  Index Cond: ((id >= 6675815) AND (id <= 6675915))

table 3 : explain SELECT id FROM sbtest3 WHERE id BETWEEN 6675815 AND 6675915
	Index Only Scan using sbtest3_pkey on sbtest3  (cost=0.43..6.47 rows=102 width=4)
	  Index Cond: ((id >= 6675815) AND (id <= 6675915))

table 4 : explain SELECT id FROM sbtest4 WHERE id BETWEEN 6675815 AND 6675915
	Index Only Scan using sbtest4_pkey on sbtest4  (cost=0.43..6.42 rows=99 width=4)
	  Index Cond: ((id >= 6675815) AND (id <= 6675915))

table 5 : explain SELECT id FROM sbtest5 WHERE id BETWEEN 6675815 AND 6675915
	Index Only Scan using sbtest5_pkey on sbtest5  (cost=0.43..6.24 rows=90 width=4)
	  Index Cond: ((id >= 6675815) AND (id <= 6675915))

table 6 : explain SELECT id FROM sbtest6 WHERE id BETWEEN 6675815 AND 6675915
	Index Only Scan using sbtest6_pkey on sbtest6  (cost=0.43..6.29 rows=93 width=4)
	  Index Cond: ((id >= 6675815) AND (id <= 6675915))

table 7 : explain SELECT id FROM sbtest7 WHERE id BETWEEN 6675815 AND 6675915
	Index Only Scan using sbtest7_pkey on sbtest7  (cost=0.43..6.40 rows=98 width=4)
	  Index Cond: ((id >= 6675815) AND (id <= 6675915))

table 8 : explain SELECT id FROM sbtest8 WHERE id BETWEEN 6675815 AND 6675915
	Index Only Scan using sbtest8_pkey on sbtest8  (cost=0.43..10.26 rows=91 width=4)
	  Index Cond: ((id >= 6675815) AND (id <= 6675915))

explain: for range-covered :: explain SELECT id FROM sbtest%d WHERE id BETWEEN 4668410 AND 4668510
for range-covered
table 1 : explain SELECT id FROM sbtest1 WHERE id BETWEEN 6353968 AND 6354068
	Index Only Scan using sbtest1_pkey on sbtest1  (cost=0.43..6.33 rows=95 width=4)
	  Index Cond: ((id >= 6353968) AND (id <= 6354068))

table 2 : explain SELECT id FROM sbtest2 WHERE id BETWEEN 6353968 AND 6354068
	Index Only Scan using sbtest2_pkey on sbtest2  (cost=0.43..10.56 rows=106 width=4)
	  Index Cond: ((id >= 6353968) AND (id <= 6354068))

table 3 : explain SELECT id FROM sbtest3 WHERE id BETWEEN 6353968 AND 6354068
	Index Only Scan using sbtest3_pkey on sbtest3  (cost=0.43..6.33 rows=95 width=4)
	  Index Cond: ((id >= 6353968) AND (id <= 6354068))

table 4 : explain SELECT id FROM sbtest4 WHERE id BETWEEN 6353968 AND 6354068
	Index Only Scan using sbtest4_pkey on sbtest4  (cost=0.43..6.53 rows=105 width=4)
	  Index Cond: ((id >= 6353968) AND (id <= 6354068))

table 5 : explain SELECT id FROM sbtest5 WHERE id BETWEEN 6353968 AND 6354068
	Index Only Scan using sbtest5_pkey on sbtest5  (cost=0.43..6.33 rows=95 width=4)
	  Index Cond: ((id >= 6353968) AND (id <= 6354068))

table 6 : explain SELECT id FROM sbtest6 WHERE id BETWEEN 6353968 AND 6354068
	Index Only Scan using sbtest6_pkey on sbtest6  (cost=0.43..6.53 rows=105 width=4)
	  Index Cond: ((id >= 6353968) AND (id <= 6354068))

table 7 : explain SELECT id FROM sbtest7 WHERE id BETWEEN 6353968 AND 6354068
	Index Only Scan using sbtest7_pkey on sbtest7  (cost=0.43..6.53 rows=105 width=4)
	  Index Cond: ((id >= 6353968) AND (id <= 6354068))

table 8 : explain SELECT id FROM sbtest8 WHERE id BETWEEN 6353968 AND 6354068
	Index Only Scan using sbtest8_pkey on sbtest8  (cost=0.43..10.32 rows=94 width=4)
	  Index Cond: ((id >= 6353968) AND (id <= 6354068))

explain: for range-covered :: explain SELECT id FROM sbtest%d WHERE id BETWEEN 6241001 AND 6241101
for range-covered
table 1 : explain SELECT id FROM sbtest1 WHERE id BETWEEN 4668410 AND 4668510
	Index Only Scan using sbtest1_pkey on sbtest1  (cost=0.43..6.63 rows=110 width=4)
	  Index Cond: ((id >= 4668410) AND (id <= 4668510))

table 2 : explain SELECT id FROM sbtest2 WHERE id BETWEEN 4668410 AND 4668510
	Index Only Scan using sbtest2_pkey on sbtest2  (cost=0.43..10.63 rows=110 width=4)
	  Index Cond: ((id >= 4668410) AND (id <= 4668510))

table 3 : explain SELECT id FROM sbtest3 WHERE id BETWEEN 4668410 AND 4668510
	Index Only Scan using sbtest3_pkey on sbtest3  (cost=0.43..6.53 rows=105 width=4)
	  Index Cond: ((id >= 4668410) AND (id <= 4668510))

table 4 : explain SELECT id FROM sbtest4 WHERE id BETWEEN 4668410 AND 4668510
	Index Only Scan using sbtest4_pkey on sbtest4  (cost=0.43..6.43 rows=100 width=4)
	  Index Cond: ((id >= 4668410) AND (id <= 4668510))

table 5 : explain SELECT id FROM sbtest5 WHERE id BETWEEN 4668410 AND 4668510
	Index Only Scan using sbtest5_pkey on sbtest5  (cost=0.43..6.42 rows=99 width=4)
	  Index Cond: ((id >= 4668410) AND (id <= 4668510))

table 6 : explain SELECT id FROM sbtest6 WHERE id BETWEEN 4668410 AND 4668510
	Index Only Scan using sbtest6_pkey on sbtest6  (cost=0.43..6.32 rows=94 width=4)
	  Index Cond: ((id >= 4668410) AND (id <= 4668510))

table 7 : explain SELECT id FROM sbtest7 WHERE id BETWEEN 4668410 AND 4668510
	Index Only Scan using sbtest7_pkey on sbtest7  (cost=0.43..6.63 rows=110 width=4)
	  Index Cond: ((id >= 4668410) AND (id <= 4668510))

table 8 : explain SELECT id FROM sbtest8 WHERE id BETWEEN 4668410 AND 4668510
	Index Only Scan using sbtest8_pkey on sbtest8  (cost=0.43..10.33 rows=95 width=4)
	  Index Cond: ((id >= 4668410) AND (id <= 4668510))

explain: for range-covered :: explain SELECT id FROM sbtest%d WHERE id BETWEEN 4668410 AND 4668510
for range-covered
table 1 : explain SELECT id FROM sbtest1 WHERE id BETWEEN 6637270 AND 6637370
	Index Only Scan using sbtest1_pkey on sbtest1  (cost=0.43..6.32 rows=94 width=4)
	  Index Cond: ((id >= 6637270) AND (id <= 6637370))

table 2 : explain SELECT id FROM sbtest2 WHERE id BETWEEN 6637270 AND 6637370
	Index Only Scan using sbtest2_pkey on sbtest2  (cost=0.43..10.63 rows=110 width=4)
	  Index Cond: ((id >= 6637270) AND (id <= 6637370))

table 3 : explain SELECT id FROM sbtest3 WHERE id BETWEEN 6637270 AND 6637370
	Index Only Scan using sbtest3_pkey on sbtest3  (cost=0.43..6.47 rows=102 width=4)
	  Index Cond: ((id >= 6637270) AND (id <= 6637370))

table 4 : explain SELECT id FROM sbtest4 WHERE id BETWEEN 6637270 AND 6637370
	Index Only Scan using sbtest4_pkey on sbtest4  (cost=0.43..6.42 rows=99 width=4)
	  Index Cond: ((id >= 6637270) AND (id <= 6637370))

table 5 : explain SELECT id FROM sbtest5 WHERE id BETWEEN 6637270 AND 6637370
	Index Only Scan using sbtest5_pkey on sbtest5  (cost=0.43..6.24 rows=90 width=4)
	  Index Cond: ((id >= 6637270) AND (id <= 6637370))

table 6 : explain SELECT id FROM sbtest6 WHERE id BETWEEN 6637270 AND 6637370
	Index Only Scan using sbtest6_pkey on sbtest6  (cost=0.43..6.29 rows=93 width=4)
	  Index Cond: ((id >= 6637270) AND (id <= 6637370))

table 7 : explain SELECT id FROM sbtest7 WHERE id BETWEEN 6637270 AND 6637370
	Index Only Scan using sbtest7_pkey on sbtest7  (cost=0.43..6.32 rows=94 width=4)
	  Index Cond: ((id >= 6637270) AND (id <= 6637370))

table 8 : explain SELECT id FROM sbtest8 WHERE id BETWEEN 6637270 AND 6637370
	Index Only Scan using sbtest8_pkey on sbtest8  (cost=0.43..10.26 rows=91 width=4)
	  Index Cond: ((id >= 6637270) AND (id <= 6637370))

explain: for range-covered :: explain SELECT id FROM sbtest%d WHERE id BETWEEN 6637270 AND 6637370
for range-covered
table 1 : explain SELECT id FROM sbtest1 WHERE id BETWEEN 4668410 AND 4668510
	Index Only Scan using sbtest1_pkey on sbtest1  (cost=0.43..6.63 rows=110 width=4)
	  Index Cond: ((id >= 4668410) AND (id <= 4668510))

table 2 : explain SELECT id FROM sbtest2 WHERE id BETWEEN 4668410 AND 4668510
	Index Only Scan using sbtest2_pkey on sbtest2  (cost=0.43..10.63 rows=110 width=4)
	  Index Cond: ((id >= 4668410) AND (id <= 4668510))

table 3 : explain SELECT id FROM sbtest3 WHERE id BETWEEN 4668410 AND 4668510
	Index Only Scan using sbtest3_pkey on sbtest3  (cost=0.43..6.53 rows=105 width=4)
	  Index Cond: ((id >= 4668410) AND (id <= 4668510))

table 4 : explain SELECT id FROM sbtest4 WHERE id BETWEEN 4668410 AND 4668510
	Index Only Scan using sbtest4_pkey on sbtest4  (cost=0.43..6.43 rows=100 width=4)
	  Index Cond: ((id >= 4668410) AND (id <= 4668510))

table 5 : explain SELECT id FROM sbtest5 WHERE id BETWEEN 4668410 AND 4668510
	Index Only Scan using sbtest5_pkey on sbtest5  (cost=0.43..6.42 rows=99 width=4)
	  Index Cond: ((id >= 4668410) AND (id <= 4668510))

table 6 : explain SELECT id FROM sbtest6 WHERE id BETWEEN 4668410 AND 4668510
	Index Only Scan using sbtest6_pkey on sbtest6  (cost=0.43..6.32 rows=94 width=4)
	  Index Cond: ((id >= 4668410) AND (id <= 4668510))

table 7 : explain SELECT id FROM sbtest7 WHERE id BETWEEN 4668410 AND 4668510
	Index Only Scan using sbtest7_pkey on sbtest7  (cost=0.43..6.63 rows=110 width=4)
	  Index Cond: ((id >= 4668410) AND (id <= 4668510))

table 8 : explain SELECT id FROM sbtest8 WHERE id BETWEEN 4668410 AND 4668510
	Index Only Scan using sbtest8_pkey on sbtest8  (cost=0.43..10.33 rows=95 width=4)
	  Index Cond: ((id >= 4668410) AND (id <= 4668510))

for range-covered
table 1 : explain SELECT id FROM sbtest1 WHERE id BETWEEN 7397436 AND 7397536
	Index Only Scan using sbtest1_pkey on sbtest1  (cost=0.43..6.40 rows=98 width=4)
	  Index Cond: ((id >= 7397436) AND (id <= 7397536))

table 2 : explain SELECT id FROM sbtest2 WHERE id BETWEEN 7397436 AND 7397536
	Index Only Scan using sbtest2_pkey on sbtest2  (cost=0.43..10.28 rows=92 width=4)
	  Index Cond: ((id >= 7397436) AND (id <= 7397536))

table 3 : explain SELECT id FROM sbtest3 WHERE id BETWEEN 7397436 AND 7397536
	Index Only Scan using sbtest3_pkey on sbtest3  (cost=0.43..6.25 rows=91 width=4)
	  Index Cond: ((id >= 7397436) AND (id <= 7397536))

table 4 : explain SELECT id FROM sbtest4 WHERE id BETWEEN 7397436 AND 7397536
	Index Only Scan using sbtest4_pkey on sbtest4  (cost=0.43..6.29 rows=93 width=4)
	  Index Cond: ((id >= 7397436) AND (id <= 7397536))

table 5 : explain SELECT id FROM sbtest5 WHERE id BETWEEN 7397436 AND 7397536
	Index Only Scan using sbtest5_pkey on sbtest5  (cost=0.43..6.35 rows=96 width=4)
	  Index Cond: ((id >= 7397436) AND (id <= 7397536))

table 6 : explain SELECT id FROM sbtest6 WHERE id BETWEEN 7397436 AND 7397536
	Index Only Scan using sbtest6_pkey on sbtest6  (cost=0.43..6.53 rows=105 width=4)
	  Index Cond: ((id >= 7397436) AND (id <= 7397536))

table 7 : explain SELECT id FROM sbtest7 WHERE id BETWEEN 7397436 AND 7397536
	Index Only Scan using sbtest7_pkey on sbtest7  (cost=0.43..6.27 rows=92 width=4)
	  Index Cond: ((id >= 7397436) AND (id <= 7397536))

table 8 : explain SELECT id FROM sbtest8 WHERE id BETWEEN 7397436 AND 7397536
	Index Only Scan using sbtest8_pkey on sbtest8  (cost=0.43..10.26 rows=91 width=4)
	  Index Cond: ((id >= 7397436) AND (id <= 7397536))

explain: for range-covered :: explain SELECT id FROM sbtest%d WHERE id BETWEEN 4668410 AND 4668510
explain: for range-covered :: explain SELECT id FROM sbtest%d WHERE id BETWEEN 7397436 AND 7397536
for range-covered
table 1 : explain SELECT id FROM sbtest1 WHERE id BETWEEN 6723052 AND 6723152
	Index Only Scan using sbtest1_pkey on sbtest1  (cost=0.43..6.32 rows=94 width=4)
	  Index Cond: ((id >= 6723052) AND (id <= 6723152))

table 2 : explain SELECT id FROM sbtest2 WHERE id BETWEEN 6723052 AND 6723152
	Index Only Scan using sbtest2_pkey on sbtest2  (cost=0.43..10.44 rows=100 width=4)
	  Index Cond: ((id >= 6723052) AND (id <= 6723152))

table 3 : explain SELECT id FROM sbtest3 WHERE id BETWEEN 6723052 AND 6723152
	Index Only Scan using sbtest3_pkey on sbtest3  (cost=0.43..6.43 rows=100 width=4)
	  Index Cond: ((id >= 6723052) AND (id <= 6723152))

table 4 : explain SELECT id FROM sbtest4 WHERE id BETWEEN 6723052 AND 6723152
	Index Only Scan using sbtest4_pkey on sbtest4  (cost=0.43..6.43 rows=100 width=4)
	  Index Cond: ((id >= 6723052) AND (id <= 6723152))

table 5 : explain SELECT id FROM sbtest5 WHERE id BETWEEN 6723052 AND 6723152
	Index Only Scan using sbtest5_pkey on sbtest5  (cost=0.43..6.33 rows=95 width=4)
	  Index Cond: ((id >= 6723052) AND (id <= 6723152))

table 6 : explain SELECT id FROM sbtest6 WHERE id BETWEEN 6723052 AND 6723152
	Index Only Scan using sbtest6_pkey on sbtest6  (cost=0.43..6.51 rows=104 width=4)
	  Index Cond: ((id >= 6723052) AND (id <= 6723152))

table 7 : explain SELECT id FROM sbtest7 WHERE id BETWEEN 6723052 AND 6723152
	Index Only Scan using sbtest7_pkey on sbtest7  (cost=0.43..6.40 rows=98 width=4)
	  Index Cond: ((id >= 6723052) AND (id <= 6723152))

table 8 : explain SELECT id FROM sbtest8 WHERE id BETWEEN 6723052 AND 6723152
	Index Only Scan using sbtest8_pkey on sbtest8  (cost=0.43..10.63 rows=110 width=4)
	  Index Cond: ((id >= 6723052) AND (id <= 6723152))

explain: for range-covered :: explain SELECT id FROM sbtest%d WHERE id BETWEEN 6723052 AND 6723152
explain: for range-covered :: explain SELECT id FROM sbtest%d WHERE id BETWEEN 8062237 AND 8062337
for range-covered
table 1 : explain SELECT id FROM sbtest1 WHERE id BETWEEN 6637270 AND 6637370
	Index Only Scan using sbtest1_pkey on sbtest1  (cost=0.43..6.32 rows=94 width=4)
	  Index Cond: ((id >= 6637270) AND (id <= 6637370))

table 2 : explain SELECT id FROM sbtest2 WHERE id BETWEEN 6637270 AND 6637370
	Index Only Scan using sbtest2_pkey on sbtest2  (cost=0.43..10.63 rows=110 width=4)
	  Index Cond: ((id >= 6637270) AND (id <= 6637370))

table 3 : explain SELECT id FROM sbtest3 WHERE id BETWEEN 6637270 AND 6637370
	Index Only Scan using sbtest3_pkey on sbtest3  (cost=0.43..6.47 rows=102 width=4)
	  Index Cond: ((id >= 6637270) AND (id <= 6637370))

table 4 : explain SELECT id FROM sbtest4 WHERE id BETWEEN 6637270 AND 6637370
	Index Only Scan using sbtest4_pkey on sbtest4  (cost=0.43..6.42 rows=99 width=4)
	  Index Cond: ((id >= 6637270) AND (id <= 6637370))

table 5 : explain SELECT id FROM sbtest5 WHERE id BETWEEN 6637270 AND 6637370
	Index Only Scan using sbtest5_pkey on sbtest5  (cost=0.43..6.24 rows=90 width=4)
	  Index Cond: ((id >= 6637270) AND (id <= 6637370))

table 6 : explain SELECT id FROM sbtest6 WHERE id BETWEEN 6637270 AND 6637370
	Index Only Scan using sbtest6_pkey on sbtest6  (cost=0.43..6.29 rows=93 width=4)
	  Index Cond: ((id >= 6637270) AND (id <= 6637370))

table 7 : explain SELECT id FROM sbtest7 WHERE id BETWEEN 6637270 AND 6637370
	Index Only Scan using sbtest7_pkey on sbtest7  (cost=0.43..6.32 rows=94 width=4)
	  Index Cond: ((id >= 6637270) AND (id <= 6637370))

table 8 : explain SELECT id FROM sbtest8 WHERE id BETWEEN 6637270 AND 6637370
	Index Only Scan using sbtest8_pkey on sbtest8  (cost=0.43..10.26 rows=91 width=4)
	  Index Cond: ((id >= 6637270) AND (id <= 6637370))

explain: for range-covered :: explain SELECT id FROM sbtest%d WHERE id BETWEEN 6637270 AND 6637370
for range-covered
table 1 : explain SELECT id FROM sbtest1 WHERE id BETWEEN 4668410 AND 4668510
	Index Only Scan using sbtest1_pkey on sbtest1  (cost=0.43..6.63 rows=110 width=4)
	  Index Cond: ((id >= 4668410) AND (id <= 4668510))

table 2 : explain SELECT id FROM sbtest2 WHERE id BETWEEN 4668410 AND 4668510
	Index Only Scan using sbtest2_pkey on sbtest2  (cost=0.43..10.63 rows=110 width=4)
	  Index Cond: ((id >= 4668410) AND (id <= 4668510))

table 3 : explain SELECT id FROM sbtest3 WHERE id BETWEEN 4668410 AND 4668510
	Index Only Scan using sbtest3_pkey on sbtest3  (cost=0.43..6.53 rows=105 width=4)
	  Index Cond: ((id >= 4668410) AND (id <= 4668510))

table 4 : explain SELECT id FROM sbtest4 WHERE id BETWEEN 4668410 AND 4668510
	Index Only Scan using sbtest4_pkey on sbtest4  (cost=0.43..6.43 rows=100 width=4)
	  Index Cond: ((id >= 4668410) AND (id <= 4668510))

table 5 : explain SELECT id FROM sbtest5 WHERE id BETWEEN 4668410 AND 4668510
	Index Only Scan using sbtest5_pkey on sbtest5  (cost=0.43..6.42 rows=99 width=4)
	  Index Cond: ((id >= 4668410) AND (id <= 4668510))

table 6 : explain SELECT id FROM sbtest6 WHERE id BETWEEN 4668410 AND 4668510
	Index Only Scan using sbtest6_pkey on sbtest6  (cost=0.43..6.32 rows=94 width=4)
	  Index Cond: ((id >= 4668410) AND (id <= 4668510))

table 7 : explain SELECT id FROM sbtest7 WHERE id BETWEEN 4668410 AND 4668510
	Index Only Scan using sbtest7_pkey on sbtest7  (cost=0.43..6.63 rows=110 width=4)
	  Index Cond: ((id >= 4668410) AND (id <= 4668510))

table 8 : explain SELECT id FROM sbtest8 WHERE id BETWEEN 4668410 AND 4668510
	Index Only Scan using sbtest8_pkey on sbtest8  (cost=0.43..10.33 rows=95 width=4)
	  Index Cond: ((id >= 4668410) AND (id <= 4668510))

explain: for range-covered :: explain SELECT id FROM sbtest%d WHERE id BETWEEN 4668410 AND 4668510
explain: for range-covered :: explain SELECT id FROM sbtest%d WHERE id BETWEEN 3319398 AND 3319498
for range-covered
table 1 : explain SELECT id FROM sbtest1 WHERE id BETWEEN 7397436 AND 7397536
	Index Only Scan using sbtest1_pkey on sbtest1  (cost=0.43..6.40 rows=98 width=4)
	  Index Cond: ((id >= 7397436) AND (id <= 7397536))

table 2 : explain SELECT id FROM sbtest2 WHERE id BETWEEN 7397436 AND 7397536
	Index Only Scan using sbtest2_pkey on sbtest2  (cost=0.43..10.28 rows=92 width=4)
	  Index Cond: ((id >= 7397436) AND (id <= 7397536))

table 3 : explain SELECT id FROM sbtest3 WHERE id BETWEEN 7397436 AND 7397536
	Index Only Scan using sbtest3_pkey on sbtest3  (cost=0.43..6.25 rows=91 width=4)
	  Index Cond: ((id >= 7397436) AND (id <= 7397536))

table 4 : explain SELECT id FROM sbtest4 WHERE id BETWEEN 7397436 AND 7397536
	Index Only Scan using sbtest4_pkey on sbtest4  (cost=0.43..6.29 rows=93 width=4)
	  Index Cond: ((id >= 7397436) AND (id <= 7397536))

table 5 : explain SELECT id FROM sbtest5 WHERE id BETWEEN 7397436 AND 7397536
	Index Only Scan using sbtest5_pkey on sbtest5  (cost=0.43..6.35 rows=96 width=4)
	  Index Cond: ((id >= 7397436) AND (id <= 7397536))

table 6 : explain SELECT id FROM sbtest6 WHERE id BETWEEN 7397436 AND 7397536
	Index Only Scan using sbtest6_pkey on sbtest6  (cost=0.43..6.53 rows=105 width=4)
	  Index Cond: ((id >= 7397436) AND (id <= 7397536))

table 7 : explain SELECT id FROM sbtest7 WHERE id BETWEEN 7397436 AND 7397536
	Index Only Scan using sbtest7_pkey on sbtest7  (cost=0.43..6.27 rows=92 width=4)
	  Index Cond: ((id >= 7397436) AND (id <= 7397536))

table 8 : explain SELECT id FROM sbtest8 WHERE id BETWEEN 7397436 AND 7397536
	Index Only Scan using sbtest8_pkey on sbtest8  (cost=0.43..10.26 rows=91 width=4)
	  Index Cond: ((id >= 7397436) AND (id <= 7397536))
explain: for range-covered :: explain SELECT id FROM sbtest%d WHERE id BETWEEN 2897902 AND 2898002

explain: for range-covered :: explain SELECT id FROM sbtest%d WHERE id BETWEEN 7397436 AND 7397536
for range-covered
table 1 : explain SELECT id FROM sbtest1 WHERE id BETWEEN 6723052 AND 6723152
	Index Only Scan using sbtest1_pkey on sbtest1  (cost=0.43..6.32 rows=94 width=4)
	  Index Cond: ((id >= 6723052) AND (id <= 6723152))

table 2 : explain SELECT id FROM sbtest2 WHERE id BETWEEN 6723052 AND 6723152
	Index Only Scan using sbtest2_pkey on sbtest2  (cost=0.43..10.44 rows=100 width=4)
	  Index Cond: ((id >= 6723052) AND (id <= 6723152))

table 3 : explain SELECT id FROM sbtest3 WHERE id BETWEEN 6723052 AND 6723152
	Index Only Scan using sbtest3_pkey on sbtest3  (cost=0.43..6.43 rows=100 width=4)
	  Index Cond: ((id >= 6723052) AND (id <= 6723152))

table 4 : explain SELECT id FROM sbtest4 WHERE id BETWEEN 6723052 AND 6723152
	Index Only Scan using sbtest4_pkey on sbtest4  (cost=0.43..6.43 rows=100 width=4)
	  Index Cond: ((id >= 6723052) AND (id <= 6723152))

table 5 : explain SELECT id FROM sbtest5 WHERE id BETWEEN 6723052 AND 6723152
	Index Only Scan using sbtest5_pkey on sbtest5  (cost=0.43..6.33 rows=95 width=4)
	  Index Cond: ((id >= 6723052) AND (id <= 6723152))

table 6 : explain SELECT id FROM sbtest6 WHERE id BETWEEN 6723052 AND 6723152
	Index Only Scan using sbtest6_pkey on sbtest6  (cost=0.43..6.51 rows=104 width=4)
	  Index Cond: ((id >= 6723052) AND (id <= 6723152))

table 7 : explain SELECT id FROM sbtest7 WHERE id BETWEEN 6723052 AND 6723152
	Index Only Scan using sbtest7_pkey on sbtest7  (cost=0.43..6.40 rows=98 width=4)
	  Index Cond: ((id >= 6723052) AND (id <= 6723152))

table 8 : explain SELECT id FROM sbtest8 WHERE id BETWEEN 6723052 AND 6723152
	Index Only Scan using sbtest8_pkey on sbtest8  (cost=0.43..10.63 rows=110 width=4)
	  Index Cond: ((id >= 6723052) AND (id <= 6723152))

explain: for range-covered :: explain SELECT id FROM sbtest%d WHERE id BETWEEN 6723052 AND 6723152
for range-covered
table 1 : explain SELECT id FROM sbtest1 WHERE id BETWEEN 6637270 AND 6637370
	Index Only Scan using sbtest1_pkey on sbtest1  (cost=0.43..6.32 rows=94 width=4)
	  Index Cond: ((id >= 6637270) AND (id <= 6637370))

table 2 : explain SELECT id FROM sbtest2 WHERE id BETWEEN 6637270 AND 6637370
	Index Only Scan using sbtest2_pkey on sbtest2  (cost=0.43..10.63 rows=110 width=4)
	  Index Cond: ((id >= 6637270) AND (id <= 6637370))

table 3 : explain SELECT id FROM sbtest3 WHERE id BETWEEN 6637270 AND 6637370
	Index Only Scan using sbtest3_pkey on sbtest3  (cost=0.43..6.47 rows=102 width=4)
	  Index Cond: ((id >= 6637270) AND (id <= 6637370))

table 4 : explain SELECT id FROM sbtest4 WHERE id BETWEEN 6637270 AND 6637370
	Index Only Scan using sbtest4_pkey on sbtest4  (cost=0.43..6.42 rows=99 width=4)
	  Index Cond: ((id >= 6637270) AND (id <= 6637370))

table 5 : explain SELECT id FROM sbtest5 WHERE id BETWEEN 6637270 AND 6637370
	Index Only Scan using sbtest5_pkey on sbtest5  (cost=0.43..6.24 rows=90 width=4)
	  Index Cond: ((id >= 6637270) AND (id <= 6637370))

table 6 : explain SELECT id FROM sbtest6 WHERE id BETWEEN 6637270 AND 6637370
	Index Only Scan using sbtest6_pkey on sbtest6  (cost=0.43..6.29 rows=93 width=4)
	  Index Cond: ((id >= 6637270) AND (id <= 6637370))

table 7 : explain SELECT id FROM sbtest7 WHERE id BETWEEN 6637270 AND 6637370
	Index Only Scan using sbtest7_pkey on sbtest7  (cost=0.43..6.32 rows=94 width=4)
	  Index Cond: ((id >= 6637270) AND (id <= 6637370))

table 8 : explain SELECT id FROM sbtest8 WHERE id BETWEEN 6637270 AND 6637370
	Index Only Scan using sbtest8_pkey on sbtest8  (cost=0.43..10.26 rows=91 width=4)
	  Index Cond: ((id >= 6637270) AND (id <= 6637370))

explain: for range-covered :: explain SELECT id FROM sbtest%d WHERE id BETWEEN 6637270 AND 6637370
for range-covered
table 1 : explain SELECT id FROM sbtest1 WHERE id BETWEEN 4668410 AND 4668510
	Index Only Scan using sbtest1_pkey on sbtest1  (cost=0.43..6.63 rows=110 width=4)
	  Index Cond: ((id >= 4668410) AND (id <= 4668510))

table 2 : explain SELECT id FROM sbtest2 WHERE id BETWEEN 4668410 AND 4668510
	Index Only Scan using sbtest2_pkey on sbtest2  (cost=0.43..10.63 rows=110 width=4)
	  Index Cond: ((id >= 4668410) AND (id <= 4668510))

table 3 : explain SELECT id FROM sbtest3 WHERE id BETWEEN 4668410 AND 4668510
	Index Only Scan using sbtest3_pkey on sbtest3  (cost=0.43..6.53 rows=105 width=4)
	  Index Cond: ((id >= 4668410) AND (id <= 4668510))

table 4 : explain SELECT id FROM sbtest4 WHERE id BETWEEN 4668410 AND 4668510
	Index Only Scan using sbtest4_pkey on sbtest4  (cost=0.43..6.43 rows=100 width=4)
	  Index Cond: ((id >= 4668410) AND (id <= 4668510))

table 5 : explain SELECT id FROM sbtest5 WHERE id BETWEEN 4668410 AND 4668510
	Index Only Scan using sbtest5_pkey on sbtest5  (cost=0.43..6.42 rows=99 width=4)
	  Index Cond: ((id >= 4668410) AND (id <= 4668510))

table 6 : explain SELECT id FROM sbtest6 WHERE id BETWEEN 4668410 AND 4668510
	Index Only Scan using sbtest6_pkey on sbtest6  (cost=0.43..6.32 rows=94 width=4)
	  Index Cond: ((id >= 4668410) AND (id <= 4668510))

table 7 : explain SELECT id FROM sbtest7 WHERE id BETWEEN 4668410 AND 4668510
	Index Only Scan using sbtest7_pkey on sbtest7  (cost=0.43..6.63 rows=110 width=4)
	  Index Cond: ((id >= 4668410) AND (id <= 4668510))

table 8 : explain SELECT id FROM sbtest8 WHERE id BETWEEN 4668410 AND 4668510
	Index Only Scan using sbtest8_pkey on sbtest8  (cost=0.43..10.33 rows=95 width=4)
	  Index Cond: ((id >= 4668410) AND (id <= 4668510))

explain: for range-covered :: explain SELECT id FROM sbtest%d WHERE id BETWEEN 4668410 AND 4668510
explain: for range-covered :: explain SELECT id FROM sbtest%d WHERE id BETWEEN 2541095 AND 2541195
for range-covered
table 1 : explain SELECT id FROM sbtest1 WHERE id BETWEEN 6241001 AND 6241101
	Index Only Scan using sbtest1_pkey on sbtest1  (cost=0.43..6.42 rows=99 width=4)
	  Index Cond: ((id >= 6241001) AND (id <= 6241101))

table 2 : explain SELECT id FROM sbtest2 WHERE id BETWEEN 6241001 AND 6241101
	Index Only Scan using sbtest2_pkey on sbtest2  (cost=0.43..10.32 rows=94 width=4)
	  Index Cond: ((id >= 6241001) AND (id <= 6241101))

table 3 : explain SELECT id FROM sbtest3 WHERE id BETWEEN 6241001 AND 6241101
	Index Only Scan using sbtest3_pkey on sbtest3  (cost=0.43..6.66 rows=111 width=4)
	  Index Cond: ((id >= 6241001) AND (id <= 6241101))

table 4 : explain SELECT id FROM sbtest4 WHERE id BETWEEN 6241001 AND 6241101
	Index Only Scan using sbtest4_pkey on sbtest4  (cost=0.43..6.32 rows=94 width=4)
	  Index Cond: ((id >= 6241001) AND (id <= 6241101))

table 5 : explain SELECT id FROM sbtest5 WHERE id BETWEEN 6241001 AND 6241101
	Index Only Scan using sbtest5_pkey on sbtest5  (cost=0.43..6.42 rows=99 width=4)
	  Index Cond: ((id >= 6241001) AND (id <= 6241101))

table 6 : explain SELECT id FROM sbtest6 WHERE id BETWEEN 6241001 AND 6241101
	Index Only Scan using sbtest6_pkey on sbtest6  (cost=0.43..6.33 rows=95 width=4)
	  Index Cond: ((id >= 6241001) AND (id <= 6241101))

table 7 : explain SELECT id FROM sbtest7 WHERE id BETWEEN 6241001 AND 6241101
	Index Only Scan using sbtest7_pkey on sbtest7  (cost=0.43..6.32 rows=94 width=4)
	  Index Cond: ((id >= 6241001) AND (id <= 6241101))

table 8 : explain SELECT id FROM sbtest8 WHERE id BETWEEN 6241001 AND 6241101
	Index Only Scan using sbtest8_pkey on sbtest8  (cost=0.43..10.60 rows=108 width=4)
	  Index Cond: ((id >= 6241001) AND (id <= 6241101))

for range-covered
table 1 : explain SELECT id FROM sbtest1 WHERE id BETWEEN 7397436 AND 7397536
	Index Only Scan using sbtest1_pkey on sbtest1  (cost=0.43..6.40 rows=98 width=4)
	  Index Cond: ((id >= 7397436) AND (id <= 7397536))

table 2 : explain SELECT id FROM sbtest2 WHERE id BETWEEN 7397436 AND 7397536
	Index Only Scan using sbtest2_pkey on sbtest2  (cost=0.43..10.28 rows=92 width=4)
	  Index Cond: ((id >= 7397436) AND (id <= 7397536))

table 3 : explain SELECT id FROM sbtest3 WHERE id BETWEEN 7397436 AND 7397536
	Index Only Scan using sbtest3_pkey on sbtest3  (cost=0.43..6.25 rows=91 width=4)
	  Index Cond: ((id >= 7397436) AND (id <= 7397536))

table 4 : explain SELECT id FROM sbtest4 WHERE id BETWEEN 7397436 AND 7397536
	Index Only Scan using sbtest4_pkey on sbtest4  (cost=0.43..6.29 rows=93 width=4)
	  Index Cond: ((id >= 7397436) AND (id <= 7397536))

table 5 : explain SELECT id FROM sbtest5 WHERE id BETWEEN 7397436 AND 7397536
	Index Only Scan using sbtest5_pkey on sbtest5  (cost=0.43..6.35 rows=96 width=4)
	  Index Cond: ((id >= 7397436) AND (id <= 7397536))

table 6 : explain SELECT id FROM sbtest6 WHERE id BETWEEN 7397436 AND 7397536
	Index Only Scan using sbtest6_pkey on sbtest6  (cost=0.43..6.53 rows=105 width=4)
	  Index Cond: ((id >= 7397436) AND (id <= 7397536))

table 7 : explain SELECT id FROM sbtest7 WHERE id BETWEEN 7397436 AND 7397536
	Index Only Scan using sbtest7_pkey on sbtest7  (cost=0.43..6.27 rows=92 width=4)
	  Index Cond: ((id >= 7397436) AND (id <= 7397536))

table 8 : explain SELECT id FROM sbtest8 WHERE id BETWEEN 7397436 AND 7397536
	Index Only Scan using sbtest8_pkey on sbtest8  (cost=0.43..10.26 rows=91 width=4)
	  Index Cond: ((id >= 7397436) AND (id <= 7397536))

explain: for range-covered :: explain SELECT id FROM sbtest%d WHERE id BETWEEN 7397436 AND 7397536
explain: for range-covered :: explain SELECT id FROM sbtest%d WHERE id BETWEEN 6241001 AND 6241101
for range-covered
table 1 : explain SELECT id FROM sbtest1 WHERE id BETWEEN 6723052 AND 6723152
	Index Only Scan using sbtest1_pkey on sbtest1  (cost=0.43..6.32 rows=94 width=4)
	  Index Cond: ((id >= 6723052) AND (id <= 6723152))

table 2 : explain SELECT id FROM sbtest2 WHERE id BETWEEN 6723052 AND 6723152
	Index Only Scan using sbtest2_pkey on sbtest2  (cost=0.43..10.44 rows=100 width=4)
	  Index Cond: ((id >= 6723052) AND (id <= 6723152))

table 3 : explain SELECT id FROM sbtest3 WHERE id BETWEEN 6723052 AND 6723152
	Index Only Scan using sbtest3_pkey on sbtest3  (cost=0.43..6.43 rows=100 width=4)
	  Index Cond: ((id >= 6723052) AND (id <= 6723152))

table 4 : explain SELECT id FROM sbtest4 WHERE id BETWEEN 6723052 AND 6723152
	Index Only Scan using sbtest4_pkey on sbtest4  (cost=0.43..6.43 rows=100 width=4)
	  Index Cond: ((id >= 6723052) AND (id <= 6723152))

table 5 : explain SELECT id FROM sbtest5 WHERE id BETWEEN 6723052 AND 6723152
	Index Only Scan using sbtest5_pkey on sbtest5  (cost=0.43..6.33 rows=95 width=4)
	  Index Cond: ((id >= 6723052) AND (id <= 6723152))

table 6 : explain SELECT id FROM sbtest6 WHERE id BETWEEN 6723052 AND 6723152
	Index Only Scan using sbtest6_pkey on sbtest6  (cost=0.43..6.51 rows=104 width=4)
	  Index Cond: ((id >= 6723052) AND (id <= 6723152))

table 7 : explain SELECT id FROM sbtest7 WHERE id BETWEEN 6723052 AND 6723152
	Index Only Scan using sbtest7_pkey on sbtest7  (cost=0.43..6.40 rows=98 width=4)
	  Index Cond: ((id >= 6723052) AND (id <= 6723152))

table 8 : explain SELECT id FROM sbtest8 WHERE id BETWEEN 6723052 AND 6723152
	Index Only Scan using sbtest8_pkey on sbtest8  (cost=0.43..10.63 rows=110 width=4)
	  Index Cond: ((id >= 6723052) AND (id <= 6723152))

explain: for range-covered :: explain SELECT id FROM sbtest%d WHERE id BETWEEN 6723052 AND 6723152
for range-covered
table 1 : explain SELECT id FROM sbtest1 WHERE id BETWEEN 6637270 AND 6637370
	Index Only Scan using sbtest1_pkey on sbtest1  (cost=0.43..6.32 rows=94 width=4)
	  Index Cond: ((id >= 6637270) AND (id <= 6637370))

table 2 : explain SELECT id FROM sbtest2 WHERE id BETWEEN 6637270 AND 6637370
	Index Only Scan using sbtest2_pkey on sbtest2  (cost=0.43..10.63 rows=110 width=4)
	  Index Cond: ((id >= 6637270) AND (id <= 6637370))

table 3 : explain SELECT id FROM sbtest3 WHERE id BETWEEN 6637270 AND 6637370
	Index Only Scan using sbtest3_pkey on sbtest3  (cost=0.43..6.47 rows=102 width=4)
	  Index Cond: ((id >= 6637270) AND (id <= 6637370))

table 4 : explain SELECT id FROM sbtest4 WHERE id BETWEEN 6637270 AND 6637370
	Index Only Scan using sbtest4_pkey on sbtest4  (cost=0.43..6.42 rows=99 width=4)
	  Index Cond: ((id >= 6637270) AND (id <= 6637370))

table 5 : explain SELECT id FROM sbtest5 WHERE id BETWEEN 6637270 AND 6637370
	Index Only Scan using sbtest5_pkey on sbtest5  (cost=0.43..6.24 rows=90 width=4)
	  Index Cond: ((id >= 6637270) AND (id <= 6637370))

table 6 : explain SELECT id FROM sbtest6 WHERE id BETWEEN 6637270 AND 6637370
	Index Only Scan using sbtest6_pkey on sbtest6  (cost=0.43..6.29 rows=93 width=4)
	  Index Cond: ((id >= 6637270) AND (id <= 6637370))

table 7 : explain SELECT id FROM sbtest7 WHERE id BETWEEN 6637270 AND 6637370
	Index Only Scan using sbtest7_pkey on sbtest7  (cost=0.43..6.32 rows=94 width=4)
	  Index Cond: ((id >= 6637270) AND (id <= 6637370))

table 8 : explain SELECT id FROM sbtest8 WHERE id BETWEEN 6637270 AND 6637370
	Index Only Scan using sbtest8_pkey on sbtest8  (cost=0.43..10.26 rows=91 width=4)
	  Index Cond: ((id >= 6637270) AND (id <= 6637370))

explain: for range-covered :: explain SELECT id FROM sbtest%d WHERE id BETWEEN 6637270 AND 6637370
for range-covered
table 1 : explain SELECT id FROM sbtest1 WHERE id BETWEEN 4668410 AND 4668510
	Index Only Scan using sbtest1_pkey on sbtest1  (cost=0.43..6.63 rows=110 width=4)
	  Index Cond: ((id >= 4668410) AND (id <= 4668510))

table 2 : explain SELECT id FROM sbtest2 WHERE id BETWEEN 4668410 AND 4668510
	Index Only Scan using sbtest2_pkey on sbtest2  (cost=0.43..10.63 rows=110 width=4)
	  Index Cond: ((id >= 4668410) AND (id <= 4668510))

table 3 : explain SELECT id FROM sbtest3 WHERE id BETWEEN 4668410 AND 4668510
	Index Only Scan using sbtest3_pkey on sbtest3  (cost=0.43..6.53 rows=105 width=4)
	  Index Cond: ((id >= 4668410) AND (id <= 4668510))

table 4 : explain SELECT id FROM sbtest4 WHERE id BETWEEN 4668410 AND 4668510
	Index Only Scan using sbtest4_pkey on sbtest4  (cost=0.43..6.43 rows=100 width=4)
	  Index Cond: ((id >= 4668410) AND (id <= 4668510))

table 5 : explain SELECT id FROM sbtest5 WHERE id BETWEEN 4668410 AND 4668510
	Index Only Scan using sbtest5_pkey on sbtest5  (cost=0.43..6.42 rows=99 width=4)
	  Index Cond: ((id >= 4668410) AND (id <= 4668510))

table 6 : explain SELECT id FROM sbtest6 WHERE id BETWEEN 4668410 AND 4668510
	Index Only Scan using sbtest6_pkey on sbtest6  (cost=0.43..6.32 rows=94 width=4)
	  Index Cond: ((id >= 4668410) AND (id <= 4668510))

table 7 : explain SELECT id FROM sbtest7 WHERE id BETWEEN 4668410 AND 4668510
	Index Only Scan using sbtest7_pkey on sbtest7  (cost=0.43..6.63 rows=110 width=4)
	  Index Cond: ((id >= 4668410) AND (id <= 4668510))

table 8 : explain SELECT id FROM sbtest8 WHERE id BETWEEN 4668410 AND 4668510
	Index Only Scan using sbtest8_pkey on sbtest8  (cost=0.43..10.33 rows=95 width=4)
	  Index Cond: ((id >= 4668410) AND (id <= 4668510))

explain: for range-covered :: explain SELECT id FROM sbtest%d WHERE id BETWEEN 4668410 AND 4668510
for range-covered
table 1 : explain SELECT id FROM sbtest1 WHERE id BETWEEN 7397436 AND 7397536
	Index Only Scan using sbtest1_pkey on sbtest1  (cost=0.43..6.40 rows=98 width=4)
	  Index Cond: ((id >= 7397436) AND (id <= 7397536))

table 2 : explain SELECT id FROM sbtest2 WHERE id BETWEEN 7397436 AND 7397536
	Index Only Scan using sbtest2_pkey on sbtest2  (cost=0.43..10.28 rows=92 width=4)
	  Index Cond: ((id >= 7397436) AND (id <= 7397536))

table 3 : explain SELECT id FROM sbtest3 WHERE id BETWEEN 7397436 AND 7397536
	Index Only Scan using sbtest3_pkey on sbtest3  (cost=0.43..6.25 rows=91 width=4)
	  Index Cond: ((id >= 7397436) AND (id <= 7397536))

table 4 : explain SELECT id FROM sbtest4 WHERE id BETWEEN 7397436 AND 7397536
	Index Only Scan using sbtest4_pkey on sbtest4  (cost=0.43..6.29 rows=93 width=4)
	  Index Cond: ((id >= 7397436) AND (id <= 7397536))

table 5 : explain SELECT id FROM sbtest5 WHERE id BETWEEN 7397436 AND 7397536
	Index Only Scan using sbtest5_pkey on sbtest5  (cost=0.43..6.35 rows=96 width=4)
	  Index Cond: ((id >= 7397436) AND (id <= 7397536))

table 6 : explain SELECT id FROM sbtest6 WHERE id BETWEEN 7397436 AND 7397536
	Index Only Scan using sbtest6_pkey on sbtest6  (cost=0.43..6.53 rows=105 width=4)
	  Index Cond: ((id >= 7397436) AND (id <= 7397536))

table 7 : explain SELECT id FROM sbtest7 WHERE id BETWEEN 7397436 AND 7397536
	Index Only Scan using sbtest7_pkey on sbtest7  (cost=0.43..6.27 rows=92 width=4)
	  Index Cond: ((id >= 7397436) AND (id <= 7397536))

table 8 : explain SELECT id FROM sbtest8 WHERE id BETWEEN 7397436 AND 7397536
	Index Only Scan using sbtest8_pkey on sbtest8  (cost=0.43..10.26 rows=91 width=4)
	  Index Cond: ((id >= 7397436) AND (id <= 7397536))

explain: for range-covered :: explain SELECT id FROM sbtest%d WHERE id BETWEEN 7397436 AND 7397536
for range-covered
table 1 : explain SELECT id FROM sbtest1 WHERE id BETWEEN 6723052 AND 6723152
	Index Only Scan using sbtest1_pkey on sbtest1  (cost=0.43..6.32 rows=94 width=4)
	  Index Cond: ((id >= 6723052) AND (id <= 6723152))

table 2 : explain SELECT id FROM sbtest2 WHERE id BETWEEN 6723052 AND 6723152
	Index Only Scan using sbtest2_pkey on sbtest2  (cost=0.43..10.44 rows=100 width=4)
	  Index Cond: ((id >= 6723052) AND (id <= 6723152))

table 3 : explain SELECT id FROM sbtest3 WHERE id BETWEEN 6723052 AND 6723152
	Index Only Scan using sbtest3_pkey on sbtest3  (cost=0.43..6.43 rows=100 width=4)
	  Index Cond: ((id >= 6723052) AND (id <= 6723152))

table 4 : explain SELECT id FROM sbtest4 WHERE id BETWEEN 6723052 AND 6723152
	Index Only Scan using sbtest4_pkey on sbtest4  (cost=0.43..6.43 rows=100 width=4)
	  Index Cond: ((id >= 6723052) AND (id <= 6723152))

table 5 : explain SELECT id FROM sbtest5 WHERE id BETWEEN 6723052 AND 6723152
	Index Only Scan using sbtest5_pkey on sbtest5  (cost=0.43..6.33 rows=95 width=4)
	  Index Cond: ((id >= 6723052) AND (id <= 6723152))

table 6 : explain SELECT id FROM sbtest6 WHERE id BETWEEN 6723052 AND 6723152
	Index Only Scan using sbtest6_pkey on sbtest6  (cost=0.43..6.51 rows=104 width=4)
	  Index Cond: ((id >= 6723052) AND (id <= 6723152))

table 7 : explain SELECT id FROM sbtest7 WHERE id BETWEEN 6723052 AND 6723152
	Index Only Scan using sbtest7_pkey on sbtest7  (cost=0.43..6.40 rows=98 width=4)
	  Index Cond: ((id >= 6723052) AND (id <= 6723152))

table 8 : explain SELECT id FROM sbtest8 WHERE id BETWEEN 6723052 AND 6723152
	Index Only Scan using sbtest8_pkey on sbtest8  (cost=0.43..10.63 rows=110 width=4)
	  Index Cond: ((id >= 6723052) AND (id <= 6723152))

for range-covered
table 1 : explain SELECT id FROM sbtest1 WHERE id BETWEEN 8062237 AND 8062337
	Index Only Scan using sbtest1_pkey on sbtest1  (cost=0.43..6.63 rows=110 width=4)
	  Index Cond: ((id >= 8062237) AND (id <= 8062337))

table 2 : explain SELECT id FROM sbtest2 WHERE id BETWEEN 8062237 AND 8062337
	Index Only Scan using sbtest2_pkey on sbtest2  (cost=0.43..10.47 rows=102 width=4)
	  Index Cond: ((id >= 8062237) AND (id <= 8062337))

table 3 : explain SELECT id FROM sbtest3 WHERE id BETWEEN 8062237 AND 8062337
	Index Only Scan using sbtest3_pkey on sbtest3  (cost=0.43..6.43 rows=100 width=4)
	  Index Cond: ((id >= 8062237) AND (id <= 8062337))

table 4 : explain SELECT id FROM sbtest4 WHERE id BETWEEN 8062237 AND 8062337
	Index Only Scan using sbtest4_pkey on sbtest4  (cost=0.43..6.42 rows=99 width=4)
	  Index Cond: ((id >= 8062237) AND (id <= 8062337))

table 5 : explain SELECT id FROM sbtest5 WHERE id BETWEEN 8062237 AND 8062337
	Index Only Scan using sbtest5_pkey on sbtest5  (cost=0.43..6.43 rows=100 width=4)
	  Index Cond: ((id >= 8062237) AND (id <= 8062337))

table 6 : explain SELECT id FROM sbtest6 WHERE id BETWEEN 8062237 AND 8062337
	Index Only Scan using sbtest6_pkey on sbtest6  (cost=0.43..6.50 rows=103 width=4)
	  Index Cond: ((id >= 8062237) AND (id <= 8062337))

table 7 : explain SELECT id FROM sbtest7 WHERE id BETWEEN 8062237 AND 8062337
	Index Only Scan using sbtest7_pkey on sbtest7  (cost=0.43..6.35 rows=96 width=4)
	  Index Cond: ((id >= 8062237) AND (id <= 8062337))

table 8 : explain SELECT id FROM sbtest8 WHERE id BETWEEN 8062237 AND 8062337
	Index Only Scan using sbtest8_pkey on sbtest8  (cost=0.43..10.38 rows=97 width=4)
	  Index Cond: ((id >= 8062237) AND (id <= 8062337))

explain: for range-covered :: explain SELECT id FROM sbtest%d WHERE id BETWEEN 6723052 AND 6723152
explain: for range-covered :: explain SELECT id FROM sbtest%d WHERE id BETWEEN 8062237 AND 8062337
for range-covered
table 1 : explain SELECT id FROM sbtest1 WHERE id BETWEEN 6241001 AND 6241101
	Index Only Scan using sbtest1_pkey on sbtest1  (cost=0.43..6.42 rows=99 width=4)
	  Index Cond: ((id >= 6241001) AND (id <= 6241101))

table 2 : explain SELECT id FROM sbtest2 WHERE id BETWEEN 6241001 AND 6241101
	Index Only Scan using sbtest2_pkey on sbtest2  (cost=0.43..10.32 rows=94 width=4)
	  Index Cond: ((id >= 6241001) AND (id <= 6241101))

table 3 : explain SELECT id FROM sbtest3 WHERE id BETWEEN 6241001 AND 6241101
	Index Only Scan using sbtest3_pkey on sbtest3  (cost=0.43..6.66 rows=111 width=4)
	  Index Cond: ((id >= 6241001) AND (id <= 6241101))

table 4 : explain SELECT id FROM sbtest4 WHERE id BETWEEN 6241001 AND 6241101
	Index Only Scan using sbtest4_pkey on sbtest4  (cost=0.43..6.32 rows=94 width=4)
	  Index Cond: ((id >= 6241001) AND (id <= 6241101))

table 5 : explain SELECT id FROM sbtest5 WHERE id BETWEEN 6241001 AND 6241101
	Index Only Scan using sbtest5_pkey on sbtest5  (cost=0.43..6.42 rows=99 width=4)
	  Index Cond: ((id >= 6241001) AND (id <= 6241101))

table 6 : explain SELECT id FROM sbtest6 WHERE id BETWEEN 6241001 AND 6241101
	Index Only Scan using sbtest6_pkey on sbtest6  (cost=0.43..6.33 rows=95 width=4)
	  Index Cond: ((id >= 6241001) AND (id <= 6241101))

table 7 : explain SELECT id FROM sbtest7 WHERE id BETWEEN 6241001 AND 6241101
	Index Only Scan using sbtest7_pkey on sbtest7  (cost=0.43..6.32 rows=94 width=4)
	  Index Cond: ((id >= 6241001) AND (id <= 6241101))

table 8 : explain SELECT id FROM sbtest8 WHERE id BETWEEN 6241001 AND 6241101
	Index Only Scan using sbtest8_pkey on sbtest8  (cost=0.43..10.60 rows=108 width=4)
	  Index Cond: ((id >= 6241001) AND (id <= 6241101))

for range-covered
table 1 : explain SELECT id FROM sbtest1 WHERE id BETWEEN 6637270 AND 6637370
	Index Only Scan using sbtest1_pkey on sbtest1  (cost=0.43..6.32 rows=94 width=4)
	  Index Cond: ((id >= 6637270) AND (id <= 6637370))

table 2 : explain SELECT id FROM sbtest2 WHERE id BETWEEN 6637270 AND 6637370
	Index Only Scan using sbtest2_pkey on sbtest2  (cost=0.43..10.63 rows=110 width=4)
	  Index Cond: ((id >= 6637270) AND (id <= 6637370))

table 3 : explain SELECT id FROM sbtest3 WHERE id BETWEEN 6637270 AND 6637370
	Index Only Scan using sbtest3_pkey on sbtest3  (cost=0.43..6.47 rows=102 width=4)
	  Index Cond: ((id >= 6637270) AND (id <= 6637370))

table 4 : explain SELECT id FROM sbtest4 WHERE id BETWEEN 6637270 AND 6637370
	Index Only Scan using sbtest4_pkey on sbtest4  (cost=0.43..6.42 rows=99 width=4)
	  Index Cond: ((id >= 6637270) AND (id <= 6637370))

table 5 : explain SELECT id FROM sbtest5 WHERE id BETWEEN 6637270 AND 6637370
	Index Only Scan using sbtest5_pkey on sbtest5  (cost=0.43..6.24 rows=90 width=4)
	  Index Cond: ((id >= 6637270) AND (id <= 6637370))

table 6 : explain SELECT id FROM sbtest6 WHERE id BETWEEN 6637270 AND 6637370
	Index Only Scan using sbtest6_pkey on sbtest6  (cost=0.43..6.29 rows=93 width=4)
	  Index Cond: ((id >= 6637270) AND (id <= 6637370))

table 7 : explain SELECT id FROM sbtest7 WHERE id BETWEEN 6637270 AND 6637370
	Index Only Scan using sbtest7_pkey on sbtest7  (cost=0.43..6.32 rows=94 width=4)
	  Index Cond: ((id >= 6637270) AND (id <= 6637370))

table 8 : explain SELECT id FROM sbtest8 WHERE id BETWEEN 6637270 AND 6637370
	Index Only Scan using sbtest8_pkey on sbtest8  (cost=0.43..10.26 rows=91 width=4)
	  Index Cond: ((id >= 6637270) AND (id <= 6637370))

explain: for range-covered :: explain SELECT id FROM sbtest%d WHERE id BETWEEN 6241001 AND 6241101
explain: for range-covered :: explain SELECT id FROM sbtest%d WHERE id BETWEEN 6637270 AND 6637370
for range-covered
table 1 : explain SELECT id FROM sbtest1 WHERE id BETWEEN 4668410 AND 4668510
	Index Only Scan using sbtest1_pkey on sbtest1  (cost=0.43..6.63 rows=110 width=4)
	  Index Cond: ((id >= 4668410) AND (id <= 4668510))

table 2 : explain SELECT id FROM sbtest2 WHERE id BETWEEN 4668410 AND 4668510
	Index Only Scan using sbtest2_pkey on sbtest2  (cost=0.43..10.63 rows=110 width=4)
	  Index Cond: ((id >= 4668410) AND (id <= 4668510))

table 3 : explain SELECT id FROM sbtest3 WHERE id BETWEEN 4668410 AND 4668510
	Index Only Scan using sbtest3_pkey on sbtest3  (cost=0.43..6.53 rows=105 width=4)
	  Index Cond: ((id >= 4668410) AND (id <= 4668510))

table 4 : explain SELECT id FROM sbtest4 WHERE id BETWEEN 4668410 AND 4668510
	Index Only Scan using sbtest4_pkey on sbtest4  (cost=0.43..6.43 rows=100 width=4)
	  Index Cond: ((id >= 4668410) AND (id <= 4668510))

table 5 : explain SELECT id FROM sbtest5 WHERE id BETWEEN 4668410 AND 4668510
	Index Only Scan using sbtest5_pkey on sbtest5  (cost=0.43..6.42 rows=99 width=4)
	  Index Cond: ((id >= 4668410) AND (id <= 4668510))

table 6 : explain SELECT id FROM sbtest6 WHERE id BETWEEN 4668410 AND 4668510
	Index Only Scan using sbtest6_pkey on sbtest6  (cost=0.43..6.32 rows=94 width=4)
	  Index Cond: ((id >= 4668410) AND (id <= 4668510))

table 7 : explain SELECT id FROM sbtest7 WHERE id BETWEEN 4668410 AND 4668510
	Index Only Scan using sbtest7_pkey on sbtest7  (cost=0.43..6.63 rows=110 width=4)
	  Index Cond: ((id >= 4668410) AND (id <= 4668510))

table 8 : explain SELECT id FROM sbtest8 WHERE id BETWEEN 4668410 AND 4668510
	Index Only Scan using sbtest8_pkey on sbtest8  (cost=0.43..10.33 rows=95 width=4)
	  Index Cond: ((id >= 4668410) AND (id <= 4668510))

for range-covered
table 1 : explain SELECT id FROM sbtest1 WHERE id BETWEEN 7397436 AND 7397536
	Index Only Scan using sbtest1_pkey on sbtest1  (cost=0.43..6.40 rows=98 width=4)
	  Index Cond: ((id >= 7397436) AND (id <= 7397536))

table 2 : explain SELECT id FROM sbtest2 WHERE id BETWEEN 7397436 AND 7397536
	Index Only Scan using sbtest2_pkey on sbtest2  (cost=0.43..10.28 rows=92 width=4)
	  Index Cond: ((id >= 7397436) AND (id <= 7397536))

table 3 : explain SELECT id FROM sbtest3 WHERE id BETWEEN 7397436 AND 7397536
	Index Only Scan using sbtest3_pkey on sbtest3  (cost=0.43..6.25 rows=91 width=4)
	  Index Cond: ((id >= 7397436) AND (id <= 7397536))

table 4 : explain SELECT id FROM sbtest4 WHERE id BETWEEN 7397436 AND 7397536
	Index Only Scan using sbtest4_pkey on sbtest4  (cost=0.43..6.29 rows=93 width=4)
	  Index Cond: ((id >= 7397436) AND (id <= 7397536))

table 5 : explain SELECT id FROM sbtest5 WHERE id BETWEEN 7397436 AND 7397536
	Index Only Scan using sbtest5_pkey on sbtest5  (cost=0.43..6.35 rows=96 width=4)
	  Index Cond: ((id >= 7397436) AND (id <= 7397536))

table 6 : explain SELECT id FROM sbtest6 WHERE id BETWEEN 7397436 AND 7397536
	Index Only Scan using sbtest6_pkey on sbtest6  (cost=0.43..6.53 rows=105 width=4)
	  Index Cond: ((id >= 7397436) AND (id <= 7397536))

table 7 : explain SELECT id FROM sbtest7 WHERE id BETWEEN 7397436 AND 7397536
	Index Only Scan using sbtest7_pkey on sbtest7  (cost=0.43..6.27 rows=92 width=4)
	  Index Cond: ((id >= 7397436) AND (id <= 7397536))

table 8 : explain SELECT id FROM sbtest8 WHERE id BETWEEN 7397436 AND 7397536
	Index Only Scan using sbtest8_pkey on sbtest8  (cost=0.43..10.26 rows=91 width=4)
	  Index Cond: ((id >= 7397436) AND (id <= 7397536))

for range-covered
table 1 : explain SELECT id FROM sbtest1 WHERE id BETWEEN 3319398 AND 3319498
	Index Only Scan using sbtest1_pkey on sbtest1  (cost=0.43..6.47 rows=102 width=4)
	  Index Cond: ((id >= 3319398) AND (id <= 3319498))

table 2 : explain SELECT id FROM sbtest2 WHERE id BETWEEN 3319398 AND 3319498
	Index Only Scan using sbtest2_pkey on sbtest2  (cost=0.43..10.47 rows=102 width=4)
	  Index Cond: ((id >= 3319398) AND (id <= 3319498))

table 3 : explain SELECT id FROM sbtest3 WHERE id BETWEEN 3319398 AND 3319498
	Index Only Scan using sbtest3_pkey on sbtest3  (cost=0.43..6.58 rows=107 width=4)
	  Index Cond: ((id >= 3319398) AND (id <= 3319498))

table 4 : explain SELECT id FROM sbtest4 WHERE id BETWEEN 3319398 AND 3319498
	Index Only Scan using sbtest4_pkey on sbtest4  (cost=0.43..6.37 rows=97 width=4)
	  Index Cond: ((id >= 3319398) AND (id <= 3319498))

table 5 : explain SELECT id FROM sbtest5 WHERE id BETWEEN 3319398 AND 3319498
	Index Only Scan using sbtest5_pkey on sbtest5  (cost=0.43..6.40 rows=98 width=4)
	  Index Cond: ((id >= 3319398) AND (id <= 3319498))

table 6 : explain SELECT id FROM sbtest6 WHERE id BETWEEN 3319398 AND 3319498
	Index Only Scan using sbtest6_pkey on sbtest6  (cost=0.43..6.37 rows=97 width=4)
	  Index Cond: ((id >= 3319398) AND (id <= 3319498))

table 7 : explain SELECT id FROM sbtest7 WHERE id BETWEEN 3319398 AND 3319498
	Index Only Scan using sbtest7_pkey on sbtest7  (cost=0.43..6.33 rows=95 width=4)
	  Index Cond: ((id >= 3319398) AND (id <= 3319498))

table 8 : explain SELECT id FROM sbtest8 WHERE id BETWEEN 3319398 AND 3319498
	Index Only Scan using sbtest8_pkey on sbtest8  (cost=0.43..10.62 rows=109 width=4)
	  Index Cond: ((id >= 3319398) AND (id <= 3319498))

for range-covered
table 1 : explain SELECT id FROM sbtest1 WHERE id BETWEEN 6723052 AND 6723152
	Index Only Scan using sbtest1_pkey on sbtest1  (cost=0.43..6.32 rows=94 width=4)
	  Index Cond: ((id >= 6723052) AND (id <= 6723152))

table 2 : explain SELECT id FROM sbtest2 WHERE id BETWEEN 6723052 AND 6723152
	Index Only Scan using sbtest2_pkey on sbtest2  (cost=0.43..10.44 rows=100 width=4)
	  Index Cond: ((id >= 6723052) AND (id <= 6723152))

table 3 : explain SELECT id FROM sbtest3 WHERE id BETWEEN 6723052 AND 6723152
	Index Only Scan using sbtest3_pkey on sbtest3  (cost=0.43..6.43 rows=100 width=4)
	  Index Cond: ((id >= 6723052) AND (id <= 6723152))

table 4 : explain SELECT id FROM sbtest4 WHERE id BETWEEN 6723052 AND 6723152
	Index Only Scan using sbtest4_pkey on sbtest4  (cost=0.43..6.43 rows=100 width=4)
	  Index Cond: ((id >= 6723052) AND (id <= 6723152))

table 5 : explain SELECT id FROM sbtest5 WHERE id BETWEEN 6723052 AND 6723152
	Index Only Scan using sbtest5_pkey on sbtest5  (cost=0.43..6.33 rows=95 width=4)
	  Index Cond: ((id >= 6723052) AND (id <= 6723152))

table 6 : explain SELECT id FROM sbtest6 WHERE id BETWEEN 6723052 AND 6723152
	Index Only Scan using sbtest6_pkey on sbtest6  (cost=0.43..6.51 rows=104 width=4)
	  Index Cond: ((id >= 6723052) AND (id <= 6723152))

table 7 : explain SELECT id FROM sbtest7 WHERE id BETWEEN 6723052 AND 6723152
	Index Only Scan using sbtest7_pkey on sbtest7  (cost=0.43..6.40 rows=98 width=4)
	  Index Cond: ((id >= 6723052) AND (id <= 6723152))

table 8 : explain SELECT id FROM sbtest8 WHERE id BETWEEN 6723052 AND 6723152
	Index Only Scan using sbtest8_pkey on sbtest8  (cost=0.43..10.63 rows=110 width=4)
	  Index Cond: ((id >= 6723052) AND (id <= 6723152))

explain: for range-covered :: explain SELECT id FROM sbtest%d WHERE id BETWEEN 7397436 AND 7397536
for range-covered
table 1 : explain SELECT id FROM sbtest1 WHERE id BETWEEN 2897902 AND 2898002
	Index Only Scan using sbtest1_pkey on sbtest1  (cost=0.43..6.66 rows=111 width=4)
	  Index Cond: ((id >= 2897902) AND (id <= 2898002))

table 2 : explain SELECT id FROM sbtest2 WHERE id BETWEEN 2897902 AND 2898002
	Index Only Scan using sbtest2_pkey on sbtest2  (cost=0.43..10.63 rows=110 width=4)
	  Index Cond: ((id >= 2897902) AND (id <= 2898002))

table 3 : explain SELECT id FROM sbtest3 WHERE id BETWEEN 2897902 AND 2898002
	Index Only Scan using sbtest3_pkey on sbtest3  (cost=0.43..6.45 rows=101 width=4)
	  Index Cond: ((id >= 2897902) AND (id <= 2898002))

table 4 : explain SELECT id FROM sbtest4 WHERE id BETWEEN 2897902 AND 2898002
	Index Only Scan using sbtest4_pkey on sbtest4  (cost=0.43..6.45 rows=101 width=4)
	  Index Cond: ((id >= 2897902) AND (id <= 2898002))

table 5 : explain SELECT id FROM sbtest5 WHERE id BETWEEN 2897902 AND 2898002
	Index Only Scan using sbtest5_pkey on sbtest5  (cost=0.43..6.47 rows=102 width=4)
	  Index Cond: ((id >= 2897902) AND (id <= 2898002))

table 6 : explain SELECT id FROM sbtest6 WHERE id BETWEEN 2897902 AND 2898002
	Index Only Scan using sbtest6_pkey on sbtest6  (cost=0.43..6.32 rows=94 width=4)
	  Index Cond: ((id >= 2897902) AND (id <= 2898002))

table 7 : explain SELECT id FROM sbtest7 WHERE id BETWEEN 2897902 AND 2898002
	Index Only Scan using sbtest7_pkey on sbtest7  (cost=0.43..6.35 rows=96 width=4)
	  Index Cond: ((id >= 2897902) AND (id <= 2898002))

table 8 : explain SELECT id FROM sbtest8 WHERE id BETWEEN 2897902 AND 2898002
	Index Only Scan using sbtest8_pkey on sbtest8  (cost=0.43..10.36 rows=96 width=4)
	  Index Cond: ((id >= 2897902) AND (id <= 2898002))

explain: for range-covered :: explain SELECT id FROM sbtest%d WHERE id BETWEEN 6723052 AND 6723152
explain: for range-covered :: explain SELECT id FROM sbtest%d WHERE id BETWEEN 3319398 AND 3319498
explain: for range-covered :: explain SELECT id FROM sbtest%d WHERE id BETWEEN 2897902 AND 2898002
for range-covered
table 1 : explain SELECT id FROM sbtest1 WHERE id BETWEEN 8062237 AND 8062337
	Index Only Scan using sbtest1_pkey on sbtest1  (cost=0.43..6.63 rows=110 width=4)
	  Index Cond: ((id >= 8062237) AND (id <= 8062337))

table 2 : explain SELECT id FROM sbtest2 WHERE id BETWEEN 8062237 AND 8062337
	Index Only Scan using sbtest2_pkey on sbtest2  (cost=0.43..10.47 rows=102 width=4)
	  Index Cond: ((id >= 8062237) AND (id <= 8062337))

table 3 : explain SELECT id FROM sbtest3 WHERE id BETWEEN 8062237 AND 8062337
	Index Only Scan using sbtest3_pkey on sbtest3  (cost=0.43..6.43 rows=100 width=4)
	  Index Cond: ((id >= 8062237) AND (id <= 8062337))

table 4 : explain SELECT id FROM sbtest4 WHERE id BETWEEN 8062237 AND 8062337
	Index Only Scan using sbtest4_pkey on sbtest4  (cost=0.43..6.42 rows=99 width=4)
	  Index Cond: ((id >= 8062237) AND (id <= 8062337))

table 5 : explain SELECT id FROM sbtest5 WHERE id BETWEEN 8062237 AND 8062337
	Index Only Scan using sbtest5_pkey on sbtest5  (cost=0.43..6.43 rows=100 width=4)
	  Index Cond: ((id >= 8062237) AND (id <= 8062337))

table 6 : explain SELECT id FROM sbtest6 WHERE id BETWEEN 8062237 AND 8062337
	Index Only Scan using sbtest6_pkey on sbtest6  (cost=0.43..6.50 rows=103 width=4)
	  Index Cond: ((id >= 8062237) AND (id <= 8062337))

table 7 : explain SELECT id FROM sbtest7 WHERE id BETWEEN 8062237 AND 8062337
	Index Only Scan using sbtest7_pkey on sbtest7  (cost=0.43..6.35 rows=96 width=4)
	  Index Cond: ((id >= 8062237) AND (id <= 8062337))

table 8 : explain SELECT id FROM sbtest8 WHERE id BETWEEN 8062237 AND 8062337
	Index Only Scan using sbtest8_pkey on sbtest8  (cost=0.43..10.38 rows=97 width=4)
	  Index Cond: ((id >= 8062237) AND (id <= 8062337))

for range-covered
table 1 : explain SELECT id FROM sbtest1 WHERE id BETWEEN 6241001 AND 6241101
	Index Only Scan using sbtest1_pkey on sbtest1  (cost=0.43..6.42 rows=99 width=4)
	  Index Cond: ((id >= 6241001) AND (id <= 6241101))

table 2 : explain SELECT id FROM sbtest2 WHERE id BETWEEN 6241001 AND 6241101
	Index Only Scan using sbtest2_pkey on sbtest2  (cost=0.43..10.32 rows=94 width=4)
	  Index Cond: ((id >= 6241001) AND (id <= 6241101))

table 3 : explain SELECT id FROM sbtest3 WHERE id BETWEEN 6241001 AND 6241101
	Index Only Scan using sbtest3_pkey on sbtest3  (cost=0.43..6.66 rows=111 width=4)
	  Index Cond: ((id >= 6241001) AND (id <= 6241101))

table 4 : explain SELECT id FROM sbtest4 WHERE id BETWEEN 6241001 AND 6241101
	Index Only Scan using sbtest4_pkey on sbtest4  (cost=0.43..6.32 rows=94 width=4)
	  Index Cond: ((id >= 6241001) AND (id <= 6241101))

table 5 : explain SELECT id FROM sbtest5 WHERE id BETWEEN 6241001 AND 6241101
	Index Only Scan using sbtest5_pkey on sbtest5  (cost=0.43..6.42 rows=99 width=4)
	  Index Cond: ((id >= 6241001) AND (id <= 6241101))

table 6 : explain SELECT id FROM sbtest6 WHERE id BETWEEN 6241001 AND 6241101
	Index Only Scan using sbtest6_pkey on sbtest6  (cost=0.43..6.33 rows=95 width=4)
	  Index Cond: ((id >= 6241001) AND (id <= 6241101))

table 7 : explain SELECT id FROM sbtest7 WHERE id BETWEEN 6241001 AND 6241101
	Index Only Scan using sbtest7_pkey on sbtest7  (cost=0.43..6.32 rows=94 width=4)
	  Index Cond: ((id >= 6241001) AND (id <= 6241101))

table 8 : explain SELECT id FROM sbtest8 WHERE id BETWEEN 6241001 AND 6241101
	Index Only Scan using sbtest8_pkey on sbtest8  (cost=0.43..10.60 rows=108 width=4)
	  Index Cond: ((id >= 6241001) AND (id <= 6241101))

for range-covered
table 1 : explain SELECT id FROM sbtest1 WHERE id BETWEEN 6637270 AND 6637370
	Index Only Scan using sbtest1_pkey on sbtest1  (cost=0.43..6.32 rows=94 width=4)
	  Index Cond: ((id >= 6637270) AND (id <= 6637370))

table 2 : explain SELECT id FROM sbtest2 WHERE id BETWEEN 6637270 AND 6637370
	Index Only Scan using sbtest2_pkey on sbtest2  (cost=0.43..10.63 rows=110 width=4)
	  Index Cond: ((id >= 6637270) AND (id <= 6637370))

table 3 : explain SELECT id FROM sbtest3 WHERE id BETWEEN 6637270 AND 6637370
	Index Only Scan using sbtest3_pkey on sbtest3  (cost=0.43..6.47 rows=102 width=4)
	  Index Cond: ((id >= 6637270) AND (id <= 6637370))

table 4 : explain SELECT id FROM sbtest4 WHERE id BETWEEN 6637270 AND 6637370
	Index Only Scan using sbtest4_pkey on sbtest4  (cost=0.43..6.42 rows=99 width=4)
	  Index Cond: ((id >= 6637270) AND (id <= 6637370))

table 5 : explain SELECT id FROM sbtest5 WHERE id BETWEEN 6637270 AND 6637370
	Index Only Scan using sbtest5_pkey on sbtest5  (cost=0.43..6.24 rows=90 width=4)
	  Index Cond: ((id >= 6637270) AND (id <= 6637370))

table 6 : explain SELECT id FROM sbtest6 WHERE id BETWEEN 6637270 AND 6637370
	Index Only Scan using sbtest6_pkey on sbtest6  (cost=0.43..6.29 rows=93 width=4)
	  Index Cond: ((id >= 6637270) AND (id <= 6637370))

table 7 : explain SELECT id FROM sbtest7 WHERE id BETWEEN 6637270 AND 6637370
	Index Only Scan using sbtest7_pkey on sbtest7  (cost=0.43..6.32 rows=94 width=4)
	  Index Cond: ((id >= 6637270) AND (id <= 6637370))

table 8 : explain SELECT id FROM sbtest8 WHERE id BETWEEN 6637270 AND 6637370
	Index Only Scan using sbtest8_pkey on sbtest8  (cost=0.43..10.26 rows=91 width=4)
	  Index Cond: ((id >= 6637270) AND (id <= 6637370))

explain: for range-covered :: explain SELECT id FROM sbtest%d WHERE id BETWEEN 8062237 AND 8062337
explain: for range-covered :: explain SELECT id FROM sbtest%d WHERE id BETWEEN 6241001 AND 6241101
explain: for range-covered :: explain SELECT id FROM sbtest%d WHERE id BETWEEN 6637270 AND 6637370
for range-covered
table 1 : explain SELECT id FROM sbtest1 WHERE id BETWEEN 2541095 AND 2541195
	Index Only Scan using sbtest1_pkey on sbtest1  (cost=0.43..6.43 rows=100 width=4)
	  Index Cond: ((id >= 2541095) AND (id <= 2541195))

table 2 : explain SELECT id FROM sbtest2 WHERE id BETWEEN 2541095 AND 2541195
	Index Only Scan using sbtest2_pkey on sbtest2  (cost=0.43..10.29 rows=93 width=4)
	  Index Cond: ((id >= 2541095) AND (id <= 2541195))

table 3 : explain SELECT id FROM sbtest3 WHERE id BETWEEN 2541095 AND 2541195
	Index Only Scan using sbtest3_pkey on sbtest3  (cost=0.43..6.45 rows=101 width=4)
	  Index Cond: ((id >= 2541095) AND (id <= 2541195))

table 4 : explain SELECT id FROM sbtest4 WHERE id BETWEEN 2541095 AND 2541195
	Index Only Scan using sbtest4_pkey on sbtest4  (cost=0.43..6.35 rows=96 width=4)
	  Index Cond: ((id >= 2541095) AND (id <= 2541195))

table 5 : explain SELECT id FROM sbtest5 WHERE id BETWEEN 2541095 AND 2541195
	Index Only Scan using sbtest5_pkey on sbtest5  (cost=0.43..6.47 rows=102 width=4)
	  Index Cond: ((id >= 2541095) AND (id <= 2541195))

table 6 : explain SELECT id FROM sbtest6 WHERE id BETWEEN 2541095 AND 2541195
	Index Only Scan using sbtest6_pkey on sbtest6  (cost=0.43..6.42 rows=99 width=4)
	  Index Cond: ((id >= 2541095) AND (id <= 2541195))

table 7 : explain SELECT id FROM sbtest7 WHERE id BETWEEN 2541095 AND 2541195
	Index Only Scan using sbtest7_pkey on sbtest7  (cost=0.43..6.45 rows=101 width=4)
	  Index Cond: ((id >= 2541095) AND (id <= 2541195))

table 8 : explain SELECT id FROM sbtest8 WHERE id BETWEEN 2541095 AND 2541195
	Index Only Scan using sbtest8_pkey on sbtest8  (cost=0.43..10.51 rows=104 width=4)
	  Index Cond: ((id >= 2541095) AND (id <= 2541195))

for range-covered
table 1 : explain SELECT id FROM sbtest1 WHERE id BETWEEN 7397436 AND 7397536
	Index Only Scan using sbtest1_pkey on sbtest1  (cost=0.43..6.40 rows=98 width=4)
	  Index Cond: ((id >= 7397436) AND (id <= 7397536))

table 2 : explain SELECT id FROM sbtest2 WHERE id BETWEEN 7397436 AND 7397536
	Index Only Scan using sbtest2_pkey on sbtest2  (cost=0.43..10.28 rows=92 width=4)
	  Index Cond: ((id >= 7397436) AND (id <= 7397536))

table 3 : explain SELECT id FROM sbtest3 WHERE id BETWEEN 7397436 AND 7397536
	Index Only Scan using sbtest3_pkey on sbtest3  (cost=0.43..6.25 rows=91 width=4)
	  Index Cond: ((id >= 7397436) AND (id <= 7397536))

table 4 : explain SELECT id FROM sbtest4 WHERE id BETWEEN 7397436 AND 7397536
	Index Only Scan using sbtest4_pkey on sbtest4  (cost=0.43..6.29 rows=93 width=4)
	  Index Cond: ((id >= 7397436) AND (id <= 7397536))

table 5 : explain SELECT id FROM sbtest5 WHERE id BETWEEN 7397436 AND 7397536
	Index Only Scan using sbtest5_pkey on sbtest5  (cost=0.43..6.35 rows=96 width=4)
	  Index Cond: ((id >= 7397436) AND (id <= 7397536))

table 6 : explain SELECT id FROM sbtest6 WHERE id BETWEEN 7397436 AND 7397536
	Index Only Scan using sbtest6_pkey on sbtest6  (cost=0.43..6.53 rows=105 width=4)
	  Index Cond: ((id >= 7397436) AND (id <= 7397536))

table 7 : explain SELECT id FROM sbtest7 WHERE id BETWEEN 7397436 AND 7397536
	Index Only Scan using sbtest7_pkey on sbtest7  (cost=0.43..6.27 rows=92 width=4)
	  Index Cond: ((id >= 7397436) AND (id <= 7397536))

table 8 : explain SELECT id FROM sbtest8 WHERE id BETWEEN 7397436 AND 7397536
	Index Only Scan using sbtest8_pkey on sbtest8  (cost=0.43..10.26 rows=91 width=4)
	  Index Cond: ((id >= 7397436) AND (id <= 7397536))

for range-covered
table 1 : explain SELECT id FROM sbtest1 WHERE id BETWEEN 6723052 AND 6723152
	Index Only Scan using sbtest1_pkey on sbtest1  (cost=0.43..6.32 rows=94 width=4)
	  Index Cond: ((id >= 6723052) AND (id <= 6723152))

table 2 : explain SELECT id FROM sbtest2 WHERE id BETWEEN 6723052 AND 6723152
	Index Only Scan using sbtest2_pkey on sbtest2  (cost=0.43..10.44 rows=100 width=4)
	  Index Cond: ((id >= 6723052) AND (id <= 6723152))

table 3 : explain SELECT id FROM sbtest3 WHERE id BETWEEN 6723052 AND 6723152
	Index Only Scan using sbtest3_pkey on sbtest3  (cost=0.43..6.43 rows=100 width=4)
	  Index Cond: ((id >= 6723052) AND (id <= 6723152))

table 4 : explain SELECT id FROM sbtest4 WHERE id BETWEEN 6723052 AND 6723152
	Index Only Scan using sbtest4_pkey on sbtest4  (cost=0.43..6.43 rows=100 width=4)
	  Index Cond: ((id >= 6723052) AND (id <= 6723152))

table 5 : explain SELECT id FROM sbtest5 WHERE id BETWEEN 6723052 AND 6723152
	Index Only Scan using sbtest5_pkey on sbtest5  (cost=0.43..6.33 rows=95 width=4)
	  Index Cond: ((id >= 6723052) AND (id <= 6723152))

table 6 : explain SELECT id FROM sbtest6 WHERE id BETWEEN 6723052 AND 6723152
	Index Only Scan using sbtest6_pkey on sbtest6  (cost=0.43..6.51 rows=104 width=4)
	  Index Cond: ((id >= 6723052) AND (id <= 6723152))

table 7 : explain SELECT id FROM sbtest7 WHERE id BETWEEN 6723052 AND 6723152
	Index Only Scan using sbtest7_pkey on sbtest7  (cost=0.43..6.40 rows=98 width=4)
	  Index Cond: ((id >= 6723052) AND (id <= 6723152))

table 8 : explain SELECT id FROM sbtest8 WHERE id BETWEEN 6723052 AND 6723152
	Index Only Scan using sbtest8_pkey on sbtest8  (cost=0.43..10.63 rows=110 width=4)
	  Index Cond: ((id >= 6723052) AND (id <= 6723152))

explain: for range-covered :: explain SELECT id FROM sbtest%d WHERE id BETWEEN 2541095 AND 2541195
for range-covered
table 1 : explain SELECT id FROM sbtest1 WHERE id BETWEEN 3319398 AND 3319498
	Index Only Scan using sbtest1_pkey on sbtest1  (cost=0.43..6.47 rows=102 width=4)
	  Index Cond: ((id >= 3319398) AND (id <= 3319498))

table 2 : explain SELECT id FROM sbtest2 WHERE id BETWEEN 3319398 AND 3319498
	Index Only Scan using sbtest2_pkey on sbtest2  (cost=0.43..10.47 rows=102 width=4)
	  Index Cond: ((id >= 3319398) AND (id <= 3319498))

table 3 : explain SELECT id FROM sbtest3 WHERE id BETWEEN 3319398 AND 3319498
	Index Only Scan using sbtest3_pkey on sbtest3  (cost=0.43..6.58 rows=107 width=4)
	  Index Cond: ((id >= 3319398) AND (id <= 3319498))

table 4 : explain SELECT id FROM sbtest4 WHERE id BETWEEN 3319398 AND 3319498
	Index Only Scan using sbtest4_pkey on sbtest4  (cost=0.43..6.37 rows=97 width=4)
	  Index Cond: ((id >= 3319398) AND (id <= 3319498))

table 5 : explain SELECT id FROM sbtest5 WHERE id BETWEEN 3319398 AND 3319498
	Index Only Scan using sbtest5_pkey on sbtest5  (cost=0.43..6.40 rows=98 width=4)
	  Index Cond: ((id >= 3319398) AND (id <= 3319498))

table 6 : explain SELECT id FROM sbtest6 WHERE id BETWEEN 3319398 AND 3319498
	Index Only Scan using sbtest6_pkey on sbtest6  (cost=0.43..6.37 rows=97 width=4)
	  Index Cond: ((id >= 3319398) AND (id <= 3319498))

table 7 : explain SELECT id FROM sbtest7 WHERE id BETWEEN 3319398 AND 3319498
	Index Only Scan using sbtest7_pkey on sbtest7  (cost=0.43..6.33 rows=95 width=4)
	  Index Cond: ((id >= 3319398) AND (id <= 3319498))

table 8 : explain SELECT id FROM sbtest8 WHERE id BETWEEN 3319398 AND 3319498
	Index Only Scan using sbtest8_pkey on sbtest8  (cost=0.43..10.62 rows=109 width=4)
	  Index Cond: ((id >= 3319398) AND (id <= 3319498))

explain: for range-covered :: explain SELECT id FROM sbtest%d WHERE id BETWEEN 7397436 AND 7397536
for range-covered
table 1 : explain SELECT id FROM sbtest1 WHERE id BETWEEN 2897902 AND 2898002
	Index Only Scan using sbtest1_pkey on sbtest1  (cost=0.43..6.66 rows=111 width=4)
	  Index Cond: ((id >= 2897902) AND (id <= 2898002))

table 2 : explain SELECT id FROM sbtest2 WHERE id BETWEEN 2897902 AND 2898002
	Index Only Scan using sbtest2_pkey on sbtest2  (cost=0.43..10.63 rows=110 width=4)
	  Index Cond: ((id >= 2897902) AND (id <= 2898002))

table 3 : explain SELECT id FROM sbtest3 WHERE id BETWEEN 2897902 AND 2898002
	Index Only Scan using sbtest3_pkey on sbtest3  (cost=0.43..6.45 rows=101 width=4)
	  Index Cond: ((id >= 2897902) AND (id <= 2898002))

table 4 : explain SELECT id FROM sbtest4 WHERE id BETWEEN 2897902 AND 2898002
	Index Only Scan using sbtest4_pkey on sbtest4  (cost=0.43..6.45 rows=101 width=4)
	  Index Cond: ((id >= 2897902) AND (id <= 2898002))

table 5 : explain SELECT id FROM sbtest5 WHERE id BETWEEN 2897902 AND 2898002
	Index Only Scan using sbtest5_pkey on sbtest5  (cost=0.43..6.47 rows=102 width=4)
	  Index Cond: ((id >= 2897902) AND (id <= 2898002))

table 6 : explain SELECT id FROM sbtest6 WHERE id BETWEEN 2897902 AND 2898002
	Index Only Scan using sbtest6_pkey on sbtest6  (cost=0.43..6.32 rows=94 width=4)
	  Index Cond: ((id >= 2897902) AND (id <= 2898002))

table 7 : explain SELECT id FROM sbtest7 WHERE id BETWEEN 2897902 AND 2898002
	Index Only Scan using sbtest7_pkey on sbtest7  (cost=0.43..6.35 rows=96 width=4)
	  Index Cond: ((id >= 2897902) AND (id <= 2898002))

table 8 : explain SELECT id FROM sbtest8 WHERE id BETWEEN 2897902 AND 2898002
	Index Only Scan using sbtest8_pkey on sbtest8  (cost=0.43..10.36 rows=96 width=4)
	  Index Cond: ((id >= 2897902) AND (id <= 2898002))

explain: for range-covered :: explain SELECT id FROM sbtest%d WHERE id BETWEEN 3319398 AND 3319498
explain: for range-covered :: explain SELECT id FROM sbtest%d WHERE id BETWEEN 6723052 AND 6723152
explain: for range-covered :: explain SELECT id FROM sbtest%d WHERE id BETWEEN 2897902 AND 2898002
for range-covered
table 1 : explain SELECT id FROM sbtest1 WHERE id BETWEEN 6241001 AND 6241101
	Index Only Scan using sbtest1_pkey on sbtest1  (cost=0.43..6.42 rows=99 width=4)
	  Index Cond: ((id >= 6241001) AND (id <= 6241101))

table 2 : explain SELECT id FROM sbtest2 WHERE id BETWEEN 6241001 AND 6241101
	Index Only Scan using sbtest2_pkey on sbtest2  (cost=0.43..10.32 rows=94 width=4)
	  Index Cond: ((id >= 6241001) AND (id <= 6241101))

table 3 : explain SELECT id FROM sbtest3 WHERE id BETWEEN 6241001 AND 6241101
	Index Only Scan using sbtest3_pkey on sbtest3  (cost=0.43..6.66 rows=111 width=4)
	  Index Cond: ((id >= 6241001) AND (id <= 6241101))

table 4 : explain SELECT id FROM sbtest4 WHERE id BETWEEN 6241001 AND 6241101
	Index Only Scan using sbtest4_pkey on sbtest4  (cost=0.43..6.32 rows=94 width=4)
	  Index Cond: ((id >= 6241001) AND (id <= 6241101))

table 5 : explain SELECT id FROM sbtest5 WHERE id BETWEEN 6241001 AND 6241101
	Index Only Scan using sbtest5_pkey on sbtest5  (cost=0.43..6.42 rows=99 width=4)
	  Index Cond: ((id >= 6241001) AND (id <= 6241101))

table 6 : explain SELECT id FROM sbtest6 WHERE id BETWEEN 6241001 AND 6241101
	Index Only Scan using sbtest6_pkey on sbtest6  (cost=0.43..6.33 rows=95 width=4)
	  Index Cond: ((id >= 6241001) AND (id <= 6241101))

table 7 : explain SELECT id FROM sbtest7 WHERE id BETWEEN 6241001 AND 6241101
	Index Only Scan using sbtest7_pkey on sbtest7  (cost=0.43..6.32 rows=94 width=4)
	  Index Cond: ((id >= 6241001) AND (id <= 6241101))

table 8 : explain SELECT id FROM sbtest8 WHERE id BETWEEN 6241001 AND 6241101
	Index Only Scan using sbtest8_pkey on sbtest8  (cost=0.43..10.60 rows=108 width=4)
	  Index Cond: ((id >= 6241001) AND (id <= 6241101))

for range-covered
table 1 : explain SELECT id FROM sbtest1 WHERE id BETWEEN 8062237 AND 8062337
	Index Only Scan using sbtest1_pkey on sbtest1  (cost=0.43..6.63 rows=110 width=4)
	  Index Cond: ((id >= 8062237) AND (id <= 8062337))

table 2 : explain SELECT id FROM sbtest2 WHERE id BETWEEN 8062237 AND 8062337
	Index Only Scan using sbtest2_pkey on sbtest2  (cost=0.43..10.47 rows=102 width=4)
	  Index Cond: ((id >= 8062237) AND (id <= 8062337))

table 3 : explain SELECT id FROM sbtest3 WHERE id BETWEEN 8062237 AND 8062337
	Index Only Scan using sbtest3_pkey on sbtest3  (cost=0.43..6.43 rows=100 width=4)
	  Index Cond: ((id >= 8062237) AND (id <= 8062337))

table 4 : explain SELECT id FROM sbtest4 WHERE id BETWEEN 8062237 AND 8062337
	Index Only Scan using sbtest4_pkey on sbtest4  (cost=0.43..6.42 rows=99 width=4)
	  Index Cond: ((id >= 8062237) AND (id <= 8062337))

table 5 : explain SELECT id FROM sbtest5 WHERE id BETWEEN 8062237 AND 8062337
	Index Only Scan using sbtest5_pkey on sbtest5  (cost=0.43..6.43 rows=100 width=4)
	  Index Cond: ((id >= 8062237) AND (id <= 8062337))

table 6 : explain SELECT id FROM sbtest6 WHERE id BETWEEN 8062237 AND 8062337
	Index Only Scan using sbtest6_pkey on sbtest6  (cost=0.43..6.50 rows=103 width=4)
	  Index Cond: ((id >= 8062237) AND (id <= 8062337))

table 7 : explain SELECT id FROM sbtest7 WHERE id BETWEEN 8062237 AND 8062337
	Index Only Scan using sbtest7_pkey on sbtest7  (cost=0.43..6.35 rows=96 width=4)
	  Index Cond: ((id >= 8062237) AND (id <= 8062337))

table 8 : explain SELECT id FROM sbtest8 WHERE id BETWEEN 8062237 AND 8062337
	Index Only Scan using sbtest8_pkey on sbtest8  (cost=0.43..10.38 rows=97 width=4)
	  Index Cond: ((id >= 8062237) AND (id <= 8062337))

for range-covered
table 1 : explain SELECT id FROM sbtest1 WHERE id BETWEEN 6637270 AND 6637370
	Index Only Scan using sbtest1_pkey on sbtest1  (cost=0.43..6.32 rows=94 width=4)
	  Index Cond: ((id >= 6637270) AND (id <= 6637370))

table 2 : explain SELECT id FROM sbtest2 WHERE id BETWEEN 6637270 AND 6637370
	Index Only Scan using sbtest2_pkey on sbtest2  (cost=0.43..10.63 rows=110 width=4)
	  Index Cond: ((id >= 6637270) AND (id <= 6637370))

table 3 : explain SELECT id FROM sbtest3 WHERE id BETWEEN 6637270 AND 6637370
	Index Only Scan using sbtest3_pkey on sbtest3  (cost=0.43..6.47 rows=102 width=4)
	  Index Cond: ((id >= 6637270) AND (id <= 6637370))

table 4 : explain SELECT id FROM sbtest4 WHERE id BETWEEN 6637270 AND 6637370
	Index Only Scan using sbtest4_pkey on sbtest4  (cost=0.43..6.42 rows=99 width=4)
	  Index Cond: ((id >= 6637270) AND (id <= 6637370))

table 5 : explain SELECT id FROM sbtest5 WHERE id BETWEEN 6637270 AND 6637370
	Index Only Scan using sbtest5_pkey on sbtest5  (cost=0.43..6.24 rows=90 width=4)
	  Index Cond: ((id >= 6637270) AND (id <= 6637370))

table 6 : explain SELECT id FROM sbtest6 WHERE id BETWEEN 6637270 AND 6637370
	Index Only Scan using sbtest6_pkey on sbtest6  (cost=0.43..6.29 rows=93 width=4)
	  Index Cond: ((id >= 6637270) AND (id <= 6637370))

table 7 : explain SELECT id FROM sbtest7 WHERE id BETWEEN 6637270 AND 6637370
	Index Only Scan using sbtest7_pkey on sbtest7  (cost=0.43..6.32 rows=94 width=4)
	  Index Cond: ((id >= 6637270) AND (id <= 6637370))

table 8 : explain SELECT id FROM sbtest8 WHERE id BETWEEN 6637270 AND 6637370
	Index Only Scan using sbtest8_pkey on sbtest8  (cost=0.43..10.26 rows=91 width=4)
	  Index Cond: ((id >= 6637270) AND (id <= 6637370))

explain: for range-covered :: explain SELECT id FROM sbtest%d WHERE id BETWEEN 6241001 AND 6241101
explain: for range-covered :: explain SELECT id FROM sbtest%d WHERE id BETWEEN 8062237 AND 8062337
explain: for range-covered :: explain SELECT id FROM sbtest%d WHERE id BETWEEN 6637270 AND 6637370
for range-covered
table 1 : explain SELECT id FROM sbtest1 WHERE id BETWEEN 2541095 AND 2541195
	Index Only Scan using sbtest1_pkey on sbtest1  (cost=0.43..6.43 rows=100 width=4)
	  Index Cond: ((id >= 2541095) AND (id <= 2541195))

table 2 : explain SELECT id FROM sbtest2 WHERE id BETWEEN 2541095 AND 2541195
	Index Only Scan using sbtest2_pkey on sbtest2  (cost=0.43..10.29 rows=93 width=4)
	  Index Cond: ((id >= 2541095) AND (id <= 2541195))

table 3 : explain SELECT id FROM sbtest3 WHERE id BETWEEN 2541095 AND 2541195
	Index Only Scan using sbtest3_pkey on sbtest3  (cost=0.43..6.45 rows=101 width=4)
	  Index Cond: ((id >= 2541095) AND (id <= 2541195))

table 4 : explain SELECT id FROM sbtest4 WHERE id BETWEEN 2541095 AND 2541195
	Index Only Scan using sbtest4_pkey on sbtest4  (cost=0.43..6.35 rows=96 width=4)
	  Index Cond: ((id >= 2541095) AND (id <= 2541195))

table 5 : explain SELECT id FROM sbtest5 WHERE id BETWEEN 2541095 AND 2541195
	Index Only Scan using sbtest5_pkey on sbtest5  (cost=0.43..6.47 rows=102 width=4)
	  Index Cond: ((id >= 2541095) AND (id <= 2541195))

table 6 : explain SELECT id FROM sbtest6 WHERE id BETWEEN 2541095 AND 2541195
	Index Only Scan using sbtest6_pkey on sbtest6  (cost=0.43..6.42 rows=99 width=4)
	  Index Cond: ((id >= 2541095) AND (id <= 2541195))

table 7 : explain SELECT id FROM sbtest7 WHERE id BETWEEN 2541095 AND 2541195
	Index Only Scan using sbtest7_pkey on sbtest7  (cost=0.43..6.45 rows=101 width=4)
	  Index Cond: ((id >= 2541095) AND (id <= 2541195))

table 8 : explain SELECT id FROM sbtest8 WHERE id BETWEEN 2541095 AND 2541195
	Index Only Scan using sbtest8_pkey on sbtest8  (cost=0.43..10.51 rows=104 width=4)
	  Index Cond: ((id >= 2541095) AND (id <= 2541195))

for range-covered
table 1 : explain SELECT id FROM sbtest1 WHERE id BETWEEN 3319398 AND 3319498
	Index Only Scan using sbtest1_pkey on sbtest1  (cost=0.43..6.47 rows=102 width=4)
	  Index Cond: ((id >= 3319398) AND (id <= 3319498))

table 2 : explain SELECT id FROM sbtest2 WHERE id BETWEEN 3319398 AND 3319498
	Index Only Scan using sbtest2_pkey on sbtest2  (cost=0.43..10.47 rows=102 width=4)
	  Index Cond: ((id >= 3319398) AND (id <= 3319498))

table 3 : explain SELECT id FROM sbtest3 WHERE id BETWEEN 3319398 AND 3319498
	Index Only Scan using sbtest3_pkey on sbtest3  (cost=0.43..6.58 rows=107 width=4)
	  Index Cond: ((id >= 3319398) AND (id <= 3319498))

table 4 : explain SELECT id FROM sbtest4 WHERE id BETWEEN 3319398 AND 3319498
	Index Only Scan using sbtest4_pkey on sbtest4  (cost=0.43..6.37 rows=97 width=4)
	  Index Cond: ((id >= 3319398) AND (id <= 3319498))

table 5 : explain SELECT id FROM sbtest5 WHERE id BETWEEN 3319398 AND 3319498
	Index Only Scan using sbtest5_pkey on sbtest5  (cost=0.43..6.40 rows=98 width=4)
	  Index Cond: ((id >= 3319398) AND (id <= 3319498))

table 6 : explain SELECT id FROM sbtest6 WHERE id BETWEEN 3319398 AND 3319498
	Index Only Scan using sbtest6_pkey on sbtest6  (cost=0.43..6.37 rows=97 width=4)
	  Index Cond: ((id >= 3319398) AND (id <= 3319498))

table 7 : explain SELECT id FROM sbtest7 WHERE id BETWEEN 3319398 AND 3319498
	Index Only Scan using sbtest7_pkey on sbtest7  (cost=0.43..6.33 rows=95 width=4)
	  Index Cond: ((id >= 3319398) AND (id <= 3319498))

table 8 : explain SELECT id FROM sbtest8 WHERE id BETWEEN 3319398 AND 3319498
	Index Only Scan using sbtest8_pkey on sbtest8  (cost=0.43..10.62 rows=109 width=4)
	  Index Cond: ((id >= 3319398) AND (id <= 3319498))

explain: for range-covered :: explain SELECT id FROM sbtest%d WHERE id BETWEEN 2541095 AND 2541195
for range-covered
table 1 : explain SELECT id FROM sbtest1 WHERE id BETWEEN 2897902 AND 2898002
	Index Only Scan using sbtest1_pkey on sbtest1  (cost=0.43..6.66 rows=111 width=4)
	  Index Cond: ((id >= 2897902) AND (id <= 2898002))

table 2 : explain SELECT id FROM sbtest2 WHERE id BETWEEN 2897902 AND 2898002
	Index Only Scan using sbtest2_pkey on sbtest2  (cost=0.43..10.63 rows=110 width=4)
	  Index Cond: ((id >= 2897902) AND (id <= 2898002))

table 3 : explain SELECT id FROM sbtest3 WHERE id BETWEEN 2897902 AND 2898002
	Index Only Scan using sbtest3_pkey on sbtest3  (cost=0.43..6.45 rows=101 width=4)
	  Index Cond: ((id >= 2897902) AND (id <= 2898002))

table 4 : explain SELECT id FROM sbtest4 WHERE id BETWEEN 2897902 AND 2898002
	Index Only Scan using sbtest4_pkey on sbtest4  (cost=0.43..6.45 rows=101 width=4)
	  Index Cond: ((id >= 2897902) AND (id <= 2898002))

table 5 : explain SELECT id FROM sbtest5 WHERE id BETWEEN 2897902 AND 2898002
	Index Only Scan using sbtest5_pkey on sbtest5  (cost=0.43..6.47 rows=102 width=4)
	  Index Cond: ((id >= 2897902) AND (id <= 2898002))

table 6 : explain SELECT id FROM sbtest6 WHERE id BETWEEN 2897902 AND 2898002
	Index Only Scan using sbtest6_pkey on sbtest6  (cost=0.43..6.32 rows=94 width=4)
	  Index Cond: ((id >= 2897902) AND (id <= 2898002))

table 7 : explain SELECT id FROM sbtest7 WHERE id BETWEEN 2897902 AND 2898002
	Index Only Scan using sbtest7_pkey on sbtest7  (cost=0.43..6.35 rows=96 width=4)
	  Index Cond: ((id >= 2897902) AND (id <= 2898002))

table 8 : explain SELECT id FROM sbtest8 WHERE id BETWEEN 2897902 AND 2898002
	Index Only Scan using sbtest8_pkey on sbtest8  (cost=0.43..10.36 rows=96 width=4)
	  Index Cond: ((id >= 2897902) AND (id <= 2898002))

explain: for range-covered :: explain SELECT id FROM sbtest%d WHERE id BETWEEN 3319398 AND 3319498
for range-covered
table 1 : explain SELECT id FROM sbtest1 WHERE id BETWEEN 6241001 AND 6241101
	Index Only Scan using sbtest1_pkey on sbtest1  (cost=0.43..6.42 rows=99 width=4)
	  Index Cond: ((id >= 6241001) AND (id <= 6241101))

table 2 : explain SELECT id FROM sbtest2 WHERE id BETWEEN 6241001 AND 6241101
	Index Only Scan using sbtest2_pkey on sbtest2  (cost=0.43..10.32 rows=94 width=4)
	  Index Cond: ((id >= 6241001) AND (id <= 6241101))

table 3 : explain SELECT id FROM sbtest3 WHERE id BETWEEN 6241001 AND 6241101
	Index Only Scan using sbtest3_pkey on sbtest3  (cost=0.43..6.66 rows=111 width=4)
	  Index Cond: ((id >= 6241001) AND (id <= 6241101))

table 4 : explain SELECT id FROM sbtest4 WHERE id BETWEEN 6241001 AND 6241101
	Index Only Scan using sbtest4_pkey on sbtest4  (cost=0.43..6.32 rows=94 width=4)
	  Index Cond: ((id >= 6241001) AND (id <= 6241101))

table 5 : explain SELECT id FROM sbtest5 WHERE id BETWEEN 6241001 AND 6241101
	Index Only Scan using sbtest5_pkey on sbtest5  (cost=0.43..6.42 rows=99 width=4)
	  Index Cond: ((id >= 6241001) AND (id <= 6241101))

table 6 : explain SELECT id FROM sbtest6 WHERE id BETWEEN 6241001 AND 6241101
	Index Only Scan using sbtest6_pkey on sbtest6  (cost=0.43..6.33 rows=95 width=4)
	  Index Cond: ((id >= 6241001) AND (id <= 6241101))

table 7 : explain SELECT id FROM sbtest7 WHERE id BETWEEN 6241001 AND 6241101
	Index Only Scan using sbtest7_pkey on sbtest7  (cost=0.43..6.32 rows=94 width=4)
	  Index Cond: ((id >= 6241001) AND (id <= 6241101))

table 8 : explain SELECT id FROM sbtest8 WHERE id BETWEEN 6241001 AND 6241101
	Index Only Scan using sbtest8_pkey on sbtest8  (cost=0.43..10.60 rows=108 width=4)
	  Index Cond: ((id >= 6241001) AND (id <= 6241101))

explain: for range-covered :: explain SELECT id FROM sbtest%d WHERE id BETWEEN 2897902 AND 2898002for range-covered
table 1 : explain SELECT id FROM sbtest1 WHERE id BETWEEN 8062237 AND 8062337
	Index Only Scan using sbtest1_pkey on sbtest1  (cost=0.43..6.63 rows=110 width=4)
	  Index Cond: ((id >= 8062237) AND (id <= 8062337))

table 2 : explain SELECT id FROM sbtest2 WHERE id BETWEEN 8062237 AND 8062337
	Index Only Scan using sbtest2_pkey on sbtest2  (cost=0.43..10.47 rows=102 width=4)
	  Index Cond: ((id >= 8062237) AND (id <= 8062337))

table 3 : explain SELECT id FROM sbtest3 WHERE id BETWEEN 8062237 AND 8062337
	Index Only Scan using sbtest3_pkey on sbtest3  (cost=0.43..6.43 rows=100 width=4)
	  Index Cond: ((id >= 8062237) AND (id <= 8062337))

table 4 : explain SELECT id FROM sbtest4 WHERE id BETWEEN 8062237 AND 8062337
	Index Only Scan using sbtest4_pkey on sbtest4  (cost=0.43..6.42 rows=99 width=4)
	  Index Cond: ((id >= 8062237) AND (id <= 8062337))

table 5 : explain SELECT id FROM sbtest5 WHERE id BETWEEN 8062237 AND 8062337
	Index Only Scan using sbtest5_pkey on sbtest5  (cost=0.43..6.43 rows=100 width=4)
	  Index Cond: ((id >= 8062237) AND (id <= 8062337))

table 6 : explain SELECT id FROM sbtest6 WHERE id BETWEEN 8062237 AND 8062337
	Index Only Scan using sbtest6_pkey on sbtest6  (cost=0.43..6.50 rows=103 width=4)
	  Index Cond: ((id >= 8062237) AND (id <= 8062337))

table 7 : explain SELECT id FROM sbtest7 WHERE id BETWEEN 8062237 AND 8062337
	Index Only Scan using sbtest7_pkey on sbtest7  (cost=0.43..6.35 rows=96 width=4)
	  Index Cond: ((id >= 8062237) AND (id <= 8062337))

table 8 : explain SELECT id FROM sbtest8 WHERE id BETWEEN 8062237 AND 8062337
	Index Only Scan using sbtest8_pkey on sbtest8  (cost=0.43..10.38 rows=97 width=4)
	  Index Cond: ((id >= 8062237) AND (id <= 8062337))

for range-covered
table 1 : explain SELECT id FROM sbtest1 WHERE id BETWEEN 6637270 AND 6637370
	Index Only Scan using sbtest1_pkey on sbtest1  (cost=0.43..6.32 rows=94 width=4)
	  Index Cond: ((id >= 6637270) AND (id <= 6637370))

table 2 : explain SELECT id FROM sbtest2 WHERE id BETWEEN 6637270 AND 6637370
	Index Only Scan using sbtest2_pkey on sbtest2  (cost=0.43..10.63 rows=110 width=4)
	  Index Cond: ((id >= 6637270) AND (id <= 6637370))

table 3 : explain SELECT id FROM sbtest3 WHERE id BETWEEN 6637270 AND 6637370
	Index Only Scan using sbtest3_pkey on sbtest3  (cost=0.43..6.47 rows=102 width=4)
	  Index Cond: ((id >= 6637270) AND (id <= 6637370))

table 4 : explain SELECT id FROM sbtest4 WHERE id BETWEEN 6637270 AND 6637370
	Index Only Scan using sbtest4_pkey on sbtest4  (cost=0.43..6.42 rows=99 width=4)
	  Index Cond: ((id >= 6637270) AND (id <= 6637370))

table 5 : explain SELECT id FROM sbtest5 WHERE id BETWEEN 6637270 AND 6637370
	Index Only Scan using sbtest5_pkey on sbtest5  (cost=0.43..6.24 rows=90 width=4)
	  Index Cond: ((id >= 6637270) AND (id <= 6637370))

table 6 : explain SELECT id FROM sbtest6 WHERE id BETWEEN 6637270 AND 6637370
	Index Only Scan using sbtest6_pkey on sbtest6  (cost=0.43..6.29 rows=93 width=4)
	  Index Cond: ((id >= 6637270) AND (id <= 6637370))

table 7 : explain SELECT id FROM sbtest7 WHERE id BETWEEN 6637270 AND 6637370
	Index Only Scan using sbtest7_pkey on sbtest7  (cost=0.43..6.32 rows=94 width=4)
	  Index Cond: ((id >= 6637270) AND (id <= 6637370))

table 8 : explain SELECT id FROM sbtest8 WHERE id BETWEEN 6637270 AND 6637370
	Index Only Scan using sbtest8_pkey on sbtest8  (cost=0.43..10.26 rows=91 width=4)
	  Index Cond: ((id >= 6637270) AND (id <= 6637370))


explain: for range-covered :: explain SELECT id FROM sbtest%d WHERE id BETWEEN 6241001 AND 6241101
explain: for range-covered :: explain SELECT id FROM sbtest%d WHERE id BETWEEN 8062237 AND 8062337
for range-covered
table 1 : explain SELECT id FROM sbtest1 WHERE id BETWEEN 7397436 AND 7397536
	Index Only Scan using sbtest1_pkey on sbtest1  (cost=0.43..6.40 rows=98 width=4)
	  Index Cond: ((id >= 7397436) AND (id <= 7397536))

table 2 : explain SELECT id FROM sbtest2 WHERE id BETWEEN 7397436 AND 7397536
	Index Only Scan using sbtest2_pkey on sbtest2  (cost=0.43..10.28 rows=92 width=4)
	  Index Cond: ((id >= 7397436) AND (id <= 7397536))

table 3 : explain SELECT id FROM sbtest3 WHERE id BETWEEN 7397436 AND 7397536
	Index Only Scan using sbtest3_pkey on sbtest3  (cost=0.43..6.25 rows=91 width=4)
	  Index Cond: ((id >= 7397436) AND (id <= 7397536))

table 4 : explain SELECT id FROM sbtest4 WHERE id BETWEEN 7397436 AND 7397536
	Index Only Scan using sbtest4_pkey on sbtest4  (cost=0.43..6.29 rows=93 width=4)
	  Index Cond: ((id >= 7397436) AND (id <= 7397536))

table 5 : explain SELECT id FROM sbtest5 WHERE id BETWEEN 7397436 AND 7397536
	Index Only Scan using sbtest5_pkey on sbtest5  (cost=0.43..6.35 rows=96 width=4)
	  Index Cond: ((id >= 7397436) AND (id <= 7397536))

table 6 : explain SELECT id FROM sbtest6 WHERE id BETWEEN 7397436 AND 7397536
	Index Only Scan using sbtest6_pkey on sbtest6  (cost=0.43..6.53 rows=105 width=4)
	  Index Cond: ((id >= 7397436) AND (id <= 7397536))

table 7 : explain SELECT id FROM sbtest7 WHERE id BETWEEN 7397436 AND 7397536
	Index Only Scan using sbtest7_pkey on sbtest7  (cost=0.43..6.27 rows=92 width=4)
	  Index Cond: ((id >= 7397436) AND (id <= 7397536))

table 8 : explain SELECT id FROM sbtest8 WHERE id BETWEEN 7397436 AND 7397536
	Index Only Scan using sbtest8_pkey on sbtest8  (cost=0.43..10.26 rows=91 width=4)
	  Index Cond: ((id >= 7397436) AND (id <= 7397536))

for range-covered
table 1 : explain SELECT id FROM sbtest1 WHERE id BETWEEN 3319398 AND 3319498
	Index Only Scan using sbtest1_pkey on sbtest1  (cost=0.43..6.47 rows=102 width=4)
	  Index Cond: ((id >= 3319398) AND (id <= 3319498))

table 2 : explain SELECT id FROM sbtest2 WHERE id BETWEEN 3319398 AND 3319498
	Index Only Scan using sbtest2_pkey on sbtest2  (cost=0.43..10.47 rows=102 width=4)
	  Index Cond: ((id >= 3319398) AND (id <= 3319498))

table 3 : explain SELECT id FROM sbtest3 WHERE id BETWEEN 3319398 AND 3319498
	Index Only Scan using sbtest3_pkey on sbtest3  (cost=0.43..6.58 rows=107 width=4)
	  Index Cond: ((id >= 3319398) AND (id <= 3319498))

table 4 : explain SELECT id FROM sbtest4 WHERE id BETWEEN 3319398 AND 3319498
	Index Only Scan using sbtest4_pkey on sbtest4  (cost=0.43..6.37 rows=97 width=4)
	  Index Cond: ((id >= 3319398) AND (id <= 3319498))

table 5 : explain SELECT id FROM sbtest5 WHERE id BETWEEN 3319398 AND 3319498
	Index Only Scan using sbtest5_pkey on sbtest5  (cost=0.43..6.40 rows=98 width=4)
	  Index Cond: ((id >= 3319398) AND (id <= 3319498))

table 6 : explain SELECT id FROM sbtest6 WHERE id BETWEEN 3319398 AND 3319498
	Index Only Scan using sbtest6_pkey on sbtest6  (cost=0.43..6.37 rows=97 width=4)
	  Index Cond: ((id >= 3319398) AND (id <= 3319498))

table 7 : explain SELECT id FROM sbtest7 WHERE id BETWEEN 3319398 AND 3319498
	Index Only Scan using sbtest7_pkey on sbtest7  (cost=0.43..6.33 rows=95 width=4)
	  Index Cond: ((id >= 3319398) AND (id <= 3319498))

table 8 : explain SELECT id FROM sbtest8 WHERE id BETWEEN 3319398 AND 3319498
	Index Only Scan using sbtest8_pkey on sbtest8  (cost=0.43..10.62 rows=109 width=4)
	  Index Cond: ((id >= 3319398) AND (id <= 3319498))

for range-covered
table 1 : explain SELECT id FROM sbtest1 WHERE id BETWEEN 2541095 AND 2541195
	Index Only Scan using sbtest1_pkey on sbtest1  (cost=0.43..6.43 rows=100 width=4)
	  Index Cond: ((id >= 2541095) AND (id <= 2541195))

table 2 : explain SELECT id FROM sbtest2 WHERE id BETWEEN 2541095 AND 2541195
	Index Only Scan using sbtest2_pkey on sbtest2  (cost=0.43..10.29 rows=93 width=4)
	  Index Cond: ((id >= 2541095) AND (id <= 2541195))

table 3 : explain SELECT id FROM sbtest3 WHERE id BETWEEN 2541095 AND 2541195
	Index Only Scan using sbtest3_pkey on sbtest3  (cost=0.43..6.45 rows=101 width=4)
	  Index Cond: ((id >= 2541095) AND (id <= 2541195))

table 4 : explain SELECT id FROM sbtest4 WHERE id BETWEEN 2541095 AND 2541195
	Index Only Scan using sbtest4_pkey on sbtest4  (cost=0.43..6.35 rows=96 width=4)
	  Index Cond: ((id >= 2541095) AND (id <= 2541195))

table 5 : explain SELECT id FROM sbtest5 WHERE id BETWEEN 2541095 AND 2541195
	Index Only Scan using sbtest5_pkey on sbtest5  (cost=0.43..6.47 rows=102 width=4)
	  Index Cond: ((id >= 2541095) AND (id <= 2541195))

table 6 : explain SELECT id FROM sbtest6 WHERE id BETWEEN 2541095 AND 2541195
	Index Only Scan using sbtest6_pkey on sbtest6  (cost=0.43..6.42 rows=99 width=4)
	  Index Cond: ((id >= 2541095) AND (id <= 2541195))

table 7 : explain SELECT id FROM sbtest7 WHERE id BETWEEN 2541095 AND 2541195
	Index Only Scan using sbtest7_pkey on sbtest7  (cost=0.43..6.45 rows=101 width=4)
	  Index Cond: ((id >= 2541095) AND (id <= 2541195))

table 8 : explain SELECT id FROM sbtest8 WHERE id BETWEEN 2541095 AND 2541195
	Index Only Scan using sbtest8_pkey on sbtest8  (cost=0.43..10.51 rows=104 width=4)
	  Index Cond: ((id >= 2541095) AND (id <= 2541195))

explain: for range-covered :: explain SELECT id FROM sbtest%d WHERE id BETWEEN 3319398 AND 3319498
explain: for range-covered :: explain SELECT id FROM sbtest%d WHERE id BETWEEN 2541095 AND 2541195
for range-covered
table 1 : explain SELECT id FROM sbtest1 WHERE id BETWEEN 6723052 AND 6723152
	Index Only Scan using sbtest1_pkey on sbtest1  (cost=0.43..6.32 rows=94 width=4)
	  Index Cond: ((id >= 6723052) AND (id <= 6723152))

table 2 : explain SELECT id FROM sbtest2 WHERE id BETWEEN 6723052 AND 6723152
	Index Only Scan using sbtest2_pkey on sbtest2  (cost=0.43..10.44 rows=100 width=4)
	  Index Cond: ((id >= 6723052) AND (id <= 6723152))

table 3 : explain SELECT id FROM sbtest3 WHERE id BETWEEN 6723052 AND 6723152
	Index Only Scan using sbtest3_pkey on sbtest3  (cost=0.43..6.43 rows=100 width=4)
	  Index Cond: ((id >= 6723052) AND (id <= 6723152))

table 4 : explain SELECT id FROM sbtest4 WHERE id BETWEEN 6723052 AND 6723152
	Index Only Scan using sbtest4_pkey on sbtest4  (cost=0.43..6.43 rows=100 width=4)
	  Index Cond: ((id >= 6723052) AND (id <= 6723152))

table 5 : explain SELECT id FROM sbtest5 WHERE id BETWEEN 6723052 AND 6723152
	Index Only Scan using sbtest5_pkey on sbtest5  (cost=0.43..6.33 rows=95 width=4)
	  Index Cond: ((id >= 6723052) AND (id <= 6723152))

table 6 : explain SELECT id FROM sbtest6 WHERE id BETWEEN 6723052 AND 6723152
	Index Only Scan using sbtest6_pkey on sbtest6  (cost=0.43..6.51 rows=104 width=4)
	  Index Cond: ((id >= 6723052) AND (id <= 6723152))

table 7 : explain SELECT id FROM sbtest7 WHERE id BETWEEN 6723052 AND 6723152
	Index Only Scan using sbtest7_pkey on sbtest7  (cost=0.43..6.40 rows=98 width=4)
	  Index Cond: ((id >= 6723052) AND (id <= 6723152))

table 8 : explain SELECT id FROM sbtest8 WHERE id BETWEEN 6723052 AND 6723152
	Index Only Scan using sbtest8_pkey on sbtest8  (cost=0.43..10.63 rows=110 width=4)
	  Index Cond: ((id >= 6723052) AND (id <= 6723152))

for range-covered
table 1 : explain SELECT id FROM sbtest1 WHERE id BETWEEN 2897902 AND 2898002
	Index Only Scan using sbtest1_pkey on sbtest1  (cost=0.43..6.66 rows=111 width=4)
	  Index Cond: ((id >= 2897902) AND (id <= 2898002))

table 2 : explain SELECT id FROM sbtest2 WHERE id BETWEEN 2897902 AND 2898002
	Index Only Scan using sbtest2_pkey on sbtest2  (cost=0.43..10.63 rows=110 width=4)
	  Index Cond: ((id >= 2897902) AND (id <= 2898002))

table 3 : explain SELECT id FROM sbtest3 WHERE id BETWEEN 2897902 AND 2898002
	Index Only Scan using sbtest3_pkey on sbtest3  (cost=0.43..6.45 rows=101 width=4)
	  Index Cond: ((id >= 2897902) AND (id <= 2898002))

table 4 : explain SELECT id FROM sbtest4 WHERE id BETWEEN 2897902 AND 2898002
	Index Only Scan using sbtest4_pkey on sbtest4  (cost=0.43..6.45 rows=101 width=4)
	  Index Cond: ((id >= 2897902) AND (id <= 2898002))

table 5 : explain SELECT id FROM sbtest5 WHERE id BETWEEN 2897902 AND 2898002
	Index Only Scan using sbtest5_pkey on sbtest5  (cost=0.43..6.47 rows=102 width=4)
	  Index Cond: ((id >= 2897902) AND (id <= 2898002))

table 6 : explain SELECT id FROM sbtest6 WHERE id BETWEEN 2897902 AND 2898002
	Index Only Scan using sbtest6_pkey on sbtest6  (cost=0.43..6.32 rows=94 width=4)
	  Index Cond: ((id >= 2897902) AND (id <= 2898002))

table 7 : explain SELECT id FROM sbtest7 WHERE id BETWEEN 2897902 AND 2898002
	Index Only Scan using sbtest7_pkey on sbtest7  (cost=0.43..6.35 rows=96 width=4)
	  Index Cond: ((id >= 2897902) AND (id <= 2898002))

table 8 : explain SELECT id FROM sbtest8 WHERE id BETWEEN 2897902 AND 2898002
	Index Only Scan using sbtest8_pkey on sbtest8  (cost=0.43..10.36 rows=96 width=4)
	  Index Cond: ((id >= 2897902) AND (id <= 2898002))

for range-covered
table 1 : explain SELECT id FROM sbtest1 WHERE id BETWEEN 6241001 AND 6241101
	Index Only Scan using sbtest1_pkey on sbtest1  (cost=0.43..6.42 rows=99 width=4)
	  Index Cond: ((id >= 6241001) AND (id <= 6241101))

table 2 : explain SELECT id FROM sbtest2 WHERE id BETWEEN 6241001 AND 6241101
	Index Only Scan using sbtest2_pkey on sbtest2  (cost=0.43..10.32 rows=94 width=4)
	  Index Cond: ((id >= 6241001) AND (id <= 6241101))

table 3 : explain SELECT id FROM sbtest3 WHERE id BETWEEN 6241001 AND 6241101
	Index Only Scan using sbtest3_pkey on sbtest3  (cost=0.43..6.66 rows=111 width=4)
	  Index Cond: ((id >= 6241001) AND (id <= 6241101))

table 4 : explain SELECT id FROM sbtest4 WHERE id BETWEEN 6241001 AND 6241101
	Index Only Scan using sbtest4_pkey on sbtest4  (cost=0.43..6.32 rows=94 width=4)
	  Index Cond: ((id >= 6241001) AND (id <= 6241101))

table 5 : explain SELECT id FROM sbtest5 WHERE id BETWEEN 6241001 AND 6241101
	Index Only Scan using sbtest5_pkey on sbtest5  (cost=0.43..6.42 rows=99 width=4)
	  Index Cond: ((id >= 6241001) AND (id <= 6241101))

table 6 : explain SELECT id FROM sbtest6 WHERE id BETWEEN 6241001 AND 6241101
	Index Only Scan using sbtest6_pkey on sbtest6  (cost=0.43..6.33 rows=95 width=4)
	  Index Cond: ((id >= 6241001) AND (id <= 6241101))

table 7 : explain SELECT id FROM sbtest7 WHERE id BETWEEN 6241001 AND 6241101
	Index Only Scan using sbtest7_pkey on sbtest7  (cost=0.43..6.32 rows=94 width=4)
	  Index Cond: ((id >= 6241001) AND (id <= 6241101))

table 8 : explain SELECT id FROM sbtest8 WHERE id BETWEEN 6241001 AND 6241101
	Index Only Scan using sbtest8_pkey on sbtest8  (cost=0.43..10.60 rows=108 width=4)
	  Index Cond: ((id >= 6241001) AND (id <= 6241101))

explain: for range-covered :: explain SELECT id FROM sbtest%d WHERE id BETWEEN 7397436 AND 7397536
for range-covered
table 1 : explain SELECT id FROM sbtest1 WHERE id BETWEEN 8062237 AND 8062337
	Index Only Scan using sbtest1_pkey on sbtest1  (cost=0.43..6.63 rows=110 width=4)
	  Index Cond: ((id >= 8062237) AND (id <= 8062337))

table 2 : explain SELECT id FROM sbtest2 WHERE id BETWEEN 8062237 AND 8062337
	Index Only Scan using sbtest2_pkey on sbtest2  (cost=0.43..10.47 rows=102 width=4)
	  Index Cond: ((id >= 8062237) AND (id <= 8062337))

table 3 : explain SELECT id FROM sbtest3 WHERE id BETWEEN 8062237 AND 8062337
	Index Only Scan using sbtest3_pkey on sbtest3  (cost=0.43..6.43 rows=100 width=4)
	  Index Cond: ((id >= 8062237) AND (id <= 8062337))

table 4 : explain SELECT id FROM sbtest4 WHERE id BETWEEN 8062237 AND 8062337
	Index Only Scan using sbtest4_pkey on sbtest4  (cost=0.43..6.42 rows=99 width=4)
	  Index Cond: ((id >= 8062237) AND (id <= 8062337))

table 5 : explain SELECT id FROM sbtest5 WHERE id BETWEEN 8062237 AND 8062337
	Index Only Scan using sbtest5_pkey on sbtest5  (cost=0.43..6.43 rows=100 width=4)
	  Index Cond: ((id >= 8062237) AND (id <= 8062337))

table 6 : explain SELECT id FROM sbtest6 WHERE id BETWEEN 8062237 AND 8062337
	Index Only Scan using sbtest6_pkey on sbtest6  (cost=0.43..6.50 rows=103 width=4)
	  Index Cond: ((id >= 8062237) AND (id <= 8062337))

table 7 : explain SELECT id FROM sbtest7 WHERE id BETWEEN 8062237 AND 8062337
	Index Only Scan using sbtest7_pkey on sbtest7  (cost=0.43..6.35 rows=96 width=4)
	  Index Cond: ((id >= 8062237) AND (id <= 8062337))

table 8 : explain SELECT id FROM sbtest8 WHERE id BETWEEN 8062237 AND 8062337
	Index Only Scan using sbtest8_pkey on sbtest8  (cost=0.43..10.38 rows=97 width=4)
	  Index Cond: ((id >= 8062237) AND (id <= 8062337))
explain: for range-covered :: explain SELECT id FROM sbtest%d WHERE id BETWEEN 6241001 AND 6241101explain: for range-covered :: explain SELECT id FROM sbtest%d WHERE id BETWEEN 2897902 AND 2898002


explain: for range-covered :: explain SELECT id FROM sbtest%d WHERE id BETWEEN 8062237 AND 8062337
explain: for range-covered :: explain SELECT id FROM sbtest%d WHERE id BETWEEN 6723052 AND 6723152
for range-covered
table 1 : explain SELECT id FROM sbtest1 WHERE id BETWEEN 2541095 AND 2541195
	Index Only Scan using sbtest1_pkey on sbtest1  (cost=0.43..6.43 rows=100 width=4)
	  Index Cond: ((id >= 2541095) AND (id <= 2541195))

table 2 : explain SELECT id FROM sbtest2 WHERE id BETWEEN 2541095 AND 2541195
	Index Only Scan using sbtest2_pkey on sbtest2  (cost=0.43..10.29 rows=93 width=4)
	  Index Cond: ((id >= 2541095) AND (id <= 2541195))

table 3 : explain SELECT id FROM sbtest3 WHERE id BETWEEN 2541095 AND 2541195
	Index Only Scan using sbtest3_pkey on sbtest3  (cost=0.43..6.45 rows=101 width=4)
	  Index Cond: ((id >= 2541095) AND (id <= 2541195))

table 4 : explain SELECT id FROM sbtest4 WHERE id BETWEEN 2541095 AND 2541195
	Index Only Scan using sbtest4_pkey on sbtest4  (cost=0.43..6.35 rows=96 width=4)
	  Index Cond: ((id >= 2541095) AND (id <= 2541195))

table 5 : explain SELECT id FROM sbtest5 WHERE id BETWEEN 2541095 AND 2541195
	Index Only Scan using sbtest5_pkey on sbtest5  (cost=0.43..6.47 rows=102 width=4)
	  Index Cond: ((id >= 2541095) AND (id <= 2541195))

table 6 : explain SELECT id FROM sbtest6 WHERE id BETWEEN 2541095 AND 2541195
	Index Only Scan using sbtest6_pkey on sbtest6  (cost=0.43..6.42 rows=99 width=4)
	  Index Cond: ((id >= 2541095) AND (id <= 2541195))

table 7 : explain SELECT id FROM sbtest7 WHERE id BETWEEN 2541095 AND 2541195
	Index Only Scan using sbtest7_pkey on sbtest7  (cost=0.43..6.45 rows=101 width=4)
	  Index Cond: ((id >= 2541095) AND (id <= 2541195))

table 8 : explain SELECT id FROM sbtest8 WHERE id BETWEEN 2541095 AND 2541195
	Index Only Scan using sbtest8_pkey on sbtest8  (cost=0.43..10.51 rows=104 width=4)
	  Index Cond: ((id >= 2541095) AND (id <= 2541195))

for range-covered
table 1 : explain SELECT id FROM sbtest1 WHERE id BETWEEN 3319398 AND 3319498
	Index Only Scan using sbtest1_pkey on sbtest1  (cost=0.43..6.47 rows=102 width=4)
	  Index Cond: ((id >= 3319398) AND (id <= 3319498))

table 2 : explain SELECT id FROM sbtest2 WHERE id BETWEEN 3319398 AND 3319498
	Index Only Scan using sbtest2_pkey on sbtest2  (cost=0.43..10.47 rows=102 width=4)
	  Index Cond: ((id >= 3319398) AND (id <= 3319498))

table 3 : explain SELECT id FROM sbtest3 WHERE id BETWEEN 3319398 AND 3319498
	Index Only Scan using sbtest3_pkey on sbtest3  (cost=0.43..6.58 rows=107 width=4)
	  Index Cond: ((id >= 3319398) AND (id <= 3319498))

table 4 : explain SELECT id FROM sbtest4 WHERE id BETWEEN 3319398 AND 3319498
	Index Only Scan using sbtest4_pkey on sbtest4  (cost=0.43..6.37 rows=97 width=4)
	  Index Cond: ((id >= 3319398) AND (id <= 3319498))

table 5 : explain SELECT id FROM sbtest5 WHERE id BETWEEN 3319398 AND 3319498
	Index Only Scan using sbtest5_pkey on sbtest5  (cost=0.43..6.40 rows=98 width=4)
	  Index Cond: ((id >= 3319398) AND (id <= 3319498))

table 6 : explain SELECT id FROM sbtest6 WHERE id BETWEEN 3319398 AND 3319498
	Index Only Scan using sbtest6_pkey on sbtest6  (cost=0.43..6.37 rows=97 width=4)
	  Index Cond: ((id >= 3319398) AND (id <= 3319498))

table 7 : explain SELECT id FROM sbtest7 WHERE id BETWEEN 3319398 AND 3319498
	Index Only Scan using sbtest7_pkey on sbtest7  (cost=0.43..6.33 rows=95 width=4)
	  Index Cond: ((id >= 3319398) AND (id <= 3319498))

table 8 : explain SELECT id FROM sbtest8 WHERE id BETWEEN 3319398 AND 3319498
	Index Only Scan using sbtest8_pkey on sbtest8  (cost=0.43..10.62 rows=109 width=4)
	  Index Cond: ((id >= 3319398) AND (id <= 3319498))

explain: for range-covered :: explain SELECT id FROM sbtest%d WHERE id BETWEEN 2541095 AND 2541195
explain: for range-covered :: explain SELECT id FROM sbtest%d WHERE id BETWEEN 3319398 AND 3319498
for range-covered
table 1 : explain SELECT id FROM sbtest1 WHERE id BETWEEN 6241001 AND 6241101
	Index Only Scan using sbtest1_pkey on sbtest1  (cost=0.43..6.42 rows=99 width=4)
	  Index Cond: ((id >= 6241001) AND (id <= 6241101))

table 2 : explain SELECT id FROM sbtest2 WHERE id BETWEEN 6241001 AND 6241101
	Index Only Scan using sbtest2_pkey on sbtest2  (cost=0.43..10.32 rows=94 width=4)
	  Index Cond: ((id >= 6241001) AND (id <= 6241101))

table 3 : explain SELECT id FROM sbtest3 WHERE id BETWEEN 6241001 AND 6241101
	Index Only Scan using sbtest3_pkey on sbtest3  (cost=0.43..6.66 rows=111 width=4)
	  Index Cond: ((id >= 6241001) AND (id <= 6241101))

table 4 : explain SELECT id FROM sbtest4 WHERE id BETWEEN 6241001 AND 6241101
	Index Only Scan using sbtest4_pkey on sbtest4  (cost=0.43..6.32 rows=94 width=4)
	  Index Cond: ((id >= 6241001) AND (id <= 6241101))

table 5 : explain SELECT id FROM sbtest5 WHERE id BETWEEN 6241001 AND 6241101
	Index Only Scan using sbtest5_pkey on sbtest5  (cost=0.43..6.42 rows=99 width=4)
	  Index Cond: ((id >= 6241001) AND (id <= 6241101))

table 6 : explain SELECT id FROM sbtest6 WHERE id BETWEEN 6241001 AND 6241101
	Index Only Scan using sbtest6_pkey on sbtest6  (cost=0.43..6.33 rows=95 width=4)
	  Index Cond: ((id >= 6241001) AND (id <= 6241101))

table 7 : explain SELECT id FROM sbtest7 WHERE id BETWEEN 6241001 AND 6241101
	Index Only Scan using sbtest7_pkey on sbtest7  (cost=0.43..6.32 rows=94 width=4)
	  Index Cond: ((id >= 6241001) AND (id <= 6241101))

table 8 : explain SELECT id FROM sbtest8 WHERE id BETWEEN 6241001 AND 6241101
	Index Only Scan using sbtest8_pkey on sbtest8  (cost=0.43..10.60 rows=108 width=4)
	  Index Cond: ((id >= 6241001) AND (id <= 6241101))

for range-covered
table 1 : explain SELECT id FROM sbtest1 WHERE id BETWEEN 2897902 AND 2898002
	Index Only Scan using sbtest1_pkey on sbtest1  (cost=0.43..6.66 rows=111 width=4)
	  Index Cond: ((id >= 2897902) AND (id <= 2898002))

table 2 : explain SELECT id FROM sbtest2 WHERE id BETWEEN 2897902 AND 2898002
	Index Only Scan using sbtest2_pkey on sbtest2  (cost=0.43..10.63 rows=110 width=4)
	  Index Cond: ((id >= 2897902) AND (id <= 2898002))

table 3 : explain SELECT id FROM sbtest3 WHERE id BETWEEN 2897902 AND 2898002
	Index Only Scan using sbtest3_pkey on sbtest3  (cost=0.43..6.45 rows=101 width=4)
	  Index Cond: ((id >= 2897902) AND (id <= 2898002))

table 4 : explain SELECT id FROM sbtest4 WHERE id BETWEEN 2897902 AND 2898002
	Index Only Scan using sbtest4_pkey on sbtest4  (cost=0.43..6.45 rows=101 width=4)
	  Index Cond: ((id >= 2897902) AND (id <= 2898002))

table 5 : explain SELECT id FROM sbtest5 WHERE id BETWEEN 2897902 AND 2898002
	Index Only Scan using sbtest5_pkey on sbtest5  (cost=0.43..6.47 rows=102 width=4)
	  Index Cond: ((id >= 2897902) AND (id <= 2898002))

table 6 : explain SELECT id FROM sbtest6 WHERE id BETWEEN 2897902 AND 2898002
	Index Only Scan using sbtest6_pkey on sbtest6  (cost=0.43..6.32 rows=94 width=4)
	  Index Cond: ((id >= 2897902) AND (id <= 2898002))

table 7 : explain SELECT id FROM sbtest7 WHERE id BETWEEN 2897902 AND 2898002
	Index Only Scan using sbtest7_pkey on sbtest7  (cost=0.43..6.35 rows=96 width=4)
	  Index Cond: ((id >= 2897902) AND (id <= 2898002))

table 8 : explain SELECT id FROM sbtest8 WHERE id BETWEEN 2897902 AND 2898002
	Index Only Scan using sbtest8_pkey on sbtest8  (cost=0.43..10.36 rows=96 width=4)
	  Index Cond: ((id >= 2897902) AND (id <= 2898002))

explain: for range-covered :: explain SELECT id FROM sbtest%d WHERE id BETWEEN 6241001 AND 6241101
explain: for range-covered :: explain SELECT id FROM sbtest%d WHERE id BETWEEN 2897902 AND 2898002
for range-covered
table 1 : explain SELECT id FROM sbtest1 WHERE id BETWEEN 8062237 AND 8062337
	Index Only Scan using sbtest1_pkey on sbtest1  (cost=0.43..6.63 rows=110 width=4)
	  Index Cond: ((id >= 8062237) AND (id <= 8062337))

table 2 : explain SELECT id FROM sbtest2 WHERE id BETWEEN 8062237 AND 8062337
	Index Only Scan using sbtest2_pkey on sbtest2  (cost=0.43..10.47 rows=102 width=4)
	  Index Cond: ((id >= 8062237) AND (id <= 8062337))

table 3 : explain SELECT id FROM sbtest3 WHERE id BETWEEN 8062237 AND 8062337
	Index Only Scan using sbtest3_pkey on sbtest3  (cost=0.43..6.43 rows=100 width=4)
	  Index Cond: ((id >= 8062237) AND (id <= 8062337))

table 4 : explain SELECT id FROM sbtest4 WHERE id BETWEEN 8062237 AND 8062337
	Index Only Scan using sbtest4_pkey on sbtest4  (cost=0.43..6.42 rows=99 width=4)
	  Index Cond: ((id >= 8062237) AND (id <= 8062337))

table 5 : explain SELECT id FROM sbtest5 WHERE id BETWEEN 8062237 AND 8062337
	Index Only Scan using sbtest5_pkey on sbtest5  (cost=0.43..6.43 rows=100 width=4)
	  Index Cond: ((id >= 8062237) AND (id <= 8062337))

table 6 : explain SELECT id FROM sbtest6 WHERE id BETWEEN 8062237 AND 8062337
	Index Only Scan using sbtest6_pkey on sbtest6  (cost=0.43..6.50 rows=103 width=4)
	  Index Cond: ((id >= 8062237) AND (id <= 8062337))

table 7 : explain SELECT id FROM sbtest7 WHERE id BETWEEN 8062237 AND 8062337
	Index Only Scan using sbtest7_pkey on sbtest7  (cost=0.43..6.35 rows=96 width=4)
	  Index Cond: ((id >= 8062237) AND (id <= 8062337))

table 8 : explain SELECT id FROM sbtest8 WHERE id BETWEEN 8062237 AND 8062337
	Index Only Scan using sbtest8_pkey on sbtest8  (cost=0.43..10.38 rows=97 width=4)
	  Index Cond: ((id >= 8062237) AND (id <= 8062337))

explain: for range-covered :: explain SELECT id FROM sbtest%d WHERE id BETWEEN 8062237 AND 8062337
for range-covered
table 1 : explain SELECT id FROM sbtest1 WHERE id BETWEEN 2541095 AND 2541195
	Index Only Scan using sbtest1_pkey on sbtest1  (cost=0.43..6.43 rows=100 width=4)
	  Index Cond: ((id >= 2541095) AND (id <= 2541195))

table 2 : explain SELECT id FROM sbtest2 WHERE id BETWEEN 2541095 AND 2541195
	Index Only Scan using sbtest2_pkey on sbtest2  (cost=0.43..10.29 rows=93 width=4)
	  Index Cond: ((id >= 2541095) AND (id <= 2541195))

table 3 : explain SELECT id FROM sbtest3 WHERE id BETWEEN 2541095 AND 2541195
	Index Only Scan using sbtest3_pkey on sbtest3  (cost=0.43..6.45 rows=101 width=4)
	  Index Cond: ((id >= 2541095) AND (id <= 2541195))

table 4 : explain SELECT id FROM sbtest4 WHERE id BETWEEN 2541095 AND 2541195
	Index Only Scan using sbtest4_pkey on sbtest4  (cost=0.43..6.35 rows=96 width=4)
	  Index Cond: ((id >= 2541095) AND (id <= 2541195))

table 5 : explain SELECT id FROM sbtest5 WHERE id BETWEEN 2541095 AND 2541195
	Index Only Scan using sbtest5_pkey on sbtest5  (cost=0.43..6.47 rows=102 width=4)
	  Index Cond: ((id >= 2541095) AND (id <= 2541195))

table 6 : explain SELECT id FROM sbtest6 WHERE id BETWEEN 2541095 AND 2541195
	Index Only Scan using sbtest6_pkey on sbtest6  (cost=0.43..6.42 rows=99 width=4)
	  Index Cond: ((id >= 2541095) AND (id <= 2541195))

table 7 : explain SELECT id FROM sbtest7 WHERE id BETWEEN 2541095 AND 2541195
	Index Only Scan using sbtest7_pkey on sbtest7  (cost=0.43..6.45 rows=101 width=4)
	  Index Cond: ((id >= 2541095) AND (id <= 2541195))

table 8 : explain SELECT id FROM sbtest8 WHERE id BETWEEN 2541095 AND 2541195
	Index Only Scan using sbtest8_pkey on sbtest8  (cost=0.43..10.51 rows=104 width=4)
	  Index Cond: ((id >= 2541095) AND (id <= 2541195))

for range-covered
table 1 : explain SELECT id FROM sbtest1 WHERE id BETWEEN 3319398 AND 3319498
	Index Only Scan using sbtest1_pkey on sbtest1  (cost=0.43..6.47 rows=102 width=4)
	  Index Cond: ((id >= 3319398) AND (id <= 3319498))

table 2 : explain SELECT id FROM sbtest2 WHERE id BETWEEN 3319398 AND 3319498
	Index Only Scan using sbtest2_pkey on sbtest2  (cost=0.43..10.47 rows=102 width=4)
	  Index Cond: ((id >= 3319398) AND (id <= 3319498))

table 3 : explain SELECT id FROM sbtest3 WHERE id BETWEEN 3319398 AND 3319498
	Index Only Scan using sbtest3_pkey on sbtest3  (cost=0.43..6.58 rows=107 width=4)
	  Index Cond: ((id >= 3319398) AND (id <= 3319498))

table 4 : explain SELECT id FROM sbtest4 WHERE id BETWEEN 3319398 AND 3319498
	Index Only Scan using sbtest4_pkey on sbtest4  (cost=0.43..6.37 rows=97 width=4)
	  Index Cond: ((id >= 3319398) AND (id <= 3319498))

table 5 : explain SELECT id FROM sbtest5 WHERE id BETWEEN 3319398 AND 3319498
	Index Only Scan using sbtest5_pkey on sbtest5  (cost=0.43..6.40 rows=98 width=4)
	  Index Cond: ((id >= 3319398) AND (id <= 3319498))

table 6 : explain SELECT id FROM sbtest6 WHERE id BETWEEN 3319398 AND 3319498
	Index Only Scan using sbtest6_pkey on sbtest6  (cost=0.43..6.37 rows=97 width=4)
	  Index Cond: ((id >= 3319398) AND (id <= 3319498))

table 7 : explain SELECT id FROM sbtest7 WHERE id BETWEEN 3319398 AND 3319498
	Index Only Scan using sbtest7_pkey on sbtest7  (cost=0.43..6.33 rows=95 width=4)
	  Index Cond: ((id >= 3319398) AND (id <= 3319498))

table 8 : explain SELECT id FROM sbtest8 WHERE id BETWEEN 3319398 AND 3319498
	Index Only Scan using sbtest8_pkey on sbtest8  (cost=0.43..10.62 rows=109 width=4)
	  Index Cond: ((id >= 3319398) AND (id <= 3319498))

explain: for range-covered :: explain SELECT id FROM sbtest%d WHERE id BETWEEN 2541095 AND 2541195
explain: for range-covered :: explain SELECT id FROM sbtest%d WHERE id BETWEEN 3319398 AND 3319498
for range-covered
table 1 : explain SELECT id FROM sbtest1 WHERE id BETWEEN 7397436 AND 7397536
	Index Only Scan using sbtest1_pkey on sbtest1  (cost=0.43..6.40 rows=98 width=4)
	  Index Cond: ((id >= 7397436) AND (id <= 7397536))

table 2 : explain SELECT id FROM sbtest2 WHERE id BETWEEN 7397436 AND 7397536
	Index Only Scan using sbtest2_pkey on sbtest2  (cost=0.43..10.28 rows=92 width=4)
	  Index Cond: ((id >= 7397436) AND (id <= 7397536))

table 3 : explain SELECT id FROM sbtest3 WHERE id BETWEEN 7397436 AND 7397536
	Index Only Scan using sbtest3_pkey on sbtest3  (cost=0.43..6.25 rows=91 width=4)
	  Index Cond: ((id >= 7397436) AND (id <= 7397536))

table 4 : explain SELECT id FROM sbtest4 WHERE id BETWEEN 7397436 AND 7397536
	Index Only Scan using sbtest4_pkey on sbtest4  (cost=0.43..6.29 rows=93 width=4)
	  Index Cond: ((id >= 7397436) AND (id <= 7397536))

table 5 : explain SELECT id FROM sbtest5 WHERE id BETWEEN 7397436 AND 7397536
	Index Only Scan using sbtest5_pkey on sbtest5  (cost=0.43..6.35 rows=96 width=4)
	  Index Cond: ((id >= 7397436) AND (id <= 7397536))

table 6 : explain SELECT id FROM sbtest6 WHERE id BETWEEN 7397436 AND 7397536
	Index Only Scan using sbtest6_pkey on sbtest6  (cost=0.43..6.53 rows=105 width=4)
	  Index Cond: ((id >= 7397436) AND (id <= 7397536))

table 7 : explain SELECT id FROM sbtest7 WHERE id BETWEEN 7397436 AND 7397536
	Index Only Scan using sbtest7_pkey on sbtest7  (cost=0.43..6.27 rows=92 width=4)
	  Index Cond: ((id >= 7397436) AND (id <= 7397536))

table 8 : explain SELECT id FROM sbtest8 WHERE id BETWEEN 7397436 AND 7397536
	Index Only Scan using sbtest8_pkey on sbtest8  (cost=0.43..10.26 rows=91 width=4)
	  Index Cond: ((id >= 7397436) AND (id <= 7397536))

for range-covered
table 1 : explain SELECT id FROM sbtest1 WHERE id BETWEEN 2897902 AND 2898002
	Index Only Scan using sbtest1_pkey on sbtest1  (cost=0.43..6.66 rows=111 width=4)
	  Index Cond: ((id >= 2897902) AND (id <= 2898002))

table 2 : explain SELECT id FROM sbtest2 WHERE id BETWEEN 2897902 AND 2898002
	Index Only Scan using sbtest2_pkey on sbtest2  (cost=0.43..10.63 rows=110 width=4)
	  Index Cond: ((id >= 2897902) AND (id <= 2898002))

table 3 : explain SELECT id FROM sbtest3 WHERE id BETWEEN 2897902 AND 2898002
	Index Only Scan using sbtest3_pkey on sbtest3  (cost=0.43..6.45 rows=101 width=4)
	  Index Cond: ((id >= 2897902) AND (id <= 2898002))

table 4 : explain SELECT id FROM sbtest4 WHERE id BETWEEN 2897902 AND 2898002
	Index Only Scan using sbtest4_pkey on sbtest4  (cost=0.43..6.45 rows=101 width=4)
	  Index Cond: ((id >= 2897902) AND (id <= 2898002))

table 5 : explain SELECT id FROM sbtest5 WHERE id BETWEEN 2897902 AND 2898002
	Index Only Scan using sbtest5_pkey on sbtest5  (cost=0.43..6.47 rows=102 width=4)
	  Index Cond: ((id >= 2897902) AND (id <= 2898002))

table 6 : explain SELECT id FROM sbtest6 WHERE id BETWEEN 2897902 AND 2898002
	Index Only Scan using sbtest6_pkey on sbtest6  (cost=0.43..6.32 rows=94 width=4)
	  Index Cond: ((id >= 2897902) AND (id <= 2898002))

table 7 : explain SELECT id FROM sbtest7 WHERE id BETWEEN 2897902 AND 2898002
	Index Only Scan using sbtest7_pkey on sbtest7  (cost=0.43..6.35 rows=96 width=4)
	  Index Cond: ((id >= 2897902) AND (id <= 2898002))

table 8 : explain SELECT id FROM sbtest8 WHERE id BETWEEN 2897902 AND 2898002
	Index Only Scan using sbtest8_pkey on sbtest8  (cost=0.43..10.36 rows=96 width=4)
	  Index Cond: ((id >= 2897902) AND (id <= 2898002))
for range-covered
table 1 : explain SELECT id FROM sbtest1 WHERE id BETWEEN 6723052 AND 6723152
	Index Only Scan using sbtest1_pkey on sbtest1  (cost=0.43..6.32 rows=94 width=4)
	  Index Cond: ((id >= 6723052) AND (id <= 6723152))

table 2 : explain SELECT id FROM sbtest2 WHERE id BETWEEN 6723052 AND 6723152
	Index Only Scan using sbtest2_pkey on sbtest2  (cost=0.43..10.44 rows=100 width=4)
	  Index Cond: ((id >= 6723052) AND (id <= 6723152))

table 3 : explain SELECT id FROM sbtest3 WHERE id BETWEEN 6723052 AND 6723152
	Index Only Scan using sbtest3_pkey on sbtest3  (cost=0.43..6.43 rows=100 width=4)
	  Index Cond: ((id >= 6723052) AND (id <= 6723152))

table 4 : explain SELECT id FROM sbtest4 WHERE id BETWEEN 6723052 AND 6723152
	Index Only Scan using sbtest4_pkey on sbtest4  (cost=0.43..6.43 rows=100 width=4)
	  Index Cond: ((id >= 6723052) AND (id <= 6723152))

table 5 : explain SELECT id FROM sbtest5 WHERE id BETWEEN 6723052 AND 6723152
	Index Only Scan using sbtest5_pkey on sbtest5  (cost=0.43..6.33 rows=95 width=4)
	  Index Cond: ((id >= 6723052) AND (id <= 6723152))

table 6 : explain SELECT id FROM sbtest6 WHERE id BETWEEN 6723052 AND 6723152
	Index Only Scan using sbtest6_pkey on sbtest6  (cost=0.43..6.51 rows=104 width=4)
	  Index Cond: ((id >= 6723052) AND (id <= 6723152))

table 7 : explain SELECT id FROM sbtest7 WHERE id BETWEEN 6723052 AND 6723152
	Index Only Scan using sbtest7_pkey on sbtest7  (cost=0.43..6.40 rows=98 width=4)
	  Index Cond: ((id >= 6723052) AND (id <= 6723152))

table 8 : explain SELECT id FROM sbtest8 WHERE id BETWEEN 6723052 AND 6723152
	Index Only Scan using sbtest8_pkey on sbtest8  (cost=0.43..10.63 rows=110 width=4)
	  Index Cond: ((id >= 6723052) AND (id <= 6723152))
for range-covered
table 1 : explain SELECT id FROM sbtest1 WHERE id BETWEEN 6241001 AND 6241101
	Index Only Scan using sbtest1_pkey on sbtest1  (cost=0.43..6.42 rows=99 width=4)
	  Index Cond: ((id >= 6241001) AND (id <= 6241101))

table 2 : explain SELECT id FROM sbtest2 WHERE id BETWEEN 6241001 AND 6241101
	Index Only Scan using sbtest2_pkey on sbtest2  (cost=0.43..10.32 rows=94 width=4)
	  Index Cond: ((id >= 6241001) AND (id <= 6241101))

table 3 : explain SELECT id FROM sbtest3 WHERE id BETWEEN 6241001 AND 6241101
	Index Only Scan using sbtest3_pkey on sbtest3  (cost=0.43..6.66 rows=111 width=4)
	  Index Cond: ((id >= 6241001) AND (id <= 6241101))

table 4 : explain SELECT id FROM sbtest4 WHERE id BETWEEN 6241001 AND 6241101
	Index Only Scan using sbtest4_pkey on sbtest4  (cost=0.43..6.32 rows=94 width=4)
	  Index Cond: ((id >= 6241001) AND (id <= 6241101))

table 5 : explain SELECT id FROM sbtest5 WHERE id BETWEEN 6241001 AND 6241101
	Index Only Scan using sbtest5_pkey on sbtest5  (cost=0.43..6.42 rows=99 width=4)
	  Index Cond: ((id >= 6241001) AND (id <= 6241101))

table 6 : explain SELECT id FROM sbtest6 WHERE id BETWEEN 6241001 AND 6241101
	Index Only Scan using sbtest6_pkey on sbtest6  (cost=0.43..6.33 rows=95 width=4)
	  Index Cond: ((id >= 6241001) AND (id <= 6241101))

table 7 : explain SELECT id FROM sbtest7 WHERE id BETWEEN 6241001 AND 6241101
	Index Only Scan using sbtest7_pkey on sbtest7  (cost=0.43..6.32 rows=94 width=4)
	  Index Cond: ((id >= 6241001) AND (id <= 6241101))

table 8 : explain SELECT id FROM sbtest8 WHERE id BETWEEN 6241001 AND 6241101
	Index Only Scan using sbtest8_pkey on sbtest8  (cost=0.43..10.60 rows=108 width=4)
	  Index Cond: ((id >= 6241001) AND (id <= 6241101))



for range-covered
table 1 : explain SELECT id FROM sbtest1 WHERE id BETWEEN 8062237 AND 8062337
	Index Only Scan using sbtest1_pkey on sbtest1  (cost=0.43..6.63 rows=110 width=4)
	  Index Cond: ((id >= 8062237) AND (id <= 8062337))

table 2 : explain SELECT id FROM sbtest2 WHERE id BETWEEN 8062237 AND 8062337
	Index Only Scan using sbtest2_pkey on sbtest2  (cost=0.43..10.47 rows=102 width=4)
	  Index Cond: ((id >= 8062237) AND (id <= 8062337))

table 3 : explain SELECT id FROM sbtest3 WHERE id BETWEEN 8062237 AND 8062337
	Index Only Scan using sbtest3_pkey on sbtest3  (cost=0.43..6.43 rows=100 width=4)
	  Index Cond: ((id >= 8062237) AND (id <= 8062337))

table 4 : explain SELECT id FROM sbtest4 WHERE id BETWEEN 8062237 AND 8062337
	Index Only Scan using sbtest4_pkey on sbtest4  (cost=0.43..6.42 rows=99 width=4)
	  Index Cond: ((id >= 8062237) AND (id <= 8062337))

table 5 : explain SELECT id FROM sbtest5 WHERE id BETWEEN 8062237 AND 8062337
	Index Only Scan using sbtest5_pkey on sbtest5  (cost=0.43..6.43 rows=100 width=4)
	  Index Cond: ((id >= 8062237) AND (id <= 8062337))

table 6 : explain SELECT id FROM sbtest6 WHERE id BETWEEN 8062237 AND 8062337
	Index Only Scan using sbtest6_pkey on sbtest6  (cost=0.43..6.50 rows=103 width=4)
	  Index Cond: ((id >= 8062237) AND (id <= 8062337))

table 7 : explain SELECT id FROM sbtest7 WHERE id BETWEEN 8062237 AND 8062337
	Index Only Scan using sbtest7_pkey on sbtest7  (cost=0.43..6.35 rows=96 width=4)
	  Index Cond: ((id >= 8062237) AND (id <= 8062337))

table 8 : explain SELECT id FROM sbtest8 WHERE id BETWEEN 8062237 AND 8062337
	Index Only Scan using sbtest8_pkey on sbtest8  (cost=0.43..10.38 rows=97 width=4)
	  Index Cond: ((id >= 8062237) AND (id <= 8062337))

explain: for range-covered :: explain SELECT id FROM sbtest%d WHERE id BETWEEN 8062237 AND 8062337
explain: for range-covered :: explain SELECT id FROM sbtest%d WHERE id BETWEEN 2897902 AND 2898002
for range-covered
table 1 : explain SELECT id FROM sbtest1 WHERE id BETWEEN 2541095 AND 2541195
	Index Only Scan using sbtest1_pkey on sbtest1  (cost=0.43..6.43 rows=100 width=4)
	  Index Cond: ((id >= 2541095) AND (id <= 2541195))

table 2 : explain SELECT id FROM sbtest2 WHERE id BETWEEN 2541095 AND 2541195
	Index Only Scan using sbtest2_pkey on sbtest2  (cost=0.43..10.29 rows=93 width=4)
	  Index Cond: ((id >= 2541095) AND (id <= 2541195))

table 3 : explain SELECT id FROM sbtest3 WHERE id BETWEEN 2541095 AND 2541195
	Index Only Scan using sbtest3_pkey on sbtest3  (cost=0.43..6.45 rows=101 width=4)
	  Index Cond: ((id >= 2541095) AND (id <= 2541195))

table 4 : explain SELECT id FROM sbtest4 WHERE id BETWEEN 2541095 AND 2541195
	Index Only Scan using sbtest4_pkey on sbtest4  (cost=0.43..6.35 rows=96 width=4)
	  Index Cond: ((id >= 2541095) AND (id <= 2541195))

table 5 : explain SELECT id FROM sbtest5 WHERE id BETWEEN 2541095 AND 2541195
	Index Only Scan using sbtest5_pkey on sbtest5  (cost=0.43..6.47 rows=102 width=4)
	  Index Cond: ((id >= 2541095) AND (id <= 2541195))

table 6 : explain SELECT id FROM sbtest6 WHERE id BETWEEN 2541095 AND 2541195
	Index Only Scan using sbtest6_pkey on sbtest6  (cost=0.43..6.42 rows=99 width=4)
	  Index Cond: ((id >= 2541095) AND (id <= 2541195))

table 7 : explain SELECT id FROM sbtest7 WHERE id BETWEEN 2541095 AND 2541195
	Index Only Scan using sbtest7_pkey on sbtest7  (cost=0.43..6.45 rows=101 width=4)
	  Index Cond: ((id >= 2541095) AND (id <= 2541195))

table 8 : explain SELECT id FROM sbtest8 WHERE id BETWEEN 2541095 AND 2541195
	Index Only Scan using sbtest8_pkey on sbtest8  (cost=0.43..10.51 rows=104 width=4)
	  Index Cond: ((id >= 2541095) AND (id <= 2541195))

for range-covered
table 1 : explain SELECT id FROM sbtest1 WHERE id BETWEEN 3319398 AND 3319498
	Index Only Scan using sbtest1_pkey on sbtest1  (cost=0.43..6.47 rows=102 width=4)
	  Index Cond: ((id >= 3319398) AND (id <= 3319498))

table 2 : explain SELECT id FROM sbtest2 WHERE id BETWEEN 3319398 AND 3319498
	Index Only Scan using sbtest2_pkey on sbtest2  (cost=0.43..10.47 rows=102 width=4)
	  Index Cond: ((id >= 3319398) AND (id <= 3319498))

table 3 : explain SELECT id FROM sbtest3 WHERE id BETWEEN 3319398 AND 3319498
	Index Only Scan using sbtest3_pkey on sbtest3  (cost=0.43..6.58 rows=107 width=4)
	  Index Cond: ((id >= 3319398) AND (id <= 3319498))

table 4 : explain SELECT id FROM sbtest4 WHERE id BETWEEN 3319398 AND 3319498
	Index Only Scan using sbtest4_pkey on sbtest4  (cost=0.43..6.37 rows=97 width=4)
	  Index Cond: ((id >= 3319398) AND (id <= 3319498))

table 5 : explain SELECT id FROM sbtest5 WHERE id BETWEEN 3319398 AND 3319498
	Index Only Scan using sbtest5_pkey on sbtest5  (cost=0.43..6.40 rows=98 width=4)
	  Index Cond: ((id >= 3319398) AND (id <= 3319498))

table 6 : explain SELECT id FROM sbtest6 WHERE id BETWEEN 3319398 AND 3319498
	Index Only Scan using sbtest6_pkey on sbtest6  (cost=0.43..6.37 rows=97 width=4)
	  Index Cond: ((id >= 3319398) AND (id <= 3319498))

table 7 : explain SELECT id FROM sbtest7 WHERE id BETWEEN 3319398 AND 3319498
	Index Only Scan using sbtest7_pkey on sbtest7  (cost=0.43..6.33 rows=95 width=4)
	  Index Cond: ((id >= 3319398) AND (id <= 3319498))

table 8 : explain SELECT id FROM sbtest8 WHERE id BETWEEN 3319398 AND 3319498
	Index Only Scan using sbtest8_pkey on sbtest8  (cost=0.43..10.62 rows=109 width=4)
	  Index Cond: ((id >= 3319398) AND (id <= 3319498))

explain: for range-covered :: explain SELECT id FROM sbtest%d WHERE id BETWEEN 2541095 AND 2541195
explain: for range-covered :: explain SELECT id FROM sbtest%d WHERE id BETWEEN 3319398 AND 3319498
for range-covered
table 1 : explain SELECT id FROM sbtest1 WHERE id BETWEEN 2897902 AND 2898002
	Index Only Scan using sbtest1_pkey on sbtest1  (cost=0.43..6.66 rows=111 width=4)
	  Index Cond: ((id >= 2897902) AND (id <= 2898002))

table 2 : explain SELECT id FROM sbtest2 WHERE id BETWEEN 2897902 AND 2898002
	Index Only Scan using sbtest2_pkey on sbtest2  (cost=0.43..10.63 rows=110 width=4)
	  Index Cond: ((id >= 2897902) AND (id <= 2898002))

table 3 : explain SELECT id FROM sbtest3 WHERE id BETWEEN 2897902 AND 2898002
	Index Only Scan using sbtest3_pkey on sbtest3  (cost=0.43..6.45 rows=101 width=4)
	  Index Cond: ((id >= 2897902) AND (id <= 2898002))

table 4 : explain SELECT id FROM sbtest4 WHERE id BETWEEN 2897902 AND 2898002
	Index Only Scan using sbtest4_pkey on sbtest4  (cost=0.43..6.45 rows=101 width=4)
	  Index Cond: ((id >= 2897902) AND (id <= 2898002))

table 5 : explain SELECT id FROM sbtest5 WHERE id BETWEEN 2897902 AND 2898002
	Index Only Scan using sbtest5_pkey on sbtest5  (cost=0.43..6.47 rows=102 width=4)
	  Index Cond: ((id >= 2897902) AND (id <= 2898002))

table 6 : explain SELECT id FROM sbtest6 WHERE id BETWEEN 2897902 AND 2898002
	Index Only Scan using sbtest6_pkey on sbtest6  (cost=0.43..6.32 rows=94 width=4)
	  Index Cond: ((id >= 2897902) AND (id <= 2898002))

table 7 : explain SELECT id FROM sbtest7 WHERE id BETWEEN 2897902 AND 2898002
	Index Only Scan using sbtest7_pkey on sbtest7  (cost=0.43..6.35 rows=96 width=4)
	  Index Cond: ((id >= 2897902) AND (id <= 2898002))

table 8 : explain SELECT id FROM sbtest8 WHERE id BETWEEN 2897902 AND 2898002
	Index Only Scan using sbtest8_pkey on sbtest8  (cost=0.43..10.36 rows=96 width=4)
	  Index Cond: ((id >= 2897902) AND (id <= 2898002))

for range-covered
table 1 : explain SELECT id FROM sbtest1 WHERE id BETWEEN 8062237 AND 8062337
	Index Only Scan using sbtest1_pkey on sbtest1  (cost=0.43..6.63 rows=110 width=4)
	  Index Cond: ((id >= 8062237) AND (id <= 8062337))

table 2 : explain SELECT id FROM sbtest2 WHERE id BETWEEN 8062237 AND 8062337
	Index Only Scan using sbtest2_pkey on sbtest2  (cost=0.43..10.47 rows=102 width=4)
	  Index Cond: ((id >= 8062237) AND (id <= 8062337))

table 3 : explain SELECT id FROM sbtest3 WHERE id BETWEEN 8062237 AND 8062337
	Index Only Scan using sbtest3_pkey on sbtest3  (cost=0.43..6.43 rows=100 width=4)
	  Index Cond: ((id >= 8062237) AND (id <= 8062337))

table 4 : explain SELECT id FROM sbtest4 WHERE id BETWEEN 8062237 AND 8062337
	Index Only Scan using sbtest4_pkey on sbtest4  (cost=0.43..6.42 rows=99 width=4)
	  Index Cond: ((id >= 8062237) AND (id <= 8062337))

table 5 : explain SELECT id FROM sbtest5 WHERE id BETWEEN 8062237 AND 8062337
	Index Only Scan using sbtest5_pkey on sbtest5  (cost=0.43..6.43 rows=100 width=4)
	  Index Cond: ((id >= 8062237) AND (id <= 8062337))

table 6 : explain SELECT id FROM sbtest6 WHERE id BETWEEN 8062237 AND 8062337
	Index Only Scan using sbtest6_pkey on sbtest6  (cost=0.43..6.50 rows=103 width=4)
	  Index Cond: ((id >= 8062237) AND (id <= 8062337))

table 7 : explain SELECT id FROM sbtest7 WHERE id BETWEEN 8062237 AND 8062337
	Index Only Scan using sbtest7_pkey on sbtest7  (cost=0.43..6.35 rows=96 width=4)
	  Index Cond: ((id >= 8062237) AND (id <= 8062337))

table 8 : explain SELECT id FROM sbtest8 WHERE id BETWEEN 8062237 AND 8062337
	Index Only Scan using sbtest8_pkey on sbtest8  (cost=0.43..10.38 rows=97 width=4)
	  Index Cond: ((id >= 8062237) AND (id <= 8062337))

explain: for range-covered :: explain SELECT id FROM sbtest%d WHERE id BETWEEN 2897902 AND 2898002
for range-covered
table 1 : explain SELECT id FROM sbtest1 WHERE id BETWEEN 2541095 AND 2541195
	Index Only Scan using sbtest1_pkey on sbtest1  (cost=0.43..6.43 rows=100 width=4)
	  Index Cond: ((id >= 2541095) AND (id <= 2541195))

table 2 : explain SELECT id FROM sbtest2 WHERE id BETWEEN 2541095 AND 2541195
	Index Only Scan using sbtest2_pkey on sbtest2  (cost=0.43..10.29 rows=93 width=4)
	  Index Cond: ((id >= 2541095) AND (id <= 2541195))

table 3 : explain SELECT id FROM sbtest3 WHERE id BETWEEN 2541095 AND 2541195
	Index Only Scan using sbtest3_pkey on sbtest3  (cost=0.43..6.45 rows=101 width=4)
	  Index Cond: ((id >= 2541095) AND (id <= 2541195))

table 4 : explain SELECT id FROM sbtest4 WHERE id BETWEEN 2541095 AND 2541195
	Index Only Scan using sbtest4_pkey on sbtest4  (cost=0.43..6.35 rows=96 width=4)
	  Index Cond: ((id >= 2541095) AND (id <= 2541195))

table 5 : explain SELECT id FROM sbtest5 WHERE id BETWEEN 2541095 AND 2541195
	Index Only Scan using sbtest5_pkey on sbtest5  (cost=0.43..6.47 rows=102 width=4)
	  Index Cond: ((id >= 2541095) AND (id <= 2541195))

table 6 : explain SELECT id FROM sbtest6 WHERE id BETWEEN 2541095 AND 2541195
	Index Only Scan using sbtest6_pkey on sbtest6  (cost=0.43..6.42 rows=99 width=4)
	  Index Cond: ((id >= 2541095) AND (id <= 2541195))

table 7 : explain SELECT id FROM sbtest7 WHERE id BETWEEN 2541095 AND 2541195
	Index Only Scan using sbtest7_pkey on sbtest7  (cost=0.43..6.45 rows=101 width=4)
	  Index Cond: ((id >= 2541095) AND (id <= 2541195))

table 8 : explain SELECT id FROM sbtest8 WHERE id BETWEEN 2541095 AND 2541195
	Index Only Scan using sbtest8_pkey on sbtest8  (cost=0.43..10.51 rows=104 width=4)
	  Index Cond: ((id >= 2541095) AND (id <= 2541195))

for range-covered
table 1 : explain SELECT id FROM sbtest1 WHERE id BETWEEN 3319398 AND 3319498
	Index Only Scan using sbtest1_pkey on sbtest1  (cost=0.43..6.47 rows=102 width=4)
	  Index Cond: ((id >= 3319398) AND (id <= 3319498))

table 2 : explain SELECT id FROM sbtest2 WHERE id BETWEEN 3319398 AND 3319498
	Index Only Scan using sbtest2_pkey on sbtest2  (cost=0.43..10.47 rows=102 width=4)
	  Index Cond: ((id >= 3319398) AND (id <= 3319498))

table 3 : explain SELECT id FROM sbtest3 WHERE id BETWEEN 3319398 AND 3319498
	Index Only Scan using sbtest3_pkey on sbtest3  (cost=0.43..6.58 rows=107 width=4)
	  Index Cond: ((id >= 3319398) AND (id <= 3319498))

table 4 : explain SELECT id FROM sbtest4 WHERE id BETWEEN 3319398 AND 3319498
	Index Only Scan using sbtest4_pkey on sbtest4  (cost=0.43..6.37 rows=97 width=4)
	  Index Cond: ((id >= 3319398) AND (id <= 3319498))

table 5 : explain SELECT id FROM sbtest5 WHERE id BETWEEN 3319398 AND 3319498
	Index Only Scan using sbtest5_pkey on sbtest5  (cost=0.43..6.40 rows=98 width=4)
	  Index Cond: ((id >= 3319398) AND (id <= 3319498))

table 6 : explain SELECT id FROM sbtest6 WHERE id BETWEEN 3319398 AND 3319498
	Index Only Scan using sbtest6_pkey on sbtest6  (cost=0.43..6.37 rows=97 width=4)
	  Index Cond: ((id >= 3319398) AND (id <= 3319498))

table 7 : explain SELECT id FROM sbtest7 WHERE id BETWEEN 3319398 AND 3319498
	Index Only Scan using sbtest7_pkey on sbtest7  (cost=0.43..6.33 rows=95 width=4)
	  Index Cond: ((id >= 3319398) AND (id <= 3319498))

table 8 : explain SELECT id FROM sbtest8 WHERE id BETWEEN 3319398 AND 3319498
	Index Only Scan using sbtest8_pkey on sbtest8  (cost=0.43..10.62 rows=109 width=4)
	  Index Cond: ((id >= 3319398) AND (id <= 3319498))

explain: for range-covered :: explain SELECT id FROM sbtest%d WHERE id BETWEEN 2541095 AND 2541195
for range-covered
table 1 : explain SELECT id FROM sbtest1 WHERE id BETWEEN 2897902 AND 2898002
	Index Only Scan using sbtest1_pkey on sbtest1  (cost=0.43..6.66 rows=111 width=4)
	  Index Cond: ((id >= 2897902) AND (id <= 2898002))

table 2 : explain SELECT id FROM sbtest2 WHERE id BETWEEN 2897902 AND 2898002
	Index Only Scan using sbtest2_pkey on sbtest2  (cost=0.43..10.63 rows=110 width=4)
	  Index Cond: ((id >= 2897902) AND (id <= 2898002))

table 3 : explain SELECT id FROM sbtest3 WHERE id BETWEEN 2897902 AND 2898002
	Index Only Scan using sbtest3_pkey on sbtest3  (cost=0.43..6.45 rows=101 width=4)
	  Index Cond: ((id >= 2897902) AND (id <= 2898002))

table 4 : explain SELECT id FROM sbtest4 WHERE id BETWEEN 2897902 AND 2898002
	Index Only Scan using sbtest4_pkey on sbtest4  (cost=0.43..6.45 rows=101 width=4)
	  Index Cond: ((id >= 2897902) AND (id <= 2898002))

table 5 : explain SELECT id FROM sbtest5 WHERE id BETWEEN 2897902 AND 2898002
	Index Only Scan using sbtest5_pkey on sbtest5  (cost=0.43..6.47 rows=102 width=4)
	  Index Cond: ((id >= 2897902) AND (id <= 2898002))

table 6 : explain SELECT id FROM sbtest6 WHERE id BETWEEN 2897902 AND 2898002
	Index Only Scan using sbtest6_pkey on sbtest6  (cost=0.43..6.32 rows=94 width=4)
	  Index Cond: ((id >= 2897902) AND (id <= 2898002))

table 7 : explain SELECT id FROM sbtest7 WHERE id BETWEEN 2897902 AND 2898002
	Index Only Scan using sbtest7_pkey on sbtest7  (cost=0.43..6.35 rows=96 width=4)
	  Index Cond: ((id >= 2897902) AND (id <= 2898002))

table 8 : explain SELECT id FROM sbtest8 WHERE id BETWEEN 2897902 AND 2898002
	Index Only Scan using sbtest8_pkey on sbtest8  (cost=0.43..10.36 rows=96 width=4)
	  Index Cond: ((id >= 2897902) AND (id <= 2898002))

for range-covered
table 1 : explain SELECT id FROM sbtest1 WHERE id BETWEEN 2541095 AND 2541195
	Index Only Scan using sbtest1_pkey on sbtest1  (cost=0.43..6.43 rows=100 width=4)
	  Index Cond: ((id >= 2541095) AND (id <= 2541195))

table 2 : explain SELECT id FROM sbtest2 WHERE id BETWEEN 2541095 AND 2541195
	Index Only Scan using sbtest2_pkey on sbtest2  (cost=0.43..10.29 rows=93 width=4)
	  Index Cond: ((id >= 2541095) AND (id <= 2541195))

table 3 : explain SELECT id FROM sbtest3 WHERE id BETWEEN 2541095 AND 2541195
	Index Only Scan using sbtest3_pkey on sbtest3  (cost=0.43..6.45 rows=101 width=4)
	  Index Cond: ((id >= 2541095) AND (id <= 2541195))

table 4 : explain SELECT id FROM sbtest4 WHERE id BETWEEN 2541095 AND 2541195
	Index Only Scan using sbtest4_pkey on sbtest4  (cost=0.43..6.35 rows=96 width=4)
	  Index Cond: ((id >= 2541095) AND (id <= 2541195))

table 5 : explain SELECT id FROM sbtest5 WHERE id BETWEEN 2541095 AND 2541195
	Index Only Scan using sbtest5_pkey on sbtest5  (cost=0.43..6.47 rows=102 width=4)
	  Index Cond: ((id >= 2541095) AND (id <= 2541195))

table 6 : explain SELECT id FROM sbtest6 WHERE id BETWEEN 2541095 AND 2541195
	Index Only Scan using sbtest6_pkey on sbtest6  (cost=0.43..6.42 rows=99 width=4)
	  Index Cond: ((id >= 2541095) AND (id <= 2541195))

table 7 : explain SELECT id FROM sbtest7 WHERE id BETWEEN 2541095 AND 2541195
	Index Only Scan using sbtest7_pkey on sbtest7  (cost=0.43..6.45 rows=101 width=4)
	  Index Cond: ((id >= 2541095) AND (id <= 2541195))

table 8 : explain SELECT id FROM sbtest8 WHERE id BETWEEN 2541095 AND 2541195
	Index Only Scan using sbtest8_pkey on sbtest8  (cost=0.43..10.51 rows=104 width=4)
	  Index Cond: ((id >= 2541095) AND (id <= 2541195))

explain: for range-covered :: explain SELECT id FROM sbtest%d WHERE id BETWEEN 4871933 AND 4872033
for range-covered
table 1 : explain SELECT id FROM sbtest1 WHERE id BETWEEN 4871933 AND 4872033
	Index Only Scan using sbtest1_pkey on sbtest1  (cost=0.43..6.43 rows=100 width=4)
	  Index Cond: ((id >= 4871933) AND (id <= 4872033))

table 2 : explain SELECT id FROM sbtest2 WHERE id BETWEEN 4871933 AND 4872033
	Index Only Scan using sbtest2_pkey on sbtest2  (cost=0.43..10.28 rows=92 width=4)
	  Index Cond: ((id >= 4871933) AND (id <= 4872033))

table 3 : explain SELECT id FROM sbtest3 WHERE id BETWEEN 4871933 AND 4872033
	Index Only Scan using sbtest3_pkey on sbtest3  (cost=0.43..6.45 rows=101 width=4)
	  Index Cond: ((id >= 4871933) AND (id <= 4872033))

table 4 : explain SELECT id FROM sbtest4 WHERE id BETWEEN 4871933 AND 4872033
	Index Only Scan using sbtest4_pkey on sbtest4  (cost=0.43..6.74 rows=115 width=4)
	  Index Cond: ((id >= 4871933) AND (id <= 4872033))

table 5 : explain SELECT id FROM sbtest5 WHERE id BETWEEN 4871933 AND 4872033
	Index Only Scan using sbtest5_pkey on sbtest5  (cost=0.43..6.56 rows=106 width=4)
	  Index Cond: ((id >= 4871933) AND (id <= 4872033))

table 6 : explain SELECT id FROM sbtest6 WHERE id BETWEEN 4871933 AND 4872033
	Index Only Scan using sbtest6_pkey on sbtest6  (cost=0.43..6.35 rows=96 width=4)
	  Index Cond: ((id >= 4871933) AND (id <= 4872033))

table 7 : explain SELECT id FROM sbtest7 WHERE id BETWEEN 4871933 AND 4872033
	Index Only Scan using sbtest7_pkey on sbtest7  (cost=0.43..6.43 rows=100 width=4)
	  Index Cond: ((id >= 4871933) AND (id <= 4872033))

table 8 : explain SELECT id FROM sbtest8 WHERE id BETWEEN 4871933 AND 4872033
	Index Only Scan using sbtest8_pkey on sbtest8  (cost=0.43..10.47 rows=102 width=4)
	  Index Cond: ((id >= 4871933) AND (id <= 4872033))

explain: for range-covered :: explain SELECT id FROM sbtest%d WHERE id BETWEEN 4871933 AND 4872033
for range-covered
table 1 : explain SELECT id FROM sbtest1 WHERE id BETWEEN 4871933 AND 4872033
	Index Only Scan using sbtest1_pkey on sbtest1  (cost=0.43..6.43 rows=100 width=4)
	  Index Cond: ((id >= 4871933) AND (id <= 4872033))

table 2 : explain SELECT id FROM sbtest2 WHERE id BETWEEN 4871933 AND 4872033
	Index Only Scan using sbtest2_pkey on sbtest2  (cost=0.43..10.28 rows=92 width=4)
	  Index Cond: ((id >= 4871933) AND (id <= 4872033))

table 3 : explain SELECT id FROM sbtest3 WHERE id BETWEEN 4871933 AND 4872033
	Index Only Scan using sbtest3_pkey on sbtest3  (cost=0.43..6.45 rows=101 width=4)
	  Index Cond: ((id >= 4871933) AND (id <= 4872033))

table 4 : explain SELECT id FROM sbtest4 WHERE id BETWEEN 4871933 AND 4872033
	Index Only Scan using sbtest4_pkey on sbtest4  (cost=0.43..6.74 rows=115 width=4)
	  Index Cond: ((id >= 4871933) AND (id <= 4872033))

table 5 : explain SELECT id FROM sbtest5 WHERE id BETWEEN 4871933 AND 4872033
	Index Only Scan using sbtest5_pkey on sbtest5  (cost=0.43..6.56 rows=106 width=4)
	  Index Cond: ((id >= 4871933) AND (id <= 4872033))

table 6 : explain SELECT id FROM sbtest6 WHERE id BETWEEN 4871933 AND 4872033
	Index Only Scan using sbtest6_pkey on sbtest6  (cost=0.43..6.35 rows=96 width=4)
	  Index Cond: ((id >= 4871933) AND (id <= 4872033))

table 7 : explain SELECT id FROM sbtest7 WHERE id BETWEEN 4871933 AND 4872033
	Index Only Scan using sbtest7_pkey on sbtest7  (cost=0.43..6.43 rows=100 width=4)
	  Index Cond: ((id >= 4871933) AND (id <= 4872033))

table 8 : explain SELECT id FROM sbtest8 WHERE id BETWEEN 4871933 AND 4872033
	Index Only Scan using sbtest8_pkey on sbtest8  (cost=0.43..10.47 rows=102 width=4)
	  Index Cond: ((id >= 4871933) AND (id <= 4872033))

explain: for range-covered :: explain SELECT id FROM sbtest%d WHERE id BETWEEN 4871933 AND 4872033
for range-covered
table 1 : explain SELECT id FROM sbtest1 WHERE id BETWEEN 4871933 AND 4872033
	Index Only Scan using sbtest1_pkey on sbtest1  (cost=0.43..6.43 rows=100 width=4)
	  Index Cond: ((id >= 4871933) AND (id <= 4872033))

table 2 : explain SELECT id FROM sbtest2 WHERE id BETWEEN 4871933 AND 4872033
	Index Only Scan using sbtest2_pkey on sbtest2  (cost=0.43..10.28 rows=92 width=4)
	  Index Cond: ((id >= 4871933) AND (id <= 4872033))

table 3 : explain SELECT id FROM sbtest3 WHERE id BETWEEN 4871933 AND 4872033
	Index Only Scan using sbtest3_pkey on sbtest3  (cost=0.43..6.45 rows=101 width=4)
	  Index Cond: ((id >= 4871933) AND (id <= 4872033))

table 4 : explain SELECT id FROM sbtest4 WHERE id BETWEEN 4871933 AND 4872033
	Index Only Scan using sbtest4_pkey on sbtest4  (cost=0.43..6.74 rows=115 width=4)
	  Index Cond: ((id >= 4871933) AND (id <= 4872033))

table 5 : explain SELECT id FROM sbtest5 WHERE id BETWEEN 4871933 AND 4872033
	Index Only Scan using sbtest5_pkey on sbtest5  (cost=0.43..6.56 rows=106 width=4)
	  Index Cond: ((id >= 4871933) AND (id <= 4872033))

table 6 : explain SELECT id FROM sbtest6 WHERE id BETWEEN 4871933 AND 4872033
	Index Only Scan using sbtest6_pkey on sbtest6  (cost=0.43..6.35 rows=96 width=4)
	  Index Cond: ((id >= 4871933) AND (id <= 4872033))

table 7 : explain SELECT id FROM sbtest7 WHERE id BETWEEN 4871933 AND 4872033
	Index Only Scan using sbtest7_pkey on sbtest7  (cost=0.43..6.43 rows=100 width=4)
	  Index Cond: ((id >= 4871933) AND (id <= 4872033))

table 8 : explain SELECT id FROM sbtest8 WHERE id BETWEEN 4871933 AND 4872033
	Index Only Scan using sbtest8_pkey on sbtest8  (cost=0.43..10.47 rows=102 width=4)
	  Index Cond: ((id >= 4871933) AND (id <= 4872033))

explain: for range-covered :: explain SELECT id FROM sbtest%d WHERE id BETWEEN 4871933 AND 4872033
for range-covered
table 1 : explain SELECT id FROM sbtest1 WHERE id BETWEEN 4871933 AND 4872033
	Index Only Scan using sbtest1_pkey on sbtest1  (cost=0.43..6.43 rows=100 width=4)
	  Index Cond: ((id >= 4871933) AND (id <= 4872033))

table 2 : explain SELECT id FROM sbtest2 WHERE id BETWEEN 4871933 AND 4872033
	Index Only Scan using sbtest2_pkey on sbtest2  (cost=0.43..10.28 rows=92 width=4)
	  Index Cond: ((id >= 4871933) AND (id <= 4872033))

table 3 : explain SELECT id FROM sbtest3 WHERE id BETWEEN 4871933 AND 4872033
	Index Only Scan using sbtest3_pkey on sbtest3  (cost=0.43..6.45 rows=101 width=4)
	  Index Cond: ((id >= 4871933) AND (id <= 4872033))

table 4 : explain SELECT id FROM sbtest4 WHERE id BETWEEN 4871933 AND 4872033
	Index Only Scan using sbtest4_pkey on sbtest4  (cost=0.43..6.74 rows=115 width=4)
	  Index Cond: ((id >= 4871933) AND (id <= 4872033))

table 5 : explain SELECT id FROM sbtest5 WHERE id BETWEEN 4871933 AND 4872033
	Index Only Scan using sbtest5_pkey on sbtest5  (cost=0.43..6.56 rows=106 width=4)
	  Index Cond: ((id >= 4871933) AND (id <= 4872033))

table 6 : explain SELECT id FROM sbtest6 WHERE id BETWEEN 4871933 AND 4872033
	Index Only Scan using sbtest6_pkey on sbtest6  (cost=0.43..6.35 rows=96 width=4)
	  Index Cond: ((id >= 4871933) AND (id <= 4872033))

table 7 : explain SELECT id FROM sbtest7 WHERE id BETWEEN 4871933 AND 4872033
	Index Only Scan using sbtest7_pkey on sbtest7  (cost=0.43..6.43 rows=100 width=4)
	  Index Cond: ((id >= 4871933) AND (id <= 4872033))

table 8 : explain SELECT id FROM sbtest8 WHERE id BETWEEN 4871933 AND 4872033
	Index Only Scan using sbtest8_pkey on sbtest8  (cost=0.43..10.47 rows=102 width=4)
	  Index Cond: ((id >= 4871933) AND (id <= 4872033))

explain: for range-covered :: explain SELECT id FROM sbtest%d WHERE id BETWEEN 4871933 AND 4872033
for range-covered
table 1 : explain SELECT id FROM sbtest1 WHERE id BETWEEN 4871933 AND 4872033
	Index Only Scan using sbtest1_pkey on sbtest1  (cost=0.43..6.43 rows=100 width=4)
	  Index Cond: ((id >= 4871933) AND (id <= 4872033))

table 2 : explain SELECT id FROM sbtest2 WHERE id BETWEEN 4871933 AND 4872033
	Index Only Scan using sbtest2_pkey on sbtest2  (cost=0.43..10.28 rows=92 width=4)
	  Index Cond: ((id >= 4871933) AND (id <= 4872033))

table 3 : explain SELECT id FROM sbtest3 WHERE id BETWEEN 4871933 AND 4872033
	Index Only Scan using sbtest3_pkey on sbtest3  (cost=0.43..6.45 rows=101 width=4)
	  Index Cond: ((id >= 4871933) AND (id <= 4872033))

table 4 : explain SELECT id FROM sbtest4 WHERE id BETWEEN 4871933 AND 4872033
	Index Only Scan using sbtest4_pkey on sbtest4  (cost=0.43..6.74 rows=115 width=4)
	  Index Cond: ((id >= 4871933) AND (id <= 4872033))

table 5 : explain SELECT id FROM sbtest5 WHERE id BETWEEN 4871933 AND 4872033
	Index Only Scan using sbtest5_pkey on sbtest5  (cost=0.43..6.56 rows=106 width=4)
	  Index Cond: ((id >= 4871933) AND (id <= 4872033))

table 6 : explain SELECT id FROM sbtest6 WHERE id BETWEEN 4871933 AND 4872033
	Index Only Scan using sbtest6_pkey on sbtest6  (cost=0.43..6.35 rows=96 width=4)
	  Index Cond: ((id >= 4871933) AND (id <= 4872033))

table 7 : explain SELECT id FROM sbtest7 WHERE id BETWEEN 4871933 AND 4872033
	Index Only Scan using sbtest7_pkey on sbtest7  (cost=0.43..6.43 rows=100 width=4)
	  Index Cond: ((id >= 4871933) AND (id <= 4872033))

table 8 : explain SELECT id FROM sbtest8 WHERE id BETWEEN 4871933 AND 4872033
	Index Only Scan using sbtest8_pkey on sbtest8  (cost=0.43..10.47 rows=102 width=4)
	  Index Cond: ((id >= 4871933) AND (id <= 4872033))

explain: for range-covered :: explain SELECT id FROM sbtest%d WHERE id BETWEEN 4871933 AND 4872033
for range-covered
table 1 : explain SELECT id FROM sbtest1 WHERE id BETWEEN 4871933 AND 4872033
	Index Only Scan using sbtest1_pkey on sbtest1  (cost=0.43..6.43 rows=100 width=4)
	  Index Cond: ((id >= 4871933) AND (id <= 4872033))

table 2 : explain SELECT id FROM sbtest2 WHERE id BETWEEN 4871933 AND 4872033
	Index Only Scan using sbtest2_pkey on sbtest2  (cost=0.43..10.28 rows=92 width=4)
	  Index Cond: ((id >= 4871933) AND (id <= 4872033))

table 3 : explain SELECT id FROM sbtest3 WHERE id BETWEEN 4871933 AND 4872033
	Index Only Scan using sbtest3_pkey on sbtest3  (cost=0.43..6.45 rows=101 width=4)
	  Index Cond: ((id >= 4871933) AND (id <= 4872033))

table 4 : explain SELECT id FROM sbtest4 WHERE id BETWEEN 4871933 AND 4872033
	Index Only Scan using sbtest4_pkey on sbtest4  (cost=0.43..6.74 rows=115 width=4)
	  Index Cond: ((id >= 4871933) AND (id <= 4872033))

table 5 : explain SELECT id FROM sbtest5 WHERE id BETWEEN 4871933 AND 4872033
	Index Only Scan using sbtest5_pkey on sbtest5  (cost=0.43..6.56 rows=106 width=4)
	  Index Cond: ((id >= 4871933) AND (id <= 4872033))

table 6 : explain SELECT id FROM sbtest6 WHERE id BETWEEN 4871933 AND 4872033
	Index Only Scan using sbtest6_pkey on sbtest6  (cost=0.43..6.35 rows=96 width=4)
	  Index Cond: ((id >= 4871933) AND (id <= 4872033))

table 7 : explain SELECT id FROM sbtest7 WHERE id BETWEEN 4871933 AND 4872033
	Index Only Scan using sbtest7_pkey on sbtest7  (cost=0.43..6.43 rows=100 width=4)
	  Index Cond: ((id >= 4871933) AND (id <= 4872033))

table 8 : explain SELECT id FROM sbtest8 WHERE id BETWEEN 4871933 AND 4872033
	Index Only Scan using sbtest8_pkey on sbtest8  (cost=0.43..10.47 rows=102 width=4)
	  Index Cond: ((id >= 4871933) AND (id <= 4872033))

explain: for range-covered :: explain SELECT id FROM sbtest%d WHERE id BETWEEN 4871933 AND 4872033
for range-covered
table 1 : explain SELECT id FROM sbtest1 WHERE id BETWEEN 4871933 AND 4872033
	Index Only Scan using sbtest1_pkey on sbtest1  (cost=0.43..6.43 rows=100 width=4)
	  Index Cond: ((id >= 4871933) AND (id <= 4872033))

table 2 : explain SELECT id FROM sbtest2 WHERE id BETWEEN 4871933 AND 4872033
	Index Only Scan using sbtest2_pkey on sbtest2  (cost=0.43..10.28 rows=92 width=4)
	  Index Cond: ((id >= 4871933) AND (id <= 4872033))

table 3 : explain SELECT id FROM sbtest3 WHERE id BETWEEN 4871933 AND 4872033
	Index Only Scan using sbtest3_pkey on sbtest3  (cost=0.43..6.45 rows=101 width=4)
	  Index Cond: ((id >= 4871933) AND (id <= 4872033))

table 4 : explain SELECT id FROM sbtest4 WHERE id BETWEEN 4871933 AND 4872033
	Index Only Scan using sbtest4_pkey on sbtest4  (cost=0.43..6.74 rows=115 width=4)
	  Index Cond: ((id >= 4871933) AND (id <= 4872033))

table 5 : explain SELECT id FROM sbtest5 WHERE id BETWEEN 4871933 AND 4872033
	Index Only Scan using sbtest5_pkey on sbtest5  (cost=0.43..6.56 rows=106 width=4)
	  Index Cond: ((id >= 4871933) AND (id <= 4872033))

table 6 : explain SELECT id FROM sbtest6 WHERE id BETWEEN 4871933 AND 4872033
	Index Only Scan using sbtest6_pkey on sbtest6  (cost=0.43..6.35 rows=96 width=4)
	  Index Cond: ((id >= 4871933) AND (id <= 4872033))

table 7 : explain SELECT id FROM sbtest7 WHERE id BETWEEN 4871933 AND 4872033
	Index Only Scan using sbtest7_pkey on sbtest7  (cost=0.43..6.43 rows=100 width=4)
	  Index Cond: ((id >= 4871933) AND (id <= 4872033))

table 8 : explain SELECT id FROM sbtest8 WHERE id BETWEEN 4871933 AND 4872033
	Index Only Scan using sbtest8_pkey on sbtest8  (cost=0.43..10.47 rows=102 width=4)
	  Index Cond: ((id >= 4871933) AND (id <= 4872033))

explain: for range-covered :: explain SELECT id FROM sbtest%d WHERE id BETWEEN 4871933 AND 4872033
for range-covered
table 1 : explain SELECT id FROM sbtest1 WHERE id BETWEEN 4871933 AND 4872033
	Index Only Scan using sbtest1_pkey on sbtest1  (cost=0.43..6.43 rows=100 width=4)
	  Index Cond: ((id >= 4871933) AND (id <= 4872033))

table 2 : explain SELECT id FROM sbtest2 WHERE id BETWEEN 4871933 AND 4872033
	Index Only Scan using sbtest2_pkey on sbtest2  (cost=0.43..10.28 rows=92 width=4)
	  Index Cond: ((id >= 4871933) AND (id <= 4872033))

table 3 : explain SELECT id FROM sbtest3 WHERE id BETWEEN 4871933 AND 4872033
	Index Only Scan using sbtest3_pkey on sbtest3  (cost=0.43..6.45 rows=101 width=4)
	  Index Cond: ((id >= 4871933) AND (id <= 4872033))

table 4 : explain SELECT id FROM sbtest4 WHERE id BETWEEN 4871933 AND 4872033
	Index Only Scan using sbtest4_pkey on sbtest4  (cost=0.43..6.74 rows=115 width=4)
	  Index Cond: ((id >= 4871933) AND (id <= 4872033))

table 5 : explain SELECT id FROM sbtest5 WHERE id BETWEEN 4871933 AND 4872033
	Index Only Scan using sbtest5_pkey on sbtest5  (cost=0.43..6.56 rows=106 width=4)
	  Index Cond: ((id >= 4871933) AND (id <= 4872033))

table 6 : explain SELECT id FROM sbtest6 WHERE id BETWEEN 4871933 AND 4872033
	Index Only Scan using sbtest6_pkey on sbtest6  (cost=0.43..6.35 rows=96 width=4)
	  Index Cond: ((id >= 4871933) AND (id <= 4872033))

table 7 : explain SELECT id FROM sbtest7 WHERE id BETWEEN 4871933 AND 4872033
	Index Only Scan using sbtest7_pkey on sbtest7  (cost=0.43..6.43 rows=100 width=4)
	  Index Cond: ((id >= 4871933) AND (id <= 4872033))

table 8 : explain SELECT id FROM sbtest8 WHERE id BETWEEN 4871933 AND 4872033
	Index Only Scan using sbtest8_pkey on sbtest8  (cost=0.43..10.47 rows=102 width=4)
	  Index Cond: ((id >= 4871933) AND (id <= 4872033))

Threads started!

Warming up for 5 seconds...

SQL statistics:
    queries performed:
        read:                            245028006
        write:                           0
        other:                           0
        total:                           245028006
    transactions:                        245028006 (388929.93 per sec.)
    queries:                             245028006 (388929.93 per sec.)
    ignored errors:                      0      (0.00 per sec.)
    reconnects:                          0      (0.00 per sec.)

Throughput:
    events/s (eps):                      388929.9253
    time elapsed:                        630.0057s
    total number of events:              245028006

Latency (ms):
         min:                                    0.07
         avg:                                    0.10
         max:                                   24.12
         95th percentile:                        0.12
         sum:                             25120538.13

Threads fairness:
    events (avg/stddev):           6125693.2750/27475.55
    execution time (avg/stddev):   628.0135/0.02

