LUA_PATH=/home/mdcallag/git/mytools/bench/sysbench.lua/lua/?.lua /home/mdcallag/git/mytools/bench/sysbench.lua/lua/sysbench --db-driver=pgsql --range-size=1000 --table-size=10000000 --tables=8 --threads=40 --events=0 --warmup-time=5 --time=630 --pgsql_conn_id=true /home/mdcallag/git/mytools/bench/sysbench.lua/lua/oltp_read_only.lua run --pgsql-user=root --pgsql-password=pw --pgsql-host=127.0.0.1 --pgsql-db=ib --rand-type=uniform --simple-ranges=1 --sum-ranges=0 --order-ranges=0 --distinct-ranges=0
48 CPUs
sysbench 1.1.0-9072687 (using bundled LuaJIT 2.1.0-beta3)

Running the test with following options:
Number of threads: 40
Warmup time: 5s
Initializing random number generator from current time


Initializing worker threads...

explain: for point_selects :: explain SELECT c FROM sbtest%u WHERE id=%u
explain: for point_selects :: explain SELECT c FROM sbtest%u WHERE id=%u
explain: for point_selects :: explain SELECT c FROM sbtest%u WHERE id=%u
explain: for point_selects :: explain SELECT c FROM sbtest%u WHERE id=%u
explain: for point_selects :: explain SELECT c FROM sbtest%u WHERE id=%u
for point_selects
table 1 : explain SELECT c FROM sbtest1 WHERE id=2096622
	Index Scan using sbtest1_pkey on sbtest1  (cost=0.43..8.45 rows=1 width=121)
	  Index Cond: (id = 2096622)

table 2 : explain SELECT c FROM sbtest2 WHERE id=2968581
	Index Scan using sbtest2_pkey on sbtest2  (cost=0.43..8.45 rows=1 width=121)
	  Index Cond: (id = 2968581)

table 3 : explain SELECT c FROM sbtest3 WHERE id=384723
	Index Scan using sbtest3_pkey on sbtest3  (cost=0.43..8.45 rows=1 width=121)
	  Index Cond: (id = 384723)

table 4 : explain SELECT c FROM sbtest4 WHERE id=739745
	Index Scan using sbtest4_pkey on sbtest4  (cost=0.43..8.45 rows=1 width=121)
	  Index Cond: (id = 739745)

table 5 : explain SELECT c FROM sbtest5 WHERE id=4342867
	Index Scan using sbtest5_pkey on sbtest5  (cost=0.43..8.45 rows=1 width=121)
	  Index Cond: (id = 4342867)

table 6 : explain SELECT c FROM sbtest6 WHERE id=4759376
	Index Scan using sbtest6_pkey on sbtest6  (cost=0.43..8.45 rows=1 width=121)
	  Index Cond: (id = 4759376)

table 7 : explain SELECT c FROM sbtest7 WHERE id=3589627
	Index Scan using sbtest7_pkey on sbtest7  (cost=0.43..8.45 rows=1 width=121)
	  Index Cond: (id = 3589627)

table 8 : explain SELECT c FROM sbtest8 WHERE id=7775401
	Index Scan using sbtest8_pkey on sbtest8  (cost=0.43..8.45 rows=1 width=121)
	  Index Cond: (id = 7775401)

for point_selects
table 1 : explain SELECT c FROM sbtest1 WHERE id=4095720
	Index Scan using sbtest1_pkey on sbtest1  (cost=0.43..8.45 rows=1 width=121)
	  Index Cond: (id = 4095720)

table 2 : explain SELECT c FROM sbtest2 WHERE id=1263282
	Index Scan using sbtest2_pkey on sbtest2  (cost=0.43..8.45 rows=1 width=121)
	  Index Cond: (id = 1263282)

table 3 : explain SELECT c FROM sbtest3 WHERE id=3298883
	Index Scan using sbtest3_pkey on sbtest3  (cost=0.43..8.45 rows=1 width=121)
	  Index Cond: (id = 3298883)

table 4 : explain SELECT c FROM sbtest4 WHERE id=1554825
	Index Scan using sbtest4_pkey on sbtest4  (cost=0.43..8.45 rows=1 width=121)
	  Index Cond: (id = 1554825)

table 5 : explain SELECT c FROM sbtest5 WHERE id=9167802
	Index Scan using sbtest5_pkey on sbtest5  (cost=0.43..8.45 rows=1 width=121)
	  Index Cond: (id = 9167802)

table 6 : explain SELECT c FROM sbtest6 WHERE id=9764086
	Index Scan using sbtest6_pkey on sbtest6  (cost=0.43..8.45 rows=1 width=121)
	  Index Cond: (id = 9764086)

table 7 : explain SELECT c FROM sbtest7 WHERE id=4190112
	Index Scan using sbtest7_pkey on sbtest7  (cost=0.43..8.45 rows=1 width=121)
	  Index Cond: (id = 4190112)

table 8 : explain SELECT c FROM sbtest8 WHERE id=9610659
	Index Scan using sbtest8_pkey on sbtest8  (cost=0.43..8.45 rows=1 width=121)
	  Index Cond: (id = 9610659)

explain: for point_selects :: explain SELECT c FROM sbtest%u WHERE id=%u
for: simple_ranges
table 1 : explain SELECT c FROM sbtest1 WHERE id BETWEEN 5185140 AND 5186139
	Bitmap Heap Scan on sbtest1  (cost=29.27..3352.17 rows=862 width=121)
	  Recheck Cond: ((id >= 5185140) AND (id <= 5186139))
	  ->  Bitmap Index Scan on sbtest1_pkey  (cost=0.00..29.05 rows=862 width=0)
	        Index Cond: ((id >= 5185140) AND (id <= 5186139))

table 2 : explain SELECT c FROM sbtest2 WHERE id BETWEEN 6677057 AND 6678056
	Bitmap Heap Scan on sbtest2  (cost=35.59..4205.91 rows=1088 width=121)
	  Recheck Cond: ((id >= 6677057) AND (id <= 6678056))
	  ->  Bitmap Index Scan on sbtest2_pkey  (cost=0.00..35.32 rows=1088 width=0)
	        Index Cond: ((id >= 6677057) AND (id <= 6678056))

table 3 : explain SELECT c FROM sbtest3 WHERE id BETWEEN 9873179 AND 9874178
	Bitmap Heap Scan on sbtest3  (cost=35.14..4046.81 rows=1044 width=121)
	  Recheck Cond: ((id >= 9873179) AND (id <= 9874178))
	  ->  Bitmap Index Scan on sbtest3_pkey  (cost=0.00..34.88 rows=1044 width=0)
	        Index Cond: ((id >= 9873179) AND (id <= 9874178))

table 4 : explain SELECT c FROM sbtest4 WHERE id BETWEEN 8233641 AND 8234640
	Bitmap Heap Scan on sbtest4  (cost=35.05..4016.94 rows=1036 width=121)
	  Recheck Cond: ((id >= 8233641) AND (id <= 8234640))
	  ->  Bitmap Index Scan on sbtest4_pkey  (cost=0.00..34.80 rows=1036 width=0)
	        Index Cond: ((id >= 8233641) AND (id <= 8234640))

table 5 : explain SELECT c FROM sbtest5 WHERE id BETWEEN 1135000 AND 1135999
	Bitmap Heap Scan on sbtest5  (cost=34.99..3993.95 rows=1030 width=121)
	  Recheck Cond: ((id >= 1135000) AND (id <= 1135999))
	  ->  Bitmap Index Scan on sbtest5_pkey  (cost=0.00..34.73 rows=1030 width=0)
	        Index Cond: ((id >= 1135000) AND (id <= 1135999))

table 6 : explain SELECT c FROM sbtest6 WHERE id BETWEEN 8201133 AND 8202132
	Bitmap Heap Scan on sbtest6  (cost=35.39..4137.43 rows=1069 width=121)
	  Recheck Cond: ((id >= 8201133) AND (id <= 8202132))
	  ->  Bitmap Index Scan on sbtest6_pkey  (cost=0.00..35.12 rows=1069 width=0)
	        Index Cond: ((id >= 8201133) AND (id <= 8202132))

table 7 : explain SELECT c FROM sbtest7 WHERE id BETWEEN 11258 AND 12257
	Bitmap Heap Scan on sbtest7  (cost=35.05..4015.62 rows=1036 width=121)
	  Recheck Cond: ((id >= 11258) AND (id <= 12257))
	  ->  Bitmap Index Scan on sbtest7_pkey  (cost=0.00..34.80 rows=1036 width=0)
	        Index Cond: ((id >= 11258) AND (id <= 12257))

table 8 : explain SELECT c FROM sbtest8 WHERE id BETWEEN 2803291 AND 2804290
	Bitmap Heap Scan on sbtest8  (cost=35.08..4023.14 rows=1039 width=121)
	  Recheck Cond: ((id >= 2803291) AND (id <= 2804290))
	  ->  Bitmap Index Scan on sbtest8_pkey  (cost=0.00..34.83 rows=1039 width=0)
	        Index Cond: ((id >= 2803291) AND (id <= 2804290))

explain: for point_selects :: explain SELECT c FROM sbtest%u WHERE id=%u
for point_selects
table 1 : explain SELECT c FROM sbtest1 WHERE id=886082
	Index Scan using sbtest1_pkey on sbtest1  (cost=0.43..8.45 rows=1 width=121)
	  Index Cond: (id = 886082)

table 2 : explain SELECT c FROM sbtest2 WHERE id=8209867
	Index Scan using sbtest2_pkey on sbtest2  (cost=0.43..8.45 rows=1 width=121)
	  Index Cond: (id = 8209867)

table 3 : explain SELECT c FROM sbtest3 WHERE id=4434786
	Index Scan using sbtest3_pkey on sbtest3  (cost=0.43..8.45 rows=1 width=121)
	  Index Cond: (id = 4434786)

table 4 : explain SELECT c FROM sbtest4 WHERE id=4732171
	Index Scan using sbtest4_pkey on sbtest4  (cost=0.43..8.45 rows=1 width=121)
	  Index Cond: (id = 4732171)

table 5 : explain SELECT c FROM sbtest5 WHERE id=4563288
	Index Scan using sbtest5_pkey on sbtest5  (cost=0.43..8.45 rows=1 width=121)
	  Index Cond: (id = 4563288)

table 6 : explain SELECT c FROM sbtest6 WHERE id=6001201
	Index Scan using sbtest6_pkey on sbtest6  (cost=0.43..8.45 rows=1 width=121)
	  Index Cond: (id = 6001201)

table 7 : explain SELECT c FROM sbtest7 WHERE id=108921
	Index Scan using sbtest7_pkey on sbtest7  (cost=0.43..8.45 rows=1 width=121)
	  Index Cond: (id = 108921)

table 8 : explain SELECT c FROM sbtest8 WHERE id=5848592
	Index Scan using sbtest8_pkey on sbtest8  (cost=0.43..8.45 rows=1 width=121)
	  Index Cond: (id = 5848592)

for: simple_ranges
table 1 : explain SELECT c FROM sbtest1 WHERE id BETWEEN 4654464 AND 4655463
	Bitmap Heap Scan on sbtest1  (cost=39.65..4236.36 rows=1094 width=121)
	  Recheck Cond: ((id >= 4654464) AND (id <= 4655463))
	  ->  Bitmap Index Scan on sbtest1_pkey  (cost=0.00..39.38 rows=1094 width=0)
	        Index Cond: ((id >= 4654464) AND (id <= 4655463))

table 2 : explain SELECT c FROM sbtest2 WHERE id BETWEEN 7027 AND 8026
	Bitmap Heap Scan on sbtest2  (cost=39.75..4270.02 rows=1104 width=121)
	  Recheck Cond: ((id >= 7027) AND (id <= 8026))
	  ->  Bitmap Index Scan on sbtest2_pkey  (cost=0.00..39.48 rows=1104 width=0)
	        Index Cond: ((id >= 7027) AND (id <= 8026))

table 3 : explain SELECT c FROM sbtest3 WHERE id BETWEEN 6516603 AND 6517602
	Bitmap Heap Scan on sbtest3  (cost=34.26..3725.73 rows=959 width=121)
	  Recheck Cond: ((id >= 6516603) AND (id <= 6517602))
	  ->  Bitmap Index Scan on sbtest3_pkey  (cost=0.00..34.03 rows=959 width=0)
	        Index Cond: ((id >= 6516603) AND (id <= 6517602))

table 4 : explain SELECT c FROM sbtest4 WHERE id BETWEEN 4023988 AND 4024987
	Bitmap Heap Scan on sbtest4  (cost=39.70..4258.43 rows=1099 width=121)
	  Recheck Cond: ((id >= 4023988) AND (id <= 4024987))
	  ->  Bitmap Index Scan on sbtest4_pkey  (cost=0.00..39.43 rows=1099 width=0)
	        Index Cond: ((id >= 4023988) AND (id <= 4024987))

table 5 : explain SELECT c FROM sbtest5 WHERE id BETWEEN 5651425 AND 5652424
	Bitmap Heap Scan on sbtest5  (cost=33.88..3581.87 rows=921 width=121)
	  Recheck Cond: ((id >= 5651425) AND (id <= 5652424))
	  ->  Bitmap Index Scan on sbtest5_pkey  (cost=0.00..33.65 rows=921 width=0)
	        Index Cond: ((id >= 5651425) AND (id <= 5652424))

table 6 : explain SELECT c FROM sbtest6 WHERE id BETWEEN 4225816 AND 4226815
	Bitmap Heap Scan on sbtest6  (cost=34.48..3801.94 rows=980 width=121)
	  Recheck Cond: ((id >= 4225816) AND (id <= 4226815))
	  ->  Bitmap Index Scan on sbtest6_pkey  (cost=0.00..34.23 rows=980 width=0)
	        Index Cond: ((id >= 4225816) AND (id <= 4226815))

table 7 : explain SELECT c FROM sbtest7 WHERE id BETWEEN 3702650 AND 3703649
	Bitmap Heap Scan on sbtest7  (cost=34.80..3921.29 rows=1011 width=121)
	  Recheck Cond: ((id >= 3702650) AND (id <= 3703649))
	  ->  Bitmap Index Scan on sbtest7_pkey  (cost=0.00..34.55 rows=1011 width=0)
	        Index Cond: ((id >= 3702650) AND (id <= 3703649))

table 8 : explain SELECT c FROM sbtest8 WHERE id BETWEEN 9168233 AND 9169232
	Bitmap Heap Scan on sbtest8  (cost=34.71..3883.72 rows=1002 width=121)
	  Recheck Cond: ((id >= 9168233) AND (id <= 9169232))
	  ->  Bitmap Index Scan on sbtest8_pkey  (cost=0.00..34.45 rows=1002 width=0)
	        Index Cond: ((id >= 9168233) AND (id <= 9169232))

explain: for point_selects :: explain SELECT c FROM sbtest%u WHERE id=%u
explain: for point_selects :: explain SELECT c FROM sbtest%u WHERE id=%u
explain: for point_selects :: explain SELECT c FROM sbtest%u WHERE id=%ufor point_selects
table 1 : explain SELECT c FROM sbtest1 WHERE id=6786464
	Index Scan using sbtest1_pkey on sbtest1  (cost=0.43..8.45 rows=1 width=121)
	  Index Cond: (id = 6786464)

table 2 : explain SELECT c FROM sbtest2 WHERE id=2058245
	Index Scan using sbtest2_pkey on sbtest2  (cost=0.43..8.45 rows=1 width=121)
	  Index Cond: (id = 2058245)

table 3 : explain SELECT c FROM sbtest3 WHERE id=1548862
	Index Scan using sbtest3_pkey on sbtest3  (cost=0.43..8.45 rows=1 width=121)
	  Index Cond: (id = 1548862)

table 4 : explain SELECT c FROM sbtest4 WHERE id=2741929
	Index Scan using sbtest4_pkey on sbtest4  (cost=0.43..8.45 rows=1 width=121)
	  Index Cond: (id = 2741929)

table 5 : explain SELECT c FROM sbtest5 WHERE id=3560439
	Index Scan using sbtest5_pkey on sbtest5  (cost=0.43..8.45 rows=1 width=121)
	  Index Cond: (id = 3560439)

table 6 : explain SELECT c FROM sbtest6 WHERE id=1890053
	Index Scan using sbtest6_pkey on sbtest6  (cost=0.43..8.45 rows=1 width=121)
	  Index Cond: (id = 1890053)

table 7 : explain SELECT c FROM sbtest7 WHERE id=3423861
	Index Scan using sbtest7_pkey on sbtest7  (cost=0.43..8.45 rows=1 width=121)
	  Index Cond: (id = 3423861)

table 8 : explain SELECT c FROM sbtest8 WHERE id=4175218
	Index Scan using sbtest8_pkey on sbtest8  (cost=0.43..8.45 rows=1 width=121)
	  Index Cond: (id = 4175218)


for: simple_ranges
table 1 : explain SELECT c FROM sbtest1 WHERE id BETWEEN 9997064 AND 9998063
	Bitmap Heap Scan on sbtest1  (cost=34.71..3885.72 rows=1002 width=121)
	  Recheck Cond: ((id >= 9997064) AND (id <= 9998063))
	  ->  Bitmap Index Scan on sbtest1_pkey  (cost=0.00..34.45 rows=1002 width=0)
	        Index Cond: ((id >= 9997064) AND (id <= 9998063))

table 2 : explain SELECT c FROM sbtest2 WHERE id BETWEEN 680797 AND 681796
	Bitmap Heap Scan on sbtest2  (cost=35.13..4036.70 rows=1043 width=121)
	  Recheck Cond: ((id >= 680797) AND (id <= 681796))
	  ->  Bitmap Index Scan on sbtest2_pkey  (cost=0.00..34.87 rows=1043 width=0)
	        Index Cond: ((id >= 680797) AND (id <= 681796))

table 3 : explain SELECT c FROM sbtest3 WHERE id BETWEEN 3065972 AND 3066971
	Bitmap Heap Scan on sbtest3  (cost=34.10..3665.19 rows=943 width=121)
	  Recheck Cond: ((id >= 3065972) AND (id <= 3066971))
	  ->  Bitmap Index Scan on sbtest3_pkey  (cost=0.00..33.87 rows=943 width=0)
	        Index Cond: ((id >= 3065972) AND (id <= 3066971))

table 4 : explain SELECT c FROM sbtest4 WHERE id BETWEEN 4885604 AND 4886603
	Bitmap Heap Scan on sbtest4  (cost=40.09..4401.46 rows=1137 width=121)
	  Recheck Cond: ((id >= 4885604) AND (id <= 4886603))
	  ->  Bitmap Index Scan on sbtest4_pkey  (cost=0.00..39.81 rows=1137 width=0)
	        Index Cond: ((id >= 4885604) AND (id <= 4886603))

table 5 : explain SELECT c FROM sbtest5 WHERE id BETWEEN 8980807 AND 8981806
	Bitmap Heap Scan on sbtest5  (cost=34.15..3684.08 rows=948 width=121)
	  Recheck Cond: ((id >= 8980807) AND (id <= 8981806))
	  ->  Bitmap Index Scan on sbtest5_pkey  (cost=0.00..33.92 rows=948 width=0)
	        Index Cond: ((id >= 8980807) AND (id <= 8981806))

table 6 : explain SELECT c FROM sbtest6 WHERE id BETWEEN 5406054 AND 5407053
	Bitmap Heap Scan on sbtest6  (cost=34.01..3628.15 rows=934 width=121)
	  Recheck Cond: ((id >= 5406054) AND (id <= 5407053))
	  ->  Bitmap Index Scan on sbtest6_pkey  (cost=0.00..33.78 rows=934 width=0)
	        Index Cond: ((id >= 5406054) AND (id <= 5407053))

table 7 : explain SELECT c FROM sbtest7 WHERE id BETWEEN 4613611 AND 4614610
	Bitmap Heap Scan on sbtest7  (cost=35.62..4222.88 rows=1091 width=121)
	  Recheck Cond: ((id >= 4613611) AND (id <= 4614610))
	  ->  Bitmap Index Scan on sbtest7_pkey  (cost=0.00..35.34 rows=1091 width=0)
	        Index Cond: ((id >= 4613611) AND (id <= 4614610))

table 8 : explain SELECT c FROM sbtest8 WHERE id BETWEEN 5089735 AND 5090734
	Bitmap Heap Scan on sbtest8  (cost=34.57..3834.69 rows=989 width=121)
	  Recheck Cond: ((id >= 5089735) AND (id <= 5090734))
	  ->  Bitmap Index Scan on sbtest8_pkey  (cost=0.00..34.33 rows=989 width=0)
	        Index Cond: ((id >= 5089735) AND (id <= 5090734))

for point_selects
table 1 : explain SELECT c FROM sbtest1 WHERE id=1661635
	Index Scan using sbtest1_pkey on sbtest1  (cost=0.43..8.45 rows=1 width=121)
	  Index Cond: (id = 1661635)

table 2 : explain SELECT c FROM sbtest2 WHERE id=5861718
	Index Scan using sbtest2_pkey on sbtest2  (cost=0.43..8.45 rows=1 width=121)
	  Index Cond: (id = 5861718)

table 3 : explain SELECT c FROM sbtest3 WHERE id=1685846
	Index Scan using sbtest3_pkey on sbtest3  (cost=0.43..8.45 rows=1 width=121)
	  Index Cond: (id = 1685846)

table 4 : explain SELECT c FROM sbtest4 WHERE id=2871820
	Index Scan using sbtest4_pkey on sbtest4  (cost=0.43..8.45 rows=1 width=121)
	  Index Cond: (id = 2871820)

table 5 : explain SELECT c FROM sbtest5 WHERE id=5547412
	Index Scan using sbtest5_pkey on sbtest5  (cost=0.43..8.45 rows=1 width=121)
	  Index Cond: (id = 5547412)

table 6 : explain SELECT c FROM sbtest6 WHERE id=1784459
	Index Scan using sbtest6_pkey on sbtest6  (cost=0.43..8.45 rows=1 width=121)
	  Index Cond: (id = 1784459)

table 7 : explain SELECT c FROM sbtest7 WHERE id=4696861
	Index Scan using sbtest7_pkey on sbtest7  (cost=0.43..8.45 rows=1 width=121)
	  Index Cond: (id = 4696861)

table 8 : explain SELECT c FROM sbtest8 WHERE id=6572561
	Index Scan using sbtest8_pkey on sbtest8  (cost=0.43..8.45 rows=1 width=121)
	  Index Cond: (id = 6572561)

for: simple_ranges
table 1 : explain SELECT c FROM sbtest1 WHERE id BETWEEN 8190293 AND 8191292
	Bitmap Heap Scan on sbtest1  (cost=35.05..4013.95 rows=1036 width=121)
	  Recheck Cond: ((id >= 8190293) AND (id <= 8191292))
	  ->  Bitmap Index Scan on sbtest1_pkey  (cost=0.00..34.80 rows=1036 width=0)
	        Index Cond: ((id >= 8190293) AND (id <= 8191292))

table 2 : explain SELECT c FROM sbtest2 WHERE id BETWEEN 2887882 AND 2888881
	Bitmap Heap Scan on sbtest2  (cost=35.59..4205.91 rows=1088 width=121)
	  Recheck Cond: ((id >= 2887882) AND (id <= 2888881))
	  ->  Bitmap Index Scan on sbtest2_pkey  (cost=0.00..35.32 rows=1088 width=0)
	        Index Cond: ((id >= 2887882) AND (id <= 2888881))

table 3 : explain SELECT c FROM sbtest3 WHERE id BETWEEN 1904218 AND 1905217
	Bitmap Heap Scan on sbtest3  (cost=34.74..3899.60 rows=1005 width=121)
	  Recheck Cond: ((id >= 1904218) AND (id <= 1905217))
	  ->  Bitmap Index Scan on sbtest3_pkey  (cost=0.00..34.48 rows=1005 width=0)
	        Index Cond: ((id >= 1904218) AND (id <= 1905217))

table 4 : explain SELECT c FROM sbtest4 WHERE id BETWEEN 5072500 AND 5073499
	Bitmap Heap Scan on sbtest4  (cost=34.46..3797.86 rows=978 width=121)
	  Recheck Cond: ((id >= 5072500) AND (id <= 5073499))
	  ->  Bitmap Index Scan on sbtest4_pkey  (cost=0.00..34.22 rows=978 width=0)
	        Index Cond: ((id >= 5072500) AND (id <= 5073499))

table 5 : explain SELECT c FROM sbtest5 WHERE id BETWEEN 8870122 AND 8871121
	Bitmap Heap Scan on sbtest5  (cost=34.23..3714.35 rows=956 width=121)
	  Recheck Cond: ((id >= 8870122) AND (id <= 8871121))
	  ->  Bitmap Index Scan on sbtest5_pkey  (cost=0.00..34.00 rows=956 width=0)
	        Index Cond: ((id >= 8870122) AND (id <= 8871121))

table 6 : explain SELECT c FROM sbtest6 WHERE id BETWEEN 6276290 AND 6277289
	Bitmap Heap Scan on sbtest6  (cost=34.85..3937.76 rows=1016 width=121)
	  Recheck Cond: ((id >= 6276290) AND (id <= 6277289))
	  ->  Bitmap Index Scan on sbtest6_pkey  (cost=0.00..34.59 rows=1016 width=0)
	        Index Cond: ((id >= 6276290) AND (id <= 6277289))

table 7 : explain SELECT c FROM sbtest7 WHERE id BETWEEN 1767283 AND 1768282
	Bitmap Heap Scan on sbtest7  (cost=34.91..3962.81 rows=1022 width=121)
	  Recheck Cond: ((id >= 1767283) AND (id <= 1768282))
	  ->  Bitmap Index Scan on sbtest7_pkey  (cost=0.00..34.66 rows=1022 width=0)
	        Index Cond: ((id >= 1767283) AND (id <= 1768282))

table 8 : explain SELECT c FROM sbtest8 WHERE id BETWEEN 2562196 AND 2563195
	Bitmap Heap Scan on sbtest8  (cost=35.00..3993.01 rows=1031 width=121)
	  Recheck Cond: ((id >= 2562196) AND (id <= 2563195))
	  ->  Bitmap Index Scan on sbtest8_pkey  (cost=0.00..34.75 rows=1031 width=0)
	        Index Cond: ((id >= 2562196) AND (id <= 2563195))

for point_selects
table 1 : explain SELECT c FROM sbtest1 WHERE id=7539048
	Index Scan using sbtest1_pkey on sbtest1  (cost=0.43..8.45 rows=1 width=121)
	  Index Cond: (id = 7539048)

table 2 : explain SELECT c FROM sbtest2 WHERE id=4356417
	Index Scan using sbtest2_pkey on sbtest2  (cost=0.43..8.45 rows=1 width=121)
	  Index Cond: (id = 4356417)

table 3 : explain SELECT c FROM sbtest3 WHERE id=4673669
	Index Scan using sbtest3_pkey on sbtest3  (cost=0.43..8.45 rows=1 width=121)
	  Index Cond: (id = 4673669)

table 4 : explain SELECT c FROM sbtest4 WHERE id=586313
	Index Scan using sbtest4_pkey on sbtest4  (cost=0.43..8.45 rows=1 width=121)
	  Index Cond: (id = 586313)

table 5 : explain SELECT c FROM sbtest5 WHERE id=5992790
	Index Scan using sbtest5_pkey on sbtest5  (cost=0.43..8.45 rows=1 width=121)
	  Index Cond: (id = 5992790)

table 6 : explain SELECT c FROM sbtest6 WHERE id=5861917
	Index Scan using sbtest6_pkey on sbtest6  (cost=0.43..8.45 rows=1 width=121)
	  Index Cond: (id = 5861917)

table 7 : explain SELECT c FROM sbtest7 WHERE id=8793975
	Index Scan using sbtest7_pkey on sbtest7  (cost=0.43..8.45 rows=1 width=121)
	  Index Cond: (id = 8793975)

table 8 : explain SELECT c FROM sbtest8 WHERE id=9307717
	Index Scan using sbtest8_pkey on sbtest8  (cost=0.43..8.45 rows=1 width=121)
	  Index Cond: (id = 9307717)

explain: for point_selects :: explain SELECT c FROM sbtest%u WHERE id=%u
explain: for point_selects :: explain SELECT c FROM sbtest%u WHERE id=%u
for point_selects
table 1 : explain SELECT c FROM sbtest1 WHERE id=9664000
	Index Scan using sbtest1_pkey on sbtest1  (cost=0.43..8.45 rows=1 width=121)
	  Index Cond: (id = 9664000)

table 2 : explain SELECT c FROM sbtest2 WHERE id=9799352
	Index Scan using sbtest2_pkey on sbtest2  (cost=0.43..8.45 rows=1 width=121)
	  Index Cond: (id = 9799352)

table 3 : explain SELECT c FROM sbtest3 WHERE id=5776961
	Index Scan using sbtest3_pkey on sbtest3  (cost=0.43..8.45 rows=1 width=121)
	  Index Cond: (id = 5776961)

table 4 : explain SELECT c FROM sbtest4 WHERE id=291205
	Index Scan using sbtest4_pkey on sbtest4  (cost=0.43..8.45 rows=1 width=121)
	  Index Cond: (id = 291205)

table 5 : explain SELECT c FROM sbtest5 WHERE id=433564
	Index Scan using sbtest5_pkey on sbtest5  (cost=0.43..8.45 rows=1 width=121)
	  Index Cond: (id = 433564)

table 6 : explain SELECT c FROM sbtest6 WHERE id=1298047
	Index Scan using sbtest6_pkey on sbtest6  (cost=0.43..8.45 rows=1 width=121)
	  Index Cond: (id = 1298047)

table 7 : explain SELECT c FROM sbtest7 WHERE id=183830
	Index Scan using sbtest7_pkey on sbtest7  (cost=0.43..8.45 rows=1 width=121)
	  Index Cond: (id = 183830)

table 8 : explain SELECT c FROM sbtest8 WHERE id=1507744
	Index Scan using sbtest8_pkey on sbtest8  (cost=0.43..8.45 rows=1 width=121)
	  Index Cond: (id = 1507744)

for point_selects
table 1 : explain SELECT c FROM sbtest1 WHERE id=7017189
	Index Scan using sbtest1_pkey on sbtest1  (cost=0.43..8.45 rows=1 width=121)
	  Index Cond: (id = 7017189)

table 2 : explain SELECT c FROM sbtest2 WHERE id=9359755
	Index Scan using sbtest2_pkey on sbtest2  (cost=0.43..8.45 rows=1 width=121)
	  Index Cond: (id = 9359755)

table 3 : explain SELECT c FROM sbtest3 WHERE id=1854094
	Index Scan using sbtest3_pkey on sbtest3  (cost=0.43..8.45 rows=1 width=121)
	  Index Cond: (id = 1854094)

table 4 : explain SELECT c FROM sbtest4 WHERE id=1671975
	Index Scan using sbtest4_pkey on sbtest4  (cost=0.43..8.45 rows=1 width=121)
	  Index Cond: (id = 1671975)

table 5 : explain SELECT c FROM sbtest5 WHERE id=4269258
	Index Scan using sbtest5_pkey on sbtest5  (cost=0.43..8.45 rows=1 width=121)
	  Index Cond: (id = 4269258)

table 6 : explain SELECT c FROM sbtest6 WHERE id=8145832
	Index Scan using sbtest6_pkey on sbtest6  (cost=0.43..8.45 rows=1 width=121)
	  Index Cond: (id = 8145832)

table 7 : explain SELECT c FROM sbtest7 WHERE id=6820747
	Index Scan using sbtest7_pkey on sbtest7  (cost=0.43..8.45 rows=1 width=121)
	  Index Cond: (id = 6820747)

table 8 : explain SELECT c FROM sbtest8 WHERE id=2305890
	Index Scan using sbtest8_pkey on sbtest8  (cost=0.43..8.45 rows=1 width=121)
	  Index Cond: (id = 2305890)

for: simple_ranges
table 1 : explain SELECT c FROM sbtest1 WHERE id BETWEEN 4967559 AND 4968558
	Bitmap Heap Scan on sbtest1  (cost=34.19..3696.89 rows=952 width=121)
	  Recheck Cond: ((id >= 4967559) AND (id <= 4968558))
	  ->  Bitmap Index Scan on sbtest1_pkey  (cost=0.00..33.95 rows=952 width=0)
	        Index Cond: ((id >= 4967559) AND (id <= 4968558))

table 2 : explain SELECT c FROM sbtest2 WHERE id BETWEEN 2034598 AND 2035597
	Bitmap Heap Scan on sbtest2  (cost=35.11..4029.17 rows=1041 width=121)
	  Recheck Cond: ((id >= 2034598) AND (id <= 2035597))
	  ->  Bitmap Index Scan on sbtest2_pkey  (cost=0.00..34.84 rows=1041 width=0)
	        Index Cond: ((id >= 2034598) AND (id <= 2035597))

table 3 : explain SELECT c FROM sbtest3 WHERE id BETWEEN 3473547 AND 3474546
	Bitmap Heap Scan on sbtest3  (cost=34.67..3876.94 rows=999 width=121)
	  Recheck Cond: ((id >= 3473547) AND (id <= 3474546))
	  ->  Bitmap Index Scan on sbtest3_pkey  (cost=0.00..34.43 rows=999 width=0)
	        Index Cond: ((id >= 3473547) AND (id <= 3474546))

table 4 : explain SELECT c FROM sbtest4 WHERE id BETWEEN 6937876 AND 6938875
	Bitmap Heap Scan on sbtest4  (cost=34.99..3994.29 rows=1030 width=121)
	  Recheck Cond: ((id >= 6937876) AND (id <= 6938875))
	  ->  Bitmap Index Scan on sbtest4_pkey  (cost=0.00..34.73 rows=1030 width=0)
	        Index Cond: ((id >= 6937876) AND (id <= 6938875))

table 5 : explain SELECT c FROM sbtest5 WHERE id BETWEEN 9183467 AND 9184466
	Bitmap Heap Scan on sbtest5  (cost=34.67..3876.90 rows=999 width=121)
	  Recheck Cond: ((id >= 9183467) AND (id <= 9184466))
	  ->  Bitmap Index Scan on sbtest5_pkey  (cost=0.00..34.43 rows=999 width=0)
	        Index Cond: ((id >= 9183467) AND (id <= 9184466))

table 6 : explain SELECT c FROM sbtest6 WHERE id BETWEEN 5409726 AND 5410725
	Bitmap Heap Scan on sbtest6  (cost=34.01..3628.15 rows=934 width=121)
	  Recheck Cond: ((id >= 5409726) AND (id <= 5410725))
	  ->  Bitmap Index Scan on sbtest6_pkey  (cost=0.00..33.78 rows=934 width=0)
	        Index Cond: ((id >= 5409726) AND (id <= 5410725))

table 7 : explain SELECT c FROM sbtest7 WHERE id BETWEEN 8885671 AND 8886670
	Bitmap Heap Scan on sbtest7  (cost=34.96..3981.67 rows=1027 width=121)
	  Recheck Cond: ((id >= 8885671) AND (id <= 8886670))
	  ->  Bitmap Index Scan on sbtest7_pkey  (cost=0.00..34.70 rows=1027 width=0)
	        Index Cond: ((id >= 8885671) AND (id <= 8886670))

table 8 : explain SELECT c FROM sbtest8 WHERE id BETWEEN 770389 AND 771388
	Bitmap Heap Scan on sbtest8  (cost=34.79..3913.88 rows=1010 width=121)
	  Recheck Cond: ((id >= 770389) AND (id <= 771388))
	  ->  Bitmap Index Scan on sbtest8_pkey  (cost=0.00..34.54 rows=1010 width=0)
	        Index Cond: ((id >= 770389) AND (id <= 771388))

for: simple_ranges
table 1 : explain SELECT c FROM sbtest1 WHERE id BETWEEN 6682601 AND 6683600
	Bitmap Heap Scan on sbtest1  (cost=33.96..3609.92 rows=929 width=121)
	  Recheck Cond: ((id >= 6682601) AND (id <= 6683600))
	  ->  Bitmap Index Scan on sbtest1_pkey  (cost=0.00..33.73 rows=929 width=0)
	        Index Cond: ((id >= 6682601) AND (id <= 6683600))

table 2 : explain SELECT c FROM sbtest2 WHERE id BETWEEN 318180 AND 319179
	Bitmap Heap Scan on sbtest2  (cost=40.13..4405.16 rows=1141 width=121)
	  Recheck Cond: ((id >= 318180) AND (id <= 319179))
	  ->  Bitmap Index Scan on sbtest2_pkey  (cost=0.00..39.84 rows=1141 width=0)
	        Index Cond: ((id >= 318180) AND (id <= 319179))

table 3 : explain SELECT c FROM sbtest3 WHERE id BETWEEN 1276957 AND 1277956
	Bitmap Heap Scan on sbtest3  (cost=34.69..3880.72 rows=1000 width=121)
	  Recheck Cond: ((id >= 1276957) AND (id <= 1277956))
	  ->  Bitmap Index Scan on sbtest3_pkey  (cost=0.00..34.44 rows=1000 width=0)
	        Index Cond: ((id >= 1276957) AND (id <= 1277956))

table 4 : explain SELECT c FROM sbtest4 WHERE id BETWEEN 6944907 AND 6945906
	Bitmap Heap Scan on sbtest4  (cost=34.99..3994.29 rows=1030 width=121)
	  Recheck Cond: ((id >= 6944907) AND (id <= 6945906))
	  ->  Bitmap Index Scan on sbtest4_pkey  (cost=0.00..34.73 rows=1030 width=0)
	        Index Cond: ((id >= 6944907) AND (id <= 6945906))

table 5 : explain SELECT c FROM sbtest5 WHERE id BETWEEN 3447186 AND 3448185
	Bitmap Heap Scan on sbtest5  (cost=35.20..4069.40 rows=1050 width=121)
	  Recheck Cond: ((id >= 3447186) AND (id <= 3448185))
	  ->  Bitmap Index Scan on sbtest5_pkey  (cost=0.00..34.94 rows=1050 width=0)
	        Index Cond: ((id >= 3447186) AND (id <= 3448185))

table 6 : explain SELECT c FROM sbtest6 WHERE id BETWEEN 7404610 AND 7405609
	Bitmap Heap Scan on sbtest6  (cost=35.07..4020.68 rows=1038 width=121)
	  Recheck Cond: ((id >= 7404610) AND (id <= 7405609))
	  ->  Bitmap Index Scan on sbtest6_pkey  (cost=0.00..34.82 rows=1038 width=0)
	        Index Cond: ((id >= 7404610) AND (id <= 7405609))

table 7 : explain SELECT c FROM sbtest7 WHERE id BETWEEN 3489813 AND 3490812
	Bitmap Heap Scan on sbtest7  (cost=34.15..3683.24 rows=948 width=121)
	  Recheck Cond: ((id >= 3489813) AND (id <= 3490812))
	  ->  Bitmap Index Scan on sbtest7_pkey  (cost=0.00..33.92 rows=948 width=0)
	        Index Cond: ((id >= 3489813) AND (id <= 3490812))

table 8 : explain SELECT c FROM sbtest8 WHERE id BETWEEN 2258359 AND 2259358
	Bitmap Heap Scan on sbtest8  (cost=34.63..3857.32 rows=995 width=121)
	  Recheck Cond: ((id >= 2258359) AND (id <= 2259358))
	  ->  Bitmap Index Scan on sbtest8_pkey  (cost=0.00..34.39 rows=995 width=0)
	        Index Cond: ((id >= 2258359) AND (id <= 2259358))

for point_selects
table 1 : explain SELECT c FROM sbtest1 WHERE id=7704462
	Index Scan using sbtest1_pkey on sbtest1  (cost=0.43..8.45 rows=1 width=121)
	  Index Cond: (id = 7704462)

table 2 : explain SELECT c FROM sbtest2 WHERE id=9593025
	Index Scan using sbtest2_pkey on sbtest2  (cost=0.43..8.45 rows=1 width=121)
	  Index Cond: (id = 9593025)

table 3 : explain SELECT c FROM sbtest3 WHERE id=9361216
	Index Scan using sbtest3_pkey on sbtest3  (cost=0.43..8.45 rows=1 width=121)
	  Index Cond: (id = 9361216)

table 4 : explain SELECT c FROM sbtest4 WHERE id=7504829
	Index Scan using sbtest4_pkey on sbtest4  (cost=0.43..8.45 rows=1 width=121)
	  Index Cond: (id = 7504829)

table 5 : explain SELECT c FROM sbtest5 WHERE id=3624035
	Index Scan using sbtest5_pkey on sbtest5  (cost=0.43..8.45 rows=1 width=121)
	  Index Cond: (id = 3624035)

table 6 : explain SELECT c FROM sbtest6 WHERE id=2266791
	Index Scan using sbtest6_pkey on sbtest6  (cost=0.43..8.45 rows=1 width=121)
	  Index Cond: (id = 2266791)

table 7 : explain SELECT c FROM sbtest7 WHERE id=4126381
	Index Scan using sbtest7_pkey on sbtest7  (cost=0.43..8.45 rows=1 width=121)
	  Index Cond: (id = 4126381)

table 8 : explain SELECT c FROM sbtest8 WHERE id=2911689
	Index Scan using sbtest8_pkey on sbtest8  (cost=0.43..8.45 rows=1 width=121)
	  Index Cond: (id = 2911689)

for: sum_ranges
table 1 : explain SELECT SUM(k) FROM sbtest1 WHERE id BETWEEN 5365033 AND 5366032
	Aggregate  (cost=4163.55..4163.56 rows=1 width=8)
	  ->  Bitmap Heap Scan on sbtest1  (cost=35.45..4160.86 rows=1075 width=4)
	        Recheck Cond: ((id >= 5365033) AND (id <= 5366032))
	        ->  Bitmap Index Scan on sbtest1_pkey  (cost=0.00..35.19 rows=1075 width=0)
	              Index Cond: ((id >= 5365033) AND (id <= 5366032))

table 2 : explain SELECT SUM(k) FROM sbtest2 WHERE id BETWEEN 525452 AND 526451
	Aggregate  (cost=3673.44..3673.45 rows=1 width=8)
	  ->  Bitmap Heap Scan on sbtest2  (cost=34.13..3671.07 rows=946 width=4)
	        Recheck Cond: ((id >= 525452) AND (id <= 526451))
	        ->  Bitmap Index Scan on sbtest2_pkey  (cost=0.00..33.90 rows=946 width=0)
	              Index Cond: ((id >= 525452) AND (id <= 526451))

table 3 : explain SELECT SUM(k) FROM sbtest3 WHERE id BETWEEN 7879876 AND 7880875
	Aggregate  (cost=3905.90..3905.91 rows=1 width=8)
	  ->  Bitmap Heap Scan on sbtest3  (cost=34.75..3903.38 rows=1006 width=4)
	        Recheck Cond: ((id >= 7879876) AND (id <= 7880875))
	        ->  Bitmap Index Scan on sbtest3_pkey  (cost=0.00..34.50 rows=1006 width=0)
	              Index Cond: ((id >= 7879876) AND (id <= 7880875))

table 4 : explain SELECT SUM(k) FROM sbtest4 WHERE id BETWEEN 7342189 AND 7343188
	Aggregate  (cost=3573.09..3573.10 rows=1 width=8)
	  ->  Bitmap Heap Scan on sbtest4  (cost=33.84..3570.79 rows=918 width=4)
	        Recheck Cond: ((id >= 7342189) AND (id <= 7343188))
	        ->  Bitmap Index Scan on sbtest4_pkey  (cost=0.00..33.62 rows=918 width=0)
	              Index Cond: ((id >= 7342189) AND (id <= 7343188))

table 5 : explain SELECT SUM(k) FROM sbtest5 WHERE id BETWEEN 5943840 AND 5944839
	Aggregate  (cost=3500.55..3500.56 rows=1 width=8)
	  ->  Bitmap Heap Scan on sbtest5  (cost=29.66..3498.30 rows=900 width=4)
	        Recheck Cond: ((id >= 5943840) AND (id <= 5944839))
	        ->  Bitmap Index Scan on sbtest5_pkey  (cost=0.00..29.43 rows=900 width=0)
	              Index Cond: ((id >= 5943840) AND (id <= 5944839))

table 6 : explain SELECT SUM(k) FROM sbtest6 WHERE id BETWEEN 2794863 AND 2795862
	Aggregate  (cost=3770.38..3770.39 rows=1 width=8)
	  ->  Bitmap Heap Scan on sbtest6  (cost=34.39..3767.96 rows=971 width=4)
	        Recheck Cond: ((id >= 2794863) AND (id <= 2795862))
	        ->  Bitmap Index Scan on sbtest6_pkey  (cost=0.00..34.15 rows=971 width=0)
	              Index Cond: ((id >= 2794863) AND (id <= 2795862))

table 7 : explain SELECT SUM(k) FROM sbtest7 WHERE id BETWEEN 4394257 AND 4395256
	Aggregate  (cost=3715.88..3715.89 rows=1 width=8)
	  ->  Bitmap Heap Scan on sbtest7  (cost=34.23..3713.49 rows=956 width=4)
	        Recheck Cond: ((id >= 4394257) AND (id <= 4395256))
	        ->  Bitmap Index Scan on sbtest7_pkey  (cost=0.00..34.00 rows=956 width=0)
	              Index Cond: ((id >= 4394257) AND (id <= 4395256))

table 8 : explain SELECT SUM(k) FROM sbtest8 WHERE id BETWEEN 5090377 AND 5091376
	Aggregate  (cost=3837.16..3837.17 rows=1 width=8)
	  ->  Bitmap Heap Scan on sbtest8  (cost=34.57..3834.69 rows=989 width=4)
	        Recheck Cond: ((id >= 5090377) AND (id <= 5091376))
	        ->  Bitmap Index Scan on sbtest8_pkey  (cost=0.00..34.33 rows=989 width=0)
	              Index Cond: ((id >= 5090377) AND (id <= 5091376))

for: simple_ranges
table 1 : explain SELECT c FROM sbtest1 WHERE id BETWEEN 3361980 AND 3362979
	Bitmap Heap Scan on sbtest1  (cost=34.80..3919.68 rows=1011 width=121)
	  Recheck Cond: ((id >= 3361980) AND (id <= 3362979))
	  ->  Bitmap Index Scan on sbtest1_pkey  (cost=0.00..34.55 rows=1011 width=0)
	        Index Cond: ((id >= 3361980) AND (id <= 3362979))

table 2 : explain SELECT c FROM sbtest2 WHERE id BETWEEN 5923843 AND 5924842
	Bitmap Heap Scan on sbtest2  (cost=34.57..3833.30 rows=989 width=121)
	  Recheck Cond: ((id >= 5923843) AND (id <= 5924842))
	  ->  Bitmap Index Scan on sbtest2_pkey  (cost=0.00..34.33 rows=989 width=0)
	        Index Cond: ((id >= 5923843) AND (id <= 5924842))

table 3 : explain SELECT c FROM sbtest3 WHERE id BETWEEN 6582552 AND 6583551
	Bitmap Heap Scan on sbtest3  (cost=34.26..3725.73 rows=959 width=121)
	  Recheck Cond: ((id >= 6582552) AND (id <= 6583551))
	  ->  Bitmap Index Scan on sbtest3_pkey  (cost=0.00..34.03 rows=959 width=0)
	        Index Cond: ((id >= 6582552) AND (id <= 6583551))

table 4 : explain SELECT c FROM sbtest4 WHERE id BETWEEN 3629735 AND 3630734
	Bitmap Heap Scan on sbtest4  (cost=29.75..3532.69 rows=909 width=121)
	  Recheck Cond: ((id >= 3629735) AND (id <= 3630734))
	  ->  Bitmap Index Scan on sbtest4_pkey  (cost=0.00..29.52 rows=909 width=0)
	        Index Cond: ((id >= 3629735) AND (id <= 3630734))

table 5 : explain SELECT c FROM sbtest5 WHERE id BETWEEN 4133289 AND 4134288
	Bitmap Heap Scan on sbtest5  (cost=34.70..3884.46 rows=1001 width=121)
	  Recheck Cond: ((id >= 4133289) AND (id <= 4134288))
	  ->  Bitmap Index Scan on sbtest5_pkey  (cost=0.00..34.45 rows=1001 width=0)
	        Index Cond: ((id >= 4133289) AND (id <= 4134288))

table 6 : explain SELECT c FROM sbtest6 WHERE id BETWEEN 7857215 AND 7858214
	Bitmap Heap Scan on sbtest6  (cost=34.81..3922.68 rows=1012 width=121)
	  Recheck Cond: ((id >= 7857215) AND (id <= 7858214))
	  ->  Bitmap Index Scan on sbtest6_pkey  (cost=0.00..34.56 rows=1012 width=0)
	        Index Cond: ((id >= 7857215) AND (id <= 7858214))

table 7 : explain SELECT c FROM sbtest7 WHERE id BETWEEN 3624214 AND 3625213
	Bitmap Heap Scan on sbtest7  (cost=34.69..3879.76 rows=1000 width=121)
	  Recheck Cond: ((id >= 3624214) AND (id <= 3625213))
	  ->  Bitmap Index Scan on sbtest7_pkey  (cost=0.00..34.44 rows=1000 width=0)
	        Index Cond: ((id >= 3624214) AND (id <= 3625213))

table 8 : explain SELECT c FROM sbtest8 WHERE id BETWEEN 8539093 AND 8540092
	Bitmap Heap Scan on sbtest8  (cost=34.09..3657.26 rows=942 width=121)
	  Recheck Cond: ((id >= 8539093) AND (id <= 8540092))
	  ->  Bitmap Index Scan on sbtest8_pkey  (cost=0.00..33.86 rows=942 width=0)
	        Index Cond: ((id >= 8539093) AND (id <= 8540092))

for: sum_ranges
table 1 : explain SELECT SUM(k) FROM sbtest1 WHERE id BETWEEN 9363289 AND 9364288
	Aggregate  (cost=3884.45..3884.46 rows=1 width=8)
	  ->  Bitmap Heap Scan on sbtest1  (cost=34.70..3881.95 rows=1001 width=4)
	        Recheck Cond: ((id >= 9363289) AND (id <= 9364288))
	        ->  Bitmap Index Scan on sbtest1_pkey  (cost=0.00..34.45 rows=1001 width=0)
	              Index Cond: ((id >= 9363289) AND (id <= 9364288))

table 2 : explain SELECT SUM(k) FROM sbtest2 WHERE id BETWEEN 1240023 AND 1241022
	Aggregate  (cost=3971.50..3971.51 rows=1 width=8)
	  ->  Bitmap Heap Scan on sbtest2  (cost=34.94..3968.94 rows=1025 width=4)
	        Recheck Cond: ((id >= 1240023) AND (id <= 1241022))
	        ->  Bitmap Index Scan on sbtest2_pkey  (cost=0.00..34.69 rows=1025 width=0)
	              Index Cond: ((id >= 1240023) AND (id <= 1241022))

table 3 : explain SELECT SUM(k) FROM sbtest3 WHERE id BETWEEN 4753819 AND 4754818
	Aggregate  (cost=3852.97..3852.98 rows=1 width=8)
	  ->  Bitmap Heap Scan on sbtest3  (cost=34.60..3850.49 rows=992 width=4)
	        Recheck Cond: ((id >= 4753819) AND (id <= 4754818))
	        ->  Bitmap Index Scan on sbtest3_pkey  (cost=0.00..34.36 rows=992 width=0)
	              Index Cond: ((id >= 4753819) AND (id <= 4754818))

table 4 : explain SELECT SUM(k) FROM sbtest4 WHERE id BETWEEN 3366456 AND 3367455
	Aggregate  (cost=4098.80..4098.81 rows=1 width=8)
	  ->  Bitmap Heap Scan on sbtest4  (cost=35.27..4096.16 rows=1057 width=4)
	        Recheck Cond: ((id >= 3366456) AND (id <= 3367455))
	        ->  Bitmap Index Scan on sbtest4_pkey  (cost=0.00..35.01 rows=1057 width=0)
	              Index Cond: ((id >= 3366456) AND (id <= 3367455))

table 5 : explain SELECT SUM(k) FROM sbtest5 WHERE id BETWEEN 4706520 AND 4707519
	Aggregate  (cost=3796.21..3796.22 rows=1 width=8)
	  ->  Bitmap Heap Scan on sbtest5  (cost=34.45..3793.77 rows=977 width=4)
	        Recheck Cond: ((id >= 4706520) AND (id <= 4707519))
	        ->  Bitmap Index Scan on sbtest5_pkey  (cost=0.00..34.20 rows=977 width=0)
	              Index Cond: ((id >= 4706520) AND (id <= 4707519))

table 6 : explain SELECT SUM(k) FROM sbtest6 WHERE id BETWEEN 3412444 AND 3413443
	Aggregate  (cost=3830.83..3830.84 rows=1 width=8)
	  ->  Bitmap Heap Scan on sbtest6  (cost=34.55..3828.36 rows=987 width=4)
	        Recheck Cond: ((id >= 3412444) AND (id <= 3413443))
	        ->  Bitmap Index Scan on sbtest6_pkey  (cost=0.00..34.31 rows=987 width=0)
	              Index Cond: ((id >= 3412444) AND (id <= 3413443))

table 7 : explain SELECT SUM(k) FROM sbtest7 WHERE id BETWEEN 4385287 AND 4386286
	Aggregate  (cost=3715.88..3715.89 rows=1 width=8)
	  ->  Bitmap Heap Scan on sbtest7  (cost=34.23..3713.49 rows=956 width=4)
	        Recheck Cond: ((id >= 4385287) AND (id <= 4386286))
	        ->  Bitmap Index Scan on sbtest7_pkey  (cost=0.00..34.00 rows=956 width=0)
	              Index Cond: ((id >= 4385287) AND (id <= 4386286))

table 8 : explain SELECT SUM(k) FROM sbtest8 WHERE id BETWEEN 662261 AND 663260
	Aggregate  (cost=3818.29..3818.30 rows=1 width=8)
	  ->  Bitmap Heap Scan on sbtest8  (cost=34.52..3815.83 rows=984 width=4)
	        Recheck Cond: ((id >= 662261) AND (id <= 663260))
	        ->  Bitmap Index Scan on sbtest8_pkey  (cost=0.00..34.28 rows=984 width=0)
	              Index Cond: ((id >= 662261) AND (id <= 663260))

for: simple_ranges
table 1 : explain SELECT c FROM sbtest1 WHERE id BETWEEN 8036942 AND 8037941
	Bitmap Heap Scan on sbtest1  (cost=35.59..4209.79 rows=1088 width=121)
	  Recheck Cond: ((id >= 8036942) AND (id <= 8037941))
	  ->  Bitmap Index Scan on sbtest1_pkey  (cost=0.00..35.32 rows=1088 width=0)
	        Index Cond: ((id >= 8036942) AND (id <= 8037941))

table 2 : explain SELECT c FROM sbtest2 WHERE id BETWEEN 7927241 AND 7928240
	Bitmap Heap Scan on sbtest2  (cost=34.00..3621.98 rows=933 width=121)
	  Recheck Cond: ((id >= 7927241) AND (id <= 7928240))
	  ->  Bitmap Index Scan on sbtest2_pkey  (cost=0.00..33.77 rows=933 width=0)
	        Index Cond: ((id >= 7927241) AND (id <= 7928240))

table 3 : explain SELECT c FROM sbtest3 WHERE id BETWEEN 544785 AND 545784
	Bitmap Heap Scan on sbtest3  (cost=33.90..3589.47 rows=923 width=121)
	  Recheck Cond: ((id >= 544785) AND (id <= 545784))
	  ->  Bitmap Index Scan on sbtest3_pkey  (cost=0.00..33.67 rows=923 width=0)
	        Index Cond: ((id >= 544785) AND (id <= 545784))

table 4 : explain SELECT c FROM sbtest4 WHERE id BETWEEN 5123664 AND 5124663
	Bitmap Heap Scan on sbtest4  (cost=34.72..3892.34 rows=1003 width=121)
	  Recheck Cond: ((id >= 5123664) AND (id <= 5124663))
	  ->  Bitmap Index Scan on sbtest4_pkey  (cost=0.00..34.47 rows=1003 width=0)
	        Index Cond: ((id >= 5123664) AND (id <= 5124663))

table 5 : explain SELECT c FROM sbtest5 WHERE id BETWEEN 4031672 AND 4032671
	Bitmap Heap Scan on sbtest5  (cost=35.12..4039.23 rows=1042 width=121)
	  Recheck Cond: ((id >= 4031672) AND (id <= 4032671))
	  ->  Bitmap Index Scan on sbtest5_pkey  (cost=0.00..34.86 rows=1042 width=0)
	        Index Cond: ((id >= 4031672) AND (id <= 4032671))

table 6 : explain SELECT c FROM sbtest6 WHERE id BETWEEN 1468213 AND 1469212
	Bitmap Heap Scan on sbtest6  (cost=34.95..3975.46 rows=1026 width=121)
	  Recheck Cond: ((id >= 1468213) AND (id <= 1469212))
	  ->  Bitmap Index Scan on sbtest6_pkey  (cost=0.00..34.70 rows=1026 width=0)
	        Index Cond: ((id >= 1468213) AND (id <= 1469212))

table 7 : explain SELECT c FROM sbtest7 WHERE id BETWEEN 4091915 AND 4092914
	Bitmap Heap Scan on sbtest7  (cost=34.32..3743.74 rows=964 width=121)
	  Recheck Cond: ((id >= 4091915) AND (id <= 4092914))
	  ->  Bitmap Index Scan on sbtest7_pkey  (cost=0.00..34.08 rows=964 width=0)
	        Index Cond: ((id >= 4091915) AND (id <= 4092914))

table 8 : explain SELECT c FROM sbtest8 WHERE id BETWEEN 4205219 AND 4206218
	Bitmap Heap Scan on sbtest8  (cost=34.06..3645.92 rows=939 width=121)
	  Recheck Cond: ((id >= 4205219) AND (id <= 4206218))
	  ->  Bitmap Index Scan on sbtest8_pkey  (cost=0.00..33.83 rows=939 width=0)
	        Index Cond: ((id >= 4205219) AND (id <= 4206218))

for: sum_ranges
table 1 : explain SELECT SUM(k) FROM sbtest1 WHERE id BETWEEN 911663 AND 912662
	Aggregate  (cost=4148.48..4148.49 rows=1 width=8)
	  ->  Bitmap Heap Scan on sbtest1  (cost=35.41..4145.80 rows=1071 width=4)
	        Recheck Cond: ((id >= 911663) AND (id <= 912662))
	        ->  Bitmap Index Scan on sbtest1_pkey  (cost=0.00..35.15 rows=1071 width=0)
	              Index Cond: ((id >= 911663) AND (id <= 912662))

table 2 : explain SELECT SUM(k) FROM sbtest2 WHERE id BETWEEN 4450031 AND 4451030
	Aggregate  (cost=4118.36..4118.37 rows=1 width=8)
	  ->  Bitmap Heap Scan on sbtest2  (cost=35.34..4115.70 rows=1064 width=4)
	        Recheck Cond: ((id >= 4450031) AND (id <= 4451030))
	        ->  Bitmap Index Scan on sbtest2_pkey  (cost=0.00..35.08 rows=1064 width=0)
	              Index Cond: ((id >= 4450031) AND (id <= 4451030))

table 3 : explain SELECT SUM(k) FROM sbtest3 WHERE id BETWEEN 2346848 AND 2347847
	Aggregate  (cost=4294.75..4294.76 rows=1 width=8)
	  ->  Bitmap Heap Scan on sbtest3  (cost=39.79..4291.98 rows=1108 width=4)
	        Recheck Cond: ((id >= 2346848) AND (id <= 2347847))
	        ->  Bitmap Index Scan on sbtest3_pkey  (cost=0.00..39.52 rows=1108 width=0)
	              Index Cond: ((id >= 2346848) AND (id <= 2347847))

table 4 : explain SELECT SUM(k) FROM sbtest4 WHERE id BETWEEN 5430243 AND 5431242
	Aggregate  (cost=3906.19..3906.20 rows=1 width=8)
	  ->  Bitmap Heap Scan on sbtest4  (cost=34.75..3903.68 rows=1006 width=4)
	        Recheck Cond: ((id >= 5430243) AND (id <= 5431242))
	        ->  Bitmap Index Scan on sbtest4_pkey  (cost=0.00..34.50 rows=1006 width=0)
	              Index Cond: ((id >= 5430243) AND (id <= 5431242))

table 5 : explain SELECT SUM(k) FROM sbtest5 WHERE id BETWEEN 9784403 AND 9785402
	Aggregate  (cost=3868.06..3868.07 rows=1 width=8)
	  ->  Bitmap Heap Scan on sbtest5  (cost=34.64..3865.57 rows=996 width=4)
	        Recheck Cond: ((id >= 9784403) AND (id <= 9785402))
	        ->  Bitmap Index Scan on sbtest5_pkey  (cost=0.00..34.40 rows=996 width=0)
	              Index Cond: ((id >= 9784403) AND (id <= 9785402))

table 6 : explain SELECT SUM(k) FROM sbtest6 WHERE id BETWEEN 6867748 AND 6868747
	Aggregate  (cost=3940.30..3940.31 rows=1 width=8)
	  ->  Bitmap Heap Scan on sbtest6  (cost=34.85..3937.76 rows=1016 width=4)
	        Recheck Cond: ((id >= 6867748) AND (id <= 6868747))
	        ->  Bitmap Index Scan on sbtest6_pkey  (cost=0.00..34.59 rows=1016 width=0)
	              Index Cond: ((id >= 6867748) AND (id <= 6868747))

table 7 : explain SELECT SUM(k) FROM sbtest7 WHERE id BETWEEN 8087560 AND 8088559
	Aggregate  (cost=3708.31..3708.32 rows=1 width=8)
	  ->  Bitmap Heap Scan on sbtest7  (cost=34.21..3705.93 rows=954 width=4)
	        Recheck Cond: ((id >= 8087560) AND (id <= 8088559))
	        ->  Bitmap Index Scan on sbtest7_pkey  (cost=0.00..33.98 rows=954 width=0)
	              Index Cond: ((id >= 8087560) AND (id <= 8088559))

table 8 : explain SELECT SUM(k) FROM sbtest8 WHERE id BETWEEN 7363210 AND 7364209
	Aggregate  (cost=3976.74..3976.75 rows=1 width=8)
	  ->  Bitmap Heap Scan on sbtest8  (cost=34.95..3974.17 rows=1026 width=4)
	        Recheck Cond: ((id >= 7363210) AND (id <= 7364209))
	        ->  Bitmap Index Scan on sbtest8_pkey  (cost=0.00..34.70 rows=1026 width=0)
	              Index Cond: ((id >= 7363210) AND (id <= 7364209))

explain: for point_selects :: explain SELECT c FROM sbtest%u WHERE id=%u
for: sum_ranges
table 1 : explain SELECT SUM(k) FROM sbtest1 WHERE id BETWEEN 8414495 AND 8415494
	Aggregate  (cost=3748.43..3748.44 rows=1 width=8)
	  ->  Bitmap Heap Scan on sbtest1  (cost=34.33..3746.02 rows=965 width=4)
	        Recheck Cond: ((id >= 8414495) AND (id <= 8415494))
	        ->  Bitmap Index Scan on sbtest1_pkey  (cost=0.00..34.09 rows=965 width=0)
	              Index Cond: ((id >= 8414495) AND (id <= 8415494))

table 2 : explain SELECT SUM(k) FROM sbtest2 WHERE id BETWEEN 5220643 AND 5221642
	Aggregate  (cost=3688.55..3688.56 rows=1 width=8)
	  ->  Bitmap Heap Scan on sbtest2  (cost=34.17..3686.17 rows=950 width=4)
	        Recheck Cond: ((id >= 5220643) AND (id <= 5221642))
	        ->  Bitmap Index Scan on sbtest2_pkey  (cost=0.00..33.94 rows=950 width=0)
	              Index Cond: ((id >= 5220643) AND (id <= 5221642))

table 3 : explain SELECT SUM(k) FROM sbtest3 WHERE id BETWEEN 4319411 AND 4320410
	Aggregate  (cost=3992.79..3992.80 rows=1 width=8)
	  ->  Bitmap Heap Scan on sbtest3  (cost=34.98..3990.22 rows=1029 width=4)
	        Recheck Cond: ((id >= 4319411) AND (id <= 4320410))
	        ->  Bitmap Index Scan on sbtest3_pkey  (cost=0.00..34.73 rows=1029 width=0)
	              Index Cond: ((id >= 4319411) AND (id <= 4320410))

table 4 : explain SELECT SUM(k) FROM sbtest4 WHERE id BETWEEN 4148270 AND 4149269
	Aggregate  (cost=4049.73..4049.74 rows=1 width=8)
	  ->  Bitmap Heap Scan on sbtest4  (cost=35.14..4047.12 rows=1044 width=4)
	        Recheck Cond: ((id >= 4148270) AND (id <= 4149269))
	        ->  Bitmap Index Scan on sbtest4_pkey  (cost=0.00..34.88 rows=1044 width=0)
	              Index Cond: ((id >= 4148270) AND (id <= 4149269))

table 5 : explain SELECT SUM(k) FROM sbtest5 WHERE id BETWEEN 4815979 AND 4816978
	Aggregate  (cost=4132.39..4132.40 rows=1 width=8)
	  ->  Bitmap Heap Scan on sbtest5  (cost=35.36..4129.73 rows=1066 width=4)
	        Recheck Cond: ((id >= 4815979) AND (id <= 4816978))
	        ->  Bitmap Index Scan on sbtest5_pkey  (cost=0.00..35.09 rows=1066 width=0)
	              Index Cond: ((id >= 4815979) AND (id <= 4816978))

table 6 : explain SELECT SUM(k) FROM sbtest6 WHERE id BETWEEN 2013739 AND 2014738
	Aggregate  (cost=3740.15..3740.16 rows=1 width=8)
	  ->  Bitmap Heap Scan on sbtest6  (cost=34.31..3737.74 rows=963 width=4)
	        Recheck Cond: ((id >= 2013739) AND (id <= 2014738))
	        ->  Bitmap Index Scan on sbtest6_pkey  (cost=0.00..34.07 rows=963 width=0)
	              Index Cond: ((id >= 2013739) AND (id <= 2014738))

table 7 : explain SELECT SUM(k) FROM sbtest7 WHERE id BETWEEN 9214728 AND 9215727
	Aggregate  (cost=3825.57..3825.58 rows=1 width=8)
	  ->  Bitmap Heap Scan on sbtest7  (cost=34.53..3823.11 rows=985 width=4)
	        Recheck Cond: ((id >= 9214728) AND (id <= 9215727))
	        ->  Bitmap Index Scan on sbtest7_pkey  (cost=0.00..34.29 rows=985 width=0)
	              Index Cond: ((id >= 9214728) AND (id <= 9215727))

table 8 : explain SELECT SUM(k) FROM sbtest8 WHERE id BETWEEN 7711888 AND 7712887
	Aggregate  (cost=3871.13..3871.14 rows=1 width=8)
	  ->  Bitmap Heap Scan on sbtest8  (cost=34.66..3868.63 rows=998 width=4)
	        Recheck Cond: ((id >= 7711888) AND (id <= 7712887))
	        ->  Bitmap Index Scan on sbtest8_pkey  (cost=0.00..34.42 rows=998 width=0)
	              Index Cond: ((id >= 7711888) AND (id <= 7712887))

explain: for point_selects :: explain SELECT c FROM sbtest%u WHERE id=%u
for: simple_ranges
table 1 : explain SELECT c FROM sbtest1 WHERE id BETWEEN 1466702 AND 1467701
	Bitmap Heap Scan on sbtest1  (cost=29.18..3318.04 rows=853 width=121)
	  Recheck Cond: ((id >= 1466702) AND (id <= 1467701))
	  ->  Bitmap Index Scan on sbtest1_pkey  (cost=0.00..28.96 rows=853 width=0)
	        Index Cond: ((id >= 1466702) AND (id <= 1467701))

table 2 : explain SELECT c FROM sbtest2 WHERE id BETWEEN 4356697 AND 4357696
	Bitmap Heap Scan on sbtest2  (cost=34.89..3950.11 rows=1020 width=121)
	  Recheck Cond: ((id >= 4356697) AND (id <= 4357696))
	  ->  Bitmap Index Scan on sbtest2_pkey  (cost=0.00..34.64 rows=1020 width=0)
	        Index Cond: ((id >= 4356697) AND (id <= 4357696))

table 3 : explain SELECT c FROM sbtest3 WHERE id BETWEEN 6820818 AND 6821817
	Bitmap Heap Scan on sbtest3  (cost=34.59..3846.72 rows=991 width=121)
	  Recheck Cond: ((id >= 6820818) AND (id <= 6821817))
	  ->  Bitmap Index Scan on sbtest3_pkey  (cost=0.00..34.34 rows=991 width=0)
	        Index Cond: ((id >= 6820818) AND (id <= 6821817))

table 4 : explain SELECT c FROM sbtest4 WHERE id BETWEEN 6366007 AND 6367006
	Bitmap Heap Scan on sbtest4  (cost=35.11..4035.80 rows=1041 width=121)
	  Recheck Cond: ((id >= 6366007) AND (id <= 6367006))
	  ->  Bitmap Index Scan on sbtest4_pkey  (cost=0.00..34.84 rows=1041 width=0)
	        Index Cond: ((id >= 6366007) AND (id <= 6367006))

table 5 : explain SELECT c FROM sbtest5 WHERE id BETWEEN 4289728 AND 4290727
	Bitmap Heap Scan on sbtest5  (cost=29.75..3532.41 rows=909 width=121)
	  Recheck Cond: ((id >= 4289728) AND (id <= 4290727))
	  ->  Bitmap Index Scan on sbtest5_pkey  (cost=0.00..29.52 rows=909 width=0)
	        Index Cond: ((id >= 4289728) AND (id <= 4290727))

table 6 : explain SELECT c FROM sbtest6 WHERE id BETWEEN 3379834 AND 3380833
	Bitmap Heap Scan on sbtest6  (cost=34.28..3726.41 rows=960 width=121)
	  Recheck Cond: ((id >= 3379834) AND (id <= 3380833))
	  ->  Bitmap Index Scan on sbtest6_pkey  (cost=0.00..34.04 rows=960 width=0)
	        Index Cond: ((id >= 3379834) AND (id <= 3380833))

table 7 : explain SELECT c FROM sbtest7 WHERE id BETWEEN 1363488 AND 1364487
	Bitmap Heap Scan on sbtest7  (cost=35.43..4155.09 rows=1073 width=121)
	  Recheck Cond: ((id >= 1363488) AND (id <= 1364487))
	  ->  Bitmap Index Scan on sbtest7_pkey  (cost=0.00..35.17 rows=1073 width=0)
	        Index Cond: ((id >= 1363488) AND (id <= 1364487))

table 8 : explain SELECT c FROM sbtest8 WHERE id BETWEEN 664184 AND 665183
	Bitmap Heap Scan on sbtest8  (cost=34.52..3815.83 rows=984 width=121)
	  Recheck Cond: ((id >= 664184) AND (id <= 665183))
	  ->  Bitmap Index Scan on sbtest8_pkey  (cost=0.00..34.28 rows=984 width=0)
	        Index Cond: ((id >= 664184) AND (id <= 665183))

for: sum_ranges
table 1 : explain SELECT SUM(k) FROM sbtest1 WHERE id BETWEEN 4986139 AND 4987138
	Aggregate  (cost=3699.27..3699.28 rows=1 width=8)
	  ->  Bitmap Heap Scan on sbtest1  (cost=34.19..3696.89 rows=952 width=4)
	        Recheck Cond: ((id >= 4986139) AND (id <= 4987138))
	        ->  Bitmap Index Scan on sbtest1_pkey  (cost=0.00..33.95 rows=952 width=0)
	              Index Cond: ((id >= 4986139) AND (id <= 4987138))

table 2 : explain SELECT SUM(k) FROM sbtest2 WHERE id BETWEEN 1376989 AND 1377988
	Aggregate  (cost=3733.87..3733.88 rows=1 width=8)
	  ->  Bitmap Heap Scan on sbtest2  (cost=34.30..3731.46 rows=962 width=4)
	        Recheck Cond: ((id >= 1376989) AND (id <= 1377988))
	        ->  Bitmap Index Scan on sbtest2_pkey  (cost=0.00..34.06 rows=962 width=0)
	              Index Cond: ((id >= 1376989) AND (id <= 1377988))

table 3 : explain SELECT SUM(k) FROM sbtest3 WHERE id BETWEEN 9621355 AND 9622354
	Aggregate  (cost=4189.00..4189.01 rows=1 width=8)
	  ->  Bitmap Heap Scan on sbtest3  (cost=35.52..4186.30 rows=1081 width=4)
	        Recheck Cond: ((id >= 9621355) AND (id <= 9622354))
	        ->  Bitmap Index Scan on sbtest3_pkey  (cost=0.00..35.25 rows=1081 width=0)
	              Index Cond: ((id >= 9621355) AND (id <= 9622354))

table 4 : explain SELECT SUM(k) FROM sbtest4 WHERE id BETWEEN 8508003 AND 8509002
	Aggregate  (cost=3864.61..3864.62 rows=1 width=8)
	  ->  Bitmap Heap Scan on sbtest4  (cost=34.63..3862.12 rows=995 width=4)
	        Recheck Cond: ((id >= 8508003) AND (id <= 8509002))
	        ->  Bitmap Index Scan on sbtest4_pkey  (cost=0.00..34.39 rows=995 width=0)
	              Index Cond: ((id >= 8508003) AND (id <= 8509002))

table 5 : explain SELECT SUM(k) FROM sbtest5 WHERE id BETWEEN 3314869 AND 3315868
	Aggregate  (cost=3758.37..3758.38 rows=1 width=8)
	  ->  Bitmap Heap Scan on sbtest5  (cost=34.35..3755.96 rows=967 width=4)
	        Recheck Cond: ((id >= 3314869) AND (id <= 3315868))
	        ->  Bitmap Index Scan on sbtest5_pkey  (cost=0.00..34.11 rows=967 width=0)
	              Index Cond: ((id >= 3314869) AND (id <= 3315868))

table 6 : explain SELECT SUM(k) FROM sbtest6 WHERE id BETWEEN 6204561 AND 6205560
	Aggregate  (cost=3638.05..3638.06 rows=1 width=8)
	  ->  Bitmap Heap Scan on sbtest6  (cost=34.03..3635.71 rows=936 width=4)
	        Recheck Cond: ((id >= 6204561) AND (id <= 6205560))
	        ->  Bitmap Index Scan on sbtest6_pkey  (cost=0.00..33.80 rows=936 width=0)
	              Index Cond: ((id >= 6204561) AND (id <= 6205560))

table 7 : explain SELECT SUM(k) FROM sbtest7 WHERE id BETWEEN 8048339 AND 8049338
	Aggregate  (cost=3708.31..3708.32 rows=1 width=8)
	  ->  Bitmap Heap Scan on sbtest7  (cost=34.21..3705.93 rows=954 width=4)
	        Recheck Cond: ((id >= 8048339) AND (id <= 8049338))
	        ->  Bitmap Index Scan on sbtest7_pkey  (cost=0.00..33.98 rows=954 width=0)
	              Index Cond: ((id >= 8048339) AND (id <= 8049338))

table 8 : explain SELECT SUM(k) FROM sbtest8 WHERE id BETWEEN 869244 AND 870243
	Aggregate  (cost=4029.50..4029.51 rows=1 width=8)
	  ->  Bitmap Heap Scan on sbtest8  (cost=35.09..4026.90 rows=1040 width=4)
	        Recheck Cond: ((id >= 869244) AND (id <= 870243))
	        ->  Bitmap Index Scan on sbtest8_pkey  (cost=0.00..34.84 rows=1040 width=0)
	              Index Cond: ((id >= 869244) AND (id <= 870243))

explain: for point_selects :: explain SELECT c FROM sbtest%u WHERE id=%u
for point_selects
table 1 : explain SELECT c FROM sbtest1 WHERE id=8494193
	Index Scan using sbtest1_pkey on sbtest1  (cost=0.43..8.45 rows=1 width=121)
	  Index Cond: (id = 8494193)

table 2 : explain SELECT c FROM sbtest2 WHERE id=482538
	Index Scan using sbtest2_pkey on sbtest2  (cost=0.43..8.45 rows=1 width=121)
	  Index Cond: (id = 482538)

table 3 : explain SELECT c FROM sbtest3 WHERE id=8697760
	Index Scan using sbtest3_pkey on sbtest3  (cost=0.43..8.45 rows=1 width=121)
	  Index Cond: (id = 8697760)

table 4 : explain SELECT c FROM sbtest4 WHERE id=9053198
	Index Scan using sbtest4_pkey on sbtest4  (cost=0.43..8.45 rows=1 width=121)
	  Index Cond: (id = 9053198)

table 5 : explain SELECT c FROM sbtest5 WHERE id=3590419
	Index Scan using sbtest5_pkey on sbtest5  (cost=0.43..8.45 rows=1 width=121)
	  Index Cond: (id = 3590419)

table 6 : explain SELECT c FROM sbtest6 WHERE id=2870148
	Index Scan using sbtest6_pkey on sbtest6  (cost=0.43..8.45 rows=1 width=121)
	  Index Cond: (id = 2870148)

table 7 : explain SELECT c FROM sbtest7 WHERE id=4806991
	Index Scan using sbtest7_pkey on sbtest7  (cost=0.43..8.45 rows=1 width=121)
	  Index Cond: (id = 4806991)

table 8 : explain SELECT c FROM sbtest8 WHERE id=9958806
	Index Scan using sbtest8_pkey on sbtest8  (cost=0.43..8.45 rows=1 width=121)
	  Index Cond: (id = 9958806)

for: order_ranges
table 1 : explain SELECT c FROM sbtest1 WHERE id BETWEEN 8639684 AND 8640683 ORDER BY c
	Sort  (cost=3782.35..3784.76 rows=962 width=121)
	  Sort Key: c
	  ->  Bitmap Heap Scan on sbtest1  (cost=34.30..3734.68 rows=962 width=121)
	        Recheck Cond: ((id >= 8639684) AND (id <= 8640683))
	        ->  Bitmap Index Scan on sbtest1_pkey  (cost=0.00..34.06 rows=962 width=0)
	              Index Cond: ((id >= 8639684) AND (id <= 8640683))

table 2 : explain SELECT c FROM sbtest2 WHERE id BETWEEN 1293379 AND 1294378 ORDER BY c
	Sort  (cost=3779.13..3781.54 rows=962 width=121)
	  Sort Key: c
	  ->  Bitmap Heap Scan on sbtest2  (cost=34.30..3731.46 rows=962 width=121)
	        Recheck Cond: ((id >= 1293379) AND (id <= 1294378))
	        ->  Bitmap Index Scan on sbtest2_pkey  (cost=0.00..34.06 rows=962 width=0)
	              Index Cond: ((id >= 1293379) AND (id <= 1294378))

table 3 : explain SELECT c FROM sbtest3 WHERE id BETWEEN 653307 AND 654306 ORDER BY c
	Sort  (cost=3915.21..3917.70 rows=996 width=121)
	  Sort Key: c
	  ->  Bitmap Heap Scan on sbtest3  (cost=34.64..3865.61 rows=996 width=121)
	        Recheck Cond: ((id >= 653307) AND (id <= 654306))
	        ->  Bitmap Index Scan on sbtest3_pkey  (cost=0.00..34.40 rows=996 width=0)
	              Index Cond: ((id >= 653307) AND (id <= 654306))

table 4 : explain SELECT c FROM sbtest4 WHERE id BETWEEN 2814764 AND 2815763 ORDER BY c
	Sort  (cost=3857.95..3860.41 rows=981 width=121)
	  Sort Key: c
	  ->  Bitmap Heap Scan on sbtest4  (cost=34.49..3809.21 rows=981 width=121)
	        Recheck Cond: ((id >= 2814764) AND (id <= 2815763))
	        ->  Bitmap Index Scan on sbtest4_pkey  (cost=0.00..34.25 rows=981 width=0)
	              Index Cond: ((id >= 2814764) AND (id <= 2815763))

table 5 : explain SELECT c FROM sbtest5 WHERE id BETWEEN 1708097 AND 1709096 ORDER BY c
	Sort  (cost=3826.93..3829.37 rows=973 width=121)
	  Sort Key: c
	  ->  Bitmap Heap Scan on sbtest5  (cost=34.41..3778.64 rows=973 width=121)
	        Recheck Cond: ((id >= 1708097) AND (id <= 1709096))
	        ->  Bitmap Index Scan on sbtest5_pkey  (cost=0.00..34.17 rows=973 width=0)
	              Index Cond: ((id >= 1708097) AND (id <= 1709096))

table 6 : explain SELECT c FROM sbtest6 WHERE id BETWEEN 7356335 AND 7357334 ORDER BY c
	Sort  (cost=4217.96..4220.65 rows=1076 width=121)
	  Sort Key: c
	  ->  Bitmap Heap Scan on sbtest6  (cost=35.46..4163.77 rows=1076 width=121)
	        Recheck Cond: ((id >= 7356335) AND (id <= 7357334))
	        ->  Bitmap Index Scan on sbtest6_pkey  (cost=0.00..35.20 rows=1076 width=0)
	              Index Cond: ((id >= 7356335) AND (id <= 7357334))

table 7 : explain SELECT c FROM sbtest7 WHERE id BETWEEN 8160323 AND 8161322 ORDER BY c
	Sort  (cost=3944.92..3947.43 rows=1004 width=121)
	  Sort Key: c
	  ->  Bitmap Heap Scan on sbtest7  (cost=34.73..3894.87 rows=1004 width=121)
	        Recheck Cond: ((id >= 8160323) AND (id <= 8161322))
	        ->  Bitmap Index Scan on sbtest7_pkey  (cost=0.00..34.48 rows=1004 width=0)
	              Index Cond: ((id >= 8160323) AND (id <= 8161322))

table 8 : explain SELECT c FROM sbtest8 WHERE id BETWEEN 4863884 AND 4864883 ORDER BY c
	Sort  (cost=3960.45..3962.97 rows=1009 width=121)
	  Sort Key: c
	  ->  Bitmap Heap Scan on sbtest8  (cost=34.78..3910.11 rows=1009 width=121)
	        Recheck Cond: ((id >= 4863884) AND (id <= 4864883))
	        ->  Bitmap Index Scan on sbtest8_pkey  (cost=0.00..34.53 rows=1009 width=0)
	              Index Cond: ((id >= 4863884) AND (id <= 4864883))

for point_selects
table 1 : explain SELECT c FROM sbtest1 WHERE id=1834571
	Index Scan using sbtest1_pkey on sbtest1  (cost=0.43..8.45 rows=1 width=121)
	  Index Cond: (id = 1834571)

table 2 : explain SELECT c FROM sbtest2 WHERE id=7845833
	Index Scan using sbtest2_pkey on sbtest2  (cost=0.43..8.45 rows=1 width=121)
	  Index Cond: (id = 7845833)

table 3 : explain SELECT c FROM sbtest3 WHERE id=7034796
	Index Scan using sbtest3_pkey on sbtest3  (cost=0.43..8.45 rows=1 width=121)
	  Index Cond: (id = 7034796)

table 4 : explain SELECT c FROM sbtest4 WHERE id=8161072
	Index Scan using sbtest4_pkey on sbtest4  (cost=0.43..8.45 rows=1 width=121)
	  Index Cond: (id = 8161072)

table 5 : explain SELECT c FROM sbtest5 WHERE id=4951302
	Index Scan using sbtest5_pkey on sbtest5  (cost=0.43..8.45 rows=1 width=121)
	  Index Cond: (id = 4951302)

table 6 : explain SELECT c FROM sbtest6 WHERE id=4687986
	Index Scan using sbtest6_pkey on sbtest6  (cost=0.43..8.45 rows=1 width=121)
	  Index Cond: (id = 4687986)

table 7 : explain SELECT c FROM sbtest7 WHERE id=7372429
	Index Scan using sbtest7_pkey on sbtest7  (cost=0.43..8.45 rows=1 width=121)
	  Index Cond: (id = 7372429)

table 8 : explain SELECT c FROM sbtest8 WHERE id=1087523
	Index Scan using sbtest8_pkey on sbtest8  (cost=0.43..8.45 rows=1 width=121)
	  Index Cond: (id = 1087523)

for: distinct_ranges
table 1 : explain SELECT DISTINCT c FROM sbtest1 WHERE id BETWEEN 3247932 AND 3248931 ORDER BY c
	Unique  (cost=3598.11..3602.68 rows=914 width=121)
	  ->  Sort  (cost=3598.11..3600.40 rows=914 width=121)
	        Sort Key: c
	        ->  Bitmap Heap Scan on sbtest1  (cost=33.80..3553.16 rows=914 width=121)
	              Recheck Cond: ((id >= 3247932) AND (id <= 3248931))
	              ->  Bitmap Index Scan on sbtest1_pkey  (cost=0.00..33.58 rows=914 width=0)
	                    Index Cond: ((id >= 3247932) AND (id <= 3248931))

table 2 : explain SELECT DISTINCT c FROM sbtest2 WHERE id BETWEEN 7581410 AND 7582409 ORDER BY c
	Unique  (cost=3641.16..3645.79 rows=926 width=121)
	  ->  Sort  (cost=3641.16..3643.47 rows=926 width=121)
	        Sort Key: c
	        ->  Bitmap Heap Scan on sbtest2  (cost=33.93..3595.53 rows=926 width=121)
	              Recheck Cond: ((id >= 7581410) AND (id <= 7582409))
	              ->  Bitmap Index Scan on sbtest2_pkey  (cost=0.00..33.70 rows=926 width=0)
	                    Index Cond: ((id >= 7581410) AND (id <= 7582409))

table 3 : explain SELECT DISTINCT c FROM sbtest3 WHERE id BETWEEN 9789170 AND 9790169 ORDER BY c
	Unique  (cost=3380.83..3385.12 rows=858 width=121)
	  ->  Sort  (cost=3380.83..3382.98 rows=858 width=121)
	        Sort Key: c
	        ->  Bitmap Heap Scan on sbtest3  (cost=29.23..3339.02 rows=858 width=121)
	              Recheck Cond: ((id >= 9789170) AND (id <= 9790169))
	              ->  Bitmap Index Scan on sbtest3_pkey  (cost=0.00..29.01 rows=858 width=0)
	                    Index Cond: ((id >= 9789170) AND (id <= 9790169))

table 4 : explain SELECT DISTINCT c FROM sbtest4 WHERE id BETWEEN 9670511 AND 9671510 ORDER BY c
	Unique  (cost=4378.93..4384.51 rows=1116 width=121)
	  ->  Sort  (cost=4378.93..4381.72 rows=1116 width=121)
	        Sort Key: c
	        ->  Bitmap Heap Scan on sbtest4  (cost=39.87..4322.44 rows=1116 width=121)
	              Recheck Cond: ((id >= 9670511) AND (id <= 9671510))
	              ->  Bitmap Index Scan on sbtest4_pkey  (cost=0.00..39.59 rows=1116 width=0)
	                    Index Cond: ((id >= 9670511) AND (id <= 9671510))

table 5 : explain SELECT DISTINCT c FROM sbtest5 WHERE id BETWEEN 3796546 AND 3797545 ORDER BY c
	Unique  (cost=4412.93..4418.56 rows=1125 width=121)
	  ->  Sort  (cost=4412.93..4415.74 rows=1125 width=121)
	        Sort Key: c
	        ->  Bitmap Heap Scan on sbtest5  (cost=39.97..4355.92 rows=1125 width=121)
	              Recheck Cond: ((id >= 3796546) AND (id <= 3797545))
	              ->  Bitmap Index Scan on sbtest5_pkey  (cost=0.00..39.69 rows=1125 width=0)
	                    Index Cond: ((id >= 3796546) AND (id <= 3797545))

table 6 : explain SELECT DISTINCT c FROM sbtest6 WHERE id BETWEEN 165451 AND 166450 ORDER BY c
	Unique  (cost=3689.58..3694.27 rows=938 width=121)
	  ->  Sort  (cost=3689.58..3691.92 rows=938 width=121)
	        Sort Key: c
	        ->  Bitmap Heap Scan on sbtest6  (cost=34.05..3643.27 rows=938 width=121)
	              Recheck Cond: ((id >= 165451) AND (id <= 166450))
	              ->  Bitmap Index Scan on sbtest6_pkey  (cost=0.00..33.82 rows=938 width=0)
	                    Index Cond: ((id >= 165451) AND (id <= 166450))

table 7 : explain SELECT DISTINCT c FROM sbtest7 WHERE id BETWEEN 425713 AND 426712 ORDER BY c
	Unique  (cost=4094.31..4099.53 rows=1043 width=121)
	  ->  Sort  (cost=4094.31..4096.92 rows=1043 width=121)
	        Sort Key: c
	        ->  Bitmap Heap Scan on sbtest7  (cost=35.13..4042.02 rows=1043 width=121)
	              Recheck Cond: ((id >= 425713) AND (id <= 426712))
	              ->  Bitmap Index Scan on sbtest7_pkey  (cost=0.00..34.87 rows=1043 width=0)
	                    Index Cond: ((id >= 425713) AND (id <= 426712))

table 8 : explain SELECT DISTINCT c FROM sbtest8 WHERE id BETWEEN 3194626 AND 3195625 ORDER BY c
	Unique  (cost=4071.37..4076.56 rows=1038 width=121)
	  ->  Sort  (cost=4071.37..4073.97 rows=1038 width=121)
	        Sort Key: c
	        ->  Bitmap Heap Scan on sbtest8  (cost=35.07..4019.37 rows=1038 width=121)
	              Recheck Cond: ((id >= 3194626) AND (id <= 3195625))
	              ->  Bitmap Index Scan on sbtest8_pkey  (cost=0.00..34.82 rows=1038 width=0)
	                    Index Cond: ((id >= 3194626) AND (id <= 3195625))

for: order_ranges
table 1 : explain SELECT c FROM sbtest1 WHERE id BETWEEN 5708205 AND 5709204 ORDER BY c
	Sort  (cost=3571.06..3573.33 rows=908 width=121)
	  Sort Key: c
	  ->  Bitmap Heap Scan on sbtest1  (cost=29.74..3526.45 rows=908 width=121)
	        Recheck Cond: ((id >= 5708205) AND (id <= 5709204))
	        ->  Bitmap Index Scan on sbtest1_pkey  (cost=0.00..29.51 rows=908 width=0)
	              Index Cond: ((id >= 5708205) AND (id <= 5709204))

table 2 : explain SELECT c FROM sbtest2 WHERE id BETWEEN 7452246 AND 7453245 ORDER BY c
	Sort  (cost=3564.28..3566.54 rows=907 width=121)
	  Sort Key: c
	  ->  Bitmap Heap Scan on sbtest2  (cost=29.73..3519.72 rows=907 width=121)
	        Recheck Cond: ((id >= 7452246) AND (id <= 7453245))
	        ->  Bitmap Index Scan on sbtest2_pkey  (cost=0.00..29.50 rows=907 width=0)
	              Index Cond: ((id >= 7452246) AND (id <= 7453245))

table 3 : explain SELECT c FROM sbtest3 WHERE id BETWEEN 8571947 AND 8572946 ORDER BY c
	Sort  (cost=4420.62..4423.43 rows=1127 width=121)
	  Sort Key: c
	  ->  Bitmap Heap Scan on sbtest3  (cost=39.99..4363.49 rows=1127 width=121)
	        Recheck Cond: ((id >= 8571947) AND (id <= 8572946))
	        ->  Bitmap Index Scan on sbtest3_pkey  (cost=0.00..39.70 rows=1127 width=0)
	              Index Cond: ((id >= 8571947) AND (id <= 8572946))

table 4 : explain SELECT c FROM sbtest4 WHERE id BETWEEN 2568961 AND 2569960 ORDER BY c
	Sort  (cost=3731.26..3733.63 rows=948 width=121)
	  Sort Key: c
	  ->  Bitmap Heap Scan on sbtest4  (cost=34.15..3684.39 rows=948 width=121)
	        Recheck Cond: ((id >= 2568961) AND (id <= 2569960))
	        ->  Bitmap Index Scan on sbtest4_pkey  (cost=0.00..33.92 rows=948 width=0)
	              Index Cond: ((id >= 2568961) AND (id <= 2569960))

table 5 : explain SELECT c FROM sbtest5 WHERE id BETWEEN 4990615 AND 4991614 ORDER BY c
	Sort  (cost=3692.54..3694.89 rows=938 width=121)
	  Sort Key: c
	  ->  Bitmap Heap Scan on sbtest5  (cost=34.05..3646.24 rows=938 width=121)
	        Recheck Cond: ((id >= 4990615) AND (id <= 4991614))
	        ->  Bitmap Index Scan on sbtest5_pkey  (cost=0.00..33.82 rows=938 width=0)
	              Index Cond: ((id >= 4990615) AND (id <= 4991614))

table 6 : explain SELECT c FROM sbtest6 WHERE id BETWEEN 6810519 AND 6811518 ORDER BY c
	Sort  (cost=3988.50..3991.04 rows=1016 width=121)
	  Sort Key: c
	  ->  Bitmap Heap Scan on sbtest6  (cost=34.85..3937.76 rows=1016 width=121)
	        Recheck Cond: ((id >= 6810519) AND (id <= 6811518))
	        ->  Bitmap Index Scan on sbtest6_pkey  (cost=0.00..34.59 rows=1016 width=0)
	              Index Cond: ((id >= 6810519) AND (id <= 6811518))

table 7 : explain SELECT c FROM sbtest7 WHERE id BETWEEN 6304956 AND 6305955 ORDER BY c
	Sort  (cost=4086.65..4089.26 rows=1041 width=121)
	  Sort Key: c
	  ->  Bitmap Heap Scan on sbtest7  (cost=35.11..4034.48 rows=1041 width=121)
	        Recheck Cond: ((id >= 6304956) AND (id <= 6305955))
	        ->  Bitmap Index Scan on sbtest7_pkey  (cost=0.00..34.84 rows=1041 width=0)
	              Index Cond: ((id >= 6304956) AND (id <= 6305955))

table 8 : explain SELECT c FROM sbtest8 WHERE id BETWEEN 1520881 AND 1521880 ORDER BY c
	Sort  (cost=4109.60..4112.22 rows=1048 width=121)
	  Sort Key: c
	  ->  Bitmap Heap Scan on sbtest8  (cost=35.18..4057.03 rows=1048 width=121)
	        Recheck Cond: ((id >= 1520881) AND (id <= 1521880))
	        ->  Bitmap Index Scan on sbtest8_pkey  (cost=0.00..34.92 rows=1048 width=0)
	              Index Cond: ((id >= 1520881) AND (id <= 1521880))

for: simple_ranges
table 1 : explain SELECT c FROM sbtest1 WHERE id BETWEEN 7346701 AND 7347700
	Bitmap Heap Scan on sbtest1  (cost=34.42..3780.02 rows=974 width=121)
	  Recheck Cond: ((id >= 7346701) AND (id <= 7347700))
	  ->  Bitmap Index Scan on sbtest1_pkey  (cost=0.00..34.18 rows=974 width=0)
	        Index Cond: ((id >= 7346701) AND (id <= 7347700))

table 2 : explain SELECT c FROM sbtest2 WHERE id BETWEEN 5862507 AND 5863506
	Bitmap Heap Scan on sbtest2  (cost=34.07..3648.41 rows=940 width=121)
	  Recheck Cond: ((id >= 5862507) AND (id <= 5863506))
	  ->  Bitmap Index Scan on sbtest2_pkey  (cost=0.00..33.84 rows=940 width=0)
	        Index Cond: ((id >= 5862507) AND (id <= 5863506))

table 3 : explain SELECT c FROM sbtest3 WHERE id BETWEEN 7544734 AND 7545733
	Bitmap Heap Scan on sbtest3  (cost=34.24..3718.17 rows=957 width=121)
	  Recheck Cond: ((id >= 7544734) AND (id <= 7545733))
	  ->  Bitmap Index Scan on sbtest3_pkey  (cost=0.00..34.01 rows=957 width=0)
	        Index Cond: ((id >= 7544734) AND (id <= 7545733))

table 4 : explain SELECT c FROM sbtest4 WHERE id BETWEEN 7421811 AND 7422810
	Bitmap Heap Scan on sbtest4  (cost=33.84..3570.79 rows=918 width=121)
	  Recheck Cond: ((id >= 7421811) AND (id <= 7422810))
	  ->  Bitmap Index Scan on sbtest4_pkey  (cost=0.00..33.62 rows=918 width=0)
	        Index Cond: ((id >= 7421811) AND (id <= 7422810))

table 5 : explain SELECT c FROM sbtest5 WHERE id BETWEEN 381188 AND 382187
	Bitmap Heap Scan on sbtest5  (cost=34.52..3820.22 rows=984 width=121)
	  Recheck Cond: ((id >= 381188) AND (id <= 382187))
	  ->  Bitmap Index Scan on sbtest5_pkey  (cost=0.00..34.28 rows=984 width=0)
	        Index Cond: ((id >= 381188) AND (id <= 382187))

table 6 : explain SELECT c FROM sbtest6 WHERE id BETWEEN 6349252 AND 6350251
	Bitmap Heap Scan on sbtest6  (cost=35.12..4035.75 rows=1042 width=121)
	  Recheck Cond: ((id >= 6349252) AND (id <= 6350251))
	  ->  Bitmap Index Scan on sbtest6_pkey  (cost=0.00..34.86 rows=1042 width=0)
	        Index Cond: ((id >= 6349252) AND (id <= 6350251))

table 7 : explain SELECT c FROM sbtest7 WHERE id BETWEEN 6365579 AND 6366578
	Bitmap Heap Scan on sbtest7  (cost=35.11..4034.48 rows=1041 width=121)
	  Recheck Cond: ((id >= 6365579) AND (id <= 6366578))
	  ->  Bitmap Index Scan on sbtest7_pkey  (cost=0.00..34.84 rows=1041 width=0)
	        Index Cond: ((id >= 6365579) AND (id <= 6366578))

table 8 : explain SELECT c FROM sbtest8 WHERE id BETWEEN 5286946 AND 5287945
	Bitmap Heap Scan on sbtest8  (cost=35.28..4094.67 rows=1058 width=121)
	  Recheck Cond: ((id >= 5286946) AND (id <= 5287945))
	  ->  Bitmap Index Scan on sbtest8_pkey  (cost=0.00..35.02 rows=1058 width=0)
	        Index Cond: ((id >= 5286946) AND (id <= 5287945))

for: order_ranges
table 1 : explain SELECT c FROM sbtest1 WHERE id BETWEEN 4962516 AND 4963515 ORDER BY c
	Sort  (cost=3743.99..3746.37 rows=952 width=121)
	  Sort Key: c
	  ->  Bitmap Heap Scan on sbtest1  (cost=34.19..3696.89 rows=952 width=121)
	        Recheck Cond: ((id >= 4962516) AND (id <= 4963515))
	        ->  Bitmap Index Scan on sbtest1_pkey  (cost=0.00..33.95 rows=952 width=0)
	              Index Cond: ((id >= 4962516) AND (id <= 4963515))

table 2 : explain SELECT c FROM sbtest2 WHERE id BETWEEN 6630474 AND 6631473 ORDER BY c
	Sort  (cost=4260.79..4263.51 rows=1088 width=121)
	  Sort Key: c
	  ->  Bitmap Heap Scan on sbtest2  (cost=35.59..4205.91 rows=1088 width=121)
	        Recheck Cond: ((id >= 6630474) AND (id <= 6631473))
	        ->  Bitmap Index Scan on sbtest2_pkey  (cost=0.00..35.32 rows=1088 width=0)
	              Index Cond: ((id >= 6630474) AND (id <= 6631473))

table 3 : explain SELECT c FROM sbtest3 WHERE id BETWEEN 572090 AND 573089 ORDER BY c
	Sort  (cost=3634.93..3637.24 rows=923 width=121)
	  Sort Key: c
	  ->  Bitmap Heap Scan on sbtest3  (cost=33.90..3589.47 rows=923 width=121)
	        Recheck Cond: ((id >= 572090) AND (id <= 573089))
	        ->  Bitmap Index Scan on sbtest3_pkey  (cost=0.00..33.67 rows=923 width=0)
	              Index Cond: ((id >= 572090) AND (id <= 573089))

table 4 : explain SELECT c FROM sbtest4 WHERE id BETWEEN 9375342 AND 9376341 ORDER BY c
	Sort  (cost=3461.93..3464.13 rows=879 width=121)
	  Sort Key: c
	  ->  Bitmap Heap Scan on sbtest4  (cost=29.44..3418.95 rows=879 width=121)
	        Recheck Cond: ((id >= 9375342) AND (id <= 9376341))
	        ->  Bitmap Index Scan on sbtest4_pkey  (cost=0.00..29.22 rows=879 width=0)
	              Index Cond: ((id >= 9375342) AND (id <= 9376341))

table 5 : explain SELECT c FROM sbtest5 WHERE id BETWEEN 2043281 AND 2044280 ORDER BY c
	Sort  (cost=3872.98..3875.44 rows=985 width=121)
	  Sort Key: c
	  ->  Bitmap Heap Scan on sbtest5  (cost=34.53..3824.00 rows=985 width=121)
	        Recheck Cond: ((id >= 2043281) AND (id <= 2044280))
	        ->  Bitmap Index Scan on sbtest5_pkey  (cost=0.00..34.29 rows=985 width=0)
	              Index Cond: ((id >= 2043281) AND (id <= 2044280))

table 6 : explain SELECT c FROM sbtest6 WHERE id BETWEEN 9794770 AND 9795769 ORDER BY c
	Sort  (cost=3896.60..3899.08 rows=992 width=121)
	  Sort Key: c
	  ->  Bitmap Heap Scan on sbtest6  (cost=34.60..3847.23 rows=992 width=121)
	        Recheck Cond: ((id >= 9794770) AND (id <= 9795769))
	        ->  Bitmap Index Scan on sbtest6_pkey  (cost=0.00..34.36 rows=992 width=0)
	              Index Cond: ((id >= 9794770) AND (id <= 9795769))

table 7 : explain SELECT c FROM sbtest7 WHERE id BETWEEN 1203677 AND 1204676 ORDER BY c
	Sort  (cost=3944.92..3947.43 rows=1004 width=121)
	  Sort Key: c
	  ->  Bitmap Heap Scan on sbtest7  (cost=34.73..3894.87 rows=1004 width=121)
	        Recheck Cond: ((id >= 1203677) AND (id <= 1204676))
	        ->  Bitmap Index Scan on sbtest7_pkey  (cost=0.00..34.48 rows=1004 width=0)
	              Index Cond: ((id >= 1203677) AND (id <= 1204676))

table 8 : explain SELECT c FROM sbtest8 WHERE id BETWEEN 9052767 AND 9053766 ORDER BY c
	Sort  (cost=3730.63..3733.00 rows=949 width=121)
	  Sort Key: c
	  ->  Bitmap Heap Scan on sbtest8  (cost=34.16..3683.70 rows=949 width=121)
	        Recheck Cond: ((id >= 9052767) AND (id <= 9053766))
	        ->  Bitmap Index Scan on sbtest8_pkey  (cost=0.00..33.93 rows=949 width=0)
	              Index Cond: ((id >= 9052767) AND (id <= 9053766))

for point_selects
table 1 : explain SELECT c FROM sbtest1 WHERE id=3806036
	Index Scan using sbtest1_pkey on sbtest1  (cost=0.43..8.45 rows=1 width=121)
	  Index Cond: (id = 3806036)

table 2 : explain SELECT c FROM sbtest2 WHERE id=9501539
	Index Scan using sbtest2_pkey on sbtest2  (cost=0.43..8.45 rows=1 width=121)
	  Index Cond: (id = 9501539)

table 3 : explain SELECT c FROM sbtest3 WHERE id=7110631
	Index Scan using sbtest3_pkey on sbtest3  (cost=0.43..8.45 rows=1 width=121)
	  Index Cond: (id = 7110631)

table 4 : explain SELECT c FROM sbtest4 WHERE id=7963127
	Index Scan using sbtest4_pkey on sbtest4  (cost=0.43..8.45 rows=1 width=121)
	  Index Cond: (id = 7963127)

table 5 : explain SELECT c FROM sbtest5 WHERE id=5099730
	Index Scan using sbtest5_pkey on sbtest5  (cost=0.43..8.45 rows=1 width=121)
	  Index Cond: (id = 5099730)

table 6 : explain SELECT c FROM sbtest6 WHERE id=3989869
	Index Scan using sbtest6_pkey on sbtest6  (cost=0.43..8.45 rows=1 width=121)
	  Index Cond: (id = 3989869)

table 7 : explain SELECT c FROM sbtest7 WHERE id=6141059
	Index Scan using sbtest7_pkey on sbtest7  (cost=0.43..8.45 rows=1 width=121)
	  Index Cond: (id = 6141059)

table 8 : explain SELECT c FROM sbtest8 WHERE id=5353397
	Index Scan using sbtest8_pkey on sbtest8  (cost=0.43..8.45 rows=1 width=121)
	  Index Cond: (id = 5353397)

for: order_ranges
table 1 : explain SELECT c FROM sbtest1 WHERE id BETWEEN 2667800 AND 2668799 ORDER BY c
	Sort  (cost=4214.98..4217.67 rows=1075 width=121)
	  Sort Key: c
	  ->  Bitmap Heap Scan on sbtest1  (cost=35.45..4160.86 rows=1075 width=121)
	        Recheck Cond: ((id >= 2667800) AND (id <= 2668799))
	        ->  Bitmap Index Scan on sbtest1_pkey  (cost=0.00..35.19 rows=1075 width=0)
	              Index Cond: ((id >= 2667800) AND (id <= 2668799))

table 2 : explain SELECT c FROM sbtest2 WHERE id BETWEEN 4134715 AND 4135714 ORDER BY c
	Sort  (cost=3924.59..3927.09 rows=1000 width=121)
	  Sort Key: c
	  ->  Bitmap Heap Scan on sbtest2  (cost=34.69..3874.76 rows=1000 width=121)
	        Recheck Cond: ((id >= 4134715) AND (id <= 4135714))
	        ->  Bitmap Index Scan on sbtest2_pkey  (cost=0.00..34.44 rows=1000 width=0)
	              Index Cond: ((id >= 4134715) AND (id <= 4135714))

table 3 : explain SELECT c FROM sbtest3 WHERE id BETWEEN 211913 AND 212912 ORDER BY c
	Sort  (cost=3815.46..3817.88 rows=970 width=121)
	  Sort Key: c
	  ->  Bitmap Heap Scan on sbtest3  (cost=34.38..3767.34 rows=970 width=121)
	        Recheck Cond: ((id >= 211913) AND (id <= 212912))
	        ->  Bitmap Index Scan on sbtest3_pkey  (cost=0.00..34.14 rows=970 width=0)
	              Index Cond: ((id >= 211913) AND (id <= 212912))

table 4 : explain SELECT c FROM sbtest4 WHERE id BETWEEN 6502537 AND 6503536 ORDER BY c
	Sort  (cost=3769.66..3772.06 rows=958 width=121)
	  Sort Key: c
	  ->  Bitmap Heap Scan on sbtest4  (cost=34.25..3722.22 rows=958 width=121)
	        Recheck Cond: ((id >= 6502537) AND (id <= 6503536))
	        ->  Bitmap Index Scan on sbtest4_pkey  (cost=0.00..34.02 rows=958 width=0)
	              Index Cond: ((id >= 6502537) AND (id <= 6503536))

table 5 : explain SELECT c FROM sbtest5 WHERE id BETWEEN 6027456 AND 6028455 ORDER BY c
	Sort  (cost=3727.11..3729.48 rows=947 width=121)
	  Sort Key: c
	  ->  Bitmap Heap Scan on sbtest5  (cost=34.14..3680.30 rows=947 width=121)
	        Recheck Cond: ((id >= 6027456) AND (id <= 6028455))
	        ->  Bitmap Index Scan on sbtest5_pkey  (cost=0.00..33.91 rows=947 width=0)
	              Index Cond: ((id >= 6027456) AND (id <= 6028455))

table 6 : explain SELECT c FROM sbtest6 WHERE id BETWEEN 8150085 AND 8151084 ORDER BY c
	Sort  (cost=4191.21..4193.88 rows=1069 width=121)
	  Sort Key: c
	  ->  Bitmap Heap Scan on sbtest6  (cost=35.39..4137.43 rows=1069 width=121)
	        Recheck Cond: ((id >= 8150085) AND (id <= 8151084))
	        ->  Bitmap Index Scan on sbtest6_pkey  (cost=0.00..35.12 rows=1069 width=0)
	              Index Cond: ((id >= 8150085) AND (id <= 8151084))

table 7 : explain SELECT c FROM sbtest7 WHERE id BETWEEN 8111001 AND 8112000 ORDER BY c
	Sort  (cost=3944.92..3947.43 rows=1004 width=121)
	  Sort Key: c
	  ->  Bitmap Heap Scan on sbtest7  (cost=34.73..3894.87 rows=1004 width=121)
	        Recheck Cond: ((id >= 8111001) AND (id <= 8112000))
	        ->  Bitmap Index Scan on sbtest7_pkey  (cost=0.00..34.48 rows=1004 width=0)
	              Index Cond: ((id >= 8111001) AND (id <= 8112000))

table 8 : explain SELECT c FROM sbtest8 WHERE id BETWEEN 6459541 AND 6460540 ORDER BY c
	Sort  (cost=3998.71..4001.26 rows=1019 width=121)
	  Sort Key: c
	  ->  Bitmap Heap Scan on sbtest8  (cost=34.88..3947.80 rows=1019 width=121)
	        Recheck Cond: ((id >= 6459541) AND (id <= 6460540))
	        ->  Bitmap Index Scan on sbtest8_pkey  (cost=0.00..34.62 rows=1019 width=0)
	              Index Cond: ((id >= 6459541) AND (id <= 6460540))

for: distinct_ranges
table 1 : explain SELECT DISTINCT c FROM sbtest1 WHERE id BETWEEN 5814890 AND 5815889 ORDER BY c
	Unique  (cost=4306.86..4312.35 rows=1098 width=121)
	  ->  Sort  (cost=4306.86..4309.61 rows=1098 width=121)
	        Sort Key: c
	        ->  Bitmap Heap Scan on sbtest1  (cost=39.69..4251.41 rows=1098 width=121)
	              Recheck Cond: ((id >= 5814890) AND (id <= 5815889))
	              ->  Bitmap Index Scan on sbtest1_pkey  (cost=0.00..39.42 rows=1098 width=0)
	                    Index Cond: ((id >= 5814890) AND (id <= 5815889))

table 2 : explain SELECT DISTINCT c FROM sbtest2 WHERE id BETWEEN 2215784 AND 2216783 ORDER BY c
	Unique  (cost=3924.59..3929.59 rows=1000 width=121)
	  ->  Sort  (cost=3924.59..3927.09 rows=1000 width=121)
	        Sort Key: c
	        ->  Bitmap Heap Scan on sbtest2  (cost=34.69..3874.76 rows=1000 width=121)
	              Recheck Cond: ((id >= 2215784) AND (id <= 2216783))
	              ->  Bitmap Index Scan on sbtest2_pkey  (cost=0.00..34.44 rows=1000 width=0)
	                    Index Cond: ((id >= 2215784) AND (id <= 2216783))

table 3 : explain SELECT DISTINCT c FROM sbtest3 WHERE id BETWEEN 4104569 AND 4105568 ORDER BY c
	Unique  (cost=3984.22..3989.29 rows=1014 width=121)
	  ->  Sort  (cost=3984.22..3986.76 rows=1014 width=121)
	        Sort Key: c
	        ->  Bitmap Heap Scan on sbtest3  (cost=34.83..3933.59 rows=1014 width=121)
	              Recheck Cond: ((id >= 4104569) AND (id <= 4105568))
	              ->  Bitmap Index Scan on sbtest3_pkey  (cost=0.00..34.58 rows=1014 width=0)
	                    Index Cond: ((id >= 4104569) AND (id <= 4105568))

table 4 : explain SELECT DISTINCT c FROM sbtest4 WHERE id BETWEEN 7902782 AND 7903781 ORDER BY c
	Unique  (cost=3777.34..3782.14 rows=960 width=121)
	  ->  Sort  (cost=3777.34..3779.74 rows=960 width=121)
	        Sort Key: c
	        ->  Bitmap Heap Scan on sbtest4  (cost=34.28..3729.79 rows=960 width=121)
	              Recheck Cond: ((id >= 7902782) AND (id <= 7903781))
	              ->  Bitmap Index Scan on sbtest4_pkey  (cost=0.00..34.04 rows=960 width=0)
	                    Index Cond: ((id >= 7902782) AND (id <= 7903781))

table 5 : explain SELECT DISTINCT c FROM sbtest5 WHERE id BETWEEN 5159932 AND 5160931 ORDER BY c
	Unique  (cost=4687.80..4693.79 rows=1198 width=121)
	  ->  Sort  (cost=4687.80..4690.79 rows=1198 width=121)
	        Sort Key: c
	        ->  Bitmap Heap Scan on sbtest5  (cost=40.71..4626.54 rows=1198 width=121)
	              Recheck Cond: ((id >= 5159932) AND (id <= 5160931))
	              ->  Bitmap Index Scan on sbtest5_pkey  (cost=0.00..40.42 rows=1198 width=0)
	                    Index Cond: ((id >= 5159932) AND (id <= 5160931))

table 6 : explain SELECT DISTINCT c FROM sbtest6 WHERE id BETWEEN 8621680 AND 8622679 ORDER BY c
	Unique  (cost=3628.17..3632.78 rows=922 width=121)
	  ->  Sort  (cost=3628.17..3630.47 rows=922 width=121)
	        Sort Key: c
	        ->  Bitmap Heap Scan on sbtest6  (cost=33.89..3582.76 rows=922 width=121)
	              Recheck Cond: ((id >= 8621680) AND (id <= 8622679))
	              ->  Bitmap Index Scan on sbtest6_pkey  (cost=0.00..33.66 rows=922 width=0)
	                    Index Cond: ((id >= 8621680) AND (id <= 8622679))

table 7 : explain SELECT DISTINCT c FROM sbtest7 WHERE id BETWEEN 7550575 AND 7551574 ORDER BY c
	Unique  (cost=4071.34..4076.53 rows=1037 width=121)
	  ->  Sort  (cost=4071.34..4073.93 rows=1037 width=121)
	        Sort Key: c
	        ->  Bitmap Heap Scan on sbtest7  (cost=35.06..4019.40 rows=1037 width=121)
	              Recheck Cond: ((id >= 7550575) AND (id <= 7551574))
	              ->  Bitmap Index Scan on sbtest7_pkey  (cost=0.00..34.81 rows=1037 width=0)
	                    Index Cond: ((id >= 7550575) AND (id <= 7551574))

table 8 : explain SELECT DISTINCT c FROM sbtest8 WHERE id BETWEEN 251985 AND 252984 ORDER BY c
	Unique  (cost=3569.33..3573.87 rows=908 width=121)
	  ->  Sort  (cost=3569.33..3571.60 rows=908 width=121)
	        Sort Key: c
	        ->  Bitmap Heap Scan on sbtest8  (cost=29.74..3524.72 rows=908 width=121)
	              Recheck Cond: ((id >= 251985) AND (id <= 252984))
	              ->  Bitmap Index Scan on sbtest8_pkey  (cost=0.00..29.51 rows=908 width=0)
	                    Index Cond: ((id >= 251985) AND (id <= 252984))

for point_selects
table 1 : explain SELECT c FROM sbtest1 WHERE id=779206
	Index Scan using sbtest1_pkey on sbtest1  (cost=0.43..8.45 rows=1 width=121)
	  Index Cond: (id = 779206)

table 2 : explain SELECT c FROM sbtest2 WHERE id=4774317
	Index Scan using sbtest2_pkey on sbtest2  (cost=0.43..8.45 rows=1 width=121)
	  Index Cond: (id = 4774317)

table 3 : explain SELECT c FROM sbtest3 WHERE id=2552564
	Index Scan using sbtest3_pkey on sbtest3  (cost=0.43..8.45 rows=1 width=121)
	  Index Cond: (id = 2552564)

table 4 : explain SELECT c FROM sbtest4 WHERE id=9798265
	Index Scan using sbtest4_pkey on sbtest4  (cost=0.43..8.45 rows=1 width=121)
	  Index Cond: (id = 9798265)

table 5 : explain SELECT c FROM sbtest5 WHERE id=1812074
	Index Scan using sbtest5_pkey on sbtest5  (cost=0.43..8.45 rows=1 width=121)
	  Index Cond: (id = 1812074)

table 6 : explain SELECT c FROM sbtest6 WHERE id=3057243
	Index Scan using sbtest6_pkey on sbtest6  (cost=0.43..8.45 rows=1 width=121)
	  Index Cond: (id = 3057243)

table 7 : explain SELECT c FROM sbtest7 WHERE id=9764801
	Index Scan using sbtest7_pkey on sbtest7  (cost=0.43..8.45 rows=1 width=121)
	  Index Cond: (id = 9764801)

table 8 : explain SELECT c FROM sbtest8 WHERE id=4418488
	Index Scan using sbtest8_pkey on sbtest8  (cost=0.43..8.45 rows=1 width=121)
	  Index Cond: (id = 4418488)

for: sum_ranges
table 1 : explain SELECT SUM(k) FROM sbtest1 WHERE id BETWEEN 8263178 AND 8264177
	Aggregate  (cost=3895.78..3895.79 rows=1 width=8)
	  ->  Bitmap Heap Scan on sbtest1  (cost=34.73..3893.27 rows=1004 width=4)
	        Recheck Cond: ((id >= 8263178) AND (id <= 8264177))
	        ->  Bitmap Index Scan on sbtest1_pkey  (cost=0.00..34.48 rows=1004 width=0)
	              Index Cond: ((id >= 8263178) AND (id <= 8264177))

table 2 : explain SELECT SUM(k) FROM sbtest2 WHERE id BETWEEN 2386948 AND 2387947
	Aggregate  (cost=4092.01..4092.02 rows=1 width=8)
	  ->  Bitmap Heap Scan on sbtest2  (cost=35.27..4089.37 rows=1057 width=4)
	        Recheck Cond: ((id >= 2386948) AND (id <= 2387947))
	        ->  Bitmap Index Scan on sbtest2_pkey  (cost=0.00..35.01 rows=1057 width=0)
	              Index Cond: ((id >= 2386948) AND (id <= 2387947))

table 3 : explain SELECT SUM(k) FROM sbtest3 WHERE id BETWEEN 2885933 AND 2886932
	Aggregate  (cost=3879.44..3879.45 rows=1 width=8)
	  ->  Bitmap Heap Scan on sbtest3  (cost=34.67..3876.94 rows=999 width=4)
	        Recheck Cond: ((id >= 2885933) AND (id <= 2886932))
	        ->  Bitmap Index Scan on sbtest3_pkey  (cost=0.00..34.43 rows=999 width=0)
	              Index Cond: ((id >= 2885933) AND (id <= 2886932))

table 4 : explain SELECT SUM(k) FROM sbtest4 WHERE id BETWEEN 2965722 AND 2966721
	Aggregate  (cost=4408.07..4408.08 rows=1 width=8)
	  ->  Bitmap Heap Scan on sbtest4  (cost=40.10..4405.22 rows=1138 width=4)
	        Recheck Cond: ((id >= 2965722) AND (id <= 2966721))
	        ->  Bitmap Index Scan on sbtest4_pkey  (cost=0.00..39.82 rows=1138 width=0)
	              Index Cond: ((id >= 2965722) AND (id <= 2966721))

table 5 : explain SELECT SUM(k) FROM sbtest5 WHERE id BETWEEN 8338164 AND 8339163
	Aggregate  (cost=3633.43..3633.44 rows=1 width=8)
	  ->  Bitmap Heap Scan on sbtest5  (cost=34.01..3631.09 rows=934 width=4)
	        Recheck Cond: ((id >= 8338164) AND (id <= 8339163))
	        ->  Bitmap Index Scan on sbtest5_pkey  (cost=0.00..33.78 rows=934 width=0)
	              Index Cond: ((id >= 8338164) AND (id <= 8339163))

table 6 : explain SELECT SUM(k) FROM sbtest6 WHERE id BETWEEN 8614206 AND 8615205
	Aggregate  (cost=3585.07..3585.08 rows=1 width=8)
	  ->  Bitmap Heap Scan on sbtest6  (cost=33.89..3582.76 rows=922 width=4)
	        Recheck Cond: ((id >= 8614206) AND (id <= 8615205))
	        ->  Bitmap Index Scan on sbtest6_pkey  (cost=0.00..33.66 rows=922 width=0)
	              Index Cond: ((id >= 8614206) AND (id <= 8615205))

table 7 : explain SELECT SUM(k) FROM sbtest7 WHERE id BETWEEN 371943 AND 372942
	Aggregate  (cost=3696.96..3696.97 rows=1 width=8)
	  ->  Bitmap Heap Scan on sbtest7  (cost=34.18..3694.58 rows=951 width=4)
	        Recheck Cond: ((id >= 371943) AND (id <= 372942))
	        ->  Bitmap Index Scan on sbtest7_pkey  (cost=0.00..33.95 rows=951 width=0)
	              Index Cond: ((id >= 371943) AND (id <= 372942))

table 8 : explain SELECT SUM(k) FROM sbtest8 WHERE id BETWEEN 6209017 AND 6210016
	Aggregate  (cost=4127.43..4127.44 rows=1 width=8)
	  ->  Bitmap Heap Scan on sbtest8  (cost=35.36..4124.77 rows=1066 width=4)
	        Recheck Cond: ((id >= 6209017) AND (id <= 6210016))
	        ->  Bitmap Index Scan on sbtest8_pkey  (cost=0.00..35.09 rows=1066 width=0)
	              Index Cond: ((id >= 6209017) AND (id <= 6210016))

for: sum_ranges
table 1 : explain SELECT SUM(k) FROM sbtest1 WHERE id BETWEEN 1061902 AND 1062901
	Aggregate  (cost=3755.99..3756.00 rows=1 width=8)
	  ->  Bitmap Heap Scan on sbtest1  (cost=34.35..3753.57 rows=967 width=4)
	        Recheck Cond: ((id >= 1061902) AND (id <= 1062901))
	        ->  Bitmap Index Scan on sbtest1_pkey  (cost=0.00..34.11 rows=967 width=0)
	              Index Cond: ((id >= 1061902) AND (id <= 1062901))

table 2 : explain SELECT SUM(k) FROM sbtest2 WHERE id BETWEEN 9995937 AND 9996936
	Aggregate  (cost=3745.20..3745.21 rows=1 width=8)
	  ->  Bitmap Heap Scan on sbtest2  (cost=34.33..3742.78 rows=965 width=4)
	        Recheck Cond: ((id >= 9995937) AND (id <= 9996936))
	        ->  Bitmap Index Scan on sbtest2_pkey  (cost=0.00..34.09 rows=965 width=0)
	              Index Cond: ((id >= 9995937) AND (id <= 9996936))

table 3 : explain SELECT SUM(k) FROM sbtest3 WHERE id BETWEEN 7274930 AND 7275929
	Aggregate  (cost=3671.34..3671.35 rows=1 width=8)
	  ->  Bitmap Heap Scan on sbtest3  (cost=34.11..3668.98 rows=944 width=4)
	        Recheck Cond: ((id >= 7274930) AND (id <= 7275929))
	        ->  Bitmap Index Scan on sbtest3_pkey  (cost=0.00..33.88 rows=944 width=0)
	              Index Cond: ((id >= 7274930) AND (id <= 7275929))

table 4 : explain SELECT SUM(k) FROM sbtest4 WHERE id BETWEEN 9868134 AND 9869133
	Aggregate  (cost=3516.00..3516.01 rows=1 width=8)
	  ->  Bitmap Heap Scan on sbtest4  (cost=29.70..3513.74 rows=904 width=4)
	        Recheck Cond: ((id >= 9868134) AND (id <= 9869133))
	        ->  Bitmap Index Scan on sbtest4_pkey  (cost=0.00..29.47 rows=904 width=0)
	              Index Cond: ((id >= 9868134) AND (id <= 9869133))

table 5 : explain SELECT SUM(k) FROM sbtest5 WHERE id BETWEEN 2355157 AND 2356156
	Aggregate  (cost=3826.47..3826.48 rows=1 width=8)
	  ->  Bitmap Heap Scan on sbtest5  (cost=34.53..3824.00 rows=985 width=4)
	        Recheck Cond: ((id >= 2355157) AND (id <= 2356156))
	        ->  Bitmap Index Scan on sbtest5_pkey  (cost=0.00..34.29 rows=985 width=0)
	              Index Cond: ((id >= 2355157) AND (id <= 2356156))

table 6 : explain SELECT SUM(k) FROM sbtest6 WHERE id BETWEEN 1311039 AND 1312038
	Aggregate  (cost=3978.03..3978.04 rows=1 width=8)
	  ->  Bitmap Heap Scan on sbtest6  (cost=34.95..3975.46 rows=1026 width=4)
	        Recheck Cond: ((id >= 1311039) AND (id <= 1312038))
	        ->  Bitmap Index Scan on sbtest6_pkey  (cost=0.00..34.70 rows=1026 width=0)
	              Index Cond: ((id >= 1311039) AND (id <= 1312038))

table 7 : explain SELECT SUM(k) FROM sbtest7 WHERE id BETWEEN 8733211 AND 8734210
	Aggregate  (cost=3606.09..3606.10 rows=1 width=8)
	  ->  Bitmap Heap Scan on sbtest7  (cost=33.94..3603.77 rows=927 width=4)
	        Recheck Cond: ((id >= 8733211) AND (id <= 8734210))
	        ->  Bitmap Index Scan on sbtest7_pkey  (cost=0.00..33.70 rows=927 width=0)
	              Index Cond: ((id >= 8733211) AND (id <= 8734210))

table 8 : explain SELECT SUM(k) FROM sbtest8 WHERE id BETWEEN 359279 AND 360278
	Aggregate  (cost=3640.71..3640.72 rows=1 width=8)
	  ->  Bitmap Heap Scan on sbtest8  (cost=34.04..3638.36 rows=937 width=4)
	        Recheck Cond: ((id >= 359279) AND (id <= 360278))
	        ->  Bitmap Index Scan on sbtest8_pkey  (cost=0.00..33.81 rows=937 width=0)
	              Index Cond: ((id >= 359279) AND (id <= 360278))

for: simple_ranges
table 1 : explain SELECT c FROM sbtest1 WHERE id BETWEEN 9197469 AND 9198468
	Bitmap Heap Scan on sbtest1  (cost=34.28..3727.13 rows=960 width=121)
	  Recheck Cond: ((id >= 9197469) AND (id <= 9198468))
	  ->  Bitmap Index Scan on sbtest1_pkey  (cost=0.00..34.04 rows=960 width=0)
	        Index Cond: ((id >= 9197469) AND (id <= 9198468))

table 2 : explain SELECT c FROM sbtest2 WHERE id BETWEEN 5375910 AND 5376909
	Bitmap Heap Scan on sbtest2  (cost=34.08..3652.19 rows=941 width=121)
	  Recheck Cond: ((id >= 5375910) AND (id <= 5376909))
	  ->  Bitmap Index Scan on sbtest2_pkey  (cost=0.00..33.84 rows=941 width=0)
	        Index Cond: ((id >= 5375910) AND (id <= 5376909))

table 3 : explain SELECT c FROM sbtest3 WHERE id BETWEEN 8724940 AND 8725939
	Bitmap Heap Scan on sbtest3  (cost=34.65..3869.39 rows=997 width=121)
	  Recheck Cond: ((id >= 8724940) AND (id <= 8725939))
	  ->  Bitmap Index Scan on sbtest3_pkey  (cost=0.00..34.41 rows=997 width=0)
	        Index Cond: ((id >= 8724940) AND (id <= 8725939))

table 4 : explain SELECT c FROM sbtest4 WHERE id BETWEEN 4997373 AND 4998372
	Bitmap Heap Scan on sbtest4  (cost=34.59..3847.00 rows=991 width=121)
	  Recheck Cond: ((id >= 4997373) AND (id <= 4998372))
	  ->  Bitmap Index Scan on sbtest4_pkey  (cost=0.00..34.34 rows=991 width=0)
	        Index Cond: ((id >= 4997373) AND (id <= 4998372))

table 5 : explain SELECT c FROM sbtest5 WHERE id BETWEEN 6581447 AND 6582446
	Bitmap Heap Scan on sbtest5  (cost=34.19..3699.22 rows=952 width=121)
	  Recheck Cond: ((id >= 6581447) AND (id <= 6582446))
	  ->  Bitmap Index Scan on sbtest5_pkey  (cost=0.00..33.95 rows=952 width=0)
	        Index Cond: ((id >= 6581447) AND (id <= 6582446))

table 6 : explain SELECT c FROM sbtest6 WHERE id BETWEEN 170131 AND 171130
	Bitmap Heap Scan on sbtest6  (cost=34.05..3643.27 rows=938 width=121)
	  Recheck Cond: ((id >= 170131) AND (id <= 171130))
	  ->  Bitmap Index Scan on sbtest6_pkey  (cost=0.00..33.82 rows=938 width=0)
	        Index Cond: ((id >= 170131) AND (id <= 171130))

table 7 : explain SELECT c FROM sbtest7 WHERE id BETWEEN 7797102 AND 7798101
	Bitmap Heap Scan on sbtest7  (cost=33.83..3565.91 rows=917 width=121)
	  Recheck Cond: ((id >= 7797102) AND (id <= 7798101))
	  ->  Bitmap Index Scan on sbtest7_pkey  (cost=0.00..33.61 rows=917 width=0)
	        Index Cond: ((id >= 7797102) AND (id <= 7798101))

table 8 : explain SELECT c FROM sbtest8 WHERE id BETWEEN 1339696 AND 1340695
	Bitmap Heap Scan on sbtest8  (cost=34.45..3789.42 rows=977 width=121)
	  Recheck Cond: ((id >= 1339696) AND (id <= 1340695))
	  ->  Bitmap Index Scan on sbtest8_pkey  (cost=0.00..34.20 rows=977 width=0)
	        Index Cond: ((id >= 1339696) AND (id <= 1340695))

for: sum_ranges
table 1 : explain SELECT SUM(k) FROM sbtest1 WHERE id BETWEEN 8295544 AND 8296543
	Aggregate  (cost=3895.78..3895.79 rows=1 width=8)
	  ->  Bitmap Heap Scan on sbtest1  (cost=34.73..3893.27 rows=1004 width=4)
	        Recheck Cond: ((id >= 8295544) AND (id <= 8296543))
	        ->  Bitmap Index Scan on sbtest1_pkey  (cost=0.00..34.48 rows=1004 width=0)
	              Index Cond: ((id >= 8295544) AND (id <= 8296543))

table 2 : explain SELECT SUM(k) FROM sbtest2 WHERE id BETWEEN 6211076 AND 6212075
	Aggregate  (cost=3609.19..3609.20 rows=1 width=8)
	  ->  Bitmap Heap Scan on sbtest2  (cost=33.96..3606.87 rows=929 width=4)
	        Recheck Cond: ((id >= 6211076) AND (id <= 6212075))
	        ->  Bitmap Index Scan on sbtest2_pkey  (cost=0.00..33.73 rows=929 width=0)
	              Index Cond: ((id >= 6211076) AND (id <= 6212075))

table 3 : explain SELECT SUM(k) FROM sbtest3 WHERE id BETWEEN 7025204 AND 7026203
	Aggregate  (cost=3470.24..3470.25 rows=1 width=8)
	  ->  Bitmap Heap Scan on sbtest3  (cost=29.58..3468.01 rows=892 width=4)
	        Recheck Cond: ((id >= 7025204) AND (id <= 7026203))
	        ->  Bitmap Index Scan on sbtest3_pkey  (cost=0.00..29.36 rows=892 width=0)
	              Index Cond: ((id >= 7025204) AND (id <= 7026203))

table 4 : explain SELECT SUM(k) FROM sbtest4 WHERE id BETWEEN 2753692 AND 2754691
	Aggregate  (cost=3811.66..3811.67 rows=1 width=8)
	  ->  Bitmap Heap Scan on sbtest4  (cost=34.49..3809.21 rows=981 width=4)
	        Recheck Cond: ((id >= 2753692) AND (id <= 2754691))
	        ->  Bitmap Index Scan on sbtest4_pkey  (cost=0.00..34.25 rows=981 width=0)
	              Index Cond: ((id >= 2753692) AND (id <= 2754691))

table 5 : explain SELECT SUM(k) FROM sbtest5 WHERE id BETWEEN 1184024 AND 1185023
	Aggregate  (cost=3996.53..3996.54 rows=1 width=8)
	  ->  Bitmap Heap Scan on sbtest5  (cost=34.99..3993.95 rows=1030 width=4)
	        Recheck Cond: ((id >= 1184024) AND (id <= 1185023))
	        ->  Bitmap Index Scan on sbtest5_pkey  (cost=0.00..34.73 rows=1030 width=0)
	              Index Cond: ((id >= 1184024) AND (id <= 1185023))

table 6 : explain SELECT SUM(k) FROM sbtest6 WHERE id BETWEEN 7127080 AND 7128079
	Aggregate  (cost=4098.66..4098.67 rows=1 width=8)
	  ->  Bitmap Heap Scan on sbtest6  (cost=35.28..4096.02 rows=1058 width=4)
	        Recheck Cond: ((id >= 7127080) AND (id <= 7128079))
	        ->  Bitmap Index Scan on sbtest6_pkey  (cost=0.00..35.02 rows=1058 width=0)
	              Index Cond: ((id >= 7127080) AND (id <= 7128079))

table 7 : explain SELECT SUM(k) FROM sbtest7 WHERE id BETWEEN 9532717 AND 9533716
	Aggregate  (cost=4169.08..4169.09 rows=1 width=8)
	  ->  Bitmap Heap Scan on sbtest7  (cost=35.46..4166.39 rows=1076 width=4)
	        Recheck Cond: ((id >= 9532717) AND (id <= 9533716))
	        ->  Bitmap Index Scan on sbtest7_pkey  (cost=0.00..35.20 rows=1076 width=0)
	              Index Cond: ((id >= 9532717) AND (id <= 9533716))

table 8 : explain SELECT SUM(k) FROM sbtest8 WHERE id BETWEEN 2857221 AND 2858220
	Aggregate  (cost=3704.97..3704.98 rows=1 width=8)
	  ->  Bitmap Heap Scan on sbtest8  (cost=34.21..3702.59 rows=954 width=4)
	        Recheck Cond: ((id >= 2857221) AND (id <= 2858220))
	        ->  Bitmap Index Scan on sbtest8_pkey  (cost=0.00..33.98 rows=954 width=0)
	              Index Cond: ((id >= 2857221) AND (id <= 2858220))

explain: for point_selects :: explain SELECT c FROM sbtest%u WHERE id=%u
for: distinct_ranges
table 1 : explain SELECT DISTINCT c FROM sbtest1 WHERE id BETWEEN 6234523 AND 6235522 ORDER BY c
	Unique  (cost=3866.70..3871.62 rows=984 width=121)
	  ->  Sort  (cost=3866.70..3869.16 rows=984 width=121)
	        Sort Key: c
	        ->  Bitmap Heap Scan on sbtest1  (cost=34.52..3817.78 rows=984 width=121)
	              Recheck Cond: ((id >= 6234523) AND (id <= 6235522))
	              ->  Bitmap Index Scan on sbtest1_pkey  (cost=0.00..34.28 rows=984 width=0)
	                    Index Cond: ((id >= 6234523) AND (id <= 6235522))

table 2 : explain SELECT DISTINCT c FROM sbtest2 WHERE id BETWEEN 7119367 AND 7120366 ORDER BY c
	Unique  (cost=4031.66..4036.80 rows=1028 width=121)
	  ->  Sort  (cost=4031.66..4034.23 rows=1028 width=121)
	        Sort Key: c
	        ->  Bitmap Heap Scan on sbtest2  (cost=34.97..3980.24 rows=1028 width=121)
	              Recheck Cond: ((id >= 7119367) AND (id <= 7120366))
	              ->  Bitmap Index Scan on sbtest2_pkey  (cost=0.00..34.72 rows=1028 width=0)
	                    Index Cond: ((id >= 7119367) AND (id <= 7120366))

table 3 : explain SELECT DISTINCT c FROM sbtest3 WHERE id BETWEEN 7780809 AND 7781808 ORDER BY c
	Unique  (cost=4160.41..4165.71 rows=1060 width=121)
	  ->  Sort  (cost=4160.41..4163.06 rows=1060 width=121)
	        Sort Key: c
	        ->  Bitmap Heap Scan on sbtest3  (cost=35.30..4107.15 rows=1060 width=121)
	              Recheck Cond: ((id >= 7780809) AND (id <= 7781808))
	              ->  Bitmap Index Scan on sbtest3_pkey  (cost=0.00..35.04 rows=1060 width=0)
	                    Index Cond: ((id >= 7780809) AND (id <= 7781808))

table 4 : explain SELECT DISTINCT c FROM sbtest4 WHERE id BETWEEN 4404683 AND 4405682 ORDER BY c
	Unique  (cost=3823.41..3828.27 rows=972 width=121)
	  ->  Sort  (cost=3823.41..3825.84 rows=972 width=121)
	        Sort Key: c
	        ->  Bitmap Heap Scan on sbtest4  (cost=34.40..3775.18 rows=972 width=121)
	              Recheck Cond: ((id >= 4404683) AND (id <= 4405682))
	              ->  Bitmap Index Scan on sbtest4_pkey  (cost=0.00..34.16 rows=972 width=0)
	                    Index Cond: ((id >= 4404683) AND (id <= 4405682))

table 5 : explain SELECT DISTINCT c FROM sbtest5 WHERE id BETWEEN 6474306 AND 6475305 ORDER BY c
	Unique  (cost=3895.99..3900.95 rows=991 width=121)
	  ->  Sort  (cost=3895.99..3898.47 rows=991 width=121)
	        Sort Key: c
	        ->  Bitmap Heap Scan on sbtest5  (cost=34.59..3846.68 rows=991 width=121)
	              Recheck Cond: ((id >= 6474306) AND (id <= 6475305))
	              ->  Bitmap Index Scan on sbtest5_pkey  (cost=0.00..34.34 rows=991 width=0)
	                    Index Cond: ((id >= 6474306) AND (id <= 6475305))

table 6 : explain SELECT DISTINCT c FROM sbtest6 WHERE id BETWEEN 3939993 AND 3940992 ORDER BY c
	Unique  (cost=3973.19..3978.25 rows=1012 width=121)
	  ->  Sort  (cost=3973.19..3975.72 rows=1012 width=121)
	        Sort Key: c
	        ->  Bitmap Heap Scan on sbtest6  (cost=34.81..3922.68 rows=1012 width=121)
	              Recheck Cond: ((id >= 3939993) AND (id <= 3940992))
	              ->  Bitmap Index Scan on sbtest6_pkey  (cost=0.00..34.56 rows=1012 width=0)
	                    Index Cond: ((id >= 3939993) AND (id <= 3940992))

table 7 : explain SELECT DISTINCT c FROM sbtest7 WHERE id BETWEEN 704967 AND 705966 ORDER BY c
	Unique  (cost=4251.17..4256.59 rows=1084 width=121)
	  ->  Sort  (cost=4251.17..4253.88 rows=1084 width=121)
	        Sort Key: c
	        ->  Bitmap Heap Scan on sbtest7  (cost=35.55..4196.52 rows=1084 width=121)
	              Recheck Cond: ((id >= 704967) AND (id <= 705966))
	              ->  Bitmap Index Scan on sbtest7_pkey  (cost=0.00..35.28 rows=1084 width=0)
	                    Index Cond: ((id >= 704967) AND (id <= 705966))

table 8 : explain SELECT DISTINCT c FROM sbtest8 WHERE id BETWEEN 5817129 AND 5818128 ORDER BY c
	Unique  (cost=4052.26..4057.42 rows=1033 width=121)
	  ->  Sort  (cost=4052.26..4054.84 rows=1033 width=121)
	        Sort Key: c
	        ->  Bitmap Heap Scan on sbtest8  (cost=35.02..4000.54 rows=1033 width=121)
	              Recheck Cond: ((id >= 5817129) AND (id <= 5818128))
	              ->  Bitmap Index Scan on sbtest8_pkey  (cost=0.00..34.77 rows=1033 width=0)
	                    Index Cond: ((id >= 5817129) AND (id <= 5818128))

for: order_ranges
table 1 : explain SELECT c FROM sbtest1 WHERE id BETWEEN 3958218 AND 3959217 ORDER BY c
	Sort  (cost=3617.32..3619.62 rows=919 width=121)
	  Sort Key: c
	  ->  Bitmap Heap Scan on sbtest1  (cost=33.85..3572.09 rows=919 width=121)
	        Recheck Cond: ((id >= 3958218) AND (id <= 3959217))
	        ->  Bitmap Index Scan on sbtest1_pkey  (cost=0.00..33.62 rows=919 width=0)
	              Index Cond: ((id >= 3958218) AND (id <= 3959217))

table 2 : explain SELECT c FROM sbtest2 WHERE id BETWEEN 3386830 AND 3387829 ORDER BY c
	Sort  (cost=3702.50..3704.85 rows=942 width=121)
	  Sort Key: c
	  ->  Bitmap Heap Scan on sbtest2  (cost=34.09..3655.97 rows=942 width=121)
	        Recheck Cond: ((id >= 3386830) AND (id <= 3387829))
	        ->  Bitmap Index Scan on sbtest2_pkey  (cost=0.00..33.86 rows=942 width=0)
	              Index Cond: ((id >= 3386830) AND (id <= 3387829))

table 3 : explain SELECT c FROM sbtest3 WHERE id BETWEEN 5750548 AND 5751547 ORDER BY c
	Sort  (cost=4302.14..4304.88 rows=1096 width=121)
	  Sort Key: c
	  ->  Bitmap Heap Scan on sbtest3  (cost=39.67..4246.80 rows=1096 width=121)
	        Recheck Cond: ((id >= 5750548) AND (id <= 5751547))
	        ->  Bitmap Index Scan on sbtest3_pkey  (cost=0.00..39.40 rows=1096 width=0)
	              Index Cond: ((id >= 5750548) AND (id <= 5751547))

table 4 : explain SELECT c FROM sbtest4 WHERE id BETWEEN 8074315 AND 8075314 ORDER BY c
	Sort  (cost=3857.95..3860.41 rows=981 width=121)
	  Sort Key: c
	  ->  Bitmap Heap Scan on sbtest4  (cost=34.49..3809.21 rows=981 width=121)
	        Recheck Cond: ((id >= 8074315) AND (id <= 8075314))
	        ->  Bitmap Index Scan on sbtest4_pkey  (cost=0.00..34.25 rows=981 width=0)
	              Index Cond: ((id >= 8074315) AND (id <= 8075314))

table 5 : explain SELECT c FROM sbtest5 WHERE id BETWEEN 9466111 AND 9467110 ORDER BY c
	Sort  (cost=3849.96..3852.41 rows=979 width=121)
	  Sort Key: c
	  ->  Bitmap Heap Scan on sbtest5  (cost=34.47..3801.33 rows=979 width=121)
	        Recheck Cond: ((id >= 9466111) AND (id <= 9467110))
	        ->  Bitmap Index Scan on sbtest5_pkey  (cost=0.00..34.23 rows=979 width=0)
	              Index Cond: ((id >= 9466111) AND (id <= 9467110))

table 6 : explain SELECT c FROM sbtest6 WHERE id BETWEEN 5730886 AND 5731885 ORDER BY c
	Sort  (cost=3612.81..3615.10 rows=918 width=121)
	  Sort Key: c
	  ->  Bitmap Heap Scan on sbtest6  (cost=33.84..3567.63 rows=918 width=121)
	        Recheck Cond: ((id >= 5730886) AND (id <= 5731885))
	        ->  Bitmap Index Scan on sbtest6_pkey  (cost=0.00..33.62 rows=918 width=0)
	              Index Cond: ((id >= 5730886) AND (id <= 5731885))

table 7 : explain SELECT c FROM sbtest7 WHERE id BETWEEN 3662266 AND 3663265 ORDER BY c
	Sort  (cost=3929.59..3932.09 rows=1000 width=121)
	  Sort Key: c
	  ->  Bitmap Heap Scan on sbtest7  (cost=34.69..3879.76 rows=1000 width=121)
	        Recheck Cond: ((id >= 3662266) AND (id <= 3663265))
	        ->  Bitmap Index Scan on sbtest7_pkey  (cost=0.00..34.44 rows=1000 width=0)
	              Index Cond: ((id >= 3662266) AND (id <= 3663265))

table 8 : explain SELECT c FROM sbtest8 WHERE id BETWEEN 160112 AND 161111 ORDER BY c
	Sort  (cost=4113.42..4116.04 rows=1049 width=121)
	  Sort Key: c
	  ->  Bitmap Heap Scan on sbtest8  (cost=35.19..4060.79 rows=1049 width=121)
	        Recheck Cond: ((id >= 160112) AND (id <= 161111))
	        ->  Bitmap Index Scan on sbtest8_pkey  (cost=0.00..34.93 rows=1049 width=0)
	              Index Cond: ((id >= 160112) AND (id <= 161111))

for: simple_ranges
table 1 : explain SELECT c FROM sbtest1 WHERE id BETWEEN 3750677 AND 3751676
	Bitmap Heap Scan on sbtest1  (cost=35.22..4074.24 rows=1052 width=121)
	  Recheck Cond: ((id >= 3750677) AND (id <= 3751676))
	  ->  Bitmap Index Scan on sbtest1_pkey  (cost=0.00..34.95 rows=1052 width=0)
	        Index Cond: ((id >= 3750677) AND (id <= 3751676))

table 2 : explain SELECT c FROM sbtest2 WHERE id BETWEEN 9528504 AND 9529503
	Bitmap Heap Scan on sbtest2  (cost=35.59..4205.91 rows=1088 width=121)
	  Recheck Cond: ((id >= 9528504) AND (id <= 9529503))
	  ->  Bitmap Index Scan on sbtest2_pkey  (cost=0.00..35.32 rows=1088 width=0)
	        Index Cond: ((id >= 9528504) AND (id <= 9529503))

table 3 : explain SELECT c FROM sbtest3 WHERE id BETWEEN 5859448 AND 5860447
	Bitmap Heap Scan on sbtest3  (cost=34.70..3884.50 rows=1001 width=121)
	  Recheck Cond: ((id >= 5859448) AND (id <= 5860447))
	  ->  Bitmap Index Scan on sbtest3_pkey  (cost=0.00..34.45 rows=1001 width=0)
	        Index Cond: ((id >= 5859448) AND (id <= 5860447))

table 4 : explain SELECT c FROM sbtest4 WHERE id BETWEEN 941419 AND 942418
	Bitmap Heap Scan on sbtest4  (cost=34.17..3691.95 rows=950 width=121)
	  Recheck Cond: ((id >= 941419) AND (id <= 942418))
	  ->  Bitmap Index Scan on sbtest4_pkey  (cost=0.00..33.94 rows=950 width=0)
	        Index Cond: ((id >= 941419) AND (id <= 942418))

table 5 : explain SELECT c FROM sbtest5 WHERE id BETWEEN 5195055 AND 5196054
	Bitmap Heap Scan on sbtest5  (cost=40.71..4626.54 rows=1198 width=121)
	  Recheck Cond: ((id >= 5195055) AND (id <= 5196054))
	  ->  Bitmap Index Scan on sbtest5_pkey  (cost=0.00..40.42 rows=1198 width=0)
	        Index Cond: ((id >= 5195055) AND (id <= 5196054))

table 6 : explain SELECT c FROM sbtest6 WHERE id BETWEEN 5004348 AND 5005347
	Bitmap Heap Scan on sbtest6  (cost=34.16..3684.85 rows=949 width=121)
	  Recheck Cond: ((id >= 5004348) AND (id <= 5005347))
	  ->  Bitmap Index Scan on sbtest6_pkey  (cost=0.00..33.93 rows=949 width=0)
	        Index Cond: ((id >= 5004348) AND (id <= 5005347))

table 7 : explain SELECT c FROM sbtest7 WHERE id BETWEEN 76427 AND 77426
	Bitmap Heap Scan on sbtest7  (cost=35.05..4015.62 rows=1036 width=121)
	  Recheck Cond: ((id >= 76427) AND (id <= 77426))
	  ->  Bitmap Index Scan on sbtest7_pkey  (cost=0.00..34.80 rows=1036 width=0)
	        Index Cond: ((id >= 76427) AND (id <= 77426))

table 8 : explain SELECT c FROM sbtest8 WHERE id BETWEEN 2054589 AND 2055588
	Bitmap Heap Scan on sbtest8  (cost=34.82..3925.18 rows=1013 width=121)
	  Recheck Cond: ((id >= 2054589) AND (id <= 2055588))
	  ->  Bitmap Index Scan on sbtest8_pkey  (cost=0.00..34.57 rows=1013 width=0)
	        Index Cond: ((id >= 2054589) AND (id <= 2055588))

for: order_ranges
table 1 : explain SELECT c FROM sbtest1 WHERE id BETWEEN 3867496 AND 3868495 ORDER BY c
	Sort  (cost=4100.27..4102.88 rows=1045 width=121)
	  Sort Key: c
	  ->  Bitmap Heap Scan on sbtest1  (cost=35.15..4047.87 rows=1045 width=121)
	        Recheck Cond: ((id >= 3867496) AND (id <= 3868495))
	        ->  Bitmap Index Scan on sbtest1_pkey  (cost=0.00..34.89 rows=1045 width=0)
	              Index Cond: ((id >= 3867496) AND (id <= 3868495))

table 2 : explain SELECT c FROM sbtest2 WHERE id BETWEEN 5978152 AND 5979151 ORDER BY c
	Sort  (cost=3882.50..3884.98 rows=989 width=121)
	  Sort Key: c
	  ->  Bitmap Heap Scan on sbtest2  (cost=34.57..3833.30 rows=989 width=121)
	        Recheck Cond: ((id >= 5978152) AND (id <= 5979151))
	        ->  Bitmap Index Scan on sbtest2_pkey  (cost=0.00..34.33 rows=989 width=0)
	              Index Cond: ((id >= 5978152) AND (id <= 5979151))

table 3 : explain SELECT c FROM sbtest3 WHERE id BETWEEN 5147343 AND 5148342 ORDER BY c
	Sort  (cost=3654.15..3656.47 rows=928 width=121)
	  Sort Key: c
	  ->  Bitmap Heap Scan on sbtest3  (cost=33.95..3608.41 rows=928 width=121)
	        Recheck Cond: ((id >= 5147343) AND (id <= 5148342))
	        ->  Bitmap Index Scan on sbtest3_pkey  (cost=0.00..33.72 rows=928 width=0)
	              Index Cond: ((id >= 5147343) AND (id <= 5148342))

table 4 : explain SELECT c FROM sbtest4 WHERE id BETWEEN 5148186 AND 5149185 ORDER BY c
	Sort  (cost=3942.34..3944.85 rows=1003 width=121)
	  Sort Key: c
	  ->  Bitmap Heap Scan on sbtest4  (cost=34.72..3892.34 rows=1003 width=121)
	        Recheck Cond: ((id >= 5148186) AND (id <= 5149185))
	        ->  Bitmap Index Scan on sbtest4_pkey  (cost=0.00..34.47 rows=1003 width=0)
	              Index Cond: ((id >= 5148186) AND (id <= 5149185))

table 5 : explain SELECT c FROM sbtest5 WHERE id BETWEEN 727606 AND 728605 ORDER BY c
	Sort  (cost=3922.84..3925.34 rows=998 width=121)
	  Sort Key: c
	  ->  Bitmap Heap Scan on sbtest5  (cost=34.66..3873.13 rows=998 width=121)
	        Recheck Cond: ((id >= 727606) AND (id <= 728605))
	        ->  Bitmap Index Scan on sbtest5_pkey  (cost=0.00..34.42 rows=998 width=0)
	              Index Cond: ((id >= 727606) AND (id <= 728605))

table 6 : explain SELECT c FROM sbtest6 WHERE id BETWEEN 6006094 AND 6007093 ORDER BY c
	Sort  (cost=3808.47..3810.89 rows=969 width=121)
	  Sort Key: c
	  ->  Bitmap Heap Scan on sbtest6  (cost=34.37..3760.40 rows=969 width=121)
	        Recheck Cond: ((id >= 6006094) AND (id <= 6007093))
	        ->  Bitmap Index Scan on sbtest6_pkey  (cost=0.00..34.12 rows=969 width=0)
	              Index Cond: ((id >= 6006094) AND (id <= 6007093))

table 7 : explain SELECT c FROM sbtest7 WHERE id BETWEEN 8682252 AND 8683251 ORDER BY c
	Sort  (cost=3868.25..3870.71 rows=984 width=121)
	  Sort Key: c
	  ->  Bitmap Heap Scan on sbtest7  (cost=34.52..3819.33 rows=984 width=121)
	        Recheck Cond: ((id >= 8682252) AND (id <= 8683251))
	        ->  Bitmap Index Scan on sbtest7_pkey  (cost=0.00..34.28 rows=984 width=0)
	              Index Cond: ((id >= 8682252) AND (id <= 8683251))

table 8 : explain SELECT c FROM sbtest8 WHERE id BETWEEN 8106148 AND 8107147 ORDER BY c
	Sort  (cost=3868.57..3871.04 rows=985 width=121)
	  Sort Key: c
	  ->  Bitmap Heap Scan on sbtest8  (cost=34.53..3819.60 rows=985 width=121)
	        Recheck Cond: ((id >= 8106148) AND (id <= 8107147))
	        ->  Bitmap Index Scan on sbtest8_pkey  (cost=0.00..34.29 rows=985 width=0)
	              Index Cond: ((id >= 8106148) AND (id <= 8107147))

for: order_ranges
table 1 : explain SELECT c FROM sbtest1 WHERE id BETWEEN 7699489 AND 7700488 ORDER BY c
	Sort  (cost=4012.25..4014.81 rows=1022 width=121)
	  Sort Key: c
	  ->  Bitmap Heap Scan on sbtest1  (cost=34.91..3961.17 rows=1022 width=121)
	        Recheck Cond: ((id >= 7699489) AND (id <= 7700488))
	        ->  Bitmap Index Scan on sbtest1_pkey  (cost=0.00..34.66 rows=1022 width=0)
	              Index Cond: ((id >= 7699489) AND (id <= 7700488))

table 2 : explain SELECT c FROM sbtest2 WHERE id BETWEEN 3050232 AND 3051231 ORDER BY c
	Sort  (cost=4024.02..4026.58 rows=1026 width=121)
	  Sort Key: c
	  ->  Bitmap Heap Scan on sbtest2  (cost=34.95..3972.71 rows=1026 width=121)
	        Recheck Cond: ((id >= 3050232) AND (id <= 3051231))
	        ->  Bitmap Index Scan on sbtest2_pkey  (cost=0.00..34.70 rows=1026 width=0)
	              Index Cond: ((id >= 3050232) AND (id <= 3051231))

table 3 : explain SELECT c FROM sbtest3 WHERE id BETWEEN 5985501 AND 5986500 ORDER BY c
	Sort  (cost=3873.02..3875.48 rows=985 width=121)
	  Sort Key: c
	  ->  Bitmap Heap Scan on sbtest3  (cost=34.53..3824.04 rows=985 width=121)
	        Recheck Cond: ((id >= 5985501) AND (id <= 5986500))
	        ->  Bitmap Index Scan on sbtest3_pkey  (cost=0.00..34.29 rows=985 width=0)
	              Index Cond: ((id >= 5985501) AND (id <= 5986500))

table 4 : explain SELECT c FROM sbtest4 WHERE id BETWEEN 2878653 AND 2879652 ORDER BY c
	Sort  (cost=3919.33..3921.83 rows=997 width=121)
	  Sort Key: c
	  ->  Bitmap Heap Scan on sbtest4  (cost=34.65..3869.68 rows=997 width=121)
	        Recheck Cond: ((id >= 2878653) AND (id <= 2879652))
	        ->  Bitmap Index Scan on sbtest4_pkey  (cost=0.00..34.41 rows=997 width=0)
	              Index Cond: ((id >= 2878653) AND (id <= 2879652))

table 5 : explain SELECT c FROM sbtest5 WHERE id BETWEEN 6301606 AND 6302605 ORDER BY c
	Sort  (cost=3684.86..3687.20 rows=936 width=121)
	  Sort Key: c
	  ->  Bitmap Heap Scan on sbtest5  (cost=34.03..3638.66 rows=936 width=121)
	        Recheck Cond: ((id >= 6301606) AND (id <= 6302605))
	        ->  Bitmap Index Scan on sbtest5_pkey  (cost=0.00..33.80 rows=936 width=0)
	              Index Cond: ((id >= 6301606) AND (id <= 6302605))

table 6 : explain SELECT c FROM sbtest6 WHERE id BETWEEN 8910931 AND 8911930 ORDER BY c
	Sort  (cost=3911.93..3914.42 rows=996 width=121)
	  Sort Key: c
	  ->  Bitmap Heap Scan on sbtest6  (cost=34.64..3862.32 rows=996 width=121)
	        Recheck Cond: ((id >= 8910931) AND (id <= 8911930))
	        ->  Bitmap Index Scan on sbtest6_pkey  (cost=0.00..34.40 rows=996 width=0)
	              Index Cond: ((id >= 8910931) AND (id <= 8911930))

table 7 : explain SELECT c FROM sbtest7 WHERE id BETWEEN 4298421 AND 4299420 ORDER BY c
	Sort  (cost=3653.30..3655.62 rows=928 width=121)
	  Sort Key: c
	  ->  Bitmap Heap Scan on sbtest7  (cost=33.95..3607.56 rows=928 width=121)
	        Recheck Cond: ((id >= 4298421) AND (id <= 4299420))
	        ->  Bitmap Index Scan on sbtest7_pkey  (cost=0.00..33.72 rows=928 width=0)
	              Index Cond: ((id >= 4298421) AND (id <= 4299420))

table 8 : explain SELECT c FROM sbtest8 WHERE id BETWEEN 9287766 AND 9288765 ORDER BY c
	Sort  (cost=4010.19..4012.74 rows=1022 width=121)
	  Sort Key: c
	  ->  Bitmap Heap Scan on sbtest8  (cost=34.91..3959.10 rows=1022 width=121)
	        Recheck Cond: ((id >= 9287766) AND (id <= 9288765))
	        ->  Bitmap Index Scan on sbtest8_pkey  (cost=0.00..34.66 rows=1022 width=0)
	              Index Cond: ((id >= 9287766) AND (id <= 9288765))

for: order_ranges
table 1 : explain SELECT c FROM sbtest1 WHERE id BETWEEN 2506589 AND 2507588 ORDER BY c
	Sort  (cost=3885.86..3888.33 rows=989 width=121)
	  Sort Key: c
	  ->  Bitmap Heap Scan on sbtest1  (cost=34.57..3836.66 rows=989 width=121)
	        Recheck Cond: ((id >= 2506589) AND (id <= 2507588))
	        ->  Bitmap Index Scan on sbtest1_pkey  (cost=0.00..34.33 rows=989 width=0)
	              Index Cond: ((id >= 2506589) AND (id <= 2507588))

table 2 : explain SELECT c FROM sbtest2 WHERE id BETWEEN 6658465 AND 6659464 ORDER BY c
	Sort  (cost=4260.79..4263.51 rows=1088 width=121)
	  Sort Key: c
	  ->  Bitmap Heap Scan on sbtest2  (cost=35.59..4205.91 rows=1088 width=121)
	        Recheck Cond: ((id >= 6658465) AND (id <= 6659464))
	        ->  Bitmap Index Scan on sbtest2_pkey  (cost=0.00..35.32 rows=1088 width=0)
	              Index Cond: ((id >= 6658465) AND (id <= 6659464))

table 3 : explain SELECT c FROM sbtest3 WHERE id BETWEEN 6263917 AND 6264916 ORDER BY c
	Sort  (cost=4302.14..4304.88 rows=1096 width=121)
	  Sort Key: c
	  ->  Bitmap Heap Scan on sbtest3  (cost=39.67..4246.80 rows=1096 width=121)
	        Recheck Cond: ((id >= 6263917) AND (id <= 6264916))
	        ->  Bitmap Index Scan on sbtest3_pkey  (cost=0.00..39.40 rows=1096 width=0)
	              Index Cond: ((id >= 6263917) AND (id <= 6264916))

table 4 : explain SELECT c FROM sbtest4 WHERE id BETWEEN 4686438 AND 4687437 ORDER BY c
	Sort  (cost=3884.81..3887.28 rows=988 width=121)
	  Sort Key: c
	  ->  Bitmap Heap Scan on sbtest4  (cost=34.56..3835.67 rows=988 width=121)
	        Recheck Cond: ((id >= 4686438) AND (id <= 4687437))
	        ->  Bitmap Index Scan on sbtest4_pkey  (cost=0.00..34.32 rows=988 width=0)
	              Index Cond: ((id >= 4686438) AND (id <= 4687437))

table 5 : explain SELECT c FROM sbtest5 WHERE id BETWEEN 9472909 AND 9473908 ORDER BY c
	Sort  (cost=3849.96..3852.41 rows=979 width=121)
	  Sort Key: c
	  ->  Bitmap Heap Scan on sbtest5  (cost=34.47..3801.33 rows=979 width=121)
	        Recheck Cond: ((id >= 9472909) AND (id <= 9473908))
	        ->  Bitmap Index Scan on sbtest5_pkey  (cost=0.00..34.23 rows=979 width=0)
	              Index Cond: ((id >= 9472909) AND (id <= 9473908))

table 6 : explain SELECT c FROM sbtest6 WHERE id BETWEEN 7851499 AND 7852498 ORDER BY c
	Sort  (cost=3973.19..3975.72 rows=1012 width=121)
	  Sort Key: c
	  ->  Bitmap Heap Scan on sbtest6  (cost=34.81..3922.68 rows=1012 width=121)
	        Recheck Cond: ((id >= 7851499) AND (id <= 7852498))
	        ->  Bitmap Index Scan on sbtest6_pkey  (cost=0.00..34.56 rows=1012 width=0)
	              Index Cond: ((id >= 7851499) AND (id <= 7852498))

table 7 : explain SELECT c FROM sbtest7 WHERE id BETWEEN 6510321 AND 6511320 ORDER BY c
	Sort  (cost=4071.34..4073.93 rows=1037 width=121)
	  Sort Key: c
	  ->  Bitmap Heap Scan on sbtest7  (cost=35.06..4019.40 rows=1037 width=121)
	        Recheck Cond: ((id >= 6510321) AND (id <= 6511320))
	        ->  Bitmap Index Scan on sbtest7_pkey  (cost=0.00..34.81 rows=1037 width=0)
	              Index Cond: ((id >= 6510321) AND (id <= 6511320))

table 8 : explain SELECT c FROM sbtest8 WHERE id BETWEEN 6636091 AND 6637090 ORDER BY c
	Sort  (cost=3538.62..3540.87 rows=900 width=121)
	  Sort Key: c
	  ->  Bitmap Heap Scan on sbtest8  (cost=29.66..3494.45 rows=900 width=121)
	        Recheck Cond: ((id >= 6636091) AND (id <= 6637090))
	        ->  Bitmap Index Scan on sbtest8_pkey  (cost=0.00..29.43 rows=900 width=0)
	              Index Cond: ((id >= 6636091) AND (id <= 6637090))

for: sum_ranges
table 1 : explain SELECT SUM(k) FROM sbtest1 WHERE id BETWEEN 7768980 AND 7769979
	Aggregate  (cost=3725.74..3725.75 rows=1 width=8)
	  ->  Bitmap Heap Scan on sbtest1  (cost=34.26..3723.35 rows=959 width=4)
	        Recheck Cond: ((id >= 7768980) AND (id <= 7769979))
	        ->  Bitmap Index Scan on sbtest1_pkey  (cost=0.00..34.03 rows=959 width=0)
	              Index Cond: ((id >= 7768980) AND (id <= 7769979))

table 2 : explain SELECT SUM(k) FROM sbtest2 WHERE id BETWEEN 6147684 AND 6148683
	Aggregate  (cost=3677.21..3677.22 rows=1 width=8)
	  ->  Bitmap Heap Scan on sbtest2  (cost=34.14..3674.85 rows=947 width=4)
	        Recheck Cond: ((id >= 6147684) AND (id <= 6148683))
	        ->  Bitmap Index Scan on sbtest2_pkey  (cost=0.00..33.91 rows=947 width=0)
	              Index Cond: ((id >= 6147684) AND (id <= 6148683))

table 3 : explain SELECT SUM(k) FROM sbtest3 WHERE id BETWEEN 2565662 AND 2566661
	Aggregate  (cost=3894.56..3894.57 rows=1 width=8)
	  ->  Bitmap Heap Scan on sbtest3  (cost=34.72..3892.05 rows=1003 width=4)
	        Recheck Cond: ((id >= 2565662) AND (id <= 2566661))
	        ->  Bitmap Index Scan on sbtest3_pkey  (cost=0.00..34.47 rows=1003 width=0)
	              Index Cond: ((id >= 2565662) AND (id <= 2566661))

table 4 : explain SELECT SUM(k) FROM sbtest4 WHERE id BETWEEN 7528565 AND 7529564
	Aggregate  (cost=3758.69..3758.70 rows=1 width=8)
	  ->  Bitmap Heap Scan on sbtest4  (cost=34.35..3756.27 rows=967 width=4)
	        Recheck Cond: ((id >= 7528565) AND (id <= 7529564))
	        ->  Bitmap Index Scan on sbtest4_pkey  (cost=0.00..34.11 rows=967 width=0)
	              Index Cond: ((id >= 7528565) AND (id <= 7529564))

table 5 : explain SELECT SUM(k) FROM sbtest5 WHERE id BETWEEN 1042924 AND 1043923
	Aggregate  (cost=3811.34..3811.35 rows=1 width=8)
	  ->  Bitmap Heap Scan on sbtest5  (cost=34.49..3808.89 rows=981 width=4)
	        Recheck Cond: ((id >= 1042924) AND (id <= 1043923))
	        ->  Bitmap Index Scan on sbtest5_pkey  (cost=0.00..34.25 rows=981 width=0)
	              Index Cond: ((id >= 1042924) AND (id <= 1043923))

table 6 : explain SELECT SUM(k) FROM sbtest6 WHERE id BETWEEN 9146412 AND 9147411
	Aggregate  (cost=4200.35..4200.36 rows=1 width=8)
	  ->  Bitmap Heap Scan on sbtest6  (cost=35.56..4197.64 rows=1085 width=4)
	        Recheck Cond: ((id >= 9146412) AND (id <= 9147411))
	        ->  Bitmap Index Scan on sbtest6_pkey  (cost=0.00..35.29 rows=1085 width=0)
	              Index Cond: ((id >= 9146412) AND (id <= 9147411))

table 7 : explain SELECT SUM(k) FROM sbtest7 WHERE id BETWEEN 9504476 AND 9505475
	Aggregate  (cost=3757.50..3757.51 rows=1 width=8)
	  ->  Bitmap Heap Scan on sbtest7  (cost=34.35..3755.08 rows=967 width=4)
	        Recheck Cond: ((id >= 9504476) AND (id <= 9505475))
	        ->  Bitmap Index Scan on sbtest7_pkey  (cost=0.00..34.11 rows=967 width=0)
	              Index Cond: ((id >= 9504476) AND (id <= 9505475))

table 8 : explain SELECT SUM(k) FROM sbtest8 WHERE id BETWEEN 5764137 AND 5765136
	Aggregate  (cost=4044.58..4044.59 rows=1 width=8)
	  ->  Bitmap Heap Scan on sbtest8  (cost=35.14..4041.97 rows=1044 width=4)
	        Recheck Cond: ((id >= 5764137) AND (id <= 5765136))
	        ->  Bitmap Index Scan on sbtest8_pkey  (cost=0.00..34.88 rows=1044 width=0)
	              Index Cond: ((id >= 5764137) AND (id <= 5765136))

for: distinct_ranges
table 1 : explain SELECT DISTINCT c FROM sbtest1 WHERE id BETWEEN 1068147 AND 1069146 ORDER BY c
	Unique  (cost=3801.53..3806.36 rows=967 width=121)
	  ->  Sort  (cost=3801.53..3803.94 rows=967 width=121)
	        Sort Key: c
	        ->  Bitmap Heap Scan on sbtest1  (cost=34.35..3753.57 rows=967 width=121)
	              Recheck Cond: ((id >= 1068147) AND (id <= 1069146))
	              ->  Bitmap Index Scan on sbtest1_pkey  (cost=0.00..34.11 rows=967 width=0)
	                    Index Cond: ((id >= 1068147) AND (id <= 1069146))

table 2 : explain SELECT DISTINCT c FROM sbtest2 WHERE id BETWEEN 1576401 AND 1577400 ORDER BY c
	Unique  (cost=4066.06..4071.25 rows=1037 width=121)
	  ->  Sort  (cost=4066.06..4068.65 rows=1037 width=121)
	        Sort Key: c
	        ->  Bitmap Heap Scan on sbtest2  (cost=35.06..4014.12 rows=1037 width=121)
	              Recheck Cond: ((id >= 1576401) AND (id <= 1577400))
	              ->  Bitmap Index Scan on sbtest2_pkey  (cost=0.00..34.81 rows=1037 width=0)
	                    Index Cond: ((id >= 1576401) AND (id <= 1577400))

table 3 : explain SELECT DISTINCT c FROM sbtest3 WHERE id BETWEEN 5797988 AND 5798987 ORDER BY c
	Unique  (cost=3934.38..3939.39 rows=1001 width=121)
	  ->  Sort  (cost=3934.38..3936.88 rows=1001 width=121)
	        Sort Key: c
	        ->  Bitmap Heap Scan on sbtest3  (cost=34.70..3884.50 rows=1001 width=121)
	              Recheck Cond: ((id >= 5797988) AND (id <= 5798987))
	              ->  Bitmap Index Scan on sbtest3_pkey  (cost=0.00..34.45 rows=1001 width=0)
	                    Index Cond: ((id >= 5797988) AND (id <= 5798987))

table 4 : explain SELECT DISTINCT c FROM sbtest4 WHERE id BETWEEN 7705522 AND 7706521 ORDER BY c
	Unique  (cost=4164.56..4169.87 rows=1061 width=121)
	  ->  Sort  (cost=4164.56..4167.21 rows=1061 width=121)
	        Sort Key: c
	        ->  Bitmap Heap Scan on sbtest4  (cost=35.31..4111.24 rows=1061 width=121)
	              Recheck Cond: ((id >= 7705522) AND (id <= 7706521))
	              ->  Bitmap Index Scan on sbtest4_pkey  (cost=0.00..35.05 rows=1061 width=0)
	                    Index Cond: ((id >= 7705522) AND (id <= 7706521))

table 5 : explain SELECT DISTINCT c FROM sbtest5 WHERE id BETWEEN 7483257 AND 7484256 ORDER BY c
	Unique  (cost=3727.11..3731.85 rows=947 width=121)
	  ->  Sort  (cost=3727.11..3729.48 rows=947 width=121)
	        Sort Key: c
	        ->  Bitmap Heap Scan on sbtest5  (cost=34.14..3680.30 rows=947 width=121)
	              Recheck Cond: ((id >= 7483257) AND (id <= 7484256))
	              ->  Bitmap Index Scan on sbtest5_pkey  (cost=0.00..33.91 rows=947 width=0)
	                    Index Cond: ((id >= 7483257) AND (id <= 7484256))

table 6 : explain SELECT DISTINCT c FROM sbtest6 WHERE id BETWEEN 5988528 AND 5989527 ORDER BY c
	Unique  (cost=3808.47..3813.31 rows=969 width=121)
	  ->  Sort  (cost=3808.47..3810.89 rows=969 width=121)
	        Sort Key: c
	        ->  Bitmap Heap Scan on sbtest6  (cost=34.37..3760.40 rows=969 width=121)
	              Recheck Cond: ((id >= 5988528) AND (id <= 5989527))
	              ->  Bitmap Index Scan on sbtest6_pkey  (cost=0.00..34.12 rows=969 width=0)
	                    Index Cond: ((id >= 5988528) AND (id <= 5989527))

table 7 : explain SELECT DISTINCT c FROM sbtest7 WHERE id BETWEEN 5960708 AND 5961707 ORDER BY c
	Unique  (cost=4274.11..4279.56 rows=1090 width=121)
	  ->  Sort  (cost=4274.11..4276.83 rows=1090 width=121)
	        Sort Key: c
	        ->  Bitmap Heap Scan on sbtest7  (cost=35.61..4219.12 rows=1090 width=121)
	              Recheck Cond: ((id >= 5960708) AND (id <= 5961707))
	              ->  Bitmap Index Scan on sbtest7_pkey  (cost=0.00..35.34 rows=1090 width=0)
	                    Index Cond: ((id >= 5960708) AND (id <= 5961707))

table 8 : explain SELECT DISTINCT c FROM sbtest8 WHERE id BETWEEN 1445520 AND 1446519 ORDER BY c
	Unique  (cost=4109.60..4114.84 rows=1048 width=121)
	  ->  Sort  (cost=4109.60..4112.22 rows=1048 width=121)
	        Sort Key: c
	        ->  Bitmap Heap Scan on sbtest8  (cost=35.18..4057.03 rows=1048 width=121)
	              Recheck Cond: ((id >= 1445520) AND (id <= 1446519))
	              ->  Bitmap Index Scan on sbtest8_pkey  (cost=0.00..34.92 rows=1048 width=0)
	                    Index Cond: ((id >= 1445520) AND (id <= 1446519))

for: distinct_ranges
table 1 : explain SELECT DISTINCT c FROM sbtest1 WHERE id BETWEEN 9419763 AND 9420762 ORDER BY c
	Unique  (cost=3809.19..3814.04 rows=969 width=121)
	  ->  Sort  (cost=3809.19..3811.62 rows=969 width=121)
	        Sort Key: c
	        ->  Bitmap Heap Scan on sbtest1  (cost=34.37..3761.13 rows=969 width=121)
	              Recheck Cond: ((id >= 9419763) AND (id <= 9420762))
	              ->  Bitmap Index Scan on sbtest1_pkey  (cost=0.00..34.12 rows=969 width=0)
	                    Index Cond: ((id >= 9419763) AND (id <= 9420762))

table 2 : explain SELECT DISTINCT c FROM sbtest2 WHERE id BETWEEN 3136153 AND 3137152 ORDER BY c
	Unique  (cost=3656.50..3661.15 rows=930 width=121)
	  ->  Sort  (cost=3656.50..3658.82 rows=930 width=121)
	        Sort Key: c
	        ->  Bitmap Heap Scan on sbtest2  (cost=33.97..3610.64 rows=930 width=121)
	              Recheck Cond: ((id >= 3136153) AND (id <= 3137152))
	              ->  Bitmap Index Scan on sbtest2_pkey  (cost=0.00..33.73 rows=930 width=0)
	                    Index Cond: ((id >= 3136153) AND (id <= 3137152))

table 3 : explain SELECT DISTINCT c FROM sbtest3 WHERE id BETWEEN 6118128 AND 6119127 ORDER BY c
	Unique  (cost=4060.86..4066.03 rows=1034 width=121)
	  ->  Sort  (cost=4060.86..4063.44 rows=1034 width=121)
	        Sort Key: c
	        ->  Bitmap Heap Scan on sbtest3  (cost=35.03..4009.08 rows=1034 width=121)
	              Recheck Cond: ((id >= 6118128) AND (id <= 6119127))
	              ->  Bitmap Index Scan on sbtest3_pkey  (cost=0.00..34.78 rows=1034 width=0)
	                    Index Cond: ((id >= 6118128) AND (id <= 6119127))

table 4 : explain SELECT DISTINCT c FROM sbtest4 WHERE id BETWEEN 8601864 AND 8602863 ORDER BY c
	Unique  (cost=3896.32..3901.27 rows=991 width=121)
	  ->  Sort  (cost=3896.32..3898.80 rows=991 width=121)
	        Sort Key: c
	        ->  Bitmap Heap Scan on sbtest4  (cost=34.59..3847.00 rows=991 width=121)
	              Recheck Cond: ((id >= 8601864) AND (id <= 8602863))
	              ->  Bitmap Index Scan on sbtest4_pkey  (cost=0.00..34.34 rows=991 width=0)
	                    Index Cond: ((id >= 8601864) AND (id <= 8602863))

table 5 : explain SELECT DISTINCT c FROM sbtest5 WHERE id BETWEEN 5741479 AND 5742478 ORDER BY c
	Unique  (cost=3627.21..3631.82 rows=921 width=121)
	  ->  Sort  (cost=3627.21..3629.51 rows=921 width=121)
	        Sort Key: c
	        ->  Bitmap Heap Scan on sbtest5  (cost=33.88..3581.87 rows=921 width=121)
	              Recheck Cond: ((id >= 5741479) AND (id <= 5742478))
	              ->  Bitmap Index Scan on sbtest5_pkey  (cost=0.00..33.65 rows=921 width=0)
	                    Index Cond: ((id >= 5741479) AND (id <= 5742478))

table 6 : explain SELECT DISTINCT c FROM sbtest6 WHERE id BETWEEN 9756654 AND 9757653 ORDER BY c
	Unique  (cost=3896.60..3901.56 rows=992 width=121)
	  ->  Sort  (cost=3896.60..3899.08 rows=992 width=121)
	        Sort Key: c
	        ->  Bitmap Heap Scan on sbtest6  (cost=34.60..3847.23 rows=992 width=121)
	              Recheck Cond: ((id >= 9756654) AND (id <= 9757653))
	              ->  Bitmap Index Scan on sbtest6_pkey  (cost=0.00..34.36 rows=992 width=0)
	                    Index Cond: ((id >= 9756654) AND (id <= 9757653))

table 7 : explain SELECT DISTINCT c FROM sbtest7 WHERE id BETWEEN 4068469 AND 4069468 ORDER BY c
	Unique  (cost=3791.52..3796.34 rows=964 width=121)
	  ->  Sort  (cost=3791.52..3793.93 rows=964 width=121)
	        Sort Key: c
	        ->  Bitmap Heap Scan on sbtest7  (cost=34.32..3743.74 rows=964 width=121)
	              Recheck Cond: ((id >= 4068469) AND (id <= 4069468))
	              ->  Bitmap Index Scan on sbtest7_pkey  (cost=0.00..34.08 rows=964 width=0)
	                    Index Cond: ((id >= 4068469) AND (id <= 4069468))

table 8 : explain SELECT DISTINCT c FROM sbtest8 WHERE id BETWEEN 4900058 AND 4901057 ORDER BY c
	Unique  (cost=4205.12..4210.48 rows=1073 width=121)
	  ->  Sort  (cost=4205.12..4207.80 rows=1073 width=121)
	        Sort Key: c
	        ->  Bitmap Heap Scan on sbtest8  (cost=35.43..4151.10 rows=1073 width=121)
	              Recheck Cond: ((id >= 4900058) AND (id <= 4901057))
	              ->  Bitmap Index Scan on sbtest8_pkey  (cost=0.00..35.17 rows=1073 width=0)
	                    Index Cond: ((id >= 4900058) AND (id <= 4901057))

for: sum_ranges
table 1 : explain SELECT SUM(k) FROM sbtest1 WHERE id BETWEEN 6997858 AND 6998857
	Aggregate  (cost=4378.31..4378.32 rows=1 width=8)
	  ->  Bitmap Heap Scan on sbtest1  (cost=40.03..4375.48 rows=1131 width=4)
	        Recheck Cond: ((id >= 6997858) AND (id <= 6998857))
	        ->  Bitmap Index Scan on sbtest1_pkey  (cost=0.00..39.75 rows=1131 width=0)
	              Index Cond: ((id >= 6997858) AND (id <= 6998857))

table 2 : explain SELECT SUM(k) FROM sbtest2 WHERE id BETWEEN 9738417 AND 9739416
	Aggregate  (cost=3707.43..3707.44 rows=1 width=8)
	  ->  Bitmap Heap Scan on sbtest2  (cost=34.22..3705.05 rows=955 width=4)
	        Recheck Cond: ((id >= 9738417) AND (id <= 9739416))
	        ->  Bitmap Index Scan on sbtest2_pkey  (cost=0.00..33.98 rows=955 width=0)
	              Index Cond: ((id >= 9738417) AND (id <= 9739416))

table 3 : explain SELECT SUM(k) FROM sbtest3 WHERE id BETWEEN 2573872 AND 2574871
	Aggregate  (cost=3894.56..3894.57 rows=1 width=8)
	  ->  Bitmap Heap Scan on sbtest3  (cost=34.72..3892.05 rows=1003 width=4)
	        Recheck Cond: ((id >= 2573872) AND (id <= 2574871))
	        ->  Bitmap Index Scan on sbtest3_pkey  (cost=0.00..34.47 rows=1003 width=0)
	              Index Cond: ((id >= 2573872) AND (id <= 2574871))

table 4 : explain SELECT SUM(k) FROM sbtest4 WHERE id BETWEEN 5457171 AND 5458170
	Aggregate  (cost=3906.19..3906.20 rows=1 width=8)
	  ->  Bitmap Heap Scan on sbtest4  (cost=34.75..3903.68 rows=1006 width=4)
	        Recheck Cond: ((id >= 5457171) AND (id <= 5458170))
	        ->  Bitmap Index Scan on sbtest4_pkey  (cost=0.00..34.50 rows=1006 width=0)
	              Index Cond: ((id >= 5457171) AND (id <= 5458170))

table 5 : explain SELECT SUM(k) FROM sbtest5 WHERE id BETWEEN 2970492 AND 2971491
	Aggregate  (cost=3633.43..3633.44 rows=1 width=8)
	  ->  Bitmap Heap Scan on sbtest5  (cost=34.01..3631.09 rows=934 width=4)
	        Recheck Cond: ((id >= 2970492) AND (id <= 2971491))
	        ->  Bitmap Index Scan on sbtest5_pkey  (cost=0.00..33.78 rows=934 width=0)
	              Index Cond: ((id >= 2970492) AND (id <= 2971491))

table 6 : explain SELECT SUM(k) FROM sbtest6 WHERE id BETWEEN 265124 AND 266123
	Aggregate  (cost=4087.36..4087.37 rows=1 width=8)
	  ->  Bitmap Heap Scan on sbtest6  (cost=35.25..4084.72 rows=1055 width=4)
	        Recheck Cond: ((id >= 265124) AND (id <= 266123))
	        ->  Bitmap Index Scan on sbtest6_pkey  (cost=0.00..34.98 rows=1055 width=0)
	              Index Cond: ((id >= 265124) AND (id <= 266123))

table 7 : explain SELECT SUM(k) FROM sbtest7 WHERE id BETWEEN 1911703 AND 1912702
	Aggregate  (cost=3594.72..3594.73 rows=1 width=8)
	  ->  Bitmap Heap Scan on sbtest7  (cost=33.91..3592.41 rows=924 width=4)
	        Recheck Cond: ((id >= 1911703) AND (id <= 1912702))
	        ->  Bitmap Index Scan on sbtest7_pkey  (cost=0.00..33.68 rows=924 width=0)
	              Index Cond: ((id >= 1911703) AND (id <= 1912702))

table 8 : explain SELECT SUM(k) FROM sbtest8 WHERE id BETWEEN 7704298 AND 7705297
	Aggregate  (cost=3871.13..3871.14 rows=1 width=8)
	  ->  Bitmap Heap Scan on sbtest8  (cost=34.66..3868.63 rows=998 width=4)
	        Recheck Cond: ((id >= 7704298) AND (id <= 7705297))
	        ->  Bitmap Index Scan on sbtest8_pkey  (cost=0.00..34.42 rows=998 width=0)
	              Index Cond: ((id >= 7704298) AND (id <= 7705297))

for: sum_ranges
table 1 : explain SELECT SUM(k) FROM sbtest1 WHERE id BETWEEN 7152480 AND 7153479
	Aggregate  (cost=3755.99..3756.00 rows=1 width=8)
	  ->  Bitmap Heap Scan on sbtest1  (cost=34.35..3753.57 rows=967 width=4)
	        Recheck Cond: ((id >= 7152480) AND (id <= 7153479))
	        ->  Bitmap Index Scan on sbtest1_pkey  (cost=0.00..34.11 rows=967 width=0)
	              Index Cond: ((id >= 7152480) AND (id <= 7153479))

table 2 : explain SELECT SUM(k) FROM sbtest2 WHERE id BETWEEN 608593 AND 609592
	Aggregate  (cost=4039.30..4039.31 rows=1 width=8)
	  ->  Bitmap Heap Scan on sbtest2  (cost=35.13..4036.70 rows=1043 width=4)
	        Recheck Cond: ((id >= 608593) AND (id <= 609592))
	        ->  Bitmap Index Scan on sbtest2_pkey  (cost=0.00..34.87 rows=1043 width=0)
	              Index Cond: ((id >= 608593) AND (id <= 609592))

table 3 : explain SELECT SUM(k) FROM sbtest3 WHERE id BETWEEN 2887916 AND 2888915
	Aggregate  (cost=3879.44..3879.45 rows=1 width=8)
	  ->  Bitmap Heap Scan on sbtest3  (cost=34.67..3876.94 rows=999 width=4)
	        Recheck Cond: ((id >= 2887916) AND (id <= 2888915))
	        ->  Bitmap Index Scan on sbtest3_pkey  (cost=0.00..34.43 rows=999 width=0)
	              Index Cond: ((id >= 2887916) AND (id <= 2888915))

table 4 : explain SELECT SUM(k) FROM sbtest4 WHERE id BETWEEN 2075892 AND 2076891
	Aggregate  (cost=3527.38..3527.39 rows=1 width=8)
	  ->  Bitmap Heap Scan on sbtest4  (cost=29.73..3525.11 rows=907 width=4)
	        Recheck Cond: ((id >= 2075892) AND (id <= 2076891))
	        ->  Bitmap Index Scan on sbtest4_pkey  (cost=0.00..29.50 rows=907 width=0)
	              Index Cond: ((id >= 2075892) AND (id <= 2076891))

table 5 : explain SELECT SUM(k) FROM sbtest5 WHERE id BETWEEN 5254496 AND 5255495
	Aggregate  (cost=4105.99..4106.00 rows=1 width=8)
	  ->  Bitmap Heap Scan on sbtest5  (cost=35.29..4103.34 rows=1059 width=4)
	        Recheck Cond: ((id >= 5254496) AND (id <= 5255495))
	        ->  Bitmap Index Scan on sbtest5_pkey  (cost=0.00..35.03 rows=1059 width=0)
	              Index Cond: ((id >= 5254496) AND (id <= 5255495))

table 6 : explain SELECT SUM(k) FROM sbtest6 WHERE id BETWEEN 1530574 AND 1531573
	Aggregate  (cost=3819.50..3819.51 rows=1 width=8)
	  ->  Bitmap Heap Scan on sbtest6  (cost=34.52..3817.04 rows=984 width=4)
	        Recheck Cond: ((id >= 1530574) AND (id <= 1531573))
	        ->  Bitmap Index Scan on sbtest6_pkey  (cost=0.00..34.28 rows=984 width=0)
	              Index Cond: ((id >= 1530574) AND (id <= 1531573))

table 7 : explain SELECT SUM(k) FROM sbtest7 WHERE id BETWEEN 7549593 AND 7550592
	Aggregate  (cost=4021.99..4022.00 rows=1 width=8)
	  ->  Bitmap Heap Scan on sbtest7  (cost=35.06..4019.40 rows=1037 width=4)
	        Recheck Cond: ((id >= 7549593) AND (id <= 7550592))
	        ->  Bitmap Index Scan on sbtest7_pkey  (cost=0.00..34.81 rows=1037 width=0)
	              Index Cond: ((id >= 7549593) AND (id <= 7550592))

table 8 : explain SELECT SUM(k) FROM sbtest8 WHERE id BETWEEN 626452 AND 627451
	Aggregate  (cost=4010.66..4010.67 rows=1 width=8)
	  ->  Bitmap Heap Scan on sbtest8  (cost=35.04..4008.07 rows=1035 width=4)
	        Recheck Cond: ((id >= 626452) AND (id <= 627451))
	        ->  Bitmap Index Scan on sbtest8_pkey  (cost=0.00..34.79 rows=1035 width=0)
	              Index Cond: ((id >= 626452) AND (id <= 627451))

explain: for point_selects :: explain SELECT c FROM sbtest%u WHERE id=%u
for: distinct_ranges
table 1 : explain SELECT DISTINCT c FROM sbtest1 WHERE id BETWEEN 7633721 AND 7634720 ORDER BY c
	Unique  (cost=4012.25..4017.36 rows=1022 width=121)
	  ->  Sort  (cost=4012.25..4014.81 rows=1022 width=121)
	        Sort Key: c
	        ->  Bitmap Heap Scan on sbtest1  (cost=34.91..3961.17 rows=1022 width=121)
	              Recheck Cond: ((id >= 7633721) AND (id <= 7634720))
	              ->  Bitmap Index Scan on sbtest1_pkey  (cost=0.00..34.66 rows=1022 width=0)
	                    Index Cond: ((id >= 7633721) AND (id <= 7634720))

table 2 : explain SELECT DISTINCT c FROM sbtest2 WHERE id BETWEEN 2354555 AND 2355554 ORDER BY c
	Unique  (cost=4077.52..4082.72 rows=1040 width=121)
	  ->  Sort  (cost=4077.52..4080.12 rows=1040 width=121)
	        Sort Key: c
	        ->  Bitmap Heap Scan on sbtest2  (cost=35.09..4025.41 rows=1040 width=121)
	              Recheck Cond: ((id >= 2354555) AND (id <= 2355554))
	              ->  Bitmap Index Scan on sbtest2_pkey  (cost=0.00..34.84 rows=1040 width=0)
	                    Index Cond: ((id >= 2354555) AND (id <= 2355554))

table 3 : explain SELECT DISTINCT c FROM sbtest3 WHERE id BETWEEN 8118069 AND 8119068 ORDER BY c
	Unique  (cost=4072.35..4077.53 rows=1037 width=121)
	  ->  Sort  (cost=4072.35..4074.94 rows=1037 width=121)
	        Sort Key: c
	        ->  Bitmap Heap Scan on sbtest3  (cost=35.06..4020.40 rows=1037 width=121)
	              Recheck Cond: ((id >= 8118069) AND (id <= 8119068))
	              ->  Bitmap Index Scan on sbtest3_pkey  (cost=0.00..34.81 rows=1037 width=0)
	                    Index Cond: ((id >= 8118069) AND (id <= 8119068))

table 4 : explain SELECT DISTINCT c FROM sbtest4 WHERE id BETWEEN 3370030 AND 3371029 ORDER BY c
	Unique  (cost=4149.25..4154.53 rows=1057 width=121)
	  ->  Sort  (cost=4149.25..4151.89 rows=1057 width=121)
	        Sort Key: c
	        ->  Bitmap Heap Scan on sbtest4  (cost=35.27..4096.16 rows=1057 width=121)
	              Recheck Cond: ((id >= 3370030) AND (id <= 3371029))
	              ->  Bitmap Index Scan on sbtest4_pkey  (cost=0.00..35.01 rows=1057 width=0)
	                    Index Cond: ((id >= 3370030) AND (id <= 3371029))

table 5 : explain SELECT DISTINCT c FROM sbtest5 WHERE id BETWEEN 3820243 AND 3821242 ORDER BY c
	Unique  (cost=4412.93..4418.56 rows=1125 width=121)
	  ->  Sort  (cost=4412.93..4415.74 rows=1125 width=121)
	        Sort Key: c
	        ->  Bitmap Heap Scan on sbtest5  (cost=39.97..4355.92 rows=1125 width=121)
	              Recheck Cond: ((id >= 3820243) AND (id <= 3821242))
	              ->  Bitmap Index Scan on sbtest5_pkey  (cost=0.00..39.69 rows=1125 width=0)
	                    Index Cond: ((id >= 3820243) AND (id <= 3821242))

table 6 : explain SELECT DISTINCT c FROM sbtest6 WHERE id BETWEEN 488176 AND 489175 ORDER BY c
	Unique  (cost=4026.77..4031.90 rows=1026 width=121)
	  ->  Sort  (cost=4026.77..4029.34 rows=1026 width=121)
	        Sort Key: c
	        ->  Bitmap Heap Scan on sbtest6  (cost=34.95..3975.46 rows=1026 width=121)
	              Recheck Cond: ((id >= 488176) AND (id <= 489175))
	              ->  Bitmap Index Scan on sbtest6_pkey  (cost=0.00..34.70 rows=1026 width=0)
	                    Index Cond: ((id >= 488176) AND (id <= 489175))

table 7 : explain SELECT DISTINCT c FROM sbtest7 WHERE id BETWEEN 4731801 AND 4732800 ORDER BY c
	Unique  (cost=3691.71..3696.40 rows=938 width=121)
	  ->  Sort  (cost=3691.71..3694.05 rows=938 width=121)
	        Sort Key: c
	        ->  Bitmap Heap Scan on sbtest7  (cost=34.05..3645.40 rows=938 width=121)
	              Recheck Cond: ((id >= 4731801) AND (id <= 4732800))
	              ->  Bitmap Index Scan on sbtest7_pkey  (cost=0.00..33.82 rows=938 width=0)
	                    Index Cond: ((id >= 4731801) AND (id <= 4732800))

table 8 : explain SELECT DISTINCT c FROM sbtest8 WHERE id BETWEEN 7007924 AND 7008923 ORDER BY c
	Unique  (cost=4380.86..4386.45 rows=1118 width=121)
	  ->  Sort  (cost=4380.86..4383.66 rows=1118 width=121)
	        Sort Key: c
	        ->  Bitmap Heap Scan on sbtest8  (cost=39.89..4324.25 rows=1118 width=121)
	              Recheck Cond: ((id >= 7007924) AND (id <= 7008923))
	              ->  Bitmap Index Scan on sbtest8_pkey  (cost=0.00..39.62 rows=1118 width=0)
	                    Index Cond: ((id >= 7007924) AND (id <= 7008923))

for: distinct_ranges
table 1 : explain SELECT DISTINCT c FROM sbtest1 WHERE id BETWEEN 8113354 AND 8114353 ORDER BY c
	Unique  (cost=4264.66..4270.10 rows=1088 width=121)
	  ->  Sort  (cost=4264.66..4267.38 rows=1088 width=121)
	        Sort Key: c
	        ->  Bitmap Heap Scan on sbtest1  (cost=35.59..4209.79 rows=1088 width=121)
	              Recheck Cond: ((id >= 8113354) AND (id <= 8114353))
	              ->  Bitmap Index Scan on sbtest1_pkey  (cost=0.00..35.32 rows=1088 width=0)
	                    Index Cond: ((id >= 8113354) AND (id <= 8114353))

table 2 : explain SELECT DISTINCT c FROM sbtest2 WHERE id BETWEEN 8524054 AND 8525053 ORDER BY c
	Unique  (cost=4092.81..4098.03 rows=1044 width=121)
	  ->  Sort  (cost=4092.81..4095.42 rows=1044 width=121)
	        Sort Key: c
	        ->  Bitmap Heap Scan on sbtest2  (cost=35.14..4040.46 rows=1044 width=121)
	              Recheck Cond: ((id >= 8524054) AND (id <= 8525053))
	              ->  Bitmap Index Scan on sbtest2_pkey  (cost=0.00..34.88 rows=1044 width=0)
	                    Index Cond: ((id >= 8524054) AND (id <= 8525053))

table 3 : explain SELECT DISTINCT c FROM sbtest3 WHERE id BETWEEN 3355366 AND 3356365 ORDER BY c
	Unique  (cost=4168.07..4173.38 rows=1062 width=121)
	  ->  Sort  (cost=4168.07..4170.73 rows=1062 width=121)
	        Sort Key: c
	        ->  Bitmap Heap Scan on sbtest3  (cost=35.32..4114.69 rows=1062 width=121)
	              Recheck Cond: ((id >= 3355366) AND (id <= 3356365))
	              ->  Bitmap Index Scan on sbtest3_pkey  (cost=0.00..35.06 rows=1062 width=0)
	                    Index Cond: ((id >= 3355366) AND (id <= 3356365))

table 4 : explain SELECT DISTINCT c FROM sbtest4 WHERE id BETWEEN 8587177 AND 8588176 ORDER BY c
	Unique  (cost=3896.32..3901.27 rows=991 width=121)
	  ->  Sort  (cost=3896.32..3898.80 rows=991 width=121)
	        Sort Key: c
	        ->  Bitmap Heap Scan on sbtest4  (cost=34.59..3847.00 rows=991 width=121)
	              Recheck Cond: ((id >= 8587177) AND (id <= 8588176))
	              ->  Bitmap Index Scan on sbtest4_pkey  (cost=0.00..34.34 rows=991 width=0)
	                    Index Cond: ((id >= 8587177) AND (id <= 8588176))

table 5 : explain SELECT DISTINCT c FROM sbtest5 WHERE id BETWEEN 3820085 AND 3821084 ORDER BY c
	Unique  (cost=4412.93..4418.56 rows=1125 width=121)
	  ->  Sort  (cost=4412.93..4415.74 rows=1125 width=121)
	        Sort Key: c
	        ->  Bitmap Heap Scan on sbtest5  (cost=39.97..4355.92 rows=1125 width=121)
	              Recheck Cond: ((id >= 3820085) AND (id <= 3821084))
	              ->  Bitmap Index Scan on sbtest5_pkey  (cost=0.00..39.69 rows=1125 width=0)
	                    Index Cond: ((id >= 3820085) AND (id <= 3821084))

table 6 : explain SELECT DISTINCT c FROM sbtest6 WHERE id BETWEEN 8669656 AND 8670655 ORDER BY c
	Unique  (cost=3827.63..3832.50 rows=974 width=121)
	  ->  Sort  (cost=3827.63..3830.07 rows=974 width=121)
	        Sort Key: c
	        ->  Bitmap Heap Scan on sbtest6  (cost=34.42..3779.29 rows=974 width=121)
	              Recheck Cond: ((id >= 8669656) AND (id <= 8670655))
	              ->  Bitmap Index Scan on sbtest6_pkey  (cost=0.00..34.18 rows=974 width=0)
	                    Index Cond: ((id >= 8669656) AND (id <= 8670655))

table 7 : explain SELECT DISTINCT c FROM sbtest7 WHERE id BETWEEN 5337505 AND 5338504 ORDER BY c
	Unique  (cost=3998.57..4003.66 rows=1018 width=121)
	  ->  Sort  (cost=3998.57..4001.12 rows=1018 width=121)
	        Sort Key: c
	        ->  Bitmap Heap Scan on sbtest7  (cost=34.87..3947.71 rows=1018 width=121)
	              Recheck Cond: ((id >= 5337505) AND (id <= 5338504))
	              ->  Bitmap Index Scan on sbtest7_pkey  (cost=0.00..34.62 rows=1018 width=0)
	                    Index Cond: ((id >= 5337505) AND (id <= 5338504))

table 8 : explain SELECT DISTINCT c FROM sbtest8 WHERE id BETWEEN 3666764 AND 3667763 ORDER BY c
	Unique  (cost=4342.71..4348.25 rows=1108 width=121)
	  ->  Sort  (cost=4342.71..4345.48 rows=1108 width=121)
	        Sort Key: c
	        ->  Bitmap Heap Scan on sbtest8  (cost=39.79..4286.68 rows=1108 width=121)
	              Recheck Cond: ((id >= 3666764) AND (id <= 3667763))
	              ->  Bitmap Index Scan on sbtest8_pkey  (cost=0.00..39.52 rows=1108 width=0)
	                    Index Cond: ((id >= 3666764) AND (id <= 3667763))

for: sum_ranges
table 1 : explain SELECT SUM(k) FROM sbtest1 WHERE id BETWEEN 6482452 AND 6483451
	Aggregate  (cost=3888.23..3888.24 rows=1 width=8)
	  ->  Bitmap Heap Scan on sbtest1  (cost=34.71..3885.72 rows=1002 width=4)
	        Recheck Cond: ((id >= 6482452) AND (id <= 6483451))
	        ->  Bitmap Index Scan on sbtest1_pkey  (cost=0.00..34.45 rows=1002 width=0)
	              Index Cond: ((id >= 6482452) AND (id <= 6483451))

table 2 : explain SELECT SUM(k) FROM sbtest2 WHERE id BETWEEN 7995614 AND 7996613
	Aggregate  (cost=3624.31..3624.32 rows=1 width=8)
	  ->  Bitmap Heap Scan on sbtest2  (cost=34.00..3621.98 rows=933 width=4)
	        Recheck Cond: ((id >= 7995614) AND (id <= 7996613))
	        ->  Bitmap Index Scan on sbtest2_pkey  (cost=0.00..33.77 rows=933 width=0)
	              Index Cond: ((id >= 7995614) AND (id <= 7996613))

table 3 : explain SELECT SUM(k) FROM sbtest3 WHERE id BETWEEN 9674464 AND 9675463
	Aggregate  (cost=4189.00..4189.01 rows=1 width=8)
	  ->  Bitmap Heap Scan on sbtest3  (cost=35.52..4186.30 rows=1081 width=4)
	        Recheck Cond: ((id >= 9674464) AND (id <= 9675463))
	        ->  Bitmap Index Scan on sbtest3_pkey  (cost=0.00..35.25 rows=1081 width=0)
	              Index Cond: ((id >= 9674464) AND (id <= 9675463))

table 4 : explain SELECT SUM(k) FROM sbtest4 WHERE id BETWEEN 915489 AND 916488
	Aggregate  (cost=3694.33..3694.34 rows=1 width=8)
	  ->  Bitmap Heap Scan on sbtest4  (cost=34.17..3691.95 rows=950 width=4)
	        Recheck Cond: ((id >= 915489) AND (id <= 916488))
	        ->  Bitmap Index Scan on sbtest4_pkey  (cost=0.00..33.94 rows=950 width=0)
	              Index Cond: ((id >= 915489) AND (id <= 916488))

table 5 : explain SELECT SUM(k) FROM sbtest5 WHERE id BETWEEN 9288849 AND 9289848
	Aggregate  (cost=3879.40..3879.41 rows=1 width=8)
	  ->  Bitmap Heap Scan on sbtest5  (cost=34.67..3876.90 rows=999 width=4)
	        Recheck Cond: ((id >= 9288849) AND (id <= 9289848))
	        ->  Bitmap Index Scan on sbtest5_pkey  (cost=0.00..34.43 rows=999 width=0)
	              Index Cond: ((id >= 9288849) AND (id <= 9289848))

table 6 : explain SELECT SUM(k) FROM sbtest6 WHERE id BETWEEN 4263593 AND 4264592
	Aggregate  (cost=3804.39..3804.40 rows=1 width=8)
	  ->  Bitmap Heap Scan on sbtest6  (cost=34.48..3801.94 rows=980 width=4)
	        Recheck Cond: ((id >= 4263593) AND (id <= 4264592))
	        ->  Bitmap Index Scan on sbtest6_pkey  (cost=0.00..34.23 rows=980 width=0)
	              Index Cond: ((id >= 4263593) AND (id <= 4264592))

table 7 : explain SELECT SUM(k) FROM sbtest7 WHERE id BETWEEN 9039175 AND 9040174
	Aggregate  (cost=3655.32..3655.33 rows=1 width=8)
	  ->  Bitmap Heap Scan on sbtest7  (cost=34.07..3652.97 rows=940 width=4)
	        Recheck Cond: ((id >= 9039175) AND (id <= 9040174))
	        ->  Bitmap Index Scan on sbtest7_pkey  (cost=0.00..33.84 rows=940 width=0)
	              Index Cond: ((id >= 9039175) AND (id <= 9040174))

table 8 : explain SELECT SUM(k) FROM sbtest8 WHERE id BETWEEN 9199153 AND 9200152
	Aggregate  (cost=3886.22..3886.23 rows=1 width=8)
	  ->  Bitmap Heap Scan on sbtest8  (cost=34.71..3883.72 rows=1002 width=4)
	        Recheck Cond: ((id >= 9199153) AND (id <= 9200152))
	        ->  Bitmap Index Scan on sbtest8_pkey  (cost=0.00..34.45 rows=1002 width=0)
	              Index Cond: ((id >= 9199153) AND (id <= 9200152))

explain: for point_selects :: explain SELECT c FROM sbtest%u WHERE id=%u
explain: for point_selects :: explain SELECT c FROM sbtest%u WHERE id=%u
for point_selects
table 1 : explain SELECT c FROM sbtest1 WHERE id=9597708
	Index Scan using sbtest1_pkey on sbtest1  (cost=0.43..8.45 rows=1 width=121)
	  Index Cond: (id = 9597708)

table 2 : explain SELECT c FROM sbtest2 WHERE id=1583481
	Index Scan using sbtest2_pkey on sbtest2  (cost=0.43..8.45 rows=1 width=121)
	  Index Cond: (id = 1583481)

table 3 : explain SELECT c FROM sbtest3 WHERE id=7637452
	Index Scan using sbtest3_pkey on sbtest3  (cost=0.43..8.45 rows=1 width=121)
	  Index Cond: (id = 7637452)

table 4 : explain SELECT c FROM sbtest4 WHERE id=7027581
	Index Scan using sbtest4_pkey on sbtest4  (cost=0.43..8.45 rows=1 width=121)
	  Index Cond: (id = 7027581)

table 5 : explain SELECT c FROM sbtest5 WHERE id=2574505
	Index Scan using sbtest5_pkey on sbtest5  (cost=0.43..8.45 rows=1 width=121)
	  Index Cond: (id = 2574505)

table 6 : explain SELECT c FROM sbtest6 WHERE id=2868927
	Index Scan using sbtest6_pkey on sbtest6  (cost=0.43..8.45 rows=1 width=121)
	  Index Cond: (id = 2868927)

table 7 : explain SELECT c FROM sbtest7 WHERE id=3280717
	Index Scan using sbtest7_pkey on sbtest7  (cost=0.43..8.45 rows=1 width=121)
	  Index Cond: (id = 3280717)

table 8 : explain SELECT c FROM sbtest8 WHERE id=516299
	Index Scan using sbtest8_pkey on sbtest8  (cost=0.43..8.45 rows=1 width=121)
	  Index Cond: (id = 516299)

for point_selects
table 1 : explain SELECT c FROM sbtest1 WHERE id=9837887
	Index Scan using sbtest1_pkey on sbtest1  (cost=0.43..8.45 rows=1 width=121)
	  Index Cond: (id = 9837887)

table 2 : explain SELECT c FROM sbtest2 WHERE id=8329610
	Index Scan using sbtest2_pkey on sbtest2  (cost=0.43..8.45 rows=1 width=121)
	  Index Cond: (id = 8329610)

table 3 : explain SELECT c FROM sbtest3 WHERE id=2158613
	Index Scan using sbtest3_pkey on sbtest3  (cost=0.43..8.45 rows=1 width=121)
	  Index Cond: (id = 2158613)

table 4 : explain SELECT c FROM sbtest4 WHERE id=3493895
	Index Scan using sbtest4_pkey on sbtest4  (cost=0.43..8.45 rows=1 width=121)
	  Index Cond: (id = 3493895)

table 5 : explain SELECT c FROM sbtest5 WHERE id=7814243
	Index Scan using sbtest5_pkey on sbtest5  (cost=0.43..8.45 rows=1 width=121)
	  Index Cond: (id = 7814243)

table 6 : explain SELECT c FROM sbtest6 WHERE id=9118953
	Index Scan using sbtest6_pkey on sbtest6  (cost=0.43..8.45 rows=1 width=121)
	  Index Cond: (id = 9118953)

table 7 : explain SELECT c FROM sbtest7 WHERE id=6975341
	Index Scan using sbtest7_pkey on sbtest7  (cost=0.43..8.45 rows=1 width=121)
	  Index Cond: (id = 6975341)

table 8 : explain SELECT c FROM sbtest8 WHERE id=3324850
	Index Scan using sbtest8_pkey on sbtest8  (cost=0.43..8.45 rows=1 width=121)
	  Index Cond: (id = 3324850)

for: order_ranges
table 1 : explain SELECT c FROM sbtest1 WHERE id BETWEEN 5051101 AND 5052100 ORDER BY c
	Sort  (cost=4039.05..4041.62 rows=1029 width=121)
	  Sort Key: c
	  ->  Bitmap Heap Scan on sbtest1  (cost=34.98..3987.56 rows=1029 width=121)
	        Recheck Cond: ((id >= 5051101) AND (id <= 5052100))
	        ->  Bitmap Index Scan on sbtest1_pkey  (cost=0.00..34.73 rows=1029 width=0)
	              Index Cond: ((id >= 5051101) AND (id <= 5052100))

table 2 : explain SELECT c FROM sbtest2 WHERE id BETWEEN 3674314 AND 3675313 ORDER BY c
	Sort  (cost=3790.62..3793.03 rows=965 width=121)
	  Sort Key: c
	  ->  Bitmap Heap Scan on sbtest2  (cost=34.33..3742.78 rows=965 width=121)
	        Recheck Cond: ((id >= 3674314) AND (id <= 3675313))
	        ->  Bitmap Index Scan on sbtest2_pkey  (cost=0.00..34.09 rows=965 width=0)
	              Index Cond: ((id >= 3674314) AND (id <= 3675313))

table 3 : explain SELECT c FROM sbtest3 WHERE id BETWEEN 4348737 AND 4349736 ORDER BY c
	Sort  (cost=4041.70..4044.27 rows=1029 width=121)
	  Sort Key: c
	  ->  Bitmap Heap Scan on sbtest3  (cost=34.98..3990.22 rows=1029 width=121)
	        Recheck Cond: ((id >= 4348737) AND (id <= 4349736))
	        ->  Bitmap Index Scan on sbtest3_pkey  (cost=0.00..34.73 rows=1029 width=0)
	              Index Cond: ((id >= 4348737) AND (id <= 4349736))

table 4 : explain SELECT c FROM sbtest4 WHERE id BETWEEN 4698082 AND 4699081 ORDER BY c
	Sort  (cost=3884.81..3887.28 rows=988 width=121)
	  Sort Key: c
	  ->  Bitmap Heap Scan on sbtest4  (cost=34.56..3835.67 rows=988 width=121)
	        Recheck Cond: ((id >= 4698082) AND (id <= 4699081))
	        ->  Bitmap Index Scan on sbtest4_pkey  (cost=0.00..34.32 rows=988 width=0)
	              Index Cond: ((id >= 4698082) AND (id <= 4699081))

table 5 : explain SELECT c FROM sbtest5 WHERE id BETWEEN 3473855 AND 3474854 ORDER BY c
	Sort  (cost=4122.09..4124.72 rows=1050 width=121)
	  Sort Key: c
	  ->  Bitmap Heap Scan on sbtest5  (cost=35.20..4069.40 rows=1050 width=121)
	        Recheck Cond: ((id >= 3473855) AND (id <= 3474854))
	        ->  Bitmap Index Scan on sbtest5_pkey  (cost=0.00..34.94 rows=1050 width=0)
	              Index Cond: ((id >= 3473855) AND (id <= 3474854))

table 6 : explain SELECT c FROM sbtest6 WHERE id BETWEEN 3425212 AND 3426211 ORDER BY c
	Sort  (cost=3877.45..3879.92 rows=987 width=121)
	  Sort Key: c
	  ->  Bitmap Heap Scan on sbtest6  (cost=34.55..3828.36 rows=987 width=121)
	        Recheck Cond: ((id >= 3425212) AND (id <= 3426211))
	        ->  Bitmap Index Scan on sbtest6_pkey  (cost=0.00..34.31 rows=987 width=0)
	              Index Cond: ((id >= 3425212) AND (id <= 3426211))

table 7 : explain SELECT c FROM sbtest7 WHERE id BETWEEN 9430059 AND 9431058 ORDER BY c
	Sort  (cost=3803.03..3805.45 rows=967 width=121)
	  Sort Key: c
	  ->  Bitmap Heap Scan on sbtest7  (cost=34.35..3755.08 rows=967 width=121)
	        Recheck Cond: ((id >= 9430059) AND (id <= 9431058))
	        ->  Bitmap Index Scan on sbtest7_pkey  (cost=0.00..34.11 rows=967 width=0)
	              Index Cond: ((id >= 9430059) AND (id <= 9431058))

table 8 : explain SELECT c FROM sbtest8 WHERE id BETWEEN 7123257 AND 7124256 ORDER BY c
	Sort  (cost=3650.09..3652.41 rows=928 width=121)
	  Sort Key: c
	  ->  Bitmap Heap Scan on sbtest8  (cost=33.95..3604.35 rows=928 width=121)
	        Recheck Cond: ((id >= 7123257) AND (id <= 7124256))
	        ->  Bitmap Index Scan on sbtest8_pkey  (cost=0.00..33.72 rows=928 width=0)
	              Index Cond: ((id >= 7123257) AND (id <= 7124256))

for: order_ranges
table 1 : explain SELECT c FROM sbtest1 WHERE id BETWEEN 1318756 AND 1319755 ORDER BY c
	Sort  (cost=3648.04..3650.36 rows=927 width=121)
	  Sort Key: c
	  ->  Bitmap Heap Scan on sbtest1  (cost=33.94..3602.35 rows=927 width=121)
	        Recheck Cond: ((id >= 1318756) AND (id <= 1319755))
	        ->  Bitmap Index Scan on sbtest1_pkey  (cost=0.00..33.70 rows=927 width=0)
	              Index Cond: ((id >= 1318756) AND (id <= 1319755))

table 2 : explain SELECT c FROM sbtest2 WHERE id BETWEEN 27023 AND 28022 ORDER BY c
	Sort  (cost=4325.82..4328.58 rows=1104 width=121)
	  Sort Key: c
	  ->  Bitmap Heap Scan on sbtest2  (cost=39.75..4270.02 rows=1104 width=121)
	        Recheck Cond: ((id >= 27023) AND (id <= 28022))
	        ->  Bitmap Index Scan on sbtest2_pkey  (cost=0.00..39.48 rows=1104 width=0)
	              Index Cond: ((id >= 27023) AND (id <= 28022))

table 3 : explain SELECT c FROM sbtest3 WHERE id BETWEEN 4167307 AND 4168306 ORDER BY c
	Sort  (cost=3984.22..3986.76 rows=1014 width=121)
	  Sort Key: c
	  ->  Bitmap Heap Scan on sbtest3  (cost=34.83..3933.59 rows=1014 width=121)
	        Recheck Cond: ((id >= 4167307) AND (id <= 4168306))
	        ->  Bitmap Index Scan on sbtest3_pkey  (cost=0.00..34.58 rows=1014 width=0)
	              Index Cond: ((id >= 4167307) AND (id <= 4168306))

table 4 : explain SELECT c FROM sbtest4 WHERE id BETWEEN 4644443 AND 4645442 ORDER BY c
	Sort  (cost=3884.81..3887.28 rows=988 width=121)
	  Sort Key: c
	  ->  Bitmap Heap Scan on sbtest4  (cost=34.56..3835.67 rows=988 width=121)
	        Recheck Cond: ((id >= 4644443) AND (id <= 4645442))
	        ->  Bitmap Index Scan on sbtest4_pkey  (cost=0.00..34.32 rows=988 width=0)
	              Index Cond: ((id >= 4644443) AND (id <= 4645442))

table 5 : explain SELECT c FROM sbtest5 WHERE id BETWEEN 7641844 AND 7642843 ORDER BY c
	Sort  (cost=3807.74..3810.16 rows=968 width=121)
	  Sort Key: c
	  ->  Bitmap Heap Scan on sbtest5  (cost=34.36..3759.74 rows=968 width=121)
	        Recheck Cond: ((id >= 7641844) AND (id <= 7642843))
	        ->  Bitmap Index Scan on sbtest5_pkey  (cost=0.00..34.12 rows=968 width=0)
	              Index Cond: ((id >= 7641844) AND (id <= 7642843))

table 6 : explain SELECT c FROM sbtest6 WHERE id BETWEEN 7347397 AND 7348396 ORDER BY c
	Sort  (cost=4217.96..4220.65 rows=1076 width=121)
	  Sort Key: c
	  ->  Bitmap Heap Scan on sbtest6  (cost=35.46..4163.77 rows=1076 width=121)
	        Recheck Cond: ((id >= 7347397) AND (id <= 7348396))
	        ->  Bitmap Index Scan on sbtest6_pkey  (cost=0.00..35.20 rows=1076 width=0)
	              Index Cond: ((id >= 7347397) AND (id <= 7348396))

table 7 : explain SELECT c FROM sbtest7 WHERE id BETWEEN 3905762 AND 3906761 ORDER BY c
	Sort  (cost=3918.09..3920.59 rows=997 width=121)
	  Sort Key: c
	  ->  Bitmap Heap Scan on sbtest7  (cost=34.65..3868.44 rows=997 width=121)
	        Recheck Cond: ((id >= 3905762) AND (id <= 3906761))
	        ->  Bitmap Index Scan on sbtest7_pkey  (cost=0.00..34.41 rows=997 width=0)
	              Index Cond: ((id >= 3905762) AND (id <= 3906761))

table 8 : explain SELECT c FROM sbtest8 WHERE id BETWEEN 8216627 AND 8217626 ORDER BY c
	Sort  (cost=3465.63..3467.83 rows=881 width=121)
	  Sort Key: c
	  ->  Bitmap Heap Scan on sbtest8  (cost=29.47..3422.54 rows=881 width=121)
	        Recheck Cond: ((id >= 8216627) AND (id <= 8217626))
	        ->  Bitmap Index Scan on sbtest8_pkey  (cost=0.00..29.25 rows=881 width=0)
	              Index Cond: ((id >= 8216627) AND (id <= 8217626))

for: distinct_ranges
table 1 : explain SELECT DISTINCT c FROM sbtest1 WHERE id BETWEEN 4790901 AND 4791900 ORDER BY c
	Unique  (cost=3943.33..3948.35 rows=1004 width=121)
	  ->  Sort  (cost=3943.33..3945.84 rows=1004 width=121)
	        Sort Key: c
	        ->  Bitmap Heap Scan on sbtest1  (cost=34.73..3893.27 rows=1004 width=121)
	              Recheck Cond: ((id >= 4790901) AND (id <= 4791900))
	              ->  Bitmap Index Scan on sbtest1_pkey  (cost=0.00..34.48 rows=1004 width=0)
	                    Index Cond: ((id >= 4790901) AND (id <= 4791900))

table 2 : explain SELECT DISTINCT c FROM sbtest2 WHERE id BETWEEN 7171292 AND 7172291 ORDER BY c
	Unique  (cost=4031.66..4036.80 rows=1028 width=121)
	  ->  Sort  (cost=4031.66..4034.23 rows=1028 width=121)
	        Sort Key: c
	        ->  Bitmap Heap Scan on sbtest2  (cost=34.97..3980.24 rows=1028 width=121)
	              Recheck Cond: ((id >= 7171292) AND (id <= 7172291))
	              ->  Bitmap Index Scan on sbtest2_pkey  (cost=0.00..34.72 rows=1028 width=0)
	                    Index Cond: ((id >= 7171292) AND (id <= 7172291))

table 3 : explain SELECT DISTINCT c FROM sbtest3 WHERE id BETWEEN 9046175 AND 9047174 ORDER BY c
	Unique  (cost=4263.72..4269.16 rows=1087 width=121)
	  ->  Sort  (cost=4263.72..4266.44 rows=1087 width=121)
	        Sort Key: c
	        ->  Bitmap Heap Scan on sbtest3  (cost=35.58..4208.90 rows=1087 width=121)
	              Recheck Cond: ((id >= 9046175) AND (id <= 9047174))
	              ->  Bitmap Index Scan on sbtest3_pkey  (cost=0.00..35.31 rows=1087 width=0)
	                    Index Cond: ((id >= 9046175) AND (id <= 9047174))

table 4 : explain SELECT DISTINCT c FROM sbtest4 WHERE id BETWEEN 5118901 AND 5119900 ORDER BY c
	Unique  (cost=3942.34..3947.36 rows=1003 width=121)
	  ->  Sort  (cost=3942.34..3944.85 rows=1003 width=121)
	        Sort Key: c
	        ->  Bitmap Heap Scan on sbtest4  (cost=34.72..3892.34 rows=1003 width=121)
	              Recheck Cond: ((id >= 5118901) AND (id <= 5119900))
	              ->  Bitmap Index Scan on sbtest4_pkey  (cost=0.00..34.47 rows=1003 width=0)
	                    Index Cond: ((id >= 5118901) AND (id <= 5119900))

table 5 : explain SELECT DISTINCT c FROM sbtest5 WHERE id BETWEEN 9944179 AND 9945178 ORDER BY c
	Unique  (cost=3915.17..3920.15 rows=996 width=121)
	  ->  Sort  (cost=3915.17..3917.66 rows=996 width=121)
	        Sort Key: c
	        ->  Bitmap Heap Scan on sbtest5  (cost=34.64..3865.57 rows=996 width=121)
	              Recheck Cond: ((id >= 9944179) AND (id <= 9945178))
	              ->  Bitmap Index Scan on sbtest5_pkey  (cost=0.00..34.40 rows=996 width=0)
	                    Index Cond: ((id >= 9944179) AND (id <= 9945178))

table 6 : explain SELECT DISTINCT c FROM sbtest6 WHERE id BETWEEN 4797515 AND 4798514 ORDER BY c
	Unique  (cost=3439.74..3444.11 rows=874 width=121)
	  ->  Sort  (cost=3439.74..3441.93 rows=874 width=121)
	        Sort Key: c
	        ->  Bitmap Heap Scan on sbtest6  (cost=29.39..3397.04 rows=874 width=121)
	              Recheck Cond: ((id >= 4797515) AND (id <= 4798514))
	              ->  Bitmap Index Scan on sbtest6_pkey  (cost=0.00..29.18 rows=874 width=0)
	                    Index Cond: ((id >= 4797515) AND (id <= 4798514))

table 7 : explain SELECT DISTINCT c FROM sbtest7 WHERE id BETWEEN 7527957 AND 7528956 ORDER BY c
	Unique  (cost=4071.34..4076.53 rows=1037 width=121)
	  ->  Sort  (cost=4071.34..4073.93 rows=1037 width=121)
	        Sort Key: c
	        ->  Bitmap Heap Scan on sbtest7  (cost=35.06..4019.40 rows=1037 width=121)
	              Recheck Cond: ((id >= 7527957) AND (id <= 7528956))
	              ->  Bitmap Index Scan on sbtest7_pkey  (cost=0.00..34.81 rows=1037 width=0)
	                    Index Cond: ((id >= 7527957) AND (id <= 7528956))

table 8 : explain SELECT DISTINCT c FROM sbtest8 WHERE id BETWEEN 327248 AND 328247 ORDER BY c
	Unique  (cost=3684.61..3689.30 rows=937 width=121)
	  ->  Sort  (cost=3684.61..3686.96 rows=937 width=121)
	        Sort Key: c
	        ->  Bitmap Heap Scan on sbtest8  (cost=34.04..3638.36 rows=937 width=121)
	              Recheck Cond: ((id >= 327248) AND (id <= 328247))
	              ->  Bitmap Index Scan on sbtest8_pkey  (cost=0.00..33.81 rows=937 width=0)
	                    Index Cond: ((id >= 327248) AND (id <= 328247))

explain: for point_selects :: explain SELECT c FROM sbtest%u WHERE id=%u
for: order_ranges
table 1 : explain SELECT c FROM sbtest1 WHERE id BETWEEN 1931962 AND 1932961 ORDER BY c
	Sort  (cost=4127.05..4129.68 rows=1052 width=121)
	  Sort Key: c
	  ->  Bitmap Heap Scan on sbtest1  (cost=35.22..4074.24 rows=1052 width=121)
	        Recheck Cond: ((id >= 1931962) AND (id <= 1932961))
	        ->  Bitmap Index Scan on sbtest1_pkey  (cost=0.00..34.95 rows=1052 width=0)
	              Index Cond: ((id >= 1931962) AND (id <= 1932961))

table 2 : explain SELECT c FROM sbtest2 WHERE id BETWEEN 7647223 AND 7648222 ORDER BY c
	Sort  (cost=3606.64..3608.93 rows=917 width=121)
	  Sort Key: c
	  ->  Bitmap Heap Scan on sbtest2  (cost=33.83..3561.52 rows=917 width=121)
	        Recheck Cond: ((id >= 7647223) AND (id <= 7648222))
	        ->  Bitmap Index Scan on sbtest2_pkey  (cost=0.00..33.61 rows=917 width=0)
	              Index Cond: ((id >= 7647223) AND (id <= 7648222))

table 3 : explain SELECT c FROM sbtest3 WHERE id BETWEEN 6466654 AND 6467653 ORDER BY c
	Sort  (cost=4026.38..4028.94 rows=1025 width=121)
	  Sort Key: c
	  ->  Bitmap Heap Scan on sbtest3  (cost=34.94..3975.12 rows=1025 width=121)
	        Recheck Cond: ((id >= 6466654) AND (id <= 6467653))
	        ->  Bitmap Index Scan on sbtest3_pkey  (cost=0.00..34.69 rows=1025 width=0)
	              Index Cond: ((id >= 6466654) AND (id <= 6467653))

table 4 : explain SELECT c FROM sbtest4 WHERE id BETWEEN 8931454 AND 8932453 ORDER BY c
	Sort  (cost=3930.84..3933.34 rows=1000 width=121)
	  Sort Key: c
	  ->  Bitmap Heap Scan on sbtest4  (cost=34.69..3881.01 rows=1000 width=121)
	        Recheck Cond: ((id >= 8931454) AND (id <= 8932453))
	        ->  Bitmap Index Scan on sbtest4_pkey  (cost=0.00..34.44 rows=1000 width=0)
	              Index Cond: ((id >= 8931454) AND (id <= 8932453))

table 5 : explain SELECT c FROM sbtest5 WHERE id BETWEEN 2431821 AND 2432820 ORDER BY c
	Sort  (cost=3780.87..3783.28 rows=961 width=121)
	  Sort Key: c
	  ->  Bitmap Heap Scan on sbtest5  (cost=34.29..3733.26 rows=961 width=121)
	        Recheck Cond: ((id >= 2431821) AND (id <= 2432820))
	        ->  Bitmap Index Scan on sbtest5_pkey  (cost=0.00..34.05 rows=961 width=0)
	              Index Cond: ((id >= 2431821) AND (id <= 2432820))

table 6 : explain SELECT c FROM sbtest6 WHERE id BETWEEN 5915611 AND 5916610 ORDER BY c
	Sort  (cost=3793.13..3795.55 rows=965 width=121)
	  Sort Key: c
	  ->  Bitmap Heap Scan on sbtest6  (cost=34.33..3745.30 rows=965 width=121)
	        Recheck Cond: ((id >= 5915611) AND (id <= 5916610))
	        ->  Bitmap Index Scan on sbtest6_pkey  (cost=0.00..34.09 rows=965 width=0)
	              Index Cond: ((id >= 5915611) AND (id <= 5916610))

table 7 : explain SELECT c FROM sbtest7 WHERE id BETWEEN 3931776 AND 3932775 ORDER BY c
	Sort  (cost=3918.09..3920.59 rows=997 width=121)
	  Sort Key: c
	  ->  Bitmap Heap Scan on sbtest7  (cost=34.65..3868.44 rows=997 width=121)
	        Recheck Cond: ((id >= 3931776) AND (id <= 3932775))
	        ->  Bitmap Index Scan on sbtest7_pkey  (cost=0.00..34.41 rows=997 width=0)
	              Index Cond: ((id >= 3931776) AND (id <= 3932775))

table 8 : explain SELECT c FROM sbtest8 WHERE id BETWEEN 9094718 AND 9095717 ORDER BY c
	Sort  (cost=3730.63..3733.00 rows=949 width=121)
	  Sort Key: c
	  ->  Bitmap Heap Scan on sbtest8  (cost=34.16..3683.70 rows=949 width=121)
	        Recheck Cond: ((id >= 9094718) AND (id <= 9095717))
	        ->  Bitmap Index Scan on sbtest8_pkey  (cost=0.00..33.93 rows=949 width=0)
	              Index Cond: ((id >= 9094718) AND (id <= 9095717))

for point_selects
table 1 : explain SELECT c FROM sbtest1 WHERE id=2227587
	Index Scan using sbtest1_pkey on sbtest1  (cost=0.43..8.45 rows=1 width=121)
	  Index Cond: (id = 2227587)

table 2 : explain SELECT c FROM sbtest2 WHERE id=2759637
	Index Scan using sbtest2_pkey on sbtest2  (cost=0.43..8.45 rows=1 width=121)
	  Index Cond: (id = 2759637)

table 3 : explain SELECT c FROM sbtest3 WHERE id=5903841
	Index Scan using sbtest3_pkey on sbtest3  (cost=0.43..8.45 rows=1 width=121)
	  Index Cond: (id = 5903841)

table 4 : explain SELECT c FROM sbtest4 WHERE id=202242
	Index Scan using sbtest4_pkey on sbtest4  (cost=0.43..8.45 rows=1 width=121)
	  Index Cond: (id = 202242)

table 5 : explain SELECT c FROM sbtest5 WHERE id=7238191
	Index Scan using sbtest5_pkey on sbtest5  (cost=0.43..8.45 rows=1 width=121)
	  Index Cond: (id = 7238191)

table 6 : explain SELECT c FROM sbtest6 WHERE id=12724
	Index Scan using sbtest6_pkey on sbtest6  (cost=0.43..8.45 rows=1 width=121)
	  Index Cond: (id = 12724)

table 7 : explain SELECT c FROM sbtest7 WHERE id=9000653
	Index Scan using sbtest7_pkey on sbtest7  (cost=0.43..8.45 rows=1 width=121)
	  Index Cond: (id = 9000653)

table 8 : explain SELECT c FROM sbtest8 WHERE id=3507818
	Index Scan using sbtest8_pkey on sbtest8  (cost=0.43..8.45 rows=1 width=121)
	  Index Cond: (id = 3507818)

for: distinct_ranges
table 1 : explain SELECT DISTINCT c FROM sbtest1 WHERE id BETWEEN 3440265 AND 3441264 ORDER BY c
	Unique  (cost=3759.34..3764.12 rows=956 width=121)
	  ->  Sort  (cost=3759.34..3761.73 rows=956 width=121)
	        Sort Key: c
	        ->  Bitmap Heap Scan on sbtest1  (cost=34.23..3712.01 rows=956 width=121)
	              Recheck Cond: ((id >= 3440265) AND (id <= 3441264))
	              ->  Bitmap Index Scan on sbtest1_pkey  (cost=0.00..34.00 rows=956 width=0)
	                    Index Cond: ((id >= 3440265) AND (id <= 3441264))

table 2 : explain SELECT DISTINCT c FROM sbtest2 WHERE id BETWEEN 5922314 AND 5923313 ORDER BY c
	Unique  (cost=3882.50..3887.45 rows=989 width=121)
	  ->  Sort  (cost=3882.50..3884.98 rows=989 width=121)
	        Sort Key: c
	        ->  Bitmap Heap Scan on sbtest2  (cost=34.57..3833.30 rows=989 width=121)
	              Recheck Cond: ((id >= 5922314) AND (id <= 5923313))
	              ->  Bitmap Index Scan on sbtest2_pkey  (cost=0.00..34.33 rows=989 width=0)
	                    Index Cond: ((id >= 5922314) AND (id <= 5923313))

table 3 : explain SELECT DISTINCT c FROM sbtest3 WHERE id BETWEEN 1852815 AND 1853814 ORDER BY c
	Unique  (cost=3949.72..3954.74 rows=1005 width=121)
	  ->  Sort  (cost=3949.72..3952.23 rows=1005 width=121)
	        Sort Key: c
	        ->  Bitmap Heap Scan on sbtest3  (cost=34.74..3899.60 rows=1005 width=121)
	              Recheck Cond: ((id >= 1852815) AND (id <= 1853814))
	              ->  Bitmap Index Scan on sbtest3_pkey  (cost=0.00..34.48 rows=1005 width=0)
	                    Index Cond: ((id >= 1852815) AND (id <= 1853814))

table 4 : explain SELECT DISTINCT c FROM sbtest4 WHERE id BETWEEN 6007638 AND 6008637 ORDER BY c
	Unique  (cost=3665.94..3670.60 rows=931 width=121)
	  ->  Sort  (cost=3665.94..3668.27 rows=931 width=121)
	        Sort Key: c
	        ->  Bitmap Heap Scan on sbtest4  (cost=33.98..3620.03 rows=931 width=121)
	              Recheck Cond: ((id >= 6007638) AND (id <= 6008637))
	              ->  Bitmap Index Scan on sbtest4_pkey  (cost=0.00..33.75 rows=931 width=0)
	                    Index Cond: ((id >= 6007638) AND (id <= 6008637))

table 5 : explain SELECT DISTINCT c FROM sbtest5 WHERE id BETWEEN 5298166 AND 5299165 ORDER BY c
	Unique  (cost=4156.55..4161.84 rows=1059 width=121)
	  ->  Sort  (cost=4156.55..4159.19 rows=1059 width=121)
	        Sort Key: c
	        ->  Bitmap Heap Scan on sbtest5  (cost=35.29..4103.34 rows=1059 width=121)
	              Recheck Cond: ((id >= 5298166) AND (id <= 5299165))
	              ->  Bitmap Index Scan on sbtest5_pkey  (cost=0.00..35.03 rows=1059 width=0)
	                    Index Cond: ((id >= 5298166) AND (id <= 5299165))

table 6 : explain SELECT DISTINCT c FROM sbtest6 WHERE id BETWEEN 1216337 AND 1217336 ORDER BY c
	Unique  (cost=4202.67..4208.03 rows=1072 width=121)
	  ->  Sort  (cost=4202.67..4205.35 rows=1072 width=121)
	        Sort Key: c
	        ->  Bitmap Heap Scan on sbtest6  (cost=35.42..4148.72 rows=1072 width=121)
	              Recheck Cond: ((id >= 1216337) AND (id <= 1217336))
	              ->  Bitmap Index Scan on sbtest6_pkey  (cost=0.00..35.16 rows=1072 width=0)
	                    Index Cond: ((id >= 1216337) AND (id <= 1217336))

table 7 : explain SELECT DISTINCT c FROM sbtest7 WHERE id BETWEEN 2399484 AND 2400483 ORDER BY c
	Unique  (cost=3994.74..3999.83 rows=1017 width=121)
	  ->  Sort  (cost=3994.74..3997.28 rows=1017 width=121)
	        Sort Key: c
	        ->  Bitmap Heap Scan on sbtest7  (cost=34.86..3943.94 rows=1017 width=121)
	              Recheck Cond: ((id >= 2399484) AND (id <= 2400483))
	              ->  Bitmap Index Scan on sbtest7_pkey  (cost=0.00..34.61 rows=1017 width=0)
	                    Index Cond: ((id >= 2399484) AND (id <= 2400483))

table 8 : explain SELECT DISTINCT c FROM sbtest8 WHERE id BETWEEN 6983230 AND 6984229 ORDER BY c
	Unique  (cost=4380.86..4386.45 rows=1118 width=121)
	  ->  Sort  (cost=4380.86..4383.66 rows=1118 width=121)
	        Sort Key: c
	        ->  Bitmap Heap Scan on sbtest8  (cost=39.89..4324.25 rows=1118 width=121)
	              Recheck Cond: ((id >= 6983230) AND (id <= 6984229))
	              ->  Bitmap Index Scan on sbtest8_pkey  (cost=0.00..39.62 rows=1118 width=0)
	                    Index Cond: ((id >= 6983230) AND (id <= 6984229))

for: distinct_ranges
table 1 : explain SELECT DISTINCT c FROM sbtest1 WHERE id BETWEEN 748891 AND 749890 ORDER BY c
	Unique  (cost=4127.05..4132.31 rows=1052 width=121)
	  ->  Sort  (cost=4127.05..4129.68 rows=1052 width=121)
	        Sort Key: c
	        ->  Bitmap Heap Scan on sbtest1  (cost=35.22..4074.24 rows=1052 width=121)
	              Recheck Cond: ((id >= 748891) AND (id <= 749890))
	              ->  Bitmap Index Scan on sbtest1_pkey  (cost=0.00..34.95 rows=1052 width=0)
	                    Index Cond: ((id >= 748891) AND (id <= 749890))

table 2 : explain SELECT DISTINCT c FROM sbtest2 WHERE id BETWEEN 7568062 AND 7569061 ORDER BY c
	Unique  (cost=3641.16..3645.79 rows=926 width=121)
	  ->  Sort  (cost=3641.16..3643.47 rows=926 width=121)
	        Sort Key: c
	        ->  Bitmap Heap Scan on sbtest2  (cost=33.93..3595.53 rows=926 width=121)
	              Recheck Cond: ((id >= 7568062) AND (id <= 7569061))
	              ->  Bitmap Index Scan on sbtest2_pkey  (cost=0.00..33.70 rows=926 width=0)
	                    Index Cond: ((id >= 7568062) AND (id <= 7569061))

table 3 : explain SELECT DISTINCT c FROM sbtest3 WHERE id BETWEEN 4179384 AND 4180383 ORDER BY c
	Unique  (cost=3984.22..3989.29 rows=1014 width=121)
	  ->  Sort  (cost=3984.22..3986.76 rows=1014 width=121)
	        Sort Key: c
	        ->  Bitmap Heap Scan on sbtest3  (cost=34.83..3933.59 rows=1014 width=121)
	              Recheck Cond: ((id >= 4179384) AND (id <= 4180383))
	              ->  Bitmap Index Scan on sbtest3_pkey  (cost=0.00..34.58 rows=1014 width=0)
	                    Index Cond: ((id >= 4179384) AND (id <= 4180383))

table 4 : explain SELECT DISTINCT c FROM sbtest4 WHERE id BETWEEN 4643024 AND 4644023 ORDER BY c
	Unique  (cost=3884.81..3889.75 rows=988 width=121)
	  ->  Sort  (cost=3884.81..3887.28 rows=988 width=121)
	        Sort Key: c
	        ->  Bitmap Heap Scan on sbtest4  (cost=34.56..3835.67 rows=988 width=121)
	              Recheck Cond: ((id >= 4643024) AND (id <= 4644023))
	              ->  Bitmap Index Scan on sbtest4_pkey  (cost=0.00..34.32 rows=988 width=0)
	                    Index Cond: ((id >= 4643024) AND (id <= 4644023))

table 5 : explain SELECT DISTINCT c FROM sbtest5 WHERE id BETWEEN 7328602 AND 7329601 ORDER BY c
	Unique  (cost=3688.70..3693.38 rows=937 width=121)
	  ->  Sort  (cost=3688.70..3691.04 rows=937 width=121)
	        Sort Key: c
	        ->  Bitmap Heap Scan on sbtest5  (cost=34.04..3642.45 rows=937 width=121)
	              Recheck Cond: ((id >= 7328602) AND (id <= 7329601))
	              ->  Bitmap Index Scan on sbtest5_pkey  (cost=0.00..33.81 rows=937 width=0)
	                    Index Cond: ((id >= 7328602) AND (id <= 7329601))

table 6 : explain SELECT DISTINCT c FROM sbtest6 WHERE id BETWEEN 3369673 AND 3370672 ORDER BY c
	Unique  (cost=3773.96..3778.76 rows=960 width=121)
	  ->  Sort  (cost=3773.96..3776.36 rows=960 width=121)
	        Sort Key: c
	        ->  Bitmap Heap Scan on sbtest6  (cost=34.28..3726.41 rows=960 width=121)
	              Recheck Cond: ((id >= 3369673) AND (id <= 3370672))
	              ->  Bitmap Index Scan on sbtest6_pkey  (cost=0.00..34.04 rows=960 width=0)
	                    Index Cond: ((id >= 3369673) AND (id <= 3370672))

table 7 : explain SELECT DISTINCT c FROM sbtest7 WHERE id BETWEEN 3556841 AND 3557840 ORDER BY c
	Unique  (cost=3730.11..3734.85 rows=948 width=121)
	  ->  Sort  (cost=3730.11..3732.48 rows=948 width=121)
	        Sort Key: c
	        ->  Bitmap Heap Scan on sbtest7  (cost=34.15..3683.24 rows=948 width=121)
	              Recheck Cond: ((id >= 3556841) AND (id <= 3557840))
	              ->  Bitmap Index Scan on sbtest7_pkey  (cost=0.00..33.92 rows=948 width=0)
	                    Index Cond: ((id >= 3556841) AND (id <= 3557840))

table 8 : explain SELECT DISTINCT c FROM sbtest8 WHERE id BETWEEN 6593139 AND 6594138 ORDER BY c
	Unique  (cost=3538.62..3543.12 rows=900 width=121)
	  ->  Sort  (cost=3538.62..3540.87 rows=900 width=121)
	        Sort Key: c
	        ->  Bitmap Heap Scan on sbtest8  (cost=29.66..3494.45 rows=900 width=121)
	              Recheck Cond: ((id >= 6593139) AND (id <= 6594138))
	              ->  Bitmap Index Scan on sbtest8_pkey  (cost=0.00..29.43 rows=900 width=0)
	                    Index Cond: ((id >= 6593139) AND (id <= 6594138))

for: order_ranges
table 1 : explain SELECT c FROM sbtest1 WHERE id BETWEEN 5185309 AND 5186308 ORDER BY c
	Sort  (cost=3394.20..3396.36 rows=862 width=121)
	  Sort Key: c
	  ->  Bitmap Heap Scan on sbtest1  (cost=29.27..3352.17 rows=862 width=121)
	        Recheck Cond: ((id >= 5185309) AND (id <= 5186308))
	        ->  Bitmap Index Scan on sbtest1_pkey  (cost=0.00..29.05 rows=862 width=0)
	              Index Cond: ((id >= 5185309) AND (id <= 5186308))

table 2 : explain SELECT c FROM sbtest2 WHERE id BETWEEN 3267285 AND 3268284 ORDER BY c
	Sort  (cost=3729.33..3731.70 rows=949 width=121)
	  Sort Key: c
	  ->  Bitmap Heap Scan on sbtest2  (cost=34.16..3682.40 rows=949 width=121)
	        Recheck Cond: ((id >= 3267285) AND (id <= 3268284))
	        ->  Bitmap Index Scan on sbtest2_pkey  (cost=0.00..33.93 rows=949 width=0)
	              Index Cond: ((id >= 3267285) AND (id <= 3268284))

table 3 : explain SELECT c FROM sbtest3 WHERE id BETWEEN 6873447 AND 6874446 ORDER BY c
	Sort  (cost=3896.03..3898.51 rows=991 width=121)
	  Sort Key: c
	  ->  Bitmap Heap Scan on sbtest3  (cost=34.59..3846.72 rows=991 width=121)
	        Recheck Cond: ((id >= 6873447) AND (id <= 6874446))
	        ->  Bitmap Index Scan on sbtest3_pkey  (cost=0.00..34.34 rows=991 width=0)
	              Index Cond: ((id >= 6873447) AND (id <= 6874446))

table 4 : explain SELECT c FROM sbtest4 WHERE id BETWEEN 3452916 AND 3453915 ORDER BY c
	Sort  (cost=4019.01..4021.57 rows=1023 width=121)
	  Sort Key: c
	  ->  Bitmap Heap Scan on sbtest4  (cost=34.92..3967.87 rows=1023 width=121)
	        Recheck Cond: ((id >= 3452916) AND (id <= 3453915))
	        ->  Bitmap Index Scan on sbtest4_pkey  (cost=0.00..34.67 rows=1023 width=0)
	              Index Cond: ((id >= 3452916) AND (id <= 3453915))

table 5 : explain SELECT c FROM sbtest5 WHERE id BETWEEN 3892104 AND 3893103 ORDER BY c
	Sort  (cost=3869.14..3871.60 rows=984 width=121)
	  Sort Key: c
	  ->  Bitmap Heap Scan on sbtest5  (cost=34.52..3820.22 rows=984 width=121)
	        Recheck Cond: ((id >= 3892104) AND (id <= 3893103))
	        ->  Bitmap Index Scan on sbtest5_pkey  (cost=0.00..34.28 rows=984 width=0)
	              Index Cond: ((id >= 3892104) AND (id <= 3893103))

table 6 : explain SELECT c FROM sbtest6 WHERE id BETWEEN 8344282 AND 8345281 ORDER BY c
	Sort  (cost=4057.38..4059.97 rows=1034 width=121)
	  Sort Key: c
	  ->  Bitmap Heap Scan on sbtest6  (cost=35.03..4005.61 rows=1034 width=121)
	        Recheck Cond: ((id >= 8344282) AND (id <= 8345281))
	        ->  Bitmap Index Scan on sbtest6_pkey  (cost=0.00..34.78 rows=1034 width=0)
	              Index Cond: ((id >= 8344282) AND (id <= 8345281))

table 7 : explain SELECT c FROM sbtest7 WHERE id BETWEEN 4999544 AND 5000543 ORDER BY c
	Sort  (cost=3891.26..3893.73 rows=990 width=121)
	  Sort Key: c
	  ->  Bitmap Heap Scan on sbtest7  (cost=34.58..3842.00 rows=990 width=121)
	        Recheck Cond: ((id >= 4999544) AND (id <= 5000543))
	        ->  Bitmap Index Scan on sbtest7_pkey  (cost=0.00..34.34 rows=990 width=0)
	              Index Cond: ((id >= 4999544) AND (id <= 5000543))

table 8 : explain SELECT c FROM sbtest8 WHERE id BETWEEN 4570754 AND 4571753 ORDER BY c
	Sort  (cost=4052.26..4054.84 rows=1033 width=121)
	  Sort Key: c
	  ->  Bitmap Heap Scan on sbtest8  (cost=35.02..4000.54 rows=1033 width=121)
	        Recheck Cond: ((id >= 4570754) AND (id <= 4571753))
	        ->  Bitmap Index Scan on sbtest8_pkey  (cost=0.00..34.77 rows=1033 width=0)
	              Index Cond: ((id >= 4570754) AND (id <= 4571753))

for point_selects
table 1 : explain SELECT c FROM sbtest1 WHERE id=602149
	Index Scan using sbtest1_pkey on sbtest1  (cost=0.43..8.45 rows=1 width=121)
	  Index Cond: (id = 602149)

table 2 : explain SELECT c FROM sbtest2 WHERE id=3923331
	Index Scan using sbtest2_pkey on sbtest2  (cost=0.43..8.45 rows=1 width=121)
	  Index Cond: (id = 3923331)

table 3 : explain SELECT c FROM sbtest3 WHERE id=4892656
	Index Scan using sbtest3_pkey on sbtest3  (cost=0.43..8.45 rows=1 width=121)
	  Index Cond: (id = 4892656)

table 4 : explain SELECT c FROM sbtest4 WHERE id=686422
	Index Scan using sbtest4_pkey on sbtest4  (cost=0.43..8.45 rows=1 width=121)
	  Index Cond: (id = 686422)

table 5 : explain SELECT c FROM sbtest5 WHERE id=1003387
	Index Scan using sbtest5_pkey on sbtest5  (cost=0.43..8.45 rows=1 width=121)
	  Index Cond: (id = 1003387)

table 6 : explain SELECT c FROM sbtest6 WHERE id=6881018
	Index Scan using sbtest6_pkey on sbtest6  (cost=0.43..8.45 rows=1 width=121)
	  Index Cond: (id = 6881018)

table 7 : explain SELECT c FROM sbtest7 WHERE id=674060
	Index Scan using sbtest7_pkey on sbtest7  (cost=0.43..8.45 rows=1 width=121)
	  Index Cond: (id = 674060)

table 8 : explain SELECT c FROM sbtest8 WHERE id=5182231
	Index Scan using sbtest8_pkey on sbtest8  (cost=0.43..8.45 rows=1 width=121)
	  Index Cond: (id = 5182231)

for: simple_ranges
table 1 : explain SELECT c FROM sbtest1 WHERE id BETWEEN 3151670 AND 3152669
	Bitmap Heap Scan on sbtest1  (cost=29.44..3416.61 rows=879 width=121)
	  Recheck Cond: ((id >= 3151670) AND (id <= 3152669))
	  ->  Bitmap Index Scan on sbtest1_pkey  (cost=0.00..29.22 rows=879 width=0)
	        Index Cond: ((id >= 3151670) AND (id <= 3152669))

table 2 : explain SELECT c FROM sbtest2 WHERE id BETWEEN 6696390 AND 6697389
	Bitmap Heap Scan on sbtest2  (cost=34.57..3833.30 rows=989 width=121)
	  Recheck Cond: ((id >= 6696390) AND (id <= 6697389))
	  ->  Bitmap Index Scan on sbtest2_pkey  (cost=0.00..34.33 rows=989 width=0)
	        Index Cond: ((id >= 6696390) AND (id <= 6697389))

table 3 : explain SELECT c FROM sbtest3 WHERE id BETWEEN 1750263 AND 1751262
	Bitmap Heap Scan on sbtest3  (cost=33.90..3589.47 rows=923 width=121)
	  Recheck Cond: ((id >= 1750263) AND (id <= 1751262))
	  ->  Bitmap Index Scan on sbtest3_pkey  (cost=0.00..33.67 rows=923 width=0)
	        Index Cond: ((id >= 1750263) AND (id <= 1751262))

table 4 : explain SELECT c FROM sbtest4 WHERE id BETWEEN 6411444 AND 6412443
	Bitmap Heap Scan on sbtest4  (cost=34.25..3722.22 rows=958 width=121)
	  Recheck Cond: ((id >= 6411444) AND (id <= 6412443))
	  ->  Bitmap Index Scan on sbtest4_pkey  (cost=0.00..34.02 rows=958 width=0)
	        Index Cond: ((id >= 6411444) AND (id <= 6412443))

table 5 : explain SELECT c FROM sbtest5 WHERE id BETWEEN 4241657 AND 4242656
	Bitmap Heap Scan on sbtest5  (cost=34.95..3978.85 rows=1026 width=121)
	  Recheck Cond: ((id >= 4241657) AND (id <= 4242656))
	  ->  Bitmap Index Scan on sbtest5_pkey  (cost=0.00..34.70 rows=1026 width=0)
	        Index Cond: ((id >= 4241657) AND (id <= 4242656))

table 6 : explain SELECT c FROM sbtest6 WHERE id BETWEEN 8199 AND 9198
	Bitmap Heap Scan on sbtest6  (cost=34.87..3945.30 rows=1018 width=121)
	  Recheck Cond: ((id >= 8199) AND (id <= 9198))
	  ->  Bitmap Index Scan on sbtest6_pkey  (cost=0.00..34.62 rows=1018 width=0)
	        Index Cond: ((id >= 8199) AND (id <= 9198))

table 7 : explain SELECT c FROM sbtest7 WHERE id BETWEEN 8089690 AND 8090689
	Bitmap Heap Scan on sbtest7  (cost=34.21..3705.93 rows=954 width=121)
	  Recheck Cond: ((id >= 8089690) AND (id <= 8090689))
	  ->  Bitmap Index Scan on sbtest7_pkey  (cost=0.00..33.98 rows=954 width=0)
	        Index Cond: ((id >= 8089690) AND (id <= 8090689))

table 8 : explain SELECT c FROM sbtest8 WHERE id BETWEEN 132687 AND 133686
	Bitmap Heap Scan on sbtest8  (cost=35.19..4060.79 rows=1049 width=121)
	  Recheck Cond: ((id >= 132687) AND (id <= 133686))
	  ->  Bitmap Index Scan on sbtest8_pkey  (cost=0.00..34.93 rows=1049 width=0)
	        Index Cond: ((id >= 132687) AND (id <= 133686))

for: simple_ranges
table 1 : explain SELECT c FROM sbtest1 WHERE id BETWEEN 2108293 AND 2109292
	Bitmap Heap Scan on sbtest1  (cost=34.31..3738.46 rows=963 width=121)
	  Recheck Cond: ((id >= 2108293) AND (id <= 2109292))
	  ->  Bitmap Index Scan on sbtest1_pkey  (cost=0.00..34.07 rows=963 width=0)
	        Index Cond: ((id >= 2108293) AND (id <= 2109292))

table 2 : explain SELECT c FROM sbtest2 WHERE id BETWEEN 6782872 AND 6783871
	Bitmap Heap Scan on sbtest2  (cost=34.47..3795.60 rows=979 width=121)
	  Recheck Cond: ((id >= 6782872) AND (id <= 6783871))
	  ->  Bitmap Index Scan on sbtest2_pkey  (cost=0.00..34.23 rows=979 width=0)
	        Index Cond: ((id >= 6782872) AND (id <= 6783871))

table 3 : explain SELECT c FROM sbtest3 WHERE id BETWEEN 7507697 AND 7508696
	Bitmap Heap Scan on sbtest3  (cost=34.54..3827.82 rows=986 width=121)
	  Recheck Cond: ((id >= 7507697) AND (id <= 7508696))
	  ->  Bitmap Index Scan on sbtest3_pkey  (cost=0.00..34.30 rows=986 width=0)
	        Index Cond: ((id >= 7507697) AND (id <= 7508696))

table 4 : explain SELECT c FROM sbtest4 WHERE id BETWEEN 8669294 AND 8670293
	Bitmap Heap Scan on sbtest4  (cost=34.67..3877.23 rows=999 width=121)
	  Recheck Cond: ((id >= 8669294) AND (id <= 8670293))
	  ->  Bitmap Index Scan on sbtest4_pkey  (cost=0.00..34.43 rows=999 width=0)
	        Index Cond: ((id >= 8669294) AND (id <= 8670293))

table 5 : explain SELECT c FROM sbtest5 WHERE id BETWEEN 5883033 AND 5884032
	Bitmap Heap Scan on sbtest5  (cost=29.66..3498.30 rows=900 width=121)
	  Recheck Cond: ((id >= 5883033) AND (id <= 5884032))
	  ->  Bitmap Index Scan on sbtest5_pkey  (cost=0.00..29.43 rows=900 width=0)
	        Index Cond: ((id >= 5883033) AND (id <= 5884032))

table 6 : explain SELECT c FROM sbtest6 WHERE id BETWEEN 1995605 AND 1996604
	Bitmap Heap Scan on sbtest6  (cost=34.31..3737.74 rows=963 width=121)
	  Recheck Cond: ((id >= 1995605) AND (id <= 1996604))
	  ->  Bitmap Index Scan on sbtest6_pkey  (cost=0.00..34.07 rows=963 width=0)
	        Index Cond: ((id >= 1995605) AND (id <= 1996604))

table 7 : explain SELECT c FROM sbtest7 WHERE id BETWEEN 6418931 AND 6419930
	Bitmap Heap Scan on sbtest7  (cost=35.59..4211.59 rows=1088 width=121)
	  Recheck Cond: ((id >= 6418931) AND (id <= 6419930))
	  ->  Bitmap Index Scan on sbtest7_pkey  (cost=0.00..35.32 rows=1088 width=0)
	        Index Cond: ((id >= 6418931) AND (id <= 6419930))

table 8 : explain SELECT c FROM sbtest8 WHERE id BETWEEN 1094726 AND 1095725
	Bitmap Heap Scan on sbtest8  (cost=34.45..3789.42 rows=977 width=121)
	  Recheck Cond: ((id >= 1094726) AND (id <= 1095725))
	  ->  Bitmap Index Scan on sbtest8_pkey  (cost=0.00..34.20 rows=977 width=0)
	        Index Cond: ((id >= 1094726) AND (id <= 1095725))

for: simple_ranges
table 1 : explain SELECT c FROM sbtest1 WHERE id BETWEEN 116899 AND 117898
	Bitmap Heap Scan on sbtest1  (cost=34.61..3851.76 rows=993 width=121)
	  Recheck Cond: ((id >= 116899) AND (id <= 117898))
	  ->  Bitmap Index Scan on sbtest1_pkey  (cost=0.00..34.37 rows=993 width=0)
	        Index Cond: ((id >= 116899) AND (id <= 117898))

table 2 : explain SELECT c FROM sbtest2 WHERE id BETWEEN 6481057 AND 6482056
	Bitmap Heap Scan on sbtest2  (cost=34.83..3927.51 rows=1014 width=121)
	  Recheck Cond: ((id >= 6481057) AND (id <= 6482056))
	  ->  Bitmap Index Scan on sbtest2_pkey  (cost=0.00..34.58 rows=1014 width=0)
	        Index Cond: ((id >= 6481057) AND (id <= 6482056))

table 3 : explain SELECT c FROM sbtest3 WHERE id BETWEEN 1719567 AND 1720566
	Bitmap Heap Scan on sbtest3  (cost=33.90..3589.47 rows=923 width=121)
	  Recheck Cond: ((id >= 1719567) AND (id <= 1720566))
	  ->  Bitmap Index Scan on sbtest3_pkey  (cost=0.00..33.67 rows=923 width=0)
	        Index Cond: ((id >= 1719567) AND (id <= 1720566))

table 4 : explain SELECT c FROM sbtest4 WHERE id BETWEEN 1118310 AND 1119309
	Bitmap Heap Scan on sbtest4  (cost=34.90..3960.32 rows=1021 width=121)
	  Recheck Cond: ((id >= 1118310) AND (id <= 1119309))
	  ->  Bitmap Index Scan on sbtest4_pkey  (cost=0.00..34.65 rows=1021 width=0)
	        Index Cond: ((id >= 1118310) AND (id <= 1119309))

table 5 : explain SELECT c FROM sbtest5 WHERE id BETWEEN 8398656 AND 8399655
	Bitmap Heap Scan on sbtest5  (cost=34.01..3631.09 rows=934 width=121)
	  Recheck Cond: ((id >= 8398656) AND (id <= 8399655))
	  ->  Bitmap Index Scan on sbtest5_pkey  (cost=0.00..33.78 rows=934 width=0)
	        Index Cond: ((id >= 8398656) AND (id <= 8399655))

table 6 : explain SELECT c FROM sbtest6 WHERE id BETWEEN 3795906 AND 3796905
	Bitmap Heap Scan on sbtest6  (cost=34.65..3866.10 rows=997 width=121)
	  Recheck Cond: ((id >= 3795906) AND (id <= 3796905))
	  ->  Bitmap Index Scan on sbtest6_pkey  (cost=0.00..34.41 rows=997 width=0)
	        Index Cond: ((id >= 3795906) AND (id <= 3796905))

table 7 : explain SELECT c FROM sbtest7 WHERE id BETWEEN 1789444 AND 1790443
	Bitmap Heap Scan on sbtest7  (cost=34.91..3962.81 rows=1022 width=121)
	  Recheck Cond: ((id >= 1789444) AND (id <= 1790443))
	  ->  Bitmap Index Scan on sbtest7_pkey  (cost=0.00..34.66 rows=1022 width=0)
	        Index Cond: ((id >= 1789444) AND (id <= 1790443))

table 8 : explain SELECT c FROM sbtest8 WHERE id BETWEEN 7751330 AND 7752329
	Bitmap Heap Scan on sbtest8  (cost=34.66..3868.63 rows=998 width=121)
	  Recheck Cond: ((id >= 7751330) AND (id <= 7752329))
	  ->  Bitmap Index Scan on sbtest8_pkey  (cost=0.00..34.42 rows=998 width=0)
	        Index Cond: ((id >= 7751330) AND (id <= 7752329))

for: distinct_ranges
table 1 : explain SELECT DISTINCT c FROM sbtest1 WHERE id BETWEEN 7107618 AND 7108617 ORDER BY c
	Unique  (cost=4062.01..4067.19 rows=1035 width=121)
	  ->  Sort  (cost=4062.01..4064.60 rows=1035 width=121)
	        Sort Key: c
	        ->  Bitmap Heap Scan on sbtest1  (cost=35.04..4010.18 rows=1035 width=121)
	              Recheck Cond: ((id >= 7107618) AND (id <= 7108617))
	              ->  Bitmap Index Scan on sbtest1_pkey  (cost=0.00..34.79 rows=1035 width=0)
	                    Index Cond: ((id >= 7107618) AND (id <= 7108617))

table 2 : explain SELECT DISTINCT c FROM sbtest2 WHERE id BETWEEN 8623342 AND 8624341 ORDER BY c
	Unique  (cost=4237.89..4243.30 rows=1082 width=121)
	  ->  Sort  (cost=4237.89..4240.60 rows=1082 width=121)
	        Sort Key: c
	        ->  Bitmap Heap Scan on sbtest2  (cost=35.53..4183.36 rows=1082 width=121)
	              Recheck Cond: ((id >= 8623342) AND (id <= 8624341))
	              ->  Bitmap Index Scan on sbtest2_pkey  (cost=0.00..35.26 rows=1082 width=0)
	                    Index Cond: ((id >= 8623342) AND (id <= 8624341))

table 3 : explain SELECT DISTINCT c FROM sbtest3 WHERE id BETWEEN 8808324 AND 8809323 ORDER BY c
	Unique  (cost=3746.35..3751.11 rows=952 width=121)
	  ->  Sort  (cost=3746.35..3748.73 rows=952 width=121)
	        Sort Key: c
	        ->  Bitmap Heap Scan on sbtest3  (cost=34.19..3699.25 rows=952 width=121)
	              Recheck Cond: ((id >= 8808324) AND (id <= 8809323))
	              ->  Bitmap Index Scan on sbtest3_pkey  (cost=0.00..33.95 rows=952 width=0)
	                    Index Cond: ((id >= 8808324) AND (id <= 8809323))

table 4 : explain SELECT DISTINCT c FROM sbtest4 WHERE id BETWEEN 6760717 AND 6761716 ORDER BY c
	Unique  (cost=3873.30..3878.23 rows=985 width=121)
	  ->  Sort  (cost=3873.30..3875.76 rows=985 width=121)
	        Sort Key: c
	        ->  Bitmap Heap Scan on sbtest4  (cost=34.53..3824.33 rows=985 width=121)
	              Recheck Cond: ((id >= 6760717) AND (id <= 6761716))
	              ->  Bitmap Index Scan on sbtest4_pkey  (cost=0.00..34.29 rows=985 width=0)
	                    Index Cond: ((id >= 6760717) AND (id <= 6761716))

table 5 : explain SELECT DISTINCT c FROM sbtest5 WHERE id BETWEEN 7127753 AND 7128752 ORDER BY c
	Unique  (cost=4248.38..4253.79 rows=1083 width=121)
	  ->  Sort  (cost=4248.38..4251.09 rows=1083 width=121)
	        Sort Key: c
	        ->  Bitmap Heap Scan on sbtest5  (cost=35.54..4193.79 rows=1083 width=121)
	              Recheck Cond: ((id >= 7127753) AND (id <= 7128752))
	              ->  Bitmap Index Scan on sbtest5_pkey  (cost=0.00..35.27 rows=1083 width=0)
	                    Index Cond: ((id >= 7127753) AND (id <= 7128752))

table 6 : explain SELECT DISTINCT c FROM sbtest6 WHERE id BETWEEN 4756979 AND 4757978 ORDER BY c
	Unique  (cost=3439.74..3444.11 rows=874 width=121)
	  ->  Sort  (cost=3439.74..3441.93 rows=874 width=121)
	        Sort Key: c
	        ->  Bitmap Heap Scan on sbtest6  (cost=29.39..3397.04 rows=874 width=121)
	              Recheck Cond: ((id >= 4756979) AND (id <= 4757978))
	              ->  Bitmap Index Scan on sbtest6_pkey  (cost=0.00..29.18 rows=874 width=0)
	                    Index Cond: ((id >= 4756979) AND (id <= 4757978))

table 7 : explain SELECT DISTINCT c FROM sbtest7 WHERE id BETWEEN 128083 AND 129082 ORDER BY c
	Unique  (cost=3764.66..3769.44 rows=957 width=121)
	  ->  Sort  (cost=3764.66..3767.05 rows=957 width=121)
	        Sort Key: c
	        ->  Bitmap Heap Scan on sbtest7  (cost=34.24..3717.28 rows=957 width=121)
	              Recheck Cond: ((id >= 128083) AND (id <= 129082))
	              ->  Bitmap Index Scan on sbtest7_pkey  (cost=0.00..34.01 rows=957 width=0)
	                    Index Cond: ((id >= 128083) AND (id <= 129082))

table 8 : explain SELECT DISTINCT c FROM sbtest8 WHERE id BETWEEN 4013329 AND 4014328 ORDER BY c
	Unique  (cost=3994.89..3999.98 rows=1018 width=121)
	  ->  Sort  (cost=3994.89..3997.43 rows=1018 width=121)
	        Sort Key: c
	        ->  Bitmap Heap Scan on sbtest8  (cost=34.87..3944.03 rows=1018 width=121)
	              Recheck Cond: ((id >= 4013329) AND (id <= 4014328))
	              ->  Bitmap Index Scan on sbtest8_pkey  (cost=0.00..34.62 rows=1018 width=0)
	                    Index Cond: ((id >= 4013329) AND (id <= 4014328))

for: simple_ranges
table 1 : explain SELECT c FROM sbtest1 WHERE id BETWEEN 2642662 AND 2643661
	Bitmap Heap Scan on sbtest1  (cost=35.45..4160.86 rows=1075 width=121)
	  Recheck Cond: ((id >= 2642662) AND (id <= 2643661))
	  ->  Bitmap Index Scan on sbtest1_pkey  (cost=0.00..35.19 rows=1075 width=0)
	        Index Cond: ((id >= 2642662) AND (id <= 2643661))

table 2 : explain SELECT c FROM sbtest2 WHERE id BETWEEN 1602358 AND 1603357
	Bitmap Heap Scan on sbtest2  (cost=35.01..3995.29 rows=1032 width=121)
	  Recheck Cond: ((id >= 1602358) AND (id <= 1603357))
	  ->  Bitmap Index Scan on sbtest2_pkey  (cost=0.00..34.76 rows=1032 width=0)
	        Index Cond: ((id >= 1602358) AND (id <= 1603357))

table 3 : explain SELECT c FROM sbtest3 WHERE id BETWEEN 6155385 AND 6156384
	Bitmap Heap Scan on sbtest3  (cost=35.03..4009.08 rows=1034 width=121)
	  Recheck Cond: ((id >= 6155385) AND (id <= 6156384))
	  ->  Bitmap Index Scan on sbtest3_pkey  (cost=0.00..34.78 rows=1034 width=0)
	        Index Cond: ((id >= 6155385) AND (id <= 6156384))

table 4 : explain SELECT c FROM sbtest4 WHERE id BETWEEN 5127112 AND 5128111
	Bitmap Heap Scan on sbtest4  (cost=34.72..3892.34 rows=1003 width=121)
	  Recheck Cond: ((id >= 5127112) AND (id <= 5128111))
	  ->  Bitmap Index Scan on sbtest4_pkey  (cost=0.00..34.47 rows=1003 width=0)
	        Index Cond: ((id >= 5127112) AND (id <= 5128111))

table 5 : explain SELECT c FROM sbtest5 WHERE id BETWEEN 8480657 AND 8481656
	Bitmap Heap Scan on sbtest5  (cost=35.02..4005.27 rows=1033 width=121)
	  Recheck Cond: ((id >= 8480657) AND (id <= 8481656))
	  ->  Bitmap Index Scan on sbtest5_pkey  (cost=0.00..34.77 rows=1033 width=0)
	        Index Cond: ((id >= 8480657) AND (id <= 8481656))

table 6 : explain SELECT c FROM sbtest6 WHERE id BETWEEN 6876832 AND 6877831
	Bitmap Heap Scan on sbtest6  (cost=34.85..3937.76 rows=1016 width=121)
	  Recheck Cond: ((id >= 6876832) AND (id <= 6877831))
	  ->  Bitmap Index Scan on sbtest6_pkey  (cost=0.00..34.59 rows=1016 width=0)
	        Index Cond: ((id >= 6876832) AND (id <= 6877831))

table 7 : explain SELECT c FROM sbtest7 WHERE id BETWEEN 8991271 AND 8992270
	Bitmap Heap Scan on sbtest7  (cost=35.05..4015.62 rows=1036 width=121)
	  Recheck Cond: ((id >= 8991271) AND (id <= 8992270))
	  ->  Bitmap Index Scan on sbtest7_pkey  (cost=0.00..34.80 rows=1036 width=0)
	        Index Cond: ((id >= 8991271) AND (id <= 8992270))

table 8 : explain SELECT c FROM sbtest8 WHERE id BETWEEN 3598936 AND 3599935
	Bitmap Heap Scan on sbtest8  (cost=35.37..4128.53 rows=1067 width=121)
	  Recheck Cond: ((id >= 3598936) AND (id <= 3599935))
	  ->  Bitmap Index Scan on sbtest8_pkey  (cost=0.00..35.11 rows=1067 width=0)
	        Index Cond: ((id >= 3598936) AND (id <= 3599935))

for: simple_ranges
table 1 : explain SELECT c FROM sbtest1 WHERE id BETWEEN 6580141 AND 6581140
	Bitmap Heap Scan on sbtest1  (cost=29.75..3530.24 rows=909 width=121)
	  Recheck Cond: ((id >= 6580141) AND (id <= 6581140))
	  ->  Bitmap Index Scan on sbtest1_pkey  (cost=0.00..29.52 rows=909 width=0)
	        Index Cond: ((id >= 6580141) AND (id <= 6581140))

table 2 : explain SELECT c FROM sbtest2 WHERE id BETWEEN 3232665 AND 3233664
	Bitmap Heap Scan on sbtest2  (cost=34.16..3682.40 rows=949 width=121)
	  Recheck Cond: ((id >= 3232665) AND (id <= 3233664))
	  ->  Bitmap Index Scan on sbtest2_pkey  (cost=0.00..33.93 rows=949 width=0)
	        Index Cond: ((id >= 3232665) AND (id <= 3233664))

table 3 : explain SELECT c FROM sbtest3 WHERE id BETWEEN 1787245 AND 1788244
	Bitmap Heap Scan on sbtest3  (cost=33.90..3589.47 rows=923 width=121)
	  Recheck Cond: ((id >= 1787245) AND (id <= 1788244))
	  ->  Bitmap Index Scan on sbtest3_pkey  (cost=0.00..33.67 rows=923 width=0)
	        Index Cond: ((id >= 1787245) AND (id <= 1788244))

table 4 : explain SELECT c FROM sbtest4 WHERE id BETWEEN 7904263 AND 7905262
	Bitmap Heap Scan on sbtest4  (cost=34.28..3729.79 rows=960 width=121)
	  Recheck Cond: ((id >= 7904263) AND (id <= 7905262))
	  ->  Bitmap Index Scan on sbtest4_pkey  (cost=0.00..34.04 rows=960 width=0)
	        Index Cond: ((id >= 7904263) AND (id <= 7905262))

table 5 : explain SELECT c FROM sbtest5 WHERE id BETWEEN 399896 AND 400895
	Bitmap Heap Scan on sbtest5  (cost=34.70..3884.46 rows=1001 width=121)
	  Recheck Cond: ((id >= 399896) AND (id <= 400895))
	  ->  Bitmap Index Scan on sbtest5_pkey  (cost=0.00..34.45 rows=1001 width=0)
	        Index Cond: ((id >= 399896) AND (id <= 400895))

table 6 : explain SELECT c FROM sbtest6 WHERE id BETWEEN 3701619 AND 3702618
	Bitmap Heap Scan on sbtest6  (cost=34.65..3866.10 rows=997 width=121)
	  Recheck Cond: ((id >= 3701619) AND (id <= 3702618))
	  ->  Bitmap Index Scan on sbtest6_pkey  (cost=0.00..34.41 rows=997 width=0)
	        Index Cond: ((id >= 3701619) AND (id <= 3702618))

table 7 : explain SELECT c FROM sbtest7 WHERE id BETWEEN 2224075 AND 2225074
	Bitmap Heap Scan on sbtest7  (cost=34.64..3864.66 rows=996 width=121)
	  Recheck Cond: ((id >= 2224075) AND (id <= 2225074))
	  ->  Bitmap Index Scan on sbtest7_pkey  (cost=0.00..34.40 rows=996 width=0)
	        Index Cond: ((id >= 2224075) AND (id <= 2225074))

table 8 : explain SELECT c FROM sbtest8 WHERE id BETWEEN 4321910 AND 4322909
	Bitmap Heap Scan on sbtest8  (cost=35.04..4008.07 rows=1035 width=121)
	  Recheck Cond: ((id >= 4321910) AND (id <= 4322909))
	  ->  Bitmap Index Scan on sbtest8_pkey  (cost=0.00..34.79 rows=1035 width=0)
	        Index Cond: ((id >= 4321910) AND (id <= 4322909))

for: sum_ranges
table 1 : explain SELECT SUM(k) FROM sbtest1 WHERE id BETWEEN 3987136 AND 3988135
	Aggregate  (cost=3574.38..3574.39 rows=1 width=8)
	  ->  Bitmap Heap Scan on sbtest1  (cost=33.85..3572.09 rows=919 width=4)
	        Recheck Cond: ((id >= 3987136) AND (id <= 3988135))
	        ->  Bitmap Index Scan on sbtest1_pkey  (cost=0.00..33.62 rows=919 width=0)
	              Index Cond: ((id >= 3987136) AND (id <= 3988135))

table 2 : explain SELECT SUM(k) FROM sbtest2 WHERE id BETWEEN 409022 AND 410021
	Aggregate  (cost=3472.79..3472.80 rows=1 width=8)
	  ->  Bitmap Heap Scan on sbtest2  (cost=29.60..3470.56 rows=894 width=4)
	        Recheck Cond: ((id >= 409022) AND (id <= 410021))
	        ->  Bitmap Index Scan on sbtest2_pkey  (cost=0.00..29.37 rows=894 width=0)
	              Index Cond: ((id >= 409022) AND (id <= 410021))

table 3 : explain SELECT SUM(k) FROM sbtest3 WHERE id BETWEEN 34883 AND 35882
	Aggregate  (cost=4599.53..4599.54 rows=1 width=8)
	  ->  Bitmap Heap Scan on sbtest3  (cost=40.63..4596.55 rows=1190 width=4)
	        Recheck Cond: ((id >= 34883) AND (id <= 35882))
	        ->  Bitmap Index Scan on sbtest3_pkey  (cost=0.00..40.34 rows=1190 width=0)
	              Index Cond: ((id >= 34883) AND (id <= 35882))

table 4 : explain SELECT SUM(k) FROM sbtest4 WHERE id BETWEEN 5173316 AND 5174315
	Aggregate  (cost=3894.85..3894.86 rows=1 width=8)
	  ->  Bitmap Heap Scan on sbtest4  (cost=34.72..3892.34 rows=1003 width=4)
	        Recheck Cond: ((id >= 5173316) AND (id <= 5174315))
	        ->  Bitmap Index Scan on sbtest4_pkey  (cost=0.00..34.47 rows=1003 width=0)
	              Index Cond: ((id >= 5173316) AND (id <= 5174315))

table 5 : explain SELECT SUM(k) FROM sbtest5 WHERE id BETWEEN 8016701 AND 8017700
	Aggregate  (cost=3849.16..3849.17 rows=1 width=8)
	  ->  Bitmap Heap Scan on sbtest5  (cost=34.59..3846.68 rows=991 width=4)
	        Recheck Cond: ((id >= 8016701) AND (id <= 8017700))
	        ->  Bitmap Index Scan on sbtest5_pkey  (cost=0.00..34.34 rows=991 width=0)
	              Index Cond: ((id >= 8016701) AND (id <= 8017700))

table 6 : explain SELECT SUM(k) FROM sbtest6 WHERE id BETWEEN 1014205 AND 1015204
	Aggregate  (cost=4091.12..4091.13 rows=1 width=8)
	  ->  Bitmap Heap Scan on sbtest6  (cost=35.26..4088.48 rows=1056 width=4)
	        Recheck Cond: ((id >= 1014205) AND (id <= 1015204))
	        ->  Bitmap Index Scan on sbtest6_pkey  (cost=0.00..35.00 rows=1056 width=0)
	              Index Cond: ((id >= 1014205) AND (id <= 1015204))

table 7 : explain SELECT SUM(k) FROM sbtest7 WHERE id BETWEEN 9586311 AND 9587310
	Aggregate  (cost=4169.08..4169.09 rows=1 width=8)
	  ->  Bitmap Heap Scan on sbtest7  (cost=35.46..4166.39 rows=1076 width=4)
	        Recheck Cond: ((id >= 9586311) AND (id <= 9587310))
	        ->  Bitmap Index Scan on sbtest7_pkey  (cost=0.00..35.20 rows=1076 width=0)
	              Index Cond: ((id >= 9586311) AND (id <= 9587310))

table 8 : explain SELECT SUM(k) FROM sbtest8 WHERE id BETWEEN 2375178 AND 2376177
	Aggregate  (cost=3822.06..3822.07 rows=1 width=8)
	  ->  Bitmap Heap Scan on sbtest8  (cost=34.53..3819.60 rows=985 width=4)
	        Recheck Cond: ((id >= 2375178) AND (id <= 2376177))
	        ->  Bitmap Index Scan on sbtest8_pkey  (cost=0.00..34.29 rows=985 width=0)
	              Index Cond: ((id >= 2375178) AND (id <= 2376177))

for: distinct_ranges
table 1 : explain SELECT DISTINCT c FROM sbtest1 WHERE id BETWEEN 131501 AND 132500 ORDER BY c
	Unique  (cost=3901.19..3906.15 rows=993 width=121)
	  ->  Sort  (cost=3901.19..3903.67 rows=993 width=121)
	        Sort Key: c
	        ->  Bitmap Heap Scan on sbtest1  (cost=34.61..3851.76 rows=993 width=121)
	              Recheck Cond: ((id >= 131501) AND (id <= 132500))
	              ->  Bitmap Index Scan on sbtest1_pkey  (cost=0.00..34.37 rows=993 width=0)
	                    Index Cond: ((id >= 131501) AND (id <= 132500))

table 2 : explain SELECT DISTINCT c FROM sbtest2 WHERE id BETWEEN 5896088 AND 5897087 ORDER BY c
	Unique  (cost=3882.50..3887.45 rows=989 width=121)
	  ->  Sort  (cost=3882.50..3884.98 rows=989 width=121)
	        Sort Key: c
	        ->  Bitmap Heap Scan on sbtest2  (cost=34.57..3833.30 rows=989 width=121)
	              Recheck Cond: ((id >= 5896088) AND (id <= 5897087))
	              ->  Bitmap Index Scan on sbtest2_pkey  (cost=0.00..34.33 rows=989 width=0)
	                    Index Cond: ((id >= 5896088) AND (id <= 5897087))

table 3 : explain SELECT DISTINCT c FROM sbtest3 WHERE id BETWEEN 7717628 AND 7718627 ORDER BY c
	Unique  (cost=4007.22..4012.32 rows=1020 width=121)
	  ->  Sort  (cost=4007.22..4009.77 rows=1020 width=121)
	        Sort Key: c
	        ->  Bitmap Heap Scan on sbtest3  (cost=34.89..3956.24 rows=1020 width=121)
	              Recheck Cond: ((id >= 7717628) AND (id <= 7718627))
	              ->  Bitmap Index Scan on sbtest3_pkey  (cost=0.00..34.64 rows=1020 width=0)
	                    Index Cond: ((id >= 7717628) AND (id <= 7718627))

table 4 : explain SELECT DISTINCT c FROM sbtest4 WHERE id BETWEEN 8879665 AND 8880664 ORDER BY c
	Unique  (cost=4057.33..4062.50 rows=1033 width=121)
	  ->  Sort  (cost=4057.33..4059.91 rows=1033 width=121)
	        Sort Key: c
	        ->  Bitmap Heap Scan on sbtest4  (cost=35.02..4005.62 rows=1033 width=121)
	              Recheck Cond: ((id >= 8879665) AND (id <= 8880664))
	              ->  Bitmap Index Scan on sbtest4_pkey  (cost=0.00..34.77 rows=1033 width=0)
	                    Index Cond: ((id >= 8879665) AND (id <= 8880664))

table 5 : explain SELECT DISTINCT c FROM sbtest5 WHERE id BETWEEN 8338385 AND 8339384 ORDER BY c
	Unique  (cost=3677.17..3681.84 rows=934 width=121)
	  ->  Sort  (cost=3677.17..3679.51 rows=934 width=121)
	        Sort Key: c
	        ->  Bitmap Heap Scan on sbtest5  (cost=34.01..3631.09 rows=934 width=121)
	              Recheck Cond: ((id >= 8338385) AND (id <= 8339384))
	              ->  Bitmap Index Scan on sbtest5_pkey  (cost=0.00..33.78 rows=934 width=0)
	                    Index Cond: ((id >= 8338385) AND (id <= 8339384))

table 6 : explain SELECT DISTINCT c FROM sbtest6 WHERE id BETWEEN 9226410 AND 9227409 ORDER BY c
	Unique  (cost=4252.34..4257.76 rows=1085 width=121)
	  ->  Sort  (cost=4252.34..4255.05 rows=1085 width=121)
	        Sort Key: c
	        ->  Bitmap Heap Scan on sbtest6  (cost=35.56..4197.64 rows=1085 width=121)
	              Recheck Cond: ((id >= 9226410) AND (id <= 9227409))
	              ->  Bitmap Index Scan on sbtest6_pkey  (cost=0.00..35.29 rows=1085 width=0)
	                    Index Cond: ((id >= 9226410) AND (id <= 9227409))

table 7 : explain SELECT DISTINCT c FROM sbtest7 WHERE id BETWEEN 8979548 AND 8980547 ORDER BY c
	Unique  (cost=4067.51..4072.69 rows=1036 width=121)
	  ->  Sort  (cost=4067.51..4070.10 rows=1036 width=121)
	        Sort Key: c
	        ->  Bitmap Heap Scan on sbtest7  (cost=35.05..4015.62 rows=1036 width=121)
	              Recheck Cond: ((id >= 8979548) AND (id <= 8980547))
	              ->  Bitmap Index Scan on sbtest7_pkey  (cost=0.00..34.80 rows=1036 width=0)
	                    Index Cond: ((id >= 8979548) AND (id <= 8980547))

table 8 : explain SELECT DISTINCT c FROM sbtest8 WHERE id BETWEEN 9799956 AND 9800955 ORDER BY c
	Unique  (cost=4235.67..4241.07 rows=1081 width=121)
	  ->  Sort  (cost=4235.67..4238.37 rows=1081 width=121)
	        Sort Key: c
	        ->  Bitmap Heap Scan on sbtest8  (cost=35.52..4181.19 rows=1081 width=121)
	              Recheck Cond: ((id >= 9799956) AND (id <= 9800955))
	              ->  Bitmap Index Scan on sbtest8_pkey  (cost=0.00..35.25 rows=1081 width=0)
	                    Index Cond: ((id >= 9799956) AND (id <= 9800955))

explain: for point_selects :: explain SELECT c FROM sbtest%u WHERE id=%u
for: sum_ranges
table 1 : explain SELECT SUM(k) FROM sbtest1 WHERE id BETWEEN 4103785 AND 4104784
	Aggregate  (cost=4178.61..4178.62 rows=1 width=8)
	  ->  Bitmap Heap Scan on sbtest1  (cost=35.49..4175.91 rows=1079 width=4)
	        Recheck Cond: ((id >= 4103785) AND (id <= 4104784))
	        ->  Bitmap Index Scan on sbtest1_pkey  (cost=0.00..35.23 rows=1079 width=0)
	              Index Cond: ((id >= 4103785) AND (id <= 4104784))

table 2 : explain SELECT SUM(k) FROM sbtest2 WHERE id BETWEEN 523254 AND 524253
	Aggregate  (cost=3673.44..3673.45 rows=1 width=8)
	  ->  Bitmap Heap Scan on sbtest2  (cost=34.13..3671.07 rows=946 width=4)
	        Recheck Cond: ((id >= 523254) AND (id <= 524253))
	        ->  Bitmap Index Scan on sbtest2_pkey  (cost=0.00..33.90 rows=946 width=0)
	              Index Cond: ((id >= 523254) AND (id <= 524253))

table 3 : explain SELECT SUM(k) FROM sbtest3 WHERE id BETWEEN 9444504 AND 9445503
	Aggregate  (cost=3550.09..3550.10 rows=1 width=8)
	  ->  Bitmap Heap Scan on sbtest3  (cost=33.78..3547.81 rows=912 width=4)
	        Recheck Cond: ((id >= 9444504) AND (id <= 9445503))
	        ->  Bitmap Index Scan on sbtest3_pkey  (cost=0.00..33.56 rows=912 width=0)
	              Index Cond: ((id >= 9444504) AND (id <= 9445503))

table 4 : explain SELECT SUM(k) FROM sbtest4 WHERE id BETWEEN 4420077 AND 4421076
	Aggregate  (cost=3777.61..3777.62 rows=1 width=8)
	  ->  Bitmap Heap Scan on sbtest4  (cost=34.40..3775.18 rows=972 width=4)
	        Recheck Cond: ((id >= 4420077) AND (id <= 4421076))
	        ->  Bitmap Index Scan on sbtest4_pkey  (cost=0.00..34.16 rows=972 width=0)
	              Index Cond: ((id >= 4420077) AND (id <= 4421076))

table 5 : explain SELECT SUM(k) FROM sbtest5 WHERE id BETWEEN 4056758 AND 4057757
	Aggregate  (cost=4041.83..4041.84 rows=1 width=8)
	  ->  Bitmap Heap Scan on sbtest5  (cost=35.12..4039.23 rows=1042 width=4)
	        Recheck Cond: ((id >= 4056758) AND (id <= 4057757))
	        ->  Bitmap Index Scan on sbtest5_pkey  (cost=0.00..34.86 rows=1042 width=0)
	              Index Cond: ((id >= 4056758) AND (id <= 4057757))

table 6 : explain SELECT SUM(k) FROM sbtest6 WHERE id BETWEEN 7103370 AND 7104369
	Aggregate  (cost=4098.66..4098.67 rows=1 width=8)
	  ->  Bitmap Heap Scan on sbtest6  (cost=35.28..4096.02 rows=1058 width=4)
	        Recheck Cond: ((id >= 7103370) AND (id <= 7104369))
	        ->  Bitmap Index Scan on sbtest6_pkey  (cost=0.00..35.02 rows=1058 width=0)
	              Index Cond: ((id >= 7103370) AND (id <= 7104369))

table 7 : explain SELECT SUM(k) FROM sbtest7 WHERE id BETWEEN 6570102 AND 6571101
	Aggregate  (cost=3609.88..3609.89 rows=1 width=8)
	  ->  Bitmap Heap Scan on sbtest7  (cost=33.95..3607.56 rows=928 width=4)
	        Recheck Cond: ((id >= 6570102) AND (id <= 6571101))
	        ->  Bitmap Index Scan on sbtest7_pkey  (cost=0.00..33.72 rows=928 width=0)
	              Index Cond: ((id >= 6570102) AND (id <= 6571101))

table 8 : explain SELECT SUM(k) FROM sbtest8 WHERE id BETWEEN 5723207 AND 5724206
	Aggregate  (cost=4044.58..4044.59 rows=1 width=8)
	  ->  Bitmap Heap Scan on sbtest8  (cost=35.14..4041.97 rows=1044 width=4)
	        Recheck Cond: ((id >= 5723207) AND (id <= 5724206))
	        ->  Bitmap Index Scan on sbtest8_pkey  (cost=0.00..34.88 rows=1044 width=0)
	              Index Cond: ((id >= 5723207) AND (id <= 5724206))

for: sum_ranges
table 1 : explain SELECT SUM(k) FROM sbtest1 WHERE id BETWEEN 5353720 AND 5354719
	Aggregate  (cost=4163.55..4163.56 rows=1 width=8)
	  ->  Bitmap Heap Scan on sbtest1  (cost=35.45..4160.86 rows=1075 width=4)
	        Recheck Cond: ((id >= 5353720) AND (id <= 5354719))
	        ->  Bitmap Index Scan on sbtest1_pkey  (cost=0.00..35.19 rows=1075 width=0)
	              Index Cond: ((id >= 5353720) AND (id <= 5354719))

table 2 : explain SELECT SUM(k) FROM sbtest2 WHERE id BETWEEN 5967132 AND 5968131
	Aggregate  (cost=3835.77..3835.78 rows=1 width=8)
	  ->  Bitmap Heap Scan on sbtest2  (cost=34.57..3833.30 rows=989 width=4)
	        Recheck Cond: ((id >= 5967132) AND (id <= 5968131))
	        ->  Bitmap Index Scan on sbtest2_pkey  (cost=0.00..34.33 rows=989 width=0)
	              Index Cond: ((id >= 5967132) AND (id <= 5968131))

table 3 : explain SELECT SUM(k) FROM sbtest3 WHERE id BETWEEN 3484214 AND 3485213
	Aggregate  (cost=3879.44..3879.45 rows=1 width=8)
	  ->  Bitmap Heap Scan on sbtest3  (cost=34.67..3876.94 rows=999 width=4)
	        Recheck Cond: ((id >= 3484214) AND (id <= 3485213))
	        ->  Bitmap Index Scan on sbtest3_pkey  (cost=0.00..34.43 rows=999 width=0)
	              Index Cond: ((id >= 3484214) AND (id <= 3485213))

table 4 : explain SELECT SUM(k) FROM sbtest4 WHERE id BETWEEN 2727987 AND 2728986
	Aggregate  (cost=3732.19..3732.20 rows=1 width=8)
	  ->  Bitmap Heap Scan on sbtest4  (cost=34.28..3729.79 rows=960 width=4)
	        Recheck Cond: ((id >= 2727987) AND (id <= 2728986))
	        ->  Bitmap Index Scan on sbtest4_pkey  (cost=0.00..34.04 rows=960 width=0)
	              Index Cond: ((id >= 2727987) AND (id <= 2728986))

table 5 : explain SELECT SUM(k) FROM sbtest5 WHERE id BETWEEN 9219526 AND 9220525
	Aggregate  (cost=3879.40..3879.41 rows=1 width=8)
	  ->  Bitmap Heap Scan on sbtest5  (cost=34.67..3876.90 rows=999 width=4)
	        Recheck Cond: ((id >= 9219526) AND (id <= 9220525))
	        ->  Bitmap Index Scan on sbtest5_pkey  (cost=0.00..34.43 rows=999 width=0)
	              Index Cond: ((id >= 9219526) AND (id <= 9220525))

table 6 : explain SELECT SUM(k) FROM sbtest6 WHERE id BETWEEN 1798287 AND 1799286
	Aggregate  (cost=3607.78..3607.79 rows=1 width=8)
	  ->  Bitmap Heap Scan on sbtest6  (cost=33.95..3605.46 rows=928 width=4)
	        Recheck Cond: ((id >= 1798287) AND (id <= 1799286))
	        ->  Bitmap Index Scan on sbtest6_pkey  (cost=0.00..33.72 rows=928 width=0)
	              Index Cond: ((id >= 1798287) AND (id <= 1799286))

table 7 : explain SELECT SUM(k) FROM sbtest7 WHERE id BETWEEN 616948 AND 617947
	Aggregate  (cost=4229.38..4229.39 rows=1 width=8)
	  ->  Bitmap Heap Scan on sbtest7  (cost=35.63..4226.65 rows=1092 width=4)
	        Recheck Cond: ((id >= 616948) AND (id <= 617947))
	        ->  Bitmap Index Scan on sbtest7_pkey  (cost=0.00..35.36 rows=1092 width=0)
	              Index Cond: ((id >= 616948) AND (id <= 617947))

table 8 : explain SELECT SUM(k) FROM sbtest8 WHERE id BETWEEN 7458566 AND 7459565
	Aggregate  (cost=3477.77..3477.78 rows=1 width=8)
	  ->  Bitmap Heap Scan on sbtest8  (cost=29.61..3475.53 rows=895 width=4)
	        Recheck Cond: ((id >= 7458566) AND (id <= 7459565))
	        ->  Bitmap Index Scan on sbtest8_pkey  (cost=0.00..29.39 rows=895 width=0)
	              Index Cond: ((id >= 7458566) AND (id <= 7459565))

explain: for point_selects :: explain SELECT c FROM sbtest%u WHERE id=%u
explain: for point_selects :: explain SELECT c FROM sbtest%u WHERE id=%u
for point_selects
table 1 : explain SELECT c FROM sbtest1 WHERE id=6787089
	Index Scan using sbtest1_pkey on sbtest1  (cost=0.43..8.45 rows=1 width=121)
	  Index Cond: (id = 6787089)

table 2 : explain SELECT c FROM sbtest2 WHERE id=5803126
	Index Scan using sbtest2_pkey on sbtest2  (cost=0.43..8.45 rows=1 width=121)
	  Index Cond: (id = 5803126)

table 3 : explain SELECT c FROM sbtest3 WHERE id=480095
	Index Scan using sbtest3_pkey on sbtest3  (cost=0.43..8.45 rows=1 width=121)
	  Index Cond: (id = 480095)

table 4 : explain SELECT c FROM sbtest4 WHERE id=3097202
	Index Scan using sbtest4_pkey on sbtest4  (cost=0.43..8.45 rows=1 width=121)
	  Index Cond: (id = 3097202)

table 5 : explain SELECT c FROM sbtest5 WHERE id=290845
	Index Scan using sbtest5_pkey on sbtest5  (cost=0.43..8.45 rows=1 width=121)
	  Index Cond: (id = 290845)

table 6 : explain SELECT c FROM sbtest6 WHERE id=8501989
	Index Scan using sbtest6_pkey on sbtest6  (cost=0.43..8.45 rows=1 width=121)
	  Index Cond: (id = 8501989)

table 7 : explain SELECT c FROM sbtest7 WHERE id=6031899
	Index Scan using sbtest7_pkey on sbtest7  (cost=0.43..8.45 rows=1 width=121)
	  Index Cond: (id = 6031899)

table 8 : explain SELECT c FROM sbtest8 WHERE id=953239
	Index Scan using sbtest8_pkey on sbtest8  (cost=0.43..8.45 rows=1 width=121)
	  Index Cond: (id = 953239)

for: sum_ranges
table 1 : explain SELECT SUM(k) FROM sbtest1 WHERE id BETWEEN 9044665 AND 9045664
	Aggregate  (cost=3774.89..3774.90 rows=1 width=8)
	  ->  Bitmap Heap Scan on sbtest1  (cost=34.40..3772.46 rows=972 width=4)
	        Recheck Cond: ((id >= 9044665) AND (id <= 9045664))
	        ->  Bitmap Index Scan on sbtest1_pkey  (cost=0.00..34.16 rows=972 width=0)
	              Index Cond: ((id >= 9044665) AND (id <= 9045664))

table 2 : explain SELECT SUM(k) FROM sbtest2 WHERE id BETWEEN 2664633 AND 2665632
	Aggregate  (cost=3809.36..3809.37 rows=1 width=8)
	  ->  Bitmap Heap Scan on sbtest2  (cost=34.50..3806.91 rows=982 width=4)
	        Recheck Cond: ((id >= 2664633) AND (id <= 2665632))
	        ->  Bitmap Index Scan on sbtest2_pkey  (cost=0.00..34.26 rows=982 width=0)
	              Index Cond: ((id >= 2664633) AND (id <= 2665632))

table 3 : explain SELECT SUM(k) FROM sbtest3 WHERE id BETWEEN 4133493 AND 4134492
	Aggregate  (cost=3936.13..3936.14 rows=1 width=8)
	  ->  Bitmap Heap Scan on sbtest3  (cost=34.83..3933.59 rows=1014 width=4)
	        Recheck Cond: ((id >= 4133493) AND (id <= 4134492))
	        ->  Bitmap Index Scan on sbtest3_pkey  (cost=0.00..34.58 rows=1014 width=0)
	              Index Cond: ((id >= 4133493) AND (id <= 4134492))

table 4 : explain SELECT SUM(k) FROM sbtest4 WHERE id BETWEEN 3985962 AND 3986961
	Aggregate  (cost=4261.18..4261.19 rows=1 width=8)
	  ->  Bitmap Heap Scan on sbtest4  (cost=39.70..4258.43 rows=1099 width=4)
	        Recheck Cond: ((id >= 3985962) AND (id <= 3986961))
	        ->  Bitmap Index Scan on sbtest4_pkey  (cost=0.00..39.43 rows=1099 width=0)
	              Index Cond: ((id >= 3985962) AND (id <= 3986961))

table 5 : explain SELECT SUM(k) FROM sbtest5 WHERE id BETWEEN 4936843 AND 4937842
	Aggregate  (cost=4060.70..4060.71 rows=1 width=8)
	  ->  Bitmap Heap Scan on sbtest5  (cost=35.17..4058.09 rows=1047 width=4)
	        Recheck Cond: ((id >= 4936843) AND (id <= 4937842))
	        ->  Bitmap Index Scan on sbtest5_pkey  (cost=0.00..34.91 rows=1047 width=0)
	              Index Cond: ((id >= 4936843) AND (id <= 4937842))

table 6 : explain SELECT SUM(k) FROM sbtest6 WHERE id BETWEEN 9643330 AND 9644329
	Aggregate  (cost=4162.70..4162.71 rows=1 width=8)
	  ->  Bitmap Heap Scan on sbtest6  (cost=35.45..4160.01 rows=1075 width=4)
	        Recheck Cond: ((id >= 9643330) AND (id <= 9644329))
	        ->  Bitmap Index Scan on sbtest6_pkey  (cost=0.00..35.19 rows=1075 width=0)
	              Index Cond: ((id >= 9643330) AND (id <= 9644329))

table 7 : explain SELECT SUM(k) FROM sbtest7 WHERE id BETWEEN 7053763 AND 7054762
	Aggregate  (cost=3689.39..3689.40 rows=1 width=8)
	  ->  Bitmap Heap Scan on sbtest7  (cost=34.16..3687.02 rows=949 width=4)
	        Recheck Cond: ((id >= 7053763) AND (id <= 7054762))
	        ->  Bitmap Index Scan on sbtest7_pkey  (cost=0.00..33.93 rows=949 width=0)
	              Index Cond: ((id >= 7053763) AND (id <= 7054762))

table 8 : explain SELECT SUM(k) FROM sbtest8 WHERE id BETWEEN 9056154 AND 9057153
	Aggregate  (cost=3686.07..3686.08 rows=1 width=8)
	  ->  Bitmap Heap Scan on sbtest8  (cost=34.16..3683.70 rows=949 width=4)
	        Recheck Cond: ((id >= 9056154) AND (id <= 9057153))
	        ->  Bitmap Index Scan on sbtest8_pkey  (cost=0.00..33.93 rows=949 width=0)
	              Index Cond: ((id >= 9056154) AND (id <= 9057153))

for: order_ranges
table 1 : explain SELECT c FROM sbtest1 WHERE id BETWEEN 4786851 AND 4787850 ORDER BY c
	Sort  (cost=3943.33..3945.84 rows=1004 width=121)
	  Sort Key: c
	  ->  Bitmap Heap Scan on sbtest1  (cost=34.73..3893.27 rows=1004 width=121)
	        Recheck Cond: ((id >= 4786851) AND (id <= 4787850))
	        ->  Bitmap Index Scan on sbtest1_pkey  (cost=0.00..34.48 rows=1004 width=0)
	              Index Cond: ((id >= 4786851) AND (id <= 4787850))

table 2 : explain SELECT c FROM sbtest2 WHERE id BETWEEN 46389 AND 47388 ORDER BY c
	Sort  (cost=4325.82..4328.58 rows=1104 width=121)
	  Sort Key: c
	  ->  Bitmap Heap Scan on sbtest2  (cost=39.75..4270.02 rows=1104 width=121)
	        Recheck Cond: ((id >= 46389) AND (id <= 47388))
	        ->  Bitmap Index Scan on sbtest2_pkey  (cost=0.00..39.48 rows=1104 width=0)
	              Index Cond: ((id >= 46389) AND (id <= 47388))

table 3 : explain SELECT c FROM sbtest3 WHERE id BETWEEN 4512116 AND 4513115 ORDER BY c
	Sort  (cost=3627.25..3629.55 rows=921 width=121)
	  Sort Key: c
	  ->  Bitmap Heap Scan on sbtest3  (cost=33.88..3581.90 rows=921 width=121)
	        Recheck Cond: ((id >= 4512116) AND (id <= 4513115))
	        ->  Bitmap Index Scan on sbtest3_pkey  (cost=0.00..33.65 rows=921 width=0)
	              Index Cond: ((id >= 4512116) AND (id <= 4513115))

table 4 : explain SELECT c FROM sbtest4 WHERE id BETWEEN 2508602 AND 2509601 ORDER BY c
	Sort  (cost=3635.19..3637.50 rows=923 width=121)
	  Sort Key: c
	  ->  Bitmap Heap Scan on sbtest4  (cost=33.90..3589.73 rows=923 width=121)
	        Recheck Cond: ((id >= 2508602) AND (id <= 2509601))
	        ->  Bitmap Index Scan on sbtest4_pkey  (cost=0.00..33.67 rows=923 width=0)
	              Index Cond: ((id >= 2508602) AND (id <= 2509601))

table 5 : explain SELECT c FROM sbtest5 WHERE id BETWEEN 4192010 AND 4193009 ORDER BY c
	Sort  (cost=4030.17..4032.73 rows=1026 width=121)
	  Sort Key: c
	  ->  Bitmap Heap Scan on sbtest5  (cost=34.95..3978.85 rows=1026 width=121)
	        Recheck Cond: ((id >= 4192010) AND (id <= 4193009))
	        ->  Bitmap Index Scan on sbtest5_pkey  (cost=0.00..34.70 rows=1026 width=0)
	              Index Cond: ((id >= 4192010) AND (id <= 4193009))

table 6 : explain SELECT c FROM sbtest6 WHERE id BETWEEN 154348 AND 155347 ORDER BY c
	Sort  (cost=3689.58..3691.92 rows=938 width=121)
	  Sort Key: c
	  ->  Bitmap Heap Scan on sbtest6  (cost=34.05..3643.27 rows=938 width=121)
	        Recheck Cond: ((id >= 154348) AND (id <= 155347))
	        ->  Bitmap Index Scan on sbtest6_pkey  (cost=0.00..33.82 rows=938 width=0)
	              Index Cond: ((id >= 154348) AND (id <= 155347))

table 7 : explain SELECT c FROM sbtest7 WHERE id BETWEEN 3738943 AND 3739942 ORDER BY c
	Sort  (cost=3971.75..3974.28 rows=1011 width=121)
	  Sort Key: c
	  ->  Bitmap Heap Scan on sbtest7  (cost=34.80..3921.29 rows=1011 width=121)
	        Recheck Cond: ((id >= 3738943) AND (id <= 3739942))
	        ->  Bitmap Index Scan on sbtest7_pkey  (cost=0.00..34.55 rows=1011 width=0)
	              Index Cond: ((id >= 3738943) AND (id <= 3739942))

table 8 : explain SELECT c FROM sbtest8 WHERE id BETWEEN 2435806 AND 2436805 ORDER BY c
	Sort  (cost=3868.57..3871.04 rows=985 width=121)
	  Sort Key: c
	  ->  Bitmap Heap Scan on sbtest8  (cost=34.53..3819.60 rows=985 width=121)
	        Recheck Cond: ((id >= 2435806) AND (id <= 2436805))
	        ->  Bitmap Index Scan on sbtest8_pkey  (cost=0.00..34.29 rows=985 width=0)
	              Index Cond: ((id >= 2435806) AND (id <= 2436805))

for: sum_ranges
table 1 : explain SELECT SUM(k) FROM sbtest1 WHERE id BETWEEN 641708 AND 642707
	Aggregate  (cost=3978.82..3978.83 rows=1 width=8)
	  ->  Bitmap Heap Scan on sbtest1  (cost=34.95..3976.25 rows=1026 width=4)
	        Recheck Cond: ((id >= 641708) AND (id <= 642707))
	        ->  Bitmap Index Scan on sbtest1_pkey  (cost=0.00..34.70 rows=1026 width=0)
	              Index Cond: ((id >= 641708) AND (id <= 642707))

table 2 : explain SELECT SUM(k) FROM sbtest2 WHERE id BETWEEN 1927823 AND 1928822
	Aggregate  (cost=4314.14..4314.15 rows=1 width=8)
	  ->  Bitmap Heap Scan on sbtest2  (cost=39.87..4311.35 rows=1116 width=4)
	        Recheck Cond: ((id >= 1927823) AND (id <= 1928822))
	        ->  Bitmap Index Scan on sbtest2_pkey  (cost=0.00..39.59 rows=1116 width=0)
	              Index Cond: ((id >= 1927823) AND (id <= 1928822))

table 3 : explain SELECT SUM(k) FROM sbtest3 WHERE id BETWEEN 3027886 AND 3028885
	Aggregate  (cost=3667.55..3667.56 rows=1 width=8)
	  ->  Bitmap Heap Scan on sbtest3  (cost=34.10..3665.19 rows=943 width=4)
	        Recheck Cond: ((id >= 3027886) AND (id <= 3028885))
	        ->  Bitmap Index Scan on sbtest3_pkey  (cost=0.00..33.87 rows=943 width=0)
	              Index Cond: ((id >= 3027886) AND (id <= 3028885))

table 4 : explain SELECT SUM(k) FROM sbtest4 WHERE id BETWEEN 8058359 AND 8059358
	Aggregate  (cost=3811.66..3811.67 rows=1 width=8)
	  ->  Bitmap Heap Scan on sbtest4  (cost=34.49..3809.21 rows=981 width=4)
	        Recheck Cond: ((id >= 8058359) AND (id <= 8059358))
	        ->  Bitmap Index Scan on sbtest4_pkey  (cost=0.00..34.25 rows=981 width=0)
	              Index Cond: ((id >= 8058359) AND (id <= 8059358))

table 5 : explain SELECT SUM(k) FROM sbtest5 WHERE id BETWEEN 9821721 AND 9822720
	Aggregate  (cost=3860.50..3860.51 rows=1 width=8)
	  ->  Bitmap Heap Scan on sbtest5  (cost=34.62..3858.01 rows=994 width=4)
	        Recheck Cond: ((id >= 9821721) AND (id <= 9822720))
	        ->  Bitmap Index Scan on sbtest5_pkey  (cost=0.00..34.38 rows=994 width=0)
	              Index Cond: ((id >= 9821721) AND (id <= 9822720))

table 6 : explain SELECT SUM(k) FROM sbtest6 WHERE id BETWEEN 4856814 AND 4857813
	Aggregate  (cost=3709.91..3709.92 rows=1 width=8)
	  ->  Bitmap Heap Scan on sbtest6  (cost=34.22..3707.52 rows=955 width=4)
	        Recheck Cond: ((id >= 4856814) AND (id <= 4857813))
	        ->  Bitmap Index Scan on sbtest6_pkey  (cost=0.00..33.98 rows=955 width=0)
	              Index Cond: ((id >= 4856814) AND (id <= 4857813))

table 7 : explain SELECT SUM(k) FROM sbtest7 WHERE id BETWEEN 4701364 AND 4702363
	Aggregate  (cost=3647.75..3647.76 rows=1 width=8)
	  ->  Bitmap Heap Scan on sbtest7  (cost=34.05..3645.40 rows=938 width=4)
	        Recheck Cond: ((id >= 4701364) AND (id <= 4702363))
	        ->  Bitmap Index Scan on sbtest7_pkey  (cost=0.00..33.82 rows=938 width=0)
	              Index Cond: ((id >= 4701364) AND (id <= 4702363))

table 8 : explain SELECT SUM(k) FROM sbtest8 WHERE id BETWEEN 1641736 AND 1642735
	Aggregate  (cost=3674.73..3674.74 rows=1 width=8)
	  ->  Bitmap Heap Scan on sbtest8  (cost=34.13..3672.37 rows=946 width=4)
	        Recheck Cond: ((id >= 1641736) AND (id <= 1642735))
	        ->  Bitmap Index Scan on sbtest8_pkey  (cost=0.00..33.90 rows=946 width=0)
	              Index Cond: ((id >= 1641736) AND (id <= 1642735))

for: order_ranges
table 1 : explain SELECT c FROM sbtest1 WHERE id BETWEEN 3065300 AND 3066299 ORDER BY c
	Sort  (cost=3901.19..3903.67 rows=993 width=121)
	  Sort Key: c
	  ->  Bitmap Heap Scan on sbtest1  (cost=34.61..3851.76 rows=993 width=121)
	        Recheck Cond: ((id >= 3065300) AND (id <= 3066299))
	        ->  Bitmap Index Scan on sbtest1_pkey  (cost=0.00..34.37 rows=993 width=0)
	              Index Cond: ((id >= 3065300) AND (id <= 3066299))

table 2 : explain SELECT c FROM sbtest2 WHERE id BETWEEN 3852177 AND 3853176 ORDER BY c
	Sort  (cost=4291.49..4294.23 rows=1095 width=121)
	  Sort Key: c
	  ->  Bitmap Heap Scan on sbtest2  (cost=39.66..4236.21 rows=1095 width=121)
	        Recheck Cond: ((id >= 3852177) AND (id <= 3853176))
	        ->  Bitmap Index Scan on sbtest2_pkey  (cost=0.00..39.39 rows=1095 width=0)
	              Index Cond: ((id >= 3852177) AND (id <= 3853176))

table 3 : explain SELECT c FROM sbtest3 WHERE id BETWEEN 7236189 AND 7237188 ORDER BY c
	Sort  (cost=3715.63..3717.99 rows=944 width=121)
	  Sort Key: c
	  ->  Bitmap Heap Scan on sbtest3  (cost=34.11..3668.98 rows=944 width=121)
	        Recheck Cond: ((id >= 7236189) AND (id <= 7237188))
	        ->  Bitmap Index Scan on sbtest3_pkey  (cost=0.00..33.88 rows=944 width=0)
	              Index Cond: ((id >= 7236189) AND (id <= 7237188))

table 4 : explain SELECT c FROM sbtest4 WHERE id BETWEEN 1713979 AND 1714978 ORDER BY c
	Sort  (cost=3969.18..3971.71 rows=1010 width=121)
	  Sort Key: c
	  ->  Bitmap Heap Scan on sbtest4  (cost=34.79..3918.78 rows=1010 width=121)
	        Recheck Cond: ((id >= 1713979) AND (id <= 1714978))
	        ->  Bitmap Index Scan on sbtest4_pkey  (cost=0.00..34.54 rows=1010 width=0)
	              Index Cond: ((id >= 1713979) AND (id <= 1714978))

table 5 : explain SELECT c FROM sbtest5 WHERE id BETWEEN 9022119 AND 9023118 ORDER BY c
	Sort  (cost=4164.20..4166.85 rows=1061 width=121)
	  Sort Key: c
	  ->  Bitmap Heap Scan on sbtest5  (cost=35.31..4110.88 rows=1061 width=121)
	        Recheck Cond: ((id >= 9022119) AND (id <= 9023118))
	        ->  Bitmap Index Scan on sbtest5_pkey  (cost=0.00..35.05 rows=1061 width=0)
	              Index Cond: ((id >= 9022119) AND (id <= 9023118))

table 6 : explain SELECT c FROM sbtest6 WHERE id BETWEEN 7052239 AND 7053238 ORDER BY c
	Sort  (cost=3965.54..3968.06 rows=1010 width=121)
	  Sort Key: c
	  ->  Bitmap Heap Scan on sbtest6  (cost=34.79..3915.14 rows=1010 width=121)
	        Recheck Cond: ((id >= 7052239) AND (id <= 7053238))
	        ->  Bitmap Index Scan on sbtest6_pkey  (cost=0.00..34.54 rows=1010 width=0)
	              Index Cond: ((id >= 7052239) AND (id <= 7053238))

table 7 : explain SELECT c FROM sbtest7 WHERE id BETWEEN 4023721 AND 4024720 ORDER BY c
	Sort  (cost=3849.07..3851.52 rows=979 width=121)
	  Sort Key: c
	  ->  Bitmap Heap Scan on sbtest7  (cost=34.47..3800.44 rows=979 width=121)
	        Recheck Cond: ((id >= 4023721) AND (id <= 4024720))
	        ->  Bitmap Index Scan on sbtest7_pkey  (cost=0.00..34.23 rows=979 width=0)
	              Index Cond: ((id >= 4023721) AND (id <= 4024720))

table 8 : explain SELECT c FROM sbtest8 WHERE id BETWEEN 383780 AND 384779 ORDER BY c
	Sort  (cost=3684.61..3686.96 rows=937 width=121)
	  Sort Key: c
	  ->  Bitmap Heap Scan on sbtest8  (cost=34.04..3638.36 rows=937 width=121)
	        Recheck Cond: ((id >= 383780) AND (id <= 384779))
	        ->  Bitmap Index Scan on sbtest8_pkey  (cost=0.00..33.81 rows=937 width=0)
	              Index Cond: ((id >= 383780) AND (id <= 384779))

for point_selects
table 1 : explain SELECT c FROM sbtest1 WHERE id=3876616
	Index Scan using sbtest1_pkey on sbtest1  (cost=0.43..8.45 rows=1 width=121)
	  Index Cond: (id = 3876616)

table 2 : explain SELECT c FROM sbtest2 WHERE id=5386619
	Index Scan using sbtest2_pkey on sbtest2  (cost=0.43..8.45 rows=1 width=121)
	  Index Cond: (id = 5386619)

table 3 : explain SELECT c FROM sbtest3 WHERE id=5023095
	Index Scan using sbtest3_pkey on sbtest3  (cost=0.43..8.45 rows=1 width=121)
	  Index Cond: (id = 5023095)

table 4 : explain SELECT c FROM sbtest4 WHERE id=1921572
	Index Scan using sbtest4_pkey on sbtest4  (cost=0.43..8.45 rows=1 width=121)
	  Index Cond: (id = 1921572)

table 5 : explain SELECT c FROM sbtest5 WHERE id=8727372
	Index Scan using sbtest5_pkey on sbtest5  (cost=0.43..8.45 rows=1 width=121)
	  Index Cond: (id = 8727372)

table 6 : explain SELECT c FROM sbtest6 WHERE id=3086779
	Index Scan using sbtest6_pkey on sbtest6  (cost=0.43..8.45 rows=1 width=121)
	  Index Cond: (id = 3086779)

table 7 : explain SELECT c FROM sbtest7 WHERE id=9013466
	Index Scan using sbtest7_pkey on sbtest7  (cost=0.43..8.45 rows=1 width=121)
	  Index Cond: (id = 9013466)

table 8 : explain SELECT c FROM sbtest8 WHERE id=8134824
	Index Scan using sbtest8_pkey on sbtest8  (cost=0.43..8.45 rows=1 width=121)
	  Index Cond: (id = 8134824)

for point_selects
table 1 : explain SELECT c FROM sbtest1 WHERE id=6663742
	Index Scan using sbtest1_pkey on sbtest1  (cost=0.43..8.45 rows=1 width=121)
	  Index Cond: (id = 6663742)

table 2 : explain SELECT c FROM sbtest2 WHERE id=251273
	Index Scan using sbtest2_pkey on sbtest2  (cost=0.43..8.45 rows=1 width=121)
	  Index Cond: (id = 251273)

table 3 : explain SELECT c FROM sbtest3 WHERE id=7101929
	Index Scan using sbtest3_pkey on sbtest3  (cost=0.43..8.45 rows=1 width=121)
	  Index Cond: (id = 7101929)

table 4 : explain SELECT c FROM sbtest4 WHERE id=6372828
	Index Scan using sbtest4_pkey on sbtest4  (cost=0.43..8.45 rows=1 width=121)
	  Index Cond: (id = 6372828)

table 5 : explain SELECT c FROM sbtest5 WHERE id=9689052
	Index Scan using sbtest5_pkey on sbtest5  (cost=0.43..8.45 rows=1 width=121)
	  Index Cond: (id = 9689052)

table 6 : explain SELECT c FROM sbtest6 WHERE id=385823
	Index Scan using sbtest6_pkey on sbtest6  (cost=0.43..8.45 rows=1 width=121)
	  Index Cond: (id = 385823)

table 7 : explain SELECT c FROM sbtest7 WHERE id=86795
	Index Scan using sbtest7_pkey on sbtest7  (cost=0.43..8.45 rows=1 width=121)
	  Index Cond: (id = 86795)

table 8 : explain SELECT c FROM sbtest8 WHERE id=2750933
	Index Scan using sbtest8_pkey on sbtest8  (cost=0.43..8.45 rows=1 width=121)
	  Index Cond: (id = 2750933)

for: distinct_ranges
table 1 : explain SELECT DISTINCT c FROM sbtest1 WHERE id BETWEEN 8914129 AND 8915128 ORDER BY c
	Unique  (cost=4019.91..4025.03 rows=1024 width=121)
	  ->  Sort  (cost=4019.91..4022.47 rows=1024 width=121)
	        Sort Key: c
	        ->  Bitmap Heap Scan on sbtest1  (cost=34.93..3968.71 rows=1024 width=121)
	              Recheck Cond: ((id >= 8914129) AND (id <= 8915128))
	              ->  Bitmap Index Scan on sbtest1_pkey  (cost=0.00..34.68 rows=1024 width=0)
	                    Index Cond: ((id >= 8914129) AND (id <= 8915128))

table 2 : explain SELECT DISTINCT c FROM sbtest2 WHERE id BETWEEN 4144823 AND 4145822 ORDER BY c
	Unique  (cost=3924.59..3929.59 rows=1000 width=121)
	  ->  Sort  (cost=3924.59..3927.09 rows=1000 width=121)
	        Sort Key: c
	        ->  Bitmap Heap Scan on sbtest2  (cost=34.69..3874.76 rows=1000 width=121)
	              Recheck Cond: ((id >= 4144823) AND (id <= 4145822))
	              ->  Bitmap Index Scan on sbtest2_pkey  (cost=0.00..34.44 rows=1000 width=0)
	                    Index Cond: ((id >= 4144823) AND (id <= 4145822))

table 3 : explain SELECT DISTINCT c FROM sbtest3 WHERE id BETWEEN 2325665 AND 2326664 ORDER BY c
	Unique  (cost=4348.01..4353.55 rows=1108 width=121)
	  ->  Sort  (cost=4348.01..4350.78 rows=1108 width=121)
	        Sort Key: c
	        ->  Bitmap Heap Scan on sbtest3  (cost=39.79..4291.98 rows=1108 width=121)
	              Recheck Cond: ((id >= 2325665) AND (id <= 2326664))
	              ->  Bitmap Index Scan on sbtest3_pkey  (cost=0.00..39.52 rows=1108 width=0)
	                    Index Cond: ((id >= 2325665) AND (id <= 2326664))

table 4 : explain SELECT DISTINCT c FROM sbtest4 WHERE id BETWEEN 5434033 AND 5435032 ORDER BY c
	Unique  (cost=3953.85..3958.88 rows=1006 width=121)
	  ->  Sort  (cost=3953.85..3956.36 rows=1006 width=121)
	        Sort Key: c
	        ->  Bitmap Heap Scan on sbtest4  (cost=34.75..3903.68 rows=1006 width=121)
	              Recheck Cond: ((id >= 5434033) AND (id <= 5435032))
	              ->  Bitmap Index Scan on sbtest4_pkey  (cost=0.00..34.50 rows=1006 width=0)
	                    Index Cond: ((id >= 5434033) AND (id <= 5435032))

table 5 : explain SELECT DISTINCT c FROM sbtest5 WHERE id BETWEEN 7309070 AND 7310069 ORDER BY c
	Unique  (cost=3688.70..3693.38 rows=937 width=121)
	  ->  Sort  (cost=3688.70..3691.04 rows=937 width=121)
	        Sort Key: c
	        ->  Bitmap Heap Scan on sbtest5  (cost=34.04..3642.45 rows=937 width=121)
	              Recheck Cond: ((id >= 7309070) AND (id <= 7310069))
	              ->  Bitmap Index Scan on sbtest5_pkey  (cost=0.00..33.81 rows=937 width=0)
	                    Index Cond: ((id >= 7309070) AND (id <= 7310069))

table 6 : explain SELECT DISTINCT c FROM sbtest6 WHERE id BETWEEN 8225201 AND 8226200 ORDER BY c
	Unique  (cost=4191.21..4196.55 rows=1069 width=121)
	  ->  Sort  (cost=4191.21..4193.88 rows=1069 width=121)
	        Sort Key: c
	        ->  Bitmap Heap Scan on sbtest6  (cost=35.39..4137.43 rows=1069 width=121)
	              Recheck Cond: ((id >= 8225201) AND (id <= 8226200))
	              ->  Bitmap Index Scan on sbtest6_pkey  (cost=0.00..35.12 rows=1069 width=0)
	                    Index Cond: ((id >= 8225201) AND (id <= 8226200))

table 7 : explain SELECT DISTINCT c FROM sbtest7 WHERE id BETWEEN 7028443 AND 7029442 ORDER BY c
	Unique  (cost=3733.95..3738.69 rows=949 width=121)
	  ->  Sort  (cost=3733.95..3736.32 rows=949 width=121)
	        Sort Key: c
	        ->  Bitmap Heap Scan on sbtest7  (cost=34.16..3687.02 rows=949 width=121)
	              Recheck Cond: ((id >= 7028443) AND (id <= 7029442))
	              ->  Bitmap Index Scan on sbtest7_pkey  (cost=0.00..33.93 rows=949 width=0)
	                    Index Cond: ((id >= 7028443) AND (id <= 7029442))

table 8 : explain SELECT DISTINCT c FROM sbtest8 WHERE id BETWEEN 3968525 AND 3969524 ORDER BY c
	Unique  (cost=4384.76..4390.36 rows=1120 width=121)
	  ->  Sort  (cost=4384.76..4387.56 rows=1120 width=121)
	        Sort Key: c
	        ->  Bitmap Heap Scan on sbtest8  (cost=39.92..4328.03 rows=1120 width=121)
	              Recheck Cond: ((id >= 3968525) AND (id <= 3969524))
	              ->  Bitmap Index Scan on sbtest8_pkey  (cost=0.00..39.64 rows=1120 width=0)
	                    Index Cond: ((id >= 3968525) AND (id <= 3969524))

for point_selects
table 1 : explain SELECT c FROM sbtest1 WHERE id=9375869
	Index Scan using sbtest1_pkey on sbtest1  (cost=0.43..8.45 rows=1 width=121)
	  Index Cond: (id = 9375869)

table 2 : explain SELECT c FROM sbtest2 WHERE id=2391337
	Index Scan using sbtest2_pkey on sbtest2  (cost=0.43..8.45 rows=1 width=121)
	  Index Cond: (id = 2391337)

table 3 : explain SELECT c FROM sbtest3 WHERE id=9332543
	Index Scan using sbtest3_pkey on sbtest3  (cost=0.43..8.45 rows=1 width=121)
	  Index Cond: (id = 9332543)

table 4 : explain SELECT c FROM sbtest4 WHERE id=1867167
	Index Scan using sbtest4_pkey on sbtest4  (cost=0.43..8.45 rows=1 width=121)
	  Index Cond: (id = 1867167)

table 5 : explain SELECT c FROM sbtest5 WHERE id=8986555
	Index Scan using sbtest5_pkey on sbtest5  (cost=0.43..8.45 rows=1 width=121)
	  Index Cond: (id = 8986555)

table 6 : explain SELECT c FROM sbtest6 WHERE id=8424871
	Index Scan using sbtest6_pkey on sbtest6  (cost=0.43..8.45 rows=1 width=121)
	  Index Cond: (id = 8424871)

table 7 : explain SELECT c FROM sbtest7 WHERE id=8989880
	Index Scan using sbtest7_pkey on sbtest7  (cost=0.43..8.45 rows=1 width=121)
	  Index Cond: (id = 8989880)

table 8 : explain SELECT c FROM sbtest8 WHERE id=3717808
	Index Scan using sbtest8_pkey on sbtest8  (cost=0.43..8.45 rows=1 width=121)
	  Index Cond: (id = 3717808)

for point_selects
table 1 : explain SELECT c FROM sbtest1 WHERE id=588223
	Index Scan using sbtest1_pkey on sbtest1  (cost=0.43..8.45 rows=1 width=121)
	  Index Cond: (id = 588223)

table 2 : explain SELECT c FROM sbtest2 WHERE id=1746486
	Index Scan using sbtest2_pkey on sbtest2  (cost=0.43..8.45 rows=1 width=121)
	  Index Cond: (id = 1746486)

table 3 : explain SELECT c FROM sbtest3 WHERE id=908685
	Index Scan using sbtest3_pkey on sbtest3  (cost=0.43..8.45 rows=1 width=121)
	  Index Cond: (id = 908685)

table 4 : explain SELECT c FROM sbtest4 WHERE id=4184696
	Index Scan using sbtest4_pkey on sbtest4  (cost=0.43..8.45 rows=1 width=121)
	  Index Cond: (id = 4184696)

table 5 : explain SELECT c FROM sbtest5 WHERE id=4858927
	Index Scan using sbtest5_pkey on sbtest5  (cost=0.43..8.45 rows=1 width=121)
	  Index Cond: (id = 4858927)

table 6 : explain SELECT c FROM sbtest6 WHERE id=5880314
	Index Scan using sbtest6_pkey on sbtest6  (cost=0.43..8.45 rows=1 width=121)
	  Index Cond: (id = 5880314)

table 7 : explain SELECT c FROM sbtest7 WHERE id=2426760
	Index Scan using sbtest7_pkey on sbtest7  (cost=0.43..8.45 rows=1 width=121)
	  Index Cond: (id = 2426760)

table 8 : explain SELECT c FROM sbtest8 WHERE id=5372113
	Index Scan using sbtest8_pkey on sbtest8  (cost=0.43..8.45 rows=1 width=121)
	  Index Cond: (id = 5372113)

for: distinct_ranges
table 1 : explain SELECT DISTINCT c FROM sbtest1 WHERE id BETWEEN 5061171 AND 5062170 ORDER BY c
	Unique  (cost=4039.05..4044.19 rows=1029 width=121)
	  ->  Sort  (cost=4039.05..4041.62 rows=1029 width=121)
	        Sort Key: c
	        ->  Bitmap Heap Scan on sbtest1  (cost=34.98..3987.56 rows=1029 width=121)
	              Recheck Cond: ((id >= 5061171) AND (id <= 5062170))
	              ->  Bitmap Index Scan on sbtest1_pkey  (cost=0.00..34.73 rows=1029 width=0)
	                    Index Cond: ((id >= 5061171) AND (id <= 5062170))

table 2 : explain SELECT DISTINCT c FROM sbtest2 WHERE id BETWEEN 5653414 AND 5654413 ORDER BY c
	Unique  (cost=3920.77..3925.76 rows=999 width=121)
	  ->  Sort  (cost=3920.77..3923.27 rows=999 width=121)
	        Sort Key: c
	        ->  Bitmap Heap Scan on sbtest2  (cost=34.67..3871.00 rows=999 width=121)
	              Recheck Cond: ((id >= 5653414) AND (id <= 5654413))
	              ->  Bitmap Index Scan on sbtest2_pkey  (cost=0.00..34.43 rows=999 width=0)
	                    Index Cond: ((id >= 5653414) AND (id <= 5654413))

table 3 : explain SELECT DISTINCT c FROM sbtest3 WHERE id BETWEEN 8704119 AND 8705118 ORDER BY c
	Unique  (cost=3919.04..3924.03 rows=997 width=121)
	  ->  Sort  (cost=3919.04..3921.54 rows=997 width=121)
	        Sort Key: c
	        ->  Bitmap Heap Scan on sbtest3  (cost=34.65..3869.39 rows=997 width=121)
	              Recheck Cond: ((id >= 8704119) AND (id <= 8705118))
	              ->  Bitmap Index Scan on sbtest3_pkey  (cost=0.00..34.41 rows=997 width=0)
	                    Index Cond: ((id >= 8704119) AND (id <= 8705118))

table 4 : explain SELECT DISTINCT c FROM sbtest4 WHERE id BETWEEN 5938716 AND 5939715 ORDER BY c
	Unique  (cost=3665.94..3670.60 rows=931 width=121)
	  ->  Sort  (cost=3665.94..3668.27 rows=931 width=121)
	        Sort Key: c
	        ->  Bitmap Heap Scan on sbtest4  (cost=33.98..3620.03 rows=931 width=121)
	              Recheck Cond: ((id >= 5938716) AND (id <= 5939715))
	              ->  Bitmap Index Scan on sbtest4_pkey  (cost=0.00..33.75 rows=931 width=0)
	                    Index Cond: ((id >= 5938716) AND (id <= 5939715))

table 5 : explain SELECT DISTINCT c FROM sbtest5 WHERE id BETWEEN 1743658 AND 1744657 ORDER BY c
	Unique  (cost=3826.93..3831.80 rows=973 width=121)
	  ->  Sort  (cost=3826.93..3829.37 rows=973 width=121)
	        Sort Key: c
	        ->  Bitmap Heap Scan on sbtest5  (cost=34.41..3778.64 rows=973 width=121)
	              Recheck Cond: ((id >= 1743658) AND (id <= 1744657))
	              ->  Bitmap Index Scan on sbtest5_pkey  (cost=0.00..34.17 rows=973 width=0)
	                    Index Cond: ((id >= 1743658) AND (id <= 1744657))

table 6 : explain SELECT DISTINCT c FROM sbtest6 WHERE id BETWEEN 8602806 AND 8603805 ORDER BY c
	Unique  (cost=3628.17..3632.78 rows=922 width=121)
	  ->  Sort  (cost=3628.17..3630.47 rows=922 width=121)
	        Sort Key: c
	        ->  Bitmap Heap Scan on sbtest6  (cost=33.89..3582.76 rows=922 width=121)
	              Recheck Cond: ((id >= 8602806) AND (id <= 8603805))
	              ->  Bitmap Index Scan on sbtest6_pkey  (cost=0.00..33.66 rows=922 width=0)
	                    Index Cond: ((id >= 8602806) AND (id <= 8603805))

table 7 : explain SELECT DISTINCT c FROM sbtest7 WHERE id BETWEEN 9815383 AND 9816382 ORDER BY c
	Unique  (cost=4354.54..4360.09 rows=1110 width=121)
	  ->  Sort  (cost=4354.54..4357.32 rows=1110 width=121)
	        Sort Key: c
	        ->  Bitmap Heap Scan on sbtest7  (cost=39.81..4298.40 rows=1110 width=121)
	              Recheck Cond: ((id >= 9815383) AND (id <= 9816382))
	              ->  Bitmap Index Scan on sbtest7_pkey  (cost=0.00..39.54 rows=1110 width=0)
	                    Index Cond: ((id >= 9815383) AND (id <= 9816382))

table 8 : explain SELECT DISTINCT c FROM sbtest8 WHERE id BETWEEN 6766660 AND 6767659 ORDER BY c
	Unique  (cost=4250.94..4256.36 rows=1085 width=121)
	  ->  Sort  (cost=4250.94..4253.65 rows=1085 width=121)
	        Sort Key: c
	        ->  Bitmap Heap Scan on sbtest8  (cost=35.56..4196.23 rows=1085 width=121)
	              Recheck Cond: ((id >= 6766660) AND (id <= 6767659))
	              ->  Bitmap Index Scan on sbtest8_pkey  (cost=0.00..35.29 rows=1085 width=0)
	                    Index Cond: ((id >= 6766660) AND (id <= 6767659))

explain: for point_selects :: explain SELECT c FROM sbtest%u WHERE id=%u
for: order_ranges
table 1 : explain SELECT c FROM sbtest1 WHERE id BETWEEN 2109495 AND 2110494 ORDER BY c
	Sort  (cost=3786.19..3788.59 rows=963 width=121)
	  Sort Key: c
	  ->  Bitmap Heap Scan on sbtest1  (cost=34.31..3738.46 rows=963 width=121)
	        Recheck Cond: ((id >= 2109495) AND (id <= 2110494))
	        ->  Bitmap Index Scan on sbtest1_pkey  (cost=0.00..34.07 rows=963 width=0)
	              Index Cond: ((id >= 2109495) AND (id <= 2110494))

table 2 : explain SELECT c FROM sbtest2 WHERE id BETWEEN 5545240 AND 5546239 ORDER BY c
	Sort  (cost=4161.55..4164.21 rows=1062 width=121)
	  Sort Key: c
	  ->  Bitmap Heap Scan on sbtest2  (cost=35.32..4108.17 rows=1062 width=121)
	        Recheck Cond: ((id >= 5545240) AND (id <= 5546239))
	        ->  Bitmap Index Scan on sbtest2_pkey  (cost=0.00..35.06 rows=1062 width=0)
	              Index Cond: ((id >= 5545240) AND (id <= 5546239))

table 3 : explain SELECT c FROM sbtest3 WHERE id BETWEEN 6546378 AND 6547377 ORDER BY c
	Sort  (cost=3773.23..3775.63 rows=959 width=121)
	  Sort Key: c
	  ->  Bitmap Heap Scan on sbtest3  (cost=34.26..3725.73 rows=959 width=121)
	        Recheck Cond: ((id >= 6546378) AND (id <= 6547377))
	        ->  Bitmap Index Scan on sbtest3_pkey  (cost=0.00..34.03 rows=959 width=0)
	              Index Cond: ((id >= 6546378) AND (id <= 6547377))

table 4 : explain SELECT c FROM sbtest4 WHERE id BETWEEN 4016808 AND 4017807 ORDER BY c
	Sort  (cost=4313.95..4316.69 rows=1099 width=121)
	  Sort Key: c
	  ->  Bitmap Heap Scan on sbtest4  (cost=39.70..4258.43 rows=1099 width=121)
	        Recheck Cond: ((id >= 4016808) AND (id <= 4017807))
	        ->  Bitmap Index Scan on sbtest4_pkey  (cost=0.00..39.43 rows=1099 width=0)
	              Index Cond: ((id >= 4016808) AND (id <= 4017807))

table 5 : explain SELECT c FROM sbtest5 WHERE id BETWEEN 7223612 AND 7224611 ORDER BY c
	Sort  (cost=4393.83..4396.63 rows=1120 width=121)
	  Sort Key: c
	  ->  Bitmap Heap Scan on sbtest5  (cost=39.92..4337.10 rows=1120 width=121)
	        Recheck Cond: ((id >= 7223612) AND (id <= 7224611))
	        ->  Bitmap Index Scan on sbtest5_pkey  (cost=0.00..39.64 rows=1120 width=0)
	              Index Cond: ((id >= 7223612) AND (id <= 7224611))

table 6 : explain SELECT c FROM sbtest6 WHERE id BETWEEN 1872190 AND 1873189 ORDER BY c
	Sort  (cost=3651.20..3653.52 rows=928 width=121)
	  Sort Key: c
	  ->  Bitmap Heap Scan on sbtest6  (cost=33.95..3605.46 rows=928 width=121)
	        Recheck Cond: ((id >= 1872190) AND (id <= 1873189))
	        ->  Bitmap Index Scan on sbtest6_pkey  (cost=0.00..33.72 rows=928 width=0)
	              Index Cond: ((id >= 1872190) AND (id <= 1873189))

table 7 : explain SELECT c FROM sbtest7 WHERE id BETWEEN 8463470 AND 8464469 ORDER BY c
	Sort  (cost=4396.56..4399.36 rows=1121 width=121)
	  Sort Key: c
	  ->  Bitmap Heap Scan on sbtest7  (cost=39.93..4339.78 rows=1121 width=121)
	        Recheck Cond: ((id >= 8463470) AND (id <= 8464469))
	        ->  Bitmap Index Scan on sbtest7_pkey  (cost=0.00..39.65 rows=1121 width=0)
	              Index Cond: ((id >= 8463470) AND (id <= 8464469))

table 8 : explain SELECT c FROM sbtest8 WHERE id BETWEEN 6334487 AND 6335486 ORDER BY c
	Sort  (cost=3653.93..3656.25 rows=929 width=121)
	  Sort Key: c
	  ->  Bitmap Heap Scan on sbtest8  (cost=33.96..3608.13 rows=929 width=121)
	        Recheck Cond: ((id >= 6334487) AND (id <= 6335486))
	        ->  Bitmap Index Scan on sbtest8_pkey  (cost=0.00..33.73 rows=929 width=0)
	              Index Cond: ((id >= 6334487) AND (id <= 6335486))

explain: for point_selects :: explain SELECT c FROM sbtest%u WHERE id=%u
explain: for point_selects :: explain SELECT c FROM sbtest%u WHERE id=%u
explain: for point_selects :: explain SELECT c FROM sbtest%u WHERE id=%u
for: simple_ranges
table 1 : explain SELECT c FROM sbtest1 WHERE id BETWEEN 9946708 AND 9947707
	Bitmap Heap Scan on sbtest1  (cost=34.71..3885.72 rows=1002 width=121)
	  Recheck Cond: ((id >= 9946708) AND (id <= 9947707))
	  ->  Bitmap Index Scan on sbtest1_pkey  (cost=0.00..34.45 rows=1002 width=0)
	        Index Cond: ((id >= 9946708) AND (id <= 9947707))

table 2 : explain SELECT c FROM sbtest2 WHERE id BETWEEN 9882302 AND 9883301
	Bitmap Heap Scan on sbtest2  (cost=35.05..4010.35 rows=1036 width=121)
	  Recheck Cond: ((id >= 9882302) AND (id <= 9883301))
	  ->  Bitmap Index Scan on sbtest2_pkey  (cost=0.00..34.80 rows=1036 width=0)
	        Index Cond: ((id >= 9882302) AND (id <= 9883301))

table 3 : explain SELECT c FROM sbtest3 WHERE id BETWEEN 7203035 AND 7204034
	Bitmap Heap Scan on sbtest3  (cost=34.11..3668.98 rows=944 width=121)
	  Recheck Cond: ((id >= 7203035) AND (id <= 7204034))
	  ->  Bitmap Index Scan on sbtest3_pkey  (cost=0.00..33.88 rows=944 width=0)
	        Index Cond: ((id >= 7203035) AND (id <= 7204034))

table 4 : explain SELECT c FROM sbtest4 WHERE id BETWEEN 5225588 AND 5226587
	Bitmap Heap Scan on sbtest4  (cost=33.96..3612.46 rows=929 width=121)
	  Recheck Cond: ((id >= 5225588) AND (id <= 5226587))
	  ->  Bitmap Index Scan on sbtest4_pkey  (cost=0.00..33.73 rows=929 width=0)
	        Index Cond: ((id >= 5225588) AND (id <= 5226587))

table 5 : explain SELECT c FROM sbtest5 WHERE id BETWEEN 5698570 AND 5699569
	Bitmap Heap Scan on sbtest5  (cost=33.88..3581.87 rows=921 width=121)
	  Recheck Cond: ((id >= 5698570) AND (id <= 5699569))
	  ->  Bitmap Index Scan on sbtest5_pkey  (cost=0.00..33.65 rows=921 width=0)
	        Index Cond: ((id >= 5698570) AND (id <= 5699569))

table 6 : explain SELECT c FROM sbtest6 WHERE id BETWEEN 5262715 AND 5263714
	Bitmap Heap Scan on sbtest6  (cost=34.55..3828.36 rows=987 width=121)
	  Recheck Cond: ((id >= 5262715) AND (id <= 5263714))
	  ->  Bitmap Index Scan on sbtest6_pkey  (cost=0.00..34.31 rows=987 width=0)
	        Index Cond: ((id >= 5262715) AND (id <= 5263714))

table 7 : explain SELECT c FROM sbtest7 WHERE id BETWEEN 1232414 AND 1233413
	Bitmap Heap Scan on sbtest7  (cost=34.73..3894.87 rows=1004 width=121)
	  Recheck Cond: ((id >= 1232414) AND (id <= 1233413))
	  ->  Bitmap Index Scan on sbtest7_pkey  (cost=0.00..34.48 rows=1004 width=0)
	        Index Cond: ((id >= 1232414) AND (id <= 1233413))

table 8 : explain SELECT c FROM sbtest8 WHERE id BETWEEN 9564192 AND 9565191
	Bitmap Heap Scan on sbtest8  (cost=39.66..4237.83 rows=1095 width=121)
	  Recheck Cond: ((id >= 9564192) AND (id <= 9565191))
	  ->  Bitmap Index Scan on sbtest8_pkey  (cost=0.00..39.39 rows=1095 width=0)
	        Index Cond: ((id >= 9564192) AND (id <= 9565191))

for: simple_ranges
table 1 : explain SELECT c FROM sbtest1 WHERE id BETWEEN 3177603 AND 3178602
	Bitmap Heap Scan on sbtest1  (cost=29.44..3416.61 rows=879 width=121)
	  Recheck Cond: ((id >= 3177603) AND (id <= 3178602))
	  ->  Bitmap Index Scan on sbtest1_pkey  (cost=0.00..29.22 rows=879 width=0)
	        Index Cond: ((id >= 3177603) AND (id <= 3178602))

table 2 : explain SELECT c FROM sbtest2 WHERE id BETWEEN 1438004 AND 1439003
	Bitmap Heap Scan on sbtest2  (cost=34.28..3723.92 rows=960 width=121)
	  Recheck Cond: ((id >= 1438004) AND (id <= 1439003))
	  ->  Bitmap Index Scan on sbtest2_pkey  (cost=0.00..34.04 rows=960 width=0)
	        Index Cond: ((id >= 1438004) AND (id <= 1439003))

table 3 : explain SELECT c FROM sbtest3 WHERE id BETWEEN 6012074 AND 6013073
	Bitmap Heap Scan on sbtest3  (cost=34.19..3699.25 rows=952 width=121)
	  Recheck Cond: ((id >= 6012074) AND (id <= 6013073))
	  ->  Bitmap Index Scan on sbtest3_pkey  (cost=0.00..33.95 rows=952 width=0)
	        Index Cond: ((id >= 6012074) AND (id <= 6013073))

table 4 : explain SELECT c FROM sbtest4 WHERE id BETWEEN 5973006 AND 5974005
	Bitmap Heap Scan on sbtest4  (cost=33.98..3620.03 rows=931 width=121)
	  Recheck Cond: ((id >= 5973006) AND (id <= 5974005))
	  ->  Bitmap Index Scan on sbtest4_pkey  (cost=0.00..33.75 rows=931 width=0)
	        Index Cond: ((id >= 5973006) AND (id <= 5974005))

table 5 : explain SELECT c FROM sbtest5 WHERE id BETWEEN 6636150 AND 6637149
	Bitmap Heap Scan on sbtest5  (cost=29.52..3445.22 rows=886 width=121)
	  Recheck Cond: ((id >= 6636150) AND (id <= 6637149))
	  ->  Bitmap Index Scan on sbtest5_pkey  (cost=0.00..29.29 rows=886 width=0)
	        Index Cond: ((id >= 6636150) AND (id <= 6637149))

table 6 : explain SELECT c FROM sbtest6 WHERE id BETWEEN 3496894 AND 3497893
	Bitmap Heap Scan on sbtest6  (cost=34.00..3624.36 rows=933 width=121)
	  Recheck Cond: ((id >= 3496894) AND (id <= 3497893))
	  ->  Bitmap Index Scan on sbtest6_pkey  (cost=0.00..33.77 rows=933 width=0)
	        Index Cond: ((id >= 3496894) AND (id <= 3497893))

table 7 : explain SELECT c FROM sbtest7 WHERE id BETWEEN 5348331 AND 5349330
	Bitmap Heap Scan on sbtest7  (cost=34.87..3947.71 rows=1018 width=121)
	  Recheck Cond: ((id >= 5348331) AND (id <= 5349330))
	  ->  Bitmap Index Scan on sbtest7_pkey  (cost=0.00..34.62 rows=1018 width=0)
	        Index Cond: ((id >= 5348331) AND (id <= 5349330))

table 8 : explain SELECT c FROM sbtest8 WHERE id BETWEEN 6382174 AND 6383173
	Bitmap Heap Scan on sbtest8  (cost=34.88..3947.80 rows=1019 width=121)
	  Recheck Cond: ((id >= 6382174) AND (id <= 6383173))
	  ->  Bitmap Index Scan on sbtest8_pkey  (cost=0.00..34.62 rows=1019 width=0)
	        Index Cond: ((id >= 6382174) AND (id <= 6383173))

for: simple_ranges
table 1 : explain SELECT c FROM sbtest1 WHERE id BETWEEN 3100336 AND 3101335
	Bitmap Heap Scan on sbtest1  (cost=29.44..3416.61 rows=879 width=121)
	  Recheck Cond: ((id >= 3100336) AND (id <= 3101335))
	  ->  Bitmap Index Scan on sbtest1_pkey  (cost=0.00..29.22 rows=879 width=0)
	        Index Cond: ((id >= 3100336) AND (id <= 3101335))

table 2 : explain SELECT c FROM sbtest2 WHERE id BETWEEN 6473683 AND 6474682
	Bitmap Heap Scan on sbtest2  (cost=34.83..3927.51 rows=1014 width=121)
	  Recheck Cond: ((id >= 6473683) AND (id <= 6474682))
	  ->  Bitmap Index Scan on sbtest2_pkey  (cost=0.00..34.58 rows=1014 width=0)
	        Index Cond: ((id >= 6473683) AND (id <= 6474682))

table 3 : explain SELECT c FROM sbtest3 WHERE id BETWEEN 220687 AND 221686
	Bitmap Heap Scan on sbtest3  (cost=34.38..3767.34 rows=970 width=121)
	  Recheck Cond: ((id >= 220687) AND (id <= 221686))
	  ->  Bitmap Index Scan on sbtest3_pkey  (cost=0.00..34.14 rows=970 width=0)
	        Index Cond: ((id >= 220687) AND (id <= 221686))

table 4 : explain SELECT c FROM sbtest4 WHERE id BETWEEN 2037660 AND 2038659
	Bitmap Heap Scan on sbtest4  (cost=29.73..3525.11 rows=907 width=121)
	  Recheck Cond: ((id >= 2037660) AND (id <= 2038659))
	  ->  Bitmap Index Scan on sbtest4_pkey  (cost=0.00..29.50 rows=907 width=0)
	        Index Cond: ((id >= 2037660) AND (id <= 2038659))

table 5 : explain SELECT c FROM sbtest5 WHERE id BETWEEN 4375811 AND 4376810
	Bitmap Heap Scan on sbtest5  (cost=40.26..4461.25 rows=1154 width=121)
	  Recheck Cond: ((id >= 4375811) AND (id <= 4376810))
	  ->  Bitmap Index Scan on sbtest5_pkey  (cost=0.00..39.98 rows=1154 width=0)
	        Index Cond: ((id >= 4375811) AND (id <= 4376810))

table 6 : explain SELECT c FROM sbtest6 WHERE id BETWEEN 8050782 AND 8051781
	Bitmap Heap Scan on sbtest6  (cost=34.86..3941.53 rows=1017 width=121)
	  Recheck Cond: ((id >= 8050782) AND (id <= 8051781))
	  ->  Bitmap Index Scan on sbtest6_pkey  (cost=0.00..34.61 rows=1017 width=0)
	        Index Cond: ((id >= 8050782) AND (id <= 8051781))

table 7 : explain SELECT c FROM sbtest7 WHERE id BETWEEN 9161962 AND 9162961
	Bitmap Heap Scan on sbtest7  (cost=35.29..4102.34 rows=1059 width=121)
	  Recheck Cond: ((id >= 9161962) AND (id <= 9162961))
	  ->  Bitmap Index Scan on sbtest7_pkey  (cost=0.00..35.03 rows=1059 width=0)
	        Index Cond: ((id >= 9161962) AND (id <= 9162961))

table 8 : explain SELECT c FROM sbtest8 WHERE id BETWEEN 2259788 AND 2260787
	Bitmap Heap Scan on sbtest8  (cost=34.63..3857.32 rows=995 width=121)
	  Recheck Cond: ((id >= 2259788) AND (id <= 2260787))
	  ->  Bitmap Index Scan on sbtest8_pkey  (cost=0.00..34.39 rows=995 width=0)
	        Index Cond: ((id >= 2259788) AND (id <= 2260787))

for: simple_ranges
table 1 : explain SELECT c FROM sbtest1 WHERE id BETWEEN 5973969 AND 5974968
	Bitmap Heap Scan on sbtest1  (cost=40.70..4619.51 rows=1197 width=121)
	  Recheck Cond: ((id >= 5973969) AND (id <= 5974968))
	  ->  Bitmap Index Scan on sbtest1_pkey  (cost=0.00..40.41 rows=1197 width=0)
	        Index Cond: ((id >= 5973969) AND (id <= 5974968))

table 2 : explain SELECT c FROM sbtest2 WHERE id BETWEEN 9652103 AND 9653102
	Bitmap Heap Scan on sbtest2  (cost=34.82..3923.75 rows=1013 width=121)
	  Recheck Cond: ((id >= 9652103) AND (id <= 9653102))
	  ->  Bitmap Index Scan on sbtest2_pkey  (cost=0.00..34.57 rows=1013 width=0)
	        Index Cond: ((id >= 9652103) AND (id <= 9653102))

table 3 : explain SELECT c FROM sbtest3 WHERE id BETWEEN 8748734 AND 8749733
	Bitmap Heap Scan on sbtest3  (cost=34.65..3869.39 rows=997 width=121)
	  Recheck Cond: ((id >= 8748734) AND (id <= 8749733))
	  ->  Bitmap Index Scan on sbtest3_pkey  (cost=0.00..34.41 rows=997 width=0)
	        Index Cond: ((id >= 8748734) AND (id <= 8749733))

table 4 : explain SELECT c FROM sbtest4 WHERE id BETWEEN 5978635 AND 5979634
	Bitmap Heap Scan on sbtest4  (cost=33.98..3620.03 rows=931 width=121)
	  Recheck Cond: ((id >= 5978635) AND (id <= 5979634))
	  ->  Bitmap Index Scan on sbtest4_pkey  (cost=0.00..33.75 rows=931 width=0)
	        Index Cond: ((id >= 5978635) AND (id <= 5979634))

table 5 : explain SELECT c FROM sbtest5 WHERE id BETWEEN 7682028 AND 7683027
	Bitmap Heap Scan on sbtest5  (cost=34.36..3759.74 rows=968 width=121)
	  Recheck Cond: ((id >= 7682028) AND (id <= 7683027))
	  ->  Bitmap Index Scan on sbtest5_pkey  (cost=0.00..34.12 rows=968 width=0)
	        Index Cond: ((id >= 7682028) AND (id <= 7683027))

table 6 : explain SELECT c FROM sbtest6 WHERE id BETWEEN 6954392 AND 6955391
	Bitmap Heap Scan on sbtest6  (cost=34.73..3892.51 rows=1004 width=121)
	  Recheck Cond: ((id >= 6954392) AND (id <= 6955391))
	  ->  Bitmap Index Scan on sbtest6_pkey  (cost=0.00..34.48 rows=1004 width=0)
	        Index Cond: ((id >= 6954392) AND (id <= 6955391))

table 7 : explain SELECT c FROM sbtest7 WHERE id BETWEEN 4715590 AND 4716589
	Bitmap Heap Scan on sbtest7  (cost=34.05..3645.40 rows=938 width=121)
	  Recheck Cond: ((id >= 4715590) AND (id <= 4716589))
	  ->  Bitmap Index Scan on sbtest7_pkey  (cost=0.00..33.82 rows=938 width=0)
	        Index Cond: ((id >= 4715590) AND (id <= 4716589))

table 8 : explain SELECT c FROM sbtest8 WHERE id BETWEEN 9413157 AND 9414156
	Bitmap Heap Scan on sbtest8  (cost=33.98..3615.69 rows=931 width=121)
	  Recheck Cond: ((id >= 9413157) AND (id <= 9414156))
	  ->  Bitmap Index Scan on sbtest8_pkey  (cost=0.00..33.75 rows=931 width=0)
	        Index Cond: ((id >= 9413157) AND (id <= 9414156))

for: order_ranges
table 1 : explain SELECT c FROM sbtest1 WHERE id BETWEEN 6289998 AND 6290997 ORDER BY c
	Sort  (cost=3866.70..3869.16 rows=984 width=121)
	  Sort Key: c
	  ->  Bitmap Heap Scan on sbtest1  (cost=34.52..3817.78 rows=984 width=121)
	        Recheck Cond: ((id >= 6289998) AND (id <= 6290997))
	        ->  Bitmap Index Scan on sbtest1_pkey  (cost=0.00..34.28 rows=984 width=0)
	              Index Cond: ((id >= 6289998) AND (id <= 6290997))

table 2 : explain SELECT c FROM sbtest2 WHERE id BETWEEN 917123 AND 918122 ORDER BY c
	Sort  (cost=4455.49..4458.33 rows=1139 width=121)
	  Sort Key: c
	  ->  Bitmap Heap Scan on sbtest2  (cost=40.11..4397.66 rows=1139 width=121)
	        Recheck Cond: ((id >= 917123) AND (id <= 918122))
	        ->  Bitmap Index Scan on sbtest2_pkey  (cost=0.00..39.83 rows=1139 width=0)
	              Index Cond: ((id >= 917123) AND (id <= 918122))

table 3 : explain SELECT c FROM sbtest3 WHERE id BETWEEN 7838850 AND 7839849 ORDER BY c
	Sort  (cost=3953.55..3956.07 rows=1006 width=121)
	  Sort Key: c
	  ->  Bitmap Heap Scan on sbtest3  (cost=34.75..3903.38 rows=1006 width=121)
	        Recheck Cond: ((id >= 7838850) AND (id <= 7839849))
	        ->  Bitmap Index Scan on sbtest3_pkey  (cost=0.00..34.50 rows=1006 width=0)
	              Index Cond: ((id >= 7838850) AND (id <= 7839849))

table 4 : explain SELECT c FROM sbtest4 WHERE id BETWEEN 573844 AND 574843 ORDER BY c
	Sort  (cost=3834.93..3837.36 rows=975 width=121)
	  Sort Key: c
	  ->  Bitmap Heap Scan on sbtest4  (cost=34.43..3786.52 rows=975 width=121)
	        Recheck Cond: ((id >= 573844) AND (id <= 574843))
	        ->  Bitmap Index Scan on sbtest4_pkey  (cost=0.00..34.19 rows=975 width=0)
	              Index Cond: ((id >= 573844) AND (id <= 574843))

table 5 : explain SELECT c FROM sbtest5 WHERE id BETWEEN 1662643 AND 1663642 ORDER BY c
	Sort  (cost=3561.69..3563.96 rows=905 width=121)
	  Sort Key: c
	  ->  Bitmap Heap Scan on sbtest5  (cost=29.71..3517.25 rows=905 width=121)
	        Recheck Cond: ((id >= 1662643) AND (id <= 1663642))
	        ->  Bitmap Index Scan on sbtest5_pkey  (cost=0.00..29.48 rows=905 width=0)
	              Index Cond: ((id >= 1662643) AND (id <= 1663642))

table 6 : explain SELECT c FROM sbtest6 WHERE id BETWEEN 6658124 AND 6659123 ORDER BY c
	Sort  (cost=3635.84..3638.15 rows=924 width=121)
	  Sort Key: c
	  ->  Bitmap Heap Scan on sbtest6  (cost=33.91..3590.33 rows=924 width=121)
	        Recheck Cond: ((id >= 6658124) AND (id <= 6659123))
	        ->  Bitmap Index Scan on sbtest6_pkey  (cost=0.00..33.68 rows=924 width=0)
	              Index Cond: ((id >= 6658124) AND (id <= 6659123))

table 7 : explain SELECT c FROM sbtest7 WHERE id BETWEEN 8170921 AND 8171920 ORDER BY c
	Sort  (cost=3944.92..3947.43 rows=1004 width=121)
	  Sort Key: c
	  ->  Bitmap Heap Scan on sbtest7  (cost=34.73..3894.87 rows=1004 width=121)
	        Recheck Cond: ((id >= 8170921) AND (id <= 8171920))
	        ->  Bitmap Index Scan on sbtest7_pkey  (cost=0.00..34.48 rows=1004 width=0)
	              Index Cond: ((id >= 8170921) AND (id <= 8171920))

table 8 : explain SELECT c FROM sbtest8 WHERE id BETWEEN 8110885 AND 8111884 ORDER BY c
	Sort  (cost=3868.57..3871.04 rows=985 width=121)
	  Sort Key: c
	  ->  Bitmap Heap Scan on sbtest8  (cost=34.53..3819.60 rows=985 width=121)
	        Recheck Cond: ((id >= 8110885) AND (id <= 8111884))
	        ->  Bitmap Index Scan on sbtest8_pkey  (cost=0.00..34.29 rows=985 width=0)
	              Index Cond: ((id >= 8110885) AND (id <= 8111884))

for: order_ranges
table 1 : explain SELECT c FROM sbtest1 WHERE id BETWEEN 3284055 AND 3285054 ORDER BY c
	Sort  (cost=3598.11..3600.40 rows=914 width=121)
	  Sort Key: c
	  ->  Bitmap Heap Scan on sbtest1  (cost=33.80..3553.16 rows=914 width=121)
	        Recheck Cond: ((id >= 3284055) AND (id <= 3285054))
	        ->  Bitmap Index Scan on sbtest1_pkey  (cost=0.00..33.58 rows=914 width=0)
	              Index Cond: ((id >= 3284055) AND (id <= 3285054))

table 2 : explain SELECT c FROM sbtest2 WHERE id BETWEEN 514677 AND 515676 ORDER BY c
	Sort  (cost=3717.83..3720.19 rows=946 width=121)
	  Sort Key: c
	  ->  Bitmap Heap Scan on sbtest2  (cost=34.13..3671.07 rows=946 width=121)
	        Recheck Cond: ((id >= 514677) AND (id <= 515676))
	        ->  Bitmap Index Scan on sbtest2_pkey  (cost=0.00..33.90 rows=946 width=0)
	              Index Cond: ((id >= 514677) AND (id <= 515676))

table 3 : explain SELECT c FROM sbtest3 WHERE id BETWEEN 8702613 AND 8703612 ORDER BY c
	Sort  (cost=3919.04..3921.54 rows=997 width=121)
	  Sort Key: c
	  ->  Bitmap Heap Scan on sbtest3  (cost=34.65..3869.39 rows=997 width=121)
	        Recheck Cond: ((id >= 8702613) AND (id <= 8703612))
	        ->  Bitmap Index Scan on sbtest3_pkey  (cost=0.00..34.41 rows=997 width=0)
	              Index Cond: ((id >= 8702613) AND (id <= 8703612))

table 4 : explain SELECT c FROM sbtest4 WHERE id BETWEEN 4568379 AND 4569378 ORDER BY c
	Sort  (cost=4026.68..4029.24 rows=1025 width=121)
	  Sort Key: c
	  ->  Bitmap Heap Scan on sbtest4  (cost=34.94..3975.42 rows=1025 width=121)
	        Recheck Cond: ((id >= 4568379) AND (id <= 4569378))
	        ->  Bitmap Index Scan on sbtest4_pkey  (cost=0.00..34.69 rows=1025 width=0)
	              Index Cond: ((id >= 4568379) AND (id <= 4569378))

table 5 : explain SELECT c FROM sbtest5 WHERE id BETWEEN 6590968 AND 6591967 ORDER BY c
	Sort  (cost=3488.60..3490.81 rows=886 width=121)
	  Sort Key: c
	  ->  Bitmap Heap Scan on sbtest5  (cost=29.52..3445.22 rows=886 width=121)
	        Recheck Cond: ((id >= 6590968) AND (id <= 6591967))
	        ->  Bitmap Index Scan on sbtest5_pkey  (cost=0.00..29.29 rows=886 width=0)
	              Index Cond: ((id >= 6590968) AND (id <= 6591967))

table 6 : explain SELECT c FROM sbtest6 WHERE id BETWEEN 5433608 AND 5434607 ORDER BY c
	Sort  (cost=3674.23..3676.56 rows=934 width=121)
	  Sort Key: c
	  ->  Bitmap Heap Scan on sbtest6  (cost=34.01..3628.15 rows=934 width=121)
	        Recheck Cond: ((id >= 5433608) AND (id <= 5434607))
	        ->  Bitmap Index Scan on sbtest6_pkey  (cost=0.00..33.78 rows=934 width=0)
	              Index Cond: ((id >= 5433608) AND (id <= 5434607))

table 7 : explain SELECT c FROM sbtest7 WHERE id BETWEEN 4784990 AND 4785989 ORDER BY c
	Sort  (cost=3749.30..3751.69 rows=953 width=121)
	  Sort Key: c
	  ->  Bitmap Heap Scan on sbtest7  (cost=34.20..3702.15 rows=953 width=121)
	        Recheck Cond: ((id >= 4784990) AND (id <= 4785989))
	        ->  Bitmap Index Scan on sbtest7_pkey  (cost=0.00..33.97 rows=953 width=0)
	              Index Cond: ((id >= 4784990) AND (id <= 4785989))

table 8 : explain SELECT c FROM sbtest8 WHERE id BETWEEN 469442 AND 470441 ORDER BY c
	Sort  (cost=3542.46..3544.71 rows=901 width=121)
	  Sort Key: c
	  ->  Bitmap Heap Scan on sbtest8  (cost=29.67..3498.24 rows=901 width=121)
	        Recheck Cond: ((id >= 469442) AND (id <= 470441))
	        ->  Bitmap Index Scan on sbtest8_pkey  (cost=0.00..29.44 rows=901 width=0)
	              Index Cond: ((id >= 469442) AND (id <= 470441))

for: distinct_ranges
table 1 : explain SELECT DISTINCT c FROM sbtest1 WHERE id BETWEEN 1301061 AND 1302060 ORDER BY c
	Unique  (cost=3648.04..3652.67 rows=927 width=121)
	  ->  Sort  (cost=3648.04..3650.36 rows=927 width=121)
	        Sort Key: c
	        ->  Bitmap Heap Scan on sbtest1  (cost=33.94..3602.35 rows=927 width=121)
	              Recheck Cond: ((id >= 1301061) AND (id <= 1302060))
	              ->  Bitmap Index Scan on sbtest1_pkey  (cost=0.00..33.70 rows=927 width=0)
	                    Index Cond: ((id >= 1301061) AND (id <= 1302060))

table 2 : explain SELECT DISTINCT c FROM sbtest2 WHERE id BETWEEN 3502607 AND 3503606 ORDER BY c
	Unique  (cost=4119.55..4124.80 rows=1051 width=121)
	  ->  Sort  (cost=4119.55..4122.17 rows=1051 width=121)
	        Sort Key: c
	        ->  Bitmap Heap Scan on sbtest2  (cost=35.21..4066.80 rows=1051 width=121)
	              Recheck Cond: ((id >= 3502607) AND (id <= 3503606))
	              ->  Bitmap Index Scan on sbtest2_pkey  (cost=0.00..34.95 rows=1051 width=0)
	                    Index Cond: ((id >= 3502607) AND (id <= 3503606))

table 3 : explain SELECT DISTINCT c FROM sbtest3 WHERE id BETWEEN 6787826 AND 6788825 ORDER BY c
	Unique  (cost=3892.20..3897.15 rows=990 width=121)
	  ->  Sort  (cost=3892.20..3894.67 rows=990 width=121)
	        Sort Key: c
	        ->  Bitmap Heap Scan on sbtest3  (cost=34.58..3842.94 rows=990 width=121)
	              Recheck Cond: ((id >= 6787826) AND (id <= 6788825))
	              ->  Bitmap Index Scan on sbtest3_pkey  (cost=0.00..34.34 rows=990 width=0)
	                    Index Cond: ((id >= 6787826) AND (id <= 6788825))

table 4 : explain SELECT DISTINCT c FROM sbtest4 WHERE id BETWEEN 636013 AND 637012 ORDER BY c
	Unique  (cost=3865.63..3870.54 rows=983 width=121)
	  ->  Sort  (cost=3865.63..3868.08 rows=983 width=121)
	        Sort Key: c
	        ->  Bitmap Heap Scan on sbtest4  (cost=34.51..3816.77 rows=983 width=121)
	              Recheck Cond: ((id >= 636013) AND (id <= 637012))
	              ->  Bitmap Index Scan on sbtest4_pkey  (cost=0.00..34.27 rows=983 width=0)
	                    Index Cond: ((id >= 636013) AND (id <= 637012))

table 5 : explain SELECT DISTINCT c FROM sbtest5 WHERE id BETWEEN 9403985 AND 9404984 ORDER BY c
	Unique  (cost=3746.32..3751.08 rows=952 width=121)
	  ->  Sort  (cost=3746.32..3748.70 rows=952 width=121)
	        Sort Key: c
	        ->  Bitmap Heap Scan on sbtest5  (cost=34.19..3699.22 rows=952 width=121)
	              Recheck Cond: ((id >= 9403985) AND (id <= 9404984))
	              ->  Bitmap Index Scan on sbtest5_pkey  (cost=0.00..33.95 rows=952 width=0)
	                    Index Cond: ((id >= 9403985) AND (id <= 9404984))

table 6 : explain SELECT DISTINCT c FROM sbtest6 WHERE id BETWEEN 9995311 AND 9996310 ORDER BY c
	Unique  (cost=3823.80..3828.67 rows=973 width=121)
	  ->  Sort  (cost=3823.80..3826.23 rows=973 width=121)
	        Sort Key: c
	        ->  Bitmap Heap Scan on sbtest6  (cost=34.41..3775.51 rows=973 width=121)
	              Recheck Cond: ((id >= 9995311) AND (id <= 9996310))
	              ->  Bitmap Index Scan on sbtest6_pkey  (cost=0.00..34.17 rows=973 width=0)
	                    Index Cond: ((id >= 9995311) AND (id <= 9996310))

table 7 : explain SELECT DISTINCT c FROM sbtest7 WHERE id BETWEEN 7769140 AND 7770139 ORDER BY c
	Unique  (cost=3422.42..3426.76 rows=869 width=121)
	  ->  Sort  (cost=3422.42..3424.59 rows=869 width=121)
	        Sort Key: c
	        ->  Bitmap Heap Scan on sbtest7  (cost=29.34..3380.00 rows=869 width=121)
	              Recheck Cond: ((id >= 7769140) AND (id <= 7770139))
	              ->  Bitmap Index Scan on sbtest7_pkey  (cost=0.00..29.12 rows=869 width=0)
	                    Index Cond: ((id >= 7769140) AND (id <= 7770139))

table 8 : explain SELECT DISTINCT c FROM sbtest8 WHERE id BETWEEN 2768926 AND 2769925 ORDER BY c
	Unique  (cost=4075.20..4080.39 rows=1039 width=121)
	  ->  Sort  (cost=4075.20..4077.79 rows=1039 width=121)
	        Sort Key: c
	        ->  Bitmap Heap Scan on sbtest8  (cost=35.08..4023.14 rows=1039 width=121)
	              Recheck Cond: ((id >= 2768926) AND (id <= 2769925))
	              ->  Bitmap Index Scan on sbtest8_pkey  (cost=0.00..34.83 rows=1039 width=0)
	                    Index Cond: ((id >= 2768926) AND (id <= 2769925))

for point_selects
table 1 : explain SELECT c FROM sbtest1 WHERE id=7135686
	Index Scan using sbtest1_pkey on sbtest1  (cost=0.43..8.45 rows=1 width=121)
	  Index Cond: (id = 7135686)

table 2 : explain SELECT c FROM sbtest2 WHERE id=6498167
	Index Scan using sbtest2_pkey on sbtest2  (cost=0.43..8.45 rows=1 width=121)
	  Index Cond: (id = 6498167)

table 3 : explain SELECT c FROM sbtest3 WHERE id=5406178
	Index Scan using sbtest3_pkey on sbtest3  (cost=0.43..8.45 rows=1 width=121)
	  Index Cond: (id = 5406178)

table 4 : explain SELECT c FROM sbtest4 WHERE id=8623348
	Index Scan using sbtest4_pkey on sbtest4  (cost=0.43..8.45 rows=1 width=121)
	  Index Cond: (id = 8623348)

table 5 : explain SELECT c FROM sbtest5 WHERE id=8866383
	Index Scan using sbtest5_pkey on sbtest5  (cost=0.43..8.45 rows=1 width=121)
	  Index Cond: (id = 8866383)

table 6 : explain SELECT c FROM sbtest6 WHERE id=8100888
	Index Scan using sbtest6_pkey on sbtest6  (cost=0.43..8.45 rows=1 width=121)
	  Index Cond: (id = 8100888)

table 7 : explain SELECT c FROM sbtest7 WHERE id=3155759
	Index Scan using sbtest7_pkey on sbtest7  (cost=0.43..8.45 rows=1 width=121)
	  Index Cond: (id = 3155759)

table 8 : explain SELECT c FROM sbtest8 WHERE id=4007176
	Index Scan using sbtest8_pkey on sbtest8  (cost=0.43..8.45 rows=1 width=121)
	  Index Cond: (id = 4007176)

for: sum_ranges
table 1 : explain SELECT SUM(k) FROM sbtest1 WHERE id BETWEEN 596594 AND 597593
	Aggregate  (cost=4031.63..4031.64 rows=1 width=8)
	  ->  Bitmap Heap Scan on sbtest1  (cost=35.09..4029.03 rows=1040 width=4)
	        Recheck Cond: ((id >= 596594) AND (id <= 597593))
	        ->  Bitmap Index Scan on sbtest1_pkey  (cost=0.00..34.84 rows=1040 width=0)
	              Index Cond: ((id >= 596594) AND (id <= 597593))

table 2 : explain SELECT SUM(k) FROM sbtest2 WHERE id BETWEEN 5894915 AND 5895914
	Aggregate  (cost=3835.77..3835.78 rows=1 width=8)
	  ->  Bitmap Heap Scan on sbtest2  (cost=34.57..3833.30 rows=989 width=4)
	        Recheck Cond: ((id >= 5894915) AND (id <= 5895914))
	        ->  Bitmap Index Scan on sbtest2_pkey  (cost=0.00..34.33 rows=989 width=0)
	              Index Cond: ((id >= 5894915) AND (id <= 5895914))

table 3 : explain SELECT SUM(k) FROM sbtest3 WHERE id BETWEEN 8181485 AND 8182484
	Aggregate  (cost=4094.71..4094.72 rows=1 width=8)
	  ->  Bitmap Heap Scan on sbtest3  (cost=35.26..4092.07 rows=1056 width=4)
	        Recheck Cond: ((id >= 8181485) AND (id <= 8182484))
	        ->  Bitmap Index Scan on sbtest3_pkey  (cost=0.00..35.00 rows=1056 width=0)
	              Index Cond: ((id >= 8181485) AND (id <= 8182484))

table 4 : explain SELECT SUM(k) FROM sbtest4 WHERE id BETWEEN 7429178 AND 7430177
	Aggregate  (cost=3573.09..3573.10 rows=1 width=8)
	  ->  Bitmap Heap Scan on sbtest4  (cost=33.84..3570.79 rows=918 width=4)
	        Recheck Cond: ((id >= 7429178) AND (id <= 7430177))
	        ->  Bitmap Index Scan on sbtest4_pkey  (cost=0.00..33.62 rows=918 width=0)
	              Index Cond: ((id >= 7429178) AND (id <= 7430177))

table 5 : explain SELECT SUM(k) FROM sbtest5 WHERE id BETWEEN 3237994 AND 3238993
	Aggregate  (cost=3939.87..3939.88 rows=1 width=8)
	  ->  Bitmap Heap Scan on sbtest5  (cost=34.84..3937.33 rows=1015 width=4)
	        Recheck Cond: ((id >= 3237994) AND (id <= 3238993))
	        ->  Bitmap Index Scan on sbtest5_pkey  (cost=0.00..34.59 rows=1015 width=0)
	              Index Cond: ((id >= 3237994) AND (id <= 3238993))

table 6 : explain SELECT SUM(k) FROM sbtest6 WHERE id BETWEEN 8710582 AND 8711581
	Aggregate  (cost=3781.72..3781.73 rows=1 width=8)
	  ->  Bitmap Heap Scan on sbtest6  (cost=34.42..3779.29 rows=974 width=4)
	        Recheck Cond: ((id >= 8710582) AND (id <= 8711581))
	        ->  Bitmap Index Scan on sbtest6_pkey  (cost=0.00..34.18 rows=974 width=0)
	              Index Cond: ((id >= 8710582) AND (id <= 8711581))

table 7 : explain SELECT SUM(k) FROM sbtest7 WHERE id BETWEEN 5569426 AND 5570425
	Aggregate  (cost=3991.79..3991.80 rows=1 width=8)
	  ->  Bitmap Heap Scan on sbtest7  (cost=34.98..3989.22 rows=1029 width=4)
	        Recheck Cond: ((id >= 5569426) AND (id <= 5570425))
	        ->  Bitmap Index Scan on sbtest7_pkey  (cost=0.00..34.73 rows=1029 width=0)
	              Index Cond: ((id >= 5569426) AND (id <= 5570425))

table 8 : explain SELECT SUM(k) FROM sbtest8 WHERE id BETWEEN 8976122 AND 8977121
	Aggregate  (cost=3788.08..3788.09 rows=1 width=8)
	  ->  Bitmap Heap Scan on sbtest8  (cost=34.44..3785.64 rows=976 width=4)
	        Recheck Cond: ((id >= 8976122) AND (id <= 8977121))
	        ->  Bitmap Index Scan on sbtest8_pkey  (cost=0.00..34.20 rows=976 width=0)
	              Index Cond: ((id >= 8976122) AND (id <= 8977121))

for: simple_ranges
table 1 : explain SELECT c FROM sbtest1 WHERE id BETWEEN 4089224 AND 4090223
	Bitmap Heap Scan on sbtest1  (cost=35.49..4175.91 rows=1079 width=121)
	  Recheck Cond: ((id >= 4089224) AND (id <= 4090223))
	  ->  Bitmap Index Scan on sbtest1_pkey  (cost=0.00..35.23 rows=1079 width=0)
	        Index Cond: ((id >= 4089224) AND (id <= 4090223))

table 2 : explain SELECT c FROM sbtest2 WHERE id BETWEEN 5406902 AND 5407901
	Bitmap Heap Scan on sbtest2  (cost=34.09..3655.97 rows=942 width=121)
	  Recheck Cond: ((id >= 5406902) AND (id <= 5407901))
	  ->  Bitmap Index Scan on sbtest2_pkey  (cost=0.00..33.86 rows=942 width=0)
	        Index Cond: ((id >= 5406902) AND (id <= 5407901))

table 3 : explain SELECT c FROM sbtest3 WHERE id BETWEEN 1772704 AND 1773703
	Bitmap Heap Scan on sbtest3  (cost=33.90..3589.47 rows=923 width=121)
	  Recheck Cond: ((id >= 1772704) AND (id <= 1773703))
	  ->  Bitmap Index Scan on sbtest3_pkey  (cost=0.00..33.67 rows=923 width=0)
	        Index Cond: ((id >= 1772704) AND (id <= 1773703))

table 4 : explain SELECT c FROM sbtest4 WHERE id BETWEEN 8712030 AND 8713029
	Bitmap Heap Scan on sbtest4  (cost=39.70..4258.43 rows=1099 width=121)
	  Recheck Cond: ((id >= 8712030) AND (id <= 8713029))
	  ->  Bitmap Index Scan on sbtest4_pkey  (cost=0.00..39.43 rows=1099 width=0)
	        Index Cond: ((id >= 8712030) AND (id <= 8713029))

table 5 : explain SELECT c FROM sbtest5 WHERE id BETWEEN 9861408 AND 9862407
	Bitmap Heap Scan on sbtest5  (cost=34.62..3858.01 rows=994 width=121)
	  Recheck Cond: ((id >= 9861408) AND (id <= 9862407))
	  ->  Bitmap Index Scan on sbtest5_pkey  (cost=0.00..34.38 rows=994 width=0)
	        Index Cond: ((id >= 9861408) AND (id <= 9862407))

table 6 : explain SELECT c FROM sbtest6 WHERE id BETWEEN 1671715 AND 1672714
	Bitmap Heap Scan on sbtest6  (cost=34.39..3767.96 rows=971 width=121)
	  Recheck Cond: ((id >= 1671715) AND (id <= 1672714))
	  ->  Bitmap Index Scan on sbtest6_pkey  (cost=0.00..34.15 rows=971 width=0)
	        Index Cond: ((id >= 1671715) AND (id <= 1672714))

table 7 : explain SELECT c FROM sbtest7 WHERE id BETWEEN 9347746 AND 9348745
	Bitmap Heap Scan on sbtest7  (cost=35.14..4045.79 rows=1044 width=121)
	  Recheck Cond: ((id >= 9347746) AND (id <= 9348745))
	  ->  Bitmap Index Scan on sbtest7_pkey  (cost=0.00..34.88 rows=1044 width=0)
	        Index Cond: ((id >= 9347746) AND (id <= 9348745))

table 8 : explain SELECT c FROM sbtest8 WHERE id BETWEEN 5693532 AND 5694531
	Bitmap Heap Scan on sbtest8  (cost=35.14..4041.97 rows=1044 width=121)
	  Recheck Cond: ((id >= 5693532) AND (id <= 5694531))
	  ->  Bitmap Index Scan on sbtest8_pkey  (cost=0.00..34.88 rows=1044 width=0)
	        Index Cond: ((id >= 5693532) AND (id <= 5694531))

for: sum_ranges
table 1 : explain SELECT SUM(k) FROM sbtest1 WHERE id BETWEEN 5728833 AND 5729832
	Aggregate  (cost=4254.15..4254.16 rows=1 width=8)
	  ->  Bitmap Heap Scan on sbtest1  (cost=39.69..4251.41 rows=1098 width=4)
	        Recheck Cond: ((id >= 5728833) AND (id <= 5729832))
	        ->  Bitmap Index Scan on sbtest1_pkey  (cost=0.00..39.42 rows=1098 width=0)
	              Index Cond: ((id >= 5728833) AND (id <= 5729832))

table 2 : explain SELECT SUM(k) FROM sbtest2 WHERE id BETWEEN 407295 AND 408294
	Aggregate  (cost=3472.79..3472.80 rows=1 width=8)
	  ->  Bitmap Heap Scan on sbtest2  (cost=29.60..3470.56 rows=894 width=4)
	        Recheck Cond: ((id >= 407295) AND (id <= 408294))
	        ->  Bitmap Index Scan on sbtest2_pkey  (cost=0.00..29.37 rows=894 width=0)
	              Index Cond: ((id >= 407295) AND (id <= 408294))

table 3 : explain SELECT SUM(k) FROM sbtest3 WHERE id BETWEEN 2978648 AND 2979647
	Aggregate  (cost=3890.78..3890.79 rows=1 width=8)
	  ->  Bitmap Heap Scan on sbtest3  (cost=34.71..3888.27 rows=1002 width=4)
	        Recheck Cond: ((id >= 2978648) AND (id <= 2979647))
	        ->  Bitmap Index Scan on sbtest3_pkey  (cost=0.00..34.45 rows=1002 width=0)
	              Index Cond: ((id >= 2978648) AND (id <= 2979647))

table 4 : explain SELECT SUM(k) FROM sbtest4 WHERE id BETWEEN 8101931 AND 8102930
	Aggregate  (cost=3811.66..3811.67 rows=1 width=8)
	  ->  Bitmap Heap Scan on sbtest4  (cost=34.49..3809.21 rows=981 width=4)
	        Recheck Cond: ((id >= 8101931) AND (id <= 8102930))
	        ->  Bitmap Index Scan on sbtest4_pkey  (cost=0.00..34.25 rows=981 width=0)
	              Index Cond: ((id >= 8101931) AND (id <= 8102930))

table 5 : explain SELECT SUM(k) FROM sbtest5 WHERE id BETWEEN 5881131 AND 5882130
	Aggregate  (cost=3500.55..3500.56 rows=1 width=8)
	  ->  Bitmap Heap Scan on sbtest5  (cost=29.66..3498.30 rows=900 width=4)
	        Recheck Cond: ((id >= 5881131) AND (id <= 5882130))
	        ->  Bitmap Index Scan on sbtest5_pkey  (cost=0.00..29.43 rows=900 width=0)
	              Index Cond: ((id >= 5881131) AND (id <= 5882130))

table 6 : explain SELECT SUM(k) FROM sbtest6 WHERE id BETWEEN 4254758 AND 4255757
	Aggregate  (cost=3804.39..3804.40 rows=1 width=8)
	  ->  Bitmap Heap Scan on sbtest6  (cost=34.48..3801.94 rows=980 width=4)
	        Recheck Cond: ((id >= 4254758) AND (id <= 4255757))
	        ->  Bitmap Index Scan on sbtest6_pkey  (cost=0.00..34.23 rows=980 width=0)
	              Index Cond: ((id >= 4254758) AND (id <= 4255757))

table 7 : explain SELECT SUM(k) FROM sbtest7 WHERE id BETWEEN 6060078 AND 6061077
	Aggregate  (cost=4040.86..4040.87 rows=1 width=8)
	  ->  Bitmap Heap Scan on sbtest7  (cost=35.12..4038.25 rows=1042 width=4)
	        Recheck Cond: ((id >= 6060078) AND (id <= 6061077))
	        ->  Bitmap Index Scan on sbtest7_pkey  (cost=0.00..34.86 rows=1042 width=0)
	              Index Cond: ((id >= 6060078) AND (id <= 6061077))

table 8 : explain SELECT SUM(k) FROM sbtest8 WHERE id BETWEEN 9625183 AND 9626182
	Aggregate  (cost=3769.20..3769.21 rows=1 width=8)
	  ->  Bitmap Heap Scan on sbtest8  (cost=34.39..3766.77 rows=971 width=4)
	        Recheck Cond: ((id >= 9625183) AND (id <= 9626182))
	        ->  Bitmap Index Scan on sbtest8_pkey  (cost=0.00..34.15 rows=971 width=0)
	              Index Cond: ((id >= 9625183) AND (id <= 9626182))

explain: for point_selects :: explain SELECT c FROM sbtest%u WHERE id=%u
for point_selects
table 1 : explain SELECT c FROM sbtest1 WHERE id=9036848
	Index Scan using sbtest1_pkey on sbtest1  (cost=0.43..8.45 rows=1 width=121)
	  Index Cond: (id = 9036848)

table 2 : explain SELECT c FROM sbtest2 WHERE id=4202940
	Index Scan using sbtest2_pkey on sbtest2  (cost=0.43..8.45 rows=1 width=121)
	  Index Cond: (id = 4202940)

table 3 : explain SELECT c FROM sbtest3 WHERE id=3417977
	Index Scan using sbtest3_pkey on sbtest3  (cost=0.43..8.45 rows=1 width=121)
	  Index Cond: (id = 3417977)

table 4 : explain SELECT c FROM sbtest4 WHERE id=3843076
	Index Scan using sbtest4_pkey on sbtest4  (cost=0.43..8.45 rows=1 width=121)
	  Index Cond: (id = 3843076)

table 5 : explain SELECT c FROM sbtest5 WHERE id=5100899
	Index Scan using sbtest5_pkey on sbtest5  (cost=0.43..8.45 rows=1 width=121)
	  Index Cond: (id = 5100899)

table 6 : explain SELECT c FROM sbtest6 WHERE id=6039199
	Index Scan using sbtest6_pkey on sbtest6  (cost=0.43..8.45 rows=1 width=121)
	  Index Cond: (id = 6039199)

table 7 : explain SELECT c FROM sbtest7 WHERE id=2885392
	Index Scan using sbtest7_pkey on sbtest7  (cost=0.43..8.45 rows=1 width=121)
	  Index Cond: (id = 2885392)

table 8 : explain SELECT c FROM sbtest8 WHERE id=6425398
	Index Scan using sbtest8_pkey on sbtest8  (cost=0.43..8.45 rows=1 width=121)
	  Index Cond: (id = 6425398)

for point_selects
table 1 : explain SELECT c FROM sbtest1 WHERE id=1898635
	Index Scan using sbtest1_pkey on sbtest1  (cost=0.43..8.45 rows=1 width=121)
	  Index Cond: (id = 1898635)

table 2 : explain SELECT c FROM sbtest2 WHERE id=6050170
	Index Scan using sbtest2_pkey on sbtest2  (cost=0.43..8.45 rows=1 width=121)
	  Index Cond: (id = 6050170)

table 3 : explain SELECT c FROM sbtest3 WHERE id=1105067
	Index Scan using sbtest3_pkey on sbtest3  (cost=0.43..8.45 rows=1 width=121)
	  Index Cond: (id = 1105067)

table 4 : explain SELECT c FROM sbtest4 WHERE id=2996478
	Index Scan using sbtest4_pkey on sbtest4  (cost=0.43..8.45 rows=1 width=121)
	  Index Cond: (id = 2996478)

table 5 : explain SELECT c FROM sbtest5 WHERE id=6965581
	Index Scan using sbtest5_pkey on sbtest5  (cost=0.43..8.45 rows=1 width=121)
	  Index Cond: (id = 6965581)

table 6 : explain SELECT c FROM sbtest6 WHERE id=5766819
	Index Scan using sbtest6_pkey on sbtest6  (cost=0.43..8.45 rows=1 width=121)
	  Index Cond: (id = 5766819)

table 7 : explain SELECT c FROM sbtest7 WHERE id=5419995
	Index Scan using sbtest7_pkey on sbtest7  (cost=0.43..8.45 rows=1 width=121)
	  Index Cond: (id = 5419995)

table 8 : explain SELECT c FROM sbtest8 WHERE id=7878289
	Index Scan using sbtest8_pkey on sbtest8  (cost=0.43..8.45 rows=1 width=121)
	  Index Cond: (id = 7878289)

for point_selects
table 1 : explain SELECT c FROM sbtest1 WHERE id=8351973
	Index Scan using sbtest1_pkey on sbtest1  (cost=0.43..8.45 rows=1 width=121)
	  Index Cond: (id = 8351973)

table 2 : explain SELECT c FROM sbtest2 WHERE id=8997573
	Index Scan using sbtest2_pkey on sbtest2  (cost=0.43..8.45 rows=1 width=121)
	  Index Cond: (id = 8997573)

table 3 : explain SELECT c FROM sbtest3 WHERE id=2955500
	Index Scan using sbtest3_pkey on sbtest3  (cost=0.43..8.45 rows=1 width=121)
	  Index Cond: (id = 2955500)

table 4 : explain SELECT c FROM sbtest4 WHERE id=7300270
	Index Scan using sbtest4_pkey on sbtest4  (cost=0.43..8.45 rows=1 width=121)
	  Index Cond: (id = 7300270)

table 5 : explain SELECT c FROM sbtest5 WHERE id=1332273
	Index Scan using sbtest5_pkey on sbtest5  (cost=0.43..8.45 rows=1 width=121)
	  Index Cond: (id = 1332273)

table 6 : explain SELECT c FROM sbtest6 WHERE id=7642850
	Index Scan using sbtest6_pkey on sbtest6  (cost=0.43..8.45 rows=1 width=121)
	  Index Cond: (id = 7642850)

table 7 : explain SELECT c FROM sbtest7 WHERE id=3129142
	Index Scan using sbtest7_pkey on sbtest7  (cost=0.43..8.45 rows=1 width=121)
	  Index Cond: (id = 3129142)

table 8 : explain SELECT c FROM sbtest8 WHERE id=3476125
	Index Scan using sbtest8_pkey on sbtest8  (cost=0.43..8.45 rows=1 width=121)
	  Index Cond: (id = 3476125)

for point_selects
table 1 : explain SELECT c FROM sbtest1 WHERE id=5171072
	Index Scan using sbtest1_pkey on sbtest1  (cost=0.43..8.45 rows=1 width=121)
	  Index Cond: (id = 5171072)

table 2 : explain SELECT c FROM sbtest2 WHERE id=7477495
	Index Scan using sbtest2_pkey on sbtest2  (cost=0.43..8.45 rows=1 width=121)
	  Index Cond: (id = 7477495)

table 3 : explain SELECT c FROM sbtest3 WHERE id=70052
	Index Scan using sbtest3_pkey on sbtest3  (cost=0.43..8.45 rows=1 width=121)
	  Index Cond: (id = 70052)

table 4 : explain SELECT c FROM sbtest4 WHERE id=1856682
	Index Scan using sbtest4_pkey on sbtest4  (cost=0.43..8.45 rows=1 width=121)
	  Index Cond: (id = 1856682)

table 5 : explain SELECT c FROM sbtest5 WHERE id=113996
	Index Scan using sbtest5_pkey on sbtest5  (cost=0.43..8.45 rows=1 width=121)
	  Index Cond: (id = 113996)

table 6 : explain SELECT c FROM sbtest6 WHERE id=2396008
	Index Scan using sbtest6_pkey on sbtest6  (cost=0.43..8.45 rows=1 width=121)
	  Index Cond: (id = 2396008)

table 7 : explain SELECT c FROM sbtest7 WHERE id=7270013
	Index Scan using sbtest7_pkey on sbtest7  (cost=0.43..8.45 rows=1 width=121)
	  Index Cond: (id = 7270013)

table 8 : explain SELECT c FROM sbtest8 WHERE id=2599143
	Index Scan using sbtest8_pkey on sbtest8  (cost=0.43..8.45 rows=1 width=121)
	  Index Cond: (id = 2599143)

explain: for point_selects :: explain SELECT c FROM sbtest%u WHERE id=%u
for: sum_ranges
table 1 : explain SELECT SUM(k) FROM sbtest1 WHERE id BETWEEN 3485097 AND 3486096
	Aggregate  (cost=3714.40..3714.41 rows=1 width=8)
	  ->  Bitmap Heap Scan on sbtest1  (cost=34.23..3712.01 rows=956 width=4)
	        Recheck Cond: ((id >= 3485097) AND (id <= 3486096))
	        ->  Bitmap Index Scan on sbtest1_pkey  (cost=0.00..34.00 rows=956 width=0)
	              Index Cond: ((id >= 3485097) AND (id <= 3486096))

table 2 : explain SELECT SUM(k) FROM sbtest2 WHERE id BETWEEN 9938477 AND 9939476
	Aggregate  (cost=3745.20..3745.21 rows=1 width=8)
	  ->  Bitmap Heap Scan on sbtest2  (cost=34.33..3742.78 rows=965 width=4)
	        Recheck Cond: ((id >= 9938477) AND (id <= 9939476))
	        ->  Bitmap Index Scan on sbtest2_pkey  (cost=0.00..34.09 rows=965 width=0)
	              Index Cond: ((id >= 9938477) AND (id <= 9939476))

table 3 : explain SELECT SUM(k) FROM sbtest3 WHERE id BETWEEN 817034 AND 818033
	Aggregate  (cost=3762.19..3762.20 rows=1 width=8)
	  ->  Bitmap Heap Scan on sbtest3  (cost=34.36..3759.77 rows=968 width=4)
	        Recheck Cond: ((id >= 817034) AND (id <= 818033))
	        ->  Bitmap Index Scan on sbtest3_pkey  (cost=0.00..34.12 rows=968 width=0)
	              Index Cond: ((id >= 817034) AND (id <= 818033))

table 4 : explain SELECT SUM(k) FROM sbtest4 WHERE id BETWEEN 1972125 AND 1973124
	Aggregate  (cost=4355.36..4355.37 rows=1 width=8)
	  ->  Bitmap Heap Scan on sbtest4  (cost=39.96..4352.55 rows=1124 width=4)
	        Recheck Cond: ((id >= 1972125) AND (id <= 1973124))
	        ->  Bitmap Index Scan on sbtest4_pkey  (cost=0.00..39.68 rows=1124 width=0)
	              Index Cond: ((id >= 1972125) AND (id <= 1973124))

table 5 : explain SELECT SUM(k) FROM sbtest5 WHERE id BETWEEN 4546148 AND 4547147
	Aggregate  (cost=3917.20..3917.21 rows=1 width=8)
	  ->  Bitmap Heap Scan on sbtest5  (cost=34.78..3914.67 rows=1009 width=4)
	        Recheck Cond: ((id >= 4546148) AND (id <= 4547147))
	        ->  Bitmap Index Scan on sbtest5_pkey  (cost=0.00..34.53 rows=1009 width=0)
	              Index Cond: ((id >= 4546148) AND (id <= 4547147))

table 6 : explain SELECT SUM(k) FROM sbtest6 WHERE id BETWEEN 4220803 AND 4221802
	Aggregate  (cost=3804.39..3804.40 rows=1 width=8)
	  ->  Bitmap Heap Scan on sbtest6  (cost=34.48..3801.94 rows=980 width=4)
	        Recheck Cond: ((id >= 4220803) AND (id <= 4221802))
	        ->  Bitmap Index Scan on sbtest6_pkey  (cost=0.00..34.23 rows=980 width=0)
	              Index Cond: ((id >= 4220803) AND (id <= 4221802))

table 7 : explain SELECT SUM(k) FROM sbtest7 WHERE id BETWEEN 8791955 AND 8792954
	Aggregate  (cost=3606.09..3606.10 rows=1 width=8)
	  ->  Bitmap Heap Scan on sbtest7  (cost=33.94..3603.77 rows=927 width=4)
	        Recheck Cond: ((id >= 8791955) AND (id <= 8792954))
	        ->  Bitmap Index Scan on sbtest7_pkey  (cost=0.00..33.70 rows=927 width=0)
	              Index Cond: ((id >= 8791955) AND (id <= 8792954))

table 8 : explain SELECT SUM(k) FROM sbtest8 WHERE id BETWEEN 2659126 AND 2660125
	Aggregate  (cost=3882.45..3882.46 rows=1 width=8)
	  ->  Bitmap Heap Scan on sbtest8  (cost=34.70..3879.95 rows=1001 width=4)
	        Recheck Cond: ((id >= 2659126) AND (id <= 2660125))
	        ->  Bitmap Index Scan on sbtest8_pkey  (cost=0.00..34.45 rows=1001 width=0)
	              Index Cond: ((id >= 2659126) AND (id <= 2660125))

explain: for point_selects :: explain SELECT c FROM sbtest%u WHERE id=%u
explain: for point_selects :: explain SELECT c FROM sbtest%u WHERE id=%u
for: distinct_ranges
table 1 : explain SELECT DISTINCT c FROM sbtest1 WHERE id BETWEEN 301907 AND 302906 ORDER BY c
	Unique  (cost=3578.75..3583.30 rows=910 width=121)
	  ->  Sort  (cost=3578.75..3581.02 rows=910 width=121)
	        Sort Key: c
	        ->  Bitmap Heap Scan on sbtest1  (cost=29.76..3534.02 rows=910 width=121)
	              Recheck Cond: ((id >= 301907) AND (id <= 302906))
	              ->  Bitmap Index Scan on sbtest1_pkey  (cost=0.00..29.54 rows=910 width=0)
	                    Index Cond: ((id >= 301907) AND (id <= 302906))

table 2 : explain SELECT DISTINCT c FROM sbtest2 WHERE id BETWEEN 4647724 AND 4648723 ORDER BY c
	Unique  (cost=4253.16..4258.59 rows=1086 width=121)
	  ->  Sort  (cost=4253.16..4255.87 rows=1086 width=121)
	        Sort Key: c
	        ->  Bitmap Heap Scan on sbtest2  (cost=35.57..4198.40 rows=1086 width=121)
	              Recheck Cond: ((id >= 4647724) AND (id <= 4648723))
	              ->  Bitmap Index Scan on sbtest2_pkey  (cost=0.00..35.30 rows=1086 width=0)
	                    Index Cond: ((id >= 4647724) AND (id <= 4648723))

table 3 : explain SELECT DISTINCT c FROM sbtest3 WHERE id BETWEEN 937701 AND 938700 ORDER BY c
	Unique  (cost=4325.08..4330.59 rows=1102 width=121)
	  ->  Sort  (cost=4325.08..4327.83 rows=1102 width=121)
	        Sort Key: c
	        ->  Bitmap Heap Scan on sbtest3  (cost=39.73..4269.39 rows=1102 width=121)
	              Recheck Cond: ((id >= 937701) AND (id <= 938700))
	              ->  Bitmap Index Scan on sbtest3_pkey  (cost=0.00..39.45 rows=1102 width=0)
	                    Index Cond: ((id >= 937701) AND (id <= 938700))

table 4 : explain SELECT DISTINCT c FROM sbtest4 WHERE id BETWEEN 3973783 AND 3974782 ORDER BY c
	Unique  (cost=4313.95..4319.44 rows=1099 width=121)
	  ->  Sort  (cost=4313.95..4316.69 rows=1099 width=121)
	        Sort Key: c
	        ->  Bitmap Heap Scan on sbtest4  (cost=39.70..4258.43 rows=1099 width=121)
	              Recheck Cond: ((id >= 3973783) AND (id <= 3974782))
	              ->  Bitmap Index Scan on sbtest4_pkey  (cost=0.00..39.43 rows=1099 width=0)
	                    Index Cond: ((id >= 3973783) AND (id <= 3974782))

table 5 : explain SELECT DISTINCT c FROM sbtest5 WHERE id BETWEEN 7262888 AND 7263887 ORDER BY c
	Unique  (cost=4393.83..4399.43 rows=1120 width=121)
	  ->  Sort  (cost=4393.83..4396.63 rows=1120 width=121)
	        Sort Key: c
	        ->  Bitmap Heap Scan on sbtest5  (cost=39.92..4337.10 rows=1120 width=121)
	              Recheck Cond: ((id >= 7262888) AND (id <= 7263887))
	              ->  Bitmap Index Scan on sbtest5_pkey  (cost=0.00..39.64 rows=1120 width=0)
	                    Index Cond: ((id >= 7262888) AND (id <= 7263887))

table 6 : explain SELECT DISTINCT c FROM sbtest6 WHERE id BETWEEN 1168756 AND 1169755 ORDER BY c
	Unique  (cost=3681.90..3686.58 rows=936 width=121)
	  ->  Sort  (cost=3681.90..3684.24 rows=936 width=121)
	        Sort Key: c
	        ->  Bitmap Heap Scan on sbtest6  (cost=34.03..3635.71 rows=936 width=121)
	              Recheck Cond: ((id >= 1168756) AND (id <= 1169755))
	              ->  Bitmap Index Scan on sbtest6_pkey  (cost=0.00..33.80 rows=936 width=0)
	                    Index Cond: ((id >= 1168756) AND (id <= 1169755))

table 7 : explain SELECT DISTINCT c FROM sbtest7 WHERE id BETWEEN 7373321 AND 7374320 ORDER BY c
	Unique  (cost=3614.87..3619.46 rows=918 width=121)
	  ->  Sort  (cost=3614.87..3617.17 rows=918 width=121)
	        Sort Key: c
	        ->  Bitmap Heap Scan on sbtest7  (cost=33.84..3569.70 rows=918 width=121)
	              Recheck Cond: ((id >= 7373321) AND (id <= 7374320))
	              ->  Bitmap Index Scan on sbtest7_pkey  (cost=0.00..33.62 rows=918 width=0)
	                    Index Cond: ((id >= 7373321) AND (id <= 7374320))

table 8 : explain SELECT DISTINCT c FROM sbtest8 WHERE id BETWEEN 1900814 AND 1901813 ORDER BY c
	Unique  (cost=3822.61..3827.48 rows=973 width=121)
	  ->  Sort  (cost=3822.61..3825.04 rows=973 width=121)
	        Sort Key: c
	        ->  Bitmap Heap Scan on sbtest8  (cost=34.41..3774.32 rows=973 width=121)
	              Recheck Cond: ((id >= 1900814) AND (id <= 1901813))
	              ->  Bitmap Index Scan on sbtest8_pkey  (cost=0.00..34.17 rows=973 width=0)
	                    Index Cond: ((id >= 1900814) AND (id <= 1901813))

for: simple_ranges
table 1 : explain SELECT c FROM sbtest1 WHERE id BETWEEN 8421773 AND 8422772
	Bitmap Heap Scan on sbtest1  (cost=34.33..3746.02 rows=965 width=121)
	  Recheck Cond: ((id >= 8421773) AND (id <= 8422772))
	  ->  Bitmap Index Scan on sbtest1_pkey  (cost=0.00..34.09 rows=965 width=0)
	        Index Cond: ((id >= 8421773) AND (id <= 8422772))

table 2 : explain SELECT c FROM sbtest2 WHERE id BETWEEN 844509 AND 845508
	Bitmap Heap Scan on sbtest2  (cost=34.37..3757.88 rows=969 width=121)
	  Recheck Cond: ((id >= 844509) AND (id <= 845508))
	  ->  Bitmap Index Scan on sbtest2_pkey  (cost=0.00..34.12 rows=969 width=0)
	        Index Cond: ((id >= 844509) AND (id <= 845508))

table 3 : explain SELECT c FROM sbtest3 WHERE id BETWEEN 4493320 AND 4494319
	Bitmap Heap Scan on sbtest3  (cost=34.25..3721.95 rows=958 width=121)
	  Recheck Cond: ((id >= 4493320) AND (id <= 4494319))
	  ->  Bitmap Index Scan on sbtest3_pkey  (cost=0.00..34.02 rows=958 width=0)
	        Index Cond: ((id >= 4493320) AND (id <= 4494319))

table 4 : explain SELECT c FROM sbtest4 WHERE id BETWEEN 1675218 AND 1676217
	Bitmap Heap Scan on sbtest4  (cost=33.81..3559.43 rows=915 width=121)
	  Recheck Cond: ((id >= 1675218) AND (id <= 1676217))
	  ->  Bitmap Index Scan on sbtest4_pkey  (cost=0.00..33.59 rows=915 width=0)
	        Index Cond: ((id >= 1675218) AND (id <= 1676217))

table 5 : explain SELECT c FROM sbtest5 WHERE id BETWEEN 1731605 AND 1732604
	Bitmap Heap Scan on sbtest5  (cost=34.41..3778.64 rows=973 width=121)
	  Recheck Cond: ((id >= 1731605) AND (id <= 1732604))
	  ->  Bitmap Index Scan on sbtest5_pkey  (cost=0.00..34.17 rows=973 width=0)
	        Index Cond: ((id >= 1731605) AND (id <= 1732604))

table 6 : explain SELECT c FROM sbtest6 WHERE id BETWEEN 3287906 AND 3288905
	Bitmap Heap Scan on sbtest6  (cost=34.28..3726.41 rows=960 width=121)
	  Recheck Cond: ((id >= 3287906) AND (id <= 3288905))
	  ->  Bitmap Index Scan on sbtest6_pkey  (cost=0.00..34.04 rows=960 width=0)
	        Index Cond: ((id >= 3287906) AND (id <= 3288905))

table 7 : explain SELECT c FROM sbtest7 WHERE id BETWEEN 8659487 AND 8660486
	Bitmap Heap Scan on sbtest7  (cost=34.52..3819.33 rows=984 width=121)
	  Recheck Cond: ((id >= 8659487) AND (id <= 8660486))
	  ->  Bitmap Index Scan on sbtest7_pkey  (cost=0.00..34.28 rows=984 width=0)
	        Index Cond: ((id >= 8659487) AND (id <= 8660486))

table 8 : explain SELECT c FROM sbtest8 WHERE id BETWEEN 9543596 AND 9544595
	Bitmap Heap Scan on sbtest8  (cost=39.66..4237.83 rows=1095 width=121)
	  Recheck Cond: ((id >= 9543596) AND (id <= 9544595))
	  ->  Bitmap Index Scan on sbtest8_pkey  (cost=0.00..39.39 rows=1095 width=0)
	        Index Cond: ((id >= 9543596) AND (id <= 9544595))

for: distinct_ranges
table 1 : explain SELECT DISTINCT c FROM sbtest1 WHERE id BETWEEN 9236885 AND 9237884 ORDER BY c
	Unique  (cost=3950.99..3956.02 rows=1006 width=121)
	  ->  Sort  (cost=3950.99..3953.50 rows=1006 width=121)
	        Sort Key: c
	        ->  Bitmap Heap Scan on sbtest1  (cost=34.75..3900.82 rows=1006 width=121)
	              Recheck Cond: ((id >= 9236885) AND (id <= 9237884))
	              ->  Bitmap Index Scan on sbtest1_pkey  (cost=0.00..34.50 rows=1006 width=0)
	                    Index Cond: ((id >= 9236885) AND (id <= 9237884))

table 2 : explain SELECT DISTINCT c FROM sbtest2 WHERE id BETWEEN 7956499 AND 7957498 ORDER BY c
	Unique  (cost=3668.00..3672.66 rows=933 width=121)
	  ->  Sort  (cost=3668.00..3670.33 rows=933 width=121)
	        Sort Key: c
	        ->  Bitmap Heap Scan on sbtest2  (cost=34.00..3621.98 rows=933 width=121)
	              Recheck Cond: ((id >= 7956499) AND (id <= 7957498))
	              ->  Bitmap Index Scan on sbtest2_pkey  (cost=0.00..33.77 rows=933 width=0)
	                    Index Cond: ((id >= 7956499) AND (id <= 7957498))

table 3 : explain SELECT DISTINCT c FROM sbtest3 WHERE id BETWEEN 1161642 AND 1162641 ORDER BY c
	Unique  (cost=3746.35..3751.11 rows=952 width=121)
	  ->  Sort  (cost=3746.35..3748.73 rows=952 width=121)
	        Sort Key: c
	        ->  Bitmap Heap Scan on sbtest3  (cost=34.19..3699.25 rows=952 width=121)
	              Recheck Cond: ((id >= 1161642) AND (id <= 1162641))
	              ->  Bitmap Index Scan on sbtest3_pkey  (cost=0.00..33.95 rows=952 width=0)
	                    Index Cond: ((id >= 1161642) AND (id <= 1162641))

table 4 : explain SELECT DISTINCT c FROM sbtest4 WHERE id BETWEEN 1296371 AND 1297370 ORDER BY c
	Unique  (cost=3992.19..3997.27 rows=1016 width=121)
	  ->  Sort  (cost=3992.19..3994.73 rows=1016 width=121)
	        Sort Key: c
	        ->  Bitmap Heap Scan on sbtest4  (cost=34.85..3941.44 rows=1016 width=121)
	              Recheck Cond: ((id >= 1296371) AND (id <= 1297370))
	              ->  Bitmap Index Scan on sbtest4_pkey  (cost=0.00..34.59 rows=1016 width=0)
	                    Index Cond: ((id >= 1296371) AND (id <= 1297370))

table 5 : explain SELECT DISTINCT c FROM sbtest5 WHERE id BETWEEN 1978828 AND 1979827 ORDER BY c
	Unique  (cost=4542.84..4548.64 rows=1160 width=121)
	  ->  Sort  (cost=4542.84..4545.74 rows=1160 width=121)
	        Sort Key: c
	        ->  Bitmap Heap Scan on sbtest5  (cost=40.33..4483.80 rows=1160 width=121)
	              Recheck Cond: ((id >= 1978828) AND (id <= 1979827))
	              ->  Bitmap Index Scan on sbtest5_pkey  (cost=0.00..40.04 rows=1160 width=0)
	                    Index Cond: ((id >= 1978828) AND (id <= 1979827))

table 6 : explain SELECT DISTINCT c FROM sbtest6 WHERE id BETWEEN 2730961 AND 2731960 ORDER BY c
	Unique  (cost=4259.98..4265.41 rows=1087 width=121)
	  ->  Sort  (cost=4259.98..4262.70 rows=1087 width=121)
	        Sort Key: c
	        ->  Bitmap Heap Scan on sbtest6  (cost=35.58..4205.16 rows=1087 width=121)
	              Recheck Cond: ((id >= 2730961) AND (id <= 2731960))
	              ->  Bitmap Index Scan on sbtest6_pkey  (cost=0.00..35.31 rows=1087 width=0)
	                    Index Cond: ((id >= 2730961) AND (id <= 2731960))

table 7 : explain SELECT DISTINCT c FROM sbtest7 WHERE id BETWEEN 9839222 AND 9840221 ORDER BY c
	Unique  (cost=4354.54..4360.09 rows=1110 width=121)
	  ->  Sort  (cost=4354.54..4357.32 rows=1110 width=121)
	        Sort Key: c
	        ->  Bitmap Heap Scan on sbtest7  (cost=39.81..4298.40 rows=1110 width=121)
	              Recheck Cond: ((id >= 9839222) AND (id <= 9840221))
	              ->  Bitmap Index Scan on sbtest7_pkey  (cost=0.00..39.54 rows=1110 width=0)
	                    Index Cond: ((id >= 9839222) AND (id <= 9840221))

table 8 : explain SELECT DISTINCT c FROM sbtest8 WHERE id BETWEEN 6760197 AND 6761196 ORDER BY c
	Unique  (cost=4250.94..4256.36 rows=1085 width=121)
	  ->  Sort  (cost=4250.94..4253.65 rows=1085 width=121)
	        Sort Key: c
	        ->  Bitmap Heap Scan on sbtest8  (cost=35.56..4196.23 rows=1085 width=121)
	              Recheck Cond: ((id >= 6760197) AND (id <= 6761196))
	              ->  Bitmap Index Scan on sbtest8_pkey  (cost=0.00..35.29 rows=1085 width=0)
	                    Index Cond: ((id >= 6760197) AND (id <= 6761196))

for: simple_ranges
table 1 : explain SELECT c FROM sbtest1 WHERE id BETWEEN 6536787 AND 6537786
	Bitmap Heap Scan on sbtest1  (cost=29.75..3530.24 rows=909 width=121)
	  Recheck Cond: ((id >= 6536787) AND (id <= 6537786))
	  ->  Bitmap Index Scan on sbtest1_pkey  (cost=0.00..29.52 rows=909 width=0)
	        Index Cond: ((id >= 6536787) AND (id <= 6537786))

table 2 : explain SELECT c FROM sbtest2 WHERE id BETWEEN 5635823 AND 5636822
	Bitmap Heap Scan on sbtest2  (cost=34.67..3871.00 rows=999 width=121)
	  Recheck Cond: ((id >= 5635823) AND (id <= 5636822))
	  ->  Bitmap Index Scan on sbtest2_pkey  (cost=0.00..34.43 rows=999 width=0)
	        Index Cond: ((id >= 5635823) AND (id <= 5636822))

table 3 : explain SELECT c FROM sbtest3 WHERE id BETWEEN 9144763 AND 9145762
	Bitmap Heap Scan on sbtest3  (cost=35.41..4148.62 rows=1071 width=121)
	  Recheck Cond: ((id >= 9144763) AND (id <= 9145762))
	  ->  Bitmap Index Scan on sbtest3_pkey  (cost=0.00..35.15 rows=1071 width=0)
	        Index Cond: ((id >= 9144763) AND (id <= 9145762))

table 4 : explain SELECT c FROM sbtest4 WHERE id BETWEEN 2430906 AND 2431905
	Bitmap Heap Scan on sbtest4  (cost=33.90..3589.73 rows=923 width=121)
	  Recheck Cond: ((id >= 2430906) AND (id <= 2431905))
	  ->  Bitmap Index Scan on sbtest4_pkey  (cost=0.00..33.67 rows=923 width=0)
	        Index Cond: ((id >= 2430906) AND (id <= 2431905))

table 5 : explain SELECT c FROM sbtest5 WHERE id BETWEEN 5917597 AND 5918596
	Bitmap Heap Scan on sbtest5  (cost=29.66..3498.30 rows=900 width=121)
	  Recheck Cond: ((id >= 5917597) AND (id <= 5918596))
	  ->  Bitmap Index Scan on sbtest5_pkey  (cost=0.00..29.43 rows=900 width=0)
	        Index Cond: ((id >= 5917597) AND (id <= 5918596))

table 6 : explain SELECT c FROM sbtest6 WHERE id BETWEEN 6388962 AND 6389961
	Bitmap Heap Scan on sbtest6  (cost=34.48..3801.94 rows=980 width=121)
	  Recheck Cond: ((id >= 6388962) AND (id <= 6389961))
	  ->  Bitmap Index Scan on sbtest6_pkey  (cost=0.00..34.23 rows=980 width=0)
	        Index Cond: ((id >= 6388962) AND (id <= 6389961))

table 7 : explain SELECT c FROM sbtest7 WHERE id BETWEEN 1369457 AND 1370456
	Bitmap Heap Scan on sbtest7  (cost=35.43..4155.09 rows=1073 width=121)
	  Recheck Cond: ((id >= 1369457) AND (id <= 1370456))
	  ->  Bitmap Index Scan on sbtest7_pkey  (cost=0.00..35.17 rows=1073 width=0)
	        Index Cond: ((id >= 1369457) AND (id <= 1370456))

table 8 : explain SELECT c FROM sbtest8 WHERE id BETWEEN 9777834 AND 9778833
	Bitmap Heap Scan on sbtest8  (cost=35.52..4181.19 rows=1081 width=121)
	  Recheck Cond: ((id >= 9777834) AND (id <= 9778833))
	  ->  Bitmap Index Scan on sbtest8_pkey  (cost=0.00..35.25 rows=1081 width=0)
	        Index Cond: ((id >= 9777834) AND (id <= 9778833))

for: sum_ranges
table 1 : explain SELECT SUM(k) FROM sbtest1 WHERE id BETWEEN 1939922 AND 1940921
	Aggregate  (cost=4076.87..4076.88 rows=1 width=8)
	  ->  Bitmap Heap Scan on sbtest1  (cost=35.22..4074.24 rows=1052 width=4)
	        Recheck Cond: ((id >= 1939922) AND (id <= 1940921))
	        ->  Bitmap Index Scan on sbtest1_pkey  (cost=0.00..34.95 rows=1052 width=0)
	              Index Cond: ((id >= 1939922) AND (id <= 1940921))

table 2 : explain SELECT SUM(k) FROM sbtest2 WHERE id BETWEEN 6308005 AND 6309004
	Aggregate  (cost=4058.13..4058.14 rows=1 width=8)
	  ->  Bitmap Heap Scan on sbtest2  (cost=35.18..4055.51 rows=1048 width=4)
	        Recheck Cond: ((id >= 6308005) AND (id <= 6309004))
	        ->  Bitmap Index Scan on sbtest2_pkey  (cost=0.00..34.92 rows=1048 width=0)
	              Index Cond: ((id >= 6308005) AND (id <= 6309004))

table 3 : explain SELECT SUM(k) FROM sbtest3 WHERE id BETWEEN 2269775 AND 2270774
	Aggregate  (cost=4245.77..4245.78 rows=1 width=8)
	  ->  Bitmap Heap Scan on sbtest3  (cost=39.66..4243.04 rows=1095 width=4)
	        Recheck Cond: ((id >= 2269775) AND (id <= 2270774))
	        ->  Bitmap Index Scan on sbtest3_pkey  (cost=0.00..39.39 rows=1095 width=0)
	              Index Cond: ((id >= 2269775) AND (id <= 2270774))

table 4 : explain SELECT SUM(k) FROM sbtest4 WHERE id BETWEEN 8979257 AND 8980256
	Aggregate  (cost=3883.51..3883.52 rows=1 width=8)
	  ->  Bitmap Heap Scan on sbtest4  (cost=34.69..3881.01 rows=1000 width=4)
	        Recheck Cond: ((id >= 8979257) AND (id <= 8980256))
	        ->  Bitmap Index Scan on sbtest4_pkey  (cost=0.00..34.44 rows=1000 width=0)
	              Index Cond: ((id >= 8979257) AND (id <= 8980256))

table 5 : explain SELECT SUM(k) FROM sbtest5 WHERE id BETWEEN 8898865 AND 8899864
	Aggregate  (cost=3716.74..3716.75 rows=1 width=8)
	  ->  Bitmap Heap Scan on sbtest5  (cost=34.23..3714.35 rows=956 width=4)
	        Recheck Cond: ((id >= 8898865) AND (id <= 8899864))
	        ->  Bitmap Index Scan on sbtest5_pkey  (cost=0.00..34.00 rows=956 width=0)
	              Index Cond: ((id >= 8898865) AND (id <= 8899864))

table 6 : explain SELECT SUM(k) FROM sbtest6 WHERE id BETWEEN 1129307 AND 1130306
	Aggregate  (cost=3638.05..3638.06 rows=1 width=8)
	  ->  Bitmap Heap Scan on sbtest6  (cost=34.03..3635.71 rows=936 width=4)
	        Recheck Cond: ((id >= 1129307) AND (id <= 1130306))
	        ->  Bitmap Index Scan on sbtest6_pkey  (cost=0.00..33.80 rows=936 width=0)
	              Index Cond: ((id >= 1129307) AND (id <= 1130306))

table 7 : explain SELECT SUM(k) FROM sbtest7 WHERE id BETWEEN 4190744 AND 4191743
	Aggregate  (cost=3795.32..3795.33 rows=1 width=8)
	  ->  Bitmap Heap Scan on sbtest7  (cost=34.45..3792.88 rows=977 width=4)
	        Recheck Cond: ((id >= 4190744) AND (id <= 4191743))
	        ->  Bitmap Index Scan on sbtest7_pkey  (cost=0.00..34.20 rows=977 width=0)
	              Index Cond: ((id >= 4190744) AND (id <= 4191743))

table 8 : explain SELECT SUM(k) FROM sbtest8 WHERE id BETWEEN 6346565 AND 6347564
	Aggregate  (cost=3610.45..3610.46 rows=1 width=8)
	  ->  Bitmap Heap Scan on sbtest8  (cost=33.96..3608.13 rows=929 width=4)
	        Recheck Cond: ((id >= 6346565) AND (id <= 6347564))
	        ->  Bitmap Index Scan on sbtest8_pkey  (cost=0.00..33.73 rows=929 width=0)
	              Index Cond: ((id >= 6346565) AND (id <= 6347564))

for: simple_ranges
table 1 : explain SELECT c FROM sbtest1 WHERE id BETWEEN 2559190 AND 2560189
	Bitmap Heap Scan on sbtest1  (cost=34.57..3836.66 rows=989 width=121)
	  Recheck Cond: ((id >= 2559190) AND (id <= 2560189))
	  ->  Bitmap Index Scan on sbtest1_pkey  (cost=0.00..34.33 rows=989 width=0)
	        Index Cond: ((id >= 2559190) AND (id <= 2560189))

table 2 : explain SELECT c FROM sbtest2 WHERE id BETWEEN 4845928 AND 4846927
	Bitmap Heap Scan on sbtest2  (cost=35.53..4183.36 rows=1082 width=121)
	  Recheck Cond: ((id >= 4845928) AND (id <= 4846927))
	  ->  Bitmap Index Scan on sbtest2_pkey  (cost=0.00..35.26 rows=1082 width=0)
	        Index Cond: ((id >= 4845928) AND (id <= 4846927))

table 3 : explain SELECT c FROM sbtest3 WHERE id BETWEEN 7244997 AND 7245996
	Bitmap Heap Scan on sbtest3  (cost=34.11..3668.98 rows=944 width=121)
	  Recheck Cond: ((id >= 7244997) AND (id <= 7245996))
	  ->  Bitmap Index Scan on sbtest3_pkey  (cost=0.00..33.88 rows=944 width=0)
	        Index Cond: ((id >= 7244997) AND (id <= 7245996))

table 4 : explain SELECT c FROM sbtest4 WHERE id BETWEEN 6635970 AND 6636969
	Bitmap Heap Scan on sbtest4  (cost=34.52..3820.55 rows=984 width=121)
	  Recheck Cond: ((id >= 6635970) AND (id <= 6636969))
	  ->  Bitmap Index Scan on sbtest4_pkey  (cost=0.00..34.28 rows=984 width=0)
	        Index Cond: ((id >= 6635970) AND (id <= 6636969))

table 5 : explain SELECT c FROM sbtest5 WHERE id BETWEEN 4041734 AND 4042733
	Bitmap Heap Scan on sbtest5  (cost=35.12..4039.23 rows=1042 width=121)
	  Recheck Cond: ((id >= 4041734) AND (id <= 4042733))
	  ->  Bitmap Index Scan on sbtest5_pkey  (cost=0.00..34.86 rows=1042 width=0)
	        Index Cond: ((id >= 4041734) AND (id <= 4042733))

table 6 : explain SELECT c FROM sbtest6 WHERE id BETWEEN 4332120 AND 4333119
	Bitmap Heap Scan on sbtest6  (cost=33.88..3578.98 rows=921 width=121)
	  Recheck Cond: ((id >= 4332120) AND (id <= 4333119))
	  ->  Bitmap Index Scan on sbtest6_pkey  (cost=0.00..33.65 rows=921 width=0)
	        Index Cond: ((id >= 4332120) AND (id <= 4333119))

table 7 : explain SELECT c FROM sbtest7 WHERE id BETWEEN 9123297 AND 9124296
	Bitmap Heap Scan on sbtest7  (cost=35.29..4102.34 rows=1059 width=121)
	  Recheck Cond: ((id >= 9123297) AND (id <= 9124296))
	  ->  Bitmap Index Scan on sbtest7_pkey  (cost=0.00..35.03 rows=1059 width=0)
	        Index Cond: ((id >= 9123297) AND (id <= 9124296))

table 8 : explain SELECT c FROM sbtest8 WHERE id BETWEEN 9114519 AND 9115518
	Bitmap Heap Scan on sbtest8  (cost=34.71..3883.72 rows=1002 width=121)
	  Recheck Cond: ((id >= 9114519) AND (id <= 9115518))
	  ->  Bitmap Index Scan on sbtest8_pkey  (cost=0.00..34.45 rows=1002 width=0)
	        Index Cond: ((id >= 9114519) AND (id <= 9115518))

for: simple_ranges
table 1 : explain SELECT c FROM sbtest1 WHERE id BETWEEN 9944388 AND 9945387
	Bitmap Heap Scan on sbtest1  (cost=34.71..3885.72 rows=1002 width=121)
	  Recheck Cond: ((id >= 9944388) AND (id <= 9945387))
	  ->  Bitmap Index Scan on sbtest1_pkey  (cost=0.00..34.45 rows=1002 width=0)
	        Index Cond: ((id >= 9944388) AND (id <= 9945387))

table 2 : explain SELECT c FROM sbtest2 WHERE id BETWEEN 1051198 AND 1052197
	Bitmap Heap Scan on sbtest2  (cost=35.26..4085.61 rows=1056 width=121)
	  Recheck Cond: ((id >= 1051198) AND (id <= 1052197))
	  ->  Bitmap Index Scan on sbtest2_pkey  (cost=0.00..35.00 rows=1056 width=0)
	        Index Cond: ((id >= 1051198) AND (id <= 1052197))

table 3 : explain SELECT c FROM sbtest3 WHERE id BETWEEN 3842995 AND 3843994
	Bitmap Heap Scan on sbtest3  (cost=35.43..4156.15 rows=1073 width=121)
	  Recheck Cond: ((id >= 3842995) AND (id <= 3843994))
	  ->  Bitmap Index Scan on sbtest3_pkey  (cost=0.00..35.17 rows=1073 width=0)
	        Index Cond: ((id >= 3842995) AND (id <= 3843994))

table 4 : explain SELECT c FROM sbtest4 WHERE id BETWEEN 7739006 AND 7740005
	Bitmap Heap Scan on sbtest4  (cost=35.41..4148.94 rows=1071 width=121)
	  Recheck Cond: ((id >= 7739006) AND (id <= 7740005))
	  ->  Bitmap Index Scan on sbtest4_pkey  (cost=0.00..35.15 rows=1071 width=0)
	        Index Cond: ((id >= 7739006) AND (id <= 7740005))

table 5 : explain SELECT c FROM sbtest5 WHERE id BETWEEN 7599323 AND 7600322
	Bitmap Heap Scan on sbtest5  (cost=34.36..3759.74 rows=968 width=121)
	  Recheck Cond: ((id >= 7599323) AND (id <= 7600322))
	  ->  Bitmap Index Scan on sbtest5_pkey  (cost=0.00..34.12 rows=968 width=0)
	        Index Cond: ((id >= 7599323) AND (id <= 7600322))

table 6 : explain SELECT c FROM sbtest6 WHERE id BETWEEN 6561524 AND 6562523
	Bitmap Heap Scan on sbtest6  (cost=34.55..3828.36 rows=987 width=121)
	  Recheck Cond: ((id >= 6561524) AND (id <= 6562523))
	  ->  Bitmap Index Scan on sbtest6_pkey  (cost=0.00..34.31 rows=987 width=0)
	        Index Cond: ((id >= 6561524) AND (id <= 6562523))

table 7 : explain SELECT c FROM sbtest7 WHERE id BETWEEN 6182342 AND 6183341
	Bitmap Heap Scan on sbtest7  (cost=34.01..3630.27 rows=934 width=121)
	  Recheck Cond: ((id >= 6182342) AND (id <= 6183341))
	  ->  Bitmap Index Scan on sbtest7_pkey  (cost=0.00..33.78 rows=934 width=0)
	        Index Cond: ((id >= 6182342) AND (id <= 6183341))

table 8 : explain SELECT c FROM sbtest8 WHERE id BETWEEN 8725819 AND 8726818
	Bitmap Heap Scan on sbtest8  (cost=34.88..3947.80 rows=1019 width=121)
	  Recheck Cond: ((id >= 8725819) AND (id <= 8726818))
	  ->  Bitmap Index Scan on sbtest8_pkey  (cost=0.00..34.62 rows=1019 width=0)
	        Index Cond: ((id >= 8725819) AND (id <= 8726818))

for: simple_ranges
table 1 : explain SELECT c FROM sbtest1 WHERE id BETWEEN 4885401 AND 4886400
	Bitmap Heap Scan on sbtest1  (cost=34.57..3836.66 rows=989 width=121)
	  Recheck Cond: ((id >= 4885401) AND (id <= 4886400))
	  ->  Bitmap Index Scan on sbtest1_pkey  (cost=0.00..34.33 rows=989 width=0)
	        Index Cond: ((id >= 4885401) AND (id <= 4886400))

table 2 : explain SELECT c FROM sbtest2 WHERE id BETWEEN 4783366 AND 4784365
	Bitmap Heap Scan on sbtest2  (cost=35.53..4183.36 rows=1082 width=121)
	  Recheck Cond: ((id >= 4783366) AND (id <= 4784365))
	  ->  Bitmap Index Scan on sbtest2_pkey  (cost=0.00..35.26 rows=1082 width=0)
	        Index Cond: ((id >= 4783366) AND (id <= 4784365))

table 3 : explain SELECT c FROM sbtest3 WHERE id BETWEEN 7065651 AND 7066650
	Bitmap Heap Scan on sbtest3  (cost=29.58..3468.01 rows=892 width=121)
	  Recheck Cond: ((id >= 7065651) AND (id <= 7066650))
	  ->  Bitmap Index Scan on sbtest3_pkey  (cost=0.00..29.36 rows=892 width=0)
	        Index Cond: ((id >= 7065651) AND (id <= 7066650))

table 4 : explain SELECT c FROM sbtest4 WHERE id BETWEEN 6497370 AND 6498369
	Bitmap Heap Scan on sbtest4  (cost=34.25..3722.22 rows=958 width=121)
	  Recheck Cond: ((id >= 6497370) AND (id <= 6498369))
	  ->  Bitmap Index Scan on sbtest4_pkey  (cost=0.00..34.02 rows=958 width=0)
	        Index Cond: ((id >= 6497370) AND (id <= 6498369))

table 5 : explain SELECT c FROM sbtest5 WHERE id BETWEEN 9992220 AND 9993219
	Bitmap Heap Scan on sbtest5  (cost=34.64..3865.57 rows=996 width=121)
	  Recheck Cond: ((id >= 9992220) AND (id <= 9993219))
	  ->  Bitmap Index Scan on sbtest5_pkey  (cost=0.00..34.40 rows=996 width=0)
	        Index Cond: ((id >= 9992220) AND (id <= 9993219))

table 6 : explain SELECT c FROM sbtest6 WHERE id BETWEEN 1273649 AND 1274648
	Bitmap Heap Scan on sbtest6  (cost=35.42..4148.72 rows=1072 width=121)
	  Recheck Cond: ((id >= 1273649) AND (id <= 1274648))
	  ->  Bitmap Index Scan on sbtest6_pkey  (cost=0.00..35.16 rows=1072 width=0)
	        Index Cond: ((id >= 1273649) AND (id <= 1274648))

table 7 : explain SELECT c FROM sbtest7 WHERE id BETWEEN 5780993 AND 5781992
	Bitmap Heap Scan on sbtest7  (cost=29.53..3448.25 rows=887 width=121)
	  Recheck Cond: ((id >= 5780993) AND (id <= 5781992))
	  ->  Bitmap Index Scan on sbtest7_pkey  (cost=0.00..29.30 rows=887 width=0)
	        Index Cond: ((id >= 5780993) AND (id <= 5781992))

table 8 : explain SELECT c FROM sbtest8 WHERE id BETWEEN 1108230 AND 1109229
	Bitmap Heap Scan on sbtest8  (cost=34.45..3789.42 rows=977 width=121)
	  Recheck Cond: ((id >= 1108230) AND (id <= 1109229))
	  ->  Bitmap Index Scan on sbtest8_pkey  (cost=0.00..34.20 rows=977 width=0)
	        Index Cond: ((id >= 1108230) AND (id <= 1109229))

for: order_ranges
table 1 : explain SELECT c FROM sbtest1 WHERE id BETWEEN 4991020 AND 4992019 ORDER BY c
	Sort  (cost=3743.99..3746.37 rows=952 width=121)
	  Sort Key: c
	  ->  Bitmap Heap Scan on sbtest1  (cost=34.19..3696.89 rows=952 width=121)
	        Recheck Cond: ((id >= 4991020) AND (id <= 4992019))
	        ->  Bitmap Index Scan on sbtest1_pkey  (cost=0.00..33.95 rows=952 width=0)
	              Index Cond: ((id >= 4991020) AND (id <= 4992019))

table 2 : explain SELECT c FROM sbtest2 WHERE id BETWEEN 870316 AND 871315 ORDER BY c
	Sort  (cost=3805.94..3808.36 rows=969 width=121)
	  Sort Key: c
	  ->  Bitmap Heap Scan on sbtest2  (cost=34.37..3757.88 rows=969 width=121)
	        Recheck Cond: ((id >= 870316) AND (id <= 871315))
	        ->  Bitmap Index Scan on sbtest2_pkey  (cost=0.00..34.12 rows=969 width=0)
	              Index Cond: ((id >= 870316) AND (id <= 871315))

table 3 : explain SELECT c FROM sbtest3 WHERE id BETWEEN 978815 AND 979814 ORDER BY c
	Sort  (cost=4325.08..4327.83 rows=1102 width=121)
	  Sort Key: c
	  ->  Bitmap Heap Scan on sbtest3  (cost=39.73..4269.39 rows=1102 width=121)
	        Recheck Cond: ((id >= 978815) AND (id <= 979814))
	        ->  Bitmap Index Scan on sbtest3_pkey  (cost=0.00..39.45 rows=1102 width=0)
	              Index Cond: ((id >= 978815) AND (id <= 979814))

table 4 : explain SELECT c FROM sbtest4 WHERE id BETWEEN 8774833 AND 8775832 ORDER BY c
	Sort  (cost=4313.95..4316.69 rows=1099 width=121)
	  Sort Key: c
	  ->  Bitmap Heap Scan on sbtest4  (cost=39.70..4258.43 rows=1099 width=121)
	        Recheck Cond: ((id >= 8774833) AND (id <= 8775832))
	        ->  Bitmap Index Scan on sbtest4_pkey  (cost=0.00..39.43 rows=1099 width=0)
	              Index Cond: ((id >= 8774833) AND (id <= 8775832))

table 5 : explain SELECT c FROM sbtest5 WHERE id BETWEEN 6162724 AND 6163723 ORDER BY c
	Sort  (cost=3968.85..3971.37 rows=1010 width=121)
	  Sort Key: c
	  ->  Bitmap Heap Scan on sbtest5  (cost=34.79..3918.45 rows=1010 width=121)
	        Recheck Cond: ((id >= 6162724) AND (id <= 6163723))
	        ->  Bitmap Index Scan on sbtest5_pkey  (cost=0.00..34.54 rows=1010 width=0)
	              Index Cond: ((id >= 6162724) AND (id <= 6163723))

table 6 : explain SELECT c FROM sbtest6 WHERE id BETWEEN 436592 AND 437591 ORDER BY c
	Sort  (cost=4026.77..4029.34 rows=1026 width=121)
	  Sort Key: c
	  ->  Bitmap Heap Scan on sbtest6  (cost=34.95..3975.46 rows=1026 width=121)
	        Recheck Cond: ((id >= 436592) AND (id <= 437591))
	        ->  Bitmap Index Scan on sbtest6_pkey  (cost=0.00..34.70 rows=1026 width=0)
	              Index Cond: ((id >= 436592) AND (id <= 437591))

table 7 : explain SELECT c FROM sbtest7 WHERE id BETWEEN 6283128 AND 6284127 ORDER BY c
	Sort  (cost=4086.65..4089.26 rows=1041 width=121)
	  Sort Key: c
	  ->  Bitmap Heap Scan on sbtest7  (cost=35.11..4034.48 rows=1041 width=121)
	        Recheck Cond: ((id >= 6283128) AND (id <= 6284127))
	        ->  Bitmap Index Scan on sbtest7_pkey  (cost=0.00..34.84 rows=1041 width=0)
	              Index Cond: ((id >= 6283128) AND (id <= 6284127))

table 8 : explain SELECT c FROM sbtest8 WHERE id BETWEEN 7230520 AND 7231519 ORDER BY c
	Sort  (cost=3834.10..3836.54 rows=976 width=121)
	  Sort Key: c
	  ->  Bitmap Heap Scan on sbtest8  (cost=34.44..3785.64 rows=976 width=121)
	        Recheck Cond: ((id >= 7230520) AND (id <= 7231519))
	        ->  Bitmap Index Scan on sbtest8_pkey  (cost=0.00..34.20 rows=976 width=0)
	              Index Cond: ((id >= 7230520) AND (id <= 7231519))

for: order_ranges
table 1 : explain SELECT c FROM sbtest1 WHERE id BETWEEN 4332025 AND 4333024 ORDER BY c
	Sort  (cost=3767.01..3769.40 rows=958 width=121)
	  Sort Key: c
	  ->  Bitmap Heap Scan on sbtest1  (cost=34.25..3719.57 rows=958 width=121)
	        Recheck Cond: ((id >= 4332025) AND (id <= 4333024))
	        ->  Bitmap Index Scan on sbtest1_pkey  (cost=0.00..34.02 rows=958 width=0)
	              Index Cond: ((id >= 4332025) AND (id <= 4333024))

table 2 : explain SELECT c FROM sbtest2 WHERE id BETWEEN 4600666 AND 4601665 ORDER BY c
	Sort  (cost=4253.16..4255.87 rows=1086 width=121)
	  Sort Key: c
	  ->  Bitmap Heap Scan on sbtest2  (cost=35.57..4198.40 rows=1086 width=121)
	        Recheck Cond: ((id >= 4600666) AND (id <= 4601665))
	        ->  Bitmap Index Scan on sbtest2_pkey  (cost=0.00..35.30 rows=1086 width=0)
	              Index Cond: ((id >= 4600666) AND (id <= 4601665))

table 3 : explain SELECT c FROM sbtest3 WHERE id BETWEEN 7055787 AND 7056786 ORDER BY c
	Sort  (cost=3511.72..3513.95 rows=892 width=121)
	  Sort Key: c
	  ->  Bitmap Heap Scan on sbtest3  (cost=29.58..3468.01 rows=892 width=121)
	        Recheck Cond: ((id >= 7055787) AND (id <= 7056786))
	        ->  Bitmap Index Scan on sbtest3_pkey  (cost=0.00..29.36 rows=892 width=0)
	              Index Cond: ((id >= 7055787) AND (id <= 7056786))

table 4 : explain SELECT c FROM sbtest4 WHERE id BETWEEN 8028001 AND 8029000 ORDER BY c
	Sort  (cost=3857.95..3860.41 rows=981 width=121)
	  Sort Key: c
	  ->  Bitmap Heap Scan on sbtest4  (cost=34.49..3809.21 rows=981 width=121)
	        Recheck Cond: ((id >= 8028001) AND (id <= 8029000))
	        ->  Bitmap Index Scan on sbtest4_pkey  (cost=0.00..34.25 rows=981 width=0)
	              Index Cond: ((id >= 8028001) AND (id <= 8029000))

table 5 : explain SELECT c FROM sbtest5 WHERE id BETWEEN 3492228 AND 3493227 ORDER BY c
	Sort  (cost=4122.09..4124.72 rows=1050 width=121)
	  Sort Key: c
	  ->  Bitmap Heap Scan on sbtest5  (cost=35.20..4069.40 rows=1050 width=121)
	        Recheck Cond: ((id >= 3492228) AND (id <= 3493227))
	        ->  Bitmap Index Scan on sbtest5_pkey  (cost=0.00..34.94 rows=1050 width=0)
	              Index Cond: ((id >= 3492228) AND (id <= 3493227))

table 6 : explain SELECT c FROM sbtest6 WHERE id BETWEEN 4147745 AND 4148744 ORDER BY c
	Sort  (cost=4065.03..4067.62 rows=1036 width=121)
	  Sort Key: c
	  ->  Bitmap Heap Scan on sbtest6  (cost=35.05..4013.15 rows=1036 width=121)
	        Recheck Cond: ((id >= 4147745) AND (id <= 4148744))
	        ->  Bitmap Index Scan on sbtest6_pkey  (cost=0.00..34.80 rows=1036 width=0)
	              Index Cond: ((id >= 4147745) AND (id <= 4148744))

table 7 : explain SELECT c FROM sbtest7 WHERE id BETWEEN 8776209 AND 8777208 ORDER BY c
	Sort  (cost=3649.46..3651.77 rows=927 width=121)
	  Sort Key: c
	  ->  Bitmap Heap Scan on sbtest7  (cost=33.94..3603.77 rows=927 width=121)
	        Recheck Cond: ((id >= 8776209) AND (id <= 8777208))
	        ->  Bitmap Index Scan on sbtest7_pkey  (cost=0.00..33.70 rows=927 width=0)
	              Index Cond: ((id >= 8776209) AND (id <= 8777208))

table 8 : explain SELECT c FROM sbtest8 WHERE id BETWEEN 8489500 AND 8490499 ORDER BY c
	Sort  (cost=4113.42..4116.04 rows=1049 width=121)
	  Sort Key: c
	  ->  Bitmap Heap Scan on sbtest8  (cost=35.19..4060.79 rows=1049 width=121)
	        Recheck Cond: ((id >= 8489500) AND (id <= 8490499))
	        ->  Bitmap Index Scan on sbtest8_pkey  (cost=0.00..34.93 rows=1049 width=0)
	              Index Cond: ((id >= 8489500) AND (id <= 8490499))

explain: for point_selects :: explain SELECT c FROM sbtest%u WHERE id=%u
explain: for point_selects :: explain SELECT c FROM sbtest%u WHERE id=%u
for: order_ranges
table 1 : explain SELECT c FROM sbtest1 WHERE id BETWEEN 7935082 AND 7936081 ORDER BY c
	Sort  (cost=3843.70..3846.15 rows=978 width=121)
	  Sort Key: c
	  ->  Bitmap Heap Scan on sbtest1  (cost=34.46..3795.12 rows=978 width=121)
	        Recheck Cond: ((id >= 7935082) AND (id <= 7936081))
	        ->  Bitmap Index Scan on sbtest1_pkey  (cost=0.00..34.22 rows=978 width=0)
	              Index Cond: ((id >= 7935082) AND (id <= 7936081))

table 2 : explain SELECT c FROM sbtest2 WHERE id BETWEEN 1079544 AND 1080543 ORDER BY c
	Sort  (cost=3714.00..3716.36 rows=945 width=121)
	  Sort Key: c
	  ->  Bitmap Heap Scan on sbtest2  (cost=34.12..3667.29 rows=945 width=121)
	        Recheck Cond: ((id >= 1079544) AND (id <= 1080543))
	        ->  Bitmap Index Scan on sbtest2_pkey  (cost=0.00..33.89 rows=945 width=0)
	              Index Cond: ((id >= 1079544) AND (id <= 1080543))

table 3 : explain SELECT c FROM sbtest3 WHERE id BETWEEN 4908156 AND 4909155 ORDER BY c
	Sort  (cost=3596.49..3598.77 rows=913 width=121)
	  Sort Key: c
	  ->  Bitmap Heap Scan on sbtest3  (cost=33.79..3551.60 rows=913 width=121)
	        Recheck Cond: ((id >= 4908156) AND (id <= 4909155))
	        ->  Bitmap Index Scan on sbtest3_pkey  (cost=0.00..33.57 rows=913 width=0)
	              Index Cond: ((id >= 4908156) AND (id <= 4909155))

table 4 : explain SELECT c FROM sbtest4 WHERE id BETWEEN 2543420 AND 2544419 ORDER BY c
	Sort  (cost=3731.26..3733.63 rows=948 width=121)
	  Sort Key: c
	  ->  Bitmap Heap Scan on sbtest4  (cost=34.15..3684.39 rows=948 width=121)
	        Recheck Cond: ((id >= 2543420) AND (id <= 2544419))
	        ->  Bitmap Index Scan on sbtest4_pkey  (cost=0.00..33.92 rows=948 width=0)
	              Index Cond: ((id >= 2543420) AND (id <= 2544419))

table 5 : explain SELECT c FROM sbtest5 WHERE id BETWEEN 9211919 AND 9212918 ORDER BY c
	Sort  (cost=3926.68..3929.17 rows=999 width=121)
	  Sort Key: c
	  ->  Bitmap Heap Scan on sbtest5  (cost=34.67..3876.90 rows=999 width=121)
	        Recheck Cond: ((id >= 9211919) AND (id <= 9212918))
	        ->  Bitmap Index Scan on sbtest5_pkey  (cost=0.00..34.43 rows=999 width=0)
	              Index Cond: ((id >= 9211919) AND (id <= 9212918))

table 6 : explain SELECT c FROM sbtest6 WHERE id BETWEEN 536110 AND 537109 ORDER BY c
	Sort  (cost=3862.12..3864.58 rows=983 width=121)
	  Sort Key: c
	  ->  Bitmap Heap Scan on sbtest6  (cost=34.51..3813.26 rows=983 width=121)
	        Recheck Cond: ((id >= 536110) AND (id <= 537109))
	        ->  Bitmap Index Scan on sbtest6_pkey  (cost=0.00..34.27 rows=983 width=0)
	              Index Cond: ((id >= 536110) AND (id <= 537109))

table 7 : explain SELECT c FROM sbtest7 WHERE id BETWEEN 7197404 AND 7198403 ORDER BY c
	Sort  (cost=3560.90..3563.17 rows=905 width=121)
	  Sort Key: c
	  ->  Bitmap Heap Scan on sbtest7  (cost=29.71..3516.46 rows=905 width=121)
	        Recheck Cond: ((id >= 7197404) AND (id <= 7198403))
	        ->  Bitmap Index Scan on sbtest7_pkey  (cost=0.00..29.48 rows=905 width=0)
	              Index Cond: ((id >= 7197404) AND (id <= 7198403))

table 8 : explain SELECT c FROM sbtest8 WHERE id BETWEEN 4683701 AND 4684700 ORDER BY c
	Sort  (cost=3703.79..3706.14 rows=942 width=121)
	  Sort Key: c
	  ->  Bitmap Heap Scan on sbtest8  (cost=34.09..3657.26 rows=942 width=121)
	        Recheck Cond: ((id >= 4683701) AND (id <= 4684700))
	        ->  Bitmap Index Scan on sbtest8_pkey  (cost=0.00..33.86 rows=942 width=0)
	              Index Cond: ((id >= 4683701) AND (id <= 4684700))

for point_selects
table 1 : explain SELECT c FROM sbtest1 WHERE id=5114857
	Index Scan using sbtest1_pkey on sbtest1  (cost=0.43..8.45 rows=1 width=121)
	  Index Cond: (id = 5114857)

table 2 : explain SELECT c FROM sbtest2 WHERE id=9566764
	Index Scan using sbtest2_pkey on sbtest2  (cost=0.43..8.45 rows=1 width=121)
	  Index Cond: (id = 9566764)

table 3 : explain SELECT c FROM sbtest3 WHERE id=4355006
	Index Scan using sbtest3_pkey on sbtest3  (cost=0.43..8.45 rows=1 width=121)
	  Index Cond: (id = 4355006)

table 4 : explain SELECT c FROM sbtest4 WHERE id=9193071
	Index Scan using sbtest4_pkey on sbtest4  (cost=0.43..8.45 rows=1 width=121)
	  Index Cond: (id = 9193071)

table 5 : explain SELECT c FROM sbtest5 WHERE id=3351790
	Index Scan using sbtest5_pkey on sbtest5  (cost=0.43..8.45 rows=1 width=121)
	  Index Cond: (id = 3351790)

table 6 : explain SELECT c FROM sbtest6 WHERE id=2360088
	Index Scan using sbtest6_pkey on sbtest6  (cost=0.43..8.45 rows=1 width=121)
	  Index Cond: (id = 2360088)

table 7 : explain SELECT c FROM sbtest7 WHERE id=6143511
	Index Scan using sbtest7_pkey on sbtest7  (cost=0.43..8.45 rows=1 width=121)
	  Index Cond: (id = 6143511)

table 8 : explain SELECT c FROM sbtest8 WHERE id=3752986
	Index Scan using sbtest8_pkey on sbtest8  (cost=0.43..8.45 rows=1 width=121)
	  Index Cond: (id = 3752986)

for: sum_ranges
table 1 : explain SELECT SUM(k) FROM sbtest1 WHERE id BETWEEN 8132651 AND 8133650
	Aggregate  (cost=4016.54..4016.55 rows=1 width=8)
	  ->  Bitmap Heap Scan on sbtest1  (cost=35.05..4013.95 rows=1036 width=4)
	        Recheck Cond: ((id >= 8132651) AND (id <= 8133650))
	        ->  Bitmap Index Scan on sbtest1_pkey  (cost=0.00..34.80 rows=1036 width=0)
	              Index Cond: ((id >= 8132651) AND (id <= 8133650))

table 2 : explain SELECT SUM(k) FROM sbtest2 WHERE id BETWEEN 5367543 AND 5368542
	Aggregate  (cost=3654.54..3654.55 rows=1 width=8)
	  ->  Bitmap Heap Scan on sbtest2  (cost=34.08..3652.19 rows=941 width=4)
	        Recheck Cond: ((id >= 5367543) AND (id <= 5368542))
	        ->  Bitmap Index Scan on sbtest2_pkey  (cost=0.00..33.84 rows=941 width=0)
	              Index Cond: ((id >= 5367543) AND (id <= 5368542))

table 3 : explain SELECT SUM(k) FROM sbtest3 WHERE id BETWEEN 3976503 AND 3977502
	Aggregate  (cost=3818.94..3818.95 rows=1 width=8)
	  ->  Bitmap Heap Scan on sbtest3  (cost=34.51..3816.48 rows=983 width=4)
	        Recheck Cond: ((id >= 3976503) AND (id <= 3977502))
	        ->  Bitmap Index Scan on sbtest3_pkey  (cost=0.00..34.27 rows=983 width=0)
	              Index Cond: ((id >= 3976503) AND (id <= 3977502))

table 4 : explain SELECT SUM(k) FROM sbtest4 WHERE id BETWEEN 7518177 AND 7519176
	Aggregate  (cost=3758.69..3758.70 rows=1 width=8)
	  ->  Bitmap Heap Scan on sbtest4  (cost=34.35..3756.27 rows=967 width=4)
	        Recheck Cond: ((id >= 7518177) AND (id <= 7519176))
	        ->  Bitmap Index Scan on sbtest4_pkey  (cost=0.00..34.11 rows=967 width=0)
	              Index Cond: ((id >= 7518177) AND (id <= 7519176))

table 5 : explain SELECT SUM(k) FROM sbtest5 WHERE id BETWEEN 2067028 AND 2068027
	Aggregate  (cost=3826.47..3826.48 rows=1 width=8)
	  ->  Bitmap Heap Scan on sbtest5  (cost=34.53..3824.00 rows=985 width=4)
	        Recheck Cond: ((id >= 2067028) AND (id <= 2068027))
	        ->  Bitmap Index Scan on sbtest5_pkey  (cost=0.00..34.29 rows=985 width=0)
	              Index Cond: ((id >= 2067028) AND (id <= 2068027))

table 6 : explain SELECT SUM(k) FROM sbtest6 WHERE id BETWEEN 1779057 AND 1780056
	Aggregate  (cost=3804.39..3804.40 rows=1 width=8)
	  ->  Bitmap Heap Scan on sbtest6  (cost=34.48..3801.94 rows=980 width=4)
	        Recheck Cond: ((id >= 1779057) AND (id <= 1780056))
	        ->  Bitmap Index Scan on sbtest6_pkey  (cost=0.00..34.23 rows=980 width=0)
	              Index Cond: ((id >= 1779057) AND (id <= 1780056))

table 7 : explain SELECT SUM(k) FROM sbtest7 WHERE id BETWEEN 3775874 AND 3776873
	Aggregate  (cost=3920.04..3920.05 rows=1 width=8)
	  ->  Bitmap Heap Scan on sbtest7  (cost=34.79..3917.52 rows=1010 width=4)
	        Recheck Cond: ((id >= 3775874) AND (id <= 3776873))
	        ->  Bitmap Index Scan on sbtest7_pkey  (cost=0.00..34.54 rows=1010 width=0)
	              Index Cond: ((id >= 3775874) AND (id <= 3776873))

table 8 : explain SELECT SUM(k) FROM sbtest8 WHERE id BETWEEN 5162605 AND 5163604
	Aggregate  (cost=4119.90..4119.91 rows=1 width=8)
	  ->  Bitmap Heap Scan on sbtest8  (cost=35.34..4117.24 rows=1064 width=4)
	        Recheck Cond: ((id >= 5162605) AND (id <= 5163604))
	        ->  Bitmap Index Scan on sbtest8_pkey  (cost=0.00..35.08 rows=1064 width=0)
	              Index Cond: ((id >= 5162605) AND (id <= 5163604))

for point_selects
table 1 : explain SELECT c FROM sbtest1 WHERE id=222318
	Index Scan using sbtest1_pkey on sbtest1  (cost=0.43..8.45 rows=1 width=121)
	  Index Cond: (id = 222318)

table 2 : explain SELECT c FROM sbtest2 WHERE id=3410561
	Index Scan using sbtest2_pkey on sbtest2  (cost=0.43..8.45 rows=1 width=121)
	  Index Cond: (id = 3410561)

table 3 : explain SELECT c FROM sbtest3 WHERE id=6280453
	Index Scan using sbtest3_pkey on sbtest3  (cost=0.43..8.45 rows=1 width=121)
	  Index Cond: (id = 6280453)

table 4 : explain SELECT c FROM sbtest4 WHERE id=2099696
	Index Scan using sbtest4_pkey on sbtest4  (cost=0.43..8.45 rows=1 width=121)
	  Index Cond: (id = 2099696)

table 5 : explain SELECT c FROM sbtest5 WHERE id=2436780
	Index Scan using sbtest5_pkey on sbtest5  (cost=0.43..8.45 rows=1 width=121)
	  Index Cond: (id = 2436780)

table 6 : explain SELECT c FROM sbtest6 WHERE id=6927753
	Index Scan using sbtest6_pkey on sbtest6  (cost=0.43..8.45 rows=1 width=121)
	  Index Cond: (id = 6927753)

table 7 : explain SELECT c FROM sbtest7 WHERE id=3056717
	Index Scan using sbtest7_pkey on sbtest7  (cost=0.43..8.45 rows=1 width=121)
	  Index Cond: (id = 3056717)

table 8 : explain SELECT c FROM sbtest8 WHERE id=4993398
	Index Scan using sbtest8_pkey on sbtest8  (cost=0.43..8.45 rows=1 width=121)
	  Index Cond: (id = 4993398)

for: distinct_ranges
table 1 : explain SELECT DISTINCT c FROM sbtest1 WHERE id BETWEEN 3560623 AND 3561622 ORDER BY c
	Unique  (cost=3870.53..3875.46 rows=985 width=121)
	  ->  Sort  (cost=3870.53..3872.99 rows=985 width=121)
	        Sort Key: c
	        ->  Bitmap Heap Scan on sbtest1  (cost=34.53..3821.56 rows=985 width=121)
	              Recheck Cond: ((id >= 3560623) AND (id <= 3561622))
	              ->  Bitmap Index Scan on sbtest1_pkey  (cost=0.00..34.29 rows=985 width=0)
	                    Index Cond: ((id >= 3560623) AND (id <= 3561622))

table 2 : explain SELECT DISTINCT c FROM sbtest2 WHERE id BETWEEN 5633642 AND 5634641 ORDER BY c
	Unique  (cost=3920.77..3925.76 rows=999 width=121)
	  ->  Sort  (cost=3920.77..3923.27 rows=999 width=121)
	        Sort Key: c
	        ->  Bitmap Heap Scan on sbtest2  (cost=34.67..3871.00 rows=999 width=121)
	              Recheck Cond: ((id >= 5633642) AND (id <= 5634641))
	              ->  Bitmap Index Scan on sbtest2_pkey  (cost=0.00..34.43 rows=999 width=0)
	                    Index Cond: ((id >= 5633642) AND (id <= 5634641))

table 3 : explain SELECT DISTINCT c FROM sbtest3 WHERE id BETWEEN 6246389 AND 6247388 ORDER BY c
	Unique  (cost=4302.14..4307.62 rows=1096 width=121)
	  ->  Sort  (cost=4302.14..4304.88 rows=1096 width=121)
	        Sort Key: c
	        ->  Bitmap Heap Scan on sbtest3  (cost=39.67..4246.80 rows=1096 width=121)
	              Recheck Cond: ((id >= 6246389) AND (id <= 6247388))
	              ->  Bitmap Index Scan on sbtest3_pkey  (cost=0.00..39.40 rows=1096 width=0)
	                    Index Cond: ((id >= 6246389) AND (id <= 6247388))

table 4 : explain SELECT DISTINCT c FROM sbtest4 WHERE id BETWEEN 2290119 AND 2291118 ORDER BY c
	Unique  (cost=3758.14..3762.92 rows=955 width=121)
	  ->  Sort  (cost=3758.14..3760.53 rows=955 width=121)
	        Sort Key: c
	        ->  Bitmap Heap Scan on sbtest4  (cost=34.22..3710.87 rows=955 width=121)
	              Recheck Cond: ((id >= 2290119) AND (id <= 2291118))
	              ->  Bitmap Index Scan on sbtest4_pkey  (cost=0.00..33.98 rows=955 width=0)
	                    Index Cond: ((id >= 2290119) AND (id <= 2291118))

table 5 : explain SELECT DISTINCT c FROM sbtest5 WHERE id BETWEEN 8859629 AND 8860628 ORDER BY c
	Unique  (cost=3761.68..3766.46 rows=956 width=121)
	  ->  Sort  (cost=3761.68..3764.07 rows=956 width=121)
	        Sort Key: c
	        ->  Bitmap Heap Scan on sbtest5  (cost=34.23..3714.35 rows=956 width=121)
	              Recheck Cond: ((id >= 8859629) AND (id <= 8860628))
	              ->  Bitmap Index Scan on sbtest5_pkey  (cost=0.00..34.00 rows=956 width=0)
	                    Index Cond: ((id >= 8859629) AND (id <= 8860628))

table 6 : explain SELECT DISTINCT c FROM sbtest6 WHERE id BETWEEN 6528136 AND 6529135 ORDER BY c
	Unique  (cost=3877.45..3882.38 rows=987 width=121)
	  ->  Sort  (cost=3877.45..3879.92 rows=987 width=121)
	        Sort Key: c
	        ->  Bitmap Heap Scan on sbtest6  (cost=34.55..3828.36 rows=987 width=121)
	              Recheck Cond: ((id >= 6528136) AND (id <= 6529135))
	              ->  Bitmap Index Scan on sbtest6_pkey  (cost=0.00..34.31 rows=987 width=0)
	                    Index Cond: ((id >= 6528136) AND (id <= 6529135))

table 7 : explain SELECT DISTINCT c FROM sbtest7 WHERE id BETWEEN 3127578 AND 3128577 ORDER BY c
	Unique  (cost=3749.30..3754.07 rows=953 width=121)
	  ->  Sort  (cost=3749.30..3751.69 rows=953 width=121)
	        Sort Key: c
	        ->  Bitmap Heap Scan on sbtest7  (cost=34.20..3702.15 rows=953 width=121)
	              Recheck Cond: ((id >= 3127578) AND (id <= 3128577))
	              ->  Bitmap Index Scan on sbtest7_pkey  (cost=0.00..33.97 rows=953 width=0)
	                    Index Cond: ((id >= 3127578) AND (id <= 3128577))

table 8 : explain SELECT DISTINCT c FROM sbtest8 WHERE id BETWEEN 4636543 AND 4637542 ORDER BY c
	Unique  (cost=3703.79..3708.50 rows=942 width=121)
	  ->  Sort  (cost=3703.79..3706.14 rows=942 width=121)
	        Sort Key: c
	        ->  Bitmap Heap Scan on sbtest8  (cost=34.09..3657.26 rows=942 width=121)
	              Recheck Cond: ((id >= 4636543) AND (id <= 4637542))
	              ->  Bitmap Index Scan on sbtest8_pkey  (cost=0.00..33.86 rows=942 width=0)
	                    Index Cond: ((id >= 4636543) AND (id <= 4637542))

for: sum_ranges
table 1 : explain SELECT SUM(k) FROM sbtest1 WHERE id BETWEEN 5523272 AND 5524271
	Aggregate  (cost=3986.36..3986.37 rows=1 width=8)
	  ->  Bitmap Heap Scan on sbtest1  (cost=34.97..3983.79 rows=1028 width=4)
	        Recheck Cond: ((id >= 5523272) AND (id <= 5524271))
	        ->  Bitmap Index Scan on sbtest1_pkey  (cost=0.00..34.72 rows=1028 width=0)
	              Index Cond: ((id >= 5523272) AND (id <= 5524271))

table 2 : explain SELECT SUM(k) FROM sbtest2 WHERE id BETWEEN 7328663 AND 7329662
	Aggregate  (cost=4020.47..4020.48 rows=1 width=8)
	  ->  Bitmap Heap Scan on sbtest2  (cost=35.07..4017.88 rows=1038 width=4)
	        Recheck Cond: ((id >= 7328663) AND (id <= 7329662))
	        ->  Bitmap Index Scan on sbtest2_pkey  (cost=0.00..34.82 rows=1038 width=0)
	              Index Cond: ((id >= 7328663) AND (id <= 7329662))

table 3 : explain SELECT SUM(k) FROM sbtest3 WHERE id BETWEEN 3286066 AND 3287065
	Aggregate  (cost=4098.48..4098.49 rows=1 width=8)
	  ->  Bitmap Heap Scan on sbtest3  (cost=35.27..4095.84 rows=1057 width=4)
	        Recheck Cond: ((id >= 3286066) AND (id <= 3287065))
	        ->  Bitmap Index Scan on sbtest3_pkey  (cost=0.00..35.01 rows=1057 width=0)
	              Index Cond: ((id >= 3286066) AND (id <= 3287065))

table 4 : explain SELECT SUM(k) FROM sbtest4 WHERE id BETWEEN 8584589 AND 8585588
	Aggregate  (cost=3849.48..3849.49 rows=1 width=8)
	  ->  Bitmap Heap Scan on sbtest4  (cost=34.59..3847.00 rows=991 width=4)
	        Recheck Cond: ((id >= 8584589) AND (id <= 8585588))
	        ->  Bitmap Index Scan on sbtest4_pkey  (cost=0.00..34.34 rows=991 width=0)
	              Index Cond: ((id >= 8584589) AND (id <= 8585588))

table 5 : explain SELECT SUM(k) FROM sbtest5 WHERE id BETWEEN 1673307 AND 1674306
	Aggregate  (cost=3519.51..3519.52 rows=1 width=8)
	  ->  Bitmap Heap Scan on sbtest5  (cost=29.71..3517.25 rows=905 width=4)
	        Recheck Cond: ((id >= 1673307) AND (id <= 1674306))
	        ->  Bitmap Index Scan on sbtest5_pkey  (cost=0.00..29.48 rows=905 width=0)
	              Index Cond: ((id >= 1673307) AND (id <= 1674306))

table 6 : explain SELECT SUM(k) FROM sbtest6 WHERE id BETWEEN 1696564 AND 1697563
	Aggregate  (cost=3804.39..3804.40 rows=1 width=8)
	  ->  Bitmap Heap Scan on sbtest6  (cost=34.48..3801.94 rows=980 width=4)
	        Recheck Cond: ((id >= 1696564) AND (id <= 1697563))
	        ->  Bitmap Index Scan on sbtest6_pkey  (cost=0.00..34.23 rows=980 width=0)
	              Index Cond: ((id >= 1696564) AND (id <= 1697563))

table 7 : explain SELECT SUM(k) FROM sbtest7 WHERE id BETWEEN 6392037 AND 6393036
	Aggregate  (cost=4214.31..4214.32 rows=1 width=8)
	  ->  Bitmap Heap Scan on sbtest7  (cost=35.59..4211.59 rows=1088 width=4)
	        Recheck Cond: ((id >= 6392037) AND (id <= 6393036))
	        ->  Bitmap Index Scan on sbtest7_pkey  (cost=0.00..35.32 rows=1088 width=0)
	              Index Cond: ((id >= 6392037) AND (id <= 6393036))

table 8 : explain SELECT SUM(k) FROM sbtest8 WHERE id BETWEEN 4049482 AND 4050481
	Aggregate  (cost=3946.57..3946.58 rows=1 width=8)
	  ->  Bitmap Heap Scan on sbtest8  (cost=34.87..3944.03 rows=1018 width=4)
	        Recheck Cond: ((id >= 4049482) AND (id <= 4050481))
	        ->  Bitmap Index Scan on sbtest8_pkey  (cost=0.00..34.62 rows=1018 width=0)
	              Index Cond: ((id >= 4049482) AND (id <= 4050481))

explain: for point_selects :: explain SELECT c FROM sbtest%u WHERE id=%u
for: distinct_ranges
table 1 : explain SELECT DISTINCT c FROM sbtest1 WHERE id BETWEEN 2312221 AND 2313220 ORDER BY c
	Unique  (cost=3977.80..3982.86 rows=1013 width=121)
	  ->  Sort  (cost=3977.80..3980.33 rows=1013 width=121)
	        Sort Key: c
	        ->  Bitmap Heap Scan on sbtest1  (cost=34.82..3927.23 rows=1013 width=121)
	              Recheck Cond: ((id >= 2312221) AND (id <= 2313220))
	              ->  Bitmap Index Scan on sbtest1_pkey  (cost=0.00..34.57 rows=1013 width=0)
	                    Index Cond: ((id >= 2312221) AND (id <= 2313220))

table 2 : explain SELECT DISTINCT c FROM sbtest2 WHERE id BETWEEN 9991222 AND 9992221 ORDER BY c
	Unique  (cost=3790.62..3795.45 rows=965 width=121)
	  ->  Sort  (cost=3790.62..3793.03 rows=965 width=121)
	        Sort Key: c
	        ->  Bitmap Heap Scan on sbtest2  (cost=34.33..3742.78 rows=965 width=121)
	              Recheck Cond: ((id >= 9991222) AND (id <= 9992221))
	              ->  Bitmap Index Scan on sbtest2_pkey  (cost=0.00..34.09 rows=965 width=0)
	                    Index Cond: ((id >= 9991222) AND (id <= 9992221))

table 3 : explain SELECT DISTINCT c FROM sbtest3 WHERE id BETWEEN 4656749 AND 4657748 ORDER BY c
	Unique  (cost=4091.50..4096.71 rows=1042 width=121)
	  ->  Sort  (cost=4091.50..4094.10 rows=1042 width=121)
	        Sort Key: c
	        ->  Bitmap Heap Scan on sbtest3  (cost=35.12..4039.27 rows=1042 width=121)
	              Recheck Cond: ((id >= 4656749) AND (id <= 4657748))
	              ->  Bitmap Index Scan on sbtest3_pkey  (cost=0.00..34.86 rows=1042 width=0)
	                    Index Cond: ((id >= 4656749) AND (id <= 4657748))

table 4 : explain SELECT DISTINCT c FROM sbtest4 WHERE id BETWEEN 3853671 AND 3854670 ORDER BY c
	Unique  (cost=3639.04..3643.66 rows=924 width=121)
	  ->  Sort  (cost=3639.04..3641.35 rows=924 width=121)
	        Sort Key: c
	        ->  Bitmap Heap Scan on sbtest4  (cost=33.91..3593.52 rows=924 width=121)
	              Recheck Cond: ((id >= 3853671) AND (id <= 3854670))
	              ->  Bitmap Index Scan on sbtest4_pkey  (cost=0.00..33.68 rows=924 width=0)
	                    Index Cond: ((id >= 3853671) AND (id <= 3854670))

table 5 : explain SELECT DISTINCT c FROM sbtest5 WHERE id BETWEEN 1658904 AND 1659903 ORDER BY c
	Unique  (cost=3561.69..3566.22 rows=905 width=121)
	  ->  Sort  (cost=3561.69..3563.96 rows=905 width=121)
	        Sort Key: c
	        ->  Bitmap Heap Scan on sbtest5  (cost=29.71..3517.25 rows=905 width=121)
	              Recheck Cond: ((id >= 1658904) AND (id <= 1659903))
	              ->  Bitmap Index Scan on sbtest5_pkey  (cost=0.00..29.48 rows=905 width=0)
	                    Index Cond: ((id >= 1658904) AND (id <= 1659903))

table 6 : explain SELECT DISTINCT c FROM sbtest6 WHERE id BETWEEN 7024713 AND 7025712 ORDER BY c
	Unique  (cost=3965.54..3970.59 rows=1010 width=121)
	  ->  Sort  (cost=3965.54..3968.06 rows=1010 width=121)
	        Sort Key: c
	        ->  Bitmap Heap Scan on sbtest6  (cost=34.79..3915.14 rows=1010 width=121)
	              Recheck Cond: ((id >= 7024713) AND (id <= 7025712))
	              ->  Bitmap Index Scan on sbtest6_pkey  (cost=0.00..34.54 rows=1010 width=0)
	                    Index Cond: ((id >= 7024713) AND (id <= 7025712))

table 7 : explain SELECT DISTINCT c FROM sbtest7 WHERE id BETWEEN 3245047 AND 3246046 ORDER BY c
	Unique  (cost=3703.23..3707.94 rows=941 width=121)
	  ->  Sort  (cost=3703.23..3705.58 rows=941 width=121)
	        Sort Key: c
	        ->  Bitmap Heap Scan on sbtest7  (cost=34.08..3656.75 rows=941 width=121)
	              Recheck Cond: ((id >= 3245047) AND (id <= 3246046))
	              ->  Bitmap Index Scan on sbtest7_pkey  (cost=0.00..33.84 rows=941 width=0)
	                    Index Cond: ((id >= 3245047) AND (id <= 3246046))

table 8 : explain SELECT DISTINCT c FROM sbtest8 WHERE id BETWEEN 5926748 AND 5927747 ORDER BY c
	Unique  (cost=3864.74..3869.66 rows=984 width=121)
	  ->  Sort  (cost=3864.74..3867.20 rows=984 width=121)
	        Sort Key: c
	        ->  Bitmap Heap Scan on sbtest8  (cost=34.52..3815.83 rows=984 width=121)
	              Recheck Cond: ((id >= 5926748) AND (id <= 5927747))
	              ->  Bitmap Index Scan on sbtest8_pkey  (cost=0.00..34.28 rows=984 width=0)
	                    Index Cond: ((id >= 5926748) AND (id <= 5927747))

for point_selects
table 1 : explain SELECT c FROM sbtest1 WHERE id=1846810
	Index Scan using sbtest1_pkey on sbtest1  (cost=0.43..8.45 rows=1 width=121)
	  Index Cond: (id = 1846810)

table 2 : explain SELECT c FROM sbtest2 WHERE id=5686079
	Index Scan using sbtest2_pkey on sbtest2  (cost=0.43..8.45 rows=1 width=121)
	  Index Cond: (id = 5686079)

table 3 : explain SELECT c FROM sbtest3 WHERE id=8525958
	Index Scan using sbtest3_pkey on sbtest3  (cost=0.43..8.45 rows=1 width=121)
	  Index Cond: (id = 8525958)

table 4 : explain SELECT c FROM sbtest4 WHERE id=5221922
	Index Scan using sbtest4_pkey on sbtest4  (cost=0.43..8.45 rows=1 width=121)
	  Index Cond: (id = 5221922)

table 5 : explain SELECT c FROM sbtest5 WHERE id=7764548
	Index Scan using sbtest5_pkey on sbtest5  (cost=0.43..8.45 rows=1 width=121)
	  Index Cond: (id = 7764548)

table 6 : explain SELECT c FROM sbtest6 WHERE id=6343086
	Index Scan using sbtest6_pkey on sbtest6  (cost=0.43..8.45 rows=1 width=121)
	  Index Cond: (id = 6343086)

table 7 : explain SELECT c FROM sbtest7 WHERE id=8934530
	Index Scan using sbtest7_pkey on sbtest7  (cost=0.43..8.45 rows=1 width=121)
	  Index Cond: (id = 8934530)

table 8 : explain SELECT c FROM sbtest8 WHERE id=8101353
	Index Scan using sbtest8_pkey on sbtest8  (cost=0.43..8.45 rows=1 width=121)
	  Index Cond: (id = 8101353)

for: sum_ranges
table 1 : explain SELECT SUM(k) FROM sbtest1 WHERE id BETWEEN 1288014 AND 1289013
	Aggregate  (cost=3695.49..3695.50 rows=1 width=8)
	  ->  Bitmap Heap Scan on sbtest1  (cost=34.18..3693.11 rows=951 width=4)
	        Recheck Cond: ((id >= 1288014) AND (id <= 1289013))
	        ->  Bitmap Index Scan on sbtest1_pkey  (cost=0.00..33.95 rows=951 width=0)
	              Index Cond: ((id >= 1288014) AND (id <= 1289013))

table 2 : explain SELECT SUM(k) FROM sbtest2 WHERE id BETWEEN 5465399 AND 5466398
	Aggregate  (cost=3658.32..3658.33 rows=1 width=8)
	  ->  Bitmap Heap Scan on sbtest2  (cost=34.09..3655.97 rows=942 width=4)
	        Recheck Cond: ((id >= 5465399) AND (id <= 5466398))
	        ->  Bitmap Index Scan on sbtest2_pkey  (cost=0.00..33.86 rows=942 width=0)
	              Index Cond: ((id >= 5465399) AND (id <= 5466398))

table 3 : explain SELECT SUM(k) FROM sbtest3 WHERE id BETWEEN 6947170 AND 6948169
	Aggregate  (cost=4072.07..4072.08 rows=1 width=8)
	  ->  Bitmap Heap Scan on sbtest3  (cost=35.20..4069.44 rows=1050 width=4)
	        Recheck Cond: ((id >= 6947170) AND (id <= 6948169))
	        ->  Bitmap Index Scan on sbtest3_pkey  (cost=0.00..34.94 rows=1050 width=0)
	              Index Cond: ((id >= 6947170) AND (id <= 6948169))

table 4 : explain SELECT SUM(k) FROM sbtest4 WHERE id BETWEEN 6125369 AND 6126368
	Aggregate  (cost=4272.49..4272.50 rows=1 width=8)
	  ->  Bitmap Heap Scan on sbtest4  (cost=39.73..4269.73 rows=1102 width=4)
	        Recheck Cond: ((id >= 6125369) AND (id <= 6126368))
	        ->  Bitmap Index Scan on sbtest4_pkey  (cost=0.00..39.45 rows=1102 width=0)
	              Index Cond: ((id >= 6125369) AND (id <= 6126368))

table 5 : explain SELECT SUM(k) FROM sbtest5 WHERE id BETWEEN 3606656 AND 3607655
	Aggregate  (cost=3796.21..3796.22 rows=1 width=8)
	  ->  Bitmap Heap Scan on sbtest5  (cost=34.45..3793.77 rows=977 width=4)
	        Recheck Cond: ((id >= 3606656) AND (id <= 3607655))
	        ->  Bitmap Index Scan on sbtest5_pkey  (cost=0.00..34.20 rows=977 width=0)
	              Index Cond: ((id >= 3606656) AND (id <= 3607655))

table 6 : explain SELECT SUM(k) FROM sbtest6 WHERE id BETWEEN 1873314 AND 1874313
	Aggregate  (cost=3607.78..3607.79 rows=1 width=8)
	  ->  Bitmap Heap Scan on sbtest6  (cost=33.95..3605.46 rows=928 width=4)
	        Recheck Cond: ((id >= 1873314) AND (id <= 1874313))
	        ->  Bitmap Index Scan on sbtest6_pkey  (cost=0.00..33.72 rows=928 width=0)
	              Index Cond: ((id >= 1873314) AND (id <= 1874313))

table 7 : explain SELECT SUM(k) FROM sbtest7 WHERE id BETWEEN 6088826 AND 6089825
	Aggregate  (cost=4172.85..4172.86 rows=1 width=8)
	  ->  Bitmap Heap Scan on sbtest7  (cost=35.47..4170.16 rows=1077 width=4)
	        Recheck Cond: ((id >= 6088826) AND (id <= 6089825))
	        ->  Bitmap Index Scan on sbtest7_pkey  (cost=0.00..35.20 rows=1077 width=0)
	              Index Cond: ((id >= 6088826) AND (id <= 6089825))

table 8 : explain SELECT SUM(k) FROM sbtest8 WHERE id BETWEEN 5476619 AND 5477618
	Aggregate  (cost=3912.63..3912.64 rows=1 width=8)
	  ->  Bitmap Heap Scan on sbtest8  (cost=34.78..3910.11 rows=1009 width=4)
	        Recheck Cond: ((id >= 5476619) AND (id <= 5477618))
	        ->  Bitmap Index Scan on sbtest8_pkey  (cost=0.00..34.53 rows=1009 width=0)
	              Index Cond: ((id >= 5476619) AND (id <= 5477618))

for: sum_ranges
table 1 : explain SELECT SUM(k) FROM sbtest1 WHERE id BETWEEN 1780919 AND 1781918
	Aggregate  (cost=3831.58..3831.59 rows=1 width=8)
	  ->  Bitmap Heap Scan on sbtest1  (cost=34.55..3829.11 rows=987 width=4)
	        Recheck Cond: ((id >= 1780919) AND (id <= 1781918))
	        ->  Bitmap Index Scan on sbtest1_pkey  (cost=0.00..34.31 rows=987 width=0)
	              Index Cond: ((id >= 1780919) AND (id <= 1781918))

table 2 : explain SELECT SUM(k) FROM sbtest2 WHERE id BETWEEN 5404888 AND 5405887
	Aggregate  (cost=3658.32..3658.33 rows=1 width=8)
	  ->  Bitmap Heap Scan on sbtest2  (cost=34.09..3655.97 rows=942 width=4)
	        Recheck Cond: ((id >= 5404888) AND (id <= 5405887))
	        ->  Bitmap Index Scan on sbtest2_pkey  (cost=0.00..33.86 rows=942 width=0)
	              Index Cond: ((id >= 5404888) AND (id <= 5405887))

table 3 : explain SELECT SUM(k) FROM sbtest3 WHERE id BETWEEN 9233183 AND 9234182
	Aggregate  (cost=3928.57..3928.58 rows=1 width=8)
	  ->  Bitmap Heap Scan on sbtest3  (cost=34.81..3926.04 rows=1012 width=4)
	        Recheck Cond: ((id >= 9233183) AND (id <= 9234182))
	        ->  Bitmap Index Scan on sbtest3_pkey  (cost=0.00..34.56 rows=1012 width=0)
	              Index Cond: ((id >= 9233183) AND (id <= 9234182))

table 4 : explain SELECT SUM(k) FROM sbtest4 WHERE id BETWEEN 5578361 AND 5579360
	Aggregate  (cost=3981.76..3981.77 rows=1 width=8)
	  ->  Bitmap Heap Scan on sbtest4  (cost=34.95..3979.20 rows=1026 width=4)
	        Recheck Cond: ((id >= 5578361) AND (id <= 5579360))
	        ->  Bitmap Index Scan on sbtest4_pkey  (cost=0.00..34.70 rows=1026 width=0)
	              Index Cond: ((id >= 5578361) AND (id <= 5579360))

table 5 : explain SELECT SUM(k) FROM sbtest5 WHERE id BETWEEN 6605206 AND 6606205
	Aggregate  (cost=3447.44..3447.45 rows=1 width=8)
	  ->  Bitmap Heap Scan on sbtest5  (cost=29.52..3445.22 rows=886 width=4)
	        Recheck Cond: ((id >= 6605206) AND (id <= 6606205))
	        ->  Bitmap Index Scan on sbtest5_pkey  (cost=0.00..29.29 rows=886 width=0)
	              Index Cond: ((id >= 6605206) AND (id <= 6606205))

table 6 : explain SELECT SUM(k) FROM sbtest6 WHERE id BETWEEN 5581688 AND 5582687
	Aggregate  (cost=3898.79..3898.80 rows=1 width=8)
	  ->  Bitmap Heap Scan on sbtest6  (cost=34.74..3896.28 rows=1005 width=4)
	        Recheck Cond: ((id >= 5581688) AND (id <= 5582687))
	        ->  Bitmap Index Scan on sbtest6_pkey  (cost=0.00..34.48 rows=1005 width=0)
	              Index Cond: ((id >= 5581688) AND (id <= 5582687))

table 7 : explain SELECT SUM(k) FROM sbtest7 WHERE id BETWEEN 7197582 AND 7198581
	Aggregate  (cost=3518.72..3518.73 rows=1 width=8)
	  ->  Bitmap Heap Scan on sbtest7  (cost=29.71..3516.46 rows=905 width=4)
	        Recheck Cond: ((id >= 7197582) AND (id <= 7198581))
	        ->  Bitmap Index Scan on sbtest7_pkey  (cost=0.00..29.48 rows=905 width=0)
	              Index Cond: ((id >= 7197582) AND (id <= 7198581))

table 8 : explain SELECT SUM(k) FROM sbtest8 WHERE id BETWEEN 5497645 AND 5498644
	Aggregate  (cost=3912.63..3912.64 rows=1 width=8)
	  ->  Bitmap Heap Scan on sbtest8  (cost=34.78..3910.11 rows=1009 width=4)
	        Recheck Cond: ((id >= 5497645) AND (id <= 5498644))
	        ->  Bitmap Index Scan on sbtest8_pkey  (cost=0.00..34.53 rows=1009 width=0)
	              Index Cond: ((id >= 5497645) AND (id <= 5498644))

for: sum_ranges
table 1 : explain SELECT SUM(k) FROM sbtest1 WHERE id BETWEEN 3152754 AND 3153753
	Aggregate  (cost=3418.81..3418.82 rows=1 width=8)
	  ->  Bitmap Heap Scan on sbtest1  (cost=29.44..3416.61 rows=879 width=4)
	        Recheck Cond: ((id >= 3152754) AND (id <= 3153753))
	        ->  Bitmap Index Scan on sbtest1_pkey  (cost=0.00..29.22 rows=879 width=0)
	              Index Cond: ((id >= 3152754) AND (id <= 3153753))

table 2 : explain SELECT SUM(k) FROM sbtest2 WHERE id BETWEEN 6467054 AND 6468053
	Aggregate  (cost=3930.05..3930.06 rows=1 width=8)
	  ->  Bitmap Heap Scan on sbtest2  (cost=34.83..3927.51 rows=1014 width=4)
	        Recheck Cond: ((id >= 6467054) AND (id <= 6468053))
	        ->  Bitmap Index Scan on sbtest2_pkey  (cost=0.00..34.58 rows=1014 width=0)
	              Index Cond: ((id >= 6467054) AND (id <= 6468053))

table 3 : explain SELECT SUM(k) FROM sbtest3 WHERE id BETWEEN 8205459 AND 8206458
	Aggregate  (cost=4094.71..4094.72 rows=1 width=8)
	  ->  Bitmap Heap Scan on sbtest3  (cost=35.26..4092.07 rows=1056 width=4)
	        Recheck Cond: ((id >= 8205459) AND (id <= 8206458))
	        ->  Bitmap Index Scan on sbtest3_pkey  (cost=0.00..35.00 rows=1056 width=0)
	              Index Cond: ((id >= 8205459) AND (id <= 8206458))

table 4 : explain SELECT SUM(k) FROM sbtest4 WHERE id BETWEEN 7079908 AND 7080907
	Aggregate  (cost=3921.31..3921.32 rows=1 width=8)
	  ->  Bitmap Heap Scan on sbtest4  (cost=34.79..3918.78 rows=1010 width=4)
	        Recheck Cond: ((id >= 7079908) AND (id <= 7080907))
	        ->  Bitmap Index Scan on sbtest4_pkey  (cost=0.00..34.54 rows=1010 width=0)
	              Index Cond: ((id >= 7079908) AND (id <= 7080907))

table 5 : explain SELECT SUM(k) FROM sbtest5 WHERE id BETWEEN 9569204 AND 9570203
	Aggregate  (cost=3988.97..3988.98 rows=1 width=8)
	  ->  Bitmap Heap Scan on sbtest5  (cost=34.97..3986.40 rows=1028 width=4)
	        Recheck Cond: ((id >= 9569204) AND (id <= 9570203))
	        ->  Bitmap Index Scan on sbtest5_pkey  (cost=0.00..34.72 rows=1028 width=0)
	              Index Cond: ((id >= 9569204) AND (id <= 9570203))

table 6 : explain SELECT SUM(k) FROM sbtest6 WHERE id BETWEEN 4427129 AND 4428128
	Aggregate  (cost=3781.72..3781.73 rows=1 width=8)
	  ->  Bitmap Heap Scan on sbtest6  (cost=34.42..3779.29 rows=974 width=4)
	        Recheck Cond: ((id >= 4427129) AND (id <= 4428128))
	        ->  Bitmap Index Scan on sbtest6_pkey  (cost=0.00..34.18 rows=974 width=0)
	              Index Cond: ((id >= 4427129) AND (id <= 4428128))

table 7 : explain SELECT SUM(k) FROM sbtest7 WHERE id BETWEEN 2929468 AND 2930467
	Aggregate  (cost=3696.96..3696.97 rows=1 width=8)
	  ->  Bitmap Heap Scan on sbtest7  (cost=34.18..3694.58 rows=951 width=4)
	        Recheck Cond: ((id >= 2929468) AND (id <= 2930467))
	        ->  Bitmap Index Scan on sbtest7_pkey  (cost=0.00..33.95 rows=951 width=0)
	              Index Cond: ((id >= 2929468) AND (id <= 2930467))

table 8 : explain SELECT SUM(k) FROM sbtest8 WHERE id BETWEEN 7126436 AND 7127435
	Aggregate  (cost=3606.67..3606.68 rows=1 width=8)
	  ->  Bitmap Heap Scan on sbtest8  (cost=33.95..3604.35 rows=928 width=4)
	        Recheck Cond: ((id >= 7126436) AND (id <= 7127435))
	        ->  Bitmap Index Scan on sbtest8_pkey  (cost=0.00..33.72 rows=928 width=0)
	              Index Cond: ((id >= 7126436) AND (id <= 7127435))

for: sum_ranges
table 1 : explain SELECT SUM(k) FROM sbtest1 WHERE id BETWEEN 1047638 AND 1048637
	Aggregate  (cost=3755.99..3756.00 rows=1 width=8)
	  ->  Bitmap Heap Scan on sbtest1  (cost=34.35..3753.57 rows=967 width=4)
	        Recheck Cond: ((id >= 1047638) AND (id <= 1048637))
	        ->  Bitmap Index Scan on sbtest1_pkey  (cost=0.00..34.11 rows=967 width=0)
	              Index Cond: ((id >= 1047638) AND (id <= 1048637))

table 2 : explain SELECT SUM(k) FROM sbtest2 WHERE id BETWEEN 9361082 AND 9362081
	Aggregate  (cost=4012.94..4012.95 rows=1 width=8)
	  ->  Bitmap Heap Scan on sbtest2  (cost=35.05..4010.35 rows=1036 width=4)
	        Recheck Cond: ((id >= 9361082) AND (id <= 9362081))
	        ->  Bitmap Index Scan on sbtest2_pkey  (cost=0.00..34.80 rows=1036 width=0)
	              Index Cond: ((id >= 9361082) AND (id <= 9362081))

table 3 : explain SELECT SUM(k) FROM sbtest3 WHERE id BETWEEN 5574870 AND 5575869
	Aggregate  (cost=4000.34..4000.35 rows=1 width=8)
	  ->  Bitmap Heap Scan on sbtest3  (cost=35.00..3997.76 rows=1031 width=4)
	        Recheck Cond: ((id >= 5574870) AND (id <= 5575869))
	        ->  Bitmap Index Scan on sbtest3_pkey  (cost=0.00..34.75 rows=1031 width=0)
	              Index Cond: ((id >= 5574870) AND (id <= 5575869))

table 4 : explain SELECT SUM(k) FROM sbtest4 WHERE id BETWEEN 7913301 AND 7914300
	Aggregate  (cost=3732.19..3732.20 rows=1 width=8)
	  ->  Bitmap Heap Scan on sbtest4  (cost=34.28..3729.79 rows=960 width=4)
	        Recheck Cond: ((id >= 7913301) AND (id <= 7914300))
	        ->  Bitmap Index Scan on sbtest4_pkey  (cost=0.00..34.04 rows=960 width=0)
	              Index Cond: ((id >= 7913301) AND (id <= 7914300))

table 5 : explain SELECT SUM(k) FROM sbtest5 WHERE id BETWEEN 4483970 AND 4484969
	Aggregate  (cost=3917.20..3917.21 rows=1 width=8)
	  ->  Bitmap Heap Scan on sbtest5  (cost=34.78..3914.67 rows=1009 width=4)
	        Recheck Cond: ((id >= 4483970) AND (id <= 4484969))
	        ->  Bitmap Index Scan on sbtest5_pkey  (cost=0.00..34.53 rows=1009 width=0)
	              Index Cond: ((id >= 4483970) AND (id <= 4484969))

table 6 : explain SELECT SUM(k) FROM sbtest6 WHERE id BETWEEN 6850771 AND 6851770
	Aggregate  (cost=3940.30..3940.31 rows=1 width=8)
	  ->  Bitmap Heap Scan on sbtest6  (cost=34.85..3937.76 rows=1016 width=4)
	        Recheck Cond: ((id >= 6850771) AND (id <= 6851770))
	        ->  Bitmap Index Scan on sbtest6_pkey  (cost=0.00..34.59 rows=1016 width=0)
	              Index Cond: ((id >= 6850771) AND (id <= 6851770))

table 7 : explain SELECT SUM(k) FROM sbtest7 WHERE id BETWEEN 424449 AND 425448
	Aggregate  (cost=4044.63..4044.64 rows=1 width=8)
	  ->  Bitmap Heap Scan on sbtest7  (cost=35.13..4042.02 rows=1043 width=4)
	        Recheck Cond: ((id >= 424449) AND (id <= 425448))
	        ->  Bitmap Index Scan on sbtest7_pkey  (cost=0.00..34.87 rows=1043 width=0)
	              Index Cond: ((id >= 424449) AND (id <= 425448))

table 8 : explain SELECT SUM(k) FROM sbtest8 WHERE id BETWEEN 5410228 AND 5411227
	Aggregate  (cost=3912.63..3912.64 rows=1 width=8)
	  ->  Bitmap Heap Scan on sbtest8  (cost=34.78..3910.11 rows=1009 width=4)
	        Recheck Cond: ((id >= 5410228) AND (id <= 5411227))
	        ->  Bitmap Index Scan on sbtest8_pkey  (cost=0.00..34.53 rows=1009 width=0)
	              Index Cond: ((id >= 5410228) AND (id <= 5411227))

for point_selects
table 1 : explain SELECT c FROM sbtest1 WHERE id=6566040
	Index Scan using sbtest1_pkey on sbtest1  (cost=0.43..8.45 rows=1 width=121)
	  Index Cond: (id = 6566040)

table 2 : explain SELECT c FROM sbtest2 WHERE id=9563458
	Index Scan using sbtest2_pkey on sbtest2  (cost=0.43..8.45 rows=1 width=121)
	  Index Cond: (id = 9563458)

table 3 : explain SELECT c FROM sbtest3 WHERE id=2900312
	Index Scan using sbtest3_pkey on sbtest3  (cost=0.43..8.45 rows=1 width=121)
	  Index Cond: (id = 2900312)

table 4 : explain SELECT c FROM sbtest4 WHERE id=7368823
	Index Scan using sbtest4_pkey on sbtest4  (cost=0.43..8.45 rows=1 width=121)
	  Index Cond: (id = 7368823)

table 5 : explain SELECT c FROM sbtest5 WHERE id=6062991
	Index Scan using sbtest5_pkey on sbtest5  (cost=0.43..8.45 rows=1 width=121)
	  Index Cond: (id = 6062991)

table 6 : explain SELECT c FROM sbtest6 WHERE id=8866747
	Index Scan using sbtest6_pkey on sbtest6  (cost=0.43..8.45 rows=1 width=121)
	  Index Cond: (id = 8866747)

table 7 : explain SELECT c FROM sbtest7 WHERE id=7573054
	Index Scan using sbtest7_pkey on sbtest7  (cost=0.43..8.45 rows=1 width=121)
	  Index Cond: (id = 7573054)

table 8 : explain SELECT c FROM sbtest8 WHERE id=2990195
	Index Scan using sbtest8_pkey on sbtest8  (cost=0.43..8.45 rows=1 width=121)
	  Index Cond: (id = 2990195)

for: order_ranges
table 1 : explain SELECT c FROM sbtest1 WHERE id BETWEEN 8224823 AND 8225822 ORDER BY c
	Sort  (cost=3943.33..3945.84 rows=1004 width=121)
	  Sort Key: c
	  ->  Bitmap Heap Scan on sbtest1  (cost=34.73..3893.27 rows=1004 width=121)
	        Recheck Cond: ((id >= 8224823) AND (id <= 8225822))
	        ->  Bitmap Index Scan on sbtest1_pkey  (cost=0.00..34.48 rows=1004 width=0)
	              Index Cond: ((id >= 8224823) AND (id <= 8225822))

table 2 : explain SELECT c FROM sbtest2 WHERE id BETWEEN 5537610 AND 5538609 ORDER BY c
	Sort  (cost=4161.55..4164.21 rows=1062 width=121)
	  Sort Key: c
	  ->  Bitmap Heap Scan on sbtest2  (cost=35.32..4108.17 rows=1062 width=121)
	        Recheck Cond: ((id >= 5537610) AND (id <= 5538609))
	        ->  Bitmap Index Scan on sbtest2_pkey  (cost=0.00..35.06 rows=1062 width=0)
	              Index Cond: ((id >= 5537610) AND (id <= 5538609))

table 3 : explain SELECT c FROM sbtest3 WHERE id BETWEEN 9031387 AND 9032386 ORDER BY c
	Sort  (cost=4263.72..4266.44 rows=1087 width=121)
	  Sort Key: c
	  ->  Bitmap Heap Scan on sbtest3  (cost=35.58..4208.90 rows=1087 width=121)
	        Recheck Cond: ((id >= 9031387) AND (id <= 9032386))
	        ->  Bitmap Index Scan on sbtest3_pkey  (cost=0.00..35.31 rows=1087 width=0)
	              Index Cond: ((id >= 9031387) AND (id <= 9032386))

table 4 : explain SELECT c FROM sbtest4 WHERE id BETWEEN 5100766 AND 5101765 ORDER BY c
	Sort  (cost=3846.44..3848.89 rows=978 width=121)
	  Sort Key: c
	  ->  Bitmap Heap Scan on sbtest4  (cost=34.46..3797.86 rows=978 width=121)
	        Recheck Cond: ((id >= 5100766) AND (id <= 5101765))
	        ->  Bitmap Index Scan on sbtest4_pkey  (cost=0.00..34.22 rows=978 width=0)
	              Index Cond: ((id >= 5100766) AND (id <= 5101765))

table 5 : explain SELECT c FROM sbtest5 WHERE id BETWEEN 9146383 AND 9147382 ORDER BY c
	Sort  (cost=3926.68..3929.17 rows=999 width=121)
	  Sort Key: c
	  ->  Bitmap Heap Scan on sbtest5  (cost=34.67..3876.90 rows=999 width=121)
	        Recheck Cond: ((id >= 9146383) AND (id <= 9147382))
	        ->  Bitmap Index Scan on sbtest5_pkey  (cost=0.00..34.43 rows=999 width=0)
	              Index Cond: ((id >= 9146383) AND (id <= 9147382))

table 6 : explain SELECT c FROM sbtest6 WHERE id BETWEEN 4060184 AND 4061183 ORDER BY c
	Sort  (cost=3674.23..3676.56 rows=934 width=121)
	  Sort Key: c
	  ->  Bitmap Heap Scan on sbtest6  (cost=34.01..3628.15 rows=934 width=121)
	        Recheck Cond: ((id >= 4060184) AND (id <= 4061183))
	        ->  Bitmap Index Scan on sbtest6_pkey  (cost=0.00..33.78 rows=934 width=0)
	              Index Cond: ((id >= 4060184) AND (id <= 4061183))

table 7 : explain SELECT c FROM sbtest7 WHERE id BETWEEN 1491058 AND 1492057 ORDER BY c
	Sort  (cost=3749.30..3751.69 rows=953 width=121)
	  Sort Key: c
	  ->  Bitmap Heap Scan on sbtest7  (cost=34.20..3702.15 rows=953 width=121)
	        Recheck Cond: ((id >= 1491058) AND (id <= 1492057))
	        ->  Bitmap Index Scan on sbtest7_pkey  (cost=0.00..33.97 rows=953 width=0)
	              Index Cond: ((id >= 1491058) AND (id <= 1492057))

table 8 : explain SELECT c FROM sbtest8 WHERE id BETWEEN 3692224 AND 3693223 ORDER BY c
	Sort  (cost=4342.71..4345.48 rows=1108 width=121)
	  Sort Key: c
	  ->  Bitmap Heap Scan on sbtest8  (cost=39.79..4286.68 rows=1108 width=121)
	        Recheck Cond: ((id >= 3692224) AND (id <= 3693223))
	        ->  Bitmap Index Scan on sbtest8_pkey  (cost=0.00..39.52 rows=1108 width=0)
	              Index Cond: ((id >= 3692224) AND (id <= 3693223))

for: simple_ranges
table 1 : explain SELECT c FROM sbtest1 WHERE id BETWEEN 2489275 AND 2490274
	Bitmap Heap Scan on sbtest1  (cost=35.57..4202.26 rows=1086 width=121)
	  Recheck Cond: ((id >= 2489275) AND (id <= 2490274))
	  ->  Bitmap Index Scan on sbtest1_pkey  (cost=0.00..35.30 rows=1086 width=0)
	        Index Cond: ((id >= 2489275) AND (id <= 2490274))

table 2 : explain SELECT c FROM sbtest2 WHERE id BETWEEN 5688781 AND 5689780
	Bitmap Heap Scan on sbtest2  (cost=35.47..4164.57 rows=1077 width=121)
	  Recheck Cond: ((id >= 5688781) AND (id <= 5689780))
	  ->  Bitmap Index Scan on sbtest2_pkey  (cost=0.00..35.20 rows=1077 width=0)
	        Index Cond: ((id >= 5688781) AND (id <= 5689780))

table 3 : explain SELECT c FROM sbtest3 WHERE id BETWEEN 5943635 AND 5944634
	Bitmap Heap Scan on sbtest3  (cost=34.53..3824.04 rows=985 width=121)
	  Recheck Cond: ((id >= 5943635) AND (id <= 5944634))
	  ->  Bitmap Index Scan on sbtest3_pkey  (cost=0.00..34.29 rows=985 width=0)
	        Index Cond: ((id >= 5943635) AND (id <= 5944634))

table 4 : explain SELECT c FROM sbtest4 WHERE id BETWEEN 857059 AND 858058
	Bitmap Heap Scan on sbtest4  (cost=34.53..3824.33 rows=985 width=121)
	  Recheck Cond: ((id >= 857059) AND (id <= 858058))
	  ->  Bitmap Index Scan on sbtest4_pkey  (cost=0.00..34.29 rows=985 width=0)
	        Index Cond: ((id >= 857059) AND (id <= 858058))

table 5 : explain SELECT c FROM sbtest5 WHERE id BETWEEN 72545 AND 73544
	Bitmap Heap Scan on sbtest5  (cost=35.33..4118.42 rows=1063 width=121)
	  Recheck Cond: ((id >= 72545) AND (id <= 73544))
	  ->  Bitmap Index Scan on sbtest5_pkey  (cost=0.00..35.07 rows=1063 width=0)
	        Index Cond: ((id >= 72545) AND (id <= 73544))

table 6 : explain SELECT c FROM sbtest6 WHERE id BETWEEN 9027142 AND 9028141
	Bitmap Heap Scan on sbtest6  (cost=29.77..3537.15 rows=911 width=121)
	  Recheck Cond: ((id >= 9027142) AND (id <= 9028141))
	  ->  Bitmap Index Scan on sbtest6_pkey  (cost=0.00..29.54 rows=911 width=0)
	        Index Cond: ((id >= 9027142) AND (id <= 9028141))

table 7 : explain SELECT c FROM sbtest7 WHERE id BETWEEN 8281373 AND 8282372
	Bitmap Heap Scan on sbtest7  (cost=34.21..3705.93 rows=954 width=121)
	  Recheck Cond: ((id >= 8281373) AND (id <= 8282372))
	  ->  Bitmap Index Scan on sbtest7_pkey  (cost=0.00..33.98 rows=954 width=0)
	        Index Cond: ((id >= 8281373) AND (id <= 8282372))

table 8 : explain SELECT c FROM sbtest8 WHERE id BETWEEN 4716983 AND 4717982
	Bitmap Heap Scan on sbtest8  (cost=35.09..4026.90 rows=1040 width=121)
	  Recheck Cond: ((id >= 4716983) AND (id <= 4717982))
	  ->  Bitmap Index Scan on sbtest8_pkey  (cost=0.00..34.84 rows=1040 width=0)
	        Index Cond: ((id >= 4716983) AND (id <= 4717982))

for: distinct_ranges
table 1 : explain SELECT DISTINCT c FROM sbtest1 WHERE id BETWEEN 3873406 AND 3874405 ORDER BY c
	Unique  (cost=4100.27..4105.50 rows=1045 width=121)
	  ->  Sort  (cost=4100.27..4102.88 rows=1045 width=121)
	        Sort Key: c
	        ->  Bitmap Heap Scan on sbtest1  (cost=35.15..4047.87 rows=1045 width=121)
	              Recheck Cond: ((id >= 3873406) AND (id <= 3874405))
	              ->  Bitmap Index Scan on sbtest1_pkey  (cost=0.00..34.89 rows=1045 width=0)
	                    Index Cond: ((id >= 3873406) AND (id <= 3874405))

table 2 : explain SELECT DISTINCT c FROM sbtest2 WHERE id BETWEEN 5433662 AND 5434661 ORDER BY c
	Unique  (cost=3702.50..3707.21 rows=942 width=121)
	  ->  Sort  (cost=3702.50..3704.85 rows=942 width=121)
	        Sort Key: c
	        ->  Bitmap Heap Scan on sbtest2  (cost=34.09..3655.97 rows=942 width=121)
	              Recheck Cond: ((id >= 5433662) AND (id <= 5434661))
	              ->  Bitmap Index Scan on sbtest2_pkey  (cost=0.00..33.86 rows=942 width=0)
	                    Index Cond: ((id >= 5433662) AND (id <= 5434661))

table 3 : explain SELECT DISTINCT c FROM sbtest3 WHERE id BETWEEN 3372666 AND 3373665 ORDER BY c
	Unique  (cost=4168.07..4173.38 rows=1062 width=121)
	  ->  Sort  (cost=4168.07..4170.73 rows=1062 width=121)
	        Sort Key: c
	        ->  Bitmap Heap Scan on sbtest3  (cost=35.32..4114.69 rows=1062 width=121)
	              Recheck Cond: ((id >= 3372666) AND (id <= 3373665))
	              ->  Bitmap Index Scan on sbtest3_pkey  (cost=0.00..35.06 rows=1062 width=0)
	                    Index Cond: ((id >= 3372666) AND (id <= 3373665))

table 4 : explain SELECT DISTINCT c FROM sbtest4 WHERE id BETWEEN 9817960 AND 9818959 ORDER BY c
	Unique  (cost=3558.13..3562.65 rows=904 width=121)
	  ->  Sort  (cost=3558.13..3560.39 rows=904 width=121)
	        Sort Key: c
	        ->  Bitmap Heap Scan on sbtest4  (cost=29.70..3513.74 rows=904 width=121)
	              Recheck Cond: ((id >= 9817960) AND (id <= 9818959))
	              ->  Bitmap Index Scan on sbtest4_pkey  (cost=0.00..29.47 rows=904 width=0)
	                    Index Cond: ((id >= 9817960) AND (id <= 9818959))

table 5 : explain SELECT DISTINCT c FROM sbtest5 WHERE id BETWEEN 4401746 AND 4402745 ORDER BY c
	Unique  (cost=4519.94..4525.71 rows=1154 width=121)
	  ->  Sort  (cost=4519.94..4522.83 rows=1154 width=121)
	        Sort Key: c
	        ->  Bitmap Heap Scan on sbtest5  (cost=40.26..4461.25 rows=1154 width=121)
	              Recheck Cond: ((id >= 4401746) AND (id <= 4402745))
	              ->  Bitmap Index Scan on sbtest5_pkey  (cost=0.00..39.98 rows=1154 width=0)
	                    Index Cond: ((id >= 4401746) AND (id <= 4402745))

table 6 : explain SELECT DISTINCT c FROM sbtest6 WHERE id BETWEEN 9900601 AND 9901600 ORDER BY c
	Unique  (cost=3823.80..3828.67 rows=973 width=121)
	  ->  Sort  (cost=3823.80..3826.23 rows=973 width=121)
	        Sort Key: c
	        ->  Bitmap Heap Scan on sbtest6  (cost=34.41..3775.51 rows=973 width=121)
	              Recheck Cond: ((id >= 9900601) AND (id <= 9901600))
	              ->  Bitmap Index Scan on sbtest6_pkey  (cost=0.00..34.17 rows=973 width=0)
	                    Index Cond: ((id >= 9900601) AND (id <= 9901600))

table 7 : explain SELECT DISTINCT c FROM sbtest7 WHERE id BETWEEN 5249114 AND 5250113 ORDER BY c
	Unique  (cost=3660.98..3665.63 rows=930 width=121)
	  ->  Sort  (cost=3660.98..3663.31 rows=930 width=121)
	        Sort Key: c
	        ->  Bitmap Heap Scan on sbtest7  (cost=33.97..3615.13 rows=930 width=121)
	              Recheck Cond: ((id >= 5249114) AND (id <= 5250113))
	              ->  Bitmap Index Scan on sbtest7_pkey  (cost=0.00..33.73 rows=930 width=0)
	                    Index Cond: ((id >= 5249114) AND (id <= 5250113))

table 8 : explain SELECT DISTINCT c FROM sbtest8 WHERE id BETWEEN 4013404 AND 4014403 ORDER BY c
	Unique  (cost=3994.89..3999.98 rows=1018 width=121)
	  ->  Sort  (cost=3994.89..3997.43 rows=1018 width=121)
	        Sort Key: c
	        ->  Bitmap Heap Scan on sbtest8  (cost=34.87..3944.03 rows=1018 width=121)
	              Recheck Cond: ((id >= 4013404) AND (id <= 4014403))
	              ->  Bitmap Index Scan on sbtest8_pkey  (cost=0.00..34.62 rows=1018 width=0)
	                    Index Cond: ((id >= 4013404) AND (id <= 4014403))

explain: for point_selects :: explain SELECT c FROM sbtest%u WHERE id=%u
for: simple_ranges
table 1 : explain SELECT c FROM sbtest1 WHERE id BETWEEN 8470903 AND 8471902
	Bitmap Heap Scan on sbtest1  (cost=34.33..3746.02 rows=965 width=121)
	  Recheck Cond: ((id >= 8470903) AND (id <= 8471902))
	  ->  Bitmap Index Scan on sbtest1_pkey  (cost=0.00..34.09 rows=965 width=0)
	        Index Cond: ((id >= 8470903) AND (id <= 8471902))

table 2 : explain SELECT c FROM sbtest2 WHERE id BETWEEN 9089194 AND 9090193
	Bitmap Heap Scan on sbtest2  (cost=34.58..3837.07 rows=990 width=121)
	  Recheck Cond: ((id >= 9089194) AND (id <= 9090193))
	  ->  Bitmap Index Scan on sbtest2_pkey  (cost=0.00..34.34 rows=990 width=0)
	        Index Cond: ((id >= 9089194) AND (id <= 9090193))

table 3 : explain SELECT c FROM sbtest3 WHERE id BETWEEN 3819806 AND 3820805
	Bitmap Heap Scan on sbtest3  (cost=35.43..4156.15 rows=1073 width=121)
	  Recheck Cond: ((id >= 3819806) AND (id <= 3820805))
	  ->  Bitmap Index Scan on sbtest3_pkey  (cost=0.00..35.17 rows=1073 width=0)
	        Index Cond: ((id >= 3819806) AND (id <= 3820805))

table 4 : explain SELECT c FROM sbtest4 WHERE id BETWEEN 4139615 AND 4140614
	Bitmap Heap Scan on sbtest4  (cost=35.14..4047.12 rows=1044 width=121)
	  Recheck Cond: ((id >= 4139615) AND (id <= 4140614))
	  ->  Bitmap Index Scan on sbtest4_pkey  (cost=0.00..34.88 rows=1044 width=0)
	        Index Cond: ((id >= 4139615) AND (id <= 4140614))

table 5 : explain SELECT c FROM sbtest5 WHERE id BETWEEN 894239 AND 895238
	Bitmap Heap Scan on sbtest5  (cost=34.59..3846.68 rows=991 width=121)
	  Recheck Cond: ((id >= 894239) AND (id <= 895238))
	  ->  Bitmap Index Scan on sbtest5_pkey  (cost=0.00..34.34 rows=991 width=0)
	        Index Cond: ((id >= 894239) AND (id <= 895238))

table 6 : explain SELECT c FROM sbtest6 WHERE id BETWEEN 2828257 AND 2829256
	Bitmap Heap Scan on sbtest6  (cost=34.39..3767.96 rows=971 width=121)
	  Recheck Cond: ((id >= 2828257) AND (id <= 2829256))
	  ->  Bitmap Index Scan on sbtest6_pkey  (cost=0.00..34.15 rows=971 width=0)
	        Index Cond: ((id >= 2828257) AND (id <= 2829256))

table 7 : explain SELECT c FROM sbtest7 WHERE id BETWEEN 8556144 AND 8557143
	Bitmap Heap Scan on sbtest7  (cost=34.11..3668.10 rows=944 width=121)
	  Recheck Cond: ((id >= 8556144) AND (id <= 8557143))
	  ->  Bitmap Index Scan on sbtest7_pkey  (cost=0.00..33.88 rows=944 width=0)
	        Index Cond: ((id >= 8556144) AND (id <= 8557143))

table 8 : explain SELECT c FROM sbtest8 WHERE id BETWEEN 4900907 AND 4901906
	Bitmap Heap Scan on sbtest8  (cost=35.43..4151.10 rows=1073 width=121)
	  Recheck Cond: ((id >= 4900907) AND (id <= 4901906))
	  ->  Bitmap Index Scan on sbtest8_pkey  (cost=0.00..35.17 rows=1073 width=0)
	        Index Cond: ((id >= 4900907) AND (id <= 4901906))

for point_selects
table 1 : explain SELECT c FROM sbtest1 WHERE id=9893554
	Index Scan using sbtest1_pkey on sbtest1  (cost=0.43..8.45 rows=1 width=121)
	  Index Cond: (id = 9893554)

table 2 : explain SELECT c FROM sbtest2 WHERE id=2413958
	Index Scan using sbtest2_pkey on sbtest2  (cost=0.43..8.45 rows=1 width=121)
	  Index Cond: (id = 2413958)

table 3 : explain SELECT c FROM sbtest3 WHERE id=2542495
	Index Scan using sbtest3_pkey on sbtest3  (cost=0.43..8.45 rows=1 width=121)
	  Index Cond: (id = 2542495)

table 4 : explain SELECT c FROM sbtest4 WHERE id=1724883
	Index Scan using sbtest4_pkey on sbtest4  (cost=0.43..8.45 rows=1 width=121)
	  Index Cond: (id = 1724883)

table 5 : explain SELECT c FROM sbtest5 WHERE id=5075263
	Index Scan using sbtest5_pkey on sbtest5  (cost=0.43..8.45 rows=1 width=121)
	  Index Cond: (id = 5075263)

table 6 : explain SELECT c FROM sbtest6 WHERE id=6423872
	Index Scan using sbtest6_pkey on sbtest6  (cost=0.43..8.45 rows=1 width=121)
	  Index Cond: (id = 6423872)

table 7 : explain SELECT c FROM sbtest7 WHERE id=7758643
	Index Scan using sbtest7_pkey on sbtest7  (cost=0.43..8.45 rows=1 width=121)
	  Index Cond: (id = 7758643)

table 8 : explain SELECT c FROM sbtest8 WHERE id=9301325
	Index Scan using sbtest8_pkey on sbtest8  (cost=0.43..8.45 rows=1 width=121)
	  Index Cond: (id = 9301325)

for: order_ranges
table 1 : explain SELECT c FROM sbtest1 WHERE id BETWEEN 4987408 AND 4988407 ORDER BY c
	Sort  (cost=3743.99..3746.37 rows=952 width=121)
	  Sort Key: c
	  ->  Bitmap Heap Scan on sbtest1  (cost=34.19..3696.89 rows=952 width=121)
	        Recheck Cond: ((id >= 4987408) AND (id <= 4988407))
	        ->  Bitmap Index Scan on sbtest1_pkey  (cost=0.00..33.95 rows=952 width=0)
	              Index Cond: ((id >= 4987408) AND (id <= 4988407))

table 2 : explain SELECT c FROM sbtest2 WHERE id BETWEEN 3622092 AND 3623091 ORDER BY c
	Sort  (cost=3790.62..3793.03 rows=965 width=121)
	  Sort Key: c
	  ->  Bitmap Heap Scan on sbtest2  (cost=34.33..3742.78 rows=965 width=121)
	        Recheck Cond: ((id >= 3622092) AND (id <= 3623091))
	        ->  Bitmap Index Scan on sbtest2_pkey  (cost=0.00..34.09 rows=965 width=0)
	              Index Cond: ((id >= 3622092) AND (id <= 3623091))

table 3 : explain SELECT c FROM sbtest3 WHERE id BETWEEN 4590733 AND 4591732 ORDER BY c
	Sort  (cost=3627.25..3629.55 rows=921 width=121)
	  Sort Key: c
	  ->  Bitmap Heap Scan on sbtest3  (cost=33.88..3581.90 rows=921 width=121)
	        Recheck Cond: ((id >= 4590733) AND (id <= 4591732))
	        ->  Bitmap Index Scan on sbtest3_pkey  (cost=0.00..33.65 rows=921 width=0)
	              Index Cond: ((id >= 4590733) AND (id <= 4591732))

table 4 : explain SELECT c FROM sbtest4 WHERE id BETWEEN 2918409 AND 2919408 ORDER BY c
	Sort  (cost=3919.33..3921.83 rows=997 width=121)
	  Sort Key: c
	  ->  Bitmap Heap Scan on sbtest4  (cost=34.65..3869.68 rows=997 width=121)
	        Recheck Cond: ((id >= 2918409) AND (id <= 2919408))
	        ->  Bitmap Index Scan on sbtest4_pkey  (cost=0.00..34.41 rows=997 width=0)
	              Index Cond: ((id >= 2918409) AND (id <= 2919408))

table 5 : explain SELECT c FROM sbtest5 WHERE id BETWEEN 2740245 AND 2741244 ORDER BY c
	Sort  (cost=3453.96..3456.15 rows=877 width=121)
	  Sort Key: c
	  ->  Bitmap Heap Scan on sbtest5  (cost=29.42..3411.09 rows=877 width=121)
	        Recheck Cond: ((id >= 2740245) AND (id <= 2741244))
	        ->  Bitmap Index Scan on sbtest5_pkey  (cost=0.00..29.20 rows=877 width=0)
	              Index Cond: ((id >= 2740245) AND (id <= 2741244))

table 6 : explain SELECT c FROM sbtest6 WHERE id BETWEEN 5548005 AND 5549004 ORDER BY c
	Sort  (cost=3988.50..3991.04 rows=1016 width=121)
	  Sort Key: c
	  ->  Bitmap Heap Scan on sbtest6  (cost=34.85..3937.76 rows=1016 width=121)
	        Recheck Cond: ((id >= 5548005) AND (id <= 5549004))
	        ->  Bitmap Index Scan on sbtest6_pkey  (cost=0.00..34.59 rows=1016 width=0)
	              Index Cond: ((id >= 5548005) AND (id <= 5549004))

table 7 : explain SELECT c FROM sbtest7 WHERE id BETWEEN 2354358 AND 2355357 ORDER BY c
	Sort  (cost=4036.88..4039.45 rows=1028 width=121)
	  Sort Key: c
	  ->  Bitmap Heap Scan on sbtest7  (cost=34.97..3985.45 rows=1028 width=121)
	        Recheck Cond: ((id >= 2354358) AND (id <= 2355357))
	        ->  Bitmap Index Scan on sbtest7_pkey  (cost=0.00..34.72 rows=1028 width=0)
	              Index Cond: ((id >= 2354358) AND (id <= 2355357))

table 8 : explain SELECT c FROM sbtest8 WHERE id BETWEEN 8825221 AND 8826220 ORDER BY c
	Sort  (cost=3788.13..3790.54 rows=964 width=121)
	  Sort Key: c
	  ->  Bitmap Heap Scan on sbtest8  (cost=34.32..3740.35 rows=964 width=121)
	        Recheck Cond: ((id >= 8825221) AND (id <= 8826220))
	        ->  Bitmap Index Scan on sbtest8_pkey  (cost=0.00..34.08 rows=964 width=0)
	              Index Cond: ((id >= 8825221) AND (id <= 8826220))

for point_selects
table 1 : explain SELECT c FROM sbtest1 WHERE id=2804563
	Index Scan using sbtest1_pkey on sbtest1  (cost=0.43..8.45 rows=1 width=121)
	  Index Cond: (id = 2804563)

table 2 : explain SELECT c FROM sbtest2 WHERE id=2815086
	Index Scan using sbtest2_pkey on sbtest2  (cost=0.43..8.45 rows=1 width=121)
	  Index Cond: (id = 2815086)

table 3 : explain SELECT c FROM sbtest3 WHERE id=2644083
	Index Scan using sbtest3_pkey on sbtest3  (cost=0.43..8.45 rows=1 width=121)
	  Index Cond: (id = 2644083)

table 4 : explain SELECT c FROM sbtest4 WHERE id=1206897
	Index Scan using sbtest4_pkey on sbtest4  (cost=0.43..8.45 rows=1 width=121)
	  Index Cond: (id = 1206897)

table 5 : explain SELECT c FROM sbtest5 WHERE id=9079966
	Index Scan using sbtest5_pkey on sbtest5  (cost=0.43..8.45 rows=1 width=121)
	  Index Cond: (id = 9079966)

table 6 : explain SELECT c FROM sbtest6 WHERE id=4191538
	Index Scan using sbtest6_pkey on sbtest6  (cost=0.43..8.45 rows=1 width=121)
	  Index Cond: (id = 4191538)

table 7 : explain SELECT c FROM sbtest7 WHERE id=8812829
	Index Scan using sbtest7_pkey on sbtest7  (cost=0.43..8.45 rows=1 width=121)
	  Index Cond: (id = 8812829)

table 8 : explain SELECT c FROM sbtest8 WHERE id=810977
	Index Scan using sbtest8_pkey on sbtest8  (cost=0.43..8.45 rows=1 width=121)
	  Index Cond: (id = 810977)

explain: for point_selects :: explain SELECT c FROM sbtest%u WHERE id=%u
for: simple_ranges
table 1 : explain SELECT c FROM sbtest1 WHERE id BETWEEN 6423927 AND 6424926
	Bitmap Heap Scan on sbtest1  (cost=34.71..3885.72 rows=1002 width=121)
	  Recheck Cond: ((id >= 6423927) AND (id <= 6424926))
	  ->  Bitmap Index Scan on sbtest1_pkey  (cost=0.00..34.45 rows=1002 width=0)
	        Index Cond: ((id >= 6423927) AND (id <= 6424926))

table 2 : explain SELECT c FROM sbtest2 WHERE id BETWEEN 6440628 AND 6441627
	Bitmap Heap Scan on sbtest2  (cost=34.83..3927.51 rows=1014 width=121)
	  Recheck Cond: ((id >= 6440628) AND (id <= 6441627))
	  ->  Bitmap Index Scan on sbtest2_pkey  (cost=0.00..34.58 rows=1014 width=0)
	        Index Cond: ((id >= 6440628) AND (id <= 6441627))

table 3 : explain SELECT c FROM sbtest3 WHERE id BETWEEN 1237480 AND 1238479
	Bitmap Heap Scan on sbtest3  (cost=34.69..3880.72 rows=1000 width=121)
	  Recheck Cond: ((id >= 1237480) AND (id <= 1238479))
	  ->  Bitmap Index Scan on sbtest3_pkey  (cost=0.00..34.44 rows=1000 width=0)
	        Index Cond: ((id >= 1237480) AND (id <= 1238479))

table 4 : explain SELECT c FROM sbtest4 WHERE id BETWEEN 6138384 AND 6139383
	Bitmap Heap Scan on sbtest4  (cost=39.73..4269.73 rows=1102 width=121)
	  Recheck Cond: ((id >= 6138384) AND (id <= 6139383))
	  ->  Bitmap Index Scan on sbtest4_pkey  (cost=0.00..39.45 rows=1102 width=0)
	        Index Cond: ((id >= 6138384) AND (id <= 6139383))

table 5 : explain SELECT c FROM sbtest5 WHERE id BETWEEN 4909619 AND 4910618
	Bitmap Heap Scan on sbtest5  (cost=35.17..4058.09 rows=1047 width=121)
	  Recheck Cond: ((id >= 4909619) AND (id <= 4910618))
	  ->  Bitmap Index Scan on sbtest5_pkey  (cost=0.00..34.91 rows=1047 width=0)
	        Index Cond: ((id >= 4909619) AND (id <= 4910618))

table 6 : explain SELECT c FROM sbtest6 WHERE id BETWEEN 4912908 AND 4913907
	Bitmap Heap Scan on sbtest6  (cost=34.22..3707.52 rows=955 width=121)
	  Recheck Cond: ((id >= 4912908) AND (id <= 4913907))
	  ->  Bitmap Index Scan on sbtest6_pkey  (cost=0.00..33.98 rows=955 width=0)
	        Index Cond: ((id >= 4912908) AND (id <= 4913907))

table 7 : explain SELECT c FROM sbtest7 WHERE id BETWEEN 9124016 AND 9125015
	Bitmap Heap Scan on sbtest7  (cost=35.29..4102.34 rows=1059 width=121)
	  Recheck Cond: ((id >= 9124016) AND (id <= 9125015))
	  ->  Bitmap Index Scan on sbtest7_pkey  (cost=0.00..35.03 rows=1059 width=0)
	        Index Cond: ((id >= 9124016) AND (id <= 9125015))

table 8 : explain SELECT c FROM sbtest8 WHERE id BETWEEN 1952389 AND 1953388
	Bitmap Heap Scan on sbtest8  (cost=34.98..3985.47 rows=1029 width=121)
	  Recheck Cond: ((id >= 1952389) AND (id <= 1953388))
	  ->  Bitmap Index Scan on sbtest8_pkey  (cost=0.00..34.73 rows=1029 width=0)
	        Index Cond: ((id >= 1952389) AND (id <= 1953388))

for: simple_ranges
table 1 : explain SELECT c FROM sbtest1 WHERE id BETWEEN 8724308 AND 8725307
	Bitmap Heap Scan on sbtest1  (cost=34.47..3798.90 rows=979 width=121)
	  Recheck Cond: ((id >= 8724308) AND (id <= 8725307))
	  ->  Bitmap Index Scan on sbtest1_pkey  (cost=0.00..34.23 rows=979 width=0)
	        Index Cond: ((id >= 8724308) AND (id <= 8725307))

table 2 : explain SELECT c FROM sbtest2 WHERE id BETWEEN 5533446 AND 5534445
	Bitmap Heap Scan on sbtest2  (cost=35.32..4108.17 rows=1062 width=121)
	  Recheck Cond: ((id >= 5533446) AND (id <= 5534445))
	  ->  Bitmap Index Scan on sbtest2_pkey  (cost=0.00..35.06 rows=1062 width=0)
	        Index Cond: ((id >= 5533446) AND (id <= 5534445))

table 3 : explain SELECT c FROM sbtest3 WHERE id BETWEEN 8673003 AND 8674002
	Bitmap Heap Scan on sbtest3  (cost=34.70..3884.50 rows=1001 width=121)
	  Recheck Cond: ((id >= 8673003) AND (id <= 8674002))
	  ->  Bitmap Index Scan on sbtest3_pkey  (cost=0.00..34.45 rows=1001 width=0)
	        Index Cond: ((id >= 8673003) AND (id <= 8674002))

table 4 : explain SELECT c FROM sbtest4 WHERE id BETWEEN 4416088 AND 4417087
	Bitmap Heap Scan on sbtest4  (cost=34.40..3775.18 rows=972 width=121)
	  Recheck Cond: ((id >= 4416088) AND (id <= 4417087))
	  ->  Bitmap Index Scan on sbtest4_pkey  (cost=0.00..34.16 rows=972 width=0)
	        Index Cond: ((id >= 4416088) AND (id <= 4417087))

table 5 : explain SELECT c FROM sbtest5 WHERE id BETWEEN 2294076 AND 2295075
	Bitmap Heap Scan on sbtest5  (cost=34.53..3824.00 rows=985 width=121)
	  Recheck Cond: ((id >= 2294076) AND (id <= 2295075))
	  ->  Bitmap Index Scan on sbtest5_pkey  (cost=0.00..34.29 rows=985 width=0)
	        Index Cond: ((id >= 2294076) AND (id <= 2295075))

table 6 : explain SELECT c FROM sbtest6 WHERE id BETWEEN 6351718 AND 6352717
	Bitmap Heap Scan on sbtest6  (cost=35.12..4035.75 rows=1042 width=121)
	  Recheck Cond: ((id >= 6351718) AND (id <= 6352717))
	  ->  Bitmap Index Scan on sbtest6_pkey  (cost=0.00..34.86 rows=1042 width=0)
	        Index Cond: ((id >= 6351718) AND (id <= 6352717))

table 7 : explain SELECT c FROM sbtest7 WHERE id BETWEEN 2145176 AND 2146175
	Bitmap Heap Scan on sbtest7  (cost=34.35..3755.08 rows=967 width=121)
	  Recheck Cond: ((id >= 2145176) AND (id <= 2146175))
	  ->  Bitmap Index Scan on sbtest7_pkey  (cost=0.00..34.11 rows=967 width=0)
	        Index Cond: ((id >= 2145176) AND (id <= 2146175))

table 8 : explain SELECT c FROM sbtest8 WHERE id BETWEEN 1901949 AND 1902948
	Bitmap Heap Scan on sbtest8  (cost=34.41..3774.32 rows=973 width=121)
	  Recheck Cond: ((id >= 1901949) AND (id <= 1902948))
	  ->  Bitmap Index Scan on sbtest8_pkey  (cost=0.00..34.17 rows=973 width=0)
	        Index Cond: ((id >= 1901949) AND (id <= 1902948))

for: order_ranges
table 1 : explain SELECT c FROM sbtest1 WHERE id BETWEEN 4534433 AND 4535432 ORDER BY c
	Sort  (cost=3636.52..3638.83 rows=924 width=121)
	  Sort Key: c
	  ->  Bitmap Heap Scan on sbtest1  (cost=33.91..3591.00 rows=924 width=121)
	        Recheck Cond: ((id >= 4534433) AND (id <= 4535432))
	        ->  Bitmap Index Scan on sbtest1_pkey  (cost=0.00..33.68 rows=924 width=0)
	              Index Cond: ((id >= 4534433) AND (id <= 4535432))

table 2 : explain SELECT c FROM sbtest2 WHERE id BETWEEN 1003924 AND 1004923 ORDER BY c
	Sort  (cost=4138.64..4141.28 rows=1056 width=121)
	  Sort Key: c
	  ->  Bitmap Heap Scan on sbtest2  (cost=35.26..4085.61 rows=1056 width=121)
	        Recheck Cond: ((id >= 1003924) AND (id <= 1004923))
	        ->  Bitmap Index Scan on sbtest2_pkey  (cost=0.00..35.00 rows=1056 width=0)
	              Index Cond: ((id >= 1003924) AND (id <= 1004923))

table 3 : explain SELECT c FROM sbtest3 WHERE id BETWEEN 2317386 AND 2318385 ORDER BY c
	Sort  (cost=4348.01..4350.78 rows=1108 width=121)
	  Sort Key: c
	  ->  Bitmap Heap Scan on sbtest3  (cost=39.79..4291.98 rows=1108 width=121)
	        Recheck Cond: ((id >= 2317386) AND (id <= 2318385))
	        ->  Bitmap Index Scan on sbtest3_pkey  (cost=0.00..39.52 rows=1108 width=0)
	              Index Cond: ((id >= 2317386) AND (id <= 2318385))

table 4 : explain SELECT c FROM sbtest4 WHERE id BETWEEN 3347255 AND 3348254 ORDER BY c
	Sort  (cost=4149.25..4151.89 rows=1057 width=121)
	  Sort Key: c
	  ->  Bitmap Heap Scan on sbtest4  (cost=35.27..4096.16 rows=1057 width=121)
	        Recheck Cond: ((id >= 3347255) AND (id <= 3348254))
	        ->  Bitmap Index Scan on sbtest4_pkey  (cost=0.00..35.01 rows=1057 width=0)
	              Index Cond: ((id >= 3347255) AND (id <= 3348254))

table 5 : explain SELECT c FROM sbtest5 WHERE id BETWEEN 9753994 AND 9754993 ORDER BY c
	Sort  (cost=3915.17..3917.66 rows=996 width=121)
	  Sort Key: c
	  ->  Bitmap Heap Scan on sbtest5  (cost=34.64..3865.57 rows=996 width=121)
	        Recheck Cond: ((id >= 9753994) AND (id <= 9754993))
	        ->  Bitmap Index Scan on sbtest5_pkey  (cost=0.00..34.40 rows=996 width=0)
	              Index Cond: ((id >= 9753994) AND (id <= 9754993))

table 6 : explain SELECT c FROM sbtest6 WHERE id BETWEEN 3238483 AND 3239482 ORDER BY c
	Sort  (cost=4118.58..4121.20 rows=1050 width=121)
	  Sort Key: c
	  ->  Bitmap Heap Scan on sbtest6  (cost=35.20..4065.89 rows=1050 width=121)
	        Recheck Cond: ((id >= 3238483) AND (id <= 3239482))
	        ->  Bitmap Index Scan on sbtest6_pkey  (cost=0.00..34.94 rows=1050 width=0)
	              Index Cond: ((id >= 3238483) AND (id <= 3239482))

table 7 : explain SELECT c FROM sbtest7 WHERE id BETWEEN 3398304 AND 3399303 ORDER BY c
	Sort  (cost=3503.22..3505.45 rows=890 width=121)
	  Sort Key: c
	  ->  Bitmap Heap Scan on sbtest7  (cost=29.56..3459.62 rows=890 width=121)
	        Recheck Cond: ((id >= 3398304) AND (id <= 3399303))
	        ->  Bitmap Index Scan on sbtest7_pkey  (cost=0.00..29.33 rows=890 width=0)
	              Index Cond: ((id >= 3398304) AND (id <= 3399303))

table 8 : explain SELECT c FROM sbtest8 WHERE id BETWEEN 7792114 AND 7793113 ORDER BY c
	Sort  (cost=4147.82..4150.46 rows=1058 width=121)
	  Sort Key: c
	  ->  Bitmap Heap Scan on sbtest8  (cost=35.28..4094.67 rows=1058 width=121)
	        Recheck Cond: ((id >= 7792114) AND (id <= 7793113))
	        ->  Bitmap Index Scan on sbtest8_pkey  (cost=0.00..35.02 rows=1058 width=0)
	              Index Cond: ((id >= 7792114) AND (id <= 7793113))

for: order_ranges
table 1 : explain SELECT c FROM sbtest1 WHERE id BETWEEN 8305933 AND 8306932 ORDER BY c
	Sort  (cost=3943.33..3945.84 rows=1004 width=121)
	  Sort Key: c
	  ->  Bitmap Heap Scan on sbtest1  (cost=34.73..3893.27 rows=1004 width=121)
	        Recheck Cond: ((id >= 8305933) AND (id <= 8306932))
	        ->  Bitmap Index Scan on sbtest1_pkey  (cost=0.00..34.48 rows=1004 width=0)
	              Index Cond: ((id >= 8305933) AND (id <= 8306932))

table 2 : explain SELECT c FROM sbtest2 WHERE id BETWEEN 4009219 AND 4010218 ORDER BY c
	Sort  (cost=3786.79..3789.20 rows=964 width=121)
	  Sort Key: c
	  ->  Bitmap Heap Scan on sbtest2  (cost=34.32..3739.01 rows=964 width=121)
	        Recheck Cond: ((id >= 4009219) AND (id <= 4010218))
	        ->  Bitmap Index Scan on sbtest2_pkey  (cost=0.00..34.08 rows=964 width=0)
	              Index Cond: ((id >= 4009219) AND (id <= 4010218))

table 3 : explain SELECT c FROM sbtest3 WHERE id BETWEEN 9517931 AND 9518930 ORDER BY c
	Sort  (cost=3669.52..3671.85 rows=932 width=121)
	  Sort Key: c
	  ->  Bitmap Heap Scan on sbtest3  (cost=33.99..3623.56 rows=932 width=121)
	        Recheck Cond: ((id >= 9517931) AND (id <= 9518930))
	        ->  Bitmap Index Scan on sbtest3_pkey  (cost=0.00..33.76 rows=932 width=0)
	              Index Cond: ((id >= 9517931) AND (id <= 9518930))

table 4 : explain SELECT c FROM sbtest4 WHERE id BETWEEN 7928305 AND 7929304 ORDER BY c
	Sort  (cost=4164.56..4167.21 rows=1061 width=121)
	  Sort Key: c
	  ->  Bitmap Heap Scan on sbtest4  (cost=35.31..4111.24 rows=1061 width=121)
	        Recheck Cond: ((id >= 7928305) AND (id <= 7929304))
	        ->  Bitmap Index Scan on sbtest4_pkey  (cost=0.00..35.05 rows=1061 width=0)
	              Index Cond: ((id >= 7928305) AND (id <= 7929304))

table 5 : explain SELECT c FROM sbtest5 WHERE id BETWEEN 2715721 AND 2716720 ORDER BY c
	Sort  (cost=3453.96..3456.15 rows=877 width=121)
	  Sort Key: c
	  ->  Bitmap Heap Scan on sbtest5  (cost=29.42..3411.09 rows=877 width=121)
	        Recheck Cond: ((id >= 2715721) AND (id <= 2716720))
	        ->  Bitmap Index Scan on sbtest5_pkey  (cost=0.00..29.20 rows=877 width=0)
	              Index Cond: ((id >= 2715721) AND (id <= 2716720))

table 6 : explain SELECT c FROM sbtest6 WHERE id BETWEEN 7500343 AND 7501342 ORDER BY c
	Sort  (cost=4061.21..4063.80 rows=1035 width=121)
	  Sort Key: c
	  ->  Bitmap Heap Scan on sbtest6  (cost=35.04..4009.38 rows=1035 width=121)
	        Recheck Cond: ((id >= 7500343) AND (id <= 7501342))
	        ->  Bitmap Index Scan on sbtest6_pkey  (cost=0.00..34.79 rows=1035 width=0)
	              Index Cond: ((id >= 7500343) AND (id <= 7501342))

table 7 : explain SELECT c FROM sbtest7 WHERE id BETWEEN 340293 AND 341292 ORDER BY c
	Sort  (cost=3741.63..3744.00 rows=951 width=121)
	  Sort Key: c
	  ->  Bitmap Heap Scan on sbtest7  (cost=34.18..3694.58 rows=951 width=121)
	        Recheck Cond: ((id >= 340293) AND (id <= 341292))
	        ->  Bitmap Index Scan on sbtest7_pkey  (cost=0.00..33.95 rows=951 width=0)
	              Index Cond: ((id >= 340293) AND (id <= 341292))

table 8 : explain SELECT c FROM sbtest8 WHERE id BETWEEN 1406128 AND 1407127 ORDER BY c
	Sort  (cost=3837.93..3840.38 rows=977 width=121)
	  Sort Key: c
	  ->  Bitmap Heap Scan on sbtest8  (cost=34.45..3789.42 rows=977 width=121)
	        Recheck Cond: ((id >= 1406128) AND (id <= 1407127))
	        ->  Bitmap Index Scan on sbtest8_pkey  (cost=0.00..34.20 rows=977 width=0)
	              Index Cond: ((id >= 1406128) AND (id <= 1407127))

for: distinct_ranges
table 1 : explain SELECT DISTINCT c FROM sbtest1 WHERE id BETWEEN 3973625 AND 3974624 ORDER BY c
	Unique  (cost=3617.32..3621.91 rows=919 width=121)
	  ->  Sort  (cost=3617.32..3619.62 rows=919 width=121)
	        Sort Key: c
	        ->  Bitmap Heap Scan on sbtest1  (cost=33.85..3572.09 rows=919 width=121)
	              Recheck Cond: ((id >= 3973625) AND (id <= 3974624))
	              ->  Bitmap Index Scan on sbtest1_pkey  (cost=0.00..33.62 rows=919 width=0)
	                    Index Cond: ((id >= 3973625) AND (id <= 3974624))

table 2 : explain SELECT DISTINCT c FROM sbtest2 WHERE id BETWEEN 2944987 AND 2945986 ORDER BY c
	Unique  (cost=4260.79..4266.23 rows=1088 width=121)
	  ->  Sort  (cost=4260.79..4263.51 rows=1088 width=121)
	        Sort Key: c
	        ->  Bitmap Heap Scan on sbtest2  (cost=35.59..4205.91 rows=1088 width=121)
	              Recheck Cond: ((id >= 2944987) AND (id <= 2945986))
	              ->  Bitmap Index Scan on sbtest2_pkey  (cost=0.00..35.32 rows=1088 width=0)
	                    Index Cond: ((id >= 2944987) AND (id <= 2945986))

table 3 : explain SELECT DISTINCT c FROM sbtest3 WHERE id BETWEEN 4540338 AND 4541337 ORDER BY c
	Unique  (cost=3627.25..3631.85 rows=921 width=121)
	  ->  Sort  (cost=3627.25..3629.55 rows=921 width=121)
	        Sort Key: c
	        ->  Bitmap Heap Scan on sbtest3  (cost=33.88..3581.90 rows=921 width=121)
	              Recheck Cond: ((id >= 4540338) AND (id <= 4541337))
	              ->  Bitmap Index Scan on sbtest3_pkey  (cost=0.00..33.65 rows=921 width=0)
	                    Index Cond: ((id >= 4540338) AND (id <= 4541337))

table 4 : explain SELECT DISTINCT c FROM sbtest4 WHERE id BETWEEN 7613282 AND 7614281 ORDER BY c
	Unique  (cost=4233.45..4238.84 rows=1079 width=121)
	  ->  Sort  (cost=4233.45..4236.15 rows=1079 width=121)
	        Sort Key: c
	        ->  Bitmap Heap Scan on sbtest4  (cost=35.49..4179.09 rows=1079 width=121)
	              Recheck Cond: ((id >= 7613282) AND (id <= 7614281))
	              ->  Bitmap Index Scan on sbtest4_pkey  (cost=0.00..35.23 rows=1079 width=0)
	                    Index Cond: ((id >= 7613282) AND (id <= 7614281))

table 5 : explain SELECT DISTINCT c FROM sbtest5 WHERE id BETWEEN 8137729 AND 8138728 ORDER BY c
	Unique  (cost=3696.38..3701.08 rows=939 width=121)
	  ->  Sort  (cost=3696.38..3698.73 rows=939 width=121)
	        Sort Key: c
	        ->  Bitmap Heap Scan on sbtest5  (cost=34.06..3650.02 rows=939 width=121)
	              Recheck Cond: ((id >= 8137729) AND (id <= 8138728))
	              ->  Bitmap Index Scan on sbtest5_pkey  (cost=0.00..33.83 rows=939 width=0)
	                    Index Cond: ((id >= 8137729) AND (id <= 8138728))

table 6 : explain SELECT DISTINCT c FROM sbtest6 WHERE id BETWEEN 457317 AND 458316 ORDER BY c
	Unique  (cost=4026.77..4031.90 rows=1026 width=121)
	  ->  Sort  (cost=4026.77..4029.34 rows=1026 width=121)
	        Sort Key: c
	        ->  Bitmap Heap Scan on sbtest6  (cost=34.95..3975.46 rows=1026 width=121)
	              Recheck Cond: ((id >= 457317) AND (id <= 458316))
	              ->  Bitmap Index Scan on sbtest6_pkey  (cost=0.00..34.70 rows=1026 width=0)
	                    Index Cond: ((id >= 457317) AND (id <= 458316))

table 7 : explain SELECT DISTINCT c FROM sbtest7 WHERE id BETWEEN 2087189 AND 2088188 ORDER BY c
	Unique  (cost=3803.03..3807.87 rows=967 width=121)
	  ->  Sort  (cost=3803.03..3805.45 rows=967 width=121)
	        Sort Key: c
	        ->  Bitmap Heap Scan on sbtest7  (cost=34.35..3755.08 rows=967 width=121)
	              Recheck Cond: ((id >= 2087189) AND (id <= 2088188))
	              ->  Bitmap Index Scan on sbtest7_pkey  (cost=0.00..34.11 rows=967 width=0)
	                    Index Cond: ((id >= 2087189) AND (id <= 2088188))

table 8 : explain SELECT DISTINCT c FROM sbtest8 WHERE id BETWEEN 9996275 AND 9997274 ORDER BY c
	Unique  (cost=3983.41..3988.48 rows=1015 width=121)
	  ->  Sort  (cost=3983.41..3985.95 rows=1015 width=121)
	        Sort Key: c
	        ->  Bitmap Heap Scan on sbtest8  (cost=34.84..3932.72 rows=1015 width=121)
	              Recheck Cond: ((id >= 9996275) AND (id <= 9997274))
	              ->  Bitmap Index Scan on sbtest8_pkey  (cost=0.00..34.59 rows=1015 width=0)
	                    Index Cond: ((id >= 9996275) AND (id <= 9997274))

for: order_ranges
table 1 : explain SELECT c FROM sbtest1 WHERE id BETWEEN 3690507 AND 3691506 ORDER BY c
	Sort  (cost=3797.69..3800.11 rows=966 width=121)
	  Sort Key: c
	  ->  Bitmap Heap Scan on sbtest1  (cost=34.34..3749.80 rows=966 width=121)
	        Recheck Cond: ((id >= 3690507) AND (id <= 3691506))
	        ->  Bitmap Index Scan on sbtest1_pkey  (cost=0.00..34.09 rows=966 width=0)
	              Index Cond: ((id >= 3690507) AND (id <= 3691506))

table 2 : explain SELECT c FROM sbtest2 WHERE id BETWEEN 6014138 AND 6015137 ORDER BY c
	Sort  (cost=3694.83..3697.18 rows=940 width=121)
	  Sort Key: c
	  ->  Bitmap Heap Scan on sbtest2  (cost=34.07..3648.41 rows=940 width=121)
	        Recheck Cond: ((id >= 6014138) AND (id <= 6015137))
	        ->  Bitmap Index Scan on sbtest2_pkey  (cost=0.00..33.84 rows=940 width=0)
	              Index Cond: ((id >= 6014138) AND (id <= 6015137))

table 3 : explain SELECT c FROM sbtest3 WHERE id BETWEEN 3858989 AND 3859988 ORDER BY c
	Sort  (cost=4210.17..4212.85 rows=1073 width=121)
	  Sort Key: c
	  ->  Bitmap Heap Scan on sbtest3  (cost=35.43..4156.15 rows=1073 width=121)
	        Recheck Cond: ((id >= 3858989) AND (id <= 3859988))
	        ->  Bitmap Index Scan on sbtest3_pkey  (cost=0.00..35.17 rows=1073 width=0)
	              Index Cond: ((id >= 3858989) AND (id <= 3859988))

table 4 : explain SELECT c FROM sbtest4 WHERE id BETWEEN 3895659 AND 3896658 ORDER BY c
	Sort  (cost=3639.04..3641.35 rows=924 width=121)
	  Sort Key: c
	  ->  Bitmap Heap Scan on sbtest4  (cost=33.91..3593.52 rows=924 width=121)
	        Recheck Cond: ((id >= 3895659) AND (id <= 3896658))
	        ->  Bitmap Index Scan on sbtest4_pkey  (cost=0.00..33.68 rows=924 width=0)
	              Index Cond: ((id >= 3895659) AND (id <= 3896658))

table 5 : explain SELECT c FROM sbtest5 WHERE id BETWEEN 9526656 AND 9527655 ORDER BY c
	Sort  (cost=4037.83..4040.40 rows=1028 width=121)
	  Sort Key: c
	  ->  Bitmap Heap Scan on sbtest5  (cost=34.97..3986.40 rows=1028 width=121)
	        Recheck Cond: ((id >= 9526656) AND (id <= 9527655))
	        ->  Bitmap Index Scan on sbtest5_pkey  (cost=0.00..34.72 rows=1028 width=0)
	              Index Cond: ((id >= 9526656) AND (id <= 9527655))

table 6 : explain SELECT c FROM sbtest6 WHERE id BETWEEN 1251404 AND 1252403 ORDER BY c
	Sort  (cost=4202.67..4205.35 rows=1072 width=121)
	  Sort Key: c
	  ->  Bitmap Heap Scan on sbtest6  (cost=35.42..4148.72 rows=1072 width=121)
	        Recheck Cond: ((id >= 1251404) AND (id <= 1252403))
	        ->  Bitmap Index Scan on sbtest6_pkey  (cost=0.00..35.16 rows=1072 width=0)
	              Index Cond: ((id >= 1251404) AND (id <= 1252403))

table 7 : explain SELECT c FROM sbtest7 WHERE id BETWEEN 7702895 AND 7703894 ORDER BY c
	Sort  (cost=3422.42..3424.59 rows=869 width=121)
	  Sort Key: c
	  ->  Bitmap Heap Scan on sbtest7  (cost=29.34..3380.00 rows=869 width=121)
	        Recheck Cond: ((id >= 7702895) AND (id <= 7703894))
	        ->  Bitmap Index Scan on sbtest7_pkey  (cost=0.00..29.12 rows=869 width=0)
	              Index Cond: ((id >= 7702895) AND (id <= 7703894))

table 8 : explain SELECT c FROM sbtest8 WHERE id BETWEEN 7162929 AND 7163928 ORDER BY c
	Sort  (cost=3650.09..3652.41 rows=928 width=121)
	  Sort Key: c
	  ->  Bitmap Heap Scan on sbtest8  (cost=33.95..3604.35 rows=928 width=121)
	        Recheck Cond: ((id >= 7162929) AND (id <= 7163928))
	        ->  Bitmap Index Scan on sbtest8_pkey  (cost=0.00..33.72 rows=928 width=0)
	              Index Cond: ((id >= 7162929) AND (id <= 7163928))

explain: for point_selects :: explain SELECT c FROM sbtest%u WHERE id=%u
for point_selects
table 1 : explain SELECT c FROM sbtest1 WHERE id=9440786
	Index Scan using sbtest1_pkey on sbtest1  (cost=0.43..8.45 rows=1 width=121)
	  Index Cond: (id = 9440786)

table 2 : explain SELECT c FROM sbtest2 WHERE id=1384329
	Index Scan using sbtest2_pkey on sbtest2  (cost=0.43..8.45 rows=1 width=121)
	  Index Cond: (id = 1384329)

table 3 : explain SELECT c FROM sbtest3 WHERE id=3721328
	Index Scan using sbtest3_pkey on sbtest3  (cost=0.43..8.45 rows=1 width=121)
	  Index Cond: (id = 3721328)

table 4 : explain SELECT c FROM sbtest4 WHERE id=3122052
	Index Scan using sbtest4_pkey on sbtest4  (cost=0.43..8.45 rows=1 width=121)
	  Index Cond: (id = 3122052)

table 5 : explain SELECT c FROM sbtest5 WHERE id=6455998
	Index Scan using sbtest5_pkey on sbtest5  (cost=0.43..8.45 rows=1 width=121)
	  Index Cond: (id = 6455998)

table 6 : explain SELECT c FROM sbtest6 WHERE id=5669134
	Index Scan using sbtest6_pkey on sbtest6  (cost=0.43..8.45 rows=1 width=121)
	  Index Cond: (id = 5669134)

table 7 : explain SELECT c FROM sbtest7 WHERE id=2251585
	Index Scan using sbtest7_pkey on sbtest7  (cost=0.43..8.45 rows=1 width=121)
	  Index Cond: (id = 2251585)

table 8 : explain SELECT c FROM sbtest8 WHERE id=6739026
	Index Scan using sbtest8_pkey on sbtest8  (cost=0.43..8.45 rows=1 width=121)
	  Index Cond: (id = 6739026)

for: simple_ranges
table 1 : explain SELECT c FROM sbtest1 WHERE id BETWEEN 7572490 AND 7573489
	Bitmap Heap Scan on sbtest1  (cost=34.36..3757.35 rows=968 width=121)
	  Recheck Cond: ((id >= 7572490) AND (id <= 7573489))
	  ->  Bitmap Index Scan on sbtest1_pkey  (cost=0.00..34.12 rows=968 width=0)
	        Index Cond: ((id >= 7572490) AND (id <= 7573489))

table 2 : explain SELECT c FROM sbtest2 WHERE id BETWEEN 3136064 AND 3137063
	Bitmap Heap Scan on sbtest2  (cost=33.97..3610.64 rows=930 width=121)
	  Recheck Cond: ((id >= 3136064) AND (id <= 3137063))
	  ->  Bitmap Index Scan on sbtest2_pkey  (cost=0.00..33.73 rows=930 width=0)
	        Index Cond: ((id >= 3136064) AND (id <= 3137063))

table 3 : explain SELECT c FROM sbtest3 WHERE id BETWEEN 4310337 AND 4311336
	Bitmap Heap Scan on sbtest3  (cost=34.98..3990.22 rows=1029 width=121)
	  Recheck Cond: ((id >= 4310337) AND (id <= 4311336))
	  ->  Bitmap Index Scan on sbtest3_pkey  (cost=0.00..34.73 rows=1029 width=0)
	        Index Cond: ((id >= 4310337) AND (id <= 4311336))

table 4 : explain SELECT c FROM sbtest4 WHERE id BETWEEN 2544519 AND 2545518
	Bitmap Heap Scan on sbtest4  (cost=34.15..3684.39 rows=948 width=121)
	  Recheck Cond: ((id >= 2544519) AND (id <= 2545518))
	  ->  Bitmap Index Scan on sbtest4_pkey  (cost=0.00..33.92 rows=948 width=0)
	        Index Cond: ((id >= 2544519) AND (id <= 2545518))

table 5 : explain SELECT c FROM sbtest5 WHERE id BETWEEN 488133 AND 489132
	Bitmap Heap Scan on sbtest5  (cost=34.70..3884.46 rows=1001 width=121)
	  Recheck Cond: ((id >= 488133) AND (id <= 489132))
	  ->  Bitmap Index Scan on sbtest5_pkey  (cost=0.00..34.45 rows=1001 width=0)
	        Index Cond: ((id >= 488133) AND (id <= 489132))

table 6 : explain SELECT c FROM sbtest6 WHERE id BETWEEN 6249530 AND 6250529
	Bitmap Heap Scan on sbtest6  (cost=34.03..3635.71 rows=936 width=121)
	  Recheck Cond: ((id >= 6249530) AND (id <= 6250529))
	  ->  Bitmap Index Scan on sbtest6_pkey  (cost=0.00..33.80 rows=936 width=0)
	        Index Cond: ((id >= 6249530) AND (id <= 6250529))

table 7 : explain SELECT c FROM sbtest7 WHERE id BETWEEN 337606 AND 338605
	Bitmap Heap Scan on sbtest7  (cost=34.18..3694.58 rows=951 width=121)
	  Recheck Cond: ((id >= 337606) AND (id <= 338605))
	  ->  Bitmap Index Scan on sbtest7_pkey  (cost=0.00..33.95 rows=951 width=0)
	        Index Cond: ((id >= 337606) AND (id <= 338605))

table 8 : explain SELECT c FROM sbtest8 WHERE id BETWEEN 9427659 AND 9428658
	Bitmap Heap Scan on sbtest8  (cost=33.98..3615.69 rows=931 width=121)
	  Recheck Cond: ((id >= 9427659) AND (id <= 9428658))
	  ->  Bitmap Index Scan on sbtest8_pkey  (cost=0.00..33.75 rows=931 width=0)
	        Index Cond: ((id >= 9427659) AND (id <= 9428658))

for: sum_ranges
table 1 : explain SELECT SUM(k) FROM sbtest1 WHERE id BETWEEN 6306907 AND 6307906
	Aggregate  (cost=3646.31..3646.32 rows=1 width=8)
	  ->  Bitmap Heap Scan on sbtest1  (cost=34.05..3643.96 rows=938 width=4)
	        Recheck Cond: ((id >= 6306907) AND (id <= 6307906))
	        ->  Bitmap Index Scan on sbtest1_pkey  (cost=0.00..33.82 rows=938 width=0)
	              Index Cond: ((id >= 6306907) AND (id <= 6307906))

table 2 : explain SELECT SUM(k) FROM sbtest2 WHERE id BETWEEN 8530238 AND 8531237
	Aggregate  (cost=4043.07..4043.08 rows=1 width=8)
	  ->  Bitmap Heap Scan on sbtest2  (cost=35.14..4040.46 rows=1044 width=4)
	        Recheck Cond: ((id >= 8530238) AND (id <= 8531237))
	        ->  Bitmap Index Scan on sbtest2_pkey  (cost=0.00..34.88 rows=1044 width=0)
	              Index Cond: ((id >= 8530238) AND (id <= 8531237))

table 3 : explain SELECT SUM(k) FROM sbtest3 WHERE id BETWEEN 873760 AND 874759
	Aggregate  (cost=3762.19..3762.20 rows=1 width=8)
	  ->  Bitmap Heap Scan on sbtest3  (cost=34.36..3759.77 rows=968 width=4)
	        Recheck Cond: ((id >= 873760) AND (id <= 874759))
	        ->  Bitmap Index Scan on sbtest3_pkey  (cost=0.00..34.12 rows=968 width=0)
	              Index Cond: ((id >= 873760) AND (id <= 874759))

table 4 : explain SELECT SUM(k) FROM sbtest4 WHERE id BETWEEN 3054531 AND 3055530
	Aggregate  (cost=3478.07..3478.08 rows=1 width=8)
	  ->  Bitmap Heap Scan on sbtest4  (cost=29.60..3475.84 rows=894 width=4)
	        Recheck Cond: ((id >= 3054531) AND (id <= 3055530))
	        ->  Bitmap Index Scan on sbtest4_pkey  (cost=0.00..29.37 rows=894 width=0)
	              Index Cond: ((id >= 3054531) AND (id <= 3055530))

table 5 : explain SELECT SUM(k) FROM sbtest5 WHERE id BETWEEN 4429019 AND 4430018
	Aggregate  (cost=4464.13..4464.14 rows=1 width=8)
	  ->  Bitmap Heap Scan on sbtest5  (cost=40.26..4461.25 rows=1154 width=4)
	        Recheck Cond: ((id >= 4429019) AND (id <= 4430018))
	        ->  Bitmap Index Scan on sbtest5_pkey  (cost=0.00..39.98 rows=1154 width=0)
	              Index Cond: ((id >= 4429019) AND (id <= 4430018))

table 6 : explain SELECT SUM(k) FROM sbtest6 WHERE id BETWEEN 4006881 AND 4007880
	Aggregate  (cost=3630.48..3630.49 rows=1 width=8)
	  ->  Bitmap Heap Scan on sbtest6  (cost=34.01..3628.15 rows=934 width=4)
	        Recheck Cond: ((id >= 4006881) AND (id <= 4007880))
	        ->  Bitmap Index Scan on sbtest6_pkey  (cost=0.00..33.78 rows=934 width=0)
	              Index Cond: ((id >= 4006881) AND (id <= 4007880))

table 7 : explain SELECT SUM(k) FROM sbtest7 WHERE id BETWEEN 292260 AND 293259
	Aggregate  (cost=3696.96..3696.97 rows=1 width=8)
	  ->  Bitmap Heap Scan on sbtest7  (cost=34.18..3694.58 rows=951 width=4)
	        Recheck Cond: ((id >= 292260) AND (id <= 293259))
	        ->  Bitmap Index Scan on sbtest7_pkey  (cost=0.00..33.95 rows=951 width=0)
	              Index Cond: ((id >= 292260) AND (id <= 293259))

table 8 : explain SELECT SUM(k) FROM sbtest8 WHERE id BETWEEN 2980640 AND 2981639
	Aggregate  (cost=3791.86..3791.87 rows=1 width=8)
	  ->  Bitmap Heap Scan on sbtest8  (cost=34.45..3789.42 rows=977 width=4)
	        Recheck Cond: ((id >= 2980640) AND (id <= 2981639))
	        ->  Bitmap Index Scan on sbtest8_pkey  (cost=0.00..34.20 rows=977 width=0)
	              Index Cond: ((id >= 2980640) AND (id <= 2981639))

for: simple_ranges
table 1 : explain SELECT c FROM sbtest1 WHERE id BETWEEN 2677933 AND 2678932
	Bitmap Heap Scan on sbtest1  (cost=35.45..4160.86 rows=1075 width=121)
	  Recheck Cond: ((id >= 2677933) AND (id <= 2678932))
	  ->  Bitmap Index Scan on sbtest1_pkey  (cost=0.00..35.19 rows=1075 width=0)
	        Index Cond: ((id >= 2677933) AND (id <= 2678932))

table 2 : explain SELECT c FROM sbtest2 WHERE id BETWEEN 8907515 AND 8908514
	Bitmap Heap Scan on sbtest2  (cost=34.89..3950.11 rows=1020 width=121)
	  Recheck Cond: ((id >= 8907515) AND (id <= 8908514))
	  ->  Bitmap Index Scan on sbtest2_pkey  (cost=0.00..34.64 rows=1020 width=0)
	        Index Cond: ((id >= 8907515) AND (id <= 8908514))

table 3 : explain SELECT c FROM sbtest3 WHERE id BETWEEN 4087871 AND 4088870
	Bitmap Heap Scan on sbtest3  (cost=34.52..3820.26 rows=984 width=121)
	  Recheck Cond: ((id >= 4087871) AND (id <= 4088870))
	  ->  Bitmap Index Scan on sbtest3_pkey  (cost=0.00..34.28 rows=984 width=0)
	        Index Cond: ((id >= 4087871) AND (id <= 4088870))

table 4 : explain SELECT c FROM sbtest4 WHERE id BETWEEN 6882031 AND 6883030
	Bitmap Heap Scan on sbtest4  (cost=34.48..3805.43 rows=980 width=121)
	  Recheck Cond: ((id >= 6882031) AND (id <= 6883030))
	  ->  Bitmap Index Scan on sbtest4_pkey  (cost=0.00..34.23 rows=980 width=0)
	        Index Cond: ((id >= 6882031) AND (id <= 6883030))

table 5 : explain SELECT c FROM sbtest5 WHERE id BETWEEN 4709723 AND 4710722
	Bitmap Heap Scan on sbtest5  (cost=34.45..3793.77 rows=977 width=121)
	  Recheck Cond: ((id >= 4709723) AND (id <= 4710722))
	  ->  Bitmap Index Scan on sbtest5_pkey  (cost=0.00..34.20 rows=977 width=0)
	        Index Cond: ((id >= 4709723) AND (id <= 4710722))

table 6 : explain SELECT c FROM sbtest6 WHERE id BETWEEN 1128596 AND 1129595
	Bitmap Heap Scan on sbtest6  (cost=34.03..3635.71 rows=936 width=121)
	  Recheck Cond: ((id >= 1128596) AND (id <= 1129595))
	  ->  Bitmap Index Scan on sbtest6_pkey  (cost=0.00..33.80 rows=936 width=0)
	        Index Cond: ((id >= 1128596) AND (id <= 1129595))

table 7 : explain SELECT c FROM sbtest7 WHERE id BETWEEN 9756574 AND 9757573
	Bitmap Heap Scan on sbtest7  (cost=34.00..3626.48 rows=933 width=121)
	  Recheck Cond: ((id >= 9756574) AND (id <= 9757573))
	  ->  Bitmap Index Scan on sbtest7_pkey  (cost=0.00..33.77 rows=933 width=0)
	        Index Cond: ((id >= 9756574) AND (id <= 9757573))

table 8 : explain SELECT c FROM sbtest8 WHERE id BETWEEN 2437320 AND 2438319
	Bitmap Heap Scan on sbtest8  (cost=34.53..3819.60 rows=985 width=121)
	  Recheck Cond: ((id >= 2437320) AND (id <= 2438319))
	  ->  Bitmap Index Scan on sbtest8_pkey  (cost=0.00..34.29 rows=985 width=0)
	        Index Cond: ((id >= 2437320) AND (id <= 2438319))

for: order_ranges
table 1 : explain SELECT c FROM sbtest1 WHERE id BETWEEN 5067229 AND 5068228 ORDER BY c
	Sort  (cost=4039.05..4041.62 rows=1029 width=121)
	  Sort Key: c
	  ->  Bitmap Heap Scan on sbtest1  (cost=34.98..3987.56 rows=1029 width=121)
	        Recheck Cond: ((id >= 5067229) AND (id <= 5068228))
	        ->  Bitmap Index Scan on sbtest1_pkey  (cost=0.00..34.73 rows=1029 width=0)
	              Index Cond: ((id >= 5067229) AND (id <= 5068228))

table 2 : explain SELECT c FROM sbtest2 WHERE id BETWEEN 2818545 AND 2819544 ORDER BY c
	Sort  (cost=3621.98..3624.29 rows=921 width=121)
	  Sort Key: c
	  ->  Bitmap Heap Scan on sbtest2  (cost=33.88..3576.64 rows=921 width=121)
	        Recheck Cond: ((id >= 2818545) AND (id <= 2819544))
	        ->  Bitmap Index Scan on sbtest2_pkey  (cost=0.00..33.65 rows=921 width=0)
	              Index Cond: ((id >= 2818545) AND (id <= 2819544))

table 3 : explain SELECT c FROM sbtest3 WHERE id BETWEEN 1724166 AND 1725165 ORDER BY c
	Sort  (cost=3634.93..3637.24 rows=923 width=121)
	  Sort Key: c
	  ->  Bitmap Heap Scan on sbtest3  (cost=33.90..3589.47 rows=923 width=121)
	        Recheck Cond: ((id >= 1724166) AND (id <= 1725165))
	        ->  Bitmap Index Scan on sbtest3_pkey  (cost=0.00..33.67 rows=923 width=0)
	              Index Cond: ((id >= 1724166) AND (id <= 1725165))

table 4 : explain SELECT c FROM sbtest4 WHERE id BETWEEN 932386 AND 933385 ORDER BY c
	Sort  (cost=3738.94..3741.32 rows=950 width=121)
	  Sort Key: c
	  ->  Bitmap Heap Scan on sbtest4  (cost=34.17..3691.95 rows=950 width=121)
	        Recheck Cond: ((id >= 932386) AND (id <= 933385))
	        ->  Bitmap Index Scan on sbtest4_pkey  (cost=0.00..33.94 rows=950 width=0)
	              Index Cond: ((id >= 932386) AND (id <= 933385))

table 5 : explain SELECT c FROM sbtest5 WHERE id BETWEEN 3770934 AND 3771933 ORDER BY c
	Sort  (cost=4653.48..4656.45 rows=1189 width=121)
	  Sort Key: c
	  ->  Bitmap Heap Scan on sbtest5  (cost=40.62..4592.75 rows=1189 width=121)
	        Recheck Cond: ((id >= 3770934) AND (id <= 3771933))
	        ->  Bitmap Index Scan on sbtest5_pkey  (cost=0.00..40.33 rows=1189 width=0)
	              Index Cond: ((id >= 3770934) AND (id <= 3771933))

table 6 : explain SELECT c FROM sbtest6 WHERE id BETWEEN 8800978 AND 8801977 ORDER BY c
	Sort  (cost=4282.89..4285.62 rows=1093 width=121)
	  Sort Key: c
	  ->  Bitmap Heap Scan on sbtest6  (cost=35.64..4227.73 rows=1093 width=121)
	        Recheck Cond: ((id >= 8800978) AND (id <= 8801977))
	        ->  Bitmap Index Scan on sbtest6_pkey  (cost=0.00..35.37 rows=1093 width=0)
	              Index Cond: ((id >= 8800978) AND (id <= 8801977))

table 7 : explain SELECT c FROM sbtest7 WHERE id BETWEEN 6971177 AND 6972176 ORDER BY c
	Sort  (cost=3733.95..3736.32 rows=949 width=121)
	  Sort Key: c
	  ->  Bitmap Heap Scan on sbtest7  (cost=34.16..3687.02 rows=949 width=121)
	        Recheck Cond: ((id >= 6971177) AND (id <= 6972176))
	        ->  Bitmap Index Scan on sbtest7_pkey  (cost=0.00..33.93 rows=949 width=0)
	              Index Cond: ((id >= 6971177) AND (id <= 6972176))

table 8 : explain SELECT c FROM sbtest8 WHERE id BETWEEN 4538593 AND 4539592 ORDER BY c
	Sort  (cost=4052.26..4054.84 rows=1033 width=121)
	  Sort Key: c
	  ->  Bitmap Heap Scan on sbtest8  (cost=35.02..4000.54 rows=1033 width=121)
	        Recheck Cond: ((id >= 4538593) AND (id <= 4539592))
	        ->  Bitmap Index Scan on sbtest8_pkey  (cost=0.00..34.77 rows=1033 width=0)
	              Index Cond: ((id >= 4538593) AND (id <= 4539592))

for: sum_ranges
table 1 : explain SELECT SUM(k) FROM sbtest1 WHERE id BETWEEN 9638217 AND 9639216
	Aggregate  (cost=4107.03..4107.04 rows=1 width=8)
	  ->  Bitmap Heap Scan on sbtest1  (cost=35.30..4104.38 rows=1060 width=4)
	        Recheck Cond: ((id >= 9638217) AND (id <= 9639216))
	        ->  Bitmap Index Scan on sbtest1_pkey  (cost=0.00..35.04 rows=1060 width=0)
	              Index Cond: ((id >= 9638217) AND (id <= 9639216))

table 2 : explain SELECT SUM(k) FROM sbtest2 WHERE id BETWEEN 601966 AND 602965
	Aggregate  (cost=4039.30..4039.31 rows=1 width=8)
	  ->  Bitmap Heap Scan on sbtest2  (cost=35.13..4036.70 rows=1043 width=4)
	        Recheck Cond: ((id >= 601966) AND (id <= 602965))
	        ->  Bitmap Index Scan on sbtest2_pkey  (cost=0.00..34.87 rows=1043 width=0)
	              Index Cond: ((id >= 601966) AND (id <= 602965))

table 3 : explain SELECT SUM(k) FROM sbtest3 WHERE id BETWEEN 6203670 AND 6204669
	Aggregate  (cost=4249.54..4249.55 rows=1 width=8)
	  ->  Bitmap Heap Scan on sbtest3  (cost=39.67..4246.80 rows=1096 width=4)
	        Recheck Cond: ((id >= 6203670) AND (id <= 6204669))
	        ->  Bitmap Index Scan on sbtest3_pkey  (cost=0.00..39.40 rows=1096 width=0)
	              Index Cond: ((id >= 6203670) AND (id <= 6204669))

table 4 : explain SELECT SUM(k) FROM sbtest4 WHERE id BETWEEN 3127150 AND 3128149
	Aggregate  (cost=3478.07..3478.08 rows=1 width=8)
	  ->  Bitmap Heap Scan on sbtest4  (cost=29.60..3475.84 rows=894 width=4)
	        Recheck Cond: ((id >= 3127150) AND (id <= 3128149))
	        ->  Bitmap Index Scan on sbtest4_pkey  (cost=0.00..29.37 rows=894 width=0)
	              Index Cond: ((id >= 3127150) AND (id <= 3128149))

table 5 : explain SELECT SUM(k) FROM sbtest5 WHERE id BETWEEN 4142852 AND 4143851
	Aggregate  (cost=3886.96..3886.97 rows=1 width=8)
	  ->  Bitmap Heap Scan on sbtest5  (cost=34.70..3884.46 rows=1001 width=4)
	        Recheck Cond: ((id >= 4142852) AND (id <= 4143851))
	        ->  Bitmap Index Scan on sbtest5_pkey  (cost=0.00..34.45 rows=1001 width=0)
	              Index Cond: ((id >= 4142852) AND (id <= 4143851))

table 6 : explain SELECT SUM(k) FROM sbtest6 WHERE id BETWEEN 7086920 AND 7087919
	Aggregate  (cost=4098.66..4098.67 rows=1 width=8)
	  ->  Bitmap Heap Scan on sbtest6  (cost=35.28..4096.02 rows=1058 width=4)
	        Recheck Cond: ((id >= 7086920) AND (id <= 7087919))
	        ->  Bitmap Index Scan on sbtest6_pkey  (cost=0.00..35.02 rows=1058 width=0)
	              Index Cond: ((id >= 7086920) AND (id <= 7087919))

table 7 : explain SELECT SUM(k) FROM sbtest7 WHERE id BETWEEN 5023691 AND 5024690
	Aggregate  (cost=3844.47..3844.48 rows=1 width=8)
	  ->  Bitmap Heap Scan on sbtest7  (cost=34.58..3842.00 rows=990 width=4)
	        Recheck Cond: ((id >= 5023691) AND (id <= 5024690))
	        ->  Bitmap Index Scan on sbtest7_pkey  (cost=0.00..34.34 rows=990 width=0)
	              Index Cond: ((id >= 5023691) AND (id <= 5024690))

table 8 : explain SELECT SUM(k) FROM sbtest8 WHERE id BETWEEN 4663271 AND 4664270
	Aggregate  (cost=3659.61..3659.62 rows=1 width=8)
	  ->  Bitmap Heap Scan on sbtest8  (cost=34.09..3657.26 rows=942 width=4)
	        Recheck Cond: ((id >= 4663271) AND (id <= 4664270))
	        ->  Bitmap Index Scan on sbtest8_pkey  (cost=0.00..33.86 rows=942 width=0)
	              Index Cond: ((id >= 4663271) AND (id <= 4664270))

for: distinct_ranges
table 1 : explain SELECT DISTINCT c FROM sbtest1 WHERE id BETWEEN 6218871 AND 6219870 ORDER BY c
	Unique  (cost=3866.70..3871.62 rows=984 width=121)
	  ->  Sort  (cost=3866.70..3869.16 rows=984 width=121)
	        Sort Key: c
	        ->  Bitmap Heap Scan on sbtest1  (cost=34.52..3817.78 rows=984 width=121)
	              Recheck Cond: ((id >= 6218871) AND (id <= 6219870))
	              ->  Bitmap Index Scan on sbtest1_pkey  (cost=0.00..34.28 rows=984 width=0)
	                    Index Cond: ((id >= 6218871) AND (id <= 6219870))

table 2 : explain SELECT DISTINCT c FROM sbtest2 WHERE id BETWEEN 8344173 AND 8345172 ORDER BY c
	Unique  (cost=3691.00..3695.70 rows=939 width=121)
	  ->  Sort  (cost=3691.00..3693.35 rows=939 width=121)
	        Sort Key: c
	        ->  Bitmap Heap Scan on sbtest2  (cost=34.06..3644.64 rows=939 width=121)
	              Recheck Cond: ((id >= 8344173) AND (id <= 8345172))
	              ->  Bitmap Index Scan on sbtest2_pkey  (cost=0.00..33.83 rows=939 width=0)
	                    Index Cond: ((id >= 8344173) AND (id <= 8345172))

table 3 : explain SELECT DISTINCT c FROM sbtest3 WHERE id BETWEEN 694881 AND 695880 ORDER BY c
	Unique  (cost=3915.21..3920.19 rows=996 width=121)
	  ->  Sort  (cost=3915.21..3917.70 rows=996 width=121)
	        Sort Key: c
	        ->  Bitmap Heap Scan on sbtest3  (cost=34.64..3865.61 rows=996 width=121)
	              Recheck Cond: ((id >= 694881) AND (id <= 695880))
	              ->  Bitmap Index Scan on sbtest3_pkey  (cost=0.00..34.40 rows=996 width=0)
	                    Index Cond: ((id >= 694881) AND (id <= 695880))

table 4 : explain SELECT DISTINCT c FROM sbtest4 WHERE id BETWEEN 1810852 AND 1811851 ORDER BY c
	Unique  (cost=3969.18..3974.23 rows=1010 width=121)
	  ->  Sort  (cost=3969.18..3971.71 rows=1010 width=121)
	        Sort Key: c
	        ->  Bitmap Heap Scan on sbtest4  (cost=34.79..3918.78 rows=1010 width=121)
	              Recheck Cond: ((id >= 1810852) AND (id <= 1811851))
	              ->  Bitmap Index Scan on sbtest4_pkey  (cost=0.00..34.54 rows=1010 width=0)
	                    Index Cond: ((id >= 1810852) AND (id <= 1811851))

table 5 : explain SELECT DISTINCT c FROM sbtest5 WHERE id BETWEEN 3663021 AND 3664020 ORDER BY c
	Unique  (cost=3842.28..3847.17 rows=977 width=121)
	  ->  Sort  (cost=3842.28..3844.73 rows=977 width=121)
	        Sort Key: c
	        ->  Bitmap Heap Scan on sbtest5  (cost=34.45..3793.77 rows=977 width=121)
	              Recheck Cond: ((id >= 3663021) AND (id <= 3664020))
	              ->  Bitmap Index Scan on sbtest5_pkey  (cost=0.00..34.20 rows=977 width=0)
	                    Index Cond: ((id >= 3663021) AND (id <= 3664020))

table 6 : explain SELECT DISTINCT c FROM sbtest6 WHERE id BETWEEN 1979658 AND 1980657 ORDER BY c
	Unique  (cost=3931.07..3936.08 rows=1001 width=121)
	  ->  Sort  (cost=3931.07..3933.58 rows=1001 width=121)
	        Sort Key: c
	        ->  Bitmap Heap Scan on sbtest6  (cost=34.70..3881.19 rows=1001 width=121)
	              Recheck Cond: ((id >= 1979658) AND (id <= 1980657))
	              ->  Bitmap Index Scan on sbtest6_pkey  (cost=0.00..34.45 rows=1001 width=0)
	                    Index Cond: ((id >= 1979658) AND (id <= 1980657))

table 7 : explain SELECT DISTINCT c FROM sbtest7 WHERE id BETWEEN 3770562 AND 3771561 ORDER BY c
	Unique  (cost=3967.92..3972.97 rows=1010 width=121)
	  ->  Sort  (cost=3967.92..3970.44 rows=1010 width=121)
	        Sort Key: c
	        ->  Bitmap Heap Scan on sbtest7  (cost=34.79..3917.52 rows=1010 width=121)
	              Recheck Cond: ((id >= 3770562) AND (id <= 3771561))
	              ->  Bitmap Index Scan on sbtest7_pkey  (cost=0.00..34.54 rows=1010 width=0)
	                    Index Cond: ((id >= 3770562) AND (id <= 3771561))

table 8 : explain SELECT DISTINCT c FROM sbtest8 WHERE id BETWEEN 2240215 AND 2241214 ORDER BY c
	Unique  (cost=3906.86..3911.84 rows=995 width=121)
	  ->  Sort  (cost=3906.86..3909.35 rows=995 width=121)
	        Sort Key: c
	        ->  Bitmap Heap Scan on sbtest8  (cost=34.63..3857.32 rows=995 width=121)
	              Recheck Cond: ((id >= 2240215) AND (id <= 2241214))
	              ->  Bitmap Index Scan on sbtest8_pkey  (cost=0.00..34.39 rows=995 width=0)
	                    Index Cond: ((id >= 2240215) AND (id <= 2241214))

for: distinct_ranges
table 1 : explain SELECT DISTINCT c FROM sbtest1 WHERE id BETWEEN 2672508 AND 2673507 ORDER BY c
	Unique  (cost=4214.98..4220.36 rows=1075 width=121)
	  ->  Sort  (cost=4214.98..4217.67 rows=1075 width=121)
	        Sort Key: c
	        ->  Bitmap Heap Scan on sbtest1  (cost=35.45..4160.86 rows=1075 width=121)
	              Recheck Cond: ((id >= 2672508) AND (id <= 2673507))
	              ->  Bitmap Index Scan on sbtest1_pkey  (cost=0.00..35.19 rows=1075 width=0)
	                    Index Cond: ((id >= 2672508) AND (id <= 2673507))

table 2 : explain SELECT DISTINCT c FROM sbtest2 WHERE id BETWEEN 4353575 AND 4354574 ORDER BY c
	Unique  (cost=4001.08..4006.18 rows=1020 width=121)
	  ->  Sort  (cost=4001.08..4003.63 rows=1020 width=121)
	        Sort Key: c
	        ->  Bitmap Heap Scan on sbtest2  (cost=34.89..3950.11 rows=1020 width=121)
	              Recheck Cond: ((id >= 4353575) AND (id <= 4354574))
	              ->  Bitmap Index Scan on sbtest2_pkey  (cost=0.00..34.64 rows=1020 width=0)
	                    Index Cond: ((id >= 4353575) AND (id <= 4354574))

table 3 : explain SELECT DISTINCT c FROM sbtest3 WHERE id BETWEEN 1299693 AND 1300692 ORDER BY c
	Unique  (cost=3930.55..3935.55 rows=1000 width=121)
	  ->  Sort  (cost=3930.55..3933.05 rows=1000 width=121)
	        Sort Key: c
	        ->  Bitmap Heap Scan on sbtest3  (cost=34.69..3880.72 rows=1000 width=121)
	              Recheck Cond: ((id >= 1299693) AND (id <= 1300692))
	              ->  Bitmap Index Scan on sbtest3_pkey  (cost=0.00..34.44 rows=1000 width=0)
	                    Index Cond: ((id >= 1299693) AND (id <= 1300692))

table 4 : explain SELECT DISTINCT c FROM sbtest4 WHERE id BETWEEN 9175411 AND 9176410 ORDER BY c
	Unique  (cost=4153.08..4158.37 rows=1058 width=121)
	  ->  Sort  (cost=4153.08..4155.72 rows=1058 width=121)
	        Sort Key: c
	        ->  Bitmap Heap Scan on sbtest4  (cost=35.28..4099.93 rows=1058 width=121)
	              Recheck Cond: ((id >= 9175411) AND (id <= 9176410))
	              ->  Bitmap Index Scan on sbtest4_pkey  (cost=0.00..35.02 rows=1058 width=0)
	                    Index Cond: ((id >= 9175411) AND (id <= 9176410))

table 5 : explain SELECT DISTINCT c FROM sbtest5 WHERE id BETWEEN 8240023 AND 8241022 ORDER BY c
	Unique  (cost=3784.71..3789.52 rows=962 width=121)
	  ->  Sort  (cost=3784.71..3787.12 rows=962 width=121)
	        Sort Key: c
	        ->  Bitmap Heap Scan on sbtest5  (cost=34.30..3737.05 rows=962 width=121)
	              Recheck Cond: ((id >= 8240023) AND (id <= 8241022))
	              ->  Bitmap Index Scan on sbtest5_pkey  (cost=0.00..34.06 rows=962 width=0)
	                    Index Cond: ((id >= 8240023) AND (id <= 8241022))

table 6 : explain SELECT DISTINCT c FROM sbtest6 WHERE id BETWEEN 6598604 AND 6599603 ORDER BY c
	Unique  (cost=3635.84..3640.46 rows=924 width=121)
	  ->  Sort  (cost=3635.84..3638.15 rows=924 width=121)
	        Sort Key: c
	        ->  Bitmap Heap Scan on sbtest6  (cost=33.91..3590.33 rows=924 width=121)
	              Recheck Cond: ((id >= 6598604) AND (id <= 6599603))
	              ->  Bitmap Index Scan on sbtest6_pkey  (cost=0.00..33.68 rows=924 width=0)
	                    Index Cond: ((id >= 6598604) AND (id <= 6599603))

table 7 : explain SELECT DISTINCT c FROM sbtest7 WHERE id BETWEEN 5306903 AND 5307902 ORDER BY c
	Unique  (cost=3998.57..4003.66 rows=1018 width=121)
	  ->  Sort  (cost=3998.57..4001.12 rows=1018 width=121)
	        Sort Key: c
	        ->  Bitmap Heap Scan on sbtest7  (cost=34.87..3947.71 rows=1018 width=121)
	              Recheck Cond: ((id >= 5306903) AND (id <= 5307902))
	              ->  Bitmap Index Scan on sbtest7_pkey  (cost=0.00..34.62 rows=1018 width=0)
	                    Index Cond: ((id >= 5306903) AND (id <= 5307902))

table 8 : explain SELECT DISTINCT c FROM sbtest8 WHERE id BETWEEN 9188994 AND 9189993 ORDER BY c
	Unique  (cost=3933.66..3938.67 rows=1002 width=121)
	  ->  Sort  (cost=3933.66..3936.17 rows=1002 width=121)
	        Sort Key: c
	        ->  Bitmap Heap Scan on sbtest8  (cost=34.71..3883.72 rows=1002 width=121)
	              Recheck Cond: ((id >= 9188994) AND (id <= 9189993))
	              ->  Bitmap Index Scan on sbtest8_pkey  (cost=0.00..34.45 rows=1002 width=0)
	                    Index Cond: ((id >= 9188994) AND (id <= 9189993))

for: sum_ranges
table 1 : explain SELECT SUM(k) FROM sbtest1 WHERE id BETWEEN 8379474 AND 8380473
	Aggregate  (cost=4701.28..4701.29 rows=1 width=8)
	  ->  Bitmap Heap Scan on sbtest1  (cost=40.92..4698.24 rows=1218 width=4)
	        Recheck Cond: ((id >= 8379474) AND (id <= 8380473))
	        ->  Bitmap Index Scan on sbtest1_pkey  (cost=0.00..40.62 rows=1218 width=0)
	              Index Cond: ((id >= 8379474) AND (id <= 8380473))

table 2 : explain SELECT SUM(k) FROM sbtest2 WHERE id BETWEEN 994804 AND 995803
	Aggregate  (cost=4088.25..4088.26 rows=1 width=8)
	  ->  Bitmap Heap Scan on sbtest2  (cost=35.26..4085.61 rows=1056 width=4)
	        Recheck Cond: ((id >= 994804) AND (id <= 995803))
	        ->  Bitmap Index Scan on sbtest2_pkey  (cost=0.00..35.00 rows=1056 width=0)
	              Index Cond: ((id >= 994804) AND (id <= 995803))

table 3 : explain SELECT SUM(k) FROM sbtest3 WHERE id BETWEEN 8132294 AND 8133293
	Aggregate  (cost=4094.71..4094.72 rows=1 width=8)
	  ->  Bitmap Heap Scan on sbtest3  (cost=35.26..4092.07 rows=1056 width=4)
	        Recheck Cond: ((id >= 8132294) AND (id <= 8133293))
	        ->  Bitmap Index Scan on sbtest3_pkey  (cost=0.00..35.00 rows=1056 width=0)
	              Index Cond: ((id >= 8132294) AND (id <= 8133293))

table 4 : explain SELECT SUM(k) FROM sbtest4 WHERE id BETWEEN 5546532 AND 5547531
	Aggregate  (cost=3981.76..3981.77 rows=1 width=8)
	  ->  Bitmap Heap Scan on sbtest4  (cost=34.95..3979.20 rows=1026 width=4)
	        Recheck Cond: ((id >= 5546532) AND (id <= 5547531))
	        ->  Bitmap Index Scan on sbtest4_pkey  (cost=0.00..34.70 rows=1026 width=0)
	              Index Cond: ((id >= 5546532) AND (id <= 5547531))

table 5 : explain SELECT SUM(k) FROM sbtest5 WHERE id BETWEEN 2620996 AND 2621995
	Aggregate  (cost=4056.93..4056.94 rows=1 width=8)
	  ->  Bitmap Heap Scan on sbtest5  (cost=35.16..4054.32 rows=1046 width=4)
	        Recheck Cond: ((id >= 2620996) AND (id <= 2621995))
	        ->  Bitmap Index Scan on sbtest5_pkey  (cost=0.00..34.90 rows=1046 width=0)
	              Index Cond: ((id >= 2620996) AND (id <= 2621995))

table 6 : explain SELECT SUM(k) FROM sbtest6 WHERE id BETWEEN 3880015 AND 3881014
	Aggregate  (cost=4034.59..4034.60 rows=1 width=8)
	  ->  Bitmap Heap Scan on sbtest6  (cost=35.11..4031.99 rows=1041 width=4)
	        Recheck Cond: ((id >= 3880015) AND (id <= 3881014))
	        ->  Bitmap Index Scan on sbtest6_pkey  (cost=0.00..34.84 rows=1041 width=0)
	              Index Cond: ((id >= 3880015) AND (id <= 3881014))

table 7 : explain SELECT SUM(k) FROM sbtest7 WHERE id BETWEEN 1408753 AND 1409752
	Aggregate  (cost=4157.78..4157.79 rows=1 width=8)
	  ->  Bitmap Heap Scan on sbtest7  (cost=35.43..4155.09 rows=1073 width=4)
	        Recheck Cond: ((id >= 1408753) AND (id <= 1409752))
	        ->  Bitmap Index Scan on sbtest7_pkey  (cost=0.00..35.17 rows=1073 width=0)
	              Index Cond: ((id >= 1408753) AND (id <= 1409752))

table 8 : explain SELECT SUM(k) FROM sbtest8 WHERE id BETWEEN 9654446 AND 9655445
	Aggregate  (cost=3769.20..3769.21 rows=1 width=8)
	  ->  Bitmap Heap Scan on sbtest8  (cost=34.39..3766.77 rows=971 width=4)
	        Recheck Cond: ((id >= 9654446) AND (id <= 9655445))
	        ->  Bitmap Index Scan on sbtest8_pkey  (cost=0.00..34.15 rows=971 width=0)
	              Index Cond: ((id >= 9654446) AND (id <= 9655445))

for: distinct_ranges
table 1 : explain SELECT DISTINCT c FROM sbtest1 WHERE id BETWEEN 8129328 AND 8130327 ORDER BY c
	Unique  (cost=4065.84..4071.02 rows=1036 width=121)
	  ->  Sort  (cost=4065.84..4068.43 rows=1036 width=121)
	        Sort Key: c
	        ->  Bitmap Heap Scan on sbtest1  (cost=35.05..4013.95 rows=1036 width=121)
	              Recheck Cond: ((id >= 8129328) AND (id <= 8130327))
	              ->  Bitmap Index Scan on sbtest1_pkey  (cost=0.00..34.80 rows=1036 width=0)
	                    Index Cond: ((id >= 8129328) AND (id <= 8130327))

table 2 : explain SELECT DISTINCT c FROM sbtest2 WHERE id BETWEEN 1657472 AND 1658471 ORDER BY c
	Unique  (cost=4046.95..4052.11 rows=1032 width=121)
	  ->  Sort  (cost=4046.95..4049.53 rows=1032 width=121)
	        Sort Key: c
	        ->  Bitmap Heap Scan on sbtest2  (cost=35.01..3995.29 rows=1032 width=121)
	              Recheck Cond: ((id >= 1657472) AND (id <= 1658471))
	              ->  Bitmap Index Scan on sbtest2_pkey  (cost=0.00..34.76 rows=1032 width=0)
	                    Index Cond: ((id >= 1657472) AND (id <= 1658471))

table 3 : explain SELECT DISTINCT c FROM sbtest3 WHERE id BETWEEN 406153 AND 407152 ORDER BY c
	Unique  (cost=3800.10..3804.93 rows=966 width=121)
	  ->  Sort  (cost=3800.10..3802.52 rows=966 width=121)
	        Sort Key: c
	        ->  Bitmap Heap Scan on sbtest3  (cost=34.34..3752.21 rows=966 width=121)
	              Recheck Cond: ((id >= 406153) AND (id <= 407152))
	              ->  Bitmap Index Scan on sbtest3_pkey  (cost=0.00..34.09 rows=966 width=0)
	                    Index Cond: ((id >= 406153) AND (id <= 407152))

table 4 : explain SELECT DISTINCT c FROM sbtest4 WHERE id BETWEEN 4831470 AND 4832469 ORDER BY c
	Unique  (cost=4459.17..4464.85 rows=1137 width=121)
	  ->  Sort  (cost=4459.17..4462.01 rows=1137 width=121)
	        Sort Key: c
	        ->  Bitmap Heap Scan on sbtest4  (cost=40.09..4401.46 rows=1137 width=121)
	              Recheck Cond: ((id >= 4831470) AND (id <= 4832469))
	              ->  Bitmap Index Scan on sbtest4_pkey  (cost=0.00..39.81 rows=1137 width=0)
	                    Index Cond: ((id >= 4831470) AND (id <= 4832469))

table 5 : explain SELECT DISTINCT c FROM sbtest5 WHERE id BETWEEN 7471541 AND 7472540 ORDER BY c
	Unique  (cost=3727.11..3731.85 rows=947 width=121)
	  ->  Sort  (cost=3727.11..3729.48 rows=947 width=121)
	        Sort Key: c
	        ->  Bitmap Heap Scan on sbtest5  (cost=34.14..3680.30 rows=947 width=121)
	              Recheck Cond: ((id >= 7471541) AND (id <= 7472540))
	              ->  Bitmap Index Scan on sbtest5_pkey  (cost=0.00..33.91 rows=947 width=0)
	                    Index Cond: ((id >= 7471541) AND (id <= 7472540))

table 6 : explain SELECT DISTINCT c FROM sbtest6 WHERE id BETWEEN 3521149 AND 3522148 ORDER BY c
	Unique  (cost=3670.39..3675.05 rows=933 width=121)
	  ->  Sort  (cost=3670.39..3672.72 rows=933 width=121)
	        Sort Key: c
	        ->  Bitmap Heap Scan on sbtest6  (cost=34.00..3624.36 rows=933 width=121)
	              Recheck Cond: ((id >= 3521149) AND (id <= 3522148))
	              ->  Bitmap Index Scan on sbtest6_pkey  (cost=0.00..33.77 rows=933 width=0)
	                    Index Cond: ((id >= 3521149) AND (id <= 3522148))

table 7 : explain SELECT DISTINCT c FROM sbtest7 WHERE id BETWEEN 3018256 AND 3019255 ORDER BY c
	Unique  (cost=4075.17..4080.36 rows=1038 width=121)
	  ->  Sort  (cost=4075.17..4077.76 rows=1038 width=121)
	        Sort Key: c
	        ->  Bitmap Heap Scan on sbtest7  (cost=35.07..4023.17 rows=1038 width=121)
	              Recheck Cond: ((id >= 3018256) AND (id <= 3019255))
	              ->  Bitmap Index Scan on sbtest7_pkey  (cost=0.00..34.82 rows=1038 width=0)
	                    Index Cond: ((id >= 3018256) AND (id <= 3019255))

table 8 : explain SELECT DISTINCT c FROM sbtest8 WHERE id BETWEEN 4898500 AND 4899499 ORDER BY c
	Unique  (cost=4205.12..4210.48 rows=1073 width=121)
	  ->  Sort  (cost=4205.12..4207.80 rows=1073 width=121)
	        Sort Key: c
	        ->  Bitmap Heap Scan on sbtest8  (cost=35.43..4151.10 rows=1073 width=121)
	              Recheck Cond: ((id >= 4898500) AND (id <= 4899499))
	              ->  Bitmap Index Scan on sbtest8_pkey  (cost=0.00..35.17 rows=1073 width=0)
	                    Index Cond: ((id >= 4898500) AND (id <= 4899499))

for: simple_ranges
table 1 : explain SELECT c FROM sbtest1 WHERE id BETWEEN 9187717 AND 9188716
	Bitmap Heap Scan on sbtest1  (cost=34.28..3727.13 rows=960 width=121)
	  Recheck Cond: ((id >= 9187717) AND (id <= 9188716))
	  ->  Bitmap Index Scan on sbtest1_pkey  (cost=0.00..34.04 rows=960 width=0)
	        Index Cond: ((id >= 9187717) AND (id <= 9188716))

table 2 : explain SELECT c FROM sbtest2 WHERE id BETWEEN 6385099 AND 6386098
	Bitmap Heap Scan on sbtest2  (cost=35.18..4055.51 rows=1048 width=121)
	  Recheck Cond: ((id >= 6385099) AND (id <= 6386098))
	  ->  Bitmap Index Scan on sbtest2_pkey  (cost=0.00..34.92 rows=1048 width=0)
	        Index Cond: ((id >= 6385099) AND (id <= 6386098))

table 3 : explain SELECT c FROM sbtest3 WHERE id BETWEEN 2844032 AND 2845031
	Bitmap Heap Scan on sbtest3  (cost=34.67..3876.94 rows=999 width=121)
	  Recheck Cond: ((id >= 2844032) AND (id <= 2845031))
	  ->  Bitmap Index Scan on sbtest3_pkey  (cost=0.00..34.43 rows=999 width=0)
	        Index Cond: ((id >= 2844032) AND (id <= 2845031))

table 4 : explain SELECT c FROM sbtest4 WHERE id BETWEEN 4671434 AND 4672433
	Bitmap Heap Scan on sbtest4  (cost=34.56..3835.67 rows=988 width=121)
	  Recheck Cond: ((id >= 4671434) AND (id <= 4672433))
	  ->  Bitmap Index Scan on sbtest4_pkey  (cost=0.00..34.32 rows=988 width=0)
	        Index Cond: ((id >= 4671434) AND (id <= 4672433))

table 5 : explain SELECT c FROM sbtest5 WHERE id BETWEEN 5411445 AND 5412444
	Bitmap Heap Scan on sbtest5  (cost=34.83..3933.55 rows=1014 width=121)
	  Recheck Cond: ((id >= 5411445) AND (id <= 5412444))
	  ->  Bitmap Index Scan on sbtest5_pkey  (cost=0.00..34.58 rows=1014 width=0)
	        Index Cond: ((id >= 5411445) AND (id <= 5412444))

table 6 : explain SELECT c FROM sbtest6 WHERE id BETWEEN 5985985 AND 5986984
	Bitmap Heap Scan on sbtest6  (cost=34.37..3760.40 rows=969 width=121)
	  Recheck Cond: ((id >= 5985985) AND (id <= 5986984))
	  ->  Bitmap Index Scan on sbtest6_pkey  (cost=0.00..34.12 rows=969 width=0)
	        Index Cond: ((id >= 5985985) AND (id <= 5986984))

table 7 : explain SELECT c FROM sbtest7 WHERE id BETWEEN 458544 AND 459543
	Bitmap Heap Scan on sbtest7  (cost=35.13..4042.02 rows=1043 width=121)
	  Recheck Cond: ((id >= 458544) AND (id <= 459543))
	  ->  Bitmap Index Scan on sbtest7_pkey  (cost=0.00..34.87 rows=1043 width=0)
	        Index Cond: ((id >= 458544) AND (id <= 459543))

table 8 : explain SELECT c FROM sbtest8 WHERE id BETWEEN 4366230 AND 4367229
	Bitmap Heap Scan on sbtest8  (cost=35.04..4008.07 rows=1035 width=121)
	  Recheck Cond: ((id >= 4366230) AND (id <= 4367229))
	  ->  Bitmap Index Scan on sbtest8_pkey  (cost=0.00..34.79 rows=1035 width=0)
	        Index Cond: ((id >= 4366230) AND (id <= 4367229))

for: sum_ranges
table 1 : explain SELECT SUM(k) FROM sbtest1 WHERE id BETWEEN 5183845 AND 5184844
	Aggregate  (cost=3354.33..3354.34 rows=1 width=8)
	  ->  Bitmap Heap Scan on sbtest1  (cost=29.27..3352.17 rows=862 width=4)
	        Recheck Cond: ((id >= 5183845) AND (id <= 5184844))
	        ->  Bitmap Index Scan on sbtest1_pkey  (cost=0.00..29.05 rows=862 width=0)
	              Index Cond: ((id >= 5183845) AND (id <= 5184844))

table 2 : explain SELECT SUM(k) FROM sbtest2 WHERE id BETWEEN 7889762 AND 7890761
	Aggregate  (cost=4257.74..4257.75 rows=1 width=8)
	  ->  Bitmap Heap Scan on sbtest2  (cost=39.71..4254.99 rows=1100 width=4)
	        Recheck Cond: ((id >= 7889762) AND (id <= 7890761))
	        ->  Bitmap Index Scan on sbtest2_pkey  (cost=0.00..39.44 rows=1100 width=0)
	              Index Cond: ((id >= 7889762) AND (id <= 7890761))

table 3 : explain SELECT SUM(k) FROM sbtest3 WHERE id BETWEEN 3845632 AND 3846631
	Aggregate  (cost=4158.84..4158.85 rows=1 width=8)
	  ->  Bitmap Heap Scan on sbtest3  (cost=35.43..4156.15 rows=1073 width=4)
	        Recheck Cond: ((id >= 3845632) AND (id <= 3846631))
	        ->  Bitmap Index Scan on sbtest3_pkey  (cost=0.00..35.17 rows=1073 width=0)
	              Index Cond: ((id >= 3845632) AND (id <= 3846631))

table 4 : explain SELECT SUM(k) FROM sbtest4 WHERE id BETWEEN 4352240 AND 4353239
	Aggregate  (cost=3777.61..3777.62 rows=1 width=8)
	  ->  Bitmap Heap Scan on sbtest4  (cost=34.40..3775.18 rows=972 width=4)
	        Recheck Cond: ((id >= 4352240) AND (id <= 4353239))
	        ->  Bitmap Index Scan on sbtest4_pkey  (cost=0.00..34.16 rows=972 width=0)
	              Index Cond: ((id >= 4352240) AND (id <= 4353239))

table 5 : explain SELECT SUM(k) FROM sbtest5 WHERE id BETWEEN 9315266 AND 9316265
	Aggregate  (cost=3701.60..3701.61 rows=1 width=8)
	  ->  Bitmap Heap Scan on sbtest5  (cost=34.19..3699.22 rows=952 width=4)
	        Recheck Cond: ((id >= 9315266) AND (id <= 9316265))
	        ->  Bitmap Index Scan on sbtest5_pkey  (cost=0.00..33.95 rows=952 width=0)
	              Index Cond: ((id >= 9315266) AND (id <= 9316265))

table 6 : explain SELECT SUM(k) FROM sbtest6 WHERE id BETWEEN 1156544 AND 1157543
	Aggregate  (cost=3638.05..3638.06 rows=1 width=8)
	  ->  Bitmap Heap Scan on sbtest6  (cost=34.03..3635.71 rows=936 width=4)
	        Recheck Cond: ((id >= 1156544) AND (id <= 1157543))
	        ->  Bitmap Index Scan on sbtest6_pkey  (cost=0.00..33.80 rows=936 width=0)
	              Index Cond: ((id >= 1156544) AND (id <= 1157543))

table 7 : explain SELECT SUM(k) FROM sbtest7 WHERE id BETWEEN 9444195 AND 9445194
	Aggregate  (cost=3757.50..3757.51 rows=1 width=8)
	  ->  Bitmap Heap Scan on sbtest7  (cost=34.35..3755.08 rows=967 width=4)
	        Recheck Cond: ((id >= 9444195) AND (id <= 9445194))
	        ->  Bitmap Index Scan on sbtest7_pkey  (cost=0.00..34.11 rows=967 width=0)
	              Index Cond: ((id >= 9444195) AND (id <= 9445194))

table 8 : explain SELECT SUM(k) FROM sbtest8 WHERE id BETWEEN 2746808 AND 2747807
	Aggregate  (cost=4025.74..4025.75 rows=1 width=8)
	  ->  Bitmap Heap Scan on sbtest8  (cost=35.08..4023.14 rows=1039 width=4)
	        Recheck Cond: ((id >= 2746808) AND (id <= 2747807))
	        ->  Bitmap Index Scan on sbtest8_pkey  (cost=0.00..34.83 rows=1039 width=0)
	              Index Cond: ((id >= 2746808) AND (id <= 2747807))

for point_selects
table 1 : explain SELECT c FROM sbtest1 WHERE id=2624622
	Index Scan using sbtest1_pkey on sbtest1  (cost=0.43..8.45 rows=1 width=121)
	  Index Cond: (id = 2624622)

table 2 : explain SELECT c FROM sbtest2 WHERE id=535611
	Index Scan using sbtest2_pkey on sbtest2  (cost=0.43..8.45 rows=1 width=121)
	  Index Cond: (id = 535611)

table 3 : explain SELECT c FROM sbtest3 WHERE id=9584302
	Index Scan using sbtest3_pkey on sbtest3  (cost=0.43..8.45 rows=1 width=121)
	  Index Cond: (id = 9584302)

table 4 : explain SELECT c FROM sbtest4 WHERE id=8838395
	Index Scan using sbtest4_pkey on sbtest4  (cost=0.43..8.45 rows=1 width=121)
	  Index Cond: (id = 8838395)

table 5 : explain SELECT c FROM sbtest5 WHERE id=3037175
	Index Scan using sbtest5_pkey on sbtest5  (cost=0.43..8.45 rows=1 width=121)
	  Index Cond: (id = 3037175)

table 6 : explain SELECT c FROM sbtest6 WHERE id=4589521
	Index Scan using sbtest6_pkey on sbtest6  (cost=0.43..8.45 rows=1 width=121)
	  Index Cond: (id = 4589521)

table 7 : explain SELECT c FROM sbtest7 WHERE id=9193830
	Index Scan using sbtest7_pkey on sbtest7  (cost=0.43..8.45 rows=1 width=121)
	  Index Cond: (id = 9193830)

table 8 : explain SELECT c FROM sbtest8 WHERE id=4042153
	Index Scan using sbtest8_pkey on sbtest8  (cost=0.43..8.45 rows=1 width=121)
	  Index Cond: (id = 4042153)

for point_selects
table 1 : explain SELECT c FROM sbtest1 WHERE id=4215214
	Index Scan using sbtest1_pkey on sbtest1  (cost=0.43..8.45 rows=1 width=121)
	  Index Cond: (id = 4215214)

table 2 : explain SELECT c FROM sbtest2 WHERE id=739730
	Index Scan using sbtest2_pkey on sbtest2  (cost=0.43..8.45 rows=1 width=121)
	  Index Cond: (id = 739730)

table 3 : explain SELECT c FROM sbtest3 WHERE id=1474596
	Index Scan using sbtest3_pkey on sbtest3  (cost=0.43..8.45 rows=1 width=121)
	  Index Cond: (id = 1474596)

table 4 : explain SELECT c FROM sbtest4 WHERE id=9332080
	Index Scan using sbtest4_pkey on sbtest4  (cost=0.43..8.45 rows=1 width=121)
	  Index Cond: (id = 9332080)

table 5 : explain SELECT c FROM sbtest5 WHERE id=2627103
	Index Scan using sbtest5_pkey on sbtest5  (cost=0.43..8.45 rows=1 width=121)
	  Index Cond: (id = 2627103)

table 6 : explain SELECT c FROM sbtest6 WHERE id=4151004
	Index Scan using sbtest6_pkey on sbtest6  (cost=0.43..8.45 rows=1 width=121)
	  Index Cond: (id = 4151004)

table 7 : explain SELECT c FROM sbtest7 WHERE id=1848859
	Index Scan using sbtest7_pkey on sbtest7  (cost=0.43..8.45 rows=1 width=121)
	  Index Cond: (id = 1848859)

table 8 : explain SELECT c FROM sbtest8 WHERE id=4156164
	Index Scan using sbtest8_pkey on sbtest8  (cost=0.43..8.45 rows=1 width=121)
	  Index Cond: (id = 4156164)

for: order_ranges
table 1 : explain SELECT c FROM sbtest1 WHERE id BETWEEN 5147746 AND 5148745 ORDER BY c
	Sort  (cost=3394.20..3396.36 rows=862 width=121)
	  Sort Key: c
	  ->  Bitmap Heap Scan on sbtest1  (cost=29.27..3352.17 rows=862 width=121)
	        Recheck Cond: ((id >= 5147746) AND (id <= 5148745))
	        ->  Bitmap Index Scan on sbtest1_pkey  (cost=0.00..29.05 rows=862 width=0)
	              Index Cond: ((id >= 5147746) AND (id <= 5148745))

table 2 : explain SELECT c FROM sbtest2 WHERE id BETWEEN 5962243 AND 5963242 ORDER BY c
	Sort  (cost=3882.50..3884.98 rows=989 width=121)
	  Sort Key: c
	  ->  Bitmap Heap Scan on sbtest2  (cost=34.57..3833.30 rows=989 width=121)
	        Recheck Cond: ((id >= 5962243) AND (id <= 5963242))
	        ->  Bitmap Index Scan on sbtest2_pkey  (cost=0.00..34.33 rows=989 width=0)
	              Index Cond: ((id >= 5962243) AND (id <= 5963242))

table 3 : explain SELECT c FROM sbtest3 WHERE id BETWEEN 2768989 AND 2769988 ORDER BY c
	Sort  (cost=3673.36..3675.70 rows=933 width=121)
	  Sort Key: c
	  ->  Bitmap Heap Scan on sbtest3  (cost=34.00..3627.34 rows=933 width=121)
	        Recheck Cond: ((id >= 2768989) AND (id <= 2769988))
	        ->  Bitmap Index Scan on sbtest3_pkey  (cost=0.00..33.77 rows=933 width=0)
	              Index Cond: ((id >= 2768989) AND (id <= 2769988))

table 4 : explain SELECT c FROM sbtest4 WHERE id BETWEEN 2709424 AND 2710423 ORDER BY c
	Sort  (cost=3777.34..3779.74 rows=960 width=121)
	  Sort Key: c
	  ->  Bitmap Heap Scan on sbtest4  (cost=34.28..3729.79 rows=960 width=121)
	        Recheck Cond: ((id >= 2709424) AND (id <= 2710423))
	        ->  Bitmap Index Scan on sbtest4_pkey  (cost=0.00..34.04 rows=960 width=0)
	              Index Cond: ((id >= 2709424) AND (id <= 2710423))

table 5 : explain SELECT c FROM sbtest5 WHERE id BETWEEN 8737922 AND 8738921 ORDER BY c
	Sort  (cost=3823.10..3825.53 rows=972 width=121)
	  Sort Key: c
	  ->  Bitmap Heap Scan on sbtest5  (cost=34.40..3774.86 rows=972 width=121)
	        Recheck Cond: ((id >= 8737922) AND (id <= 8738921))
	        ->  Bitmap Index Scan on sbtest5_pkey  (cost=0.00..34.16 rows=972 width=0)
	              Index Cond: ((id >= 8737922) AND (id <= 8738921))

table 6 : explain SELECT c FROM sbtest6 WHERE id BETWEEN 2148527 AND 2149526 ORDER BY c
	Sort  (cost=4034.43..4037.00 rows=1028 width=121)
	  Sort Key: c
	  ->  Bitmap Heap Scan on sbtest6  (cost=34.97..3983.00 rows=1028 width=121)
	        Recheck Cond: ((id >= 2148527) AND (id <= 2149526))
	        ->  Bitmap Index Scan on sbtest6_pkey  (cost=0.00..34.72 rows=1028 width=0)
	              Index Cond: ((id >= 2148527) AND (id <= 2149526))

table 7 : explain SELECT c FROM sbtest7 WHERE id BETWEEN 282732 AND 283731 ORDER BY c
	Sort  (cost=4492.09..4494.96 rows=1147 width=121)
	  Sort Key: c
	  ->  Bitmap Heap Scan on sbtest7  (cost=40.19..4433.80 rows=1147 width=121)
	        Recheck Cond: ((id >= 282732) AND (id <= 283731))
	        ->  Bitmap Index Scan on sbtest7_pkey  (cost=0.00..39.91 rows=1147 width=0)
	              Index Cond: ((id >= 282732) AND (id <= 283731))

table 8 : explain SELECT c FROM sbtest8 WHERE id BETWEEN 6393305 AND 6394304 ORDER BY c
	Sort  (cost=3998.71..4001.26 rows=1019 width=121)
	  Sort Key: c
	  ->  Bitmap Heap Scan on sbtest8  (cost=34.88..3947.80 rows=1019 width=121)
	        Recheck Cond: ((id >= 6393305) AND (id <= 6394304))
	        ->  Bitmap Index Scan on sbtest8_pkey  (cost=0.00..34.62 rows=1019 width=0)
	              Index Cond: ((id >= 6393305) AND (id <= 6394304))

for: sum_ranges
table 1 : explain SELECT SUM(k) FROM sbtest1 WHERE id BETWEEN 8658305 AND 8659304
	Aggregate  (cost=3737.09..3737.10 rows=1 width=8)
	  ->  Bitmap Heap Scan on sbtest1  (cost=34.30..3734.68 rows=962 width=4)
	        Recheck Cond: ((id >= 8658305) AND (id <= 8659304))
	        ->  Bitmap Index Scan on sbtest1_pkey  (cost=0.00..34.06 rows=962 width=0)
	              Index Cond: ((id >= 8658305) AND (id <= 8659304))

table 2 : explain SELECT SUM(k) FROM sbtest2 WHERE id BETWEEN 7570535 AND 7571534
	Aggregate  (cost=3597.85..3597.86 rows=1 width=8)
	  ->  Bitmap Heap Scan on sbtest2  (cost=33.93..3595.53 rows=926 width=4)
	        Recheck Cond: ((id >= 7570535) AND (id <= 7571534))
	        ->  Bitmap Index Scan on sbtest2_pkey  (cost=0.00..33.70 rows=926 width=0)
	              Index Cond: ((id >= 7570535) AND (id <= 7571534))

table 3 : explain SELECT SUM(k) FROM sbtest3 WHERE id BETWEEN 2671211 AND 2672210
	Aggregate  (cost=3701.63..3701.64 rows=1 width=8)
	  ->  Bitmap Heap Scan on sbtest3  (cost=34.19..3699.25 rows=952 width=4)
	        Recheck Cond: ((id >= 2671211) AND (id <= 2672210))
	        ->  Bitmap Index Scan on sbtest3_pkey  (cost=0.00..33.95 rows=952 width=0)
	              Index Cond: ((id >= 2671211) AND (id <= 2672210))

table 4 : explain SELECT SUM(k) FROM sbtest4 WHERE id BETWEEN 7424750 AND 7425749
	Aggregate  (cost=3573.09..3573.10 rows=1 width=8)
	  ->  Bitmap Heap Scan on sbtest4  (cost=33.84..3570.79 rows=918 width=4)
	        Recheck Cond: ((id >= 7424750) AND (id <= 7425749))
	        ->  Bitmap Index Scan on sbtest4_pkey  (cost=0.00..33.62 rows=918 width=0)
	              Index Cond: ((id >= 7424750) AND (id <= 7425749))

table 5 : explain SELECT SUM(k) FROM sbtest5 WHERE id BETWEEN 7418342 AND 7419341
	Aggregate  (cost=3682.67..3682.68 rows=1 width=8)
	  ->  Bitmap Heap Scan on sbtest5  (cost=34.14..3680.30 rows=947 width=4)
	        Recheck Cond: ((id >= 7418342) AND (id <= 7419341))
	        ->  Bitmap Index Scan on sbtest5_pkey  (cost=0.00..33.91 rows=947 width=0)
	              Index Cond: ((id >= 7418342) AND (id <= 7419341))

table 6 : explain SELECT SUM(k) FROM sbtest6 WHERE id BETWEEN 8683632 AND 8684631
	Aggregate  (cost=3781.72..3781.73 rows=1 width=8)
	  ->  Bitmap Heap Scan on sbtest6  (cost=34.42..3779.29 rows=974 width=4)
	        Recheck Cond: ((id >= 8683632) AND (id <= 8684631))
	        ->  Bitmap Index Scan on sbtest6_pkey  (cost=0.00..34.18 rows=974 width=0)
	              Index Cond: ((id >= 8683632) AND (id <= 8684631))

table 7 : explain SELECT SUM(k) FROM sbtest7 WHERE id BETWEEN 1434025 AND 1435024
	Aggregate  (cost=4157.78..4157.79 rows=1 width=8)
	  ->  Bitmap Heap Scan on sbtest7  (cost=35.43..4155.09 rows=1073 width=4)
	        Recheck Cond: ((id >= 1434025) AND (id <= 1435024))
	        ->  Bitmap Index Scan on sbtest7_pkey  (cost=0.00..35.17 rows=1073 width=0)
	              Index Cond: ((id >= 1434025) AND (id <= 1435024))

table 8 : explain SELECT SUM(k) FROM sbtest8 WHERE id BETWEEN 5644250 AND 5645249
	Aggregate  (cost=3991.82..3991.83 rows=1 width=8)
	  ->  Bitmap Heap Scan on sbtest8  (cost=34.99..3989.24 rows=1030 width=4)
	        Recheck Cond: ((id >= 5644250) AND (id <= 5645249))
	        ->  Bitmap Index Scan on sbtest8_pkey  (cost=0.00..34.73 rows=1030 width=0)
	              Index Cond: ((id >= 5644250) AND (id <= 5645249))

for: sum_ranges
table 1 : explain SELECT SUM(k) FROM sbtest1 WHERE id BETWEEN 493191 AND 494190
	Aggregate  (cost=3948.63..3948.64 rows=1 width=8)
	  ->  Bitmap Heap Scan on sbtest1  (cost=34.87..3946.08 rows=1018 width=4)
	        Recheck Cond: ((id >= 493191) AND (id <= 494190))
	        ->  Bitmap Index Scan on sbtest1_pkey  (cost=0.00..34.62 rows=1018 width=0)
	              Index Cond: ((id >= 493191) AND (id <= 494190))

table 2 : explain SELECT SUM(k) FROM sbtest2 WHERE id BETWEEN 5332959 AND 5333958
	Aggregate  (cost=3654.54..3654.55 rows=1 width=8)
	  ->  Bitmap Heap Scan on sbtest2  (cost=34.08..3652.19 rows=941 width=4)
	        Recheck Cond: ((id >= 5332959) AND (id <= 5333958))
	        ->  Bitmap Index Scan on sbtest2_pkey  (cost=0.00..33.84 rows=941 width=0)
	              Index Cond: ((id >= 5332959) AND (id <= 5333958))

table 3 : explain SELECT SUM(k) FROM sbtest3 WHERE id BETWEEN 2818704 AND 2819703
	Aggregate  (cost=3879.44..3879.45 rows=1 width=8)
	  ->  Bitmap Heap Scan on sbtest3  (cost=34.67..3876.94 rows=999 width=4)
	        Recheck Cond: ((id >= 2818704) AND (id <= 2819703))
	        ->  Bitmap Index Scan on sbtest3_pkey  (cost=0.00..34.43 rows=999 width=0)
	              Index Cond: ((id >= 2818704) AND (id <= 2819703))

table 4 : explain SELECT SUM(k) FROM sbtest4 WHERE id BETWEEN 2564447 AND 2565446
	Aggregate  (cost=3686.76..3686.77 rows=1 width=8)
	  ->  Bitmap Heap Scan on sbtest4  (cost=34.15..3684.39 rows=948 width=4)
	        Recheck Cond: ((id >= 2564447) AND (id <= 2565446))
	        ->  Bitmap Index Scan on sbtest4_pkey  (cost=0.00..33.92 rows=948 width=0)
	              Index Cond: ((id >= 2564447) AND (id <= 2565446))

table 5 : explain SELECT SUM(k) FROM sbtest5 WHERE id BETWEEN 455462 AND 456461
	Aggregate  (cost=3886.96..3886.97 rows=1 width=8)
	  ->  Bitmap Heap Scan on sbtest5  (cost=34.70..3884.46 rows=1001 width=4)
	        Recheck Cond: ((id >= 455462) AND (id <= 456461))
	        ->  Bitmap Index Scan on sbtest5_pkey  (cost=0.00..34.45 rows=1001 width=0)
	              Index Cond: ((id >= 455462) AND (id <= 456461))

table 6 : explain SELECT SUM(k) FROM sbtest6 WHERE id BETWEEN 666093 AND 667092
	Aggregate  (cost=3996.88..3996.89 rows=1 width=8)
	  ->  Bitmap Heap Scan on sbtest6  (cost=35.00..3994.31 rows=1031 width=4)
	        Recheck Cond: ((id >= 666093) AND (id <= 667092))
	        ->  Bitmap Index Scan on sbtest6_pkey  (cost=0.00..34.75 rows=1031 width=0)
	              Index Cond: ((id >= 666093) AND (id <= 667092))

table 7 : explain SELECT SUM(k) FROM sbtest7 WHERE id BETWEEN 5869099 AND 5870098
	Aggregate  (cost=4240.91..4240.92 rows=1 width=8)
	  ->  Bitmap Heap Scan on sbtest7  (cost=39.65..4238.18 rows=1094 width=4)
	        Recheck Cond: ((id >= 5869099) AND (id <= 5870098))
	        ->  Bitmap Index Scan on sbtest7_pkey  (cost=0.00..39.38 rows=1094 width=0)
	              Index Cond: ((id >= 5869099) AND (id <= 5870098))

table 8 : explain SELECT SUM(k) FROM sbtest8 WHERE id BETWEEN 4967498 AND 4968497
	Aggregate  (cost=4153.79..4153.80 rows=1 width=8)
	  ->  Bitmap Heap Scan on sbtest8  (cost=35.43..4151.10 rows=1073 width=4)
	        Recheck Cond: ((id >= 4967498) AND (id <= 4968497))
	        ->  Bitmap Index Scan on sbtest8_pkey  (cost=0.00..35.17 rows=1073 width=0)
	              Index Cond: ((id >= 4967498) AND (id <= 4968497))

for point_selects
table 1 : explain SELECT c FROM sbtest1 WHERE id=791348
	Index Scan using sbtest1_pkey on sbtest1  (cost=0.43..8.45 rows=1 width=121)
	  Index Cond: (id = 791348)

table 2 : explain SELECT c FROM sbtest2 WHERE id=1099869
	Index Scan using sbtest2_pkey on sbtest2  (cost=0.43..8.45 rows=1 width=121)
	  Index Cond: (id = 1099869)

table 3 : explain SELECT c FROM sbtest3 WHERE id=5468667
	Index Scan using sbtest3_pkey on sbtest3  (cost=0.43..8.45 rows=1 width=121)
	  Index Cond: (id = 5468667)

table 4 : explain SELECT c FROM sbtest4 WHERE id=8476306
	Index Scan using sbtest4_pkey on sbtest4  (cost=0.43..8.45 rows=1 width=121)
	  Index Cond: (id = 8476306)

table 5 : explain SELECT c FROM sbtest5 WHERE id=7422646
	Index Scan using sbtest5_pkey on sbtest5  (cost=0.43..8.45 rows=1 width=121)
	  Index Cond: (id = 7422646)

table 6 : explain SELECT c FROM sbtest6 WHERE id=2279699
	Index Scan using sbtest6_pkey on sbtest6  (cost=0.43..8.45 rows=1 width=121)
	  Index Cond: (id = 2279699)

table 7 : explain SELECT c FROM sbtest7 WHERE id=9309161
	Index Scan using sbtest7_pkey on sbtest7  (cost=0.43..8.45 rows=1 width=121)
	  Index Cond: (id = 9309161)

table 8 : explain SELECT c FROM sbtest8 WHERE id=4850303
	Index Scan using sbtest8_pkey on sbtest8  (cost=0.43..8.45 rows=1 width=121)
	  Index Cond: (id = 4850303)

explain: for point_selects :: explain SELECT c FROM sbtest%u WHERE id=%u
for: order_ranges
table 1 : explain SELECT c FROM sbtest1 WHERE id BETWEEN 6700251 AND 6701250 ORDER BY c
	Sort  (cost=3655.72..3658.04 rows=929 width=121)
	  Sort Key: c
	  ->  Bitmap Heap Scan on sbtest1  (cost=33.96..3609.92 rows=929 width=121)
	        Recheck Cond: ((id >= 6700251) AND (id <= 6701250))
	        ->  Bitmap Index Scan on sbtest1_pkey  (cost=0.00..33.73 rows=929 width=0)
	              Index Cond: ((id >= 6700251) AND (id <= 6701250))

table 2 : explain SELECT c FROM sbtest2 WHERE id BETWEEN 9365116 AND 9366115 ORDER BY c
	Sort  (cost=4062.24..4064.83 rows=1036 width=121)
	  Sort Key: c
	  ->  Bitmap Heap Scan on sbtest2  (cost=35.05..4010.35 rows=1036 width=121)
	        Recheck Cond: ((id >= 9365116) AND (id <= 9366115))
	        ->  Bitmap Index Scan on sbtest2_pkey  (cost=0.00..34.80 rows=1036 width=0)
	              Index Cond: ((id >= 9365116) AND (id <= 9366115))

table 3 : explain SELECT c FROM sbtest3 WHERE id BETWEEN 573932 AND 574931 ORDER BY c
	Sort  (cost=3634.93..3637.24 rows=923 width=121)
	  Sort Key: c
	  ->  Bitmap Heap Scan on sbtest3  (cost=33.90..3589.47 rows=923 width=121)
	        Recheck Cond: ((id >= 573932) AND (id <= 574931))
	        ->  Bitmap Index Scan on sbtest3_pkey  (cost=0.00..33.67 rows=923 width=0)
	              Index Cond: ((id >= 573932) AND (id <= 574931))

table 4 : explain SELECT c FROM sbtest4 WHERE id BETWEEN 5463303 AND 5464302 ORDER BY c
	Sort  (cost=3953.85..3956.36 rows=1006 width=121)
	  Sort Key: c
	  ->  Bitmap Heap Scan on sbtest4  (cost=34.75..3903.68 rows=1006 width=121)
	        Recheck Cond: ((id >= 5463303) AND (id <= 5464302))
	        ->  Bitmap Index Scan on sbtest4_pkey  (cost=0.00..34.50 rows=1006 width=0)
	              Index Cond: ((id >= 5463303) AND (id <= 5464302))

table 5 : explain SELECT c FROM sbtest5 WHERE id BETWEEN 9284742 AND 9285741 ORDER BY c
	Sort  (cost=3926.68..3929.17 rows=999 width=121)
	  Sort Key: c
	  ->  Bitmap Heap Scan on sbtest5  (cost=34.67..3876.90 rows=999 width=121)
	        Recheck Cond: ((id >= 9284742) AND (id <= 9285741))
	        ->  Bitmap Index Scan on sbtest5_pkey  (cost=0.00..34.43 rows=999 width=0)
	              Index Cond: ((id >= 9284742) AND (id <= 9285741))

table 6 : explain SELECT c FROM sbtest6 WHERE id BETWEEN 6719180 AND 6720179 ORDER BY c
	Sort  (cost=4034.43..4037.00 rows=1028 width=121)
	  Sort Key: c
	  ->  Bitmap Heap Scan on sbtest6  (cost=34.97..3983.00 rows=1028 width=121)
	        Recheck Cond: ((id >= 6719180) AND (id <= 6720179))
	        ->  Bitmap Index Scan on sbtest6_pkey  (cost=0.00..34.72 rows=1028 width=0)
	              Index Cond: ((id >= 6719180) AND (id <= 6720179))

table 7 : explain SELECT c FROM sbtest7 WHERE id BETWEEN 6681582 AND 6682581 ORDER BY c
	Sort  (cost=3799.20..3801.61 rows=966 width=121)
	  Sort Key: c
	  ->  Bitmap Heap Scan on sbtest7  (cost=34.34..3751.30 rows=966 width=121)
	        Recheck Cond: ((id >= 6681582) AND (id <= 6682581))
	        ->  Bitmap Index Scan on sbtest7_pkey  (cost=0.00..34.09 rows=966 width=0)
	              Index Cond: ((id >= 6681582) AND (id <= 6682581))

table 8 : explain SELECT c FROM sbtest8 WHERE id BETWEEN 6832926 AND 6833925 ORDER BY c
	Sort  (cost=3822.61..3825.04 rows=973 width=121)
	  Sort Key: c
	  ->  Bitmap Heap Scan on sbtest8  (cost=34.41..3774.32 rows=973 width=121)
	        Recheck Cond: ((id >= 6832926) AND (id <= 6833925))
	        ->  Bitmap Index Scan on sbtest8_pkey  (cost=0.00..34.17 rows=973 width=0)
	              Index Cond: ((id >= 6832926) AND (id <= 6833925))

explain: for point_selects :: explain SELECT c FROM sbtest%u WHERE id=%u
explain: for point_selects :: explain SELECT c FROM sbtest%u WHERE id=%u
for: order_ranges
table 1 : explain SELECT c FROM sbtest1 WHERE id BETWEEN 7247696 AND 7248695 ORDER BY c
	Sort  (cost=3705.62..3707.97 rows=942 width=121)
	  Sort Key: c
	  ->  Bitmap Heap Scan on sbtest1  (cost=34.09..3659.09 rows=942 width=121)
	        Recheck Cond: ((id >= 7247696) AND (id <= 7248695))
	        ->  Bitmap Index Scan on sbtest1_pkey  (cost=0.00..33.86 rows=942 width=0)
	              Index Cond: ((id >= 7247696) AND (id <= 7248695))

table 2 : explain SELECT c FROM sbtest2 WHERE id BETWEEN 9099597 AND 9100596 ORDER BY c
	Sort  (cost=3759.98..3762.37 rows=957 width=121)
	  Sort Key: c
	  ->  Bitmap Heap Scan on sbtest2  (cost=34.24..3712.59 rows=957 width=121)
	        Recheck Cond: ((id >= 9099597) AND (id <= 9100596))
	        ->  Bitmap Index Scan on sbtest2_pkey  (cost=0.00..34.01 rows=957 width=0)
	              Index Cond: ((id >= 9099597) AND (id <= 9100596))

table 3 : explain SELECT c FROM sbtest3 WHERE id BETWEEN 9693059 AND 9694058 ORDER BY c
	Sort  (cost=3496.33..3498.55 rows=888 width=121)
	  Sort Key: c
	  ->  Bitmap Heap Scan on sbtest3  (cost=29.54..3452.84 rows=888 width=121)
	        Recheck Cond: ((id >= 9693059) AND (id <= 9694058))
	        ->  Bitmap Index Scan on sbtest3_pkey  (cost=0.00..29.32 rows=888 width=0)
	              Index Cond: ((id >= 9693059) AND (id <= 9694058))

table 4 : explain SELECT c FROM sbtest4 WHERE id BETWEEN 5159442 AND 5160441 ORDER BY c
	Sort  (cost=3942.34..3944.85 rows=1003 width=121)
	  Sort Key: c
	  ->  Bitmap Heap Scan on sbtest4  (cost=34.72..3892.34 rows=1003 width=121)
	        Recheck Cond: ((id >= 5159442) AND (id <= 5160441))
	        ->  Bitmap Index Scan on sbtest4_pkey  (cost=0.00..34.47 rows=1003 width=0)
	              Index Cond: ((id >= 5159442) AND (id <= 5160441))

table 5 : explain SELECT c FROM sbtest5 WHERE id BETWEEN 2913255 AND 2914254 ORDER BY c
	Sort  (cost=3677.17..3679.51 rows=934 width=121)
	  Sort Key: c
	  ->  Bitmap Heap Scan on sbtest5  (cost=34.01..3631.09 rows=934 width=121)
	        Recheck Cond: ((id >= 2913255) AND (id <= 2914254))
	        ->  Bitmap Index Scan on sbtest5_pkey  (cost=0.00..33.78 rows=934 width=0)
	              Index Cond: ((id >= 2913255) AND (id <= 2914254))

table 6 : explain SELECT c FROM sbtest6 WHERE id BETWEEN 5222378 AND 5223377 ORDER BY c
	Sort  (cost=3578.09..3580.36 rows=910 width=121)
	  Sort Key: c
	  ->  Bitmap Heap Scan on sbtest6  (cost=29.76..3533.36 rows=910 width=121)
	        Recheck Cond: ((id >= 5222378) AND (id <= 5223377))
	        ->  Bitmap Index Scan on sbtest6_pkey  (cost=0.00..29.54 rows=910 width=0)
	              Index Cond: ((id >= 5222378) AND (id <= 5223377))

table 7 : explain SELECT c FROM sbtest7 WHERE id BETWEEN 1367926 AND 1368925 ORDER BY c
	Sort  (cost=4209.10..4211.79 rows=1073 width=121)
	  Sort Key: c
	  ->  Bitmap Heap Scan on sbtest7  (cost=35.43..4155.09 rows=1073 width=121)
	        Recheck Cond: ((id >= 1367926) AND (id <= 1368925))
	        ->  Bitmap Index Scan on sbtest7_pkey  (cost=0.00..35.17 rows=1073 width=0)
	              Index Cond: ((id >= 1367926) AND (id <= 1368925))

table 8 : explain SELECT c FROM sbtest8 WHERE id BETWEEN 3292286 AND 3293285 ORDER BY c
	Sort  (cost=4235.67..4238.37 rows=1081 width=121)
	  Sort Key: c
	  ->  Bitmap Heap Scan on sbtest8  (cost=35.52..4181.19 rows=1081 width=121)
	        Recheck Cond: ((id >= 3292286) AND (id <= 3293285))
	        ->  Bitmap Index Scan on sbtest8_pkey  (cost=0.00..35.25 rows=1081 width=0)
	              Index Cond: ((id >= 3292286) AND (id <= 3293285))

for: simple_ranges
table 1 : explain SELECT c FROM sbtest1 WHERE id BETWEEN 6636698 AND 6637697
	Bitmap Heap Scan on sbtest1  (cost=33.96..3609.92 rows=929 width=121)
	  Recheck Cond: ((id >= 6636698) AND (id <= 6637697))
	  ->  Bitmap Index Scan on sbtest1_pkey  (cost=0.00..33.73 rows=929 width=0)
	        Index Cond: ((id >= 6636698) AND (id <= 6637697))

table 2 : explain SELECT c FROM sbtest2 WHERE id BETWEEN 2682067 AND 2683066
	Bitmap Heap Scan on sbtest2  (cost=34.79..3912.44 rows=1010 width=121)
	  Recheck Cond: ((id >= 2682067) AND (id <= 2683066))
	  ->  Bitmap Index Scan on sbtest2_pkey  (cost=0.00..34.54 rows=1010 width=0)
	        Index Cond: ((id >= 2682067) AND (id <= 2683066))

table 3 : explain SELECT c FROM sbtest3 WHERE id BETWEEN 1412567 AND 1413566
	Bitmap Heap Scan on sbtest3  (cost=33.92..3597.05 rows=925 width=121)
	  Recheck Cond: ((id >= 1412567) AND (id <= 1413566))
	  ->  Bitmap Index Scan on sbtest3_pkey  (cost=0.00..33.69 rows=925 width=0)
	        Index Cond: ((id >= 1412567) AND (id <= 1413566))

table 4 : explain SELECT c FROM sbtest4 WHERE id BETWEEN 5054984 AND 5055983
	Bitmap Heap Scan on sbtest4  (cost=34.46..3797.86 rows=978 width=121)
	  Recheck Cond: ((id >= 5054984) AND (id <= 5055983))
	  ->  Bitmap Index Scan on sbtest4_pkey  (cost=0.00..34.22 rows=978 width=0)
	        Index Cond: ((id >= 5054984) AND (id <= 5055983))

table 5 : explain SELECT c FROM sbtest5 WHERE id BETWEEN 3846811 AND 3847810
	Bitmap Heap Scan on sbtest5  (cost=39.97..4355.92 rows=1125 width=121)
	  Recheck Cond: ((id >= 3846811) AND (id <= 3847810))
	  ->  Bitmap Index Scan on sbtest5_pkey  (cost=0.00..39.69 rows=1125 width=0)
	        Index Cond: ((id >= 3846811) AND (id <= 3847810))

table 6 : explain SELECT c FROM sbtest6 WHERE id BETWEEN 1531135 AND 1532134
	Bitmap Heap Scan on sbtest6  (cost=34.52..3817.04 rows=984 width=121)
	  Recheck Cond: ((id >= 1531135) AND (id <= 1532134))
	  ->  Bitmap Index Scan on sbtest6_pkey  (cost=0.00..34.28 rows=984 width=0)
	        Index Cond: ((id >= 1531135) AND (id <= 1532134))

table 7 : explain SELECT c FROM sbtest7 WHERE id BETWEEN 2367585 AND 2368584
	Bitmap Heap Scan on sbtest7  (cost=34.86..3943.94 rows=1017 width=121)
	  Recheck Cond: ((id >= 2367585) AND (id <= 2368584))
	  ->  Bitmap Index Scan on sbtest7_pkey  (cost=0.00..34.61 rows=1017 width=0)
	        Index Cond: ((id >= 2367585) AND (id <= 2368584))

table 8 : explain SELECT c FROM sbtest8 WHERE id BETWEEN 3038111 AND 3039110
	Bitmap Heap Scan on sbtest8  (cost=34.41..3774.32 rows=973 width=121)
	  Recheck Cond: ((id >= 3038111) AND (id <= 3039110))
	  ->  Bitmap Index Scan on sbtest8_pkey  (cost=0.00..34.17 rows=973 width=0)
	        Index Cond: ((id >= 3038111) AND (id <= 3039110))

for: simple_ranges
table 1 : explain SELECT c FROM sbtest1 WHERE id BETWEEN 1549342 AND 1550341
	Bitmap Heap Scan on sbtest1  (cost=34.19..3696.89 rows=952 width=121)
	  Recheck Cond: ((id >= 1549342) AND (id <= 1550341))
	  ->  Bitmap Index Scan on sbtest1_pkey  (cost=0.00..33.95 rows=952 width=0)
	        Index Cond: ((id >= 1549342) AND (id <= 1550341))

table 2 : explain SELECT c FROM sbtest2 WHERE id BETWEEN 3864600 AND 3865599
	Bitmap Heap Scan on sbtest2  (cost=39.66..4236.21 rows=1095 width=121)
	  Recheck Cond: ((id >= 3864600) AND (id <= 3865599))
	  ->  Bitmap Index Scan on sbtest2_pkey  (cost=0.00..39.39 rows=1095 width=0)
	        Index Cond: ((id >= 3864600) AND (id <= 3865599))

table 3 : explain SELECT c FROM sbtest3 WHERE id BETWEEN 1423904 AND 1424903
	Bitmap Heap Scan on sbtest3  (cost=33.92..3597.05 rows=925 width=121)
	  Recheck Cond: ((id >= 1423904) AND (id <= 1424903))
	  ->  Bitmap Index Scan on sbtest3_pkey  (cost=0.00..33.69 rows=925 width=0)
	        Index Cond: ((id >= 1423904) AND (id <= 1424903))

table 4 : explain SELECT c FROM sbtest4 WHERE id BETWEEN 7559180 AND 7560179
	Bitmap Heap Scan on sbtest4  (cost=35.49..4179.09 rows=1079 width=121)
	  Recheck Cond: ((id >= 7559180) AND (id <= 7560179))
	  ->  Bitmap Index Scan on sbtest4_pkey  (cost=0.00..35.23 rows=1079 width=0)
	        Index Cond: ((id >= 7559180) AND (id <= 7560179))

table 5 : explain SELECT c FROM sbtest5 WHERE id BETWEEN 1134445 AND 1135444
	Bitmap Heap Scan on sbtest5  (cost=34.99..3993.95 rows=1030 width=121)
	  Recheck Cond: ((id >= 1134445) AND (id <= 1135444))
	  ->  Bitmap Index Scan on sbtest5_pkey  (cost=0.00..34.73 rows=1030 width=0)
	        Index Cond: ((id >= 1134445) AND (id <= 1135444))

table 6 : explain SELECT c FROM sbtest6 WHERE id BETWEEN 4603952 AND 4604951
	Bitmap Heap Scan on sbtest6  (cost=34.45..3790.61 rows=977 width=121)
	  Recheck Cond: ((id >= 4603952) AND (id <= 4604951))
	  ->  Bitmap Index Scan on sbtest6_pkey  (cost=0.00..34.20 rows=977 width=0)
	        Index Cond: ((id >= 4603952) AND (id <= 4604951))

table 7 : explain SELECT c FROM sbtest7 WHERE id BETWEEN 3389213 AND 3390212
	Bitmap Heap Scan on sbtest7  (cost=29.56..3459.62 rows=890 width=121)
	  Recheck Cond: ((id >= 3389213) AND (id <= 3390212))
	  ->  Bitmap Index Scan on sbtest7_pkey  (cost=0.00..29.33 rows=890 width=0)
	        Index Cond: ((id >= 3389213) AND (id <= 3390212))

table 8 : explain SELECT c FROM sbtest8 WHERE id BETWEEN 4402478 AND 4403477
	Bitmap Heap Scan on sbtest8  (cost=34.65..3864.86 rows=997 width=121)
	  Recheck Cond: ((id >= 4402478) AND (id <= 4403477))
	  ->  Bitmap Index Scan on sbtest8_pkey  (cost=0.00..34.41 rows=997 width=0)
	        Index Cond: ((id >= 4402478) AND (id <= 4403477))

for: sum_ranges
table 1 : explain SELECT SUM(k) FROM sbtest1 WHERE id BETWEEN 126084 AND 127083
	Aggregate  (cost=3854.24..3854.25 rows=1 width=8)
	  ->  Bitmap Heap Scan on sbtest1  (cost=34.61..3851.76 rows=993 width=4)
	        Recheck Cond: ((id >= 126084) AND (id <= 127083))
	        ->  Bitmap Index Scan on sbtest1_pkey  (cost=0.00..34.37 rows=993 width=0)
	              Index Cond: ((id >= 126084) AND (id <= 127083))

table 2 : explain SELECT SUM(k) FROM sbtest2 WHERE id BETWEEN 2652916 AND 2653915
	Aggregate  (cost=3809.36..3809.37 rows=1 width=8)
	  ->  Bitmap Heap Scan on sbtest2  (cost=34.50..3806.91 rows=982 width=4)
	        Recheck Cond: ((id >= 2652916) AND (id <= 2653915))
	        ->  Bitmap Index Scan on sbtest2_pkey  (cost=0.00..34.26 rows=982 width=0)
	              Index Cond: ((id >= 2652916) AND (id <= 2653915))

table 3 : explain SELECT SUM(k) FROM sbtest3 WHERE id BETWEEN 307463 AND 308462
	Aggregate  (cost=3909.68..3909.69 rows=1 width=8)
	  ->  Bitmap Heap Scan on sbtest3  (cost=34.76..3907.16 rows=1007 width=4)
	        Recheck Cond: ((id >= 307463) AND (id <= 308462))
	        ->  Bitmap Index Scan on sbtest3_pkey  (cost=0.00..34.51 rows=1007 width=0)
	              Index Cond: ((id >= 307463) AND (id <= 308462))

table 4 : explain SELECT SUM(k) FROM sbtest4 WHERE id BETWEEN 8847736 AND 8848735
	Aggregate  (cost=4008.20..4008.21 rows=1 width=8)
	  ->  Bitmap Heap Scan on sbtest4  (cost=35.02..4005.62 rows=1033 width=4)
	        Recheck Cond: ((id >= 8847736) AND (id <= 8848735))
	        ->  Bitmap Index Scan on sbtest4_pkey  (cost=0.00..34.77 rows=1033 width=0)
	              Index Cond: ((id >= 8847736) AND (id <= 8848735))

table 5 : explain SELECT SUM(k) FROM sbtest5 WHERE id BETWEEN 5240364 AND 5241363
	Aggregate  (cost=4629.54..4629.55 rows=1 width=8)
	  ->  Bitmap Heap Scan on sbtest5  (cost=40.71..4626.54 rows=1198 width=4)
	        Recheck Cond: ((id >= 5240364) AND (id <= 5241363))
	        ->  Bitmap Index Scan on sbtest5_pkey  (cost=0.00..40.42 rows=1198 width=0)
	              Index Cond: ((id >= 5240364) AND (id <= 5241363))

table 6 : explain SELECT SUM(k) FROM sbtest6 WHERE id BETWEEN 4278370 AND 4279369
	Aggregate  (cost=3804.39..3804.40 rows=1 width=8)
	  ->  Bitmap Heap Scan on sbtest6  (cost=34.48..3801.94 rows=980 width=4)
	        Recheck Cond: ((id >= 4278370) AND (id <= 4279369))
	        ->  Bitmap Index Scan on sbtest6_pkey  (cost=0.00..34.23 rows=980 width=0)
	              Index Cond: ((id >= 4278370) AND (id <= 4279369))

table 7 : explain SELECT SUM(k) FROM sbtest7 WHERE id BETWEEN 5566681 AND 5567680
	Aggregate  (cost=3991.79..3991.80 rows=1 width=8)
	  ->  Bitmap Heap Scan on sbtest7  (cost=34.98..3989.22 rows=1029 width=4)
	        Recheck Cond: ((id >= 5566681) AND (id <= 5567680))
	        ->  Bitmap Index Scan on sbtest7_pkey  (cost=0.00..34.73 rows=1029 width=0)
	              Index Cond: ((id >= 5566681) AND (id <= 5567680))

table 8 : explain SELECT SUM(k) FROM sbtest8 WHERE id BETWEEN 15487 AND 16486
	Aggregate  (cost=3519.42..3519.43 rows=1 width=8)
	  ->  Bitmap Heap Scan on sbtest8  (cost=29.72..3517.16 rows=906 width=4)
	        Recheck Cond: ((id >= 15487) AND (id <= 16486))
	        ->  Bitmap Index Scan on sbtest8_pkey  (cost=0.00..29.50 rows=906 width=0)
	              Index Cond: ((id >= 15487) AND (id <= 16486))

for: order_ranges
table 1 : explain SELECT c FROM sbtest1 WHERE id BETWEEN 8566159 AND 8567158 ORDER BY c
	Sort  (cost=3847.53..3849.98 rows=979 width=121)
	  Sort Key: c
	  ->  Bitmap Heap Scan on sbtest1  (cost=34.47..3798.90 rows=979 width=121)
	        Recheck Cond: ((id >= 8566159) AND (id <= 8567158))
	        ->  Bitmap Index Scan on sbtest1_pkey  (cost=0.00..34.23 rows=979 width=0)
	              Index Cond: ((id >= 8566159) AND (id <= 8567158))

table 2 : explain SELECT c FROM sbtest2 WHERE id BETWEEN 7154864 AND 7155863 ORDER BY c
	Sort  (cost=4031.66..4034.23 rows=1028 width=121)
	  Sort Key: c
	  ->  Bitmap Heap Scan on sbtest2  (cost=34.97..3980.24 rows=1028 width=121)
	        Recheck Cond: ((id >= 7154864) AND (id <= 7155863))
	        ->  Bitmap Index Scan on sbtest2_pkey  (cost=0.00..34.72 rows=1028 width=0)
	              Index Cond: ((id >= 7154864) AND (id <= 7155863))

table 3 : explain SELECT c FROM sbtest3 WHERE id BETWEEN 4991712 AND 4992711 ORDER BY c
	Sort  (cost=3596.49..3598.77 rows=913 width=121)
	  Sort Key: c
	  ->  Bitmap Heap Scan on sbtest3  (cost=33.79..3551.60 rows=913 width=121)
	        Recheck Cond: ((id >= 4991712) AND (id <= 4992711))
	        ->  Bitmap Index Scan on sbtest3_pkey  (cost=0.00..33.57 rows=913 width=0)
	              Index Cond: ((id >= 4991712) AND (id <= 4992711))

table 4 : explain SELECT c FROM sbtest4 WHERE id BETWEEN 8738357 AND 8739356 ORDER BY c
	Sort  (cost=4313.95..4316.69 rows=1099 width=121)
	  Sort Key: c
	  ->  Bitmap Heap Scan on sbtest4  (cost=39.70..4258.43 rows=1099 width=121)
	        Recheck Cond: ((id >= 8738357) AND (id <= 8739356))
	        ->  Bitmap Index Scan on sbtest4_pkey  (cost=0.00..39.43 rows=1099 width=0)
	              Index Cond: ((id >= 8738357) AND (id <= 8739356))

table 5 : explain SELECT c FROM sbtest5 WHERE id BETWEEN 132764 AND 133763 ORDER BY c
	Sort  (cost=3853.80..3856.25 rows=980 width=121)
	  Sort Key: c
	  ->  Bitmap Heap Scan on sbtest5  (cost=34.48..3805.11 rows=980 width=121)
	        Recheck Cond: ((id >= 132764) AND (id <= 133763))
	        ->  Bitmap Index Scan on sbtest5_pkey  (cost=0.00..34.23 rows=980 width=0)
	              Index Cond: ((id >= 132764) AND (id <= 133763))

table 6 : explain SELECT c FROM sbtest6 WHERE id BETWEEN 6319010 AND 6320009 ORDER BY c
	Sort  (cost=4087.98..4090.59 rows=1042 width=121)
	  Sort Key: c
	  ->  Bitmap Heap Scan on sbtest6  (cost=35.12..4035.75 rows=1042 width=121)
	        Recheck Cond: ((id >= 6319010) AND (id <= 6320009))
	        ->  Bitmap Index Scan on sbtest6_pkey  (cost=0.00..34.86 rows=1042 width=0)
	              Index Cond: ((id >= 6319010) AND (id <= 6320009))

table 7 : explain SELECT c FROM sbtest7 WHERE id BETWEEN 6596878 AND 6597877 ORDER BY c
	Sort  (cost=3653.30..3655.62 rows=928 width=121)
	  Sort Key: c
	  ->  Bitmap Heap Scan on sbtest7  (cost=33.95..3607.56 rows=928 width=121)
	        Recheck Cond: ((id >= 6596878) AND (id <= 6597877))
	        ->  Bitmap Index Scan on sbtest7_pkey  (cost=0.00..33.72 rows=928 width=0)
	              Index Cond: ((id >= 6596878) AND (id <= 6597877))

table 8 : explain SELECT c FROM sbtest8 WHERE id BETWEEN 9840574 AND 9841573 ORDER BY c
	Sort  (cost=3948.97..3951.48 rows=1006 width=121)
	  Sort Key: c
	  ->  Bitmap Heap Scan on sbtest8  (cost=34.75..3898.80 rows=1006 width=121)
	        Recheck Cond: ((id >= 9840574) AND (id <= 9841573))
	        ->  Bitmap Index Scan on sbtest8_pkey  (cost=0.00..34.50 rows=1006 width=0)
	              Index Cond: ((id >= 9840574) AND (id <= 9841573))

for: distinct_ranges
table 1 : explain SELECT DISTINCT c FROM sbtest1 WHERE id BETWEEN 801026 AND 802025 ORDER BY c
	Unique  (cost=3859.03..3863.94 rows=982 width=121)
	  ->  Sort  (cost=3859.03..3861.49 rows=982 width=121)
	        Sort Key: c
	        ->  Bitmap Heap Scan on sbtest1  (cost=34.50..3810.23 rows=982 width=121)
	              Recheck Cond: ((id >= 801026) AND (id <= 802025))
	              ->  Bitmap Index Scan on sbtest1_pkey  (cost=0.00..34.26 rows=982 width=0)
	                    Index Cond: ((id >= 801026) AND (id <= 802025))

table 2 : explain SELECT DISTINCT c FROM sbtest2 WHERE id BETWEEN 445197 AND 446196 ORDER BY c
	Unique  (cost=3514.38..3518.85 rows=894 width=121)
	  ->  Sort  (cost=3514.38..3516.62 rows=894 width=121)
	        Sort Key: c
	        ->  Bitmap Heap Scan on sbtest2  (cost=29.60..3470.56 rows=894 width=121)
	              Recheck Cond: ((id >= 445197) AND (id <= 446196))
	              ->  Bitmap Index Scan on sbtest2_pkey  (cost=0.00..29.37 rows=894 width=0)
	                    Index Cond: ((id >= 445197) AND (id <= 446196))

table 3 : explain SELECT DISTINCT c FROM sbtest3 WHERE id BETWEEN 4483132 AND 4484131 ORDER BY c
	Unique  (cost=3769.39..3774.18 rows=958 width=121)
	  ->  Sort  (cost=3769.39..3771.79 rows=958 width=121)
	        Sort Key: c
	        ->  Bitmap Heap Scan on sbtest3  (cost=34.25..3721.95 rows=958 width=121)
	              Recheck Cond: ((id >= 4483132) AND (id <= 4484131))
	              ->  Bitmap Index Scan on sbtest3_pkey  (cost=0.00..34.02 rows=958 width=0)
	                    Index Cond: ((id >= 4483132) AND (id <= 4484131))

table 4 : explain SELECT DISTINCT c FROM sbtest4 WHERE id BETWEEN 6750628 AND 6751627 ORDER BY c
	Unique  (cost=3873.30..3878.23 rows=985 width=121)
	  ->  Sort  (cost=3873.30..3875.76 rows=985 width=121)
	        Sort Key: c
	        ->  Bitmap Heap Scan on sbtest4  (cost=34.53..3824.33 rows=985 width=121)
	              Recheck Cond: ((id >= 6750628) AND (id <= 6751627))
	              ->  Bitmap Index Scan on sbtest4_pkey  (cost=0.00..34.29 rows=985 width=0)
	                    Index Cond: ((id >= 6750628) AND (id <= 6751627))

table 5 : explain SELECT DISTINCT c FROM sbtest5 WHERE id BETWEEN 3768248 AND 3769247 ORDER BY c
	Unique  (cost=4653.48..4659.42 rows=1189 width=121)
	  ->  Sort  (cost=4653.48..4656.45 rows=1189 width=121)
	        Sort Key: c
	        ->  Bitmap Heap Scan on sbtest5  (cost=40.62..4592.75 rows=1189 width=121)
	              Recheck Cond: ((id >= 3768248) AND (id <= 3769247))
	              ->  Bitmap Index Scan on sbtest5_pkey  (cost=0.00..40.33 rows=1189 width=0)
	                    Index Cond: ((id >= 3768248) AND (id <= 3769247))

table 6 : explain SELECT DISTINCT c FROM sbtest6 WHERE id BETWEEN 2659421 AND 2660420 ORDER BY c
	Unique  (cost=3842.96..3847.85 rows=978 width=121)
	  ->  Sort  (cost=3842.96..3845.41 rows=978 width=121)
	        Sort Key: c
	        ->  Bitmap Heap Scan on sbtest6  (cost=34.46..3794.39 rows=978 width=121)
	              Recheck Cond: ((id >= 2659421) AND (id <= 2660420))
	              ->  Bitmap Index Scan on sbtest6_pkey  (cost=0.00..34.22 rows=978 width=0)
	                    Index Cond: ((id >= 2659421) AND (id <= 2660420))

table 7 : explain SELECT DISTINCT c FROM sbtest7 WHERE id BETWEEN 5610603 AND 5611602 ORDER BY c
	Unique  (cost=4331.62..4337.14 rows=1104 width=121)
	  ->  Sort  (cost=4331.62..4334.38 rows=1104 width=121)
	        Sort Key: c
	        ->  Bitmap Heap Scan on sbtest7  (cost=39.75..4275.82 rows=1104 width=121)
	              Recheck Cond: ((id >= 5610603) AND (id <= 5611602))
	              ->  Bitmap Index Scan on sbtest7_pkey  (cost=0.00..39.48 rows=1104 width=0)
	                    Index Cond: ((id >= 5610603) AND (id <= 5611602))

table 8 : explain SELECT DISTINCT c FROM sbtest8 WHERE id BETWEEN 372051 AND 373050 ORDER BY c
	Unique  (cost=3684.61..3689.30 rows=937 width=121)
	  ->  Sort  (cost=3684.61..3686.96 rows=937 width=121)
	        Sort Key: c
	        ->  Bitmap Heap Scan on sbtest8  (cost=34.04..3638.36 rows=937 width=121)
	              Recheck Cond: ((id >= 372051) AND (id <= 373050))
	              ->  Bitmap Index Scan on sbtest8_pkey  (cost=0.00..33.81 rows=937 width=0)
	                    Index Cond: ((id >= 372051) AND (id <= 373050))

for: simple_ranges
table 1 : explain SELECT c FROM sbtest1 WHERE id BETWEEN 423001 AND 424000
	Bitmap Heap Scan on sbtest1  (cost=34.87..3946.08 rows=1018 width=121)
	  Recheck Cond: ((id >= 423001) AND (id <= 424000))
	  ->  Bitmap Index Scan on sbtest1_pkey  (cost=0.00..34.62 rows=1018 width=0)
	        Index Cond: ((id >= 423001) AND (id <= 424000))

table 2 : explain SELECT c FROM sbtest2 WHERE id BETWEEN 150438 AND 151437
	Bitmap Heap Scan on sbtest2  (cost=35.29..4096.89 rows=1059 width=121)
	  Recheck Cond: ((id >= 150438) AND (id <= 151437))
	  ->  Bitmap Index Scan on sbtest2_pkey  (cost=0.00..35.03 rows=1059 width=0)
	        Index Cond: ((id >= 150438) AND (id <= 151437))

table 3 : explain SELECT c FROM sbtest3 WHERE id BETWEEN 2792352 AND 2793351
	Bitmap Heap Scan on sbtest3  (cost=34.00..3627.34 rows=933 width=121)
	  Recheck Cond: ((id >= 2792352) AND (id <= 2793351))
	  ->  Bitmap Index Scan on sbtest3_pkey  (cost=0.00..33.77 rows=933 width=0)
	        Index Cond: ((id >= 2792352) AND (id <= 2793351))

table 4 : explain SELECT c FROM sbtest4 WHERE id BETWEEN 91160 AND 92159
	Bitmap Heap Scan on sbtest4  (cost=35.16..4054.67 rows=1046 width=121)
	  Recheck Cond: ((id >= 91160) AND (id <= 92159))
	  ->  Bitmap Index Scan on sbtest4_pkey  (cost=0.00..34.90 rows=1046 width=0)
	        Index Cond: ((id >= 91160) AND (id <= 92159))

table 5 : explain SELECT c FROM sbtest5 WHERE id BETWEEN 8495967 AND 8496966
	Bitmap Heap Scan on sbtest5  (cost=35.02..4005.27 rows=1033 width=121)
	  Recheck Cond: ((id >= 8495967) AND (id <= 8496966))
	  ->  Bitmap Index Scan on sbtest5_pkey  (cost=0.00..34.77 rows=1033 width=0)
	        Index Cond: ((id >= 8495967) AND (id <= 8496966))

table 6 : explain SELECT c FROM sbtest6 WHERE id BETWEEN 4219543 AND 4220542
	Bitmap Heap Scan on sbtest6  (cost=34.48..3801.94 rows=980 width=121)
	  Recheck Cond: ((id >= 4219543) AND (id <= 4220542))
	  ->  Bitmap Index Scan on sbtest6_pkey  (cost=0.00..34.23 rows=980 width=0)
	        Index Cond: ((id >= 4219543) AND (id <= 4220542))

table 7 : explain SELECT c FROM sbtest7 WHERE id BETWEEN 7498771 AND 7499770
	Bitmap Heap Scan on sbtest7  (cost=35.06..4019.40 rows=1037 width=121)
	  Recheck Cond: ((id >= 7498771) AND (id <= 7499770))
	  ->  Bitmap Index Scan on sbtest7_pkey  (cost=0.00..34.81 rows=1037 width=0)
	        Index Cond: ((id >= 7498771) AND (id <= 7499770))

table 8 : explain SELECT c FROM sbtest8 WHERE id BETWEEN 6809711 AND 6810710
	Bitmap Heap Scan on sbtest8  (cost=34.41..3774.32 rows=973 width=121)
	  Recheck Cond: ((id >= 6809711) AND (id <= 6810710))
	  ->  Bitmap Index Scan on sbtest8_pkey  (cost=0.00..34.17 rows=973 width=0)
	        Index Cond: ((id >= 6809711) AND (id <= 6810710))

for: order_ranges
table 1 : explain SELECT c FROM sbtest1 WHERE id BETWEEN 879192 AND 880191 ORDER BY c
	Sort  (cost=3859.03..3861.49 rows=982 width=121)
	  Sort Key: c
	  ->  Bitmap Heap Scan on sbtest1  (cost=34.50..3810.23 rows=982 width=121)
	        Recheck Cond: ((id >= 879192) AND (id <= 880191))
	        ->  Bitmap Index Scan on sbtest1_pkey  (cost=0.00..34.26 rows=982 width=0)
	              Index Cond: ((id >= 879192) AND (id <= 880191))

table 2 : explain SELECT c FROM sbtest2 WHERE id BETWEEN 6355500 AND 6356499 ORDER BY c
	Sort  (cost=4108.09..4110.71 rows=1048 width=121)
	  Sort Key: c
	  ->  Bitmap Heap Scan on sbtest2  (cost=35.18..4055.51 rows=1048 width=121)
	        Recheck Cond: ((id >= 6355500) AND (id <= 6356499))
	        ->  Bitmap Index Scan on sbtest2_pkey  (cost=0.00..34.92 rows=1048 width=0)
	              Index Cond: ((id >= 6355500) AND (id <= 6356499))

table 3 : explain SELECT c FROM sbtest3 WHERE id BETWEEN 2065762 AND 2066761 ORDER BY c
	Sort  (cost=3815.46..3817.88 rows=970 width=121)
	  Sort Key: c
	  ->  Bitmap Heap Scan on sbtest3  (cost=34.38..3767.34 rows=970 width=121)
	        Recheck Cond: ((id >= 2065762) AND (id <= 2066761))
	        ->  Bitmap Index Scan on sbtest3_pkey  (cost=0.00..34.14 rows=970 width=0)
	              Index Cond: ((id >= 2065762) AND (id <= 2066761))

table 4 : explain SELECT c FROM sbtest4 WHERE id BETWEEN 8713958 AND 8714957 ORDER BY c
	Sort  (cost=4313.95..4316.69 rows=1099 width=121)
	  Sort Key: c
	  ->  Bitmap Heap Scan on sbtest4  (cost=39.70..4258.43 rows=1099 width=121)
	        Recheck Cond: ((id >= 8713958) AND (id <= 8714957))
	        ->  Bitmap Index Scan on sbtest4_pkey  (cost=0.00..39.43 rows=1099 width=0)
	              Index Cond: ((id >= 8713958) AND (id <= 8714957))

table 5 : explain SELECT c FROM sbtest5 WHERE id BETWEEN 3079392 AND 3080391 ORDER BY c
	Sort  (cost=4206.30..4208.98 rows=1072 width=121)
	  Sort Key: c
	  ->  Bitmap Heap Scan on sbtest5  (cost=35.42..4152.34 rows=1072 width=121)
	        Recheck Cond: ((id >= 3079392) AND (id <= 3080391))
	        ->  Bitmap Index Scan on sbtest5_pkey  (cost=0.00..35.16 rows=1072 width=0)
	              Index Cond: ((id >= 3079392) AND (id <= 3080391))

table 6 : explain SELECT c FROM sbtest6 WHERE id BETWEEN 1251367 AND 1252366 ORDER BY c
	Sort  (cost=4202.67..4205.35 rows=1072 width=121)
	  Sort Key: c
	  ->  Bitmap Heap Scan on sbtest6  (cost=35.42..4148.72 rows=1072 width=121)
	        Recheck Cond: ((id >= 1251367) AND (id <= 1252366))
	        ->  Bitmap Index Scan on sbtest6_pkey  (cost=0.00..35.16 rows=1072 width=0)
	              Index Cond: ((id >= 1251367) AND (id <= 1252366))

table 7 : explain SELECT c FROM sbtest7 WHERE id BETWEEN 4903130 AND 4904129 ORDER BY c
	Sort  (cost=3695.55..3697.90 rows=939 width=121)
	  Sort Key: c
	  ->  Bitmap Heap Scan on sbtest7  (cost=34.06..3649.19 rows=939 width=121)
	        Recheck Cond: ((id >= 4903130) AND (id <= 4904129))
	        ->  Bitmap Index Scan on sbtest7_pkey  (cost=0.00..33.83 rows=939 width=0)
	              Index Cond: ((id >= 4903130) AND (id <= 4904129))

table 8 : explain SELECT c FROM sbtest8 WHERE id BETWEEN 4568880 AND 4569879 ORDER BY c
	Sort  (cost=4052.26..4054.84 rows=1033 width=121)
	  Sort Key: c
	  ->  Bitmap Heap Scan on sbtest8  (cost=35.02..4000.54 rows=1033 width=121)
	        Recheck Cond: ((id >= 4568880) AND (id <= 4569879))
	        ->  Bitmap Index Scan on sbtest8_pkey  (cost=0.00..34.77 rows=1033 width=0)
	              Index Cond: ((id >= 4568880) AND (id <= 4569879))

for: distinct_ranges
table 1 : explain SELECT DISTINCT c FROM sbtest1 WHERE id BETWEEN 2040651 AND 2041650 ORDER BY c
	Unique  (cost=3786.19..3791.00 rows=963 width=121)
	  ->  Sort  (cost=3786.19..3788.59 rows=963 width=121)
	        Sort Key: c
	        ->  Bitmap Heap Scan on sbtest1  (cost=34.31..3738.46 rows=963 width=121)
	              Recheck Cond: ((id >= 2040651) AND (id <= 2041650))
	              ->  Bitmap Index Scan on sbtest1_pkey  (cost=0.00..34.07 rows=963 width=0)
	                    Index Cond: ((id >= 2040651) AND (id <= 2041650))

table 2 : explain SELECT DISTINCT c FROM sbtest2 WHERE id BETWEEN 4376073 AND 4377072 ORDER BY c
	Unique  (cost=4001.08..4006.18 rows=1020 width=121)
	  ->  Sort  (cost=4001.08..4003.63 rows=1020 width=121)
	        Sort Key: c
	        ->  Bitmap Heap Scan on sbtest2  (cost=34.89..3950.11 rows=1020 width=121)
	              Recheck Cond: ((id >= 4376073) AND (id <= 4377072))
	              ->  Bitmap Index Scan on sbtest2_pkey  (cost=0.00..34.64 rows=1020 width=0)
	                    Index Cond: ((id >= 4376073) AND (id <= 4377072))

table 3 : explain SELECT DISTINCT c FROM sbtest3 WHERE id BETWEEN 4602067 AND 4603066 ORDER BY c
	Unique  (cost=3627.25..3631.85 rows=921 width=121)
	  ->  Sort  (cost=3627.25..3629.55 rows=921 width=121)
	        Sort Key: c
	        ->  Bitmap Heap Scan on sbtest3  (cost=33.88..3581.90 rows=921 width=121)
	              Recheck Cond: ((id >= 4602067) AND (id <= 4603066))
	              ->  Bitmap Index Scan on sbtest3_pkey  (cost=0.00..33.65 rows=921 width=0)
	                    Index Cond: ((id >= 4602067) AND (id <= 4603066))

table 4 : explain SELECT DISTINCT c FROM sbtest4 WHERE id BETWEEN 5645284 AND 5646283 ORDER BY c
	Unique  (cost=4042.01..4047.15 rows=1029 width=121)
	  ->  Sort  (cost=4042.01..4044.58 rows=1029 width=121)
	        Sort Key: c
	        ->  Bitmap Heap Scan on sbtest4  (cost=34.98..3990.52 rows=1029 width=121)
	              Recheck Cond: ((id >= 5645284) AND (id <= 5646283))
	              ->  Bitmap Index Scan on sbtest4_pkey  (cost=0.00..34.73 rows=1029 width=0)
	                    Index Cond: ((id >= 5645284) AND (id <= 5646283))

table 5 : explain SELECT DISTINCT c FROM sbtest5 WHERE id BETWEEN 1780296 AND 1781295 ORDER BY c
	Unique  (cost=3826.93..3831.80 rows=973 width=121)
	  ->  Sort  (cost=3826.93..3829.37 rows=973 width=121)
	        Sort Key: c
	        ->  Bitmap Heap Scan on sbtest5  (cost=34.41..3778.64 rows=973 width=121)
	              Recheck Cond: ((id >= 1780296) AND (id <= 1781295))
	              ->  Bitmap Index Scan on sbtest5_pkey  (cost=0.00..34.17 rows=973 width=0)
	                    Index Cond: ((id >= 1780296) AND (id <= 1781295))

table 6 : explain SELECT DISTINCT c FROM sbtest6 WHERE id BETWEEN 1127180 AND 1128179 ORDER BY c
	Unique  (cost=3681.90..3686.58 rows=936 width=121)
	  ->  Sort  (cost=3681.90..3684.24 rows=936 width=121)
	        Sort Key: c
	        ->  Bitmap Heap Scan on sbtest6  (cost=34.03..3635.71 rows=936 width=121)
	              Recheck Cond: ((id >= 1127180) AND (id <= 1128179))
	              ->  Bitmap Index Scan on sbtest6_pkey  (cost=0.00..33.80 rows=936 width=0)
	                    Index Cond: ((id >= 1127180) AND (id <= 1128179))

table 7 : explain SELECT DISTINCT c FROM sbtest7 WHERE id BETWEEN 5596433 AND 5597432 ORDER BY c
	Unique  (cost=4331.62..4337.14 rows=1104 width=121)
	  ->  Sort  (cost=4331.62..4334.38 rows=1104 width=121)
	        Sort Key: c
	        ->  Bitmap Heap Scan on sbtest7  (cost=39.75..4275.82 rows=1104 width=121)
	              Recheck Cond: ((id >= 5596433) AND (id <= 5597432))
	              ->  Bitmap Index Scan on sbtest7_pkey  (cost=0.00..39.48 rows=1104 width=0)
	                    Index Cond: ((id >= 5596433) AND (id <= 5597432))

table 8 : explain SELECT DISTINCT c FROM sbtest8 WHERE id BETWEEN 73030 AND 74029 ORDER BY c
	Unique  (cost=3561.65..3566.18 rows=906 width=121)
	  ->  Sort  (cost=3561.65..3563.92 rows=906 width=121)
	        Sort Key: c
	        ->  Bitmap Heap Scan on sbtest8  (cost=29.72..3517.16 rows=906 width=121)
	              Recheck Cond: ((id >= 73030) AND (id <= 74029))
	              ->  Bitmap Index Scan on sbtest8_pkey  (cost=0.00..29.50 rows=906 width=0)
	                    Index Cond: ((id >= 73030) AND (id <= 74029))

for: order_ranges
table 1 : explain SELECT c FROM sbtest1 WHERE id BETWEEN 3734701 AND 3735700 ORDER BY c
	Sort  (cost=4127.05..4129.68 rows=1052 width=121)
	  Sort Key: c
	  ->  Bitmap Heap Scan on sbtest1  (cost=35.22..4074.24 rows=1052 width=121)
	        Recheck Cond: ((id >= 3734701) AND (id <= 3735700))
	        ->  Bitmap Index Scan on sbtest1_pkey  (cost=0.00..34.95 rows=1052 width=0)
	              Index Cond: ((id >= 3734701) AND (id <= 3735700))

table 2 : explain SELECT c FROM sbtest2 WHERE id BETWEEN 5165395 AND 5166394 ORDER BY c
	Sort  (cost=3928.42..3930.92 rows=1001 width=121)
	  Sort Key: c
	  ->  Bitmap Heap Scan on sbtest2  (cost=34.70..3878.53 rows=1001 width=121)
	        Recheck Cond: ((id >= 5165395) AND (id <= 5166394))
	        ->  Bitmap Index Scan on sbtest2_pkey  (cost=0.00..34.45 rows=1001 width=0)
	              Index Cond: ((id >= 5165395) AND (id <= 5166394))

table 3 : explain SELECT c FROM sbtest3 WHERE id BETWEEN 6274631 AND 6275630 ORDER BY c
	Sort  (cost=4302.14..4304.88 rows=1096 width=121)
	  Sort Key: c
	  ->  Bitmap Heap Scan on sbtest3  (cost=39.67..4246.80 rows=1096 width=121)
	        Recheck Cond: ((id >= 6274631) AND (id <= 6275630))
	        ->  Bitmap Index Scan on sbtest3_pkey  (cost=0.00..39.40 rows=1096 width=0)
	              Index Cond: ((id >= 6274631) AND (id <= 6275630))

table 4 : explain SELECT c FROM sbtest4 WHERE id BETWEEN 6118470 AND 6119469 ORDER BY c
	Sort  (cost=4325.42..4328.17 rows=1102 width=121)
	  Sort Key: c
	  ->  Bitmap Heap Scan on sbtest4  (cost=39.73..4269.73 rows=1102 width=121)
	        Recheck Cond: ((id >= 6118470) AND (id <= 6119469))
	        ->  Bitmap Index Scan on sbtest4_pkey  (cost=0.00..39.45 rows=1102 width=0)
	              Index Cond: ((id >= 6118470) AND (id <= 6119469))

table 5 : explain SELECT c FROM sbtest5 WHERE id BETWEEN 846197 AND 847196 ORDER BY c
	Sort  (cost=3869.14..3871.60 rows=984 width=121)
	  Sort Key: c
	  ->  Bitmap Heap Scan on sbtest5  (cost=34.52..3820.22 rows=984 width=121)
	        Recheck Cond: ((id >= 846197) AND (id <= 847196))
	        ->  Bitmap Index Scan on sbtest5_pkey  (cost=0.00..34.28 rows=984 width=0)
	              Index Cond: ((id >= 846197) AND (id <= 847196))

table 6 : explain SELECT c FROM sbtest6 WHERE id BETWEEN 3155451 AND 3156450 ORDER BY c
	Sort  (cost=3881.28..3883.75 rows=988 width=121)
	  Sort Key: c
	  ->  Bitmap Heap Scan on sbtest6  (cost=34.56..3832.14 rows=988 width=121)
	        Recheck Cond: ((id >= 3155451) AND (id <= 3156450))
	        ->  Bitmap Index Scan on sbtest6_pkey  (cost=0.00..34.32 rows=988 width=0)
	              Index Cond: ((id >= 3155451) AND (id <= 3156450))

table 7 : explain SELECT c FROM sbtest7 WHERE id BETWEEN 1112995 AND 1113994 ORDER BY c
	Sort  (cost=3891.26..3893.73 rows=990 width=121)
	  Sort Key: c
	  ->  Bitmap Heap Scan on sbtest7  (cost=34.58..3842.00 rows=990 width=121)
	        Recheck Cond: ((id >= 1112995) AND (id <= 1113994))
	        ->  Bitmap Index Scan on sbtest7_pkey  (cost=0.00..34.34 rows=990 width=0)
	              Index Cond: ((id >= 1112995) AND (id <= 1113994))

table 8 : explain SELECT c FROM sbtest8 WHERE id BETWEEN 476402 AND 477401 ORDER BY c
	Sort  (cost=3542.46..3544.71 rows=901 width=121)
	  Sort Key: c
	  ->  Bitmap Heap Scan on sbtest8  (cost=29.67..3498.24 rows=901 width=121)
	        Recheck Cond: ((id >= 476402) AND (id <= 477401))
	        ->  Bitmap Index Scan on sbtest8_pkey  (cost=0.00..29.44 rows=901 width=0)
	              Index Cond: ((id >= 476402) AND (id <= 477401))

for: distinct_ranges
table 1 : explain SELECT DISTINCT c FROM sbtest1 WHERE id BETWEEN 1641135 AND 1642134 ORDER BY c
	Unique  (cost=4192.05..4197.40 rows=1069 width=121)
	  ->  Sort  (cost=4192.05..4194.72 rows=1069 width=121)
	        Sort Key: c
	        ->  Bitmap Heap Scan on sbtest1  (cost=35.39..4138.27 rows=1069 width=121)
	              Recheck Cond: ((id >= 1641135) AND (id <= 1642134))
	              ->  Bitmap Index Scan on sbtest1_pkey  (cost=0.00..35.12 rows=1069 width=0)
	                    Index Cond: ((id >= 1641135) AND (id <= 1642134))

table 2 : explain SELECT DISTINCT c FROM sbtest2 WHERE id BETWEEN 9837440 AND 9838439 ORDER BY c
	Unique  (cost=4062.24..4067.42 rows=1036 width=121)
	  ->  Sort  (cost=4062.24..4064.83 rows=1036 width=121)
	        Sort Key: c
	        ->  Bitmap Heap Scan on sbtest2  (cost=35.05..4010.35 rows=1036 width=121)
	              Recheck Cond: ((id >= 9837440) AND (id <= 9838439))
	              ->  Bitmap Index Scan on sbtest2_pkey  (cost=0.00..34.80 rows=1036 width=0)
	                    Index Cond: ((id >= 9837440) AND (id <= 9838439))

table 3 : explain SELECT DISTINCT c FROM sbtest3 WHERE id BETWEEN 617969 AND 618968 ORDER BY c
	Unique  (cost=3915.21..3920.19 rows=996 width=121)
	  ->  Sort  (cost=3915.21..3917.70 rows=996 width=121)
	        Sort Key: c
	        ->  Bitmap Heap Scan on sbtest3  (cost=34.64..3865.61 rows=996 width=121)
	              Recheck Cond: ((id >= 617969) AND (id <= 618968))
	              ->  Bitmap Index Scan on sbtest3_pkey  (cost=0.00..34.40 rows=996 width=0)
	                    Index Cond: ((id >= 617969) AND (id <= 618968))

table 4 : explain SELECT DISTINCT c FROM sbtest4 WHERE id BETWEEN 1667150 AND 1668149 ORDER BY c
	Unique  (cost=3604.43..3609.01 rows=915 width=121)
	  ->  Sort  (cost=3604.43..3606.72 rows=915 width=121)
	        Sort Key: c
	        ->  Bitmap Heap Scan on sbtest4  (cost=33.81..3559.43 rows=915 width=121)
	              Recheck Cond: ((id >= 1667150) AND (id <= 1668149))
	              ->  Bitmap Index Scan on sbtest4_pkey  (cost=0.00..33.59 rows=915 width=0)
	                    Index Cond: ((id >= 1667150) AND (id <= 1668149))

table 5 : explain SELECT DISTINCT c FROM sbtest5 WHERE id BETWEEN 3684778 AND 3685777 ORDER BY c
	Unique  (cost=3842.28..3847.17 rows=977 width=121)
	  ->  Sort  (cost=3842.28..3844.73 rows=977 width=121)
	        Sort Key: c
	        ->  Bitmap Heap Scan on sbtest5  (cost=34.45..3793.77 rows=977 width=121)
	              Recheck Cond: ((id >= 3684778) AND (id <= 3685777))
	              ->  Bitmap Index Scan on sbtest5_pkey  (cost=0.00..34.20 rows=977 width=0)
	                    Index Cond: ((id >= 3684778) AND (id <= 3685777))

table 6 : explain SELECT DISTINCT c FROM sbtest6 WHERE id BETWEEN 1206578 AND 1207577 ORDER BY c
	Unique  (cost=4202.67..4208.03 rows=1072 width=121)
	  ->  Sort  (cost=4202.67..4205.35 rows=1072 width=121)
	        Sort Key: c
	        ->  Bitmap Heap Scan on sbtest6  (cost=35.42..4148.72 rows=1072 width=121)
	              Recheck Cond: ((id >= 1206578) AND (id <= 1207577))
	              ->  Bitmap Index Scan on sbtest6_pkey  (cost=0.00..35.16 rows=1072 width=0)
	                    Index Cond: ((id >= 1206578) AND (id <= 1207577))

table 7 : explain SELECT DISTINCT c FROM sbtest7 WHERE id BETWEEN 6970950 AND 6971949 ORDER BY c
	Unique  (cost=3733.95..3738.69 rows=949 width=121)
	  ->  Sort  (cost=3733.95..3736.32 rows=949 width=121)
	        Sort Key: c
	        ->  Bitmap Heap Scan on sbtest7  (cost=34.16..3687.02 rows=949 width=121)
	              Recheck Cond: ((id >= 6970950) AND (id <= 6971949))
	              ->  Bitmap Index Scan on sbtest7_pkey  (cost=0.00..33.93 rows=949 width=0)
	                    Index Cond: ((id >= 6970950) AND (id <= 6971949))

table 8 : explain SELECT DISTINCT c FROM sbtest8 WHERE id BETWEEN 6971343 AND 6972342 ORDER BY c
	Unique  (cost=4040.78..4045.93 rows=1030 width=121)
	  ->  Sort  (cost=4040.78..4043.36 rows=1030 width=121)
	        Sort Key: c
	        ->  Bitmap Heap Scan on sbtest8  (cost=34.99..3989.24 rows=1030 width=121)
	              Recheck Cond: ((id >= 6971343) AND (id <= 6972342))
	              ->  Bitmap Index Scan on sbtest8_pkey  (cost=0.00..34.73 rows=1030 width=0)
	                    Index Cond: ((id >= 6971343) AND (id <= 6972342))

for: distinct_ranges
table 1 : explain SELECT DISTINCT c FROM sbtest1 WHERE id BETWEEN 7275156 AND 7276155 ORDER BY c
	Unique  (cost=3705.62..3710.33 rows=942 width=121)
	  ->  Sort  (cost=3705.62..3707.97 rows=942 width=121)
	        Sort Key: c
	        ->  Bitmap Heap Scan on sbtest1  (cost=34.09..3659.09 rows=942 width=121)
	              Recheck Cond: ((id >= 7275156) AND (id <= 7276155))
	              ->  Bitmap Index Scan on sbtest1_pkey  (cost=0.00..33.86 rows=942 width=0)
	                    Index Cond: ((id >= 7275156) AND (id <= 7276155))

table 2 : explain SELECT DISTINCT c FROM sbtest2 WHERE id BETWEEN 6382295 AND 6383294 ORDER BY c
	Unique  (cost=4108.09..4113.33 rows=1048 width=121)
	  ->  Sort  (cost=4108.09..4110.71 rows=1048 width=121)
	        Sort Key: c
	        ->  Bitmap Heap Scan on sbtest2  (cost=35.18..4055.51 rows=1048 width=121)
	              Recheck Cond: ((id >= 6382295) AND (id <= 6383294))
	              ->  Bitmap Index Scan on sbtest2_pkey  (cost=0.00..34.92 rows=1048 width=0)
	                    Index Cond: ((id >= 6382295) AND (id <= 6383294))

table 3 : explain SELECT DISTINCT c FROM sbtest3 WHERE id BETWEEN 8453417 AND 8454416 ORDER BY c
	Unique  (cost=4313.61..4319.10 rows=1099 width=121)
	  ->  Sort  (cost=4313.61..4316.36 rows=1099 width=121)
	        Sort Key: c
	        ->  Bitmap Heap Scan on sbtest3  (cost=39.70..4258.10 rows=1099 width=121)
	              Recheck Cond: ((id >= 8453417) AND (id <= 8454416))
	              ->  Bitmap Index Scan on sbtest3_pkey  (cost=0.00..39.43 rows=1099 width=0)
	                    Index Cond: ((id >= 8453417) AND (id <= 8454416))

table 4 : explain SELECT DISTINCT c FROM sbtest4 WHERE id BETWEEN 202869 AND 203868 ORDER BY c
	Unique  (cost=3903.99..3908.96 rows=993 width=121)
	  ->  Sort  (cost=3903.99..3906.47 rows=993 width=121)
	        Sort Key: c
	        ->  Bitmap Heap Scan on sbtest4  (cost=34.61..3854.56 rows=993 width=121)
	              Recheck Cond: ((id >= 202869) AND (id <= 203868))
	              ->  Bitmap Index Scan on sbtest4_pkey  (cost=0.00..34.37 rows=993 width=0)
	                    Index Cond: ((id >= 202869) AND (id <= 203868))

table 5 : explain SELECT DISTINCT c FROM sbtest5 WHERE id BETWEEN 1466393 AND 1467392 ORDER BY c
	Unique  (cost=4125.92..4131.18 rows=1051 width=121)
	  ->  Sort  (cost=4125.92..4128.55 rows=1051 width=121)
	        Sort Key: c
	        ->  Bitmap Heap Scan on sbtest5  (cost=35.21..4073.17 rows=1051 width=121)
	              Recheck Cond: ((id >= 1466393) AND (id <= 1467392))
	              ->  Bitmap Index Scan on sbtest5_pkey  (cost=0.00..34.95 rows=1051 width=0)
	                    Index Cond: ((id >= 1466393) AND (id <= 1467392))

table 6 : explain SELECT DISTINCT c FROM sbtest6 WHERE id BETWEEN 9271088 AND 9272087 ORDER BY c
	Unique  (cost=3946.39..3951.42 rows=1005 width=121)
	  ->  Sort  (cost=3946.39..3948.90 rows=1005 width=121)
	        Sort Key: c
	        ->  Bitmap Heap Scan on sbtest6  (cost=34.74..3896.28 rows=1005 width=121)
	              Recheck Cond: ((id >= 9271088) AND (id <= 9272087))
	              ->  Bitmap Index Scan on sbtest6_pkey  (cost=0.00..34.48 rows=1005 width=0)
	                    Index Cond: ((id >= 9271088) AND (id <= 9272087))

table 7 : explain SELECT DISTINCT c FROM sbtest7 WHERE id BETWEEN 4276186 AND 4277185 ORDER BY c
	Unique  (cost=3653.30..3657.94 rows=928 width=121)
	  ->  Sort  (cost=3653.30..3655.62 rows=928 width=121)
	        Sort Key: c
	        ->  Bitmap Heap Scan on sbtest7  (cost=33.95..3607.56 rows=928 width=121)
	              Recheck Cond: ((id >= 4276186) AND (id <= 4277185))
	              ->  Bitmap Index Scan on sbtest7_pkey  (cost=0.00..33.72 rows=928 width=0)
	                    Index Cond: ((id >= 4276186) AND (id <= 4277185))

table 8 : explain SELECT DISTINCT c FROM sbtest8 WHERE id BETWEEN 6206216 AND 6207215 ORDER BY c
	Unique  (cost=4178.38..4183.71 rows=1066 width=121)
	  ->  Sort  (cost=4178.38..4181.04 rows=1066 width=121)
	        Sort Key: c
	        ->  Bitmap Heap Scan on sbtest8  (cost=35.36..4124.77 rows=1066 width=121)
	              Recheck Cond: ((id >= 6206216) AND (id <= 6207215))
	              ->  Bitmap Index Scan on sbtest8_pkey  (cost=0.00..35.09 rows=1066 width=0)
	                    Index Cond: ((id >= 6206216) AND (id <= 6207215))

for: sum_ranges
table 1 : explain SELECT SUM(k) FROM sbtest1 WHERE id BETWEEN 8622535 AND 8623534
	Aggregate  (cost=3737.09..3737.10 rows=1 width=8)
	  ->  Bitmap Heap Scan on sbtest1  (cost=34.30..3734.68 rows=962 width=4)
	        Recheck Cond: ((id >= 8622535) AND (id <= 8623534))
	        ->  Bitmap Index Scan on sbtest1_pkey  (cost=0.00..34.06 rows=962 width=0)
	              Index Cond: ((id >= 8622535) AND (id <= 8623534))

table 2 : explain SELECT SUM(k) FROM sbtest2 WHERE id BETWEEN 1228521 AND 1229520
	Aggregate  (cost=3971.50..3971.51 rows=1 width=8)
	  ->  Bitmap Heap Scan on sbtest2  (cost=34.94..3968.94 rows=1025 width=4)
	        Recheck Cond: ((id >= 1228521) AND (id <= 1229520))
	        ->  Bitmap Index Scan on sbtest2_pkey  (cost=0.00..34.69 rows=1025 width=0)
	              Index Cond: ((id >= 1228521) AND (id <= 1229520))

table 3 : explain SELECT SUM(k) FROM sbtest3 WHERE id BETWEEN 8075226 AND 8076225
	Aggregate  (cost=3837.85..3837.86 rows=1 width=8)
	  ->  Bitmap Heap Scan on sbtest3  (cost=34.56..3835.38 rows=988 width=4)
	        Recheck Cond: ((id >= 8075226) AND (id <= 8076225))
	        ->  Bitmap Index Scan on sbtest3_pkey  (cost=0.00..34.32 rows=988 width=0)
	              Index Cond: ((id >= 8075226) AND (id <= 8076225))

table 4 : explain SELECT SUM(k) FROM sbtest4 WHERE id BETWEEN 5690968 AND 5691967
	Aggregate  (cost=3993.09..3993.10 rows=1 width=8)
	  ->  Bitmap Heap Scan on sbtest4  (cost=34.98..3990.52 rows=1029 width=4)
	        Recheck Cond: ((id >= 5690968) AND (id <= 5691967))
	        ->  Bitmap Index Scan on sbtest4_pkey  (cost=0.00..34.73 rows=1029 width=0)
	              Index Cond: ((id >= 5690968) AND (id <= 5691967))

table 5 : explain SELECT SUM(k) FROM sbtest5 WHERE id BETWEEN 9117503 AND 9118502
	Aggregate  (cost=3879.40..3879.41 rows=1 width=8)
	  ->  Bitmap Heap Scan on sbtest5  (cost=34.67..3876.90 rows=999 width=4)
	        Recheck Cond: ((id >= 9117503) AND (id <= 9118502))
	        ->  Bitmap Index Scan on sbtest5_pkey  (cost=0.00..34.43 rows=999 width=0)
	              Index Cond: ((id >= 9117503) AND (id <= 9118502))

table 6 : explain SELECT SUM(k) FROM sbtest6 WHERE id BETWEEN 6903913 AND 6904912
	Aggregate  (cost=3895.02..3895.03 rows=1 width=8)
	  ->  Bitmap Heap Scan on sbtest6  (cost=34.73..3892.51 rows=1004 width=4)
	        Recheck Cond: ((id >= 6903913) AND (id <= 6904912))
	        ->  Bitmap Index Scan on sbtest6_pkey  (cost=0.00..34.48 rows=1004 width=0)
	              Index Cond: ((id >= 6903913) AND (id <= 6904912))

table 7 : explain SELECT SUM(k) FROM sbtest7 WHERE id BETWEEN 5822047 AND 5823046
	Aggregate  (cost=4240.91..4240.92 rows=1 width=8)
	  ->  Bitmap Heap Scan on sbtest7  (cost=39.65..4238.18 rows=1094 width=4)
	        Recheck Cond: ((id >= 5822047) AND (id <= 5823046))
	        ->  Bitmap Index Scan on sbtest7_pkey  (cost=0.00..39.38 rows=1094 width=0)
	              Index Cond: ((id >= 5822047) AND (id <= 5823046))

table 8 : explain SELECT SUM(k) FROM sbtest8 WHERE id BETWEEN 1057708 AND 1058707
	Aggregate  (cost=3791.86..3791.87 rows=1 width=8)
	  ->  Bitmap Heap Scan on sbtest8  (cost=34.45..3789.42 rows=977 width=4)
	        Recheck Cond: ((id >= 1057708) AND (id <= 1058707))
	        ->  Bitmap Index Scan on sbtest8_pkey  (cost=0.00..34.20 rows=977 width=0)
	              Index Cond: ((id >= 1057708) AND (id <= 1058707))

for: order_ranges
table 1 : explain SELECT c FROM sbtest1 WHERE id BETWEEN 248016 AND 249015 ORDER BY c
	Sort  (cost=3578.75..3581.02 rows=910 width=121)
	  Sort Key: c
	  ->  Bitmap Heap Scan on sbtest1  (cost=29.76..3534.02 rows=910 width=121)
	        Recheck Cond: ((id >= 248016) AND (id <= 249015))
	        ->  Bitmap Index Scan on sbtest1_pkey  (cost=0.00..29.54 rows=910 width=0)
	              Index Cond: ((id >= 248016) AND (id <= 249015))

table 2 : explain SELECT c FROM sbtest2 WHERE id BETWEEN 8972678 AND 8973677 ORDER BY c
	Sort  (cost=4001.08..4003.63 rows=1020 width=121)
	  Sort Key: c
	  ->  Bitmap Heap Scan on sbtest2  (cost=34.89..3950.11 rows=1020 width=121)
	        Recheck Cond: ((id >= 8972678) AND (id <= 8973677))
	        ->  Bitmap Index Scan on sbtest2_pkey  (cost=0.00..34.64 rows=1020 width=0)
	              Index Cond: ((id >= 8972678) AND (id <= 8973677))

table 3 : explain SELECT c FROM sbtest3 WHERE id BETWEEN 6322931 AND 6323930 ORDER BY c
	Sort  (cost=3684.89..3687.23 rows=936 width=121)
	  Sort Key: c
	  ->  Bitmap Heap Scan on sbtest3  (cost=34.03..3638.70 rows=936 width=121)
	        Recheck Cond: ((id >= 6322931) AND (id <= 6323930))
	        ->  Bitmap Index Scan on sbtest3_pkey  (cost=0.00..33.80 rows=936 width=0)
	              Index Cond: ((id >= 6322931) AND (id <= 6323930))

table 4 : explain SELECT c FROM sbtest4 WHERE id BETWEEN 8936913 AND 8937912 ORDER BY c
	Sort  (cost=3930.84..3933.34 rows=1000 width=121)
	  Sort Key: c
	  ->  Bitmap Heap Scan on sbtest4  (cost=34.69..3881.01 rows=1000 width=121)
	        Recheck Cond: ((id >= 8936913) AND (id <= 8937912))
	        ->  Bitmap Index Scan on sbtest4_pkey  (cost=0.00..34.44 rows=1000 width=0)
	              Index Cond: ((id >= 8936913) AND (id <= 8937912))

table 5 : explain SELECT c FROM sbtest5 WHERE id BETWEEN 1482801 AND 1483800 ORDER BY c
	Sort  (cost=3865.31..3867.76 rows=983 width=121)
	  Sort Key: c
	  ->  Bitmap Heap Scan on sbtest5  (cost=34.51..3816.45 rows=983 width=121)
	        Recheck Cond: ((id >= 1482801) AND (id <= 1483800))
	        ->  Bitmap Index Scan on sbtest5_pkey  (cost=0.00..34.27 rows=983 width=0)
	              Index Cond: ((id >= 1482801) AND (id <= 1483800))

table 6 : explain SELECT c FROM sbtest6 WHERE id BETWEEN 6634918 AND 6635917 ORDER BY c
	Sort  (cost=3635.84..3638.15 rows=924 width=121)
	  Sort Key: c
	  ->  Bitmap Heap Scan on sbtest6  (cost=33.91..3590.33 rows=924 width=121)
	        Recheck Cond: ((id >= 6634918) AND (id <= 6635917))
	        ->  Bitmap Index Scan on sbtest6_pkey  (cost=0.00..33.68 rows=924 width=0)
	              Index Cond: ((id >= 6634918) AND (id <= 6635917))

table 7 : explain SELECT c FROM sbtest7 WHERE id BETWEEN 8520467 AND 8521466 ORDER BY c
	Sort  (cost=3714.75..3717.11 rows=944 width=121)
	  Sort Key: c
	  ->  Bitmap Heap Scan on sbtest7  (cost=34.11..3668.10 rows=944 width=121)
	        Recheck Cond: ((id >= 8520467) AND (id <= 8521466))
	        ->  Bitmap Index Scan on sbtest7_pkey  (cost=0.00..33.88 rows=944 width=0)
	              Index Cond: ((id >= 8520467) AND (id <= 8521466))

table 8 : explain SELECT c FROM sbtest8 WHERE id BETWEEN 1643413 AND 1644412 ORDER BY c
	Sort  (cost=3719.13..3721.49 rows=946 width=121)
	  Sort Key: c
	  ->  Bitmap Heap Scan on sbtest8  (cost=34.13..3672.37 rows=946 width=121)
	        Recheck Cond: ((id >= 1643413) AND (id <= 1644412))
	        ->  Bitmap Index Scan on sbtest8_pkey  (cost=0.00..33.90 rows=946 width=0)
	              Index Cond: ((id >= 1643413) AND (id <= 1644412))

for point_selects
table 1 : explain SELECT c FROM sbtest1 WHERE id=6446402
	Index Scan using sbtest1_pkey on sbtest1  (cost=0.43..8.45 rows=1 width=121)
	  Index Cond: (id = 6446402)

table 2 : explain SELECT c FROM sbtest2 WHERE id=491491
	Index Scan using sbtest2_pkey on sbtest2  (cost=0.43..8.45 rows=1 width=121)
	  Index Cond: (id = 491491)

table 3 : explain SELECT c FROM sbtest3 WHERE id=9122272
	Index Scan using sbtest3_pkey on sbtest3  (cost=0.43..8.45 rows=1 width=121)
	  Index Cond: (id = 9122272)

table 4 : explain SELECT c FROM sbtest4 WHERE id=9847332
	Index Scan using sbtest4_pkey on sbtest4  (cost=0.43..8.45 rows=1 width=121)
	  Index Cond: (id = 9847332)

table 5 : explain SELECT c FROM sbtest5 WHERE id=7961300
	Index Scan using sbtest5_pkey on sbtest5  (cost=0.43..8.45 rows=1 width=121)
	  Index Cond: (id = 7961300)

table 6 : explain SELECT c FROM sbtest6 WHERE id=8976733
	Index Scan using sbtest6_pkey on sbtest6  (cost=0.43..8.45 rows=1 width=121)
	  Index Cond: (id = 8976733)

table 7 : explain SELECT c FROM sbtest7 WHERE id=969169
	Index Scan using sbtest7_pkey on sbtest7  (cost=0.43..8.45 rows=1 width=121)
	  Index Cond: (id = 969169)

table 8 : explain SELECT c FROM sbtest8 WHERE id=8192431
	Index Scan using sbtest8_pkey on sbtest8  (cost=0.43..8.45 rows=1 width=121)
	  Index Cond: (id = 8192431)

for: sum_ranges
table 1 : explain SELECT SUM(k) FROM sbtest1 WHERE id BETWEEN 6416692 AND 6417691
	Aggregate  (cost=3888.23..3888.24 rows=1 width=8)
	  ->  Bitmap Heap Scan on sbtest1  (cost=34.71..3885.72 rows=1002 width=4)
	        Recheck Cond: ((id >= 6416692) AND (id <= 6417691))
	        ->  Bitmap Index Scan on sbtest1_pkey  (cost=0.00..34.45 rows=1002 width=0)
	              Index Cond: ((id >= 6416692) AND (id <= 6417691))

table 2 : explain SELECT SUM(k) FROM sbtest2 WHERE id BETWEEN 7227805 AND 7228804
	Aggregate  (cost=3858.41..3858.42 rows=1 width=8)
	  ->  Bitmap Heap Scan on sbtest2  (cost=34.63..3855.92 rows=995 width=4)
	        Recheck Cond: ((id >= 7227805) AND (id <= 7228804))
	        ->  Bitmap Index Scan on sbtest2_pkey  (cost=0.00..34.39 rows=995 width=0)
	              Index Cond: ((id >= 7227805) AND (id <= 7228804))

table 3 : explain SELECT SUM(k) FROM sbtest3 WHERE id BETWEEN 8816906 AND 8817905
	Aggregate  (cost=3701.63..3701.64 rows=1 width=8)
	  ->  Bitmap Heap Scan on sbtest3  (cost=34.19..3699.25 rows=952 width=4)
	        Recheck Cond: ((id >= 8816906) AND (id <= 8817905))
	        ->  Bitmap Index Scan on sbtest3_pkey  (cost=0.00..33.95 rows=952 width=0)
	              Index Cond: ((id >= 8816906) AND (id <= 8817905))

table 4 : explain SELECT SUM(k) FROM sbtest4 WHERE id BETWEEN 716239 AND 717238
	Aggregate  (cost=4441.94..4441.95 rows=1 width=8)
	  ->  Bitmap Heap Scan on sbtest4  (cost=40.19..4439.07 rows=1147 width=4)
	        Recheck Cond: ((id >= 716239) AND (id <= 717238))
	        ->  Bitmap Index Scan on sbtest4_pkey  (cost=0.00..39.91 rows=1147 width=0)
	              Index Cond: ((id >= 716239) AND (id <= 717238))

table 5 : explain SELECT SUM(k) FROM sbtest5 WHERE id BETWEEN 3069783 AND 3070782
	Aggregate  (cost=4155.02..4155.03 rows=1 width=8)
	  ->  Bitmap Heap Scan on sbtest5  (cost=35.42..4152.34 rows=1072 width=4)
	        Recheck Cond: ((id >= 3069783) AND (id <= 3070782))
	        ->  Bitmap Index Scan on sbtest5_pkey  (cost=0.00..35.16 rows=1072 width=0)
	              Index Cond: ((id >= 3069783) AND (id <= 3070782))

table 6 : explain SELECT SUM(k) FROM sbtest6 WHERE id BETWEEN 9660939 AND 9661938
	Aggregate  (cost=4162.70..4162.71 rows=1 width=8)
	  ->  Bitmap Heap Scan on sbtest6  (cost=35.45..4160.01 rows=1075 width=4)
	        Recheck Cond: ((id >= 9660939) AND (id <= 9661938))
	        ->  Bitmap Index Scan on sbtest6_pkey  (cost=0.00..35.19 rows=1075 width=0)
	              Index Cond: ((id >= 9660939) AND (id <= 9661938))

table 7 : explain SELECT SUM(k) FROM sbtest7 WHERE id BETWEEN 2534256 AND 2535255
	Aggregate  (cost=3889.82..3889.83 rows=1 width=8)
	  ->  Bitmap Heap Scan on sbtest7  (cost=34.71..3887.32 rows=1002 width=4)
	        Recheck Cond: ((id >= 2534256) AND (id <= 2535255))
	        ->  Bitmap Index Scan on sbtest7_pkey  (cost=0.00..34.45 rows=1002 width=0)
	              Index Cond: ((id >= 2534256) AND (id <= 2535255))

table 8 : explain SELECT SUM(k) FROM sbtest8 WHERE id BETWEEN 5543752 AND 5544751
	Aggregate  (cost=3912.63..3912.64 rows=1 width=8)
	  ->  Bitmap Heap Scan on sbtest8  (cost=34.78..3910.11 rows=1009 width=4)
	        Recheck Cond: ((id >= 5543752) AND (id <= 5544751))
	        ->  Bitmap Index Scan on sbtest8_pkey  (cost=0.00..34.53 rows=1009 width=0)
	              Index Cond: ((id >= 5543752) AND (id <= 5544751))

for point_selects
table 1 : explain SELECT c FROM sbtest1 WHERE id=857044
	Index Scan using sbtest1_pkey on sbtest1  (cost=0.43..8.45 rows=1 width=121)
	  Index Cond: (id = 857044)

table 2 : explain SELECT c FROM sbtest2 WHERE id=5577405
	Index Scan using sbtest2_pkey on sbtest2  (cost=0.43..8.45 rows=1 width=121)
	  Index Cond: (id = 5577405)

table 3 : explain SELECT c FROM sbtest3 WHERE id=9485266
	Index Scan using sbtest3_pkey on sbtest3  (cost=0.43..8.45 rows=1 width=121)
	  Index Cond: (id = 9485266)

table 4 : explain SELECT c FROM sbtest4 WHERE id=9180048
	Index Scan using sbtest4_pkey on sbtest4  (cost=0.43..8.45 rows=1 width=121)
	  Index Cond: (id = 9180048)

table 5 : explain SELECT c FROM sbtest5 WHERE id=9927225
	Index Scan using sbtest5_pkey on sbtest5  (cost=0.43..8.45 rows=1 width=121)
	  Index Cond: (id = 9927225)

table 6 : explain SELECT c FROM sbtest6 WHERE id=4595978
	Index Scan using sbtest6_pkey on sbtest6  (cost=0.43..8.45 rows=1 width=121)
	  Index Cond: (id = 4595978)

table 7 : explain SELECT c FROM sbtest7 WHERE id=834521
	Index Scan using sbtest7_pkey on sbtest7  (cost=0.43..8.45 rows=1 width=121)
	  Index Cond: (id = 834521)

table 8 : explain SELECT c FROM sbtest8 WHERE id=7959012
	Index Scan using sbtest8_pkey on sbtest8  (cost=0.43..8.45 rows=1 width=121)
	  Index Cond: (id = 7959012)

for point_selects
table 1 : explain SELECT c FROM sbtest1 WHERE id=5968977
	Index Scan using sbtest1_pkey on sbtest1  (cost=0.43..8.45 rows=1 width=121)
	  Index Cond: (id = 5968977)

table 2 : explain SELECT c FROM sbtest2 WHERE id=6968802
	Index Scan using sbtest2_pkey on sbtest2  (cost=0.43..8.45 rows=1 width=121)
	  Index Cond: (id = 6968802)

table 3 : explain SELECT c FROM sbtest3 WHERE id=4397603
	Index Scan using sbtest3_pkey on sbtest3  (cost=0.43..8.45 rows=1 width=121)
	  Index Cond: (id = 4397603)

table 4 : explain SELECT c FROM sbtest4 WHERE id=3847117
	Index Scan using sbtest4_pkey on sbtest4  (cost=0.43..8.45 rows=1 width=121)
	  Index Cond: (id = 3847117)

table 5 : explain SELECT c FROM sbtest5 WHERE id=8474287
	Index Scan using sbtest5_pkey on sbtest5  (cost=0.43..8.45 rows=1 width=121)
	  Index Cond: (id = 8474287)

table 6 : explain SELECT c FROM sbtest6 WHERE id=1391958
	Index Scan using sbtest6_pkey on sbtest6  (cost=0.43..8.45 rows=1 width=121)
	  Index Cond: (id = 1391958)

table 7 : explain SELECT c FROM sbtest7 WHERE id=4557531
	Index Scan using sbtest7_pkey on sbtest7  (cost=0.43..8.45 rows=1 width=121)
	  Index Cond: (id = 4557531)

table 8 : explain SELECT c FROM sbtest8 WHERE id=7197485
	Index Scan using sbtest8_pkey on sbtest8  (cost=0.43..8.45 rows=1 width=121)
	  Index Cond: (id = 7197485)

for: distinct_ranges
table 1 : explain SELECT DISTINCT c FROM sbtest1 WHERE id BETWEEN 3597541 AND 3598540 ORDER BY c
	Unique  (cost=3870.53..3875.46 rows=985 width=121)
	  ->  Sort  (cost=3870.53..3872.99 rows=985 width=121)
	        Sort Key: c
	        ->  Bitmap Heap Scan on sbtest1  (cost=34.53..3821.56 rows=985 width=121)
	              Recheck Cond: ((id >= 3597541) AND (id <= 3598540))
	              ->  Bitmap Index Scan on sbtest1_pkey  (cost=0.00..34.29 rows=985 width=0)
	                    Index Cond: ((id >= 3597541) AND (id <= 3598540))

table 2 : explain SELECT DISTINCT c FROM sbtest2 WHERE id BETWEEN 4474153 AND 4475152 ORDER BY c
	Unique  (cost=4169.19..4174.51 rows=1064 width=121)
	  ->  Sort  (cost=4169.19..4171.85 rows=1064 width=121)
	        Sort Key: c
	        ->  Bitmap Heap Scan on sbtest2  (cost=35.34..4115.70 rows=1064 width=121)
	              Recheck Cond: ((id >= 4474153) AND (id <= 4475152))
	              ->  Bitmap Index Scan on sbtest2_pkey  (cost=0.00..35.08 rows=1064 width=0)
	                    Index Cond: ((id >= 4474153) AND (id <= 4475152))

table 3 : explain SELECT DISTINCT c FROM sbtest3 WHERE id BETWEEN 2847672 AND 2848671 ORDER BY c
	Unique  (cost=3926.71..3931.71 rows=999 width=121)
	  ->  Sort  (cost=3926.71..3929.21 rows=999 width=121)
	        Sort Key: c
	        ->  Bitmap Heap Scan on sbtest3  (cost=34.67..3876.94 rows=999 width=121)
	              Recheck Cond: ((id >= 2847672) AND (id <= 2848671))
	              ->  Bitmap Index Scan on sbtest3_pkey  (cost=0.00..34.43 rows=999 width=0)
	                    Index Cond: ((id >= 2847672) AND (id <= 2848671))

table 4 : explain SELECT DISTINCT c FROM sbtest4 WHERE id BETWEEN 12918 AND 13917 ORDER BY c
	Unique  (cost=4107.13..4112.36 rows=1046 width=121)
	  ->  Sort  (cost=4107.13..4109.74 rows=1046 width=121)
	        Sort Key: c
	        ->  Bitmap Heap Scan on sbtest4  (cost=35.16..4054.67 rows=1046 width=121)
	              Recheck Cond: ((id >= 12918) AND (id <= 13917))
	              ->  Bitmap Index Scan on sbtest4_pkey  (cost=0.00..34.90 rows=1046 width=0)
	                    Index Cond: ((id >= 12918) AND (id <= 13917))

table 5 : explain SELECT DISTINCT c FROM sbtest5 WHERE id BETWEEN 9220561 AND 9221560 ORDER BY c
	Unique  (cost=3926.68..3931.67 rows=999 width=121)
	  ->  Sort  (cost=3926.68..3929.17 rows=999 width=121)
	        Sort Key: c
	        ->  Bitmap Heap Scan on sbtest5  (cost=34.67..3876.90 rows=999 width=121)
	              Recheck Cond: ((id >= 9220561) AND (id <= 9221560))
	              ->  Bitmap Index Scan on sbtest5_pkey  (cost=0.00..34.43 rows=999 width=0)
	                    Index Cond: ((id >= 9220561) AND (id <= 9221560))

table 6 : explain SELECT DISTINCT c FROM sbtest6 WHERE id BETWEEN 8901366 AND 8902365 ORDER BY c
	Unique  (cost=3911.93..3916.91 rows=996 width=121)
	  ->  Sort  (cost=3911.93..3914.42 rows=996 width=121)
	        Sort Key: c
	        ->  Bitmap Heap Scan on sbtest6  (cost=34.64..3862.32 rows=996 width=121)
	              Recheck Cond: ((id >= 8901366) AND (id <= 8902365))
	              ->  Bitmap Index Scan on sbtest6_pkey  (cost=0.00..34.40 rows=996 width=0)
	                    Index Cond: ((id >= 8901366) AND (id <= 8902365))

table 7 : explain SELECT DISTINCT c FROM sbtest7 WHERE id BETWEEN 8829047 AND 8830046 ORDER BY c
	Unique  (cost=4033.05..4038.18 rows=1027 width=121)
	  ->  Sort  (cost=4033.05..4035.61 rows=1027 width=121)
	        Sort Key: c
	        ->  Bitmap Heap Scan on sbtest7  (cost=34.96..3981.67 rows=1027 width=121)
	              Recheck Cond: ((id >= 8829047) AND (id <= 8830046))
	              ->  Bitmap Index Scan on sbtest7_pkey  (cost=0.00..34.70 rows=1027 width=0)
	                    Index Cond: ((id >= 8829047) AND (id <= 8830046))

table 8 : explain SELECT DISTINCT c FROM sbtest8 WHERE id BETWEEN 6827697 AND 6828696 ORDER BY c
	Unique  (cost=3822.61..3827.48 rows=973 width=121)
	  ->  Sort  (cost=3822.61..3825.04 rows=973 width=121)
	        Sort Key: c
	        ->  Bitmap Heap Scan on sbtest8  (cost=34.41..3774.32 rows=973 width=121)
	              Recheck Cond: ((id >= 6827697) AND (id <= 6828696))
	              ->  Bitmap Index Scan on sbtest8_pkey  (cost=0.00..34.17 rows=973 width=0)
	                    Index Cond: ((id >= 6827697) AND (id <= 6828696))

for: distinct_ranges
table 1 : explain SELECT DISTINCT c FROM sbtest1 WHERE id BETWEEN 319508 AND 320507 ORDER BY c
	Unique  (cost=3985.45..3990.53 rows=1015 width=121)
	  ->  Sort  (cost=3985.45..3987.99 rows=1015 width=121)
	        Sort Key: c
	        ->  Bitmap Heap Scan on sbtest1  (cost=34.84..3934.77 rows=1015 width=121)
	              Recheck Cond: ((id >= 319508) AND (id <= 320507))
	              ->  Bitmap Index Scan on sbtest1_pkey  (cost=0.00..34.59 rows=1015 width=0)
	                    Index Cond: ((id >= 319508) AND (id <= 320507))

table 2 : explain SELECT DISTINCT c FROM sbtest2 WHERE id BETWEEN 291860 AND 292859 ORDER BY c
	Unique  (cost=4463.11..4468.81 rows=1141 width=121)
	  ->  Sort  (cost=4463.11..4465.96 rows=1141 width=121)
	        Sort Key: c
	        ->  Bitmap Heap Scan on sbtest2  (cost=40.13..4405.16 rows=1141 width=121)
	              Recheck Cond: ((id >= 291860) AND (id <= 292859))
	              ->  Bitmap Index Scan on sbtest2_pkey  (cost=0.00..39.84 rows=1141 width=0)
	                    Index Cond: ((id >= 291860) AND (id <= 292859))

table 3 : explain SELECT DISTINCT c FROM sbtest3 WHERE id BETWEEN 9556287 AND 9557286 ORDER BY c
	Unique  (cost=3669.52..3674.18 rows=932 width=121)
	  ->  Sort  (cost=3669.52..3671.85 rows=932 width=121)
	        Sort Key: c
	        ->  Bitmap Heap Scan on sbtest3  (cost=33.99..3623.56 rows=932 width=121)
	              Recheck Cond: ((id >= 9556287) AND (id <= 9557286))
	              ->  Bitmap Index Scan on sbtest3_pkey  (cost=0.00..33.76 rows=932 width=0)
	                    Index Cond: ((id >= 9556287) AND (id <= 9557286))

table 4 : explain SELECT DISTINCT c FROM sbtest4 WHERE id BETWEEN 9208963 AND 9209962 ORDER BY c
	Unique  (cost=4015.18..4020.29 rows=1022 width=121)
	  ->  Sort  (cost=4015.18..4017.74 rows=1022 width=121)
	        Sort Key: c
	        ->  Bitmap Heap Scan on sbtest4  (cost=34.91..3964.10 rows=1022 width=121)
	              Recheck Cond: ((id >= 9208963) AND (id <= 9209962))
	              ->  Bitmap Index Scan on sbtest4_pkey  (cost=0.00..34.66 rows=1022 width=0)
	                    Index Cond: ((id >= 9208963) AND (id <= 9209962))

table 5 : explain SELECT DISTINCT c FROM sbtest5 WHERE id BETWEEN 2039218 AND 2040217 ORDER BY c
	Unique  (cost=3872.98..3877.90 rows=985 width=121)
	  ->  Sort  (cost=3872.98..3875.44 rows=985 width=121)
	        Sort Key: c
	        ->  Bitmap Heap Scan on sbtest5  (cost=34.53..3824.00 rows=985 width=121)
	              Recheck Cond: ((id >= 2039218) AND (id <= 2040217))
	              ->  Bitmap Index Scan on sbtest5_pkey  (cost=0.00..34.29 rows=985 width=0)
	                    Index Cond: ((id >= 2039218) AND (id <= 2040217))

table 6 : explain SELECT DISTINCT c FROM sbtest6 WHERE id BETWEEN 6255381 AND 6256380 ORDER BY c
	Unique  (cost=3681.90..3686.58 rows=936 width=121)
	  ->  Sort  (cost=3681.90..3684.24 rows=936 width=121)
	        Sort Key: c
	        ->  Bitmap Heap Scan on sbtest6  (cost=34.03..3635.71 rows=936 width=121)
	              Recheck Cond: ((id >= 6255381) AND (id <= 6256380))
	              ->  Bitmap Index Scan on sbtest6_pkey  (cost=0.00..33.80 rows=936 width=0)
	                    Index Cond: ((id >= 6255381) AND (id <= 6256380))

table 7 : explain SELECT DISTINCT c FROM sbtest7 WHERE id BETWEEN 9763160 AND 9764159 ORDER BY c
	Unique  (cost=3672.50..3677.17 rows=933 width=121)
	  ->  Sort  (cost=3672.50..3674.84 rows=933 width=121)
	        Sort Key: c
	        ->  Bitmap Heap Scan on sbtest7  (cost=34.00..3626.48 rows=933 width=121)
	              Recheck Cond: ((id >= 9763160) AND (id <= 9764159))
	              ->  Bitmap Index Scan on sbtest7_pkey  (cost=0.00..33.77 rows=933 width=0)
	                    Index Cond: ((id >= 9763160) AND (id <= 9764159))

table 8 : explain SELECT DISTINCT c FROM sbtest8 WHERE id BETWEEN 400113 AND 401112 ORDER BY c
	Unique  (cost=3684.61..3689.30 rows=937 width=121)
	  ->  Sort  (cost=3684.61..3686.96 rows=937 width=121)
	        Sort Key: c
	        ->  Bitmap Heap Scan on sbtest8  (cost=34.04..3638.36 rows=937 width=121)
	              Recheck Cond: ((id >= 400113) AND (id <= 401112))
	              ->  Bitmap Index Scan on sbtest8_pkey  (cost=0.00..33.81 rows=937 width=0)
	                    Index Cond: ((id >= 400113) AND (id <= 401112))

for: distinct_ranges
table 1 : explain SELECT DISTINCT c FROM sbtest1 WHERE id BETWEEN 4619699 AND 4620698 ORDER BY c
	Unique  (cost=3636.52..3641.14 rows=924 width=121)
	  ->  Sort  (cost=3636.52..3638.83 rows=924 width=121)
	        Sort Key: c
	        ->  Bitmap Heap Scan on sbtest1  (cost=33.91..3591.00 rows=924 width=121)
	              Recheck Cond: ((id >= 4619699) AND (id <= 4620698))
	              ->  Bitmap Index Scan on sbtest1_pkey  (cost=0.00..33.68 rows=924 width=0)
	                    Index Cond: ((id >= 4619699) AND (id <= 4620698))

table 2 : explain SELECT DISTINCT c FROM sbtest2 WHERE id BETWEEN 6362755 AND 6363754 ORDER BY c
	Unique  (cost=4108.09..4113.33 rows=1048 width=121)
	  ->  Sort  (cost=4108.09..4110.71 rows=1048 width=121)
	        Sort Key: c
	        ->  Bitmap Heap Scan on sbtest2  (cost=35.18..4055.51 rows=1048 width=121)
	              Recheck Cond: ((id >= 6362755) AND (id <= 6363754))
	              ->  Bitmap Index Scan on sbtest2_pkey  (cost=0.00..34.92 rows=1048 width=0)
	                    Index Cond: ((id >= 6362755) AND (id <= 6363754))

table 3 : explain SELECT DISTINCT c FROM sbtest3 WHERE id BETWEEN 8166348 AND 8167347 ORDER BY c
	Unique  (cost=4145.10..4150.38 rows=1056 width=121)
	  ->  Sort  (cost=4145.10..4147.74 rows=1056 width=121)
	        Sort Key: c
	        ->  Bitmap Heap Scan on sbtest3  (cost=35.26..4092.07 rows=1056 width=121)
	              Recheck Cond: ((id >= 8166348) AND (id <= 8167347))
	              ->  Bitmap Index Scan on sbtest3_pkey  (cost=0.00..35.00 rows=1056 width=0)
	                    Index Cond: ((id >= 8166348) AND (id <= 8167347))

table 4 : explain SELECT DISTINCT c FROM sbtest4 WHERE id BETWEEN 6697035 AND 6698034 ORDER BY c
	Unique  (cost=3869.46..3874.38 rows=984 width=121)
	  ->  Sort  (cost=3869.46..3871.92 rows=984 width=121)
	        Sort Key: c
	        ->  Bitmap Heap Scan on sbtest4  (cost=34.52..3820.55 rows=984 width=121)
	              Recheck Cond: ((id >= 6697035) AND (id <= 6698034))
	              ->  Bitmap Index Scan on sbtest4_pkey  (cost=0.00..34.28 rows=984 width=0)
	                    Index Cond: ((id >= 6697035) AND (id <= 6698034))

table 5 : explain SELECT DISTINCT c FROM sbtest5 WHERE id BETWEEN 6427623 AND 6428622 ORDER BY c
	Unique  (cost=3895.99..3900.95 rows=991 width=121)
	  ->  Sort  (cost=3895.99..3898.47 rows=991 width=121)
	        Sort Key: c
	        ->  Bitmap Heap Scan on sbtest5  (cost=34.59..3846.68 rows=991 width=121)
	              Recheck Cond: ((id >= 6427623) AND (id <= 6428622))
	              ->  Bitmap Index Scan on sbtest5_pkey  (cost=0.00..34.34 rows=991 width=0)
	                    Index Cond: ((id >= 6427623) AND (id <= 6428622))

table 6 : explain SELECT DISTINCT c FROM sbtest6 WHERE id BETWEEN 6184100 AND 6185099 ORDER BY c
	Unique  (cost=3681.90..3686.58 rows=936 width=121)
	  ->  Sort  (cost=3681.90..3684.24 rows=936 width=121)
	        Sort Key: c
	        ->  Bitmap Heap Scan on sbtest6  (cost=34.03..3635.71 rows=936 width=121)
	              Recheck Cond: ((id >= 6184100) AND (id <= 6185099))
	              ->  Bitmap Index Scan on sbtest6_pkey  (cost=0.00..33.80 rows=936 width=0)
	                    Index Cond: ((id >= 6184100) AND (id <= 6185099))

table 7 : explain SELECT DISTINCT c FROM sbtest7 WHERE id BETWEEN 6310437 AND 6311436 ORDER BY c
	Unique  (cost=4086.65..4091.86 rows=1041 width=121)
	  ->  Sort  (cost=4086.65..4089.26 rows=1041 width=121)
	        Sort Key: c
	        ->  Bitmap Heap Scan on sbtest7  (cost=35.11..4034.48 rows=1041 width=121)
	              Recheck Cond: ((id >= 6310437) AND (id <= 6311436))
	              ->  Bitmap Index Scan on sbtest7_pkey  (cost=0.00..34.84 rows=1041 width=0)
	                    Index Cond: ((id >= 6310437) AND (id <= 6311436))

table 8 : explain SELECT DISTINCT c FROM sbtest8 WHERE id BETWEEN 1121707 AND 1122706 ORDER BY c
	Unique  (cost=3837.93..3842.82 rows=977 width=121)
	  ->  Sort  (cost=3837.93..3840.38 rows=977 width=121)
	        Sort Key: c
	        ->  Bitmap Heap Scan on sbtest8  (cost=34.45..3789.42 rows=977 width=121)
	              Recheck Cond: ((id >= 1121707) AND (id <= 1122706))
	              ->  Bitmap Index Scan on sbtest8_pkey  (cost=0.00..34.20 rows=977 width=0)
	                    Index Cond: ((id >= 1121707) AND (id <= 1122706))

for: sum_ranges
table 1 : explain SELECT SUM(k) FROM sbtest1 WHERE id BETWEEN 6011871 AND 6012870
	Aggregate  (cost=3869.35..3869.36 rows=1 width=8)
	  ->  Bitmap Heap Scan on sbtest1  (cost=34.65..3866.86 rows=997 width=4)
	        Recheck Cond: ((id >= 6011871) AND (id <= 6012870))
	        ->  Bitmap Index Scan on sbtest1_pkey  (cost=0.00..34.41 rows=997 width=0)
	              Index Cond: ((id >= 6011871) AND (id <= 6012870))

table 2 : explain SELECT SUM(k) FROM sbtest2 WHERE id BETWEEN 4082876 AND 4083875
	Aggregate  (cost=3741.42..3741.43 rows=1 width=8)
	  ->  Bitmap Heap Scan on sbtest2  (cost=34.32..3739.01 rows=964 width=4)
	        Recheck Cond: ((id >= 4082876) AND (id <= 4083875))
	        ->  Bitmap Index Scan on sbtest2_pkey  (cost=0.00..34.08 rows=964 width=0)
	              Index Cond: ((id >= 4082876) AND (id <= 4083875))

table 3 : explain SELECT SUM(k) FROM sbtest3 WHERE id BETWEEN 4900429 AND 4901428
	Aggregate  (cost=3875.66..3875.67 rows=1 width=8)
	  ->  Bitmap Heap Scan on sbtest3  (cost=34.66..3873.16 rows=998 width=4)
	        Recheck Cond: ((id >= 4900429) AND (id <= 4901428))
	        ->  Bitmap Index Scan on sbtest3_pkey  (cost=0.00..34.42 rows=998 width=0)
	              Index Cond: ((id >= 4900429) AND (id <= 4901428))

table 4 : explain SELECT SUM(k) FROM sbtest4 WHERE id BETWEEN 5252493 AND 5253492
	Aggregate  (cost=3614.78..3614.79 rows=1 width=8)
	  ->  Bitmap Heap Scan on sbtest4  (cost=33.96..3612.46 rows=929 width=4)
	        Recheck Cond: ((id >= 5252493) AND (id <= 5253492))
	        ->  Bitmap Index Scan on sbtest4_pkey  (cost=0.00..33.73 rows=929 width=0)
	              Index Cond: ((id >= 5252493) AND (id <= 5253492))

table 5 : explain SELECT SUM(k) FROM sbtest5 WHERE id BETWEEN 9672650 AND 9673649
	Aggregate  (cost=4287.18..4287.19 rows=1 width=8)
	  ->  Bitmap Heap Scan on sbtest5  (cost=39.77..4284.41 rows=1106 width=4)
	        Recheck Cond: ((id >= 9672650) AND (id <= 9673649))
	        ->  Bitmap Index Scan on sbtest5_pkey  (cost=0.00..39.50 rows=1106 width=0)
	              Index Cond: ((id >= 9672650) AND (id <= 9673649))

table 6 : explain SELECT SUM(k) FROM sbtest6 WHERE id BETWEEN 699790 AND 700789
	Aggregate  (cost=4147.63..4147.64 rows=1 width=8)
	  ->  Bitmap Heap Scan on sbtest6  (cost=35.41..4144.95 rows=1071 width=4)
	        Recheck Cond: ((id >= 699790) AND (id <= 700789))
	        ->  Bitmap Index Scan on sbtest6_pkey  (cost=0.00..35.15 rows=1071 width=0)
	              Index Cond: ((id >= 699790) AND (id <= 700789))

table 7 : explain SELECT SUM(k) FROM sbtest7 WHERE id BETWEEN 3882229 AND 3883228
	Aggregate  (cost=3870.93..3870.94 rows=1 width=8)
	  ->  Bitmap Heap Scan on sbtest7  (cost=34.65..3868.44 rows=997 width=4)
	        Recheck Cond: ((id >= 3882229) AND (id <= 3883228))
	        ->  Bitmap Index Scan on sbtest7_pkey  (cost=0.00..34.41 rows=997 width=0)
	              Index Cond: ((id >= 3882229) AND (id <= 3883228))

table 8 : explain SELECT SUM(k) FROM sbtest8 WHERE id BETWEEN 7662858 AND 7663857
	Aggregate  (cost=4006.89..4006.90 rows=1 width=8)
	  ->  Bitmap Heap Scan on sbtest8  (cost=35.03..4004.31 rows=1034 width=4)
	        Recheck Cond: ((id >= 7662858) AND (id <= 7663857))
	        ->  Bitmap Index Scan on sbtest8_pkey  (cost=0.00..34.78 rows=1034 width=0)
	              Index Cond: ((id >= 7662858) AND (id <= 7663857))

for: distinct_ranges
table 1 : explain SELECT DISTINCT c FROM sbtest1 WHERE id BETWEEN 9341024 AND 9342023 ORDER BY c
	Unique  (cost=3931.84..3936.84 rows=1001 width=121)
	  ->  Sort  (cost=3931.84..3934.34 rows=1001 width=121)
	        Sort Key: c
	        ->  Bitmap Heap Scan on sbtest1  (cost=34.70..3881.95 rows=1001 width=121)
	              Recheck Cond: ((id >= 9341024) AND (id <= 9342023))
	              ->  Bitmap Index Scan on sbtest1_pkey  (cost=0.00..34.45 rows=1001 width=0)
	                    Index Cond: ((id >= 9341024) AND (id <= 9342023))

table 2 : explain SELECT DISTINCT c FROM sbtest2 WHERE id BETWEEN 7884946 AND 7885945 ORDER BY c
	Unique  (cost=4310.56..4316.06 rows=1100 width=121)
	  ->  Sort  (cost=4310.56..4313.31 rows=1100 width=121)
	        Sort Key: c
	        ->  Bitmap Heap Scan on sbtest2  (cost=39.71..4254.99 rows=1100 width=121)
	              Recheck Cond: ((id >= 7884946) AND (id <= 7885945))
	              ->  Bitmap Index Scan on sbtest2_pkey  (cost=0.00..39.44 rows=1100 width=0)
	                    Index Cond: ((id >= 7884946) AND (id <= 7885945))

table 3 : explain SELECT DISTINCT c FROM sbtest3 WHERE id BETWEEN 3812480 AND 3813479 ORDER BY c
	Unique  (cost=4210.17..4215.53 rows=1073 width=121)
	  ->  Sort  (cost=4210.17..4212.85 rows=1073 width=121)
	        Sort Key: c
	        ->  Bitmap Heap Scan on sbtest3  (cost=35.43..4156.15 rows=1073 width=121)
	              Recheck Cond: ((id >= 3812480) AND (id <= 3813479))
	              ->  Bitmap Index Scan on sbtest3_pkey  (cost=0.00..35.17 rows=1073 width=0)
	                    Index Cond: ((id >= 3812480) AND (id <= 3813479))

table 4 : explain SELECT DISTINCT c FROM sbtest4 WHERE id BETWEEN 8001907 AND 8002906 ORDER BY c
	Unique  (cost=4164.56..4169.87 rows=1061 width=121)
	  ->  Sort  (cost=4164.56..4167.21 rows=1061 width=121)
	        Sort Key: c
	        ->  Bitmap Heap Scan on sbtest4  (cost=35.31..4111.24 rows=1061 width=121)
	              Recheck Cond: ((id >= 8001907) AND (id <= 8002906))
	              ->  Bitmap Index Scan on sbtest4_pkey  (cost=0.00..35.05 rows=1061 width=0)
	                    Index Cond: ((id >= 8001907) AND (id <= 8002906))

table 5 : explain SELECT DISTINCT c FROM sbtest5 WHERE id BETWEEN 4277574 AND 4278573 ORDER BY c
	Unique  (cost=3577.08..3581.62 rows=909 width=121)
	  ->  Sort  (cost=3577.08..3579.35 rows=909 width=121)
	        Sort Key: c
	        ->  Bitmap Heap Scan on sbtest5  (cost=29.75..3532.41 rows=909 width=121)
	              Recheck Cond: ((id >= 4277574) AND (id <= 4278573))
	              ->  Bitmap Index Scan on sbtest5_pkey  (cost=0.00..29.52 rows=909 width=0)
	                    Index Cond: ((id >= 4277574) AND (id <= 4278573))

table 6 : explain SELECT DISTINCT c FROM sbtest6 WHERE id BETWEEN 2322249 AND 2323248 ORDER BY c
	Unique  (cost=3697.25..3701.95 rows=940 width=121)
	  ->  Sort  (cost=3697.25..3699.60 rows=940 width=121)
	        Sort Key: c
	        ->  Bitmap Heap Scan on sbtest6  (cost=34.07..3650.83 rows=940 width=121)
	              Recheck Cond: ((id >= 2322249) AND (id <= 2323248))
	              ->  Bitmap Index Scan on sbtest6_pkey  (cost=0.00..33.84 rows=940 width=0)
	                    Index Cond: ((id >= 2322249) AND (id <= 2323248))

table 7 : explain SELECT DISTINCT c FROM sbtest7 WHERE id BETWEEN 1542303 AND 1543302 ORDER BY c
	Unique  (cost=3749.30..3754.07 rows=953 width=121)
	  ->  Sort  (cost=3749.30..3751.69 rows=953 width=121)
	        Sort Key: c
	        ->  Bitmap Heap Scan on sbtest7  (cost=34.20..3702.15 rows=953 width=121)
	              Recheck Cond: ((id >= 1542303) AND (id <= 1543302))
	              ->  Bitmap Index Scan on sbtest7_pkey  (cost=0.00..33.97 rows=953 width=0)
	                    Index Cond: ((id >= 1542303) AND (id <= 1543302))

table 8 : explain SELECT DISTINCT c FROM sbtest8 WHERE id BETWEEN 1294413 AND 1295412 ORDER BY c
	Unique  (cost=3991.06..3996.14 rows=1017 width=121)
	  ->  Sort  (cost=3991.06..3993.60 rows=1017 width=121)
	        Sort Key: c
	        ->  Bitmap Heap Scan on sbtest8  (cost=34.86..3940.26 rows=1017 width=121)
	              Recheck Cond: ((id >= 1294413) AND (id <= 1295412))
	              ->  Bitmap Index Scan on sbtest8_pkey  (cost=0.00..34.61 rows=1017 width=0)
	                    Index Cond: ((id >= 1294413) AND (id <= 1295412))

for: simple_ranges
table 1 : explain SELECT c FROM sbtest1 WHERE id BETWEEN 2860217 AND 2861216
	Bitmap Heap Scan on sbtest1  (cost=35.13..4040.33 rows=1043 width=121)
	  Recheck Cond: ((id >= 2860217) AND (id <= 2861216))
	  ->  Bitmap Index Scan on sbtest1_pkey  (cost=0.00..34.87 rows=1043 width=0)
	        Index Cond: ((id >= 2860217) AND (id <= 2861216))

table 2 : explain SELECT c FROM sbtest2 WHERE id BETWEEN 5121519 AND 5122518
	Bitmap Heap Scan on sbtest2  (cost=34.70..3878.53 rows=1001 width=121)
	  Recheck Cond: ((id >= 5121519) AND (id <= 5122518))
	  ->  Bitmap Index Scan on sbtest2_pkey  (cost=0.00..34.45 rows=1001 width=0)
	        Index Cond: ((id >= 5121519) AND (id <= 5122518))

table 3 : explain SELECT c FROM sbtest3 WHERE id BETWEEN 4977133 AND 4978132
	Bitmap Heap Scan on sbtest3  (cost=33.79..3551.60 rows=913 width=121)
	  Recheck Cond: ((id >= 4977133) AND (id <= 4978132))
	  ->  Bitmap Index Scan on sbtest3_pkey  (cost=0.00..33.57 rows=913 width=0)
	        Index Cond: ((id >= 4977133) AND (id <= 4978132))

table 4 : explain SELECT c FROM sbtest4 WHERE id BETWEEN 747564 AND 748563
	Bitmap Heap Scan on sbtest4  (cost=40.19..4439.07 rows=1147 width=121)
	  Recheck Cond: ((id >= 747564) AND (id <= 748563))
	  ->  Bitmap Index Scan on sbtest4_pkey  (cost=0.00..39.91 rows=1147 width=0)
	        Index Cond: ((id >= 747564) AND (id <= 748563))

table 5 : explain SELECT c FROM sbtest5 WHERE id BETWEEN 3431360 AND 3432359
	Bitmap Heap Scan on sbtest5  (cost=35.20..4069.40 rows=1050 width=121)
	  Recheck Cond: ((id >= 3431360) AND (id <= 3432359))
	  ->  Bitmap Index Scan on sbtest5_pkey  (cost=0.00..34.94 rows=1050 width=0)
	        Index Cond: ((id >= 3431360) AND (id <= 3432359))

table 6 : explain SELECT c FROM sbtest6 WHERE id BETWEEN 3722758 AND 3723757
	Bitmap Heap Scan on sbtest6  (cost=34.65..3866.10 rows=997 width=121)
	  Recheck Cond: ((id >= 3722758) AND (id <= 3723757))
	  ->  Bitmap Index Scan on sbtest6_pkey  (cost=0.00..34.41 rows=997 width=0)
	        Index Cond: ((id >= 3722758) AND (id <= 3723757))

table 7 : explain SELECT c FROM sbtest7 WHERE id BETWEEN 1044982 AND 1045981
	Bitmap Heap Scan on sbtest7  (cost=34.86..3943.94 rows=1017 width=121)
	  Recheck Cond: ((id >= 1044982) AND (id <= 1045981))
	  ->  Bitmap Index Scan on sbtest7_pkey  (cost=0.00..34.61 rows=1017 width=0)
	        Index Cond: ((id >= 1044982) AND (id <= 1045981))

table 8 : explain SELECT c FROM sbtest8 WHERE id BETWEEN 5047312 AND 5048311
	Bitmap Heap Scan on sbtest8  (cost=34.57..3834.69 rows=989 width=121)
	  Recheck Cond: ((id >= 5047312) AND (id <= 5048311))
	  ->  Bitmap Index Scan on sbtest8_pkey  (cost=0.00..34.33 rows=989 width=0)
	        Index Cond: ((id >= 5047312) AND (id <= 5048311))

for: order_ranges
table 1 : explain SELECT c FROM sbtest1 WHERE id BETWEEN 7483683 AND 7484682 ORDER BY c
	Sort  (cost=4077.32..4079.91 rows=1039 width=121)
	  Sort Key: c
	  ->  Bitmap Heap Scan on sbtest1  (cost=35.08..4025.26 rows=1039 width=121)
	        Recheck Cond: ((id >= 7483683) AND (id <= 7484682))
	        ->  Bitmap Index Scan on sbtest1_pkey  (cost=0.00..34.83 rows=1039 width=0)
	              Index Cond: ((id >= 7483683) AND (id <= 7484682))

table 2 : explain SELECT c FROM sbtest2 WHERE id BETWEEN 3068441 AND 3069440 ORDER BY c
	Sort  (cost=4024.02..4026.58 rows=1026 width=121)
	  Sort Key: c
	  ->  Bitmap Heap Scan on sbtest2  (cost=34.95..3972.71 rows=1026 width=121)
	        Recheck Cond: ((id >= 3068441) AND (id <= 3069440))
	        ->  Bitmap Index Scan on sbtest2_pkey  (cost=0.00..34.70 rows=1026 width=0)
	              Index Cond: ((id >= 3068441) AND (id <= 3069440))

table 3 : explain SELECT c FROM sbtest3 WHERE id BETWEEN 8300991 AND 8301990 ORDER BY c
	Sort  (cost=3830.81..3833.24 rows=974 width=121)
	  Sort Key: c
	  ->  Bitmap Heap Scan on sbtest3  (cost=34.42..3782.46 rows=974 width=121)
	        Recheck Cond: ((id >= 8300991) AND (id <= 8301990))
	        ->  Bitmap Index Scan on sbtest3_pkey  (cost=0.00..34.18 rows=974 width=0)
	              Index Cond: ((id >= 8300991) AND (id <= 8301990))

table 4 : explain SELECT c FROM sbtest4 WHERE id BETWEEN 7677579 AND 7678578 ORDER BY c
	Sort  (cost=4164.56..4167.21 rows=1061 width=121)
	  Sort Key: c
	  ->  Bitmap Heap Scan on sbtest4  (cost=35.31..4111.24 rows=1061 width=121)
	        Recheck Cond: ((id >= 7677579) AND (id <= 7678578))
	        ->  Bitmap Index Scan on sbtest4_pkey  (cost=0.00..35.05 rows=1061 width=0)
	              Index Cond: ((id >= 7677579) AND (id <= 7678578))

table 5 : explain SELECT c FROM sbtest5 WHERE id BETWEEN 4937423 AND 4938422 ORDER BY c
	Sort  (cost=4110.60..4113.22 rows=1047 width=121)
	  Sort Key: c
	  ->  Bitmap Heap Scan on sbtest5  (cost=35.17..4058.09 rows=1047 width=121)
	        Recheck Cond: ((id >= 4937423) AND (id <= 4938422))
	        ->  Bitmap Index Scan on sbtest5_pkey  (cost=0.00..34.91 rows=1047 width=0)
	              Index Cond: ((id >= 4937423) AND (id <= 4938422))

table 6 : explain SELECT c FROM sbtest6 WHERE id BETWEEN 1135680 AND 1136679 ORDER BY c
	Sort  (cost=3681.90..3684.24 rows=936 width=121)
	  Sort Key: c
	  ->  Bitmap Heap Scan on sbtest6  (cost=34.03..3635.71 rows=936 width=121)
	        Recheck Cond: ((id >= 1135680) AND (id <= 1136679))
	        ->  Bitmap Index Scan on sbtest6_pkey  (cost=0.00..33.80 rows=936 width=0)
	              Index Cond: ((id >= 1135680) AND (id <= 1136679))

table 7 : explain SELECT c FROM sbtest7 WHERE id BETWEEN 392783 AND 393782 ORDER BY c
	Sort  (cost=3941.09..3943.60 rows=1003 width=121)
	  Sort Key: c
	  ->  Bitmap Heap Scan on sbtest7  (cost=34.72..3891.09 rows=1003 width=121)
	        Recheck Cond: ((id >= 392783) AND (id <= 393782))
	        ->  Bitmap Index Scan on sbtest7_pkey  (cost=0.00..34.47 rows=1003 width=0)
	              Index Cond: ((id >= 392783) AND (id <= 393782))

table 8 : explain SELECT c FROM sbtest8 WHERE id BETWEEN 3866117 AND 3867116 ORDER BY c
	Sort  (cost=4212.75..4215.44 rows=1075 width=121)
	  Sort Key: c
	  ->  Bitmap Heap Scan on sbtest8  (cost=35.45..4158.63 rows=1075 width=121)
	        Recheck Cond: ((id >= 3866117) AND (id <= 3867116))
	        ->  Bitmap Index Scan on sbtest8_pkey  (cost=0.00..35.19 rows=1075 width=0)
	              Index Cond: ((id >= 3866117) AND (id <= 3867116))

for: simple_ranges
table 1 : explain SELECT c FROM sbtest1 WHERE id BETWEEN 530229 AND 531228
	Bitmap Heap Scan on sbtest1  (cost=35.09..4029.03 rows=1040 width=121)
	  Recheck Cond: ((id >= 530229) AND (id <= 531228))
	  ->  Bitmap Index Scan on sbtest1_pkey  (cost=0.00..34.84 rows=1040 width=0)
	        Index Cond: ((id >= 530229) AND (id <= 531228))

table 2 : explain SELECT c FROM sbtest2 WHERE id BETWEEN 4067191 AND 4068190
	Bitmap Heap Scan on sbtest2  (cost=34.32..3739.01 rows=964 width=121)
	  Recheck Cond: ((id >= 4067191) AND (id <= 4068190))
	  ->  Bitmap Index Scan on sbtest2_pkey  (cost=0.00..34.08 rows=964 width=0)
	        Index Cond: ((id >= 4067191) AND (id <= 4068190))

table 3 : explain SELECT c FROM sbtest3 WHERE id BETWEEN 1632351 AND 1633350
	Bitmap Heap Scan on sbtest3  (cost=34.48..3805.14 rows=980 width=121)
	  Recheck Cond: ((id >= 1632351) AND (id <= 1633350))
	  ->  Bitmap Index Scan on sbtest3_pkey  (cost=0.00..34.23 rows=980 width=0)
	        Index Cond: ((id >= 1632351) AND (id <= 1633350))

table 4 : explain SELECT c FROM sbtest4 WHERE id BETWEEN 1244067 AND 1245066
	Bitmap Heap Scan on sbtest4  (cost=34.85..3941.44 rows=1016 width=121)
	  Recheck Cond: ((id >= 1244067) AND (id <= 1245066))
	  ->  Bitmap Index Scan on sbtest4_pkey  (cost=0.00..34.59 rows=1016 width=0)
	        Index Cond: ((id >= 1244067) AND (id <= 1245066))

table 5 : explain SELECT c FROM sbtest5 WHERE id BETWEEN 4899730 AND 4900729
	Bitmap Heap Scan on sbtest5  (cost=35.17..4058.09 rows=1047 width=121)
	  Recheck Cond: ((id >= 4899730) AND (id <= 4900729))
	  ->  Bitmap Index Scan on sbtest5_pkey  (cost=0.00..34.91 rows=1047 width=0)
	        Index Cond: ((id >= 4899730) AND (id <= 4900729))

table 6 : explain SELECT c FROM sbtest6 WHERE id BETWEEN 659695 AND 660694
	Bitmap Heap Scan on sbtest6  (cost=35.00..3994.31 rows=1031 width=121)
	  Recheck Cond: ((id >= 659695) AND (id <= 660694))
	  ->  Bitmap Index Scan on sbtest6_pkey  (cost=0.00..34.75 rows=1031 width=0)
	        Index Cond: ((id >= 659695) AND (id <= 660694))

table 7 : explain SELECT c FROM sbtest7 WHERE id BETWEEN 2300335 AND 2301334
	Bitmap Heap Scan on sbtest7  (cost=34.97..3985.45 rows=1028 width=121)
	  Recheck Cond: ((id >= 2300335) AND (id <= 2301334))
	  ->  Bitmap Index Scan on sbtest7_pkey  (cost=0.00..34.72 rows=1028 width=0)
	        Index Cond: ((id >= 2300335) AND (id <= 2301334))

table 8 : explain SELECT c FROM sbtest8 WHERE id BETWEEN 8803219 AND 8804218
	Bitmap Heap Scan on sbtest8  (cost=34.32..3740.35 rows=964 width=121)
	  Recheck Cond: ((id >= 8803219) AND (id <= 8804218))
	  ->  Bitmap Index Scan on sbtest8_pkey  (cost=0.00..34.08 rows=964 width=0)
	        Index Cond: ((id >= 8803219) AND (id <= 8804218))

for: simple_ranges
table 1 : explain SELECT c FROM sbtest1 WHERE id BETWEEN 7167404 AND 7168403
	Bitmap Heap Scan on sbtest1  (cost=34.35..3753.57 rows=967 width=121)
	  Recheck Cond: ((id >= 7167404) AND (id <= 7168403))
	  ->  Bitmap Index Scan on sbtest1_pkey  (cost=0.00..34.11 rows=967 width=0)
	        Index Cond: ((id >= 7167404) AND (id <= 7168403))

table 2 : explain SELECT c FROM sbtest2 WHERE id BETWEEN 4529095 AND 4530094
	Bitmap Heap Scan on sbtest2  (cost=34.57..3833.30 rows=989 width=121)
	  Recheck Cond: ((id >= 4529095) AND (id <= 4530094))
	  ->  Bitmap Index Scan on sbtest2_pkey  (cost=0.00..34.33 rows=989 width=0)
	        Index Cond: ((id >= 4529095) AND (id <= 4530094))

table 3 : explain SELECT c FROM sbtest3 WHERE id BETWEEN 1846146 AND 1847145
	Bitmap Heap Scan on sbtest3  (cost=34.74..3899.60 rows=1005 width=121)
	  Recheck Cond: ((id >= 1846146) AND (id <= 1847145))
	  ->  Bitmap Index Scan on sbtest3_pkey  (cost=0.00..34.48 rows=1005 width=0)
	        Index Cond: ((id >= 1846146) AND (id <= 1847145))

table 4 : explain SELECT c FROM sbtest4 WHERE id BETWEEN 8714873 AND 8715872
	Bitmap Heap Scan on sbtest4  (cost=39.70..4258.43 rows=1099 width=121)
	  Recheck Cond: ((id >= 8714873) AND (id <= 8715872))
	  ->  Bitmap Index Scan on sbtest4_pkey  (cost=0.00..39.43 rows=1099 width=0)
	        Index Cond: ((id >= 8714873) AND (id <= 8715872))

table 5 : explain SELECT c FROM sbtest5 WHERE id BETWEEN 1644366 AND 1645365
	Bitmap Heap Scan on sbtest5  (cost=29.71..3517.25 rows=905 width=121)
	  Recheck Cond: ((id >= 1644366) AND (id <= 1645365))
	  ->  Bitmap Index Scan on sbtest5_pkey  (cost=0.00..29.48 rows=905 width=0)
	        Index Cond: ((id >= 1644366) AND (id <= 1645365))

table 6 : explain SELECT c FROM sbtest6 WHERE id BETWEEN 7377504 AND 7378503
	Bitmap Heap Scan on sbtest6  (cost=35.07..4020.68 rows=1038 width=121)
	  Recheck Cond: ((id >= 7377504) AND (id <= 7378503))
	  ->  Bitmap Index Scan on sbtest6_pkey  (cost=0.00..34.82 rows=1038 width=0)
	        Index Cond: ((id >= 7377504) AND (id <= 7378503))

table 7 : explain SELECT c FROM sbtest7 WHERE id BETWEEN 9944525 AND 9945524
	Bitmap Heap Scan on sbtest7  (cost=34.37..3762.64 rows=969 width=121)
	  Recheck Cond: ((id >= 9944525) AND (id <= 9945524))
	  ->  Bitmap Index Scan on sbtest7_pkey  (cost=0.00..34.12 rows=969 width=0)
	        Index Cond: ((id >= 9944525) AND (id <= 9945524))

table 8 : explain SELECT c FROM sbtest8 WHERE id BETWEEN 1664171 AND 1665170
	Bitmap Heap Scan on sbtest8  (cost=34.13..3672.37 rows=946 width=121)
	  Recheck Cond: ((id >= 1664171) AND (id <= 1665170))
	  ->  Bitmap Index Scan on sbtest8_pkey  (cost=0.00..33.90 rows=946 width=0)
	        Index Cond: ((id >= 1664171) AND (id <= 1665170))

for: order_ranges
table 1 : explain SELECT c FROM sbtest1 WHERE id BETWEEN 2762226 AND 2763225 ORDER BY c
	Sort  (cost=3847.53..3849.98 rows=979 width=121)
	  Sort Key: c
	  ->  Bitmap Heap Scan on sbtest1  (cost=34.47..3798.90 rows=979 width=121)
	        Recheck Cond: ((id >= 2762226) AND (id <= 2763225))
	        ->  Bitmap Index Scan on sbtest1_pkey  (cost=0.00..34.23 rows=979 width=0)
	              Index Cond: ((id >= 2762226) AND (id <= 2763225))

table 2 : explain SELECT c FROM sbtest2 WHERE id BETWEEN 2373008 AND 2374007 ORDER BY c
	Sort  (cost=4142.46..4145.10 rows=1057 width=121)
	  Sort Key: c
	  ->  Bitmap Heap Scan on sbtest2  (cost=35.27..4089.37 rows=1057 width=121)
	        Recheck Cond: ((id >= 2373008) AND (id <= 2374007))
	        ->  Bitmap Index Scan on sbtest2_pkey  (cost=0.00..35.01 rows=1057 width=0)
	              Index Cond: ((id >= 2373008) AND (id <= 2374007))

table 3 : explain SELECT c FROM sbtest3 WHERE id BETWEEN 1363362 AND 1364361 ORDER BY c
	Sort  (cost=3965.05..3967.58 rows=1009 width=121)
	  Sort Key: c
	  ->  Bitmap Heap Scan on sbtest3  (cost=34.78..3914.71 rows=1009 width=121)
	        Recheck Cond: ((id >= 1363362) AND (id <= 1364361))
	        ->  Bitmap Index Scan on sbtest3_pkey  (cost=0.00..34.53 rows=1009 width=0)
	              Index Cond: ((id >= 1363362) AND (id <= 1364361))

table 4 : explain SELECT c FROM sbtest4 WHERE id BETWEEN 4545297 AND 4546296 ORDER BY c
	Sort  (cost=4026.68..4029.24 rows=1025 width=121)
	  Sort Key: c
	  ->  Bitmap Heap Scan on sbtest4  (cost=34.94..3975.42 rows=1025 width=121)
	        Recheck Cond: ((id >= 4545297) AND (id <= 4546296))
	        ->  Bitmap Index Scan on sbtest4_pkey  (cost=0.00..34.69 rows=1025 width=0)
	              Index Cond: ((id >= 4545297) AND (id <= 4546296))

table 5 : explain SELECT c FROM sbtest5 WHERE id BETWEEN 4466646 AND 4467645 ORDER BY c
	Sort  (cost=3965.02..3967.54 rows=1009 width=121)
	  Sort Key: c
	  ->  Bitmap Heap Scan on sbtest5  (cost=34.78..3914.67 rows=1009 width=121)
	        Recheck Cond: ((id >= 4466646) AND (id <= 4467645))
	        ->  Bitmap Index Scan on sbtest5_pkey  (cost=0.00..34.53 rows=1009 width=0)
	              Index Cond: ((id >= 4466646) AND (id <= 4467645))

table 6 : explain SELECT c FROM sbtest6 WHERE id BETWEEN 3592924 AND 3593923 ORDER BY c
	Sort  (cost=3670.39..3672.72 rows=933 width=121)
	  Sort Key: c
	  ->  Bitmap Heap Scan on sbtest6  (cost=34.00..3624.36 rows=933 width=121)
	        Recheck Cond: ((id >= 3592924) AND (id <= 3593923))
	        ->  Bitmap Index Scan on sbtest6_pkey  (cost=0.00..33.77 rows=933 width=0)
	              Index Cond: ((id >= 3592924) AND (id <= 3593923))

table 7 : explain SELECT c FROM sbtest7 WHERE id BETWEEN 1812789 AND 1813788 ORDER BY c
	Sort  (cost=4013.89..4016.45 rows=1022 width=121)
	  Sort Key: c
	  ->  Bitmap Heap Scan on sbtest7  (cost=34.91..3962.81 rows=1022 width=121)
	        Recheck Cond: ((id >= 1812789) AND (id <= 1813788))
	        ->  Bitmap Index Scan on sbtest7_pkey  (cost=0.00..34.66 rows=1022 width=0)
	              Index Cond: ((id >= 1812789) AND (id <= 1813788))

table 8 : explain SELECT c FROM sbtest8 WHERE id BETWEEN 8343015 AND 8344014 ORDER BY c
	Sort  (cost=4094.31..4096.92 rows=1044 width=121)
	  Sort Key: c
	  ->  Bitmap Heap Scan on sbtest8  (cost=35.14..4041.97 rows=1044 width=121)
	        Recheck Cond: ((id >= 8343015) AND (id <= 8344014))
	        ->  Bitmap Index Scan on sbtest8_pkey  (cost=0.00..34.88 rows=1044 width=0)
	              Index Cond: ((id >= 8343015) AND (id <= 8344014))

for: order_ranges
table 1 : explain SELECT c FROM sbtest1 WHERE id BETWEEN 8139394 AND 8140393 ORDER BY c
	Sort  (cost=4065.84..4068.43 rows=1036 width=121)
	  Sort Key: c
	  ->  Bitmap Heap Scan on sbtest1  (cost=35.05..4013.95 rows=1036 width=121)
	        Recheck Cond: ((id >= 8139394) AND (id <= 8140393))
	        ->  Bitmap Index Scan on sbtest1_pkey  (cost=0.00..34.80 rows=1036 width=0)
	              Index Cond: ((id >= 8139394) AND (id <= 8140393))

table 2 : explain SELECT c FROM sbtest2 WHERE id BETWEEN 9642126 AND 9643125 ORDER BY c
	Sort  (cost=3974.32..3976.85 rows=1013 width=121)
	  Sort Key: c
	  ->  Bitmap Heap Scan on sbtest2  (cost=34.82..3923.75 rows=1013 width=121)
	        Recheck Cond: ((id >= 9642126) AND (id <= 9643125))
	        ->  Bitmap Index Scan on sbtest2_pkey  (cost=0.00..34.57 rows=1013 width=0)
	              Index Cond: ((id >= 9642126) AND (id <= 9643125))

table 3 : explain SELECT c FROM sbtest3 WHERE id BETWEEN 4357749 AND 4358748 ORDER BY c
	Sort  (cost=4041.70..4044.27 rows=1029 width=121)
	  Sort Key: c
	  ->  Bitmap Heap Scan on sbtest3  (cost=34.98..3990.22 rows=1029 width=121)
	        Recheck Cond: ((id >= 4357749) AND (id <= 4358748))
	        ->  Bitmap Index Scan on sbtest3_pkey  (cost=0.00..34.73 rows=1029 width=0)
	              Index Cond: ((id >= 4357749) AND (id <= 4358748))

table 4 : explain SELECT c FROM sbtest4 WHERE id BETWEEN 8086841 AND 8087840 ORDER BY c
	Sort  (cost=3857.95..3860.41 rows=981 width=121)
	  Sort Key: c
	  ->  Bitmap Heap Scan on sbtest4  (cost=34.49..3809.21 rows=981 width=121)
	        Recheck Cond: ((id >= 8086841) AND (id <= 8087840))
	        ->  Bitmap Index Scan on sbtest4_pkey  (cost=0.00..34.25 rows=981 width=0)
	              Index Cond: ((id >= 8086841) AND (id <= 8087840))

table 5 : explain SELECT c FROM sbtest5 WHERE id BETWEEN 6786263 AND 6787262 ORDER BY c
	Sort  (cost=3715.59..3717.95 rows=944 width=121)
	  Sort Key: c
	  ->  Bitmap Heap Scan on sbtest5  (cost=34.11..3668.94 rows=944 width=121)
	        Recheck Cond: ((id >= 6786263) AND (id <= 6787262))
	        ->  Bitmap Index Scan on sbtest5_pkey  (cost=0.00..33.88 rows=944 width=0)
	              Index Cond: ((id >= 6786263) AND (id <= 6787262))

table 6 : explain SELECT c FROM sbtest6 WHERE id BETWEEN 3014970 AND 3015969 ORDER BY c
	Sort  (cost=4576.88..4579.80 rows=1170 width=121)
	  Sort Key: c
	  ->  Bitmap Heap Scan on sbtest6  (cost=40.43..4517.25 rows=1170 width=121)
	        Recheck Cond: ((id >= 3014970) AND (id <= 3015969))
	        ->  Bitmap Index Scan on sbtest6_pkey  (cost=0.00..40.14 rows=1170 width=0)
	              Index Cond: ((id >= 3014970) AND (id <= 3015969))

table 7 : explain SELECT c FROM sbtest7 WHERE id BETWEEN 996057 AND 997056 ORDER BY c
	Sort  (cost=3994.74..3997.28 rows=1017 width=121)
	  Sort Key: c
	  ->  Bitmap Heap Scan on sbtest7  (cost=34.86..3943.94 rows=1017 width=121)
	        Recheck Cond: ((id >= 996057) AND (id <= 997056))
	        ->  Bitmap Index Scan on sbtest7_pkey  (cost=0.00..34.61 rows=1017 width=0)
	              Index Cond: ((id >= 996057) AND (id <= 997056))

table 8 : explain SELECT c FROM sbtest8 WHERE id BETWEEN 5938021 AND 5939020 ORDER BY c
	Sort  (cost=3864.74..3867.20 rows=984 width=121)
	  Sort Key: c
	  ->  Bitmap Heap Scan on sbtest8  (cost=34.52..3815.83 rows=984 width=121)
	        Recheck Cond: ((id >= 5938021) AND (id <= 5939020))
	        ->  Bitmap Index Scan on sbtest8_pkey  (cost=0.00..34.28 rows=984 width=0)
	              Index Cond: ((id >= 5938021) AND (id <= 5939020))

for: distinct_ranges
table 1 : explain SELECT DISTINCT c FROM sbtest1 WHERE id BETWEEN 5666244 AND 5667243 ORDER BY c
	Unique  (cost=3571.06..3575.60 rows=908 width=121)
	  ->  Sort  (cost=3571.06..3573.33 rows=908 width=121)
	        Sort Key: c
	        ->  Bitmap Heap Scan on sbtest1  (cost=29.74..3526.45 rows=908 width=121)
	              Recheck Cond: ((id >= 5666244) AND (id <= 5667243))
	              ->  Bitmap Index Scan on sbtest1_pkey  (cost=0.00..29.51 rows=908 width=0)
	                    Index Cond: ((id >= 5666244) AND (id <= 5667243))

table 2 : explain SELECT DISTINCT c FROM sbtest2 WHERE id BETWEEN 8498103 AND 8499102 ORDER BY c
	Unique  (cost=3890.16..3895.11 rows=991 width=121)
	  ->  Sort  (cost=3890.16..3892.64 rows=991 width=121)
	        Sort Key: c
	        ->  Bitmap Heap Scan on sbtest2  (cost=34.59..3840.84 rows=991 width=121)
	              Recheck Cond: ((id >= 8498103) AND (id <= 8499102))
	              ->  Bitmap Index Scan on sbtest2_pkey  (cost=0.00..34.34 rows=991 width=0)
	                    Index Cond: ((id >= 8498103) AND (id <= 8499102))

table 3 : explain SELECT DISTINCT c FROM sbtest3 WHERE id BETWEEN 8297831 AND 8298830 ORDER BY c
	Unique  (cost=3830.81..3835.68 rows=974 width=121)
	  ->  Sort  (cost=3830.81..3833.24 rows=974 width=121)
	        Sort Key: c
	        ->  Bitmap Heap Scan on sbtest3  (cost=34.42..3782.46 rows=974 width=121)
	              Recheck Cond: ((id >= 8297831) AND (id <= 8298830))
	              ->  Bitmap Index Scan on sbtest3_pkey  (cost=0.00..34.18 rows=974 width=0)
	                    Index Cond: ((id >= 8297831) AND (id <= 8298830))

table 4 : explain SELECT DISTINCT c FROM sbtest4 WHERE id BETWEEN 595731 AND 596730 ORDER BY c
	Unique  (cost=3834.93..3839.80 rows=975 width=121)
	  ->  Sort  (cost=3834.93..3837.36 rows=975 width=121)
	        Sort Key: c
	        ->  Bitmap Heap Scan on sbtest4  (cost=34.43..3786.52 rows=975 width=121)
	              Recheck Cond: ((id >= 595731) AND (id <= 596730))
	              ->  Bitmap Index Scan on sbtest4_pkey  (cost=0.00..34.19 rows=975 width=0)
	                    Index Cond: ((id >= 595731) AND (id <= 596730))

table 5 : explain SELECT DISTINCT c FROM sbtest5 WHERE id BETWEEN 6642 AND 7641 ORDER BY c
	Unique  (cost=4171.86..4177.17 rows=1063 width=121)
	  ->  Sort  (cost=4171.86..4174.51 rows=1063 width=121)
	        Sort Key: c
	        ->  Bitmap Heap Scan on sbtest5  (cost=35.33..4118.42 rows=1063 width=121)
	              Recheck Cond: ((id >= 6642) AND (id <= 7641))
	              ->  Bitmap Index Scan on sbtest5_pkey  (cost=0.00..35.07 rows=1063 width=0)
	                    Index Cond: ((id >= 6642) AND (id <= 7641))

table 6 : explain SELECT DISTINCT c FROM sbtest6 WHERE id BETWEEN 9631427 AND 9632426 ORDER BY c
	Unique  (cost=4214.14..4219.51 rows=1075 width=121)
	  ->  Sort  (cost=4214.14..4216.82 rows=1075 width=121)
	        Sort Key: c
	        ->  Bitmap Heap Scan on sbtest6  (cost=35.45..4160.01 rows=1075 width=121)
	              Recheck Cond: ((id >= 9631427) AND (id <= 9632426))
	              ->  Bitmap Index Scan on sbtest6_pkey  (cost=0.00..35.19 rows=1075 width=0)
	                    Index Cond: ((id >= 9631427) AND (id <= 9632426))

table 7 : explain SELECT DISTINCT c FROM sbtest7 WHERE id BETWEEN 9616107 AND 9617106 ORDER BY c
	Unique  (cost=3921.93..3926.92 rows=998 width=121)
	  ->  Sort  (cost=3921.93..3924.42 rows=998 width=121)
	        Sort Key: c
	        ->  Bitmap Heap Scan on sbtest7  (cost=34.66..3872.21 rows=998 width=121)
	              Recheck Cond: ((id >= 9616107) AND (id <= 9617106))
	              ->  Bitmap Index Scan on sbtest7_pkey  (cost=0.00..34.42 rows=998 width=0)
	                    Index Cond: ((id >= 9616107) AND (id <= 9617106))

table 8 : explain SELECT DISTINCT c FROM sbtest8 WHERE id BETWEEN 3815824 AND 3816823 ORDER BY c
	Unique  (cost=3811.12..3815.97 rows=970 width=121)
	  ->  Sort  (cost=3811.12..3813.54 rows=970 width=121)
	        Sort Key: c
	        ->  Bitmap Heap Scan on sbtest8  (cost=34.38..3763.00 rows=970 width=121)
	              Recheck Cond: ((id >= 3815824) AND (id <= 3816823))
	              ->  Bitmap Index Scan on sbtest8_pkey  (cost=0.00..34.14 rows=970 width=0)
	                    Index Cond: ((id >= 3815824) AND (id <= 3816823))

for: distinct_ranges
table 1 : explain SELECT DISTINCT c FROM sbtest1 WHERE id BETWEEN 9228384 AND 9229383 ORDER BY c
	Unique  (cost=3950.99..3956.02 rows=1006 width=121)
	  ->  Sort  (cost=3950.99..3953.50 rows=1006 width=121)
	        Sort Key: c
	        ->  Bitmap Heap Scan on sbtest1  (cost=34.75..3900.82 rows=1006 width=121)
	              Recheck Cond: ((id >= 9228384) AND (id <= 9229383))
	              ->  Bitmap Index Scan on sbtest1_pkey  (cost=0.00..34.50 rows=1006 width=0)
	                    Index Cond: ((id >= 9228384) AND (id <= 9229383))

table 2 : explain SELECT DISTINCT c FROM sbtest2 WHERE id BETWEEN 4940685 AND 4941684 ORDER BY c
	Unique  (cost=3556.60..3561.13 rows=905 width=121)
	  ->  Sort  (cost=3556.60..3558.86 rows=905 width=121)
	        Sort Key: c
	        ->  Bitmap Heap Scan on sbtest2  (cost=29.71..3512.16 rows=905 width=121)
	              Recheck Cond: ((id >= 4940685) AND (id <= 4941684))
	              ->  Bitmap Index Scan on sbtest2_pkey  (cost=0.00..29.48 rows=905 width=0)
	                    Index Cond: ((id >= 4940685) AND (id <= 4941684))

table 3 : explain SELECT DISTINCT c FROM sbtest3 WHERE id BETWEEN 4698603 AND 4699602 ORDER BY c
	Unique  (cost=4091.50..4096.71 rows=1042 width=121)
	  ->  Sort  (cost=4091.50..4094.10 rows=1042 width=121)
	        Sort Key: c
	        ->  Bitmap Heap Scan on sbtest3  (cost=35.12..4039.27 rows=1042 width=121)
	              Recheck Cond: ((id >= 4698603) AND (id <= 4699602))
	              ->  Bitmap Index Scan on sbtest3_pkey  (cost=0.00..34.86 rows=1042 width=0)
	                    Index Cond: ((id >= 4698603) AND (id <= 4699602))

table 4 : explain SELECT DISTINCT c FROM sbtest4 WHERE id BETWEEN 3703629 AND 3704628 ORDER BY c
	Unique  (cost=3577.36..3581.91 rows=909 width=121)
	  ->  Sort  (cost=3577.36..3579.63 rows=909 width=121)
	        Sort Key: c
	        ->  Bitmap Heap Scan on sbtest4  (cost=29.75..3532.69 rows=909 width=121)
	              Recheck Cond: ((id >= 3703629) AND (id <= 3704628))
	              ->  Bitmap Index Scan on sbtest4_pkey  (cost=0.00..29.52 rows=909 width=0)
	                    Index Cond: ((id >= 3703629) AND (id <= 3704628))

table 5 : explain SELECT DISTINCT c FROM sbtest5 WHERE id BETWEEN 8980579 AND 8981578 ORDER BY c
	Unique  (cost=3730.95..3735.69 rows=948 width=121)
	  ->  Sort  (cost=3730.95..3733.32 rows=948 width=121)
	        Sort Key: c
	        ->  Bitmap Heap Scan on sbtest5  (cost=34.15..3684.08 rows=948 width=121)
	              Recheck Cond: ((id >= 8980579) AND (id <= 8981578))
	              ->  Bitmap Index Scan on sbtest5_pkey  (cost=0.00..33.92 rows=948 width=0)
	                    Index Cond: ((id >= 8980579) AND (id <= 8981578))

table 6 : explain SELECT DISTINCT c FROM sbtest6 WHERE id BETWEEN 1551720 AND 1552719 ORDER BY c
	Unique  (cost=3865.96..3870.88 rows=984 width=121)
	  ->  Sort  (cost=3865.96..3868.42 rows=984 width=121)
	        Sort Key: c
	        ->  Bitmap Heap Scan on sbtest6  (cost=34.52..3817.04 rows=984 width=121)
	              Recheck Cond: ((id >= 1551720) AND (id <= 1552719))
	              ->  Bitmap Index Scan on sbtest6_pkey  (cost=0.00..34.28 rows=984 width=0)
	                    Index Cond: ((id >= 1551720) AND (id <= 1552719))

table 7 : explain SELECT DISTINCT c FROM sbtest7 WHERE id BETWEEN 301385 AND 302384 ORDER BY c
	Unique  (cost=3741.63..3746.38 rows=951 width=121)
	  ->  Sort  (cost=3741.63..3744.00 rows=951 width=121)
	        Sort Key: c
	        ->  Bitmap Heap Scan on sbtest7  (cost=34.18..3694.58 rows=951 width=121)
	              Recheck Cond: ((id >= 301385) AND (id <= 302384))
	              ->  Bitmap Index Scan on sbtest7_pkey  (cost=0.00..33.95 rows=951 width=0)
	                    Index Cond: ((id >= 301385) AND (id <= 302384))

table 8 : explain SELECT DISTINCT c FROM sbtest8 WHERE id BETWEEN 5918263 AND 5919262 ORDER BY c
	Unique  (cost=3864.74..3869.66 rows=984 width=121)
	  ->  Sort  (cost=3864.74..3867.20 rows=984 width=121)
	        Sort Key: c
	        ->  Bitmap Heap Scan on sbtest8  (cost=34.52..3815.83 rows=984 width=121)
	              Recheck Cond: ((id >= 5918263) AND (id <= 5919262))
	              ->  Bitmap Index Scan on sbtest8_pkey  (cost=0.00..34.28 rows=984 width=0)
	                    Index Cond: ((id >= 5918263) AND (id <= 5919262))

for: sum_ranges
table 1 : explain SELECT SUM(k) FROM sbtest1 WHERE id BETWEEN 9167784 AND 9168783
	Aggregate  (cost=3729.53..3729.54 rows=1 width=8)
	  ->  Bitmap Heap Scan on sbtest1  (cost=34.28..3727.13 rows=960 width=4)
	        Recheck Cond: ((id >= 9167784) AND (id <= 9168783))
	        ->  Bitmap Index Scan on sbtest1_pkey  (cost=0.00..34.04 rows=960 width=0)
	              Index Cond: ((id >= 9167784) AND (id <= 9168783))

table 2 : explain SELECT SUM(k) FROM sbtest2 WHERE id BETWEEN 5832398 AND 5833397
	Aggregate  (cost=3650.76..3650.77 rows=1 width=8)
	  ->  Bitmap Heap Scan on sbtest2  (cost=34.07..3648.41 rows=940 width=4)
	        Recheck Cond: ((id >= 5832398) AND (id <= 5833397))
	        ->  Bitmap Index Scan on sbtest2_pkey  (cost=0.00..33.84 rows=940 width=0)
	              Index Cond: ((id >= 5832398) AND (id <= 5833397))

table 3 : explain SELECT SUM(k) FROM sbtest3 WHERE id BETWEEN 1832019 AND 1833018
	Aggregate  (cost=3902.12..3902.13 rows=1 width=8)
	  ->  Bitmap Heap Scan on sbtest3  (cost=34.74..3899.60 rows=1005 width=4)
	        Recheck Cond: ((id >= 1832019) AND (id <= 1833018))
	        ->  Bitmap Index Scan on sbtest3_pkey  (cost=0.00..34.48 rows=1005 width=0)
	              Index Cond: ((id >= 1832019) AND (id <= 1833018))

table 4 : explain SELECT SUM(k) FROM sbtest4 WHERE id BETWEEN 7755156 AND 7756155
	Aggregate  (cost=4151.62..4151.63 rows=1 width=8)
	  ->  Bitmap Heap Scan on sbtest4  (cost=35.41..4148.94 rows=1071 width=4)
	        Recheck Cond: ((id >= 7755156) AND (id <= 7756155))
	        ->  Bitmap Index Scan on sbtest4_pkey  (cost=0.00..35.15 rows=1071 width=0)
	              Index Cond: ((id >= 7755156) AND (id <= 7756155))

table 5 : explain SELECT SUM(k) FROM sbtest5 WHERE id BETWEEN 8319953 AND 8320952
	Aggregate  (cost=3633.43..3633.44 rows=1 width=8)
	  ->  Bitmap Heap Scan on sbtest5  (cost=34.01..3631.09 rows=934 width=4)
	        Recheck Cond: ((id >= 8319953) AND (id <= 8320952))
	        ->  Bitmap Index Scan on sbtest5_pkey  (cost=0.00..33.78 rows=934 width=0)
	              Index Cond: ((id >= 8319953) AND (id <= 8320952))

table 6 : explain SELECT SUM(k) FROM sbtest6 WHERE id BETWEEN 9016204 AND 9017203
	Aggregate  (cost=3539.42..3539.43 rows=1 width=8)
	  ->  Bitmap Heap Scan on sbtest6  (cost=29.77..3537.15 rows=911 width=4)
	        Recheck Cond: ((id >= 9016204) AND (id <= 9017203))
	        ->  Bitmap Index Scan on sbtest6_pkey  (cost=0.00..29.54 rows=911 width=0)
	              Index Cond: ((id >= 9016204) AND (id <= 9017203))

table 7 : explain SELECT SUM(k) FROM sbtest7 WHERE id BETWEEN 3603295 AND 3604294
	Aggregate  (cost=3882.26..3882.27 rows=1 width=8)
	  ->  Bitmap Heap Scan on sbtest7  (cost=34.69..3879.76 rows=1000 width=4)
	        Recheck Cond: ((id >= 3603295) AND (id <= 3604294))
	        ->  Bitmap Index Scan on sbtest7_pkey  (cost=0.00..34.44 rows=1000 width=0)
	              Index Cond: ((id >= 3603295) AND (id <= 3604294))

table 8 : explain SELECT SUM(k) FROM sbtest8 WHERE id BETWEEN 5740658 AND 5741657
	Aggregate  (cost=4044.58..4044.59 rows=1 width=8)
	  ->  Bitmap Heap Scan on sbtest8  (cost=35.14..4041.97 rows=1044 width=4)
	        Recheck Cond: ((id >= 5740658) AND (id <= 5741657))
	        ->  Bitmap Index Scan on sbtest8_pkey  (cost=0.00..34.88 rows=1044 width=0)
	              Index Cond: ((id >= 5740658) AND (id <= 5741657))

for: sum_ranges
table 1 : explain SELECT SUM(k) FROM sbtest1 WHERE id BETWEEN 3913711 AND 3914710
	Aggregate  (cost=3574.38..3574.39 rows=1 width=8)
	  ->  Bitmap Heap Scan on sbtest1  (cost=33.85..3572.09 rows=919 width=4)
	        Recheck Cond: ((id >= 3913711) AND (id <= 3914710))
	        ->  Bitmap Index Scan on sbtest1_pkey  (cost=0.00..33.62 rows=919 width=0)
	              Index Cond: ((id >= 3913711) AND (id <= 3914710))

table 2 : explain SELECT SUM(k) FROM sbtest2 WHERE id BETWEEN 1352132 AND 1353131
	Aggregate  (cost=3733.87..3733.88 rows=1 width=8)
	  ->  Bitmap Heap Scan on sbtest2  (cost=34.30..3731.46 rows=962 width=4)
	        Recheck Cond: ((id >= 1352132) AND (id <= 1353131))
	        ->  Bitmap Index Scan on sbtest2_pkey  (cost=0.00..34.06 rows=962 width=0)
	              Index Cond: ((id >= 1352132) AND (id <= 1353131))

table 3 : explain SELECT SUM(k) FROM sbtest3 WHERE id BETWEEN 3813855 AND 3814854
	Aggregate  (cost=4158.84..4158.85 rows=1 width=8)
	  ->  Bitmap Heap Scan on sbtest3  (cost=35.43..4156.15 rows=1073 width=4)
	        Recheck Cond: ((id >= 3813855) AND (id <= 3814854))
	        ->  Bitmap Index Scan on sbtest3_pkey  (cost=0.00..35.17 rows=1073 width=0)
	              Index Cond: ((id >= 3813855) AND (id <= 3814854))

table 4 : explain SELECT SUM(k) FROM sbtest4 WHERE id BETWEEN 6054102 AND 6055101
	Aggregate  (cost=3993.09..3993.10 rows=1 width=8)
	  ->  Bitmap Heap Scan on sbtest4  (cost=34.98..3990.52 rows=1029 width=4)
	        Recheck Cond: ((id >= 6054102) AND (id <= 6055101))
	        ->  Bitmap Index Scan on sbtest4_pkey  (cost=0.00..34.73 rows=1029 width=0)
	              Index Cond: ((id >= 6054102) AND (id <= 6055101))

table 5 : explain SELECT SUM(k) FROM sbtest5 WHERE id BETWEEN 3675503 AND 3676502
	Aggregate  (cost=3796.21..3796.22 rows=1 width=8)
	  ->  Bitmap Heap Scan on sbtest5  (cost=34.45..3793.77 rows=977 width=4)
	        Recheck Cond: ((id >= 3675503) AND (id <= 3676502))
	        ->  Bitmap Index Scan on sbtest5_pkey  (cost=0.00..34.20 rows=977 width=0)
	              Index Cond: ((id >= 3675503) AND (id <= 3676502))

table 6 : explain SELECT SUM(k) FROM sbtest6 WHERE id BETWEEN 366568 AND 367567
	Aggregate  (cost=4060.98..4060.99 rows=1 width=8)
	  ->  Bitmap Heap Scan on sbtest6  (cost=35.18..4058.36 rows=1048 width=4)
	        Recheck Cond: ((id >= 366568) AND (id <= 367567))
	        ->  Bitmap Index Scan on sbtest6_pkey  (cost=0.00..34.92 rows=1048 width=0)
	              Index Cond: ((id >= 366568) AND (id <= 367567))

table 7 : explain SELECT SUM(k) FROM sbtest7 WHERE id BETWEEN 7607445 AND 7608444
	Aggregate  (cost=4323.76..4323.77 rows=1 width=8)
	  ->  Bitmap Heap Scan on sbtest7  (cost=39.87..4320.97 rows=1116 width=4)
	        Recheck Cond: ((id >= 7607445) AND (id <= 7608444))
	        ->  Bitmap Index Scan on sbtest7_pkey  (cost=0.00..39.59 rows=1116 width=0)
	              Index Cond: ((id >= 7607445) AND (id <= 7608444))

table 8 : explain SELECT SUM(k) FROM sbtest8 WHERE id BETWEEN 512186 AND 513185
	Aggregate  (cost=3500.49..3500.50 rows=1 width=8)
	  ->  Bitmap Heap Scan on sbtest8  (cost=29.67..3498.24 rows=901 width=4)
	        Recheck Cond: ((id >= 512186) AND (id <= 513185))
	        ->  Bitmap Index Scan on sbtest8_pkey  (cost=0.00..29.44 rows=901 width=0)
	              Index Cond: ((id >= 512186) AND (id <= 513185))

for: distinct_ranges
table 1 : explain SELECT DISTINCT c FROM sbtest1 WHERE id BETWEEN 8524781 AND 8525780 ORDER BY c
	Unique  (cost=3847.53..3852.43 rows=979 width=121)
	  ->  Sort  (cost=3847.53..3849.98 rows=979 width=121)
	        Sort Key: c
	        ->  Bitmap Heap Scan on sbtest1  (cost=34.47..3798.90 rows=979 width=121)
	              Recheck Cond: ((id >= 8524781) AND (id <= 8525780))
	              ->  Bitmap Index Scan on sbtest1_pkey  (cost=0.00..34.23 rows=979 width=0)
	                    Index Cond: ((id >= 8524781) AND (id <= 8525780))

table 2 : explain SELECT DISTINCT c FROM sbtest2 WHERE id BETWEEN 4894475 AND 4895474 ORDER BY c
	Unique  (cost=3556.60..3561.13 rows=905 width=121)
	  ->  Sort  (cost=3556.60..3558.86 rows=905 width=121)
	        Sort Key: c
	        ->  Bitmap Heap Scan on sbtest2  (cost=29.71..3512.16 rows=905 width=121)
	              Recheck Cond: ((id >= 4894475) AND (id <= 4895474))
	              ->  Bitmap Index Scan on sbtest2_pkey  (cost=0.00..29.48 rows=905 width=0)
	                    Index Cond: ((id >= 4894475) AND (id <= 4895474))

table 3 : explain SELECT DISTINCT c FROM sbtest3 WHERE id BETWEEN 5096511 AND 5097510 ORDER BY c
	Unique  (cost=3945.88..3950.90 rows=1004 width=121)
	  ->  Sort  (cost=3945.88..3948.39 rows=1004 width=121)
	        Sort Key: c
	        ->  Bitmap Heap Scan on sbtest3  (cost=34.73..3895.83 rows=1004 width=121)
	              Recheck Cond: ((id >= 5096511) AND (id <= 5097510))
	              ->  Bitmap Index Scan on sbtest3_pkey  (cost=0.00..34.48 rows=1004 width=0)
	                    Index Cond: ((id >= 5096511) AND (id <= 5097510))

table 4 : explain SELECT DISTINCT c FROM sbtest4 WHERE id BETWEEN 4521571 AND 4522570 ORDER BY c
	Unique  (cost=4026.68..4031.80 rows=1025 width=121)
	  ->  Sort  (cost=4026.68..4029.24 rows=1025 width=121)
	        Sort Key: c
	        ->  Bitmap Heap Scan on sbtest4  (cost=34.94..3975.42 rows=1025 width=121)
	              Recheck Cond: ((id >= 4521571) AND (id <= 4522570))
	              ->  Bitmap Index Scan on sbtest4_pkey  (cost=0.00..34.69 rows=1025 width=0)
	                    Index Cond: ((id >= 4521571) AND (id <= 4522570))

table 5 : explain SELECT DISTINCT c FROM sbtest5 WHERE id BETWEEN 8206534 AND 8207533 ORDER BY c
	Unique  (cost=3784.71..3789.52 rows=962 width=121)
	  ->  Sort  (cost=3784.71..3787.12 rows=962 width=121)
	        Sort Key: c
	        ->  Bitmap Heap Scan on sbtest5  (cost=34.30..3737.05 rows=962 width=121)
	              Recheck Cond: ((id >= 8206534) AND (id <= 8207533))
	              ->  Bitmap Index Scan on sbtest5_pkey  (cost=0.00..34.06 rows=962 width=0)
	                    Index Cond: ((id >= 8206534) AND (id <= 8207533))

table 6 : explain SELECT DISTINCT c FROM sbtest6 WHERE id BETWEEN 8841519 AND 8842518 ORDER BY c
	Unique  (cost=3911.93..3916.91 rows=996 width=121)
	  ->  Sort  (cost=3911.93..3914.42 rows=996 width=121)
	        Sort Key: c
	        ->  Bitmap Heap Scan on sbtest6  (cost=34.64..3862.32 rows=996 width=121)
	              Recheck Cond: ((id >= 8841519) AND (id <= 8842518))
	              ->  Bitmap Index Scan on sbtest6_pkey  (cost=0.00..34.40 rows=996 width=0)
	                    Index Cond: ((id >= 8841519) AND (id <= 8842518))

table 7 : explain SELECT DISTINCT c FROM sbtest7 WHERE id BETWEEN 5335874 AND 5336873 ORDER BY c
	Unique  (cost=3998.57..4003.66 rows=1018 width=121)
	  ->  Sort  (cost=3998.57..4001.12 rows=1018 width=121)
	        Sort Key: c
	        ->  Bitmap Heap Scan on sbtest7  (cost=34.87..3947.71 rows=1018 width=121)
	              Recheck Cond: ((id >= 5335874) AND (id <= 5336873))
	              ->  Bitmap Index Scan on sbtest7_pkey  (cost=0.00..34.62 rows=1018 width=0)
	                    Index Cond: ((id >= 5335874) AND (id <= 5336873))

table 8 : explain SELECT DISTINCT c FROM sbtest8 WHERE id BETWEEN 6648106 AND 6649105 ORDER BY c
	Unique  (cost=3538.62..3543.12 rows=900 width=121)
	  ->  Sort  (cost=3538.62..3540.87 rows=900 width=121)
	        Sort Key: c
	        ->  Bitmap Heap Scan on sbtest8  (cost=29.66..3494.45 rows=900 width=121)
	              Recheck Cond: ((id >= 6648106) AND (id <= 6649105))
	              ->  Bitmap Index Scan on sbtest8_pkey  (cost=0.00..29.43 rows=900 width=0)
	                    Index Cond: ((id >= 6648106) AND (id <= 6649105))

for: order_ranges
table 1 : explain SELECT c FROM sbtest1 WHERE id BETWEEN 6378467 AND 6379466 ORDER BY c
	Sort  (cost=3690.27..3692.61 rows=938 width=121)
	  Sort Key: c
	  ->  Bitmap Heap Scan on sbtest1  (cost=34.05..3643.96 rows=938 width=121)
	        Recheck Cond: ((id >= 6378467) AND (id <= 6379466))
	        ->  Bitmap Index Scan on sbtest1_pkey  (cost=0.00..33.82 rows=938 width=0)
	              Index Cond: ((id >= 6378467) AND (id <= 6379466))

table 2 : explain SELECT c FROM sbtest2 WHERE id BETWEEN 9936127 AND 9937126 ORDER BY c
	Sort  (cost=3790.62..3793.03 rows=965 width=121)
	  Sort Key: c
	  ->  Bitmap Heap Scan on sbtest2  (cost=34.33..3742.78 rows=965 width=121)
	        Recheck Cond: ((id >= 9936127) AND (id <= 9937126))
	        ->  Bitmap Index Scan on sbtest2_pkey  (cost=0.00..34.09 rows=965 width=0)
	              Index Cond: ((id >= 9936127) AND (id <= 9937126))

table 3 : explain SELECT c FROM sbtest3 WHERE id BETWEEN 9420451 AND 9421450 ORDER BY c
	Sort  (cost=3592.64..3594.92 rows=912 width=121)
	  Sort Key: c
	  ->  Bitmap Heap Scan on sbtest3  (cost=33.78..3547.81 rows=912 width=121)
	        Recheck Cond: ((id >= 9420451) AND (id <= 9421450))
	        ->  Bitmap Index Scan on sbtest3_pkey  (cost=0.00..33.56 rows=912 width=0)
	              Index Cond: ((id >= 9420451) AND (id <= 9421450))

table 4 : explain SELECT c FROM sbtest4 WHERE id BETWEEN 3494121 AND 3495120 ORDER BY c
	Sort  (cost=4019.01..4021.57 rows=1023 width=121)
	  Sort Key: c
	  ->  Bitmap Heap Scan on sbtest4  (cost=34.92..3967.87 rows=1023 width=121)
	        Recheck Cond: ((id >= 3494121) AND (id <= 3495120))
	        ->  Bitmap Index Scan on sbtest4_pkey  (cost=0.00..34.67 rows=1023 width=0)
	              Index Cond: ((id >= 3494121) AND (id <= 3495120))

table 5 : explain SELECT c FROM sbtest5 WHERE id BETWEEN 2211263 AND 2212262 ORDER BY c
	Sort  (cost=3796.23..3798.64 rows=965 width=121)
	  Sort Key: c
	  ->  Bitmap Heap Scan on sbtest5  (cost=34.33..3748.39 rows=965 width=121)
	        Recheck Cond: ((id >= 2211263) AND (id <= 2212262))
	        ->  Bitmap Index Scan on sbtest5_pkey  (cost=0.00..34.09 rows=965 width=0)
	              Index Cond: ((id >= 2211263) AND (id <= 2212262))

table 6 : explain SELECT c FROM sbtest6 WHERE id BETWEEN 8806985 AND 8807984 ORDER BY c
	Sort  (cost=4282.89..4285.62 rows=1093 width=121)
	  Sort Key: c
	  ->  Bitmap Heap Scan on sbtest6  (cost=35.64..4227.73 rows=1093 width=121)
	        Recheck Cond: ((id >= 8806985) AND (id <= 8807984))
	        ->  Bitmap Index Scan on sbtest6_pkey  (cost=0.00..35.37 rows=1093 width=0)
	              Index Cond: ((id >= 8806985) AND (id <= 8807984))

table 7 : explain SELECT c FROM sbtest7 WHERE id BETWEEN 2372013 AND 2373012 ORDER BY c
	Sort  (cost=3994.74..3997.28 rows=1017 width=121)
	  Sort Key: c
	  ->  Bitmap Heap Scan on sbtest7  (cost=34.86..3943.94 rows=1017 width=121)
	        Recheck Cond: ((id >= 2372013) AND (id <= 2373012))
	        ->  Bitmap Index Scan on sbtest7_pkey  (cost=0.00..34.61 rows=1017 width=0)
	              Index Cond: ((id >= 2372013) AND (id <= 2373012))

table 8 : explain SELECT c FROM sbtest8 WHERE id BETWEEN 607557 AND 608556 ORDER BY c
	Sort  (cost=4059.90..4062.49 rows=1035 width=121)
	  Sort Key: c
	  ->  Bitmap Heap Scan on sbtest8  (cost=35.04..4008.07 rows=1035 width=121)
	        Recheck Cond: ((id >= 607557) AND (id <= 608556))
	        ->  Bitmap Index Scan on sbtest8_pkey  (cost=0.00..34.79 rows=1035 width=0)
	              Index Cond: ((id >= 607557) AND (id <= 608556))

for: sum_ranges
table 1 : explain SELECT SUM(k) FROM sbtest1 WHERE id BETWEEN 4151383 AND 4152382
	Aggregate  (cost=4076.87..4076.88 rows=1 width=8)
	  ->  Bitmap Heap Scan on sbtest1  (cost=35.22..4074.24 rows=1052 width=4)
	        Recheck Cond: ((id >= 4151383) AND (id <= 4152382))
	        ->  Bitmap Index Scan on sbtest1_pkey  (cost=0.00..34.95 rows=1052 width=0)
	              Index Cond: ((id >= 4151383) AND (id <= 4152382))

table 2 : explain SELECT SUM(k) FROM sbtest2 WHERE id BETWEEN 7062530 AND 7063529
	Aggregate  (cost=3275.78..3275.79 rows=1 width=8)
	  ->  Bitmap Heap Scan on sbtest2  (cost=29.07..3273.68 rows=842 width=4)
	        Recheck Cond: ((id >= 7062530) AND (id <= 7063529))
	        ->  Bitmap Index Scan on sbtest2_pkey  (cost=0.00..28.86 rows=842 width=0)
	              Index Cond: ((id >= 7062530) AND (id <= 7063529))

table 3 : explain SELECT SUM(k) FROM sbtest3 WHERE id BETWEEN 6990092 AND 6991091
	Aggregate  (cost=3470.24..3470.25 rows=1 width=8)
	  ->  Bitmap Heap Scan on sbtest3  (cost=29.58..3468.01 rows=892 width=4)
	        Recheck Cond: ((id >= 6990092) AND (id <= 6991091))
	        ->  Bitmap Index Scan on sbtest3_pkey  (cost=0.00..29.36 rows=892 width=0)
	              Index Cond: ((id >= 6990092) AND (id <= 6991091))

table 4 : explain SELECT SUM(k) FROM sbtest4 WHERE id BETWEEN 9097608 AND 9098607
	Aggregate  (cost=4038.41..4038.42 rows=1 width=8)
	  ->  Bitmap Heap Scan on sbtest4  (cost=35.11..4035.80 rows=1041 width=4)
	        Recheck Cond: ((id >= 9097608) AND (id <= 9098607))
	        ->  Bitmap Index Scan on sbtest4_pkey  (cost=0.00..34.84 rows=1041 width=0)
	              Index Cond: ((id >= 9097608) AND (id <= 9098607))

table 5 : explain SELECT SUM(k) FROM sbtest5 WHERE id BETWEEN 635309 AND 636308
	Aggregate  (cost=4204.04..4204.05 rows=1 width=8)
	  ->  Bitmap Heap Scan on sbtest5  (cost=35.56..4201.33 rows=1085 width=4)
	        Recheck Cond: ((id >= 635309) AND (id <= 636308))
	        ->  Bitmap Index Scan on sbtest5_pkey  (cost=0.00..35.29 rows=1085 width=0)
	              Index Cond: ((id >= 635309) AND (id <= 636308))

table 6 : explain SELECT SUM(k) FROM sbtest6 WHERE id BETWEEN 2242233 AND 2243232
	Aggregate  (cost=3989.34..3989.35 rows=1 width=8)
	  ->  Bitmap Heap Scan on sbtest6  (cost=34.98..3986.77 rows=1029 width=4)
	        Recheck Cond: ((id >= 2242233) AND (id <= 2243232))
	        ->  Bitmap Index Scan on sbtest6_pkey  (cost=0.00..34.73 rows=1029 width=0)
	              Index Cond: ((id >= 2242233) AND (id <= 2243232))

table 7 : explain SELECT SUM(k) FROM sbtest7 WHERE id BETWEEN 886964 AND 887963
	Aggregate  (cost=3999.34..3999.35 rows=1 width=8)
	  ->  Bitmap Heap Scan on sbtest7  (cost=35.00..3996.76 rows=1031 width=4)
	        Recheck Cond: ((id >= 886964) AND (id <= 887963))
	        ->  Bitmap Index Scan on sbtest7_pkey  (cost=0.00..34.75 rows=1031 width=0)
	              Index Cond: ((id >= 886964) AND (id <= 887963))

table 8 : explain SELECT SUM(k) FROM sbtest8 WHERE id BETWEEN 541143 AND 542142
	Aggregate  (cost=4010.66..4010.67 rows=1 width=8)
	  ->  Bitmap Heap Scan on sbtest8  (cost=35.04..4008.07 rows=1035 width=4)
	        Recheck Cond: ((id >= 541143) AND (id <= 542142))
	        ->  Bitmap Index Scan on sbtest8_pkey  (cost=0.00..34.79 rows=1035 width=0)
	              Index Cond: ((id >= 541143) AND (id <= 542142))

for: order_ranges
table 1 : explain SELECT c FROM sbtest1 WHERE id BETWEEN 7127815 AND 7128814 ORDER BY c
	Sort  (cost=3801.53..3803.94 rows=967 width=121)
	  Sort Key: c
	  ->  Bitmap Heap Scan on sbtest1  (cost=34.35..3753.57 rows=967 width=121)
	        Recheck Cond: ((id >= 7127815) AND (id <= 7128814))
	        ->  Bitmap Index Scan on sbtest1_pkey  (cost=0.00..34.11 rows=967 width=0)
	              Index Cond: ((id >= 7127815) AND (id <= 7128814))

table 2 : explain SELECT c FROM sbtest2 WHERE id BETWEEN 987724 AND 988723 ORDER BY c
	Sort  (cost=4138.64..4141.28 rows=1056 width=121)
	  Sort Key: c
	  ->  Bitmap Heap Scan on sbtest2  (cost=35.26..4085.61 rows=1056 width=121)
	        Recheck Cond: ((id >= 987724) AND (id <= 988723))
	        ->  Bitmap Index Scan on sbtest2_pkey  (cost=0.00..35.00 rows=1056 width=0)
	              Index Cond: ((id >= 987724) AND (id <= 988723))

table 3 : explain SELECT c FROM sbtest3 WHERE id BETWEEN 4711593 AND 4712592 ORDER BY c
	Sort  (cost=3899.87..3902.35 rows=992 width=121)
	  Sort Key: c
	  ->  Bitmap Heap Scan on sbtest3  (cost=34.60..3850.49 rows=992 width=121)
	        Recheck Cond: ((id >= 4711593) AND (id <= 4712592))
	        ->  Bitmap Index Scan on sbtest3_pkey  (cost=0.00..34.36 rows=992 width=0)
	              Index Cond: ((id >= 4711593) AND (id <= 4712592))

table 4 : explain SELECT c FROM sbtest4 WHERE id BETWEEN 8764876 AND 8765875 ORDER BY c
	Sort  (cost=4313.95..4316.69 rows=1099 width=121)
	  Sort Key: c
	  ->  Bitmap Heap Scan on sbtest4  (cost=39.70..4258.43 rows=1099 width=121)
	        Recheck Cond: ((id >= 8764876) AND (id <= 8765875))
	        ->  Bitmap Index Scan on sbtest4_pkey  (cost=0.00..39.43 rows=1099 width=0)
	              Index Cond: ((id >= 8764876) AND (id <= 8765875))

table 5 : explain SELECT c FROM sbtest5 WHERE id BETWEEN 968340 AND 969339 ORDER BY c
	Sort  (cost=3895.99..3898.47 rows=991 width=121)
	  Sort Key: c
	  ->  Bitmap Heap Scan on sbtest5  (cost=34.59..3846.68 rows=991 width=121)
	        Recheck Cond: ((id >= 968340) AND (id <= 969339))
	        ->  Bitmap Index Scan on sbtest5_pkey  (cost=0.00..34.34 rows=991 width=0)
	              Index Cond: ((id >= 968340) AND (id <= 969339))

table 6 : explain SELECT c FROM sbtest6 WHERE id BETWEEN 7494233 AND 7495232 ORDER BY c
	Sort  (cost=4061.21..4063.80 rows=1035 width=121)
	  Sort Key: c
	  ->  Bitmap Heap Scan on sbtest6  (cost=35.04..4009.38 rows=1035 width=121)
	        Recheck Cond: ((id >= 7494233) AND (id <= 7495232))
	        ->  Bitmap Index Scan on sbtest6_pkey  (cost=0.00..34.79 rows=1035 width=0)
	              Index Cond: ((id >= 7494233) AND (id <= 7495232))

table 7 : explain SELECT c FROM sbtest7 WHERE id BETWEEN 6192402 AND 6193401 ORDER BY c
	Sort  (cost=3676.35..3678.68 rows=934 width=121)
	  Sort Key: c
	  ->  Bitmap Heap Scan on sbtest7  (cost=34.01..3630.27 rows=934 width=121)
	        Recheck Cond: ((id >= 6192402) AND (id <= 6193401))
	        ->  Bitmap Index Scan on sbtest7_pkey  (cost=0.00..33.78 rows=934 width=0)
	              Index Cond: ((id >= 6192402) AND (id <= 6193401))

table 8 : explain SELECT c FROM sbtest8 WHERE id BETWEEN 2222913 AND 2223912 ORDER BY c
	Sort  (cost=4205.12..4207.80 rows=1073 width=121)
	  Sort Key: c
	  ->  Bitmap Heap Scan on sbtest8  (cost=35.43..4151.10 rows=1073 width=121)
	        Recheck Cond: ((id >= 2222913) AND (id <= 2223912))
	        ->  Bitmap Index Scan on sbtest8_pkey  (cost=0.00..35.17 rows=1073 width=0)
	              Index Cond: ((id >= 2222913) AND (id <= 2223912))

for: distinct_ranges
table 1 : explain SELECT DISTINCT c FROM sbtest1 WHERE id BETWEEN 8287409 AND 8288408 ORDER BY c
	Unique  (cost=3943.33..3948.35 rows=1004 width=121)
	  ->  Sort  (cost=3943.33..3945.84 rows=1004 width=121)
	        Sort Key: c
	        ->  Bitmap Heap Scan on sbtest1  (cost=34.73..3893.27 rows=1004 width=121)
	              Recheck Cond: ((id >= 8287409) AND (id <= 8288408))
	              ->  Bitmap Index Scan on sbtest1_pkey  (cost=0.00..34.48 rows=1004 width=0)
	                    Index Cond: ((id >= 8287409) AND (id <= 8288408))

table 2 : explain SELECT DISTINCT c FROM sbtest2 WHERE id BETWEEN 7145437 AND 7146436 ORDER BY c
	Unique  (cost=4031.66..4036.80 rows=1028 width=121)
	  ->  Sort  (cost=4031.66..4034.23 rows=1028 width=121)
	        Sort Key: c
	        ->  Bitmap Heap Scan on sbtest2  (cost=34.97..3980.24 rows=1028 width=121)
	              Recheck Cond: ((id >= 7145437) AND (id <= 7146436))
	              ->  Bitmap Index Scan on sbtest2_pkey  (cost=0.00..34.72 rows=1028 width=0)
	                    Index Cond: ((id >= 7145437) AND (id <= 7146436))

table 3 : explain SELECT DISTINCT c FROM sbtest3 WHERE id BETWEEN 4544941 AND 4545940 ORDER BY c
	Unique  (cost=3627.25..3631.85 rows=921 width=121)
	  ->  Sort  (cost=3627.25..3629.55 rows=921 width=121)
	        Sort Key: c
	        ->  Bitmap Heap Scan on sbtest3  (cost=33.88..3581.90 rows=921 width=121)
	              Recheck Cond: ((id >= 4544941) AND (id <= 4545940))
	              ->  Bitmap Index Scan on sbtest3_pkey  (cost=0.00..33.65 rows=921 width=0)
	                    Index Cond: ((id >= 4544941) AND (id <= 4545940))

table 4 : explain SELECT DISTINCT c FROM sbtest4 WHERE id BETWEEN 4160399 AND 4161398 ORDER BY c
	Unique  (cost=4099.47..4104.69 rows=1044 width=121)
	  ->  Sort  (cost=4099.47..4102.08 rows=1044 width=121)
	        Sort Key: c
	        ->  Bitmap Heap Scan on sbtest4  (cost=35.14..4047.12 rows=1044 width=121)
	              Recheck Cond: ((id >= 4160399) AND (id <= 4161398))
	              ->  Bitmap Index Scan on sbtest4_pkey  (cost=0.00..34.88 rows=1044 width=0)
	                    Index Cond: ((id >= 4160399) AND (id <= 4161398))

table 5 : explain SELECT DISTINCT c FROM sbtest5 WHERE id BETWEEN 9323693 AND 9324692 ORDER BY c
	Unique  (cost=3746.32..3751.08 rows=952 width=121)
	  ->  Sort  (cost=3746.32..3748.70 rows=952 width=121)
	        Sort Key: c
	        ->  Bitmap Heap Scan on sbtest5  (cost=34.19..3699.22 rows=952 width=121)
	              Recheck Cond: ((id >= 9323693) AND (id <= 9324692))
	              ->  Bitmap Index Scan on sbtest5_pkey  (cost=0.00..33.95 rows=952 width=0)
	                    Index Cond: ((id >= 9323693) AND (id <= 9324692))

table 6 : explain SELECT DISTINCT c FROM sbtest6 WHERE id BETWEEN 7594242 AND 7595241 ORDER BY c
	Unique  (cost=3984.68..3989.75 rows=1015 width=121)
	  ->  Sort  (cost=3984.68..3987.21 rows=1015 width=121)
	        Sort Key: c
	        ->  Bitmap Heap Scan on sbtest6  (cost=34.84..3933.99 rows=1015 width=121)
	              Recheck Cond: ((id >= 7594242) AND (id <= 7595241))
	              ->  Bitmap Index Scan on sbtest6_pkey  (cost=0.00..34.59 rows=1015 width=0)
	                    Index Cond: ((id >= 7594242) AND (id <= 7595241))

table 7 : explain SELECT DISTINCT c FROM sbtest7 WHERE id BETWEEN 2172879 AND 2173878 ORDER BY c
	Unique  (cost=3914.26..3919.24 rows=996 width=121)
	  ->  Sort  (cost=3914.26..3916.75 rows=996 width=121)
	        Sort Key: c
	        ->  Bitmap Heap Scan on sbtest7  (cost=34.64..3864.66 rows=996 width=121)
	              Recheck Cond: ((id >= 2172879) AND (id <= 2173878))
	              ->  Bitmap Index Scan on sbtest7_pkey  (cost=0.00..34.40 rows=996 width=0)
	                    Index Cond: ((id >= 2172879) AND (id <= 2173878))

table 8 : explain SELECT DISTINCT c FROM sbtest8 WHERE id BETWEEN 5516624 AND 5517623 ORDER BY c
	Unique  (cost=3960.45..3965.49 rows=1009 width=121)
	  ->  Sort  (cost=3960.45..3962.97 rows=1009 width=121)
	        Sort Key: c
	        ->  Bitmap Heap Scan on sbtest8  (cost=34.78..3910.11 rows=1009 width=121)
	              Recheck Cond: ((id >= 5516624) AND (id <= 5517623))
	              ->  Bitmap Index Scan on sbtest8_pkey  (cost=0.00..34.53 rows=1009 width=0)
	                    Index Cond: ((id >= 5516624) AND (id <= 5517623))

for: order_ranges
table 1 : explain SELECT c FROM sbtest1 WHERE id BETWEEN 3665325 AND 3666324 ORDER BY c
	Sort  (cost=3797.69..3800.11 rows=966 width=121)
	  Sort Key: c
	  ->  Bitmap Heap Scan on sbtest1  (cost=34.34..3749.80 rows=966 width=121)
	        Recheck Cond: ((id >= 3665325) AND (id <= 3666324))
	        ->  Bitmap Index Scan on sbtest1_pkey  (cost=0.00..34.09 rows=966 width=0)
	              Index Cond: ((id >= 3665325) AND (id <= 3666324))

table 2 : explain SELECT c FROM sbtest2 WHERE id BETWEEN 7357168 AND 7358167 ORDER BY c
	Sort  (cost=4069.88..4072.48 rows=1038 width=121)
	  Sort Key: c
	  ->  Bitmap Heap Scan on sbtest2  (cost=35.07..4017.88 rows=1038 width=121)
	        Recheck Cond: ((id >= 7357168) AND (id <= 7358167))
	        ->  Bitmap Index Scan on sbtest2_pkey  (cost=0.00..34.82 rows=1038 width=0)
	              Index Cond: ((id >= 7357168) AND (id <= 7358167))

table 3 : explain SELECT c FROM sbtest3 WHERE id BETWEEN 5254402 AND 5255401 ORDER BY c
	Sort  (cost=4183.38..4186.04 rows=1066 width=121)
	  Sort Key: c
	  ->  Bitmap Heap Scan on sbtest3  (cost=35.36..4129.77 rows=1066 width=121)
	        Recheck Cond: ((id >= 5254402) AND (id <= 5255401))
	        ->  Bitmap Index Scan on sbtest3_pkey  (cost=0.00..35.09 rows=1066 width=0)
	              Index Cond: ((id >= 5254402) AND (id <= 5255401))

table 4 : explain SELECT c FROM sbtest4 WHERE id BETWEEN 9619667 AND 9620666 ORDER BY c
	Sort  (cost=4378.93..4381.72 rows=1116 width=121)
	  Sort Key: c
	  ->  Bitmap Heap Scan on sbtest4  (cost=39.87..4322.44 rows=1116 width=121)
	        Recheck Cond: ((id >= 9619667) AND (id <= 9620666))
	        ->  Bitmap Index Scan on sbtest4_pkey  (cost=0.00..39.59 rows=1116 width=0)
	              Index Cond: ((id >= 9619667) AND (id <= 9620666))

table 5 : explain SELECT c FROM sbtest5 WHERE id BETWEEN 8096678 AND 8097677 ORDER BY c
	Sort  (cost=3696.38..3698.73 rows=939 width=121)
	  Sort Key: c
	  ->  Bitmap Heap Scan on sbtest5  (cost=34.06..3650.02 rows=939 width=121)
	        Recheck Cond: ((id >= 8096678) AND (id <= 8097677))
	        ->  Bitmap Index Scan on sbtest5_pkey  (cost=0.00..33.83 rows=939 width=0)
	              Index Cond: ((id >= 8096678) AND (id <= 8097677))

table 6 : explain SELECT c FROM sbtest6 WHERE id BETWEEN 1739163 AND 1740162 ORDER BY c
	Sort  (cost=3850.63..3853.08 rows=980 width=121)
	  Sort Key: c
	  ->  Bitmap Heap Scan on sbtest6  (cost=34.48..3801.94 rows=980 width=121)
	        Recheck Cond: ((id >= 1739163) AND (id <= 1740162))
	        ->  Bitmap Index Scan on sbtest6_pkey  (cost=0.00..34.23 rows=980 width=0)
	              Index Cond: ((id >= 1739163) AND (id <= 1740162))

table 7 : explain SELECT c FROM sbtest7 WHERE id BETWEEN 166530 AND 167529 ORDER BY c
	Sort  (cost=3764.66..3767.05 rows=957 width=121)
	  Sort Key: c
	  ->  Bitmap Heap Scan on sbtest7  (cost=34.24..3717.28 rows=957 width=121)
	        Recheck Cond: ((id >= 166530) AND (id <= 167529))
	        ->  Bitmap Index Scan on sbtest7_pkey  (cost=0.00..34.01 rows=957 width=0)
	              Index Cond: ((id >= 166530) AND (id <= 167529))

table 8 : explain SELECT c FROM sbtest8 WHERE id BETWEEN 7796145 AND 7797144 ORDER BY c
	Sort  (cost=4147.82..4150.46 rows=1058 width=121)
	  Sort Key: c
	  ->  Bitmap Heap Scan on sbtest8  (cost=35.28..4094.67 rows=1058 width=121)
	        Recheck Cond: ((id >= 7796145) AND (id <= 7797144))
	        ->  Bitmap Index Scan on sbtest8_pkey  (cost=0.00..35.02 rows=1058 width=0)
	              Index Cond: ((id >= 7796145) AND (id <= 7797144))

for: distinct_ranges
table 1 : explain SELECT DISTINCT c FROM sbtest1 WHERE id BETWEEN 3706711 AND 3707710 ORDER BY c
	Unique  (cost=3797.69..3802.52 rows=966 width=121)
	  ->  Sort  (cost=3797.69..3800.11 rows=966 width=121)
	        Sort Key: c
	        ->  Bitmap Heap Scan on sbtest1  (cost=34.34..3749.80 rows=966 width=121)
	              Recheck Cond: ((id >= 3706711) AND (id <= 3707710))
	              ->  Bitmap Index Scan on sbtest1_pkey  (cost=0.00..34.09 rows=966 width=0)
	                    Index Cond: ((id >= 3706711) AND (id <= 3707710))

table 2 : explain SELECT DISTINCT c FROM sbtest2 WHERE id BETWEEN 3626574 AND 3627573 ORDER BY c
	Unique  (cost=3790.62..3795.45 rows=965 width=121)
	  ->  Sort  (cost=3790.62..3793.03 rows=965 width=121)
	        Sort Key: c
	        ->  Bitmap Heap Scan on sbtest2  (cost=34.33..3742.78 rows=965 width=121)
	              Recheck Cond: ((id >= 3626574) AND (id <= 3627573))
	              ->  Bitmap Index Scan on sbtest2_pkey  (cost=0.00..34.09 rows=965 width=0)
	                    Index Cond: ((id >= 3626574) AND (id <= 3627573))

table 3 : explain SELECT DISTINCT c FROM sbtest3 WHERE id BETWEEN 1765210 AND 1766209 ORDER BY c
	Unique  (cost=3634.93..3639.55 rows=923 width=121)
	  ->  Sort  (cost=3634.93..3637.24 rows=923 width=121)
	        Sort Key: c
	        ->  Bitmap Heap Scan on sbtest3  (cost=33.90..3589.47 rows=923 width=121)
	              Recheck Cond: ((id >= 1765210) AND (id <= 1766209))
	              ->  Bitmap Index Scan on sbtest3_pkey  (cost=0.00..33.67 rows=923 width=0)
	                    Index Cond: ((id >= 1765210) AND (id <= 1766209))

table 4 : explain SELECT DISTINCT c FROM sbtest4 WHERE id BETWEEN 5206469 AND 5207468 ORDER BY c
	Unique  (cost=3942.34..3947.36 rows=1003 width=121)
	  ->  Sort  (cost=3942.34..3944.85 rows=1003 width=121)
	        Sort Key: c
	        ->  Bitmap Heap Scan on sbtest4  (cost=34.72..3892.34 rows=1003 width=121)
	              Recheck Cond: ((id >= 5206469) AND (id <= 5207468))
	              ->  Bitmap Index Scan on sbtest4_pkey  (cost=0.00..34.47 rows=1003 width=0)
	                    Index Cond: ((id >= 5206469) AND (id <= 5207468))

table 5 : explain SELECT DISTINCT c FROM sbtest5 WHERE id BETWEEN 1682499 AND 1683498 ORDER BY c
	Unique  (cost=3561.69..3566.22 rows=905 width=121)
	  ->  Sort  (cost=3561.69..3563.96 rows=905 width=121)
	        Sort Key: c
	        ->  Bitmap Heap Scan on sbtest5  (cost=29.71..3517.25 rows=905 width=121)
	              Recheck Cond: ((id >= 1682499) AND (id <= 1683498))
	              ->  Bitmap Index Scan on sbtest5_pkey  (cost=0.00..29.48 rows=905 width=0)
	                    Index Cond: ((id >= 1682499) AND (id <= 1683498))

table 6 : explain SELECT DISTINCT c FROM sbtest6 WHERE id BETWEEN 9894398 AND 9895397 ORDER BY c
	Unique  (cost=4409.03..4414.66 rows=1125 width=121)
	  ->  Sort  (cost=4409.03..4411.85 rows=1125 width=121)
	        Sort Key: c
	        ->  Bitmap Heap Scan on sbtest6  (cost=39.97..4352.02 rows=1125 width=121)
	              Recheck Cond: ((id >= 9894398) AND (id <= 9895397))
	              ->  Bitmap Index Scan on sbtest6_pkey  (cost=0.00..39.69 rows=1125 width=0)
	                    Index Cond: ((id >= 9894398) AND (id <= 9895397))

table 7 : explain SELECT DISTINCT c FROM sbtest7 WHERE id BETWEEN 5946654 AND 5947653 ORDER BY c
	Unique  (cost=4274.11..4279.56 rows=1090 width=121)
	  ->  Sort  (cost=4274.11..4276.83 rows=1090 width=121)
	        Sort Key: c
	        ->  Bitmap Heap Scan on sbtest7  (cost=35.61..4219.12 rows=1090 width=121)
	              Recheck Cond: ((id >= 5946654) AND (id <= 5947653))
	              ->  Bitmap Index Scan on sbtest7_pkey  (cost=0.00..35.34 rows=1090 width=0)
	                    Index Cond: ((id >= 5946654) AND (id <= 5947653))

table 8 : explain SELECT DISTINCT c FROM sbtest8 WHERE id BETWEEN 2802387 AND 2803386 ORDER BY c
	Unique  (cost=4075.20..4080.39 rows=1039 width=121)
	  ->  Sort  (cost=4075.20..4077.79 rows=1039 width=121)
	        Sort Key: c
	        ->  Bitmap Heap Scan on sbtest8  (cost=35.08..4023.14 rows=1039 width=121)
	              Recheck Cond: ((id >= 2802387) AND (id <= 2803386))
	              ->  Bitmap Index Scan on sbtest8_pkey  (cost=0.00..34.83 rows=1039 width=0)
	                    Index Cond: ((id >= 2802387) AND (id <= 2803386))

for: distinct_ranges
table 1 : explain SELECT DISTINCT c FROM sbtest1 WHERE id BETWEEN 7844878 AND 7845877 ORDER BY c
	Unique  (cost=3943.33..3948.35 rows=1004 width=121)
	  ->  Sort  (cost=3943.33..3945.84 rows=1004 width=121)
	        Sort Key: c
	        ->  Bitmap Heap Scan on sbtest1  (cost=34.73..3893.27 rows=1004 width=121)
	              Recheck Cond: ((id >= 7844878) AND (id <= 7845877))
	              ->  Bitmap Index Scan on sbtest1_pkey  (cost=0.00..34.48 rows=1004 width=0)
	                    Index Cond: ((id >= 7844878) AND (id <= 7845877))

table 2 : explain SELECT DISTINCT c FROM sbtest2 WHERE id BETWEEN 4796640 AND 4797639 ORDER BY c
	Unique  (cost=4237.89..4243.30 rows=1082 width=121)
	  ->  Sort  (cost=4237.89..4240.60 rows=1082 width=121)
	        Sort Key: c
	        ->  Bitmap Heap Scan on sbtest2  (cost=35.53..4183.36 rows=1082 width=121)
	              Recheck Cond: ((id >= 4796640) AND (id <= 4797639))
	              ->  Bitmap Index Scan on sbtest2_pkey  (cost=0.00..35.26 rows=1082 width=0)
	                    Index Cond: ((id >= 4796640) AND (id <= 4797639))

table 3 : explain SELECT DISTINCT c FROM sbtest3 WHERE id BETWEEN 8499764 AND 8500763 ORDER BY c
	Unique  (cost=4313.61..4319.10 rows=1099 width=121)
	  ->  Sort  (cost=4313.61..4316.36 rows=1099 width=121)
	        Sort Key: c
	        ->  Bitmap Heap Scan on sbtest3  (cost=39.70..4258.10 rows=1099 width=121)
	              Recheck Cond: ((id >= 8499764) AND (id <= 8500763))
	              ->  Bitmap Index Scan on sbtest3_pkey  (cost=0.00..39.43 rows=1099 width=0)
	                    Index Cond: ((id >= 8499764) AND (id <= 8500763))

table 4 : explain SELECT DISTINCT c FROM sbtest4 WHERE id BETWEEN 960020 AND 961019 ORDER BY c
	Unique  (cost=3738.94..3743.69 rows=950 width=121)
	  ->  Sort  (cost=3738.94..3741.32 rows=950 width=121)
	        Sort Key: c
	        ->  Bitmap Heap Scan on sbtest4  (cost=34.17..3691.95 rows=950 width=121)
	              Recheck Cond: ((id >= 960020) AND (id <= 961019))
	              ->  Bitmap Index Scan on sbtest4_pkey  (cost=0.00..33.94 rows=950 width=0)
	                    Index Cond: ((id >= 960020) AND (id <= 961019))

table 5 : explain SELECT DISTINCT c FROM sbtest5 WHERE id BETWEEN 6088621 AND 6089620 ORDER BY c
	Unique  (cost=3968.85..3973.90 rows=1010 width=121)
	  ->  Sort  (cost=3968.85..3971.37 rows=1010 width=121)
	        Sort Key: c
	        ->  Bitmap Heap Scan on sbtest5  (cost=34.79..3918.45 rows=1010 width=121)
	              Recheck Cond: ((id >= 6088621) AND (id <= 6089620))
	              ->  Bitmap Index Scan on sbtest5_pkey  (cost=0.00..34.54 rows=1010 width=0)
	                    Index Cond: ((id >= 6088621) AND (id <= 6089620))

table 6 : explain SELECT DISTINCT c FROM sbtest6 WHERE id BETWEEN 314577 AND 315576 ORDER BY c
	Unique  (cost=4110.93..4116.17 rows=1048 width=121)
	  ->  Sort  (cost=4110.93..4113.55 rows=1048 width=121)
	        Sort Key: c
	        ->  Bitmap Heap Scan on sbtest6  (cost=35.18..4058.36 rows=1048 width=121)
	              Recheck Cond: ((id >= 314577) AND (id <= 315576))
	              ->  Bitmap Index Scan on sbtest6_pkey  (cost=0.00..34.92 rows=1048 width=0)
	                    Index Cond: ((id >= 314577) AND (id <= 315576))

table 7 : explain SELECT DISTINCT c FROM sbtest7 WHERE id BETWEEN 3350786 AND 3351785 ORDER BY c
	Unique  (cost=3503.22..3507.67 rows=890 width=121)
	  ->  Sort  (cost=3503.22..3505.45 rows=890 width=121)
	        Sort Key: c
	        ->  Bitmap Heap Scan on sbtest7  (cost=29.56..3459.62 rows=890 width=121)
	              Recheck Cond: ((id >= 3350786) AND (id <= 3351785))
	              ->  Bitmap Index Scan on sbtest7_pkey  (cost=0.00..29.33 rows=890 width=0)
	                    Index Cond: ((id >= 3350786) AND (id <= 3351785))

table 8 : explain SELECT DISTINCT c FROM sbtest8 WHERE id BETWEEN 1484587 AND 1485586 ORDER BY c
	Unique  (cost=4109.60..4114.84 rows=1048 width=121)
	  ->  Sort  (cost=4109.60..4112.22 rows=1048 width=121)
	        Sort Key: c
	        ->  Bitmap Heap Scan on sbtest8  (cost=35.18..4057.03 rows=1048 width=121)
	              Recheck Cond: ((id >= 1484587) AND (id <= 1485586))
	              ->  Bitmap Index Scan on sbtest8_pkey  (cost=0.00..34.92 rows=1048 width=0)
	                    Index Cond: ((id >= 1484587) AND (id <= 1485586))

for: order_ranges
table 1 : explain SELECT c FROM sbtest1 WHERE id BETWEEN 5147992 AND 5148991 ORDER BY c
	Sort  (cost=3394.20..3396.36 rows=862 width=121)
	  Sort Key: c
	  ->  Bitmap Heap Scan on sbtest1  (cost=29.27..3352.17 rows=862 width=121)
	        Recheck Cond: ((id >= 5147992) AND (id <= 5148991))
	        ->  Bitmap Index Scan on sbtest1_pkey  (cost=0.00..29.05 rows=862 width=0)
	              Index Cond: ((id >= 5147992) AND (id <= 5148991))

table 2 : explain SELECT c FROM sbtest2 WHERE id BETWEEN 9289618 AND 9290617 ORDER BY c
	Sort  (cost=3985.79..3988.33 rows=1016 width=121)
	  Sort Key: c
	  ->  Bitmap Heap Scan on sbtest2  (cost=34.85..3935.05 rows=1016 width=121)
	        Recheck Cond: ((id >= 9289618) AND (id <= 9290617))
	        ->  Bitmap Index Scan on sbtest2_pkey  (cost=0.00..34.59 rows=1016 width=0)
	              Index Cond: ((id >= 9289618) AND (id <= 9290617))

table 3 : explain SELECT c FROM sbtest3 WHERE id BETWEEN 6816634 AND 6817633 ORDER BY c
	Sort  (cost=3896.03..3898.51 rows=991 width=121)
	  Sort Key: c
	  ->  Bitmap Heap Scan on sbtest3  (cost=34.59..3846.72 rows=991 width=121)
	        Recheck Cond: ((id >= 6816634) AND (id <= 6817633))
	        ->  Bitmap Index Scan on sbtest3_pkey  (cost=0.00..34.34 rows=991 width=0)
	              Index Cond: ((id >= 6816634) AND (id <= 6817633))

table 4 : explain SELECT c FROM sbtest4 WHERE id BETWEEN 8942287 AND 8943286 ORDER BY c
	Sort  (cost=3930.84..3933.34 rows=1000 width=121)
	  Sort Key: c
	  ->  Bitmap Heap Scan on sbtest4  (cost=34.69..3881.01 rows=1000 width=121)
	        Recheck Cond: ((id >= 8942287) AND (id <= 8943286))
	        ->  Bitmap Index Scan on sbtest4_pkey  (cost=0.00..34.44 rows=1000 width=0)
	              Index Cond: ((id >= 8942287) AND (id <= 8943286))

table 5 : explain SELECT c FROM sbtest5 WHERE id BETWEEN 9050402 AND 9051401 ORDER BY c
	Sort  (cost=4164.20..4166.85 rows=1061 width=121)
	  Sort Key: c
	  ->  Bitmap Heap Scan on sbtest5  (cost=35.31..4110.88 rows=1061 width=121)
	        Recheck Cond: ((id >= 9050402) AND (id <= 9051401))
	        ->  Bitmap Index Scan on sbtest5_pkey  (cost=0.00..35.05 rows=1061 width=0)
	              Index Cond: ((id >= 9050402) AND (id <= 9051401))

table 6 : explain SELECT c FROM sbtest6 WHERE id BETWEEN 5325690 AND 5326689 ORDER BY c
	Sort  (cost=3877.45..3879.92 rows=987 width=121)
	  Sort Key: c
	  ->  Bitmap Heap Scan on sbtest6  (cost=34.55..3828.36 rows=987 width=121)
	        Recheck Cond: ((id >= 5325690) AND (id <= 5326689))
	        ->  Bitmap Index Scan on sbtest6_pkey  (cost=0.00..34.31 rows=987 width=0)
	              Index Cond: ((id >= 5325690) AND (id <= 5326689))

table 7 : explain SELECT c FROM sbtest7 WHERE id BETWEEN 8314239 AND 8315238 ORDER BY c
	Sort  (cost=3941.09..3943.60 rows=1003 width=121)
	  Sort Key: c
	  ->  Bitmap Heap Scan on sbtest7  (cost=34.72..3891.09 rows=1003 width=121)
	        Recheck Cond: ((id >= 8314239) AND (id <= 8315238))
	        ->  Bitmap Index Scan on sbtest7_pkey  (cost=0.00..34.47 rows=1003 width=0)
	              Index Cond: ((id >= 8314239) AND (id <= 8315238))

table 8 : explain SELECT c FROM sbtest8 WHERE id BETWEEN 4479121 AND 4480120 ORDER BY c
	Sort  (cost=3914.52..3917.01 rows=997 width=121)
	  Sort Key: c
	  ->  Bitmap Heap Scan on sbtest8  (cost=34.65..3864.86 rows=997 width=121)
	        Recheck Cond: ((id >= 4479121) AND (id <= 4480120))
	        ->  Bitmap Index Scan on sbtest8_pkey  (cost=0.00..34.41 rows=997 width=0)
	              Index Cond: ((id >= 4479121) AND (id <= 4480120))

for: distinct_ranges
table 1 : explain SELECT DISTINCT c FROM sbtest1 WHERE id BETWEEN 1705919 AND 1706918 ORDER BY c
	Unique  (cost=4192.05..4197.40 rows=1069 width=121)
	  ->  Sort  (cost=4192.05..4194.72 rows=1069 width=121)
	        Sort Key: c
	        ->  Bitmap Heap Scan on sbtest1  (cost=35.39..4138.27 rows=1069 width=121)
	              Recheck Cond: ((id >= 1705919) AND (id <= 1706918))
	              ->  Bitmap Index Scan on sbtest1_pkey  (cost=0.00..35.12 rows=1069 width=0)
	                    Index Cond: ((id >= 1705919) AND (id <= 1706918))

table 2 : explain SELECT DISTINCT c FROM sbtest2 WHERE id BETWEEN 1259399 AND 1260398 ORDER BY c
	Unique  (cost=4020.20..4025.32 rows=1025 width=121)
	  ->  Sort  (cost=4020.20..4022.76 rows=1025 width=121)
	        Sort Key: c
	        ->  Bitmap Heap Scan on sbtest2  (cost=34.94..3968.94 rows=1025 width=121)
	              Recheck Cond: ((id >= 1259399) AND (id <= 1260398))
	              ->  Bitmap Index Scan on sbtest2_pkey  (cost=0.00..34.69 rows=1025 width=0)
	                    Index Cond: ((id >= 1259399) AND (id <= 1260398))

table 3 : explain SELECT DISTINCT c FROM sbtest3 WHERE id BETWEEN 8729225 AND 8730224 ORDER BY c
	Unique  (cost=3919.04..3924.03 rows=997 width=121)
	  ->  Sort  (cost=3919.04..3921.54 rows=997 width=121)
	        Sort Key: c
	        ->  Bitmap Heap Scan on sbtest3  (cost=34.65..3869.39 rows=997 width=121)
	              Recheck Cond: ((id >= 8729225) AND (id <= 8730224))
	              ->  Bitmap Index Scan on sbtest3_pkey  (cost=0.00..34.41 rows=997 width=0)
	                    Index Cond: ((id >= 8729225) AND (id <= 8730224))

table 4 : explain SELECT DISTINCT c FROM sbtest4 WHERE id BETWEEN 2991733 AND 2992732 ORDER BY c
	Unique  (cost=4462.99..4468.68 rows=1138 width=121)
	  ->  Sort  (cost=4462.99..4465.83 rows=1138 width=121)
	        Sort Key: c
	        ->  Bitmap Heap Scan on sbtest4  (cost=40.10..4405.22 rows=1138 width=121)
	              Recheck Cond: ((id >= 2991733) AND (id <= 2992732))
	              ->  Bitmap Index Scan on sbtest4_pkey  (cost=0.00..39.82 rows=1138 width=0)
	                    Index Cond: ((id >= 2991733) AND (id <= 2992732))

table 5 : explain SELECT DISTINCT c FROM sbtest5 WHERE id BETWEEN 3960923 AND 3961922 ORDER BY c
	Unique  (cost=3869.14..3874.06 rows=984 width=121)
	  ->  Sort  (cost=3869.14..3871.60 rows=984 width=121)
	        Sort Key: c
	        ->  Bitmap Heap Scan on sbtest5  (cost=34.52..3820.22 rows=984 width=121)
	              Recheck Cond: ((id >= 3960923) AND (id <= 3961922))
	              ->  Bitmap Index Scan on sbtest5_pkey  (cost=0.00..34.28 rows=984 width=0)
	                    Index Cond: ((id >= 3960923) AND (id <= 3961922))

table 6 : explain SELECT DISTINCT c FROM sbtest6 WHERE id BETWEEN 3293367 AND 3294366 ORDER BY c
	Unique  (cost=3773.96..3778.76 rows=960 width=121)
	  ->  Sort  (cost=3773.96..3776.36 rows=960 width=121)
	        Sort Key: c
	        ->  Bitmap Heap Scan on sbtest6  (cost=34.28..3726.41 rows=960 width=121)
	              Recheck Cond: ((id >= 3293367) AND (id <= 3294366))
	              ->  Bitmap Index Scan on sbtest6_pkey  (cost=0.00..34.04 rows=960 width=0)
	                    Index Cond: ((id >= 3293367) AND (id <= 3294366))

table 7 : explain SELECT DISTINCT c FROM sbtest7 WHERE id BETWEEN 7694459 AND 7695458 ORDER BY c
	Unique  (cost=3422.42..3426.76 rows=869 width=121)
	  ->  Sort  (cost=3422.42..3424.59 rows=869 width=121)
	        Sort Key: c
	        ->  Bitmap Heap Scan on sbtest7  (cost=29.34..3380.00 rows=869 width=121)
	              Recheck Cond: ((id >= 7694459) AND (id <= 7695458))
	              ->  Bitmap Index Scan on sbtest7_pkey  (cost=0.00..29.12 rows=869 width=0)
	                    Index Cond: ((id >= 7694459) AND (id <= 7695458))

table 8 : explain SELECT DISTINCT c FROM sbtest8 WHERE id BETWEEN 4083112 AND 4084111 ORDER BY c
	Unique  (cost=3994.89..3999.98 rows=1018 width=121)
	  ->  Sort  (cost=3994.89..3997.43 rows=1018 width=121)
	        Sort Key: c
	        ->  Bitmap Heap Scan on sbtest8  (cost=34.87..3944.03 rows=1018 width=121)
	              Recheck Cond: ((id >= 4083112) AND (id <= 4084111))
	              ->  Bitmap Index Scan on sbtest8_pkey  (cost=0.00..34.62 rows=1018 width=0)
	                    Index Cond: ((id >= 4083112) AND (id <= 4084111))

for: distinct_ranges
table 1 : explain SELECT DISTINCT c FROM sbtest1 WHERE id BETWEEN 6180604 AND 6181603 ORDER BY c
	Unique  (cost=3816.86..3821.72 rows=971 width=121)
	  ->  Sort  (cost=3816.86..3819.29 rows=971 width=121)
	        Sort Key: c
	        ->  Bitmap Heap Scan on sbtest1  (cost=34.39..3768.69 rows=971 width=121)
	              Recheck Cond: ((id >= 6180604) AND (id <= 6181603))
	              ->  Bitmap Index Scan on sbtest1_pkey  (cost=0.00..34.15 rows=971 width=0)
	                    Index Cond: ((id >= 6180604) AND (id <= 6181603))

table 2 : explain SELECT DISTINCT c FROM sbtest2 WHERE id BETWEEN 6937864 AND 6938863 ORDER BY c
	Unique  (cost=4104.27..4109.50 rows=1047 width=121)
	  ->  Sort  (cost=4104.27..4106.88 rows=1047 width=121)
	        Sort Key: c
	        ->  Bitmap Heap Scan on sbtest2  (cost=35.17..4051.75 rows=1047 width=121)
	              Recheck Cond: ((id >= 6937864) AND (id <= 6938863))
	              ->  Bitmap Index Scan on sbtest2_pkey  (cost=0.00..34.91 rows=1047 width=0)
	                    Index Cond: ((id >= 6937864) AND (id <= 6938863))

table 3 : explain SELECT DISTINCT c FROM sbtest3 WHERE id BETWEEN 5398076 AND 5399075 ORDER BY c
	Unique  (cost=4053.20..4058.36 rows=1032 width=121)
	  ->  Sort  (cost=4053.20..4055.78 rows=1032 width=121)
	        Sort Key: c
	        ->  Bitmap Heap Scan on sbtest3  (cost=35.01..4001.54 rows=1032 width=121)
	              Recheck Cond: ((id >= 5398076) AND (id <= 5399075))
	              ->  Bitmap Index Scan on sbtest3_pkey  (cost=0.00..34.76 rows=1032 width=0)
	                    Index Cond: ((id >= 5398076) AND (id <= 5399075))

table 4 : explain SELECT DISTINCT c FROM sbtest4 WHERE id BETWEEN 1771676 AND 1772675 ORDER BY c
	Unique  (cost=3969.18..3974.23 rows=1010 width=121)
	  ->  Sort  (cost=3969.18..3971.71 rows=1010 width=121)
	        Sort Key: c
	        ->  Bitmap Heap Scan on sbtest4  (cost=34.79..3918.78 rows=1010 width=121)
	              Recheck Cond: ((id >= 1771676) AND (id <= 1772675))
	              ->  Bitmap Index Scan on sbtest4_pkey  (cost=0.00..34.54 rows=1010 width=0)
	                    Index Cond: ((id >= 1771676) AND (id <= 1772675))

table 5 : explain SELECT DISTINCT c FROM sbtest5 WHERE id BETWEEN 8854848 AND 8855847 ORDER BY c
	Unique  (cost=3761.68..3766.46 rows=956 width=121)
	  ->  Sort  (cost=3761.68..3764.07 rows=956 width=121)
	        Sort Key: c
	        ->  Bitmap Heap Scan on sbtest5  (cost=34.23..3714.35 rows=956 width=121)
	              Recheck Cond: ((id >= 8854848) AND (id <= 8855847))
	              ->  Bitmap Index Scan on sbtest5_pkey  (cost=0.00..34.00 rows=956 width=0)
	                    Index Cond: ((id >= 8854848) AND (id <= 8855847))

table 6 : explain SELECT DISTINCT c FROM sbtest6 WHERE id BETWEEN 4887889 AND 4888888 ORDER BY c
	Unique  (cost=3754.79..3759.56 rows=955 width=121)
	  ->  Sort  (cost=3754.79..3757.18 rows=955 width=121)
	        Sort Key: c
	        ->  Bitmap Heap Scan on sbtest6  (cost=34.22..3707.52 rows=955 width=121)
	              Recheck Cond: ((id >= 4887889) AND (id <= 4888888))
	              ->  Bitmap Index Scan on sbtest6_pkey  (cost=0.00..33.98 rows=955 width=0)
	                    Index Cond: ((id >= 4887889) AND (id <= 4888888))

table 7 : explain SELECT DISTINCT c FROM sbtest7 WHERE id BETWEEN 474564 AND 475563 ORDER BY c
	Unique  (cost=4094.31..4099.53 rows=1043 width=121)
	  ->  Sort  (cost=4094.31..4096.92 rows=1043 width=121)
	        Sort Key: c
	        ->  Bitmap Heap Scan on sbtest7  (cost=35.13..4042.02 rows=1043 width=121)
	              Recheck Cond: ((id >= 474564) AND (id <= 475563))
	              ->  Bitmap Index Scan on sbtest7_pkey  (cost=0.00..34.87 rows=1043 width=0)
	                    Index Cond: ((id >= 474564) AND (id <= 475563))

table 8 : explain SELECT DISTINCT c FROM sbtest8 WHERE id BETWEEN 9670441 AND 9671440 ORDER BY c
	Unique  (cost=3814.95..3819.80 rows=971 width=121)
	  ->  Sort  (cost=3814.95..3817.38 rows=971 width=121)
	        Sort Key: c
	        ->  Bitmap Heap Scan on sbtest8  (cost=34.39..3766.77 rows=971 width=121)
	              Recheck Cond: ((id >= 9670441) AND (id <= 9671440))
	              ->  Bitmap Index Scan on sbtest8_pkey  (cost=0.00..34.15 rows=971 width=0)
	                    Index Cond: ((id >= 9670441) AND (id <= 9671440))

Threads started!

Warming up for 5 seconds...

SQL statistics:
    queries performed:
        read:                            129956922
        write:                           0
        other:                           23628560
        total:                           153585482
    transactions:                        11814300 (18752.64 per sec.)
    queries:                             153585482 (243783.68 per sec.)
    ignored errors:                      0      (0.00 per sec.)
    reconnects:                          0      (0.00 per sec.)

Throughput:
    events/s (eps):                      18752.6421
    time elapsed:                        630.0074s
    total number of events:              11814300

Latency (ms):
         min:                                    0.52
         avg:                                    2.13
         max:                                   26.25
         95th percentile:                        2.26
         sum:                             25187594.27

Threads fairness:
    events (avg/stddev):           295357.1750/1136.84
    execution time (avg/stddev):   629.6899/0.01

