LUA_PATH=/home/mdcallag/git/mytools/bench/sysbench.lua/lua/?.lua /home/mdcallag/git/mytools/bench/sysbench.lua/lua/sysbench --db-driver=pgsql --range-size=1000 --table-size=10000000 --tables=8 --threads=40 --events=0 --warmup-time=5 --time=630 --pgsql_conn_id=true /home/mdcallag/git/mytools/bench/sysbench.lua/lua/oltp_read_only.lua run --pgsql-user=root --pgsql-password=pw --pgsql-host=127.0.0.1 --pgsql-db=ib --rand-type=uniform --simple-ranges=0 --sum-ranges=1 --order-ranges=0 --distinct-ranges=0
48 CPUs
sysbench 1.1.0-9072687 (using bundled LuaJIT 2.1.0-beta3)

Running the test with following options:
Number of threads: 40
Warmup time: 5s
Initializing random number generator from current time


Initializing worker threads...

explain: for point_selects :: explain SELECT c FROM sbtest%u WHERE id=%u
explain: for point_selects :: explain SELECT c FROM sbtest%u WHERE id=%u
explain: for point_selects :: explain SELECT c FROM sbtest%u WHERE id=%u
for point_selects
table 1 : explain SELECT c FROM sbtest1 WHERE id=9947228
	Index Scan using sbtest1_pkey on sbtest1  (cost=0.43..8.45 rows=1 width=121)
	  Index Cond: (id = 9947228)

table 2 : explain SELECT c FROM sbtest2 WHERE id=3409000
	Index Scan using sbtest2_pkey on sbtest2  (cost=0.43..8.45 rows=1 width=121)
	  Index Cond: (id = 3409000)

table 3 : explain SELECT c FROM sbtest3 WHERE id=5728613
	Index Scan using sbtest3_pkey on sbtest3  (cost=0.43..8.45 rows=1 width=121)
	  Index Cond: (id = 5728613)

table 4 : explain SELECT c FROM sbtest4 WHERE id=6881446
	Index Scan using sbtest4_pkey on sbtest4  (cost=0.43..8.45 rows=1 width=121)
	  Index Cond: (id = 6881446)

table 5 : explain SELECT c FROM sbtest5 WHERE id=1686066
	Index Scan using sbtest5_pkey on sbtest5  (cost=0.43..8.45 rows=1 width=121)
	  Index Cond: (id = 1686066)

table 6 : explain SELECT c FROM sbtest6 WHERE id=7489319
	Index Scan using sbtest6_pkey on sbtest6  (cost=0.43..8.45 rows=1 width=121)
	  Index Cond: (id = 7489319)

table 7 : explain SELECT c FROM sbtest7 WHERE id=9920453
	Index Scan using sbtest7_pkey on sbtest7  (cost=0.43..8.45 rows=1 width=121)
	  Index Cond: (id = 9920453)

table 8 : explain SELECT c FROM sbtest8 WHERE id=4131556
	Index Scan using sbtest8_pkey on sbtest8  (cost=0.43..8.45 rows=1 width=121)
	  Index Cond: (id = 4131556)

for point_selects
table 1 : explain SELECT c FROM sbtest1 WHERE id=6133754
	Index Scan using sbtest1_pkey on sbtest1  (cost=0.43..8.45 rows=1 width=121)
	  Index Cond: (id = 6133754)

table 2 : explain SELECT c FROM sbtest2 WHERE id=9049653
	Index Scan using sbtest2_pkey on sbtest2  (cost=0.43..8.45 rows=1 width=121)
	  Index Cond: (id = 9049653)

table 3 : explain SELECT c FROM sbtest3 WHERE id=6353911
	Index Scan using sbtest3_pkey on sbtest3  (cost=0.43..8.45 rows=1 width=121)
	  Index Cond: (id = 6353911)

table 4 : explain SELECT c FROM sbtest4 WHERE id=8665618
	Index Scan using sbtest4_pkey on sbtest4  (cost=0.43..8.45 rows=1 width=121)
	  Index Cond: (id = 8665618)

table 5 : explain SELECT c FROM sbtest5 WHERE id=2089799
	Index Scan using sbtest5_pkey on sbtest5  (cost=0.43..8.45 rows=1 width=121)
	  Index Cond: (id = 2089799)

table 6 : explain SELECT c FROM sbtest6 WHERE id=2660746
	Index Scan using sbtest6_pkey on sbtest6  (cost=0.43..8.45 rows=1 width=121)
	  Index Cond: (id = 2660746)

table 7 : explain SELECT c FROM sbtest7 WHERE id=1676726
	Index Scan using sbtest7_pkey on sbtest7  (cost=0.43..8.45 rows=1 width=121)
	  Index Cond: (id = 1676726)

table 8 : explain SELECT c FROM sbtest8 WHERE id=311153
	Index Scan using sbtest8_pkey on sbtest8  (cost=0.43..8.45 rows=1 width=121)
	  Index Cond: (id = 311153)

explain: for point_selects :: explain SELECT c FROM sbtest%u WHERE id=%u
for: simple_ranges
table 1 : explain SELECT c FROM sbtest1 WHERE id BETWEEN 8053174 AND 8054173
	Bitmap Heap Scan on sbtest1  (cost=35.59..4209.79 rows=1088 width=121)
	  Recheck Cond: ((id >= 8053174) AND (id <= 8054173))
	  ->  Bitmap Index Scan on sbtest1_pkey  (cost=0.00..35.32 rows=1088 width=0)
	        Index Cond: ((id >= 8053174) AND (id <= 8054173))

table 2 : explain SELECT c FROM sbtest2 WHERE id BETWEEN 6235037 AND 6236036
	Bitmap Heap Scan on sbtest2  (cost=33.96..3606.87 rows=929 width=121)
	  Recheck Cond: ((id >= 6235037) AND (id <= 6236036))
	  ->  Bitmap Index Scan on sbtest2_pkey  (cost=0.00..33.73 rows=929 width=0)
	        Index Cond: ((id >= 6235037) AND (id <= 6236036))

table 3 : explain SELECT c FROM sbtest3 WHERE id BETWEEN 3939717 AND 3940716
	Bitmap Heap Scan on sbtest3  (cost=34.51..3816.48 rows=983 width=121)
	  Recheck Cond: ((id >= 3939717) AND (id <= 3940716))
	  ->  Bitmap Index Scan on sbtest3_pkey  (cost=0.00..34.27 rows=983 width=0)
	        Index Cond: ((id >= 3939717) AND (id <= 3940716))

table 4 : explain SELECT c FROM sbtest4 WHERE id BETWEEN 2963634 AND 2964633
	Bitmap Heap Scan on sbtest4  (cost=40.10..4405.22 rows=1138 width=121)
	  Recheck Cond: ((id >= 2963634) AND (id <= 2964633))
	  ->  Bitmap Index Scan on sbtest4_pkey  (cost=0.00..39.82 rows=1138 width=0)
	        Index Cond: ((id >= 2963634) AND (id <= 2964633))

table 5 : explain SELECT c FROM sbtest5 WHERE id BETWEEN 7792653 AND 7793652
	Bitmap Heap Scan on sbtest5  (cost=29.60..3475.56 rows=894 width=121)
	  Recheck Cond: ((id >= 7792653) AND (id <= 7793652))
	  ->  Bitmap Index Scan on sbtest5_pkey  (cost=0.00..29.37 rows=894 width=0)
	        Index Cond: ((id >= 7792653) AND (id <= 7793652))

table 6 : explain SELECT c FROM sbtest6 WHERE id BETWEEN 4406221 AND 4407220
	Bitmap Heap Scan on sbtest6  (cost=33.88..3578.98 rows=921 width=121)
	  Recheck Cond: ((id >= 4406221) AND (id <= 4407220))
	  ->  Bitmap Index Scan on sbtest6_pkey  (cost=0.00..33.65 rows=921 width=0)
	        Index Cond: ((id >= 4406221) AND (id <= 4407220))

table 7 : explain SELECT c FROM sbtest7 WHERE id BETWEEN 4438649 AND 4439648
	Bitmap Heap Scan on sbtest7  (cost=34.23..3713.49 rows=956 width=121)
	  Recheck Cond: ((id >= 4438649) AND (id <= 4439648))
	  ->  Bitmap Index Scan on sbtest7_pkey  (cost=0.00..34.00 rows=956 width=0)
	        Index Cond: ((id >= 4438649) AND (id <= 4439648))

table 8 : explain SELECT c FROM sbtest8 WHERE id BETWEEN 6893045 AND 6894044
	Bitmap Heap Scan on sbtest8  (cost=34.66..3868.63 rows=998 width=121)
	  Recheck Cond: ((id >= 6893045) AND (id <= 6894044))
	  ->  Bitmap Index Scan on sbtest8_pkey  (cost=0.00..34.42 rows=998 width=0)
	        Index Cond: ((id >= 6893045) AND (id <= 6894044))

explain: for point_selects :: explain SELECT c FROM sbtest%u WHERE id=%u
explain: for point_selects :: explain SELECT c FROM sbtest%u WHERE id=%u
explain: for point_selects :: explain SELECT c FROM sbtest%u WHERE id=%u
for: simple_ranges
table 1 : explain SELECT c FROM sbtest1 WHERE id BETWEEN 9578871 AND 9579870
	Bitmap Heap Scan on sbtest1  (cost=35.25..4085.54 rows=1055 width=121)
	  Recheck Cond: ((id >= 9578871) AND (id <= 9579870))
	  ->  Bitmap Index Scan on sbtest1_pkey  (cost=0.00..34.98 rows=1055 width=0)
	        Index Cond: ((id >= 9578871) AND (id <= 9579870))

table 2 : explain SELECT c FROM sbtest2 WHERE id BETWEEN 4934290 AND 4935289
	Bitmap Heap Scan on sbtest2  (cost=29.71..3512.16 rows=905 width=121)
	  Recheck Cond: ((id >= 4934290) AND (id <= 4935289))
	  ->  Bitmap Index Scan on sbtest2_pkey  (cost=0.00..29.48 rows=905 width=0)
	        Index Cond: ((id >= 4934290) AND (id <= 4935289))

table 3 : explain SELECT c FROM sbtest3 WHERE id BETWEEN 8361456 AND 8362455
	Bitmap Heap Scan on sbtest3  (cost=34.21..3706.82 rows=954 width=121)
	  Recheck Cond: ((id >= 8361456) AND (id <= 8362455))
	  ->  Bitmap Index Scan on sbtest3_pkey  (cost=0.00..33.98 rows=954 width=0)
	        Index Cond: ((id >= 8361456) AND (id <= 8362455))

table 4 : explain SELECT c FROM sbtest4 WHERE id BETWEEN 5516813 AND 5517812
	Bitmap Heap Scan on sbtest4  (cost=34.75..3903.68 rows=1006 width=121)
	  Recheck Cond: ((id >= 5516813) AND (id <= 5517812))
	  ->  Bitmap Index Scan on sbtest4_pkey  (cost=0.00..34.50 rows=1006 width=0)
	        Index Cond: ((id >= 5516813) AND (id <= 5517812))

table 5 : explain SELECT c FROM sbtest5 WHERE id BETWEEN 5266540 AND 5267539
	Bitmap Heap Scan on sbtest5  (cost=35.29..4103.34 rows=1059 width=121)
	  Recheck Cond: ((id >= 5266540) AND (id <= 5267539))
	  ->  Bitmap Index Scan on sbtest5_pkey  (cost=0.00..35.03 rows=1059 width=0)
	        Index Cond: ((id >= 5266540) AND (id <= 5267539))

table 6 : explain SELECT c FROM sbtest6 WHERE id BETWEEN 9478406 AND 9479405
	Bitmap Heap Scan on sbtest6  (cost=34.70..3881.19 rows=1001 width=121)
	  Recheck Cond: ((id >= 9478406) AND (id <= 9479405))
	  ->  Bitmap Index Scan on sbtest6_pkey  (cost=0.00..34.45 rows=1001 width=0)
	        Index Cond: ((id >= 9478406) AND (id <= 9479405))

table 7 : explain SELECT c FROM sbtest7 WHERE id BETWEEN 2536621 AND 2537620
	Bitmap Heap Scan on sbtest7  (cost=34.71..3887.32 rows=1002 width=121)
	  Recheck Cond: ((id >= 2536621) AND (id <= 2537620))
	  ->  Bitmap Index Scan on sbtest7_pkey  (cost=0.00..34.45 rows=1002 width=0)
	        Index Cond: ((id >= 2536621) AND (id <= 2537620))

table 8 : explain SELECT c FROM sbtest8 WHERE id BETWEEN 6880073 AND 6881072
	Bitmap Heap Scan on sbtest8  (cost=34.66..3868.63 rows=998 width=121)
	  Recheck Cond: ((id >= 6880073) AND (id <= 6881072))
	  ->  Bitmap Index Scan on sbtest8_pkey  (cost=0.00..34.42 rows=998 width=0)
	        Index Cond: ((id >= 6880073) AND (id <= 6881072))

for point_selects
table 1 : explain SELECT c FROM sbtest1 WHERE id=575710
	Index Scan using sbtest1_pkey on sbtest1  (cost=0.43..8.45 rows=1 width=121)
	  Index Cond: (id = 575710)

table 2 : explain SELECT c FROM sbtest2 WHERE id=922491
	Index Scan using sbtest2_pkey on sbtest2  (cost=0.43..8.45 rows=1 width=121)
	  Index Cond: (id = 922491)

table 3 : explain SELECT c FROM sbtest3 WHERE id=602033
	Index Scan using sbtest3_pkey on sbtest3  (cost=0.43..8.45 rows=1 width=121)
	  Index Cond: (id = 602033)

table 4 : explain SELECT c FROM sbtest4 WHERE id=2301955
	Index Scan using sbtest4_pkey on sbtest4  (cost=0.43..8.45 rows=1 width=121)
	  Index Cond: (id = 2301955)

table 5 : explain SELECT c FROM sbtest5 WHERE id=3975123
	Index Scan using sbtest5_pkey on sbtest5  (cost=0.43..8.45 rows=1 width=121)
	  Index Cond: (id = 3975123)

table 6 : explain SELECT c FROM sbtest6 WHERE id=9730006
	Index Scan using sbtest6_pkey on sbtest6  (cost=0.43..8.45 rows=1 width=121)
	  Index Cond: (id = 9730006)

table 7 : explain SELECT c FROM sbtest7 WHERE id=9599339
	Index Scan using sbtest7_pkey on sbtest7  (cost=0.43..8.45 rows=1 width=121)
	  Index Cond: (id = 9599339)

table 8 : explain SELECT c FROM sbtest8 WHERE id=8141168
	Index Scan using sbtest8_pkey on sbtest8  (cost=0.43..8.45 rows=1 width=121)
	  Index Cond: (id = 8141168)

explain: for point_selects :: explain SELECT c FROM sbtest%u WHERE id=%u
explain: for point_selects :: explain SELECT c FROM sbtest%u WHERE id=%u
explain: for point_selects :: explain SELECT c FROM sbtest%u WHERE id=%u
explain: for point_selects :: explain SELECT c FROM sbtest%u WHERE id=%u
explain: for point_selects :: explain SELECT c FROM sbtest%u WHERE id=%u
explain: for point_selects :: explain SELECT c FROM sbtest%u WHERE id=%u
for: simple_ranges
table 1 : explain SELECT c FROM sbtest1 WHERE id BETWEEN 7550063 AND 7551062
	Bitmap Heap Scan on sbtest1  (cost=34.36..3757.35 rows=968 width=121)
	  Recheck Cond: ((id >= 7550063) AND (id <= 7551062))
	  ->  Bitmap Index Scan on sbtest1_pkey  (cost=0.00..34.12 rows=968 width=0)
	        Index Cond: ((id >= 7550063) AND (id <= 7551062))

table 2 : explain SELECT c FROM sbtest2 WHERE id BETWEEN 430962 AND 431961
	Bitmap Heap Scan on sbtest2  (cost=29.60..3470.56 rows=894 width=121)
	  Recheck Cond: ((id >= 430962) AND (id <= 431961))
	  ->  Bitmap Index Scan on sbtest2_pkey  (cost=0.00..29.37 rows=894 width=0)
	        Index Cond: ((id >= 430962) AND (id <= 431961))

table 3 : explain SELECT c FROM sbtest3 WHERE id BETWEEN 1971491 AND 1972490
	Bitmap Heap Scan on sbtest3  (cost=34.97..3986.44 rows=1028 width=121)
	  Recheck Cond: ((id >= 1971491) AND (id <= 1972490))
	  ->  Bitmap Index Scan on sbtest3_pkey  (cost=0.00..34.72 rows=1028 width=0)
	        Index Cond: ((id >= 1971491) AND (id <= 1972490))

table 4 : explain SELECT c FROM sbtest4 WHERE id BETWEEN 8630118 AND 8631117
	Bitmap Heap Scan on sbtest4  (cost=34.67..3877.23 rows=999 width=121)
	  Recheck Cond: ((id >= 8630118) AND (id <= 8631117))
	  ->  Bitmap Index Scan on sbtest4_pkey  (cost=0.00..34.43 rows=999 width=0)
	        Index Cond: ((id >= 8630118) AND (id <= 8631117))

table 5 : explain SELECT c FROM sbtest5 WHERE id BETWEEN 663038 AND 664037
	Bitmap Heap Scan on sbtest5  (cost=35.56..4201.33 rows=1085 width=121)
	  Recheck Cond: ((id >= 663038) AND (id <= 664037))
	  ->  Bitmap Index Scan on sbtest5_pkey  (cost=0.00..35.29 rows=1085 width=0)
	        Index Cond: ((id >= 663038) AND (id <= 664037))

table 6 : explain SELECT c FROM sbtest6 WHERE id BETWEEN 8345734 AND 8346733
	Bitmap Heap Scan on sbtest6  (cost=35.03..4005.61 rows=1034 width=121)
	  Recheck Cond: ((id >= 8345734) AND (id <= 8346733))
	  ->  Bitmap Index Scan on sbtest6_pkey  (cost=0.00..34.78 rows=1034 width=0)
	        Index Cond: ((id >= 8345734) AND (id <= 8346733))

table 7 : explain SELECT c FROM sbtest7 WHERE id BETWEEN 2168410 AND 2169409
	Bitmap Heap Scan on sbtest7  (cost=34.64..3864.66 rows=996 width=121)
	  Recheck Cond: ((id >= 2168410) AND (id <= 2169409))
	  ->  Bitmap Index Scan on sbtest7_pkey  (cost=0.00..34.40 rows=996 width=0)
	        Index Cond: ((id >= 2168410) AND (id <= 2169409))

table 8 : explain SELECT c FROM sbtest8 WHERE id BETWEEN 8987576 AND 8988575
	Bitmap Heap Scan on sbtest8  (cost=34.44..3785.64 rows=976 width=121)
	  Recheck Cond: ((id >= 8987576) AND (id <= 8988575))
	  ->  Bitmap Index Scan on sbtest8_pkey  (cost=0.00..34.20 rows=976 width=0)
	        Index Cond: ((id >= 8987576) AND (id <= 8988575))

explain: for point_selects :: explain SELECT c FROM sbtest%u WHERE id=%u
for point_selects
table 1 : explain SELECT c FROM sbtest1 WHERE id=6967905
	Index Scan using sbtest1_pkey on sbtest1  (cost=0.43..8.45 rows=1 width=121)
	  Index Cond: (id = 6967905)

table 2 : explain SELECT c FROM sbtest2 WHERE id=9777569
	Index Scan using sbtest2_pkey on sbtest2  (cost=0.43..8.45 rows=1 width=121)
	  Index Cond: (id = 9777569)

table 3 : explain SELECT c FROM sbtest3 WHERE id=8301138
	Index Scan using sbtest3_pkey on sbtest3  (cost=0.43..8.45 rows=1 width=121)
	  Index Cond: (id = 8301138)

table 4 : explain SELECT c FROM sbtest4 WHERE id=5922080
	Index Scan using sbtest4_pkey on sbtest4  (cost=0.43..8.45 rows=1 width=121)
	  Index Cond: (id = 5922080)

table 5 : explain SELECT c FROM sbtest5 WHERE id=3197550
	Index Scan using sbtest5_pkey on sbtest5  (cost=0.43..8.45 rows=1 width=121)
	  Index Cond: (id = 3197550)

table 6 : explain SELECT c FROM sbtest6 WHERE id=5734087
	Index Scan using sbtest6_pkey on sbtest6  (cost=0.43..8.45 rows=1 width=121)
	  Index Cond: (id = 5734087)

table 7 : explain SELECT c FROM sbtest7 WHERE id=3218865
	Index Scan using sbtest7_pkey on sbtest7  (cost=0.43..8.45 rows=1 width=121)
	  Index Cond: (id = 3218865)

table 8 : explain SELECT c FROM sbtest8 WHERE id=962570
	Index Scan using sbtest8_pkey on sbtest8  (cost=0.43..8.45 rows=1 width=121)
	  Index Cond: (id = 962570)

for point_selects
table 1 : explain SELECT c FROM sbtest1 WHERE id=2133595
	Index Scan using sbtest1_pkey on sbtest1  (cost=0.43..8.45 rows=1 width=121)
	  Index Cond: (id = 2133595)

table 2 : explain SELECT c FROM sbtest2 WHERE id=3497569
	Index Scan using sbtest2_pkey on sbtest2  (cost=0.43..8.45 rows=1 width=121)
	  Index Cond: (id = 3497569)

table 3 : explain SELECT c FROM sbtest3 WHERE id=8224455
	Index Scan using sbtest3_pkey on sbtest3  (cost=0.43..8.45 rows=1 width=121)
	  Index Cond: (id = 8224455)

table 4 : explain SELECT c FROM sbtest4 WHERE id=6566611
	Index Scan using sbtest4_pkey on sbtest4  (cost=0.43..8.45 rows=1 width=121)
	  Index Cond: (id = 6566611)

table 5 : explain SELECT c FROM sbtest5 WHERE id=9556552
	Index Scan using sbtest5_pkey on sbtest5  (cost=0.43..8.45 rows=1 width=121)
	  Index Cond: (id = 9556552)

table 6 : explain SELECT c FROM sbtest6 WHERE id=2459740
	Index Scan using sbtest6_pkey on sbtest6  (cost=0.43..8.45 rows=1 width=121)
	  Index Cond: (id = 2459740)

table 7 : explain SELECT c FROM sbtest7 WHERE id=2220349
	Index Scan using sbtest7_pkey on sbtest7  (cost=0.43..8.45 rows=1 width=121)
	  Index Cond: (id = 2220349)

table 8 : explain SELECT c FROM sbtest8 WHERE id=503187
	Index Scan using sbtest8_pkey on sbtest8  (cost=0.43..8.45 rows=1 width=121)
	  Index Cond: (id = 503187)

for: simple_ranges
table 1 : explain SELECT c FROM sbtest1 WHERE id BETWEEN 9440480 AND 9441479
	Bitmap Heap Scan on sbtest1  (cost=34.37..3761.13 rows=969 width=121)
	  Recheck Cond: ((id >= 9440480) AND (id <= 9441479))
	  ->  Bitmap Index Scan on sbtest1_pkey  (cost=0.00..34.12 rows=969 width=0)
	        Index Cond: ((id >= 9440480) AND (id <= 9441479))

table 2 : explain SELECT c FROM sbtest2 WHERE id BETWEEN 191135 AND 192134
	Bitmap Heap Scan on sbtest2  (cost=34.94..3968.94 rows=1025 width=121)
	  Recheck Cond: ((id >= 191135) AND (id <= 192134))
	  ->  Bitmap Index Scan on sbtest2_pkey  (cost=0.00..34.69 rows=1025 width=0)
	        Index Cond: ((id >= 191135) AND (id <= 192134))

table 3 : explain SELECT c FROM sbtest3 WHERE id BETWEEN 9780728 AND 9781727
	Bitmap Heap Scan on sbtest3  (cost=29.23..3339.02 rows=858 width=121)
	  Recheck Cond: ((id >= 9780728) AND (id <= 9781727))
	  ->  Bitmap Index Scan on sbtest3_pkey  (cost=0.00..29.01 rows=858 width=0)
	        Index Cond: ((id >= 9780728) AND (id <= 9781727))

table 4 : explain SELECT c FROM sbtest4 WHERE id BETWEEN 1896675 AND 1897674
	Bitmap Heap Scan on sbtest4  (cost=34.22..3710.87 rows=955 width=121)
	  Recheck Cond: ((id >= 1896675) AND (id <= 1897674))
	  ->  Bitmap Index Scan on sbtest4_pkey  (cost=0.00..33.98 rows=955 width=0)
	        Index Cond: ((id >= 1896675) AND (id <= 1897674))

table 5 : explain SELECT c FROM sbtest5 WHERE id BETWEEN 8064494 AND 8065493
	Bitmap Heap Scan on sbtest5  (cost=34.59..3846.68 rows=991 width=121)
	  Recheck Cond: ((id >= 8064494) AND (id <= 8065493))
	  ->  Bitmap Index Scan on sbtest5_pkey  (cost=0.00..34.34 rows=991 width=0)
	        Index Cond: ((id >= 8064494) AND (id <= 8065493))

table 6 : explain SELECT c FROM sbtest6 WHERE id BETWEEN 5931658 AND 5932657
	Bitmap Heap Scan on sbtest6  (cost=34.33..3745.30 rows=965 width=121)
	  Recheck Cond: ((id >= 5931658) AND (id <= 5932657))
	  ->  Bitmap Index Scan on sbtest6_pkey  (cost=0.00..34.09 rows=965 width=0)
	        Index Cond: ((id >= 5931658) AND (id <= 5932657))

table 7 : explain SELECT c FROM sbtest7 WHERE id BETWEEN 479634 AND 480633
	Bitmap Heap Scan on sbtest7  (cost=35.13..4042.02 rows=1043 width=121)
	  Recheck Cond: ((id >= 479634) AND (id <= 480633))
	  ->  Bitmap Index Scan on sbtest7_pkey  (cost=0.00..34.87 rows=1043 width=0)
	        Index Cond: ((id >= 479634) AND (id <= 480633))

table 8 : explain SELECT c FROM sbtest8 WHERE id BETWEEN 9735590 AND 9736589
	Bitmap Heap Scan on sbtest8  (cost=35.52..4181.19 rows=1081 width=121)
	  Recheck Cond: ((id >= 9735590) AND (id <= 9736589))
	  ->  Bitmap Index Scan on sbtest8_pkey  (cost=0.00..35.25 rows=1081 width=0)
	        Index Cond: ((id >= 9735590) AND (id <= 9736589))

for point_selects
table 1 : explain SELECT c FROM sbtest1 WHERE id=8080105
	Index Scan using sbtest1_pkey on sbtest1  (cost=0.43..8.45 rows=1 width=121)
	  Index Cond: (id = 8080105)

table 2 : explain SELECT c FROM sbtest2 WHERE id=6669947
	Index Scan using sbtest2_pkey on sbtest2  (cost=0.43..8.45 rows=1 width=121)
	  Index Cond: (id = 6669947)

table 3 : explain SELECT c FROM sbtest3 WHERE id=7528841
	Index Scan using sbtest3_pkey on sbtest3  (cost=0.43..8.45 rows=1 width=121)
	  Index Cond: (id = 7528841)

table 4 : explain SELECT c FROM sbtest4 WHERE id=6558876
	Index Scan using sbtest4_pkey on sbtest4  (cost=0.43..8.45 rows=1 width=121)
	  Index Cond: (id = 6558876)

table 5 : explain SELECT c FROM sbtest5 WHERE id=7749646
	Index Scan using sbtest5_pkey on sbtest5  (cost=0.43..8.45 rows=1 width=121)
	  Index Cond: (id = 7749646)

table 6 : explain SELECT c FROM sbtest6 WHERE id=3572160
	Index Scan using sbtest6_pkey on sbtest6  (cost=0.43..8.45 rows=1 width=121)
	  Index Cond: (id = 3572160)

table 7 : explain SELECT c FROM sbtest7 WHERE id=5549506
	Index Scan using sbtest7_pkey on sbtest7  (cost=0.43..8.45 rows=1 width=121)
	  Index Cond: (id = 5549506)

table 8 : explain SELECT c FROM sbtest8 WHERE id=110725
	Index Scan using sbtest8_pkey on sbtest8  (cost=0.43..8.45 rows=1 width=121)
	  Index Cond: (id = 110725)

for point_selects
table 1 : explain SELECT c FROM sbtest1 WHERE id=2641714
	Index Scan using sbtest1_pkey on sbtest1  (cost=0.43..8.45 rows=1 width=121)
	  Index Cond: (id = 2641714)

table 2 : explain SELECT c FROM sbtest2 WHERE id=9249400
	Index Scan using sbtest2_pkey on sbtest2  (cost=0.43..8.45 rows=1 width=121)
	  Index Cond: (id = 9249400)

table 3 : explain SELECT c FROM sbtest3 WHERE id=9604724
	Index Scan using sbtest3_pkey on sbtest3  (cost=0.43..8.45 rows=1 width=121)
	  Index Cond: (id = 9604724)

table 4 : explain SELECT c FROM sbtest4 WHERE id=621440
	Index Scan using sbtest4_pkey on sbtest4  (cost=0.43..8.45 rows=1 width=121)
	  Index Cond: (id = 621440)

table 5 : explain SELECT c FROM sbtest5 WHERE id=8237608
	Index Scan using sbtest5_pkey on sbtest5  (cost=0.43..8.45 rows=1 width=121)
	  Index Cond: (id = 8237608)

table 6 : explain SELECT c FROM sbtest6 WHERE id=3161280
	Index Scan using sbtest6_pkey on sbtest6  (cost=0.43..8.45 rows=1 width=121)
	  Index Cond: (id = 3161280)

table 7 : explain SELECT c FROM sbtest7 WHERE id=4468521
	Index Scan using sbtest7_pkey on sbtest7  (cost=0.43..8.45 rows=1 width=121)
	  Index Cond: (id = 4468521)

table 8 : explain SELECT c FROM sbtest8 WHERE id=9335257
	Index Scan using sbtest8_pkey on sbtest8  (cost=0.43..8.45 rows=1 width=121)
	  Index Cond: (id = 9335257)

for point_selects
table 1 : explain SELECT c FROM sbtest1 WHERE id=6017644
	Index Scan using sbtest1_pkey on sbtest1  (cost=0.43..8.45 rows=1 width=121)
	  Index Cond: (id = 6017644)

table 2 : explain SELECT c FROM sbtest2 WHERE id=575675
	Index Scan using sbtest2_pkey on sbtest2  (cost=0.43..8.45 rows=1 width=121)
	  Index Cond: (id = 575675)

table 3 : explain SELECT c FROM sbtest3 WHERE id=530634
	Index Scan using sbtest3_pkey on sbtest3  (cost=0.43..8.45 rows=1 width=121)
	  Index Cond: (id = 530634)

table 4 : explain SELECT c FROM sbtest4 WHERE id=8992157
	Index Scan using sbtest4_pkey on sbtest4  (cost=0.43..8.45 rows=1 width=121)
	  Index Cond: (id = 8992157)

table 5 : explain SELECT c FROM sbtest5 WHERE id=5841263
	Index Scan using sbtest5_pkey on sbtest5  (cost=0.43..8.45 rows=1 width=121)
	  Index Cond: (id = 5841263)

table 6 : explain SELECT c FROM sbtest6 WHERE id=5368419
	Index Scan using sbtest6_pkey on sbtest6  (cost=0.43..8.45 rows=1 width=121)
	  Index Cond: (id = 5368419)

table 7 : explain SELECT c FROM sbtest7 WHERE id=2006677
	Index Scan using sbtest7_pkey on sbtest7  (cost=0.43..8.45 rows=1 width=121)
	  Index Cond: (id = 2006677)

table 8 : explain SELECT c FROM sbtest8 WHERE id=8818058
	Index Scan using sbtest8_pkey on sbtest8  (cost=0.43..8.45 rows=1 width=121)
	  Index Cond: (id = 8818058)

explain: for point_selects :: explain SELECT c FROM sbtest%u WHERE id=%u
for point_selects
table 1 : explain SELECT c FROM sbtest1 WHERE id=4761666
	Index Scan using sbtest1_pkey on sbtest1  (cost=0.43..8.45 rows=1 width=121)
	  Index Cond: (id = 4761666)

table 2 : explain SELECT c FROM sbtest2 WHERE id=5866410
	Index Scan using sbtest2_pkey on sbtest2  (cost=0.43..8.45 rows=1 width=121)
	  Index Cond: (id = 5866410)

table 3 : explain SELECT c FROM sbtest3 WHERE id=4321649
	Index Scan using sbtest3_pkey on sbtest3  (cost=0.43..8.45 rows=1 width=121)
	  Index Cond: (id = 4321649)

table 4 : explain SELECT c FROM sbtest4 WHERE id=1062502
	Index Scan using sbtest4_pkey on sbtest4  (cost=0.43..8.45 rows=1 width=121)
	  Index Cond: (id = 1062502)

table 5 : explain SELECT c FROM sbtest5 WHERE id=6777460
	Index Scan using sbtest5_pkey on sbtest5  (cost=0.43..8.45 rows=1 width=121)
	  Index Cond: (id = 6777460)

table 6 : explain SELECT c FROM sbtest6 WHERE id=6383724
	Index Scan using sbtest6_pkey on sbtest6  (cost=0.43..8.45 rows=1 width=121)
	  Index Cond: (id = 6383724)

table 7 : explain SELECT c FROM sbtest7 WHERE id=1374122
	Index Scan using sbtest7_pkey on sbtest7  (cost=0.43..8.45 rows=1 width=121)
	  Index Cond: (id = 1374122)

table 8 : explain SELECT c FROM sbtest8 WHERE id=8044474
	Index Scan using sbtest8_pkey on sbtest8  (cost=0.43..8.45 rows=1 width=121)
	  Index Cond: (id = 8044474)

for point_selects
table 1 : explain SELECT c FROM sbtest1 WHERE id=3402342
	Index Scan using sbtest1_pkey on sbtest1  (cost=0.43..8.45 rows=1 width=121)
	  Index Cond: (id = 3402342)

table 2 : explain SELECT c FROM sbtest2 WHERE id=722584
	Index Scan using sbtest2_pkey on sbtest2  (cost=0.43..8.45 rows=1 width=121)
	  Index Cond: (id = 722584)

table 3 : explain SELECT c FROM sbtest3 WHERE id=3317616
	Index Scan using sbtest3_pkey on sbtest3  (cost=0.43..8.45 rows=1 width=121)
	  Index Cond: (id = 3317616)

table 4 : explain SELECT c FROM sbtest4 WHERE id=7226416
	Index Scan using sbtest4_pkey on sbtest4  (cost=0.43..8.45 rows=1 width=121)
	  Index Cond: (id = 7226416)

table 5 : explain SELECT c FROM sbtest5 WHERE id=5257668
	Index Scan using sbtest5_pkey on sbtest5  (cost=0.43..8.45 rows=1 width=121)
	  Index Cond: (id = 5257668)

table 6 : explain SELECT c FROM sbtest6 WHERE id=7246645
	Index Scan using sbtest6_pkey on sbtest6  (cost=0.43..8.45 rows=1 width=121)
	  Index Cond: (id = 7246645)

table 7 : explain SELECT c FROM sbtest7 WHERE id=9331056
	Index Scan using sbtest7_pkey on sbtest7  (cost=0.43..8.45 rows=1 width=121)
	  Index Cond: (id = 9331056)

table 8 : explain SELECT c FROM sbtest8 WHERE id=91280
	Index Scan using sbtest8_pkey on sbtest8  (cost=0.43..8.45 rows=1 width=121)
	  Index Cond: (id = 91280)

explain: for point_selects :: explain SELECT c FROM sbtest%u WHERE id=%u
for point_selects
table 1 : explain SELECT c FROM sbtest1 WHERE id=4754703
	Index Scan using sbtest1_pkey on sbtest1  (cost=0.43..8.45 rows=1 width=121)
	  Index Cond: (id = 4754703)

table 2 : explain SELECT c FROM sbtest2 WHERE id=4630868
	Index Scan using sbtest2_pkey on sbtest2  (cost=0.43..8.45 rows=1 width=121)
	  Index Cond: (id = 4630868)

table 3 : explain SELECT c FROM sbtest3 WHERE id=5128916
	Index Scan using sbtest3_pkey on sbtest3  (cost=0.43..8.45 rows=1 width=121)
	  Index Cond: (id = 5128916)

table 4 : explain SELECT c FROM sbtest4 WHERE id=420558
	Index Scan using sbtest4_pkey on sbtest4  (cost=0.43..8.45 rows=1 width=121)
	  Index Cond: (id = 420558)

table 5 : explain SELECT c FROM sbtest5 WHERE id=9420592
	Index Scan using sbtest5_pkey on sbtest5  (cost=0.43..8.45 rows=1 width=121)
	  Index Cond: (id = 9420592)

table 6 : explain SELECT c FROM sbtest6 WHERE id=9283355
	Index Scan using sbtest6_pkey on sbtest6  (cost=0.43..8.45 rows=1 width=121)
	  Index Cond: (id = 9283355)

table 7 : explain SELECT c FROM sbtest7 WHERE id=1282702
	Index Scan using sbtest7_pkey on sbtest7  (cost=0.43..8.45 rows=1 width=121)
	  Index Cond: (id = 1282702)

table 8 : explain SELECT c FROM sbtest8 WHERE id=4386572
	Index Scan using sbtest8_pkey on sbtest8  (cost=0.43..8.45 rows=1 width=121)
	  Index Cond: (id = 4386572)

for: sum_ranges
table 1 : explain SELECT SUM(k) FROM sbtest1 WHERE id BETWEEN 1805914 AND 1806913
	Aggregate  (cost=3831.58..3831.59 rows=1 width=8)
	  ->  Bitmap Heap Scan on sbtest1  (cost=34.55..3829.11 rows=987 width=4)
	        Recheck Cond: ((id >= 1805914) AND (id <= 1806913))
	        ->  Bitmap Index Scan on sbtest1_pkey  (cost=0.00..34.31 rows=987 width=0)
	              Index Cond: ((id >= 1805914) AND (id <= 1806913))

table 2 : explain SELECT SUM(k) FROM sbtest2 WHERE id BETWEEN 1818826 AND 1819825
	Aggregate  (cost=3914.97..3914.98 rows=1 width=8)
	  ->  Bitmap Heap Scan on sbtest2  (cost=34.79..3912.44 rows=1010 width=4)
	        Recheck Cond: ((id >= 1818826) AND (id <= 1819825))
	        ->  Bitmap Index Scan on sbtest2_pkey  (cost=0.00..34.54 rows=1010 width=0)
	              Index Cond: ((id >= 1818826) AND (id <= 1819825))

table 3 : explain SELECT SUM(k) FROM sbtest3 WHERE id BETWEEN 7353617 AND 7354616
	Aggregate  (cost=3489.20..3489.21 rows=1 width=8)
	  ->  Bitmap Heap Scan on sbtest3  (cost=29.63..3486.96 rows=897 width=4)
	        Recheck Cond: ((id >= 7353617) AND (id <= 7354616))
	        ->  Bitmap Index Scan on sbtest3_pkey  (cost=0.00..29.40 rows=897 width=0)
	              Index Cond: ((id >= 7353617) AND (id <= 7354616))

table 4 : explain SELECT SUM(k) FROM sbtest4 WHERE id BETWEEN 6988362 AND 6989361
	Aggregate  (cost=3996.87..3996.88 rows=1 width=8)
	  ->  Bitmap Heap Scan on sbtest4  (cost=34.99..3994.29 rows=1030 width=4)
	        Recheck Cond: ((id >= 6988362) AND (id <= 6989361))
	        ->  Bitmap Index Scan on sbtest4_pkey  (cost=0.00..34.73 rows=1030 width=0)
	              Index Cond: ((id >= 6988362) AND (id <= 6989361))

table 5 : explain SELECT SUM(k) FROM sbtest5 WHERE id BETWEEN 3524678 AND 3525677
	Aggregate  (cost=4117.30..4117.31 rows=1 width=8)
	  ->  Bitmap Heap Scan on sbtest5  (cost=35.32..4114.65 rows=1062 width=4)
	        Recheck Cond: ((id >= 3524678) AND (id <= 3525677))
	        ->  Bitmap Index Scan on sbtest5_pkey  (cost=0.00..35.06 rows=1062 width=0)
	              Index Cond: ((id >= 3524678) AND (id <= 3525677))

table 6 : explain SELECT SUM(k) FROM sbtest6 WHERE id BETWEEN 7318917 AND 7319916
	Aggregate  (cost=4166.46..4166.47 rows=1 width=8)
	  ->  Bitmap Heap Scan on sbtest6  (cost=35.46..4163.77 rows=1076 width=4)
	        Recheck Cond: ((id >= 7318917) AND (id <= 7319916))
	        ->  Bitmap Index Scan on sbtest6_pkey  (cost=0.00..35.20 rows=1076 width=0)
	              Index Cond: ((id >= 7318917) AND (id <= 7319916))

table 7 : explain SELECT SUM(k) FROM sbtest7 WHERE id BETWEEN 7548194 AND 7549193
	Aggregate  (cost=4021.99..4022.00 rows=1 width=8)
	  ->  Bitmap Heap Scan on sbtest7  (cost=35.06..4019.40 rows=1037 width=4)
	        Recheck Cond: ((id >= 7548194) AND (id <= 7549193))
	        ->  Bitmap Index Scan on sbtest7_pkey  (cost=0.00..34.81 rows=1037 width=0)
	              Index Cond: ((id >= 7548194) AND (id <= 7549193))

table 8 : explain SELECT SUM(k) FROM sbtest8 WHERE id BETWEEN 9654587 AND 9655586
	Aggregate  (cost=3769.20..3769.21 rows=1 width=8)
	  ->  Bitmap Heap Scan on sbtest8  (cost=34.39..3766.77 rows=971 width=4)
	        Recheck Cond: ((id >= 9654587) AND (id <= 9655586))
	        ->  Bitmap Index Scan on sbtest8_pkey  (cost=0.00..34.15 rows=971 width=0)
	              Index Cond: ((id >= 9654587) AND (id <= 9655586))

for: simple_ranges
table 1 : explain SELECT c FROM sbtest1 WHERE id BETWEEN 5945890 AND 5946889
	Bitmap Heap Scan on sbtest1  (cost=40.70..4619.51 rows=1197 width=121)
	  Recheck Cond: ((id >= 5945890) AND (id <= 5946889))
	  ->  Bitmap Index Scan on sbtest1_pkey  (cost=0.00..40.41 rows=1197 width=0)
	        Index Cond: ((id >= 5945890) AND (id <= 5946889))

table 2 : explain SELECT c FROM sbtest2 WHERE id BETWEEN 4181579 AND 4182578
	Bitmap Heap Scan on sbtest2  (cost=34.69..3874.76 rows=1000 width=121)
	  Recheck Cond: ((id >= 4181579) AND (id <= 4182578))
	  ->  Bitmap Index Scan on sbtest2_pkey  (cost=0.00..34.44 rows=1000 width=0)
	        Index Cond: ((id >= 4181579) AND (id <= 4182578))

table 3 : explain SELECT c FROM sbtest3 WHERE id BETWEEN 3520323 AND 3521322
	Bitmap Heap Scan on sbtest3  (cost=34.69..3880.72 rows=1000 width=121)
	  Recheck Cond: ((id >= 3520323) AND (id <= 3521322))
	  ->  Bitmap Index Scan on sbtest3_pkey  (cost=0.00..34.44 rows=1000 width=0)
	        Index Cond: ((id >= 3520323) AND (id <= 3521322))

table 4 : explain SELECT c FROM sbtest4 WHERE id BETWEEN 4382958 AND 4383957
	Bitmap Heap Scan on sbtest4  (cost=34.40..3775.18 rows=972 width=121)
	  Recheck Cond: ((id >= 4382958) AND (id <= 4383957))
	  ->  Bitmap Index Scan on sbtest4_pkey  (cost=0.00..34.16 rows=972 width=0)
	        Index Cond: ((id >= 4382958) AND (id <= 4383957))

table 5 : explain SELECT c FROM sbtest5 WHERE id BETWEEN 6423717 AND 6424716
	Bitmap Heap Scan on sbtest5  (cost=34.59..3846.68 rows=991 width=121)
	  Recheck Cond: ((id >= 6423717) AND (id <= 6424716))
	  ->  Bitmap Index Scan on sbtest5_pkey  (cost=0.00..34.34 rows=991 width=0)
	        Index Cond: ((id >= 6423717) AND (id <= 6424716))

table 6 : explain SELECT c FROM sbtest6 WHERE id BETWEEN 105276 AND 106275
	Bitmap Heap Scan on sbtest6  (cost=34.05..3643.27 rows=938 width=121)
	  Recheck Cond: ((id >= 105276) AND (id <= 106275))
	  ->  Bitmap Index Scan on sbtest6_pkey  (cost=0.00..33.82 rows=938 width=0)
	        Index Cond: ((id >= 105276) AND (id <= 106275))

table 7 : explain SELECT c FROM sbtest7 WHERE id BETWEEN 4827072 AND 4828071
	Bitmap Heap Scan on sbtest7  (cost=34.56..3834.44 rows=988 width=121)
	  Recheck Cond: ((id >= 4827072) AND (id <= 4828071))
	  ->  Bitmap Index Scan on sbtest7_pkey  (cost=0.00..34.32 rows=988 width=0)
	        Index Cond: ((id >= 4827072) AND (id <= 4828071))

table 8 : explain SELECT c FROM sbtest8 WHERE id BETWEEN 9456828 AND 9457827
	Bitmap Heap Scan on sbtest8  (cost=33.98..3615.69 rows=931 width=121)
	  Recheck Cond: ((id >= 9456828) AND (id <= 9457827))
	  ->  Bitmap Index Scan on sbtest8_pkey  (cost=0.00..33.75 rows=931 width=0)
	        Index Cond: ((id >= 9456828) AND (id <= 9457827))

for: simple_ranges
table 1 : explain SELECT c FROM sbtest1 WHERE id BETWEEN 83956 AND 84955
	Bitmap Heap Scan on sbtest1  (cost=34.48..3802.68 rows=980 width=121)
	  Recheck Cond: ((id >= 83956) AND (id <= 84955))
	  ->  Bitmap Index Scan on sbtest1_pkey  (cost=0.00..34.23 rows=980 width=0)
	        Index Cond: ((id >= 83956) AND (id <= 84955))

table 2 : explain SELECT c FROM sbtest2 WHERE id BETWEEN 5405771 AND 5406770
	Bitmap Heap Scan on sbtest2  (cost=34.09..3655.97 rows=942 width=121)
	  Recheck Cond: ((id >= 5405771) AND (id <= 5406770))
	  ->  Bitmap Index Scan on sbtest2_pkey  (cost=0.00..33.86 rows=942 width=0)
	        Index Cond: ((id >= 5405771) AND (id <= 5406770))

table 3 : explain SELECT c FROM sbtest3 WHERE id BETWEEN 6152168 AND 6153167
	Bitmap Heap Scan on sbtest3  (cost=35.03..4009.08 rows=1034 width=121)
	  Recheck Cond: ((id >= 6152168) AND (id <= 6153167))
	  ->  Bitmap Index Scan on sbtest3_pkey  (cost=0.00..34.78 rows=1034 width=0)
	        Index Cond: ((id >= 6152168) AND (id <= 6153167))

table 4 : explain SELECT c FROM sbtest4 WHERE id BETWEEN 9559029 AND 9560028
	Bitmap Heap Scan on sbtest4  (cost=34.93..3971.65 rows=1024 width=121)
	  Recheck Cond: ((id >= 9559029) AND (id <= 9560028))
	  ->  Bitmap Index Scan on sbtest4_pkey  (cost=0.00..34.68 rows=1024 width=0)
	        Index Cond: ((id >= 9559029) AND (id <= 9560028))

table 5 : explain SELECT c FROM sbtest5 WHERE id BETWEEN 6948758 AND 6949757
	Bitmap Heap Scan on sbtest5  (cost=35.62..4223.93 rows=1091 width=121)
	  Recheck Cond: ((id >= 6948758) AND (id <= 6949757))
	  ->  Bitmap Index Scan on sbtest5_pkey  (cost=0.00..35.34 rows=1091 width=0)
	        Index Cond: ((id >= 6948758) AND (id <= 6949757))

table 6 : explain SELECT c FROM sbtest6 WHERE id BETWEEN 6166823 AND 6167822
	Bitmap Heap Scan on sbtest6  (cost=29.77..3537.15 rows=911 width=121)
	  Recheck Cond: ((id >= 6166823) AND (id <= 6167822))
	  ->  Bitmap Index Scan on sbtest6_pkey  (cost=0.00..29.54 rows=911 width=0)
	        Index Cond: ((id >= 6166823) AND (id <= 6167822))

table 7 : explain SELECT c FROM sbtest7 WHERE id BETWEEN 8909638 AND 8910637
	Bitmap Heap Scan on sbtest7  (cost=35.05..4015.62 rows=1036 width=121)
	  Recheck Cond: ((id >= 8909638) AND (id <= 8910637))
	  ->  Bitmap Index Scan on sbtest7_pkey  (cost=0.00..34.80 rows=1036 width=0)
	        Index Cond: ((id >= 8909638) AND (id <= 8910637))

table 8 : explain SELECT c FROM sbtest8 WHERE id BETWEEN 5440179 AND 5441178
	Bitmap Heap Scan on sbtest8  (cost=34.78..3910.11 rows=1009 width=121)
	  Recheck Cond: ((id >= 5440179) AND (id <= 5441178))
	  ->  Bitmap Index Scan on sbtest8_pkey  (cost=0.00..34.53 rows=1009 width=0)
	        Index Cond: ((id >= 5440179) AND (id <= 5441178))

for: simple_ranges
table 1 : explain SELECT c FROM sbtest1 WHERE id BETWEEN 3025003 AND 3026002
	Bitmap Heap Scan on sbtest1  (cost=34.61..3851.76 rows=993 width=121)
	  Recheck Cond: ((id >= 3025003) AND (id <= 3026002))
	  ->  Bitmap Index Scan on sbtest1_pkey  (cost=0.00..34.37 rows=993 width=0)
	        Index Cond: ((id >= 3025003) AND (id <= 3026002))

table 2 : explain SELECT c FROM sbtest2 WHERE id BETWEEN 216273 AND 217272
	Bitmap Heap Scan on sbtest2  (cost=34.94..3968.94 rows=1025 width=121)
	  Recheck Cond: ((id >= 216273) AND (id <= 217272))
	  ->  Bitmap Index Scan on sbtest2_pkey  (cost=0.00..34.69 rows=1025 width=0)
	        Index Cond: ((id >= 216273) AND (id <= 217272))

table 3 : explain SELECT c FROM sbtest3 WHERE id BETWEEN 8811995 AND 8812994
	Bitmap Heap Scan on sbtest3  (cost=34.19..3699.25 rows=952 width=121)
	  Recheck Cond: ((id >= 8811995) AND (id <= 8812994))
	  ->  Bitmap Index Scan on sbtest3_pkey  (cost=0.00..33.95 rows=952 width=0)
	        Index Cond: ((id >= 8811995) AND (id <= 8812994))

table 4 : explain SELECT c FROM sbtest4 WHERE id BETWEEN 7717905 AND 7718904
	Bitmap Heap Scan on sbtest4  (cost=35.31..4111.24 rows=1061 width=121)
	  Recheck Cond: ((id >= 7717905) AND (id <= 7718904))
	  ->  Bitmap Index Scan on sbtest4_pkey  (cost=0.00..35.05 rows=1061 width=0)
	        Index Cond: ((id >= 7717905) AND (id <= 7718904))

table 5 : explain SELECT c FROM sbtest5 WHERE id BETWEEN 4040923 AND 4041922
	Bitmap Heap Scan on sbtest5  (cost=35.12..4039.23 rows=1042 width=121)
	  Recheck Cond: ((id >= 4040923) AND (id <= 4041922))
	  ->  Bitmap Index Scan on sbtest5_pkey  (cost=0.00..34.86 rows=1042 width=0)
	        Index Cond: ((id >= 4040923) AND (id <= 4041922))

table 6 : explain SELECT c FROM sbtest6 WHERE id BETWEEN 8366894 AND 8367893
	Bitmap Heap Scan on sbtest6  (cost=35.03..4005.61 rows=1034 width=121)
	  Recheck Cond: ((id >= 8366894) AND (id <= 8367893))
	  ->  Bitmap Index Scan on sbtest6_pkey  (cost=0.00..34.78 rows=1034 width=0)
	        Index Cond: ((id >= 8366894) AND (id <= 8367893))

table 7 : explain SELECT c FROM sbtest7 WHERE id BETWEEN 6835535 AND 6836534
	Bitmap Heap Scan on sbtest7  (cost=34.95..3977.90 rows=1026 width=121)
	  Recheck Cond: ((id >= 6835535) AND (id <= 6836534))
	  ->  Bitmap Index Scan on sbtest7_pkey  (cost=0.00..34.70 rows=1026 width=0)
	        Index Cond: ((id >= 6835535) AND (id <= 6836534))

table 8 : explain SELECT c FROM sbtest8 WHERE id BETWEEN 6565307 AND 6566306
	Bitmap Heap Scan on sbtest8  (cost=34.70..3879.95 rows=1001 width=121)
	  Recheck Cond: ((id >= 6565307) AND (id <= 6566306))
	  ->  Bitmap Index Scan on sbtest8_pkey  (cost=0.00..34.45 rows=1001 width=0)
	        Index Cond: ((id >= 6565307) AND (id <= 6566306))

for point_selects
table 1 : explain SELECT c FROM sbtest1 WHERE id=8168594
	Index Scan using sbtest1_pkey on sbtest1  (cost=0.43..8.45 rows=1 width=121)
	  Index Cond: (id = 8168594)

table 2 : explain SELECT c FROM sbtest2 WHERE id=5088804
	Index Scan using sbtest2_pkey on sbtest2  (cost=0.43..8.45 rows=1 width=121)
	  Index Cond: (id = 5088804)

table 3 : explain SELECT c FROM sbtest3 WHERE id=5069170
	Index Scan using sbtest3_pkey on sbtest3  (cost=0.43..8.45 rows=1 width=121)
	  Index Cond: (id = 5069170)

table 4 : explain SELECT c FROM sbtest4 WHERE id=6174957
	Index Scan using sbtest4_pkey on sbtest4  (cost=0.43..8.45 rows=1 width=121)
	  Index Cond: (id = 6174957)

table 5 : explain SELECT c FROM sbtest5 WHERE id=2697253
	Index Scan using sbtest5_pkey on sbtest5  (cost=0.43..8.45 rows=1 width=121)
	  Index Cond: (id = 2697253)

table 6 : explain SELECT c FROM sbtest6 WHERE id=4777321
	Index Scan using sbtest6_pkey on sbtest6  (cost=0.43..8.45 rows=1 width=121)
	  Index Cond: (id = 4777321)

table 7 : explain SELECT c FROM sbtest7 WHERE id=3910885
	Index Scan using sbtest7_pkey on sbtest7  (cost=0.43..8.45 rows=1 width=121)
	  Index Cond: (id = 3910885)

table 8 : explain SELECT c FROM sbtest8 WHERE id=5695369
	Index Scan using sbtest8_pkey on sbtest8  (cost=0.43..8.45 rows=1 width=121)
	  Index Cond: (id = 5695369)

explain: for point_selects :: explain SELECT c FROM sbtest%u WHERE id=%u
for: simple_ranges
table 1 : explain SELECT c FROM sbtest1 WHERE id BETWEEN 1748793 AND 1749792
	Bitmap Heap Scan on sbtest1  (cost=34.55..3829.11 rows=987 width=121)
	  Recheck Cond: ((id >= 1748793) AND (id <= 1749792))
	  ->  Bitmap Index Scan on sbtest1_pkey  (cost=0.00..34.31 rows=987 width=0)
	        Index Cond: ((id >= 1748793) AND (id <= 1749792))

table 2 : explain SELECT c FROM sbtest2 WHERE id BETWEEN 1184109 AND 1185108
	Bitmap Heap Scan on sbtest2  (cost=34.94..3968.94 rows=1025 width=121)
	  Recheck Cond: ((id >= 1184109) AND (id <= 1185108))
	  ->  Bitmap Index Scan on sbtest2_pkey  (cost=0.00..34.69 rows=1025 width=0)
	        Index Cond: ((id >= 1184109) AND (id <= 1185108))

table 3 : explain SELECT c FROM sbtest3 WHERE id BETWEEN 7755966 AND 7756965
	Bitmap Heap Scan on sbtest3  (cost=35.30..4107.15 rows=1060 width=121)
	  Recheck Cond: ((id >= 7755966) AND (id <= 7756965))
	  ->  Bitmap Index Scan on sbtest3_pkey  (cost=0.00..35.04 rows=1060 width=0)
	        Index Cond: ((id >= 7755966) AND (id <= 7756965))

table 4 : explain SELECT c FROM sbtest4 WHERE id BETWEEN 846544 AND 847543
	Bitmap Heap Scan on sbtest4  (cost=34.53..3824.33 rows=985 width=121)
	  Recheck Cond: ((id >= 846544) AND (id <= 847543))
	  ->  Bitmap Index Scan on sbtest4_pkey  (cost=0.00..34.29 rows=985 width=0)
	        Index Cond: ((id >= 846544) AND (id <= 847543))

table 5 : explain SELECT c FROM sbtest5 WHERE id BETWEEN 2393078 AND 2394077
	Bitmap Heap Scan on sbtest5  (cost=34.29..3733.26 rows=961 width=121)
	  Recheck Cond: ((id >= 2393078) AND (id <= 2394077))
	  ->  Bitmap Index Scan on sbtest5_pkey  (cost=0.00..34.05 rows=961 width=0)
	        Index Cond: ((id >= 2393078) AND (id <= 2394077))

table 6 : explain SELECT c FROM sbtest6 WHERE id BETWEEN 7594681 AND 7595680
	Bitmap Heap Scan on sbtest6  (cost=34.84..3933.99 rows=1015 width=121)
	  Recheck Cond: ((id >= 7594681) AND (id <= 7595680))
	  ->  Bitmap Index Scan on sbtest6_pkey  (cost=0.00..34.59 rows=1015 width=0)
	        Index Cond: ((id >= 7594681) AND (id <= 7595680))

table 7 : explain SELECT c FROM sbtest7 WHERE id BETWEEN 1366905 AND 1367904
	Bitmap Heap Scan on sbtest7  (cost=35.43..4155.09 rows=1073 width=121)
	  Recheck Cond: ((id >= 1366905) AND (id <= 1367904))
	  ->  Bitmap Index Scan on sbtest7_pkey  (cost=0.00..35.17 rows=1073 width=0)
	        Index Cond: ((id >= 1366905) AND (id <= 1367904))

table 8 : explain SELECT c FROM sbtest8 WHERE id BETWEEN 6403195 AND 6404194
	Bitmap Heap Scan on sbtest8  (cost=34.88..3947.80 rows=1019 width=121)
	  Recheck Cond: ((id >= 6403195) AND (id <= 6404194))
	  ->  Bitmap Index Scan on sbtest8_pkey  (cost=0.00..34.62 rows=1019 width=0)
	        Index Cond: ((id >= 6403195) AND (id <= 6404194))

for: simple_ranges
table 1 : explain SELECT c FROM sbtest1 WHERE id BETWEEN 4215946 AND 4216945
	Bitmap Heap Scan on sbtest1  (cost=33.82..3560.73 rows=916 width=121)
	  Recheck Cond: ((id >= 4215946) AND (id <= 4216945))
	  ->  Bitmap Index Scan on sbtest1_pkey  (cost=0.00..33.59 rows=916 width=0)
	        Index Cond: ((id >= 4215946) AND (id <= 4216945))

table 2 : explain SELECT c FROM sbtest2 WHERE id BETWEEN 4763580 AND 4764579
	Bitmap Heap Scan on sbtest2  (cost=35.14..4040.46 rows=1044 width=121)
	  Recheck Cond: ((id >= 4763580) AND (id <= 4764579))
	  ->  Bitmap Index Scan on sbtest2_pkey  (cost=0.00..34.88 rows=1044 width=0)
	        Index Cond: ((id >= 4763580) AND (id <= 4764579))

table 3 : explain SELECT c FROM sbtest3 WHERE id BETWEEN 6278903 AND 6279902
	Bitmap Heap Scan on sbtest3  (cost=39.67..4246.80 rows=1096 width=121)
	  Recheck Cond: ((id >= 6278903) AND (id <= 6279902))
	  ->  Bitmap Index Scan on sbtest3_pkey  (cost=0.00..39.40 rows=1096 width=0)
	        Index Cond: ((id >= 6278903) AND (id <= 6279902))

table 4 : explain SELECT c FROM sbtest4 WHERE id BETWEEN 1083963 AND 1084962
	Bitmap Heap Scan on sbtest4  (cost=34.12..3673.03 rows=945 width=121)
	  Recheck Cond: ((id >= 1083963) AND (id <= 1084962))
	  ->  Bitmap Index Scan on sbtest4_pkey  (cost=0.00..33.89 rows=945 width=0)
	        Index Cond: ((id >= 1083963) AND (id <= 1084962))

table 5 : explain SELECT c FROM sbtest5 WHERE id BETWEEN 8720303 AND 8721302
	Bitmap Heap Scan on sbtest5  (cost=34.40..3774.86 rows=972 width=121)
	  Recheck Cond: ((id >= 8720303) AND (id <= 8721302))
	  ->  Bitmap Index Scan on sbtest5_pkey  (cost=0.00..34.16 rows=972 width=0)
	        Index Cond: ((id >= 8720303) AND (id <= 8721302))

table 6 : explain SELECT c FROM sbtest6 WHERE id BETWEEN 8668319 AND 8669318
	Bitmap Heap Scan on sbtest6  (cost=34.42..3779.29 rows=974 width=121)
	  Recheck Cond: ((id >= 8668319) AND (id <= 8669318))
	  ->  Bitmap Index Scan on sbtest6_pkey  (cost=0.00..34.18 rows=974 width=0)
	        Index Cond: ((id >= 8668319) AND (id <= 8669318))

table 7 : explain SELECT c FROM sbtest7 WHERE id BETWEEN 3606411 AND 3607410
	Bitmap Heap Scan on sbtest7  (cost=34.69..3879.76 rows=1000 width=121)
	  Recheck Cond: ((id >= 3606411) AND (id <= 3607410))
	  ->  Bitmap Index Scan on sbtest7_pkey  (cost=0.00..34.44 rows=1000 width=0)
	        Index Cond: ((id >= 3606411) AND (id <= 3607410))

table 8 : explain SELECT c FROM sbtest8 WHERE id BETWEEN 8568663 AND 8569662
	Bitmap Heap Scan on sbtest8  (cost=34.09..3657.26 rows=942 width=121)
	  Recheck Cond: ((id >= 8568663) AND (id <= 8569662))
	  ->  Bitmap Index Scan on sbtest8_pkey  (cost=0.00..33.86 rows=942 width=0)
	        Index Cond: ((id >= 8568663) AND (id <= 8569662))

for point_selects
table 1 : explain SELECT c FROM sbtest1 WHERE id=8141351
	Index Scan using sbtest1_pkey on sbtest1  (cost=0.43..8.45 rows=1 width=121)
	  Index Cond: (id = 8141351)

table 2 : explain SELECT c FROM sbtest2 WHERE id=5575668
	Index Scan using sbtest2_pkey on sbtest2  (cost=0.43..8.45 rows=1 width=121)
	  Index Cond: (id = 5575668)

table 3 : explain SELECT c FROM sbtest3 WHERE id=864659
	Index Scan using sbtest3_pkey on sbtest3  (cost=0.43..8.45 rows=1 width=121)
	  Index Cond: (id = 864659)

table 4 : explain SELECT c FROM sbtest4 WHERE id=9267297
	Index Scan using sbtest4_pkey on sbtest4  (cost=0.43..8.45 rows=1 width=121)
	  Index Cond: (id = 9267297)

table 5 : explain SELECT c FROM sbtest5 WHERE id=5149073
	Index Scan using sbtest5_pkey on sbtest5  (cost=0.43..8.45 rows=1 width=121)
	  Index Cond: (id = 5149073)

table 6 : explain SELECT c FROM sbtest6 WHERE id=6506662
	Index Scan using sbtest6_pkey on sbtest6  (cost=0.43..8.45 rows=1 width=121)
	  Index Cond: (id = 6506662)

table 7 : explain SELECT c FROM sbtest7 WHERE id=7259475
	Index Scan using sbtest7_pkey on sbtest7  (cost=0.43..8.45 rows=1 width=121)
	  Index Cond: (id = 7259475)

table 8 : explain SELECT c FROM sbtest8 WHERE id=8748789
	Index Scan using sbtest8_pkey on sbtest8  (cost=0.43..8.45 rows=1 width=121)
	  Index Cond: (id = 8748789)

for: simple_ranges
table 1 : explain SELECT c FROM sbtest1 WHERE id BETWEEN 8218539 AND 8219538
	Bitmap Heap Scan on sbtest1  (cost=35.05..4013.95 rows=1036 width=121)
	  Recheck Cond: ((id >= 8218539) AND (id <= 8219538))
	  ->  Bitmap Index Scan on sbtest1_pkey  (cost=0.00..34.80 rows=1036 width=0)
	        Index Cond: ((id >= 8218539) AND (id <= 8219538))

table 2 : explain SELECT c FROM sbtest2 WHERE id BETWEEN 9512196 AND 9513195
	Bitmap Heap Scan on sbtest2  (cost=35.59..4205.91 rows=1088 width=121)
	  Recheck Cond: ((id >= 9512196) AND (id <= 9513195))
	  ->  Bitmap Index Scan on sbtest2_pkey  (cost=0.00..35.32 rows=1088 width=0)
	        Index Cond: ((id >= 9512196) AND (id <= 9513195))

table 3 : explain SELECT c FROM sbtest3 WHERE id BETWEEN 433204 AND 434203
	Bitmap Heap Scan on sbtest3  (cost=34.34..3752.21 rows=966 width=121)
	  Recheck Cond: ((id >= 433204) AND (id <= 434203))
	  ->  Bitmap Index Scan on sbtest3_pkey  (cost=0.00..34.09 rows=966 width=0)
	        Index Cond: ((id >= 433204) AND (id <= 434203))

table 4 : explain SELECT c FROM sbtest4 WHERE id BETWEEN 8548591 AND 8549590
	Bitmap Heap Scan on sbtest4  (cost=34.59..3847.00 rows=991 width=121)
	  Recheck Cond: ((id >= 8548591) AND (id <= 8549590))
	  ->  Bitmap Index Scan on sbtest4_pkey  (cost=0.00..34.34 rows=991 width=0)
	        Index Cond: ((id >= 8548591) AND (id <= 8549590))

table 5 : explain SELECT c FROM sbtest5 WHERE id BETWEEN 6430677 AND 6431676
	Bitmap Heap Scan on sbtest5  (cost=34.59..3846.68 rows=991 width=121)
	  Recheck Cond: ((id >= 6430677) AND (id <= 6431676))
	  ->  Bitmap Index Scan on sbtest5_pkey  (cost=0.00..34.34 rows=991 width=0)
	        Index Cond: ((id >= 6430677) AND (id <= 6431676))

table 6 : explain SELECT c FROM sbtest6 WHERE id BETWEEN 6660115 AND 6661114
	Bitmap Heap Scan on sbtest6  (cost=33.91..3590.33 rows=924 width=121)
	  Recheck Cond: ((id >= 6660115) AND (id <= 6661114))
	  ->  Bitmap Index Scan on sbtest6_pkey  (cost=0.00..33.68 rows=924 width=0)
	        Index Cond: ((id >= 6660115) AND (id <= 6661114))

table 7 : explain SELECT c FROM sbtest7 WHERE id BETWEEN 1588515 AND 1589514
	Bitmap Heap Scan on sbtest7  (cost=33.97..3615.13 rows=930 width=121)
	  Recheck Cond: ((id >= 1588515) AND (id <= 1589514))
	  ->  Bitmap Index Scan on sbtest7_pkey  (cost=0.00..33.73 rows=930 width=0)
	        Index Cond: ((id >= 1588515) AND (id <= 1589514))

table 8 : explain SELECT c FROM sbtest8 WHERE id BETWEEN 140039 AND 141038
	Bitmap Heap Scan on sbtest8  (cost=35.19..4060.79 rows=1049 width=121)
	  Recheck Cond: ((id >= 140039) AND (id <= 141038))
	  ->  Bitmap Index Scan on sbtest8_pkey  (cost=0.00..34.93 rows=1049 width=0)
	        Index Cond: ((id >= 140039) AND (id <= 141038))

for: simple_ranges
table 1 : explain SELECT c FROM sbtest1 WHERE id BETWEEN 8858236 AND 8859235
	Bitmap Heap Scan on sbtest1  (cost=34.56..3832.88 rows=988 width=121)
	  Recheck Cond: ((id >= 8858236) AND (id <= 8859235))
	  ->  Bitmap Index Scan on sbtest1_pkey  (cost=0.00..34.32 rows=988 width=0)
	        Index Cond: ((id >= 8858236) AND (id <= 8859235))

table 2 : explain SELECT c FROM sbtest2 WHERE id BETWEEN 8873929 AND 8874928
	Bitmap Heap Scan on sbtest2  (cost=35.08..4021.64 rows=1039 width=121)
	  Recheck Cond: ((id >= 8873929) AND (id <= 8874928))
	  ->  Bitmap Index Scan on sbtest2_pkey  (cost=0.00..34.83 rows=1039 width=0)
	        Index Cond: ((id >= 8873929) AND (id <= 8874928))

table 3 : explain SELECT c FROM sbtest3 WHERE id BETWEEN 1010014 AND 1011013
	Bitmap Heap Scan on sbtest3  (cost=34.88..3952.47 rows=1019 width=121)
	  Recheck Cond: ((id >= 1010014) AND (id <= 1011013))
	  ->  Bitmap Index Scan on sbtest3_pkey  (cost=0.00..34.62 rows=1019 width=0)
	        Index Cond: ((id >= 1010014) AND (id <= 1011013))

table 4 : explain SELECT c FROM sbtest4 WHERE id BETWEEN 6891376 AND 6892375
	Bitmap Heap Scan on sbtest4  (cost=34.48..3805.43 rows=980 width=121)
	  Recheck Cond: ((id >= 6891376) AND (id <= 6892375))
	  ->  Bitmap Index Scan on sbtest4_pkey  (cost=0.00..34.23 rows=980 width=0)
	        Index Cond: ((id >= 6891376) AND (id <= 6892375))

table 5 : explain SELECT c FROM sbtest5 WHERE id BETWEEN 9543423 AND 9544422
	Bitmap Heap Scan on sbtest5  (cost=34.97..3986.40 rows=1028 width=121)
	  Recheck Cond: ((id >= 9543423) AND (id <= 9544422))
	  ->  Bitmap Index Scan on sbtest5_pkey  (cost=0.00..34.72 rows=1028 width=0)
	        Index Cond: ((id >= 9543423) AND (id <= 9544422))

table 6 : explain SELECT c FROM sbtest6 WHERE id BETWEEN 1852454 AND 1853453
	Bitmap Heap Scan on sbtest6  (cost=33.95..3605.46 rows=928 width=121)
	  Recheck Cond: ((id >= 1852454) AND (id <= 1853453))
	  ->  Bitmap Index Scan on sbtest6_pkey  (cost=0.00..33.72 rows=928 width=0)
	        Index Cond: ((id >= 1852454) AND (id <= 1853453))

table 7 : explain SELECT c FROM sbtest7 WHERE id BETWEEN 1502169 AND 1503168
	Bitmap Heap Scan on sbtest7  (cost=34.20..3702.15 rows=953 width=121)
	  Recheck Cond: ((id >= 1502169) AND (id <= 1503168))
	  ->  Bitmap Index Scan on sbtest7_pkey  (cost=0.00..33.97 rows=953 width=0)
	        Index Cond: ((id >= 1502169) AND (id <= 1503168))

table 8 : explain SELECT c FROM sbtest8 WHERE id BETWEEN 7546967 AND 7547966
	Bitmap Heap Scan on sbtest8  (cost=34.29..3729.02 rows=961 width=121)
	  Recheck Cond: ((id >= 7546967) AND (id <= 7547966))
	  ->  Bitmap Index Scan on sbtest8_pkey  (cost=0.00..34.05 rows=961 width=0)
	        Index Cond: ((id >= 7546967) AND (id <= 7547966))

for point_selects
table 1 : explain SELECT c FROM sbtest1 WHERE id=5605581
	Index Scan using sbtest1_pkey on sbtest1  (cost=0.43..8.45 rows=1 width=121)
	  Index Cond: (id = 5605581)

table 2 : explain SELECT c FROM sbtest2 WHERE id=5001830
	Index Scan using sbtest2_pkey on sbtest2  (cost=0.43..8.45 rows=1 width=121)
	  Index Cond: (id = 5001830)

table 3 : explain SELECT c FROM sbtest3 WHERE id=4682040
	Index Scan using sbtest3_pkey on sbtest3  (cost=0.43..8.45 rows=1 width=121)
	  Index Cond: (id = 4682040)

table 4 : explain SELECT c FROM sbtest4 WHERE id=166155
	Index Scan using sbtest4_pkey on sbtest4  (cost=0.43..8.45 rows=1 width=121)
	  Index Cond: (id = 166155)

table 5 : explain SELECT c FROM sbtest5 WHERE id=7531248
	Index Scan using sbtest5_pkey on sbtest5  (cost=0.43..8.45 rows=1 width=121)
	  Index Cond: (id = 7531248)

table 6 : explain SELECT c FROM sbtest6 WHERE id=6036315
	Index Scan using sbtest6_pkey on sbtest6  (cost=0.43..8.45 rows=1 width=121)
	  Index Cond: (id = 6036315)

table 7 : explain SELECT c FROM sbtest7 WHERE id=2848078
	Index Scan using sbtest7_pkey on sbtest7  (cost=0.43..8.45 rows=1 width=121)
	  Index Cond: (id = 2848078)

table 8 : explain SELECT c FROM sbtest8 WHERE id=257410
	Index Scan using sbtest8_pkey on sbtest8  (cost=0.43..8.45 rows=1 width=121)
	  Index Cond: (id = 257410)

for: simple_ranges
table 1 : explain SELECT c FROM sbtest1 WHERE id BETWEEN 271388 AND 272387
	Bitmap Heap Scan on sbtest1  (cost=29.76..3534.02 rows=910 width=121)
	  Recheck Cond: ((id >= 271388) AND (id <= 272387))
	  ->  Bitmap Index Scan on sbtest1_pkey  (cost=0.00..29.54 rows=910 width=0)
	        Index Cond: ((id >= 271388) AND (id <= 272387))

table 2 : explain SELECT c FROM sbtest2 WHERE id BETWEEN 6097166 AND 6098165
	Bitmap Heap Scan on sbtest2  (cost=34.14..3674.85 rows=947 width=121)
	  Recheck Cond: ((id >= 6097166) AND (id <= 6098165))
	  ->  Bitmap Index Scan on sbtest2_pkey  (cost=0.00..33.91 rows=947 width=0)
	        Index Cond: ((id >= 6097166) AND (id <= 6098165))

table 3 : explain SELECT c FROM sbtest3 WHERE id BETWEEN 6752478 AND 6753477
	Bitmap Heap Scan on sbtest3  (cost=34.58..3842.94 rows=990 width=121)
	  Recheck Cond: ((id >= 6752478) AND (id <= 6753477))
	  ->  Bitmap Index Scan on sbtest3_pkey  (cost=0.00..34.34 rows=990 width=0)
	        Index Cond: ((id >= 6752478) AND (id <= 6753477))

table 4 : explain SELECT c FROM sbtest4 WHERE id BETWEEN 1746486 AND 1747485
	Bitmap Heap Scan on sbtest4  (cost=34.79..3918.78 rows=1010 width=121)
	  Recheck Cond: ((id >= 1746486) AND (id <= 1747485))
	  ->  Bitmap Index Scan on sbtest4_pkey  (cost=0.00..34.54 rows=1010 width=0)
	        Index Cond: ((id >= 1746486) AND (id <= 1747485))

table 5 : explain SELECT c FROM sbtest5 WHERE id BETWEEN 9092923 AND 9093922
	Bitmap Heap Scan on sbtest5  (cost=35.31..4110.88 rows=1061 width=121)
	  Recheck Cond: ((id >= 9092923) AND (id <= 9093922))
	  ->  Bitmap Index Scan on sbtest5_pkey  (cost=0.00..35.05 rows=1061 width=0)
	        Index Cond: ((id >= 9092923) AND (id <= 9093922))

table 6 : explain SELECT c FROM sbtest6 WHERE id BETWEEN 4047365 AND 4048364
	Bitmap Heap Scan on sbtest6  (cost=34.01..3628.15 rows=934 width=121)
	  Recheck Cond: ((id >= 4047365) AND (id <= 4048364))
	  ->  Bitmap Index Scan on sbtest6_pkey  (cost=0.00..33.78 rows=934 width=0)
	        Index Cond: ((id >= 4047365) AND (id <= 4048364))

table 7 : explain SELECT c FROM sbtest7 WHERE id BETWEEN 7562929 AND 7563928
	Bitmap Heap Scan on sbtest7  (cost=35.06..4019.40 rows=1037 width=121)
	  Recheck Cond: ((id >= 7562929) AND (id <= 7563928))
	  ->  Bitmap Index Scan on sbtest7_pkey  (cost=0.00..34.81 rows=1037 width=0)
	        Index Cond: ((id >= 7562929) AND (id <= 7563928))

table 8 : explain SELECT c FROM sbtest8 WHERE id BETWEEN 4505850 AND 4506849
	Bitmap Heap Scan on sbtest8  (cost=35.02..4000.54 rows=1033 width=121)
	  Recheck Cond: ((id >= 4505850) AND (id <= 4506849))
	  ->  Bitmap Index Scan on sbtest8_pkey  (cost=0.00..34.77 rows=1033 width=0)
	        Index Cond: ((id >= 4505850) AND (id <= 4506849))

for: sum_ranges
table 1 : explain SELECT SUM(k) FROM sbtest1 WHERE id BETWEEN 7272606 AND 7273605
	Aggregate  (cost=3661.44..3661.45 rows=1 width=8)
	  ->  Bitmap Heap Scan on sbtest1  (cost=34.09..3659.09 rows=942 width=4)
	        Recheck Cond: ((id >= 7272606) AND (id <= 7273605))
	        ->  Bitmap Index Scan on sbtest1_pkey  (cost=0.00..33.86 rows=942 width=0)
	              Index Cond: ((id >= 7272606) AND (id <= 7273605))

table 2 : explain SELECT SUM(k) FROM sbtest2 WHERE id BETWEEN 5859789 AND 5860788
	Aggregate  (cost=3650.76..3650.77 rows=1 width=8)
	  ->  Bitmap Heap Scan on sbtest2  (cost=34.07..3648.41 rows=940 width=4)
	        Recheck Cond: ((id >= 5859789) AND (id <= 5860788))
	        ->  Bitmap Index Scan on sbtest2_pkey  (cost=0.00..33.84 rows=940 width=0)
	              Index Cond: ((id >= 5859789) AND (id <= 5860788))

table 3 : explain SELECT SUM(k) FROM sbtest3 WHERE id BETWEEN 58417 AND 59416
	Aggregate  (cost=4599.53..4599.54 rows=1 width=8)
	  ->  Bitmap Heap Scan on sbtest3  (cost=40.63..4596.55 rows=1190 width=4)
	        Recheck Cond: ((id >= 58417) AND (id <= 59416))
	        ->  Bitmap Index Scan on sbtest3_pkey  (cost=0.00..40.34 rows=1190 width=0)
	              Index Cond: ((id >= 58417) AND (id <= 59416))

table 4 : explain SELECT SUM(k) FROM sbtest4 WHERE id BETWEEN 5728785 AND 5729784
	Aggregate  (cost=3694.33..3694.34 rows=1 width=8)
	  ->  Bitmap Heap Scan on sbtest4  (cost=34.17..3691.95 rows=950 width=4)
	        Recheck Cond: ((id >= 5728785) AND (id <= 5729784))
	        ->  Bitmap Index Scan on sbtest4_pkey  (cost=0.00..33.94 rows=950 width=0)
	              Index Cond: ((id >= 5728785) AND (id <= 5729784))

table 5 : explain SELECT SUM(k) FROM sbtest5 WHERE id BETWEEN 6018474 AND 6019473
	Aggregate  (cost=3682.67..3682.68 rows=1 width=8)
	  ->  Bitmap Heap Scan on sbtest5  (cost=34.14..3680.30 rows=947 width=4)
	        Recheck Cond: ((id >= 6018474) AND (id <= 6019473))
	        ->  Bitmap Index Scan on sbtest5_pkey  (cost=0.00..33.91 rows=947 width=0)
	              Index Cond: ((id >= 6018474) AND (id <= 6019473))

table 6 : explain SELECT SUM(k) FROM sbtest6 WHERE id BETWEEN 9971676 AND 9972675
	Aggregate  (cost=3777.94..3777.95 rows=1 width=8)
	  ->  Bitmap Heap Scan on sbtest6  (cost=34.41..3775.51 rows=973 width=4)
	        Recheck Cond: ((id >= 9971676) AND (id <= 9972675))
	        ->  Bitmap Index Scan on sbtest6_pkey  (cost=0.00..34.17 rows=973 width=0)
	              Index Cond: ((id >= 9971676) AND (id <= 9972675))

table 7 : explain SELECT SUM(k) FROM sbtest7 WHERE id BETWEEN 4615858 AND 4616857
	Aggregate  (cost=4225.61..4225.62 rows=1 width=8)
	  ->  Bitmap Heap Scan on sbtest7  (cost=35.62..4222.88 rows=1091 width=4)
	        Recheck Cond: ((id >= 4615858) AND (id <= 4616857))
	        ->  Bitmap Index Scan on sbtest7_pkey  (cost=0.00..35.34 rows=1091 width=0)
	              Index Cond: ((id >= 4615858) AND (id <= 4616857))

table 8 : explain SELECT SUM(k) FROM sbtest8 WHERE id BETWEEN 3219096 AND 3220095
	Aggregate  (cost=4021.97..4021.98 rows=1 width=8)
	  ->  Bitmap Heap Scan on sbtest8  (cost=35.07..4019.37 rows=1038 width=4)
	        Recheck Cond: ((id >= 3219096) AND (id <= 3220095))
	        ->  Bitmap Index Scan on sbtest8_pkey  (cost=0.00..34.82 rows=1038 width=0)
	              Index Cond: ((id >= 3219096) AND (id <= 3220095))

for point_selects
table 1 : explain SELECT c FROM sbtest1 WHERE id=3842214
	Index Scan using sbtest1_pkey on sbtest1  (cost=0.43..8.45 rows=1 width=121)
	  Index Cond: (id = 3842214)

table 2 : explain SELECT c FROM sbtest2 WHERE id=6367854
	Index Scan using sbtest2_pkey on sbtest2  (cost=0.43..8.45 rows=1 width=121)
	  Index Cond: (id = 6367854)

table 3 : explain SELECT c FROM sbtest3 WHERE id=8648772
	Index Scan using sbtest3_pkey on sbtest3  (cost=0.43..8.45 rows=1 width=121)
	  Index Cond: (id = 8648772)

table 4 : explain SELECT c FROM sbtest4 WHERE id=4252888
	Index Scan using sbtest4_pkey on sbtest4  (cost=0.43..8.45 rows=1 width=121)
	  Index Cond: (id = 4252888)

table 5 : explain SELECT c FROM sbtest5 WHERE id=8167781
	Index Scan using sbtest5_pkey on sbtest5  (cost=0.43..8.45 rows=1 width=121)
	  Index Cond: (id = 8167781)

table 6 : explain SELECT c FROM sbtest6 WHERE id=1086401
	Index Scan using sbtest6_pkey on sbtest6  (cost=0.43..8.45 rows=1 width=121)
	  Index Cond: (id = 1086401)

table 7 : explain SELECT c FROM sbtest7 WHERE id=727838
	Index Scan using sbtest7_pkey on sbtest7  (cost=0.43..8.45 rows=1 width=121)
	  Index Cond: (id = 727838)

table 8 : explain SELECT c FROM sbtest8 WHERE id=7964633
	Index Scan using sbtest8_pkey on sbtest8  (cost=0.43..8.45 rows=1 width=121)
	  Index Cond: (id = 7964633)

for point_selects
table 1 : explain SELECT c FROM sbtest1 WHERE id=5984922
	Index Scan using sbtest1_pkey on sbtest1  (cost=0.43..8.45 rows=1 width=121)
	  Index Cond: (id = 5984922)

table 2 : explain SELECT c FROM sbtest2 WHERE id=3556363
	Index Scan using sbtest2_pkey on sbtest2  (cost=0.43..8.45 rows=1 width=121)
	  Index Cond: (id = 3556363)

table 3 : explain SELECT c FROM sbtest3 WHERE id=5146292
	Index Scan using sbtest3_pkey on sbtest3  (cost=0.43..8.45 rows=1 width=121)
	  Index Cond: (id = 5146292)

table 4 : explain SELECT c FROM sbtest4 WHERE id=1958229
	Index Scan using sbtest4_pkey on sbtest4  (cost=0.43..8.45 rows=1 width=121)
	  Index Cond: (id = 1958229)

table 5 : explain SELECT c FROM sbtest5 WHERE id=4830266
	Index Scan using sbtest5_pkey on sbtest5  (cost=0.43..8.45 rows=1 width=121)
	  Index Cond: (id = 4830266)

table 6 : explain SELECT c FROM sbtest6 WHERE id=4723356
	Index Scan using sbtest6_pkey on sbtest6  (cost=0.43..8.45 rows=1 width=121)
	  Index Cond: (id = 4723356)

table 7 : explain SELECT c FROM sbtest7 WHERE id=4633615
	Index Scan using sbtest7_pkey on sbtest7  (cost=0.43..8.45 rows=1 width=121)
	  Index Cond: (id = 4633615)

table 8 : explain SELECT c FROM sbtest8 WHERE id=5818931
	Index Scan using sbtest8_pkey on sbtest8  (cost=0.43..8.45 rows=1 width=121)
	  Index Cond: (id = 5818931)

for: simple_ranges
table 1 : explain SELECT c FROM sbtest1 WHERE id BETWEEN 6353856 AND 6354855
	Bitmap Heap Scan on sbtest1  (cost=34.05..3643.96 rows=938 width=121)
	  Recheck Cond: ((id >= 6353856) AND (id <= 6354855))
	  ->  Bitmap Index Scan on sbtest1_pkey  (cost=0.00..33.82 rows=938 width=0)
	        Index Cond: ((id >= 6353856) AND (id <= 6354855))

table 2 : explain SELECT c FROM sbtest2 WHERE id BETWEEN 842213 AND 843212
	Bitmap Heap Scan on sbtest2  (cost=34.37..3757.88 rows=969 width=121)
	  Recheck Cond: ((id >= 842213) AND (id <= 843212))
	  ->  Bitmap Index Scan on sbtest2_pkey  (cost=0.00..34.12 rows=969 width=0)
	        Index Cond: ((id >= 842213) AND (id <= 843212))

table 3 : explain SELECT c FROM sbtest3 WHERE id BETWEEN 8751167 AND 8752166
	Bitmap Heap Scan on sbtest3  (cost=34.65..3869.39 rows=997 width=121)
	  Recheck Cond: ((id >= 8751167) AND (id <= 8752166))
	  ->  Bitmap Index Scan on sbtest3_pkey  (cost=0.00..34.41 rows=997 width=0)
	        Index Cond: ((id >= 8751167) AND (id <= 8752166))

table 4 : explain SELECT c FROM sbtest4 WHERE id BETWEEN 4854877 AND 4855876
	Bitmap Heap Scan on sbtest4  (cost=40.09..4401.46 rows=1137 width=121)
	  Recheck Cond: ((id >= 4854877) AND (id <= 4855876))
	  ->  Bitmap Index Scan on sbtest4_pkey  (cost=0.00..39.81 rows=1137 width=0)
	        Index Cond: ((id >= 4854877) AND (id <= 4855876))

table 5 : explain SELECT c FROM sbtest5 WHERE id BETWEEN 8097251 AND 8098250
	Bitmap Heap Scan on sbtest5  (cost=34.06..3650.02 rows=939 width=121)
	  Recheck Cond: ((id >= 8097251) AND (id <= 8098250))
	  ->  Bitmap Index Scan on sbtest5_pkey  (cost=0.00..33.83 rows=939 width=0)
	        Index Cond: ((id >= 8097251) AND (id <= 8098250))

table 6 : explain SELECT c FROM sbtest6 WHERE id BETWEEN 4030011 AND 4031010
	Bitmap Heap Scan on sbtest6  (cost=34.01..3628.15 rows=934 width=121)
	  Recheck Cond: ((id >= 4030011) AND (id <= 4031010))
	  ->  Bitmap Index Scan on sbtest6_pkey  (cost=0.00..33.78 rows=934 width=0)
	        Index Cond: ((id >= 4030011) AND (id <= 4031010))

table 7 : explain SELECT c FROM sbtest7 WHERE id BETWEEN 9654549 AND 9655548
	Bitmap Heap Scan on sbtest7  (cost=34.66..3872.21 rows=998 width=121)
	  Recheck Cond: ((id >= 9654549) AND (id <= 9655548))
	  ->  Bitmap Index Scan on sbtest7_pkey  (cost=0.00..34.42 rows=998 width=0)
	        Index Cond: ((id >= 9654549) AND (id <= 9655548))

table 8 : explain SELECT c FROM sbtest8 WHERE id BETWEEN 3458962 AND 3459961
	Bitmap Heap Scan on sbtest8  (cost=35.18..4057.03 rows=1048 width=121)
	  Recheck Cond: ((id >= 3458962) AND (id <= 3459961))
	  ->  Bitmap Index Scan on sbtest8_pkey  (cost=0.00..34.92 rows=1048 width=0)
	        Index Cond: ((id >= 3458962) AND (id <= 3459961))

for: sum_ranges
table 1 : explain SELECT SUM(k) FROM sbtest1 WHERE id BETWEEN 7890333 AND 7891332
	Aggregate  (cost=3895.78..3895.79 rows=1 width=8)
	  ->  Bitmap Heap Scan on sbtest1  (cost=34.73..3893.27 rows=1004 width=4)
	        Recheck Cond: ((id >= 7890333) AND (id <= 7891332))
	        ->  Bitmap Index Scan on sbtest1_pkey  (cost=0.00..34.48 rows=1004 width=0)
	              Index Cond: ((id >= 7890333) AND (id <= 7891332))

table 2 : explain SELECT SUM(k) FROM sbtest2 WHERE id BETWEEN 9161756 AND 9162755
	Aggregate  (cost=3714.99..3715.00 rows=1 width=8)
	  ->  Bitmap Heap Scan on sbtest2  (cost=34.24..3712.59 rows=957 width=4)
	        Recheck Cond: ((id >= 9161756) AND (id <= 9162755))
	        ->  Bitmap Index Scan on sbtest2_pkey  (cost=0.00..34.01 rows=957 width=0)
	              Index Cond: ((id >= 9161756) AND (id <= 9162755))

table 3 : explain SELECT SUM(k) FROM sbtest3 WHERE id BETWEEN 5664111 AND 5665110
	Aggregate  (cost=4155.06..4155.07 rows=1 width=8)
	  ->  Bitmap Heap Scan on sbtest3  (cost=35.42..4152.38 rows=1072 width=4)
	        Recheck Cond: ((id >= 5664111) AND (id <= 5665110))
	        ->  Bitmap Index Scan on sbtest3_pkey  (cost=0.00..35.16 rows=1072 width=0)
	              Index Cond: ((id >= 5664111) AND (id <= 5665110))

table 4 : explain SELECT SUM(k) FROM sbtest4 WHERE id BETWEEN 4739383 AND 4740382
	Aggregate  (cost=3584.46..3584.47 rows=1 width=8)
	  ->  Bitmap Heap Scan on sbtest4  (cost=33.88..3582.16 rows=921 width=4)
	        Recheck Cond: ((id >= 4739383) AND (id <= 4740382))
	        ->  Bitmap Index Scan on sbtest4_pkey  (cost=0.00..33.65 rows=921 width=0)
	              Index Cond: ((id >= 4739383) AND (id <= 4740382))

table 5 : explain SELECT SUM(k) FROM sbtest5 WHERE id BETWEEN 4132529 AND 4133528
	Aggregate  (cost=3886.96..3886.97 rows=1 width=8)
	  ->  Bitmap Heap Scan on sbtest5  (cost=34.70..3884.46 rows=1001 width=4)
	        Recheck Cond: ((id >= 4132529) AND (id <= 4133528))
	        ->  Bitmap Index Scan on sbtest5_pkey  (cost=0.00..34.45 rows=1001 width=0)
	              Index Cond: ((id >= 4132529) AND (id <= 4133528))

table 6 : explain SELECT SUM(k) FROM sbtest6 WHERE id BETWEEN 7931587 AND 7932586
	Aggregate  (cost=3925.21..3925.22 rows=1 width=8)
	  ->  Bitmap Heap Scan on sbtest6  (cost=34.81..3922.68 rows=1012 width=4)
	        Recheck Cond: ((id >= 7931587) AND (id <= 7932586))
	        ->  Bitmap Index Scan on sbtest6_pkey  (cost=0.00..34.56 rows=1012 width=0)
	              Index Cond: ((id >= 7931587) AND (id <= 7932586))

table 7 : explain SELECT SUM(k) FROM sbtest7 WHERE id BETWEEN 8686059 AND 8687058
	Aggregate  (cost=3821.79..3821.80 rows=1 width=8)
	  ->  Bitmap Heap Scan on sbtest7  (cost=34.52..3819.33 rows=984 width=4)
	        Recheck Cond: ((id >= 8686059) AND (id <= 8687058))
	        ->  Bitmap Index Scan on sbtest7_pkey  (cost=0.00..34.28 rows=984 width=0)
	              Index Cond: ((id >= 8686059) AND (id <= 8687058))

table 8 : explain SELECT SUM(k) FROM sbtest8 WHERE id BETWEEN 5895997 AND 5896996
	Aggregate  (cost=3818.29..3818.30 rows=1 width=8)
	  ->  Bitmap Heap Scan on sbtest8  (cost=34.52..3815.83 rows=984 width=4)
	        Recheck Cond: ((id >= 5895997) AND (id <= 5896996))
	        ->  Bitmap Index Scan on sbtest8_pkey  (cost=0.00..34.28 rows=984 width=0)
	              Index Cond: ((id >= 5895997) AND (id <= 5896996))

for: simple_ranges
table 1 : explain SELECT c FROM sbtest1 WHERE id BETWEEN 5016560 AND 5017559
	Bitmap Heap Scan on sbtest1  (cost=34.19..3696.89 rows=952 width=121)
	  Recheck Cond: ((id >= 5016560) AND (id <= 5017559))
	  ->  Bitmap Index Scan on sbtest1_pkey  (cost=0.00..33.95 rows=952 width=0)
	        Index Cond: ((id >= 5016560) AND (id <= 5017559))

table 2 : explain SELECT c FROM sbtest2 WHERE id BETWEEN 1795132 AND 1796131
	Bitmap Heap Scan on sbtest2  (cost=34.79..3912.44 rows=1010 width=121)
	  Recheck Cond: ((id >= 1795132) AND (id <= 1796131))
	  ->  Bitmap Index Scan on sbtest2_pkey  (cost=0.00..34.54 rows=1010 width=0)
	        Index Cond: ((id >= 1795132) AND (id <= 1796131))

table 3 : explain SELECT c FROM sbtest3 WHERE id BETWEEN 8631662 AND 8632661
	Bitmap Heap Scan on sbtest3  (cost=34.70..3884.50 rows=1001 width=121)
	  Recheck Cond: ((id >= 8631662) AND (id <= 8632661))
	  ->  Bitmap Index Scan on sbtest3_pkey  (cost=0.00..34.45 rows=1001 width=0)
	        Index Cond: ((id >= 8631662) AND (id <= 8632661))

table 4 : explain SELECT c FROM sbtest4 WHERE id BETWEEN 2261207 AND 2262206
	Bitmap Heap Scan on sbtest4  (cost=34.22..3710.87 rows=955 width=121)
	  Recheck Cond: ((id >= 2261207) AND (id <= 2262206))
	  ->  Bitmap Index Scan on sbtest4_pkey  (cost=0.00..33.98 rows=955 width=0)
	        Index Cond: ((id >= 2261207) AND (id <= 2262206))

table 5 : explain SELECT c FROM sbtest5 WHERE id BETWEEN 8685618 AND 8686617
	Bitmap Heap Scan on sbtest5  (cost=34.79..3918.45 rows=1010 width=121)
	  Recheck Cond: ((id >= 8685618) AND (id <= 8686617))
	  ->  Bitmap Index Scan on sbtest5_pkey  (cost=0.00..34.54 rows=1010 width=0)
	        Index Cond: ((id >= 8685618) AND (id <= 8686617))

table 6 : explain SELECT c FROM sbtest6 WHERE id BETWEEN 9593376 AND 9594375
	Bitmap Heap Scan on sbtest6  (cost=39.80..4291.89 rows=1109 width=121)
	  Recheck Cond: ((id >= 9593376) AND (id <= 9594375))
	  ->  Bitmap Index Scan on sbtest6_pkey  (cost=0.00..39.53 rows=1109 width=0)
	        Index Cond: ((id >= 9593376) AND (id <= 9594375))

table 7 : explain SELECT c FROM sbtest7 WHERE id BETWEEN 283770 AND 284769
	Bitmap Heap Scan on sbtest7  (cost=40.19..4433.80 rows=1147 width=121)
	  Recheck Cond: ((id >= 283770) AND (id <= 284769))
	  ->  Bitmap Index Scan on sbtest7_pkey  (cost=0.00..39.91 rows=1147 width=0)
	        Index Cond: ((id >= 283770) AND (id <= 284769))

table 8 : explain SELECT c FROM sbtest8 WHERE id BETWEEN 4638953 AND 4639952
	Bitmap Heap Scan on sbtest8  (cost=34.09..3657.26 rows=942 width=121)
	  Recheck Cond: ((id >= 4638953) AND (id <= 4639952))
	  ->  Bitmap Index Scan on sbtest8_pkey  (cost=0.00..33.86 rows=942 width=0)
	        Index Cond: ((id >= 4638953) AND (id <= 4639952))

for: sum_ranges
table 1 : explain SELECT SUM(k) FROM sbtest1 WHERE id BETWEEN 1574817 AND 1575816
	Aggregate  (cost=3699.27..3699.28 rows=1 width=8)
	  ->  Bitmap Heap Scan on sbtest1  (cost=34.19..3696.89 rows=952 width=4)
	        Recheck Cond: ((id >= 1574817) AND (id <= 1575816))
	        ->  Bitmap Index Scan on sbtest1_pkey  (cost=0.00..33.95 rows=952 width=0)
	              Index Cond: ((id >= 1574817) AND (id <= 1575816))

table 2 : explain SELECT SUM(k) FROM sbtest2 WHERE id BETWEEN 9372909 AND 9373908
	Aggregate  (cost=4012.94..4012.95 rows=1 width=8)
	  ->  Bitmap Heap Scan on sbtest2  (cost=35.05..4010.35 rows=1036 width=4)
	        Recheck Cond: ((id >= 9372909) AND (id <= 9373908))
	        ->  Bitmap Index Scan on sbtest2_pkey  (cost=0.00..34.80 rows=1036 width=0)
	              Index Cond: ((id >= 9372909) AND (id <= 9373908))

table 3 : explain SELECT SUM(k) FROM sbtest3 WHERE id BETWEEN 9126010 AND 9127009
	Aggregate  (cost=4151.29..4151.30 rows=1 width=8)
	  ->  Bitmap Heap Scan on sbtest3  (cost=35.41..4148.62 rows=1071 width=4)
	        Recheck Cond: ((id >= 9126010) AND (id <= 9127009))
	        ->  Bitmap Index Scan on sbtest3_pkey  (cost=0.00..35.15 rows=1071 width=0)
	              Index Cond: ((id >= 9126010) AND (id <= 9127009))

table 4 : explain SELECT SUM(k) FROM sbtest4 WHERE id BETWEEN 807069 AND 808068
	Aggregate  (cost=3826.79..3826.80 rows=1 width=8)
	  ->  Bitmap Heap Scan on sbtest4  (cost=34.53..3824.33 rows=985 width=4)
	        Recheck Cond: ((id >= 807069) AND (id <= 808068))
	        ->  Bitmap Index Scan on sbtest4_pkey  (cost=0.00..34.29 rows=985 width=0)
	              Index Cond: ((id >= 807069) AND (id <= 808068))

table 5 : explain SELECT SUM(k) FROM sbtest5 WHERE id BETWEEN 5641822 AND 5642821
	Aggregate  (cost=3584.17..3584.18 rows=1 width=8)
	  ->  Bitmap Heap Scan on sbtest5  (cost=33.88..3581.87 rows=921 width=4)
	        Recheck Cond: ((id >= 5641822) AND (id <= 5642821))
	        ->  Bitmap Index Scan on sbtest5_pkey  (cost=0.00..33.65 rows=921 width=0)
	              Index Cond: ((id >= 5641822) AND (id <= 5642821))

table 6 : explain SELECT SUM(k) FROM sbtest6 WHERE id BETWEEN 1736176 AND 1737175
	Aggregate  (cost=3804.39..3804.40 rows=1 width=8)
	  ->  Bitmap Heap Scan on sbtest6  (cost=34.48..3801.94 rows=980 width=4)
	        Recheck Cond: ((id >= 1736176) AND (id <= 1737175))
	        ->  Bitmap Index Scan on sbtest6_pkey  (cost=0.00..34.23 rows=980 width=0)
	              Index Cond: ((id >= 1736176) AND (id <= 1737175))

table 7 : explain SELECT SUM(k) FROM sbtest7 WHERE id BETWEEN 6140924 AND 6141923
	Aggregate  (cost=4172.85..4172.86 rows=1 width=8)
	  ->  Bitmap Heap Scan on sbtest7  (cost=35.47..4170.16 rows=1077 width=4)
	        Recheck Cond: ((id >= 6140924) AND (id <= 6141923))
	        ->  Bitmap Index Scan on sbtest7_pkey  (cost=0.00..35.20 rows=1077 width=0)
	              Index Cond: ((id >= 6140924) AND (id <= 6141923))

table 8 : explain SELECT SUM(k) FROM sbtest8 WHERE id BETWEEN 6884124 AND 6885123
	Aggregate  (cost=3871.13..3871.14 rows=1 width=8)
	  ->  Bitmap Heap Scan on sbtest8  (cost=34.66..3868.63 rows=998 width=4)
	        Recheck Cond: ((id >= 6884124) AND (id <= 6885123))
	        ->  Bitmap Index Scan on sbtest8_pkey  (cost=0.00..34.42 rows=998 width=0)
	              Index Cond: ((id >= 6884124) AND (id <= 6885123))

for: simple_ranges
table 1 : explain SELECT c FROM sbtest1 WHERE id BETWEEN 1628566 AND 1629565
	Bitmap Heap Scan on sbtest1  (cost=35.39..4138.27 rows=1069 width=121)
	  Recheck Cond: ((id >= 1628566) AND (id <= 1629565))
	  ->  Bitmap Index Scan on sbtest1_pkey  (cost=0.00..35.12 rows=1069 width=0)
	        Index Cond: ((id >= 1628566) AND (id <= 1629565))

table 2 : explain SELECT c FROM sbtest2 WHERE id BETWEEN 5920053 AND 5921052
	Bitmap Heap Scan on sbtest2  (cost=34.57..3833.30 rows=989 width=121)
	  Recheck Cond: ((id >= 5920053) AND (id <= 5921052))
	  ->  Bitmap Index Scan on sbtest2_pkey  (cost=0.00..34.33 rows=989 width=0)
	        Index Cond: ((id >= 5920053) AND (id <= 5921052))

table 3 : explain SELECT c FROM sbtest3 WHERE id BETWEEN 7456100 AND 7457099
	Bitmap Heap Scan on sbtest3  (cost=34.54..3827.82 rows=986 width=121)
	  Recheck Cond: ((id >= 7456100) AND (id <= 7457099))
	  ->  Bitmap Index Scan on sbtest3_pkey  (cost=0.00..34.30 rows=986 width=0)
	        Index Cond: ((id >= 7456100) AND (id <= 7457099))

table 4 : explain SELECT c FROM sbtest4 WHERE id BETWEEN 5571490 AND 5572489
	Bitmap Heap Scan on sbtest4  (cost=34.95..3979.20 rows=1026 width=121)
	  Recheck Cond: ((id >= 5571490) AND (id <= 5572489))
	  ->  Bitmap Index Scan on sbtest4_pkey  (cost=0.00..34.70 rows=1026 width=0)
	        Index Cond: ((id >= 5571490) AND (id <= 5572489))

table 5 : explain SELECT c FROM sbtest5 WHERE id BETWEEN 9460772 AND 9461771
	Bitmap Heap Scan on sbtest5  (cost=34.47..3801.33 rows=979 width=121)
	  Recheck Cond: ((id >= 9460772) AND (id <= 9461771))
	  ->  Bitmap Index Scan on sbtest5_pkey  (cost=0.00..34.23 rows=979 width=0)
	        Index Cond: ((id >= 9460772) AND (id <= 9461771))

table 6 : explain SELECT c FROM sbtest6 WHERE id BETWEEN 8092945 AND 8093944
	Bitmap Heap Scan on sbtest6  (cost=34.86..3941.53 rows=1017 width=121)
	  Recheck Cond: ((id >= 8092945) AND (id <= 8093944))
	  ->  Bitmap Index Scan on sbtest6_pkey  (cost=0.00..34.61 rows=1017 width=0)
	        Index Cond: ((id >= 8092945) AND (id <= 8093944))

table 7 : explain SELECT c FROM sbtest7 WHERE id BETWEEN 2398717 AND 2399716
	Bitmap Heap Scan on sbtest7  (cost=34.86..3943.94 rows=1017 width=121)
	  Recheck Cond: ((id >= 2398717) AND (id <= 2399716))
	  ->  Bitmap Index Scan on sbtest7_pkey  (cost=0.00..34.61 rows=1017 width=0)
	        Index Cond: ((id >= 2398717) AND (id <= 2399716))

table 8 : explain SELECT c FROM sbtest8 WHERE id BETWEEN 5480715 AND 5481714
	Bitmap Heap Scan on sbtest8  (cost=34.78..3910.11 rows=1009 width=121)
	  Recheck Cond: ((id >= 5480715) AND (id <= 5481714))
	  ->  Bitmap Index Scan on sbtest8_pkey  (cost=0.00..34.53 rows=1009 width=0)
	        Index Cond: ((id >= 5480715) AND (id <= 5481714))

for: sum_ranges
table 1 : explain SELECT SUM(k) FROM sbtest1 WHERE id BETWEEN 2852024 AND 2853023
	Aggregate  (cost=4042.94..4042.95 rows=1 width=8)
	  ->  Bitmap Heap Scan on sbtest1  (cost=35.13..4040.33 rows=1043 width=4)
	        Recheck Cond: ((id >= 2852024) AND (id <= 2853023))
	        ->  Bitmap Index Scan on sbtest1_pkey  (cost=0.00..34.87 rows=1043 width=0)
	              Index Cond: ((id >= 2852024) AND (id <= 2853023))

table 2 : explain SELECT SUM(k) FROM sbtest2 WHERE id BETWEEN 225471 AND 226470
	Aggregate  (cost=3971.50..3971.51 rows=1 width=8)
	  ->  Bitmap Heap Scan on sbtest2  (cost=34.94..3968.94 rows=1025 width=4)
	        Recheck Cond: ((id >= 225471) AND (id <= 226470))
	        ->  Bitmap Index Scan on sbtest2_pkey  (cost=0.00..34.69 rows=1025 width=0)
	              Index Cond: ((id >= 225471) AND (id <= 226470))

table 3 : explain SELECT SUM(k) FROM sbtest3 WHERE id BETWEEN 3602712 AND 3603711
	Aggregate  (cost=3939.91..3939.92 rows=1 width=8)
	  ->  Bitmap Heap Scan on sbtest3  (cost=34.84..3937.37 rows=1015 width=4)
	        Recheck Cond: ((id >= 3602712) AND (id <= 3603711))
	        ->  Bitmap Index Scan on sbtest3_pkey  (cost=0.00..34.59 rows=1015 width=0)
	              Index Cond: ((id >= 3602712) AND (id <= 3603711))

table 4 : explain SELECT SUM(k) FROM sbtest4 WHERE id BETWEEN 2434343 AND 2435342
	Aggregate  (cost=3592.04..3592.05 rows=1 width=8)
	  ->  Bitmap Heap Scan on sbtest4  (cost=33.90..3589.73 rows=923 width=4)
	        Recheck Cond: ((id >= 2434343) AND (id <= 2435342))
	        ->  Bitmap Index Scan on sbtest4_pkey  (cost=0.00..33.67 rows=923 width=0)
	              Index Cond: ((id >= 2434343) AND (id <= 2435342))

table 5 : explain SELECT SUM(k) FROM sbtest5 WHERE id BETWEEN 9884170 AND 9885169
	Aggregate  (cost=3860.50..3860.51 rows=1 width=8)
	  ->  Bitmap Heap Scan on sbtest5  (cost=34.62..3858.01 rows=994 width=4)
	        Recheck Cond: ((id >= 9884170) AND (id <= 9885169))
	        ->  Bitmap Index Scan on sbtest5_pkey  (cost=0.00..34.38 rows=994 width=0)
	              Index Cond: ((id >= 9884170) AND (id <= 9885169))

table 6 : explain SELECT SUM(k) FROM sbtest6 WHERE id BETWEEN 5561123 AND 5562122
	Aggregate  (cost=3898.79..3898.80 rows=1 width=8)
	  ->  Bitmap Heap Scan on sbtest6  (cost=34.74..3896.28 rows=1005 width=4)
	        Recheck Cond: ((id >= 5561123) AND (id <= 5562122))
	        ->  Bitmap Index Scan on sbtest6_pkey  (cost=0.00..34.48 rows=1005 width=0)
	              Index Cond: ((id >= 5561123) AND (id <= 5562122))

table 7 : explain SELECT SUM(k) FROM sbtest7 WHERE id BETWEEN 7962543 AND 7963542
	Aggregate  (cost=3696.96..3696.97 rows=1 width=8)
	  ->  Bitmap Heap Scan on sbtest7  (cost=34.18..3694.58 rows=951 width=4)
	        Recheck Cond: ((id >= 7962543) AND (id <= 7963542))
	        ->  Bitmap Index Scan on sbtest7_pkey  (cost=0.00..33.95 rows=951 width=0)
	              Index Cond: ((id >= 7962543) AND (id <= 7963542))

table 8 : explain SELECT SUM(k) FROM sbtest8 WHERE id BETWEEN 5948662 AND 5949661
	Aggregate  (cost=3818.29..3818.30 rows=1 width=8)
	  ->  Bitmap Heap Scan on sbtest8  (cost=34.52..3815.83 rows=984 width=4)
	        Recheck Cond: ((id >= 5948662) AND (id <= 5949661))
	        ->  Bitmap Index Scan on sbtest8_pkey  (cost=0.00..34.28 rows=984 width=0)
	              Index Cond: ((id >= 5948662) AND (id <= 5949661))

for: order_ranges
table 1 : explain SELECT c FROM sbtest1 WHERE id BETWEEN 563754 AND 564753 ORDER BY c
	Sort  (cost=4081.14..4083.74 rows=1040 width=121)
	  Sort Key: c
	  ->  Bitmap Heap Scan on sbtest1  (cost=35.09..4029.03 rows=1040 width=121)
	        Recheck Cond: ((id >= 563754) AND (id <= 564753))
	        ->  Bitmap Index Scan on sbtest1_pkey  (cost=0.00..34.84 rows=1040 width=0)
	              Index Cond: ((id >= 563754) AND (id <= 564753))

table 2 : explain SELECT c FROM sbtest2 WHERE id BETWEEN 9430711 AND 9431710 ORDER BY c
	Sort  (cost=3414.53..3416.70 rows=868 width=121)
	  Sort Key: c
	  ->  Bitmap Heap Scan on sbtest2  (cost=29.33..3372.16 rows=868 width=121)
	        Recheck Cond: ((id >= 9430711) AND (id <= 9431710))
	        ->  Bitmap Index Scan on sbtest2_pkey  (cost=0.00..29.11 rows=868 width=0)
	              Index Cond: ((id >= 9430711) AND (id <= 9431710))

table 3 : explain SELECT c FROM sbtest3 WHERE id BETWEEN 2414398 AND 2415397 ORDER BY c
	Sort  (cost=3915.21..3917.70 rows=996 width=121)
	  Sort Key: c
	  ->  Bitmap Heap Scan on sbtest3  (cost=34.64..3865.61 rows=996 width=121)
	        Recheck Cond: ((id >= 2414398) AND (id <= 2415397))
	        ->  Bitmap Index Scan on sbtest3_pkey  (cost=0.00..34.40 rows=996 width=0)
	              Index Cond: ((id >= 2414398) AND (id <= 2415397))

table 4 : explain SELECT c FROM sbtest4 WHERE id BETWEEN 1242629 AND 1243628 ORDER BY c
	Sort  (cost=3992.19..3994.73 rows=1016 width=121)
	  Sort Key: c
	  ->  Bitmap Heap Scan on sbtest4  (cost=34.85..3941.44 rows=1016 width=121)
	        Recheck Cond: ((id >= 1242629) AND (id <= 1243628))
	        ->  Bitmap Index Scan on sbtest4_pkey  (cost=0.00..34.59 rows=1016 width=0)
	              Index Cond: ((id >= 1242629) AND (id <= 1243628))

table 5 : explain SELECT c FROM sbtest5 WHERE id BETWEEN 1529280 AND 1530279 ORDER BY c
	Sort  (cost=3865.31..3867.76 rows=983 width=121)
	  Sort Key: c
	  ->  Bitmap Heap Scan on sbtest5  (cost=34.51..3816.45 rows=983 width=121)
	        Recheck Cond: ((id >= 1529280) AND (id <= 1530279))
	        ->  Bitmap Index Scan on sbtest5_pkey  (cost=0.00..34.27 rows=983 width=0)
	              Index Cond: ((id >= 1529280) AND (id <= 1530279))

table 6 : explain SELECT c FROM sbtest6 WHERE id BETWEEN 8742029 AND 8743028 ORDER BY c
	Sort  (cost=4282.89..4285.62 rows=1093 width=121)
	  Sort Key: c
	  ->  Bitmap Heap Scan on sbtest6  (cost=35.64..4227.73 rows=1093 width=121)
	        Recheck Cond: ((id >= 8742029) AND (id <= 8743028))
	        ->  Bitmap Index Scan on sbtest6_pkey  (cost=0.00..35.37 rows=1093 width=0)
	              Index Cond: ((id >= 8742029) AND (id <= 8743028))

table 7 : explain SELECT c FROM sbtest7 WHERE id BETWEEN 9555200 AND 9556199 ORDER BY c
	Sort  (cost=4220.58..4223.27 rows=1076 width=121)
	  Sort Key: c
	  ->  Bitmap Heap Scan on sbtest7  (cost=35.46..4166.39 rows=1076 width=121)
	        Recheck Cond: ((id >= 9555200) AND (id <= 9556199))
	        ->  Bitmap Index Scan on sbtest7_pkey  (cost=0.00..35.20 rows=1076 width=0)
	              Index Cond: ((id >= 9555200) AND (id <= 9556199))

table 8 : explain SELECT c FROM sbtest8 WHERE id BETWEEN 780147 AND 781146 ORDER BY c
	Sort  (cost=3964.28..3966.80 rows=1010 width=121)
	  Sort Key: c
	  ->  Bitmap Heap Scan on sbtest8  (cost=34.79..3913.88 rows=1010 width=121)
	        Recheck Cond: ((id >= 780147) AND (id <= 781146))
	        ->  Bitmap Index Scan on sbtest8_pkey  (cost=0.00..34.54 rows=1010 width=0)
	              Index Cond: ((id >= 780147) AND (id <= 781146))

for point_selects
table 1 : explain SELECT c FROM sbtest1 WHERE id=9957332
	Index Scan using sbtest1_pkey on sbtest1  (cost=0.43..8.45 rows=1 width=121)
	  Index Cond: (id = 9957332)

table 2 : explain SELECT c FROM sbtest2 WHERE id=3483631
	Index Scan using sbtest2_pkey on sbtest2  (cost=0.43..8.45 rows=1 width=121)
	  Index Cond: (id = 3483631)

table 3 : explain SELECT c FROM sbtest3 WHERE id=7047365
	Index Scan using sbtest3_pkey on sbtest3  (cost=0.43..8.45 rows=1 width=121)
	  Index Cond: (id = 7047365)

table 4 : explain SELECT c FROM sbtest4 WHERE id=7086363
	Index Scan using sbtest4_pkey on sbtest4  (cost=0.43..8.45 rows=1 width=121)
	  Index Cond: (id = 7086363)

table 5 : explain SELECT c FROM sbtest5 WHERE id=8862959
	Index Scan using sbtest5_pkey on sbtest5  (cost=0.43..8.45 rows=1 width=121)
	  Index Cond: (id = 8862959)

table 6 : explain SELECT c FROM sbtest6 WHERE id=5728984
	Index Scan using sbtest6_pkey on sbtest6  (cost=0.43..8.45 rows=1 width=121)
	  Index Cond: (id = 5728984)

table 7 : explain SELECT c FROM sbtest7 WHERE id=2051046
	Index Scan using sbtest7_pkey on sbtest7  (cost=0.43..8.45 rows=1 width=121)
	  Index Cond: (id = 2051046)

table 8 : explain SELECT c FROM sbtest8 WHERE id=6674309
	Index Scan using sbtest8_pkey on sbtest8  (cost=0.43..8.45 rows=1 width=121)
	  Index Cond: (id = 6674309)

for: sum_ranges
table 1 : explain SELECT SUM(k) FROM sbtest1 WHERE id BETWEEN 2295555 AND 2296554
	Aggregate  (cost=3929.76..3929.77 rows=1 width=8)
	  ->  Bitmap Heap Scan on sbtest1  (cost=34.82..3927.23 rows=1013 width=4)
	        Recheck Cond: ((id >= 2295555) AND (id <= 2296554))
	        ->  Bitmap Index Scan on sbtest1_pkey  (cost=0.00..34.57 rows=1013 width=0)
	              Index Cond: ((id >= 2295555) AND (id <= 2296554))

table 2 : explain SELECT SUM(k) FROM sbtest2 WHERE id BETWEEN 6454797 AND 6455796
	Aggregate  (cost=3930.05..3930.06 rows=1 width=8)
	  ->  Bitmap Heap Scan on sbtest2  (cost=34.83..3927.51 rows=1014 width=4)
	        Recheck Cond: ((id >= 6454797) AND (id <= 6455796))
	        ->  Bitmap Index Scan on sbtest2_pkey  (cost=0.00..34.58 rows=1014 width=0)
	              Index Cond: ((id >= 6454797) AND (id <= 6455796))

table 3 : explain SELECT SUM(k) FROM sbtest3 WHERE id BETWEEN 6122761 AND 6123760
	Aggregate  (cost=4011.67..4011.68 rows=1 width=8)
	  ->  Bitmap Heap Scan on sbtest3  (cost=35.03..4009.08 rows=1034 width=4)
	        Recheck Cond: ((id >= 6122761) AND (id <= 6123760))
	        ->  Bitmap Index Scan on sbtest3_pkey  (cost=0.00..34.78 rows=1034 width=0)
	              Index Cond: ((id >= 6122761) AND (id <= 6123760))

table 4 : explain SELECT SUM(k) FROM sbtest4 WHERE id BETWEEN 2872955 AND 2873954
	Aggregate  (cost=3872.17..3872.18 rows=1 width=8)
	  ->  Bitmap Heap Scan on sbtest4  (cost=34.65..3869.68 rows=997 width=4)
	        Recheck Cond: ((id >= 2872955) AND (id <= 2873954))
	        ->  Bitmap Index Scan on sbtest4_pkey  (cost=0.00..34.41 rows=997 width=0)
	              Index Cond: ((id >= 2872955) AND (id <= 2873954))

table 5 : explain SELECT SUM(k) FROM sbtest5 WHERE id BETWEEN 2853934 AND 2854933
	Aggregate  (cost=3905.86..3905.87 rows=1 width=8)
	  ->  Bitmap Heap Scan on sbtest5  (cost=34.75..3903.34 rows=1006 width=4)
	        Recheck Cond: ((id >= 2853934) AND (id <= 2854933))
	        ->  Bitmap Index Scan on sbtest5_pkey  (cost=0.00..34.50 rows=1006 width=0)
	              Index Cond: ((id >= 2853934) AND (id <= 2854933))

table 6 : explain SELECT SUM(k) FROM sbtest6 WHERE id BETWEEN 1938082 AND 1939081
	Aggregate  (cost=3883.69..3883.70 rows=1 width=8)
	  ->  Bitmap Heap Scan on sbtest6  (cost=34.70..3881.19 rows=1001 width=4)
	        Recheck Cond: ((id >= 1938082) AND (id <= 1939081))
	        ->  Bitmap Index Scan on sbtest6_pkey  (cost=0.00..34.45 rows=1001 width=0)
	              Index Cond: ((id >= 1938082) AND (id <= 1939081))

table 7 : explain SELECT SUM(k) FROM sbtest7 WHERE id BETWEEN 4922400 AND 4923399
	Aggregate  (cost=3651.53..3651.54 rows=1 width=8)
	  ->  Bitmap Heap Scan on sbtest7  (cost=34.06..3649.19 rows=939 width=4)
	        Recheck Cond: ((id >= 4922400) AND (id <= 4923399))
	        ->  Bitmap Index Scan on sbtest7_pkey  (cost=0.00..33.83 rows=939 width=0)
	              Index Cond: ((id >= 4922400) AND (id <= 4923399))

table 8 : explain SELECT SUM(k) FROM sbtest8 WHERE id BETWEEN 7570856 AND 7571855
	Aggregate  (cost=3731.42..3731.43 rows=1 width=8)
	  ->  Bitmap Heap Scan on sbtest8  (cost=34.29..3729.02 rows=961 width=4)
	        Recheck Cond: ((id >= 7570856) AND (id <= 7571855))
	        ->  Bitmap Index Scan on sbtest8_pkey  (cost=0.00..34.05 rows=961 width=0)
	              Index Cond: ((id >= 7570856) AND (id <= 7571855))

for: order_ranges
table 1 : explain SELECT c FROM sbtest1 WHERE id BETWEEN 1144017 AND 1145016 ORDER BY c
	Sort  (cost=4230.27..4232.97 rows=1079 width=121)
	  Sort Key: c
	  ->  Bitmap Heap Scan on sbtest1  (cost=35.49..4175.91 rows=1079 width=121)
	        Recheck Cond: ((id >= 1144017) AND (id <= 1145016))
	        ->  Bitmap Index Scan on sbtest1_pkey  (cost=0.00..35.23 rows=1079 width=0)
	              Index Cond: ((id >= 1144017) AND (id <= 1145016))

table 2 : explain SELECT c FROM sbtest2 WHERE id BETWEEN 1861066 AND 1862065 ORDER BY c
	Sort  (cost=3962.84..3965.37 rows=1010 width=121)
	  Sort Key: c
	  ->  Bitmap Heap Scan on sbtest2  (cost=34.79..3912.44 rows=1010 width=121)
	        Recheck Cond: ((id >= 1861066) AND (id <= 1862065))
	        ->  Bitmap Index Scan on sbtest2_pkey  (cost=0.00..34.54 rows=1010 width=0)
	              Index Cond: ((id >= 1861066) AND (id <= 1862065))

table 3 : explain SELECT c FROM sbtest3 WHERE id BETWEEN 7215602 AND 7216601 ORDER BY c
	Sort  (cost=3715.63..3717.99 rows=944 width=121)
	  Sort Key: c
	  ->  Bitmap Heap Scan on sbtest3  (cost=34.11..3668.98 rows=944 width=121)
	        Recheck Cond: ((id >= 7215602) AND (id <= 7216601))
	        ->  Bitmap Index Scan on sbtest3_pkey  (cost=0.00..33.88 rows=944 width=0)
	              Index Cond: ((id >= 7215602) AND (id <= 7216601))

table 4 : explain SELECT c FROM sbtest4 WHERE id BETWEEN 3841274 AND 3842273 ORDER BY c
	Sort  (cost=3639.04..3641.35 rows=924 width=121)
	  Sort Key: c
	  ->  Bitmap Heap Scan on sbtest4  (cost=33.91..3593.52 rows=924 width=121)
	        Recheck Cond: ((id >= 3841274) AND (id <= 3842273))
	        ->  Bitmap Index Scan on sbtest4_pkey  (cost=0.00..33.68 rows=924 width=0)
	              Index Cond: ((id >= 3841274) AND (id <= 3842273))

table 5 : explain SELECT c FROM sbtest5 WHERE id BETWEEN 5985124 AND 5986123 ORDER BY c
	Sort  (cost=3727.11..3729.48 rows=947 width=121)
	  Sort Key: c
	  ->  Bitmap Heap Scan on sbtest5  (cost=34.14..3680.30 rows=947 width=121)
	        Recheck Cond: ((id >= 5985124) AND (id <= 5986123))
	        ->  Bitmap Index Scan on sbtest5_pkey  (cost=0.00..33.91 rows=947 width=0)
	              Index Cond: ((id >= 5985124) AND (id <= 5986123))

table 6 : explain SELECT c FROM sbtest6 WHERE id BETWEEN 6371651 AND 6372650 ORDER BY c
	Sort  (cost=4049.73..4052.31 rows=1032 width=121)
	  Sort Key: c
	  ->  Bitmap Heap Scan on sbtest6  (cost=35.01..3998.07 rows=1032 width=121)
	        Recheck Cond: ((id >= 6371651) AND (id <= 6372650))
	        ->  Bitmap Index Scan on sbtest6_pkey  (cost=0.00..34.76 rows=1032 width=0)
	              Index Cond: ((id >= 6371651) AND (id <= 6372650))

table 7 : explain SELECT c FROM sbtest7 WHERE id BETWEEN 5710991 AND 5711990 ORDER BY c
	Sort  (cost=3491.68..3493.90 rows=887 width=121)
	  Sort Key: c
	  ->  Bitmap Heap Scan on sbtest7  (cost=29.53..3448.25 rows=887 width=121)
	        Recheck Cond: ((id >= 5710991) AND (id <= 5711990))
	        ->  Bitmap Index Scan on sbtest7_pkey  (cost=0.00..29.30 rows=887 width=0)
	              Index Cond: ((id >= 5710991) AND (id <= 5711990))

table 8 : explain SELECT c FROM sbtest8 WHERE id BETWEEN 2477769 AND 2478768 ORDER BY c
	Sort  (cost=3910.69..3913.18 rows=996 width=121)
	  Sort Key: c
	  ->  Bitmap Heap Scan on sbtest8  (cost=34.64..3861.09 rows=996 width=121)
	        Recheck Cond: ((id >= 2477769) AND (id <= 2478768))
	        ->  Bitmap Index Scan on sbtest8_pkey  (cost=0.00..34.40 rows=996 width=0)
	              Index Cond: ((id >= 2477769) AND (id <= 2478768))

for: sum_ranges
table 1 : explain SELECT SUM(k) FROM sbtest1 WHERE id BETWEEN 4495432 AND 4496431
	Aggregate  (cost=4012.77..4012.78 rows=1 width=8)
	  ->  Bitmap Heap Scan on sbtest1  (cost=35.04..4010.18 rows=1035 width=4)
	        Recheck Cond: ((id >= 4495432) AND (id <= 4496431))
	        ->  Bitmap Index Scan on sbtest1_pkey  (cost=0.00..34.79 rows=1035 width=0)
	              Index Cond: ((id >= 4495432) AND (id <= 4496431))

table 2 : explain SELECT SUM(k) FROM sbtest2 WHERE id BETWEEN 554447 AND 555446
	Aggregate  (cost=3673.44..3673.45 rows=1 width=8)
	  ->  Bitmap Heap Scan on sbtest2  (cost=34.13..3671.07 rows=946 width=4)
	        Recheck Cond: ((id >= 554447) AND (id <= 555446))
	        ->  Bitmap Index Scan on sbtest2_pkey  (cost=0.00..33.90 rows=946 width=0)
	              Index Cond: ((id >= 554447) AND (id <= 555446))

table 3 : explain SELECT SUM(k) FROM sbtest3 WHERE id BETWEEN 4888386 AND 4889385
	Aggregate  (cost=3875.66..3875.67 rows=1 width=8)
	  ->  Bitmap Heap Scan on sbtest3  (cost=34.66..3873.16 rows=998 width=4)
	        Recheck Cond: ((id >= 4888386) AND (id <= 4889385))
	        ->  Bitmap Index Scan on sbtest3_pkey  (cost=0.00..34.42 rows=998 width=0)
	              Index Cond: ((id >= 4888386) AND (id <= 4889385))

table 4 : explain SELECT SUM(k) FROM sbtest4 WHERE id BETWEEN 2752426 AND 2753425
	Aggregate  (cost=3811.66..3811.67 rows=1 width=8)
	  ->  Bitmap Heap Scan on sbtest4  (cost=34.49..3809.21 rows=981 width=4)
	        Recheck Cond: ((id >= 2752426) AND (id <= 2753425))
	        ->  Bitmap Index Scan on sbtest4_pkey  (cost=0.00..34.25 rows=981 width=0)
	              Index Cond: ((id >= 2752426) AND (id <= 2753425))

table 5 : explain SELECT SUM(k) FROM sbtest5 WHERE id BETWEEN 4645600 AND 4646599
	Aggregate  (cost=3788.64..3788.65 rows=1 width=8)
	  ->  Bitmap Heap Scan on sbtest5  (cost=34.43..3786.20 rows=975 width=4)
	        Recheck Cond: ((id >= 4645600) AND (id <= 4646599))
	        ->  Bitmap Index Scan on sbtest5_pkey  (cost=0.00..34.19 rows=975 width=0)
	              Index Cond: ((id >= 4645600) AND (id <= 4646599))

table 6 : explain SELECT SUM(k) FROM sbtest6 WHERE id BETWEEN 5214920 AND 5215919
	Aggregate  (cost=3535.64..3535.65 rows=1 width=8)
	  ->  Bitmap Heap Scan on sbtest6  (cost=29.76..3533.36 rows=910 width=4)
	        Recheck Cond: ((id >= 5214920) AND (id <= 5215919))
	        ->  Bitmap Index Scan on sbtest6_pkey  (cost=0.00..29.54 rows=910 width=0)
	              Index Cond: ((id >= 5214920) AND (id <= 5215919))

table 7 : explain SELECT SUM(k) FROM sbtest7 WHERE id BETWEEN 2381250 AND 2382249
	Aggregate  (cost=3946.48..3946.49 rows=1 width=8)
	  ->  Bitmap Heap Scan on sbtest7  (cost=34.86..3943.94 rows=1017 width=4)
	        Recheck Cond: ((id >= 2381250) AND (id <= 2382249))
	        ->  Bitmap Index Scan on sbtest7_pkey  (cost=0.00..34.61 rows=1017 width=0)
	              Index Cond: ((id >= 2381250) AND (id <= 2382249))

table 8 : explain SELECT SUM(k) FROM sbtest8 WHERE id BETWEEN 3826928 AND 3827927
	Aggregate  (cost=4161.31..4161.32 rows=1 width=8)
	  ->  Bitmap Heap Scan on sbtest8  (cost=35.45..4158.63 rows=1075 width=4)
	        Recheck Cond: ((id >= 3826928) AND (id <= 3827927))
	        ->  Bitmap Index Scan on sbtest8_pkey  (cost=0.00..35.19 rows=1075 width=0)
	              Index Cond: ((id >= 3826928) AND (id <= 3827927))

for: simple_ranges
table 1 : explain SELECT c FROM sbtest1 WHERE id BETWEEN 1724049 AND 1725048
	Bitmap Heap Scan on sbtest1  (cost=34.55..3829.11 rows=987 width=121)
	  Recheck Cond: ((id >= 1724049) AND (id <= 1725048))
	  ->  Bitmap Index Scan on sbtest1_pkey  (cost=0.00..34.31 rows=987 width=0)
	        Index Cond: ((id >= 1724049) AND (id <= 1725048))

table 2 : explain SELECT c FROM sbtest2 WHERE id BETWEEN 4206291 AND 4207290
	Bitmap Heap Scan on sbtest2  (cost=34.78..3908.68 rows=1009 width=121)
	  Recheck Cond: ((id >= 4206291) AND (id <= 4207290))
	  ->  Bitmap Index Scan on sbtest2_pkey  (cost=0.00..34.53 rows=1009 width=0)
	        Index Cond: ((id >= 4206291) AND (id <= 4207290))

table 3 : explain SELECT c FROM sbtest3 WHERE id BETWEEN 766709 AND 767708
	Bitmap Heap Scan on sbtest3  (cost=33.80..3555.38 rows=914 width=121)
	  Recheck Cond: ((id >= 766709) AND (id <= 767708))
	  ->  Bitmap Index Scan on sbtest3_pkey  (cost=0.00..33.58 rows=914 width=0)
	        Index Cond: ((id >= 766709) AND (id <= 767708))

table 4 : explain SELECT c FROM sbtest4 WHERE id BETWEEN 845576 AND 846575
	Bitmap Heap Scan on sbtest4  (cost=34.53..3824.33 rows=985 width=121)
	  Recheck Cond: ((id >= 845576) AND (id <= 846575))
	  ->  Bitmap Index Scan on sbtest4_pkey  (cost=0.00..34.29 rows=985 width=0)
	        Index Cond: ((id >= 845576) AND (id <= 846575))

table 5 : explain SELECT c FROM sbtest5 WHERE id BETWEEN 8693441 AND 8694440
	Bitmap Heap Scan on sbtest5  (cost=34.79..3918.45 rows=1010 width=121)
	  Recheck Cond: ((id >= 8693441) AND (id <= 8694440))
	  ->  Bitmap Index Scan on sbtest5_pkey  (cost=0.00..34.54 rows=1010 width=0)
	        Index Cond: ((id >= 8693441) AND (id <= 8694440))

table 6 : explain SELECT c FROM sbtest6 WHERE id BETWEEN 5774243 AND 5775242
	Bitmap Heap Scan on sbtest6  (cost=40.29..4468.46 rows=1157 width=121)
	  Recheck Cond: ((id >= 5774243) AND (id <= 5775242))
	  ->  Bitmap Index Scan on sbtest6_pkey  (cost=0.00..40.01 rows=1157 width=0)
	        Index Cond: ((id >= 5774243) AND (id <= 5775242))

table 7 : explain SELECT c FROM sbtest7 WHERE id BETWEEN 8472235 AND 8473234
	Bitmap Heap Scan on sbtest7  (cost=39.93..4339.78 rows=1121 width=121)
	  Recheck Cond: ((id >= 8472235) AND (id <= 8473234))
	  ->  Bitmap Index Scan on sbtest7_pkey  (cost=0.00..39.65 rows=1121 width=0)
	        Index Cond: ((id >= 8472235) AND (id <= 8473234))

table 8 : explain SELECT c FROM sbtest8 WHERE id BETWEEN 8241442 AND 8242441
	Bitmap Heap Scan on sbtest8  (cost=29.47..3422.54 rows=881 width=121)
	  Recheck Cond: ((id >= 8241442) AND (id <= 8242441))
	  ->  Bitmap Index Scan on sbtest8_pkey  (cost=0.00..29.25 rows=881 width=0)
	        Index Cond: ((id >= 8241442) AND (id <= 8242441))

for: sum_ranges
table 1 : explain SELECT SUM(k) FROM sbtest1 WHERE id BETWEEN 484215 AND 485214
	Aggregate  (cost=3948.63..3948.64 rows=1 width=8)
	  ->  Bitmap Heap Scan on sbtest1  (cost=34.87..3946.08 rows=1018 width=4)
	        Recheck Cond: ((id >= 484215) AND (id <= 485214))
	        ->  Bitmap Index Scan on sbtest1_pkey  (cost=0.00..34.62 rows=1018 width=0)
	              Index Cond: ((id >= 484215) AND (id <= 485214))

table 2 : explain SELECT SUM(k) FROM sbtest2 WHERE id BETWEEN 7988883 AND 7989882
	Aggregate  (cost=3624.31..3624.32 rows=1 width=8)
	  ->  Bitmap Heap Scan on sbtest2  (cost=34.00..3621.98 rows=933 width=4)
	        Recheck Cond: ((id >= 7988883) AND (id <= 7989882))
	        ->  Bitmap Index Scan on sbtest2_pkey  (cost=0.00..33.77 rows=933 width=0)
	              Index Cond: ((id >= 7988883) AND (id <= 7989882))

table 3 : explain SELECT SUM(k) FROM sbtest3 WHERE id BETWEEN 2359629 AND 2360628
	Aggregate  (cost=4294.75..4294.76 rows=1 width=8)
	  ->  Bitmap Heap Scan on sbtest3  (cost=39.79..4291.98 rows=1108 width=4)
	        Recheck Cond: ((id >= 2359629) AND (id <= 2360628))
	        ->  Bitmap Index Scan on sbtest3_pkey  (cost=0.00..39.52 rows=1108 width=0)
	              Index Cond: ((id >= 2359629) AND (id <= 2360628))

table 4 : explain SELECT SUM(k) FROM sbtest4 WHERE id BETWEEN 2819786 AND 2820785
	Aggregate  (cost=3811.66..3811.67 rows=1 width=8)
	  ->  Bitmap Heap Scan on sbtest4  (cost=34.49..3809.21 rows=981 width=4)
	        Recheck Cond: ((id >= 2819786) AND (id <= 2820785))
	        ->  Bitmap Index Scan on sbtest4_pkey  (cost=0.00..34.25 rows=981 width=0)
	              Index Cond: ((id >= 2819786) AND (id <= 2820785))

table 5 : explain SELECT SUM(k) FROM sbtest5 WHERE id BETWEEN 6873237 AND 6874236
	Aggregate  (cost=3830.25..3830.26 rows=1 width=8)
	  ->  Bitmap Heap Scan on sbtest5  (cost=34.54..3827.78 rows=986 width=4)
	        Recheck Cond: ((id >= 6873237) AND (id <= 6874236))
	        ->  Bitmap Index Scan on sbtest5_pkey  (cost=0.00..34.30 rows=986 width=0)
	              Index Cond: ((id >= 6873237) AND (id <= 6874236))

table 6 : explain SELECT SUM(k) FROM sbtest6 WHERE id BETWEEN 4031554 AND 4032553
	Aggregate  (cost=3630.48..3630.49 rows=1 width=8)
	  ->  Bitmap Heap Scan on sbtest6  (cost=34.01..3628.15 rows=934 width=4)
	        Recheck Cond: ((id >= 4031554) AND (id <= 4032553))
	        ->  Bitmap Index Scan on sbtest6_pkey  (cost=0.00..33.78 rows=934 width=0)
	              Index Cond: ((id >= 4031554) AND (id <= 4032553))

table 7 : explain SELECT SUM(k) FROM sbtest7 WHERE id BETWEEN 5999869 AND 6000868
	Aggregate  (cost=4040.86..4040.87 rows=1 width=8)
	  ->  Bitmap Heap Scan on sbtest7  (cost=35.12..4038.25 rows=1042 width=4)
	        Recheck Cond: ((id >= 5999869) AND (id <= 6000868))
	        ->  Bitmap Index Scan on sbtest7_pkey  (cost=0.00..34.86 rows=1042 width=0)
	              Index Cond: ((id >= 5999869) AND (id <= 6000868))

table 8 : explain SELECT SUM(k) FROM sbtest8 WHERE id BETWEEN 8702448 AND 8703447
	Aggregate  (cost=3950.34..3950.35 rows=1 width=8)
	  ->  Bitmap Heap Scan on sbtest8  (cost=34.88..3947.80 rows=1019 width=4)
	        Recheck Cond: ((id >= 8702448) AND (id <= 8703447))
	        ->  Bitmap Index Scan on sbtest8_pkey  (cost=0.00..34.62 rows=1019 width=0)
	              Index Cond: ((id >= 8702448) AND (id <= 8703447))

for: sum_ranges
table 1 : explain SELECT SUM(k) FROM sbtest1 WHERE id BETWEEN 712335 AND 713334
	Aggregate  (cost=4076.87..4076.88 rows=1 width=8)
	  ->  Bitmap Heap Scan on sbtest1  (cost=35.22..4074.24 rows=1052 width=4)
	        Recheck Cond: ((id >= 712335) AND (id <= 713334))
	        ->  Bitmap Index Scan on sbtest1_pkey  (cost=0.00..34.95 rows=1052 width=0)
	              Index Cond: ((id >= 712335) AND (id <= 713334))

table 2 : explain SELECT SUM(k) FROM sbtest2 WHERE id BETWEEN 9329473 AND 9330472
	Aggregate  (cost=4012.94..4012.95 rows=1 width=8)
	  ->  Bitmap Heap Scan on sbtest2  (cost=35.05..4010.35 rows=1036 width=4)
	        Recheck Cond: ((id >= 9329473) AND (id <= 9330472))
	        ->  Bitmap Index Scan on sbtest2_pkey  (cost=0.00..34.80 rows=1036 width=0)
	              Index Cond: ((id >= 9329473) AND (id <= 9330472))

table 3 : explain SELECT SUM(k) FROM sbtest3 WHERE id BETWEEN 3621874 AND 3622873
	Aggregate  (cost=3939.91..3939.92 rows=1 width=8)
	  ->  Bitmap Heap Scan on sbtest3  (cost=34.84..3937.37 rows=1015 width=4)
	        Recheck Cond: ((id >= 3621874) AND (id <= 3622873))
	        ->  Bitmap Index Scan on sbtest3_pkey  (cost=0.00..34.59 rows=1015 width=0)
	              Index Cond: ((id >= 3621874) AND (id <= 3622873))

table 4 : explain SELECT SUM(k) FROM sbtest4 WHERE id BETWEEN 5379149 AND 5380148
	Aggregate  (cost=4079.93..4079.94 rows=1 width=8)
	  ->  Bitmap Heap Scan on sbtest4  (cost=35.22..4077.30 rows=1052 width=4)
	        Recheck Cond: ((id >= 5379149) AND (id <= 5380148))
	        ->  Bitmap Index Scan on sbtest4_pkey  (cost=0.00..34.95 rows=1052 width=0)
	              Index Cond: ((id >= 5379149) AND (id <= 5380148))

table 5 : explain SELECT SUM(k) FROM sbtest5 WHERE id BETWEEN 760545 AND 761544
	Aggregate  (cost=3875.62..3875.63 rows=1 width=8)
	  ->  Bitmap Heap Scan on sbtest5  (cost=34.66..3873.13 rows=998 width=4)
	        Recheck Cond: ((id >= 760545) AND (id <= 761544))
	        ->  Bitmap Index Scan on sbtest5_pkey  (cost=0.00..34.42 rows=998 width=0)
	              Index Cond: ((id >= 760545) AND (id <= 761544))

table 6 : explain SELECT SUM(k) FROM sbtest6 WHERE id BETWEEN 7525561 AND 7526560
	Aggregate  (cost=4011.97..4011.98 rows=1 width=8)
	  ->  Bitmap Heap Scan on sbtest6  (cost=35.04..4009.38 rows=1035 width=4)
	        Recheck Cond: ((id >= 7525561) AND (id <= 7526560))
	        ->  Bitmap Index Scan on sbtest6_pkey  (cost=0.00..34.79 rows=1035 width=0)
	              Index Cond: ((id >= 7525561) AND (id <= 7526560))

table 7 : explain SELECT SUM(k) FROM sbtest7 WHERE id BETWEEN 817333 AND 818332
	Aggregate  (cost=3598.51..3598.52 rows=1 width=8)
	  ->  Bitmap Heap Scan on sbtest7  (cost=33.92..3596.20 rows=925 width=4)
	        Recheck Cond: ((id >= 817333) AND (id <= 818332))
	        ->  Bitmap Index Scan on sbtest7_pkey  (cost=0.00..33.69 rows=925 width=0)
	              Index Cond: ((id >= 817333) AND (id <= 818332))

table 8 : explain SELECT SUM(k) FROM sbtest8 WHERE id BETWEEN 3427949 AND 3428948
	Aggregate  (cost=3693.63..3693.64 rows=1 width=8)
	  ->  Bitmap Heap Scan on sbtest8  (cost=34.18..3691.26 rows=951 width=4)
	        Recheck Cond: ((id >= 3427949) AND (id <= 3428948))
	        ->  Bitmap Index Scan on sbtest8_pkey  (cost=0.00..33.95 rows=951 width=0)
	              Index Cond: ((id >= 3427949) AND (id <= 3428948))

for: sum_ranges
table 1 : explain SELECT SUM(k) FROM sbtest1 WHERE id BETWEEN 7412631 AND 7413630
	Aggregate  (cost=3782.45..3782.46 rows=1 width=8)
	  ->  Bitmap Heap Scan on sbtest1  (cost=34.42..3780.02 rows=974 width=4)
	        Recheck Cond: ((id >= 7412631) AND (id <= 7413630))
	        ->  Bitmap Index Scan on sbtest1_pkey  (cost=0.00..34.18 rows=974 width=0)
	              Index Cond: ((id >= 7412631) AND (id <= 7413630))

table 2 : explain SELECT SUM(k) FROM sbtest2 WHERE id BETWEEN 8373969 AND 8374968
	Aggregate  (cost=3646.99..3647.00 rows=1 width=8)
	  ->  Bitmap Heap Scan on sbtest2  (cost=34.06..3644.64 rows=939 width=4)
	        Recheck Cond: ((id >= 8373969) AND (id <= 8374968))
	        ->  Bitmap Index Scan on sbtest2_pkey  (cost=0.00..33.83 rows=939 width=0)
	              Index Cond: ((id >= 8373969) AND (id <= 8374968))

table 3 : explain SELECT SUM(k) FROM sbtest3 WHERE id BETWEEN 2266384 AND 2267383
	Aggregate  (cost=4245.77..4245.78 rows=1 width=8)
	  ->  Bitmap Heap Scan on sbtest3  (cost=39.66..4243.04 rows=1095 width=4)
	        Recheck Cond: ((id >= 2266384) AND (id <= 2267383))
	        ->  Bitmap Index Scan on sbtest3_pkey  (cost=0.00..39.39 rows=1095 width=0)
	              Index Cond: ((id >= 2266384) AND (id <= 2267383))

table 4 : explain SELECT SUM(k) FROM sbtest4 WHERE id BETWEEN 8233366 AND 8234365
	Aggregate  (cost=4019.53..4019.54 rows=1 width=8)
	  ->  Bitmap Heap Scan on sbtest4  (cost=35.05..4016.94 rows=1036 width=4)
	        Recheck Cond: ((id >= 8233366) AND (id <= 8234365))
	        ->  Bitmap Index Scan on sbtest4_pkey  (cost=0.00..34.80 rows=1036 width=0)
	              Index Cond: ((id >= 8233366) AND (id <= 8234365))

table 5 : explain SELECT SUM(k) FROM sbtest5 WHERE id BETWEEN 7698121 AND 7699120
	Aggregate  (cost=4640.80..4640.81 rows=1 width=8)
	  ->  Bitmap Heap Scan on sbtest5  (cost=40.75..4637.80 rows=1201 width=4)
	        Recheck Cond: ((id >= 7698121) AND (id <= 7699120))
	        ->  Bitmap Index Scan on sbtest5_pkey  (cost=0.00..40.45 rows=1201 width=0)
	              Index Cond: ((id >= 7698121) AND (id <= 7699120))

table 6 : explain SELECT SUM(k) FROM sbtest6 WHERE id BETWEEN 1108288 AND 1109287
	Aggregate  (cost=3638.05..3638.06 rows=1 width=8)
	  ->  Bitmap Heap Scan on sbtest6  (cost=34.03..3635.71 rows=936 width=4)
	        Recheck Cond: ((id >= 1108288) AND (id <= 1109287))
	        ->  Bitmap Index Scan on sbtest6_pkey  (cost=0.00..33.80 rows=936 width=0)
	              Index Cond: ((id >= 1108288) AND (id <= 1109287))

table 7 : explain SELECT SUM(k) FROM sbtest7 WHERE id BETWEEN 2454937 AND 2455936
	Aggregate  (cost=3889.82..3889.83 rows=1 width=8)
	  ->  Bitmap Heap Scan on sbtest7  (cost=34.71..3887.32 rows=1002 width=4)
	        Recheck Cond: ((id >= 2454937) AND (id <= 2455936))
	        ->  Bitmap Index Scan on sbtest7_pkey  (cost=0.00..34.45 rows=1002 width=0)
	              Index Cond: ((id >= 2454937) AND (id <= 2455936))

table 8 : explain SELECT SUM(k) FROM sbtest8 WHERE id BETWEEN 3209403 AND 3210402
	Aggregate  (cost=4021.97..4021.98 rows=1 width=8)
	  ->  Bitmap Heap Scan on sbtest8  (cost=35.07..4019.37 rows=1038 width=4)
	        Recheck Cond: ((id >= 3209403) AND (id <= 3210402))
	        ->  Bitmap Index Scan on sbtest8_pkey  (cost=0.00..34.82 rows=1038 width=0)
	              Index Cond: ((id >= 3209403) AND (id <= 3210402))

for: distinct_ranges
table 1 : explain SELECT DISTINCT c FROM sbtest1 WHERE id BETWEEN 7069356 AND 7070355 ORDER BY c
	Unique  (cost=4062.01..4067.19 rows=1035 width=121)
	  ->  Sort  (cost=4062.01..4064.60 rows=1035 width=121)
	        Sort Key: c
	        ->  Bitmap Heap Scan on sbtest1  (cost=35.04..4010.18 rows=1035 width=121)
	              Recheck Cond: ((id >= 7069356) AND (id <= 7070355))
	              ->  Bitmap Index Scan on sbtest1_pkey  (cost=0.00..34.79 rows=1035 width=0)
	                    Index Cond: ((id >= 7069356) AND (id <= 7070355))

table 2 : explain SELECT DISTINCT c FROM sbtest2 WHERE id BETWEEN 7937775 AND 7938774 ORDER BY c
	Unique  (cost=3668.00..3672.66 rows=933 width=121)
	  ->  Sort  (cost=3668.00..3670.33 rows=933 width=121)
	        Sort Key: c
	        ->  Bitmap Heap Scan on sbtest2  (cost=34.00..3621.98 rows=933 width=121)
	              Recheck Cond: ((id >= 7937775) AND (id <= 7938774))
	              ->  Bitmap Index Scan on sbtest2_pkey  (cost=0.00..33.77 rows=933 width=0)
	                    Index Cond: ((id >= 7937775) AND (id <= 7938774))

table 3 : explain SELECT DISTINCT c FROM sbtest3 WHERE id BETWEEN 2033155 AND 2034154 ORDER BY c
	Unique  (cost=3815.46..3820.31 rows=970 width=121)
	  ->  Sort  (cost=3815.46..3817.88 rows=970 width=121)
	        Sort Key: c
	        ->  Bitmap Heap Scan on sbtest3  (cost=34.38..3767.34 rows=970 width=121)
	              Recheck Cond: ((id >= 2033155) AND (id <= 2034154))
	              ->  Bitmap Index Scan on sbtest3_pkey  (cost=0.00..34.14 rows=970 width=0)
	                    Index Cond: ((id >= 2033155) AND (id <= 2034154))

table 4 : explain SELECT DISTINCT c FROM sbtest4 WHERE id BETWEEN 943464 AND 944463 ORDER BY c
	Unique  (cost=3738.94..3743.69 rows=950 width=121)
	  ->  Sort  (cost=3738.94..3741.32 rows=950 width=121)
	        Sort Key: c
	        ->  Bitmap Heap Scan on sbtest4  (cost=34.17..3691.95 rows=950 width=121)
	              Recheck Cond: ((id >= 943464) AND (id <= 944463))
	              ->  Bitmap Index Scan on sbtest4_pkey  (cost=0.00..33.94 rows=950 width=0)
	                    Index Cond: ((id >= 943464) AND (id <= 944463))

table 5 : explain SELECT DISTINCT c FROM sbtest5 WHERE id BETWEEN 4283193 AND 4284192 ORDER BY c
	Unique  (cost=3577.08..3581.62 rows=909 width=121)
	  ->  Sort  (cost=3577.08..3579.35 rows=909 width=121)
	        Sort Key: c
	        ->  Bitmap Heap Scan on sbtest5  (cost=29.75..3532.41 rows=909 width=121)
	              Recheck Cond: ((id >= 4283193) AND (id <= 4284192))
	              ->  Bitmap Index Scan on sbtest5_pkey  (cost=0.00..29.52 rows=909 width=0)
	                    Index Cond: ((id >= 4283193) AND (id <= 4284192))

table 6 : explain SELECT DISTINCT c FROM sbtest6 WHERE id BETWEEN 9248634 AND 9249633 ORDER BY c
	Unique  (cost=3946.39..3951.42 rows=1005 width=121)
	  ->  Sort  (cost=3946.39..3948.90 rows=1005 width=121)
	        Sort Key: c
	        ->  Bitmap Heap Scan on sbtest6  (cost=34.74..3896.28 rows=1005 width=121)
	              Recheck Cond: ((id >= 9248634) AND (id <= 9249633))
	              ->  Bitmap Index Scan on sbtest6_pkey  (cost=0.00..34.48 rows=1005 width=0)
	                    Index Cond: ((id >= 9248634) AND (id <= 9249633))

table 7 : explain SELECT DISTINCT c FROM sbtest7 WHERE id BETWEEN 2806176 AND 2807175 ORDER BY c
	Unique  (cost=4339.26..4344.79 rows=1106 width=121)
	  ->  Sort  (cost=4339.26..4342.02 rows=1106 width=121)
	        Sort Key: c
	        ->  Bitmap Heap Scan on sbtest7  (cost=39.77..4283.34 rows=1106 width=121)
	              Recheck Cond: ((id >= 2806176) AND (id <= 2807175))
	              ->  Bitmap Index Scan on sbtest7_pkey  (cost=0.00..39.50 rows=1106 width=0)
	                    Index Cond: ((id >= 2806176) AND (id <= 2807175))

table 8 : explain SELECT DISTINCT c FROM sbtest8 WHERE id BETWEEN 3834507 AND 3835506 ORDER BY c
	Unique  (cost=4212.75..4218.13 rows=1075 width=121)
	  ->  Sort  (cost=4212.75..4215.44 rows=1075 width=121)
	        Sort Key: c
	        ->  Bitmap Heap Scan on sbtest8  (cost=35.45..4158.63 rows=1075 width=121)
	              Recheck Cond: ((id >= 3834507) AND (id <= 3835506))
	              ->  Bitmap Index Scan on sbtest8_pkey  (cost=0.00..35.19 rows=1075 width=0)
	                    Index Cond: ((id >= 3834507) AND (id <= 3835506))

for: sum_ranges
table 1 : explain SELECT SUM(k) FROM sbtest1 WHERE id BETWEEN 1520014 AND 1521013
	Aggregate  (cost=3699.27..3699.28 rows=1 width=8)
	  ->  Bitmap Heap Scan on sbtest1  (cost=34.19..3696.89 rows=952 width=4)
	        Recheck Cond: ((id >= 1520014) AND (id <= 1521013))
	        ->  Bitmap Index Scan on sbtest1_pkey  (cost=0.00..33.95 rows=952 width=0)
	              Index Cond: ((id >= 1520014) AND (id <= 1521013))

table 2 : explain SELECT SUM(k) FROM sbtest2 WHERE id BETWEEN 4159069 AND 4160068
	Aggregate  (cost=3877.26..3877.27 rows=1 width=8)
	  ->  Bitmap Heap Scan on sbtest2  (cost=34.69..3874.76 rows=1000 width=4)
	        Recheck Cond: ((id >= 4159069) AND (id <= 4160068))
	        ->  Bitmap Index Scan on sbtest2_pkey  (cost=0.00..34.44 rows=1000 width=0)
	              Index Cond: ((id >= 4159069) AND (id <= 4160068))

table 3 : explain SELECT SUM(k) FROM sbtest3 WHERE id BETWEEN 8525666 AND 8526665
	Aggregate  (cost=4366.31..4366.32 rows=1 width=8)
	  ->  Bitmap Heap Scan on sbtest3  (cost=39.99..4363.49 rows=1127 width=4)
	        Recheck Cond: ((id >= 8525666) AND (id <= 8526665))
	        ->  Bitmap Index Scan on sbtest3_pkey  (cost=0.00..39.70 rows=1127 width=0)
	              Index Cond: ((id >= 8525666) AND (id <= 8526665))

table 4 : explain SELECT SUM(k) FROM sbtest4 WHERE id BETWEEN 4244915 AND 4245914
	Aggregate  (cost=3902.41..3902.42 rows=1 width=8)
	  ->  Bitmap Heap Scan on sbtest4  (cost=34.74..3899.90 rows=1005 width=4)
	        Recheck Cond: ((id >= 4244915) AND (id <= 4245914))
	        ->  Bitmap Index Scan on sbtest4_pkey  (cost=0.00..34.48 rows=1005 width=0)
	              Index Cond: ((id >= 4244915) AND (id <= 4245914))

table 5 : explain SELECT SUM(k) FROM sbtest5 WHERE id BETWEEN 3283353 AND 3284352
	Aggregate  (cost=3939.87..3939.88 rows=1 width=8)
	  ->  Bitmap Heap Scan on sbtest5  (cost=34.84..3937.33 rows=1015 width=4)
	        Recheck Cond: ((id >= 3283353) AND (id <= 3284352))
	        ->  Bitmap Index Scan on sbtest5_pkey  (cost=0.00..34.59 rows=1015 width=0)
	              Index Cond: ((id >= 3283353) AND (id <= 3284352))

table 6 : explain SELECT SUM(k) FROM sbtest6 WHERE id BETWEEN 6462903 AND 6463902
	Aggregate  (cost=3804.39..3804.40 rows=1 width=8)
	  ->  Bitmap Heap Scan on sbtest6  (cost=34.48..3801.94 rows=980 width=4)
	        Recheck Cond: ((id >= 6462903) AND (id <= 6463902))
	        ->  Bitmap Index Scan on sbtest6_pkey  (cost=0.00..34.23 rows=980 width=0)
	              Index Cond: ((id >= 6462903) AND (id <= 6463902))

table 7 : explain SELECT SUM(k) FROM sbtest7 WHERE id BETWEEN 658174 AND 659173
	Aggregate  (cost=4229.38..4229.39 rows=1 width=8)
	  ->  Bitmap Heap Scan on sbtest7  (cost=35.63..4226.65 rows=1092 width=4)
	        Recheck Cond: ((id >= 658174) AND (id <= 659173))
	        ->  Bitmap Index Scan on sbtest7_pkey  (cost=0.00..35.36 rows=1092 width=0)
	              Index Cond: ((id >= 658174) AND (id <= 659173))

table 8 : explain SELECT SUM(k) FROM sbtest8 WHERE id BETWEEN 8539914 AND 8540913
	Aggregate  (cost=3659.61..3659.62 rows=1 width=8)
	  ->  Bitmap Heap Scan on sbtest8  (cost=34.09..3657.26 rows=942 width=4)
	        Recheck Cond: ((id >= 8539914) AND (id <= 8540913))
	        ->  Bitmap Index Scan on sbtest8_pkey  (cost=0.00..33.86 rows=942 width=0)
	              Index Cond: ((id >= 8539914) AND (id <= 8540913))

for: order_ranges
table 1 : explain SELECT c FROM sbtest1 WHERE id BETWEEN 9391666 AND 9392665 ORDER BY c
	Sort  (cost=3931.84..3934.34 rows=1001 width=121)
	  Sort Key: c
	  ->  Bitmap Heap Scan on sbtest1  (cost=34.70..3881.95 rows=1001 width=121)
	        Recheck Cond: ((id >= 9391666) AND (id <= 9392665))
	        ->  Bitmap Index Scan on sbtest1_pkey  (cost=0.00..34.45 rows=1001 width=0)
	              Index Cond: ((id >= 9391666) AND (id <= 9392665))

table 2 : explain SELECT c FROM sbtest2 WHERE id BETWEEN 6253918 AND 6254917 ORDER BY c
	Sort  (cost=3652.66..3654.99 rows=929 width=121)
	  Sort Key: c
	  ->  Bitmap Heap Scan on sbtest2  (cost=33.96..3606.87 rows=929 width=121)
	        Recheck Cond: ((id >= 6253918) AND (id <= 6254917))
	        ->  Bitmap Index Scan on sbtest2_pkey  (cost=0.00..33.73 rows=929 width=0)
	              Index Cond: ((id >= 6253918) AND (id <= 6254917))

table 3 : explain SELECT c FROM sbtest3 WHERE id BETWEEN 1911736 AND 1912735 ORDER BY c
	Sort  (cost=3949.72..3952.23 rows=1005 width=121)
	  Sort Key: c
	  ->  Bitmap Heap Scan on sbtest3  (cost=34.74..3899.60 rows=1005 width=121)
	        Recheck Cond: ((id >= 1911736) AND (id <= 1912735))
	        ->  Bitmap Index Scan on sbtest3_pkey  (cost=0.00..34.48 rows=1005 width=0)
	              Index Cond: ((id >= 1911736) AND (id <= 1912735))

table 4 : explain SELECT c FROM sbtest4 WHERE id BETWEEN 3204577 AND 3205576 ORDER BY c
	Sort  (cost=4325.42..4328.17 rows=1102 width=121)
	  Sort Key: c
	  ->  Bitmap Heap Scan on sbtest4  (cost=39.73..4269.73 rows=1102 width=121)
	        Recheck Cond: ((id >= 3204577) AND (id <= 3205576))
	        ->  Bitmap Index Scan on sbtest4_pkey  (cost=0.00..39.45 rows=1102 width=0)
	              Index Cond: ((id >= 3204577) AND (id <= 3205576))

table 5 : explain SELECT c FROM sbtest5 WHERE id BETWEEN 9842344 AND 9843343 ORDER BY c
	Sort  (cost=3907.50..3909.99 rows=994 width=121)
	  Sort Key: c
	  ->  Bitmap Heap Scan on sbtest5  (cost=34.62..3858.01 rows=994 width=121)
	        Recheck Cond: ((id >= 9842344) AND (id <= 9843343))
	        ->  Bitmap Index Scan on sbtest5_pkey  (cost=0.00..34.38 rows=994 width=0)
	              Index Cond: ((id >= 9842344) AND (id <= 9843343))

table 6 : explain SELECT c FROM sbtest6 WHERE id BETWEEN 9638960 AND 9639959 ORDER BY c
	Sort  (cost=4214.14..4216.82 rows=1075 width=121)
	  Sort Key: c
	  ->  Bitmap Heap Scan on sbtest6  (cost=35.45..4160.01 rows=1075 width=121)
	        Recheck Cond: ((id >= 9638960) AND (id <= 9639959))
	        ->  Bitmap Index Scan on sbtest6_pkey  (cost=0.00..35.19 rows=1075 width=0)
	              Index Cond: ((id >= 9638960) AND (id <= 9639959))

table 7 : explain SELECT c FROM sbtest7 WHERE id BETWEEN 6669141 AND 6670140 ORDER BY c
	Sort  (cost=3799.20..3801.61 rows=966 width=121)
	  Sort Key: c
	  ->  Bitmap Heap Scan on sbtest7  (cost=34.34..3751.30 rows=966 width=121)
	        Recheck Cond: ((id >= 6669141) AND (id <= 6670140))
	        ->  Bitmap Index Scan on sbtest7_pkey  (cost=0.00..34.09 rows=966 width=0)
	              Index Cond: ((id >= 6669141) AND (id <= 6670140))

table 8 : explain SELECT c FROM sbtest8 WHERE id BETWEEN 1232290 AND 1233289 ORDER BY c
	Sort  (cost=3742.13..3744.51 rows=952 width=121)
	  Sort Key: c
	  ->  Bitmap Heap Scan on sbtest8  (cost=34.19..3695.03 rows=952 width=121)
	        Recheck Cond: ((id >= 1232290) AND (id <= 1233289))
	        ->  Bitmap Index Scan on sbtest8_pkey  (cost=0.00..33.95 rows=952 width=0)
	              Index Cond: ((id >= 1232290) AND (id <= 1233289))

explain: for point_selects :: explain SELECT c FROM sbtest%u WHERE id=%u
explain: for point_selects :: explain SELECT c FROM sbtest%u WHERE id=%u
for: order_ranges
table 1 : explain SELECT c FROM sbtest1 WHERE id BETWEEN 2567443 AND 2568442 ORDER BY c
	Sort  (cost=3885.86..3888.33 rows=989 width=121)
	  Sort Key: c
	  ->  Bitmap Heap Scan on sbtest1  (cost=34.57..3836.66 rows=989 width=121)
	        Recheck Cond: ((id >= 2567443) AND (id <= 2568442))
	        ->  Bitmap Index Scan on sbtest1_pkey  (cost=0.00..34.33 rows=989 width=0)
	              Index Cond: ((id >= 2567443) AND (id <= 2568442))

table 2 : explain SELECT c FROM sbtest2 WHERE id BETWEEN 1977148 AND 1978147 ORDER BY c
	Sort  (cost=4081.34..4083.95 rows=1041 width=121)
	  Sort Key: c
	  ->  Bitmap Heap Scan on sbtest2  (cost=35.11..4029.17 rows=1041 width=121)
	        Recheck Cond: ((id >= 1977148) AND (id <= 1978147))
	        ->  Bitmap Index Scan on sbtest2_pkey  (cost=0.00..34.84 rows=1041 width=0)
	              Index Cond: ((id >= 1977148) AND (id <= 1978147))

table 3 : explain SELECT c FROM sbtest3 WHERE id BETWEEN 6542790 AND 6543789 ORDER BY c
	Sort  (cost=3773.23..3775.63 rows=959 width=121)
	  Sort Key: c
	  ->  Bitmap Heap Scan on sbtest3  (cost=34.26..3725.73 rows=959 width=121)
	        Recheck Cond: ((id >= 6542790) AND (id <= 6543789))
	        ->  Bitmap Index Scan on sbtest3_pkey  (cost=0.00..34.03 rows=959 width=0)
	              Index Cond: ((id >= 6542790) AND (id <= 6543789))

table 4 : explain SELECT c FROM sbtest4 WHERE id BETWEEN 4892288 AND 4893287 ORDER BY c
	Sort  (cost=4459.17..4462.01 rows=1137 width=121)
	  Sort Key: c
	  ->  Bitmap Heap Scan on sbtest4  (cost=40.09..4401.46 rows=1137 width=121)
	        Recheck Cond: ((id >= 4892288) AND (id <= 4893287))
	        ->  Bitmap Index Scan on sbtest4_pkey  (cost=0.00..39.81 rows=1137 width=0)
	              Index Cond: ((id >= 4892288) AND (id <= 4893287))

table 5 : explain SELECT c FROM sbtest5 WHERE id BETWEEN 5929411 AND 5930410 ORDER BY c
	Sort  (cost=3542.46..3544.71 rows=900 width=121)
	  Sort Key: c
	  ->  Bitmap Heap Scan on sbtest5  (cost=29.66..3498.30 rows=900 width=121)
	        Recheck Cond: ((id >= 5929411) AND (id <= 5930410))
	        ->  Bitmap Index Scan on sbtest5_pkey  (cost=0.00..29.43 rows=900 width=0)
	              Index Cond: ((id >= 5929411) AND (id <= 5930410))

table 6 : explain SELECT c FROM sbtest6 WHERE id BETWEEN 1467304 AND 1468303 ORDER BY c
	Sort  (cost=4026.77..4029.34 rows=1026 width=121)
	  Sort Key: c
	  ->  Bitmap Heap Scan on sbtest6  (cost=34.95..3975.46 rows=1026 width=121)
	        Recheck Cond: ((id >= 1467304) AND (id <= 1468303))
	        ->  Bitmap Index Scan on sbtest6_pkey  (cost=0.00..34.70 rows=1026 width=0)
	              Index Cond: ((id >= 1467304) AND (id <= 1468303))

table 7 : explain SELECT c FROM sbtest7 WHERE id BETWEEN 2386583 AND 2387582 ORDER BY c
	Sort  (cost=3994.74..3997.28 rows=1017 width=121)
	  Sort Key: c
	  ->  Bitmap Heap Scan on sbtest7  (cost=34.86..3943.94 rows=1017 width=121)
	        Recheck Cond: ((id >= 2386583) AND (id <= 2387582))
	        ->  Bitmap Index Scan on sbtest7_pkey  (cost=0.00..34.61 rows=1017 width=0)
	              Index Cond: ((id >= 2386583) AND (id <= 2387582))

table 8 : explain SELECT c FROM sbtest8 WHERE id BETWEEN 4442899 AND 4443898 ORDER BY c
	Sort  (cost=3914.52..3917.01 rows=997 width=121)
	  Sort Key: c
	  ->  Bitmap Heap Scan on sbtest8  (cost=34.65..3864.86 rows=997 width=121)
	        Recheck Cond: ((id >= 4442899) AND (id <= 4443898))
	        ->  Bitmap Index Scan on sbtest8_pkey  (cost=0.00..34.41 rows=997 width=0)
	              Index Cond: ((id >= 4442899) AND (id <= 4443898))

for: sum_ranges
table 1 : explain SELECT SUM(k) FROM sbtest1 WHERE id BETWEEN 5682013 AND 5683012
	Aggregate  (cost=3528.72..3528.73 rows=1 width=8)
	  ->  Bitmap Heap Scan on sbtest1  (cost=29.74..3526.45 rows=908 width=4)
	        Recheck Cond: ((id >= 5682013) AND (id <= 5683012))
	        ->  Bitmap Index Scan on sbtest1_pkey  (cost=0.00..29.51 rows=908 width=0)
	              Index Cond: ((id >= 5682013) AND (id <= 5683012))

table 2 : explain SELECT SUM(k) FROM sbtest2 WHERE id BETWEEN 8114932 AND 8115931
	Aggregate  (cost=3764.07..3764.08 rows=1 width=8)
	  ->  Bitmap Heap Scan on sbtest2  (cost=34.38..3761.65 rows=970 width=4)
	        Recheck Cond: ((id >= 8114932) AND (id <= 8115931))
	        ->  Bitmap Index Scan on sbtest2_pkey  (cost=0.00..34.14 rows=970 width=0)
	              Index Cond: ((id >= 8114932) AND (id <= 8115931))

table 3 : explain SELECT SUM(k) FROM sbtest3 WHERE id BETWEEN 6068085 AND 6069084
	Aggregate  (cost=3701.63..3701.64 rows=1 width=8)
	  ->  Bitmap Heap Scan on sbtest3  (cost=34.19..3699.25 rows=952 width=4)
	        Recheck Cond: ((id >= 6068085) AND (id <= 6069084))
	        ->  Bitmap Index Scan on sbtest3_pkey  (cost=0.00..33.95 rows=952 width=0)
	              Index Cond: ((id >= 6068085) AND (id <= 6069084))

table 4 : explain SELECT SUM(k) FROM sbtest4 WHERE id BETWEEN 2193669 AND 2194668
	Aggregate  (cost=3754.90..3754.91 rows=1 width=8)
	  ->  Bitmap Heap Scan on sbtest4  (cost=34.34..3752.49 rows=966 width=4)
	        Recheck Cond: ((id >= 2193669) AND (id <= 2194668))
	        ->  Bitmap Index Scan on sbtest4_pkey  (cost=0.00..34.09 rows=966 width=0)
	              Index Cond: ((id >= 2193669) AND (id <= 2194668))

table 5 : explain SELECT SUM(k) FROM sbtest5 WHERE id BETWEEN 2552932 AND 2553931
	Aggregate  (cost=3913.42..3913.43 rows=1 width=8)
	  ->  Bitmap Heap Scan on sbtest5  (cost=34.77..3910.90 rows=1008 width=4)
	        Recheck Cond: ((id >= 2552932) AND (id <= 2553931))
	        ->  Bitmap Index Scan on sbtest5_pkey  (cost=0.00..34.52 rows=1008 width=0)
	              Index Cond: ((id >= 2552932) AND (id <= 2553931))

table 6 : explain SELECT SUM(k) FROM sbtest6 WHERE id BETWEEN 1868043 AND 1869042
	Aggregate  (cost=3607.78..3607.79 rows=1 width=8)
	  ->  Bitmap Heap Scan on sbtest6  (cost=33.95..3605.46 rows=928 width=4)
	        Recheck Cond: ((id >= 1868043) AND (id <= 1869042))
	        ->  Bitmap Index Scan on sbtest6_pkey  (cost=0.00..33.72 rows=928 width=0)
	              Index Cond: ((id >= 1868043) AND (id <= 1869042))

table 7 : explain SELECT SUM(k) FROM sbtest7 WHERE id BETWEEN 3729878 AND 3730877
	Aggregate  (cost=3923.82..3923.83 rows=1 width=8)
	  ->  Bitmap Heap Scan on sbtest7  (cost=34.80..3921.29 rows=1011 width=4)
	        Recheck Cond: ((id >= 3729878) AND (id <= 3730877))
	        ->  Bitmap Index Scan on sbtest7_pkey  (cost=0.00..34.55 rows=1011 width=0)
	              Index Cond: ((id >= 3729878) AND (id <= 3730877))

table 8 : explain SELECT SUM(k) FROM sbtest8 WHERE id BETWEEN 2666401 AND 2667400
	Aggregate  (cost=3882.45..3882.46 rows=1 width=8)
	  ->  Bitmap Heap Scan on sbtest8  (cost=34.70..3879.95 rows=1001 width=4)
	        Recheck Cond: ((id >= 2666401) AND (id <= 2667400))
	        ->  Bitmap Index Scan on sbtest8_pkey  (cost=0.00..34.45 rows=1001 width=0)
	              Index Cond: ((id >= 2666401) AND (id <= 2667400))

for: distinct_ranges
table 1 : explain SELECT DISTINCT c FROM sbtest1 WHERE id BETWEEN 9121604 AND 9122603 ORDER BY c
	Unique  (cost=3774.68..3779.48 rows=960 width=121)
	  ->  Sort  (cost=3774.68..3777.08 rows=960 width=121)
	        Sort Key: c
	        ->  Bitmap Heap Scan on sbtest1  (cost=34.28..3727.13 rows=960 width=121)
	              Recheck Cond: ((id >= 9121604) AND (id <= 9122603))
	              ->  Bitmap Index Scan on sbtest1_pkey  (cost=0.00..34.04 rows=960 width=0)
	                    Index Cond: ((id >= 9121604) AND (id <= 9122603))

table 2 : explain SELECT DISTINCT c FROM sbtest2 WHERE id BETWEEN 9577708 AND 9578707 ORDER BY c
	Unique  (cost=4260.79..4266.23 rows=1088 width=121)
	  ->  Sort  (cost=4260.79..4263.51 rows=1088 width=121)
	        Sort Key: c
	        ->  Bitmap Heap Scan on sbtest2  (cost=35.59..4205.91 rows=1088 width=121)
	              Recheck Cond: ((id >= 9577708) AND (id <= 9578707))
	              ->  Bitmap Index Scan on sbtest2_pkey  (cost=0.00..35.32 rows=1088 width=0)
	                    Index Cond: ((id >= 9577708) AND (id <= 9578707))

table 3 : explain SELECT DISTINCT c FROM sbtest3 WHERE id BETWEEN 2429491 AND 2430490 ORDER BY c
	Unique  (cost=3915.21..3920.19 rows=996 width=121)
	  ->  Sort  (cost=3915.21..3917.70 rows=996 width=121)
	        Sort Key: c
	        ->  Bitmap Heap Scan on sbtest3  (cost=34.64..3865.61 rows=996 width=121)
	              Recheck Cond: ((id >= 2429491) AND (id <= 2430490))
	              ->  Bitmap Index Scan on sbtest3_pkey  (cost=0.00..34.40 rows=996 width=0)
	                    Index Cond: ((id >= 2429491) AND (id <= 2430490))

table 4 : explain SELECT DISTINCT c FROM sbtest4 WHERE id BETWEEN 5893055 AND 5894054 ORDER BY c
	Unique  (cost=4156.91..4162.20 rows=1059 width=121)
	  ->  Sort  (cost=4156.91..4159.55 rows=1059 width=121)
	        Sort Key: c
	        ->  Bitmap Heap Scan on sbtest4  (cost=35.29..4103.70 rows=1059 width=121)
	              Recheck Cond: ((id >= 5893055) AND (id <= 5894054))
	              ->  Bitmap Index Scan on sbtest4_pkey  (cost=0.00..35.03 rows=1059 width=0)
	                    Index Cond: ((id >= 5893055) AND (id <= 5894054))

table 5 : explain SELECT DISTINCT c FROM sbtest5 WHERE id BETWEEN 4931134 AND 4932133 ORDER BY c
	Unique  (cost=4110.60..4115.84 rows=1047 width=121)
	  ->  Sort  (cost=4110.60..4113.22 rows=1047 width=121)
	        Sort Key: c
	        ->  Bitmap Heap Scan on sbtest5  (cost=35.17..4058.09 rows=1047 width=121)
	              Recheck Cond: ((id >= 4931134) AND (id <= 4932133))
	              ->  Bitmap Index Scan on sbtest5_pkey  (cost=0.00..34.91 rows=1047 width=0)
	                    Index Cond: ((id >= 4931134) AND (id <= 4932133))

table 6 : explain SELECT DISTINCT c FROM sbtest6 WHERE id BETWEEN 1166476 AND 1167475 ORDER BY c
	Unique  (cost=3681.90..3686.58 rows=936 width=121)
	  ->  Sort  (cost=3681.90..3684.24 rows=936 width=121)
	        Sort Key: c
	        ->  Bitmap Heap Scan on sbtest6  (cost=34.03..3635.71 rows=936 width=121)
	              Recheck Cond: ((id >= 1166476) AND (id <= 1167475))
	              ->  Bitmap Index Scan on sbtest6_pkey  (cost=0.00..33.80 rows=936 width=0)
	                    Index Cond: ((id >= 1166476) AND (id <= 1167475))

table 7 : explain SELECT DISTINCT c FROM sbtest7 WHERE id BETWEEN 1997482 AND 1998481 ORDER BY c
	Unique  (cost=4174.68..4180.00 rows=1064 width=121)
	  ->  Sort  (cost=4174.68..4177.34 rows=1064 width=121)
	        Sort Key: c
	        ->  Bitmap Heap Scan on sbtest7  (cost=35.34..4121.18 rows=1064 width=121)
	              Recheck Cond: ((id >= 1997482) AND (id <= 1998481))
	              ->  Bitmap Index Scan on sbtest7_pkey  (cost=0.00..35.08 rows=1064 width=0)
	                    Index Cond: ((id >= 1997482) AND (id <= 1998481))

table 8 : explain SELECT DISTINCT c FROM sbtest8 WHERE id BETWEEN 3171392 AND 3172391 ORDER BY c
	Unique  (cost=4071.37..4076.56 rows=1038 width=121)
	  ->  Sort  (cost=4071.37..4073.97 rows=1038 width=121)
	        Sort Key: c
	        ->  Bitmap Heap Scan on sbtest8  (cost=35.07..4019.37 rows=1038 width=121)
	              Recheck Cond: ((id >= 3171392) AND (id <= 3172391))
	              ->  Bitmap Index Scan on sbtest8_pkey  (cost=0.00..34.82 rows=1038 width=0)
	                    Index Cond: ((id >= 3171392) AND (id <= 3172391))

for: order_ranges
table 1 : explain SELECT c FROM sbtest1 WHERE id BETWEEN 9374455 AND 9375454 ORDER BY c
	Sort  (cost=3931.84..3934.34 rows=1001 width=121)
	  Sort Key: c
	  ->  Bitmap Heap Scan on sbtest1  (cost=34.70..3881.95 rows=1001 width=121)
	        Recheck Cond: ((id >= 9374455) AND (id <= 9375454))
	        ->  Bitmap Index Scan on sbtest1_pkey  (cost=0.00..34.45 rows=1001 width=0)
	              Index Cond: ((id >= 9374455) AND (id <= 9375454))

table 2 : explain SELECT c FROM sbtest2 WHERE id BETWEEN 1379829 AND 1380828 ORDER BY c
	Sort  (cost=3771.47..3773.87 rows=960 width=121)
	  Sort Key: c
	  ->  Bitmap Heap Scan on sbtest2  (cost=34.28..3723.92 rows=960 width=121)
	        Recheck Cond: ((id >= 1379829) AND (id <= 1380828))
	        ->  Bitmap Index Scan on sbtest2_pkey  (cost=0.00..34.04 rows=960 width=0)
	              Index Cond: ((id >= 1379829) AND (id <= 1380828))

table 3 : explain SELECT c FROM sbtest3 WHERE id BETWEEN 653003 AND 654002 ORDER BY c
	Sort  (cost=3915.21..3917.70 rows=996 width=121)
	  Sort Key: c
	  ->  Bitmap Heap Scan on sbtest3  (cost=34.64..3865.61 rows=996 width=121)
	        Recheck Cond: ((id >= 653003) AND (id <= 654002))
	        ->  Bitmap Index Scan on sbtest3_pkey  (cost=0.00..34.40 rows=996 width=0)
	              Index Cond: ((id >= 653003) AND (id <= 654002))

table 4 : explain SELECT c FROM sbtest4 WHERE id BETWEEN 3427037 AND 3428036 ORDER BY c
	Sort  (cost=4019.01..4021.57 rows=1023 width=121)
	  Sort Key: c
	  ->  Bitmap Heap Scan on sbtest4  (cost=34.92..3967.87 rows=1023 width=121)
	        Recheck Cond: ((id >= 3427037) AND (id <= 3428036))
	        ->  Bitmap Index Scan on sbtest4_pkey  (cost=0.00..34.67 rows=1023 width=0)
	              Index Cond: ((id >= 3427037) AND (id <= 3428036))

table 5 : explain SELECT c FROM sbtest5 WHERE id BETWEEN 8635618 AND 8636617 ORDER BY c
	Sort  (cost=3968.85..3971.37 rows=1010 width=121)
	  Sort Key: c
	  ->  Bitmap Heap Scan on sbtest5  (cost=34.79..3918.45 rows=1010 width=121)
	        Recheck Cond: ((id >= 8635618) AND (id <= 8636617))
	        ->  Bitmap Index Scan on sbtest5_pkey  (cost=0.00..34.54 rows=1010 width=0)
	              Index Cond: ((id >= 8635618) AND (id <= 8636617))

table 6 : explain SELECT c FROM sbtest6 WHERE id BETWEEN 4360485 AND 4361484 ORDER BY c
	Sort  (cost=3624.33..3626.63 rows=921 width=121)
	  Sort Key: c
	  ->  Bitmap Heap Scan on sbtest6  (cost=33.88..3578.98 rows=921 width=121)
	        Recheck Cond: ((id >= 4360485) AND (id <= 4361484))
	        ->  Bitmap Index Scan on sbtest6_pkey  (cost=0.00..33.65 rows=921 width=0)
	              Index Cond: ((id >= 4360485) AND (id <= 4361484))

table 7 : explain SELECT c FROM sbtest7 WHERE id BETWEEN 2814424 AND 2815423 ORDER BY c
	Sort  (cost=4339.26..4342.02 rows=1106 width=121)
	  Sort Key: c
	  ->  Bitmap Heap Scan on sbtest7  (cost=39.77..4283.34 rows=1106 width=121)
	        Recheck Cond: ((id >= 2814424) AND (id <= 2815423))
	        ->  Bitmap Index Scan on sbtest7_pkey  (cost=0.00..39.50 rows=1106 width=0)
	              Index Cond: ((id >= 2814424) AND (id <= 2815423))

table 8 : explain SELECT c FROM sbtest8 WHERE id BETWEEN 3753569 AND 3754568 ORDER BY c
	Sort  (cost=3811.12..3813.54 rows=970 width=121)
	  Sort Key: c
	  ->  Bitmap Heap Scan on sbtest8  (cost=34.38..3763.00 rows=970 width=121)
	        Recheck Cond: ((id >= 3753569) AND (id <= 3754568))
	        ->  Bitmap Index Scan on sbtest8_pkey  (cost=0.00..34.14 rows=970 width=0)
	              Index Cond: ((id >= 3753569) AND (id <= 3754568))

for: sum_ranges
table 1 : explain SELECT SUM(k) FROM sbtest1 WHERE id BETWEEN 4287391 AND 4288390
	Aggregate  (cost=3563.02..3563.03 rows=1 width=8)
	  ->  Bitmap Heap Scan on sbtest1  (cost=33.82..3560.73 rows=916 width=4)
	        Recheck Cond: ((id >= 4287391) AND (id <= 4288390))
	        ->  Bitmap Index Scan on sbtest1_pkey  (cost=0.00..33.59 rows=916 width=0)
	              Index Cond: ((id >= 4287391) AND (id <= 4288390))

table 2 : explain SELECT SUM(k) FROM sbtest2 WHERE id BETWEEN 242293 AND 243292
	Aggregate  (cost=3971.50..3971.51 rows=1 width=8)
	  ->  Bitmap Heap Scan on sbtest2  (cost=34.94..3968.94 rows=1025 width=4)
	        Recheck Cond: ((id >= 242293) AND (id <= 243292))
	        ->  Bitmap Index Scan on sbtest2_pkey  (cost=0.00..34.69 rows=1025 width=0)
	              Index Cond: ((id >= 242293) AND (id <= 243292))

table 3 : explain SELECT SUM(k) FROM sbtest3 WHERE id BETWEEN 4173428 AND 4174427
	Aggregate  (cost=3936.13..3936.14 rows=1 width=8)
	  ->  Bitmap Heap Scan on sbtest3  (cost=34.83..3933.59 rows=1014 width=4)
	        Recheck Cond: ((id >= 4173428) AND (id <= 4174427))
	        ->  Bitmap Index Scan on sbtest3_pkey  (cost=0.00..34.58 rows=1014 width=0)
	              Index Cond: ((id >= 4173428) AND (id <= 4174427))

table 4 : explain SELECT SUM(k) FROM sbtest4 WHERE id BETWEEN 7236722 AND 7237721
	Aggregate  (cost=3519.80..3519.81 rows=1 width=8)
	  ->  Bitmap Heap Scan on sbtest4  (cost=29.71..3517.53 rows=905 width=4)
	        Recheck Cond: ((id >= 7236722) AND (id <= 7237721))
	        ->  Bitmap Index Scan on sbtest4_pkey  (cost=0.00..29.48 rows=905 width=0)
	              Index Cond: ((id >= 7236722) AND (id <= 7237721))

table 5 : explain SELECT SUM(k) FROM sbtest5 WHERE id BETWEEN 9282669 AND 9283668
	Aggregate  (cost=3879.40..3879.41 rows=1 width=8)
	  ->  Bitmap Heap Scan on sbtest5  (cost=34.67..3876.90 rows=999 width=4)
	        Recheck Cond: ((id >= 9282669) AND (id <= 9283668))
	        ->  Bitmap Index Scan on sbtest5_pkey  (cost=0.00..34.43 rows=999 width=0)
	              Index Cond: ((id >= 9282669) AND (id <= 9283668))

table 6 : explain SELECT SUM(k) FROM sbtest6 WHERE id BETWEEN 3875838 AND 3876837
	Aggregate  (cost=4034.59..4034.60 rows=1 width=8)
	  ->  Bitmap Heap Scan on sbtest6  (cost=35.11..4031.99 rows=1041 width=4)
	        Recheck Cond: ((id >= 3875838) AND (id <= 3876837))
	        ->  Bitmap Index Scan on sbtest6_pkey  (cost=0.00..34.84 rows=1041 width=0)
	              Index Cond: ((id >= 3875838) AND (id <= 3876837))

table 7 : explain SELECT SUM(k) FROM sbtest7 WHERE id BETWEEN 743840 AND 744839
	Aggregate  (cost=4199.23..4199.24 rows=1 width=8)
	  ->  Bitmap Heap Scan on sbtest7  (cost=35.55..4196.52 rows=1084 width=4)
	        Recheck Cond: ((id >= 743840) AND (id <= 744839))
	        ->  Bitmap Index Scan on sbtest7_pkey  (cost=0.00..35.28 rows=1084 width=0)
	              Index Cond: ((id >= 743840) AND (id <= 744839))

table 8 : explain SELECT SUM(k) FROM sbtest8 WHERE id BETWEEN 8598319 AND 8599318
	Aggregate  (cost=3882.45..3882.46 rows=1 width=8)
	  ->  Bitmap Heap Scan on sbtest8  (cost=34.70..3879.95 rows=1001 width=4)
	        Recheck Cond: ((id >= 8598319) AND (id <= 8599318))
	        ->  Bitmap Index Scan on sbtest8_pkey  (cost=0.00..34.45 rows=1001 width=0)
	              Index Cond: ((id >= 8598319) AND (id <= 8599318))

for: distinct_ranges
table 1 : explain SELECT DISTINCT c FROM sbtest1 WHERE id BETWEEN 4167255 AND 4168254 ORDER BY c
	Unique  (cost=4127.05..4132.31 rows=1052 width=121)
	  ->  Sort  (cost=4127.05..4129.68 rows=1052 width=121)
	        Sort Key: c
	        ->  Bitmap Heap Scan on sbtest1  (cost=35.22..4074.24 rows=1052 width=121)
	              Recheck Cond: ((id >= 4167255) AND (id <= 4168254))
	              ->  Bitmap Index Scan on sbtest1_pkey  (cost=0.00..34.95 rows=1052 width=0)
	                    Index Cond: ((id >= 4167255) AND (id <= 4168254))

table 2 : explain SELECT DISTINCT c FROM sbtest2 WHERE id BETWEEN 662426 AND 663425 ORDER BY c
	Unique  (cost=4088.99..4094.20 rows=1043 width=121)
	  ->  Sort  (cost=4088.99..4091.59 rows=1043 width=121)
	        Sort Key: c
	        ->  Bitmap Heap Scan on sbtest2  (cost=35.13..4036.70 rows=1043 width=121)
	              Recheck Cond: ((id >= 662426) AND (id <= 663425))
	              ->  Bitmap Index Scan on sbtest2_pkey  (cost=0.00..34.87 rows=1043 width=0)
	                    Index Cond: ((id >= 662426) AND (id <= 663425))

table 3 : explain SELECT DISTINCT c FROM sbtest3 WHERE id BETWEEN 2072531 AND 2073530 ORDER BY c
	Unique  (cost=3815.46..3820.31 rows=970 width=121)
	  ->  Sort  (cost=3815.46..3817.88 rows=970 width=121)
	        Sort Key: c
	        ->  Bitmap Heap Scan on sbtest3  (cost=34.38..3767.34 rows=970 width=121)
	              Recheck Cond: ((id >= 2072531) AND (id <= 2073530))
	              ->  Bitmap Index Scan on sbtest3_pkey  (cost=0.00..34.14 rows=970 width=0)
	                    Index Cond: ((id >= 2072531) AND (id <= 2073530))

table 4 : explain SELECT DISTINCT c FROM sbtest4 WHERE id BETWEEN 5629154 AND 5630153 ORDER BY c
	Unique  (cost=4042.01..4047.15 rows=1029 width=121)
	  ->  Sort  (cost=4042.01..4044.58 rows=1029 width=121)
	        Sort Key: c
	        ->  Bitmap Heap Scan on sbtest4  (cost=34.98..3990.52 rows=1029 width=121)
	              Recheck Cond: ((id >= 5629154) AND (id <= 5630153))
	              ->  Bitmap Index Scan on sbtest4_pkey  (cost=0.00..34.73 rows=1029 width=0)
	                    Index Cond: ((id >= 5629154) AND (id <= 5630153))

table 5 : explain SELECT DISTINCT c FROM sbtest5 WHERE id BETWEEN 7497729 AND 7498728 ORDER BY c
	Unique  (cost=3911.34..3916.31 rows=995 width=121)
	  ->  Sort  (cost=3911.34..3913.82 rows=995 width=121)
	        Sort Key: c
	        ->  Bitmap Heap Scan on sbtest5  (cost=34.63..3861.79 rows=995 width=121)
	              Recheck Cond: ((id >= 7497729) AND (id <= 7498728))
	              ->  Bitmap Index Scan on sbtest5_pkey  (cost=0.00..34.39 rows=995 width=0)
	                    Index Cond: ((id >= 7497729) AND (id <= 7498728))

table 6 : explain SELECT DISTINCT c FROM sbtest6 WHERE id BETWEEN 6506224 AND 6507223 ORDER BY c
	Unique  (cost=3877.45..3882.38 rows=987 width=121)
	  ->  Sort  (cost=3877.45..3879.92 rows=987 width=121)
	        Sort Key: c
	        ->  Bitmap Heap Scan on sbtest6  (cost=34.55..3828.36 rows=987 width=121)
	              Recheck Cond: ((id >= 6506224) AND (id <= 6507223))
	              ->  Bitmap Index Scan on sbtest6_pkey  (cost=0.00..34.31 rows=987 width=0)
	                    Index Cond: ((id >= 6506224) AND (id <= 6507223))

table 7 : explain SELECT DISTINCT c FROM sbtest7 WHERE id BETWEEN 2505382 AND 2506381 ORDER BY c
	Unique  (cost=3937.26..3942.27 rows=1002 width=121)
	  ->  Sort  (cost=3937.26..3939.76 rows=1002 width=121)
	        Sort Key: c
	        ->  Bitmap Heap Scan on sbtest7  (cost=34.71..3887.32 rows=1002 width=121)
	              Recheck Cond: ((id >= 2505382) AND (id <= 2506381))
	              ->  Bitmap Index Scan on sbtest7_pkey  (cost=0.00..34.45 rows=1002 width=0)
	                    Index Cond: ((id >= 2505382) AND (id <= 2506381))

table 8 : explain SELECT DISTINCT c FROM sbtest8 WHERE id BETWEEN 4305694 AND 4306693 ORDER BY c
	Unique  (cost=4059.90..4065.08 rows=1035 width=121)
	  ->  Sort  (cost=4059.90..4062.49 rows=1035 width=121)
	        Sort Key: c
	        ->  Bitmap Heap Scan on sbtest8  (cost=35.04..4008.07 rows=1035 width=121)
	              Recheck Cond: ((id >= 4305694) AND (id <= 4306693))
	              ->  Bitmap Index Scan on sbtest8_pkey  (cost=0.00..34.79 rows=1035 width=0)
	                    Index Cond: ((id >= 4305694) AND (id <= 4306693))

for: order_ranges
table 1 : explain SELECT c FROM sbtest1 WHERE id BETWEEN 8825540 AND 8826539 ORDER BY c
	Sort  (cost=3882.03..3884.50 rows=988 width=121)
	  Sort Key: c
	  ->  Bitmap Heap Scan on sbtest1  (cost=34.56..3832.88 rows=988 width=121)
	        Recheck Cond: ((id >= 8825540) AND (id <= 8826539))
	        ->  Bitmap Index Scan on sbtest1_pkey  (cost=0.00..34.32 rows=988 width=0)
	              Index Cond: ((id >= 8825540) AND (id <= 8826539))

table 2 : explain SELECT c FROM sbtest2 WHERE id BETWEEN 4314064 AND 4315063 ORDER BY c
	Sort  (cost=4001.08..4003.63 rows=1020 width=121)
	  Sort Key: c
	  ->  Bitmap Heap Scan on sbtest2  (cost=34.89..3950.11 rows=1020 width=121)
	        Recheck Cond: ((id >= 4314064) AND (id <= 4315063))
	        ->  Bitmap Index Scan on sbtest2_pkey  (cost=0.00..34.64 rows=1020 width=0)
	              Index Cond: ((id >= 4314064) AND (id <= 4315063))

table 3 : explain SELECT c FROM sbtest3 WHERE id BETWEEN 4980854 AND 4981853 ORDER BY c
	Sort  (cost=3596.49..3598.77 rows=913 width=121)
	  Sort Key: c
	  ->  Bitmap Heap Scan on sbtest3  (cost=33.79..3551.60 rows=913 width=121)
	        Recheck Cond: ((id >= 4980854) AND (id <= 4981853))
	        ->  Bitmap Index Scan on sbtest3_pkey  (cost=0.00..33.57 rows=913 width=0)
	              Index Cond: ((id >= 4980854) AND (id <= 4981853))

table 4 : explain SELECT c FROM sbtest4 WHERE id BETWEEN 2020986 AND 2021985 ORDER BY c
	Sort  (cost=3569.67..3571.94 rows=907 width=121)
	  Sort Key: c
	  ->  Bitmap Heap Scan on sbtest4  (cost=29.73..3525.11 rows=907 width=121)
	        Recheck Cond: ((id >= 2020986) AND (id <= 2021985))
	        ->  Bitmap Index Scan on sbtest4_pkey  (cost=0.00..29.50 rows=907 width=0)
	              Index Cond: ((id >= 2020986) AND (id <= 2021985))

table 5 : explain SELECT c FROM sbtest5 WHERE id BETWEEN 1927250 AND 1928249 ORDER BY c
	Sort  (cost=4542.84..4545.74 rows=1160 width=121)
	  Sort Key: c
	  ->  Bitmap Heap Scan on sbtest5  (cost=40.33..4483.80 rows=1160 width=121)
	        Recheck Cond: ((id >= 1927250) AND (id <= 1928249))
	        ->  Bitmap Index Scan on sbtest5_pkey  (cost=0.00..40.04 rows=1160 width=0)
	              Index Cond: ((id >= 1927250) AND (id <= 1928249))

table 6 : explain SELECT c FROM sbtest6 WHERE id BETWEEN 8004879 AND 8005878 ORDER BY c
	Sort  (cost=3957.88..3960.40 rows=1008 width=121)
	  Sort Key: c
	  ->  Bitmap Heap Scan on sbtest6  (cost=34.77..3907.59 rows=1008 width=121)
	        Recheck Cond: ((id >= 8004879) AND (id <= 8005878))
	        ->  Bitmap Index Scan on sbtest6_pkey  (cost=0.00..34.52 rows=1008 width=0)
	              Index Cond: ((id >= 8004879) AND (id <= 8005878))

table 7 : explain SELECT c FROM sbtest7 WHERE id BETWEEN 8338015 AND 8339014 ORDER BY c
	Sort  (cost=3941.09..3943.60 rows=1003 width=121)
	  Sort Key: c
	  ->  Bitmap Heap Scan on sbtest7  (cost=34.72..3891.09 rows=1003 width=121)
	        Recheck Cond: ((id >= 8338015) AND (id <= 8339014))
	        ->  Bitmap Index Scan on sbtest7_pkey  (cost=0.00..34.47 rows=1003 width=0)
	              Index Cond: ((id >= 8338015) AND (id <= 8339014))

table 8 : explain SELECT c FROM sbtest8 WHERE id BETWEEN 9107614 AND 9108613 ORDER BY c
	Sort  (cost=3933.66..3936.17 rows=1002 width=121)
	  Sort Key: c
	  ->  Bitmap Heap Scan on sbtest8  (cost=34.71..3883.72 rows=1002 width=121)
	        Recheck Cond: ((id >= 9107614) AND (id <= 9108613))
	        ->  Bitmap Index Scan on sbtest8_pkey  (cost=0.00..34.45 rows=1002 width=0)
	              Index Cond: ((id >= 9107614) AND (id <= 9108613))

explain: for point_selects :: explain SELECT c FROM sbtest%u WHERE id=%u
for: order_ranges
table 1 : explain SELECT c FROM sbtest1 WHERE id BETWEEN 4250515 AND 4251514 ORDER BY c
	Sort  (cost=3605.80..3608.09 rows=916 width=121)
	  Sort Key: c
	  ->  Bitmap Heap Scan on sbtest1  (cost=33.82..3560.73 rows=916 width=121)
	        Recheck Cond: ((id >= 4250515) AND (id <= 4251514))
	        ->  Bitmap Index Scan on sbtest1_pkey  (cost=0.00..33.59 rows=916 width=0)
	              Index Cond: ((id >= 4250515) AND (id <= 4251514))

table 2 : explain SELECT c FROM sbtest2 WHERE id BETWEEN 3220399 AND 3221398 ORDER BY c
	Sort  (cost=3729.33..3731.70 rows=949 width=121)
	  Sort Key: c
	  ->  Bitmap Heap Scan on sbtest2  (cost=34.16..3682.40 rows=949 width=121)
	        Recheck Cond: ((id >= 3220399) AND (id <= 3221398))
	        ->  Bitmap Index Scan on sbtest2_pkey  (cost=0.00..33.93 rows=949 width=0)
	              Index Cond: ((id >= 3220399) AND (id <= 3221398))

table 3 : explain SELECT c FROM sbtest3 WHERE id BETWEEN 6439058 AND 6440057 ORDER BY c
	Sort  (cost=4026.38..4028.94 rows=1025 width=121)
	  Sort Key: c
	  ->  Bitmap Heap Scan on sbtest3  (cost=34.94..3975.12 rows=1025 width=121)
	        Recheck Cond: ((id >= 6439058) AND (id <= 6440057))
	        ->  Bitmap Index Scan on sbtest3_pkey  (cost=0.00..34.69 rows=1025 width=0)
	              Index Cond: ((id >= 6439058) AND (id <= 6440057))

table 4 : explain SELECT c FROM sbtest4 WHERE id BETWEEN 3255677 AND 3256676 ORDER BY c
	Sort  (cost=3788.86..3791.27 rows=963 width=121)
	  Sort Key: c
	  ->  Bitmap Heap Scan on sbtest4  (cost=34.31..3741.14 rows=963 width=121)
	        Recheck Cond: ((id >= 3255677) AND (id <= 3256676))
	        ->  Bitmap Index Scan on sbtest4_pkey  (cost=0.00..34.07 rows=963 width=0)
	              Index Cond: ((id >= 3255677) AND (id <= 3256676))

table 5 : explain SELECT c FROM sbtest5 WHERE id BETWEEN 6508299 AND 6509298 ORDER BY c
	Sort  (cost=3746.32..3748.70 rows=952 width=121)
	  Sort Key: c
	  ->  Bitmap Heap Scan on sbtest5  (cost=34.19..3699.22 rows=952 width=121)
	        Recheck Cond: ((id >= 6508299) AND (id <= 6509298))
	        ->  Bitmap Index Scan on sbtest5_pkey  (cost=0.00..33.95 rows=952 width=0)
	              Index Cond: ((id >= 6508299) AND (id <= 6509298))

table 6 : explain SELECT c FROM sbtest6 WHERE id BETWEEN 14205 AND 15204 ORDER BY c
	Sort  (cost=3996.16..3998.70 rows=1018 width=121)
	  Sort Key: c
	  ->  Bitmap Heap Scan on sbtest6  (cost=34.87..3945.30 rows=1018 width=121)
	        Recheck Cond: ((id >= 14205) AND (id <= 15204))
	        ->  Bitmap Index Scan on sbtest6_pkey  (cost=0.00..34.62 rows=1018 width=0)
	              Index Cond: ((id >= 14205) AND (id <= 15204))

table 7 : explain SELECT c FROM sbtest7 WHERE id BETWEEN 5415505 AND 5416504 ORDER BY c
	Sort  (cost=4151.72..4154.37 rows=1058 width=121)
	  Sort Key: c
	  ->  Bitmap Heap Scan on sbtest7  (cost=35.28..4098.57 rows=1058 width=121)
	        Recheck Cond: ((id >= 5415505) AND (id <= 5416504))
	        ->  Bitmap Index Scan on sbtest7_pkey  (cost=0.00..35.02 rows=1058 width=0)
	              Index Cond: ((id >= 5415505) AND (id <= 5416504))

table 8 : explain SELECT c FROM sbtest8 WHERE id BETWEEN 6577221 AND 6578220 ORDER BY c
	Sort  (cost=3538.62..3540.87 rows=900 width=121)
	  Sort Key: c
	  ->  Bitmap Heap Scan on sbtest8  (cost=29.66..3494.45 rows=900 width=121)
	        Recheck Cond: ((id >= 6577221) AND (id <= 6578220))
	        ->  Bitmap Index Scan on sbtest8_pkey  (cost=0.00..29.43 rows=900 width=0)
	              Index Cond: ((id >= 6577221) AND (id <= 6578220))

for: order_ranges
table 1 : explain SELECT c FROM sbtest1 WHERE id BETWEEN 9780820 AND 9781819 ORDER BY c
	Sort  (cost=4207.34..4210.02 rows=1073 width=121)
	  Sort Key: c
	  ->  Bitmap Heap Scan on sbtest1  (cost=35.43..4153.33 rows=1073 width=121)
	        Recheck Cond: ((id >= 9780820) AND (id <= 9781819))
	        ->  Bitmap Index Scan on sbtest1_pkey  (cost=0.00..35.17 rows=1073 width=0)
	              Index Cond: ((id >= 9780820) AND (id <= 9781819))

table 2 : explain SELECT c FROM sbtest2 WHERE id BETWEEN 7366065 AND 7367064 ORDER BY c
	Sort  (cost=4069.88..4072.48 rows=1038 width=121)
	  Sort Key: c
	  ->  Bitmap Heap Scan on sbtest2  (cost=35.07..4017.88 rows=1038 width=121)
	        Recheck Cond: ((id >= 7366065) AND (id <= 7367064))
	        ->  Bitmap Index Scan on sbtest2_pkey  (cost=0.00..34.82 rows=1038 width=0)
	              Index Cond: ((id >= 7366065) AND (id <= 7367064))

table 3 : explain SELECT c FROM sbtest3 WHERE id BETWEEN 2479092 AND 2480091 ORDER BY c
	Sort  (cost=3915.21..3917.70 rows=996 width=121)
	  Sort Key: c
	  ->  Bitmap Heap Scan on sbtest3  (cost=34.64..3865.61 rows=996 width=121)
	        Recheck Cond: ((id >= 2479092) AND (id <= 2480091))
	        ->  Bitmap Index Scan on sbtest3_pkey  (cost=0.00..34.40 rows=996 width=0)
	              Index Cond: ((id >= 2479092) AND (id <= 2480091))

table 4 : explain SELECT c FROM sbtest4 WHERE id BETWEEN 2396243 AND 2397242 ORDER BY c
	Sort  (cost=4367.47..4370.25 rows=1113 width=121)
	  Sort Key: c
	  ->  Bitmap Heap Scan on sbtest4  (cost=39.84..4311.15 rows=1113 width=121)
	        Recheck Cond: ((id >= 2396243) AND (id <= 2397242))
	        ->  Bitmap Index Scan on sbtest4_pkey  (cost=0.00..39.57 rows=1113 width=0)
	              Index Cond: ((id >= 2396243) AND (id <= 2397242))

table 5 : explain SELECT c FROM sbtest5 WHERE id BETWEEN 1138657 AND 1139656 ORDER BY c
	Sort  (cost=4045.49..4048.07 rows=1030 width=121)
	  Sort Key: c
	  ->  Bitmap Heap Scan on sbtest5  (cost=34.99..3993.95 rows=1030 width=121)
	        Recheck Cond: ((id >= 1138657) AND (id <= 1139656))
	        ->  Bitmap Index Scan on sbtest5_pkey  (cost=0.00..34.73 rows=1030 width=0)
	              Index Cond: ((id >= 1138657) AND (id <= 1139656))

table 6 : explain SELECT c FROM sbtest6 WHERE id BETWEEN 5516314 AND 5517313 ORDER BY c
	Sort  (cost=3988.50..3991.04 rows=1016 width=121)
	  Sort Key: c
	  ->  Bitmap Heap Scan on sbtest6  (cost=34.85..3937.76 rows=1016 width=121)
	        Recheck Cond: ((id >= 5516314) AND (id <= 5517313))
	        ->  Bitmap Index Scan on sbtest6_pkey  (cost=0.00..34.59 rows=1016 width=0)
	              Index Cond: ((id >= 5516314) AND (id <= 5517313))

table 7 : explain SELECT c FROM sbtest7 WHERE id BETWEEN 2835474 AND 2836473 ORDER BY c
	Sort  (cost=4339.26..4342.02 rows=1106 width=121)
	  Sort Key: c
	  ->  Bitmap Heap Scan on sbtest7  (cost=39.77..4283.34 rows=1106 width=121)
	        Recheck Cond: ((id >= 2835474) AND (id <= 2836473))
	        ->  Bitmap Index Scan on sbtest7_pkey  (cost=0.00..39.50 rows=1106 width=0)
	              Index Cond: ((id >= 2835474) AND (id <= 2836473))

table 8 : explain SELECT c FROM sbtest8 WHERE id BETWEEN 6552304 AND 6553303 ORDER BY c
	Sort  (cost=4063.73..4066.32 rows=1036 width=121)
	  Sort Key: c
	  ->  Bitmap Heap Scan on sbtest8  (cost=35.05..4011.84 rows=1036 width=121)
	        Recheck Cond: ((id >= 6552304) AND (id <= 6553303))
	        ->  Bitmap Index Scan on sbtest8_pkey  (cost=0.00..34.80 rows=1036 width=0)
	              Index Cond: ((id >= 6552304) AND (id <= 6553303))

for: sum_ranges
table 1 : explain SELECT SUM(k) FROM sbtest1 WHERE id BETWEEN 9454175 AND 9455174
	Aggregate  (cost=3763.55..3763.56 rows=1 width=8)
	  ->  Bitmap Heap Scan on sbtest1  (cost=34.37..3761.13 rows=969 width=4)
	        Recheck Cond: ((id >= 9454175) AND (id <= 9455174))
	        ->  Bitmap Index Scan on sbtest1_pkey  (cost=0.00..34.12 rows=969 width=0)
	              Index Cond: ((id >= 9454175) AND (id <= 9455174))

table 2 : explain SELECT SUM(k) FROM sbtest2 WHERE id BETWEEN 6913645 AND 6914644
	Aggregate  (cost=4054.37..4054.38 rows=1 width=8)
	  ->  Bitmap Heap Scan on sbtest2  (cost=35.17..4051.75 rows=1047 width=4)
	        Recheck Cond: ((id >= 6913645) AND (id <= 6914644))
	        ->  Bitmap Index Scan on sbtest2_pkey  (cost=0.00..34.91 rows=1047 width=0)
	              Index Cond: ((id >= 6913645) AND (id <= 6914644))

table 3 : explain SELECT SUM(k) FROM sbtest3 WHERE id BETWEEN 201579 AND 202578
	Aggregate  (cost=3769.76..3769.77 rows=1 width=8)
	  ->  Bitmap Heap Scan on sbtest3  (cost=34.38..3767.34 rows=970 width=4)
	        Recheck Cond: ((id >= 201579) AND (id <= 202578))
	        ->  Bitmap Index Scan on sbtest3_pkey  (cost=0.00..34.14 rows=970 width=0)
	              Index Cond: ((id >= 201579) AND (id <= 202578))

table 4 : explain SELECT SUM(k) FROM sbtest4 WHERE id BETWEEN 4692109 AND 4693108
	Aggregate  (cost=3838.14..3838.15 rows=1 width=8)
	  ->  Bitmap Heap Scan on sbtest4  (cost=34.56..3835.67 rows=988 width=4)
	        Recheck Cond: ((id >= 4692109) AND (id <= 4693108))
	        ->  Bitmap Index Scan on sbtest4_pkey  (cost=0.00..34.32 rows=988 width=0)
	              Index Cond: ((id >= 4692109) AND (id <= 4693108))

table 5 : explain SELECT SUM(k) FROM sbtest5 WHERE id BETWEEN 6627718 AND 6628717
	Aggregate  (cost=3447.44..3447.45 rows=1 width=8)
	  ->  Bitmap Heap Scan on sbtest5  (cost=29.52..3445.22 rows=886 width=4)
	        Recheck Cond: ((id >= 6627718) AND (id <= 6628717))
	        ->  Bitmap Index Scan on sbtest5_pkey  (cost=0.00..29.29 rows=886 width=0)
	              Index Cond: ((id >= 6627718) AND (id <= 6628717))

table 6 : explain SELECT SUM(k) FROM sbtest6 WHERE id BETWEEN 2655501 AND 2656500
	Aggregate  (cost=3796.83..3796.84 rows=1 width=8)
	  ->  Bitmap Heap Scan on sbtest6  (cost=34.46..3794.39 rows=978 width=4)
	        Recheck Cond: ((id >= 2655501) AND (id <= 2656500))
	        ->  Bitmap Index Scan on sbtest6_pkey  (cost=0.00..34.22 rows=978 width=0)
	              Index Cond: ((id >= 2655501) AND (id <= 2656500))

table 7 : explain SELECT SUM(k) FROM sbtest7 WHERE id BETWEEN 2100330 AND 2101329
	Aggregate  (cost=3757.50..3757.51 rows=1 width=8)
	  ->  Bitmap Heap Scan on sbtest7  (cost=34.35..3755.08 rows=967 width=4)
	        Recheck Cond: ((id >= 2100330) AND (id <= 2101329))
	        ->  Bitmap Index Scan on sbtest7_pkey  (cost=0.00..34.11 rows=967 width=0)
	              Index Cond: ((id >= 2100330) AND (id <= 2101329))

table 8 : explain SELECT SUM(k) FROM sbtest8 WHERE id BETWEEN 2471729 AND 2472728
	Aggregate  (cost=3863.58..3863.59 rows=1 width=8)
	  ->  Bitmap Heap Scan on sbtest8  (cost=34.64..3861.09 rows=996 width=4)
	        Recheck Cond: ((id >= 2471729) AND (id <= 2472728))
	        ->  Bitmap Index Scan on sbtest8_pkey  (cost=0.00..34.40 rows=996 width=0)
	              Index Cond: ((id >= 2471729) AND (id <= 2472728))

for: order_ranges
table 1 : explain SELECT c FROM sbtest1 WHERE id BETWEEN 4269859 AND 4270858 ORDER BY c
	Sort  (cost=3605.80..3608.09 rows=916 width=121)
	  Sort Key: c
	  ->  Bitmap Heap Scan on sbtest1  (cost=33.82..3560.73 rows=916 width=121)
	        Recheck Cond: ((id >= 4269859) AND (id <= 4270858))
	        ->  Bitmap Index Scan on sbtest1_pkey  (cost=0.00..33.59 rows=916 width=0)
	              Index Cond: ((id >= 4269859) AND (id <= 4270858))

table 2 : explain SELECT c FROM sbtest2 WHERE id BETWEEN 920075 AND 921074 ORDER BY c
	Sort  (cost=4455.49..4458.33 rows=1139 width=121)
	  Sort Key: c
	  ->  Bitmap Heap Scan on sbtest2  (cost=40.11..4397.66 rows=1139 width=121)
	        Recheck Cond: ((id >= 920075) AND (id <= 921074))
	        ->  Bitmap Index Scan on sbtest2_pkey  (cost=0.00..39.83 rows=1139 width=0)
	              Index Cond: ((id >= 920075) AND (id <= 921074))

table 3 : explain SELECT c FROM sbtest3 WHERE id BETWEEN 2266491 AND 2267490 ORDER BY c
	Sort  (cost=4298.31..4301.05 rows=1095 width=121)
	  Sort Key: c
	  ->  Bitmap Heap Scan on sbtest3  (cost=39.66..4243.04 rows=1095 width=121)
	        Recheck Cond: ((id >= 2266491) AND (id <= 2267490))
	        ->  Bitmap Index Scan on sbtest3_pkey  (cost=0.00..39.39 rows=1095 width=0)
	              Index Cond: ((id >= 2266491) AND (id <= 2267490))

table 4 : explain SELECT c FROM sbtest4 WHERE id BETWEEN 2930562 AND 2931561 ORDER BY c
	Sort  (cost=3919.33..3921.83 rows=997 width=121)
	  Sort Key: c
	  ->  Bitmap Heap Scan on sbtest4  (cost=34.65..3869.68 rows=997 width=121)
	        Recheck Cond: ((id >= 2930562) AND (id <= 2931561))
	        ->  Bitmap Index Scan on sbtest4_pkey  (cost=0.00..34.41 rows=997 width=0)
	              Index Cond: ((id >= 2930562) AND (id <= 2931561))

table 5 : explain SELECT c FROM sbtest5 WHERE id BETWEEN 485571 AND 486570 ORDER BY c
	Sort  (cost=3934.34..3936.85 rows=1001 width=121)
	  Sort Key: c
	  ->  Bitmap Heap Scan on sbtest5  (cost=34.70..3884.46 rows=1001 width=121)
	        Recheck Cond: ((id >= 485571) AND (id <= 486570))
	        ->  Bitmap Index Scan on sbtest5_pkey  (cost=0.00..34.45 rows=1001 width=0)
	              Index Cond: ((id >= 485571) AND (id <= 486570))

table 6 : explain SELECT c FROM sbtest6 WHERE id BETWEEN 135719 AND 136718 ORDER BY c
	Sort  (cost=3689.58..3691.92 rows=938 width=121)
	  Sort Key: c
	  ->  Bitmap Heap Scan on sbtest6  (cost=34.05..3643.27 rows=938 width=121)
	        Recheck Cond: ((id >= 135719) AND (id <= 136718))
	        ->  Bitmap Index Scan on sbtest6_pkey  (cost=0.00..33.82 rows=938 width=0)
	              Index Cond: ((id >= 135719) AND (id <= 136718))

table 7 : explain SELECT c FROM sbtest7 WHERE id BETWEEN 7940984 AND 7941983 ORDER BY c
	Sort  (cost=3741.63..3744.00 rows=951 width=121)
	  Sort Key: c
	  ->  Bitmap Heap Scan on sbtest7  (cost=34.18..3694.58 rows=951 width=121)
	        Recheck Cond: ((id >= 7940984) AND (id <= 7941983))
	        ->  Bitmap Index Scan on sbtest7_pkey  (cost=0.00..33.95 rows=951 width=0)
	              Index Cond: ((id >= 7940984) AND (id <= 7941983))

table 8 : explain SELECT c FROM sbtest8 WHERE id BETWEEN 9427426 AND 9428425 ORDER BY c
	Sort  (cost=3661.60..3663.93 rows=931 width=121)
	  Sort Key: c
	  ->  Bitmap Heap Scan on sbtest8  (cost=33.98..3615.69 rows=931 width=121)
	        Recheck Cond: ((id >= 9427426) AND (id <= 9428425))
	        ->  Bitmap Index Scan on sbtest8_pkey  (cost=0.00..33.75 rows=931 width=0)
	              Index Cond: ((id >= 9427426) AND (id <= 9428425))

for: distinct_ranges
table 1 : explain SELECT DISTINCT c FROM sbtest1 WHERE id BETWEEN 6287886 AND 6288885 ORDER BY c
	Unique  (cost=3866.70..3871.62 rows=984 width=121)
	  ->  Sort  (cost=3866.70..3869.16 rows=984 width=121)
	        Sort Key: c
	        ->  Bitmap Heap Scan on sbtest1  (cost=34.52..3817.78 rows=984 width=121)
	              Recheck Cond: ((id >= 6287886) AND (id <= 6288885))
	              ->  Bitmap Index Scan on sbtest1_pkey  (cost=0.00..34.28 rows=984 width=0)
	                    Index Cond: ((id >= 6287886) AND (id <= 6288885))

table 2 : explain SELECT DISTINCT c FROM sbtest2 WHERE id BETWEEN 7939928 AND 7940927 ORDER BY c
	Unique  (cost=3668.00..3672.66 rows=933 width=121)
	  ->  Sort  (cost=3668.00..3670.33 rows=933 width=121)
	        Sort Key: c
	        ->  Bitmap Heap Scan on sbtest2  (cost=34.00..3621.98 rows=933 width=121)
	              Recheck Cond: ((id >= 7939928) AND (id <= 7940927))
	              ->  Bitmap Index Scan on sbtest2_pkey  (cost=0.00..33.77 rows=933 width=0)
	                    Index Cond: ((id >= 7939928) AND (id <= 7940927))

table 3 : explain SELECT DISTINCT c FROM sbtest3 WHERE id BETWEEN 7182812 AND 7183811 ORDER BY c
	Unique  (cost=3757.87..3762.65 rows=955 width=121)
	  ->  Sort  (cost=3757.87..3760.26 rows=955 width=121)
	        Sort Key: c
	        ->  Bitmap Heap Scan on sbtest3  (cost=34.22..3710.60 rows=955 width=121)
	              Recheck Cond: ((id >= 7182812) AND (id <= 7183811))
	              ->  Bitmap Index Scan on sbtest3_pkey  (cost=0.00..33.98 rows=955 width=0)
	                    Index Cond: ((id >= 7182812) AND (id <= 7183811))

table 4 : explain SELECT DISTINCT c FROM sbtest4 WHERE id BETWEEN 9129407 AND 9130406 ORDER BY c
	Unique  (cost=4153.08..4158.37 rows=1058 width=121)
	  ->  Sort  (cost=4153.08..4155.72 rows=1058 width=121)
	        Sort Key: c
	        ->  Bitmap Heap Scan on sbtest4  (cost=35.28..4099.93 rows=1058 width=121)
	              Recheck Cond: ((id >= 9129407) AND (id <= 9130406))
	              ->  Bitmap Index Scan on sbtest4_pkey  (cost=0.00..35.02 rows=1058 width=0)
	                    Index Cond: ((id >= 9129407) AND (id <= 9130406))

table 5 : explain SELECT DISTINCT c FROM sbtest5 WHERE id BETWEEN 214646 AND 215645 ORDER BY c
	Unique  (cost=4003.34..4008.44 rows=1019 width=121)
	  ->  Sort  (cost=4003.34..4005.89 rows=1019 width=121)
	        Sort Key: c
	        ->  Bitmap Heap Scan on sbtest5  (cost=34.88..3952.43 rows=1019 width=121)
	              Recheck Cond: ((id >= 214646) AND (id <= 215645))
	              ->  Bitmap Index Scan on sbtest5_pkey  (cost=0.00..34.62 rows=1019 width=0)
	                    Index Cond: ((id >= 214646) AND (id <= 215645))

table 6 : explain SELECT DISTINCT c FROM sbtest6 WHERE id BETWEEN 4185594 AND 4186593 ORDER BY c
	Unique  (cost=4065.03..4070.21 rows=1036 width=121)
	  ->  Sort  (cost=4065.03..4067.62 rows=1036 width=121)
	        Sort Key: c
	        ->  Bitmap Heap Scan on sbtest6  (cost=35.05..4013.15 rows=1036 width=121)
	              Recheck Cond: ((id >= 4185594) AND (id <= 4186593))
	              ->  Bitmap Index Scan on sbtest6_pkey  (cost=0.00..34.80 rows=1036 width=0)
	                    Index Cond: ((id >= 4185594) AND (id <= 4186593))

table 7 : explain SELECT DISTINCT c FROM sbtest7 WHERE id BETWEEN 7252692 AND 7253691 ORDER BY c
	Unique  (cost=3560.90..3565.43 rows=905 width=121)
	  ->  Sort  (cost=3560.90..3563.17 rows=905 width=121)
	        Sort Key: c
	        ->  Bitmap Heap Scan on sbtest7  (cost=29.71..3516.46 rows=905 width=121)
	              Recheck Cond: ((id >= 7252692) AND (id <= 7253691))
	              ->  Bitmap Index Scan on sbtest7_pkey  (cost=0.00..29.48 rows=905 width=0)
	                    Index Cond: ((id >= 7252692) AND (id <= 7253691))

table 8 : explain SELECT DISTINCT c FROM sbtest8 WHERE id BETWEEN 9700014 AND 9701013 ORDER BY c
	Unique  (cost=3814.95..3819.80 rows=971 width=121)
	  ->  Sort  (cost=3814.95..3817.38 rows=971 width=121)
	        Sort Key: c
	        ->  Bitmap Heap Scan on sbtest8  (cost=34.39..3766.77 rows=971 width=121)
	              Recheck Cond: ((id >= 9700014) AND (id <= 9701013))
	              ->  Bitmap Index Scan on sbtest8_pkey  (cost=0.00..34.15 rows=971 width=0)
	                    Index Cond: ((id >= 9700014) AND (id <= 9701013))

for: order_ranges
table 1 : explain SELECT c FROM sbtest1 WHERE id BETWEEN 819784 AND 820783 ORDER BY c
	Sort  (cost=3859.03..3861.49 rows=982 width=121)
	  Sort Key: c
	  ->  Bitmap Heap Scan on sbtest1  (cost=34.50..3810.23 rows=982 width=121)
	        Recheck Cond: ((id >= 819784) AND (id <= 820783))
	        ->  Bitmap Index Scan on sbtest1_pkey  (cost=0.00..34.26 rows=982 width=0)
	              Index Cond: ((id >= 819784) AND (id <= 820783))

table 2 : explain SELECT c FROM sbtest2 WHERE id BETWEEN 7497771 AND 7498770 ORDER BY c
	Sort  (cost=3564.28..3566.54 rows=907 width=121)
	  Sort Key: c
	  ->  Bitmap Heap Scan on sbtest2  (cost=29.73..3519.72 rows=907 width=121)
	        Recheck Cond: ((id >= 7497771) AND (id <= 7498770))
	        ->  Bitmap Index Scan on sbtest2_pkey  (cost=0.00..29.50 rows=907 width=0)
	              Index Cond: ((id >= 7497771) AND (id <= 7498770))

table 3 : explain SELECT c FROM sbtest3 WHERE id BETWEEN 9138837 AND 9139836 ORDER BY c
	Sort  (cost=4202.51..4205.19 rows=1071 width=121)
	  Sort Key: c
	  ->  Bitmap Heap Scan on sbtest3  (cost=35.41..4148.62 rows=1071 width=121)
	        Recheck Cond: ((id >= 9138837) AND (id <= 9139836))
	        ->  Bitmap Index Scan on sbtest3_pkey  (cost=0.00..35.15 rows=1071 width=0)
	              Index Cond: ((id >= 9138837) AND (id <= 9139836))

table 4 : explain SELECT c FROM sbtest4 WHERE id BETWEEN 394676 AND 395675 ORDER BY c
	Sort  (cost=3827.25..3829.68 rows=973 width=121)
	  Sort Key: c
	  ->  Bitmap Heap Scan on sbtest4  (cost=34.41..3778.96 rows=973 width=121)
	        Recheck Cond: ((id >= 394676) AND (id <= 395675))
	        ->  Bitmap Index Scan on sbtest4_pkey  (cost=0.00..34.17 rows=973 width=0)
	              Index Cond: ((id >= 394676) AND (id <= 395675))

table 5 : explain SELECT c FROM sbtest5 WHERE id BETWEEN 1323647 AND 1324646 ORDER BY c
	Sort  (cost=4190.99..4193.66 rows=1068 width=121)
	  Sort Key: c
	  ->  Bitmap Heap Scan on sbtest5  (cost=35.38..4137.27 rows=1068 width=121)
	        Recheck Cond: ((id >= 1323647) AND (id <= 1324646))
	        ->  Bitmap Index Scan on sbtest5_pkey  (cost=0.00..35.12 rows=1068 width=0)
	              Index Cond: ((id >= 1323647) AND (id <= 1324646))

table 6 : explain SELECT c FROM sbtest6 WHERE id BETWEEN 6834122 AND 6835121 ORDER BY c
	Sort  (cost=3988.50..3991.04 rows=1016 width=121)
	  Sort Key: c
	  ->  Bitmap Heap Scan on sbtest6  (cost=34.85..3937.76 rows=1016 width=121)
	        Recheck Cond: ((id >= 6834122) AND (id <= 6835121))
	        ->  Bitmap Index Scan on sbtest6_pkey  (cost=0.00..34.59 rows=1016 width=0)
	              Index Cond: ((id >= 6834122) AND (id <= 6835121))

table 7 : explain SELECT c FROM sbtest7 WHERE id BETWEEN 9808258 AND 9809257 ORDER BY c
	Sort  (cost=4354.54..4357.32 rows=1110 width=121)
	  Sort Key: c
	  ->  Bitmap Heap Scan on sbtest7  (cost=39.81..4298.40 rows=1110 width=121)
	        Recheck Cond: ((id >= 9808258) AND (id <= 9809257))
	        ->  Bitmap Index Scan on sbtest7_pkey  (cost=0.00..39.54 rows=1110 width=0)
	              Index Cond: ((id >= 9808258) AND (id <= 9809257))

table 8 : explain SELECT c FROM sbtest8 WHERE id BETWEEN 2359038 AND 2360037 ORDER BY c
	Sort  (cost=3868.57..3871.04 rows=985 width=121)
	  Sort Key: c
	  ->  Bitmap Heap Scan on sbtest8  (cost=34.53..3819.60 rows=985 width=121)
	        Recheck Cond: ((id >= 2359038) AND (id <= 2360037))
	        ->  Bitmap Index Scan on sbtest8_pkey  (cost=0.00..34.29 rows=985 width=0)
	              Index Cond: ((id >= 2359038) AND (id <= 2360037))

explain: for point_selects :: explain SELECT c FROM sbtest%u WHERE id=%u
for: simple_ranges
table 1 : explain SELECT c FROM sbtest1 WHERE id BETWEEN 3968523 AND 3969522
	Bitmap Heap Scan on sbtest1  (cost=33.85..3572.09 rows=919 width=121)
	  Recheck Cond: ((id >= 3968523) AND (id <= 3969522))
	  ->  Bitmap Index Scan on sbtest1_pkey  (cost=0.00..33.62 rows=919 width=0)
	        Index Cond: ((id >= 3968523) AND (id <= 3969522))

table 2 : explain SELECT c FROM sbtest2 WHERE id BETWEEN 2543297 AND 2544296
	Bitmap Heap Scan on sbtest2  (cost=33.87..3572.86 rows=920 width=121)
	  Recheck Cond: ((id >= 2543297) AND (id <= 2544296))
	  ->  Bitmap Index Scan on sbtest2_pkey  (cost=0.00..33.64 rows=920 width=0)
	        Index Cond: ((id >= 2543297) AND (id <= 2544296))

table 3 : explain SELECT c FROM sbtest3 WHERE id BETWEEN 4033220 AND 4034219
	Bitmap Heap Scan on sbtest3  (cost=34.52..3820.26 rows=984 width=121)
	  Recheck Cond: ((id >= 4033220) AND (id <= 4034219))
	  ->  Bitmap Index Scan on sbtest3_pkey  (cost=0.00..34.28 rows=984 width=0)
	        Index Cond: ((id >= 4033220) AND (id <= 4034219))

table 4 : explain SELECT c FROM sbtest4 WHERE id BETWEEN 864378 AND 865377
	Bitmap Heap Scan on sbtest4  (cost=34.53..3824.33 rows=985 width=121)
	  Recheck Cond: ((id >= 864378) AND (id <= 865377))
	  ->  Bitmap Index Scan on sbtest4_pkey  (cost=0.00..34.29 rows=985 width=0)
	        Index Cond: ((id >= 864378) AND (id <= 865377))

table 5 : explain SELECT c FROM sbtest5 WHERE id BETWEEN 9436311 AND 9437310
	Bitmap Heap Scan on sbtest5  (cost=34.47..3801.33 rows=979 width=121)
	  Recheck Cond: ((id >= 9436311) AND (id <= 9437310))
	  ->  Bitmap Index Scan on sbtest5_pkey  (cost=0.00..34.23 rows=979 width=0)
	        Index Cond: ((id >= 9436311) AND (id <= 9437310))

table 6 : explain SELECT c FROM sbtest6 WHERE id BETWEEN 306897 AND 307896
	Bitmap Heap Scan on sbtest6  (cost=35.18..4058.36 rows=1048 width=121)
	  Recheck Cond: ((id >= 306897) AND (id <= 307896))
	  ->  Bitmap Index Scan on sbtest6_pkey  (cost=0.00..34.92 rows=1048 width=0)
	        Index Cond: ((id >= 306897) AND (id <= 307896))

table 7 : explain SELECT c FROM sbtest7 WHERE id BETWEEN 1865658 AND 1866657
	Bitmap Heap Scan on sbtest7  (cost=33.91..3592.41 rows=924 width=121)
	  Recheck Cond: ((id >= 1865658) AND (id <= 1866657))
	  ->  Bitmap Index Scan on sbtest7_pkey  (cost=0.00..33.68 rows=924 width=0)
	        Index Cond: ((id >= 1865658) AND (id <= 1866657))

table 8 : explain SELECT c FROM sbtest8 WHERE id BETWEEN 4421138 AND 4422137
	Bitmap Heap Scan on sbtest8  (cost=34.65..3864.86 rows=997 width=121)
	  Recheck Cond: ((id >= 4421138) AND (id <= 4422137))
	  ->  Bitmap Index Scan on sbtest8_pkey  (cost=0.00..34.41 rows=997 width=0)
	        Index Cond: ((id >= 4421138) AND (id <= 4422137))

for: order_ranges
table 1 : explain SELECT c FROM sbtest1 WHERE id BETWEEN 3192881 AND 3193880 ORDER BY c
	Sort  (cost=3459.60..3461.79 rows=879 width=121)
	  Sort Key: c
	  ->  Bitmap Heap Scan on sbtest1  (cost=29.44..3416.61 rows=879 width=121)
	        Recheck Cond: ((id >= 3192881) AND (id <= 3193880))
	        ->  Bitmap Index Scan on sbtest1_pkey  (cost=0.00..29.22 rows=879 width=0)
	              Index Cond: ((id >= 3192881) AND (id <= 3193880))

table 2 : explain SELECT c FROM sbtest2 WHERE id BETWEEN 4648612 AND 4649611 ORDER BY c
	Sort  (cost=4253.16..4255.87 rows=1086 width=121)
	  Sort Key: c
	  ->  Bitmap Heap Scan on sbtest2  (cost=35.57..4198.40 rows=1086 width=121)
	        Recheck Cond: ((id >= 4648612) AND (id <= 4649611))
	        ->  Bitmap Index Scan on sbtest2_pkey  (cost=0.00..35.30 rows=1086 width=0)
	              Index Cond: ((id >= 4648612) AND (id <= 4649611))

table 3 : explain SELECT c FROM sbtest3 WHERE id BETWEEN 693583 AND 694582 ORDER BY c
	Sort  (cost=3915.21..3917.70 rows=996 width=121)
	  Sort Key: c
	  ->  Bitmap Heap Scan on sbtest3  (cost=34.64..3865.61 rows=996 width=121)
	        Recheck Cond: ((id >= 693583) AND (id <= 694582))
	        ->  Bitmap Index Scan on sbtest3_pkey  (cost=0.00..34.40 rows=996 width=0)
	              Index Cond: ((id >= 693583) AND (id <= 694582))

table 4 : explain SELECT c FROM sbtest4 WHERE id BETWEEN 7272254 AND 7273253 ORDER BY c
	Sort  (cost=3561.98..3564.24 rows=905 width=121)
	  Sort Key: c
	  ->  Bitmap Heap Scan on sbtest4  (cost=29.71..3517.53 rows=905 width=121)
	        Recheck Cond: ((id >= 7272254) AND (id <= 7273253))
	        ->  Bitmap Index Scan on sbtest4_pkey  (cost=0.00..29.48 rows=905 width=0)
	              Index Cond: ((id >= 7272254) AND (id <= 7273253))

table 5 : explain SELECT c FROM sbtest5 WHERE id BETWEEN 8622058 AND 8623057 ORDER BY c
	Sort  (cost=3968.85..3971.37 rows=1010 width=121)
	  Sort Key: c
	  ->  Bitmap Heap Scan on sbtest5  (cost=34.79..3918.45 rows=1010 width=121)
	        Recheck Cond: ((id >= 8622058) AND (id <= 8623057))
	        ->  Bitmap Index Scan on sbtest5_pkey  (cost=0.00..34.54 rows=1010 width=0)
	              Index Cond: ((id >= 8622058) AND (id <= 8623057))

table 6 : explain SELECT c FROM sbtest6 WHERE id BETWEEN 753921 AND 754920 ORDER BY c
	Sort  (cost=4198.85..4201.53 rows=1071 width=121)
	  Sort Key: c
	  ->  Bitmap Heap Scan on sbtest6  (cost=35.41..4144.95 rows=1071 width=121)
	        Recheck Cond: ((id >= 753921) AND (id <= 754920))
	        ->  Bitmap Index Scan on sbtest6_pkey  (cost=0.00..35.15 rows=1071 width=0)
	              Index Cond: ((id >= 753921) AND (id <= 754920))

table 7 : explain SELECT c FROM sbtest7 WHERE id BETWEEN 1335886 AND 1336885 ORDER BY c
	Sort  (cost=4216.75..4219.44 rows=1075 width=121)
	  Sort Key: c
	  ->  Bitmap Heap Scan on sbtest7  (cost=35.45..4162.63 rows=1075 width=121)
	        Recheck Cond: ((id >= 1335886) AND (id <= 1336885))
	        ->  Bitmap Index Scan on sbtest7_pkey  (cost=0.00..35.19 rows=1075 width=0)
	              Index Cond: ((id >= 1335886) AND (id <= 1336885))

table 8 : explain SELECT c FROM sbtest8 WHERE id BETWEEN 3254358 AND 3255357 ORDER BY c
	Sort  (cost=4235.67..4238.37 rows=1081 width=121)
	  Sort Key: c
	  ->  Bitmap Heap Scan on sbtest8  (cost=35.52..4181.19 rows=1081 width=121)
	        Recheck Cond: ((id >= 3254358) AND (id <= 3255357))
	        ->  Bitmap Index Scan on sbtest8_pkey  (cost=0.00..35.25 rows=1081 width=0)
	              Index Cond: ((id >= 3254358) AND (id <= 3255357))

for: distinct_ranges
table 1 : explain SELECT DISTINCT c FROM sbtest1 WHERE id BETWEEN 2272939 AND 2273938 ORDER BY c
	Unique  (cost=3977.80..3982.86 rows=1013 width=121)
	  ->  Sort  (cost=3977.80..3980.33 rows=1013 width=121)
	        Sort Key: c
	        ->  Bitmap Heap Scan on sbtest1  (cost=34.82..3927.23 rows=1013 width=121)
	              Recheck Cond: ((id >= 2272939) AND (id <= 2273938))
	              ->  Bitmap Index Scan on sbtest1_pkey  (cost=0.00..34.57 rows=1013 width=0)
	                    Index Cond: ((id >= 2272939) AND (id <= 2273938))

table 2 : explain SELECT DISTINCT c FROM sbtest2 WHERE id BETWEEN 8518485 AND 8519484 ORDER BY c
	Unique  (cost=4092.81..4098.03 rows=1044 width=121)
	  ->  Sort  (cost=4092.81..4095.42 rows=1044 width=121)
	        Sort Key: c
	        ->  Bitmap Heap Scan on sbtest2  (cost=35.14..4040.46 rows=1044 width=121)
	              Recheck Cond: ((id >= 8518485) AND (id <= 8519484))
	              ->  Bitmap Index Scan on sbtest2_pkey  (cost=0.00..34.88 rows=1044 width=0)
	                    Index Cond: ((id >= 8518485) AND (id <= 8519484))

table 3 : explain SELECT DISTINCT c FROM sbtest3 WHERE id BETWEEN 2919184 AND 2920183 ORDER BY c
	Unique  (cost=3938.22..3943.23 rows=1002 width=121)
	  ->  Sort  (cost=3938.22..3940.72 rows=1002 width=121)
	        Sort Key: c
	        ->  Bitmap Heap Scan on sbtest3  (cost=34.71..3888.27 rows=1002 width=121)
	              Recheck Cond: ((id >= 2919184) AND (id <= 2920183))
	              ->  Bitmap Index Scan on sbtest3_pkey  (cost=0.00..34.45 rows=1002 width=0)
	                    Index Cond: ((id >= 2919184) AND (id <= 2920183))

table 4 : explain SELECT DISTINCT c FROM sbtest4 WHERE id BETWEEN 8233002 AND 8234001 ORDER BY c
	Unique  (cost=4068.83..4074.01 rows=1036 width=121)
	  ->  Sort  (cost=4068.83..4071.42 rows=1036 width=121)
	        Sort Key: c
	        ->  Bitmap Heap Scan on sbtest4  (cost=35.05..4016.94 rows=1036 width=121)
	              Recheck Cond: ((id >= 8233002) AND (id <= 8234001))
	              ->  Bitmap Index Scan on sbtest4_pkey  (cost=0.00..34.80 rows=1036 width=0)
	                    Index Cond: ((id >= 8233002) AND (id <= 8234001))

table 5 : explain SELECT DISTINCT c FROM sbtest5 WHERE id BETWEEN 8792669 AND 8793668 ORDER BY c
	Unique  (cost=3823.10..3827.96 rows=972 width=121)
	  ->  Sort  (cost=3823.10..3825.53 rows=972 width=121)
	        Sort Key: c
	        ->  Bitmap Heap Scan on sbtest5  (cost=34.40..3774.86 rows=972 width=121)
	              Recheck Cond: ((id >= 8792669) AND (id <= 8793668))
	              ->  Bitmap Index Scan on sbtest5_pkey  (cost=0.00..34.16 rows=972 width=0)
	                    Index Cond: ((id >= 8792669) AND (id <= 8793668))

table 6 : explain SELECT DISTINCT c FROM sbtest6 WHERE id BETWEEN 4731475 AND 4732474 ORDER BY c
	Unique  (cost=3439.74..3444.11 rows=874 width=121)
	  ->  Sort  (cost=3439.74..3441.93 rows=874 width=121)
	        Sort Key: c
	        ->  Bitmap Heap Scan on sbtest6  (cost=29.39..3397.04 rows=874 width=121)
	              Recheck Cond: ((id >= 4731475) AND (id <= 4732474))
	              ->  Bitmap Index Scan on sbtest6_pkey  (cost=0.00..29.18 rows=874 width=0)
	                    Index Cond: ((id >= 4731475) AND (id <= 4732474))

table 7 : explain SELECT DISTINCT c FROM sbtest7 WHERE id BETWEEN 57793 AND 58792 ORDER BY c
	Unique  (cost=4067.51..4072.69 rows=1036 width=121)
	  ->  Sort  (cost=4067.51..4070.10 rows=1036 width=121)
	        Sort Key: c
	        ->  Bitmap Heap Scan on sbtest7  (cost=35.05..4015.62 rows=1036 width=121)
	              Recheck Cond: ((id >= 57793) AND (id <= 58792))
	              ->  Bitmap Index Scan on sbtest7_pkey  (cost=0.00..34.80 rows=1036 width=0)
	                    Index Cond: ((id >= 57793) AND (id <= 58792))

table 8 : explain SELECT DISTINCT c FROM sbtest8 WHERE id BETWEEN 7699920 AND 7700919 ORDER BY c
	Unique  (cost=3918.35..3923.34 rows=998 width=121)
	  ->  Sort  (cost=3918.35..3920.84 rows=998 width=121)
	        Sort Key: c
	        ->  Bitmap Heap Scan on sbtest8  (cost=34.66..3868.63 rows=998 width=121)
	              Recheck Cond: ((id >= 7699920) AND (id <= 7700919))
	              ->  Bitmap Index Scan on sbtest8_pkey  (cost=0.00..34.42 rows=998 width=0)
	                    Index Cond: ((id >= 7699920) AND (id <= 7700919))

for: distinct_ranges
table 1 : explain SELECT DISTINCT c FROM sbtest1 WHERE id BETWEEN 1302066 AND 1303065 ORDER BY c
	Unique  (cost=3648.04..3652.67 rows=927 width=121)
	  ->  Sort  (cost=3648.04..3650.36 rows=927 width=121)
	        Sort Key: c
	        ->  Bitmap Heap Scan on sbtest1  (cost=33.94..3602.35 rows=927 width=121)
	              Recheck Cond: ((id >= 1302066) AND (id <= 1303065))
	              ->  Bitmap Index Scan on sbtest1_pkey  (cost=0.00..33.70 rows=927 width=0)
	                    Index Cond: ((id >= 1302066) AND (id <= 1303065))

table 2 : explain SELECT DISTINCT c FROM sbtest2 WHERE id BETWEEN 7988404 AND 7989403 ORDER BY c
	Unique  (cost=3668.00..3672.66 rows=933 width=121)
	  ->  Sort  (cost=3668.00..3670.33 rows=933 width=121)
	        Sort Key: c
	        ->  Bitmap Heap Scan on sbtest2  (cost=34.00..3621.98 rows=933 width=121)
	              Recheck Cond: ((id >= 7988404) AND (id <= 7989403))
	              ->  Bitmap Index Scan on sbtest2_pkey  (cost=0.00..33.77 rows=933 width=0)
	                    Index Cond: ((id >= 7988404) AND (id <= 7989403))

table 3 : explain SELECT DISTINCT c FROM sbtest3 WHERE id BETWEEN 7700380 AND 7701379 ORDER BY c
	Unique  (cost=4007.22..4012.32 rows=1020 width=121)
	  ->  Sort  (cost=4007.22..4009.77 rows=1020 width=121)
	        Sort Key: c
	        ->  Bitmap Heap Scan on sbtest3  (cost=34.89..3956.24 rows=1020 width=121)
	              Recheck Cond: ((id >= 7700380) AND (id <= 7701379))
	              ->  Bitmap Index Scan on sbtest3_pkey  (cost=0.00..34.64 rows=1020 width=0)
	                    Index Cond: ((id >= 7700380) AND (id <= 7701379))

table 4 : explain SELECT DISTINCT c FROM sbtest4 WHERE id BETWEEN 2897732 AND 2898731 ORDER BY c
	Unique  (cost=3919.33..3924.32 rows=997 width=121)
	  ->  Sort  (cost=3919.33..3921.83 rows=997 width=121)
	        Sort Key: c
	        ->  Bitmap Heap Scan on sbtest4  (cost=34.65..3869.68 rows=997 width=121)
	              Recheck Cond: ((id >= 2897732) AND (id <= 2898731))
	              ->  Bitmap Index Scan on sbtest4_pkey  (cost=0.00..34.41 rows=997 width=0)
	                    Index Cond: ((id >= 2897732) AND (id <= 2898731))

table 5 : explain SELECT DISTINCT c FROM sbtest5 WHERE id BETWEEN 6436586 AND 6437585 ORDER BY c
	Unique  (cost=3895.99..3900.95 rows=991 width=121)
	  ->  Sort  (cost=3895.99..3898.47 rows=991 width=121)
	        Sort Key: c
	        ->  Bitmap Heap Scan on sbtest5  (cost=34.59..3846.68 rows=991 width=121)
	              Recheck Cond: ((id >= 6436586) AND (id <= 6437585))
	              ->  Bitmap Index Scan on sbtest5_pkey  (cost=0.00..34.34 rows=991 width=0)
	                    Index Cond: ((id >= 6436586) AND (id <= 6437585))

table 6 : explain SELECT DISTINCT c FROM sbtest6 WHERE id BETWEEN 104752 AND 105751 ORDER BY c
	Unique  (cost=3689.58..3694.27 rows=938 width=121)
	  ->  Sort  (cost=3689.58..3691.92 rows=938 width=121)
	        Sort Key: c
	        ->  Bitmap Heap Scan on sbtest6  (cost=34.05..3643.27 rows=938 width=121)
	              Recheck Cond: ((id >= 104752) AND (id <= 105751))
	              ->  Bitmap Index Scan on sbtest6_pkey  (cost=0.00..33.82 rows=938 width=0)
	                    Index Cond: ((id >= 104752) AND (id <= 105751))

table 7 : explain SELECT DISTINCT c FROM sbtest7 WHERE id BETWEEN 1196574 AND 1197573 ORDER BY c
	Unique  (cost=3944.92..3949.94 rows=1004 width=121)
	  ->  Sort  (cost=3944.92..3947.43 rows=1004 width=121)
	        Sort Key: c
	        ->  Bitmap Heap Scan on sbtest7  (cost=34.73..3894.87 rows=1004 width=121)
	              Recheck Cond: ((id >= 1196574) AND (id <= 1197573))
	              ->  Bitmap Index Scan on sbtest7_pkey  (cost=0.00..34.48 rows=1004 width=0)
	                    Index Cond: ((id >= 1196574) AND (id <= 1197573))

table 8 : explain SELECT DISTINCT c FROM sbtest8 WHERE id BETWEEN 5717993 AND 5718992 ORDER BY c
	Unique  (cost=4094.31..4099.53 rows=1044 width=121)
	  ->  Sort  (cost=4094.31..4096.92 rows=1044 width=121)
	        Sort Key: c
	        ->  Bitmap Heap Scan on sbtest8  (cost=35.14..4041.97 rows=1044 width=121)
	              Recheck Cond: ((id >= 5717993) AND (id <= 5718992))
	              ->  Bitmap Index Scan on sbtest8_pkey  (cost=0.00..34.88 rows=1044 width=0)
	                    Index Cond: ((id >= 5717993) AND (id <= 5718992))

for: distinct_ranges
table 1 : explain SELECT DISTINCT c FROM sbtest1 WHERE id BETWEEN 663176 AND 664175 ORDER BY c
	Unique  (cost=4027.57..4032.70 rows=1026 width=121)
	  ->  Sort  (cost=4027.57..4030.13 rows=1026 width=121)
	        Sort Key: c
	        ->  Bitmap Heap Scan on sbtest1  (cost=34.95..3976.25 rows=1026 width=121)
	              Recheck Cond: ((id >= 663176) AND (id <= 664175))
	              ->  Bitmap Index Scan on sbtest1_pkey  (cost=0.00..34.70 rows=1026 width=0)
	                    Index Cond: ((id >= 663176) AND (id <= 664175))

table 2 : explain SELECT DISTINCT c FROM sbtest2 WHERE id BETWEEN 3549501 AND 3550500 ORDER BY c
	Unique  (cost=4119.55..4124.80 rows=1051 width=121)
	  ->  Sort  (cost=4119.55..4122.17 rows=1051 width=121)
	        Sort Key: c
	        ->  Bitmap Heap Scan on sbtest2  (cost=35.21..4066.80 rows=1051 width=121)
	              Recheck Cond: ((id >= 3549501) AND (id <= 3550500))
	              ->  Bitmap Index Scan on sbtest2_pkey  (cost=0.00..34.95 rows=1051 width=0)
	                    Index Cond: ((id >= 3549501) AND (id <= 3550500))

table 3 : explain SELECT DISTINCT c FROM sbtest3 WHERE id BETWEEN 284879 AND 285878 ORDER BY c
	Unique  (cost=3815.46..3820.31 rows=970 width=121)
	  ->  Sort  (cost=3815.46..3817.88 rows=970 width=121)
	        Sort Key: c
	        ->  Bitmap Heap Scan on sbtest3  (cost=34.38..3767.34 rows=970 width=121)
	              Recheck Cond: ((id >= 284879) AND (id <= 285878))
	              ->  Bitmap Index Scan on sbtest3_pkey  (cost=0.00..34.14 rows=970 width=0)
	                    Index Cond: ((id >= 284879) AND (id <= 285878))

table 4 : explain SELECT DISTINCT c FROM sbtest4 WHERE id BETWEEN 9891380 AND 9892379 ORDER BY c
	Unique  (cost=3558.13..3562.65 rows=904 width=121)
	  ->  Sort  (cost=3558.13..3560.39 rows=904 width=121)
	        Sort Key: c
	        ->  Bitmap Heap Scan on sbtest4  (cost=29.70..3513.74 rows=904 width=121)
	              Recheck Cond: ((id >= 9891380) AND (id <= 9892379))
	              ->  Bitmap Index Scan on sbtest4_pkey  (cost=0.00..29.47 rows=904 width=0)
	                    Index Cond: ((id >= 9891380) AND (id <= 9892379))

table 5 : explain SELECT DISTINCT c FROM sbtest5 WHERE id BETWEEN 5848752 AND 5849751 ORDER BY c
	Unique  (cost=3692.54..3697.23 rows=938 width=121)
	  ->  Sort  (cost=3692.54..3694.89 rows=938 width=121)
	        Sort Key: c
	        ->  Bitmap Heap Scan on sbtest5  (cost=34.05..3646.24 rows=938 width=121)
	              Recheck Cond: ((id >= 5848752) AND (id <= 5849751))
	              ->  Bitmap Index Scan on sbtest5_pkey  (cost=0.00..33.82 rows=938 width=0)
	                    Index Cond: ((id >= 5848752) AND (id <= 5849751))

table 6 : explain SELECT DISTINCT c FROM sbtest6 WHERE id BETWEEN 6050145 AND 6051144 ORDER BY c
	Unique  (cost=3808.47..3813.31 rows=969 width=121)
	  ->  Sort  (cost=3808.47..3810.89 rows=969 width=121)
	        Sort Key: c
	        ->  Bitmap Heap Scan on sbtest6  (cost=34.37..3760.40 rows=969 width=121)
	              Recheck Cond: ((id >= 6050145) AND (id <= 6051144))
	              ->  Bitmap Index Scan on sbtest6_pkey  (cost=0.00..34.12 rows=969 width=0)
	                    Index Cond: ((id >= 6050145) AND (id <= 6051144))

table 7 : explain SELECT DISTINCT c FROM sbtest7 WHERE id BETWEEN 3114614 AND 3115613 ORDER BY c
	Unique  (cost=3749.30..3754.07 rows=953 width=121)
	  ->  Sort  (cost=3749.30..3751.69 rows=953 width=121)
	        Sort Key: c
	        ->  Bitmap Heap Scan on sbtest7  (cost=34.20..3702.15 rows=953 width=121)
	              Recheck Cond: ((id >= 3114614) AND (id <= 3115613))
	              ->  Bitmap Index Scan on sbtest7_pkey  (cost=0.00..33.97 rows=953 width=0)
	                    Index Cond: ((id >= 3114614) AND (id <= 3115613))

table 8 : explain SELECT DISTINCT c FROM sbtest8 WHERE id BETWEEN 5426714 AND 5427713 ORDER BY c
	Unique  (cost=3960.45..3965.49 rows=1009 width=121)
	  ->  Sort  (cost=3960.45..3962.97 rows=1009 width=121)
	        Sort Key: c
	        ->  Bitmap Heap Scan on sbtest8  (cost=34.78..3910.11 rows=1009 width=121)
	              Recheck Cond: ((id >= 5426714) AND (id <= 5427713))
	              ->  Bitmap Index Scan on sbtest8_pkey  (cost=0.00..34.53 rows=1009 width=0)
	                    Index Cond: ((id >= 5426714) AND (id <= 5427713))

for: distinct_ranges
table 1 : explain SELECT DISTINCT c FROM sbtest1 WHERE id BETWEEN 8010144 AND 8011143 ORDER BY c
	Unique  (cost=3843.70..3848.59 rows=978 width=121)
	  ->  Sort  (cost=3843.70..3846.15 rows=978 width=121)
	        Sort Key: c
	        ->  Bitmap Heap Scan on sbtest1  (cost=34.46..3795.12 rows=978 width=121)
	              Recheck Cond: ((id >= 8010144) AND (id <= 8011143))
	              ->  Bitmap Index Scan on sbtest1_pkey  (cost=0.00..34.22 rows=978 width=0)
	                    Index Cond: ((id >= 8010144) AND (id <= 8011143))

table 2 : explain SELECT DISTINCT c FROM sbtest2 WHERE id BETWEEN 7906789 AND 7907788 ORDER BY c
	Unique  (cost=3668.00..3672.66 rows=933 width=121)
	  ->  Sort  (cost=3668.00..3670.33 rows=933 width=121)
	        Sort Key: c
	        ->  Bitmap Heap Scan on sbtest2  (cost=34.00..3621.98 rows=933 width=121)
	              Recheck Cond: ((id >= 7906789) AND (id <= 7907788))
	              ->  Bitmap Index Scan on sbtest2_pkey  (cost=0.00..33.77 rows=933 width=0)
	                    Index Cond: ((id >= 7906789) AND (id <= 7907788))

table 3 : explain SELECT DISTINCT c FROM sbtest3 WHERE id BETWEEN 6233160 AND 6234159 ORDER BY c
	Unique  (cost=4302.14..4307.62 rows=1096 width=121)
	  ->  Sort  (cost=4302.14..4304.88 rows=1096 width=121)
	        Sort Key: c
	        ->  Bitmap Heap Scan on sbtest3  (cost=39.67..4246.80 rows=1096 width=121)
	              Recheck Cond: ((id >= 6233160) AND (id <= 6234159))
	              ->  Bitmap Index Scan on sbtest3_pkey  (cost=0.00..39.40 rows=1096 width=0)
	                    Index Cond: ((id >= 6233160) AND (id <= 6234159))

table 4 : explain SELECT DISTINCT c FROM sbtest4 WHERE id BETWEEN 4466917 AND 4467916 ORDER BY c
	Unique  (cost=4145.42..4150.70 rows=1056 width=121)
	  ->  Sort  (cost=4145.42..4148.06 rows=1056 width=121)
	        Sort Key: c
	        ->  Bitmap Heap Scan on sbtest4  (cost=35.26..4092.39 rows=1056 width=121)
	              Recheck Cond: ((id >= 4466917) AND (id <= 4467916))
	              ->  Bitmap Index Scan on sbtest4_pkey  (cost=0.00..35.00 rows=1056 width=0)
	                    Index Cond: ((id >= 4466917) AND (id <= 4467916))

table 5 : explain SELECT DISTINCT c FROM sbtest5 WHERE id BETWEEN 9935802 AND 9936801 ORDER BY c
	Unique  (cost=3915.17..3920.15 rows=996 width=121)
	  ->  Sort  (cost=3915.17..3917.66 rows=996 width=121)
	        Sort Key: c
	        ->  Bitmap Heap Scan on sbtest5  (cost=34.64..3865.57 rows=996 width=121)
	              Recheck Cond: ((id >= 9935802) AND (id <= 9936801))
	              ->  Bitmap Index Scan on sbtest5_pkey  (cost=0.00..34.40 rows=996 width=0)
	                    Index Cond: ((id >= 9935802) AND (id <= 9936801))

table 6 : explain SELECT DISTINCT c FROM sbtest6 WHERE id BETWEEN 1000000 AND 1000999 ORDER BY c
	Unique  (cost=4141.52..4146.80 rows=1056 width=121)
	  ->  Sort  (cost=4141.52..4144.16 rows=1056 width=121)
	        Sort Key: c
	        ->  Bitmap Heap Scan on sbtest6  (cost=35.26..4088.48 rows=1056 width=121)
	              Recheck Cond: ((id >= 1000000) AND (id <= 1000999))
	              ->  Bitmap Index Scan on sbtest6_pkey  (cost=0.00..35.00 rows=1056 width=0)
	                    Index Cond: ((id >= 1000000) AND (id <= 1000999))

table 7 : explain SELECT DISTINCT c FROM sbtest7 WHERE id BETWEEN 5142730 AND 5143729 ORDER BY c
	Unique  (cost=3906.59..3911.56 rows=994 width=121)
	  ->  Sort  (cost=3906.59..3909.08 rows=994 width=121)
	        Sort Key: c
	        ->  Bitmap Heap Scan on sbtest7  (cost=34.62..3857.11 rows=994 width=121)
	              Recheck Cond: ((id >= 5142730) AND (id <= 5143729))
	              ->  Bitmap Index Scan on sbtest7_pkey  (cost=0.00..34.38 rows=994 width=0)
	                    Index Cond: ((id >= 5142730) AND (id <= 5143729))

table 8 : explain SELECT DISTINCT c FROM sbtest8 WHERE id BETWEEN 3917057 AND 3918056 ORDER BY c
	Unique  (cost=4384.76..4390.36 rows=1120 width=121)
	  ->  Sort  (cost=4384.76..4387.56 rows=1120 width=121)
	        Sort Key: c
	        ->  Bitmap Heap Scan on sbtest8  (cost=39.92..4328.03 rows=1120 width=121)
	              Recheck Cond: ((id >= 3917057) AND (id <= 3918056))
	              ->  Bitmap Index Scan on sbtest8_pkey  (cost=0.00..39.64 rows=1120 width=0)
	                    Index Cond: ((id >= 3917057) AND (id <= 3918056))

for: distinct_ranges
table 1 : explain SELECT DISTINCT c FROM sbtest1 WHERE id BETWEEN 7586381 AND 7587380 ORDER BY c
	Unique  (cost=3805.36..3810.20 rows=968 width=121)
	  ->  Sort  (cost=3805.36..3807.78 rows=968 width=121)
	        Sort Key: c
	        ->  Bitmap Heap Scan on sbtest1  (cost=34.36..3757.35 rows=968 width=121)
	              Recheck Cond: ((id >= 7586381) AND (id <= 7587380))
	              ->  Bitmap Index Scan on sbtest1_pkey  (cost=0.00..34.12 rows=968 width=0)
	                    Index Cond: ((id >= 7586381) AND (id <= 7587380))

table 2 : explain SELECT DISTINCT c FROM sbtest2 WHERE id BETWEEN 9656617 AND 9657616 ORDER BY c
	Unique  (cost=3974.32..3979.38 rows=1013 width=121)
	  ->  Sort  (cost=3974.32..3976.85 rows=1013 width=121)
	        Sort Key: c
	        ->  Bitmap Heap Scan on sbtest2  (cost=34.82..3923.75 rows=1013 width=121)
	              Recheck Cond: ((id >= 9656617) AND (id <= 9657616))
	              ->  Bitmap Index Scan on sbtest2_pkey  (cost=0.00..34.57 rows=1013 width=0)
	                    Index Cond: ((id >= 9656617) AND (id <= 9657616))

table 3 : explain SELECT DISTINCT c FROM sbtest3 WHERE id BETWEEN 7390068 AND 7391067 ORDER BY c
	Unique  (cost=3530.95..3535.44 rows=897 width=121)
	  ->  Sort  (cost=3530.95..3533.20 rows=897 width=121)
	        Sort Key: c
	        ->  Bitmap Heap Scan on sbtest3  (cost=29.63..3486.96 rows=897 width=121)
	              Recheck Cond: ((id >= 7390068) AND (id <= 7391067))
	              ->  Bitmap Index Scan on sbtest3_pkey  (cost=0.00..29.40 rows=897 width=0)
	                    Index Cond: ((id >= 7390068) AND (id <= 7391067))

table 4 : explain SELECT DISTINCT c FROM sbtest4 WHERE id BETWEEN 5698212 AND 5699211 ORDER BY c
	Unique  (cost=4042.01..4047.15 rows=1029 width=121)
	  ->  Sort  (cost=4042.01..4044.58 rows=1029 width=121)
	        Sort Key: c
	        ->  Bitmap Heap Scan on sbtest4  (cost=34.98..3990.52 rows=1029 width=121)
	              Recheck Cond: ((id >= 5698212) AND (id <= 5699211))
	              ->  Bitmap Index Scan on sbtest4_pkey  (cost=0.00..34.73 rows=1029 width=0)
	                    Index Cond: ((id >= 5698212) AND (id <= 5699211))

table 5 : explain SELECT DISTINCT c FROM sbtest5 WHERE id BETWEEN 7614745 AND 7615744 ORDER BY c
	Unique  (cost=3807.74..3812.58 rows=968 width=121)
	  ->  Sort  (cost=3807.74..3810.16 rows=968 width=121)
	        Sort Key: c
	        ->  Bitmap Heap Scan on sbtest5  (cost=34.36..3759.74 rows=968 width=121)
	              Recheck Cond: ((id >= 7614745) AND (id <= 7615744))
	              ->  Bitmap Index Scan on sbtest5_pkey  (cost=0.00..34.12 rows=968 width=0)
	                    Index Cond: ((id >= 7614745) AND (id <= 7615744))

table 6 : explain SELECT DISTINCT c FROM sbtest6 WHERE id BETWEEN 3127513 AND 3128512 ORDER BY c
	Unique  (cost=3881.28..3886.22 rows=988 width=121)
	  ->  Sort  (cost=3881.28..3883.75 rows=988 width=121)
	        Sort Key: c
	        ->  Bitmap Heap Scan on sbtest6  (cost=34.56..3832.14 rows=988 width=121)
	              Recheck Cond: ((id >= 3127513) AND (id <= 3128512))
	              ->  Bitmap Index Scan on sbtest6_pkey  (cost=0.00..34.32 rows=988 width=0)
	                    Index Cond: ((id >= 3127513) AND (id <= 3128512))

table 7 : explain SELECT DISTINCT c FROM sbtest7 WHERE id BETWEEN 9057228 AND 9058227 ORDER BY c
	Unique  (cost=3699.39..3704.09 rows=940 width=121)
	  ->  Sort  (cost=3699.39..3701.74 rows=940 width=121)
	        Sort Key: c
	        ->  Bitmap Heap Scan on sbtest7  (cost=34.07..3652.97 rows=940 width=121)
	              Recheck Cond: ((id >= 9057228) AND (id <= 9058227))
	              ->  Bitmap Index Scan on sbtest7_pkey  (cost=0.00..33.84 rows=940 width=0)
	                    Index Cond: ((id >= 9057228) AND (id <= 9058227))

table 8 : explain SELECT DISTINCT c FROM sbtest8 WHERE id BETWEEN 853558 AND 854557 ORDER BY c
	Unique  (cost=4079.02..4084.22 rows=1040 width=121)
	  ->  Sort  (cost=4079.02..4081.62 rows=1040 width=121)
	        Sort Key: c
	        ->  Bitmap Heap Scan on sbtest8  (cost=35.09..4026.90 rows=1040 width=121)
	              Recheck Cond: ((id >= 853558) AND (id <= 854557))
	              ->  Bitmap Index Scan on sbtest8_pkey  (cost=0.00..34.84 rows=1040 width=0)
	                    Index Cond: ((id >= 853558) AND (id <= 854557))

explain: for point_selects :: explain SELECT c FROM sbtest%u WHERE id=%ufor: order_ranges
table 1 : explain SELECT c FROM sbtest1 WHERE id BETWEEN 9566919 AND 9567918 ORDER BY c
	Sort  (cost=4138.52..4141.16 rows=1055 width=121)
	  Sort Key: c
	  ->  Bitmap Heap Scan on sbtest1  (cost=35.25..4085.54 rows=1055 width=121)
	        Recheck Cond: ((id >= 9566919) AND (id <= 9567918))
	        ->  Bitmap Index Scan on sbtest1_pkey  (cost=0.00..34.98 rows=1055 width=0)
	              Index Cond: ((id >= 9566919) AND (id <= 9567918))

table 2 : explain SELECT c FROM sbtest2 WHERE id BETWEEN 4972360 AND 4973359 ORDER BY c
	Sort  (cost=3928.42..3930.92 rows=1001 width=121)
	  Sort Key: c
	  ->  Bitmap Heap Scan on sbtest2  (cost=34.70..3878.53 rows=1001 width=121)
	        Recheck Cond: ((id >= 4972360) AND (id <= 4973359))
	        ->  Bitmap Index Scan on sbtest2_pkey  (cost=0.00..34.45 rows=1001 width=0)
	              Index Cond: ((id >= 4972360) AND (id <= 4973359))

table 3 : explain SELECT c FROM sbtest3 WHERE id BETWEEN 2999900 AND 3000899 ORDER BY c
	Sort  (cost=3938.22..3940.72 rows=1002 width=121)
	  Sort Key: c
	  ->  Bitmap Heap Scan on sbtest3  (cost=34.71..3888.27 rows=1002 width=121)
	        Recheck Cond: ((id >= 2999900) AND (id <= 3000899))
	        ->  Bitmap Index Scan on sbtest3_pkey  (cost=0.00..34.45 rows=1002 width=0)
	              Index Cond: ((id >= 2999900) AND (id <= 3000899))

table 4 : explain SELECT c FROM sbtest4 WHERE id BETWEEN 4157133 AND 4158132 ORDER BY c
	Sort  (cost=4099.47..4102.08 rows=1044 width=121)
	  Sort Key: c
	  ->  Bitmap Heap Scan on sbtest4  (cost=35.14..4047.12 rows=1044 width=121)
	        Recheck Cond: ((id >= 4157133) AND (id <= 4158132))
	        ->  Bitmap Index Scan on sbtest4_pkey  (cost=0.00..34.88 rows=1044 width=0)
	              Index Cond: ((id >= 4157133) AND (id <= 4158132))

table 5 : explain SELECT c FROM sbtest5 WHERE id BETWEEN 3988031 AND 3989030 ORDER BY c
	Sort  (cost=4091.46..4094.06 rows=1042 width=121)
	  Sort Key: c
	  ->  Bitmap Heap Scan on sbtest5  (cost=35.12..4039.23 rows=1042 width=121)
	        Recheck Cond: ((id >= 3988031) AND (id <= 3989030))
	        ->  Bitmap Index Scan on sbtest5_pkey  (cost=0.00..34.86 rows=1042 width=0)
	              Index Cond: ((id >= 3988031) AND (id <= 3989030))

table 6 : explain SELECT c FROM sbtest6 WHERE id BETWEEN 6450632 AND 6451631 ORDER BY c
	Sort  (cost=3850.63..3853.08 rows=980 width=121)
	  Sort Key: c
	  ->  Bitmap Heap Scan on sbtest6  (cost=34.48..3801.94 rows=980 width=121)
	        Recheck Cond: ((id >= 6450632) AND (id <= 6451631))
	        ->  Bitmap Index Scan on sbtest6_pkey  (cost=0.00..34.23 rows=980 width=0)
	              Index Cond: ((id >= 6450632) AND (id <= 6451631))

table 7 : explain SELECT c FROM sbtest7 WHERE id BETWEEN 8751169 AND 8752168 ORDER BY c
	Sort  (cost=3649.46..3651.77 rows=927 width=121)
	  Sort Key: c
	  ->  Bitmap Heap Scan on sbtest7  (cost=33.94..3603.77 rows=927 width=121)
	        Recheck Cond: ((id >= 8751169) AND (id <= 8752168))
	        ->  Bitmap Index Scan on sbtest7_pkey  (cost=0.00..33.70 rows=927 width=0)
	              Index Cond: ((id >= 8751169) AND (id <= 8752168))

table 8 : explain SELECT c FROM sbtest8 WHERE id BETWEEN 4427917 AND 4428916 ORDER BY c
	Sort  (cost=3914.52..3917.01 rows=997 width=121)
	  Sort Key: c
	  ->  Bitmap Heap Scan on sbtest8  (cost=34.65..3864.86 rows=997 width=121)
	        Recheck Cond: ((id >= 4427917) AND (id <= 4428916))
	        ->  Bitmap Index Scan on sbtest8_pkey  (cost=0.00..34.41 rows=997 width=0)
	              Index Cond: ((id >= 4427917) AND (id <= 4428916))


for: distinct_ranges
table 1 : explain SELECT DISTINCT c FROM sbtest1 WHERE id BETWEEN 7296148 AND 7297147 ORDER BY c
	Unique  (cost=3705.62..3710.33 rows=942 width=121)
	  ->  Sort  (cost=3705.62..3707.97 rows=942 width=121)
	        Sort Key: c
	        ->  Bitmap Heap Scan on sbtest1  (cost=34.09..3659.09 rows=942 width=121)
	              Recheck Cond: ((id >= 7296148) AND (id <= 7297147))
	              ->  Bitmap Index Scan on sbtest1_pkey  (cost=0.00..33.86 rows=942 width=0)
	                    Index Cond: ((id >= 7296148) AND (id <= 7297147))

table 2 : explain SELECT DISTINCT c FROM sbtest2 WHERE id BETWEEN 211204 AND 212203 ORDER BY c
	Unique  (cost=4020.20..4025.32 rows=1025 width=121)
	  ->  Sort  (cost=4020.20..4022.76 rows=1025 width=121)
	        Sort Key: c
	        ->  Bitmap Heap Scan on sbtest2  (cost=34.94..3968.94 rows=1025 width=121)
	              Recheck Cond: ((id >= 211204) AND (id <= 212203))
	              ->  Bitmap Index Scan on sbtest2_pkey  (cost=0.00..34.69 rows=1025 width=0)
	                    Index Cond: ((id >= 211204) AND (id <= 212203))

table 3 : explain SELECT DISTINCT c FROM sbtest3 WHERE id BETWEEN 7332665 AND 7333664 ORDER BY c
	Unique  (cost=3530.95..3535.44 rows=897 width=121)
	  ->  Sort  (cost=3530.95..3533.20 rows=897 width=121)
	        Sort Key: c
	        ->  Bitmap Heap Scan on sbtest3  (cost=29.63..3486.96 rows=897 width=121)
	              Recheck Cond: ((id >= 7332665) AND (id <= 7333664))
	              ->  Bitmap Index Scan on sbtest3_pkey  (cost=0.00..29.40 rows=897 width=0)
	                    Index Cond: ((id >= 7332665) AND (id <= 7333664))

table 4 : explain SELECT DISTINCT c FROM sbtest4 WHERE id BETWEEN 3969936 AND 3970935 ORDER BY c
	Unique  (cost=4313.95..4319.44 rows=1099 width=121)
	  ->  Sort  (cost=4313.95..4316.69 rows=1099 width=121)
	        Sort Key: c
	        ->  Bitmap Heap Scan on sbtest4  (cost=39.70..4258.43 rows=1099 width=121)
	              Recheck Cond: ((id >= 3969936) AND (id <= 3970935))
	              ->  Bitmap Index Scan on sbtest4_pkey  (cost=0.00..39.43 rows=1099 width=0)
	                    Index Cond: ((id >= 3969936) AND (id <= 3970935))

table 5 : explain SELECT DISTINCT c FROM sbtest5 WHERE id BETWEEN 5282689 AND 5283688 ORDER BY c
	Unique  (cost=4156.55..4161.84 rows=1059 width=121)
	  ->  Sort  (cost=4156.55..4159.19 rows=1059 width=121)
	        Sort Key: c
	        ->  Bitmap Heap Scan on sbtest5  (cost=35.29..4103.34 rows=1059 width=121)
	              Recheck Cond: ((id >= 5282689) AND (id <= 5283688))
	              ->  Bitmap Index Scan on sbtest5_pkey  (cost=0.00..35.03 rows=1059 width=0)
	                    Index Cond: ((id >= 5282689) AND (id <= 5283688))

table 6 : explain SELECT DISTINCT c FROM sbtest6 WHERE id BETWEEN 3497508 AND 3498507 ORDER BY c
	Unique  (cost=3670.39..3675.05 rows=933 width=121)
	  ->  Sort  (cost=3670.39..3672.72 rows=933 width=121)
	        Sort Key: c
	        ->  Bitmap Heap Scan on sbtest6  (cost=34.00..3624.36 rows=933 width=121)
	              Recheck Cond: ((id >= 3497508) AND (id <= 3498507))
	              ->  Bitmap Index Scan on sbtest6_pkey  (cost=0.00..33.77 rows=933 width=0)
	                    Index Cond: ((id >= 3497508) AND (id <= 3498507))

table 7 : explain SELECT DISTINCT c FROM sbtest7 WHERE id BETWEEN 6186255 AND 6187254 ORDER BY c
	Unique  (cost=3676.35..3681.02 rows=934 width=121)
	  ->  Sort  (cost=3676.35..3678.68 rows=934 width=121)
	        Sort Key: c
	        ->  Bitmap Heap Scan on sbtest7  (cost=34.01..3630.27 rows=934 width=121)
	              Recheck Cond: ((id >= 6186255) AND (id <= 6187254))
	              ->  Bitmap Index Scan on sbtest7_pkey  (cost=0.00..33.78 rows=934 width=0)
	                    Index Cond: ((id >= 6186255) AND (id <= 6187254))

table 8 : explain SELECT DISTINCT c FROM sbtest8 WHERE id BETWEEN 731549 AND 732548 ORDER BY c
	Unique  (cost=3956.62..3961.66 rows=1008 width=121)
	  ->  Sort  (cost=3956.62..3959.14 rows=1008 width=121)
	        Sort Key: c
	        ->  Bitmap Heap Scan on sbtest8  (cost=34.77..3906.34 rows=1008 width=121)
	              Recheck Cond: ((id >= 731549) AND (id <= 732548))
	              ->  Bitmap Index Scan on sbtest8_pkey  (cost=0.00..34.52 rows=1008 width=0)
	                    Index Cond: ((id >= 731549) AND (id <= 732548))

for: distinct_ranges
table 1 : explain SELECT DISTINCT c FROM sbtest1 WHERE id BETWEEN 8273511 AND 8274510 ORDER BY c
	Unique  (cost=3943.33..3948.35 rows=1004 width=121)
	  ->  Sort  (cost=3943.33..3945.84 rows=1004 width=121)
	        Sort Key: c
	        ->  Bitmap Heap Scan on sbtest1  (cost=34.73..3893.27 rows=1004 width=121)
	              Recheck Cond: ((id >= 8273511) AND (id <= 8274510))
	              ->  Bitmap Index Scan on sbtest1_pkey  (cost=0.00..34.48 rows=1004 width=0)
	                    Index Cond: ((id >= 8273511) AND (id <= 8274510))

table 2 : explain SELECT DISTINCT c FROM sbtest2 WHERE id BETWEEN 1855530 AND 1856529 ORDER BY c
	Unique  (cost=3962.84..3967.89 rows=1010 width=121)
	  ->  Sort  (cost=3962.84..3965.37 rows=1010 width=121)
	        Sort Key: c
	        ->  Bitmap Heap Scan on sbtest2  (cost=34.79..3912.44 rows=1010 width=121)
	              Recheck Cond: ((id >= 1855530) AND (id <= 1856529))
	              ->  Bitmap Index Scan on sbtest2_pkey  (cost=0.00..34.54 rows=1010 width=0)
	                    Index Cond: ((id >= 1855530) AND (id <= 1856529))

table 3 : explain SELECT DISTINCT c FROM sbtest3 WHERE id BETWEEN 9660079 AND 9661078 ORDER BY c
	Unique  (cost=4240.77..4246.18 rows=1081 width=121)
	  ->  Sort  (cost=4240.77..4243.47 rows=1081 width=121)
	        Sort Key: c
	        ->  Bitmap Heap Scan on sbtest3  (cost=35.52..4186.30 rows=1081 width=121)
	              Recheck Cond: ((id >= 9660079) AND (id <= 9661078))
	              ->  Bitmap Index Scan on sbtest3_pkey  (cost=0.00..35.25 rows=1081 width=0)
	                    Index Cond: ((id >= 9660079) AND (id <= 9661078))

table 4 : explain SELECT DISTINCT c FROM sbtest4 WHERE id BETWEEN 9151422 AND 9152421 ORDER BY c
	Unique  (cost=4153.08..4158.37 rows=1058 width=121)
	  ->  Sort  (cost=4153.08..4155.72 rows=1058 width=121)
	        Sort Key: c
	        ->  Bitmap Heap Scan on sbtest4  (cost=35.28..4099.93 rows=1058 width=121)
	              Recheck Cond: ((id >= 9151422) AND (id <= 9152421))
	              ->  Bitmap Index Scan on sbtest4_pkey  (cost=0.00..35.02 rows=1058 width=0)
	                    Index Cond: ((id >= 9151422) AND (id <= 9152421))

table 5 : explain SELECT DISTINCT c FROM sbtest5 WHERE id BETWEEN 7395732 AND 7396731 ORDER BY c
	Unique  (cost=3727.11..3731.85 rows=947 width=121)
	  ->  Sort  (cost=3727.11..3729.48 rows=947 width=121)
	        Sort Key: c
	        ->  Bitmap Heap Scan on sbtest5  (cost=34.14..3680.30 rows=947 width=121)
	              Recheck Cond: ((id >= 7395732) AND (id <= 7396731))
	              ->  Bitmap Index Scan on sbtest5_pkey  (cost=0.00..33.91 rows=947 width=0)
	                    Index Cond: ((id >= 7395732) AND (id <= 7396731))

table 6 : explain SELECT DISTINCT c FROM sbtest6 WHERE id BETWEEN 5375226 AND 5376225 ORDER BY c
	Unique  (cost=3674.23..3678.90 rows=934 width=121)
	  ->  Sort  (cost=3674.23..3676.56 rows=934 width=121)
	        Sort Key: c
	        ->  Bitmap Heap Scan on sbtest6  (cost=34.01..3628.15 rows=934 width=121)
	              Recheck Cond: ((id >= 5375226) AND (id <= 5376225))
	              ->  Bitmap Index Scan on sbtest6_pkey  (cost=0.00..33.78 rows=934 width=0)
	                    Index Cond: ((id >= 5375226) AND (id <= 5376225))

table 7 : explain SELECT DISTINCT c FROM sbtest7 WHERE id BETWEEN 309114 AND 310113 ORDER BY c
	Unique  (cost=3741.63..3746.38 rows=951 width=121)
	  ->  Sort  (cost=3741.63..3744.00 rows=951 width=121)
	        Sort Key: c
	        ->  Bitmap Heap Scan on sbtest7  (cost=34.18..3694.58 rows=951 width=121)
	              Recheck Cond: ((id >= 309114) AND (id <= 310113))
	              ->  Bitmap Index Scan on sbtest7_pkey  (cost=0.00..33.95 rows=951 width=0)
	                    Index Cond: ((id >= 309114) AND (id <= 310113))

table 8 : explain SELECT DISTINCT c FROM sbtest8 WHERE id BETWEEN 5700205 AND 5701204 ORDER BY c
	Unique  (cost=4094.31..4099.53 rows=1044 width=121)
	  ->  Sort  (cost=4094.31..4096.92 rows=1044 width=121)
	        Sort Key: c
	        ->  Bitmap Heap Scan on sbtest8  (cost=35.14..4041.97 rows=1044 width=121)
	              Recheck Cond: ((id >= 5700205) AND (id <= 5701204))
	              ->  Bitmap Index Scan on sbtest8_pkey  (cost=0.00..34.88 rows=1044 width=0)
	                    Index Cond: ((id >= 5700205) AND (id <= 5701204))

for: order_ranges
table 1 : explain SELECT c FROM sbtest1 WHERE id BETWEEN 7939599 AND 7940598 ORDER BY c
	Sort  (cost=3843.70..3846.15 rows=978 width=121)
	  Sort Key: c
	  ->  Bitmap Heap Scan on sbtest1  (cost=34.46..3795.12 rows=978 width=121)
	        Recheck Cond: ((id >= 7939599) AND (id <= 7940598))
	        ->  Bitmap Index Scan on sbtest1_pkey  (cost=0.00..34.22 rows=978 width=0)
	              Index Cond: ((id >= 7939599) AND (id <= 7940598))

table 2 : explain SELECT c FROM sbtest2 WHERE id BETWEEN 4852225 AND 4853224 ORDER BY c
	Sort  (cost=4237.89..4240.60 rows=1082 width=121)
	  Sort Key: c
	  ->  Bitmap Heap Scan on sbtest2  (cost=35.53..4183.36 rows=1082 width=121)
	        Recheck Cond: ((id >= 4852225) AND (id <= 4853224))
	        ->  Bitmap Index Scan on sbtest2_pkey  (cost=0.00..35.26 rows=1082 width=0)
	              Index Cond: ((id >= 4852225) AND (id <= 4853224))

table 3 : explain SELECT c FROM sbtest3 WHERE id BETWEEN 9896081 AND 9897080 ORDER BY c
	Sort  (cost=4099.16..4101.77 rows=1044 width=121)
	  Sort Key: c
	  ->  Bitmap Heap Scan on sbtest3  (cost=35.14..4046.81 rows=1044 width=121)
	        Recheck Cond: ((id >= 9896081) AND (id <= 9897080))
	        ->  Bitmap Index Scan on sbtest3_pkey  (cost=0.00..34.88 rows=1044 width=0)
	              Index Cond: ((id >= 9896081) AND (id <= 9897080))

table 4 : explain SELECT c FROM sbtest4 WHERE id BETWEEN 6004794 AND 6005793 ORDER BY c
	Sort  (cost=3665.94..3668.27 rows=931 width=121)
	  Sort Key: c
	  ->  Bitmap Heap Scan on sbtest4  (cost=33.98..3620.03 rows=931 width=121)
	        Recheck Cond: ((id >= 6004794) AND (id <= 6005793))
	        ->  Bitmap Index Scan on sbtest4_pkey  (cost=0.00..33.75 rows=931 width=0)
	              Index Cond: ((id >= 6004794) AND (id <= 6005793))

table 5 : explain SELECT c FROM sbtest5 WHERE id BETWEEN 7146677 AND 7147676 ORDER BY c
	Sort  (cost=4248.38..4251.09 rows=1083 width=121)
	  Sort Key: c
	  ->  Bitmap Heap Scan on sbtest5  (cost=35.54..4193.79 rows=1083 width=121)
	        Recheck Cond: ((id >= 7146677) AND (id <= 7147676))
	        ->  Bitmap Index Scan on sbtest5_pkey  (cost=0.00..35.27 rows=1083 width=0)
	              Index Cond: ((id >= 7146677) AND (id <= 7147676))

table 6 : explain SELECT c FROM sbtest6 WHERE id BETWEEN 2142164 AND 2143163 ORDER BY c
	Sort  (cost=4034.43..4037.00 rows=1028 width=121)
	  Sort Key: c
	  ->  Bitmap Heap Scan on sbtest6  (cost=34.97..3983.00 rows=1028 width=121)
	        Recheck Cond: ((id >= 2142164) AND (id <= 2143163))
	        ->  Bitmap Index Scan on sbtest6_pkey  (cost=0.00..34.72 rows=1028 width=0)
	              Index Cond: ((id >= 2142164) AND (id <= 2143163))

table 7 : explain SELECT c FROM sbtest7 WHERE id BETWEEN 3322336 AND 3323335 ORDER BY c
	Sort  (cost=3703.23..3705.58 rows=941 width=121)
	  Sort Key: c
	  ->  Bitmap Heap Scan on sbtest7  (cost=34.08..3656.75 rows=941 width=121)
	        Recheck Cond: ((id >= 3322336) AND (id <= 3323335))
	        ->  Bitmap Index Scan on sbtest7_pkey  (cost=0.00..33.84 rows=941 width=0)
	              Index Cond: ((id >= 3322336) AND (id <= 3323335))

table 8 : explain SELECT c FROM sbtest8 WHERE id BETWEEN 6075022 AND 6076021 ORDER BY c
	Sort  (cost=3975.76..3978.29 rows=1013 width=121)
	  Sort Key: c
	  ->  Bitmap Heap Scan on sbtest8  (cost=34.82..3925.18 rows=1013 width=121)
	        Recheck Cond: ((id >= 6075022) AND (id <= 6076021))
	        ->  Bitmap Index Scan on sbtest8_pkey  (cost=0.00..34.57 rows=1013 width=0)
	              Index Cond: ((id >= 6075022) AND (id <= 6076021))

explain: for point_selects :: explain SELECT c FROM sbtest%u WHERE id=%u
for: sum_ranges
table 1 : explain SELECT SUM(k) FROM sbtest1 WHERE id BETWEEN 5654592 AND 5655591
	Aggregate  (cost=3528.72..3528.73 rows=1 width=8)
	  ->  Bitmap Heap Scan on sbtest1  (cost=29.74..3526.45 rows=908 width=4)
	        Recheck Cond: ((id >= 5654592) AND (id <= 5655591))
	        ->  Bitmap Index Scan on sbtest1_pkey  (cost=0.00..29.51 rows=908 width=0)
	              Index Cond: ((id >= 5654592) AND (id <= 5655591))

table 2 : explain SELECT SUM(k) FROM sbtest2 WHERE id BETWEEN 6117130 AND 6118129
	Aggregate  (cost=3677.21..3677.22 rows=1 width=8)
	  ->  Bitmap Heap Scan on sbtest2  (cost=34.14..3674.85 rows=947 width=4)
	        Recheck Cond: ((id >= 6117130) AND (id <= 6118129))
	        ->  Bitmap Index Scan on sbtest2_pkey  (cost=0.00..33.91 rows=947 width=0)
	              Index Cond: ((id >= 6117130) AND (id <= 6118129))

table 3 : explain SELECT SUM(k) FROM sbtest3 WHERE id BETWEEN 6563559 AND 6564558
	Aggregate  (cost=3728.13..3728.14 rows=1 width=8)
	  ->  Bitmap Heap Scan on sbtest3  (cost=34.26..3725.73 rows=959 width=4)
	        Recheck Cond: ((id >= 6563559) AND (id <= 6564558))
	        ->  Bitmap Index Scan on sbtest3_pkey  (cost=0.00..34.03 rows=959 width=0)
	              Index Cond: ((id >= 6563559) AND (id <= 6564558))

table 4 : explain SELECT SUM(k) FROM sbtest4 WHERE id BETWEEN 4623922 AND 4624921
	Aggregate  (cost=3838.14..3838.15 rows=1 width=8)
	  ->  Bitmap Heap Scan on sbtest4  (cost=34.56..3835.67 rows=988 width=4)
	        Recheck Cond: ((id >= 4623922) AND (id <= 4624921))
	        ->  Bitmap Index Scan on sbtest4_pkey  (cost=0.00..34.32 rows=988 width=0)
	              Index Cond: ((id >= 4623922) AND (id <= 4624921))

table 5 : explain SELECT SUM(k) FROM sbtest5 WHERE id BETWEEN 8992081 AND 8993080
	Aggregate  (cost=3686.45..3686.46 rows=1 width=8)
	  ->  Bitmap Heap Scan on sbtest5  (cost=34.15..3684.08 rows=948 width=4)
	        Recheck Cond: ((id >= 8992081) AND (id <= 8993080))
	        ->  Bitmap Index Scan on sbtest5_pkey  (cost=0.00..33.92 rows=948 width=0)
	              Index Cond: ((id >= 8992081) AND (id <= 8993080))

table 6 : explain SELECT SUM(k) FROM sbtest6 WHERE id BETWEEN 8918590 AND 8919589
	Aggregate  (cost=3864.81..3864.82 rows=1 width=8)
	  ->  Bitmap Heap Scan on sbtest6  (cost=34.64..3862.32 rows=996 width=4)
	        Recheck Cond: ((id >= 8918590) AND (id <= 8919589))
	        ->  Bitmap Index Scan on sbtest6_pkey  (cost=0.00..34.40 rows=996 width=0)
	              Index Cond: ((id >= 8918590) AND (id <= 8919589))

table 7 : explain SELECT SUM(k) FROM sbtest7 WHERE id BETWEEN 807914 AND 808913
	Aggregate  (cost=3598.51..3598.52 rows=1 width=8)
	  ->  Bitmap Heap Scan on sbtest7  (cost=33.92..3596.20 rows=925 width=4)
	        Recheck Cond: ((id >= 807914) AND (id <= 808913))
	        ->  Bitmap Index Scan on sbtest7_pkey  (cost=0.00..33.69 rows=925 width=0)
	              Index Cond: ((id >= 807914) AND (id <= 808913))

table 8 : explain SELECT SUM(k) FROM sbtest8 WHERE id BETWEEN 6438200 AND 6439199
	Aggregate  (cost=3950.34..3950.35 rows=1 width=8)
	  ->  Bitmap Heap Scan on sbtest8  (cost=34.88..3947.80 rows=1019 width=4)
	        Recheck Cond: ((id >= 6438200) AND (id <= 6439199))
	        ->  Bitmap Index Scan on sbtest8_pkey  (cost=0.00..34.62 rows=1019 width=0)
	              Index Cond: ((id >= 6438200) AND (id <= 6439199))

for: sum_ranges
table 1 : explain SELECT SUM(k) FROM sbtest1 WHERE id BETWEEN 9758252 AND 9759251
	Aggregate  (cost=4156.01..4156.02 rows=1 width=8)
	  ->  Bitmap Heap Scan on sbtest1  (cost=35.43..4153.33 rows=1073 width=4)
	        Recheck Cond: ((id >= 9758252) AND (id <= 9759251))
	        ->  Bitmap Index Scan on sbtest1_pkey  (cost=0.00..35.17 rows=1073 width=0)
	              Index Cond: ((id >= 9758252) AND (id <= 9759251))

table 2 : explain SELECT SUM(k) FROM sbtest2 WHERE id BETWEEN 6483269 AND 6484268
	Aggregate  (cost=3930.05..3930.06 rows=1 width=8)
	  ->  Bitmap Heap Scan on sbtest2  (cost=34.83..3927.51 rows=1014 width=4)
	        Recheck Cond: ((id >= 6483269) AND (id <= 6484268))
	        ->  Bitmap Index Scan on sbtest2_pkey  (cost=0.00..34.58 rows=1014 width=0)
	              Index Cond: ((id >= 6483269) AND (id <= 6484268))

table 3 : explain SELECT SUM(k) FROM sbtest3 WHERE id BETWEEN 8230438 AND 8231437
	Aggregate  (cost=3784.90..3784.91 rows=1 width=8)
	  ->  Bitmap Heap Scan on sbtest3  (cost=34.42..3782.46 rows=974 width=4)
	        Recheck Cond: ((id >= 8230438) AND (id <= 8231437))
	        ->  Bitmap Index Scan on sbtest3_pkey  (cost=0.00..34.18 rows=974 width=0)
	              Index Cond: ((id >= 8230438) AND (id <= 8231437))

table 4 : explain SELECT SUM(k) FROM sbtest4 WHERE id BETWEEN 9488277 AND 9489276
	Aggregate  (cost=4117.67..4117.68 rows=1 width=8)
	  ->  Bitmap Heap Scan on sbtest4  (cost=35.32..4115.01 rows=1062 width=4)
	        Recheck Cond: ((id >= 9488277) AND (id <= 9489276))
	        ->  Bitmap Index Scan on sbtest4_pkey  (cost=0.00..35.06 rows=1062 width=0)
	              Index Cond: ((id >= 9488277) AND (id <= 9489276))

table 5 : explain SELECT SUM(k) FROM sbtest5 WHERE id BETWEEN 4824456 AND 4825455
	Aggregate  (cost=4132.39..4132.40 rows=1 width=8)
	  ->  Bitmap Heap Scan on sbtest5  (cost=35.36..4129.73 rows=1066 width=4)
	        Recheck Cond: ((id >= 4824456) AND (id <= 4825455))
	        ->  Bitmap Index Scan on sbtest5_pkey  (cost=0.00..35.09 rows=1066 width=0)
	              Index Cond: ((id >= 4824456) AND (id <= 4825455))

table 6 : explain SELECT SUM(k) FROM sbtest6 WHERE id BETWEEN 8824817 AND 8825816
	Aggregate  (cost=4230.46..4230.47 rows=1 width=8)
	  ->  Bitmap Heap Scan on sbtest6  (cost=35.64..4227.73 rows=1093 width=4)
	        Recheck Cond: ((id >= 8824817) AND (id <= 8825816))
	        ->  Bitmap Index Scan on sbtest6_pkey  (cost=0.00..35.37 rows=1093 width=0)
	              Index Cond: ((id >= 8824817) AND (id <= 8825816))

table 7 : explain SELECT SUM(k) FROM sbtest7 WHERE id BETWEEN 9185616 AND 9186615
	Aggregate  (cost=4104.99..4105.00 rows=1 width=8)
	  ->  Bitmap Heap Scan on sbtest7  (cost=35.29..4102.34 rows=1059 width=4)
	        Recheck Cond: ((id >= 9185616) AND (id <= 9186615))
	        ->  Bitmap Index Scan on sbtest7_pkey  (cost=0.00..35.03 rows=1059 width=0)
	              Index Cond: ((id >= 9185616) AND (id <= 9186615))

table 8 : explain SELECT SUM(k) FROM sbtest8 WHERE id BETWEEN 26733 AND 27732
	Aggregate  (cost=3519.42..3519.43 rows=1 width=8)
	  ->  Bitmap Heap Scan on sbtest8  (cost=29.72..3517.16 rows=906 width=4)
	        Recheck Cond: ((id >= 26733) AND (id <= 27732))
	        ->  Bitmap Index Scan on sbtest8_pkey  (cost=0.00..29.50 rows=906 width=0)
	              Index Cond: ((id >= 26733) AND (id <= 27732))

for point_selects
table 1 : explain SELECT c FROM sbtest1 WHERE id=4122007
	Index Scan using sbtest1_pkey on sbtest1  (cost=0.43..8.45 rows=1 width=121)
	  Index Cond: (id = 4122007)

table 2 : explain SELECT c FROM sbtest2 WHERE id=3586360
	Index Scan using sbtest2_pkey on sbtest2  (cost=0.43..8.45 rows=1 width=121)
	  Index Cond: (id = 3586360)

table 3 : explain SELECT c FROM sbtest3 WHERE id=643304
	Index Scan using sbtest3_pkey on sbtest3  (cost=0.43..8.45 rows=1 width=121)
	  Index Cond: (id = 643304)

table 4 : explain SELECT c FROM sbtest4 WHERE id=2007969
	Index Scan using sbtest4_pkey on sbtest4  (cost=0.43..8.45 rows=1 width=121)
	  Index Cond: (id = 2007969)

table 5 : explain SELECT c FROM sbtest5 WHERE id=7601045
	Index Scan using sbtest5_pkey on sbtest5  (cost=0.43..8.45 rows=1 width=121)
	  Index Cond: (id = 7601045)

table 6 : explain SELECT c FROM sbtest6 WHERE id=5364678
	Index Scan using sbtest6_pkey on sbtest6  (cost=0.43..8.45 rows=1 width=121)
	  Index Cond: (id = 5364678)

table 7 : explain SELECT c FROM sbtest7 WHERE id=3215245
	Index Scan using sbtest7_pkey on sbtest7  (cost=0.43..8.45 rows=1 width=121)
	  Index Cond: (id = 3215245)

table 8 : explain SELECT c FROM sbtest8 WHERE id=8370483
	Index Scan using sbtest8_pkey on sbtest8  (cost=0.43..8.45 rows=1 width=121)
	  Index Cond: (id = 8370483)

for: order_ranges
table 1 : explain SELECT c FROM sbtest1 WHERE id BETWEEN 2379143 AND 2380142 ORDER BY c
	Sort  (cost=4604.52..4607.46 rows=1177 width=121)
	  Sort Key: c
	  ->  Bitmap Heap Scan on sbtest1  (cost=40.50..4544.48 rows=1177 width=121)
	        Recheck Cond: ((id >= 2379143) AND (id <= 2380142))
	        ->  Bitmap Index Scan on sbtest1_pkey  (cost=0.00..40.20 rows=1177 width=0)
	              Index Cond: ((id >= 2379143) AND (id <= 2380142))

table 2 : explain SELECT c FROM sbtest2 WHERE id BETWEEN 4175759 AND 4176758 ORDER BY c
	Sort  (cost=3924.59..3927.09 rows=1000 width=121)
	  Sort Key: c
	  ->  Bitmap Heap Scan on sbtest2  (cost=34.69..3874.76 rows=1000 width=121)
	        Recheck Cond: ((id >= 4175759) AND (id <= 4176758))
	        ->  Bitmap Index Scan on sbtest2_pkey  (cost=0.00..34.44 rows=1000 width=0)
	              Index Cond: ((id >= 4175759) AND (id <= 4176758))

table 3 : explain SELECT c FROM sbtest3 WHERE id BETWEEN 1097687 AND 1098686 ORDER BY c
	Sort  (cost=4003.38..4005.93 rows=1019 width=121)
	  Sort Key: c
	  ->  Bitmap Heap Scan on sbtest3  (cost=34.88..3952.47 rows=1019 width=121)
	        Recheck Cond: ((id >= 1097687) AND (id <= 1098686))
	        ->  Bitmap Index Scan on sbtest3_pkey  (cost=0.00..34.62 rows=1019 width=0)
	              Index Cond: ((id >= 1097687) AND (id <= 1098686))

table 4 : explain SELECT c FROM sbtest4 WHERE id BETWEEN 6375229 AND 6376228 ORDER BY c
	Sort  (cost=4087.98..4090.58 rows=1041 width=121)
	  Sort Key: c
	  ->  Bitmap Heap Scan on sbtest4  (cost=35.11..4035.80 rows=1041 width=121)
	        Recheck Cond: ((id >= 6375229) AND (id <= 6376228))
	        ->  Bitmap Index Scan on sbtest4_pkey  (cost=0.00..34.84 rows=1041 width=0)
	              Index Cond: ((id >= 6375229) AND (id <= 6376228))

table 5 : explain SELECT c FROM sbtest5 WHERE id BETWEEN 2557657 AND 2558656 ORDER BY c
	Sort  (cost=3961.18..3963.70 rows=1008 width=121)
	  Sort Key: c
	  ->  Bitmap Heap Scan on sbtest5  (cost=34.77..3910.90 rows=1008 width=121)
	        Recheck Cond: ((id >= 2557657) AND (id <= 2558656))
	        ->  Bitmap Index Scan on sbtest5_pkey  (cost=0.00..34.52 rows=1008 width=0)
	              Index Cond: ((id >= 2557657) AND (id <= 2558656))

table 6 : explain SELECT c FROM sbtest6 WHERE id BETWEEN 9497007 AND 9498006 ORDER BY c
	Sort  (cost=3931.07..3933.58 rows=1001 width=121)
	  Sort Key: c
	  ->  Bitmap Heap Scan on sbtest6  (cost=34.70..3881.19 rows=1001 width=121)
	        Recheck Cond: ((id >= 9497007) AND (id <= 9498006))
	        ->  Bitmap Index Scan on sbtest6_pkey  (cost=0.00..34.45 rows=1001 width=0)
	              Index Cond: ((id >= 9497007) AND (id <= 9498006))

table 7 : explain SELECT c FROM sbtest7 WHERE id BETWEEN 329670 AND 330669 ORDER BY c
	Sort  (cost=3741.63..3744.00 rows=951 width=121)
	  Sort Key: c
	  ->  Bitmap Heap Scan on sbtest7  (cost=34.18..3694.58 rows=951 width=121)
	        Recheck Cond: ((id >= 329670) AND (id <= 330669))
	        ->  Bitmap Index Scan on sbtest7_pkey  (cost=0.00..33.95 rows=951 width=0)
	              Index Cond: ((id >= 329670) AND (id <= 330669))

table 8 : explain SELECT c FROM sbtest8 WHERE id BETWEEN 4810435 AND 4811434 ORDER BY c
	Sort  (cost=3960.45..3962.97 rows=1009 width=121)
	  Sort Key: c
	  ->  Bitmap Heap Scan on sbtest8  (cost=34.78..3910.11 rows=1009 width=121)
	        Recheck Cond: ((id >= 4810435) AND (id <= 4811434))
	        ->  Bitmap Index Scan on sbtest8_pkey  (cost=0.00..34.53 rows=1009 width=0)
	              Index Cond: ((id >= 4810435) AND (id <= 4811434))

for: sum_ranges
table 1 : explain SELECT SUM(k) FROM sbtest1 WHERE id BETWEEN 1026808 AND 1027807
	Aggregate  (cost=3755.99..3756.00 rows=1 width=8)
	  ->  Bitmap Heap Scan on sbtest1  (cost=34.35..3753.57 rows=967 width=4)
	        Recheck Cond: ((id >= 1026808) AND (id <= 1027807))
	        ->  Bitmap Index Scan on sbtest1_pkey  (cost=0.00..34.11 rows=967 width=0)
	              Index Cond: ((id >= 1026808) AND (id <= 1027807))

table 2 : explain SELECT SUM(k) FROM sbtest2 WHERE id BETWEEN 6685469 AND 6686468
	Aggregate  (cost=3835.77..3835.78 rows=1 width=8)
	  ->  Bitmap Heap Scan on sbtest2  (cost=34.57..3833.30 rows=989 width=4)
	        Recheck Cond: ((id >= 6685469) AND (id <= 6686468))
	        ->  Bitmap Index Scan on sbtest2_pkey  (cost=0.00..34.33 rows=989 width=0)
	              Index Cond: ((id >= 6685469) AND (id <= 6686468))

table 3 : explain SELECT SUM(k) FROM sbtest3 WHERE id BETWEEN 7733134 AND 7734133
	Aggregate  (cost=4109.80..4109.81 rows=1 width=8)
	  ->  Bitmap Heap Scan on sbtest3  (cost=35.30..4107.15 rows=1060 width=4)
	        Recheck Cond: ((id >= 7733134) AND (id <= 7734133))
	        ->  Bitmap Index Scan on sbtest3_pkey  (cost=0.00..35.04 rows=1060 width=0)
	              Index Cond: ((id >= 7733134) AND (id <= 7734133))

table 4 : explain SELECT SUM(k) FROM sbtest4 WHERE id BETWEEN 1586038 AND 1587037
	Aggregate  (cost=3595.83..3595.84 rows=1 width=8)
	  ->  Bitmap Heap Scan on sbtest4  (cost=33.91..3593.52 rows=924 width=4)
	        Recheck Cond: ((id >= 1586038) AND (id <= 1587037))
	        ->  Bitmap Index Scan on sbtest4_pkey  (cost=0.00..33.68 rows=924 width=0)
	              Index Cond: ((id >= 1586038) AND (id <= 1587037))

table 5 : explain SELECT SUM(k) FROM sbtest5 WHERE id BETWEEN 5604018 AND 5605017
	Aggregate  (cost=3902.08..3902.09 rows=1 width=8)
	  ->  Bitmap Heap Scan on sbtest5  (cost=34.74..3899.57 rows=1005 width=4)
	        Recheck Cond: ((id >= 5604018) AND (id <= 5605017))
	        ->  Bitmap Index Scan on sbtest5_pkey  (cost=0.00..34.48 rows=1005 width=0)
	              Index Cond: ((id >= 5604018) AND (id <= 5605017))

table 6 : explain SELECT SUM(k) FROM sbtest6 WHERE id BETWEEN 2258383 AND 2259382
	Aggregate  (cost=3989.34..3989.35 rows=1 width=8)
	  ->  Bitmap Heap Scan on sbtest6  (cost=34.98..3986.77 rows=1029 width=4)
	        Recheck Cond: ((id >= 2258383) AND (id <= 2259382))
	        ->  Bitmap Index Scan on sbtest6_pkey  (cost=0.00..34.73 rows=1029 width=0)
	              Index Cond: ((id >= 2258383) AND (id <= 2259382))

table 7 : explain SELECT SUM(k) FROM sbtest7 WHERE id BETWEEN 8898964 AND 8899963
	Aggregate  (cost=3984.24..3984.25 rows=1 width=8)
	  ->  Bitmap Heap Scan on sbtest7  (cost=34.96..3981.67 rows=1027 width=4)
	        Recheck Cond: ((id >= 8898964) AND (id <= 8899963))
	        ->  Bitmap Index Scan on sbtest7_pkey  (cost=0.00..34.70 rows=1027 width=0)
	              Index Cond: ((id >= 8898964) AND (id <= 8899963))

table 8 : explain SELECT SUM(k) FROM sbtest8 WHERE id BETWEEN 5057124 AND 5058123
	Aggregate  (cost=3837.16..3837.17 rows=1 width=8)
	  ->  Bitmap Heap Scan on sbtest8  (cost=34.57..3834.69 rows=989 width=4)
	        Recheck Cond: ((id >= 5057124) AND (id <= 5058123))
	        ->  Bitmap Index Scan on sbtest8_pkey  (cost=0.00..34.33 rows=989 width=0)
	              Index Cond: ((id >= 5057124) AND (id <= 5058123))

for: distinct_ranges
table 1 : explain SELECT DISTINCT c FROM sbtest1 WHERE id BETWEEN 1694911 AND 1695910 ORDER BY c
	Unique  (cost=4192.05..4197.40 rows=1069 width=121)
	  ->  Sort  (cost=4192.05..4194.72 rows=1069 width=121)
	        Sort Key: c
	        ->  Bitmap Heap Scan on sbtest1  (cost=35.39..4138.27 rows=1069 width=121)
	              Recheck Cond: ((id >= 1694911) AND (id <= 1695910))
	              ->  Bitmap Index Scan on sbtest1_pkey  (cost=0.00..35.12 rows=1069 width=0)
	                    Index Cond: ((id >= 1694911) AND (id <= 1695910))

table 2 : explain SELECT DISTINCT c FROM sbtest2 WHERE id BETWEEN 6637800 AND 6638799 ORDER BY c
	Unique  (cost=4260.79..4266.23 rows=1088 width=121)
	  ->  Sort  (cost=4260.79..4263.51 rows=1088 width=121)
	        Sort Key: c
	        ->  Bitmap Heap Scan on sbtest2  (cost=35.59..4205.91 rows=1088 width=121)
	              Recheck Cond: ((id >= 6637800) AND (id <= 6638799))
	              ->  Bitmap Index Scan on sbtest2_pkey  (cost=0.00..35.32 rows=1088 width=0)
	                    Index Cond: ((id >= 6637800) AND (id <= 6638799))

table 3 : explain SELECT DISTINCT c FROM sbtest3 WHERE id BETWEEN 6305226 AND 6306225 ORDER BY c
	Unique  (cost=3684.89..3689.57 rows=936 width=121)
	  ->  Sort  (cost=3684.89..3687.23 rows=936 width=121)
	        Sort Key: c
	        ->  Bitmap Heap Scan on sbtest3  (cost=34.03..3638.70 rows=936 width=121)
	              Recheck Cond: ((id >= 6305226) AND (id <= 6306225))
	              ->  Bitmap Index Scan on sbtest3_pkey  (cost=0.00..33.80 rows=936 width=0)
	                    Index Cond: ((id >= 6305226) AND (id <= 6306225))

table 4 : explain SELECT DISTINCT c FROM sbtest4 WHERE id BETWEEN 7924506 AND 7925505 ORDER BY c
	Unique  (cost=4164.56..4169.87 rows=1061 width=121)
	  ->  Sort  (cost=4164.56..4167.21 rows=1061 width=121)
	        Sort Key: c
	        ->  Bitmap Heap Scan on sbtest4  (cost=35.31..4111.24 rows=1061 width=121)
	              Recheck Cond: ((id >= 7924506) AND (id <= 7925505))
	              ->  Bitmap Index Scan on sbtest4_pkey  (cost=0.00..35.05 rows=1061 width=0)
	                    Index Cond: ((id >= 7924506) AND (id <= 7925505))

table 5 : explain SELECT DISTINCT c FROM sbtest5 WHERE id BETWEEN 5376486 AND 5377485 ORDER BY c
	Unique  (cost=3984.18..3989.25 rows=1014 width=121)
	  ->  Sort  (cost=3984.18..3986.72 rows=1014 width=121)
	        Sort Key: c
	        ->  Bitmap Heap Scan on sbtest5  (cost=34.83..3933.55 rows=1014 width=121)
	              Recheck Cond: ((id >= 5376486) AND (id <= 5377485))
	              ->  Bitmap Index Scan on sbtest5_pkey  (cost=0.00..34.58 rows=1014 width=0)
	                    Index Cond: ((id >= 5376486) AND (id <= 5377485))

table 6 : explain SELECT DISTINCT c FROM sbtest6 WHERE id BETWEEN 3152561 AND 3153560 ORDER BY c
	Unique  (cost=3881.28..3886.22 rows=988 width=121)
	  ->  Sort  (cost=3881.28..3883.75 rows=988 width=121)
	        Sort Key: c
	        ->  Bitmap Heap Scan on sbtest6  (cost=34.56..3832.14 rows=988 width=121)
	              Recheck Cond: ((id >= 3152561) AND (id <= 3153560))
	              ->  Bitmap Index Scan on sbtest6_pkey  (cost=0.00..34.32 rows=988 width=0)
	                    Index Cond: ((id >= 3152561) AND (id <= 3153560))

table 7 : explain SELECT DISTINCT c FROM sbtest7 WHERE id BETWEEN 7089591 AND 7090590 ORDER BY c
	Unique  (cost=3967.92..3972.97 rows=1010 width=121)
	  ->  Sort  (cost=3967.92..3970.44 rows=1010 width=121)
	        Sort Key: c
	        ->  Bitmap Heap Scan on sbtest7  (cost=34.79..3917.52 rows=1010 width=121)
	              Recheck Cond: ((id >= 7089591) AND (id <= 7090590))
	              ->  Bitmap Index Scan on sbtest7_pkey  (cost=0.00..34.54 rows=1010 width=0)
	                    Index Cond: ((id >= 7089591) AND (id <= 7090590))

table 8 : explain SELECT DISTINCT c FROM sbtest8 WHERE id BETWEEN 3706761 AND 3707760 ORDER BY c
	Unique  (cost=4342.71..4348.25 rows=1108 width=121)
	  ->  Sort  (cost=4342.71..4345.48 rows=1108 width=121)
	        Sort Key: c
	        ->  Bitmap Heap Scan on sbtest8  (cost=39.79..4286.68 rows=1108 width=121)
	              Recheck Cond: ((id >= 3706761) AND (id <= 3707760))
	              ->  Bitmap Index Scan on sbtest8_pkey  (cost=0.00..39.52 rows=1108 width=0)
	                    Index Cond: ((id >= 3706761) AND (id <= 3707760))

for: distinct_ranges
table 1 : explain SELECT DISTINCT c FROM sbtest1 WHERE id BETWEEN 5776743 AND 5777742 ORDER BY c
	Unique  (cost=4306.86..4312.35 rows=1098 width=121)
	  ->  Sort  (cost=4306.86..4309.61 rows=1098 width=121)
	        Sort Key: c
	        ->  Bitmap Heap Scan on sbtest1  (cost=39.69..4251.41 rows=1098 width=121)
	              Recheck Cond: ((id >= 5776743) AND (id <= 5777742))
	              ->  Bitmap Index Scan on sbtest1_pkey  (cost=0.00..39.42 rows=1098 width=0)
	                    Index Cond: ((id >= 5776743) AND (id <= 5777742))

table 2 : explain SELECT DISTINCT c FROM sbtest2 WHERE id BETWEEN 3524283 AND 3525282 ORDER BY c
	Unique  (cost=4119.55..4124.80 rows=1051 width=121)
	  ->  Sort  (cost=4119.55..4122.17 rows=1051 width=121)
	        Sort Key: c
	        ->  Bitmap Heap Scan on sbtest2  (cost=35.21..4066.80 rows=1051 width=121)
	              Recheck Cond: ((id >= 3524283) AND (id <= 3525282))
	              ->  Bitmap Index Scan on sbtest2_pkey  (cost=0.00..34.95 rows=1051 width=0)
	                    Index Cond: ((id >= 3524283) AND (id <= 3525282))

table 3 : explain SELECT DISTINCT c FROM sbtest3 WHERE id BETWEEN 4526444 AND 4527443 ORDER BY c
	Unique  (cost=3627.25..3631.85 rows=921 width=121)
	  ->  Sort  (cost=3627.25..3629.55 rows=921 width=121)
	        Sort Key: c
	        ->  Bitmap Heap Scan on sbtest3  (cost=33.88..3581.90 rows=921 width=121)
	              Recheck Cond: ((id >= 4526444) AND (id <= 4527443))
	              ->  Bitmap Index Scan on sbtest3_pkey  (cost=0.00..33.65 rows=921 width=0)
	                    Index Cond: ((id >= 4526444) AND (id <= 4527443))

table 4 : explain SELECT DISTINCT c FROM sbtest4 WHERE id BETWEEN 3545176 AND 3546175 ORDER BY c
	Unique  (cost=4084.15..4089.35 rows=1040 width=121)
	  ->  Sort  (cost=4084.15..4086.75 rows=1040 width=121)
	        Sort Key: c
	        ->  Bitmap Heap Scan on sbtest4  (cost=35.09..4032.03 rows=1040 width=121)
	              Recheck Cond: ((id >= 3545176) AND (id <= 3546175))
	              ->  Bitmap Index Scan on sbtest4_pkey  (cost=0.00..34.84 rows=1040 width=0)
	                    Index Cond: ((id >= 3545176) AND (id <= 3546175))

table 5 : explain SELECT DISTINCT c FROM sbtest5 WHERE id BETWEEN 8674763 AND 8675762 ORDER BY c
	Unique  (cost=3968.85..3973.90 rows=1010 width=121)
	  ->  Sort  (cost=3968.85..3971.37 rows=1010 width=121)
	        Sort Key: c
	        ->  Bitmap Heap Scan on sbtest5  (cost=34.79..3918.45 rows=1010 width=121)
	              Recheck Cond: ((id >= 8674763) AND (id <= 8675762))
	              ->  Bitmap Index Scan on sbtest5_pkey  (cost=0.00..34.54 rows=1010 width=0)
	                    Index Cond: ((id >= 8674763) AND (id <= 8675762))

table 6 : explain SELECT DISTINCT c FROM sbtest6 WHERE id BETWEEN 1517156 AND 1518155 ORDER BY c
	Unique  (cost=3865.96..3870.88 rows=984 width=121)
	  ->  Sort  (cost=3865.96..3868.42 rows=984 width=121)
	        Sort Key: c
	        ->  Bitmap Heap Scan on sbtest6  (cost=34.52..3817.04 rows=984 width=121)
	              Recheck Cond: ((id >= 1517156) AND (id <= 1518155))
	              ->  Bitmap Index Scan on sbtest6_pkey  (cost=0.00..34.28 rows=984 width=0)
	                    Index Cond: ((id >= 1517156) AND (id <= 1518155))

table 7 : explain SELECT DISTINCT c FROM sbtest7 WHERE id BETWEEN 2696322 AND 2697321 ORDER BY c
	Unique  (cost=3634.09..3638.70 rows=923 width=121)
	  ->  Sort  (cost=3634.09..3636.39 rows=923 width=121)
	        Sort Key: c
	        ->  Bitmap Heap Scan on sbtest7  (cost=33.90..3588.63 rows=923 width=121)
	              Recheck Cond: ((id >= 2696322) AND (id <= 2697321))
	              ->  Bitmap Index Scan on sbtest7_pkey  (cost=0.00..33.67 rows=923 width=0)
	                    Index Cond: ((id >= 2696322) AND (id <= 2697321))

table 8 : explain SELECT DISTINCT c FROM sbtest8 WHERE id BETWEEN 1458690 AND 1459689 ORDER BY c
	Unique  (cost=4109.60..4114.84 rows=1048 width=121)
	  ->  Sort  (cost=4109.60..4112.22 rows=1048 width=121)
	        Sort Key: c
	        ->  Bitmap Heap Scan on sbtest8  (cost=35.18..4057.03 rows=1048 width=121)
	              Recheck Cond: ((id >= 1458690) AND (id <= 1459689))
	              ->  Bitmap Index Scan on sbtest8_pkey  (cost=0.00..34.92 rows=1048 width=0)
	                    Index Cond: ((id >= 1458690) AND (id <= 1459689))

for: simple_ranges
table 1 : explain SELECT c FROM sbtest1 WHERE id BETWEEN 4136837 AND 4137836
	Bitmap Heap Scan on sbtest1  (cost=35.22..4074.24 rows=1052 width=121)
	  Recheck Cond: ((id >= 4136837) AND (id <= 4137836))
	  ->  Bitmap Index Scan on sbtest1_pkey  (cost=0.00..34.95 rows=1052 width=0)
	        Index Cond: ((id >= 4136837) AND (id <= 4137836))

table 2 : explain SELECT c FROM sbtest2 WHERE id BETWEEN 1424322 AND 1425321
	Bitmap Heap Scan on sbtest2  (cost=34.28..3723.92 rows=960 width=121)
	  Recheck Cond: ((id >= 1424322) AND (id <= 1425321))
	  ->  Bitmap Index Scan on sbtest2_pkey  (cost=0.00..34.04 rows=960 width=0)
	        Index Cond: ((id >= 1424322) AND (id <= 1425321))

table 3 : explain SELECT c FROM sbtest3 WHERE id BETWEEN 4861292 AND 4862291
	Bitmap Heap Scan on sbtest3  (cost=34.66..3873.16 rows=998 width=121)
	  Recheck Cond: ((id >= 4861292) AND (id <= 4862291))
	  ->  Bitmap Index Scan on sbtest3_pkey  (cost=0.00..34.42 rows=998 width=0)
	        Index Cond: ((id >= 4861292) AND (id <= 4862291))

table 4 : explain SELECT c FROM sbtest4 WHERE id BETWEEN 4417531 AND 4418530
	Bitmap Heap Scan on sbtest4  (cost=34.40..3775.18 rows=972 width=121)
	  Recheck Cond: ((id >= 4417531) AND (id <= 4418530))
	  ->  Bitmap Index Scan on sbtest4_pkey  (cost=0.00..34.16 rows=972 width=0)
	        Index Cond: ((id >= 4417531) AND (id <= 4418530))

table 5 : explain SELECT c FROM sbtest5 WHERE id BETWEEN 4350091 AND 4351090
	Bitmap Heap Scan on sbtest5  (cost=29.75..3532.41 rows=909 width=121)
	  Recheck Cond: ((id >= 4350091) AND (id <= 4351090))
	  ->  Bitmap Index Scan on sbtest5_pkey  (cost=0.00..29.52 rows=909 width=0)
	        Index Cond: ((id >= 4350091) AND (id <= 4351090))

table 6 : explain SELECT c FROM sbtest6 WHERE id BETWEEN 8755563 AND 8756562
	Bitmap Heap Scan on sbtest6  (cost=35.64..4227.73 rows=1093 width=121)
	  Recheck Cond: ((id >= 8755563) AND (id <= 8756562))
	  ->  Bitmap Index Scan on sbtest6_pkey  (cost=0.00..35.37 rows=1093 width=0)
	        Index Cond: ((id >= 8755563) AND (id <= 8756562))

table 7 : explain SELECT c FROM sbtest7 WHERE id BETWEEN 399088 AND 400087
	Bitmap Heap Scan on sbtest7  (cost=35.13..4042.02 rows=1043 width=121)
	  Recheck Cond: ((id >= 399088) AND (id <= 400087))
	  ->  Bitmap Index Scan on sbtest7_pkey  (cost=0.00..34.87 rows=1043 width=0)
	        Index Cond: ((id >= 399088) AND (id <= 400087))

table 8 : explain SELECT c FROM sbtest8 WHERE id BETWEEN 6981939 AND 6982938
	Bitmap Heap Scan on sbtest8  (cost=39.89..4324.25 rows=1118 width=121)
	  Recheck Cond: ((id >= 6981939) AND (id <= 6982938))
	  ->  Bitmap Index Scan on sbtest8_pkey  (cost=0.00..39.62 rows=1118 width=0)
	        Index Cond: ((id >= 6981939) AND (id <= 6982938))

explain: for point_selects :: explain SELECT c FROM sbtest%u WHERE id=%u
for: order_ranges
table 1 : explain SELECT c FROM sbtest1 WHERE id BETWEEN 679607 AND 680606 ORDER BY c
	Sort  (cost=4027.57..4030.13 rows=1026 width=121)
	  Sort Key: c
	  ->  Bitmap Heap Scan on sbtest1  (cost=34.95..3976.25 rows=1026 width=121)
	        Recheck Cond: ((id >= 679607) AND (id <= 680606))
	        ->  Bitmap Index Scan on sbtest1_pkey  (cost=0.00..34.70 rows=1026 width=0)
	              Index Cond: ((id >= 679607) AND (id <= 680606))

table 2 : explain SELECT c FROM sbtest2 WHERE id BETWEEN 3283774 AND 3284773 ORDER BY c
	Sort  (cost=3729.33..3731.70 rows=949 width=121)
	  Sort Key: c
	  ->  Bitmap Heap Scan on sbtest2  (cost=34.16..3682.40 rows=949 width=121)
	        Recheck Cond: ((id >= 3283774) AND (id <= 3284773))
	        ->  Bitmap Index Scan on sbtest2_pkey  (cost=0.00..33.93 rows=949 width=0)
	              Index Cond: ((id >= 3283774) AND (id <= 3284773))

table 3 : explain SELECT c FROM sbtest3 WHERE id BETWEEN 2928402 AND 2929401 ORDER BY c
	Sort  (cost=3938.22..3940.72 rows=1002 width=121)
	  Sort Key: c
	  ->  Bitmap Heap Scan on sbtest3  (cost=34.71..3888.27 rows=1002 width=121)
	        Recheck Cond: ((id >= 2928402) AND (id <= 2929401))
	        ->  Bitmap Index Scan on sbtest3_pkey  (cost=0.00..34.45 rows=1002 width=0)
	              Index Cond: ((id >= 2928402) AND (id <= 2929401))

table 4 : explain SELECT c FROM sbtest4 WHERE id BETWEEN 151099 AND 152098 ORDER BY c
	Sort  (cost=4007.52..4010.07 rows=1020 width=121)
	  Sort Key: c
	  ->  Bitmap Heap Scan on sbtest4  (cost=34.89..3956.55 rows=1020 width=121)
	        Recheck Cond: ((id >= 151099) AND (id <= 152098))
	        ->  Bitmap Index Scan on sbtest4_pkey  (cost=0.00..34.64 rows=1020 width=0)
	              Index Cond: ((id >= 151099) AND (id <= 152098))

table 5 : explain SELECT c FROM sbtest5 WHERE id BETWEEN 3235956 AND 3236955 ORDER BY c
	Sort  (cost=3988.01..3990.55 rows=1015 width=121)
	  Sort Key: c
	  ->  Bitmap Heap Scan on sbtest5  (cost=34.84..3937.33 rows=1015 width=121)
	        Recheck Cond: ((id >= 3235956) AND (id <= 3236955))
	        ->  Bitmap Index Scan on sbtest5_pkey  (cost=0.00..34.59 rows=1015 width=0)
	              Index Cond: ((id >= 3235956) AND (id <= 3236955))

table 6 : explain SELECT c FROM sbtest6 WHERE id BETWEEN 2455202 AND 2456201 ORDER BY c
	Sort  (cost=3915.76..3918.25 rows=997 width=121)
	  Sort Key: c
	  ->  Bitmap Heap Scan on sbtest6  (cost=34.65..3866.10 rows=997 width=121)
	        Recheck Cond: ((id >= 2455202) AND (id <= 2456201))
	        ->  Bitmap Index Scan on sbtest6_pkey  (cost=0.00..34.41 rows=997 width=0)
	              Index Cond: ((id >= 2455202) AND (id <= 2456201))

table 7 : explain SELECT c FROM sbtest7 WHERE id BETWEEN 2856783 AND 2857782 ORDER BY c
	Sort  (cost=3741.63..3744.00 rows=951 width=121)
	  Sort Key: c
	  ->  Bitmap Heap Scan on sbtest7  (cost=34.18..3694.58 rows=951 width=121)
	        Recheck Cond: ((id >= 2856783) AND (id <= 2857782))
	        ->  Bitmap Index Scan on sbtest7_pkey  (cost=0.00..33.95 rows=951 width=0)
	              Index Cond: ((id >= 2856783) AND (id <= 2857782))

table 8 : explain SELECT c FROM sbtest8 WHERE id BETWEEN 8836483 AND 8837482 ORDER BY c
	Sort  (cost=3788.13..3790.54 rows=964 width=121)
	  Sort Key: c
	  ->  Bitmap Heap Scan on sbtest8  (cost=34.32..3740.35 rows=964 width=121)
	        Recheck Cond: ((id >= 8836483) AND (id <= 8837482))
	        ->  Bitmap Index Scan on sbtest8_pkey  (cost=0.00..34.08 rows=964 width=0)
	              Index Cond: ((id >= 8836483) AND (id <= 8837482))

for point_selects
table 1 : explain SELECT c FROM sbtest1 WHERE id=6330664
	Index Scan using sbtest1_pkey on sbtest1  (cost=0.43..8.45 rows=1 width=121)
	  Index Cond: (id = 6330664)

table 2 : explain SELECT c FROM sbtest2 WHERE id=1284551
	Index Scan using sbtest2_pkey on sbtest2  (cost=0.43..8.45 rows=1 width=121)
	  Index Cond: (id = 1284551)

table 3 : explain SELECT c FROM sbtest3 WHERE id=7038400
	Index Scan using sbtest3_pkey on sbtest3  (cost=0.43..8.45 rows=1 width=121)
	  Index Cond: (id = 7038400)

table 4 : explain SELECT c FROM sbtest4 WHERE id=3568501
	Index Scan using sbtest4_pkey on sbtest4  (cost=0.43..8.45 rows=1 width=121)
	  Index Cond: (id = 3568501)

table 5 : explain SELECT c FROM sbtest5 WHERE id=7327344
	Index Scan using sbtest5_pkey on sbtest5  (cost=0.43..8.45 rows=1 width=121)
	  Index Cond: (id = 7327344)

table 6 : explain SELECT c FROM sbtest6 WHERE id=5180759
	Index Scan using sbtest6_pkey on sbtest6  (cost=0.43..8.45 rows=1 width=121)
	  Index Cond: (id = 5180759)

table 7 : explain SELECT c FROM sbtest7 WHERE id=7600413
	Index Scan using sbtest7_pkey on sbtest7  (cost=0.43..8.45 rows=1 width=121)
	  Index Cond: (id = 7600413)

table 8 : explain SELECT c FROM sbtest8 WHERE id=1099408
	Index Scan using sbtest8_pkey on sbtest8  (cost=0.43..8.45 rows=1 width=121)
	  Index Cond: (id = 1099408)

for point_selects
table 1 : explain SELECT c FROM sbtest1 WHERE id=6521500
	Index Scan using sbtest1_pkey on sbtest1  (cost=0.43..8.45 rows=1 width=121)
	  Index Cond: (id = 6521500)

table 2 : explain SELECT c FROM sbtest2 WHERE id=1077542
	Index Scan using sbtest2_pkey on sbtest2  (cost=0.43..8.45 rows=1 width=121)
	  Index Cond: (id = 1077542)

table 3 : explain SELECT c FROM sbtest3 WHERE id=8634263
	Index Scan using sbtest3_pkey on sbtest3  (cost=0.43..8.45 rows=1 width=121)
	  Index Cond: (id = 8634263)

table 4 : explain SELECT c FROM sbtest4 WHERE id=8038808
	Index Scan using sbtest4_pkey on sbtest4  (cost=0.43..8.45 rows=1 width=121)
	  Index Cond: (id = 8038808)

table 5 : explain SELECT c FROM sbtest5 WHERE id=7949342
	Index Scan using sbtest5_pkey on sbtest5  (cost=0.43..8.45 rows=1 width=121)
	  Index Cond: (id = 7949342)

table 6 : explain SELECT c FROM sbtest6 WHERE id=4659761
	Index Scan using sbtest6_pkey on sbtest6  (cost=0.43..8.45 rows=1 width=121)
	  Index Cond: (id = 4659761)

table 7 : explain SELECT c FROM sbtest7 WHERE id=7374819
	Index Scan using sbtest7_pkey on sbtest7  (cost=0.43..8.45 rows=1 width=121)
	  Index Cond: (id = 7374819)

table 8 : explain SELECT c FROM sbtest8 WHERE id=9733603
	Index Scan using sbtest8_pkey on sbtest8  (cost=0.43..8.45 rows=1 width=121)
	  Index Cond: (id = 9733603)

for: order_ranges
table 1 : explain SELECT c FROM sbtest1 WHERE id BETWEEN 551949 AND 552948 ORDER BY c
	Sort  (cost=4081.14..4083.74 rows=1040 width=121)
	  Sort Key: c
	  ->  Bitmap Heap Scan on sbtest1  (cost=35.09..4029.03 rows=1040 width=121)
	        Recheck Cond: ((id >= 551949) AND (id <= 552948))
	        ->  Bitmap Index Scan on sbtest1_pkey  (cost=0.00..34.84 rows=1040 width=0)
	              Index Cond: ((id >= 551949) AND (id <= 552948))

table 2 : explain SELECT c FROM sbtest2 WHERE id BETWEEN 6727341 AND 6728340 ORDER BY c
	Sort  (cost=3882.50..3884.98 rows=989 width=121)
	  Sort Key: c
	  ->  Bitmap Heap Scan on sbtest2  (cost=34.57..3833.30 rows=989 width=121)
	        Recheck Cond: ((id >= 6727341) AND (id <= 6728340))
	        ->  Bitmap Index Scan on sbtest2_pkey  (cost=0.00..34.33 rows=989 width=0)
	              Index Cond: ((id >= 6727341) AND (id <= 6728340))

table 3 : explain SELECT c FROM sbtest3 WHERE id BETWEEN 5320090 AND 5321089 ORDER BY c
	Sort  (cost=4053.20..4055.78 rows=1032 width=121)
	  Sort Key: c
	  ->  Bitmap Heap Scan on sbtest3  (cost=35.01..4001.54 rows=1032 width=121)
	        Recheck Cond: ((id >= 5320090) AND (id <= 5321089))
	        ->  Bitmap Index Scan on sbtest3_pkey  (cost=0.00..34.76 rows=1032 width=0)
	              Index Cond: ((id >= 5320090) AND (id <= 5321089))

table 4 : explain SELECT c FROM sbtest4 WHERE id BETWEEN 9401002 AND 9402001 ORDER BY c
	Sort  (cost=3461.93..3464.13 rows=879 width=121)
	  Sort Key: c
	  ->  Bitmap Heap Scan on sbtest4  (cost=29.44..3418.95 rows=879 width=121)
	        Recheck Cond: ((id >= 9401002) AND (id <= 9402001))
	        ->  Bitmap Index Scan on sbtest4_pkey  (cost=0.00..29.22 rows=879 width=0)
	              Index Cond: ((id >= 9401002) AND (id <= 9402001))

table 5 : explain SELECT c FROM sbtest5 WHERE id BETWEEN 487196 AND 488195 ORDER BY c
	Sort  (cost=3934.34..3936.85 rows=1001 width=121)
	  Sort Key: c
	  ->  Bitmap Heap Scan on sbtest5  (cost=34.70..3884.46 rows=1001 width=121)
	        Recheck Cond: ((id >= 487196) AND (id <= 488195))
	        ->  Bitmap Index Scan on sbtest5_pkey  (cost=0.00..34.45 rows=1001 width=0)
	              Index Cond: ((id >= 487196) AND (id <= 488195))

table 6 : explain SELECT c FROM sbtest6 WHERE id BETWEEN 932744 AND 933743 ORDER BY c
	Sort  (cost=3781.63..3784.04 rows=962 width=121)
	  Sort Key: c
	  ->  Bitmap Heap Scan on sbtest6  (cost=34.30..3733.97 rows=962 width=121)
	        Recheck Cond: ((id >= 932744) AND (id <= 933743))
	        ->  Bitmap Index Scan on sbtest6_pkey  (cost=0.00..34.06 rows=962 width=0)
	              Index Cond: ((id >= 932744) AND (id <= 933743))

table 7 : explain SELECT c FROM sbtest7 WHERE id BETWEEN 2844334 AND 2845333 ORDER BY c
	Sort  (cost=4339.26..4342.02 rows=1106 width=121)
	  Sort Key: c
	  ->  Bitmap Heap Scan on sbtest7  (cost=39.77..4283.34 rows=1106 width=121)
	        Recheck Cond: ((id >= 2844334) AND (id <= 2845333))
	        ->  Bitmap Index Scan on sbtest7_pkey  (cost=0.00..39.50 rows=1106 width=0)
	              Index Cond: ((id >= 2844334) AND (id <= 2845333))

table 8 : explain SELECT c FROM sbtest8 WHERE id BETWEEN 7071316 AND 7072315 ORDER BY c
	Sort  (cost=3650.09..3652.41 rows=928 width=121)
	  Sort Key: c
	  ->  Bitmap Heap Scan on sbtest8  (cost=33.95..3604.35 rows=928 width=121)
	        Recheck Cond: ((id >= 7071316) AND (id <= 7072315))
	        ->  Bitmap Index Scan on sbtest8_pkey  (cost=0.00..33.72 rows=928 width=0)
	              Index Cond: ((id >= 7071316) AND (id <= 7072315))

for point_selects
table 1 : explain SELECT c FROM sbtest1 WHERE id=7718411
	Index Scan using sbtest1_pkey on sbtest1  (cost=0.43..8.45 rows=1 width=121)
	  Index Cond: (id = 7718411)

table 2 : explain SELECT c FROM sbtest2 WHERE id=6293447
	Index Scan using sbtest2_pkey on sbtest2  (cost=0.43..8.45 rows=1 width=121)
	  Index Cond: (id = 6293447)

table 3 : explain SELECT c FROM sbtest3 WHERE id=9032558
	Index Scan using sbtest3_pkey on sbtest3  (cost=0.43..8.45 rows=1 width=121)
	  Index Cond: (id = 9032558)

table 4 : explain SELECT c FROM sbtest4 WHERE id=7912578
	Index Scan using sbtest4_pkey on sbtest4  (cost=0.43..8.45 rows=1 width=121)
	  Index Cond: (id = 7912578)

table 5 : explain SELECT c FROM sbtest5 WHERE id=3373948
	Index Scan using sbtest5_pkey on sbtest5  (cost=0.43..8.45 rows=1 width=121)
	  Index Cond: (id = 3373948)

table 6 : explain SELECT c FROM sbtest6 WHERE id=4245888
	Index Scan using sbtest6_pkey on sbtest6  (cost=0.43..8.45 rows=1 width=121)
	  Index Cond: (id = 4245888)

table 7 : explain SELECT c FROM sbtest7 WHERE id=1134032
	Index Scan using sbtest7_pkey on sbtest7  (cost=0.43..8.45 rows=1 width=121)
	  Index Cond: (id = 1134032)

table 8 : explain SELECT c FROM sbtest8 WHERE id=2611022
	Index Scan using sbtest8_pkey on sbtest8  (cost=0.43..8.45 rows=1 width=121)
	  Index Cond: (id = 2611022)

for point_selects
table 1 : explain SELECT c FROM sbtest1 WHERE id=8113511
	Index Scan using sbtest1_pkey on sbtest1  (cost=0.43..8.45 rows=1 width=121)
	  Index Cond: (id = 8113511)

table 2 : explain SELECT c FROM sbtest2 WHERE id=9643564
	Index Scan using sbtest2_pkey on sbtest2  (cost=0.43..8.45 rows=1 width=121)
	  Index Cond: (id = 9643564)

table 3 : explain SELECT c FROM sbtest3 WHERE id=1435586
	Index Scan using sbtest3_pkey on sbtest3  (cost=0.43..8.45 rows=1 width=121)
	  Index Cond: (id = 1435586)

table 4 : explain SELECT c FROM sbtest4 WHERE id=5396927
	Index Scan using sbtest4_pkey on sbtest4  (cost=0.43..8.45 rows=1 width=121)
	  Index Cond: (id = 5396927)

table 5 : explain SELECT c FROM sbtest5 WHERE id=4010931
	Index Scan using sbtest5_pkey on sbtest5  (cost=0.43..8.45 rows=1 width=121)
	  Index Cond: (id = 4010931)

table 6 : explain SELECT c FROM sbtest6 WHERE id=2790216
	Index Scan using sbtest6_pkey on sbtest6  (cost=0.43..8.45 rows=1 width=121)
	  Index Cond: (id = 2790216)

table 7 : explain SELECT c FROM sbtest7 WHERE id=4404038
	Index Scan using sbtest7_pkey on sbtest7  (cost=0.43..8.45 rows=1 width=121)
	  Index Cond: (id = 4404038)

table 8 : explain SELECT c FROM sbtest8 WHERE id=2968753
	Index Scan using sbtest8_pkey on sbtest8  (cost=0.43..8.45 rows=1 width=121)
	  Index Cond: (id = 2968753)

explain: for point_selects :: explain SELECT c FROM sbtest%u WHERE id=%u
explain: for point_selects :: explain SELECT c FROM sbtest%u WHERE id=%u
for: distinct_ranges
table 1 : explain SELECT DISTINCT c FROM sbtest1 WHERE id BETWEEN 553239 AND 554238 ORDER BY c
	Unique  (cost=4081.14..4086.34 rows=1040 width=121)
	  ->  Sort  (cost=4081.14..4083.74 rows=1040 width=121)
	        Sort Key: c
	        ->  Bitmap Heap Scan on sbtest1  (cost=35.09..4029.03 rows=1040 width=121)
	              Recheck Cond: ((id >= 553239) AND (id <= 554238))
	              ->  Bitmap Index Scan on sbtest1_pkey  (cost=0.00..34.84 rows=1040 width=0)
	                    Index Cond: ((id >= 553239) AND (id <= 554238))

table 2 : explain SELECT DISTINCT c FROM sbtest2 WHERE id BETWEEN 8586001 AND 8587000 ORDER BY c
	Unique  (cost=4092.81..4098.03 rows=1044 width=121)
	  ->  Sort  (cost=4092.81..4095.42 rows=1044 width=121)
	        Sort Key: c
	        ->  Bitmap Heap Scan on sbtest2  (cost=35.14..4040.46 rows=1044 width=121)
	              Recheck Cond: ((id >= 8586001) AND (id <= 8587000))
	              ->  Bitmap Index Scan on sbtest2_pkey  (cost=0.00..34.88 rows=1044 width=0)
	                    Index Cond: ((id >= 8586001) AND (id <= 8587000))

table 3 : explain SELECT DISTINCT c FROM sbtest3 WHERE id BETWEEN 5349348 AND 5350347 ORDER BY c
	Unique  (cost=4053.20..4058.36 rows=1032 width=121)
	  ->  Sort  (cost=4053.20..4055.78 rows=1032 width=121)
	        Sort Key: c
	        ->  Bitmap Heap Scan on sbtest3  (cost=35.01..4001.54 rows=1032 width=121)
	              Recheck Cond: ((id >= 5349348) AND (id <= 5350347))
	              ->  Bitmap Index Scan on sbtest3_pkey  (cost=0.00..34.76 rows=1032 width=0)
	                    Index Cond: ((id >= 5349348) AND (id <= 5350347))

table 4 : explain SELECT DISTINCT c FROM sbtest4 WHERE id BETWEEN 8850148 AND 8851147 ORDER BY c
	Unique  (cost=4057.33..4062.50 rows=1033 width=121)
	  ->  Sort  (cost=4057.33..4059.91 rows=1033 width=121)
	        Sort Key: c
	        ->  Bitmap Heap Scan on sbtest4  (cost=35.02..4005.62 rows=1033 width=121)
	              Recheck Cond: ((id >= 8850148) AND (id <= 8851147))
	              ->  Bitmap Index Scan on sbtest4_pkey  (cost=0.00..34.77 rows=1033 width=0)
	                    Index Cond: ((id >= 8850148) AND (id <= 8851147))

table 5 : explain SELECT DISTINCT c FROM sbtest5 WHERE id BETWEEN 4709914 AND 4710913 ORDER BY c
	Unique  (cost=3842.28..3847.17 rows=977 width=121)
	  ->  Sort  (cost=3842.28..3844.73 rows=977 width=121)
	        Sort Key: c
	        ->  Bitmap Heap Scan on sbtest5  (cost=34.45..3793.77 rows=977 width=121)
	              Recheck Cond: ((id >= 4709914) AND (id <= 4710913))
	              ->  Bitmap Index Scan on sbtest5_pkey  (cost=0.00..34.20 rows=977 width=0)
	                    Index Cond: ((id >= 4709914) AND (id <= 4710913))

table 6 : explain SELECT DISTINCT c FROM sbtest6 WHERE id BETWEEN 4297758 AND 4298757 ORDER BY c
	Unique  (cost=3850.63..3855.53 rows=980 width=121)
	  ->  Sort  (cost=3850.63..3853.08 rows=980 width=121)
	        Sort Key: c
	        ->  Bitmap Heap Scan on sbtest6  (cost=34.48..3801.94 rows=980 width=121)
	              Recheck Cond: ((id >= 4297758) AND (id <= 4298757))
	              ->  Bitmap Index Scan on sbtest6_pkey  (cost=0.00..34.23 rows=980 width=0)
	                    Index Cond: ((id >= 4297758) AND (id <= 4298757))

table 7 : explain SELECT DISTINCT c FROM sbtest7 WHERE id BETWEEN 5934897 AND 5935896 ORDER BY c
	Unique  (cost=4274.11..4279.56 rows=1090 width=121)
	  ->  Sort  (cost=4274.11..4276.83 rows=1090 width=121)
	        Sort Key: c
	        ->  Bitmap Heap Scan on sbtest7  (cost=35.61..4219.12 rows=1090 width=121)
	              Recheck Cond: ((id >= 5934897) AND (id <= 5935896))
	              ->  Bitmap Index Scan on sbtest7_pkey  (cost=0.00..35.34 rows=1090 width=0)
	                    Index Cond: ((id >= 5934897) AND (id <= 5935896))

table 8 : explain SELECT DISTINCT c FROM sbtest8 WHERE id BETWEEN 1053061 AND 1054060 ORDER BY c
	Unique  (cost=3837.93..3842.82 rows=977 width=121)
	  ->  Sort  (cost=3837.93..3840.38 rows=977 width=121)
	        Sort Key: c
	        ->  Bitmap Heap Scan on sbtest8  (cost=34.45..3789.42 rows=977 width=121)
	              Recheck Cond: ((id >= 1053061) AND (id <= 1054060))
	              ->  Bitmap Index Scan on sbtest8_pkey  (cost=0.00..34.20 rows=977 width=0)
	                    Index Cond: ((id >= 1053061) AND (id <= 1054060))

for: simple_ranges
table 1 : explain SELECT c FROM sbtest1 WHERE id BETWEEN 953302 AND 954301
	Bitmap Heap Scan on sbtest1  (cost=35.41..4145.80 rows=1071 width=121)
	  Recheck Cond: ((id >= 953302) AND (id <= 954301))
	  ->  Bitmap Index Scan on sbtest1_pkey  (cost=0.00..35.15 rows=1071 width=0)
	        Index Cond: ((id >= 953302) AND (id <= 954301))

table 2 : explain SELECT c FROM sbtest2 WHERE id BETWEEN 2667136 AND 2668135
	Bitmap Heap Scan on sbtest2  (cost=34.50..3806.91 rows=982 width=121)
	  Recheck Cond: ((id >= 2667136) AND (id <= 2668135))
	  ->  Bitmap Index Scan on sbtest2_pkey  (cost=0.00..34.26 rows=982 width=0)
	        Index Cond: ((id >= 2667136) AND (id <= 2668135))

table 3 : explain SELECT c FROM sbtest3 WHERE id BETWEEN 8838899 AND 8839898
	Bitmap Heap Scan on sbtest3  (cost=34.19..3699.25 rows=952 width=121)
	  Recheck Cond: ((id >= 8838899) AND (id <= 8839898))
	  ->  Bitmap Index Scan on sbtest3_pkey  (cost=0.00..33.95 rows=952 width=0)
	        Index Cond: ((id >= 8838899) AND (id <= 8839898))

table 4 : explain SELECT c FROM sbtest4 WHERE id BETWEEN 1409389 AND 1410388
	Bitmap Heap Scan on sbtest4  (cost=35.15..4050.90 rows=1045 width=121)
	  Recheck Cond: ((id >= 1409389) AND (id <= 1410388))
	  ->  Bitmap Index Scan on sbtest4_pkey  (cost=0.00..34.89 rows=1045 width=0)
	        Index Cond: ((id >= 1409389) AND (id <= 1410388))

table 5 : explain SELECT c FROM sbtest5 WHERE id BETWEEN 6514529 AND 6515528
	Bitmap Heap Scan on sbtest5  (cost=34.19..3699.22 rows=952 width=121)
	  Recheck Cond: ((id >= 6514529) AND (id <= 6515528))
	  ->  Bitmap Index Scan on sbtest5_pkey  (cost=0.00..33.95 rows=952 width=0)
	        Index Cond: ((id >= 6514529) AND (id <= 6515528))

table 6 : explain SELECT c FROM sbtest6 WHERE id BETWEEN 727681 AND 728680
	Bitmap Heap Scan on sbtest6  (cost=35.41..4144.95 rows=1071 width=121)
	  Recheck Cond: ((id >= 727681) AND (id <= 728680))
	  ->  Bitmap Index Scan on sbtest6_pkey  (cost=0.00..35.15 rows=1071 width=0)
	        Index Cond: ((id >= 727681) AND (id <= 728680))

table 7 : explain SELECT c FROM sbtest7 WHERE id BETWEEN 1068639 AND 1069638
	Bitmap Heap Scan on sbtest7  (cost=34.58..3842.00 rows=990 width=121)
	  Recheck Cond: ((id >= 1068639) AND (id <= 1069638))
	  ->  Bitmap Index Scan on sbtest7_pkey  (cost=0.00..34.34 rows=990 width=0)
	        Index Cond: ((id >= 1068639) AND (id <= 1069638))

table 8 : explain SELECT c FROM sbtest8 WHERE id BETWEEN 2480491 AND 2481490
	Bitmap Heap Scan on sbtest8  (cost=34.64..3861.09 rows=996 width=121)
	  Recheck Cond: ((id >= 2480491) AND (id <= 2481490))
	  ->  Bitmap Index Scan on sbtest8_pkey  (cost=0.00..34.40 rows=996 width=0)
	        Index Cond: ((id >= 2480491) AND (id <= 2481490))

for: order_ranges
table 1 : explain SELECT c FROM sbtest1 WHERE id BETWEEN 8736376 AND 8737375 ORDER BY c
	Sort  (cost=3847.53..3849.98 rows=979 width=121)
	  Sort Key: c
	  ->  Bitmap Heap Scan on sbtest1  (cost=34.47..3798.90 rows=979 width=121)
	        Recheck Cond: ((id >= 8736376) AND (id <= 8737375))
	        ->  Bitmap Index Scan on sbtest1_pkey  (cost=0.00..34.23 rows=979 width=0)
	              Index Cond: ((id >= 8736376) AND (id <= 8737375))

table 2 : explain SELECT c FROM sbtest2 WHERE id BETWEEN 9616613 AND 9617612 ORDER BY c
	Sort  (cost=3974.32..3976.85 rows=1013 width=121)
	  Sort Key: c
	  ->  Bitmap Heap Scan on sbtest2  (cost=34.82..3923.75 rows=1013 width=121)
	        Recheck Cond: ((id >= 9616613) AND (id <= 9617612))
	        ->  Bitmap Index Scan on sbtest2_pkey  (cost=0.00..34.57 rows=1013 width=0)
	              Index Cond: ((id >= 9616613) AND (id <= 9617612))

table 3 : explain SELECT c FROM sbtest3 WHERE id BETWEEN 5955401 AND 5956400 ORDER BY c
	Sort  (cost=3873.02..3875.48 rows=985 width=121)
	  Sort Key: c
	  ->  Bitmap Heap Scan on sbtest3  (cost=34.53..3824.04 rows=985 width=121)
	        Recheck Cond: ((id >= 5955401) AND (id <= 5956400))
	        ->  Bitmap Index Scan on sbtest3_pkey  (cost=0.00..34.29 rows=985 width=0)
	              Index Cond: ((id >= 5955401) AND (id <= 5956400))

table 4 : explain SELECT c FROM sbtest4 WHERE id BETWEEN 2936496 AND 2937495 ORDER BY c
	Sort  (cost=4462.99..4465.83 rows=1138 width=121)
	  Sort Key: c
	  ->  Bitmap Heap Scan on sbtest4  (cost=40.10..4405.22 rows=1138 width=121)
	        Recheck Cond: ((id >= 2936496) AND (id <= 2937495))
	        ->  Bitmap Index Scan on sbtest4_pkey  (cost=0.00..39.82 rows=1138 width=0)
	              Index Cond: ((id >= 2936496) AND (id <= 2937495))

table 5 : explain SELECT c FROM sbtest5 WHERE id BETWEEN 378762 AND 379761 ORDER BY c
	Sort  (cost=3869.14..3871.60 rows=984 width=121)
	  Sort Key: c
	  ->  Bitmap Heap Scan on sbtest5  (cost=34.52..3820.22 rows=984 width=121)
	        Recheck Cond: ((id >= 378762) AND (id <= 379761))
	        ->  Bitmap Index Scan on sbtest5_pkey  (cost=0.00..34.28 rows=984 width=0)
	              Index Cond: ((id >= 378762) AND (id <= 379761))

table 6 : explain SELECT c FROM sbtest6 WHERE id BETWEEN 984878 AND 985877 ORDER BY c
	Sort  (cost=3781.63..3784.04 rows=962 width=121)
	  Sort Key: c
	  ->  Bitmap Heap Scan on sbtest6  (cost=34.30..3733.97 rows=962 width=121)
	        Recheck Cond: ((id >= 984878) AND (id <= 985877))
	        ->  Bitmap Index Scan on sbtest6_pkey  (cost=0.00..34.06 rows=962 width=0)
	              Index Cond: ((id >= 984878) AND (id <= 985877))

table 7 : explain SELECT c FROM sbtest7 WHERE id BETWEEN 3463546 AND 3464545 ORDER BY c
	Sort  (cost=3730.11..3732.48 rows=948 width=121)
	  Sort Key: c
	  ->  Bitmap Heap Scan on sbtest7  (cost=34.15..3683.24 rows=948 width=121)
	        Recheck Cond: ((id >= 3463546) AND (id <= 3464545))
	        ->  Bitmap Index Scan on sbtest7_pkey  (cost=0.00..33.92 rows=948 width=0)
	              Index Cond: ((id >= 3463546) AND (id <= 3464545))

table 8 : explain SELECT c FROM sbtest8 WHERE id BETWEEN 9115974 AND 9116973 ORDER BY c
	Sort  (cost=3933.66..3936.17 rows=1002 width=121)
	  Sort Key: c
	  ->  Bitmap Heap Scan on sbtest8  (cost=34.71..3883.72 rows=1002 width=121)
	        Recheck Cond: ((id >= 9115974) AND (id <= 9116973))
	        ->  Bitmap Index Scan on sbtest8_pkey  (cost=0.00..34.45 rows=1002 width=0)
	              Index Cond: ((id >= 9115974) AND (id <= 9116973))

for: sum_ranges
table 1 : explain SELECT SUM(k) FROM sbtest1 WHERE id BETWEEN 9495033 AND 9496032
	Aggregate  (cost=3763.55..3763.56 rows=1 width=8)
	  ->  Bitmap Heap Scan on sbtest1  (cost=34.37..3761.13 rows=969 width=4)
	        Recheck Cond: ((id >= 9495033) AND (id <= 9496032))
	        ->  Bitmap Index Scan on sbtest1_pkey  (cost=0.00..34.12 rows=969 width=0)
	              Index Cond: ((id >= 9495033) AND (id <= 9496032))

table 2 : explain SELECT SUM(k) FROM sbtest2 WHERE id BETWEEN 9547058 AND 9548057
	Aggregate  (cost=4208.63..4208.64 rows=1 width=8)
	  ->  Bitmap Heap Scan on sbtest2  (cost=35.59..4205.91 rows=1088 width=4)
	        Recheck Cond: ((id >= 9547058) AND (id <= 9548057))
	        ->  Bitmap Index Scan on sbtest2_pkey  (cost=0.00..35.32 rows=1088 width=0)
	              Index Cond: ((id >= 9547058) AND (id <= 9548057))

table 3 : explain SELECT SUM(k) FROM sbtest3 WHERE id BETWEEN 6980131 AND 6981130
	Aggregate  (cost=4072.07..4072.08 rows=1 width=8)
	  ->  Bitmap Heap Scan on sbtest3  (cost=35.20..4069.44 rows=1050 width=4)
	        Recheck Cond: ((id >= 6980131) AND (id <= 6981130))
	        ->  Bitmap Index Scan on sbtest3_pkey  (cost=0.00..34.94 rows=1050 width=0)
	              Index Cond: ((id >= 6980131) AND (id <= 6981130))

table 4 : explain SELECT SUM(k) FROM sbtest4 WHERE id BETWEEN 3680701 AND 3681700
	Aggregate  (cost=3534.97..3534.98 rows=1 width=8)
	  ->  Bitmap Heap Scan on sbtest4  (cost=29.75..3532.69 rows=909 width=4)
	        Recheck Cond: ((id >= 3680701) AND (id <= 3681700))
	        ->  Bitmap Index Scan on sbtest4_pkey  (cost=0.00..29.52 rows=909 width=0)
	              Index Cond: ((id >= 3680701) AND (id <= 3681700))

table 5 : explain SELECT SUM(k) FROM sbtest5 WHERE id BETWEEN 4526351 AND 4527350
	Aggregate  (cost=3917.20..3917.21 rows=1 width=8)
	  ->  Bitmap Heap Scan on sbtest5  (cost=34.78..3914.67 rows=1009 width=4)
	        Recheck Cond: ((id >= 4526351) AND (id <= 4527350))
	        ->  Bitmap Index Scan on sbtest5_pkey  (cost=0.00..34.53 rows=1009 width=0)
	              Index Cond: ((id >= 4526351) AND (id <= 4527350))

table 6 : explain SELECT SUM(k) FROM sbtest6 WHERE id BETWEEN 5243222 AND 5244221
	Aggregate  (cost=3535.64..3535.65 rows=1 width=8)
	  ->  Bitmap Heap Scan on sbtest6  (cost=29.76..3533.36 rows=910 width=4)
	        Recheck Cond: ((id >= 5243222) AND (id <= 5244221))
	        ->  Bitmap Index Scan on sbtest6_pkey  (cost=0.00..29.54 rows=910 width=0)
	              Index Cond: ((id >= 5243222) AND (id <= 5244221))

table 7 : explain SELECT SUM(k) FROM sbtest7 WHERE id BETWEEN 219931 AND 220930
	Aggregate  (cost=4436.67..4436.68 rows=1 width=8)
	  ->  Bitmap Heap Scan on sbtest7  (cost=40.19..4433.80 rows=1147 width=4)
	        Recheck Cond: ((id >= 219931) AND (id <= 220930))
	        ->  Bitmap Index Scan on sbtest7_pkey  (cost=0.00..39.91 rows=1147 width=0)
	              Index Cond: ((id >= 219931) AND (id <= 220930))

table 8 : explain SELECT SUM(k) FROM sbtest8 WHERE id BETWEEN 6163522 AND 6164521
	Aggregate  (cost=3927.72..3927.73 rows=1 width=8)
	  ->  Bitmap Heap Scan on sbtest8  (cost=34.82..3925.18 rows=1013 width=4)
	        Recheck Cond: ((id >= 6163522) AND (id <= 6164521))
	        ->  Bitmap Index Scan on sbtest8_pkey  (cost=0.00..34.57 rows=1013 width=0)
	              Index Cond: ((id >= 6163522) AND (id <= 6164521))

for: distinct_ranges
table 1 : explain SELECT DISTINCT c FROM sbtest1 WHERE id BETWEEN 3301144 AND 3302143 ORDER BY c
	Unique  (cost=3598.11..3602.68 rows=914 width=121)
	  ->  Sort  (cost=3598.11..3600.40 rows=914 width=121)
	        Sort Key: c
	        ->  Bitmap Heap Scan on sbtest1  (cost=33.80..3553.16 rows=914 width=121)
	              Recheck Cond: ((id >= 3301144) AND (id <= 3302143))
	              ->  Bitmap Index Scan on sbtest1_pkey  (cost=0.00..33.58 rows=914 width=0)
	                    Index Cond: ((id >= 3301144) AND (id <= 3302143))

table 2 : explain SELECT DISTINCT c FROM sbtest2 WHERE id BETWEEN 2800437 AND 2801436 ORDER BY c
	Unique  (cost=3621.98..3626.59 rows=921 width=121)
	  ->  Sort  (cost=3621.98..3624.29 rows=921 width=121)
	        Sort Key: c
	        ->  Bitmap Heap Scan on sbtest2  (cost=33.88..3576.64 rows=921 width=121)
	              Recheck Cond: ((id >= 2800437) AND (id <= 2801436))
	              ->  Bitmap Index Scan on sbtest2_pkey  (cost=0.00..33.65 rows=921 width=0)
	                    Index Cond: ((id >= 2800437) AND (id <= 2801436))

table 3 : explain SELECT DISTINCT c FROM sbtest3 WHERE id BETWEEN 3290812 AND 3291811 ORDER BY c
	Unique  (cost=4148.93..4154.22 rows=1057 width=121)
	  ->  Sort  (cost=4148.93..4151.57 rows=1057 width=121)
	        Sort Key: c
	        ->  Bitmap Heap Scan on sbtest3  (cost=35.27..4095.84 rows=1057 width=121)
	              Recheck Cond: ((id >= 3290812) AND (id <= 3291811))
	              ->  Bitmap Index Scan on sbtest3_pkey  (cost=0.00..35.01 rows=1057 width=0)
	                    Index Cond: ((id >= 3290812) AND (id <= 3291811))

table 4 : explain SELECT DISTINCT c FROM sbtest4 WHERE id BETWEEN 5674559 AND 5675558 ORDER BY c
	Unique  (cost=4042.01..4047.15 rows=1029 width=121)
	  ->  Sort  (cost=4042.01..4044.58 rows=1029 width=121)
	        Sort Key: c
	        ->  Bitmap Heap Scan on sbtest4  (cost=34.98..3990.52 rows=1029 width=121)
	              Recheck Cond: ((id >= 5674559) AND (id <= 5675558))
	              ->  Bitmap Index Scan on sbtest4_pkey  (cost=0.00..34.73 rows=1029 width=0)
	                    Index Cond: ((id >= 5674559) AND (id <= 5675558))

table 5 : explain SELECT DISTINCT c FROM sbtest5 WHERE id BETWEEN 373461 AND 374460 ORDER BY c
	Unique  (cost=3869.14..3874.06 rows=984 width=121)
	  ->  Sort  (cost=3869.14..3871.60 rows=984 width=121)
	        Sort Key: c
	        ->  Bitmap Heap Scan on sbtest5  (cost=34.52..3820.22 rows=984 width=121)
	              Recheck Cond: ((id >= 373461) AND (id <= 374460))
	              ->  Bitmap Index Scan on sbtest5_pkey  (cost=0.00..34.28 rows=984 width=0)
	                    Index Cond: ((id >= 373461) AND (id <= 374460))

table 6 : explain SELECT DISTINCT c FROM sbtest6 WHERE id BETWEEN 7645189 AND 7646188 ORDER BY c
	Unique  (cost=3984.68..3989.75 rows=1015 width=121)
	  ->  Sort  (cost=3984.68..3987.21 rows=1015 width=121)
	        Sort Key: c
	        ->  Bitmap Heap Scan on sbtest6  (cost=34.84..3933.99 rows=1015 width=121)
	              Recheck Cond: ((id >= 7645189) AND (id <= 7646188))
	              ->  Bitmap Index Scan on sbtest6_pkey  (cost=0.00..34.59 rows=1015 width=0)
	                    Index Cond: ((id >= 7645189) AND (id <= 7646188))

table 7 : explain SELECT DISTINCT c FROM sbtest7 WHERE id BETWEEN 1287685 AND 1288684 ORDER BY c
	Unique  (cost=4216.75..4222.13 rows=1075 width=121)
	  ->  Sort  (cost=4216.75..4219.44 rows=1075 width=121)
	        Sort Key: c
	        ->  Bitmap Heap Scan on sbtest7  (cost=35.45..4162.63 rows=1075 width=121)
	              Recheck Cond: ((id >= 1287685) AND (id <= 1288684))
	              ->  Bitmap Index Scan on sbtest7_pkey  (cost=0.00..35.19 rows=1075 width=0)
	                    Index Cond: ((id >= 1287685) AND (id <= 1288684))

table 8 : explain SELECT DISTINCT c FROM sbtest8 WHERE id BETWEEN 4876939 AND 4877938 ORDER BY c
	Unique  (cost=3960.45..3965.49 rows=1009 width=121)
	  ->  Sort  (cost=3960.45..3962.97 rows=1009 width=121)
	        Sort Key: c
	        ->  Bitmap Heap Scan on sbtest8  (cost=34.78..3910.11 rows=1009 width=121)
	              Recheck Cond: ((id >= 4876939) AND (id <= 4877938))
	              ->  Bitmap Index Scan on sbtest8_pkey  (cost=0.00..34.53 rows=1009 width=0)
	                    Index Cond: ((id >= 4876939) AND (id <= 4877938))

for: simple_ranges
table 1 : explain SELECT c FROM sbtest1 WHERE id BETWEEN 5713368 AND 5714367
	Bitmap Heap Scan on sbtest1  (cost=29.74..3526.45 rows=908 width=121)
	  Recheck Cond: ((id >= 5713368) AND (id <= 5714367))
	  ->  Bitmap Index Scan on sbtest1_pkey  (cost=0.00..29.51 rows=908 width=0)
	        Index Cond: ((id >= 5713368) AND (id <= 5714367))

table 2 : explain SELECT c FROM sbtest2 WHERE id BETWEEN 5244410 AND 5245409
	Bitmap Heap Scan on sbtest2  (cost=34.17..3686.17 rows=950 width=121)
	  Recheck Cond: ((id >= 5244410) AND (id <= 5245409))
	  ->  Bitmap Index Scan on sbtest2_pkey  (cost=0.00..33.94 rows=950 width=0)
	        Index Cond: ((id >= 5244410) AND (id <= 5245409))

table 3 : explain SELECT c FROM sbtest3 WHERE id BETWEEN 6339466 AND 6340465
	Bitmap Heap Scan on sbtest3  (cost=34.03..3638.70 rows=936 width=121)
	  Recheck Cond: ((id >= 6339466) AND (id <= 6340465))
	  ->  Bitmap Index Scan on sbtest3_pkey  (cost=0.00..33.80 rows=936 width=0)
	        Index Cond: ((id >= 6339466) AND (id <= 6340465))

table 4 : explain SELECT c FROM sbtest4 WHERE id BETWEEN 7317397 AND 7318396
	Bitmap Heap Scan on sbtest4  (cost=29.71..3517.53 rows=905 width=121)
	  Recheck Cond: ((id >= 7317397) AND (id <= 7318396))
	  ->  Bitmap Index Scan on sbtest4_pkey  (cost=0.00..29.48 rows=905 width=0)
	        Index Cond: ((id >= 7317397) AND (id <= 7318396))

table 5 : explain SELECT c FROM sbtest5 WHERE id BETWEEN 4541750 AND 4542749
	Bitmap Heap Scan on sbtest5  (cost=34.78..3914.67 rows=1009 width=121)
	  Recheck Cond: ((id >= 4541750) AND (id <= 4542749))
	  ->  Bitmap Index Scan on sbtest5_pkey  (cost=0.00..34.53 rows=1009 width=0)
	        Index Cond: ((id >= 4541750) AND (id <= 4542749))

table 6 : explain SELECT c FROM sbtest6 WHERE id BETWEEN 65244 AND 66243
	Bitmap Heap Scan on sbtest6  (cost=34.87..3945.30 rows=1018 width=121)
	  Recheck Cond: ((id >= 65244) AND (id <= 66243))
	  ->  Bitmap Index Scan on sbtest6_pkey  (cost=0.00..34.62 rows=1018 width=0)
	        Index Cond: ((id >= 65244) AND (id <= 66243))

table 7 : explain SELECT c FROM sbtest7 WHERE id BETWEEN 6362715 AND 6363714
	Bitmap Heap Scan on sbtest7  (cost=35.11..4034.48 rows=1041 width=121)
	  Recheck Cond: ((id >= 6362715) AND (id <= 6363714))
	  ->  Bitmap Index Scan on sbtest7_pkey  (cost=0.00..34.84 rows=1041 width=0)
	        Index Cond: ((id >= 6362715) AND (id <= 6363714))

table 8 : explain SELECT c FROM sbtest8 WHERE id BETWEEN 9873095 AND 9874094
	Bitmap Heap Scan on sbtest8  (cost=34.75..3898.80 rows=1006 width=121)
	  Recheck Cond: ((id >= 9873095) AND (id <= 9874094))
	  ->  Bitmap Index Scan on sbtest8_pkey  (cost=0.00..34.50 rows=1006 width=0)
	        Index Cond: ((id >= 9873095) AND (id <= 9874094))

for: distinct_ranges
table 1 : explain SELECT DISTINCT c FROM sbtest1 WHERE id BETWEEN 177189 AND 178188 ORDER BY c
	Unique  (cost=3901.19..3906.15 rows=993 width=121)
	  ->  Sort  (cost=3901.19..3903.67 rows=993 width=121)
	        Sort Key: c
	        ->  Bitmap Heap Scan on sbtest1  (cost=34.61..3851.76 rows=993 width=121)
	              Recheck Cond: ((id >= 177189) AND (id <= 178188))
	              ->  Bitmap Index Scan on sbtest1_pkey  (cost=0.00..34.37 rows=993 width=0)
	                    Index Cond: ((id >= 177189) AND (id <= 178188))

table 2 : explain SELECT DISTINCT c FROM sbtest2 WHERE id BETWEEN 5027640 AND 5028639 ORDER BY c
	Unique  (cost=3928.42..3933.42 rows=1001 width=121)
	  ->  Sort  (cost=3928.42..3930.92 rows=1001 width=121)
	        Sort Key: c
	        ->  Bitmap Heap Scan on sbtest2  (cost=34.70..3878.53 rows=1001 width=121)
	              Recheck Cond: ((id >= 5027640) AND (id <= 5028639))
	              ->  Bitmap Index Scan on sbtest2_pkey  (cost=0.00..34.45 rows=1001 width=0)
	                    Index Cond: ((id >= 5027640) AND (id <= 5028639))

table 3 : explain SELECT DISTINCT c FROM sbtest3 WHERE id BETWEEN 1290241 AND 1291240 ORDER BY c
	Unique  (cost=3930.55..3935.55 rows=1000 width=121)
	  ->  Sort  (cost=3930.55..3933.05 rows=1000 width=121)
	        Sort Key: c
	        ->  Bitmap Heap Scan on sbtest3  (cost=34.69..3880.72 rows=1000 width=121)
	              Recheck Cond: ((id >= 1290241) AND (id <= 1291240))
	              ->  Bitmap Index Scan on sbtest3_pkey  (cost=0.00..34.44 rows=1000 width=0)
	                    Index Cond: ((id >= 1290241) AND (id <= 1291240))

table 4 : explain SELECT DISTINCT c FROM sbtest4 WHERE id BETWEEN 7798715 AND 7799714 ORDER BY c
	Unique  (cost=4202.84..4208.19 rows=1071 width=121)
	  ->  Sort  (cost=4202.84..4205.51 rows=1071 width=121)
	        Sort Key: c
	        ->  Bitmap Heap Scan on sbtest4  (cost=35.41..4148.94 rows=1071 width=121)
	              Recheck Cond: ((id >= 7798715) AND (id <= 7799714))
	              ->  Bitmap Index Scan on sbtest4_pkey  (cost=0.00..35.15 rows=1071 width=0)
	                    Index Cond: ((id >= 7798715) AND (id <= 7799714))

table 5 : explain SELECT DISTINCT c FROM sbtest5 WHERE id BETWEEN 1246283 AND 1247282 ORDER BY c
	Unique  (cost=3968.85..3973.90 rows=1010 width=121)
	  ->  Sort  (cost=3968.85..3971.37 rows=1010 width=121)
	        Sort Key: c
	        ->  Bitmap Heap Scan on sbtest5  (cost=34.79..3918.45 rows=1010 width=121)
	              Recheck Cond: ((id >= 1246283) AND (id <= 1247282))
	              ->  Bitmap Index Scan on sbtest5_pkey  (cost=0.00..34.54 rows=1010 width=0)
	                    Index Cond: ((id >= 1246283) AND (id <= 1247282))

table 6 : explain SELECT DISTINCT c FROM sbtest6 WHERE id BETWEEN 6213252 AND 6214251 ORDER BY c
	Unique  (cost=3681.90..3686.58 rows=936 width=121)
	  ->  Sort  (cost=3681.90..3684.24 rows=936 width=121)
	        Sort Key: c
	        ->  Bitmap Heap Scan on sbtest6  (cost=34.03..3635.71 rows=936 width=121)
	              Recheck Cond: ((id >= 6213252) AND (id <= 6214251))
	              ->  Bitmap Index Scan on sbtest6_pkey  (cost=0.00..33.80 rows=936 width=0)
	                    Index Cond: ((id >= 6213252) AND (id <= 6214251))

table 7 : explain SELECT DISTINCT c FROM sbtest7 WHERE id BETWEEN 964823 AND 965822 ORDER BY c
	Unique  (cost=3994.74..3999.83 rows=1017 width=121)
	  ->  Sort  (cost=3994.74..3997.28 rows=1017 width=121)
	        Sort Key: c
	        ->  Bitmap Heap Scan on sbtest7  (cost=34.86..3943.94 rows=1017 width=121)
	              Recheck Cond: ((id >= 964823) AND (id <= 965822))
	              ->  Bitmap Index Scan on sbtest7_pkey  (cost=0.00..34.61 rows=1017 width=0)
	                    Index Cond: ((id >= 964823) AND (id <= 965822))

table 8 : explain SELECT DISTINCT c FROM sbtest8 WHERE id BETWEEN 5513738 AND 5514737 ORDER BY c
	Unique  (cost=3960.45..3965.49 rows=1009 width=121)
	  ->  Sort  (cost=3960.45..3962.97 rows=1009 width=121)
	        Sort Key: c
	        ->  Bitmap Heap Scan on sbtest8  (cost=34.78..3910.11 rows=1009 width=121)
	              Recheck Cond: ((id >= 5513738) AND (id <= 5514737))
	              ->  Bitmap Index Scan on sbtest8_pkey  (cost=0.00..34.53 rows=1009 width=0)
	                    Index Cond: ((id >= 5513738) AND (id <= 5514737))

for: simple_ranges
table 1 : explain SELECT c FROM sbtest1 WHERE id BETWEEN 5025948 AND 5026947
	Bitmap Heap Scan on sbtest1  (cost=34.98..3987.56 rows=1029 width=121)
	  Recheck Cond: ((id >= 5025948) AND (id <= 5026947))
	  ->  Bitmap Index Scan on sbtest1_pkey  (cost=0.00..34.73 rows=1029 width=0)
	        Index Cond: ((id >= 5025948) AND (id <= 5026947))

table 2 : explain SELECT c FROM sbtest2 WHERE id BETWEEN 2515301 AND 2516300
	Bitmap Heap Scan on sbtest2  (cost=33.87..3572.86 rows=920 width=121)
	  Recheck Cond: ((id >= 2515301) AND (id <= 2516300))
	  ->  Bitmap Index Scan on sbtest2_pkey  (cost=0.00..33.64 rows=920 width=0)
	        Index Cond: ((id >= 2515301) AND (id <= 2516300))

table 3 : explain SELECT c FROM sbtest3 WHERE id BETWEEN 5721339 AND 5722338
	Bitmap Heap Scan on sbtest3  (cost=39.67..4246.80 rows=1096 width=121)
	  Recheck Cond: ((id >= 5721339) AND (id <= 5722338))
	  ->  Bitmap Index Scan on sbtest3_pkey  (cost=0.00..39.40 rows=1096 width=0)
	        Index Cond: ((id >= 5721339) AND (id <= 5722338))

table 4 : explain SELECT c FROM sbtest4 WHERE id BETWEEN 4724380 AND 4725379
	Bitmap Heap Scan on sbtest4  (cost=33.88..3582.16 rows=921 width=121)
	  Recheck Cond: ((id >= 4724380) AND (id <= 4725379))
	  ->  Bitmap Index Scan on sbtest4_pkey  (cost=0.00..33.65 rows=921 width=0)
	        Index Cond: ((id >= 4724380) AND (id <= 4725379))

table 5 : explain SELECT c FROM sbtest5 WHERE id BETWEEN 4550341 AND 4551340
	Bitmap Heap Scan on sbtest5  (cost=34.78..3914.67 rows=1009 width=121)
	  Recheck Cond: ((id >= 4550341) AND (id <= 4551340))
	  ->  Bitmap Index Scan on sbtest5_pkey  (cost=0.00..34.53 rows=1009 width=0)
	        Index Cond: ((id >= 4550341) AND (id <= 4551340))

table 6 : explain SELECT c FROM sbtest6 WHERE id BETWEEN 6373883 AND 6374882
	Bitmap Heap Scan on sbtest6  (cost=34.48..3801.94 rows=980 width=121)
	  Recheck Cond: ((id >= 6373883) AND (id <= 6374882))
	  ->  Bitmap Index Scan on sbtest6_pkey  (cost=0.00..34.23 rows=980 width=0)
	        Index Cond: ((id >= 6373883) AND (id <= 6374882))

table 7 : explain SELECT c FROM sbtest7 WHERE id BETWEEN 8076715 AND 8077714
	Bitmap Heap Scan on sbtest7  (cost=34.21..3705.93 rows=954 width=121)
	  Recheck Cond: ((id >= 8076715) AND (id <= 8077714))
	  ->  Bitmap Index Scan on sbtest7_pkey  (cost=0.00..33.98 rows=954 width=0)
	        Index Cond: ((id >= 8076715) AND (id <= 8077714))

table 8 : explain SELECT c FROM sbtest8 WHERE id BETWEEN 5527166 AND 5528165
	Bitmap Heap Scan on sbtest8  (cost=34.78..3910.11 rows=1009 width=121)
	  Recheck Cond: ((id >= 5527166) AND (id <= 5528165))
	  ->  Bitmap Index Scan on sbtest8_pkey  (cost=0.00..34.53 rows=1009 width=0)
	        Index Cond: ((id >= 5527166) AND (id <= 5528165))

explain: for point_selects :: explain SELECT c FROM sbtest%u WHERE id=%u
for point_selects
table 1 : explain SELECT c FROM sbtest1 WHERE id=2866934
	Index Scan using sbtest1_pkey on sbtest1  (cost=0.43..8.45 rows=1 width=121)
	  Index Cond: (id = 2866934)

table 2 : explain SELECT c FROM sbtest2 WHERE id=2463098
	Index Scan using sbtest2_pkey on sbtest2  (cost=0.43..8.45 rows=1 width=121)
	  Index Cond: (id = 2463098)

table 3 : explain SELECT c FROM sbtest3 WHERE id=6750654
	Index Scan using sbtest3_pkey on sbtest3  (cost=0.43..8.45 rows=1 width=121)
	  Index Cond: (id = 6750654)

table 4 : explain SELECT c FROM sbtest4 WHERE id=4214036
	Index Scan using sbtest4_pkey on sbtest4  (cost=0.43..8.45 rows=1 width=121)
	  Index Cond: (id = 4214036)

table 5 : explain SELECT c FROM sbtest5 WHERE id=5388907
	Index Scan using sbtest5_pkey on sbtest5  (cost=0.43..8.45 rows=1 width=121)
	  Index Cond: (id = 5388907)

table 6 : explain SELECT c FROM sbtest6 WHERE id=7065229
	Index Scan using sbtest6_pkey on sbtest6  (cost=0.43..8.45 rows=1 width=121)
	  Index Cond: (id = 7065229)

table 7 : explain SELECT c FROM sbtest7 WHERE id=4202158
	Index Scan using sbtest7_pkey on sbtest7  (cost=0.43..8.45 rows=1 width=121)
	  Index Cond: (id = 4202158)

table 8 : explain SELECT c FROM sbtest8 WHERE id=1951356
	Index Scan using sbtest8_pkey on sbtest8  (cost=0.43..8.45 rows=1 width=121)
	  Index Cond: (id = 1951356)

for point_selects
table 1 : explain SELECT c FROM sbtest1 WHERE id=8030079
	Index Scan using sbtest1_pkey on sbtest1  (cost=0.43..8.45 rows=1 width=121)
	  Index Cond: (id = 8030079)

table 2 : explain SELECT c FROM sbtest2 WHERE id=8435249
	Index Scan using sbtest2_pkey on sbtest2  (cost=0.43..8.45 rows=1 width=121)
	  Index Cond: (id = 8435249)

table 3 : explain SELECT c FROM sbtest3 WHERE id=611128
	Index Scan using sbtest3_pkey on sbtest3  (cost=0.43..8.45 rows=1 width=121)
	  Index Cond: (id = 611128)

table 4 : explain SELECT c FROM sbtest4 WHERE id=6196789
	Index Scan using sbtest4_pkey on sbtest4  (cost=0.43..8.45 rows=1 width=121)
	  Index Cond: (id = 6196789)

table 5 : explain SELECT c FROM sbtest5 WHERE id=3976745
	Index Scan using sbtest5_pkey on sbtest5  (cost=0.43..8.45 rows=1 width=121)
	  Index Cond: (id = 3976745)

table 6 : explain SELECT c FROM sbtest6 WHERE id=1301411
	Index Scan using sbtest6_pkey on sbtest6  (cost=0.43..8.45 rows=1 width=121)
	  Index Cond: (id = 1301411)

table 7 : explain SELECT c FROM sbtest7 WHERE id=5809758
	Index Scan using sbtest7_pkey on sbtest7  (cost=0.43..8.45 rows=1 width=121)
	  Index Cond: (id = 5809758)

table 8 : explain SELECT c FROM sbtest8 WHERE id=5643986
	Index Scan using sbtest8_pkey on sbtest8  (cost=0.43..8.45 rows=1 width=121)
	  Index Cond: (id = 5643986)

for: sum_ranges
table 1 : explain SELECT SUM(k) FROM sbtest1 WHERE id BETWEEN 3141352 AND 3142351
	Aggregate  (cost=3418.81..3418.82 rows=1 width=8)
	  ->  Bitmap Heap Scan on sbtest1  (cost=29.44..3416.61 rows=879 width=4)
	        Recheck Cond: ((id >= 3141352) AND (id <= 3142351))
	        ->  Bitmap Index Scan on sbtest1_pkey  (cost=0.00..29.22 rows=879 width=0)
	              Index Cond: ((id >= 3141352) AND (id <= 3142351))

table 2 : explain SELECT SUM(k) FROM sbtest2 WHERE id BETWEEN 1161560 AND 1162559
	Aggregate  (cost=3669.66..3669.67 rows=1 width=8)
	  ->  Bitmap Heap Scan on sbtest2  (cost=34.12..3667.29 rows=945 width=4)
	        Recheck Cond: ((id >= 1161560) AND (id <= 1162559))
	        ->  Bitmap Index Scan on sbtest2_pkey  (cost=0.00..33.89 rows=945 width=0)
	              Index Cond: ((id >= 1161560) AND (id <= 1162559))

table 3 : explain SELECT SUM(k) FROM sbtest3 WHERE id BETWEEN 6706479 AND 6707478
	Aggregate  (cost=3845.41..3845.42 rows=1 width=8)
	  ->  Bitmap Heap Scan on sbtest3  (cost=34.58..3842.94 rows=990 width=4)
	        Recheck Cond: ((id >= 6706479) AND (id <= 6707478))
	        ->  Bitmap Index Scan on sbtest3_pkey  (cost=0.00..34.34 rows=990 width=0)
	              Index Cond: ((id >= 6706479) AND (id <= 6707478))

table 4 : explain SELECT SUM(k) FROM sbtest4 WHERE id BETWEEN 4810722 AND 4811721
	Aggregate  (cost=3584.46..3584.47 rows=1 width=8)
	  ->  Bitmap Heap Scan on sbtest4  (cost=33.88..3582.16 rows=921 width=4)
	        Recheck Cond: ((id >= 4810722) AND (id <= 4811721))
	        ->  Bitmap Index Scan on sbtest4_pkey  (cost=0.00..33.65 rows=921 width=0)
	              Index Cond: ((id >= 4810722) AND (id <= 4811721))

table 5 : explain SELECT SUM(k) FROM sbtest5 WHERE id BETWEEN 9456610 AND 9457609
	Aggregate  (cost=3803.77..3803.78 rows=1 width=8)
	  ->  Bitmap Heap Scan on sbtest5  (cost=34.47..3801.33 rows=979 width=4)
	        Recheck Cond: ((id >= 9456610) AND (id <= 9457609))
	        ->  Bitmap Index Scan on sbtest5_pkey  (cost=0.00..34.23 rows=979 width=0)
	              Index Cond: ((id >= 9456610) AND (id <= 9457609))

table 6 : explain SELECT SUM(k) FROM sbtest6 WHERE id BETWEEN 7650662 AND 7651661
	Aggregate  (cost=3936.53..3936.54 rows=1 width=8)
	  ->  Bitmap Heap Scan on sbtest6  (cost=34.84..3933.99 rows=1015 width=4)
	        Recheck Cond: ((id >= 7650662) AND (id <= 7651661))
	        ->  Bitmap Index Scan on sbtest6_pkey  (cost=0.00..34.59 rows=1015 width=0)
	              Index Cond: ((id >= 7650662) AND (id <= 7651661))

table 7 : explain SELECT SUM(k) FROM sbtest7 WHERE id BETWEEN 8330800 AND 8331799
	Aggregate  (cost=3893.60..3893.61 rows=1 width=8)
	  ->  Bitmap Heap Scan on sbtest7  (cost=34.72..3891.09 rows=1003 width=4)
	        Recheck Cond: ((id >= 8330800) AND (id <= 8331799))
	        ->  Bitmap Index Scan on sbtest7_pkey  (cost=0.00..34.47 rows=1003 width=0)
	              Index Cond: ((id >= 8330800) AND (id <= 8331799))

table 8 : explain SELECT SUM(k) FROM sbtest8 WHERE id BETWEEN 4577407 AND 4578406
	Aggregate  (cost=4003.12..4003.13 rows=1 width=8)
	  ->  Bitmap Heap Scan on sbtest8  (cost=35.02..4000.54 rows=1033 width=4)
	        Recheck Cond: ((id >= 4577407) AND (id <= 4578406))
	        ->  Bitmap Index Scan on sbtest8_pkey  (cost=0.00..34.77 rows=1033 width=0)
	              Index Cond: ((id >= 4577407) AND (id <= 4578406))

for: distinct_ranges
table 1 : explain SELECT DISTINCT c FROM sbtest1 WHERE id BETWEEN 4601285 AND 4602284 ORDER BY c
	Unique  (cost=3636.52..3641.14 rows=924 width=121)
	  ->  Sort  (cost=3636.52..3638.83 rows=924 width=121)
	        Sort Key: c
	        ->  Bitmap Heap Scan on sbtest1  (cost=33.91..3591.00 rows=924 width=121)
	              Recheck Cond: ((id >= 4601285) AND (id <= 4602284))
	              ->  Bitmap Index Scan on sbtest1_pkey  (cost=0.00..33.68 rows=924 width=0)
	                    Index Cond: ((id >= 4601285) AND (id <= 4602284))

table 2 : explain SELECT DISTINCT c FROM sbtest2 WHERE id BETWEEN 4929943 AND 4930942 ORDER BY c
	Unique  (cost=3556.60..3561.13 rows=905 width=121)
	  ->  Sort  (cost=3556.60..3558.86 rows=905 width=121)
	        Sort Key: c
	        ->  Bitmap Heap Scan on sbtest2  (cost=29.71..3512.16 rows=905 width=121)
	              Recheck Cond: ((id >= 4929943) AND (id <= 4930942))
	              ->  Bitmap Index Scan on sbtest2_pkey  (cost=0.00..29.48 rows=905 width=0)
	                    Index Cond: ((id >= 4929943) AND (id <= 4930942))

table 3 : explain SELECT DISTINCT c FROM sbtest3 WHERE id BETWEEN 1839080 AND 1840079 ORDER BY c
	Unique  (cost=3949.72..3954.74 rows=1005 width=121)
	  ->  Sort  (cost=3949.72..3952.23 rows=1005 width=121)
	        Sort Key: c
	        ->  Bitmap Heap Scan on sbtest3  (cost=34.74..3899.60 rows=1005 width=121)
	              Recheck Cond: ((id >= 1839080) AND (id <= 1840079))
	              ->  Bitmap Index Scan on sbtest3_pkey  (cost=0.00..34.48 rows=1005 width=0)
	                    Index Cond: ((id >= 1839080) AND (id <= 1840079))

table 4 : explain SELECT DISTINCT c FROM sbtest4 WHERE id BETWEEN 7404556 AND 7405555 ORDER BY c
	Unique  (cost=3615.97..3620.56 rows=918 width=121)
	  ->  Sort  (cost=3615.97..3618.26 rows=918 width=121)
	        Sort Key: c
	        ->  Bitmap Heap Scan on sbtest4  (cost=33.84..3570.79 rows=918 width=121)
	              Recheck Cond: ((id >= 7404556) AND (id <= 7405555))
	              ->  Bitmap Index Scan on sbtest4_pkey  (cost=0.00..33.62 rows=918 width=0)
	                    Index Cond: ((id >= 7404556) AND (id <= 7405555))

table 5 : explain SELECT DISTINCT c FROM sbtest5 WHERE id BETWEEN 3545469 AND 3546468 ORDER BY c
	Unique  (cost=4168.03..4173.34 rows=1062 width=121)
	  ->  Sort  (cost=4168.03..4170.68 rows=1062 width=121)
	        Sort Key: c
	        ->  Bitmap Heap Scan on sbtest5  (cost=35.32..4114.65 rows=1062 width=121)
	              Recheck Cond: ((id >= 3545469) AND (id <= 3546468))
	              ->  Bitmap Index Scan on sbtest5_pkey  (cost=0.00..35.06 rows=1062 width=0)
	                    Index Cond: ((id >= 3545469) AND (id <= 3546468))

table 6 : explain SELECT DISTINCT c FROM sbtest6 WHERE id BETWEEN 2676040 AND 2677039 ORDER BY c
	Unique  (cost=3842.96..3847.85 rows=978 width=121)
	  ->  Sort  (cost=3842.96..3845.41 rows=978 width=121)
	        Sort Key: c
	        ->  Bitmap Heap Scan on sbtest6  (cost=34.46..3794.39 rows=978 width=121)
	              Recheck Cond: ((id >= 2676040) AND (id <= 2677039))
	              ->  Bitmap Index Scan on sbtest6_pkey  (cost=0.00..34.22 rows=978 width=0)
	                    Index Cond: ((id >= 2676040) AND (id <= 2677039))

table 7 : explain SELECT DISTINCT c FROM sbtest7 WHERE id BETWEEN 863547 AND 864546 ORDER BY c
	Unique  (cost=3641.77..3646.40 rows=925 width=121)
	  ->  Sort  (cost=3641.77..3644.08 rows=925 width=121)
	        Sort Key: c
	        ->  Bitmap Heap Scan on sbtest7  (cost=33.92..3596.20 rows=925 width=121)
	              Recheck Cond: ((id >= 863547) AND (id <= 864546))
	              ->  Bitmap Index Scan on sbtest7_pkey  (cost=0.00..33.69 rows=925 width=0)
	                    Index Cond: ((id >= 863547) AND (id <= 864546))

table 8 : explain SELECT DISTINCT c FROM sbtest8 WHERE id BETWEEN 2303546 AND 2304545 ORDER BY c
	Unique  (cost=3906.86..3911.84 rows=995 width=121)
	  ->  Sort  (cost=3906.86..3909.35 rows=995 width=121)
	        Sort Key: c
	        ->  Bitmap Heap Scan on sbtest8  (cost=34.63..3857.32 rows=995 width=121)
	              Recheck Cond: ((id >= 2303546) AND (id <= 2304545))
	              ->  Bitmap Index Scan on sbtest8_pkey  (cost=0.00..34.39 rows=995 width=0)
	                    Index Cond: ((id >= 2303546) AND (id <= 2304545))

for: sum_ranges
table 1 : explain SELECT SUM(k) FROM sbtest1 WHERE id BETWEEN 3271648 AND 3272647
	Aggregate  (cost=3555.45..3555.46 rows=1 width=8)
	  ->  Bitmap Heap Scan on sbtest1  (cost=33.80..3553.16 rows=914 width=4)
	        Recheck Cond: ((id >= 3271648) AND (id <= 3272647))
	        ->  Bitmap Index Scan on sbtest1_pkey  (cost=0.00..33.58 rows=914 width=0)
	              Index Cond: ((id >= 3271648) AND (id <= 3272647))

table 2 : explain SELECT SUM(k) FROM sbtest2 WHERE id BETWEEN 9143040 AND 9144039
	Aggregate  (cost=3714.99..3715.00 rows=1 width=8)
	  ->  Bitmap Heap Scan on sbtest2  (cost=34.24..3712.59 rows=957 width=4)
	        Recheck Cond: ((id >= 9143040) AND (id <= 9144039))
	        ->  Bitmap Index Scan on sbtest2_pkey  (cost=0.00..34.01 rows=957 width=0)
	              Index Cond: ((id >= 9143040) AND (id <= 9144039))

table 3 : explain SELECT SUM(k) FROM sbtest3 WHERE id BETWEEN 1147277 AND 1148276
	Aggregate  (cost=3701.63..3701.64 rows=1 width=8)
	  ->  Bitmap Heap Scan on sbtest3  (cost=34.19..3699.25 rows=952 width=4)
	        Recheck Cond: ((id >= 1147277) AND (id <= 1148276))
	        ->  Bitmap Index Scan on sbtest3_pkey  (cost=0.00..33.95 rows=952 width=0)
	              Index Cond: ((id >= 1147277) AND (id <= 1148276))

table 4 : explain SELECT SUM(k) FROM sbtest4 WHERE id BETWEEN 7401109 AND 7402108
	Aggregate  (cost=3573.09..3573.10 rows=1 width=8)
	  ->  Bitmap Heap Scan on sbtest4  (cost=33.84..3570.79 rows=918 width=4)
	        Recheck Cond: ((id >= 7401109) AND (id <= 7402108))
	        ->  Bitmap Index Scan on sbtest4_pkey  (cost=0.00..33.62 rows=918 width=0)
	              Index Cond: ((id >= 7401109) AND (id <= 7402108))

table 5 : explain SELECT SUM(k) FROM sbtest5 WHERE id BETWEEN 4262573 AND 4263572
	Aggregate  (cost=3981.42..3981.43 rows=1 width=8)
	  ->  Bitmap Heap Scan on sbtest5  (cost=34.95..3978.85 rows=1026 width=4)
	        Recheck Cond: ((id >= 4262573) AND (id <= 4263572))
	        ->  Bitmap Index Scan on sbtest5_pkey  (cost=0.00..34.70 rows=1026 width=0)
	              Index Cond: ((id >= 4262573) AND (id <= 4263572))

table 6 : explain SELECT SUM(k) FROM sbtest6 WHERE id BETWEEN 4628739 AND 4629738
	Aggregate  (cost=3600.21..3600.22 rows=1 width=8)
	  ->  Bitmap Heap Scan on sbtest6  (cost=33.93..3597.89 rows=926 width=4)
	        Recheck Cond: ((id >= 4628739) AND (id <= 4629738))
	        ->  Bitmap Index Scan on sbtest6_pkey  (cost=0.00..33.70 rows=926 width=0)
	              Index Cond: ((id >= 4628739) AND (id <= 4629738))

table 7 : explain SELECT SUM(k) FROM sbtest7 WHERE id BETWEEN 30052 AND 31051
	Aggregate  (cost=4018.21..4018.22 rows=1 width=8)
	  ->  Bitmap Heap Scan on sbtest7  (cost=35.05..4015.62 rows=1036 width=4)
	        Recheck Cond: ((id >= 30052) AND (id <= 31051))
	        ->  Bitmap Index Scan on sbtest7_pkey  (cost=0.00..34.80 rows=1036 width=0)
	              Index Cond: ((id >= 30052) AND (id <= 31051))

table 8 : explain SELECT SUM(k) FROM sbtest8 WHERE id BETWEEN 3115619 AND 3116618
	Aggregate  (cost=3693.63..3693.64 rows=1 width=8)
	  ->  Bitmap Heap Scan on sbtest8  (cost=34.18..3691.26 rows=951 width=4)
	        Recheck Cond: ((id >= 3115619) AND (id <= 3116618))
	        ->  Bitmap Index Scan on sbtest8_pkey  (cost=0.00..33.95 rows=951 width=0)
	              Index Cond: ((id >= 3115619) AND (id <= 3116618))

for: sum_ranges
table 1 : explain SELECT SUM(k) FROM sbtest1 WHERE id BETWEEN 8589900 AND 8590899
	Aggregate  (cost=3801.35..3801.36 rows=1 width=8)
	  ->  Bitmap Heap Scan on sbtest1  (cost=34.47..3798.90 rows=979 width=4)
	        Recheck Cond: ((id >= 8589900) AND (id <= 8590899))
	        ->  Bitmap Index Scan on sbtest1_pkey  (cost=0.00..34.23 rows=979 width=0)
	              Index Cond: ((id >= 8589900) AND (id <= 8590899))

table 2 : explain SELECT SUM(k) FROM sbtest2 WHERE id BETWEEN 6441425 AND 6442424
	Aggregate  (cost=3930.05..3930.06 rows=1 width=8)
	  ->  Bitmap Heap Scan on sbtest2  (cost=34.83..3927.51 rows=1014 width=4)
	        Recheck Cond: ((id >= 6441425) AND (id <= 6442424))
	        ->  Bitmap Index Scan on sbtest2_pkey  (cost=0.00..34.58 rows=1014 width=0)
	              Index Cond: ((id >= 6441425) AND (id <= 6442424))

table 3 : explain SELECT SUM(k) FROM sbtest3 WHERE id BETWEEN 8206646 AND 8207645
	Aggregate  (cost=4094.71..4094.72 rows=1 width=8)
	  ->  Bitmap Heap Scan on sbtest3  (cost=35.26..4092.07 rows=1056 width=4)
	        Recheck Cond: ((id >= 8206646) AND (id <= 8207645))
	        ->  Bitmap Index Scan on sbtest3_pkey  (cost=0.00..35.00 rows=1056 width=0)
	              Index Cond: ((id >= 8206646) AND (id <= 8207645))

table 4 : explain SELECT SUM(k) FROM sbtest4 WHERE id BETWEEN 6357462 AND 6358461
	Aggregate  (cost=4038.41..4038.42 rows=1 width=8)
	  ->  Bitmap Heap Scan on sbtest4  (cost=35.11..4035.80 rows=1041 width=4)
	        Recheck Cond: ((id >= 6357462) AND (id <= 6358461))
	        ->  Bitmap Index Scan on sbtest4_pkey  (cost=0.00..34.84 rows=1041 width=0)
	              Index Cond: ((id >= 6357462) AND (id <= 6358461))

table 5 : explain SELECT SUM(k) FROM sbtest5 WHERE id BETWEEN 576816 AND 577815
	Aggregate  (cost=3981.42..3981.43 rows=1 width=8)
	  ->  Bitmap Heap Scan on sbtest5  (cost=34.95..3978.85 rows=1026 width=4)
	        Recheck Cond: ((id >= 576816) AND (id <= 577815))
	        ->  Bitmap Index Scan on sbtest5_pkey  (cost=0.00..34.70 rows=1026 width=0)
	              Index Cond: ((id >= 576816) AND (id <= 577815))

table 6 : explain SELECT SUM(k) FROM sbtest6 WHERE id BETWEEN 7789536 AND 7790535
	Aggregate  (cost=4023.28..4023.29 rows=1 width=8)
	  ->  Bitmap Heap Scan on sbtest6  (cost=35.07..4020.68 rows=1038 width=4)
	        Recheck Cond: ((id >= 7789536) AND (id <= 7790535))
	        ->  Bitmap Index Scan on sbtest6_pkey  (cost=0.00..34.82 rows=1038 width=0)
	              Index Cond: ((id >= 7789536) AND (id <= 7790535))

table 7 : explain SELECT SUM(k) FROM sbtest7 WHERE id BETWEEN 2317679 AND 2318678
	Aggregate  (cost=3988.02..3988.03 rows=1 width=8)
	  ->  Bitmap Heap Scan on sbtest7  (cost=34.97..3985.45 rows=1028 width=4)
	        Recheck Cond: ((id >= 2317679) AND (id <= 2318678))
	        ->  Bitmap Index Scan on sbtest7_pkey  (cost=0.00..34.72 rows=1028 width=0)
	              Index Cond: ((id >= 2317679) AND (id <= 2318678))

table 8 : explain SELECT SUM(k) FROM sbtest8 WHERE id BETWEEN 3805029 AND 3806028
	Aggregate  (cost=3765.42..3765.43 rows=1 width=8)
	  ->  Bitmap Heap Scan on sbtest8  (cost=34.38..3763.00 rows=970 width=4)
	        Recheck Cond: ((id >= 3805029) AND (id <= 3806028))
	        ->  Bitmap Index Scan on sbtest8_pkey  (cost=0.00..34.14 rows=970 width=0)
	              Index Cond: ((id >= 3805029) AND (id <= 3806028))

for: simple_ranges
table 1 : explain SELECT c FROM sbtest1 WHERE id BETWEEN 3038401 AND 3039400
	Bitmap Heap Scan on sbtest1  (cost=34.61..3851.76 rows=993 width=121)
	  Recheck Cond: ((id >= 3038401) AND (id <= 3039400))
	  ->  Bitmap Index Scan on sbtest1_pkey  (cost=0.00..34.37 rows=993 width=0)
	        Index Cond: ((id >= 3038401) AND (id <= 3039400))

table 2 : explain SELECT c FROM sbtest2 WHERE id BETWEEN 8464940 AND 8465939
	Bitmap Heap Scan on sbtest2  (cost=34.59..3840.84 rows=991 width=121)
	  Recheck Cond: ((id >= 8464940) AND (id <= 8465939))
	  ->  Bitmap Index Scan on sbtest2_pkey  (cost=0.00..34.34 rows=991 width=0)
	        Index Cond: ((id >= 8464940) AND (id <= 8465939))

table 3 : explain SELECT c FROM sbtest3 WHERE id BETWEEN 6711430 AND 6712429
	Bitmap Heap Scan on sbtest3  (cost=34.58..3842.94 rows=990 width=121)
	  Recheck Cond: ((id >= 6711430) AND (id <= 6712429))
	  ->  Bitmap Index Scan on sbtest3_pkey  (cost=0.00..34.34 rows=990 width=0)
	        Index Cond: ((id >= 6711430) AND (id <= 6712429))

table 4 : explain SELECT c FROM sbtest4 WHERE id BETWEEN 2279372 AND 2280371
	Bitmap Heap Scan on sbtest4  (cost=34.22..3710.87 rows=955 width=121)
	  Recheck Cond: ((id >= 2279372) AND (id <= 2280371))
	  ->  Bitmap Index Scan on sbtest4_pkey  (cost=0.00..33.98 rows=955 width=0)
	        Index Cond: ((id >= 2279372) AND (id <= 2280371))

table 5 : explain SELECT c FROM sbtest5 WHERE id BETWEEN 5879379 AND 5880378
	Bitmap Heap Scan on sbtest5  (cost=29.66..3498.30 rows=900 width=121)
	  Recheck Cond: ((id >= 5879379) AND (id <= 5880378))
	  ->  Bitmap Index Scan on sbtest5_pkey  (cost=0.00..29.43 rows=900 width=0)
	        Index Cond: ((id >= 5879379) AND (id <= 5880378))

table 6 : explain SELECT c FROM sbtest6 WHERE id BETWEEN 8998371 AND 8999370
	Bitmap Heap Scan on sbtest6  (cost=29.77..3537.15 rows=911 width=121)
	  Recheck Cond: ((id >= 8998371) AND (id <= 8999370))
	  ->  Bitmap Index Scan on sbtest6_pkey  (cost=0.00..29.54 rows=911 width=0)
	        Index Cond: ((id >= 8998371) AND (id <= 8999370))

table 7 : explain SELECT c FROM sbtest7 WHERE id BETWEEN 2438853 AND 2439852
	Bitmap Heap Scan on sbtest7  (cost=34.86..3943.94 rows=1017 width=121)
	  Recheck Cond: ((id >= 2438853) AND (id <= 2439852))
	  ->  Bitmap Index Scan on sbtest7_pkey  (cost=0.00..34.61 rows=1017 width=0)
	        Index Cond: ((id >= 2438853) AND (id <= 2439852))

table 8 : explain SELECT c FROM sbtest8 WHERE id BETWEEN 37050 AND 38049
	Bitmap Heap Scan on sbtest8  (cost=29.72..3517.16 rows=906 width=121)
	  Recheck Cond: ((id >= 37050) AND (id <= 38049))
	  ->  Bitmap Index Scan on sbtest8_pkey  (cost=0.00..29.50 rows=906 width=0)
	        Index Cond: ((id >= 37050) AND (id <= 38049))

for point_selects
table 1 : explain SELECT c FROM sbtest1 WHERE id=2451539
	Index Scan using sbtest1_pkey on sbtest1  (cost=0.43..8.45 rows=1 width=121)
	  Index Cond: (id = 2451539)

table 2 : explain SELECT c FROM sbtest2 WHERE id=880484
	Index Scan using sbtest2_pkey on sbtest2  (cost=0.43..8.45 rows=1 width=121)
	  Index Cond: (id = 880484)

table 3 : explain SELECT c FROM sbtest3 WHERE id=2787925
	Index Scan using sbtest3_pkey on sbtest3  (cost=0.43..8.45 rows=1 width=121)
	  Index Cond: (id = 2787925)

table 4 : explain SELECT c FROM sbtest4 WHERE id=7978317
	Index Scan using sbtest4_pkey on sbtest4  (cost=0.43..8.45 rows=1 width=121)
	  Index Cond: (id = 7978317)

table 5 : explain SELECT c FROM sbtest5 WHERE id=7960244
	Index Scan using sbtest5_pkey on sbtest5  (cost=0.43..8.45 rows=1 width=121)
	  Index Cond: (id = 7960244)

table 6 : explain SELECT c FROM sbtest6 WHERE id=1068529
	Index Scan using sbtest6_pkey on sbtest6  (cost=0.43..8.45 rows=1 width=121)
	  Index Cond: (id = 1068529)

table 7 : explain SELECT c FROM sbtest7 WHERE id=69191
	Index Scan using sbtest7_pkey on sbtest7  (cost=0.43..8.45 rows=1 width=121)
	  Index Cond: (id = 69191)

table 8 : explain SELECT c FROM sbtest8 WHERE id=2347991
	Index Scan using sbtest8_pkey on sbtest8  (cost=0.43..8.45 rows=1 width=121)
	  Index Cond: (id = 2347991)

for point_selects
table 1 : explain SELECT c FROM sbtest1 WHERE id=8800494
	Index Scan using sbtest1_pkey on sbtest1  (cost=0.43..8.45 rows=1 width=121)
	  Index Cond: (id = 8800494)

table 2 : explain SELECT c FROM sbtest2 WHERE id=503606
	Index Scan using sbtest2_pkey on sbtest2  (cost=0.43..8.45 rows=1 width=121)
	  Index Cond: (id = 503606)

table 3 : explain SELECT c FROM sbtest3 WHERE id=422397
	Index Scan using sbtest3_pkey on sbtest3  (cost=0.43..8.45 rows=1 width=121)
	  Index Cond: (id = 422397)

table 4 : explain SELECT c FROM sbtest4 WHERE id=281417
	Index Scan using sbtest4_pkey on sbtest4  (cost=0.43..8.45 rows=1 width=121)
	  Index Cond: (id = 281417)

table 5 : explain SELECT c FROM sbtest5 WHERE id=5528176
	Index Scan using sbtest5_pkey on sbtest5  (cost=0.43..8.45 rows=1 width=121)
	  Index Cond: (id = 5528176)

table 6 : explain SELECT c FROM sbtest6 WHERE id=1052330
	Index Scan using sbtest6_pkey on sbtest6  (cost=0.43..8.45 rows=1 width=121)
	  Index Cond: (id = 1052330)

table 7 : explain SELECT c FROM sbtest7 WHERE id=4358004
	Index Scan using sbtest7_pkey on sbtest7  (cost=0.43..8.45 rows=1 width=121)
	  Index Cond: (id = 4358004)

table 8 : explain SELECT c FROM sbtest8 WHERE id=3612066
	Index Scan using sbtest8_pkey on sbtest8  (cost=0.43..8.45 rows=1 width=121)
	  Index Cond: (id = 3612066)

for: simple_ranges
table 1 : explain SELECT c FROM sbtest1 WHERE id BETWEEN 3104162 AND 3105161
	Bitmap Heap Scan on sbtest1  (cost=29.44..3416.61 rows=879 width=121)
	  Recheck Cond: ((id >= 3104162) AND (id <= 3105161))
	  ->  Bitmap Index Scan on sbtest1_pkey  (cost=0.00..29.22 rows=879 width=0)
	        Index Cond: ((id >= 3104162) AND (id <= 3105161))

table 2 : explain SELECT c FROM sbtest2 WHERE id BETWEEN 840825 AND 841824
	Bitmap Heap Scan on sbtest2  (cost=34.37..3757.88 rows=969 width=121)
	  Recheck Cond: ((id >= 840825) AND (id <= 841824))
	  ->  Bitmap Index Scan on sbtest2_pkey  (cost=0.00..34.12 rows=969 width=0)
	        Index Cond: ((id >= 840825) AND (id <= 841824))

table 3 : explain SELECT c FROM sbtest3 WHERE id BETWEEN 9973337 AND 9974336
	Bitmap Heap Scan on sbtest3  (cost=35.27..4095.84 rows=1057 width=121)
	  Recheck Cond: ((id >= 9973337) AND (id <= 9974336))
	  ->  Bitmap Index Scan on sbtest3_pkey  (cost=0.00..35.01 rows=1057 width=0)
	        Index Cond: ((id >= 9973337) AND (id <= 9974336))

table 4 : explain SELECT c FROM sbtest4 WHERE id BETWEEN 3830930 AND 3831929
	Bitmap Heap Scan on sbtest4  (cost=33.91..3593.52 rows=924 width=121)
	  Recheck Cond: ((id >= 3830930) AND (id <= 3831929))
	  ->  Bitmap Index Scan on sbtest4_pkey  (cost=0.00..33.68 rows=924 width=0)
	        Index Cond: ((id >= 3830930) AND (id <= 3831929))

table 5 : explain SELECT c FROM sbtest5 WHERE id BETWEEN 3726095 AND 3727094
	Bitmap Heap Scan on sbtest5  (cost=40.62..4592.75 rows=1189 width=121)
	  Recheck Cond: ((id >= 3726095) AND (id <= 3727094))
	  ->  Bitmap Index Scan on sbtest5_pkey  (cost=0.00..40.33 rows=1189 width=0)
	        Index Cond: ((id >= 3726095) AND (id <= 3727094))

table 6 : explain SELECT c FROM sbtest6 WHERE id BETWEEN 1404278 AND 1405277
	Bitmap Heap Scan on sbtest6  (cost=34.95..3975.46 rows=1026 width=121)
	  Recheck Cond: ((id >= 1404278) AND (id <= 1405277))
	  ->  Bitmap Index Scan on sbtest6_pkey  (cost=0.00..34.70 rows=1026 width=0)
	        Index Cond: ((id >= 1404278) AND (id <= 1405277))

table 7 : explain SELECT c FROM sbtest7 WHERE id BETWEEN 5654756 AND 5655755
	Bitmap Heap Scan on sbtest7  (cost=39.75..4275.82 rows=1104 width=121)
	  Recheck Cond: ((id >= 5654756) AND (id <= 5655755))
	  ->  Bitmap Index Scan on sbtest7_pkey  (cost=0.00..39.48 rows=1104 width=0)
	        Index Cond: ((id >= 5654756) AND (id <= 5655755))

table 8 : explain SELECT c FROM sbtest8 WHERE id BETWEEN 9549120 AND 9550119
	Bitmap Heap Scan on sbtest8  (cost=39.66..4237.83 rows=1095 width=121)
	  Recheck Cond: ((id >= 9549120) AND (id <= 9550119))
	  ->  Bitmap Index Scan on sbtest8_pkey  (cost=0.00..39.39 rows=1095 width=0)
	        Index Cond: ((id >= 9549120) AND (id <= 9550119))

for point_selects
table 1 : explain SELECT c FROM sbtest1 WHERE id=1285339
	Index Scan using sbtest1_pkey on sbtest1  (cost=0.43..8.45 rows=1 width=121)
	  Index Cond: (id = 1285339)

table 2 : explain SELECT c FROM sbtest2 WHERE id=8579008
	Index Scan using sbtest2_pkey on sbtest2  (cost=0.43..8.45 rows=1 width=121)
	  Index Cond: (id = 8579008)

table 3 : explain SELECT c FROM sbtest3 WHERE id=2633426
	Index Scan using sbtest3_pkey on sbtest3  (cost=0.43..8.45 rows=1 width=121)
	  Index Cond: (id = 2633426)

table 4 : explain SELECT c FROM sbtest4 WHERE id=7712770
	Index Scan using sbtest4_pkey on sbtest4  (cost=0.43..8.45 rows=1 width=121)
	  Index Cond: (id = 7712770)

table 5 : explain SELECT c FROM sbtest5 WHERE id=4691921
	Index Scan using sbtest5_pkey on sbtest5  (cost=0.43..8.45 rows=1 width=121)
	  Index Cond: (id = 4691921)

table 6 : explain SELECT c FROM sbtest6 WHERE id=8121569
	Index Scan using sbtest6_pkey on sbtest6  (cost=0.43..8.45 rows=1 width=121)
	  Index Cond: (id = 8121569)

table 7 : explain SELECT c FROM sbtest7 WHERE id=2217802
	Index Scan using sbtest7_pkey on sbtest7  (cost=0.43..8.45 rows=1 width=121)
	  Index Cond: (id = 2217802)

table 8 : explain SELECT c FROM sbtest8 WHERE id=9886245
	Index Scan using sbtest8_pkey on sbtest8  (cost=0.43..8.45 rows=1 width=121)
	  Index Cond: (id = 9886245)

for: order_ranges
table 1 : explain SELECT c FROM sbtest1 WHERE id BETWEEN 4922890 AND 4923889 ORDER BY c
	Sort  (cost=3743.99..3746.37 rows=952 width=121)
	  Sort Key: c
	  ->  Bitmap Heap Scan on sbtest1  (cost=34.19..3696.89 rows=952 width=121)
	        Recheck Cond: ((id >= 4922890) AND (id <= 4923889))
	        ->  Bitmap Index Scan on sbtest1_pkey  (cost=0.00..33.95 rows=952 width=0)
	              Index Cond: ((id >= 4922890) AND (id <= 4923889))

table 2 : explain SELECT c FROM sbtest2 WHERE id BETWEEN 5390136 AND 5391135 ORDER BY c
	Sort  (cost=3702.50..3704.85 rows=942 width=121)
	  Sort Key: c
	  ->  Bitmap Heap Scan on sbtest2  (cost=34.09..3655.97 rows=942 width=121)
	        Recheck Cond: ((id >= 5390136) AND (id <= 5391135))
	        ->  Bitmap Index Scan on sbtest2_pkey  (cost=0.00..33.86 rows=942 width=0)
	              Index Cond: ((id >= 5390136) AND (id <= 5391135))

table 3 : explain SELECT c FROM sbtest3 WHERE id BETWEEN 799837 AND 800836 ORDER BY c
	Sort  (cost=3600.33..3602.62 rows=914 width=121)
	  Sort Key: c
	  ->  Bitmap Heap Scan on sbtest3  (cost=33.80..3555.38 rows=914 width=121)
	        Recheck Cond: ((id >= 799837) AND (id <= 800836))
	        ->  Bitmap Index Scan on sbtest3_pkey  (cost=0.00..33.58 rows=914 width=0)
	              Index Cond: ((id >= 799837) AND (id <= 800836))

table 4 : explain SELECT c FROM sbtest4 WHERE id BETWEEN 3625145 AND 3626144 ORDER BY c
	Sort  (cost=3577.36..3579.63 rows=909 width=121)
	  Sort Key: c
	  ->  Bitmap Heap Scan on sbtest4  (cost=29.75..3532.69 rows=909 width=121)
	        Recheck Cond: ((id >= 3625145) AND (id <= 3626144))
	        ->  Bitmap Index Scan on sbtest4_pkey  (cost=0.00..29.52 rows=909 width=0)
	              Index Cond: ((id >= 3625145) AND (id <= 3626144))

table 5 : explain SELECT c FROM sbtest5 WHERE id BETWEEN 5309985 AND 5310984 ORDER BY c
	Sort  (cost=4156.55..4159.19 rows=1059 width=121)
	  Sort Key: c
	  ->  Bitmap Heap Scan on sbtest5  (cost=35.29..4103.34 rows=1059 width=121)
	        Recheck Cond: ((id >= 5309985) AND (id <= 5310984))
	        ->  Bitmap Index Scan on sbtest5_pkey  (cost=0.00..35.03 rows=1059 width=0)
	              Index Cond: ((id >= 5309985) AND (id <= 5310984))

table 6 : explain SELECT c FROM sbtest6 WHERE id BETWEEN 7162435 AND 7163434 ORDER BY c
	Sort  (cost=4149.16..4151.81 rows=1058 width=121)
	  Sort Key: c
	  ->  Bitmap Heap Scan on sbtest6  (cost=35.28..4096.02 rows=1058 width=121)
	        Recheck Cond: ((id >= 7162435) AND (id <= 7163434))
	        ->  Bitmap Index Scan on sbtest6_pkey  (cost=0.00..35.02 rows=1058 width=0)
	              Index Cond: ((id >= 7162435) AND (id <= 7163434))

table 7 : explain SELECT c FROM sbtest7 WHERE id BETWEEN 5844832 AND 5845831 ORDER BY c
	Sort  (cost=4293.40..4296.13 rows=1094 width=121)
	  Sort Key: c
	  ->  Bitmap Heap Scan on sbtest7  (cost=39.65..4238.18 rows=1094 width=121)
	        Recheck Cond: ((id >= 5844832) AND (id <= 5845831))
	        ->  Bitmap Index Scan on sbtest7_pkey  (cost=0.00..39.38 rows=1094 width=0)
	              Index Cond: ((id >= 5844832) AND (id <= 5845831))

table 8 : explain SELECT c FROM sbtest8 WHERE id BETWEEN 2582018 AND 2583017 ORDER BY c
	Sort  (cost=4044.61..4047.19 rows=1031 width=121)
	  Sort Key: c
	  ->  Bitmap Heap Scan on sbtest8  (cost=35.00..3993.01 rows=1031 width=121)
	        Recheck Cond: ((id >= 2582018) AND (id <= 2583017))
	        ->  Bitmap Index Scan on sbtest8_pkey  (cost=0.00..34.75 rows=1031 width=0)
	              Index Cond: ((id >= 2582018) AND (id <= 2583017))

for: simple_ranges
table 1 : explain SELECT c FROM sbtest1 WHERE id BETWEEN 7142819 AND 7143818
	Bitmap Heap Scan on sbtest1  (cost=34.35..3753.57 rows=967 width=121)
	  Recheck Cond: ((id >= 7142819) AND (id <= 7143818))
	  ->  Bitmap Index Scan on sbtest1_pkey  (cost=0.00..34.11 rows=967 width=0)
	        Index Cond: ((id >= 7142819) AND (id <= 7143818))

table 2 : explain SELECT c FROM sbtest2 WHERE id BETWEEN 6622434 AND 6623433
	Bitmap Heap Scan on sbtest2  (cost=35.59..4205.91 rows=1088 width=121)
	  Recheck Cond: ((id >= 6622434) AND (id <= 6623433))
	  ->  Bitmap Index Scan on sbtest2_pkey  (cost=0.00..35.32 rows=1088 width=0)
	        Index Cond: ((id >= 6622434) AND (id <= 6623433))

table 3 : explain SELECT c FROM sbtest3 WHERE id BETWEEN 3317847 AND 3318846
	Bitmap Heap Scan on sbtest3  (cost=35.32..4114.69 rows=1062 width=121)
	  Recheck Cond: ((id >= 3317847) AND (id <= 3318846))
	  ->  Bitmap Index Scan on sbtest3_pkey  (cost=0.00..35.06 rows=1062 width=0)
	        Index Cond: ((id >= 3317847) AND (id <= 3318846))

table 4 : explain SELECT c FROM sbtest4 WHERE id BETWEEN 8826659 AND 8827658
	Bitmap Heap Scan on sbtest4  (cost=35.02..4005.62 rows=1033 width=121)
	  Recheck Cond: ((id >= 8826659) AND (id <= 8827658))
	  ->  Bitmap Index Scan on sbtest4_pkey  (cost=0.00..34.77 rows=1033 width=0)
	        Index Cond: ((id >= 8826659) AND (id <= 8827658))

table 5 : explain SELECT c FROM sbtest5 WHERE id BETWEEN 8003771 AND 8004770
	Bitmap Heap Scan on sbtest5  (cost=34.59..3846.68 rows=991 width=121)
	  Recheck Cond: ((id >= 8003771) AND (id <= 8004770))
	  ->  Bitmap Index Scan on sbtest5_pkey  (cost=0.00..34.34 rows=991 width=0)
	        Index Cond: ((id >= 8003771) AND (id <= 8004770))

table 6 : explain SELECT c FROM sbtest6 WHERE id BETWEEN 9638547 AND 9639546
	Bitmap Heap Scan on sbtest6  (cost=35.45..4160.01 rows=1075 width=121)
	  Recheck Cond: ((id >= 9638547) AND (id <= 9639546))
	  ->  Bitmap Index Scan on sbtest6_pkey  (cost=0.00..35.19 rows=1075 width=0)
	        Index Cond: ((id >= 9638547) AND (id <= 9639546))

table 7 : explain SELECT c FROM sbtest7 WHERE id BETWEEN 6312450 AND 6313449
	Bitmap Heap Scan on sbtest7  (cost=35.11..4034.48 rows=1041 width=121)
	  Recheck Cond: ((id >= 6312450) AND (id <= 6313449))
	  ->  Bitmap Index Scan on sbtest7_pkey  (cost=0.00..34.84 rows=1041 width=0)
	        Index Cond: ((id >= 6312450) AND (id <= 6313449))

table 8 : explain SELECT c FROM sbtest8 WHERE id BETWEEN 1210296 AND 1211295
	Bitmap Heap Scan on sbtest8  (cost=34.19..3695.03 rows=952 width=121)
	  Recheck Cond: ((id >= 1210296) AND (id <= 1211295))
	  ->  Bitmap Index Scan on sbtest8_pkey  (cost=0.00..33.95 rows=952 width=0)
	        Index Cond: ((id >= 1210296) AND (id <= 1211295))

for: order_ranges
table 1 : explain SELECT c FROM sbtest1 WHERE id BETWEEN 4230409 AND 4231408 ORDER BY c
	Sort  (cost=3605.80..3608.09 rows=916 width=121)
	  Sort Key: c
	  ->  Bitmap Heap Scan on sbtest1  (cost=33.82..3560.73 rows=916 width=121)
	        Recheck Cond: ((id >= 4230409) AND (id <= 4231408))
	        ->  Bitmap Index Scan on sbtest1_pkey  (cost=0.00..33.59 rows=916 width=0)
	              Index Cond: ((id >= 4230409) AND (id <= 4231408))

table 2 : explain SELECT c FROM sbtest2 WHERE id BETWEEN 6711467 AND 6712466 ORDER BY c
	Sort  (cost=3882.50..3884.98 rows=989 width=121)
	  Sort Key: c
	  ->  Bitmap Heap Scan on sbtest2  (cost=34.57..3833.30 rows=989 width=121)
	        Recheck Cond: ((id >= 6711467) AND (id <= 6712466))
	        ->  Bitmap Index Scan on sbtest2_pkey  (cost=0.00..34.33 rows=989 width=0)
	              Index Cond: ((id >= 6711467) AND (id <= 6712466))

table 3 : explain SELECT c FROM sbtest3 WHERE id BETWEEN 2449723 AND 2450722 ORDER BY c
	Sort  (cost=3915.21..3917.70 rows=996 width=121)
	  Sort Key: c
	  ->  Bitmap Heap Scan on sbtest3  (cost=34.64..3865.61 rows=996 width=121)
	        Recheck Cond: ((id >= 2449723) AND (id <= 2450722))
	        ->  Bitmap Index Scan on sbtest3_pkey  (cost=0.00..34.40 rows=996 width=0)
	              Index Cond: ((id >= 2449723) AND (id <= 2450722))

table 4 : explain SELECT c FROM sbtest4 WHERE id BETWEEN 5458626 AND 5459625 ORDER BY c
	Sort  (cost=3953.85..3956.36 rows=1006 width=121)
	  Sort Key: c
	  ->  Bitmap Heap Scan on sbtest4  (cost=34.75..3903.68 rows=1006 width=121)
	        Recheck Cond: ((id >= 5458626) AND (id <= 5459625))
	        ->  Bitmap Index Scan on sbtest4_pkey  (cost=0.00..34.50 rows=1006 width=0)
	              Index Cond: ((id >= 5458626) AND (id <= 5459625))

table 5 : explain SELECT c FROM sbtest5 WHERE id BETWEEN 4104798 AND 4105797 ORDER BY c
	Sort  (cost=3934.34..3936.85 rows=1001 width=121)
	  Sort Key: c
	  ->  Bitmap Heap Scan on sbtest5  (cost=34.70..3884.46 rows=1001 width=121)
	        Recheck Cond: ((id >= 4104798) AND (id <= 4105797))
	        ->  Bitmap Index Scan on sbtest5_pkey  (cost=0.00..34.45 rows=1001 width=0)
	              Index Cond: ((id >= 4104798) AND (id <= 4105797))

table 6 : explain SELECT c FROM sbtest6 WHERE id BETWEEN 1948042 AND 1949041 ORDER BY c
	Sort  (cost=3931.07..3933.58 rows=1001 width=121)
	  Sort Key: c
	  ->  Bitmap Heap Scan on sbtest6  (cost=34.70..3881.19 rows=1001 width=121)
	        Recheck Cond: ((id >= 1948042) AND (id <= 1949041))
	        ->  Bitmap Index Scan on sbtest6_pkey  (cost=0.00..34.45 rows=1001 width=0)
	              Index Cond: ((id >= 1948042) AND (id <= 1949041))

table 7 : explain SELECT c FROM sbtest7 WHERE id BETWEEN 1677631 AND 1678630 ORDER BY c
	Sort  (cost=4189.98..4192.65 rows=1068 width=121)
	  Sort Key: c
	  ->  Bitmap Heap Scan on sbtest7  (cost=35.38..4136.26 rows=1068 width=121)
	        Recheck Cond: ((id >= 1677631) AND (id <= 1678630))
	        ->  Bitmap Index Scan on sbtest7_pkey  (cost=0.00..35.12 rows=1068 width=0)
	              Index Cond: ((id >= 1677631) AND (id <= 1678630))

table 8 : explain SELECT c FROM sbtest8 WHERE id BETWEEN 45258 AND 46257 ORDER BY c
	Sort  (cost=3561.65..3563.92 rows=906 width=121)
	  Sort Key: c
	  ->  Bitmap Heap Scan on sbtest8  (cost=29.72..3517.16 rows=906 width=121)
	        Recheck Cond: ((id >= 45258) AND (id <= 46257))
	        ->  Bitmap Index Scan on sbtest8_pkey  (cost=0.00..29.50 rows=906 width=0)
	              Index Cond: ((id >= 45258) AND (id <= 46257))

for: order_ranges
table 1 : explain SELECT c FROM sbtest1 WHERE id BETWEEN 7214069 AND 7215068 ORDER BY c
	Sort  (cost=3801.53..3803.94 rows=967 width=121)
	  Sort Key: c
	  ->  Bitmap Heap Scan on sbtest1  (cost=34.35..3753.57 rows=967 width=121)
	        Recheck Cond: ((id >= 7214069) AND (id <= 7215068))
	        ->  Bitmap Index Scan on sbtest1_pkey  (cost=0.00..34.11 rows=967 width=0)
	              Index Cond: ((id >= 7214069) AND (id <= 7215068))

table 2 : explain SELECT c FROM sbtest2 WHERE id BETWEEN 3968593 AND 3969592 ORDER BY c
	Sort  (cost=3736.99..3739.37 rows=951 width=121)
	  Sort Key: c
	  ->  Bitmap Heap Scan on sbtest2  (cost=34.18..3689.95 rows=951 width=121)
	        Recheck Cond: ((id >= 3968593) AND (id <= 3969592))
	        ->  Bitmap Index Scan on sbtest2_pkey  (cost=0.00..33.95 rows=951 width=0)
	              Index Cond: ((id >= 3968593) AND (id <= 3969592))

table 3 : explain SELECT c FROM sbtest3 WHERE id BETWEEN 8152347 AND 8153346 ORDER BY c
	Sort  (cost=4145.10..4147.74 rows=1056 width=121)
	  Sort Key: c
	  ->  Bitmap Heap Scan on sbtest3  (cost=35.26..4092.07 rows=1056 width=121)
	        Recheck Cond: ((id >= 8152347) AND (id <= 8153346))
	        ->  Bitmap Index Scan on sbtest3_pkey  (cost=0.00..35.00 rows=1056 width=0)
	              Index Cond: ((id >= 8152347) AND (id <= 8153346))

table 4 : explain SELECT c FROM sbtest4 WHERE id BETWEEN 9313531 AND 9314530 ORDER BY c
	Sort  (cost=3461.93..3464.13 rows=879 width=121)
	  Sort Key: c
	  ->  Bitmap Heap Scan on sbtest4  (cost=29.44..3418.95 rows=879 width=121)
	        Recheck Cond: ((id >= 9313531) AND (id <= 9314530))
	        ->  Bitmap Index Scan on sbtest4_pkey  (cost=0.00..29.22 rows=879 width=0)
	              Index Cond: ((id >= 9313531) AND (id <= 9314530))

table 5 : explain SELECT c FROM sbtest5 WHERE id BETWEEN 627744 AND 628743 ORDER BY c
	Sort  (cost=4256.03..4258.74 rows=1085 width=121)
	  Sort Key: c
	  ->  Bitmap Heap Scan on sbtest5  (cost=35.56..4201.33 rows=1085 width=121)
	        Recheck Cond: ((id >= 627744) AND (id <= 628743))
	        ->  Bitmap Index Scan on sbtest5_pkey  (cost=0.00..35.29 rows=1085 width=0)
	              Index Cond: ((id >= 627744) AND (id <= 628743))

table 6 : explain SELECT c FROM sbtest6 WHERE id BETWEEN 8479175 AND 8480174 ORDER BY c
	Sort  (cost=4107.11..4109.72 rows=1047 width=121)
	  Sort Key: c
	  ->  Bitmap Heap Scan on sbtest6  (cost=35.17..4054.59 rows=1047 width=121)
	        Recheck Cond: ((id >= 8479175) AND (id <= 8480174))
	        ->  Bitmap Index Scan on sbtest6_pkey  (cost=0.00..34.91 rows=1047 width=0)
	              Index Cond: ((id >= 8479175) AND (id <= 8480174))

table 7 : explain SELECT c FROM sbtest7 WHERE id BETWEEN 7443522 AND 7444521 ORDER BY c
	Sort  (cost=3599.50..3601.79 rows=914 width=121)
	  Sort Key: c
	  ->  Bitmap Heap Scan on sbtest7  (cost=33.80..3554.55 rows=914 width=121)
	        Recheck Cond: ((id >= 7443522) AND (id <= 7444521))
	        ->  Bitmap Index Scan on sbtest7_pkey  (cost=0.00..33.58 rows=914 width=0)
	              Index Cond: ((id >= 7443522) AND (id <= 7444521))

table 8 : explain SELECT c FROM sbtest8 WHERE id BETWEEN 8598146 AND 8599145 ORDER BY c
	Sort  (cost=3929.83..3932.33 rows=1001 width=121)
	  Sort Key: c
	  ->  Bitmap Heap Scan on sbtest8  (cost=34.70..3879.95 rows=1001 width=121)
	        Recheck Cond: ((id >= 8598146) AND (id <= 8599145))
	        ->  Bitmap Index Scan on sbtest8_pkey  (cost=0.00..34.45 rows=1001 width=0)
	              Index Cond: ((id >= 8598146) AND (id <= 8599145))

for: simple_ranges
table 1 : explain SELECT c FROM sbtest1 WHERE id BETWEEN 594260 AND 595259
	Bitmap Heap Scan on sbtest1  (cost=35.09..4029.03 rows=1040 width=121)
	  Recheck Cond: ((id >= 594260) AND (id <= 595259))
	  ->  Bitmap Index Scan on sbtest1_pkey  (cost=0.00..34.84 rows=1040 width=0)
	        Index Cond: ((id >= 594260) AND (id <= 595259))

table 2 : explain SELECT c FROM sbtest2 WHERE id BETWEEN 1673199 AND 1674198
	Bitmap Heap Scan on sbtest2  (cost=35.01..3995.29 rows=1032 width=121)
	  Recheck Cond: ((id >= 1673199) AND (id <= 1674198))
	  ->  Bitmap Index Scan on sbtest2_pkey  (cost=0.00..34.76 rows=1032 width=0)
	        Index Cond: ((id >= 1673199) AND (id <= 1674198))

table 3 : explain SELECT c FROM sbtest3 WHERE id BETWEEN 1080183 AND 1081182
	Bitmap Heap Scan on sbtest3  (cost=34.88..3952.47 rows=1019 width=121)
	  Recheck Cond: ((id >= 1080183) AND (id <= 1081182))
	  ->  Bitmap Index Scan on sbtest3_pkey  (cost=0.00..34.62 rows=1019 width=0)
	        Index Cond: ((id >= 1080183) AND (id <= 1081182))

table 4 : explain SELECT c FROM sbtest4 WHERE id BETWEEN 569139 AND 570138
	Bitmap Heap Scan on sbtest4  (cost=34.43..3786.52 rows=975 width=121)
	  Recheck Cond: ((id >= 569139) AND (id <= 570138))
	  ->  Bitmap Index Scan on sbtest4_pkey  (cost=0.00..34.19 rows=975 width=0)
	        Index Cond: ((id >= 569139) AND (id <= 570138))

table 5 : explain SELECT c FROM sbtest5 WHERE id BETWEEN 1523052 AND 1524051
	Bitmap Heap Scan on sbtest5  (cost=34.51..3816.45 rows=983 width=121)
	  Recheck Cond: ((id >= 1523052) AND (id <= 1524051))
	  ->  Bitmap Index Scan on sbtest5_pkey  (cost=0.00..34.27 rows=983 width=0)
	        Index Cond: ((id >= 1523052) AND (id <= 1524051))

table 6 : explain SELECT c FROM sbtest6 WHERE id BETWEEN 2034213 AND 2035212
	Bitmap Heap Scan on sbtest6  (cost=34.31..3737.74 rows=963 width=121)
	  Recheck Cond: ((id >= 2034213) AND (id <= 2035212))
	  ->  Bitmap Index Scan on sbtest6_pkey  (cost=0.00..34.07 rows=963 width=0)
	        Index Cond: ((id >= 2034213) AND (id <= 2035212))

table 7 : explain SELECT c FROM sbtest7 WHERE id BETWEEN 7899227 AND 7900226
	Bitmap Heap Scan on sbtest7  (cost=34.18..3694.58 rows=951 width=121)
	  Recheck Cond: ((id >= 7899227) AND (id <= 7900226))
	  ->  Bitmap Index Scan on sbtest7_pkey  (cost=0.00..33.95 rows=951 width=0)
	        Index Cond: ((id >= 7899227) AND (id <= 7900226))

table 8 : explain SELECT c FROM sbtest8 WHERE id BETWEEN 1983310 AND 1984309
	Bitmap Heap Scan on sbtest8  (cost=34.98..3985.47 rows=1029 width=121)
	  Recheck Cond: ((id >= 1983310) AND (id <= 1984309))
	  ->  Bitmap Index Scan on sbtest8_pkey  (cost=0.00..34.73 rows=1029 width=0)
	        Index Cond: ((id >= 1983310) AND (id <= 1984309))

for: sum_ranges
table 1 : explain SELECT SUM(k) FROM sbtest1 WHERE id BETWEEN 7628195 AND 7629194
	Aggregate  (cost=3899.56..3899.57 rows=1 width=8)
	  ->  Bitmap Heap Scan on sbtest1  (cost=34.74..3897.04 rows=1005 width=4)
	        Recheck Cond: ((id >= 7628195) AND (id <= 7629194))
	        ->  Bitmap Index Scan on sbtest1_pkey  (cost=0.00..34.48 rows=1005 width=0)
	              Index Cond: ((id >= 7628195) AND (id <= 7629194))

table 2 : explain SELECT SUM(k) FROM sbtest2 WHERE id BETWEEN 6498674 AND 6499673
	Aggregate  (cost=4088.25..4088.26 rows=1 width=8)
	  ->  Bitmap Heap Scan on sbtest2  (cost=35.26..4085.61 rows=1056 width=4)
	        Recheck Cond: ((id >= 6498674) AND (id <= 6499673))
	        ->  Bitmap Index Scan on sbtest2_pkey  (cost=0.00..35.00 rows=1056 width=0)
	              Index Cond: ((id >= 6498674) AND (id <= 6499673))

table 3 : explain SELECT SUM(k) FROM sbtest3 WHERE id BETWEEN 341424 AND 342423
	Aggregate  (cost=3909.68..3909.69 rows=1 width=8)
	  ->  Bitmap Heap Scan on sbtest3  (cost=34.76..3907.16 rows=1007 width=4)
	        Recheck Cond: ((id >= 341424) AND (id <= 342423))
	        ->  Bitmap Index Scan on sbtest3_pkey  (cost=0.00..34.51 rows=1007 width=0)
	              Index Cond: ((id >= 341424) AND (id <= 342423))

table 4 : explain SELECT SUM(k) FROM sbtest4 WHERE id BETWEEN 6160625 AND 6161624
	Aggregate  (cost=4272.49..4272.50 rows=1 width=8)
	  ->  Bitmap Heap Scan on sbtest4  (cost=39.73..4269.73 rows=1102 width=4)
	        Recheck Cond: ((id >= 6160625) AND (id <= 6161624))
	        ->  Bitmap Index Scan on sbtest4_pkey  (cost=0.00..39.45 rows=1102 width=0)
	              Index Cond: ((id >= 6160625) AND (id <= 6161624))

table 5 : explain SELECT SUM(k) FROM sbtest5 WHERE id BETWEEN 5261651 AND 5262650
	Aggregate  (cost=4105.99..4106.00 rows=1 width=8)
	  ->  Bitmap Heap Scan on sbtest5  (cost=35.29..4103.34 rows=1059 width=4)
	        Recheck Cond: ((id >= 5261651) AND (id <= 5262650))
	        ->  Bitmap Index Scan on sbtest5_pkey  (cost=0.00..35.03 rows=1059 width=0)
	              Index Cond: ((id >= 5261651) AND (id <= 5262650))

table 6 : explain SELECT SUM(k) FROM sbtest6 WHERE id BETWEEN 297914 AND 298913
	Aggregate  (cost=4087.36..4087.37 rows=1 width=8)
	  ->  Bitmap Heap Scan on sbtest6  (cost=35.25..4084.72 rows=1055 width=4)
	        Recheck Cond: ((id >= 297914) AND (id <= 298913))
	        ->  Bitmap Index Scan on sbtest6_pkey  (cost=0.00..34.98 rows=1055 width=0)
	              Index Cond: ((id >= 297914) AND (id <= 298913))

table 7 : explain SELECT SUM(k) FROM sbtest7 WHERE id BETWEEN 5087276 AND 5088275
	Aggregate  (cost=3844.47..3844.48 rows=1 width=8)
	  ->  Bitmap Heap Scan on sbtest7  (cost=34.58..3842.00 rows=990 width=4)
	        Recheck Cond: ((id >= 5087276) AND (id <= 5088275))
	        ->  Bitmap Index Scan on sbtest7_pkey  (cost=0.00..34.34 rows=990 width=0)
	              Index Cond: ((id >= 5087276) AND (id <= 5088275))

table 8 : explain SELECT SUM(k) FROM sbtest8 WHERE id BETWEEN 8538116 AND 8539115
	Aggregate  (cost=3659.61..3659.62 rows=1 width=8)
	  ->  Bitmap Heap Scan on sbtest8  (cost=34.09..3657.26 rows=942 width=4)
	        Recheck Cond: ((id >= 8538116) AND (id <= 8539115))
	        ->  Bitmap Index Scan on sbtest8_pkey  (cost=0.00..33.86 rows=942 width=0)
	              Index Cond: ((id >= 8538116) AND (id <= 8539115))

for: simple_ranges
table 1 : explain SELECT c FROM sbtest1 WHERE id BETWEEN 1349110 AND 1350109
	Bitmap Heap Scan on sbtest1  (cost=33.94..3602.35 rows=927 width=121)
	  Recheck Cond: ((id >= 1349110) AND (id <= 1350109))
	  ->  Bitmap Index Scan on sbtest1_pkey  (cost=0.00..33.70 rows=927 width=0)
	        Index Cond: ((id >= 1349110) AND (id <= 1350109))

table 2 : explain SELECT c FROM sbtest2 WHERE id BETWEEN 3782647 AND 3783646
	Bitmap Heap Scan on sbtest2  (cost=34.97..3980.24 rows=1028 width=121)
	  Recheck Cond: ((id >= 3782647) AND (id <= 3783646))
	  ->  Bitmap Index Scan on sbtest2_pkey  (cost=0.00..34.72 rows=1028 width=0)
	        Index Cond: ((id >= 3782647) AND (id <= 3783646))

table 3 : explain SELECT c FROM sbtest3 WHERE id BETWEEN 7707378 AND 7708377
	Bitmap Heap Scan on sbtest3  (cost=34.89..3956.24 rows=1020 width=121)
	  Recheck Cond: ((id >= 7707378) AND (id <= 7708377))
	  ->  Bitmap Index Scan on sbtest3_pkey  (cost=0.00..34.64 rows=1020 width=0)
	        Index Cond: ((id >= 7707378) AND (id <= 7708377))

table 4 : explain SELECT c FROM sbtest4 WHERE id BETWEEN 7377382 AND 7378381
	Bitmap Heap Scan on sbtest4  (cost=33.84..3570.79 rows=918 width=121)
	  Recheck Cond: ((id >= 7377382) AND (id <= 7378381))
	  ->  Bitmap Index Scan on sbtest4_pkey  (cost=0.00..33.62 rows=918 width=0)
	        Index Cond: ((id >= 7377382) AND (id <= 7378381))

table 5 : explain SELECT c FROM sbtest5 WHERE id BETWEEN 7340589 AND 7341588
	Bitmap Heap Scan on sbtest5  (cost=34.04..3642.45 rows=937 width=121)
	  Recheck Cond: ((id >= 7340589) AND (id <= 7341588))
	  ->  Bitmap Index Scan on sbtest5_pkey  (cost=0.00..33.81 rows=937 width=0)
	        Index Cond: ((id >= 7340589) AND (id <= 7341588))

table 6 : explain SELECT c FROM sbtest6 WHERE id BETWEEN 6678270 AND 6679269
	Bitmap Heap Scan on sbtest6  (cost=33.91..3590.33 rows=924 width=121)
	  Recheck Cond: ((id >= 6678270) AND (id <= 6679269))
	  ->  Bitmap Index Scan on sbtest6_pkey  (cost=0.00..33.68 rows=924 width=0)
	        Index Cond: ((id >= 6678270) AND (id <= 6679269))

table 7 : explain SELECT c FROM sbtest7 WHERE id BETWEEN 9174887 AND 9175886
	Bitmap Heap Scan on sbtest7  (cost=35.29..4102.34 rows=1059 width=121)
	  Recheck Cond: ((id >= 9174887) AND (id <= 9175886))
	  ->  Bitmap Index Scan on sbtest7_pkey  (cost=0.00..35.03 rows=1059 width=0)
	        Index Cond: ((id >= 9174887) AND (id <= 9175886))

table 8 : explain SELECT c FROM sbtest8 WHERE id BETWEEN 4156049 AND 4157048
	Bitmap Heap Scan on sbtest8  (cost=34.06..3645.92 rows=939 width=121)
	  Recheck Cond: ((id >= 4156049) AND (id <= 4157048))
	  ->  Bitmap Index Scan on sbtest8_pkey  (cost=0.00..33.83 rows=939 width=0)
	        Index Cond: ((id >= 4156049) AND (id <= 4157048))

for: distinct_ranges
table 1 : explain SELECT DISTINCT c FROM sbtest1 WHERE id BETWEEN 7364495 AND 7365494 ORDER BY c
	Unique  (cost=3828.37..3833.24 rows=974 width=121)
	  ->  Sort  (cost=3828.37..3830.80 rows=974 width=121)
	        Sort Key: c
	        ->  Bitmap Heap Scan on sbtest1  (cost=34.42..3780.02 rows=974 width=121)
	              Recheck Cond: ((id >= 7364495) AND (id <= 7365494))
	              ->  Bitmap Index Scan on sbtest1_pkey  (cost=0.00..34.18 rows=974 width=0)
	                    Index Cond: ((id >= 7364495) AND (id <= 7365494))

table 2 : explain SELECT DISTINCT c FROM sbtest2 WHERE id BETWEEN 4013215 AND 4014214 ORDER BY c
	Unique  (cost=3786.79..3791.61 rows=964 width=121)
	  ->  Sort  (cost=3786.79..3789.20 rows=964 width=121)
	        Sort Key: c
	        ->  Bitmap Heap Scan on sbtest2  (cost=34.32..3739.01 rows=964 width=121)
	              Recheck Cond: ((id >= 4013215) AND (id <= 4014214))
	              ->  Bitmap Index Scan on sbtest2_pkey  (cost=0.00..34.08 rows=964 width=0)
	                    Index Cond: ((id >= 4013215) AND (id <= 4014214))

table 3 : explain SELECT DISTINCT c FROM sbtest3 WHERE id BETWEEN 4720868 AND 4721867 ORDER BY c
	Unique  (cost=3899.87..3904.83 rows=992 width=121)
	  ->  Sort  (cost=3899.87..3902.35 rows=992 width=121)
	        Sort Key: c
	        ->  Bitmap Heap Scan on sbtest3  (cost=34.60..3850.49 rows=992 width=121)
	              Recheck Cond: ((id >= 4720868) AND (id <= 4721867))
	              ->  Bitmap Index Scan on sbtest3_pkey  (cost=0.00..34.36 rows=992 width=0)
	                    Index Cond: ((id >= 4720868) AND (id <= 4721867))

table 4 : explain SELECT DISTINCT c FROM sbtest4 WHERE id BETWEEN 7997070 AND 7998069 ORDER BY c
	Unique  (cost=4164.56..4169.87 rows=1061 width=121)
	  ->  Sort  (cost=4164.56..4167.21 rows=1061 width=121)
	        Sort Key: c
	        ->  Bitmap Heap Scan on sbtest4  (cost=35.31..4111.24 rows=1061 width=121)
	              Recheck Cond: ((id >= 7997070) AND (id <= 7998069))
	              ->  Bitmap Index Scan on sbtest4_pkey  (cost=0.00..35.05 rows=1061 width=0)
	                    Index Cond: ((id >= 7997070) AND (id <= 7998069))

table 5 : explain SELECT DISTINCT c FROM sbtest5 WHERE id BETWEEN 9043461 AND 9044460 ORDER BY c
	Unique  (cost=4164.20..4169.51 rows=1061 width=121)
	  ->  Sort  (cost=4164.20..4166.85 rows=1061 width=121)
	        Sort Key: c
	        ->  Bitmap Heap Scan on sbtest5  (cost=35.31..4110.88 rows=1061 width=121)
	              Recheck Cond: ((id >= 9043461) AND (id <= 9044460))
	              ->  Bitmap Index Scan on sbtest5_pkey  (cost=0.00..35.05 rows=1061 width=0)
	                    Index Cond: ((id >= 9043461) AND (id <= 9044460))

table 6 : explain SELECT DISTINCT c FROM sbtest6 WHERE id BETWEEN 400543 AND 401542 ORDER BY c
	Unique  (cost=4026.77..4031.90 rows=1026 width=121)
	  ->  Sort  (cost=4026.77..4029.34 rows=1026 width=121)
	        Sort Key: c
	        ->  Bitmap Heap Scan on sbtest6  (cost=34.95..3975.46 rows=1026 width=121)
	              Recheck Cond: ((id >= 400543) AND (id <= 401542))
	              ->  Bitmap Index Scan on sbtest6_pkey  (cost=0.00..34.70 rows=1026 width=0)
	                    Index Cond: ((id >= 400543) AND (id <= 401542))

table 7 : explain SELECT DISTINCT c FROM sbtest7 WHERE id BETWEEN 8607580 AND 8608579 ORDER BY c
	Unique  (cost=3868.25..3873.17 rows=984 width=121)
	  ->  Sort  (cost=3868.25..3870.71 rows=984 width=121)
	        Sort Key: c
	        ->  Bitmap Heap Scan on sbtest7  (cost=34.52..3819.33 rows=984 width=121)
	              Recheck Cond: ((id >= 8607580) AND (id <= 8608579))
	              ->  Bitmap Index Scan on sbtest7_pkey  (cost=0.00..34.28 rows=984 width=0)
	                    Index Cond: ((id >= 8607580) AND (id <= 8608579))

table 8 : explain SELECT DISTINCT c FROM sbtest8 WHERE id BETWEEN 6887751 AND 6888750 ORDER BY c
	Unique  (cost=3918.35..3923.34 rows=998 width=121)
	  ->  Sort  (cost=3918.35..3920.84 rows=998 width=121)
	        Sort Key: c
	        ->  Bitmap Heap Scan on sbtest8  (cost=34.66..3868.63 rows=998 width=121)
	              Recheck Cond: ((id >= 6887751) AND (id <= 6888750))
	              ->  Bitmap Index Scan on sbtest8_pkey  (cost=0.00..34.42 rows=998 width=0)
	                    Index Cond: ((id >= 6887751) AND (id <= 6888750))

for: simple_ranges
table 1 : explain SELECT c FROM sbtest1 WHERE id BETWEEN 2422937 AND 2423936
	Bitmap Heap Scan on sbtest1  (cost=35.57..4202.26 rows=1086 width=121)
	  Recheck Cond: ((id >= 2422937) AND (id <= 2423936))
	  ->  Bitmap Index Scan on sbtest1_pkey  (cost=0.00..35.30 rows=1086 width=0)
	        Index Cond: ((id >= 2422937) AND (id <= 2423936))

table 2 : explain SELECT c FROM sbtest2 WHERE id BETWEEN 8479496 AND 8480495
	Bitmap Heap Scan on sbtest2  (cost=34.59..3840.84 rows=991 width=121)
	  Recheck Cond: ((id >= 8479496) AND (id <= 8480495))
	  ->  Bitmap Index Scan on sbtest2_pkey  (cost=0.00..34.34 rows=991 width=0)
	        Index Cond: ((id >= 8479496) AND (id <= 8480495))

table 3 : explain SELECT c FROM sbtest3 WHERE id BETWEEN 5851672 AND 5852671
	Bitmap Heap Scan on sbtest3  (cost=34.70..3884.50 rows=1001 width=121)
	  Recheck Cond: ((id >= 5851672) AND (id <= 5852671))
	  ->  Bitmap Index Scan on sbtest3_pkey  (cost=0.00..34.45 rows=1001 width=0)
	        Index Cond: ((id >= 5851672) AND (id <= 5852671))

table 4 : explain SELECT c FROM sbtest4 WHERE id BETWEEN 7689465 AND 7690464
	Bitmap Heap Scan on sbtest4  (cost=35.31..4111.24 rows=1061 width=121)
	  Recheck Cond: ((id >= 7689465) AND (id <= 7690464))
	  ->  Bitmap Index Scan on sbtest4_pkey  (cost=0.00..35.05 rows=1061 width=0)
	        Index Cond: ((id >= 7689465) AND (id <= 7690464))

table 5 : explain SELECT c FROM sbtest5 WHERE id BETWEEN 68522 AND 69521
	Bitmap Heap Scan on sbtest5  (cost=35.33..4118.42 rows=1063 width=121)
	  Recheck Cond: ((id >= 68522) AND (id <= 69521))
	  ->  Bitmap Index Scan on sbtest5_pkey  (cost=0.00..35.07 rows=1063 width=0)
	        Index Cond: ((id >= 68522) AND (id <= 69521))

table 6 : explain SELECT c FROM sbtest6 WHERE id BETWEEN 889524 AND 890523
	Bitmap Heap Scan on sbtest6  (cost=34.30..3733.97 rows=962 width=121)
	  Recheck Cond: ((id >= 889524) AND (id <= 890523))
	  ->  Bitmap Index Scan on sbtest6_pkey  (cost=0.00..34.06 rows=962 width=0)
	        Index Cond: ((id >= 889524) AND (id <= 890523))

table 7 : explain SELECT c FROM sbtest7 WHERE id BETWEEN 4806922 AND 4807921
	Bitmap Heap Scan on sbtest7  (cost=34.56..3834.44 rows=988 width=121)
	  Recheck Cond: ((id >= 4806922) AND (id <= 4807921))
	  ->  Bitmap Index Scan on sbtest7_pkey  (cost=0.00..34.32 rows=988 width=0)
	        Index Cond: ((id >= 4806922) AND (id <= 4807921))

table 8 : explain SELECT c FROM sbtest8 WHERE id BETWEEN 3950589 AND 3951588
	Bitmap Heap Scan on sbtest8  (cost=39.92..4328.03 rows=1120 width=121)
	  Recheck Cond: ((id >= 3950589) AND (id <= 3951588))
	  ->  Bitmap Index Scan on sbtest8_pkey  (cost=0.00..39.64 rows=1120 width=0)
	        Index Cond: ((id >= 3950589) AND (id <= 3951588))

for: distinct_ranges
table 1 : explain SELECT DISTINCT c FROM sbtest1 WHERE id BETWEEN 6926188 AND 6927187 ORDER BY c
	Unique  (cost=3640.36..3644.98 rows=925 width=121)
	  ->  Sort  (cost=3640.36..3642.67 rows=925 width=121)
	        Sort Key: c
	        ->  Bitmap Heap Scan on sbtest1  (cost=33.92..3594.79 rows=925 width=121)
	              Recheck Cond: ((id >= 6926188) AND (id <= 6927187))
	              ->  Bitmap Index Scan on sbtest1_pkey  (cost=0.00..33.69 rows=925 width=0)
	                    Index Cond: ((id >= 6926188) AND (id <= 6927187))

table 2 : explain SELECT DISTINCT c FROM sbtest2 WHERE id BETWEEN 7619029 AND 7620028 ORDER BY c
	Unique  (cost=3606.64..3611.23 rows=917 width=121)
	  ->  Sort  (cost=3606.64..3608.93 rows=917 width=121)
	        Sort Key: c
	        ->  Bitmap Heap Scan on sbtest2  (cost=33.83..3561.52 rows=917 width=121)
	              Recheck Cond: ((id >= 7619029) AND (id <= 7620028))
	              ->  Bitmap Index Scan on sbtest2_pkey  (cost=0.00..33.61 rows=917 width=0)
	                    Index Cond: ((id >= 7619029) AND (id <= 7620028))

table 3 : explain SELECT DISTINCT c FROM sbtest3 WHERE id BETWEEN 1199557 AND 1200556 ORDER BY c
	Unique  (cost=3746.35..3751.11 rows=952 width=121)
	  ->  Sort  (cost=3746.35..3748.73 rows=952 width=121)
	        Sort Key: c
	        ->  Bitmap Heap Scan on sbtest3  (cost=34.19..3699.25 rows=952 width=121)
	              Recheck Cond: ((id >= 1199557) AND (id <= 1200556))
	              ->  Bitmap Index Scan on sbtest3_pkey  (cost=0.00..33.95 rows=952 width=0)
	                    Index Cond: ((id >= 1199557) AND (id <= 1200556))

table 4 : explain SELECT DISTINCT c FROM sbtest4 WHERE id BETWEEN 2181293 AND 2182292 ORDER BY c
	Unique  (cost=3800.38..3805.21 rows=966 width=121)
	  ->  Sort  (cost=3800.38..3802.80 rows=966 width=121)
	        Sort Key: c
	        ->  Bitmap Heap Scan on sbtest4  (cost=34.34..3752.49 rows=966 width=121)
	              Recheck Cond: ((id >= 2181293) AND (id <= 2182292))
	              ->  Bitmap Index Scan on sbtest4_pkey  (cost=0.00..34.09 rows=966 width=0)
	                    Index Cond: ((id >= 2181293) AND (id <= 2182292))

table 5 : explain SELECT DISTINCT c FROM sbtest5 WHERE id BETWEEN 4688018 AND 4689017 ORDER BY c
	Unique  (cost=3842.28..3847.17 rows=977 width=121)
	  ->  Sort  (cost=3842.28..3844.73 rows=977 width=121)
	        Sort Key: c
	        ->  Bitmap Heap Scan on sbtest5  (cost=34.45..3793.77 rows=977 width=121)
	              Recheck Cond: ((id >= 4688018) AND (id <= 4689017))
	              ->  Bitmap Index Scan on sbtest5_pkey  (cost=0.00..34.20 rows=977 width=0)
	                    Index Cond: ((id >= 4688018) AND (id <= 4689017))

table 6 : explain SELECT DISTINCT c FROM sbtest6 WHERE id BETWEEN 9827804 AND 9828803 ORDER BY c
	Unique  (cost=4409.03..4414.66 rows=1125 width=121)
	  ->  Sort  (cost=4409.03..4411.85 rows=1125 width=121)
	        Sort Key: c
	        ->  Bitmap Heap Scan on sbtest6  (cost=39.97..4352.02 rows=1125 width=121)
	              Recheck Cond: ((id >= 9827804) AND (id <= 9828803))
	              ->  Bitmap Index Scan on sbtest6_pkey  (cost=0.00..39.69 rows=1125 width=0)
	                    Index Cond: ((id >= 9827804) AND (id <= 9828803))

table 7 : explain SELECT DISTINCT c FROM sbtest7 WHERE id BETWEEN 1023204 AND 1024203 ORDER BY c
	Unique  (cost=3994.74..3999.83 rows=1017 width=121)
	  ->  Sort  (cost=3994.74..3997.28 rows=1017 width=121)
	        Sort Key: c
	        ->  Bitmap Heap Scan on sbtest7  (cost=34.86..3943.94 rows=1017 width=121)
	              Recheck Cond: ((id >= 1023204) AND (id <= 1024203))
	              ->  Bitmap Index Scan on sbtest7_pkey  (cost=0.00..34.61 rows=1017 width=0)
	                    Index Cond: ((id >= 1023204) AND (id <= 1024203))

table 8 : explain SELECT DISTINCT c FROM sbtest8 WHERE id BETWEEN 4959676 AND 4960675 ORDER BY c
	Unique  (cost=4205.12..4210.48 rows=1073 width=121)
	  ->  Sort  (cost=4205.12..4207.80 rows=1073 width=121)
	        Sort Key: c
	        ->  Bitmap Heap Scan on sbtest8  (cost=35.43..4151.10 rows=1073 width=121)
	              Recheck Cond: ((id >= 4959676) AND (id <= 4960675))
	              ->  Bitmap Index Scan on sbtest8_pkey  (cost=0.00..35.17 rows=1073 width=0)
	                    Index Cond: ((id >= 4959676) AND (id <= 4960675))

for: distinct_ranges
table 1 : explain SELECT DISTINCT c FROM sbtest1 WHERE id BETWEEN 8407709 AND 8408708 ORDER BY c
	Unique  (cost=3793.86..3798.68 rows=965 width=121)
	  ->  Sort  (cost=3793.86..3796.27 rows=965 width=121)
	        Sort Key: c
	        ->  Bitmap Heap Scan on sbtest1  (cost=34.33..3746.02 rows=965 width=121)
	              Recheck Cond: ((id >= 8407709) AND (id <= 8408708))
	              ->  Bitmap Index Scan on sbtest1_pkey  (cost=0.00..34.09 rows=965 width=0)
	                    Index Cond: ((id >= 8407709) AND (id <= 8408708))

table 2 : explain SELECT DISTINCT c FROM sbtest2 WHERE id BETWEEN 2834257 AND 2835256 ORDER BY c
	Unique  (cost=3621.98..3626.59 rows=921 width=121)
	  ->  Sort  (cost=3621.98..3624.29 rows=921 width=121)
	        Sort Key: c
	        ->  Bitmap Heap Scan on sbtest2  (cost=33.88..3576.64 rows=921 width=121)
	              Recheck Cond: ((id >= 2834257) AND (id <= 2835256))
	              ->  Bitmap Index Scan on sbtest2_pkey  (cost=0.00..33.65 rows=921 width=0)
	                    Index Cond: ((id >= 2834257) AND (id <= 2835256))

table 3 : explain SELECT DISTINCT c FROM sbtest3 WHERE id BETWEEN 3183691 AND 3184690 ORDER BY c
	Unique  (cost=4099.16..4104.38 rows=1044 width=121)
	  ->  Sort  (cost=4099.16..4101.77 rows=1044 width=121)
	        Sort Key: c
	        ->  Bitmap Heap Scan on sbtest3  (cost=35.14..4046.81 rows=1044 width=121)
	              Recheck Cond: ((id >= 3183691) AND (id <= 3184690))
	              ->  Bitmap Index Scan on sbtest3_pkey  (cost=0.00..34.88 rows=1044 width=0)
	                    Index Cond: ((id >= 3183691) AND (id <= 3184690))

table 4 : explain SELECT DISTINCT c FROM sbtest4 WHERE id BETWEEN 5241664 AND 5242663 ORDER BY c
	Unique  (cost=3658.25..3662.90 rows=929 width=121)
	  ->  Sort  (cost=3658.25..3660.58 rows=929 width=121)
	        Sort Key: c
	        ->  Bitmap Heap Scan on sbtest4  (cost=33.96..3612.46 rows=929 width=121)
	              Recheck Cond: ((id >= 5241664) AND (id <= 5242663))
	              ->  Bitmap Index Scan on sbtest4_pkey  (cost=0.00..33.73 rows=929 width=0)
	                    Index Cond: ((id >= 5241664) AND (id <= 5242663))

table 5 : explain SELECT DISTINCT c FROM sbtest5 WHERE id BETWEEN 3559816 AND 3560815 ORDER BY c
	Unique  (cost=4168.03..4173.34 rows=1062 width=121)
	  ->  Sort  (cost=4168.03..4170.68 rows=1062 width=121)
	        Sort Key: c
	        ->  Bitmap Heap Scan on sbtest5  (cost=35.32..4114.65 rows=1062 width=121)
	              Recheck Cond: ((id >= 3559816) AND (id <= 3560815))
	              ->  Bitmap Index Scan on sbtest5_pkey  (cost=0.00..35.06 rows=1062 width=0)
	                    Index Cond: ((id >= 3559816) AND (id <= 3560815))

table 6 : explain SELECT DISTINCT c FROM sbtest6 WHERE id BETWEEN 837347 AND 838346 ORDER BY c
	Unique  (cost=3923.41..3928.41 rows=999 width=121)
	  ->  Sort  (cost=3923.41..3925.91 rows=999 width=121)
	        Sort Key: c
	        ->  Bitmap Heap Scan on sbtest6  (cost=34.67..3873.64 rows=999 width=121)
	              Recheck Cond: ((id >= 837347) AND (id <= 838346))
	              ->  Bitmap Index Scan on sbtest6_pkey  (cost=0.00..34.43 rows=999 width=0)
	                    Index Cond: ((id >= 837347) AND (id <= 838346))

table 7 : explain SELECT DISTINCT c FROM sbtest7 WHERE id BETWEEN 2029033 AND 2030032 ORDER BY c
	Unique  (cost=4174.68..4180.00 rows=1064 width=121)
	  ->  Sort  (cost=4174.68..4177.34 rows=1064 width=121)
	        Sort Key: c
	        ->  Bitmap Heap Scan on sbtest7  (cost=35.34..4121.18 rows=1064 width=121)
	              Recheck Cond: ((id >= 2029033) AND (id <= 2030032))
	              ->  Bitmap Index Scan on sbtest7_pkey  (cost=0.00..35.08 rows=1064 width=0)
	                    Index Cond: ((id >= 2029033) AND (id <= 2030032))

table 8 : explain SELECT DISTINCT c FROM sbtest8 WHERE id BETWEEN 3816364 AND 3817363 ORDER BY c
	Unique  (cost=3811.12..3815.97 rows=970 width=121)
	  ->  Sort  (cost=3811.12..3813.54 rows=970 width=121)
	        Sort Key: c
	        ->  Bitmap Heap Scan on sbtest8  (cost=34.38..3763.00 rows=970 width=121)
	              Recheck Cond: ((id >= 3816364) AND (id <= 3817363))
	              ->  Bitmap Index Scan on sbtest8_pkey  (cost=0.00..34.14 rows=970 width=0)
	                    Index Cond: ((id >= 3816364) AND (id <= 3817363))

explain: for point_selects :: explain SELECT c FROM sbtest%u WHERE id=%u
for: sum_ranges
table 1 : explain SELECT SUM(k) FROM sbtest1 WHERE id BETWEEN 3803151 AND 3804150
	Aggregate  (cost=4076.87..4076.88 rows=1 width=8)
	  ->  Bitmap Heap Scan on sbtest1  (cost=35.22..4074.24 rows=1052 width=4)
	        Recheck Cond: ((id >= 3803151) AND (id <= 3804150))
	        ->  Bitmap Index Scan on sbtest1_pkey  (cost=0.00..34.95 rows=1052 width=0)
	              Index Cond: ((id >= 3803151) AND (id <= 3804150))

table 2 : explain SELECT SUM(k) FROM sbtest2 WHERE id BETWEEN 4235083 AND 4236082
	Aggregate  (cost=3911.20..3911.21 rows=1 width=8)
	  ->  Bitmap Heap Scan on sbtest2  (cost=34.78..3908.68 rows=1009 width=4)
	        Recheck Cond: ((id >= 4235083) AND (id <= 4236082))
	        ->  Bitmap Index Scan on sbtest2_pkey  (cost=0.00..34.53 rows=1009 width=0)
	              Index Cond: ((id >= 4235083) AND (id <= 4236082))

table 3 : explain SELECT SUM(k) FROM sbtest3 WHERE id BETWEEN 8366941 AND 8367940
	Aggregate  (cost=3709.20..3709.21 rows=1 width=8)
	  ->  Bitmap Heap Scan on sbtest3  (cost=34.21..3706.82 rows=954 width=4)
	        Recheck Cond: ((id >= 8366941) AND (id <= 8367940))
	        ->  Bitmap Index Scan on sbtest3_pkey  (cost=0.00..33.98 rows=954 width=0)
	              Index Cond: ((id >= 8366941) AND (id <= 8367940))

table 4 : explain SELECT SUM(k) FROM sbtest4 WHERE id BETWEEN 8882784 AND 8883783
	Aggregate  (cost=4008.20..4008.21 rows=1 width=8)
	  ->  Bitmap Heap Scan on sbtest4  (cost=35.02..4005.62 rows=1033 width=4)
	        Recheck Cond: ((id >= 8882784) AND (id <= 8883783))
	        ->  Bitmap Index Scan on sbtest4_pkey  (cost=0.00..34.77 rows=1033 width=0)
	              Index Cond: ((id >= 8882784) AND (id <= 8883783))

table 5 : explain SELECT SUM(k) FROM sbtest5 WHERE id BETWEEN 4834870 AND 4835869
	Aggregate  (cost=4132.39..4132.40 rows=1 width=8)
	  ->  Bitmap Heap Scan on sbtest5  (cost=35.36..4129.73 rows=1066 width=4)
	        Recheck Cond: ((id >= 4834870) AND (id <= 4835869))
	        ->  Bitmap Index Scan on sbtest5_pkey  (cost=0.00..35.09 rows=1066 width=0)
	              Index Cond: ((id >= 4834870) AND (id <= 4835869))

table 6 : explain SELECT SUM(k) FROM sbtest6 WHERE id BETWEEN 5510911 AND 5511910
	Aggregate  (cost=3940.30..3940.31 rows=1 width=8)
	  ->  Bitmap Heap Scan on sbtest6  (cost=34.85..3937.76 rows=1016 width=4)
	        Recheck Cond: ((id >= 5510911) AND (id <= 5511910))
	        ->  Bitmap Index Scan on sbtest6_pkey  (cost=0.00..34.59 rows=1016 width=0)
	              Index Cond: ((id >= 5510911) AND (id <= 5511910))

table 7 : explain SELECT SUM(k) FROM sbtest7 WHERE id BETWEEN 1072317 AND 1073316
	Aggregate  (cost=3844.47..3844.48 rows=1 width=8)
	  ->  Bitmap Heap Scan on sbtest7  (cost=34.58..3842.00 rows=990 width=4)
	        Recheck Cond: ((id >= 1072317) AND (id <= 1073316))
	        ->  Bitmap Index Scan on sbtest7_pkey  (cost=0.00..34.34 rows=990 width=0)
	              Index Cond: ((id >= 1072317) AND (id <= 1073316))

table 8 : explain SELECT SUM(k) FROM sbtest8 WHERE id BETWEEN 8761883 AND 8762882
	Aggregate  (cost=3950.34..3950.35 rows=1 width=8)
	  ->  Bitmap Heap Scan on sbtest8  (cost=34.88..3947.80 rows=1019 width=4)
	        Recheck Cond: ((id >= 8761883) AND (id <= 8762882))
	        ->  Bitmap Index Scan on sbtest8_pkey  (cost=0.00..34.62 rows=1019 width=0)
	              Index Cond: ((id >= 8761883) AND (id <= 8762882))

for: order_ranges
table 1 : explain SELECT c FROM sbtest1 WHERE id BETWEEN 2974755 AND 2975754 ORDER BY c
	Sort  (cost=4303.04..4305.78 rows=1097 width=121)
	  Sort Key: c
	  ->  Bitmap Heap Scan on sbtest1  (cost=39.68..4247.65 rows=1097 width=121)
	        Recheck Cond: ((id >= 2974755) AND (id <= 2975754))
	        ->  Bitmap Index Scan on sbtest1_pkey  (cost=0.00..39.41 rows=1097 width=0)
	              Index Cond: ((id >= 2974755) AND (id <= 2975754))

table 2 : explain SELECT c FROM sbtest2 WHERE id BETWEEN 8443731 AND 8444730 ORDER BY c
	Sort  (cost=3890.16..3892.64 rows=991 width=121)
	  Sort Key: c
	  ->  Bitmap Heap Scan on sbtest2  (cost=34.59..3840.84 rows=991 width=121)
	        Recheck Cond: ((id >= 8443731) AND (id <= 8444730))
	        ->  Bitmap Index Scan on sbtest2_pkey  (cost=0.00..34.34 rows=991 width=0)
	              Index Cond: ((id >= 8443731) AND (id <= 8444730))

table 3 : explain SELECT c FROM sbtest3 WHERE id BETWEEN 2230843 AND 2231842 ORDER BY c
	Sort  (cost=4298.31..4301.05 rows=1095 width=121)
	  Sort Key: c
	  ->  Bitmap Heap Scan on sbtest3  (cost=39.66..4243.04 rows=1095 width=121)
	        Recheck Cond: ((id >= 2230843) AND (id <= 2231842))
	        ->  Bitmap Index Scan on sbtest3_pkey  (cost=0.00..39.39 rows=1095 width=0)
	              Index Cond: ((id >= 2230843) AND (id <= 2231842))

table 4 : explain SELECT c FROM sbtest4 WHERE id BETWEEN 5090880 AND 5091879 ORDER BY c
	Sort  (cost=3846.44..3848.89 rows=978 width=121)
	  Sort Key: c
	  ->  Bitmap Heap Scan on sbtest4  (cost=34.46..3797.86 rows=978 width=121)
	        Recheck Cond: ((id >= 5090880) AND (id <= 5091879))
	        ->  Bitmap Index Scan on sbtest4_pkey  (cost=0.00..34.22 rows=978 width=0)
	              Index Cond: ((id >= 5090880) AND (id <= 5091879))

table 5 : explain SELECT c FROM sbtest5 WHERE id BETWEEN 4353169 AND 4354168 ORDER BY c
	Sort  (cost=3577.08..3579.35 rows=909 width=121)
	  Sort Key: c
	  ->  Bitmap Heap Scan on sbtest5  (cost=29.75..3532.41 rows=909 width=121)
	        Recheck Cond: ((id >= 4353169) AND (id <= 4354168))
	        ->  Bitmap Index Scan on sbtest5_pkey  (cost=0.00..29.52 rows=909 width=0)
	              Index Cond: ((id >= 4353169) AND (id <= 4354168))

table 6 : explain SELECT c FROM sbtest6 WHERE id BETWEEN 1604383 AND 1605382 ORDER BY c
	Sort  (cost=3816.13..3818.56 rows=971 width=121)
	  Sort Key: c
	  ->  Bitmap Heap Scan on sbtest6  (cost=34.39..3767.96 rows=971 width=121)
	        Recheck Cond: ((id >= 1604383) AND (id <= 1605382))
	        ->  Bitmap Index Scan on sbtest6_pkey  (cost=0.00..34.15 rows=971 width=0)
	              Index Cond: ((id >= 1604383) AND (id <= 1605382))

table 7 : explain SELECT c FROM sbtest7 WHERE id BETWEEN 4521208 AND 4522207 ORDER BY c
	Sort  (cost=3891.26..3893.73 rows=990 width=121)
	  Sort Key: c
	  ->  Bitmap Heap Scan on sbtest7  (cost=34.58..3842.00 rows=990 width=121)
	        Recheck Cond: ((id >= 4521208) AND (id <= 4522207))
	        ->  Bitmap Index Scan on sbtest7_pkey  (cost=0.00..34.34 rows=990 width=0)
	              Index Cond: ((id >= 4521208) AND (id <= 4522207))

table 8 : explain SELECT c FROM sbtest8 WHERE id BETWEEN 7716095 AND 7717094 ORDER BY c
	Sort  (cost=3918.35..3920.84 rows=998 width=121)
	  Sort Key: c
	  ->  Bitmap Heap Scan on sbtest8  (cost=34.66..3868.63 rows=998 width=121)
	        Recheck Cond: ((id >= 7716095) AND (id <= 7717094))
	        ->  Bitmap Index Scan on sbtest8_pkey  (cost=0.00..34.42 rows=998 width=0)
	              Index Cond: ((id >= 7716095) AND (id <= 7717094))

for: sum_ranges
table 1 : explain SELECT SUM(k) FROM sbtest1 WHERE id BETWEEN 7238342 AND 7239341
	Aggregate  (cost=3661.44..3661.45 rows=1 width=8)
	  ->  Bitmap Heap Scan on sbtest1  (cost=34.09..3659.09 rows=942 width=4)
	        Recheck Cond: ((id >= 7238342) AND (id <= 7239341))
	        ->  Bitmap Index Scan on sbtest1_pkey  (cost=0.00..33.86 rows=942 width=0)
	              Index Cond: ((id >= 7238342) AND (id <= 7239341))

table 2 : explain SELECT SUM(k) FROM sbtest2 WHERE id BETWEEN 3933278 AND 3934277
	Aggregate  (cost=3692.32..3692.33 rows=1 width=8)
	  ->  Bitmap Heap Scan on sbtest2  (cost=34.18..3689.95 rows=951 width=4)
	        Recheck Cond: ((id >= 3933278) AND (id <= 3934277))
	        ->  Bitmap Index Scan on sbtest2_pkey  (cost=0.00..33.95 rows=951 width=0)
	              Index Cond: ((id >= 3933278) AND (id <= 3934277))

table 3 : explain SELECT SUM(k) FROM sbtest3 WHERE id BETWEEN 9693326 AND 9694325
	Aggregate  (cost=3341.17..3341.18 rows=1 width=8)
	  ->  Bitmap Heap Scan on sbtest3  (cost=29.23..3339.02 rows=858 width=4)
	        Recheck Cond: ((id >= 9693326) AND (id <= 9694325))
	        ->  Bitmap Index Scan on sbtest3_pkey  (cost=0.00..29.01 rows=858 width=0)
	              Index Cond: ((id >= 9693326) AND (id <= 9694325))

table 4 : explain SELECT SUM(k) FROM sbtest4 WHERE id BETWEEN 4692921 AND 4693920
	Aggregate  (cost=3838.14..3838.15 rows=1 width=8)
	  ->  Bitmap Heap Scan on sbtest4  (cost=34.56..3835.67 rows=988 width=4)
	        Recheck Cond: ((id >= 4692921) AND (id <= 4693920))
	        ->  Bitmap Index Scan on sbtest4_pkey  (cost=0.00..34.32 rows=988 width=0)
	              Index Cond: ((id >= 4692921) AND (id <= 4693920))

table 5 : explain SELECT SUM(k) FROM sbtest5 WHERE id BETWEEN 3325617 AND 3326616
	Aggregate  (cost=3758.37..3758.38 rows=1 width=8)
	  ->  Bitmap Heap Scan on sbtest5  (cost=34.35..3755.96 rows=967 width=4)
	        Recheck Cond: ((id >= 3325617) AND (id <= 3326616))
	        ->  Bitmap Index Scan on sbtest5_pkey  (cost=0.00..34.11 rows=967 width=0)
	              Index Cond: ((id >= 3325617) AND (id <= 3326616))

table 6 : explain SELECT SUM(k) FROM sbtest6 WHERE id BETWEEN 9406578 AND 9407577
	Aggregate  (cost=4317.23..4317.24 rows=1 width=8)
	  ->  Bitmap Heap Scan on sbtest6  (cost=39.86..4314.44 rows=1115 width=4)
	        Recheck Cond: ((id >= 9406578) AND (id <= 9407577))
	        ->  Bitmap Index Scan on sbtest6_pkey  (cost=0.00..39.59 rows=1115 width=0)
	              Index Cond: ((id >= 9406578) AND (id <= 9407577))

table 7 : explain SELECT SUM(k) FROM sbtest7 WHERE id BETWEEN 1771036 AND 1772035
	Aggregate  (cost=3965.36..3965.37 rows=1 width=8)
	  ->  Bitmap Heap Scan on sbtest7  (cost=34.91..3962.81 rows=1022 width=4)
	        Recheck Cond: ((id >= 1771036) AND (id <= 1772035))
	        ->  Bitmap Index Scan on sbtest7_pkey  (cost=0.00..34.66 rows=1022 width=0)
	              Index Cond: ((id >= 1771036) AND (id <= 1772035))

table 8 : explain SELECT SUM(k) FROM sbtest8 WHERE id BETWEEN 722086 AND 723085
	Aggregate  (cost=3818.29..3818.30 rows=1 width=8)
	  ->  Bitmap Heap Scan on sbtest8  (cost=34.52..3815.83 rows=984 width=4)
	        Recheck Cond: ((id >= 722086) AND (id <= 723085))
	        ->  Bitmap Index Scan on sbtest8_pkey  (cost=0.00..34.28 rows=984 width=0)
	              Index Cond: ((id >= 722086) AND (id <= 723085))

for: sum_ranges
table 1 : explain SELECT SUM(k) FROM sbtest1 WHERE id BETWEEN 7104411 AND 7105410
	Aggregate  (cost=4012.77..4012.78 rows=1 width=8)
	  ->  Bitmap Heap Scan on sbtest1  (cost=35.04..4010.18 rows=1035 width=4)
	        Recheck Cond: ((id >= 7104411) AND (id <= 7105410))
	        ->  Bitmap Index Scan on sbtest1_pkey  (cost=0.00..34.79 rows=1035 width=0)
	              Index Cond: ((id >= 7104411) AND (id <= 7105410))

table 2 : explain SELECT SUM(k) FROM sbtest2 WHERE id BETWEEN 2067843 AND 2068842
	Aggregate  (cost=3541.12..3541.13 rows=1 width=8)
	  ->  Bitmap Heap Scan on sbtest2  (cost=33.77..3538.84 rows=911 width=4)
	        Recheck Cond: ((id >= 2067843) AND (id <= 2068842))
	        ->  Bitmap Index Scan on sbtest2_pkey  (cost=0.00..33.55 rows=911 width=0)
	              Index Cond: ((id >= 2067843) AND (id <= 2068842))

table 3 : explain SELECT SUM(k) FROM sbtest3 WHERE id BETWEEN 3537375 AND 3538374
	Aggregate  (cost=3883.22..3883.23 rows=1 width=8)
	  ->  Bitmap Heap Scan on sbtest3  (cost=34.69..3880.72 rows=1000 width=4)
	        Recheck Cond: ((id >= 3537375) AND (id <= 3538374))
	        ->  Bitmap Index Scan on sbtest3_pkey  (cost=0.00..34.44 rows=1000 width=0)
	              Index Cond: ((id >= 3537375) AND (id <= 3538374))

table 4 : explain SELECT SUM(k) FROM sbtest4 WHERE id BETWEEN 6607545 AND 6608544
	Aggregate  (cost=3773.82..3773.83 rows=1 width=8)
	  ->  Bitmap Heap Scan on sbtest4  (cost=34.39..3771.40 rows=971 width=4)
	        Recheck Cond: ((id >= 6607545) AND (id <= 6608544))
	        ->  Bitmap Index Scan on sbtest4_pkey  (cost=0.00..34.15 rows=971 width=0)
	              Index Cond: ((id >= 6607545) AND (id <= 6608544))

table 5 : explain SELECT SUM(k) FROM sbtest5 WHERE id BETWEEN 6441510 AND 6442509
	Aggregate  (cost=3849.16..3849.17 rows=1 width=8)
	  ->  Bitmap Heap Scan on sbtest5  (cost=34.59..3846.68 rows=991 width=4)
	        Recheck Cond: ((id >= 6441510) AND (id <= 6442509))
	        ->  Bitmap Index Scan on sbtest5_pkey  (cost=0.00..34.34 rows=991 width=0)
	              Index Cond: ((id >= 6441510) AND (id <= 6442509))

table 6 : explain SELECT SUM(k) FROM sbtest6 WHERE id BETWEEN 5164161 AND 5165160
	Aggregate  (cost=3535.64..3535.65 rows=1 width=8)
	  ->  Bitmap Heap Scan on sbtest6  (cost=29.76..3533.36 rows=910 width=4)
	        Recheck Cond: ((id >= 5164161) AND (id <= 5165160))
	        ->  Bitmap Index Scan on sbtest6_pkey  (cost=0.00..29.54 rows=910 width=0)
	              Index Cond: ((id >= 5164161) AND (id <= 5165160))

table 7 : explain SELECT SUM(k) FROM sbtest7 WHERE id BETWEEN 6497868 AND 6498867
	Aggregate  (cost=4021.99..4022.00 rows=1 width=8)
	  ->  Bitmap Heap Scan on sbtest7  (cost=35.06..4019.40 rows=1037 width=4)
	        Recheck Cond: ((id >= 6497868) AND (id <= 6498867))
	        ->  Bitmap Index Scan on sbtest7_pkey  (cost=0.00..34.81 rows=1037 width=0)
	              Index Cond: ((id >= 6497868) AND (id <= 6498867))

table 8 : explain SELECT SUM(k) FROM sbtest8 WHERE id BETWEEN 4542726 AND 4543725
	Aggregate  (cost=4003.12..4003.13 rows=1 width=8)
	  ->  Bitmap Heap Scan on sbtest8  (cost=35.02..4000.54 rows=1033 width=4)
	        Recheck Cond: ((id >= 4542726) AND (id <= 4543725))
	        ->  Bitmap Index Scan on sbtest8_pkey  (cost=0.00..34.77 rows=1033 width=0)
	              Index Cond: ((id >= 4542726) AND (id <= 4543725))

explain: for point_selects :: explain SELECT c FROM sbtest%u WHERE id=%u
for: sum_ranges
table 1 : explain SELECT SUM(k) FROM sbtest1 WHERE id BETWEEN 8100833 AND 8101832
	Aggregate  (cost=4212.51..4212.52 rows=1 width=8)
	  ->  Bitmap Heap Scan on sbtest1  (cost=35.59..4209.79 rows=1088 width=4)
	        Recheck Cond: ((id >= 8100833) AND (id <= 8101832))
	        ->  Bitmap Index Scan on sbtest1_pkey  (cost=0.00..35.32 rows=1088 width=0)
	              Index Cond: ((id >= 8100833) AND (id <= 8101832))

table 2 : explain SELECT SUM(k) FROM sbtest2 WHERE id BETWEEN 2629453 AND 2630452
	Aggregate  (cost=3809.36..3809.37 rows=1 width=8)
	  ->  Bitmap Heap Scan on sbtest2  (cost=34.50..3806.91 rows=982 width=4)
	        Recheck Cond: ((id >= 2629453) AND (id <= 2630452))
	        ->  Bitmap Index Scan on sbtest2_pkey  (cost=0.00..34.26 rows=982 width=0)
	              Index Cond: ((id >= 2629453) AND (id <= 2630452))

table 3 : explain SELECT SUM(k) FROM sbtest3 WHERE id BETWEEN 6779308 AND 6780307
	Aggregate  (cost=3845.41..3845.42 rows=1 width=8)
	  ->  Bitmap Heap Scan on sbtest3  (cost=34.58..3842.94 rows=990 width=4)
	        Recheck Cond: ((id >= 6779308) AND (id <= 6780307))
	        ->  Bitmap Index Scan on sbtest3_pkey  (cost=0.00..34.34 rows=990 width=0)
	              Index Cond: ((id >= 6779308) AND (id <= 6780307))

table 4 : explain SELECT SUM(k) FROM sbtest4 WHERE id BETWEEN 1163962 AND 1164961
	Aggregate  (cost=3962.87..3962.88 rows=1 width=8)
	  ->  Bitmap Heap Scan on sbtest4  (cost=34.90..3960.32 rows=1021 width=4)
	        Recheck Cond: ((id >= 1163962) AND (id <= 1164961))
	        ->  Bitmap Index Scan on sbtest4_pkey  (cost=0.00..34.65 rows=1021 width=0)
	              Index Cond: ((id >= 1163962) AND (id <= 1164961))

table 5 : explain SELECT SUM(k) FROM sbtest5 WHERE id BETWEEN 8572322 AND 8573321
	Aggregate  (cost=4068.25..4068.26 rows=1 width=8)
	  ->  Bitmap Heap Scan on sbtest5  (cost=35.19..4065.63 rows=1049 width=4)
	        Recheck Cond: ((id >= 8572322) AND (id <= 8573321))
	        ->  Bitmap Index Scan on sbtest5_pkey  (cost=0.00..34.93 rows=1049 width=0)
	              Index Cond: ((id >= 8572322) AND (id <= 8573321))

table 6 : explain SELECT SUM(k) FROM sbtest6 WHERE id BETWEEN 8614840 AND 8615839
	Aggregate  (cost=3585.07..3585.08 rows=1 width=8)
	  ->  Bitmap Heap Scan on sbtest6  (cost=33.89..3582.76 rows=922 width=4)
	        Recheck Cond: ((id >= 8614840) AND (id <= 8615839))
	        ->  Bitmap Index Scan on sbtest6_pkey  (cost=0.00..33.66 rows=922 width=0)
	              Index Cond: ((id >= 8614840) AND (id <= 8615839))

table 7 : explain SELECT SUM(k) FROM sbtest7 WHERE id BETWEEN 1915299 AND 1916298
	Aggregate  (cost=3594.72..3594.73 rows=1 width=8)
	  ->  Bitmap Heap Scan on sbtest7  (cost=33.91..3592.41 rows=924 width=4)
	        Recheck Cond: ((id >= 1915299) AND (id <= 1916298))
	        ->  Bitmap Index Scan on sbtest7_pkey  (cost=0.00..33.68 rows=924 width=0)
	              Index Cond: ((id >= 1915299) AND (id <= 1916298))

table 8 : explain SELECT SUM(k) FROM sbtest8 WHERE id BETWEEN 5712475 AND 5713474
	Aggregate  (cost=4044.58..4044.59 rows=1 width=8)
	  ->  Bitmap Heap Scan on sbtest8  (cost=35.14..4041.97 rows=1044 width=4)
	        Recheck Cond: ((id >= 5712475) AND (id <= 5713474))
	        ->  Bitmap Index Scan on sbtest8_pkey  (cost=0.00..34.88 rows=1044 width=0)
	              Index Cond: ((id >= 5712475) AND (id <= 5713474))

for: distinct_ranges
table 1 : explain SELECT DISTINCT c FROM sbtest1 WHERE id BETWEEN 3577702 AND 3578701 ORDER BY c
	Unique  (cost=3870.53..3875.46 rows=985 width=121)
	  ->  Sort  (cost=3870.53..3872.99 rows=985 width=121)
	        Sort Key: c
	        ->  Bitmap Heap Scan on sbtest1  (cost=34.53..3821.56 rows=985 width=121)
	              Recheck Cond: ((id >= 3577702) AND (id <= 3578701))
	              ->  Bitmap Index Scan on sbtest1_pkey  (cost=0.00..34.29 rows=985 width=0)
	                    Index Cond: ((id >= 3577702) AND (id <= 3578701))

table 2 : explain SELECT DISTINCT c FROM sbtest2 WHERE id BETWEEN 4746877 AND 4747876 ORDER BY c
	Unique  (cost=4092.81..4098.03 rows=1044 width=121)
	  ->  Sort  (cost=4092.81..4095.42 rows=1044 width=121)
	        Sort Key: c
	        ->  Bitmap Heap Scan on sbtest2  (cost=35.14..4040.46 rows=1044 width=121)
	              Recheck Cond: ((id >= 4746877) AND (id <= 4747876))
	              ->  Bitmap Index Scan on sbtest2_pkey  (cost=0.00..34.88 rows=1044 width=0)
	                    Index Cond: ((id >= 4746877) AND (id <= 4747876))

table 3 : explain SELECT DISTINCT c FROM sbtest3 WHERE id BETWEEN 8670636 AND 8671635 ORDER BY c
	Unique  (cost=3934.38..3939.39 rows=1001 width=121)
	  ->  Sort  (cost=3934.38..3936.88 rows=1001 width=121)
	        Sort Key: c
	        ->  Bitmap Heap Scan on sbtest3  (cost=34.70..3884.50 rows=1001 width=121)
	              Recheck Cond: ((id >= 8670636) AND (id <= 8671635))
	              ->  Bitmap Index Scan on sbtest3_pkey  (cost=0.00..34.45 rows=1001 width=0)
	                    Index Cond: ((id >= 8670636) AND (id <= 8671635))

table 4 : explain SELECT DISTINCT c FROM sbtest4 WHERE id BETWEEN 8821834 AND 8822833 ORDER BY c
	Unique  (cost=4057.33..4062.50 rows=1033 width=121)
	  ->  Sort  (cost=4057.33..4059.91 rows=1033 width=121)
	        Sort Key: c
	        ->  Bitmap Heap Scan on sbtest4  (cost=35.02..4005.62 rows=1033 width=121)
	              Recheck Cond: ((id >= 8821834) AND (id <= 8822833))
	              ->  Bitmap Index Scan on sbtest4_pkey  (cost=0.00..34.77 rows=1033 width=0)
	                    Index Cond: ((id >= 8821834) AND (id <= 8822833))

table 5 : explain SELECT DISTINCT c FROM sbtest5 WHERE id BETWEEN 9496613 AND 9497612 ORDER BY c
	Unique  (cost=3849.96..3854.85 rows=979 width=121)
	  ->  Sort  (cost=3849.96..3852.41 rows=979 width=121)
	        Sort Key: c
	        ->  Bitmap Heap Scan on sbtest5  (cost=34.47..3801.33 rows=979 width=121)
	              Recheck Cond: ((id >= 9496613) AND (id <= 9497612))
	              ->  Bitmap Index Scan on sbtest5_pkey  (cost=0.00..34.23 rows=979 width=0)
	                    Index Cond: ((id >= 9496613) AND (id <= 9497612))

table 6 : explain SELECT DISTINCT c FROM sbtest6 WHERE id BETWEEN 4899391 AND 4900390 ORDER BY c
	Unique  (cost=3754.79..3759.56 rows=955 width=121)
	  ->  Sort  (cost=3754.79..3757.18 rows=955 width=121)
	        Sort Key: c
	        ->  Bitmap Heap Scan on sbtest6  (cost=34.22..3707.52 rows=955 width=121)
	              Recheck Cond: ((id >= 4899391) AND (id <= 4900390))
	              ->  Bitmap Index Scan on sbtest6_pkey  (cost=0.00..33.98 rows=955 width=0)
	                    Index Cond: ((id >= 4899391) AND (id <= 4900390))

table 7 : explain SELECT DISTINCT c FROM sbtest7 WHERE id BETWEEN 627778 AND 628777 ORDER BY c
	Unique  (cost=4281.75..4287.21 rows=1092 width=121)
	  ->  Sort  (cost=4281.75..4284.48 rows=1092 width=121)
	        Sort Key: c
	        ->  Bitmap Heap Scan on sbtest7  (cost=35.63..4226.65 rows=1092 width=121)
	              Recheck Cond: ((id >= 627778) AND (id <= 628777))
	              ->  Bitmap Index Scan on sbtest7_pkey  (cost=0.00..35.36 rows=1092 width=0)
	                    Index Cond: ((id >= 627778) AND (id <= 628777))

table 8 : explain SELECT DISTINCT c FROM sbtest8 WHERE id BETWEEN 311335 AND 312334 ORDER BY c
	Unique  (cost=3569.33..3573.87 rows=908 width=121)
	  ->  Sort  (cost=3569.33..3571.60 rows=908 width=121)
	        Sort Key: c
	        ->  Bitmap Heap Scan on sbtest8  (cost=29.74..3524.72 rows=908 width=121)
	              Recheck Cond: ((id >= 311335) AND (id <= 312334))
	              ->  Bitmap Index Scan on sbtest8_pkey  (cost=0.00..29.51 rows=908 width=0)
	                    Index Cond: ((id >= 311335) AND (id <= 312334))

for: order_ranges
table 1 : explain SELECT c FROM sbtest1 WHERE id BETWEEN 2277904 AND 2278903 ORDER BY c
	Sort  (cost=3977.80..3980.33 rows=1013 width=121)
	  Sort Key: c
	  ->  Bitmap Heap Scan on sbtest1  (cost=34.82..3927.23 rows=1013 width=121)
	        Recheck Cond: ((id >= 2277904) AND (id <= 2278903))
	        ->  Bitmap Index Scan on sbtest1_pkey  (cost=0.00..34.57 rows=1013 width=0)
	              Index Cond: ((id >= 2277904) AND (id <= 2278903))

table 2 : explain SELECT c FROM sbtest2 WHERE id BETWEEN 9054482 AND 9055481 ORDER BY c
	Sort  (cost=3886.33..3888.81 rows=990 width=121)
	  Sort Key: c
	  ->  Bitmap Heap Scan on sbtest2  (cost=34.58..3837.07 rows=990 width=121)
	        Recheck Cond: ((id >= 9054482) AND (id <= 9055481))
	        ->  Bitmap Index Scan on sbtest2_pkey  (cost=0.00..34.34 rows=990 width=0)
	              Index Cond: ((id >= 9054482) AND (id <= 9055481))

table 3 : explain SELECT c FROM sbtest3 WHERE id BETWEEN 2856429 AND 2857428 ORDER BY c
	Sort  (cost=3926.71..3929.21 rows=999 width=121)
	  Sort Key: c
	  ->  Bitmap Heap Scan on sbtest3  (cost=34.67..3876.94 rows=999 width=121)
	        Recheck Cond: ((id >= 2856429) AND (id <= 2857428))
	        ->  Bitmap Index Scan on sbtest3_pkey  (cost=0.00..34.43 rows=999 width=0)
	              Index Cond: ((id >= 2856429) AND (id <= 2857428))

table 4 : explain SELECT c FROM sbtest4 WHERE id BETWEEN 7767583 AND 7768582 ORDER BY c
	Sort  (cost=4202.84..4205.51 rows=1071 width=121)
	  Sort Key: c
	  ->  Bitmap Heap Scan on sbtest4  (cost=35.41..4148.94 rows=1071 width=121)
	        Recheck Cond: ((id >= 7767583) AND (id <= 7768582))
	        ->  Bitmap Index Scan on sbtest4_pkey  (cost=0.00..35.15 rows=1071 width=0)
	              Index Cond: ((id >= 7767583) AND (id <= 7768582))

table 5 : explain SELECT c FROM sbtest5 WHERE id BETWEEN 6685368 AND 6686367 ORDER BY c
	Sort  (cost=3488.60..3490.81 rows=886 width=121)
	  Sort Key: c
	  ->  Bitmap Heap Scan on sbtest5  (cost=29.52..3445.22 rows=886 width=121)
	        Recheck Cond: ((id >= 6685368) AND (id <= 6686367))
	        ->  Bitmap Index Scan on sbtest5_pkey  (cost=0.00..29.29 rows=886 width=0)
	              Index Cond: ((id >= 6685368) AND (id <= 6686367))

table 6 : explain SELECT c FROM sbtest6 WHERE id BETWEEN 9062210 AND 9063209 ORDER BY c
	Sort  (cost=3689.58..3691.92 rows=938 width=121)
	  Sort Key: c
	  ->  Bitmap Heap Scan on sbtest6  (cost=34.05..3643.27 rows=938 width=121)
	        Recheck Cond: ((id >= 9062210) AND (id <= 9063209))
	        ->  Bitmap Index Scan on sbtest6_pkey  (cost=0.00..33.82 rows=938 width=0)
	              Index Cond: ((id >= 9062210) AND (id <= 9063209))

table 7 : explain SELECT c FROM sbtest7 WHERE id BETWEEN 7260513 AND 7261512 ORDER BY c
	Sort  (cost=3560.90..3563.17 rows=905 width=121)
	  Sort Key: c
	  ->  Bitmap Heap Scan on sbtest7  (cost=29.71..3516.46 rows=905 width=121)
	        Recheck Cond: ((id >= 7260513) AND (id <= 7261512))
	        ->  Bitmap Index Scan on sbtest7_pkey  (cost=0.00..29.48 rows=905 width=0)
	              Index Cond: ((id >= 7260513) AND (id <= 7261512))

table 8 : explain SELECT c FROM sbtest8 WHERE id BETWEEN 4285052 AND 4286051 ORDER BY c
	Sort  (cost=4109.60..4112.22 rows=1048 width=121)
	  Sort Key: c
	  ->  Bitmap Heap Scan on sbtest8  (cost=35.18..4057.03 rows=1048 width=121)
	        Recheck Cond: ((id >= 4285052) AND (id <= 4286051))
	        ->  Bitmap Index Scan on sbtest8_pkey  (cost=0.00..34.92 rows=1048 width=0)
	              Index Cond: ((id >= 4285052) AND (id <= 4286051))

for: order_ranges
table 1 : explain SELECT c FROM sbtest1 WHERE id BETWEEN 6469032 AND 6470031 ORDER BY c
	Sort  (cost=3935.67..3938.17 rows=1002 width=121)
	  Sort Key: c
	  ->  Bitmap Heap Scan on sbtest1  (cost=34.71..3885.72 rows=1002 width=121)
	        Recheck Cond: ((id >= 6469032) AND (id <= 6470031))
	        ->  Bitmap Index Scan on sbtest1_pkey  (cost=0.00..34.45 rows=1002 width=0)
	              Index Cond: ((id >= 6469032) AND (id <= 6470031))

table 2 : explain SELECT c FROM sbtest2 WHERE id BETWEEN 6296701 AND 6297700 ORDER BY c
	Sort  (cost=3652.66..3654.99 rows=929 width=121)
	  Sort Key: c
	  ->  Bitmap Heap Scan on sbtest2  (cost=33.96..3606.87 rows=929 width=121)
	        Recheck Cond: ((id >= 6296701) AND (id <= 6297700))
	        ->  Bitmap Index Scan on sbtest2_pkey  (cost=0.00..33.73 rows=929 width=0)
	              Index Cond: ((id >= 6296701) AND (id <= 6297700))

table 3 : explain SELECT c FROM sbtest3 WHERE id BETWEEN 4480759 AND 4481758 ORDER BY c
	Sort  (cost=3769.39..3771.79 rows=958 width=121)
	  Sort Key: c
	  ->  Bitmap Heap Scan on sbtest3  (cost=34.25..3721.95 rows=958 width=121)
	        Recheck Cond: ((id >= 4480759) AND (id <= 4481758))
	        ->  Bitmap Index Scan on sbtest3_pkey  (cost=0.00..34.02 rows=958 width=0)
	              Index Cond: ((id >= 4480759) AND (id <= 4481758))

table 4 : explain SELECT c FROM sbtest4 WHERE id BETWEEN 8047448 AND 8048447 ORDER BY c
	Sort  (cost=3857.95..3860.41 rows=981 width=121)
	  Sort Key: c
	  ->  Bitmap Heap Scan on sbtest4  (cost=34.49..3809.21 rows=981 width=121)
	        Recheck Cond: ((id >= 8047448) AND (id <= 8048447))
	        ->  Bitmap Index Scan on sbtest4_pkey  (cost=0.00..34.25 rows=981 width=0)
	              Index Cond: ((id >= 8047448) AND (id <= 8048447))

table 5 : explain SELECT c FROM sbtest5 WHERE id BETWEEN 5109428 AND 5110427 ORDER BY c
	Sort  (cost=3976.52..3979.05 rows=1012 width=121)
	  Sort Key: c
	  ->  Bitmap Heap Scan on sbtest5  (cost=34.81..3926.00 rows=1012 width=121)
	        Recheck Cond: ((id >= 5109428) AND (id <= 5110427))
	        ->  Bitmap Index Scan on sbtest5_pkey  (cost=0.00..34.56 rows=1012 width=0)
	              Index Cond: ((id >= 5109428) AND (id <= 5110427))

table 6 : explain SELECT c FROM sbtest6 WHERE id BETWEEN 4645389 AND 4646388 ORDER BY c
	Sort  (cost=3643.52..3645.84 rows=926 width=121)
	  Sort Key: c
	  ->  Bitmap Heap Scan on sbtest6  (cost=33.93..3597.89 rows=926 width=121)
	        Recheck Cond: ((id >= 4645389) AND (id <= 4646388))
	        ->  Bitmap Index Scan on sbtest6_pkey  (cost=0.00..33.70 rows=926 width=0)
	              Index Cond: ((id >= 4645389) AND (id <= 4646388))

table 7 : explain SELECT c FROM sbtest7 WHERE id BETWEEN 3607347 AND 3608346 ORDER BY c
	Sort  (cost=3929.59..3932.09 rows=1000 width=121)
	  Sort Key: c
	  ->  Bitmap Heap Scan on sbtest7  (cost=34.69..3879.76 rows=1000 width=121)
	        Recheck Cond: ((id >= 3607347) AND (id <= 3608346))
	        ->  Bitmap Index Scan on sbtest7_pkey  (cost=0.00..34.44 rows=1000 width=0)
	              Index Cond: ((id >= 3607347) AND (id <= 3608346))

table 8 : explain SELECT c FROM sbtest8 WHERE id BETWEEN 8319312 AND 8320311 ORDER BY c
	Sort  (cost=4094.31..4096.92 rows=1044 width=121)
	  Sort Key: c
	  ->  Bitmap Heap Scan on sbtest8  (cost=35.14..4041.97 rows=1044 width=121)
	        Recheck Cond: ((id >= 8319312) AND (id <= 8320311))
	        ->  Bitmap Index Scan on sbtest8_pkey  (cost=0.00..34.88 rows=1044 width=0)
	              Index Cond: ((id >= 8319312) AND (id <= 8320311))

for point_selects
table 1 : explain SELECT c FROM sbtest1 WHERE id=1679920
	Index Scan using sbtest1_pkey on sbtest1  (cost=0.43..8.45 rows=1 width=121)
	  Index Cond: (id = 1679920)

table 2 : explain SELECT c FROM sbtest2 WHERE id=5026911
	Index Scan using sbtest2_pkey on sbtest2  (cost=0.43..8.45 rows=1 width=121)
	  Index Cond: (id = 5026911)

table 3 : explain SELECT c FROM sbtest3 WHERE id=1501017
	Index Scan using sbtest3_pkey on sbtest3  (cost=0.43..8.45 rows=1 width=121)
	  Index Cond: (id = 1501017)

table 4 : explain SELECT c FROM sbtest4 WHERE id=8961083
	Index Scan using sbtest4_pkey on sbtest4  (cost=0.43..8.45 rows=1 width=121)
	  Index Cond: (id = 8961083)

table 5 : explain SELECT c FROM sbtest5 WHERE id=4141897
	Index Scan using sbtest5_pkey on sbtest5  (cost=0.43..8.45 rows=1 width=121)
	  Index Cond: (id = 4141897)

table 6 : explain SELECT c FROM sbtest6 WHERE id=118522
	Index Scan using sbtest6_pkey on sbtest6  (cost=0.43..8.45 rows=1 width=121)
	  Index Cond: (id = 118522)

table 7 : explain SELECT c FROM sbtest7 WHERE id=4755439
	Index Scan using sbtest7_pkey on sbtest7  (cost=0.43..8.45 rows=1 width=121)
	  Index Cond: (id = 4755439)

table 8 : explain SELECT c FROM sbtest8 WHERE id=7355987
	Index Scan using sbtest8_pkey on sbtest8  (cost=0.43..8.45 rows=1 width=121)
	  Index Cond: (id = 7355987)

for: order_ranges
table 1 : explain SELECT c FROM sbtest1 WHERE id BETWEEN 8498099 AND 8499098 ORDER BY c
	Sort  (cost=3793.86..3796.27 rows=965 width=121)
	  Sort Key: c
	  ->  Bitmap Heap Scan on sbtest1  (cost=34.33..3746.02 rows=965 width=121)
	        Recheck Cond: ((id >= 8498099) AND (id <= 8499098))
	        ->  Bitmap Index Scan on sbtest1_pkey  (cost=0.00..34.09 rows=965 width=0)
	              Index Cond: ((id >= 8498099) AND (id <= 8499098))

table 2 : explain SELECT c FROM sbtest2 WHERE id BETWEEN 9457690 AND 9458689 ORDER BY c
	Sort  (cost=3414.53..3416.70 rows=868 width=121)
	  Sort Key: c
	  ->  Bitmap Heap Scan on sbtest2  (cost=29.33..3372.16 rows=868 width=121)
	        Recheck Cond: ((id >= 9457690) AND (id <= 9458689))
	        ->  Bitmap Index Scan on sbtest2_pkey  (cost=0.00..29.11 rows=868 width=0)
	              Index Cond: ((id >= 9457690) AND (id <= 9458689))

table 3 : explain SELECT c FROM sbtest3 WHERE id BETWEEN 3811028 AND 3812027 ORDER BY c
	Sort  (cost=4210.17..4212.85 rows=1073 width=121)
	  Sort Key: c
	  ->  Bitmap Heap Scan on sbtest3  (cost=35.43..4156.15 rows=1073 width=121)
	        Recheck Cond: ((id >= 3811028) AND (id <= 3812027))
	        ->  Bitmap Index Scan on sbtest3_pkey  (cost=0.00..35.17 rows=1073 width=0)
	              Index Cond: ((id >= 3811028) AND (id <= 3812027))

table 4 : explain SELECT c FROM sbtest4 WHERE id BETWEEN 429891 AND 430890 ORDER BY c
	Sort  (cost=3592.90..3595.18 rows=912 width=121)
	  Sort Key: c
	  ->  Bitmap Heap Scan on sbtest4  (cost=33.78..3548.06 rows=912 width=121)
	        Recheck Cond: ((id >= 429891) AND (id <= 430890))
	        ->  Bitmap Index Scan on sbtest4_pkey  (cost=0.00..33.56 rows=912 width=0)
	              Index Cond: ((id >= 429891) AND (id <= 430890))

table 5 : explain SELECT c FROM sbtest5 WHERE id BETWEEN 8687667 AND 8688666 ORDER BY c
	Sort  (cost=3968.85..3971.37 rows=1010 width=121)
	  Sort Key: c
	  ->  Bitmap Heap Scan on sbtest5  (cost=34.79..3918.45 rows=1010 width=121)
	        Recheck Cond: ((id >= 8687667) AND (id <= 8688666))
	        ->  Bitmap Index Scan on sbtest5_pkey  (cost=0.00..34.54 rows=1010 width=0)
	              Index Cond: ((id >= 8687667) AND (id <= 8688666))

table 6 : explain SELECT c FROM sbtest6 WHERE id BETWEEN 2169929 AND 2170928 ORDER BY c
	Sort  (cost=4034.43..4037.00 rows=1028 width=121)
	  Sort Key: c
	  ->  Bitmap Heap Scan on sbtest6  (cost=34.97..3983.00 rows=1028 width=121)
	        Recheck Cond: ((id >= 2169929) AND (id <= 2170928))
	        ->  Bitmap Index Scan on sbtest6_pkey  (cost=0.00..34.72 rows=1028 width=0)
	              Index Cond: ((id >= 2169929) AND (id <= 2170928))

table 7 : explain SELECT c FROM sbtest7 WHERE id BETWEEN 4309491 AND 4310490 ORDER BY c
	Sort  (cost=3653.30..3655.62 rows=928 width=121)
	  Sort Key: c
	  ->  Bitmap Heap Scan on sbtest7  (cost=33.95..3607.56 rows=928 width=121)
	        Recheck Cond: ((id >= 4309491) AND (id <= 4310490))
	        ->  Bitmap Index Scan on sbtest7_pkey  (cost=0.00..33.72 rows=928 width=0)
	              Index Cond: ((id >= 4309491) AND (id <= 4310490))

table 8 : explain SELECT c FROM sbtest8 WHERE id BETWEEN 6981844 AND 6982843 ORDER BY c
	Sort  (cost=4380.86..4383.66 rows=1118 width=121)
	  Sort Key: c
	  ->  Bitmap Heap Scan on sbtest8  (cost=39.89..4324.25 rows=1118 width=121)
	        Recheck Cond: ((id >= 6981844) AND (id <= 6982843))
	        ->  Bitmap Index Scan on sbtest8_pkey  (cost=0.00..39.62 rows=1118 width=0)
	              Index Cond: ((id >= 6981844) AND (id <= 6982843))

for: sum_ranges
table 1 : explain SELECT SUM(k) FROM sbtest1 WHERE id BETWEEN 7689003 AND 7690002
	Aggregate  (cost=3963.72..3963.73 rows=1 width=8)
	  ->  Bitmap Heap Scan on sbtest1  (cost=34.91..3961.17 rows=1022 width=4)
	        Recheck Cond: ((id >= 7689003) AND (id <= 7690002))
	        ->  Bitmap Index Scan on sbtest1_pkey  (cost=0.00..34.66 rows=1022 width=0)
	              Index Cond: ((id >= 7689003) AND (id <= 7690002))

table 2 : explain SELECT SUM(k) FROM sbtest2 WHERE id BETWEEN 2407553 AND 2408552
	Aggregate  (cost=4092.01..4092.02 rows=1 width=8)
	  ->  Bitmap Heap Scan on sbtest2  (cost=35.27..4089.37 rows=1057 width=4)
	        Recheck Cond: ((id >= 2407553) AND (id <= 2408552))
	        ->  Bitmap Index Scan on sbtest2_pkey  (cost=0.00..35.01 rows=1057 width=0)
	              Index Cond: ((id >= 2407553) AND (id <= 2408552))

table 3 : explain SELECT SUM(k) FROM sbtest3 WHERE id BETWEEN 5245439 AND 5246438
	Aggregate  (cost=4132.43..4132.44 rows=1 width=8)
	  ->  Bitmap Heap Scan on sbtest3  (cost=35.36..4129.77 rows=1066 width=4)
	        Recheck Cond: ((id >= 5245439) AND (id <= 5246438))
	        ->  Bitmap Index Scan on sbtest3_pkey  (cost=0.00..35.09 rows=1066 width=0)
	              Index Cond: ((id >= 5245439) AND (id <= 5246438))

table 4 : explain SELECT SUM(k) FROM sbtest4 WHERE id BETWEEN 6127798 AND 6128797
	Aggregate  (cost=4272.49..4272.50 rows=1 width=8)
	  ->  Bitmap Heap Scan on sbtest4  (cost=39.73..4269.73 rows=1102 width=4)
	        Recheck Cond: ((id >= 6127798) AND (id <= 6128797))
	        ->  Bitmap Index Scan on sbtest4_pkey  (cost=0.00..39.45 rows=1102 width=0)
	              Index Cond: ((id >= 6127798) AND (id <= 6128797))

table 5 : explain SELECT SUM(k) FROM sbtest5 WHERE id BETWEEN 9938535 AND 9939534
	Aggregate  (cost=3868.06..3868.07 rows=1 width=8)
	  ->  Bitmap Heap Scan on sbtest5  (cost=34.64..3865.57 rows=996 width=4)
	        Recheck Cond: ((id >= 9938535) AND (id <= 9939534))
	        ->  Bitmap Index Scan on sbtest5_pkey  (cost=0.00..34.40 rows=996 width=0)
	              Index Cond: ((id >= 9938535) AND (id <= 9939534))

table 6 : explain SELECT SUM(k) FROM sbtest6 WHERE id BETWEEN 7727093 AND 7728092
	Aggregate  (cost=3966.71..3966.72 rows=1 width=8)
	  ->  Bitmap Heap Scan on sbtest6  (cost=34.92..3964.15 rows=1023 width=4)
	        Recheck Cond: ((id >= 7727093) AND (id <= 7728092))
	        ->  Bitmap Index Scan on sbtest6_pkey  (cost=0.00..34.67 rows=1023 width=0)
	              Index Cond: ((id >= 7727093) AND (id <= 7728092))

table 7 : explain SELECT SUM(k) FROM sbtest7 WHERE id BETWEEN 5040773 AND 5041772
	Aggregate  (cost=3844.47..3844.48 rows=1 width=8)
	  ->  Bitmap Heap Scan on sbtest7  (cost=34.58..3842.00 rows=990 width=4)
	        Recheck Cond: ((id >= 5040773) AND (id <= 5041772))
	        ->  Bitmap Index Scan on sbtest7_pkey  (cost=0.00..34.34 rows=990 width=0)
	              Index Cond: ((id >= 5040773) AND (id <= 5041772))

table 8 : explain SELECT SUM(k) FROM sbtest8 WHERE id BETWEEN 6431323 AND 6432322
	Aggregate  (cost=3950.34..3950.35 rows=1 width=8)
	  ->  Bitmap Heap Scan on sbtest8  (cost=34.88..3947.80 rows=1019 width=4)
	        Recheck Cond: ((id >= 6431323) AND (id <= 6432322))
	        ->  Bitmap Index Scan on sbtest8_pkey  (cost=0.00..34.62 rows=1019 width=0)
	              Index Cond: ((id >= 6431323) AND (id <= 6432322))

for: distinct_ranges
table 1 : explain SELECT DISTINCT c FROM sbtest1 WHERE id BETWEEN 787295 AND 788294 ORDER BY c
	Unique  (cost=4127.05..4132.31 rows=1052 width=121)
	  ->  Sort  (cost=4127.05..4129.68 rows=1052 width=121)
	        Sort Key: c
	        ->  Bitmap Heap Scan on sbtest1  (cost=35.22..4074.24 rows=1052 width=121)
	              Recheck Cond: ((id >= 787295) AND (id <= 788294))
	              ->  Bitmap Index Scan on sbtest1_pkey  (cost=0.00..34.95 rows=1052 width=0)
	                    Index Cond: ((id >= 787295) AND (id <= 788294))

table 2 : explain SELECT DISTINCT c FROM sbtest2 WHERE id BETWEEN 1049891 AND 1050890 ORDER BY c
	Unique  (cost=4138.64..4143.92 rows=1056 width=121)
	  ->  Sort  (cost=4138.64..4141.28 rows=1056 width=121)
	        Sort Key: c
	        ->  Bitmap Heap Scan on sbtest2  (cost=35.26..4085.61 rows=1056 width=121)
	              Recheck Cond: ((id >= 1049891) AND (id <= 1050890))
	              ->  Bitmap Index Scan on sbtest2_pkey  (cost=0.00..35.00 rows=1056 width=0)
	                    Index Cond: ((id >= 1049891) AND (id <= 1050890))

table 3 : explain SELECT DISTINCT c FROM sbtest3 WHERE id BETWEEN 5862674 AND 5863673 ORDER BY c
	Unique  (cost=3934.38..3939.39 rows=1001 width=121)
	  ->  Sort  (cost=3934.38..3936.88 rows=1001 width=121)
	        Sort Key: c
	        ->  Bitmap Heap Scan on sbtest3  (cost=34.70..3884.50 rows=1001 width=121)
	              Recheck Cond: ((id >= 5862674) AND (id <= 5863673))
	              ->  Bitmap Index Scan on sbtest3_pkey  (cost=0.00..34.45 rows=1001 width=0)
	                    Index Cond: ((id >= 5862674) AND (id <= 5863673))

table 4 : explain SELECT DISTINCT c FROM sbtest4 WHERE id BETWEEN 3347739 AND 3348738 ORDER BY c
	Unique  (cost=4149.25..4154.53 rows=1057 width=121)
	  ->  Sort  (cost=4149.25..4151.89 rows=1057 width=121)
	        Sort Key: c
	        ->  Bitmap Heap Scan on sbtest4  (cost=35.27..4096.16 rows=1057 width=121)
	              Recheck Cond: ((id >= 3347739) AND (id <= 3348738))
	              ->  Bitmap Index Scan on sbtest4_pkey  (cost=0.00..35.01 rows=1057 width=0)
	                    Index Cond: ((id >= 3347739) AND (id <= 3348738))

table 5 : explain SELECT DISTINCT c FROM sbtest5 WHERE id BETWEEN 6405553 AND 6406552 ORDER BY c
	Unique  (cost=3895.99..3900.95 rows=991 width=121)
	  ->  Sort  (cost=3895.99..3898.47 rows=991 width=121)
	        Sort Key: c
	        ->  Bitmap Heap Scan on sbtest5  (cost=34.59..3846.68 rows=991 width=121)
	              Recheck Cond: ((id >= 6405553) AND (id <= 6406552))
	              ->  Bitmap Index Scan on sbtest5_pkey  (cost=0.00..34.34 rows=991 width=0)
	                    Index Cond: ((id >= 6405553) AND (id <= 6406552))

table 6 : explain SELECT DISTINCT c FROM sbtest6 WHERE id BETWEEN 4746453 AND 4747452 ORDER BY c
	Unique  (cost=3439.74..3444.11 rows=874 width=121)
	  ->  Sort  (cost=3439.74..3441.93 rows=874 width=121)
	        Sort Key: c
	        ->  Bitmap Heap Scan on sbtest6  (cost=29.39..3397.04 rows=874 width=121)
	              Recheck Cond: ((id >= 4746453) AND (id <= 4747452))
	              ->  Bitmap Index Scan on sbtest6_pkey  (cost=0.00..29.18 rows=874 width=0)
	                    Index Cond: ((id >= 4746453) AND (id <= 4747452))

table 7 : explain SELECT DISTINCT c FROM sbtest7 WHERE id BETWEEN 329605 AND 330604 ORDER BY c
	Unique  (cost=3741.63..3746.38 rows=951 width=121)
	  ->  Sort  (cost=3741.63..3744.00 rows=951 width=121)
	        Sort Key: c
	        ->  Bitmap Heap Scan on sbtest7  (cost=34.18..3694.58 rows=951 width=121)
	              Recheck Cond: ((id >= 329605) AND (id <= 330604))
	              ->  Bitmap Index Scan on sbtest7_pkey  (cost=0.00..33.95 rows=951 width=0)
	                    Index Cond: ((id >= 329605) AND (id <= 330604))

table 8 : explain SELECT DISTINCT c FROM sbtest8 WHERE id BETWEEN 740642 AND 741641 ORDER BY c
	Unique  (cost=3964.28..3969.33 rows=1010 width=121)
	  ->  Sort  (cost=3964.28..3966.80 rows=1010 width=121)
	        Sort Key: c
	        ->  Bitmap Heap Scan on sbtest8  (cost=34.79..3913.88 rows=1010 width=121)
	              Recheck Cond: ((id >= 740642) AND (id <= 741641))
	              ->  Bitmap Index Scan on sbtest8_pkey  (cost=0.00..34.54 rows=1010 width=0)
	                    Index Cond: ((id >= 740642) AND (id <= 741641))

for: distinct_ranges
table 1 : explain SELECT DISTINCT c FROM sbtest1 WHERE id BETWEEN 1902760 AND 1903759 ORDER BY c
	Unique  (cost=3613.48..3618.07 rows=918 width=121)
	  ->  Sort  (cost=3613.48..3615.77 rows=918 width=121)
	        Sort Key: c
	        ->  Bitmap Heap Scan on sbtest1  (cost=33.84..3568.30 rows=918 width=121)
	              Recheck Cond: ((id >= 1902760) AND (id <= 1903759))
	              ->  Bitmap Index Scan on sbtest1_pkey  (cost=0.00..33.62 rows=918 width=0)
	                    Index Cond: ((id >= 1902760) AND (id <= 1903759))

table 2 : explain SELECT DISTINCT c FROM sbtest2 WHERE id BETWEEN 8612239 AND 8613238 ORDER BY c
	Unique  (cost=4237.89..4243.30 rows=1082 width=121)
	  ->  Sort  (cost=4237.89..4240.60 rows=1082 width=121)
	        Sort Key: c
	        ->  Bitmap Heap Scan on sbtest2  (cost=35.53..4183.36 rows=1082 width=121)
	              Recheck Cond: ((id >= 8612239) AND (id <= 8613238))
	              ->  Bitmap Index Scan on sbtest2_pkey  (cost=0.00..35.26 rows=1082 width=0)
	                    Index Cond: ((id >= 8612239) AND (id <= 8613238))

table 3 : explain SELECT DISTINCT c FROM sbtest3 WHERE id BETWEEN 6615735 AND 6616734 ORDER BY c
	Unique  (cost=3976.55..3981.61 rows=1012 width=121)
	  ->  Sort  (cost=3976.55..3979.08 rows=1012 width=121)
	        Sort Key: c
	        ->  Bitmap Heap Scan on sbtest3  (cost=34.81..3926.04 rows=1012 width=121)
	              Recheck Cond: ((id >= 6615735) AND (id <= 6616734))
	              ->  Bitmap Index Scan on sbtest3_pkey  (cost=0.00..34.56 rows=1012 width=0)
	                    Index Cond: ((id >= 6615735) AND (id <= 6616734))

table 4 : explain SELECT DISTINCT c FROM sbtest4 WHERE id BETWEEN 6244271 AND 6245270 ORDER BY c
	Unique  (cost=3681.31..3685.99 rows=935 width=121)
	  ->  Sort  (cost=3681.31..3683.65 rows=935 width=121)
	        Sort Key: c
	        ->  Bitmap Heap Scan on sbtest4  (cost=34.02..3635.18 rows=935 width=121)
	              Recheck Cond: ((id >= 6244271) AND (id <= 6245270))
	              ->  Bitmap Index Scan on sbtest4_pkey  (cost=0.00..33.79 rows=935 width=0)
	                    Index Cond: ((id >= 6244271) AND (id <= 6245270))

table 5 : explain SELECT DISTINCT c FROM sbtest5 WHERE id BETWEEN 5618683 AND 5619682 ORDER BY c
	Unique  (cost=3949.68..3954.71 rows=1005 width=121)
	  ->  Sort  (cost=3949.68..3952.19 rows=1005 width=121)
	        Sort Key: c
	        ->  Bitmap Heap Scan on sbtest5  (cost=34.74..3899.57 rows=1005 width=121)
	              Recheck Cond: ((id >= 5618683) AND (id <= 5619682))
	              ->  Bitmap Index Scan on sbtest5_pkey  (cost=0.00..34.48 rows=1005 width=0)
	                    Index Cond: ((id >= 5618683) AND (id <= 5619682))

table 6 : explain SELECT DISTINCT c FROM sbtest6 WHERE id BETWEEN 6983741 AND 6984740 ORDER BY c
	Unique  (cost=3965.54..3970.59 rows=1010 width=121)
	  ->  Sort  (cost=3965.54..3968.06 rows=1010 width=121)
	        Sort Key: c
	        ->  Bitmap Heap Scan on sbtest6  (cost=34.79..3915.14 rows=1010 width=121)
	              Recheck Cond: ((id >= 6983741) AND (id <= 6984740))
	              ->  Bitmap Index Scan on sbtest6_pkey  (cost=0.00..34.54 rows=1010 width=0)
	                    Index Cond: ((id >= 6983741) AND (id <= 6984740))

table 7 : explain SELECT DISTINCT c FROM sbtest7 WHERE id BETWEEN 9207824 AND 9208823 ORDER BY c
	Unique  (cost=3872.08..3877.01 rows=985 width=121)
	  ->  Sort  (cost=3872.08..3874.55 rows=985 width=121)
	        Sort Key: c
	        ->  Bitmap Heap Scan on sbtest7  (cost=34.53..3823.11 rows=985 width=121)
	              Recheck Cond: ((id >= 9207824) AND (id <= 9208823))
	              ->  Bitmap Index Scan on sbtest7_pkey  (cost=0.00..34.29 rows=985 width=0)
	                    Index Cond: ((id >= 9207824) AND (id <= 9208823))

table 8 : explain SELECT DISTINCT c FROM sbtest8 WHERE id BETWEEN 6040817 AND 6041816 ORDER BY c
	Unique  (cost=3891.55..3896.50 rows=991 width=121)
	  ->  Sort  (cost=3891.55..3894.03 rows=991 width=121)
	        Sort Key: c
	        ->  Bitmap Heap Scan on sbtest8  (cost=34.59..3842.23 rows=991 width=121)
	              Recheck Cond: ((id >= 6040817) AND (id <= 6041816))
	              ->  Bitmap Index Scan on sbtest8_pkey  (cost=0.00..34.34 rows=991 width=0)
	                    Index Cond: ((id >= 6040817) AND (id <= 6041816))

for point_selects
table 1 : explain SELECT c FROM sbtest1 WHERE id=731081
	Index Scan using sbtest1_pkey on sbtest1  (cost=0.43..8.45 rows=1 width=121)
	  Index Cond: (id = 731081)

table 2 : explain SELECT c FROM sbtest2 WHERE id=6307476
	Index Scan using sbtest2_pkey on sbtest2  (cost=0.43..8.45 rows=1 width=121)
	  Index Cond: (id = 6307476)

table 3 : explain SELECT c FROM sbtest3 WHERE id=393142
	Index Scan using sbtest3_pkey on sbtest3  (cost=0.43..8.45 rows=1 width=121)
	  Index Cond: (id = 393142)

table 4 : explain SELECT c FROM sbtest4 WHERE id=2900702
	Index Scan using sbtest4_pkey on sbtest4  (cost=0.43..8.45 rows=1 width=121)
	  Index Cond: (id = 2900702)

table 5 : explain SELECT c FROM sbtest5 WHERE id=1853353
	Index Scan using sbtest5_pkey on sbtest5  (cost=0.43..8.45 rows=1 width=121)
	  Index Cond: (id = 1853353)

table 6 : explain SELECT c FROM sbtest6 WHERE id=1236658
	Index Scan using sbtest6_pkey on sbtest6  (cost=0.43..8.45 rows=1 width=121)
	  Index Cond: (id = 1236658)

table 7 : explain SELECT c FROM sbtest7 WHERE id=4465833
	Index Scan using sbtest7_pkey on sbtest7  (cost=0.43..8.45 rows=1 width=121)
	  Index Cond: (id = 4465833)

table 8 : explain SELECT c FROM sbtest8 WHERE id=6217964
	Index Scan using sbtest8_pkey on sbtest8  (cost=0.43..8.45 rows=1 width=121)
	  Index Cond: (id = 6217964)

for: simple_ranges
table 1 : explain SELECT c FROM sbtest1 WHERE id BETWEEN 2081861 AND 2082860
	Bitmap Heap Scan on sbtest1  (cost=34.31..3738.46 rows=963 width=121)
	  Recheck Cond: ((id >= 2081861) AND (id <= 2082860))
	  ->  Bitmap Index Scan on sbtest1_pkey  (cost=0.00..34.07 rows=963 width=0)
	        Index Cond: ((id >= 2081861) AND (id <= 2082860))

table 2 : explain SELECT c FROM sbtest2 WHERE id BETWEEN 8999505 AND 9000504
	Bitmap Heap Scan on sbtest2  (cost=34.58..3837.07 rows=990 width=121)
	  Recheck Cond: ((id >= 8999505) AND (id <= 9000504))
	  ->  Bitmap Index Scan on sbtest2_pkey  (cost=0.00..34.34 rows=990 width=0)
	        Index Cond: ((id >= 8999505) AND (id <= 9000504))

table 3 : explain SELECT c FROM sbtest3 WHERE id BETWEEN 5092354 AND 5093353
	Bitmap Heap Scan on sbtest3  (cost=34.73..3895.83 rows=1004 width=121)
	  Recheck Cond: ((id >= 5092354) AND (id <= 5093353))
	  ->  Bitmap Index Scan on sbtest3_pkey  (cost=0.00..34.48 rows=1004 width=0)
	        Index Cond: ((id >= 5092354) AND (id <= 5093353))

table 4 : explain SELECT c FROM sbtest4 WHERE id BETWEEN 9093414 AND 9094413
	Bitmap Heap Scan on sbtest4  (cost=34.53..3824.33 rows=985 width=121)
	  Recheck Cond: ((id >= 9093414) AND (id <= 9094413))
	  ->  Bitmap Index Scan on sbtest4_pkey  (cost=0.00..34.29 rows=985 width=0)
	        Index Cond: ((id >= 9093414) AND (id <= 9094413))

table 5 : explain SELECT c FROM sbtest5 WHERE id BETWEEN 3066703 AND 3067702
	Bitmap Heap Scan on sbtest5  (cost=35.42..4152.34 rows=1072 width=121)
	  Recheck Cond: ((id >= 3066703) AND (id <= 3067702))
	  ->  Bitmap Index Scan on sbtest5_pkey  (cost=0.00..35.16 rows=1072 width=0)
	        Index Cond: ((id >= 3066703) AND (id <= 3067702))

table 6 : explain SELECT c FROM sbtest6 WHERE id BETWEEN 4964345 AND 4965344
	Bitmap Heap Scan on sbtest6  (cost=34.16..3684.85 rows=949 width=121)
	  Recheck Cond: ((id >= 4964345) AND (id <= 4965344))
	  ->  Bitmap Index Scan on sbtest6_pkey  (cost=0.00..33.93 rows=949 width=0)
	        Index Cond: ((id >= 4964345) AND (id <= 4965344))

table 7 : explain SELECT c FROM sbtest7 WHERE id BETWEEN 5243057 AND 5244056
	Bitmap Heap Scan on sbtest7  (cost=33.97..3615.13 rows=930 width=121)
	  Recheck Cond: ((id >= 5243057) AND (id <= 5244056))
	  ->  Bitmap Index Scan on sbtest7_pkey  (cost=0.00..33.73 rows=930 width=0)
	        Index Cond: ((id >= 5243057) AND (id <= 5244056))

table 8 : explain SELECT c FROM sbtest8 WHERE id BETWEEN 7019392 AND 7020391
	Bitmap Heap Scan on sbtest8  (cost=39.89..4324.25 rows=1118 width=121)
	  Recheck Cond: ((id >= 7019392) AND (id <= 7020391))
	  ->  Bitmap Index Scan on sbtest8_pkey  (cost=0.00..39.62 rows=1118 width=0)
	        Index Cond: ((id >= 7019392) AND (id <= 7020391))

for: distinct_ranges
table 1 : explain SELECT DISTINCT c FROM sbtest1 WHERE id BETWEEN 4357560 AND 4358559 ORDER BY c
	Unique  (cost=3767.01..3771.80 rows=958 width=121)
	  ->  Sort  (cost=3767.01..3769.40 rows=958 width=121)
	        Sort Key: c
	        ->  Bitmap Heap Scan on sbtest1  (cost=34.25..3719.57 rows=958 width=121)
	              Recheck Cond: ((id >= 4357560) AND (id <= 4358559))
	              ->  Bitmap Index Scan on sbtest1_pkey  (cost=0.00..34.02 rows=958 width=0)
	                    Index Cond: ((id >= 4357560) AND (id <= 4358559))

table 2 : explain SELECT DISTINCT c FROM sbtest2 WHERE id BETWEEN 7648220 AND 7649219 ORDER BY c
	Unique  (cost=3606.64..3611.23 rows=917 width=121)
	  ->  Sort  (cost=3606.64..3608.93 rows=917 width=121)
	        Sort Key: c
	        ->  Bitmap Heap Scan on sbtest2  (cost=33.83..3561.52 rows=917 width=121)
	              Recheck Cond: ((id >= 7648220) AND (id <= 7649219))
	              ->  Bitmap Index Scan on sbtest2_pkey  (cost=0.00..33.61 rows=917 width=0)
	                    Index Cond: ((id >= 7648220) AND (id <= 7649219))

table 3 : explain SELECT DISTINCT c FROM sbtest3 WHERE id BETWEEN 3135498 AND 3136497 ORDER BY c
	Unique  (cost=4099.16..4104.38 rows=1044 width=121)
	  ->  Sort  (cost=4099.16..4101.77 rows=1044 width=121)
	        Sort Key: c
	        ->  Bitmap Heap Scan on sbtest3  (cost=35.14..4046.81 rows=1044 width=121)
	              Recheck Cond: ((id >= 3135498) AND (id <= 3136497))
	              ->  Bitmap Index Scan on sbtest3_pkey  (cost=0.00..34.88 rows=1044 width=0)
	                    Index Cond: ((id >= 3135498) AND (id <= 3136497))

table 4 : explain SELECT DISTINCT c FROM sbtest4 WHERE id BETWEEN 4527638 AND 4528637 ORDER BY c
	Unique  (cost=4026.68..4031.80 rows=1025 width=121)
	  ->  Sort  (cost=4026.68..4029.24 rows=1025 width=121)
	        Sort Key: c
	        ->  Bitmap Heap Scan on sbtest4  (cost=34.94..3975.42 rows=1025 width=121)
	              Recheck Cond: ((id >= 4527638) AND (id <= 4528637))
	              ->  Bitmap Index Scan on sbtest4_pkey  (cost=0.00..34.69 rows=1025 width=0)
	                    Index Cond: ((id >= 4527638) AND (id <= 4528637))

table 5 : explain SELECT DISTINCT c FROM sbtest5 WHERE id BETWEEN 9284651 AND 9285650 ORDER BY c
	Unique  (cost=3926.68..3931.67 rows=999 width=121)
	  ->  Sort  (cost=3926.68..3929.17 rows=999 width=121)
	        Sort Key: c
	        ->  Bitmap Heap Scan on sbtest5  (cost=34.67..3876.90 rows=999 width=121)
	              Recheck Cond: ((id >= 9284651) AND (id <= 9285650))
	              ->  Bitmap Index Scan on sbtest5_pkey  (cost=0.00..34.43 rows=999 width=0)
	                    Index Cond: ((id >= 9284651) AND (id <= 9285650))

table 6 : explain SELECT DISTINCT c FROM sbtest6 WHERE id BETWEEN 6075632 AND 6076631 ORDER BY c
	Unique  (cost=3581.93..3586.48 rows=911 width=121)
	  ->  Sort  (cost=3581.93..3584.21 rows=911 width=121)
	        Sort Key: c
	        ->  Bitmap Heap Scan on sbtest6  (cost=29.77..3537.15 rows=911 width=121)
	              Recheck Cond: ((id >= 6075632) AND (id <= 6076631))
	              ->  Bitmap Index Scan on sbtest6_pkey  (cost=0.00..29.54 rows=911 width=0)
	                    Index Cond: ((id >= 6075632) AND (id <= 6076631))

table 7 : explain SELECT DISTINCT c FROM sbtest7 WHERE id BETWEEN 4615782 AND 4616781 ORDER BY c
	Unique  (cost=4277.93..4283.39 rows=1091 width=121)
	  ->  Sort  (cost=4277.93..4280.66 rows=1091 width=121)
	        Sort Key: c
	        ->  Bitmap Heap Scan on sbtest7  (cost=35.62..4222.88 rows=1091 width=121)
	              Recheck Cond: ((id >= 4615782) AND (id <= 4616781))
	              ->  Bitmap Index Scan on sbtest7_pkey  (cost=0.00..35.34 rows=1091 width=0)
	                    Index Cond: ((id >= 4615782) AND (id <= 4616781))

table 8 : explain SELECT DISTINCT c FROM sbtest8 WHERE id BETWEEN 6581325 AND 6582324 ORDER BY c
	Unique  (cost=3538.62..3543.12 rows=900 width=121)
	  ->  Sort  (cost=3538.62..3540.87 rows=900 width=121)
	        Sort Key: c
	        ->  Bitmap Heap Scan on sbtest8  (cost=29.66..3494.45 rows=900 width=121)
	              Recheck Cond: ((id >= 6581325) AND (id <= 6582324))
	              ->  Bitmap Index Scan on sbtest8_pkey  (cost=0.00..29.43 rows=900 width=0)
	                    Index Cond: ((id >= 6581325) AND (id <= 6582324))

explain: for point_selects :: explain SELECT c FROM sbtest%u WHERE id=%u
explain: for point_selects :: explain SELECT c FROM sbtest%u WHERE id=%u
explain: for point_selects :: explain SELECT c FROM sbtest%u WHERE id=%u
for: order_ranges
table 1 : explain SELECT c FROM sbtest1 WHERE id BETWEEN 8612862 AND 8613861 ORDER BY c
	Sort  (cost=3782.35..3784.76 rows=962 width=121)
	  Sort Key: c
	  ->  Bitmap Heap Scan on sbtest1  (cost=34.30..3734.68 rows=962 width=121)
	        Recheck Cond: ((id >= 8612862) AND (id <= 8613861))
	        ->  Bitmap Index Scan on sbtest1_pkey  (cost=0.00..34.06 rows=962 width=0)
	              Index Cond: ((id >= 8612862) AND (id <= 8613861))

table 2 : explain SELECT c FROM sbtest2 WHERE id BETWEEN 6864272 AND 6865271 ORDER BY c
	Sort  (cost=3844.23..3846.68 rows=979 width=121)
	  Sort Key: c
	  ->  Bitmap Heap Scan on sbtest2  (cost=34.47..3795.60 rows=979 width=121)
	        Recheck Cond: ((id >= 6864272) AND (id <= 6865271))
	        ->  Bitmap Index Scan on sbtest2_pkey  (cost=0.00..34.23 rows=979 width=0)
	              Index Cond: ((id >= 6864272) AND (id <= 6865271))

table 3 : explain SELECT c FROM sbtest3 WHERE id BETWEEN 5362914 AND 5363913 ORDER BY c
	Sort  (cost=4053.20..4055.78 rows=1032 width=121)
	  Sort Key: c
	  ->  Bitmap Heap Scan on sbtest3  (cost=35.01..4001.54 rows=1032 width=121)
	        Recheck Cond: ((id >= 5362914) AND (id <= 5363913))
	        ->  Bitmap Index Scan on sbtest3_pkey  (cost=0.00..34.76 rows=1032 width=0)
	              Index Cond: ((id >= 5362914) AND (id <= 5363913))

table 4 : explain SELECT c FROM sbtest4 WHERE id BETWEEN 2048462 AND 2049461 ORDER BY c
	Sort  (cost=3569.67..3571.94 rows=907 width=121)
	  Sort Key: c
	  ->  Bitmap Heap Scan on sbtest4  (cost=29.73..3525.11 rows=907 width=121)
	        Recheck Cond: ((id >= 2048462) AND (id <= 2049461))
	        ->  Bitmap Index Scan on sbtest4_pkey  (cost=0.00..29.50 rows=907 width=0)
	              Index Cond: ((id >= 2048462) AND (id <= 2049461))

table 5 : explain SELECT c FROM sbtest5 WHERE id BETWEEN 4414582 AND 4415581 ORDER BY c
	Sort  (cost=4519.94..4522.83 rows=1154 width=121)
	  Sort Key: c
	  ->  Bitmap Heap Scan on sbtest5  (cost=40.26..4461.25 rows=1154 width=121)
	        Recheck Cond: ((id >= 4414582) AND (id <= 4415581))
	        ->  Bitmap Index Scan on sbtest5_pkey  (cost=0.00..39.98 rows=1154 width=0)
	              Index Cond: ((id >= 4414582) AND (id <= 4415581))

table 6 : explain SELECT c FROM sbtest6 WHERE id BETWEEN 1179434 AND 1180433 ORDER BY c
	Sort  (cost=3681.90..3684.24 rows=936 width=121)
	  Sort Key: c
	  ->  Bitmap Heap Scan on sbtest6  (cost=34.03..3635.71 rows=936 width=121)
	        Recheck Cond: ((id >= 1179434) AND (id <= 1180433))
	        ->  Bitmap Index Scan on sbtest6_pkey  (cost=0.00..33.80 rows=936 width=0)
	              Index Cond: ((id >= 1179434) AND (id <= 1180433))

table 7 : explain SELECT c FROM sbtest7 WHERE id BETWEEN 5266724 AND 5267723 ORDER BY c
	Sort  (cost=3660.98..3663.31 rows=930 width=121)
	  Sort Key: c
	  ->  Bitmap Heap Scan on sbtest7  (cost=33.97..3615.13 rows=930 width=121)
	        Recheck Cond: ((id >= 5266724) AND (id <= 5267723))
	        ->  Bitmap Index Scan on sbtest7_pkey  (cost=0.00..33.73 rows=930 width=0)
	              Index Cond: ((id >= 5266724) AND (id <= 5267723))

table 8 : explain SELECT c FROM sbtest8 WHERE id BETWEEN 3411251 AND 3412250 ORDER BY c
	Sort  (cost=3738.30..3740.68 rows=951 width=121)
	  Sort Key: c
	  ->  Bitmap Heap Scan on sbtest8  (cost=34.18..3691.26 rows=951 width=121)
	        Recheck Cond: ((id >= 3411251) AND (id <= 3412250))
	        ->  Bitmap Index Scan on sbtest8_pkey  (cost=0.00..33.95 rows=951 width=0)
	              Index Cond: ((id >= 3411251) AND (id <= 3412250))

for: simple_ranges
table 1 : explain SELECT c FROM sbtest1 WHERE id BETWEEN 6721500 AND 6722499
	Bitmap Heap Scan on sbtest1  (cost=33.96..3609.92 rows=929 width=121)
	  Recheck Cond: ((id >= 6721500) AND (id <= 6722499))
	  ->  Bitmap Index Scan on sbtest1_pkey  (cost=0.00..33.73 rows=929 width=0)
	        Index Cond: ((id >= 6721500) AND (id <= 6722499))

table 2 : explain SELECT c FROM sbtest2 WHERE id BETWEEN 141668 AND 142667
	Bitmap Heap Scan on sbtest2  (cost=35.29..4096.89 rows=1059 width=121)
	  Recheck Cond: ((id >= 141668) AND (id <= 142667))
	  ->  Bitmap Index Scan on sbtest2_pkey  (cost=0.00..35.03 rows=1059 width=0)
	        Index Cond: ((id >= 141668) AND (id <= 142667))

table 3 : explain SELECT c FROM sbtest3 WHERE id BETWEEN 7393943 AND 7394942
	Bitmap Heap Scan on sbtest3  (cost=29.63..3486.96 rows=897 width=121)
	  Recheck Cond: ((id >= 7393943) AND (id <= 7394942))
	  ->  Bitmap Index Scan on sbtest3_pkey  (cost=0.00..29.40 rows=897 width=0)
	        Index Cond: ((id >= 7393943) AND (id <= 7394942))

table 4 : explain SELECT c FROM sbtest4 WHERE id BETWEEN 3677255 AND 3678254
	Bitmap Heap Scan on sbtest4  (cost=29.75..3532.69 rows=909 width=121)
	  Recheck Cond: ((id >= 3677255) AND (id <= 3678254))
	  ->  Bitmap Index Scan on sbtest4_pkey  (cost=0.00..29.52 rows=909 width=0)
	        Index Cond: ((id >= 3677255) AND (id <= 3678254))

table 5 : explain SELECT c FROM sbtest5 WHERE id BETWEEN 2705499 AND 2706498
	Bitmap Heap Scan on sbtest5  (cost=29.42..3411.09 rows=877 width=121)
	  Recheck Cond: ((id >= 2705499) AND (id <= 2706498))
	  ->  Bitmap Index Scan on sbtest5_pkey  (cost=0.00..29.20 rows=877 width=0)
	        Index Cond: ((id >= 2705499) AND (id <= 2706498))

table 6 : explain SELECT c FROM sbtest6 WHERE id BETWEEN 1601150 AND 1602149
	Bitmap Heap Scan on sbtest6  (cost=34.39..3767.96 rows=971 width=121)
	  Recheck Cond: ((id >= 1601150) AND (id <= 1602149))
	  ->  Bitmap Index Scan on sbtest6_pkey  (cost=0.00..34.15 rows=971 width=0)
	        Index Cond: ((id >= 1601150) AND (id <= 1602149))

table 7 : explain SELECT c FROM sbtest7 WHERE id BETWEEN 486425 AND 487424
	Bitmap Heap Scan on sbtest7  (cost=35.13..4042.02 rows=1043 width=121)
	  Recheck Cond: ((id >= 486425) AND (id <= 487424))
	  ->  Bitmap Index Scan on sbtest7_pkey  (cost=0.00..34.87 rows=1043 width=0)
	        Index Cond: ((id >= 486425) AND (id <= 487424))

table 8 : explain SELECT c FROM sbtest8 WHERE id BETWEEN 4384776 AND 4385775
	Bitmap Heap Scan on sbtest8  (cost=35.04..4008.07 rows=1035 width=121)
	  Recheck Cond: ((id >= 4384776) AND (id <= 4385775))
	  ->  Bitmap Index Scan on sbtest8_pkey  (cost=0.00..34.79 rows=1035 width=0)
	        Index Cond: ((id >= 4384776) AND (id <= 4385775))

explain: for point_selects :: explain SELECT c FROM sbtest%u WHERE id=%u
for: sum_ranges
table 1 : explain SELECT SUM(k) FROM sbtest1 WHERE id BETWEEN 48978 AND 49977
	Aggregate  (cost=3805.13..3805.14 rows=1 width=8)
	  ->  Bitmap Heap Scan on sbtest1  (cost=34.48..3802.68 rows=980 width=4)
	        Recheck Cond: ((id >= 48978) AND (id <= 49977))
	        ->  Bitmap Index Scan on sbtest1_pkey  (cost=0.00..34.23 rows=980 width=0)
	              Index Cond: ((id >= 48978) AND (id <= 49977))

table 2 : explain SELECT SUM(k) FROM sbtest2 WHERE id BETWEEN 3817766 AND 3818765
	Aggregate  (cost=4238.95..4238.96 rows=1 width=8)
	  ->  Bitmap Heap Scan on sbtest2  (cost=39.66..4236.21 rows=1095 width=4)
	        Recheck Cond: ((id >= 3817766) AND (id <= 3818765))
	        ->  Bitmap Index Scan on sbtest2_pkey  (cost=0.00..39.39 rows=1095 width=0)
	              Index Cond: ((id >= 3817766) AND (id <= 3818765))

table 3 : explain SELECT SUM(k) FROM sbtest3 WHERE id BETWEEN 8448071 AND 8449070
	Aggregate  (cost=4260.85..4260.86 rows=1 width=8)
	  ->  Bitmap Heap Scan on sbtest3  (cost=39.70..4258.10 rows=1099 width=4)
	        Recheck Cond: ((id >= 8448071) AND (id <= 8449070))
	        ->  Bitmap Index Scan on sbtest3_pkey  (cost=0.00..39.43 rows=1099 width=0)
	              Index Cond: ((id >= 8448071) AND (id <= 8449070))

table 4 : explain SELECT SUM(k) FROM sbtest4 WHERE id BETWEEN 3260968 AND 3261967
	Aggregate  (cost=3743.55..3743.56 rows=1 width=8)
	  ->  Bitmap Heap Scan on sbtest4  (cost=34.31..3741.14 rows=963 width=4)
	        Recheck Cond: ((id >= 3260968) AND (id <= 3261967))
	        ->  Bitmap Index Scan on sbtest4_pkey  (cost=0.00..34.07 rows=963 width=0)
	              Index Cond: ((id >= 3260968) AND (id <= 3261967))

table 5 : explain SELECT SUM(k) FROM sbtest5 WHERE id BETWEEN 3347390 AND 3348389
	Aggregate  (cost=3758.37..3758.38 rows=1 width=8)
	  ->  Bitmap Heap Scan on sbtest5  (cost=34.35..3755.96 rows=967 width=4)
	        Recheck Cond: ((id >= 3347390) AND (id <= 3348389))
	        ->  Bitmap Index Scan on sbtest5_pkey  (cost=0.00..34.11 rows=967 width=0)
	              Index Cond: ((id >= 3347390) AND (id <= 3348389))

table 6 : explain SELECT SUM(k) FROM sbtest6 WHERE id BETWEEN 5768150 AND 5769149
	Aggregate  (cost=4471.36..4471.37 rows=1 width=8)
	  ->  Bitmap Heap Scan on sbtest6  (cost=40.29..4468.46 rows=1157 width=4)
	        Recheck Cond: ((id >= 5768150) AND (id <= 5769149))
	        ->  Bitmap Index Scan on sbtest6_pkey  (cost=0.00..40.01 rows=1157 width=0)
	              Index Cond: ((id >= 5768150) AND (id <= 5769149))

table 7 : explain SELECT SUM(k) FROM sbtest7 WHERE id BETWEEN 4152359 AND 4153358
	Aggregate  (cost=3746.15..3746.16 rows=1 width=8)
	  ->  Bitmap Heap Scan on sbtest7  (cost=34.32..3743.74 rows=964 width=4)
	        Recheck Cond: ((id >= 4152359) AND (id <= 4153358))
	        ->  Bitmap Index Scan on sbtest7_pkey  (cost=0.00..34.08 rows=964 width=0)
	              Index Cond: ((id >= 4152359) AND (id <= 4153358))

table 8 : explain SELECT SUM(k) FROM sbtest8 WHERE id BETWEEN 1368219 AND 1369218
	Aggregate  (cost=3791.86..3791.87 rows=1 width=8)
	  ->  Bitmap Heap Scan on sbtest8  (cost=34.45..3789.42 rows=977 width=4)
	        Recheck Cond: ((id >= 1368219) AND (id <= 1369218))
	        ->  Bitmap Index Scan on sbtest8_pkey  (cost=0.00..34.20 rows=977 width=0)
	              Index Cond: ((id >= 1368219) AND (id <= 1369218))

for: order_ranges
table 1 : explain SELECT c FROM sbtest1 WHERE id BETWEEN 2410339 AND 2411338 ORDER BY c
	Sort  (cost=4257.02..4259.74 rows=1086 width=121)
	  Sort Key: c
	  ->  Bitmap Heap Scan on sbtest1  (cost=35.57..4202.26 rows=1086 width=121)
	        Recheck Cond: ((id >= 2410339) AND (id <= 2411338))
	        ->  Bitmap Index Scan on sbtest1_pkey  (cost=0.00..35.30 rows=1086 width=0)
	              Index Cond: ((id >= 2410339) AND (id <= 2411338))

table 2 : explain SELECT c FROM sbtest2 WHERE id BETWEEN 188303 AND 189302 ORDER BY c
	Sort  (cost=4020.20..4022.76 rows=1025 width=121)
	  Sort Key: c
	  ->  Bitmap Heap Scan on sbtest2  (cost=34.94..3968.94 rows=1025 width=121)
	        Recheck Cond: ((id >= 188303) AND (id <= 189302))
	        ->  Bitmap Index Scan on sbtest2_pkey  (cost=0.00..34.69 rows=1025 width=0)
	              Index Cond: ((id >= 188303) AND (id <= 189302))

table 3 : explain SELECT c FROM sbtest3 WHERE id BETWEEN 2706738 AND 2707737 ORDER BY c
	Sort  (cost=3673.36..3675.70 rows=933 width=121)
	  Sort Key: c
	  ->  Bitmap Heap Scan on sbtest3  (cost=34.00..3627.34 rows=933 width=121)
	        Recheck Cond: ((id >= 2706738) AND (id <= 2707737))
	        ->  Bitmap Index Scan on sbtest3_pkey  (cost=0.00..33.77 rows=933 width=0)
	              Index Cond: ((id >= 2706738) AND (id <= 2707737))

table 4 : explain SELECT c FROM sbtest4 WHERE id BETWEEN 1455505 AND 1456504 ORDER BY c
	Sort  (cost=4103.30..4105.91 rows=1045 width=121)
	  Sort Key: c
	  ->  Bitmap Heap Scan on sbtest4  (cost=35.15..4050.90 rows=1045 width=121)
	        Recheck Cond: ((id >= 1455505) AND (id <= 1456504))
	        ->  Bitmap Index Scan on sbtest4_pkey  (cost=0.00..34.89 rows=1045 width=0)
	              Index Cond: ((id >= 1455505) AND (id <= 1456504))

table 5 : explain SELECT c FROM sbtest5 WHERE id BETWEEN 9784629 AND 9785628 ORDER BY c
	Sort  (cost=3915.17..3917.66 rows=996 width=121)
	  Sort Key: c
	  ->  Bitmap Heap Scan on sbtest5  (cost=34.64..3865.57 rows=996 width=121)
	        Recheck Cond: ((id >= 9784629) AND (id <= 9785628))
	        ->  Bitmap Index Scan on sbtest5_pkey  (cost=0.00..34.40 rows=996 width=0)
	              Index Cond: ((id >= 9784629) AND (id <= 9785628))

table 6 : explain SELECT c FROM sbtest6 WHERE id BETWEEN 6019891 AND 6020890 ORDER BY c
	Sort  (cost=3808.47..3810.89 rows=969 width=121)
	  Sort Key: c
	  ->  Bitmap Heap Scan on sbtest6  (cost=34.37..3760.40 rows=969 width=121)
	        Recheck Cond: ((id >= 6019891) AND (id <= 6020890))
	        ->  Bitmap Index Scan on sbtest6_pkey  (cost=0.00..34.12 rows=969 width=0)
	              Index Cond: ((id >= 6019891) AND (id <= 6020890))

table 7 : explain SELECT c FROM sbtest7 WHERE id BETWEEN 3746164 AND 3747163 ORDER BY c
	Sort  (cost=3971.75..3974.28 rows=1011 width=121)
	  Sort Key: c
	  ->  Bitmap Heap Scan on sbtest7  (cost=34.80..3921.29 rows=1011 width=121)
	        Recheck Cond: ((id >= 3746164) AND (id <= 3747163))
	        ->  Bitmap Index Scan on sbtest7_pkey  (cost=0.00..34.55 rows=1011 width=0)
	              Index Cond: ((id >= 3746164) AND (id <= 3747163))

table 8 : explain SELECT c FROM sbtest8 WHERE id BETWEEN 1477371 AND 1478370 ORDER BY c
	Sort  (cost=4109.60..4112.22 rows=1048 width=121)
	  Sort Key: c
	  ->  Bitmap Heap Scan on sbtest8  (cost=35.18..4057.03 rows=1048 width=121)
	        Recheck Cond: ((id >= 1477371) AND (id <= 1478370))
	        ->  Bitmap Index Scan on sbtest8_pkey  (cost=0.00..34.92 rows=1048 width=0)
	              Index Cond: ((id >= 1477371) AND (id <= 1478370))

for: sum_ranges
table 1 : explain SELECT SUM(k) FROM sbtest1 WHERE id BETWEEN 4001339 AND 4002338
	Aggregate  (cost=3574.38..3574.39 rows=1 width=8)
	  ->  Bitmap Heap Scan on sbtest1  (cost=33.85..3572.09 rows=919 width=4)
	        Recheck Cond: ((id >= 4001339) AND (id <= 4002338))
	        ->  Bitmap Index Scan on sbtest1_pkey  (cost=0.00..33.62 rows=919 width=0)
	              Index Cond: ((id >= 4001339) AND (id <= 4002338))

table 2 : explain SELECT SUM(k) FROM sbtest2 WHERE id BETWEEN 8028512 AND 8029511
	Aggregate  (cost=3918.74..3918.75 rows=1 width=8)
	  ->  Bitmap Heap Scan on sbtest2  (cost=34.80..3916.21 rows=1011 width=4)
	        Recheck Cond: ((id >= 8028512) AND (id <= 8029511))
	        ->  Bitmap Index Scan on sbtest2_pkey  (cost=0.00..34.55 rows=1011 width=0)
	              Index Cond: ((id >= 8028512) AND (id <= 8029511))

table 3 : explain SELECT SUM(k) FROM sbtest3 WHERE id BETWEEN 8341659 AND 8342658
	Aggregate  (cost=3709.20..3709.21 rows=1 width=8)
	  ->  Bitmap Heap Scan on sbtest3  (cost=34.21..3706.82 rows=954 width=4)
	        Recheck Cond: ((id >= 8341659) AND (id <= 8342658))
	        ->  Bitmap Index Scan on sbtest3_pkey  (cost=0.00..33.98 rows=954 width=0)
	              Index Cond: ((id >= 8341659) AND (id <= 8342658))

table 4 : explain SELECT SUM(k) FROM sbtest4 WHERE id BETWEEN 179621 AND 180620
	Aggregate  (cost=3959.10..3959.11 rows=1 width=8)
	  ->  Bitmap Heap Scan on sbtest4  (cost=34.89..3956.55 rows=1020 width=4)
	        Recheck Cond: ((id >= 179621) AND (id <= 180620))
	        ->  Bitmap Index Scan on sbtest4_pkey  (cost=0.00..34.64 rows=1020 width=0)
	              Index Cond: ((id >= 179621) AND (id <= 180620))

table 5 : explain SELECT SUM(k) FROM sbtest5 WHERE id BETWEEN 9277721 AND 9278720
	Aggregate  (cost=3879.40..3879.41 rows=1 width=8)
	  ->  Bitmap Heap Scan on sbtest5  (cost=34.67..3876.90 rows=999 width=4)
	        Recheck Cond: ((id >= 9277721) AND (id <= 9278720))
	        ->  Bitmap Index Scan on sbtest5_pkey  (cost=0.00..34.43 rows=999 width=0)
	              Index Cond: ((id >= 9277721) AND (id <= 9278720))

table 6 : explain SELECT SUM(k) FROM sbtest6 WHERE id BETWEEN 4967892 AND 4968891
	Aggregate  (cost=3687.22..3687.23 rows=1 width=8)
	  ->  Bitmap Heap Scan on sbtest6  (cost=34.16..3684.85 rows=949 width=4)
	        Recheck Cond: ((id >= 4967892) AND (id <= 4968891))
	        ->  Bitmap Index Scan on sbtest6_pkey  (cost=0.00..33.93 rows=949 width=0)
	              Index Cond: ((id >= 4967892) AND (id <= 4968891))

table 7 : explain SELECT SUM(k) FROM sbtest7 WHERE id BETWEEN 4165829 AND 4166828
	Aggregate  (cost=3746.15..3746.16 rows=1 width=8)
	  ->  Bitmap Heap Scan on sbtest7  (cost=34.32..3743.74 rows=964 width=4)
	        Recheck Cond: ((id >= 4165829) AND (id <= 4166828))
	        ->  Bitmap Index Scan on sbtest7_pkey  (cost=0.00..34.08 rows=964 width=0)
	              Index Cond: ((id >= 4165829) AND (id <= 4166828))

table 8 : explain SELECT SUM(k) FROM sbtest8 WHERE id BETWEEN 450493 AND 451492
	Aggregate  (cost=3500.49..3500.50 rows=1 width=8)
	  ->  Bitmap Heap Scan on sbtest8  (cost=29.67..3498.24 rows=901 width=4)
	        Recheck Cond: ((id >= 450493) AND (id <= 451492))
	        ->  Bitmap Index Scan on sbtest8_pkey  (cost=0.00..29.44 rows=901 width=0)
	              Index Cond: ((id >= 450493) AND (id <= 451492))

for point_selects
table 1 : explain SELECT c FROM sbtest1 WHERE id=6185285
	Index Scan using sbtest1_pkey on sbtest1  (cost=0.43..8.45 rows=1 width=121)
	  Index Cond: (id = 6185285)

table 2 : explain SELECT c FROM sbtest2 WHERE id=4397829
	Index Scan using sbtest2_pkey on sbtest2  (cost=0.43..8.45 rows=1 width=121)
	  Index Cond: (id = 4397829)

table 3 : explain SELECT c FROM sbtest3 WHERE id=6340495
	Index Scan using sbtest3_pkey on sbtest3  (cost=0.43..8.45 rows=1 width=121)
	  Index Cond: (id = 6340495)

table 4 : explain SELECT c FROM sbtest4 WHERE id=8935375
	Index Scan using sbtest4_pkey on sbtest4  (cost=0.43..8.45 rows=1 width=121)
	  Index Cond: (id = 8935375)

table 5 : explain SELECT c FROM sbtest5 WHERE id=5014131
	Index Scan using sbtest5_pkey on sbtest5  (cost=0.43..8.45 rows=1 width=121)
	  Index Cond: (id = 5014131)

table 6 : explain SELECT c FROM sbtest6 WHERE id=3142450
	Index Scan using sbtest6_pkey on sbtest6  (cost=0.43..8.45 rows=1 width=121)
	  Index Cond: (id = 3142450)

table 7 : explain SELECT c FROM sbtest7 WHERE id=1220751
	Index Scan using sbtest7_pkey on sbtest7  (cost=0.43..8.45 rows=1 width=121)
	  Index Cond: (id = 1220751)

table 8 : explain SELECT c FROM sbtest8 WHERE id=4831391
	Index Scan using sbtest8_pkey on sbtest8  (cost=0.43..8.45 rows=1 width=121)
	  Index Cond: (id = 4831391)

for point_selects
table 1 : explain SELECT c FROM sbtest1 WHERE id=2503525
	Index Scan using sbtest1_pkey on sbtest1  (cost=0.43..8.45 rows=1 width=121)
	  Index Cond: (id = 2503525)

table 2 : explain SELECT c FROM sbtest2 WHERE id=3458836
	Index Scan using sbtest2_pkey on sbtest2  (cost=0.43..8.45 rows=1 width=121)
	  Index Cond: (id = 3458836)

table 3 : explain SELECT c FROM sbtest3 WHERE id=3266085
	Index Scan using sbtest3_pkey on sbtest3  (cost=0.43..8.45 rows=1 width=121)
	  Index Cond: (id = 3266085)

table 4 : explain SELECT c FROM sbtest4 WHERE id=565965
	Index Scan using sbtest4_pkey on sbtest4  (cost=0.43..8.45 rows=1 width=121)
	  Index Cond: (id = 565965)

table 5 : explain SELECT c FROM sbtest5 WHERE id=5829093
	Index Scan using sbtest5_pkey on sbtest5  (cost=0.43..8.45 rows=1 width=121)
	  Index Cond: (id = 5829093)

table 6 : explain SELECT c FROM sbtest6 WHERE id=4305739
	Index Scan using sbtest6_pkey on sbtest6  (cost=0.43..8.45 rows=1 width=121)
	  Index Cond: (id = 4305739)

table 7 : explain SELECT c FROM sbtest7 WHERE id=2957225
	Index Scan using sbtest7_pkey on sbtest7  (cost=0.43..8.45 rows=1 width=121)
	  Index Cond: (id = 2957225)

table 8 : explain SELECT c FROM sbtest8 WHERE id=5560281
	Index Scan using sbtest8_pkey on sbtest8  (cost=0.43..8.45 rows=1 width=121)
	  Index Cond: (id = 5560281)

for point_selects
table 1 : explain SELECT c FROM sbtest1 WHERE id=9395067
	Index Scan using sbtest1_pkey on sbtest1  (cost=0.43..8.45 rows=1 width=121)
	  Index Cond: (id = 9395067)

table 2 : explain SELECT c FROM sbtest2 WHERE id=1669018
	Index Scan using sbtest2_pkey on sbtest2  (cost=0.43..8.45 rows=1 width=121)
	  Index Cond: (id = 1669018)

table 3 : explain SELECT c FROM sbtest3 WHERE id=9298423
	Index Scan using sbtest3_pkey on sbtest3  (cost=0.43..8.45 rows=1 width=121)
	  Index Cond: (id = 9298423)

table 4 : explain SELECT c FROM sbtest4 WHERE id=7650496
	Index Scan using sbtest4_pkey on sbtest4  (cost=0.43..8.45 rows=1 width=121)
	  Index Cond: (id = 7650496)

table 5 : explain SELECT c FROM sbtest5 WHERE id=956839
	Index Scan using sbtest5_pkey on sbtest5  (cost=0.43..8.45 rows=1 width=121)
	  Index Cond: (id = 956839)

table 6 : explain SELECT c FROM sbtest6 WHERE id=5783199
	Index Scan using sbtest6_pkey on sbtest6  (cost=0.43..8.45 rows=1 width=121)
	  Index Cond: (id = 5783199)

table 7 : explain SELECT c FROM sbtest7 WHERE id=903550
	Index Scan using sbtest7_pkey on sbtest7  (cost=0.43..8.45 rows=1 width=121)
	  Index Cond: (id = 903550)

table 8 : explain SELECT c FROM sbtest8 WHERE id=6665217
	Index Scan using sbtest8_pkey on sbtest8  (cost=0.43..8.45 rows=1 width=121)
	  Index Cond: (id = 6665217)

for: order_ranges
table 1 : explain SELECT c FROM sbtest1 WHERE id BETWEEN 7965880 AND 7966879 ORDER BY c
	Sort  (cost=3843.70..3846.15 rows=978 width=121)
	  Sort Key: c
	  ->  Bitmap Heap Scan on sbtest1  (cost=34.46..3795.12 rows=978 width=121)
	        Recheck Cond: ((id >= 7965880) AND (id <= 7966879))
	        ->  Bitmap Index Scan on sbtest1_pkey  (cost=0.00..34.22 rows=978 width=0)
	              Index Cond: ((id >= 7965880) AND (id <= 7966879))

table 2 : explain SELECT c FROM sbtest2 WHERE id BETWEEN 569544 AND 570543 ORDER BY c
	Sort  (cost=3717.83..3720.19 rows=946 width=121)
	  Sort Key: c
	  ->  Bitmap Heap Scan on sbtest2  (cost=34.13..3671.07 rows=946 width=121)
	        Recheck Cond: ((id >= 569544) AND (id <= 570543))
	        ->  Bitmap Index Scan on sbtest2_pkey  (cost=0.00..33.90 rows=946 width=0)
	              Index Cond: ((id >= 569544) AND (id <= 570543))

table 3 : explain SELECT c FROM sbtest3 WHERE id BETWEEN 2255038 AND 2256037 ORDER BY c
	Sort  (cost=4298.31..4301.05 rows=1095 width=121)
	  Sort Key: c
	  ->  Bitmap Heap Scan on sbtest3  (cost=39.66..4243.04 rows=1095 width=121)
	        Recheck Cond: ((id >= 2255038) AND (id <= 2256037))
	        ->  Bitmap Index Scan on sbtest3_pkey  (cost=0.00..39.39 rows=1095 width=0)
	              Index Cond: ((id >= 2255038) AND (id <= 2256037))

table 4 : explain SELECT c FROM sbtest4 WHERE id BETWEEN 8551874 AND 8552873 ORDER BY c
	Sort  (cost=3896.32..3898.80 rows=991 width=121)
	  Sort Key: c
	  ->  Bitmap Heap Scan on sbtest4  (cost=34.59..3847.00 rows=991 width=121)
	        Recheck Cond: ((id >= 8551874) AND (id <= 8552873))
	        ->  Bitmap Index Scan on sbtest4_pkey  (cost=0.00..34.34 rows=991 width=0)
	              Index Cond: ((id >= 8551874) AND (id <= 8552873))

table 5 : explain SELECT c FROM sbtest5 WHERE id BETWEEN 5602067 AND 5603066 ORDER BY c
	Sort  (cost=3949.68..3952.19 rows=1005 width=121)
	  Sort Key: c
	  ->  Bitmap Heap Scan on sbtest5  (cost=34.74..3899.57 rows=1005 width=121)
	        Recheck Cond: ((id >= 5602067) AND (id <= 5603066))
	        ->  Bitmap Index Scan on sbtest5_pkey  (cost=0.00..34.48 rows=1005 width=0)
	              Index Cond: ((id >= 5602067) AND (id <= 5603066))

table 6 : explain SELECT c FROM sbtest6 WHERE id BETWEEN 4455201 AND 4456200 ORDER BY c
	Sort  (cost=3827.63..3830.07 rows=974 width=121)
	  Sort Key: c
	  ->  Bitmap Heap Scan on sbtest6  (cost=34.42..3779.29 rows=974 width=121)
	        Recheck Cond: ((id >= 4455201) AND (id <= 4456200))
	        ->  Bitmap Index Scan on sbtest6_pkey  (cost=0.00..34.18 rows=974 width=0)
	              Index Cond: ((id >= 4455201) AND (id <= 4456200))

table 7 : explain SELECT c FROM sbtest7 WHERE id BETWEEN 4002328 AND 4003327 ORDER BY c
	Sort  (cost=3849.07..3851.52 rows=979 width=121)
	  Sort Key: c
	  ->  Bitmap Heap Scan on sbtest7  (cost=34.47..3800.44 rows=979 width=121)
	        Recheck Cond: ((id >= 4002328) AND (id <= 4003327))
	        ->  Bitmap Index Scan on sbtest7_pkey  (cost=0.00..34.23 rows=979 width=0)
	              Index Cond: ((id >= 4002328) AND (id <= 4003327))

table 8 : explain SELECT c FROM sbtest8 WHERE id BETWEEN 1226284 AND 1227283 ORDER BY c
	Sort  (cost=3742.13..3744.51 rows=952 width=121)
	  Sort Key: c
	  ->  Bitmap Heap Scan on sbtest8  (cost=34.19..3695.03 rows=952 width=121)
	        Recheck Cond: ((id >= 1226284) AND (id <= 1227283))
	        ->  Bitmap Index Scan on sbtest8_pkey  (cost=0.00..33.95 rows=952 width=0)
	              Index Cond: ((id >= 1226284) AND (id <= 1227283))

for point_selects
table 1 : explain SELECT c FROM sbtest1 WHERE id=5377760
	Index Scan using sbtest1_pkey on sbtest1  (cost=0.43..8.45 rows=1 width=121)
	  Index Cond: (id = 5377760)

table 2 : explain SELECT c FROM sbtest2 WHERE id=4326958
	Index Scan using sbtest2_pkey on sbtest2  (cost=0.43..8.45 rows=1 width=121)
	  Index Cond: (id = 4326958)

table 3 : explain SELECT c FROM sbtest3 WHERE id=6390141
	Index Scan using sbtest3_pkey on sbtest3  (cost=0.43..8.45 rows=1 width=121)
	  Index Cond: (id = 6390141)

table 4 : explain SELECT c FROM sbtest4 WHERE id=212634
	Index Scan using sbtest4_pkey on sbtest4  (cost=0.43..8.45 rows=1 width=121)
	  Index Cond: (id = 212634)

table 5 : explain SELECT c FROM sbtest5 WHERE id=3798756
	Index Scan using sbtest5_pkey on sbtest5  (cost=0.43..8.45 rows=1 width=121)
	  Index Cond: (id = 3798756)

table 6 : explain SELECT c FROM sbtest6 WHERE id=5748407
	Index Scan using sbtest6_pkey on sbtest6  (cost=0.43..8.45 rows=1 width=121)
	  Index Cond: (id = 5748407)

table 7 : explain SELECT c FROM sbtest7 WHERE id=9229415
	Index Scan using sbtest7_pkey on sbtest7  (cost=0.43..8.45 rows=1 width=121)
	  Index Cond: (id = 9229415)

table 8 : explain SELECT c FROM sbtest8 WHERE id=1383758
	Index Scan using sbtest8_pkey on sbtest8  (cost=0.43..8.45 rows=1 width=121)
	  Index Cond: (id = 1383758)

explain: for point_selects :: explain SELECT c FROM sbtest%u WHERE id=%u
for: distinct_ranges
table 1 : explain SELECT DISTINCT c FROM sbtest1 WHERE id BETWEEN 483160 AND 484159 ORDER BY c
	Unique  (cost=3996.94..4002.03 rows=1018 width=121)
	  ->  Sort  (cost=3996.94..3999.49 rows=1018 width=121)
	        Sort Key: c
	        ->  Bitmap Heap Scan on sbtest1  (cost=34.87..3946.08 rows=1018 width=121)
	              Recheck Cond: ((id >= 483160) AND (id <= 484159))
	              ->  Bitmap Index Scan on sbtest1_pkey  (cost=0.00..34.62 rows=1018 width=0)
	                    Index Cond: ((id >= 483160) AND (id <= 484159))

table 2 : explain SELECT DISTINCT c FROM sbtest2 WHERE id BETWEEN 4359683 AND 4360682 ORDER BY c
	Unique  (cost=4001.08..4006.18 rows=1020 width=121)
	  ->  Sort  (cost=4001.08..4003.63 rows=1020 width=121)
	        Sort Key: c
	        ->  Bitmap Heap Scan on sbtest2  (cost=34.89..3950.11 rows=1020 width=121)
	              Recheck Cond: ((id >= 4359683) AND (id <= 4360682))
	              ->  Bitmap Index Scan on sbtest2_pkey  (cost=0.00..34.64 rows=1020 width=0)
	                    Index Cond: ((id >= 4359683) AND (id <= 4360682))

table 3 : explain SELECT DISTINCT c FROM sbtest3 WHERE id BETWEEN 3546188 AND 3547187 ORDER BY c
	Unique  (cost=3930.55..3935.55 rows=1000 width=121)
	  ->  Sort  (cost=3930.55..3933.05 rows=1000 width=121)
	        Sort Key: c
	        ->  Bitmap Heap Scan on sbtest3  (cost=34.69..3880.72 rows=1000 width=121)
	              Recheck Cond: ((id >= 3546188) AND (id <= 3547187))
	              ->  Bitmap Index Scan on sbtest3_pkey  (cost=0.00..34.44 rows=1000 width=0)
	                    Index Cond: ((id >= 3546188) AND (id <= 3547187))

table 4 : explain SELECT DISTINCT c FROM sbtest4 WHERE id BETWEEN 3032837 AND 3033836 ORDER BY c
	Unique  (cost=3519.66..3524.13 rows=894 width=121)
	  ->  Sort  (cost=3519.66..3521.89 rows=894 width=121)
	        Sort Key: c
	        ->  Bitmap Heap Scan on sbtest4  (cost=29.60..3475.84 rows=894 width=121)
	              Recheck Cond: ((id >= 3032837) AND (id <= 3033836))
	              ->  Bitmap Index Scan on sbtest4_pkey  (cost=0.00..29.37 rows=894 width=0)
	                    Index Cond: ((id >= 3032837) AND (id <= 3033836))

table 5 : explain SELECT DISTINCT c FROM sbtest5 WHERE id BETWEEN 9162505 AND 9163504 ORDER BY c
	Unique  (cost=3926.68..3931.67 rows=999 width=121)
	  ->  Sort  (cost=3926.68..3929.17 rows=999 width=121)
	        Sort Key: c
	        ->  Bitmap Heap Scan on sbtest5  (cost=34.67..3876.90 rows=999 width=121)
	              Recheck Cond: ((id >= 9162505) AND (id <= 9163504))
	              ->  Bitmap Index Scan on sbtest5_pkey  (cost=0.00..34.43 rows=999 width=0)
	                    Index Cond: ((id >= 9162505) AND (id <= 9163504))

table 6 : explain SELECT DISTINCT c FROM sbtest6 WHERE id BETWEEN 2442911 AND 2443910 ORDER BY c
	Unique  (cost=3915.76..3920.74 rows=997 width=121)
	  ->  Sort  (cost=3915.76..3918.25 rows=997 width=121)
	        Sort Key: c
	        ->  Bitmap Heap Scan on sbtest6  (cost=34.65..3866.10 rows=997 width=121)
	              Recheck Cond: ((id >= 2442911) AND (id <= 2443910))
	              ->  Bitmap Index Scan on sbtest6_pkey  (cost=0.00..34.41 rows=997 width=0)
	                    Index Cond: ((id >= 2442911) AND (id <= 2443910))

table 7 : explain SELECT DISTINCT c FROM sbtest7 WHERE id BETWEEN 7338217 AND 7339216 ORDER BY c
	Unique  (cost=4052.19..4057.35 rows=1032 width=121)
	  ->  Sort  (cost=4052.19..4054.77 rows=1032 width=121)
	        Sort Key: c
	        ->  Bitmap Heap Scan on sbtest7  (cost=35.01..4000.54 rows=1032 width=121)
	              Recheck Cond: ((id >= 7338217) AND (id <= 7339216))
	              ->  Bitmap Index Scan on sbtest7_pkey  (cost=0.00..34.76 rows=1032 width=0)
	                    Index Cond: ((id >= 7338217) AND (id <= 7339216))

table 8 : explain SELECT DISTINCT c FROM sbtest8 WHERE id BETWEEN 7100374 AND 7101373 ORDER BY c
	Unique  (cost=3650.09..3654.73 rows=928 width=121)
	  ->  Sort  (cost=3650.09..3652.41 rows=928 width=121)
	        Sort Key: c
	        ->  Bitmap Heap Scan on sbtest8  (cost=33.95..3604.35 rows=928 width=121)
	              Recheck Cond: ((id >= 7100374) AND (id <= 7101373))
	              ->  Bitmap Index Scan on sbtest8_pkey  (cost=0.00..33.72 rows=928 width=0)
	                    Index Cond: ((id >= 7100374) AND (id <= 7101373))

explain: for point_selects :: explain SELECT c FROM sbtest%u WHERE id=%u
for: simple_ranges
table 1 : explain SELECT c FROM sbtest1 WHERE id BETWEEN 8847473 AND 8848472
	Bitmap Heap Scan on sbtest1  (cost=34.56..3832.88 rows=988 width=121)
	  Recheck Cond: ((id >= 8847473) AND (id <= 8848472))
	  ->  Bitmap Index Scan on sbtest1_pkey  (cost=0.00..34.32 rows=988 width=0)
	        Index Cond: ((id >= 8847473) AND (id <= 8848472))

table 2 : explain SELECT c FROM sbtest2 WHERE id BETWEEN 7627810 AND 7628809
	Bitmap Heap Scan on sbtest2  (cost=33.83..3561.52 rows=917 width=121)
	  Recheck Cond: ((id >= 7627810) AND (id <= 7628809))
	  ->  Bitmap Index Scan on sbtest2_pkey  (cost=0.00..33.61 rows=917 width=0)
	        Index Cond: ((id >= 7627810) AND (id <= 7628809))

table 3 : explain SELECT c FROM sbtest3 WHERE id BETWEEN 832907 AND 833906
	Bitmap Heap Scan on sbtest3  (cost=34.36..3759.77 rows=968 width=121)
	  Recheck Cond: ((id >= 832907) AND (id <= 833906))
	  ->  Bitmap Index Scan on sbtest3_pkey  (cost=0.00..34.12 rows=968 width=0)
	        Index Cond: ((id >= 832907) AND (id <= 833906))

table 4 : explain SELECT c FROM sbtest4 WHERE id BETWEEN 2700494 AND 2701493
	Bitmap Heap Scan on sbtest4  (cost=34.28..3729.79 rows=960 width=121)
	  Recheck Cond: ((id >= 2700494) AND (id <= 2701493))
	  ->  Bitmap Index Scan on sbtest4_pkey  (cost=0.00..34.04 rows=960 width=0)
	        Index Cond: ((id >= 2700494) AND (id <= 2701493))

table 5 : explain SELECT c FROM sbtest5 WHERE id BETWEEN 3716125 AND 3717124
	Bitmap Heap Scan on sbtest5  (cost=40.62..4592.75 rows=1189 width=121)
	  Recheck Cond: ((id >= 3716125) AND (id <= 3717124))
	  ->  Bitmap Index Scan on sbtest5_pkey  (cost=0.00..40.33 rows=1189 width=0)
	        Index Cond: ((id >= 3716125) AND (id <= 3717124))

table 6 : explain SELECT c FROM sbtest6 WHERE id BETWEEN 2325260 AND 2326259
	Bitmap Heap Scan on sbtest6  (cost=34.07..3650.83 rows=940 width=121)
	  Recheck Cond: ((id >= 2325260) AND (id <= 2326259))
	  ->  Bitmap Index Scan on sbtest6_pkey  (cost=0.00..33.84 rows=940 width=0)
	        Index Cond: ((id >= 2325260) AND (id <= 2326259))

table 7 : explain SELECT c FROM sbtest7 WHERE id BETWEEN 7482593 AND 7483592
	Bitmap Heap Scan on sbtest7  (cost=34.83..3932.62 rows=1014 width=121)
	  Recheck Cond: ((id >= 7482593) AND (id <= 7483592))
	  ->  Bitmap Index Scan on sbtest7_pkey  (cost=0.00..34.58 rows=1014 width=0)
	        Index Cond: ((id >= 7482593) AND (id <= 7483592))

table 8 : explain SELECT c FROM sbtest8 WHERE id BETWEEN 5905618 AND 5906617
	Bitmap Heap Scan on sbtest8  (cost=34.52..3815.83 rows=984 width=121)
	  Recheck Cond: ((id >= 5905618) AND (id <= 5906617))
	  ->  Bitmap Index Scan on sbtest8_pkey  (cost=0.00..34.28 rows=984 width=0)
	        Index Cond: ((id >= 5905618) AND (id <= 5906617))

for: simple_ranges
table 1 : explain SELECT c FROM sbtest1 WHERE id BETWEEN 7733457 AND 7734456
	Bitmap Heap Scan on sbtest1  (cost=34.26..3723.35 rows=959 width=121)
	  Recheck Cond: ((id >= 7733457) AND (id <= 7734456))
	  ->  Bitmap Index Scan on sbtest1_pkey  (cost=0.00..34.03 rows=959 width=0)
	        Index Cond: ((id >= 7733457) AND (id <= 7734456))

table 2 : explain SELECT c FROM sbtest2 WHERE id BETWEEN 3722825 AND 3723824
	Bitmap Heap Scan on sbtest2  (cost=34.97..3980.24 rows=1028 width=121)
	  Recheck Cond: ((id >= 3722825) AND (id <= 3723824))
	  ->  Bitmap Index Scan on sbtest2_pkey  (cost=0.00..34.72 rows=1028 width=0)
	        Index Cond: ((id >= 3722825) AND (id <= 3723824))

table 3 : explain SELECT c FROM sbtest3 WHERE id BETWEEN 3951471 AND 3952470
	Bitmap Heap Scan on sbtest3  (cost=34.51..3816.48 rows=983 width=121)
	  Recheck Cond: ((id >= 3951471) AND (id <= 3952470))
	  ->  Bitmap Index Scan on sbtest3_pkey  (cost=0.00..34.27 rows=983 width=0)
	        Index Cond: ((id >= 3951471) AND (id <= 3952470))

table 4 : explain SELECT c FROM sbtest4 WHERE id BETWEEN 1503731 AND 1504730
	Bitmap Heap Scan on sbtest4  (cost=33.91..3593.52 rows=924 width=121)
	  Recheck Cond: ((id >= 1503731) AND (id <= 1504730))
	  ->  Bitmap Index Scan on sbtest4_pkey  (cost=0.00..33.68 rows=924 width=0)
	        Index Cond: ((id >= 1503731) AND (id <= 1504730))

table 5 : explain SELECT c FROM sbtest5 WHERE id BETWEEN 3583575 AND 3584574
	Bitmap Heap Scan on sbtest5  (cost=35.32..4114.65 rows=1062 width=121)
	  Recheck Cond: ((id >= 3583575) AND (id <= 3584574))
	  ->  Bitmap Index Scan on sbtest5_pkey  (cost=0.00..35.06 rows=1062 width=0)
	        Index Cond: ((id >= 3583575) AND (id <= 3584574))

table 6 : explain SELECT c FROM sbtest6 WHERE id BETWEEN 2817831 AND 2818830
	Bitmap Heap Scan on sbtest6  (cost=34.39..3767.96 rows=971 width=121)
	  Recheck Cond: ((id >= 2817831) AND (id <= 2818830))
	  ->  Bitmap Index Scan on sbtest6_pkey  (cost=0.00..34.15 rows=971 width=0)
	        Index Cond: ((id >= 2817831) AND (id <= 2818830))

table 7 : explain SELECT c FROM sbtest7 WHERE id BETWEEN 5114877 AND 5115876
	Bitmap Heap Scan on sbtest7  (cost=34.62..3857.11 rows=994 width=121)
	  Recheck Cond: ((id >= 5114877) AND (id <= 5115876))
	  ->  Bitmap Index Scan on sbtest7_pkey  (cost=0.00..34.38 rows=994 width=0)
	        Index Cond: ((id >= 5114877) AND (id <= 5115876))

table 8 : explain SELECT c FROM sbtest8 WHERE id BETWEEN 2189389 AND 2190388
	Bitmap Heap Scan on sbtest8  (cost=35.43..4151.10 rows=1073 width=121)
	  Recheck Cond: ((id >= 2189389) AND (id <= 2190388))
	  ->  Bitmap Index Scan on sbtest8_pkey  (cost=0.00..35.17 rows=1073 width=0)
	        Index Cond: ((id >= 2189389) AND (id <= 2190388))

for: simple_ranges
table 1 : explain SELECT c FROM sbtest1 WHERE id BETWEEN 6643958 AND 6644957
	Bitmap Heap Scan on sbtest1  (cost=33.96..3609.92 rows=929 width=121)
	  Recheck Cond: ((id >= 6643958) AND (id <= 6644957))
	  ->  Bitmap Index Scan on sbtest1_pkey  (cost=0.00..33.73 rows=929 width=0)
	        Index Cond: ((id >= 6643958) AND (id <= 6644957))

table 2 : explain SELECT c FROM sbtest2 WHERE id BETWEEN 6937907 AND 6938906
	Bitmap Heap Scan on sbtest2  (cost=35.17..4051.75 rows=1047 width=121)
	  Recheck Cond: ((id >= 6937907) AND (id <= 6938906))
	  ->  Bitmap Index Scan on sbtest2_pkey  (cost=0.00..34.91 rows=1047 width=0)
	        Index Cond: ((id >= 6937907) AND (id <= 6938906))

table 3 : explain SELECT c FROM sbtest3 WHERE id BETWEEN 3302470 AND 3303469
	Bitmap Heap Scan on sbtest3  (cost=35.27..4095.84 rows=1057 width=121)
	  Recheck Cond: ((id >= 3302470) AND (id <= 3303469))
	  ->  Bitmap Index Scan on sbtest3_pkey  (cost=0.00..35.01 rows=1057 width=0)
	        Index Cond: ((id >= 3302470) AND (id <= 3303469))

table 4 : explain SELECT c FROM sbtest4 WHERE id BETWEEN 5873082 AND 5874081
	Bitmap Heap Scan on sbtest4  (cost=35.29..4103.70 rows=1059 width=121)
	  Recheck Cond: ((id >= 5873082) AND (id <= 5874081))
	  ->  Bitmap Index Scan on sbtest4_pkey  (cost=0.00..35.03 rows=1059 width=0)
	        Index Cond: ((id >= 5873082) AND (id <= 5874081))

table 5 : explain SELECT c FROM sbtest5 WHERE id BETWEEN 1181806 AND 1182805
	Bitmap Heap Scan on sbtest5  (cost=34.99..3993.95 rows=1030 width=121)
	  Recheck Cond: ((id >= 1181806) AND (id <= 1182805))
	  ->  Bitmap Index Scan on sbtest5_pkey  (cost=0.00..34.73 rows=1030 width=0)
	        Index Cond: ((id >= 1181806) AND (id <= 1182805))

table 6 : explain SELECT c FROM sbtest6 WHERE id BETWEEN 9300179 AND 9301178
	Bitmap Heap Scan on sbtest6  (cost=34.74..3896.28 rows=1005 width=121)
	  Recheck Cond: ((id >= 9300179) AND (id <= 9301178))
	  ->  Bitmap Index Scan on sbtest6_pkey  (cost=0.00..34.48 rows=1005 width=0)
	        Index Cond: ((id >= 9300179) AND (id <= 9301178))

table 7 : explain SELECT c FROM sbtest7 WHERE id BETWEEN 7498613 AND 7499612
	Bitmap Heap Scan on sbtest7  (cost=35.06..4019.40 rows=1037 width=121)
	  Recheck Cond: ((id >= 7498613) AND (id <= 7499612))
	  ->  Bitmap Index Scan on sbtest7_pkey  (cost=0.00..34.81 rows=1037 width=0)
	        Index Cond: ((id >= 7498613) AND (id <= 7499612))

table 8 : explain SELECT c FROM sbtest8 WHERE id BETWEEN 7140993 AND 7141992
	Bitmap Heap Scan on sbtest8  (cost=33.95..3604.35 rows=928 width=121)
	  Recheck Cond: ((id >= 7140993) AND (id <= 7141992))
	  ->  Bitmap Index Scan on sbtest8_pkey  (cost=0.00..33.72 rows=928 width=0)
	        Index Cond: ((id >= 7140993) AND (id <= 7141992))

for: order_ranges
table 1 : explain SELECT c FROM sbtest1 WHERE id BETWEEN 81634 AND 82633 ORDER BY c
	Sort  (cost=3851.37..3853.82 rows=980 width=121)
	  Sort Key: c
	  ->  Bitmap Heap Scan on sbtest1  (cost=34.48..3802.68 rows=980 width=121)
	        Recheck Cond: ((id >= 81634) AND (id <= 82633))
	        ->  Bitmap Index Scan on sbtest1_pkey  (cost=0.00..34.23 rows=980 width=0)
	              Index Cond: ((id >= 81634) AND (id <= 82633))

table 2 : explain SELECT c FROM sbtest2 WHERE id BETWEEN 7646391 AND 7647390 ORDER BY c
	Sort  (cost=3606.64..3608.93 rows=917 width=121)
	  Sort Key: c
	  ->  Bitmap Heap Scan on sbtest2  (cost=33.83..3561.52 rows=917 width=121)
	        Recheck Cond: ((id >= 7646391) AND (id <= 7647390))
	        ->  Bitmap Index Scan on sbtest2_pkey  (cost=0.00..33.61 rows=917 width=0)
	              Index Cond: ((id >= 7646391) AND (id <= 7647390))

table 3 : explain SELECT c FROM sbtest3 WHERE id BETWEEN 5928045 AND 5929044 ORDER BY c
	Sort  (cost=3873.02..3875.48 rows=985 width=121)
	  Sort Key: c
	  ->  Bitmap Heap Scan on sbtest3  (cost=34.53..3824.04 rows=985 width=121)
	        Recheck Cond: ((id >= 5928045) AND (id <= 5929044))
	        ->  Bitmap Index Scan on sbtest3_pkey  (cost=0.00..34.29 rows=985 width=0)
	              Index Cond: ((id >= 5928045) AND (id <= 5929044))

table 4 : explain SELECT c FROM sbtest4 WHERE id BETWEEN 1696875 AND 1697874 ORDER BY c
	Sort  (cost=3604.43..3606.72 rows=915 width=121)
	  Sort Key: c
	  ->  Bitmap Heap Scan on sbtest4  (cost=33.81..3559.43 rows=915 width=121)
	        Recheck Cond: ((id >= 1696875) AND (id <= 1697874))
	        ->  Bitmap Index Scan on sbtest4_pkey  (cost=0.00..33.59 rows=915 width=0)
	              Index Cond: ((id >= 1696875) AND (id <= 1697874))

table 5 : explain SELECT c FROM sbtest5 WHERE id BETWEEN 4557726 AND 4558725 ORDER BY c
	Sort  (cost=3965.02..3967.54 rows=1009 width=121)
	  Sort Key: c
	  ->  Bitmap Heap Scan on sbtest5  (cost=34.78..3914.67 rows=1009 width=121)
	        Recheck Cond: ((id >= 4557726) AND (id <= 4558725))
	        ->  Bitmap Index Scan on sbtest5_pkey  (cost=0.00..34.53 rows=1009 width=0)
	              Index Cond: ((id >= 4557726) AND (id <= 4558725))

table 6 : explain SELECT c FROM sbtest6 WHERE id BETWEEN 8964153 AND 8965152 ORDER BY c
	Sort  (cost=3581.93..3584.21 rows=911 width=121)
	  Sort Key: c
	  ->  Bitmap Heap Scan on sbtest6  (cost=29.77..3537.15 rows=911 width=121)
	        Recheck Cond: ((id >= 8964153) AND (id <= 8965152))
	        ->  Bitmap Index Scan on sbtest6_pkey  (cost=0.00..29.54 rows=911 width=0)
	              Index Cond: ((id >= 8964153) AND (id <= 8965152))

table 7 : explain SELECT c FROM sbtest7 WHERE id BETWEEN 9463715 AND 9464714 ORDER BY c
	Sort  (cost=3803.03..3805.45 rows=967 width=121)
	  Sort Key: c
	  ->  Bitmap Heap Scan on sbtest7  (cost=34.35..3755.08 rows=967 width=121)
	        Recheck Cond: ((id >= 9463715) AND (id <= 9464714))
	        ->  Bitmap Index Scan on sbtest7_pkey  (cost=0.00..34.11 rows=967 width=0)
	              Index Cond: ((id >= 9463715) AND (id <= 9464714))

table 8 : explain SELECT c FROM sbtest8 WHERE id BETWEEN 5259297 AND 5260296 ORDER BY c
	Sort  (cost=3872.40..3874.87 rows=986 width=121)
	  Sort Key: c
	  ->  Bitmap Heap Scan on sbtest8  (cost=34.54..3823.37 rows=986 width=121)
	        Recheck Cond: ((id >= 5259297) AND (id <= 5260296))
	        ->  Bitmap Index Scan on sbtest8_pkey  (cost=0.00..34.30 rows=986 width=0)
	              Index Cond: ((id >= 5259297) AND (id <= 5260296))

for: distinct_ranges
table 1 : explain SELECT DISTINCT c FROM sbtest1 WHERE id BETWEEN 5277066 AND 5278065 ORDER BY c
	Unique  (cost=4169.11..4174.43 rows=1063 width=121)
	  ->  Sort  (cost=4169.11..4171.77 rows=1063 width=121)
	        Sort Key: c
	        ->  Bitmap Heap Scan on sbtest1  (cost=35.33..4115.68 rows=1063 width=121)
	              Recheck Cond: ((id >= 5277066) AND (id <= 5278065))
	              ->  Bitmap Index Scan on sbtest1_pkey  (cost=0.00..35.07 rows=1063 width=0)
	                    Index Cond: ((id >= 5277066) AND (id <= 5278065))

table 2 : explain SELECT DISTINCT c FROM sbtest2 WHERE id BETWEEN 7637048 AND 7638047 ORDER BY c
	Unique  (cost=3606.64..3611.23 rows=917 width=121)
	  ->  Sort  (cost=3606.64..3608.93 rows=917 width=121)
	        Sort Key: c
	        ->  Bitmap Heap Scan on sbtest2  (cost=33.83..3561.52 rows=917 width=121)
	              Recheck Cond: ((id >= 7637048) AND (id <= 7638047))
	              ->  Bitmap Index Scan on sbtest2_pkey  (cost=0.00..33.61 rows=917 width=0)
	                    Index Cond: ((id >= 7637048) AND (id <= 7638047))

table 3 : explain SELECT DISTINCT c FROM sbtest3 WHERE id BETWEEN 3642189 AND 3643188 ORDER BY c
	Unique  (cost=3988.05..3993.13 rows=1015 width=121)
	  ->  Sort  (cost=3988.05..3990.59 rows=1015 width=121)
	        Sort Key: c
	        ->  Bitmap Heap Scan on sbtest3  (cost=34.84..3937.37 rows=1015 width=121)
	              Recheck Cond: ((id >= 3642189) AND (id <= 3643188))
	              ->  Bitmap Index Scan on sbtest3_pkey  (cost=0.00..34.59 rows=1015 width=0)
	                    Index Cond: ((id >= 3642189) AND (id <= 3643188))

table 4 : explain SELECT DISTINCT c FROM sbtest4 WHERE id BETWEEN 6787134 AND 6788133 ORDER BY c
	Unique  (cost=3873.30..3878.23 rows=985 width=121)
	  ->  Sort  (cost=3873.30..3875.76 rows=985 width=121)
	        Sort Key: c
	        ->  Bitmap Heap Scan on sbtest4  (cost=34.53..3824.33 rows=985 width=121)
	              Recheck Cond: ((id >= 6787134) AND (id <= 6788133))
	              ->  Bitmap Index Scan on sbtest4_pkey  (cost=0.00..34.29 rows=985 width=0)
	                    Index Cond: ((id >= 6787134) AND (id <= 6788133))

table 5 : explain SELECT DISTINCT c FROM sbtest5 WHERE id BETWEEN 9620386 AND 9621385 ORDER BY c
	Unique  (cost=4340.33..4345.86 rows=1106 width=121)
	  ->  Sort  (cost=4340.33..4343.09 rows=1106 width=121)
	        Sort Key: c
	        ->  Bitmap Heap Scan on sbtest5  (cost=39.77..4284.41 rows=1106 width=121)
	              Recheck Cond: ((id >= 9620386) AND (id <= 9621385))
	              ->  Bitmap Index Scan on sbtest5_pkey  (cost=0.00..39.50 rows=1106 width=0)
	                    Index Cond: ((id >= 9620386) AND (id <= 9621385))

table 6 : explain SELECT DISTINCT c FROM sbtest6 WHERE id BETWEEN 3810660 AND 3811659 ORDER BY c
	Unique  (cost=4084.16..4089.37 rows=1041 width=121)
	  ->  Sort  (cost=4084.16..4086.76 rows=1041 width=121)
	        Sort Key: c
	        ->  Bitmap Heap Scan on sbtest6  (cost=35.11..4031.99 rows=1041 width=121)
	              Recheck Cond: ((id >= 3810660) AND (id <= 3811659))
	              ->  Bitmap Index Scan on sbtest6_pkey  (cost=0.00..34.84 rows=1041 width=0)
	                    Index Cond: ((id >= 3810660) AND (id <= 3811659))

table 7 : explain SELECT DISTINCT c FROM sbtest7 WHERE id BETWEEN 9518908 AND 9519907 ORDER BY c
	Unique  (cost=4220.58..4225.96 rows=1076 width=121)
	  ->  Sort  (cost=4220.58..4223.27 rows=1076 width=121)
	        Sort Key: c
	        ->  Bitmap Heap Scan on sbtest7  (cost=35.46..4166.39 rows=1076 width=121)
	              Recheck Cond: ((id >= 9518908) AND (id <= 9519907))
	              ->  Bitmap Index Scan on sbtest7_pkey  (cost=0.00..35.20 rows=1076 width=0)
	                    Index Cond: ((id >= 9518908) AND (id <= 9519907))

table 8 : explain SELECT DISTINCT c FROM sbtest8 WHERE id BETWEEN 8922736 AND 8923735 ORDER BY c
	Unique  (cost=3834.10..3838.98 rows=976 width=121)
	  ->  Sort  (cost=3834.10..3836.54 rows=976 width=121)
	        Sort Key: c
	        ->  Bitmap Heap Scan on sbtest8  (cost=34.44..3785.64 rows=976 width=121)
	              Recheck Cond: ((id >= 8922736) AND (id <= 8923735))
	              ->  Bitmap Index Scan on sbtest8_pkey  (cost=0.00..34.20 rows=976 width=0)
	                    Index Cond: ((id >= 8922736) AND (id <= 8923735))

explain: for point_selects :: explain SELECT c FROM sbtest%u WHERE id=%u
for: distinct_ranges
table 1 : explain SELECT DISTINCT c FROM sbtest1 WHERE id BETWEEN 3428876 AND 3429875 ORDER BY c
	Unique  (cost=3759.34..3764.12 rows=956 width=121)
	  ->  Sort  (cost=3759.34..3761.73 rows=956 width=121)
	        Sort Key: c
	        ->  Bitmap Heap Scan on sbtest1  (cost=34.23..3712.01 rows=956 width=121)
	              Recheck Cond: ((id >= 3428876) AND (id <= 3429875))
	              ->  Bitmap Index Scan on sbtest1_pkey  (cost=0.00..34.00 rows=956 width=0)
	                    Index Cond: ((id >= 3428876) AND (id <= 3429875))

table 2 : explain SELECT DISTINCT c FROM sbtest2 WHERE id BETWEEN 2325754 AND 2326753 ORDER BY c
	Unique  (cost=4077.52..4082.72 rows=1040 width=121)
	  ->  Sort  (cost=4077.52..4080.12 rows=1040 width=121)
	        Sort Key: c
	        ->  Bitmap Heap Scan on sbtest2  (cost=35.09..4025.41 rows=1040 width=121)
	              Recheck Cond: ((id >= 2325754) AND (id <= 2326753))
	              ->  Bitmap Index Scan on sbtest2_pkey  (cost=0.00..34.84 rows=1040 width=0)
	                    Index Cond: ((id >= 2325754) AND (id <= 2326753))

table 3 : explain SELECT DISTINCT c FROM sbtest3 WHERE id BETWEEN 1711438 AND 1712437 ORDER BY c
	Unique  (cost=3853.83..3858.73 rows=980 width=121)
	  ->  Sort  (cost=3853.83..3856.28 rows=980 width=121)
	        Sort Key: c
	        ->  Bitmap Heap Scan on sbtest3  (cost=34.48..3805.14 rows=980 width=121)
	              Recheck Cond: ((id >= 1711438) AND (id <= 1712437))
	              ->  Bitmap Index Scan on sbtest3_pkey  (cost=0.00..34.23 rows=980 width=0)
	                    Index Cond: ((id >= 1711438) AND (id <= 1712437))

table 4 : explain SELECT DISTINCT c FROM sbtest4 WHERE id BETWEEN 6004342 AND 6005341 ORDER BY c
	Unique  (cost=3665.94..3670.60 rows=931 width=121)
	  ->  Sort  (cost=3665.94..3668.27 rows=931 width=121)
	        Sort Key: c
	        ->  Bitmap Heap Scan on sbtest4  (cost=33.98..3620.03 rows=931 width=121)
	              Recheck Cond: ((id >= 6004342) AND (id <= 6005341))
	              ->  Bitmap Index Scan on sbtest4_pkey  (cost=0.00..33.75 rows=931 width=0)
	                    Index Cond: ((id >= 6004342) AND (id <= 6005341))

table 5 : explain SELECT DISTINCT c FROM sbtest5 WHERE id BETWEEN 8119418 AND 8120417 ORDER BY c
	Unique  (cost=3696.38..3701.08 rows=939 width=121)
	  ->  Sort  (cost=3696.38..3698.73 rows=939 width=121)
	        Sort Key: c
	        ->  Bitmap Heap Scan on sbtest5  (cost=34.06..3650.02 rows=939 width=121)
	              Recheck Cond: ((id >= 8119418) AND (id <= 8120417))
	              ->  Bitmap Index Scan on sbtest5_pkey  (cost=0.00..33.83 rows=939 width=0)
	                    Index Cond: ((id >= 8119418) AND (id <= 8120417))

table 6 : explain SELECT DISTINCT c FROM sbtest6 WHERE id BETWEEN 7332605 AND 7333604 ORDER BY c
	Unique  (cost=4217.96..4223.34 rows=1076 width=121)
	  ->  Sort  (cost=4217.96..4220.65 rows=1076 width=121)
	        Sort Key: c
	        ->  Bitmap Heap Scan on sbtest6  (cost=35.46..4163.77 rows=1076 width=121)
	              Recheck Cond: ((id >= 7332605) AND (id <= 7333604))
	              ->  Bitmap Index Scan on sbtest6_pkey  (cost=0.00..35.20 rows=1076 width=0)
	                    Index Cond: ((id >= 7332605) AND (id <= 7333604))

table 7 : explain SELECT DISTINCT c FROM sbtest7 WHERE id BETWEEN 5251618 AND 5252617 ORDER BY c
	Unique  (cost=3660.98..3665.63 rows=930 width=121)
	  ->  Sort  (cost=3660.98..3663.31 rows=930 width=121)
	        Sort Key: c
	        ->  Bitmap Heap Scan on sbtest7  (cost=33.97..3615.13 rows=930 width=121)
	              Recheck Cond: ((id >= 5251618) AND (id <= 5252617))
	              ->  Bitmap Index Scan on sbtest7_pkey  (cost=0.00..33.73 rows=930 width=0)
	                    Index Cond: ((id >= 5251618) AND (id <= 5252617))

table 8 : explain SELECT DISTINCT c FROM sbtest8 WHERE id BETWEEN 556075 AND 557074 ORDER BY c
	Unique  (cost=4059.90..4065.08 rows=1035 width=121)
	  ->  Sort  (cost=4059.90..4062.49 rows=1035 width=121)
	        Sort Key: c
	        ->  Bitmap Heap Scan on sbtest8  (cost=35.04..4008.07 rows=1035 width=121)
	              Recheck Cond: ((id >= 556075) AND (id <= 557074))
	              ->  Bitmap Index Scan on sbtest8_pkey  (cost=0.00..34.79 rows=1035 width=0)
	                    Index Cond: ((id >= 556075) AND (id <= 557074))

for: simple_ranges
table 1 : explain SELECT c FROM sbtest1 WHERE id BETWEEN 2509512 AND 2510511
	Bitmap Heap Scan on sbtest1  (cost=34.57..3836.66 rows=989 width=121)
	  Recheck Cond: ((id >= 2509512) AND (id <= 2510511))
	  ->  Bitmap Index Scan on sbtest1_pkey  (cost=0.00..34.33 rows=989 width=0)
	        Index Cond: ((id >= 2509512) AND (id <= 2510511))

table 2 : explain SELECT c FROM sbtest2 WHERE id BETWEEN 4960105 AND 4961104
	Bitmap Heap Scan on sbtest2  (cost=29.71..3512.16 rows=905 width=121)
	  Recheck Cond: ((id >= 4960105) AND (id <= 4961104))
	  ->  Bitmap Index Scan on sbtest2_pkey  (cost=0.00..29.48 rows=905 width=0)
	        Index Cond: ((id >= 4960105) AND (id <= 4961104))

table 3 : explain SELECT c FROM sbtest3 WHERE id BETWEEN 6116249 AND 6117248
	Bitmap Heap Scan on sbtest3  (cost=35.03..4009.08 rows=1034 width=121)
	  Recheck Cond: ((id >= 6116249) AND (id <= 6117248))
	  ->  Bitmap Index Scan on sbtest3_pkey  (cost=0.00..34.78 rows=1034 width=0)
	        Index Cond: ((id >= 6116249) AND (id <= 6117248))

table 4 : explain SELECT c FROM sbtest4 WHERE id BETWEEN 9199246 AND 9200245
	Bitmap Heap Scan on sbtest4  (cost=34.91..3964.10 rows=1022 width=121)
	  Recheck Cond: ((id >= 9199246) AND (id <= 9200245))
	  ->  Bitmap Index Scan on sbtest4_pkey  (cost=0.00..34.66 rows=1022 width=0)
	        Index Cond: ((id >= 9199246) AND (id <= 9200245))

table 5 : explain SELECT c FROM sbtest5 WHERE id BETWEEN 1486945 AND 1487944
	Bitmap Heap Scan on sbtest5  (cost=34.51..3816.45 rows=983 width=121)
	  Recheck Cond: ((id >= 1486945) AND (id <= 1487944))
	  ->  Bitmap Index Scan on sbtest5_pkey  (cost=0.00..34.27 rows=983 width=0)
	        Index Cond: ((id >= 1486945) AND (id <= 1487944))

table 6 : explain SELECT c FROM sbtest6 WHERE id BETWEEN 6659895 AND 6660894
	Bitmap Heap Scan on sbtest6  (cost=33.91..3590.33 rows=924 width=121)
	  Recheck Cond: ((id >= 6659895) AND (id <= 6660894))
	  ->  Bitmap Index Scan on sbtest6_pkey  (cost=0.00..33.68 rows=924 width=0)
	        Index Cond: ((id >= 6659895) AND (id <= 6660894))

table 7 : explain SELECT c FROM sbtest7 WHERE id BETWEEN 8001121 AND 8002120
	Bitmap Heap Scan on sbtest7  (cost=34.21..3705.93 rows=954 width=121)
	  Recheck Cond: ((id >= 8001121) AND (id <= 8002120))
	  ->  Bitmap Index Scan on sbtest7_pkey  (cost=0.00..33.98 rows=954 width=0)
	        Index Cond: ((id >= 8001121) AND (id <= 8002120))

table 8 : explain SELECT c FROM sbtest8 WHERE id BETWEEN 1547445 AND 1548444
	Bitmap Heap Scan on sbtest8  (cost=33.92..3593.01 rows=925 width=121)
	  Recheck Cond: ((id >= 1547445) AND (id <= 1548444))
	  ->  Bitmap Index Scan on sbtest8_pkey  (cost=0.00..33.69 rows=925 width=0)
	        Index Cond: ((id >= 1547445) AND (id <= 1548444))

for: order_ranges
table 1 : explain SELECT c FROM sbtest1 WHERE id BETWEEN 9250552 AND 9251551 ORDER BY c
	Sort  (cost=3950.99..3953.50 rows=1006 width=121)
	  Sort Key: c
	  ->  Bitmap Heap Scan on sbtest1  (cost=34.75..3900.82 rows=1006 width=121)
	        Recheck Cond: ((id >= 9250552) AND (id <= 9251551))
	        ->  Bitmap Index Scan on sbtest1_pkey  (cost=0.00..34.50 rows=1006 width=0)
	              Index Cond: ((id >= 9250552) AND (id <= 9251551))

table 2 : explain SELECT c FROM sbtest2 WHERE id BETWEEN 5424778 AND 5425777 ORDER BY c
	Sort  (cost=3702.50..3704.85 rows=942 width=121)
	  Sort Key: c
	  ->  Bitmap Heap Scan on sbtest2  (cost=34.09..3655.97 rows=942 width=121)
	        Recheck Cond: ((id >= 5424778) AND (id <= 5425777))
	        ->  Bitmap Index Scan on sbtest2_pkey  (cost=0.00..33.86 rows=942 width=0)
	              Index Cond: ((id >= 5424778) AND (id <= 5425777))

table 3 : explain SELECT c FROM sbtest3 WHERE id BETWEEN 7362287 AND 7363286 ORDER BY c
	Sort  (cost=3530.95..3533.20 rows=897 width=121)
	  Sort Key: c
	  ->  Bitmap Heap Scan on sbtest3  (cost=29.63..3486.96 rows=897 width=121)
	        Recheck Cond: ((id >= 7362287) AND (id <= 7363286))
	        ->  Bitmap Index Scan on sbtest3_pkey  (cost=0.00..29.40 rows=897 width=0)
	              Index Cond: ((id >= 7362287) AND (id <= 7363286))

table 4 : explain SELECT c FROM sbtest4 WHERE id BETWEEN 8889427 AND 8890426 ORDER BY c
	Sort  (cost=4057.33..4059.91 rows=1033 width=121)
	  Sort Key: c
	  ->  Bitmap Heap Scan on sbtest4  (cost=35.02..4005.62 rows=1033 width=121)
	        Recheck Cond: ((id >= 8889427) AND (id <= 8890426))
	        ->  Bitmap Index Scan on sbtest4_pkey  (cost=0.00..34.77 rows=1033 width=0)
	              Index Cond: ((id >= 8889427) AND (id <= 8890426))

table 5 : explain SELECT c FROM sbtest5 WHERE id BETWEEN 5543345 AND 5544344 ORDER BY c
	Sort  (cost=3949.68..3952.19 rows=1005 width=121)
	  Sort Key: c
	  ->  Bitmap Heap Scan on sbtest5  (cost=34.74..3899.57 rows=1005 width=121)
	        Recheck Cond: ((id >= 5543345) AND (id <= 5544344))
	        ->  Bitmap Index Scan on sbtest5_pkey  (cost=0.00..34.48 rows=1005 width=0)
	              Index Cond: ((id >= 5543345) AND (id <= 5544344))

table 6 : explain SELECT c FROM sbtest6 WHERE id BETWEEN 5252196 AND 5253195 ORDER BY c
	Sort  (cost=3877.45..3879.92 rows=987 width=121)
	  Sort Key: c
	  ->  Bitmap Heap Scan on sbtest6  (cost=34.55..3828.36 rows=987 width=121)
	        Recheck Cond: ((id >= 5252196) AND (id <= 5253195))
	        ->  Bitmap Index Scan on sbtest6_pkey  (cost=0.00..34.31 rows=987 width=0)
	              Index Cond: ((id >= 5252196) AND (id <= 5253195))

table 7 : explain SELECT c FROM sbtest7 WHERE id BETWEEN 3193575 AND 3194574 ORDER BY c
	Sort  (cost=4373.64..4376.43 rows=1115 width=121)
	  Sort Key: c
	  ->  Bitmap Heap Scan on sbtest7  (cost=39.86..4317.21 rows=1115 width=121)
	        Recheck Cond: ((id >= 3193575) AND (id <= 3194574))
	        ->  Bitmap Index Scan on sbtest7_pkey  (cost=0.00..39.59 rows=1115 width=0)
	              Index Cond: ((id >= 3193575) AND (id <= 3194574))

table 8 : explain SELECT c FROM sbtest8 WHERE id BETWEEN 6997982 AND 6998981 ORDER BY c
	Sort  (cost=4380.86..4383.66 rows=1118 width=121)
	  Sort Key: c
	  ->  Bitmap Heap Scan on sbtest8  (cost=39.89..4324.25 rows=1118 width=121)
	        Recheck Cond: ((id >= 6997982) AND (id <= 6998981))
	        ->  Bitmap Index Scan on sbtest8_pkey  (cost=0.00..39.62 rows=1118 width=0)
	              Index Cond: ((id >= 6997982) AND (id <= 6998981))

for: distinct_ranges
table 1 : explain SELECT DISTINCT c FROM sbtest1 WHERE id BETWEEN 6547320 AND 6548319 ORDER BY c
	Unique  (cost=3574.91..3579.45 rows=909 width=121)
	  ->  Sort  (cost=3574.91..3577.18 rows=909 width=121)
	        Sort Key: c
	        ->  Bitmap Heap Scan on sbtest1  (cost=29.75..3530.24 rows=909 width=121)
	              Recheck Cond: ((id >= 6547320) AND (id <= 6548319))
	              ->  Bitmap Index Scan on sbtest1_pkey  (cost=0.00..29.52 rows=909 width=0)
	                    Index Cond: ((id >= 6547320) AND (id <= 6548319))

table 2 : explain SELECT DISTINCT c FROM sbtest2 WHERE id BETWEEN 6063983 AND 6064982 ORDER BY c
	Unique  (cost=3694.83..3699.53 rows=940 width=121)
	  ->  Sort  (cost=3694.83..3697.18 rows=940 width=121)
	        Sort Key: c
	        ->  Bitmap Heap Scan on sbtest2  (cost=34.07..3648.41 rows=940 width=121)
	              Recheck Cond: ((id >= 6063983) AND (id <= 6064982))
	              ->  Bitmap Index Scan on sbtest2_pkey  (cost=0.00..33.84 rows=940 width=0)
	                    Index Cond: ((id >= 6063983) AND (id <= 6064982))

table 3 : explain SELECT DISTINCT c FROM sbtest3 WHERE id BETWEEN 2434048 AND 2435047 ORDER BY c
	Unique  (cost=3915.21..3920.19 rows=996 width=121)
	  ->  Sort  (cost=3915.21..3917.70 rows=996 width=121)
	        Sort Key: c
	        ->  Bitmap Heap Scan on sbtest3  (cost=34.64..3865.61 rows=996 width=121)
	              Recheck Cond: ((id >= 2434048) AND (id <= 2435047))
	              ->  Bitmap Index Scan on sbtest3_pkey  (cost=0.00..34.40 rows=996 width=0)
	                    Index Cond: ((id >= 2434048) AND (id <= 2435047))

table 4 : explain SELECT DISTINCT c FROM sbtest4 WHERE id BETWEEN 7107613 AND 7108612 ORDER BY c
	Unique  (cost=3969.18..3974.23 rows=1010 width=121)
	  ->  Sort  (cost=3969.18..3971.71 rows=1010 width=121)
	        Sort Key: c
	        ->  Bitmap Heap Scan on sbtest4  (cost=34.79..3918.78 rows=1010 width=121)
	              Recheck Cond: ((id >= 7107613) AND (id <= 7108612))
	              ->  Bitmap Index Scan on sbtest4_pkey  (cost=0.00..34.54 rows=1010 width=0)
	                    Index Cond: ((id >= 7107613) AND (id <= 7108612))

table 5 : explain SELECT DISTINCT c FROM sbtest5 WHERE id BETWEEN 288414 AND 289413 ORDER BY c
	Unique  (cost=4003.34..4008.44 rows=1019 width=121)
	  ->  Sort  (cost=4003.34..4005.89 rows=1019 width=121)
	        Sort Key: c
	        ->  Bitmap Heap Scan on sbtest5  (cost=34.88..3952.43 rows=1019 width=121)
	              Recheck Cond: ((id >= 288414) AND (id <= 289413))
	              ->  Bitmap Index Scan on sbtest5_pkey  (cost=0.00..34.62 rows=1019 width=0)
	                    Index Cond: ((id >= 288414) AND (id <= 289413))

table 6 : explain SELECT DISTINCT c FROM sbtest6 WHERE id BETWEEN 1281707 AND 1282706 ORDER BY c
	Unique  (cost=4202.67..4208.03 rows=1072 width=121)
	  ->  Sort  (cost=4202.67..4205.35 rows=1072 width=121)
	        Sort Key: c
	        ->  Bitmap Heap Scan on sbtest6  (cost=35.42..4148.72 rows=1072 width=121)
	              Recheck Cond: ((id >= 1281707) AND (id <= 1282706))
	              ->  Bitmap Index Scan on sbtest6_pkey  (cost=0.00..35.16 rows=1072 width=0)
	                    Index Cond: ((id >= 1281707) AND (id <= 1282706))

table 7 : explain SELECT DISTINCT c FROM sbtest7 WHERE id BETWEEN 9490036 AND 9491035 ORDER BY c
	Unique  (cost=3803.03..3807.87 rows=967 width=121)
	  ->  Sort  (cost=3803.03..3805.45 rows=967 width=121)
	        Sort Key: c
	        ->  Bitmap Heap Scan on sbtest7  (cost=34.35..3755.08 rows=967 width=121)
	              Recheck Cond: ((id >= 9490036) AND (id <= 9491035))
	              ->  Bitmap Index Scan on sbtest7_pkey  (cost=0.00..34.11 rows=967 width=0)
	                    Index Cond: ((id >= 9490036) AND (id <= 9491035))

table 8 : explain SELECT DISTINCT c FROM sbtest8 WHERE id BETWEEN 8413281 AND 8414280 ORDER BY c
	Unique  (cost=4113.42..4118.67 rows=1049 width=121)
	  ->  Sort  (cost=4113.42..4116.04 rows=1049 width=121)
	        Sort Key: c
	        ->  Bitmap Heap Scan on sbtest8  (cost=35.19..4060.79 rows=1049 width=121)
	              Recheck Cond: ((id >= 8413281) AND (id <= 8414280))
	              ->  Bitmap Index Scan on sbtest8_pkey  (cost=0.00..34.93 rows=1049 width=0)
	                    Index Cond: ((id >= 8413281) AND (id <= 8414280))

for point_selects
table 1 : explain SELECT c FROM sbtest1 WHERE id=3171594
	Index Scan using sbtest1_pkey on sbtest1  (cost=0.43..8.45 rows=1 width=121)
	  Index Cond: (id = 3171594)

table 2 : explain SELECT c FROM sbtest2 WHERE id=1468090
	Index Scan using sbtest2_pkey on sbtest2  (cost=0.43..8.45 rows=1 width=121)
	  Index Cond: (id = 1468090)

table 3 : explain SELECT c FROM sbtest3 WHERE id=1942859
	Index Scan using sbtest3_pkey on sbtest3  (cost=0.43..8.45 rows=1 width=121)
	  Index Cond: (id = 1942859)

table 4 : explain SELECT c FROM sbtest4 WHERE id=5189594
	Index Scan using sbtest4_pkey on sbtest4  (cost=0.43..8.45 rows=1 width=121)
	  Index Cond: (id = 5189594)

table 5 : explain SELECT c FROM sbtest5 WHERE id=8534500
	Index Scan using sbtest5_pkey on sbtest5  (cost=0.43..8.45 rows=1 width=121)
	  Index Cond: (id = 8534500)

table 6 : explain SELECT c FROM sbtest6 WHERE id=3239807
	Index Scan using sbtest6_pkey on sbtest6  (cost=0.43..8.45 rows=1 width=121)
	  Index Cond: (id = 3239807)

table 7 : explain SELECT c FROM sbtest7 WHERE id=5657923
	Index Scan using sbtest7_pkey on sbtest7  (cost=0.43..8.45 rows=1 width=121)
	  Index Cond: (id = 5657923)

table 8 : explain SELECT c FROM sbtest8 WHERE id=5672784
	Index Scan using sbtest8_pkey on sbtest8  (cost=0.43..8.45 rows=1 width=121)
	  Index Cond: (id = 5672784)

for: sum_ranges
table 1 : explain SELECT SUM(k) FROM sbtest1 WHERE id BETWEEN 6273284 AND 6274283
	Aggregate  (cost=3820.24..3820.25 rows=1 width=8)
	  ->  Bitmap Heap Scan on sbtest1  (cost=34.52..3817.78 rows=984 width=4)
	        Recheck Cond: ((id >= 6273284) AND (id <= 6274283))
	        ->  Bitmap Index Scan on sbtest1_pkey  (cost=0.00..34.28 rows=984 width=0)
	              Index Cond: ((id >= 6273284) AND (id <= 6274283))

table 2 : explain SELECT SUM(k) FROM sbtest2 WHERE id BETWEEN 2530866 AND 2531865
	Aggregate  (cost=3575.16..3575.17 rows=1 width=8)
	  ->  Bitmap Heap Scan on sbtest2  (cost=33.87..3572.86 rows=920 width=4)
	        Recheck Cond: ((id >= 2530866) AND (id <= 2531865))
	        ->  Bitmap Index Scan on sbtest2_pkey  (cost=0.00..33.64 rows=920 width=0)
	              Index Cond: ((id >= 2530866) AND (id <= 2531865))

table 3 : explain SELECT SUM(k) FROM sbtest3 WHERE id BETWEEN 1563890 AND 1564889
	Aggregate  (cost=4019.22..4019.23 rows=1 width=8)
	  ->  Bitmap Heap Scan on sbtest3  (cost=35.05..4016.63 rows=1036 width=4)
	        Recheck Cond: ((id >= 1563890) AND (id <= 1564889))
	        ->  Bitmap Index Scan on sbtest3_pkey  (cost=0.00..34.80 rows=1036 width=0)
	              Index Cond: ((id >= 1563890) AND (id <= 1564889))

table 4 : explain SELECT SUM(k) FROM sbtest4 WHERE id BETWEEN 9135457 AND 9136456
	Aggregate  (cost=4102.57..4102.58 rows=1 width=8)
	  ->  Bitmap Heap Scan on sbtest4  (cost=35.28..4099.93 rows=1058 width=4)
	        Recheck Cond: ((id >= 9135457) AND (id <= 9136456))
	        ->  Bitmap Index Scan on sbtest4_pkey  (cost=0.00..35.02 rows=1058 width=0)
	              Index Cond: ((id >= 9135457) AND (id <= 9136456))

table 5 : explain SELECT SUM(k) FROM sbtest5 WHERE id BETWEEN 5769480 AND 5770479
	Aggregate  (cost=3648.58..3648.59 rows=1 width=8)
	  ->  Bitmap Heap Scan on sbtest5  (cost=34.05..3646.24 rows=938 width=4)
	        Recheck Cond: ((id >= 5769480) AND (id <= 5770479))
	        ->  Bitmap Index Scan on sbtest5_pkey  (cost=0.00..33.82 rows=938 width=0)
	              Index Cond: ((id >= 5769480) AND (id <= 5770479))

table 6 : explain SELECT SUM(k) FROM sbtest6 WHERE id BETWEEN 9335939 AND 9336938
	Aggregate  (cost=4317.23..4317.24 rows=1 width=8)
	  ->  Bitmap Heap Scan on sbtest6  (cost=39.86..4314.44 rows=1115 width=4)
	        Recheck Cond: ((id >= 9335939) AND (id <= 9336938))
	        ->  Bitmap Index Scan on sbtest6_pkey  (cost=0.00..39.59 rows=1115 width=0)
	              Index Cond: ((id >= 9335939) AND (id <= 9336938))

table 7 : explain SELECT SUM(k) FROM sbtest7 WHERE id BETWEEN 5469259 AND 5470258
	Aggregate  (cost=4101.22..4101.23 rows=1 width=8)
	  ->  Bitmap Heap Scan on sbtest7  (cost=35.28..4098.57 rows=1058 width=4)
	        Recheck Cond: ((id >= 5469259) AND (id <= 5470258))
	        ->  Bitmap Index Scan on sbtest7_pkey  (cost=0.00..35.02 rows=1058 width=0)
	              Index Cond: ((id >= 5469259) AND (id <= 5470258))

table 8 : explain SELECT SUM(k) FROM sbtest8 WHERE id BETWEEN 7125116 AND 7126115
	Aggregate  (cost=3606.67..3606.68 rows=1 width=8)
	  ->  Bitmap Heap Scan on sbtest8  (cost=33.95..3604.35 rows=928 width=4)
	        Recheck Cond: ((id >= 7125116) AND (id <= 7126115))
	        ->  Bitmap Index Scan on sbtest8_pkey  (cost=0.00..33.72 rows=928 width=0)
	              Index Cond: ((id >= 7125116) AND (id <= 7126115))

for: sum_ranges
table 1 : explain SELECT SUM(k) FROM sbtest1 WHERE id BETWEEN 6978154 AND 6979153
	Aggregate  (cost=4378.31..4378.32 rows=1 width=8)
	  ->  Bitmap Heap Scan on sbtest1  (cost=40.03..4375.48 rows=1131 width=4)
	        Recheck Cond: ((id >= 6978154) AND (id <= 6979153))
	        ->  Bitmap Index Scan on sbtest1_pkey  (cost=0.00..39.75 rows=1131 width=0)
	              Index Cond: ((id >= 6978154) AND (id <= 6979153))

table 2 : explain SELECT SUM(k) FROM sbtest2 WHERE id BETWEEN 3702958 AND 3703957
	Aggregate  (cost=3982.81..3982.82 rows=1 width=8)
	  ->  Bitmap Heap Scan on sbtest2  (cost=34.97..3980.24 rows=1028 width=4)
	        Recheck Cond: ((id >= 3702958) AND (id <= 3703957))
	        ->  Bitmap Index Scan on sbtest2_pkey  (cost=0.00..34.72 rows=1028 width=0)
	              Index Cond: ((id >= 3702958) AND (id <= 3703957))

table 3 : explain SELECT SUM(k) FROM sbtest3 WHERE id BETWEEN 6285368 AND 6286367
	Aggregate  (cost=3641.04..3641.05 rows=1 width=8)
	  ->  Bitmap Heap Scan on sbtest3  (cost=34.03..3638.70 rows=936 width=4)
	        Recheck Cond: ((id >= 6285368) AND (id <= 6286367))
	        ->  Bitmap Index Scan on sbtest3_pkey  (cost=0.00..33.80 rows=936 width=0)
	              Index Cond: ((id >= 6285368) AND (id <= 6286367))

table 4 : explain SELECT SUM(k) FROM sbtest4 WHERE id BETWEEN 3720992 AND 3721991
	Aggregate  (cost=3534.97..3534.98 rows=1 width=8)
	  ->  Bitmap Heap Scan on sbtest4  (cost=29.75..3532.69 rows=909 width=4)
	        Recheck Cond: ((id >= 3720992) AND (id <= 3721991))
	        ->  Bitmap Index Scan on sbtest4_pkey  (cost=0.00..29.52 rows=909 width=0)
	              Index Cond: ((id >= 3720992) AND (id <= 3721991))

table 5 : explain SELECT SUM(k) FROM sbtest5 WHERE id BETWEEN 7167036 AND 7168035
	Aggregate  (cost=4196.50..4196.51 rows=1 width=8)
	  ->  Bitmap Heap Scan on sbtest5  (cost=35.54..4193.79 rows=1083 width=4)
	        Recheck Cond: ((id >= 7167036) AND (id <= 7168035))
	        ->  Bitmap Index Scan on sbtest5_pkey  (cost=0.00..35.27 rows=1083 width=0)
	              Index Cond: ((id >= 7167036) AND (id <= 7168035))

table 6 : explain SELECT SUM(k) FROM sbtest6 WHERE id BETWEEN 4053621 AND 4054620
	Aggregate  (cost=3630.48..3630.49 rows=1 width=8)
	  ->  Bitmap Heap Scan on sbtest6  (cost=34.01..3628.15 rows=934 width=4)
	        Recheck Cond: ((id >= 4053621) AND (id <= 4054620))
	        ->  Bitmap Index Scan on sbtest6_pkey  (cost=0.00..33.78 rows=934 width=0)
	              Index Cond: ((id >= 4053621) AND (id <= 4054620))

table 7 : explain SELECT SUM(k) FROM sbtest7 WHERE id BETWEEN 3850723 AND 3851722
	Aggregate  (cost=3920.04..3920.05 rows=1 width=8)
	  ->  Bitmap Heap Scan on sbtest7  (cost=34.79..3917.52 rows=1010 width=4)
	        Recheck Cond: ((id >= 3850723) AND (id <= 3851722))
	        ->  Bitmap Index Scan on sbtest7_pkey  (cost=0.00..34.54 rows=1010 width=0)
	              Index Cond: ((id >= 3850723) AND (id <= 3851722))

table 8 : explain SELECT SUM(k) FROM sbtest8 WHERE id BETWEEN 9297886 AND 9298885
	Aggregate  (cost=3961.66..3961.67 rows=1 width=8)
	  ->  Bitmap Heap Scan on sbtest8  (cost=34.91..3959.10 rows=1022 width=4)
	        Recheck Cond: ((id >= 9297886) AND (id <= 9298885))
	        ->  Bitmap Index Scan on sbtest8_pkey  (cost=0.00..34.66 rows=1022 width=0)
	              Index Cond: ((id >= 9297886) AND (id <= 9298885))

for: sum_ranges
table 1 : explain SELECT SUM(k) FROM sbtest1 WHERE id BETWEEN 9273531 AND 9274530
	Aggregate  (cost=3903.33..3903.34 rows=1 width=8)
	  ->  Bitmap Heap Scan on sbtest1  (cost=34.75..3900.82 rows=1006 width=4)
	        Recheck Cond: ((id >= 9273531) AND (id <= 9274530))
	        ->  Bitmap Index Scan on sbtest1_pkey  (cost=0.00..34.50 rows=1006 width=0)
	              Index Cond: ((id >= 9273531) AND (id <= 9274530))

table 2 : explain SELECT SUM(k) FROM sbtest2 WHERE id BETWEEN 75060 AND 76059
	Aggregate  (cost=4272.78..4272.79 rows=1 width=8)
	  ->  Bitmap Heap Scan on sbtest2  (cost=39.75..4270.02 rows=1104 width=4)
	        Recheck Cond: ((id >= 75060) AND (id <= 76059))
	        ->  Bitmap Index Scan on sbtest2_pkey  (cost=0.00..39.48 rows=1104 width=0)
	              Index Cond: ((id >= 75060) AND (id <= 76059))

table 3 : explain SELECT SUM(k) FROM sbtest3 WHERE id BETWEEN 258325 AND 259324
	Aggregate  (cost=3769.76..3769.77 rows=1 width=8)
	  ->  Bitmap Heap Scan on sbtest3  (cost=34.38..3767.34 rows=970 width=4)
	        Recheck Cond: ((id >= 258325) AND (id <= 259324))
	        ->  Bitmap Index Scan on sbtest3_pkey  (cost=0.00..34.14 rows=970 width=0)
	              Index Cond: ((id >= 258325) AND (id <= 259324))

table 4 : explain SELECT SUM(k) FROM sbtest4 WHERE id BETWEEN 8723933 AND 8724932
	Aggregate  (cost=4261.18..4261.19 rows=1 width=8)
	  ->  Bitmap Heap Scan on sbtest4  (cost=39.70..4258.43 rows=1099 width=4)
	        Recheck Cond: ((id >= 8723933) AND (id <= 8724932))
	        ->  Bitmap Index Scan on sbtest4_pkey  (cost=0.00..39.43 rows=1099 width=0)
	              Index Cond: ((id >= 8723933) AND (id <= 8724932))

table 5 : explain SELECT SUM(k) FROM sbtest5 WHERE id BETWEEN 5639347 AND 5640346
	Aggregate  (cost=3902.08..3902.09 rows=1 width=8)
	  ->  Bitmap Heap Scan on sbtest5  (cost=34.74..3899.57 rows=1005 width=4)
	        Recheck Cond: ((id >= 5639347) AND (id <= 5640346))
	        ->  Bitmap Index Scan on sbtest5_pkey  (cost=0.00..34.48 rows=1005 width=0)
	              Index Cond: ((id >= 5639347) AND (id <= 5640346))

table 6 : explain SELECT SUM(k) FROM sbtest6 WHERE id BETWEEN 1441422 AND 1442421
	Aggregate  (cost=3978.03..3978.04 rows=1 width=8)
	  ->  Bitmap Heap Scan on sbtest6  (cost=34.95..3975.46 rows=1026 width=4)
	        Recheck Cond: ((id >= 1441422) AND (id <= 1442421))
	        ->  Bitmap Index Scan on sbtest6_pkey  (cost=0.00..34.70 rows=1026 width=0)
	              Index Cond: ((id >= 1441422) AND (id <= 1442421))

table 7 : explain SELECT SUM(k) FROM sbtest7 WHERE id BETWEEN 5123860 AND 5124859
	Aggregate  (cost=3859.59..3859.60 rows=1 width=8)
	  ->  Bitmap Heap Scan on sbtest7  (cost=34.62..3857.11 rows=994 width=4)
	        Recheck Cond: ((id >= 5123860) AND (id <= 5124859))
	        ->  Bitmap Index Scan on sbtest7_pkey  (cost=0.00..34.38 rows=994 width=0)
	              Index Cond: ((id >= 5123860) AND (id <= 5124859))

table 8 : explain SELECT SUM(k) FROM sbtest8 WHERE id BETWEEN 8397024 AND 8398023
	Aggregate  (cost=4063.41..4063.42 rows=1 width=8)
	  ->  Bitmap Heap Scan on sbtest8  (cost=35.19..4060.79 rows=1049 width=4)
	        Recheck Cond: ((id >= 8397024) AND (id <= 8398023))
	        ->  Bitmap Index Scan on sbtest8_pkey  (cost=0.00..34.93 rows=1049 width=0)
	              Index Cond: ((id >= 8397024) AND (id <= 8398023))

for point_selects
table 1 : explain SELECT c FROM sbtest1 WHERE id=7664099
	Index Scan using sbtest1_pkey on sbtest1  (cost=0.43..8.45 rows=1 width=121)
	  Index Cond: (id = 7664099)

table 2 : explain SELECT c FROM sbtest2 WHERE id=5462191
	Index Scan using sbtest2_pkey on sbtest2  (cost=0.43..8.45 rows=1 width=121)
	  Index Cond: (id = 5462191)

table 3 : explain SELECT c FROM sbtest3 WHERE id=8458841
	Index Scan using sbtest3_pkey on sbtest3  (cost=0.43..8.45 rows=1 width=121)
	  Index Cond: (id = 8458841)

table 4 : explain SELECT c FROM sbtest4 WHERE id=925041
	Index Scan using sbtest4_pkey on sbtest4  (cost=0.43..8.45 rows=1 width=121)
	  Index Cond: (id = 925041)

table 5 : explain SELECT c FROM sbtest5 WHERE id=6942299
	Index Scan using sbtest5_pkey on sbtest5  (cost=0.43..8.45 rows=1 width=121)
	  Index Cond: (id = 6942299)

table 6 : explain SELECT c FROM sbtest6 WHERE id=7882474
	Index Scan using sbtest6_pkey on sbtest6  (cost=0.43..8.45 rows=1 width=121)
	  Index Cond: (id = 7882474)

table 7 : explain SELECT c FROM sbtest7 WHERE id=4145831
	Index Scan using sbtest7_pkey on sbtest7  (cost=0.43..8.45 rows=1 width=121)
	  Index Cond: (id = 4145831)

table 8 : explain SELECT c FROM sbtest8 WHERE id=5066465
	Index Scan using sbtest8_pkey on sbtest8  (cost=0.43..8.45 rows=1 width=121)
	  Index Cond: (id = 5066465)

for: sum_ranges
table 1 : explain SELECT SUM(k) FROM sbtest1 WHERE id BETWEEN 4826913 AND 4827912
	Aggregate  (cost=3839.13..3839.14 rows=1 width=8)
	  ->  Bitmap Heap Scan on sbtest1  (cost=34.57..3836.66 rows=989 width=4)
	        Recheck Cond: ((id >= 4826913) AND (id <= 4827912))
	        ->  Bitmap Index Scan on sbtest1_pkey  (cost=0.00..34.33 rows=989 width=0)
	              Index Cond: ((id >= 4826913) AND (id <= 4827912))

table 2 : explain SELECT SUM(k) FROM sbtest2 WHERE id BETWEEN 423386 AND 424385
	Aggregate  (cost=3472.79..3472.80 rows=1 width=8)
	  ->  Bitmap Heap Scan on sbtest2  (cost=29.60..3470.56 rows=894 width=4)
	        Recheck Cond: ((id >= 423386) AND (id <= 424385))
	        ->  Bitmap Index Scan on sbtest2_pkey  (cost=0.00..29.37 rows=894 width=0)
	              Index Cond: ((id >= 423386) AND (id <= 424385))

table 3 : explain SELECT SUM(k) FROM sbtest3 WHERE id BETWEEN 2527185 AND 2528184
	Aggregate  (cost=3894.56..3894.57 rows=1 width=8)
	  ->  Bitmap Heap Scan on sbtest3  (cost=34.72..3892.05 rows=1003 width=4)
	        Recheck Cond: ((id >= 2527185) AND (id <= 2528184))
	        ->  Bitmap Index Scan on sbtest3_pkey  (cost=0.00..34.47 rows=1003 width=0)
	              Index Cond: ((id >= 2527185) AND (id <= 2528184))

table 4 : explain SELECT SUM(k) FROM sbtest4 WHERE id BETWEEN 5202751 AND 5203750
	Aggregate  (cost=3894.85..3894.86 rows=1 width=8)
	  ->  Bitmap Heap Scan on sbtest4  (cost=34.72..3892.34 rows=1003 width=4)
	        Recheck Cond: ((id >= 5202751) AND (id <= 5203750))
	        ->  Bitmap Index Scan on sbtest4_pkey  (cost=0.00..34.47 rows=1003 width=0)
	              Index Cond: ((id >= 5202751) AND (id <= 5203750))

table 5 : explain SELECT SUM(k) FROM sbtest5 WHERE id BETWEEN 8969940 AND 8970939
	Aggregate  (cost=3686.45..3686.46 rows=1 width=8)
	  ->  Bitmap Heap Scan on sbtest5  (cost=34.15..3684.08 rows=948 width=4)
	        Recheck Cond: ((id >= 8969940) AND (id <= 8970939))
	        ->  Bitmap Index Scan on sbtest5_pkey  (cost=0.00..33.92 rows=948 width=0)
	              Index Cond: ((id >= 8969940) AND (id <= 8970939))

table 6 : explain SELECT SUM(k) FROM sbtest6 WHERE id BETWEEN 595039 AND 596038
	Aggregate  (cost=3996.88..3996.89 rows=1 width=8)
	  ->  Bitmap Heap Scan on sbtest6  (cost=35.00..3994.31 rows=1031 width=4)
	        Recheck Cond: ((id >= 595039) AND (id <= 596038))
	        ->  Bitmap Index Scan on sbtest6_pkey  (cost=0.00..34.75 rows=1031 width=0)
	              Index Cond: ((id >= 595039) AND (id <= 596038))

table 7 : explain SELECT SUM(k) FROM sbtest7 WHERE id BETWEEN 1224667 AND 1225666
	Aggregate  (cost=3897.38..3897.39 rows=1 width=8)
	  ->  Bitmap Heap Scan on sbtest7  (cost=34.73..3894.87 rows=1004 width=4)
	        Recheck Cond: ((id >= 1224667) AND (id <= 1225666))
	        ->  Bitmap Index Scan on sbtest7_pkey  (cost=0.00..34.48 rows=1004 width=0)
	              Index Cond: ((id >= 1224667) AND (id <= 1225666))

table 8 : explain SELECT SUM(k) FROM sbtest8 WHERE id BETWEEN 5145441 AND 5146440
	Aggregate  (cost=4119.90..4119.91 rows=1 width=8)
	  ->  Bitmap Heap Scan on sbtest8  (cost=35.34..4117.24 rows=1064 width=4)
	        Recheck Cond: ((id >= 5145441) AND (id <= 5146440))
	        ->  Bitmap Index Scan on sbtest8_pkey  (cost=0.00..35.08 rows=1064 width=0)
	              Index Cond: ((id >= 5145441) AND (id <= 5146440))

explain: for point_selects :: explain SELECT c FROM sbtest%u WHERE id=%u
for: distinct_ranges
table 1 : explain SELECT DISTINCT c FROM sbtest1 WHERE id BETWEEN 3906202 AND 3907201 ORDER BY c
	Unique  (cost=4100.27..4105.50 rows=1045 width=121)
	  ->  Sort  (cost=4100.27..4102.88 rows=1045 width=121)
	        Sort Key: c
	        ->  Bitmap Heap Scan on sbtest1  (cost=35.15..4047.87 rows=1045 width=121)
	              Recheck Cond: ((id >= 3906202) AND (id <= 3907201))
	              ->  Bitmap Index Scan on sbtest1_pkey  (cost=0.00..34.89 rows=1045 width=0)
	                    Index Cond: ((id >= 3906202) AND (id <= 3907201))

table 2 : explain SELECT DISTINCT c FROM sbtest2 WHERE id BETWEEN 7821191 AND 7822190 ORDER BY c
	Unique  (cost=4310.56..4316.06 rows=1100 width=121)
	  ->  Sort  (cost=4310.56..4313.31 rows=1100 width=121)
	        Sort Key: c
	        ->  Bitmap Heap Scan on sbtest2  (cost=39.71..4254.99 rows=1100 width=121)
	              Recheck Cond: ((id >= 7821191) AND (id <= 7822190))
	              ->  Bitmap Index Scan on sbtest2_pkey  (cost=0.00..39.44 rows=1100 width=0)
	                    Index Cond: ((id >= 7821191) AND (id <= 7822190))

table 3 : explain SELECT DISTINCT c FROM sbtest3 WHERE id BETWEEN 2534472 AND 2535471 ORDER BY c
	Unique  (cost=3942.05..3947.07 rows=1003 width=121)
	  ->  Sort  (cost=3942.05..3944.56 rows=1003 width=121)
	        Sort Key: c
	        ->  Bitmap Heap Scan on sbtest3  (cost=34.72..3892.05 rows=1003 width=121)
	              Recheck Cond: ((id >= 2534472) AND (id <= 2535471))
	              ->  Bitmap Index Scan on sbtest3_pkey  (cost=0.00..34.47 rows=1003 width=0)
	                    Index Cond: ((id >= 2534472) AND (id <= 2535471))

table 4 : explain SELECT DISTINCT c FROM sbtest4 WHERE id BETWEEN 4694083 AND 4695082 ORDER BY c
	Unique  (cost=3884.81..3889.75 rows=988 width=121)
	  ->  Sort  (cost=3884.81..3887.28 rows=988 width=121)
	        Sort Key: c
	        ->  Bitmap Heap Scan on sbtest4  (cost=34.56..3835.67 rows=988 width=121)
	              Recheck Cond: ((id >= 4694083) AND (id <= 4695082))
	              ->  Bitmap Index Scan on sbtest4_pkey  (cost=0.00..34.32 rows=988 width=0)
	                    Index Cond: ((id >= 4694083) AND (id <= 4695082))

table 5 : explain SELECT DISTINCT c FROM sbtest5 WHERE id BETWEEN 1180066 AND 1181065 ORDER BY c
	Unique  (cost=4045.49..4050.64 rows=1030 width=121)
	  ->  Sort  (cost=4045.49..4048.07 rows=1030 width=121)
	        Sort Key: c
	        ->  Bitmap Heap Scan on sbtest5  (cost=34.99..3993.95 rows=1030 width=121)
	              Recheck Cond: ((id >= 1180066) AND (id <= 1181065))
	              ->  Bitmap Index Scan on sbtest5_pkey  (cost=0.00..34.73 rows=1030 width=0)
	                    Index Cond: ((id >= 1180066) AND (id <= 1181065))

table 6 : explain SELECT DISTINCT c FROM sbtest6 WHERE id BETWEEN 7183223 AND 7184222 ORDER BY c
	Unique  (cost=4133.87..4139.14 rows=1054 width=121)
	  ->  Sort  (cost=4133.87..4136.51 rows=1054 width=121)
	        Sort Key: c
	        ->  Bitmap Heap Scan on sbtest6  (cost=35.24..4080.95 rows=1054 width=121)
	              Recheck Cond: ((id >= 7183223) AND (id <= 7184222))
	              ->  Bitmap Index Scan on sbtest6_pkey  (cost=0.00..34.98 rows=1054 width=0)
	                    Index Cond: ((id >= 7183223) AND (id <= 7184222))

table 7 : explain SELECT DISTINCT c FROM sbtest7 WHERE id BETWEEN 1109234 AND 1110233 ORDER BY c
	Unique  (cost=3891.26..3896.21 rows=990 width=121)
	  ->  Sort  (cost=3891.26..3893.73 rows=990 width=121)
	        Sort Key: c
	        ->  Bitmap Heap Scan on sbtest7  (cost=34.58..3842.00 rows=990 width=121)
	              Recheck Cond: ((id >= 1109234) AND (id <= 1110233))
	              ->  Bitmap Index Scan on sbtest7_pkey  (cost=0.00..34.34 rows=990 width=0)
	                    Index Cond: ((id >= 1109234) AND (id <= 1110233))

table 8 : explain SELECT DISTINCT c FROM sbtest8 WHERE id BETWEEN 9291231 AND 9292230 ORDER BY c
	Unique  (cost=4010.19..4015.30 rows=1022 width=121)
	  ->  Sort  (cost=4010.19..4012.74 rows=1022 width=121)
	        Sort Key: c
	        ->  Bitmap Heap Scan on sbtest8  (cost=34.91..3959.10 rows=1022 width=121)
	              Recheck Cond: ((id >= 9291231) AND (id <= 9292230))
	              ->  Bitmap Index Scan on sbtest8_pkey  (cost=0.00..34.66 rows=1022 width=0)
	                    Index Cond: ((id >= 9291231) AND (id <= 9292230))

for point_selects
table 1 : explain SELECT c FROM sbtest1 WHERE id=9803000
	Index Scan using sbtest1_pkey on sbtest1  (cost=0.43..8.45 rows=1 width=121)
	  Index Cond: (id = 9803000)

table 2 : explain SELECT c FROM sbtest2 WHERE id=9499700
	Index Scan using sbtest2_pkey on sbtest2  (cost=0.43..8.45 rows=1 width=121)
	  Index Cond: (id = 9499700)

table 3 : explain SELECT c FROM sbtest3 WHERE id=1996810
	Index Scan using sbtest3_pkey on sbtest3  (cost=0.43..8.45 rows=1 width=121)
	  Index Cond: (id = 1996810)

table 4 : explain SELECT c FROM sbtest4 WHERE id=8980046
	Index Scan using sbtest4_pkey on sbtest4  (cost=0.43..8.45 rows=1 width=121)
	  Index Cond: (id = 8980046)

table 5 : explain SELECT c FROM sbtest5 WHERE id=8746194
	Index Scan using sbtest5_pkey on sbtest5  (cost=0.43..8.45 rows=1 width=121)
	  Index Cond: (id = 8746194)

table 6 : explain SELECT c FROM sbtest6 WHERE id=3358899
	Index Scan using sbtest6_pkey on sbtest6  (cost=0.43..8.45 rows=1 width=121)
	  Index Cond: (id = 3358899)

table 7 : explain SELECT c FROM sbtest7 WHERE id=2213348
	Index Scan using sbtest7_pkey on sbtest7  (cost=0.43..8.45 rows=1 width=121)
	  Index Cond: (id = 2213348)

table 8 : explain SELECT c FROM sbtest8 WHERE id=5279377
	Index Scan using sbtest8_pkey on sbtest8  (cost=0.43..8.45 rows=1 width=121)
	  Index Cond: (id = 5279377)

for: simple_ranges
table 1 : explain SELECT c FROM sbtest1 WHERE id BETWEEN 7614447 AND 7615446
	Bitmap Heap Scan on sbtest1  (cost=34.36..3757.35 rows=968 width=121)
	  Recheck Cond: ((id >= 7614447) AND (id <= 7615446))
	  ->  Bitmap Index Scan on sbtest1_pkey  (cost=0.00..34.12 rows=968 width=0)
	        Index Cond: ((id >= 7614447) AND (id <= 7615446))

table 2 : explain SELECT c FROM sbtest2 WHERE id BETWEEN 7176515 AND 7177514
	Bitmap Heap Scan on sbtest2  (cost=34.97..3980.24 rows=1028 width=121)
	  Recheck Cond: ((id >= 7176515) AND (id <= 7177514))
	  ->  Bitmap Index Scan on sbtest2_pkey  (cost=0.00..34.72 rows=1028 width=0)
	        Index Cond: ((id >= 7176515) AND (id <= 7177514))

table 3 : explain SELECT c FROM sbtest3 WHERE id BETWEEN 5075849 AND 5076848
	Bitmap Heap Scan on sbtest3  (cost=34.73..3895.83 rows=1004 width=121)
	  Recheck Cond: ((id >= 5075849) AND (id <= 5076848))
	  ->  Bitmap Index Scan on sbtest3_pkey  (cost=0.00..34.48 rows=1004 width=0)
	        Index Cond: ((id >= 5075849) AND (id <= 5076848))

table 4 : explain SELECT c FROM sbtest4 WHERE id BETWEEN 2065005 AND 2066004
	Bitmap Heap Scan on sbtest4  (cost=29.73..3525.11 rows=907 width=121)
	  Recheck Cond: ((id >= 2065005) AND (id <= 2066004))
	  ->  Bitmap Index Scan on sbtest4_pkey  (cost=0.00..29.50 rows=907 width=0)
	        Index Cond: ((id >= 2065005) AND (id <= 2066004))

table 5 : explain SELECT c FROM sbtest5 WHERE id BETWEEN 9638717 AND 9639716
	Bitmap Heap Scan on sbtest5  (cost=39.77..4284.41 rows=1106 width=121)
	  Recheck Cond: ((id >= 9638717) AND (id <= 9639716))
	  ->  Bitmap Index Scan on sbtest5_pkey  (cost=0.00..39.50 rows=1106 width=0)
	        Index Cond: ((id >= 9638717) AND (id <= 9639716))

table 6 : explain SELECT c FROM sbtest6 WHERE id BETWEEN 9370437 AND 9371436
	Bitmap Heap Scan on sbtest6  (cost=39.86..4314.44 rows=1115 width=121)
	  Recheck Cond: ((id >= 9370437) AND (id <= 9371436))
	  ->  Bitmap Index Scan on sbtest6_pkey  (cost=0.00..39.59 rows=1115 width=0)
	        Index Cond: ((id >= 9370437) AND (id <= 9371436))

table 7 : explain SELECT c FROM sbtest7 WHERE id BETWEEN 8627139 AND 8628138
	Bitmap Heap Scan on sbtest7  (cost=34.52..3819.33 rows=984 width=121)
	  Recheck Cond: ((id >= 8627139) AND (id <= 8628138))
	  ->  Bitmap Index Scan on sbtest7_pkey  (cost=0.00..34.28 rows=984 width=0)
	        Index Cond: ((id >= 8627139) AND (id <= 8628138))

table 8 : explain SELECT c FROM sbtest8 WHERE id BETWEEN 7460798 AND 7461797
	Bitmap Heap Scan on sbtest8  (cost=29.61..3475.53 rows=895 width=121)
	  Recheck Cond: ((id >= 7460798) AND (id <= 7461797))
	  ->  Bitmap Index Scan on sbtest8_pkey  (cost=0.00..29.39 rows=895 width=0)
	        Index Cond: ((id >= 7460798) AND (id <= 7461797))

explain: for point_selects :: explain SELECT c FROM sbtest%u WHERE id=%u
for: order_ranges
table 1 : explain SELECT c FROM sbtest1 WHERE id BETWEEN 6403517 AND 6404516 ORDER BY c
	Sort  (cost=3690.27..3692.61 rows=938 width=121)
	  Sort Key: c
	  ->  Bitmap Heap Scan on sbtest1  (cost=34.05..3643.96 rows=938 width=121)
	        Recheck Cond: ((id >= 6403517) AND (id <= 6404516))
	        ->  Bitmap Index Scan on sbtest1_pkey  (cost=0.00..33.82 rows=938 width=0)
	              Index Cond: ((id >= 6403517) AND (id <= 6404516))

table 2 : explain SELECT c FROM sbtest2 WHERE id BETWEEN 8590594 AND 8591593 ORDER BY c
	Sort  (cost=4092.81..4095.42 rows=1044 width=121)
	  Sort Key: c
	  ->  Bitmap Heap Scan on sbtest2  (cost=35.14..4040.46 rows=1044 width=121)
	        Recheck Cond: ((id >= 8590594) AND (id <= 8591593))
	        ->  Bitmap Index Scan on sbtest2_pkey  (cost=0.00..34.88 rows=1044 width=0)
	              Index Cond: ((id >= 8590594) AND (id <= 8591593))

table 3 : explain SELECT c FROM sbtest3 WHERE id BETWEEN 9475508 AND 9476507 ORDER BY c
	Sort  (cost=3592.64..3594.92 rows=912 width=121)
	  Sort Key: c
	  ->  Bitmap Heap Scan on sbtest3  (cost=33.78..3547.81 rows=912 width=121)
	        Recheck Cond: ((id >= 9475508) AND (id <= 9476507))
	        ->  Bitmap Index Scan on sbtest3_pkey  (cost=0.00..33.56 rows=912 width=0)
	              Index Cond: ((id >= 9475508) AND (id <= 9476507))

table 4 : explain SELECT c FROM sbtest4 WHERE id BETWEEN 5201193 AND 5202192 ORDER BY c
	Sort  (cost=3942.34..3944.85 rows=1003 width=121)
	  Sort Key: c
	  ->  Bitmap Heap Scan on sbtest4  (cost=34.72..3892.34 rows=1003 width=121)
	        Recheck Cond: ((id >= 5201193) AND (id <= 5202192))
	        ->  Bitmap Index Scan on sbtest4_pkey  (cost=0.00..34.47 rows=1003 width=0)
	              Index Cond: ((id >= 5201193) AND (id <= 5202192))

table 5 : explain SELECT c FROM sbtest5 WHERE id BETWEEN 3692449 AND 3693448 ORDER BY c
	Sort  (cost=3842.28..3844.73 rows=977 width=121)
	  Sort Key: c
	  ->  Bitmap Heap Scan on sbtest5  (cost=34.45..3793.77 rows=977 width=121)
	        Recheck Cond: ((id >= 3692449) AND (id <= 3693448))
	        ->  Bitmap Index Scan on sbtest5_pkey  (cost=0.00..34.20 rows=977 width=0)
	              Index Cond: ((id >= 3692449) AND (id <= 3693448))

table 6 : explain SELECT c FROM sbtest6 WHERE id BETWEEN 4086872 AND 4087871 ORDER BY c
	Sort  (cost=3674.23..3676.56 rows=934 width=121)
	  Sort Key: c
	  ->  Bitmap Heap Scan on sbtest6  (cost=34.01..3628.15 rows=934 width=121)
	        Recheck Cond: ((id >= 4086872) AND (id <= 4087871))
	        ->  Bitmap Index Scan on sbtest6_pkey  (cost=0.00..33.78 rows=934 width=0)
	              Index Cond: ((id >= 4086872) AND (id <= 4087871))

table 7 : explain SELECT c FROM sbtest7 WHERE id BETWEEN 6008929 AND 6009928 ORDER BY c
	Sort  (cost=4090.48..4093.09 rows=1042 width=121)
	  Sort Key: c
	  ->  Bitmap Heap Scan on sbtest7  (cost=35.12..4038.25 rows=1042 width=121)
	        Recheck Cond: ((id >= 6008929) AND (id <= 6009928))
	        ->  Bitmap Index Scan on sbtest7_pkey  (cost=0.00..34.86 rows=1042 width=0)
	              Index Cond: ((id >= 6008929) AND (id <= 6009928))

table 8 : explain SELECT c FROM sbtest8 WHERE id BETWEEN 8936430 AND 8937429 ORDER BY c
	Sort  (cost=3834.10..3836.54 rows=976 width=121)
	  Sort Key: c
	  ->  Bitmap Heap Scan on sbtest8  (cost=34.44..3785.64 rows=976 width=121)
	        Recheck Cond: ((id >= 8936430) AND (id <= 8937429))
	        ->  Bitmap Index Scan on sbtest8_pkey  (cost=0.00..34.20 rows=976 width=0)
	              Index Cond: ((id >= 8936430) AND (id <= 8937429))

for: simple_ranges
table 1 : explain SELECT c FROM sbtest1 WHERE id BETWEEN 4811568 AND 4812567
	Bitmap Heap Scan on sbtest1  (cost=34.73..3893.27 rows=1004 width=121)
	  Recheck Cond: ((id >= 4811568) AND (id <= 4812567))
	  ->  Bitmap Index Scan on sbtest1_pkey  (cost=0.00..34.48 rows=1004 width=0)
	        Index Cond: ((id >= 4811568) AND (id <= 4812567))

table 2 : explain SELECT c FROM sbtest2 WHERE id BETWEEN 6020020 AND 6021019
	Bitmap Heap Scan on sbtest2  (cost=34.07..3648.41 rows=940 width=121)
	  Recheck Cond: ((id >= 6020020) AND (id <= 6021019))
	  ->  Bitmap Index Scan on sbtest2_pkey  (cost=0.00..33.84 rows=940 width=0)
	        Index Cond: ((id >= 6020020) AND (id <= 6021019))

table 3 : explain SELECT c FROM sbtest3 WHERE id BETWEEN 2137627 AND 2138626
	Bitmap Heap Scan on sbtest3  (cost=35.05..4016.63 rows=1036 width=121)
	  Recheck Cond: ((id >= 2137627) AND (id <= 2138626))
	  ->  Bitmap Index Scan on sbtest3_pkey  (cost=0.00..34.80 rows=1036 width=0)
	        Index Cond: ((id >= 2137627) AND (id <= 2138626))

table 4 : explain SELECT c FROM sbtest4 WHERE id BETWEEN 29584 AND 30583
	Bitmap Heap Scan on sbtest4  (cost=35.16..4054.67 rows=1046 width=121)
	  Recheck Cond: ((id >= 29584) AND (id <= 30583))
	  ->  Bitmap Index Scan on sbtest4_pkey  (cost=0.00..34.90 rows=1046 width=0)
	        Index Cond: ((id >= 29584) AND (id <= 30583))

table 5 : explain SELECT c FROM sbtest5 WHERE id BETWEEN 7844213 AND 7845212
	Bitmap Heap Scan on sbtest5  (cost=29.60..3475.56 rows=894 width=121)
	  Recheck Cond: ((id >= 7844213) AND (id <= 7845212))
	  ->  Bitmap Index Scan on sbtest5_pkey  (cost=0.00..29.37 rows=894 width=0)
	        Index Cond: ((id >= 7844213) AND (id <= 7845212))

table 6 : explain SELECT c FROM sbtest6 WHERE id BETWEEN 4828791 AND 4829790
	Bitmap Heap Scan on sbtest6  (cost=29.39..3397.04 rows=874 width=121)
	  Recheck Cond: ((id >= 4828791) AND (id <= 4829790))
	  ->  Bitmap Index Scan on sbtest6_pkey  (cost=0.00..29.18 rows=874 width=0)
	        Index Cond: ((id >= 4828791) AND (id <= 4829790))

table 7 : explain SELECT c FROM sbtest7 WHERE id BETWEEN 5711478 AND 5712477
	Bitmap Heap Scan on sbtest7  (cost=29.53..3448.25 rows=887 width=121)
	  Recheck Cond: ((id >= 5711478) AND (id <= 5712477))
	  ->  Bitmap Index Scan on sbtest7_pkey  (cost=0.00..29.30 rows=887 width=0)
	        Index Cond: ((id >= 5711478) AND (id <= 5712477))

table 8 : explain SELECT c FROM sbtest8 WHERE id BETWEEN 7793355 AND 7794354
	Bitmap Heap Scan on sbtest8  (cost=35.28..4094.67 rows=1058 width=121)
	  Recheck Cond: ((id >= 7793355) AND (id <= 7794354))
	  ->  Bitmap Index Scan on sbtest8_pkey  (cost=0.00..35.02 rows=1058 width=0)
	        Index Cond: ((id >= 7793355) AND (id <= 7794354))

for: order_ranges
table 1 : explain SELECT c FROM sbtest1 WHERE id BETWEEN 3496705 AND 3497704 ORDER BY c
	Sort  (cost=3759.34..3761.73 rows=956 width=121)
	  Sort Key: c
	  ->  Bitmap Heap Scan on sbtest1  (cost=34.23..3712.01 rows=956 width=121)
	        Recheck Cond: ((id >= 3496705) AND (id <= 3497704))
	        ->  Bitmap Index Scan on sbtest1_pkey  (cost=0.00..34.00 rows=956 width=0)
	              Index Cond: ((id >= 3496705) AND (id <= 3497704))

table 2 : explain SELECT c FROM sbtest2 WHERE id BETWEEN 762529 AND 763528 ORDER BY c
	Sort  (cost=3805.94..3808.36 rows=969 width=121)
	  Sort Key: c
	  ->  Bitmap Heap Scan on sbtest2  (cost=34.37..3757.88 rows=969 width=121)
	        Recheck Cond: ((id >= 762529) AND (id <= 763528))
	        ->  Bitmap Index Scan on sbtest2_pkey  (cost=0.00..34.12 rows=969 width=0)
	              Index Cond: ((id >= 762529) AND (id <= 763528))

table 3 : explain SELECT c FROM sbtest3 WHERE id BETWEEN 6021824 AND 6022823 ORDER BY c
	Sort  (cost=3746.35..3748.73 rows=952 width=121)
	  Sort Key: c
	  ->  Bitmap Heap Scan on sbtest3  (cost=34.19..3699.25 rows=952 width=121)
	        Recheck Cond: ((id >= 6021824) AND (id <= 6022823))
	        ->  Bitmap Index Scan on sbtest3_pkey  (cost=0.00..33.95 rows=952 width=0)
	              Index Cond: ((id >= 6021824) AND (id <= 6022823))

table 4 : explain SELECT c FROM sbtest4 WHERE id BETWEEN 6345993 AND 6346992 ORDER BY c
	Sort  (cost=4087.98..4090.58 rows=1041 width=121)
	  Sort Key: c
	  ->  Bitmap Heap Scan on sbtest4  (cost=35.11..4035.80 rows=1041 width=121)
	        Recheck Cond: ((id >= 6345993) AND (id <= 6346992))
	        ->  Bitmap Index Scan on sbtest4_pkey  (cost=0.00..34.84 rows=1041 width=0)
	              Index Cond: ((id >= 6345993) AND (id <= 6346992))

table 5 : explain SELECT c FROM sbtest5 WHERE id BETWEEN 9833699 AND 9834698 ORDER BY c
	Sort  (cost=3907.50..3909.99 rows=994 width=121)
	  Sort Key: c
	  ->  Bitmap Heap Scan on sbtest5  (cost=34.62..3858.01 rows=994 width=121)
	        Recheck Cond: ((id >= 9833699) AND (id <= 9834698))
	        ->  Bitmap Index Scan on sbtest5_pkey  (cost=0.00..34.38 rows=994 width=0)
	              Index Cond: ((id >= 9833699) AND (id <= 9834698))

table 6 : explain SELECT c FROM sbtest6 WHERE id BETWEEN 5646310 AND 5647309 ORDER BY c
	Sort  (cost=3946.39..3948.90 rows=1005 width=121)
	  Sort Key: c
	  ->  Bitmap Heap Scan on sbtest6  (cost=34.74..3896.28 rows=1005 width=121)
	        Recheck Cond: ((id >= 5646310) AND (id <= 5647309))
	        ->  Bitmap Index Scan on sbtest6_pkey  (cost=0.00..34.48 rows=1005 width=0)
	              Index Cond: ((id >= 5646310) AND (id <= 5647309))

table 7 : explain SELECT c FROM sbtest7 WHERE id BETWEEN 2441360 AND 2442359 ORDER BY c
	Sort  (cost=3994.74..3997.28 rows=1017 width=121)
	  Sort Key: c
	  ->  Bitmap Heap Scan on sbtest7  (cost=34.86..3943.94 rows=1017 width=121)
	        Recheck Cond: ((id >= 2441360) AND (id <= 2442359))
	        ->  Bitmap Index Scan on sbtest7_pkey  (cost=0.00..34.61 rows=1017 width=0)
	              Index Cond: ((id >= 2441360) AND (id <= 2442359))

table 8 : explain SELECT c FROM sbtest8 WHERE id BETWEEN 7363877 AND 7364876 ORDER BY c
	Sort  (cost=4025.49..4028.05 rows=1026 width=121)
	  Sort Key: c
	  ->  Bitmap Heap Scan on sbtest8  (cost=34.95..3974.17 rows=1026 width=121)
	        Recheck Cond: ((id >= 7363877) AND (id <= 7364876))
	        ->  Bitmap Index Scan on sbtest8_pkey  (cost=0.00..34.70 rows=1026 width=0)
	              Index Cond: ((id >= 7363877) AND (id <= 7364876))

for: order_ranges
table 1 : explain SELECT c FROM sbtest1 WHERE id BETWEEN 2527098 AND 2528097 ORDER BY c
	Sort  (cost=3885.86..3888.33 rows=989 width=121)
	  Sort Key: c
	  ->  Bitmap Heap Scan on sbtest1  (cost=34.57..3836.66 rows=989 width=121)
	        Recheck Cond: ((id >= 2527098) AND (id <= 2528097))
	        ->  Bitmap Index Scan on sbtest1_pkey  (cost=0.00..34.33 rows=989 width=0)
	              Index Cond: ((id >= 2527098) AND (id <= 2528097))

table 2 : explain SELECT c FROM sbtest2 WHERE id BETWEEN 1952555 AND 1953554 ORDER BY c
	Sort  (cost=4367.84..4370.63 rows=1116 width=121)
	  Sort Key: c
	  ->  Bitmap Heap Scan on sbtest2  (cost=39.87..4311.35 rows=1116 width=121)
	        Recheck Cond: ((id >= 1952555) AND (id <= 1953554))
	        ->  Bitmap Index Scan on sbtest2_pkey  (cost=0.00..39.59 rows=1116 width=0)
	              Index Cond: ((id >= 1952555) AND (id <= 1953554))

table 3 : explain SELECT c FROM sbtest3 WHERE id BETWEEN 907787 AND 908786 ORDER BY c
	Sort  (cost=3807.78..3810.20 rows=968 width=121)
	  Sort Key: c
	  ->  Bitmap Heap Scan on sbtest3  (cost=34.36..3759.77 rows=968 width=121)
	        Recheck Cond: ((id >= 907787) AND (id <= 908786))
	        ->  Bitmap Index Scan on sbtest3_pkey  (cost=0.00..34.12 rows=968 width=0)
	              Index Cond: ((id >= 907787) AND (id <= 908786))

table 4 : explain SELECT c FROM sbtest4 WHERE id BETWEEN 8333828 AND 8334827 ORDER BY c
	Sort  (cost=4371.29..4374.07 rows=1114 width=121)
	  Sort Key: c
	  ->  Bitmap Heap Scan on sbtest4  (cost=39.85..4314.91 rows=1114 width=121)
	        Recheck Cond: ((id >= 8333828) AND (id <= 8334827))
	        ->  Bitmap Index Scan on sbtest4_pkey  (cost=0.00..39.58 rows=1114 width=0)
	              Index Cond: ((id >= 8333828) AND (id <= 8334827))

table 5 : explain SELECT c FROM sbtest5 WHERE id BETWEEN 7436949 AND 7437948 ORDER BY c
	Sort  (cost=3727.11..3729.48 rows=947 width=121)
	  Sort Key: c
	  ->  Bitmap Heap Scan on sbtest5  (cost=34.14..3680.30 rows=947 width=121)
	        Recheck Cond: ((id >= 7436949) AND (id <= 7437948))
	        ->  Bitmap Index Scan on sbtest5_pkey  (cost=0.00..33.91 rows=947 width=0)
	              Index Cond: ((id >= 7436949) AND (id <= 7437948))

table 6 : explain SELECT c FROM sbtest6 WHERE id BETWEEN 9567801 AND 9568800 ORDER BY c
	Sort  (cost=4347.98..4350.75 rows=1109 width=121)
	  Sort Key: c
	  ->  Bitmap Heap Scan on sbtest6  (cost=39.80..4291.89 rows=1109 width=121)
	        Recheck Cond: ((id >= 9567801) AND (id <= 9568800))
	        ->  Bitmap Index Scan on sbtest6_pkey  (cost=0.00..39.53 rows=1109 width=0)
	              Index Cond: ((id >= 9567801) AND (id <= 9568800))

table 7 : explain SELECT c FROM sbtest7 WHERE id BETWEEN 3393484 AND 3394483 ORDER BY c
	Sort  (cost=3503.22..3505.45 rows=890 width=121)
	  Sort Key: c
	  ->  Bitmap Heap Scan on sbtest7  (cost=29.56..3459.62 rows=890 width=121)
	        Recheck Cond: ((id >= 3393484) AND (id <= 3394483))
	        ->  Bitmap Index Scan on sbtest7_pkey  (cost=0.00..29.33 rows=890 width=0)
	              Index Cond: ((id >= 3393484) AND (id <= 3394483))

table 8 : explain SELECT c FROM sbtest8 WHERE id BETWEEN 8259039 AND 8260038 ORDER BY c
	Sort  (cost=3465.63..3467.83 rows=881 width=121)
	  Sort Key: c
	  ->  Bitmap Heap Scan on sbtest8  (cost=29.47..3422.54 rows=881 width=121)
	        Recheck Cond: ((id >= 8259039) AND (id <= 8260038))
	        ->  Bitmap Index Scan on sbtest8_pkey  (cost=0.00..29.25 rows=881 width=0)
	              Index Cond: ((id >= 8259039) AND (id <= 8260038))

explain: for point_selects :: explain SELECT c FROM sbtest%u WHERE id=%u
explain: for point_selects :: explain SELECT c FROM sbtest%u WHERE id=%u
for: order_ranges
table 1 : explain SELECT c FROM sbtest1 WHERE id BETWEEN 5310558 AND 5311557 ORDER BY c
	Sort  (cost=4169.11..4171.77 rows=1063 width=121)
	  Sort Key: c
	  ->  Bitmap Heap Scan on sbtest1  (cost=35.33..4115.68 rows=1063 width=121)
	        Recheck Cond: ((id >= 5310558) AND (id <= 5311557))
	        ->  Bitmap Index Scan on sbtest1_pkey  (cost=0.00..35.07 rows=1063 width=0)
	              Index Cond: ((id >= 5310558) AND (id <= 5311557))

table 2 : explain SELECT c FROM sbtest2 WHERE id BETWEEN 7971157 AND 7972156 ORDER BY c
	Sort  (cost=3668.00..3670.33 rows=933 width=121)
	  Sort Key: c
	  ->  Bitmap Heap Scan on sbtest2  (cost=34.00..3621.98 rows=933 width=121)
	        Recheck Cond: ((id >= 7971157) AND (id <= 7972156))
	        ->  Bitmap Index Scan on sbtest2_pkey  (cost=0.00..33.77 rows=933 width=0)
	              Index Cond: ((id >= 7971157) AND (id <= 7972156))

table 3 : explain SELECT c FROM sbtest3 WHERE id BETWEEN 7661865 AND 7662864 ORDER BY c
	Sort  (cost=4007.22..4009.77 rows=1020 width=121)
	  Sort Key: c
	  ->  Bitmap Heap Scan on sbtest3  (cost=34.89..3956.24 rows=1020 width=121)
	        Recheck Cond: ((id >= 7661865) AND (id <= 7662864))
	        ->  Bitmap Index Scan on sbtest3_pkey  (cost=0.00..34.64 rows=1020 width=0)
	              Index Cond: ((id >= 7661865) AND (id <= 7662864))

table 4 : explain SELECT c FROM sbtest4 WHERE id BETWEEN 7754142 AND 7755141 ORDER BY c
	Sort  (cost=4202.84..4205.51 rows=1071 width=121)
	  Sort Key: c
	  ->  Bitmap Heap Scan on sbtest4  (cost=35.41..4148.94 rows=1071 width=121)
	        Recheck Cond: ((id >= 7754142) AND (id <= 7755141))
	        ->  Bitmap Index Scan on sbtest4_pkey  (cost=0.00..35.15 rows=1071 width=0)
	              Index Cond: ((id >= 7754142) AND (id <= 7755141))

table 5 : explain SELECT c FROM sbtest5 WHERE id BETWEEN 4223135 AND 4224134 ORDER BY c
	Sort  (cost=4030.17..4032.73 rows=1026 width=121)
	  Sort Key: c
	  ->  Bitmap Heap Scan on sbtest5  (cost=34.95..3978.85 rows=1026 width=121)
	        Recheck Cond: ((id >= 4223135) AND (id <= 4224134))
	        ->  Bitmap Index Scan on sbtest5_pkey  (cost=0.00..34.70 rows=1026 width=0)
	              Index Cond: ((id >= 4223135) AND (id <= 4224134))

table 6 : explain SELECT c FROM sbtest6 WHERE id BETWEEN 1804463 AND 1805462 ORDER BY c
	Sort  (cost=3651.20..3653.52 rows=928 width=121)
	  Sort Key: c
	  ->  Bitmap Heap Scan on sbtest6  (cost=33.95..3605.46 rows=928 width=121)
	        Recheck Cond: ((id >= 1804463) AND (id <= 1805462))
	        ->  Bitmap Index Scan on sbtest6_pkey  (cost=0.00..33.72 rows=928 width=0)
	              Index Cond: ((id >= 1804463) AND (id <= 1805462))

table 7 : explain SELECT c FROM sbtest7 WHERE id BETWEEN 6701807 AND 6702806 ORDER BY c
	Sort  (cost=3799.20..3801.61 rows=966 width=121)
	  Sort Key: c
	  ->  Bitmap Heap Scan on sbtest7  (cost=34.34..3751.30 rows=966 width=121)
	        Recheck Cond: ((id >= 6701807) AND (id <= 6702806))
	        ->  Bitmap Index Scan on sbtest7_pkey  (cost=0.00..34.09 rows=966 width=0)
	              Index Cond: ((id >= 6701807) AND (id <= 6702806))

table 8 : explain SELECT c FROM sbtest8 WHERE id BETWEEN 1037056 AND 1038055 ORDER BY c
	Sort  (cost=3837.93..3840.38 rows=977 width=121)
	  Sort Key: c
	  ->  Bitmap Heap Scan on sbtest8  (cost=34.45..3789.42 rows=977 width=121)
	        Recheck Cond: ((id >= 1037056) AND (id <= 1038055))
	        ->  Bitmap Index Scan on sbtest8_pkey  (cost=0.00..34.20 rows=977 width=0)
	              Index Cond: ((id >= 1037056) AND (id <= 1038055))

for: simple_ranges
table 1 : explain SELECT c FROM sbtest1 WHERE id BETWEEN 1412843 AND 1413842
	Bitmap Heap Scan on sbtest1  (cost=29.18..3318.04 rows=853 width=121)
	  Recheck Cond: ((id >= 1412843) AND (id <= 1413842))
	  ->  Bitmap Index Scan on sbtest1_pkey  (cost=0.00..28.96 rows=853 width=0)
	        Index Cond: ((id >= 1412843) AND (id <= 1413842))

table 2 : explain SELECT c FROM sbtest2 WHERE id BETWEEN 1612175 AND 1613174
	Bitmap Heap Scan on sbtest2  (cost=35.01..3995.29 rows=1032 width=121)
	  Recheck Cond: ((id >= 1612175) AND (id <= 1613174))
	  ->  Bitmap Index Scan on sbtest2_pkey  (cost=0.00..34.76 rows=1032 width=0)
	        Index Cond: ((id >= 1612175) AND (id <= 1613174))

table 3 : explain SELECT c FROM sbtest3 WHERE id BETWEEN 5132067 AND 5133066
	Bitmap Heap Scan on sbtest3  (cost=33.95..3608.41 rows=928 width=121)
	  Recheck Cond: ((id >= 5132067) AND (id <= 5133066))
	  ->  Bitmap Index Scan on sbtest3_pkey  (cost=0.00..33.72 rows=928 width=0)
	        Index Cond: ((id >= 5132067) AND (id <= 5133066))

table 4 : explain SELECT c FROM sbtest4 WHERE id BETWEEN 8356725 AND 8357724
	Bitmap Heap Scan on sbtest4  (cost=39.85..4314.91 rows=1114 width=121)
	  Recheck Cond: ((id >= 8356725) AND (id <= 8357724))
	  ->  Bitmap Index Scan on sbtest4_pkey  (cost=0.00..39.58 rows=1114 width=0)
	        Index Cond: ((id >= 8356725) AND (id <= 8357724))

table 5 : explain SELECT c FROM sbtest5 WHERE id BETWEEN 1110672 AND 1111671
	Bitmap Heap Scan on sbtest5  (cost=34.99..3993.95 rows=1030 width=121)
	  Recheck Cond: ((id >= 1110672) AND (id <= 1111671))
	  ->  Bitmap Index Scan on sbtest5_pkey  (cost=0.00..34.73 rows=1030 width=0)
	        Index Cond: ((id >= 1110672) AND (id <= 1111671))

table 6 : explain SELECT c FROM sbtest6 WHERE id BETWEEN 7521386 AND 7522385
	Bitmap Heap Scan on sbtest6  (cost=35.04..4009.38 rows=1035 width=121)
	  Recheck Cond: ((id >= 7521386) AND (id <= 7522385))
	  ->  Bitmap Index Scan on sbtest6_pkey  (cost=0.00..34.79 rows=1035 width=0)
	        Index Cond: ((id >= 7521386) AND (id <= 7522385))

table 7 : explain SELECT c FROM sbtest7 WHERE id BETWEEN 5632344 AND 5633343
	Bitmap Heap Scan on sbtest7  (cost=39.75..4275.82 rows=1104 width=121)
	  Recheck Cond: ((id >= 5632344) AND (id <= 5633343))
	  ->  Bitmap Index Scan on sbtest7_pkey  (cost=0.00..39.48 rows=1104 width=0)
	        Index Cond: ((id >= 5632344) AND (id <= 5633343))

table 8 : explain SELECT c FROM sbtest8 WHERE id BETWEEN 8295203 AND 8296202
	Bitmap Heap Scan on sbtest8  (cost=29.47..3422.54 rows=881 width=121)
	  Recheck Cond: ((id >= 8295203) AND (id <= 8296202))
	  ->  Bitmap Index Scan on sbtest8_pkey  (cost=0.00..29.25 rows=881 width=0)
	        Index Cond: ((id >= 8295203) AND (id <= 8296202))

for: sum_ranges
table 1 : explain SELECT SUM(k) FROM sbtest1 WHERE id BETWEEN 4336193 AND 4337192
	Aggregate  (cost=3721.96..3721.97 rows=1 width=8)
	  ->  Bitmap Heap Scan on sbtest1  (cost=34.25..3719.57 rows=958 width=4)
	        Recheck Cond: ((id >= 4336193) AND (id <= 4337192))
	        ->  Bitmap Index Scan on sbtest1_pkey  (cost=0.00..34.02 rows=958 width=0)
	              Index Cond: ((id >= 4336193) AND (id <= 4337192))

table 2 : explain SELECT SUM(k) FROM sbtest2 WHERE id BETWEEN 8818681 AND 8819680
	Aggregate  (cost=4024.24..4024.25 rows=1 width=8)
	  ->  Bitmap Heap Scan on sbtest2  (cost=35.08..4021.64 rows=1039 width=4)
	        Recheck Cond: ((id >= 8818681) AND (id <= 8819680))
	        ->  Bitmap Index Scan on sbtest2_pkey  (cost=0.00..34.83 rows=1039 width=0)
	              Index Cond: ((id >= 8818681) AND (id <= 8819680))

table 3 : explain SELECT SUM(k) FROM sbtest3 WHERE id BETWEEN 2918038 AND 2919037
	Aggregate  (cost=3890.78..3890.79 rows=1 width=8)
	  ->  Bitmap Heap Scan on sbtest3  (cost=34.71..3888.27 rows=1002 width=4)
	        Recheck Cond: ((id >= 2918038) AND (id <= 2919037))
	        ->  Bitmap Index Scan on sbtest3_pkey  (cost=0.00..34.45 rows=1002 width=0)
	              Index Cond: ((id >= 2918038) AND (id <= 2919037))

table 4 : explain SELECT SUM(k) FROM sbtest4 WHERE id BETWEEN 4398565 AND 4399564
	Aggregate  (cost=3777.61..3777.62 rows=1 width=8)
	  ->  Bitmap Heap Scan on sbtest4  (cost=34.40..3775.18 rows=972 width=4)
	        Recheck Cond: ((id >= 4398565) AND (id <= 4399564))
	        ->  Bitmap Index Scan on sbtest4_pkey  (cost=0.00..34.16 rows=972 width=0)
	              Index Cond: ((id >= 4398565) AND (id <= 4399564))

table 5 : explain SELECT SUM(k) FROM sbtest5 WHERE id BETWEEN 6678435 AND 6679434
	Aggregate  (cost=3447.44..3447.45 rows=1 width=8)
	  ->  Bitmap Heap Scan on sbtest5  (cost=29.52..3445.22 rows=886 width=4)
	        Recheck Cond: ((id >= 6678435) AND (id <= 6679434))
	        ->  Bitmap Index Scan on sbtest5_pkey  (cost=0.00..29.29 rows=886 width=0)
	              Index Cond: ((id >= 6678435) AND (id <= 6679434))

table 6 : explain SELECT SUM(k) FROM sbtest6 WHERE id BETWEEN 2837233 AND 2838232
	Aggregate  (cost=3770.38..3770.39 rows=1 width=8)
	  ->  Bitmap Heap Scan on sbtest6  (cost=34.39..3767.96 rows=971 width=4)
	        Recheck Cond: ((id >= 2837233) AND (id <= 2838232))
	        ->  Bitmap Index Scan on sbtest6_pkey  (cost=0.00..34.15 rows=971 width=0)
	              Index Cond: ((id >= 2837233) AND (id <= 2838232))

table 7 : explain SELECT SUM(k) FROM sbtest7 WHERE id BETWEEN 9418059 AND 9419058
	Aggregate  (cost=3757.50..3757.51 rows=1 width=8)
	  ->  Bitmap Heap Scan on sbtest7  (cost=34.35..3755.08 rows=967 width=4)
	        Recheck Cond: ((id >= 9418059) AND (id <= 9419058))
	        ->  Bitmap Index Scan on sbtest7_pkey  (cost=0.00..34.11 rows=967 width=0)
	              Index Cond: ((id >= 9418059) AND (id <= 9419058))

table 8 : explain SELECT SUM(k) FROM sbtest8 WHERE id BETWEEN 1057558 AND 1058557
	Aggregate  (cost=3791.86..3791.87 rows=1 width=8)
	  ->  Bitmap Heap Scan on sbtest8  (cost=34.45..3789.42 rows=977 width=4)
	        Recheck Cond: ((id >= 1057558) AND (id <= 1058557))
	        ->  Bitmap Index Scan on sbtest8_pkey  (cost=0.00..34.20 rows=977 width=0)
	              Index Cond: ((id >= 1057558) AND (id <= 1058557))

for point_selects
table 1 : explain SELECT c FROM sbtest1 WHERE id=2806410
	Index Scan using sbtest1_pkey on sbtest1  (cost=0.43..8.45 rows=1 width=121)
	  Index Cond: (id = 2806410)

table 2 : explain SELECT c FROM sbtest2 WHERE id=2970811
	Index Scan using sbtest2_pkey on sbtest2  (cost=0.43..8.45 rows=1 width=121)
	  Index Cond: (id = 2970811)

table 3 : explain SELECT c FROM sbtest3 WHERE id=6730696
	Index Scan using sbtest3_pkey on sbtest3  (cost=0.43..8.45 rows=1 width=121)
	  Index Cond: (id = 6730696)

table 4 : explain SELECT c FROM sbtest4 WHERE id=2079552
	Index Scan using sbtest4_pkey on sbtest4  (cost=0.43..8.45 rows=1 width=121)
	  Index Cond: (id = 2079552)

table 5 : explain SELECT c FROM sbtest5 WHERE id=9777749
	Index Scan using sbtest5_pkey on sbtest5  (cost=0.43..8.45 rows=1 width=121)
	  Index Cond: (id = 9777749)

table 6 : explain SELECT c FROM sbtest6 WHERE id=2250729
	Index Scan using sbtest6_pkey on sbtest6  (cost=0.43..8.45 rows=1 width=121)
	  Index Cond: (id = 2250729)

table 7 : explain SELECT c FROM sbtest7 WHERE id=44360
	Index Scan using sbtest7_pkey on sbtest7  (cost=0.43..8.45 rows=1 width=121)
	  Index Cond: (id = 44360)

table 8 : explain SELECT c FROM sbtest8 WHERE id=3029666
	Index Scan using sbtest8_pkey on sbtest8  (cost=0.43..8.45 rows=1 width=121)
	  Index Cond: (id = 3029666)

for: distinct_ranges
table 1 : explain SELECT DISTINCT c FROM sbtest1 WHERE id BETWEEN 1953811 AND 1954810 ORDER BY c
	Unique  (cost=4127.05..4132.31 rows=1052 width=121)
	  ->  Sort  (cost=4127.05..4129.68 rows=1052 width=121)
	        Sort Key: c
	        ->  Bitmap Heap Scan on sbtest1  (cost=35.22..4074.24 rows=1052 width=121)
	              Recheck Cond: ((id >= 1953811) AND (id <= 1954810))
	              ->  Bitmap Index Scan on sbtest1_pkey  (cost=0.00..34.95 rows=1052 width=0)
	                    Index Cond: ((id >= 1953811) AND (id <= 1954810))

table 2 : explain SELECT DISTINCT c FROM sbtest2 WHERE id BETWEEN 799024 AND 800023 ORDER BY c
	Unique  (cost=3805.94..3810.78 rows=969 width=121)
	  ->  Sort  (cost=3805.94..3808.36 rows=969 width=121)
	        Sort Key: c
	        ->  Bitmap Heap Scan on sbtest2  (cost=34.37..3757.88 rows=969 width=121)
	              Recheck Cond: ((id >= 799024) AND (id <= 800023))
	              ->  Bitmap Index Scan on sbtest2_pkey  (cost=0.00..34.12 rows=969 width=0)
	                    Index Cond: ((id >= 799024) AND (id <= 800023))

table 3 : explain SELECT DISTINCT c FROM sbtest3 WHERE id BETWEEN 9680836 AND 9681835 ORDER BY c
	Unique  (cost=4240.77..4246.18 rows=1081 width=121)
	  ->  Sort  (cost=4240.77..4243.47 rows=1081 width=121)
	        Sort Key: c
	        ->  Bitmap Heap Scan on sbtest3  (cost=35.52..4186.30 rows=1081 width=121)
	              Recheck Cond: ((id >= 9680836) AND (id <= 9681835))
	              ->  Bitmap Index Scan on sbtest3_pkey  (cost=0.00..35.25 rows=1081 width=0)
	                    Index Cond: ((id >= 9680836) AND (id <= 9681835))

table 4 : explain SELECT DISTINCT c FROM sbtest4 WHERE id BETWEEN 3724028 AND 3725027 ORDER BY c
	Unique  (cost=3650.57..3655.20 rows=927 width=121)
	  ->  Sort  (cost=3650.57..3652.89 rows=927 width=121)
	        Sort Key: c
	        ->  Bitmap Heap Scan on sbtest4  (cost=33.94..3604.88 rows=927 width=121)
	              Recheck Cond: ((id >= 3724028) AND (id <= 3725027))
	              ->  Bitmap Index Scan on sbtest4_pkey  (cost=0.00..33.70 rows=927 width=0)
	                    Index Cond: ((id >= 3724028) AND (id <= 3725027))

table 5 : explain SELECT DISTINCT c FROM sbtest5 WHERE id BETWEEN 9499587 AND 9500586 ORDER BY c
	Unique  (cost=3849.96..3854.85 rows=979 width=121)
	  ->  Sort  (cost=3849.96..3852.41 rows=979 width=121)
	        Sort Key: c
	        ->  Bitmap Heap Scan on sbtest5  (cost=34.47..3801.33 rows=979 width=121)
	              Recheck Cond: ((id >= 9499587) AND (id <= 9500586))
	              ->  Bitmap Index Scan on sbtest5_pkey  (cost=0.00..34.23 rows=979 width=0)
	                    Index Cond: ((id >= 9499587) AND (id <= 9500586))

table 6 : explain SELECT DISTINCT c FROM sbtest6 WHERE id BETWEEN 8247696 AND 8248695 ORDER BY c
	Unique  (cost=4141.52..4146.80 rows=1056 width=121)
	  ->  Sort  (cost=4141.52..4144.16 rows=1056 width=121)
	        Sort Key: c
	        ->  Bitmap Heap Scan on sbtest6  (cost=35.26..4088.48 rows=1056 width=121)
	              Recheck Cond: ((id >= 8247696) AND (id <= 8248695))
	              ->  Bitmap Index Scan on sbtest6_pkey  (cost=0.00..35.00 rows=1056 width=0)
	                    Index Cond: ((id >= 8247696) AND (id <= 8248695))

table 7 : explain SELECT DISTINCT c FROM sbtest7 WHERE id BETWEEN 9925769 AND 9926768 ORDER BY c
	Unique  (cost=3810.71..3815.55 rows=969 width=121)
	  ->  Sort  (cost=3810.71..3813.13 rows=969 width=121)
	        Sort Key: c
	        ->  Bitmap Heap Scan on sbtest7  (cost=34.37..3762.64 rows=969 width=121)
	              Recheck Cond: ((id >= 9925769) AND (id <= 9926768))
	              ->  Bitmap Index Scan on sbtest7_pkey  (cost=0.00..34.12 rows=969 width=0)
	                    Index Cond: ((id >= 9925769) AND (id <= 9926768))

table 8 : explain SELECT DISTINCT c FROM sbtest8 WHERE id BETWEEN 1124897 AND 1125896 ORDER BY c
	Unique  (cost=3837.93..3842.82 rows=977 width=121)
	  ->  Sort  (cost=3837.93..3840.38 rows=977 width=121)
	        Sort Key: c
	        ->  Bitmap Heap Scan on sbtest8  (cost=34.45..3789.42 rows=977 width=121)
	              Recheck Cond: ((id >= 1124897) AND (id <= 1125896))
	              ->  Bitmap Index Scan on sbtest8_pkey  (cost=0.00..34.20 rows=977 width=0)
	                    Index Cond: ((id >= 1124897) AND (id <= 1125896))

for: distinct_ranges
table 1 : explain SELECT DISTINCT c FROM sbtest1 WHERE id BETWEEN 9709336 AND 9710335 ORDER BY c
	Unique  (cost=4207.34..4212.71 rows=1073 width=121)
	  ->  Sort  (cost=4207.34..4210.02 rows=1073 width=121)
	        Sort Key: c
	        ->  Bitmap Heap Scan on sbtest1  (cost=35.43..4153.33 rows=1073 width=121)
	              Recheck Cond: ((id >= 9709336) AND (id <= 9710335))
	              ->  Bitmap Index Scan on sbtest1_pkey  (cost=0.00..35.17 rows=1073 width=0)
	                    Index Cond: ((id >= 9709336) AND (id <= 9710335))

table 2 : explain SELECT DISTINCT c FROM sbtest2 WHERE id BETWEEN 6560812 AND 6561811 ORDER BY c
	Unique  (cost=4138.64..4143.92 rows=1056 width=121)
	  ->  Sort  (cost=4138.64..4141.28 rows=1056 width=121)
	        Sort Key: c
	        ->  Bitmap Heap Scan on sbtest2  (cost=35.26..4085.61 rows=1056 width=121)
	              Recheck Cond: ((id >= 6560812) AND (id <= 6561811))
	              ->  Bitmap Index Scan on sbtest2_pkey  (cost=0.00..35.00 rows=1056 width=0)
	                    Index Cond: ((id >= 6560812) AND (id <= 6561811))

table 3 : explain SELECT DISTINCT c FROM sbtest3 WHERE id BETWEEN 629356 AND 630355 ORDER BY c
	Unique  (cost=3915.21..3920.19 rows=996 width=121)
	  ->  Sort  (cost=3915.21..3917.70 rows=996 width=121)
	        Sort Key: c
	        ->  Bitmap Heap Scan on sbtest3  (cost=34.64..3865.61 rows=996 width=121)
	              Recheck Cond: ((id >= 629356) AND (id <= 630355))
	              ->  Bitmap Index Scan on sbtest3_pkey  (cost=0.00..34.40 rows=996 width=0)
	                    Index Cond: ((id >= 629356) AND (id <= 630355))

table 4 : explain SELECT DISTINCT c FROM sbtest4 WHERE id BETWEEN 4305356 AND 4306355 ORDER BY c
	Unique  (cost=3950.01..3955.04 rows=1005 width=121)
	  ->  Sort  (cost=3950.01..3952.53 rows=1005 width=121)
	        Sort Key: c
	        ->  Bitmap Heap Scan on sbtest4  (cost=34.74..3899.90 rows=1005 width=121)
	              Recheck Cond: ((id >= 4305356) AND (id <= 4306355))
	              ->  Bitmap Index Scan on sbtest4_pkey  (cost=0.00..34.48 rows=1005 width=0)
	                    Index Cond: ((id >= 4305356) AND (id <= 4306355))

table 5 : explain SELECT DISTINCT c FROM sbtest5 WHERE id BETWEEN 3190576 AND 3191575 ORDER BY c
	Unique  (cost=4060.82..4065.99 rows=1034 width=121)
	  ->  Sort  (cost=4060.82..4063.40 rows=1034 width=121)
	        Sort Key: c
	        ->  Bitmap Heap Scan on sbtest5  (cost=35.03..4009.04 rows=1034 width=121)
	              Recheck Cond: ((id >= 3190576) AND (id <= 3191575))
	              ->  Bitmap Index Scan on sbtest5_pkey  (cost=0.00..34.78 rows=1034 width=0)
	                    Index Cond: ((id >= 3190576) AND (id <= 3191575))

table 6 : explain SELECT DISTINCT c FROM sbtest6 WHERE id BETWEEN 5327428 AND 5328427 ORDER BY c
	Unique  (cost=3877.45..3882.38 rows=987 width=121)
	  ->  Sort  (cost=3877.45..3879.92 rows=987 width=121)
	        Sort Key: c
	        ->  Bitmap Heap Scan on sbtest6  (cost=34.55..3828.36 rows=987 width=121)
	              Recheck Cond: ((id >= 5327428) AND (id <= 5328427))
	              ->  Bitmap Index Scan on sbtest6_pkey  (cost=0.00..34.31 rows=987 width=0)
	                    Index Cond: ((id >= 5327428) AND (id <= 5328427))

table 7 : explain SELECT DISTINCT c FROM sbtest7 WHERE id BETWEEN 2317184 AND 2318183 ORDER BY c
	Unique  (cost=4036.88..4042.02 rows=1028 width=121)
	  ->  Sort  (cost=4036.88..4039.45 rows=1028 width=121)
	        Sort Key: c
	        ->  Bitmap Heap Scan on sbtest7  (cost=34.97..3985.45 rows=1028 width=121)
	              Recheck Cond: ((id >= 2317184) AND (id <= 2318183))
	              ->  Bitmap Index Scan on sbtest7_pkey  (cost=0.00..34.72 rows=1028 width=0)
	                    Index Cond: ((id >= 2317184) AND (id <= 2318183))

table 8 : explain SELECT DISTINCT c FROM sbtest8 WHERE id BETWEEN 6433460 AND 6434459 ORDER BY c
	Unique  (cost=3998.71..4003.81 rows=1019 width=121)
	  ->  Sort  (cost=3998.71..4001.26 rows=1019 width=121)
	        Sort Key: c
	        ->  Bitmap Heap Scan on sbtest8  (cost=34.88..3947.80 rows=1019 width=121)
	              Recheck Cond: ((id >= 6433460) AND (id <= 6434459))
	              ->  Bitmap Index Scan on sbtest8_pkey  (cost=0.00..34.62 rows=1019 width=0)
	                    Index Cond: ((id >= 6433460) AND (id <= 6434459))

for: distinct_ranges
table 1 : explain SELECT DISTINCT c FROM sbtest1 WHERE id BETWEEN 6875940 AND 6876939 ORDER BY c
	Unique  (cost=3640.36..3644.98 rows=925 width=121)
	  ->  Sort  (cost=3640.36..3642.67 rows=925 width=121)
	        Sort Key: c
	        ->  Bitmap Heap Scan on sbtest1  (cost=33.92..3594.79 rows=925 width=121)
	              Recheck Cond: ((id >= 6875940) AND (id <= 6876939))
	              ->  Bitmap Index Scan on sbtest1_pkey  (cost=0.00..33.69 rows=925 width=0)
	                    Index Cond: ((id >= 6875940) AND (id <= 6876939))

table 2 : explain SELECT DISTINCT c FROM sbtest2 WHERE id BETWEEN 592023 AND 593022 ORDER BY c
	Unique  (cost=4088.99..4094.20 rows=1043 width=121)
	  ->  Sort  (cost=4088.99..4091.59 rows=1043 width=121)
	        Sort Key: c
	        ->  Bitmap Heap Scan on sbtest2  (cost=35.13..4036.70 rows=1043 width=121)
	              Recheck Cond: ((id >= 592023) AND (id <= 593022))
	              ->  Bitmap Index Scan on sbtest2_pkey  (cost=0.00..34.87 rows=1043 width=0)
	                    Index Cond: ((id >= 592023) AND (id <= 593022))

table 3 : explain SELECT DISTINCT c FROM sbtest3 WHERE id BETWEEN 8218902 AND 8219901 ORDER BY c
	Unique  (cost=3830.81..3835.68 rows=974 width=121)
	  ->  Sort  (cost=3830.81..3833.24 rows=974 width=121)
	        Sort Key: c
	        ->  Bitmap Heap Scan on sbtest3  (cost=34.42..3782.46 rows=974 width=121)
	              Recheck Cond: ((id >= 8218902) AND (id <= 8219901))
	              ->  Bitmap Index Scan on sbtest3_pkey  (cost=0.00..34.18 rows=974 width=0)
	                    Index Cond: ((id >= 8218902) AND (id <= 8219901))

table 4 : explain SELECT DISTINCT c FROM sbtest4 WHERE id BETWEEN 1908569 AND 1909568 ORDER BY c
	Unique  (cost=3758.14..3762.92 rows=955 width=121)
	  ->  Sort  (cost=3758.14..3760.53 rows=955 width=121)
	        Sort Key: c
	        ->  Bitmap Heap Scan on sbtest4  (cost=34.22..3710.87 rows=955 width=121)
	              Recheck Cond: ((id >= 1908569) AND (id <= 1909568))
	              ->  Bitmap Index Scan on sbtest4_pkey  (cost=0.00..33.98 rows=955 width=0)
	                    Index Cond: ((id >= 1908569) AND (id <= 1909568))

table 5 : explain SELECT DISTINCT c FROM sbtest5 WHERE id BETWEEN 4750509 AND 4751508 ORDER BY c
	Unique  (cost=3842.28..3847.17 rows=977 width=121)
	  ->  Sort  (cost=3842.28..3844.73 rows=977 width=121)
	        Sort Key: c
	        ->  Bitmap Heap Scan on sbtest5  (cost=34.45..3793.77 rows=977 width=121)
	              Recheck Cond: ((id >= 4750509) AND (id <= 4751508))
	              ->  Bitmap Index Scan on sbtest5_pkey  (cost=0.00..34.20 rows=977 width=0)
	                    Index Cond: ((id >= 4750509) AND (id <= 4751508))

table 6 : explain SELECT DISTINCT c FROM sbtest6 WHERE id BETWEEN 2691187 AND 2692186 ORDER BY c
	Unique  (cost=3842.96..3847.85 rows=978 width=121)
	  ->  Sort  (cost=3842.96..3845.41 rows=978 width=121)
	        Sort Key: c
	        ->  Bitmap Heap Scan on sbtest6  (cost=34.46..3794.39 rows=978 width=121)
	              Recheck Cond: ((id >= 2691187) AND (id <= 2692186))
	              ->  Bitmap Index Scan on sbtest6_pkey  (cost=0.00..34.22 rows=978 width=0)
	                    Index Cond: ((id >= 2691187) AND (id <= 2692186))

table 7 : explain SELECT DISTINCT c FROM sbtest7 WHERE id BETWEEN 7462640 AND 7463639 ORDER BY c
	Unique  (cost=3599.50..3604.07 rows=914 width=121)
	  ->  Sort  (cost=3599.50..3601.79 rows=914 width=121)
	        Sort Key: c
	        ->  Bitmap Heap Scan on sbtest7  (cost=33.80..3554.55 rows=914 width=121)
	              Recheck Cond: ((id >= 7462640) AND (id <= 7463639))
	              ->  Bitmap Index Scan on sbtest7_pkey  (cost=0.00..33.58 rows=914 width=0)
	                    Index Cond: ((id >= 7462640) AND (id <= 7463639))

table 8 : explain SELECT DISTINCT c FROM sbtest8 WHERE id BETWEEN 3159117 AND 3160116 ORDER BY c
	Unique  (cost=4071.37..4076.56 rows=1038 width=121)
	  ->  Sort  (cost=4071.37..4073.97 rows=1038 width=121)
	        Sort Key: c
	        ->  Bitmap Heap Scan on sbtest8  (cost=35.07..4019.37 rows=1038 width=121)
	              Recheck Cond: ((id >= 3159117) AND (id <= 3160116))
	              ->  Bitmap Index Scan on sbtest8_pkey  (cost=0.00..34.82 rows=1038 width=0)
	                    Index Cond: ((id >= 3159117) AND (id <= 3160116))

for: distinct_ranges
table 1 : explain SELECT DISTINCT c FROM sbtest1 WHERE id BETWEEN 5160139 AND 5161138 ORDER BY c
	Unique  (cost=3394.20..3398.51 rows=862 width=121)
	  ->  Sort  (cost=3394.20..3396.36 rows=862 width=121)
	        Sort Key: c
	        ->  Bitmap Heap Scan on sbtest1  (cost=29.27..3352.17 rows=862 width=121)
	              Recheck Cond: ((id >= 5160139) AND (id <= 5161138))
	              ->  Bitmap Index Scan on sbtest1_pkey  (cost=0.00..29.05 rows=862 width=0)
	                    Index Cond: ((id >= 5160139) AND (id <= 5161138))

table 2 : explain SELECT DISTINCT c FROM sbtest2 WHERE id BETWEEN 2085946 AND 2086945 ORDER BY c
	Unique  (cost=3583.62..3588.18 rows=911 width=121)
	  ->  Sort  (cost=3583.62..3585.90 rows=911 width=121)
	        Sort Key: c
	        ->  Bitmap Heap Scan on sbtest2  (cost=33.77..3538.84 rows=911 width=121)
	              Recheck Cond: ((id >= 2085946) AND (id <= 2086945))
	              ->  Bitmap Index Scan on sbtest2_pkey  (cost=0.00..33.55 rows=911 width=0)
	                    Index Cond: ((id >= 2085946) AND (id <= 2086945))

table 3 : explain SELECT DISTINCT c FROM sbtest3 WHERE id BETWEEN 4198670 AND 4199669 ORDER BY c
	Unique  (cost=3984.22..3989.29 rows=1014 width=121)
	  ->  Sort  (cost=3984.22..3986.76 rows=1014 width=121)
	        Sort Key: c
	        ->  Bitmap Heap Scan on sbtest3  (cost=34.83..3933.59 rows=1014 width=121)
	              Recheck Cond: ((id >= 4198670) AND (id <= 4199669))
	              ->  Bitmap Index Scan on sbtest3_pkey  (cost=0.00..34.58 rows=1014 width=0)
	                    Index Cond: ((id >= 4198670) AND (id <= 4199669))

table 4 : explain SELECT DISTINCT c FROM sbtest4 WHERE id BETWEEN 1645130 AND 1646129 ORDER BY c
	Unique  (cost=3604.43..3609.01 rows=915 width=121)
	  ->  Sort  (cost=3604.43..3606.72 rows=915 width=121)
	        Sort Key: c
	        ->  Bitmap Heap Scan on sbtest4  (cost=33.81..3559.43 rows=915 width=121)
	              Recheck Cond: ((id >= 1645130) AND (id <= 1646129))
	              ->  Bitmap Index Scan on sbtest4_pkey  (cost=0.00..33.59 rows=915 width=0)
	                    Index Cond: ((id >= 1645130) AND (id <= 1646129))

table 5 : explain SELECT DISTINCT c FROM sbtest5 WHERE id BETWEEN 7715777 AND 7716776 ORDER BY c
	Unique  (cost=4699.23..4705.24 rows=1201 width=121)
	  ->  Sort  (cost=4699.23..4702.24 rows=1201 width=121)
	        Sort Key: c
	        ->  Bitmap Heap Scan on sbtest5  (cost=40.75..4637.80 rows=1201 width=121)
	              Recheck Cond: ((id >= 7715777) AND (id <= 7716776))
	              ->  Bitmap Index Scan on sbtest5_pkey  (cost=0.00..40.45 rows=1201 width=0)
	                    Index Cond: ((id >= 7715777) AND (id <= 7716776))

table 6 : explain SELECT DISTINCT c FROM sbtest6 WHERE id BETWEEN 5933780 AND 5934779 ORDER BY c
	Unique  (cost=3793.13..3797.96 rows=965 width=121)
	  ->  Sort  (cost=3793.13..3795.55 rows=965 width=121)
	        Sort Key: c
	        ->  Bitmap Heap Scan on sbtest6  (cost=34.33..3745.30 rows=965 width=121)
	              Recheck Cond: ((id >= 5933780) AND (id <= 5934779))
	              ->  Bitmap Index Scan on sbtest6_pkey  (cost=0.00..34.09 rows=965 width=0)
	                    Index Cond: ((id >= 5933780) AND (id <= 5934779))

table 7 : explain SELECT DISTINCT c FROM sbtest7 WHERE id BETWEEN 2747710 AND 2748709 ORDER BY c
	Unique  (cost=3634.09..3638.70 rows=923 width=121)
	  ->  Sort  (cost=3634.09..3636.39 rows=923 width=121)
	        Sort Key: c
	        ->  Bitmap Heap Scan on sbtest7  (cost=33.90..3588.63 rows=923 width=121)
	              Recheck Cond: ((id >= 2747710) AND (id <= 2748709))
	              ->  Bitmap Index Scan on sbtest7_pkey  (cost=0.00..33.67 rows=923 width=0)
	                    Index Cond: ((id >= 2747710) AND (id <= 2748709))

table 8 : explain SELECT DISTINCT c FROM sbtest8 WHERE id BETWEEN 9525185 AND 9526184 ORDER BY c
	Unique  (cost=4293.11..4298.58 rows=1095 width=121)
	  ->  Sort  (cost=4293.11..4295.85 rows=1095 width=121)
	        Sort Key: c
	        ->  Bitmap Heap Scan on sbtest8  (cost=39.66..4237.83 rows=1095 width=121)
	              Recheck Cond: ((id >= 9525185) AND (id <= 9526184))
	              ->  Bitmap Index Scan on sbtest8_pkey  (cost=0.00..39.39 rows=1095 width=0)
	                    Index Cond: ((id >= 9525185) AND (id <= 9526184))

for: sum_ranges
table 1 : explain SELECT SUM(k) FROM sbtest1 WHERE id BETWEEN 5472242 AND 5473241
	Aggregate  (cost=3850.46..3850.47 rows=1 width=8)
	  ->  Bitmap Heap Scan on sbtest1  (cost=34.60..3847.98 rows=992 width=4)
	        Recheck Cond: ((id >= 5472242) AND (id <= 5473241))
	        ->  Bitmap Index Scan on sbtest1_pkey  (cost=0.00..34.36 rows=992 width=0)
	              Index Cond: ((id >= 5472242) AND (id <= 5473241))

table 2 : explain SELECT SUM(k) FROM sbtest2 WHERE id BETWEEN 7019403 AND 7020402
	Aggregate  (cost=3275.78..3275.79 rows=1 width=8)
	  ->  Bitmap Heap Scan on sbtest2  (cost=29.07..3273.68 rows=842 width=4)
	        Recheck Cond: ((id >= 7019403) AND (id <= 7020402))
	        ->  Bitmap Index Scan on sbtest2_pkey  (cost=0.00..28.86 rows=842 width=0)
	              Index Cond: ((id >= 7019403) AND (id <= 7020402))

table 3 : explain SELECT SUM(k) FROM sbtest3 WHERE id BETWEEN 119746 AND 120745
	Aggregate  (cost=3796.24..3796.25 rows=1 width=8)
	  ->  Bitmap Heap Scan on sbtest3  (cost=34.45..3793.80 rows=977 width=4)
	        Recheck Cond: ((id >= 119746) AND (id <= 120745))
	        ->  Bitmap Index Scan on sbtest3_pkey  (cost=0.00..34.20 rows=977 width=0)
	              Index Cond: ((id >= 119746) AND (id <= 120745))

table 4 : explain SELECT SUM(k) FROM sbtest4 WHERE id BETWEEN 7659072 AND 7660071
	Aggregate  (cost=4113.89..4113.90 rows=1 width=8)
	  ->  Bitmap Heap Scan on sbtest4  (cost=35.31..4111.24 rows=1061 width=4)
	        Recheck Cond: ((id >= 7659072) AND (id <= 7660071))
	        ->  Bitmap Index Scan on sbtest4_pkey  (cost=0.00..35.05 rows=1061 width=0)
	              Index Cond: ((id >= 7659072) AND (id <= 7660071))

table 5 : explain SELECT SUM(k) FROM sbtest5 WHERE id BETWEEN 5939250 AND 5940249
	Aggregate  (cost=3500.55..3500.56 rows=1 width=8)
	  ->  Bitmap Heap Scan on sbtest5  (cost=29.66..3498.30 rows=900 width=4)
	        Recheck Cond: ((id >= 5939250) AND (id <= 5940249))
	        ->  Bitmap Index Scan on sbtest5_pkey  (cost=0.00..29.43 rows=900 width=0)
	              Index Cond: ((id >= 5939250) AND (id <= 5940249))

table 6 : explain SELECT SUM(k) FROM sbtest6 WHERE id BETWEEN 7136658 AND 7137657
	Aggregate  (cost=4098.66..4098.67 rows=1 width=8)
	  ->  Bitmap Heap Scan on sbtest6  (cost=35.28..4096.02 rows=1058 width=4)
	        Recheck Cond: ((id >= 7136658) AND (id <= 7137657))
	        ->  Bitmap Index Scan on sbtest6_pkey  (cost=0.00..35.02 rows=1058 width=0)
	              Index Cond: ((id >= 7136658) AND (id <= 7137657))

table 7 : explain SELECT SUM(k) FROM sbtest7 WHERE id BETWEEN 8529080 AND 8530079
	Aggregate  (cost=3670.46..3670.47 rows=1 width=8)
	  ->  Bitmap Heap Scan on sbtest7  (cost=34.11..3668.10 rows=944 width=4)
	        Recheck Cond: ((id >= 8529080) AND (id <= 8530079))
	        ->  Bitmap Index Scan on sbtest7_pkey  (cost=0.00..33.88 rows=944 width=0)
	              Index Cond: ((id >= 8529080) AND (id <= 8530079))

table 8 : explain SELECT SUM(k) FROM sbtest8 WHERE id BETWEEN 4235317 AND 4236316
	Aggregate  (cost=4059.65..4059.66 rows=1 width=8)
	  ->  Bitmap Heap Scan on sbtest8  (cost=35.18..4057.03 rows=1048 width=4)
	        Recheck Cond: ((id >= 4235317) AND (id <= 4236316))
	        ->  Bitmap Index Scan on sbtest8_pkey  (cost=0.00..34.92 rows=1048 width=0)
	              Index Cond: ((id >= 4235317) AND (id <= 4236316))

for point_selects
table 1 : explain SELECT c FROM sbtest1 WHERE id=3583862
	Index Scan using sbtest1_pkey on sbtest1  (cost=0.43..8.45 rows=1 width=121)
	  Index Cond: (id = 3583862)

table 2 : explain SELECT c FROM sbtest2 WHERE id=788005
	Index Scan using sbtest2_pkey on sbtest2  (cost=0.43..8.45 rows=1 width=121)
	  Index Cond: (id = 788005)

table 3 : explain SELECT c FROM sbtest3 WHERE id=352301
	Index Scan using sbtest3_pkey on sbtest3  (cost=0.43..8.45 rows=1 width=121)
	  Index Cond: (id = 352301)

table 4 : explain SELECT c FROM sbtest4 WHERE id=9480537
	Index Scan using sbtest4_pkey on sbtest4  (cost=0.43..8.45 rows=1 width=121)
	  Index Cond: (id = 9480537)

table 5 : explain SELECT c FROM sbtest5 WHERE id=7967058
	Index Scan using sbtest5_pkey on sbtest5  (cost=0.43..8.45 rows=1 width=121)
	  Index Cond: (id = 7967058)

table 6 : explain SELECT c FROM sbtest6 WHERE id=9327238
	Index Scan using sbtest6_pkey on sbtest6  (cost=0.43..8.45 rows=1 width=121)
	  Index Cond: (id = 9327238)

table 7 : explain SELECT c FROM sbtest7 WHERE id=1342579
	Index Scan using sbtest7_pkey on sbtest7  (cost=0.43..8.45 rows=1 width=121)
	  Index Cond: (id = 1342579)

table 8 : explain SELECT c FROM sbtest8 WHERE id=4913090
	Index Scan using sbtest8_pkey on sbtest8  (cost=0.43..8.45 rows=1 width=121)
	  Index Cond: (id = 4913090)

for point_selects
table 1 : explain SELECT c FROM sbtest1 WHERE id=409454
	Index Scan using sbtest1_pkey on sbtest1  (cost=0.43..8.45 rows=1 width=121)
	  Index Cond: (id = 409454)

table 2 : explain SELECT c FROM sbtest2 WHERE id=3468128
	Index Scan using sbtest2_pkey on sbtest2  (cost=0.43..8.45 rows=1 width=121)
	  Index Cond: (id = 3468128)

table 3 : explain SELECT c FROM sbtest3 WHERE id=7002133
	Index Scan using sbtest3_pkey on sbtest3  (cost=0.43..8.45 rows=1 width=121)
	  Index Cond: (id = 7002133)

table 4 : explain SELECT c FROM sbtest4 WHERE id=5351344
	Index Scan using sbtest4_pkey on sbtest4  (cost=0.43..8.45 rows=1 width=121)
	  Index Cond: (id = 5351344)

table 5 : explain SELECT c FROM sbtest5 WHERE id=5737977
	Index Scan using sbtest5_pkey on sbtest5  (cost=0.43..8.45 rows=1 width=121)
	  Index Cond: (id = 5737977)

table 6 : explain SELECT c FROM sbtest6 WHERE id=944072
	Index Scan using sbtest6_pkey on sbtest6  (cost=0.43..8.45 rows=1 width=121)
	  Index Cond: (id = 944072)

table 7 : explain SELECT c FROM sbtest7 WHERE id=4235942
	Index Scan using sbtest7_pkey on sbtest7  (cost=0.43..8.45 rows=1 width=121)
	  Index Cond: (id = 4235942)

table 8 : explain SELECT c FROM sbtest8 WHERE id=9666841
	Index Scan using sbtest8_pkey on sbtest8  (cost=0.43..8.45 rows=1 width=121)
	  Index Cond: (id = 9666841)

for: sum_ranges
table 1 : explain SELECT SUM(k) FROM sbtest1 WHERE id BETWEEN 2117888 AND 2118887
	Aggregate  (cost=3740.87..3740.88 rows=1 width=8)
	  ->  Bitmap Heap Scan on sbtest1  (cost=34.31..3738.46 rows=963 width=4)
	        Recheck Cond: ((id >= 2117888) AND (id <= 2118887))
	        ->  Bitmap Index Scan on sbtest1_pkey  (cost=0.00..34.07 rows=963 width=0)
	              Index Cond: ((id >= 2117888) AND (id <= 2118887))

table 2 : explain SELECT SUM(k) FROM sbtest2 WHERE id BETWEEN 3361701 AND 3362700
	Aggregate  (cost=3903.66..3903.67 rows=1 width=8)
	  ->  Bitmap Heap Scan on sbtest2  (cost=34.76..3901.14 rows=1007 width=4)
	        Recheck Cond: ((id >= 3361701) AND (id <= 3362700))
	        ->  Bitmap Index Scan on sbtest2_pkey  (cost=0.00..34.51 rows=1007 width=0)
	              Index Cond: ((id >= 3361701) AND (id <= 3362700))

table 3 : explain SELECT SUM(k) FROM sbtest3 WHERE id BETWEEN 5140084 AND 5141083
	Aggregate  (cost=3610.73..3610.74 rows=1 width=8)
	  ->  Bitmap Heap Scan on sbtest3  (cost=33.95..3608.41 rows=928 width=4)
	        Recheck Cond: ((id >= 5140084) AND (id <= 5141083))
	        ->  Bitmap Index Scan on sbtest3_pkey  (cost=0.00..33.72 rows=928 width=0)
	              Index Cond: ((id >= 5140084) AND (id <= 5141083))

table 4 : explain SELECT SUM(k) FROM sbtest4 WHERE id BETWEEN 1190321 AND 1191320
	Aggregate  (cost=3962.87..3962.88 rows=1 width=8)
	  ->  Bitmap Heap Scan on sbtest4  (cost=34.90..3960.32 rows=1021 width=4)
	        Recheck Cond: ((id >= 1190321) AND (id <= 1191320))
	        ->  Bitmap Index Scan on sbtest4_pkey  (cost=0.00..34.65 rows=1021 width=0)
	              Index Cond: ((id >= 1190321) AND (id <= 1191320))

table 5 : explain SELECT SUM(k) FROM sbtest5 WHERE id BETWEEN 2272111 AND 2273110
	Aggregate  (cost=3750.80..3750.81 rows=1 width=8)
	  ->  Bitmap Heap Scan on sbtest5  (cost=34.33..3748.39 rows=965 width=4)
	        Recheck Cond: ((id >= 2272111) AND (id <= 2273110))
	        ->  Bitmap Index Scan on sbtest5_pkey  (cost=0.00..34.09 rows=965 width=0)
	              Index Cond: ((id >= 2272111) AND (id <= 2273110))

table 6 : explain SELECT SUM(k) FROM sbtest6 WHERE id BETWEEN 7038642 AND 7039641
	Aggregate  (cost=3917.66..3917.67 rows=1 width=8)
	  ->  Bitmap Heap Scan on sbtest6  (cost=34.79..3915.14 rows=1010 width=4)
	        Recheck Cond: ((id >= 7038642) AND (id <= 7039641))
	        ->  Bitmap Index Scan on sbtest6_pkey  (cost=0.00..34.54 rows=1010 width=0)
	              Index Cond: ((id >= 7038642) AND (id <= 7039641))

table 7 : explain SELECT SUM(k) FROM sbtest7 WHERE id BETWEEN 1082619 AND 1083618
	Aggregate  (cost=3844.47..3844.48 rows=1 width=8)
	  ->  Bitmap Heap Scan on sbtest7  (cost=34.58..3842.00 rows=990 width=4)
	        Recheck Cond: ((id >= 1082619) AND (id <= 1083618))
	        ->  Bitmap Index Scan on sbtest7_pkey  (cost=0.00..34.34 rows=990 width=0)
	              Index Cond: ((id >= 1082619) AND (id <= 1083618))

table 8 : explain SELECT SUM(k) FROM sbtest8 WHERE id BETWEEN 1138754 AND 1139753
	Aggregate  (cost=3697.41..3697.42 rows=1 width=8)
	  ->  Bitmap Heap Scan on sbtest8  (cost=34.19..3695.03 rows=952 width=4)
	        Recheck Cond: ((id >= 1138754) AND (id <= 1139753))
	        ->  Bitmap Index Scan on sbtest8_pkey  (cost=0.00..33.95 rows=952 width=0)
	              Index Cond: ((id >= 1138754) AND (id <= 1139753))

for: simple_ranges
table 1 : explain SELECT c FROM sbtest1 WHERE id BETWEEN 7189844 AND 7190843
	Bitmap Heap Scan on sbtest1  (cost=34.35..3753.57 rows=967 width=121)
	  Recheck Cond: ((id >= 7189844) AND (id <= 7190843))
	  ->  Bitmap Index Scan on sbtest1_pkey  (cost=0.00..34.11 rows=967 width=0)
	        Index Cond: ((id >= 7189844) AND (id <= 7190843))

table 2 : explain SELECT c FROM sbtest2 WHERE id BETWEEN 6771985 AND 6772984
	Bitmap Heap Scan on sbtest2  (cost=34.57..3833.30 rows=989 width=121)
	  Recheck Cond: ((id >= 6771985) AND (id <= 6772984))
	  ->  Bitmap Index Scan on sbtest2_pkey  (cost=0.00..34.33 rows=989 width=0)
	        Index Cond: ((id >= 6771985) AND (id <= 6772984))

table 3 : explain SELECT c FROM sbtest3 WHERE id BETWEEN 5242280 AND 5243279
	Bitmap Heap Scan on sbtest3  (cost=35.36..4129.77 rows=1066 width=121)
	  Recheck Cond: ((id >= 5242280) AND (id <= 5243279))
	  ->  Bitmap Index Scan on sbtest3_pkey  (cost=0.00..35.09 rows=1066 width=0)
	        Index Cond: ((id >= 5242280) AND (id <= 5243279))

table 4 : explain SELECT c FROM sbtest4 WHERE id BETWEEN 4461084 AND 4462083
	Bitmap Heap Scan on sbtest4  (cost=35.26..4092.39 rows=1056 width=121)
	  Recheck Cond: ((id >= 4461084) AND (id <= 4462083))
	  ->  Bitmap Index Scan on sbtest4_pkey  (cost=0.00..35.00 rows=1056 width=0)
	        Index Cond: ((id >= 4461084) AND (id <= 4462083))

table 5 : explain SELECT c FROM sbtest5 WHERE id BETWEEN 6291827 AND 6292826
	Bitmap Heap Scan on sbtest5  (cost=34.03..3638.66 rows=936 width=121)
	  Recheck Cond: ((id >= 6291827) AND (id <= 6292826))
	  ->  Bitmap Index Scan on sbtest5_pkey  (cost=0.00..33.80 rows=936 width=0)
	        Index Cond: ((id >= 6291827) AND (id <= 6292826))

table 6 : explain SELECT c FROM sbtest6 WHERE id BETWEEN 7711265 AND 7712264
	Bitmap Heap Scan on sbtest6  (cost=34.92..3964.15 rows=1023 width=121)
	  Recheck Cond: ((id >= 7711265) AND (id <= 7712264))
	  ->  Bitmap Index Scan on sbtest6_pkey  (cost=0.00..34.67 rows=1023 width=0)
	        Index Cond: ((id >= 7711265) AND (id <= 7712264))

table 7 : explain SELECT c FROM sbtest7 WHERE id BETWEEN 4875216 AND 4876215
	Bitmap Heap Scan on sbtest7  (cost=34.56..3834.44 rows=988 width=121)
	  Recheck Cond: ((id >= 4875216) AND (id <= 4876215))
	  ->  Bitmap Index Scan on sbtest7_pkey  (cost=0.00..34.32 rows=988 width=0)
	        Index Cond: ((id >= 4875216) AND (id <= 4876215))

table 8 : explain SELECT c FROM sbtest8 WHERE id BETWEEN 985680 AND 986679
	Bitmap Heap Scan on sbtest8  (cost=34.48..3800.74 rows=980 width=121)
	  Recheck Cond: ((id >= 985680) AND (id <= 986679))
	  ->  Bitmap Index Scan on sbtest8_pkey  (cost=0.00..34.23 rows=980 width=0)
	        Index Cond: ((id >= 985680) AND (id <= 986679))

for point_selects
table 1 : explain SELECT c FROM sbtest1 WHERE id=6189066
	Index Scan using sbtest1_pkey on sbtest1  (cost=0.43..8.45 rows=1 width=121)
	  Index Cond: (id = 6189066)

table 2 : explain SELECT c FROM sbtest2 WHERE id=1909505
	Index Scan using sbtest2_pkey on sbtest2  (cost=0.43..8.45 rows=1 width=121)
	  Index Cond: (id = 1909505)

table 3 : explain SELECT c FROM sbtest3 WHERE id=5142641
	Index Scan using sbtest3_pkey on sbtest3  (cost=0.43..8.45 rows=1 width=121)
	  Index Cond: (id = 5142641)

table 4 : explain SELECT c FROM sbtest4 WHERE id=2969360
	Index Scan using sbtest4_pkey on sbtest4  (cost=0.43..8.45 rows=1 width=121)
	  Index Cond: (id = 2969360)

table 5 : explain SELECT c FROM sbtest5 WHERE id=9104553
	Index Scan using sbtest5_pkey on sbtest5  (cost=0.43..8.45 rows=1 width=121)
	  Index Cond: (id = 9104553)

table 6 : explain SELECT c FROM sbtest6 WHERE id=9764118
	Index Scan using sbtest6_pkey on sbtest6  (cost=0.43..8.45 rows=1 width=121)
	  Index Cond: (id = 9764118)

table 7 : explain SELECT c FROM sbtest7 WHERE id=7258087
	Index Scan using sbtest7_pkey on sbtest7  (cost=0.43..8.45 rows=1 width=121)
	  Index Cond: (id = 7258087)

table 8 : explain SELECT c FROM sbtest8 WHERE id=4800987
	Index Scan using sbtest8_pkey on sbtest8  (cost=0.43..8.45 rows=1 width=121)
	  Index Cond: (id = 4800987)

for: order_ranges
table 1 : explain SELECT c FROM sbtest1 WHERE id BETWEEN 5558481 AND 5559480 ORDER BY c
	Sort  (cost=4035.22..4037.79 rows=1028 width=121)
	  Sort Key: c
	  ->  Bitmap Heap Scan on sbtest1  (cost=34.97..3983.79 rows=1028 width=121)
	        Recheck Cond: ((id >= 5558481) AND (id <= 5559480))
	        ->  Bitmap Index Scan on sbtest1_pkey  (cost=0.00..34.72 rows=1028 width=0)
	              Index Cond: ((id >= 5558481) AND (id <= 5559480))

table 2 : explain SELECT c FROM sbtest2 WHERE id BETWEEN 4206940 AND 4207939 ORDER BY c
	Sort  (cost=3959.02..3961.54 rows=1009 width=121)
	  Sort Key: c
	  ->  Bitmap Heap Scan on sbtest2  (cost=34.78..3908.68 rows=1009 width=121)
	        Recheck Cond: ((id >= 4206940) AND (id <= 4207939))
	        ->  Bitmap Index Scan on sbtest2_pkey  (cost=0.00..34.53 rows=1009 width=0)
	              Index Cond: ((id >= 4206940) AND (id <= 4207939))

table 3 : explain SELECT c FROM sbtest3 WHERE id BETWEEN 4048798 AND 4049797 ORDER BY c
	Sort  (cost=3869.18..3871.64 rows=984 width=121)
	  Sort Key: c
	  ->  Bitmap Heap Scan on sbtest3  (cost=34.52..3820.26 rows=984 width=121)
	        Recheck Cond: ((id >= 4048798) AND (id <= 4049797))
	        ->  Bitmap Index Scan on sbtest3_pkey  (cost=0.00..34.28 rows=984 width=0)
	              Index Cond: ((id >= 4048798) AND (id <= 4049797))

table 4 : explain SELECT c FROM sbtest4 WHERE id BETWEEN 5392913 AND 5393912 ORDER BY c
	Sort  (cost=4130.10..4132.73 rows=1052 width=121)
	  Sort Key: c
	  ->  Bitmap Heap Scan on sbtest4  (cost=35.22..4077.30 rows=1052 width=121)
	        Recheck Cond: ((id >= 5392913) AND (id <= 5393912))
	        ->  Bitmap Index Scan on sbtest4_pkey  (cost=0.00..34.95 rows=1052 width=0)
	              Index Cond: ((id >= 5392913) AND (id <= 5393912))

table 5 : explain SELECT c FROM sbtest5 WHERE id BETWEEN 4869681 AND 4870680 ORDER BY c
	Sort  (cost=4110.60..4113.22 rows=1047 width=121)
	  Sort Key: c
	  ->  Bitmap Heap Scan on sbtest5  (cost=35.17..4058.09 rows=1047 width=121)
	        Recheck Cond: ((id >= 4869681) AND (id <= 4870680))
	        ->  Bitmap Index Scan on sbtest5_pkey  (cost=0.00..34.91 rows=1047 width=0)
	              Index Cond: ((id >= 4869681) AND (id <= 4870680))

table 6 : explain SELECT c FROM sbtest6 WHERE id BETWEEN 2925531 AND 2926530 ORDER BY c
	Sort  (cost=3674.23..3676.56 rows=934 width=121)
	  Sort Key: c
	  ->  Bitmap Heap Scan on sbtest6  (cost=34.01..3628.15 rows=934 width=121)
	        Recheck Cond: ((id >= 2925531) AND (id <= 2926530))
	        ->  Bitmap Index Scan on sbtest6_pkey  (cost=0.00..33.78 rows=934 width=0)
	              Index Cond: ((id >= 2925531) AND (id <= 2926530))

table 7 : explain SELECT c FROM sbtest7 WHERE id BETWEEN 8515313 AND 8516312 ORDER BY c
	Sort  (cost=3714.75..3717.11 rows=944 width=121)
	  Sort Key: c
	  ->  Bitmap Heap Scan on sbtest7  (cost=34.11..3668.10 rows=944 width=121)
	        Recheck Cond: ((id >= 8515313) AND (id <= 8516312))
	        ->  Bitmap Index Scan on sbtest7_pkey  (cost=0.00..33.88 rows=944 width=0)
	              Index Cond: ((id >= 8515313) AND (id <= 8516312))

table 8 : explain SELECT c FROM sbtest8 WHERE id BETWEEN 6351253 AND 6352252 ORDER BY c
	Sort  (cost=3653.93..3656.25 rows=929 width=121)
	  Sort Key: c
	  ->  Bitmap Heap Scan on sbtest8  (cost=33.96..3608.13 rows=929 width=121)
	        Recheck Cond: ((id >= 6351253) AND (id <= 6352252))
	        ->  Bitmap Index Scan on sbtest8_pkey  (cost=0.00..33.73 rows=929 width=0)
	              Index Cond: ((id >= 6351253) AND (id <= 6352252))

for: simple_ranges
table 1 : explain SELECT c FROM sbtest1 WHERE id BETWEEN 7325359 AND 7326358
	Bitmap Heap Scan on sbtest1  (cost=34.09..3659.09 rows=942 width=121)
	  Recheck Cond: ((id >= 7325359) AND (id <= 7326358))
	  ->  Bitmap Index Scan on sbtest1_pkey  (cost=0.00..33.86 rows=942 width=0)
	        Index Cond: ((id >= 7325359) AND (id <= 7326358))

table 2 : explain SELECT c FROM sbtest2 WHERE id BETWEEN 268276 AND 269275
	Bitmap Heap Scan on sbtest2  (cost=34.94..3968.94 rows=1025 width=121)
	  Recheck Cond: ((id >= 268276) AND (id <= 269275))
	  ->  Bitmap Index Scan on sbtest2_pkey  (cost=0.00..34.69 rows=1025 width=0)
	        Index Cond: ((id >= 268276) AND (id <= 269275))

table 3 : explain SELECT c FROM sbtest3 WHERE id BETWEEN 6331938 AND 6332937
	Bitmap Heap Scan on sbtest3  (cost=34.03..3638.70 rows=936 width=121)
	  Recheck Cond: ((id >= 6331938) AND (id <= 6332937))
	  ->  Bitmap Index Scan on sbtest3_pkey  (cost=0.00..33.80 rows=936 width=0)
	        Index Cond: ((id >= 6331938) AND (id <= 6332937))

table 4 : explain SELECT c FROM sbtest4 WHERE id BETWEEN 7799989 AND 7800988
	Bitmap Heap Scan on sbtest4  (cost=35.41..4148.94 rows=1071 width=121)
	  Recheck Cond: ((id >= 7799989) AND (id <= 7800988))
	  ->  Bitmap Index Scan on sbtest4_pkey  (cost=0.00..35.15 rows=1071 width=0)
	        Index Cond: ((id >= 7799989) AND (id <= 7800988))

table 5 : explain SELECT c FROM sbtest5 WHERE id BETWEEN 4738487 AND 4739486
	Bitmap Heap Scan on sbtest5  (cost=34.45..3793.77 rows=977 width=121)
	  Recheck Cond: ((id >= 4738487) AND (id <= 4739486))
	  ->  Bitmap Index Scan on sbtest5_pkey  (cost=0.00..34.20 rows=977 width=0)
	        Index Cond: ((id >= 4738487) AND (id <= 4739486))

table 6 : explain SELECT c FROM sbtest6 WHERE id BETWEEN 7557869 AND 7558868
	Bitmap Heap Scan on sbtest6  (cost=34.84..3933.99 rows=1015 width=121)
	  Recheck Cond: ((id >= 7557869) AND (id <= 7558868))
	  ->  Bitmap Index Scan on sbtest6_pkey  (cost=0.00..34.59 rows=1015 width=0)
	        Index Cond: ((id >= 7557869) AND (id <= 7558868))

table 7 : explain SELECT c FROM sbtest7 WHERE id BETWEEN 1493154 AND 1494153
	Bitmap Heap Scan on sbtest7  (cost=34.20..3702.15 rows=953 width=121)
	  Recheck Cond: ((id >= 1493154) AND (id <= 1494153))
	  ->  Bitmap Index Scan on sbtest7_pkey  (cost=0.00..33.97 rows=953 width=0)
	        Index Cond: ((id >= 1493154) AND (id <= 1494153))

table 8 : explain SELECT c FROM sbtest8 WHERE id BETWEEN 4467764 AND 4468763
	Bitmap Heap Scan on sbtest8  (cost=34.65..3864.86 rows=997 width=121)
	  Recheck Cond: ((id >= 4467764) AND (id <= 4468763))
	  ->  Bitmap Index Scan on sbtest8_pkey  (cost=0.00..34.41 rows=997 width=0)
	        Index Cond: ((id >= 4467764) AND (id <= 4468763))

for: order_ranges
table 1 : explain SELECT c FROM sbtest1 WHERE id BETWEEN 8082860 AND 8083859 ORDER BY c
	Sort  (cost=4264.66..4267.38 rows=1088 width=121)
	  Sort Key: c
	  ->  Bitmap Heap Scan on sbtest1  (cost=35.59..4209.79 rows=1088 width=121)
	        Recheck Cond: ((id >= 8082860) AND (id <= 8083859))
	        ->  Bitmap Index Scan on sbtest1_pkey  (cost=0.00..35.32 rows=1088 width=0)
	              Index Cond: ((id >= 8082860) AND (id <= 8083859))

table 2 : explain SELECT c FROM sbtest2 WHERE id BETWEEN 3380392 AND 3381391 ORDER BY c
	Sort  (cost=3951.37..3953.89 rows=1007 width=121)
	  Sort Key: c
	  ->  Bitmap Heap Scan on sbtest2  (cost=34.76..3901.14 rows=1007 width=121)
	        Recheck Cond: ((id >= 3380392) AND (id <= 3381391))
	        ->  Bitmap Index Scan on sbtest2_pkey  (cost=0.00..34.51 rows=1007 width=0)
	              Index Cond: ((id >= 3380392) AND (id <= 3381391))

table 3 : explain SELECT c FROM sbtest3 WHERE id BETWEEN 2579677 AND 2580676 ORDER BY c
	Sort  (cost=3942.05..3944.56 rows=1003 width=121)
	  Sort Key: c
	  ->  Bitmap Heap Scan on sbtest3  (cost=34.72..3892.05 rows=1003 width=121)
	        Recheck Cond: ((id >= 2579677) AND (id <= 2580676))
	        ->  Bitmap Index Scan on sbtest3_pkey  (cost=0.00..34.47 rows=1003 width=0)
	              Index Cond: ((id >= 2579677) AND (id <= 2580676))

table 4 : explain SELECT c FROM sbtest4 WHERE id BETWEEN 1063847 AND 1064846 ORDER BY c
	Sort  (cost=3719.73..3722.10 rows=945 width=121)
	  Sort Key: c
	  ->  Bitmap Heap Scan on sbtest4  (cost=34.12..3673.03 rows=945 width=121)
	        Recheck Cond: ((id >= 1063847) AND (id <= 1064846))
	        ->  Bitmap Index Scan on sbtest4_pkey  (cost=0.00..33.89 rows=945 width=0)
	              Index Cond: ((id >= 1063847) AND (id <= 1064846))

table 5 : explain SELECT c FROM sbtest5 WHERE id BETWEEN 4455690 AND 4456689 ORDER BY c
	Sort  (cost=4519.94..4522.83 rows=1154 width=121)
	  Sort Key: c
	  ->  Bitmap Heap Scan on sbtest5  (cost=40.26..4461.25 rows=1154 width=121)
	        Recheck Cond: ((id >= 4455690) AND (id <= 4456689))
	        ->  Bitmap Index Scan on sbtest5_pkey  (cost=0.00..39.98 rows=1154 width=0)
	              Index Cond: ((id >= 4455690) AND (id <= 4456689))

table 6 : explain SELECT c FROM sbtest6 WHERE id BETWEEN 5541108 AND 5542107 ORDER BY c
	Sort  (cost=3988.50..3991.04 rows=1016 width=121)
	  Sort Key: c
	  ->  Bitmap Heap Scan on sbtest6  (cost=34.85..3937.76 rows=1016 width=121)
	        Recheck Cond: ((id >= 5541108) AND (id <= 5542107))
	        ->  Bitmap Index Scan on sbtest6_pkey  (cost=0.00..34.59 rows=1016 width=0)
	              Index Cond: ((id >= 5541108) AND (id <= 5542107))

table 7 : explain SELECT c FROM sbtest7 WHERE id BETWEEN 6586418 AND 6587417 ORDER BY c
	Sort  (cost=3653.30..3655.62 rows=928 width=121)
	  Sort Key: c
	  ->  Bitmap Heap Scan on sbtest7  (cost=33.95..3607.56 rows=928 width=121)
	        Recheck Cond: ((id >= 6586418) AND (id <= 6587417))
	        ->  Bitmap Index Scan on sbtest7_pkey  (cost=0.00..33.72 rows=928 width=0)
	              Index Cond: ((id >= 6586418) AND (id <= 6587417))

table 8 : explain SELECT c FROM sbtest8 WHERE id BETWEEN 7182600 AND 7183599 ORDER BY c
	Sort  (cost=3834.10..3836.54 rows=976 width=121)
	  Sort Key: c
	  ->  Bitmap Heap Scan on sbtest8  (cost=34.44..3785.64 rows=976 width=121)
	        Recheck Cond: ((id >= 7182600) AND (id <= 7183599))
	        ->  Bitmap Index Scan on sbtest8_pkey  (cost=0.00..34.20 rows=976 width=0)
	              Index Cond: ((id >= 7182600) AND (id <= 7183599))

for: simple_ranges
table 1 : explain SELECT c FROM sbtest1 WHERE id BETWEEN 8328022 AND 8329021
	Bitmap Heap Scan on sbtest1  (cost=40.92..4698.24 rows=1218 width=121)
	  Recheck Cond: ((id >= 8328022) AND (id <= 8329021))
	  ->  Bitmap Index Scan on sbtest1_pkey  (cost=0.00..40.62 rows=1218 width=0)
	        Index Cond: ((id >= 8328022) AND (id <= 8329021))

table 2 : explain SELECT c FROM sbtest2 WHERE id BETWEEN 5293087 AND 5294086
	Bitmap Heap Scan on sbtest2  (cost=34.08..3652.19 rows=941 width=121)
	  Recheck Cond: ((id >= 5293087) AND (id <= 5294086))
	  ->  Bitmap Index Scan on sbtest2_pkey  (cost=0.00..33.84 rows=941 width=0)
	        Index Cond: ((id >= 5293087) AND (id <= 5294086))

table 3 : explain SELECT c FROM sbtest3 WHERE id BETWEEN 9279693 AND 9280692
	Bitmap Heap Scan on sbtest3  (cost=34.81..3926.04 rows=1012 width=121)
	  Recheck Cond: ((id >= 9279693) AND (id <= 9280692))
	  ->  Bitmap Index Scan on sbtest3_pkey  (cost=0.00..34.56 rows=1012 width=0)
	        Index Cond: ((id >= 9279693) AND (id <= 9280692))

table 4 : explain SELECT c FROM sbtest4 WHERE id BETWEEN 4583134 AND 4584133
	Bitmap Heap Scan on sbtest4  (cost=34.94..3975.42 rows=1025 width=121)
	  Recheck Cond: ((id >= 4583134) AND (id <= 4584133))
	  ->  Bitmap Index Scan on sbtest4_pkey  (cost=0.00..34.69 rows=1025 width=0)
	        Index Cond: ((id >= 4583134) AND (id <= 4584133))

table 5 : explain SELECT c FROM sbtest5 WHERE id BETWEEN 8050923 AND 8051922
	Bitmap Heap Scan on sbtest5  (cost=34.59..3846.68 rows=991 width=121)
	  Recheck Cond: ((id >= 8050923) AND (id <= 8051922))
	  ->  Bitmap Index Scan on sbtest5_pkey  (cost=0.00..34.34 rows=991 width=0)
	        Index Cond: ((id >= 8050923) AND (id <= 8051922))

table 6 : explain SELECT c FROM sbtest6 WHERE id BETWEEN 9964123 AND 9965122
	Bitmap Heap Scan on sbtest6  (cost=34.41..3775.51 rows=973 width=121)
	  Recheck Cond: ((id >= 9964123) AND (id <= 9965122))
	  ->  Bitmap Index Scan on sbtest6_pkey  (cost=0.00..34.17 rows=973 width=0)
	        Index Cond: ((id >= 9964123) AND (id <= 9965122))

table 7 : explain SELECT c FROM sbtest7 WHERE id BETWEEN 4944105 AND 4945104
	Bitmap Heap Scan on sbtest7  (cost=34.06..3649.19 rows=939 width=121)
	  Recheck Cond: ((id >= 4944105) AND (id <= 4945104))
	  ->  Bitmap Index Scan on sbtest7_pkey  (cost=0.00..33.83 rows=939 width=0)
	        Index Cond: ((id >= 4944105) AND (id <= 4945104))

table 8 : explain SELECT c FROM sbtest8 WHERE id BETWEEN 2366892 AND 2367891
	Bitmap Heap Scan on sbtest8  (cost=34.53..3819.60 rows=985 width=121)
	  Recheck Cond: ((id >= 2366892) AND (id <= 2367891))
	  ->  Bitmap Index Scan on sbtest8_pkey  (cost=0.00..34.29 rows=985 width=0)
	        Index Cond: ((id >= 2366892) AND (id <= 2367891))

for: simple_ranges
table 1 : explain SELECT c FROM sbtest1 WHERE id BETWEEN 678818 AND 679817
	Bitmap Heap Scan on sbtest1  (cost=34.95..3976.25 rows=1026 width=121)
	  Recheck Cond: ((id >= 678818) AND (id <= 679817))
	  ->  Bitmap Index Scan on sbtest1_pkey  (cost=0.00..34.70 rows=1026 width=0)
	        Index Cond: ((id >= 678818) AND (id <= 679817))

table 2 : explain SELECT c FROM sbtest2 WHERE id BETWEEN 1885481 AND 1886480
	Bitmap Heap Scan on sbtest2  (cost=39.87..4311.35 rows=1116 width=121)
	  Recheck Cond: ((id >= 1885481) AND (id <= 1886480))
	  ->  Bitmap Index Scan on sbtest2_pkey  (cost=0.00..39.59 rows=1116 width=0)
	        Index Cond: ((id >= 1885481) AND (id <= 1886480))

table 3 : explain SELECT c FROM sbtest3 WHERE id BETWEEN 6910023 AND 6911022
	Bitmap Heap Scan on sbtest3  (cost=35.20..4069.44 rows=1050 width=121)
	  Recheck Cond: ((id >= 6910023) AND (id <= 6911022))
	  ->  Bitmap Index Scan on sbtest3_pkey  (cost=0.00..34.94 rows=1050 width=0)
	        Index Cond: ((id >= 6910023) AND (id <= 6911022))

table 4 : explain SELECT c FROM sbtest4 WHERE id BETWEEN 3986399 AND 3987398
	Bitmap Heap Scan on sbtest4  (cost=39.70..4258.43 rows=1099 width=121)
	  Recheck Cond: ((id >= 3986399) AND (id <= 3987398))
	  ->  Bitmap Index Scan on sbtest4_pkey  (cost=0.00..39.43 rows=1099 width=0)
	        Index Cond: ((id >= 3986399) AND (id <= 3987398))

table 5 : explain SELECT c FROM sbtest5 WHERE id BETWEEN 1224703 AND 1225702
	Bitmap Heap Scan on sbtest5  (cost=34.79..3918.45 rows=1010 width=121)
	  Recheck Cond: ((id >= 1224703) AND (id <= 1225702))
	  ->  Bitmap Index Scan on sbtest5_pkey  (cost=0.00..34.54 rows=1010 width=0)
	        Index Cond: ((id >= 1224703) AND (id <= 1225702))

table 6 : explain SELECT c FROM sbtest6 WHERE id BETWEEN 5519192 AND 5520191
	Bitmap Heap Scan on sbtest6  (cost=34.85..3937.76 rows=1016 width=121)
	  Recheck Cond: ((id >= 5519192) AND (id <= 5520191))
	  ->  Bitmap Index Scan on sbtest6_pkey  (cost=0.00..34.59 rows=1016 width=0)
	        Index Cond: ((id >= 5519192) AND (id <= 5520191))

table 7 : explain SELECT c FROM sbtest7 WHERE id BETWEEN 4489868 AND 4490867
	Bitmap Heap Scan on sbtest7  (cost=34.58..3842.00 rows=990 width=121)
	  Recheck Cond: ((id >= 4489868) AND (id <= 4490867))
	  ->  Bitmap Index Scan on sbtest7_pkey  (cost=0.00..34.34 rows=990 width=0)
	        Index Cond: ((id >= 4489868) AND (id <= 4490867))

table 8 : explain SELECT c FROM sbtest8 WHERE id BETWEEN 1606149 AND 1607148
	Bitmap Heap Scan on sbtest8  (cost=33.92..3593.01 rows=925 width=121)
	  Recheck Cond: ((id >= 1606149) AND (id <= 1607148))
	  ->  Bitmap Index Scan on sbtest8_pkey  (cost=0.00..33.69 rows=925 width=0)
	        Index Cond: ((id >= 1606149) AND (id <= 1607148))

for: distinct_ranges
table 1 : explain SELECT DISTINCT c FROM sbtest1 WHERE id BETWEEN 2934008 AND 2935007 ORDER BY c
	Unique  (cost=4303.04..4308.53 rows=1097 width=121)
	  ->  Sort  (cost=4303.04..4305.78 rows=1097 width=121)
	        Sort Key: c
	        ->  Bitmap Heap Scan on sbtest1  (cost=39.68..4247.65 rows=1097 width=121)
	              Recheck Cond: ((id >= 2934008) AND (id <= 2935007))
	              ->  Bitmap Index Scan on sbtest1_pkey  (cost=0.00..39.41 rows=1097 width=0)
	                    Index Cond: ((id >= 2934008) AND (id <= 2935007))

table 2 : explain SELECT DISTINCT c FROM sbtest2 WHERE id BETWEEN 9007724 AND 9008723 ORDER BY c
	Unique  (cost=3886.33..3891.28 rows=990 width=121)
	  ->  Sort  (cost=3886.33..3888.81 rows=990 width=121)
	        Sort Key: c
	        ->  Bitmap Heap Scan on sbtest2  (cost=34.58..3837.07 rows=990 width=121)
	              Recheck Cond: ((id >= 9007724) AND (id <= 9008723))
	              ->  Bitmap Index Scan on sbtest2_pkey  (cost=0.00..34.34 rows=990 width=0)
	                    Index Cond: ((id >= 9007724) AND (id <= 9008723))

table 3 : explain SELECT DISTINCT c FROM sbtest3 WHERE id BETWEEN 7575635 AND 7576634 ORDER BY c
	Unique  (cost=3765.55..3770.34 rows=957 width=121)
	  ->  Sort  (cost=3765.55..3767.94 rows=957 width=121)
	        Sort Key: c
	        ->  Bitmap Heap Scan on sbtest3  (cost=34.24..3718.17 rows=957 width=121)
	              Recheck Cond: ((id >= 7575635) AND (id <= 7576634))
	              ->  Bitmap Index Scan on sbtest3_pkey  (cost=0.00..34.01 rows=957 width=0)
	                    Index Cond: ((id >= 7575635) AND (id <= 7576634))

table 4 : explain SELECT DISTINCT c FROM sbtest4 WHERE id BETWEEN 7107403 AND 7108402 ORDER BY c
	Unique  (cost=3969.18..3974.23 rows=1010 width=121)
	  ->  Sort  (cost=3969.18..3971.71 rows=1010 width=121)
	        Sort Key: c
	        ->  Bitmap Heap Scan on sbtest4  (cost=34.79..3918.78 rows=1010 width=121)
	              Recheck Cond: ((id >= 7107403) AND (id <= 7108402))
	              ->  Bitmap Index Scan on sbtest4_pkey  (cost=0.00..34.54 rows=1010 width=0)
	                    Index Cond: ((id >= 7107403) AND (id <= 7108402))

table 5 : explain SELECT DISTINCT c FROM sbtest5 WHERE id BETWEEN 9640892 AND 9641891 ORDER BY c
	Unique  (cost=4340.33..4345.86 rows=1106 width=121)
	  ->  Sort  (cost=4340.33..4343.09 rows=1106 width=121)
	        Sort Key: c
	        ->  Bitmap Heap Scan on sbtest5  (cost=39.77..4284.41 rows=1106 width=121)
	              Recheck Cond: ((id >= 9640892) AND (id <= 9641891))
	              ->  Bitmap Index Scan on sbtest5_pkey  (cost=0.00..39.50 rows=1106 width=0)
	                    Index Cond: ((id >= 9640892) AND (id <= 9641891))

table 6 : explain SELECT DISTINCT c FROM sbtest6 WHERE id BETWEEN 5715014 AND 5716013 ORDER BY c
	Unique  (cost=3612.81..3617.40 rows=918 width=121)
	  ->  Sort  (cost=3612.81..3615.10 rows=918 width=121)
	        Sort Key: c
	        ->  Bitmap Heap Scan on sbtest6  (cost=33.84..3567.63 rows=918 width=121)
	              Recheck Cond: ((id >= 5715014) AND (id <= 5716013))
	              ->  Bitmap Index Scan on sbtest6_pkey  (cost=0.00..33.62 rows=918 width=0)
	                    Index Cond: ((id >= 5715014) AND (id <= 5716013))

table 7 : explain SELECT DISTINCT c FROM sbtest7 WHERE id BETWEEN 9965909 AND 9966908 ORDER BY c
	Unique  (cost=3810.71..3815.55 rows=969 width=121)
	  ->  Sort  (cost=3810.71..3813.13 rows=969 width=121)
	        Sort Key: c
	        ->  Bitmap Heap Scan on sbtest7  (cost=34.37..3762.64 rows=969 width=121)
	              Recheck Cond: ((id >= 9965909) AND (id <= 9966908))
	              ->  Bitmap Index Scan on sbtest7_pkey  (cost=0.00..34.12 rows=969 width=0)
	                    Index Cond: ((id >= 9965909) AND (id <= 9966908))

table 8 : explain SELECT DISTINCT c FROM sbtest8 WHERE id BETWEEN 2143985 AND 2144984 ORDER BY c
	Unique  (cost=4205.12..4210.48 rows=1073 width=121)
	  ->  Sort  (cost=4205.12..4207.80 rows=1073 width=121)
	        Sort Key: c
	        ->  Bitmap Heap Scan on sbtest8  (cost=35.43..4151.10 rows=1073 width=121)
	              Recheck Cond: ((id >= 2143985) AND (id <= 2144984))
	              ->  Bitmap Index Scan on sbtest8_pkey  (cost=0.00..35.17 rows=1073 width=0)
	                    Index Cond: ((id >= 2143985) AND (id <= 2144984))

for: order_ranges
table 1 : explain SELECT c FROM sbtest1 WHERE id BETWEEN 3513819 AND 3514818 ORDER BY c
	Sort  (cost=3870.53..3872.99 rows=985 width=121)
	  Sort Key: c
	  ->  Bitmap Heap Scan on sbtest1  (cost=34.53..3821.56 rows=985 width=121)
	        Recheck Cond: ((id >= 3513819) AND (id <= 3514818))
	        ->  Bitmap Index Scan on sbtest1_pkey  (cost=0.00..34.29 rows=985 width=0)
	              Index Cond: ((id >= 3513819) AND (id <= 3514818))

table 2 : explain SELECT c FROM sbtest2 WHERE id BETWEEN 613401 AND 614400 ORDER BY c
	Sort  (cost=4088.99..4091.59 rows=1043 width=121)
	  Sort Key: c
	  ->  Bitmap Heap Scan on sbtest2  (cost=35.13..4036.70 rows=1043 width=121)
	        Recheck Cond: ((id >= 613401) AND (id <= 614400))
	        ->  Bitmap Index Scan on sbtest2_pkey  (cost=0.00..34.87 rows=1043 width=0)
	              Index Cond: ((id >= 613401) AND (id <= 614400))

table 3 : explain SELECT c FROM sbtest3 WHERE id BETWEEN 8235686 AND 8236685 ORDER BY c
	Sort  (cost=3830.81..3833.24 rows=974 width=121)
	  Sort Key: c
	  ->  Bitmap Heap Scan on sbtest3  (cost=34.42..3782.46 rows=974 width=121)
	        Recheck Cond: ((id >= 8235686) AND (id <= 8236685))
	        ->  Bitmap Index Scan on sbtest3_pkey  (cost=0.00..34.18 rows=974 width=0)
	              Index Cond: ((id >= 8235686) AND (id <= 8236685))

table 4 : explain SELECT c FROM sbtest4 WHERE id BETWEEN 9068993 AND 9069992 ORDER BY c
	Sort  (cost=3873.30..3875.76 rows=985 width=121)
	  Sort Key: c
	  ->  Bitmap Heap Scan on sbtest4  (cost=34.53..3824.33 rows=985 width=121)
	        Recheck Cond: ((id >= 9068993) AND (id <= 9069992))
	        ->  Bitmap Index Scan on sbtest4_pkey  (cost=0.00..34.29 rows=985 width=0)
	              Index Cond: ((id >= 9068993) AND (id <= 9069992))

table 5 : explain SELECT c FROM sbtest5 WHERE id BETWEEN 4795783 AND 4796782 ORDER BY c
	Sort  (cost=4183.34..4186.00 rows=1066 width=121)
	  Sort Key: c
	  ->  Bitmap Heap Scan on sbtest5  (cost=35.36..4129.73 rows=1066 width=121)
	        Recheck Cond: ((id >= 4795783) AND (id <= 4796782))
	        ->  Bitmap Index Scan on sbtest5_pkey  (cost=0.00..35.09 rows=1066 width=0)
	              Index Cond: ((id >= 4795783) AND (id <= 4796782))

table 6 : explain SELECT c FROM sbtest6 WHERE id BETWEEN 97898 AND 98897 ORDER BY c
	Sort  (cost=3793.13..3795.55 rows=965 width=121)
	  Sort Key: c
	  ->  Bitmap Heap Scan on sbtest6  (cost=34.33..3745.30 rows=965 width=121)
	        Recheck Cond: ((id >= 97898) AND (id <= 98897))
	        ->  Bitmap Index Scan on sbtest6_pkey  (cost=0.00..34.09 rows=965 width=0)
	              Index Cond: ((id >= 97898) AND (id <= 98897))

table 7 : explain SELECT c FROM sbtest7 WHERE id BETWEEN 3297961 AND 3298960 ORDER BY c
	Sort  (cost=3703.23..3705.58 rows=941 width=121)
	  Sort Key: c
	  ->  Bitmap Heap Scan on sbtest7  (cost=34.08..3656.75 rows=941 width=121)
	        Recheck Cond: ((id >= 3297961) AND (id <= 3298960))
	        ->  Bitmap Index Scan on sbtest7_pkey  (cost=0.00..33.84 rows=941 width=0)
	              Index Cond: ((id >= 3297961) AND (id <= 3298960))

table 8 : explain SELECT c FROM sbtest8 WHERE id BETWEEN 7998472 AND 7999471 ORDER BY c
	Sort  (cost=3761.30..3763.69 rows=957 width=121)
	  Sort Key: c
	  ->  Bitmap Heap Scan on sbtest8  (cost=34.24..3713.92 rows=957 width=121)
	        Recheck Cond: ((id >= 7998472) AND (id <= 7999471))
	        ->  Bitmap Index Scan on sbtest8_pkey  (cost=0.00..34.01 rows=957 width=0)
	              Index Cond: ((id >= 7998472) AND (id <= 7999471))

for: sum_ranges
table 1 : explain SELECT SUM(k) FROM sbtest1 WHERE id BETWEEN 7727184 AND 7728183
	Aggregate  (cost=3725.74..3725.75 rows=1 width=8)
	  ->  Bitmap Heap Scan on sbtest1  (cost=34.26..3723.35 rows=959 width=4)
	        Recheck Cond: ((id >= 7727184) AND (id <= 7728183))
	        ->  Bitmap Index Scan on sbtest1_pkey  (cost=0.00..34.03 rows=959 width=0)
	              Index Cond: ((id >= 7727184) AND (id <= 7728183))

table 2 : explain SELECT SUM(k) FROM sbtest2 WHERE id BETWEEN 376966 AND 377965
	Aggregate  (cost=3472.79..3472.80 rows=1 width=8)
	  ->  Bitmap Heap Scan on sbtest2  (cost=29.60..3470.56 rows=894 width=4)
	        Recheck Cond: ((id >= 376966) AND (id <= 377965))
	        ->  Bitmap Index Scan on sbtest2_pkey  (cost=0.00..29.37 rows=894 width=0)
	              Index Cond: ((id >= 376966) AND (id <= 377965))

table 3 : explain SELECT SUM(k) FROM sbtest3 WHERE id BETWEEN 4241538 AND 4242537
	Aggregate  (cost=3992.79..3992.80 rows=1 width=8)
	  ->  Bitmap Heap Scan on sbtest3  (cost=34.98..3990.22 rows=1029 width=4)
	        Recheck Cond: ((id >= 4241538) AND (id <= 4242537))
	        ->  Bitmap Index Scan on sbtest3_pkey  (cost=0.00..34.73 rows=1029 width=0)
	              Index Cond: ((id >= 4241538) AND (id <= 4242537))

table 4 : explain SELECT SUM(k) FROM sbtest4 WHERE id BETWEEN 9218304 AND 9219303
	Aggregate  (cost=3966.65..3966.66 rows=1 width=8)
	  ->  Bitmap Heap Scan on sbtest4  (cost=34.91..3964.10 rows=1022 width=4)
	        Recheck Cond: ((id >= 9218304) AND (id <= 9219303))
	        ->  Bitmap Index Scan on sbtest4_pkey  (cost=0.00..34.66 rows=1022 width=0)
	              Index Cond: ((id >= 9218304) AND (id <= 9219303))

table 5 : explain SELECT SUM(k) FROM sbtest5 WHERE id BETWEEN 7355250 AND 7356249
	Aggregate  (cost=3644.79..3644.80 rows=1 width=8)
	  ->  Bitmap Heap Scan on sbtest5  (cost=34.04..3642.45 rows=937 width=4)
	        Recheck Cond: ((id >= 7355250) AND (id <= 7356249))
	        ->  Bitmap Index Scan on sbtest5_pkey  (cost=0.00..33.81 rows=937 width=0)
	              Index Cond: ((id >= 7355250) AND (id <= 7356249))

table 6 : explain SELECT SUM(k) FROM sbtest6 WHERE id BETWEEN 7169902 AND 7170901
	Aggregate  (cost=4098.66..4098.67 rows=1 width=8)
	  ->  Bitmap Heap Scan on sbtest6  (cost=35.28..4096.02 rows=1058 width=4)
	        Recheck Cond: ((id >= 7169902) AND (id <= 7170901))
	        ->  Bitmap Index Scan on sbtest6_pkey  (cost=0.00..35.02 rows=1058 width=0)
	              Index Cond: ((id >= 7169902) AND (id <= 7170901))

table 7 : explain SELECT SUM(k) FROM sbtest7 WHERE id BETWEEN 6201452 AND 6202451
	Aggregate  (cost=3632.60..3632.61 rows=1 width=8)
	  ->  Bitmap Heap Scan on sbtest7  (cost=34.01..3630.27 rows=934 width=4)
	        Recheck Cond: ((id >= 6201452) AND (id <= 6202451))
	        ->  Bitmap Index Scan on sbtest7_pkey  (cost=0.00..33.78 rows=934 width=0)
	              Index Cond: ((id >= 6201452) AND (id <= 6202451))

table 8 : explain SELECT SUM(k) FROM sbtest8 WHERE id BETWEEN 8940056 AND 8941055
	Aggregate  (cost=3788.08..3788.09 rows=1 width=8)
	  ->  Bitmap Heap Scan on sbtest8  (cost=34.44..3785.64 rows=976 width=4)
	        Recheck Cond: ((id >= 8940056) AND (id <= 8941055))
	        ->  Bitmap Index Scan on sbtest8_pkey  (cost=0.00..34.20 rows=976 width=0)
	              Index Cond: ((id >= 8940056) AND (id <= 8941055))

for: distinct_ranges
table 1 : explain SELECT DISTINCT c FROM sbtest1 WHERE id BETWEEN 9637677 AND 9638676 ORDER BY c
	Unique  (cost=4157.64..4162.94 rows=1060 width=121)
	  ->  Sort  (cost=4157.64..4160.29 rows=1060 width=121)
	        Sort Key: c
	        ->  Bitmap Heap Scan on sbtest1  (cost=35.30..4104.38 rows=1060 width=121)
	              Recheck Cond: ((id >= 9637677) AND (id <= 9638676))
	              ->  Bitmap Index Scan on sbtest1_pkey  (cost=0.00..35.04 rows=1060 width=0)
	                    Index Cond: ((id >= 9637677) AND (id <= 9638676))

table 2 : explain SELECT DISTINCT c FROM sbtest2 WHERE id BETWEEN 9791192 AND 9792191 ORDER BY c
	Unique  (cost=3752.32..3757.09 rows=955 width=121)
	  ->  Sort  (cost=3752.32..3754.70 rows=955 width=121)
	        Sort Key: c
	        ->  Bitmap Heap Scan on sbtest2  (cost=34.22..3705.05 rows=955 width=121)
	              Recheck Cond: ((id >= 9791192) AND (id <= 9792191))
	              ->  Bitmap Index Scan on sbtest2_pkey  (cost=0.00..33.98 rows=955 width=0)
	                    Index Cond: ((id >= 9791192) AND (id <= 9792191))

table 3 : explain SELECT DISTINCT c FROM sbtest3 WHERE id BETWEEN 6359897 AND 6360896 ORDER BY c
	Unique  (cost=3684.89..3689.57 rows=936 width=121)
	  ->  Sort  (cost=3684.89..3687.23 rows=936 width=121)
	        Sort Key: c
	        ->  Bitmap Heap Scan on sbtest3  (cost=34.03..3638.70 rows=936 width=121)
	              Recheck Cond: ((id >= 6359897) AND (id <= 6360896))
	              ->  Bitmap Index Scan on sbtest3_pkey  (cost=0.00..33.80 rows=936 width=0)
	                    Index Cond: ((id >= 6359897) AND (id <= 6360896))

table 4 : explain SELECT DISTINCT c FROM sbtest4 WHERE id BETWEEN 9729323 AND 9730322 ORDER BY c
	Unique  (cost=3984.52..3989.59 rows=1014 width=121)
	  ->  Sort  (cost=3984.52..3987.05 rows=1014 width=121)
	        Sort Key: c
	        ->  Bitmap Heap Scan on sbtest4  (cost=34.83..3933.89 rows=1014 width=121)
	              Recheck Cond: ((id >= 9729323) AND (id <= 9730322))
	              ->  Bitmap Index Scan on sbtest4_pkey  (cost=0.00..34.58 rows=1014 width=0)
	                    Index Cond: ((id >= 9729323) AND (id <= 9730322))

table 5 : explain SELECT DISTINCT c FROM sbtest5 WHERE id BETWEEN 8349074 AND 8350073 ORDER BY c
	Unique  (cost=3677.17..3681.84 rows=934 width=121)
	  ->  Sort  (cost=3677.17..3679.51 rows=934 width=121)
	        Sort Key: c
	        ->  Bitmap Heap Scan on sbtest5  (cost=34.01..3631.09 rows=934 width=121)
	              Recheck Cond: ((id >= 8349074) AND (id <= 8350073))
	              ->  Bitmap Index Scan on sbtest5_pkey  (cost=0.00..33.78 rows=934 width=0)
	                    Index Cond: ((id >= 8349074) AND (id <= 8350073))

table 6 : explain SELECT DISTINCT c FROM sbtest6 WHERE id BETWEEN 3581882 AND 3582881 ORDER BY c
	Unique  (cost=3670.39..3675.05 rows=933 width=121)
	  ->  Sort  (cost=3670.39..3672.72 rows=933 width=121)
	        Sort Key: c
	        ->  Bitmap Heap Scan on sbtest6  (cost=34.00..3624.36 rows=933 width=121)
	              Recheck Cond: ((id >= 3581882) AND (id <= 3582881))
	              ->  Bitmap Index Scan on sbtest6_pkey  (cost=0.00..33.77 rows=933 width=0)
	                    Index Cond: ((id >= 3581882) AND (id <= 3582881))

table 7 : explain SELECT DISTINCT c FROM sbtest7 WHERE id BETWEEN 8363117 AND 8364116 ORDER BY c
	Unique  (cost=3941.09..3946.11 rows=1003 width=121)
	  ->  Sort  (cost=3941.09..3943.60 rows=1003 width=121)
	        Sort Key: c
	        ->  Bitmap Heap Scan on sbtest7  (cost=34.72..3891.09 rows=1003 width=121)
	              Recheck Cond: ((id >= 8363117) AND (id <= 8364116))
	              ->  Bitmap Index Scan on sbtest7_pkey  (cost=0.00..34.47 rows=1003 width=0)
	                    Index Cond: ((id >= 8363117) AND (id <= 8364116))

table 8 : explain SELECT DISTINCT c FROM sbtest8 WHERE id BETWEEN 4403028 AND 4404027 ORDER BY c
	Unique  (cost=3914.52..3919.51 rows=997 width=121)
	  ->  Sort  (cost=3914.52..3917.01 rows=997 width=121)
	        Sort Key: c
	        ->  Bitmap Heap Scan on sbtest8  (cost=34.65..3864.86 rows=997 width=121)
	              Recheck Cond: ((id >= 4403028) AND (id <= 4404027))
	              ->  Bitmap Index Scan on sbtest8_pkey  (cost=0.00..34.41 rows=997 width=0)
	                    Index Cond: ((id >= 4403028) AND (id <= 4404027))

for: sum_ranges
table 1 : explain SELECT SUM(k) FROM sbtest1 WHERE id BETWEEN 8958792 AND 8959791
	Aggregate  (cost=4122.10..4122.11 rows=1 width=8)
	  ->  Bitmap Heap Scan on sbtest1  (cost=35.34..4119.44 rows=1064 width=4)
	        Recheck Cond: ((id >= 8958792) AND (id <= 8959791))
	        ->  Bitmap Index Scan on sbtest1_pkey  (cost=0.00..35.08 rows=1064 width=0)
	              Index Cond: ((id >= 8958792) AND (id <= 8959791))

table 2 : explain SELECT SUM(k) FROM sbtest2 WHERE id BETWEEN 4756134 AND 4757133
	Aggregate  (cost=4043.07..4043.08 rows=1 width=8)
	  ->  Bitmap Heap Scan on sbtest2  (cost=35.14..4040.46 rows=1044 width=4)
	        Recheck Cond: ((id >= 4756134) AND (id <= 4757133))
	        ->  Bitmap Index Scan on sbtest2_pkey  (cost=0.00..34.88 rows=1044 width=0)
	              Index Cond: ((id >= 4756134) AND (id <= 4757133))

table 3 : explain SELECT SUM(k) FROM sbtest3 WHERE id BETWEEN 3047754 AND 3048753
	Aggregate  (cost=3667.55..3667.56 rows=1 width=8)
	  ->  Bitmap Heap Scan on sbtest3  (cost=34.10..3665.19 rows=943 width=4)
	        Recheck Cond: ((id >= 3047754) AND (id <= 3048753))
	        ->  Bitmap Index Scan on sbtest3_pkey  (cost=0.00..33.87 rows=943 width=0)
	              Index Cond: ((id >= 3047754) AND (id <= 3048753))

table 4 : explain SELECT SUM(k) FROM sbtest4 WHERE id BETWEEN 4009089 AND 4010088
	Aggregate  (cost=4261.18..4261.19 rows=1 width=8)
	  ->  Bitmap Heap Scan on sbtest4  (cost=39.70..4258.43 rows=1099 width=4)
	        Recheck Cond: ((id >= 4009089) AND (id <= 4010088))
	        ->  Bitmap Index Scan on sbtest4_pkey  (cost=0.00..39.43 rows=1099 width=0)
	              Index Cond: ((id >= 4009089) AND (id <= 4010088))

table 5 : explain SELECT SUM(k) FROM sbtest5 WHERE id BETWEEN 6172350 AND 6173349
	Aggregate  (cost=3811.34..3811.35 rows=1 width=8)
	  ->  Bitmap Heap Scan on sbtest5  (cost=34.49..3808.89 rows=981 width=4)
	        Recheck Cond: ((id >= 6172350) AND (id <= 6173349))
	        ->  Bitmap Index Scan on sbtest5_pkey  (cost=0.00..34.25 rows=981 width=0)
	              Index Cond: ((id >= 6172350) AND (id <= 6173349))

table 6 : explain SELECT SUM(k) FROM sbtest6 WHERE id BETWEEN 210518 AND 211517
	Aggregate  (cost=4087.36..4087.37 rows=1 width=8)
	  ->  Bitmap Heap Scan on sbtest6  (cost=35.25..4084.72 rows=1055 width=4)
	        Recheck Cond: ((id >= 210518) AND (id <= 211517))
	        ->  Bitmap Index Scan on sbtest6_pkey  (cost=0.00..34.98 rows=1055 width=0)
	              Index Cond: ((id >= 210518) AND (id <= 211517))

table 7 : explain SELECT SUM(k) FROM sbtest7 WHERE id BETWEEN 9354196 AND 9355195
	Aggregate  (cost=4048.40..4048.41 rows=1 width=8)
	  ->  Bitmap Heap Scan on sbtest7  (cost=35.14..4045.79 rows=1044 width=4)
	        Recheck Cond: ((id >= 9354196) AND (id <= 9355195))
	        ->  Bitmap Index Scan on sbtest7_pkey  (cost=0.00..34.88 rows=1044 width=0)
	              Index Cond: ((id >= 9354196) AND (id <= 9355195))

table 8 : explain SELECT SUM(k) FROM sbtest8 WHERE id BETWEEN 5761261 AND 5762260
	Aggregate  (cost=4044.58..4044.59 rows=1 width=8)
	  ->  Bitmap Heap Scan on sbtest8  (cost=35.14..4041.97 rows=1044 width=4)
	        Recheck Cond: ((id >= 5761261) AND (id <= 5762260))
	        ->  Bitmap Index Scan on sbtest8_pkey  (cost=0.00..34.88 rows=1044 width=0)
	              Index Cond: ((id >= 5761261) AND (id <= 5762260))

for: sum_ranges
table 1 : explain SELECT SUM(k) FROM sbtest1 WHERE id BETWEEN 148214 AND 149213
	Aggregate  (cost=3854.24..3854.25 rows=1 width=8)
	  ->  Bitmap Heap Scan on sbtest1  (cost=34.61..3851.76 rows=993 width=4)
	        Recheck Cond: ((id >= 148214) AND (id <= 149213))
	        ->  Bitmap Index Scan on sbtest1_pkey  (cost=0.00..34.37 rows=993 width=0)
	              Index Cond: ((id >= 148214) AND (id <= 149213))

table 2 : explain SELECT SUM(k) FROM sbtest2 WHERE id BETWEEN 8544557 AND 8545556
	Aggregate  (cost=4043.07..4043.08 rows=1 width=8)
	  ->  Bitmap Heap Scan on sbtest2  (cost=35.14..4040.46 rows=1044 width=4)
	        Recheck Cond: ((id >= 8544557) AND (id <= 8545556))
	        ->  Bitmap Index Scan on sbtest2_pkey  (cost=0.00..34.88 rows=1044 width=0)
	              Index Cond: ((id >= 8544557) AND (id <= 8545556))

table 3 : explain SELECT SUM(k) FROM sbtest3 WHERE id BETWEEN 5991480 AND 5992479
	Aggregate  (cost=3701.63..3701.64 rows=1 width=8)
	  ->  Bitmap Heap Scan on sbtest3  (cost=34.19..3699.25 rows=952 width=4)
	        Recheck Cond: ((id >= 5991480) AND (id <= 5992479))
	        ->  Bitmap Index Scan on sbtest3_pkey  (cost=0.00..33.95 rows=952 width=0)
	              Index Cond: ((id >= 5991480) AND (id <= 5992479))

table 4 : explain SELECT SUM(k) FROM sbtest4 WHERE id BETWEEN 3864120 AND 3865119
	Aggregate  (cost=3595.83..3595.84 rows=1 width=8)
	  ->  Bitmap Heap Scan on sbtest4  (cost=33.91..3593.52 rows=924 width=4)
	        Recheck Cond: ((id >= 3864120) AND (id <= 3865119))
	        ->  Bitmap Index Scan on sbtest4_pkey  (cost=0.00..33.68 rows=924 width=0)
	              Index Cond: ((id >= 3864120) AND (id <= 3865119))

table 5 : explain SELECT SUM(k) FROM sbtest5 WHERE id BETWEEN 4428632 AND 4429631
	Aggregate  (cost=4464.13..4464.14 rows=1 width=8)
	  ->  Bitmap Heap Scan on sbtest5  (cost=40.26..4461.25 rows=1154 width=4)
	        Recheck Cond: ((id >= 4428632) AND (id <= 4429631))
	        ->  Bitmap Index Scan on sbtest5_pkey  (cost=0.00..39.98 rows=1154 width=0)
	              Index Cond: ((id >= 4428632) AND (id <= 4429631))

table 6 : explain SELECT SUM(k) FROM sbtest6 WHERE id BETWEEN 6527076 AND 6528075
	Aggregate  (cost=3830.83..3830.84 rows=1 width=8)
	  ->  Bitmap Heap Scan on sbtest6  (cost=34.55..3828.36 rows=987 width=4)
	        Recheck Cond: ((id >= 6527076) AND (id <= 6528075))
	        ->  Bitmap Index Scan on sbtest6_pkey  (cost=0.00..34.31 rows=987 width=0)
	              Index Cond: ((id >= 6527076) AND (id <= 6528075))

table 7 : explain SELECT SUM(k) FROM sbtest7 WHERE id BETWEEN 3217215 AND 3218214
	Aggregate  (cost=4320.00..4320.01 rows=1 width=8)
	  ->  Bitmap Heap Scan on sbtest7  (cost=39.86..4317.21 rows=1115 width=4)
	        Recheck Cond: ((id >= 3217215) AND (id <= 3218214))
	        ->  Bitmap Index Scan on sbtest7_pkey  (cost=0.00..39.59 rows=1115 width=0)
	              Index Cond: ((id >= 3217215) AND (id <= 3218214))

table 8 : explain SELECT SUM(k) FROM sbtest8 WHERE id BETWEEN 5918657 AND 5919656
	Aggregate  (cost=3818.29..3818.30 rows=1 width=8)
	  ->  Bitmap Heap Scan on sbtest8  (cost=34.52..3815.83 rows=984 width=4)
	        Recheck Cond: ((id >= 5918657) AND (id <= 5919656))
	        ->  Bitmap Index Scan on sbtest8_pkey  (cost=0.00..34.28 rows=984 width=0)
	              Index Cond: ((id >= 5918657) AND (id <= 5919656))

for: distinct_ranges
table 1 : explain SELECT DISTINCT c FROM sbtest1 WHERE id BETWEEN 7106719 AND 7107718 ORDER BY c
	Unique  (cost=4062.01..4067.19 rows=1035 width=121)
	  ->  Sort  (cost=4062.01..4064.60 rows=1035 width=121)
	        Sort Key: c
	        ->  Bitmap Heap Scan on sbtest1  (cost=35.04..4010.18 rows=1035 width=121)
	              Recheck Cond: ((id >= 7106719) AND (id <= 7107718))
	              ->  Bitmap Index Scan on sbtest1_pkey  (cost=0.00..34.79 rows=1035 width=0)
	                    Index Cond: ((id >= 7106719) AND (id <= 7107718))

table 2 : explain SELECT DISTINCT c FROM sbtest2 WHERE id BETWEEN 5929966 AND 5930965 ORDER BY c
	Unique  (cost=3882.50..3887.45 rows=989 width=121)
	  ->  Sort  (cost=3882.50..3884.98 rows=989 width=121)
	        Sort Key: c
	        ->  Bitmap Heap Scan on sbtest2  (cost=34.57..3833.30 rows=989 width=121)
	              Recheck Cond: ((id >= 5929966) AND (id <= 5930965))
	              ->  Bitmap Index Scan on sbtest2_pkey  (cost=0.00..34.33 rows=989 width=0)
	                    Index Cond: ((id >= 5929966) AND (id <= 5930965))

table 3 : explain SELECT DISTINCT c FROM sbtest3 WHERE id BETWEEN 2453238 AND 2454237 ORDER BY c
	Unique  (cost=3915.21..3920.19 rows=996 width=121)
	  ->  Sort  (cost=3915.21..3917.70 rows=996 width=121)
	        Sort Key: c
	        ->  Bitmap Heap Scan on sbtest3  (cost=34.64..3865.61 rows=996 width=121)
	              Recheck Cond: ((id >= 2453238) AND (id <= 2454237))
	              ->  Bitmap Index Scan on sbtest3_pkey  (cost=0.00..34.40 rows=996 width=0)
	                    Index Cond: ((id >= 2453238) AND (id <= 2454237))

table 4 : explain SELECT DISTINCT c FROM sbtest4 WHERE id BETWEEN 518059 AND 519058 ORDER BY c
	Unique  (cost=3834.93..3839.80 rows=975 width=121)
	  ->  Sort  (cost=3834.93..3837.36 rows=975 width=121)
	        Sort Key: c
	        ->  Bitmap Heap Scan on sbtest4  (cost=34.43..3786.52 rows=975 width=121)
	              Recheck Cond: ((id >= 518059) AND (id <= 519058))
	              ->  Bitmap Index Scan on sbtest4_pkey  (cost=0.00..34.19 rows=975 width=0)
	                    Index Cond: ((id >= 518059) AND (id <= 519058))

table 5 : explain SELECT DISTINCT c FROM sbtest5 WHERE id BETWEEN 5116652 AND 5117651 ORDER BY c
	Unique  (cost=3976.52..3981.58 rows=1012 width=121)
	  ->  Sort  (cost=3976.52..3979.05 rows=1012 width=121)
	        Sort Key: c
	        ->  Bitmap Heap Scan on sbtest5  (cost=34.81..3926.00 rows=1012 width=121)
	              Recheck Cond: ((id >= 5116652) AND (id <= 5117651))
	              ->  Bitmap Index Scan on sbtest5_pkey  (cost=0.00..34.56 rows=1012 width=0)
	                    Index Cond: ((id >= 5116652) AND (id <= 5117651))

table 6 : explain SELECT DISTINCT c FROM sbtest6 WHERE id BETWEEN 7954207 AND 7955206 ORDER BY c
	Unique  (cost=3957.88..3962.92 rows=1008 width=121)
	  ->  Sort  (cost=3957.88..3960.40 rows=1008 width=121)
	        Sort Key: c
	        ->  Bitmap Heap Scan on sbtest6  (cost=34.77..3907.59 rows=1008 width=121)
	              Recheck Cond: ((id >= 7954207) AND (id <= 7955206))
	              ->  Bitmap Index Scan on sbtest6_pkey  (cost=0.00..34.52 rows=1008 width=0)
	                    Index Cond: ((id >= 7954207) AND (id <= 7955206))

table 7 : explain SELECT DISTINCT c FROM sbtest7 WHERE id BETWEEN 997389 AND 998388 ORDER BY c
	Unique  (cost=3994.74..3999.83 rows=1017 width=121)
	  ->  Sort  (cost=3994.74..3997.28 rows=1017 width=121)
	        Sort Key: c
	        ->  Bitmap Heap Scan on sbtest7  (cost=34.86..3943.94 rows=1017 width=121)
	              Recheck Cond: ((id >= 997389) AND (id <= 998388))
	              ->  Bitmap Index Scan on sbtest7_pkey  (cost=0.00..34.61 rows=1017 width=0)
	                    Index Cond: ((id >= 997389) AND (id <= 998388))

table 8 : explain SELECT DISTINCT c FROM sbtest8 WHERE id BETWEEN 8870169 AND 8871168 ORDER BY c
	Unique  (cost=3788.13..3792.95 rows=964 width=121)
	  ->  Sort  (cost=3788.13..3790.54 rows=964 width=121)
	        Sort Key: c
	        ->  Bitmap Heap Scan on sbtest8  (cost=34.32..3740.35 rows=964 width=121)
	              Recheck Cond: ((id >= 8870169) AND (id <= 8871168))
	              ->  Bitmap Index Scan on sbtest8_pkey  (cost=0.00..34.08 rows=964 width=0)
	                    Index Cond: ((id >= 8870169) AND (id <= 8871168))

for: sum_ranges
table 1 : explain SELECT SUM(k) FROM sbtest1 WHERE id BETWEEN 325159 AND 326158
	Aggregate  (cost=3937.31..3937.32 rows=1 width=8)
	  ->  Bitmap Heap Scan on sbtest1  (cost=34.84..3934.77 rows=1015 width=4)
	        Recheck Cond: ((id >= 325159) AND (id <= 326158))
	        ->  Bitmap Index Scan on sbtest1_pkey  (cost=0.00..34.59 rows=1015 width=0)
	              Index Cond: ((id >= 325159) AND (id <= 326158))

table 2 : explain SELECT SUM(k) FROM sbtest2 WHERE id BETWEEN 2912437 AND 2913436
	Aggregate  (cost=4208.63..4208.64 rows=1 width=8)
	  ->  Bitmap Heap Scan on sbtest2  (cost=35.59..4205.91 rows=1088 width=4)
	        Recheck Cond: ((id >= 2912437) AND (id <= 2913436))
	        ->  Bitmap Index Scan on sbtest2_pkey  (cost=0.00..35.32 rows=1088 width=0)
	              Index Cond: ((id >= 2912437) AND (id <= 2913436))

table 3 : explain SELECT SUM(k) FROM sbtest3 WHERE id BETWEEN 881847 AND 882846
	Aggregate  (cost=3762.19..3762.20 rows=1 width=8)
	  ->  Bitmap Heap Scan on sbtest3  (cost=34.36..3759.77 rows=968 width=4)
	        Recheck Cond: ((id >= 881847) AND (id <= 882846))
	        ->  Bitmap Index Scan on sbtest3_pkey  (cost=0.00..34.12 rows=968 width=0)
	              Index Cond: ((id >= 881847) AND (id <= 882846))

table 4 : explain SELECT SUM(k) FROM sbtest4 WHERE id BETWEEN 1416788 AND 1417787
	Aggregate  (cost=4053.51..4053.52 rows=1 width=8)
	  ->  Bitmap Heap Scan on sbtest4  (cost=35.15..4050.90 rows=1045 width=4)
	        Recheck Cond: ((id >= 1416788) AND (id <= 1417787))
	        ->  Bitmap Index Scan on sbtest4_pkey  (cost=0.00..34.89 rows=1045 width=0)
	              Index Cond: ((id >= 1416788) AND (id <= 1417787))

table 5 : explain SELECT SUM(k) FROM sbtest5 WHERE id BETWEEN 3303840 AND 3304839
	Aggregate  (cost=3758.37..3758.38 rows=1 width=8)
	  ->  Bitmap Heap Scan on sbtest5  (cost=34.35..3755.96 rows=967 width=4)
	        Recheck Cond: ((id >= 3303840) AND (id <= 3304839))
	        ->  Bitmap Index Scan on sbtest5_pkey  (cost=0.00..34.11 rows=967 width=0)
	              Index Cond: ((id >= 3303840) AND (id <= 3304839))

table 6 : explain SELECT SUM(k) FROM sbtest6 WHERE id BETWEEN 9732183 AND 9733182
	Aggregate  (cost=3849.71..3849.72 rows=1 width=8)
	  ->  Bitmap Heap Scan on sbtest6  (cost=34.60..3847.23 rows=992 width=4)
	        Recheck Cond: ((id >= 9732183) AND (id <= 9733182))
	        ->  Bitmap Index Scan on sbtest6_pkey  (cost=0.00..34.36 rows=992 width=0)
	              Index Cond: ((id >= 9732183) AND (id <= 9733182))

table 7 : explain SELECT SUM(k) FROM sbtest7 WHERE id BETWEEN 1319058 AND 1320057
	Aggregate  (cost=4165.31..4165.32 rows=1 width=8)
	  ->  Bitmap Heap Scan on sbtest7  (cost=35.45..4162.63 rows=1075 width=4)
	        Recheck Cond: ((id >= 1319058) AND (id <= 1320057))
	        ->  Bitmap Index Scan on sbtest7_pkey  (cost=0.00..35.19 rows=1075 width=0)
	              Index Cond: ((id >= 1319058) AND (id <= 1320057))

table 8 : explain SELECT SUM(k) FROM sbtest8 WHERE id BETWEEN 8710937 AND 8711936
	Aggregate  (cost=3950.34..3950.35 rows=1 width=8)
	  ->  Bitmap Heap Scan on sbtest8  (cost=34.88..3947.80 rows=1019 width=4)
	        Recheck Cond: ((id >= 8710937) AND (id <= 8711936))
	        ->  Bitmap Index Scan on sbtest8_pkey  (cost=0.00..34.62 rows=1019 width=0)
	              Index Cond: ((id >= 8710937) AND (id <= 8711936))

for: order_ranges
table 1 : explain SELECT c FROM sbtest1 WHERE id BETWEEN 7669494 AND 7670493 ORDER BY c
	Sort  (cost=4012.25..4014.81 rows=1022 width=121)
	  Sort Key: c
	  ->  Bitmap Heap Scan on sbtest1  (cost=34.91..3961.17 rows=1022 width=121)
	        Recheck Cond: ((id >= 7669494) AND (id <= 7670493))
	        ->  Bitmap Index Scan on sbtest1_pkey  (cost=0.00..34.66 rows=1022 width=0)
	              Index Cond: ((id >= 7669494) AND (id <= 7670493))

table 2 : explain SELECT c FROM sbtest2 WHERE id BETWEEN 9946427 AND 9947426 ORDER BY c
	Sort  (cost=3790.62..3793.03 rows=965 width=121)
	  Sort Key: c
	  ->  Bitmap Heap Scan on sbtest2  (cost=34.33..3742.78 rows=965 width=121)
	        Recheck Cond: ((id >= 9946427) AND (id <= 9947426))
	        ->  Bitmap Index Scan on sbtest2_pkey  (cost=0.00..34.09 rows=965 width=0)
	              Index Cond: ((id >= 9946427) AND (id <= 9947426))

table 3 : explain SELECT c FROM sbtest3 WHERE id BETWEEN 3314415 AND 3315414 ORDER BY c
	Sort  (cost=4168.07..4170.73 rows=1062 width=121)
	  Sort Key: c
	  ->  Bitmap Heap Scan on sbtest3  (cost=35.32..4114.69 rows=1062 width=121)
	        Recheck Cond: ((id >= 3314415) AND (id <= 3315414))
	        ->  Bitmap Index Scan on sbtest3_pkey  (cost=0.00..35.06 rows=1062 width=0)
	              Index Cond: ((id >= 3314415) AND (id <= 3315414))

table 4 : explain SELECT c FROM sbtest4 WHERE id BETWEEN 3981199 AND 3982198 ORDER BY c
	Sort  (cost=4313.95..4316.69 rows=1099 width=121)
	  Sort Key: c
	  ->  Bitmap Heap Scan on sbtest4  (cost=39.70..4258.43 rows=1099 width=121)
	        Recheck Cond: ((id >= 3981199) AND (id <= 3982198))
	        ->  Bitmap Index Scan on sbtest4_pkey  (cost=0.00..39.43 rows=1099 width=0)
	              Index Cond: ((id >= 3981199) AND (id <= 3982198))

table 5 : explain SELECT c FROM sbtest5 WHERE id BETWEEN 4931846 AND 4932845 ORDER BY c
	Sort  (cost=4110.60..4113.22 rows=1047 width=121)
	  Sort Key: c
	  ->  Bitmap Heap Scan on sbtest5  (cost=35.17..4058.09 rows=1047 width=121)
	        Recheck Cond: ((id >= 4931846) AND (id <= 4932845))
	        ->  Bitmap Index Scan on sbtest5_pkey  (cost=0.00..34.91 rows=1047 width=0)
	              Index Cond: ((id >= 4931846) AND (id <= 4932845))

table 6 : explain SELECT c FROM sbtest6 WHERE id BETWEEN 2479361 AND 2480360 ORDER BY c
	Sort  (cost=3915.76..3918.25 rows=997 width=121)
	  Sort Key: c
	  ->  Bitmap Heap Scan on sbtest6  (cost=34.65..3866.10 rows=997 width=121)
	        Recheck Cond: ((id >= 2479361) AND (id <= 2480360))
	        ->  Bitmap Index Scan on sbtest6_pkey  (cost=0.00..34.41 rows=997 width=0)
	              Index Cond: ((id >= 2479361) AND (id <= 2480360))

table 7 : explain SELECT c FROM sbtest7 WHERE id BETWEEN 3961185 AND 3962184 ORDER BY c
	Sort  (cost=3918.09..3920.59 rows=997 width=121)
	  Sort Key: c
	  ->  Bitmap Heap Scan on sbtest7  (cost=34.65..3868.44 rows=997 width=121)
	        Recheck Cond: ((id >= 3961185) AND (id <= 3962184))
	        ->  Bitmap Index Scan on sbtest7_pkey  (cost=0.00..34.41 rows=997 width=0)
	              Index Cond: ((id >= 3961185) AND (id <= 3962184))

table 8 : explain SELECT c FROM sbtest8 WHERE id BETWEEN 1229650 AND 1230649 ORDER BY c
	Sort  (cost=3742.13..3744.51 rows=952 width=121)
	  Sort Key: c
	  ->  Bitmap Heap Scan on sbtest8  (cost=34.19..3695.03 rows=952 width=121)
	        Recheck Cond: ((id >= 1229650) AND (id <= 1230649))
	        ->  Bitmap Index Scan on sbtest8_pkey  (cost=0.00..33.95 rows=952 width=0)
	              Index Cond: ((id >= 1229650) AND (id <= 1230649))

for: order_ranges
table 1 : explain SELECT c FROM sbtest1 WHERE id BETWEEN 437790 AND 438789 ORDER BY c
	Sort  (cost=3996.94..3999.49 rows=1018 width=121)
	  Sort Key: c
	  ->  Bitmap Heap Scan on sbtest1  (cost=34.87..3946.08 rows=1018 width=121)
	        Recheck Cond: ((id >= 437790) AND (id <= 438789))
	        ->  Bitmap Index Scan on sbtest1_pkey  (cost=0.00..34.62 rows=1018 width=0)
	              Index Cond: ((id >= 437790) AND (id <= 438789))

table 2 : explain SELECT c FROM sbtest2 WHERE id BETWEEN 1261108 AND 1262107 ORDER BY c
	Sort  (cost=4020.20..4022.76 rows=1025 width=121)
	  Sort Key: c
	  ->  Bitmap Heap Scan on sbtest2  (cost=34.94..3968.94 rows=1025 width=121)
	        Recheck Cond: ((id >= 1261108) AND (id <= 1262107))
	        ->  Bitmap Index Scan on sbtest2_pkey  (cost=0.00..34.69 rows=1025 width=0)
	              Index Cond: ((id >= 1261108) AND (id <= 1262107))

table 3 : explain SELECT c FROM sbtest3 WHERE id BETWEEN 8959402 AND 8960401 ORDER BY c
	Sort  (cost=4225.47..4228.16 rows=1077 width=121)
	  Sort Key: c
	  ->  Bitmap Heap Scan on sbtest3  (cost=35.47..4171.23 rows=1077 width=121)
	        Recheck Cond: ((id >= 8959402) AND (id <= 8960401))
	        ->  Bitmap Index Scan on sbtest3_pkey  (cost=0.00..35.20 rows=1077 width=0)
	              Index Cond: ((id >= 8959402) AND (id <= 8960401))

table 4 : explain SELECT c FROM sbtest4 WHERE id BETWEEN 7209671 AND 7210670 ORDER BY c
	Sort  (cost=4022.85..4025.41 rows=1024 width=121)
	  Sort Key: c
	  ->  Bitmap Heap Scan on sbtest4  (cost=34.93..3971.65 rows=1024 width=121)
	        Recheck Cond: ((id >= 7209671) AND (id <= 7210670))
	        ->  Bitmap Index Scan on sbtest4_pkey  (cost=0.00..34.68 rows=1024 width=0)
	              Index Cond: ((id >= 7209671) AND (id <= 7210670))

table 5 : explain SELECT c FROM sbtest5 WHERE id BETWEEN 13014 AND 14013 ORDER BY c
	Sort  (cost=4171.86..4174.51 rows=1063 width=121)
	  Sort Key: c
	  ->  Bitmap Heap Scan on sbtest5  (cost=35.33..4118.42 rows=1063 width=121)
	        Recheck Cond: ((id >= 13014) AND (id <= 14013))
	        ->  Bitmap Index Scan on sbtest5_pkey  (cost=0.00..35.07 rows=1063 width=0)
	              Index Cond: ((id >= 13014) AND (id <= 14013))

table 6 : explain SELECT c FROM sbtest6 WHERE id BETWEEN 9408051 AND 9409050 ORDER BY c
	Sort  (cost=4370.88..4373.67 rows=1115 width=121)
	  Sort Key: c
	  ->  Bitmap Heap Scan on sbtest6  (cost=39.86..4314.44 rows=1115 width=121)
	        Recheck Cond: ((id >= 9408051) AND (id <= 9409050))
	        ->  Bitmap Index Scan on sbtest6_pkey  (cost=0.00..39.59 rows=1115 width=0)
	              Index Cond: ((id >= 9408051) AND (id <= 9409050))

table 7 : explain SELECT c FROM sbtest7 WHERE id BETWEEN 4243644 AND 4244643 ORDER BY c
	Sort  (cost=3841.40..3843.84 rows=977 width=121)
	  Sort Key: c
	  ->  Bitmap Heap Scan on sbtest7  (cost=34.45..3792.88 rows=977 width=121)
	        Recheck Cond: ((id >= 4243644) AND (id <= 4244643))
	        ->  Bitmap Index Scan on sbtest7_pkey  (cost=0.00..34.20 rows=977 width=0)
	              Index Cond: ((id >= 4243644) AND (id <= 4244643))

table 8 : explain SELECT c FROM sbtest8 WHERE id BETWEEN 6672178 AND 6673177 ORDER BY c
	Sort  (cost=3538.62..3540.87 rows=900 width=121)
	  Sort Key: c
	  ->  Bitmap Heap Scan on sbtest8  (cost=29.66..3494.45 rows=900 width=121)
	        Recheck Cond: ((id >= 6672178) AND (id <= 6673177))
	        ->  Bitmap Index Scan on sbtest8_pkey  (cost=0.00..29.43 rows=900 width=0)
	              Index Cond: ((id >= 6672178) AND (id <= 6673177))

for: order_ranges
table 1 : explain SELECT c FROM sbtest1 WHERE id BETWEEN 486168 AND 487167 ORDER BY c
	Sort  (cost=3996.94..3999.49 rows=1018 width=121)
	  Sort Key: c
	  ->  Bitmap Heap Scan on sbtest1  (cost=34.87..3946.08 rows=1018 width=121)
	        Recheck Cond: ((id >= 486168) AND (id <= 487167))
	        ->  Bitmap Index Scan on sbtest1_pkey  (cost=0.00..34.62 rows=1018 width=0)
	              Index Cond: ((id >= 486168) AND (id <= 487167))

table 2 : explain SELECT c FROM sbtest2 WHERE id BETWEEN 1841149 AND 1842148 ORDER BY c
	Sort  (cost=3962.84..3965.37 rows=1010 width=121)
	  Sort Key: c
	  ->  Bitmap Heap Scan on sbtest2  (cost=34.79..3912.44 rows=1010 width=121)
	        Recheck Cond: ((id >= 1841149) AND (id <= 1842148))
	        ->  Bitmap Index Scan on sbtest2_pkey  (cost=0.00..34.54 rows=1010 width=0)
	              Index Cond: ((id >= 1841149) AND (id <= 1842148))

table 3 : explain SELECT c FROM sbtest3 WHERE id BETWEEN 754730 AND 755729 ORDER BY c
	Sort  (cost=3600.33..3602.62 rows=914 width=121)
	  Sort Key: c
	  ->  Bitmap Heap Scan on sbtest3  (cost=33.80..3555.38 rows=914 width=121)
	        Recheck Cond: ((id >= 754730) AND (id <= 755729))
	        ->  Bitmap Index Scan on sbtest3_pkey  (cost=0.00..33.58 rows=914 width=0)
	              Index Cond: ((id >= 754730) AND (id <= 755729))

table 4 : explain SELECT c FROM sbtest4 WHERE id BETWEEN 1087825 AND 1088824 ORDER BY c
	Sort  (cost=3719.73..3722.10 rows=945 width=121)
	  Sort Key: c
	  ->  Bitmap Heap Scan on sbtest4  (cost=34.12..3673.03 rows=945 width=121)
	        Recheck Cond: ((id >= 1087825) AND (id <= 1088824))
	        ->  Bitmap Index Scan on sbtest4_pkey  (cost=0.00..33.89 rows=945 width=0)
	              Index Cond: ((id >= 1087825) AND (id <= 1088824))

table 5 : explain SELECT c FROM sbtest5 WHERE id BETWEEN 6534245 AND 6535244 ORDER BY c
	Sort  (cost=3746.32..3748.70 rows=952 width=121)
	  Sort Key: c
	  ->  Bitmap Heap Scan on sbtest5  (cost=34.19..3699.22 rows=952 width=121)
	        Recheck Cond: ((id >= 6534245) AND (id <= 6535244))
	        ->  Bitmap Index Scan on sbtest5_pkey  (cost=0.00..33.95 rows=952 width=0)
	              Index Cond: ((id >= 6534245) AND (id <= 6535244))

table 6 : explain SELECT c FROM sbtest6 WHERE id BETWEEN 3013692 AND 3014691 ORDER BY c
	Sort  (cost=4576.88..4579.80 rows=1170 width=121)
	  Sort Key: c
	  ->  Bitmap Heap Scan on sbtest6  (cost=40.43..4517.25 rows=1170 width=121)
	        Recheck Cond: ((id >= 3013692) AND (id <= 3014691))
	        ->  Bitmap Index Scan on sbtest6_pkey  (cost=0.00..40.14 rows=1170 width=0)
	              Index Cond: ((id >= 3013692) AND (id <= 3014691))

table 7 : explain SELECT c FROM sbtest7 WHERE id BETWEEN 6051426 AND 6052425 ORDER BY c
	Sort  (cost=4090.48..4093.09 rows=1042 width=121)
	  Sort Key: c
	  ->  Bitmap Heap Scan on sbtest7  (cost=35.12..4038.25 rows=1042 width=121)
	        Recheck Cond: ((id >= 6051426) AND (id <= 6052425))
	        ->  Bitmap Index Scan on sbtest7_pkey  (cost=0.00..34.86 rows=1042 width=0)
	              Index Cond: ((id >= 6051426) AND (id <= 6052425))

table 8 : explain SELECT c FROM sbtest8 WHERE id BETWEEN 5256372 AND 5257371 ORDER BY c
	Sort  (cost=3872.40..3874.87 rows=986 width=121)
	  Sort Key: c
	  ->  Bitmap Heap Scan on sbtest8  (cost=34.54..3823.37 rows=986 width=121)
	        Recheck Cond: ((id >= 5256372) AND (id <= 5257371))
	        ->  Bitmap Index Scan on sbtest8_pkey  (cost=0.00..34.30 rows=986 width=0)
	              Index Cond: ((id >= 5256372) AND (id <= 5257371))

for: distinct_ranges
table 1 : explain SELECT DISTINCT c FROM sbtest1 WHERE id BETWEEN 1126845 AND 1127844 ORDER BY c
	Unique  (cost=4230.27..4235.67 rows=1079 width=121)
	  ->  Sort  (cost=4230.27..4232.97 rows=1079 width=121)
	        Sort Key: c
	        ->  Bitmap Heap Scan on sbtest1  (cost=35.49..4175.91 rows=1079 width=121)
	              Recheck Cond: ((id >= 1126845) AND (id <= 1127844))
	              ->  Bitmap Index Scan on sbtest1_pkey  (cost=0.00..35.23 rows=1079 width=0)
	                    Index Cond: ((id >= 1126845) AND (id <= 1127844))

table 2 : explain SELECT DISTINCT c FROM sbtest2 WHERE id BETWEEN 9937195 AND 9938194 ORDER BY c
	Unique  (cost=3790.62..3795.45 rows=965 width=121)
	  ->  Sort  (cost=3790.62..3793.03 rows=965 width=121)
	        Sort Key: c
	        ->  Bitmap Heap Scan on sbtest2  (cost=34.33..3742.78 rows=965 width=121)
	              Recheck Cond: ((id >= 9937195) AND (id <= 9938194))
	              ->  Bitmap Index Scan on sbtest2_pkey  (cost=0.00..34.09 rows=965 width=0)
	                    Index Cond: ((id >= 9937195) AND (id <= 9938194))

table 3 : explain SELECT DISTINCT c FROM sbtest3 WHERE id BETWEEN 8209450 AND 8210449 ORDER BY c
	Unique  (cost=4145.10..4150.38 rows=1056 width=121)
	  ->  Sort  (cost=4145.10..4147.74 rows=1056 width=121)
	        Sort Key: c
	        ->  Bitmap Heap Scan on sbtest3  (cost=35.26..4092.07 rows=1056 width=121)
	              Recheck Cond: ((id >= 8209450) AND (id <= 8210449))
	              ->  Bitmap Index Scan on sbtest3_pkey  (cost=0.00..35.00 rows=1056 width=0)
	                    Index Cond: ((id >= 8209450) AND (id <= 8210449))

table 4 : explain SELECT DISTINCT c FROM sbtest4 WHERE id BETWEEN 7366090 AND 7367089 ORDER BY c
	Unique  (cost=3615.97..3620.56 rows=918 width=121)
	  ->  Sort  (cost=3615.97..3618.26 rows=918 width=121)
	        Sort Key: c
	        ->  Bitmap Heap Scan on sbtest4  (cost=33.84..3570.79 rows=918 width=121)
	              Recheck Cond: ((id >= 7366090) AND (id <= 7367089))
	              ->  Bitmap Index Scan on sbtest4_pkey  (cost=0.00..33.62 rows=918 width=0)
	                    Index Cond: ((id >= 7366090) AND (id <= 7367089))

table 5 : explain SELECT DISTINCT c FROM sbtest5 WHERE id BETWEEN 3838018 AND 3839017 ORDER BY c
	Unique  (cost=4412.93..4418.56 rows=1125 width=121)
	  ->  Sort  (cost=4412.93..4415.74 rows=1125 width=121)
	        Sort Key: c
	        ->  Bitmap Heap Scan on sbtest5  (cost=39.97..4355.92 rows=1125 width=121)
	              Recheck Cond: ((id >= 3838018) AND (id <= 3839017))
	              ->  Bitmap Index Scan on sbtest5_pkey  (cost=0.00..39.69 rows=1125 width=0)
	                    Index Cond: ((id >= 3838018) AND (id <= 3839017))

table 6 : explain SELECT DISTINCT c FROM sbtest6 WHERE id BETWEEN 6713801 AND 6714800 ORDER BY c
	Unique  (cost=4034.43..4039.57 rows=1028 width=121)
	  ->  Sort  (cost=4034.43..4037.00 rows=1028 width=121)
	        Sort Key: c
	        ->  Bitmap Heap Scan on sbtest6  (cost=34.97..3983.00 rows=1028 width=121)
	              Recheck Cond: ((id >= 6713801) AND (id <= 6714800))
	              ->  Bitmap Index Scan on sbtest6_pkey  (cost=0.00..34.72 rows=1028 width=0)
	                    Index Cond: ((id >= 6713801) AND (id <= 6714800))

table 7 : explain SELECT DISTINCT c FROM sbtest7 WHERE id BETWEEN 9093543 AND 9094542 ORDER BY c
	Unique  (cost=3699.39..3704.09 rows=940 width=121)
	  ->  Sort  (cost=3699.39..3701.74 rows=940 width=121)
	        Sort Key: c
	        ->  Bitmap Heap Scan on sbtest7  (cost=34.07..3652.97 rows=940 width=121)
	              Recheck Cond: ((id >= 9093543) AND (id <= 9094542))
	              ->  Bitmap Index Scan on sbtest7_pkey  (cost=0.00..33.84 rows=940 width=0)
	                    Index Cond: ((id >= 9093543) AND (id <= 9094542))

table 8 : explain SELECT DISTINCT c FROM sbtest8 WHERE id BETWEEN 2796268 AND 2797267 ORDER BY c
	Unique  (cost=4075.20..4080.39 rows=1039 width=121)
	  ->  Sort  (cost=4075.20..4077.79 rows=1039 width=121)
	        Sort Key: c
	        ->  Bitmap Heap Scan on sbtest8  (cost=35.08..4023.14 rows=1039 width=121)
	              Recheck Cond: ((id >= 2796268) AND (id <= 2797267))
	              ->  Bitmap Index Scan on sbtest8_pkey  (cost=0.00..34.83 rows=1039 width=0)
	                    Index Cond: ((id >= 2796268) AND (id <= 2797267))

for: distinct_ranges
table 1 : explain SELECT DISTINCT c FROM sbtest1 WHERE id BETWEEN 8781956 AND 8782955 ORDER BY c
	Unique  (cost=3847.53..3852.43 rows=979 width=121)
	  ->  Sort  (cost=3847.53..3849.98 rows=979 width=121)
	        Sort Key: c
	        ->  Bitmap Heap Scan on sbtest1  (cost=34.47..3798.90 rows=979 width=121)
	              Recheck Cond: ((id >= 8781956) AND (id <= 8782955))
	              ->  Bitmap Index Scan on sbtest1_pkey  (cost=0.00..34.23 rows=979 width=0)
	                    Index Cond: ((id >= 8781956) AND (id <= 8782955))

table 2 : explain SELECT DISTINCT c FROM sbtest2 WHERE id BETWEEN 5190270 AND 5191269 ORDER BY c
	Unique  (cost=3733.16..3737.91 rows=950 width=121)
	  ->  Sort  (cost=3733.16..3735.53 rows=950 width=121)
	        Sort Key: c
	        ->  Bitmap Heap Scan on sbtest2  (cost=34.17..3686.17 rows=950 width=121)
	              Recheck Cond: ((id >= 5190270) AND (id <= 5191269))
	              ->  Bitmap Index Scan on sbtest2_pkey  (cost=0.00..33.94 rows=950 width=0)
	                    Index Cond: ((id >= 5190270) AND (id <= 5191269))

table 3 : explain SELECT DISTINCT c FROM sbtest3 WHERE id BETWEEN 2644089 AND 2645088 ORDER BY c
	Unique  (cost=3746.35..3751.11 rows=952 width=121)
	  ->  Sort  (cost=3746.35..3748.73 rows=952 width=121)
	        Sort Key: c
	        ->  Bitmap Heap Scan on sbtest3  (cost=34.19..3699.25 rows=952 width=121)
	              Recheck Cond: ((id >= 2644089) AND (id <= 2645088))
	              ->  Bitmap Index Scan on sbtest3_pkey  (cost=0.00..33.95 rows=952 width=0)
	                    Index Cond: ((id >= 2644089) AND (id <= 2645088))

table 4 : explain SELECT DISTINCT c FROM sbtest4 WHERE id BETWEEN 7480350 AND 7481349 ORDER BY c
	Unique  (cost=3804.22..3809.05 rows=967 width=121)
	  ->  Sort  (cost=3804.22..3806.64 rows=967 width=121)
	        Sort Key: c
	        ->  Bitmap Heap Scan on sbtest4  (cost=34.35..3756.27 rows=967 width=121)
	              Recheck Cond: ((id >= 7480350) AND (id <= 7481349))
	              ->  Bitmap Index Scan on sbtest4_pkey  (cost=0.00..34.11 rows=967 width=0)
	                    Index Cond: ((id >= 7480350) AND (id <= 7481349))

table 5 : explain SELECT DISTINCT c FROM sbtest5 WHERE id BETWEEN 121725 AND 122724 ORDER BY c
	Unique  (cost=3853.80..3858.70 rows=980 width=121)
	  ->  Sort  (cost=3853.80..3856.25 rows=980 width=121)
	        Sort Key: c
	        ->  Bitmap Heap Scan on sbtest5  (cost=34.48..3805.11 rows=980 width=121)
	              Recheck Cond: ((id >= 121725) AND (id <= 122724))
	              ->  Bitmap Index Scan on sbtest5_pkey  (cost=0.00..34.23 rows=980 width=0)
	                    Index Cond: ((id >= 121725) AND (id <= 122724))

table 6 : explain SELECT DISTINCT c FROM sbtest6 WHERE id BETWEEN 7476201 AND 7477200 ORDER BY c
	Unique  (cost=4061.21..4066.38 rows=1035 width=121)
	  ->  Sort  (cost=4061.21..4063.80 rows=1035 width=121)
	        Sort Key: c
	        ->  Bitmap Heap Scan on sbtest6  (cost=35.04..4009.38 rows=1035 width=121)
	              Recheck Cond: ((id >= 7476201) AND (id <= 7477200))
	              ->  Bitmap Index Scan on sbtest6_pkey  (cost=0.00..34.79 rows=1035 width=0)
	                    Index Cond: ((id >= 7476201) AND (id <= 7477200))

table 7 : explain SELECT DISTINCT c FROM sbtest7 WHERE id BETWEEN 835212 AND 836211 ORDER BY c
	Unique  (cost=3641.77..3646.40 rows=925 width=121)
	  ->  Sort  (cost=3641.77..3644.08 rows=925 width=121)
	        Sort Key: c
	        ->  Bitmap Heap Scan on sbtest7  (cost=33.92..3596.20 rows=925 width=121)
	              Recheck Cond: ((id >= 835212) AND (id <= 836211))
	              ->  Bitmap Index Scan on sbtest7_pkey  (cost=0.00..33.69 rows=925 width=0)
	                    Index Cond: ((id >= 835212) AND (id <= 836211))

table 8 : explain SELECT DISTINCT c FROM sbtest8 WHERE id BETWEEN 1961191 AND 1962190 ORDER BY c
	Unique  (cost=4036.96..4042.10 rows=1029 width=121)
	  ->  Sort  (cost=4036.96..4039.53 rows=1029 width=121)
	        Sort Key: c
	        ->  Bitmap Heap Scan on sbtest8  (cost=34.98..3985.47 rows=1029 width=121)
	              Recheck Cond: ((id >= 1961191) AND (id <= 1962190))
	              ->  Bitmap Index Scan on sbtest8_pkey  (cost=0.00..34.73 rows=1029 width=0)
	                    Index Cond: ((id >= 1961191) AND (id <= 1962190))

for: order_ranges
table 1 : explain SELECT c FROM sbtest1 WHERE id BETWEEN 8381374 AND 8382373 ORDER BY c
	Sort  (cost=4760.66..4763.71 rows=1218 width=121)
	  Sort Key: c
	  ->  Bitmap Heap Scan on sbtest1  (cost=40.92..4698.24 rows=1218 width=121)
	        Recheck Cond: ((id >= 8381374) AND (id <= 8382373))
	        ->  Bitmap Index Scan on sbtest1_pkey  (cost=0.00..40.62 rows=1218 width=0)
	              Index Cond: ((id >= 8381374) AND (id <= 8382373))

table 2 : explain SELECT c FROM sbtest2 WHERE id BETWEEN 2726684 AND 2727683 ORDER BY c
	Sort  (cost=3962.84..3965.37 rows=1010 width=121)
	  Sort Key: c
	  ->  Bitmap Heap Scan on sbtest2  (cost=34.79..3912.44 rows=1010 width=121)
	        Recheck Cond: ((id >= 2726684) AND (id <= 2727683))
	        ->  Bitmap Index Scan on sbtest2_pkey  (cost=0.00..34.54 rows=1010 width=0)
	              Index Cond: ((id >= 2726684) AND (id <= 2727683))

table 3 : explain SELECT c FROM sbtest3 WHERE id BETWEEN 5244481 AND 5245480 ORDER BY c
	Sort  (cost=4183.38..4186.04 rows=1066 width=121)
	  Sort Key: c
	  ->  Bitmap Heap Scan on sbtest3  (cost=35.36..4129.77 rows=1066 width=121)
	        Recheck Cond: ((id >= 5244481) AND (id <= 5245480))
	        ->  Bitmap Index Scan on sbtest3_pkey  (cost=0.00..35.09 rows=1066 width=0)
	              Index Cond: ((id >= 5244481) AND (id <= 5245480))

table 4 : explain SELECT c FROM sbtest4 WHERE id BETWEEN 9137904 AND 9138903 ORDER BY c
	Sort  (cost=4153.08..4155.72 rows=1058 width=121)
	  Sort Key: c
	  ->  Bitmap Heap Scan on sbtest4  (cost=35.28..4099.93 rows=1058 width=121)
	        Recheck Cond: ((id >= 9137904) AND (id <= 9138903))
	        ->  Bitmap Index Scan on sbtest4_pkey  (cost=0.00..35.02 rows=1058 width=0)
	              Index Cond: ((id >= 9137904) AND (id <= 9138903))

table 5 : explain SELECT c FROM sbtest5 WHERE id BETWEEN 9157044 AND 9158043 ORDER BY c
	Sort  (cost=3926.68..3929.17 rows=999 width=121)
	  Sort Key: c
	  ->  Bitmap Heap Scan on sbtest5  (cost=34.67..3876.90 rows=999 width=121)
	        Recheck Cond: ((id >= 9157044) AND (id <= 9158043))
	        ->  Bitmap Index Scan on sbtest5_pkey  (cost=0.00..34.43 rows=999 width=0)
	              Index Cond: ((id >= 9157044) AND (id <= 9158043))

table 6 : explain SELECT c FROM sbtest6 WHERE id BETWEEN 3510122 AND 3511121 ORDER BY c
	Sort  (cost=3670.39..3672.72 rows=933 width=121)
	  Sort Key: c
	  ->  Bitmap Heap Scan on sbtest6  (cost=34.00..3624.36 rows=933 width=121)
	        Recheck Cond: ((id >= 3510122) AND (id <= 3511121))
	        ->  Bitmap Index Scan on sbtest6_pkey  (cost=0.00..33.77 rows=933 width=0)
	              Index Cond: ((id >= 3510122) AND (id <= 3511121))

table 7 : explain SELECT c FROM sbtest7 WHERE id BETWEEN 2244525 AND 2245524 ORDER BY c
	Sort  (cost=3914.26..3916.75 rows=996 width=121)
	  Sort Key: c
	  ->  Bitmap Heap Scan on sbtest7  (cost=34.64..3864.66 rows=996 width=121)
	        Recheck Cond: ((id >= 2244525) AND (id <= 2245524))
	        ->  Bitmap Index Scan on sbtest7_pkey  (cost=0.00..34.40 rows=996 width=0)
	              Index Cond: ((id >= 2244525) AND (id <= 2245524))

table 8 : explain SELECT c FROM sbtest8 WHERE id BETWEEN 6848907 AND 6849906 ORDER BY c
	Sort  (cost=3822.61..3825.04 rows=973 width=121)
	  Sort Key: c
	  ->  Bitmap Heap Scan on sbtest8  (cost=34.41..3774.32 rows=973 width=121)
	        Recheck Cond: ((id >= 6848907) AND (id <= 6849906))
	        ->  Bitmap Index Scan on sbtest8_pkey  (cost=0.00..34.17 rows=973 width=0)
	              Index Cond: ((id >= 6848907) AND (id <= 6849906))

for: distinct_ranges
table 1 : explain SELECT DISTINCT c FROM sbtest1 WHERE id BETWEEN 5434149 AND 5435148 ORDER BY c
	Unique  (cost=3897.36..3902.32 rows=992 width=121)
	  ->  Sort  (cost=3897.36..3899.84 rows=992 width=121)
	        Sort Key: c
	        ->  Bitmap Heap Scan on sbtest1  (cost=34.60..3847.98 rows=992 width=121)
	              Recheck Cond: ((id >= 5434149) AND (id <= 5435148))
	              ->  Bitmap Index Scan on sbtest1_pkey  (cost=0.00..34.36 rows=992 width=0)
	                    Index Cond: ((id >= 5434149) AND (id <= 5435148))

table 2 : explain SELECT DISTINCT c FROM sbtest2 WHERE id BETWEEN 7961163 AND 7962162 ORDER BY c
	Unique  (cost=3668.00..3672.66 rows=933 width=121)
	  ->  Sort  (cost=3668.00..3670.33 rows=933 width=121)
	        Sort Key: c
	        ->  Bitmap Heap Scan on sbtest2  (cost=34.00..3621.98 rows=933 width=121)
	              Recheck Cond: ((id >= 7961163) AND (id <= 7962162))
	              ->  Bitmap Index Scan on sbtest2_pkey  (cost=0.00..33.77 rows=933 width=0)
	                    Index Cond: ((id >= 7961163) AND (id <= 7962162))

table 3 : explain SELECT DISTINCT c FROM sbtest3 WHERE id BETWEEN 3923204 AND 3924203 ORDER BY c
	Unique  (cost=3865.34..3870.26 rows=983 width=121)
	  ->  Sort  (cost=3865.34..3867.80 rows=983 width=121)
	        Sort Key: c
	        ->  Bitmap Heap Scan on sbtest3  (cost=34.51..3816.48 rows=983 width=121)
	              Recheck Cond: ((id >= 3923204) AND (id <= 3924203))
	              ->  Bitmap Index Scan on sbtest3_pkey  (cost=0.00..34.27 rows=983 width=0)
	                    Index Cond: ((id >= 3923204) AND (id <= 3924203))

table 4 : explain SELECT DISTINCT c FROM sbtest4 WHERE id BETWEEN 7122724 AND 7123723 ORDER BY c
	Unique  (cost=4022.85..4027.97 rows=1024 width=121)
	  ->  Sort  (cost=4022.85..4025.41 rows=1024 width=121)
	        Sort Key: c
	        ->  Bitmap Heap Scan on sbtest4  (cost=34.93..3971.65 rows=1024 width=121)
	              Recheck Cond: ((id >= 7122724) AND (id <= 7123723))
	              ->  Bitmap Index Scan on sbtest4_pkey  (cost=0.00..34.68 rows=1024 width=0)
	                    Index Cond: ((id >= 7122724) AND (id <= 7123723))

table 5 : explain SELECT DISTINCT c FROM sbtest5 WHERE id BETWEEN 5662288 AND 5663287 ORDER BY c
	Unique  (cost=3627.21..3631.82 rows=921 width=121)
	  ->  Sort  (cost=3627.21..3629.51 rows=921 width=121)
	        Sort Key: c
	        ->  Bitmap Heap Scan on sbtest5  (cost=33.88..3581.87 rows=921 width=121)
	              Recheck Cond: ((id >= 5662288) AND (id <= 5663287))
	              ->  Bitmap Index Scan on sbtest5_pkey  (cost=0.00..33.65 rows=921 width=0)
	                    Index Cond: ((id >= 5662288) AND (id <= 5663287))

table 6 : explain SELECT DISTINCT c FROM sbtest6 WHERE id BETWEEN 3908323 AND 3909322 ORDER BY c
	Unique  (cost=3973.19..3978.25 rows=1012 width=121)
	  ->  Sort  (cost=3973.19..3975.72 rows=1012 width=121)
	        Sort Key: c
	        ->  Bitmap Heap Scan on sbtest6  (cost=34.81..3922.68 rows=1012 width=121)
	              Recheck Cond: ((id >= 3908323) AND (id <= 3909322))
	              ->  Bitmap Index Scan on sbtest6_pkey  (cost=0.00..34.56 rows=1012 width=0)
	                    Index Cond: ((id >= 3908323) AND (id <= 3909322))

table 7 : explain SELECT DISTINCT c FROM sbtest7 WHERE id BETWEEN 6854268 AND 6855267 ORDER BY c
	Unique  (cost=4029.22..4034.35 rows=1026 width=121)
	  ->  Sort  (cost=4029.22..4031.78 rows=1026 width=121)
	        Sort Key: c
	        ->  Bitmap Heap Scan on sbtest7  (cost=34.95..3977.90 rows=1026 width=121)
	              Recheck Cond: ((id >= 6854268) AND (id <= 6855267))
	              ->  Bitmap Index Scan on sbtest7_pkey  (cost=0.00..34.70 rows=1026 width=0)
	                    Index Cond: ((id >= 6854268) AND (id <= 6855267))

table 8 : explain SELECT DISTINCT c FROM sbtest8 WHERE id BETWEEN 9861122 AND 9862121 ORDER BY c
	Unique  (cost=3948.97..3954.00 rows=1006 width=121)
	  ->  Sort  (cost=3948.97..3951.48 rows=1006 width=121)
	        Sort Key: c
	        ->  Bitmap Heap Scan on sbtest8  (cost=34.75..3898.80 rows=1006 width=121)
	              Recheck Cond: ((id >= 9861122) AND (id <= 9862121))
	              ->  Bitmap Index Scan on sbtest8_pkey  (cost=0.00..34.50 rows=1006 width=0)
	                    Index Cond: ((id >= 9861122) AND (id <= 9862121))

for: distinct_ranges
table 1 : explain SELECT DISTINCT c FROM sbtest1 WHERE id BETWEEN 5183307 AND 5184306 ORDER BY c
	Unique  (cost=3394.20..3398.51 rows=862 width=121)
	  ->  Sort  (cost=3394.20..3396.36 rows=862 width=121)
	        Sort Key: c
	        ->  Bitmap Heap Scan on sbtest1  (cost=29.27..3352.17 rows=862 width=121)
	              Recheck Cond: ((id >= 5183307) AND (id <= 5184306))
	              ->  Bitmap Index Scan on sbtest1_pkey  (cost=0.00..29.05 rows=862 width=0)
	                    Index Cond: ((id >= 5183307) AND (id <= 5184306))

table 2 : explain SELECT DISTINCT c FROM sbtest2 WHERE id BETWEEN 9544399 AND 9545398 ORDER BY c
	Unique  (cost=4260.79..4266.23 rows=1088 width=121)
	  ->  Sort  (cost=4260.79..4263.51 rows=1088 width=121)
	        Sort Key: c
	        ->  Bitmap Heap Scan on sbtest2  (cost=35.59..4205.91 rows=1088 width=121)
	              Recheck Cond: ((id >= 9544399) AND (id <= 9545398))
	              ->  Bitmap Index Scan on sbtest2_pkey  (cost=0.00..35.32 rows=1088 width=0)
	                    Index Cond: ((id >= 9544399) AND (id <= 9545398))

table 3 : explain SELECT DISTINCT c FROM sbtest3 WHERE id BETWEEN 5512192 AND 5513191 ORDER BY c
	Unique  (cost=4049.36..4054.52 rows=1031 width=121)
	  ->  Sort  (cost=4049.36..4051.94 rows=1031 width=121)
	        Sort Key: c
	        ->  Bitmap Heap Scan on sbtest3  (cost=35.00..3997.76 rows=1031 width=121)
	              Recheck Cond: ((id >= 5512192) AND (id <= 5513191))
	              ->  Bitmap Index Scan on sbtest3_pkey  (cost=0.00..34.75 rows=1031 width=0)
	                    Index Cond: ((id >= 5512192) AND (id <= 5513191))

table 4 : explain SELECT DISTINCT c FROM sbtest4 WHERE id BETWEEN 5278314 AND 5279313 ORDER BY c
	Unique  (cost=3658.25..3662.90 rows=929 width=121)
	  ->  Sort  (cost=3658.25..3660.58 rows=929 width=121)
	        Sort Key: c
	        ->  Bitmap Heap Scan on sbtest4  (cost=33.96..3612.46 rows=929 width=121)
	              Recheck Cond: ((id >= 5278314) AND (id <= 5279313))
	              ->  Bitmap Index Scan on sbtest4_pkey  (cost=0.00..33.73 rows=929 width=0)
	                    Index Cond: ((id >= 5278314) AND (id <= 5279313))

table 5 : explain SELECT DISTINCT c FROM sbtest5 WHERE id BETWEEN 5260500 AND 5261499 ORDER BY c
	Unique  (cost=4156.55..4161.84 rows=1059 width=121)
	  ->  Sort  (cost=4156.55..4159.19 rows=1059 width=121)
	        Sort Key: c
	        ->  Bitmap Heap Scan on sbtest5  (cost=35.29..4103.34 rows=1059 width=121)
	              Recheck Cond: ((id >= 5260500) AND (id <= 5261499))
	              ->  Bitmap Index Scan on sbtest5_pkey  (cost=0.00..35.03 rows=1059 width=0)
	                    Index Cond: ((id >= 5260500) AND (id <= 5261499))

table 6 : explain SELECT DISTINCT c FROM sbtest6 WHERE id BETWEEN 8232789 AND 8233788 ORDER BY c
	Unique  (cost=4191.21..4196.55 rows=1069 width=121)
	  ->  Sort  (cost=4191.21..4193.88 rows=1069 width=121)
	        Sort Key: c
	        ->  Bitmap Heap Scan on sbtest6  (cost=35.39..4137.43 rows=1069 width=121)
	              Recheck Cond: ((id >= 8232789) AND (id <= 8233788))
	              ->  Bitmap Index Scan on sbtest6_pkey  (cost=0.00..35.12 rows=1069 width=0)
	                    Index Cond: ((id >= 8232789) AND (id <= 8233788))

table 7 : explain SELECT DISTINCT c FROM sbtest7 WHERE id BETWEEN 3864291 AND 3865290 ORDER BY c
	Unique  (cost=3967.92..3972.97 rows=1010 width=121)
	  ->  Sort  (cost=3967.92..3970.44 rows=1010 width=121)
	        Sort Key: c
	        ->  Bitmap Heap Scan on sbtest7  (cost=34.79..3917.52 rows=1010 width=121)
	              Recheck Cond: ((id >= 3864291) AND (id <= 3865290))
	              ->  Bitmap Index Scan on sbtest7_pkey  (cost=0.00..34.54 rows=1010 width=0)
	                    Index Cond: ((id >= 3864291) AND (id <= 3865290))

table 8 : explain SELECT DISTINCT c FROM sbtest8 WHERE id BETWEEN 4571550 AND 4572549 ORDER BY c
	Unique  (cost=4052.26..4057.42 rows=1033 width=121)
	  ->  Sort  (cost=4052.26..4054.84 rows=1033 width=121)
	        Sort Key: c
	        ->  Bitmap Heap Scan on sbtest8  (cost=35.02..4000.54 rows=1033 width=121)
	              Recheck Cond: ((id >= 4571550) AND (id <= 4572549))
	              ->  Bitmap Index Scan on sbtest8_pkey  (cost=0.00..34.77 rows=1033 width=0)
	                    Index Cond: ((id >= 4571550) AND (id <= 4572549))

Threads started!

Warming up for 5 seconds...

SQL statistics:
    queries performed:
        read:                            161627592
        write:                           0
        other:                           29386860
        total:                           191014452
    transactions:                        14693450 (23322.68 per sec.)
    queries:                             191014452 (303194.18 per sec.)
    ignored errors:                      0      (0.00 per sec.)
    reconnects:                          0      (0.00 per sec.)

Throughput:
    events/s (eps):                      23322.6776
    time elapsed:                        630.0071s
    total number of events:              14693450

Latency (ms):
         min:                                    0.50
         avg:                                    1.71
         max:                                   26.03
         95th percentile:                        1.82
         sum:                             25187278.97

Threads fairness:
    events (avg/stddev):           367335.8000/717.33
    execution time (avg/stddev):   629.6820/0.01

