LUA_PATH=/home/mdcallag/git/mytools/bench/sysbench.lua/lua/?.lua /home/mdcallag/git/mytools/bench/sysbench.lua/lua/sysbench --db-driver=pgsql --range-size=100 --table-size=10000000 --tables=8 --threads=40 --events=0 --warmup-time=5 --time=630 --pgsql_conn_id=true /home/mdcallag/git/mytools/bench/sysbench.lua/lua/oltp_range_covered.lua run --pgsql-user=root --pgsql-password=pw --pgsql-host=127.0.0.1 --pgsql-db=ib --rand-type=uniform --random-points=100 --skip-trx --on-id=false --covered=false
48 CPUs
sysbench 1.1.0-9072687 (using bundled LuaJIT 2.1.0-beta3)

Running the test with following options:
Number of threads: 40
Warmup time: 5s
Initializing random number generator from current time


Initializing worker threads...

explain: for range-notcovered :: explain SELECT k, c FROM sbtest%d WHERE k BETWEEN 2421311 AND 2421411
explain: for range-notcovered :: explain SELECT k, c FROM sbtest%d WHERE k BETWEEN 4841463 AND 4841563
explain: for range-notcovered :: explain SELECT k, c FROM sbtest%d WHERE k BETWEEN 1129835 AND 1129935
explain: for range-notcovered :: explain SELECT k, c FROM sbtest%d WHERE k BETWEEN 5579846 AND 5579946
explain: for range-notcovered :: explain SELECT k, c FROM sbtest%d WHERE k BETWEEN 7579136 AND 7579236
for range-notcovered
table 1 : explain SELECT k, c FROM sbtest1 WHERE k BETWEEN 4841463 AND 4841563
	Bitmap Heap Scan on sbtest1  (cost=5.48..409.07 rows=102 width=125)
	  Recheck Cond: ((k >= 4841463) AND (k <= 4841563))
	  ->  Bitmap Index Scan on k_1  (cost=0.00..5.45 rows=102 width=0)
	        Index Cond: ((k >= 4841463) AND (k <= 4841563))

table 2 : explain SELECT k, c FROM sbtest2 WHERE k BETWEEN 4841463 AND 4841563
	Bitmap Heap Scan on sbtest2  (cost=5.38..369.67 rows=92 width=125)
	  Recheck Cond: ((k >= 4841463) AND (k <= 4841563))
	  ->  Bitmap Index Scan on k_2  (cost=0.00..5.35 rows=92 width=0)
	        Index Cond: ((k >= 4841463) AND (k <= 4841563))

table 3 : explain SELECT k, c FROM sbtest3 WHERE k BETWEEN 4841463 AND 4841563
	Bitmap Heap Scan on sbtest3  (cost=5.47..405.13 rows=101 width=125)
	  Recheck Cond: ((k >= 4841463) AND (k <= 4841563))
	  ->  Bitmap Index Scan on k_3  (cost=0.00..5.44 rows=101 width=0)
	        Index Cond: ((k >= 4841463) AND (k <= 4841563))

table 4 : explain SELECT k, c FROM sbtest4 WHERE k BETWEEN 4841463 AND 4841563
	Bitmap Heap Scan on sbtest4  (cost=5.46..401.19 rows=100 width=125)
	  Recheck Cond: ((k >= 4841463) AND (k <= 4841563))
	  ->  Bitmap Index Scan on k_4  (cost=0.00..5.43 rows=100 width=0)
	        Index Cond: ((k >= 4841463) AND (k <= 4841563))

table 5 : explain SELECT k, c FROM sbtest5 WHERE k BETWEEN 4841463 AND 4841563
	Bitmap Heap Scan on sbtest5  (cost=5.39..373.61 rows=93 width=125)
	  Recheck Cond: ((k >= 4841463) AND (k <= 4841563))
	  ->  Bitmap Index Scan on k_5  (cost=0.00..5.36 rows=93 width=0)
	        Index Cond: ((k >= 4841463) AND (k <= 4841563))

table 6 : explain SELECT k, c FROM sbtest6 WHERE k BETWEEN 4841463 AND 4841563
	Bitmap Heap Scan on sbtest6  (cost=5.51..420.88 rows=105 width=125)
	  Recheck Cond: ((k >= 4841463) AND (k <= 4841563))
	  ->  Bitmap Index Scan on k_6  (cost=0.00..5.48 rows=105 width=0)
	        Index Cond: ((k >= 4841463) AND (k <= 4841563))

table 7 : explain SELECT k, c FROM sbtest7 WHERE k BETWEEN 4841463 AND 4841563
	Bitmap Heap Scan on sbtest7  (cost=5.47..405.13 rows=101 width=125)
	  Recheck Cond: ((k >= 4841463) AND (k <= 4841563))
	  ->  Bitmap Index Scan on k_7  (cost=0.00..5.44 rows=101 width=0)
	        Index Cond: ((k >= 4841463) AND (k <= 4841563))

table 8 : explain SELECT k, c FROM sbtest8 WHERE k BETWEEN 4841463 AND 4841563
	Bitmap Heap Scan on sbtest8  (cost=5.54..432.69 rows=108 width=125)
	  Recheck Cond: ((k >= 4841463) AND (k <= 4841563))
	  ->  Bitmap Index Scan on k_8  (cost=0.00..5.51 rows=108 width=0)
	        Index Cond: ((k >= 4841463) AND (k <= 4841563))

explain: for range-notcovered :: explain SELECT k, c FROM sbtest%d WHERE k BETWEEN 4841463 AND 4841563
for range-notcovered
table 1 : explain SELECT k, c FROM sbtest1 WHERE k BETWEEN 4841463 AND 4841563
	Bitmap Heap Scan on sbtest1  (cost=5.48..409.07 rows=102 width=125)
	  Recheck Cond: ((k >= 4841463) AND (k <= 4841563))
	  ->  Bitmap Index Scan on k_1  (cost=0.00..5.45 rows=102 width=0)
	        Index Cond: ((k >= 4841463) AND (k <= 4841563))

table 2 : explain SELECT k, c FROM sbtest2 WHERE k BETWEEN 4841463 AND 4841563
	Bitmap Heap Scan on sbtest2  (cost=5.38..369.67 rows=92 width=125)
	  Recheck Cond: ((k >= 4841463) AND (k <= 4841563))
	  ->  Bitmap Index Scan on k_2  (cost=0.00..5.35 rows=92 width=0)
	        Index Cond: ((k >= 4841463) AND (k <= 4841563))

table 3 : explain SELECT k, c FROM sbtest3 WHERE k BETWEEN 4841463 AND 4841563
	Bitmap Heap Scan on sbtest3  (cost=5.47..405.13 rows=101 width=125)
	  Recheck Cond: ((k >= 4841463) AND (k <= 4841563))
	  ->  Bitmap Index Scan on k_3  (cost=0.00..5.44 rows=101 width=0)
	        Index Cond: ((k >= 4841463) AND (k <= 4841563))

table 4 : explain SELECT k, c FROM sbtest4 WHERE k BETWEEN 4841463 AND 4841563
	Bitmap Heap Scan on sbtest4  (cost=5.46..401.19 rows=100 width=125)
	  Recheck Cond: ((k >= 4841463) AND (k <= 4841563))
	  ->  Bitmap Index Scan on k_4  (cost=0.00..5.43 rows=100 width=0)
	        Index Cond: ((k >= 4841463) AND (k <= 4841563))

table 5 : explain SELECT k, c FROM sbtest5 WHERE k BETWEEN 4841463 AND 4841563
	Bitmap Heap Scan on sbtest5  (cost=5.39..373.61 rows=93 width=125)
	  Recheck Cond: ((k >= 4841463) AND (k <= 4841563))
	  ->  Bitmap Index Scan on k_5  (cost=0.00..5.36 rows=93 width=0)
	        Index Cond: ((k >= 4841463) AND (k <= 4841563))

table 6 : explain SELECT k, c FROM sbtest6 WHERE k BETWEEN 4841463 AND 4841563
	Bitmap Heap Scan on sbtest6  (cost=5.51..420.88 rows=105 width=125)
	  Recheck Cond: ((k >= 4841463) AND (k <= 4841563))
	  ->  Bitmap Index Scan on k_6  (cost=0.00..5.48 rows=105 width=0)
	        Index Cond: ((k >= 4841463) AND (k <= 4841563))

table 7 : explain SELECT k, c FROM sbtest7 WHERE k BETWEEN 4841463 AND 4841563
	Bitmap Heap Scan on sbtest7  (cost=5.47..405.13 rows=101 width=125)
	  Recheck Cond: ((k >= 4841463) AND (k <= 4841563))
	  ->  Bitmap Index Scan on k_7  (cost=0.00..5.44 rows=101 width=0)
	        Index Cond: ((k >= 4841463) AND (k <= 4841563))

table 8 : explain SELECT k, c FROM sbtest8 WHERE k BETWEEN 4841463 AND 4841563
	Bitmap Heap Scan on sbtest8  (cost=5.54..432.69 rows=108 width=125)
	  Recheck Cond: ((k >= 4841463) AND (k <= 4841563))
	  ->  Bitmap Index Scan on k_8  (cost=0.00..5.51 rows=108 width=0)
	        Index Cond: ((k >= 4841463) AND (k <= 4841563))

explain: for range-notcovered :: explain SELECT k, c FROM sbtest%d WHERE k BETWEEN 4841463 AND 4841563
for range-notcovered
table 1 : explain SELECT k, c FROM sbtest1 WHERE k BETWEEN 2421311 AND 2421411
	Bitmap Heap Scan on sbtest1  (cost=5.39..373.61 rows=93 width=125)
	  Recheck Cond: ((k >= 2421311) AND (k <= 2421411))
	  ->  Bitmap Index Scan on k_1  (cost=0.00..5.36 rows=93 width=0)
	        Index Cond: ((k >= 2421311) AND (k <= 2421411))

table 2 : explain SELECT k, c FROM sbtest2 WHERE k BETWEEN 2421311 AND 2421411
	Bitmap Heap Scan on sbtest2  (cost=5.53..428.75 rows=107 width=125)
	  Recheck Cond: ((k >= 2421311) AND (k <= 2421411))
	  ->  Bitmap Index Scan on k_2  (cost=0.00..5.50 rows=107 width=0)
	        Index Cond: ((k >= 2421311) AND (k <= 2421411))

table 3 : explain SELECT k, c FROM sbtest3 WHERE k BETWEEN 2421311 AND 2421411
	Bitmap Heap Scan on sbtest3  (cost=5.38..369.67 rows=92 width=125)
	  Recheck Cond: ((k >= 2421311) AND (k <= 2421411))
	  ->  Bitmap Index Scan on k_3  (cost=0.00..5.35 rows=92 width=0)
	        Index Cond: ((k >= 2421311) AND (k <= 2421411))

table 4 : explain SELECT k, c FROM sbtest4 WHERE k BETWEEN 2421311 AND 2421411
	Bitmap Heap Scan on sbtest4  (cost=5.45..397.25 rows=99 width=125)
	  Recheck Cond: ((k >= 2421311) AND (k <= 2421411))
	  ->  Bitmap Index Scan on k_4  (cost=0.00..5.42 rows=99 width=0)
	        Index Cond: ((k >= 2421311) AND (k <= 2421411))

table 5 : explain SELECT k, c FROM sbtest5 WHERE k BETWEEN 2421311 AND 2421411
	Bitmap Heap Scan on sbtest5  (cost=5.49..413.00 rows=103 width=125)
	  Recheck Cond: ((k >= 2421311) AND (k <= 2421411))
	  ->  Bitmap Index Scan on k_5  (cost=0.00..5.46 rows=103 width=0)
	        Index Cond: ((k >= 2421311) AND (k <= 2421411))

table 6 : explain SELECT k, c FROM sbtest6 WHERE k BETWEEN 2421311 AND 2421411
	Bitmap Heap Scan on sbtest6  (cost=5.45..397.25 rows=99 width=125)
	  Recheck Cond: ((k >= 2421311) AND (k <= 2421411))
	  ->  Bitmap Index Scan on k_6  (cost=0.00..5.42 rows=99 width=0)
	        Index Cond: ((k >= 2421311) AND (k <= 2421411))

table 7 : explain SELECT k, c FROM sbtest7 WHERE k BETWEEN 2421311 AND 2421411
	Bitmap Heap Scan on sbtest7  (cost=5.51..420.88 rows=105 width=125)
	  Recheck Cond: ((k >= 2421311) AND (k <= 2421411))
	  ->  Bitmap Index Scan on k_7  (cost=0.00..5.48 rows=105 width=0)
	        Index Cond: ((k >= 2421311) AND (k <= 2421411))

table 8 : explain SELECT k, c FROM sbtest8 WHERE k BETWEEN 2421311 AND 2421411
	Bitmap Heap Scan on sbtest8  (cost=5.53..428.75 rows=107 width=125)
	  Recheck Cond: ((k >= 2421311) AND (k <= 2421411))
	  ->  Bitmap Index Scan on k_8  (cost=0.00..5.50 rows=107 width=0)
	        Index Cond: ((k >= 2421311) AND (k <= 2421411))

for range-notcovered
table 1 : explain SELECT k, c FROM sbtest1 WHERE k BETWEEN 4841463 AND 4841563
	Bitmap Heap Scan on sbtest1  (cost=5.48..409.07 rows=102 width=125)
	  Recheck Cond: ((k >= 4841463) AND (k <= 4841563))
	  ->  Bitmap Index Scan on k_1  (cost=0.00..5.45 rows=102 width=0)
	        Index Cond: ((k >= 4841463) AND (k <= 4841563))

table 2 : explain SELECT k, c FROM sbtest2 WHERE k BETWEEN 4841463 AND 4841563
	Bitmap Heap Scan on sbtest2  (cost=5.38..369.67 rows=92 width=125)
	  Recheck Cond: ((k >= 4841463) AND (k <= 4841563))
	  ->  Bitmap Index Scan on k_2  (cost=0.00..5.35 rows=92 width=0)
	        Index Cond: ((k >= 4841463) AND (k <= 4841563))

table 3 : explain SELECT k, c FROM sbtest3 WHERE k BETWEEN 4841463 AND 4841563
	Bitmap Heap Scan on sbtest3  (cost=5.47..405.13 rows=101 width=125)
	  Recheck Cond: ((k >= 4841463) AND (k <= 4841563))
	  ->  Bitmap Index Scan on k_3  (cost=0.00..5.44 rows=101 width=0)
	        Index Cond: ((k >= 4841463) AND (k <= 4841563))

table 4 : explain SELECT k, c FROM sbtest4 WHERE k BETWEEN 4841463 AND 4841563
	Bitmap Heap Scan on sbtest4  (cost=5.46..401.19 rows=100 width=125)
	  Recheck Cond: ((k >= 4841463) AND (k <= 4841563))
	  ->  Bitmap Index Scan on k_4  (cost=0.00..5.43 rows=100 width=0)
	        Index Cond: ((k >= 4841463) AND (k <= 4841563))

table 5 : explain SELECT k, c FROM sbtest5 WHERE k BETWEEN 4841463 AND 4841563
	Bitmap Heap Scan on sbtest5  (cost=5.39..373.61 rows=93 width=125)
	  Recheck Cond: ((k >= 4841463) AND (k <= 4841563))
	  ->  Bitmap Index Scan on k_5  (cost=0.00..5.36 rows=93 width=0)
	        Index Cond: ((k >= 4841463) AND (k <= 4841563))

table 6 : explain SELECT k, c FROM sbtest6 WHERE k BETWEEN 4841463 AND 4841563
	Bitmap Heap Scan on sbtest6  (cost=5.51..420.88 rows=105 width=125)
	  Recheck Cond: ((k >= 4841463) AND (k <= 4841563))
	  ->  Bitmap Index Scan on k_6  (cost=0.00..5.48 rows=105 width=0)
	        Index Cond: ((k >= 4841463) AND (k <= 4841563))

table 7 : explain SELECT k, c FROM sbtest7 WHERE k BETWEEN 4841463 AND 4841563
	Bitmap Heap Scan on sbtest7  (cost=5.47..405.13 rows=101 width=125)
	  Recheck Cond: ((k >= 4841463) AND (k <= 4841563))
	  ->  Bitmap Index Scan on k_7  (cost=0.00..5.44 rows=101 width=0)
	        Index Cond: ((k >= 4841463) AND (k <= 4841563))

table 8 : explain SELECT k, c FROM sbtest8 WHERE k BETWEEN 4841463 AND 4841563
	Bitmap Heap Scan on sbtest8  (cost=5.54..432.69 rows=108 width=125)
	  Recheck Cond: ((k >= 4841463) AND (k <= 4841563))
	  ->  Bitmap Index Scan on k_8  (cost=0.00..5.51 rows=108 width=0)
	        Index Cond: ((k >= 4841463) AND (k <= 4841563))

explain: for range-notcovered :: explain SELECT k, c FROM sbtest%d WHERE k BETWEEN 2421311 AND 2421411
explain: for range-notcovered :: explain SELECT k, c FROM sbtest%d WHERE k BETWEEN 4841463 AND 4841563
for range-notcovered
table 1 : explain SELECT k, c FROM sbtest1 WHERE k BETWEEN 2421311 AND 2421411
	Bitmap Heap Scan on sbtest1  (cost=5.39..373.61 rows=93 width=125)
	  Recheck Cond: ((k >= 2421311) AND (k <= 2421411))
	  ->  Bitmap Index Scan on k_1  (cost=0.00..5.36 rows=93 width=0)
	        Index Cond: ((k >= 2421311) AND (k <= 2421411))

table 2 : explain SELECT k, c FROM sbtest2 WHERE k BETWEEN 2421311 AND 2421411
	Bitmap Heap Scan on sbtest2  (cost=5.53..428.75 rows=107 width=125)
	  Recheck Cond: ((k >= 2421311) AND (k <= 2421411))
	  ->  Bitmap Index Scan on k_2  (cost=0.00..5.50 rows=107 width=0)
	        Index Cond: ((k >= 2421311) AND (k <= 2421411))

table 3 : explain SELECT k, c FROM sbtest3 WHERE k BETWEEN 2421311 AND 2421411
	Bitmap Heap Scan on sbtest3  (cost=5.38..369.67 rows=92 width=125)
	  Recheck Cond: ((k >= 2421311) AND (k <= 2421411))
	  ->  Bitmap Index Scan on k_3  (cost=0.00..5.35 rows=92 width=0)
	        Index Cond: ((k >= 2421311) AND (k <= 2421411))

table 4 : explain SELECT k, c FROM sbtest4 WHERE k BETWEEN 2421311 AND 2421411
	Bitmap Heap Scan on sbtest4  (cost=5.45..397.25 rows=99 width=125)
	  Recheck Cond: ((k >= 2421311) AND (k <= 2421411))
	  ->  Bitmap Index Scan on k_4  (cost=0.00..5.42 rows=99 width=0)
	        Index Cond: ((k >= 2421311) AND (k <= 2421411))

table 5 : explain SELECT k, c FROM sbtest5 WHERE k BETWEEN 2421311 AND 2421411
	Bitmap Heap Scan on sbtest5  (cost=5.49..413.00 rows=103 width=125)
	  Recheck Cond: ((k >= 2421311) AND (k <= 2421411))
	  ->  Bitmap Index Scan on k_5  (cost=0.00..5.46 rows=103 width=0)
	        Index Cond: ((k >= 2421311) AND (k <= 2421411))

table 6 : explain SELECT k, c FROM sbtest6 WHERE k BETWEEN 2421311 AND 2421411
	Bitmap Heap Scan on sbtest6  (cost=5.45..397.25 rows=99 width=125)
	  Recheck Cond: ((k >= 2421311) AND (k <= 2421411))
	  ->  Bitmap Index Scan on k_6  (cost=0.00..5.42 rows=99 width=0)
	        Index Cond: ((k >= 2421311) AND (k <= 2421411))

table 7 : explain SELECT k, c FROM sbtest7 WHERE k BETWEEN 2421311 AND 2421411
	Bitmap Heap Scan on sbtest7  (cost=5.51..420.88 rows=105 width=125)
	  Recheck Cond: ((k >= 2421311) AND (k <= 2421411))
	  ->  Bitmap Index Scan on k_7  (cost=0.00..5.48 rows=105 width=0)
	        Index Cond: ((k >= 2421311) AND (k <= 2421411))

table 8 : explain SELECT k, c FROM sbtest8 WHERE k BETWEEN 2421311 AND 2421411
	Bitmap Heap Scan on sbtest8  (cost=5.53..428.75 rows=107 width=125)
	  Recheck Cond: ((k >= 2421311) AND (k <= 2421411))
	  ->  Bitmap Index Scan on k_8  (cost=0.00..5.50 rows=107 width=0)
	        Index Cond: ((k >= 2421311) AND (k <= 2421411))

explain: for range-notcovered :: explain SELECT k, c FROM sbtest%d WHERE k BETWEEN 2421311 AND 2421411
explain: for range-notcovered :: explain SELECT k, c FROM sbtest%d WHERE k BETWEEN 7491201 AND 7491301
for range-notcovered
table 1 : explain SELECT k, c FROM sbtest1 WHERE k BETWEEN 2421311 AND 2421411
	Bitmap Heap Scan on sbtest1  (cost=5.39..373.61 rows=93 width=125)
	  Recheck Cond: ((k >= 2421311) AND (k <= 2421411))
	  ->  Bitmap Index Scan on k_1  (cost=0.00..5.36 rows=93 width=0)
	        Index Cond: ((k >= 2421311) AND (k <= 2421411))

table 2 : explain SELECT k, c FROM sbtest2 WHERE k BETWEEN 2421311 AND 2421411
	Bitmap Heap Scan on sbtest2  (cost=5.53..428.75 rows=107 width=125)
	  Recheck Cond: ((k >= 2421311) AND (k <= 2421411))
	  ->  Bitmap Index Scan on k_2  (cost=0.00..5.50 rows=107 width=0)
	        Index Cond: ((k >= 2421311) AND (k <= 2421411))

table 3 : explain SELECT k, c FROM sbtest3 WHERE k BETWEEN 2421311 AND 2421411
	Bitmap Heap Scan on sbtest3  (cost=5.38..369.67 rows=92 width=125)
	  Recheck Cond: ((k >= 2421311) AND (k <= 2421411))
	  ->  Bitmap Index Scan on k_3  (cost=0.00..5.35 rows=92 width=0)
	        Index Cond: ((k >= 2421311) AND (k <= 2421411))

table 4 : explain SELECT k, c FROM sbtest4 WHERE k BETWEEN 2421311 AND 2421411
	Bitmap Heap Scan on sbtest4  (cost=5.45..397.25 rows=99 width=125)
	  Recheck Cond: ((k >= 2421311) AND (k <= 2421411))
	  ->  Bitmap Index Scan on k_4  (cost=0.00..5.42 rows=99 width=0)
	        Index Cond: ((k >= 2421311) AND (k <= 2421411))

table 5 : explain SELECT k, c FROM sbtest5 WHERE k BETWEEN 2421311 AND 2421411
	Bitmap Heap Scan on sbtest5  (cost=5.49..413.00 rows=103 width=125)
	  Recheck Cond: ((k >= 2421311) AND (k <= 2421411))
	  ->  Bitmap Index Scan on k_5  (cost=0.00..5.46 rows=103 width=0)
	        Index Cond: ((k >= 2421311) AND (k <= 2421411))

table 6 : explain SELECT k, c FROM sbtest6 WHERE k BETWEEN 2421311 AND 2421411
	Bitmap Heap Scan on sbtest6  (cost=5.45..397.25 rows=99 width=125)
	  Recheck Cond: ((k >= 2421311) AND (k <= 2421411))
	  ->  Bitmap Index Scan on k_6  (cost=0.00..5.42 rows=99 width=0)
	        Index Cond: ((k >= 2421311) AND (k <= 2421411))

table 7 : explain SELECT k, c FROM sbtest7 WHERE k BETWEEN 2421311 AND 2421411
	Bitmap Heap Scan on sbtest7  (cost=5.51..420.88 rows=105 width=125)
	  Recheck Cond: ((k >= 2421311) AND (k <= 2421411))
	  ->  Bitmap Index Scan on k_7  (cost=0.00..5.48 rows=105 width=0)
	        Index Cond: ((k >= 2421311) AND (k <= 2421411))

table 8 : explain SELECT k, c FROM sbtest8 WHERE k BETWEEN 2421311 AND 2421411
	Bitmap Heap Scan on sbtest8  (cost=5.53..428.75 rows=107 width=125)
	  Recheck Cond: ((k >= 2421311) AND (k <= 2421411))
	  ->  Bitmap Index Scan on k_8  (cost=0.00..5.50 rows=107 width=0)
	        Index Cond: ((k >= 2421311) AND (k <= 2421411))

explain: for range-notcovered :: explain SELECT k, c FROM sbtest%d WHERE k BETWEEN 2421311 AND 2421411
explain: for range-notcovered :: explain SELECT k, c FROM sbtest%d WHERE k BETWEEN 5650161 AND 5650261
for range-notcovered
table 1 : explain SELECT k, c FROM sbtest1 WHERE k BETWEEN 5579846 AND 5579946
	Bitmap Heap Scan on sbtest1  (cost=5.45..397.25 rows=99 width=125)
	  Recheck Cond: ((k >= 5579846) AND (k <= 5579946))
	  ->  Bitmap Index Scan on k_1  (cost=0.00..5.42 rows=99 width=0)
	        Index Cond: ((k >= 5579846) AND (k <= 5579946))

table 2 : explain SELECT k, c FROM sbtest2 WHERE k BETWEEN 5579846 AND 5579946
	Bitmap Heap Scan on sbtest2  (cost=5.39..373.61 rows=93 width=125)
	  Recheck Cond: ((k >= 5579846) AND (k <= 5579946))
	  ->  Bitmap Index Scan on k_2  (cost=0.00..5.36 rows=93 width=0)
	        Index Cond: ((k >= 5579846) AND (k <= 5579946))

table 3 : explain SELECT k, c FROM sbtest3 WHERE k BETWEEN 5579846 AND 5579946
	Bitmap Heap Scan on sbtest3  (cost=5.47..405.13 rows=101 width=125)
	  Recheck Cond: ((k >= 5579846) AND (k <= 5579946))
	  ->  Bitmap Index Scan on k_3  (cost=0.00..5.44 rows=101 width=0)
	        Index Cond: ((k >= 5579846) AND (k <= 5579946))

table 4 : explain SELECT k, c FROM sbtest4 WHERE k BETWEEN 5579846 AND 5579946
	Bitmap Heap Scan on sbtest4  (cost=5.49..413.00 rows=103 width=125)
	  Recheck Cond: ((k >= 5579846) AND (k <= 5579946))
	  ->  Bitmap Index Scan on k_4  (cost=0.00..5.46 rows=103 width=0)
	        Index Cond: ((k >= 5579846) AND (k <= 5579946))

table 5 : explain SELECT k, c FROM sbtest5 WHERE k BETWEEN 5579846 AND 5579946
	Bitmap Heap Scan on sbtest5  (cost=5.52..424.81 rows=106 width=125)
	  Recheck Cond: ((k >= 5579846) AND (k <= 5579946))
	  ->  Bitmap Index Scan on k_5  (cost=0.00..5.50 rows=106 width=0)
	        Index Cond: ((k >= 5579846) AND (k <= 5579946))

table 6 : explain SELECT k, c FROM sbtest6 WHERE k BETWEEN 5579846 AND 5579946
	Bitmap Heap Scan on sbtest6  (cost=5.60..456.29 rows=114 width=125)
	  Recheck Cond: ((k >= 5579846) AND (k <= 5579946))
	  ->  Bitmap Index Scan on k_6  (cost=0.00..5.58 rows=114 width=0)
	        Index Cond: ((k >= 5579846) AND (k <= 5579946))

table 7 : explain SELECT k, c FROM sbtest7 WHERE k BETWEEN 5579846 AND 5579946
	Bitmap Heap Scan on sbtest7  (cost=5.53..428.75 rows=107 width=125)
	  Recheck Cond: ((k >= 5579846) AND (k <= 5579946))
	  ->  Bitmap Index Scan on k_7  (cost=0.00..5.50 rows=107 width=0)
	        Index Cond: ((k >= 5579846) AND (k <= 5579946))

table 8 : explain SELECT k, c FROM sbtest8 WHERE k BETWEEN 5579846 AND 5579946
	Bitmap Heap Scan on sbtest8  (cost=5.56..440.56 rows=110 width=125)
	  Recheck Cond: ((k >= 5579846) AND (k <= 5579946))
	  ->  Bitmap Index Scan on k_8  (cost=0.00..5.53 rows=110 width=0)
	        Index Cond: ((k >= 5579846) AND (k <= 5579946))

explain: for range-notcovered :: explain SELECT k, c FROM sbtest%d WHERE k BETWEEN 5579846 AND 5579946
for range-notcovered
table 1 : explain SELECT k, c FROM sbtest1 WHERE k BETWEEN 1129835 AND 1129935
	Bitmap Heap Scan on sbtest1  (cost=5.51..420.88 rows=105 width=125)
	  Recheck Cond: ((k >= 1129835) AND (k <= 1129935))
	  ->  Bitmap Index Scan on k_1  (cost=0.00..5.48 rows=105 width=0)
	        Index Cond: ((k >= 1129835) AND (k <= 1129935))

table 2 : explain SELECT k, c FROM sbtest2 WHERE k BETWEEN 1129835 AND 1129935
	Bitmap Heap Scan on sbtest2  (cost=5.49..413.00 rows=103 width=125)
	  Recheck Cond: ((k >= 1129835) AND (k <= 1129935))
	  ->  Bitmap Index Scan on k_2  (cost=0.00..5.46 rows=103 width=0)
	        Index Cond: ((k >= 1129835) AND (k <= 1129935))

table 3 : explain SELECT k, c FROM sbtest3 WHERE k BETWEEN 1129835 AND 1129935
	Bitmap Heap Scan on sbtest3  (cost=5.49..413.00 rows=103 width=125)
	  Recheck Cond: ((k >= 1129835) AND (k <= 1129935))
	  ->  Bitmap Index Scan on k_3  (cost=0.00..5.46 rows=103 width=0)
	        Index Cond: ((k >= 1129835) AND (k <= 1129935))

table 4 : explain SELECT k, c FROM sbtest4 WHERE k BETWEEN 1129835 AND 1129935
	Bitmap Heap Scan on sbtest4  (cost=5.46..401.19 rows=100 width=125)
	  Recheck Cond: ((k >= 1129835) AND (k <= 1129935))
	  ->  Bitmap Index Scan on k_4  (cost=0.00..5.43 rows=100 width=0)
	        Index Cond: ((k >= 1129835) AND (k <= 1129935))

table 5 : explain SELECT k, c FROM sbtest5 WHERE k BETWEEN 1129835 AND 1129935
	Bitmap Heap Scan on sbtest5  (cost=5.46..401.19 rows=100 width=125)
	  Recheck Cond: ((k >= 1129835) AND (k <= 1129935))
	  ->  Bitmap Index Scan on k_5  (cost=0.00..5.43 rows=100 width=0)
	        Index Cond: ((k >= 1129835) AND (k <= 1129935))

table 6 : explain SELECT k, c FROM sbtest6 WHERE k BETWEEN 1129835 AND 1129935
	Bitmap Heap Scan on sbtest6  (cost=5.42..385.43 rows=96 width=125)
	  Recheck Cond: ((k >= 1129835) AND (k <= 1129935))
	  ->  Bitmap Index Scan on k_6  (cost=0.00..5.39 rows=96 width=0)
	        Index Cond: ((k >= 1129835) AND (k <= 1129935))

table 7 : explain SELECT k, c FROM sbtest7 WHERE k BETWEEN 1129835 AND 1129935
	Bitmap Heap Scan on sbtest7  (cost=5.50..416.94 rows=104 width=125)
	  Recheck Cond: ((k >= 1129835) AND (k <= 1129935))
	  ->  Bitmap Index Scan on k_7  (cost=0.00..5.47 rows=104 width=0)
	        Index Cond: ((k >= 1129835) AND (k <= 1129935))

table 8 : explain SELECT k, c FROM sbtest8 WHERE k BETWEEN 1129835 AND 1129935
	Bitmap Heap Scan on sbtest8  (cost=5.43..389.37 rows=97 width=125)
	  Recheck Cond: ((k >= 1129835) AND (k <= 1129935))
	  ->  Bitmap Index Scan on k_8  (cost=0.00..5.40 rows=97 width=0)
	        Index Cond: ((k >= 1129835) AND (k <= 1129935))

explain: for range-notcovered :: explain SELECT k, c FROM sbtest%d WHERE k BETWEEN 1129835 AND 1129935
for range-notcovered
table 1 : explain SELECT k, c FROM sbtest1 WHERE k BETWEEN 5579846 AND 5579946
	Bitmap Heap Scan on sbtest1  (cost=5.45..397.25 rows=99 width=125)
	  Recheck Cond: ((k >= 5579846) AND (k <= 5579946))
	  ->  Bitmap Index Scan on k_1  (cost=0.00..5.42 rows=99 width=0)
	        Index Cond: ((k >= 5579846) AND (k <= 5579946))

table 2 : explain SELECT k, c FROM sbtest2 WHERE k BETWEEN 5579846 AND 5579946
	Bitmap Heap Scan on sbtest2  (cost=5.39..373.61 rows=93 width=125)
	  Recheck Cond: ((k >= 5579846) AND (k <= 5579946))
	  ->  Bitmap Index Scan on k_2  (cost=0.00..5.36 rows=93 width=0)
	        Index Cond: ((k >= 5579846) AND (k <= 5579946))

table 3 : explain SELECT k, c FROM sbtest3 WHERE k BETWEEN 5579846 AND 5579946
	Bitmap Heap Scan on sbtest3  (cost=5.47..405.13 rows=101 width=125)
	  Recheck Cond: ((k >= 5579846) AND (k <= 5579946))
	  ->  Bitmap Index Scan on k_3  (cost=0.00..5.44 rows=101 width=0)
	        Index Cond: ((k >= 5579846) AND (k <= 5579946))

table 4 : explain SELECT k, c FROM sbtest4 WHERE k BETWEEN 5579846 AND 5579946
	Bitmap Heap Scan on sbtest4  (cost=5.49..413.00 rows=103 width=125)
	  Recheck Cond: ((k >= 5579846) AND (k <= 5579946))
	  ->  Bitmap Index Scan on k_4  (cost=0.00..5.46 rows=103 width=0)
	        Index Cond: ((k >= 5579846) AND (k <= 5579946))

table 5 : explain SELECT k, c FROM sbtest5 WHERE k BETWEEN 5579846 AND 5579946
	Bitmap Heap Scan on sbtest5  (cost=5.52..424.81 rows=106 width=125)
	  Recheck Cond: ((k >= 5579846) AND (k <= 5579946))
	  ->  Bitmap Index Scan on k_5  (cost=0.00..5.50 rows=106 width=0)
	        Index Cond: ((k >= 5579846) AND (k <= 5579946))

table 6 : explain SELECT k, c FROM sbtest6 WHERE k BETWEEN 5579846 AND 5579946
	Bitmap Heap Scan on sbtest6  (cost=5.60..456.29 rows=114 width=125)
	  Recheck Cond: ((k >= 5579846) AND (k <= 5579946))
	  ->  Bitmap Index Scan on k_6  (cost=0.00..5.58 rows=114 width=0)
	        Index Cond: ((k >= 5579846) AND (k <= 5579946))

table 7 : explain SELECT k, c FROM sbtest7 WHERE k BETWEEN 5579846 AND 5579946
	Bitmap Heap Scan on sbtest7  (cost=5.53..428.75 rows=107 width=125)
	  Recheck Cond: ((k >= 5579846) AND (k <= 5579946))
	  ->  Bitmap Index Scan on k_7  (cost=0.00..5.50 rows=107 width=0)
	        Index Cond: ((k >= 5579846) AND (k <= 5579946))

table 8 : explain SELECT k, c FROM sbtest8 WHERE k BETWEEN 5579846 AND 5579946
	Bitmap Heap Scan on sbtest8  (cost=5.56..440.56 rows=110 width=125)
	  Recheck Cond: ((k >= 5579846) AND (k <= 5579946))
	  ->  Bitmap Index Scan on k_8  (cost=0.00..5.53 rows=110 width=0)
	        Index Cond: ((k >= 5579846) AND (k <= 5579946))

explain: for range-notcovered :: explain SELECT k, c FROM sbtest%d WHERE k BETWEEN 5579846 AND 5579946
for range-notcovered
table 1 : explain SELECT k, c FROM sbtest1 WHERE k BETWEEN 7579136 AND 7579236
	Bitmap Heap Scan on sbtest1  (cost=5.45..397.25 rows=99 width=125)
	  Recheck Cond: ((k >= 7579136) AND (k <= 7579236))
	  ->  Bitmap Index Scan on k_1  (cost=0.00..5.42 rows=99 width=0)
	        Index Cond: ((k >= 7579136) AND (k <= 7579236))

table 2 : explain SELECT k, c FROM sbtest2 WHERE k BETWEEN 7579136 AND 7579236
	Bitmap Heap Scan on sbtest2  (cost=5.51..420.88 rows=105 width=125)
	  Recheck Cond: ((k >= 7579136) AND (k <= 7579236))
	  ->  Bitmap Index Scan on k_2  (cost=0.00..5.48 rows=105 width=0)
	        Index Cond: ((k >= 7579136) AND (k <= 7579236))

table 3 : explain SELECT k, c FROM sbtest3 WHERE k BETWEEN 7579136 AND 7579236
	Bitmap Heap Scan on sbtest3  (cost=5.40..377.55 rows=94 width=125)
	  Recheck Cond: ((k >= 7579136) AND (k <= 7579236))
	  ->  Bitmap Index Scan on k_3  (cost=0.00..5.38 rows=94 width=0)
	        Index Cond: ((k >= 7579136) AND (k <= 7579236))

table 4 : explain SELECT k, c FROM sbtest4 WHERE k BETWEEN 7579136 AND 7579236
	Bitmap Heap Scan on sbtest4  (cost=5.44..393.31 rows=98 width=125)
	  Recheck Cond: ((k >= 7579136) AND (k <= 7579236))
	  ->  Bitmap Index Scan on k_4  (cost=0.00..5.42 rows=98 width=0)
	        Index Cond: ((k >= 7579136) AND (k <= 7579236))

table 5 : explain SELECT k, c FROM sbtest5 WHERE k BETWEEN 7579136 AND 7579236
	Bitmap Heap Scan on sbtest5  (cost=5.55..436.62 rows=109 width=125)
	  Recheck Cond: ((k >= 7579136) AND (k <= 7579236))
	  ->  Bitmap Index Scan on k_5  (cost=0.00..5.52 rows=109 width=0)
	        Index Cond: ((k >= 7579136) AND (k <= 7579236))

table 6 : explain SELECT k, c FROM sbtest6 WHERE k BETWEEN 7579136 AND 7579236
	Bitmap Heap Scan on sbtest6  (cost=5.43..389.37 rows=97 width=125)
	  Recheck Cond: ((k >= 7579136) AND (k <= 7579236))
	  ->  Bitmap Index Scan on k_6  (cost=0.00..5.40 rows=97 width=0)
	        Index Cond: ((k >= 7579136) AND (k <= 7579236))

table 7 : explain SELECT k, c FROM sbtest7 WHERE k BETWEEN 7579136 AND 7579236
	Bitmap Heap Scan on sbtest7  (cost=5.45..397.25 rows=99 width=125)
	  Recheck Cond: ((k >= 7579136) AND (k <= 7579236))
	  ->  Bitmap Index Scan on k_7  (cost=0.00..5.42 rows=99 width=0)
	        Index Cond: ((k >= 7579136) AND (k <= 7579236))

table 8 : explain SELECT k, c FROM sbtest8 WHERE k BETWEEN 7579136 AND 7579236
	Bitmap Heap Scan on sbtest8  (cost=5.46..401.19 rows=100 width=125)
	  Recheck Cond: ((k >= 7579136) AND (k <= 7579236))
	  ->  Bitmap Index Scan on k_8  (cost=0.00..5.43 rows=100 width=0)
	        Index Cond: ((k >= 7579136) AND (k <= 7579236))

explain: for range-notcovered :: explain SELECT k, c FROM sbtest%d WHERE k BETWEEN 7579136 AND 7579236
for range-notcovered
table 1 : explain SELECT k, c FROM sbtest1 WHERE k BETWEEN 4841463 AND 4841563
	Bitmap Heap Scan on sbtest1  (cost=5.48..409.07 rows=102 width=125)
	  Recheck Cond: ((k >= 4841463) AND (k <= 4841563))
	  ->  Bitmap Index Scan on k_1  (cost=0.00..5.45 rows=102 width=0)
	        Index Cond: ((k >= 4841463) AND (k <= 4841563))

table 2 : explain SELECT k, c FROM sbtest2 WHERE k BETWEEN 4841463 AND 4841563
	Bitmap Heap Scan on sbtest2  (cost=5.38..369.67 rows=92 width=125)
	  Recheck Cond: ((k >= 4841463) AND (k <= 4841563))
	  ->  Bitmap Index Scan on k_2  (cost=0.00..5.35 rows=92 width=0)
	        Index Cond: ((k >= 4841463) AND (k <= 4841563))

table 3 : explain SELECT k, c FROM sbtest3 WHERE k BETWEEN 4841463 AND 4841563
	Bitmap Heap Scan on sbtest3  (cost=5.47..405.13 rows=101 width=125)
	  Recheck Cond: ((k >= 4841463) AND (k <= 4841563))
	  ->  Bitmap Index Scan on k_3  (cost=0.00..5.44 rows=101 width=0)
	        Index Cond: ((k >= 4841463) AND (k <= 4841563))

table 4 : explain SELECT k, c FROM sbtest4 WHERE k BETWEEN 4841463 AND 4841563
	Bitmap Heap Scan on sbtest4  (cost=5.46..401.19 rows=100 width=125)
	  Recheck Cond: ((k >= 4841463) AND (k <= 4841563))
	  ->  Bitmap Index Scan on k_4  (cost=0.00..5.43 rows=100 width=0)
	        Index Cond: ((k >= 4841463) AND (k <= 4841563))

table 5 : explain SELECT k, c FROM sbtest5 WHERE k BETWEEN 4841463 AND 4841563
	Bitmap Heap Scan on sbtest5  (cost=5.39..373.61 rows=93 width=125)
	  Recheck Cond: ((k >= 4841463) AND (k <= 4841563))
	  ->  Bitmap Index Scan on k_5  (cost=0.00..5.36 rows=93 width=0)
	        Index Cond: ((k >= 4841463) AND (k <= 4841563))

table 6 : explain SELECT k, c FROM sbtest6 WHERE k BETWEEN 4841463 AND 4841563
	Bitmap Heap Scan on sbtest6  (cost=5.51..420.88 rows=105 width=125)
	  Recheck Cond: ((k >= 4841463) AND (k <= 4841563))
	  ->  Bitmap Index Scan on k_6  (cost=0.00..5.48 rows=105 width=0)
	        Index Cond: ((k >= 4841463) AND (k <= 4841563))

table 7 : explain SELECT k, c FROM sbtest7 WHERE k BETWEEN 4841463 AND 4841563
	Bitmap Heap Scan on sbtest7  (cost=5.47..405.13 rows=101 width=125)
	  Recheck Cond: ((k >= 4841463) AND (k <= 4841563))
	  ->  Bitmap Index Scan on k_7  (cost=0.00..5.44 rows=101 width=0)
	        Index Cond: ((k >= 4841463) AND (k <= 4841563))

table 8 : explain SELECT k, c FROM sbtest8 WHERE k BETWEEN 4841463 AND 4841563
	Bitmap Heap Scan on sbtest8  (cost=5.54..432.69 rows=108 width=125)
	  Recheck Cond: ((k >= 4841463) AND (k <= 4841563))
	  ->  Bitmap Index Scan on k_8  (cost=0.00..5.51 rows=108 width=0)
	        Index Cond: ((k >= 4841463) AND (k <= 4841563))

explain: for range-notcovered :: explain SELECT k, c FROM sbtest%d WHERE k BETWEEN 4841463 AND 4841563
for range-notcovered
table 1 : explain SELECT k, c FROM sbtest1 WHERE k BETWEEN 5579846 AND 5579946
	Bitmap Heap Scan on sbtest1  (cost=5.45..397.25 rows=99 width=125)
	  Recheck Cond: ((k >= 5579846) AND (k <= 5579946))
	  ->  Bitmap Index Scan on k_1  (cost=0.00..5.42 rows=99 width=0)
	        Index Cond: ((k >= 5579846) AND (k <= 5579946))

table 2 : explain SELECT k, c FROM sbtest2 WHERE k BETWEEN 5579846 AND 5579946
	Bitmap Heap Scan on sbtest2  (cost=5.39..373.61 rows=93 width=125)
	  Recheck Cond: ((k >= 5579846) AND (k <= 5579946))
	  ->  Bitmap Index Scan on k_2  (cost=0.00..5.36 rows=93 width=0)
	        Index Cond: ((k >= 5579846) AND (k <= 5579946))

table 3 : explain SELECT k, c FROM sbtest3 WHERE k BETWEEN 5579846 AND 5579946
	Bitmap Heap Scan on sbtest3  (cost=5.47..405.13 rows=101 width=125)
	  Recheck Cond: ((k >= 5579846) AND (k <= 5579946))
	  ->  Bitmap Index Scan on k_3  (cost=0.00..5.44 rows=101 width=0)
	        Index Cond: ((k >= 5579846) AND (k <= 5579946))

table 4 : explain SELECT k, c FROM sbtest4 WHERE k BETWEEN 5579846 AND 5579946
	Bitmap Heap Scan on sbtest4  (cost=5.49..413.00 rows=103 width=125)
	  Recheck Cond: ((k >= 5579846) AND (k <= 5579946))
	  ->  Bitmap Index Scan on k_4  (cost=0.00..5.46 rows=103 width=0)
	        Index Cond: ((k >= 5579846) AND (k <= 5579946))

table 5 : explain SELECT k, c FROM sbtest5 WHERE k BETWEEN 5579846 AND 5579946
	Bitmap Heap Scan on sbtest5  (cost=5.52..424.81 rows=106 width=125)
	  Recheck Cond: ((k >= 5579846) AND (k <= 5579946))
	  ->  Bitmap Index Scan on k_5  (cost=0.00..5.50 rows=106 width=0)
	        Index Cond: ((k >= 5579846) AND (k <= 5579946))

table 6 : explain SELECT k, c FROM sbtest6 WHERE k BETWEEN 5579846 AND 5579946
	Bitmap Heap Scan on sbtest6  (cost=5.60..456.29 rows=114 width=125)
	  Recheck Cond: ((k >= 5579846) AND (k <= 5579946))
	  ->  Bitmap Index Scan on k_6  (cost=0.00..5.58 rows=114 width=0)
	        Index Cond: ((k >= 5579846) AND (k <= 5579946))

table 7 : explain SELECT k, c FROM sbtest7 WHERE k BETWEEN 5579846 AND 5579946
	Bitmap Heap Scan on sbtest7  (cost=5.53..428.75 rows=107 width=125)
	  Recheck Cond: ((k >= 5579846) AND (k <= 5579946))
	  ->  Bitmap Index Scan on k_7  (cost=0.00..5.50 rows=107 width=0)
	        Index Cond: ((k >= 5579846) AND (k <= 5579946))

table 8 : explain SELECT k, c FROM sbtest8 WHERE k BETWEEN 5579846 AND 5579946
	Bitmap Heap Scan on sbtest8  (cost=5.56..440.56 rows=110 width=125)
	  Recheck Cond: ((k >= 5579846) AND (k <= 5579946))
	  ->  Bitmap Index Scan on k_8  (cost=0.00..5.53 rows=110 width=0)
	        Index Cond: ((k >= 5579846) AND (k <= 5579946))

for range-notcovered
table 1 : explain SELECT k, c FROM sbtest1 WHERE k BETWEEN 2421311 AND 2421411
	Bitmap Heap Scan on sbtest1  (cost=5.39..373.61 rows=93 width=125)
	  Recheck Cond: ((k >= 2421311) AND (k <= 2421411))
	  ->  Bitmap Index Scan on k_1  (cost=0.00..5.36 rows=93 width=0)
	        Index Cond: ((k >= 2421311) AND (k <= 2421411))

table 2 : explain SELECT k, c FROM sbtest2 WHERE k BETWEEN 2421311 AND 2421411
	Bitmap Heap Scan on sbtest2  (cost=5.53..428.75 rows=107 width=125)
	  Recheck Cond: ((k >= 2421311) AND (k <= 2421411))
	  ->  Bitmap Index Scan on k_2  (cost=0.00..5.50 rows=107 width=0)
	        Index Cond: ((k >= 2421311) AND (k <= 2421411))

table 3 : explain SELECT k, c FROM sbtest3 WHERE k BETWEEN 2421311 AND 2421411
	Bitmap Heap Scan on sbtest3  (cost=5.38..369.67 rows=92 width=125)
	  Recheck Cond: ((k >= 2421311) AND (k <= 2421411))
	  ->  Bitmap Index Scan on k_3  (cost=0.00..5.35 rows=92 width=0)
	        Index Cond: ((k >= 2421311) AND (k <= 2421411))

table 4 : explain SELECT k, c FROM sbtest4 WHERE k BETWEEN 2421311 AND 2421411
	Bitmap Heap Scan on sbtest4  (cost=5.45..397.25 rows=99 width=125)
	  Recheck Cond: ((k >= 2421311) AND (k <= 2421411))
	  ->  Bitmap Index Scan on k_4  (cost=0.00..5.42 rows=99 width=0)
	        Index Cond: ((k >= 2421311) AND (k <= 2421411))

table 5 : explain SELECT k, c FROM sbtest5 WHERE k BETWEEN 2421311 AND 2421411
	Bitmap Heap Scan on sbtest5  (cost=5.49..413.00 rows=103 width=125)
	  Recheck Cond: ((k >= 2421311) AND (k <= 2421411))
	  ->  Bitmap Index Scan on k_5  (cost=0.00..5.46 rows=103 width=0)
	        Index Cond: ((k >= 2421311) AND (k <= 2421411))

table 6 : explain SELECT k, c FROM sbtest6 WHERE k BETWEEN 2421311 AND 2421411
	Bitmap Heap Scan on sbtest6  (cost=5.45..397.25 rows=99 width=125)
	  Recheck Cond: ((k >= 2421311) AND (k <= 2421411))
	  ->  Bitmap Index Scan on k_6  (cost=0.00..5.42 rows=99 width=0)
	        Index Cond: ((k >= 2421311) AND (k <= 2421411))

table 7 : explain SELECT k, c FROM sbtest7 WHERE k BETWEEN 2421311 AND 2421411
	Bitmap Heap Scan on sbtest7  (cost=5.51..420.88 rows=105 width=125)
	  Recheck Cond: ((k >= 2421311) AND (k <= 2421411))
	  ->  Bitmap Index Scan on k_7  (cost=0.00..5.48 rows=105 width=0)
	        Index Cond: ((k >= 2421311) AND (k <= 2421411))

table 8 : explain SELECT k, c FROM sbtest8 WHERE k BETWEEN 2421311 AND 2421411
	Bitmap Heap Scan on sbtest8  (cost=5.53..428.75 rows=107 width=125)
	  Recheck Cond: ((k >= 2421311) AND (k <= 2421411))
	  ->  Bitmap Index Scan on k_8  (cost=0.00..5.50 rows=107 width=0)
	        Index Cond: ((k >= 2421311) AND (k <= 2421411))

explain: for range-notcovered :: explain SELECT k, c FROM sbtest%d WHERE k BETWEEN 5579846 AND 5579946
explain: for range-notcovered :: explain SELECT k, c FROM sbtest%d WHERE k BETWEEN 2421311 AND 2421411
for range-notcovered
table 1 : explain SELECT k, c FROM sbtest1 WHERE k BETWEEN 1129835 AND 1129935
	Bitmap Heap Scan on sbtest1  (cost=5.51..420.88 rows=105 width=125)
	  Recheck Cond: ((k >= 1129835) AND (k <= 1129935))
	  ->  Bitmap Index Scan on k_1  (cost=0.00..5.48 rows=105 width=0)
	        Index Cond: ((k >= 1129835) AND (k <= 1129935))

table 2 : explain SELECT k, c FROM sbtest2 WHERE k BETWEEN 1129835 AND 1129935
	Bitmap Heap Scan on sbtest2  (cost=5.49..413.00 rows=103 width=125)
	  Recheck Cond: ((k >= 1129835) AND (k <= 1129935))
	  ->  Bitmap Index Scan on k_2  (cost=0.00..5.46 rows=103 width=0)
	        Index Cond: ((k >= 1129835) AND (k <= 1129935))

table 3 : explain SELECT k, c FROM sbtest3 WHERE k BETWEEN 1129835 AND 1129935
	Bitmap Heap Scan on sbtest3  (cost=5.49..413.00 rows=103 width=125)
	  Recheck Cond: ((k >= 1129835) AND (k <= 1129935))
	  ->  Bitmap Index Scan on k_3  (cost=0.00..5.46 rows=103 width=0)
	        Index Cond: ((k >= 1129835) AND (k <= 1129935))

table 4 : explain SELECT k, c FROM sbtest4 WHERE k BETWEEN 1129835 AND 1129935
	Bitmap Heap Scan on sbtest4  (cost=5.46..401.19 rows=100 width=125)
	  Recheck Cond: ((k >= 1129835) AND (k <= 1129935))
	  ->  Bitmap Index Scan on k_4  (cost=0.00..5.43 rows=100 width=0)
	        Index Cond: ((k >= 1129835) AND (k <= 1129935))

table 5 : explain SELECT k, c FROM sbtest5 WHERE k BETWEEN 1129835 AND 1129935
	Bitmap Heap Scan on sbtest5  (cost=5.46..401.19 rows=100 width=125)
	  Recheck Cond: ((k >= 1129835) AND (k <= 1129935))
	  ->  Bitmap Index Scan on k_5  (cost=0.00..5.43 rows=100 width=0)
	        Index Cond: ((k >= 1129835) AND (k <= 1129935))

table 6 : explain SELECT k, c FROM sbtest6 WHERE k BETWEEN 1129835 AND 1129935
	Bitmap Heap Scan on sbtest6  (cost=5.42..385.43 rows=96 width=125)
	  Recheck Cond: ((k >= 1129835) AND (k <= 1129935))
	  ->  Bitmap Index Scan on k_6  (cost=0.00..5.39 rows=96 width=0)
	        Index Cond: ((k >= 1129835) AND (k <= 1129935))

table 7 : explain SELECT k, c FROM sbtest7 WHERE k BETWEEN 1129835 AND 1129935
	Bitmap Heap Scan on sbtest7  (cost=5.50..416.94 rows=104 width=125)
	  Recheck Cond: ((k >= 1129835) AND (k <= 1129935))
	  ->  Bitmap Index Scan on k_7  (cost=0.00..5.47 rows=104 width=0)
	        Index Cond: ((k >= 1129835) AND (k <= 1129935))

table 8 : explain SELECT k, c FROM sbtest8 WHERE k BETWEEN 1129835 AND 1129935
	Bitmap Heap Scan on sbtest8  (cost=5.43..389.37 rows=97 width=125)
	  Recheck Cond: ((k >= 1129835) AND (k <= 1129935))
	  ->  Bitmap Index Scan on k_8  (cost=0.00..5.40 rows=97 width=0)
	        Index Cond: ((k >= 1129835) AND (k <= 1129935))

explain: for range-notcovered :: explain SELECT k, c FROM sbtest%d WHERE k BETWEEN 1129835 AND 1129935
for range-notcovered
table 1 : explain SELECT k, c FROM sbtest1 WHERE k BETWEEN 7579136 AND 7579236
	Bitmap Heap Scan on sbtest1  (cost=5.45..397.25 rows=99 width=125)
	  Recheck Cond: ((k >= 7579136) AND (k <= 7579236))
	  ->  Bitmap Index Scan on k_1  (cost=0.00..5.42 rows=99 width=0)
	        Index Cond: ((k >= 7579136) AND (k <= 7579236))

table 2 : explain SELECT k, c FROM sbtest2 WHERE k BETWEEN 7579136 AND 7579236
	Bitmap Heap Scan on sbtest2  (cost=5.51..420.88 rows=105 width=125)
	  Recheck Cond: ((k >= 7579136) AND (k <= 7579236))
	  ->  Bitmap Index Scan on k_2  (cost=0.00..5.48 rows=105 width=0)
	        Index Cond: ((k >= 7579136) AND (k <= 7579236))

table 3 : explain SELECT k, c FROM sbtest3 WHERE k BETWEEN 7579136 AND 7579236
	Bitmap Heap Scan on sbtest3  (cost=5.40..377.55 rows=94 width=125)
	  Recheck Cond: ((k >= 7579136) AND (k <= 7579236))
	  ->  Bitmap Index Scan on k_3  (cost=0.00..5.38 rows=94 width=0)
	        Index Cond: ((k >= 7579136) AND (k <= 7579236))

table 4 : explain SELECT k, c FROM sbtest4 WHERE k BETWEEN 7579136 AND 7579236
	Bitmap Heap Scan on sbtest4  (cost=5.44..393.31 rows=98 width=125)
	  Recheck Cond: ((k >= 7579136) AND (k <= 7579236))
	  ->  Bitmap Index Scan on k_4  (cost=0.00..5.42 rows=98 width=0)
	        Index Cond: ((k >= 7579136) AND (k <= 7579236))

table 5 : explain SELECT k, c FROM sbtest5 WHERE k BETWEEN 7579136 AND 7579236
	Bitmap Heap Scan on sbtest5  (cost=5.55..436.62 rows=109 width=125)
	  Recheck Cond: ((k >= 7579136) AND (k <= 7579236))
	  ->  Bitmap Index Scan on k_5  (cost=0.00..5.52 rows=109 width=0)
	        Index Cond: ((k >= 7579136) AND (k <= 7579236))

table 6 : explain SELECT k, c FROM sbtest6 WHERE k BETWEEN 7579136 AND 7579236
	Bitmap Heap Scan on sbtest6  (cost=5.43..389.37 rows=97 width=125)
	  Recheck Cond: ((k >= 7579136) AND (k <= 7579236))
	  ->  Bitmap Index Scan on k_6  (cost=0.00..5.40 rows=97 width=0)
	        Index Cond: ((k >= 7579136) AND (k <= 7579236))

table 7 : explain SELECT k, c FROM sbtest7 WHERE k BETWEEN 7579136 AND 7579236
	Bitmap Heap Scan on sbtest7  (cost=5.45..397.25 rows=99 width=125)
	  Recheck Cond: ((k >= 7579136) AND (k <= 7579236))
	  ->  Bitmap Index Scan on k_7  (cost=0.00..5.42 rows=99 width=0)
	        Index Cond: ((k >= 7579136) AND (k <= 7579236))

table 8 : explain SELECT k, c FROM sbtest8 WHERE k BETWEEN 7579136 AND 7579236
	Bitmap Heap Scan on sbtest8  (cost=5.46..401.19 rows=100 width=125)
	  Recheck Cond: ((k >= 7579136) AND (k <= 7579236))
	  ->  Bitmap Index Scan on k_8  (cost=0.00..5.43 rows=100 width=0)
	        Index Cond: ((k >= 7579136) AND (k <= 7579236))

explain: for range-notcovered :: explain SELECT k, c FROM sbtest%d WHERE k BETWEEN 7579136 AND 7579236
for range-notcovered
table 1 : explain SELECT k, c FROM sbtest1 WHERE k BETWEEN 4841463 AND 4841563
	Bitmap Heap Scan on sbtest1  (cost=5.48..409.07 rows=102 width=125)
	  Recheck Cond: ((k >= 4841463) AND (k <= 4841563))
	  ->  Bitmap Index Scan on k_1  (cost=0.00..5.45 rows=102 width=0)
	        Index Cond: ((k >= 4841463) AND (k <= 4841563))

table 2 : explain SELECT k, c FROM sbtest2 WHERE k BETWEEN 4841463 AND 4841563
	Bitmap Heap Scan on sbtest2  (cost=5.38..369.67 rows=92 width=125)
	  Recheck Cond: ((k >= 4841463) AND (k <= 4841563))
	  ->  Bitmap Index Scan on k_2  (cost=0.00..5.35 rows=92 width=0)
	        Index Cond: ((k >= 4841463) AND (k <= 4841563))

table 3 : explain SELECT k, c FROM sbtest3 WHERE k BETWEEN 4841463 AND 4841563
	Bitmap Heap Scan on sbtest3  (cost=5.47..405.13 rows=101 width=125)
	  Recheck Cond: ((k >= 4841463) AND (k <= 4841563))
	  ->  Bitmap Index Scan on k_3  (cost=0.00..5.44 rows=101 width=0)
	        Index Cond: ((k >= 4841463) AND (k <= 4841563))

table 4 : explain SELECT k, c FROM sbtest4 WHERE k BETWEEN 4841463 AND 4841563
	Bitmap Heap Scan on sbtest4  (cost=5.46..401.19 rows=100 width=125)
	  Recheck Cond: ((k >= 4841463) AND (k <= 4841563))
	  ->  Bitmap Index Scan on k_4  (cost=0.00..5.43 rows=100 width=0)
	        Index Cond: ((k >= 4841463) AND (k <= 4841563))

table 5 : explain SELECT k, c FROM sbtest5 WHERE k BETWEEN 4841463 AND 4841563
	Bitmap Heap Scan on sbtest5  (cost=5.39..373.61 rows=93 width=125)
	  Recheck Cond: ((k >= 4841463) AND (k <= 4841563))
	  ->  Bitmap Index Scan on k_5  (cost=0.00..5.36 rows=93 width=0)
	        Index Cond: ((k >= 4841463) AND (k <= 4841563))

table 6 : explain SELECT k, c FROM sbtest6 WHERE k BETWEEN 4841463 AND 4841563
	Bitmap Heap Scan on sbtest6  (cost=5.51..420.88 rows=105 width=125)
	  Recheck Cond: ((k >= 4841463) AND (k <= 4841563))
	  ->  Bitmap Index Scan on k_6  (cost=0.00..5.48 rows=105 width=0)
	        Index Cond: ((k >= 4841463) AND (k <= 4841563))

table 7 : explain SELECT k, c FROM sbtest7 WHERE k BETWEEN 4841463 AND 4841563
	Bitmap Heap Scan on sbtest7  (cost=5.47..405.13 rows=101 width=125)
	  Recheck Cond: ((k >= 4841463) AND (k <= 4841563))
	  ->  Bitmap Index Scan on k_7  (cost=0.00..5.44 rows=101 width=0)
	        Index Cond: ((k >= 4841463) AND (k <= 4841563))

table 8 : explain SELECT k, c FROM sbtest8 WHERE k BETWEEN 4841463 AND 4841563
	Bitmap Heap Scan on sbtest8  (cost=5.54..432.69 rows=108 width=125)
	  Recheck Cond: ((k >= 4841463) AND (k <= 4841563))
	  ->  Bitmap Index Scan on k_8  (cost=0.00..5.51 rows=108 width=0)
	        Index Cond: ((k >= 4841463) AND (k <= 4841563))

explain: for range-notcovered :: explain SELECT k, c FROM sbtest%d WHERE k BETWEEN 4841463 AND 4841563
for range-notcovered
table 1 : explain SELECT k, c FROM sbtest1 WHERE k BETWEEN 7491201 AND 7491301
	Bitmap Heap Scan on sbtest1  (cost=5.45..397.25 rows=99 width=125)
	  Recheck Cond: ((k >= 7491201) AND (k <= 7491301))
	  ->  Bitmap Index Scan on k_1  (cost=0.00..5.42 rows=99 width=0)
	        Index Cond: ((k >= 7491201) AND (k <= 7491301))

table 2 : explain SELECT k, c FROM sbtest2 WHERE k BETWEEN 7491201 AND 7491301
	Bitmap Heap Scan on sbtest2  (cost=5.54..432.69 rows=108 width=125)
	  Recheck Cond: ((k >= 7491201) AND (k <= 7491301))
	  ->  Bitmap Index Scan on k_2  (cost=0.00..5.51 rows=108 width=0)
	        Index Cond: ((k >= 7491201) AND (k <= 7491301))

table 3 : explain SELECT k, c FROM sbtest3 WHERE k BETWEEN 7491201 AND 7491301
	Bitmap Heap Scan on sbtest3  (cost=5.40..377.55 rows=94 width=125)
	  Recheck Cond: ((k >= 7491201) AND (k <= 7491301))
	  ->  Bitmap Index Scan on k_3  (cost=0.00..5.38 rows=94 width=0)
	        Index Cond: ((k >= 7491201) AND (k <= 7491301))

table 4 : explain SELECT k, c FROM sbtest4 WHERE k BETWEEN 7491201 AND 7491301
	Bitmap Heap Scan on sbtest4  (cost=5.37..365.72 rows=91 width=125)
	  Recheck Cond: ((k >= 7491201) AND (k <= 7491301))
	  ->  Bitmap Index Scan on k_4  (cost=0.00..5.34 rows=91 width=0)
	        Index Cond: ((k >= 7491201) AND (k <= 7491301))

table 5 : explain SELECT k, c FROM sbtest5 WHERE k BETWEEN 7491201 AND 7491301
	Bitmap Heap Scan on sbtest5  (cost=5.50..416.94 rows=104 width=125)
	  Recheck Cond: ((k >= 7491201) AND (k <= 7491301))
	  ->  Bitmap Index Scan on k_5  (cost=0.00..5.47 rows=104 width=0)
	        Index Cond: ((k >= 7491201) AND (k <= 7491301))

table 6 : explain SELECT k, c FROM sbtest6 WHERE k BETWEEN 7491201 AND 7491301
	Bitmap Heap Scan on sbtest6  (cost=5.48..409.07 rows=102 width=125)
	  Recheck Cond: ((k >= 7491201) AND (k <= 7491301))
	  ->  Bitmap Index Scan on k_6  (cost=0.00..5.45 rows=102 width=0)
	        Index Cond: ((k >= 7491201) AND (k <= 7491301))

table 7 : explain SELECT k, c FROM sbtest7 WHERE k BETWEEN 7491201 AND 7491301
	Bitmap Heap Scan on sbtest7  (cost=5.45..397.25 rows=99 width=125)
	  Recheck Cond: ((k >= 7491201) AND (k <= 7491301))
	  ->  Bitmap Index Scan on k_7  (cost=0.00..5.42 rows=99 width=0)
	        Index Cond: ((k >= 7491201) AND (k <= 7491301))

table 8 : explain SELECT k, c FROM sbtest8 WHERE k BETWEEN 7491201 AND 7491301
	Bitmap Heap Scan on sbtest8  (cost=5.43..389.37 rows=97 width=125)
	  Recheck Cond: ((k >= 7491201) AND (k <= 7491301))
	  ->  Bitmap Index Scan on k_8  (cost=0.00..5.40 rows=97 width=0)
	        Index Cond: ((k >= 7491201) AND (k <= 7491301))

explain: for range-notcovered :: explain SELECT k, c FROM sbtest%d WHERE k BETWEEN 7491201 AND 7491301
for range-notcovered
table 1 : explain SELECT k, c FROM sbtest1 WHERE k BETWEEN 4841463 AND 4841563
	Bitmap Heap Scan on sbtest1  (cost=5.48..409.07 rows=102 width=125)
	  Recheck Cond: ((k >= 4841463) AND (k <= 4841563))
	  ->  Bitmap Index Scan on k_1  (cost=0.00..5.45 rows=102 width=0)
	        Index Cond: ((k >= 4841463) AND (k <= 4841563))

table 2 : explain SELECT k, c FROM sbtest2 WHERE k BETWEEN 4841463 AND 4841563
	Bitmap Heap Scan on sbtest2  (cost=5.38..369.67 rows=92 width=125)
	  Recheck Cond: ((k >= 4841463) AND (k <= 4841563))
	  ->  Bitmap Index Scan on k_2  (cost=0.00..5.35 rows=92 width=0)
	        Index Cond: ((k >= 4841463) AND (k <= 4841563))

table 3 : explain SELECT k, c FROM sbtest3 WHERE k BETWEEN 4841463 AND 4841563
	Bitmap Heap Scan on sbtest3  (cost=5.47..405.13 rows=101 width=125)
	  Recheck Cond: ((k >= 4841463) AND (k <= 4841563))
	  ->  Bitmap Index Scan on k_3  (cost=0.00..5.44 rows=101 width=0)
	        Index Cond: ((k >= 4841463) AND (k <= 4841563))

table 4 : explain SELECT k, c FROM sbtest4 WHERE k BETWEEN 4841463 AND 4841563
	Bitmap Heap Scan on sbtest4  (cost=5.46..401.19 rows=100 width=125)
	  Recheck Cond: ((k >= 4841463) AND (k <= 4841563))
	  ->  Bitmap Index Scan on k_4  (cost=0.00..5.43 rows=100 width=0)
	        Index Cond: ((k >= 4841463) AND (k <= 4841563))

table 5 : explain SELECT k, c FROM sbtest5 WHERE k BETWEEN 4841463 AND 4841563
	Bitmap Heap Scan on sbtest5  (cost=5.39..373.61 rows=93 width=125)
	  Recheck Cond: ((k >= 4841463) AND (k <= 4841563))
	  ->  Bitmap Index Scan on k_5  (cost=0.00..5.36 rows=93 width=0)
	        Index Cond: ((k >= 4841463) AND (k <= 4841563))

table 6 : explain SELECT k, c FROM sbtest6 WHERE k BETWEEN 4841463 AND 4841563
	Bitmap Heap Scan on sbtest6  (cost=5.51..420.88 rows=105 width=125)
	  Recheck Cond: ((k >= 4841463) AND (k <= 4841563))
	  ->  Bitmap Index Scan on k_6  (cost=0.00..5.48 rows=105 width=0)
	        Index Cond: ((k >= 4841463) AND (k <= 4841563))

table 7 : explain SELECT k, c FROM sbtest7 WHERE k BETWEEN 4841463 AND 4841563
	Bitmap Heap Scan on sbtest7  (cost=5.47..405.13 rows=101 width=125)
	  Recheck Cond: ((k >= 4841463) AND (k <= 4841563))
	  ->  Bitmap Index Scan on k_7  (cost=0.00..5.44 rows=101 width=0)
	        Index Cond: ((k >= 4841463) AND (k <= 4841563))

table 8 : explain SELECT k, c FROM sbtest8 WHERE k BETWEEN 4841463 AND 4841563
	Bitmap Heap Scan on sbtest8  (cost=5.54..432.69 rows=108 width=125)
	  Recheck Cond: ((k >= 4841463) AND (k <= 4841563))
	  ->  Bitmap Index Scan on k_8  (cost=0.00..5.51 rows=108 width=0)
	        Index Cond: ((k >= 4841463) AND (k <= 4841563))

for range-notcovered
table 1 : explain SELECT k, c FROM sbtest1 WHERE k BETWEEN 7491201 AND 7491301
	Bitmap Heap Scan on sbtest1  (cost=5.45..397.25 rows=99 width=125)
	  Recheck Cond: ((k >= 7491201) AND (k <= 7491301))
	  ->  Bitmap Index Scan on k_1  (cost=0.00..5.42 rows=99 width=0)
	        Index Cond: ((k >= 7491201) AND (k <= 7491301))

table 2 : explain SELECT k, c FROM sbtest2 WHERE k BETWEEN 7491201 AND 7491301
	Bitmap Heap Scan on sbtest2  (cost=5.54..432.69 rows=108 width=125)
	  Recheck Cond: ((k >= 7491201) AND (k <= 7491301))
	  ->  Bitmap Index Scan on k_2  (cost=0.00..5.51 rows=108 width=0)
	        Index Cond: ((k >= 7491201) AND (k <= 7491301))

table 3 : explain SELECT k, c FROM sbtest3 WHERE k BETWEEN 7491201 AND 7491301
	Bitmap Heap Scan on sbtest3  (cost=5.40..377.55 rows=94 width=125)
	  Recheck Cond: ((k >= 7491201) AND (k <= 7491301))
	  ->  Bitmap Index Scan on k_3  (cost=0.00..5.38 rows=94 width=0)
	        Index Cond: ((k >= 7491201) AND (k <= 7491301))

table 4 : explain SELECT k, c FROM sbtest4 WHERE k BETWEEN 7491201 AND 7491301
	Bitmap Heap Scan on sbtest4  (cost=5.37..365.72 rows=91 width=125)
	  Recheck Cond: ((k >= 7491201) AND (k <= 7491301))
	  ->  Bitmap Index Scan on k_4  (cost=0.00..5.34 rows=91 width=0)
	        Index Cond: ((k >= 7491201) AND (k <= 7491301))

table 5 : explain SELECT k, c FROM sbtest5 WHERE k BETWEEN 7491201 AND 7491301
	Bitmap Heap Scan on sbtest5  (cost=5.50..416.94 rows=104 width=125)
	  Recheck Cond: ((k >= 7491201) AND (k <= 7491301))
	  ->  Bitmap Index Scan on k_5  (cost=0.00..5.47 rows=104 width=0)
	        Index Cond: ((k >= 7491201) AND (k <= 7491301))

table 6 : explain SELECT k, c FROM sbtest6 WHERE k BETWEEN 7491201 AND 7491301
	Bitmap Heap Scan on sbtest6  (cost=5.48..409.07 rows=102 width=125)
	  Recheck Cond: ((k >= 7491201) AND (k <= 7491301))
	  ->  Bitmap Index Scan on k_6  (cost=0.00..5.45 rows=102 width=0)
	        Index Cond: ((k >= 7491201) AND (k <= 7491301))

table 7 : explain SELECT k, c FROM sbtest7 WHERE k BETWEEN 7491201 AND 7491301
	Bitmap Heap Scan on sbtest7  (cost=5.45..397.25 rows=99 width=125)
	  Recheck Cond: ((k >= 7491201) AND (k <= 7491301))
	  ->  Bitmap Index Scan on k_7  (cost=0.00..5.42 rows=99 width=0)
	        Index Cond: ((k >= 7491201) AND (k <= 7491301))

table 8 : explain SELECT k, c FROM sbtest8 WHERE k BETWEEN 7491201 AND 7491301
	Bitmap Heap Scan on sbtest8  (cost=5.43..389.37 rows=97 width=125)
	  Recheck Cond: ((k >= 7491201) AND (k <= 7491301))
	  ->  Bitmap Index Scan on k_8  (cost=0.00..5.40 rows=97 width=0)
	        Index Cond: ((k >= 7491201) AND (k <= 7491301))

explain: for range-notcovered :: explain SELECT k, c FROM sbtest%d WHERE k BETWEEN 4841463 AND 4841563
explain: for range-notcovered :: explain SELECT k, c FROM sbtest%d WHERE k BETWEEN 7491201 AND 7491301
for range-notcovered
table 1 : explain SELECT k, c FROM sbtest1 WHERE k BETWEEN 1129835 AND 1129935
	Bitmap Heap Scan on sbtest1  (cost=5.51..420.88 rows=105 width=125)
	  Recheck Cond: ((k >= 1129835) AND (k <= 1129935))
	  ->  Bitmap Index Scan on k_1  (cost=0.00..5.48 rows=105 width=0)
	        Index Cond: ((k >= 1129835) AND (k <= 1129935))

table 2 : explain SELECT k, c FROM sbtest2 WHERE k BETWEEN 1129835 AND 1129935
	Bitmap Heap Scan on sbtest2  (cost=5.49..413.00 rows=103 width=125)
	  Recheck Cond: ((k >= 1129835) AND (k <= 1129935))
	  ->  Bitmap Index Scan on k_2  (cost=0.00..5.46 rows=103 width=0)
	        Index Cond: ((k >= 1129835) AND (k <= 1129935))

table 3 : explain SELECT k, c FROM sbtest3 WHERE k BETWEEN 1129835 AND 1129935
	Bitmap Heap Scan on sbtest3  (cost=5.49..413.00 rows=103 width=125)
	  Recheck Cond: ((k >= 1129835) AND (k <= 1129935))
	  ->  Bitmap Index Scan on k_3  (cost=0.00..5.46 rows=103 width=0)
	        Index Cond: ((k >= 1129835) AND (k <= 1129935))

table 4 : explain SELECT k, c FROM sbtest4 WHERE k BETWEEN 1129835 AND 1129935
	Bitmap Heap Scan on sbtest4  (cost=5.46..401.19 rows=100 width=125)
	  Recheck Cond: ((k >= 1129835) AND (k <= 1129935))
	  ->  Bitmap Index Scan on k_4  (cost=0.00..5.43 rows=100 width=0)
	        Index Cond: ((k >= 1129835) AND (k <= 1129935))

table 5 : explain SELECT k, c FROM sbtest5 WHERE k BETWEEN 1129835 AND 1129935
	Bitmap Heap Scan on sbtest5  (cost=5.46..401.19 rows=100 width=125)
	  Recheck Cond: ((k >= 1129835) AND (k <= 1129935))
	  ->  Bitmap Index Scan on k_5  (cost=0.00..5.43 rows=100 width=0)
	        Index Cond: ((k >= 1129835) AND (k <= 1129935))

table 6 : explain SELECT k, c FROM sbtest6 WHERE k BETWEEN 1129835 AND 1129935
	Bitmap Heap Scan on sbtest6  (cost=5.42..385.43 rows=96 width=125)
	  Recheck Cond: ((k >= 1129835) AND (k <= 1129935))
	  ->  Bitmap Index Scan on k_6  (cost=0.00..5.39 rows=96 width=0)
	        Index Cond: ((k >= 1129835) AND (k <= 1129935))

table 7 : explain SELECT k, c FROM sbtest7 WHERE k BETWEEN 1129835 AND 1129935
	Bitmap Heap Scan on sbtest7  (cost=5.50..416.94 rows=104 width=125)
	  Recheck Cond: ((k >= 1129835) AND (k <= 1129935))
	  ->  Bitmap Index Scan on k_7  (cost=0.00..5.47 rows=104 width=0)
	        Index Cond: ((k >= 1129835) AND (k <= 1129935))

table 8 : explain SELECT k, c FROM sbtest8 WHERE k BETWEEN 1129835 AND 1129935
	Bitmap Heap Scan on sbtest8  (cost=5.43..389.37 rows=97 width=125)
	  Recheck Cond: ((k >= 1129835) AND (k <= 1129935))
	  ->  Bitmap Index Scan on k_8  (cost=0.00..5.40 rows=97 width=0)
	        Index Cond: ((k >= 1129835) AND (k <= 1129935))

explain: for range-notcovered :: explain SELECT k, c FROM sbtest%d WHERE k BETWEEN 1129835 AND 1129935
for range-notcovered
table 1 : explain SELECT k, c FROM sbtest1 WHERE k BETWEEN 2421311 AND 2421411
	Bitmap Heap Scan on sbtest1  (cost=5.39..373.61 rows=93 width=125)
	  Recheck Cond: ((k >= 2421311) AND (k <= 2421411))
	  ->  Bitmap Index Scan on k_1  (cost=0.00..5.36 rows=93 width=0)
	        Index Cond: ((k >= 2421311) AND (k <= 2421411))

table 2 : explain SELECT k, c FROM sbtest2 WHERE k BETWEEN 2421311 AND 2421411
	Bitmap Heap Scan on sbtest2  (cost=5.53..428.75 rows=107 width=125)
	  Recheck Cond: ((k >= 2421311) AND (k <= 2421411))
	  ->  Bitmap Index Scan on k_2  (cost=0.00..5.50 rows=107 width=0)
	        Index Cond: ((k >= 2421311) AND (k <= 2421411))

table 3 : explain SELECT k, c FROM sbtest3 WHERE k BETWEEN 2421311 AND 2421411
	Bitmap Heap Scan on sbtest3  (cost=5.38..369.67 rows=92 width=125)
	  Recheck Cond: ((k >= 2421311) AND (k <= 2421411))
	  ->  Bitmap Index Scan on k_3  (cost=0.00..5.35 rows=92 width=0)
	        Index Cond: ((k >= 2421311) AND (k <= 2421411))

table 4 : explain SELECT k, c FROM sbtest4 WHERE k BETWEEN 2421311 AND 2421411
	Bitmap Heap Scan on sbtest4  (cost=5.45..397.25 rows=99 width=125)
	  Recheck Cond: ((k >= 2421311) AND (k <= 2421411))
	  ->  Bitmap Index Scan on k_4  (cost=0.00..5.42 rows=99 width=0)
	        Index Cond: ((k >= 2421311) AND (k <= 2421411))

table 5 : explain SELECT k, c FROM sbtest5 WHERE k BETWEEN 2421311 AND 2421411
	Bitmap Heap Scan on sbtest5  (cost=5.49..413.00 rows=103 width=125)
	  Recheck Cond: ((k >= 2421311) AND (k <= 2421411))
	  ->  Bitmap Index Scan on k_5  (cost=0.00..5.46 rows=103 width=0)
	        Index Cond: ((k >= 2421311) AND (k <= 2421411))

table 6 : explain SELECT k, c FROM sbtest6 WHERE k BETWEEN 2421311 AND 2421411
	Bitmap Heap Scan on sbtest6  (cost=5.45..397.25 rows=99 width=125)
	  Recheck Cond: ((k >= 2421311) AND (k <= 2421411))
	  ->  Bitmap Index Scan on k_6  (cost=0.00..5.42 rows=99 width=0)
	        Index Cond: ((k >= 2421311) AND (k <= 2421411))

table 7 : explain SELECT k, c FROM sbtest7 WHERE k BETWEEN 2421311 AND 2421411
	Bitmap Heap Scan on sbtest7  (cost=5.51..420.88 rows=105 width=125)
	  Recheck Cond: ((k >= 2421311) AND (k <= 2421411))
	  ->  Bitmap Index Scan on k_7  (cost=0.00..5.48 rows=105 width=0)
	        Index Cond: ((k >= 2421311) AND (k <= 2421411))

table 8 : explain SELECT k, c FROM sbtest8 WHERE k BETWEEN 2421311 AND 2421411
	Bitmap Heap Scan on sbtest8  (cost=5.53..428.75 rows=107 width=125)
	  Recheck Cond: ((k >= 2421311) AND (k <= 2421411))
	  ->  Bitmap Index Scan on k_8  (cost=0.00..5.50 rows=107 width=0)
	        Index Cond: ((k >= 2421311) AND (k <= 2421411))

explain: for range-notcovered :: explain SELECT k, c FROM sbtest%d WHERE k BETWEEN 2421311 AND 2421411
for range-notcovered
table 1 : explain SELECT k, c FROM sbtest1 WHERE k BETWEEN 7579136 AND 7579236
	Bitmap Heap Scan on sbtest1  (cost=5.45..397.25 rows=99 width=125)
	  Recheck Cond: ((k >= 7579136) AND (k <= 7579236))
	  ->  Bitmap Index Scan on k_1  (cost=0.00..5.42 rows=99 width=0)
	        Index Cond: ((k >= 7579136) AND (k <= 7579236))

table 2 : explain SELECT k, c FROM sbtest2 WHERE k BETWEEN 7579136 AND 7579236
	Bitmap Heap Scan on sbtest2  (cost=5.51..420.88 rows=105 width=125)
	  Recheck Cond: ((k >= 7579136) AND (k <= 7579236))
	  ->  Bitmap Index Scan on k_2  (cost=0.00..5.48 rows=105 width=0)
	        Index Cond: ((k >= 7579136) AND (k <= 7579236))

table 3 : explain SELECT k, c FROM sbtest3 WHERE k BETWEEN 7579136 AND 7579236
	Bitmap Heap Scan on sbtest3  (cost=5.40..377.55 rows=94 width=125)
	  Recheck Cond: ((k >= 7579136) AND (k <= 7579236))
	  ->  Bitmap Index Scan on k_3  (cost=0.00..5.38 rows=94 width=0)
	        Index Cond: ((k >= 7579136) AND (k <= 7579236))

table 4 : explain SELECT k, c FROM sbtest4 WHERE k BETWEEN 7579136 AND 7579236
	Bitmap Heap Scan on sbtest4  (cost=5.44..393.31 rows=98 width=125)
	  Recheck Cond: ((k >= 7579136) AND (k <= 7579236))
	  ->  Bitmap Index Scan on k_4  (cost=0.00..5.42 rows=98 width=0)
	        Index Cond: ((k >= 7579136) AND (k <= 7579236))

table 5 : explain SELECT k, c FROM sbtest5 WHERE k BETWEEN 7579136 AND 7579236
	Bitmap Heap Scan on sbtest5  (cost=5.55..436.62 rows=109 width=125)
	  Recheck Cond: ((k >= 7579136) AND (k <= 7579236))
	  ->  Bitmap Index Scan on k_5  (cost=0.00..5.52 rows=109 width=0)
	        Index Cond: ((k >= 7579136) AND (k <= 7579236))

table 6 : explain SELECT k, c FROM sbtest6 WHERE k BETWEEN 7579136 AND 7579236
	Bitmap Heap Scan on sbtest6  (cost=5.43..389.37 rows=97 width=125)
	  Recheck Cond: ((k >= 7579136) AND (k <= 7579236))
	  ->  Bitmap Index Scan on k_6  (cost=0.00..5.40 rows=97 width=0)
	        Index Cond: ((k >= 7579136) AND (k <= 7579236))

table 7 : explain SELECT k, c FROM sbtest7 WHERE k BETWEEN 7579136 AND 7579236
	Bitmap Heap Scan on sbtest7  (cost=5.45..397.25 rows=99 width=125)
	  Recheck Cond: ((k >= 7579136) AND (k <= 7579236))
	  ->  Bitmap Index Scan on k_7  (cost=0.00..5.42 rows=99 width=0)
	        Index Cond: ((k >= 7579136) AND (k <= 7579236))

table 8 : explain SELECT k, c FROM sbtest8 WHERE k BETWEEN 7579136 AND 7579236
	Bitmap Heap Scan on sbtest8  (cost=5.46..401.19 rows=100 width=125)
	  Recheck Cond: ((k >= 7579136) AND (k <= 7579236))
	  ->  Bitmap Index Scan on k_8  (cost=0.00..5.43 rows=100 width=0)
	        Index Cond: ((k >= 7579136) AND (k <= 7579236))

for range-notcovered
table 1 : explain SELECT k, c FROM sbtest1 WHERE k BETWEEN 7491201 AND 7491301
	Bitmap Heap Scan on sbtest1  (cost=5.45..397.25 rows=99 width=125)
	  Recheck Cond: ((k >= 7491201) AND (k <= 7491301))
	  ->  Bitmap Index Scan on k_1  (cost=0.00..5.42 rows=99 width=0)
	        Index Cond: ((k >= 7491201) AND (k <= 7491301))

table 2 : explain SELECT k, c FROM sbtest2 WHERE k BETWEEN 7491201 AND 7491301
	Bitmap Heap Scan on sbtest2  (cost=5.54..432.69 rows=108 width=125)
	  Recheck Cond: ((k >= 7491201) AND (k <= 7491301))
	  ->  Bitmap Index Scan on k_2  (cost=0.00..5.51 rows=108 width=0)
	        Index Cond: ((k >= 7491201) AND (k <= 7491301))

table 3 : explain SELECT k, c FROM sbtest3 WHERE k BETWEEN 7491201 AND 7491301
	Bitmap Heap Scan on sbtest3  (cost=5.40..377.55 rows=94 width=125)
	  Recheck Cond: ((k >= 7491201) AND (k <= 7491301))
	  ->  Bitmap Index Scan on k_3  (cost=0.00..5.38 rows=94 width=0)
	        Index Cond: ((k >= 7491201) AND (k <= 7491301))

table 4 : explain SELECT k, c FROM sbtest4 WHERE k BETWEEN 7491201 AND 7491301
	Bitmap Heap Scan on sbtest4  (cost=5.37..365.72 rows=91 width=125)
	  Recheck Cond: ((k >= 7491201) AND (k <= 7491301))
	  ->  Bitmap Index Scan on k_4  (cost=0.00..5.34 rows=91 width=0)
	        Index Cond: ((k >= 7491201) AND (k <= 7491301))

table 5 : explain SELECT k, c FROM sbtest5 WHERE k BETWEEN 7491201 AND 7491301
	Bitmap Heap Scan on sbtest5  (cost=5.50..416.94 rows=104 width=125)
	  Recheck Cond: ((k >= 7491201) AND (k <= 7491301))
	  ->  Bitmap Index Scan on k_5  (cost=0.00..5.47 rows=104 width=0)
	        Index Cond: ((k >= 7491201) AND (k <= 7491301))

table 6 : explain SELECT k, c FROM sbtest6 WHERE k BETWEEN 7491201 AND 7491301
	Bitmap Heap Scan on sbtest6  (cost=5.48..409.07 rows=102 width=125)
	  Recheck Cond: ((k >= 7491201) AND (k <= 7491301))
	  ->  Bitmap Index Scan on k_6  (cost=0.00..5.45 rows=102 width=0)
	        Index Cond: ((k >= 7491201) AND (k <= 7491301))

table 7 : explain SELECT k, c FROM sbtest7 WHERE k BETWEEN 7491201 AND 7491301
	Bitmap Heap Scan on sbtest7  (cost=5.45..397.25 rows=99 width=125)
	  Recheck Cond: ((k >= 7491201) AND (k <= 7491301))
	  ->  Bitmap Index Scan on k_7  (cost=0.00..5.42 rows=99 width=0)
	        Index Cond: ((k >= 7491201) AND (k <= 7491301))

table 8 : explain SELECT k, c FROM sbtest8 WHERE k BETWEEN 7491201 AND 7491301
	Bitmap Heap Scan on sbtest8  (cost=5.43..389.37 rows=97 width=125)
	  Recheck Cond: ((k >= 7491201) AND (k <= 7491301))
	  ->  Bitmap Index Scan on k_8  (cost=0.00..5.40 rows=97 width=0)
	        Index Cond: ((k >= 7491201) AND (k <= 7491301))

explain: for range-notcovered :: explain SELECT k, c FROM sbtest%d WHERE k BETWEEN 7491201 AND 7491301
for range-notcovered
table 1 : explain SELECT k, c FROM sbtest1 WHERE k BETWEEN 4841463 AND 4841563
	Bitmap Heap Scan on sbtest1  (cost=5.48..409.07 rows=102 width=125)
	  Recheck Cond: ((k >= 4841463) AND (k <= 4841563))
	  ->  Bitmap Index Scan on k_1  (cost=0.00..5.45 rows=102 width=0)
	        Index Cond: ((k >= 4841463) AND (k <= 4841563))

table 2 : explain SELECT k, c FROM sbtest2 WHERE k BETWEEN 4841463 AND 4841563
	Bitmap Heap Scan on sbtest2  (cost=5.38..369.67 rows=92 width=125)
	  Recheck Cond: ((k >= 4841463) AND (k <= 4841563))
	  ->  Bitmap Index Scan on k_2  (cost=0.00..5.35 rows=92 width=0)
	        Index Cond: ((k >= 4841463) AND (k <= 4841563))

table 3 : explain SELECT k, c FROM sbtest3 WHERE k BETWEEN 4841463 AND 4841563
	Bitmap Heap Scan on sbtest3  (cost=5.47..405.13 rows=101 width=125)
	  Recheck Cond: ((k >= 4841463) AND (k <= 4841563))
	  ->  Bitmap Index Scan on k_3  (cost=0.00..5.44 rows=101 width=0)
	        Index Cond: ((k >= 4841463) AND (k <= 4841563))

table 4 : explain SELECT k, c FROM sbtest4 WHERE k BETWEEN 4841463 AND 4841563
	Bitmap Heap Scan on sbtest4  (cost=5.46..401.19 rows=100 width=125)
	  Recheck Cond: ((k >= 4841463) AND (k <= 4841563))
	  ->  Bitmap Index Scan on k_4  (cost=0.00..5.43 rows=100 width=0)
	        Index Cond: ((k >= 4841463) AND (k <= 4841563))

table 5 : explain SELECT k, c FROM sbtest5 WHERE k BETWEEN 4841463 AND 4841563
	Bitmap Heap Scan on sbtest5  (cost=5.39..373.61 rows=93 width=125)
	  Recheck Cond: ((k >= 4841463) AND (k <= 4841563))
	  ->  Bitmap Index Scan on k_5  (cost=0.00..5.36 rows=93 width=0)
	        Index Cond: ((k >= 4841463) AND (k <= 4841563))

table 6 : explain SELECT k, c FROM sbtest6 WHERE k BETWEEN 4841463 AND 4841563
	Bitmap Heap Scan on sbtest6  (cost=5.51..420.88 rows=105 width=125)
	  Recheck Cond: ((k >= 4841463) AND (k <= 4841563))
	  ->  Bitmap Index Scan on k_6  (cost=0.00..5.48 rows=105 width=0)
	        Index Cond: ((k >= 4841463) AND (k <= 4841563))

table 7 : explain SELECT k, c FROM sbtest7 WHERE k BETWEEN 4841463 AND 4841563
	Bitmap Heap Scan on sbtest7  (cost=5.47..405.13 rows=101 width=125)
	  Recheck Cond: ((k >= 4841463) AND (k <= 4841563))
	  ->  Bitmap Index Scan on k_7  (cost=0.00..5.44 rows=101 width=0)
	        Index Cond: ((k >= 4841463) AND (k <= 4841563))

table 8 : explain SELECT k, c FROM sbtest8 WHERE k BETWEEN 4841463 AND 4841563
	Bitmap Heap Scan on sbtest8  (cost=5.54..432.69 rows=108 width=125)
	  Recheck Cond: ((k >= 4841463) AND (k <= 4841563))
	  ->  Bitmap Index Scan on k_8  (cost=0.00..5.51 rows=108 width=0)
	        Index Cond: ((k >= 4841463) AND (k <= 4841563))

for range-notcovered
table 1 : explain SELECT k, c FROM sbtest1 WHERE k BETWEEN 5579846 AND 5579946
	Bitmap Heap Scan on sbtest1  (cost=5.45..397.25 rows=99 width=125)
	  Recheck Cond: ((k >= 5579846) AND (k <= 5579946))
	  ->  Bitmap Index Scan on k_1  (cost=0.00..5.42 rows=99 width=0)
	        Index Cond: ((k >= 5579846) AND (k <= 5579946))

table 2 : explain SELECT k, c FROM sbtest2 WHERE k BETWEEN 5579846 AND 5579946
	Bitmap Heap Scan on sbtest2  (cost=5.39..373.61 rows=93 width=125)
	  Recheck Cond: ((k >= 5579846) AND (k <= 5579946))
	  ->  Bitmap Index Scan on k_2  (cost=0.00..5.36 rows=93 width=0)
	        Index Cond: ((k >= 5579846) AND (k <= 5579946))

table 3 : explain SELECT k, c FROM sbtest3 WHERE k BETWEEN 5579846 AND 5579946
	Bitmap Heap Scan on sbtest3  (cost=5.47..405.13 rows=101 width=125)
	  Recheck Cond: ((k >= 5579846) AND (k <= 5579946))
	  ->  Bitmap Index Scan on k_3  (cost=0.00..5.44 rows=101 width=0)
	        Index Cond: ((k >= 5579846) AND (k <= 5579946))

table 4 : explain SELECT k, c FROM sbtest4 WHERE k BETWEEN 5579846 AND 5579946
	Bitmap Heap Scan on sbtest4  (cost=5.49..413.00 rows=103 width=125)
	  Recheck Cond: ((k >= 5579846) AND (k <= 5579946))
	  ->  Bitmap Index Scan on k_4  (cost=0.00..5.46 rows=103 width=0)
	        Index Cond: ((k >= 5579846) AND (k <= 5579946))

table 5 : explain SELECT k, c FROM sbtest5 WHERE k BETWEEN 5579846 AND 5579946
	Bitmap Heap Scan on sbtest5  (cost=5.52..424.81 rows=106 width=125)
	  Recheck Cond: ((k >= 5579846) AND (k <= 5579946))
	  ->  Bitmap Index Scan on k_5  (cost=0.00..5.50 rows=106 width=0)
	        Index Cond: ((k >= 5579846) AND (k <= 5579946))

table 6 : explain SELECT k, c FROM sbtest6 WHERE k BETWEEN 5579846 AND 5579946
	Bitmap Heap Scan on sbtest6  (cost=5.60..456.29 rows=114 width=125)
	  Recheck Cond: ((k >= 5579846) AND (k <= 5579946))
	  ->  Bitmap Index Scan on k_6  (cost=0.00..5.58 rows=114 width=0)
	        Index Cond: ((k >= 5579846) AND (k <= 5579946))

table 7 : explain SELECT k, c FROM sbtest7 WHERE k BETWEEN 5579846 AND 5579946
	Bitmap Heap Scan on sbtest7  (cost=5.53..428.75 rows=107 width=125)
	  Recheck Cond: ((k >= 5579846) AND (k <= 5579946))
	  ->  Bitmap Index Scan on k_7  (cost=0.00..5.50 rows=107 width=0)
	        Index Cond: ((k >= 5579846) AND (k <= 5579946))

table 8 : explain SELECT k, c FROM sbtest8 WHERE k BETWEEN 5579846 AND 5579946
	Bitmap Heap Scan on sbtest8  (cost=5.56..440.56 rows=110 width=125)
	  Recheck Cond: ((k >= 5579846) AND (k <= 5579946))
	  ->  Bitmap Index Scan on k_8  (cost=0.00..5.53 rows=110 width=0)
	        Index Cond: ((k >= 5579846) AND (k <= 5579946))

explain: for range-notcovered :: explain SELECT k, c FROM sbtest%d WHERE k BETWEEN 7579136 AND 7579236
explain: for range-notcovered :: explain SELECT k, c FROM sbtest%d WHERE k BETWEEN 5579846 AND 5579946
explain: for range-notcovered :: explain SELECT k, c FROM sbtest%d WHERE k BETWEEN 4841463 AND 4841563
for range-notcovered
table 1 : explain SELECT k, c FROM sbtest1 WHERE k BETWEEN 2421311 AND 2421411
	Bitmap Heap Scan on sbtest1  (cost=5.39..373.61 rows=93 width=125)
	  Recheck Cond: ((k >= 2421311) AND (k <= 2421411))
	  ->  Bitmap Index Scan on k_1  (cost=0.00..5.36 rows=93 width=0)
	        Index Cond: ((k >= 2421311) AND (k <= 2421411))

table 2 : explain SELECT k, c FROM sbtest2 WHERE k BETWEEN 2421311 AND 2421411
	Bitmap Heap Scan on sbtest2  (cost=5.53..428.75 rows=107 width=125)
	  Recheck Cond: ((k >= 2421311) AND (k <= 2421411))
	  ->  Bitmap Index Scan on k_2  (cost=0.00..5.50 rows=107 width=0)
	        Index Cond: ((k >= 2421311) AND (k <= 2421411))

table 3 : explain SELECT k, c FROM sbtest3 WHERE k BETWEEN 2421311 AND 2421411
	Bitmap Heap Scan on sbtest3  (cost=5.38..369.67 rows=92 width=125)
	  Recheck Cond: ((k >= 2421311) AND (k <= 2421411))
	  ->  Bitmap Index Scan on k_3  (cost=0.00..5.35 rows=92 width=0)
	        Index Cond: ((k >= 2421311) AND (k <= 2421411))

table 4 : explain SELECT k, c FROM sbtest4 WHERE k BETWEEN 2421311 AND 2421411
	Bitmap Heap Scan on sbtest4  (cost=5.45..397.25 rows=99 width=125)
	  Recheck Cond: ((k >= 2421311) AND (k <= 2421411))
	  ->  Bitmap Index Scan on k_4  (cost=0.00..5.42 rows=99 width=0)
	        Index Cond: ((k >= 2421311) AND (k <= 2421411))

table 5 : explain SELECT k, c FROM sbtest5 WHERE k BETWEEN 2421311 AND 2421411
	Bitmap Heap Scan on sbtest5  (cost=5.49..413.00 rows=103 width=125)
	  Recheck Cond: ((k >= 2421311) AND (k <= 2421411))
	  ->  Bitmap Index Scan on k_5  (cost=0.00..5.46 rows=103 width=0)
	        Index Cond: ((k >= 2421311) AND (k <= 2421411))

table 6 : explain SELECT k, c FROM sbtest6 WHERE k BETWEEN 2421311 AND 2421411
	Bitmap Heap Scan on sbtest6  (cost=5.45..397.25 rows=99 width=125)
	  Recheck Cond: ((k >= 2421311) AND (k <= 2421411))
	  ->  Bitmap Index Scan on k_6  (cost=0.00..5.42 rows=99 width=0)
	        Index Cond: ((k >= 2421311) AND (k <= 2421411))

table 7 : explain SELECT k, c FROM sbtest7 WHERE k BETWEEN 2421311 AND 2421411
	Bitmap Heap Scan on sbtest7  (cost=5.51..420.88 rows=105 width=125)
	  Recheck Cond: ((k >= 2421311) AND (k <= 2421411))
	  ->  Bitmap Index Scan on k_7  (cost=0.00..5.48 rows=105 width=0)
	        Index Cond: ((k >= 2421311) AND (k <= 2421411))

table 8 : explain SELECT k, c FROM sbtest8 WHERE k BETWEEN 2421311 AND 2421411
	Bitmap Heap Scan on sbtest8  (cost=5.53..428.75 rows=107 width=125)
	  Recheck Cond: ((k >= 2421311) AND (k <= 2421411))
	  ->  Bitmap Index Scan on k_8  (cost=0.00..5.50 rows=107 width=0)
	        Index Cond: ((k >= 2421311) AND (k <= 2421411))

for range-notcovered
table 1 : explain SELECT k, c FROM sbtest1 WHERE k BETWEEN 5579846 AND 5579946
	Bitmap Heap Scan on sbtest1  (cost=5.45..397.25 rows=99 width=125)
	  Recheck Cond: ((k >= 5579846) AND (k <= 5579946))
	  ->  Bitmap Index Scan on k_1  (cost=0.00..5.42 rows=99 width=0)
	        Index Cond: ((k >= 5579846) AND (k <= 5579946))

table 2 : explain SELECT k, c FROM sbtest2 WHERE k BETWEEN 5579846 AND 5579946
	Bitmap Heap Scan on sbtest2  (cost=5.39..373.61 rows=93 width=125)
	  Recheck Cond: ((k >= 5579846) AND (k <= 5579946))
	  ->  Bitmap Index Scan on k_2  (cost=0.00..5.36 rows=93 width=0)
	        Index Cond: ((k >= 5579846) AND (k <= 5579946))

table 3 : explain SELECT k, c FROM sbtest3 WHERE k BETWEEN 5579846 AND 5579946
	Bitmap Heap Scan on sbtest3  (cost=5.47..405.13 rows=101 width=125)
	  Recheck Cond: ((k >= 5579846) AND (k <= 5579946))
	  ->  Bitmap Index Scan on k_3  (cost=0.00..5.44 rows=101 width=0)
	        Index Cond: ((k >= 5579846) AND (k <= 5579946))

table 4 : explain SELECT k, c FROM sbtest4 WHERE k BETWEEN 5579846 AND 5579946
	Bitmap Heap Scan on sbtest4  (cost=5.49..413.00 rows=103 width=125)
	  Recheck Cond: ((k >= 5579846) AND (k <= 5579946))
	  ->  Bitmap Index Scan on k_4  (cost=0.00..5.46 rows=103 width=0)
	        Index Cond: ((k >= 5579846) AND (k <= 5579946))

table 5 : explain SELECT k, c FROM sbtest5 WHERE k BETWEEN 5579846 AND 5579946
	Bitmap Heap Scan on sbtest5  (cost=5.52..424.81 rows=106 width=125)
	  Recheck Cond: ((k >= 5579846) AND (k <= 5579946))
	  ->  Bitmap Index Scan on k_5  (cost=0.00..5.50 rows=106 width=0)
	        Index Cond: ((k >= 5579846) AND (k <= 5579946))

table 6 : explain SELECT k, c FROM sbtest6 WHERE k BETWEEN 5579846 AND 5579946
	Bitmap Heap Scan on sbtest6  (cost=5.60..456.29 rows=114 width=125)
	  Recheck Cond: ((k >= 5579846) AND (k <= 5579946))
	  ->  Bitmap Index Scan on k_6  (cost=0.00..5.58 rows=114 width=0)
	        Index Cond: ((k >= 5579846) AND (k <= 5579946))

table 7 : explain SELECT k, c FROM sbtest7 WHERE k BETWEEN 5579846 AND 5579946
	Bitmap Heap Scan on sbtest7  (cost=5.53..428.75 rows=107 width=125)
	  Recheck Cond: ((k >= 5579846) AND (k <= 5579946))
	  ->  Bitmap Index Scan on k_7  (cost=0.00..5.50 rows=107 width=0)
	        Index Cond: ((k >= 5579846) AND (k <= 5579946))

table 8 : explain SELECT k, c FROM sbtest8 WHERE k BETWEEN 5579846 AND 5579946
	Bitmap Heap Scan on sbtest8  (cost=5.56..440.56 rows=110 width=125)
	  Recheck Cond: ((k >= 5579846) AND (k <= 5579946))
	  ->  Bitmap Index Scan on k_8  (cost=0.00..5.53 rows=110 width=0)
	        Index Cond: ((k >= 5579846) AND (k <= 5579946))

explain: for range-notcovered :: explain SELECT k, c FROM sbtest%d WHERE k BETWEEN 5579846 AND 5579946
explain: for range-notcovered :: explain SELECT k, c FROM sbtest%d WHERE k BETWEEN 6208696 AND 6208796
for range-notcovered
table 1 : explain SELECT k, c FROM sbtest1 WHERE k BETWEEN 1129835 AND 1129935
	Bitmap Heap Scan on sbtest1  (cost=5.51..420.88 rows=105 width=125)
	  Recheck Cond: ((k >= 1129835) AND (k <= 1129935))
	  ->  Bitmap Index Scan on k_1  (cost=0.00..5.48 rows=105 width=0)
	        Index Cond: ((k >= 1129835) AND (k <= 1129935))

table 2 : explain SELECT k, c FROM sbtest2 WHERE k BETWEEN 1129835 AND 1129935
	Bitmap Heap Scan on sbtest2  (cost=5.49..413.00 rows=103 width=125)
	  Recheck Cond: ((k >= 1129835) AND (k <= 1129935))
	  ->  Bitmap Index Scan on k_2  (cost=0.00..5.46 rows=103 width=0)
	        Index Cond: ((k >= 1129835) AND (k <= 1129935))

table 3 : explain SELECT k, c FROM sbtest3 WHERE k BETWEEN 1129835 AND 1129935
	Bitmap Heap Scan on sbtest3  (cost=5.49..413.00 rows=103 width=125)
	  Recheck Cond: ((k >= 1129835) AND (k <= 1129935))
	  ->  Bitmap Index Scan on k_3  (cost=0.00..5.46 rows=103 width=0)
	        Index Cond: ((k >= 1129835) AND (k <= 1129935))

table 4 : explain SELECT k, c FROM sbtest4 WHERE k BETWEEN 1129835 AND 1129935
	Bitmap Heap Scan on sbtest4  (cost=5.46..401.19 rows=100 width=125)
	  Recheck Cond: ((k >= 1129835) AND (k <= 1129935))
	  ->  Bitmap Index Scan on k_4  (cost=0.00..5.43 rows=100 width=0)
	        Index Cond: ((k >= 1129835) AND (k <= 1129935))

table 5 : explain SELECT k, c FROM sbtest5 WHERE k BETWEEN 1129835 AND 1129935
	Bitmap Heap Scan on sbtest5  (cost=5.46..401.19 rows=100 width=125)
	  Recheck Cond: ((k >= 1129835) AND (k <= 1129935))
	  ->  Bitmap Index Scan on k_5  (cost=0.00..5.43 rows=100 width=0)
	        Index Cond: ((k >= 1129835) AND (k <= 1129935))

table 6 : explain SELECT k, c FROM sbtest6 WHERE k BETWEEN 1129835 AND 1129935
	Bitmap Heap Scan on sbtest6  (cost=5.42..385.43 rows=96 width=125)
	  Recheck Cond: ((k >= 1129835) AND (k <= 1129935))
	  ->  Bitmap Index Scan on k_6  (cost=0.00..5.39 rows=96 width=0)
	        Index Cond: ((k >= 1129835) AND (k <= 1129935))

table 7 : explain SELECT k, c FROM sbtest7 WHERE k BETWEEN 1129835 AND 1129935
	Bitmap Heap Scan on sbtest7  (cost=5.50..416.94 rows=104 width=125)
	  Recheck Cond: ((k >= 1129835) AND (k <= 1129935))
	  ->  Bitmap Index Scan on k_7  (cost=0.00..5.47 rows=104 width=0)
	        Index Cond: ((k >= 1129835) AND (k <= 1129935))

table 8 : explain SELECT k, c FROM sbtest8 WHERE k BETWEEN 1129835 AND 1129935
	Bitmap Heap Scan on sbtest8  (cost=5.43..389.37 rows=97 width=125)
	  Recheck Cond: ((k >= 1129835) AND (k <= 1129935))
	  ->  Bitmap Index Scan on k_8  (cost=0.00..5.40 rows=97 width=0)
	        Index Cond: ((k >= 1129835) AND (k <= 1129935))

explain: for range-notcovered :: explain SELECT k, c FROM sbtest%d WHERE k BETWEEN 2421311 AND 2421411
explain: for range-notcovered :: explain SELECT k, c FROM sbtest%d WHERE k BETWEEN 1129835 AND 1129935
for range-notcovered
table 1 : explain SELECT k, c FROM sbtest1 WHERE k BETWEEN 5579846 AND 5579946
	Bitmap Heap Scan on sbtest1  (cost=5.45..397.25 rows=99 width=125)
	  Recheck Cond: ((k >= 5579846) AND (k <= 5579946))
	  ->  Bitmap Index Scan on k_1  (cost=0.00..5.42 rows=99 width=0)
	        Index Cond: ((k >= 5579846) AND (k <= 5579946))

table 2 : explain SELECT k, c FROM sbtest2 WHERE k BETWEEN 5579846 AND 5579946
	Bitmap Heap Scan on sbtest2  (cost=5.39..373.61 rows=93 width=125)
	  Recheck Cond: ((k >= 5579846) AND (k <= 5579946))
	  ->  Bitmap Index Scan on k_2  (cost=0.00..5.36 rows=93 width=0)
	        Index Cond: ((k >= 5579846) AND (k <= 5579946))

table 3 : explain SELECT k, c FROM sbtest3 WHERE k BETWEEN 5579846 AND 5579946
	Bitmap Heap Scan on sbtest3  (cost=5.47..405.13 rows=101 width=125)
	  Recheck Cond: ((k >= 5579846) AND (k <= 5579946))
	  ->  Bitmap Index Scan on k_3  (cost=0.00..5.44 rows=101 width=0)
	        Index Cond: ((k >= 5579846) AND (k <= 5579946))

table 4 : explain SELECT k, c FROM sbtest4 WHERE k BETWEEN 5579846 AND 5579946
	Bitmap Heap Scan on sbtest4  (cost=5.49..413.00 rows=103 width=125)
	  Recheck Cond: ((k >= 5579846) AND (k <= 5579946))
	  ->  Bitmap Index Scan on k_4  (cost=0.00..5.46 rows=103 width=0)
	        Index Cond: ((k >= 5579846) AND (k <= 5579946))

table 5 : explain SELECT k, c FROM sbtest5 WHERE k BETWEEN 5579846 AND 5579946
	Bitmap Heap Scan on sbtest5  (cost=5.52..424.81 rows=106 width=125)
	  Recheck Cond: ((k >= 5579846) AND (k <= 5579946))
	  ->  Bitmap Index Scan on k_5  (cost=0.00..5.50 rows=106 width=0)
	        Index Cond: ((k >= 5579846) AND (k <= 5579946))

table 6 : explain SELECT k, c FROM sbtest6 WHERE k BETWEEN 5579846 AND 5579946
	Bitmap Heap Scan on sbtest6  (cost=5.60..456.29 rows=114 width=125)
	  Recheck Cond: ((k >= 5579846) AND (k <= 5579946))
	  ->  Bitmap Index Scan on k_6  (cost=0.00..5.58 rows=114 width=0)
	        Index Cond: ((k >= 5579846) AND (k <= 5579946))

table 7 : explain SELECT k, c FROM sbtest7 WHERE k BETWEEN 5579846 AND 5579946
	Bitmap Heap Scan on sbtest7  (cost=5.53..428.75 rows=107 width=125)
	  Recheck Cond: ((k >= 5579846) AND (k <= 5579946))
	  ->  Bitmap Index Scan on k_7  (cost=0.00..5.50 rows=107 width=0)
	        Index Cond: ((k >= 5579846) AND (k <= 5579946))

table 8 : explain SELECT k, c FROM sbtest8 WHERE k BETWEEN 5579846 AND 5579946
	Bitmap Heap Scan on sbtest8  (cost=5.56..440.56 rows=110 width=125)
	  Recheck Cond: ((k >= 5579846) AND (k <= 5579946))
	  ->  Bitmap Index Scan on k_8  (cost=0.00..5.53 rows=110 width=0)
	        Index Cond: ((k >= 5579846) AND (k <= 5579946))

for range-notcovered
table 1 : explain SELECT k, c FROM sbtest1 WHERE k BETWEEN 7491201 AND 7491301
	Bitmap Heap Scan on sbtest1  (cost=5.45..397.25 rows=99 width=125)
	  Recheck Cond: ((k >= 7491201) AND (k <= 7491301))
	  ->  Bitmap Index Scan on k_1  (cost=0.00..5.42 rows=99 width=0)
	        Index Cond: ((k >= 7491201) AND (k <= 7491301))

table 2 : explain SELECT k, c FROM sbtest2 WHERE k BETWEEN 7491201 AND 7491301
	Bitmap Heap Scan on sbtest2  (cost=5.54..432.69 rows=108 width=125)
	  Recheck Cond: ((k >= 7491201) AND (k <= 7491301))
	  ->  Bitmap Index Scan on k_2  (cost=0.00..5.51 rows=108 width=0)
	        Index Cond: ((k >= 7491201) AND (k <= 7491301))

table 3 : explain SELECT k, c FROM sbtest3 WHERE k BETWEEN 7491201 AND 7491301
	Bitmap Heap Scan on sbtest3  (cost=5.40..377.55 rows=94 width=125)
	  Recheck Cond: ((k >= 7491201) AND (k <= 7491301))
	  ->  Bitmap Index Scan on k_3  (cost=0.00..5.38 rows=94 width=0)
	        Index Cond: ((k >= 7491201) AND (k <= 7491301))

table 4 : explain SELECT k, c FROM sbtest4 WHERE k BETWEEN 7491201 AND 7491301
	Bitmap Heap Scan on sbtest4  (cost=5.37..365.72 rows=91 width=125)
	  Recheck Cond: ((k >= 7491201) AND (k <= 7491301))
	  ->  Bitmap Index Scan on k_4  (cost=0.00..5.34 rows=91 width=0)
	        Index Cond: ((k >= 7491201) AND (k <= 7491301))

table 5 : explain SELECT k, c FROM sbtest5 WHERE k BETWEEN 7491201 AND 7491301
	Bitmap Heap Scan on sbtest5  (cost=5.50..416.94 rows=104 width=125)
	  Recheck Cond: ((k >= 7491201) AND (k <= 7491301))
	  ->  Bitmap Index Scan on k_5  (cost=0.00..5.47 rows=104 width=0)
	        Index Cond: ((k >= 7491201) AND (k <= 7491301))

table 6 : explain SELECT k, c FROM sbtest6 WHERE k BETWEEN 7491201 AND 7491301
	Bitmap Heap Scan on sbtest6  (cost=5.48..409.07 rows=102 width=125)
	  Recheck Cond: ((k >= 7491201) AND (k <= 7491301))
	  ->  Bitmap Index Scan on k_6  (cost=0.00..5.45 rows=102 width=0)
	        Index Cond: ((k >= 7491201) AND (k <= 7491301))

table 7 : explain SELECT k, c FROM sbtest7 WHERE k BETWEEN 7491201 AND 7491301
	Bitmap Heap Scan on sbtest7  (cost=5.45..397.25 rows=99 width=125)
	  Recheck Cond: ((k >= 7491201) AND (k <= 7491301))
	  ->  Bitmap Index Scan on k_7  (cost=0.00..5.42 rows=99 width=0)
	        Index Cond: ((k >= 7491201) AND (k <= 7491301))

table 8 : explain SELECT k, c FROM sbtest8 WHERE k BETWEEN 7491201 AND 7491301
	Bitmap Heap Scan on sbtest8  (cost=5.43..389.37 rows=97 width=125)
	  Recheck Cond: ((k >= 7491201) AND (k <= 7491301))
	  ->  Bitmap Index Scan on k_8  (cost=0.00..5.40 rows=97 width=0)
	        Index Cond: ((k >= 7491201) AND (k <= 7491301))

explain: for range-notcovered :: explain SELECT k, c FROM sbtest%d WHERE k BETWEEN 7491201 AND 7491301
explain: for range-notcovered :: explain SELECT k, c FROM sbtest%d WHERE k BETWEEN 5579846 AND 5579946
explain: for range-notcovered :: explain SELECT k, c FROM sbtest%d WHERE k BETWEEN 4097006 AND 4097106
for range-notcovered
table 1 : explain SELECT k, c FROM sbtest1 WHERE k BETWEEN 1129835 AND 1129935
	Bitmap Heap Scan on sbtest1  (cost=5.51..420.88 rows=105 width=125)
	  Recheck Cond: ((k >= 1129835) AND (k <= 1129935))
	  ->  Bitmap Index Scan on k_1  (cost=0.00..5.48 rows=105 width=0)
	        Index Cond: ((k >= 1129835) AND (k <= 1129935))

table 2 : explain SELECT k, c FROM sbtest2 WHERE k BETWEEN 1129835 AND 1129935
	Bitmap Heap Scan on sbtest2  (cost=5.49..413.00 rows=103 width=125)
	  Recheck Cond: ((k >= 1129835) AND (k <= 1129935))
	  ->  Bitmap Index Scan on k_2  (cost=0.00..5.46 rows=103 width=0)
	        Index Cond: ((k >= 1129835) AND (k <= 1129935))

table 3 : explain SELECT k, c FROM sbtest3 WHERE k BETWEEN 1129835 AND 1129935
	Bitmap Heap Scan on sbtest3  (cost=5.49..413.00 rows=103 width=125)
	  Recheck Cond: ((k >= 1129835) AND (k <= 1129935))
	  ->  Bitmap Index Scan on k_3  (cost=0.00..5.46 rows=103 width=0)
	        Index Cond: ((k >= 1129835) AND (k <= 1129935))

table 4 : explain SELECT k, c FROM sbtest4 WHERE k BETWEEN 1129835 AND 1129935
	Bitmap Heap Scan on sbtest4  (cost=5.46..401.19 rows=100 width=125)
	  Recheck Cond: ((k >= 1129835) AND (k <= 1129935))
	  ->  Bitmap Index Scan on k_4  (cost=0.00..5.43 rows=100 width=0)
	        Index Cond: ((k >= 1129835) AND (k <= 1129935))

table 5 : explain SELECT k, c FROM sbtest5 WHERE k BETWEEN 1129835 AND 1129935
	Bitmap Heap Scan on sbtest5  (cost=5.46..401.19 rows=100 width=125)
	  Recheck Cond: ((k >= 1129835) AND (k <= 1129935))
	  ->  Bitmap Index Scan on k_5  (cost=0.00..5.43 rows=100 width=0)
	        Index Cond: ((k >= 1129835) AND (k <= 1129935))

table 6 : explain SELECT k, c FROM sbtest6 WHERE k BETWEEN 1129835 AND 1129935
	Bitmap Heap Scan on sbtest6  (cost=5.42..385.43 rows=96 width=125)
	  Recheck Cond: ((k >= 1129835) AND (k <= 1129935))
	  ->  Bitmap Index Scan on k_6  (cost=0.00..5.39 rows=96 width=0)
	        Index Cond: ((k >= 1129835) AND (k <= 1129935))

table 7 : explain SELECT k, c FROM sbtest7 WHERE k BETWEEN 1129835 AND 1129935
	Bitmap Heap Scan on sbtest7  (cost=5.50..416.94 rows=104 width=125)
	  Recheck Cond: ((k >= 1129835) AND (k <= 1129935))
	  ->  Bitmap Index Scan on k_7  (cost=0.00..5.47 rows=104 width=0)
	        Index Cond: ((k >= 1129835) AND (k <= 1129935))

table 8 : explain SELECT k, c FROM sbtest8 WHERE k BETWEEN 1129835 AND 1129935
	Bitmap Heap Scan on sbtest8  (cost=5.43..389.37 rows=97 width=125)
	  Recheck Cond: ((k >= 1129835) AND (k <= 1129935))
	  ->  Bitmap Index Scan on k_8  (cost=0.00..5.40 rows=97 width=0)
	        Index Cond: ((k >= 1129835) AND (k <= 1129935))

explain: for range-notcovered :: explain SELECT k, c FROM sbtest%d WHERE k BETWEEN 1129835 AND 1129935
for range-notcovered
table 1 : explain SELECT k, c FROM sbtest1 WHERE k BETWEEN 2421311 AND 2421411
	Bitmap Heap Scan on sbtest1  (cost=5.39..373.61 rows=93 width=125)
	  Recheck Cond: ((k >= 2421311) AND (k <= 2421411))
	  ->  Bitmap Index Scan on k_1  (cost=0.00..5.36 rows=93 width=0)
	        Index Cond: ((k >= 2421311) AND (k <= 2421411))

table 2 : explain SELECT k, c FROM sbtest2 WHERE k BETWEEN 2421311 AND 2421411
	Bitmap Heap Scan on sbtest2  (cost=5.53..428.75 rows=107 width=125)
	  Recheck Cond: ((k >= 2421311) AND (k <= 2421411))
	  ->  Bitmap Index Scan on k_2  (cost=0.00..5.50 rows=107 width=0)
	        Index Cond: ((k >= 2421311) AND (k <= 2421411))

table 3 : explain SELECT k, c FROM sbtest3 WHERE k BETWEEN 2421311 AND 2421411
	Bitmap Heap Scan on sbtest3  (cost=5.38..369.67 rows=92 width=125)
	  Recheck Cond: ((k >= 2421311) AND (k <= 2421411))
	  ->  Bitmap Index Scan on k_3  (cost=0.00..5.35 rows=92 width=0)
	        Index Cond: ((k >= 2421311) AND (k <= 2421411))

table 4 : explain SELECT k, c FROM sbtest4 WHERE k BETWEEN 2421311 AND 2421411
	Bitmap Heap Scan on sbtest4  (cost=5.45..397.25 rows=99 width=125)
	  Recheck Cond: ((k >= 2421311) AND (k <= 2421411))
	  ->  Bitmap Index Scan on k_4  (cost=0.00..5.42 rows=99 width=0)
	        Index Cond: ((k >= 2421311) AND (k <= 2421411))

table 5 : explain SELECT k, c FROM sbtest5 WHERE k BETWEEN 2421311 AND 2421411
	Bitmap Heap Scan on sbtest5  (cost=5.49..413.00 rows=103 width=125)
	  Recheck Cond: ((k >= 2421311) AND (k <= 2421411))
	  ->  Bitmap Index Scan on k_5  (cost=0.00..5.46 rows=103 width=0)
	        Index Cond: ((k >= 2421311) AND (k <= 2421411))

table 6 : explain SELECT k, c FROM sbtest6 WHERE k BETWEEN 2421311 AND 2421411
	Bitmap Heap Scan on sbtest6  (cost=5.45..397.25 rows=99 width=125)
	  Recheck Cond: ((k >= 2421311) AND (k <= 2421411))
	  ->  Bitmap Index Scan on k_6  (cost=0.00..5.42 rows=99 width=0)
	        Index Cond: ((k >= 2421311) AND (k <= 2421411))

table 7 : explain SELECT k, c FROM sbtest7 WHERE k BETWEEN 2421311 AND 2421411
	Bitmap Heap Scan on sbtest7  (cost=5.51..420.88 rows=105 width=125)
	  Recheck Cond: ((k >= 2421311) AND (k <= 2421411))
	  ->  Bitmap Index Scan on k_7  (cost=0.00..5.48 rows=105 width=0)
	        Index Cond: ((k >= 2421311) AND (k <= 2421411))

table 8 : explain SELECT k, c FROM sbtest8 WHERE k BETWEEN 2421311 AND 2421411
	Bitmap Heap Scan on sbtest8  (cost=5.53..428.75 rows=107 width=125)
	  Recheck Cond: ((k >= 2421311) AND (k <= 2421411))
	  ->  Bitmap Index Scan on k_8  (cost=0.00..5.50 rows=107 width=0)
	        Index Cond: ((k >= 2421311) AND (k <= 2421411))

explain: for range-notcovered :: explain SELECT k, c FROM sbtest%d WHERE k BETWEEN 2421311 AND 2421411
for range-notcovered
table 1 : explain SELECT k, c FROM sbtest1 WHERE k BETWEEN 5579846 AND 5579946
	Bitmap Heap Scan on sbtest1  (cost=5.45..397.25 rows=99 width=125)
	  Recheck Cond: ((k >= 5579846) AND (k <= 5579946))
	  ->  Bitmap Index Scan on k_1  (cost=0.00..5.42 rows=99 width=0)
	        Index Cond: ((k >= 5579846) AND (k <= 5579946))

table 2 : explain SELECT k, c FROM sbtest2 WHERE k BETWEEN 5579846 AND 5579946
	Bitmap Heap Scan on sbtest2  (cost=5.39..373.61 rows=93 width=125)
	  Recheck Cond: ((k >= 5579846) AND (k <= 5579946))
	  ->  Bitmap Index Scan on k_2  (cost=0.00..5.36 rows=93 width=0)
	        Index Cond: ((k >= 5579846) AND (k <= 5579946))

table 3 : explain SELECT k, c FROM sbtest3 WHERE k BETWEEN 5579846 AND 5579946
	Bitmap Heap Scan on sbtest3  (cost=5.47..405.13 rows=101 width=125)
	  Recheck Cond: ((k >= 5579846) AND (k <= 5579946))
	  ->  Bitmap Index Scan on k_3  (cost=0.00..5.44 rows=101 width=0)
	        Index Cond: ((k >= 5579846) AND (k <= 5579946))

table 4 : explain SELECT k, c FROM sbtest4 WHERE k BETWEEN 5579846 AND 5579946
	Bitmap Heap Scan on sbtest4  (cost=5.49..413.00 rows=103 width=125)
	  Recheck Cond: ((k >= 5579846) AND (k <= 5579946))
	  ->  Bitmap Index Scan on k_4  (cost=0.00..5.46 rows=103 width=0)
	        Index Cond: ((k >= 5579846) AND (k <= 5579946))

table 5 : explain SELECT k, c FROM sbtest5 WHERE k BETWEEN 5579846 AND 5579946
	Bitmap Heap Scan on sbtest5  (cost=5.52..424.81 rows=106 width=125)
	  Recheck Cond: ((k >= 5579846) AND (k <= 5579946))
	  ->  Bitmap Index Scan on k_5  (cost=0.00..5.50 rows=106 width=0)
	        Index Cond: ((k >= 5579846) AND (k <= 5579946))

table 6 : explain SELECT k, c FROM sbtest6 WHERE k BETWEEN 5579846 AND 5579946
	Bitmap Heap Scan on sbtest6  (cost=5.60..456.29 rows=114 width=125)
	  Recheck Cond: ((k >= 5579846) AND (k <= 5579946))
	  ->  Bitmap Index Scan on k_6  (cost=0.00..5.58 rows=114 width=0)
	        Index Cond: ((k >= 5579846) AND (k <= 5579946))

table 7 : explain SELECT k, c FROM sbtest7 WHERE k BETWEEN 5579846 AND 5579946
	Bitmap Heap Scan on sbtest7  (cost=5.53..428.75 rows=107 width=125)
	  Recheck Cond: ((k >= 5579846) AND (k <= 5579946))
	  ->  Bitmap Index Scan on k_7  (cost=0.00..5.50 rows=107 width=0)
	        Index Cond: ((k >= 5579846) AND (k <= 5579946))

table 8 : explain SELECT k, c FROM sbtest8 WHERE k BETWEEN 5579846 AND 5579946
	Bitmap Heap Scan on sbtest8  (cost=5.56..440.56 rows=110 width=125)
	  Recheck Cond: ((k >= 5579846) AND (k <= 5579946))
	  ->  Bitmap Index Scan on k_8  (cost=0.00..5.53 rows=110 width=0)
	        Index Cond: ((k >= 5579846) AND (k <= 5579946))

explain: for range-notcovered :: explain SELECT k, c FROM sbtest%d WHERE k BETWEEN 5579846 AND 5579946
explain: for range-notcovered :: explain SELECT k, c FROM sbtest%d WHERE k BETWEEN 5447845 AND 5447945
for range-notcovered
table 1 : explain SELECT k, c FROM sbtest1 WHERE k BETWEEN 7579136 AND 7579236
	Bitmap Heap Scan on sbtest1  (cost=5.45..397.25 rows=99 width=125)
	  Recheck Cond: ((k >= 7579136) AND (k <= 7579236))
	  ->  Bitmap Index Scan on k_1  (cost=0.00..5.42 rows=99 width=0)
	        Index Cond: ((k >= 7579136) AND (k <= 7579236))

table 2 : explain SELECT k, c FROM sbtest2 WHERE k BETWEEN 7579136 AND 7579236
	Bitmap Heap Scan on sbtest2  (cost=5.51..420.88 rows=105 width=125)
	  Recheck Cond: ((k >= 7579136) AND (k <= 7579236))
	  ->  Bitmap Index Scan on k_2  (cost=0.00..5.48 rows=105 width=0)
	        Index Cond: ((k >= 7579136) AND (k <= 7579236))

table 3 : explain SELECT k, c FROM sbtest3 WHERE k BETWEEN 7579136 AND 7579236
	Bitmap Heap Scan on sbtest3  (cost=5.40..377.55 rows=94 width=125)
	  Recheck Cond: ((k >= 7579136) AND (k <= 7579236))
	  ->  Bitmap Index Scan on k_3  (cost=0.00..5.38 rows=94 width=0)
	        Index Cond: ((k >= 7579136) AND (k <= 7579236))

table 4 : explain SELECT k, c FROM sbtest4 WHERE k BETWEEN 7579136 AND 7579236
	Bitmap Heap Scan on sbtest4  (cost=5.44..393.31 rows=98 width=125)
	  Recheck Cond: ((k >= 7579136) AND (k <= 7579236))
	  ->  Bitmap Index Scan on k_4  (cost=0.00..5.42 rows=98 width=0)
	        Index Cond: ((k >= 7579136) AND (k <= 7579236))

table 5 : explain SELECT k, c FROM sbtest5 WHERE k BETWEEN 7579136 AND 7579236
	Bitmap Heap Scan on sbtest5  (cost=5.55..436.62 rows=109 width=125)
	  Recheck Cond: ((k >= 7579136) AND (k <= 7579236))
	  ->  Bitmap Index Scan on k_5  (cost=0.00..5.52 rows=109 width=0)
	        Index Cond: ((k >= 7579136) AND (k <= 7579236))

table 6 : explain SELECT k, c FROM sbtest6 WHERE k BETWEEN 7579136 AND 7579236
	Bitmap Heap Scan on sbtest6  (cost=5.43..389.37 rows=97 width=125)
	  Recheck Cond: ((k >= 7579136) AND (k <= 7579236))
	  ->  Bitmap Index Scan on k_6  (cost=0.00..5.40 rows=97 width=0)
	        Index Cond: ((k >= 7579136) AND (k <= 7579236))

table 7 : explain SELECT k, c FROM sbtest7 WHERE k BETWEEN 7579136 AND 7579236
	Bitmap Heap Scan on sbtest7  (cost=5.45..397.25 rows=99 width=125)
	  Recheck Cond: ((k >= 7579136) AND (k <= 7579236))
	  ->  Bitmap Index Scan on k_7  (cost=0.00..5.42 rows=99 width=0)
	        Index Cond: ((k >= 7579136) AND (k <= 7579236))

table 8 : explain SELECT k, c FROM sbtest8 WHERE k BETWEEN 7579136 AND 7579236
	Bitmap Heap Scan on sbtest8  (cost=5.46..401.19 rows=100 width=125)
	  Recheck Cond: ((k >= 7579136) AND (k <= 7579236))
	  ->  Bitmap Index Scan on k_8  (cost=0.00..5.43 rows=100 width=0)
	        Index Cond: ((k >= 7579136) AND (k <= 7579236))

explain: for range-notcovered :: explain SELECT k, c FROM sbtest%d WHERE k BETWEEN 5028096 AND 5028196
explain: for range-notcovered :: explain SELECT k, c FROM sbtest%d WHERE k BETWEEN 7579136 AND 7579236
for range-notcovered
table 1 : explain SELECT k, c FROM sbtest1 WHERE k BETWEEN 7491201 AND 7491301
	Bitmap Heap Scan on sbtest1  (cost=5.45..397.25 rows=99 width=125)
	  Recheck Cond: ((k >= 7491201) AND (k <= 7491301))
	  ->  Bitmap Index Scan on k_1  (cost=0.00..5.42 rows=99 width=0)
	        Index Cond: ((k >= 7491201) AND (k <= 7491301))

table 2 : explain SELECT k, c FROM sbtest2 WHERE k BETWEEN 7491201 AND 7491301
	Bitmap Heap Scan on sbtest2  (cost=5.54..432.69 rows=108 width=125)
	  Recheck Cond: ((k >= 7491201) AND (k <= 7491301))
	  ->  Bitmap Index Scan on k_2  (cost=0.00..5.51 rows=108 width=0)
	        Index Cond: ((k >= 7491201) AND (k <= 7491301))

table 3 : explain SELECT k, c FROM sbtest3 WHERE k BETWEEN 7491201 AND 7491301
	Bitmap Heap Scan on sbtest3  (cost=5.40..377.55 rows=94 width=125)
	  Recheck Cond: ((k >= 7491201) AND (k <= 7491301))
	  ->  Bitmap Index Scan on k_3  (cost=0.00..5.38 rows=94 width=0)
	        Index Cond: ((k >= 7491201) AND (k <= 7491301))

table 4 : explain SELECT k, c FROM sbtest4 WHERE k BETWEEN 7491201 AND 7491301
	Bitmap Heap Scan on sbtest4  (cost=5.37..365.72 rows=91 width=125)
	  Recheck Cond: ((k >= 7491201) AND (k <= 7491301))
	  ->  Bitmap Index Scan on k_4  (cost=0.00..5.34 rows=91 width=0)
	        Index Cond: ((k >= 7491201) AND (k <= 7491301))

table 5 : explain SELECT k, c FROM sbtest5 WHERE k BETWEEN 7491201 AND 7491301
	Bitmap Heap Scan on sbtest5  (cost=5.50..416.94 rows=104 width=125)
	  Recheck Cond: ((k >= 7491201) AND (k <= 7491301))
	  ->  Bitmap Index Scan on k_5  (cost=0.00..5.47 rows=104 width=0)
	        Index Cond: ((k >= 7491201) AND (k <= 7491301))

table 6 : explain SELECT k, c FROM sbtest6 WHERE k BETWEEN 7491201 AND 7491301
	Bitmap Heap Scan on sbtest6  (cost=5.48..409.07 rows=102 width=125)
	  Recheck Cond: ((k >= 7491201) AND (k <= 7491301))
	  ->  Bitmap Index Scan on k_6  (cost=0.00..5.45 rows=102 width=0)
	        Index Cond: ((k >= 7491201) AND (k <= 7491301))

table 7 : explain SELECT k, c FROM sbtest7 WHERE k BETWEEN 7491201 AND 7491301
	Bitmap Heap Scan on sbtest7  (cost=5.45..397.25 rows=99 width=125)
	  Recheck Cond: ((k >= 7491201) AND (k <= 7491301))
	  ->  Bitmap Index Scan on k_7  (cost=0.00..5.42 rows=99 width=0)
	        Index Cond: ((k >= 7491201) AND (k <= 7491301))

table 8 : explain SELECT k, c FROM sbtest8 WHERE k BETWEEN 7491201 AND 7491301
	Bitmap Heap Scan on sbtest8  (cost=5.43..389.37 rows=97 width=125)
	  Recheck Cond: ((k >= 7491201) AND (k <= 7491301))
	  ->  Bitmap Index Scan on k_8  (cost=0.00..5.40 rows=97 width=0)
	        Index Cond: ((k >= 7491201) AND (k <= 7491301))

explain: for range-notcovered :: explain SELECT k, c FROM sbtest%d WHERE k BETWEEN 7491201 AND 7491301
for range-notcovered
table 1 : explain SELECT k, c FROM sbtest1 WHERE k BETWEEN 5579846 AND 5579946
	Bitmap Heap Scan on sbtest1  (cost=5.45..397.25 rows=99 width=125)
	  Recheck Cond: ((k >= 5579846) AND (k <= 5579946))
	  ->  Bitmap Index Scan on k_1  (cost=0.00..5.42 rows=99 width=0)
	        Index Cond: ((k >= 5579846) AND (k <= 5579946))

table 2 : explain SELECT k, c FROM sbtest2 WHERE k BETWEEN 5579846 AND 5579946
	Bitmap Heap Scan on sbtest2  (cost=5.39..373.61 rows=93 width=125)
	  Recheck Cond: ((k >= 5579846) AND (k <= 5579946))
	  ->  Bitmap Index Scan on k_2  (cost=0.00..5.36 rows=93 width=0)
	        Index Cond: ((k >= 5579846) AND (k <= 5579946))

table 3 : explain SELECT k, c FROM sbtest3 WHERE k BETWEEN 5579846 AND 5579946
	Bitmap Heap Scan on sbtest3  (cost=5.47..405.13 rows=101 width=125)
	  Recheck Cond: ((k >= 5579846) AND (k <= 5579946))
	  ->  Bitmap Index Scan on k_3  (cost=0.00..5.44 rows=101 width=0)
	        Index Cond: ((k >= 5579846) AND (k <= 5579946))

table 4 : explain SELECT k, c FROM sbtest4 WHERE k BETWEEN 5579846 AND 5579946
	Bitmap Heap Scan on sbtest4  (cost=5.49..413.00 rows=103 width=125)
	  Recheck Cond: ((k >= 5579846) AND (k <= 5579946))
	  ->  Bitmap Index Scan on k_4  (cost=0.00..5.46 rows=103 width=0)
	        Index Cond: ((k >= 5579846) AND (k <= 5579946))

table 5 : explain SELECT k, c FROM sbtest5 WHERE k BETWEEN 5579846 AND 5579946
	Bitmap Heap Scan on sbtest5  (cost=5.52..424.81 rows=106 width=125)
	  Recheck Cond: ((k >= 5579846) AND (k <= 5579946))
	  ->  Bitmap Index Scan on k_5  (cost=0.00..5.50 rows=106 width=0)
	        Index Cond: ((k >= 5579846) AND (k <= 5579946))

table 6 : explain SELECT k, c FROM sbtest6 WHERE k BETWEEN 5579846 AND 5579946
	Bitmap Heap Scan on sbtest6  (cost=5.60..456.29 rows=114 width=125)
	  Recheck Cond: ((k >= 5579846) AND (k <= 5579946))
	  ->  Bitmap Index Scan on k_6  (cost=0.00..5.58 rows=114 width=0)
	        Index Cond: ((k >= 5579846) AND (k <= 5579946))

table 7 : explain SELECT k, c FROM sbtest7 WHERE k BETWEEN 5579846 AND 5579946
	Bitmap Heap Scan on sbtest7  (cost=5.53..428.75 rows=107 width=125)
	  Recheck Cond: ((k >= 5579846) AND (k <= 5579946))
	  ->  Bitmap Index Scan on k_7  (cost=0.00..5.50 rows=107 width=0)
	        Index Cond: ((k >= 5579846) AND (k <= 5579946))

table 8 : explain SELECT k, c FROM sbtest8 WHERE k BETWEEN 5579846 AND 5579946
	Bitmap Heap Scan on sbtest8  (cost=5.56..440.56 rows=110 width=125)
	  Recheck Cond: ((k >= 5579846) AND (k <= 5579946))
	  ->  Bitmap Index Scan on k_8  (cost=0.00..5.53 rows=110 width=0)
	        Index Cond: ((k >= 5579846) AND (k <= 5579946))

explain: for range-notcovered :: explain SELECT k, c FROM sbtest%d WHERE k BETWEEN 5241579 AND 5241679
for range-notcovered
table 1 : explain SELECT k, c FROM sbtest1 WHERE k BETWEEN 7579136 AND 7579236
	Bitmap Heap Scan on sbtest1  (cost=5.45..397.25 rows=99 width=125)
	  Recheck Cond: ((k >= 7579136) AND (k <= 7579236))
	  ->  Bitmap Index Scan on k_1  (cost=0.00..5.42 rows=99 width=0)
	        Index Cond: ((k >= 7579136) AND (k <= 7579236))

table 2 : explain SELECT k, c FROM sbtest2 WHERE k BETWEEN 7579136 AND 7579236
	Bitmap Heap Scan on sbtest2  (cost=5.51..420.88 rows=105 width=125)
	  Recheck Cond: ((k >= 7579136) AND (k <= 7579236))
	  ->  Bitmap Index Scan on k_2  (cost=0.00..5.48 rows=105 width=0)
	        Index Cond: ((k >= 7579136) AND (k <= 7579236))

table 3 : explain SELECT k, c FROM sbtest3 WHERE k BETWEEN 7579136 AND 7579236
	Bitmap Heap Scan on sbtest3  (cost=5.40..377.55 rows=94 width=125)
	  Recheck Cond: ((k >= 7579136) AND (k <= 7579236))
	  ->  Bitmap Index Scan on k_3  (cost=0.00..5.38 rows=94 width=0)
	        Index Cond: ((k >= 7579136) AND (k <= 7579236))

table 4 : explain SELECT k, c FROM sbtest4 WHERE k BETWEEN 7579136 AND 7579236
	Bitmap Heap Scan on sbtest4  (cost=5.44..393.31 rows=98 width=125)
	  Recheck Cond: ((k >= 7579136) AND (k <= 7579236))
	  ->  Bitmap Index Scan on k_4  (cost=0.00..5.42 rows=98 width=0)
	        Index Cond: ((k >= 7579136) AND (k <= 7579236))

table 5 : explain SELECT k, c FROM sbtest5 WHERE k BETWEEN 7579136 AND 7579236
	Bitmap Heap Scan on sbtest5  (cost=5.55..436.62 rows=109 width=125)
	  Recheck Cond: ((k >= 7579136) AND (k <= 7579236))
	  ->  Bitmap Index Scan on k_5  (cost=0.00..5.52 rows=109 width=0)
	        Index Cond: ((k >= 7579136) AND (k <= 7579236))

table 6 : explain SELECT k, c FROM sbtest6 WHERE k BETWEEN 7579136 AND 7579236
	Bitmap Heap Scan on sbtest6  (cost=5.43..389.37 rows=97 width=125)
	  Recheck Cond: ((k >= 7579136) AND (k <= 7579236))
	  ->  Bitmap Index Scan on k_6  (cost=0.00..5.40 rows=97 width=0)
	        Index Cond: ((k >= 7579136) AND (k <= 7579236))

table 7 : explain SELECT k, c FROM sbtest7 WHERE k BETWEEN 7579136 AND 7579236
	Bitmap Heap Scan on sbtest7  (cost=5.45..397.25 rows=99 width=125)
	  Recheck Cond: ((k >= 7579136) AND (k <= 7579236))
	  ->  Bitmap Index Scan on k_7  (cost=0.00..5.42 rows=99 width=0)
	        Index Cond: ((k >= 7579136) AND (k <= 7579236))

table 8 : explain SELECT k, c FROM sbtest8 WHERE k BETWEEN 7579136 AND 7579236
	Bitmap Heap Scan on sbtest8  (cost=5.46..401.19 rows=100 width=125)
	  Recheck Cond: ((k >= 7579136) AND (k <= 7579236))
	  ->  Bitmap Index Scan on k_8  (cost=0.00..5.43 rows=100 width=0)
	        Index Cond: ((k >= 7579136) AND (k <= 7579236))

explain: for range-notcovered :: explain SELECT k, c FROM sbtest%d WHERE k BETWEEN 7579136 AND 7579236
for range-notcovered
table 1 : explain SELECT k, c FROM sbtest1 WHERE k BETWEEN 2421311 AND 2421411
	Bitmap Heap Scan on sbtest1  (cost=5.39..373.61 rows=93 width=125)
	  Recheck Cond: ((k >= 2421311) AND (k <= 2421411))
	  ->  Bitmap Index Scan on k_1  (cost=0.00..5.36 rows=93 width=0)
	        Index Cond: ((k >= 2421311) AND (k <= 2421411))

table 2 : explain SELECT k, c FROM sbtest2 WHERE k BETWEEN 2421311 AND 2421411
	Bitmap Heap Scan on sbtest2  (cost=5.53..428.75 rows=107 width=125)
	  Recheck Cond: ((k >= 2421311) AND (k <= 2421411))
	  ->  Bitmap Index Scan on k_2  (cost=0.00..5.50 rows=107 width=0)
	        Index Cond: ((k >= 2421311) AND (k <= 2421411))

table 3 : explain SELECT k, c FROM sbtest3 WHERE k BETWEEN 2421311 AND 2421411
	Bitmap Heap Scan on sbtest3  (cost=5.38..369.67 rows=92 width=125)
	  Recheck Cond: ((k >= 2421311) AND (k <= 2421411))
	  ->  Bitmap Index Scan on k_3  (cost=0.00..5.35 rows=92 width=0)
	        Index Cond: ((k >= 2421311) AND (k <= 2421411))

table 4 : explain SELECT k, c FROM sbtest4 WHERE k BETWEEN 2421311 AND 2421411
	Bitmap Heap Scan on sbtest4  (cost=5.45..397.25 rows=99 width=125)
	  Recheck Cond: ((k >= 2421311) AND (k <= 2421411))
	  ->  Bitmap Index Scan on k_4  (cost=0.00..5.42 rows=99 width=0)
	        Index Cond: ((k >= 2421311) AND (k <= 2421411))

table 5 : explain SELECT k, c FROM sbtest5 WHERE k BETWEEN 2421311 AND 2421411
	Bitmap Heap Scan on sbtest5  (cost=5.49..413.00 rows=103 width=125)
	  Recheck Cond: ((k >= 2421311) AND (k <= 2421411))
	  ->  Bitmap Index Scan on k_5  (cost=0.00..5.46 rows=103 width=0)
	        Index Cond: ((k >= 2421311) AND (k <= 2421411))

table 6 : explain SELECT k, c FROM sbtest6 WHERE k BETWEEN 2421311 AND 2421411
	Bitmap Heap Scan on sbtest6  (cost=5.45..397.25 rows=99 width=125)
	  Recheck Cond: ((k >= 2421311) AND (k <= 2421411))
	  ->  Bitmap Index Scan on k_6  (cost=0.00..5.42 rows=99 width=0)
	        Index Cond: ((k >= 2421311) AND (k <= 2421411))

table 7 : explain SELECT k, c FROM sbtest7 WHERE k BETWEEN 2421311 AND 2421411
	Bitmap Heap Scan on sbtest7  (cost=5.51..420.88 rows=105 width=125)
	  Recheck Cond: ((k >= 2421311) AND (k <= 2421411))
	  ->  Bitmap Index Scan on k_7  (cost=0.00..5.48 rows=105 width=0)
	        Index Cond: ((k >= 2421311) AND (k <= 2421411))

table 8 : explain SELECT k, c FROM sbtest8 WHERE k BETWEEN 2421311 AND 2421411
	Bitmap Heap Scan on sbtest8  (cost=5.53..428.75 rows=107 width=125)
	  Recheck Cond: ((k >= 2421311) AND (k <= 2421411))
	  ->  Bitmap Index Scan on k_8  (cost=0.00..5.50 rows=107 width=0)
	        Index Cond: ((k >= 2421311) AND (k <= 2421411))

for range-notcovered
table 1 : explain SELECT k, c FROM sbtest1 WHERE k BETWEEN 1129835 AND 1129935
	Bitmap Heap Scan on sbtest1  (cost=5.51..420.88 rows=105 width=125)
	  Recheck Cond: ((k >= 1129835) AND (k <= 1129935))
	  ->  Bitmap Index Scan on k_1  (cost=0.00..5.48 rows=105 width=0)
	        Index Cond: ((k >= 1129835) AND (k <= 1129935))

table 2 : explain SELECT k, c FROM sbtest2 WHERE k BETWEEN 1129835 AND 1129935
	Bitmap Heap Scan on sbtest2  (cost=5.49..413.00 rows=103 width=125)
	  Recheck Cond: ((k >= 1129835) AND (k <= 1129935))
	  ->  Bitmap Index Scan on k_2  (cost=0.00..5.46 rows=103 width=0)
	        Index Cond: ((k >= 1129835) AND (k <= 1129935))

table 3 : explain SELECT k, c FROM sbtest3 WHERE k BETWEEN 1129835 AND 1129935
	Bitmap Heap Scan on sbtest3  (cost=5.49..413.00 rows=103 width=125)
	  Recheck Cond: ((k >= 1129835) AND (k <= 1129935))
	  ->  Bitmap Index Scan on k_3  (cost=0.00..5.46 rows=103 width=0)
	        Index Cond: ((k >= 1129835) AND (k <= 1129935))

table 4 : explain SELECT k, c FROM sbtest4 WHERE k BETWEEN 1129835 AND 1129935
	Bitmap Heap Scan on sbtest4  (cost=5.46..401.19 rows=100 width=125)
	  Recheck Cond: ((k >= 1129835) AND (k <= 1129935))
	  ->  Bitmap Index Scan on k_4  (cost=0.00..5.43 rows=100 width=0)
	        Index Cond: ((k >= 1129835) AND (k <= 1129935))

table 5 : explain SELECT k, c FROM sbtest5 WHERE k BETWEEN 1129835 AND 1129935
	Bitmap Heap Scan on sbtest5  (cost=5.46..401.19 rows=100 width=125)
	  Recheck Cond: ((k >= 1129835) AND (k <= 1129935))
	  ->  Bitmap Index Scan on k_5  (cost=0.00..5.43 rows=100 width=0)
	        Index Cond: ((k >= 1129835) AND (k <= 1129935))

table 6 : explain SELECT k, c FROM sbtest6 WHERE k BETWEEN 1129835 AND 1129935
	Bitmap Heap Scan on sbtest6  (cost=5.42..385.43 rows=96 width=125)
	  Recheck Cond: ((k >= 1129835) AND (k <= 1129935))
	  ->  Bitmap Index Scan on k_6  (cost=0.00..5.39 rows=96 width=0)
	        Index Cond: ((k >= 1129835) AND (k <= 1129935))

table 7 : explain SELECT k, c FROM sbtest7 WHERE k BETWEEN 1129835 AND 1129935
	Bitmap Heap Scan on sbtest7  (cost=5.50..416.94 rows=104 width=125)
	  Recheck Cond: ((k >= 1129835) AND (k <= 1129935))
	  ->  Bitmap Index Scan on k_7  (cost=0.00..5.47 rows=104 width=0)
	        Index Cond: ((k >= 1129835) AND (k <= 1129935))

table 8 : explain SELECT k, c FROM sbtest8 WHERE k BETWEEN 1129835 AND 1129935
	Bitmap Heap Scan on sbtest8  (cost=5.43..389.37 rows=97 width=125)
	  Recheck Cond: ((k >= 1129835) AND (k <= 1129935))
	  ->  Bitmap Index Scan on k_8  (cost=0.00..5.40 rows=97 width=0)
	        Index Cond: ((k >= 1129835) AND (k <= 1129935))

explain: for range-notcovered :: explain SELECT k, c FROM sbtest%d WHERE k BETWEEN 1129835 AND 1129935
explain: for range-notcovered :: explain SELECT k, c FROM sbtest%d WHERE k BETWEEN 1164621 AND 1164721
for range-notcovered
table 1 : explain SELECT k, c FROM sbtest1 WHERE k BETWEEN 7491201 AND 7491301
	Bitmap Heap Scan on sbtest1  (cost=5.45..397.25 rows=99 width=125)
	  Recheck Cond: ((k >= 7491201) AND (k <= 7491301))
	  ->  Bitmap Index Scan on k_1  (cost=0.00..5.42 rows=99 width=0)
	        Index Cond: ((k >= 7491201) AND (k <= 7491301))

table 2 : explain SELECT k, c FROM sbtest2 WHERE k BETWEEN 7491201 AND 7491301
	Bitmap Heap Scan on sbtest2  (cost=5.54..432.69 rows=108 width=125)
	  Recheck Cond: ((k >= 7491201) AND (k <= 7491301))
	  ->  Bitmap Index Scan on k_2  (cost=0.00..5.51 rows=108 width=0)
	        Index Cond: ((k >= 7491201) AND (k <= 7491301))

table 3 : explain SELECT k, c FROM sbtest3 WHERE k BETWEEN 7491201 AND 7491301
	Bitmap Heap Scan on sbtest3  (cost=5.40..377.55 rows=94 width=125)
	  Recheck Cond: ((k >= 7491201) AND (k <= 7491301))
	  ->  Bitmap Index Scan on k_3  (cost=0.00..5.38 rows=94 width=0)
	        Index Cond: ((k >= 7491201) AND (k <= 7491301))

table 4 : explain SELECT k, c FROM sbtest4 WHERE k BETWEEN 7491201 AND 7491301
	Bitmap Heap Scan on sbtest4  (cost=5.37..365.72 rows=91 width=125)
	  Recheck Cond: ((k >= 7491201) AND (k <= 7491301))
	  ->  Bitmap Index Scan on k_4  (cost=0.00..5.34 rows=91 width=0)
	        Index Cond: ((k >= 7491201) AND (k <= 7491301))

table 5 : explain SELECT k, c FROM sbtest5 WHERE k BETWEEN 7491201 AND 7491301
	Bitmap Heap Scan on sbtest5  (cost=5.50..416.94 rows=104 width=125)
	  Recheck Cond: ((k >= 7491201) AND (k <= 7491301))
	  ->  Bitmap Index Scan on k_5  (cost=0.00..5.47 rows=104 width=0)
	        Index Cond: ((k >= 7491201) AND (k <= 7491301))

table 6 : explain SELECT k, c FROM sbtest6 WHERE k BETWEEN 7491201 AND 7491301
	Bitmap Heap Scan on sbtest6  (cost=5.48..409.07 rows=102 width=125)
	  Recheck Cond: ((k >= 7491201) AND (k <= 7491301))
	  ->  Bitmap Index Scan on k_6  (cost=0.00..5.45 rows=102 width=0)
	        Index Cond: ((k >= 7491201) AND (k <= 7491301))

table 7 : explain SELECT k, c FROM sbtest7 WHERE k BETWEEN 7491201 AND 7491301
	Bitmap Heap Scan on sbtest7  (cost=5.45..397.25 rows=99 width=125)
	  Recheck Cond: ((k >= 7491201) AND (k <= 7491301))
	  ->  Bitmap Index Scan on k_7  (cost=0.00..5.42 rows=99 width=0)
	        Index Cond: ((k >= 7491201) AND (k <= 7491301))

table 8 : explain SELECT k, c FROM sbtest8 WHERE k BETWEEN 7491201 AND 7491301
	Bitmap Heap Scan on sbtest8  (cost=5.43..389.37 rows=97 width=125)
	  Recheck Cond: ((k >= 7491201) AND (k <= 7491301))
	  ->  Bitmap Index Scan on k_8  (cost=0.00..5.40 rows=97 width=0)
	        Index Cond: ((k >= 7491201) AND (k <= 7491301))

for range-notcovered
table 1 : explain SELECT k, c FROM sbtest1 WHERE k BETWEEN 4841463 AND 4841563
	Bitmap Heap Scan on sbtest1  (cost=5.48..409.07 rows=102 width=125)
	  Recheck Cond: ((k >= 4841463) AND (k <= 4841563))
	  ->  Bitmap Index Scan on k_1  (cost=0.00..5.45 rows=102 width=0)
	        Index Cond: ((k >= 4841463) AND (k <= 4841563))

table 2 : explain SELECT k, c FROM sbtest2 WHERE k BETWEEN 4841463 AND 4841563
	Bitmap Heap Scan on sbtest2  (cost=5.38..369.67 rows=92 width=125)
	  Recheck Cond: ((k >= 4841463) AND (k <= 4841563))
	  ->  Bitmap Index Scan on k_2  (cost=0.00..5.35 rows=92 width=0)
	        Index Cond: ((k >= 4841463) AND (k <= 4841563))

table 3 : explain SELECT k, c FROM sbtest3 WHERE k BETWEEN 4841463 AND 4841563
	Bitmap Heap Scan on sbtest3  (cost=5.47..405.13 rows=101 width=125)
	  Recheck Cond: ((k >= 4841463) AND (k <= 4841563))
	  ->  Bitmap Index Scan on k_3  (cost=0.00..5.44 rows=101 width=0)
	        Index Cond: ((k >= 4841463) AND (k <= 4841563))

table 4 : explain SELECT k, c FROM sbtest4 WHERE k BETWEEN 4841463 AND 4841563
	Bitmap Heap Scan on sbtest4  (cost=5.46..401.19 rows=100 width=125)
	  Recheck Cond: ((k >= 4841463) AND (k <= 4841563))
	  ->  Bitmap Index Scan on k_4  (cost=0.00..5.43 rows=100 width=0)
	        Index Cond: ((k >= 4841463) AND (k <= 4841563))

table 5 : explain SELECT k, c FROM sbtest5 WHERE k BETWEEN 4841463 AND 4841563
	Bitmap Heap Scan on sbtest5  (cost=5.39..373.61 rows=93 width=125)
	  Recheck Cond: ((k >= 4841463) AND (k <= 4841563))
	  ->  Bitmap Index Scan on k_5  (cost=0.00..5.36 rows=93 width=0)
	        Index Cond: ((k >= 4841463) AND (k <= 4841563))

table 6 : explain SELECT k, c FROM sbtest6 WHERE k BETWEEN 4841463 AND 4841563
	Bitmap Heap Scan on sbtest6  (cost=5.51..420.88 rows=105 width=125)
	  Recheck Cond: ((k >= 4841463) AND (k <= 4841563))
	  ->  Bitmap Index Scan on k_6  (cost=0.00..5.48 rows=105 width=0)
	        Index Cond: ((k >= 4841463) AND (k <= 4841563))

table 7 : explain SELECT k, c FROM sbtest7 WHERE k BETWEEN 4841463 AND 4841563
	Bitmap Heap Scan on sbtest7  (cost=5.47..405.13 rows=101 width=125)
	  Recheck Cond: ((k >= 4841463) AND (k <= 4841563))
	  ->  Bitmap Index Scan on k_7  (cost=0.00..5.44 rows=101 width=0)
	        Index Cond: ((k >= 4841463) AND (k <= 4841563))

table 8 : explain SELECT k, c FROM sbtest8 WHERE k BETWEEN 4841463 AND 4841563
	Bitmap Heap Scan on sbtest8  (cost=5.54..432.69 rows=108 width=125)
	  Recheck Cond: ((k >= 4841463) AND (k <= 4841563))
	  ->  Bitmap Index Scan on k_8  (cost=0.00..5.51 rows=108 width=0)
	        Index Cond: ((k >= 4841463) AND (k <= 4841563))

explain: for range-notcovered :: explain SELECT k, c FROM sbtest%d WHERE k BETWEEN 7491201 AND 7491301
for range-notcovered
table 1 : explain SELECT k, c FROM sbtest1 WHERE k BETWEEN 5650161 AND 5650261
	Bitmap Heap Scan on sbtest1  (cost=5.44..393.31 rows=98 width=125)
	  Recheck Cond: ((k >= 5650161) AND (k <= 5650261))
	  ->  Bitmap Index Scan on k_1  (cost=0.00..5.42 rows=98 width=0)
	        Index Cond: ((k >= 5650161) AND (k <= 5650261))

table 2 : explain SELECT k, c FROM sbtest2 WHERE k BETWEEN 5650161 AND 5650261
	Bitmap Heap Scan on sbtest2  (cost=5.49..413.00 rows=103 width=125)
	  Recheck Cond: ((k >= 5650161) AND (k <= 5650261))
	  ->  Bitmap Index Scan on k_2  (cost=0.00..5.46 rows=103 width=0)
	        Index Cond: ((k >= 5650161) AND (k <= 5650261))

table 3 : explain SELECT k, c FROM sbtest3 WHERE k BETWEEN 5650161 AND 5650261
	Bitmap Heap Scan on sbtest3  (cost=5.48..409.07 rows=102 width=125)
	  Recheck Cond: ((k >= 5650161) AND (k <= 5650261))
	  ->  Bitmap Index Scan on k_3  (cost=0.00..5.45 rows=102 width=0)
	        Index Cond: ((k >= 5650161) AND (k <= 5650261))

table 4 : explain SELECT k, c FROM sbtest4 WHERE k BETWEEN 5650161 AND 5650261
	Bitmap Heap Scan on sbtest4  (cost=5.65..475.95 rows=119 width=125)
	  Recheck Cond: ((k >= 5650161) AND (k <= 5650261))
	  ->  Bitmap Index Scan on k_4  (cost=0.00..5.62 rows=119 width=0)
	        Index Cond: ((k >= 5650161) AND (k <= 5650261))

table 5 : explain SELECT k, c FROM sbtest5 WHERE k BETWEEN 5650161 AND 5650261
	Bitmap Heap Scan on sbtest5  (cost=5.50..416.94 rows=104 width=125)
	  Recheck Cond: ((k >= 5650161) AND (k <= 5650261))
	  ->  Bitmap Index Scan on k_5  (cost=0.00..5.47 rows=104 width=0)
	        Index Cond: ((k >= 5650161) AND (k <= 5650261))

table 6 : explain SELECT k, c FROM sbtest6 WHERE k BETWEEN 5650161 AND 5650261
	Bitmap Heap Scan on sbtest6  (cost=5.60..456.29 rows=114 width=125)
	  Recheck Cond: ((k >= 5650161) AND (k <= 5650261))
	  ->  Bitmap Index Scan on k_6  (cost=0.00..5.58 rows=114 width=0)
	        Index Cond: ((k >= 5650161) AND (k <= 5650261))

table 7 : explain SELECT k, c FROM sbtest7 WHERE k BETWEEN 5650161 AND 5650261
	Bitmap Heap Scan on sbtest7  (cost=5.40..377.55 rows=94 width=125)
	  Recheck Cond: ((k >= 5650161) AND (k <= 5650261))
	  ->  Bitmap Index Scan on k_7  (cost=0.00..5.38 rows=94 width=0)
	        Index Cond: ((k >= 5650161) AND (k <= 5650261))

table 8 : explain SELECT k, c FROM sbtest8 WHERE k BETWEEN 5650161 AND 5650261
	Bitmap Heap Scan on sbtest8  (cost=5.47..405.13 rows=101 width=125)
	  Recheck Cond: ((k >= 5650161) AND (k <= 5650261))
	  ->  Bitmap Index Scan on k_8  (cost=0.00..5.44 rows=101 width=0)
	        Index Cond: ((k >= 5650161) AND (k <= 5650261))

explain: for range-notcovered :: explain SELECT k, c FROM sbtest%d WHERE k BETWEEN 5650161 AND 5650261
for range-notcovered
table 1 : explain SELECT k, c FROM sbtest1 WHERE k BETWEEN 7491201 AND 7491301
	Bitmap Heap Scan on sbtest1  (cost=5.45..397.25 rows=99 width=125)
	  Recheck Cond: ((k >= 7491201) AND (k <= 7491301))
	  ->  Bitmap Index Scan on k_1  (cost=0.00..5.42 rows=99 width=0)
	        Index Cond: ((k >= 7491201) AND (k <= 7491301))

table 2 : explain SELECT k, c FROM sbtest2 WHERE k BETWEEN 7491201 AND 7491301
	Bitmap Heap Scan on sbtest2  (cost=5.54..432.69 rows=108 width=125)
	  Recheck Cond: ((k >= 7491201) AND (k <= 7491301))
	  ->  Bitmap Index Scan on k_2  (cost=0.00..5.51 rows=108 width=0)
	        Index Cond: ((k >= 7491201) AND (k <= 7491301))

table 3 : explain SELECT k, c FROM sbtest3 WHERE k BETWEEN 7491201 AND 7491301
	Bitmap Heap Scan on sbtest3  (cost=5.40..377.55 rows=94 width=125)
	  Recheck Cond: ((k >= 7491201) AND (k <= 7491301))
	  ->  Bitmap Index Scan on k_3  (cost=0.00..5.38 rows=94 width=0)
	        Index Cond: ((k >= 7491201) AND (k <= 7491301))

table 4 : explain SELECT k, c FROM sbtest4 WHERE k BETWEEN 7491201 AND 7491301
	Bitmap Heap Scan on sbtest4  (cost=5.37..365.72 rows=91 width=125)
	  Recheck Cond: ((k >= 7491201) AND (k <= 7491301))
	  ->  Bitmap Index Scan on k_4  (cost=0.00..5.34 rows=91 width=0)
	        Index Cond: ((k >= 7491201) AND (k <= 7491301))

table 5 : explain SELECT k, c FROM sbtest5 WHERE k BETWEEN 7491201 AND 7491301
	Bitmap Heap Scan on sbtest5  (cost=5.50..416.94 rows=104 width=125)
	  Recheck Cond: ((k >= 7491201) AND (k <= 7491301))
	  ->  Bitmap Index Scan on k_5  (cost=0.00..5.47 rows=104 width=0)
	        Index Cond: ((k >= 7491201) AND (k <= 7491301))

table 6 : explain SELECT k, c FROM sbtest6 WHERE k BETWEEN 7491201 AND 7491301
	Bitmap Heap Scan on sbtest6  (cost=5.48..409.07 rows=102 width=125)
	  Recheck Cond: ((k >= 7491201) AND (k <= 7491301))
	  ->  Bitmap Index Scan on k_6  (cost=0.00..5.45 rows=102 width=0)
	        Index Cond: ((k >= 7491201) AND (k <= 7491301))

table 7 : explain SELECT k, c FROM sbtest7 WHERE k BETWEEN 7491201 AND 7491301
	Bitmap Heap Scan on sbtest7  (cost=5.45..397.25 rows=99 width=125)
	  Recheck Cond: ((k >= 7491201) AND (k <= 7491301))
	  ->  Bitmap Index Scan on k_7  (cost=0.00..5.42 rows=99 width=0)
	        Index Cond: ((k >= 7491201) AND (k <= 7491301))

table 8 : explain SELECT k, c FROM sbtest8 WHERE k BETWEEN 7491201 AND 7491301
	Bitmap Heap Scan on sbtest8  (cost=5.43..389.37 rows=97 width=125)
	  Recheck Cond: ((k >= 7491201) AND (k <= 7491301))
	  ->  Bitmap Index Scan on k_8  (cost=0.00..5.40 rows=97 width=0)
	        Index Cond: ((k >= 7491201) AND (k <= 7491301))

explain: for range-notcovered :: explain SELECT k, c FROM sbtest%d WHERE k BETWEEN 7491201 AND 7491301
for range-notcovered
table 1 : explain SELECT k, c FROM sbtest1 WHERE k BETWEEN 1129835 AND 1129935
	Bitmap Heap Scan on sbtest1  (cost=5.51..420.88 rows=105 width=125)
	  Recheck Cond: ((k >= 1129835) AND (k <= 1129935))
	  ->  Bitmap Index Scan on k_1  (cost=0.00..5.48 rows=105 width=0)
	        Index Cond: ((k >= 1129835) AND (k <= 1129935))

table 2 : explain SELECT k, c FROM sbtest2 WHERE k BETWEEN 1129835 AND 1129935
	Bitmap Heap Scan on sbtest2  (cost=5.49..413.00 rows=103 width=125)
	  Recheck Cond: ((k >= 1129835) AND (k <= 1129935))
	  ->  Bitmap Index Scan on k_2  (cost=0.00..5.46 rows=103 width=0)
	        Index Cond: ((k >= 1129835) AND (k <= 1129935))

table 3 : explain SELECT k, c FROM sbtest3 WHERE k BETWEEN 1129835 AND 1129935
	Bitmap Heap Scan on sbtest3  (cost=5.49..413.00 rows=103 width=125)
	  Recheck Cond: ((k >= 1129835) AND (k <= 1129935))
	  ->  Bitmap Index Scan on k_3  (cost=0.00..5.46 rows=103 width=0)
	        Index Cond: ((k >= 1129835) AND (k <= 1129935))

table 4 : explain SELECT k, c FROM sbtest4 WHERE k BETWEEN 1129835 AND 1129935
	Bitmap Heap Scan on sbtest4  (cost=5.46..401.19 rows=100 width=125)
	  Recheck Cond: ((k >= 1129835) AND (k <= 1129935))
	  ->  Bitmap Index Scan on k_4  (cost=0.00..5.43 rows=100 width=0)
	        Index Cond: ((k >= 1129835) AND (k <= 1129935))

table 5 : explain SELECT k, c FROM sbtest5 WHERE k BETWEEN 1129835 AND 1129935
	Bitmap Heap Scan on sbtest5  (cost=5.46..401.19 rows=100 width=125)
	  Recheck Cond: ((k >= 1129835) AND (k <= 1129935))
	  ->  Bitmap Index Scan on k_5  (cost=0.00..5.43 rows=100 width=0)
	        Index Cond: ((k >= 1129835) AND (k <= 1129935))

table 6 : explain SELECT k, c FROM sbtest6 WHERE k BETWEEN 1129835 AND 1129935
	Bitmap Heap Scan on sbtest6  (cost=5.42..385.43 rows=96 width=125)
	  Recheck Cond: ((k >= 1129835) AND (k <= 1129935))
	  ->  Bitmap Index Scan on k_6  (cost=0.00..5.39 rows=96 width=0)
	        Index Cond: ((k >= 1129835) AND (k <= 1129935))

table 7 : explain SELECT k, c FROM sbtest7 WHERE k BETWEEN 1129835 AND 1129935
	Bitmap Heap Scan on sbtest7  (cost=5.50..416.94 rows=104 width=125)
	  Recheck Cond: ((k >= 1129835) AND (k <= 1129935))
	  ->  Bitmap Index Scan on k_7  (cost=0.00..5.47 rows=104 width=0)
	        Index Cond: ((k >= 1129835) AND (k <= 1129935))

table 8 : explain SELECT k, c FROM sbtest8 WHERE k BETWEEN 1129835 AND 1129935
	Bitmap Heap Scan on sbtest8  (cost=5.43..389.37 rows=97 width=125)
	  Recheck Cond: ((k >= 1129835) AND (k <= 1129935))
	  ->  Bitmap Index Scan on k_8  (cost=0.00..5.40 rows=97 width=0)
	        Index Cond: ((k >= 1129835) AND (k <= 1129935))

explain: for range-notcovered :: explain SELECT k, c FROM sbtest%d WHERE k BETWEEN 1129835 AND 1129935
for range-notcovered
table 1 : explain SELECT k, c FROM sbtest1 WHERE k BETWEEN 5650161 AND 5650261
	Bitmap Heap Scan on sbtest1  (cost=5.44..393.31 rows=98 width=125)
	  Recheck Cond: ((k >= 5650161) AND (k <= 5650261))
	  ->  Bitmap Index Scan on k_1  (cost=0.00..5.42 rows=98 width=0)
	        Index Cond: ((k >= 5650161) AND (k <= 5650261))

table 2 : explain SELECT k, c FROM sbtest2 WHERE k BETWEEN 5650161 AND 5650261
	Bitmap Heap Scan on sbtest2  (cost=5.49..413.00 rows=103 width=125)
	  Recheck Cond: ((k >= 5650161) AND (k <= 5650261))
	  ->  Bitmap Index Scan on k_2  (cost=0.00..5.46 rows=103 width=0)
	        Index Cond: ((k >= 5650161) AND (k <= 5650261))

table 3 : explain SELECT k, c FROM sbtest3 WHERE k BETWEEN 5650161 AND 5650261
	Bitmap Heap Scan on sbtest3  (cost=5.48..409.07 rows=102 width=125)
	  Recheck Cond: ((k >= 5650161) AND (k <= 5650261))
	  ->  Bitmap Index Scan on k_3  (cost=0.00..5.45 rows=102 width=0)
	        Index Cond: ((k >= 5650161) AND (k <= 5650261))

table 4 : explain SELECT k, c FROM sbtest4 WHERE k BETWEEN 5650161 AND 5650261
	Bitmap Heap Scan on sbtest4  (cost=5.65..475.95 rows=119 width=125)
	  Recheck Cond: ((k >= 5650161) AND (k <= 5650261))
	  ->  Bitmap Index Scan on k_4  (cost=0.00..5.62 rows=119 width=0)
	        Index Cond: ((k >= 5650161) AND (k <= 5650261))

table 5 : explain SELECT k, c FROM sbtest5 WHERE k BETWEEN 5650161 AND 5650261
	Bitmap Heap Scan on sbtest5  (cost=5.50..416.94 rows=104 width=125)
	  Recheck Cond: ((k >= 5650161) AND (k <= 5650261))
	  ->  Bitmap Index Scan on k_5  (cost=0.00..5.47 rows=104 width=0)
	        Index Cond: ((k >= 5650161) AND (k <= 5650261))

table 6 : explain SELECT k, c FROM sbtest6 WHERE k BETWEEN 5650161 AND 5650261
	Bitmap Heap Scan on sbtest6  (cost=5.60..456.29 rows=114 width=125)
	  Recheck Cond: ((k >= 5650161) AND (k <= 5650261))
	  ->  Bitmap Index Scan on k_6  (cost=0.00..5.58 rows=114 width=0)
	        Index Cond: ((k >= 5650161) AND (k <= 5650261))

table 7 : explain SELECT k, c FROM sbtest7 WHERE k BETWEEN 5650161 AND 5650261
	Bitmap Heap Scan on sbtest7  (cost=5.40..377.55 rows=94 width=125)
	  Recheck Cond: ((k >= 5650161) AND (k <= 5650261))
	  ->  Bitmap Index Scan on k_7  (cost=0.00..5.38 rows=94 width=0)
	        Index Cond: ((k >= 5650161) AND (k <= 5650261))

table 8 : explain SELECT k, c FROM sbtest8 WHERE k BETWEEN 5650161 AND 5650261
	Bitmap Heap Scan on sbtest8  (cost=5.47..405.13 rows=101 width=125)
	  Recheck Cond: ((k >= 5650161) AND (k <= 5650261))
	  ->  Bitmap Index Scan on k_8  (cost=0.00..5.44 rows=101 width=0)
	        Index Cond: ((k >= 5650161) AND (k <= 5650261))

explain: for range-notcovered :: explain SELECT k, c FROM sbtest%d WHERE k BETWEEN 5650161 AND 5650261
explain: for range-notcovered :: explain SELECT k, c FROM sbtest%d WHERE k BETWEEN 6412603 AND 6412703
for range-notcovered
table 1 : explain SELECT k, c FROM sbtest1 WHERE k BETWEEN 7579136 AND 7579236
	Bitmap Heap Scan on sbtest1  (cost=5.45..397.25 rows=99 width=125)
	  Recheck Cond: ((k >= 7579136) AND (k <= 7579236))
	  ->  Bitmap Index Scan on k_1  (cost=0.00..5.42 rows=99 width=0)
	        Index Cond: ((k >= 7579136) AND (k <= 7579236))

table 2 : explain SELECT k, c FROM sbtest2 WHERE k BETWEEN 7579136 AND 7579236
	Bitmap Heap Scan on sbtest2  (cost=5.51..420.88 rows=105 width=125)
	  Recheck Cond: ((k >= 7579136) AND (k <= 7579236))
	  ->  Bitmap Index Scan on k_2  (cost=0.00..5.48 rows=105 width=0)
	        Index Cond: ((k >= 7579136) AND (k <= 7579236))

table 3 : explain SELECT k, c FROM sbtest3 WHERE k BETWEEN 7579136 AND 7579236
	Bitmap Heap Scan on sbtest3  (cost=5.40..377.55 rows=94 width=125)
	  Recheck Cond: ((k >= 7579136) AND (k <= 7579236))
	  ->  Bitmap Index Scan on k_3  (cost=0.00..5.38 rows=94 width=0)
	        Index Cond: ((k >= 7579136) AND (k <= 7579236))

table 4 : explain SELECT k, c FROM sbtest4 WHERE k BETWEEN 7579136 AND 7579236
	Bitmap Heap Scan on sbtest4  (cost=5.44..393.31 rows=98 width=125)
	  Recheck Cond: ((k >= 7579136) AND (k <= 7579236))
	  ->  Bitmap Index Scan on k_4  (cost=0.00..5.42 rows=98 width=0)
	        Index Cond: ((k >= 7579136) AND (k <= 7579236))

table 5 : explain SELECT k, c FROM sbtest5 WHERE k BETWEEN 7579136 AND 7579236
	Bitmap Heap Scan on sbtest5  (cost=5.55..436.62 rows=109 width=125)
	  Recheck Cond: ((k >= 7579136) AND (k <= 7579236))
	  ->  Bitmap Index Scan on k_5  (cost=0.00..5.52 rows=109 width=0)
	        Index Cond: ((k >= 7579136) AND (k <= 7579236))

table 6 : explain SELECT k, c FROM sbtest6 WHERE k BETWEEN 7579136 AND 7579236
	Bitmap Heap Scan on sbtest6  (cost=5.43..389.37 rows=97 width=125)
	  Recheck Cond: ((k >= 7579136) AND (k <= 7579236))
	  ->  Bitmap Index Scan on k_6  (cost=0.00..5.40 rows=97 width=0)
	        Index Cond: ((k >= 7579136) AND (k <= 7579236))

table 7 : explain SELECT k, c FROM sbtest7 WHERE k BETWEEN 7579136 AND 7579236
	Bitmap Heap Scan on sbtest7  (cost=5.45..397.25 rows=99 width=125)
	  Recheck Cond: ((k >= 7579136) AND (k <= 7579236))
	  ->  Bitmap Index Scan on k_7  (cost=0.00..5.42 rows=99 width=0)
	        Index Cond: ((k >= 7579136) AND (k <= 7579236))

table 8 : explain SELECT k, c FROM sbtest8 WHERE k BETWEEN 7579136 AND 7579236
	Bitmap Heap Scan on sbtest8  (cost=5.46..401.19 rows=100 width=125)
	  Recheck Cond: ((k >= 7579136) AND (k <= 7579236))
	  ->  Bitmap Index Scan on k_8  (cost=0.00..5.43 rows=100 width=0)
	        Index Cond: ((k >= 7579136) AND (k <= 7579236))

for range-notcovered
table 1 : explain SELECT k, c FROM sbtest1 WHERE k BETWEEN 7491201 AND 7491301
	Bitmap Heap Scan on sbtest1  (cost=5.45..397.25 rows=99 width=125)
	  Recheck Cond: ((k >= 7491201) AND (k <= 7491301))
	  ->  Bitmap Index Scan on k_1  (cost=0.00..5.42 rows=99 width=0)
	        Index Cond: ((k >= 7491201) AND (k <= 7491301))

table 2 : explain SELECT k, c FROM sbtest2 WHERE k BETWEEN 7491201 AND 7491301
	Bitmap Heap Scan on sbtest2  (cost=5.54..432.69 rows=108 width=125)
	  Recheck Cond: ((k >= 7491201) AND (k <= 7491301))
	  ->  Bitmap Index Scan on k_2  (cost=0.00..5.51 rows=108 width=0)
	        Index Cond: ((k >= 7491201) AND (k <= 7491301))

table 3 : explain SELECT k, c FROM sbtest3 WHERE k BETWEEN 7491201 AND 7491301
	Bitmap Heap Scan on sbtest3  (cost=5.40..377.55 rows=94 width=125)
	  Recheck Cond: ((k >= 7491201) AND (k <= 7491301))
	  ->  Bitmap Index Scan on k_3  (cost=0.00..5.38 rows=94 width=0)
	        Index Cond: ((k >= 7491201) AND (k <= 7491301))

table 4 : explain SELECT k, c FROM sbtest4 WHERE k BETWEEN 7491201 AND 7491301
	Bitmap Heap Scan on sbtest4  (cost=5.37..365.72 rows=91 width=125)
	  Recheck Cond: ((k >= 7491201) AND (k <= 7491301))
	  ->  Bitmap Index Scan on k_4  (cost=0.00..5.34 rows=91 width=0)
	        Index Cond: ((k >= 7491201) AND (k <= 7491301))

table 5 : explain SELECT k, c FROM sbtest5 WHERE k BETWEEN 7491201 AND 7491301
	Bitmap Heap Scan on sbtest5  (cost=5.50..416.94 rows=104 width=125)
	  Recheck Cond: ((k >= 7491201) AND (k <= 7491301))
	  ->  Bitmap Index Scan on k_5  (cost=0.00..5.47 rows=104 width=0)
	        Index Cond: ((k >= 7491201) AND (k <= 7491301))

table 6 : explain SELECT k, c FROM sbtest6 WHERE k BETWEEN 7491201 AND 7491301
	Bitmap Heap Scan on sbtest6  (cost=5.48..409.07 rows=102 width=125)
	  Recheck Cond: ((k >= 7491201) AND (k <= 7491301))
	  ->  Bitmap Index Scan on k_6  (cost=0.00..5.45 rows=102 width=0)
	        Index Cond: ((k >= 7491201) AND (k <= 7491301))

table 7 : explain SELECT k, c FROM sbtest7 WHERE k BETWEEN 7491201 AND 7491301
	Bitmap Heap Scan on sbtest7  (cost=5.45..397.25 rows=99 width=125)
	  Recheck Cond: ((k >= 7491201) AND (k <= 7491301))
	  ->  Bitmap Index Scan on k_7  (cost=0.00..5.42 rows=99 width=0)
	        Index Cond: ((k >= 7491201) AND (k <= 7491301))

table 8 : explain SELECT k, c FROM sbtest8 WHERE k BETWEEN 7491201 AND 7491301
	Bitmap Heap Scan on sbtest8  (cost=5.43..389.37 rows=97 width=125)
	  Recheck Cond: ((k >= 7491201) AND (k <= 7491301))
	  ->  Bitmap Index Scan on k_8  (cost=0.00..5.40 rows=97 width=0)
	        Index Cond: ((k >= 7491201) AND (k <= 7491301))

explain: for range-notcovered :: explain SELECT k, c FROM sbtest%d WHERE k BETWEEN 7579136 AND 7579236
for range-notcovered
table 1 : explain SELECT k, c FROM sbtest1 WHERE k BETWEEN 5650161 AND 5650261
	Bitmap Heap Scan on sbtest1  (cost=5.44..393.31 rows=98 width=125)
	  Recheck Cond: ((k >= 5650161) AND (k <= 5650261))
	  ->  Bitmap Index Scan on k_1  (cost=0.00..5.42 rows=98 width=0)
	        Index Cond: ((k >= 5650161) AND (k <= 5650261))

table 2 : explain SELECT k, c FROM sbtest2 WHERE k BETWEEN 5650161 AND 5650261
	Bitmap Heap Scan on sbtest2  (cost=5.49..413.00 rows=103 width=125)
	  Recheck Cond: ((k >= 5650161) AND (k <= 5650261))
	  ->  Bitmap Index Scan on k_2  (cost=0.00..5.46 rows=103 width=0)
	        Index Cond: ((k >= 5650161) AND (k <= 5650261))

table 3 : explain SELECT k, c FROM sbtest3 WHERE k BETWEEN 5650161 AND 5650261
	Bitmap Heap Scan on sbtest3  (cost=5.48..409.07 rows=102 width=125)
	  Recheck Cond: ((k >= 5650161) AND (k <= 5650261))
	  ->  Bitmap Index Scan on k_3  (cost=0.00..5.45 rows=102 width=0)
	        Index Cond: ((k >= 5650161) AND (k <= 5650261))

table 4 : explain SELECT k, c FROM sbtest4 WHERE k BETWEEN 5650161 AND 5650261
	Bitmap Heap Scan on sbtest4  (cost=5.65..475.95 rows=119 width=125)
	  Recheck Cond: ((k >= 5650161) AND (k <= 5650261))
	  ->  Bitmap Index Scan on k_4  (cost=0.00..5.62 rows=119 width=0)
	        Index Cond: ((k >= 5650161) AND (k <= 5650261))

table 5 : explain SELECT k, c FROM sbtest5 WHERE k BETWEEN 5650161 AND 5650261
	Bitmap Heap Scan on sbtest5  (cost=5.50..416.94 rows=104 width=125)
	  Recheck Cond: ((k >= 5650161) AND (k <= 5650261))
	  ->  Bitmap Index Scan on k_5  (cost=0.00..5.47 rows=104 width=0)
	        Index Cond: ((k >= 5650161) AND (k <= 5650261))

table 6 : explain SELECT k, c FROM sbtest6 WHERE k BETWEEN 5650161 AND 5650261
	Bitmap Heap Scan on sbtest6  (cost=5.60..456.29 rows=114 width=125)
	  Recheck Cond: ((k >= 5650161) AND (k <= 5650261))
	  ->  Bitmap Index Scan on k_6  (cost=0.00..5.58 rows=114 width=0)
	        Index Cond: ((k >= 5650161) AND (k <= 5650261))

table 7 : explain SELECT k, c FROM sbtest7 WHERE k BETWEEN 5650161 AND 5650261
	Bitmap Heap Scan on sbtest7  (cost=5.40..377.55 rows=94 width=125)
	  Recheck Cond: ((k >= 5650161) AND (k <= 5650261))
	  ->  Bitmap Index Scan on k_7  (cost=0.00..5.38 rows=94 width=0)
	        Index Cond: ((k >= 5650161) AND (k <= 5650261))

table 8 : explain SELECT k, c FROM sbtest8 WHERE k BETWEEN 5650161 AND 5650261
	Bitmap Heap Scan on sbtest8  (cost=5.47..405.13 rows=101 width=125)
	  Recheck Cond: ((k >= 5650161) AND (k <= 5650261))
	  ->  Bitmap Index Scan on k_8  (cost=0.00..5.44 rows=101 width=0)
	        Index Cond: ((k >= 5650161) AND (k <= 5650261))

explain: for range-notcovered :: explain SELECT k, c FROM sbtest%d WHERE k BETWEEN 5650161 AND 5650261
for range-notcovered
table 1 : explain SELECT k, c FROM sbtest1 WHERE k BETWEEN 1129835 AND 1129935
	Bitmap Heap Scan on sbtest1  (cost=5.51..420.88 rows=105 width=125)
	  Recheck Cond: ((k >= 1129835) AND (k <= 1129935))
	  ->  Bitmap Index Scan on k_1  (cost=0.00..5.48 rows=105 width=0)
	        Index Cond: ((k >= 1129835) AND (k <= 1129935))

table 2 : explain SELECT k, c FROM sbtest2 WHERE k BETWEEN 1129835 AND 1129935
	Bitmap Heap Scan on sbtest2  (cost=5.49..413.00 rows=103 width=125)
	  Recheck Cond: ((k >= 1129835) AND (k <= 1129935))
	  ->  Bitmap Index Scan on k_2  (cost=0.00..5.46 rows=103 width=0)
	        Index Cond: ((k >= 1129835) AND (k <= 1129935))

table 3 : explain SELECT k, c FROM sbtest3 WHERE k BETWEEN 1129835 AND 1129935
	Bitmap Heap Scan on sbtest3  (cost=5.49..413.00 rows=103 width=125)
	  Recheck Cond: ((k >= 1129835) AND (k <= 1129935))
	  ->  Bitmap Index Scan on k_3  (cost=0.00..5.46 rows=103 width=0)
	        Index Cond: ((k >= 1129835) AND (k <= 1129935))

table 4 : explain SELECT k, c FROM sbtest4 WHERE k BETWEEN 1129835 AND 1129935
	Bitmap Heap Scan on sbtest4  (cost=5.46..401.19 rows=100 width=125)
	  Recheck Cond: ((k >= 1129835) AND (k <= 1129935))
	  ->  Bitmap Index Scan on k_4  (cost=0.00..5.43 rows=100 width=0)
	        Index Cond: ((k >= 1129835) AND (k <= 1129935))

table 5 : explain SELECT k, c FROM sbtest5 WHERE k BETWEEN 1129835 AND 1129935
	Bitmap Heap Scan on sbtest5  (cost=5.46..401.19 rows=100 width=125)
	  Recheck Cond: ((k >= 1129835) AND (k <= 1129935))
	  ->  Bitmap Index Scan on k_5  (cost=0.00..5.43 rows=100 width=0)
	        Index Cond: ((k >= 1129835) AND (k <= 1129935))

table 6 : explain SELECT k, c FROM sbtest6 WHERE k BETWEEN 1129835 AND 1129935
	Bitmap Heap Scan on sbtest6  (cost=5.42..385.43 rows=96 width=125)
	  Recheck Cond: ((k >= 1129835) AND (k <= 1129935))
	  ->  Bitmap Index Scan on k_6  (cost=0.00..5.39 rows=96 width=0)
	        Index Cond: ((k >= 1129835) AND (k <= 1129935))

table 7 : explain SELECT k, c FROM sbtest7 WHERE k BETWEEN 1129835 AND 1129935
	Bitmap Heap Scan on sbtest7  (cost=5.50..416.94 rows=104 width=125)
	  Recheck Cond: ((k >= 1129835) AND (k <= 1129935))
	  ->  Bitmap Index Scan on k_7  (cost=0.00..5.47 rows=104 width=0)
	        Index Cond: ((k >= 1129835) AND (k <= 1129935))

table 8 : explain SELECT k, c FROM sbtest8 WHERE k BETWEEN 1129835 AND 1129935
	Bitmap Heap Scan on sbtest8  (cost=5.43..389.37 rows=97 width=125)
	  Recheck Cond: ((k >= 1129835) AND (k <= 1129935))
	  ->  Bitmap Index Scan on k_8  (cost=0.00..5.40 rows=97 width=0)
	        Index Cond: ((k >= 1129835) AND (k <= 1129935))

for range-notcovered
table 1 : explain SELECT k, c FROM sbtest1 WHERE k BETWEEN 5447845 AND 5447945
	Bitmap Heap Scan on sbtest1  (cost=5.54..432.69 rows=108 width=125)
	  Recheck Cond: ((k >= 5447845) AND (k <= 5447945))
	  ->  Bitmap Index Scan on k_1  (cost=0.00..5.51 rows=108 width=0)
	        Index Cond: ((k >= 5447845) AND (k <= 5447945))

table 2 : explain SELECT k, c FROM sbtest2 WHERE k BETWEEN 5447845 AND 5447945
	Bitmap Heap Scan on sbtest2  (cost=5.44..393.31 rows=98 width=125)
	  Recheck Cond: ((k >= 5447845) AND (k <= 5447945))
	  ->  Bitmap Index Scan on k_2  (cost=0.00..5.42 rows=98 width=0)
	        Index Cond: ((k >= 5447845) AND (k <= 5447945))

table 3 : explain SELECT k, c FROM sbtest3 WHERE k BETWEEN 5447845 AND 5447945
	Bitmap Heap Scan on sbtest3  (cost=5.44..393.31 rows=98 width=125)
	  Recheck Cond: ((k >= 5447845) AND (k <= 5447945))
	  ->  Bitmap Index Scan on k_3  (cost=0.00..5.42 rows=98 width=0)
	        Index Cond: ((k >= 5447845) AND (k <= 5447945))

table 4 : explain SELECT k, c FROM sbtest4 WHERE k BETWEEN 5447845 AND 5447945
	Bitmap Heap Scan on sbtest4  (cost=5.50..416.94 rows=104 width=125)
	  Recheck Cond: ((k >= 5447845) AND (k <= 5447945))
	  ->  Bitmap Index Scan on k_4  (cost=0.00..5.47 rows=104 width=0)
	        Index Cond: ((k >= 5447845) AND (k <= 5447945))

table 5 : explain SELECT k, c FROM sbtest5 WHERE k BETWEEN 5447845 AND 5447945
	Bitmap Heap Scan on sbtest5  (cost=5.50..416.94 rows=104 width=125)
	  Recheck Cond: ((k >= 5447845) AND (k <= 5447945))
	  ->  Bitmap Index Scan on k_5  (cost=0.00..5.47 rows=104 width=0)
	        Index Cond: ((k >= 5447845) AND (k <= 5447945))

table 6 : explain SELECT k, c FROM sbtest6 WHERE k BETWEEN 5447845 AND 5447945
	Bitmap Heap Scan on sbtest6  (cost=5.33..349.95 rows=87 width=125)
	  Recheck Cond: ((k >= 5447845) AND (k <= 5447945))
	  ->  Bitmap Index Scan on k_6  (cost=0.00..5.30 rows=87 width=0)
	        Index Cond: ((k >= 5447845) AND (k <= 5447945))

table 7 : explain SELECT k, c FROM sbtest7 WHERE k BETWEEN 5447845 AND 5447945
	Bitmap Heap Scan on sbtest7  (cost=5.51..420.88 rows=105 width=125)
	  Recheck Cond: ((k >= 5447845) AND (k <= 5447945))
	  ->  Bitmap Index Scan on k_7  (cost=0.00..5.48 rows=105 width=0)
	        Index Cond: ((k >= 5447845) AND (k <= 5447945))

table 8 : explain SELECT k, c FROM sbtest8 WHERE k BETWEEN 5447845 AND 5447945
	Bitmap Heap Scan on sbtest8  (cost=5.42..385.43 rows=96 width=125)
	  Recheck Cond: ((k >= 5447845) AND (k <= 5447945))
	  ->  Bitmap Index Scan on k_8  (cost=0.00..5.39 rows=96 width=0)
	        Index Cond: ((k >= 5447845) AND (k <= 5447945))

explain: for range-notcovered :: explain SELECT k, c FROM sbtest%d WHERE k BETWEEN 5447845 AND 5447945
for range-notcovered
table 1 : explain SELECT k, c FROM sbtest1 WHERE k BETWEEN 7579136 AND 7579236
	Bitmap Heap Scan on sbtest1  (cost=5.45..397.25 rows=99 width=125)
	  Recheck Cond: ((k >= 7579136) AND (k <= 7579236))
	  ->  Bitmap Index Scan on k_1  (cost=0.00..5.42 rows=99 width=0)
	        Index Cond: ((k >= 7579136) AND (k <= 7579236))

table 2 : explain SELECT k, c FROM sbtest2 WHERE k BETWEEN 7579136 AND 7579236
	Bitmap Heap Scan on sbtest2  (cost=5.51..420.88 rows=105 width=125)
	  Recheck Cond: ((k >= 7579136) AND (k <= 7579236))
	  ->  Bitmap Index Scan on k_2  (cost=0.00..5.48 rows=105 width=0)
	        Index Cond: ((k >= 7579136) AND (k <= 7579236))

table 3 : explain SELECT k, c FROM sbtest3 WHERE k BETWEEN 7579136 AND 7579236
	Bitmap Heap Scan on sbtest3  (cost=5.40..377.55 rows=94 width=125)
	  Recheck Cond: ((k >= 7579136) AND (k <= 7579236))
	  ->  Bitmap Index Scan on k_3  (cost=0.00..5.38 rows=94 width=0)
	        Index Cond: ((k >= 7579136) AND (k <= 7579236))

table 4 : explain SELECT k, c FROM sbtest4 WHERE k BETWEEN 7579136 AND 7579236
	Bitmap Heap Scan on sbtest4  (cost=5.44..393.31 rows=98 width=125)
	  Recheck Cond: ((k >= 7579136) AND (k <= 7579236))
	  ->  Bitmap Index Scan on k_4  (cost=0.00..5.42 rows=98 width=0)
	        Index Cond: ((k >= 7579136) AND (k <= 7579236))

table 5 : explain SELECT k, c FROM sbtest5 WHERE k BETWEEN 7579136 AND 7579236
	Bitmap Heap Scan on sbtest5  (cost=5.55..436.62 rows=109 width=125)
	  Recheck Cond: ((k >= 7579136) AND (k <= 7579236))
	  ->  Bitmap Index Scan on k_5  (cost=0.00..5.52 rows=109 width=0)
	        Index Cond: ((k >= 7579136) AND (k <= 7579236))

table 6 : explain SELECT k, c FROM sbtest6 WHERE k BETWEEN 7579136 AND 7579236
	Bitmap Heap Scan on sbtest6  (cost=5.43..389.37 rows=97 width=125)
	  Recheck Cond: ((k >= 7579136) AND (k <= 7579236))
	  ->  Bitmap Index Scan on k_6  (cost=0.00..5.40 rows=97 width=0)
	        Index Cond: ((k >= 7579136) AND (k <= 7579236))

table 7 : explain SELECT k, c FROM sbtest7 WHERE k BETWEEN 7579136 AND 7579236
	Bitmap Heap Scan on sbtest7  (cost=5.45..397.25 rows=99 width=125)
	  Recheck Cond: ((k >= 7579136) AND (k <= 7579236))
	  ->  Bitmap Index Scan on k_7  (cost=0.00..5.42 rows=99 width=0)
	        Index Cond: ((k >= 7579136) AND (k <= 7579236))

table 8 : explain SELECT k, c FROM sbtest8 WHERE k BETWEEN 7579136 AND 7579236
	Bitmap Heap Scan on sbtest8  (cost=5.46..401.19 rows=100 width=125)
	  Recheck Cond: ((k >= 7579136) AND (k <= 7579236))
	  ->  Bitmap Index Scan on k_8  (cost=0.00..5.43 rows=100 width=0)
	        Index Cond: ((k >= 7579136) AND (k <= 7579236))

explain: for range-notcovered :: explain SELECT k, c FROM sbtest%d WHERE k BETWEEN 7579136 AND 7579236
for range-notcovered
table 1 : explain SELECT k, c FROM sbtest1 WHERE k BETWEEN 5650161 AND 5650261
	Bitmap Heap Scan on sbtest1  (cost=5.44..393.31 rows=98 width=125)
	  Recheck Cond: ((k >= 5650161) AND (k <= 5650261))
	  ->  Bitmap Index Scan on k_1  (cost=0.00..5.42 rows=98 width=0)
	        Index Cond: ((k >= 5650161) AND (k <= 5650261))

table 2 : explain SELECT k, c FROM sbtest2 WHERE k BETWEEN 5650161 AND 5650261
	Bitmap Heap Scan on sbtest2  (cost=5.49..413.00 rows=103 width=125)
	  Recheck Cond: ((k >= 5650161) AND (k <= 5650261))
	  ->  Bitmap Index Scan on k_2  (cost=0.00..5.46 rows=103 width=0)
	        Index Cond: ((k >= 5650161) AND (k <= 5650261))

table 3 : explain SELECT k, c FROM sbtest3 WHERE k BETWEEN 5650161 AND 5650261
	Bitmap Heap Scan on sbtest3  (cost=5.48..409.07 rows=102 width=125)
	  Recheck Cond: ((k >= 5650161) AND (k <= 5650261))
	  ->  Bitmap Index Scan on k_3  (cost=0.00..5.45 rows=102 width=0)
	        Index Cond: ((k >= 5650161) AND (k <= 5650261))

table 4 : explain SELECT k, c FROM sbtest4 WHERE k BETWEEN 5650161 AND 5650261
	Bitmap Heap Scan on sbtest4  (cost=5.65..475.95 rows=119 width=125)
	  Recheck Cond: ((k >= 5650161) AND (k <= 5650261))
	  ->  Bitmap Index Scan on k_4  (cost=0.00..5.62 rows=119 width=0)
	        Index Cond: ((k >= 5650161) AND (k <= 5650261))

table 5 : explain SELECT k, c FROM sbtest5 WHERE k BETWEEN 5650161 AND 5650261
	Bitmap Heap Scan on sbtest5  (cost=5.50..416.94 rows=104 width=125)
	  Recheck Cond: ((k >= 5650161) AND (k <= 5650261))
	  ->  Bitmap Index Scan on k_5  (cost=0.00..5.47 rows=104 width=0)
	        Index Cond: ((k >= 5650161) AND (k <= 5650261))

table 6 : explain SELECT k, c FROM sbtest6 WHERE k BETWEEN 5650161 AND 5650261
	Bitmap Heap Scan on sbtest6  (cost=5.60..456.29 rows=114 width=125)
	  Recheck Cond: ((k >= 5650161) AND (k <= 5650261))
	  ->  Bitmap Index Scan on k_6  (cost=0.00..5.58 rows=114 width=0)
	        Index Cond: ((k >= 5650161) AND (k <= 5650261))

table 7 : explain SELECT k, c FROM sbtest7 WHERE k BETWEEN 5650161 AND 5650261
	Bitmap Heap Scan on sbtest7  (cost=5.40..377.55 rows=94 width=125)
	  Recheck Cond: ((k >= 5650161) AND (k <= 5650261))
	  ->  Bitmap Index Scan on k_7  (cost=0.00..5.38 rows=94 width=0)
	        Index Cond: ((k >= 5650161) AND (k <= 5650261))

table 8 : explain SELECT k, c FROM sbtest8 WHERE k BETWEEN 5650161 AND 5650261
	Bitmap Heap Scan on sbtest8  (cost=5.47..405.13 rows=101 width=125)
	  Recheck Cond: ((k >= 5650161) AND (k <= 5650261))
	  ->  Bitmap Index Scan on k_8  (cost=0.00..5.44 rows=101 width=0)
	        Index Cond: ((k >= 5650161) AND (k <= 5650261))

explain: for range-notcovered :: explain SELECT k, c FROM sbtest%d WHERE k BETWEEN 5650161 AND 5650261
for range-notcovered
table 1 : explain SELECT k, c FROM sbtest1 WHERE k BETWEEN 5447845 AND 5447945
	Bitmap Heap Scan on sbtest1  (cost=5.54..432.69 rows=108 width=125)
	  Recheck Cond: ((k >= 5447845) AND (k <= 5447945))
	  ->  Bitmap Index Scan on k_1  (cost=0.00..5.51 rows=108 width=0)
	        Index Cond: ((k >= 5447845) AND (k <= 5447945))

table 2 : explain SELECT k, c FROM sbtest2 WHERE k BETWEEN 5447845 AND 5447945
	Bitmap Heap Scan on sbtest2  (cost=5.44..393.31 rows=98 width=125)
	  Recheck Cond: ((k >= 5447845) AND (k <= 5447945))
	  ->  Bitmap Index Scan on k_2  (cost=0.00..5.42 rows=98 width=0)
	        Index Cond: ((k >= 5447845) AND (k <= 5447945))

table 3 : explain SELECT k, c FROM sbtest3 WHERE k BETWEEN 5447845 AND 5447945
	Bitmap Heap Scan on sbtest3  (cost=5.44..393.31 rows=98 width=125)
	  Recheck Cond: ((k >= 5447845) AND (k <= 5447945))
	  ->  Bitmap Index Scan on k_3  (cost=0.00..5.42 rows=98 width=0)
	        Index Cond: ((k >= 5447845) AND (k <= 5447945))

table 4 : explain SELECT k, c FROM sbtest4 WHERE k BETWEEN 5447845 AND 5447945
	Bitmap Heap Scan on sbtest4  (cost=5.50..416.94 rows=104 width=125)
	  Recheck Cond: ((k >= 5447845) AND (k <= 5447945))
	  ->  Bitmap Index Scan on k_4  (cost=0.00..5.47 rows=104 width=0)
	        Index Cond: ((k >= 5447845) AND (k <= 5447945))

table 5 : explain SELECT k, c FROM sbtest5 WHERE k BETWEEN 5447845 AND 5447945
	Bitmap Heap Scan on sbtest5  (cost=5.50..416.94 rows=104 width=125)
	  Recheck Cond: ((k >= 5447845) AND (k <= 5447945))
	  ->  Bitmap Index Scan on k_5  (cost=0.00..5.47 rows=104 width=0)
	        Index Cond: ((k >= 5447845) AND (k <= 5447945))

table 6 : explain SELECT k, c FROM sbtest6 WHERE k BETWEEN 5447845 AND 5447945
	Bitmap Heap Scan on sbtest6  (cost=5.33..349.95 rows=87 width=125)
	  Recheck Cond: ((k >= 5447845) AND (k <= 5447945))
	  ->  Bitmap Index Scan on k_6  (cost=0.00..5.30 rows=87 width=0)
	        Index Cond: ((k >= 5447845) AND (k <= 5447945))

table 7 : explain SELECT k, c FROM sbtest7 WHERE k BETWEEN 5447845 AND 5447945
	Bitmap Heap Scan on sbtest7  (cost=5.51..420.88 rows=105 width=125)
	  Recheck Cond: ((k >= 5447845) AND (k <= 5447945))
	  ->  Bitmap Index Scan on k_7  (cost=0.00..5.48 rows=105 width=0)
	        Index Cond: ((k >= 5447845) AND (k <= 5447945))

table 8 : explain SELECT k, c FROM sbtest8 WHERE k BETWEEN 5447845 AND 5447945
	Bitmap Heap Scan on sbtest8  (cost=5.42..385.43 rows=96 width=125)
	  Recheck Cond: ((k >= 5447845) AND (k <= 5447945))
	  ->  Bitmap Index Scan on k_8  (cost=0.00..5.39 rows=96 width=0)
	        Index Cond: ((k >= 5447845) AND (k <= 5447945))

explain: for range-notcovered :: explain SELECT k, c FROM sbtest%d WHERE k BETWEEN 5447845 AND 5447945
for range-notcovered
table 1 : explain SELECT k, c FROM sbtest1 WHERE k BETWEEN 5028096 AND 5028196
	Bitmap Heap Scan on sbtest1  (cost=5.61..460.22 rows=115 width=125)
	  Recheck Cond: ((k >= 5028096) AND (k <= 5028196))
	  ->  Bitmap Index Scan on k_1  (cost=0.00..5.58 rows=115 width=0)
	        Index Cond: ((k >= 5028096) AND (k <= 5028196))

table 2 : explain SELECT k, c FROM sbtest2 WHERE k BETWEEN 5028096 AND 5028196
	Bitmap Heap Scan on sbtest2  (cost=5.43..389.37 rows=97 width=125)
	  Recheck Cond: ((k >= 5028096) AND (k <= 5028196))
	  ->  Bitmap Index Scan on k_2  (cost=0.00..5.40 rows=97 width=0)
	        Index Cond: ((k >= 5028096) AND (k <= 5028196))

table 3 : explain SELECT k, c FROM sbtest3 WHERE k BETWEEN 5028096 AND 5028196
	Bitmap Heap Scan on sbtest3  (cost=5.54..432.69 rows=108 width=125)
	  Recheck Cond: ((k >= 5028096) AND (k <= 5028196))
	  ->  Bitmap Index Scan on k_3  (cost=0.00..5.51 rows=108 width=0)
	        Index Cond: ((k >= 5028096) AND (k <= 5028196))

table 4 : explain SELECT k, c FROM sbtest4 WHERE k BETWEEN 5028096 AND 5028196
	Bitmap Heap Scan on sbtest4  (cost=5.49..413.00 rows=103 width=125)
	  Recheck Cond: ((k >= 5028096) AND (k <= 5028196))
	  ->  Bitmap Index Scan on k_4  (cost=0.00..5.46 rows=103 width=0)
	        Index Cond: ((k >= 5028096) AND (k <= 5028196))

table 5 : explain SELECT k, c FROM sbtest5 WHERE k BETWEEN 5028096 AND 5028196
	Bitmap Heap Scan on sbtest5  (cost=5.49..413.00 rows=103 width=125)
	  Recheck Cond: ((k >= 5028096) AND (k <= 5028196))
	  ->  Bitmap Index Scan on k_5  (cost=0.00..5.46 rows=103 width=0)
	        Index Cond: ((k >= 5028096) AND (k <= 5028196))

table 6 : explain SELECT k, c FROM sbtest6 WHERE k BETWEEN 5028096 AND 5028196
	Bitmap Heap Scan on sbtest6  (cost=5.46..401.19 rows=100 width=125)
	  Recheck Cond: ((k >= 5028096) AND (k <= 5028196))
	  ->  Bitmap Index Scan on k_6  (cost=0.00..5.43 rows=100 width=0)
	        Index Cond: ((k >= 5028096) AND (k <= 5028196))

table 7 : explain SELECT k, c FROM sbtest7 WHERE k BETWEEN 5028096 AND 5028196
	Bitmap Heap Scan on sbtest7  (cost=5.48..409.07 rows=102 width=125)
	  Recheck Cond: ((k >= 5028096) AND (k <= 5028196))
	  ->  Bitmap Index Scan on k_7  (cost=0.00..5.45 rows=102 width=0)
	        Index Cond: ((k >= 5028096) AND (k <= 5028196))

table 8 : explain SELECT k, c FROM sbtest8 WHERE k BETWEEN 5028096 AND 5028196
	Bitmap Heap Scan on sbtest8  (cost=5.51..420.88 rows=105 width=125)
	  Recheck Cond: ((k >= 5028096) AND (k <= 5028196))
	  ->  Bitmap Index Scan on k_8  (cost=0.00..5.48 rows=105 width=0)
	        Index Cond: ((k >= 5028096) AND (k <= 5028196))

for range-notcovered
table 1 : explain SELECT k, c FROM sbtest1 WHERE k BETWEEN 1164621 AND 1164721
	Bitmap Heap Scan on sbtest1  (cost=5.51..420.88 rows=105 width=125)
	  Recheck Cond: ((k >= 1164621) AND (k <= 1164721))
	  ->  Bitmap Index Scan on k_1  (cost=0.00..5.48 rows=105 width=0)
	        Index Cond: ((k >= 1164621) AND (k <= 1164721))

table 2 : explain SELECT k, c FROM sbtest2 WHERE k BETWEEN 1164621 AND 1164721
	Bitmap Heap Scan on sbtest2  (cost=5.49..413.00 rows=103 width=125)
	  Recheck Cond: ((k >= 1164621) AND (k <= 1164721))
	  ->  Bitmap Index Scan on k_2  (cost=0.00..5.46 rows=103 width=0)
	        Index Cond: ((k >= 1164621) AND (k <= 1164721))

table 3 : explain SELECT k, c FROM sbtest3 WHERE k BETWEEN 1164621 AND 1164721
	Bitmap Heap Scan on sbtest3  (cost=5.49..413.00 rows=103 width=125)
	  Recheck Cond: ((k >= 1164621) AND (k <= 1164721))
	  ->  Bitmap Index Scan on k_3  (cost=0.00..5.46 rows=103 width=0)
	        Index Cond: ((k >= 1164621) AND (k <= 1164721))

table 4 : explain SELECT k, c FROM sbtest4 WHERE k BETWEEN 1164621 AND 1164721
	Bitmap Heap Scan on sbtest4  (cost=5.46..401.19 rows=100 width=125)
	  Recheck Cond: ((k >= 1164621) AND (k <= 1164721))
	  ->  Bitmap Index Scan on k_4  (cost=0.00..5.43 rows=100 width=0)
	        Index Cond: ((k >= 1164621) AND (k <= 1164721))

table 5 : explain SELECT k, c FROM sbtest5 WHERE k BETWEEN 1164621 AND 1164721
	Bitmap Heap Scan on sbtest5  (cost=5.46..401.19 rows=100 width=125)
	  Recheck Cond: ((k >= 1164621) AND (k <= 1164721))
	  ->  Bitmap Index Scan on k_5  (cost=0.00..5.43 rows=100 width=0)
	        Index Cond: ((k >= 1164621) AND (k <= 1164721))

table 6 : explain SELECT k, c FROM sbtest6 WHERE k BETWEEN 1164621 AND 1164721
	Bitmap Heap Scan on sbtest6  (cost=5.42..385.43 rows=96 width=125)
	  Recheck Cond: ((k >= 1164621) AND (k <= 1164721))
	  ->  Bitmap Index Scan on k_6  (cost=0.00..5.39 rows=96 width=0)
	        Index Cond: ((k >= 1164621) AND (k <= 1164721))

table 7 : explain SELECT k, c FROM sbtest7 WHERE k BETWEEN 1164621 AND 1164721
	Bitmap Heap Scan on sbtest7  (cost=5.50..416.94 rows=104 width=125)
	  Recheck Cond: ((k >= 1164621) AND (k <= 1164721))
	  ->  Bitmap Index Scan on k_7  (cost=0.00..5.47 rows=104 width=0)
	        Index Cond: ((k >= 1164621) AND (k <= 1164721))

table 8 : explain SELECT k, c FROM sbtest8 WHERE k BETWEEN 1164621 AND 1164721
	Bitmap Heap Scan on sbtest8  (cost=5.43..389.37 rows=97 width=125)
	  Recheck Cond: ((k >= 1164621) AND (k <= 1164721))
	  ->  Bitmap Index Scan on k_8  (cost=0.00..5.40 rows=97 width=0)
	        Index Cond: ((k >= 1164621) AND (k <= 1164721))

explain: for range-notcovered :: explain SELECT k, c FROM sbtest%d WHERE k BETWEEN 5028096 AND 5028196
explain: for range-notcovered :: explain SELECT k, c FROM sbtest%d WHERE k BETWEEN 1164621 AND 1164721
for range-notcovered
table 1 : explain SELECT k, c FROM sbtest1 WHERE k BETWEEN 7579136 AND 7579236
	Bitmap Heap Scan on sbtest1  (cost=5.45..397.25 rows=99 width=125)
	  Recheck Cond: ((k >= 7579136) AND (k <= 7579236))
	  ->  Bitmap Index Scan on k_1  (cost=0.00..5.42 rows=99 width=0)
	        Index Cond: ((k >= 7579136) AND (k <= 7579236))

table 2 : explain SELECT k, c FROM sbtest2 WHERE k BETWEEN 7579136 AND 7579236
	Bitmap Heap Scan on sbtest2  (cost=5.51..420.88 rows=105 width=125)
	  Recheck Cond: ((k >= 7579136) AND (k <= 7579236))
	  ->  Bitmap Index Scan on k_2  (cost=0.00..5.48 rows=105 width=0)
	        Index Cond: ((k >= 7579136) AND (k <= 7579236))

table 3 : explain SELECT k, c FROM sbtest3 WHERE k BETWEEN 7579136 AND 7579236
	Bitmap Heap Scan on sbtest3  (cost=5.40..377.55 rows=94 width=125)
	  Recheck Cond: ((k >= 7579136) AND (k <= 7579236))
	  ->  Bitmap Index Scan on k_3  (cost=0.00..5.38 rows=94 width=0)
	        Index Cond: ((k >= 7579136) AND (k <= 7579236))

table 4 : explain SELECT k, c FROM sbtest4 WHERE k BETWEEN 7579136 AND 7579236
	Bitmap Heap Scan on sbtest4  (cost=5.44..393.31 rows=98 width=125)
	  Recheck Cond: ((k >= 7579136) AND (k <= 7579236))
	  ->  Bitmap Index Scan on k_4  (cost=0.00..5.42 rows=98 width=0)
	        Index Cond: ((k >= 7579136) AND (k <= 7579236))

table 5 : explain SELECT k, c FROM sbtest5 WHERE k BETWEEN 7579136 AND 7579236
	Bitmap Heap Scan on sbtest5  (cost=5.55..436.62 rows=109 width=125)
	  Recheck Cond: ((k >= 7579136) AND (k <= 7579236))
	  ->  Bitmap Index Scan on k_5  (cost=0.00..5.52 rows=109 width=0)
	        Index Cond: ((k >= 7579136) AND (k <= 7579236))

table 6 : explain SELECT k, c FROM sbtest6 WHERE k BETWEEN 7579136 AND 7579236
	Bitmap Heap Scan on sbtest6  (cost=5.43..389.37 rows=97 width=125)
	  Recheck Cond: ((k >= 7579136) AND (k <= 7579236))
	  ->  Bitmap Index Scan on k_6  (cost=0.00..5.40 rows=97 width=0)
	        Index Cond: ((k >= 7579136) AND (k <= 7579236))

table 7 : explain SELECT k, c FROM sbtest7 WHERE k BETWEEN 7579136 AND 7579236
	Bitmap Heap Scan on sbtest7  (cost=5.45..397.25 rows=99 width=125)
	  Recheck Cond: ((k >= 7579136) AND (k <= 7579236))
	  ->  Bitmap Index Scan on k_7  (cost=0.00..5.42 rows=99 width=0)
	        Index Cond: ((k >= 7579136) AND (k <= 7579236))

table 8 : explain SELECT k, c FROM sbtest8 WHERE k BETWEEN 7579136 AND 7579236
	Bitmap Heap Scan on sbtest8  (cost=5.46..401.19 rows=100 width=125)
	  Recheck Cond: ((k >= 7579136) AND (k <= 7579236))
	  ->  Bitmap Index Scan on k_8  (cost=0.00..5.43 rows=100 width=0)
	        Index Cond: ((k >= 7579136) AND (k <= 7579236))

for range-notcovered
table 1 : explain SELECT k, c FROM sbtest1 WHERE k BETWEEN 5650161 AND 5650261
	Bitmap Heap Scan on sbtest1  (cost=5.44..393.31 rows=98 width=125)
	  Recheck Cond: ((k >= 5650161) AND (k <= 5650261))
	  ->  Bitmap Index Scan on k_1  (cost=0.00..5.42 rows=98 width=0)
	        Index Cond: ((k >= 5650161) AND (k <= 5650261))

table 2 : explain SELECT k, c FROM sbtest2 WHERE k BETWEEN 5650161 AND 5650261
	Bitmap Heap Scan on sbtest2  (cost=5.49..413.00 rows=103 width=125)
	  Recheck Cond: ((k >= 5650161) AND (k <= 5650261))
	  ->  Bitmap Index Scan on k_2  (cost=0.00..5.46 rows=103 width=0)
	        Index Cond: ((k >= 5650161) AND (k <= 5650261))

table 3 : explain SELECT k, c FROM sbtest3 WHERE k BETWEEN 5650161 AND 5650261
	Bitmap Heap Scan on sbtest3  (cost=5.48..409.07 rows=102 width=125)
	  Recheck Cond: ((k >= 5650161) AND (k <= 5650261))
	  ->  Bitmap Index Scan on k_3  (cost=0.00..5.45 rows=102 width=0)
	        Index Cond: ((k >= 5650161) AND (k <= 5650261))

table 4 : explain SELECT k, c FROM sbtest4 WHERE k BETWEEN 5650161 AND 5650261
	Bitmap Heap Scan on sbtest4  (cost=5.65..475.95 rows=119 width=125)
	  Recheck Cond: ((k >= 5650161) AND (k <= 5650261))
	  ->  Bitmap Index Scan on k_4  (cost=0.00..5.62 rows=119 width=0)
	        Index Cond: ((k >= 5650161) AND (k <= 5650261))

table 5 : explain SELECT k, c FROM sbtest5 WHERE k BETWEEN 5650161 AND 5650261
	Bitmap Heap Scan on sbtest5  (cost=5.50..416.94 rows=104 width=125)
	  Recheck Cond: ((k >= 5650161) AND (k <= 5650261))
	  ->  Bitmap Index Scan on k_5  (cost=0.00..5.47 rows=104 width=0)
	        Index Cond: ((k >= 5650161) AND (k <= 5650261))

table 6 : explain SELECT k, c FROM sbtest6 WHERE k BETWEEN 5650161 AND 5650261
	Bitmap Heap Scan on sbtest6  (cost=5.60..456.29 rows=114 width=125)
	  Recheck Cond: ((k >= 5650161) AND (k <= 5650261))
	  ->  Bitmap Index Scan on k_6  (cost=0.00..5.58 rows=114 width=0)
	        Index Cond: ((k >= 5650161) AND (k <= 5650261))

table 7 : explain SELECT k, c FROM sbtest7 WHERE k BETWEEN 5650161 AND 5650261
	Bitmap Heap Scan on sbtest7  (cost=5.40..377.55 rows=94 width=125)
	  Recheck Cond: ((k >= 5650161) AND (k <= 5650261))
	  ->  Bitmap Index Scan on k_7  (cost=0.00..5.38 rows=94 width=0)
	        Index Cond: ((k >= 5650161) AND (k <= 5650261))

table 8 : explain SELECT k, c FROM sbtest8 WHERE k BETWEEN 5650161 AND 5650261
	Bitmap Heap Scan on sbtest8  (cost=5.47..405.13 rows=101 width=125)
	  Recheck Cond: ((k >= 5650161) AND (k <= 5650261))
	  ->  Bitmap Index Scan on k_8  (cost=0.00..5.44 rows=101 width=0)
	        Index Cond: ((k >= 5650161) AND (k <= 5650261))

explain: for range-notcovered :: explain SELECT k, c FROM sbtest%d WHERE k BETWEEN 5650161 AND 5650261
for range-notcovered
table 1 : explain SELECT k, c FROM sbtest1 WHERE k BETWEEN 4097006 AND 4097106
	Bitmap Heap Scan on sbtest1  (cost=5.53..428.75 rows=107 width=125)
	  Recheck Cond: ((k >= 4097006) AND (k <= 4097106))
	  ->  Bitmap Index Scan on k_1  (cost=0.00..5.50 rows=107 width=0)
	        Index Cond: ((k >= 4097006) AND (k <= 4097106))

table 2 : explain SELECT k, c FROM sbtest2 WHERE k BETWEEN 4097006 AND 4097106
	Bitmap Heap Scan on sbtest2  (cost=5.49..413.00 rows=103 width=125)
	  Recheck Cond: ((k >= 4097006) AND (k <= 4097106))
	  ->  Bitmap Index Scan on k_2  (cost=0.00..5.46 rows=103 width=0)
	        Index Cond: ((k >= 4097006) AND (k <= 4097106))

table 3 : explain SELECT k, c FROM sbtest3 WHERE k BETWEEN 4097006 AND 4097106
	Bitmap Heap Scan on sbtest3  (cost=5.49..413.00 rows=103 width=125)
	  Recheck Cond: ((k >= 4097006) AND (k <= 4097106))
	  ->  Bitmap Index Scan on k_3  (cost=0.00..5.46 rows=103 width=0)
	        Index Cond: ((k >= 4097006) AND (k <= 4097106))

table 4 : explain SELECT k, c FROM sbtest4 WHERE k BETWEEN 4097006 AND 4097106
	Bitmap Heap Scan on sbtest4  (cost=5.49..413.00 rows=103 width=125)
	  Recheck Cond: ((k >= 4097006) AND (k <= 4097106))
	  ->  Bitmap Index Scan on k_4  (cost=0.00..5.46 rows=103 width=0)
	        Index Cond: ((k >= 4097006) AND (k <= 4097106))

table 5 : explain SELECT k, c FROM sbtest5 WHERE k BETWEEN 4097006 AND 4097106
	Bitmap Heap Scan on sbtest5  (cost=5.48..409.07 rows=102 width=125)
	  Recheck Cond: ((k >= 4097006) AND (k <= 4097106))
	  ->  Bitmap Index Scan on k_5  (cost=0.00..5.45 rows=102 width=0)
	        Index Cond: ((k >= 4097006) AND (k <= 4097106))

table 6 : explain SELECT k, c FROM sbtest6 WHERE k BETWEEN 4097006 AND 4097106
	Bitmap Heap Scan on sbtest6  (cost=5.50..416.94 rows=104 width=125)
	  Recheck Cond: ((k >= 4097006) AND (k <= 4097106))
	  ->  Bitmap Index Scan on k_6  (cost=0.00..5.47 rows=104 width=0)
	        Index Cond: ((k >= 4097006) AND (k <= 4097106))

table 7 : explain SELECT k, c FROM sbtest7 WHERE k BETWEEN 4097006 AND 4097106
	Bitmap Heap Scan on sbtest7  (cost=5.50..416.94 rows=104 width=125)
	  Recheck Cond: ((k >= 4097006) AND (k <= 4097106))
	  ->  Bitmap Index Scan on k_7  (cost=0.00..5.47 rows=104 width=0)
	        Index Cond: ((k >= 4097006) AND (k <= 4097106))

table 8 : explain SELECT k, c FROM sbtest8 WHERE k BETWEEN 4097006 AND 4097106
	Bitmap Heap Scan on sbtest8  (cost=5.45..397.25 rows=99 width=125)
	  Recheck Cond: ((k >= 4097006) AND (k <= 4097106))
	  ->  Bitmap Index Scan on k_8  (cost=0.00..5.42 rows=99 width=0)
	        Index Cond: ((k >= 4097006) AND (k <= 4097106))

for range-notcovered
table 1 : explain SELECT k, c FROM sbtest1 WHERE k BETWEEN 5447845 AND 5447945
	Bitmap Heap Scan on sbtest1  (cost=5.54..432.69 rows=108 width=125)
	  Recheck Cond: ((k >= 5447845) AND (k <= 5447945))
	  ->  Bitmap Index Scan on k_1  (cost=0.00..5.51 rows=108 width=0)
	        Index Cond: ((k >= 5447845) AND (k <= 5447945))

table 2 : explain SELECT k, c FROM sbtest2 WHERE k BETWEEN 5447845 AND 5447945
	Bitmap Heap Scan on sbtest2  (cost=5.44..393.31 rows=98 width=125)
	  Recheck Cond: ((k >= 5447845) AND (k <= 5447945))
	  ->  Bitmap Index Scan on k_2  (cost=0.00..5.42 rows=98 width=0)
	        Index Cond: ((k >= 5447845) AND (k <= 5447945))

table 3 : explain SELECT k, c FROM sbtest3 WHERE k BETWEEN 5447845 AND 5447945
	Bitmap Heap Scan on sbtest3  (cost=5.44..393.31 rows=98 width=125)
	  Recheck Cond: ((k >= 5447845) AND (k <= 5447945))
	  ->  Bitmap Index Scan on k_3  (cost=0.00..5.42 rows=98 width=0)
	        Index Cond: ((k >= 5447845) AND (k <= 5447945))

table 4 : explain SELECT k, c FROM sbtest4 WHERE k BETWEEN 5447845 AND 5447945
	Bitmap Heap Scan on sbtest4  (cost=5.50..416.94 rows=104 width=125)
	  Recheck Cond: ((k >= 5447845) AND (k <= 5447945))
	  ->  Bitmap Index Scan on k_4  (cost=0.00..5.47 rows=104 width=0)
	        Index Cond: ((k >= 5447845) AND (k <= 5447945))

table 5 : explain SELECT k, c FROM sbtest5 WHERE k BETWEEN 5447845 AND 5447945
	Bitmap Heap Scan on sbtest5  (cost=5.50..416.94 rows=104 width=125)
	  Recheck Cond: ((k >= 5447845) AND (k <= 5447945))
	  ->  Bitmap Index Scan on k_5  (cost=0.00..5.47 rows=104 width=0)
	        Index Cond: ((k >= 5447845) AND (k <= 5447945))

table 6 : explain SELECT k, c FROM sbtest6 WHERE k BETWEEN 5447845 AND 5447945
	Bitmap Heap Scan on sbtest6  (cost=5.33..349.95 rows=87 width=125)
	  Recheck Cond: ((k >= 5447845) AND (k <= 5447945))
	  ->  Bitmap Index Scan on k_6  (cost=0.00..5.30 rows=87 width=0)
	        Index Cond: ((k >= 5447845) AND (k <= 5447945))

table 7 : explain SELECT k, c FROM sbtest7 WHERE k BETWEEN 5447845 AND 5447945
	Bitmap Heap Scan on sbtest7  (cost=5.51..420.88 rows=105 width=125)
	  Recheck Cond: ((k >= 5447845) AND (k <= 5447945))
	  ->  Bitmap Index Scan on k_7  (cost=0.00..5.48 rows=105 width=0)
	        Index Cond: ((k >= 5447845) AND (k <= 5447945))

table 8 : explain SELECT k, c FROM sbtest8 WHERE k BETWEEN 5447845 AND 5447945
	Bitmap Heap Scan on sbtest8  (cost=5.42..385.43 rows=96 width=125)
	  Recheck Cond: ((k >= 5447845) AND (k <= 5447945))
	  ->  Bitmap Index Scan on k_8  (cost=0.00..5.39 rows=96 width=0)
	        Index Cond: ((k >= 5447845) AND (k <= 5447945))

explain: for range-notcovered :: explain SELECT k, c FROM sbtest%d WHERE k BETWEEN 4097006 AND 4097106
explain: for range-notcovered :: explain SELECT k, c FROM sbtest%d WHERE k BETWEEN 5447845 AND 5447945
for range-notcovered
table 1 : explain SELECT k, c FROM sbtest1 WHERE k BETWEEN 6208696 AND 6208796
	Bitmap Heap Scan on sbtest1  (cost=5.39..373.61 rows=93 width=125)
	  Recheck Cond: ((k >= 6208696) AND (k <= 6208796))
	  ->  Bitmap Index Scan on k_1  (cost=0.00..5.36 rows=93 width=0)
	        Index Cond: ((k >= 6208696) AND (k <= 6208796))

table 2 : explain SELECT k, c FROM sbtest2 WHERE k BETWEEN 6208696 AND 6208796
	Bitmap Heap Scan on sbtest2  (cost=5.45..397.25 rows=99 width=125)
	  Recheck Cond: ((k >= 6208696) AND (k <= 6208796))
	  ->  Bitmap Index Scan on k_2  (cost=0.00..5.42 rows=99 width=0)
	        Index Cond: ((k >= 6208696) AND (k <= 6208796))

table 3 : explain SELECT k, c FROM sbtest3 WHERE k BETWEEN 6208696 AND 6208796
	Bitmap Heap Scan on sbtest3  (cost=5.53..428.75 rows=107 width=125)
	  Recheck Cond: ((k >= 6208696) AND (k <= 6208796))
	  ->  Bitmap Index Scan on k_3  (cost=0.00..5.50 rows=107 width=0)
	        Index Cond: ((k >= 6208696) AND (k <= 6208796))

table 4 : explain SELECT k, c FROM sbtest4 WHERE k BETWEEN 6208696 AND 6208796
	Bitmap Heap Scan on sbtest4  (cost=5.39..373.61 rows=93 width=125)
	  Recheck Cond: ((k >= 6208696) AND (k <= 6208796))
	  ->  Bitmap Index Scan on k_4  (cost=0.00..5.36 rows=93 width=0)
	        Index Cond: ((k >= 6208696) AND (k <= 6208796))

table 5 : explain SELECT k, c FROM sbtest5 WHERE k BETWEEN 6208696 AND 6208796
	Bitmap Heap Scan on sbtest5  (cost=5.56..440.56 rows=110 width=125)
	  Recheck Cond: ((k >= 6208696) AND (k <= 6208796))
	  ->  Bitmap Index Scan on k_5  (cost=0.00..5.53 rows=110 width=0)
	        Index Cond: ((k >= 6208696) AND (k <= 6208796))

table 6 : explain SELECT k, c FROM sbtest6 WHERE k BETWEEN 6208696 AND 6208796
	Bitmap Heap Scan on sbtest6  (cost=5.47..405.13 rows=101 width=125)
	  Recheck Cond: ((k >= 6208696) AND (k <= 6208796))
	  ->  Bitmap Index Scan on k_6  (cost=0.00..5.44 rows=101 width=0)
	        Index Cond: ((k >= 6208696) AND (k <= 6208796))

table 7 : explain SELECT k, c FROM sbtest7 WHERE k BETWEEN 6208696 AND 6208796
	Bitmap Heap Scan on sbtest7  (cost=5.43..389.37 rows=97 width=125)
	  Recheck Cond: ((k >= 6208696) AND (k <= 6208796))
	  ->  Bitmap Index Scan on k_7  (cost=0.00..5.40 rows=97 width=0)
	        Index Cond: ((k >= 6208696) AND (k <= 6208796))

table 8 : explain SELECT k, c FROM sbtest8 WHERE k BETWEEN 6208696 AND 6208796
	Bitmap Heap Scan on sbtest8  (cost=5.41..381.49 rows=95 width=125)
	  Recheck Cond: ((k >= 6208696) AND (k <= 6208796))
	  ->  Bitmap Index Scan on k_8  (cost=0.00..5.38 rows=95 width=0)
	        Index Cond: ((k >= 6208696) AND (k <= 6208796))

for range-notcovered
table 1 : explain SELECT k, c FROM sbtest1 WHERE k BETWEEN 1164621 AND 1164721
	Bitmap Heap Scan on sbtest1  (cost=5.51..420.88 rows=105 width=125)
	  Recheck Cond: ((k >= 1164621) AND (k <= 1164721))
	  ->  Bitmap Index Scan on k_1  (cost=0.00..5.48 rows=105 width=0)
	        Index Cond: ((k >= 1164621) AND (k <= 1164721))

table 2 : explain SELECT k, c FROM sbtest2 WHERE k BETWEEN 1164621 AND 1164721
	Bitmap Heap Scan on sbtest2  (cost=5.49..413.00 rows=103 width=125)
	  Recheck Cond: ((k >= 1164621) AND (k <= 1164721))
	  ->  Bitmap Index Scan on k_2  (cost=0.00..5.46 rows=103 width=0)
	        Index Cond: ((k >= 1164621) AND (k <= 1164721))

table 3 : explain SELECT k, c FROM sbtest3 WHERE k BETWEEN 1164621 AND 1164721
	Bitmap Heap Scan on sbtest3  (cost=5.49..413.00 rows=103 width=125)
	  Recheck Cond: ((k >= 1164621) AND (k <= 1164721))
	  ->  Bitmap Index Scan on k_3  (cost=0.00..5.46 rows=103 width=0)
	        Index Cond: ((k >= 1164621) AND (k <= 1164721))

table 4 : explain SELECT k, c FROM sbtest4 WHERE k BETWEEN 1164621 AND 1164721
	Bitmap Heap Scan on sbtest4  (cost=5.46..401.19 rows=100 width=125)
	  Recheck Cond: ((k >= 1164621) AND (k <= 1164721))
	  ->  Bitmap Index Scan on k_4  (cost=0.00..5.43 rows=100 width=0)
	        Index Cond: ((k >= 1164621) AND (k <= 1164721))

table 5 : explain SELECT k, c FROM sbtest5 WHERE k BETWEEN 1164621 AND 1164721
	Bitmap Heap Scan on sbtest5  (cost=5.46..401.19 rows=100 width=125)
	  Recheck Cond: ((k >= 1164621) AND (k <= 1164721))
	  ->  Bitmap Index Scan on k_5  (cost=0.00..5.43 rows=100 width=0)
	        Index Cond: ((k >= 1164621) AND (k <= 1164721))

table 6 : explain SELECT k, c FROM sbtest6 WHERE k BETWEEN 1164621 AND 1164721
	Bitmap Heap Scan on sbtest6  (cost=5.42..385.43 rows=96 width=125)
	  Recheck Cond: ((k >= 1164621) AND (k <= 1164721))
	  ->  Bitmap Index Scan on k_6  (cost=0.00..5.39 rows=96 width=0)
	        Index Cond: ((k >= 1164621) AND (k <= 1164721))

table 7 : explain SELECT k, c FROM sbtest7 WHERE k BETWEEN 1164621 AND 1164721
	Bitmap Heap Scan on sbtest7  (cost=5.50..416.94 rows=104 width=125)
	  Recheck Cond: ((k >= 1164621) AND (k <= 1164721))
	  ->  Bitmap Index Scan on k_7  (cost=0.00..5.47 rows=104 width=0)
	        Index Cond: ((k >= 1164621) AND (k <= 1164721))

table 8 : explain SELECT k, c FROM sbtest8 WHERE k BETWEEN 1164621 AND 1164721
	Bitmap Heap Scan on sbtest8  (cost=5.43..389.37 rows=97 width=125)
	  Recheck Cond: ((k >= 1164621) AND (k <= 1164721))
	  ->  Bitmap Index Scan on k_8  (cost=0.00..5.40 rows=97 width=0)
	        Index Cond: ((k >= 1164621) AND (k <= 1164721))

for range-notcovered
table 1 : explain SELECT k, c FROM sbtest1 WHERE k BETWEEN 5028096 AND 5028196
	Bitmap Heap Scan on sbtest1  (cost=5.61..460.22 rows=115 width=125)
	  Recheck Cond: ((k >= 5028096) AND (k <= 5028196))
	  ->  Bitmap Index Scan on k_1  (cost=0.00..5.58 rows=115 width=0)
	        Index Cond: ((k >= 5028096) AND (k <= 5028196))

table 2 : explain SELECT k, c FROM sbtest2 WHERE k BETWEEN 5028096 AND 5028196
	Bitmap Heap Scan on sbtest2  (cost=5.43..389.37 rows=97 width=125)
	  Recheck Cond: ((k >= 5028096) AND (k <= 5028196))
	  ->  Bitmap Index Scan on k_2  (cost=0.00..5.40 rows=97 width=0)
	        Index Cond: ((k >= 5028096) AND (k <= 5028196))

table 3 : explain SELECT k, c FROM sbtest3 WHERE k BETWEEN 5028096 AND 5028196
	Bitmap Heap Scan on sbtest3  (cost=5.54..432.69 rows=108 width=125)
	  Recheck Cond: ((k >= 5028096) AND (k <= 5028196))
	  ->  Bitmap Index Scan on k_3  (cost=0.00..5.51 rows=108 width=0)
	        Index Cond: ((k >= 5028096) AND (k <= 5028196))

table 4 : explain SELECT k, c FROM sbtest4 WHERE k BETWEEN 5028096 AND 5028196
	Bitmap Heap Scan on sbtest4  (cost=5.49..413.00 rows=103 width=125)
	  Recheck Cond: ((k >= 5028096) AND (k <= 5028196))
	  ->  Bitmap Index Scan on k_4  (cost=0.00..5.46 rows=103 width=0)
	        Index Cond: ((k >= 5028096) AND (k <= 5028196))

table 5 : explain SELECT k, c FROM sbtest5 WHERE k BETWEEN 5028096 AND 5028196
	Bitmap Heap Scan on sbtest5  (cost=5.49..413.00 rows=103 width=125)
	  Recheck Cond: ((k >= 5028096) AND (k <= 5028196))
	  ->  Bitmap Index Scan on k_5  (cost=0.00..5.46 rows=103 width=0)
	        Index Cond: ((k >= 5028096) AND (k <= 5028196))

table 6 : explain SELECT k, c FROM sbtest6 WHERE k BETWEEN 5028096 AND 5028196
	Bitmap Heap Scan on sbtest6  (cost=5.46..401.19 rows=100 width=125)
	  Recheck Cond: ((k >= 5028096) AND (k <= 5028196))
	  ->  Bitmap Index Scan on k_6  (cost=0.00..5.43 rows=100 width=0)
	        Index Cond: ((k >= 5028096) AND (k <= 5028196))

table 7 : explain SELECT k, c FROM sbtest7 WHERE k BETWEEN 5028096 AND 5028196
	Bitmap Heap Scan on sbtest7  (cost=5.48..409.07 rows=102 width=125)
	  Recheck Cond: ((k >= 5028096) AND (k <= 5028196))
	  ->  Bitmap Index Scan on k_7  (cost=0.00..5.45 rows=102 width=0)
	        Index Cond: ((k >= 5028096) AND (k <= 5028196))

table 8 : explain SELECT k, c FROM sbtest8 WHERE k BETWEEN 5028096 AND 5028196
	Bitmap Heap Scan on sbtest8  (cost=5.51..420.88 rows=105 width=125)
	  Recheck Cond: ((k >= 5028096) AND (k <= 5028196))
	  ->  Bitmap Index Scan on k_8  (cost=0.00..5.48 rows=105 width=0)
	        Index Cond: ((k >= 5028096) AND (k <= 5028196))

explain: for range-notcovered :: explain SELECT k, c FROM sbtest%d WHERE k BETWEEN 6208696 AND 6208796
explain: for range-notcovered :: explain SELECT k, c FROM sbtest%d WHERE k BETWEEN 5028096 AND 5028196
explain: for range-notcovered :: explain SELECT k, c FROM sbtest%d WHERE k BETWEEN 1164621 AND 1164721
for range-notcovered
table 1 : explain SELECT k, c FROM sbtest1 WHERE k BETWEEN 5650161 AND 5650261
	Bitmap Heap Scan on sbtest1  (cost=5.44..393.31 rows=98 width=125)
	  Recheck Cond: ((k >= 5650161) AND (k <= 5650261))
	  ->  Bitmap Index Scan on k_1  (cost=0.00..5.42 rows=98 width=0)
	        Index Cond: ((k >= 5650161) AND (k <= 5650261))

table 2 : explain SELECT k, c FROM sbtest2 WHERE k BETWEEN 5650161 AND 5650261
	Bitmap Heap Scan on sbtest2  (cost=5.49..413.00 rows=103 width=125)
	  Recheck Cond: ((k >= 5650161) AND (k <= 5650261))
	  ->  Bitmap Index Scan on k_2  (cost=0.00..5.46 rows=103 width=0)
	        Index Cond: ((k >= 5650161) AND (k <= 5650261))

table 3 : explain SELECT k, c FROM sbtest3 WHERE k BETWEEN 5650161 AND 5650261
	Bitmap Heap Scan on sbtest3  (cost=5.48..409.07 rows=102 width=125)
	  Recheck Cond: ((k >= 5650161) AND (k <= 5650261))
	  ->  Bitmap Index Scan on k_3  (cost=0.00..5.45 rows=102 width=0)
	        Index Cond: ((k >= 5650161) AND (k <= 5650261))

table 4 : explain SELECT k, c FROM sbtest4 WHERE k BETWEEN 5650161 AND 5650261
	Bitmap Heap Scan on sbtest4  (cost=5.65..475.95 rows=119 width=125)
	  Recheck Cond: ((k >= 5650161) AND (k <= 5650261))
	  ->  Bitmap Index Scan on k_4  (cost=0.00..5.62 rows=119 width=0)
	        Index Cond: ((k >= 5650161) AND (k <= 5650261))

table 5 : explain SELECT k, c FROM sbtest5 WHERE k BETWEEN 5650161 AND 5650261
	Bitmap Heap Scan on sbtest5  (cost=5.50..416.94 rows=104 width=125)
	  Recheck Cond: ((k >= 5650161) AND (k <= 5650261))
	  ->  Bitmap Index Scan on k_5  (cost=0.00..5.47 rows=104 width=0)
	        Index Cond: ((k >= 5650161) AND (k <= 5650261))

table 6 : explain SELECT k, c FROM sbtest6 WHERE k BETWEEN 5650161 AND 5650261
	Bitmap Heap Scan on sbtest6  (cost=5.60..456.29 rows=114 width=125)
	  Recheck Cond: ((k >= 5650161) AND (k <= 5650261))
	  ->  Bitmap Index Scan on k_6  (cost=0.00..5.58 rows=114 width=0)
	        Index Cond: ((k >= 5650161) AND (k <= 5650261))

table 7 : explain SELECT k, c FROM sbtest7 WHERE k BETWEEN 5650161 AND 5650261
	Bitmap Heap Scan on sbtest7  (cost=5.40..377.55 rows=94 width=125)
	  Recheck Cond: ((k >= 5650161) AND (k <= 5650261))
	  ->  Bitmap Index Scan on k_7  (cost=0.00..5.38 rows=94 width=0)
	        Index Cond: ((k >= 5650161) AND (k <= 5650261))

table 8 : explain SELECT k, c FROM sbtest8 WHERE k BETWEEN 5650161 AND 5650261
	Bitmap Heap Scan on sbtest8  (cost=5.47..405.13 rows=101 width=125)
	  Recheck Cond: ((k >= 5650161) AND (k <= 5650261))
	  ->  Bitmap Index Scan on k_8  (cost=0.00..5.44 rows=101 width=0)
	        Index Cond: ((k >= 5650161) AND (k <= 5650261))

for range-notcovered
table 1 : explain SELECT k, c FROM sbtest1 WHERE k BETWEEN 6412603 AND 6412703
	Bitmap Heap Scan on sbtest1  (cost=5.58..448.42 rows=112 width=125)
	  Recheck Cond: ((k >= 6412603) AND (k <= 6412703))
	  ->  Bitmap Index Scan on k_1  (cost=0.00..5.55 rows=112 width=0)
	        Index Cond: ((k >= 6412603) AND (k <= 6412703))

table 2 : explain SELECT k, c FROM sbtest2 WHERE k BETWEEN 6412603 AND 6412703
	Bitmap Heap Scan on sbtest2  (cost=5.45..397.25 rows=99 width=125)
	  Recheck Cond: ((k >= 6412603) AND (k <= 6412703))
	  ->  Bitmap Index Scan on k_2  (cost=0.00..5.42 rows=99 width=0)
	        Index Cond: ((k >= 6412603) AND (k <= 6412703))

table 3 : explain SELECT k, c FROM sbtest3 WHERE k BETWEEN 6412603 AND 6412703
	Bitmap Heap Scan on sbtest3  (cost=5.47..405.13 rows=101 width=125)
	  Recheck Cond: ((k >= 6412603) AND (k <= 6412703))
	  ->  Bitmap Index Scan on k_3  (cost=0.00..5.44 rows=101 width=0)
	        Index Cond: ((k >= 6412603) AND (k <= 6412703))

table 4 : explain SELECT k, c FROM sbtest4 WHERE k BETWEEN 6412603 AND 6412703
	Bitmap Heap Scan on sbtest4  (cost=5.51..420.88 rows=105 width=125)
	  Recheck Cond: ((k >= 6412603) AND (k <= 6412703))
	  ->  Bitmap Index Scan on k_4  (cost=0.00..5.48 rows=105 width=0)
	        Index Cond: ((k >= 6412603) AND (k <= 6412703))

table 5 : explain SELECT k, c FROM sbtest5 WHERE k BETWEEN 6412603 AND 6412703
	Bitmap Heap Scan on sbtest5  (cost=5.48..409.07 rows=102 width=125)
	  Recheck Cond: ((k >= 6412603) AND (k <= 6412703))
	  ->  Bitmap Index Scan on k_5  (cost=0.00..5.45 rows=102 width=0)
	        Index Cond: ((k >= 6412603) AND (k <= 6412703))

table 6 : explain SELECT k, c FROM sbtest6 WHERE k BETWEEN 6412603 AND 6412703
	Bitmap Heap Scan on sbtest6  (cost=5.43..389.37 rows=97 width=125)
	  Recheck Cond: ((k >= 6412603) AND (k <= 6412703))
	  ->  Bitmap Index Scan on k_6  (cost=0.00..5.40 rows=97 width=0)
	        Index Cond: ((k >= 6412603) AND (k <= 6412703))

table 7 : explain SELECT k, c FROM sbtest7 WHERE k BETWEEN 6412603 AND 6412703
	Bitmap Heap Scan on sbtest7  (cost=5.56..440.56 rows=110 width=125)
	  Recheck Cond: ((k >= 6412603) AND (k <= 6412703))
	  ->  Bitmap Index Scan on k_7  (cost=0.00..5.53 rows=110 width=0)
	        Index Cond: ((k >= 6412603) AND (k <= 6412703))

table 8 : explain SELECT k, c FROM sbtest8 WHERE k BETWEEN 6412603 AND 6412703
	Bitmap Heap Scan on sbtest8  (cost=5.46..401.19 rows=100 width=125)
	  Recheck Cond: ((k >= 6412603) AND (k <= 6412703))
	  ->  Bitmap Index Scan on k_8  (cost=0.00..5.43 rows=100 width=0)
	        Index Cond: ((k >= 6412603) AND (k <= 6412703))

explain: for range-notcovered :: explain SELECT k, c FROM sbtest%d WHERE k BETWEEN 5650161 AND 5650261
explain: for range-notcovered :: explain SELECT k, c FROM sbtest%d WHERE k BETWEEN 6412603 AND 6412703
for range-notcovered
table 1 : explain SELECT k, c FROM sbtest1 WHERE k BETWEEN 4097006 AND 4097106
	Bitmap Heap Scan on sbtest1  (cost=5.53..428.75 rows=107 width=125)
	  Recheck Cond: ((k >= 4097006) AND (k <= 4097106))
	  ->  Bitmap Index Scan on k_1  (cost=0.00..5.50 rows=107 width=0)
	        Index Cond: ((k >= 4097006) AND (k <= 4097106))

table 2 : explain SELECT k, c FROM sbtest2 WHERE k BETWEEN 4097006 AND 4097106
	Bitmap Heap Scan on sbtest2  (cost=5.49..413.00 rows=103 width=125)
	  Recheck Cond: ((k >= 4097006) AND (k <= 4097106))
	  ->  Bitmap Index Scan on k_2  (cost=0.00..5.46 rows=103 width=0)
	        Index Cond: ((k >= 4097006) AND (k <= 4097106))

table 3 : explain SELECT k, c FROM sbtest3 WHERE k BETWEEN 4097006 AND 4097106
	Bitmap Heap Scan on sbtest3  (cost=5.49..413.00 rows=103 width=125)
	  Recheck Cond: ((k >= 4097006) AND (k <= 4097106))
	  ->  Bitmap Index Scan on k_3  (cost=0.00..5.46 rows=103 width=0)
	        Index Cond: ((k >= 4097006) AND (k <= 4097106))

table 4 : explain SELECT k, c FROM sbtest4 WHERE k BETWEEN 4097006 AND 4097106
	Bitmap Heap Scan on sbtest4  (cost=5.49..413.00 rows=103 width=125)
	  Recheck Cond: ((k >= 4097006) AND (k <= 4097106))
	  ->  Bitmap Index Scan on k_4  (cost=0.00..5.46 rows=103 width=0)
	        Index Cond: ((k >= 4097006) AND (k <= 4097106))

table 5 : explain SELECT k, c FROM sbtest5 WHERE k BETWEEN 4097006 AND 4097106
	Bitmap Heap Scan on sbtest5  (cost=5.48..409.07 rows=102 width=125)
	  Recheck Cond: ((k >= 4097006) AND (k <= 4097106))
	  ->  Bitmap Index Scan on k_5  (cost=0.00..5.45 rows=102 width=0)
	        Index Cond: ((k >= 4097006) AND (k <= 4097106))

table 6 : explain SELECT k, c FROM sbtest6 WHERE k BETWEEN 4097006 AND 4097106
	Bitmap Heap Scan on sbtest6  (cost=5.50..416.94 rows=104 width=125)
	  Recheck Cond: ((k >= 4097006) AND (k <= 4097106))
	  ->  Bitmap Index Scan on k_6  (cost=0.00..5.47 rows=104 width=0)
	        Index Cond: ((k >= 4097006) AND (k <= 4097106))

table 7 : explain SELECT k, c FROM sbtest7 WHERE k BETWEEN 4097006 AND 4097106
	Bitmap Heap Scan on sbtest7  (cost=5.50..416.94 rows=104 width=125)
	  Recheck Cond: ((k >= 4097006) AND (k <= 4097106))
	  ->  Bitmap Index Scan on k_7  (cost=0.00..5.47 rows=104 width=0)
	        Index Cond: ((k >= 4097006) AND (k <= 4097106))

table 8 : explain SELECT k, c FROM sbtest8 WHERE k BETWEEN 4097006 AND 4097106
	Bitmap Heap Scan on sbtest8  (cost=5.45..397.25 rows=99 width=125)
	  Recheck Cond: ((k >= 4097006) AND (k <= 4097106))
	  ->  Bitmap Index Scan on k_8  (cost=0.00..5.42 rows=99 width=0)
	        Index Cond: ((k >= 4097006) AND (k <= 4097106))

explain: for range-notcovered :: explain SELECT k, c FROM sbtest%d WHERE k BETWEEN 4097006 AND 4097106
explain: for range-notcovered :: explain SELECT k, c FROM sbtest%d WHERE k BETWEEN 5260980 AND 5261080
for range-notcovered
table 1 : explain SELECT k, c FROM sbtest1 WHERE k BETWEEN 5028096 AND 5028196
	Bitmap Heap Scan on sbtest1  (cost=5.61..460.22 rows=115 width=125)
	  Recheck Cond: ((k >= 5028096) AND (k <= 5028196))
	  ->  Bitmap Index Scan on k_1  (cost=0.00..5.58 rows=115 width=0)
	        Index Cond: ((k >= 5028096) AND (k <= 5028196))

table 2 : explain SELECT k, c FROM sbtest2 WHERE k BETWEEN 5028096 AND 5028196
	Bitmap Heap Scan on sbtest2  (cost=5.43..389.37 rows=97 width=125)
	  Recheck Cond: ((k >= 5028096) AND (k <= 5028196))
	  ->  Bitmap Index Scan on k_2  (cost=0.00..5.40 rows=97 width=0)
	        Index Cond: ((k >= 5028096) AND (k <= 5028196))

table 3 : explain SELECT k, c FROM sbtest3 WHERE k BETWEEN 5028096 AND 5028196
	Bitmap Heap Scan on sbtest3  (cost=5.54..432.69 rows=108 width=125)
	  Recheck Cond: ((k >= 5028096) AND (k <= 5028196))
	  ->  Bitmap Index Scan on k_3  (cost=0.00..5.51 rows=108 width=0)
	        Index Cond: ((k >= 5028096) AND (k <= 5028196))

table 4 : explain SELECT k, c FROM sbtest4 WHERE k BETWEEN 5028096 AND 5028196
	Bitmap Heap Scan on sbtest4  (cost=5.49..413.00 rows=103 width=125)
	  Recheck Cond: ((k >= 5028096) AND (k <= 5028196))
	  ->  Bitmap Index Scan on k_4  (cost=0.00..5.46 rows=103 width=0)
	        Index Cond: ((k >= 5028096) AND (k <= 5028196))

table 5 : explain SELECT k, c FROM sbtest5 WHERE k BETWEEN 5028096 AND 5028196
	Bitmap Heap Scan on sbtest5  (cost=5.49..413.00 rows=103 width=125)
	  Recheck Cond: ((k >= 5028096) AND (k <= 5028196))
	  ->  Bitmap Index Scan on k_5  (cost=0.00..5.46 rows=103 width=0)
	        Index Cond: ((k >= 5028096) AND (k <= 5028196))

table 6 : explain SELECT k, c FROM sbtest6 WHERE k BETWEEN 5028096 AND 5028196
	Bitmap Heap Scan on sbtest6  (cost=5.46..401.19 rows=100 width=125)
	  Recheck Cond: ((k >= 5028096) AND (k <= 5028196))
	  ->  Bitmap Index Scan on k_6  (cost=0.00..5.43 rows=100 width=0)
	        Index Cond: ((k >= 5028096) AND (k <= 5028196))

table 7 : explain SELECT k, c FROM sbtest7 WHERE k BETWEEN 5028096 AND 5028196
	Bitmap Heap Scan on sbtest7  (cost=5.48..409.07 rows=102 width=125)
	  Recheck Cond: ((k >= 5028096) AND (k <= 5028196))
	  ->  Bitmap Index Scan on k_7  (cost=0.00..5.45 rows=102 width=0)
	        Index Cond: ((k >= 5028096) AND (k <= 5028196))

table 8 : explain SELECT k, c FROM sbtest8 WHERE k BETWEEN 5028096 AND 5028196
	Bitmap Heap Scan on sbtest8  (cost=5.51..420.88 rows=105 width=125)
	  Recheck Cond: ((k >= 5028096) AND (k <= 5028196))
	  ->  Bitmap Index Scan on k_8  (cost=0.00..5.48 rows=105 width=0)
	        Index Cond: ((k >= 5028096) AND (k <= 5028196))

for range-notcovered
table 1 : explain SELECT k, c FROM sbtest1 WHERE k BETWEEN 1164621 AND 1164721
	Bitmap Heap Scan on sbtest1  (cost=5.51..420.88 rows=105 width=125)
	  Recheck Cond: ((k >= 1164621) AND (k <= 1164721))
	  ->  Bitmap Index Scan on k_1  (cost=0.00..5.48 rows=105 width=0)
	        Index Cond: ((k >= 1164621) AND (k <= 1164721))

table 2 : explain SELECT k, c FROM sbtest2 WHERE k BETWEEN 1164621 AND 1164721
	Bitmap Heap Scan on sbtest2  (cost=5.49..413.00 rows=103 width=125)
	  Recheck Cond: ((k >= 1164621) AND (k <= 1164721))
	  ->  Bitmap Index Scan on k_2  (cost=0.00..5.46 rows=103 width=0)
	        Index Cond: ((k >= 1164621) AND (k <= 1164721))

table 3 : explain SELECT k, c FROM sbtest3 WHERE k BETWEEN 1164621 AND 1164721
	Bitmap Heap Scan on sbtest3  (cost=5.49..413.00 rows=103 width=125)
	  Recheck Cond: ((k >= 1164621) AND (k <= 1164721))
	  ->  Bitmap Index Scan on k_3  (cost=0.00..5.46 rows=103 width=0)
	        Index Cond: ((k >= 1164621) AND (k <= 1164721))

table 4 : explain SELECT k, c FROM sbtest4 WHERE k BETWEEN 1164621 AND 1164721
	Bitmap Heap Scan on sbtest4  (cost=5.46..401.19 rows=100 width=125)
	  Recheck Cond: ((k >= 1164621) AND (k <= 1164721))
	  ->  Bitmap Index Scan on k_4  (cost=0.00..5.43 rows=100 width=0)
	        Index Cond: ((k >= 1164621) AND (k <= 1164721))

table 5 : explain SELECT k, c FROM sbtest5 WHERE k BETWEEN 1164621 AND 1164721
	Bitmap Heap Scan on sbtest5  (cost=5.46..401.19 rows=100 width=125)
	  Recheck Cond: ((k >= 1164621) AND (k <= 1164721))
	  ->  Bitmap Index Scan on k_5  (cost=0.00..5.43 rows=100 width=0)
	        Index Cond: ((k >= 1164621) AND (k <= 1164721))

table 6 : explain SELECT k, c FROM sbtest6 WHERE k BETWEEN 1164621 AND 1164721
	Bitmap Heap Scan on sbtest6  (cost=5.42..385.43 rows=96 width=125)
	  Recheck Cond: ((k >= 1164621) AND (k <= 1164721))
	  ->  Bitmap Index Scan on k_6  (cost=0.00..5.39 rows=96 width=0)
	        Index Cond: ((k >= 1164621) AND (k <= 1164721))

table 7 : explain SELECT k, c FROM sbtest7 WHERE k BETWEEN 1164621 AND 1164721
	Bitmap Heap Scan on sbtest7  (cost=5.50..416.94 rows=104 width=125)
	  Recheck Cond: ((k >= 1164621) AND (k <= 1164721))
	  ->  Bitmap Index Scan on k_7  (cost=0.00..5.47 rows=104 width=0)
	        Index Cond: ((k >= 1164621) AND (k <= 1164721))

table 8 : explain SELECT k, c FROM sbtest8 WHERE k BETWEEN 1164621 AND 1164721
	Bitmap Heap Scan on sbtest8  (cost=5.43..389.37 rows=97 width=125)
	  Recheck Cond: ((k >= 1164621) AND (k <= 1164721))
	  ->  Bitmap Index Scan on k_8  (cost=0.00..5.40 rows=97 width=0)
	        Index Cond: ((k >= 1164621) AND (k <= 1164721))

explain: for range-notcovered :: explain SELECT k, c FROM sbtest%d WHERE k BETWEEN 5028096 AND 5028196
explain: for range-notcovered :: explain SELECT k, c FROM sbtest%d WHERE k BETWEEN 1164621 AND 1164721
for range-notcovered
table 1 : explain SELECT k, c FROM sbtest1 WHERE k BETWEEN 6412603 AND 6412703
	Bitmap Heap Scan on sbtest1  (cost=5.58..448.42 rows=112 width=125)
	  Recheck Cond: ((k >= 6412603) AND (k <= 6412703))
	  ->  Bitmap Index Scan on k_1  (cost=0.00..5.55 rows=112 width=0)
	        Index Cond: ((k >= 6412603) AND (k <= 6412703))

table 2 : explain SELECT k, c FROM sbtest2 WHERE k BETWEEN 6412603 AND 6412703
	Bitmap Heap Scan on sbtest2  (cost=5.45..397.25 rows=99 width=125)
	  Recheck Cond: ((k >= 6412603) AND (k <= 6412703))
	  ->  Bitmap Index Scan on k_2  (cost=0.00..5.42 rows=99 width=0)
	        Index Cond: ((k >= 6412603) AND (k <= 6412703))

table 3 : explain SELECT k, c FROM sbtest3 WHERE k BETWEEN 6412603 AND 6412703
	Bitmap Heap Scan on sbtest3  (cost=5.47..405.13 rows=101 width=125)
	  Recheck Cond: ((k >= 6412603) AND (k <= 6412703))
	  ->  Bitmap Index Scan on k_3  (cost=0.00..5.44 rows=101 width=0)
	        Index Cond: ((k >= 6412603) AND (k <= 6412703))

table 4 : explain SELECT k, c FROM sbtest4 WHERE k BETWEEN 6412603 AND 6412703
	Bitmap Heap Scan on sbtest4  (cost=5.51..420.88 rows=105 width=125)
	  Recheck Cond: ((k >= 6412603) AND (k <= 6412703))
	  ->  Bitmap Index Scan on k_4  (cost=0.00..5.48 rows=105 width=0)
	        Index Cond: ((k >= 6412603) AND (k <= 6412703))

table 5 : explain SELECT k, c FROM sbtest5 WHERE k BETWEEN 6412603 AND 6412703
	Bitmap Heap Scan on sbtest5  (cost=5.48..409.07 rows=102 width=125)
	  Recheck Cond: ((k >= 6412603) AND (k <= 6412703))
	  ->  Bitmap Index Scan on k_5  (cost=0.00..5.45 rows=102 width=0)
	        Index Cond: ((k >= 6412603) AND (k <= 6412703))

table 6 : explain SELECT k, c FROM sbtest6 WHERE k BETWEEN 6412603 AND 6412703
	Bitmap Heap Scan on sbtest6  (cost=5.43..389.37 rows=97 width=125)
	  Recheck Cond: ((k >= 6412603) AND (k <= 6412703))
	  ->  Bitmap Index Scan on k_6  (cost=0.00..5.40 rows=97 width=0)
	        Index Cond: ((k >= 6412603) AND (k <= 6412703))

table 7 : explain SELECT k, c FROM sbtest7 WHERE k BETWEEN 6412603 AND 6412703
	Bitmap Heap Scan on sbtest7  (cost=5.56..440.56 rows=110 width=125)
	  Recheck Cond: ((k >= 6412603) AND (k <= 6412703))
	  ->  Bitmap Index Scan on k_7  (cost=0.00..5.53 rows=110 width=0)
	        Index Cond: ((k >= 6412603) AND (k <= 6412703))

table 8 : explain SELECT k, c FROM sbtest8 WHERE k BETWEEN 6412603 AND 6412703
	Bitmap Heap Scan on sbtest8  (cost=5.46..401.19 rows=100 width=125)
	  Recheck Cond: ((k >= 6412603) AND (k <= 6412703))
	  ->  Bitmap Index Scan on k_8  (cost=0.00..5.43 rows=100 width=0)
	        Index Cond: ((k >= 6412603) AND (k <= 6412703))

for range-notcovered
table 1 : explain SELECT k, c FROM sbtest1 WHERE k BETWEEN 5650161 AND 5650261
	Bitmap Heap Scan on sbtest1  (cost=5.44..393.31 rows=98 width=125)
	  Recheck Cond: ((k >= 5650161) AND (k <= 5650261))
	  ->  Bitmap Index Scan on k_1  (cost=0.00..5.42 rows=98 width=0)
	        Index Cond: ((k >= 5650161) AND (k <= 5650261))

table 2 : explain SELECT k, c FROM sbtest2 WHERE k BETWEEN 5650161 AND 5650261
	Bitmap Heap Scan on sbtest2  (cost=5.49..413.00 rows=103 width=125)
	  Recheck Cond: ((k >= 5650161) AND (k <= 5650261))
	  ->  Bitmap Index Scan on k_2  (cost=0.00..5.46 rows=103 width=0)
	        Index Cond: ((k >= 5650161) AND (k <= 5650261))

table 3 : explain SELECT k, c FROM sbtest3 WHERE k BETWEEN 5650161 AND 5650261
	Bitmap Heap Scan on sbtest3  (cost=5.48..409.07 rows=102 width=125)
	  Recheck Cond: ((k >= 5650161) AND (k <= 5650261))
	  ->  Bitmap Index Scan on k_3  (cost=0.00..5.45 rows=102 width=0)
	        Index Cond: ((k >= 5650161) AND (k <= 5650261))

table 4 : explain SELECT k, c FROM sbtest4 WHERE k BETWEEN 5650161 AND 5650261
	Bitmap Heap Scan on sbtest4  (cost=5.65..475.95 rows=119 width=125)
	  Recheck Cond: ((k >= 5650161) AND (k <= 5650261))
	  ->  Bitmap Index Scan on k_4  (cost=0.00..5.62 rows=119 width=0)
	        Index Cond: ((k >= 5650161) AND (k <= 5650261))

table 5 : explain SELECT k, c FROM sbtest5 WHERE k BETWEEN 5650161 AND 5650261
	Bitmap Heap Scan on sbtest5  (cost=5.50..416.94 rows=104 width=125)
	  Recheck Cond: ((k >= 5650161) AND (k <= 5650261))
	  ->  Bitmap Index Scan on k_5  (cost=0.00..5.47 rows=104 width=0)
	        Index Cond: ((k >= 5650161) AND (k <= 5650261))

table 6 : explain SELECT k, c FROM sbtest6 WHERE k BETWEEN 5650161 AND 5650261
	Bitmap Heap Scan on sbtest6  (cost=5.60..456.29 rows=114 width=125)
	  Recheck Cond: ((k >= 5650161) AND (k <= 5650261))
	  ->  Bitmap Index Scan on k_6  (cost=0.00..5.58 rows=114 width=0)
	        Index Cond: ((k >= 5650161) AND (k <= 5650261))

table 7 : explain SELECT k, c FROM sbtest7 WHERE k BETWEEN 5650161 AND 5650261
	Bitmap Heap Scan on sbtest7  (cost=5.40..377.55 rows=94 width=125)
	  Recheck Cond: ((k >= 5650161) AND (k <= 5650261))
	  ->  Bitmap Index Scan on k_7  (cost=0.00..5.38 rows=94 width=0)
	        Index Cond: ((k >= 5650161) AND (k <= 5650261))

table 8 : explain SELECT k, c FROM sbtest8 WHERE k BETWEEN 5650161 AND 5650261
	Bitmap Heap Scan on sbtest8  (cost=5.47..405.13 rows=101 width=125)
	  Recheck Cond: ((k >= 5650161) AND (k <= 5650261))
	  ->  Bitmap Index Scan on k_8  (cost=0.00..5.44 rows=101 width=0)
	        Index Cond: ((k >= 5650161) AND (k <= 5650261))

explain: for range-notcovered :: explain SELECT k, c FROM sbtest%d WHERE k BETWEEN 6412603 AND 6412703
explain: for range-notcovered :: explain SELECT k, c FROM sbtest%d WHERE k BETWEEN 5650161 AND 5650261
for range-notcovered
table 1 : explain SELECT k, c FROM sbtest1 WHERE k BETWEEN 4097006 AND 4097106
	Bitmap Heap Scan on sbtest1  (cost=5.53..428.75 rows=107 width=125)
	  Recheck Cond: ((k >= 4097006) AND (k <= 4097106))
	  ->  Bitmap Index Scan on k_1  (cost=0.00..5.50 rows=107 width=0)
	        Index Cond: ((k >= 4097006) AND (k <= 4097106))

table 2 : explain SELECT k, c FROM sbtest2 WHERE k BETWEEN 4097006 AND 4097106
	Bitmap Heap Scan on sbtest2  (cost=5.49..413.00 rows=103 width=125)
	  Recheck Cond: ((k >= 4097006) AND (k <= 4097106))
	  ->  Bitmap Index Scan on k_2  (cost=0.00..5.46 rows=103 width=0)
	        Index Cond: ((k >= 4097006) AND (k <= 4097106))

table 3 : explain SELECT k, c FROM sbtest3 WHERE k BETWEEN 4097006 AND 4097106
	Bitmap Heap Scan on sbtest3  (cost=5.49..413.00 rows=103 width=125)
	  Recheck Cond: ((k >= 4097006) AND (k <= 4097106))
	  ->  Bitmap Index Scan on k_3  (cost=0.00..5.46 rows=103 width=0)
	        Index Cond: ((k >= 4097006) AND (k <= 4097106))

table 4 : explain SELECT k, c FROM sbtest4 WHERE k BETWEEN 4097006 AND 4097106
	Bitmap Heap Scan on sbtest4  (cost=5.49..413.00 rows=103 width=125)
	  Recheck Cond: ((k >= 4097006) AND (k <= 4097106))
	  ->  Bitmap Index Scan on k_4  (cost=0.00..5.46 rows=103 width=0)
	        Index Cond: ((k >= 4097006) AND (k <= 4097106))

table 5 : explain SELECT k, c FROM sbtest5 WHERE k BETWEEN 4097006 AND 4097106
	Bitmap Heap Scan on sbtest5  (cost=5.48..409.07 rows=102 width=125)
	  Recheck Cond: ((k >= 4097006) AND (k <= 4097106))
	  ->  Bitmap Index Scan on k_5  (cost=0.00..5.45 rows=102 width=0)
	        Index Cond: ((k >= 4097006) AND (k <= 4097106))

table 6 : explain SELECT k, c FROM sbtest6 WHERE k BETWEEN 4097006 AND 4097106
	Bitmap Heap Scan on sbtest6  (cost=5.50..416.94 rows=104 width=125)
	  Recheck Cond: ((k >= 4097006) AND (k <= 4097106))
	  ->  Bitmap Index Scan on k_6  (cost=0.00..5.47 rows=104 width=0)
	        Index Cond: ((k >= 4097006) AND (k <= 4097106))

table 7 : explain SELECT k, c FROM sbtest7 WHERE k BETWEEN 4097006 AND 4097106
	Bitmap Heap Scan on sbtest7  (cost=5.50..416.94 rows=104 width=125)
	  Recheck Cond: ((k >= 4097006) AND (k <= 4097106))
	  ->  Bitmap Index Scan on k_7  (cost=0.00..5.47 rows=104 width=0)
	        Index Cond: ((k >= 4097006) AND (k <= 4097106))

table 8 : explain SELECT k, c FROM sbtest8 WHERE k BETWEEN 4097006 AND 4097106
	Bitmap Heap Scan on sbtest8  (cost=5.45..397.25 rows=99 width=125)
	  Recheck Cond: ((k >= 4097006) AND (k <= 4097106))
	  ->  Bitmap Index Scan on k_8  (cost=0.00..5.42 rows=99 width=0)
	        Index Cond: ((k >= 4097006) AND (k <= 4097106))

explain: for range-notcovered :: explain SELECT k, c FROM sbtest%d WHERE k BETWEEN 4097006 AND 4097106
for range-notcovered
table 1 : explain SELECT k, c FROM sbtest1 WHERE k BETWEEN 5447845 AND 5447945
	Bitmap Heap Scan on sbtest1  (cost=5.54..432.69 rows=108 width=125)
	  Recheck Cond: ((k >= 5447845) AND (k <= 5447945))
	  ->  Bitmap Index Scan on k_1  (cost=0.00..5.51 rows=108 width=0)
	        Index Cond: ((k >= 5447845) AND (k <= 5447945))

table 2 : explain SELECT k, c FROM sbtest2 WHERE k BETWEEN 5447845 AND 5447945
	Bitmap Heap Scan on sbtest2  (cost=5.44..393.31 rows=98 width=125)
	  Recheck Cond: ((k >= 5447845) AND (k <= 5447945))
	  ->  Bitmap Index Scan on k_2  (cost=0.00..5.42 rows=98 width=0)
	        Index Cond: ((k >= 5447845) AND (k <= 5447945))

table 3 : explain SELECT k, c FROM sbtest3 WHERE k BETWEEN 5447845 AND 5447945
	Bitmap Heap Scan on sbtest3  (cost=5.44..393.31 rows=98 width=125)
	  Recheck Cond: ((k >= 5447845) AND (k <= 5447945))
	  ->  Bitmap Index Scan on k_3  (cost=0.00..5.42 rows=98 width=0)
	        Index Cond: ((k >= 5447845) AND (k <= 5447945))

table 4 : explain SELECT k, c FROM sbtest4 WHERE k BETWEEN 5447845 AND 5447945
	Bitmap Heap Scan on sbtest4  (cost=5.50..416.94 rows=104 width=125)
	  Recheck Cond: ((k >= 5447845) AND (k <= 5447945))
	  ->  Bitmap Index Scan on k_4  (cost=0.00..5.47 rows=104 width=0)
	        Index Cond: ((k >= 5447845) AND (k <= 5447945))

table 5 : explain SELECT k, c FROM sbtest5 WHERE k BETWEEN 5447845 AND 5447945
	Bitmap Heap Scan on sbtest5  (cost=5.50..416.94 rows=104 width=125)
	  Recheck Cond: ((k >= 5447845) AND (k <= 5447945))
	  ->  Bitmap Index Scan on k_5  (cost=0.00..5.47 rows=104 width=0)
	        Index Cond: ((k >= 5447845) AND (k <= 5447945))

table 6 : explain SELECT k, c FROM sbtest6 WHERE k BETWEEN 5447845 AND 5447945
	Bitmap Heap Scan on sbtest6  (cost=5.33..349.95 rows=87 width=125)
	  Recheck Cond: ((k >= 5447845) AND (k <= 5447945))
	  ->  Bitmap Index Scan on k_6  (cost=0.00..5.30 rows=87 width=0)
	        Index Cond: ((k >= 5447845) AND (k <= 5447945))

table 7 : explain SELECT k, c FROM sbtest7 WHERE k BETWEEN 5447845 AND 5447945
	Bitmap Heap Scan on sbtest7  (cost=5.51..420.88 rows=105 width=125)
	  Recheck Cond: ((k >= 5447845) AND (k <= 5447945))
	  ->  Bitmap Index Scan on k_7  (cost=0.00..5.48 rows=105 width=0)
	        Index Cond: ((k >= 5447845) AND (k <= 5447945))

table 8 : explain SELECT k, c FROM sbtest8 WHERE k BETWEEN 5447845 AND 5447945
	Bitmap Heap Scan on sbtest8  (cost=5.42..385.43 rows=96 width=125)
	  Recheck Cond: ((k >= 5447845) AND (k <= 5447945))
	  ->  Bitmap Index Scan on k_8  (cost=0.00..5.39 rows=96 width=0)
	        Index Cond: ((k >= 5447845) AND (k <= 5447945))

explain: for range-notcovered :: explain SELECT k, c FROM sbtest%d WHERE k BETWEEN 5447845 AND 5447945
for range-notcovered
table 1 : explain SELECT k, c FROM sbtest1 WHERE k BETWEEN 5028096 AND 5028196
	Bitmap Heap Scan on sbtest1  (cost=5.61..460.22 rows=115 width=125)
	  Recheck Cond: ((k >= 5028096) AND (k <= 5028196))
	  ->  Bitmap Index Scan on k_1  (cost=0.00..5.58 rows=115 width=0)
	        Index Cond: ((k >= 5028096) AND (k <= 5028196))

table 2 : explain SELECT k, c FROM sbtest2 WHERE k BETWEEN 5028096 AND 5028196
	Bitmap Heap Scan on sbtest2  (cost=5.43..389.37 rows=97 width=125)
	  Recheck Cond: ((k >= 5028096) AND (k <= 5028196))
	  ->  Bitmap Index Scan on k_2  (cost=0.00..5.40 rows=97 width=0)
	        Index Cond: ((k >= 5028096) AND (k <= 5028196))

table 3 : explain SELECT k, c FROM sbtest3 WHERE k BETWEEN 5028096 AND 5028196
	Bitmap Heap Scan on sbtest3  (cost=5.54..432.69 rows=108 width=125)
	  Recheck Cond: ((k >= 5028096) AND (k <= 5028196))
	  ->  Bitmap Index Scan on k_3  (cost=0.00..5.51 rows=108 width=0)
	        Index Cond: ((k >= 5028096) AND (k <= 5028196))

table 4 : explain SELECT k, c FROM sbtest4 WHERE k BETWEEN 5028096 AND 5028196
	Bitmap Heap Scan on sbtest4  (cost=5.49..413.00 rows=103 width=125)
	  Recheck Cond: ((k >= 5028096) AND (k <= 5028196))
	  ->  Bitmap Index Scan on k_4  (cost=0.00..5.46 rows=103 width=0)
	        Index Cond: ((k >= 5028096) AND (k <= 5028196))

table 5 : explain SELECT k, c FROM sbtest5 WHERE k BETWEEN 5028096 AND 5028196
	Bitmap Heap Scan on sbtest5  (cost=5.49..413.00 rows=103 width=125)
	  Recheck Cond: ((k >= 5028096) AND (k <= 5028196))
	  ->  Bitmap Index Scan on k_5  (cost=0.00..5.46 rows=103 width=0)
	        Index Cond: ((k >= 5028096) AND (k <= 5028196))

table 6 : explain SELECT k, c FROM sbtest6 WHERE k BETWEEN 5028096 AND 5028196
	Bitmap Heap Scan on sbtest6  (cost=5.46..401.19 rows=100 width=125)
	  Recheck Cond: ((k >= 5028096) AND (k <= 5028196))
	  ->  Bitmap Index Scan on k_6  (cost=0.00..5.43 rows=100 width=0)
	        Index Cond: ((k >= 5028096) AND (k <= 5028196))

table 7 : explain SELECT k, c FROM sbtest7 WHERE k BETWEEN 5028096 AND 5028196
	Bitmap Heap Scan on sbtest7  (cost=5.48..409.07 rows=102 width=125)
	  Recheck Cond: ((k >= 5028096) AND (k <= 5028196))
	  ->  Bitmap Index Scan on k_7  (cost=0.00..5.45 rows=102 width=0)
	        Index Cond: ((k >= 5028096) AND (k <= 5028196))

table 8 : explain SELECT k, c FROM sbtest8 WHERE k BETWEEN 5028096 AND 5028196
	Bitmap Heap Scan on sbtest8  (cost=5.51..420.88 rows=105 width=125)
	  Recheck Cond: ((k >= 5028096) AND (k <= 5028196))
	  ->  Bitmap Index Scan on k_8  (cost=0.00..5.48 rows=105 width=0)
	        Index Cond: ((k >= 5028096) AND (k <= 5028196))

explain: for range-notcovered :: explain SELECT k, c FROM sbtest%d WHERE k BETWEEN 5028096 AND 5028196
for range-notcovered
table 1 : explain SELECT k, c FROM sbtest1 WHERE k BETWEEN 1164621 AND 1164721
	Bitmap Heap Scan on sbtest1  (cost=5.51..420.88 rows=105 width=125)
	  Recheck Cond: ((k >= 1164621) AND (k <= 1164721))
	  ->  Bitmap Index Scan on k_1  (cost=0.00..5.48 rows=105 width=0)
	        Index Cond: ((k >= 1164621) AND (k <= 1164721))

table 2 : explain SELECT k, c FROM sbtest2 WHERE k BETWEEN 1164621 AND 1164721
	Bitmap Heap Scan on sbtest2  (cost=5.49..413.00 rows=103 width=125)
	  Recheck Cond: ((k >= 1164621) AND (k <= 1164721))
	  ->  Bitmap Index Scan on k_2  (cost=0.00..5.46 rows=103 width=0)
	        Index Cond: ((k >= 1164621) AND (k <= 1164721))

table 3 : explain SELECT k, c FROM sbtest3 WHERE k BETWEEN 1164621 AND 1164721
	Bitmap Heap Scan on sbtest3  (cost=5.49..413.00 rows=103 width=125)
	  Recheck Cond: ((k >= 1164621) AND (k <= 1164721))
	  ->  Bitmap Index Scan on k_3  (cost=0.00..5.46 rows=103 width=0)
	        Index Cond: ((k >= 1164621) AND (k <= 1164721))

table 4 : explain SELECT k, c FROM sbtest4 WHERE k BETWEEN 1164621 AND 1164721
	Bitmap Heap Scan on sbtest4  (cost=5.46..401.19 rows=100 width=125)
	  Recheck Cond: ((k >= 1164621) AND (k <= 1164721))
	  ->  Bitmap Index Scan on k_4  (cost=0.00..5.43 rows=100 width=0)
	        Index Cond: ((k >= 1164621) AND (k <= 1164721))

table 5 : explain SELECT k, c FROM sbtest5 WHERE k BETWEEN 1164621 AND 1164721
	Bitmap Heap Scan on sbtest5  (cost=5.46..401.19 rows=100 width=125)
	  Recheck Cond: ((k >= 1164621) AND (k <= 1164721))
	  ->  Bitmap Index Scan on k_5  (cost=0.00..5.43 rows=100 width=0)
	        Index Cond: ((k >= 1164621) AND (k <= 1164721))

table 6 : explain SELECT k, c FROM sbtest6 WHERE k BETWEEN 1164621 AND 1164721
	Bitmap Heap Scan on sbtest6  (cost=5.42..385.43 rows=96 width=125)
	  Recheck Cond: ((k >= 1164621) AND (k <= 1164721))
	  ->  Bitmap Index Scan on k_6  (cost=0.00..5.39 rows=96 width=0)
	        Index Cond: ((k >= 1164621) AND (k <= 1164721))

table 7 : explain SELECT k, c FROM sbtest7 WHERE k BETWEEN 1164621 AND 1164721
	Bitmap Heap Scan on sbtest7  (cost=5.50..416.94 rows=104 width=125)
	  Recheck Cond: ((k >= 1164621) AND (k <= 1164721))
	  ->  Bitmap Index Scan on k_7  (cost=0.00..5.47 rows=104 width=0)
	        Index Cond: ((k >= 1164621) AND (k <= 1164721))

table 8 : explain SELECT k, c FROM sbtest8 WHERE k BETWEEN 1164621 AND 1164721
	Bitmap Heap Scan on sbtest8  (cost=5.43..389.37 rows=97 width=125)
	  Recheck Cond: ((k >= 1164621) AND (k <= 1164721))
	  ->  Bitmap Index Scan on k_8  (cost=0.00..5.40 rows=97 width=0)
	        Index Cond: ((k >= 1164621) AND (k <= 1164721))

for range-notcovered
table 1 : explain SELECT k, c FROM sbtest1 WHERE k BETWEEN 5650161 AND 5650261
	Bitmap Heap Scan on sbtest1  (cost=5.44..393.31 rows=98 width=125)
	  Recheck Cond: ((k >= 5650161) AND (k <= 5650261))
	  ->  Bitmap Index Scan on k_1  (cost=0.00..5.42 rows=98 width=0)
	        Index Cond: ((k >= 5650161) AND (k <= 5650261))

table 2 : explain SELECT k, c FROM sbtest2 WHERE k BETWEEN 5650161 AND 5650261
	Bitmap Heap Scan on sbtest2  (cost=5.49..413.00 rows=103 width=125)
	  Recheck Cond: ((k >= 5650161) AND (k <= 5650261))
	  ->  Bitmap Index Scan on k_2  (cost=0.00..5.46 rows=103 width=0)
	        Index Cond: ((k >= 5650161) AND (k <= 5650261))

table 3 : explain SELECT k, c FROM sbtest3 WHERE k BETWEEN 5650161 AND 5650261
	Bitmap Heap Scan on sbtest3  (cost=5.48..409.07 rows=102 width=125)
	  Recheck Cond: ((k >= 5650161) AND (k <= 5650261))
	  ->  Bitmap Index Scan on k_3  (cost=0.00..5.45 rows=102 width=0)
	        Index Cond: ((k >= 5650161) AND (k <= 5650261))

table 4 : explain SELECT k, c FROM sbtest4 WHERE k BETWEEN 5650161 AND 5650261
	Bitmap Heap Scan on sbtest4  (cost=5.65..475.95 rows=119 width=125)
	  Recheck Cond: ((k >= 5650161) AND (k <= 5650261))
	  ->  Bitmap Index Scan on k_4  (cost=0.00..5.62 rows=119 width=0)
	        Index Cond: ((k >= 5650161) AND (k <= 5650261))

table 5 : explain SELECT k, c FROM sbtest5 WHERE k BETWEEN 5650161 AND 5650261
	Bitmap Heap Scan on sbtest5  (cost=5.50..416.94 rows=104 width=125)
	  Recheck Cond: ((k >= 5650161) AND (k <= 5650261))
	  ->  Bitmap Index Scan on k_5  (cost=0.00..5.47 rows=104 width=0)
	        Index Cond: ((k >= 5650161) AND (k <= 5650261))

table 6 : explain SELECT k, c FROM sbtest6 WHERE k BETWEEN 5650161 AND 5650261
	Bitmap Heap Scan on sbtest6  (cost=5.60..456.29 rows=114 width=125)
	  Recheck Cond: ((k >= 5650161) AND (k <= 5650261))
	  ->  Bitmap Index Scan on k_6  (cost=0.00..5.58 rows=114 width=0)
	        Index Cond: ((k >= 5650161) AND (k <= 5650261))

table 7 : explain SELECT k, c FROM sbtest7 WHERE k BETWEEN 5650161 AND 5650261
	Bitmap Heap Scan on sbtest7  (cost=5.40..377.55 rows=94 width=125)
	  Recheck Cond: ((k >= 5650161) AND (k <= 5650261))
	  ->  Bitmap Index Scan on k_7  (cost=0.00..5.38 rows=94 width=0)
	        Index Cond: ((k >= 5650161) AND (k <= 5650261))

table 8 : explain SELECT k, c FROM sbtest8 WHERE k BETWEEN 5650161 AND 5650261
	Bitmap Heap Scan on sbtest8  (cost=5.47..405.13 rows=101 width=125)
	  Recheck Cond: ((k >= 5650161) AND (k <= 5650261))
	  ->  Bitmap Index Scan on k_8  (cost=0.00..5.44 rows=101 width=0)
	        Index Cond: ((k >= 5650161) AND (k <= 5650261))

explain: for range-notcovered :: explain SELECT k, c FROM sbtest%d WHERE k BETWEEN 1164621 AND 1164721
for range-notcovered
table 1 : explain SELECT k, c FROM sbtest1 WHERE k BETWEEN 4097006 AND 4097106
	Bitmap Heap Scan on sbtest1  (cost=5.53..428.75 rows=107 width=125)
	  Recheck Cond: ((k >= 4097006) AND (k <= 4097106))
	  ->  Bitmap Index Scan on k_1  (cost=0.00..5.50 rows=107 width=0)
	        Index Cond: ((k >= 4097006) AND (k <= 4097106))

table 2 : explain SELECT k, c FROM sbtest2 WHERE k BETWEEN 4097006 AND 4097106
	Bitmap Heap Scan on sbtest2  (cost=5.49..413.00 rows=103 width=125)
	  Recheck Cond: ((k >= 4097006) AND (k <= 4097106))
	  ->  Bitmap Index Scan on k_2  (cost=0.00..5.46 rows=103 width=0)
	        Index Cond: ((k >= 4097006) AND (k <= 4097106))

table 3 : explain SELECT k, c FROM sbtest3 WHERE k BETWEEN 4097006 AND 4097106
	Bitmap Heap Scan on sbtest3  (cost=5.49..413.00 rows=103 width=125)
	  Recheck Cond: ((k >= 4097006) AND (k <= 4097106))
	  ->  Bitmap Index Scan on k_3  (cost=0.00..5.46 rows=103 width=0)
	        Index Cond: ((k >= 4097006) AND (k <= 4097106))

table 4 : explain SELECT k, c FROM sbtest4 WHERE k BETWEEN 4097006 AND 4097106
	Bitmap Heap Scan on sbtest4  (cost=5.49..413.00 rows=103 width=125)
	  Recheck Cond: ((k >= 4097006) AND (k <= 4097106))
	  ->  Bitmap Index Scan on k_4  (cost=0.00..5.46 rows=103 width=0)
	        Index Cond: ((k >= 4097006) AND (k <= 4097106))

table 5 : explain SELECT k, c FROM sbtest5 WHERE k BETWEEN 4097006 AND 4097106
	Bitmap Heap Scan on sbtest5  (cost=5.48..409.07 rows=102 width=125)
	  Recheck Cond: ((k >= 4097006) AND (k <= 4097106))
	  ->  Bitmap Index Scan on k_5  (cost=0.00..5.45 rows=102 width=0)
	        Index Cond: ((k >= 4097006) AND (k <= 4097106))

table 6 : explain SELECT k, c FROM sbtest6 WHERE k BETWEEN 4097006 AND 4097106
	Bitmap Heap Scan on sbtest6  (cost=5.50..416.94 rows=104 width=125)
	  Recheck Cond: ((k >= 4097006) AND (k <= 4097106))
	  ->  Bitmap Index Scan on k_6  (cost=0.00..5.47 rows=104 width=0)
	        Index Cond: ((k >= 4097006) AND (k <= 4097106))

table 7 : explain SELECT k, c FROM sbtest7 WHERE k BETWEEN 4097006 AND 4097106
	Bitmap Heap Scan on sbtest7  (cost=5.50..416.94 rows=104 width=125)
	  Recheck Cond: ((k >= 4097006) AND (k <= 4097106))
	  ->  Bitmap Index Scan on k_7  (cost=0.00..5.47 rows=104 width=0)
	        Index Cond: ((k >= 4097006) AND (k <= 4097106))

table 8 : explain SELECT k, c FROM sbtest8 WHERE k BETWEEN 4097006 AND 4097106
	Bitmap Heap Scan on sbtest8  (cost=5.45..397.25 rows=99 width=125)
	  Recheck Cond: ((k >= 4097006) AND (k <= 4097106))
	  ->  Bitmap Index Scan on k_8  (cost=0.00..5.42 rows=99 width=0)
	        Index Cond: ((k >= 4097006) AND (k <= 4097106))

explain: for range-notcovered :: explain SELECT k, c FROM sbtest%d WHERE k BETWEEN 4097006 AND 4097106
explain: for range-notcovered :: explain SELECT k, c FROM sbtest%d WHERE k BETWEEN 7786109 AND 7786209
for range-notcovered
table 1 : explain SELECT k, c FROM sbtest1 WHERE k BETWEEN 5447845 AND 5447945
	Bitmap Heap Scan on sbtest1  (cost=5.54..432.69 rows=108 width=125)
	  Recheck Cond: ((k >= 5447845) AND (k <= 5447945))
	  ->  Bitmap Index Scan on k_1  (cost=0.00..5.51 rows=108 width=0)
	        Index Cond: ((k >= 5447845) AND (k <= 5447945))

table 2 : explain SELECT k, c FROM sbtest2 WHERE k BETWEEN 5447845 AND 5447945
	Bitmap Heap Scan on sbtest2  (cost=5.44..393.31 rows=98 width=125)
	  Recheck Cond: ((k >= 5447845) AND (k <= 5447945))
	  ->  Bitmap Index Scan on k_2  (cost=0.00..5.42 rows=98 width=0)
	        Index Cond: ((k >= 5447845) AND (k <= 5447945))

table 3 : explain SELECT k, c FROM sbtest3 WHERE k BETWEEN 5447845 AND 5447945
	Bitmap Heap Scan on sbtest3  (cost=5.44..393.31 rows=98 width=125)
	  Recheck Cond: ((k >= 5447845) AND (k <= 5447945))
	  ->  Bitmap Index Scan on k_3  (cost=0.00..5.42 rows=98 width=0)
	        Index Cond: ((k >= 5447845) AND (k <= 5447945))

table 4 : explain SELECT k, c FROM sbtest4 WHERE k BETWEEN 5447845 AND 5447945
	Bitmap Heap Scan on sbtest4  (cost=5.50..416.94 rows=104 width=125)
	  Recheck Cond: ((k >= 5447845) AND (k <= 5447945))
	  ->  Bitmap Index Scan on k_4  (cost=0.00..5.47 rows=104 width=0)
	        Index Cond: ((k >= 5447845) AND (k <= 5447945))

table 5 : explain SELECT k, c FROM sbtest5 WHERE k BETWEEN 5447845 AND 5447945
	Bitmap Heap Scan on sbtest5  (cost=5.50..416.94 rows=104 width=125)
	  Recheck Cond: ((k >= 5447845) AND (k <= 5447945))
	  ->  Bitmap Index Scan on k_5  (cost=0.00..5.47 rows=104 width=0)
	        Index Cond: ((k >= 5447845) AND (k <= 5447945))

table 6 : explain SELECT k, c FROM sbtest6 WHERE k BETWEEN 5447845 AND 5447945
	Bitmap Heap Scan on sbtest6  (cost=5.33..349.95 rows=87 width=125)
	  Recheck Cond: ((k >= 5447845) AND (k <= 5447945))
	  ->  Bitmap Index Scan on k_6  (cost=0.00..5.30 rows=87 width=0)
	        Index Cond: ((k >= 5447845) AND (k <= 5447945))

table 7 : explain SELECT k, c FROM sbtest7 WHERE k BETWEEN 5447845 AND 5447945
	Bitmap Heap Scan on sbtest7  (cost=5.51..420.88 rows=105 width=125)
	  Recheck Cond: ((k >= 5447845) AND (k <= 5447945))
	  ->  Bitmap Index Scan on k_7  (cost=0.00..5.48 rows=105 width=0)
	        Index Cond: ((k >= 5447845) AND (k <= 5447945))

table 8 : explain SELECT k, c FROM sbtest8 WHERE k BETWEEN 5447845 AND 5447945
	Bitmap Heap Scan on sbtest8  (cost=5.42..385.43 rows=96 width=125)
	  Recheck Cond: ((k >= 5447845) AND (k <= 5447945))
	  ->  Bitmap Index Scan on k_8  (cost=0.00..5.39 rows=96 width=0)
	        Index Cond: ((k >= 5447845) AND (k <= 5447945))

explain: for range-notcovered :: explain SELECT k, c FROM sbtest%d WHERE k BETWEEN 5447845 AND 5447945
for range-notcovered
table 1 : explain SELECT k, c FROM sbtest1 WHERE k BETWEEN 5028096 AND 5028196
	Bitmap Heap Scan on sbtest1  (cost=5.61..460.22 rows=115 width=125)
	  Recheck Cond: ((k >= 5028096) AND (k <= 5028196))
	  ->  Bitmap Index Scan on k_1  (cost=0.00..5.58 rows=115 width=0)
	        Index Cond: ((k >= 5028096) AND (k <= 5028196))

table 2 : explain SELECT k, c FROM sbtest2 WHERE k BETWEEN 5028096 AND 5028196
	Bitmap Heap Scan on sbtest2  (cost=5.43..389.37 rows=97 width=125)
	  Recheck Cond: ((k >= 5028096) AND (k <= 5028196))
	  ->  Bitmap Index Scan on k_2  (cost=0.00..5.40 rows=97 width=0)
	        Index Cond: ((k >= 5028096) AND (k <= 5028196))

table 3 : explain SELECT k, c FROM sbtest3 WHERE k BETWEEN 5028096 AND 5028196
	Bitmap Heap Scan on sbtest3  (cost=5.54..432.69 rows=108 width=125)
	  Recheck Cond: ((k >= 5028096) AND (k <= 5028196))
	  ->  Bitmap Index Scan on k_3  (cost=0.00..5.51 rows=108 width=0)
	        Index Cond: ((k >= 5028096) AND (k <= 5028196))

table 4 : explain SELECT k, c FROM sbtest4 WHERE k BETWEEN 5028096 AND 5028196
	Bitmap Heap Scan on sbtest4  (cost=5.49..413.00 rows=103 width=125)
	  Recheck Cond: ((k >= 5028096) AND (k <= 5028196))
	  ->  Bitmap Index Scan on k_4  (cost=0.00..5.46 rows=103 width=0)
	        Index Cond: ((k >= 5028096) AND (k <= 5028196))

table 5 : explain SELECT k, c FROM sbtest5 WHERE k BETWEEN 5028096 AND 5028196
	Bitmap Heap Scan on sbtest5  (cost=5.49..413.00 rows=103 width=125)
	  Recheck Cond: ((k >= 5028096) AND (k <= 5028196))
	  ->  Bitmap Index Scan on k_5  (cost=0.00..5.46 rows=103 width=0)
	        Index Cond: ((k >= 5028096) AND (k <= 5028196))

table 6 : explain SELECT k, c FROM sbtest6 WHERE k BETWEEN 5028096 AND 5028196
	Bitmap Heap Scan on sbtest6  (cost=5.46..401.19 rows=100 width=125)
	  Recheck Cond: ((k >= 5028096) AND (k <= 5028196))
	  ->  Bitmap Index Scan on k_6  (cost=0.00..5.43 rows=100 width=0)
	        Index Cond: ((k >= 5028096) AND (k <= 5028196))

table 7 : explain SELECT k, c FROM sbtest7 WHERE k BETWEEN 5028096 AND 5028196
	Bitmap Heap Scan on sbtest7  (cost=5.48..409.07 rows=102 width=125)
	  Recheck Cond: ((k >= 5028096) AND (k <= 5028196))
	  ->  Bitmap Index Scan on k_7  (cost=0.00..5.45 rows=102 width=0)
	        Index Cond: ((k >= 5028096) AND (k <= 5028196))

table 8 : explain SELECT k, c FROM sbtest8 WHERE k BETWEEN 5028096 AND 5028196
	Bitmap Heap Scan on sbtest8  (cost=5.51..420.88 rows=105 width=125)
	  Recheck Cond: ((k >= 5028096) AND (k <= 5028196))
	  ->  Bitmap Index Scan on k_8  (cost=0.00..5.48 rows=105 width=0)
	        Index Cond: ((k >= 5028096) AND (k <= 5028196))

explain: for range-notcovered :: explain SELECT k, c FROM sbtest%d WHERE k BETWEEN 5028096 AND 5028196
for range-notcovered
table 1 : explain SELECT k, c FROM sbtest1 WHERE k BETWEEN 4097006 AND 4097106
	Bitmap Heap Scan on sbtest1  (cost=5.53..428.75 rows=107 width=125)
	  Recheck Cond: ((k >= 4097006) AND (k <= 4097106))
	  ->  Bitmap Index Scan on k_1  (cost=0.00..5.50 rows=107 width=0)
	        Index Cond: ((k >= 4097006) AND (k <= 4097106))

table 2 : explain SELECT k, c FROM sbtest2 WHERE k BETWEEN 4097006 AND 4097106
	Bitmap Heap Scan on sbtest2  (cost=5.49..413.00 rows=103 width=125)
	  Recheck Cond: ((k >= 4097006) AND (k <= 4097106))
	  ->  Bitmap Index Scan on k_2  (cost=0.00..5.46 rows=103 width=0)
	        Index Cond: ((k >= 4097006) AND (k <= 4097106))

table 3 : explain SELECT k, c FROM sbtest3 WHERE k BETWEEN 4097006 AND 4097106
	Bitmap Heap Scan on sbtest3  (cost=5.49..413.00 rows=103 width=125)
	  Recheck Cond: ((k >= 4097006) AND (k <= 4097106))
	  ->  Bitmap Index Scan on k_3  (cost=0.00..5.46 rows=103 width=0)
	        Index Cond: ((k >= 4097006) AND (k <= 4097106))

table 4 : explain SELECT k, c FROM sbtest4 WHERE k BETWEEN 4097006 AND 4097106
	Bitmap Heap Scan on sbtest4  (cost=5.49..413.00 rows=103 width=125)
	  Recheck Cond: ((k >= 4097006) AND (k <= 4097106))
	  ->  Bitmap Index Scan on k_4  (cost=0.00..5.46 rows=103 width=0)
	        Index Cond: ((k >= 4097006) AND (k <= 4097106))

table 5 : explain SELECT k, c FROM sbtest5 WHERE k BETWEEN 4097006 AND 4097106
	Bitmap Heap Scan on sbtest5  (cost=5.48..409.07 rows=102 width=125)
	  Recheck Cond: ((k >= 4097006) AND (k <= 4097106))
	  ->  Bitmap Index Scan on k_5  (cost=0.00..5.45 rows=102 width=0)
	        Index Cond: ((k >= 4097006) AND (k <= 4097106))

table 6 : explain SELECT k, c FROM sbtest6 WHERE k BETWEEN 4097006 AND 4097106
	Bitmap Heap Scan on sbtest6  (cost=5.50..416.94 rows=104 width=125)
	  Recheck Cond: ((k >= 4097006) AND (k <= 4097106))
	  ->  Bitmap Index Scan on k_6  (cost=0.00..5.47 rows=104 width=0)
	        Index Cond: ((k >= 4097006) AND (k <= 4097106))

table 7 : explain SELECT k, c FROM sbtest7 WHERE k BETWEEN 4097006 AND 4097106
	Bitmap Heap Scan on sbtest7  (cost=5.50..416.94 rows=104 width=125)
	  Recheck Cond: ((k >= 4097006) AND (k <= 4097106))
	  ->  Bitmap Index Scan on k_7  (cost=0.00..5.47 rows=104 width=0)
	        Index Cond: ((k >= 4097006) AND (k <= 4097106))

table 8 : explain SELECT k, c FROM sbtest8 WHERE k BETWEEN 4097006 AND 4097106
	Bitmap Heap Scan on sbtest8  (cost=5.45..397.25 rows=99 width=125)
	  Recheck Cond: ((k >= 4097006) AND (k <= 4097106))
	  ->  Bitmap Index Scan on k_8  (cost=0.00..5.42 rows=99 width=0)
	        Index Cond: ((k >= 4097006) AND (k <= 4097106))

for range-notcovered
table 1 : explain SELECT k, c FROM sbtest1 WHERE k BETWEEN 6412603 AND 6412703
	Bitmap Heap Scan on sbtest1  (cost=5.58..448.42 rows=112 width=125)
	  Recheck Cond: ((k >= 6412603) AND (k <= 6412703))
	  ->  Bitmap Index Scan on k_1  (cost=0.00..5.55 rows=112 width=0)
	        Index Cond: ((k >= 6412603) AND (k <= 6412703))

table 2 : explain SELECT k, c FROM sbtest2 WHERE k BETWEEN 6412603 AND 6412703
	Bitmap Heap Scan on sbtest2  (cost=5.45..397.25 rows=99 width=125)
	  Recheck Cond: ((k >= 6412603) AND (k <= 6412703))
	  ->  Bitmap Index Scan on k_2  (cost=0.00..5.42 rows=99 width=0)
	        Index Cond: ((k >= 6412603) AND (k <= 6412703))

table 3 : explain SELECT k, c FROM sbtest3 WHERE k BETWEEN 6412603 AND 6412703
	Bitmap Heap Scan on sbtest3  (cost=5.47..405.13 rows=101 width=125)
	  Recheck Cond: ((k >= 6412603) AND (k <= 6412703))
	  ->  Bitmap Index Scan on k_3  (cost=0.00..5.44 rows=101 width=0)
	        Index Cond: ((k >= 6412603) AND (k <= 6412703))

table 4 : explain SELECT k, c FROM sbtest4 WHERE k BETWEEN 6412603 AND 6412703
	Bitmap Heap Scan on sbtest4  (cost=5.51..420.88 rows=105 width=125)
	  Recheck Cond: ((k >= 6412603) AND (k <= 6412703))
	  ->  Bitmap Index Scan on k_4  (cost=0.00..5.48 rows=105 width=0)
	        Index Cond: ((k >= 6412603) AND (k <= 6412703))

table 5 : explain SELECT k, c FROM sbtest5 WHERE k BETWEEN 6412603 AND 6412703
	Bitmap Heap Scan on sbtest5  (cost=5.48..409.07 rows=102 width=125)
	  Recheck Cond: ((k >= 6412603) AND (k <= 6412703))
	  ->  Bitmap Index Scan on k_5  (cost=0.00..5.45 rows=102 width=0)
	        Index Cond: ((k >= 6412603) AND (k <= 6412703))

table 6 : explain SELECT k, c FROM sbtest6 WHERE k BETWEEN 6412603 AND 6412703
	Bitmap Heap Scan on sbtest6  (cost=5.43..389.37 rows=97 width=125)
	  Recheck Cond: ((k >= 6412603) AND (k <= 6412703))
	  ->  Bitmap Index Scan on k_6  (cost=0.00..5.40 rows=97 width=0)
	        Index Cond: ((k >= 6412603) AND (k <= 6412703))

table 7 : explain SELECT k, c FROM sbtest7 WHERE k BETWEEN 6412603 AND 6412703
	Bitmap Heap Scan on sbtest7  (cost=5.56..440.56 rows=110 width=125)
	  Recheck Cond: ((k >= 6412603) AND (k <= 6412703))
	  ->  Bitmap Index Scan on k_7  (cost=0.00..5.53 rows=110 width=0)
	        Index Cond: ((k >= 6412603) AND (k <= 6412703))

table 8 : explain SELECT k, c FROM sbtest8 WHERE k BETWEEN 6412603 AND 6412703
	Bitmap Heap Scan on sbtest8  (cost=5.46..401.19 rows=100 width=125)
	  Recheck Cond: ((k >= 6412603) AND (k <= 6412703))
	  ->  Bitmap Index Scan on k_8  (cost=0.00..5.43 rows=100 width=0)
	        Index Cond: ((k >= 6412603) AND (k <= 6412703))

explain: for range-notcovered :: explain SELECT k, c FROM sbtest%d WHERE k BETWEEN 4097006 AND 4097106
explain: for range-notcovered :: explain SELECT k, c FROM sbtest%d WHERE k BETWEEN 6412603 AND 6412703
for range-notcovered
table 1 : explain SELECT k, c FROM sbtest1 WHERE k BETWEEN 5028096 AND 5028196
	Bitmap Heap Scan on sbtest1  (cost=5.61..460.22 rows=115 width=125)
	  Recheck Cond: ((k >= 5028096) AND (k <= 5028196))
	  ->  Bitmap Index Scan on k_1  (cost=0.00..5.58 rows=115 width=0)
	        Index Cond: ((k >= 5028096) AND (k <= 5028196))

table 2 : explain SELECT k, c FROM sbtest2 WHERE k BETWEEN 5028096 AND 5028196
	Bitmap Heap Scan on sbtest2  (cost=5.43..389.37 rows=97 width=125)
	  Recheck Cond: ((k >= 5028096) AND (k <= 5028196))
	  ->  Bitmap Index Scan on k_2  (cost=0.00..5.40 rows=97 width=0)
	        Index Cond: ((k >= 5028096) AND (k <= 5028196))

table 3 : explain SELECT k, c FROM sbtest3 WHERE k BETWEEN 5028096 AND 5028196
	Bitmap Heap Scan on sbtest3  (cost=5.54..432.69 rows=108 width=125)
	  Recheck Cond: ((k >= 5028096) AND (k <= 5028196))
	  ->  Bitmap Index Scan on k_3  (cost=0.00..5.51 rows=108 width=0)
	        Index Cond: ((k >= 5028096) AND (k <= 5028196))

table 4 : explain SELECT k, c FROM sbtest4 WHERE k BETWEEN 5028096 AND 5028196
	Bitmap Heap Scan on sbtest4  (cost=5.49..413.00 rows=103 width=125)
	  Recheck Cond: ((k >= 5028096) AND (k <= 5028196))
	  ->  Bitmap Index Scan on k_4  (cost=0.00..5.46 rows=103 width=0)
	        Index Cond: ((k >= 5028096) AND (k <= 5028196))

table 5 : explain SELECT k, c FROM sbtest5 WHERE k BETWEEN 5028096 AND 5028196
	Bitmap Heap Scan on sbtest5  (cost=5.49..413.00 rows=103 width=125)
	  Recheck Cond: ((k >= 5028096) AND (k <= 5028196))
	  ->  Bitmap Index Scan on k_5  (cost=0.00..5.46 rows=103 width=0)
	        Index Cond: ((k >= 5028096) AND (k <= 5028196))

table 6 : explain SELECT k, c FROM sbtest6 WHERE k BETWEEN 5028096 AND 5028196
	Bitmap Heap Scan on sbtest6  (cost=5.46..401.19 rows=100 width=125)
	  Recheck Cond: ((k >= 5028096) AND (k <= 5028196))
	  ->  Bitmap Index Scan on k_6  (cost=0.00..5.43 rows=100 width=0)
	        Index Cond: ((k >= 5028096) AND (k <= 5028196))

table 7 : explain SELECT k, c FROM sbtest7 WHERE k BETWEEN 5028096 AND 5028196
	Bitmap Heap Scan on sbtest7  (cost=5.48..409.07 rows=102 width=125)
	  Recheck Cond: ((k >= 5028096) AND (k <= 5028196))
	  ->  Bitmap Index Scan on k_7  (cost=0.00..5.45 rows=102 width=0)
	        Index Cond: ((k >= 5028096) AND (k <= 5028196))

table 8 : explain SELECT k, c FROM sbtest8 WHERE k BETWEEN 5028096 AND 5028196
	Bitmap Heap Scan on sbtest8  (cost=5.51..420.88 rows=105 width=125)
	  Recheck Cond: ((k >= 5028096) AND (k <= 5028196))
	  ->  Bitmap Index Scan on k_8  (cost=0.00..5.48 rows=105 width=0)
	        Index Cond: ((k >= 5028096) AND (k <= 5028196))

for range-notcovered
table 1 : explain SELECT k, c FROM sbtest1 WHERE k BETWEEN 5447845 AND 5447945
	Bitmap Heap Scan on sbtest1  (cost=5.54..432.69 rows=108 width=125)
	  Recheck Cond: ((k >= 5447845) AND (k <= 5447945))
	  ->  Bitmap Index Scan on k_1  (cost=0.00..5.51 rows=108 width=0)
	        Index Cond: ((k >= 5447845) AND (k <= 5447945))

table 2 : explain SELECT k, c FROM sbtest2 WHERE k BETWEEN 5447845 AND 5447945
	Bitmap Heap Scan on sbtest2  (cost=5.44..393.31 rows=98 width=125)
	  Recheck Cond: ((k >= 5447845) AND (k <= 5447945))
	  ->  Bitmap Index Scan on k_2  (cost=0.00..5.42 rows=98 width=0)
	        Index Cond: ((k >= 5447845) AND (k <= 5447945))

table 3 : explain SELECT k, c FROM sbtest3 WHERE k BETWEEN 5447845 AND 5447945
	Bitmap Heap Scan on sbtest3  (cost=5.44..393.31 rows=98 width=125)
	  Recheck Cond: ((k >= 5447845) AND (k <= 5447945))
	  ->  Bitmap Index Scan on k_3  (cost=0.00..5.42 rows=98 width=0)
	        Index Cond: ((k >= 5447845) AND (k <= 5447945))

table 4 : explain SELECT k, c FROM sbtest4 WHERE k BETWEEN 5447845 AND 5447945
	Bitmap Heap Scan on sbtest4  (cost=5.50..416.94 rows=104 width=125)
	  Recheck Cond: ((k >= 5447845) AND (k <= 5447945))
	  ->  Bitmap Index Scan on k_4  (cost=0.00..5.47 rows=104 width=0)
	        Index Cond: ((k >= 5447845) AND (k <= 5447945))

table 5 : explain SELECT k, c FROM sbtest5 WHERE k BETWEEN 5447845 AND 5447945
	Bitmap Heap Scan on sbtest5  (cost=5.50..416.94 rows=104 width=125)
	  Recheck Cond: ((k >= 5447845) AND (k <= 5447945))
	  ->  Bitmap Index Scan on k_5  (cost=0.00..5.47 rows=104 width=0)
	        Index Cond: ((k >= 5447845) AND (k <= 5447945))

table 6 : explain SELECT k, c FROM sbtest6 WHERE k BETWEEN 5447845 AND 5447945
	Bitmap Heap Scan on sbtest6  (cost=5.33..349.95 rows=87 width=125)
	  Recheck Cond: ((k >= 5447845) AND (k <= 5447945))
	  ->  Bitmap Index Scan on k_6  (cost=0.00..5.30 rows=87 width=0)
	        Index Cond: ((k >= 5447845) AND (k <= 5447945))

table 7 : explain SELECT k, c FROM sbtest7 WHERE k BETWEEN 5447845 AND 5447945
	Bitmap Heap Scan on sbtest7  (cost=5.51..420.88 rows=105 width=125)
	  Recheck Cond: ((k >= 5447845) AND (k <= 5447945))
	  ->  Bitmap Index Scan on k_7  (cost=0.00..5.48 rows=105 width=0)
	        Index Cond: ((k >= 5447845) AND (k <= 5447945))

table 8 : explain SELECT k, c FROM sbtest8 WHERE k BETWEEN 5447845 AND 5447945
	Bitmap Heap Scan on sbtest8  (cost=5.42..385.43 rows=96 width=125)
	  Recheck Cond: ((k >= 5447845) AND (k <= 5447945))
	  ->  Bitmap Index Scan on k_8  (cost=0.00..5.39 rows=96 width=0)
	        Index Cond: ((k >= 5447845) AND (k <= 5447945))

for range-notcovered
table 1 : explain SELECT k, c FROM sbtest1 WHERE k BETWEEN 1164621 AND 1164721
	Bitmap Heap Scan on sbtest1  (cost=5.51..420.88 rows=105 width=125)
	  Recheck Cond: ((k >= 1164621) AND (k <= 1164721))
	  ->  Bitmap Index Scan on k_1  (cost=0.00..5.48 rows=105 width=0)
	        Index Cond: ((k >= 1164621) AND (k <= 1164721))

table 2 : explain SELECT k, c FROM sbtest2 WHERE k BETWEEN 1164621 AND 1164721
	Bitmap Heap Scan on sbtest2  (cost=5.49..413.00 rows=103 width=125)
	  Recheck Cond: ((k >= 1164621) AND (k <= 1164721))
	  ->  Bitmap Index Scan on k_2  (cost=0.00..5.46 rows=103 width=0)
	        Index Cond: ((k >= 1164621) AND (k <= 1164721))

table 3 : explain SELECT k, c FROM sbtest3 WHERE k BETWEEN 1164621 AND 1164721
	Bitmap Heap Scan on sbtest3  (cost=5.49..413.00 rows=103 width=125)
	  Recheck Cond: ((k >= 1164621) AND (k <= 1164721))
	  ->  Bitmap Index Scan on k_3  (cost=0.00..5.46 rows=103 width=0)
	        Index Cond: ((k >= 1164621) AND (k <= 1164721))

table 4 : explain SELECT k, c FROM sbtest4 WHERE k BETWEEN 1164621 AND 1164721
	Bitmap Heap Scan on sbtest4  (cost=5.46..401.19 rows=100 width=125)
	  Recheck Cond: ((k >= 1164621) AND (k <= 1164721))
	  ->  Bitmap Index Scan on k_4  (cost=0.00..5.43 rows=100 width=0)
	        Index Cond: ((k >= 1164621) AND (k <= 1164721))

table 5 : explain SELECT k, c FROM sbtest5 WHERE k BETWEEN 1164621 AND 1164721
	Bitmap Heap Scan on sbtest5  (cost=5.46..401.19 rows=100 width=125)
	  Recheck Cond: ((k >= 1164621) AND (k <= 1164721))
	  ->  Bitmap Index Scan on k_5  (cost=0.00..5.43 rows=100 width=0)
	        Index Cond: ((k >= 1164621) AND (k <= 1164721))

table 6 : explain SELECT k, c FROM sbtest6 WHERE k BETWEEN 1164621 AND 1164721
	Bitmap Heap Scan on sbtest6  (cost=5.42..385.43 rows=96 width=125)
	  Recheck Cond: ((k >= 1164621) AND (k <= 1164721))
	  ->  Bitmap Index Scan on k_6  (cost=0.00..5.39 rows=96 width=0)
	        Index Cond: ((k >= 1164621) AND (k <= 1164721))

table 7 : explain SELECT k, c FROM sbtest7 WHERE k BETWEEN 1164621 AND 1164721
	Bitmap Heap Scan on sbtest7  (cost=5.50..416.94 rows=104 width=125)
	  Recheck Cond: ((k >= 1164621) AND (k <= 1164721))
	  ->  Bitmap Index Scan on k_7  (cost=0.00..5.47 rows=104 width=0)
	        Index Cond: ((k >= 1164621) AND (k <= 1164721))

table 8 : explain SELECT k, c FROM sbtest8 WHERE k BETWEEN 1164621 AND 1164721
	Bitmap Heap Scan on sbtest8  (cost=5.43..389.37 rows=97 width=125)
	  Recheck Cond: ((k >= 1164621) AND (k <= 1164721))
	  ->  Bitmap Index Scan on k_8  (cost=0.00..5.40 rows=97 width=0)
	        Index Cond: ((k >= 1164621) AND (k <= 1164721))

for range-notcovered
table 1 : explain SELECT k, c FROM sbtest1 WHERE k BETWEEN 5241579 AND 5241679
	Bitmap Heap Scan on sbtest1  (cost=5.54..432.69 rows=108 width=125)
	  Recheck Cond: ((k >= 5241579) AND (k <= 5241679))
	  ->  Bitmap Index Scan on k_1  (cost=0.00..5.51 rows=108 width=0)
	        Index Cond: ((k >= 5241579) AND (k <= 5241679))

table 2 : explain SELECT k, c FROM sbtest2 WHERE k BETWEEN 5241579 AND 5241679
	Bitmap Heap Scan on sbtest2  (cost=5.45..397.25 rows=99 width=125)
	  Recheck Cond: ((k >= 5241579) AND (k <= 5241679))
	  ->  Bitmap Index Scan on k_2  (cost=0.00..5.42 rows=99 width=0)
	        Index Cond: ((k >= 5241579) AND (k <= 5241679))

table 3 : explain SELECT k, c FROM sbtest3 WHERE k BETWEEN 5241579 AND 5241679
	Bitmap Heap Scan on sbtest3  (cost=5.37..365.72 rows=91 width=125)
	  Recheck Cond: ((k >= 5241579) AND (k <= 5241679))
	  ->  Bitmap Index Scan on k_3  (cost=0.00..5.34 rows=91 width=0)
	        Index Cond: ((k >= 5241579) AND (k <= 5241679))

table 4 : explain SELECT k, c FROM sbtest4 WHERE k BETWEEN 5241579 AND 5241679
	Bitmap Heap Scan on sbtest4  (cost=5.47..405.13 rows=101 width=125)
	  Recheck Cond: ((k >= 5241579) AND (k <= 5241679))
	  ->  Bitmap Index Scan on k_4  (cost=0.00..5.44 rows=101 width=0)
	        Index Cond: ((k >= 5241579) AND (k <= 5241679))

table 5 : explain SELECT k, c FROM sbtest5 WHERE k BETWEEN 5241579 AND 5241679
	Bitmap Heap Scan on sbtest5  (cost=5.39..373.61 rows=93 width=125)
	  Recheck Cond: ((k >= 5241579) AND (k <= 5241679))
	  ->  Bitmap Index Scan on k_5  (cost=0.00..5.36 rows=93 width=0)
	        Index Cond: ((k >= 5241579) AND (k <= 5241679))

table 6 : explain SELECT k, c FROM sbtest6 WHERE k BETWEEN 5241579 AND 5241679
	Bitmap Heap Scan on sbtest6  (cost=5.50..416.94 rows=104 width=125)
	  Recheck Cond: ((k >= 5241579) AND (k <= 5241679))
	  ->  Bitmap Index Scan on k_6  (cost=0.00..5.47 rows=104 width=0)
	        Index Cond: ((k >= 5241579) AND (k <= 5241679))

table 7 : explain SELECT k, c FROM sbtest7 WHERE k BETWEEN 5241579 AND 5241679
	Bitmap Heap Scan on sbtest7  (cost=5.46..401.19 rows=100 width=125)
	  Recheck Cond: ((k >= 5241579) AND (k <= 5241679))
	  ->  Bitmap Index Scan on k_7  (cost=0.00..5.43 rows=100 width=0)
	        Index Cond: ((k >= 5241579) AND (k <= 5241679))

table 8 : explain SELECT k, c FROM sbtest8 WHERE k BETWEEN 5241579 AND 5241679
	Bitmap Heap Scan on sbtest8  (cost=5.60..456.29 rows=114 width=125)
	  Recheck Cond: ((k >= 5241579) AND (k <= 5241679))
	  ->  Bitmap Index Scan on k_8  (cost=0.00..5.58 rows=114 width=0)
	        Index Cond: ((k >= 5241579) AND (k <= 5241679))

explain: for range-notcovered :: explain SELECT k, c FROM sbtest%d WHERE k BETWEEN 5447845 AND 5447945
explain: for range-notcovered :: explain SELECT k, c FROM sbtest%d WHERE k BETWEEN 2947898 AND 2947998
explain: for range-notcovered :: explain SELECT k, c FROM sbtest%d WHERE k BETWEEN 5028096 AND 5028196
explain: for range-notcovered :: explain SELECT k, c FROM sbtest%d WHERE k BETWEEN 5241579 AND 5241679
for range-notcovered
table 1 : explain SELECT k, c FROM sbtest1 WHERE k BETWEEN 6208696 AND 6208796
	Bitmap Heap Scan on sbtest1  (cost=5.39..373.61 rows=93 width=125)
	  Recheck Cond: ((k >= 6208696) AND (k <= 6208796))
	  ->  Bitmap Index Scan on k_1  (cost=0.00..5.36 rows=93 width=0)
	        Index Cond: ((k >= 6208696) AND (k <= 6208796))

table 2 : explain SELECT k, c FROM sbtest2 WHERE k BETWEEN 6208696 AND 6208796
	Bitmap Heap Scan on sbtest2  (cost=5.45..397.25 rows=99 width=125)
	  Recheck Cond: ((k >= 6208696) AND (k <= 6208796))
	  ->  Bitmap Index Scan on k_2  (cost=0.00..5.42 rows=99 width=0)
	        Index Cond: ((k >= 6208696) AND (k <= 6208796))

table 3 : explain SELECT k, c FROM sbtest3 WHERE k BETWEEN 6208696 AND 6208796
	Bitmap Heap Scan on sbtest3  (cost=5.53..428.75 rows=107 width=125)
	  Recheck Cond: ((k >= 6208696) AND (k <= 6208796))
	  ->  Bitmap Index Scan on k_3  (cost=0.00..5.50 rows=107 width=0)
	        Index Cond: ((k >= 6208696) AND (k <= 6208796))

table 4 : explain SELECT k, c FROM sbtest4 WHERE k BETWEEN 6208696 AND 6208796
	Bitmap Heap Scan on sbtest4  (cost=5.39..373.61 rows=93 width=125)
	  Recheck Cond: ((k >= 6208696) AND (k <= 6208796))
	  ->  Bitmap Index Scan on k_4  (cost=0.00..5.36 rows=93 width=0)
	        Index Cond: ((k >= 6208696) AND (k <= 6208796))

table 5 : explain SELECT k, c FROM sbtest5 WHERE k BETWEEN 6208696 AND 6208796
	Bitmap Heap Scan on sbtest5  (cost=5.56..440.56 rows=110 width=125)
	  Recheck Cond: ((k >= 6208696) AND (k <= 6208796))
	  ->  Bitmap Index Scan on k_5  (cost=0.00..5.53 rows=110 width=0)
	        Index Cond: ((k >= 6208696) AND (k <= 6208796))

table 6 : explain SELECT k, c FROM sbtest6 WHERE k BETWEEN 6208696 AND 6208796
	Bitmap Heap Scan on sbtest6  (cost=5.47..405.13 rows=101 width=125)
	  Recheck Cond: ((k >= 6208696) AND (k <= 6208796))
	  ->  Bitmap Index Scan on k_6  (cost=0.00..5.44 rows=101 width=0)
	        Index Cond: ((k >= 6208696) AND (k <= 6208796))

table 7 : explain SELECT k, c FROM sbtest7 WHERE k BETWEEN 6208696 AND 6208796
	Bitmap Heap Scan on sbtest7  (cost=5.43..389.37 rows=97 width=125)
	  Recheck Cond: ((k >= 6208696) AND (k <= 6208796))
	  ->  Bitmap Index Scan on k_7  (cost=0.00..5.40 rows=97 width=0)
	        Index Cond: ((k >= 6208696) AND (k <= 6208796))

table 8 : explain SELECT k, c FROM sbtest8 WHERE k BETWEEN 6208696 AND 6208796
	Bitmap Heap Scan on sbtest8  (cost=5.41..381.49 rows=95 width=125)
	  Recheck Cond: ((k >= 6208696) AND (k <= 6208796))
	  ->  Bitmap Index Scan on k_8  (cost=0.00..5.38 rows=95 width=0)
	        Index Cond: ((k >= 6208696) AND (k <= 6208796))

for range-notcovered
table 1 : explain SELECT k, c FROM sbtest1 WHERE k BETWEEN 5260980 AND 5261080
	Bitmap Heap Scan on sbtest1  (cost=5.54..432.69 rows=108 width=125)
	  Recheck Cond: ((k >= 5260980) AND (k <= 5261080))
	  ->  Bitmap Index Scan on k_1  (cost=0.00..5.51 rows=108 width=0)
	        Index Cond: ((k >= 5260980) AND (k <= 5261080))

table 2 : explain SELECT k, c FROM sbtest2 WHERE k BETWEEN 5260980 AND 5261080
	Bitmap Heap Scan on sbtest2  (cost=5.45..397.25 rows=99 width=125)
	  Recheck Cond: ((k >= 5260980) AND (k <= 5261080))
	  ->  Bitmap Index Scan on k_2  (cost=0.00..5.42 rows=99 width=0)
	        Index Cond: ((k >= 5260980) AND (k <= 5261080))

table 3 : explain SELECT k, c FROM sbtest3 WHERE k BETWEEN 5260980 AND 5261080
	Bitmap Heap Scan on sbtest3  (cost=5.37..365.72 rows=91 width=125)
	  Recheck Cond: ((k >= 5260980) AND (k <= 5261080))
	  ->  Bitmap Index Scan on k_3  (cost=0.00..5.34 rows=91 width=0)
	        Index Cond: ((k >= 5260980) AND (k <= 5261080))

table 4 : explain SELECT k, c FROM sbtest4 WHERE k BETWEEN 5260980 AND 5261080
	Bitmap Heap Scan on sbtest4  (cost=5.47..405.13 rows=101 width=125)
	  Recheck Cond: ((k >= 5260980) AND (k <= 5261080))
	  ->  Bitmap Index Scan on k_4  (cost=0.00..5.44 rows=101 width=0)
	        Index Cond: ((k >= 5260980) AND (k <= 5261080))

table 5 : explain SELECT k, c FROM sbtest5 WHERE k BETWEEN 5260980 AND 5261080
	Bitmap Heap Scan on sbtest5  (cost=5.39..373.61 rows=93 width=125)
	  Recheck Cond: ((k >= 5260980) AND (k <= 5261080))
	  ->  Bitmap Index Scan on k_5  (cost=0.00..5.36 rows=93 width=0)
	        Index Cond: ((k >= 5260980) AND (k <= 5261080))

table 6 : explain SELECT k, c FROM sbtest6 WHERE k BETWEEN 5260980 AND 5261080
	Bitmap Heap Scan on sbtest6  (cost=5.48..409.07 rows=102 width=125)
	  Recheck Cond: ((k >= 5260980) AND (k <= 5261080))
	  ->  Bitmap Index Scan on k_6  (cost=0.00..5.45 rows=102 width=0)
	        Index Cond: ((k >= 5260980) AND (k <= 5261080))

table 7 : explain SELECT k, c FROM sbtest7 WHERE k BETWEEN 5260980 AND 5261080
	Bitmap Heap Scan on sbtest7  (cost=5.46..401.19 rows=100 width=125)
	  Recheck Cond: ((k >= 5260980) AND (k <= 5261080))
	  ->  Bitmap Index Scan on k_7  (cost=0.00..5.43 rows=100 width=0)
	        Index Cond: ((k >= 5260980) AND (k <= 5261080))

table 8 : explain SELECT k, c FROM sbtest8 WHERE k BETWEEN 5260980 AND 5261080
	Bitmap Heap Scan on sbtest8  (cost=5.60..456.29 rows=114 width=125)
	  Recheck Cond: ((k >= 5260980) AND (k <= 5261080))
	  ->  Bitmap Index Scan on k_8  (cost=0.00..5.58 rows=114 width=0)
	        Index Cond: ((k >= 5260980) AND (k <= 5261080))

explain: for range-notcovered :: explain SELECT k, c FROM sbtest%d WHERE k BETWEEN 1164621 AND 1164721
explain: for range-notcovered :: explain SELECT k, c FROM sbtest%d WHERE k BETWEEN 6208696 AND 6208796
explain: for range-notcovered :: explain SELECT k, c FROM sbtest%d WHERE k BETWEEN 5260980 AND 5261080
for range-notcovered
table 1 : explain SELECT k, c FROM sbtest1 WHERE k BETWEEN 6412603 AND 6412703
	Bitmap Heap Scan on sbtest1  (cost=5.58..448.42 rows=112 width=125)
	  Recheck Cond: ((k >= 6412603) AND (k <= 6412703))
	  ->  Bitmap Index Scan on k_1  (cost=0.00..5.55 rows=112 width=0)
	        Index Cond: ((k >= 6412603) AND (k <= 6412703))

table 2 : explain SELECT k, c FROM sbtest2 WHERE k BETWEEN 6412603 AND 6412703
	Bitmap Heap Scan on sbtest2  (cost=5.45..397.25 rows=99 width=125)
	  Recheck Cond: ((k >= 6412603) AND (k <= 6412703))
	  ->  Bitmap Index Scan on k_2  (cost=0.00..5.42 rows=99 width=0)
	        Index Cond: ((k >= 6412603) AND (k <= 6412703))

table 3 : explain SELECT k, c FROM sbtest3 WHERE k BETWEEN 6412603 AND 6412703
	Bitmap Heap Scan on sbtest3  (cost=5.47..405.13 rows=101 width=125)
	  Recheck Cond: ((k >= 6412603) AND (k <= 6412703))
	  ->  Bitmap Index Scan on k_3  (cost=0.00..5.44 rows=101 width=0)
	        Index Cond: ((k >= 6412603) AND (k <= 6412703))

table 4 : explain SELECT k, c FROM sbtest4 WHERE k BETWEEN 6412603 AND 6412703
	Bitmap Heap Scan on sbtest4  (cost=5.51..420.88 rows=105 width=125)
	  Recheck Cond: ((k >= 6412603) AND (k <= 6412703))
	  ->  Bitmap Index Scan on k_4  (cost=0.00..5.48 rows=105 width=0)
	        Index Cond: ((k >= 6412603) AND (k <= 6412703))

table 5 : explain SELECT k, c FROM sbtest5 WHERE k BETWEEN 6412603 AND 6412703
	Bitmap Heap Scan on sbtest5  (cost=5.48..409.07 rows=102 width=125)
	  Recheck Cond: ((k >= 6412603) AND (k <= 6412703))
	  ->  Bitmap Index Scan on k_5  (cost=0.00..5.45 rows=102 width=0)
	        Index Cond: ((k >= 6412603) AND (k <= 6412703))

table 6 : explain SELECT k, c FROM sbtest6 WHERE k BETWEEN 6412603 AND 6412703
	Bitmap Heap Scan on sbtest6  (cost=5.43..389.37 rows=97 width=125)
	  Recheck Cond: ((k >= 6412603) AND (k <= 6412703))
	  ->  Bitmap Index Scan on k_6  (cost=0.00..5.40 rows=97 width=0)
	        Index Cond: ((k >= 6412603) AND (k <= 6412703))

table 7 : explain SELECT k, c FROM sbtest7 WHERE k BETWEEN 6412603 AND 6412703
	Bitmap Heap Scan on sbtest7  (cost=5.56..440.56 rows=110 width=125)
	  Recheck Cond: ((k >= 6412603) AND (k <= 6412703))
	  ->  Bitmap Index Scan on k_7  (cost=0.00..5.53 rows=110 width=0)
	        Index Cond: ((k >= 6412603) AND (k <= 6412703))

table 8 : explain SELECT k, c FROM sbtest8 WHERE k BETWEEN 6412603 AND 6412703
	Bitmap Heap Scan on sbtest8  (cost=5.46..401.19 rows=100 width=125)
	  Recheck Cond: ((k >= 6412603) AND (k <= 6412703))
	  ->  Bitmap Index Scan on k_8  (cost=0.00..5.43 rows=100 width=0)
	        Index Cond: ((k >= 6412603) AND (k <= 6412703))

explain: for range-notcovered :: explain SELECT k, c FROM sbtest%d WHERE k BETWEEN 6412603 AND 6412703
for range-notcovered
table 1 : explain SELECT k, c FROM sbtest1 WHERE k BETWEEN 5447845 AND 5447945
	Bitmap Heap Scan on sbtest1  (cost=5.54..432.69 rows=108 width=125)
	  Recheck Cond: ((k >= 5447845) AND (k <= 5447945))
	  ->  Bitmap Index Scan on k_1  (cost=0.00..5.51 rows=108 width=0)
	        Index Cond: ((k >= 5447845) AND (k <= 5447945))

table 2 : explain SELECT k, c FROM sbtest2 WHERE k BETWEEN 5447845 AND 5447945
	Bitmap Heap Scan on sbtest2  (cost=5.44..393.31 rows=98 width=125)
	  Recheck Cond: ((k >= 5447845) AND (k <= 5447945))
	  ->  Bitmap Index Scan on k_2  (cost=0.00..5.42 rows=98 width=0)
	        Index Cond: ((k >= 5447845) AND (k <= 5447945))

table 3 : explain SELECT k, c FROM sbtest3 WHERE k BETWEEN 5447845 AND 5447945
	Bitmap Heap Scan on sbtest3  (cost=5.44..393.31 rows=98 width=125)
	  Recheck Cond: ((k >= 5447845) AND (k <= 5447945))
	  ->  Bitmap Index Scan on k_3  (cost=0.00..5.42 rows=98 width=0)
	        Index Cond: ((k >= 5447845) AND (k <= 5447945))

table 4 : explain SELECT k, c FROM sbtest4 WHERE k BETWEEN 5447845 AND 5447945
	Bitmap Heap Scan on sbtest4  (cost=5.50..416.94 rows=104 width=125)
	  Recheck Cond: ((k >= 5447845) AND (k <= 5447945))
	  ->  Bitmap Index Scan on k_4  (cost=0.00..5.47 rows=104 width=0)
	        Index Cond: ((k >= 5447845) AND (k <= 5447945))

table 5 : explain SELECT k, c FROM sbtest5 WHERE k BETWEEN 5447845 AND 5447945
	Bitmap Heap Scan on sbtest5  (cost=5.50..416.94 rows=104 width=125)
	  Recheck Cond: ((k >= 5447845) AND (k <= 5447945))
	  ->  Bitmap Index Scan on k_5  (cost=0.00..5.47 rows=104 width=0)
	        Index Cond: ((k >= 5447845) AND (k <= 5447945))

table 6 : explain SELECT k, c FROM sbtest6 WHERE k BETWEEN 5447845 AND 5447945
	Bitmap Heap Scan on sbtest6  (cost=5.33..349.95 rows=87 width=125)
	  Recheck Cond: ((k >= 5447845) AND (k <= 5447945))
	  ->  Bitmap Index Scan on k_6  (cost=0.00..5.30 rows=87 width=0)
	        Index Cond: ((k >= 5447845) AND (k <= 5447945))

table 7 : explain SELECT k, c FROM sbtest7 WHERE k BETWEEN 5447845 AND 5447945
	Bitmap Heap Scan on sbtest7  (cost=5.51..420.88 rows=105 width=125)
	  Recheck Cond: ((k >= 5447845) AND (k <= 5447945))
	  ->  Bitmap Index Scan on k_7  (cost=0.00..5.48 rows=105 width=0)
	        Index Cond: ((k >= 5447845) AND (k <= 5447945))

table 8 : explain SELECT k, c FROM sbtest8 WHERE k BETWEEN 5447845 AND 5447945
	Bitmap Heap Scan on sbtest8  (cost=5.42..385.43 rows=96 width=125)
	  Recheck Cond: ((k >= 5447845) AND (k <= 5447945))
	  ->  Bitmap Index Scan on k_8  (cost=0.00..5.39 rows=96 width=0)
	        Index Cond: ((k >= 5447845) AND (k <= 5447945))

explain: for range-notcovered :: explain SELECT k, c FROM sbtest%d WHERE k BETWEEN 5447845 AND 5447945
explain: for range-notcovered :: explain SELECT k, c FROM sbtest%d WHERE k BETWEEN 4107347 AND 4107447
for range-notcovered
table 1 : explain SELECT k, c FROM sbtest1 WHERE k BETWEEN 5260980 AND 5261080
	Bitmap Heap Scan on sbtest1  (cost=5.54..432.69 rows=108 width=125)
	  Recheck Cond: ((k >= 5260980) AND (k <= 5261080))
	  ->  Bitmap Index Scan on k_1  (cost=0.00..5.51 rows=108 width=0)
	        Index Cond: ((k >= 5260980) AND (k <= 5261080))

table 2 : explain SELECT k, c FROM sbtest2 WHERE k BETWEEN 5260980 AND 5261080
	Bitmap Heap Scan on sbtest2  (cost=5.45..397.25 rows=99 width=125)
	  Recheck Cond: ((k >= 5260980) AND (k <= 5261080))
	  ->  Bitmap Index Scan on k_2  (cost=0.00..5.42 rows=99 width=0)
	        Index Cond: ((k >= 5260980) AND (k <= 5261080))

table 3 : explain SELECT k, c FROM sbtest3 WHERE k BETWEEN 5260980 AND 5261080
	Bitmap Heap Scan on sbtest3  (cost=5.37..365.72 rows=91 width=125)
	  Recheck Cond: ((k >= 5260980) AND (k <= 5261080))
	  ->  Bitmap Index Scan on k_3  (cost=0.00..5.34 rows=91 width=0)
	        Index Cond: ((k >= 5260980) AND (k <= 5261080))

table 4 : explain SELECT k, c FROM sbtest4 WHERE k BETWEEN 5260980 AND 5261080
	Bitmap Heap Scan on sbtest4  (cost=5.47..405.13 rows=101 width=125)
	  Recheck Cond: ((k >= 5260980) AND (k <= 5261080))
	  ->  Bitmap Index Scan on k_4  (cost=0.00..5.44 rows=101 width=0)
	        Index Cond: ((k >= 5260980) AND (k <= 5261080))

table 5 : explain SELECT k, c FROM sbtest5 WHERE k BETWEEN 5260980 AND 5261080
	Bitmap Heap Scan on sbtest5  (cost=5.39..373.61 rows=93 width=125)
	  Recheck Cond: ((k >= 5260980) AND (k <= 5261080))
	  ->  Bitmap Index Scan on k_5  (cost=0.00..5.36 rows=93 width=0)
	        Index Cond: ((k >= 5260980) AND (k <= 5261080))

table 6 : explain SELECT k, c FROM sbtest6 WHERE k BETWEEN 5260980 AND 5261080
	Bitmap Heap Scan on sbtest6  (cost=5.48..409.07 rows=102 width=125)
	  Recheck Cond: ((k >= 5260980) AND (k <= 5261080))
	  ->  Bitmap Index Scan on k_6  (cost=0.00..5.45 rows=102 width=0)
	        Index Cond: ((k >= 5260980) AND (k <= 5261080))

table 7 : explain SELECT k, c FROM sbtest7 WHERE k BETWEEN 5260980 AND 5261080
	Bitmap Heap Scan on sbtest7  (cost=5.46..401.19 rows=100 width=125)
	  Recheck Cond: ((k >= 5260980) AND (k <= 5261080))
	  ->  Bitmap Index Scan on k_7  (cost=0.00..5.43 rows=100 width=0)
	        Index Cond: ((k >= 5260980) AND (k <= 5261080))

table 8 : explain SELECT k, c FROM sbtest8 WHERE k BETWEEN 5260980 AND 5261080
	Bitmap Heap Scan on sbtest8  (cost=5.60..456.29 rows=114 width=125)
	  Recheck Cond: ((k >= 5260980) AND (k <= 5261080))
	  ->  Bitmap Index Scan on k_8  (cost=0.00..5.58 rows=114 width=0)
	        Index Cond: ((k >= 5260980) AND (k <= 5261080))

for range-notcovered
table 1 : explain SELECT k, c FROM sbtest1 WHERE k BETWEEN 6412603 AND 6412703
	Bitmap Heap Scan on sbtest1  (cost=5.58..448.42 rows=112 width=125)
	  Recheck Cond: ((k >= 6412603) AND (k <= 6412703))
	  ->  Bitmap Index Scan on k_1  (cost=0.00..5.55 rows=112 width=0)
	        Index Cond: ((k >= 6412603) AND (k <= 6412703))

table 2 : explain SELECT k, c FROM sbtest2 WHERE k BETWEEN 6412603 AND 6412703
	Bitmap Heap Scan on sbtest2  (cost=5.45..397.25 rows=99 width=125)
	  Recheck Cond: ((k >= 6412603) AND (k <= 6412703))
	  ->  Bitmap Index Scan on k_2  (cost=0.00..5.42 rows=99 width=0)
	        Index Cond: ((k >= 6412603) AND (k <= 6412703))

table 3 : explain SELECT k, c FROM sbtest3 WHERE k BETWEEN 6412603 AND 6412703
	Bitmap Heap Scan on sbtest3  (cost=5.47..405.13 rows=101 width=125)
	  Recheck Cond: ((k >= 6412603) AND (k <= 6412703))
	  ->  Bitmap Index Scan on k_3  (cost=0.00..5.44 rows=101 width=0)
	        Index Cond: ((k >= 6412603) AND (k <= 6412703))

table 4 : explain SELECT k, c FROM sbtest4 WHERE k BETWEEN 6412603 AND 6412703
	Bitmap Heap Scan on sbtest4  (cost=5.51..420.88 rows=105 width=125)
	  Recheck Cond: ((k >= 6412603) AND (k <= 6412703))
	  ->  Bitmap Index Scan on k_4  (cost=0.00..5.48 rows=105 width=0)
	        Index Cond: ((k >= 6412603) AND (k <= 6412703))

table 5 : explain SELECT k, c FROM sbtest5 WHERE k BETWEEN 6412603 AND 6412703
	Bitmap Heap Scan on sbtest5  (cost=5.48..409.07 rows=102 width=125)
	  Recheck Cond: ((k >= 6412603) AND (k <= 6412703))
	  ->  Bitmap Index Scan on k_5  (cost=0.00..5.45 rows=102 width=0)
	        Index Cond: ((k >= 6412603) AND (k <= 6412703))

table 6 : explain SELECT k, c FROM sbtest6 WHERE k BETWEEN 6412603 AND 6412703
	Bitmap Heap Scan on sbtest6  (cost=5.43..389.37 rows=97 width=125)
	  Recheck Cond: ((k >= 6412603) AND (k <= 6412703))
	  ->  Bitmap Index Scan on k_6  (cost=0.00..5.40 rows=97 width=0)
	        Index Cond: ((k >= 6412603) AND (k <= 6412703))

table 7 : explain SELECT k, c FROM sbtest7 WHERE k BETWEEN 6412603 AND 6412703
	Bitmap Heap Scan on sbtest7  (cost=5.56..440.56 rows=110 width=125)
	  Recheck Cond: ((k >= 6412603) AND (k <= 6412703))
	  ->  Bitmap Index Scan on k_7  (cost=0.00..5.53 rows=110 width=0)
	        Index Cond: ((k >= 6412603) AND (k <= 6412703))

table 8 : explain SELECT k, c FROM sbtest8 WHERE k BETWEEN 6412603 AND 6412703
	Bitmap Heap Scan on sbtest8  (cost=5.46..401.19 rows=100 width=125)
	  Recheck Cond: ((k >= 6412603) AND (k <= 6412703))
	  ->  Bitmap Index Scan on k_8  (cost=0.00..5.43 rows=100 width=0)
	        Index Cond: ((k >= 6412603) AND (k <= 6412703))

for range-notcovered
table 1 : explain SELECT k, c FROM sbtest1 WHERE k BETWEEN 5241579 AND 5241679
	Bitmap Heap Scan on sbtest1  (cost=5.54..432.69 rows=108 width=125)
	  Recheck Cond: ((k >= 5241579) AND (k <= 5241679))
	  ->  Bitmap Index Scan on k_1  (cost=0.00..5.51 rows=108 width=0)
	        Index Cond: ((k >= 5241579) AND (k <= 5241679))

table 2 : explain SELECT k, c FROM sbtest2 WHERE k BETWEEN 5241579 AND 5241679
	Bitmap Heap Scan on sbtest2  (cost=5.45..397.25 rows=99 width=125)
	  Recheck Cond: ((k >= 5241579) AND (k <= 5241679))
	  ->  Bitmap Index Scan on k_2  (cost=0.00..5.42 rows=99 width=0)
	        Index Cond: ((k >= 5241579) AND (k <= 5241679))

table 3 : explain SELECT k, c FROM sbtest3 WHERE k BETWEEN 5241579 AND 5241679
	Bitmap Heap Scan on sbtest3  (cost=5.37..365.72 rows=91 width=125)
	  Recheck Cond: ((k >= 5241579) AND (k <= 5241679))
	  ->  Bitmap Index Scan on k_3  (cost=0.00..5.34 rows=91 width=0)
	        Index Cond: ((k >= 5241579) AND (k <= 5241679))

table 4 : explain SELECT k, c FROM sbtest4 WHERE k BETWEEN 5241579 AND 5241679
	Bitmap Heap Scan on sbtest4  (cost=5.47..405.13 rows=101 width=125)
	  Recheck Cond: ((k >= 5241579) AND (k <= 5241679))
	  ->  Bitmap Index Scan on k_4  (cost=0.00..5.44 rows=101 width=0)
	        Index Cond: ((k >= 5241579) AND (k <= 5241679))

table 5 : explain SELECT k, c FROM sbtest5 WHERE k BETWEEN 5241579 AND 5241679
	Bitmap Heap Scan on sbtest5  (cost=5.39..373.61 rows=93 width=125)
	  Recheck Cond: ((k >= 5241579) AND (k <= 5241679))
	  ->  Bitmap Index Scan on k_5  (cost=0.00..5.36 rows=93 width=0)
	        Index Cond: ((k >= 5241579) AND (k <= 5241679))

table 6 : explain SELECT k, c FROM sbtest6 WHERE k BETWEEN 5241579 AND 5241679
	Bitmap Heap Scan on sbtest6  (cost=5.50..416.94 rows=104 width=125)
	  Recheck Cond: ((k >= 5241579) AND (k <= 5241679))
	  ->  Bitmap Index Scan on k_6  (cost=0.00..5.47 rows=104 width=0)
	        Index Cond: ((k >= 5241579) AND (k <= 5241679))

table 7 : explain SELECT k, c FROM sbtest7 WHERE k BETWEEN 5241579 AND 5241679
	Bitmap Heap Scan on sbtest7  (cost=5.46..401.19 rows=100 width=125)
	  Recheck Cond: ((k >= 5241579) AND (k <= 5241679))
	  ->  Bitmap Index Scan on k_7  (cost=0.00..5.43 rows=100 width=0)
	        Index Cond: ((k >= 5241579) AND (k <= 5241679))

table 8 : explain SELECT k, c FROM sbtest8 WHERE k BETWEEN 5241579 AND 5241679
	Bitmap Heap Scan on sbtest8  (cost=5.60..456.29 rows=114 width=125)
	  Recheck Cond: ((k >= 5241579) AND (k <= 5241679))
	  ->  Bitmap Index Scan on k_8  (cost=0.00..5.58 rows=114 width=0)
	        Index Cond: ((k >= 5241579) AND (k <= 5241679))

explain: for range-notcovered :: explain SELECT k, c FROM sbtest%d WHERE k BETWEEN 5260980 AND 5261080
explain: for range-notcovered :: explain SELECT k, c FROM sbtest%d WHERE k BETWEEN 6412603 AND 6412703
for range-notcovered
table 1 : explain SELECT k, c FROM sbtest1 WHERE k BETWEEN 5447845 AND 5447945
	Bitmap Heap Scan on sbtest1  (cost=5.54..432.69 rows=108 width=125)
	  Recheck Cond: ((k >= 5447845) AND (k <= 5447945))
	  ->  Bitmap Index Scan on k_1  (cost=0.00..5.51 rows=108 width=0)
	        Index Cond: ((k >= 5447845) AND (k <= 5447945))

table 2 : explain SELECT k, c FROM sbtest2 WHERE k BETWEEN 5447845 AND 5447945
	Bitmap Heap Scan on sbtest2  (cost=5.44..393.31 rows=98 width=125)
	  Recheck Cond: ((k >= 5447845) AND (k <= 5447945))
	  ->  Bitmap Index Scan on k_2  (cost=0.00..5.42 rows=98 width=0)
	        Index Cond: ((k >= 5447845) AND (k <= 5447945))

table 3 : explain SELECT k, c FROM sbtest3 WHERE k BETWEEN 5447845 AND 5447945
	Bitmap Heap Scan on sbtest3  (cost=5.44..393.31 rows=98 width=125)
	  Recheck Cond: ((k >= 5447845) AND (k <= 5447945))
	  ->  Bitmap Index Scan on k_3  (cost=0.00..5.42 rows=98 width=0)
	        Index Cond: ((k >= 5447845) AND (k <= 5447945))

table 4 : explain SELECT k, c FROM sbtest4 WHERE k BETWEEN 5447845 AND 5447945
	Bitmap Heap Scan on sbtest4  (cost=5.50..416.94 rows=104 width=125)
	  Recheck Cond: ((k >= 5447845) AND (k <= 5447945))
	  ->  Bitmap Index Scan on k_4  (cost=0.00..5.47 rows=104 width=0)
	        Index Cond: ((k >= 5447845) AND (k <= 5447945))

table 5 : explain SELECT k, c FROM sbtest5 WHERE k BETWEEN 5447845 AND 5447945
	Bitmap Heap Scan on sbtest5  (cost=5.50..416.94 rows=104 width=125)
	  Recheck Cond: ((k >= 5447845) AND (k <= 5447945))
	  ->  Bitmap Index Scan on k_5  (cost=0.00..5.47 rows=104 width=0)
	        Index Cond: ((k >= 5447845) AND (k <= 5447945))

table 6 : explain SELECT k, c FROM sbtest6 WHERE k BETWEEN 5447845 AND 5447945
	Bitmap Heap Scan on sbtest6  (cost=5.33..349.95 rows=87 width=125)
	  Recheck Cond: ((k >= 5447845) AND (k <= 5447945))
	  ->  Bitmap Index Scan on k_6  (cost=0.00..5.30 rows=87 width=0)
	        Index Cond: ((k >= 5447845) AND (k <= 5447945))

table 7 : explain SELECT k, c FROM sbtest7 WHERE k BETWEEN 5447845 AND 5447945
	Bitmap Heap Scan on sbtest7  (cost=5.51..420.88 rows=105 width=125)
	  Recheck Cond: ((k >= 5447845) AND (k <= 5447945))
	  ->  Bitmap Index Scan on k_7  (cost=0.00..5.48 rows=105 width=0)
	        Index Cond: ((k >= 5447845) AND (k <= 5447945))

table 8 : explain SELECT k, c FROM sbtest8 WHERE k BETWEEN 5447845 AND 5447945
	Bitmap Heap Scan on sbtest8  (cost=5.42..385.43 rows=96 width=125)
	  Recheck Cond: ((k >= 5447845) AND (k <= 5447945))
	  ->  Bitmap Index Scan on k_8  (cost=0.00..5.39 rows=96 width=0)
	        Index Cond: ((k >= 5447845) AND (k <= 5447945))

explain: for range-notcovered :: explain SELECT k, c FROM sbtest%d WHERE k BETWEEN 5241579 AND 5241679
for range-notcovered
table 1 : explain SELECT k, c FROM sbtest1 WHERE k BETWEEN 1164621 AND 1164721
	Bitmap Heap Scan on sbtest1  (cost=5.51..420.88 rows=105 width=125)
	  Recheck Cond: ((k >= 1164621) AND (k <= 1164721))
	  ->  Bitmap Index Scan on k_1  (cost=0.00..5.48 rows=105 width=0)
	        Index Cond: ((k >= 1164621) AND (k <= 1164721))

table 2 : explain SELECT k, c FROM sbtest2 WHERE k BETWEEN 1164621 AND 1164721
	Bitmap Heap Scan on sbtest2  (cost=5.49..413.00 rows=103 width=125)
	  Recheck Cond: ((k >= 1164621) AND (k <= 1164721))
	  ->  Bitmap Index Scan on k_2  (cost=0.00..5.46 rows=103 width=0)
	        Index Cond: ((k >= 1164621) AND (k <= 1164721))

table 3 : explain SELECT k, c FROM sbtest3 WHERE k BETWEEN 1164621 AND 1164721
	Bitmap Heap Scan on sbtest3  (cost=5.49..413.00 rows=103 width=125)
	  Recheck Cond: ((k >= 1164621) AND (k <= 1164721))
	  ->  Bitmap Index Scan on k_3  (cost=0.00..5.46 rows=103 width=0)
	        Index Cond: ((k >= 1164621) AND (k <= 1164721))

table 4 : explain SELECT k, c FROM sbtest4 WHERE k BETWEEN 1164621 AND 1164721
	Bitmap Heap Scan on sbtest4  (cost=5.46..401.19 rows=100 width=125)
	  Recheck Cond: ((k >= 1164621) AND (k <= 1164721))
	  ->  Bitmap Index Scan on k_4  (cost=0.00..5.43 rows=100 width=0)
	        Index Cond: ((k >= 1164621) AND (k <= 1164721))

table 5 : explain SELECT k, c FROM sbtest5 WHERE k BETWEEN 1164621 AND 1164721
	Bitmap Heap Scan on sbtest5  (cost=5.46..401.19 rows=100 width=125)
	  Recheck Cond: ((k >= 1164621) AND (k <= 1164721))
	  ->  Bitmap Index Scan on k_5  (cost=0.00..5.43 rows=100 width=0)
	        Index Cond: ((k >= 1164621) AND (k <= 1164721))

table 6 : explain SELECT k, c FROM sbtest6 WHERE k BETWEEN 1164621 AND 1164721
	Bitmap Heap Scan on sbtest6  (cost=5.42..385.43 rows=96 width=125)
	  Recheck Cond: ((k >= 1164621) AND (k <= 1164721))
	  ->  Bitmap Index Scan on k_6  (cost=0.00..5.39 rows=96 width=0)
	        Index Cond: ((k >= 1164621) AND (k <= 1164721))

table 7 : explain SELECT k, c FROM sbtest7 WHERE k BETWEEN 1164621 AND 1164721
	Bitmap Heap Scan on sbtest7  (cost=5.50..416.94 rows=104 width=125)
	  Recheck Cond: ((k >= 1164621) AND (k <= 1164721))
	  ->  Bitmap Index Scan on k_7  (cost=0.00..5.47 rows=104 width=0)
	        Index Cond: ((k >= 1164621) AND (k <= 1164721))

table 8 : explain SELECT k, c FROM sbtest8 WHERE k BETWEEN 1164621 AND 1164721
	Bitmap Heap Scan on sbtest8  (cost=5.43..389.37 rows=97 width=125)
	  Recheck Cond: ((k >= 1164621) AND (k <= 1164721))
	  ->  Bitmap Index Scan on k_8  (cost=0.00..5.40 rows=97 width=0)
	        Index Cond: ((k >= 1164621) AND (k <= 1164721))

for range-notcovered
table 1 : explain SELECT k, c FROM sbtest1 WHERE k BETWEEN 6208696 AND 6208796
	Bitmap Heap Scan on sbtest1  (cost=5.39..373.61 rows=93 width=125)
	  Recheck Cond: ((k >= 6208696) AND (k <= 6208796))
	  ->  Bitmap Index Scan on k_1  (cost=0.00..5.36 rows=93 width=0)
	        Index Cond: ((k >= 6208696) AND (k <= 6208796))

table 2 : explain SELECT k, c FROM sbtest2 WHERE k BETWEEN 6208696 AND 6208796
	Bitmap Heap Scan on sbtest2  (cost=5.45..397.25 rows=99 width=125)
	  Recheck Cond: ((k >= 6208696) AND (k <= 6208796))
	  ->  Bitmap Index Scan on k_2  (cost=0.00..5.42 rows=99 width=0)
	        Index Cond: ((k >= 6208696) AND (k <= 6208796))

table 3 : explain SELECT k, c FROM sbtest3 WHERE k BETWEEN 6208696 AND 6208796
	Bitmap Heap Scan on sbtest3  (cost=5.53..428.75 rows=107 width=125)
	  Recheck Cond: ((k >= 6208696) AND (k <= 6208796))
	  ->  Bitmap Index Scan on k_3  (cost=0.00..5.50 rows=107 width=0)
	        Index Cond: ((k >= 6208696) AND (k <= 6208796))

table 4 : explain SELECT k, c FROM sbtest4 WHERE k BETWEEN 6208696 AND 6208796
	Bitmap Heap Scan on sbtest4  (cost=5.39..373.61 rows=93 width=125)
	  Recheck Cond: ((k >= 6208696) AND (k <= 6208796))
	  ->  Bitmap Index Scan on k_4  (cost=0.00..5.36 rows=93 width=0)
	        Index Cond: ((k >= 6208696) AND (k <= 6208796))

table 5 : explain SELECT k, c FROM sbtest5 WHERE k BETWEEN 6208696 AND 6208796
	Bitmap Heap Scan on sbtest5  (cost=5.56..440.56 rows=110 width=125)
	  Recheck Cond: ((k >= 6208696) AND (k <= 6208796))
	  ->  Bitmap Index Scan on k_5  (cost=0.00..5.53 rows=110 width=0)
	        Index Cond: ((k >= 6208696) AND (k <= 6208796))

table 6 : explain SELECT k, c FROM sbtest6 WHERE k BETWEEN 6208696 AND 6208796
	Bitmap Heap Scan on sbtest6  (cost=5.47..405.13 rows=101 width=125)
	  Recheck Cond: ((k >= 6208696) AND (k <= 6208796))
	  ->  Bitmap Index Scan on k_6  (cost=0.00..5.44 rows=101 width=0)
	        Index Cond: ((k >= 6208696) AND (k <= 6208796))

table 7 : explain SELECT k, c FROM sbtest7 WHERE k BETWEEN 6208696 AND 6208796
	Bitmap Heap Scan on sbtest7  (cost=5.43..389.37 rows=97 width=125)
	  Recheck Cond: ((k >= 6208696) AND (k <= 6208796))
	  ->  Bitmap Index Scan on k_7  (cost=0.00..5.40 rows=97 width=0)
	        Index Cond: ((k >= 6208696) AND (k <= 6208796))

table 8 : explain SELECT k, c FROM sbtest8 WHERE k BETWEEN 6208696 AND 6208796
	Bitmap Heap Scan on sbtest8  (cost=5.41..381.49 rows=95 width=125)
	  Recheck Cond: ((k >= 6208696) AND (k <= 6208796))
	  ->  Bitmap Index Scan on k_8  (cost=0.00..5.38 rows=95 width=0)
	        Index Cond: ((k >= 6208696) AND (k <= 6208796))

explain: for range-notcovered :: explain SELECT k, c FROM sbtest%d WHERE k BETWEEN 6208696 AND 6208796
explain: for range-notcovered :: explain SELECT k, c FROM sbtest%d WHERE k BETWEEN 1164621 AND 1164721
for range-notcovered
table 1 : explain SELECT k, c FROM sbtest1 WHERE k BETWEEN 7786109 AND 7786209
	Bitmap Heap Scan on sbtest1  (cost=5.42..385.43 rows=96 width=125)
	  Recheck Cond: ((k >= 7786109) AND (k <= 7786209))
	  ->  Bitmap Index Scan on k_1  (cost=0.00..5.39 rows=96 width=0)
	        Index Cond: ((k >= 7786109) AND (k <= 7786209))

table 2 : explain SELECT k, c FROM sbtest2 WHERE k BETWEEN 7786109 AND 7786209
	Bitmap Heap Scan on sbtest2  (cost=5.49..413.00 rows=103 width=125)
	  Recheck Cond: ((k >= 7786109) AND (k <= 7786209))
	  ->  Bitmap Index Scan on k_2  (cost=0.00..5.46 rows=103 width=0)
	        Index Cond: ((k >= 7786109) AND (k <= 7786209))

table 3 : explain SELECT k, c FROM sbtest3 WHERE k BETWEEN 7786109 AND 7786209
	Bitmap Heap Scan on sbtest3  (cost=5.54..432.69 rows=108 width=125)
	  Recheck Cond: ((k >= 7786109) AND (k <= 7786209))
	  ->  Bitmap Index Scan on k_3  (cost=0.00..5.51 rows=108 width=0)
	        Index Cond: ((k >= 7786109) AND (k <= 7786209))

table 4 : explain SELECT k, c FROM sbtest4 WHERE k BETWEEN 7786109 AND 7786209
	Bitmap Heap Scan on sbtest4  (cost=5.50..416.94 rows=104 width=125)
	  Recheck Cond: ((k >= 7786109) AND (k <= 7786209))
	  ->  Bitmap Index Scan on k_4  (cost=0.00..5.47 rows=104 width=0)
	        Index Cond: ((k >= 7786109) AND (k <= 7786209))

table 5 : explain SELECT k, c FROM sbtest5 WHERE k BETWEEN 7786109 AND 7786209
	Bitmap Heap Scan on sbtest5  (cost=5.43..389.37 rows=97 width=125)
	  Recheck Cond: ((k >= 7786109) AND (k <= 7786209))
	  ->  Bitmap Index Scan on k_5  (cost=0.00..5.40 rows=97 width=0)
	        Index Cond: ((k >= 7786109) AND (k <= 7786209))

table 6 : explain SELECT k, c FROM sbtest6 WHERE k BETWEEN 7786109 AND 7786209
	Bitmap Heap Scan on sbtest6  (cost=5.53..428.75 rows=107 width=125)
	  Recheck Cond: ((k >= 7786109) AND (k <= 7786209))
	  ->  Bitmap Index Scan on k_6  (cost=0.00..5.50 rows=107 width=0)
	        Index Cond: ((k >= 7786109) AND (k <= 7786209))

table 7 : explain SELECT k, c FROM sbtest7 WHERE k BETWEEN 7786109 AND 7786209
	Bitmap Heap Scan on sbtest7  (cost=5.46..401.19 rows=100 width=125)
	  Recheck Cond: ((k >= 7786109) AND (k <= 7786209))
	  ->  Bitmap Index Scan on k_7  (cost=0.00..5.43 rows=100 width=0)
	        Index Cond: ((k >= 7786109) AND (k <= 7786209))

table 8 : explain SELECT k, c FROM sbtest8 WHERE k BETWEEN 7786109 AND 7786209
	Bitmap Heap Scan on sbtest8  (cost=5.44..393.31 rows=98 width=125)
	  Recheck Cond: ((k >= 7786109) AND (k <= 7786209))
	  ->  Bitmap Index Scan on k_8  (cost=0.00..5.42 rows=98 width=0)
	        Index Cond: ((k >= 7786109) AND (k <= 7786209))

explain: for range-notcovered :: explain SELECT k, c FROM sbtest%d WHERE k BETWEEN 7786109 AND 7786209
for range-notcovered
table 1 : explain SELECT k, c FROM sbtest1 WHERE k BETWEEN 4097006 AND 4097106
	Bitmap Heap Scan on sbtest1  (cost=5.53..428.75 rows=107 width=125)
	  Recheck Cond: ((k >= 4097006) AND (k <= 4097106))
	  ->  Bitmap Index Scan on k_1  (cost=0.00..5.50 rows=107 width=0)
	        Index Cond: ((k >= 4097006) AND (k <= 4097106))

table 2 : explain SELECT k, c FROM sbtest2 WHERE k BETWEEN 4097006 AND 4097106
	Bitmap Heap Scan on sbtest2  (cost=5.49..413.00 rows=103 width=125)
	  Recheck Cond: ((k >= 4097006) AND (k <= 4097106))
	  ->  Bitmap Index Scan on k_2  (cost=0.00..5.46 rows=103 width=0)
	        Index Cond: ((k >= 4097006) AND (k <= 4097106))

table 3 : explain SELECT k, c FROM sbtest3 WHERE k BETWEEN 4097006 AND 4097106
	Bitmap Heap Scan on sbtest3  (cost=5.49..413.00 rows=103 width=125)
	  Recheck Cond: ((k >= 4097006) AND (k <= 4097106))
	  ->  Bitmap Index Scan on k_3  (cost=0.00..5.46 rows=103 width=0)
	        Index Cond: ((k >= 4097006) AND (k <= 4097106))

table 4 : explain SELECT k, c FROM sbtest4 WHERE k BETWEEN 4097006 AND 4097106
	Bitmap Heap Scan on sbtest4  (cost=5.49..413.00 rows=103 width=125)
	  Recheck Cond: ((k >= 4097006) AND (k <= 4097106))
	  ->  Bitmap Index Scan on k_4  (cost=0.00..5.46 rows=103 width=0)
	        Index Cond: ((k >= 4097006) AND (k <= 4097106))

table 5 : explain SELECT k, c FROM sbtest5 WHERE k BETWEEN 4097006 AND 4097106
	Bitmap Heap Scan on sbtest5  (cost=5.48..409.07 rows=102 width=125)
	  Recheck Cond: ((k >= 4097006) AND (k <= 4097106))
	  ->  Bitmap Index Scan on k_5  (cost=0.00..5.45 rows=102 width=0)
	        Index Cond: ((k >= 4097006) AND (k <= 4097106))

table 6 : explain SELECT k, c FROM sbtest6 WHERE k BETWEEN 4097006 AND 4097106
	Bitmap Heap Scan on sbtest6  (cost=5.50..416.94 rows=104 width=125)
	  Recheck Cond: ((k >= 4097006) AND (k <= 4097106))
	  ->  Bitmap Index Scan on k_6  (cost=0.00..5.47 rows=104 width=0)
	        Index Cond: ((k >= 4097006) AND (k <= 4097106))

table 7 : explain SELECT k, c FROM sbtest7 WHERE k BETWEEN 4097006 AND 4097106
	Bitmap Heap Scan on sbtest7  (cost=5.50..416.94 rows=104 width=125)
	  Recheck Cond: ((k >= 4097006) AND (k <= 4097106))
	  ->  Bitmap Index Scan on k_7  (cost=0.00..5.47 rows=104 width=0)
	        Index Cond: ((k >= 4097006) AND (k <= 4097106))

table 8 : explain SELECT k, c FROM sbtest8 WHERE k BETWEEN 4097006 AND 4097106
	Bitmap Heap Scan on sbtest8  (cost=5.45..397.25 rows=99 width=125)
	  Recheck Cond: ((k >= 4097006) AND (k <= 4097106))
	  ->  Bitmap Index Scan on k_8  (cost=0.00..5.42 rows=99 width=0)
	        Index Cond: ((k >= 4097006) AND (k <= 4097106))

for range-notcovered
table 1 : explain SELECT k, c FROM sbtest1 WHERE k BETWEEN 5028096 AND 5028196
	Bitmap Heap Scan on sbtest1  (cost=5.61..460.22 rows=115 width=125)
	  Recheck Cond: ((k >= 5028096) AND (k <= 5028196))
	  ->  Bitmap Index Scan on k_1  (cost=0.00..5.58 rows=115 width=0)
	        Index Cond: ((k >= 5028096) AND (k <= 5028196))

table 2 : explain SELECT k, c FROM sbtest2 WHERE k BETWEEN 5028096 AND 5028196
	Bitmap Heap Scan on sbtest2  (cost=5.43..389.37 rows=97 width=125)
	  Recheck Cond: ((k >= 5028096) AND (k <= 5028196))
	  ->  Bitmap Index Scan on k_2  (cost=0.00..5.40 rows=97 width=0)
	        Index Cond: ((k >= 5028096) AND (k <= 5028196))

table 3 : explain SELECT k, c FROM sbtest3 WHERE k BETWEEN 5028096 AND 5028196
	Bitmap Heap Scan on sbtest3  (cost=5.54..432.69 rows=108 width=125)
	  Recheck Cond: ((k >= 5028096) AND (k <= 5028196))
	  ->  Bitmap Index Scan on k_3  (cost=0.00..5.51 rows=108 width=0)
	        Index Cond: ((k >= 5028096) AND (k <= 5028196))

table 4 : explain SELECT k, c FROM sbtest4 WHERE k BETWEEN 5028096 AND 5028196
	Bitmap Heap Scan on sbtest4  (cost=5.49..413.00 rows=103 width=125)
	  Recheck Cond: ((k >= 5028096) AND (k <= 5028196))
	  ->  Bitmap Index Scan on k_4  (cost=0.00..5.46 rows=103 width=0)
	        Index Cond: ((k >= 5028096) AND (k <= 5028196))

table 5 : explain SELECT k, c FROM sbtest5 WHERE k BETWEEN 5028096 AND 5028196
	Bitmap Heap Scan on sbtest5  (cost=5.49..413.00 rows=103 width=125)
	  Recheck Cond: ((k >= 5028096) AND (k <= 5028196))
	  ->  Bitmap Index Scan on k_5  (cost=0.00..5.46 rows=103 width=0)
	        Index Cond: ((k >= 5028096) AND (k <= 5028196))

table 6 : explain SELECT k, c FROM sbtest6 WHERE k BETWEEN 5028096 AND 5028196
	Bitmap Heap Scan on sbtest6  (cost=5.46..401.19 rows=100 width=125)
	  Recheck Cond: ((k >= 5028096) AND (k <= 5028196))
	  ->  Bitmap Index Scan on k_6  (cost=0.00..5.43 rows=100 width=0)
	        Index Cond: ((k >= 5028096) AND (k <= 5028196))

table 7 : explain SELECT k, c FROM sbtest7 WHERE k BETWEEN 5028096 AND 5028196
	Bitmap Heap Scan on sbtest7  (cost=5.48..409.07 rows=102 width=125)
	  Recheck Cond: ((k >= 5028096) AND (k <= 5028196))
	  ->  Bitmap Index Scan on k_7  (cost=0.00..5.45 rows=102 width=0)
	        Index Cond: ((k >= 5028096) AND (k <= 5028196))

table 8 : explain SELECT k, c FROM sbtest8 WHERE k BETWEEN 5028096 AND 5028196
	Bitmap Heap Scan on sbtest8  (cost=5.51..420.88 rows=105 width=125)
	  Recheck Cond: ((k >= 5028096) AND (k <= 5028196))
	  ->  Bitmap Index Scan on k_8  (cost=0.00..5.48 rows=105 width=0)
	        Index Cond: ((k >= 5028096) AND (k <= 5028196))

explain: for range-notcovered :: explain SELECT k, c FROM sbtest%d WHERE k BETWEEN 4097006 AND 4097106
explain: for range-notcovered :: explain SELECT k, c FROM sbtest%d WHERE k BETWEEN 5028096 AND 5028196
for range-notcovered
table 1 : explain SELECT k, c FROM sbtest1 WHERE k BETWEEN 5241579 AND 5241679
	Bitmap Heap Scan on sbtest1  (cost=5.54..432.69 rows=108 width=125)
	  Recheck Cond: ((k >= 5241579) AND (k <= 5241679))
	  ->  Bitmap Index Scan on k_1  (cost=0.00..5.51 rows=108 width=0)
	        Index Cond: ((k >= 5241579) AND (k <= 5241679))

table 2 : explain SELECT k, c FROM sbtest2 WHERE k BETWEEN 5241579 AND 5241679
	Bitmap Heap Scan on sbtest2  (cost=5.45..397.25 rows=99 width=125)
	  Recheck Cond: ((k >= 5241579) AND (k <= 5241679))
	  ->  Bitmap Index Scan on k_2  (cost=0.00..5.42 rows=99 width=0)
	        Index Cond: ((k >= 5241579) AND (k <= 5241679))

table 3 : explain SELECT k, c FROM sbtest3 WHERE k BETWEEN 5241579 AND 5241679
	Bitmap Heap Scan on sbtest3  (cost=5.37..365.72 rows=91 width=125)
	  Recheck Cond: ((k >= 5241579) AND (k <= 5241679))
	  ->  Bitmap Index Scan on k_3  (cost=0.00..5.34 rows=91 width=0)
	        Index Cond: ((k >= 5241579) AND (k <= 5241679))

table 4 : explain SELECT k, c FROM sbtest4 WHERE k BETWEEN 5241579 AND 5241679
	Bitmap Heap Scan on sbtest4  (cost=5.47..405.13 rows=101 width=125)
	  Recheck Cond: ((k >= 5241579) AND (k <= 5241679))
	  ->  Bitmap Index Scan on k_4  (cost=0.00..5.44 rows=101 width=0)
	        Index Cond: ((k >= 5241579) AND (k <= 5241679))

table 5 : explain SELECT k, c FROM sbtest5 WHERE k BETWEEN 5241579 AND 5241679
	Bitmap Heap Scan on sbtest5  (cost=5.39..373.61 rows=93 width=125)
	  Recheck Cond: ((k >= 5241579) AND (k <= 5241679))
	  ->  Bitmap Index Scan on k_5  (cost=0.00..5.36 rows=93 width=0)
	        Index Cond: ((k >= 5241579) AND (k <= 5241679))

table 6 : explain SELECT k, c FROM sbtest6 WHERE k BETWEEN 5241579 AND 5241679
	Bitmap Heap Scan on sbtest6  (cost=5.50..416.94 rows=104 width=125)
	  Recheck Cond: ((k >= 5241579) AND (k <= 5241679))
	  ->  Bitmap Index Scan on k_6  (cost=0.00..5.47 rows=104 width=0)
	        Index Cond: ((k >= 5241579) AND (k <= 5241679))

table 7 : explain SELECT k, c FROM sbtest7 WHERE k BETWEEN 5241579 AND 5241679
	Bitmap Heap Scan on sbtest7  (cost=5.46..401.19 rows=100 width=125)
	  Recheck Cond: ((k >= 5241579) AND (k <= 5241679))
	  ->  Bitmap Index Scan on k_7  (cost=0.00..5.43 rows=100 width=0)
	        Index Cond: ((k >= 5241579) AND (k <= 5241679))

table 8 : explain SELECT k, c FROM sbtest8 WHERE k BETWEEN 5241579 AND 5241679
	Bitmap Heap Scan on sbtest8  (cost=5.60..456.29 rows=114 width=125)
	  Recheck Cond: ((k >= 5241579) AND (k <= 5241679))
	  ->  Bitmap Index Scan on k_8  (cost=0.00..5.58 rows=114 width=0)
	        Index Cond: ((k >= 5241579) AND (k <= 5241679))

for range-notcovered
table 1 : explain SELECT k, c FROM sbtest1 WHERE k BETWEEN 7786109 AND 7786209
	Bitmap Heap Scan on sbtest1  (cost=5.42..385.43 rows=96 width=125)
	  Recheck Cond: ((k >= 7786109) AND (k <= 7786209))
	  ->  Bitmap Index Scan on k_1  (cost=0.00..5.39 rows=96 width=0)
	        Index Cond: ((k >= 7786109) AND (k <= 7786209))

table 2 : explain SELECT k, c FROM sbtest2 WHERE k BETWEEN 7786109 AND 7786209
	Bitmap Heap Scan on sbtest2  (cost=5.49..413.00 rows=103 width=125)
	  Recheck Cond: ((k >= 7786109) AND (k <= 7786209))
	  ->  Bitmap Index Scan on k_2  (cost=0.00..5.46 rows=103 width=0)
	        Index Cond: ((k >= 7786109) AND (k <= 7786209))

table 3 : explain SELECT k, c FROM sbtest3 WHERE k BETWEEN 7786109 AND 7786209
	Bitmap Heap Scan on sbtest3  (cost=5.54..432.69 rows=108 width=125)
	  Recheck Cond: ((k >= 7786109) AND (k <= 7786209))
	  ->  Bitmap Index Scan on k_3  (cost=0.00..5.51 rows=108 width=0)
	        Index Cond: ((k >= 7786109) AND (k <= 7786209))

table 4 : explain SELECT k, c FROM sbtest4 WHERE k BETWEEN 7786109 AND 7786209
	Bitmap Heap Scan on sbtest4  (cost=5.50..416.94 rows=104 width=125)
	  Recheck Cond: ((k >= 7786109) AND (k <= 7786209))
	  ->  Bitmap Index Scan on k_4  (cost=0.00..5.47 rows=104 width=0)
	        Index Cond: ((k >= 7786109) AND (k <= 7786209))

table 5 : explain SELECT k, c FROM sbtest5 WHERE k BETWEEN 7786109 AND 7786209
	Bitmap Heap Scan on sbtest5  (cost=5.43..389.37 rows=97 width=125)
	  Recheck Cond: ((k >= 7786109) AND (k <= 7786209))
	  ->  Bitmap Index Scan on k_5  (cost=0.00..5.40 rows=97 width=0)
	        Index Cond: ((k >= 7786109) AND (k <= 7786209))

table 6 : explain SELECT k, c FROM sbtest6 WHERE k BETWEEN 7786109 AND 7786209
	Bitmap Heap Scan on sbtest6  (cost=5.53..428.75 rows=107 width=125)
	  Recheck Cond: ((k >= 7786109) AND (k <= 7786209))
	  ->  Bitmap Index Scan on k_6  (cost=0.00..5.50 rows=107 width=0)
	        Index Cond: ((k >= 7786109) AND (k <= 7786209))

table 7 : explain SELECT k, c FROM sbtest7 WHERE k BETWEEN 7786109 AND 7786209
	Bitmap Heap Scan on sbtest7  (cost=5.46..401.19 rows=100 width=125)
	  Recheck Cond: ((k >= 7786109) AND (k <= 7786209))
	  ->  Bitmap Index Scan on k_7  (cost=0.00..5.43 rows=100 width=0)
	        Index Cond: ((k >= 7786109) AND (k <= 7786209))

table 8 : explain SELECT k, c FROM sbtest8 WHERE k BETWEEN 7786109 AND 7786209
	Bitmap Heap Scan on sbtest8  (cost=5.44..393.31 rows=98 width=125)
	  Recheck Cond: ((k >= 7786109) AND (k <= 7786209))
	  ->  Bitmap Index Scan on k_8  (cost=0.00..5.42 rows=98 width=0)
	        Index Cond: ((k >= 7786109) AND (k <= 7786209))

explain: for range-notcovered :: explain SELECT k, c FROM sbtest%d WHERE k BETWEEN 7786109 AND 7786209
explain: for range-notcovered :: explain SELECT k, c FROM sbtest%d WHERE k BETWEEN 5241579 AND 5241679
for range-notcovered
table 1 : explain SELECT k, c FROM sbtest1 WHERE k BETWEEN 4097006 AND 4097106
	Bitmap Heap Scan on sbtest1  (cost=5.53..428.75 rows=107 width=125)
	  Recheck Cond: ((k >= 4097006) AND (k <= 4097106))
	  ->  Bitmap Index Scan on k_1  (cost=0.00..5.50 rows=107 width=0)
	        Index Cond: ((k >= 4097006) AND (k <= 4097106))

table 2 : explain SELECT k, c FROM sbtest2 WHERE k BETWEEN 4097006 AND 4097106
	Bitmap Heap Scan on sbtest2  (cost=5.49..413.00 rows=103 width=125)
	  Recheck Cond: ((k >= 4097006) AND (k <= 4097106))
	  ->  Bitmap Index Scan on k_2  (cost=0.00..5.46 rows=103 width=0)
	        Index Cond: ((k >= 4097006) AND (k <= 4097106))

table 3 : explain SELECT k, c FROM sbtest3 WHERE k BETWEEN 4097006 AND 4097106
	Bitmap Heap Scan on sbtest3  (cost=5.49..413.00 rows=103 width=125)
	  Recheck Cond: ((k >= 4097006) AND (k <= 4097106))
	  ->  Bitmap Index Scan on k_3  (cost=0.00..5.46 rows=103 width=0)
	        Index Cond: ((k >= 4097006) AND (k <= 4097106))

table 4 : explain SELECT k, c FROM sbtest4 WHERE k BETWEEN 4097006 AND 4097106
	Bitmap Heap Scan on sbtest4  (cost=5.49..413.00 rows=103 width=125)
	  Recheck Cond: ((k >= 4097006) AND (k <= 4097106))
	  ->  Bitmap Index Scan on k_4  (cost=0.00..5.46 rows=103 width=0)
	        Index Cond: ((k >= 4097006) AND (k <= 4097106))

table 5 : explain SELECT k, c FROM sbtest5 WHERE k BETWEEN 4097006 AND 4097106
	Bitmap Heap Scan on sbtest5  (cost=5.48..409.07 rows=102 width=125)
	  Recheck Cond: ((k >= 4097006) AND (k <= 4097106))
	  ->  Bitmap Index Scan on k_5  (cost=0.00..5.45 rows=102 width=0)
	        Index Cond: ((k >= 4097006) AND (k <= 4097106))

table 6 : explain SELECT k, c FROM sbtest6 WHERE k BETWEEN 4097006 AND 4097106
	Bitmap Heap Scan on sbtest6  (cost=5.50..416.94 rows=104 width=125)
	  Recheck Cond: ((k >= 4097006) AND (k <= 4097106))
	  ->  Bitmap Index Scan on k_6  (cost=0.00..5.47 rows=104 width=0)
	        Index Cond: ((k >= 4097006) AND (k <= 4097106))

table 7 : explain SELECT k, c FROM sbtest7 WHERE k BETWEEN 4097006 AND 4097106
	Bitmap Heap Scan on sbtest7  (cost=5.50..416.94 rows=104 width=125)
	  Recheck Cond: ((k >= 4097006) AND (k <= 4097106))
	  ->  Bitmap Index Scan on k_7  (cost=0.00..5.47 rows=104 width=0)
	        Index Cond: ((k >= 4097006) AND (k <= 4097106))

table 8 : explain SELECT k, c FROM sbtest8 WHERE k BETWEEN 4097006 AND 4097106
	Bitmap Heap Scan on sbtest8  (cost=5.45..397.25 rows=99 width=125)
	  Recheck Cond: ((k >= 4097006) AND (k <= 4097106))
	  ->  Bitmap Index Scan on k_8  (cost=0.00..5.42 rows=99 width=0)
	        Index Cond: ((k >= 4097006) AND (k <= 4097106))

for range-notcovered
table 1 : explain SELECT k, c FROM sbtest1 WHERE k BETWEEN 6208696 AND 6208796
	Bitmap Heap Scan on sbtest1  (cost=5.39..373.61 rows=93 width=125)
	  Recheck Cond: ((k >= 6208696) AND (k <= 6208796))
	  ->  Bitmap Index Scan on k_1  (cost=0.00..5.36 rows=93 width=0)
	        Index Cond: ((k >= 6208696) AND (k <= 6208796))

table 2 : explain SELECT k, c FROM sbtest2 WHERE k BETWEEN 6208696 AND 6208796
	Bitmap Heap Scan on sbtest2  (cost=5.45..397.25 rows=99 width=125)
	  Recheck Cond: ((k >= 6208696) AND (k <= 6208796))
	  ->  Bitmap Index Scan on k_2  (cost=0.00..5.42 rows=99 width=0)
	        Index Cond: ((k >= 6208696) AND (k <= 6208796))

table 3 : explain SELECT k, c FROM sbtest3 WHERE k BETWEEN 6208696 AND 6208796
	Bitmap Heap Scan on sbtest3  (cost=5.53..428.75 rows=107 width=125)
	  Recheck Cond: ((k >= 6208696) AND (k <= 6208796))
	  ->  Bitmap Index Scan on k_3  (cost=0.00..5.50 rows=107 width=0)
	        Index Cond: ((k >= 6208696) AND (k <= 6208796))

table 4 : explain SELECT k, c FROM sbtest4 WHERE k BETWEEN 6208696 AND 6208796
	Bitmap Heap Scan on sbtest4  (cost=5.39..373.61 rows=93 width=125)
	  Recheck Cond: ((k >= 6208696) AND (k <= 6208796))
	  ->  Bitmap Index Scan on k_4  (cost=0.00..5.36 rows=93 width=0)
	        Index Cond: ((k >= 6208696) AND (k <= 6208796))

table 5 : explain SELECT k, c FROM sbtest5 WHERE k BETWEEN 6208696 AND 6208796
	Bitmap Heap Scan on sbtest5  (cost=5.56..440.56 rows=110 width=125)
	  Recheck Cond: ((k >= 6208696) AND (k <= 6208796))
	  ->  Bitmap Index Scan on k_5  (cost=0.00..5.53 rows=110 width=0)
	        Index Cond: ((k >= 6208696) AND (k <= 6208796))

table 6 : explain SELECT k, c FROM sbtest6 WHERE k BETWEEN 6208696 AND 6208796
	Bitmap Heap Scan on sbtest6  (cost=5.47..405.13 rows=101 width=125)
	  Recheck Cond: ((k >= 6208696) AND (k <= 6208796))
	  ->  Bitmap Index Scan on k_6  (cost=0.00..5.44 rows=101 width=0)
	        Index Cond: ((k >= 6208696) AND (k <= 6208796))

table 7 : explain SELECT k, c FROM sbtest7 WHERE k BETWEEN 6208696 AND 6208796
	Bitmap Heap Scan on sbtest7  (cost=5.43..389.37 rows=97 width=125)
	  Recheck Cond: ((k >= 6208696) AND (k <= 6208796))
	  ->  Bitmap Index Scan on k_7  (cost=0.00..5.40 rows=97 width=0)
	        Index Cond: ((k >= 6208696) AND (k <= 6208796))

table 8 : explain SELECT k, c FROM sbtest8 WHERE k BETWEEN 6208696 AND 6208796
	Bitmap Heap Scan on sbtest8  (cost=5.41..381.49 rows=95 width=125)
	  Recheck Cond: ((k >= 6208696) AND (k <= 6208796))
	  ->  Bitmap Index Scan on k_8  (cost=0.00..5.38 rows=95 width=0)
	        Index Cond: ((k >= 6208696) AND (k <= 6208796))

for range-notcovered
table 1 : explain SELECT k, c FROM sbtest1 WHERE k BETWEEN 6412603 AND 6412703
	Bitmap Heap Scan on sbtest1  (cost=5.58..448.42 rows=112 width=125)
	  Recheck Cond: ((k >= 6412603) AND (k <= 6412703))
	  ->  Bitmap Index Scan on k_1  (cost=0.00..5.55 rows=112 width=0)
	        Index Cond: ((k >= 6412603) AND (k <= 6412703))

table 2 : explain SELECT k, c FROM sbtest2 WHERE k BETWEEN 6412603 AND 6412703
	Bitmap Heap Scan on sbtest2  (cost=5.45..397.25 rows=99 width=125)
	  Recheck Cond: ((k >= 6412603) AND (k <= 6412703))
	  ->  Bitmap Index Scan on k_2  (cost=0.00..5.42 rows=99 width=0)
	        Index Cond: ((k >= 6412603) AND (k <= 6412703))

table 3 : explain SELECT k, c FROM sbtest3 WHERE k BETWEEN 6412603 AND 6412703
	Bitmap Heap Scan on sbtest3  (cost=5.47..405.13 rows=101 width=125)
	  Recheck Cond: ((k >= 6412603) AND (k <= 6412703))
	  ->  Bitmap Index Scan on k_3  (cost=0.00..5.44 rows=101 width=0)
	        Index Cond: ((k >= 6412603) AND (k <= 6412703))

table 4 : explain SELECT k, c FROM sbtest4 WHERE k BETWEEN 6412603 AND 6412703
	Bitmap Heap Scan on sbtest4  (cost=5.51..420.88 rows=105 width=125)
	  Recheck Cond: ((k >= 6412603) AND (k <= 6412703))
	  ->  Bitmap Index Scan on k_4  (cost=0.00..5.48 rows=105 width=0)
	        Index Cond: ((k >= 6412603) AND (k <= 6412703))

table 5 : explain SELECT k, c FROM sbtest5 WHERE k BETWEEN 6412603 AND 6412703
	Bitmap Heap Scan on sbtest5  (cost=5.48..409.07 rows=102 width=125)
	  Recheck Cond: ((k >= 6412603) AND (k <= 6412703))
	  ->  Bitmap Index Scan on k_5  (cost=0.00..5.45 rows=102 width=0)
	        Index Cond: ((k >= 6412603) AND (k <= 6412703))

table 6 : explain SELECT k, c FROM sbtest6 WHERE k BETWEEN 6412603 AND 6412703
	Bitmap Heap Scan on sbtest6  (cost=5.43..389.37 rows=97 width=125)
	  Recheck Cond: ((k >= 6412603) AND (k <= 6412703))
	  ->  Bitmap Index Scan on k_6  (cost=0.00..5.40 rows=97 width=0)
	        Index Cond: ((k >= 6412603) AND (k <= 6412703))

table 7 : explain SELECT k, c FROM sbtest7 WHERE k BETWEEN 6412603 AND 6412703
	Bitmap Heap Scan on sbtest7  (cost=5.56..440.56 rows=110 width=125)
	  Recheck Cond: ((k >= 6412603) AND (k <= 6412703))
	  ->  Bitmap Index Scan on k_7  (cost=0.00..5.53 rows=110 width=0)
	        Index Cond: ((k >= 6412603) AND (k <= 6412703))

table 8 : explain SELECT k, c FROM sbtest8 WHERE k BETWEEN 6412603 AND 6412703
	Bitmap Heap Scan on sbtest8  (cost=5.46..401.19 rows=100 width=125)
	  Recheck Cond: ((k >= 6412603) AND (k <= 6412703))
	  ->  Bitmap Index Scan on k_8  (cost=0.00..5.43 rows=100 width=0)
	        Index Cond: ((k >= 6412603) AND (k <= 6412703))
for range-notcovered
table 1 : explain SELECT k, c FROM sbtest1 WHERE k BETWEEN 5028096 AND 5028196
	Bitmap Heap Scan on sbtest1  (cost=5.61..460.22 rows=115 width=125)
	  Recheck Cond: ((k >= 5028096) AND (k <= 5028196))
	  ->  Bitmap Index Scan on k_1  (cost=0.00..5.58 rows=115 width=0)
	        Index Cond: ((k >= 5028096) AND (k <= 5028196))

table 2 : explain SELECT k, c FROM sbtest2 WHERE k BETWEEN 5028096 AND 5028196
	Bitmap Heap Scan on sbtest2  (cost=5.43..389.37 rows=97 width=125)
	  Recheck Cond: ((k >= 5028096) AND (k <= 5028196))
	  ->  Bitmap Index Scan on k_2  (cost=0.00..5.40 rows=97 width=0)
	        Index Cond: ((k >= 5028096) AND (k <= 5028196))

table 3 : explain SELECT k, c FROM sbtest3 WHERE k BETWEEN 5028096 AND 5028196
	Bitmap Heap Scan on sbtest3  (cost=5.54..432.69 rows=108 width=125)
	  Recheck Cond: ((k >= 5028096) AND (k <= 5028196))
	  ->  Bitmap Index Scan on k_3  (cost=0.00..5.51 rows=108 width=0)
	        Index Cond: ((k >= 5028096) AND (k <= 5028196))

table 4 : explain SELECT k, c FROM sbtest4 WHERE k BETWEEN 5028096 AND 5028196
	Bitmap Heap Scan on sbtest4  (cost=5.49..413.00 rows=103 width=125)
	  Recheck Cond: ((k >= 5028096) AND (k <= 5028196))
	  ->  Bitmap Index Scan on k_4  (cost=0.00..5.46 rows=103 width=0)
	        Index Cond: ((k >= 5028096) AND (k <= 5028196))

table 5 : explain SELECT k, c FROM sbtest5 WHERE k BETWEEN 5028096 AND 5028196
	Bitmap Heap Scan on sbtest5  (cost=5.49..413.00 rows=103 width=125)
	  Recheck Cond: ((k >= 5028096) AND (k <= 5028196))
	  ->  Bitmap Index Scan on k_5  (cost=0.00..5.46 rows=103 width=0)
	        Index Cond: ((k >= 5028096) AND (k <= 5028196))

table 6 : explain SELECT k, c FROM sbtest6 WHERE k BETWEEN 5028096 AND 5028196
	Bitmap Heap Scan on sbtest6  (cost=5.46..401.19 rows=100 width=125)
	  Recheck Cond: ((k >= 5028096) AND (k <= 5028196))
	  ->  Bitmap Index Scan on k_6  (cost=0.00..5.43 rows=100 width=0)
	        Index Cond: ((k >= 5028096) AND (k <= 5028196))

table 7 : explain SELECT k, c FROM sbtest7 WHERE k BETWEEN 5028096 AND 5028196
	Bitmap Heap Scan on sbtest7  (cost=5.48..409.07 rows=102 width=125)
	  Recheck Cond: ((k >= 5028096) AND (k <= 5028196))
	  ->  Bitmap Index Scan on k_7  (cost=0.00..5.45 rows=102 width=0)
	        Index Cond: ((k >= 5028096) AND (k <= 5028196))

table 8 : explain SELECT k, c FROM sbtest8 WHERE k BETWEEN 5028096 AND 5028196
	Bitmap Heap Scan on sbtest8  (cost=5.51..420.88 rows=105 width=125)
	  Recheck Cond: ((k >= 5028096) AND (k <= 5028196))
	  ->  Bitmap Index Scan on k_8  (cost=0.00..5.48 rows=105 width=0)
	        Index Cond: ((k >= 5028096) AND (k <= 5028196))


explain: for range-notcovered :: explain SELECT k, c FROM sbtest%d WHERE k BETWEEN 4097006 AND 4097106
explain: for range-notcovered :: explain SELECT k, c FROM sbtest%d WHERE k BETWEEN 6208696 AND 6208796
explain: for range-notcovered :: explain SELECT k, c FROM sbtest%d WHERE k BETWEEN 6412603 AND 6412703
for range-notcovered
table 1 : explain SELECT k, c FROM sbtest1 WHERE k BETWEEN 1164621 AND 1164721
	Bitmap Heap Scan on sbtest1  (cost=5.51..420.88 rows=105 width=125)
	  Recheck Cond: ((k >= 1164621) AND (k <= 1164721))
	  ->  Bitmap Index Scan on k_1  (cost=0.00..5.48 rows=105 width=0)
	        Index Cond: ((k >= 1164621) AND (k <= 1164721))

table 2 : explain SELECT k, c FROM sbtest2 WHERE k BETWEEN 1164621 AND 1164721
	Bitmap Heap Scan on sbtest2  (cost=5.49..413.00 rows=103 width=125)
	  Recheck Cond: ((k >= 1164621) AND (k <= 1164721))
	  ->  Bitmap Index Scan on k_2  (cost=0.00..5.46 rows=103 width=0)
	        Index Cond: ((k >= 1164621) AND (k <= 1164721))

table 3 : explain SELECT k, c FROM sbtest3 WHERE k BETWEEN 1164621 AND 1164721
	Bitmap Heap Scan on sbtest3  (cost=5.49..413.00 rows=103 width=125)
	  Recheck Cond: ((k >= 1164621) AND (k <= 1164721))
	  ->  Bitmap Index Scan on k_3  (cost=0.00..5.46 rows=103 width=0)
	        Index Cond: ((k >= 1164621) AND (k <= 1164721))

table 4 : explain SELECT k, c FROM sbtest4 WHERE k BETWEEN 1164621 AND 1164721
	Bitmap Heap Scan on sbtest4  (cost=5.46..401.19 rows=100 width=125)
	  Recheck Cond: ((k >= 1164621) AND (k <= 1164721))
	  ->  Bitmap Index Scan on k_4  (cost=0.00..5.43 rows=100 width=0)
	        Index Cond: ((k >= 1164621) AND (k <= 1164721))

table 5 : explain SELECT k, c FROM sbtest5 WHERE k BETWEEN 1164621 AND 1164721
	Bitmap Heap Scan on sbtest5  (cost=5.46..401.19 rows=100 width=125)
	  Recheck Cond: ((k >= 1164621) AND (k <= 1164721))
	  ->  Bitmap Index Scan on k_5  (cost=0.00..5.43 rows=100 width=0)
	        Index Cond: ((k >= 1164621) AND (k <= 1164721))

table 6 : explain SELECT k, c FROM sbtest6 WHERE k BETWEEN 1164621 AND 1164721
	Bitmap Heap Scan on sbtest6  (cost=5.42..385.43 rows=96 width=125)
	  Recheck Cond: ((k >= 1164621) AND (k <= 1164721))
	  ->  Bitmap Index Scan on k_6  (cost=0.00..5.39 rows=96 width=0)
	        Index Cond: ((k >= 1164621) AND (k <= 1164721))

table 7 : explain SELECT k, c FROM sbtest7 WHERE k BETWEEN 1164621 AND 1164721
	Bitmap Heap Scan on sbtest7  (cost=5.50..416.94 rows=104 width=125)
	  Recheck Cond: ((k >= 1164621) AND (k <= 1164721))
	  ->  Bitmap Index Scan on k_7  (cost=0.00..5.47 rows=104 width=0)
	        Index Cond: ((k >= 1164621) AND (k <= 1164721))

table 8 : explain SELECT k, c FROM sbtest8 WHERE k BETWEEN 1164621 AND 1164721
	Bitmap Heap Scan on sbtest8  (cost=5.43..389.37 rows=97 width=125)
	  Recheck Cond: ((k >= 1164621) AND (k <= 1164721))
	  ->  Bitmap Index Scan on k_8  (cost=0.00..5.40 rows=97 width=0)
	        Index Cond: ((k >= 1164621) AND (k <= 1164721))

explain: for range-notcovered :: explain SELECT k, c FROM sbtest%d WHERE k BETWEEN 1164621 AND 1164721
for range-notcovered
table 1 : explain SELECT k, c FROM sbtest1 WHERE k BETWEEN 5260980 AND 5261080
	Bitmap Heap Scan on sbtest1  (cost=5.54..432.69 rows=108 width=125)
	  Recheck Cond: ((k >= 5260980) AND (k <= 5261080))
	  ->  Bitmap Index Scan on k_1  (cost=0.00..5.51 rows=108 width=0)
	        Index Cond: ((k >= 5260980) AND (k <= 5261080))

table 2 : explain SELECT k, c FROM sbtest2 WHERE k BETWEEN 5260980 AND 5261080
	Bitmap Heap Scan on sbtest2  (cost=5.45..397.25 rows=99 width=125)
	  Recheck Cond: ((k >= 5260980) AND (k <= 5261080))
	  ->  Bitmap Index Scan on k_2  (cost=0.00..5.42 rows=99 width=0)
	        Index Cond: ((k >= 5260980) AND (k <= 5261080))

table 3 : explain SELECT k, c FROM sbtest3 WHERE k BETWEEN 5260980 AND 5261080
	Bitmap Heap Scan on sbtest3  (cost=5.37..365.72 rows=91 width=125)
	  Recheck Cond: ((k >= 5260980) AND (k <= 5261080))
	  ->  Bitmap Index Scan on k_3  (cost=0.00..5.34 rows=91 width=0)
	        Index Cond: ((k >= 5260980) AND (k <= 5261080))

table 4 : explain SELECT k, c FROM sbtest4 WHERE k BETWEEN 5260980 AND 5261080
	Bitmap Heap Scan on sbtest4  (cost=5.47..405.13 rows=101 width=125)
	  Recheck Cond: ((k >= 5260980) AND (k <= 5261080))
	  ->  Bitmap Index Scan on k_4  (cost=0.00..5.44 rows=101 width=0)
	        Index Cond: ((k >= 5260980) AND (k <= 5261080))

table 5 : explain SELECT k, c FROM sbtest5 WHERE k BETWEEN 5260980 AND 5261080
	Bitmap Heap Scan on sbtest5  (cost=5.39..373.61 rows=93 width=125)
	  Recheck Cond: ((k >= 5260980) AND (k <= 5261080))
	  ->  Bitmap Index Scan on k_5  (cost=0.00..5.36 rows=93 width=0)
	        Index Cond: ((k >= 5260980) AND (k <= 5261080))

table 6 : explain SELECT k, c FROM sbtest6 WHERE k BETWEEN 5260980 AND 5261080
	Bitmap Heap Scan on sbtest6  (cost=5.48..409.07 rows=102 width=125)
	  Recheck Cond: ((k >= 5260980) AND (k <= 5261080))
	  ->  Bitmap Index Scan on k_6  (cost=0.00..5.45 rows=102 width=0)
	        Index Cond: ((k >= 5260980) AND (k <= 5261080))

table 7 : explain SELECT k, c FROM sbtest7 WHERE k BETWEEN 5260980 AND 5261080
	Bitmap Heap Scan on sbtest7  (cost=5.46..401.19 rows=100 width=125)
	  Recheck Cond: ((k >= 5260980) AND (k <= 5261080))
	  ->  Bitmap Index Scan on k_7  (cost=0.00..5.43 rows=100 width=0)
	        Index Cond: ((k >= 5260980) AND (k <= 5261080))

table 8 : explain SELECT k, c FROM sbtest8 WHERE k BETWEEN 5260980 AND 5261080
	Bitmap Heap Scan on sbtest8  (cost=5.60..456.29 rows=114 width=125)
	  Recheck Cond: ((k >= 5260980) AND (k <= 5261080))
	  ->  Bitmap Index Scan on k_8  (cost=0.00..5.58 rows=114 width=0)
	        Index Cond: ((k >= 5260980) AND (k <= 5261080))

explain: for range-notcovered :: explain SELECT k, c FROM sbtest%d WHERE k BETWEEN 5260980 AND 5261080
for range-notcovered
table 1 : explain SELECT k, c FROM sbtest1 WHERE k BETWEEN 4097006 AND 4097106
	Bitmap Heap Scan on sbtest1  (cost=5.53..428.75 rows=107 width=125)
	  Recheck Cond: ((k >= 4097006) AND (k <= 4097106))
	  ->  Bitmap Index Scan on k_1  (cost=0.00..5.50 rows=107 width=0)
	        Index Cond: ((k >= 4097006) AND (k <= 4097106))

table 2 : explain SELECT k, c FROM sbtest2 WHERE k BETWEEN 4097006 AND 4097106
	Bitmap Heap Scan on sbtest2  (cost=5.49..413.00 rows=103 width=125)
	  Recheck Cond: ((k >= 4097006) AND (k <= 4097106))
	  ->  Bitmap Index Scan on k_2  (cost=0.00..5.46 rows=103 width=0)
	        Index Cond: ((k >= 4097006) AND (k <= 4097106))

table 3 : explain SELECT k, c FROM sbtest3 WHERE k BETWEEN 4097006 AND 4097106
	Bitmap Heap Scan on sbtest3  (cost=5.49..413.00 rows=103 width=125)
	  Recheck Cond: ((k >= 4097006) AND (k <= 4097106))
	  ->  Bitmap Index Scan on k_3  (cost=0.00..5.46 rows=103 width=0)
	        Index Cond: ((k >= 4097006) AND (k <= 4097106))

table 4 : explain SELECT k, c FROM sbtest4 WHERE k BETWEEN 4097006 AND 4097106
	Bitmap Heap Scan on sbtest4  (cost=5.49..413.00 rows=103 width=125)
	  Recheck Cond: ((k >= 4097006) AND (k <= 4097106))
	  ->  Bitmap Index Scan on k_4  (cost=0.00..5.46 rows=103 width=0)
	        Index Cond: ((k >= 4097006) AND (k <= 4097106))

table 5 : explain SELECT k, c FROM sbtest5 WHERE k BETWEEN 4097006 AND 4097106
	Bitmap Heap Scan on sbtest5  (cost=5.48..409.07 rows=102 width=125)
	  Recheck Cond: ((k >= 4097006) AND (k <= 4097106))
	  ->  Bitmap Index Scan on k_5  (cost=0.00..5.45 rows=102 width=0)
	        Index Cond: ((k >= 4097006) AND (k <= 4097106))

table 6 : explain SELECT k, c FROM sbtest6 WHERE k BETWEEN 4097006 AND 4097106
	Bitmap Heap Scan on sbtest6  (cost=5.50..416.94 rows=104 width=125)
	  Recheck Cond: ((k >= 4097006) AND (k <= 4097106))
	  ->  Bitmap Index Scan on k_6  (cost=0.00..5.47 rows=104 width=0)
	        Index Cond: ((k >= 4097006) AND (k <= 4097106))

table 7 : explain SELECT k, c FROM sbtest7 WHERE k BETWEEN 4097006 AND 4097106
	Bitmap Heap Scan on sbtest7  (cost=5.50..416.94 rows=104 width=125)
	  Recheck Cond: ((k >= 4097006) AND (k <= 4097106))
	  ->  Bitmap Index Scan on k_7  (cost=0.00..5.47 rows=104 width=0)
	        Index Cond: ((k >= 4097006) AND (k <= 4097106))

table 8 : explain SELECT k, c FROM sbtest8 WHERE k BETWEEN 4097006 AND 4097106
	Bitmap Heap Scan on sbtest8  (cost=5.45..397.25 rows=99 width=125)
	  Recheck Cond: ((k >= 4097006) AND (k <= 4097106))
	  ->  Bitmap Index Scan on k_8  (cost=0.00..5.42 rows=99 width=0)
	        Index Cond: ((k >= 4097006) AND (k <= 4097106))

for range-notcovered
table 1 : explain SELECT k, c FROM sbtest1 WHERE k BETWEEN 6412603 AND 6412703
	Bitmap Heap Scan on sbtest1  (cost=5.58..448.42 rows=112 width=125)
	  Recheck Cond: ((k >= 6412603) AND (k <= 6412703))
	  ->  Bitmap Index Scan on k_1  (cost=0.00..5.55 rows=112 width=0)
	        Index Cond: ((k >= 6412603) AND (k <= 6412703))

table 2 : explain SELECT k, c FROM sbtest2 WHERE k BETWEEN 6412603 AND 6412703
	Bitmap Heap Scan on sbtest2  (cost=5.45..397.25 rows=99 width=125)
	  Recheck Cond: ((k >= 6412603) AND (k <= 6412703))
	  ->  Bitmap Index Scan on k_2  (cost=0.00..5.42 rows=99 width=0)
	        Index Cond: ((k >= 6412603) AND (k <= 6412703))

table 3 : explain SELECT k, c FROM sbtest3 WHERE k BETWEEN 6412603 AND 6412703
	Bitmap Heap Scan on sbtest3  (cost=5.47..405.13 rows=101 width=125)
	  Recheck Cond: ((k >= 6412603) AND (k <= 6412703))
	  ->  Bitmap Index Scan on k_3  (cost=0.00..5.44 rows=101 width=0)
	        Index Cond: ((k >= 6412603) AND (k <= 6412703))

table 4 : explain SELECT k, c FROM sbtest4 WHERE k BETWEEN 6412603 AND 6412703
	Bitmap Heap Scan on sbtest4  (cost=5.51..420.88 rows=105 width=125)
	  Recheck Cond: ((k >= 6412603) AND (k <= 6412703))
	  ->  Bitmap Index Scan on k_4  (cost=0.00..5.48 rows=105 width=0)
	        Index Cond: ((k >= 6412603) AND (k <= 6412703))

table 5 : explain SELECT k, c FROM sbtest5 WHERE k BETWEEN 6412603 AND 6412703
	Bitmap Heap Scan on sbtest5  (cost=5.48..409.07 rows=102 width=125)
	  Recheck Cond: ((k >= 6412603) AND (k <= 6412703))
	  ->  Bitmap Index Scan on k_5  (cost=0.00..5.45 rows=102 width=0)
	        Index Cond: ((k >= 6412603) AND (k <= 6412703))

table 6 : explain SELECT k, c FROM sbtest6 WHERE k BETWEEN 6412603 AND 6412703
	Bitmap Heap Scan on sbtest6  (cost=5.43..389.37 rows=97 width=125)
	  Recheck Cond: ((k >= 6412603) AND (k <= 6412703))
	  ->  Bitmap Index Scan on k_6  (cost=0.00..5.40 rows=97 width=0)
	        Index Cond: ((k >= 6412603) AND (k <= 6412703))

table 7 : explain SELECT k, c FROM sbtest7 WHERE k BETWEEN 6412603 AND 6412703
	Bitmap Heap Scan on sbtest7  (cost=5.56..440.56 rows=110 width=125)
	  Recheck Cond: ((k >= 6412603) AND (k <= 6412703))
	  ->  Bitmap Index Scan on k_7  (cost=0.00..5.53 rows=110 width=0)
	        Index Cond: ((k >= 6412603) AND (k <= 6412703))

table 8 : explain SELECT k, c FROM sbtest8 WHERE k BETWEEN 6412603 AND 6412703
	Bitmap Heap Scan on sbtest8  (cost=5.46..401.19 rows=100 width=125)
	  Recheck Cond: ((k >= 6412603) AND (k <= 6412703))
	  ->  Bitmap Index Scan on k_8  (cost=0.00..5.43 rows=100 width=0)
	        Index Cond: ((k >= 6412603) AND (k <= 6412703))

explain: for range-notcovered :: explain SELECT k, c FROM sbtest%d WHERE k BETWEEN 6412603 AND 6412703
for range-notcovered
table 1 : explain SELECT k, c FROM sbtest1 WHERE k BETWEEN 5241579 AND 5241679
	Bitmap Heap Scan on sbtest1  (cost=5.54..432.69 rows=108 width=125)
	  Recheck Cond: ((k >= 5241579) AND (k <= 5241679))
	  ->  Bitmap Index Scan on k_1  (cost=0.00..5.51 rows=108 width=0)
	        Index Cond: ((k >= 5241579) AND (k <= 5241679))

table 2 : explain SELECT k, c FROM sbtest2 WHERE k BETWEEN 5241579 AND 5241679
	Bitmap Heap Scan on sbtest2  (cost=5.45..397.25 rows=99 width=125)
	  Recheck Cond: ((k >= 5241579) AND (k <= 5241679))
	  ->  Bitmap Index Scan on k_2  (cost=0.00..5.42 rows=99 width=0)
	        Index Cond: ((k >= 5241579) AND (k <= 5241679))

table 3 : explain SELECT k, c FROM sbtest3 WHERE k BETWEEN 5241579 AND 5241679
	Bitmap Heap Scan on sbtest3  (cost=5.37..365.72 rows=91 width=125)
	  Recheck Cond: ((k >= 5241579) AND (k <= 5241679))
	  ->  Bitmap Index Scan on k_3  (cost=0.00..5.34 rows=91 width=0)
	        Index Cond: ((k >= 5241579) AND (k <= 5241679))

table 4 : explain SELECT k, c FROM sbtest4 WHERE k BETWEEN 5241579 AND 5241679
	Bitmap Heap Scan on sbtest4  (cost=5.47..405.13 rows=101 width=125)
	  Recheck Cond: ((k >= 5241579) AND (k <= 5241679))
	  ->  Bitmap Index Scan on k_4  (cost=0.00..5.44 rows=101 width=0)
	        Index Cond: ((k >= 5241579) AND (k <= 5241679))

table 5 : explain SELECT k, c FROM sbtest5 WHERE k BETWEEN 5241579 AND 5241679
	Bitmap Heap Scan on sbtest5  (cost=5.39..373.61 rows=93 width=125)
	  Recheck Cond: ((k >= 5241579) AND (k <= 5241679))
	  ->  Bitmap Index Scan on k_5  (cost=0.00..5.36 rows=93 width=0)
	        Index Cond: ((k >= 5241579) AND (k <= 5241679))

table 6 : explain SELECT k, c FROM sbtest6 WHERE k BETWEEN 5241579 AND 5241679
	Bitmap Heap Scan on sbtest6  (cost=5.50..416.94 rows=104 width=125)
	  Recheck Cond: ((k >= 5241579) AND (k <= 5241679))
	  ->  Bitmap Index Scan on k_6  (cost=0.00..5.47 rows=104 width=0)
	        Index Cond: ((k >= 5241579) AND (k <= 5241679))

table 7 : explain SELECT k, c FROM sbtest7 WHERE k BETWEEN 5241579 AND 5241679
	Bitmap Heap Scan on sbtest7  (cost=5.46..401.19 rows=100 width=125)
	  Recheck Cond: ((k >= 5241579) AND (k <= 5241679))
	  ->  Bitmap Index Scan on k_7  (cost=0.00..5.43 rows=100 width=0)
	        Index Cond: ((k >= 5241579) AND (k <= 5241679))

table 8 : explain SELECT k, c FROM sbtest8 WHERE k BETWEEN 5241579 AND 5241679
	Bitmap Heap Scan on sbtest8  (cost=5.60..456.29 rows=114 width=125)
	  Recheck Cond: ((k >= 5241579) AND (k <= 5241679))
	  ->  Bitmap Index Scan on k_8  (cost=0.00..5.58 rows=114 width=0)
	        Index Cond: ((k >= 5241579) AND (k <= 5241679))

for range-notcovered
table 1 : explain SELECT k, c FROM sbtest1 WHERE k BETWEEN 4107347 AND 4107447
	Bitmap Heap Scan on sbtest1  (cost=5.53..428.75 rows=107 width=125)
	  Recheck Cond: ((k >= 4107347) AND (k <= 4107447))
	  ->  Bitmap Index Scan on k_1  (cost=0.00..5.50 rows=107 width=0)
	        Index Cond: ((k >= 4107347) AND (k <= 4107447))

table 2 : explain SELECT k, c FROM sbtest2 WHERE k BETWEEN 4107347 AND 4107447
	Bitmap Heap Scan on sbtest2  (cost=5.49..413.00 rows=103 width=125)
	  Recheck Cond: ((k >= 4107347) AND (k <= 4107447))
	  ->  Bitmap Index Scan on k_2  (cost=0.00..5.46 rows=103 width=0)
	        Index Cond: ((k >= 4107347) AND (k <= 4107447))

table 3 : explain SELECT k, c FROM sbtest3 WHERE k BETWEEN 4107347 AND 4107447
	Bitmap Heap Scan on sbtest3  (cost=5.49..413.00 rows=103 width=125)
	  Recheck Cond: ((k >= 4107347) AND (k <= 4107447))
	  ->  Bitmap Index Scan on k_3  (cost=0.00..5.46 rows=103 width=0)
	        Index Cond: ((k >= 4107347) AND (k <= 4107447))

table 4 : explain SELECT k, c FROM sbtest4 WHERE k BETWEEN 4107347 AND 4107447
	Bitmap Heap Scan on sbtest4  (cost=5.49..413.00 rows=103 width=125)
	  Recheck Cond: ((k >= 4107347) AND (k <= 4107447))
	  ->  Bitmap Index Scan on k_4  (cost=0.00..5.46 rows=103 width=0)
	        Index Cond: ((k >= 4107347) AND (k <= 4107447))

table 5 : explain SELECT k, c FROM sbtest5 WHERE k BETWEEN 4107347 AND 4107447
	Bitmap Heap Scan on sbtest5  (cost=5.48..409.07 rows=102 width=125)
	  Recheck Cond: ((k >= 4107347) AND (k <= 4107447))
	  ->  Bitmap Index Scan on k_5  (cost=0.00..5.45 rows=102 width=0)
	        Index Cond: ((k >= 4107347) AND (k <= 4107447))

table 6 : explain SELECT k, c FROM sbtest6 WHERE k BETWEEN 4107347 AND 4107447
	Bitmap Heap Scan on sbtest6  (cost=5.50..416.94 rows=104 width=125)
	  Recheck Cond: ((k >= 4107347) AND (k <= 4107447))
	  ->  Bitmap Index Scan on k_6  (cost=0.00..5.47 rows=104 width=0)
	        Index Cond: ((k >= 4107347) AND (k <= 4107447))

table 7 : explain SELECT k, c FROM sbtest7 WHERE k BETWEEN 4107347 AND 4107447
	Bitmap Heap Scan on sbtest7  (cost=5.50..416.94 rows=104 width=125)
	  Recheck Cond: ((k >= 4107347) AND (k <= 4107447))
	  ->  Bitmap Index Scan on k_7  (cost=0.00..5.47 rows=104 width=0)
	        Index Cond: ((k >= 4107347) AND (k <= 4107447))

table 8 : explain SELECT k, c FROM sbtest8 WHERE k BETWEEN 4107347 AND 4107447
	Bitmap Heap Scan on sbtest8  (cost=5.45..397.25 rows=99 width=125)
	  Recheck Cond: ((k >= 4107347) AND (k <= 4107447))
	  ->  Bitmap Index Scan on k_8  (cost=0.00..5.42 rows=99 width=0)
	        Index Cond: ((k >= 4107347) AND (k <= 4107447))

explain: for range-notcovered :: explain SELECT k, c FROM sbtest%d WHERE k BETWEEN 2496028 AND 2496128
explain: for range-notcovered :: explain SELECT k, c FROM sbtest%d WHERE k BETWEEN 4107347 AND 4107447
explain: for range-notcovered :: explain SELECT k, c FROM sbtest%d WHERE k BETWEEN 5241579 AND 5241679
explain: for range-notcovered :: explain SELECT k, c FROM sbtest%d WHERE k BETWEEN 3927617 AND 3927717
for range-notcovered
table 1 : explain SELECT k, c FROM sbtest1 WHERE k BETWEEN 7786109 AND 7786209
	Bitmap Heap Scan on sbtest1  (cost=5.42..385.43 rows=96 width=125)
	  Recheck Cond: ((k >= 7786109) AND (k <= 7786209))
	  ->  Bitmap Index Scan on k_1  (cost=0.00..5.39 rows=96 width=0)
	        Index Cond: ((k >= 7786109) AND (k <= 7786209))

table 2 : explain SELECT k, c FROM sbtest2 WHERE k BETWEEN 7786109 AND 7786209
	Bitmap Heap Scan on sbtest2  (cost=5.49..413.00 rows=103 width=125)
	  Recheck Cond: ((k >= 7786109) AND (k <= 7786209))
	  ->  Bitmap Index Scan on k_2  (cost=0.00..5.46 rows=103 width=0)
	        Index Cond: ((k >= 7786109) AND (k <= 7786209))

table 3 : explain SELECT k, c FROM sbtest3 WHERE k BETWEEN 7786109 AND 7786209
	Bitmap Heap Scan on sbtest3  (cost=5.54..432.69 rows=108 width=125)
	  Recheck Cond: ((k >= 7786109) AND (k <= 7786209))
	  ->  Bitmap Index Scan on k_3  (cost=0.00..5.51 rows=108 width=0)
	        Index Cond: ((k >= 7786109) AND (k <= 7786209))

table 4 : explain SELECT k, c FROM sbtest4 WHERE k BETWEEN 7786109 AND 7786209
	Bitmap Heap Scan on sbtest4  (cost=5.50..416.94 rows=104 width=125)
	  Recheck Cond: ((k >= 7786109) AND (k <= 7786209))
	  ->  Bitmap Index Scan on k_4  (cost=0.00..5.47 rows=104 width=0)
	        Index Cond: ((k >= 7786109) AND (k <= 7786209))

table 5 : explain SELECT k, c FROM sbtest5 WHERE k BETWEEN 7786109 AND 7786209
	Bitmap Heap Scan on sbtest5  (cost=5.43..389.37 rows=97 width=125)
	  Recheck Cond: ((k >= 7786109) AND (k <= 7786209))
	  ->  Bitmap Index Scan on k_5  (cost=0.00..5.40 rows=97 width=0)
	        Index Cond: ((k >= 7786109) AND (k <= 7786209))

table 6 : explain SELECT k, c FROM sbtest6 WHERE k BETWEEN 7786109 AND 7786209
	Bitmap Heap Scan on sbtest6  (cost=5.53..428.75 rows=107 width=125)
	  Recheck Cond: ((k >= 7786109) AND (k <= 7786209))
	  ->  Bitmap Index Scan on k_6  (cost=0.00..5.50 rows=107 width=0)
	        Index Cond: ((k >= 7786109) AND (k <= 7786209))

table 7 : explain SELECT k, c FROM sbtest7 WHERE k BETWEEN 7786109 AND 7786209
	Bitmap Heap Scan on sbtest7  (cost=5.46..401.19 rows=100 width=125)
	  Recheck Cond: ((k >= 7786109) AND (k <= 7786209))
	  ->  Bitmap Index Scan on k_7  (cost=0.00..5.43 rows=100 width=0)
	        Index Cond: ((k >= 7786109) AND (k <= 7786209))

table 8 : explain SELECT k, c FROM sbtest8 WHERE k BETWEEN 7786109 AND 7786209
	Bitmap Heap Scan on sbtest8  (cost=5.44..393.31 rows=98 width=125)
	  Recheck Cond: ((k >= 7786109) AND (k <= 7786209))
	  ->  Bitmap Index Scan on k_8  (cost=0.00..5.42 rows=98 width=0)
	        Index Cond: ((k >= 7786109) AND (k <= 7786209))

explain: for range-notcovered :: explain SELECT k, c FROM sbtest%d WHERE k BETWEEN 7786109 AND 7786209
for range-notcovered
table 1 : explain SELECT k, c FROM sbtest1 WHERE k BETWEEN 5260980 AND 5261080
	Bitmap Heap Scan on sbtest1  (cost=5.54..432.69 rows=108 width=125)
	  Recheck Cond: ((k >= 5260980) AND (k <= 5261080))
	  ->  Bitmap Index Scan on k_1  (cost=0.00..5.51 rows=108 width=0)
	        Index Cond: ((k >= 5260980) AND (k <= 5261080))

table 2 : explain SELECT k, c FROM sbtest2 WHERE k BETWEEN 5260980 AND 5261080
	Bitmap Heap Scan on sbtest2  (cost=5.45..397.25 rows=99 width=125)
	  Recheck Cond: ((k >= 5260980) AND (k <= 5261080))
	  ->  Bitmap Index Scan on k_2  (cost=0.00..5.42 rows=99 width=0)
	        Index Cond: ((k >= 5260980) AND (k <= 5261080))

table 3 : explain SELECT k, c FROM sbtest3 WHERE k BETWEEN 5260980 AND 5261080
	Bitmap Heap Scan on sbtest3  (cost=5.37..365.72 rows=91 width=125)
	  Recheck Cond: ((k >= 5260980) AND (k <= 5261080))
	  ->  Bitmap Index Scan on k_3  (cost=0.00..5.34 rows=91 width=0)
	        Index Cond: ((k >= 5260980) AND (k <= 5261080))

table 4 : explain SELECT k, c FROM sbtest4 WHERE k BETWEEN 5260980 AND 5261080
	Bitmap Heap Scan on sbtest4  (cost=5.47..405.13 rows=101 width=125)
	  Recheck Cond: ((k >= 5260980) AND (k <= 5261080))
	  ->  Bitmap Index Scan on k_4  (cost=0.00..5.44 rows=101 width=0)
	        Index Cond: ((k >= 5260980) AND (k <= 5261080))

table 5 : explain SELECT k, c FROM sbtest5 WHERE k BETWEEN 5260980 AND 5261080
	Bitmap Heap Scan on sbtest5  (cost=5.39..373.61 rows=93 width=125)
	  Recheck Cond: ((k >= 5260980) AND (k <= 5261080))
	  ->  Bitmap Index Scan on k_5  (cost=0.00..5.36 rows=93 width=0)
	        Index Cond: ((k >= 5260980) AND (k <= 5261080))

table 6 : explain SELECT k, c FROM sbtest6 WHERE k BETWEEN 5260980 AND 5261080
	Bitmap Heap Scan on sbtest6  (cost=5.48..409.07 rows=102 width=125)
	  Recheck Cond: ((k >= 5260980) AND (k <= 5261080))
	  ->  Bitmap Index Scan on k_6  (cost=0.00..5.45 rows=102 width=0)
	        Index Cond: ((k >= 5260980) AND (k <= 5261080))

table 7 : explain SELECT k, c FROM sbtest7 WHERE k BETWEEN 5260980 AND 5261080
	Bitmap Heap Scan on sbtest7  (cost=5.46..401.19 rows=100 width=125)
	  Recheck Cond: ((k >= 5260980) AND (k <= 5261080))
	  ->  Bitmap Index Scan on k_7  (cost=0.00..5.43 rows=100 width=0)
	        Index Cond: ((k >= 5260980) AND (k <= 5261080))

table 8 : explain SELECT k, c FROM sbtest8 WHERE k BETWEEN 5260980 AND 5261080
	Bitmap Heap Scan on sbtest8  (cost=5.60..456.29 rows=114 width=125)
	  Recheck Cond: ((k >= 5260980) AND (k <= 5261080))
	  ->  Bitmap Index Scan on k_8  (cost=0.00..5.58 rows=114 width=0)
	        Index Cond: ((k >= 5260980) AND (k <= 5261080))

for range-notcovered
table 1 : explain SELECT k, c FROM sbtest1 WHERE k BETWEEN 6208696 AND 6208796
	Bitmap Heap Scan on sbtest1  (cost=5.39..373.61 rows=93 width=125)
	  Recheck Cond: ((k >= 6208696) AND (k <= 6208796))
	  ->  Bitmap Index Scan on k_1  (cost=0.00..5.36 rows=93 width=0)
	        Index Cond: ((k >= 6208696) AND (k <= 6208796))

table 2 : explain SELECT k, c FROM sbtest2 WHERE k BETWEEN 6208696 AND 6208796
	Bitmap Heap Scan on sbtest2  (cost=5.45..397.25 rows=99 width=125)
	  Recheck Cond: ((k >= 6208696) AND (k <= 6208796))
	  ->  Bitmap Index Scan on k_2  (cost=0.00..5.42 rows=99 width=0)
	        Index Cond: ((k >= 6208696) AND (k <= 6208796))

table 3 : explain SELECT k, c FROM sbtest3 WHERE k BETWEEN 6208696 AND 6208796
	Bitmap Heap Scan on sbtest3  (cost=5.53..428.75 rows=107 width=125)
	  Recheck Cond: ((k >= 6208696) AND (k <= 6208796))
	  ->  Bitmap Index Scan on k_3  (cost=0.00..5.50 rows=107 width=0)
	        Index Cond: ((k >= 6208696) AND (k <= 6208796))

table 4 : explain SELECT k, c FROM sbtest4 WHERE k BETWEEN 6208696 AND 6208796
	Bitmap Heap Scan on sbtest4  (cost=5.39..373.61 rows=93 width=125)
	  Recheck Cond: ((k >= 6208696) AND (k <= 6208796))
	  ->  Bitmap Index Scan on k_4  (cost=0.00..5.36 rows=93 width=0)
	        Index Cond: ((k >= 6208696) AND (k <= 6208796))

table 5 : explain SELECT k, c FROM sbtest5 WHERE k BETWEEN 6208696 AND 6208796
	Bitmap Heap Scan on sbtest5  (cost=5.56..440.56 rows=110 width=125)
	  Recheck Cond: ((k >= 6208696) AND (k <= 6208796))
	  ->  Bitmap Index Scan on k_5  (cost=0.00..5.53 rows=110 width=0)
	        Index Cond: ((k >= 6208696) AND (k <= 6208796))

table 6 : explain SELECT k, c FROM sbtest6 WHERE k BETWEEN 6208696 AND 6208796
	Bitmap Heap Scan on sbtest6  (cost=5.47..405.13 rows=101 width=125)
	  Recheck Cond: ((k >= 6208696) AND (k <= 6208796))
	  ->  Bitmap Index Scan on k_6  (cost=0.00..5.44 rows=101 width=0)
	        Index Cond: ((k >= 6208696) AND (k <= 6208796))

table 7 : explain SELECT k, c FROM sbtest7 WHERE k BETWEEN 6208696 AND 6208796
	Bitmap Heap Scan on sbtest7  (cost=5.43..389.37 rows=97 width=125)
	  Recheck Cond: ((k >= 6208696) AND (k <= 6208796))
	  ->  Bitmap Index Scan on k_7  (cost=0.00..5.40 rows=97 width=0)
	        Index Cond: ((k >= 6208696) AND (k <= 6208796))

table 8 : explain SELECT k, c FROM sbtest8 WHERE k BETWEEN 6208696 AND 6208796
	Bitmap Heap Scan on sbtest8  (cost=5.41..381.49 rows=95 width=125)
	  Recheck Cond: ((k >= 6208696) AND (k <= 6208796))
	  ->  Bitmap Index Scan on k_8  (cost=0.00..5.38 rows=95 width=0)
	        Index Cond: ((k >= 6208696) AND (k <= 6208796))

explain: for range-notcovered :: explain SELECT k, c FROM sbtest%d WHERE k BETWEEN 5260980 AND 5261080
explain: for range-notcovered :: explain SELECT k, c FROM sbtest%d WHERE k BETWEEN 4318978 AND 4319078
explain: for range-notcovered :: explain SELECT k, c FROM sbtest%d WHERE k BETWEEN 6208696 AND 6208796
explain: for range-notcovered :: explain SELECT k, c FROM sbtest%d WHERE k BETWEEN 6418666 AND 6418766
for range-notcovered
table 1 : explain SELECT k, c FROM sbtest1 WHERE k BETWEEN 4107347 AND 4107447
	Bitmap Heap Scan on sbtest1  (cost=5.53..428.75 rows=107 width=125)
	  Recheck Cond: ((k >= 4107347) AND (k <= 4107447))
	  ->  Bitmap Index Scan on k_1  (cost=0.00..5.50 rows=107 width=0)
	        Index Cond: ((k >= 4107347) AND (k <= 4107447))

table 2 : explain SELECT k, c FROM sbtest2 WHERE k BETWEEN 4107347 AND 4107447
	Bitmap Heap Scan on sbtest2  (cost=5.49..413.00 rows=103 width=125)
	  Recheck Cond: ((k >= 4107347) AND (k <= 4107447))
	  ->  Bitmap Index Scan on k_2  (cost=0.00..5.46 rows=103 width=0)
	        Index Cond: ((k >= 4107347) AND (k <= 4107447))

table 3 : explain SELECT k, c FROM sbtest3 WHERE k BETWEEN 4107347 AND 4107447
	Bitmap Heap Scan on sbtest3  (cost=5.49..413.00 rows=103 width=125)
	  Recheck Cond: ((k >= 4107347) AND (k <= 4107447))
	  ->  Bitmap Index Scan on k_3  (cost=0.00..5.46 rows=103 width=0)
	        Index Cond: ((k >= 4107347) AND (k <= 4107447))

table 4 : explain SELECT k, c FROM sbtest4 WHERE k BETWEEN 4107347 AND 4107447
	Bitmap Heap Scan on sbtest4  (cost=5.49..413.00 rows=103 width=125)
	  Recheck Cond: ((k >= 4107347) AND (k <= 4107447))
	  ->  Bitmap Index Scan on k_4  (cost=0.00..5.46 rows=103 width=0)
	        Index Cond: ((k >= 4107347) AND (k <= 4107447))

table 5 : explain SELECT k, c FROM sbtest5 WHERE k BETWEEN 4107347 AND 4107447
	Bitmap Heap Scan on sbtest5  (cost=5.48..409.07 rows=102 width=125)
	  Recheck Cond: ((k >= 4107347) AND (k <= 4107447))
	  ->  Bitmap Index Scan on k_5  (cost=0.00..5.45 rows=102 width=0)
	        Index Cond: ((k >= 4107347) AND (k <= 4107447))

table 6 : explain SELECT k, c FROM sbtest6 WHERE k BETWEEN 4107347 AND 4107447
	Bitmap Heap Scan on sbtest6  (cost=5.50..416.94 rows=104 width=125)
	  Recheck Cond: ((k >= 4107347) AND (k <= 4107447))
	  ->  Bitmap Index Scan on k_6  (cost=0.00..5.47 rows=104 width=0)
	        Index Cond: ((k >= 4107347) AND (k <= 4107447))

table 7 : explain SELECT k, c FROM sbtest7 WHERE k BETWEEN 4107347 AND 4107447
	Bitmap Heap Scan on sbtest7  (cost=5.50..416.94 rows=104 width=125)
	  Recheck Cond: ((k >= 4107347) AND (k <= 4107447))
	  ->  Bitmap Index Scan on k_7  (cost=0.00..5.47 rows=104 width=0)
	        Index Cond: ((k >= 4107347) AND (k <= 4107447))

table 8 : explain SELECT k, c FROM sbtest8 WHERE k BETWEEN 4107347 AND 4107447
	Bitmap Heap Scan on sbtest8  (cost=5.45..397.25 rows=99 width=125)
	  Recheck Cond: ((k >= 4107347) AND (k <= 4107447))
	  ->  Bitmap Index Scan on k_8  (cost=0.00..5.42 rows=99 width=0)
	        Index Cond: ((k >= 4107347) AND (k <= 4107447))

explain: for range-notcovered :: explain SELECT k, c FROM sbtest%d WHERE k BETWEEN 4107347 AND 4107447
for range-notcovered
table 1 : explain SELECT k, c FROM sbtest1 WHERE k BETWEEN 1164621 AND 1164721
	Bitmap Heap Scan on sbtest1  (cost=5.51..420.88 rows=105 width=125)
	  Recheck Cond: ((k >= 1164621) AND (k <= 1164721))
	  ->  Bitmap Index Scan on k_1  (cost=0.00..5.48 rows=105 width=0)
	        Index Cond: ((k >= 1164621) AND (k <= 1164721))

table 2 : explain SELECT k, c FROM sbtest2 WHERE k BETWEEN 1164621 AND 1164721
	Bitmap Heap Scan on sbtest2  (cost=5.49..413.00 rows=103 width=125)
	  Recheck Cond: ((k >= 1164621) AND (k <= 1164721))
	  ->  Bitmap Index Scan on k_2  (cost=0.00..5.46 rows=103 width=0)
	        Index Cond: ((k >= 1164621) AND (k <= 1164721))

table 3 : explain SELECT k, c FROM sbtest3 WHERE k BETWEEN 1164621 AND 1164721
	Bitmap Heap Scan on sbtest3  (cost=5.49..413.00 rows=103 width=125)
	  Recheck Cond: ((k >= 1164621) AND (k <= 1164721))
	  ->  Bitmap Index Scan on k_3  (cost=0.00..5.46 rows=103 width=0)
	        Index Cond: ((k >= 1164621) AND (k <= 1164721))

table 4 : explain SELECT k, c FROM sbtest4 WHERE k BETWEEN 1164621 AND 1164721
	Bitmap Heap Scan on sbtest4  (cost=5.46..401.19 rows=100 width=125)
	  Recheck Cond: ((k >= 1164621) AND (k <= 1164721))
	  ->  Bitmap Index Scan on k_4  (cost=0.00..5.43 rows=100 width=0)
	        Index Cond: ((k >= 1164621) AND (k <= 1164721))

table 5 : explain SELECT k, c FROM sbtest5 WHERE k BETWEEN 1164621 AND 1164721
	Bitmap Heap Scan on sbtest5  (cost=5.46..401.19 rows=100 width=125)
	  Recheck Cond: ((k >= 1164621) AND (k <= 1164721))
	  ->  Bitmap Index Scan on k_5  (cost=0.00..5.43 rows=100 width=0)
	        Index Cond: ((k >= 1164621) AND (k <= 1164721))

table 6 : explain SELECT k, c FROM sbtest6 WHERE k BETWEEN 1164621 AND 1164721
	Bitmap Heap Scan on sbtest6  (cost=5.42..385.43 rows=96 width=125)
	  Recheck Cond: ((k >= 1164621) AND (k <= 1164721))
	  ->  Bitmap Index Scan on k_6  (cost=0.00..5.39 rows=96 width=0)
	        Index Cond: ((k >= 1164621) AND (k <= 1164721))

table 7 : explain SELECT k, c FROM sbtest7 WHERE k BETWEEN 1164621 AND 1164721
	Bitmap Heap Scan on sbtest7  (cost=5.50..416.94 rows=104 width=125)
	  Recheck Cond: ((k >= 1164621) AND (k <= 1164721))
	  ->  Bitmap Index Scan on k_7  (cost=0.00..5.47 rows=104 width=0)
	        Index Cond: ((k >= 1164621) AND (k <= 1164721))

table 8 : explain SELECT k, c FROM sbtest8 WHERE k BETWEEN 1164621 AND 1164721
	Bitmap Heap Scan on sbtest8  (cost=5.43..389.37 rows=97 width=125)
	  Recheck Cond: ((k >= 1164621) AND (k <= 1164721))
	  ->  Bitmap Index Scan on k_8  (cost=0.00..5.40 rows=97 width=0)
	        Index Cond: ((k >= 1164621) AND (k <= 1164721))

for range-notcovered
table 1 : explain SELECT k, c FROM sbtest1 WHERE k BETWEEN 5260980 AND 5261080
	Bitmap Heap Scan on sbtest1  (cost=5.54..432.69 rows=108 width=125)
	  Recheck Cond: ((k >= 5260980) AND (k <= 5261080))
	  ->  Bitmap Index Scan on k_1  (cost=0.00..5.51 rows=108 width=0)
	        Index Cond: ((k >= 5260980) AND (k <= 5261080))

table 2 : explain SELECT k, c FROM sbtest2 WHERE k BETWEEN 5260980 AND 5261080
	Bitmap Heap Scan on sbtest2  (cost=5.45..397.25 rows=99 width=125)
	  Recheck Cond: ((k >= 5260980) AND (k <= 5261080))
	  ->  Bitmap Index Scan on k_2  (cost=0.00..5.42 rows=99 width=0)
	        Index Cond: ((k >= 5260980) AND (k <= 5261080))

table 3 : explain SELECT k, c FROM sbtest3 WHERE k BETWEEN 5260980 AND 5261080
	Bitmap Heap Scan on sbtest3  (cost=5.37..365.72 rows=91 width=125)
	  Recheck Cond: ((k >= 5260980) AND (k <= 5261080))
	  ->  Bitmap Index Scan on k_3  (cost=0.00..5.34 rows=91 width=0)
	        Index Cond: ((k >= 5260980) AND (k <= 5261080))

table 4 : explain SELECT k, c FROM sbtest4 WHERE k BETWEEN 5260980 AND 5261080
	Bitmap Heap Scan on sbtest4  (cost=5.47..405.13 rows=101 width=125)
	  Recheck Cond: ((k >= 5260980) AND (k <= 5261080))
	  ->  Bitmap Index Scan on k_4  (cost=0.00..5.44 rows=101 width=0)
	        Index Cond: ((k >= 5260980) AND (k <= 5261080))

table 5 : explain SELECT k, c FROM sbtest5 WHERE k BETWEEN 5260980 AND 5261080
	Bitmap Heap Scan on sbtest5  (cost=5.39..373.61 rows=93 width=125)
	  Recheck Cond: ((k >= 5260980) AND (k <= 5261080))
	  ->  Bitmap Index Scan on k_5  (cost=0.00..5.36 rows=93 width=0)
	        Index Cond: ((k >= 5260980) AND (k <= 5261080))

table 6 : explain SELECT k, c FROM sbtest6 WHERE k BETWEEN 5260980 AND 5261080
	Bitmap Heap Scan on sbtest6  (cost=5.48..409.07 rows=102 width=125)
	  Recheck Cond: ((k >= 5260980) AND (k <= 5261080))
	  ->  Bitmap Index Scan on k_6  (cost=0.00..5.45 rows=102 width=0)
	        Index Cond: ((k >= 5260980) AND (k <= 5261080))

table 7 : explain SELECT k, c FROM sbtest7 WHERE k BETWEEN 5260980 AND 5261080
	Bitmap Heap Scan on sbtest7  (cost=5.46..401.19 rows=100 width=125)
	  Recheck Cond: ((k >= 5260980) AND (k <= 5261080))
	  ->  Bitmap Index Scan on k_7  (cost=0.00..5.43 rows=100 width=0)
	        Index Cond: ((k >= 5260980) AND (k <= 5261080))

table 8 : explain SELECT k, c FROM sbtest8 WHERE k BETWEEN 5260980 AND 5261080
	Bitmap Heap Scan on sbtest8  (cost=5.60..456.29 rows=114 width=125)
	  Recheck Cond: ((k >= 5260980) AND (k <= 5261080))
	  ->  Bitmap Index Scan on k_8  (cost=0.00..5.58 rows=114 width=0)
	        Index Cond: ((k >= 5260980) AND (k <= 5261080))

for range-notcovered
table 1 : explain SELECT k, c FROM sbtest1 WHERE k BETWEEN 6412603 AND 6412703
	Bitmap Heap Scan on sbtest1  (cost=5.58..448.42 rows=112 width=125)
	  Recheck Cond: ((k >= 6412603) AND (k <= 6412703))
	  ->  Bitmap Index Scan on k_1  (cost=0.00..5.55 rows=112 width=0)
	        Index Cond: ((k >= 6412603) AND (k <= 6412703))

table 2 : explain SELECT k, c FROM sbtest2 WHERE k BETWEEN 6412603 AND 6412703
	Bitmap Heap Scan on sbtest2  (cost=5.45..397.25 rows=99 width=125)
	  Recheck Cond: ((k >= 6412603) AND (k <= 6412703))
	  ->  Bitmap Index Scan on k_2  (cost=0.00..5.42 rows=99 width=0)
	        Index Cond: ((k >= 6412603) AND (k <= 6412703))

table 3 : explain SELECT k, c FROM sbtest3 WHERE k BETWEEN 6412603 AND 6412703
	Bitmap Heap Scan on sbtest3  (cost=5.47..405.13 rows=101 width=125)
	  Recheck Cond: ((k >= 6412603) AND (k <= 6412703))
	  ->  Bitmap Index Scan on k_3  (cost=0.00..5.44 rows=101 width=0)
	        Index Cond: ((k >= 6412603) AND (k <= 6412703))

table 4 : explain SELECT k, c FROM sbtest4 WHERE k BETWEEN 6412603 AND 6412703
	Bitmap Heap Scan on sbtest4  (cost=5.51..420.88 rows=105 width=125)
	  Recheck Cond: ((k >= 6412603) AND (k <= 6412703))
	  ->  Bitmap Index Scan on k_4  (cost=0.00..5.48 rows=105 width=0)
	        Index Cond: ((k >= 6412603) AND (k <= 6412703))

table 5 : explain SELECT k, c FROM sbtest5 WHERE k BETWEEN 6412603 AND 6412703
	Bitmap Heap Scan on sbtest5  (cost=5.48..409.07 rows=102 width=125)
	  Recheck Cond: ((k >= 6412603) AND (k <= 6412703))
	  ->  Bitmap Index Scan on k_5  (cost=0.00..5.45 rows=102 width=0)
	        Index Cond: ((k >= 6412603) AND (k <= 6412703))

table 6 : explain SELECT k, c FROM sbtest6 WHERE k BETWEEN 6412603 AND 6412703
	Bitmap Heap Scan on sbtest6  (cost=5.43..389.37 rows=97 width=125)
	  Recheck Cond: ((k >= 6412603) AND (k <= 6412703))
	  ->  Bitmap Index Scan on k_6  (cost=0.00..5.40 rows=97 width=0)
	        Index Cond: ((k >= 6412603) AND (k <= 6412703))

table 7 : explain SELECT k, c FROM sbtest7 WHERE k BETWEEN 6412603 AND 6412703
	Bitmap Heap Scan on sbtest7  (cost=5.56..440.56 rows=110 width=125)
	  Recheck Cond: ((k >= 6412603) AND (k <= 6412703))
	  ->  Bitmap Index Scan on k_7  (cost=0.00..5.53 rows=110 width=0)
	        Index Cond: ((k >= 6412603) AND (k <= 6412703))

table 8 : explain SELECT k, c FROM sbtest8 WHERE k BETWEEN 6412603 AND 6412703
	Bitmap Heap Scan on sbtest8  (cost=5.46..401.19 rows=100 width=125)
	  Recheck Cond: ((k >= 6412603) AND (k <= 6412703))
	  ->  Bitmap Index Scan on k_8  (cost=0.00..5.43 rows=100 width=0)
	        Index Cond: ((k >= 6412603) AND (k <= 6412703))

for range-notcovered
table 1 : explain SELECT k, c FROM sbtest1 WHERE k BETWEEN 7786109 AND 7786209
	Bitmap Heap Scan on sbtest1  (cost=5.42..385.43 rows=96 width=125)
	  Recheck Cond: ((k >= 7786109) AND (k <= 7786209))
	  ->  Bitmap Index Scan on k_1  (cost=0.00..5.39 rows=96 width=0)
	        Index Cond: ((k >= 7786109) AND (k <= 7786209))

table 2 : explain SELECT k, c FROM sbtest2 WHERE k BETWEEN 7786109 AND 7786209
	Bitmap Heap Scan on sbtest2  (cost=5.49..413.00 rows=103 width=125)
	  Recheck Cond: ((k >= 7786109) AND (k <= 7786209))
	  ->  Bitmap Index Scan on k_2  (cost=0.00..5.46 rows=103 width=0)
	        Index Cond: ((k >= 7786109) AND (k <= 7786209))

table 3 : explain SELECT k, c FROM sbtest3 WHERE k BETWEEN 7786109 AND 7786209
	Bitmap Heap Scan on sbtest3  (cost=5.54..432.69 rows=108 width=125)
	  Recheck Cond: ((k >= 7786109) AND (k <= 7786209))
	  ->  Bitmap Index Scan on k_3  (cost=0.00..5.51 rows=108 width=0)
	        Index Cond: ((k >= 7786109) AND (k <= 7786209))

table 4 : explain SELECT k, c FROM sbtest4 WHERE k BETWEEN 7786109 AND 7786209
	Bitmap Heap Scan on sbtest4  (cost=5.50..416.94 rows=104 width=125)
	  Recheck Cond: ((k >= 7786109) AND (k <= 7786209))
	  ->  Bitmap Index Scan on k_4  (cost=0.00..5.47 rows=104 width=0)
	        Index Cond: ((k >= 7786109) AND (k <= 7786209))

table 5 : explain SELECT k, c FROM sbtest5 WHERE k BETWEEN 7786109 AND 7786209
	Bitmap Heap Scan on sbtest5  (cost=5.43..389.37 rows=97 width=125)
	  Recheck Cond: ((k >= 7786109) AND (k <= 7786209))
	  ->  Bitmap Index Scan on k_5  (cost=0.00..5.40 rows=97 width=0)
	        Index Cond: ((k >= 7786109) AND (k <= 7786209))

table 6 : explain SELECT k, c FROM sbtest6 WHERE k BETWEEN 7786109 AND 7786209
	Bitmap Heap Scan on sbtest6  (cost=5.53..428.75 rows=107 width=125)
	  Recheck Cond: ((k >= 7786109) AND (k <= 7786209))
	  ->  Bitmap Index Scan on k_6  (cost=0.00..5.50 rows=107 width=0)
	        Index Cond: ((k >= 7786109) AND (k <= 7786209))

table 7 : explain SELECT k, c FROM sbtest7 WHERE k BETWEEN 7786109 AND 7786209
	Bitmap Heap Scan on sbtest7  (cost=5.46..401.19 rows=100 width=125)
	  Recheck Cond: ((k >= 7786109) AND (k <= 7786209))
	  ->  Bitmap Index Scan on k_7  (cost=0.00..5.43 rows=100 width=0)
	        Index Cond: ((k >= 7786109) AND (k <= 7786209))

table 8 : explain SELECT k, c FROM sbtest8 WHERE k BETWEEN 7786109 AND 7786209
	Bitmap Heap Scan on sbtest8  (cost=5.44..393.31 rows=98 width=125)
	  Recheck Cond: ((k >= 7786109) AND (k <= 7786209))
	  ->  Bitmap Index Scan on k_8  (cost=0.00..5.42 rows=98 width=0)
	        Index Cond: ((k >= 7786109) AND (k <= 7786209))

explain: for range-notcovered :: explain SELECT k, c FROM sbtest%d WHERE k BETWEEN 5260980 AND 5261080
explain: for range-notcovered :: explain SELECT k, c FROM sbtest%d WHERE k BETWEEN 7786109 AND 7786209
for range-notcovered
table 1 : explain SELECT k, c FROM sbtest1 WHERE k BETWEEN 5241579 AND 5241679
	Bitmap Heap Scan on sbtest1  (cost=5.54..432.69 rows=108 width=125)
	  Recheck Cond: ((k >= 5241579) AND (k <= 5241679))
	  ->  Bitmap Index Scan on k_1  (cost=0.00..5.51 rows=108 width=0)
	        Index Cond: ((k >= 5241579) AND (k <= 5241679))

table 2 : explain SELECT k, c FROM sbtest2 WHERE k BETWEEN 5241579 AND 5241679
	Bitmap Heap Scan on sbtest2  (cost=5.45..397.25 rows=99 width=125)
	  Recheck Cond: ((k >= 5241579) AND (k <= 5241679))
	  ->  Bitmap Index Scan on k_2  (cost=0.00..5.42 rows=99 width=0)
	        Index Cond: ((k >= 5241579) AND (k <= 5241679))

table 3 : explain SELECT k, c FROM sbtest3 WHERE k BETWEEN 5241579 AND 5241679
	Bitmap Heap Scan on sbtest3  (cost=5.37..365.72 rows=91 width=125)
	  Recheck Cond: ((k >= 5241579) AND (k <= 5241679))
	  ->  Bitmap Index Scan on k_3  (cost=0.00..5.34 rows=91 width=0)
	        Index Cond: ((k >= 5241579) AND (k <= 5241679))

table 4 : explain SELECT k, c FROM sbtest4 WHERE k BETWEEN 5241579 AND 5241679
	Bitmap Heap Scan on sbtest4  (cost=5.47..405.13 rows=101 width=125)
	  Recheck Cond: ((k >= 5241579) AND (k <= 5241679))
	  ->  Bitmap Index Scan on k_4  (cost=0.00..5.44 rows=101 width=0)
	        Index Cond: ((k >= 5241579) AND (k <= 5241679))

table 5 : explain SELECT k, c FROM sbtest5 WHERE k BETWEEN 5241579 AND 5241679
	Bitmap Heap Scan on sbtest5  (cost=5.39..373.61 rows=93 width=125)
	  Recheck Cond: ((k >= 5241579) AND (k <= 5241679))
	  ->  Bitmap Index Scan on k_5  (cost=0.00..5.36 rows=93 width=0)
	        Index Cond: ((k >= 5241579) AND (k <= 5241679))

table 6 : explain SELECT k, c FROM sbtest6 WHERE k BETWEEN 5241579 AND 5241679
	Bitmap Heap Scan on sbtest6  (cost=5.50..416.94 rows=104 width=125)
	  Recheck Cond: ((k >= 5241579) AND (k <= 5241679))
	  ->  Bitmap Index Scan on k_6  (cost=0.00..5.47 rows=104 width=0)
	        Index Cond: ((k >= 5241579) AND (k <= 5241679))

table 7 : explain SELECT k, c FROM sbtest7 WHERE k BETWEEN 5241579 AND 5241679
	Bitmap Heap Scan on sbtest7  (cost=5.46..401.19 rows=100 width=125)
	  Recheck Cond: ((k >= 5241579) AND (k <= 5241679))
	  ->  Bitmap Index Scan on k_7  (cost=0.00..5.43 rows=100 width=0)
	        Index Cond: ((k >= 5241579) AND (k <= 5241679))

table 8 : explain SELECT k, c FROM sbtest8 WHERE k BETWEEN 5241579 AND 5241679
	Bitmap Heap Scan on sbtest8  (cost=5.60..456.29 rows=114 width=125)
	  Recheck Cond: ((k >= 5241579) AND (k <= 5241679))
	  ->  Bitmap Index Scan on k_8  (cost=0.00..5.58 rows=114 width=0)
	        Index Cond: ((k >= 5241579) AND (k <= 5241679))

explain: for range-notcovered :: explain SELECT k, c FROM sbtest%d WHERE k BETWEEN 5241579 AND 5241679
for range-notcovered
table 1 : explain SELECT k, c FROM sbtest1 WHERE k BETWEEN 4107347 AND 4107447
	Bitmap Heap Scan on sbtest1  (cost=5.53..428.75 rows=107 width=125)
	  Recheck Cond: ((k >= 4107347) AND (k <= 4107447))
	  ->  Bitmap Index Scan on k_1  (cost=0.00..5.50 rows=107 width=0)
	        Index Cond: ((k >= 4107347) AND (k <= 4107447))

table 2 : explain SELECT k, c FROM sbtest2 WHERE k BETWEEN 4107347 AND 4107447
	Bitmap Heap Scan on sbtest2  (cost=5.49..413.00 rows=103 width=125)
	  Recheck Cond: ((k >= 4107347) AND (k <= 4107447))
	  ->  Bitmap Index Scan on k_2  (cost=0.00..5.46 rows=103 width=0)
	        Index Cond: ((k >= 4107347) AND (k <= 4107447))

table 3 : explain SELECT k, c FROM sbtest3 WHERE k BETWEEN 4107347 AND 4107447
	Bitmap Heap Scan on sbtest3  (cost=5.49..413.00 rows=103 width=125)
	  Recheck Cond: ((k >= 4107347) AND (k <= 4107447))
	  ->  Bitmap Index Scan on k_3  (cost=0.00..5.46 rows=103 width=0)
	        Index Cond: ((k >= 4107347) AND (k <= 4107447))

table 4 : explain SELECT k, c FROM sbtest4 WHERE k BETWEEN 4107347 AND 4107447
	Bitmap Heap Scan on sbtest4  (cost=5.49..413.00 rows=103 width=125)
	  Recheck Cond: ((k >= 4107347) AND (k <= 4107447))
	  ->  Bitmap Index Scan on k_4  (cost=0.00..5.46 rows=103 width=0)
	        Index Cond: ((k >= 4107347) AND (k <= 4107447))

table 5 : explain SELECT k, c FROM sbtest5 WHERE k BETWEEN 4107347 AND 4107447
	Bitmap Heap Scan on sbtest5  (cost=5.48..409.07 rows=102 width=125)
	  Recheck Cond: ((k >= 4107347) AND (k <= 4107447))
	  ->  Bitmap Index Scan on k_5  (cost=0.00..5.45 rows=102 width=0)
	        Index Cond: ((k >= 4107347) AND (k <= 4107447))

table 6 : explain SELECT k, c FROM sbtest6 WHERE k BETWEEN 4107347 AND 4107447
	Bitmap Heap Scan on sbtest6  (cost=5.50..416.94 rows=104 width=125)
	  Recheck Cond: ((k >= 4107347) AND (k <= 4107447))
	  ->  Bitmap Index Scan on k_6  (cost=0.00..5.47 rows=104 width=0)
	        Index Cond: ((k >= 4107347) AND (k <= 4107447))

table 7 : explain SELECT k, c FROM sbtest7 WHERE k BETWEEN 4107347 AND 4107447
	Bitmap Heap Scan on sbtest7  (cost=5.50..416.94 rows=104 width=125)
	  Recheck Cond: ((k >= 4107347) AND (k <= 4107447))
	  ->  Bitmap Index Scan on k_7  (cost=0.00..5.47 rows=104 width=0)
	        Index Cond: ((k >= 4107347) AND (k <= 4107447))

table 8 : explain SELECT k, c FROM sbtest8 WHERE k BETWEEN 4107347 AND 4107447
	Bitmap Heap Scan on sbtest8  (cost=5.45..397.25 rows=99 width=125)
	  Recheck Cond: ((k >= 4107347) AND (k <= 4107447))
	  ->  Bitmap Index Scan on k_8  (cost=0.00..5.42 rows=99 width=0)
	        Index Cond: ((k >= 4107347) AND (k <= 4107447))

explain: for range-notcovered :: explain SELECT k, c FROM sbtest%d WHERE k BETWEEN 4107347 AND 4107447
for range-notcovered
table 1 : explain SELECT k, c FROM sbtest1 WHERE k BETWEEN 6208696 AND 6208796
	Bitmap Heap Scan on sbtest1  (cost=5.39..373.61 rows=93 width=125)
	  Recheck Cond: ((k >= 6208696) AND (k <= 6208796))
	  ->  Bitmap Index Scan on k_1  (cost=0.00..5.36 rows=93 width=0)
	        Index Cond: ((k >= 6208696) AND (k <= 6208796))

table 2 : explain SELECT k, c FROM sbtest2 WHERE k BETWEEN 6208696 AND 6208796
	Bitmap Heap Scan on sbtest2  (cost=5.45..397.25 rows=99 width=125)
	  Recheck Cond: ((k >= 6208696) AND (k <= 6208796))
	  ->  Bitmap Index Scan on k_2  (cost=0.00..5.42 rows=99 width=0)
	        Index Cond: ((k >= 6208696) AND (k <= 6208796))

table 3 : explain SELECT k, c FROM sbtest3 WHERE k BETWEEN 6208696 AND 6208796
	Bitmap Heap Scan on sbtest3  (cost=5.53..428.75 rows=107 width=125)
	  Recheck Cond: ((k >= 6208696) AND (k <= 6208796))
	  ->  Bitmap Index Scan on k_3  (cost=0.00..5.50 rows=107 width=0)
	        Index Cond: ((k >= 6208696) AND (k <= 6208796))

table 4 : explain SELECT k, c FROM sbtest4 WHERE k BETWEEN 6208696 AND 6208796
	Bitmap Heap Scan on sbtest4  (cost=5.39..373.61 rows=93 width=125)
	  Recheck Cond: ((k >= 6208696) AND (k <= 6208796))
	  ->  Bitmap Index Scan on k_4  (cost=0.00..5.36 rows=93 width=0)
	        Index Cond: ((k >= 6208696) AND (k <= 6208796))

table 5 : explain SELECT k, c FROM sbtest5 WHERE k BETWEEN 6208696 AND 6208796
	Bitmap Heap Scan on sbtest5  (cost=5.56..440.56 rows=110 width=125)
	  Recheck Cond: ((k >= 6208696) AND (k <= 6208796))
	  ->  Bitmap Index Scan on k_5  (cost=0.00..5.53 rows=110 width=0)
	        Index Cond: ((k >= 6208696) AND (k <= 6208796))

table 6 : explain SELECT k, c FROM sbtest6 WHERE k BETWEEN 6208696 AND 6208796
	Bitmap Heap Scan on sbtest6  (cost=5.47..405.13 rows=101 width=125)
	  Recheck Cond: ((k >= 6208696) AND (k <= 6208796))
	  ->  Bitmap Index Scan on k_6  (cost=0.00..5.44 rows=101 width=0)
	        Index Cond: ((k >= 6208696) AND (k <= 6208796))

table 7 : explain SELECT k, c FROM sbtest7 WHERE k BETWEEN 6208696 AND 6208796
	Bitmap Heap Scan on sbtest7  (cost=5.43..389.37 rows=97 width=125)
	  Recheck Cond: ((k >= 6208696) AND (k <= 6208796))
	  ->  Bitmap Index Scan on k_7  (cost=0.00..5.40 rows=97 width=0)
	        Index Cond: ((k >= 6208696) AND (k <= 6208796))

table 8 : explain SELECT k, c FROM sbtest8 WHERE k BETWEEN 6208696 AND 6208796
	Bitmap Heap Scan on sbtest8  (cost=5.41..381.49 rows=95 width=125)
	  Recheck Cond: ((k >= 6208696) AND (k <= 6208796))
	  ->  Bitmap Index Scan on k_8  (cost=0.00..5.38 rows=95 width=0)
	        Index Cond: ((k >= 6208696) AND (k <= 6208796))

explain: for range-notcovered :: explain SELECT k, c FROM sbtest%d WHERE k BETWEEN 6208696 AND 6208796
explain: for range-notcovered :: explain SELECT k, c FROM sbtest%d WHERE k BETWEEN 8928641 AND 8928741
explain: for range-notcovered :: explain SELECT k, c FROM sbtest%d WHERE k BETWEEN 1302064 AND 1302164
for range-notcovered
table 1 : explain SELECT k, c FROM sbtest1 WHERE k BETWEEN 4107347 AND 4107447
	Bitmap Heap Scan on sbtest1  (cost=5.53..428.75 rows=107 width=125)
	  Recheck Cond: ((k >= 4107347) AND (k <= 4107447))
	  ->  Bitmap Index Scan on k_1  (cost=0.00..5.50 rows=107 width=0)
	        Index Cond: ((k >= 4107347) AND (k <= 4107447))

table 2 : explain SELECT k, c FROM sbtest2 WHERE k BETWEEN 4107347 AND 4107447
	Bitmap Heap Scan on sbtest2  (cost=5.49..413.00 rows=103 width=125)
	  Recheck Cond: ((k >= 4107347) AND (k <= 4107447))
	  ->  Bitmap Index Scan on k_2  (cost=0.00..5.46 rows=103 width=0)
	        Index Cond: ((k >= 4107347) AND (k <= 4107447))

table 3 : explain SELECT k, c FROM sbtest3 WHERE k BETWEEN 4107347 AND 4107447
	Bitmap Heap Scan on sbtest3  (cost=5.49..413.00 rows=103 width=125)
	  Recheck Cond: ((k >= 4107347) AND (k <= 4107447))
	  ->  Bitmap Index Scan on k_3  (cost=0.00..5.46 rows=103 width=0)
	        Index Cond: ((k >= 4107347) AND (k <= 4107447))

table 4 : explain SELECT k, c FROM sbtest4 WHERE k BETWEEN 4107347 AND 4107447
	Bitmap Heap Scan on sbtest4  (cost=5.49..413.00 rows=103 width=125)
	  Recheck Cond: ((k >= 4107347) AND (k <= 4107447))
	  ->  Bitmap Index Scan on k_4  (cost=0.00..5.46 rows=103 width=0)
	        Index Cond: ((k >= 4107347) AND (k <= 4107447))

table 5 : explain SELECT k, c FROM sbtest5 WHERE k BETWEEN 4107347 AND 4107447
	Bitmap Heap Scan on sbtest5  (cost=5.48..409.07 rows=102 width=125)
	  Recheck Cond: ((k >= 4107347) AND (k <= 4107447))
	  ->  Bitmap Index Scan on k_5  (cost=0.00..5.45 rows=102 width=0)
	        Index Cond: ((k >= 4107347) AND (k <= 4107447))

table 6 : explain SELECT k, c FROM sbtest6 WHERE k BETWEEN 4107347 AND 4107447
	Bitmap Heap Scan on sbtest6  (cost=5.50..416.94 rows=104 width=125)
	  Recheck Cond: ((k >= 4107347) AND (k <= 4107447))
	  ->  Bitmap Index Scan on k_6  (cost=0.00..5.47 rows=104 width=0)
	        Index Cond: ((k >= 4107347) AND (k <= 4107447))

table 7 : explain SELECT k, c FROM sbtest7 WHERE k BETWEEN 4107347 AND 4107447
	Bitmap Heap Scan on sbtest7  (cost=5.50..416.94 rows=104 width=125)
	  Recheck Cond: ((k >= 4107347) AND (k <= 4107447))
	  ->  Bitmap Index Scan on k_7  (cost=0.00..5.47 rows=104 width=0)
	        Index Cond: ((k >= 4107347) AND (k <= 4107447))

table 8 : explain SELECT k, c FROM sbtest8 WHERE k BETWEEN 4107347 AND 4107447
	Bitmap Heap Scan on sbtest8  (cost=5.45..397.25 rows=99 width=125)
	  Recheck Cond: ((k >= 4107347) AND (k <= 4107447))
	  ->  Bitmap Index Scan on k_8  (cost=0.00..5.42 rows=99 width=0)
	        Index Cond: ((k >= 4107347) AND (k <= 4107447))

explain: for range-notcovered :: explain SELECT k, c FROM sbtest%d WHERE k BETWEEN 4107347 AND 4107447
for range-notcovered
table 1 : explain SELECT k, c FROM sbtest1 WHERE k BETWEEN 5241579 AND 5241679
	Bitmap Heap Scan on sbtest1  (cost=5.54..432.69 rows=108 width=125)
	  Recheck Cond: ((k >= 5241579) AND (k <= 5241679))
	  ->  Bitmap Index Scan on k_1  (cost=0.00..5.51 rows=108 width=0)
	        Index Cond: ((k >= 5241579) AND (k <= 5241679))

table 2 : explain SELECT k, c FROM sbtest2 WHERE k BETWEEN 5241579 AND 5241679
	Bitmap Heap Scan on sbtest2  (cost=5.45..397.25 rows=99 width=125)
	  Recheck Cond: ((k >= 5241579) AND (k <= 5241679))
	  ->  Bitmap Index Scan on k_2  (cost=0.00..5.42 rows=99 width=0)
	        Index Cond: ((k >= 5241579) AND (k <= 5241679))

table 3 : explain SELECT k, c FROM sbtest3 WHERE k BETWEEN 5241579 AND 5241679
	Bitmap Heap Scan on sbtest3  (cost=5.37..365.72 rows=91 width=125)
	  Recheck Cond: ((k >= 5241579) AND (k <= 5241679))
	  ->  Bitmap Index Scan on k_3  (cost=0.00..5.34 rows=91 width=0)
	        Index Cond: ((k >= 5241579) AND (k <= 5241679))

table 4 : explain SELECT k, c FROM sbtest4 WHERE k BETWEEN 5241579 AND 5241679
	Bitmap Heap Scan on sbtest4  (cost=5.47..405.13 rows=101 width=125)
	  Recheck Cond: ((k >= 5241579) AND (k <= 5241679))
	  ->  Bitmap Index Scan on k_4  (cost=0.00..5.44 rows=101 width=0)
	        Index Cond: ((k >= 5241579) AND (k <= 5241679))

table 5 : explain SELECT k, c FROM sbtest5 WHERE k BETWEEN 5241579 AND 5241679
	Bitmap Heap Scan on sbtest5  (cost=5.39..373.61 rows=93 width=125)
	  Recheck Cond: ((k >= 5241579) AND (k <= 5241679))
	  ->  Bitmap Index Scan on k_5  (cost=0.00..5.36 rows=93 width=0)
	        Index Cond: ((k >= 5241579) AND (k <= 5241679))

table 6 : explain SELECT k, c FROM sbtest6 WHERE k BETWEEN 5241579 AND 5241679
	Bitmap Heap Scan on sbtest6  (cost=5.50..416.94 rows=104 width=125)
	  Recheck Cond: ((k >= 5241579) AND (k <= 5241679))
	  ->  Bitmap Index Scan on k_6  (cost=0.00..5.47 rows=104 width=0)
	        Index Cond: ((k >= 5241579) AND (k <= 5241679))

table 7 : explain SELECT k, c FROM sbtest7 WHERE k BETWEEN 5241579 AND 5241679
	Bitmap Heap Scan on sbtest7  (cost=5.46..401.19 rows=100 width=125)
	  Recheck Cond: ((k >= 5241579) AND (k <= 5241679))
	  ->  Bitmap Index Scan on k_7  (cost=0.00..5.43 rows=100 width=0)
	        Index Cond: ((k >= 5241579) AND (k <= 5241679))

table 8 : explain SELECT k, c FROM sbtest8 WHERE k BETWEEN 5241579 AND 5241679
	Bitmap Heap Scan on sbtest8  (cost=5.60..456.29 rows=114 width=125)
	  Recheck Cond: ((k >= 5241579) AND (k <= 5241679))
	  ->  Bitmap Index Scan on k_8  (cost=0.00..5.58 rows=114 width=0)
	        Index Cond: ((k >= 5241579) AND (k <= 5241679))

for range-notcovered
table 1 : explain SELECT k, c FROM sbtest1 WHERE k BETWEEN 7786109 AND 7786209
	Bitmap Heap Scan on sbtest1  (cost=5.42..385.43 rows=96 width=125)
	  Recheck Cond: ((k >= 7786109) AND (k <= 7786209))
	  ->  Bitmap Index Scan on k_1  (cost=0.00..5.39 rows=96 width=0)
	        Index Cond: ((k >= 7786109) AND (k <= 7786209))

table 2 : explain SELECT k, c FROM sbtest2 WHERE k BETWEEN 7786109 AND 7786209
	Bitmap Heap Scan on sbtest2  (cost=5.49..413.00 rows=103 width=125)
	  Recheck Cond: ((k >= 7786109) AND (k <= 7786209))
	  ->  Bitmap Index Scan on k_2  (cost=0.00..5.46 rows=103 width=0)
	        Index Cond: ((k >= 7786109) AND (k <= 7786209))

table 3 : explain SELECT k, c FROM sbtest3 WHERE k BETWEEN 7786109 AND 7786209
	Bitmap Heap Scan on sbtest3  (cost=5.54..432.69 rows=108 width=125)
	  Recheck Cond: ((k >= 7786109) AND (k <= 7786209))
	  ->  Bitmap Index Scan on k_3  (cost=0.00..5.51 rows=108 width=0)
	        Index Cond: ((k >= 7786109) AND (k <= 7786209))

table 4 : explain SELECT k, c FROM sbtest4 WHERE k BETWEEN 7786109 AND 7786209
	Bitmap Heap Scan on sbtest4  (cost=5.50..416.94 rows=104 width=125)
	  Recheck Cond: ((k >= 7786109) AND (k <= 7786209))
	  ->  Bitmap Index Scan on k_4  (cost=0.00..5.47 rows=104 width=0)
	        Index Cond: ((k >= 7786109) AND (k <= 7786209))

table 5 : explain SELECT k, c FROM sbtest5 WHERE k BETWEEN 7786109 AND 7786209
	Bitmap Heap Scan on sbtest5  (cost=5.43..389.37 rows=97 width=125)
	  Recheck Cond: ((k >= 7786109) AND (k <= 7786209))
	  ->  Bitmap Index Scan on k_5  (cost=0.00..5.40 rows=97 width=0)
	        Index Cond: ((k >= 7786109) AND (k <= 7786209))

table 6 : explain SELECT k, c FROM sbtest6 WHERE k BETWEEN 7786109 AND 7786209
	Bitmap Heap Scan on sbtest6  (cost=5.53..428.75 rows=107 width=125)
	  Recheck Cond: ((k >= 7786109) AND (k <= 7786209))
	  ->  Bitmap Index Scan on k_6  (cost=0.00..5.50 rows=107 width=0)
	        Index Cond: ((k >= 7786109) AND (k <= 7786209))

table 7 : explain SELECT k, c FROM sbtest7 WHERE k BETWEEN 7786109 AND 7786209
	Bitmap Heap Scan on sbtest7  (cost=5.46..401.19 rows=100 width=125)
	  Recheck Cond: ((k >= 7786109) AND (k <= 7786209))
	  ->  Bitmap Index Scan on k_7  (cost=0.00..5.43 rows=100 width=0)
	        Index Cond: ((k >= 7786109) AND (k <= 7786209))

table 8 : explain SELECT k, c FROM sbtest8 WHERE k BETWEEN 7786109 AND 7786209
	Bitmap Heap Scan on sbtest8  (cost=5.44..393.31 rows=98 width=125)
	  Recheck Cond: ((k >= 7786109) AND (k <= 7786209))
	  ->  Bitmap Index Scan on k_8  (cost=0.00..5.42 rows=98 width=0)
	        Index Cond: ((k >= 7786109) AND (k <= 7786209))

for range-notcovered
table 1 : explain SELECT k, c FROM sbtest1 WHERE k BETWEEN 5260980 AND 5261080
	Bitmap Heap Scan on sbtest1  (cost=5.54..432.69 rows=108 width=125)
	  Recheck Cond: ((k >= 5260980) AND (k <= 5261080))
	  ->  Bitmap Index Scan on k_1  (cost=0.00..5.51 rows=108 width=0)
	        Index Cond: ((k >= 5260980) AND (k <= 5261080))

table 2 : explain SELECT k, c FROM sbtest2 WHERE k BETWEEN 5260980 AND 5261080
	Bitmap Heap Scan on sbtest2  (cost=5.45..397.25 rows=99 width=125)
	  Recheck Cond: ((k >= 5260980) AND (k <= 5261080))
	  ->  Bitmap Index Scan on k_2  (cost=0.00..5.42 rows=99 width=0)
	        Index Cond: ((k >= 5260980) AND (k <= 5261080))

table 3 : explain SELECT k, c FROM sbtest3 WHERE k BETWEEN 5260980 AND 5261080
	Bitmap Heap Scan on sbtest3  (cost=5.37..365.72 rows=91 width=125)
	  Recheck Cond: ((k >= 5260980) AND (k <= 5261080))
	  ->  Bitmap Index Scan on k_3  (cost=0.00..5.34 rows=91 width=0)
	        Index Cond: ((k >= 5260980) AND (k <= 5261080))

table 4 : explain SELECT k, c FROM sbtest4 WHERE k BETWEEN 5260980 AND 5261080
	Bitmap Heap Scan on sbtest4  (cost=5.47..405.13 rows=101 width=125)
	  Recheck Cond: ((k >= 5260980) AND (k <= 5261080))
	  ->  Bitmap Index Scan on k_4  (cost=0.00..5.44 rows=101 width=0)
	        Index Cond: ((k >= 5260980) AND (k <= 5261080))

table 5 : explain SELECT k, c FROM sbtest5 WHERE k BETWEEN 5260980 AND 5261080
	Bitmap Heap Scan on sbtest5  (cost=5.39..373.61 rows=93 width=125)
	  Recheck Cond: ((k >= 5260980) AND (k <= 5261080))
	  ->  Bitmap Index Scan on k_5  (cost=0.00..5.36 rows=93 width=0)
	        Index Cond: ((k >= 5260980) AND (k <= 5261080))

table 6 : explain SELECT k, c FROM sbtest6 WHERE k BETWEEN 5260980 AND 5261080
	Bitmap Heap Scan on sbtest6  (cost=5.48..409.07 rows=102 width=125)
	  Recheck Cond: ((k >= 5260980) AND (k <= 5261080))
	  ->  Bitmap Index Scan on k_6  (cost=0.00..5.45 rows=102 width=0)
	        Index Cond: ((k >= 5260980) AND (k <= 5261080))

table 7 : explain SELECT k, c FROM sbtest7 WHERE k BETWEEN 5260980 AND 5261080
	Bitmap Heap Scan on sbtest7  (cost=5.46..401.19 rows=100 width=125)
	  Recheck Cond: ((k >= 5260980) AND (k <= 5261080))
	  ->  Bitmap Index Scan on k_7  (cost=0.00..5.43 rows=100 width=0)
	        Index Cond: ((k >= 5260980) AND (k <= 5261080))

table 8 : explain SELECT k, c FROM sbtest8 WHERE k BETWEEN 5260980 AND 5261080
	Bitmap Heap Scan on sbtest8  (cost=5.60..456.29 rows=114 width=125)
	  Recheck Cond: ((k >= 5260980) AND (k <= 5261080))
	  ->  Bitmap Index Scan on k_8  (cost=0.00..5.58 rows=114 width=0)
	        Index Cond: ((k >= 5260980) AND (k <= 5261080))

explain: for range-notcovered :: explain SELECT k, c FROM sbtest%d WHERE k BETWEEN 5260980 AND 5261080
explain: for range-notcovered :: explain SELECT k, c FROM sbtest%d WHERE k BETWEEN 5241579 AND 5241679
for range-notcovered
table 1 : explain SELECT k, c FROM sbtest1 WHERE k BETWEEN 2496028 AND 2496128
	Bitmap Heap Scan on sbtest1  (cost=5.39..373.61 rows=93 width=125)
	  Recheck Cond: ((k >= 2496028) AND (k <= 2496128))
	  ->  Bitmap Index Scan on k_1  (cost=0.00..5.36 rows=93 width=0)
	        Index Cond: ((k >= 2496028) AND (k <= 2496128))

table 2 : explain SELECT k, c FROM sbtest2 WHERE k BETWEEN 2496028 AND 2496128
	Bitmap Heap Scan on sbtest2  (cost=5.57..444.49 rows=111 width=125)
	  Recheck Cond: ((k >= 2496028) AND (k <= 2496128))
	  ->  Bitmap Index Scan on k_2  (cost=0.00..5.54 rows=111 width=0)
	        Index Cond: ((k >= 2496028) AND (k <= 2496128))

table 3 : explain SELECT k, c FROM sbtest3 WHERE k BETWEEN 2496028 AND 2496128
	Bitmap Heap Scan on sbtest3  (cost=5.55..436.62 rows=109 width=125)
	  Recheck Cond: ((k >= 2496028) AND (k <= 2496128))
	  ->  Bitmap Index Scan on k_3  (cost=0.00..5.52 rows=109 width=0)
	        Index Cond: ((k >= 2496028) AND (k <= 2496128))

table 4 : explain SELECT k, c FROM sbtest4 WHERE k BETWEEN 2496028 AND 2496128
	Bitmap Heap Scan on sbtest4  (cost=5.42..385.43 rows=96 width=125)
	  Recheck Cond: ((k >= 2496028) AND (k <= 2496128))
	  ->  Bitmap Index Scan on k_4  (cost=0.00..5.39 rows=96 width=0)
	        Index Cond: ((k >= 2496028) AND (k <= 2496128))

table 5 : explain SELECT k, c FROM sbtest5 WHERE k BETWEEN 2496028 AND 2496128
	Bitmap Heap Scan on sbtest5  (cost=5.47..405.13 rows=101 width=125)
	  Recheck Cond: ((k >= 2496028) AND (k <= 2496128))
	  ->  Bitmap Index Scan on k_5  (cost=0.00..5.44 rows=101 width=0)
	        Index Cond: ((k >= 2496028) AND (k <= 2496128))

table 6 : explain SELECT k, c FROM sbtest6 WHERE k BETWEEN 2496028 AND 2496128
	Bitmap Heap Scan on sbtest6  (cost=5.57..444.49 rows=111 width=125)
	  Recheck Cond: ((k >= 2496028) AND (k <= 2496128))
	  ->  Bitmap Index Scan on k_6  (cost=0.00..5.54 rows=111 width=0)
	        Index Cond: ((k >= 2496028) AND (k <= 2496128))

table 7 : explain SELECT k, c FROM sbtest7 WHERE k BETWEEN 2496028 AND 2496128
	Bitmap Heap Scan on sbtest7  (cost=5.51..420.88 rows=105 width=125)
	  Recheck Cond: ((k >= 2496028) AND (k <= 2496128))
	  ->  Bitmap Index Scan on k_7  (cost=0.00..5.48 rows=105 width=0)
	        Index Cond: ((k >= 2496028) AND (k <= 2496128))

table 8 : explain SELECT k, c FROM sbtest8 WHERE k BETWEEN 2496028 AND 2496128
	Bitmap Heap Scan on sbtest8  (cost=5.53..428.75 rows=107 width=125)
	  Recheck Cond: ((k >= 2496028) AND (k <= 2496128))
	  ->  Bitmap Index Scan on k_8  (cost=0.00..5.50 rows=107 width=0)
	        Index Cond: ((k >= 2496028) AND (k <= 2496128))

for range-notcovered
table 1 : explain SELECT k, c FROM sbtest1 WHERE k BETWEEN 4107347 AND 4107447
	Bitmap Heap Scan on sbtest1  (cost=5.53..428.75 rows=107 width=125)
	  Recheck Cond: ((k >= 4107347) AND (k <= 4107447))
	  ->  Bitmap Index Scan on k_1  (cost=0.00..5.50 rows=107 width=0)
	        Index Cond: ((k >= 4107347) AND (k <= 4107447))

table 2 : explain SELECT k, c FROM sbtest2 WHERE k BETWEEN 4107347 AND 4107447
	Bitmap Heap Scan on sbtest2  (cost=5.49..413.00 rows=103 width=125)
	  Recheck Cond: ((k >= 4107347) AND (k <= 4107447))
	  ->  Bitmap Index Scan on k_2  (cost=0.00..5.46 rows=103 width=0)
	        Index Cond: ((k >= 4107347) AND (k <= 4107447))

table 3 : explain SELECT k, c FROM sbtest3 WHERE k BETWEEN 4107347 AND 4107447
	Bitmap Heap Scan on sbtest3  (cost=5.49..413.00 rows=103 width=125)
	  Recheck Cond: ((k >= 4107347) AND (k <= 4107447))
	  ->  Bitmap Index Scan on k_3  (cost=0.00..5.46 rows=103 width=0)
	        Index Cond: ((k >= 4107347) AND (k <= 4107447))

table 4 : explain SELECT k, c FROM sbtest4 WHERE k BETWEEN 4107347 AND 4107447
	Bitmap Heap Scan on sbtest4  (cost=5.49..413.00 rows=103 width=125)
	  Recheck Cond: ((k >= 4107347) AND (k <= 4107447))
	  ->  Bitmap Index Scan on k_4  (cost=0.00..5.46 rows=103 width=0)
	        Index Cond: ((k >= 4107347) AND (k <= 4107447))

table 5 : explain SELECT k, c FROM sbtest5 WHERE k BETWEEN 4107347 AND 4107447
	Bitmap Heap Scan on sbtest5  (cost=5.48..409.07 rows=102 width=125)
	  Recheck Cond: ((k >= 4107347) AND (k <= 4107447))
	  ->  Bitmap Index Scan on k_5  (cost=0.00..5.45 rows=102 width=0)
	        Index Cond: ((k >= 4107347) AND (k <= 4107447))

table 6 : explain SELECT k, c FROM sbtest6 WHERE k BETWEEN 4107347 AND 4107447
	Bitmap Heap Scan on sbtest6  (cost=5.50..416.94 rows=104 width=125)
	  Recheck Cond: ((k >= 4107347) AND (k <= 4107447))
	  ->  Bitmap Index Scan on k_6  (cost=0.00..5.47 rows=104 width=0)
	        Index Cond: ((k >= 4107347) AND (k <= 4107447))

table 7 : explain SELECT k, c FROM sbtest7 WHERE k BETWEEN 4107347 AND 4107447
	Bitmap Heap Scan on sbtest7  (cost=5.50..416.94 rows=104 width=125)
	  Recheck Cond: ((k >= 4107347) AND (k <= 4107447))
	  ->  Bitmap Index Scan on k_7  (cost=0.00..5.47 rows=104 width=0)
	        Index Cond: ((k >= 4107347) AND (k <= 4107447))

table 8 : explain SELECT k, c FROM sbtest8 WHERE k BETWEEN 4107347 AND 4107447
	Bitmap Heap Scan on sbtest8  (cost=5.45..397.25 rows=99 width=125)
	  Recheck Cond: ((k >= 4107347) AND (k <= 4107447))
	  ->  Bitmap Index Scan on k_8  (cost=0.00..5.42 rows=99 width=0)
	        Index Cond: ((k >= 4107347) AND (k <= 4107447))

explain: for range-notcovered :: explain SELECT k, c FROM sbtest%d WHERE k BETWEEN 2496028 AND 2496128
for range-notcovered
table 1 : explain SELECT k, c FROM sbtest1 WHERE k BETWEEN 6208696 AND 6208796
	Bitmap Heap Scan on sbtest1  (cost=5.39..373.61 rows=93 width=125)
	  Recheck Cond: ((k >= 6208696) AND (k <= 6208796))
	  ->  Bitmap Index Scan on k_1  (cost=0.00..5.36 rows=93 width=0)
	        Index Cond: ((k >= 6208696) AND (k <= 6208796))

table 2 : explain SELECT k, c FROM sbtest2 WHERE k BETWEEN 6208696 AND 6208796
	Bitmap Heap Scan on sbtest2  (cost=5.45..397.25 rows=99 width=125)
	  Recheck Cond: ((k >= 6208696) AND (k <= 6208796))
	  ->  Bitmap Index Scan on k_2  (cost=0.00..5.42 rows=99 width=0)
	        Index Cond: ((k >= 6208696) AND (k <= 6208796))

table 3 : explain SELECT k, c FROM sbtest3 WHERE k BETWEEN 6208696 AND 6208796
	Bitmap Heap Scan on sbtest3  (cost=5.53..428.75 rows=107 width=125)
	  Recheck Cond: ((k >= 6208696) AND (k <= 6208796))
	  ->  Bitmap Index Scan on k_3  (cost=0.00..5.50 rows=107 width=0)
	        Index Cond: ((k >= 6208696) AND (k <= 6208796))

table 4 : explain SELECT k, c FROM sbtest4 WHERE k BETWEEN 6208696 AND 6208796
	Bitmap Heap Scan on sbtest4  (cost=5.39..373.61 rows=93 width=125)
	  Recheck Cond: ((k >= 6208696) AND (k <= 6208796))
	  ->  Bitmap Index Scan on k_4  (cost=0.00..5.36 rows=93 width=0)
	        Index Cond: ((k >= 6208696) AND (k <= 6208796))

table 5 : explain SELECT k, c FROM sbtest5 WHERE k BETWEEN 6208696 AND 6208796
	Bitmap Heap Scan on sbtest5  (cost=5.56..440.56 rows=110 width=125)
	  Recheck Cond: ((k >= 6208696) AND (k <= 6208796))
	  ->  Bitmap Index Scan on k_5  (cost=0.00..5.53 rows=110 width=0)
	        Index Cond: ((k >= 6208696) AND (k <= 6208796))

table 6 : explain SELECT k, c FROM sbtest6 WHERE k BETWEEN 6208696 AND 6208796
	Bitmap Heap Scan on sbtest6  (cost=5.47..405.13 rows=101 width=125)
	  Recheck Cond: ((k >= 6208696) AND (k <= 6208796))
	  ->  Bitmap Index Scan on k_6  (cost=0.00..5.44 rows=101 width=0)
	        Index Cond: ((k >= 6208696) AND (k <= 6208796))

table 7 : explain SELECT k, c FROM sbtest7 WHERE k BETWEEN 6208696 AND 6208796
	Bitmap Heap Scan on sbtest7  (cost=5.43..389.37 rows=97 width=125)
	  Recheck Cond: ((k >= 6208696) AND (k <= 6208796))
	  ->  Bitmap Index Scan on k_7  (cost=0.00..5.40 rows=97 width=0)
	        Index Cond: ((k >= 6208696) AND (k <= 6208796))

table 8 : explain SELECT k, c FROM sbtest8 WHERE k BETWEEN 6208696 AND 6208796
	Bitmap Heap Scan on sbtest8  (cost=5.41..381.49 rows=95 width=125)
	  Recheck Cond: ((k >= 6208696) AND (k <= 6208796))
	  ->  Bitmap Index Scan on k_8  (cost=0.00..5.38 rows=95 width=0)
	        Index Cond: ((k >= 6208696) AND (k <= 6208796))

for range-notcovered
table 1 : explain SELECT k, c FROM sbtest1 WHERE k BETWEEN 3927617 AND 3927717
	Bitmap Heap Scan on sbtest1  (cost=5.41..381.49 rows=95 width=125)
	  Recheck Cond: ((k >= 3927617) AND (k <= 3927717))
	  ->  Bitmap Index Scan on k_1  (cost=0.00..5.38 rows=95 width=0)
	        Index Cond: ((k >= 3927617) AND (k <= 3927717))

table 2 : explain SELECT k, c FROM sbtest2 WHERE k BETWEEN 3927617 AND 3927717
	Bitmap Heap Scan on sbtest2  (cost=5.51..420.88 rows=105 width=125)
	  Recheck Cond: ((k >= 3927617) AND (k <= 3927717))
	  ->  Bitmap Index Scan on k_2  (cost=0.00..5.48 rows=105 width=0)
	        Index Cond: ((k >= 3927617) AND (k <= 3927717))

table 3 : explain SELECT k, c FROM sbtest3 WHERE k BETWEEN 3927617 AND 3927717
	Bitmap Heap Scan on sbtest3  (cost=5.42..385.43 rows=96 width=125)
	  Recheck Cond: ((k >= 3927617) AND (k <= 3927717))
	  ->  Bitmap Index Scan on k_3  (cost=0.00..5.39 rows=96 width=0)
	        Index Cond: ((k >= 3927617) AND (k <= 3927717))

table 4 : explain SELECT k, c FROM sbtest4 WHERE k BETWEEN 3927617 AND 3927717
	Bitmap Heap Scan on sbtest4  (cost=5.62..464.15 rows=116 width=125)
	  Recheck Cond: ((k >= 3927617) AND (k <= 3927717))
	  ->  Bitmap Index Scan on k_4  (cost=0.00..5.59 rows=116 width=0)
	        Index Cond: ((k >= 3927617) AND (k <= 3927717))

table 5 : explain SELECT k, c FROM sbtest5 WHERE k BETWEEN 3927617 AND 3927717
	Bitmap Heap Scan on sbtest5  (cost=5.49..413.00 rows=103 width=125)
	  Recheck Cond: ((k >= 3927617) AND (k <= 3927717))
	  ->  Bitmap Index Scan on k_5  (cost=0.00..5.46 rows=103 width=0)
	        Index Cond: ((k >= 3927617) AND (k <= 3927717))

table 6 : explain SELECT k, c FROM sbtest6 WHERE k BETWEEN 3927617 AND 3927717
	Bitmap Heap Scan on sbtest6  (cost=5.51..420.88 rows=105 width=125)
	  Recheck Cond: ((k >= 3927617) AND (k <= 3927717))
	  ->  Bitmap Index Scan on k_6  (cost=0.00..5.48 rows=105 width=0)
	        Index Cond: ((k >= 3927617) AND (k <= 3927717))

table 7 : explain SELECT k, c FROM sbtest7 WHERE k BETWEEN 3927617 AND 3927717
	Bitmap Heap Scan on sbtest7  (cost=5.52..424.81 rows=106 width=125)
	  Recheck Cond: ((k >= 3927617) AND (k <= 3927717))
	  ->  Bitmap Index Scan on k_7  (cost=0.00..5.50 rows=106 width=0)
	        Index Cond: ((k >= 3927617) AND (k <= 3927717))

table 8 : explain SELECT k, c FROM sbtest8 WHERE k BETWEEN 3927617 AND 3927717
	Bitmap Heap Scan on sbtest8  (cost=5.50..416.94 rows=104 width=125)
	  Recheck Cond: ((k >= 3927617) AND (k <= 3927717))
	  ->  Bitmap Index Scan on k_8  (cost=0.00..5.47 rows=104 width=0)
	        Index Cond: ((k >= 3927617) AND (k <= 3927717))

explain: for range-notcovered :: explain SELECT k, c FROM sbtest%d WHERE k BETWEEN 4107347 AND 4107447
explain: for range-notcovered :: explain SELECT k, c FROM sbtest%d WHERE k BETWEEN 6208696 AND 6208796
explain: for range-notcovered :: explain SELECT k, c FROM sbtest%d WHERE k BETWEEN 3927617 AND 3927717
explain: for range-notcovered :: explain SELECT k, c FROM sbtest%d WHERE k BETWEEN 7786109 AND 7786209
explain: for range-notcovered :: explain SELECT k, c FROM sbtest%d WHERE k BETWEEN 4126180 AND 4126280
for range-notcovered
table 1 : explain SELECT k, c FROM sbtest1 WHERE k BETWEEN 6418666 AND 6418766
	Bitmap Heap Scan on sbtest1  (cost=5.58..448.42 rows=112 width=125)
	  Recheck Cond: ((k >= 6418666) AND (k <= 6418766))
	  ->  Bitmap Index Scan on k_1  (cost=0.00..5.55 rows=112 width=0)
	        Index Cond: ((k >= 6418666) AND (k <= 6418766))

table 2 : explain SELECT k, c FROM sbtest2 WHERE k BETWEEN 6418666 AND 6418766
	Bitmap Heap Scan on sbtest2  (cost=5.45..397.25 rows=99 width=125)
	  Recheck Cond: ((k >= 6418666) AND (k <= 6418766))
	  ->  Bitmap Index Scan on k_2  (cost=0.00..5.42 rows=99 width=0)
	        Index Cond: ((k >= 6418666) AND (k <= 6418766))

table 3 : explain SELECT k, c FROM sbtest3 WHERE k BETWEEN 6418666 AND 6418766
	Bitmap Heap Scan on sbtest3  (cost=5.47..405.13 rows=101 width=125)
	  Recheck Cond: ((k >= 6418666) AND (k <= 6418766))
	  ->  Bitmap Index Scan on k_3  (cost=0.00..5.44 rows=101 width=0)
	        Index Cond: ((k >= 6418666) AND (k <= 6418766))

table 4 : explain SELECT k, c FROM sbtest4 WHERE k BETWEEN 6418666 AND 6418766
	Bitmap Heap Scan on sbtest4  (cost=5.51..420.88 rows=105 width=125)
	  Recheck Cond: ((k >= 6418666) AND (k <= 6418766))
	  ->  Bitmap Index Scan on k_4  (cost=0.00..5.48 rows=105 width=0)
	        Index Cond: ((k >= 6418666) AND (k <= 6418766))

table 5 : explain SELECT k, c FROM sbtest5 WHERE k BETWEEN 6418666 AND 6418766
	Bitmap Heap Scan on sbtest5  (cost=5.48..409.07 rows=102 width=125)
	  Recheck Cond: ((k >= 6418666) AND (k <= 6418766))
	  ->  Bitmap Index Scan on k_5  (cost=0.00..5.45 rows=102 width=0)
	        Index Cond: ((k >= 6418666) AND (k <= 6418766))

table 6 : explain SELECT k, c FROM sbtest6 WHERE k BETWEEN 6418666 AND 6418766
	Bitmap Heap Scan on sbtest6  (cost=5.43..389.37 rows=97 width=125)
	  Recheck Cond: ((k >= 6418666) AND (k <= 6418766))
	  ->  Bitmap Index Scan on k_6  (cost=0.00..5.40 rows=97 width=0)
	        Index Cond: ((k >= 6418666) AND (k <= 6418766))

table 7 : explain SELECT k, c FROM sbtest7 WHERE k BETWEEN 6418666 AND 6418766
	Bitmap Heap Scan on sbtest7  (cost=5.56..440.56 rows=110 width=125)
	  Recheck Cond: ((k >= 6418666) AND (k <= 6418766))
	  ->  Bitmap Index Scan on k_7  (cost=0.00..5.53 rows=110 width=0)
	        Index Cond: ((k >= 6418666) AND (k <= 6418766))

table 8 : explain SELECT k, c FROM sbtest8 WHERE k BETWEEN 6418666 AND 6418766
	Bitmap Heap Scan on sbtest8  (cost=5.56..440.56 rows=110 width=125)
	  Recheck Cond: ((k >= 6418666) AND (k <= 6418766))
	  ->  Bitmap Index Scan on k_8  (cost=0.00..5.53 rows=110 width=0)
	        Index Cond: ((k >= 6418666) AND (k <= 6418766))

explain: for range-notcovered :: explain SELECT k, c FROM sbtest%d WHERE k BETWEEN 6418666 AND 6418766
explain: for range-notcovered :: explain SELECT k, c FROM sbtest%d WHERE k BETWEEN 4863954 AND 4864054
for range-notcovered
table 1 : explain SELECT k, c FROM sbtest1 WHERE k BETWEEN 2496028 AND 2496128
	Bitmap Heap Scan on sbtest1  (cost=5.39..373.61 rows=93 width=125)
	  Recheck Cond: ((k >= 2496028) AND (k <= 2496128))
	  ->  Bitmap Index Scan on k_1  (cost=0.00..5.36 rows=93 width=0)
	        Index Cond: ((k >= 2496028) AND (k <= 2496128))

table 2 : explain SELECT k, c FROM sbtest2 WHERE k BETWEEN 2496028 AND 2496128
	Bitmap Heap Scan on sbtest2  (cost=5.57..444.49 rows=111 width=125)
	  Recheck Cond: ((k >= 2496028) AND (k <= 2496128))
	  ->  Bitmap Index Scan on k_2  (cost=0.00..5.54 rows=111 width=0)
	        Index Cond: ((k >= 2496028) AND (k <= 2496128))

table 3 : explain SELECT k, c FROM sbtest3 WHERE k BETWEEN 2496028 AND 2496128
	Bitmap Heap Scan on sbtest3  (cost=5.55..436.62 rows=109 width=125)
	  Recheck Cond: ((k >= 2496028) AND (k <= 2496128))
	  ->  Bitmap Index Scan on k_3  (cost=0.00..5.52 rows=109 width=0)
	        Index Cond: ((k >= 2496028) AND (k <= 2496128))

table 4 : explain SELECT k, c FROM sbtest4 WHERE k BETWEEN 2496028 AND 2496128
	Bitmap Heap Scan on sbtest4  (cost=5.42..385.43 rows=96 width=125)
	  Recheck Cond: ((k >= 2496028) AND (k <= 2496128))
	  ->  Bitmap Index Scan on k_4  (cost=0.00..5.39 rows=96 width=0)
	        Index Cond: ((k >= 2496028) AND (k <= 2496128))

table 5 : explain SELECT k, c FROM sbtest5 WHERE k BETWEEN 2496028 AND 2496128
	Bitmap Heap Scan on sbtest5  (cost=5.47..405.13 rows=101 width=125)
	  Recheck Cond: ((k >= 2496028) AND (k <= 2496128))
	  ->  Bitmap Index Scan on k_5  (cost=0.00..5.44 rows=101 width=0)
	        Index Cond: ((k >= 2496028) AND (k <= 2496128))

table 6 : explain SELECT k, c FROM sbtest6 WHERE k BETWEEN 2496028 AND 2496128
	Bitmap Heap Scan on sbtest6  (cost=5.57..444.49 rows=111 width=125)
	  Recheck Cond: ((k >= 2496028) AND (k <= 2496128))
	  ->  Bitmap Index Scan on k_6  (cost=0.00..5.54 rows=111 width=0)
	        Index Cond: ((k >= 2496028) AND (k <= 2496128))

table 7 : explain SELECT k, c FROM sbtest7 WHERE k BETWEEN 2496028 AND 2496128
	Bitmap Heap Scan on sbtest7  (cost=5.51..420.88 rows=105 width=125)
	  Recheck Cond: ((k >= 2496028) AND (k <= 2496128))
	  ->  Bitmap Index Scan on k_7  (cost=0.00..5.48 rows=105 width=0)
	        Index Cond: ((k >= 2496028) AND (k <= 2496128))

table 8 : explain SELECT k, c FROM sbtest8 WHERE k BETWEEN 2496028 AND 2496128
	Bitmap Heap Scan on sbtest8  (cost=5.53..428.75 rows=107 width=125)
	  Recheck Cond: ((k >= 2496028) AND (k <= 2496128))
	  ->  Bitmap Index Scan on k_8  (cost=0.00..5.50 rows=107 width=0)
	        Index Cond: ((k >= 2496028) AND (k <= 2496128))

explain: for range-notcovered :: explain SELECT k, c FROM sbtest%d WHERE k BETWEEN 2496028 AND 2496128
for range-notcovered
table 1 : explain SELECT k, c FROM sbtest1 WHERE k BETWEEN 5241579 AND 5241679
	Bitmap Heap Scan on sbtest1  (cost=5.54..432.69 rows=108 width=125)
	  Recheck Cond: ((k >= 5241579) AND (k <= 5241679))
	  ->  Bitmap Index Scan on k_1  (cost=0.00..5.51 rows=108 width=0)
	        Index Cond: ((k >= 5241579) AND (k <= 5241679))

table 2 : explain SELECT k, c FROM sbtest2 WHERE k BETWEEN 5241579 AND 5241679
	Bitmap Heap Scan on sbtest2  (cost=5.45..397.25 rows=99 width=125)
	  Recheck Cond: ((k >= 5241579) AND (k <= 5241679))
	  ->  Bitmap Index Scan on k_2  (cost=0.00..5.42 rows=99 width=0)
	        Index Cond: ((k >= 5241579) AND (k <= 5241679))

table 3 : explain SELECT k, c FROM sbtest3 WHERE k BETWEEN 5241579 AND 5241679
	Bitmap Heap Scan on sbtest3  (cost=5.37..365.72 rows=91 width=125)
	  Recheck Cond: ((k >= 5241579) AND (k <= 5241679))
	  ->  Bitmap Index Scan on k_3  (cost=0.00..5.34 rows=91 width=0)
	        Index Cond: ((k >= 5241579) AND (k <= 5241679))

table 4 : explain SELECT k, c FROM sbtest4 WHERE k BETWEEN 5241579 AND 5241679
	Bitmap Heap Scan on sbtest4  (cost=5.47..405.13 rows=101 width=125)
	  Recheck Cond: ((k >= 5241579) AND (k <= 5241679))
	  ->  Bitmap Index Scan on k_4  (cost=0.00..5.44 rows=101 width=0)
	        Index Cond: ((k >= 5241579) AND (k <= 5241679))

table 5 : explain SELECT k, c FROM sbtest5 WHERE k BETWEEN 5241579 AND 5241679
	Bitmap Heap Scan on sbtest5  (cost=5.39..373.61 rows=93 width=125)
	  Recheck Cond: ((k >= 5241579) AND (k <= 5241679))
	  ->  Bitmap Index Scan on k_5  (cost=0.00..5.36 rows=93 width=0)
	        Index Cond: ((k >= 5241579) AND (k <= 5241679))

table 6 : explain SELECT k, c FROM sbtest6 WHERE k BETWEEN 5241579 AND 5241679
	Bitmap Heap Scan on sbtest6  (cost=5.50..416.94 rows=104 width=125)
	  Recheck Cond: ((k >= 5241579) AND (k <= 5241679))
	  ->  Bitmap Index Scan on k_6  (cost=0.00..5.47 rows=104 width=0)
	        Index Cond: ((k >= 5241579) AND (k <= 5241679))

table 7 : explain SELECT k, c FROM sbtest7 WHERE k BETWEEN 5241579 AND 5241679
	Bitmap Heap Scan on sbtest7  (cost=5.46..401.19 rows=100 width=125)
	  Recheck Cond: ((k >= 5241579) AND (k <= 5241679))
	  ->  Bitmap Index Scan on k_7  (cost=0.00..5.43 rows=100 width=0)
	        Index Cond: ((k >= 5241579) AND (k <= 5241679))

table 8 : explain SELECT k, c FROM sbtest8 WHERE k BETWEEN 5241579 AND 5241679
	Bitmap Heap Scan on sbtest8  (cost=5.60..456.29 rows=114 width=125)
	  Recheck Cond: ((k >= 5241579) AND (k <= 5241679))
	  ->  Bitmap Index Scan on k_8  (cost=0.00..5.58 rows=114 width=0)
	        Index Cond: ((k >= 5241579) AND (k <= 5241679))

for range-notcovered
table 1 : explain SELECT k, c FROM sbtest1 WHERE k BETWEEN 4107347 AND 4107447
	Bitmap Heap Scan on sbtest1  (cost=5.53..428.75 rows=107 width=125)
	  Recheck Cond: ((k >= 4107347) AND (k <= 4107447))
	  ->  Bitmap Index Scan on k_1  (cost=0.00..5.50 rows=107 width=0)
	        Index Cond: ((k >= 4107347) AND (k <= 4107447))

table 2 : explain SELECT k, c FROM sbtest2 WHERE k BETWEEN 4107347 AND 4107447
	Bitmap Heap Scan on sbtest2  (cost=5.49..413.00 rows=103 width=125)
	  Recheck Cond: ((k >= 4107347) AND (k <= 4107447))
	  ->  Bitmap Index Scan on k_2  (cost=0.00..5.46 rows=103 width=0)
	        Index Cond: ((k >= 4107347) AND (k <= 4107447))

table 3 : explain SELECT k, c FROM sbtest3 WHERE k BETWEEN 4107347 AND 4107447
	Bitmap Heap Scan on sbtest3  (cost=5.49..413.00 rows=103 width=125)
	  Recheck Cond: ((k >= 4107347) AND (k <= 4107447))
	  ->  Bitmap Index Scan on k_3  (cost=0.00..5.46 rows=103 width=0)
	        Index Cond: ((k >= 4107347) AND (k <= 4107447))

table 4 : explain SELECT k, c FROM sbtest4 WHERE k BETWEEN 4107347 AND 4107447
	Bitmap Heap Scan on sbtest4  (cost=5.49..413.00 rows=103 width=125)
	  Recheck Cond: ((k >= 4107347) AND (k <= 4107447))
	  ->  Bitmap Index Scan on k_4  (cost=0.00..5.46 rows=103 width=0)
	        Index Cond: ((k >= 4107347) AND (k <= 4107447))

table 5 : explain SELECT k, c FROM sbtest5 WHERE k BETWEEN 4107347 AND 4107447
	Bitmap Heap Scan on sbtest5  (cost=5.48..409.07 rows=102 width=125)
	  Recheck Cond: ((k >= 4107347) AND (k <= 4107447))
	  ->  Bitmap Index Scan on k_5  (cost=0.00..5.45 rows=102 width=0)
	        Index Cond: ((k >= 4107347) AND (k <= 4107447))

table 6 : explain SELECT k, c FROM sbtest6 WHERE k BETWEEN 4107347 AND 4107447
	Bitmap Heap Scan on sbtest6  (cost=5.50..416.94 rows=104 width=125)
	  Recheck Cond: ((k >= 4107347) AND (k <= 4107447))
	  ->  Bitmap Index Scan on k_6  (cost=0.00..5.47 rows=104 width=0)
	        Index Cond: ((k >= 4107347) AND (k <= 4107447))

table 7 : explain SELECT k, c FROM sbtest7 WHERE k BETWEEN 4107347 AND 4107447
	Bitmap Heap Scan on sbtest7  (cost=5.50..416.94 rows=104 width=125)
	  Recheck Cond: ((k >= 4107347) AND (k <= 4107447))
	  ->  Bitmap Index Scan on k_7  (cost=0.00..5.47 rows=104 width=0)
	        Index Cond: ((k >= 4107347) AND (k <= 4107447))

table 8 : explain SELECT k, c FROM sbtest8 WHERE k BETWEEN 4107347 AND 4107447
	Bitmap Heap Scan on sbtest8  (cost=5.45..397.25 rows=99 width=125)
	  Recheck Cond: ((k >= 4107347) AND (k <= 4107447))
	  ->  Bitmap Index Scan on k_8  (cost=0.00..5.42 rows=99 width=0)
	        Index Cond: ((k >= 4107347) AND (k <= 4107447))

for range-notcovered
table 1 : explain SELECT k, c FROM sbtest1 WHERE k BETWEEN 3927617 AND 3927717
	Bitmap Heap Scan on sbtest1  (cost=5.41..381.49 rows=95 width=125)
	  Recheck Cond: ((k >= 3927617) AND (k <= 3927717))
	  ->  Bitmap Index Scan on k_1  (cost=0.00..5.38 rows=95 width=0)
	        Index Cond: ((k >= 3927617) AND (k <= 3927717))

table 2 : explain SELECT k, c FROM sbtest2 WHERE k BETWEEN 3927617 AND 3927717
	Bitmap Heap Scan on sbtest2  (cost=5.51..420.88 rows=105 width=125)
	  Recheck Cond: ((k >= 3927617) AND (k <= 3927717))
	  ->  Bitmap Index Scan on k_2  (cost=0.00..5.48 rows=105 width=0)
	        Index Cond: ((k >= 3927617) AND (k <= 3927717))

table 3 : explain SELECT k, c FROM sbtest3 WHERE k BETWEEN 3927617 AND 3927717
	Bitmap Heap Scan on sbtest3  (cost=5.42..385.43 rows=96 width=125)
	  Recheck Cond: ((k >= 3927617) AND (k <= 3927717))
	  ->  Bitmap Index Scan on k_3  (cost=0.00..5.39 rows=96 width=0)
	        Index Cond: ((k >= 3927617) AND (k <= 3927717))

table 4 : explain SELECT k, c FROM sbtest4 WHERE k BETWEEN 3927617 AND 3927717
	Bitmap Heap Scan on sbtest4  (cost=5.62..464.15 rows=116 width=125)
	  Recheck Cond: ((k >= 3927617) AND (k <= 3927717))
	  ->  Bitmap Index Scan on k_4  (cost=0.00..5.59 rows=116 width=0)
	        Index Cond: ((k >= 3927617) AND (k <= 3927717))

table 5 : explain SELECT k, c FROM sbtest5 WHERE k BETWEEN 3927617 AND 3927717
	Bitmap Heap Scan on sbtest5  (cost=5.49..413.00 rows=103 width=125)
	  Recheck Cond: ((k >= 3927617) AND (k <= 3927717))
	  ->  Bitmap Index Scan on k_5  (cost=0.00..5.46 rows=103 width=0)
	        Index Cond: ((k >= 3927617) AND (k <= 3927717))

table 6 : explain SELECT k, c FROM sbtest6 WHERE k BETWEEN 3927617 AND 3927717
	Bitmap Heap Scan on sbtest6  (cost=5.51..420.88 rows=105 width=125)
	  Recheck Cond: ((k >= 3927617) AND (k <= 3927717))
	  ->  Bitmap Index Scan on k_6  (cost=0.00..5.48 rows=105 width=0)
	        Index Cond: ((k >= 3927617) AND (k <= 3927717))

table 7 : explain SELECT k, c FROM sbtest7 WHERE k BETWEEN 3927617 AND 3927717
	Bitmap Heap Scan on sbtest7  (cost=5.52..424.81 rows=106 width=125)
	  Recheck Cond: ((k >= 3927617) AND (k <= 3927717))
	  ->  Bitmap Index Scan on k_7  (cost=0.00..5.50 rows=106 width=0)
	        Index Cond: ((k >= 3927617) AND (k <= 3927717))

table 8 : explain SELECT k, c FROM sbtest8 WHERE k BETWEEN 3927617 AND 3927717
	Bitmap Heap Scan on sbtest8  (cost=5.50..416.94 rows=104 width=125)
	  Recheck Cond: ((k >= 3927617) AND (k <= 3927717))
	  ->  Bitmap Index Scan on k_8  (cost=0.00..5.47 rows=104 width=0)
	        Index Cond: ((k >= 3927617) AND (k <= 3927717))

for range-notcovered
table 1 : explain SELECT k, c FROM sbtest1 WHERE k BETWEEN 7786109 AND 7786209
	Bitmap Heap Scan on sbtest1  (cost=5.42..385.43 rows=96 width=125)
	  Recheck Cond: ((k >= 7786109) AND (k <= 7786209))
	  ->  Bitmap Index Scan on k_1  (cost=0.00..5.39 rows=96 width=0)
	        Index Cond: ((k >= 7786109) AND (k <= 7786209))

table 2 : explain SELECT k, c FROM sbtest2 WHERE k BETWEEN 7786109 AND 7786209
	Bitmap Heap Scan on sbtest2  (cost=5.49..413.00 rows=103 width=125)
	  Recheck Cond: ((k >= 7786109) AND (k <= 7786209))
	  ->  Bitmap Index Scan on k_2  (cost=0.00..5.46 rows=103 width=0)
	        Index Cond: ((k >= 7786109) AND (k <= 7786209))

table 3 : explain SELECT k, c FROM sbtest3 WHERE k BETWEEN 7786109 AND 7786209
	Bitmap Heap Scan on sbtest3  (cost=5.54..432.69 rows=108 width=125)
	  Recheck Cond: ((k >= 7786109) AND (k <= 7786209))
	  ->  Bitmap Index Scan on k_3  (cost=0.00..5.51 rows=108 width=0)
	        Index Cond: ((k >= 7786109) AND (k <= 7786209))

table 4 : explain SELECT k, c FROM sbtest4 WHERE k BETWEEN 7786109 AND 7786209
	Bitmap Heap Scan on sbtest4  (cost=5.50..416.94 rows=104 width=125)
	  Recheck Cond: ((k >= 7786109) AND (k <= 7786209))
	  ->  Bitmap Index Scan on k_4  (cost=0.00..5.47 rows=104 width=0)
	        Index Cond: ((k >= 7786109) AND (k <= 7786209))

table 5 : explain SELECT k, c FROM sbtest5 WHERE k BETWEEN 7786109 AND 7786209
	Bitmap Heap Scan on sbtest5  (cost=5.43..389.37 rows=97 width=125)
	  Recheck Cond: ((k >= 7786109) AND (k <= 7786209))
	  ->  Bitmap Index Scan on k_5  (cost=0.00..5.40 rows=97 width=0)
	        Index Cond: ((k >= 7786109) AND (k <= 7786209))

table 6 : explain SELECT k, c FROM sbtest6 WHERE k BETWEEN 7786109 AND 7786209
	Bitmap Heap Scan on sbtest6  (cost=5.53..428.75 rows=107 width=125)
	  Recheck Cond: ((k >= 7786109) AND (k <= 7786209))
	  ->  Bitmap Index Scan on k_6  (cost=0.00..5.50 rows=107 width=0)
	        Index Cond: ((k >= 7786109) AND (k <= 7786209))

table 7 : explain SELECT k, c FROM sbtest7 WHERE k BETWEEN 7786109 AND 7786209
	Bitmap Heap Scan on sbtest7  (cost=5.46..401.19 rows=100 width=125)
	  Recheck Cond: ((k >= 7786109) AND (k <= 7786209))
	  ->  Bitmap Index Scan on k_7  (cost=0.00..5.43 rows=100 width=0)
	        Index Cond: ((k >= 7786109) AND (k <= 7786209))

table 8 : explain SELECT k, c FROM sbtest8 WHERE k BETWEEN 7786109 AND 7786209
	Bitmap Heap Scan on sbtest8  (cost=5.44..393.31 rows=98 width=125)
	  Recheck Cond: ((k >= 7786109) AND (k <= 7786209))
	  ->  Bitmap Index Scan on k_8  (cost=0.00..5.42 rows=98 width=0)
	        Index Cond: ((k >= 7786109) AND (k <= 7786209))

explain: for range-notcovered :: explain SELECT k, c FROM sbtest%d WHERE k BETWEEN 4107347 AND 4107447
explain: for range-notcovered :: explain SELECT k, c FROM sbtest%d WHERE k BETWEEN 3927617 AND 3927717
explain: for range-notcovered :: explain SELECT k, c FROM sbtest%d WHERE k BETWEEN 5241579 AND 5241679
for range-notcovered
table 1 : explain SELECT k, c FROM sbtest1 WHERE k BETWEEN 5260980 AND 5261080
	Bitmap Heap Scan on sbtest1  (cost=5.54..432.69 rows=108 width=125)
	  Recheck Cond: ((k >= 5260980) AND (k <= 5261080))
	  ->  Bitmap Index Scan on k_1  (cost=0.00..5.51 rows=108 width=0)
	        Index Cond: ((k >= 5260980) AND (k <= 5261080))

table 2 : explain SELECT k, c FROM sbtest2 WHERE k BETWEEN 5260980 AND 5261080
	Bitmap Heap Scan on sbtest2  (cost=5.45..397.25 rows=99 width=125)
	  Recheck Cond: ((k >= 5260980) AND (k <= 5261080))
	  ->  Bitmap Index Scan on k_2  (cost=0.00..5.42 rows=99 width=0)
	        Index Cond: ((k >= 5260980) AND (k <= 5261080))

table 3 : explain SELECT k, c FROM sbtest3 WHERE k BETWEEN 5260980 AND 5261080
	Bitmap Heap Scan on sbtest3  (cost=5.37..365.72 rows=91 width=125)
	  Recheck Cond: ((k >= 5260980) AND (k <= 5261080))
	  ->  Bitmap Index Scan on k_3  (cost=0.00..5.34 rows=91 width=0)
	        Index Cond: ((k >= 5260980) AND (k <= 5261080))

table 4 : explain SELECT k, c FROM sbtest4 WHERE k BETWEEN 5260980 AND 5261080
	Bitmap Heap Scan on sbtest4  (cost=5.47..405.13 rows=101 width=125)
	  Recheck Cond: ((k >= 5260980) AND (k <= 5261080))
	  ->  Bitmap Index Scan on k_4  (cost=0.00..5.44 rows=101 width=0)
	        Index Cond: ((k >= 5260980) AND (k <= 5261080))

table 5 : explain SELECT k, c FROM sbtest5 WHERE k BETWEEN 5260980 AND 5261080
	Bitmap Heap Scan on sbtest5  (cost=5.39..373.61 rows=93 width=125)
	  Recheck Cond: ((k >= 5260980) AND (k <= 5261080))
	  ->  Bitmap Index Scan on k_5  (cost=0.00..5.36 rows=93 width=0)
	        Index Cond: ((k >= 5260980) AND (k <= 5261080))

table 6 : explain SELECT k, c FROM sbtest6 WHERE k BETWEEN 5260980 AND 5261080
	Bitmap Heap Scan on sbtest6  (cost=5.48..409.07 rows=102 width=125)
	  Recheck Cond: ((k >= 5260980) AND (k <= 5261080))
	  ->  Bitmap Index Scan on k_6  (cost=0.00..5.45 rows=102 width=0)
	        Index Cond: ((k >= 5260980) AND (k <= 5261080))

table 7 : explain SELECT k, c FROM sbtest7 WHERE k BETWEEN 5260980 AND 5261080
	Bitmap Heap Scan on sbtest7  (cost=5.46..401.19 rows=100 width=125)
	  Recheck Cond: ((k >= 5260980) AND (k <= 5261080))
	  ->  Bitmap Index Scan on k_7  (cost=0.00..5.43 rows=100 width=0)
	        Index Cond: ((k >= 5260980) AND (k <= 5261080))

table 8 : explain SELECT k, c FROM sbtest8 WHERE k BETWEEN 5260980 AND 5261080
	Bitmap Heap Scan on sbtest8  (cost=5.60..456.29 rows=114 width=125)
	  Recheck Cond: ((k >= 5260980) AND (k <= 5261080))
	  ->  Bitmap Index Scan on k_8  (cost=0.00..5.58 rows=114 width=0)
	        Index Cond: ((k >= 5260980) AND (k <= 5261080))

explain: for range-notcovered :: explain SELECT k, c FROM sbtest%d WHERE k BETWEEN 7786109 AND 7786209
explain: for range-notcovered :: explain SELECT k, c FROM sbtest%d WHERE k BETWEEN 5260980 AND 5261080
for range-notcovered
table 1 : explain SELECT k, c FROM sbtest1 WHERE k BETWEEN 4318978 AND 4319078
	Bitmap Heap Scan on sbtest1  (cost=5.51..420.88 rows=105 width=125)
	  Recheck Cond: ((k >= 4318978) AND (k <= 4319078))
	  ->  Bitmap Index Scan on k_1  (cost=0.00..5.48 rows=105 width=0)
	        Index Cond: ((k >= 4318978) AND (k <= 4319078))

table 2 : explain SELECT k, c FROM sbtest2 WHERE k BETWEEN 4318978 AND 4319078
	Bitmap Heap Scan on sbtest2  (cost=5.54..432.69 rows=108 width=125)
	  Recheck Cond: ((k >= 4318978) AND (k <= 4319078))
	  ->  Bitmap Index Scan on k_2  (cost=0.00..5.51 rows=108 width=0)
	        Index Cond: ((k >= 4318978) AND (k <= 4319078))

table 3 : explain SELECT k, c FROM sbtest3 WHERE k BETWEEN 4318978 AND 4319078
	Bitmap Heap Scan on sbtest3  (cost=5.50..416.94 rows=104 width=125)
	  Recheck Cond: ((k >= 4318978) AND (k <= 4319078))
	  ->  Bitmap Index Scan on k_3  (cost=0.00..5.47 rows=104 width=0)
	        Index Cond: ((k >= 4318978) AND (k <= 4319078))

table 4 : explain SELECT k, c FROM sbtest4 WHERE k BETWEEN 4318978 AND 4319078
	Bitmap Heap Scan on sbtest4  (cost=5.41..381.49 rows=95 width=125)
	  Recheck Cond: ((k >= 4318978) AND (k <= 4319078))
	  ->  Bitmap Index Scan on k_4  (cost=0.00..5.38 rows=95 width=0)
	        Index Cond: ((k >= 4318978) AND (k <= 4319078))

table 5 : explain SELECT k, c FROM sbtest5 WHERE k BETWEEN 4318978 AND 4319078
	Bitmap Heap Scan on sbtest5  (cost=5.54..432.69 rows=108 width=125)
	  Recheck Cond: ((k >= 4318978) AND (k <= 4319078))
	  ->  Bitmap Index Scan on k_5  (cost=0.00..5.51 rows=108 width=0)
	        Index Cond: ((k >= 4318978) AND (k <= 4319078))

table 6 : explain SELECT k, c FROM sbtest6 WHERE k BETWEEN 4318978 AND 4319078
	Bitmap Heap Scan on sbtest6  (cost=5.60..456.29 rows=114 width=125)
	  Recheck Cond: ((k >= 4318978) AND (k <= 4319078))
	  ->  Bitmap Index Scan on k_6  (cost=0.00..5.58 rows=114 width=0)
	        Index Cond: ((k >= 4318978) AND (k <= 4319078))

table 7 : explain SELECT k, c FROM sbtest7 WHERE k BETWEEN 4318978 AND 4319078
	Bitmap Heap Scan on sbtest7  (cost=5.49..413.00 rows=103 width=125)
	  Recheck Cond: ((k >= 4318978) AND (k <= 4319078))
	  ->  Bitmap Index Scan on k_7  (cost=0.00..5.46 rows=103 width=0)
	        Index Cond: ((k >= 4318978) AND (k <= 4319078))

table 8 : explain SELECT k, c FROM sbtest8 WHERE k BETWEEN 4318978 AND 4319078
	Bitmap Heap Scan on sbtest8  (cost=5.48..409.07 rows=102 width=125)
	  Recheck Cond: ((k >= 4318978) AND (k <= 4319078))
	  ->  Bitmap Index Scan on k_8  (cost=0.00..5.45 rows=102 width=0)
	        Index Cond: ((k >= 4318978) AND (k <= 4319078))

explain: for range-notcovered :: explain SELECT k, c FROM sbtest%d WHERE k BETWEEN 4318978 AND 4319078
explain: for range-notcovered :: explain SELECT k, c FROM sbtest%d WHERE k BETWEEN 1742706 AND 1742806
for range-notcovered
table 1 : explain SELECT k, c FROM sbtest1 WHERE k BETWEEN 6418666 AND 6418766
	Bitmap Heap Scan on sbtest1  (cost=5.58..448.42 rows=112 width=125)
	  Recheck Cond: ((k >= 6418666) AND (k <= 6418766))
	  ->  Bitmap Index Scan on k_1  (cost=0.00..5.55 rows=112 width=0)
	        Index Cond: ((k >= 6418666) AND (k <= 6418766))

table 2 : explain SELECT k, c FROM sbtest2 WHERE k BETWEEN 6418666 AND 6418766
	Bitmap Heap Scan on sbtest2  (cost=5.45..397.25 rows=99 width=125)
	  Recheck Cond: ((k >= 6418666) AND (k <= 6418766))
	  ->  Bitmap Index Scan on k_2  (cost=0.00..5.42 rows=99 width=0)
	        Index Cond: ((k >= 6418666) AND (k <= 6418766))

table 3 : explain SELECT k, c FROM sbtest3 WHERE k BETWEEN 6418666 AND 6418766
	Bitmap Heap Scan on sbtest3  (cost=5.47..405.13 rows=101 width=125)
	  Recheck Cond: ((k >= 6418666) AND (k <= 6418766))
	  ->  Bitmap Index Scan on k_3  (cost=0.00..5.44 rows=101 width=0)
	        Index Cond: ((k >= 6418666) AND (k <= 6418766))

table 4 : explain SELECT k, c FROM sbtest4 WHERE k BETWEEN 6418666 AND 6418766
	Bitmap Heap Scan on sbtest4  (cost=5.51..420.88 rows=105 width=125)
	  Recheck Cond: ((k >= 6418666) AND (k <= 6418766))
	  ->  Bitmap Index Scan on k_4  (cost=0.00..5.48 rows=105 width=0)
	        Index Cond: ((k >= 6418666) AND (k <= 6418766))

table 5 : explain SELECT k, c FROM sbtest5 WHERE k BETWEEN 6418666 AND 6418766
	Bitmap Heap Scan on sbtest5  (cost=5.48..409.07 rows=102 width=125)
	  Recheck Cond: ((k >= 6418666) AND (k <= 6418766))
	  ->  Bitmap Index Scan on k_5  (cost=0.00..5.45 rows=102 width=0)
	        Index Cond: ((k >= 6418666) AND (k <= 6418766))

table 6 : explain SELECT k, c FROM sbtest6 WHERE k BETWEEN 6418666 AND 6418766
	Bitmap Heap Scan on sbtest6  (cost=5.43..389.37 rows=97 width=125)
	  Recheck Cond: ((k >= 6418666) AND (k <= 6418766))
	  ->  Bitmap Index Scan on k_6  (cost=0.00..5.40 rows=97 width=0)
	        Index Cond: ((k >= 6418666) AND (k <= 6418766))

table 7 : explain SELECT k, c FROM sbtest7 WHERE k BETWEEN 6418666 AND 6418766
	Bitmap Heap Scan on sbtest7  (cost=5.56..440.56 rows=110 width=125)
	  Recheck Cond: ((k >= 6418666) AND (k <= 6418766))
	  ->  Bitmap Index Scan on k_7  (cost=0.00..5.53 rows=110 width=0)
	        Index Cond: ((k >= 6418666) AND (k <= 6418766))

table 8 : explain SELECT k, c FROM sbtest8 WHERE k BETWEEN 6418666 AND 6418766
	Bitmap Heap Scan on sbtest8  (cost=5.56..440.56 rows=110 width=125)
	  Recheck Cond: ((k >= 6418666) AND (k <= 6418766))
	  ->  Bitmap Index Scan on k_8  (cost=0.00..5.53 rows=110 width=0)
	        Index Cond: ((k >= 6418666) AND (k <= 6418766))

explain: for range-notcovered :: explain SELECT k, c FROM sbtest%d WHERE k BETWEEN 6418666 AND 6418766
for range-notcovered
table 1 : explain SELECT k, c FROM sbtest1 WHERE k BETWEEN 6208696 AND 6208796
	Bitmap Heap Scan on sbtest1  (cost=5.39..373.61 rows=93 width=125)
	  Recheck Cond: ((k >= 6208696) AND (k <= 6208796))
	  ->  Bitmap Index Scan on k_1  (cost=0.00..5.36 rows=93 width=0)
	        Index Cond: ((k >= 6208696) AND (k <= 6208796))

table 2 : explain SELECT k, c FROM sbtest2 WHERE k BETWEEN 6208696 AND 6208796
	Bitmap Heap Scan on sbtest2  (cost=5.45..397.25 rows=99 width=125)
	  Recheck Cond: ((k >= 6208696) AND (k <= 6208796))
	  ->  Bitmap Index Scan on k_2  (cost=0.00..5.42 rows=99 width=0)
	        Index Cond: ((k >= 6208696) AND (k <= 6208796))

table 3 : explain SELECT k, c FROM sbtest3 WHERE k BETWEEN 6208696 AND 6208796
	Bitmap Heap Scan on sbtest3  (cost=5.53..428.75 rows=107 width=125)
	  Recheck Cond: ((k >= 6208696) AND (k <= 6208796))
	  ->  Bitmap Index Scan on k_3  (cost=0.00..5.50 rows=107 width=0)
	        Index Cond: ((k >= 6208696) AND (k <= 6208796))

table 4 : explain SELECT k, c FROM sbtest4 WHERE k BETWEEN 6208696 AND 6208796
	Bitmap Heap Scan on sbtest4  (cost=5.39..373.61 rows=93 width=125)
	  Recheck Cond: ((k >= 6208696) AND (k <= 6208796))
	  ->  Bitmap Index Scan on k_4  (cost=0.00..5.36 rows=93 width=0)
	        Index Cond: ((k >= 6208696) AND (k <= 6208796))

table 5 : explain SELECT k, c FROM sbtest5 WHERE k BETWEEN 6208696 AND 6208796
	Bitmap Heap Scan on sbtest5  (cost=5.56..440.56 rows=110 width=125)
	  Recheck Cond: ((k >= 6208696) AND (k <= 6208796))
	  ->  Bitmap Index Scan on k_5  (cost=0.00..5.53 rows=110 width=0)
	        Index Cond: ((k >= 6208696) AND (k <= 6208796))

table 6 : explain SELECT k, c FROM sbtest6 WHERE k BETWEEN 6208696 AND 6208796
	Bitmap Heap Scan on sbtest6  (cost=5.47..405.13 rows=101 width=125)
	  Recheck Cond: ((k >= 6208696) AND (k <= 6208796))
	  ->  Bitmap Index Scan on k_6  (cost=0.00..5.44 rows=101 width=0)
	        Index Cond: ((k >= 6208696) AND (k <= 6208796))

table 7 : explain SELECT k, c FROM sbtest7 WHERE k BETWEEN 6208696 AND 6208796
	Bitmap Heap Scan on sbtest7  (cost=5.43..389.37 rows=97 width=125)
	  Recheck Cond: ((k >= 6208696) AND (k <= 6208796))
	  ->  Bitmap Index Scan on k_7  (cost=0.00..5.40 rows=97 width=0)
	        Index Cond: ((k >= 6208696) AND (k <= 6208796))

table 8 : explain SELECT k, c FROM sbtest8 WHERE k BETWEEN 6208696 AND 6208796
	Bitmap Heap Scan on sbtest8  (cost=5.41..381.49 rows=95 width=125)
	  Recheck Cond: ((k >= 6208696) AND (k <= 6208796))
	  ->  Bitmap Index Scan on k_8  (cost=0.00..5.38 rows=95 width=0)
	        Index Cond: ((k >= 6208696) AND (k <= 6208796))

for range-notcovered
table 1 : explain SELECT k, c FROM sbtest1 WHERE k BETWEEN 2496028 AND 2496128
	Bitmap Heap Scan on sbtest1  (cost=5.39..373.61 rows=93 width=125)
	  Recheck Cond: ((k >= 2496028) AND (k <= 2496128))
	  ->  Bitmap Index Scan on k_1  (cost=0.00..5.36 rows=93 width=0)
	        Index Cond: ((k >= 2496028) AND (k <= 2496128))

table 2 : explain SELECT k, c FROM sbtest2 WHERE k BETWEEN 2496028 AND 2496128
	Bitmap Heap Scan on sbtest2  (cost=5.57..444.49 rows=111 width=125)
	  Recheck Cond: ((k >= 2496028) AND (k <= 2496128))
	  ->  Bitmap Index Scan on k_2  (cost=0.00..5.54 rows=111 width=0)
	        Index Cond: ((k >= 2496028) AND (k <= 2496128))

table 3 : explain SELECT k, c FROM sbtest3 WHERE k BETWEEN 2496028 AND 2496128
	Bitmap Heap Scan on sbtest3  (cost=5.55..436.62 rows=109 width=125)
	  Recheck Cond: ((k >= 2496028) AND (k <= 2496128))
	  ->  Bitmap Index Scan on k_3  (cost=0.00..5.52 rows=109 width=0)
	        Index Cond: ((k >= 2496028) AND (k <= 2496128))

table 4 : explain SELECT k, c FROM sbtest4 WHERE k BETWEEN 2496028 AND 2496128
	Bitmap Heap Scan on sbtest4  (cost=5.42..385.43 rows=96 width=125)
	  Recheck Cond: ((k >= 2496028) AND (k <= 2496128))
	  ->  Bitmap Index Scan on k_4  (cost=0.00..5.39 rows=96 width=0)
	        Index Cond: ((k >= 2496028) AND (k <= 2496128))

table 5 : explain SELECT k, c FROM sbtest5 WHERE k BETWEEN 2496028 AND 2496128
	Bitmap Heap Scan on sbtest5  (cost=5.47..405.13 rows=101 width=125)
	  Recheck Cond: ((k >= 2496028) AND (k <= 2496128))
	  ->  Bitmap Index Scan on k_5  (cost=0.00..5.44 rows=101 width=0)
	        Index Cond: ((k >= 2496028) AND (k <= 2496128))

table 6 : explain SELECT k, c FROM sbtest6 WHERE k BETWEEN 2496028 AND 2496128
	Bitmap Heap Scan on sbtest6  (cost=5.57..444.49 rows=111 width=125)
	  Recheck Cond: ((k >= 2496028) AND (k <= 2496128))
	  ->  Bitmap Index Scan on k_6  (cost=0.00..5.54 rows=111 width=0)
	        Index Cond: ((k >= 2496028) AND (k <= 2496128))

table 7 : explain SELECT k, c FROM sbtest7 WHERE k BETWEEN 2496028 AND 2496128
	Bitmap Heap Scan on sbtest7  (cost=5.51..420.88 rows=105 width=125)
	  Recheck Cond: ((k >= 2496028) AND (k <= 2496128))
	  ->  Bitmap Index Scan on k_7  (cost=0.00..5.48 rows=105 width=0)
	        Index Cond: ((k >= 2496028) AND (k <= 2496128))

table 8 : explain SELECT k, c FROM sbtest8 WHERE k BETWEEN 2496028 AND 2496128
	Bitmap Heap Scan on sbtest8  (cost=5.53..428.75 rows=107 width=125)
	  Recheck Cond: ((k >= 2496028) AND (k <= 2496128))
	  ->  Bitmap Index Scan on k_8  (cost=0.00..5.50 rows=107 width=0)
	        Index Cond: ((k >= 2496028) AND (k <= 2496128))

for range-notcovered
table 1 : explain SELECT k, c FROM sbtest1 WHERE k BETWEEN 4107347 AND 4107447
	Bitmap Heap Scan on sbtest1  (cost=5.53..428.75 rows=107 width=125)
	  Recheck Cond: ((k >= 4107347) AND (k <= 4107447))
	  ->  Bitmap Index Scan on k_1  (cost=0.00..5.50 rows=107 width=0)
	        Index Cond: ((k >= 4107347) AND (k <= 4107447))

table 2 : explain SELECT k, c FROM sbtest2 WHERE k BETWEEN 4107347 AND 4107447
	Bitmap Heap Scan on sbtest2  (cost=5.49..413.00 rows=103 width=125)
	  Recheck Cond: ((k >= 4107347) AND (k <= 4107447))
	  ->  Bitmap Index Scan on k_2  (cost=0.00..5.46 rows=103 width=0)
	        Index Cond: ((k >= 4107347) AND (k <= 4107447))

table 3 : explain SELECT k, c FROM sbtest3 WHERE k BETWEEN 4107347 AND 4107447
	Bitmap Heap Scan on sbtest3  (cost=5.49..413.00 rows=103 width=125)
	  Recheck Cond: ((k >= 4107347) AND (k <= 4107447))
	  ->  Bitmap Index Scan on k_3  (cost=0.00..5.46 rows=103 width=0)
	        Index Cond: ((k >= 4107347) AND (k <= 4107447))

table 4 : explain SELECT k, c FROM sbtest4 WHERE k BETWEEN 4107347 AND 4107447
	Bitmap Heap Scan on sbtest4  (cost=5.49..413.00 rows=103 width=125)
	  Recheck Cond: ((k >= 4107347) AND (k <= 4107447))
	  ->  Bitmap Index Scan on k_4  (cost=0.00..5.46 rows=103 width=0)
	        Index Cond: ((k >= 4107347) AND (k <= 4107447))

table 5 : explain SELECT k, c FROM sbtest5 WHERE k BETWEEN 4107347 AND 4107447
	Bitmap Heap Scan on sbtest5  (cost=5.48..409.07 rows=102 width=125)
	  Recheck Cond: ((k >= 4107347) AND (k <= 4107447))
	  ->  Bitmap Index Scan on k_5  (cost=0.00..5.45 rows=102 width=0)
	        Index Cond: ((k >= 4107347) AND (k <= 4107447))

table 6 : explain SELECT k, c FROM sbtest6 WHERE k BETWEEN 4107347 AND 4107447
	Bitmap Heap Scan on sbtest6  (cost=5.50..416.94 rows=104 width=125)
	  Recheck Cond: ((k >= 4107347) AND (k <= 4107447))
	  ->  Bitmap Index Scan on k_6  (cost=0.00..5.47 rows=104 width=0)
	        Index Cond: ((k >= 4107347) AND (k <= 4107447))

table 7 : explain SELECT k, c FROM sbtest7 WHERE k BETWEEN 4107347 AND 4107447
	Bitmap Heap Scan on sbtest7  (cost=5.50..416.94 rows=104 width=125)
	  Recheck Cond: ((k >= 4107347) AND (k <= 4107447))
	  ->  Bitmap Index Scan on k_7  (cost=0.00..5.47 rows=104 width=0)
	        Index Cond: ((k >= 4107347) AND (k <= 4107447))

table 8 : explain SELECT k, c FROM sbtest8 WHERE k BETWEEN 4107347 AND 4107447
	Bitmap Heap Scan on sbtest8  (cost=5.45..397.25 rows=99 width=125)
	  Recheck Cond: ((k >= 4107347) AND (k <= 4107447))
	  ->  Bitmap Index Scan on k_8  (cost=0.00..5.42 rows=99 width=0)
	        Index Cond: ((k >= 4107347) AND (k <= 4107447))

explain: for range-notcovered :: explain SELECT k, c FROM sbtest%d WHERE k BETWEEN 2496028 AND 2496128
explain: for range-notcovered :: explain SELECT k, c FROM sbtest%d WHERE k BETWEEN 4107347 AND 4107447
for range-notcovered
table 1 : explain SELECT k, c FROM sbtest1 WHERE k BETWEEN 3927617 AND 3927717
	Bitmap Heap Scan on sbtest1  (cost=5.41..381.49 rows=95 width=125)
	  Recheck Cond: ((k >= 3927617) AND (k <= 3927717))
	  ->  Bitmap Index Scan on k_1  (cost=0.00..5.38 rows=95 width=0)
	        Index Cond: ((k >= 3927617) AND (k <= 3927717))

table 2 : explain SELECT k, c FROM sbtest2 WHERE k BETWEEN 3927617 AND 3927717
	Bitmap Heap Scan on sbtest2  (cost=5.51..420.88 rows=105 width=125)
	  Recheck Cond: ((k >= 3927617) AND (k <= 3927717))
	  ->  Bitmap Index Scan on k_2  (cost=0.00..5.48 rows=105 width=0)
	        Index Cond: ((k >= 3927617) AND (k <= 3927717))

table 3 : explain SELECT k, c FROM sbtest3 WHERE k BETWEEN 3927617 AND 3927717
	Bitmap Heap Scan on sbtest3  (cost=5.42..385.43 rows=96 width=125)
	  Recheck Cond: ((k >= 3927617) AND (k <= 3927717))
	  ->  Bitmap Index Scan on k_3  (cost=0.00..5.39 rows=96 width=0)
	        Index Cond: ((k >= 3927617) AND (k <= 3927717))

table 4 : explain SELECT k, c FROM sbtest4 WHERE k BETWEEN 3927617 AND 3927717
	Bitmap Heap Scan on sbtest4  (cost=5.62..464.15 rows=116 width=125)
	  Recheck Cond: ((k >= 3927617) AND (k <= 3927717))
	  ->  Bitmap Index Scan on k_4  (cost=0.00..5.59 rows=116 width=0)
	        Index Cond: ((k >= 3927617) AND (k <= 3927717))

table 5 : explain SELECT k, c FROM sbtest5 WHERE k BETWEEN 3927617 AND 3927717
	Bitmap Heap Scan on sbtest5  (cost=5.49..413.00 rows=103 width=125)
	  Recheck Cond: ((k >= 3927617) AND (k <= 3927717))
	  ->  Bitmap Index Scan on k_5  (cost=0.00..5.46 rows=103 width=0)
	        Index Cond: ((k >= 3927617) AND (k <= 3927717))

table 6 : explain SELECT k, c FROM sbtest6 WHERE k BETWEEN 3927617 AND 3927717
	Bitmap Heap Scan on sbtest6  (cost=5.51..420.88 rows=105 width=125)
	  Recheck Cond: ((k >= 3927617) AND (k <= 3927717))
	  ->  Bitmap Index Scan on k_6  (cost=0.00..5.48 rows=105 width=0)
	        Index Cond: ((k >= 3927617) AND (k <= 3927717))

table 7 : explain SELECT k, c FROM sbtest7 WHERE k BETWEEN 3927617 AND 3927717
	Bitmap Heap Scan on sbtest7  (cost=5.52..424.81 rows=106 width=125)
	  Recheck Cond: ((k >= 3927617) AND (k <= 3927717))
	  ->  Bitmap Index Scan on k_7  (cost=0.00..5.50 rows=106 width=0)
	        Index Cond: ((k >= 3927617) AND (k <= 3927717))

table 8 : explain SELECT k, c FROM sbtest8 WHERE k BETWEEN 3927617 AND 3927717
	Bitmap Heap Scan on sbtest8  (cost=5.50..416.94 rows=104 width=125)
	  Recheck Cond: ((k >= 3927617) AND (k <= 3927717))
	  ->  Bitmap Index Scan on k_8  (cost=0.00..5.47 rows=104 width=0)
	        Index Cond: ((k >= 3927617) AND (k <= 3927717))

explain: for range-notcovered :: explain SELECT k, c FROM sbtest%d WHERE k BETWEEN 3927617 AND 3927717
for range-notcovered
table 1 : explain SELECT k, c FROM sbtest1 WHERE k BETWEEN 4318978 AND 4319078
	Bitmap Heap Scan on sbtest1  (cost=5.51..420.88 rows=105 width=125)
	  Recheck Cond: ((k >= 4318978) AND (k <= 4319078))
	  ->  Bitmap Index Scan on k_1  (cost=0.00..5.48 rows=105 width=0)
	        Index Cond: ((k >= 4318978) AND (k <= 4319078))

table 2 : explain SELECT k, c FROM sbtest2 WHERE k BETWEEN 4318978 AND 4319078
	Bitmap Heap Scan on sbtest2  (cost=5.54..432.69 rows=108 width=125)
	  Recheck Cond: ((k >= 4318978) AND (k <= 4319078))
	  ->  Bitmap Index Scan on k_2  (cost=0.00..5.51 rows=108 width=0)
	        Index Cond: ((k >= 4318978) AND (k <= 4319078))

table 3 : explain SELECT k, c FROM sbtest3 WHERE k BETWEEN 4318978 AND 4319078
	Bitmap Heap Scan on sbtest3  (cost=5.50..416.94 rows=104 width=125)
	  Recheck Cond: ((k >= 4318978) AND (k <= 4319078))
	  ->  Bitmap Index Scan on k_3  (cost=0.00..5.47 rows=104 width=0)
	        Index Cond: ((k >= 4318978) AND (k <= 4319078))

table 4 : explain SELECT k, c FROM sbtest4 WHERE k BETWEEN 4318978 AND 4319078
	Bitmap Heap Scan on sbtest4  (cost=5.41..381.49 rows=95 width=125)
	  Recheck Cond: ((k >= 4318978) AND (k <= 4319078))
	  ->  Bitmap Index Scan on k_4  (cost=0.00..5.38 rows=95 width=0)
	        Index Cond: ((k >= 4318978) AND (k <= 4319078))

table 5 : explain SELECT k, c FROM sbtest5 WHERE k BETWEEN 4318978 AND 4319078
	Bitmap Heap Scan on sbtest5  (cost=5.54..432.69 rows=108 width=125)
	  Recheck Cond: ((k >= 4318978) AND (k <= 4319078))
	  ->  Bitmap Index Scan on k_5  (cost=0.00..5.51 rows=108 width=0)
	        Index Cond: ((k >= 4318978) AND (k <= 4319078))

table 6 : explain SELECT k, c FROM sbtest6 WHERE k BETWEEN 4318978 AND 4319078
	Bitmap Heap Scan on sbtest6  (cost=5.60..456.29 rows=114 width=125)
	  Recheck Cond: ((k >= 4318978) AND (k <= 4319078))
	  ->  Bitmap Index Scan on k_6  (cost=0.00..5.58 rows=114 width=0)
	        Index Cond: ((k >= 4318978) AND (k <= 4319078))

table 7 : explain SELECT k, c FROM sbtest7 WHERE k BETWEEN 4318978 AND 4319078
	Bitmap Heap Scan on sbtest7  (cost=5.49..413.00 rows=103 width=125)
	  Recheck Cond: ((k >= 4318978) AND (k <= 4319078))
	  ->  Bitmap Index Scan on k_7  (cost=0.00..5.46 rows=103 width=0)
	        Index Cond: ((k >= 4318978) AND (k <= 4319078))

table 8 : explain SELECT k, c FROM sbtest8 WHERE k BETWEEN 4318978 AND 4319078
	Bitmap Heap Scan on sbtest8  (cost=5.48..409.07 rows=102 width=125)
	  Recheck Cond: ((k >= 4318978) AND (k <= 4319078))
	  ->  Bitmap Index Scan on k_8  (cost=0.00..5.45 rows=102 width=0)
	        Index Cond: ((k >= 4318978) AND (k <= 4319078))

explain: for range-notcovered :: explain SELECT k, c FROM sbtest%d WHERE k BETWEEN 4318978 AND 4319078
for range-notcovered
table 1 : explain SELECT k, c FROM sbtest1 WHERE k BETWEEN 5241579 AND 5241679
	Bitmap Heap Scan on sbtest1  (cost=5.54..432.69 rows=108 width=125)
	  Recheck Cond: ((k >= 5241579) AND (k <= 5241679))
	  ->  Bitmap Index Scan on k_1  (cost=0.00..5.51 rows=108 width=0)
	        Index Cond: ((k >= 5241579) AND (k <= 5241679))

table 2 : explain SELECT k, c FROM sbtest2 WHERE k BETWEEN 5241579 AND 5241679
	Bitmap Heap Scan on sbtest2  (cost=5.45..397.25 rows=99 width=125)
	  Recheck Cond: ((k >= 5241579) AND (k <= 5241679))
	  ->  Bitmap Index Scan on k_2  (cost=0.00..5.42 rows=99 width=0)
	        Index Cond: ((k >= 5241579) AND (k <= 5241679))

table 3 : explain SELECT k, c FROM sbtest3 WHERE k BETWEEN 5241579 AND 5241679
	Bitmap Heap Scan on sbtest3  (cost=5.37..365.72 rows=91 width=125)
	  Recheck Cond: ((k >= 5241579) AND (k <= 5241679))
	  ->  Bitmap Index Scan on k_3  (cost=0.00..5.34 rows=91 width=0)
	        Index Cond: ((k >= 5241579) AND (k <= 5241679))

table 4 : explain SELECT k, c FROM sbtest4 WHERE k BETWEEN 5241579 AND 5241679
	Bitmap Heap Scan on sbtest4  (cost=5.47..405.13 rows=101 width=125)
	  Recheck Cond: ((k >= 5241579) AND (k <= 5241679))
	  ->  Bitmap Index Scan on k_4  (cost=0.00..5.44 rows=101 width=0)
	        Index Cond: ((k >= 5241579) AND (k <= 5241679))

table 5 : explain SELECT k, c FROM sbtest5 WHERE k BETWEEN 5241579 AND 5241679
	Bitmap Heap Scan on sbtest5  (cost=5.39..373.61 rows=93 width=125)
	  Recheck Cond: ((k >= 5241579) AND (k <= 5241679))
	  ->  Bitmap Index Scan on k_5  (cost=0.00..5.36 rows=93 width=0)
	        Index Cond: ((k >= 5241579) AND (k <= 5241679))

table 6 : explain SELECT k, c FROM sbtest6 WHERE k BETWEEN 5241579 AND 5241679
	Bitmap Heap Scan on sbtest6  (cost=5.50..416.94 rows=104 width=125)
	  Recheck Cond: ((k >= 5241579) AND (k <= 5241679))
	  ->  Bitmap Index Scan on k_6  (cost=0.00..5.47 rows=104 width=0)
	        Index Cond: ((k >= 5241579) AND (k <= 5241679))

table 7 : explain SELECT k, c FROM sbtest7 WHERE k BETWEEN 5241579 AND 5241679
	Bitmap Heap Scan on sbtest7  (cost=5.46..401.19 rows=100 width=125)
	  Recheck Cond: ((k >= 5241579) AND (k <= 5241679))
	  ->  Bitmap Index Scan on k_7  (cost=0.00..5.43 rows=100 width=0)
	        Index Cond: ((k >= 5241579) AND (k <= 5241679))

table 8 : explain SELECT k, c FROM sbtest8 WHERE k BETWEEN 5241579 AND 5241679
	Bitmap Heap Scan on sbtest8  (cost=5.60..456.29 rows=114 width=125)
	  Recheck Cond: ((k >= 5241579) AND (k <= 5241679))
	  ->  Bitmap Index Scan on k_8  (cost=0.00..5.58 rows=114 width=0)
	        Index Cond: ((k >= 5241579) AND (k <= 5241679))

for range-notcovered
table 1 : explain SELECT k, c FROM sbtest1 WHERE k BETWEEN 7786109 AND 7786209
	Bitmap Heap Scan on sbtest1  (cost=5.42..385.43 rows=96 width=125)
	  Recheck Cond: ((k >= 7786109) AND (k <= 7786209))
	  ->  Bitmap Index Scan on k_1  (cost=0.00..5.39 rows=96 width=0)
	        Index Cond: ((k >= 7786109) AND (k <= 7786209))

table 2 : explain SELECT k, c FROM sbtest2 WHERE k BETWEEN 7786109 AND 7786209
	Bitmap Heap Scan on sbtest2  (cost=5.49..413.00 rows=103 width=125)
	  Recheck Cond: ((k >= 7786109) AND (k <= 7786209))
	  ->  Bitmap Index Scan on k_2  (cost=0.00..5.46 rows=103 width=0)
	        Index Cond: ((k >= 7786109) AND (k <= 7786209))

table 3 : explain SELECT k, c FROM sbtest3 WHERE k BETWEEN 7786109 AND 7786209
	Bitmap Heap Scan on sbtest3  (cost=5.54..432.69 rows=108 width=125)
	  Recheck Cond: ((k >= 7786109) AND (k <= 7786209))
	  ->  Bitmap Index Scan on k_3  (cost=0.00..5.51 rows=108 width=0)
	        Index Cond: ((k >= 7786109) AND (k <= 7786209))

table 4 : explain SELECT k, c FROM sbtest4 WHERE k BETWEEN 7786109 AND 7786209
	Bitmap Heap Scan on sbtest4  (cost=5.50..416.94 rows=104 width=125)
	  Recheck Cond: ((k >= 7786109) AND (k <= 7786209))
	  ->  Bitmap Index Scan on k_4  (cost=0.00..5.47 rows=104 width=0)
	        Index Cond: ((k >= 7786109) AND (k <= 7786209))

table 5 : explain SELECT k, c FROM sbtest5 WHERE k BETWEEN 7786109 AND 7786209
	Bitmap Heap Scan on sbtest5  (cost=5.43..389.37 rows=97 width=125)
	  Recheck Cond: ((k >= 7786109) AND (k <= 7786209))
	  ->  Bitmap Index Scan on k_5  (cost=0.00..5.40 rows=97 width=0)
	        Index Cond: ((k >= 7786109) AND (k <= 7786209))

table 6 : explain SELECT k, c FROM sbtest6 WHERE k BETWEEN 7786109 AND 7786209
	Bitmap Heap Scan on sbtest6  (cost=5.53..428.75 rows=107 width=125)
	  Recheck Cond: ((k >= 7786109) AND (k <= 7786209))
	  ->  Bitmap Index Scan on k_6  (cost=0.00..5.50 rows=107 width=0)
	        Index Cond: ((k >= 7786109) AND (k <= 7786209))

table 7 : explain SELECT k, c FROM sbtest7 WHERE k BETWEEN 7786109 AND 7786209
	Bitmap Heap Scan on sbtest7  (cost=5.46..401.19 rows=100 width=125)
	  Recheck Cond: ((k >= 7786109) AND (k <= 7786209))
	  ->  Bitmap Index Scan on k_7  (cost=0.00..5.43 rows=100 width=0)
	        Index Cond: ((k >= 7786109) AND (k <= 7786209))

table 8 : explain SELECT k, c FROM sbtest8 WHERE k BETWEEN 7786109 AND 7786209
	Bitmap Heap Scan on sbtest8  (cost=5.44..393.31 rows=98 width=125)
	  Recheck Cond: ((k >= 7786109) AND (k <= 7786209))
	  ->  Bitmap Index Scan on k_8  (cost=0.00..5.42 rows=98 width=0)
	        Index Cond: ((k >= 7786109) AND (k <= 7786209))

for range-notcovered
table 1 : explain SELECT k, c FROM sbtest1 WHERE k BETWEEN 5260980 AND 5261080
	Bitmap Heap Scan on sbtest1  (cost=5.54..432.69 rows=108 width=125)
	  Recheck Cond: ((k >= 5260980) AND (k <= 5261080))
	  ->  Bitmap Index Scan on k_1  (cost=0.00..5.51 rows=108 width=0)
	        Index Cond: ((k >= 5260980) AND (k <= 5261080))

table 2 : explain SELECT k, c FROM sbtest2 WHERE k BETWEEN 5260980 AND 5261080
	Bitmap Heap Scan on sbtest2  (cost=5.45..397.25 rows=99 width=125)
	  Recheck Cond: ((k >= 5260980) AND (k <= 5261080))
	  ->  Bitmap Index Scan on k_2  (cost=0.00..5.42 rows=99 width=0)
	        Index Cond: ((k >= 5260980) AND (k <= 5261080))

table 3 : explain SELECT k, c FROM sbtest3 WHERE k BETWEEN 5260980 AND 5261080
	Bitmap Heap Scan on sbtest3  (cost=5.37..365.72 rows=91 width=125)
	  Recheck Cond: ((k >= 5260980) AND (k <= 5261080))
	  ->  Bitmap Index Scan on k_3  (cost=0.00..5.34 rows=91 width=0)
	        Index Cond: ((k >= 5260980) AND (k <= 5261080))

table 4 : explain SELECT k, c FROM sbtest4 WHERE k BETWEEN 5260980 AND 5261080
	Bitmap Heap Scan on sbtest4  (cost=5.47..405.13 rows=101 width=125)
	  Recheck Cond: ((k >= 5260980) AND (k <= 5261080))
	  ->  Bitmap Index Scan on k_4  (cost=0.00..5.44 rows=101 width=0)
	        Index Cond: ((k >= 5260980) AND (k <= 5261080))

table 5 : explain SELECT k, c FROM sbtest5 WHERE k BETWEEN 5260980 AND 5261080
	Bitmap Heap Scan on sbtest5  (cost=5.39..373.61 rows=93 width=125)
	  Recheck Cond: ((k >= 5260980) AND (k <= 5261080))
	  ->  Bitmap Index Scan on k_5  (cost=0.00..5.36 rows=93 width=0)
	        Index Cond: ((k >= 5260980) AND (k <= 5261080))

table 6 : explain SELECT k, c FROM sbtest6 WHERE k BETWEEN 5260980 AND 5261080
	Bitmap Heap Scan on sbtest6  (cost=5.48..409.07 rows=102 width=125)
	  Recheck Cond: ((k >= 5260980) AND (k <= 5261080))
	  ->  Bitmap Index Scan on k_6  (cost=0.00..5.45 rows=102 width=0)
	        Index Cond: ((k >= 5260980) AND (k <= 5261080))

table 7 : explain SELECT k, c FROM sbtest7 WHERE k BETWEEN 5260980 AND 5261080
	Bitmap Heap Scan on sbtest7  (cost=5.46..401.19 rows=100 width=125)
	  Recheck Cond: ((k >= 5260980) AND (k <= 5261080))
	  ->  Bitmap Index Scan on k_7  (cost=0.00..5.43 rows=100 width=0)
	        Index Cond: ((k >= 5260980) AND (k <= 5261080))

table 8 : explain SELECT k, c FROM sbtest8 WHERE k BETWEEN 5260980 AND 5261080
	Bitmap Heap Scan on sbtest8  (cost=5.60..456.29 rows=114 width=125)
	  Recheck Cond: ((k >= 5260980) AND (k <= 5261080))
	  ->  Bitmap Index Scan on k_8  (cost=0.00..5.58 rows=114 width=0)
	        Index Cond: ((k >= 5260980) AND (k <= 5261080))

explain: for range-notcovered :: explain SELECT k, c FROM sbtest%d WHERE k BETWEEN 7786109 AND 7786209
for range-notcovered
table 1 : explain SELECT k, c FROM sbtest1 WHERE k BETWEEN 6418666 AND 6418766
	Bitmap Heap Scan on sbtest1  (cost=5.58..448.42 rows=112 width=125)
	  Recheck Cond: ((k >= 6418666) AND (k <= 6418766))
	  ->  Bitmap Index Scan on k_1  (cost=0.00..5.55 rows=112 width=0)
	        Index Cond: ((k >= 6418666) AND (k <= 6418766))

table 2 : explain SELECT k, c FROM sbtest2 WHERE k BETWEEN 6418666 AND 6418766
	Bitmap Heap Scan on sbtest2  (cost=5.45..397.25 rows=99 width=125)
	  Recheck Cond: ((k >= 6418666) AND (k <= 6418766))
	  ->  Bitmap Index Scan on k_2  (cost=0.00..5.42 rows=99 width=0)
	        Index Cond: ((k >= 6418666) AND (k <= 6418766))

table 3 : explain SELECT k, c FROM sbtest3 WHERE k BETWEEN 6418666 AND 6418766
	Bitmap Heap Scan on sbtest3  (cost=5.47..405.13 rows=101 width=125)
	  Recheck Cond: ((k >= 6418666) AND (k <= 6418766))
	  ->  Bitmap Index Scan on k_3  (cost=0.00..5.44 rows=101 width=0)
	        Index Cond: ((k >= 6418666) AND (k <= 6418766))

table 4 : explain SELECT k, c FROM sbtest4 WHERE k BETWEEN 6418666 AND 6418766
	Bitmap Heap Scan on sbtest4  (cost=5.51..420.88 rows=105 width=125)
	  Recheck Cond: ((k >= 6418666) AND (k <= 6418766))
	  ->  Bitmap Index Scan on k_4  (cost=0.00..5.48 rows=105 width=0)
	        Index Cond: ((k >= 6418666) AND (k <= 6418766))

table 5 : explain SELECT k, c FROM sbtest5 WHERE k BETWEEN 6418666 AND 6418766
	Bitmap Heap Scan on sbtest5  (cost=5.48..409.07 rows=102 width=125)
	  Recheck Cond: ((k >= 6418666) AND (k <= 6418766))
	  ->  Bitmap Index Scan on k_5  (cost=0.00..5.45 rows=102 width=0)
	        Index Cond: ((k >= 6418666) AND (k <= 6418766))

table 6 : explain SELECT k, c FROM sbtest6 WHERE k BETWEEN 6418666 AND 6418766
	Bitmap Heap Scan on sbtest6  (cost=5.43..389.37 rows=97 width=125)
	  Recheck Cond: ((k >= 6418666) AND (k <= 6418766))
	  ->  Bitmap Index Scan on k_6  (cost=0.00..5.40 rows=97 width=0)
	        Index Cond: ((k >= 6418666) AND (k <= 6418766))

table 7 : explain SELECT k, c FROM sbtest7 WHERE k BETWEEN 6418666 AND 6418766
	Bitmap Heap Scan on sbtest7  (cost=5.56..440.56 rows=110 width=125)
	  Recheck Cond: ((k >= 6418666) AND (k <= 6418766))
	  ->  Bitmap Index Scan on k_7  (cost=0.00..5.53 rows=110 width=0)
	        Index Cond: ((k >= 6418666) AND (k <= 6418766))

table 8 : explain SELECT k, c FROM sbtest8 WHERE k BETWEEN 6418666 AND 6418766
	Bitmap Heap Scan on sbtest8  (cost=5.56..440.56 rows=110 width=125)
	  Recheck Cond: ((k >= 6418666) AND (k <= 6418766))
	  ->  Bitmap Index Scan on k_8  (cost=0.00..5.53 rows=110 width=0)
	        Index Cond: ((k >= 6418666) AND (k <= 6418766))

explain: for range-notcovered :: explain SELECT k, c FROM sbtest%d WHERE k BETWEEN 6418666 AND 6418766
for range-notcovered
table 1 : explain SELECT k, c FROM sbtest1 WHERE k BETWEEN 4107347 AND 4107447
	Bitmap Heap Scan on sbtest1  (cost=5.53..428.75 rows=107 width=125)
	  Recheck Cond: ((k >= 4107347) AND (k <= 4107447))
	  ->  Bitmap Index Scan on k_1  (cost=0.00..5.50 rows=107 width=0)
	        Index Cond: ((k >= 4107347) AND (k <= 4107447))

table 2 : explain SELECT k, c FROM sbtest2 WHERE k BETWEEN 4107347 AND 4107447
	Bitmap Heap Scan on sbtest2  (cost=5.49..413.00 rows=103 width=125)
	  Recheck Cond: ((k >= 4107347) AND (k <= 4107447))
	  ->  Bitmap Index Scan on k_2  (cost=0.00..5.46 rows=103 width=0)
	        Index Cond: ((k >= 4107347) AND (k <= 4107447))

table 3 : explain SELECT k, c FROM sbtest3 WHERE k BETWEEN 4107347 AND 4107447
	Bitmap Heap Scan on sbtest3  (cost=5.49..413.00 rows=103 width=125)
	  Recheck Cond: ((k >= 4107347) AND (k <= 4107447))
	  ->  Bitmap Index Scan on k_3  (cost=0.00..5.46 rows=103 width=0)
	        Index Cond: ((k >= 4107347) AND (k <= 4107447))

table 4 : explain SELECT k, c FROM sbtest4 WHERE k BETWEEN 4107347 AND 4107447
	Bitmap Heap Scan on sbtest4  (cost=5.49..413.00 rows=103 width=125)
	  Recheck Cond: ((k >= 4107347) AND (k <= 4107447))
	  ->  Bitmap Index Scan on k_4  (cost=0.00..5.46 rows=103 width=0)
	        Index Cond: ((k >= 4107347) AND (k <= 4107447))

table 5 : explain SELECT k, c FROM sbtest5 WHERE k BETWEEN 4107347 AND 4107447
	Bitmap Heap Scan on sbtest5  (cost=5.48..409.07 rows=102 width=125)
	  Recheck Cond: ((k >= 4107347) AND (k <= 4107447))
	  ->  Bitmap Index Scan on k_5  (cost=0.00..5.45 rows=102 width=0)
	        Index Cond: ((k >= 4107347) AND (k <= 4107447))

table 6 : explain SELECT k, c FROM sbtest6 WHERE k BETWEEN 4107347 AND 4107447
	Bitmap Heap Scan on sbtest6  (cost=5.50..416.94 rows=104 width=125)
	  Recheck Cond: ((k >= 4107347) AND (k <= 4107447))
	  ->  Bitmap Index Scan on k_6  (cost=0.00..5.47 rows=104 width=0)
	        Index Cond: ((k >= 4107347) AND (k <= 4107447))

table 7 : explain SELECT k, c FROM sbtest7 WHERE k BETWEEN 4107347 AND 4107447
	Bitmap Heap Scan on sbtest7  (cost=5.50..416.94 rows=104 width=125)
	  Recheck Cond: ((k >= 4107347) AND (k <= 4107447))
	  ->  Bitmap Index Scan on k_7  (cost=0.00..5.47 rows=104 width=0)
	        Index Cond: ((k >= 4107347) AND (k <= 4107447))

table 8 : explain SELECT k, c FROM sbtest8 WHERE k BETWEEN 4107347 AND 4107447
	Bitmap Heap Scan on sbtest8  (cost=5.45..397.25 rows=99 width=125)
	  Recheck Cond: ((k >= 4107347) AND (k <= 4107447))
	  ->  Bitmap Index Scan on k_8  (cost=0.00..5.42 rows=99 width=0)
	        Index Cond: ((k >= 4107347) AND (k <= 4107447))

for range-notcovered
table 1 : explain SELECT k, c FROM sbtest1 WHERE k BETWEEN 2496028 AND 2496128
	Bitmap Heap Scan on sbtest1  (cost=5.39..373.61 rows=93 width=125)
	  Recheck Cond: ((k >= 2496028) AND (k <= 2496128))
	  ->  Bitmap Index Scan on k_1  (cost=0.00..5.36 rows=93 width=0)
	        Index Cond: ((k >= 2496028) AND (k <= 2496128))

table 2 : explain SELECT k, c FROM sbtest2 WHERE k BETWEEN 2496028 AND 2496128
	Bitmap Heap Scan on sbtest2  (cost=5.57..444.49 rows=111 width=125)
	  Recheck Cond: ((k >= 2496028) AND (k <= 2496128))
	  ->  Bitmap Index Scan on k_2  (cost=0.00..5.54 rows=111 width=0)
	        Index Cond: ((k >= 2496028) AND (k <= 2496128))

table 3 : explain SELECT k, c FROM sbtest3 WHERE k BETWEEN 2496028 AND 2496128
	Bitmap Heap Scan on sbtest3  (cost=5.55..436.62 rows=109 width=125)
	  Recheck Cond: ((k >= 2496028) AND (k <= 2496128))
	  ->  Bitmap Index Scan on k_3  (cost=0.00..5.52 rows=109 width=0)
	        Index Cond: ((k >= 2496028) AND (k <= 2496128))

table 4 : explain SELECT k, c FROM sbtest4 WHERE k BETWEEN 2496028 AND 2496128
	Bitmap Heap Scan on sbtest4  (cost=5.42..385.43 rows=96 width=125)
	  Recheck Cond: ((k >= 2496028) AND (k <= 2496128))
	  ->  Bitmap Index Scan on k_4  (cost=0.00..5.39 rows=96 width=0)
	        Index Cond: ((k >= 2496028) AND (k <= 2496128))

table 5 : explain SELECT k, c FROM sbtest5 WHERE k BETWEEN 2496028 AND 2496128
	Bitmap Heap Scan on sbtest5  (cost=5.47..405.13 rows=101 width=125)
	  Recheck Cond: ((k >= 2496028) AND (k <= 2496128))
	  ->  Bitmap Index Scan on k_5  (cost=0.00..5.44 rows=101 width=0)
	        Index Cond: ((k >= 2496028) AND (k <= 2496128))

table 6 : explain SELECT k, c FROM sbtest6 WHERE k BETWEEN 2496028 AND 2496128
	Bitmap Heap Scan on sbtest6  (cost=5.57..444.49 rows=111 width=125)
	  Recheck Cond: ((k >= 2496028) AND (k <= 2496128))
	  ->  Bitmap Index Scan on k_6  (cost=0.00..5.54 rows=111 width=0)
	        Index Cond: ((k >= 2496028) AND (k <= 2496128))

table 7 : explain SELECT k, c FROM sbtest7 WHERE k BETWEEN 2496028 AND 2496128
	Bitmap Heap Scan on sbtest7  (cost=5.51..420.88 rows=105 width=125)
	  Recheck Cond: ((k >= 2496028) AND (k <= 2496128))
	  ->  Bitmap Index Scan on k_7  (cost=0.00..5.48 rows=105 width=0)
	        Index Cond: ((k >= 2496028) AND (k <= 2496128))

table 8 : explain SELECT k, c FROM sbtest8 WHERE k BETWEEN 2496028 AND 2496128
	Bitmap Heap Scan on sbtest8  (cost=5.53..428.75 rows=107 width=125)
	  Recheck Cond: ((k >= 2496028) AND (k <= 2496128))
	  ->  Bitmap Index Scan on k_8  (cost=0.00..5.50 rows=107 width=0)
	        Index Cond: ((k >= 2496028) AND (k <= 2496128))

explain: for range-notcovered :: explain SELECT k, c FROM sbtest%d WHERE k BETWEEN 2496028 AND 2496128
for range-notcovered
table 1 : explain SELECT k, c FROM sbtest1 WHERE k BETWEEN 3927617 AND 3927717
	Bitmap Heap Scan on sbtest1  (cost=5.41..381.49 rows=95 width=125)
	  Recheck Cond: ((k >= 3927617) AND (k <= 3927717))
	  ->  Bitmap Index Scan on k_1  (cost=0.00..5.38 rows=95 width=0)
	        Index Cond: ((k >= 3927617) AND (k <= 3927717))

table 2 : explain SELECT k, c FROM sbtest2 WHERE k BETWEEN 3927617 AND 3927717
	Bitmap Heap Scan on sbtest2  (cost=5.51..420.88 rows=105 width=125)
	  Recheck Cond: ((k >= 3927617) AND (k <= 3927717))
	  ->  Bitmap Index Scan on k_2  (cost=0.00..5.48 rows=105 width=0)
	        Index Cond: ((k >= 3927617) AND (k <= 3927717))

table 3 : explain SELECT k, c FROM sbtest3 WHERE k BETWEEN 3927617 AND 3927717
	Bitmap Heap Scan on sbtest3  (cost=5.42..385.43 rows=96 width=125)
	  Recheck Cond: ((k >= 3927617) AND (k <= 3927717))
	  ->  Bitmap Index Scan on k_3  (cost=0.00..5.39 rows=96 width=0)
	        Index Cond: ((k >= 3927617) AND (k <= 3927717))

table 4 : explain SELECT k, c FROM sbtest4 WHERE k BETWEEN 3927617 AND 3927717
	Bitmap Heap Scan on sbtest4  (cost=5.62..464.15 rows=116 width=125)
	  Recheck Cond: ((k >= 3927617) AND (k <= 3927717))
	  ->  Bitmap Index Scan on k_4  (cost=0.00..5.59 rows=116 width=0)
	        Index Cond: ((k >= 3927617) AND (k <= 3927717))

table 5 : explain SELECT k, c FROM sbtest5 WHERE k BETWEEN 3927617 AND 3927717
	Bitmap Heap Scan on sbtest5  (cost=5.49..413.00 rows=103 width=125)
	  Recheck Cond: ((k >= 3927617) AND (k <= 3927717))
	  ->  Bitmap Index Scan on k_5  (cost=0.00..5.46 rows=103 width=0)
	        Index Cond: ((k >= 3927617) AND (k <= 3927717))

table 6 : explain SELECT k, c FROM sbtest6 WHERE k BETWEEN 3927617 AND 3927717
	Bitmap Heap Scan on sbtest6  (cost=5.51..420.88 rows=105 width=125)
	  Recheck Cond: ((k >= 3927617) AND (k <= 3927717))
	  ->  Bitmap Index Scan on k_6  (cost=0.00..5.48 rows=105 width=0)
	        Index Cond: ((k >= 3927617) AND (k <= 3927717))

table 7 : explain SELECT k, c FROM sbtest7 WHERE k BETWEEN 3927617 AND 3927717
	Bitmap Heap Scan on sbtest7  (cost=5.52..424.81 rows=106 width=125)
	  Recheck Cond: ((k >= 3927617) AND (k <= 3927717))
	  ->  Bitmap Index Scan on k_7  (cost=0.00..5.50 rows=106 width=0)
	        Index Cond: ((k >= 3927617) AND (k <= 3927717))

table 8 : explain SELECT k, c FROM sbtest8 WHERE k BETWEEN 3927617 AND 3927717
	Bitmap Heap Scan on sbtest8  (cost=5.50..416.94 rows=104 width=125)
	  Recheck Cond: ((k >= 3927617) AND (k <= 3927717))
	  ->  Bitmap Index Scan on k_8  (cost=0.00..5.47 rows=104 width=0)
	        Index Cond: ((k >= 3927617) AND (k <= 3927717))

explain: for range-notcovered :: explain SELECT k, c FROM sbtest%d WHERE k BETWEEN 3927617 AND 3927717
for range-notcovered
table 1 : explain SELECT k, c FROM sbtest1 WHERE k BETWEEN 4318978 AND 4319078
	Bitmap Heap Scan on sbtest1  (cost=5.51..420.88 rows=105 width=125)
	  Recheck Cond: ((k >= 4318978) AND (k <= 4319078))
	  ->  Bitmap Index Scan on k_1  (cost=0.00..5.48 rows=105 width=0)
	        Index Cond: ((k >= 4318978) AND (k <= 4319078))

table 2 : explain SELECT k, c FROM sbtest2 WHERE k BETWEEN 4318978 AND 4319078
	Bitmap Heap Scan on sbtest2  (cost=5.54..432.69 rows=108 width=125)
	  Recheck Cond: ((k >= 4318978) AND (k <= 4319078))
	  ->  Bitmap Index Scan on k_2  (cost=0.00..5.51 rows=108 width=0)
	        Index Cond: ((k >= 4318978) AND (k <= 4319078))

table 3 : explain SELECT k, c FROM sbtest3 WHERE k BETWEEN 4318978 AND 4319078
	Bitmap Heap Scan on sbtest3  (cost=5.50..416.94 rows=104 width=125)
	  Recheck Cond: ((k >= 4318978) AND (k <= 4319078))
	  ->  Bitmap Index Scan on k_3  (cost=0.00..5.47 rows=104 width=0)
	        Index Cond: ((k >= 4318978) AND (k <= 4319078))

table 4 : explain SELECT k, c FROM sbtest4 WHERE k BETWEEN 4318978 AND 4319078
	Bitmap Heap Scan on sbtest4  (cost=5.41..381.49 rows=95 width=125)
	  Recheck Cond: ((k >= 4318978) AND (k <= 4319078))
	  ->  Bitmap Index Scan on k_4  (cost=0.00..5.38 rows=95 width=0)
	        Index Cond: ((k >= 4318978) AND (k <= 4319078))

table 5 : explain SELECT k, c FROM sbtest5 WHERE k BETWEEN 4318978 AND 4319078
	Bitmap Heap Scan on sbtest5  (cost=5.54..432.69 rows=108 width=125)
	  Recheck Cond: ((k >= 4318978) AND (k <= 4319078))
	  ->  Bitmap Index Scan on k_5  (cost=0.00..5.51 rows=108 width=0)
	        Index Cond: ((k >= 4318978) AND (k <= 4319078))

table 6 : explain SELECT k, c FROM sbtest6 WHERE k BETWEEN 4318978 AND 4319078
	Bitmap Heap Scan on sbtest6  (cost=5.60..456.29 rows=114 width=125)
	  Recheck Cond: ((k >= 4318978) AND (k <= 4319078))
	  ->  Bitmap Index Scan on k_6  (cost=0.00..5.58 rows=114 width=0)
	        Index Cond: ((k >= 4318978) AND (k <= 4319078))

table 7 : explain SELECT k, c FROM sbtest7 WHERE k BETWEEN 4318978 AND 4319078
	Bitmap Heap Scan on sbtest7  (cost=5.49..413.00 rows=103 width=125)
	  Recheck Cond: ((k >= 4318978) AND (k <= 4319078))
	  ->  Bitmap Index Scan on k_7  (cost=0.00..5.46 rows=103 width=0)
	        Index Cond: ((k >= 4318978) AND (k <= 4319078))

table 8 : explain SELECT k, c FROM sbtest8 WHERE k BETWEEN 4318978 AND 4319078
	Bitmap Heap Scan on sbtest8  (cost=5.48..409.07 rows=102 width=125)
	  Recheck Cond: ((k >= 4318978) AND (k <= 4319078))
	  ->  Bitmap Index Scan on k_8  (cost=0.00..5.45 rows=102 width=0)
	        Index Cond: ((k >= 4318978) AND (k <= 4319078))

explain: for range-notcovered :: explain SELECT k, c FROM sbtest%d WHERE k BETWEEN 4318978 AND 4319078
for range-notcovered
table 1 : explain SELECT k, c FROM sbtest1 WHERE k BETWEEN 6418666 AND 6418766
	Bitmap Heap Scan on sbtest1  (cost=5.58..448.42 rows=112 width=125)
	  Recheck Cond: ((k >= 6418666) AND (k <= 6418766))
	  ->  Bitmap Index Scan on k_1  (cost=0.00..5.55 rows=112 width=0)
	        Index Cond: ((k >= 6418666) AND (k <= 6418766))

table 2 : explain SELECT k, c FROM sbtest2 WHERE k BETWEEN 6418666 AND 6418766
	Bitmap Heap Scan on sbtest2  (cost=5.45..397.25 rows=99 width=125)
	  Recheck Cond: ((k >= 6418666) AND (k <= 6418766))
	  ->  Bitmap Index Scan on k_2  (cost=0.00..5.42 rows=99 width=0)
	        Index Cond: ((k >= 6418666) AND (k <= 6418766))

table 3 : explain SELECT k, c FROM sbtest3 WHERE k BETWEEN 6418666 AND 6418766
	Bitmap Heap Scan on sbtest3  (cost=5.47..405.13 rows=101 width=125)
	  Recheck Cond: ((k >= 6418666) AND (k <= 6418766))
	  ->  Bitmap Index Scan on k_3  (cost=0.00..5.44 rows=101 width=0)
	        Index Cond: ((k >= 6418666) AND (k <= 6418766))

table 4 : explain SELECT k, c FROM sbtest4 WHERE k BETWEEN 6418666 AND 6418766
	Bitmap Heap Scan on sbtest4  (cost=5.51..420.88 rows=105 width=125)
	  Recheck Cond: ((k >= 6418666) AND (k <= 6418766))
	  ->  Bitmap Index Scan on k_4  (cost=0.00..5.48 rows=105 width=0)
	        Index Cond: ((k >= 6418666) AND (k <= 6418766))

table 5 : explain SELECT k, c FROM sbtest5 WHERE k BETWEEN 6418666 AND 6418766
	Bitmap Heap Scan on sbtest5  (cost=5.48..409.07 rows=102 width=125)
	  Recheck Cond: ((k >= 6418666) AND (k <= 6418766))
	  ->  Bitmap Index Scan on k_5  (cost=0.00..5.45 rows=102 width=0)
	        Index Cond: ((k >= 6418666) AND (k <= 6418766))

table 6 : explain SELECT k, c FROM sbtest6 WHERE k BETWEEN 6418666 AND 6418766
	Bitmap Heap Scan on sbtest6  (cost=5.43..389.37 rows=97 width=125)
	  Recheck Cond: ((k >= 6418666) AND (k <= 6418766))
	  ->  Bitmap Index Scan on k_6  (cost=0.00..5.40 rows=97 width=0)
	        Index Cond: ((k >= 6418666) AND (k <= 6418766))

table 7 : explain SELECT k, c FROM sbtest7 WHERE k BETWEEN 6418666 AND 6418766
	Bitmap Heap Scan on sbtest7  (cost=5.56..440.56 rows=110 width=125)
	  Recheck Cond: ((k >= 6418666) AND (k <= 6418766))
	  ->  Bitmap Index Scan on k_7  (cost=0.00..5.53 rows=110 width=0)
	        Index Cond: ((k >= 6418666) AND (k <= 6418766))

table 8 : explain SELECT k, c FROM sbtest8 WHERE k BETWEEN 6418666 AND 6418766
	Bitmap Heap Scan on sbtest8  (cost=5.56..440.56 rows=110 width=125)
	  Recheck Cond: ((k >= 6418666) AND (k <= 6418766))
	  ->  Bitmap Index Scan on k_8  (cost=0.00..5.53 rows=110 width=0)
	        Index Cond: ((k >= 6418666) AND (k <= 6418766))

explain: for range-notcovered :: explain SELECT k, c FROM sbtest%d WHERE k BETWEEN 6418666 AND 6418766
for range-notcovered
table 1 : explain SELECT k, c FROM sbtest1 WHERE k BETWEEN 2496028 AND 2496128
	Bitmap Heap Scan on sbtest1  (cost=5.39..373.61 rows=93 width=125)
	  Recheck Cond: ((k >= 2496028) AND (k <= 2496128))
	  ->  Bitmap Index Scan on k_1  (cost=0.00..5.36 rows=93 width=0)
	        Index Cond: ((k >= 2496028) AND (k <= 2496128))

table 2 : explain SELECT k, c FROM sbtest2 WHERE k BETWEEN 2496028 AND 2496128
	Bitmap Heap Scan on sbtest2  (cost=5.57..444.49 rows=111 width=125)
	  Recheck Cond: ((k >= 2496028) AND (k <= 2496128))
	  ->  Bitmap Index Scan on k_2  (cost=0.00..5.54 rows=111 width=0)
	        Index Cond: ((k >= 2496028) AND (k <= 2496128))

table 3 : explain SELECT k, c FROM sbtest3 WHERE k BETWEEN 2496028 AND 2496128
	Bitmap Heap Scan on sbtest3  (cost=5.55..436.62 rows=109 width=125)
	  Recheck Cond: ((k >= 2496028) AND (k <= 2496128))
	  ->  Bitmap Index Scan on k_3  (cost=0.00..5.52 rows=109 width=0)
	        Index Cond: ((k >= 2496028) AND (k <= 2496128))

table 4 : explain SELECT k, c FROM sbtest4 WHERE k BETWEEN 2496028 AND 2496128
	Bitmap Heap Scan on sbtest4  (cost=5.42..385.43 rows=96 width=125)
	  Recheck Cond: ((k >= 2496028) AND (k <= 2496128))
	  ->  Bitmap Index Scan on k_4  (cost=0.00..5.39 rows=96 width=0)
	        Index Cond: ((k >= 2496028) AND (k <= 2496128))

table 5 : explain SELECT k, c FROM sbtest5 WHERE k BETWEEN 2496028 AND 2496128
	Bitmap Heap Scan on sbtest5  (cost=5.47..405.13 rows=101 width=125)
	  Recheck Cond: ((k >= 2496028) AND (k <= 2496128))
	  ->  Bitmap Index Scan on k_5  (cost=0.00..5.44 rows=101 width=0)
	        Index Cond: ((k >= 2496028) AND (k <= 2496128))

table 6 : explain SELECT k, c FROM sbtest6 WHERE k BETWEEN 2496028 AND 2496128
	Bitmap Heap Scan on sbtest6  (cost=5.57..444.49 rows=111 width=125)
	  Recheck Cond: ((k >= 2496028) AND (k <= 2496128))
	  ->  Bitmap Index Scan on k_6  (cost=0.00..5.54 rows=111 width=0)
	        Index Cond: ((k >= 2496028) AND (k <= 2496128))

table 7 : explain SELECT k, c FROM sbtest7 WHERE k BETWEEN 2496028 AND 2496128
	Bitmap Heap Scan on sbtest7  (cost=5.51..420.88 rows=105 width=125)
	  Recheck Cond: ((k >= 2496028) AND (k <= 2496128))
	  ->  Bitmap Index Scan on k_7  (cost=0.00..5.48 rows=105 width=0)
	        Index Cond: ((k >= 2496028) AND (k <= 2496128))

table 8 : explain SELECT k, c FROM sbtest8 WHERE k BETWEEN 2496028 AND 2496128
	Bitmap Heap Scan on sbtest8  (cost=5.53..428.75 rows=107 width=125)
	  Recheck Cond: ((k >= 2496028) AND (k <= 2496128))
	  ->  Bitmap Index Scan on k_8  (cost=0.00..5.50 rows=107 width=0)
	        Index Cond: ((k >= 2496028) AND (k <= 2496128))

explain: for range-notcovered :: explain SELECT k, c FROM sbtest%d WHERE k BETWEEN 2496028 AND 2496128
for range-notcovered
table 1 : explain SELECT k, c FROM sbtest1 WHERE k BETWEEN 3927617 AND 3927717
	Bitmap Heap Scan on sbtest1  (cost=5.41..381.49 rows=95 width=125)
	  Recheck Cond: ((k >= 3927617) AND (k <= 3927717))
	  ->  Bitmap Index Scan on k_1  (cost=0.00..5.38 rows=95 width=0)
	        Index Cond: ((k >= 3927617) AND (k <= 3927717))

table 2 : explain SELECT k, c FROM sbtest2 WHERE k BETWEEN 3927617 AND 3927717
	Bitmap Heap Scan on sbtest2  (cost=5.51..420.88 rows=105 width=125)
	  Recheck Cond: ((k >= 3927617) AND (k <= 3927717))
	  ->  Bitmap Index Scan on k_2  (cost=0.00..5.48 rows=105 width=0)
	        Index Cond: ((k >= 3927617) AND (k <= 3927717))

table 3 : explain SELECT k, c FROM sbtest3 WHERE k BETWEEN 3927617 AND 3927717
	Bitmap Heap Scan on sbtest3  (cost=5.42..385.43 rows=96 width=125)
	  Recheck Cond: ((k >= 3927617) AND (k <= 3927717))
	  ->  Bitmap Index Scan on k_3  (cost=0.00..5.39 rows=96 width=0)
	        Index Cond: ((k >= 3927617) AND (k <= 3927717))

table 4 : explain SELECT k, c FROM sbtest4 WHERE k BETWEEN 3927617 AND 3927717
	Bitmap Heap Scan on sbtest4  (cost=5.62..464.15 rows=116 width=125)
	  Recheck Cond: ((k >= 3927617) AND (k <= 3927717))
	  ->  Bitmap Index Scan on k_4  (cost=0.00..5.59 rows=116 width=0)
	        Index Cond: ((k >= 3927617) AND (k <= 3927717))

table 5 : explain SELECT k, c FROM sbtest5 WHERE k BETWEEN 3927617 AND 3927717
	Bitmap Heap Scan on sbtest5  (cost=5.49..413.00 rows=103 width=125)
	  Recheck Cond: ((k >= 3927617) AND (k <= 3927717))
	  ->  Bitmap Index Scan on k_5  (cost=0.00..5.46 rows=103 width=0)
	        Index Cond: ((k >= 3927617) AND (k <= 3927717))

table 6 : explain SELECT k, c FROM sbtest6 WHERE k BETWEEN 3927617 AND 3927717
	Bitmap Heap Scan on sbtest6  (cost=5.51..420.88 rows=105 width=125)
	  Recheck Cond: ((k >= 3927617) AND (k <= 3927717))
	  ->  Bitmap Index Scan on k_6  (cost=0.00..5.48 rows=105 width=0)
	        Index Cond: ((k >= 3927617) AND (k <= 3927717))

table 7 : explain SELECT k, c FROM sbtest7 WHERE k BETWEEN 3927617 AND 3927717
	Bitmap Heap Scan on sbtest7  (cost=5.52..424.81 rows=106 width=125)
	  Recheck Cond: ((k >= 3927617) AND (k <= 3927717))
	  ->  Bitmap Index Scan on k_7  (cost=0.00..5.50 rows=106 width=0)
	        Index Cond: ((k >= 3927617) AND (k <= 3927717))

table 8 : explain SELECT k, c FROM sbtest8 WHERE k BETWEEN 3927617 AND 3927717
	Bitmap Heap Scan on sbtest8  (cost=5.50..416.94 rows=104 width=125)
	  Recheck Cond: ((k >= 3927617) AND (k <= 3927717))
	  ->  Bitmap Index Scan on k_8  (cost=0.00..5.47 rows=104 width=0)
	        Index Cond: ((k >= 3927617) AND (k <= 3927717))

explain: for range-notcovered :: explain SELECT k, c FROM sbtest%d WHERE k BETWEEN 3927617 AND 3927717
for range-notcovered
table 1 : explain SELECT k, c FROM sbtest1 WHERE k BETWEEN 4126180 AND 4126280
	Bitmap Heap Scan on sbtest1  (cost=5.53..428.75 rows=107 width=125)
	  Recheck Cond: ((k >= 4126180) AND (k <= 4126280))
	  ->  Bitmap Index Scan on k_1  (cost=0.00..5.50 rows=107 width=0)
	        Index Cond: ((k >= 4126180) AND (k <= 4126280))

table 2 : explain SELECT k, c FROM sbtest2 WHERE k BETWEEN 4126180 AND 4126280
	Bitmap Heap Scan on sbtest2  (cost=5.49..413.00 rows=103 width=125)
	  Recheck Cond: ((k >= 4126180) AND (k <= 4126280))
	  ->  Bitmap Index Scan on k_2  (cost=0.00..5.46 rows=103 width=0)
	        Index Cond: ((k >= 4126180) AND (k <= 4126280))

table 3 : explain SELECT k, c FROM sbtest3 WHERE k BETWEEN 4126180 AND 4126280
	Bitmap Heap Scan on sbtest3  (cost=5.49..413.00 rows=103 width=125)
	  Recheck Cond: ((k >= 4126180) AND (k <= 4126280))
	  ->  Bitmap Index Scan on k_3  (cost=0.00..5.46 rows=103 width=0)
	        Index Cond: ((k >= 4126180) AND (k <= 4126280))

table 4 : explain SELECT k, c FROM sbtest4 WHERE k BETWEEN 4126180 AND 4126280
	Bitmap Heap Scan on sbtest4  (cost=5.47..405.13 rows=101 width=125)
	  Recheck Cond: ((k >= 4126180) AND (k <= 4126280))
	  ->  Bitmap Index Scan on k_4  (cost=0.00..5.44 rows=101 width=0)
	        Index Cond: ((k >= 4126180) AND (k <= 4126280))

table 5 : explain SELECT k, c FROM sbtest5 WHERE k BETWEEN 4126180 AND 4126280
	Bitmap Heap Scan on sbtest5  (cost=5.48..409.07 rows=102 width=125)
	  Recheck Cond: ((k >= 4126180) AND (k <= 4126280))
	  ->  Bitmap Index Scan on k_5  (cost=0.00..5.45 rows=102 width=0)
	        Index Cond: ((k >= 4126180) AND (k <= 4126280))

table 6 : explain SELECT k, c FROM sbtest6 WHERE k BETWEEN 4126180 AND 4126280
	Bitmap Heap Scan on sbtest6  (cost=5.50..416.94 rows=104 width=125)
	  Recheck Cond: ((k >= 4126180) AND (k <= 4126280))
	  ->  Bitmap Index Scan on k_6  (cost=0.00..5.47 rows=104 width=0)
	        Index Cond: ((k >= 4126180) AND (k <= 4126280))

table 7 : explain SELECT k, c FROM sbtest7 WHERE k BETWEEN 4126180 AND 4126280
	Bitmap Heap Scan on sbtest7  (cost=5.50..416.94 rows=104 width=125)
	  Recheck Cond: ((k >= 4126180) AND (k <= 4126280))
	  ->  Bitmap Index Scan on k_7  (cost=0.00..5.47 rows=104 width=0)
	        Index Cond: ((k >= 4126180) AND (k <= 4126280))

table 8 : explain SELECT k, c FROM sbtest8 WHERE k BETWEEN 4126180 AND 4126280
	Bitmap Heap Scan on sbtest8  (cost=5.45..397.25 rows=99 width=125)
	  Recheck Cond: ((k >= 4126180) AND (k <= 4126280))
	  ->  Bitmap Index Scan on k_8  (cost=0.00..5.42 rows=99 width=0)
	        Index Cond: ((k >= 4126180) AND (k <= 4126280))

for range-notcovered
table 1 : explain SELECT k, c FROM sbtest1 WHERE k BETWEEN 7786109 AND 7786209
	Bitmap Heap Scan on sbtest1  (cost=5.42..385.43 rows=96 width=125)
	  Recheck Cond: ((k >= 7786109) AND (k <= 7786209))
	  ->  Bitmap Index Scan on k_1  (cost=0.00..5.39 rows=96 width=0)
	        Index Cond: ((k >= 7786109) AND (k <= 7786209))

table 2 : explain SELECT k, c FROM sbtest2 WHERE k BETWEEN 7786109 AND 7786209
	Bitmap Heap Scan on sbtest2  (cost=5.49..413.00 rows=103 width=125)
	  Recheck Cond: ((k >= 7786109) AND (k <= 7786209))
	  ->  Bitmap Index Scan on k_2  (cost=0.00..5.46 rows=103 width=0)
	        Index Cond: ((k >= 7786109) AND (k <= 7786209))

table 3 : explain SELECT k, c FROM sbtest3 WHERE k BETWEEN 7786109 AND 7786209
	Bitmap Heap Scan on sbtest3  (cost=5.54..432.69 rows=108 width=125)
	  Recheck Cond: ((k >= 7786109) AND (k <= 7786209))
	  ->  Bitmap Index Scan on k_3  (cost=0.00..5.51 rows=108 width=0)
	        Index Cond: ((k >= 7786109) AND (k <= 7786209))

table 4 : explain SELECT k, c FROM sbtest4 WHERE k BETWEEN 7786109 AND 7786209
	Bitmap Heap Scan on sbtest4  (cost=5.50..416.94 rows=104 width=125)
	  Recheck Cond: ((k >= 7786109) AND (k <= 7786209))
	  ->  Bitmap Index Scan on k_4  (cost=0.00..5.47 rows=104 width=0)
	        Index Cond: ((k >= 7786109) AND (k <= 7786209))

table 5 : explain SELECT k, c FROM sbtest5 WHERE k BETWEEN 7786109 AND 7786209
	Bitmap Heap Scan on sbtest5  (cost=5.43..389.37 rows=97 width=125)
	  Recheck Cond: ((k >= 7786109) AND (k <= 7786209))
	  ->  Bitmap Index Scan on k_5  (cost=0.00..5.40 rows=97 width=0)
	        Index Cond: ((k >= 7786109) AND (k <= 7786209))

table 6 : explain SELECT k, c FROM sbtest6 WHERE k BETWEEN 7786109 AND 7786209
	Bitmap Heap Scan on sbtest6  (cost=5.53..428.75 rows=107 width=125)
	  Recheck Cond: ((k >= 7786109) AND (k <= 7786209))
	  ->  Bitmap Index Scan on k_6  (cost=0.00..5.50 rows=107 width=0)
	        Index Cond: ((k >= 7786109) AND (k <= 7786209))

table 7 : explain SELECT k, c FROM sbtest7 WHERE k BETWEEN 7786109 AND 7786209
	Bitmap Heap Scan on sbtest7  (cost=5.46..401.19 rows=100 width=125)
	  Recheck Cond: ((k >= 7786109) AND (k <= 7786209))
	  ->  Bitmap Index Scan on k_7  (cost=0.00..5.43 rows=100 width=0)
	        Index Cond: ((k >= 7786109) AND (k <= 7786209))

table 8 : explain SELECT k, c FROM sbtest8 WHERE k BETWEEN 7786109 AND 7786209
	Bitmap Heap Scan on sbtest8  (cost=5.44..393.31 rows=98 width=125)
	  Recheck Cond: ((k >= 7786109) AND (k <= 7786209))
	  ->  Bitmap Index Scan on k_8  (cost=0.00..5.42 rows=98 width=0)
	        Index Cond: ((k >= 7786109) AND (k <= 7786209))

explain: for range-notcovered :: explain SELECT k, c FROM sbtest%d WHERE k BETWEEN 4126180 AND 4126280
for range-notcovered
table 1 : explain SELECT k, c FROM sbtest1 WHERE k BETWEEN 4318978 AND 4319078
	Bitmap Heap Scan on sbtest1  (cost=5.51..420.88 rows=105 width=125)
	  Recheck Cond: ((k >= 4318978) AND (k <= 4319078))
	  ->  Bitmap Index Scan on k_1  (cost=0.00..5.48 rows=105 width=0)
	        Index Cond: ((k >= 4318978) AND (k <= 4319078))

table 2 : explain SELECT k, c FROM sbtest2 WHERE k BETWEEN 4318978 AND 4319078
	Bitmap Heap Scan on sbtest2  (cost=5.54..432.69 rows=108 width=125)
	  Recheck Cond: ((k >= 4318978) AND (k <= 4319078))
	  ->  Bitmap Index Scan on k_2  (cost=0.00..5.51 rows=108 width=0)
	        Index Cond: ((k >= 4318978) AND (k <= 4319078))

table 3 : explain SELECT k, c FROM sbtest3 WHERE k BETWEEN 4318978 AND 4319078
	Bitmap Heap Scan on sbtest3  (cost=5.50..416.94 rows=104 width=125)
	  Recheck Cond: ((k >= 4318978) AND (k <= 4319078))
	  ->  Bitmap Index Scan on k_3  (cost=0.00..5.47 rows=104 width=0)
	        Index Cond: ((k >= 4318978) AND (k <= 4319078))

table 4 : explain SELECT k, c FROM sbtest4 WHERE k BETWEEN 4318978 AND 4319078
	Bitmap Heap Scan on sbtest4  (cost=5.41..381.49 rows=95 width=125)
	  Recheck Cond: ((k >= 4318978) AND (k <= 4319078))
	  ->  Bitmap Index Scan on k_4  (cost=0.00..5.38 rows=95 width=0)
	        Index Cond: ((k >= 4318978) AND (k <= 4319078))

table 5 : explain SELECT k, c FROM sbtest5 WHERE k BETWEEN 4318978 AND 4319078
	Bitmap Heap Scan on sbtest5  (cost=5.54..432.69 rows=108 width=125)
	  Recheck Cond: ((k >= 4318978) AND (k <= 4319078))
	  ->  Bitmap Index Scan on k_5  (cost=0.00..5.51 rows=108 width=0)
	        Index Cond: ((k >= 4318978) AND (k <= 4319078))

table 6 : explain SELECT k, c FROM sbtest6 WHERE k BETWEEN 4318978 AND 4319078
	Bitmap Heap Scan on sbtest6  (cost=5.60..456.29 rows=114 width=125)
	  Recheck Cond: ((k >= 4318978) AND (k <= 4319078))
	  ->  Bitmap Index Scan on k_6  (cost=0.00..5.58 rows=114 width=0)
	        Index Cond: ((k >= 4318978) AND (k <= 4319078))

table 7 : explain SELECT k, c FROM sbtest7 WHERE k BETWEEN 4318978 AND 4319078
	Bitmap Heap Scan on sbtest7  (cost=5.49..413.00 rows=103 width=125)
	  Recheck Cond: ((k >= 4318978) AND (k <= 4319078))
	  ->  Bitmap Index Scan on k_7  (cost=0.00..5.46 rows=103 width=0)
	        Index Cond: ((k >= 4318978) AND (k <= 4319078))

table 8 : explain SELECT k, c FROM sbtest8 WHERE k BETWEEN 4318978 AND 4319078
	Bitmap Heap Scan on sbtest8  (cost=5.48..409.07 rows=102 width=125)
	  Recheck Cond: ((k >= 4318978) AND (k <= 4319078))
	  ->  Bitmap Index Scan on k_8  (cost=0.00..5.45 rows=102 width=0)
	        Index Cond: ((k >= 4318978) AND (k <= 4319078))

explain: for range-notcovered :: explain SELECT k, c FROM sbtest%d WHERE k BETWEEN 4318978 AND 4319078
for range-notcovered
table 1 : explain SELECT k, c FROM sbtest1 WHERE k BETWEEN 6418666 AND 6418766
	Bitmap Heap Scan on sbtest1  (cost=5.58..448.42 rows=112 width=125)
	  Recheck Cond: ((k >= 6418666) AND (k <= 6418766))
	  ->  Bitmap Index Scan on k_1  (cost=0.00..5.55 rows=112 width=0)
	        Index Cond: ((k >= 6418666) AND (k <= 6418766))

table 2 : explain SELECT k, c FROM sbtest2 WHERE k BETWEEN 6418666 AND 6418766
	Bitmap Heap Scan on sbtest2  (cost=5.45..397.25 rows=99 width=125)
	  Recheck Cond: ((k >= 6418666) AND (k <= 6418766))
	  ->  Bitmap Index Scan on k_2  (cost=0.00..5.42 rows=99 width=0)
	        Index Cond: ((k >= 6418666) AND (k <= 6418766))

table 3 : explain SELECT k, c FROM sbtest3 WHERE k BETWEEN 6418666 AND 6418766
	Bitmap Heap Scan on sbtest3  (cost=5.47..405.13 rows=101 width=125)
	  Recheck Cond: ((k >= 6418666) AND (k <= 6418766))
	  ->  Bitmap Index Scan on k_3  (cost=0.00..5.44 rows=101 width=0)
	        Index Cond: ((k >= 6418666) AND (k <= 6418766))

table 4 : explain SELECT k, c FROM sbtest4 WHERE k BETWEEN 6418666 AND 6418766
	Bitmap Heap Scan on sbtest4  (cost=5.51..420.88 rows=105 width=125)
	  Recheck Cond: ((k >= 6418666) AND (k <= 6418766))
	  ->  Bitmap Index Scan on k_4  (cost=0.00..5.48 rows=105 width=0)
	        Index Cond: ((k >= 6418666) AND (k <= 6418766))

table 5 : explain SELECT k, c FROM sbtest5 WHERE k BETWEEN 6418666 AND 6418766
	Bitmap Heap Scan on sbtest5  (cost=5.48..409.07 rows=102 width=125)
	  Recheck Cond: ((k >= 6418666) AND (k <= 6418766))
	  ->  Bitmap Index Scan on k_5  (cost=0.00..5.45 rows=102 width=0)
	        Index Cond: ((k >= 6418666) AND (k <= 6418766))

table 6 : explain SELECT k, c FROM sbtest6 WHERE k BETWEEN 6418666 AND 6418766
	Bitmap Heap Scan on sbtest6  (cost=5.43..389.37 rows=97 width=125)
	  Recheck Cond: ((k >= 6418666) AND (k <= 6418766))
	  ->  Bitmap Index Scan on k_6  (cost=0.00..5.40 rows=97 width=0)
	        Index Cond: ((k >= 6418666) AND (k <= 6418766))

table 7 : explain SELECT k, c FROM sbtest7 WHERE k BETWEEN 6418666 AND 6418766
	Bitmap Heap Scan on sbtest7  (cost=5.56..440.56 rows=110 width=125)
	  Recheck Cond: ((k >= 6418666) AND (k <= 6418766))
	  ->  Bitmap Index Scan on k_7  (cost=0.00..5.53 rows=110 width=0)
	        Index Cond: ((k >= 6418666) AND (k <= 6418766))

table 8 : explain SELECT k, c FROM sbtest8 WHERE k BETWEEN 6418666 AND 6418766
	Bitmap Heap Scan on sbtest8  (cost=5.56..440.56 rows=110 width=125)
	  Recheck Cond: ((k >= 6418666) AND (k <= 6418766))
	  ->  Bitmap Index Scan on k_8  (cost=0.00..5.53 rows=110 width=0)
	        Index Cond: ((k >= 6418666) AND (k <= 6418766))

explain: for range-notcovered :: explain SELECT k, c FROM sbtest%d WHERE k BETWEEN 6418666 AND 6418766
for range-notcovered
table 1 : explain SELECT k, c FROM sbtest1 WHERE k BETWEEN 2496028 AND 2496128
	Bitmap Heap Scan on sbtest1  (cost=5.39..373.61 rows=93 width=125)
	  Recheck Cond: ((k >= 2496028) AND (k <= 2496128))
	  ->  Bitmap Index Scan on k_1  (cost=0.00..5.36 rows=93 width=0)
	        Index Cond: ((k >= 2496028) AND (k <= 2496128))

table 2 : explain SELECT k, c FROM sbtest2 WHERE k BETWEEN 2496028 AND 2496128
	Bitmap Heap Scan on sbtest2  (cost=5.57..444.49 rows=111 width=125)
	  Recheck Cond: ((k >= 2496028) AND (k <= 2496128))
	  ->  Bitmap Index Scan on k_2  (cost=0.00..5.54 rows=111 width=0)
	        Index Cond: ((k >= 2496028) AND (k <= 2496128))

table 3 : explain SELECT k, c FROM sbtest3 WHERE k BETWEEN 2496028 AND 2496128
	Bitmap Heap Scan on sbtest3  (cost=5.55..436.62 rows=109 width=125)
	  Recheck Cond: ((k >= 2496028) AND (k <= 2496128))
	  ->  Bitmap Index Scan on k_3  (cost=0.00..5.52 rows=109 width=0)
	        Index Cond: ((k >= 2496028) AND (k <= 2496128))

table 4 : explain SELECT k, c FROM sbtest4 WHERE k BETWEEN 2496028 AND 2496128
	Bitmap Heap Scan on sbtest4  (cost=5.42..385.43 rows=96 width=125)
	  Recheck Cond: ((k >= 2496028) AND (k <= 2496128))
	  ->  Bitmap Index Scan on k_4  (cost=0.00..5.39 rows=96 width=0)
	        Index Cond: ((k >= 2496028) AND (k <= 2496128))

table 5 : explain SELECT k, c FROM sbtest5 WHERE k BETWEEN 2496028 AND 2496128
	Bitmap Heap Scan on sbtest5  (cost=5.47..405.13 rows=101 width=125)
	  Recheck Cond: ((k >= 2496028) AND (k <= 2496128))
	  ->  Bitmap Index Scan on k_5  (cost=0.00..5.44 rows=101 width=0)
	        Index Cond: ((k >= 2496028) AND (k <= 2496128))

table 6 : explain SELECT k, c FROM sbtest6 WHERE k BETWEEN 2496028 AND 2496128
	Bitmap Heap Scan on sbtest6  (cost=5.57..444.49 rows=111 width=125)
	  Recheck Cond: ((k >= 2496028) AND (k <= 2496128))
	  ->  Bitmap Index Scan on k_6  (cost=0.00..5.54 rows=111 width=0)
	        Index Cond: ((k >= 2496028) AND (k <= 2496128))

table 7 : explain SELECT k, c FROM sbtest7 WHERE k BETWEEN 2496028 AND 2496128
	Bitmap Heap Scan on sbtest7  (cost=5.51..420.88 rows=105 width=125)
	  Recheck Cond: ((k >= 2496028) AND (k <= 2496128))
	  ->  Bitmap Index Scan on k_7  (cost=0.00..5.48 rows=105 width=0)
	        Index Cond: ((k >= 2496028) AND (k <= 2496128))

table 8 : explain SELECT k, c FROM sbtest8 WHERE k BETWEEN 2496028 AND 2496128
	Bitmap Heap Scan on sbtest8  (cost=5.53..428.75 rows=107 width=125)
	  Recheck Cond: ((k >= 2496028) AND (k <= 2496128))
	  ->  Bitmap Index Scan on k_8  (cost=0.00..5.50 rows=107 width=0)
	        Index Cond: ((k >= 2496028) AND (k <= 2496128))

for range-notcovered
table 1 : explain SELECT k, c FROM sbtest1 WHERE k BETWEEN 4863954 AND 4864054
	Bitmap Heap Scan on sbtest1  (cost=5.48..409.07 rows=102 width=125)
	  Recheck Cond: ((k >= 4863954) AND (k <= 4864054))
	  ->  Bitmap Index Scan on k_1  (cost=0.00..5.45 rows=102 width=0)
	        Index Cond: ((k >= 4863954) AND (k <= 4864054))

table 2 : explain SELECT k, c FROM sbtest2 WHERE k BETWEEN 4863954 AND 4864054
	Bitmap Heap Scan on sbtest2  (cost=5.38..369.67 rows=92 width=125)
	  Recheck Cond: ((k >= 4863954) AND (k <= 4864054))
	  ->  Bitmap Index Scan on k_2  (cost=0.00..5.35 rows=92 width=0)
	        Index Cond: ((k >= 4863954) AND (k <= 4864054))

table 3 : explain SELECT k, c FROM sbtest3 WHERE k BETWEEN 4863954 AND 4864054
	Bitmap Heap Scan on sbtest3  (cost=5.47..405.13 rows=101 width=125)
	  Recheck Cond: ((k >= 4863954) AND (k <= 4864054))
	  ->  Bitmap Index Scan on k_3  (cost=0.00..5.44 rows=101 width=0)
	        Index Cond: ((k >= 4863954) AND (k <= 4864054))

table 4 : explain SELECT k, c FROM sbtest4 WHERE k BETWEEN 4863954 AND 4864054
	Bitmap Heap Scan on sbtest4  (cost=5.46..401.19 rows=100 width=125)
	  Recheck Cond: ((k >= 4863954) AND (k <= 4864054))
	  ->  Bitmap Index Scan on k_4  (cost=0.00..5.43 rows=100 width=0)
	        Index Cond: ((k >= 4863954) AND (k <= 4864054))

table 5 : explain SELECT k, c FROM sbtest5 WHERE k BETWEEN 4863954 AND 4864054
	Bitmap Heap Scan on sbtest5  (cost=5.39..373.61 rows=93 width=125)
	  Recheck Cond: ((k >= 4863954) AND (k <= 4864054))
	  ->  Bitmap Index Scan on k_5  (cost=0.00..5.36 rows=93 width=0)
	        Index Cond: ((k >= 4863954) AND (k <= 4864054))

table 6 : explain SELECT k, c FROM sbtest6 WHERE k BETWEEN 4863954 AND 4864054
	Bitmap Heap Scan on sbtest6  (cost=5.48..409.07 rows=102 width=125)
	  Recheck Cond: ((k >= 4863954) AND (k <= 4864054))
	  ->  Bitmap Index Scan on k_6  (cost=0.00..5.45 rows=102 width=0)
	        Index Cond: ((k >= 4863954) AND (k <= 4864054))

table 7 : explain SELECT k, c FROM sbtest7 WHERE k BETWEEN 4863954 AND 4864054
	Bitmap Heap Scan on sbtest7  (cost=5.47..405.13 rows=101 width=125)
	  Recheck Cond: ((k >= 4863954) AND (k <= 4864054))
	  ->  Bitmap Index Scan on k_7  (cost=0.00..5.44 rows=101 width=0)
	        Index Cond: ((k >= 4863954) AND (k <= 4864054))

table 8 : explain SELECT k, c FROM sbtest8 WHERE k BETWEEN 4863954 AND 4864054
	Bitmap Heap Scan on sbtest8  (cost=5.54..432.69 rows=108 width=125)
	  Recheck Cond: ((k >= 4863954) AND (k <= 4864054))
	  ->  Bitmap Index Scan on k_8  (cost=0.00..5.51 rows=108 width=0)
	        Index Cond: ((k >= 4863954) AND (k <= 4864054))

explain: for range-notcovered :: explain SELECT k, c FROM sbtest%d WHERE k BETWEEN 2496028 AND 2496128
explain: for range-notcovered :: explain SELECT k, c FROM sbtest%d WHERE k BETWEEN 4863954 AND 4864054
explain: for range-notcovered :: explain SELECT k, c FROM sbtest%d WHERE k BETWEEN 6673690 AND 6673790
for range-notcovered
table 1 : explain SELECT k, c FROM sbtest1 WHERE k BETWEEN 3927617 AND 3927717
	Bitmap Heap Scan on sbtest1  (cost=5.41..381.49 rows=95 width=125)
	  Recheck Cond: ((k >= 3927617) AND (k <= 3927717))
	  ->  Bitmap Index Scan on k_1  (cost=0.00..5.38 rows=95 width=0)
	        Index Cond: ((k >= 3927617) AND (k <= 3927717))

table 2 : explain SELECT k, c FROM sbtest2 WHERE k BETWEEN 3927617 AND 3927717
	Bitmap Heap Scan on sbtest2  (cost=5.51..420.88 rows=105 width=125)
	  Recheck Cond: ((k >= 3927617) AND (k <= 3927717))
	  ->  Bitmap Index Scan on k_2  (cost=0.00..5.48 rows=105 width=0)
	        Index Cond: ((k >= 3927617) AND (k <= 3927717))

table 3 : explain SELECT k, c FROM sbtest3 WHERE k BETWEEN 3927617 AND 3927717
	Bitmap Heap Scan on sbtest3  (cost=5.42..385.43 rows=96 width=125)
	  Recheck Cond: ((k >= 3927617) AND (k <= 3927717))
	  ->  Bitmap Index Scan on k_3  (cost=0.00..5.39 rows=96 width=0)
	        Index Cond: ((k >= 3927617) AND (k <= 3927717))

table 4 : explain SELECT k, c FROM sbtest4 WHERE k BETWEEN 3927617 AND 3927717
	Bitmap Heap Scan on sbtest4  (cost=5.62..464.15 rows=116 width=125)
	  Recheck Cond: ((k >= 3927617) AND (k <= 3927717))
	  ->  Bitmap Index Scan on k_4  (cost=0.00..5.59 rows=116 width=0)
	        Index Cond: ((k >= 3927617) AND (k <= 3927717))

table 5 : explain SELECT k, c FROM sbtest5 WHERE k BETWEEN 3927617 AND 3927717
	Bitmap Heap Scan on sbtest5  (cost=5.49..413.00 rows=103 width=125)
	  Recheck Cond: ((k >= 3927617) AND (k <= 3927717))
	  ->  Bitmap Index Scan on k_5  (cost=0.00..5.46 rows=103 width=0)
	        Index Cond: ((k >= 3927617) AND (k <= 3927717))

table 6 : explain SELECT k, c FROM sbtest6 WHERE k BETWEEN 3927617 AND 3927717
	Bitmap Heap Scan on sbtest6  (cost=5.51..420.88 rows=105 width=125)
	  Recheck Cond: ((k >= 3927617) AND (k <= 3927717))
	  ->  Bitmap Index Scan on k_6  (cost=0.00..5.48 rows=105 width=0)
	        Index Cond: ((k >= 3927617) AND (k <= 3927717))

table 7 : explain SELECT k, c FROM sbtest7 WHERE k BETWEEN 3927617 AND 3927717
	Bitmap Heap Scan on sbtest7  (cost=5.52..424.81 rows=106 width=125)
	  Recheck Cond: ((k >= 3927617) AND (k <= 3927717))
	  ->  Bitmap Index Scan on k_7  (cost=0.00..5.50 rows=106 width=0)
	        Index Cond: ((k >= 3927617) AND (k <= 3927717))

table 8 : explain SELECT k, c FROM sbtest8 WHERE k BETWEEN 3927617 AND 3927717
	Bitmap Heap Scan on sbtest8  (cost=5.50..416.94 rows=104 width=125)
	  Recheck Cond: ((k >= 3927617) AND (k <= 3927717))
	  ->  Bitmap Index Scan on k_8  (cost=0.00..5.47 rows=104 width=0)
	        Index Cond: ((k >= 3927617) AND (k <= 3927717))

explain: for range-notcovered :: explain SELECT k, c FROM sbtest%d WHERE k BETWEEN 3927617 AND 3927717
for range-notcovered
table 1 : explain SELECT k, c FROM sbtest1 WHERE k BETWEEN 1742706 AND 1742806
	Bitmap Heap Scan on sbtest1  (cost=5.54..432.69 rows=108 width=125)
	  Recheck Cond: ((k >= 1742706) AND (k <= 1742806))
	  ->  Bitmap Index Scan on k_1  (cost=0.00..5.51 rows=108 width=0)
	        Index Cond: ((k >= 1742706) AND (k <= 1742806))

table 2 : explain SELECT k, c FROM sbtest2 WHERE k BETWEEN 1742706 AND 1742806
	Bitmap Heap Scan on sbtest2  (cost=5.52..424.81 rows=106 width=125)
	  Recheck Cond: ((k >= 1742706) AND (k <= 1742806))
	  ->  Bitmap Index Scan on k_2  (cost=0.00..5.50 rows=106 width=0)
	        Index Cond: ((k >= 1742706) AND (k <= 1742806))

table 3 : explain SELECT k, c FROM sbtest3 WHERE k BETWEEN 1742706 AND 1742806
	Bitmap Heap Scan on sbtest3  (cost=5.51..420.88 rows=105 width=125)
	  Recheck Cond: ((k >= 1742706) AND (k <= 1742806))
	  ->  Bitmap Index Scan on k_3  (cost=0.00..5.48 rows=105 width=0)
	        Index Cond: ((k >= 1742706) AND (k <= 1742806))

table 4 : explain SELECT k, c FROM sbtest4 WHERE k BETWEEN 1742706 AND 1742806
	Bitmap Heap Scan on sbtest4  (cost=5.43..389.37 rows=97 width=125)
	  Recheck Cond: ((k >= 1742706) AND (k <= 1742806))
	  ->  Bitmap Index Scan on k_4  (cost=0.00..5.40 rows=97 width=0)
	        Index Cond: ((k >= 1742706) AND (k <= 1742806))

table 5 : explain SELECT k, c FROM sbtest5 WHERE k BETWEEN 1742706 AND 1742806
	Bitmap Heap Scan on sbtest5  (cost=5.54..432.69 rows=108 width=125)
	  Recheck Cond: ((k >= 1742706) AND (k <= 1742806))
	  ->  Bitmap Index Scan on k_5  (cost=0.00..5.51 rows=108 width=0)
	        Index Cond: ((k >= 1742706) AND (k <= 1742806))

table 6 : explain SELECT k, c FROM sbtest6 WHERE k BETWEEN 1742706 AND 1742806
	Bitmap Heap Scan on sbtest6  (cost=5.39..373.61 rows=93 width=125)
	  Recheck Cond: ((k >= 1742706) AND (k <= 1742806))
	  ->  Bitmap Index Scan on k_6  (cost=0.00..5.36 rows=93 width=0)
	        Index Cond: ((k >= 1742706) AND (k <= 1742806))

table 7 : explain SELECT k, c FROM sbtest7 WHERE k BETWEEN 1742706 AND 1742806
	Bitmap Heap Scan on sbtest7  (cost=5.51..420.88 rows=105 width=125)
	  Recheck Cond: ((k >= 1742706) AND (k <= 1742806))
	  ->  Bitmap Index Scan on k_7  (cost=0.00..5.48 rows=105 width=0)
	        Index Cond: ((k >= 1742706) AND (k <= 1742806))

table 8 : explain SELECT k, c FROM sbtest8 WHERE k BETWEEN 1742706 AND 1742806
	Bitmap Heap Scan on sbtest8  (cost=5.51..420.88 rows=105 width=125)
	  Recheck Cond: ((k >= 1742706) AND (k <= 1742806))
	  ->  Bitmap Index Scan on k_8  (cost=0.00..5.48 rows=105 width=0)
	        Index Cond: ((k >= 1742706) AND (k <= 1742806))

for range-notcovered
table 1 : explain SELECT k, c FROM sbtest1 WHERE k BETWEEN 4318978 AND 4319078
	Bitmap Heap Scan on sbtest1  (cost=5.51..420.88 rows=105 width=125)
	  Recheck Cond: ((k >= 4318978) AND (k <= 4319078))
	  ->  Bitmap Index Scan on k_1  (cost=0.00..5.48 rows=105 width=0)
	        Index Cond: ((k >= 4318978) AND (k <= 4319078))

table 2 : explain SELECT k, c FROM sbtest2 WHERE k BETWEEN 4318978 AND 4319078
	Bitmap Heap Scan on sbtest2  (cost=5.54..432.69 rows=108 width=125)
	  Recheck Cond: ((k >= 4318978) AND (k <= 4319078))
	  ->  Bitmap Index Scan on k_2  (cost=0.00..5.51 rows=108 width=0)
	        Index Cond: ((k >= 4318978) AND (k <= 4319078))

table 3 : explain SELECT k, c FROM sbtest3 WHERE k BETWEEN 4318978 AND 4319078
	Bitmap Heap Scan on sbtest3  (cost=5.50..416.94 rows=104 width=125)
	  Recheck Cond: ((k >= 4318978) AND (k <= 4319078))
	  ->  Bitmap Index Scan on k_3  (cost=0.00..5.47 rows=104 width=0)
	        Index Cond: ((k >= 4318978) AND (k <= 4319078))

table 4 : explain SELECT k, c FROM sbtest4 WHERE k BETWEEN 4318978 AND 4319078
	Bitmap Heap Scan on sbtest4  (cost=5.41..381.49 rows=95 width=125)
	  Recheck Cond: ((k >= 4318978) AND (k <= 4319078))
	  ->  Bitmap Index Scan on k_4  (cost=0.00..5.38 rows=95 width=0)
	        Index Cond: ((k >= 4318978) AND (k <= 4319078))

table 5 : explain SELECT k, c FROM sbtest5 WHERE k BETWEEN 4318978 AND 4319078
	Bitmap Heap Scan on sbtest5  (cost=5.54..432.69 rows=108 width=125)
	  Recheck Cond: ((k >= 4318978) AND (k <= 4319078))
	  ->  Bitmap Index Scan on k_5  (cost=0.00..5.51 rows=108 width=0)
	        Index Cond: ((k >= 4318978) AND (k <= 4319078))

table 6 : explain SELECT k, c FROM sbtest6 WHERE k BETWEEN 4318978 AND 4319078
	Bitmap Heap Scan on sbtest6  (cost=5.60..456.29 rows=114 width=125)
	  Recheck Cond: ((k >= 4318978) AND (k <= 4319078))
	  ->  Bitmap Index Scan on k_6  (cost=0.00..5.58 rows=114 width=0)
	        Index Cond: ((k >= 4318978) AND (k <= 4319078))

table 7 : explain SELECT k, c FROM sbtest7 WHERE k BETWEEN 4318978 AND 4319078
	Bitmap Heap Scan on sbtest7  (cost=5.49..413.00 rows=103 width=125)
	  Recheck Cond: ((k >= 4318978) AND (k <= 4319078))
	  ->  Bitmap Index Scan on k_7  (cost=0.00..5.46 rows=103 width=0)
	        Index Cond: ((k >= 4318978) AND (k <= 4319078))

table 8 : explain SELECT k, c FROM sbtest8 WHERE k BETWEEN 4318978 AND 4319078
	Bitmap Heap Scan on sbtest8  (cost=5.48..409.07 rows=102 width=125)
	  Recheck Cond: ((k >= 4318978) AND (k <= 4319078))
	  ->  Bitmap Index Scan on k_8  (cost=0.00..5.45 rows=102 width=0)
	        Index Cond: ((k >= 4318978) AND (k <= 4319078))

for range-notcovered
table 1 : explain SELECT k, c FROM sbtest1 WHERE k BETWEEN 4126180 AND 4126280
	Bitmap Heap Scan on sbtest1  (cost=5.53..428.75 rows=107 width=125)
	  Recheck Cond: ((k >= 4126180) AND (k <= 4126280))
	  ->  Bitmap Index Scan on k_1  (cost=0.00..5.50 rows=107 width=0)
	        Index Cond: ((k >= 4126180) AND (k <= 4126280))

table 2 : explain SELECT k, c FROM sbtest2 WHERE k BETWEEN 4126180 AND 4126280
	Bitmap Heap Scan on sbtest2  (cost=5.49..413.00 rows=103 width=125)
	  Recheck Cond: ((k >= 4126180) AND (k <= 4126280))
	  ->  Bitmap Index Scan on k_2  (cost=0.00..5.46 rows=103 width=0)
	        Index Cond: ((k >= 4126180) AND (k <= 4126280))

table 3 : explain SELECT k, c FROM sbtest3 WHERE k BETWEEN 4126180 AND 4126280
	Bitmap Heap Scan on sbtest3  (cost=5.49..413.00 rows=103 width=125)
	  Recheck Cond: ((k >= 4126180) AND (k <= 4126280))
	  ->  Bitmap Index Scan on k_3  (cost=0.00..5.46 rows=103 width=0)
	        Index Cond: ((k >= 4126180) AND (k <= 4126280))

table 4 : explain SELECT k, c FROM sbtest4 WHERE k BETWEEN 4126180 AND 4126280
	Bitmap Heap Scan on sbtest4  (cost=5.47..405.13 rows=101 width=125)
	  Recheck Cond: ((k >= 4126180) AND (k <= 4126280))
	  ->  Bitmap Index Scan on k_4  (cost=0.00..5.44 rows=101 width=0)
	        Index Cond: ((k >= 4126180) AND (k <= 4126280))

table 5 : explain SELECT k, c FROM sbtest5 WHERE k BETWEEN 4126180 AND 4126280
	Bitmap Heap Scan on sbtest5  (cost=5.48..409.07 rows=102 width=125)
	  Recheck Cond: ((k >= 4126180) AND (k <= 4126280))
	  ->  Bitmap Index Scan on k_5  (cost=0.00..5.45 rows=102 width=0)
	        Index Cond: ((k >= 4126180) AND (k <= 4126280))

table 6 : explain SELECT k, c FROM sbtest6 WHERE k BETWEEN 4126180 AND 4126280
	Bitmap Heap Scan on sbtest6  (cost=5.50..416.94 rows=104 width=125)
	  Recheck Cond: ((k >= 4126180) AND (k <= 4126280))
	  ->  Bitmap Index Scan on k_6  (cost=0.00..5.47 rows=104 width=0)
	        Index Cond: ((k >= 4126180) AND (k <= 4126280))

table 7 : explain SELECT k, c FROM sbtest7 WHERE k BETWEEN 4126180 AND 4126280
	Bitmap Heap Scan on sbtest7  (cost=5.50..416.94 rows=104 width=125)
	  Recheck Cond: ((k >= 4126180) AND (k <= 4126280))
	  ->  Bitmap Index Scan on k_7  (cost=0.00..5.47 rows=104 width=0)
	        Index Cond: ((k >= 4126180) AND (k <= 4126280))

table 8 : explain SELECT k, c FROM sbtest8 WHERE k BETWEEN 4126180 AND 4126280
	Bitmap Heap Scan on sbtest8  (cost=5.45..397.25 rows=99 width=125)
	  Recheck Cond: ((k >= 4126180) AND (k <= 4126280))
	  ->  Bitmap Index Scan on k_8  (cost=0.00..5.42 rows=99 width=0)
	        Index Cond: ((k >= 4126180) AND (k <= 4126280))

explain: for range-notcovered :: explain SELECT k, c FROM sbtest%d WHERE k BETWEEN 4318978 AND 4319078
explain: for range-notcovered :: explain SELECT k, c FROM sbtest%d WHERE k BETWEEN 1742706 AND 1742806
explain: for range-notcovered :: explain SELECT k, c FROM sbtest%d WHERE k BETWEEN 4126180 AND 4126280
for range-notcovered
table 1 : explain SELECT k, c FROM sbtest1 WHERE k BETWEEN 8928641 AND 8928741
	Bitmap Heap Scan on sbtest1  (cost=5.42..385.43 rows=96 width=125)
	  Recheck Cond: ((k >= 8928641) AND (k <= 8928741))
	  ->  Bitmap Index Scan on k_1  (cost=0.00..5.39 rows=96 width=0)
	        Index Cond: ((k >= 8928641) AND (k <= 8928741))

table 2 : explain SELECT k, c FROM sbtest2 WHERE k BETWEEN 8928641 AND 8928741
	Bitmap Heap Scan on sbtest2  (cost=5.45..397.25 rows=99 width=125)
	  Recheck Cond: ((k >= 8928641) AND (k <= 8928741))
	  ->  Bitmap Index Scan on k_2  (cost=0.00..5.42 rows=99 width=0)
	        Index Cond: ((k >= 8928641) AND (k <= 8928741))

table 3 : explain SELECT k, c FROM sbtest3 WHERE k BETWEEN 8928641 AND 8928741
	Bitmap Heap Scan on sbtest3  (cost=5.45..397.25 rows=99 width=125)
	  Recheck Cond: ((k >= 8928641) AND (k <= 8928741))
	  ->  Bitmap Index Scan on k_3  (cost=0.00..5.42 rows=99 width=0)
	        Index Cond: ((k >= 8928641) AND (k <= 8928741))

table 4 : explain SELECT k, c FROM sbtest4 WHERE k BETWEEN 8928641 AND 8928741
	Bitmap Heap Scan on sbtest4  (cost=5.60..456.29 rows=114 width=125)
	  Recheck Cond: ((k >= 8928641) AND (k <= 8928741))
	  ->  Bitmap Index Scan on k_4  (cost=0.00..5.58 rows=114 width=0)
	        Index Cond: ((k >= 8928641) AND (k <= 8928741))

table 5 : explain SELECT k, c FROM sbtest5 WHERE k BETWEEN 8928641 AND 8928741
	Bitmap Heap Scan on sbtest5  (cost=5.50..416.94 rows=104 width=125)
	  Recheck Cond: ((k >= 8928641) AND (k <= 8928741))
	  ->  Bitmap Index Scan on k_5  (cost=0.00..5.47 rows=104 width=0)
	        Index Cond: ((k >= 8928641) AND (k <= 8928741))

table 6 : explain SELECT k, c FROM sbtest6 WHERE k BETWEEN 8928641 AND 8928741
	Bitmap Heap Scan on sbtest6  (cost=5.45..397.25 rows=99 width=125)
	  Recheck Cond: ((k >= 8928641) AND (k <= 8928741))
	  ->  Bitmap Index Scan on k_6  (cost=0.00..5.42 rows=99 width=0)
	        Index Cond: ((k >= 8928641) AND (k <= 8928741))

table 7 : explain SELECT k, c FROM sbtest7 WHERE k BETWEEN 8928641 AND 8928741
	Bitmap Heap Scan on sbtest7  (cost=5.37..365.72 rows=91 width=125)
	  Recheck Cond: ((k >= 8928641) AND (k <= 8928741))
	  ->  Bitmap Index Scan on k_7  (cost=0.00..5.34 rows=91 width=0)
	        Index Cond: ((k >= 8928641) AND (k <= 8928741))

table 8 : explain SELECT k, c FROM sbtest8 WHERE k BETWEEN 8928641 AND 8928741
	Bitmap Heap Scan on sbtest8  (cost=5.55..436.62 rows=109 width=125)
	  Recheck Cond: ((k >= 8928641) AND (k <= 8928741))
	  ->  Bitmap Index Scan on k_8  (cost=0.00..5.52 rows=109 width=0)
	        Index Cond: ((k >= 8928641) AND (k <= 8928741))

explain: for range-notcovered :: explain SELECT k, c FROM sbtest%d WHERE k BETWEEN 8928641 AND 8928741
for range-notcovered
table 1 : explain SELECT k, c FROM sbtest1 WHERE k BETWEEN 6418666 AND 6418766
	Bitmap Heap Scan on sbtest1  (cost=5.58..448.42 rows=112 width=125)
	  Recheck Cond: ((k >= 6418666) AND (k <= 6418766))
	  ->  Bitmap Index Scan on k_1  (cost=0.00..5.55 rows=112 width=0)
	        Index Cond: ((k >= 6418666) AND (k <= 6418766))

table 2 : explain SELECT k, c FROM sbtest2 WHERE k BETWEEN 6418666 AND 6418766
	Bitmap Heap Scan on sbtest2  (cost=5.45..397.25 rows=99 width=125)
	  Recheck Cond: ((k >= 6418666) AND (k <= 6418766))
	  ->  Bitmap Index Scan on k_2  (cost=0.00..5.42 rows=99 width=0)
	        Index Cond: ((k >= 6418666) AND (k <= 6418766))

table 3 : explain SELECT k, c FROM sbtest3 WHERE k BETWEEN 6418666 AND 6418766
	Bitmap Heap Scan on sbtest3  (cost=5.47..405.13 rows=101 width=125)
	  Recheck Cond: ((k >= 6418666) AND (k <= 6418766))
	  ->  Bitmap Index Scan on k_3  (cost=0.00..5.44 rows=101 width=0)
	        Index Cond: ((k >= 6418666) AND (k <= 6418766))

table 4 : explain SELECT k, c FROM sbtest4 WHERE k BETWEEN 6418666 AND 6418766
	Bitmap Heap Scan on sbtest4  (cost=5.51..420.88 rows=105 width=125)
	  Recheck Cond: ((k >= 6418666) AND (k <= 6418766))
	  ->  Bitmap Index Scan on k_4  (cost=0.00..5.48 rows=105 width=0)
	        Index Cond: ((k >= 6418666) AND (k <= 6418766))

table 5 : explain SELECT k, c FROM sbtest5 WHERE k BETWEEN 6418666 AND 6418766
	Bitmap Heap Scan on sbtest5  (cost=5.48..409.07 rows=102 width=125)
	  Recheck Cond: ((k >= 6418666) AND (k <= 6418766))
	  ->  Bitmap Index Scan on k_5  (cost=0.00..5.45 rows=102 width=0)
	        Index Cond: ((k >= 6418666) AND (k <= 6418766))

table 6 : explain SELECT k, c FROM sbtest6 WHERE k BETWEEN 6418666 AND 6418766
	Bitmap Heap Scan on sbtest6  (cost=5.43..389.37 rows=97 width=125)
	  Recheck Cond: ((k >= 6418666) AND (k <= 6418766))
	  ->  Bitmap Index Scan on k_6  (cost=0.00..5.40 rows=97 width=0)
	        Index Cond: ((k >= 6418666) AND (k <= 6418766))

table 7 : explain SELECT k, c FROM sbtest7 WHERE k BETWEEN 6418666 AND 6418766
	Bitmap Heap Scan on sbtest7  (cost=5.56..440.56 rows=110 width=125)
	  Recheck Cond: ((k >= 6418666) AND (k <= 6418766))
	  ->  Bitmap Index Scan on k_7  (cost=0.00..5.53 rows=110 width=0)
	        Index Cond: ((k >= 6418666) AND (k <= 6418766))

table 8 : explain SELECT k, c FROM sbtest8 WHERE k BETWEEN 6418666 AND 6418766
	Bitmap Heap Scan on sbtest8  (cost=5.56..440.56 rows=110 width=125)
	  Recheck Cond: ((k >= 6418666) AND (k <= 6418766))
	  ->  Bitmap Index Scan on k_8  (cost=0.00..5.53 rows=110 width=0)
	        Index Cond: ((k >= 6418666) AND (k <= 6418766))

explain: for range-notcovered :: explain SELECT k, c FROM sbtest%d WHERE k BETWEEN 6418666 AND 6418766
for range-notcovered
table 1 : explain SELECT k, c FROM sbtest1 WHERE k BETWEEN 2496028 AND 2496128
	Bitmap Heap Scan on sbtest1  (cost=5.39..373.61 rows=93 width=125)
	  Recheck Cond: ((k >= 2496028) AND (k <= 2496128))
	  ->  Bitmap Index Scan on k_1  (cost=0.00..5.36 rows=93 width=0)
	        Index Cond: ((k >= 2496028) AND (k <= 2496128))

table 2 : explain SELECT k, c FROM sbtest2 WHERE k BETWEEN 2496028 AND 2496128
	Bitmap Heap Scan on sbtest2  (cost=5.57..444.49 rows=111 width=125)
	  Recheck Cond: ((k >= 2496028) AND (k <= 2496128))
	  ->  Bitmap Index Scan on k_2  (cost=0.00..5.54 rows=111 width=0)
	        Index Cond: ((k >= 2496028) AND (k <= 2496128))

table 3 : explain SELECT k, c FROM sbtest3 WHERE k BETWEEN 2496028 AND 2496128
	Bitmap Heap Scan on sbtest3  (cost=5.55..436.62 rows=109 width=125)
	  Recheck Cond: ((k >= 2496028) AND (k <= 2496128))
	  ->  Bitmap Index Scan on k_3  (cost=0.00..5.52 rows=109 width=0)
	        Index Cond: ((k >= 2496028) AND (k <= 2496128))

table 4 : explain SELECT k, c FROM sbtest4 WHERE k BETWEEN 2496028 AND 2496128
	Bitmap Heap Scan on sbtest4  (cost=5.42..385.43 rows=96 width=125)
	  Recheck Cond: ((k >= 2496028) AND (k <= 2496128))
	  ->  Bitmap Index Scan on k_4  (cost=0.00..5.39 rows=96 width=0)
	        Index Cond: ((k >= 2496028) AND (k <= 2496128))

table 5 : explain SELECT k, c FROM sbtest5 WHERE k BETWEEN 2496028 AND 2496128
	Bitmap Heap Scan on sbtest5  (cost=5.47..405.13 rows=101 width=125)
	  Recheck Cond: ((k >= 2496028) AND (k <= 2496128))
	  ->  Bitmap Index Scan on k_5  (cost=0.00..5.44 rows=101 width=0)
	        Index Cond: ((k >= 2496028) AND (k <= 2496128))

table 6 : explain SELECT k, c FROM sbtest6 WHERE k BETWEEN 2496028 AND 2496128
	Bitmap Heap Scan on sbtest6  (cost=5.57..444.49 rows=111 width=125)
	  Recheck Cond: ((k >= 2496028) AND (k <= 2496128))
	  ->  Bitmap Index Scan on k_6  (cost=0.00..5.54 rows=111 width=0)
	        Index Cond: ((k >= 2496028) AND (k <= 2496128))

table 7 : explain SELECT k, c FROM sbtest7 WHERE k BETWEEN 2496028 AND 2496128
	Bitmap Heap Scan on sbtest7  (cost=5.51..420.88 rows=105 width=125)
	  Recheck Cond: ((k >= 2496028) AND (k <= 2496128))
	  ->  Bitmap Index Scan on k_7  (cost=0.00..5.48 rows=105 width=0)
	        Index Cond: ((k >= 2496028) AND (k <= 2496128))

table 8 : explain SELECT k, c FROM sbtest8 WHERE k BETWEEN 2496028 AND 2496128
	Bitmap Heap Scan on sbtest8  (cost=5.53..428.75 rows=107 width=125)
	  Recheck Cond: ((k >= 2496028) AND (k <= 2496128))
	  ->  Bitmap Index Scan on k_8  (cost=0.00..5.50 rows=107 width=0)
	        Index Cond: ((k >= 2496028) AND (k <= 2496128))

explain: for range-notcovered :: explain SELECT k, c FROM sbtest%d WHERE k BETWEEN 2496028 AND 2496128
for range-notcovered
table 1 : explain SELECT k, c FROM sbtest1 WHERE k BETWEEN 4863954 AND 4864054
	Bitmap Heap Scan on sbtest1  (cost=5.48..409.07 rows=102 width=125)
	  Recheck Cond: ((k >= 4863954) AND (k <= 4864054))
	  ->  Bitmap Index Scan on k_1  (cost=0.00..5.45 rows=102 width=0)
	        Index Cond: ((k >= 4863954) AND (k <= 4864054))

table 2 : explain SELECT k, c FROM sbtest2 WHERE k BETWEEN 4863954 AND 4864054
	Bitmap Heap Scan on sbtest2  (cost=5.38..369.67 rows=92 width=125)
	  Recheck Cond: ((k >= 4863954) AND (k <= 4864054))
	  ->  Bitmap Index Scan on k_2  (cost=0.00..5.35 rows=92 width=0)
	        Index Cond: ((k >= 4863954) AND (k <= 4864054))

table 3 : explain SELECT k, c FROM sbtest3 WHERE k BETWEEN 4863954 AND 4864054
	Bitmap Heap Scan on sbtest3  (cost=5.47..405.13 rows=101 width=125)
	  Recheck Cond: ((k >= 4863954) AND (k <= 4864054))
	  ->  Bitmap Index Scan on k_3  (cost=0.00..5.44 rows=101 width=0)
	        Index Cond: ((k >= 4863954) AND (k <= 4864054))

table 4 : explain SELECT k, c FROM sbtest4 WHERE k BETWEEN 4863954 AND 4864054
	Bitmap Heap Scan on sbtest4  (cost=5.46..401.19 rows=100 width=125)
	  Recheck Cond: ((k >= 4863954) AND (k <= 4864054))
	  ->  Bitmap Index Scan on k_4  (cost=0.00..5.43 rows=100 width=0)
	        Index Cond: ((k >= 4863954) AND (k <= 4864054))

table 5 : explain SELECT k, c FROM sbtest5 WHERE k BETWEEN 4863954 AND 4864054
	Bitmap Heap Scan on sbtest5  (cost=5.39..373.61 rows=93 width=125)
	  Recheck Cond: ((k >= 4863954) AND (k <= 4864054))
	  ->  Bitmap Index Scan on k_5  (cost=0.00..5.36 rows=93 width=0)
	        Index Cond: ((k >= 4863954) AND (k <= 4864054))

table 6 : explain SELECT k, c FROM sbtest6 WHERE k BETWEEN 4863954 AND 4864054
	Bitmap Heap Scan on sbtest6  (cost=5.48..409.07 rows=102 width=125)
	  Recheck Cond: ((k >= 4863954) AND (k <= 4864054))
	  ->  Bitmap Index Scan on k_6  (cost=0.00..5.45 rows=102 width=0)
	        Index Cond: ((k >= 4863954) AND (k <= 4864054))

table 7 : explain SELECT k, c FROM sbtest7 WHERE k BETWEEN 4863954 AND 4864054
	Bitmap Heap Scan on sbtest7  (cost=5.47..405.13 rows=101 width=125)
	  Recheck Cond: ((k >= 4863954) AND (k <= 4864054))
	  ->  Bitmap Index Scan on k_7  (cost=0.00..5.44 rows=101 width=0)
	        Index Cond: ((k >= 4863954) AND (k <= 4864054))

table 8 : explain SELECT k, c FROM sbtest8 WHERE k BETWEEN 4863954 AND 4864054
	Bitmap Heap Scan on sbtest8  (cost=5.54..432.69 rows=108 width=125)
	  Recheck Cond: ((k >= 4863954) AND (k <= 4864054))
	  ->  Bitmap Index Scan on k_8  (cost=0.00..5.51 rows=108 width=0)
	        Index Cond: ((k >= 4863954) AND (k <= 4864054))

for range-notcovered
table 1 : explain SELECT k, c FROM sbtest1 WHERE k BETWEEN 3927617 AND 3927717
	Bitmap Heap Scan on sbtest1  (cost=5.41..381.49 rows=95 width=125)
	  Recheck Cond: ((k >= 3927617) AND (k <= 3927717))
	  ->  Bitmap Index Scan on k_1  (cost=0.00..5.38 rows=95 width=0)
	        Index Cond: ((k >= 3927617) AND (k <= 3927717))

table 2 : explain SELECT k, c FROM sbtest2 WHERE k BETWEEN 3927617 AND 3927717
	Bitmap Heap Scan on sbtest2  (cost=5.51..420.88 rows=105 width=125)
	  Recheck Cond: ((k >= 3927617) AND (k <= 3927717))
	  ->  Bitmap Index Scan on k_2  (cost=0.00..5.48 rows=105 width=0)
	        Index Cond: ((k >= 3927617) AND (k <= 3927717))

table 3 : explain SELECT k, c FROM sbtest3 WHERE k BETWEEN 3927617 AND 3927717
	Bitmap Heap Scan on sbtest3  (cost=5.42..385.43 rows=96 width=125)
	  Recheck Cond: ((k >= 3927617) AND (k <= 3927717))
	  ->  Bitmap Index Scan on k_3  (cost=0.00..5.39 rows=96 width=0)
	        Index Cond: ((k >= 3927617) AND (k <= 3927717))

table 4 : explain SELECT k, c FROM sbtest4 WHERE k BETWEEN 3927617 AND 3927717
	Bitmap Heap Scan on sbtest4  (cost=5.62..464.15 rows=116 width=125)
	  Recheck Cond: ((k >= 3927617) AND (k <= 3927717))
	  ->  Bitmap Index Scan on k_4  (cost=0.00..5.59 rows=116 width=0)
	        Index Cond: ((k >= 3927617) AND (k <= 3927717))

table 5 : explain SELECT k, c FROM sbtest5 WHERE k BETWEEN 3927617 AND 3927717
	Bitmap Heap Scan on sbtest5  (cost=5.49..413.00 rows=103 width=125)
	  Recheck Cond: ((k >= 3927617) AND (k <= 3927717))
	  ->  Bitmap Index Scan on k_5  (cost=0.00..5.46 rows=103 width=0)
	        Index Cond: ((k >= 3927617) AND (k <= 3927717))

table 6 : explain SELECT k, c FROM sbtest6 WHERE k BETWEEN 3927617 AND 3927717
	Bitmap Heap Scan on sbtest6  (cost=5.51..420.88 rows=105 width=125)
	  Recheck Cond: ((k >= 3927617) AND (k <= 3927717))
	  ->  Bitmap Index Scan on k_6  (cost=0.00..5.48 rows=105 width=0)
	        Index Cond: ((k >= 3927617) AND (k <= 3927717))

table 7 : explain SELECT k, c FROM sbtest7 WHERE k BETWEEN 3927617 AND 3927717
	Bitmap Heap Scan on sbtest7  (cost=5.52..424.81 rows=106 width=125)
	  Recheck Cond: ((k >= 3927617) AND (k <= 3927717))
	  ->  Bitmap Index Scan on k_7  (cost=0.00..5.50 rows=106 width=0)
	        Index Cond: ((k >= 3927617) AND (k <= 3927717))

table 8 : explain SELECT k, c FROM sbtest8 WHERE k BETWEEN 3927617 AND 3927717
	Bitmap Heap Scan on sbtest8  (cost=5.50..416.94 rows=104 width=125)
	  Recheck Cond: ((k >= 3927617) AND (k <= 3927717))
	  ->  Bitmap Index Scan on k_8  (cost=0.00..5.47 rows=104 width=0)
	        Index Cond: ((k >= 3927617) AND (k <= 3927717))

explain: for range-notcovered :: explain SELECT k, c FROM sbtest%d WHERE k BETWEEN 4863954 AND 4864054
explain: for range-notcovered :: explain SELECT k, c FROM sbtest%d WHERE k BETWEEN 3927617 AND 3927717
for range-notcovered
table 1 : explain SELECT k, c FROM sbtest1 WHERE k BETWEEN 4318978 AND 4319078
	Bitmap Heap Scan on sbtest1  (cost=5.51..420.88 rows=105 width=125)
	  Recheck Cond: ((k >= 4318978) AND (k <= 4319078))
	  ->  Bitmap Index Scan on k_1  (cost=0.00..5.48 rows=105 width=0)
	        Index Cond: ((k >= 4318978) AND (k <= 4319078))

table 2 : explain SELECT k, c FROM sbtest2 WHERE k BETWEEN 4318978 AND 4319078
	Bitmap Heap Scan on sbtest2  (cost=5.54..432.69 rows=108 width=125)
	  Recheck Cond: ((k >= 4318978) AND (k <= 4319078))
	  ->  Bitmap Index Scan on k_2  (cost=0.00..5.51 rows=108 width=0)
	        Index Cond: ((k >= 4318978) AND (k <= 4319078))

table 3 : explain SELECT k, c FROM sbtest3 WHERE k BETWEEN 4318978 AND 4319078
	Bitmap Heap Scan on sbtest3  (cost=5.50..416.94 rows=104 width=125)
	  Recheck Cond: ((k >= 4318978) AND (k <= 4319078))
	  ->  Bitmap Index Scan on k_3  (cost=0.00..5.47 rows=104 width=0)
	        Index Cond: ((k >= 4318978) AND (k <= 4319078))

table 4 : explain SELECT k, c FROM sbtest4 WHERE k BETWEEN 4318978 AND 4319078
	Bitmap Heap Scan on sbtest4  (cost=5.41..381.49 rows=95 width=125)
	  Recheck Cond: ((k >= 4318978) AND (k <= 4319078))
	  ->  Bitmap Index Scan on k_4  (cost=0.00..5.38 rows=95 width=0)
	        Index Cond: ((k >= 4318978) AND (k <= 4319078))

table 5 : explain SELECT k, c FROM sbtest5 WHERE k BETWEEN 4318978 AND 4319078
	Bitmap Heap Scan on sbtest5  (cost=5.54..432.69 rows=108 width=125)
	  Recheck Cond: ((k >= 4318978) AND (k <= 4319078))
	  ->  Bitmap Index Scan on k_5  (cost=0.00..5.51 rows=108 width=0)
	        Index Cond: ((k >= 4318978) AND (k <= 4319078))

table 6 : explain SELECT k, c FROM sbtest6 WHERE k BETWEEN 4318978 AND 4319078
	Bitmap Heap Scan on sbtest6  (cost=5.60..456.29 rows=114 width=125)
	  Recheck Cond: ((k >= 4318978) AND (k <= 4319078))
	  ->  Bitmap Index Scan on k_6  (cost=0.00..5.58 rows=114 width=0)
	        Index Cond: ((k >= 4318978) AND (k <= 4319078))

table 7 : explain SELECT k, c FROM sbtest7 WHERE k BETWEEN 4318978 AND 4319078
	Bitmap Heap Scan on sbtest7  (cost=5.49..413.00 rows=103 width=125)
	  Recheck Cond: ((k >= 4318978) AND (k <= 4319078))
	  ->  Bitmap Index Scan on k_7  (cost=0.00..5.46 rows=103 width=0)
	        Index Cond: ((k >= 4318978) AND (k <= 4319078))

table 8 : explain SELECT k, c FROM sbtest8 WHERE k BETWEEN 4318978 AND 4319078
	Bitmap Heap Scan on sbtest8  (cost=5.48..409.07 rows=102 width=125)
	  Recheck Cond: ((k >= 4318978) AND (k <= 4319078))
	  ->  Bitmap Index Scan on k_8  (cost=0.00..5.45 rows=102 width=0)
	        Index Cond: ((k >= 4318978) AND (k <= 4319078))

for range-notcovered
table 1 : explain SELECT k, c FROM sbtest1 WHERE k BETWEEN 4126180 AND 4126280
	Bitmap Heap Scan on sbtest1  (cost=5.53..428.75 rows=107 width=125)
	  Recheck Cond: ((k >= 4126180) AND (k <= 4126280))
	  ->  Bitmap Index Scan on k_1  (cost=0.00..5.50 rows=107 width=0)
	        Index Cond: ((k >= 4126180) AND (k <= 4126280))

table 2 : explain SELECT k, c FROM sbtest2 WHERE k BETWEEN 4126180 AND 4126280
	Bitmap Heap Scan on sbtest2  (cost=5.49..413.00 rows=103 width=125)
	  Recheck Cond: ((k >= 4126180) AND (k <= 4126280))
	  ->  Bitmap Index Scan on k_2  (cost=0.00..5.46 rows=103 width=0)
	        Index Cond: ((k >= 4126180) AND (k <= 4126280))

table 3 : explain SELECT k, c FROM sbtest3 WHERE k BETWEEN 4126180 AND 4126280
	Bitmap Heap Scan on sbtest3  (cost=5.49..413.00 rows=103 width=125)
	  Recheck Cond: ((k >= 4126180) AND (k <= 4126280))
	  ->  Bitmap Index Scan on k_3  (cost=0.00..5.46 rows=103 width=0)
	        Index Cond: ((k >= 4126180) AND (k <= 4126280))

table 4 : explain SELECT k, c FROM sbtest4 WHERE k BETWEEN 4126180 AND 4126280
	Bitmap Heap Scan on sbtest4  (cost=5.47..405.13 rows=101 width=125)
	  Recheck Cond: ((k >= 4126180) AND (k <= 4126280))
	  ->  Bitmap Index Scan on k_4  (cost=0.00..5.44 rows=101 width=0)
	        Index Cond: ((k >= 4126180) AND (k <= 4126280))

table 5 : explain SELECT k, c FROM sbtest5 WHERE k BETWEEN 4126180 AND 4126280
	Bitmap Heap Scan on sbtest5  (cost=5.48..409.07 rows=102 width=125)
	  Recheck Cond: ((k >= 4126180) AND (k <= 4126280))
	  ->  Bitmap Index Scan on k_5  (cost=0.00..5.45 rows=102 width=0)
	        Index Cond: ((k >= 4126180) AND (k <= 4126280))

table 6 : explain SELECT k, c FROM sbtest6 WHERE k BETWEEN 4126180 AND 4126280
	Bitmap Heap Scan on sbtest6  (cost=5.50..416.94 rows=104 width=125)
	  Recheck Cond: ((k >= 4126180) AND (k <= 4126280))
	  ->  Bitmap Index Scan on k_6  (cost=0.00..5.47 rows=104 width=0)
	        Index Cond: ((k >= 4126180) AND (k <= 4126280))

table 7 : explain SELECT k, c FROM sbtest7 WHERE k BETWEEN 4126180 AND 4126280
	Bitmap Heap Scan on sbtest7  (cost=5.50..416.94 rows=104 width=125)
	  Recheck Cond: ((k >= 4126180) AND (k <= 4126280))
	  ->  Bitmap Index Scan on k_7  (cost=0.00..5.47 rows=104 width=0)
	        Index Cond: ((k >= 4126180) AND (k <= 4126280))

table 8 : explain SELECT k, c FROM sbtest8 WHERE k BETWEEN 4126180 AND 4126280
	Bitmap Heap Scan on sbtest8  (cost=5.45..397.25 rows=99 width=125)
	  Recheck Cond: ((k >= 4126180) AND (k <= 4126280))
	  ->  Bitmap Index Scan on k_8  (cost=0.00..5.42 rows=99 width=0)
	        Index Cond: ((k >= 4126180) AND (k <= 4126280))

for range-notcovered
table 1 : explain SELECT k, c FROM sbtest1 WHERE k BETWEEN 1742706 AND 1742806
	Bitmap Heap Scan on sbtest1  (cost=5.54..432.69 rows=108 width=125)
	  Recheck Cond: ((k >= 1742706) AND (k <= 1742806))
	  ->  Bitmap Index Scan on k_1  (cost=0.00..5.51 rows=108 width=0)
	        Index Cond: ((k >= 1742706) AND (k <= 1742806))

table 2 : explain SELECT k, c FROM sbtest2 WHERE k BETWEEN 1742706 AND 1742806
	Bitmap Heap Scan on sbtest2  (cost=5.52..424.81 rows=106 width=125)
	  Recheck Cond: ((k >= 1742706) AND (k <= 1742806))
	  ->  Bitmap Index Scan on k_2  (cost=0.00..5.50 rows=106 width=0)
	        Index Cond: ((k >= 1742706) AND (k <= 1742806))

table 3 : explain SELECT k, c FROM sbtest3 WHERE k BETWEEN 1742706 AND 1742806
	Bitmap Heap Scan on sbtest3  (cost=5.51..420.88 rows=105 width=125)
	  Recheck Cond: ((k >= 1742706) AND (k <= 1742806))
	  ->  Bitmap Index Scan on k_3  (cost=0.00..5.48 rows=105 width=0)
	        Index Cond: ((k >= 1742706) AND (k <= 1742806))

table 4 : explain SELECT k, c FROM sbtest4 WHERE k BETWEEN 1742706 AND 1742806
	Bitmap Heap Scan on sbtest4  (cost=5.43..389.37 rows=97 width=125)
	  Recheck Cond: ((k >= 1742706) AND (k <= 1742806))
	  ->  Bitmap Index Scan on k_4  (cost=0.00..5.40 rows=97 width=0)
	        Index Cond: ((k >= 1742706) AND (k <= 1742806))

table 5 : explain SELECT k, c FROM sbtest5 WHERE k BETWEEN 1742706 AND 1742806
	Bitmap Heap Scan on sbtest5  (cost=5.54..432.69 rows=108 width=125)
	  Recheck Cond: ((k >= 1742706) AND (k <= 1742806))
	  ->  Bitmap Index Scan on k_5  (cost=0.00..5.51 rows=108 width=0)
	        Index Cond: ((k >= 1742706) AND (k <= 1742806))

table 6 : explain SELECT k, c FROM sbtest6 WHERE k BETWEEN 1742706 AND 1742806
	Bitmap Heap Scan on sbtest6  (cost=5.39..373.61 rows=93 width=125)
	  Recheck Cond: ((k >= 1742706) AND (k <= 1742806))
	  ->  Bitmap Index Scan on k_6  (cost=0.00..5.36 rows=93 width=0)
	        Index Cond: ((k >= 1742706) AND (k <= 1742806))

table 7 : explain SELECT k, c FROM sbtest7 WHERE k BETWEEN 1742706 AND 1742806
	Bitmap Heap Scan on sbtest7  (cost=5.51..420.88 rows=105 width=125)
	  Recheck Cond: ((k >= 1742706) AND (k <= 1742806))
	  ->  Bitmap Index Scan on k_7  (cost=0.00..5.48 rows=105 width=0)
	        Index Cond: ((k >= 1742706) AND (k <= 1742806))

table 8 : explain SELECT k, c FROM sbtest8 WHERE k BETWEEN 1742706 AND 1742806
	Bitmap Heap Scan on sbtest8  (cost=5.51..420.88 rows=105 width=125)
	  Recheck Cond: ((k >= 1742706) AND (k <= 1742806))
	  ->  Bitmap Index Scan on k_8  (cost=0.00..5.48 rows=105 width=0)
	        Index Cond: ((k >= 1742706) AND (k <= 1742806))

for range-notcovered
table 1 : explain SELECT k, c FROM sbtest1 WHERE k BETWEEN 1302064 AND 1302164
	Bitmap Heap Scan on sbtest1  (cost=5.54..432.69 rows=108 width=125)
	  Recheck Cond: ((k >= 1302064) AND (k <= 1302164))
	  ->  Bitmap Index Scan on k_1  (cost=0.00..5.51 rows=108 width=0)
	        Index Cond: ((k >= 1302064) AND (k <= 1302164))

table 2 : explain SELECT k, c FROM sbtest2 WHERE k BETWEEN 1302064 AND 1302164
	Bitmap Heap Scan on sbtest2  (cost=5.46..401.19 rows=100 width=125)
	  Recheck Cond: ((k >= 1302064) AND (k <= 1302164))
	  ->  Bitmap Index Scan on k_2  (cost=0.00..5.43 rows=100 width=0)
	        Index Cond: ((k >= 1302064) AND (k <= 1302164))

table 3 : explain SELECT k, c FROM sbtest3 WHERE k BETWEEN 1302064 AND 1302164
	Bitmap Heap Scan on sbtest3  (cost=5.48..409.07 rows=102 width=125)
	  Recheck Cond: ((k >= 1302064) AND (k <= 1302164))
	  ->  Bitmap Index Scan on k_3  (cost=0.00..5.45 rows=102 width=0)
	        Index Cond: ((k >= 1302064) AND (k <= 1302164))

table 4 : explain SELECT k, c FROM sbtest4 WHERE k BETWEEN 1302064 AND 1302164
	Bitmap Heap Scan on sbtest4  (cost=5.38..369.67 rows=92 width=125)
	  Recheck Cond: ((k >= 1302064) AND (k <= 1302164))
	  ->  Bitmap Index Scan on k_4  (cost=0.00..5.35 rows=92 width=0)
	        Index Cond: ((k >= 1302064) AND (k <= 1302164))

table 5 : explain SELECT k, c FROM sbtest5 WHERE k BETWEEN 1302064 AND 1302164
	Bitmap Heap Scan on sbtest5  (cost=5.43..389.37 rows=97 width=125)
	  Recheck Cond: ((k >= 1302064) AND (k <= 1302164))
	  ->  Bitmap Index Scan on k_5  (cost=0.00..5.40 rows=97 width=0)
	        Index Cond: ((k >= 1302064) AND (k <= 1302164))

table 6 : explain SELECT k, c FROM sbtest6 WHERE k BETWEEN 1302064 AND 1302164
	Bitmap Heap Scan on sbtest6  (cost=5.42..385.43 rows=96 width=125)
	  Recheck Cond: ((k >= 1302064) AND (k <= 1302164))
	  ->  Bitmap Index Scan on k_6  (cost=0.00..5.39 rows=96 width=0)
	        Index Cond: ((k >= 1302064) AND (k <= 1302164))

table 7 : explain SELECT k, c FROM sbtest7 WHERE k BETWEEN 1302064 AND 1302164
	Bitmap Heap Scan on sbtest7  (cost=5.40..377.55 rows=94 width=125)
	  Recheck Cond: ((k >= 1302064) AND (k <= 1302164))
	  ->  Bitmap Index Scan on k_7  (cost=0.00..5.38 rows=94 width=0)
	        Index Cond: ((k >= 1302064) AND (k <= 1302164))

table 8 : explain SELECT k, c FROM sbtest8 WHERE k BETWEEN 1302064 AND 1302164
	Bitmap Heap Scan on sbtest8  (cost=5.42..385.43 rows=96 width=125)
	  Recheck Cond: ((k >= 1302064) AND (k <= 1302164))
	  ->  Bitmap Index Scan on k_8  (cost=0.00..5.39 rows=96 width=0)
	        Index Cond: ((k >= 1302064) AND (k <= 1302164))

explain: for range-notcovered :: explain SELECT k, c FROM sbtest%d WHERE k BETWEEN 4126180 AND 4126280
explain: for range-notcovered :: explain SELECT k, c FROM sbtest%d WHERE k BETWEEN 4318978 AND 4319078
for range-notcovered
table 1 : explain SELECT k, c FROM sbtest1 WHERE k BETWEEN 8928641 AND 8928741
	Bitmap Heap Scan on sbtest1  (cost=5.42..385.43 rows=96 width=125)
	  Recheck Cond: ((k >= 8928641) AND (k <= 8928741))
	  ->  Bitmap Index Scan on k_1  (cost=0.00..5.39 rows=96 width=0)
	        Index Cond: ((k >= 8928641) AND (k <= 8928741))

table 2 : explain SELECT k, c FROM sbtest2 WHERE k BETWEEN 8928641 AND 8928741
	Bitmap Heap Scan on sbtest2  (cost=5.45..397.25 rows=99 width=125)
	  Recheck Cond: ((k >= 8928641) AND (k <= 8928741))
	  ->  Bitmap Index Scan on k_2  (cost=0.00..5.42 rows=99 width=0)
	        Index Cond: ((k >= 8928641) AND (k <= 8928741))

table 3 : explain SELECT k, c FROM sbtest3 WHERE k BETWEEN 8928641 AND 8928741
	Bitmap Heap Scan on sbtest3  (cost=5.45..397.25 rows=99 width=125)
	  Recheck Cond: ((k >= 8928641) AND (k <= 8928741))
	  ->  Bitmap Index Scan on k_3  (cost=0.00..5.42 rows=99 width=0)
	        Index Cond: ((k >= 8928641) AND (k <= 8928741))

table 4 : explain SELECT k, c FROM sbtest4 WHERE k BETWEEN 8928641 AND 8928741
	Bitmap Heap Scan on sbtest4  (cost=5.60..456.29 rows=114 width=125)
	  Recheck Cond: ((k >= 8928641) AND (k <= 8928741))
	  ->  Bitmap Index Scan on k_4  (cost=0.00..5.58 rows=114 width=0)
	        Index Cond: ((k >= 8928641) AND (k <= 8928741))

table 5 : explain SELECT k, c FROM sbtest5 WHERE k BETWEEN 8928641 AND 8928741
	Bitmap Heap Scan on sbtest5  (cost=5.50..416.94 rows=104 width=125)
	  Recheck Cond: ((k >= 8928641) AND (k <= 8928741))
	  ->  Bitmap Index Scan on k_5  (cost=0.00..5.47 rows=104 width=0)
	        Index Cond: ((k >= 8928641) AND (k <= 8928741))

table 6 : explain SELECT k, c FROM sbtest6 WHERE k BETWEEN 8928641 AND 8928741
	Bitmap Heap Scan on sbtest6  (cost=5.45..397.25 rows=99 width=125)
	  Recheck Cond: ((k >= 8928641) AND (k <= 8928741))
	  ->  Bitmap Index Scan on k_6  (cost=0.00..5.42 rows=99 width=0)
	        Index Cond: ((k >= 8928641) AND (k <= 8928741))

table 7 : explain SELECT k, c FROM sbtest7 WHERE k BETWEEN 8928641 AND 8928741
	Bitmap Heap Scan on sbtest7  (cost=5.37..365.72 rows=91 width=125)
	  Recheck Cond: ((k >= 8928641) AND (k <= 8928741))
	  ->  Bitmap Index Scan on k_7  (cost=0.00..5.34 rows=91 width=0)
	        Index Cond: ((k >= 8928641) AND (k <= 8928741))

table 8 : explain SELECT k, c FROM sbtest8 WHERE k BETWEEN 8928641 AND 8928741
	Bitmap Heap Scan on sbtest8  (cost=5.55..436.62 rows=109 width=125)
	  Recheck Cond: ((k >= 8928641) AND (k <= 8928741))
	  ->  Bitmap Index Scan on k_8  (cost=0.00..5.52 rows=109 width=0)
	        Index Cond: ((k >= 8928641) AND (k <= 8928741))

explain: for range-notcovered :: explain SELECT k, c FROM sbtest%d WHERE k BETWEEN 1742706 AND 1742806
explain: for range-notcovered :: explain SELECT k, c FROM sbtest%d WHERE k BETWEEN 8928641 AND 8928741
for range-notcovered
table 1 : explain SELECT k, c FROM sbtest1 WHERE k BETWEEN 6418666 AND 6418766
	Bitmap Heap Scan on sbtest1  (cost=5.58..448.42 rows=112 width=125)
	  Recheck Cond: ((k >= 6418666) AND (k <= 6418766))
	  ->  Bitmap Index Scan on k_1  (cost=0.00..5.55 rows=112 width=0)
	        Index Cond: ((k >= 6418666) AND (k <= 6418766))

table 2 : explain SELECT k, c FROM sbtest2 WHERE k BETWEEN 6418666 AND 6418766
	Bitmap Heap Scan on sbtest2  (cost=5.45..397.25 rows=99 width=125)
	  Recheck Cond: ((k >= 6418666) AND (k <= 6418766))
	  ->  Bitmap Index Scan on k_2  (cost=0.00..5.42 rows=99 width=0)
	        Index Cond: ((k >= 6418666) AND (k <= 6418766))

table 3 : explain SELECT k, c FROM sbtest3 WHERE k BETWEEN 6418666 AND 6418766
	Bitmap Heap Scan on sbtest3  (cost=5.47..405.13 rows=101 width=125)
	  Recheck Cond: ((k >= 6418666) AND (k <= 6418766))
	  ->  Bitmap Index Scan on k_3  (cost=0.00..5.44 rows=101 width=0)
	        Index Cond: ((k >= 6418666) AND (k <= 6418766))

table 4 : explain SELECT k, c FROM sbtest4 WHERE k BETWEEN 6418666 AND 6418766
	Bitmap Heap Scan on sbtest4  (cost=5.51..420.88 rows=105 width=125)
	  Recheck Cond: ((k >= 6418666) AND (k <= 6418766))
	  ->  Bitmap Index Scan on k_4  (cost=0.00..5.48 rows=105 width=0)
	        Index Cond: ((k >= 6418666) AND (k <= 6418766))

table 5 : explain SELECT k, c FROM sbtest5 WHERE k BETWEEN 6418666 AND 6418766
	Bitmap Heap Scan on sbtest5  (cost=5.48..409.07 rows=102 width=125)
	  Recheck Cond: ((k >= 6418666) AND (k <= 6418766))
	  ->  Bitmap Index Scan on k_5  (cost=0.00..5.45 rows=102 width=0)
	        Index Cond: ((k >= 6418666) AND (k <= 6418766))

table 6 : explain SELECT k, c FROM sbtest6 WHERE k BETWEEN 6418666 AND 6418766
	Bitmap Heap Scan on sbtest6  (cost=5.43..389.37 rows=97 width=125)
	  Recheck Cond: ((k >= 6418666) AND (k <= 6418766))
	  ->  Bitmap Index Scan on k_6  (cost=0.00..5.40 rows=97 width=0)
	        Index Cond: ((k >= 6418666) AND (k <= 6418766))

table 7 : explain SELECT k, c FROM sbtest7 WHERE k BETWEEN 6418666 AND 6418766
	Bitmap Heap Scan on sbtest7  (cost=5.56..440.56 rows=110 width=125)
	  Recheck Cond: ((k >= 6418666) AND (k <= 6418766))
	  ->  Bitmap Index Scan on k_7  (cost=0.00..5.53 rows=110 width=0)
	        Index Cond: ((k >= 6418666) AND (k <= 6418766))

table 8 : explain SELECT k, c FROM sbtest8 WHERE k BETWEEN 6418666 AND 6418766
	Bitmap Heap Scan on sbtest8  (cost=5.56..440.56 rows=110 width=125)
	  Recheck Cond: ((k >= 6418666) AND (k <= 6418766))
	  ->  Bitmap Index Scan on k_8  (cost=0.00..5.53 rows=110 width=0)
	        Index Cond: ((k >= 6418666) AND (k <= 6418766))

explain: for range-notcovered :: explain SELECT k, c FROM sbtest%d WHERE k BETWEEN 6418666 AND 6418766
for range-notcovered
table 1 : explain SELECT k, c FROM sbtest1 WHERE k BETWEEN 2496028 AND 2496128
	Bitmap Heap Scan on sbtest1  (cost=5.39..373.61 rows=93 width=125)
	  Recheck Cond: ((k >= 2496028) AND (k <= 2496128))
	  ->  Bitmap Index Scan on k_1  (cost=0.00..5.36 rows=93 width=0)
	        Index Cond: ((k >= 2496028) AND (k <= 2496128))

table 2 : explain SELECT k, c FROM sbtest2 WHERE k BETWEEN 2496028 AND 2496128
	Bitmap Heap Scan on sbtest2  (cost=5.57..444.49 rows=111 width=125)
	  Recheck Cond: ((k >= 2496028) AND (k <= 2496128))
	  ->  Bitmap Index Scan on k_2  (cost=0.00..5.54 rows=111 width=0)
	        Index Cond: ((k >= 2496028) AND (k <= 2496128))

table 3 : explain SELECT k, c FROM sbtest3 WHERE k BETWEEN 2496028 AND 2496128
	Bitmap Heap Scan on sbtest3  (cost=5.55..436.62 rows=109 width=125)
	  Recheck Cond: ((k >= 2496028) AND (k <= 2496128))
	  ->  Bitmap Index Scan on k_3  (cost=0.00..5.52 rows=109 width=0)
	        Index Cond: ((k >= 2496028) AND (k <= 2496128))

table 4 : explain SELECT k, c FROM sbtest4 WHERE k BETWEEN 2496028 AND 2496128
	Bitmap Heap Scan on sbtest4  (cost=5.42..385.43 rows=96 width=125)
	  Recheck Cond: ((k >= 2496028) AND (k <= 2496128))
	  ->  Bitmap Index Scan on k_4  (cost=0.00..5.39 rows=96 width=0)
	        Index Cond: ((k >= 2496028) AND (k <= 2496128))

table 5 : explain SELECT k, c FROM sbtest5 WHERE k BETWEEN 2496028 AND 2496128
	Bitmap Heap Scan on sbtest5  (cost=5.47..405.13 rows=101 width=125)
	  Recheck Cond: ((k >= 2496028) AND (k <= 2496128))
	  ->  Bitmap Index Scan on k_5  (cost=0.00..5.44 rows=101 width=0)
	        Index Cond: ((k >= 2496028) AND (k <= 2496128))

table 6 : explain SELECT k, c FROM sbtest6 WHERE k BETWEEN 2496028 AND 2496128
	Bitmap Heap Scan on sbtest6  (cost=5.57..444.49 rows=111 width=125)
	  Recheck Cond: ((k >= 2496028) AND (k <= 2496128))
	  ->  Bitmap Index Scan on k_6  (cost=0.00..5.54 rows=111 width=0)
	        Index Cond: ((k >= 2496028) AND (k <= 2496128))

table 7 : explain SELECT k, c FROM sbtest7 WHERE k BETWEEN 2496028 AND 2496128
	Bitmap Heap Scan on sbtest7  (cost=5.51..420.88 rows=105 width=125)
	  Recheck Cond: ((k >= 2496028) AND (k <= 2496128))
	  ->  Bitmap Index Scan on k_7  (cost=0.00..5.48 rows=105 width=0)
	        Index Cond: ((k >= 2496028) AND (k <= 2496128))

table 8 : explain SELECT k, c FROM sbtest8 WHERE k BETWEEN 2496028 AND 2496128
	Bitmap Heap Scan on sbtest8  (cost=5.53..428.75 rows=107 width=125)
	  Recheck Cond: ((k >= 2496028) AND (k <= 2496128))
	  ->  Bitmap Index Scan on k_8  (cost=0.00..5.50 rows=107 width=0)
	        Index Cond: ((k >= 2496028) AND (k <= 2496128))

for range-notcovered
table 1 : explain SELECT k, c FROM sbtest1 WHERE k BETWEEN 3927617 AND 3927717
	Bitmap Heap Scan on sbtest1  (cost=5.41..381.49 rows=95 width=125)
	  Recheck Cond: ((k >= 3927617) AND (k <= 3927717))
	  ->  Bitmap Index Scan on k_1  (cost=0.00..5.38 rows=95 width=0)
	        Index Cond: ((k >= 3927617) AND (k <= 3927717))

table 2 : explain SELECT k, c FROM sbtest2 WHERE k BETWEEN 3927617 AND 3927717
	Bitmap Heap Scan on sbtest2  (cost=5.51..420.88 rows=105 width=125)
	  Recheck Cond: ((k >= 3927617) AND (k <= 3927717))
	  ->  Bitmap Index Scan on k_2  (cost=0.00..5.48 rows=105 width=0)
	        Index Cond: ((k >= 3927617) AND (k <= 3927717))

table 3 : explain SELECT k, c FROM sbtest3 WHERE k BETWEEN 3927617 AND 3927717
	Bitmap Heap Scan on sbtest3  (cost=5.42..385.43 rows=96 width=125)
	  Recheck Cond: ((k >= 3927617) AND (k <= 3927717))
	  ->  Bitmap Index Scan on k_3  (cost=0.00..5.39 rows=96 width=0)
	        Index Cond: ((k >= 3927617) AND (k <= 3927717))

table 4 : explain SELECT k, c FROM sbtest4 WHERE k BETWEEN 3927617 AND 3927717
	Bitmap Heap Scan on sbtest4  (cost=5.62..464.15 rows=116 width=125)
	  Recheck Cond: ((k >= 3927617) AND (k <= 3927717))
	  ->  Bitmap Index Scan on k_4  (cost=0.00..5.59 rows=116 width=0)
	        Index Cond: ((k >= 3927617) AND (k <= 3927717))

table 5 : explain SELECT k, c FROM sbtest5 WHERE k BETWEEN 3927617 AND 3927717
	Bitmap Heap Scan on sbtest5  (cost=5.49..413.00 rows=103 width=125)
	  Recheck Cond: ((k >= 3927617) AND (k <= 3927717))
	  ->  Bitmap Index Scan on k_5  (cost=0.00..5.46 rows=103 width=0)
	        Index Cond: ((k >= 3927617) AND (k <= 3927717))

table 6 : explain SELECT k, c FROM sbtest6 WHERE k BETWEEN 3927617 AND 3927717
	Bitmap Heap Scan on sbtest6  (cost=5.51..420.88 rows=105 width=125)
	  Recheck Cond: ((k >= 3927617) AND (k <= 3927717))
	  ->  Bitmap Index Scan on k_6  (cost=0.00..5.48 rows=105 width=0)
	        Index Cond: ((k >= 3927617) AND (k <= 3927717))

table 7 : explain SELECT k, c FROM sbtest7 WHERE k BETWEEN 3927617 AND 3927717
	Bitmap Heap Scan on sbtest7  (cost=5.52..424.81 rows=106 width=125)
	  Recheck Cond: ((k >= 3927617) AND (k <= 3927717))
	  ->  Bitmap Index Scan on k_7  (cost=0.00..5.50 rows=106 width=0)
	        Index Cond: ((k >= 3927617) AND (k <= 3927717))

table 8 : explain SELECT k, c FROM sbtest8 WHERE k BETWEEN 3927617 AND 3927717
	Bitmap Heap Scan on sbtest8  (cost=5.50..416.94 rows=104 width=125)
	  Recheck Cond: ((k >= 3927617) AND (k <= 3927717))
	  ->  Bitmap Index Scan on k_8  (cost=0.00..5.47 rows=104 width=0)
	        Index Cond: ((k >= 3927617) AND (k <= 3927717))

for range-notcovered
table 1 : explain SELECT k, c FROM sbtest1 WHERE k BETWEEN 4863954 AND 4864054
	Bitmap Heap Scan on sbtest1  (cost=5.48..409.07 rows=102 width=125)
	  Recheck Cond: ((k >= 4863954) AND (k <= 4864054))
	  ->  Bitmap Index Scan on k_1  (cost=0.00..5.45 rows=102 width=0)
	        Index Cond: ((k >= 4863954) AND (k <= 4864054))

table 2 : explain SELECT k, c FROM sbtest2 WHERE k BETWEEN 4863954 AND 4864054
	Bitmap Heap Scan on sbtest2  (cost=5.38..369.67 rows=92 width=125)
	  Recheck Cond: ((k >= 4863954) AND (k <= 4864054))
	  ->  Bitmap Index Scan on k_2  (cost=0.00..5.35 rows=92 width=0)
	        Index Cond: ((k >= 4863954) AND (k <= 4864054))

table 3 : explain SELECT k, c FROM sbtest3 WHERE k BETWEEN 4863954 AND 4864054
	Bitmap Heap Scan on sbtest3  (cost=5.47..405.13 rows=101 width=125)
	  Recheck Cond: ((k >= 4863954) AND (k <= 4864054))
	  ->  Bitmap Index Scan on k_3  (cost=0.00..5.44 rows=101 width=0)
	        Index Cond: ((k >= 4863954) AND (k <= 4864054))

table 4 : explain SELECT k, c FROM sbtest4 WHERE k BETWEEN 4863954 AND 4864054
	Bitmap Heap Scan on sbtest4  (cost=5.46..401.19 rows=100 width=125)
	  Recheck Cond: ((k >= 4863954) AND (k <= 4864054))
	  ->  Bitmap Index Scan on k_4  (cost=0.00..5.43 rows=100 width=0)
	        Index Cond: ((k >= 4863954) AND (k <= 4864054))

table 5 : explain SELECT k, c FROM sbtest5 WHERE k BETWEEN 4863954 AND 4864054
	Bitmap Heap Scan on sbtest5  (cost=5.39..373.61 rows=93 width=125)
	  Recheck Cond: ((k >= 4863954) AND (k <= 4864054))
	  ->  Bitmap Index Scan on k_5  (cost=0.00..5.36 rows=93 width=0)
	        Index Cond: ((k >= 4863954) AND (k <= 4864054))

table 6 : explain SELECT k, c FROM sbtest6 WHERE k BETWEEN 4863954 AND 4864054
	Bitmap Heap Scan on sbtest6  (cost=5.48..409.07 rows=102 width=125)
	  Recheck Cond: ((k >= 4863954) AND (k <= 4864054))
	  ->  Bitmap Index Scan on k_6  (cost=0.00..5.45 rows=102 width=0)
	        Index Cond: ((k >= 4863954) AND (k <= 4864054))

table 7 : explain SELECT k, c FROM sbtest7 WHERE k BETWEEN 4863954 AND 4864054
	Bitmap Heap Scan on sbtest7  (cost=5.47..405.13 rows=101 width=125)
	  Recheck Cond: ((k >= 4863954) AND (k <= 4864054))
	  ->  Bitmap Index Scan on k_7  (cost=0.00..5.44 rows=101 width=0)
	        Index Cond: ((k >= 4863954) AND (k <= 4864054))

table 8 : explain SELECT k, c FROM sbtest8 WHERE k BETWEEN 4863954 AND 4864054
	Bitmap Heap Scan on sbtest8  (cost=5.54..432.69 rows=108 width=125)
	  Recheck Cond: ((k >= 4863954) AND (k <= 4864054))
	  ->  Bitmap Index Scan on k_8  (cost=0.00..5.51 rows=108 width=0)
	        Index Cond: ((k >= 4863954) AND (k <= 4864054))

explain: for range-notcovered :: explain SELECT k, c FROM sbtest%d WHERE k BETWEEN 4863954 AND 4864054
for range-notcovered
table 1 : explain SELECT k, c FROM sbtest1 WHERE k BETWEEN 4318978 AND 4319078
	Bitmap Heap Scan on sbtest1  (cost=5.51..420.88 rows=105 width=125)
	  Recheck Cond: ((k >= 4318978) AND (k <= 4319078))
	  ->  Bitmap Index Scan on k_1  (cost=0.00..5.48 rows=105 width=0)
	        Index Cond: ((k >= 4318978) AND (k <= 4319078))

table 2 : explain SELECT k, c FROM sbtest2 WHERE k BETWEEN 4318978 AND 4319078
	Bitmap Heap Scan on sbtest2  (cost=5.54..432.69 rows=108 width=125)
	  Recheck Cond: ((k >= 4318978) AND (k <= 4319078))
	  ->  Bitmap Index Scan on k_2  (cost=0.00..5.51 rows=108 width=0)
	        Index Cond: ((k >= 4318978) AND (k <= 4319078))

table 3 : explain SELECT k, c FROM sbtest3 WHERE k BETWEEN 4318978 AND 4319078
	Bitmap Heap Scan on sbtest3  (cost=5.50..416.94 rows=104 width=125)
	  Recheck Cond: ((k >= 4318978) AND (k <= 4319078))
	  ->  Bitmap Index Scan on k_3  (cost=0.00..5.47 rows=104 width=0)
	        Index Cond: ((k >= 4318978) AND (k <= 4319078))

table 4 : explain SELECT k, c FROM sbtest4 WHERE k BETWEEN 4318978 AND 4319078
	Bitmap Heap Scan on sbtest4  (cost=5.41..381.49 rows=95 width=125)
	  Recheck Cond: ((k >= 4318978) AND (k <= 4319078))
	  ->  Bitmap Index Scan on k_4  (cost=0.00..5.38 rows=95 width=0)
	        Index Cond: ((k >= 4318978) AND (k <= 4319078))

table 5 : explain SELECT k, c FROM sbtest5 WHERE k BETWEEN 4318978 AND 4319078
	Bitmap Heap Scan on sbtest5  (cost=5.54..432.69 rows=108 width=125)
	  Recheck Cond: ((k >= 4318978) AND (k <= 4319078))
	  ->  Bitmap Index Scan on k_5  (cost=0.00..5.51 rows=108 width=0)
	        Index Cond: ((k >= 4318978) AND (k <= 4319078))

table 6 : explain SELECT k, c FROM sbtest6 WHERE k BETWEEN 4318978 AND 4319078
	Bitmap Heap Scan on sbtest6  (cost=5.60..456.29 rows=114 width=125)
	  Recheck Cond: ((k >= 4318978) AND (k <= 4319078))
	  ->  Bitmap Index Scan on k_6  (cost=0.00..5.58 rows=114 width=0)
	        Index Cond: ((k >= 4318978) AND (k <= 4319078))

table 7 : explain SELECT k, c FROM sbtest7 WHERE k BETWEEN 4318978 AND 4319078
	Bitmap Heap Scan on sbtest7  (cost=5.49..413.00 rows=103 width=125)
	  Recheck Cond: ((k >= 4318978) AND (k <= 4319078))
	  ->  Bitmap Index Scan on k_7  (cost=0.00..5.46 rows=103 width=0)
	        Index Cond: ((k >= 4318978) AND (k <= 4319078))

table 8 : explain SELECT k, c FROM sbtest8 WHERE k BETWEEN 4318978 AND 4319078
	Bitmap Heap Scan on sbtest8  (cost=5.48..409.07 rows=102 width=125)
	  Recheck Cond: ((k >= 4318978) AND (k <= 4319078))
	  ->  Bitmap Index Scan on k_8  (cost=0.00..5.45 rows=102 width=0)
	        Index Cond: ((k >= 4318978) AND (k <= 4319078))

explain: for range-notcovered :: explain SELECT k, c FROM sbtest%d WHERE k BETWEEN 4318978 AND 4319078
for range-notcovered
table 1 : explain SELECT k, c FROM sbtest1 WHERE k BETWEEN 4126180 AND 4126280
	Bitmap Heap Scan on sbtest1  (cost=5.53..428.75 rows=107 width=125)
	  Recheck Cond: ((k >= 4126180) AND (k <= 4126280))
	  ->  Bitmap Index Scan on k_1  (cost=0.00..5.50 rows=107 width=0)
	        Index Cond: ((k >= 4126180) AND (k <= 4126280))

table 2 : explain SELECT k, c FROM sbtest2 WHERE k BETWEEN 4126180 AND 4126280
	Bitmap Heap Scan on sbtest2  (cost=5.49..413.00 rows=103 width=125)
	  Recheck Cond: ((k >= 4126180) AND (k <= 4126280))
	  ->  Bitmap Index Scan on k_2  (cost=0.00..5.46 rows=103 width=0)
	        Index Cond: ((k >= 4126180) AND (k <= 4126280))

table 3 : explain SELECT k, c FROM sbtest3 WHERE k BETWEEN 4126180 AND 4126280
	Bitmap Heap Scan on sbtest3  (cost=5.49..413.00 rows=103 width=125)
	  Recheck Cond: ((k >= 4126180) AND (k <= 4126280))
	  ->  Bitmap Index Scan on k_3  (cost=0.00..5.46 rows=103 width=0)
	        Index Cond: ((k >= 4126180) AND (k <= 4126280))

table 4 : explain SELECT k, c FROM sbtest4 WHERE k BETWEEN 4126180 AND 4126280
	Bitmap Heap Scan on sbtest4  (cost=5.47..405.13 rows=101 width=125)
	  Recheck Cond: ((k >= 4126180) AND (k <= 4126280))
	  ->  Bitmap Index Scan on k_4  (cost=0.00..5.44 rows=101 width=0)
	        Index Cond: ((k >= 4126180) AND (k <= 4126280))

table 5 : explain SELECT k, c FROM sbtest5 WHERE k BETWEEN 4126180 AND 4126280
	Bitmap Heap Scan on sbtest5  (cost=5.48..409.07 rows=102 width=125)
	  Recheck Cond: ((k >= 4126180) AND (k <= 4126280))
	  ->  Bitmap Index Scan on k_5  (cost=0.00..5.45 rows=102 width=0)
	        Index Cond: ((k >= 4126180) AND (k <= 4126280))

table 6 : explain SELECT k, c FROM sbtest6 WHERE k BETWEEN 4126180 AND 4126280
	Bitmap Heap Scan on sbtest6  (cost=5.50..416.94 rows=104 width=125)
	  Recheck Cond: ((k >= 4126180) AND (k <= 4126280))
	  ->  Bitmap Index Scan on k_6  (cost=0.00..5.47 rows=104 width=0)
	        Index Cond: ((k >= 4126180) AND (k <= 4126280))

table 7 : explain SELECT k, c FROM sbtest7 WHERE k BETWEEN 4126180 AND 4126280
	Bitmap Heap Scan on sbtest7  (cost=5.50..416.94 rows=104 width=125)
	  Recheck Cond: ((k >= 4126180) AND (k <= 4126280))
	  ->  Bitmap Index Scan on k_7  (cost=0.00..5.47 rows=104 width=0)
	        Index Cond: ((k >= 4126180) AND (k <= 4126280))

table 8 : explain SELECT k, c FROM sbtest8 WHERE k BETWEEN 4126180 AND 4126280
	Bitmap Heap Scan on sbtest8  (cost=5.45..397.25 rows=99 width=125)
	  Recheck Cond: ((k >= 4126180) AND (k <= 4126280))
	  ->  Bitmap Index Scan on k_8  (cost=0.00..5.42 rows=99 width=0)
	        Index Cond: ((k >= 4126180) AND (k <= 4126280))

for range-notcovered
table 1 : explain SELECT k, c FROM sbtest1 WHERE k BETWEEN 8928641 AND 8928741
	Bitmap Heap Scan on sbtest1  (cost=5.42..385.43 rows=96 width=125)
	  Recheck Cond: ((k >= 8928641) AND (k <= 8928741))
	  ->  Bitmap Index Scan on k_1  (cost=0.00..5.39 rows=96 width=0)
	        Index Cond: ((k >= 8928641) AND (k <= 8928741))

table 2 : explain SELECT k, c FROM sbtest2 WHERE k BETWEEN 8928641 AND 8928741
	Bitmap Heap Scan on sbtest2  (cost=5.45..397.25 rows=99 width=125)
	  Recheck Cond: ((k >= 8928641) AND (k <= 8928741))
	  ->  Bitmap Index Scan on k_2  (cost=0.00..5.42 rows=99 width=0)
	        Index Cond: ((k >= 8928641) AND (k <= 8928741))

table 3 : explain SELECT k, c FROM sbtest3 WHERE k BETWEEN 8928641 AND 8928741
	Bitmap Heap Scan on sbtest3  (cost=5.45..397.25 rows=99 width=125)
	  Recheck Cond: ((k >= 8928641) AND (k <= 8928741))
	  ->  Bitmap Index Scan on k_3  (cost=0.00..5.42 rows=99 width=0)
	        Index Cond: ((k >= 8928641) AND (k <= 8928741))

table 4 : explain SELECT k, c FROM sbtest4 WHERE k BETWEEN 8928641 AND 8928741
	Bitmap Heap Scan on sbtest4  (cost=5.60..456.29 rows=114 width=125)
	  Recheck Cond: ((k >= 8928641) AND (k <= 8928741))
	  ->  Bitmap Index Scan on k_4  (cost=0.00..5.58 rows=114 width=0)
	        Index Cond: ((k >= 8928641) AND (k <= 8928741))

table 5 : explain SELECT k, c FROM sbtest5 WHERE k BETWEEN 8928641 AND 8928741
	Bitmap Heap Scan on sbtest5  (cost=5.50..416.94 rows=104 width=125)
	  Recheck Cond: ((k >= 8928641) AND (k <= 8928741))
	  ->  Bitmap Index Scan on k_5  (cost=0.00..5.47 rows=104 width=0)
	        Index Cond: ((k >= 8928641) AND (k <= 8928741))

table 6 : explain SELECT k, c FROM sbtest6 WHERE k BETWEEN 8928641 AND 8928741
	Bitmap Heap Scan on sbtest6  (cost=5.45..397.25 rows=99 width=125)
	  Recheck Cond: ((k >= 8928641) AND (k <= 8928741))
	  ->  Bitmap Index Scan on k_6  (cost=0.00..5.42 rows=99 width=0)
	        Index Cond: ((k >= 8928641) AND (k <= 8928741))

table 7 : explain SELECT k, c FROM sbtest7 WHERE k BETWEEN 8928641 AND 8928741
	Bitmap Heap Scan on sbtest7  (cost=5.37..365.72 rows=91 width=125)
	  Recheck Cond: ((k >= 8928641) AND (k <= 8928741))
	  ->  Bitmap Index Scan on k_7  (cost=0.00..5.34 rows=91 width=0)
	        Index Cond: ((k >= 8928641) AND (k <= 8928741))

table 8 : explain SELECT k, c FROM sbtest8 WHERE k BETWEEN 8928641 AND 8928741
	Bitmap Heap Scan on sbtest8  (cost=5.55..436.62 rows=109 width=125)
	  Recheck Cond: ((k >= 8928641) AND (k <= 8928741))
	  ->  Bitmap Index Scan on k_8  (cost=0.00..5.52 rows=109 width=0)
	        Index Cond: ((k >= 8928641) AND (k <= 8928741))

for range-notcovered
table 1 : explain SELECT k, c FROM sbtest1 WHERE k BETWEEN 1742706 AND 1742806
	Bitmap Heap Scan on sbtest1  (cost=5.54..432.69 rows=108 width=125)
	  Recheck Cond: ((k >= 1742706) AND (k <= 1742806))
	  ->  Bitmap Index Scan on k_1  (cost=0.00..5.51 rows=108 width=0)
	        Index Cond: ((k >= 1742706) AND (k <= 1742806))

table 2 : explain SELECT k, c FROM sbtest2 WHERE k BETWEEN 1742706 AND 1742806
	Bitmap Heap Scan on sbtest2  (cost=5.52..424.81 rows=106 width=125)
	  Recheck Cond: ((k >= 1742706) AND (k <= 1742806))
	  ->  Bitmap Index Scan on k_2  (cost=0.00..5.50 rows=106 width=0)
	        Index Cond: ((k >= 1742706) AND (k <= 1742806))

table 3 : explain SELECT k, c FROM sbtest3 WHERE k BETWEEN 1742706 AND 1742806
	Bitmap Heap Scan on sbtest3  (cost=5.51..420.88 rows=105 width=125)
	  Recheck Cond: ((k >= 1742706) AND (k <= 1742806))
	  ->  Bitmap Index Scan on k_3  (cost=0.00..5.48 rows=105 width=0)
	        Index Cond: ((k >= 1742706) AND (k <= 1742806))

table 4 : explain SELECT k, c FROM sbtest4 WHERE k BETWEEN 1742706 AND 1742806
	Bitmap Heap Scan on sbtest4  (cost=5.43..389.37 rows=97 width=125)
	  Recheck Cond: ((k >= 1742706) AND (k <= 1742806))
	  ->  Bitmap Index Scan on k_4  (cost=0.00..5.40 rows=97 width=0)
	        Index Cond: ((k >= 1742706) AND (k <= 1742806))

table 5 : explain SELECT k, c FROM sbtest5 WHERE k BETWEEN 1742706 AND 1742806
	Bitmap Heap Scan on sbtest5  (cost=5.54..432.69 rows=108 width=125)
	  Recheck Cond: ((k >= 1742706) AND (k <= 1742806))
	  ->  Bitmap Index Scan on k_5  (cost=0.00..5.51 rows=108 width=0)
	        Index Cond: ((k >= 1742706) AND (k <= 1742806))

table 6 : explain SELECT k, c FROM sbtest6 WHERE k BETWEEN 1742706 AND 1742806
	Bitmap Heap Scan on sbtest6  (cost=5.39..373.61 rows=93 width=125)
	  Recheck Cond: ((k >= 1742706) AND (k <= 1742806))
	  ->  Bitmap Index Scan on k_6  (cost=0.00..5.36 rows=93 width=0)
	        Index Cond: ((k >= 1742706) AND (k <= 1742806))

table 7 : explain SELECT k, c FROM sbtest7 WHERE k BETWEEN 1742706 AND 1742806
	Bitmap Heap Scan on sbtest7  (cost=5.51..420.88 rows=105 width=125)
	  Recheck Cond: ((k >= 1742706) AND (k <= 1742806))
	  ->  Bitmap Index Scan on k_7  (cost=0.00..5.48 rows=105 width=0)
	        Index Cond: ((k >= 1742706) AND (k <= 1742806))

table 8 : explain SELECT k, c FROM sbtest8 WHERE k BETWEEN 1742706 AND 1742806
	Bitmap Heap Scan on sbtest8  (cost=5.51..420.88 rows=105 width=125)
	  Recheck Cond: ((k >= 1742706) AND (k <= 1742806))
	  ->  Bitmap Index Scan on k_8  (cost=0.00..5.48 rows=105 width=0)
	        Index Cond: ((k >= 1742706) AND (k <= 1742806))

explain: for range-notcovered :: explain SELECT k, c FROM sbtest%d WHERE k BETWEEN 4126180 AND 4126280
for range-notcovered
table 1 : explain SELECT k, c FROM sbtest1 WHERE k BETWEEN 6418666 AND 6418766
	Bitmap Heap Scan on sbtest1  (cost=5.58..448.42 rows=112 width=125)
	  Recheck Cond: ((k >= 6418666) AND (k <= 6418766))
	  ->  Bitmap Index Scan on k_1  (cost=0.00..5.55 rows=112 width=0)
	        Index Cond: ((k >= 6418666) AND (k <= 6418766))

table 2 : explain SELECT k, c FROM sbtest2 WHERE k BETWEEN 6418666 AND 6418766
	Bitmap Heap Scan on sbtest2  (cost=5.45..397.25 rows=99 width=125)
	  Recheck Cond: ((k >= 6418666) AND (k <= 6418766))
	  ->  Bitmap Index Scan on k_2  (cost=0.00..5.42 rows=99 width=0)
	        Index Cond: ((k >= 6418666) AND (k <= 6418766))

table 3 : explain SELECT k, c FROM sbtest3 WHERE k BETWEEN 6418666 AND 6418766
	Bitmap Heap Scan on sbtest3  (cost=5.47..405.13 rows=101 width=125)
	  Recheck Cond: ((k >= 6418666) AND (k <= 6418766))
	  ->  Bitmap Index Scan on k_3  (cost=0.00..5.44 rows=101 width=0)
	        Index Cond: ((k >= 6418666) AND (k <= 6418766))

table 4 : explain SELECT k, c FROM sbtest4 WHERE k BETWEEN 6418666 AND 6418766
	Bitmap Heap Scan on sbtest4  (cost=5.51..420.88 rows=105 width=125)
	  Recheck Cond: ((k >= 6418666) AND (k <= 6418766))
	  ->  Bitmap Index Scan on k_4  (cost=0.00..5.48 rows=105 width=0)
	        Index Cond: ((k >= 6418666) AND (k <= 6418766))

table 5 : explain SELECT k, c FROM sbtest5 WHERE k BETWEEN 6418666 AND 6418766
	Bitmap Heap Scan on sbtest5  (cost=5.48..409.07 rows=102 width=125)
	  Recheck Cond: ((k >= 6418666) AND (k <= 6418766))
	  ->  Bitmap Index Scan on k_5  (cost=0.00..5.45 rows=102 width=0)
	        Index Cond: ((k >= 6418666) AND (k <= 6418766))

table 6 : explain SELECT k, c FROM sbtest6 WHERE k BETWEEN 6418666 AND 6418766
	Bitmap Heap Scan on sbtest6  (cost=5.43..389.37 rows=97 width=125)
	  Recheck Cond: ((k >= 6418666) AND (k <= 6418766))
	  ->  Bitmap Index Scan on k_6  (cost=0.00..5.40 rows=97 width=0)
	        Index Cond: ((k >= 6418666) AND (k <= 6418766))

table 7 : explain SELECT k, c FROM sbtest7 WHERE k BETWEEN 6418666 AND 6418766
	Bitmap Heap Scan on sbtest7  (cost=5.56..440.56 rows=110 width=125)
	  Recheck Cond: ((k >= 6418666) AND (k <= 6418766))
	  ->  Bitmap Index Scan on k_7  (cost=0.00..5.53 rows=110 width=0)
	        Index Cond: ((k >= 6418666) AND (k <= 6418766))

table 8 : explain SELECT k, c FROM sbtest8 WHERE k BETWEEN 6418666 AND 6418766
	Bitmap Heap Scan on sbtest8  (cost=5.56..440.56 rows=110 width=125)
	  Recheck Cond: ((k >= 6418666) AND (k <= 6418766))
	  ->  Bitmap Index Scan on k_8  (cost=0.00..5.53 rows=110 width=0)
	        Index Cond: ((k >= 6418666) AND (k <= 6418766))

explain: for range-notcovered :: explain SELECT k, c FROM sbtest%d WHERE k BETWEEN 8928641 AND 8928741
explain: for range-notcovered :: explain SELECT k, c FROM sbtest%d WHERE k BETWEEN 1742706 AND 1742806
for range-notcovered
table 1 : explain SELECT k, c FROM sbtest1 WHERE k BETWEEN 4863954 AND 4864054
	Bitmap Heap Scan on sbtest1  (cost=5.48..409.07 rows=102 width=125)
	  Recheck Cond: ((k >= 4863954) AND (k <= 4864054))
	  ->  Bitmap Index Scan on k_1  (cost=0.00..5.45 rows=102 width=0)
	        Index Cond: ((k >= 4863954) AND (k <= 4864054))

table 2 : explain SELECT k, c FROM sbtest2 WHERE k BETWEEN 4863954 AND 4864054
	Bitmap Heap Scan on sbtest2  (cost=5.38..369.67 rows=92 width=125)
	  Recheck Cond: ((k >= 4863954) AND (k <= 4864054))
	  ->  Bitmap Index Scan on k_2  (cost=0.00..5.35 rows=92 width=0)
	        Index Cond: ((k >= 4863954) AND (k <= 4864054))

table 3 : explain SELECT k, c FROM sbtest3 WHERE k BETWEEN 4863954 AND 4864054
	Bitmap Heap Scan on sbtest3  (cost=5.47..405.13 rows=101 width=125)
	  Recheck Cond: ((k >= 4863954) AND (k <= 4864054))
	  ->  Bitmap Index Scan on k_3  (cost=0.00..5.44 rows=101 width=0)
	        Index Cond: ((k >= 4863954) AND (k <= 4864054))

table 4 : explain SELECT k, c FROM sbtest4 WHERE k BETWEEN 4863954 AND 4864054
	Bitmap Heap Scan on sbtest4  (cost=5.46..401.19 rows=100 width=125)
	  Recheck Cond: ((k >= 4863954) AND (k <= 4864054))
	  ->  Bitmap Index Scan on k_4  (cost=0.00..5.43 rows=100 width=0)
	        Index Cond: ((k >= 4863954) AND (k <= 4864054))

table 5 : explain SELECT k, c FROM sbtest5 WHERE k BETWEEN 4863954 AND 4864054
	Bitmap Heap Scan on sbtest5  (cost=5.39..373.61 rows=93 width=125)
	  Recheck Cond: ((k >= 4863954) AND (k <= 4864054))
	  ->  Bitmap Index Scan on k_5  (cost=0.00..5.36 rows=93 width=0)
	        Index Cond: ((k >= 4863954) AND (k <= 4864054))

table 6 : explain SELECT k, c FROM sbtest6 WHERE k BETWEEN 4863954 AND 4864054
	Bitmap Heap Scan on sbtest6  (cost=5.48..409.07 rows=102 width=125)
	  Recheck Cond: ((k >= 4863954) AND (k <= 4864054))
	  ->  Bitmap Index Scan on k_6  (cost=0.00..5.45 rows=102 width=0)
	        Index Cond: ((k >= 4863954) AND (k <= 4864054))

table 7 : explain SELECT k, c FROM sbtest7 WHERE k BETWEEN 4863954 AND 4864054
	Bitmap Heap Scan on sbtest7  (cost=5.47..405.13 rows=101 width=125)
	  Recheck Cond: ((k >= 4863954) AND (k <= 4864054))
	  ->  Bitmap Index Scan on k_7  (cost=0.00..5.44 rows=101 width=0)
	        Index Cond: ((k >= 4863954) AND (k <= 4864054))

table 8 : explain SELECT k, c FROM sbtest8 WHERE k BETWEEN 4863954 AND 4864054
	Bitmap Heap Scan on sbtest8  (cost=5.54..432.69 rows=108 width=125)
	  Recheck Cond: ((k >= 4863954) AND (k <= 4864054))
	  ->  Bitmap Index Scan on k_8  (cost=0.00..5.51 rows=108 width=0)
	        Index Cond: ((k >= 4863954) AND (k <= 4864054))

explain: for range-notcovered :: explain SELECT k, c FROM sbtest%d WHERE k BETWEEN 4863954 AND 4864054
for range-notcovered
table 1 : explain SELECT k, c FROM sbtest1 WHERE k BETWEEN 4318978 AND 4319078
	Bitmap Heap Scan on sbtest1  (cost=5.51..420.88 rows=105 width=125)
	  Recheck Cond: ((k >= 4318978) AND (k <= 4319078))
	  ->  Bitmap Index Scan on k_1  (cost=0.00..5.48 rows=105 width=0)
	        Index Cond: ((k >= 4318978) AND (k <= 4319078))

table 2 : explain SELECT k, c FROM sbtest2 WHERE k BETWEEN 4318978 AND 4319078
	Bitmap Heap Scan on sbtest2  (cost=5.54..432.69 rows=108 width=125)
	  Recheck Cond: ((k >= 4318978) AND (k <= 4319078))
	  ->  Bitmap Index Scan on k_2  (cost=0.00..5.51 rows=108 width=0)
	        Index Cond: ((k >= 4318978) AND (k <= 4319078))

table 3 : explain SELECT k, c FROM sbtest3 WHERE k BETWEEN 4318978 AND 4319078
	Bitmap Heap Scan on sbtest3  (cost=5.50..416.94 rows=104 width=125)
	  Recheck Cond: ((k >= 4318978) AND (k <= 4319078))
	  ->  Bitmap Index Scan on k_3  (cost=0.00..5.47 rows=104 width=0)
	        Index Cond: ((k >= 4318978) AND (k <= 4319078))

table 4 : explain SELECT k, c FROM sbtest4 WHERE k BETWEEN 4318978 AND 4319078
	Bitmap Heap Scan on sbtest4  (cost=5.41..381.49 rows=95 width=125)
	  Recheck Cond: ((k >= 4318978) AND (k <= 4319078))
	  ->  Bitmap Index Scan on k_4  (cost=0.00..5.38 rows=95 width=0)
	        Index Cond: ((k >= 4318978) AND (k <= 4319078))

table 5 : explain SELECT k, c FROM sbtest5 WHERE k BETWEEN 4318978 AND 4319078
	Bitmap Heap Scan on sbtest5  (cost=5.54..432.69 rows=108 width=125)
	  Recheck Cond: ((k >= 4318978) AND (k <= 4319078))
	  ->  Bitmap Index Scan on k_5  (cost=0.00..5.51 rows=108 width=0)
	        Index Cond: ((k >= 4318978) AND (k <= 4319078))

table 6 : explain SELECT k, c FROM sbtest6 WHERE k BETWEEN 4318978 AND 4319078
	Bitmap Heap Scan on sbtest6  (cost=5.60..456.29 rows=114 width=125)
	  Recheck Cond: ((k >= 4318978) AND (k <= 4319078))
	  ->  Bitmap Index Scan on k_6  (cost=0.00..5.58 rows=114 width=0)
	        Index Cond: ((k >= 4318978) AND (k <= 4319078))

table 7 : explain SELECT k, c FROM sbtest7 WHERE k BETWEEN 4318978 AND 4319078
	Bitmap Heap Scan on sbtest7  (cost=5.49..413.00 rows=103 width=125)
	  Recheck Cond: ((k >= 4318978) AND (k <= 4319078))
	  ->  Bitmap Index Scan on k_7  (cost=0.00..5.46 rows=103 width=0)
	        Index Cond: ((k >= 4318978) AND (k <= 4319078))

table 8 : explain SELECT k, c FROM sbtest8 WHERE k BETWEEN 4318978 AND 4319078
	Bitmap Heap Scan on sbtest8  (cost=5.48..409.07 rows=102 width=125)
	  Recheck Cond: ((k >= 4318978) AND (k <= 4319078))
	  ->  Bitmap Index Scan on k_8  (cost=0.00..5.45 rows=102 width=0)
	        Index Cond: ((k >= 4318978) AND (k <= 4319078))

for range-notcovered
table 1 : explain SELECT k, c FROM sbtest1 WHERE k BETWEEN 4126180 AND 4126280
	Bitmap Heap Scan on sbtest1  (cost=5.53..428.75 rows=107 width=125)
	  Recheck Cond: ((k >= 4126180) AND (k <= 4126280))
	  ->  Bitmap Index Scan on k_1  (cost=0.00..5.50 rows=107 width=0)
	        Index Cond: ((k >= 4126180) AND (k <= 4126280))

table 2 : explain SELECT k, c FROM sbtest2 WHERE k BETWEEN 4126180 AND 4126280
	Bitmap Heap Scan on sbtest2  (cost=5.49..413.00 rows=103 width=125)
	  Recheck Cond: ((k >= 4126180) AND (k <= 4126280))
	  ->  Bitmap Index Scan on k_2  (cost=0.00..5.46 rows=103 width=0)
	        Index Cond: ((k >= 4126180) AND (k <= 4126280))

table 3 : explain SELECT k, c FROM sbtest3 WHERE k BETWEEN 4126180 AND 4126280
	Bitmap Heap Scan on sbtest3  (cost=5.49..413.00 rows=103 width=125)
	  Recheck Cond: ((k >= 4126180) AND (k <= 4126280))
	  ->  Bitmap Index Scan on k_3  (cost=0.00..5.46 rows=103 width=0)
	        Index Cond: ((k >= 4126180) AND (k <= 4126280))

table 4 : explain SELECT k, c FROM sbtest4 WHERE k BETWEEN 4126180 AND 4126280
	Bitmap Heap Scan on sbtest4  (cost=5.47..405.13 rows=101 width=125)
	  Recheck Cond: ((k >= 4126180) AND (k <= 4126280))
	  ->  Bitmap Index Scan on k_4  (cost=0.00..5.44 rows=101 width=0)
	        Index Cond: ((k >= 4126180) AND (k <= 4126280))

table 5 : explain SELECT k, c FROM sbtest5 WHERE k BETWEEN 4126180 AND 4126280
	Bitmap Heap Scan on sbtest5  (cost=5.48..409.07 rows=102 width=125)
	  Recheck Cond: ((k >= 4126180) AND (k <= 4126280))
	  ->  Bitmap Index Scan on k_5  (cost=0.00..5.45 rows=102 width=0)
	        Index Cond: ((k >= 4126180) AND (k <= 4126280))

table 6 : explain SELECT k, c FROM sbtest6 WHERE k BETWEEN 4126180 AND 4126280
	Bitmap Heap Scan on sbtest6  (cost=5.50..416.94 rows=104 width=125)
	  Recheck Cond: ((k >= 4126180) AND (k <= 4126280))
	  ->  Bitmap Index Scan on k_6  (cost=0.00..5.47 rows=104 width=0)
	        Index Cond: ((k >= 4126180) AND (k <= 4126280))

table 7 : explain SELECT k, c FROM sbtest7 WHERE k BETWEEN 4126180 AND 4126280
	Bitmap Heap Scan on sbtest7  (cost=5.50..416.94 rows=104 width=125)
	  Recheck Cond: ((k >= 4126180) AND (k <= 4126280))
	  ->  Bitmap Index Scan on k_7  (cost=0.00..5.47 rows=104 width=0)
	        Index Cond: ((k >= 4126180) AND (k <= 4126280))

table 8 : explain SELECT k, c FROM sbtest8 WHERE k BETWEEN 4126180 AND 4126280
	Bitmap Heap Scan on sbtest8  (cost=5.45..397.25 rows=99 width=125)
	  Recheck Cond: ((k >= 4126180) AND (k <= 4126280))
	  ->  Bitmap Index Scan on k_8  (cost=0.00..5.42 rows=99 width=0)
	        Index Cond: ((k >= 4126180) AND (k <= 4126280))

explain: for range-notcovered :: explain SELECT k, c FROM sbtest%d WHERE k BETWEEN 4126180 AND 4126280
for range-notcovered
table 1 : explain SELECT k, c FROM sbtest1 WHERE k BETWEEN 8928641 AND 8928741
	Bitmap Heap Scan on sbtest1  (cost=5.42..385.43 rows=96 width=125)
	  Recheck Cond: ((k >= 8928641) AND (k <= 8928741))
	  ->  Bitmap Index Scan on k_1  (cost=0.00..5.39 rows=96 width=0)
	        Index Cond: ((k >= 8928641) AND (k <= 8928741))

table 2 : explain SELECT k, c FROM sbtest2 WHERE k BETWEEN 8928641 AND 8928741
	Bitmap Heap Scan on sbtest2  (cost=5.45..397.25 rows=99 width=125)
	  Recheck Cond: ((k >= 8928641) AND (k <= 8928741))
	  ->  Bitmap Index Scan on k_2  (cost=0.00..5.42 rows=99 width=0)
	        Index Cond: ((k >= 8928641) AND (k <= 8928741))

table 3 : explain SELECT k, c FROM sbtest3 WHERE k BETWEEN 8928641 AND 8928741
	Bitmap Heap Scan on sbtest3  (cost=5.45..397.25 rows=99 width=125)
	  Recheck Cond: ((k >= 8928641) AND (k <= 8928741))
	  ->  Bitmap Index Scan on k_3  (cost=0.00..5.42 rows=99 width=0)
	        Index Cond: ((k >= 8928641) AND (k <= 8928741))

table 4 : explain SELECT k, c FROM sbtest4 WHERE k BETWEEN 8928641 AND 8928741
	Bitmap Heap Scan on sbtest4  (cost=5.60..456.29 rows=114 width=125)
	  Recheck Cond: ((k >= 8928641) AND (k <= 8928741))
	  ->  Bitmap Index Scan on k_4  (cost=0.00..5.58 rows=114 width=0)
	        Index Cond: ((k >= 8928641) AND (k <= 8928741))

table 5 : explain SELECT k, c FROM sbtest5 WHERE k BETWEEN 8928641 AND 8928741
	Bitmap Heap Scan on sbtest5  (cost=5.50..416.94 rows=104 width=125)
	  Recheck Cond: ((k >= 8928641) AND (k <= 8928741))
	  ->  Bitmap Index Scan on k_5  (cost=0.00..5.47 rows=104 width=0)
	        Index Cond: ((k >= 8928641) AND (k <= 8928741))

table 6 : explain SELECT k, c FROM sbtest6 WHERE k BETWEEN 8928641 AND 8928741
	Bitmap Heap Scan on sbtest6  (cost=5.45..397.25 rows=99 width=125)
	  Recheck Cond: ((k >= 8928641) AND (k <= 8928741))
	  ->  Bitmap Index Scan on k_6  (cost=0.00..5.42 rows=99 width=0)
	        Index Cond: ((k >= 8928641) AND (k <= 8928741))

table 7 : explain SELECT k, c FROM sbtest7 WHERE k BETWEEN 8928641 AND 8928741
	Bitmap Heap Scan on sbtest7  (cost=5.37..365.72 rows=91 width=125)
	  Recheck Cond: ((k >= 8928641) AND (k <= 8928741))
	  ->  Bitmap Index Scan on k_7  (cost=0.00..5.34 rows=91 width=0)
	        Index Cond: ((k >= 8928641) AND (k <= 8928741))

table 8 : explain SELECT k, c FROM sbtest8 WHERE k BETWEEN 8928641 AND 8928741
	Bitmap Heap Scan on sbtest8  (cost=5.55..436.62 rows=109 width=125)
	  Recheck Cond: ((k >= 8928641) AND (k <= 8928741))
	  ->  Bitmap Index Scan on k_8  (cost=0.00..5.52 rows=109 width=0)
	        Index Cond: ((k >= 8928641) AND (k <= 8928741))

explain: for range-notcovered :: explain SELECT k, c FROM sbtest%d WHERE k BETWEEN 8928641 AND 8928741
for range-notcovered
table 1 : explain SELECT k, c FROM sbtest1 WHERE k BETWEEN 1742706 AND 1742806
	Bitmap Heap Scan on sbtest1  (cost=5.54..432.69 rows=108 width=125)
	  Recheck Cond: ((k >= 1742706) AND (k <= 1742806))
	  ->  Bitmap Index Scan on k_1  (cost=0.00..5.51 rows=108 width=0)
	        Index Cond: ((k >= 1742706) AND (k <= 1742806))

table 2 : explain SELECT k, c FROM sbtest2 WHERE k BETWEEN 1742706 AND 1742806
	Bitmap Heap Scan on sbtest2  (cost=5.52..424.81 rows=106 width=125)
	  Recheck Cond: ((k >= 1742706) AND (k <= 1742806))
	  ->  Bitmap Index Scan on k_2  (cost=0.00..5.50 rows=106 width=0)
	        Index Cond: ((k >= 1742706) AND (k <= 1742806))

table 3 : explain SELECT k, c FROM sbtest3 WHERE k BETWEEN 1742706 AND 1742806
	Bitmap Heap Scan on sbtest3  (cost=5.51..420.88 rows=105 width=125)
	  Recheck Cond: ((k >= 1742706) AND (k <= 1742806))
	  ->  Bitmap Index Scan on k_3  (cost=0.00..5.48 rows=105 width=0)
	        Index Cond: ((k >= 1742706) AND (k <= 1742806))

table 4 : explain SELECT k, c FROM sbtest4 WHERE k BETWEEN 1742706 AND 1742806
	Bitmap Heap Scan on sbtest4  (cost=5.43..389.37 rows=97 width=125)
	  Recheck Cond: ((k >= 1742706) AND (k <= 1742806))
	  ->  Bitmap Index Scan on k_4  (cost=0.00..5.40 rows=97 width=0)
	        Index Cond: ((k >= 1742706) AND (k <= 1742806))

table 5 : explain SELECT k, c FROM sbtest5 WHERE k BETWEEN 1742706 AND 1742806
	Bitmap Heap Scan on sbtest5  (cost=5.54..432.69 rows=108 width=125)
	  Recheck Cond: ((k >= 1742706) AND (k <= 1742806))
	  ->  Bitmap Index Scan on k_5  (cost=0.00..5.51 rows=108 width=0)
	        Index Cond: ((k >= 1742706) AND (k <= 1742806))

table 6 : explain SELECT k, c FROM sbtest6 WHERE k BETWEEN 1742706 AND 1742806
	Bitmap Heap Scan on sbtest6  (cost=5.39..373.61 rows=93 width=125)
	  Recheck Cond: ((k >= 1742706) AND (k <= 1742806))
	  ->  Bitmap Index Scan on k_6  (cost=0.00..5.36 rows=93 width=0)
	        Index Cond: ((k >= 1742706) AND (k <= 1742806))

table 7 : explain SELECT k, c FROM sbtest7 WHERE k BETWEEN 1742706 AND 1742806
	Bitmap Heap Scan on sbtest7  (cost=5.51..420.88 rows=105 width=125)
	  Recheck Cond: ((k >= 1742706) AND (k <= 1742806))
	  ->  Bitmap Index Scan on k_7  (cost=0.00..5.48 rows=105 width=0)
	        Index Cond: ((k >= 1742706) AND (k <= 1742806))

table 8 : explain SELECT k, c FROM sbtest8 WHERE k BETWEEN 1742706 AND 1742806
	Bitmap Heap Scan on sbtest8  (cost=5.51..420.88 rows=105 width=125)
	  Recheck Cond: ((k >= 1742706) AND (k <= 1742806))
	  ->  Bitmap Index Scan on k_8  (cost=0.00..5.48 rows=105 width=0)
	        Index Cond: ((k >= 1742706) AND (k <= 1742806))

explain: for range-notcovered :: explain SELECT k, c FROM sbtest%d WHERE k BETWEEN 1742706 AND 1742806
for range-notcovered
table 1 : explain SELECT k, c FROM sbtest1 WHERE k BETWEEN 6673690 AND 6673790
	Bitmap Heap Scan on sbtest1  (cost=5.54..432.69 rows=108 width=125)
	  Recheck Cond: ((k >= 6673690) AND (k <= 6673790))
	  ->  Bitmap Index Scan on k_1  (cost=0.00..5.51 rows=108 width=0)
	        Index Cond: ((k >= 6673690) AND (k <= 6673790))

table 2 : explain SELECT k, c FROM sbtest2 WHERE k BETWEEN 6673690 AND 6673790
	Bitmap Heap Scan on sbtest2  (cost=5.52..424.81 rows=106 width=125)
	  Recheck Cond: ((k >= 6673690) AND (k <= 6673790))
	  ->  Bitmap Index Scan on k_2  (cost=0.00..5.50 rows=106 width=0)
	        Index Cond: ((k >= 6673690) AND (k <= 6673790))

table 3 : explain SELECT k, c FROM sbtest3 WHERE k BETWEEN 6673690 AND 6673790
	Bitmap Heap Scan on sbtest3  (cost=5.41..381.49 rows=95 width=125)
	  Recheck Cond: ((k >= 6673690) AND (k <= 6673790))
	  ->  Bitmap Index Scan on k_3  (cost=0.00..5.38 rows=95 width=0)
	        Index Cond: ((k >= 6673690) AND (k <= 6673790))

table 4 : explain SELECT k, c FROM sbtest4 WHERE k BETWEEN 6673690 AND 6673790
	Bitmap Heap Scan on sbtest4  (cost=5.38..369.67 rows=92 width=125)
	  Recheck Cond: ((k >= 6673690) AND (k <= 6673790))
	  ->  Bitmap Index Scan on k_4  (cost=0.00..5.35 rows=92 width=0)
	        Index Cond: ((k >= 6673690) AND (k <= 6673790))

table 5 : explain SELECT k, c FROM sbtest5 WHERE k BETWEEN 6673690 AND 6673790
	Bitmap Heap Scan on sbtest5  (cost=5.60..456.29 rows=114 width=125)
	  Recheck Cond: ((k >= 6673690) AND (k <= 6673790))
	  ->  Bitmap Index Scan on k_5  (cost=0.00..5.58 rows=114 width=0)
	        Index Cond: ((k >= 6673690) AND (k <= 6673790))

table 6 : explain SELECT k, c FROM sbtest6 WHERE k BETWEEN 6673690 AND 6673790
	Bitmap Heap Scan on sbtest6  (cost=5.50..416.94 rows=104 width=125)
	  Recheck Cond: ((k >= 6673690) AND (k <= 6673790))
	  ->  Bitmap Index Scan on k_6  (cost=0.00..5.47 rows=104 width=0)
	        Index Cond: ((k >= 6673690) AND (k <= 6673790))

table 7 : explain SELECT k, c FROM sbtest7 WHERE k BETWEEN 6673690 AND 6673790
	Bitmap Heap Scan on sbtest7  (cost=5.60..456.29 rows=114 width=125)
	  Recheck Cond: ((k >= 6673690) AND (k <= 6673790))
	  ->  Bitmap Index Scan on k_7  (cost=0.00..5.58 rows=114 width=0)
	        Index Cond: ((k >= 6673690) AND (k <= 6673790))

table 8 : explain SELECT k, c FROM sbtest8 WHERE k BETWEEN 6673690 AND 6673790
	Bitmap Heap Scan on sbtest8  (cost=5.50..416.94 rows=104 width=125)
	  Recheck Cond: ((k >= 6673690) AND (k <= 6673790))
	  ->  Bitmap Index Scan on k_8  (cost=0.00..5.47 rows=104 width=0)
	        Index Cond: ((k >= 6673690) AND (k <= 6673790))

explain: for range-notcovered :: explain SELECT k, c FROM sbtest%d WHERE k BETWEEN 6673690 AND 6673790
for range-notcovered
table 1 : explain SELECT k, c FROM sbtest1 WHERE k BETWEEN 4863954 AND 4864054
	Bitmap Heap Scan on sbtest1  (cost=5.48..409.07 rows=102 width=125)
	  Recheck Cond: ((k >= 4863954) AND (k <= 4864054))
	  ->  Bitmap Index Scan on k_1  (cost=0.00..5.45 rows=102 width=0)
	        Index Cond: ((k >= 4863954) AND (k <= 4864054))

table 2 : explain SELECT k, c FROM sbtest2 WHERE k BETWEEN 4863954 AND 4864054
	Bitmap Heap Scan on sbtest2  (cost=5.38..369.67 rows=92 width=125)
	  Recheck Cond: ((k >= 4863954) AND (k <= 4864054))
	  ->  Bitmap Index Scan on k_2  (cost=0.00..5.35 rows=92 width=0)
	        Index Cond: ((k >= 4863954) AND (k <= 4864054))

table 3 : explain SELECT k, c FROM sbtest3 WHERE k BETWEEN 4863954 AND 4864054
	Bitmap Heap Scan on sbtest3  (cost=5.47..405.13 rows=101 width=125)
	  Recheck Cond: ((k >= 4863954) AND (k <= 4864054))
	  ->  Bitmap Index Scan on k_3  (cost=0.00..5.44 rows=101 width=0)
	        Index Cond: ((k >= 4863954) AND (k <= 4864054))

table 4 : explain SELECT k, c FROM sbtest4 WHERE k BETWEEN 4863954 AND 4864054
	Bitmap Heap Scan on sbtest4  (cost=5.46..401.19 rows=100 width=125)
	  Recheck Cond: ((k >= 4863954) AND (k <= 4864054))
	  ->  Bitmap Index Scan on k_4  (cost=0.00..5.43 rows=100 width=0)
	        Index Cond: ((k >= 4863954) AND (k <= 4864054))

table 5 : explain SELECT k, c FROM sbtest5 WHERE k BETWEEN 4863954 AND 4864054
	Bitmap Heap Scan on sbtest5  (cost=5.39..373.61 rows=93 width=125)
	  Recheck Cond: ((k >= 4863954) AND (k <= 4864054))
	  ->  Bitmap Index Scan on k_5  (cost=0.00..5.36 rows=93 width=0)
	        Index Cond: ((k >= 4863954) AND (k <= 4864054))

table 6 : explain SELECT k, c FROM sbtest6 WHERE k BETWEEN 4863954 AND 4864054
	Bitmap Heap Scan on sbtest6  (cost=5.48..409.07 rows=102 width=125)
	  Recheck Cond: ((k >= 4863954) AND (k <= 4864054))
	  ->  Bitmap Index Scan on k_6  (cost=0.00..5.45 rows=102 width=0)
	        Index Cond: ((k >= 4863954) AND (k <= 4864054))

table 7 : explain SELECT k, c FROM sbtest7 WHERE k BETWEEN 4863954 AND 4864054
	Bitmap Heap Scan on sbtest7  (cost=5.47..405.13 rows=101 width=125)
	  Recheck Cond: ((k >= 4863954) AND (k <= 4864054))
	  ->  Bitmap Index Scan on k_7  (cost=0.00..5.44 rows=101 width=0)
	        Index Cond: ((k >= 4863954) AND (k <= 4864054))

table 8 : explain SELECT k, c FROM sbtest8 WHERE k BETWEEN 4863954 AND 4864054
	Bitmap Heap Scan on sbtest8  (cost=5.54..432.69 rows=108 width=125)
	  Recheck Cond: ((k >= 4863954) AND (k <= 4864054))
	  ->  Bitmap Index Scan on k_8  (cost=0.00..5.51 rows=108 width=0)
	        Index Cond: ((k >= 4863954) AND (k <= 4864054))

explain: for range-notcovered :: explain SELECT k, c FROM sbtest%d WHERE k BETWEEN 5282534 AND 5282634
explain: for range-notcovered :: explain SELECT k, c FROM sbtest%d WHERE k BETWEEN 4863954 AND 4864054
for range-notcovered
table 1 : explain SELECT k, c FROM sbtest1 WHERE k BETWEEN 4126180 AND 4126280
	Bitmap Heap Scan on sbtest1  (cost=5.53..428.75 rows=107 width=125)
	  Recheck Cond: ((k >= 4126180) AND (k <= 4126280))
	  ->  Bitmap Index Scan on k_1  (cost=0.00..5.50 rows=107 width=0)
	        Index Cond: ((k >= 4126180) AND (k <= 4126280))

table 2 : explain SELECT k, c FROM sbtest2 WHERE k BETWEEN 4126180 AND 4126280
	Bitmap Heap Scan on sbtest2  (cost=5.49..413.00 rows=103 width=125)
	  Recheck Cond: ((k >= 4126180) AND (k <= 4126280))
	  ->  Bitmap Index Scan on k_2  (cost=0.00..5.46 rows=103 width=0)
	        Index Cond: ((k >= 4126180) AND (k <= 4126280))

table 3 : explain SELECT k, c FROM sbtest3 WHERE k BETWEEN 4126180 AND 4126280
	Bitmap Heap Scan on sbtest3  (cost=5.49..413.00 rows=103 width=125)
	  Recheck Cond: ((k >= 4126180) AND (k <= 4126280))
	  ->  Bitmap Index Scan on k_3  (cost=0.00..5.46 rows=103 width=0)
	        Index Cond: ((k >= 4126180) AND (k <= 4126280))

table 4 : explain SELECT k, c FROM sbtest4 WHERE k BETWEEN 4126180 AND 4126280
	Bitmap Heap Scan on sbtest4  (cost=5.47..405.13 rows=101 width=125)
	  Recheck Cond: ((k >= 4126180) AND (k <= 4126280))
	  ->  Bitmap Index Scan on k_4  (cost=0.00..5.44 rows=101 width=0)
	        Index Cond: ((k >= 4126180) AND (k <= 4126280))

table 5 : explain SELECT k, c FROM sbtest5 WHERE k BETWEEN 4126180 AND 4126280
	Bitmap Heap Scan on sbtest5  (cost=5.48..409.07 rows=102 width=125)
	  Recheck Cond: ((k >= 4126180) AND (k <= 4126280))
	  ->  Bitmap Index Scan on k_5  (cost=0.00..5.45 rows=102 width=0)
	        Index Cond: ((k >= 4126180) AND (k <= 4126280))

table 6 : explain SELECT k, c FROM sbtest6 WHERE k BETWEEN 4126180 AND 4126280
	Bitmap Heap Scan on sbtest6  (cost=5.50..416.94 rows=104 width=125)
	  Recheck Cond: ((k >= 4126180) AND (k <= 4126280))
	  ->  Bitmap Index Scan on k_6  (cost=0.00..5.47 rows=104 width=0)
	        Index Cond: ((k >= 4126180) AND (k <= 4126280))

table 7 : explain SELECT k, c FROM sbtest7 WHERE k BETWEEN 4126180 AND 4126280
	Bitmap Heap Scan on sbtest7  (cost=5.50..416.94 rows=104 width=125)
	  Recheck Cond: ((k >= 4126180) AND (k <= 4126280))
	  ->  Bitmap Index Scan on k_7  (cost=0.00..5.47 rows=104 width=0)
	        Index Cond: ((k >= 4126180) AND (k <= 4126280))

table 8 : explain SELECT k, c FROM sbtest8 WHERE k BETWEEN 4126180 AND 4126280
	Bitmap Heap Scan on sbtest8  (cost=5.45..397.25 rows=99 width=125)
	  Recheck Cond: ((k >= 4126180) AND (k <= 4126280))
	  ->  Bitmap Index Scan on k_8  (cost=0.00..5.42 rows=99 width=0)
	        Index Cond: ((k >= 4126180) AND (k <= 4126280))

for range-notcovered
table 1 : explain SELECT k, c FROM sbtest1 WHERE k BETWEEN 1742706 AND 1742806
	Bitmap Heap Scan on sbtest1  (cost=5.54..432.69 rows=108 width=125)
	  Recheck Cond: ((k >= 1742706) AND (k <= 1742806))
	  ->  Bitmap Index Scan on k_1  (cost=0.00..5.51 rows=108 width=0)
	        Index Cond: ((k >= 1742706) AND (k <= 1742806))

table 2 : explain SELECT k, c FROM sbtest2 WHERE k BETWEEN 1742706 AND 1742806
	Bitmap Heap Scan on sbtest2  (cost=5.52..424.81 rows=106 width=125)
	  Recheck Cond: ((k >= 1742706) AND (k <= 1742806))
	  ->  Bitmap Index Scan on k_2  (cost=0.00..5.50 rows=106 width=0)
	        Index Cond: ((k >= 1742706) AND (k <= 1742806))

table 3 : explain SELECT k, c FROM sbtest3 WHERE k BETWEEN 1742706 AND 1742806
	Bitmap Heap Scan on sbtest3  (cost=5.51..420.88 rows=105 width=125)
	  Recheck Cond: ((k >= 1742706) AND (k <= 1742806))
	  ->  Bitmap Index Scan on k_3  (cost=0.00..5.48 rows=105 width=0)
	        Index Cond: ((k >= 1742706) AND (k <= 1742806))

table 4 : explain SELECT k, c FROM sbtest4 WHERE k BETWEEN 1742706 AND 1742806
	Bitmap Heap Scan on sbtest4  (cost=5.43..389.37 rows=97 width=125)
	  Recheck Cond: ((k >= 1742706) AND (k <= 1742806))
	  ->  Bitmap Index Scan on k_4  (cost=0.00..5.40 rows=97 width=0)
	        Index Cond: ((k >= 1742706) AND (k <= 1742806))

table 5 : explain SELECT k, c FROM sbtest5 WHERE k BETWEEN 1742706 AND 1742806
	Bitmap Heap Scan on sbtest5  (cost=5.54..432.69 rows=108 width=125)
	  Recheck Cond: ((k >= 1742706) AND (k <= 1742806))
	  ->  Bitmap Index Scan on k_5  (cost=0.00..5.51 rows=108 width=0)
	        Index Cond: ((k >= 1742706) AND (k <= 1742806))

table 6 : explain SELECT k, c FROM sbtest6 WHERE k BETWEEN 1742706 AND 1742806
	Bitmap Heap Scan on sbtest6  (cost=5.39..373.61 rows=93 width=125)
	  Recheck Cond: ((k >= 1742706) AND (k <= 1742806))
	  ->  Bitmap Index Scan on k_6  (cost=0.00..5.36 rows=93 width=0)
	        Index Cond: ((k >= 1742706) AND (k <= 1742806))

table 7 : explain SELECT k, c FROM sbtest7 WHERE k BETWEEN 1742706 AND 1742806
	Bitmap Heap Scan on sbtest7  (cost=5.51..420.88 rows=105 width=125)
	  Recheck Cond: ((k >= 1742706) AND (k <= 1742806))
	  ->  Bitmap Index Scan on k_7  (cost=0.00..5.48 rows=105 width=0)
	        Index Cond: ((k >= 1742706) AND (k <= 1742806))

table 8 : explain SELECT k, c FROM sbtest8 WHERE k BETWEEN 1742706 AND 1742806
	Bitmap Heap Scan on sbtest8  (cost=5.51..420.88 rows=105 width=125)
	  Recheck Cond: ((k >= 1742706) AND (k <= 1742806))
	  ->  Bitmap Index Scan on k_8  (cost=0.00..5.48 rows=105 width=0)
	        Index Cond: ((k >= 1742706) AND (k <= 1742806))

explain: for range-notcovered :: explain SELECT k, c FROM sbtest%d WHERE k BETWEEN 1964833 AND 1964933
for range-notcovered
table 1 : explain SELECT k, c FROM sbtest1 WHERE k BETWEEN 8928641 AND 8928741
	Bitmap Heap Scan on sbtest1  (cost=5.42..385.43 rows=96 width=125)
	  Recheck Cond: ((k >= 8928641) AND (k <= 8928741))
	  ->  Bitmap Index Scan on k_1  (cost=0.00..5.39 rows=96 width=0)
	        Index Cond: ((k >= 8928641) AND (k <= 8928741))

table 2 : explain SELECT k, c FROM sbtest2 WHERE k BETWEEN 8928641 AND 8928741
	Bitmap Heap Scan on sbtest2  (cost=5.45..397.25 rows=99 width=125)
	  Recheck Cond: ((k >= 8928641) AND (k <= 8928741))
	  ->  Bitmap Index Scan on k_2  (cost=0.00..5.42 rows=99 width=0)
	        Index Cond: ((k >= 8928641) AND (k <= 8928741))

table 3 : explain SELECT k, c FROM sbtest3 WHERE k BETWEEN 8928641 AND 8928741
	Bitmap Heap Scan on sbtest3  (cost=5.45..397.25 rows=99 width=125)
	  Recheck Cond: ((k >= 8928641) AND (k <= 8928741))
	  ->  Bitmap Index Scan on k_3  (cost=0.00..5.42 rows=99 width=0)
	        Index Cond: ((k >= 8928641) AND (k <= 8928741))

table 4 : explain SELECT k, c FROM sbtest4 WHERE k BETWEEN 8928641 AND 8928741
	Bitmap Heap Scan on sbtest4  (cost=5.60..456.29 rows=114 width=125)
	  Recheck Cond: ((k >= 8928641) AND (k <= 8928741))
	  ->  Bitmap Index Scan on k_4  (cost=0.00..5.58 rows=114 width=0)
	        Index Cond: ((k >= 8928641) AND (k <= 8928741))

table 5 : explain SELECT k, c FROM sbtest5 WHERE k BETWEEN 8928641 AND 8928741
	Bitmap Heap Scan on sbtest5  (cost=5.50..416.94 rows=104 width=125)
	  Recheck Cond: ((k >= 8928641) AND (k <= 8928741))
	  ->  Bitmap Index Scan on k_5  (cost=0.00..5.47 rows=104 width=0)
	        Index Cond: ((k >= 8928641) AND (k <= 8928741))

table 6 : explain SELECT k, c FROM sbtest6 WHERE k BETWEEN 8928641 AND 8928741
	Bitmap Heap Scan on sbtest6  (cost=5.45..397.25 rows=99 width=125)
	  Recheck Cond: ((k >= 8928641) AND (k <= 8928741))
	  ->  Bitmap Index Scan on k_6  (cost=0.00..5.42 rows=99 width=0)
	        Index Cond: ((k >= 8928641) AND (k <= 8928741))

table 7 : explain SELECT k, c FROM sbtest7 WHERE k BETWEEN 8928641 AND 8928741
	Bitmap Heap Scan on sbtest7  (cost=5.37..365.72 rows=91 width=125)
	  Recheck Cond: ((k >= 8928641) AND (k <= 8928741))
	  ->  Bitmap Index Scan on k_7  (cost=0.00..5.34 rows=91 width=0)
	        Index Cond: ((k >= 8928641) AND (k <= 8928741))

table 8 : explain SELECT k, c FROM sbtest8 WHERE k BETWEEN 8928641 AND 8928741
	Bitmap Heap Scan on sbtest8  (cost=5.55..436.62 rows=109 width=125)
	  Recheck Cond: ((k >= 8928641) AND (k <= 8928741))
	  ->  Bitmap Index Scan on k_8  (cost=0.00..5.52 rows=109 width=0)
	        Index Cond: ((k >= 8928641) AND (k <= 8928741))

explain: for range-notcovered :: explain SELECT k, c FROM sbtest%d WHERE k BETWEEN 2317305 AND 2317405
explain: for range-notcovered :: explain SELECT k, c FROM sbtest%d WHERE k BETWEEN 1742706 AND 1742806
explain: for range-notcovered :: explain SELECT k, c FROM sbtest%d WHERE k BETWEEN 4126180 AND 4126280
for range-notcovered
table 1 : explain SELECT k, c FROM sbtest1 WHERE k BETWEEN 6673690 AND 6673790
	Bitmap Heap Scan on sbtest1  (cost=5.54..432.69 rows=108 width=125)
	  Recheck Cond: ((k >= 6673690) AND (k <= 6673790))
	  ->  Bitmap Index Scan on k_1  (cost=0.00..5.51 rows=108 width=0)
	        Index Cond: ((k >= 6673690) AND (k <= 6673790))

table 2 : explain SELECT k, c FROM sbtest2 WHERE k BETWEEN 6673690 AND 6673790
	Bitmap Heap Scan on sbtest2  (cost=5.52..424.81 rows=106 width=125)
	  Recheck Cond: ((k >= 6673690) AND (k <= 6673790))
	  ->  Bitmap Index Scan on k_2  (cost=0.00..5.50 rows=106 width=0)
	        Index Cond: ((k >= 6673690) AND (k <= 6673790))

table 3 : explain SELECT k, c FROM sbtest3 WHERE k BETWEEN 6673690 AND 6673790
	Bitmap Heap Scan on sbtest3  (cost=5.41..381.49 rows=95 width=125)
	  Recheck Cond: ((k >= 6673690) AND (k <= 6673790))
	  ->  Bitmap Index Scan on k_3  (cost=0.00..5.38 rows=95 width=0)
	        Index Cond: ((k >= 6673690) AND (k <= 6673790))

table 4 : explain SELECT k, c FROM sbtest4 WHERE k BETWEEN 6673690 AND 6673790
	Bitmap Heap Scan on sbtest4  (cost=5.38..369.67 rows=92 width=125)
	  Recheck Cond: ((k >= 6673690) AND (k <= 6673790))
	  ->  Bitmap Index Scan on k_4  (cost=0.00..5.35 rows=92 width=0)
	        Index Cond: ((k >= 6673690) AND (k <= 6673790))

table 5 : explain SELECT k, c FROM sbtest5 WHERE k BETWEEN 6673690 AND 6673790
	Bitmap Heap Scan on sbtest5  (cost=5.60..456.29 rows=114 width=125)
	  Recheck Cond: ((k >= 6673690) AND (k <= 6673790))
	  ->  Bitmap Index Scan on k_5  (cost=0.00..5.58 rows=114 width=0)
	        Index Cond: ((k >= 6673690) AND (k <= 6673790))

table 6 : explain SELECT k, c FROM sbtest6 WHERE k BETWEEN 6673690 AND 6673790
	Bitmap Heap Scan on sbtest6  (cost=5.50..416.94 rows=104 width=125)
	  Recheck Cond: ((k >= 6673690) AND (k <= 6673790))
	  ->  Bitmap Index Scan on k_6  (cost=0.00..5.47 rows=104 width=0)
	        Index Cond: ((k >= 6673690) AND (k <= 6673790))

table 7 : explain SELECT k, c FROM sbtest7 WHERE k BETWEEN 6673690 AND 6673790
	Bitmap Heap Scan on sbtest7  (cost=5.60..456.29 rows=114 width=125)
	  Recheck Cond: ((k >= 6673690) AND (k <= 6673790))
	  ->  Bitmap Index Scan on k_7  (cost=0.00..5.58 rows=114 width=0)
	        Index Cond: ((k >= 6673690) AND (k <= 6673790))

table 8 : explain SELECT k, c FROM sbtest8 WHERE k BETWEEN 6673690 AND 6673790
	Bitmap Heap Scan on sbtest8  (cost=5.50..416.94 rows=104 width=125)
	  Recheck Cond: ((k >= 6673690) AND (k <= 6673790))
	  ->  Bitmap Index Scan on k_8  (cost=0.00..5.47 rows=104 width=0)
	        Index Cond: ((k >= 6673690) AND (k <= 6673790))

explain: for range-notcovered :: explain SELECT k, c FROM sbtest%d WHERE k BETWEEN 4083931 AND 4084031
explain: for range-notcovered :: explain SELECT k, c FROM sbtest%d WHERE k BETWEEN 6673690 AND 6673790
explain: for range-notcovered :: explain SELECT k, c FROM sbtest%d WHERE k BETWEEN 8928641 AND 8928741
for range-notcovered
table 1 : explain SELECT k, c FROM sbtest1 WHERE k BETWEEN 4863954 AND 4864054
	Bitmap Heap Scan on sbtest1  (cost=5.48..409.07 rows=102 width=125)
	  Recheck Cond: ((k >= 4863954) AND (k <= 4864054))
	  ->  Bitmap Index Scan on k_1  (cost=0.00..5.45 rows=102 width=0)
	        Index Cond: ((k >= 4863954) AND (k <= 4864054))

table 2 : explain SELECT k, c FROM sbtest2 WHERE k BETWEEN 4863954 AND 4864054
	Bitmap Heap Scan on sbtest2  (cost=5.38..369.67 rows=92 width=125)
	  Recheck Cond: ((k >= 4863954) AND (k <= 4864054))
	  ->  Bitmap Index Scan on k_2  (cost=0.00..5.35 rows=92 width=0)
	        Index Cond: ((k >= 4863954) AND (k <= 4864054))

table 3 : explain SELECT k, c FROM sbtest3 WHERE k BETWEEN 4863954 AND 4864054
	Bitmap Heap Scan on sbtest3  (cost=5.47..405.13 rows=101 width=125)
	  Recheck Cond: ((k >= 4863954) AND (k <= 4864054))
	  ->  Bitmap Index Scan on k_3  (cost=0.00..5.44 rows=101 width=0)
	        Index Cond: ((k >= 4863954) AND (k <= 4864054))

table 4 : explain SELECT k, c FROM sbtest4 WHERE k BETWEEN 4863954 AND 4864054
	Bitmap Heap Scan on sbtest4  (cost=5.46..401.19 rows=100 width=125)
	  Recheck Cond: ((k >= 4863954) AND (k <= 4864054))
	  ->  Bitmap Index Scan on k_4  (cost=0.00..5.43 rows=100 width=0)
	        Index Cond: ((k >= 4863954) AND (k <= 4864054))

table 5 : explain SELECT k, c FROM sbtest5 WHERE k BETWEEN 4863954 AND 4864054
	Bitmap Heap Scan on sbtest5  (cost=5.39..373.61 rows=93 width=125)
	  Recheck Cond: ((k >= 4863954) AND (k <= 4864054))
	  ->  Bitmap Index Scan on k_5  (cost=0.00..5.36 rows=93 width=0)
	        Index Cond: ((k >= 4863954) AND (k <= 4864054))

table 6 : explain SELECT k, c FROM sbtest6 WHERE k BETWEEN 4863954 AND 4864054
	Bitmap Heap Scan on sbtest6  (cost=5.48..409.07 rows=102 width=125)
	  Recheck Cond: ((k >= 4863954) AND (k <= 4864054))
	  ->  Bitmap Index Scan on k_6  (cost=0.00..5.45 rows=102 width=0)
	        Index Cond: ((k >= 4863954) AND (k <= 4864054))

table 7 : explain SELECT k, c FROM sbtest7 WHERE k BETWEEN 4863954 AND 4864054
	Bitmap Heap Scan on sbtest7  (cost=5.47..405.13 rows=101 width=125)
	  Recheck Cond: ((k >= 4863954) AND (k <= 4864054))
	  ->  Bitmap Index Scan on k_7  (cost=0.00..5.44 rows=101 width=0)
	        Index Cond: ((k >= 4863954) AND (k <= 4864054))

table 8 : explain SELECT k, c FROM sbtest8 WHERE k BETWEEN 4863954 AND 4864054
	Bitmap Heap Scan on sbtest8  (cost=5.54..432.69 rows=108 width=125)
	  Recheck Cond: ((k >= 4863954) AND (k <= 4864054))
	  ->  Bitmap Index Scan on k_8  (cost=0.00..5.51 rows=108 width=0)
	        Index Cond: ((k >= 4863954) AND (k <= 4864054))

for range-notcovered
table 1 : explain SELECT k, c FROM sbtest1 WHERE k BETWEEN 1742706 AND 1742806
	Bitmap Heap Scan on sbtest1  (cost=5.54..432.69 rows=108 width=125)
	  Recheck Cond: ((k >= 1742706) AND (k <= 1742806))
	  ->  Bitmap Index Scan on k_1  (cost=0.00..5.51 rows=108 width=0)
	        Index Cond: ((k >= 1742706) AND (k <= 1742806))

table 2 : explain SELECT k, c FROM sbtest2 WHERE k BETWEEN 1742706 AND 1742806
	Bitmap Heap Scan on sbtest2  (cost=5.52..424.81 rows=106 width=125)
	  Recheck Cond: ((k >= 1742706) AND (k <= 1742806))
	  ->  Bitmap Index Scan on k_2  (cost=0.00..5.50 rows=106 width=0)
	        Index Cond: ((k >= 1742706) AND (k <= 1742806))

table 3 : explain SELECT k, c FROM sbtest3 WHERE k BETWEEN 1742706 AND 1742806
	Bitmap Heap Scan on sbtest3  (cost=5.51..420.88 rows=105 width=125)
	  Recheck Cond: ((k >= 1742706) AND (k <= 1742806))
	  ->  Bitmap Index Scan on k_3  (cost=0.00..5.48 rows=105 width=0)
	        Index Cond: ((k >= 1742706) AND (k <= 1742806))

table 4 : explain SELECT k, c FROM sbtest4 WHERE k BETWEEN 1742706 AND 1742806
	Bitmap Heap Scan on sbtest4  (cost=5.43..389.37 rows=97 width=125)
	  Recheck Cond: ((k >= 1742706) AND (k <= 1742806))
	  ->  Bitmap Index Scan on k_4  (cost=0.00..5.40 rows=97 width=0)
	        Index Cond: ((k >= 1742706) AND (k <= 1742806))

table 5 : explain SELECT k, c FROM sbtest5 WHERE k BETWEEN 1742706 AND 1742806
	Bitmap Heap Scan on sbtest5  (cost=5.54..432.69 rows=108 width=125)
	  Recheck Cond: ((k >= 1742706) AND (k <= 1742806))
	  ->  Bitmap Index Scan on k_5  (cost=0.00..5.51 rows=108 width=0)
	        Index Cond: ((k >= 1742706) AND (k <= 1742806))

table 6 : explain SELECT k, c FROM sbtest6 WHERE k BETWEEN 1742706 AND 1742806
	Bitmap Heap Scan on sbtest6  (cost=5.39..373.61 rows=93 width=125)
	  Recheck Cond: ((k >= 1742706) AND (k <= 1742806))
	  ->  Bitmap Index Scan on k_6  (cost=0.00..5.36 rows=93 width=0)
	        Index Cond: ((k >= 1742706) AND (k <= 1742806))

table 7 : explain SELECT k, c FROM sbtest7 WHERE k BETWEEN 1742706 AND 1742806
	Bitmap Heap Scan on sbtest7  (cost=5.51..420.88 rows=105 width=125)
	  Recheck Cond: ((k >= 1742706) AND (k <= 1742806))
	  ->  Bitmap Index Scan on k_7  (cost=0.00..5.48 rows=105 width=0)
	        Index Cond: ((k >= 1742706) AND (k <= 1742806))

table 8 : explain SELECT k, c FROM sbtest8 WHERE k BETWEEN 1742706 AND 1742806
	Bitmap Heap Scan on sbtest8  (cost=5.51..420.88 rows=105 width=125)
	  Recheck Cond: ((k >= 1742706) AND (k <= 1742806))
	  ->  Bitmap Index Scan on k_8  (cost=0.00..5.48 rows=105 width=0)
	        Index Cond: ((k >= 1742706) AND (k <= 1742806))

explain: for range-notcovered :: explain SELECT k, c FROM sbtest%d WHERE k BETWEEN 4357678 AND 4357778
for range-notcovered
table 1 : explain SELECT k, c FROM sbtest1 WHERE k BETWEEN 2947898 AND 2947998
	Bitmap Heap Scan on sbtest1  (cost=5.51..420.88 rows=105 width=125)
	  Recheck Cond: ((k >= 2947898) AND (k <= 2947998))
	  ->  Bitmap Index Scan on k_1  (cost=0.00..5.48 rows=105 width=0)
	        Index Cond: ((k >= 2947898) AND (k <= 2947998))

table 2 : explain SELECT k, c FROM sbtest2 WHERE k BETWEEN 2947898 AND 2947998
	Bitmap Heap Scan on sbtest2  (cost=5.41..381.49 rows=95 width=125)
	  Recheck Cond: ((k >= 2947898) AND (k <= 2947998))
	  ->  Bitmap Index Scan on k_2  (cost=0.00..5.38 rows=95 width=0)
	        Index Cond: ((k >= 2947898) AND (k <= 2947998))

table 3 : explain SELECT k, c FROM sbtest3 WHERE k BETWEEN 2947898 AND 2947998
	Bitmap Heap Scan on sbtest3  (cost=5.47..405.13 rows=101 width=125)
	  Recheck Cond: ((k >= 2947898) AND (k <= 2947998))
	  ->  Bitmap Index Scan on k_3  (cost=0.00..5.44 rows=101 width=0)
	        Index Cond: ((k >= 2947898) AND (k <= 2947998))

table 4 : explain SELECT k, c FROM sbtest4 WHERE k BETWEEN 2947898 AND 2947998
	Bitmap Heap Scan on sbtest4  (cost=5.41..381.49 rows=95 width=125)
	  Recheck Cond: ((k >= 2947898) AND (k <= 2947998))
	  ->  Bitmap Index Scan on k_4  (cost=0.00..5.38 rows=95 width=0)
	        Index Cond: ((k >= 2947898) AND (k <= 2947998))

table 5 : explain SELECT k, c FROM sbtest5 WHERE k BETWEEN 2947898 AND 2947998
	Bitmap Heap Scan on sbtest5  (cost=5.44..393.31 rows=98 width=125)
	  Recheck Cond: ((k >= 2947898) AND (k <= 2947998))
	  ->  Bitmap Index Scan on k_5  (cost=0.00..5.42 rows=98 width=0)
	        Index Cond: ((k >= 2947898) AND (k <= 2947998))

table 6 : explain SELECT k, c FROM sbtest6 WHERE k BETWEEN 2947898 AND 2947998
	Bitmap Heap Scan on sbtest6  (cost=5.49..413.00 rows=103 width=125)
	  Recheck Cond: ((k >= 2947898) AND (k <= 2947998))
	  ->  Bitmap Index Scan on k_6  (cost=0.00..5.46 rows=103 width=0)
	        Index Cond: ((k >= 2947898) AND (k <= 2947998))

table 7 : explain SELECT k, c FROM sbtest7 WHERE k BETWEEN 2947898 AND 2947998
	Bitmap Heap Scan on sbtest7  (cost=5.46..401.19 rows=100 width=125)
	  Recheck Cond: ((k >= 2947898) AND (k <= 2947998))
	  ->  Bitmap Index Scan on k_7  (cost=0.00..5.43 rows=100 width=0)
	        Index Cond: ((k >= 2947898) AND (k <= 2947998))

table 8 : explain SELECT k, c FROM sbtest8 WHERE k BETWEEN 2947898 AND 2947998
	Bitmap Heap Scan on sbtest8  (cost=5.55..436.62 rows=109 width=125)
	  Recheck Cond: ((k >= 2947898) AND (k <= 2947998))
	  ->  Bitmap Index Scan on k_8  (cost=0.00..5.52 rows=109 width=0)
	        Index Cond: ((k >= 2947898) AND (k <= 2947998))

explain: for range-notcovered :: explain SELECT k, c FROM sbtest%d WHERE k BETWEEN 4863954 AND 4864054
explain: for range-notcovered :: explain SELECT k, c FROM sbtest%d WHERE k BETWEEN 1742706 AND 1742806
for range-notcovered
table 1 : explain SELECT k, c FROM sbtest1 WHERE k BETWEEN 4126180 AND 4126280
	Bitmap Heap Scan on sbtest1  (cost=5.53..428.75 rows=107 width=125)
	  Recheck Cond: ((k >= 4126180) AND (k <= 4126280))
	  ->  Bitmap Index Scan on k_1  (cost=0.00..5.50 rows=107 width=0)
	        Index Cond: ((k >= 4126180) AND (k <= 4126280))

table 2 : explain SELECT k, c FROM sbtest2 WHERE k BETWEEN 4126180 AND 4126280
	Bitmap Heap Scan on sbtest2  (cost=5.49..413.00 rows=103 width=125)
	  Recheck Cond: ((k >= 4126180) AND (k <= 4126280))
	  ->  Bitmap Index Scan on k_2  (cost=0.00..5.46 rows=103 width=0)
	        Index Cond: ((k >= 4126180) AND (k <= 4126280))

table 3 : explain SELECT k, c FROM sbtest3 WHERE k BETWEEN 4126180 AND 4126280
	Bitmap Heap Scan on sbtest3  (cost=5.49..413.00 rows=103 width=125)
	  Recheck Cond: ((k >= 4126180) AND (k <= 4126280))
	  ->  Bitmap Index Scan on k_3  (cost=0.00..5.46 rows=103 width=0)
	        Index Cond: ((k >= 4126180) AND (k <= 4126280))

table 4 : explain SELECT k, c FROM sbtest4 WHERE k BETWEEN 4126180 AND 4126280
	Bitmap Heap Scan on sbtest4  (cost=5.47..405.13 rows=101 width=125)
	  Recheck Cond: ((k >= 4126180) AND (k <= 4126280))
	  ->  Bitmap Index Scan on k_4  (cost=0.00..5.44 rows=101 width=0)
	        Index Cond: ((k >= 4126180) AND (k <= 4126280))

table 5 : explain SELECT k, c FROM sbtest5 WHERE k BETWEEN 4126180 AND 4126280
	Bitmap Heap Scan on sbtest5  (cost=5.48..409.07 rows=102 width=125)
	  Recheck Cond: ((k >= 4126180) AND (k <= 4126280))
	  ->  Bitmap Index Scan on k_5  (cost=0.00..5.45 rows=102 width=0)
	        Index Cond: ((k >= 4126180) AND (k <= 4126280))

table 6 : explain SELECT k, c FROM sbtest6 WHERE k BETWEEN 4126180 AND 4126280
	Bitmap Heap Scan on sbtest6  (cost=5.50..416.94 rows=104 width=125)
	  Recheck Cond: ((k >= 4126180) AND (k <= 4126280))
	  ->  Bitmap Index Scan on k_6  (cost=0.00..5.47 rows=104 width=0)
	        Index Cond: ((k >= 4126180) AND (k <= 4126280))

table 7 : explain SELECT k, c FROM sbtest7 WHERE k BETWEEN 4126180 AND 4126280
	Bitmap Heap Scan on sbtest7  (cost=5.50..416.94 rows=104 width=125)
	  Recheck Cond: ((k >= 4126180) AND (k <= 4126280))
	  ->  Bitmap Index Scan on k_7  (cost=0.00..5.47 rows=104 width=0)
	        Index Cond: ((k >= 4126180) AND (k <= 4126280))

table 8 : explain SELECT k, c FROM sbtest8 WHERE k BETWEEN 4126180 AND 4126280
	Bitmap Heap Scan on sbtest8  (cost=5.45..397.25 rows=99 width=125)
	  Recheck Cond: ((k >= 4126180) AND (k <= 4126280))
	  ->  Bitmap Index Scan on k_8  (cost=0.00..5.42 rows=99 width=0)
	        Index Cond: ((k >= 4126180) AND (k <= 4126280))

explain: for range-notcovered :: explain SELECT k, c FROM sbtest%d WHERE k BETWEEN 2947898 AND 2947998
explain: for range-notcovered :: explain SELECT k, c FROM sbtest%d WHERE k BETWEEN 4126180 AND 4126280
for range-notcovered
table 1 : explain SELECT k, c FROM sbtest1 WHERE k BETWEEN 6673690 AND 6673790
	Bitmap Heap Scan on sbtest1  (cost=5.54..432.69 rows=108 width=125)
	  Recheck Cond: ((k >= 6673690) AND (k <= 6673790))
	  ->  Bitmap Index Scan on k_1  (cost=0.00..5.51 rows=108 width=0)
	        Index Cond: ((k >= 6673690) AND (k <= 6673790))

table 2 : explain SELECT k, c FROM sbtest2 WHERE k BETWEEN 6673690 AND 6673790
	Bitmap Heap Scan on sbtest2  (cost=5.52..424.81 rows=106 width=125)
	  Recheck Cond: ((k >= 6673690) AND (k <= 6673790))
	  ->  Bitmap Index Scan on k_2  (cost=0.00..5.50 rows=106 width=0)
	        Index Cond: ((k >= 6673690) AND (k <= 6673790))

table 3 : explain SELECT k, c FROM sbtest3 WHERE k BETWEEN 6673690 AND 6673790
	Bitmap Heap Scan on sbtest3  (cost=5.41..381.49 rows=95 width=125)
	  Recheck Cond: ((k >= 6673690) AND (k <= 6673790))
	  ->  Bitmap Index Scan on k_3  (cost=0.00..5.38 rows=95 width=0)
	        Index Cond: ((k >= 6673690) AND (k <= 6673790))

table 4 : explain SELECT k, c FROM sbtest4 WHERE k BETWEEN 6673690 AND 6673790
	Bitmap Heap Scan on sbtest4  (cost=5.38..369.67 rows=92 width=125)
	  Recheck Cond: ((k >= 6673690) AND (k <= 6673790))
	  ->  Bitmap Index Scan on k_4  (cost=0.00..5.35 rows=92 width=0)
	        Index Cond: ((k >= 6673690) AND (k <= 6673790))

table 5 : explain SELECT k, c FROM sbtest5 WHERE k BETWEEN 6673690 AND 6673790
	Bitmap Heap Scan on sbtest5  (cost=5.60..456.29 rows=114 width=125)
	  Recheck Cond: ((k >= 6673690) AND (k <= 6673790))
	  ->  Bitmap Index Scan on k_5  (cost=0.00..5.58 rows=114 width=0)
	        Index Cond: ((k >= 6673690) AND (k <= 6673790))

table 6 : explain SELECT k, c FROM sbtest6 WHERE k BETWEEN 6673690 AND 6673790
	Bitmap Heap Scan on sbtest6  (cost=5.50..416.94 rows=104 width=125)
	  Recheck Cond: ((k >= 6673690) AND (k <= 6673790))
	  ->  Bitmap Index Scan on k_6  (cost=0.00..5.47 rows=104 width=0)
	        Index Cond: ((k >= 6673690) AND (k <= 6673790))

table 7 : explain SELECT k, c FROM sbtest7 WHERE k BETWEEN 6673690 AND 6673790
	Bitmap Heap Scan on sbtest7  (cost=5.60..456.29 rows=114 width=125)
	  Recheck Cond: ((k >= 6673690) AND (k <= 6673790))
	  ->  Bitmap Index Scan on k_7  (cost=0.00..5.58 rows=114 width=0)
	        Index Cond: ((k >= 6673690) AND (k <= 6673790))

table 8 : explain SELECT k, c FROM sbtest8 WHERE k BETWEEN 6673690 AND 6673790
	Bitmap Heap Scan on sbtest8  (cost=5.50..416.94 rows=104 width=125)
	  Recheck Cond: ((k >= 6673690) AND (k <= 6673790))
	  ->  Bitmap Index Scan on k_8  (cost=0.00..5.47 rows=104 width=0)
	        Index Cond: ((k >= 6673690) AND (k <= 6673790))

explain: for range-notcovered :: explain SELECT k, c FROM sbtest%d WHERE k BETWEEN 6673690 AND 6673790
for range-notcovered
table 1 : explain SELECT k, c FROM sbtest1 WHERE k BETWEEN 1742706 AND 1742806
	Bitmap Heap Scan on sbtest1  (cost=5.54..432.69 rows=108 width=125)
	  Recheck Cond: ((k >= 1742706) AND (k <= 1742806))
	  ->  Bitmap Index Scan on k_1  (cost=0.00..5.51 rows=108 width=0)
	        Index Cond: ((k >= 1742706) AND (k <= 1742806))

table 2 : explain SELECT k, c FROM sbtest2 WHERE k BETWEEN 1742706 AND 1742806
	Bitmap Heap Scan on sbtest2  (cost=5.52..424.81 rows=106 width=125)
	  Recheck Cond: ((k >= 1742706) AND (k <= 1742806))
	  ->  Bitmap Index Scan on k_2  (cost=0.00..5.50 rows=106 width=0)
	        Index Cond: ((k >= 1742706) AND (k <= 1742806))

table 3 : explain SELECT k, c FROM sbtest3 WHERE k BETWEEN 1742706 AND 1742806
	Bitmap Heap Scan on sbtest3  (cost=5.51..420.88 rows=105 width=125)
	  Recheck Cond: ((k >= 1742706) AND (k <= 1742806))
	  ->  Bitmap Index Scan on k_3  (cost=0.00..5.48 rows=105 width=0)
	        Index Cond: ((k >= 1742706) AND (k <= 1742806))

table 4 : explain SELECT k, c FROM sbtest4 WHERE k BETWEEN 1742706 AND 1742806
	Bitmap Heap Scan on sbtest4  (cost=5.43..389.37 rows=97 width=125)
	  Recheck Cond: ((k >= 1742706) AND (k <= 1742806))
	  ->  Bitmap Index Scan on k_4  (cost=0.00..5.40 rows=97 width=0)
	        Index Cond: ((k >= 1742706) AND (k <= 1742806))

table 5 : explain SELECT k, c FROM sbtest5 WHERE k BETWEEN 1742706 AND 1742806
	Bitmap Heap Scan on sbtest5  (cost=5.54..432.69 rows=108 width=125)
	  Recheck Cond: ((k >= 1742706) AND (k <= 1742806))
	  ->  Bitmap Index Scan on k_5  (cost=0.00..5.51 rows=108 width=0)
	        Index Cond: ((k >= 1742706) AND (k <= 1742806))

table 6 : explain SELECT k, c FROM sbtest6 WHERE k BETWEEN 1742706 AND 1742806
	Bitmap Heap Scan on sbtest6  (cost=5.39..373.61 rows=93 width=125)
	  Recheck Cond: ((k >= 1742706) AND (k <= 1742806))
	  ->  Bitmap Index Scan on k_6  (cost=0.00..5.36 rows=93 width=0)
	        Index Cond: ((k >= 1742706) AND (k <= 1742806))

table 7 : explain SELECT k, c FROM sbtest7 WHERE k BETWEEN 1742706 AND 1742806
	Bitmap Heap Scan on sbtest7  (cost=5.51..420.88 rows=105 width=125)
	  Recheck Cond: ((k >= 1742706) AND (k <= 1742806))
	  ->  Bitmap Index Scan on k_7  (cost=0.00..5.48 rows=105 width=0)
	        Index Cond: ((k >= 1742706) AND (k <= 1742806))

table 8 : explain SELECT k, c FROM sbtest8 WHERE k BETWEEN 1742706 AND 1742806
	Bitmap Heap Scan on sbtest8  (cost=5.51..420.88 rows=105 width=125)
	  Recheck Cond: ((k >= 1742706) AND (k <= 1742806))
	  ->  Bitmap Index Scan on k_8  (cost=0.00..5.48 rows=105 width=0)
	        Index Cond: ((k >= 1742706) AND (k <= 1742806))

explain: for range-notcovered :: explain SELECT k, c FROM sbtest%d WHERE k BETWEEN 1742706 AND 1742806
for range-notcovered
table 1 : explain SELECT k, c FROM sbtest1 WHERE k BETWEEN 2947898 AND 2947998
	Bitmap Heap Scan on sbtest1  (cost=5.51..420.88 rows=105 width=125)
	  Recheck Cond: ((k >= 2947898) AND (k <= 2947998))
	  ->  Bitmap Index Scan on k_1  (cost=0.00..5.48 rows=105 width=0)
	        Index Cond: ((k >= 2947898) AND (k <= 2947998))

table 2 : explain SELECT k, c FROM sbtest2 WHERE k BETWEEN 2947898 AND 2947998
	Bitmap Heap Scan on sbtest2  (cost=5.41..381.49 rows=95 width=125)
	  Recheck Cond: ((k >= 2947898) AND (k <= 2947998))
	  ->  Bitmap Index Scan on k_2  (cost=0.00..5.38 rows=95 width=0)
	        Index Cond: ((k >= 2947898) AND (k <= 2947998))

table 3 : explain SELECT k, c FROM sbtest3 WHERE k BETWEEN 2947898 AND 2947998
	Bitmap Heap Scan on sbtest3  (cost=5.47..405.13 rows=101 width=125)
	  Recheck Cond: ((k >= 2947898) AND (k <= 2947998))
	  ->  Bitmap Index Scan on k_3  (cost=0.00..5.44 rows=101 width=0)
	        Index Cond: ((k >= 2947898) AND (k <= 2947998))

table 4 : explain SELECT k, c FROM sbtest4 WHERE k BETWEEN 2947898 AND 2947998
	Bitmap Heap Scan on sbtest4  (cost=5.41..381.49 rows=95 width=125)
	  Recheck Cond: ((k >= 2947898) AND (k <= 2947998))
	  ->  Bitmap Index Scan on k_4  (cost=0.00..5.38 rows=95 width=0)
	        Index Cond: ((k >= 2947898) AND (k <= 2947998))

table 5 : explain SELECT k, c FROM sbtest5 WHERE k BETWEEN 2947898 AND 2947998
	Bitmap Heap Scan on sbtest5  (cost=5.44..393.31 rows=98 width=125)
	  Recheck Cond: ((k >= 2947898) AND (k <= 2947998))
	  ->  Bitmap Index Scan on k_5  (cost=0.00..5.42 rows=98 width=0)
	        Index Cond: ((k >= 2947898) AND (k <= 2947998))

table 6 : explain SELECT k, c FROM sbtest6 WHERE k BETWEEN 2947898 AND 2947998
	Bitmap Heap Scan on sbtest6  (cost=5.49..413.00 rows=103 width=125)
	  Recheck Cond: ((k >= 2947898) AND (k <= 2947998))
	  ->  Bitmap Index Scan on k_6  (cost=0.00..5.46 rows=103 width=0)
	        Index Cond: ((k >= 2947898) AND (k <= 2947998))

table 7 : explain SELECT k, c FROM sbtest7 WHERE k BETWEEN 2947898 AND 2947998
	Bitmap Heap Scan on sbtest7  (cost=5.46..401.19 rows=100 width=125)
	  Recheck Cond: ((k >= 2947898) AND (k <= 2947998))
	  ->  Bitmap Index Scan on k_7  (cost=0.00..5.43 rows=100 width=0)
	        Index Cond: ((k >= 2947898) AND (k <= 2947998))

table 8 : explain SELECT k, c FROM sbtest8 WHERE k BETWEEN 2947898 AND 2947998
	Bitmap Heap Scan on sbtest8  (cost=5.55..436.62 rows=109 width=125)
	  Recheck Cond: ((k >= 2947898) AND (k <= 2947998))
	  ->  Bitmap Index Scan on k_8  (cost=0.00..5.52 rows=109 width=0)
	        Index Cond: ((k >= 2947898) AND (k <= 2947998))

explain: for range-notcovered :: explain SELECT k, c FROM sbtest%d WHERE k BETWEEN 2947898 AND 2947998
for range-notcovered
table 1 : explain SELECT k, c FROM sbtest1 WHERE k BETWEEN 6673690 AND 6673790
	Bitmap Heap Scan on sbtest1  (cost=5.54..432.69 rows=108 width=125)
	  Recheck Cond: ((k >= 6673690) AND (k <= 6673790))
	  ->  Bitmap Index Scan on k_1  (cost=0.00..5.51 rows=108 width=0)
	        Index Cond: ((k >= 6673690) AND (k <= 6673790))

table 2 : explain SELECT k, c FROM sbtest2 WHERE k BETWEEN 6673690 AND 6673790
	Bitmap Heap Scan on sbtest2  (cost=5.52..424.81 rows=106 width=125)
	  Recheck Cond: ((k >= 6673690) AND (k <= 6673790))
	  ->  Bitmap Index Scan on k_2  (cost=0.00..5.50 rows=106 width=0)
	        Index Cond: ((k >= 6673690) AND (k <= 6673790))

table 3 : explain SELECT k, c FROM sbtest3 WHERE k BETWEEN 6673690 AND 6673790
	Bitmap Heap Scan on sbtest3  (cost=5.41..381.49 rows=95 width=125)
	  Recheck Cond: ((k >= 6673690) AND (k <= 6673790))
	  ->  Bitmap Index Scan on k_3  (cost=0.00..5.38 rows=95 width=0)
	        Index Cond: ((k >= 6673690) AND (k <= 6673790))

table 4 : explain SELECT k, c FROM sbtest4 WHERE k BETWEEN 6673690 AND 6673790
	Bitmap Heap Scan on sbtest4  (cost=5.38..369.67 rows=92 width=125)
	  Recheck Cond: ((k >= 6673690) AND (k <= 6673790))
	  ->  Bitmap Index Scan on k_4  (cost=0.00..5.35 rows=92 width=0)
	        Index Cond: ((k >= 6673690) AND (k <= 6673790))

table 5 : explain SELECT k, c FROM sbtest5 WHERE k BETWEEN 6673690 AND 6673790
	Bitmap Heap Scan on sbtest5  (cost=5.60..456.29 rows=114 width=125)
	  Recheck Cond: ((k >= 6673690) AND (k <= 6673790))
	  ->  Bitmap Index Scan on k_5  (cost=0.00..5.58 rows=114 width=0)
	        Index Cond: ((k >= 6673690) AND (k <= 6673790))

table 6 : explain SELECT k, c FROM sbtest6 WHERE k BETWEEN 6673690 AND 6673790
	Bitmap Heap Scan on sbtest6  (cost=5.50..416.94 rows=104 width=125)
	  Recheck Cond: ((k >= 6673690) AND (k <= 6673790))
	  ->  Bitmap Index Scan on k_6  (cost=0.00..5.47 rows=104 width=0)
	        Index Cond: ((k >= 6673690) AND (k <= 6673790))

table 7 : explain SELECT k, c FROM sbtest7 WHERE k BETWEEN 6673690 AND 6673790
	Bitmap Heap Scan on sbtest7  (cost=5.60..456.29 rows=114 width=125)
	  Recheck Cond: ((k >= 6673690) AND (k <= 6673790))
	  ->  Bitmap Index Scan on k_7  (cost=0.00..5.58 rows=114 width=0)
	        Index Cond: ((k >= 6673690) AND (k <= 6673790))

table 8 : explain SELECT k, c FROM sbtest8 WHERE k BETWEEN 6673690 AND 6673790
	Bitmap Heap Scan on sbtest8  (cost=5.50..416.94 rows=104 width=125)
	  Recheck Cond: ((k >= 6673690) AND (k <= 6673790))
	  ->  Bitmap Index Scan on k_8  (cost=0.00..5.47 rows=104 width=0)
	        Index Cond: ((k >= 6673690) AND (k <= 6673790))

explain: for range-notcovered :: explain SELECT k, c FROM sbtest%d WHERE k BETWEEN 6673690 AND 6673790
explain: for range-notcovered :: explain SELECT k, c FROM sbtest%d WHERE k BETWEEN 2851034 AND 2851134
for range-notcovered
table 1 : explain SELECT k, c FROM sbtest1 WHERE k BETWEEN 1742706 AND 1742806
	Bitmap Heap Scan on sbtest1  (cost=5.54..432.69 rows=108 width=125)
	  Recheck Cond: ((k >= 1742706) AND (k <= 1742806))
	  ->  Bitmap Index Scan on k_1  (cost=0.00..5.51 rows=108 width=0)
	        Index Cond: ((k >= 1742706) AND (k <= 1742806))

table 2 : explain SELECT k, c FROM sbtest2 WHERE k BETWEEN 1742706 AND 1742806
	Bitmap Heap Scan on sbtest2  (cost=5.52..424.81 rows=106 width=125)
	  Recheck Cond: ((k >= 1742706) AND (k <= 1742806))
	  ->  Bitmap Index Scan on k_2  (cost=0.00..5.50 rows=106 width=0)
	        Index Cond: ((k >= 1742706) AND (k <= 1742806))

table 3 : explain SELECT k, c FROM sbtest3 WHERE k BETWEEN 1742706 AND 1742806
	Bitmap Heap Scan on sbtest3  (cost=5.51..420.88 rows=105 width=125)
	  Recheck Cond: ((k >= 1742706) AND (k <= 1742806))
	  ->  Bitmap Index Scan on k_3  (cost=0.00..5.48 rows=105 width=0)
	        Index Cond: ((k >= 1742706) AND (k <= 1742806))

table 4 : explain SELECT k, c FROM sbtest4 WHERE k BETWEEN 1742706 AND 1742806
	Bitmap Heap Scan on sbtest4  (cost=5.43..389.37 rows=97 width=125)
	  Recheck Cond: ((k >= 1742706) AND (k <= 1742806))
	  ->  Bitmap Index Scan on k_4  (cost=0.00..5.40 rows=97 width=0)
	        Index Cond: ((k >= 1742706) AND (k <= 1742806))

table 5 : explain SELECT k, c FROM sbtest5 WHERE k BETWEEN 1742706 AND 1742806
	Bitmap Heap Scan on sbtest5  (cost=5.54..432.69 rows=108 width=125)
	  Recheck Cond: ((k >= 1742706) AND (k <= 1742806))
	  ->  Bitmap Index Scan on k_5  (cost=0.00..5.51 rows=108 width=0)
	        Index Cond: ((k >= 1742706) AND (k <= 1742806))

table 6 : explain SELECT k, c FROM sbtest6 WHERE k BETWEEN 1742706 AND 1742806
	Bitmap Heap Scan on sbtest6  (cost=5.39..373.61 rows=93 width=125)
	  Recheck Cond: ((k >= 1742706) AND (k <= 1742806))
	  ->  Bitmap Index Scan on k_6  (cost=0.00..5.36 rows=93 width=0)
	        Index Cond: ((k >= 1742706) AND (k <= 1742806))

table 7 : explain SELECT k, c FROM sbtest7 WHERE k BETWEEN 1742706 AND 1742806
	Bitmap Heap Scan on sbtest7  (cost=5.51..420.88 rows=105 width=125)
	  Recheck Cond: ((k >= 1742706) AND (k <= 1742806))
	  ->  Bitmap Index Scan on k_7  (cost=0.00..5.48 rows=105 width=0)
	        Index Cond: ((k >= 1742706) AND (k <= 1742806))

table 8 : explain SELECT k, c FROM sbtest8 WHERE k BETWEEN 1742706 AND 1742806
	Bitmap Heap Scan on sbtest8  (cost=5.51..420.88 rows=105 width=125)
	  Recheck Cond: ((k >= 1742706) AND (k <= 1742806))
	  ->  Bitmap Index Scan on k_8  (cost=0.00..5.48 rows=105 width=0)
	        Index Cond: ((k >= 1742706) AND (k <= 1742806))

for range-notcovered
table 1 : explain SELECT k, c FROM sbtest1 WHERE k BETWEEN 4863954 AND 4864054
	Bitmap Heap Scan on sbtest1  (cost=5.48..409.07 rows=102 width=125)
	  Recheck Cond: ((k >= 4863954) AND (k <= 4864054))
	  ->  Bitmap Index Scan on k_1  (cost=0.00..5.45 rows=102 width=0)
	        Index Cond: ((k >= 4863954) AND (k <= 4864054))

table 2 : explain SELECT k, c FROM sbtest2 WHERE k BETWEEN 4863954 AND 4864054
	Bitmap Heap Scan on sbtest2  (cost=5.38..369.67 rows=92 width=125)
	  Recheck Cond: ((k >= 4863954) AND (k <= 4864054))
	  ->  Bitmap Index Scan on k_2  (cost=0.00..5.35 rows=92 width=0)
	        Index Cond: ((k >= 4863954) AND (k <= 4864054))

table 3 : explain SELECT k, c FROM sbtest3 WHERE k BETWEEN 4863954 AND 4864054
	Bitmap Heap Scan on sbtest3  (cost=5.47..405.13 rows=101 width=125)
	  Recheck Cond: ((k >= 4863954) AND (k <= 4864054))
	  ->  Bitmap Index Scan on k_3  (cost=0.00..5.44 rows=101 width=0)
	        Index Cond: ((k >= 4863954) AND (k <= 4864054))

table 4 : explain SELECT k, c FROM sbtest4 WHERE k BETWEEN 4863954 AND 4864054
	Bitmap Heap Scan on sbtest4  (cost=5.46..401.19 rows=100 width=125)
	  Recheck Cond: ((k >= 4863954) AND (k <= 4864054))
	  ->  Bitmap Index Scan on k_4  (cost=0.00..5.43 rows=100 width=0)
	        Index Cond: ((k >= 4863954) AND (k <= 4864054))

table 5 : explain SELECT k, c FROM sbtest5 WHERE k BETWEEN 4863954 AND 4864054
	Bitmap Heap Scan on sbtest5  (cost=5.39..373.61 rows=93 width=125)
	  Recheck Cond: ((k >= 4863954) AND (k <= 4864054))
	  ->  Bitmap Index Scan on k_5  (cost=0.00..5.36 rows=93 width=0)
	        Index Cond: ((k >= 4863954) AND (k <= 4864054))

table 6 : explain SELECT k, c FROM sbtest6 WHERE k BETWEEN 4863954 AND 4864054
	Bitmap Heap Scan on sbtest6  (cost=5.48..409.07 rows=102 width=125)
	  Recheck Cond: ((k >= 4863954) AND (k <= 4864054))
	  ->  Bitmap Index Scan on k_6  (cost=0.00..5.45 rows=102 width=0)
	        Index Cond: ((k >= 4863954) AND (k <= 4864054))

table 7 : explain SELECT k, c FROM sbtest7 WHERE k BETWEEN 4863954 AND 4864054
	Bitmap Heap Scan on sbtest7  (cost=5.47..405.13 rows=101 width=125)
	  Recheck Cond: ((k >= 4863954) AND (k <= 4864054))
	  ->  Bitmap Index Scan on k_7  (cost=0.00..5.44 rows=101 width=0)
	        Index Cond: ((k >= 4863954) AND (k <= 4864054))

table 8 : explain SELECT k, c FROM sbtest8 WHERE k BETWEEN 4863954 AND 4864054
	Bitmap Heap Scan on sbtest8  (cost=5.54..432.69 rows=108 width=125)
	  Recheck Cond: ((k >= 4863954) AND (k <= 4864054))
	  ->  Bitmap Index Scan on k_8  (cost=0.00..5.51 rows=108 width=0)
	        Index Cond: ((k >= 4863954) AND (k <= 4864054))

explain: for range-notcovered :: explain SELECT k, c FROM sbtest%d WHERE k BETWEEN 4863954 AND 4864054
for range-notcovered
table 1 : explain SELECT k, c FROM sbtest1 WHERE k BETWEEN 2947898 AND 2947998
	Bitmap Heap Scan on sbtest1  (cost=5.51..420.88 rows=105 width=125)
	  Recheck Cond: ((k >= 2947898) AND (k <= 2947998))
	  ->  Bitmap Index Scan on k_1  (cost=0.00..5.48 rows=105 width=0)
	        Index Cond: ((k >= 2947898) AND (k <= 2947998))

table 2 : explain SELECT k, c FROM sbtest2 WHERE k BETWEEN 2947898 AND 2947998
	Bitmap Heap Scan on sbtest2  (cost=5.41..381.49 rows=95 width=125)
	  Recheck Cond: ((k >= 2947898) AND (k <= 2947998))
	  ->  Bitmap Index Scan on k_2  (cost=0.00..5.38 rows=95 width=0)
	        Index Cond: ((k >= 2947898) AND (k <= 2947998))

table 3 : explain SELECT k, c FROM sbtest3 WHERE k BETWEEN 2947898 AND 2947998
	Bitmap Heap Scan on sbtest3  (cost=5.47..405.13 rows=101 width=125)
	  Recheck Cond: ((k >= 2947898) AND (k <= 2947998))
	  ->  Bitmap Index Scan on k_3  (cost=0.00..5.44 rows=101 width=0)
	        Index Cond: ((k >= 2947898) AND (k <= 2947998))

table 4 : explain SELECT k, c FROM sbtest4 WHERE k BETWEEN 2947898 AND 2947998
	Bitmap Heap Scan on sbtest4  (cost=5.41..381.49 rows=95 width=125)
	  Recheck Cond: ((k >= 2947898) AND (k <= 2947998))
	  ->  Bitmap Index Scan on k_4  (cost=0.00..5.38 rows=95 width=0)
	        Index Cond: ((k >= 2947898) AND (k <= 2947998))

table 5 : explain SELECT k, c FROM sbtest5 WHERE k BETWEEN 2947898 AND 2947998
	Bitmap Heap Scan on sbtest5  (cost=5.44..393.31 rows=98 width=125)
	  Recheck Cond: ((k >= 2947898) AND (k <= 2947998))
	  ->  Bitmap Index Scan on k_5  (cost=0.00..5.42 rows=98 width=0)
	        Index Cond: ((k >= 2947898) AND (k <= 2947998))

table 6 : explain SELECT k, c FROM sbtest6 WHERE k BETWEEN 2947898 AND 2947998
	Bitmap Heap Scan on sbtest6  (cost=5.49..413.00 rows=103 width=125)
	  Recheck Cond: ((k >= 2947898) AND (k <= 2947998))
	  ->  Bitmap Index Scan on k_6  (cost=0.00..5.46 rows=103 width=0)
	        Index Cond: ((k >= 2947898) AND (k <= 2947998))

table 7 : explain SELECT k, c FROM sbtest7 WHERE k BETWEEN 2947898 AND 2947998
	Bitmap Heap Scan on sbtest7  (cost=5.46..401.19 rows=100 width=125)
	  Recheck Cond: ((k >= 2947898) AND (k <= 2947998))
	  ->  Bitmap Index Scan on k_7  (cost=0.00..5.43 rows=100 width=0)
	        Index Cond: ((k >= 2947898) AND (k <= 2947998))

table 8 : explain SELECT k, c FROM sbtest8 WHERE k BETWEEN 2947898 AND 2947998
	Bitmap Heap Scan on sbtest8  (cost=5.55..436.62 rows=109 width=125)
	  Recheck Cond: ((k >= 2947898) AND (k <= 2947998))
	  ->  Bitmap Index Scan on k_8  (cost=0.00..5.52 rows=109 width=0)
	        Index Cond: ((k >= 2947898) AND (k <= 2947998))

explain: for range-notcovered :: explain SELECT k, c FROM sbtest%d WHERE k BETWEEN 2947898 AND 2947998
explain: for range-notcovered :: explain SELECT k, c FROM sbtest%d WHERE k BETWEEN 1302064 AND 1302164
for range-notcovered
table 1 : explain SELECT k, c FROM sbtest1 WHERE k BETWEEN 4126180 AND 4126280
	Bitmap Heap Scan on sbtest1  (cost=5.53..428.75 rows=107 width=125)
	  Recheck Cond: ((k >= 4126180) AND (k <= 4126280))
	  ->  Bitmap Index Scan on k_1  (cost=0.00..5.50 rows=107 width=0)
	        Index Cond: ((k >= 4126180) AND (k <= 4126280))

table 2 : explain SELECT k, c FROM sbtest2 WHERE k BETWEEN 4126180 AND 4126280
	Bitmap Heap Scan on sbtest2  (cost=5.49..413.00 rows=103 width=125)
	  Recheck Cond: ((k >= 4126180) AND (k <= 4126280))
	  ->  Bitmap Index Scan on k_2  (cost=0.00..5.46 rows=103 width=0)
	        Index Cond: ((k >= 4126180) AND (k <= 4126280))

table 3 : explain SELECT k, c FROM sbtest3 WHERE k BETWEEN 4126180 AND 4126280
	Bitmap Heap Scan on sbtest3  (cost=5.49..413.00 rows=103 width=125)
	  Recheck Cond: ((k >= 4126180) AND (k <= 4126280))
	  ->  Bitmap Index Scan on k_3  (cost=0.00..5.46 rows=103 width=0)
	        Index Cond: ((k >= 4126180) AND (k <= 4126280))

table 4 : explain SELECT k, c FROM sbtest4 WHERE k BETWEEN 4126180 AND 4126280
	Bitmap Heap Scan on sbtest4  (cost=5.47..405.13 rows=101 width=125)
	  Recheck Cond: ((k >= 4126180) AND (k <= 4126280))
	  ->  Bitmap Index Scan on k_4  (cost=0.00..5.44 rows=101 width=0)
	        Index Cond: ((k >= 4126180) AND (k <= 4126280))

table 5 : explain SELECT k, c FROM sbtest5 WHERE k BETWEEN 4126180 AND 4126280
	Bitmap Heap Scan on sbtest5  (cost=5.48..409.07 rows=102 width=125)
	  Recheck Cond: ((k >= 4126180) AND (k <= 4126280))
	  ->  Bitmap Index Scan on k_5  (cost=0.00..5.45 rows=102 width=0)
	        Index Cond: ((k >= 4126180) AND (k <= 4126280))

table 6 : explain SELECT k, c FROM sbtest6 WHERE k BETWEEN 4126180 AND 4126280
	Bitmap Heap Scan on sbtest6  (cost=5.50..416.94 rows=104 width=125)
	  Recheck Cond: ((k >= 4126180) AND (k <= 4126280))
	  ->  Bitmap Index Scan on k_6  (cost=0.00..5.47 rows=104 width=0)
	        Index Cond: ((k >= 4126180) AND (k <= 4126280))

table 7 : explain SELECT k, c FROM sbtest7 WHERE k BETWEEN 4126180 AND 4126280
	Bitmap Heap Scan on sbtest7  (cost=5.50..416.94 rows=104 width=125)
	  Recheck Cond: ((k >= 4126180) AND (k <= 4126280))
	  ->  Bitmap Index Scan on k_7  (cost=0.00..5.47 rows=104 width=0)
	        Index Cond: ((k >= 4126180) AND (k <= 4126280))

table 8 : explain SELECT k, c FROM sbtest8 WHERE k BETWEEN 4126180 AND 4126280
	Bitmap Heap Scan on sbtest8  (cost=5.45..397.25 rows=99 width=125)
	  Recheck Cond: ((k >= 4126180) AND (k <= 4126280))
	  ->  Bitmap Index Scan on k_8  (cost=0.00..5.42 rows=99 width=0)
	        Index Cond: ((k >= 4126180) AND (k <= 4126280))

for range-notcovered
table 1 : explain SELECT k, c FROM sbtest1 WHERE k BETWEEN 6673690 AND 6673790
	Bitmap Heap Scan on sbtest1  (cost=5.54..432.69 rows=108 width=125)
	  Recheck Cond: ((k >= 6673690) AND (k <= 6673790))
	  ->  Bitmap Index Scan on k_1  (cost=0.00..5.51 rows=108 width=0)
	        Index Cond: ((k >= 6673690) AND (k <= 6673790))

table 2 : explain SELECT k, c FROM sbtest2 WHERE k BETWEEN 6673690 AND 6673790
	Bitmap Heap Scan on sbtest2  (cost=5.52..424.81 rows=106 width=125)
	  Recheck Cond: ((k >= 6673690) AND (k <= 6673790))
	  ->  Bitmap Index Scan on k_2  (cost=0.00..5.50 rows=106 width=0)
	        Index Cond: ((k >= 6673690) AND (k <= 6673790))

table 3 : explain SELECT k, c FROM sbtest3 WHERE k BETWEEN 6673690 AND 6673790
	Bitmap Heap Scan on sbtest3  (cost=5.41..381.49 rows=95 width=125)
	  Recheck Cond: ((k >= 6673690) AND (k <= 6673790))
	  ->  Bitmap Index Scan on k_3  (cost=0.00..5.38 rows=95 width=0)
	        Index Cond: ((k >= 6673690) AND (k <= 6673790))

table 4 : explain SELECT k, c FROM sbtest4 WHERE k BETWEEN 6673690 AND 6673790
	Bitmap Heap Scan on sbtest4  (cost=5.38..369.67 rows=92 width=125)
	  Recheck Cond: ((k >= 6673690) AND (k <= 6673790))
	  ->  Bitmap Index Scan on k_4  (cost=0.00..5.35 rows=92 width=0)
	        Index Cond: ((k >= 6673690) AND (k <= 6673790))

table 5 : explain SELECT k, c FROM sbtest5 WHERE k BETWEEN 6673690 AND 6673790
	Bitmap Heap Scan on sbtest5  (cost=5.60..456.29 rows=114 width=125)
	  Recheck Cond: ((k >= 6673690) AND (k <= 6673790))
	  ->  Bitmap Index Scan on k_5  (cost=0.00..5.58 rows=114 width=0)
	        Index Cond: ((k >= 6673690) AND (k <= 6673790))

table 6 : explain SELECT k, c FROM sbtest6 WHERE k BETWEEN 6673690 AND 6673790
	Bitmap Heap Scan on sbtest6  (cost=5.50..416.94 rows=104 width=125)
	  Recheck Cond: ((k >= 6673690) AND (k <= 6673790))
	  ->  Bitmap Index Scan on k_6  (cost=0.00..5.47 rows=104 width=0)
	        Index Cond: ((k >= 6673690) AND (k <= 6673790))

table 7 : explain SELECT k, c FROM sbtest7 WHERE k BETWEEN 6673690 AND 6673790
	Bitmap Heap Scan on sbtest7  (cost=5.60..456.29 rows=114 width=125)
	  Recheck Cond: ((k >= 6673690) AND (k <= 6673790))
	  ->  Bitmap Index Scan on k_7  (cost=0.00..5.58 rows=114 width=0)
	        Index Cond: ((k >= 6673690) AND (k <= 6673790))

table 8 : explain SELECT k, c FROM sbtest8 WHERE k BETWEEN 6673690 AND 6673790
	Bitmap Heap Scan on sbtest8  (cost=5.50..416.94 rows=104 width=125)
	  Recheck Cond: ((k >= 6673690) AND (k <= 6673790))
	  ->  Bitmap Index Scan on k_8  (cost=0.00..5.47 rows=104 width=0)
	        Index Cond: ((k >= 6673690) AND (k <= 6673790))

explain: for range-notcovered :: explain SELECT k, c FROM sbtest%d WHERE k BETWEEN 6673690 AND 6673790
for range-notcovered
table 1 : explain SELECT k, c FROM sbtest1 WHERE k BETWEEN 5282534 AND 5282634
	Bitmap Heap Scan on sbtest1  (cost=5.35..357.84 rows=89 width=125)
	  Recheck Cond: ((k >= 5282534) AND (k <= 5282634))
	  ->  Bitmap Index Scan on k_1  (cost=0.00..5.32 rows=89 width=0)
	        Index Cond: ((k >= 5282534) AND (k <= 5282634))

table 2 : explain SELECT k, c FROM sbtest2 WHERE k BETWEEN 5282534 AND 5282634
	Bitmap Heap Scan on sbtest2  (cost=5.45..397.25 rows=99 width=125)
	  Recheck Cond: ((k >= 5282534) AND (k <= 5282634))
	  ->  Bitmap Index Scan on k_2  (cost=0.00..5.42 rows=99 width=0)
	        Index Cond: ((k >= 5282534) AND (k <= 5282634))

table 3 : explain SELECT k, c FROM sbtest3 WHERE k BETWEEN 5282534 AND 5282634
	Bitmap Heap Scan on sbtest3  (cost=5.40..377.55 rows=94 width=125)
	  Recheck Cond: ((k >= 5282534) AND (k <= 5282634))
	  ->  Bitmap Index Scan on k_3  (cost=0.00..5.38 rows=94 width=0)
	        Index Cond: ((k >= 5282534) AND (k <= 5282634))

table 4 : explain SELECT k, c FROM sbtest4 WHERE k BETWEEN 5282534 AND 5282634
	Bitmap Heap Scan on sbtest4  (cost=5.47..405.13 rows=101 width=125)
	  Recheck Cond: ((k >= 5282534) AND (k <= 5282634))
	  ->  Bitmap Index Scan on k_4  (cost=0.00..5.44 rows=101 width=0)
	        Index Cond: ((k >= 5282534) AND (k <= 5282634))

table 5 : explain SELECT k, c FROM sbtest5 WHERE k BETWEEN 5282534 AND 5282634
	Bitmap Heap Scan on sbtest5  (cost=5.39..373.61 rows=93 width=125)
	  Recheck Cond: ((k >= 5282534) AND (k <= 5282634))
	  ->  Bitmap Index Scan on k_5  (cost=0.00..5.36 rows=93 width=0)
	        Index Cond: ((k >= 5282534) AND (k <= 5282634))

table 6 : explain SELECT k, c FROM sbtest6 WHERE k BETWEEN 5282534 AND 5282634
	Bitmap Heap Scan on sbtest6  (cost=5.48..409.07 rows=102 width=125)
	  Recheck Cond: ((k >= 5282534) AND (k <= 5282634))
	  ->  Bitmap Index Scan on k_6  (cost=0.00..5.45 rows=102 width=0)
	        Index Cond: ((k >= 5282534) AND (k <= 5282634))

table 7 : explain SELECT k, c FROM sbtest7 WHERE k BETWEEN 5282534 AND 5282634
	Bitmap Heap Scan on sbtest7  (cost=5.46..401.19 rows=100 width=125)
	  Recheck Cond: ((k >= 5282534) AND (k <= 5282634))
	  ->  Bitmap Index Scan on k_7  (cost=0.00..5.43 rows=100 width=0)
	        Index Cond: ((k >= 5282534) AND (k <= 5282634))

table 8 : explain SELECT k, c FROM sbtest8 WHERE k BETWEEN 5282534 AND 5282634
	Bitmap Heap Scan on sbtest8  (cost=5.60..456.29 rows=114 width=125)
	  Recheck Cond: ((k >= 5282534) AND (k <= 5282634))
	  ->  Bitmap Index Scan on k_8  (cost=0.00..5.58 rows=114 width=0)
	        Index Cond: ((k >= 5282534) AND (k <= 5282634))

for range-notcovered
table 1 : explain SELECT k, c FROM sbtest1 WHERE k BETWEEN 2317305 AND 2317405
	Bitmap Heap Scan on sbtest1  (cost=5.46..401.19 rows=100 width=125)
	  Recheck Cond: ((k >= 2317305) AND (k <= 2317405))
	  ->  Bitmap Index Scan on k_1  (cost=0.00..5.43 rows=100 width=0)
	        Index Cond: ((k >= 2317305) AND (k <= 2317405))

table 2 : explain SELECT k, c FROM sbtest2 WHERE k BETWEEN 2317305 AND 2317405
	Bitmap Heap Scan on sbtest2  (cost=5.43..389.37 rows=97 width=125)
	  Recheck Cond: ((k >= 2317305) AND (k <= 2317405))
	  ->  Bitmap Index Scan on k_2  (cost=0.00..5.40 rows=97 width=0)
	        Index Cond: ((k >= 2317305) AND (k <= 2317405))

table 3 : explain SELECT k, c FROM sbtest3 WHERE k BETWEEN 2317305 AND 2317405
	Bitmap Heap Scan on sbtest3  (cost=5.50..416.94 rows=104 width=125)
	  Recheck Cond: ((k >= 2317305) AND (k <= 2317405))
	  ->  Bitmap Index Scan on k_3  (cost=0.00..5.47 rows=104 width=0)
	        Index Cond: ((k >= 2317305) AND (k <= 2317405))

table 4 : explain SELECT k, c FROM sbtest4 WHERE k BETWEEN 2317305 AND 2317405
	Bitmap Heap Scan on sbtest4  (cost=5.52..424.81 rows=106 width=125)
	  Recheck Cond: ((k >= 2317305) AND (k <= 2317405))
	  ->  Bitmap Index Scan on k_4  (cost=0.00..5.50 rows=106 width=0)
	        Index Cond: ((k >= 2317305) AND (k <= 2317405))

table 5 : explain SELECT k, c FROM sbtest5 WHERE k BETWEEN 2317305 AND 2317405
	Bitmap Heap Scan on sbtest5  (cost=5.45..397.25 rows=99 width=125)
	  Recheck Cond: ((k >= 2317305) AND (k <= 2317405))
	  ->  Bitmap Index Scan on k_5  (cost=0.00..5.42 rows=99 width=0)
	        Index Cond: ((k >= 2317305) AND (k <= 2317405))

table 6 : explain SELECT k, c FROM sbtest6 WHERE k BETWEEN 2317305 AND 2317405
	Bitmap Heap Scan on sbtest6  (cost=5.43..389.37 rows=97 width=125)
	  Recheck Cond: ((k >= 2317305) AND (k <= 2317405))
	  ->  Bitmap Index Scan on k_6  (cost=0.00..5.40 rows=97 width=0)
	        Index Cond: ((k >= 2317305) AND (k <= 2317405))

table 7 : explain SELECT k, c FROM sbtest7 WHERE k BETWEEN 2317305 AND 2317405
	Bitmap Heap Scan on sbtest7  (cost=5.60..456.29 rows=114 width=125)
	  Recheck Cond: ((k >= 2317305) AND (k <= 2317405))
	  ->  Bitmap Index Scan on k_7  (cost=0.00..5.58 rows=114 width=0)
	        Index Cond: ((k >= 2317305) AND (k <= 2317405))

table 8 : explain SELECT k, c FROM sbtest8 WHERE k BETWEEN 2317305 AND 2317405
	Bitmap Heap Scan on sbtest8  (cost=5.45..397.25 rows=99 width=125)
	  Recheck Cond: ((k >= 2317305) AND (k <= 2317405))
	  ->  Bitmap Index Scan on k_8  (cost=0.00..5.42 rows=99 width=0)
	        Index Cond: ((k >= 2317305) AND (k <= 2317405))

explain: for range-notcovered :: explain SELECT k, c FROM sbtest%d WHERE k BETWEEN 5282534 AND 5282634
explain: for range-notcovered :: explain SELECT k, c FROM sbtest%d WHERE k BETWEEN 2317305 AND 2317405
for range-notcovered
table 1 : explain SELECT k, c FROM sbtest1 WHERE k BETWEEN 1964833 AND 1964933
	Bitmap Heap Scan on sbtest1  (cost=5.48..409.07 rows=102 width=125)
	  Recheck Cond: ((k >= 1964833) AND (k <= 1964933))
	  ->  Bitmap Index Scan on k_1  (cost=0.00..5.45 rows=102 width=0)
	        Index Cond: ((k >= 1964833) AND (k <= 1964933))

table 2 : explain SELECT k, c FROM sbtest2 WHERE k BETWEEN 1964833 AND 1964933
	Bitmap Heap Scan on sbtest2  (cost=5.41..381.49 rows=95 width=125)
	  Recheck Cond: ((k >= 1964833) AND (k <= 1964933))
	  ->  Bitmap Index Scan on k_2  (cost=0.00..5.38 rows=95 width=0)
	        Index Cond: ((k >= 1964833) AND (k <= 1964933))

table 3 : explain SELECT k, c FROM sbtest3 WHERE k BETWEEN 1964833 AND 1964933
	Bitmap Heap Scan on sbtest3  (cost=5.43..389.37 rows=97 width=125)
	  Recheck Cond: ((k >= 1964833) AND (k <= 1964933))
	  ->  Bitmap Index Scan on k_3  (cost=0.00..5.40 rows=97 width=0)
	        Index Cond: ((k >= 1964833) AND (k <= 1964933))

table 4 : explain SELECT k, c FROM sbtest4 WHERE k BETWEEN 1964833 AND 1964933
	Bitmap Heap Scan on sbtest4  (cost=5.40..377.55 rows=94 width=125)
	  Recheck Cond: ((k >= 1964833) AND (k <= 1964933))
	  ->  Bitmap Index Scan on k_4  (cost=0.00..5.38 rows=94 width=0)
	        Index Cond: ((k >= 1964833) AND (k <= 1964933))

table 5 : explain SELECT k, c FROM sbtest5 WHERE k BETWEEN 1964833 AND 1964933
	Bitmap Heap Scan on sbtest5  (cost=5.57..444.49 rows=111 width=125)
	  Recheck Cond: ((k >= 1964833) AND (k <= 1964933))
	  ->  Bitmap Index Scan on k_5  (cost=0.00..5.54 rows=111 width=0)
	        Index Cond: ((k >= 1964833) AND (k <= 1964933))

table 6 : explain SELECT k, c FROM sbtest6 WHERE k BETWEEN 1964833 AND 1964933
	Bitmap Heap Scan on sbtest6  (cost=5.36..361.78 rows=90 width=125)
	  Recheck Cond: ((k >= 1964833) AND (k <= 1964933))
	  ->  Bitmap Index Scan on k_6  (cost=0.00..5.33 rows=90 width=0)
	        Index Cond: ((k >= 1964833) AND (k <= 1964933))

table 7 : explain SELECT k, c FROM sbtest7 WHERE k BETWEEN 1964833 AND 1964933
	Bitmap Heap Scan on sbtest7  (cost=5.46..401.19 rows=100 width=125)
	  Recheck Cond: ((k >= 1964833) AND (k <= 1964933))
	  ->  Bitmap Index Scan on k_7  (cost=0.00..5.43 rows=100 width=0)
	        Index Cond: ((k >= 1964833) AND (k <= 1964933))

table 8 : explain SELECT k, c FROM sbtest8 WHERE k BETWEEN 1964833 AND 1964933
	Bitmap Heap Scan on sbtest8  (cost=5.50..416.94 rows=104 width=125)
	  Recheck Cond: ((k >= 1964833) AND (k <= 1964933))
	  ->  Bitmap Index Scan on k_8  (cost=0.00..5.47 rows=104 width=0)
	        Index Cond: ((k >= 1964833) AND (k <= 1964933))

explain: for range-notcovered :: explain SELECT k, c FROM sbtest%d WHERE k BETWEEN 1964833 AND 1964933
for range-notcovered
table 1 : explain SELECT k, c FROM sbtest1 WHERE k BETWEEN 2947898 AND 2947998
	Bitmap Heap Scan on sbtest1  (cost=5.51..420.88 rows=105 width=125)
	  Recheck Cond: ((k >= 2947898) AND (k <= 2947998))
	  ->  Bitmap Index Scan on k_1  (cost=0.00..5.48 rows=105 width=0)
	        Index Cond: ((k >= 2947898) AND (k <= 2947998))

table 2 : explain SELECT k, c FROM sbtest2 WHERE k BETWEEN 2947898 AND 2947998
	Bitmap Heap Scan on sbtest2  (cost=5.41..381.49 rows=95 width=125)
	  Recheck Cond: ((k >= 2947898) AND (k <= 2947998))
	  ->  Bitmap Index Scan on k_2  (cost=0.00..5.38 rows=95 width=0)
	        Index Cond: ((k >= 2947898) AND (k <= 2947998))

table 3 : explain SELECT k, c FROM sbtest3 WHERE k BETWEEN 2947898 AND 2947998
	Bitmap Heap Scan on sbtest3  (cost=5.47..405.13 rows=101 width=125)
	  Recheck Cond: ((k >= 2947898) AND (k <= 2947998))
	  ->  Bitmap Index Scan on k_3  (cost=0.00..5.44 rows=101 width=0)
	        Index Cond: ((k >= 2947898) AND (k <= 2947998))

table 4 : explain SELECT k, c FROM sbtest4 WHERE k BETWEEN 2947898 AND 2947998
	Bitmap Heap Scan on sbtest4  (cost=5.41..381.49 rows=95 width=125)
	  Recheck Cond: ((k >= 2947898) AND (k <= 2947998))
	  ->  Bitmap Index Scan on k_4  (cost=0.00..5.38 rows=95 width=0)
	        Index Cond: ((k >= 2947898) AND (k <= 2947998))

table 5 : explain SELECT k, c FROM sbtest5 WHERE k BETWEEN 2947898 AND 2947998
	Bitmap Heap Scan on sbtest5  (cost=5.44..393.31 rows=98 width=125)
	  Recheck Cond: ((k >= 2947898) AND (k <= 2947998))
	  ->  Bitmap Index Scan on k_5  (cost=0.00..5.42 rows=98 width=0)
	        Index Cond: ((k >= 2947898) AND (k <= 2947998))

table 6 : explain SELECT k, c FROM sbtest6 WHERE k BETWEEN 2947898 AND 2947998
	Bitmap Heap Scan on sbtest6  (cost=5.49..413.00 rows=103 width=125)
	  Recheck Cond: ((k >= 2947898) AND (k <= 2947998))
	  ->  Bitmap Index Scan on k_6  (cost=0.00..5.46 rows=103 width=0)
	        Index Cond: ((k >= 2947898) AND (k <= 2947998))

table 7 : explain SELECT k, c FROM sbtest7 WHERE k BETWEEN 2947898 AND 2947998
	Bitmap Heap Scan on sbtest7  (cost=5.46..401.19 rows=100 width=125)
	  Recheck Cond: ((k >= 2947898) AND (k <= 2947998))
	  ->  Bitmap Index Scan on k_7  (cost=0.00..5.43 rows=100 width=0)
	        Index Cond: ((k >= 2947898) AND (k <= 2947998))

table 8 : explain SELECT k, c FROM sbtest8 WHERE k BETWEEN 2947898 AND 2947998
	Bitmap Heap Scan on sbtest8  (cost=5.55..436.62 rows=109 width=125)
	  Recheck Cond: ((k >= 2947898) AND (k <= 2947998))
	  ->  Bitmap Index Scan on k_8  (cost=0.00..5.52 rows=109 width=0)
	        Index Cond: ((k >= 2947898) AND (k <= 2947998))

explain: for range-notcovered :: explain SELECT k, c FROM sbtest%d WHERE k BETWEEN 4810154 AND 4810254
explain: for range-notcovered :: explain SELECT k, c FROM sbtest%d WHERE k BETWEEN 2947898 AND 2947998
for range-notcovered
table 1 : explain SELECT k, c FROM sbtest1 WHERE k BETWEEN 4083931 AND 4084031
	Bitmap Heap Scan on sbtest1  (cost=5.53..428.75 rows=107 width=125)
	  Recheck Cond: ((k >= 4083931) AND (k <= 4084031))
	  ->  Bitmap Index Scan on k_1  (cost=0.00..5.50 rows=107 width=0)
	        Index Cond: ((k >= 4083931) AND (k <= 4084031))

table 2 : explain SELECT k, c FROM sbtest2 WHERE k BETWEEN 4083931 AND 4084031
	Bitmap Heap Scan on sbtest2  (cost=5.49..413.00 rows=103 width=125)
	  Recheck Cond: ((k >= 4083931) AND (k <= 4084031))
	  ->  Bitmap Index Scan on k_2  (cost=0.00..5.46 rows=103 width=0)
	        Index Cond: ((k >= 4083931) AND (k <= 4084031))

table 3 : explain SELECT k, c FROM sbtest3 WHERE k BETWEEN 4083931 AND 4084031
	Bitmap Heap Scan on sbtest3  (cost=5.49..413.00 rows=103 width=125)
	  Recheck Cond: ((k >= 4083931) AND (k <= 4084031))
	  ->  Bitmap Index Scan on k_3  (cost=0.00..5.46 rows=103 width=0)
	        Index Cond: ((k >= 4083931) AND (k <= 4084031))

table 4 : explain SELECT k, c FROM sbtest4 WHERE k BETWEEN 4083931 AND 4084031
	Bitmap Heap Scan on sbtest4  (cost=5.49..413.00 rows=103 width=125)
	  Recheck Cond: ((k >= 4083931) AND (k <= 4084031))
	  ->  Bitmap Index Scan on k_4  (cost=0.00..5.46 rows=103 width=0)
	        Index Cond: ((k >= 4083931) AND (k <= 4084031))

table 5 : explain SELECT k, c FROM sbtest5 WHERE k BETWEEN 4083931 AND 4084031
	Bitmap Heap Scan on sbtest5  (cost=5.48..409.07 rows=102 width=125)
	  Recheck Cond: ((k >= 4083931) AND (k <= 4084031))
	  ->  Bitmap Index Scan on k_5  (cost=0.00..5.45 rows=102 width=0)
	        Index Cond: ((k >= 4083931) AND (k <= 4084031))

table 6 : explain SELECT k, c FROM sbtest6 WHERE k BETWEEN 4083931 AND 4084031
	Bitmap Heap Scan on sbtest6  (cost=5.44..393.31 rows=98 width=125)
	  Recheck Cond: ((k >= 4083931) AND (k <= 4084031))
	  ->  Bitmap Index Scan on k_6  (cost=0.00..5.42 rows=98 width=0)
	        Index Cond: ((k >= 4083931) AND (k <= 4084031))

table 7 : explain SELECT k, c FROM sbtest7 WHERE k BETWEEN 4083931 AND 4084031
	Bitmap Heap Scan on sbtest7  (cost=5.50..416.94 rows=104 width=125)
	  Recheck Cond: ((k >= 4083931) AND (k <= 4084031))
	  ->  Bitmap Index Scan on k_7  (cost=0.00..5.47 rows=104 width=0)
	        Index Cond: ((k >= 4083931) AND (k <= 4084031))

table 8 : explain SELECT k, c FROM sbtest8 WHERE k BETWEEN 4083931 AND 4084031
	Bitmap Heap Scan on sbtest8  (cost=5.45..397.25 rows=99 width=125)
	  Recheck Cond: ((k >= 4083931) AND (k <= 4084031))
	  ->  Bitmap Index Scan on k_8  (cost=0.00..5.42 rows=99 width=0)
	        Index Cond: ((k >= 4083931) AND (k <= 4084031))
for range-notcovered
table 1 : explain SELECT k, c FROM sbtest1 WHERE k BETWEEN 8928641 AND 8928741
	Bitmap Heap Scan on sbtest1  (cost=5.42..385.43 rows=96 width=125)
	  Recheck Cond: ((k >= 8928641) AND (k <= 8928741))
	  ->  Bitmap Index Scan on k_1  (cost=0.00..5.39 rows=96 width=0)
	        Index Cond: ((k >= 8928641) AND (k <= 8928741))

table 2 : explain SELECT k, c FROM sbtest2 WHERE k BETWEEN 8928641 AND 8928741
	Bitmap Heap Scan on sbtest2  (cost=5.45..397.25 rows=99 width=125)
	  Recheck Cond: ((k >= 8928641) AND (k <= 8928741))
	  ->  Bitmap Index Scan on k_2  (cost=0.00..5.42 rows=99 width=0)
	        Index Cond: ((k >= 8928641) AND (k <= 8928741))

table 3 : explain SELECT k, c FROM sbtest3 WHERE k BETWEEN 8928641 AND 8928741
	Bitmap Heap Scan on sbtest3  (cost=5.45..397.25 rows=99 width=125)
	  Recheck Cond: ((k >= 8928641) AND (k <= 8928741))
	  ->  Bitmap Index Scan on k_3  (cost=0.00..5.42 rows=99 width=0)
	        Index Cond: ((k >= 8928641) AND (k <= 8928741))

table 4 : explain SELECT k, c FROM sbtest4 WHERE k BETWEEN 8928641 AND 8928741
	Bitmap Heap Scan on sbtest4  (cost=5.60..456.29 rows=114 width=125)
	  Recheck Cond: ((k >= 8928641) AND (k <= 8928741))
	  ->  Bitmap Index Scan on k_4  (cost=0.00..5.58 rows=114 width=0)
	        Index Cond: ((k >= 8928641) AND (k <= 8928741))

table 5 : explain SELECT k, c FROM sbtest5 WHERE k BETWEEN 8928641 AND 8928741
	Bitmap Heap Scan on sbtest5  (cost=5.50..416.94 rows=104 width=125)
	  Recheck Cond: ((k >= 8928641) AND (k <= 8928741))
	  ->  Bitmap Index Scan on k_5  (cost=0.00..5.47 rows=104 width=0)
	        Index Cond: ((k >= 8928641) AND (k <= 8928741))

table 6 : explain SELECT k, c FROM sbtest6 WHERE k BETWEEN 8928641 AND 8928741
	Bitmap Heap Scan on sbtest6  (cost=5.45..397.25 rows=99 width=125)
	  Recheck Cond: ((k >= 8928641) AND (k <= 8928741))
	  ->  Bitmap Index Scan on k_6  (cost=0.00..5.42 rows=99 width=0)
	        Index Cond: ((k >= 8928641) AND (k <= 8928741))

table 7 : explain SELECT k, c FROM sbtest7 WHERE k BETWEEN 8928641 AND 8928741
	Bitmap Heap Scan on sbtest7  (cost=5.37..365.72 rows=91 width=125)
	  Recheck Cond: ((k >= 8928641) AND (k <= 8928741))
	  ->  Bitmap Index Scan on k_7  (cost=0.00..5.34 rows=91 width=0)
	        Index Cond: ((k >= 8928641) AND (k <= 8928741))

table 8 : explain SELECT k, c FROM sbtest8 WHERE k BETWEEN 8928641 AND 8928741
	Bitmap Heap Scan on sbtest8  (cost=5.55..436.62 rows=109 width=125)
	  Recheck Cond: ((k >= 8928641) AND (k <= 8928741))
	  ->  Bitmap Index Scan on k_8  (cost=0.00..5.52 rows=109 width=0)
	        Index Cond: ((k >= 8928641) AND (k <= 8928741))


for range-notcovered
table 1 : explain SELECT k, c FROM sbtest1 WHERE k BETWEEN 6673690 AND 6673790
	Bitmap Heap Scan on sbtest1  (cost=5.54..432.69 rows=108 width=125)
	  Recheck Cond: ((k >= 6673690) AND (k <= 6673790))
	  ->  Bitmap Index Scan on k_1  (cost=0.00..5.51 rows=108 width=0)
	        Index Cond: ((k >= 6673690) AND (k <= 6673790))

table 2 : explain SELECT k, c FROM sbtest2 WHERE k BETWEEN 6673690 AND 6673790
	Bitmap Heap Scan on sbtest2  (cost=5.52..424.81 rows=106 width=125)
	  Recheck Cond: ((k >= 6673690) AND (k <= 6673790))
	  ->  Bitmap Index Scan on k_2  (cost=0.00..5.50 rows=106 width=0)
	        Index Cond: ((k >= 6673690) AND (k <= 6673790))

table 3 : explain SELECT k, c FROM sbtest3 WHERE k BETWEEN 6673690 AND 6673790
	Bitmap Heap Scan on sbtest3  (cost=5.41..381.49 rows=95 width=125)
	  Recheck Cond: ((k >= 6673690) AND (k <= 6673790))
	  ->  Bitmap Index Scan on k_3  (cost=0.00..5.38 rows=95 width=0)
	        Index Cond: ((k >= 6673690) AND (k <= 6673790))

table 4 : explain SELECT k, c FROM sbtest4 WHERE k BETWEEN 6673690 AND 6673790
	Bitmap Heap Scan on sbtest4  (cost=5.38..369.67 rows=92 width=125)
	  Recheck Cond: ((k >= 6673690) AND (k <= 6673790))
	  ->  Bitmap Index Scan on k_4  (cost=0.00..5.35 rows=92 width=0)
	        Index Cond: ((k >= 6673690) AND (k <= 6673790))

table 5 : explain SELECT k, c FROM sbtest5 WHERE k BETWEEN 6673690 AND 6673790
	Bitmap Heap Scan on sbtest5  (cost=5.60..456.29 rows=114 width=125)
	  Recheck Cond: ((k >= 6673690) AND (k <= 6673790))
	  ->  Bitmap Index Scan on k_5  (cost=0.00..5.58 rows=114 width=0)
	        Index Cond: ((k >= 6673690) AND (k <= 6673790))

table 6 : explain SELECT k, c FROM sbtest6 WHERE k BETWEEN 6673690 AND 6673790
	Bitmap Heap Scan on sbtest6  (cost=5.50..416.94 rows=104 width=125)
	  Recheck Cond: ((k >= 6673690) AND (k <= 6673790))
	  ->  Bitmap Index Scan on k_6  (cost=0.00..5.47 rows=104 width=0)
	        Index Cond: ((k >= 6673690) AND (k <= 6673790))

table 7 : explain SELECT k, c FROM sbtest7 WHERE k BETWEEN 6673690 AND 6673790
	Bitmap Heap Scan on sbtest7  (cost=5.60..456.29 rows=114 width=125)
	  Recheck Cond: ((k >= 6673690) AND (k <= 6673790))
	  ->  Bitmap Index Scan on k_7  (cost=0.00..5.58 rows=114 width=0)
	        Index Cond: ((k >= 6673690) AND (k <= 6673790))

table 8 : explain SELECT k, c FROM sbtest8 WHERE k BETWEEN 6673690 AND 6673790
	Bitmap Heap Scan on sbtest8  (cost=5.50..416.94 rows=104 width=125)
	  Recheck Cond: ((k >= 6673690) AND (k <= 6673790))
	  ->  Bitmap Index Scan on k_8  (cost=0.00..5.47 rows=104 width=0)
	        Index Cond: ((k >= 6673690) AND (k <= 6673790))

explain: for range-notcovered :: explain SELECT k, c FROM sbtest%d WHERE k BETWEEN 8928641 AND 8928741for range-notcovered
table 1 : explain SELECT k, c FROM sbtest1 WHERE k BETWEEN 4863954 AND 4864054
	Bitmap Heap Scan on sbtest1  (cost=5.48..409.07 rows=102 width=125)
	  Recheck Cond: ((k >= 4863954) AND (k <= 4864054))
	  ->  Bitmap Index Scan on k_1  (cost=0.00..5.45 rows=102 width=0)
	        Index Cond: ((k >= 4863954) AND (k <= 4864054))

table 2 : explain SELECT k, c FROM sbtest2 WHERE k BETWEEN 4863954 AND 4864054
	Bitmap Heap Scan on sbtest2  (cost=5.38..369.67 rows=92 width=125)
	  Recheck Cond: ((k >= 4863954) AND (k <= 4864054))
	  ->  Bitmap Index Scan on k_2  (cost=0.00..5.35 rows=92 width=0)
	        Index Cond: ((k >= 4863954) AND (k <= 4864054))

table 3 : explain SELECT k, c FROM sbtest3 WHERE k BETWEEN 4863954 AND 4864054
	Bitmap Heap Scan on sbtest3  (cost=5.47..405.13 rows=101 width=125)
	  Recheck Cond: ((k >= 4863954) AND (k <= 4864054))
	  ->  Bitmap Index Scan on k_3  (cost=0.00..5.44 rows=101 width=0)
	        Index Cond: ((k >= 4863954) AND (k <= 4864054))

table 4 : explain SELECT k, c FROM sbtest4 WHERE k BETWEEN 4863954 AND 4864054
	Bitmap Heap Scan on sbtest4  (cost=5.46..401.19 rows=100 width=125)
	  Recheck Cond: ((k >= 4863954) AND (k <= 4864054))
	  ->  Bitmap Index Scan on k_4  (cost=0.00..5.43 rows=100 width=0)
	        Index Cond: ((k >= 4863954) AND (k <= 4864054))

table 5 : explain SELECT k, c FROM sbtest5 WHERE k BETWEEN 4863954 AND 4864054
	Bitmap Heap Scan on sbtest5  (cost=5.39..373.61 rows=93 width=125)
	  Recheck Cond: ((k >= 4863954) AND (k <= 4864054))
	  ->  Bitmap Index Scan on k_5  (cost=0.00..5.36 rows=93 width=0)
	        Index Cond: ((k >= 4863954) AND (k <= 4864054))

table 6 : explain SELECT k, c FROM sbtest6 WHERE k BETWEEN 4863954 AND 4864054
	Bitmap Heap Scan on sbtest6  (cost=5.48..409.07 rows=102 width=125)
	  Recheck Cond: ((k >= 4863954) AND (k <= 4864054))
	  ->  Bitmap Index Scan on k_6  (cost=0.00..5.45 rows=102 width=0)
	        Index Cond: ((k >= 4863954) AND (k <= 4864054))

table 7 : explain SELECT k, c FROM sbtest7 WHERE k BETWEEN 4863954 AND 4864054
	Bitmap Heap Scan on sbtest7  (cost=5.47..405.13 rows=101 width=125)
	  Recheck Cond: ((k >= 4863954) AND (k <= 4864054))
	  ->  Bitmap Index Scan on k_7  (cost=0.00..5.44 rows=101 width=0)
	        Index Cond: ((k >= 4863954) AND (k <= 4864054))

table 8 : explain SELECT k, c FROM sbtest8 WHERE k BETWEEN 4863954 AND 4864054
	Bitmap Heap Scan on sbtest8  (cost=5.54..432.69 rows=108 width=125)
	  Recheck Cond: ((k >= 4863954) AND (k <= 4864054))
	  ->  Bitmap Index Scan on k_8  (cost=0.00..5.51 rows=108 width=0)
	        Index Cond: ((k >= 4863954) AND (k <= 4864054))


explain: for range-notcovered :: explain SELECT k, c FROM sbtest%d WHERE k BETWEEN 4083931 AND 4084031
for range-notcovered
table 1 : explain SELECT k, c FROM sbtest1 WHERE k BETWEEN 4357678 AND 4357778
	Bitmap Heap Scan on sbtest1  (cost=5.51..420.88 rows=105 width=125)
	  Recheck Cond: ((k >= 4357678) AND (k <= 4357778))
	  ->  Bitmap Index Scan on k_1  (cost=0.00..5.48 rows=105 width=0)
	        Index Cond: ((k >= 4357678) AND (k <= 4357778))

table 2 : explain SELECT k, c FROM sbtest2 WHERE k BETWEEN 4357678 AND 4357778
	Bitmap Heap Scan on sbtest2  (cost=5.54..432.69 rows=108 width=125)
	  Recheck Cond: ((k >= 4357678) AND (k <= 4357778))
	  ->  Bitmap Index Scan on k_2  (cost=0.00..5.51 rows=108 width=0)
	        Index Cond: ((k >= 4357678) AND (k <= 4357778))

table 3 : explain SELECT k, c FROM sbtest3 WHERE k BETWEEN 4357678 AND 4357778
	Bitmap Heap Scan on sbtest3  (cost=5.50..416.94 rows=104 width=125)
	  Recheck Cond: ((k >= 4357678) AND (k <= 4357778))
	  ->  Bitmap Index Scan on k_3  (cost=0.00..5.47 rows=104 width=0)
	        Index Cond: ((k >= 4357678) AND (k <= 4357778))

table 4 : explain SELECT k, c FROM sbtest4 WHERE k BETWEEN 4357678 AND 4357778
	Bitmap Heap Scan on sbtest4  (cost=5.43..389.37 rows=97 width=125)
	  Recheck Cond: ((k >= 4357678) AND (k <= 4357778))
	  ->  Bitmap Index Scan on k_4  (cost=0.00..5.40 rows=97 width=0)
	        Index Cond: ((k >= 4357678) AND (k <= 4357778))

table 5 : explain SELECT k, c FROM sbtest5 WHERE k BETWEEN 4357678 AND 4357778
	Bitmap Heap Scan on sbtest5  (cost=5.54..432.69 rows=108 width=125)
	  Recheck Cond: ((k >= 4357678) AND (k <= 4357778))
	  ->  Bitmap Index Scan on k_5  (cost=0.00..5.51 rows=108 width=0)
	        Index Cond: ((k >= 4357678) AND (k <= 4357778))

table 6 : explain SELECT k, c FROM sbtest6 WHERE k BETWEEN 4357678 AND 4357778
	Bitmap Heap Scan on sbtest6  (cost=5.60..456.29 rows=114 width=125)
	  Recheck Cond: ((k >= 4357678) AND (k <= 4357778))
	  ->  Bitmap Index Scan on k_6  (cost=0.00..5.58 rows=114 width=0)
	        Index Cond: ((k >= 4357678) AND (k <= 4357778))

table 7 : explain SELECT k, c FROM sbtest7 WHERE k BETWEEN 4357678 AND 4357778
	Bitmap Heap Scan on sbtest7  (cost=5.49..413.00 rows=103 width=125)
	  Recheck Cond: ((k >= 4357678) AND (k <= 4357778))
	  ->  Bitmap Index Scan on k_7  (cost=0.00..5.46 rows=103 width=0)
	        Index Cond: ((k >= 4357678) AND (k <= 4357778))

table 8 : explain SELECT k, c FROM sbtest8 WHERE k BETWEEN 4357678 AND 4357778
	Bitmap Heap Scan on sbtest8  (cost=5.54..432.69 rows=108 width=125)
	  Recheck Cond: ((k >= 4357678) AND (k <= 4357778))
	  ->  Bitmap Index Scan on k_8  (cost=0.00..5.51 rows=108 width=0)
	        Index Cond: ((k >= 4357678) AND (k <= 4357778))

explain: for range-notcovered :: explain SELECT k, c FROM sbtest%d WHERE k BETWEEN 6673690 AND 6673790
for range-notcovered
table 1 : explain SELECT k, c FROM sbtest1 WHERE k BETWEEN 5282534 AND 5282634
	Bitmap Heap Scan on sbtest1  (cost=5.35..357.84 rows=89 width=125)
	  Recheck Cond: ((k >= 5282534) AND (k <= 5282634))
	  ->  Bitmap Index Scan on k_1  (cost=0.00..5.32 rows=89 width=0)
	        Index Cond: ((k >= 5282534) AND (k <= 5282634))

table 2 : explain SELECT k, c FROM sbtest2 WHERE k BETWEEN 5282534 AND 5282634
	Bitmap Heap Scan on sbtest2  (cost=5.45..397.25 rows=99 width=125)
	  Recheck Cond: ((k >= 5282534) AND (k <= 5282634))
	  ->  Bitmap Index Scan on k_2  (cost=0.00..5.42 rows=99 width=0)
	        Index Cond: ((k >= 5282534) AND (k <= 5282634))

table 3 : explain SELECT k, c FROM sbtest3 WHERE k BETWEEN 5282534 AND 5282634
	Bitmap Heap Scan on sbtest3  (cost=5.40..377.55 rows=94 width=125)
	  Recheck Cond: ((k >= 5282534) AND (k <= 5282634))
	  ->  Bitmap Index Scan on k_3  (cost=0.00..5.38 rows=94 width=0)
	        Index Cond: ((k >= 5282534) AND (k <= 5282634))

table 4 : explain SELECT k, c FROM sbtest4 WHERE k BETWEEN 5282534 AND 5282634
	Bitmap Heap Scan on sbtest4  (cost=5.47..405.13 rows=101 width=125)
	  Recheck Cond: ((k >= 5282534) AND (k <= 5282634))
	  ->  Bitmap Index Scan on k_4  (cost=0.00..5.44 rows=101 width=0)
	        Index Cond: ((k >= 5282534) AND (k <= 5282634))

table 5 : explain SELECT k, c FROM sbtest5 WHERE k BETWEEN 5282534 AND 5282634
	Bitmap Heap Scan on sbtest5  (cost=5.39..373.61 rows=93 width=125)
	  Recheck Cond: ((k >= 5282534) AND (k <= 5282634))
	  ->  Bitmap Index Scan on k_5  (cost=0.00..5.36 rows=93 width=0)
	        Index Cond: ((k >= 5282534) AND (k <= 5282634))

table 6 : explain SELECT k, c FROM sbtest6 WHERE k BETWEEN 5282534 AND 5282634
	Bitmap Heap Scan on sbtest6  (cost=5.48..409.07 rows=102 width=125)
	  Recheck Cond: ((k >= 5282534) AND (k <= 5282634))
	  ->  Bitmap Index Scan on k_6  (cost=0.00..5.45 rows=102 width=0)
	        Index Cond: ((k >= 5282534) AND (k <= 5282634))

table 7 : explain SELECT k, c FROM sbtest7 WHERE k BETWEEN 5282534 AND 5282634
	Bitmap Heap Scan on sbtest7  (cost=5.46..401.19 rows=100 width=125)
	  Recheck Cond: ((k >= 5282534) AND (k <= 5282634))
	  ->  Bitmap Index Scan on k_7  (cost=0.00..5.43 rows=100 width=0)
	        Index Cond: ((k >= 5282534) AND (k <= 5282634))

table 8 : explain SELECT k, c FROM sbtest8 WHERE k BETWEEN 5282534 AND 5282634
	Bitmap Heap Scan on sbtest8  (cost=5.60..456.29 rows=114 width=125)
	  Recheck Cond: ((k >= 5282534) AND (k <= 5282634))
	  ->  Bitmap Index Scan on k_8  (cost=0.00..5.58 rows=114 width=0)
	        Index Cond: ((k >= 5282534) AND (k <= 5282634))

explain: for range-notcovered :: explain SELECT k, c FROM sbtest%d WHERE k BETWEEN 4357678 AND 4357778
explain: for range-notcovered :: explain SELECT k, c FROM sbtest%d WHERE k BETWEEN 6370613 AND 6370713
for range-notcovered
table 1 : explain SELECT k, c FROM sbtest1 WHERE k BETWEEN 2317305 AND 2317405
	Bitmap Heap Scan on sbtest1  (cost=5.46..401.19 rows=100 width=125)
	  Recheck Cond: ((k >= 2317305) AND (k <= 2317405))
	  ->  Bitmap Index Scan on k_1  (cost=0.00..5.43 rows=100 width=0)
	        Index Cond: ((k >= 2317305) AND (k <= 2317405))

table 2 : explain SELECT k, c FROM sbtest2 WHERE k BETWEEN 2317305 AND 2317405
	Bitmap Heap Scan on sbtest2  (cost=5.43..389.37 rows=97 width=125)
	  Recheck Cond: ((k >= 2317305) AND (k <= 2317405))
	  ->  Bitmap Index Scan on k_2  (cost=0.00..5.40 rows=97 width=0)
	        Index Cond: ((k >= 2317305) AND (k <= 2317405))

table 3 : explain SELECT k, c FROM sbtest3 WHERE k BETWEEN 2317305 AND 2317405
	Bitmap Heap Scan on sbtest3  (cost=5.50..416.94 rows=104 width=125)
	  Recheck Cond: ((k >= 2317305) AND (k <= 2317405))
	  ->  Bitmap Index Scan on k_3  (cost=0.00..5.47 rows=104 width=0)
	        Index Cond: ((k >= 2317305) AND (k <= 2317405))

table 4 : explain SELECT k, c FROM sbtest4 WHERE k BETWEEN 2317305 AND 2317405
	Bitmap Heap Scan on sbtest4  (cost=5.52..424.81 rows=106 width=125)
	  Recheck Cond: ((k >= 2317305) AND (k <= 2317405))
	  ->  Bitmap Index Scan on k_4  (cost=0.00..5.50 rows=106 width=0)
	        Index Cond: ((k >= 2317305) AND (k <= 2317405))

table 5 : explain SELECT k, c FROM sbtest5 WHERE k BETWEEN 2317305 AND 2317405
	Bitmap Heap Scan on sbtest5  (cost=5.45..397.25 rows=99 width=125)
	  Recheck Cond: ((k >= 2317305) AND (k <= 2317405))
	  ->  Bitmap Index Scan on k_5  (cost=0.00..5.42 rows=99 width=0)
	        Index Cond: ((k >= 2317305) AND (k <= 2317405))

table 6 : explain SELECT k, c FROM sbtest6 WHERE k BETWEEN 2317305 AND 2317405
	Bitmap Heap Scan on sbtest6  (cost=5.43..389.37 rows=97 width=125)
	  Recheck Cond: ((k >= 2317305) AND (k <= 2317405))
	  ->  Bitmap Index Scan on k_6  (cost=0.00..5.40 rows=97 width=0)
	        Index Cond: ((k >= 2317305) AND (k <= 2317405))

table 7 : explain SELECT k, c FROM sbtest7 WHERE k BETWEEN 2317305 AND 2317405
	Bitmap Heap Scan on sbtest7  (cost=5.60..456.29 rows=114 width=125)
	  Recheck Cond: ((k >= 2317305) AND (k <= 2317405))
	  ->  Bitmap Index Scan on k_7  (cost=0.00..5.58 rows=114 width=0)
	        Index Cond: ((k >= 2317305) AND (k <= 2317405))

table 8 : explain SELECT k, c FROM sbtest8 WHERE k BETWEEN 2317305 AND 2317405
	Bitmap Heap Scan on sbtest8  (cost=5.45..397.25 rows=99 width=125)
	  Recheck Cond: ((k >= 2317305) AND (k <= 2317405))
	  ->  Bitmap Index Scan on k_8  (cost=0.00..5.42 rows=99 width=0)
	        Index Cond: ((k >= 2317305) AND (k <= 2317405))

explain: for range-notcovered :: explain SELECT k, c FROM sbtest%d WHERE k BETWEEN 5282534 AND 5282634
explain: for range-notcovered :: explain SELECT k, c FROM sbtest%d WHERE k BETWEEN 4685558 AND 4685658
explain: for range-notcovered :: explain SELECT k, c FROM sbtest%d WHERE k BETWEEN 2317305 AND 2317405
for range-notcovered
table 1 : explain SELECT k, c FROM sbtest1 WHERE k BETWEEN 1964833 AND 1964933
	Bitmap Heap Scan on sbtest1  (cost=5.48..409.07 rows=102 width=125)
	  Recheck Cond: ((k >= 1964833) AND (k <= 1964933))
	  ->  Bitmap Index Scan on k_1  (cost=0.00..5.45 rows=102 width=0)
	        Index Cond: ((k >= 1964833) AND (k <= 1964933))

table 2 : explain SELECT k, c FROM sbtest2 WHERE k BETWEEN 1964833 AND 1964933
	Bitmap Heap Scan on sbtest2  (cost=5.41..381.49 rows=95 width=125)
	  Recheck Cond: ((k >= 1964833) AND (k <= 1964933))
	  ->  Bitmap Index Scan on k_2  (cost=0.00..5.38 rows=95 width=0)
	        Index Cond: ((k >= 1964833) AND (k <= 1964933))

table 3 : explain SELECT k, c FROM sbtest3 WHERE k BETWEEN 1964833 AND 1964933
	Bitmap Heap Scan on sbtest3  (cost=5.43..389.37 rows=97 width=125)
	  Recheck Cond: ((k >= 1964833) AND (k <= 1964933))
	  ->  Bitmap Index Scan on k_3  (cost=0.00..5.40 rows=97 width=0)
	        Index Cond: ((k >= 1964833) AND (k <= 1964933))

table 4 : explain SELECT k, c FROM sbtest4 WHERE k BETWEEN 1964833 AND 1964933
	Bitmap Heap Scan on sbtest4  (cost=5.40..377.55 rows=94 width=125)
	  Recheck Cond: ((k >= 1964833) AND (k <= 1964933))
	  ->  Bitmap Index Scan on k_4  (cost=0.00..5.38 rows=94 width=0)
	        Index Cond: ((k >= 1964833) AND (k <= 1964933))

table 5 : explain SELECT k, c FROM sbtest5 WHERE k BETWEEN 1964833 AND 1964933
	Bitmap Heap Scan on sbtest5  (cost=5.57..444.49 rows=111 width=125)
	  Recheck Cond: ((k >= 1964833) AND (k <= 1964933))
	  ->  Bitmap Index Scan on k_5  (cost=0.00..5.54 rows=111 width=0)
	        Index Cond: ((k >= 1964833) AND (k <= 1964933))

table 6 : explain SELECT k, c FROM sbtest6 WHERE k BETWEEN 1964833 AND 1964933
	Bitmap Heap Scan on sbtest6  (cost=5.36..361.78 rows=90 width=125)
	  Recheck Cond: ((k >= 1964833) AND (k <= 1964933))
	  ->  Bitmap Index Scan on k_6  (cost=0.00..5.33 rows=90 width=0)
	        Index Cond: ((k >= 1964833) AND (k <= 1964933))

table 7 : explain SELECT k, c FROM sbtest7 WHERE k BETWEEN 1964833 AND 1964933
	Bitmap Heap Scan on sbtest7  (cost=5.46..401.19 rows=100 width=125)
	  Recheck Cond: ((k >= 1964833) AND (k <= 1964933))
	  ->  Bitmap Index Scan on k_7  (cost=0.00..5.43 rows=100 width=0)
	        Index Cond: ((k >= 1964833) AND (k <= 1964933))

table 8 : explain SELECT k, c FROM sbtest8 WHERE k BETWEEN 1964833 AND 1964933
	Bitmap Heap Scan on sbtest8  (cost=5.50..416.94 rows=104 width=125)
	  Recheck Cond: ((k >= 1964833) AND (k <= 1964933))
	  ->  Bitmap Index Scan on k_8  (cost=0.00..5.47 rows=104 width=0)
	        Index Cond: ((k >= 1964833) AND (k <= 1964933))

for range-notcovered
table 1 : explain SELECT k, c FROM sbtest1 WHERE k BETWEEN 2947898 AND 2947998
	Bitmap Heap Scan on sbtest1  (cost=5.51..420.88 rows=105 width=125)
	  Recheck Cond: ((k >= 2947898) AND (k <= 2947998))
	  ->  Bitmap Index Scan on k_1  (cost=0.00..5.48 rows=105 width=0)
	        Index Cond: ((k >= 2947898) AND (k <= 2947998))

table 2 : explain SELECT k, c FROM sbtest2 WHERE k BETWEEN 2947898 AND 2947998
	Bitmap Heap Scan on sbtest2  (cost=5.41..381.49 rows=95 width=125)
	  Recheck Cond: ((k >= 2947898) AND (k <= 2947998))
	  ->  Bitmap Index Scan on k_2  (cost=0.00..5.38 rows=95 width=0)
	        Index Cond: ((k >= 2947898) AND (k <= 2947998))

table 3 : explain SELECT k, c FROM sbtest3 WHERE k BETWEEN 2947898 AND 2947998
	Bitmap Heap Scan on sbtest3  (cost=5.47..405.13 rows=101 width=125)
	  Recheck Cond: ((k >= 2947898) AND (k <= 2947998))
	  ->  Bitmap Index Scan on k_3  (cost=0.00..5.44 rows=101 width=0)
	        Index Cond: ((k >= 2947898) AND (k <= 2947998))

table 4 : explain SELECT k, c FROM sbtest4 WHERE k BETWEEN 2947898 AND 2947998
	Bitmap Heap Scan on sbtest4  (cost=5.41..381.49 rows=95 width=125)
	  Recheck Cond: ((k >= 2947898) AND (k <= 2947998))
	  ->  Bitmap Index Scan on k_4  (cost=0.00..5.38 rows=95 width=0)
	        Index Cond: ((k >= 2947898) AND (k <= 2947998))

table 5 : explain SELECT k, c FROM sbtest5 WHERE k BETWEEN 2947898 AND 2947998
	Bitmap Heap Scan on sbtest5  (cost=5.44..393.31 rows=98 width=125)
	  Recheck Cond: ((k >= 2947898) AND (k <= 2947998))
	  ->  Bitmap Index Scan on k_5  (cost=0.00..5.42 rows=98 width=0)
	        Index Cond: ((k >= 2947898) AND (k <= 2947998))

table 6 : explain SELECT k, c FROM sbtest6 WHERE k BETWEEN 2947898 AND 2947998
	Bitmap Heap Scan on sbtest6  (cost=5.49..413.00 rows=103 width=125)
	  Recheck Cond: ((k >= 2947898) AND (k <= 2947998))
	  ->  Bitmap Index Scan on k_6  (cost=0.00..5.46 rows=103 width=0)
	        Index Cond: ((k >= 2947898) AND (k <= 2947998))

table 7 : explain SELECT k, c FROM sbtest7 WHERE k BETWEEN 2947898 AND 2947998
	Bitmap Heap Scan on sbtest7  (cost=5.46..401.19 rows=100 width=125)
	  Recheck Cond: ((k >= 2947898) AND (k <= 2947998))
	  ->  Bitmap Index Scan on k_7  (cost=0.00..5.43 rows=100 width=0)
	        Index Cond: ((k >= 2947898) AND (k <= 2947998))

table 8 : explain SELECT k, c FROM sbtest8 WHERE k BETWEEN 2947898 AND 2947998
	Bitmap Heap Scan on sbtest8  (cost=5.55..436.62 rows=109 width=125)
	  Recheck Cond: ((k >= 2947898) AND (k <= 2947998))
	  ->  Bitmap Index Scan on k_8  (cost=0.00..5.52 rows=109 width=0)
	        Index Cond: ((k >= 2947898) AND (k <= 2947998))

explain: for range-notcovered :: explain SELECT k, c FROM sbtest%d WHERE k BETWEEN 1964833 AND 1964933
explain: for range-notcovered :: explain SELECT k, c FROM sbtest%d WHERE k BETWEEN 1594577 AND 1594677
explain: for range-notcovered :: explain SELECT k, c FROM sbtest%d WHERE k BETWEEN 2947898 AND 2947998
for range-notcovered
table 1 : explain SELECT k, c FROM sbtest1 WHERE k BETWEEN 8928641 AND 8928741
	Bitmap Heap Scan on sbtest1  (cost=5.42..385.43 rows=96 width=125)
	  Recheck Cond: ((k >= 8928641) AND (k <= 8928741))
	  ->  Bitmap Index Scan on k_1  (cost=0.00..5.39 rows=96 width=0)
	        Index Cond: ((k >= 8928641) AND (k <= 8928741))

table 2 : explain SELECT k, c FROM sbtest2 WHERE k BETWEEN 8928641 AND 8928741
	Bitmap Heap Scan on sbtest2  (cost=5.45..397.25 rows=99 width=125)
	  Recheck Cond: ((k >= 8928641) AND (k <= 8928741))
	  ->  Bitmap Index Scan on k_2  (cost=0.00..5.42 rows=99 width=0)
	        Index Cond: ((k >= 8928641) AND (k <= 8928741))

table 3 : explain SELECT k, c FROM sbtest3 WHERE k BETWEEN 8928641 AND 8928741
	Bitmap Heap Scan on sbtest3  (cost=5.45..397.25 rows=99 width=125)
	  Recheck Cond: ((k >= 8928641) AND (k <= 8928741))
	  ->  Bitmap Index Scan on k_3  (cost=0.00..5.42 rows=99 width=0)
	        Index Cond: ((k >= 8928641) AND (k <= 8928741))

table 4 : explain SELECT k, c FROM sbtest4 WHERE k BETWEEN 8928641 AND 8928741
	Bitmap Heap Scan on sbtest4  (cost=5.60..456.29 rows=114 width=125)
	  Recheck Cond: ((k >= 8928641) AND (k <= 8928741))
	  ->  Bitmap Index Scan on k_4  (cost=0.00..5.58 rows=114 width=0)
	        Index Cond: ((k >= 8928641) AND (k <= 8928741))

table 5 : explain SELECT k, c FROM sbtest5 WHERE k BETWEEN 8928641 AND 8928741
	Bitmap Heap Scan on sbtest5  (cost=5.50..416.94 rows=104 width=125)
	  Recheck Cond: ((k >= 8928641) AND (k <= 8928741))
	  ->  Bitmap Index Scan on k_5  (cost=0.00..5.47 rows=104 width=0)
	        Index Cond: ((k >= 8928641) AND (k <= 8928741))

table 6 : explain SELECT k, c FROM sbtest6 WHERE k BETWEEN 8928641 AND 8928741
	Bitmap Heap Scan on sbtest6  (cost=5.45..397.25 rows=99 width=125)
	  Recheck Cond: ((k >= 8928641) AND (k <= 8928741))
	  ->  Bitmap Index Scan on k_6  (cost=0.00..5.42 rows=99 width=0)
	        Index Cond: ((k >= 8928641) AND (k <= 8928741))

table 7 : explain SELECT k, c FROM sbtest7 WHERE k BETWEEN 8928641 AND 8928741
	Bitmap Heap Scan on sbtest7  (cost=5.37..365.72 rows=91 width=125)
	  Recheck Cond: ((k >= 8928641) AND (k <= 8928741))
	  ->  Bitmap Index Scan on k_7  (cost=0.00..5.34 rows=91 width=0)
	        Index Cond: ((k >= 8928641) AND (k <= 8928741))

table 8 : explain SELECT k, c FROM sbtest8 WHERE k BETWEEN 8928641 AND 8928741
	Bitmap Heap Scan on sbtest8  (cost=5.55..436.62 rows=109 width=125)
	  Recheck Cond: ((k >= 8928641) AND (k <= 8928741))
	  ->  Bitmap Index Scan on k_8  (cost=0.00..5.52 rows=109 width=0)
	        Index Cond: ((k >= 8928641) AND (k <= 8928741))
explain: for range-notcovered :: explain SELECT k, c FROM sbtest%d WHERE k BETWEEN 4850540 AND 4850640

for range-notcovered
table 1 : explain SELECT k, c FROM sbtest1 WHERE k BETWEEN 4083931 AND 4084031
	Bitmap Heap Scan on sbtest1  (cost=5.53..428.75 rows=107 width=125)
	  Recheck Cond: ((k >= 4083931) AND (k <= 4084031))
	  ->  Bitmap Index Scan on k_1  (cost=0.00..5.50 rows=107 width=0)
	        Index Cond: ((k >= 4083931) AND (k <= 4084031))

table 2 : explain SELECT k, c FROM sbtest2 WHERE k BETWEEN 4083931 AND 4084031
	Bitmap Heap Scan on sbtest2  (cost=5.49..413.00 rows=103 width=125)
	  Recheck Cond: ((k >= 4083931) AND (k <= 4084031))
	  ->  Bitmap Index Scan on k_2  (cost=0.00..5.46 rows=103 width=0)
	        Index Cond: ((k >= 4083931) AND (k <= 4084031))

table 3 : explain SELECT k, c FROM sbtest3 WHERE k BETWEEN 4083931 AND 4084031
	Bitmap Heap Scan on sbtest3  (cost=5.49..413.00 rows=103 width=125)
	  Recheck Cond: ((k >= 4083931) AND (k <= 4084031))
	  ->  Bitmap Index Scan on k_3  (cost=0.00..5.46 rows=103 width=0)
	        Index Cond: ((k >= 4083931) AND (k <= 4084031))

table 4 : explain SELECT k, c FROM sbtest4 WHERE k BETWEEN 4083931 AND 4084031
	Bitmap Heap Scan on sbtest4  (cost=5.49..413.00 rows=103 width=125)
	  Recheck Cond: ((k >= 4083931) AND (k <= 4084031))
	  ->  Bitmap Index Scan on k_4  (cost=0.00..5.46 rows=103 width=0)
	        Index Cond: ((k >= 4083931) AND (k <= 4084031))

table 5 : explain SELECT k, c FROM sbtest5 WHERE k BETWEEN 4083931 AND 4084031
	Bitmap Heap Scan on sbtest5  (cost=5.48..409.07 rows=102 width=125)
	  Recheck Cond: ((k >= 4083931) AND (k <= 4084031))
	  ->  Bitmap Index Scan on k_5  (cost=0.00..5.45 rows=102 width=0)
	        Index Cond: ((k >= 4083931) AND (k <= 4084031))

table 6 : explain SELECT k, c FROM sbtest6 WHERE k BETWEEN 4083931 AND 4084031
	Bitmap Heap Scan on sbtest6  (cost=5.44..393.31 rows=98 width=125)
	  Recheck Cond: ((k >= 4083931) AND (k <= 4084031))
	  ->  Bitmap Index Scan on k_6  (cost=0.00..5.42 rows=98 width=0)
	        Index Cond: ((k >= 4083931) AND (k <= 4084031))

table 7 : explain SELECT k, c FROM sbtest7 WHERE k BETWEEN 4083931 AND 4084031
	Bitmap Heap Scan on sbtest7  (cost=5.50..416.94 rows=104 width=125)
	  Recheck Cond: ((k >= 4083931) AND (k <= 4084031))
	  ->  Bitmap Index Scan on k_7  (cost=0.00..5.47 rows=104 width=0)
	        Index Cond: ((k >= 4083931) AND (k <= 4084031))

table 8 : explain SELECT k, c FROM sbtest8 WHERE k BETWEEN 4083931 AND 4084031
	Bitmap Heap Scan on sbtest8  (cost=5.45..397.25 rows=99 width=125)
	  Recheck Cond: ((k >= 4083931) AND (k <= 4084031))
	  ->  Bitmap Index Scan on k_8  (cost=0.00..5.42 rows=99 width=0)
	        Index Cond: ((k >= 4083931) AND (k <= 4084031))

for range-notcovered
table 1 : explain SELECT k, c FROM sbtest1 WHERE k BETWEEN 4357678 AND 4357778
	Bitmap Heap Scan on sbtest1  (cost=5.51..420.88 rows=105 width=125)
	  Recheck Cond: ((k >= 4357678) AND (k <= 4357778))
	  ->  Bitmap Index Scan on k_1  (cost=0.00..5.48 rows=105 width=0)
	        Index Cond: ((k >= 4357678) AND (k <= 4357778))

table 2 : explain SELECT k, c FROM sbtest2 WHERE k BETWEEN 4357678 AND 4357778
	Bitmap Heap Scan on sbtest2  (cost=5.54..432.69 rows=108 width=125)
	  Recheck Cond: ((k >= 4357678) AND (k <= 4357778))
	  ->  Bitmap Index Scan on k_2  (cost=0.00..5.51 rows=108 width=0)
	        Index Cond: ((k >= 4357678) AND (k <= 4357778))

table 3 : explain SELECT k, c FROM sbtest3 WHERE k BETWEEN 4357678 AND 4357778
	Bitmap Heap Scan on sbtest3  (cost=5.50..416.94 rows=104 width=125)
	  Recheck Cond: ((k >= 4357678) AND (k <= 4357778))
	  ->  Bitmap Index Scan on k_3  (cost=0.00..5.47 rows=104 width=0)
	        Index Cond: ((k >= 4357678) AND (k <= 4357778))

table 4 : explain SELECT k, c FROM sbtest4 WHERE k BETWEEN 4357678 AND 4357778
	Bitmap Heap Scan on sbtest4  (cost=5.43..389.37 rows=97 width=125)
	  Recheck Cond: ((k >= 4357678) AND (k <= 4357778))
	  ->  Bitmap Index Scan on k_4  (cost=0.00..5.40 rows=97 width=0)
	        Index Cond: ((k >= 4357678) AND (k <= 4357778))

table 5 : explain SELECT k, c FROM sbtest5 WHERE k BETWEEN 4357678 AND 4357778
	Bitmap Heap Scan on sbtest5  (cost=5.54..432.69 rows=108 width=125)
	  Recheck Cond: ((k >= 4357678) AND (k <= 4357778))
	  ->  Bitmap Index Scan on k_5  (cost=0.00..5.51 rows=108 width=0)
	        Index Cond: ((k >= 4357678) AND (k <= 4357778))

table 6 : explain SELECT k, c FROM sbtest6 WHERE k BETWEEN 4357678 AND 4357778
	Bitmap Heap Scan on sbtest6  (cost=5.60..456.29 rows=114 width=125)
	  Recheck Cond: ((k >= 4357678) AND (k <= 4357778))
	  ->  Bitmap Index Scan on k_6  (cost=0.00..5.58 rows=114 width=0)
	        Index Cond: ((k >= 4357678) AND (k <= 4357778))

table 7 : explain SELECT k, c FROM sbtest7 WHERE k BETWEEN 4357678 AND 4357778
	Bitmap Heap Scan on sbtest7  (cost=5.49..413.00 rows=103 width=125)
	  Recheck Cond: ((k >= 4357678) AND (k <= 4357778))
	  ->  Bitmap Index Scan on k_7  (cost=0.00..5.46 rows=103 width=0)
	        Index Cond: ((k >= 4357678) AND (k <= 4357778))

table 8 : explain SELECT k, c FROM sbtest8 WHERE k BETWEEN 4357678 AND 4357778
	Bitmap Heap Scan on sbtest8  (cost=5.54..432.69 rows=108 width=125)
	  Recheck Cond: ((k >= 4357678) AND (k <= 4357778))
	  ->  Bitmap Index Scan on k_8  (cost=0.00..5.51 rows=108 width=0)
	        Index Cond: ((k >= 4357678) AND (k <= 4357778))

explain: for range-notcovered :: explain SELECT k, c FROM sbtest%d WHERE k BETWEEN 8928641 AND 8928741
for range-notcovered
table 1 : explain SELECT k, c FROM sbtest1 WHERE k BETWEEN 6673690 AND 6673790
	Bitmap Heap Scan on sbtest1  (cost=5.54..432.69 rows=108 width=125)
	  Recheck Cond: ((k >= 6673690) AND (k <= 6673790))
	  ->  Bitmap Index Scan on k_1  (cost=0.00..5.51 rows=108 width=0)
	        Index Cond: ((k >= 6673690) AND (k <= 6673790))

table 2 : explain SELECT k, c FROM sbtest2 WHERE k BETWEEN 6673690 AND 6673790
	Bitmap Heap Scan on sbtest2  (cost=5.52..424.81 rows=106 width=125)
	  Recheck Cond: ((k >= 6673690) AND (k <= 6673790))
	  ->  Bitmap Index Scan on k_2  (cost=0.00..5.50 rows=106 width=0)
	        Index Cond: ((k >= 6673690) AND (k <= 6673790))

table 3 : explain SELECT k, c FROM sbtest3 WHERE k BETWEEN 6673690 AND 6673790
	Bitmap Heap Scan on sbtest3  (cost=5.41..381.49 rows=95 width=125)
	  Recheck Cond: ((k >= 6673690) AND (k <= 6673790))
	  ->  Bitmap Index Scan on k_3  (cost=0.00..5.38 rows=95 width=0)
	        Index Cond: ((k >= 6673690) AND (k <= 6673790))

table 4 : explain SELECT k, c FROM sbtest4 WHERE k BETWEEN 6673690 AND 6673790
	Bitmap Heap Scan on sbtest4  (cost=5.38..369.67 rows=92 width=125)
	  Recheck Cond: ((k >= 6673690) AND (k <= 6673790))
	  ->  Bitmap Index Scan on k_4  (cost=0.00..5.35 rows=92 width=0)
	        Index Cond: ((k >= 6673690) AND (k <= 6673790))

table 5 : explain SELECT k, c FROM sbtest5 WHERE k BETWEEN 6673690 AND 6673790
	Bitmap Heap Scan on sbtest5  (cost=5.60..456.29 rows=114 width=125)
	  Recheck Cond: ((k >= 6673690) AND (k <= 6673790))
	  ->  Bitmap Index Scan on k_5  (cost=0.00..5.58 rows=114 width=0)
	        Index Cond: ((k >= 6673690) AND (k <= 6673790))

table 6 : explain SELECT k, c FROM sbtest6 WHERE k BETWEEN 6673690 AND 6673790
	Bitmap Heap Scan on sbtest6  (cost=5.50..416.94 rows=104 width=125)
	  Recheck Cond: ((k >= 6673690) AND (k <= 6673790))
	  ->  Bitmap Index Scan on k_6  (cost=0.00..5.47 rows=104 width=0)
	        Index Cond: ((k >= 6673690) AND (k <= 6673790))

table 7 : explain SELECT k, c FROM sbtest7 WHERE k BETWEEN 6673690 AND 6673790
	Bitmap Heap Scan on sbtest7  (cost=5.60..456.29 rows=114 width=125)
	  Recheck Cond: ((k >= 6673690) AND (k <= 6673790))
	  ->  Bitmap Index Scan on k_7  (cost=0.00..5.58 rows=114 width=0)
	        Index Cond: ((k >= 6673690) AND (k <= 6673790))

table 8 : explain SELECT k, c FROM sbtest8 WHERE k BETWEEN 6673690 AND 6673790
	Bitmap Heap Scan on sbtest8  (cost=5.50..416.94 rows=104 width=125)
	  Recheck Cond: ((k >= 6673690) AND (k <= 6673790))
	  ->  Bitmap Index Scan on k_8  (cost=0.00..5.47 rows=104 width=0)
	        Index Cond: ((k >= 6673690) AND (k <= 6673790))

explain: for range-notcovered :: explain SELECT k, c FROM sbtest%d WHERE k BETWEEN 4083931 AND 4084031
explain: for range-notcovered :: explain SELECT k, c FROM sbtest%d WHERE k BETWEEN 4357678 AND 4357778
explain: for range-notcovered :: explain SELECT k, c FROM sbtest%d WHERE k BETWEEN 6673690 AND 6673790
for range-notcovered
table 1 : explain SELECT k, c FROM sbtest1 WHERE k BETWEEN 5282534 AND 5282634
	Bitmap Heap Scan on sbtest1  (cost=5.35..357.84 rows=89 width=125)
	  Recheck Cond: ((k >= 5282534) AND (k <= 5282634))
	  ->  Bitmap Index Scan on k_1  (cost=0.00..5.32 rows=89 width=0)
	        Index Cond: ((k >= 5282534) AND (k <= 5282634))

table 2 : explain SELECT k, c FROM sbtest2 WHERE k BETWEEN 5282534 AND 5282634
	Bitmap Heap Scan on sbtest2  (cost=5.45..397.25 rows=99 width=125)
	  Recheck Cond: ((k >= 5282534) AND (k <= 5282634))
	  ->  Bitmap Index Scan on k_2  (cost=0.00..5.42 rows=99 width=0)
	        Index Cond: ((k >= 5282534) AND (k <= 5282634))

table 3 : explain SELECT k, c FROM sbtest3 WHERE k BETWEEN 5282534 AND 5282634
	Bitmap Heap Scan on sbtest3  (cost=5.40..377.55 rows=94 width=125)
	  Recheck Cond: ((k >= 5282534) AND (k <= 5282634))
	  ->  Bitmap Index Scan on k_3  (cost=0.00..5.38 rows=94 width=0)
	        Index Cond: ((k >= 5282534) AND (k <= 5282634))

table 4 : explain SELECT k, c FROM sbtest4 WHERE k BETWEEN 5282534 AND 5282634
	Bitmap Heap Scan on sbtest4  (cost=5.47..405.13 rows=101 width=125)
	  Recheck Cond: ((k >= 5282534) AND (k <= 5282634))
	  ->  Bitmap Index Scan on k_4  (cost=0.00..5.44 rows=101 width=0)
	        Index Cond: ((k >= 5282534) AND (k <= 5282634))

table 5 : explain SELECT k, c FROM sbtest5 WHERE k BETWEEN 5282534 AND 5282634
	Bitmap Heap Scan on sbtest5  (cost=5.39..373.61 rows=93 width=125)
	  Recheck Cond: ((k >= 5282534) AND (k <= 5282634))
	  ->  Bitmap Index Scan on k_5  (cost=0.00..5.36 rows=93 width=0)
	        Index Cond: ((k >= 5282534) AND (k <= 5282634))

table 6 : explain SELECT k, c FROM sbtest6 WHERE k BETWEEN 5282534 AND 5282634
	Bitmap Heap Scan on sbtest6  (cost=5.48..409.07 rows=102 width=125)
	  Recheck Cond: ((k >= 5282534) AND (k <= 5282634))
	  ->  Bitmap Index Scan on k_6  (cost=0.00..5.45 rows=102 width=0)
	        Index Cond: ((k >= 5282534) AND (k <= 5282634))

table 7 : explain SELECT k, c FROM sbtest7 WHERE k BETWEEN 5282534 AND 5282634
	Bitmap Heap Scan on sbtest7  (cost=5.46..401.19 rows=100 width=125)
	  Recheck Cond: ((k >= 5282534) AND (k <= 5282634))
	  ->  Bitmap Index Scan on k_7  (cost=0.00..5.43 rows=100 width=0)
	        Index Cond: ((k >= 5282534) AND (k <= 5282634))

table 8 : explain SELECT k, c FROM sbtest8 WHERE k BETWEEN 5282534 AND 5282634
	Bitmap Heap Scan on sbtest8  (cost=5.60..456.29 rows=114 width=125)
	  Recheck Cond: ((k >= 5282534) AND (k <= 5282634))
	  ->  Bitmap Index Scan on k_8  (cost=0.00..5.58 rows=114 width=0)
	        Index Cond: ((k >= 5282534) AND (k <= 5282634))

for range-notcovered
table 1 : explain SELECT k, c FROM sbtest1 WHERE k BETWEEN 2317305 AND 2317405
	Bitmap Heap Scan on sbtest1  (cost=5.46..401.19 rows=100 width=125)
	  Recheck Cond: ((k >= 2317305) AND (k <= 2317405))
	  ->  Bitmap Index Scan on k_1  (cost=0.00..5.43 rows=100 width=0)
	        Index Cond: ((k >= 2317305) AND (k <= 2317405))

table 2 : explain SELECT k, c FROM sbtest2 WHERE k BETWEEN 2317305 AND 2317405
	Bitmap Heap Scan on sbtest2  (cost=5.43..389.37 rows=97 width=125)
	  Recheck Cond: ((k >= 2317305) AND (k <= 2317405))
	  ->  Bitmap Index Scan on k_2  (cost=0.00..5.40 rows=97 width=0)
	        Index Cond: ((k >= 2317305) AND (k <= 2317405))

table 3 : explain SELECT k, c FROM sbtest3 WHERE k BETWEEN 2317305 AND 2317405
	Bitmap Heap Scan on sbtest3  (cost=5.50..416.94 rows=104 width=125)
	  Recheck Cond: ((k >= 2317305) AND (k <= 2317405))
	  ->  Bitmap Index Scan on k_3  (cost=0.00..5.47 rows=104 width=0)
	        Index Cond: ((k >= 2317305) AND (k <= 2317405))

table 4 : explain SELECT k, c FROM sbtest4 WHERE k BETWEEN 2317305 AND 2317405
	Bitmap Heap Scan on sbtest4  (cost=5.52..424.81 rows=106 width=125)
	  Recheck Cond: ((k >= 2317305) AND (k <= 2317405))
	  ->  Bitmap Index Scan on k_4  (cost=0.00..5.50 rows=106 width=0)
	        Index Cond: ((k >= 2317305) AND (k <= 2317405))

table 5 : explain SELECT k, c FROM sbtest5 WHERE k BETWEEN 2317305 AND 2317405
	Bitmap Heap Scan on sbtest5  (cost=5.45..397.25 rows=99 width=125)
	  Recheck Cond: ((k >= 2317305) AND (k <= 2317405))
	  ->  Bitmap Index Scan on k_5  (cost=0.00..5.42 rows=99 width=0)
	        Index Cond: ((k >= 2317305) AND (k <= 2317405))

table 6 : explain SELECT k, c FROM sbtest6 WHERE k BETWEEN 2317305 AND 2317405
	Bitmap Heap Scan on sbtest6  (cost=5.43..389.37 rows=97 width=125)
	  Recheck Cond: ((k >= 2317305) AND (k <= 2317405))
	  ->  Bitmap Index Scan on k_6  (cost=0.00..5.40 rows=97 width=0)
	        Index Cond: ((k >= 2317305) AND (k <= 2317405))

table 7 : explain SELECT k, c FROM sbtest7 WHERE k BETWEEN 2317305 AND 2317405
	Bitmap Heap Scan on sbtest7  (cost=5.60..456.29 rows=114 width=125)
	  Recheck Cond: ((k >= 2317305) AND (k <= 2317405))
	  ->  Bitmap Index Scan on k_7  (cost=0.00..5.58 rows=114 width=0)
	        Index Cond: ((k >= 2317305) AND (k <= 2317405))

table 8 : explain SELECT k, c FROM sbtest8 WHERE k BETWEEN 2317305 AND 2317405
	Bitmap Heap Scan on sbtest8  (cost=5.45..397.25 rows=99 width=125)
	  Recheck Cond: ((k >= 2317305) AND (k <= 2317405))
	  ->  Bitmap Index Scan on k_8  (cost=0.00..5.42 rows=99 width=0)
	        Index Cond: ((k >= 2317305) AND (k <= 2317405))

explain: for range-notcovered :: explain SELECT k, c FROM sbtest%d WHERE k BETWEEN 5282534 AND 5282634
explain: for range-notcovered :: explain SELECT k, c FROM sbtest%d WHERE k BETWEEN 2317305 AND 2317405
for range-notcovered
table 1 : explain SELECT k, c FROM sbtest1 WHERE k BETWEEN 2947898 AND 2947998
	Bitmap Heap Scan on sbtest1  (cost=5.51..420.88 rows=105 width=125)
	  Recheck Cond: ((k >= 2947898) AND (k <= 2947998))
	  ->  Bitmap Index Scan on k_1  (cost=0.00..5.48 rows=105 width=0)
	        Index Cond: ((k >= 2947898) AND (k <= 2947998))

table 2 : explain SELECT k, c FROM sbtest2 WHERE k BETWEEN 2947898 AND 2947998
	Bitmap Heap Scan on sbtest2  (cost=5.41..381.49 rows=95 width=125)
	  Recheck Cond: ((k >= 2947898) AND (k <= 2947998))
	  ->  Bitmap Index Scan on k_2  (cost=0.00..5.38 rows=95 width=0)
	        Index Cond: ((k >= 2947898) AND (k <= 2947998))

table 3 : explain SELECT k, c FROM sbtest3 WHERE k BETWEEN 2947898 AND 2947998
	Bitmap Heap Scan on sbtest3  (cost=5.47..405.13 rows=101 width=125)
	  Recheck Cond: ((k >= 2947898) AND (k <= 2947998))
	  ->  Bitmap Index Scan on k_3  (cost=0.00..5.44 rows=101 width=0)
	        Index Cond: ((k >= 2947898) AND (k <= 2947998))

table 4 : explain SELECT k, c FROM sbtest4 WHERE k BETWEEN 2947898 AND 2947998
	Bitmap Heap Scan on sbtest4  (cost=5.41..381.49 rows=95 width=125)
	  Recheck Cond: ((k >= 2947898) AND (k <= 2947998))
	  ->  Bitmap Index Scan on k_4  (cost=0.00..5.38 rows=95 width=0)
	        Index Cond: ((k >= 2947898) AND (k <= 2947998))

table 5 : explain SELECT k, c FROM sbtest5 WHERE k BETWEEN 2947898 AND 2947998
	Bitmap Heap Scan on sbtest5  (cost=5.44..393.31 rows=98 width=125)
	  Recheck Cond: ((k >= 2947898) AND (k <= 2947998))
	  ->  Bitmap Index Scan on k_5  (cost=0.00..5.42 rows=98 width=0)
	        Index Cond: ((k >= 2947898) AND (k <= 2947998))

table 6 : explain SELECT k, c FROM sbtest6 WHERE k BETWEEN 2947898 AND 2947998
	Bitmap Heap Scan on sbtest6  (cost=5.49..413.00 rows=103 width=125)
	  Recheck Cond: ((k >= 2947898) AND (k <= 2947998))
	  ->  Bitmap Index Scan on k_6  (cost=0.00..5.46 rows=103 width=0)
	        Index Cond: ((k >= 2947898) AND (k <= 2947998))

table 7 : explain SELECT k, c FROM sbtest7 WHERE k BETWEEN 2947898 AND 2947998
	Bitmap Heap Scan on sbtest7  (cost=5.46..401.19 rows=100 width=125)
	  Recheck Cond: ((k >= 2947898) AND (k <= 2947998))
	  ->  Bitmap Index Scan on k_7  (cost=0.00..5.43 rows=100 width=0)
	        Index Cond: ((k >= 2947898) AND (k <= 2947998))

table 8 : explain SELECT k, c FROM sbtest8 WHERE k BETWEEN 2947898 AND 2947998
	Bitmap Heap Scan on sbtest8  (cost=5.55..436.62 rows=109 width=125)
	  Recheck Cond: ((k >= 2947898) AND (k <= 2947998))
	  ->  Bitmap Index Scan on k_8  (cost=0.00..5.52 rows=109 width=0)
	        Index Cond: ((k >= 2947898) AND (k <= 2947998))

for range-notcovered
table 1 : explain SELECT k, c FROM sbtest1 WHERE k BETWEEN 1964833 AND 1964933
	Bitmap Heap Scan on sbtest1  (cost=5.48..409.07 rows=102 width=125)
	  Recheck Cond: ((k >= 1964833) AND (k <= 1964933))
	  ->  Bitmap Index Scan on k_1  (cost=0.00..5.45 rows=102 width=0)
	        Index Cond: ((k >= 1964833) AND (k <= 1964933))

table 2 : explain SELECT k, c FROM sbtest2 WHERE k BETWEEN 1964833 AND 1964933
	Bitmap Heap Scan on sbtest2  (cost=5.41..381.49 rows=95 width=125)
	  Recheck Cond: ((k >= 1964833) AND (k <= 1964933))
	  ->  Bitmap Index Scan on k_2  (cost=0.00..5.38 rows=95 width=0)
	        Index Cond: ((k >= 1964833) AND (k <= 1964933))

table 3 : explain SELECT k, c FROM sbtest3 WHERE k BETWEEN 1964833 AND 1964933
	Bitmap Heap Scan on sbtest3  (cost=5.43..389.37 rows=97 width=125)
	  Recheck Cond: ((k >= 1964833) AND (k <= 1964933))
	  ->  Bitmap Index Scan on k_3  (cost=0.00..5.40 rows=97 width=0)
	        Index Cond: ((k >= 1964833) AND (k <= 1964933))

table 4 : explain SELECT k, c FROM sbtest4 WHERE k BETWEEN 1964833 AND 1964933
	Bitmap Heap Scan on sbtest4  (cost=5.40..377.55 rows=94 width=125)
	  Recheck Cond: ((k >= 1964833) AND (k <= 1964933))
	  ->  Bitmap Index Scan on k_4  (cost=0.00..5.38 rows=94 width=0)
	        Index Cond: ((k >= 1964833) AND (k <= 1964933))

table 5 : explain SELECT k, c FROM sbtest5 WHERE k BETWEEN 1964833 AND 1964933
	Bitmap Heap Scan on sbtest5  (cost=5.57..444.49 rows=111 width=125)
	  Recheck Cond: ((k >= 1964833) AND (k <= 1964933))
	  ->  Bitmap Index Scan on k_5  (cost=0.00..5.54 rows=111 width=0)
	        Index Cond: ((k >= 1964833) AND (k <= 1964933))

table 6 : explain SELECT k, c FROM sbtest6 WHERE k BETWEEN 1964833 AND 1964933
	Bitmap Heap Scan on sbtest6  (cost=5.36..361.78 rows=90 width=125)
	  Recheck Cond: ((k >= 1964833) AND (k <= 1964933))
	  ->  Bitmap Index Scan on k_6  (cost=0.00..5.33 rows=90 width=0)
	        Index Cond: ((k >= 1964833) AND (k <= 1964933))

table 7 : explain SELECT k, c FROM sbtest7 WHERE k BETWEEN 1964833 AND 1964933
	Bitmap Heap Scan on sbtest7  (cost=5.46..401.19 rows=100 width=125)
	  Recheck Cond: ((k >= 1964833) AND (k <= 1964933))
	  ->  Bitmap Index Scan on k_7  (cost=0.00..5.43 rows=100 width=0)
	        Index Cond: ((k >= 1964833) AND (k <= 1964933))

table 8 : explain SELECT k, c FROM sbtest8 WHERE k BETWEEN 1964833 AND 1964933
	Bitmap Heap Scan on sbtest8  (cost=5.50..416.94 rows=104 width=125)
	  Recheck Cond: ((k >= 1964833) AND (k <= 1964933))
	  ->  Bitmap Index Scan on k_8  (cost=0.00..5.47 rows=104 width=0)
	        Index Cond: ((k >= 1964833) AND (k <= 1964933))

explain: for range-notcovered :: explain SELECT k, c FROM sbtest%d WHERE k BETWEEN 2947898 AND 2947998
explain: for range-notcovered :: explain SELECT k, c FROM sbtest%d WHERE k BETWEEN 1964833 AND 1964933
for range-notcovered
table 1 : explain SELECT k, c FROM sbtest1 WHERE k BETWEEN 2851034 AND 2851134
	Bitmap Heap Scan on sbtest1  (cost=5.45..397.25 rows=99 width=125)
	  Recheck Cond: ((k >= 2851034) AND (k <= 2851134))
	  ->  Bitmap Index Scan on k_1  (cost=0.00..5.42 rows=99 width=0)
	        Index Cond: ((k >= 2851034) AND (k <= 2851134))

table 2 : explain SELECT k, c FROM sbtest2 WHERE k BETWEEN 2851034 AND 2851134
	Bitmap Heap Scan on sbtest2  (cost=5.55..436.62 rows=109 width=125)
	  Recheck Cond: ((k >= 2851034) AND (k <= 2851134))
	  ->  Bitmap Index Scan on k_2  (cost=0.00..5.52 rows=109 width=0)
	        Index Cond: ((k >= 2851034) AND (k <= 2851134))

table 3 : explain SELECT k, c FROM sbtest3 WHERE k BETWEEN 2851034 AND 2851134
	Bitmap Heap Scan on sbtest3  (cost=5.48..409.07 rows=102 width=125)
	  Recheck Cond: ((k >= 2851034) AND (k <= 2851134))
	  ->  Bitmap Index Scan on k_3  (cost=0.00..5.45 rows=102 width=0)
	        Index Cond: ((k >= 2851034) AND (k <= 2851134))

table 4 : explain SELECT k, c FROM sbtest4 WHERE k BETWEEN 2851034 AND 2851134
	Bitmap Heap Scan on sbtest4  (cost=5.56..440.56 rows=110 width=125)
	  Recheck Cond: ((k >= 2851034) AND (k <= 2851134))
	  ->  Bitmap Index Scan on k_4  (cost=0.00..5.53 rows=110 width=0)
	        Index Cond: ((k >= 2851034) AND (k <= 2851134))

table 5 : explain SELECT k, c FROM sbtest5 WHERE k BETWEEN 2851034 AND 2851134
	Bitmap Heap Scan on sbtest5  (cost=5.44..393.31 rows=98 width=125)
	  Recheck Cond: ((k >= 2851034) AND (k <= 2851134))
	  ->  Bitmap Index Scan on k_5  (cost=0.00..5.42 rows=98 width=0)
	        Index Cond: ((k >= 2851034) AND (k <= 2851134))

table 6 : explain SELECT k, c FROM sbtest6 WHERE k BETWEEN 2851034 AND 2851134
	Bitmap Heap Scan on sbtest6  (cost=5.46..401.19 rows=100 width=125)
	  Recheck Cond: ((k >= 2851034) AND (k <= 2851134))
	  ->  Bitmap Index Scan on k_6  (cost=0.00..5.43 rows=100 width=0)
	        Index Cond: ((k >= 2851034) AND (k <= 2851134))

table 7 : explain SELECT k, c FROM sbtest7 WHERE k BETWEEN 2851034 AND 2851134
	Bitmap Heap Scan on sbtest7  (cost=5.55..436.62 rows=109 width=125)
	  Recheck Cond: ((k >= 2851034) AND (k <= 2851134))
	  ->  Bitmap Index Scan on k_7  (cost=0.00..5.52 rows=109 width=0)
	        Index Cond: ((k >= 2851034) AND (k <= 2851134))

table 8 : explain SELECT k, c FROM sbtest8 WHERE k BETWEEN 2851034 AND 2851134
	Bitmap Heap Scan on sbtest8  (cost=5.48..409.07 rows=102 width=125)
	  Recheck Cond: ((k >= 2851034) AND (k <= 2851134))
	  ->  Bitmap Index Scan on k_8  (cost=0.00..5.45 rows=102 width=0)
	        Index Cond: ((k >= 2851034) AND (k <= 2851134))

for range-notcovered
table 1 : explain SELECT k, c FROM sbtest1 WHERE k BETWEEN 8928641 AND 8928741
	Bitmap Heap Scan on sbtest1  (cost=5.42..385.43 rows=96 width=125)
	  Recheck Cond: ((k >= 8928641) AND (k <= 8928741))
	  ->  Bitmap Index Scan on k_1  (cost=0.00..5.39 rows=96 width=0)
	        Index Cond: ((k >= 8928641) AND (k <= 8928741))

table 2 : explain SELECT k, c FROM sbtest2 WHERE k BETWEEN 8928641 AND 8928741
	Bitmap Heap Scan on sbtest2  (cost=5.45..397.25 rows=99 width=125)
	  Recheck Cond: ((k >= 8928641) AND (k <= 8928741))
	  ->  Bitmap Index Scan on k_2  (cost=0.00..5.42 rows=99 width=0)
	        Index Cond: ((k >= 8928641) AND (k <= 8928741))

table 3 : explain SELECT k, c FROM sbtest3 WHERE k BETWEEN 8928641 AND 8928741
	Bitmap Heap Scan on sbtest3  (cost=5.45..397.25 rows=99 width=125)
	  Recheck Cond: ((k >= 8928641) AND (k <= 8928741))
	  ->  Bitmap Index Scan on k_3  (cost=0.00..5.42 rows=99 width=0)
	        Index Cond: ((k >= 8928641) AND (k <= 8928741))

table 4 : explain SELECT k, c FROM sbtest4 WHERE k BETWEEN 8928641 AND 8928741
	Bitmap Heap Scan on sbtest4  (cost=5.60..456.29 rows=114 width=125)
	  Recheck Cond: ((k >= 8928641) AND (k <= 8928741))
	  ->  Bitmap Index Scan on k_4  (cost=0.00..5.58 rows=114 width=0)
	        Index Cond: ((k >= 8928641) AND (k <= 8928741))

table 5 : explain SELECT k, c FROM sbtest5 WHERE k BETWEEN 8928641 AND 8928741
	Bitmap Heap Scan on sbtest5  (cost=5.50..416.94 rows=104 width=125)
	  Recheck Cond: ((k >= 8928641) AND (k <= 8928741))
	  ->  Bitmap Index Scan on k_5  (cost=0.00..5.47 rows=104 width=0)
	        Index Cond: ((k >= 8928641) AND (k <= 8928741))

table 6 : explain SELECT k, c FROM sbtest6 WHERE k BETWEEN 8928641 AND 8928741
	Bitmap Heap Scan on sbtest6  (cost=5.45..397.25 rows=99 width=125)
	  Recheck Cond: ((k >= 8928641) AND (k <= 8928741))
	  ->  Bitmap Index Scan on k_6  (cost=0.00..5.42 rows=99 width=0)
	        Index Cond: ((k >= 8928641) AND (k <= 8928741))

table 7 : explain SELECT k, c FROM sbtest7 WHERE k BETWEEN 8928641 AND 8928741
	Bitmap Heap Scan on sbtest7  (cost=5.37..365.72 rows=91 width=125)
	  Recheck Cond: ((k >= 8928641) AND (k <= 8928741))
	  ->  Bitmap Index Scan on k_7  (cost=0.00..5.34 rows=91 width=0)
	        Index Cond: ((k >= 8928641) AND (k <= 8928741))

table 8 : explain SELECT k, c FROM sbtest8 WHERE k BETWEEN 8928641 AND 8928741
	Bitmap Heap Scan on sbtest8  (cost=5.55..436.62 rows=109 width=125)
	  Recheck Cond: ((k >= 8928641) AND (k <= 8928741))
	  ->  Bitmap Index Scan on k_8  (cost=0.00..5.52 rows=109 width=0)
	        Index Cond: ((k >= 8928641) AND (k <= 8928741))

explain: for range-notcovered :: explain SELECT k, c FROM sbtest%d WHERE k BETWEEN 2851034 AND 2851134
for range-notcovered
table 1 : explain SELECT k, c FROM sbtest1 WHERE k BETWEEN 6673690 AND 6673790
	Bitmap Heap Scan on sbtest1  (cost=5.54..432.69 rows=108 width=125)
	  Recheck Cond: ((k >= 6673690) AND (k <= 6673790))
	  ->  Bitmap Index Scan on k_1  (cost=0.00..5.51 rows=108 width=0)
	        Index Cond: ((k >= 6673690) AND (k <= 6673790))

table 2 : explain SELECT k, c FROM sbtest2 WHERE k BETWEEN 6673690 AND 6673790
	Bitmap Heap Scan on sbtest2  (cost=5.52..424.81 rows=106 width=125)
	  Recheck Cond: ((k >= 6673690) AND (k <= 6673790))
	  ->  Bitmap Index Scan on k_2  (cost=0.00..5.50 rows=106 width=0)
	        Index Cond: ((k >= 6673690) AND (k <= 6673790))

table 3 : explain SELECT k, c FROM sbtest3 WHERE k BETWEEN 6673690 AND 6673790
	Bitmap Heap Scan on sbtest3  (cost=5.41..381.49 rows=95 width=125)
	  Recheck Cond: ((k >= 6673690) AND (k <= 6673790))
	  ->  Bitmap Index Scan on k_3  (cost=0.00..5.38 rows=95 width=0)
	        Index Cond: ((k >= 6673690) AND (k <= 6673790))

table 4 : explain SELECT k, c FROM sbtest4 WHERE k BETWEEN 6673690 AND 6673790
	Bitmap Heap Scan on sbtest4  (cost=5.38..369.67 rows=92 width=125)
	  Recheck Cond: ((k >= 6673690) AND (k <= 6673790))
	  ->  Bitmap Index Scan on k_4  (cost=0.00..5.35 rows=92 width=0)
	        Index Cond: ((k >= 6673690) AND (k <= 6673790))

table 5 : explain SELECT k, c FROM sbtest5 WHERE k BETWEEN 6673690 AND 6673790
	Bitmap Heap Scan on sbtest5  (cost=5.60..456.29 rows=114 width=125)
	  Recheck Cond: ((k >= 6673690) AND (k <= 6673790))
	  ->  Bitmap Index Scan on k_5  (cost=0.00..5.58 rows=114 width=0)
	        Index Cond: ((k >= 6673690) AND (k <= 6673790))

table 6 : explain SELECT k, c FROM sbtest6 WHERE k BETWEEN 6673690 AND 6673790
	Bitmap Heap Scan on sbtest6  (cost=5.50..416.94 rows=104 width=125)
	  Recheck Cond: ((k >= 6673690) AND (k <= 6673790))
	  ->  Bitmap Index Scan on k_6  (cost=0.00..5.47 rows=104 width=0)
	        Index Cond: ((k >= 6673690) AND (k <= 6673790))

table 7 : explain SELECT k, c FROM sbtest7 WHERE k BETWEEN 6673690 AND 6673790
	Bitmap Heap Scan on sbtest7  (cost=5.60..456.29 rows=114 width=125)
	  Recheck Cond: ((k >= 6673690) AND (k <= 6673790))
	  ->  Bitmap Index Scan on k_7  (cost=0.00..5.58 rows=114 width=0)
	        Index Cond: ((k >= 6673690) AND (k <= 6673790))

table 8 : explain SELECT k, c FROM sbtest8 WHERE k BETWEEN 6673690 AND 6673790
	Bitmap Heap Scan on sbtest8  (cost=5.50..416.94 rows=104 width=125)
	  Recheck Cond: ((k >= 6673690) AND (k <= 6673790))
	  ->  Bitmap Index Scan on k_8  (cost=0.00..5.47 rows=104 width=0)
	        Index Cond: ((k >= 6673690) AND (k <= 6673790))

for range-notcovered
table 1 : explain SELECT k, c FROM sbtest1 WHERE k BETWEEN 4083931 AND 4084031
	Bitmap Heap Scan on sbtest1  (cost=5.53..428.75 rows=107 width=125)
	  Recheck Cond: ((k >= 4083931) AND (k <= 4084031))
	  ->  Bitmap Index Scan on k_1  (cost=0.00..5.50 rows=107 width=0)
	        Index Cond: ((k >= 4083931) AND (k <= 4084031))

table 2 : explain SELECT k, c FROM sbtest2 WHERE k BETWEEN 4083931 AND 4084031
	Bitmap Heap Scan on sbtest2  (cost=5.49..413.00 rows=103 width=125)
	  Recheck Cond: ((k >= 4083931) AND (k <= 4084031))
	  ->  Bitmap Index Scan on k_2  (cost=0.00..5.46 rows=103 width=0)
	        Index Cond: ((k >= 4083931) AND (k <= 4084031))

table 3 : explain SELECT k, c FROM sbtest3 WHERE k BETWEEN 4083931 AND 4084031
	Bitmap Heap Scan on sbtest3  (cost=5.49..413.00 rows=103 width=125)
	  Recheck Cond: ((k >= 4083931) AND (k <= 4084031))
	  ->  Bitmap Index Scan on k_3  (cost=0.00..5.46 rows=103 width=0)
	        Index Cond: ((k >= 4083931) AND (k <= 4084031))

table 4 : explain SELECT k, c FROM sbtest4 WHERE k BETWEEN 4083931 AND 4084031
	Bitmap Heap Scan on sbtest4  (cost=5.49..413.00 rows=103 width=125)
	  Recheck Cond: ((k >= 4083931) AND (k <= 4084031))
	  ->  Bitmap Index Scan on k_4  (cost=0.00..5.46 rows=103 width=0)
	        Index Cond: ((k >= 4083931) AND (k <= 4084031))

table 5 : explain SELECT k, c FROM sbtest5 WHERE k BETWEEN 4083931 AND 4084031
	Bitmap Heap Scan on sbtest5  (cost=5.48..409.07 rows=102 width=125)
	  Recheck Cond: ((k >= 4083931) AND (k <= 4084031))
	  ->  Bitmap Index Scan on k_5  (cost=0.00..5.45 rows=102 width=0)
	        Index Cond: ((k >= 4083931) AND (k <= 4084031))

table 6 : explain SELECT k, c FROM sbtest6 WHERE k BETWEEN 4083931 AND 4084031
	Bitmap Heap Scan on sbtest6  (cost=5.44..393.31 rows=98 width=125)
	  Recheck Cond: ((k >= 4083931) AND (k <= 4084031))
	  ->  Bitmap Index Scan on k_6  (cost=0.00..5.42 rows=98 width=0)
	        Index Cond: ((k >= 4083931) AND (k <= 4084031))

table 7 : explain SELECT k, c FROM sbtest7 WHERE k BETWEEN 4083931 AND 4084031
	Bitmap Heap Scan on sbtest7  (cost=5.50..416.94 rows=104 width=125)
	  Recheck Cond: ((k >= 4083931) AND (k <= 4084031))
	  ->  Bitmap Index Scan on k_7  (cost=0.00..5.47 rows=104 width=0)
	        Index Cond: ((k >= 4083931) AND (k <= 4084031))

table 8 : explain SELECT k, c FROM sbtest8 WHERE k BETWEEN 4083931 AND 4084031
	Bitmap Heap Scan on sbtest8  (cost=5.45..397.25 rows=99 width=125)
	  Recheck Cond: ((k >= 4083931) AND (k <= 4084031))
	  ->  Bitmap Index Scan on k_8  (cost=0.00..5.42 rows=99 width=0)
	        Index Cond: ((k >= 4083931) AND (k <= 4084031))

for range-notcovered
table 1 : explain SELECT k, c FROM sbtest1 WHERE k BETWEEN 4357678 AND 4357778
	Bitmap Heap Scan on sbtest1  (cost=5.51..420.88 rows=105 width=125)
	  Recheck Cond: ((k >= 4357678) AND (k <= 4357778))
	  ->  Bitmap Index Scan on k_1  (cost=0.00..5.48 rows=105 width=0)
	        Index Cond: ((k >= 4357678) AND (k <= 4357778))

table 2 : explain SELECT k, c FROM sbtest2 WHERE k BETWEEN 4357678 AND 4357778
	Bitmap Heap Scan on sbtest2  (cost=5.54..432.69 rows=108 width=125)
	  Recheck Cond: ((k >= 4357678) AND (k <= 4357778))
	  ->  Bitmap Index Scan on k_2  (cost=0.00..5.51 rows=108 width=0)
	        Index Cond: ((k >= 4357678) AND (k <= 4357778))

table 3 : explain SELECT k, c FROM sbtest3 WHERE k BETWEEN 4357678 AND 4357778
	Bitmap Heap Scan on sbtest3  (cost=5.50..416.94 rows=104 width=125)
	  Recheck Cond: ((k >= 4357678) AND (k <= 4357778))
	  ->  Bitmap Index Scan on k_3  (cost=0.00..5.47 rows=104 width=0)
	        Index Cond: ((k >= 4357678) AND (k <= 4357778))

table 4 : explain SELECT k, c FROM sbtest4 WHERE k BETWEEN 4357678 AND 4357778
	Bitmap Heap Scan on sbtest4  (cost=5.43..389.37 rows=97 width=125)
	  Recheck Cond: ((k >= 4357678) AND (k <= 4357778))
	  ->  Bitmap Index Scan on k_4  (cost=0.00..5.40 rows=97 width=0)
	        Index Cond: ((k >= 4357678) AND (k <= 4357778))

table 5 : explain SELECT k, c FROM sbtest5 WHERE k BETWEEN 4357678 AND 4357778
	Bitmap Heap Scan on sbtest5  (cost=5.54..432.69 rows=108 width=125)
	  Recheck Cond: ((k >= 4357678) AND (k <= 4357778))
	  ->  Bitmap Index Scan on k_5  (cost=0.00..5.51 rows=108 width=0)
	        Index Cond: ((k >= 4357678) AND (k <= 4357778))

table 6 : explain SELECT k, c FROM sbtest6 WHERE k BETWEEN 4357678 AND 4357778
	Bitmap Heap Scan on sbtest6  (cost=5.60..456.29 rows=114 width=125)
	  Recheck Cond: ((k >= 4357678) AND (k <= 4357778))
	  ->  Bitmap Index Scan on k_6  (cost=0.00..5.58 rows=114 width=0)
	        Index Cond: ((k >= 4357678) AND (k <= 4357778))

table 7 : explain SELECT k, c FROM sbtest7 WHERE k BETWEEN 4357678 AND 4357778
	Bitmap Heap Scan on sbtest7  (cost=5.49..413.00 rows=103 width=125)
	  Recheck Cond: ((k >= 4357678) AND (k <= 4357778))
	  ->  Bitmap Index Scan on k_7  (cost=0.00..5.46 rows=103 width=0)
	        Index Cond: ((k >= 4357678) AND (k <= 4357778))

table 8 : explain SELECT k, c FROM sbtest8 WHERE k BETWEEN 4357678 AND 4357778
	Bitmap Heap Scan on sbtest8  (cost=5.54..432.69 rows=108 width=125)
	  Recheck Cond: ((k >= 4357678) AND (k <= 4357778))
	  ->  Bitmap Index Scan on k_8  (cost=0.00..5.51 rows=108 width=0)
	        Index Cond: ((k >= 4357678) AND (k <= 4357778))

explain: for range-notcovered :: explain SELECT k, c FROM sbtest%d WHERE k BETWEEN 4083931 AND 4084031
explain: for range-notcovered :: explain SELECT k, c FROM sbtest%d WHERE k BETWEEN 4357678 AND 4357778
for range-notcovered
table 1 : explain SELECT k, c FROM sbtest1 WHERE k BETWEEN 5282534 AND 5282634
	Bitmap Heap Scan on sbtest1  (cost=5.35..357.84 rows=89 width=125)
	  Recheck Cond: ((k >= 5282534) AND (k <= 5282634))
	  ->  Bitmap Index Scan on k_1  (cost=0.00..5.32 rows=89 width=0)
	        Index Cond: ((k >= 5282534) AND (k <= 5282634))

table 2 : explain SELECT k, c FROM sbtest2 WHERE k BETWEEN 5282534 AND 5282634
	Bitmap Heap Scan on sbtest2  (cost=5.45..397.25 rows=99 width=125)
	  Recheck Cond: ((k >= 5282534) AND (k <= 5282634))
	  ->  Bitmap Index Scan on k_2  (cost=0.00..5.42 rows=99 width=0)
	        Index Cond: ((k >= 5282534) AND (k <= 5282634))

table 3 : explain SELECT k, c FROM sbtest3 WHERE k BETWEEN 5282534 AND 5282634
	Bitmap Heap Scan on sbtest3  (cost=5.40..377.55 rows=94 width=125)
	  Recheck Cond: ((k >= 5282534) AND (k <= 5282634))
	  ->  Bitmap Index Scan on k_3  (cost=0.00..5.38 rows=94 width=0)
	        Index Cond: ((k >= 5282534) AND (k <= 5282634))

table 4 : explain SELECT k, c FROM sbtest4 WHERE k BETWEEN 5282534 AND 5282634
	Bitmap Heap Scan on sbtest4  (cost=5.47..405.13 rows=101 width=125)
	  Recheck Cond: ((k >= 5282534) AND (k <= 5282634))
	  ->  Bitmap Index Scan on k_4  (cost=0.00..5.44 rows=101 width=0)
	        Index Cond: ((k >= 5282534) AND (k <= 5282634))

table 5 : explain SELECT k, c FROM sbtest5 WHERE k BETWEEN 5282534 AND 5282634
	Bitmap Heap Scan on sbtest5  (cost=5.39..373.61 rows=93 width=125)
	  Recheck Cond: ((k >= 5282534) AND (k <= 5282634))
	  ->  Bitmap Index Scan on k_5  (cost=0.00..5.36 rows=93 width=0)
	        Index Cond: ((k >= 5282534) AND (k <= 5282634))

table 6 : explain SELECT k, c FROM sbtest6 WHERE k BETWEEN 5282534 AND 5282634
	Bitmap Heap Scan on sbtest6  (cost=5.48..409.07 rows=102 width=125)
	  Recheck Cond: ((k >= 5282534) AND (k <= 5282634))
	  ->  Bitmap Index Scan on k_6  (cost=0.00..5.45 rows=102 width=0)
	        Index Cond: ((k >= 5282534) AND (k <= 5282634))

table 7 : explain SELECT k, c FROM sbtest7 WHERE k BETWEEN 5282534 AND 5282634
	Bitmap Heap Scan on sbtest7  (cost=5.46..401.19 rows=100 width=125)
	  Recheck Cond: ((k >= 5282534) AND (k <= 5282634))
	  ->  Bitmap Index Scan on k_7  (cost=0.00..5.43 rows=100 width=0)
	        Index Cond: ((k >= 5282534) AND (k <= 5282634))

table 8 : explain SELECT k, c FROM sbtest8 WHERE k BETWEEN 5282534 AND 5282634
	Bitmap Heap Scan on sbtest8  (cost=5.60..456.29 rows=114 width=125)
	  Recheck Cond: ((k >= 5282534) AND (k <= 5282634))
	  ->  Bitmap Index Scan on k_8  (cost=0.00..5.58 rows=114 width=0)
	        Index Cond: ((k >= 5282534) AND (k <= 5282634))

for range-notcovered
table 1 : explain SELECT k, c FROM sbtest1 WHERE k BETWEEN 2317305 AND 2317405
	Bitmap Heap Scan on sbtest1  (cost=5.46..401.19 rows=100 width=125)
	  Recheck Cond: ((k >= 2317305) AND (k <= 2317405))
	  ->  Bitmap Index Scan on k_1  (cost=0.00..5.43 rows=100 width=0)
	        Index Cond: ((k >= 2317305) AND (k <= 2317405))

table 2 : explain SELECT k, c FROM sbtest2 WHERE k BETWEEN 2317305 AND 2317405
	Bitmap Heap Scan on sbtest2  (cost=5.43..389.37 rows=97 width=125)
	  Recheck Cond: ((k >= 2317305) AND (k <= 2317405))
	  ->  Bitmap Index Scan on k_2  (cost=0.00..5.40 rows=97 width=0)
	        Index Cond: ((k >= 2317305) AND (k <= 2317405))

table 3 : explain SELECT k, c FROM sbtest3 WHERE k BETWEEN 2317305 AND 2317405
	Bitmap Heap Scan on sbtest3  (cost=5.50..416.94 rows=104 width=125)
	  Recheck Cond: ((k >= 2317305) AND (k <= 2317405))
	  ->  Bitmap Index Scan on k_3  (cost=0.00..5.47 rows=104 width=0)
	        Index Cond: ((k >= 2317305) AND (k <= 2317405))

table 4 : explain SELECT k, c FROM sbtest4 WHERE k BETWEEN 2317305 AND 2317405
	Bitmap Heap Scan on sbtest4  (cost=5.52..424.81 rows=106 width=125)
	  Recheck Cond: ((k >= 2317305) AND (k <= 2317405))
	  ->  Bitmap Index Scan on k_4  (cost=0.00..5.50 rows=106 width=0)
	        Index Cond: ((k >= 2317305) AND (k <= 2317405))

table 5 : explain SELECT k, c FROM sbtest5 WHERE k BETWEEN 2317305 AND 2317405
	Bitmap Heap Scan on sbtest5  (cost=5.45..397.25 rows=99 width=125)
	  Recheck Cond: ((k >= 2317305) AND (k <= 2317405))
	  ->  Bitmap Index Scan on k_5  (cost=0.00..5.42 rows=99 width=0)
	        Index Cond: ((k >= 2317305) AND (k <= 2317405))

table 6 : explain SELECT k, c FROM sbtest6 WHERE k BETWEEN 2317305 AND 2317405
	Bitmap Heap Scan on sbtest6  (cost=5.43..389.37 rows=97 width=125)
	  Recheck Cond: ((k >= 2317305) AND (k <= 2317405))
	  ->  Bitmap Index Scan on k_6  (cost=0.00..5.40 rows=97 width=0)
	        Index Cond: ((k >= 2317305) AND (k <= 2317405))

table 7 : explain SELECT k, c FROM sbtest7 WHERE k BETWEEN 2317305 AND 2317405
	Bitmap Heap Scan on sbtest7  (cost=5.60..456.29 rows=114 width=125)
	  Recheck Cond: ((k >= 2317305) AND (k <= 2317405))
	  ->  Bitmap Index Scan on k_7  (cost=0.00..5.58 rows=114 width=0)
	        Index Cond: ((k >= 2317305) AND (k <= 2317405))

table 8 : explain SELECT k, c FROM sbtest8 WHERE k BETWEEN 2317305 AND 2317405
	Bitmap Heap Scan on sbtest8  (cost=5.45..397.25 rows=99 width=125)
	  Recheck Cond: ((k >= 2317305) AND (k <= 2317405))
	  ->  Bitmap Index Scan on k_8  (cost=0.00..5.42 rows=99 width=0)
	        Index Cond: ((k >= 2317305) AND (k <= 2317405))

for range-notcovered
table 1 : explain SELECT k, c FROM sbtest1 WHERE k BETWEEN 2947898 AND 2947998
	Bitmap Heap Scan on sbtest1  (cost=5.51..420.88 rows=105 width=125)
	  Recheck Cond: ((k >= 2947898) AND (k <= 2947998))
	  ->  Bitmap Index Scan on k_1  (cost=0.00..5.48 rows=105 width=0)
	        Index Cond: ((k >= 2947898) AND (k <= 2947998))

table 2 : explain SELECT k, c FROM sbtest2 WHERE k BETWEEN 2947898 AND 2947998
	Bitmap Heap Scan on sbtest2  (cost=5.41..381.49 rows=95 width=125)
	  Recheck Cond: ((k >= 2947898) AND (k <= 2947998))
	  ->  Bitmap Index Scan on k_2  (cost=0.00..5.38 rows=95 width=0)
	        Index Cond: ((k >= 2947898) AND (k <= 2947998))

table 3 : explain SELECT k, c FROM sbtest3 WHERE k BETWEEN 2947898 AND 2947998
	Bitmap Heap Scan on sbtest3  (cost=5.47..405.13 rows=101 width=125)
	  Recheck Cond: ((k >= 2947898) AND (k <= 2947998))
	  ->  Bitmap Index Scan on k_3  (cost=0.00..5.44 rows=101 width=0)
	        Index Cond: ((k >= 2947898) AND (k <= 2947998))

table 4 : explain SELECT k, c FROM sbtest4 WHERE k BETWEEN 2947898 AND 2947998
	Bitmap Heap Scan on sbtest4  (cost=5.41..381.49 rows=95 width=125)
	  Recheck Cond: ((k >= 2947898) AND (k <= 2947998))
	  ->  Bitmap Index Scan on k_4  (cost=0.00..5.38 rows=95 width=0)
	        Index Cond: ((k >= 2947898) AND (k <= 2947998))

table 5 : explain SELECT k, c FROM sbtest5 WHERE k BETWEEN 2947898 AND 2947998
	Bitmap Heap Scan on sbtest5  (cost=5.44..393.31 rows=98 width=125)
	  Recheck Cond: ((k >= 2947898) AND (k <= 2947998))
	  ->  Bitmap Index Scan on k_5  (cost=0.00..5.42 rows=98 width=0)
	        Index Cond: ((k >= 2947898) AND (k <= 2947998))

table 6 : explain SELECT k, c FROM sbtest6 WHERE k BETWEEN 2947898 AND 2947998
	Bitmap Heap Scan on sbtest6  (cost=5.49..413.00 rows=103 width=125)
	  Recheck Cond: ((k >= 2947898) AND (k <= 2947998))
	  ->  Bitmap Index Scan on k_6  (cost=0.00..5.46 rows=103 width=0)
	        Index Cond: ((k >= 2947898) AND (k <= 2947998))

table 7 : explain SELECT k, c FROM sbtest7 WHERE k BETWEEN 2947898 AND 2947998
	Bitmap Heap Scan on sbtest7  (cost=5.46..401.19 rows=100 width=125)
	  Recheck Cond: ((k >= 2947898) AND (k <= 2947998))
	  ->  Bitmap Index Scan on k_7  (cost=0.00..5.43 rows=100 width=0)
	        Index Cond: ((k >= 2947898) AND (k <= 2947998))

table 8 : explain SELECT k, c FROM sbtest8 WHERE k BETWEEN 2947898 AND 2947998
	Bitmap Heap Scan on sbtest8  (cost=5.55..436.62 rows=109 width=125)
	  Recheck Cond: ((k >= 2947898) AND (k <= 2947998))
	  ->  Bitmap Index Scan on k_8  (cost=0.00..5.52 rows=109 width=0)
	        Index Cond: ((k >= 2947898) AND (k <= 2947998))

explain: for range-notcovered :: explain SELECT k, c FROM sbtest%d WHERE k BETWEEN 5282534 AND 5282634
explain: for range-notcovered :: explain SELECT k, c FROM sbtest%d WHERE k BETWEEN 2317305 AND 2317405
explain: for range-notcovered :: explain SELECT k, c FROM sbtest%d WHERE k BETWEEN 2947898 AND 2947998
for range-notcovered
table 1 : explain SELECT k, c FROM sbtest1 WHERE k BETWEEN 1964833 AND 1964933
	Bitmap Heap Scan on sbtest1  (cost=5.48..409.07 rows=102 width=125)
	  Recheck Cond: ((k >= 1964833) AND (k <= 1964933))
	  ->  Bitmap Index Scan on k_1  (cost=0.00..5.45 rows=102 width=0)
	        Index Cond: ((k >= 1964833) AND (k <= 1964933))

table 2 : explain SELECT k, c FROM sbtest2 WHERE k BETWEEN 1964833 AND 1964933
	Bitmap Heap Scan on sbtest2  (cost=5.41..381.49 rows=95 width=125)
	  Recheck Cond: ((k >= 1964833) AND (k <= 1964933))
	  ->  Bitmap Index Scan on k_2  (cost=0.00..5.38 rows=95 width=0)
	        Index Cond: ((k >= 1964833) AND (k <= 1964933))

table 3 : explain SELECT k, c FROM sbtest3 WHERE k BETWEEN 1964833 AND 1964933
	Bitmap Heap Scan on sbtest3  (cost=5.43..389.37 rows=97 width=125)
	  Recheck Cond: ((k >= 1964833) AND (k <= 1964933))
	  ->  Bitmap Index Scan on k_3  (cost=0.00..5.40 rows=97 width=0)
	        Index Cond: ((k >= 1964833) AND (k <= 1964933))

table 4 : explain SELECT k, c FROM sbtest4 WHERE k BETWEEN 1964833 AND 1964933
	Bitmap Heap Scan on sbtest4  (cost=5.40..377.55 rows=94 width=125)
	  Recheck Cond: ((k >= 1964833) AND (k <= 1964933))
	  ->  Bitmap Index Scan on k_4  (cost=0.00..5.38 rows=94 width=0)
	        Index Cond: ((k >= 1964833) AND (k <= 1964933))

table 5 : explain SELECT k, c FROM sbtest5 WHERE k BETWEEN 1964833 AND 1964933
	Bitmap Heap Scan on sbtest5  (cost=5.57..444.49 rows=111 width=125)
	  Recheck Cond: ((k >= 1964833) AND (k <= 1964933))
	  ->  Bitmap Index Scan on k_5  (cost=0.00..5.54 rows=111 width=0)
	        Index Cond: ((k >= 1964833) AND (k <= 1964933))

table 6 : explain SELECT k, c FROM sbtest6 WHERE k BETWEEN 1964833 AND 1964933
	Bitmap Heap Scan on sbtest6  (cost=5.36..361.78 rows=90 width=125)
	  Recheck Cond: ((k >= 1964833) AND (k <= 1964933))
	  ->  Bitmap Index Scan on k_6  (cost=0.00..5.33 rows=90 width=0)
	        Index Cond: ((k >= 1964833) AND (k <= 1964933))

table 7 : explain SELECT k, c FROM sbtest7 WHERE k BETWEEN 1964833 AND 1964933
	Bitmap Heap Scan on sbtest7  (cost=5.46..401.19 rows=100 width=125)
	  Recheck Cond: ((k >= 1964833) AND (k <= 1964933))
	  ->  Bitmap Index Scan on k_7  (cost=0.00..5.43 rows=100 width=0)
	        Index Cond: ((k >= 1964833) AND (k <= 1964933))

table 8 : explain SELECT k, c FROM sbtest8 WHERE k BETWEEN 1964833 AND 1964933
	Bitmap Heap Scan on sbtest8  (cost=5.50..416.94 rows=104 width=125)
	  Recheck Cond: ((k >= 1964833) AND (k <= 1964933))
	  ->  Bitmap Index Scan on k_8  (cost=0.00..5.47 rows=104 width=0)
	        Index Cond: ((k >= 1964833) AND (k <= 1964933))

explain: for range-notcovered :: explain SELECT k, c FROM sbtest%d WHERE k BETWEEN 1964833 AND 1964933
for range-notcovered
table 1 : explain SELECT k, c FROM sbtest1 WHERE k BETWEEN 2851034 AND 2851134
	Bitmap Heap Scan on sbtest1  (cost=5.45..397.25 rows=99 width=125)
	  Recheck Cond: ((k >= 2851034) AND (k <= 2851134))
	  ->  Bitmap Index Scan on k_1  (cost=0.00..5.42 rows=99 width=0)
	        Index Cond: ((k >= 2851034) AND (k <= 2851134))

table 2 : explain SELECT k, c FROM sbtest2 WHERE k BETWEEN 2851034 AND 2851134
	Bitmap Heap Scan on sbtest2  (cost=5.55..436.62 rows=109 width=125)
	  Recheck Cond: ((k >= 2851034) AND (k <= 2851134))
	  ->  Bitmap Index Scan on k_2  (cost=0.00..5.52 rows=109 width=0)
	        Index Cond: ((k >= 2851034) AND (k <= 2851134))

table 3 : explain SELECT k, c FROM sbtest3 WHERE k BETWEEN 2851034 AND 2851134
	Bitmap Heap Scan on sbtest3  (cost=5.48..409.07 rows=102 width=125)
	  Recheck Cond: ((k >= 2851034) AND (k <= 2851134))
	  ->  Bitmap Index Scan on k_3  (cost=0.00..5.45 rows=102 width=0)
	        Index Cond: ((k >= 2851034) AND (k <= 2851134))

table 4 : explain SELECT k, c FROM sbtest4 WHERE k BETWEEN 2851034 AND 2851134
	Bitmap Heap Scan on sbtest4  (cost=5.56..440.56 rows=110 width=125)
	  Recheck Cond: ((k >= 2851034) AND (k <= 2851134))
	  ->  Bitmap Index Scan on k_4  (cost=0.00..5.53 rows=110 width=0)
	        Index Cond: ((k >= 2851034) AND (k <= 2851134))

table 5 : explain SELECT k, c FROM sbtest5 WHERE k BETWEEN 2851034 AND 2851134
	Bitmap Heap Scan on sbtest5  (cost=5.44..393.31 rows=98 width=125)
	  Recheck Cond: ((k >= 2851034) AND (k <= 2851134))
	  ->  Bitmap Index Scan on k_5  (cost=0.00..5.42 rows=98 width=0)
	        Index Cond: ((k >= 2851034) AND (k <= 2851134))

table 6 : explain SELECT k, c FROM sbtest6 WHERE k BETWEEN 2851034 AND 2851134
	Bitmap Heap Scan on sbtest6  (cost=5.46..401.19 rows=100 width=125)
	  Recheck Cond: ((k >= 2851034) AND (k <= 2851134))
	  ->  Bitmap Index Scan on k_6  (cost=0.00..5.43 rows=100 width=0)
	        Index Cond: ((k >= 2851034) AND (k <= 2851134))

table 7 : explain SELECT k, c FROM sbtest7 WHERE k BETWEEN 2851034 AND 2851134
	Bitmap Heap Scan on sbtest7  (cost=5.55..436.62 rows=109 width=125)
	  Recheck Cond: ((k >= 2851034) AND (k <= 2851134))
	  ->  Bitmap Index Scan on k_7  (cost=0.00..5.52 rows=109 width=0)
	        Index Cond: ((k >= 2851034) AND (k <= 2851134))

table 8 : explain SELECT k, c FROM sbtest8 WHERE k BETWEEN 2851034 AND 2851134
	Bitmap Heap Scan on sbtest8  (cost=5.48..409.07 rows=102 width=125)
	  Recheck Cond: ((k >= 2851034) AND (k <= 2851134))
	  ->  Bitmap Index Scan on k_8  (cost=0.00..5.45 rows=102 width=0)
	        Index Cond: ((k >= 2851034) AND (k <= 2851134))

explain: for range-notcovered :: explain SELECT k, c FROM sbtest%d WHERE k BETWEEN 2851034 AND 2851134
for range-notcovered
table 1 : explain SELECT k, c FROM sbtest1 WHERE k BETWEEN 1302064 AND 1302164
	Bitmap Heap Scan on sbtest1  (cost=5.54..432.69 rows=108 width=125)
	  Recheck Cond: ((k >= 1302064) AND (k <= 1302164))
	  ->  Bitmap Index Scan on k_1  (cost=0.00..5.51 rows=108 width=0)
	        Index Cond: ((k >= 1302064) AND (k <= 1302164))

table 2 : explain SELECT k, c FROM sbtest2 WHERE k BETWEEN 1302064 AND 1302164
	Bitmap Heap Scan on sbtest2  (cost=5.46..401.19 rows=100 width=125)
	  Recheck Cond: ((k >= 1302064) AND (k <= 1302164))
	  ->  Bitmap Index Scan on k_2  (cost=0.00..5.43 rows=100 width=0)
	        Index Cond: ((k >= 1302064) AND (k <= 1302164))

table 3 : explain SELECT k, c FROM sbtest3 WHERE k BETWEEN 1302064 AND 1302164
	Bitmap Heap Scan on sbtest3  (cost=5.48..409.07 rows=102 width=125)
	  Recheck Cond: ((k >= 1302064) AND (k <= 1302164))
	  ->  Bitmap Index Scan on k_3  (cost=0.00..5.45 rows=102 width=0)
	        Index Cond: ((k >= 1302064) AND (k <= 1302164))

table 4 : explain SELECT k, c FROM sbtest4 WHERE k BETWEEN 1302064 AND 1302164
	Bitmap Heap Scan on sbtest4  (cost=5.38..369.67 rows=92 width=125)
	  Recheck Cond: ((k >= 1302064) AND (k <= 1302164))
	  ->  Bitmap Index Scan on k_4  (cost=0.00..5.35 rows=92 width=0)
	        Index Cond: ((k >= 1302064) AND (k <= 1302164))

table 5 : explain SELECT k, c FROM sbtest5 WHERE k BETWEEN 1302064 AND 1302164
	Bitmap Heap Scan on sbtest5  (cost=5.43..389.37 rows=97 width=125)
	  Recheck Cond: ((k >= 1302064) AND (k <= 1302164))
	  ->  Bitmap Index Scan on k_5  (cost=0.00..5.40 rows=97 width=0)
	        Index Cond: ((k >= 1302064) AND (k <= 1302164))

table 6 : explain SELECT k, c FROM sbtest6 WHERE k BETWEEN 1302064 AND 1302164
	Bitmap Heap Scan on sbtest6  (cost=5.42..385.43 rows=96 width=125)
	  Recheck Cond: ((k >= 1302064) AND (k <= 1302164))
	  ->  Bitmap Index Scan on k_6  (cost=0.00..5.39 rows=96 width=0)
	        Index Cond: ((k >= 1302064) AND (k <= 1302164))

table 7 : explain SELECT k, c FROM sbtest7 WHERE k BETWEEN 1302064 AND 1302164
	Bitmap Heap Scan on sbtest7  (cost=5.40..377.55 rows=94 width=125)
	  Recheck Cond: ((k >= 1302064) AND (k <= 1302164))
	  ->  Bitmap Index Scan on k_7  (cost=0.00..5.38 rows=94 width=0)
	        Index Cond: ((k >= 1302064) AND (k <= 1302164))

table 8 : explain SELECT k, c FROM sbtest8 WHERE k BETWEEN 1302064 AND 1302164
	Bitmap Heap Scan on sbtest8  (cost=5.42..385.43 rows=96 width=125)
	  Recheck Cond: ((k >= 1302064) AND (k <= 1302164))
	  ->  Bitmap Index Scan on k_8  (cost=0.00..5.39 rows=96 width=0)
	        Index Cond: ((k >= 1302064) AND (k <= 1302164))
for range-notcovered
table 1 : explain SELECT k, c FROM sbtest1 WHERE k BETWEEN 4083931 AND 4084031
	Bitmap Heap Scan on sbtest1  (cost=5.53..428.75 rows=107 width=125)
	  Recheck Cond: ((k >= 4083931) AND (k <= 4084031))
	  ->  Bitmap Index Scan on k_1  (cost=0.00..5.50 rows=107 width=0)
	        Index Cond: ((k >= 4083931) AND (k <= 4084031))

table 2 : explain SELECT k, c FROM sbtest2 WHERE k BETWEEN 4083931 AND 4084031
	Bitmap Heap Scan on sbtest2  (cost=5.49..413.00 rows=103 width=125)
	  Recheck Cond: ((k >= 4083931) AND (k <= 4084031))
	  ->  Bitmap Index Scan on k_2  (cost=0.00..5.46 rows=103 width=0)
	        Index Cond: ((k >= 4083931) AND (k <= 4084031))

table 3 : explain SELECT k, c FROM sbtest3 WHERE k BETWEEN 4083931 AND 4084031
	Bitmap Heap Scan on sbtest3  (cost=5.49..413.00 rows=103 width=125)
	  Recheck Cond: ((k >= 4083931) AND (k <= 4084031))
	  ->  Bitmap Index Scan on k_3  (cost=0.00..5.46 rows=103 width=0)
	        Index Cond: ((k >= 4083931) AND (k <= 4084031))

table 4 : explain SELECT k, c FROM sbtest4 WHERE k BETWEEN 4083931 AND 4084031
	Bitmap Heap Scan on sbtest4  (cost=5.49..413.00 rows=103 width=125)
	  Recheck Cond: ((k >= 4083931) AND (k <= 4084031))
	  ->  Bitmap Index Scan on k_4  (cost=0.00..5.46 rows=103 width=0)
	        Index Cond: ((k >= 4083931) AND (k <= 4084031))

table 5 : explain SELECT k, c FROM sbtest5 WHERE k BETWEEN 4083931 AND 4084031
	Bitmap Heap Scan on sbtest5  (cost=5.48..409.07 rows=102 width=125)
	  Recheck Cond: ((k >= 4083931) AND (k <= 4084031))
	  ->  Bitmap Index Scan on k_5  (cost=0.00..5.45 rows=102 width=0)
	        Index Cond: ((k >= 4083931) AND (k <= 4084031))

table 6 : explain SELECT k, c FROM sbtest6 WHERE k BETWEEN 4083931 AND 4084031
	Bitmap Heap Scan on sbtest6  (cost=5.44..393.31 rows=98 width=125)
	  Recheck Cond: ((k >= 4083931) AND (k <= 4084031))
	  ->  Bitmap Index Scan on k_6  (cost=0.00..5.42 rows=98 width=0)
	        Index Cond: ((k >= 4083931) AND (k <= 4084031))

table 7 : explain SELECT k, c FROM sbtest7 WHERE k BETWEEN 4083931 AND 4084031
	Bitmap Heap Scan on sbtest7  (cost=5.50..416.94 rows=104 width=125)
	  Recheck Cond: ((k >= 4083931) AND (k <= 4084031))
	  ->  Bitmap Index Scan on k_7  (cost=0.00..5.47 rows=104 width=0)
	        Index Cond: ((k >= 4083931) AND (k <= 4084031))

table 8 : explain SELECT k, c FROM sbtest8 WHERE k BETWEEN 4083931 AND 4084031
	Bitmap Heap Scan on sbtest8  (cost=5.45..397.25 rows=99 width=125)
	  Recheck Cond: ((k >= 4083931) AND (k <= 4084031))
	  ->  Bitmap Index Scan on k_8  (cost=0.00..5.42 rows=99 width=0)
	        Index Cond: ((k >= 4083931) AND (k <= 4084031))


for range-notcovered
table 1 : explain SELECT k, c FROM sbtest1 WHERE k BETWEEN 4357678 AND 4357778
	Bitmap Heap Scan on sbtest1  (cost=5.51..420.88 rows=105 width=125)
	  Recheck Cond: ((k >= 4357678) AND (k <= 4357778))
	  ->  Bitmap Index Scan on k_1  (cost=0.00..5.48 rows=105 width=0)
	        Index Cond: ((k >= 4357678) AND (k <= 4357778))

table 2 : explain SELECT k, c FROM sbtest2 WHERE k BETWEEN 4357678 AND 4357778
	Bitmap Heap Scan on sbtest2  (cost=5.54..432.69 rows=108 width=125)
	  Recheck Cond: ((k >= 4357678) AND (k <= 4357778))
	  ->  Bitmap Index Scan on k_2  (cost=0.00..5.51 rows=108 width=0)
	        Index Cond: ((k >= 4357678) AND (k <= 4357778))

table 3 : explain SELECT k, c FROM sbtest3 WHERE k BETWEEN 4357678 AND 4357778
	Bitmap Heap Scan on sbtest3  (cost=5.50..416.94 rows=104 width=125)
	  Recheck Cond: ((k >= 4357678) AND (k <= 4357778))
	  ->  Bitmap Index Scan on k_3  (cost=0.00..5.47 rows=104 width=0)
	        Index Cond: ((k >= 4357678) AND (k <= 4357778))

table 4 : explain SELECT k, c FROM sbtest4 WHERE k BETWEEN 4357678 AND 4357778
	Bitmap Heap Scan on sbtest4  (cost=5.43..389.37 rows=97 width=125)
	  Recheck Cond: ((k >= 4357678) AND (k <= 4357778))
	  ->  Bitmap Index Scan on k_4  (cost=0.00..5.40 rows=97 width=0)
	        Index Cond: ((k >= 4357678) AND (k <= 4357778))

table 5 : explain SELECT k, c FROM sbtest5 WHERE k BETWEEN 4357678 AND 4357778
	Bitmap Heap Scan on sbtest5  (cost=5.54..432.69 rows=108 width=125)
	  Recheck Cond: ((k >= 4357678) AND (k <= 4357778))
	  ->  Bitmap Index Scan on k_5  (cost=0.00..5.51 rows=108 width=0)
	        Index Cond: ((k >= 4357678) AND (k <= 4357778))

table 6 : explain SELECT k, c FROM sbtest6 WHERE k BETWEEN 4357678 AND 4357778
	Bitmap Heap Scan on sbtest6  (cost=5.60..456.29 rows=114 width=125)
	  Recheck Cond: ((k >= 4357678) AND (k <= 4357778))
	  ->  Bitmap Index Scan on k_6  (cost=0.00..5.58 rows=114 width=0)
	        Index Cond: ((k >= 4357678) AND (k <= 4357778))

table 7 : explain SELECT k, c FROM sbtest7 WHERE k BETWEEN 4357678 AND 4357778
	Bitmap Heap Scan on sbtest7  (cost=5.49..413.00 rows=103 width=125)
	  Recheck Cond: ((k >= 4357678) AND (k <= 4357778))
	  ->  Bitmap Index Scan on k_7  (cost=0.00..5.46 rows=103 width=0)
	        Index Cond: ((k >= 4357678) AND (k <= 4357778))

table 8 : explain SELECT k, c FROM sbtest8 WHERE k BETWEEN 4357678 AND 4357778
	Bitmap Heap Scan on sbtest8  (cost=5.54..432.69 rows=108 width=125)
	  Recheck Cond: ((k >= 4357678) AND (k <= 4357778))
	  ->  Bitmap Index Scan on k_8  (cost=0.00..5.51 rows=108 width=0)
	        Index Cond: ((k >= 4357678) AND (k <= 4357778))

explain: for range-notcovered :: explain SELECT k, c FROM sbtest%d WHERE k BETWEEN 4083931 AND 4084031
for range-notcovered
table 1 : explain SELECT k, c FROM sbtest1 WHERE k BETWEEN 5282534 AND 5282634
	Bitmap Heap Scan on sbtest1  (cost=5.35..357.84 rows=89 width=125)
	  Recheck Cond: ((k >= 5282534) AND (k <= 5282634))
	  ->  Bitmap Index Scan on k_1  (cost=0.00..5.32 rows=89 width=0)
	        Index Cond: ((k >= 5282534) AND (k <= 5282634))

table 2 : explain SELECT k, c FROM sbtest2 WHERE k BETWEEN 5282534 AND 5282634
	Bitmap Heap Scan on sbtest2  (cost=5.45..397.25 rows=99 width=125)
	  Recheck Cond: ((k >= 5282534) AND (k <= 5282634))
	  ->  Bitmap Index Scan on k_2  (cost=0.00..5.42 rows=99 width=0)
	        Index Cond: ((k >= 5282534) AND (k <= 5282634))

table 3 : explain SELECT k, c FROM sbtest3 WHERE k BETWEEN 5282534 AND 5282634
	Bitmap Heap Scan on sbtest3  (cost=5.40..377.55 rows=94 width=125)
	  Recheck Cond: ((k >= 5282534) AND (k <= 5282634))
	  ->  Bitmap Index Scan on k_3  (cost=0.00..5.38 rows=94 width=0)
	        Index Cond: ((k >= 5282534) AND (k <= 5282634))

table 4 : explain SELECT k, c FROM sbtest4 WHERE k BETWEEN 5282534 AND 5282634
	Bitmap Heap Scan on sbtest4  (cost=5.47..405.13 rows=101 width=125)
	  Recheck Cond: ((k >= 5282534) AND (k <= 5282634))
	  ->  Bitmap Index Scan on k_4  (cost=0.00..5.44 rows=101 width=0)
	        Index Cond: ((k >= 5282534) AND (k <= 5282634))

table 5 : explain SELECT k, c FROM sbtest5 WHERE k BETWEEN 5282534 AND 5282634
	Bitmap Heap Scan on sbtest5  (cost=5.39..373.61 rows=93 width=125)
	  Recheck Cond: ((k >= 5282534) AND (k <= 5282634))
	  ->  Bitmap Index Scan on k_5  (cost=0.00..5.36 rows=93 width=0)
	        Index Cond: ((k >= 5282534) AND (k <= 5282634))

table 6 : explain SELECT k, c FROM sbtest6 WHERE k BETWEEN 5282534 AND 5282634
	Bitmap Heap Scan on sbtest6  (cost=5.48..409.07 rows=102 width=125)
	  Recheck Cond: ((k >= 5282534) AND (k <= 5282634))
	  ->  Bitmap Index Scan on k_6  (cost=0.00..5.45 rows=102 width=0)
	        Index Cond: ((k >= 5282534) AND (k <= 5282634))

table 7 : explain SELECT k, c FROM sbtest7 WHERE k BETWEEN 5282534 AND 5282634
	Bitmap Heap Scan on sbtest7  (cost=5.46..401.19 rows=100 width=125)
	  Recheck Cond: ((k >= 5282534) AND (k <= 5282634))
	  ->  Bitmap Index Scan on k_7  (cost=0.00..5.43 rows=100 width=0)
	        Index Cond: ((k >= 5282534) AND (k <= 5282634))

table 8 : explain SELECT k, c FROM sbtest8 WHERE k BETWEEN 5282534 AND 5282634
	Bitmap Heap Scan on sbtest8  (cost=5.60..456.29 rows=114 width=125)
	  Recheck Cond: ((k >= 5282534) AND (k <= 5282634))
	  ->  Bitmap Index Scan on k_8  (cost=0.00..5.58 rows=114 width=0)
	        Index Cond: ((k >= 5282534) AND (k <= 5282634))
explain: for range-notcovered :: explain SELECT k, c FROM sbtest%d WHERE k BETWEEN 1302064 AND 1302164

for range-notcovered
table 1 : explain SELECT k, c FROM sbtest1 WHERE k BETWEEN 2317305 AND 2317405
	Bitmap Heap Scan on sbtest1  (cost=5.46..401.19 rows=100 width=125)
	  Recheck Cond: ((k >= 2317305) AND (k <= 2317405))
	  ->  Bitmap Index Scan on k_1  (cost=0.00..5.43 rows=100 width=0)
	        Index Cond: ((k >= 2317305) AND (k <= 2317405))

table 2 : explain SELECT k, c FROM sbtest2 WHERE k BETWEEN 2317305 AND 2317405
	Bitmap Heap Scan on sbtest2  (cost=5.43..389.37 rows=97 width=125)
	  Recheck Cond: ((k >= 2317305) AND (k <= 2317405))
	  ->  Bitmap Index Scan on k_2  (cost=0.00..5.40 rows=97 width=0)
	        Index Cond: ((k >= 2317305) AND (k <= 2317405))

table 3 : explain SELECT k, c FROM sbtest3 WHERE k BETWEEN 2317305 AND 2317405
	Bitmap Heap Scan on sbtest3  (cost=5.50..416.94 rows=104 width=125)
	  Recheck Cond: ((k >= 2317305) AND (k <= 2317405))
	  ->  Bitmap Index Scan on k_3  (cost=0.00..5.47 rows=104 width=0)
	        Index Cond: ((k >= 2317305) AND (k <= 2317405))

table 4 : explain SELECT k, c FROM sbtest4 WHERE k BETWEEN 2317305 AND 2317405
	Bitmap Heap Scan on sbtest4  (cost=5.52..424.81 rows=106 width=125)
	  Recheck Cond: ((k >= 2317305) AND (k <= 2317405))
	  ->  Bitmap Index Scan on k_4  (cost=0.00..5.50 rows=106 width=0)
	        Index Cond: ((k >= 2317305) AND (k <= 2317405))

table 5 : explain SELECT k, c FROM sbtest5 WHERE k BETWEEN 2317305 AND 2317405
	Bitmap Heap Scan on sbtest5  (cost=5.45..397.25 rows=99 width=125)
	  Recheck Cond: ((k >= 2317305) AND (k <= 2317405))
	  ->  Bitmap Index Scan on k_5  (cost=0.00..5.42 rows=99 width=0)
	        Index Cond: ((k >= 2317305) AND (k <= 2317405))

table 6 : explain SELECT k, c FROM sbtest6 WHERE k BETWEEN 2317305 AND 2317405
	Bitmap Heap Scan on sbtest6  (cost=5.43..389.37 rows=97 width=125)
	  Recheck Cond: ((k >= 2317305) AND (k <= 2317405))
	  ->  Bitmap Index Scan on k_6  (cost=0.00..5.40 rows=97 width=0)
	        Index Cond: ((k >= 2317305) AND (k <= 2317405))

table 7 : explain SELECT k, c FROM sbtest7 WHERE k BETWEEN 2317305 AND 2317405
	Bitmap Heap Scan on sbtest7  (cost=5.60..456.29 rows=114 width=125)
	  Recheck Cond: ((k >= 2317305) AND (k <= 2317405))
	  ->  Bitmap Index Scan on k_7  (cost=0.00..5.58 rows=114 width=0)
	        Index Cond: ((k >= 2317305) AND (k <= 2317405))

table 8 : explain SELECT k, c FROM sbtest8 WHERE k BETWEEN 2317305 AND 2317405
	Bitmap Heap Scan on sbtest8  (cost=5.45..397.25 rows=99 width=125)
	  Recheck Cond: ((k >= 2317305) AND (k <= 2317405))
	  ->  Bitmap Index Scan on k_8  (cost=0.00..5.42 rows=99 width=0)
	        Index Cond: ((k >= 2317305) AND (k <= 2317405))

explain: for range-notcovered :: explain SELECT k, c FROM sbtest%d WHERE k BETWEEN 4357678 AND 4357778
for range-notcovered
table 1 : explain SELECT k, c FROM sbtest1 WHERE k BETWEEN 2947898 AND 2947998
	Bitmap Heap Scan on sbtest1  (cost=5.51..420.88 rows=105 width=125)
	  Recheck Cond: ((k >= 2947898) AND (k <= 2947998))
	  ->  Bitmap Index Scan on k_1  (cost=0.00..5.48 rows=105 width=0)
	        Index Cond: ((k >= 2947898) AND (k <= 2947998))

table 2 : explain SELECT k, c FROM sbtest2 WHERE k BETWEEN 2947898 AND 2947998
	Bitmap Heap Scan on sbtest2  (cost=5.41..381.49 rows=95 width=125)
	  Recheck Cond: ((k >= 2947898) AND (k <= 2947998))
	  ->  Bitmap Index Scan on k_2  (cost=0.00..5.38 rows=95 width=0)
	        Index Cond: ((k >= 2947898) AND (k <= 2947998))

table 3 : explain SELECT k, c FROM sbtest3 WHERE k BETWEEN 2947898 AND 2947998
	Bitmap Heap Scan on sbtest3  (cost=5.47..405.13 rows=101 width=125)
	  Recheck Cond: ((k >= 2947898) AND (k <= 2947998))
	  ->  Bitmap Index Scan on k_3  (cost=0.00..5.44 rows=101 width=0)
	        Index Cond: ((k >= 2947898) AND (k <= 2947998))

table 4 : explain SELECT k, c FROM sbtest4 WHERE k BETWEEN 2947898 AND 2947998
	Bitmap Heap Scan on sbtest4  (cost=5.41..381.49 rows=95 width=125)
	  Recheck Cond: ((k >= 2947898) AND (k <= 2947998))
	  ->  Bitmap Index Scan on k_4  (cost=0.00..5.38 rows=95 width=0)
	        Index Cond: ((k >= 2947898) AND (k <= 2947998))

table 5 : explain SELECT k, c FROM sbtest5 WHERE k BETWEEN 2947898 AND 2947998
	Bitmap Heap Scan on sbtest5  (cost=5.44..393.31 rows=98 width=125)
	  Recheck Cond: ((k >= 2947898) AND (k <= 2947998))
	  ->  Bitmap Index Scan on k_5  (cost=0.00..5.42 rows=98 width=0)
	        Index Cond: ((k >= 2947898) AND (k <= 2947998))

table 6 : explain SELECT k, c FROM sbtest6 WHERE k BETWEEN 2947898 AND 2947998
	Bitmap Heap Scan on sbtest6  (cost=5.49..413.00 rows=103 width=125)
	  Recheck Cond: ((k >= 2947898) AND (k <= 2947998))
	  ->  Bitmap Index Scan on k_6  (cost=0.00..5.46 rows=103 width=0)
	        Index Cond: ((k >= 2947898) AND (k <= 2947998))

table 7 : explain SELECT k, c FROM sbtest7 WHERE k BETWEEN 2947898 AND 2947998
	Bitmap Heap Scan on sbtest7  (cost=5.46..401.19 rows=100 width=125)
	  Recheck Cond: ((k >= 2947898) AND (k <= 2947998))
	  ->  Bitmap Index Scan on k_7  (cost=0.00..5.43 rows=100 width=0)
	        Index Cond: ((k >= 2947898) AND (k <= 2947998))

table 8 : explain SELECT k, c FROM sbtest8 WHERE k BETWEEN 2947898 AND 2947998
	Bitmap Heap Scan on sbtest8  (cost=5.55..436.62 rows=109 width=125)
	  Recheck Cond: ((k >= 2947898) AND (k <= 2947998))
	  ->  Bitmap Index Scan on k_8  (cost=0.00..5.52 rows=109 width=0)
	        Index Cond: ((k >= 2947898) AND (k <= 2947998))

for range-notcovered
table 1 : explain SELECT k, c FROM sbtest1 WHERE k BETWEEN 4810154 AND 4810254
	Bitmap Heap Scan on sbtest1  (cost=5.48..409.07 rows=102 width=125)
	  Recheck Cond: ((k >= 4810154) AND (k <= 4810254))
	  ->  Bitmap Index Scan on k_1  (cost=0.00..5.45 rows=102 width=0)
	        Index Cond: ((k >= 4810154) AND (k <= 4810254))

table 2 : explain SELECT k, c FROM sbtest2 WHERE k BETWEEN 4810154 AND 4810254
	Bitmap Heap Scan on sbtest2  (cost=5.38..369.67 rows=92 width=125)
	  Recheck Cond: ((k >= 4810154) AND (k <= 4810254))
	  ->  Bitmap Index Scan on k_2  (cost=0.00..5.35 rows=92 width=0)
	        Index Cond: ((k >= 4810154) AND (k <= 4810254))

table 3 : explain SELECT k, c FROM sbtest3 WHERE k BETWEEN 4810154 AND 4810254
	Bitmap Heap Scan on sbtest3  (cost=5.47..405.13 rows=101 width=125)
	  Recheck Cond: ((k >= 4810154) AND (k <= 4810254))
	  ->  Bitmap Index Scan on k_3  (cost=0.00..5.44 rows=101 width=0)
	        Index Cond: ((k >= 4810154) AND (k <= 4810254))

table 4 : explain SELECT k, c FROM sbtest4 WHERE k BETWEEN 4810154 AND 4810254
	Bitmap Heap Scan on sbtest4  (cost=5.50..416.94 rows=104 width=125)
	  Recheck Cond: ((k >= 4810154) AND (k <= 4810254))
	  ->  Bitmap Index Scan on k_4  (cost=0.00..5.47 rows=104 width=0)
	        Index Cond: ((k >= 4810154) AND (k <= 4810254))

table 5 : explain SELECT k, c FROM sbtest5 WHERE k BETWEEN 4810154 AND 4810254
	Bitmap Heap Scan on sbtest5  (cost=5.39..373.61 rows=93 width=125)
	  Recheck Cond: ((k >= 4810154) AND (k <= 4810254))
	  ->  Bitmap Index Scan on k_5  (cost=0.00..5.36 rows=93 width=0)
	        Index Cond: ((k >= 4810154) AND (k <= 4810254))

table 6 : explain SELECT k, c FROM sbtest6 WHERE k BETWEEN 4810154 AND 4810254
	Bitmap Heap Scan on sbtest6  (cost=5.51..420.88 rows=105 width=125)
	  Recheck Cond: ((k >= 4810154) AND (k <= 4810254))
	  ->  Bitmap Index Scan on k_6  (cost=0.00..5.48 rows=105 width=0)
	        Index Cond: ((k >= 4810154) AND (k <= 4810254))

table 7 : explain SELECT k, c FROM sbtest7 WHERE k BETWEEN 4810154 AND 4810254
	Bitmap Heap Scan on sbtest7  (cost=5.47..405.13 rows=101 width=125)
	  Recheck Cond: ((k >= 4810154) AND (k <= 4810254))
	  ->  Bitmap Index Scan on k_7  (cost=0.00..5.44 rows=101 width=0)
	        Index Cond: ((k >= 4810154) AND (k <= 4810254))

table 8 : explain SELECT k, c FROM sbtest8 WHERE k BETWEEN 4810154 AND 4810254
	Bitmap Heap Scan on sbtest8  (cost=5.40..377.55 rows=94 width=125)
	  Recheck Cond: ((k >= 4810154) AND (k <= 4810254))
	  ->  Bitmap Index Scan on k_8  (cost=0.00..5.38 rows=94 width=0)
	        Index Cond: ((k >= 4810154) AND (k <= 4810254))

explain: for range-notcovered :: explain SELECT k, c FROM sbtest%d WHERE k BETWEEN 5282534 AND 5282634
explain: for range-notcovered :: explain SELECT k, c FROM sbtest%d WHERE k BETWEEN 2317305 AND 2317405
for range-notcovered
table 1 : explain SELECT k, c FROM sbtest1 WHERE k BETWEEN 1964833 AND 1964933
	Bitmap Heap Scan on sbtest1  (cost=5.48..409.07 rows=102 width=125)
	  Recheck Cond: ((k >= 1964833) AND (k <= 1964933))
	  ->  Bitmap Index Scan on k_1  (cost=0.00..5.45 rows=102 width=0)
	        Index Cond: ((k >= 1964833) AND (k <= 1964933))

table 2 : explain SELECT k, c FROM sbtest2 WHERE k BETWEEN 1964833 AND 1964933
	Bitmap Heap Scan on sbtest2  (cost=5.41..381.49 rows=95 width=125)
	  Recheck Cond: ((k >= 1964833) AND (k <= 1964933))
	  ->  Bitmap Index Scan on k_2  (cost=0.00..5.38 rows=95 width=0)
	        Index Cond: ((k >= 1964833) AND (k <= 1964933))

table 3 : explain SELECT k, c FROM sbtest3 WHERE k BETWEEN 1964833 AND 1964933
	Bitmap Heap Scan on sbtest3  (cost=5.43..389.37 rows=97 width=125)
	  Recheck Cond: ((k >= 1964833) AND (k <= 1964933))
	  ->  Bitmap Index Scan on k_3  (cost=0.00..5.40 rows=97 width=0)
	        Index Cond: ((k >= 1964833) AND (k <= 1964933))

table 4 : explain SELECT k, c FROM sbtest4 WHERE k BETWEEN 1964833 AND 1964933
	Bitmap Heap Scan on sbtest4  (cost=5.40..377.55 rows=94 width=125)
	  Recheck Cond: ((k >= 1964833) AND (k <= 1964933))
	  ->  Bitmap Index Scan on k_4  (cost=0.00..5.38 rows=94 width=0)
	        Index Cond: ((k >= 1964833) AND (k <= 1964933))

table 5 : explain SELECT k, c FROM sbtest5 WHERE k BETWEEN 1964833 AND 1964933
	Bitmap Heap Scan on sbtest5  (cost=5.57..444.49 rows=111 width=125)
	  Recheck Cond: ((k >= 1964833) AND (k <= 1964933))
	  ->  Bitmap Index Scan on k_5  (cost=0.00..5.54 rows=111 width=0)
	        Index Cond: ((k >= 1964833) AND (k <= 1964933))

table 6 : explain SELECT k, c FROM sbtest6 WHERE k BETWEEN 1964833 AND 1964933
	Bitmap Heap Scan on sbtest6  (cost=5.36..361.78 rows=90 width=125)
	  Recheck Cond: ((k >= 1964833) AND (k <= 1964933))
	  ->  Bitmap Index Scan on k_6  (cost=0.00..5.33 rows=90 width=0)
	        Index Cond: ((k >= 1964833) AND (k <= 1964933))

table 7 : explain SELECT k, c FROM sbtest7 WHERE k BETWEEN 1964833 AND 1964933
	Bitmap Heap Scan on sbtest7  (cost=5.46..401.19 rows=100 width=125)
	  Recheck Cond: ((k >= 1964833) AND (k <= 1964933))
	  ->  Bitmap Index Scan on k_7  (cost=0.00..5.43 rows=100 width=0)
	        Index Cond: ((k >= 1964833) AND (k <= 1964933))

table 8 : explain SELECT k, c FROM sbtest8 WHERE k BETWEEN 1964833 AND 1964933
	Bitmap Heap Scan on sbtest8  (cost=5.50..416.94 rows=104 width=125)
	  Recheck Cond: ((k >= 1964833) AND (k <= 1964933))
	  ->  Bitmap Index Scan on k_8  (cost=0.00..5.47 rows=104 width=0)
	        Index Cond: ((k >= 1964833) AND (k <= 1964933))

explain: for range-notcovered :: explain SELECT k, c FROM sbtest%d WHERE k BETWEEN 4810154 AND 4810254
explain: for range-notcovered :: explain SELECT k, c FROM sbtest%d WHERE k BETWEEN 1964833 AND 1964933
for range-notcovered
table 1 : explain SELECT k, c FROM sbtest1 WHERE k BETWEEN 6370613 AND 6370713
	Bitmap Heap Scan on sbtest1  (cost=5.49..413.00 rows=103 width=125)
	  Recheck Cond: ((k >= 6370613) AND (k <= 6370713))
	  ->  Bitmap Index Scan on k_1  (cost=0.00..5.46 rows=103 width=0)
	        Index Cond: ((k >= 6370613) AND (k <= 6370713))

table 2 : explain SELECT k, c FROM sbtest2 WHERE k BETWEEN 6370613 AND 6370713
	Bitmap Heap Scan on sbtest2  (cost=5.41..381.49 rows=95 width=125)
	  Recheck Cond: ((k >= 6370613) AND (k <= 6370713))
	  ->  Bitmap Index Scan on k_2  (cost=0.00..5.38 rows=95 width=0)
	        Index Cond: ((k >= 6370613) AND (k <= 6370713))

table 3 : explain SELECT k, c FROM sbtest3 WHERE k BETWEEN 6370613 AND 6370713
	Bitmap Heap Scan on sbtest3  (cost=5.47..405.13 rows=101 width=125)
	  Recheck Cond: ((k >= 6370613) AND (k <= 6370713))
	  ->  Bitmap Index Scan on k_3  (cost=0.00..5.44 rows=101 width=0)
	        Index Cond: ((k >= 6370613) AND (k <= 6370713))

table 4 : explain SELECT k, c FROM sbtest4 WHERE k BETWEEN 6370613 AND 6370713
	Bitmap Heap Scan on sbtest4  (cost=5.49..413.00 rows=103 width=125)
	  Recheck Cond: ((k >= 6370613) AND (k <= 6370713))
	  ->  Bitmap Index Scan on k_4  (cost=0.00..5.46 rows=103 width=0)
	        Index Cond: ((k >= 6370613) AND (k <= 6370713))

table 5 : explain SELECT k, c FROM sbtest5 WHERE k BETWEEN 6370613 AND 6370713
	Bitmap Heap Scan on sbtest5  (cost=5.55..436.62 rows=109 width=125)
	  Recheck Cond: ((k >= 6370613) AND (k <= 6370713))
	  ->  Bitmap Index Scan on k_5  (cost=0.00..5.52 rows=109 width=0)
	        Index Cond: ((k >= 6370613) AND (k <= 6370713))

table 6 : explain SELECT k, c FROM sbtest6 WHERE k BETWEEN 6370613 AND 6370713
	Bitmap Heap Scan on sbtest6  (cost=5.43..389.37 rows=97 width=125)
	  Recheck Cond: ((k >= 6370613) AND (k <= 6370713))
	  ->  Bitmap Index Scan on k_6  (cost=0.00..5.40 rows=97 width=0)
	        Index Cond: ((k >= 6370613) AND (k <= 6370713))

table 7 : explain SELECT k, c FROM sbtest7 WHERE k BETWEEN 6370613 AND 6370713
	Bitmap Heap Scan on sbtest7  (cost=5.37..365.72 rows=91 width=125)
	  Recheck Cond: ((k >= 6370613) AND (k <= 6370713))
	  ->  Bitmap Index Scan on k_7  (cost=0.00..5.34 rows=91 width=0)
	        Index Cond: ((k >= 6370613) AND (k <= 6370713))

table 8 : explain SELECT k, c FROM sbtest8 WHERE k BETWEEN 6370613 AND 6370713
	Bitmap Heap Scan on sbtest8  (cost=5.46..401.19 rows=100 width=125)
	  Recheck Cond: ((k >= 6370613) AND (k <= 6370713))
	  ->  Bitmap Index Scan on k_8  (cost=0.00..5.43 rows=100 width=0)
	        Index Cond: ((k >= 6370613) AND (k <= 6370713))

for range-notcovered
table 1 : explain SELECT k, c FROM sbtest1 WHERE k BETWEEN 2851034 AND 2851134
	Bitmap Heap Scan on sbtest1  (cost=5.45..397.25 rows=99 width=125)
	  Recheck Cond: ((k >= 2851034) AND (k <= 2851134))
	  ->  Bitmap Index Scan on k_1  (cost=0.00..5.42 rows=99 width=0)
	        Index Cond: ((k >= 2851034) AND (k <= 2851134))

table 2 : explain SELECT k, c FROM sbtest2 WHERE k BETWEEN 2851034 AND 2851134
	Bitmap Heap Scan on sbtest2  (cost=5.55..436.62 rows=109 width=125)
	  Recheck Cond: ((k >= 2851034) AND (k <= 2851134))
	  ->  Bitmap Index Scan on k_2  (cost=0.00..5.52 rows=109 width=0)
	        Index Cond: ((k >= 2851034) AND (k <= 2851134))

table 3 : explain SELECT k, c FROM sbtest3 WHERE k BETWEEN 2851034 AND 2851134
	Bitmap Heap Scan on sbtest3  (cost=5.48..409.07 rows=102 width=125)
	  Recheck Cond: ((k >= 2851034) AND (k <= 2851134))
	  ->  Bitmap Index Scan on k_3  (cost=0.00..5.45 rows=102 width=0)
	        Index Cond: ((k >= 2851034) AND (k <= 2851134))

table 4 : explain SELECT k, c FROM sbtest4 WHERE k BETWEEN 2851034 AND 2851134
	Bitmap Heap Scan on sbtest4  (cost=5.56..440.56 rows=110 width=125)
	  Recheck Cond: ((k >= 2851034) AND (k <= 2851134))
	  ->  Bitmap Index Scan on k_4  (cost=0.00..5.53 rows=110 width=0)
	        Index Cond: ((k >= 2851034) AND (k <= 2851134))

table 5 : explain SELECT k, c FROM sbtest5 WHERE k BETWEEN 2851034 AND 2851134
	Bitmap Heap Scan on sbtest5  (cost=5.44..393.31 rows=98 width=125)
	  Recheck Cond: ((k >= 2851034) AND (k <= 2851134))
	  ->  Bitmap Index Scan on k_5  (cost=0.00..5.42 rows=98 width=0)
	        Index Cond: ((k >= 2851034) AND (k <= 2851134))

table 6 : explain SELECT k, c FROM sbtest6 WHERE k BETWEEN 2851034 AND 2851134
	Bitmap Heap Scan on sbtest6  (cost=5.46..401.19 rows=100 width=125)
	  Recheck Cond: ((k >= 2851034) AND (k <= 2851134))
	  ->  Bitmap Index Scan on k_6  (cost=0.00..5.43 rows=100 width=0)
	        Index Cond: ((k >= 2851034) AND (k <= 2851134))

table 7 : explain SELECT k, c FROM sbtest7 WHERE k BETWEEN 2851034 AND 2851134
	Bitmap Heap Scan on sbtest7  (cost=5.55..436.62 rows=109 width=125)
	  Recheck Cond: ((k >= 2851034) AND (k <= 2851134))
	  ->  Bitmap Index Scan on k_7  (cost=0.00..5.52 rows=109 width=0)
	        Index Cond: ((k >= 2851034) AND (k <= 2851134))

table 8 : explain SELECT k, c FROM sbtest8 WHERE k BETWEEN 2851034 AND 2851134
	Bitmap Heap Scan on sbtest8  (cost=5.48..409.07 rows=102 width=125)
	  Recheck Cond: ((k >= 2851034) AND (k <= 2851134))
	  ->  Bitmap Index Scan on k_8  (cost=0.00..5.45 rows=102 width=0)
	        Index Cond: ((k >= 2851034) AND (k <= 2851134))

explain: for range-notcovered :: explain SELECT k, c FROM sbtest%d WHERE k BETWEEN 6370613 AND 6370713
explain: for range-notcovered :: explain SELECT k, c FROM sbtest%d WHERE k BETWEEN 2851034 AND 2851134
for range-notcovered
table 1 : explain SELECT k, c FROM sbtest1 WHERE k BETWEEN 4685558 AND 4685658
	Bitmap Heap Scan on sbtest1  (cost=5.47..405.13 rows=101 width=125)
	  Recheck Cond: ((k >= 4685558) AND (k <= 4685658))
	  ->  Bitmap Index Scan on k_1  (cost=0.00..5.44 rows=101 width=0)
	        Index Cond: ((k >= 4685558) AND (k <= 4685658))

table 2 : explain SELECT k, c FROM sbtest2 WHERE k BETWEEN 4685558 AND 4685658
	Bitmap Heap Scan on sbtest2  (cost=5.46..401.19 rows=100 width=125)
	  Recheck Cond: ((k >= 4685558) AND (k <= 4685658))
	  ->  Bitmap Index Scan on k_2  (cost=0.00..5.43 rows=100 width=0)
	        Index Cond: ((k >= 4685558) AND (k <= 4685658))

table 3 : explain SELECT k, c FROM sbtest3 WHERE k BETWEEN 4685558 AND 4685658
	Bitmap Heap Scan on sbtest3  (cost=5.40..377.55 rows=94 width=125)
	  Recheck Cond: ((k >= 4685558) AND (k <= 4685658))
	  ->  Bitmap Index Scan on k_3  (cost=0.00..5.38 rows=94 width=0)
	        Index Cond: ((k >= 4685558) AND (k <= 4685658))

table 4 : explain SELECT k, c FROM sbtest4 WHERE k BETWEEN 4685558 AND 4685658
	Bitmap Heap Scan on sbtest4  (cost=5.44..393.31 rows=98 width=125)
	  Recheck Cond: ((k >= 4685558) AND (k <= 4685658))
	  ->  Bitmap Index Scan on k_4  (cost=0.00..5.42 rows=98 width=0)
	        Index Cond: ((k >= 4685558) AND (k <= 4685658))

table 5 : explain SELECT k, c FROM sbtest5 WHERE k BETWEEN 4685558 AND 4685658
	Bitmap Heap Scan on sbtest5  (cost=5.40..377.55 rows=94 width=125)
	  Recheck Cond: ((k >= 4685558) AND (k <= 4685658))
	  ->  Bitmap Index Scan on k_5  (cost=0.00..5.38 rows=94 width=0)
	        Index Cond: ((k >= 4685558) AND (k <= 4685658))

table 6 : explain SELECT k, c FROM sbtest6 WHERE k BETWEEN 4685558 AND 4685658
	Bitmap Heap Scan on sbtest6  (cost=5.58..448.42 rows=112 width=125)
	  Recheck Cond: ((k >= 4685558) AND (k <= 4685658))
	  ->  Bitmap Index Scan on k_6  (cost=0.00..5.55 rows=112 width=0)
	        Index Cond: ((k >= 4685558) AND (k <= 4685658))

table 7 : explain SELECT k, c FROM sbtest7 WHERE k BETWEEN 4685558 AND 4685658
	Bitmap Heap Scan on sbtest7  (cost=5.45..397.25 rows=99 width=125)
	  Recheck Cond: ((k >= 4685558) AND (k <= 4685658))
	  ->  Bitmap Index Scan on k_7  (cost=0.00..5.42 rows=99 width=0)
	        Index Cond: ((k >= 4685558) AND (k <= 4685658))

table 8 : explain SELECT k, c FROM sbtest8 WHERE k BETWEEN 4685558 AND 4685658
	Bitmap Heap Scan on sbtest8  (cost=5.43..389.37 rows=97 width=125)
	  Recheck Cond: ((k >= 4685558) AND (k <= 4685658))
	  ->  Bitmap Index Scan on k_8  (cost=0.00..5.40 rows=97 width=0)
	        Index Cond: ((k >= 4685558) AND (k <= 4685658))

for range-notcovered
table 1 : explain SELECT k, c FROM sbtest1 WHERE k BETWEEN 4083931 AND 4084031
	Bitmap Heap Scan on sbtest1  (cost=5.53..428.75 rows=107 width=125)
	  Recheck Cond: ((k >= 4083931) AND (k <= 4084031))
	  ->  Bitmap Index Scan on k_1  (cost=0.00..5.50 rows=107 width=0)
	        Index Cond: ((k >= 4083931) AND (k <= 4084031))

table 2 : explain SELECT k, c FROM sbtest2 WHERE k BETWEEN 4083931 AND 4084031
	Bitmap Heap Scan on sbtest2  (cost=5.49..413.00 rows=103 width=125)
	  Recheck Cond: ((k >= 4083931) AND (k <= 4084031))
	  ->  Bitmap Index Scan on k_2  (cost=0.00..5.46 rows=103 width=0)
	        Index Cond: ((k >= 4083931) AND (k <= 4084031))

table 3 : explain SELECT k, c FROM sbtest3 WHERE k BETWEEN 4083931 AND 4084031
	Bitmap Heap Scan on sbtest3  (cost=5.49..413.00 rows=103 width=125)
	  Recheck Cond: ((k >= 4083931) AND (k <= 4084031))
	  ->  Bitmap Index Scan on k_3  (cost=0.00..5.46 rows=103 width=0)
	        Index Cond: ((k >= 4083931) AND (k <= 4084031))

table 4 : explain SELECT k, c FROM sbtest4 WHERE k BETWEEN 4083931 AND 4084031
	Bitmap Heap Scan on sbtest4  (cost=5.49..413.00 rows=103 width=125)
	  Recheck Cond: ((k >= 4083931) AND (k <= 4084031))
	  ->  Bitmap Index Scan on k_4  (cost=0.00..5.46 rows=103 width=0)
	        Index Cond: ((k >= 4083931) AND (k <= 4084031))

table 5 : explain SELECT k, c FROM sbtest5 WHERE k BETWEEN 4083931 AND 4084031
	Bitmap Heap Scan on sbtest5  (cost=5.48..409.07 rows=102 width=125)
	  Recheck Cond: ((k >= 4083931) AND (k <= 4084031))
	  ->  Bitmap Index Scan on k_5  (cost=0.00..5.45 rows=102 width=0)
	        Index Cond: ((k >= 4083931) AND (k <= 4084031))

table 6 : explain SELECT k, c FROM sbtest6 WHERE k BETWEEN 4083931 AND 4084031
	Bitmap Heap Scan on sbtest6  (cost=5.44..393.31 rows=98 width=125)
	  Recheck Cond: ((k >= 4083931) AND (k <= 4084031))
	  ->  Bitmap Index Scan on k_6  (cost=0.00..5.42 rows=98 width=0)
	        Index Cond: ((k >= 4083931) AND (k <= 4084031))

table 7 : explain SELECT k, c FROM sbtest7 WHERE k BETWEEN 4083931 AND 4084031
	Bitmap Heap Scan on sbtest7  (cost=5.50..416.94 rows=104 width=125)
	  Recheck Cond: ((k >= 4083931) AND (k <= 4084031))
	  ->  Bitmap Index Scan on k_7  (cost=0.00..5.47 rows=104 width=0)
	        Index Cond: ((k >= 4083931) AND (k <= 4084031))

table 8 : explain SELECT k, c FROM sbtest8 WHERE k BETWEEN 4083931 AND 4084031
	Bitmap Heap Scan on sbtest8  (cost=5.45..397.25 rows=99 width=125)
	  Recheck Cond: ((k >= 4083931) AND (k <= 4084031))
	  ->  Bitmap Index Scan on k_8  (cost=0.00..5.42 rows=99 width=0)
	        Index Cond: ((k >= 4083931) AND (k <= 4084031))

explain: for range-notcovered :: explain SELECT k, c FROM sbtest%d WHERE k BETWEEN 4685558 AND 4685658
for range-notcovered
table 1 : explain SELECT k, c FROM sbtest1 WHERE k BETWEEN 4357678 AND 4357778
	Bitmap Heap Scan on sbtest1  (cost=5.51..420.88 rows=105 width=125)
	  Recheck Cond: ((k >= 4357678) AND (k <= 4357778))
	  ->  Bitmap Index Scan on k_1  (cost=0.00..5.48 rows=105 width=0)
	        Index Cond: ((k >= 4357678) AND (k <= 4357778))

table 2 : explain SELECT k, c FROM sbtest2 WHERE k BETWEEN 4357678 AND 4357778
	Bitmap Heap Scan on sbtest2  (cost=5.54..432.69 rows=108 width=125)
	  Recheck Cond: ((k >= 4357678) AND (k <= 4357778))
	  ->  Bitmap Index Scan on k_2  (cost=0.00..5.51 rows=108 width=0)
	        Index Cond: ((k >= 4357678) AND (k <= 4357778))

table 3 : explain SELECT k, c FROM sbtest3 WHERE k BETWEEN 4357678 AND 4357778
	Bitmap Heap Scan on sbtest3  (cost=5.50..416.94 rows=104 width=125)
	  Recheck Cond: ((k >= 4357678) AND (k <= 4357778))
	  ->  Bitmap Index Scan on k_3  (cost=0.00..5.47 rows=104 width=0)
	        Index Cond: ((k >= 4357678) AND (k <= 4357778))

table 4 : explain SELECT k, c FROM sbtest4 WHERE k BETWEEN 4357678 AND 4357778
	Bitmap Heap Scan on sbtest4  (cost=5.43..389.37 rows=97 width=125)
	  Recheck Cond: ((k >= 4357678) AND (k <= 4357778))
	  ->  Bitmap Index Scan on k_4  (cost=0.00..5.40 rows=97 width=0)
	        Index Cond: ((k >= 4357678) AND (k <= 4357778))

table 5 : explain SELECT k, c FROM sbtest5 WHERE k BETWEEN 4357678 AND 4357778
	Bitmap Heap Scan on sbtest5  (cost=5.54..432.69 rows=108 width=125)
	  Recheck Cond: ((k >= 4357678) AND (k <= 4357778))
	  ->  Bitmap Index Scan on k_5  (cost=0.00..5.51 rows=108 width=0)
	        Index Cond: ((k >= 4357678) AND (k <= 4357778))

table 6 : explain SELECT k, c FROM sbtest6 WHERE k BETWEEN 4357678 AND 4357778
	Bitmap Heap Scan on sbtest6  (cost=5.60..456.29 rows=114 width=125)
	  Recheck Cond: ((k >= 4357678) AND (k <= 4357778))
	  ->  Bitmap Index Scan on k_6  (cost=0.00..5.58 rows=114 width=0)
	        Index Cond: ((k >= 4357678) AND (k <= 4357778))

table 7 : explain SELECT k, c FROM sbtest7 WHERE k BETWEEN 4357678 AND 4357778
	Bitmap Heap Scan on sbtest7  (cost=5.49..413.00 rows=103 width=125)
	  Recheck Cond: ((k >= 4357678) AND (k <= 4357778))
	  ->  Bitmap Index Scan on k_7  (cost=0.00..5.46 rows=103 width=0)
	        Index Cond: ((k >= 4357678) AND (k <= 4357778))

table 8 : explain SELECT k, c FROM sbtest8 WHERE k BETWEEN 4357678 AND 4357778
	Bitmap Heap Scan on sbtest8  (cost=5.54..432.69 rows=108 width=125)
	  Recheck Cond: ((k >= 4357678) AND (k <= 4357778))
	  ->  Bitmap Index Scan on k_8  (cost=0.00..5.51 rows=108 width=0)
	        Index Cond: ((k >= 4357678) AND (k <= 4357778))

explain: for range-notcovered :: explain SELECT k, c FROM sbtest%d WHERE k BETWEEN 4083931 AND 4084031
for range-notcovered
table 1 : explain SELECT k, c FROM sbtest1 WHERE k BETWEEN 1594577 AND 1594677
	Bitmap Heap Scan on sbtest1  (cost=5.48..409.07 rows=102 width=125)
	  Recheck Cond: ((k >= 1594577) AND (k <= 1594677))
	  ->  Bitmap Index Scan on k_1  (cost=0.00..5.45 rows=102 width=0)
	        Index Cond: ((k >= 1594577) AND (k <= 1594677))

table 2 : explain SELECT k, c FROM sbtest2 WHERE k BETWEEN 1594577 AND 1594677
	Bitmap Heap Scan on sbtest2  (cost=5.55..436.62 rows=109 width=125)
	  Recheck Cond: ((k >= 1594577) AND (k <= 1594677))
	  ->  Bitmap Index Scan on k_2  (cost=0.00..5.52 rows=109 width=0)
	        Index Cond: ((k >= 1594577) AND (k <= 1594677))

table 3 : explain SELECT k, c FROM sbtest3 WHERE k BETWEEN 1594577 AND 1594677
	Bitmap Heap Scan on sbtest3  (cost=5.40..377.55 rows=94 width=125)
	  Recheck Cond: ((k >= 1594577) AND (k <= 1594677))
	  ->  Bitmap Index Scan on k_3  (cost=0.00..5.38 rows=94 width=0)
	        Index Cond: ((k >= 1594577) AND (k <= 1594677))

table 4 : explain SELECT k, c FROM sbtest4 WHERE k BETWEEN 1594577 AND 1594677
	Bitmap Heap Scan on sbtest4  (cost=5.49..413.00 rows=103 width=125)
	  Recheck Cond: ((k >= 1594577) AND (k <= 1594677))
	  ->  Bitmap Index Scan on k_4  (cost=0.00..5.46 rows=103 width=0)
	        Index Cond: ((k >= 1594577) AND (k <= 1594677))

table 5 : explain SELECT k, c FROM sbtest5 WHERE k BETWEEN 1594577 AND 1594677
	Bitmap Heap Scan on sbtest5  (cost=5.48..409.07 rows=102 width=125)
	  Recheck Cond: ((k >= 1594577) AND (k <= 1594677))
	  ->  Bitmap Index Scan on k_5  (cost=0.00..5.45 rows=102 width=0)
	        Index Cond: ((k >= 1594577) AND (k <= 1594677))

table 6 : explain SELECT k, c FROM sbtest6 WHERE k BETWEEN 1594577 AND 1594677
	Bitmap Heap Scan on sbtest6  (cost=5.48..409.07 rows=102 width=125)
	  Recheck Cond: ((k >= 1594577) AND (k <= 1594677))
	  ->  Bitmap Index Scan on k_6  (cost=0.00..5.45 rows=102 width=0)
	        Index Cond: ((k >= 1594577) AND (k <= 1594677))

table 7 : explain SELECT k, c FROM sbtest7 WHERE k BETWEEN 1594577 AND 1594677
	Bitmap Heap Scan on sbtest7  (cost=5.47..405.13 rows=101 width=125)
	  Recheck Cond: ((k >= 1594577) AND (k <= 1594677))
	  ->  Bitmap Index Scan on k_7  (cost=0.00..5.44 rows=101 width=0)
	        Index Cond: ((k >= 1594577) AND (k <= 1594677))

table 8 : explain SELECT k, c FROM sbtest8 WHERE k BETWEEN 1594577 AND 1594677
	Bitmap Heap Scan on sbtest8  (cost=5.45..397.25 rows=99 width=125)
	  Recheck Cond: ((k >= 1594577) AND (k <= 1594677))
	  ->  Bitmap Index Scan on k_8  (cost=0.00..5.42 rows=99 width=0)
	        Index Cond: ((k >= 1594577) AND (k <= 1594677))

for range-notcovered
table 1 : explain SELECT k, c FROM sbtest1 WHERE k BETWEEN 1302064 AND 1302164
	Bitmap Heap Scan on sbtest1  (cost=5.54..432.69 rows=108 width=125)
	  Recheck Cond: ((k >= 1302064) AND (k <= 1302164))
	  ->  Bitmap Index Scan on k_1  (cost=0.00..5.51 rows=108 width=0)
	        Index Cond: ((k >= 1302064) AND (k <= 1302164))

table 2 : explain SELECT k, c FROM sbtest2 WHERE k BETWEEN 1302064 AND 1302164
	Bitmap Heap Scan on sbtest2  (cost=5.46..401.19 rows=100 width=125)
	  Recheck Cond: ((k >= 1302064) AND (k <= 1302164))
	  ->  Bitmap Index Scan on k_2  (cost=0.00..5.43 rows=100 width=0)
	        Index Cond: ((k >= 1302064) AND (k <= 1302164))

table 3 : explain SELECT k, c FROM sbtest3 WHERE k BETWEEN 1302064 AND 1302164
	Bitmap Heap Scan on sbtest3  (cost=5.48..409.07 rows=102 width=125)
	  Recheck Cond: ((k >= 1302064) AND (k <= 1302164))
	  ->  Bitmap Index Scan on k_3  (cost=0.00..5.45 rows=102 width=0)
	        Index Cond: ((k >= 1302064) AND (k <= 1302164))

table 4 : explain SELECT k, c FROM sbtest4 WHERE k BETWEEN 1302064 AND 1302164
	Bitmap Heap Scan on sbtest4  (cost=5.38..369.67 rows=92 width=125)
	  Recheck Cond: ((k >= 1302064) AND (k <= 1302164))
	  ->  Bitmap Index Scan on k_4  (cost=0.00..5.35 rows=92 width=0)
	        Index Cond: ((k >= 1302064) AND (k <= 1302164))

table 5 : explain SELECT k, c FROM sbtest5 WHERE k BETWEEN 1302064 AND 1302164
	Bitmap Heap Scan on sbtest5  (cost=5.43..389.37 rows=97 width=125)
	  Recheck Cond: ((k >= 1302064) AND (k <= 1302164))
	  ->  Bitmap Index Scan on k_5  (cost=0.00..5.40 rows=97 width=0)
	        Index Cond: ((k >= 1302064) AND (k <= 1302164))

table 6 : explain SELECT k, c FROM sbtest6 WHERE k BETWEEN 1302064 AND 1302164
	Bitmap Heap Scan on sbtest6  (cost=5.42..385.43 rows=96 width=125)
	  Recheck Cond: ((k >= 1302064) AND (k <= 1302164))
	  ->  Bitmap Index Scan on k_6  (cost=0.00..5.39 rows=96 width=0)
	        Index Cond: ((k >= 1302064) AND (k <= 1302164))

table 7 : explain SELECT k, c FROM sbtest7 WHERE k BETWEEN 1302064 AND 1302164
	Bitmap Heap Scan on sbtest7  (cost=5.40..377.55 rows=94 width=125)
	  Recheck Cond: ((k >= 1302064) AND (k <= 1302164))
	  ->  Bitmap Index Scan on k_7  (cost=0.00..5.38 rows=94 width=0)
	        Index Cond: ((k >= 1302064) AND (k <= 1302164))

table 8 : explain SELECT k, c FROM sbtest8 WHERE k BETWEEN 1302064 AND 1302164
	Bitmap Heap Scan on sbtest8  (cost=5.42..385.43 rows=96 width=125)
	  Recheck Cond: ((k >= 1302064) AND (k <= 1302164))
	  ->  Bitmap Index Scan on k_8  (cost=0.00..5.39 rows=96 width=0)
	        Index Cond: ((k >= 1302064) AND (k <= 1302164))

explain: for range-notcovered :: explain SELECT k, c FROM sbtest%d WHERE k BETWEEN 4357678 AND 4357778
for range-notcovered
table 1 : explain SELECT k, c FROM sbtest1 WHERE k BETWEEN 2317305 AND 2317405
	Bitmap Heap Scan on sbtest1  (cost=5.46..401.19 rows=100 width=125)
	  Recheck Cond: ((k >= 2317305) AND (k <= 2317405))
	  ->  Bitmap Index Scan on k_1  (cost=0.00..5.43 rows=100 width=0)
	        Index Cond: ((k >= 2317305) AND (k <= 2317405))

table 2 : explain SELECT k, c FROM sbtest2 WHERE k BETWEEN 2317305 AND 2317405
	Bitmap Heap Scan on sbtest2  (cost=5.43..389.37 rows=97 width=125)
	  Recheck Cond: ((k >= 2317305) AND (k <= 2317405))
	  ->  Bitmap Index Scan on k_2  (cost=0.00..5.40 rows=97 width=0)
	        Index Cond: ((k >= 2317305) AND (k <= 2317405))

table 3 : explain SELECT k, c FROM sbtest3 WHERE k BETWEEN 2317305 AND 2317405
	Bitmap Heap Scan on sbtest3  (cost=5.50..416.94 rows=104 width=125)
	  Recheck Cond: ((k >= 2317305) AND (k <= 2317405))
	  ->  Bitmap Index Scan on k_3  (cost=0.00..5.47 rows=104 width=0)
	        Index Cond: ((k >= 2317305) AND (k <= 2317405))

table 4 : explain SELECT k, c FROM sbtest4 WHERE k BETWEEN 2317305 AND 2317405
	Bitmap Heap Scan on sbtest4  (cost=5.52..424.81 rows=106 width=125)
	  Recheck Cond: ((k >= 2317305) AND (k <= 2317405))
	  ->  Bitmap Index Scan on k_4  (cost=0.00..5.50 rows=106 width=0)
	        Index Cond: ((k >= 2317305) AND (k <= 2317405))

table 5 : explain SELECT k, c FROM sbtest5 WHERE k BETWEEN 2317305 AND 2317405
	Bitmap Heap Scan on sbtest5  (cost=5.45..397.25 rows=99 width=125)
	  Recheck Cond: ((k >= 2317305) AND (k <= 2317405))
	  ->  Bitmap Index Scan on k_5  (cost=0.00..5.42 rows=99 width=0)
	        Index Cond: ((k >= 2317305) AND (k <= 2317405))

table 6 : explain SELECT k, c FROM sbtest6 WHERE k BETWEEN 2317305 AND 2317405
	Bitmap Heap Scan on sbtest6  (cost=5.43..389.37 rows=97 width=125)
	  Recheck Cond: ((k >= 2317305) AND (k <= 2317405))
	  ->  Bitmap Index Scan on k_6  (cost=0.00..5.40 rows=97 width=0)
	        Index Cond: ((k >= 2317305) AND (k <= 2317405))

table 7 : explain SELECT k, c FROM sbtest7 WHERE k BETWEEN 2317305 AND 2317405
	Bitmap Heap Scan on sbtest7  (cost=5.60..456.29 rows=114 width=125)
	  Recheck Cond: ((k >= 2317305) AND (k <= 2317405))
	  ->  Bitmap Index Scan on k_7  (cost=0.00..5.58 rows=114 width=0)
	        Index Cond: ((k >= 2317305) AND (k <= 2317405))

table 8 : explain SELECT k, c FROM sbtest8 WHERE k BETWEEN 2317305 AND 2317405
	Bitmap Heap Scan on sbtest8  (cost=5.45..397.25 rows=99 width=125)
	  Recheck Cond: ((k >= 2317305) AND (k <= 2317405))
	  ->  Bitmap Index Scan on k_8  (cost=0.00..5.42 rows=99 width=0)
	        Index Cond: ((k >= 2317305) AND (k <= 2317405))

explain: for range-notcovered :: explain SELECT k, c FROM sbtest%d WHERE k BETWEEN 1594577 AND 1594677
explain: for range-notcovered :: explain SELECT k, c FROM sbtest%d WHERE k BETWEEN 1302064 AND 1302164
for range-notcovered
table 1 : explain SELECT k, c FROM sbtest1 WHERE k BETWEEN 5282534 AND 5282634
	Bitmap Heap Scan on sbtest1  (cost=5.35..357.84 rows=89 width=125)
	  Recheck Cond: ((k >= 5282534) AND (k <= 5282634))
	  ->  Bitmap Index Scan on k_1  (cost=0.00..5.32 rows=89 width=0)
	        Index Cond: ((k >= 5282534) AND (k <= 5282634))

table 2 : explain SELECT k, c FROM sbtest2 WHERE k BETWEEN 5282534 AND 5282634
	Bitmap Heap Scan on sbtest2  (cost=5.45..397.25 rows=99 width=125)
	  Recheck Cond: ((k >= 5282534) AND (k <= 5282634))
	  ->  Bitmap Index Scan on k_2  (cost=0.00..5.42 rows=99 width=0)
	        Index Cond: ((k >= 5282534) AND (k <= 5282634))

table 3 : explain SELECT k, c FROM sbtest3 WHERE k BETWEEN 5282534 AND 5282634
	Bitmap Heap Scan on sbtest3  (cost=5.40..377.55 rows=94 width=125)
	  Recheck Cond: ((k >= 5282534) AND (k <= 5282634))
	  ->  Bitmap Index Scan on k_3  (cost=0.00..5.38 rows=94 width=0)
	        Index Cond: ((k >= 5282534) AND (k <= 5282634))

table 4 : explain SELECT k, c FROM sbtest4 WHERE k BETWEEN 5282534 AND 5282634
	Bitmap Heap Scan on sbtest4  (cost=5.47..405.13 rows=101 width=125)
	  Recheck Cond: ((k >= 5282534) AND (k <= 5282634))
	  ->  Bitmap Index Scan on k_4  (cost=0.00..5.44 rows=101 width=0)
	        Index Cond: ((k >= 5282534) AND (k <= 5282634))

table 5 : explain SELECT k, c FROM sbtest5 WHERE k BETWEEN 5282534 AND 5282634
	Bitmap Heap Scan on sbtest5  (cost=5.39..373.61 rows=93 width=125)
	  Recheck Cond: ((k >= 5282534) AND (k <= 5282634))
	  ->  Bitmap Index Scan on k_5  (cost=0.00..5.36 rows=93 width=0)
	        Index Cond: ((k >= 5282534) AND (k <= 5282634))

table 6 : explain SELECT k, c FROM sbtest6 WHERE k BETWEEN 5282534 AND 5282634
	Bitmap Heap Scan on sbtest6  (cost=5.48..409.07 rows=102 width=125)
	  Recheck Cond: ((k >= 5282534) AND (k <= 5282634))
	  ->  Bitmap Index Scan on k_6  (cost=0.00..5.45 rows=102 width=0)
	        Index Cond: ((k >= 5282534) AND (k <= 5282634))

table 7 : explain SELECT k, c FROM sbtest7 WHERE k BETWEEN 5282534 AND 5282634
	Bitmap Heap Scan on sbtest7  (cost=5.46..401.19 rows=100 width=125)
	  Recheck Cond: ((k >= 5282534) AND (k <= 5282634))
	  ->  Bitmap Index Scan on k_7  (cost=0.00..5.43 rows=100 width=0)
	        Index Cond: ((k >= 5282534) AND (k <= 5282634))

table 8 : explain SELECT k, c FROM sbtest8 WHERE k BETWEEN 5282534 AND 5282634
	Bitmap Heap Scan on sbtest8  (cost=5.60..456.29 rows=114 width=125)
	  Recheck Cond: ((k >= 5282534) AND (k <= 5282634))
	  ->  Bitmap Index Scan on k_8  (cost=0.00..5.58 rows=114 width=0)
	        Index Cond: ((k >= 5282534) AND (k <= 5282634))

explain: for range-notcovered :: explain SELECT k, c FROM sbtest%d WHERE k BETWEEN 2317305 AND 2317405
for range-notcovered
table 1 : explain SELECT k, c FROM sbtest1 WHERE k BETWEEN 4810154 AND 4810254
	Bitmap Heap Scan on sbtest1  (cost=5.48..409.07 rows=102 width=125)
	  Recheck Cond: ((k >= 4810154) AND (k <= 4810254))
	  ->  Bitmap Index Scan on k_1  (cost=0.00..5.45 rows=102 width=0)
	        Index Cond: ((k >= 4810154) AND (k <= 4810254))

table 2 : explain SELECT k, c FROM sbtest2 WHERE k BETWEEN 4810154 AND 4810254
	Bitmap Heap Scan on sbtest2  (cost=5.38..369.67 rows=92 width=125)
	  Recheck Cond: ((k >= 4810154) AND (k <= 4810254))
	  ->  Bitmap Index Scan on k_2  (cost=0.00..5.35 rows=92 width=0)
	        Index Cond: ((k >= 4810154) AND (k <= 4810254))

table 3 : explain SELECT k, c FROM sbtest3 WHERE k BETWEEN 4810154 AND 4810254
	Bitmap Heap Scan on sbtest3  (cost=5.47..405.13 rows=101 width=125)
	  Recheck Cond: ((k >= 4810154) AND (k <= 4810254))
	  ->  Bitmap Index Scan on k_3  (cost=0.00..5.44 rows=101 width=0)
	        Index Cond: ((k >= 4810154) AND (k <= 4810254))

table 4 : explain SELECT k, c FROM sbtest4 WHERE k BETWEEN 4810154 AND 4810254
	Bitmap Heap Scan on sbtest4  (cost=5.50..416.94 rows=104 width=125)
	  Recheck Cond: ((k >= 4810154) AND (k <= 4810254))
	  ->  Bitmap Index Scan on k_4  (cost=0.00..5.47 rows=104 width=0)
	        Index Cond: ((k >= 4810154) AND (k <= 4810254))

table 5 : explain SELECT k, c FROM sbtest5 WHERE k BETWEEN 4810154 AND 4810254
	Bitmap Heap Scan on sbtest5  (cost=5.39..373.61 rows=93 width=125)
	  Recheck Cond: ((k >= 4810154) AND (k <= 4810254))
	  ->  Bitmap Index Scan on k_5  (cost=0.00..5.36 rows=93 width=0)
	        Index Cond: ((k >= 4810154) AND (k <= 4810254))

table 6 : explain SELECT k, c FROM sbtest6 WHERE k BETWEEN 4810154 AND 4810254
	Bitmap Heap Scan on sbtest6  (cost=5.51..420.88 rows=105 width=125)
	  Recheck Cond: ((k >= 4810154) AND (k <= 4810254))
	  ->  Bitmap Index Scan on k_6  (cost=0.00..5.48 rows=105 width=0)
	        Index Cond: ((k >= 4810154) AND (k <= 4810254))

table 7 : explain SELECT k, c FROM sbtest7 WHERE k BETWEEN 4810154 AND 4810254
	Bitmap Heap Scan on sbtest7  (cost=5.47..405.13 rows=101 width=125)
	  Recheck Cond: ((k >= 4810154) AND (k <= 4810254))
	  ->  Bitmap Index Scan on k_7  (cost=0.00..5.44 rows=101 width=0)
	        Index Cond: ((k >= 4810154) AND (k <= 4810254))

table 8 : explain SELECT k, c FROM sbtest8 WHERE k BETWEEN 4810154 AND 4810254
	Bitmap Heap Scan on sbtest8  (cost=5.40..377.55 rows=94 width=125)
	  Recheck Cond: ((k >= 4810154) AND (k <= 4810254))
	  ->  Bitmap Index Scan on k_8  (cost=0.00..5.38 rows=94 width=0)
	        Index Cond: ((k >= 4810154) AND (k <= 4810254))

explain: for range-notcovered :: explain SELECT k, c FROM sbtest%d WHERE k BETWEEN 5282534 AND 5282634
for range-notcovered
table 1 : explain SELECT k, c FROM sbtest1 WHERE k BETWEEN 1964833 AND 1964933
	Bitmap Heap Scan on sbtest1  (cost=5.48..409.07 rows=102 width=125)
	  Recheck Cond: ((k >= 1964833) AND (k <= 1964933))
	  ->  Bitmap Index Scan on k_1  (cost=0.00..5.45 rows=102 width=0)
	        Index Cond: ((k >= 1964833) AND (k <= 1964933))

table 2 : explain SELECT k, c FROM sbtest2 WHERE k BETWEEN 1964833 AND 1964933
	Bitmap Heap Scan on sbtest2  (cost=5.41..381.49 rows=95 width=125)
	  Recheck Cond: ((k >= 1964833) AND (k <= 1964933))
	  ->  Bitmap Index Scan on k_2  (cost=0.00..5.38 rows=95 width=0)
	        Index Cond: ((k >= 1964833) AND (k <= 1964933))

table 3 : explain SELECT k, c FROM sbtest3 WHERE k BETWEEN 1964833 AND 1964933
	Bitmap Heap Scan on sbtest3  (cost=5.43..389.37 rows=97 width=125)
	  Recheck Cond: ((k >= 1964833) AND (k <= 1964933))
	  ->  Bitmap Index Scan on k_3  (cost=0.00..5.40 rows=97 width=0)
	        Index Cond: ((k >= 1964833) AND (k <= 1964933))

table 4 : explain SELECT k, c FROM sbtest4 WHERE k BETWEEN 1964833 AND 1964933
	Bitmap Heap Scan on sbtest4  (cost=5.40..377.55 rows=94 width=125)
	  Recheck Cond: ((k >= 1964833) AND (k <= 1964933))
	  ->  Bitmap Index Scan on k_4  (cost=0.00..5.38 rows=94 width=0)
	        Index Cond: ((k >= 1964833) AND (k <= 1964933))

table 5 : explain SELECT k, c FROM sbtest5 WHERE k BETWEEN 1964833 AND 1964933
	Bitmap Heap Scan on sbtest5  (cost=5.57..444.49 rows=111 width=125)
	  Recheck Cond: ((k >= 1964833) AND (k <= 1964933))
	  ->  Bitmap Index Scan on k_5  (cost=0.00..5.54 rows=111 width=0)
	        Index Cond: ((k >= 1964833) AND (k <= 1964933))

table 6 : explain SELECT k, c FROM sbtest6 WHERE k BETWEEN 1964833 AND 1964933
	Bitmap Heap Scan on sbtest6  (cost=5.36..361.78 rows=90 width=125)
	  Recheck Cond: ((k >= 1964833) AND (k <= 1964933))
	  ->  Bitmap Index Scan on k_6  (cost=0.00..5.33 rows=90 width=0)
	        Index Cond: ((k >= 1964833) AND (k <= 1964933))

table 7 : explain SELECT k, c FROM sbtest7 WHERE k BETWEEN 1964833 AND 1964933
	Bitmap Heap Scan on sbtest7  (cost=5.46..401.19 rows=100 width=125)
	  Recheck Cond: ((k >= 1964833) AND (k <= 1964933))
	  ->  Bitmap Index Scan on k_7  (cost=0.00..5.43 rows=100 width=0)
	        Index Cond: ((k >= 1964833) AND (k <= 1964933))

table 8 : explain SELECT k, c FROM sbtest8 WHERE k BETWEEN 1964833 AND 1964933
	Bitmap Heap Scan on sbtest8  (cost=5.50..416.94 rows=104 width=125)
	  Recheck Cond: ((k >= 1964833) AND (k <= 1964933))
	  ->  Bitmap Index Scan on k_8  (cost=0.00..5.47 rows=104 width=0)
	        Index Cond: ((k >= 1964833) AND (k <= 1964933))

explain: for range-notcovered :: explain SELECT k, c FROM sbtest%d WHERE k BETWEEN 4810154 AND 4810254
explain: for range-notcovered :: explain SELECT k, c FROM sbtest%d WHERE k BETWEEN 1964833 AND 1964933
for range-notcovered
table 1 : explain SELECT k, c FROM sbtest1 WHERE k BETWEEN 6370613 AND 6370713
	Bitmap Heap Scan on sbtest1  (cost=5.49..413.00 rows=103 width=125)
	  Recheck Cond: ((k >= 6370613) AND (k <= 6370713))
	  ->  Bitmap Index Scan on k_1  (cost=0.00..5.46 rows=103 width=0)
	        Index Cond: ((k >= 6370613) AND (k <= 6370713))

table 2 : explain SELECT k, c FROM sbtest2 WHERE k BETWEEN 6370613 AND 6370713
	Bitmap Heap Scan on sbtest2  (cost=5.41..381.49 rows=95 width=125)
	  Recheck Cond: ((k >= 6370613) AND (k <= 6370713))
	  ->  Bitmap Index Scan on k_2  (cost=0.00..5.38 rows=95 width=0)
	        Index Cond: ((k >= 6370613) AND (k <= 6370713))

table 3 : explain SELECT k, c FROM sbtest3 WHERE k BETWEEN 6370613 AND 6370713
	Bitmap Heap Scan on sbtest3  (cost=5.47..405.13 rows=101 width=125)
	  Recheck Cond: ((k >= 6370613) AND (k <= 6370713))
	  ->  Bitmap Index Scan on k_3  (cost=0.00..5.44 rows=101 width=0)
	        Index Cond: ((k >= 6370613) AND (k <= 6370713))

table 4 : explain SELECT k, c FROM sbtest4 WHERE k BETWEEN 6370613 AND 6370713
	Bitmap Heap Scan on sbtest4  (cost=5.49..413.00 rows=103 width=125)
	  Recheck Cond: ((k >= 6370613) AND (k <= 6370713))
	  ->  Bitmap Index Scan on k_4  (cost=0.00..5.46 rows=103 width=0)
	        Index Cond: ((k >= 6370613) AND (k <= 6370713))

table 5 : explain SELECT k, c FROM sbtest5 WHERE k BETWEEN 6370613 AND 6370713
	Bitmap Heap Scan on sbtest5  (cost=5.55..436.62 rows=109 width=125)
	  Recheck Cond: ((k >= 6370613) AND (k <= 6370713))
	  ->  Bitmap Index Scan on k_5  (cost=0.00..5.52 rows=109 width=0)
	        Index Cond: ((k >= 6370613) AND (k <= 6370713))

table 6 : explain SELECT k, c FROM sbtest6 WHERE k BETWEEN 6370613 AND 6370713
	Bitmap Heap Scan on sbtest6  (cost=5.43..389.37 rows=97 width=125)
	  Recheck Cond: ((k >= 6370613) AND (k <= 6370713))
	  ->  Bitmap Index Scan on k_6  (cost=0.00..5.40 rows=97 width=0)
	        Index Cond: ((k >= 6370613) AND (k <= 6370713))

table 7 : explain SELECT k, c FROM sbtest7 WHERE k BETWEEN 6370613 AND 6370713
	Bitmap Heap Scan on sbtest7  (cost=5.37..365.72 rows=91 width=125)
	  Recheck Cond: ((k >= 6370613) AND (k <= 6370713))
	  ->  Bitmap Index Scan on k_7  (cost=0.00..5.34 rows=91 width=0)
	        Index Cond: ((k >= 6370613) AND (k <= 6370713))

table 8 : explain SELECT k, c FROM sbtest8 WHERE k BETWEEN 6370613 AND 6370713
	Bitmap Heap Scan on sbtest8  (cost=5.46..401.19 rows=100 width=125)
	  Recheck Cond: ((k >= 6370613) AND (k <= 6370713))
	  ->  Bitmap Index Scan on k_8  (cost=0.00..5.43 rows=100 width=0)
	        Index Cond: ((k >= 6370613) AND (k <= 6370713))

for range-notcovered
table 1 : explain SELECT k, c FROM sbtest1 WHERE k BETWEEN 2851034 AND 2851134
	Bitmap Heap Scan on sbtest1  (cost=5.45..397.25 rows=99 width=125)
	  Recheck Cond: ((k >= 2851034) AND (k <= 2851134))
	  ->  Bitmap Index Scan on k_1  (cost=0.00..5.42 rows=99 width=0)
	        Index Cond: ((k >= 2851034) AND (k <= 2851134))

table 2 : explain SELECT k, c FROM sbtest2 WHERE k BETWEEN 2851034 AND 2851134
	Bitmap Heap Scan on sbtest2  (cost=5.55..436.62 rows=109 width=125)
	  Recheck Cond: ((k >= 2851034) AND (k <= 2851134))
	  ->  Bitmap Index Scan on k_2  (cost=0.00..5.52 rows=109 width=0)
	        Index Cond: ((k >= 2851034) AND (k <= 2851134))

table 3 : explain SELECT k, c FROM sbtest3 WHERE k BETWEEN 2851034 AND 2851134
	Bitmap Heap Scan on sbtest3  (cost=5.48..409.07 rows=102 width=125)
	  Recheck Cond: ((k >= 2851034) AND (k <= 2851134))
	  ->  Bitmap Index Scan on k_3  (cost=0.00..5.45 rows=102 width=0)
	        Index Cond: ((k >= 2851034) AND (k <= 2851134))

table 4 : explain SELECT k, c FROM sbtest4 WHERE k BETWEEN 2851034 AND 2851134
	Bitmap Heap Scan on sbtest4  (cost=5.56..440.56 rows=110 width=125)
	  Recheck Cond: ((k >= 2851034) AND (k <= 2851134))
	  ->  Bitmap Index Scan on k_4  (cost=0.00..5.53 rows=110 width=0)
	        Index Cond: ((k >= 2851034) AND (k <= 2851134))

table 5 : explain SELECT k, c FROM sbtest5 WHERE k BETWEEN 2851034 AND 2851134
	Bitmap Heap Scan on sbtest5  (cost=5.44..393.31 rows=98 width=125)
	  Recheck Cond: ((k >= 2851034) AND (k <= 2851134))
	  ->  Bitmap Index Scan on k_5  (cost=0.00..5.42 rows=98 width=0)
	        Index Cond: ((k >= 2851034) AND (k <= 2851134))

table 6 : explain SELECT k, c FROM sbtest6 WHERE k BETWEEN 2851034 AND 2851134
	Bitmap Heap Scan on sbtest6  (cost=5.46..401.19 rows=100 width=125)
	  Recheck Cond: ((k >= 2851034) AND (k <= 2851134))
	  ->  Bitmap Index Scan on k_6  (cost=0.00..5.43 rows=100 width=0)
	        Index Cond: ((k >= 2851034) AND (k <= 2851134))

table 7 : explain SELECT k, c FROM sbtest7 WHERE k BETWEEN 2851034 AND 2851134
	Bitmap Heap Scan on sbtest7  (cost=5.55..436.62 rows=109 width=125)
	  Recheck Cond: ((k >= 2851034) AND (k <= 2851134))
	  ->  Bitmap Index Scan on k_7  (cost=0.00..5.52 rows=109 width=0)
	        Index Cond: ((k >= 2851034) AND (k <= 2851134))

table 8 : explain SELECT k, c FROM sbtest8 WHERE k BETWEEN 2851034 AND 2851134
	Bitmap Heap Scan on sbtest8  (cost=5.48..409.07 rows=102 width=125)
	  Recheck Cond: ((k >= 2851034) AND (k <= 2851134))
	  ->  Bitmap Index Scan on k_8  (cost=0.00..5.45 rows=102 width=0)
	        Index Cond: ((k >= 2851034) AND (k <= 2851134))

for range-notcovered
table 1 : explain SELECT k, c FROM sbtest1 WHERE k BETWEEN 4850540 AND 4850640
	Bitmap Heap Scan on sbtest1  (cost=5.48..409.07 rows=102 width=125)
	  Recheck Cond: ((k >= 4850540) AND (k <= 4850640))
	  ->  Bitmap Index Scan on k_1  (cost=0.00..5.45 rows=102 width=0)
	        Index Cond: ((k >= 4850540) AND (k <= 4850640))

table 2 : explain SELECT k, c FROM sbtest2 WHERE k BETWEEN 4850540 AND 4850640
	Bitmap Heap Scan on sbtest2  (cost=5.38..369.67 rows=92 width=125)
	  Recheck Cond: ((k >= 4850540) AND (k <= 4850640))
	  ->  Bitmap Index Scan on k_2  (cost=0.00..5.35 rows=92 width=0)
	        Index Cond: ((k >= 4850540) AND (k <= 4850640))

table 3 : explain SELECT k, c FROM sbtest3 WHERE k BETWEEN 4850540 AND 4850640
	Bitmap Heap Scan on sbtest3  (cost=5.47..405.13 rows=101 width=125)
	  Recheck Cond: ((k >= 4850540) AND (k <= 4850640))
	  ->  Bitmap Index Scan on k_3  (cost=0.00..5.44 rows=101 width=0)
	        Index Cond: ((k >= 4850540) AND (k <= 4850640))

table 4 : explain SELECT k, c FROM sbtest4 WHERE k BETWEEN 4850540 AND 4850640
	Bitmap Heap Scan on sbtest4  (cost=5.46..401.19 rows=100 width=125)
	  Recheck Cond: ((k >= 4850540) AND (k <= 4850640))
	  ->  Bitmap Index Scan on k_4  (cost=0.00..5.43 rows=100 width=0)
	        Index Cond: ((k >= 4850540) AND (k <= 4850640))

table 5 : explain SELECT k, c FROM sbtest5 WHERE k BETWEEN 4850540 AND 4850640
	Bitmap Heap Scan on sbtest5  (cost=5.39..373.61 rows=93 width=125)
	  Recheck Cond: ((k >= 4850540) AND (k <= 4850640))
	  ->  Bitmap Index Scan on k_5  (cost=0.00..5.36 rows=93 width=0)
	        Index Cond: ((k >= 4850540) AND (k <= 4850640))

table 6 : explain SELECT k, c FROM sbtest6 WHERE k BETWEEN 4850540 AND 4850640
	Bitmap Heap Scan on sbtest6  (cost=5.51..420.88 rows=105 width=125)
	  Recheck Cond: ((k >= 4850540) AND (k <= 4850640))
	  ->  Bitmap Index Scan on k_6  (cost=0.00..5.48 rows=105 width=0)
	        Index Cond: ((k >= 4850540) AND (k <= 4850640))

table 7 : explain SELECT k, c FROM sbtest7 WHERE k BETWEEN 4850540 AND 4850640
	Bitmap Heap Scan on sbtest7  (cost=5.47..405.13 rows=101 width=125)
	  Recheck Cond: ((k >= 4850540) AND (k <= 4850640))
	  ->  Bitmap Index Scan on k_7  (cost=0.00..5.44 rows=101 width=0)
	        Index Cond: ((k >= 4850540) AND (k <= 4850640))

table 8 : explain SELECT k, c FROM sbtest8 WHERE k BETWEEN 4850540 AND 4850640
	Bitmap Heap Scan on sbtest8  (cost=5.54..432.69 rows=108 width=125)
	  Recheck Cond: ((k >= 4850540) AND (k <= 4850640))
	  ->  Bitmap Index Scan on k_8  (cost=0.00..5.51 rows=108 width=0)
	        Index Cond: ((k >= 4850540) AND (k <= 4850640))

explain: for range-notcovered :: explain SELECT k, c FROM sbtest%d WHERE k BETWEEN 6370613 AND 6370713
explain: for range-notcovered :: explain SELECT k, c FROM sbtest%d WHERE k BETWEEN 2851034 AND 2851134
explain: for range-notcovered :: explain SELECT k, c FROM sbtest%d WHERE k BETWEEN 4850540 AND 4850640
for range-notcovered
table 1 : explain SELECT k, c FROM sbtest1 WHERE k BETWEEN 4685558 AND 4685658
	Bitmap Heap Scan on sbtest1  (cost=5.47..405.13 rows=101 width=125)
	  Recheck Cond: ((k >= 4685558) AND (k <= 4685658))
	  ->  Bitmap Index Scan on k_1  (cost=0.00..5.44 rows=101 width=0)
	        Index Cond: ((k >= 4685558) AND (k <= 4685658))

table 2 : explain SELECT k, c FROM sbtest2 WHERE k BETWEEN 4685558 AND 4685658
	Bitmap Heap Scan on sbtest2  (cost=5.46..401.19 rows=100 width=125)
	  Recheck Cond: ((k >= 4685558) AND (k <= 4685658))
	  ->  Bitmap Index Scan on k_2  (cost=0.00..5.43 rows=100 width=0)
	        Index Cond: ((k >= 4685558) AND (k <= 4685658))

table 3 : explain SELECT k, c FROM sbtest3 WHERE k BETWEEN 4685558 AND 4685658
	Bitmap Heap Scan on sbtest3  (cost=5.40..377.55 rows=94 width=125)
	  Recheck Cond: ((k >= 4685558) AND (k <= 4685658))
	  ->  Bitmap Index Scan on k_3  (cost=0.00..5.38 rows=94 width=0)
	        Index Cond: ((k >= 4685558) AND (k <= 4685658))

table 4 : explain SELECT k, c FROM sbtest4 WHERE k BETWEEN 4685558 AND 4685658
	Bitmap Heap Scan on sbtest4  (cost=5.44..393.31 rows=98 width=125)
	  Recheck Cond: ((k >= 4685558) AND (k <= 4685658))
	  ->  Bitmap Index Scan on k_4  (cost=0.00..5.42 rows=98 width=0)
	        Index Cond: ((k >= 4685558) AND (k <= 4685658))

table 5 : explain SELECT k, c FROM sbtest5 WHERE k BETWEEN 4685558 AND 4685658
	Bitmap Heap Scan on sbtest5  (cost=5.40..377.55 rows=94 width=125)
	  Recheck Cond: ((k >= 4685558) AND (k <= 4685658))
	  ->  Bitmap Index Scan on k_5  (cost=0.00..5.38 rows=94 width=0)
	        Index Cond: ((k >= 4685558) AND (k <= 4685658))

table 6 : explain SELECT k, c FROM sbtest6 WHERE k BETWEEN 4685558 AND 4685658
	Bitmap Heap Scan on sbtest6  (cost=5.58..448.42 rows=112 width=125)
	  Recheck Cond: ((k >= 4685558) AND (k <= 4685658))
	  ->  Bitmap Index Scan on k_6  (cost=0.00..5.55 rows=112 width=0)
	        Index Cond: ((k >= 4685558) AND (k <= 4685658))

table 7 : explain SELECT k, c FROM sbtest7 WHERE k BETWEEN 4685558 AND 4685658
	Bitmap Heap Scan on sbtest7  (cost=5.45..397.25 rows=99 width=125)
	  Recheck Cond: ((k >= 4685558) AND (k <= 4685658))
	  ->  Bitmap Index Scan on k_7  (cost=0.00..5.42 rows=99 width=0)
	        Index Cond: ((k >= 4685558) AND (k <= 4685658))

table 8 : explain SELECT k, c FROM sbtest8 WHERE k BETWEEN 4685558 AND 4685658
	Bitmap Heap Scan on sbtest8  (cost=5.43..389.37 rows=97 width=125)
	  Recheck Cond: ((k >= 4685558) AND (k <= 4685658))
	  ->  Bitmap Index Scan on k_8  (cost=0.00..5.40 rows=97 width=0)
	        Index Cond: ((k >= 4685558) AND (k <= 4685658))

for range-notcovered
table 1 : explain SELECT k, c FROM sbtest1 WHERE k BETWEEN 4083931 AND 4084031
	Bitmap Heap Scan on sbtest1  (cost=5.53..428.75 rows=107 width=125)
	  Recheck Cond: ((k >= 4083931) AND (k <= 4084031))
	  ->  Bitmap Index Scan on k_1  (cost=0.00..5.50 rows=107 width=0)
	        Index Cond: ((k >= 4083931) AND (k <= 4084031))

table 2 : explain SELECT k, c FROM sbtest2 WHERE k BETWEEN 4083931 AND 4084031
	Bitmap Heap Scan on sbtest2  (cost=5.49..413.00 rows=103 width=125)
	  Recheck Cond: ((k >= 4083931) AND (k <= 4084031))
	  ->  Bitmap Index Scan on k_2  (cost=0.00..5.46 rows=103 width=0)
	        Index Cond: ((k >= 4083931) AND (k <= 4084031))

table 3 : explain SELECT k, c FROM sbtest3 WHERE k BETWEEN 4083931 AND 4084031
	Bitmap Heap Scan on sbtest3  (cost=5.49..413.00 rows=103 width=125)
	  Recheck Cond: ((k >= 4083931) AND (k <= 4084031))
	  ->  Bitmap Index Scan on k_3  (cost=0.00..5.46 rows=103 width=0)
	        Index Cond: ((k >= 4083931) AND (k <= 4084031))

table 4 : explain SELECT k, c FROM sbtest4 WHERE k BETWEEN 4083931 AND 4084031
	Bitmap Heap Scan on sbtest4  (cost=5.49..413.00 rows=103 width=125)
	  Recheck Cond: ((k >= 4083931) AND (k <= 4084031))
	  ->  Bitmap Index Scan on k_4  (cost=0.00..5.46 rows=103 width=0)
	        Index Cond: ((k >= 4083931) AND (k <= 4084031))

table 5 : explain SELECT k, c FROM sbtest5 WHERE k BETWEEN 4083931 AND 4084031
	Bitmap Heap Scan on sbtest5  (cost=5.48..409.07 rows=102 width=125)
	  Recheck Cond: ((k >= 4083931) AND (k <= 4084031))
	  ->  Bitmap Index Scan on k_5  (cost=0.00..5.45 rows=102 width=0)
	        Index Cond: ((k >= 4083931) AND (k <= 4084031))

table 6 : explain SELECT k, c FROM sbtest6 WHERE k BETWEEN 4083931 AND 4084031
	Bitmap Heap Scan on sbtest6  (cost=5.44..393.31 rows=98 width=125)
	  Recheck Cond: ((k >= 4083931) AND (k <= 4084031))
	  ->  Bitmap Index Scan on k_6  (cost=0.00..5.42 rows=98 width=0)
	        Index Cond: ((k >= 4083931) AND (k <= 4084031))

table 7 : explain SELECT k, c FROM sbtest7 WHERE k BETWEEN 4083931 AND 4084031
	Bitmap Heap Scan on sbtest7  (cost=5.50..416.94 rows=104 width=125)
	  Recheck Cond: ((k >= 4083931) AND (k <= 4084031))
	  ->  Bitmap Index Scan on k_7  (cost=0.00..5.47 rows=104 width=0)
	        Index Cond: ((k >= 4083931) AND (k <= 4084031))

table 8 : explain SELECT k, c FROM sbtest8 WHERE k BETWEEN 4083931 AND 4084031
	Bitmap Heap Scan on sbtest8  (cost=5.45..397.25 rows=99 width=125)
	  Recheck Cond: ((k >= 4083931) AND (k <= 4084031))
	  ->  Bitmap Index Scan on k_8  (cost=0.00..5.42 rows=99 width=0)
	        Index Cond: ((k >= 4083931) AND (k <= 4084031))

explain: for range-notcovered :: explain SELECT k, c FROM sbtest%d WHERE k BETWEEN 4685558 AND 4685658
for range-notcovered
table 1 : explain SELECT k, c FROM sbtest1 WHERE k BETWEEN 4357678 AND 4357778
	Bitmap Heap Scan on sbtest1  (cost=5.51..420.88 rows=105 width=125)
	  Recheck Cond: ((k >= 4357678) AND (k <= 4357778))
	  ->  Bitmap Index Scan on k_1  (cost=0.00..5.48 rows=105 width=0)
	        Index Cond: ((k >= 4357678) AND (k <= 4357778))

table 2 : explain SELECT k, c FROM sbtest2 WHERE k BETWEEN 4357678 AND 4357778
	Bitmap Heap Scan on sbtest2  (cost=5.54..432.69 rows=108 width=125)
	  Recheck Cond: ((k >= 4357678) AND (k <= 4357778))
	  ->  Bitmap Index Scan on k_2  (cost=0.00..5.51 rows=108 width=0)
	        Index Cond: ((k >= 4357678) AND (k <= 4357778))

table 3 : explain SELECT k, c FROM sbtest3 WHERE k BETWEEN 4357678 AND 4357778
	Bitmap Heap Scan on sbtest3  (cost=5.50..416.94 rows=104 width=125)
	  Recheck Cond: ((k >= 4357678) AND (k <= 4357778))
	  ->  Bitmap Index Scan on k_3  (cost=0.00..5.47 rows=104 width=0)
	        Index Cond: ((k >= 4357678) AND (k <= 4357778))

table 4 : explain SELECT k, c FROM sbtest4 WHERE k BETWEEN 4357678 AND 4357778
	Bitmap Heap Scan on sbtest4  (cost=5.43..389.37 rows=97 width=125)
	  Recheck Cond: ((k >= 4357678) AND (k <= 4357778))
	  ->  Bitmap Index Scan on k_4  (cost=0.00..5.40 rows=97 width=0)
	        Index Cond: ((k >= 4357678) AND (k <= 4357778))

table 5 : explain SELECT k, c FROM sbtest5 WHERE k BETWEEN 4357678 AND 4357778
	Bitmap Heap Scan on sbtest5  (cost=5.54..432.69 rows=108 width=125)
	  Recheck Cond: ((k >= 4357678) AND (k <= 4357778))
	  ->  Bitmap Index Scan on k_5  (cost=0.00..5.51 rows=108 width=0)
	        Index Cond: ((k >= 4357678) AND (k <= 4357778))

table 6 : explain SELECT k, c FROM sbtest6 WHERE k BETWEEN 4357678 AND 4357778
	Bitmap Heap Scan on sbtest6  (cost=5.60..456.29 rows=114 width=125)
	  Recheck Cond: ((k >= 4357678) AND (k <= 4357778))
	  ->  Bitmap Index Scan on k_6  (cost=0.00..5.58 rows=114 width=0)
	        Index Cond: ((k >= 4357678) AND (k <= 4357778))

table 7 : explain SELECT k, c FROM sbtest7 WHERE k BETWEEN 4357678 AND 4357778
	Bitmap Heap Scan on sbtest7  (cost=5.49..413.00 rows=103 width=125)
	  Recheck Cond: ((k >= 4357678) AND (k <= 4357778))
	  ->  Bitmap Index Scan on k_7  (cost=0.00..5.46 rows=103 width=0)
	        Index Cond: ((k >= 4357678) AND (k <= 4357778))

table 8 : explain SELECT k, c FROM sbtest8 WHERE k BETWEEN 4357678 AND 4357778
	Bitmap Heap Scan on sbtest8  (cost=5.54..432.69 rows=108 width=125)
	  Recheck Cond: ((k >= 4357678) AND (k <= 4357778))
	  ->  Bitmap Index Scan on k_8  (cost=0.00..5.51 rows=108 width=0)
	        Index Cond: ((k >= 4357678) AND (k <= 4357778))

explain: for range-notcovered :: explain SELECT k, c FROM sbtest%d WHERE k BETWEEN 4083931 AND 4084031
for range-notcovered
table 1 : explain SELECT k, c FROM sbtest1 WHERE k BETWEEN 2317305 AND 2317405
	Bitmap Heap Scan on sbtest1  (cost=5.46..401.19 rows=100 width=125)
	  Recheck Cond: ((k >= 2317305) AND (k <= 2317405))
	  ->  Bitmap Index Scan on k_1  (cost=0.00..5.43 rows=100 width=0)
	        Index Cond: ((k >= 2317305) AND (k <= 2317405))

table 2 : explain SELECT k, c FROM sbtest2 WHERE k BETWEEN 2317305 AND 2317405
	Bitmap Heap Scan on sbtest2  (cost=5.43..389.37 rows=97 width=125)
	  Recheck Cond: ((k >= 2317305) AND (k <= 2317405))
	  ->  Bitmap Index Scan on k_2  (cost=0.00..5.40 rows=97 width=0)
	        Index Cond: ((k >= 2317305) AND (k <= 2317405))

table 3 : explain SELECT k, c FROM sbtest3 WHERE k BETWEEN 2317305 AND 2317405
	Bitmap Heap Scan on sbtest3  (cost=5.50..416.94 rows=104 width=125)
	  Recheck Cond: ((k >= 2317305) AND (k <= 2317405))
	  ->  Bitmap Index Scan on k_3  (cost=0.00..5.47 rows=104 width=0)
	        Index Cond: ((k >= 2317305) AND (k <= 2317405))

table 4 : explain SELECT k, c FROM sbtest4 WHERE k BETWEEN 2317305 AND 2317405
	Bitmap Heap Scan on sbtest4  (cost=5.52..424.81 rows=106 width=125)
	  Recheck Cond: ((k >= 2317305) AND (k <= 2317405))
	  ->  Bitmap Index Scan on k_4  (cost=0.00..5.50 rows=106 width=0)
	        Index Cond: ((k >= 2317305) AND (k <= 2317405))

table 5 : explain SELECT k, c FROM sbtest5 WHERE k BETWEEN 2317305 AND 2317405
	Bitmap Heap Scan on sbtest5  (cost=5.45..397.25 rows=99 width=125)
	  Recheck Cond: ((k >= 2317305) AND (k <= 2317405))
	  ->  Bitmap Index Scan on k_5  (cost=0.00..5.42 rows=99 width=0)
	        Index Cond: ((k >= 2317305) AND (k <= 2317405))

table 6 : explain SELECT k, c FROM sbtest6 WHERE k BETWEEN 2317305 AND 2317405
	Bitmap Heap Scan on sbtest6  (cost=5.43..389.37 rows=97 width=125)
	  Recheck Cond: ((k >= 2317305) AND (k <= 2317405))
	  ->  Bitmap Index Scan on k_6  (cost=0.00..5.40 rows=97 width=0)
	        Index Cond: ((k >= 2317305) AND (k <= 2317405))

table 7 : explain SELECT k, c FROM sbtest7 WHERE k BETWEEN 2317305 AND 2317405
	Bitmap Heap Scan on sbtest7  (cost=5.60..456.29 rows=114 width=125)
	  Recheck Cond: ((k >= 2317305) AND (k <= 2317405))
	  ->  Bitmap Index Scan on k_7  (cost=0.00..5.58 rows=114 width=0)
	        Index Cond: ((k >= 2317305) AND (k <= 2317405))

table 8 : explain SELECT k, c FROM sbtest8 WHERE k BETWEEN 2317305 AND 2317405
	Bitmap Heap Scan on sbtest8  (cost=5.45..397.25 rows=99 width=125)
	  Recheck Cond: ((k >= 2317305) AND (k <= 2317405))
	  ->  Bitmap Index Scan on k_8  (cost=0.00..5.42 rows=99 width=0)
	        Index Cond: ((k >= 2317305) AND (k <= 2317405))

for range-notcovered
table 1 : explain SELECT k, c FROM sbtest1 WHERE k BETWEEN 1594577 AND 1594677
	Bitmap Heap Scan on sbtest1  (cost=5.48..409.07 rows=102 width=125)
	  Recheck Cond: ((k >= 1594577) AND (k <= 1594677))
	  ->  Bitmap Index Scan on k_1  (cost=0.00..5.45 rows=102 width=0)
	        Index Cond: ((k >= 1594577) AND (k <= 1594677))

table 2 : explain SELECT k, c FROM sbtest2 WHERE k BETWEEN 1594577 AND 1594677
	Bitmap Heap Scan on sbtest2  (cost=5.55..436.62 rows=109 width=125)
	  Recheck Cond: ((k >= 1594577) AND (k <= 1594677))
	  ->  Bitmap Index Scan on k_2  (cost=0.00..5.52 rows=109 width=0)
	        Index Cond: ((k >= 1594577) AND (k <= 1594677))

table 3 : explain SELECT k, c FROM sbtest3 WHERE k BETWEEN 1594577 AND 1594677
	Bitmap Heap Scan on sbtest3  (cost=5.40..377.55 rows=94 width=125)
	  Recheck Cond: ((k >= 1594577) AND (k <= 1594677))
	  ->  Bitmap Index Scan on k_3  (cost=0.00..5.38 rows=94 width=0)
	        Index Cond: ((k >= 1594577) AND (k <= 1594677))

table 4 : explain SELECT k, c FROM sbtest4 WHERE k BETWEEN 1594577 AND 1594677
	Bitmap Heap Scan on sbtest4  (cost=5.49..413.00 rows=103 width=125)
	  Recheck Cond: ((k >= 1594577) AND (k <= 1594677))
	  ->  Bitmap Index Scan on k_4  (cost=0.00..5.46 rows=103 width=0)
	        Index Cond: ((k >= 1594577) AND (k <= 1594677))

table 5 : explain SELECT k, c FROM sbtest5 WHERE k BETWEEN 1594577 AND 1594677
	Bitmap Heap Scan on sbtest5  (cost=5.48..409.07 rows=102 width=125)
	  Recheck Cond: ((k >= 1594577) AND (k <= 1594677))
	  ->  Bitmap Index Scan on k_5  (cost=0.00..5.45 rows=102 width=0)
	        Index Cond: ((k >= 1594577) AND (k <= 1594677))

table 6 : explain SELECT k, c FROM sbtest6 WHERE k BETWEEN 1594577 AND 1594677
	Bitmap Heap Scan on sbtest6  (cost=5.48..409.07 rows=102 width=125)
	  Recheck Cond: ((k >= 1594577) AND (k <= 1594677))
	  ->  Bitmap Index Scan on k_6  (cost=0.00..5.45 rows=102 width=0)
	        Index Cond: ((k >= 1594577) AND (k <= 1594677))

table 7 : explain SELECT k, c FROM sbtest7 WHERE k BETWEEN 1594577 AND 1594677
	Bitmap Heap Scan on sbtest7  (cost=5.47..405.13 rows=101 width=125)
	  Recheck Cond: ((k >= 1594577) AND (k <= 1594677))
	  ->  Bitmap Index Scan on k_7  (cost=0.00..5.44 rows=101 width=0)
	        Index Cond: ((k >= 1594577) AND (k <= 1594677))

table 8 : explain SELECT k, c FROM sbtest8 WHERE k BETWEEN 1594577 AND 1594677
	Bitmap Heap Scan on sbtest8  (cost=5.45..397.25 rows=99 width=125)
	  Recheck Cond: ((k >= 1594577) AND (k <= 1594677))
	  ->  Bitmap Index Scan on k_8  (cost=0.00..5.42 rows=99 width=0)
	        Index Cond: ((k >= 1594577) AND (k <= 1594677))

for range-notcovered
table 1 : explain SELECT k, c FROM sbtest1 WHERE k BETWEEN 1302064 AND 1302164
	Bitmap Heap Scan on sbtest1  (cost=5.54..432.69 rows=108 width=125)
	  Recheck Cond: ((k >= 1302064) AND (k <= 1302164))
	  ->  Bitmap Index Scan on k_1  (cost=0.00..5.51 rows=108 width=0)
	        Index Cond: ((k >= 1302064) AND (k <= 1302164))

table 2 : explain SELECT k, c FROM sbtest2 WHERE k BETWEEN 1302064 AND 1302164
	Bitmap Heap Scan on sbtest2  (cost=5.46..401.19 rows=100 width=125)
	  Recheck Cond: ((k >= 1302064) AND (k <= 1302164))
	  ->  Bitmap Index Scan on k_2  (cost=0.00..5.43 rows=100 width=0)
	        Index Cond: ((k >= 1302064) AND (k <= 1302164))

table 3 : explain SELECT k, c FROM sbtest3 WHERE k BETWEEN 1302064 AND 1302164
	Bitmap Heap Scan on sbtest3  (cost=5.48..409.07 rows=102 width=125)
	  Recheck Cond: ((k >= 1302064) AND (k <= 1302164))
	  ->  Bitmap Index Scan on k_3  (cost=0.00..5.45 rows=102 width=0)
	        Index Cond: ((k >= 1302064) AND (k <= 1302164))

table 4 : explain SELECT k, c FROM sbtest4 WHERE k BETWEEN 1302064 AND 1302164
	Bitmap Heap Scan on sbtest4  (cost=5.38..369.67 rows=92 width=125)
	  Recheck Cond: ((k >= 1302064) AND (k <= 1302164))
	  ->  Bitmap Index Scan on k_4  (cost=0.00..5.35 rows=92 width=0)
	        Index Cond: ((k >= 1302064) AND (k <= 1302164))

table 5 : explain SELECT k, c FROM sbtest5 WHERE k BETWEEN 1302064 AND 1302164
	Bitmap Heap Scan on sbtest5  (cost=5.43..389.37 rows=97 width=125)
	  Recheck Cond: ((k >= 1302064) AND (k <= 1302164))
	  ->  Bitmap Index Scan on k_5  (cost=0.00..5.40 rows=97 width=0)
	        Index Cond: ((k >= 1302064) AND (k <= 1302164))

table 6 : explain SELECT k, c FROM sbtest6 WHERE k BETWEEN 1302064 AND 1302164
	Bitmap Heap Scan on sbtest6  (cost=5.42..385.43 rows=96 width=125)
	  Recheck Cond: ((k >= 1302064) AND (k <= 1302164))
	  ->  Bitmap Index Scan on k_6  (cost=0.00..5.39 rows=96 width=0)
	        Index Cond: ((k >= 1302064) AND (k <= 1302164))

table 7 : explain SELECT k, c FROM sbtest7 WHERE k BETWEEN 1302064 AND 1302164
	Bitmap Heap Scan on sbtest7  (cost=5.40..377.55 rows=94 width=125)
	  Recheck Cond: ((k >= 1302064) AND (k <= 1302164))
	  ->  Bitmap Index Scan on k_7  (cost=0.00..5.38 rows=94 width=0)
	        Index Cond: ((k >= 1302064) AND (k <= 1302164))

table 8 : explain SELECT k, c FROM sbtest8 WHERE k BETWEEN 1302064 AND 1302164
	Bitmap Heap Scan on sbtest8  (cost=5.42..385.43 rows=96 width=125)
	  Recheck Cond: ((k >= 1302064) AND (k <= 1302164))
	  ->  Bitmap Index Scan on k_8  (cost=0.00..5.39 rows=96 width=0)
	        Index Cond: ((k >= 1302064) AND (k <= 1302164))

explain: for range-notcovered :: explain SELECT k, c FROM sbtest%d WHERE k BETWEEN 4357678 AND 4357778
explain: for range-notcovered :: explain SELECT k, c FROM sbtest%d WHERE k BETWEEN 2317305 AND 2317405
for range-notcovered
table 1 : explain SELECT k, c FROM sbtest1 WHERE k BETWEEN 5282534 AND 5282634
	Bitmap Heap Scan on sbtest1  (cost=5.35..357.84 rows=89 width=125)
	  Recheck Cond: ((k >= 5282534) AND (k <= 5282634))
	  ->  Bitmap Index Scan on k_1  (cost=0.00..5.32 rows=89 width=0)
	        Index Cond: ((k >= 5282534) AND (k <= 5282634))

table 2 : explain SELECT k, c FROM sbtest2 WHERE k BETWEEN 5282534 AND 5282634
	Bitmap Heap Scan on sbtest2  (cost=5.45..397.25 rows=99 width=125)
	  Recheck Cond: ((k >= 5282534) AND (k <= 5282634))
	  ->  Bitmap Index Scan on k_2  (cost=0.00..5.42 rows=99 width=0)
	        Index Cond: ((k >= 5282534) AND (k <= 5282634))

table 3 : explain SELECT k, c FROM sbtest3 WHERE k BETWEEN 5282534 AND 5282634
	Bitmap Heap Scan on sbtest3  (cost=5.40..377.55 rows=94 width=125)
	  Recheck Cond: ((k >= 5282534) AND (k <= 5282634))
	  ->  Bitmap Index Scan on k_3  (cost=0.00..5.38 rows=94 width=0)
	        Index Cond: ((k >= 5282534) AND (k <= 5282634))

table 4 : explain SELECT k, c FROM sbtest4 WHERE k BETWEEN 5282534 AND 5282634
	Bitmap Heap Scan on sbtest4  (cost=5.47..405.13 rows=101 width=125)
	  Recheck Cond: ((k >= 5282534) AND (k <= 5282634))
	  ->  Bitmap Index Scan on k_4  (cost=0.00..5.44 rows=101 width=0)
	        Index Cond: ((k >= 5282534) AND (k <= 5282634))

table 5 : explain SELECT k, c FROM sbtest5 WHERE k BETWEEN 5282534 AND 5282634
	Bitmap Heap Scan on sbtest5  (cost=5.39..373.61 rows=93 width=125)
	  Recheck Cond: ((k >= 5282534) AND (k <= 5282634))
	  ->  Bitmap Index Scan on k_5  (cost=0.00..5.36 rows=93 width=0)
	        Index Cond: ((k >= 5282534) AND (k <= 5282634))

table 6 : explain SELECT k, c FROM sbtest6 WHERE k BETWEEN 5282534 AND 5282634
	Bitmap Heap Scan on sbtest6  (cost=5.48..409.07 rows=102 width=125)
	  Recheck Cond: ((k >= 5282534) AND (k <= 5282634))
	  ->  Bitmap Index Scan on k_6  (cost=0.00..5.45 rows=102 width=0)
	        Index Cond: ((k >= 5282534) AND (k <= 5282634))

table 7 : explain SELECT k, c FROM sbtest7 WHERE k BETWEEN 5282534 AND 5282634
	Bitmap Heap Scan on sbtest7  (cost=5.46..401.19 rows=100 width=125)
	  Recheck Cond: ((k >= 5282534) AND (k <= 5282634))
	  ->  Bitmap Index Scan on k_7  (cost=0.00..5.43 rows=100 width=0)
	        Index Cond: ((k >= 5282534) AND (k <= 5282634))

table 8 : explain SELECT k, c FROM sbtest8 WHERE k BETWEEN 5282534 AND 5282634
	Bitmap Heap Scan on sbtest8  (cost=5.60..456.29 rows=114 width=125)
	  Recheck Cond: ((k >= 5282534) AND (k <= 5282634))
	  ->  Bitmap Index Scan on k_8  (cost=0.00..5.58 rows=114 width=0)
	        Index Cond: ((k >= 5282534) AND (k <= 5282634))

explain: for range-notcovered :: explain SELECT k, c FROM sbtest%d WHERE k BETWEEN 1594577 AND 1594677
explain: for range-notcovered :: explain SELECT k, c FROM sbtest%d WHERE k BETWEEN 1302064 AND 1302164
for range-notcovered
table 1 : explain SELECT k, c FROM sbtest1 WHERE k BETWEEN 1964833 AND 1964933
	Bitmap Heap Scan on sbtest1  (cost=5.48..409.07 rows=102 width=125)
	  Recheck Cond: ((k >= 1964833) AND (k <= 1964933))
	  ->  Bitmap Index Scan on k_1  (cost=0.00..5.45 rows=102 width=0)
	        Index Cond: ((k >= 1964833) AND (k <= 1964933))

table 2 : explain SELECT k, c FROM sbtest2 WHERE k BETWEEN 1964833 AND 1964933
	Bitmap Heap Scan on sbtest2  (cost=5.41..381.49 rows=95 width=125)
	  Recheck Cond: ((k >= 1964833) AND (k <= 1964933))
	  ->  Bitmap Index Scan on k_2  (cost=0.00..5.38 rows=95 width=0)
	        Index Cond: ((k >= 1964833) AND (k <= 1964933))

table 3 : explain SELECT k, c FROM sbtest3 WHERE k BETWEEN 1964833 AND 1964933
	Bitmap Heap Scan on sbtest3  (cost=5.43..389.37 rows=97 width=125)
	  Recheck Cond: ((k >= 1964833) AND (k <= 1964933))
	  ->  Bitmap Index Scan on k_3  (cost=0.00..5.40 rows=97 width=0)
	        Index Cond: ((k >= 1964833) AND (k <= 1964933))

table 4 : explain SELECT k, c FROM sbtest4 WHERE k BETWEEN 1964833 AND 1964933
	Bitmap Heap Scan on sbtest4  (cost=5.40..377.55 rows=94 width=125)
	  Recheck Cond: ((k >= 1964833) AND (k <= 1964933))
	  ->  Bitmap Index Scan on k_4  (cost=0.00..5.38 rows=94 width=0)
	        Index Cond: ((k >= 1964833) AND (k <= 1964933))

table 5 : explain SELECT k, c FROM sbtest5 WHERE k BETWEEN 1964833 AND 1964933
	Bitmap Heap Scan on sbtest5  (cost=5.57..444.49 rows=111 width=125)
	  Recheck Cond: ((k >= 1964833) AND (k <= 1964933))
	  ->  Bitmap Index Scan on k_5  (cost=0.00..5.54 rows=111 width=0)
	        Index Cond: ((k >= 1964833) AND (k <= 1964933))

table 6 : explain SELECT k, c FROM sbtest6 WHERE k BETWEEN 1964833 AND 1964933
	Bitmap Heap Scan on sbtest6  (cost=5.36..361.78 rows=90 width=125)
	  Recheck Cond: ((k >= 1964833) AND (k <= 1964933))
	  ->  Bitmap Index Scan on k_6  (cost=0.00..5.33 rows=90 width=0)
	        Index Cond: ((k >= 1964833) AND (k <= 1964933))

table 7 : explain SELECT k, c FROM sbtest7 WHERE k BETWEEN 1964833 AND 1964933
	Bitmap Heap Scan on sbtest7  (cost=5.46..401.19 rows=100 width=125)
	  Recheck Cond: ((k >= 1964833) AND (k <= 1964933))
	  ->  Bitmap Index Scan on k_7  (cost=0.00..5.43 rows=100 width=0)
	        Index Cond: ((k >= 1964833) AND (k <= 1964933))

table 8 : explain SELECT k, c FROM sbtest8 WHERE k BETWEEN 1964833 AND 1964933
	Bitmap Heap Scan on sbtest8  (cost=5.50..416.94 rows=104 width=125)
	  Recheck Cond: ((k >= 1964833) AND (k <= 1964933))
	  ->  Bitmap Index Scan on k_8  (cost=0.00..5.47 rows=104 width=0)
	        Index Cond: ((k >= 1964833) AND (k <= 1964933))

explain: for range-notcovered :: explain SELECT k, c FROM sbtest%d WHERE k BETWEEN 5282534 AND 5282634
for range-notcovered
table 1 : explain SELECT k, c FROM sbtest1 WHERE k BETWEEN 4810154 AND 4810254
	Bitmap Heap Scan on sbtest1  (cost=5.48..409.07 rows=102 width=125)
	  Recheck Cond: ((k >= 4810154) AND (k <= 4810254))
	  ->  Bitmap Index Scan on k_1  (cost=0.00..5.45 rows=102 width=0)
	        Index Cond: ((k >= 4810154) AND (k <= 4810254))

table 2 : explain SELECT k, c FROM sbtest2 WHERE k BETWEEN 4810154 AND 4810254
	Bitmap Heap Scan on sbtest2  (cost=5.38..369.67 rows=92 width=125)
	  Recheck Cond: ((k >= 4810154) AND (k <= 4810254))
	  ->  Bitmap Index Scan on k_2  (cost=0.00..5.35 rows=92 width=0)
	        Index Cond: ((k >= 4810154) AND (k <= 4810254))

table 3 : explain SELECT k, c FROM sbtest3 WHERE k BETWEEN 4810154 AND 4810254
	Bitmap Heap Scan on sbtest3  (cost=5.47..405.13 rows=101 width=125)
	  Recheck Cond: ((k >= 4810154) AND (k <= 4810254))
	  ->  Bitmap Index Scan on k_3  (cost=0.00..5.44 rows=101 width=0)
	        Index Cond: ((k >= 4810154) AND (k <= 4810254))

table 4 : explain SELECT k, c FROM sbtest4 WHERE k BETWEEN 4810154 AND 4810254
	Bitmap Heap Scan on sbtest4  (cost=5.50..416.94 rows=104 width=125)
	  Recheck Cond: ((k >= 4810154) AND (k <= 4810254))
	  ->  Bitmap Index Scan on k_4  (cost=0.00..5.47 rows=104 width=0)
	        Index Cond: ((k >= 4810154) AND (k <= 4810254))

table 5 : explain SELECT k, c FROM sbtest5 WHERE k BETWEEN 4810154 AND 4810254
	Bitmap Heap Scan on sbtest5  (cost=5.39..373.61 rows=93 width=125)
	  Recheck Cond: ((k >= 4810154) AND (k <= 4810254))
	  ->  Bitmap Index Scan on k_5  (cost=0.00..5.36 rows=93 width=0)
	        Index Cond: ((k >= 4810154) AND (k <= 4810254))

table 6 : explain SELECT k, c FROM sbtest6 WHERE k BETWEEN 4810154 AND 4810254
	Bitmap Heap Scan on sbtest6  (cost=5.51..420.88 rows=105 width=125)
	  Recheck Cond: ((k >= 4810154) AND (k <= 4810254))
	  ->  Bitmap Index Scan on k_6  (cost=0.00..5.48 rows=105 width=0)
	        Index Cond: ((k >= 4810154) AND (k <= 4810254))

table 7 : explain SELECT k, c FROM sbtest7 WHERE k BETWEEN 4810154 AND 4810254
	Bitmap Heap Scan on sbtest7  (cost=5.47..405.13 rows=101 width=125)
	  Recheck Cond: ((k >= 4810154) AND (k <= 4810254))
	  ->  Bitmap Index Scan on k_7  (cost=0.00..5.44 rows=101 width=0)
	        Index Cond: ((k >= 4810154) AND (k <= 4810254))

table 8 : explain SELECT k, c FROM sbtest8 WHERE k BETWEEN 4810154 AND 4810254
	Bitmap Heap Scan on sbtest8  (cost=5.40..377.55 rows=94 width=125)
	  Recheck Cond: ((k >= 4810154) AND (k <= 4810254))
	  ->  Bitmap Index Scan on k_8  (cost=0.00..5.38 rows=94 width=0)
	        Index Cond: ((k >= 4810154) AND (k <= 4810254))

explain: for range-notcovered :: explain SELECT k, c FROM sbtest%d WHERE k BETWEEN 1964833 AND 1964933
explain: for range-notcovered :: explain SELECT k, c FROM sbtest%d WHERE k BETWEEN 4810154 AND 4810254
for range-notcovered
table 1 : explain SELECT k, c FROM sbtest1 WHERE k BETWEEN 2851034 AND 2851134
	Bitmap Heap Scan on sbtest1  (cost=5.45..397.25 rows=99 width=125)
	  Recheck Cond: ((k >= 2851034) AND (k <= 2851134))
	  ->  Bitmap Index Scan on k_1  (cost=0.00..5.42 rows=99 width=0)
	        Index Cond: ((k >= 2851034) AND (k <= 2851134))

table 2 : explain SELECT k, c FROM sbtest2 WHERE k BETWEEN 2851034 AND 2851134
	Bitmap Heap Scan on sbtest2  (cost=5.55..436.62 rows=109 width=125)
	  Recheck Cond: ((k >= 2851034) AND (k <= 2851134))
	  ->  Bitmap Index Scan on k_2  (cost=0.00..5.52 rows=109 width=0)
	        Index Cond: ((k >= 2851034) AND (k <= 2851134))

table 3 : explain SELECT k, c FROM sbtest3 WHERE k BETWEEN 2851034 AND 2851134
	Bitmap Heap Scan on sbtest3  (cost=5.48..409.07 rows=102 width=125)
	  Recheck Cond: ((k >= 2851034) AND (k <= 2851134))
	  ->  Bitmap Index Scan on k_3  (cost=0.00..5.45 rows=102 width=0)
	        Index Cond: ((k >= 2851034) AND (k <= 2851134))

table 4 : explain SELECT k, c FROM sbtest4 WHERE k BETWEEN 2851034 AND 2851134
	Bitmap Heap Scan on sbtest4  (cost=5.56..440.56 rows=110 width=125)
	  Recheck Cond: ((k >= 2851034) AND (k <= 2851134))
	  ->  Bitmap Index Scan on k_4  (cost=0.00..5.53 rows=110 width=0)
	        Index Cond: ((k >= 2851034) AND (k <= 2851134))

table 5 : explain SELECT k, c FROM sbtest5 WHERE k BETWEEN 2851034 AND 2851134
	Bitmap Heap Scan on sbtest5  (cost=5.44..393.31 rows=98 width=125)
	  Recheck Cond: ((k >= 2851034) AND (k <= 2851134))
	  ->  Bitmap Index Scan on k_5  (cost=0.00..5.42 rows=98 width=0)
	        Index Cond: ((k >= 2851034) AND (k <= 2851134))

table 6 : explain SELECT k, c FROM sbtest6 WHERE k BETWEEN 2851034 AND 2851134
	Bitmap Heap Scan on sbtest6  (cost=5.46..401.19 rows=100 width=125)
	  Recheck Cond: ((k >= 2851034) AND (k <= 2851134))
	  ->  Bitmap Index Scan on k_6  (cost=0.00..5.43 rows=100 width=0)
	        Index Cond: ((k >= 2851034) AND (k <= 2851134))

table 7 : explain SELECT k, c FROM sbtest7 WHERE k BETWEEN 2851034 AND 2851134
	Bitmap Heap Scan on sbtest7  (cost=5.55..436.62 rows=109 width=125)
	  Recheck Cond: ((k >= 2851034) AND (k <= 2851134))
	  ->  Bitmap Index Scan on k_7  (cost=0.00..5.52 rows=109 width=0)
	        Index Cond: ((k >= 2851034) AND (k <= 2851134))

table 8 : explain SELECT k, c FROM sbtest8 WHERE k BETWEEN 2851034 AND 2851134
	Bitmap Heap Scan on sbtest8  (cost=5.48..409.07 rows=102 width=125)
	  Recheck Cond: ((k >= 2851034) AND (k <= 2851134))
	  ->  Bitmap Index Scan on k_8  (cost=0.00..5.45 rows=102 width=0)
	        Index Cond: ((k >= 2851034) AND (k <= 2851134))

for range-notcovered
table 1 : explain SELECT k, c FROM sbtest1 WHERE k BETWEEN 6370613 AND 6370713
	Bitmap Heap Scan on sbtest1  (cost=5.49..413.00 rows=103 width=125)
	  Recheck Cond: ((k >= 6370613) AND (k <= 6370713))
	  ->  Bitmap Index Scan on k_1  (cost=0.00..5.46 rows=103 width=0)
	        Index Cond: ((k >= 6370613) AND (k <= 6370713))

table 2 : explain SELECT k, c FROM sbtest2 WHERE k BETWEEN 6370613 AND 6370713
	Bitmap Heap Scan on sbtest2  (cost=5.41..381.49 rows=95 width=125)
	  Recheck Cond: ((k >= 6370613) AND (k <= 6370713))
	  ->  Bitmap Index Scan on k_2  (cost=0.00..5.38 rows=95 width=0)
	        Index Cond: ((k >= 6370613) AND (k <= 6370713))

table 3 : explain SELECT k, c FROM sbtest3 WHERE k BETWEEN 6370613 AND 6370713
	Bitmap Heap Scan on sbtest3  (cost=5.47..405.13 rows=101 width=125)
	  Recheck Cond: ((k >= 6370613) AND (k <= 6370713))
	  ->  Bitmap Index Scan on k_3  (cost=0.00..5.44 rows=101 width=0)
	        Index Cond: ((k >= 6370613) AND (k <= 6370713))

table 4 : explain SELECT k, c FROM sbtest4 WHERE k BETWEEN 6370613 AND 6370713
	Bitmap Heap Scan on sbtest4  (cost=5.49..413.00 rows=103 width=125)
	  Recheck Cond: ((k >= 6370613) AND (k <= 6370713))
	  ->  Bitmap Index Scan on k_4  (cost=0.00..5.46 rows=103 width=0)
	        Index Cond: ((k >= 6370613) AND (k <= 6370713))

table 5 : explain SELECT k, c FROM sbtest5 WHERE k BETWEEN 6370613 AND 6370713
	Bitmap Heap Scan on sbtest5  (cost=5.55..436.62 rows=109 width=125)
	  Recheck Cond: ((k >= 6370613) AND (k <= 6370713))
	  ->  Bitmap Index Scan on k_5  (cost=0.00..5.52 rows=109 width=0)
	        Index Cond: ((k >= 6370613) AND (k <= 6370713))

table 6 : explain SELECT k, c FROM sbtest6 WHERE k BETWEEN 6370613 AND 6370713
	Bitmap Heap Scan on sbtest6  (cost=5.43..389.37 rows=97 width=125)
	  Recheck Cond: ((k >= 6370613) AND (k <= 6370713))
	  ->  Bitmap Index Scan on k_6  (cost=0.00..5.40 rows=97 width=0)
	        Index Cond: ((k >= 6370613) AND (k <= 6370713))

table 7 : explain SELECT k, c FROM sbtest7 WHERE k BETWEEN 6370613 AND 6370713
	Bitmap Heap Scan on sbtest7  (cost=5.37..365.72 rows=91 width=125)
	  Recheck Cond: ((k >= 6370613) AND (k <= 6370713))
	  ->  Bitmap Index Scan on k_7  (cost=0.00..5.34 rows=91 width=0)
	        Index Cond: ((k >= 6370613) AND (k <= 6370713))

table 8 : explain SELECT k, c FROM sbtest8 WHERE k BETWEEN 6370613 AND 6370713
	Bitmap Heap Scan on sbtest8  (cost=5.46..401.19 rows=100 width=125)
	  Recheck Cond: ((k >= 6370613) AND (k <= 6370713))
	  ->  Bitmap Index Scan on k_8  (cost=0.00..5.43 rows=100 width=0)
	        Index Cond: ((k >= 6370613) AND (k <= 6370713))

explain: for range-notcovered :: explain SELECT k, c FROM sbtest%d WHERE k BETWEEN 2851034 AND 2851134
for range-notcovered
table 1 : explain SELECT k, c FROM sbtest1 WHERE k BETWEEN 4850540 AND 4850640
	Bitmap Heap Scan on sbtest1  (cost=5.48..409.07 rows=102 width=125)
	  Recheck Cond: ((k >= 4850540) AND (k <= 4850640))
	  ->  Bitmap Index Scan on k_1  (cost=0.00..5.45 rows=102 width=0)
	        Index Cond: ((k >= 4850540) AND (k <= 4850640))

table 2 : explain SELECT k, c FROM sbtest2 WHERE k BETWEEN 4850540 AND 4850640
	Bitmap Heap Scan on sbtest2  (cost=5.38..369.67 rows=92 width=125)
	  Recheck Cond: ((k >= 4850540) AND (k <= 4850640))
	  ->  Bitmap Index Scan on k_2  (cost=0.00..5.35 rows=92 width=0)
	        Index Cond: ((k >= 4850540) AND (k <= 4850640))

table 3 : explain SELECT k, c FROM sbtest3 WHERE k BETWEEN 4850540 AND 4850640
	Bitmap Heap Scan on sbtest3  (cost=5.47..405.13 rows=101 width=125)
	  Recheck Cond: ((k >= 4850540) AND (k <= 4850640))
	  ->  Bitmap Index Scan on k_3  (cost=0.00..5.44 rows=101 width=0)
	        Index Cond: ((k >= 4850540) AND (k <= 4850640))

table 4 : explain SELECT k, c FROM sbtest4 WHERE k BETWEEN 4850540 AND 4850640
	Bitmap Heap Scan on sbtest4  (cost=5.46..401.19 rows=100 width=125)
	  Recheck Cond: ((k >= 4850540) AND (k <= 4850640))
	  ->  Bitmap Index Scan on k_4  (cost=0.00..5.43 rows=100 width=0)
	        Index Cond: ((k >= 4850540) AND (k <= 4850640))

table 5 : explain SELECT k, c FROM sbtest5 WHERE k BETWEEN 4850540 AND 4850640
	Bitmap Heap Scan on sbtest5  (cost=5.39..373.61 rows=93 width=125)
	  Recheck Cond: ((k >= 4850540) AND (k <= 4850640))
	  ->  Bitmap Index Scan on k_5  (cost=0.00..5.36 rows=93 width=0)
	        Index Cond: ((k >= 4850540) AND (k <= 4850640))

table 6 : explain SELECT k, c FROM sbtest6 WHERE k BETWEEN 4850540 AND 4850640
	Bitmap Heap Scan on sbtest6  (cost=5.51..420.88 rows=105 width=125)
	  Recheck Cond: ((k >= 4850540) AND (k <= 4850640))
	  ->  Bitmap Index Scan on k_6  (cost=0.00..5.48 rows=105 width=0)
	        Index Cond: ((k >= 4850540) AND (k <= 4850640))

table 7 : explain SELECT k, c FROM sbtest7 WHERE k BETWEEN 4850540 AND 4850640
	Bitmap Heap Scan on sbtest7  (cost=5.47..405.13 rows=101 width=125)
	  Recheck Cond: ((k >= 4850540) AND (k <= 4850640))
	  ->  Bitmap Index Scan on k_7  (cost=0.00..5.44 rows=101 width=0)
	        Index Cond: ((k >= 4850540) AND (k <= 4850640))

table 8 : explain SELECT k, c FROM sbtest8 WHERE k BETWEEN 4850540 AND 4850640
	Bitmap Heap Scan on sbtest8  (cost=5.54..432.69 rows=108 width=125)
	  Recheck Cond: ((k >= 4850540) AND (k <= 4850640))
	  ->  Bitmap Index Scan on k_8  (cost=0.00..5.51 rows=108 width=0)
	        Index Cond: ((k >= 4850540) AND (k <= 4850640))

explain: for range-notcovered :: explain SELECT k, c FROM sbtest%d WHERE k BETWEEN 6370613 AND 6370713
for range-notcovered
table 1 : explain SELECT k, c FROM sbtest1 WHERE k BETWEEN 4083931 AND 4084031
	Bitmap Heap Scan on sbtest1  (cost=5.53..428.75 rows=107 width=125)
	  Recheck Cond: ((k >= 4083931) AND (k <= 4084031))
	  ->  Bitmap Index Scan on k_1  (cost=0.00..5.50 rows=107 width=0)
	        Index Cond: ((k >= 4083931) AND (k <= 4084031))

table 2 : explain SELECT k, c FROM sbtest2 WHERE k BETWEEN 4083931 AND 4084031
	Bitmap Heap Scan on sbtest2  (cost=5.49..413.00 rows=103 width=125)
	  Recheck Cond: ((k >= 4083931) AND (k <= 4084031))
	  ->  Bitmap Index Scan on k_2  (cost=0.00..5.46 rows=103 width=0)
	        Index Cond: ((k >= 4083931) AND (k <= 4084031))

table 3 : explain SELECT k, c FROM sbtest3 WHERE k BETWEEN 4083931 AND 4084031
	Bitmap Heap Scan on sbtest3  (cost=5.49..413.00 rows=103 width=125)
	  Recheck Cond: ((k >= 4083931) AND (k <= 4084031))
	  ->  Bitmap Index Scan on k_3  (cost=0.00..5.46 rows=103 width=0)
	        Index Cond: ((k >= 4083931) AND (k <= 4084031))

table 4 : explain SELECT k, c FROM sbtest4 WHERE k BETWEEN 4083931 AND 4084031
	Bitmap Heap Scan on sbtest4  (cost=5.49..413.00 rows=103 width=125)
	  Recheck Cond: ((k >= 4083931) AND (k <= 4084031))
	  ->  Bitmap Index Scan on k_4  (cost=0.00..5.46 rows=103 width=0)
	        Index Cond: ((k >= 4083931) AND (k <= 4084031))

table 5 : explain SELECT k, c FROM sbtest5 WHERE k BETWEEN 4083931 AND 4084031
	Bitmap Heap Scan on sbtest5  (cost=5.48..409.07 rows=102 width=125)
	  Recheck Cond: ((k >= 4083931) AND (k <= 4084031))
	  ->  Bitmap Index Scan on k_5  (cost=0.00..5.45 rows=102 width=0)
	        Index Cond: ((k >= 4083931) AND (k <= 4084031))

table 6 : explain SELECT k, c FROM sbtest6 WHERE k BETWEEN 4083931 AND 4084031
	Bitmap Heap Scan on sbtest6  (cost=5.44..393.31 rows=98 width=125)
	  Recheck Cond: ((k >= 4083931) AND (k <= 4084031))
	  ->  Bitmap Index Scan on k_6  (cost=0.00..5.42 rows=98 width=0)
	        Index Cond: ((k >= 4083931) AND (k <= 4084031))

table 7 : explain SELECT k, c FROM sbtest7 WHERE k BETWEEN 4083931 AND 4084031
	Bitmap Heap Scan on sbtest7  (cost=5.50..416.94 rows=104 width=125)
	  Recheck Cond: ((k >= 4083931) AND (k <= 4084031))
	  ->  Bitmap Index Scan on k_7  (cost=0.00..5.47 rows=104 width=0)
	        Index Cond: ((k >= 4083931) AND (k <= 4084031))

table 8 : explain SELECT k, c FROM sbtest8 WHERE k BETWEEN 4083931 AND 4084031
	Bitmap Heap Scan on sbtest8  (cost=5.45..397.25 rows=99 width=125)
	  Recheck Cond: ((k >= 4083931) AND (k <= 4084031))
	  ->  Bitmap Index Scan on k_8  (cost=0.00..5.42 rows=99 width=0)
	        Index Cond: ((k >= 4083931) AND (k <= 4084031))

explain: for range-notcovered :: explain SELECT k, c FROM sbtest%d WHERE k BETWEEN 4850540 AND 4850640
for range-notcovered
table 1 : explain SELECT k, c FROM sbtest1 WHERE k BETWEEN 4685558 AND 4685658
	Bitmap Heap Scan on sbtest1  (cost=5.47..405.13 rows=101 width=125)
	  Recheck Cond: ((k >= 4685558) AND (k <= 4685658))
	  ->  Bitmap Index Scan on k_1  (cost=0.00..5.44 rows=101 width=0)
	        Index Cond: ((k >= 4685558) AND (k <= 4685658))

table 2 : explain SELECT k, c FROM sbtest2 WHERE k BETWEEN 4685558 AND 4685658
	Bitmap Heap Scan on sbtest2  (cost=5.46..401.19 rows=100 width=125)
	  Recheck Cond: ((k >= 4685558) AND (k <= 4685658))
	  ->  Bitmap Index Scan on k_2  (cost=0.00..5.43 rows=100 width=0)
	        Index Cond: ((k >= 4685558) AND (k <= 4685658))

table 3 : explain SELECT k, c FROM sbtest3 WHERE k BETWEEN 4685558 AND 4685658
	Bitmap Heap Scan on sbtest3  (cost=5.40..377.55 rows=94 width=125)
	  Recheck Cond: ((k >= 4685558) AND (k <= 4685658))
	  ->  Bitmap Index Scan on k_3  (cost=0.00..5.38 rows=94 width=0)
	        Index Cond: ((k >= 4685558) AND (k <= 4685658))

table 4 : explain SELECT k, c FROM sbtest4 WHERE k BETWEEN 4685558 AND 4685658
	Bitmap Heap Scan on sbtest4  (cost=5.44..393.31 rows=98 width=125)
	  Recheck Cond: ((k >= 4685558) AND (k <= 4685658))
	  ->  Bitmap Index Scan on k_4  (cost=0.00..5.42 rows=98 width=0)
	        Index Cond: ((k >= 4685558) AND (k <= 4685658))

table 5 : explain SELECT k, c FROM sbtest5 WHERE k BETWEEN 4685558 AND 4685658
	Bitmap Heap Scan on sbtest5  (cost=5.40..377.55 rows=94 width=125)
	  Recheck Cond: ((k >= 4685558) AND (k <= 4685658))
	  ->  Bitmap Index Scan on k_5  (cost=0.00..5.38 rows=94 width=0)
	        Index Cond: ((k >= 4685558) AND (k <= 4685658))

table 6 : explain SELECT k, c FROM sbtest6 WHERE k BETWEEN 4685558 AND 4685658
	Bitmap Heap Scan on sbtest6  (cost=5.58..448.42 rows=112 width=125)
	  Recheck Cond: ((k >= 4685558) AND (k <= 4685658))
	  ->  Bitmap Index Scan on k_6  (cost=0.00..5.55 rows=112 width=0)
	        Index Cond: ((k >= 4685558) AND (k <= 4685658))

table 7 : explain SELECT k, c FROM sbtest7 WHERE k BETWEEN 4685558 AND 4685658
	Bitmap Heap Scan on sbtest7  (cost=5.45..397.25 rows=99 width=125)
	  Recheck Cond: ((k >= 4685558) AND (k <= 4685658))
	  ->  Bitmap Index Scan on k_7  (cost=0.00..5.42 rows=99 width=0)
	        Index Cond: ((k >= 4685558) AND (k <= 4685658))

table 8 : explain SELECT k, c FROM sbtest8 WHERE k BETWEEN 4685558 AND 4685658
	Bitmap Heap Scan on sbtest8  (cost=5.43..389.37 rows=97 width=125)
	  Recheck Cond: ((k >= 4685558) AND (k <= 4685658))
	  ->  Bitmap Index Scan on k_8  (cost=0.00..5.40 rows=97 width=0)
	        Index Cond: ((k >= 4685558) AND (k <= 4685658))

for range-notcovered
table 1 : explain SELECT k, c FROM sbtest1 WHERE k BETWEEN 4357678 AND 4357778
	Bitmap Heap Scan on sbtest1  (cost=5.51..420.88 rows=105 width=125)
	  Recheck Cond: ((k >= 4357678) AND (k <= 4357778))
	  ->  Bitmap Index Scan on k_1  (cost=0.00..5.48 rows=105 width=0)
	        Index Cond: ((k >= 4357678) AND (k <= 4357778))

table 2 : explain SELECT k, c FROM sbtest2 WHERE k BETWEEN 4357678 AND 4357778
	Bitmap Heap Scan on sbtest2  (cost=5.54..432.69 rows=108 width=125)
	  Recheck Cond: ((k >= 4357678) AND (k <= 4357778))
	  ->  Bitmap Index Scan on k_2  (cost=0.00..5.51 rows=108 width=0)
	        Index Cond: ((k >= 4357678) AND (k <= 4357778))

table 3 : explain SELECT k, c FROM sbtest3 WHERE k BETWEEN 4357678 AND 4357778
	Bitmap Heap Scan on sbtest3  (cost=5.50..416.94 rows=104 width=125)
	  Recheck Cond: ((k >= 4357678) AND (k <= 4357778))
	  ->  Bitmap Index Scan on k_3  (cost=0.00..5.47 rows=104 width=0)
	        Index Cond: ((k >= 4357678) AND (k <= 4357778))

table 4 : explain SELECT k, c FROM sbtest4 WHERE k BETWEEN 4357678 AND 4357778
	Bitmap Heap Scan on sbtest4  (cost=5.43..389.37 rows=97 width=125)
	  Recheck Cond: ((k >= 4357678) AND (k <= 4357778))
	  ->  Bitmap Index Scan on k_4  (cost=0.00..5.40 rows=97 width=0)
	        Index Cond: ((k >= 4357678) AND (k <= 4357778))

table 5 : explain SELECT k, c FROM sbtest5 WHERE k BETWEEN 4357678 AND 4357778
	Bitmap Heap Scan on sbtest5  (cost=5.54..432.69 rows=108 width=125)
	  Recheck Cond: ((k >= 4357678) AND (k <= 4357778))
	  ->  Bitmap Index Scan on k_5  (cost=0.00..5.51 rows=108 width=0)
	        Index Cond: ((k >= 4357678) AND (k <= 4357778))

table 6 : explain SELECT k, c FROM sbtest6 WHERE k BETWEEN 4357678 AND 4357778
	Bitmap Heap Scan on sbtest6  (cost=5.60..456.29 rows=114 width=125)
	  Recheck Cond: ((k >= 4357678) AND (k <= 4357778))
	  ->  Bitmap Index Scan on k_6  (cost=0.00..5.58 rows=114 width=0)
	        Index Cond: ((k >= 4357678) AND (k <= 4357778))

table 7 : explain SELECT k, c FROM sbtest7 WHERE k BETWEEN 4357678 AND 4357778
	Bitmap Heap Scan on sbtest7  (cost=5.49..413.00 rows=103 width=125)
	  Recheck Cond: ((k >= 4357678) AND (k <= 4357778))
	  ->  Bitmap Index Scan on k_7  (cost=0.00..5.46 rows=103 width=0)
	        Index Cond: ((k >= 4357678) AND (k <= 4357778))

table 8 : explain SELECT k, c FROM sbtest8 WHERE k BETWEEN 4357678 AND 4357778
	Bitmap Heap Scan on sbtest8  (cost=5.54..432.69 rows=108 width=125)
	  Recheck Cond: ((k >= 4357678) AND (k <= 4357778))
	  ->  Bitmap Index Scan on k_8  (cost=0.00..5.51 rows=108 width=0)
	        Index Cond: ((k >= 4357678) AND (k <= 4357778))

explain: for range-notcovered :: explain SELECT k, c FROM sbtest%d WHERE k BETWEEN 4083931 AND 4084031
for range-notcovered
table 1 : explain SELECT k, c FROM sbtest1 WHERE k BETWEEN 2317305 AND 2317405
	Bitmap Heap Scan on sbtest1  (cost=5.46..401.19 rows=100 width=125)
	  Recheck Cond: ((k >= 2317305) AND (k <= 2317405))
	  ->  Bitmap Index Scan on k_1  (cost=0.00..5.43 rows=100 width=0)
	        Index Cond: ((k >= 2317305) AND (k <= 2317405))

table 2 : explain SELECT k, c FROM sbtest2 WHERE k BETWEEN 2317305 AND 2317405
	Bitmap Heap Scan on sbtest2  (cost=5.43..389.37 rows=97 width=125)
	  Recheck Cond: ((k >= 2317305) AND (k <= 2317405))
	  ->  Bitmap Index Scan on k_2  (cost=0.00..5.40 rows=97 width=0)
	        Index Cond: ((k >= 2317305) AND (k <= 2317405))

table 3 : explain SELECT k, c FROM sbtest3 WHERE k BETWEEN 2317305 AND 2317405
	Bitmap Heap Scan on sbtest3  (cost=5.50..416.94 rows=104 width=125)
	  Recheck Cond: ((k >= 2317305) AND (k <= 2317405))
	  ->  Bitmap Index Scan on k_3  (cost=0.00..5.47 rows=104 width=0)
	        Index Cond: ((k >= 2317305) AND (k <= 2317405))

table 4 : explain SELECT k, c FROM sbtest4 WHERE k BETWEEN 2317305 AND 2317405
	Bitmap Heap Scan on sbtest4  (cost=5.52..424.81 rows=106 width=125)
	  Recheck Cond: ((k >= 2317305) AND (k <= 2317405))
	  ->  Bitmap Index Scan on k_4  (cost=0.00..5.50 rows=106 width=0)
	        Index Cond: ((k >= 2317305) AND (k <= 2317405))

table 5 : explain SELECT k, c FROM sbtest5 WHERE k BETWEEN 2317305 AND 2317405
	Bitmap Heap Scan on sbtest5  (cost=5.45..397.25 rows=99 width=125)
	  Recheck Cond: ((k >= 2317305) AND (k <= 2317405))
	  ->  Bitmap Index Scan on k_5  (cost=0.00..5.42 rows=99 width=0)
	        Index Cond: ((k >= 2317305) AND (k <= 2317405))

table 6 : explain SELECT k, c FROM sbtest6 WHERE k BETWEEN 2317305 AND 2317405
	Bitmap Heap Scan on sbtest6  (cost=5.43..389.37 rows=97 width=125)
	  Recheck Cond: ((k >= 2317305) AND (k <= 2317405))
	  ->  Bitmap Index Scan on k_6  (cost=0.00..5.40 rows=97 width=0)
	        Index Cond: ((k >= 2317305) AND (k <= 2317405))

table 7 : explain SELECT k, c FROM sbtest7 WHERE k BETWEEN 2317305 AND 2317405
	Bitmap Heap Scan on sbtest7  (cost=5.60..456.29 rows=114 width=125)
	  Recheck Cond: ((k >= 2317305) AND (k <= 2317405))
	  ->  Bitmap Index Scan on k_7  (cost=0.00..5.58 rows=114 width=0)
	        Index Cond: ((k >= 2317305) AND (k <= 2317405))

table 8 : explain SELECT k, c FROM sbtest8 WHERE k BETWEEN 2317305 AND 2317405
	Bitmap Heap Scan on sbtest8  (cost=5.45..397.25 rows=99 width=125)
	  Recheck Cond: ((k >= 2317305) AND (k <= 2317405))
	  ->  Bitmap Index Scan on k_8  (cost=0.00..5.42 rows=99 width=0)
	        Index Cond: ((k >= 2317305) AND (k <= 2317405))

explain: for range-notcovered :: explain SELECT k, c FROM sbtest%d WHERE k BETWEEN 4685558 AND 4685658
explain: for range-notcovered :: explain SELECT k, c FROM sbtest%d WHERE k BETWEEN 4357678 AND 4357778
for range-notcovered
table 1 : explain SELECT k, c FROM sbtest1 WHERE k BETWEEN 1302064 AND 1302164
	Bitmap Heap Scan on sbtest1  (cost=5.54..432.69 rows=108 width=125)
	  Recheck Cond: ((k >= 1302064) AND (k <= 1302164))
	  ->  Bitmap Index Scan on k_1  (cost=0.00..5.51 rows=108 width=0)
	        Index Cond: ((k >= 1302064) AND (k <= 1302164))

table 2 : explain SELECT k, c FROM sbtest2 WHERE k BETWEEN 1302064 AND 1302164
	Bitmap Heap Scan on sbtest2  (cost=5.46..401.19 rows=100 width=125)
	  Recheck Cond: ((k >= 1302064) AND (k <= 1302164))
	  ->  Bitmap Index Scan on k_2  (cost=0.00..5.43 rows=100 width=0)
	        Index Cond: ((k >= 1302064) AND (k <= 1302164))

table 3 : explain SELECT k, c FROM sbtest3 WHERE k BETWEEN 1302064 AND 1302164
	Bitmap Heap Scan on sbtest3  (cost=5.48..409.07 rows=102 width=125)
	  Recheck Cond: ((k >= 1302064) AND (k <= 1302164))
	  ->  Bitmap Index Scan on k_3  (cost=0.00..5.45 rows=102 width=0)
	        Index Cond: ((k >= 1302064) AND (k <= 1302164))

table 4 : explain SELECT k, c FROM sbtest4 WHERE k BETWEEN 1302064 AND 1302164
	Bitmap Heap Scan on sbtest4  (cost=5.38..369.67 rows=92 width=125)
	  Recheck Cond: ((k >= 1302064) AND (k <= 1302164))
	  ->  Bitmap Index Scan on k_4  (cost=0.00..5.35 rows=92 width=0)
	        Index Cond: ((k >= 1302064) AND (k <= 1302164))

table 5 : explain SELECT k, c FROM sbtest5 WHERE k BETWEEN 1302064 AND 1302164
	Bitmap Heap Scan on sbtest5  (cost=5.43..389.37 rows=97 width=125)
	  Recheck Cond: ((k >= 1302064) AND (k <= 1302164))
	  ->  Bitmap Index Scan on k_5  (cost=0.00..5.40 rows=97 width=0)
	        Index Cond: ((k >= 1302064) AND (k <= 1302164))

table 6 : explain SELECT k, c FROM sbtest6 WHERE k BETWEEN 1302064 AND 1302164
	Bitmap Heap Scan on sbtest6  (cost=5.42..385.43 rows=96 width=125)
	  Recheck Cond: ((k >= 1302064) AND (k <= 1302164))
	  ->  Bitmap Index Scan on k_6  (cost=0.00..5.39 rows=96 width=0)
	        Index Cond: ((k >= 1302064) AND (k <= 1302164))

table 7 : explain SELECT k, c FROM sbtest7 WHERE k BETWEEN 1302064 AND 1302164
	Bitmap Heap Scan on sbtest7  (cost=5.40..377.55 rows=94 width=125)
	  Recheck Cond: ((k >= 1302064) AND (k <= 1302164))
	  ->  Bitmap Index Scan on k_7  (cost=0.00..5.38 rows=94 width=0)
	        Index Cond: ((k >= 1302064) AND (k <= 1302164))

table 8 : explain SELECT k, c FROM sbtest8 WHERE k BETWEEN 1302064 AND 1302164
	Bitmap Heap Scan on sbtest8  (cost=5.42..385.43 rows=96 width=125)
	  Recheck Cond: ((k >= 1302064) AND (k <= 1302164))
	  ->  Bitmap Index Scan on k_8  (cost=0.00..5.39 rows=96 width=0)
	        Index Cond: ((k >= 1302064) AND (k <= 1302164))

for range-notcovered
table 1 : explain SELECT k, c FROM sbtest1 WHERE k BETWEEN 1594577 AND 1594677
	Bitmap Heap Scan on sbtest1  (cost=5.48..409.07 rows=102 width=125)
	  Recheck Cond: ((k >= 1594577) AND (k <= 1594677))
	  ->  Bitmap Index Scan on k_1  (cost=0.00..5.45 rows=102 width=0)
	        Index Cond: ((k >= 1594577) AND (k <= 1594677))

table 2 : explain SELECT k, c FROM sbtest2 WHERE k BETWEEN 1594577 AND 1594677
	Bitmap Heap Scan on sbtest2  (cost=5.55..436.62 rows=109 width=125)
	  Recheck Cond: ((k >= 1594577) AND (k <= 1594677))
	  ->  Bitmap Index Scan on k_2  (cost=0.00..5.52 rows=109 width=0)
	        Index Cond: ((k >= 1594577) AND (k <= 1594677))

table 3 : explain SELECT k, c FROM sbtest3 WHERE k BETWEEN 1594577 AND 1594677
	Bitmap Heap Scan on sbtest3  (cost=5.40..377.55 rows=94 width=125)
	  Recheck Cond: ((k >= 1594577) AND (k <= 1594677))
	  ->  Bitmap Index Scan on k_3  (cost=0.00..5.38 rows=94 width=0)
	        Index Cond: ((k >= 1594577) AND (k <= 1594677))

table 4 : explain SELECT k, c FROM sbtest4 WHERE k BETWEEN 1594577 AND 1594677
	Bitmap Heap Scan on sbtest4  (cost=5.49..413.00 rows=103 width=125)
	  Recheck Cond: ((k >= 1594577) AND (k <= 1594677))
	  ->  Bitmap Index Scan on k_4  (cost=0.00..5.46 rows=103 width=0)
	        Index Cond: ((k >= 1594577) AND (k <= 1594677))

table 5 : explain SELECT k, c FROM sbtest5 WHERE k BETWEEN 1594577 AND 1594677
	Bitmap Heap Scan on sbtest5  (cost=5.48..409.07 rows=102 width=125)
	  Recheck Cond: ((k >= 1594577) AND (k <= 1594677))
	  ->  Bitmap Index Scan on k_5  (cost=0.00..5.45 rows=102 width=0)
	        Index Cond: ((k >= 1594577) AND (k <= 1594677))

table 6 : explain SELECT k, c FROM sbtest6 WHERE k BETWEEN 1594577 AND 1594677
	Bitmap Heap Scan on sbtest6  (cost=5.48..409.07 rows=102 width=125)
	  Recheck Cond: ((k >= 1594577) AND (k <= 1594677))
	  ->  Bitmap Index Scan on k_6  (cost=0.00..5.45 rows=102 width=0)
	        Index Cond: ((k >= 1594577) AND (k <= 1594677))

table 7 : explain SELECT k, c FROM sbtest7 WHERE k BETWEEN 1594577 AND 1594677
	Bitmap Heap Scan on sbtest7  (cost=5.47..405.13 rows=101 width=125)
	  Recheck Cond: ((k >= 1594577) AND (k <= 1594677))
	  ->  Bitmap Index Scan on k_7  (cost=0.00..5.44 rows=101 width=0)
	        Index Cond: ((k >= 1594577) AND (k <= 1594677))

table 8 : explain SELECT k, c FROM sbtest8 WHERE k BETWEEN 1594577 AND 1594677
	Bitmap Heap Scan on sbtest8  (cost=5.45..397.25 rows=99 width=125)
	  Recheck Cond: ((k >= 1594577) AND (k <= 1594677))
	  ->  Bitmap Index Scan on k_8  (cost=0.00..5.42 rows=99 width=0)
	        Index Cond: ((k >= 1594577) AND (k <= 1594677))

for range-notcovered
table 1 : explain SELECT k, c FROM sbtest1 WHERE k BETWEEN 5282534 AND 5282634
	Bitmap Heap Scan on sbtest1  (cost=5.35..357.84 rows=89 width=125)
	  Recheck Cond: ((k >= 5282534) AND (k <= 5282634))
	  ->  Bitmap Index Scan on k_1  (cost=0.00..5.32 rows=89 width=0)
	        Index Cond: ((k >= 5282534) AND (k <= 5282634))

table 2 : explain SELECT k, c FROM sbtest2 WHERE k BETWEEN 5282534 AND 5282634
	Bitmap Heap Scan on sbtest2  (cost=5.45..397.25 rows=99 width=125)
	  Recheck Cond: ((k >= 5282534) AND (k <= 5282634))
	  ->  Bitmap Index Scan on k_2  (cost=0.00..5.42 rows=99 width=0)
	        Index Cond: ((k >= 5282534) AND (k <= 5282634))

table 3 : explain SELECT k, c FROM sbtest3 WHERE k BETWEEN 5282534 AND 5282634
	Bitmap Heap Scan on sbtest3  (cost=5.40..377.55 rows=94 width=125)
	  Recheck Cond: ((k >= 5282534) AND (k <= 5282634))
	  ->  Bitmap Index Scan on k_3  (cost=0.00..5.38 rows=94 width=0)
	        Index Cond: ((k >= 5282534) AND (k <= 5282634))

table 4 : explain SELECT k, c FROM sbtest4 WHERE k BETWEEN 5282534 AND 5282634
	Bitmap Heap Scan on sbtest4  (cost=5.47..405.13 rows=101 width=125)
	  Recheck Cond: ((k >= 5282534) AND (k <= 5282634))
	  ->  Bitmap Index Scan on k_4  (cost=0.00..5.44 rows=101 width=0)
	        Index Cond: ((k >= 5282534) AND (k <= 5282634))

table 5 : explain SELECT k, c FROM sbtest5 WHERE k BETWEEN 5282534 AND 5282634
	Bitmap Heap Scan on sbtest5  (cost=5.39..373.61 rows=93 width=125)
	  Recheck Cond: ((k >= 5282534) AND (k <= 5282634))
	  ->  Bitmap Index Scan on k_5  (cost=0.00..5.36 rows=93 width=0)
	        Index Cond: ((k >= 5282534) AND (k <= 5282634))

table 6 : explain SELECT k, c FROM sbtest6 WHERE k BETWEEN 5282534 AND 5282634
	Bitmap Heap Scan on sbtest6  (cost=5.48..409.07 rows=102 width=125)
	  Recheck Cond: ((k >= 5282534) AND (k <= 5282634))
	  ->  Bitmap Index Scan on k_6  (cost=0.00..5.45 rows=102 width=0)
	        Index Cond: ((k >= 5282534) AND (k <= 5282634))

table 7 : explain SELECT k, c FROM sbtest7 WHERE k BETWEEN 5282534 AND 5282634
	Bitmap Heap Scan on sbtest7  (cost=5.46..401.19 rows=100 width=125)
	  Recheck Cond: ((k >= 5282534) AND (k <= 5282634))
	  ->  Bitmap Index Scan on k_7  (cost=0.00..5.43 rows=100 width=0)
	        Index Cond: ((k >= 5282534) AND (k <= 5282634))

table 8 : explain SELECT k, c FROM sbtest8 WHERE k BETWEEN 5282534 AND 5282634
	Bitmap Heap Scan on sbtest8  (cost=5.60..456.29 rows=114 width=125)
	  Recheck Cond: ((k >= 5282534) AND (k <= 5282634))
	  ->  Bitmap Index Scan on k_8  (cost=0.00..5.58 rows=114 width=0)
	        Index Cond: ((k >= 5282534) AND (k <= 5282634))

for range-notcovered
table 1 : explain SELECT k, c FROM sbtest1 WHERE k BETWEEN 1964833 AND 1964933
	Bitmap Heap Scan on sbtest1  (cost=5.48..409.07 rows=102 width=125)
	  Recheck Cond: ((k >= 1964833) AND (k <= 1964933))
	  ->  Bitmap Index Scan on k_1  (cost=0.00..5.45 rows=102 width=0)
	        Index Cond: ((k >= 1964833) AND (k <= 1964933))

table 2 : explain SELECT k, c FROM sbtest2 WHERE k BETWEEN 1964833 AND 1964933
	Bitmap Heap Scan on sbtest2  (cost=5.41..381.49 rows=95 width=125)
	  Recheck Cond: ((k >= 1964833) AND (k <= 1964933))
	  ->  Bitmap Index Scan on k_2  (cost=0.00..5.38 rows=95 width=0)
	        Index Cond: ((k >= 1964833) AND (k <= 1964933))

table 3 : explain SELECT k, c FROM sbtest3 WHERE k BETWEEN 1964833 AND 1964933
	Bitmap Heap Scan on sbtest3  (cost=5.43..389.37 rows=97 width=125)
	  Recheck Cond: ((k >= 1964833) AND (k <= 1964933))
	  ->  Bitmap Index Scan on k_3  (cost=0.00..5.40 rows=97 width=0)
	        Index Cond: ((k >= 1964833) AND (k <= 1964933))

table 4 : explain SELECT k, c FROM sbtest4 WHERE k BETWEEN 1964833 AND 1964933
	Bitmap Heap Scan on sbtest4  (cost=5.40..377.55 rows=94 width=125)
	  Recheck Cond: ((k >= 1964833) AND (k <= 1964933))
	  ->  Bitmap Index Scan on k_4  (cost=0.00..5.38 rows=94 width=0)
	        Index Cond: ((k >= 1964833) AND (k <= 1964933))

table 5 : explain SELECT k, c FROM sbtest5 WHERE k BETWEEN 1964833 AND 1964933
	Bitmap Heap Scan on sbtest5  (cost=5.57..444.49 rows=111 width=125)
	  Recheck Cond: ((k >= 1964833) AND (k <= 1964933))
	  ->  Bitmap Index Scan on k_5  (cost=0.00..5.54 rows=111 width=0)
	        Index Cond: ((k >= 1964833) AND (k <= 1964933))

table 6 : explain SELECT k, c FROM sbtest6 WHERE k BETWEEN 1964833 AND 1964933
	Bitmap Heap Scan on sbtest6  (cost=5.36..361.78 rows=90 width=125)
	  Recheck Cond: ((k >= 1964833) AND (k <= 1964933))
	  ->  Bitmap Index Scan on k_6  (cost=0.00..5.33 rows=90 width=0)
	        Index Cond: ((k >= 1964833) AND (k <= 1964933))

table 7 : explain SELECT k, c FROM sbtest7 WHERE k BETWEEN 1964833 AND 1964933
	Bitmap Heap Scan on sbtest7  (cost=5.46..401.19 rows=100 width=125)
	  Recheck Cond: ((k >= 1964833) AND (k <= 1964933))
	  ->  Bitmap Index Scan on k_7  (cost=0.00..5.43 rows=100 width=0)
	        Index Cond: ((k >= 1964833) AND (k <= 1964933))

table 8 : explain SELECT k, c FROM sbtest8 WHERE k BETWEEN 1964833 AND 1964933
	Bitmap Heap Scan on sbtest8  (cost=5.50..416.94 rows=104 width=125)
	  Recheck Cond: ((k >= 1964833) AND (k <= 1964933))
	  ->  Bitmap Index Scan on k_8  (cost=0.00..5.47 rows=104 width=0)
	        Index Cond: ((k >= 1964833) AND (k <= 1964933))

explain: for range-notcovered :: explain SELECT k, c FROM sbtest%d WHERE k BETWEEN 1302064 AND 1302164
explain: for range-notcovered :: explain SELECT k, c FROM sbtest%d WHERE k BETWEEN 1594577 AND 1594677
for range-notcovered
table 1 : explain SELECT k, c FROM sbtest1 WHERE k BETWEEN 4810154 AND 4810254
	Bitmap Heap Scan on sbtest1  (cost=5.48..409.07 rows=102 width=125)
	  Recheck Cond: ((k >= 4810154) AND (k <= 4810254))
	  ->  Bitmap Index Scan on k_1  (cost=0.00..5.45 rows=102 width=0)
	        Index Cond: ((k >= 4810154) AND (k <= 4810254))

table 2 : explain SELECT k, c FROM sbtest2 WHERE k BETWEEN 4810154 AND 4810254
	Bitmap Heap Scan on sbtest2  (cost=5.38..369.67 rows=92 width=125)
	  Recheck Cond: ((k >= 4810154) AND (k <= 4810254))
	  ->  Bitmap Index Scan on k_2  (cost=0.00..5.35 rows=92 width=0)
	        Index Cond: ((k >= 4810154) AND (k <= 4810254))

table 3 : explain SELECT k, c FROM sbtest3 WHERE k BETWEEN 4810154 AND 4810254
	Bitmap Heap Scan on sbtest3  (cost=5.47..405.13 rows=101 width=125)
	  Recheck Cond: ((k >= 4810154) AND (k <= 4810254))
	  ->  Bitmap Index Scan on k_3  (cost=0.00..5.44 rows=101 width=0)
	        Index Cond: ((k >= 4810154) AND (k <= 4810254))

table 4 : explain SELECT k, c FROM sbtest4 WHERE k BETWEEN 4810154 AND 4810254
	Bitmap Heap Scan on sbtest4  (cost=5.50..416.94 rows=104 width=125)
	  Recheck Cond: ((k >= 4810154) AND (k <= 4810254))
	  ->  Bitmap Index Scan on k_4  (cost=0.00..5.47 rows=104 width=0)
	        Index Cond: ((k >= 4810154) AND (k <= 4810254))

table 5 : explain SELECT k, c FROM sbtest5 WHERE k BETWEEN 4810154 AND 4810254
	Bitmap Heap Scan on sbtest5  (cost=5.39..373.61 rows=93 width=125)
	  Recheck Cond: ((k >= 4810154) AND (k <= 4810254))
	  ->  Bitmap Index Scan on k_5  (cost=0.00..5.36 rows=93 width=0)
	        Index Cond: ((k >= 4810154) AND (k <= 4810254))

table 6 : explain SELECT k, c FROM sbtest6 WHERE k BETWEEN 4810154 AND 4810254
	Bitmap Heap Scan on sbtest6  (cost=5.51..420.88 rows=105 width=125)
	  Recheck Cond: ((k >= 4810154) AND (k <= 4810254))
	  ->  Bitmap Index Scan on k_6  (cost=0.00..5.48 rows=105 width=0)
	        Index Cond: ((k >= 4810154) AND (k <= 4810254))

table 7 : explain SELECT k, c FROM sbtest7 WHERE k BETWEEN 4810154 AND 4810254
	Bitmap Heap Scan on sbtest7  (cost=5.47..405.13 rows=101 width=125)
	  Recheck Cond: ((k >= 4810154) AND (k <= 4810254))
	  ->  Bitmap Index Scan on k_7  (cost=0.00..5.44 rows=101 width=0)
	        Index Cond: ((k >= 4810154) AND (k <= 4810254))

table 8 : explain SELECT k, c FROM sbtest8 WHERE k BETWEEN 4810154 AND 4810254
	Bitmap Heap Scan on sbtest8  (cost=5.40..377.55 rows=94 width=125)
	  Recheck Cond: ((k >= 4810154) AND (k <= 4810254))
	  ->  Bitmap Index Scan on k_8  (cost=0.00..5.38 rows=94 width=0)
	        Index Cond: ((k >= 4810154) AND (k <= 4810254))

explain: for range-notcovered :: explain SELECT k, c FROM sbtest%d WHERE k BETWEEN 4810154 AND 4810254
for range-notcovered
table 1 : explain SELECT k, c FROM sbtest1 WHERE k BETWEEN 2851034 AND 2851134
	Bitmap Heap Scan on sbtest1  (cost=5.45..397.25 rows=99 width=125)
	  Recheck Cond: ((k >= 2851034) AND (k <= 2851134))
	  ->  Bitmap Index Scan on k_1  (cost=0.00..5.42 rows=99 width=0)
	        Index Cond: ((k >= 2851034) AND (k <= 2851134))

table 2 : explain SELECT k, c FROM sbtest2 WHERE k BETWEEN 2851034 AND 2851134
	Bitmap Heap Scan on sbtest2  (cost=5.55..436.62 rows=109 width=125)
	  Recheck Cond: ((k >= 2851034) AND (k <= 2851134))
	  ->  Bitmap Index Scan on k_2  (cost=0.00..5.52 rows=109 width=0)
	        Index Cond: ((k >= 2851034) AND (k <= 2851134))

table 3 : explain SELECT k, c FROM sbtest3 WHERE k BETWEEN 2851034 AND 2851134
	Bitmap Heap Scan on sbtest3  (cost=5.48..409.07 rows=102 width=125)
	  Recheck Cond: ((k >= 2851034) AND (k <= 2851134))
	  ->  Bitmap Index Scan on k_3  (cost=0.00..5.45 rows=102 width=0)
	        Index Cond: ((k >= 2851034) AND (k <= 2851134))

table 4 : explain SELECT k, c FROM sbtest4 WHERE k BETWEEN 2851034 AND 2851134
	Bitmap Heap Scan on sbtest4  (cost=5.56..440.56 rows=110 width=125)
	  Recheck Cond: ((k >= 2851034) AND (k <= 2851134))
	  ->  Bitmap Index Scan on k_4  (cost=0.00..5.53 rows=110 width=0)
	        Index Cond: ((k >= 2851034) AND (k <= 2851134))

table 5 : explain SELECT k, c FROM sbtest5 WHERE k BETWEEN 2851034 AND 2851134
	Bitmap Heap Scan on sbtest5  (cost=5.44..393.31 rows=98 width=125)
	  Recheck Cond: ((k >= 2851034) AND (k <= 2851134))
	  ->  Bitmap Index Scan on k_5  (cost=0.00..5.42 rows=98 width=0)
	        Index Cond: ((k >= 2851034) AND (k <= 2851134))

table 6 : explain SELECT k, c FROM sbtest6 WHERE k BETWEEN 2851034 AND 2851134
	Bitmap Heap Scan on sbtest6  (cost=5.46..401.19 rows=100 width=125)
	  Recheck Cond: ((k >= 2851034) AND (k <= 2851134))
	  ->  Bitmap Index Scan on k_6  (cost=0.00..5.43 rows=100 width=0)
	        Index Cond: ((k >= 2851034) AND (k <= 2851134))

table 7 : explain SELECT k, c FROM sbtest7 WHERE k BETWEEN 2851034 AND 2851134
	Bitmap Heap Scan on sbtest7  (cost=5.55..436.62 rows=109 width=125)
	  Recheck Cond: ((k >= 2851034) AND (k <= 2851134))
	  ->  Bitmap Index Scan on k_7  (cost=0.00..5.52 rows=109 width=0)
	        Index Cond: ((k >= 2851034) AND (k <= 2851134))

table 8 : explain SELECT k, c FROM sbtest8 WHERE k BETWEEN 2851034 AND 2851134
	Bitmap Heap Scan on sbtest8  (cost=5.48..409.07 rows=102 width=125)
	  Recheck Cond: ((k >= 2851034) AND (k <= 2851134))
	  ->  Bitmap Index Scan on k_8  (cost=0.00..5.45 rows=102 width=0)
	        Index Cond: ((k >= 2851034) AND (k <= 2851134))

for range-notcovered
table 1 : explain SELECT k, c FROM sbtest1 WHERE k BETWEEN 6370613 AND 6370713
	Bitmap Heap Scan on sbtest1  (cost=5.49..413.00 rows=103 width=125)
	  Recheck Cond: ((k >= 6370613) AND (k <= 6370713))
	  ->  Bitmap Index Scan on k_1  (cost=0.00..5.46 rows=103 width=0)
	        Index Cond: ((k >= 6370613) AND (k <= 6370713))

table 2 : explain SELECT k, c FROM sbtest2 WHERE k BETWEEN 6370613 AND 6370713
	Bitmap Heap Scan on sbtest2  (cost=5.41..381.49 rows=95 width=125)
	  Recheck Cond: ((k >= 6370613) AND (k <= 6370713))
	  ->  Bitmap Index Scan on k_2  (cost=0.00..5.38 rows=95 width=0)
	        Index Cond: ((k >= 6370613) AND (k <= 6370713))

table 3 : explain SELECT k, c FROM sbtest3 WHERE k BETWEEN 6370613 AND 6370713
	Bitmap Heap Scan on sbtest3  (cost=5.47..405.13 rows=101 width=125)
	  Recheck Cond: ((k >= 6370613) AND (k <= 6370713))
	  ->  Bitmap Index Scan on k_3  (cost=0.00..5.44 rows=101 width=0)
	        Index Cond: ((k >= 6370613) AND (k <= 6370713))

table 4 : explain SELECT k, c FROM sbtest4 WHERE k BETWEEN 6370613 AND 6370713
	Bitmap Heap Scan on sbtest4  (cost=5.49..413.00 rows=103 width=125)
	  Recheck Cond: ((k >= 6370613) AND (k <= 6370713))
	  ->  Bitmap Index Scan on k_4  (cost=0.00..5.46 rows=103 width=0)
	        Index Cond: ((k >= 6370613) AND (k <= 6370713))

table 5 : explain SELECT k, c FROM sbtest5 WHERE k BETWEEN 6370613 AND 6370713
	Bitmap Heap Scan on sbtest5  (cost=5.55..436.62 rows=109 width=125)
	  Recheck Cond: ((k >= 6370613) AND (k <= 6370713))
	  ->  Bitmap Index Scan on k_5  (cost=0.00..5.52 rows=109 width=0)
	        Index Cond: ((k >= 6370613) AND (k <= 6370713))

table 6 : explain SELECT k, c FROM sbtest6 WHERE k BETWEEN 6370613 AND 6370713
	Bitmap Heap Scan on sbtest6  (cost=5.43..389.37 rows=97 width=125)
	  Recheck Cond: ((k >= 6370613) AND (k <= 6370713))
	  ->  Bitmap Index Scan on k_6  (cost=0.00..5.40 rows=97 width=0)
	        Index Cond: ((k >= 6370613) AND (k <= 6370713))

table 7 : explain SELECT k, c FROM sbtest7 WHERE k BETWEEN 6370613 AND 6370713
	Bitmap Heap Scan on sbtest7  (cost=5.37..365.72 rows=91 width=125)
	  Recheck Cond: ((k >= 6370613) AND (k <= 6370713))
	  ->  Bitmap Index Scan on k_7  (cost=0.00..5.34 rows=91 width=0)
	        Index Cond: ((k >= 6370613) AND (k <= 6370713))

table 8 : explain SELECT k, c FROM sbtest8 WHERE k BETWEEN 6370613 AND 6370713
	Bitmap Heap Scan on sbtest8  (cost=5.46..401.19 rows=100 width=125)
	  Recheck Cond: ((k >= 6370613) AND (k <= 6370713))
	  ->  Bitmap Index Scan on k_8  (cost=0.00..5.43 rows=100 width=0)
	        Index Cond: ((k >= 6370613) AND (k <= 6370713))

for range-notcovered
table 1 : explain SELECT k, c FROM sbtest1 WHERE k BETWEEN 4850540 AND 4850640
	Bitmap Heap Scan on sbtest1  (cost=5.48..409.07 rows=102 width=125)
	  Recheck Cond: ((k >= 4850540) AND (k <= 4850640))
	  ->  Bitmap Index Scan on k_1  (cost=0.00..5.45 rows=102 width=0)
	        Index Cond: ((k >= 4850540) AND (k <= 4850640))

table 2 : explain SELECT k, c FROM sbtest2 WHERE k BETWEEN 4850540 AND 4850640
	Bitmap Heap Scan on sbtest2  (cost=5.38..369.67 rows=92 width=125)
	  Recheck Cond: ((k >= 4850540) AND (k <= 4850640))
	  ->  Bitmap Index Scan on k_2  (cost=0.00..5.35 rows=92 width=0)
	        Index Cond: ((k >= 4850540) AND (k <= 4850640))

table 3 : explain SELECT k, c FROM sbtest3 WHERE k BETWEEN 4850540 AND 4850640
	Bitmap Heap Scan on sbtest3  (cost=5.47..405.13 rows=101 width=125)
	  Recheck Cond: ((k >= 4850540) AND (k <= 4850640))
	  ->  Bitmap Index Scan on k_3  (cost=0.00..5.44 rows=101 width=0)
	        Index Cond: ((k >= 4850540) AND (k <= 4850640))

table 4 : explain SELECT k, c FROM sbtest4 WHERE k BETWEEN 4850540 AND 4850640
	Bitmap Heap Scan on sbtest4  (cost=5.46..401.19 rows=100 width=125)
	  Recheck Cond: ((k >= 4850540) AND (k <= 4850640))
	  ->  Bitmap Index Scan on k_4  (cost=0.00..5.43 rows=100 width=0)
	        Index Cond: ((k >= 4850540) AND (k <= 4850640))

table 5 : explain SELECT k, c FROM sbtest5 WHERE k BETWEEN 4850540 AND 4850640
	Bitmap Heap Scan on sbtest5  (cost=5.39..373.61 rows=93 width=125)
	  Recheck Cond: ((k >= 4850540) AND (k <= 4850640))
	  ->  Bitmap Index Scan on k_5  (cost=0.00..5.36 rows=93 width=0)
	        Index Cond: ((k >= 4850540) AND (k <= 4850640))

table 6 : explain SELECT k, c FROM sbtest6 WHERE k BETWEEN 4850540 AND 4850640
	Bitmap Heap Scan on sbtest6  (cost=5.51..420.88 rows=105 width=125)
	  Recheck Cond: ((k >= 4850540) AND (k <= 4850640))
	  ->  Bitmap Index Scan on k_6  (cost=0.00..5.48 rows=105 width=0)
	        Index Cond: ((k >= 4850540) AND (k <= 4850640))

table 7 : explain SELECT k, c FROM sbtest7 WHERE k BETWEEN 4850540 AND 4850640
	Bitmap Heap Scan on sbtest7  (cost=5.47..405.13 rows=101 width=125)
	  Recheck Cond: ((k >= 4850540) AND (k <= 4850640))
	  ->  Bitmap Index Scan on k_7  (cost=0.00..5.44 rows=101 width=0)
	        Index Cond: ((k >= 4850540) AND (k <= 4850640))

table 8 : explain SELECT k, c FROM sbtest8 WHERE k BETWEEN 4850540 AND 4850640
	Bitmap Heap Scan on sbtest8  (cost=5.54..432.69 rows=108 width=125)
	  Recheck Cond: ((k >= 4850540) AND (k <= 4850640))
	  ->  Bitmap Index Scan on k_8  (cost=0.00..5.51 rows=108 width=0)
	        Index Cond: ((k >= 4850540) AND (k <= 4850640))

explain: for range-notcovered :: explain SELECT k, c FROM sbtest%d WHERE k BETWEEN 2851034 AND 2851134
for range-notcovered
table 1 : explain SELECT k, c FROM sbtest1 WHERE k BETWEEN 4083931 AND 4084031
	Bitmap Heap Scan on sbtest1  (cost=5.53..428.75 rows=107 width=125)
	  Recheck Cond: ((k >= 4083931) AND (k <= 4084031))
	  ->  Bitmap Index Scan on k_1  (cost=0.00..5.50 rows=107 width=0)
	        Index Cond: ((k >= 4083931) AND (k <= 4084031))

table 2 : explain SELECT k, c FROM sbtest2 WHERE k BETWEEN 4083931 AND 4084031
	Bitmap Heap Scan on sbtest2  (cost=5.49..413.00 rows=103 width=125)
	  Recheck Cond: ((k >= 4083931) AND (k <= 4084031))
	  ->  Bitmap Index Scan on k_2  (cost=0.00..5.46 rows=103 width=0)
	        Index Cond: ((k >= 4083931) AND (k <= 4084031))

table 3 : explain SELECT k, c FROM sbtest3 WHERE k BETWEEN 4083931 AND 4084031
	Bitmap Heap Scan on sbtest3  (cost=5.49..413.00 rows=103 width=125)
	  Recheck Cond: ((k >= 4083931) AND (k <= 4084031))
	  ->  Bitmap Index Scan on k_3  (cost=0.00..5.46 rows=103 width=0)
	        Index Cond: ((k >= 4083931) AND (k <= 4084031))

table 4 : explain SELECT k, c FROM sbtest4 WHERE k BETWEEN 4083931 AND 4084031
	Bitmap Heap Scan on sbtest4  (cost=5.49..413.00 rows=103 width=125)
	  Recheck Cond: ((k >= 4083931) AND (k <= 4084031))
	  ->  Bitmap Index Scan on k_4  (cost=0.00..5.46 rows=103 width=0)
	        Index Cond: ((k >= 4083931) AND (k <= 4084031))

table 5 : explain SELECT k, c FROM sbtest5 WHERE k BETWEEN 4083931 AND 4084031
	Bitmap Heap Scan on sbtest5  (cost=5.48..409.07 rows=102 width=125)
	  Recheck Cond: ((k >= 4083931) AND (k <= 4084031))
	  ->  Bitmap Index Scan on k_5  (cost=0.00..5.45 rows=102 width=0)
	        Index Cond: ((k >= 4083931) AND (k <= 4084031))

table 6 : explain SELECT k, c FROM sbtest6 WHERE k BETWEEN 4083931 AND 4084031
	Bitmap Heap Scan on sbtest6  (cost=5.44..393.31 rows=98 width=125)
	  Recheck Cond: ((k >= 4083931) AND (k <= 4084031))
	  ->  Bitmap Index Scan on k_6  (cost=0.00..5.42 rows=98 width=0)
	        Index Cond: ((k >= 4083931) AND (k <= 4084031))

table 7 : explain SELECT k, c FROM sbtest7 WHERE k BETWEEN 4083931 AND 4084031
	Bitmap Heap Scan on sbtest7  (cost=5.50..416.94 rows=104 width=125)
	  Recheck Cond: ((k >= 4083931) AND (k <= 4084031))
	  ->  Bitmap Index Scan on k_7  (cost=0.00..5.47 rows=104 width=0)
	        Index Cond: ((k >= 4083931) AND (k <= 4084031))

table 8 : explain SELECT k, c FROM sbtest8 WHERE k BETWEEN 4083931 AND 4084031
	Bitmap Heap Scan on sbtest8  (cost=5.45..397.25 rows=99 width=125)
	  Recheck Cond: ((k >= 4083931) AND (k <= 4084031))
	  ->  Bitmap Index Scan on k_8  (cost=0.00..5.42 rows=99 width=0)
	        Index Cond: ((k >= 4083931) AND (k <= 4084031))

for range-notcovered
table 1 : explain SELECT k, c FROM sbtest1 WHERE k BETWEEN 4357678 AND 4357778
	Bitmap Heap Scan on sbtest1  (cost=5.51..420.88 rows=105 width=125)
	  Recheck Cond: ((k >= 4357678) AND (k <= 4357778))
	  ->  Bitmap Index Scan on k_1  (cost=0.00..5.48 rows=105 width=0)
	        Index Cond: ((k >= 4357678) AND (k <= 4357778))

table 2 : explain SELECT k, c FROM sbtest2 WHERE k BETWEEN 4357678 AND 4357778
	Bitmap Heap Scan on sbtest2  (cost=5.54..432.69 rows=108 width=125)
	  Recheck Cond: ((k >= 4357678) AND (k <= 4357778))
	  ->  Bitmap Index Scan on k_2  (cost=0.00..5.51 rows=108 width=0)
	        Index Cond: ((k >= 4357678) AND (k <= 4357778))

table 3 : explain SELECT k, c FROM sbtest3 WHERE k BETWEEN 4357678 AND 4357778
	Bitmap Heap Scan on sbtest3  (cost=5.50..416.94 rows=104 width=125)
	  Recheck Cond: ((k >= 4357678) AND (k <= 4357778))
	  ->  Bitmap Index Scan on k_3  (cost=0.00..5.47 rows=104 width=0)
	        Index Cond: ((k >= 4357678) AND (k <= 4357778))

table 4 : explain SELECT k, c FROM sbtest4 WHERE k BETWEEN 4357678 AND 4357778
	Bitmap Heap Scan on sbtest4  (cost=5.43..389.37 rows=97 width=125)
	  Recheck Cond: ((k >= 4357678) AND (k <= 4357778))
	  ->  Bitmap Index Scan on k_4  (cost=0.00..5.40 rows=97 width=0)
	        Index Cond: ((k >= 4357678) AND (k <= 4357778))

table 5 : explain SELECT k, c FROM sbtest5 WHERE k BETWEEN 4357678 AND 4357778
	Bitmap Heap Scan on sbtest5  (cost=5.54..432.69 rows=108 width=125)
	  Recheck Cond: ((k >= 4357678) AND (k <= 4357778))
	  ->  Bitmap Index Scan on k_5  (cost=0.00..5.51 rows=108 width=0)
	        Index Cond: ((k >= 4357678) AND (k <= 4357778))

table 6 : explain SELECT k, c FROM sbtest6 WHERE k BETWEEN 4357678 AND 4357778
	Bitmap Heap Scan on sbtest6  (cost=5.60..456.29 rows=114 width=125)
	  Recheck Cond: ((k >= 4357678) AND (k <= 4357778))
	  ->  Bitmap Index Scan on k_6  (cost=0.00..5.58 rows=114 width=0)
	        Index Cond: ((k >= 4357678) AND (k <= 4357778))

table 7 : explain SELECT k, c FROM sbtest7 WHERE k BETWEEN 4357678 AND 4357778
	Bitmap Heap Scan on sbtest7  (cost=5.49..413.00 rows=103 width=125)
	  Recheck Cond: ((k >= 4357678) AND (k <= 4357778))
	  ->  Bitmap Index Scan on k_7  (cost=0.00..5.46 rows=103 width=0)
	        Index Cond: ((k >= 4357678) AND (k <= 4357778))

table 8 : explain SELECT k, c FROM sbtest8 WHERE k BETWEEN 4357678 AND 4357778
	Bitmap Heap Scan on sbtest8  (cost=5.54..432.69 rows=108 width=125)
	  Recheck Cond: ((k >= 4357678) AND (k <= 4357778))
	  ->  Bitmap Index Scan on k_8  (cost=0.00..5.51 rows=108 width=0)
	        Index Cond: ((k >= 4357678) AND (k <= 4357778))

explain: for range-notcovered :: explain SELECT k, c FROM sbtest%d WHERE k BETWEEN 6370613 AND 6370713
explain: for range-notcovered :: explain SELECT k, c FROM sbtest%d WHERE k BETWEEN 4850540 AND 4850640
for range-notcovered
table 1 : explain SELECT k, c FROM sbtest1 WHERE k BETWEEN 4685558 AND 4685658
	Bitmap Heap Scan on sbtest1  (cost=5.47..405.13 rows=101 width=125)
	  Recheck Cond: ((k >= 4685558) AND (k <= 4685658))
	  ->  Bitmap Index Scan on k_1  (cost=0.00..5.44 rows=101 width=0)
	        Index Cond: ((k >= 4685558) AND (k <= 4685658))

table 2 : explain SELECT k, c FROM sbtest2 WHERE k BETWEEN 4685558 AND 4685658
	Bitmap Heap Scan on sbtest2  (cost=5.46..401.19 rows=100 width=125)
	  Recheck Cond: ((k >= 4685558) AND (k <= 4685658))
	  ->  Bitmap Index Scan on k_2  (cost=0.00..5.43 rows=100 width=0)
	        Index Cond: ((k >= 4685558) AND (k <= 4685658))

table 3 : explain SELECT k, c FROM sbtest3 WHERE k BETWEEN 4685558 AND 4685658
	Bitmap Heap Scan on sbtest3  (cost=5.40..377.55 rows=94 width=125)
	  Recheck Cond: ((k >= 4685558) AND (k <= 4685658))
	  ->  Bitmap Index Scan on k_3  (cost=0.00..5.38 rows=94 width=0)
	        Index Cond: ((k >= 4685558) AND (k <= 4685658))

table 4 : explain SELECT k, c FROM sbtest4 WHERE k BETWEEN 4685558 AND 4685658
	Bitmap Heap Scan on sbtest4  (cost=5.44..393.31 rows=98 width=125)
	  Recheck Cond: ((k >= 4685558) AND (k <= 4685658))
	  ->  Bitmap Index Scan on k_4  (cost=0.00..5.42 rows=98 width=0)
	        Index Cond: ((k >= 4685558) AND (k <= 4685658))

table 5 : explain SELECT k, c FROM sbtest5 WHERE k BETWEEN 4685558 AND 4685658
	Bitmap Heap Scan on sbtest5  (cost=5.40..377.55 rows=94 width=125)
	  Recheck Cond: ((k >= 4685558) AND (k <= 4685658))
	  ->  Bitmap Index Scan on k_5  (cost=0.00..5.38 rows=94 width=0)
	        Index Cond: ((k >= 4685558) AND (k <= 4685658))

table 6 : explain SELECT k, c FROM sbtest6 WHERE k BETWEEN 4685558 AND 4685658
	Bitmap Heap Scan on sbtest6  (cost=5.58..448.42 rows=112 width=125)
	  Recheck Cond: ((k >= 4685558) AND (k <= 4685658))
	  ->  Bitmap Index Scan on k_6  (cost=0.00..5.55 rows=112 width=0)
	        Index Cond: ((k >= 4685558) AND (k <= 4685658))

table 7 : explain SELECT k, c FROM sbtest7 WHERE k BETWEEN 4685558 AND 4685658
	Bitmap Heap Scan on sbtest7  (cost=5.45..397.25 rows=99 width=125)
	  Recheck Cond: ((k >= 4685558) AND (k <= 4685658))
	  ->  Bitmap Index Scan on k_7  (cost=0.00..5.42 rows=99 width=0)
	        Index Cond: ((k >= 4685558) AND (k <= 4685658))

table 8 : explain SELECT k, c FROM sbtest8 WHERE k BETWEEN 4685558 AND 4685658
	Bitmap Heap Scan on sbtest8  (cost=5.43..389.37 rows=97 width=125)
	  Recheck Cond: ((k >= 4685558) AND (k <= 4685658))
	  ->  Bitmap Index Scan on k_8  (cost=0.00..5.40 rows=97 width=0)
	        Index Cond: ((k >= 4685558) AND (k <= 4685658))

for range-notcovered
table 1 : explain SELECT k, c FROM sbtest1 WHERE k BETWEEN 1302064 AND 1302164
	Bitmap Heap Scan on sbtest1  (cost=5.54..432.69 rows=108 width=125)
	  Recheck Cond: ((k >= 1302064) AND (k <= 1302164))
	  ->  Bitmap Index Scan on k_1  (cost=0.00..5.51 rows=108 width=0)
	        Index Cond: ((k >= 1302064) AND (k <= 1302164))

table 2 : explain SELECT k, c FROM sbtest2 WHERE k BETWEEN 1302064 AND 1302164
	Bitmap Heap Scan on sbtest2  (cost=5.46..401.19 rows=100 width=125)
	  Recheck Cond: ((k >= 1302064) AND (k <= 1302164))
	  ->  Bitmap Index Scan on k_2  (cost=0.00..5.43 rows=100 width=0)
	        Index Cond: ((k >= 1302064) AND (k <= 1302164))

table 3 : explain SELECT k, c FROM sbtest3 WHERE k BETWEEN 1302064 AND 1302164
	Bitmap Heap Scan on sbtest3  (cost=5.48..409.07 rows=102 width=125)
	  Recheck Cond: ((k >= 1302064) AND (k <= 1302164))
	  ->  Bitmap Index Scan on k_3  (cost=0.00..5.45 rows=102 width=0)
	        Index Cond: ((k >= 1302064) AND (k <= 1302164))

table 4 : explain SELECT k, c FROM sbtest4 WHERE k BETWEEN 1302064 AND 1302164
	Bitmap Heap Scan on sbtest4  (cost=5.38..369.67 rows=92 width=125)
	  Recheck Cond: ((k >= 1302064) AND (k <= 1302164))
	  ->  Bitmap Index Scan on k_4  (cost=0.00..5.35 rows=92 width=0)
	        Index Cond: ((k >= 1302064) AND (k <= 1302164))

table 5 : explain SELECT k, c FROM sbtest5 WHERE k BETWEEN 1302064 AND 1302164
	Bitmap Heap Scan on sbtest5  (cost=5.43..389.37 rows=97 width=125)
	  Recheck Cond: ((k >= 1302064) AND (k <= 1302164))
	  ->  Bitmap Index Scan on k_5  (cost=0.00..5.40 rows=97 width=0)
	        Index Cond: ((k >= 1302064) AND (k <= 1302164))

table 6 : explain SELECT k, c FROM sbtest6 WHERE k BETWEEN 1302064 AND 1302164
	Bitmap Heap Scan on sbtest6  (cost=5.42..385.43 rows=96 width=125)
	  Recheck Cond: ((k >= 1302064) AND (k <= 1302164))
	  ->  Bitmap Index Scan on k_6  (cost=0.00..5.39 rows=96 width=0)
	        Index Cond: ((k >= 1302064) AND (k <= 1302164))

table 7 : explain SELECT k, c FROM sbtest7 WHERE k BETWEEN 1302064 AND 1302164
	Bitmap Heap Scan on sbtest7  (cost=5.40..377.55 rows=94 width=125)
	  Recheck Cond: ((k >= 1302064) AND (k <= 1302164))
	  ->  Bitmap Index Scan on k_7  (cost=0.00..5.38 rows=94 width=0)
	        Index Cond: ((k >= 1302064) AND (k <= 1302164))

table 8 : explain SELECT k, c FROM sbtest8 WHERE k BETWEEN 1302064 AND 1302164
	Bitmap Heap Scan on sbtest8  (cost=5.42..385.43 rows=96 width=125)
	  Recheck Cond: ((k >= 1302064) AND (k <= 1302164))
	  ->  Bitmap Index Scan on k_8  (cost=0.00..5.39 rows=96 width=0)
	        Index Cond: ((k >= 1302064) AND (k <= 1302164))

explain: for range-notcovered :: explain SELECT k, c FROM sbtest%d WHERE k BETWEEN 4685558 AND 4685658
for range-notcovered
table 1 : explain SELECT k, c FROM sbtest1 WHERE k BETWEEN 1594577 AND 1594677
	Bitmap Heap Scan on sbtest1  (cost=5.48..409.07 rows=102 width=125)
	  Recheck Cond: ((k >= 1594577) AND (k <= 1594677))
	  ->  Bitmap Index Scan on k_1  (cost=0.00..5.45 rows=102 width=0)
	        Index Cond: ((k >= 1594577) AND (k <= 1594677))

table 2 : explain SELECT k, c FROM sbtest2 WHERE k BETWEEN 1594577 AND 1594677
	Bitmap Heap Scan on sbtest2  (cost=5.55..436.62 rows=109 width=125)
	  Recheck Cond: ((k >= 1594577) AND (k <= 1594677))
	  ->  Bitmap Index Scan on k_2  (cost=0.00..5.52 rows=109 width=0)
	        Index Cond: ((k >= 1594577) AND (k <= 1594677))

table 3 : explain SELECT k, c FROM sbtest3 WHERE k BETWEEN 1594577 AND 1594677
	Bitmap Heap Scan on sbtest3  (cost=5.40..377.55 rows=94 width=125)
	  Recheck Cond: ((k >= 1594577) AND (k <= 1594677))
	  ->  Bitmap Index Scan on k_3  (cost=0.00..5.38 rows=94 width=0)
	        Index Cond: ((k >= 1594577) AND (k <= 1594677))

table 4 : explain SELECT k, c FROM sbtest4 WHERE k BETWEEN 1594577 AND 1594677
	Bitmap Heap Scan on sbtest4  (cost=5.49..413.00 rows=103 width=125)
	  Recheck Cond: ((k >= 1594577) AND (k <= 1594677))
	  ->  Bitmap Index Scan on k_4  (cost=0.00..5.46 rows=103 width=0)
	        Index Cond: ((k >= 1594577) AND (k <= 1594677))

table 5 : explain SELECT k, c FROM sbtest5 WHERE k BETWEEN 1594577 AND 1594677
	Bitmap Heap Scan on sbtest5  (cost=5.48..409.07 rows=102 width=125)
	  Recheck Cond: ((k >= 1594577) AND (k <= 1594677))
	  ->  Bitmap Index Scan on k_5  (cost=0.00..5.45 rows=102 width=0)
	        Index Cond: ((k >= 1594577) AND (k <= 1594677))

table 6 : explain SELECT k, c FROM sbtest6 WHERE k BETWEEN 1594577 AND 1594677
	Bitmap Heap Scan on sbtest6  (cost=5.48..409.07 rows=102 width=125)
	  Recheck Cond: ((k >= 1594577) AND (k <= 1594677))
	  ->  Bitmap Index Scan on k_6  (cost=0.00..5.45 rows=102 width=0)
	        Index Cond: ((k >= 1594577) AND (k <= 1594677))

table 7 : explain SELECT k, c FROM sbtest7 WHERE k BETWEEN 1594577 AND 1594677
	Bitmap Heap Scan on sbtest7  (cost=5.47..405.13 rows=101 width=125)
	  Recheck Cond: ((k >= 1594577) AND (k <= 1594677))
	  ->  Bitmap Index Scan on k_7  (cost=0.00..5.44 rows=101 width=0)
	        Index Cond: ((k >= 1594577) AND (k <= 1594677))

table 8 : explain SELECT k, c FROM sbtest8 WHERE k BETWEEN 1594577 AND 1594677
	Bitmap Heap Scan on sbtest8  (cost=5.45..397.25 rows=99 width=125)
	  Recheck Cond: ((k >= 1594577) AND (k <= 1594677))
	  ->  Bitmap Index Scan on k_8  (cost=0.00..5.42 rows=99 width=0)
	        Index Cond: ((k >= 1594577) AND (k <= 1594677))

explain: for range-notcovered :: explain SELECT k, c FROM sbtest%d WHERE k BETWEEN 1302064 AND 1302164
for range-notcovered
table 1 : explain SELECT k, c FROM sbtest1 WHERE k BETWEEN 4810154 AND 4810254
	Bitmap Heap Scan on sbtest1  (cost=5.48..409.07 rows=102 width=125)
	  Recheck Cond: ((k >= 4810154) AND (k <= 4810254))
	  ->  Bitmap Index Scan on k_1  (cost=0.00..5.45 rows=102 width=0)
	        Index Cond: ((k >= 4810154) AND (k <= 4810254))

table 2 : explain SELECT k, c FROM sbtest2 WHERE k BETWEEN 4810154 AND 4810254
	Bitmap Heap Scan on sbtest2  (cost=5.38..369.67 rows=92 width=125)
	  Recheck Cond: ((k >= 4810154) AND (k <= 4810254))
	  ->  Bitmap Index Scan on k_2  (cost=0.00..5.35 rows=92 width=0)
	        Index Cond: ((k >= 4810154) AND (k <= 4810254))

table 3 : explain SELECT k, c FROM sbtest3 WHERE k BETWEEN 4810154 AND 4810254
	Bitmap Heap Scan on sbtest3  (cost=5.47..405.13 rows=101 width=125)
	  Recheck Cond: ((k >= 4810154) AND (k <= 4810254))
	  ->  Bitmap Index Scan on k_3  (cost=0.00..5.44 rows=101 width=0)
	        Index Cond: ((k >= 4810154) AND (k <= 4810254))

table 4 : explain SELECT k, c FROM sbtest4 WHERE k BETWEEN 4810154 AND 4810254
	Bitmap Heap Scan on sbtest4  (cost=5.50..416.94 rows=104 width=125)
	  Recheck Cond: ((k >= 4810154) AND (k <= 4810254))
	  ->  Bitmap Index Scan on k_4  (cost=0.00..5.47 rows=104 width=0)
	        Index Cond: ((k >= 4810154) AND (k <= 4810254))

table 5 : explain SELECT k, c FROM sbtest5 WHERE k BETWEEN 4810154 AND 4810254
	Bitmap Heap Scan on sbtest5  (cost=5.39..373.61 rows=93 width=125)
	  Recheck Cond: ((k >= 4810154) AND (k <= 4810254))
	  ->  Bitmap Index Scan on k_5  (cost=0.00..5.36 rows=93 width=0)
	        Index Cond: ((k >= 4810154) AND (k <= 4810254))

table 6 : explain SELECT k, c FROM sbtest6 WHERE k BETWEEN 4810154 AND 4810254
	Bitmap Heap Scan on sbtest6  (cost=5.51..420.88 rows=105 width=125)
	  Recheck Cond: ((k >= 4810154) AND (k <= 4810254))
	  ->  Bitmap Index Scan on k_6  (cost=0.00..5.48 rows=105 width=0)
	        Index Cond: ((k >= 4810154) AND (k <= 4810254))

table 7 : explain SELECT k, c FROM sbtest7 WHERE k BETWEEN 4810154 AND 4810254
	Bitmap Heap Scan on sbtest7  (cost=5.47..405.13 rows=101 width=125)
	  Recheck Cond: ((k >= 4810154) AND (k <= 4810254))
	  ->  Bitmap Index Scan on k_7  (cost=0.00..5.44 rows=101 width=0)
	        Index Cond: ((k >= 4810154) AND (k <= 4810254))

table 8 : explain SELECT k, c FROM sbtest8 WHERE k BETWEEN 4810154 AND 4810254
	Bitmap Heap Scan on sbtest8  (cost=5.40..377.55 rows=94 width=125)
	  Recheck Cond: ((k >= 4810154) AND (k <= 4810254))
	  ->  Bitmap Index Scan on k_8  (cost=0.00..5.38 rows=94 width=0)
	        Index Cond: ((k >= 4810154) AND (k <= 4810254))

explain: for range-notcovered :: explain SELECT k, c FROM sbtest%d WHERE k BETWEEN 1594577 AND 1594677
for range-notcovered
table 1 : explain SELECT k, c FROM sbtest1 WHERE k BETWEEN 2851034 AND 2851134
	Bitmap Heap Scan on sbtest1  (cost=5.45..397.25 rows=99 width=125)
	  Recheck Cond: ((k >= 2851034) AND (k <= 2851134))
	  ->  Bitmap Index Scan on k_1  (cost=0.00..5.42 rows=99 width=0)
	        Index Cond: ((k >= 2851034) AND (k <= 2851134))

table 2 : explain SELECT k, c FROM sbtest2 WHERE k BETWEEN 2851034 AND 2851134
	Bitmap Heap Scan on sbtest2  (cost=5.55..436.62 rows=109 width=125)
	  Recheck Cond: ((k >= 2851034) AND (k <= 2851134))
	  ->  Bitmap Index Scan on k_2  (cost=0.00..5.52 rows=109 width=0)
	        Index Cond: ((k >= 2851034) AND (k <= 2851134))

table 3 : explain SELECT k, c FROM sbtest3 WHERE k BETWEEN 2851034 AND 2851134
	Bitmap Heap Scan on sbtest3  (cost=5.48..409.07 rows=102 width=125)
	  Recheck Cond: ((k >= 2851034) AND (k <= 2851134))
	  ->  Bitmap Index Scan on k_3  (cost=0.00..5.45 rows=102 width=0)
	        Index Cond: ((k >= 2851034) AND (k <= 2851134))

table 4 : explain SELECT k, c FROM sbtest4 WHERE k BETWEEN 2851034 AND 2851134
	Bitmap Heap Scan on sbtest4  (cost=5.56..440.56 rows=110 width=125)
	  Recheck Cond: ((k >= 2851034) AND (k <= 2851134))
	  ->  Bitmap Index Scan on k_4  (cost=0.00..5.53 rows=110 width=0)
	        Index Cond: ((k >= 2851034) AND (k <= 2851134))

table 5 : explain SELECT k, c FROM sbtest5 WHERE k BETWEEN 2851034 AND 2851134
	Bitmap Heap Scan on sbtest5  (cost=5.44..393.31 rows=98 width=125)
	  Recheck Cond: ((k >= 2851034) AND (k <= 2851134))
	  ->  Bitmap Index Scan on k_5  (cost=0.00..5.42 rows=98 width=0)
	        Index Cond: ((k >= 2851034) AND (k <= 2851134))

table 6 : explain SELECT k, c FROM sbtest6 WHERE k BETWEEN 2851034 AND 2851134
	Bitmap Heap Scan on sbtest6  (cost=5.46..401.19 rows=100 width=125)
	  Recheck Cond: ((k >= 2851034) AND (k <= 2851134))
	  ->  Bitmap Index Scan on k_6  (cost=0.00..5.43 rows=100 width=0)
	        Index Cond: ((k >= 2851034) AND (k <= 2851134))

table 7 : explain SELECT k, c FROM sbtest7 WHERE k BETWEEN 2851034 AND 2851134
	Bitmap Heap Scan on sbtest7  (cost=5.55..436.62 rows=109 width=125)
	  Recheck Cond: ((k >= 2851034) AND (k <= 2851134))
	  ->  Bitmap Index Scan on k_7  (cost=0.00..5.52 rows=109 width=0)
	        Index Cond: ((k >= 2851034) AND (k <= 2851134))

table 8 : explain SELECT k, c FROM sbtest8 WHERE k BETWEEN 2851034 AND 2851134
	Bitmap Heap Scan on sbtest8  (cost=5.48..409.07 rows=102 width=125)
	  Recheck Cond: ((k >= 2851034) AND (k <= 2851134))
	  ->  Bitmap Index Scan on k_8  (cost=0.00..5.45 rows=102 width=0)
	        Index Cond: ((k >= 2851034) AND (k <= 2851134))

for range-notcovered
table 1 : explain SELECT k, c FROM sbtest1 WHERE k BETWEEN 6370613 AND 6370713
	Bitmap Heap Scan on sbtest1  (cost=5.49..413.00 rows=103 width=125)
	  Recheck Cond: ((k >= 6370613) AND (k <= 6370713))
	  ->  Bitmap Index Scan on k_1  (cost=0.00..5.46 rows=103 width=0)
	        Index Cond: ((k >= 6370613) AND (k <= 6370713))

table 2 : explain SELECT k, c FROM sbtest2 WHERE k BETWEEN 6370613 AND 6370713
	Bitmap Heap Scan on sbtest2  (cost=5.41..381.49 rows=95 width=125)
	  Recheck Cond: ((k >= 6370613) AND (k <= 6370713))
	  ->  Bitmap Index Scan on k_2  (cost=0.00..5.38 rows=95 width=0)
	        Index Cond: ((k >= 6370613) AND (k <= 6370713))

table 3 : explain SELECT k, c FROM sbtest3 WHERE k BETWEEN 6370613 AND 6370713
	Bitmap Heap Scan on sbtest3  (cost=5.47..405.13 rows=101 width=125)
	  Recheck Cond: ((k >= 6370613) AND (k <= 6370713))
	  ->  Bitmap Index Scan on k_3  (cost=0.00..5.44 rows=101 width=0)
	        Index Cond: ((k >= 6370613) AND (k <= 6370713))

table 4 : explain SELECT k, c FROM sbtest4 WHERE k BETWEEN 6370613 AND 6370713
	Bitmap Heap Scan on sbtest4  (cost=5.49..413.00 rows=103 width=125)
	  Recheck Cond: ((k >= 6370613) AND (k <= 6370713))
	  ->  Bitmap Index Scan on k_4  (cost=0.00..5.46 rows=103 width=0)
	        Index Cond: ((k >= 6370613) AND (k <= 6370713))

table 5 : explain SELECT k, c FROM sbtest5 WHERE k BETWEEN 6370613 AND 6370713
	Bitmap Heap Scan on sbtest5  (cost=5.55..436.62 rows=109 width=125)
	  Recheck Cond: ((k >= 6370613) AND (k <= 6370713))
	  ->  Bitmap Index Scan on k_5  (cost=0.00..5.52 rows=109 width=0)
	        Index Cond: ((k >= 6370613) AND (k <= 6370713))

table 6 : explain SELECT k, c FROM sbtest6 WHERE k BETWEEN 6370613 AND 6370713
	Bitmap Heap Scan on sbtest6  (cost=5.43..389.37 rows=97 width=125)
	  Recheck Cond: ((k >= 6370613) AND (k <= 6370713))
	  ->  Bitmap Index Scan on k_6  (cost=0.00..5.40 rows=97 width=0)
	        Index Cond: ((k >= 6370613) AND (k <= 6370713))

table 7 : explain SELECT k, c FROM sbtest7 WHERE k BETWEEN 6370613 AND 6370713
	Bitmap Heap Scan on sbtest7  (cost=5.37..365.72 rows=91 width=125)
	  Recheck Cond: ((k >= 6370613) AND (k <= 6370713))
	  ->  Bitmap Index Scan on k_7  (cost=0.00..5.34 rows=91 width=0)
	        Index Cond: ((k >= 6370613) AND (k <= 6370713))

table 8 : explain SELECT k, c FROM sbtest8 WHERE k BETWEEN 6370613 AND 6370713
	Bitmap Heap Scan on sbtest8  (cost=5.46..401.19 rows=100 width=125)
	  Recheck Cond: ((k >= 6370613) AND (k <= 6370713))
	  ->  Bitmap Index Scan on k_8  (cost=0.00..5.43 rows=100 width=0)
	        Index Cond: ((k >= 6370613) AND (k <= 6370713))

explain: for range-notcovered :: explain SELECT k, c FROM sbtest%d WHERE k BETWEEN 2851034 AND 2851134
explain: for range-notcovered :: explain SELECT k, c FROM sbtest%d WHERE k BETWEEN 6370613 AND 6370713
for range-notcovered
table 1 : explain SELECT k, c FROM sbtest1 WHERE k BETWEEN 4850540 AND 4850640
	Bitmap Heap Scan on sbtest1  (cost=5.48..409.07 rows=102 width=125)
	  Recheck Cond: ((k >= 4850540) AND (k <= 4850640))
	  ->  Bitmap Index Scan on k_1  (cost=0.00..5.45 rows=102 width=0)
	        Index Cond: ((k >= 4850540) AND (k <= 4850640))

table 2 : explain SELECT k, c FROM sbtest2 WHERE k BETWEEN 4850540 AND 4850640
	Bitmap Heap Scan on sbtest2  (cost=5.38..369.67 rows=92 width=125)
	  Recheck Cond: ((k >= 4850540) AND (k <= 4850640))
	  ->  Bitmap Index Scan on k_2  (cost=0.00..5.35 rows=92 width=0)
	        Index Cond: ((k >= 4850540) AND (k <= 4850640))

table 3 : explain SELECT k, c FROM sbtest3 WHERE k BETWEEN 4850540 AND 4850640
	Bitmap Heap Scan on sbtest3  (cost=5.47..405.13 rows=101 width=125)
	  Recheck Cond: ((k >= 4850540) AND (k <= 4850640))
	  ->  Bitmap Index Scan on k_3  (cost=0.00..5.44 rows=101 width=0)
	        Index Cond: ((k >= 4850540) AND (k <= 4850640))

table 4 : explain SELECT k, c FROM sbtest4 WHERE k BETWEEN 4850540 AND 4850640
	Bitmap Heap Scan on sbtest4  (cost=5.46..401.19 rows=100 width=125)
	  Recheck Cond: ((k >= 4850540) AND (k <= 4850640))
	  ->  Bitmap Index Scan on k_4  (cost=0.00..5.43 rows=100 width=0)
	        Index Cond: ((k >= 4850540) AND (k <= 4850640))

table 5 : explain SELECT k, c FROM sbtest5 WHERE k BETWEEN 4850540 AND 4850640
	Bitmap Heap Scan on sbtest5  (cost=5.39..373.61 rows=93 width=125)
	  Recheck Cond: ((k >= 4850540) AND (k <= 4850640))
	  ->  Bitmap Index Scan on k_5  (cost=0.00..5.36 rows=93 width=0)
	        Index Cond: ((k >= 4850540) AND (k <= 4850640))

table 6 : explain SELECT k, c FROM sbtest6 WHERE k BETWEEN 4850540 AND 4850640
	Bitmap Heap Scan on sbtest6  (cost=5.51..420.88 rows=105 width=125)
	  Recheck Cond: ((k >= 4850540) AND (k <= 4850640))
	  ->  Bitmap Index Scan on k_6  (cost=0.00..5.48 rows=105 width=0)
	        Index Cond: ((k >= 4850540) AND (k <= 4850640))

table 7 : explain SELECT k, c FROM sbtest7 WHERE k BETWEEN 4850540 AND 4850640
	Bitmap Heap Scan on sbtest7  (cost=5.47..405.13 rows=101 width=125)
	  Recheck Cond: ((k >= 4850540) AND (k <= 4850640))
	  ->  Bitmap Index Scan on k_7  (cost=0.00..5.44 rows=101 width=0)
	        Index Cond: ((k >= 4850540) AND (k <= 4850640))

table 8 : explain SELECT k, c FROM sbtest8 WHERE k BETWEEN 4850540 AND 4850640
	Bitmap Heap Scan on sbtest8  (cost=5.54..432.69 rows=108 width=125)
	  Recheck Cond: ((k >= 4850540) AND (k <= 4850640))
	  ->  Bitmap Index Scan on k_8  (cost=0.00..5.51 rows=108 width=0)
	        Index Cond: ((k >= 4850540) AND (k <= 4850640))

for range-notcovered
table 1 : explain SELECT k, c FROM sbtest1 WHERE k BETWEEN 4685558 AND 4685658
	Bitmap Heap Scan on sbtest1  (cost=5.47..405.13 rows=101 width=125)
	  Recheck Cond: ((k >= 4685558) AND (k <= 4685658))
	  ->  Bitmap Index Scan on k_1  (cost=0.00..5.44 rows=101 width=0)
	        Index Cond: ((k >= 4685558) AND (k <= 4685658))

table 2 : explain SELECT k, c FROM sbtest2 WHERE k BETWEEN 4685558 AND 4685658
	Bitmap Heap Scan on sbtest2  (cost=5.46..401.19 rows=100 width=125)
	  Recheck Cond: ((k >= 4685558) AND (k <= 4685658))
	  ->  Bitmap Index Scan on k_2  (cost=0.00..5.43 rows=100 width=0)
	        Index Cond: ((k >= 4685558) AND (k <= 4685658))

table 3 : explain SELECT k, c FROM sbtest3 WHERE k BETWEEN 4685558 AND 4685658
	Bitmap Heap Scan on sbtest3  (cost=5.40..377.55 rows=94 width=125)
	  Recheck Cond: ((k >= 4685558) AND (k <= 4685658))
	  ->  Bitmap Index Scan on k_3  (cost=0.00..5.38 rows=94 width=0)
	        Index Cond: ((k >= 4685558) AND (k <= 4685658))

table 4 : explain SELECT k, c FROM sbtest4 WHERE k BETWEEN 4685558 AND 4685658
	Bitmap Heap Scan on sbtest4  (cost=5.44..393.31 rows=98 width=125)
	  Recheck Cond: ((k >= 4685558) AND (k <= 4685658))
	  ->  Bitmap Index Scan on k_4  (cost=0.00..5.42 rows=98 width=0)
	        Index Cond: ((k >= 4685558) AND (k <= 4685658))

table 5 : explain SELECT k, c FROM sbtest5 WHERE k BETWEEN 4685558 AND 4685658
	Bitmap Heap Scan on sbtest5  (cost=5.40..377.55 rows=94 width=125)
	  Recheck Cond: ((k >= 4685558) AND (k <= 4685658))
	  ->  Bitmap Index Scan on k_5  (cost=0.00..5.38 rows=94 width=0)
	        Index Cond: ((k >= 4685558) AND (k <= 4685658))

table 6 : explain SELECT k, c FROM sbtest6 WHERE k BETWEEN 4685558 AND 4685658
	Bitmap Heap Scan on sbtest6  (cost=5.58..448.42 rows=112 width=125)
	  Recheck Cond: ((k >= 4685558) AND (k <= 4685658))
	  ->  Bitmap Index Scan on k_6  (cost=0.00..5.55 rows=112 width=0)
	        Index Cond: ((k >= 4685558) AND (k <= 4685658))

table 7 : explain SELECT k, c FROM sbtest7 WHERE k BETWEEN 4685558 AND 4685658
	Bitmap Heap Scan on sbtest7  (cost=5.45..397.25 rows=99 width=125)
	  Recheck Cond: ((k >= 4685558) AND (k <= 4685658))
	  ->  Bitmap Index Scan on k_7  (cost=0.00..5.42 rows=99 width=0)
	        Index Cond: ((k >= 4685558) AND (k <= 4685658))

table 8 : explain SELECT k, c FROM sbtest8 WHERE k BETWEEN 4685558 AND 4685658
	Bitmap Heap Scan on sbtest8  (cost=5.43..389.37 rows=97 width=125)
	  Recheck Cond: ((k >= 4685558) AND (k <= 4685658))
	  ->  Bitmap Index Scan on k_8  (cost=0.00..5.40 rows=97 width=0)
	        Index Cond: ((k >= 4685558) AND (k <= 4685658))

explain: for range-notcovered :: explain SELECT k, c FROM sbtest%d WHERE k BETWEEN 4850540 AND 4850640
for range-notcovered
table 1 : explain SELECT k, c FROM sbtest1 WHERE k BETWEEN 1302064 AND 1302164
	Bitmap Heap Scan on sbtest1  (cost=5.54..432.69 rows=108 width=125)
	  Recheck Cond: ((k >= 1302064) AND (k <= 1302164))
	  ->  Bitmap Index Scan on k_1  (cost=0.00..5.51 rows=108 width=0)
	        Index Cond: ((k >= 1302064) AND (k <= 1302164))

table 2 : explain SELECT k, c FROM sbtest2 WHERE k BETWEEN 1302064 AND 1302164
	Bitmap Heap Scan on sbtest2  (cost=5.46..401.19 rows=100 width=125)
	  Recheck Cond: ((k >= 1302064) AND (k <= 1302164))
	  ->  Bitmap Index Scan on k_2  (cost=0.00..5.43 rows=100 width=0)
	        Index Cond: ((k >= 1302064) AND (k <= 1302164))

table 3 : explain SELECT k, c FROM sbtest3 WHERE k BETWEEN 1302064 AND 1302164
	Bitmap Heap Scan on sbtest3  (cost=5.48..409.07 rows=102 width=125)
	  Recheck Cond: ((k >= 1302064) AND (k <= 1302164))
	  ->  Bitmap Index Scan on k_3  (cost=0.00..5.45 rows=102 width=0)
	        Index Cond: ((k >= 1302064) AND (k <= 1302164))

table 4 : explain SELECT k, c FROM sbtest4 WHERE k BETWEEN 1302064 AND 1302164
	Bitmap Heap Scan on sbtest4  (cost=5.38..369.67 rows=92 width=125)
	  Recheck Cond: ((k >= 1302064) AND (k <= 1302164))
	  ->  Bitmap Index Scan on k_4  (cost=0.00..5.35 rows=92 width=0)
	        Index Cond: ((k >= 1302064) AND (k <= 1302164))

table 5 : explain SELECT k, c FROM sbtest5 WHERE k BETWEEN 1302064 AND 1302164
	Bitmap Heap Scan on sbtest5  (cost=5.43..389.37 rows=97 width=125)
	  Recheck Cond: ((k >= 1302064) AND (k <= 1302164))
	  ->  Bitmap Index Scan on k_5  (cost=0.00..5.40 rows=97 width=0)
	        Index Cond: ((k >= 1302064) AND (k <= 1302164))

table 6 : explain SELECT k, c FROM sbtest6 WHERE k BETWEEN 1302064 AND 1302164
	Bitmap Heap Scan on sbtest6  (cost=5.42..385.43 rows=96 width=125)
	  Recheck Cond: ((k >= 1302064) AND (k <= 1302164))
	  ->  Bitmap Index Scan on k_6  (cost=0.00..5.39 rows=96 width=0)
	        Index Cond: ((k >= 1302064) AND (k <= 1302164))

table 7 : explain SELECT k, c FROM sbtest7 WHERE k BETWEEN 1302064 AND 1302164
	Bitmap Heap Scan on sbtest7  (cost=5.40..377.55 rows=94 width=125)
	  Recheck Cond: ((k >= 1302064) AND (k <= 1302164))
	  ->  Bitmap Index Scan on k_7  (cost=0.00..5.38 rows=94 width=0)
	        Index Cond: ((k >= 1302064) AND (k <= 1302164))

table 8 : explain SELECT k, c FROM sbtest8 WHERE k BETWEEN 1302064 AND 1302164
	Bitmap Heap Scan on sbtest8  (cost=5.42..385.43 rows=96 width=125)
	  Recheck Cond: ((k >= 1302064) AND (k <= 1302164))
	  ->  Bitmap Index Scan on k_8  (cost=0.00..5.39 rows=96 width=0)
	        Index Cond: ((k >= 1302064) AND (k <= 1302164))

explain: for range-notcovered :: explain SELECT k, c FROM sbtest%d WHERE k BETWEEN 4685558 AND 4685658
explain: for range-notcovered :: explain SELECT k, c FROM sbtest%d WHERE k BETWEEN 1302064 AND 1302164
explain: for range-notcovered :: explain SELECT k, c FROM sbtest%d WHERE k BETWEEN 4810154 AND 4810254
for range-notcovered
table 1 : explain SELECT k, c FROM sbtest1 WHERE k BETWEEN 2851034 AND 2851134
	Bitmap Heap Scan on sbtest1  (cost=5.45..397.25 rows=99 width=125)
	  Recheck Cond: ((k >= 2851034) AND (k <= 2851134))
	  ->  Bitmap Index Scan on k_1  (cost=0.00..5.42 rows=99 width=0)
	        Index Cond: ((k >= 2851034) AND (k <= 2851134))

table 2 : explain SELECT k, c FROM sbtest2 WHERE k BETWEEN 2851034 AND 2851134
	Bitmap Heap Scan on sbtest2  (cost=5.55..436.62 rows=109 width=125)
	  Recheck Cond: ((k >= 2851034) AND (k <= 2851134))
	  ->  Bitmap Index Scan on k_2  (cost=0.00..5.52 rows=109 width=0)
	        Index Cond: ((k >= 2851034) AND (k <= 2851134))

table 3 : explain SELECT k, c FROM sbtest3 WHERE k BETWEEN 2851034 AND 2851134
	Bitmap Heap Scan on sbtest3  (cost=5.48..409.07 rows=102 width=125)
	  Recheck Cond: ((k >= 2851034) AND (k <= 2851134))
	  ->  Bitmap Index Scan on k_3  (cost=0.00..5.45 rows=102 width=0)
	        Index Cond: ((k >= 2851034) AND (k <= 2851134))

table 4 : explain SELECT k, c FROM sbtest4 WHERE k BETWEEN 2851034 AND 2851134
	Bitmap Heap Scan on sbtest4  (cost=5.56..440.56 rows=110 width=125)
	  Recheck Cond: ((k >= 2851034) AND (k <= 2851134))
	  ->  Bitmap Index Scan on k_4  (cost=0.00..5.53 rows=110 width=0)
	        Index Cond: ((k >= 2851034) AND (k <= 2851134))

table 5 : explain SELECT k, c FROM sbtest5 WHERE k BETWEEN 2851034 AND 2851134
	Bitmap Heap Scan on sbtest5  (cost=5.44..393.31 rows=98 width=125)
	  Recheck Cond: ((k >= 2851034) AND (k <= 2851134))
	  ->  Bitmap Index Scan on k_5  (cost=0.00..5.42 rows=98 width=0)
	        Index Cond: ((k >= 2851034) AND (k <= 2851134))

table 6 : explain SELECT k, c FROM sbtest6 WHERE k BETWEEN 2851034 AND 2851134
	Bitmap Heap Scan on sbtest6  (cost=5.46..401.19 rows=100 width=125)
	  Recheck Cond: ((k >= 2851034) AND (k <= 2851134))
	  ->  Bitmap Index Scan on k_6  (cost=0.00..5.43 rows=100 width=0)
	        Index Cond: ((k >= 2851034) AND (k <= 2851134))

table 7 : explain SELECT k, c FROM sbtest7 WHERE k BETWEEN 2851034 AND 2851134
	Bitmap Heap Scan on sbtest7  (cost=5.55..436.62 rows=109 width=125)
	  Recheck Cond: ((k >= 2851034) AND (k <= 2851134))
	  ->  Bitmap Index Scan on k_7  (cost=0.00..5.52 rows=109 width=0)
	        Index Cond: ((k >= 2851034) AND (k <= 2851134))

table 8 : explain SELECT k, c FROM sbtest8 WHERE k BETWEEN 2851034 AND 2851134
	Bitmap Heap Scan on sbtest8  (cost=5.48..409.07 rows=102 width=125)
	  Recheck Cond: ((k >= 2851034) AND (k <= 2851134))
	  ->  Bitmap Index Scan on k_8  (cost=0.00..5.45 rows=102 width=0)
	        Index Cond: ((k >= 2851034) AND (k <= 2851134))

for range-notcovered
table 1 : explain SELECT k, c FROM sbtest1 WHERE k BETWEEN 1594577 AND 1594677
	Bitmap Heap Scan on sbtest1  (cost=5.48..409.07 rows=102 width=125)
	  Recheck Cond: ((k >= 1594577) AND (k <= 1594677))
	  ->  Bitmap Index Scan on k_1  (cost=0.00..5.45 rows=102 width=0)
	        Index Cond: ((k >= 1594577) AND (k <= 1594677))

table 2 : explain SELECT k, c FROM sbtest2 WHERE k BETWEEN 1594577 AND 1594677
	Bitmap Heap Scan on sbtest2  (cost=5.55..436.62 rows=109 width=125)
	  Recheck Cond: ((k >= 1594577) AND (k <= 1594677))
	  ->  Bitmap Index Scan on k_2  (cost=0.00..5.52 rows=109 width=0)
	        Index Cond: ((k >= 1594577) AND (k <= 1594677))

table 3 : explain SELECT k, c FROM sbtest3 WHERE k BETWEEN 1594577 AND 1594677
	Bitmap Heap Scan on sbtest3  (cost=5.40..377.55 rows=94 width=125)
	  Recheck Cond: ((k >= 1594577) AND (k <= 1594677))
	  ->  Bitmap Index Scan on k_3  (cost=0.00..5.38 rows=94 width=0)
	        Index Cond: ((k >= 1594577) AND (k <= 1594677))

table 4 : explain SELECT k, c FROM sbtest4 WHERE k BETWEEN 1594577 AND 1594677
	Bitmap Heap Scan on sbtest4  (cost=5.49..413.00 rows=103 width=125)
	  Recheck Cond: ((k >= 1594577) AND (k <= 1594677))
	  ->  Bitmap Index Scan on k_4  (cost=0.00..5.46 rows=103 width=0)
	        Index Cond: ((k >= 1594577) AND (k <= 1594677))

table 5 : explain SELECT k, c FROM sbtest5 WHERE k BETWEEN 1594577 AND 1594677
	Bitmap Heap Scan on sbtest5  (cost=5.48..409.07 rows=102 width=125)
	  Recheck Cond: ((k >= 1594577) AND (k <= 1594677))
	  ->  Bitmap Index Scan on k_5  (cost=0.00..5.45 rows=102 width=0)
	        Index Cond: ((k >= 1594577) AND (k <= 1594677))

table 6 : explain SELECT k, c FROM sbtest6 WHERE k BETWEEN 1594577 AND 1594677
	Bitmap Heap Scan on sbtest6  (cost=5.48..409.07 rows=102 width=125)
	  Recheck Cond: ((k >= 1594577) AND (k <= 1594677))
	  ->  Bitmap Index Scan on k_6  (cost=0.00..5.45 rows=102 width=0)
	        Index Cond: ((k >= 1594577) AND (k <= 1594677))

table 7 : explain SELECT k, c FROM sbtest7 WHERE k BETWEEN 1594577 AND 1594677
	Bitmap Heap Scan on sbtest7  (cost=5.47..405.13 rows=101 width=125)
	  Recheck Cond: ((k >= 1594577) AND (k <= 1594677))
	  ->  Bitmap Index Scan on k_7  (cost=0.00..5.44 rows=101 width=0)
	        Index Cond: ((k >= 1594577) AND (k <= 1594677))

table 8 : explain SELECT k, c FROM sbtest8 WHERE k BETWEEN 1594577 AND 1594677
	Bitmap Heap Scan on sbtest8  (cost=5.45..397.25 rows=99 width=125)
	  Recheck Cond: ((k >= 1594577) AND (k <= 1594677))
	  ->  Bitmap Index Scan on k_8  (cost=0.00..5.42 rows=99 width=0)
	        Index Cond: ((k >= 1594577) AND (k <= 1594677))

for range-notcovered
table 1 : explain SELECT k, c FROM sbtest1 WHERE k BETWEEN 6370613 AND 6370713
	Bitmap Heap Scan on sbtest1  (cost=5.49..413.00 rows=103 width=125)
	  Recheck Cond: ((k >= 6370613) AND (k <= 6370713))
	  ->  Bitmap Index Scan on k_1  (cost=0.00..5.46 rows=103 width=0)
	        Index Cond: ((k >= 6370613) AND (k <= 6370713))

table 2 : explain SELECT k, c FROM sbtest2 WHERE k BETWEEN 6370613 AND 6370713
	Bitmap Heap Scan on sbtest2  (cost=5.41..381.49 rows=95 width=125)
	  Recheck Cond: ((k >= 6370613) AND (k <= 6370713))
	  ->  Bitmap Index Scan on k_2  (cost=0.00..5.38 rows=95 width=0)
	        Index Cond: ((k >= 6370613) AND (k <= 6370713))

table 3 : explain SELECT k, c FROM sbtest3 WHERE k BETWEEN 6370613 AND 6370713
	Bitmap Heap Scan on sbtest3  (cost=5.47..405.13 rows=101 width=125)
	  Recheck Cond: ((k >= 6370613) AND (k <= 6370713))
	  ->  Bitmap Index Scan on k_3  (cost=0.00..5.44 rows=101 width=0)
	        Index Cond: ((k >= 6370613) AND (k <= 6370713))

table 4 : explain SELECT k, c FROM sbtest4 WHERE k BETWEEN 6370613 AND 6370713
	Bitmap Heap Scan on sbtest4  (cost=5.49..413.00 rows=103 width=125)
	  Recheck Cond: ((k >= 6370613) AND (k <= 6370713))
	  ->  Bitmap Index Scan on k_4  (cost=0.00..5.46 rows=103 width=0)
	        Index Cond: ((k >= 6370613) AND (k <= 6370713))

table 5 : explain SELECT k, c FROM sbtest5 WHERE k BETWEEN 6370613 AND 6370713
	Bitmap Heap Scan on sbtest5  (cost=5.55..436.62 rows=109 width=125)
	  Recheck Cond: ((k >= 6370613) AND (k <= 6370713))
	  ->  Bitmap Index Scan on k_5  (cost=0.00..5.52 rows=109 width=0)
	        Index Cond: ((k >= 6370613) AND (k <= 6370713))

table 6 : explain SELECT k, c FROM sbtest6 WHERE k BETWEEN 6370613 AND 6370713
	Bitmap Heap Scan on sbtest6  (cost=5.43..389.37 rows=97 width=125)
	  Recheck Cond: ((k >= 6370613) AND (k <= 6370713))
	  ->  Bitmap Index Scan on k_6  (cost=0.00..5.40 rows=97 width=0)
	        Index Cond: ((k >= 6370613) AND (k <= 6370713))

table 7 : explain SELECT k, c FROM sbtest7 WHERE k BETWEEN 6370613 AND 6370713
	Bitmap Heap Scan on sbtest7  (cost=5.37..365.72 rows=91 width=125)
	  Recheck Cond: ((k >= 6370613) AND (k <= 6370713))
	  ->  Bitmap Index Scan on k_7  (cost=0.00..5.34 rows=91 width=0)
	        Index Cond: ((k >= 6370613) AND (k <= 6370713))

table 8 : explain SELECT k, c FROM sbtest8 WHERE k BETWEEN 6370613 AND 6370713
	Bitmap Heap Scan on sbtest8  (cost=5.46..401.19 rows=100 width=125)
	  Recheck Cond: ((k >= 6370613) AND (k <= 6370713))
	  ->  Bitmap Index Scan on k_8  (cost=0.00..5.43 rows=100 width=0)
	        Index Cond: ((k >= 6370613) AND (k <= 6370713))

for range-notcovered
table 1 : explain SELECT k, c FROM sbtest1 WHERE k BETWEEN 4850540 AND 4850640
	Bitmap Heap Scan on sbtest1  (cost=5.48..409.07 rows=102 width=125)
	  Recheck Cond: ((k >= 4850540) AND (k <= 4850640))
	  ->  Bitmap Index Scan on k_1  (cost=0.00..5.45 rows=102 width=0)
	        Index Cond: ((k >= 4850540) AND (k <= 4850640))

table 2 : explain SELECT k, c FROM sbtest2 WHERE k BETWEEN 4850540 AND 4850640
	Bitmap Heap Scan on sbtest2  (cost=5.38..369.67 rows=92 width=125)
	  Recheck Cond: ((k >= 4850540) AND (k <= 4850640))
	  ->  Bitmap Index Scan on k_2  (cost=0.00..5.35 rows=92 width=0)
	        Index Cond: ((k >= 4850540) AND (k <= 4850640))

table 3 : explain SELECT k, c FROM sbtest3 WHERE k BETWEEN 4850540 AND 4850640
	Bitmap Heap Scan on sbtest3  (cost=5.47..405.13 rows=101 width=125)
	  Recheck Cond: ((k >= 4850540) AND (k <= 4850640))
	  ->  Bitmap Index Scan on k_3  (cost=0.00..5.44 rows=101 width=0)
	        Index Cond: ((k >= 4850540) AND (k <= 4850640))

table 4 : explain SELECT k, c FROM sbtest4 WHERE k BETWEEN 4850540 AND 4850640
	Bitmap Heap Scan on sbtest4  (cost=5.46..401.19 rows=100 width=125)
	  Recheck Cond: ((k >= 4850540) AND (k <= 4850640))
	  ->  Bitmap Index Scan on k_4  (cost=0.00..5.43 rows=100 width=0)
	        Index Cond: ((k >= 4850540) AND (k <= 4850640))

table 5 : explain SELECT k, c FROM sbtest5 WHERE k BETWEEN 4850540 AND 4850640
	Bitmap Heap Scan on sbtest5  (cost=5.39..373.61 rows=93 width=125)
	  Recheck Cond: ((k >= 4850540) AND (k <= 4850640))
	  ->  Bitmap Index Scan on k_5  (cost=0.00..5.36 rows=93 width=0)
	        Index Cond: ((k >= 4850540) AND (k <= 4850640))

table 6 : explain SELECT k, c FROM sbtest6 WHERE k BETWEEN 4850540 AND 4850640
	Bitmap Heap Scan on sbtest6  (cost=5.51..420.88 rows=105 width=125)
	  Recheck Cond: ((k >= 4850540) AND (k <= 4850640))
	  ->  Bitmap Index Scan on k_6  (cost=0.00..5.48 rows=105 width=0)
	        Index Cond: ((k >= 4850540) AND (k <= 4850640))

table 7 : explain SELECT k, c FROM sbtest7 WHERE k BETWEEN 4850540 AND 4850640
	Bitmap Heap Scan on sbtest7  (cost=5.47..405.13 rows=101 width=125)
	  Recheck Cond: ((k >= 4850540) AND (k <= 4850640))
	  ->  Bitmap Index Scan on k_7  (cost=0.00..5.44 rows=101 width=0)
	        Index Cond: ((k >= 4850540) AND (k <= 4850640))

table 8 : explain SELECT k, c FROM sbtest8 WHERE k BETWEEN 4850540 AND 4850640
	Bitmap Heap Scan on sbtest8  (cost=5.54..432.69 rows=108 width=125)
	  Recheck Cond: ((k >= 4850540) AND (k <= 4850640))
	  ->  Bitmap Index Scan on k_8  (cost=0.00..5.51 rows=108 width=0)
	        Index Cond: ((k >= 4850540) AND (k <= 4850640))

explain: for range-notcovered :: explain SELECT k, c FROM sbtest%d WHERE k BETWEEN 6998872 AND 6998972
explain: for range-notcovered :: explain SELECT k, c FROM sbtest%d WHERE k BETWEEN 6370613 AND 6370713
explain: for range-notcovered :: explain SELECT k, c FROM sbtest%d WHERE k BETWEEN 4850540 AND 4850640
explain: for range-notcovered :: explain SELECT k, c FROM sbtest%d WHERE k BETWEEN 1594577 AND 1594677
for range-notcovered
table 1 : explain SELECT k, c FROM sbtest1 WHERE k BETWEEN 1302064 AND 1302164
	Bitmap Heap Scan on sbtest1  (cost=5.54..432.69 rows=108 width=125)
	  Recheck Cond: ((k >= 1302064) AND (k <= 1302164))
	  ->  Bitmap Index Scan on k_1  (cost=0.00..5.51 rows=108 width=0)
	        Index Cond: ((k >= 1302064) AND (k <= 1302164))

table 2 : explain SELECT k, c FROM sbtest2 WHERE k BETWEEN 1302064 AND 1302164
	Bitmap Heap Scan on sbtest2  (cost=5.46..401.19 rows=100 width=125)
	  Recheck Cond: ((k >= 1302064) AND (k <= 1302164))
	  ->  Bitmap Index Scan on k_2  (cost=0.00..5.43 rows=100 width=0)
	        Index Cond: ((k >= 1302064) AND (k <= 1302164))

table 3 : explain SELECT k, c FROM sbtest3 WHERE k BETWEEN 1302064 AND 1302164
	Bitmap Heap Scan on sbtest3  (cost=5.48..409.07 rows=102 width=125)
	  Recheck Cond: ((k >= 1302064) AND (k <= 1302164))
	  ->  Bitmap Index Scan on k_3  (cost=0.00..5.45 rows=102 width=0)
	        Index Cond: ((k >= 1302064) AND (k <= 1302164))

table 4 : explain SELECT k, c FROM sbtest4 WHERE k BETWEEN 1302064 AND 1302164
	Bitmap Heap Scan on sbtest4  (cost=5.38..369.67 rows=92 width=125)
	  Recheck Cond: ((k >= 1302064) AND (k <= 1302164))
	  ->  Bitmap Index Scan on k_4  (cost=0.00..5.35 rows=92 width=0)
	        Index Cond: ((k >= 1302064) AND (k <= 1302164))

table 5 : explain SELECT k, c FROM sbtest5 WHERE k BETWEEN 1302064 AND 1302164
	Bitmap Heap Scan on sbtest5  (cost=5.43..389.37 rows=97 width=125)
	  Recheck Cond: ((k >= 1302064) AND (k <= 1302164))
	  ->  Bitmap Index Scan on k_5  (cost=0.00..5.40 rows=97 width=0)
	        Index Cond: ((k >= 1302064) AND (k <= 1302164))

table 6 : explain SELECT k, c FROM sbtest6 WHERE k BETWEEN 1302064 AND 1302164
	Bitmap Heap Scan on sbtest6  (cost=5.42..385.43 rows=96 width=125)
	  Recheck Cond: ((k >= 1302064) AND (k <= 1302164))
	  ->  Bitmap Index Scan on k_6  (cost=0.00..5.39 rows=96 width=0)
	        Index Cond: ((k >= 1302064) AND (k <= 1302164))

table 7 : explain SELECT k, c FROM sbtest7 WHERE k BETWEEN 1302064 AND 1302164
	Bitmap Heap Scan on sbtest7  (cost=5.40..377.55 rows=94 width=125)
	  Recheck Cond: ((k >= 1302064) AND (k <= 1302164))
	  ->  Bitmap Index Scan on k_7  (cost=0.00..5.38 rows=94 width=0)
	        Index Cond: ((k >= 1302064) AND (k <= 1302164))

table 8 : explain SELECT k, c FROM sbtest8 WHERE k BETWEEN 1302064 AND 1302164
	Bitmap Heap Scan on sbtest8  (cost=5.42..385.43 rows=96 width=125)
	  Recheck Cond: ((k >= 1302064) AND (k <= 1302164))
	  ->  Bitmap Index Scan on k_8  (cost=0.00..5.39 rows=96 width=0)
	        Index Cond: ((k >= 1302064) AND (k <= 1302164))

for range-notcovered
table 1 : explain SELECT k, c FROM sbtest1 WHERE k BETWEEN 4685558 AND 4685658
	Bitmap Heap Scan on sbtest1  (cost=5.47..405.13 rows=101 width=125)
	  Recheck Cond: ((k >= 4685558) AND (k <= 4685658))
	  ->  Bitmap Index Scan on k_1  (cost=0.00..5.44 rows=101 width=0)
	        Index Cond: ((k >= 4685558) AND (k <= 4685658))

table 2 : explain SELECT k, c FROM sbtest2 WHERE k BETWEEN 4685558 AND 4685658
	Bitmap Heap Scan on sbtest2  (cost=5.46..401.19 rows=100 width=125)
	  Recheck Cond: ((k >= 4685558) AND (k <= 4685658))
	  ->  Bitmap Index Scan on k_2  (cost=0.00..5.43 rows=100 width=0)
	        Index Cond: ((k >= 4685558) AND (k <= 4685658))

table 3 : explain SELECT k, c FROM sbtest3 WHERE k BETWEEN 4685558 AND 4685658
	Bitmap Heap Scan on sbtest3  (cost=5.40..377.55 rows=94 width=125)
	  Recheck Cond: ((k >= 4685558) AND (k <= 4685658))
	  ->  Bitmap Index Scan on k_3  (cost=0.00..5.38 rows=94 width=0)
	        Index Cond: ((k >= 4685558) AND (k <= 4685658))

table 4 : explain SELECT k, c FROM sbtest4 WHERE k BETWEEN 4685558 AND 4685658
	Bitmap Heap Scan on sbtest4  (cost=5.44..393.31 rows=98 width=125)
	  Recheck Cond: ((k >= 4685558) AND (k <= 4685658))
	  ->  Bitmap Index Scan on k_4  (cost=0.00..5.42 rows=98 width=0)
	        Index Cond: ((k >= 4685558) AND (k <= 4685658))

table 5 : explain SELECT k, c FROM sbtest5 WHERE k BETWEEN 4685558 AND 4685658
	Bitmap Heap Scan on sbtest5  (cost=5.40..377.55 rows=94 width=125)
	  Recheck Cond: ((k >= 4685558) AND (k <= 4685658))
	  ->  Bitmap Index Scan on k_5  (cost=0.00..5.38 rows=94 width=0)
	        Index Cond: ((k >= 4685558) AND (k <= 4685658))

table 6 : explain SELECT k, c FROM sbtest6 WHERE k BETWEEN 4685558 AND 4685658
	Bitmap Heap Scan on sbtest6  (cost=5.58..448.42 rows=112 width=125)
	  Recheck Cond: ((k >= 4685558) AND (k <= 4685658))
	  ->  Bitmap Index Scan on k_6  (cost=0.00..5.55 rows=112 width=0)
	        Index Cond: ((k >= 4685558) AND (k <= 4685658))

table 7 : explain SELECT k, c FROM sbtest7 WHERE k BETWEEN 4685558 AND 4685658
	Bitmap Heap Scan on sbtest7  (cost=5.45..397.25 rows=99 width=125)
	  Recheck Cond: ((k >= 4685558) AND (k <= 4685658))
	  ->  Bitmap Index Scan on k_7  (cost=0.00..5.42 rows=99 width=0)
	        Index Cond: ((k >= 4685558) AND (k <= 4685658))

table 8 : explain SELECT k, c FROM sbtest8 WHERE k BETWEEN 4685558 AND 4685658
	Bitmap Heap Scan on sbtest8  (cost=5.43..389.37 rows=97 width=125)
	  Recheck Cond: ((k >= 4685558) AND (k <= 4685658))
	  ->  Bitmap Index Scan on k_8  (cost=0.00..5.40 rows=97 width=0)
	        Index Cond: ((k >= 4685558) AND (k <= 4685658))

explain: for range-notcovered :: explain SELECT k, c FROM sbtest%d WHERE k BETWEEN 4685558 AND 4685658
for range-notcovered
table 1 : explain SELECT k, c FROM sbtest1 WHERE k BETWEEN 6370613 AND 6370713
	Bitmap Heap Scan on sbtest1  (cost=5.49..413.00 rows=103 width=125)
	  Recheck Cond: ((k >= 6370613) AND (k <= 6370713))
	  ->  Bitmap Index Scan on k_1  (cost=0.00..5.46 rows=103 width=0)
	        Index Cond: ((k >= 6370613) AND (k <= 6370713))

table 2 : explain SELECT k, c FROM sbtest2 WHERE k BETWEEN 6370613 AND 6370713
	Bitmap Heap Scan on sbtest2  (cost=5.41..381.49 rows=95 width=125)
	  Recheck Cond: ((k >= 6370613) AND (k <= 6370713))
	  ->  Bitmap Index Scan on k_2  (cost=0.00..5.38 rows=95 width=0)
	        Index Cond: ((k >= 6370613) AND (k <= 6370713))

table 3 : explain SELECT k, c FROM sbtest3 WHERE k BETWEEN 6370613 AND 6370713
	Bitmap Heap Scan on sbtest3  (cost=5.47..405.13 rows=101 width=125)
	  Recheck Cond: ((k >= 6370613) AND (k <= 6370713))
	  ->  Bitmap Index Scan on k_3  (cost=0.00..5.44 rows=101 width=0)
	        Index Cond: ((k >= 6370613) AND (k <= 6370713))

table 4 : explain SELECT k, c FROM sbtest4 WHERE k BETWEEN 6370613 AND 6370713
	Bitmap Heap Scan on sbtest4  (cost=5.49..413.00 rows=103 width=125)
	  Recheck Cond: ((k >= 6370613) AND (k <= 6370713))
	  ->  Bitmap Index Scan on k_4  (cost=0.00..5.46 rows=103 width=0)
	        Index Cond: ((k >= 6370613) AND (k <= 6370713))

table 5 : explain SELECT k, c FROM sbtest5 WHERE k BETWEEN 6370613 AND 6370713
	Bitmap Heap Scan on sbtest5  (cost=5.55..436.62 rows=109 width=125)
	  Recheck Cond: ((k >= 6370613) AND (k <= 6370713))
	  ->  Bitmap Index Scan on k_5  (cost=0.00..5.52 rows=109 width=0)
	        Index Cond: ((k >= 6370613) AND (k <= 6370713))

table 6 : explain SELECT k, c FROM sbtest6 WHERE k BETWEEN 6370613 AND 6370713
	Bitmap Heap Scan on sbtest6  (cost=5.43..389.37 rows=97 width=125)
	  Recheck Cond: ((k >= 6370613) AND (k <= 6370713))
	  ->  Bitmap Index Scan on k_6  (cost=0.00..5.40 rows=97 width=0)
	        Index Cond: ((k >= 6370613) AND (k <= 6370713))

table 7 : explain SELECT k, c FROM sbtest7 WHERE k BETWEEN 6370613 AND 6370713
	Bitmap Heap Scan on sbtest7  (cost=5.37..365.72 rows=91 width=125)
	  Recheck Cond: ((k >= 6370613) AND (k <= 6370713))
	  ->  Bitmap Index Scan on k_7  (cost=0.00..5.34 rows=91 width=0)
	        Index Cond: ((k >= 6370613) AND (k <= 6370713))

table 8 : explain SELECT k, c FROM sbtest8 WHERE k BETWEEN 6370613 AND 6370713
	Bitmap Heap Scan on sbtest8  (cost=5.46..401.19 rows=100 width=125)
	  Recheck Cond: ((k >= 6370613) AND (k <= 6370713))
	  ->  Bitmap Index Scan on k_8  (cost=0.00..5.43 rows=100 width=0)
	        Index Cond: ((k >= 6370613) AND (k <= 6370713))

explain: for range-notcovered :: explain SELECT k, c FROM sbtest%d WHERE k BETWEEN 6370613 AND 6370713
for range-notcovered
table 1 : explain SELECT k, c FROM sbtest1 WHERE k BETWEEN 4850540 AND 4850640
	Bitmap Heap Scan on sbtest1  (cost=5.48..409.07 rows=102 width=125)
	  Recheck Cond: ((k >= 4850540) AND (k <= 4850640))
	  ->  Bitmap Index Scan on k_1  (cost=0.00..5.45 rows=102 width=0)
	        Index Cond: ((k >= 4850540) AND (k <= 4850640))

table 2 : explain SELECT k, c FROM sbtest2 WHERE k BETWEEN 4850540 AND 4850640
	Bitmap Heap Scan on sbtest2  (cost=5.38..369.67 rows=92 width=125)
	  Recheck Cond: ((k >= 4850540) AND (k <= 4850640))
	  ->  Bitmap Index Scan on k_2  (cost=0.00..5.35 rows=92 width=0)
	        Index Cond: ((k >= 4850540) AND (k <= 4850640))

table 3 : explain SELECT k, c FROM sbtest3 WHERE k BETWEEN 4850540 AND 4850640
	Bitmap Heap Scan on sbtest3  (cost=5.47..405.13 rows=101 width=125)
	  Recheck Cond: ((k >= 4850540) AND (k <= 4850640))
	  ->  Bitmap Index Scan on k_3  (cost=0.00..5.44 rows=101 width=0)
	        Index Cond: ((k >= 4850540) AND (k <= 4850640))

table 4 : explain SELECT k, c FROM sbtest4 WHERE k BETWEEN 4850540 AND 4850640
	Bitmap Heap Scan on sbtest4  (cost=5.46..401.19 rows=100 width=125)
	  Recheck Cond: ((k >= 4850540) AND (k <= 4850640))
	  ->  Bitmap Index Scan on k_4  (cost=0.00..5.43 rows=100 width=0)
	        Index Cond: ((k >= 4850540) AND (k <= 4850640))

table 5 : explain SELECT k, c FROM sbtest5 WHERE k BETWEEN 4850540 AND 4850640
	Bitmap Heap Scan on sbtest5  (cost=5.39..373.61 rows=93 width=125)
	  Recheck Cond: ((k >= 4850540) AND (k <= 4850640))
	  ->  Bitmap Index Scan on k_5  (cost=0.00..5.36 rows=93 width=0)
	        Index Cond: ((k >= 4850540) AND (k <= 4850640))

table 6 : explain SELECT k, c FROM sbtest6 WHERE k BETWEEN 4850540 AND 4850640
	Bitmap Heap Scan on sbtest6  (cost=5.51..420.88 rows=105 width=125)
	  Recheck Cond: ((k >= 4850540) AND (k <= 4850640))
	  ->  Bitmap Index Scan on k_6  (cost=0.00..5.48 rows=105 width=0)
	        Index Cond: ((k >= 4850540) AND (k <= 4850640))

table 7 : explain SELECT k, c FROM sbtest7 WHERE k BETWEEN 4850540 AND 4850640
	Bitmap Heap Scan on sbtest7  (cost=5.47..405.13 rows=101 width=125)
	  Recheck Cond: ((k >= 4850540) AND (k <= 4850640))
	  ->  Bitmap Index Scan on k_7  (cost=0.00..5.44 rows=101 width=0)
	        Index Cond: ((k >= 4850540) AND (k <= 4850640))

table 8 : explain SELECT k, c FROM sbtest8 WHERE k BETWEEN 4850540 AND 4850640
	Bitmap Heap Scan on sbtest8  (cost=5.54..432.69 rows=108 width=125)
	  Recheck Cond: ((k >= 4850540) AND (k <= 4850640))
	  ->  Bitmap Index Scan on k_8  (cost=0.00..5.51 rows=108 width=0)
	        Index Cond: ((k >= 4850540) AND (k <= 4850640))

explain: for range-notcovered :: explain SELECT k, c FROM sbtest%d WHERE k BETWEEN 4850540 AND 4850640
for range-notcovered
table 1 : explain SELECT k, c FROM sbtest1 WHERE k BETWEEN 4685558 AND 4685658
	Bitmap Heap Scan on sbtest1  (cost=5.47..405.13 rows=101 width=125)
	  Recheck Cond: ((k >= 4685558) AND (k <= 4685658))
	  ->  Bitmap Index Scan on k_1  (cost=0.00..5.44 rows=101 width=0)
	        Index Cond: ((k >= 4685558) AND (k <= 4685658))

table 2 : explain SELECT k, c FROM sbtest2 WHERE k BETWEEN 4685558 AND 4685658
	Bitmap Heap Scan on sbtest2  (cost=5.46..401.19 rows=100 width=125)
	  Recheck Cond: ((k >= 4685558) AND (k <= 4685658))
	  ->  Bitmap Index Scan on k_2  (cost=0.00..5.43 rows=100 width=0)
	        Index Cond: ((k >= 4685558) AND (k <= 4685658))

table 3 : explain SELECT k, c FROM sbtest3 WHERE k BETWEEN 4685558 AND 4685658
	Bitmap Heap Scan on sbtest3  (cost=5.40..377.55 rows=94 width=125)
	  Recheck Cond: ((k >= 4685558) AND (k <= 4685658))
	  ->  Bitmap Index Scan on k_3  (cost=0.00..5.38 rows=94 width=0)
	        Index Cond: ((k >= 4685558) AND (k <= 4685658))

table 4 : explain SELECT k, c FROM sbtest4 WHERE k BETWEEN 4685558 AND 4685658
	Bitmap Heap Scan on sbtest4  (cost=5.44..393.31 rows=98 width=125)
	  Recheck Cond: ((k >= 4685558) AND (k <= 4685658))
	  ->  Bitmap Index Scan on k_4  (cost=0.00..5.42 rows=98 width=0)
	        Index Cond: ((k >= 4685558) AND (k <= 4685658))

table 5 : explain SELECT k, c FROM sbtest5 WHERE k BETWEEN 4685558 AND 4685658
	Bitmap Heap Scan on sbtest5  (cost=5.40..377.55 rows=94 width=125)
	  Recheck Cond: ((k >= 4685558) AND (k <= 4685658))
	  ->  Bitmap Index Scan on k_5  (cost=0.00..5.38 rows=94 width=0)
	        Index Cond: ((k >= 4685558) AND (k <= 4685658))

table 6 : explain SELECT k, c FROM sbtest6 WHERE k BETWEEN 4685558 AND 4685658
	Bitmap Heap Scan on sbtest6  (cost=5.58..448.42 rows=112 width=125)
	  Recheck Cond: ((k >= 4685558) AND (k <= 4685658))
	  ->  Bitmap Index Scan on k_6  (cost=0.00..5.55 rows=112 width=0)
	        Index Cond: ((k >= 4685558) AND (k <= 4685658))

table 7 : explain SELECT k, c FROM sbtest7 WHERE k BETWEEN 4685558 AND 4685658
	Bitmap Heap Scan on sbtest7  (cost=5.45..397.25 rows=99 width=125)
	  Recheck Cond: ((k >= 4685558) AND (k <= 4685658))
	  ->  Bitmap Index Scan on k_7  (cost=0.00..5.42 rows=99 width=0)
	        Index Cond: ((k >= 4685558) AND (k <= 4685658))

table 8 : explain SELECT k, c FROM sbtest8 WHERE k BETWEEN 4685558 AND 4685658
	Bitmap Heap Scan on sbtest8  (cost=5.43..389.37 rows=97 width=125)
	  Recheck Cond: ((k >= 4685558) AND (k <= 4685658))
	  ->  Bitmap Index Scan on k_8  (cost=0.00..5.40 rows=97 width=0)
	        Index Cond: ((k >= 4685558) AND (k <= 4685658))

for range-notcovered
table 1 : explain SELECT k, c FROM sbtest1 WHERE k BETWEEN 4810154 AND 4810254
	Bitmap Heap Scan on sbtest1  (cost=5.48..409.07 rows=102 width=125)
	  Recheck Cond: ((k >= 4810154) AND (k <= 4810254))
	  ->  Bitmap Index Scan on k_1  (cost=0.00..5.45 rows=102 width=0)
	        Index Cond: ((k >= 4810154) AND (k <= 4810254))

table 2 : explain SELECT k, c FROM sbtest2 WHERE k BETWEEN 4810154 AND 4810254
	Bitmap Heap Scan on sbtest2  (cost=5.38..369.67 rows=92 width=125)
	  Recheck Cond: ((k >= 4810154) AND (k <= 4810254))
	  ->  Bitmap Index Scan on k_2  (cost=0.00..5.35 rows=92 width=0)
	        Index Cond: ((k >= 4810154) AND (k <= 4810254))

table 3 : explain SELECT k, c FROM sbtest3 WHERE k BETWEEN 4810154 AND 4810254
	Bitmap Heap Scan on sbtest3  (cost=5.47..405.13 rows=101 width=125)
	  Recheck Cond: ((k >= 4810154) AND (k <= 4810254))
	  ->  Bitmap Index Scan on k_3  (cost=0.00..5.44 rows=101 width=0)
	        Index Cond: ((k >= 4810154) AND (k <= 4810254))

table 4 : explain SELECT k, c FROM sbtest4 WHERE k BETWEEN 4810154 AND 4810254
	Bitmap Heap Scan on sbtest4  (cost=5.50..416.94 rows=104 width=125)
	  Recheck Cond: ((k >= 4810154) AND (k <= 4810254))
	  ->  Bitmap Index Scan on k_4  (cost=0.00..5.47 rows=104 width=0)
	        Index Cond: ((k >= 4810154) AND (k <= 4810254))

table 5 : explain SELECT k, c FROM sbtest5 WHERE k BETWEEN 4810154 AND 4810254
	Bitmap Heap Scan on sbtest5  (cost=5.39..373.61 rows=93 width=125)
	  Recheck Cond: ((k >= 4810154) AND (k <= 4810254))
	  ->  Bitmap Index Scan on k_5  (cost=0.00..5.36 rows=93 width=0)
	        Index Cond: ((k >= 4810154) AND (k <= 4810254))

table 6 : explain SELECT k, c FROM sbtest6 WHERE k BETWEEN 4810154 AND 4810254
	Bitmap Heap Scan on sbtest6  (cost=5.51..420.88 rows=105 width=125)
	  Recheck Cond: ((k >= 4810154) AND (k <= 4810254))
	  ->  Bitmap Index Scan on k_6  (cost=0.00..5.48 rows=105 width=0)
	        Index Cond: ((k >= 4810154) AND (k <= 4810254))

table 7 : explain SELECT k, c FROM sbtest7 WHERE k BETWEEN 4810154 AND 4810254
	Bitmap Heap Scan on sbtest7  (cost=5.47..405.13 rows=101 width=125)
	  Recheck Cond: ((k >= 4810154) AND (k <= 4810254))
	  ->  Bitmap Index Scan on k_7  (cost=0.00..5.44 rows=101 width=0)
	        Index Cond: ((k >= 4810154) AND (k <= 4810254))

table 8 : explain SELECT k, c FROM sbtest8 WHERE k BETWEEN 4810154 AND 4810254
	Bitmap Heap Scan on sbtest8  (cost=5.40..377.55 rows=94 width=125)
	  Recheck Cond: ((k >= 4810154) AND (k <= 4810254))
	  ->  Bitmap Index Scan on k_8  (cost=0.00..5.38 rows=94 width=0)
	        Index Cond: ((k >= 4810154) AND (k <= 4810254))

explain: for range-notcovered :: explain SELECT k, c FROM sbtest%d WHERE k BETWEEN 4685558 AND 4685658
explain: for range-notcovered :: explain SELECT k, c FROM sbtest%d WHERE k BETWEEN 4810154 AND 4810254
for range-notcovered
table 1 : explain SELECT k, c FROM sbtest1 WHERE k BETWEEN 6370613 AND 6370713
	Bitmap Heap Scan on sbtest1  (cost=5.49..413.00 rows=103 width=125)
	  Recheck Cond: ((k >= 6370613) AND (k <= 6370713))
	  ->  Bitmap Index Scan on k_1  (cost=0.00..5.46 rows=103 width=0)
	        Index Cond: ((k >= 6370613) AND (k <= 6370713))

table 2 : explain SELECT k, c FROM sbtest2 WHERE k BETWEEN 6370613 AND 6370713
	Bitmap Heap Scan on sbtest2  (cost=5.41..381.49 rows=95 width=125)
	  Recheck Cond: ((k >= 6370613) AND (k <= 6370713))
	  ->  Bitmap Index Scan on k_2  (cost=0.00..5.38 rows=95 width=0)
	        Index Cond: ((k >= 6370613) AND (k <= 6370713))

table 3 : explain SELECT k, c FROM sbtest3 WHERE k BETWEEN 6370613 AND 6370713
	Bitmap Heap Scan on sbtest3  (cost=5.47..405.13 rows=101 width=125)
	  Recheck Cond: ((k >= 6370613) AND (k <= 6370713))
	  ->  Bitmap Index Scan on k_3  (cost=0.00..5.44 rows=101 width=0)
	        Index Cond: ((k >= 6370613) AND (k <= 6370713))

table 4 : explain SELECT k, c FROM sbtest4 WHERE k BETWEEN 6370613 AND 6370713
	Bitmap Heap Scan on sbtest4  (cost=5.49..413.00 rows=103 width=125)
	  Recheck Cond: ((k >= 6370613) AND (k <= 6370713))
	  ->  Bitmap Index Scan on k_4  (cost=0.00..5.46 rows=103 width=0)
	        Index Cond: ((k >= 6370613) AND (k <= 6370713))

table 5 : explain SELECT k, c FROM sbtest5 WHERE k BETWEEN 6370613 AND 6370713
	Bitmap Heap Scan on sbtest5  (cost=5.55..436.62 rows=109 width=125)
	  Recheck Cond: ((k >= 6370613) AND (k <= 6370713))
	  ->  Bitmap Index Scan on k_5  (cost=0.00..5.52 rows=109 width=0)
	        Index Cond: ((k >= 6370613) AND (k <= 6370713))

table 6 : explain SELECT k, c FROM sbtest6 WHERE k BETWEEN 6370613 AND 6370713
	Bitmap Heap Scan on sbtest6  (cost=5.43..389.37 rows=97 width=125)
	  Recheck Cond: ((k >= 6370613) AND (k <= 6370713))
	  ->  Bitmap Index Scan on k_6  (cost=0.00..5.40 rows=97 width=0)
	        Index Cond: ((k >= 6370613) AND (k <= 6370713))

table 7 : explain SELECT k, c FROM sbtest7 WHERE k BETWEEN 6370613 AND 6370713
	Bitmap Heap Scan on sbtest7  (cost=5.37..365.72 rows=91 width=125)
	  Recheck Cond: ((k >= 6370613) AND (k <= 6370713))
	  ->  Bitmap Index Scan on k_7  (cost=0.00..5.34 rows=91 width=0)
	        Index Cond: ((k >= 6370613) AND (k <= 6370713))

table 8 : explain SELECT k, c FROM sbtest8 WHERE k BETWEEN 6370613 AND 6370713
	Bitmap Heap Scan on sbtest8  (cost=5.46..401.19 rows=100 width=125)
	  Recheck Cond: ((k >= 6370613) AND (k <= 6370713))
	  ->  Bitmap Index Scan on k_8  (cost=0.00..5.43 rows=100 width=0)
	        Index Cond: ((k >= 6370613) AND (k <= 6370713))

for range-notcovered
table 1 : explain SELECT k, c FROM sbtest1 WHERE k BETWEEN 1594577 AND 1594677
	Bitmap Heap Scan on sbtest1  (cost=5.48..409.07 rows=102 width=125)
	  Recheck Cond: ((k >= 1594577) AND (k <= 1594677))
	  ->  Bitmap Index Scan on k_1  (cost=0.00..5.45 rows=102 width=0)
	        Index Cond: ((k >= 1594577) AND (k <= 1594677))

table 2 : explain SELECT k, c FROM sbtest2 WHERE k BETWEEN 1594577 AND 1594677
	Bitmap Heap Scan on sbtest2  (cost=5.55..436.62 rows=109 width=125)
	  Recheck Cond: ((k >= 1594577) AND (k <= 1594677))
	  ->  Bitmap Index Scan on k_2  (cost=0.00..5.52 rows=109 width=0)
	        Index Cond: ((k >= 1594577) AND (k <= 1594677))

table 3 : explain SELECT k, c FROM sbtest3 WHERE k BETWEEN 1594577 AND 1594677
	Bitmap Heap Scan on sbtest3  (cost=5.40..377.55 rows=94 width=125)
	  Recheck Cond: ((k >= 1594577) AND (k <= 1594677))
	  ->  Bitmap Index Scan on k_3  (cost=0.00..5.38 rows=94 width=0)
	        Index Cond: ((k >= 1594577) AND (k <= 1594677))

table 4 : explain SELECT k, c FROM sbtest4 WHERE k BETWEEN 1594577 AND 1594677
	Bitmap Heap Scan on sbtest4  (cost=5.49..413.00 rows=103 width=125)
	  Recheck Cond: ((k >= 1594577) AND (k <= 1594677))
	  ->  Bitmap Index Scan on k_4  (cost=0.00..5.46 rows=103 width=0)
	        Index Cond: ((k >= 1594577) AND (k <= 1594677))

table 5 : explain SELECT k, c FROM sbtest5 WHERE k BETWEEN 1594577 AND 1594677
	Bitmap Heap Scan on sbtest5  (cost=5.48..409.07 rows=102 width=125)
	  Recheck Cond: ((k >= 1594577) AND (k <= 1594677))
	  ->  Bitmap Index Scan on k_5  (cost=0.00..5.45 rows=102 width=0)
	        Index Cond: ((k >= 1594577) AND (k <= 1594677))

table 6 : explain SELECT k, c FROM sbtest6 WHERE k BETWEEN 1594577 AND 1594677
	Bitmap Heap Scan on sbtest6  (cost=5.48..409.07 rows=102 width=125)
	  Recheck Cond: ((k >= 1594577) AND (k <= 1594677))
	  ->  Bitmap Index Scan on k_6  (cost=0.00..5.45 rows=102 width=0)
	        Index Cond: ((k >= 1594577) AND (k <= 1594677))

table 7 : explain SELECT k, c FROM sbtest7 WHERE k BETWEEN 1594577 AND 1594677
	Bitmap Heap Scan on sbtest7  (cost=5.47..405.13 rows=101 width=125)
	  Recheck Cond: ((k >= 1594577) AND (k <= 1594677))
	  ->  Bitmap Index Scan on k_7  (cost=0.00..5.44 rows=101 width=0)
	        Index Cond: ((k >= 1594577) AND (k <= 1594677))

table 8 : explain SELECT k, c FROM sbtest8 WHERE k BETWEEN 1594577 AND 1594677
	Bitmap Heap Scan on sbtest8  (cost=5.45..397.25 rows=99 width=125)
	  Recheck Cond: ((k >= 1594577) AND (k <= 1594677))
	  ->  Bitmap Index Scan on k_8  (cost=0.00..5.42 rows=99 width=0)
	        Index Cond: ((k >= 1594577) AND (k <= 1594677))

for range-notcovered
table 1 : explain SELECT k, c FROM sbtest1 WHERE k BETWEEN 4685558 AND 4685658
	Bitmap Heap Scan on sbtest1  (cost=5.47..405.13 rows=101 width=125)
	  Recheck Cond: ((k >= 4685558) AND (k <= 4685658))
	  ->  Bitmap Index Scan on k_1  (cost=0.00..5.44 rows=101 width=0)
	        Index Cond: ((k >= 4685558) AND (k <= 4685658))

table 2 : explain SELECT k, c FROM sbtest2 WHERE k BETWEEN 4685558 AND 4685658
	Bitmap Heap Scan on sbtest2  (cost=5.46..401.19 rows=100 width=125)
	  Recheck Cond: ((k >= 4685558) AND (k <= 4685658))
	  ->  Bitmap Index Scan on k_2  (cost=0.00..5.43 rows=100 width=0)
	        Index Cond: ((k >= 4685558) AND (k <= 4685658))

table 3 : explain SELECT k, c FROM sbtest3 WHERE k BETWEEN 4685558 AND 4685658
	Bitmap Heap Scan on sbtest3  (cost=5.40..377.55 rows=94 width=125)
	  Recheck Cond: ((k >= 4685558) AND (k <= 4685658))
	  ->  Bitmap Index Scan on k_3  (cost=0.00..5.38 rows=94 width=0)
	        Index Cond: ((k >= 4685558) AND (k <= 4685658))

table 4 : explain SELECT k, c FROM sbtest4 WHERE k BETWEEN 4685558 AND 4685658
	Bitmap Heap Scan on sbtest4  (cost=5.44..393.31 rows=98 width=125)
	  Recheck Cond: ((k >= 4685558) AND (k <= 4685658))
	  ->  Bitmap Index Scan on k_4  (cost=0.00..5.42 rows=98 width=0)
	        Index Cond: ((k >= 4685558) AND (k <= 4685658))

table 5 : explain SELECT k, c FROM sbtest5 WHERE k BETWEEN 4685558 AND 4685658
	Bitmap Heap Scan on sbtest5  (cost=5.40..377.55 rows=94 width=125)
	  Recheck Cond: ((k >= 4685558) AND (k <= 4685658))
	  ->  Bitmap Index Scan on k_5  (cost=0.00..5.38 rows=94 width=0)
	        Index Cond: ((k >= 4685558) AND (k <= 4685658))

table 6 : explain SELECT k, c FROM sbtest6 WHERE k BETWEEN 4685558 AND 4685658
	Bitmap Heap Scan on sbtest6  (cost=5.58..448.42 rows=112 width=125)
	  Recheck Cond: ((k >= 4685558) AND (k <= 4685658))
	  ->  Bitmap Index Scan on k_6  (cost=0.00..5.55 rows=112 width=0)
	        Index Cond: ((k >= 4685558) AND (k <= 4685658))

table 7 : explain SELECT k, c FROM sbtest7 WHERE k BETWEEN 4685558 AND 4685658
	Bitmap Heap Scan on sbtest7  (cost=5.45..397.25 rows=99 width=125)
	  Recheck Cond: ((k >= 4685558) AND (k <= 4685658))
	  ->  Bitmap Index Scan on k_7  (cost=0.00..5.42 rows=99 width=0)
	        Index Cond: ((k >= 4685558) AND (k <= 4685658))

table 8 : explain SELECT k, c FROM sbtest8 WHERE k BETWEEN 4685558 AND 4685658
	Bitmap Heap Scan on sbtest8  (cost=5.43..389.37 rows=97 width=125)
	  Recheck Cond: ((k >= 4685558) AND (k <= 4685658))
	  ->  Bitmap Index Scan on k_8  (cost=0.00..5.40 rows=97 width=0)
	        Index Cond: ((k >= 4685558) AND (k <= 4685658))

explain: for range-notcovered :: explain SELECT k, c FROM sbtest%d WHERE k BETWEEN 1594577 AND 1594677
for range-notcovered
table 1 : explain SELECT k, c FROM sbtest1 WHERE k BETWEEN 4810154 AND 4810254
	Bitmap Heap Scan on sbtest1  (cost=5.48..409.07 rows=102 width=125)
	  Recheck Cond: ((k >= 4810154) AND (k <= 4810254))
	  ->  Bitmap Index Scan on k_1  (cost=0.00..5.45 rows=102 width=0)
	        Index Cond: ((k >= 4810154) AND (k <= 4810254))

table 2 : explain SELECT k, c FROM sbtest2 WHERE k BETWEEN 4810154 AND 4810254
	Bitmap Heap Scan on sbtest2  (cost=5.38..369.67 rows=92 width=125)
	  Recheck Cond: ((k >= 4810154) AND (k <= 4810254))
	  ->  Bitmap Index Scan on k_2  (cost=0.00..5.35 rows=92 width=0)
	        Index Cond: ((k >= 4810154) AND (k <= 4810254))

table 3 : explain SELECT k, c FROM sbtest3 WHERE k BETWEEN 4810154 AND 4810254
	Bitmap Heap Scan on sbtest3  (cost=5.47..405.13 rows=101 width=125)
	  Recheck Cond: ((k >= 4810154) AND (k <= 4810254))
	  ->  Bitmap Index Scan on k_3  (cost=0.00..5.44 rows=101 width=0)
	        Index Cond: ((k >= 4810154) AND (k <= 4810254))

table 4 : explain SELECT k, c FROM sbtest4 WHERE k BETWEEN 4810154 AND 4810254
	Bitmap Heap Scan on sbtest4  (cost=5.50..416.94 rows=104 width=125)
	  Recheck Cond: ((k >= 4810154) AND (k <= 4810254))
	  ->  Bitmap Index Scan on k_4  (cost=0.00..5.47 rows=104 width=0)
	        Index Cond: ((k >= 4810154) AND (k <= 4810254))

table 5 : explain SELECT k, c FROM sbtest5 WHERE k BETWEEN 4810154 AND 4810254
	Bitmap Heap Scan on sbtest5  (cost=5.39..373.61 rows=93 width=125)
	  Recheck Cond: ((k >= 4810154) AND (k <= 4810254))
	  ->  Bitmap Index Scan on k_5  (cost=0.00..5.36 rows=93 width=0)
	        Index Cond: ((k >= 4810154) AND (k <= 4810254))

table 6 : explain SELECT k, c FROM sbtest6 WHERE k BETWEEN 4810154 AND 4810254
	Bitmap Heap Scan on sbtest6  (cost=5.51..420.88 rows=105 width=125)
	  Recheck Cond: ((k >= 4810154) AND (k <= 4810254))
	  ->  Bitmap Index Scan on k_6  (cost=0.00..5.48 rows=105 width=0)
	        Index Cond: ((k >= 4810154) AND (k <= 4810254))

table 7 : explain SELECT k, c FROM sbtest7 WHERE k BETWEEN 4810154 AND 4810254
	Bitmap Heap Scan on sbtest7  (cost=5.47..405.13 rows=101 width=125)
	  Recheck Cond: ((k >= 4810154) AND (k <= 4810254))
	  ->  Bitmap Index Scan on k_7  (cost=0.00..5.44 rows=101 width=0)
	        Index Cond: ((k >= 4810154) AND (k <= 4810254))

table 8 : explain SELECT k, c FROM sbtest8 WHERE k BETWEEN 4810154 AND 4810254
	Bitmap Heap Scan on sbtest8  (cost=5.40..377.55 rows=94 width=125)
	  Recheck Cond: ((k >= 4810154) AND (k <= 4810254))
	  ->  Bitmap Index Scan on k_8  (cost=0.00..5.38 rows=94 width=0)
	        Index Cond: ((k >= 4810154) AND (k <= 4810254))

explain: for range-notcovered :: explain SELECT k, c FROM sbtest%d WHERE k BETWEEN 4810154 AND 4810254
for range-notcovered
table 1 : explain SELECT k, c FROM sbtest1 WHERE k BETWEEN 6998872 AND 6998972
	Bitmap Heap Scan on sbtest1  (cost=5.56..440.56 rows=110 width=125)
	  Recheck Cond: ((k >= 6998872) AND (k <= 6998972))
	  ->  Bitmap Index Scan on k_1  (cost=0.00..5.53 rows=110 width=0)
	        Index Cond: ((k >= 6998872) AND (k <= 6998972))

table 2 : explain SELECT k, c FROM sbtest2 WHERE k BETWEEN 6998872 AND 6998972
	Bitmap Heap Scan on sbtest2  (cost=5.51..420.88 rows=105 width=125)
	  Recheck Cond: ((k >= 6998872) AND (k <= 6998972))
	  ->  Bitmap Index Scan on k_2  (cost=0.00..5.48 rows=105 width=0)
	        Index Cond: ((k >= 6998872) AND (k <= 6998972))

table 3 : explain SELECT k, c FROM sbtest3 WHERE k BETWEEN 6998872 AND 6998972
	Bitmap Heap Scan on sbtest3  (cost=5.48..409.07 rows=102 width=125)
	  Recheck Cond: ((k >= 6998872) AND (k <= 6998972))
	  ->  Bitmap Index Scan on k_3  (cost=0.00..5.45 rows=102 width=0)
	        Index Cond: ((k >= 6998872) AND (k <= 6998972))

table 4 : explain SELECT k, c FROM sbtest4 WHERE k BETWEEN 6998872 AND 6998972
	Bitmap Heap Scan on sbtest4  (cost=5.49..413.00 rows=103 width=125)
	  Recheck Cond: ((k >= 6998872) AND (k <= 6998972))
	  ->  Bitmap Index Scan on k_4  (cost=0.00..5.46 rows=103 width=0)
	        Index Cond: ((k >= 6998872) AND (k <= 6998972))

table 5 : explain SELECT k, c FROM sbtest5 WHERE k BETWEEN 6998872 AND 6998972
	Bitmap Heap Scan on sbtest5  (cost=5.55..436.62 rows=109 width=125)
	  Recheck Cond: ((k >= 6998872) AND (k <= 6998972))
	  ->  Bitmap Index Scan on k_5  (cost=0.00..5.52 rows=109 width=0)
	        Index Cond: ((k >= 6998872) AND (k <= 6998972))

table 6 : explain SELECT k, c FROM sbtest6 WHERE k BETWEEN 6998872 AND 6998972
	Bitmap Heap Scan on sbtest6  (cost=5.43..389.37 rows=97 width=125)
	  Recheck Cond: ((k >= 6998872) AND (k <= 6998972))
	  ->  Bitmap Index Scan on k_6  (cost=0.00..5.40 rows=97 width=0)
	        Index Cond: ((k >= 6998872) AND (k <= 6998972))

table 7 : explain SELECT k, c FROM sbtest7 WHERE k BETWEEN 6998872 AND 6998972
	Bitmap Heap Scan on sbtest7  (cost=5.43..389.37 rows=97 width=125)
	  Recheck Cond: ((k >= 6998872) AND (k <= 6998972))
	  ->  Bitmap Index Scan on k_7  (cost=0.00..5.40 rows=97 width=0)
	        Index Cond: ((k >= 6998872) AND (k <= 6998972))

table 8 : explain SELECT k, c FROM sbtest8 WHERE k BETWEEN 6998872 AND 6998972
	Bitmap Heap Scan on sbtest8  (cost=5.37..365.72 rows=91 width=125)
	  Recheck Cond: ((k >= 6998872) AND (k <= 6998972))
	  ->  Bitmap Index Scan on k_8  (cost=0.00..5.34 rows=91 width=0)
	        Index Cond: ((k >= 6998872) AND (k <= 6998972))

for range-notcovered
table 1 : explain SELECT k, c FROM sbtest1 WHERE k BETWEEN 1594577 AND 1594677
	Bitmap Heap Scan on sbtest1  (cost=5.48..409.07 rows=102 width=125)
	  Recheck Cond: ((k >= 1594577) AND (k <= 1594677))
	  ->  Bitmap Index Scan on k_1  (cost=0.00..5.45 rows=102 width=0)
	        Index Cond: ((k >= 1594577) AND (k <= 1594677))

table 2 : explain SELECT k, c FROM sbtest2 WHERE k BETWEEN 1594577 AND 1594677
	Bitmap Heap Scan on sbtest2  (cost=5.55..436.62 rows=109 width=125)
	  Recheck Cond: ((k >= 1594577) AND (k <= 1594677))
	  ->  Bitmap Index Scan on k_2  (cost=0.00..5.52 rows=109 width=0)
	        Index Cond: ((k >= 1594577) AND (k <= 1594677))

table 3 : explain SELECT k, c FROM sbtest3 WHERE k BETWEEN 1594577 AND 1594677
	Bitmap Heap Scan on sbtest3  (cost=5.40..377.55 rows=94 width=125)
	  Recheck Cond: ((k >= 1594577) AND (k <= 1594677))
	  ->  Bitmap Index Scan on k_3  (cost=0.00..5.38 rows=94 width=0)
	        Index Cond: ((k >= 1594577) AND (k <= 1594677))

table 4 : explain SELECT k, c FROM sbtest4 WHERE k BETWEEN 1594577 AND 1594677
	Bitmap Heap Scan on sbtest4  (cost=5.49..413.00 rows=103 width=125)
	  Recheck Cond: ((k >= 1594577) AND (k <= 1594677))
	  ->  Bitmap Index Scan on k_4  (cost=0.00..5.46 rows=103 width=0)
	        Index Cond: ((k >= 1594577) AND (k <= 1594677))

table 5 : explain SELECT k, c FROM sbtest5 WHERE k BETWEEN 1594577 AND 1594677
	Bitmap Heap Scan on sbtest5  (cost=5.48..409.07 rows=102 width=125)
	  Recheck Cond: ((k >= 1594577) AND (k <= 1594677))
	  ->  Bitmap Index Scan on k_5  (cost=0.00..5.45 rows=102 width=0)
	        Index Cond: ((k >= 1594577) AND (k <= 1594677))

table 6 : explain SELECT k, c FROM sbtest6 WHERE k BETWEEN 1594577 AND 1594677
	Bitmap Heap Scan on sbtest6  (cost=5.48..409.07 rows=102 width=125)
	  Recheck Cond: ((k >= 1594577) AND (k <= 1594677))
	  ->  Bitmap Index Scan on k_6  (cost=0.00..5.45 rows=102 width=0)
	        Index Cond: ((k >= 1594577) AND (k <= 1594677))

table 7 : explain SELECT k, c FROM sbtest7 WHERE k BETWEEN 1594577 AND 1594677
	Bitmap Heap Scan on sbtest7  (cost=5.47..405.13 rows=101 width=125)
	  Recheck Cond: ((k >= 1594577) AND (k <= 1594677))
	  ->  Bitmap Index Scan on k_7  (cost=0.00..5.44 rows=101 width=0)
	        Index Cond: ((k >= 1594577) AND (k <= 1594677))

table 8 : explain SELECT k, c FROM sbtest8 WHERE k BETWEEN 1594577 AND 1594677
	Bitmap Heap Scan on sbtest8  (cost=5.45..397.25 rows=99 width=125)
	  Recheck Cond: ((k >= 1594577) AND (k <= 1594677))
	  ->  Bitmap Index Scan on k_8  (cost=0.00..5.42 rows=99 width=0)
	        Index Cond: ((k >= 1594577) AND (k <= 1594677))

explain: for range-notcovered :: explain SELECT k, c FROM sbtest%d WHERE k BETWEEN 6998872 AND 6998972
explain: for range-notcovered :: explain SELECT k, c FROM sbtest%d WHERE k BETWEEN 1594577 AND 1594677
for range-notcovered
table 1 : explain SELECT k, c FROM sbtest1 WHERE k BETWEEN 6998872 AND 6998972
	Bitmap Heap Scan on sbtest1  (cost=5.56..440.56 rows=110 width=125)
	  Recheck Cond: ((k >= 6998872) AND (k <= 6998972))
	  ->  Bitmap Index Scan on k_1  (cost=0.00..5.53 rows=110 width=0)
	        Index Cond: ((k >= 6998872) AND (k <= 6998972))

table 2 : explain SELECT k, c FROM sbtest2 WHERE k BETWEEN 6998872 AND 6998972
	Bitmap Heap Scan on sbtest2  (cost=5.51..420.88 rows=105 width=125)
	  Recheck Cond: ((k >= 6998872) AND (k <= 6998972))
	  ->  Bitmap Index Scan on k_2  (cost=0.00..5.48 rows=105 width=0)
	        Index Cond: ((k >= 6998872) AND (k <= 6998972))

table 3 : explain SELECT k, c FROM sbtest3 WHERE k BETWEEN 6998872 AND 6998972
	Bitmap Heap Scan on sbtest3  (cost=5.48..409.07 rows=102 width=125)
	  Recheck Cond: ((k >= 6998872) AND (k <= 6998972))
	  ->  Bitmap Index Scan on k_3  (cost=0.00..5.45 rows=102 width=0)
	        Index Cond: ((k >= 6998872) AND (k <= 6998972))

table 4 : explain SELECT k, c FROM sbtest4 WHERE k BETWEEN 6998872 AND 6998972
	Bitmap Heap Scan on sbtest4  (cost=5.49..413.00 rows=103 width=125)
	  Recheck Cond: ((k >= 6998872) AND (k <= 6998972))
	  ->  Bitmap Index Scan on k_4  (cost=0.00..5.46 rows=103 width=0)
	        Index Cond: ((k >= 6998872) AND (k <= 6998972))

table 5 : explain SELECT k, c FROM sbtest5 WHERE k BETWEEN 6998872 AND 6998972
	Bitmap Heap Scan on sbtest5  (cost=5.55..436.62 rows=109 width=125)
	  Recheck Cond: ((k >= 6998872) AND (k <= 6998972))
	  ->  Bitmap Index Scan on k_5  (cost=0.00..5.52 rows=109 width=0)
	        Index Cond: ((k >= 6998872) AND (k <= 6998972))

table 6 : explain SELECT k, c FROM sbtest6 WHERE k BETWEEN 6998872 AND 6998972
	Bitmap Heap Scan on sbtest6  (cost=5.43..389.37 rows=97 width=125)
	  Recheck Cond: ((k >= 6998872) AND (k <= 6998972))
	  ->  Bitmap Index Scan on k_6  (cost=0.00..5.40 rows=97 width=0)
	        Index Cond: ((k >= 6998872) AND (k <= 6998972))

table 7 : explain SELECT k, c FROM sbtest7 WHERE k BETWEEN 6998872 AND 6998972
	Bitmap Heap Scan on sbtest7  (cost=5.43..389.37 rows=97 width=125)
	  Recheck Cond: ((k >= 6998872) AND (k <= 6998972))
	  ->  Bitmap Index Scan on k_7  (cost=0.00..5.40 rows=97 width=0)
	        Index Cond: ((k >= 6998872) AND (k <= 6998972))

table 8 : explain SELECT k, c FROM sbtest8 WHERE k BETWEEN 6998872 AND 6998972
	Bitmap Heap Scan on sbtest8  (cost=5.37..365.72 rows=91 width=125)
	  Recheck Cond: ((k >= 6998872) AND (k <= 6998972))
	  ->  Bitmap Index Scan on k_8  (cost=0.00..5.34 rows=91 width=0)
	        Index Cond: ((k >= 6998872) AND (k <= 6998972))

explain: for range-notcovered :: explain SELECT k, c FROM sbtest%d WHERE k BETWEEN 6998872 AND 6998972
for range-notcovered
table 1 : explain SELECT k, c FROM sbtest1 WHERE k BETWEEN 4810154 AND 4810254
	Bitmap Heap Scan on sbtest1  (cost=5.48..409.07 rows=102 width=125)
	  Recheck Cond: ((k >= 4810154) AND (k <= 4810254))
	  ->  Bitmap Index Scan on k_1  (cost=0.00..5.45 rows=102 width=0)
	        Index Cond: ((k >= 4810154) AND (k <= 4810254))

table 2 : explain SELECT k, c FROM sbtest2 WHERE k BETWEEN 4810154 AND 4810254
	Bitmap Heap Scan on sbtest2  (cost=5.38..369.67 rows=92 width=125)
	  Recheck Cond: ((k >= 4810154) AND (k <= 4810254))
	  ->  Bitmap Index Scan on k_2  (cost=0.00..5.35 rows=92 width=0)
	        Index Cond: ((k >= 4810154) AND (k <= 4810254))

table 3 : explain SELECT k, c FROM sbtest3 WHERE k BETWEEN 4810154 AND 4810254
	Bitmap Heap Scan on sbtest3  (cost=5.47..405.13 rows=101 width=125)
	  Recheck Cond: ((k >= 4810154) AND (k <= 4810254))
	  ->  Bitmap Index Scan on k_3  (cost=0.00..5.44 rows=101 width=0)
	        Index Cond: ((k >= 4810154) AND (k <= 4810254))

table 4 : explain SELECT k, c FROM sbtest4 WHERE k BETWEEN 4810154 AND 4810254
	Bitmap Heap Scan on sbtest4  (cost=5.50..416.94 rows=104 width=125)
	  Recheck Cond: ((k >= 4810154) AND (k <= 4810254))
	  ->  Bitmap Index Scan on k_4  (cost=0.00..5.47 rows=104 width=0)
	        Index Cond: ((k >= 4810154) AND (k <= 4810254))

table 5 : explain SELECT k, c FROM sbtest5 WHERE k BETWEEN 4810154 AND 4810254
	Bitmap Heap Scan on sbtest5  (cost=5.39..373.61 rows=93 width=125)
	  Recheck Cond: ((k >= 4810154) AND (k <= 4810254))
	  ->  Bitmap Index Scan on k_5  (cost=0.00..5.36 rows=93 width=0)
	        Index Cond: ((k >= 4810154) AND (k <= 4810254))

table 6 : explain SELECT k, c FROM sbtest6 WHERE k BETWEEN 4810154 AND 4810254
	Bitmap Heap Scan on sbtest6  (cost=5.51..420.88 rows=105 width=125)
	  Recheck Cond: ((k >= 4810154) AND (k <= 4810254))
	  ->  Bitmap Index Scan on k_6  (cost=0.00..5.48 rows=105 width=0)
	        Index Cond: ((k >= 4810154) AND (k <= 4810254))

table 7 : explain SELECT k, c FROM sbtest7 WHERE k BETWEEN 4810154 AND 4810254
	Bitmap Heap Scan on sbtest7  (cost=5.47..405.13 rows=101 width=125)
	  Recheck Cond: ((k >= 4810154) AND (k <= 4810254))
	  ->  Bitmap Index Scan on k_7  (cost=0.00..5.44 rows=101 width=0)
	        Index Cond: ((k >= 4810154) AND (k <= 4810254))

table 8 : explain SELECT k, c FROM sbtest8 WHERE k BETWEEN 4810154 AND 4810254
	Bitmap Heap Scan on sbtest8  (cost=5.40..377.55 rows=94 width=125)
	  Recheck Cond: ((k >= 4810154) AND (k <= 4810254))
	  ->  Bitmap Index Scan on k_8  (cost=0.00..5.38 rows=94 width=0)
	        Index Cond: ((k >= 4810154) AND (k <= 4810254))

for range-notcovered
table 1 : explain SELECT k, c FROM sbtest1 WHERE k BETWEEN 1594577 AND 1594677
	Bitmap Heap Scan on sbtest1  (cost=5.48..409.07 rows=102 width=125)
	  Recheck Cond: ((k >= 1594577) AND (k <= 1594677))
	  ->  Bitmap Index Scan on k_1  (cost=0.00..5.45 rows=102 width=0)
	        Index Cond: ((k >= 1594577) AND (k <= 1594677))

table 2 : explain SELECT k, c FROM sbtest2 WHERE k BETWEEN 1594577 AND 1594677
	Bitmap Heap Scan on sbtest2  (cost=5.55..436.62 rows=109 width=125)
	  Recheck Cond: ((k >= 1594577) AND (k <= 1594677))
	  ->  Bitmap Index Scan on k_2  (cost=0.00..5.52 rows=109 width=0)
	        Index Cond: ((k >= 1594577) AND (k <= 1594677))

table 3 : explain SELECT k, c FROM sbtest3 WHERE k BETWEEN 1594577 AND 1594677
	Bitmap Heap Scan on sbtest3  (cost=5.40..377.55 rows=94 width=125)
	  Recheck Cond: ((k >= 1594577) AND (k <= 1594677))
	  ->  Bitmap Index Scan on k_3  (cost=0.00..5.38 rows=94 width=0)
	        Index Cond: ((k >= 1594577) AND (k <= 1594677))

table 4 : explain SELECT k, c FROM sbtest4 WHERE k BETWEEN 1594577 AND 1594677
	Bitmap Heap Scan on sbtest4  (cost=5.49..413.00 rows=103 width=125)
	  Recheck Cond: ((k >= 1594577) AND (k <= 1594677))
	  ->  Bitmap Index Scan on k_4  (cost=0.00..5.46 rows=103 width=0)
	        Index Cond: ((k >= 1594577) AND (k <= 1594677))

table 5 : explain SELECT k, c FROM sbtest5 WHERE k BETWEEN 1594577 AND 1594677
	Bitmap Heap Scan on sbtest5  (cost=5.48..409.07 rows=102 width=125)
	  Recheck Cond: ((k >= 1594577) AND (k <= 1594677))
	  ->  Bitmap Index Scan on k_5  (cost=0.00..5.45 rows=102 width=0)
	        Index Cond: ((k >= 1594577) AND (k <= 1594677))

table 6 : explain SELECT k, c FROM sbtest6 WHERE k BETWEEN 1594577 AND 1594677
	Bitmap Heap Scan on sbtest6  (cost=5.48..409.07 rows=102 width=125)
	  Recheck Cond: ((k >= 1594577) AND (k <= 1594677))
	  ->  Bitmap Index Scan on k_6  (cost=0.00..5.45 rows=102 width=0)
	        Index Cond: ((k >= 1594577) AND (k <= 1594677))

table 7 : explain SELECT k, c FROM sbtest7 WHERE k BETWEEN 1594577 AND 1594677
	Bitmap Heap Scan on sbtest7  (cost=5.47..405.13 rows=101 width=125)
	  Recheck Cond: ((k >= 1594577) AND (k <= 1594677))
	  ->  Bitmap Index Scan on k_7  (cost=0.00..5.44 rows=101 width=0)
	        Index Cond: ((k >= 1594577) AND (k <= 1594677))

table 8 : explain SELECT k, c FROM sbtest8 WHERE k BETWEEN 1594577 AND 1594677
	Bitmap Heap Scan on sbtest8  (cost=5.45..397.25 rows=99 width=125)
	  Recheck Cond: ((k >= 1594577) AND (k <= 1594677))
	  ->  Bitmap Index Scan on k_8  (cost=0.00..5.42 rows=99 width=0)
	        Index Cond: ((k >= 1594577) AND (k <= 1594677))

for range-notcovered
table 1 : explain SELECT k, c FROM sbtest1 WHERE k BETWEEN 6998872 AND 6998972
	Bitmap Heap Scan on sbtest1  (cost=5.56..440.56 rows=110 width=125)
	  Recheck Cond: ((k >= 6998872) AND (k <= 6998972))
	  ->  Bitmap Index Scan on k_1  (cost=0.00..5.53 rows=110 width=0)
	        Index Cond: ((k >= 6998872) AND (k <= 6998972))

table 2 : explain SELECT k, c FROM sbtest2 WHERE k BETWEEN 6998872 AND 6998972
	Bitmap Heap Scan on sbtest2  (cost=5.51..420.88 rows=105 width=125)
	  Recheck Cond: ((k >= 6998872) AND (k <= 6998972))
	  ->  Bitmap Index Scan on k_2  (cost=0.00..5.48 rows=105 width=0)
	        Index Cond: ((k >= 6998872) AND (k <= 6998972))

table 3 : explain SELECT k, c FROM sbtest3 WHERE k BETWEEN 6998872 AND 6998972
	Bitmap Heap Scan on sbtest3  (cost=5.48..409.07 rows=102 width=125)
	  Recheck Cond: ((k >= 6998872) AND (k <= 6998972))
	  ->  Bitmap Index Scan on k_3  (cost=0.00..5.45 rows=102 width=0)
	        Index Cond: ((k >= 6998872) AND (k <= 6998972))

table 4 : explain SELECT k, c FROM sbtest4 WHERE k BETWEEN 6998872 AND 6998972
	Bitmap Heap Scan on sbtest4  (cost=5.49..413.00 rows=103 width=125)
	  Recheck Cond: ((k >= 6998872) AND (k <= 6998972))
	  ->  Bitmap Index Scan on k_4  (cost=0.00..5.46 rows=103 width=0)
	        Index Cond: ((k >= 6998872) AND (k <= 6998972))

table 5 : explain SELECT k, c FROM sbtest5 WHERE k BETWEEN 6998872 AND 6998972
	Bitmap Heap Scan on sbtest5  (cost=5.55..436.62 rows=109 width=125)
	  Recheck Cond: ((k >= 6998872) AND (k <= 6998972))
	  ->  Bitmap Index Scan on k_5  (cost=0.00..5.52 rows=109 width=0)
	        Index Cond: ((k >= 6998872) AND (k <= 6998972))

table 6 : explain SELECT k, c FROM sbtest6 WHERE k BETWEEN 6998872 AND 6998972
	Bitmap Heap Scan on sbtest6  (cost=5.43..389.37 rows=97 width=125)
	  Recheck Cond: ((k >= 6998872) AND (k <= 6998972))
	  ->  Bitmap Index Scan on k_6  (cost=0.00..5.40 rows=97 width=0)
	        Index Cond: ((k >= 6998872) AND (k <= 6998972))

table 7 : explain SELECT k, c FROM sbtest7 WHERE k BETWEEN 6998872 AND 6998972
	Bitmap Heap Scan on sbtest7  (cost=5.43..389.37 rows=97 width=125)
	  Recheck Cond: ((k >= 6998872) AND (k <= 6998972))
	  ->  Bitmap Index Scan on k_7  (cost=0.00..5.40 rows=97 width=0)
	        Index Cond: ((k >= 6998872) AND (k <= 6998972))

table 8 : explain SELECT k, c FROM sbtest8 WHERE k BETWEEN 6998872 AND 6998972
	Bitmap Heap Scan on sbtest8  (cost=5.37..365.72 rows=91 width=125)
	  Recheck Cond: ((k >= 6998872) AND (k <= 6998972))
	  ->  Bitmap Index Scan on k_8  (cost=0.00..5.34 rows=91 width=0)
	        Index Cond: ((k >= 6998872) AND (k <= 6998972))

explain: for range-notcovered :: explain SELECT k, c FROM sbtest%d WHERE k BETWEEN 6998872 AND 6998972
for range-notcovered
table 1 : explain SELECT k, c FROM sbtest1 WHERE k BETWEEN 6998872 AND 6998972
	Bitmap Heap Scan on sbtest1  (cost=5.56..440.56 rows=110 width=125)
	  Recheck Cond: ((k >= 6998872) AND (k <= 6998972))
	  ->  Bitmap Index Scan on k_1  (cost=0.00..5.53 rows=110 width=0)
	        Index Cond: ((k >= 6998872) AND (k <= 6998972))

table 2 : explain SELECT k, c FROM sbtest2 WHERE k BETWEEN 6998872 AND 6998972
	Bitmap Heap Scan on sbtest2  (cost=5.51..420.88 rows=105 width=125)
	  Recheck Cond: ((k >= 6998872) AND (k <= 6998972))
	  ->  Bitmap Index Scan on k_2  (cost=0.00..5.48 rows=105 width=0)
	        Index Cond: ((k >= 6998872) AND (k <= 6998972))

table 3 : explain SELECT k, c FROM sbtest3 WHERE k BETWEEN 6998872 AND 6998972
	Bitmap Heap Scan on sbtest3  (cost=5.48..409.07 rows=102 width=125)
	  Recheck Cond: ((k >= 6998872) AND (k <= 6998972))
	  ->  Bitmap Index Scan on k_3  (cost=0.00..5.45 rows=102 width=0)
	        Index Cond: ((k >= 6998872) AND (k <= 6998972))

table 4 : explain SELECT k, c FROM sbtest4 WHERE k BETWEEN 6998872 AND 6998972
	Bitmap Heap Scan on sbtest4  (cost=5.49..413.00 rows=103 width=125)
	  Recheck Cond: ((k >= 6998872) AND (k <= 6998972))
	  ->  Bitmap Index Scan on k_4  (cost=0.00..5.46 rows=103 width=0)
	        Index Cond: ((k >= 6998872) AND (k <= 6998972))

table 5 : explain SELECT k, c FROM sbtest5 WHERE k BETWEEN 6998872 AND 6998972
	Bitmap Heap Scan on sbtest5  (cost=5.55..436.62 rows=109 width=125)
	  Recheck Cond: ((k >= 6998872) AND (k <= 6998972))
	  ->  Bitmap Index Scan on k_5  (cost=0.00..5.52 rows=109 width=0)
	        Index Cond: ((k >= 6998872) AND (k <= 6998972))

table 6 : explain SELECT k, c FROM sbtest6 WHERE k BETWEEN 6998872 AND 6998972
	Bitmap Heap Scan on sbtest6  (cost=5.43..389.37 rows=97 width=125)
	  Recheck Cond: ((k >= 6998872) AND (k <= 6998972))
	  ->  Bitmap Index Scan on k_6  (cost=0.00..5.40 rows=97 width=0)
	        Index Cond: ((k >= 6998872) AND (k <= 6998972))

table 7 : explain SELECT k, c FROM sbtest7 WHERE k BETWEEN 6998872 AND 6998972
	Bitmap Heap Scan on sbtest7  (cost=5.43..389.37 rows=97 width=125)
	  Recheck Cond: ((k >= 6998872) AND (k <= 6998972))
	  ->  Bitmap Index Scan on k_7  (cost=0.00..5.40 rows=97 width=0)
	        Index Cond: ((k >= 6998872) AND (k <= 6998972))

table 8 : explain SELECT k, c FROM sbtest8 WHERE k BETWEEN 6998872 AND 6998972
	Bitmap Heap Scan on sbtest8  (cost=5.37..365.72 rows=91 width=125)
	  Recheck Cond: ((k >= 6998872) AND (k <= 6998972))
	  ->  Bitmap Index Scan on k_8  (cost=0.00..5.34 rows=91 width=0)
	        Index Cond: ((k >= 6998872) AND (k <= 6998972))

explain: for range-notcovered :: explain SELECT k, c FROM sbtest%d WHERE k BETWEEN 6998872 AND 6998972
for range-notcovered
table 1 : explain SELECT k, c FROM sbtest1 WHERE k BETWEEN 6998872 AND 6998972
	Bitmap Heap Scan on sbtest1  (cost=5.56..440.56 rows=110 width=125)
	  Recheck Cond: ((k >= 6998872) AND (k <= 6998972))
	  ->  Bitmap Index Scan on k_1  (cost=0.00..5.53 rows=110 width=0)
	        Index Cond: ((k >= 6998872) AND (k <= 6998972))

table 2 : explain SELECT k, c FROM sbtest2 WHERE k BETWEEN 6998872 AND 6998972
	Bitmap Heap Scan on sbtest2  (cost=5.51..420.88 rows=105 width=125)
	  Recheck Cond: ((k >= 6998872) AND (k <= 6998972))
	  ->  Bitmap Index Scan on k_2  (cost=0.00..5.48 rows=105 width=0)
	        Index Cond: ((k >= 6998872) AND (k <= 6998972))

table 3 : explain SELECT k, c FROM sbtest3 WHERE k BETWEEN 6998872 AND 6998972
	Bitmap Heap Scan on sbtest3  (cost=5.48..409.07 rows=102 width=125)
	  Recheck Cond: ((k >= 6998872) AND (k <= 6998972))
	  ->  Bitmap Index Scan on k_3  (cost=0.00..5.45 rows=102 width=0)
	        Index Cond: ((k >= 6998872) AND (k <= 6998972))

table 4 : explain SELECT k, c FROM sbtest4 WHERE k BETWEEN 6998872 AND 6998972
	Bitmap Heap Scan on sbtest4  (cost=5.49..413.00 rows=103 width=125)
	  Recheck Cond: ((k >= 6998872) AND (k <= 6998972))
	  ->  Bitmap Index Scan on k_4  (cost=0.00..5.46 rows=103 width=0)
	        Index Cond: ((k >= 6998872) AND (k <= 6998972))

table 5 : explain SELECT k, c FROM sbtest5 WHERE k BETWEEN 6998872 AND 6998972
	Bitmap Heap Scan on sbtest5  (cost=5.55..436.62 rows=109 width=125)
	  Recheck Cond: ((k >= 6998872) AND (k <= 6998972))
	  ->  Bitmap Index Scan on k_5  (cost=0.00..5.52 rows=109 width=0)
	        Index Cond: ((k >= 6998872) AND (k <= 6998972))

table 6 : explain SELECT k, c FROM sbtest6 WHERE k BETWEEN 6998872 AND 6998972
	Bitmap Heap Scan on sbtest6  (cost=5.43..389.37 rows=97 width=125)
	  Recheck Cond: ((k >= 6998872) AND (k <= 6998972))
	  ->  Bitmap Index Scan on k_6  (cost=0.00..5.40 rows=97 width=0)
	        Index Cond: ((k >= 6998872) AND (k <= 6998972))

table 7 : explain SELECT k, c FROM sbtest7 WHERE k BETWEEN 6998872 AND 6998972
	Bitmap Heap Scan on sbtest7  (cost=5.43..389.37 rows=97 width=125)
	  Recheck Cond: ((k >= 6998872) AND (k <= 6998972))
	  ->  Bitmap Index Scan on k_7  (cost=0.00..5.40 rows=97 width=0)
	        Index Cond: ((k >= 6998872) AND (k <= 6998972))

table 8 : explain SELECT k, c FROM sbtest8 WHERE k BETWEEN 6998872 AND 6998972
	Bitmap Heap Scan on sbtest8  (cost=5.37..365.72 rows=91 width=125)
	  Recheck Cond: ((k >= 6998872) AND (k <= 6998972))
	  ->  Bitmap Index Scan on k_8  (cost=0.00..5.34 rows=91 width=0)
	        Index Cond: ((k >= 6998872) AND (k <= 6998972))

explain: for range-notcovered :: explain SELECT k, c FROM sbtest%d WHERE k BETWEEN 6998872 AND 6998972
for range-notcovered
table 1 : explain SELECT k, c FROM sbtest1 WHERE k BETWEEN 6998872 AND 6998972
	Bitmap Heap Scan on sbtest1  (cost=5.56..440.56 rows=110 width=125)
	  Recheck Cond: ((k >= 6998872) AND (k <= 6998972))
	  ->  Bitmap Index Scan on k_1  (cost=0.00..5.53 rows=110 width=0)
	        Index Cond: ((k >= 6998872) AND (k <= 6998972))

table 2 : explain SELECT k, c FROM sbtest2 WHERE k BETWEEN 6998872 AND 6998972
	Bitmap Heap Scan on sbtest2  (cost=5.51..420.88 rows=105 width=125)
	  Recheck Cond: ((k >= 6998872) AND (k <= 6998972))
	  ->  Bitmap Index Scan on k_2  (cost=0.00..5.48 rows=105 width=0)
	        Index Cond: ((k >= 6998872) AND (k <= 6998972))

table 3 : explain SELECT k, c FROM sbtest3 WHERE k BETWEEN 6998872 AND 6998972
	Bitmap Heap Scan on sbtest3  (cost=5.48..409.07 rows=102 width=125)
	  Recheck Cond: ((k >= 6998872) AND (k <= 6998972))
	  ->  Bitmap Index Scan on k_3  (cost=0.00..5.45 rows=102 width=0)
	        Index Cond: ((k >= 6998872) AND (k <= 6998972))

table 4 : explain SELECT k, c FROM sbtest4 WHERE k BETWEEN 6998872 AND 6998972
	Bitmap Heap Scan on sbtest4  (cost=5.49..413.00 rows=103 width=125)
	  Recheck Cond: ((k >= 6998872) AND (k <= 6998972))
	  ->  Bitmap Index Scan on k_4  (cost=0.00..5.46 rows=103 width=0)
	        Index Cond: ((k >= 6998872) AND (k <= 6998972))

table 5 : explain SELECT k, c FROM sbtest5 WHERE k BETWEEN 6998872 AND 6998972
	Bitmap Heap Scan on sbtest5  (cost=5.55..436.62 rows=109 width=125)
	  Recheck Cond: ((k >= 6998872) AND (k <= 6998972))
	  ->  Bitmap Index Scan on k_5  (cost=0.00..5.52 rows=109 width=0)
	        Index Cond: ((k >= 6998872) AND (k <= 6998972))

table 6 : explain SELECT k, c FROM sbtest6 WHERE k BETWEEN 6998872 AND 6998972
	Bitmap Heap Scan on sbtest6  (cost=5.43..389.37 rows=97 width=125)
	  Recheck Cond: ((k >= 6998872) AND (k <= 6998972))
	  ->  Bitmap Index Scan on k_6  (cost=0.00..5.40 rows=97 width=0)
	        Index Cond: ((k >= 6998872) AND (k <= 6998972))

table 7 : explain SELECT k, c FROM sbtest7 WHERE k BETWEEN 6998872 AND 6998972
	Bitmap Heap Scan on sbtest7  (cost=5.43..389.37 rows=97 width=125)
	  Recheck Cond: ((k >= 6998872) AND (k <= 6998972))
	  ->  Bitmap Index Scan on k_7  (cost=0.00..5.40 rows=97 width=0)
	        Index Cond: ((k >= 6998872) AND (k <= 6998972))

table 8 : explain SELECT k, c FROM sbtest8 WHERE k BETWEEN 6998872 AND 6998972
	Bitmap Heap Scan on sbtest8  (cost=5.37..365.72 rows=91 width=125)
	  Recheck Cond: ((k >= 6998872) AND (k <= 6998972))
	  ->  Bitmap Index Scan on k_8  (cost=0.00..5.34 rows=91 width=0)
	        Index Cond: ((k >= 6998872) AND (k <= 6998972))

explain: for range-notcovered :: explain SELECT k, c FROM sbtest%d WHERE k BETWEEN 6998872 AND 6998972
for range-notcovered
table 1 : explain SELECT k, c FROM sbtest1 WHERE k BETWEEN 6998872 AND 6998972
	Bitmap Heap Scan on sbtest1  (cost=5.56..440.56 rows=110 width=125)
	  Recheck Cond: ((k >= 6998872) AND (k <= 6998972))
	  ->  Bitmap Index Scan on k_1  (cost=0.00..5.53 rows=110 width=0)
	        Index Cond: ((k >= 6998872) AND (k <= 6998972))

table 2 : explain SELECT k, c FROM sbtest2 WHERE k BETWEEN 6998872 AND 6998972
	Bitmap Heap Scan on sbtest2  (cost=5.51..420.88 rows=105 width=125)
	  Recheck Cond: ((k >= 6998872) AND (k <= 6998972))
	  ->  Bitmap Index Scan on k_2  (cost=0.00..5.48 rows=105 width=0)
	        Index Cond: ((k >= 6998872) AND (k <= 6998972))

table 3 : explain SELECT k, c FROM sbtest3 WHERE k BETWEEN 6998872 AND 6998972
	Bitmap Heap Scan on sbtest3  (cost=5.48..409.07 rows=102 width=125)
	  Recheck Cond: ((k >= 6998872) AND (k <= 6998972))
	  ->  Bitmap Index Scan on k_3  (cost=0.00..5.45 rows=102 width=0)
	        Index Cond: ((k >= 6998872) AND (k <= 6998972))

table 4 : explain SELECT k, c FROM sbtest4 WHERE k BETWEEN 6998872 AND 6998972
	Bitmap Heap Scan on sbtest4  (cost=5.49..413.00 rows=103 width=125)
	  Recheck Cond: ((k >= 6998872) AND (k <= 6998972))
	  ->  Bitmap Index Scan on k_4  (cost=0.00..5.46 rows=103 width=0)
	        Index Cond: ((k >= 6998872) AND (k <= 6998972))

table 5 : explain SELECT k, c FROM sbtest5 WHERE k BETWEEN 6998872 AND 6998972
	Bitmap Heap Scan on sbtest5  (cost=5.55..436.62 rows=109 width=125)
	  Recheck Cond: ((k >= 6998872) AND (k <= 6998972))
	  ->  Bitmap Index Scan on k_5  (cost=0.00..5.52 rows=109 width=0)
	        Index Cond: ((k >= 6998872) AND (k <= 6998972))

table 6 : explain SELECT k, c FROM sbtest6 WHERE k BETWEEN 6998872 AND 6998972
	Bitmap Heap Scan on sbtest6  (cost=5.43..389.37 rows=97 width=125)
	  Recheck Cond: ((k >= 6998872) AND (k <= 6998972))
	  ->  Bitmap Index Scan on k_6  (cost=0.00..5.40 rows=97 width=0)
	        Index Cond: ((k >= 6998872) AND (k <= 6998972))

table 7 : explain SELECT k, c FROM sbtest7 WHERE k BETWEEN 6998872 AND 6998972
	Bitmap Heap Scan on sbtest7  (cost=5.43..389.37 rows=97 width=125)
	  Recheck Cond: ((k >= 6998872) AND (k <= 6998972))
	  ->  Bitmap Index Scan on k_7  (cost=0.00..5.40 rows=97 width=0)
	        Index Cond: ((k >= 6998872) AND (k <= 6998972))

table 8 : explain SELECT k, c FROM sbtest8 WHERE k BETWEEN 6998872 AND 6998972
	Bitmap Heap Scan on sbtest8  (cost=5.37..365.72 rows=91 width=125)
	  Recheck Cond: ((k >= 6998872) AND (k <= 6998972))
	  ->  Bitmap Index Scan on k_8  (cost=0.00..5.34 rows=91 width=0)
	        Index Cond: ((k >= 6998872) AND (k <= 6998972))

explain: for range-notcovered :: explain SELECT k, c FROM sbtest%d WHERE k BETWEEN 6998872 AND 6998972
for range-notcovered
table 1 : explain SELECT k, c FROM sbtest1 WHERE k BETWEEN 4850540 AND 4850640
	Bitmap Heap Scan on sbtest1  (cost=5.48..409.07 rows=102 width=125)
	  Recheck Cond: ((k >= 4850540) AND (k <= 4850640))
	  ->  Bitmap Index Scan on k_1  (cost=0.00..5.45 rows=102 width=0)
	        Index Cond: ((k >= 4850540) AND (k <= 4850640))

table 2 : explain SELECT k, c FROM sbtest2 WHERE k BETWEEN 4850540 AND 4850640
	Bitmap Heap Scan on sbtest2  (cost=5.38..369.67 rows=92 width=125)
	  Recheck Cond: ((k >= 4850540) AND (k <= 4850640))
	  ->  Bitmap Index Scan on k_2  (cost=0.00..5.35 rows=92 width=0)
	        Index Cond: ((k >= 4850540) AND (k <= 4850640))

table 3 : explain SELECT k, c FROM sbtest3 WHERE k BETWEEN 4850540 AND 4850640
	Bitmap Heap Scan on sbtest3  (cost=5.47..405.13 rows=101 width=125)
	  Recheck Cond: ((k >= 4850540) AND (k <= 4850640))
	  ->  Bitmap Index Scan on k_3  (cost=0.00..5.44 rows=101 width=0)
	        Index Cond: ((k >= 4850540) AND (k <= 4850640))

table 4 : explain SELECT k, c FROM sbtest4 WHERE k BETWEEN 4850540 AND 4850640
	Bitmap Heap Scan on sbtest4  (cost=5.46..401.19 rows=100 width=125)
	  Recheck Cond: ((k >= 4850540) AND (k <= 4850640))
	  ->  Bitmap Index Scan on k_4  (cost=0.00..5.43 rows=100 width=0)
	        Index Cond: ((k >= 4850540) AND (k <= 4850640))

table 5 : explain SELECT k, c FROM sbtest5 WHERE k BETWEEN 4850540 AND 4850640
	Bitmap Heap Scan on sbtest5  (cost=5.39..373.61 rows=93 width=125)
	  Recheck Cond: ((k >= 4850540) AND (k <= 4850640))
	  ->  Bitmap Index Scan on k_5  (cost=0.00..5.36 rows=93 width=0)
	        Index Cond: ((k >= 4850540) AND (k <= 4850640))

table 6 : explain SELECT k, c FROM sbtest6 WHERE k BETWEEN 4850540 AND 4850640
	Bitmap Heap Scan on sbtest6  (cost=5.51..420.88 rows=105 width=125)
	  Recheck Cond: ((k >= 4850540) AND (k <= 4850640))
	  ->  Bitmap Index Scan on k_6  (cost=0.00..5.48 rows=105 width=0)
	        Index Cond: ((k >= 4850540) AND (k <= 4850640))

table 7 : explain SELECT k, c FROM sbtest7 WHERE k BETWEEN 4850540 AND 4850640
	Bitmap Heap Scan on sbtest7  (cost=5.47..405.13 rows=101 width=125)
	  Recheck Cond: ((k >= 4850540) AND (k <= 4850640))
	  ->  Bitmap Index Scan on k_7  (cost=0.00..5.44 rows=101 width=0)
	        Index Cond: ((k >= 4850540) AND (k <= 4850640))

table 8 : explain SELECT k, c FROM sbtest8 WHERE k BETWEEN 4850540 AND 4850640
	Bitmap Heap Scan on sbtest8  (cost=5.54..432.69 rows=108 width=125)
	  Recheck Cond: ((k >= 4850540) AND (k <= 4850640))
	  ->  Bitmap Index Scan on k_8  (cost=0.00..5.51 rows=108 width=0)
	        Index Cond: ((k >= 4850540) AND (k <= 4850640))

explain: for range-notcovered :: explain SELECT k, c FROM sbtest%d WHERE k BETWEEN 4850540 AND 4850640
for range-notcovered
table 1 : explain SELECT k, c FROM sbtest1 WHERE k BETWEEN 6998872 AND 6998972
	Bitmap Heap Scan on sbtest1  (cost=5.56..440.56 rows=110 width=125)
	  Recheck Cond: ((k >= 6998872) AND (k <= 6998972))
	  ->  Bitmap Index Scan on k_1  (cost=0.00..5.53 rows=110 width=0)
	        Index Cond: ((k >= 6998872) AND (k <= 6998972))

table 2 : explain SELECT k, c FROM sbtest2 WHERE k BETWEEN 6998872 AND 6998972
	Bitmap Heap Scan on sbtest2  (cost=5.51..420.88 rows=105 width=125)
	  Recheck Cond: ((k >= 6998872) AND (k <= 6998972))
	  ->  Bitmap Index Scan on k_2  (cost=0.00..5.48 rows=105 width=0)
	        Index Cond: ((k >= 6998872) AND (k <= 6998972))

table 3 : explain SELECT k, c FROM sbtest3 WHERE k BETWEEN 6998872 AND 6998972
	Bitmap Heap Scan on sbtest3  (cost=5.48..409.07 rows=102 width=125)
	  Recheck Cond: ((k >= 6998872) AND (k <= 6998972))
	  ->  Bitmap Index Scan on k_3  (cost=0.00..5.45 rows=102 width=0)
	        Index Cond: ((k >= 6998872) AND (k <= 6998972))

table 4 : explain SELECT k, c FROM sbtest4 WHERE k BETWEEN 6998872 AND 6998972
	Bitmap Heap Scan on sbtest4  (cost=5.49..413.00 rows=103 width=125)
	  Recheck Cond: ((k >= 6998872) AND (k <= 6998972))
	  ->  Bitmap Index Scan on k_4  (cost=0.00..5.46 rows=103 width=0)
	        Index Cond: ((k >= 6998872) AND (k <= 6998972))

table 5 : explain SELECT k, c FROM sbtest5 WHERE k BETWEEN 6998872 AND 6998972
	Bitmap Heap Scan on sbtest5  (cost=5.55..436.62 rows=109 width=125)
	  Recheck Cond: ((k >= 6998872) AND (k <= 6998972))
	  ->  Bitmap Index Scan on k_5  (cost=0.00..5.52 rows=109 width=0)
	        Index Cond: ((k >= 6998872) AND (k <= 6998972))

table 6 : explain SELECT k, c FROM sbtest6 WHERE k BETWEEN 6998872 AND 6998972
	Bitmap Heap Scan on sbtest6  (cost=5.43..389.37 rows=97 width=125)
	  Recheck Cond: ((k >= 6998872) AND (k <= 6998972))
	  ->  Bitmap Index Scan on k_6  (cost=0.00..5.40 rows=97 width=0)
	        Index Cond: ((k >= 6998872) AND (k <= 6998972))

table 7 : explain SELECT k, c FROM sbtest7 WHERE k BETWEEN 6998872 AND 6998972
	Bitmap Heap Scan on sbtest7  (cost=5.43..389.37 rows=97 width=125)
	  Recheck Cond: ((k >= 6998872) AND (k <= 6998972))
	  ->  Bitmap Index Scan on k_7  (cost=0.00..5.40 rows=97 width=0)
	        Index Cond: ((k >= 6998872) AND (k <= 6998972))

table 8 : explain SELECT k, c FROM sbtest8 WHERE k BETWEEN 6998872 AND 6998972
	Bitmap Heap Scan on sbtest8  (cost=5.37..365.72 rows=91 width=125)
	  Recheck Cond: ((k >= 6998872) AND (k <= 6998972))
	  ->  Bitmap Index Scan on k_8  (cost=0.00..5.34 rows=91 width=0)
	        Index Cond: ((k >= 6998872) AND (k <= 6998972))

for range-notcovered
table 1 : explain SELECT k, c FROM sbtest1 WHERE k BETWEEN 4850540 AND 4850640
	Bitmap Heap Scan on sbtest1  (cost=5.48..409.07 rows=102 width=125)
	  Recheck Cond: ((k >= 4850540) AND (k <= 4850640))
	  ->  Bitmap Index Scan on k_1  (cost=0.00..5.45 rows=102 width=0)
	        Index Cond: ((k >= 4850540) AND (k <= 4850640))

table 2 : explain SELECT k, c FROM sbtest2 WHERE k BETWEEN 4850540 AND 4850640
	Bitmap Heap Scan on sbtest2  (cost=5.38..369.67 rows=92 width=125)
	  Recheck Cond: ((k >= 4850540) AND (k <= 4850640))
	  ->  Bitmap Index Scan on k_2  (cost=0.00..5.35 rows=92 width=0)
	        Index Cond: ((k >= 4850540) AND (k <= 4850640))

table 3 : explain SELECT k, c FROM sbtest3 WHERE k BETWEEN 4850540 AND 4850640
	Bitmap Heap Scan on sbtest3  (cost=5.47..405.13 rows=101 width=125)
	  Recheck Cond: ((k >= 4850540) AND (k <= 4850640))
	  ->  Bitmap Index Scan on k_3  (cost=0.00..5.44 rows=101 width=0)
	        Index Cond: ((k >= 4850540) AND (k <= 4850640))

table 4 : explain SELECT k, c FROM sbtest4 WHERE k BETWEEN 4850540 AND 4850640
	Bitmap Heap Scan on sbtest4  (cost=5.46..401.19 rows=100 width=125)
	  Recheck Cond: ((k >= 4850540) AND (k <= 4850640))
	  ->  Bitmap Index Scan on k_4  (cost=0.00..5.43 rows=100 width=0)
	        Index Cond: ((k >= 4850540) AND (k <= 4850640))

table 5 : explain SELECT k, c FROM sbtest5 WHERE k BETWEEN 4850540 AND 4850640
	Bitmap Heap Scan on sbtest5  (cost=5.39..373.61 rows=93 width=125)
	  Recheck Cond: ((k >= 4850540) AND (k <= 4850640))
	  ->  Bitmap Index Scan on k_5  (cost=0.00..5.36 rows=93 width=0)
	        Index Cond: ((k >= 4850540) AND (k <= 4850640))

table 6 : explain SELECT k, c FROM sbtest6 WHERE k BETWEEN 4850540 AND 4850640
	Bitmap Heap Scan on sbtest6  (cost=5.51..420.88 rows=105 width=125)
	  Recheck Cond: ((k >= 4850540) AND (k <= 4850640))
	  ->  Bitmap Index Scan on k_6  (cost=0.00..5.48 rows=105 width=0)
	        Index Cond: ((k >= 4850540) AND (k <= 4850640))

table 7 : explain SELECT k, c FROM sbtest7 WHERE k BETWEEN 4850540 AND 4850640
	Bitmap Heap Scan on sbtest7  (cost=5.47..405.13 rows=101 width=125)
	  Recheck Cond: ((k >= 4850540) AND (k <= 4850640))
	  ->  Bitmap Index Scan on k_7  (cost=0.00..5.44 rows=101 width=0)
	        Index Cond: ((k >= 4850540) AND (k <= 4850640))

table 8 : explain SELECT k, c FROM sbtest8 WHERE k BETWEEN 4850540 AND 4850640
	Bitmap Heap Scan on sbtest8  (cost=5.54..432.69 rows=108 width=125)
	  Recheck Cond: ((k >= 4850540) AND (k <= 4850640))
	  ->  Bitmap Index Scan on k_8  (cost=0.00..5.51 rows=108 width=0)
	        Index Cond: ((k >= 4850540) AND (k <= 4850640))

Threads started!

Warming up for 5 seconds...

SQL statistics:
    queries performed:
        read:                            104199699
        write:                           0
        other:                           0
        total:                           104199699
    transactions:                        104199699 (165394.80 per sec.)
    queries:                             104199699 (165394.80 per sec.)
    ignored errors:                      0      (0.00 per sec.)
    reconnects:                          0      (0.00 per sec.)

Throughput:
    events/s (eps):                      165394.7951
    time elapsed:                        630.0060s
    total number of events:              104199699

Latency (ms):
         min:                                    0.07
         avg:                                    0.24
         max:                                   16.36
         95th percentile:                        0.28
         sum:                             25158370.82

Threads fairness:
    events (avg/stddev):           2604989.8250/6927.95
    execution time (avg/stddev):   628.9593/0.02

