LUA_PATH=/home/mdcallag/git/mytools/bench/sysbench.lua/lua/?.lua /home/mdcallag/git/mytools/bench/sysbench.lua/lua/sysbench --db-driver=pgsql --range-size=10 --table-size=10000000 --tables=8 --threads=40 --events=0 --warmup-time=5 --time=930 --pgsql_conn_id=true /home/mdcallag/git/mytools/bench/sysbench.lua/lua/oltp_read_write.lua run --pgsql-user=root --pgsql-password=pw --pgsql-host=127.0.0.1 --pgsql-db=ib --rand-type=uniform
48 CPUs
sysbench 1.1.0-9072687 (using bundled LuaJIT 2.1.0-beta3)

Running the test with following options:
Number of threads: 40
Warmup time: 5s
Initializing random number generator from current time


Initializing worker threads...

explain: for point_selects :: explain SELECT c FROM sbtest%u WHERE id=%u
explain: for point_selects :: explain SELECT c FROM sbtest%u WHERE id=%u
explain: for point_selects :: explain SELECT c FROM sbtest%u WHERE id=%u
explain: for point_selects :: explain SELECT c FROM sbtest%u WHERE id=%u
explain: for point_selects :: explain SELECT c FROM sbtest%u WHERE id=%u
for point_selects
table 1 : explain SELECT c FROM sbtest1 WHERE id=4611388
	Index Scan using sbtest1_pkey on sbtest1  (cost=0.43..8.45 rows=1 width=121)
	  Index Cond: (id = 4611388)

table 2 : explain SELECT c FROM sbtest2 WHERE id=4406561
	Index Scan using sbtest2_pkey on sbtest2  (cost=0.43..8.45 rows=1 width=121)
	  Index Cond: (id = 4406561)

table 3 : explain SELECT c FROM sbtest3 WHERE id=4139775
	Index Scan using sbtest3_pkey on sbtest3  (cost=0.43..8.45 rows=1 width=121)
	  Index Cond: (id = 4139775)

table 4 : explain SELECT c FROM sbtest4 WHERE id=7437962
	Index Scan using sbtest4_pkey on sbtest4  (cost=0.43..8.45 rows=1 width=121)
	  Index Cond: (id = 7437962)

table 5 : explain SELECT c FROM sbtest5 WHERE id=2615770
	Index Scan using sbtest5_pkey on sbtest5  (cost=0.43..8.45 rows=1 width=121)
	  Index Cond: (id = 2615770)

table 6 : explain SELECT c FROM sbtest6 WHERE id=6772324
	Index Scan using sbtest6_pkey on sbtest6  (cost=0.43..8.45 rows=1 width=121)
	  Index Cond: (id = 6772324)

table 7 : explain SELECT c FROM sbtest7 WHERE id=8418037
	Index Scan using sbtest7_pkey on sbtest7  (cost=0.43..8.45 rows=1 width=121)
	  Index Cond: (id = 8418037)

table 8 : explain SELECT c FROM sbtest8 WHERE id=3000655
	Index Scan using sbtest8_pkey on sbtest8  (cost=0.43..8.45 rows=1 width=121)
	  Index Cond: (id = 3000655)

for point_selects
table 1 : explain SELECT c FROM sbtest1 WHERE id=9576919
	Index Scan using sbtest1_pkey on sbtest1  (cost=0.43..8.45 rows=1 width=121)
	  Index Cond: (id = 9576919)

table 2 : explain SELECT c FROM sbtest2 WHERE id=1166321
	Index Scan using sbtest2_pkey on sbtest2  (cost=0.43..8.45 rows=1 width=121)
	  Index Cond: (id = 1166321)

table 3 : explain SELECT c FROM sbtest3 WHERE id=9790167
	Index Scan using sbtest3_pkey on sbtest3  (cost=0.43..8.45 rows=1 width=121)
	  Index Cond: (id = 9790167)

table 4 : explain SELECT c FROM sbtest4 WHERE id=6126151
	Index Scan using sbtest4_pkey on sbtest4  (cost=0.43..8.45 rows=1 width=121)
	  Index Cond: (id = 6126151)

table 5 : explain SELECT c FROM sbtest5 WHERE id=7903821
	Index Scan using sbtest5_pkey on sbtest5  (cost=0.43..8.45 rows=1 width=121)
	  Index Cond: (id = 7903821)

table 6 : explain SELECT c FROM sbtest6 WHERE id=6574619
	Index Scan using sbtest6_pkey on sbtest6  (cost=0.43..8.45 rows=1 width=121)
	  Index Cond: (id = 6574619)

table 7 : explain SELECT c FROM sbtest7 WHERE id=8252990
	Index Scan using sbtest7_pkey on sbtest7  (cost=0.43..8.45 rows=1 width=121)
	  Index Cond: (id = 8252990)

table 8 : explain SELECT c FROM sbtest8 WHERE id=849666
	Index Scan using sbtest8_pkey on sbtest8  (cost=0.43..8.45 rows=1 width=121)
	  Index Cond: (id = 849666)

for: simple_ranges
table 1 : explain SELECT c FROM sbtest1 WHERE id BETWEEN 9794266 AND 9794275
	Index Scan using sbtest1_pkey on sbtest1  (cost=0.43..42.71 rows=11 width=121)
	  Index Cond: ((id >= 9794266) AND (id <= 9794275))

table 2 : explain SELECT c FROM sbtest2 WHERE id BETWEEN 2402318 AND 2402327
	Index Scan using sbtest2_pkey on sbtest2  (cost=0.43..39.18 rows=10 width=121)
	  Index Cond: ((id >= 2402318) AND (id <= 2402327))

table 3 : explain SELECT c FROM sbtest3 WHERE id BETWEEN 9978964 AND 9978973
	Index Scan using sbtest3_pkey on sbtest3  (cost=0.43..42.53 rows=11 width=121)
	  Index Cond: ((id >= 9978964) AND (id <= 9978973))

table 4 : explain SELECT c FROM sbtest4 WHERE id BETWEEN 5097820 AND 5097829
	Index Scan using sbtest4_pkey on sbtest4  (cost=0.43..38.83 rows=10 width=121)
	  Index Cond: ((id >= 5097820) AND (id <= 5097829))

table 5 : explain SELECT c FROM sbtest5 WHERE id BETWEEN 2891322 AND 2891331
	Index Scan using sbtest5_pkey on sbtest5  (cost=0.43..38.71 rows=10 width=121)
	  Index Cond: ((id >= 2891322) AND (id <= 2891331))

table 6 : explain SELECT c FROM sbtest6 WHERE id BETWEEN 1529210 AND 1529219
	Index Scan using sbtest6_pkey on sbtest6  (cost=0.43..38.66 rows=10 width=121)
	  Index Cond: ((id >= 1529210) AND (id <= 1529219))

table 7 : explain SELECT c FROM sbtest7 WHERE id BETWEEN 9763669 AND 9763678
	Index Scan using sbtest7_pkey on sbtest7  (cost=0.43..38.82 rows=10 width=121)
	  Index Cond: ((id >= 9763669) AND (id <= 9763678))

table 8 : explain SELECT c FROM sbtest8 WHERE id BETWEEN 884241 AND 884250
	Index Scan using sbtest8_pkey on sbtest8  (cost=0.43..38.69 rows=10 width=121)
	  Index Cond: ((id >= 884241) AND (id <= 884250))

for: simple_ranges
table 1 : explain SELECT c FROM sbtest1 WHERE id BETWEEN 6283304 AND 6283313
	Index Scan using sbtest1_pkey on sbtest1  (cost=0.43..35.86 rows=9 width=121)
	  Index Cond: ((id >= 6283304) AND (id <= 6283313))

table 2 : explain SELECT c FROM sbtest2 WHERE id BETWEEN 1240574 AND 1240583
	Index Scan using sbtest2_pkey on sbtest2  (cost=0.43..39.18 rows=10 width=121)
	  Index Cond: ((id >= 1240574) AND (id <= 1240583))

table 3 : explain SELECT c FROM sbtest3 WHERE id BETWEEN 6936027 AND 6936036
	Index Scan using sbtest3_pkey on sbtest3  (cost=0.43..39.13 rows=10 width=121)
	  Index Cond: ((id >= 6936027) AND (id <= 6936036))

table 4 : explain SELECT c FROM sbtest4 WHERE id BETWEEN 275269 AND 275278
	Index Scan using sbtest4_pkey on sbtest4  (cost=0.43..35.46 rows=9 width=121)
	  Index Cond: ((id >= 275269) AND (id <= 275278))

table 5 : explain SELECT c FROM sbtest5 WHERE id BETWEEN 2498457 AND 2498466
	Index Scan using sbtest5_pkey on sbtest5  (cost=0.43..38.71 rows=10 width=121)
	  Index Cond: ((id >= 2498457) AND (id <= 2498466))

table 6 : explain SELECT c FROM sbtest6 WHERE id BETWEEN 9713889 AND 9713898
	Index Scan using sbtest6_pkey on sbtest6  (cost=0.43..42.02 rows=11 width=121)
	  Index Cond: ((id >= 9713889) AND (id <= 9713898))

table 7 : explain SELECT c FROM sbtest7 WHERE id BETWEEN 8726892 AND 8726901
	Index Scan using sbtest7_pkey on sbtest7  (cost=0.43..35.45 rows=9 width=121)
	  Index Cond: ((id >= 8726892) AND (id <= 8726901))

table 8 : explain SELECT c FROM sbtest8 WHERE id BETWEEN 2070040 AND 2070049
	Index Scan using sbtest8_pkey on sbtest8  (cost=0.43..35.33 rows=9 width=121)
	  Index Cond: ((id >= 2070040) AND (id <= 2070049))

for: sum_ranges
table 1 : explain SELECT SUM(k) FROM sbtest1 WHERE id BETWEEN 3455170 AND 3455179
	Aggregate  (cost=35.88..35.89 rows=1 width=8)
	  ->  Index Scan using sbtest1_pkey on sbtest1  (cost=0.43..35.86 rows=9 width=4)
	        Index Cond: ((id >= 3455170) AND (id <= 3455179))

table 2 : explain SELECT SUM(k) FROM sbtest2 WHERE id BETWEEN 4845328 AND 4845337
	Aggregate  (cost=39.20..39.21 rows=1 width=8)
	  ->  Index Scan using sbtest2_pkey on sbtest2  (cost=0.43..39.18 rows=10 width=4)
	        Index Cond: ((id >= 4845328) AND (id <= 4845337))

table 3 : explain SELECT SUM(k) FROM sbtest3 WHERE id BETWEEN 5681221 AND 5681230
	Aggregate  (cost=35.74..35.75 rows=1 width=8)
	  ->  Index Scan using sbtest3_pkey on sbtest3  (cost=0.43..35.72 rows=9 width=4)
	        Index Cond: ((id >= 5681221) AND (id <= 5681230))

table 4 : explain SELECT SUM(k) FROM sbtest4 WHERE id BETWEEN 317412 AND 317421
	Aggregate  (cost=35.48..35.49 rows=1 width=8)
	  ->  Index Scan using sbtest4_pkey on sbtest4  (cost=0.43..35.46 rows=9 width=4)
	        Index Cond: ((id >= 317412) AND (id <= 317421))

table 5 : explain SELECT SUM(k) FROM sbtest5 WHERE id BETWEEN 6896517 AND 6896526
	Aggregate  (cost=35.37..35.38 rows=1 width=8)
	  ->  Index Scan using sbtest5_pkey on sbtest5  (cost=0.43..35.35 rows=9 width=4)
	        Index Cond: ((id >= 6896517) AND (id <= 6896526))

table 6 : explain SELECT SUM(k) FROM sbtest6 WHERE id BETWEEN 1887752 AND 1887761
	Aggregate  (cost=38.69..38.70 rows=1 width=8)
	  ->  Index Scan using sbtest6_pkey on sbtest6  (cost=0.43..38.66 rows=10 width=4)
	        Index Cond: ((id >= 1887752) AND (id <= 1887761))

table 7 : explain SELECT SUM(k) FROM sbtest7 WHERE id BETWEEN 5618178 AND 5618187
	Aggregate  (cost=38.85..38.86 rows=1 width=8)
	  ->  Index Scan using sbtest7_pkey on sbtest7  (cost=0.43..38.82 rows=10 width=4)
	        Index Cond: ((id >= 5618178) AND (id <= 5618187))

table 8 : explain SELECT SUM(k) FROM sbtest8 WHERE id BETWEEN 5109702 AND 5109711
	Aggregate  (cost=35.35..35.36 rows=1 width=8)
	  ->  Index Scan using sbtest8_pkey on sbtest8  (cost=0.43..35.33 rows=9 width=4)
	        Index Cond: ((id >= 5109702) AND (id <= 5109711))

for: sum_ranges
table 1 : explain SELECT SUM(k) FROM sbtest1 WHERE id BETWEEN 5681987 AND 5681996
	Aggregate  (cost=39.31..39.32 rows=1 width=8)
	  ->  Index Scan using sbtest1_pkey on sbtest1  (cost=0.43..39.28 rows=10 width=4)
	        Index Cond: ((id >= 5681987) AND (id <= 5681996))

table 2 : explain SELECT SUM(k) FROM sbtest2 WHERE id BETWEEN 8811850 AND 8811859
	Aggregate  (cost=39.20..39.21 rows=1 width=8)
	  ->  Index Scan using sbtest2_pkey on sbtest2  (cost=0.43..39.18 rows=10 width=4)
	        Index Cond: ((id >= 8811850) AND (id <= 8811859))

table 3 : explain SELECT SUM(k) FROM sbtest3 WHERE id BETWEEN 2850676 AND 2850685
	Aggregate  (cost=39.15..39.16 rows=1 width=8)
	  ->  Index Scan using sbtest3_pkey on sbtest3  (cost=0.43..39.13 rows=10 width=4)
	        Index Cond: ((id >= 2850676) AND (id <= 2850685))

table 4 : explain SELECT SUM(k) FROM sbtest4 WHERE id BETWEEN 8421644 AND 8421653
	Aggregate  (cost=38.86..38.87 rows=1 width=8)
	  ->  Index Scan using sbtest4_pkey on sbtest4  (cost=0.43..38.83 rows=10 width=4)
	        Index Cond: ((id >= 8421644) AND (id <= 8421653))

table 5 : explain SELECT SUM(k) FROM sbtest5 WHERE id BETWEEN 9408755 AND 9408764
	Aggregate  (cost=38.73..38.74 rows=1 width=8)
	  ->  Index Scan using sbtest5_pkey on sbtest5  (cost=0.43..38.71 rows=10 width=4)
	        Index Cond: ((id >= 9408755) AND (id <= 9408764))

table 6 : explain SELECT SUM(k) FROM sbtest6 WHERE id BETWEEN 4096050 AND 4096059
	Aggregate  (cost=38.69..38.70 rows=1 width=8)
	  ->  Index Scan using sbtest6_pkey on sbtest6  (cost=0.43..38.66 rows=10 width=4)
	        Index Cond: ((id >= 4096050) AND (id <= 4096059))

table 7 : explain SELECT SUM(k) FROM sbtest7 WHERE id BETWEEN 8389572 AND 8389581
	Aggregate  (cost=42.22..42.23 rows=1 width=8)
	  ->  Index Scan using sbtest7_pkey on sbtest7  (cost=0.43..42.19 rows=11 width=4)
	        Index Cond: ((id >= 8389572) AND (id <= 8389581))

table 8 : explain SELECT SUM(k) FROM sbtest8 WHERE id BETWEEN 1688012 AND 1688021
	Aggregate  (cost=38.71..38.72 rows=1 width=8)
	  ->  Index Scan using sbtest8_pkey on sbtest8  (cost=0.43..38.69 rows=10 width=4)
	        Index Cond: ((id >= 1688012) AND (id <= 1688021))

for point_selects
table 1 : explain SELECT c FROM sbtest1 WHERE id=8938935
	Index Scan using sbtest1_pkey on sbtest1  (cost=0.43..8.45 rows=1 width=121)
	  Index Cond: (id = 8938935)

table 2 : explain SELECT c FROM sbtest2 WHERE id=4628836
	Index Scan using sbtest2_pkey on sbtest2  (cost=0.43..8.45 rows=1 width=121)
	  Index Cond: (id = 4628836)

table 3 : explain SELECT c FROM sbtest3 WHERE id=590303
	Index Scan using sbtest3_pkey on sbtest3  (cost=0.43..8.45 rows=1 width=121)
	  Index Cond: (id = 590303)

table 4 : explain SELECT c FROM sbtest4 WHERE id=829526
	Index Scan using sbtest4_pkey on sbtest4  (cost=0.43..8.45 rows=1 width=121)
	  Index Cond: (id = 829526)

table 5 : explain SELECT c FROM sbtest5 WHERE id=1081468
	Index Scan using sbtest5_pkey on sbtest5  (cost=0.43..8.45 rows=1 width=121)
	  Index Cond: (id = 1081468)

table 6 : explain SELECT c FROM sbtest6 WHERE id=4077886
	Index Scan using sbtest6_pkey on sbtest6  (cost=0.43..8.45 rows=1 width=121)
	  Index Cond: (id = 4077886)

table 7 : explain SELECT c FROM sbtest7 WHERE id=5061453
	Index Scan using sbtest7_pkey on sbtest7  (cost=0.43..8.45 rows=1 width=121)
	  Index Cond: (id = 5061453)

table 8 : explain SELECT c FROM sbtest8 WHERE id=6705281
	Index Scan using sbtest8_pkey on sbtest8  (cost=0.43..8.45 rows=1 width=121)
	  Index Cond: (id = 6705281)

for point_selects
table 1 : explain SELECT c FROM sbtest1 WHERE id=4750471
	Index Scan using sbtest1_pkey on sbtest1  (cost=0.43..8.45 rows=1 width=121)
	  Index Cond: (id = 4750471)

table 2 : explain SELECT c FROM sbtest2 WHERE id=9997640
	Index Scan using sbtest2_pkey on sbtest2  (cost=0.43..8.45 rows=1 width=121)
	  Index Cond: (id = 9997640)

table 3 : explain SELECT c FROM sbtest3 WHERE id=7001798
	Index Scan using sbtest3_pkey on sbtest3  (cost=0.43..8.45 rows=1 width=121)
	  Index Cond: (id = 7001798)

table 4 : explain SELECT c FROM sbtest4 WHERE id=9160703
	Index Scan using sbtest4_pkey on sbtest4  (cost=0.43..8.45 rows=1 width=121)
	  Index Cond: (id = 9160703)

table 5 : explain SELECT c FROM sbtest5 WHERE id=5105900
	Index Scan using sbtest5_pkey on sbtest5  (cost=0.43..8.45 rows=1 width=121)
	  Index Cond: (id = 5105900)

table 6 : explain SELECT c FROM sbtest6 WHERE id=8622908
	Index Scan using sbtest6_pkey on sbtest6  (cost=0.43..8.45 rows=1 width=121)
	  Index Cond: (id = 8622908)

table 7 : explain SELECT c FROM sbtest7 WHERE id=7687722
	Index Scan using sbtest7_pkey on sbtest7  (cost=0.43..8.45 rows=1 width=121)
	  Index Cond: (id = 7687722)

table 8 : explain SELECT c FROM sbtest8 WHERE id=6685030
	Index Scan using sbtest8_pkey on sbtest8  (cost=0.43..8.45 rows=1 width=121)
	  Index Cond: (id = 6685030)

for point_selects
table 1 : explain SELECT c FROM sbtest1 WHERE id=2296915
	Index Scan using sbtest1_pkey on sbtest1  (cost=0.43..8.45 rows=1 width=121)
	  Index Cond: (id = 2296915)

table 2 : explain SELECT c FROM sbtest2 WHERE id=3413454
	Index Scan using sbtest2_pkey on sbtest2  (cost=0.43..8.45 rows=1 width=121)
	  Index Cond: (id = 3413454)

table 3 : explain SELECT c FROM sbtest3 WHERE id=664593
	Index Scan using sbtest3_pkey on sbtest3  (cost=0.43..8.45 rows=1 width=121)
	  Index Cond: (id = 664593)

table 4 : explain SELECT c FROM sbtest4 WHERE id=5518275
	Index Scan using sbtest4_pkey on sbtest4  (cost=0.43..8.45 rows=1 width=121)
	  Index Cond: (id = 5518275)

table 5 : explain SELECT c FROM sbtest5 WHERE id=7752157
	Index Scan using sbtest5_pkey on sbtest5  (cost=0.43..8.45 rows=1 width=121)
	  Index Cond: (id = 7752157)

table 6 : explain SELECT c FROM sbtest6 WHERE id=176432
	Index Scan using sbtest6_pkey on sbtest6  (cost=0.43..8.45 rows=1 width=121)
	  Index Cond: (id = 176432)

table 7 : explain SELECT c FROM sbtest7 WHERE id=4207793
	Index Scan using sbtest7_pkey on sbtest7  (cost=0.43..8.45 rows=1 width=121)
	  Index Cond: (id = 4207793)

table 8 : explain SELECT c FROM sbtest8 WHERE id=4046723
	Index Scan using sbtest8_pkey on sbtest8  (cost=0.43..8.45 rows=1 width=121)
	  Index Cond: (id = 4046723)

for: simple_ranges
table 1 : explain SELECT c FROM sbtest1 WHERE id BETWEEN 5818468 AND 5818477
	Index Scan using sbtest1_pkey on sbtest1  (cost=0.43..42.71 rows=11 width=121)
	  Index Cond: ((id >= 5818468) AND (id <= 5818477))

table 2 : explain SELECT c FROM sbtest2 WHERE id BETWEEN 1733706 AND 1733715
	Index Scan using sbtest2_pkey on sbtest2  (cost=0.43..39.18 rows=10 width=121)
	  Index Cond: ((id >= 1733706) AND (id <= 1733715))

table 3 : explain SELECT c FROM sbtest3 WHERE id BETWEEN 1486307 AND 1486316
	Index Scan using sbtest3_pkey on sbtest3  (cost=0.43..39.13 rows=10 width=121)
	  Index Cond: ((id >= 1486307) AND (id <= 1486316))

table 4 : explain SELECT c FROM sbtest4 WHERE id BETWEEN 238631 AND 238640
	Index Scan using sbtest4_pkey on sbtest4  (cost=0.43..35.46 rows=9 width=121)
	  Index Cond: ((id >= 238631) AND (id <= 238640))

table 5 : explain SELECT c FROM sbtest5 WHERE id BETWEEN 3581439 AND 3581448
	Index Scan using sbtest5_pkey on sbtest5  (cost=0.43..38.71 rows=10 width=121)
	  Index Cond: ((id >= 3581439) AND (id <= 3581448))

table 6 : explain SELECT c FROM sbtest6 WHERE id BETWEEN 2333206 AND 2333215
	Index Scan using sbtest6_pkey on sbtest6  (cost=0.43..42.02 rows=11 width=121)
	  Index Cond: ((id >= 2333206) AND (id <= 2333215))

table 7 : explain SELECT c FROM sbtest7 WHERE id BETWEEN 2531429 AND 2531438
	Index Scan using sbtest7_pkey on sbtest7  (cost=0.43..38.82 rows=10 width=121)
	  Index Cond: ((id >= 2531429) AND (id <= 2531438))

table 8 : explain SELECT c FROM sbtest8 WHERE id BETWEEN 4054411 AND 4054420
	Index Scan using sbtest8_pkey on sbtest8  (cost=0.43..38.69 rows=10 width=121)
	  Index Cond: ((id >= 4054411) AND (id <= 4054420))

explain: for point_selects :: explain SELECT c FROM sbtest%u WHERE id=%u
for: simple_ranges
table 1 : explain SELECT c FROM sbtest1 WHERE id BETWEEN 2371853 AND 2371862
	Index Scan using sbtest1_pkey on sbtest1  (cost=0.43..39.28 rows=10 width=121)
	  Index Cond: ((id >= 2371853) AND (id <= 2371862))

table 2 : explain SELECT c FROM sbtest2 WHERE id BETWEEN 2637935 AND 2637944
	Index Scan using sbtest2_pkey on sbtest2  (cost=0.43..42.59 rows=11 width=121)
	  Index Cond: ((id >= 2637935) AND (id <= 2637944))

table 3 : explain SELECT c FROM sbtest3 WHERE id BETWEEN 7985145 AND 7985154
	Index Scan using sbtest3_pkey on sbtest3  (cost=0.43..39.13 rows=10 width=121)
	  Index Cond: ((id >= 7985145) AND (id <= 7985154))

table 4 : explain SELECT c FROM sbtest4 WHERE id BETWEEN 7789863 AND 7789872
	Index Scan using sbtest4_pkey on sbtest4  (cost=0.43..38.83 rows=10 width=121)
	  Index Cond: ((id >= 7789863) AND (id <= 7789872))

table 5 : explain SELECT c FROM sbtest5 WHERE id BETWEEN 6729274 AND 6729283
	Index Scan using sbtest5_pkey on sbtest5  (cost=0.43..42.07 rows=11 width=121)
	  Index Cond: ((id >= 6729274) AND (id <= 6729283))

table 6 : explain SELECT c FROM sbtest6 WHERE id BETWEEN 1894747 AND 1894756
	Index Scan using sbtest6_pkey on sbtest6  (cost=0.43..38.66 rows=10 width=121)
	  Index Cond: ((id >= 1894747) AND (id <= 1894756))

table 7 : explain SELECT c FROM sbtest7 WHERE id BETWEEN 5460245 AND 5460254
	Index Scan using sbtest7_pkey on sbtest7  (cost=0.43..38.82 rows=10 width=121)
	  Index Cond: ((id >= 5460245) AND (id <= 5460254))

table 8 : explain SELECT c FROM sbtest8 WHERE id BETWEEN 2596732 AND 2596741
	Index Scan using sbtest8_pkey on sbtest8  (cost=0.43..35.33 rows=9 width=121)
	  Index Cond: ((id >= 2596732) AND (id <= 2596741))

for: simple_ranges
table 1 : explain SELECT c FROM sbtest1 WHERE id BETWEEN 7041352 AND 7041361
	Index Scan using sbtest1_pkey on sbtest1  (cost=0.43..39.28 rows=10 width=121)
	  Index Cond: ((id >= 7041352) AND (id <= 7041361))

table 2 : explain SELECT c FROM sbtest2 WHERE id BETWEEN 7161958 AND 7161967
	Index Scan using sbtest2_pkey on sbtest2  (cost=0.43..35.76 rows=9 width=121)
	  Index Cond: ((id >= 7161958) AND (id <= 7161967))

table 3 : explain SELECT c FROM sbtest3 WHERE id BETWEEN 6584114 AND 6584123
	Index Scan using sbtest3_pkey on sbtest3  (cost=0.43..35.72 rows=9 width=121)
	  Index Cond: ((id >= 6584114) AND (id <= 6584123))

table 4 : explain SELECT c FROM sbtest4 WHERE id BETWEEN 4538265 AND 4538274
	Index Scan using sbtest4_pkey on sbtest4  (cost=0.43..35.46 rows=9 width=121)
	  Index Cond: ((id >= 4538265) AND (id <= 4538274))

table 5 : explain SELECT c FROM sbtest5 WHERE id BETWEEN 8212062 AND 8212071
	Index Scan using sbtest5_pkey on sbtest5  (cost=0.43..38.71 rows=10 width=121)
	  Index Cond: ((id >= 8212062) AND (id <= 8212071))

table 6 : explain SELECT c FROM sbtest6 WHERE id BETWEEN 9639677 AND 9639686
	Index Scan using sbtest6_pkey on sbtest6  (cost=0.43..38.66 rows=10 width=121)
	  Index Cond: ((id >= 9639677) AND (id <= 9639686))

table 7 : explain SELECT c FROM sbtest7 WHERE id BETWEEN 5679690 AND 5679699
	Index Scan using sbtest7_pkey on sbtest7  (cost=0.43..35.45 rows=9 width=121)
	  Index Cond: ((id >= 5679690) AND (id <= 5679699))

table 8 : explain SELECT c FROM sbtest8 WHERE id BETWEEN 5368918 AND 5368927
	Index Scan using sbtest8_pkey on sbtest8  (cost=0.43..38.69 rows=10 width=121)
	  Index Cond: ((id >= 5368918) AND (id <= 5368927))

for: sum_ranges
table 1 : explain SELECT SUM(k) FROM sbtest1 WHERE id BETWEEN 1131735 AND 1131744
	Aggregate  (cost=35.88..35.89 rows=1 width=8)
	  ->  Index Scan using sbtest1_pkey on sbtest1  (cost=0.43..35.86 rows=9 width=4)
	        Index Cond: ((id >= 1131735) AND (id <= 1131744))

table 2 : explain SELECT SUM(k) FROM sbtest2 WHERE id BETWEEN 9439445 AND 9439454
	Aggregate  (cost=39.20..39.21 rows=1 width=8)
	  ->  Index Scan using sbtest2_pkey on sbtest2  (cost=0.43..39.18 rows=10 width=4)
	        Index Cond: ((id >= 9439445) AND (id <= 9439454))

table 3 : explain SELECT SUM(k) FROM sbtest3 WHERE id BETWEEN 3338864 AND 3338873
	Aggregate  (cost=42.56..42.57 rows=1 width=8)
	  ->  Index Scan using sbtest3_pkey on sbtest3  (cost=0.43..42.53 rows=11 width=4)
	        Index Cond: ((id >= 3338864) AND (id <= 3338873))

table 4 : explain SELECT SUM(k) FROM sbtest4 WHERE id BETWEEN 3198672 AND 3198681
	Aggregate  (cost=38.86..38.87 rows=1 width=8)
	  ->  Index Scan using sbtest4_pkey on sbtest4  (cost=0.43..38.83 rows=10 width=4)
	        Index Cond: ((id >= 3198672) AND (id <= 3198681))

table 5 : explain SELECT SUM(k) FROM sbtest5 WHERE id BETWEEN 607407 AND 607416
	Aggregate  (cost=38.73..38.74 rows=1 width=8)
	  ->  Index Scan using sbtest5_pkey on sbtest5  (cost=0.43..38.71 rows=10 width=4)
	        Index Cond: ((id >= 607407) AND (id <= 607416))

table 6 : explain SELECT SUM(k) FROM sbtest6 WHERE id BETWEEN 3969856 AND 3969865
	Aggregate  (cost=38.69..38.70 rows=1 width=8)
	  ->  Index Scan using sbtest6_pkey on sbtest6  (cost=0.43..38.66 rows=10 width=4)
	        Index Cond: ((id >= 3969856) AND (id <= 3969865))

table 7 : explain SELECT SUM(k) FROM sbtest7 WHERE id BETWEEN 9473111 AND 9473120
	Aggregate  (cost=38.85..38.86 rows=1 width=8)
	  ->  Index Scan using sbtest7_pkey on sbtest7  (cost=0.43..38.82 rows=10 width=4)
	        Index Cond: ((id >= 9473111) AND (id <= 9473120))

table 8 : explain SELECT SUM(k) FROM sbtest8 WHERE id BETWEEN 6323514 AND 6323523
	Aggregate  (cost=42.07..42.08 rows=1 width=8)
	  ->  Index Scan using sbtest8_pkey on sbtest8  (cost=0.43..42.04 rows=11 width=4)
	        Index Cond: ((id >= 6323514) AND (id <= 6323523))

for point_selects
table 1 : explain SELECT c FROM sbtest1 WHERE id=3937906
	Index Scan using sbtest1_pkey on sbtest1  (cost=0.43..8.45 rows=1 width=121)
	  Index Cond: (id = 3937906)

table 2 : explain SELECT c FROM sbtest2 WHERE id=3188688
	Index Scan using sbtest2_pkey on sbtest2  (cost=0.43..8.45 rows=1 width=121)
	  Index Cond: (id = 3188688)

table 3 : explain SELECT c FROM sbtest3 WHERE id=5219577
	Index Scan using sbtest3_pkey on sbtest3  (cost=0.43..8.45 rows=1 width=121)
	  Index Cond: (id = 5219577)

table 4 : explain SELECT c FROM sbtest4 WHERE id=5502005
	Index Scan using sbtest4_pkey on sbtest4  (cost=0.43..8.45 rows=1 width=121)
	  Index Cond: (id = 5502005)

table 5 : explain SELECT c FROM sbtest5 WHERE id=7404436
	Index Scan using sbtest5_pkey on sbtest5  (cost=0.43..8.45 rows=1 width=121)
	  Index Cond: (id = 7404436)

table 6 : explain SELECT c FROM sbtest6 WHERE id=3903342
	Index Scan using sbtest6_pkey on sbtest6  (cost=0.43..8.45 rows=1 width=121)
	  Index Cond: (id = 3903342)

table 7 : explain SELECT c FROM sbtest7 WHERE id=6185792
	Index Scan using sbtest7_pkey on sbtest7  (cost=0.43..8.45 rows=1 width=121)
	  Index Cond: (id = 6185792)

table 8 : explain SELECT c FROM sbtest8 WHERE id=697965
	Index Scan using sbtest8_pkey on sbtest8  (cost=0.43..8.45 rows=1 width=121)
	  Index Cond: (id = 697965)

explain: for point_selects :: explain SELECT c FROM sbtest%u WHERE id=%u
for: order_ranges
table 1 : explain SELECT c FROM sbtest1 WHERE id BETWEEN 3627971 AND 3627980 ORDER BY c
	Sort  (cost=42.90..42.92 rows=11 width=121)
	  Sort Key: c
	  ->  Index Scan using sbtest1_pkey on sbtest1  (cost=0.43..42.71 rows=11 width=121)
	        Index Cond: ((id >= 3627971) AND (id <= 3627980))

table 2 : explain SELECT c FROM sbtest2 WHERE id BETWEEN 5754048 AND 5754057 ORDER BY c
	Sort  (cost=39.34..39.37 rows=10 width=121)
	  Sort Key: c
	  ->  Index Scan using sbtest2_pkey on sbtest2  (cost=0.43..39.18 rows=10 width=121)
	        Index Cond: ((id >= 5754048) AND (id <= 5754057))

table 3 : explain SELECT c FROM sbtest3 WHERE id BETWEEN 7686360 AND 7686369 ORDER BY c
	Sort  (cost=35.86..35.88 rows=9 width=121)
	  Sort Key: c
	  ->  Index Scan using sbtest3_pkey on sbtest3  (cost=0.43..35.72 rows=9 width=121)
	        Index Cond: ((id >= 7686360) AND (id <= 7686369))

table 4 : explain SELECT c FROM sbtest4 WHERE id BETWEEN 3013472 AND 3013481 ORDER BY c
	Sort  (cost=39.00..39.02 rows=10 width=121)
	  Sort Key: c
	  ->  Index Scan using sbtest4_pkey on sbtest4  (cost=0.43..38.83 rows=10 width=121)
	        Index Cond: ((id >= 3013472) AND (id <= 3013481))

table 5 : explain SELECT c FROM sbtest5 WHERE id BETWEEN 2290526 AND 2290535 ORDER BY c
	Sort  (cost=38.87..38.90 rows=10 width=121)
	  Sort Key: c
	  ->  Index Scan using sbtest5_pkey on sbtest5  (cost=0.43..38.71 rows=10 width=121)
	        Index Cond: ((id >= 2290526) AND (id <= 2290535))

table 6 : explain SELECT c FROM sbtest6 WHERE id BETWEEN 4311625 AND 4311634 ORDER BY c
	Sort  (cost=38.83..38.85 rows=10 width=121)
	  Sort Key: c
	  ->  Index Scan using sbtest6_pkey on sbtest6  (cost=0.43..38.66 rows=10 width=121)
	        Index Cond: ((id >= 4311625) AND (id <= 4311634))

table 7 : explain SELECT c FROM sbtest7 WHERE id BETWEEN 929905 AND 929914 ORDER BY c
	Sort  (cost=38.99..39.01 rows=10 width=121)
	  Sort Key: c
	  ->  Index Scan using sbtest7_pkey on sbtest7  (cost=0.43..38.82 rows=10 width=121)
	        Index Cond: ((id >= 929905) AND (id <= 929914))

table 8 : explain SELECT c FROM sbtest8 WHERE id BETWEEN 6595802 AND 6595811 ORDER BY c
	Sort  (cost=35.47..35.49 rows=9 width=121)
	  Sort Key: c
	  ->  Index Scan using sbtest8_pkey on sbtest8  (cost=0.43..35.33 rows=9 width=121)
	        Index Cond: ((id >= 6595802) AND (id <= 6595811))

for: order_ranges
table 1 : explain SELECT c FROM sbtest1 WHERE id BETWEEN 9405507 AND 9405516 ORDER BY c
	Sort  (cost=36.00..36.02 rows=9 width=121)
	  Sort Key: c
	  ->  Index Scan using sbtest1_pkey on sbtest1  (cost=0.43..35.86 rows=9 width=121)
	        Index Cond: ((id >= 9405507) AND (id <= 9405516))

table 2 : explain SELECT c FROM sbtest2 WHERE id BETWEEN 9396123 AND 9396132 ORDER BY c
	Sort  (cost=39.34..39.37 rows=10 width=121)
	  Sort Key: c
	  ->  Index Scan using sbtest2_pkey on sbtest2  (cost=0.43..39.18 rows=10 width=121)
	        Index Cond: ((id >= 9396123) AND (id <= 9396132))

table 3 : explain SELECT c FROM sbtest3 WHERE id BETWEEN 4492689 AND 4492698 ORDER BY c
	Sort  (cost=35.86..35.88 rows=9 width=121)
	  Sort Key: c
	  ->  Index Scan using sbtest3_pkey on sbtest3  (cost=0.43..35.72 rows=9 width=121)
	        Index Cond: ((id >= 4492689) AND (id <= 4492698))

table 4 : explain SELECT c FROM sbtest4 WHERE id BETWEEN 7468296 AND 7468305 ORDER BY c
	Sort  (cost=39.00..39.02 rows=10 width=121)
	  Sort Key: c
	  ->  Index Scan using sbtest4_pkey on sbtest4  (cost=0.43..38.83 rows=10 width=121)
	        Index Cond: ((id >= 7468296) AND (id <= 7468305))

table 5 : explain SELECT c FROM sbtest5 WHERE id BETWEEN 2896100 AND 2896109 ORDER BY c
	Sort  (cost=38.87..38.90 rows=10 width=121)
	  Sort Key: c
	  ->  Index Scan using sbtest5_pkey on sbtest5  (cost=0.43..38.71 rows=10 width=121)
	        Index Cond: ((id >= 2896100) AND (id <= 2896109))

table 6 : explain SELECT c FROM sbtest6 WHERE id BETWEEN 6116811 AND 6116820 ORDER BY c
	Sort  (cost=38.83..38.85 rows=10 width=121)
	  Sort Key: c
	  ->  Index Scan using sbtest6_pkey on sbtest6  (cost=0.43..38.66 rows=10 width=121)
	        Index Cond: ((id >= 6116811) AND (id <= 6116820))

table 7 : explain SELECT c FROM sbtest7 WHERE id BETWEEN 6141464 AND 6141473 ORDER BY c
	Sort  (cost=38.99..39.01 rows=10 width=121)
	  Sort Key: c
	  ->  Index Scan using sbtest7_pkey on sbtest7  (cost=0.43..38.82 rows=10 width=121)
	        Index Cond: ((id >= 6141464) AND (id <= 6141473))

table 8 : explain SELECT c FROM sbtest8 WHERE id BETWEEN 1549868 AND 1549877 ORDER BY c
	Sort  (cost=35.47..35.49 rows=9 width=121)
	  Sort Key: c
	  ->  Index Scan using sbtest8_pkey on sbtest8  (cost=0.43..35.33 rows=9 width=121)
	        Index Cond: ((id >= 1549868) AND (id <= 1549877))

for: simple_ranges
table 1 : explain SELECT c FROM sbtest1 WHERE id BETWEEN 3145849 AND 3145858
	Index Scan using sbtest1_pkey on sbtest1  (cost=0.43..39.28 rows=10 width=121)
	  Index Cond: ((id >= 3145849) AND (id <= 3145858))

table 2 : explain SELECT c FROM sbtest2 WHERE id BETWEEN 1342796 AND 1342805
	Index Scan using sbtest2_pkey on sbtest2  (cost=0.43..42.59 rows=11 width=121)
	  Index Cond: ((id >= 1342796) AND (id <= 1342805))

table 3 : explain SELECT c FROM sbtest3 WHERE id BETWEEN 1053147 AND 1053156
	Index Scan using sbtest3_pkey on sbtest3  (cost=0.43..35.72 rows=9 width=121)
	  Index Cond: ((id >= 1053147) AND (id <= 1053156))

table 4 : explain SELECT c FROM sbtest4 WHERE id BETWEEN 9799367 AND 9799376
	Index Scan using sbtest4_pkey on sbtest4  (cost=0.43..38.83 rows=10 width=121)
	  Index Cond: ((id >= 9799367) AND (id <= 9799376))

table 5 : explain SELECT c FROM sbtest5 WHERE id BETWEEN 6280999 AND 6281008
	Index Scan using sbtest5_pkey on sbtest5  (cost=0.43..38.71 rows=10 width=121)
	  Index Cond: ((id >= 6280999) AND (id <= 6281008))

table 6 : explain SELECT c FROM sbtest6 WHERE id BETWEEN 1004939 AND 1004948
	Index Scan using sbtest6_pkey on sbtest6  (cost=0.43..42.02 rows=11 width=121)
	  Index Cond: ((id >= 1004939) AND (id <= 1004948))

table 7 : explain SELECT c FROM sbtest7 WHERE id BETWEEN 8152270 AND 8152279
	Index Scan using sbtest7_pkey on sbtest7  (cost=0.43..38.82 rows=10 width=121)
	  Index Cond: ((id >= 8152270) AND (id <= 8152279))

table 8 : explain SELECT c FROM sbtest8 WHERE id BETWEEN 2472966 AND 2472975
	Index Scan using sbtest8_pkey on sbtest8  (cost=0.43..38.69 rows=10 width=121)
	  Index Cond: ((id >= 2472966) AND (id <= 2472975))

for: sum_ranges
table 1 : explain SELECT SUM(k) FROM sbtest1 WHERE id BETWEEN 1640105 AND 1640114
	Aggregate  (cost=39.31..39.32 rows=1 width=8)
	  ->  Index Scan using sbtest1_pkey on sbtest1  (cost=0.43..39.28 rows=10 width=4)
	        Index Cond: ((id >= 1640105) AND (id <= 1640114))

table 2 : explain SELECT SUM(k) FROM sbtest2 WHERE id BETWEEN 2072602 AND 2072611
	Aggregate  (cost=39.20..39.21 rows=1 width=8)
	  ->  Index Scan using sbtest2_pkey on sbtest2  (cost=0.43..39.18 rows=10 width=4)
	        Index Cond: ((id >= 2072602) AND (id <= 2072611))

table 3 : explain SELECT SUM(k) FROM sbtest3 WHERE id BETWEEN 3643255 AND 3643264
	Aggregate  (cost=39.15..39.16 rows=1 width=8)
	  ->  Index Scan using sbtest3_pkey on sbtest3  (cost=0.43..39.13 rows=10 width=4)
	        Index Cond: ((id >= 3643255) AND (id <= 3643264))

table 4 : explain SELECT SUM(k) FROM sbtest4 WHERE id BETWEEN 5585537 AND 5585546
	Aggregate  (cost=35.48..35.49 rows=1 width=8)
	  ->  Index Scan using sbtest4_pkey on sbtest4  (cost=0.43..35.46 rows=9 width=4)
	        Index Cond: ((id >= 5585537) AND (id <= 5585546))

table 5 : explain SELECT SUM(k) FROM sbtest5 WHERE id BETWEEN 6697647 AND 6697656
	Aggregate  (cost=38.73..38.74 rows=1 width=8)
	  ->  Index Scan using sbtest5_pkey on sbtest5  (cost=0.43..38.71 rows=10 width=4)
	        Index Cond: ((id >= 6697647) AND (id <= 6697656))

table 6 : explain SELECT SUM(k) FROM sbtest6 WHERE id BETWEEN 4889760 AND 4889769
	Aggregate  (cost=42.05..42.06 rows=1 width=8)
	  ->  Index Scan using sbtest6_pkey on sbtest6  (cost=0.43..42.02 rows=11 width=4)
	        Index Cond: ((id >= 4889760) AND (id <= 4889769))

table 7 : explain SELECT SUM(k) FROM sbtest7 WHERE id BETWEEN 1121649 AND 1121658
	Aggregate  (cost=38.85..38.86 rows=1 width=8)
	  ->  Index Scan using sbtest7_pkey on sbtest7  (cost=0.43..38.82 rows=10 width=4)
	        Index Cond: ((id >= 1121649) AND (id <= 1121658))

table 8 : explain SELECT SUM(k) FROM sbtest8 WHERE id BETWEEN 1747601 AND 1747610
	Aggregate  (cost=35.35..35.36 rows=1 width=8)
	  ->  Index Scan using sbtest8_pkey on sbtest8  (cost=0.43..35.33 rows=9 width=4)
	        Index Cond: ((id >= 1747601) AND (id <= 1747610))

explain: for point_selects :: explain SELECT c FROM sbtest%u WHERE id=%u
for: sum_ranges
table 1 : explain SELECT SUM(k) FROM sbtest1 WHERE id BETWEEN 7376287 AND 7376296
	Aggregate  (cost=39.31..39.32 rows=1 width=8)
	  ->  Index Scan using sbtest1_pkey on sbtest1  (cost=0.43..39.28 rows=10 width=4)
	        Index Cond: ((id >= 7376287) AND (id <= 7376296))

table 2 : explain SELECT SUM(k) FROM sbtest2 WHERE id BETWEEN 4678405 AND 4678414
	Aggregate  (cost=39.20..39.21 rows=1 width=8)
	  ->  Index Scan using sbtest2_pkey on sbtest2  (cost=0.43..39.18 rows=10 width=4)
	        Index Cond: ((id >= 4678405) AND (id <= 4678414))

table 3 : explain SELECT SUM(k) FROM sbtest3 WHERE id BETWEEN 8135147 AND 8135156
	Aggregate  (cost=42.56..42.57 rows=1 width=8)
	  ->  Index Scan using sbtest3_pkey on sbtest3  (cost=0.43..42.53 rows=11 width=4)
	        Index Cond: ((id >= 8135147) AND (id <= 8135156))

table 4 : explain SELECT SUM(k) FROM sbtest4 WHERE id BETWEEN 49109 AND 49118
	Aggregate  (cost=35.48..35.49 rows=1 width=8)
	  ->  Index Scan using sbtest4_pkey on sbtest4  (cost=0.43..35.46 rows=9 width=4)
	        Index Cond: ((id >= 49109) AND (id <= 49118))

table 5 : explain SELECT SUM(k) FROM sbtest5 WHERE id BETWEEN 8188311 AND 8188320
	Aggregate  (cost=35.37..35.38 rows=1 width=8)
	  ->  Index Scan using sbtest5_pkey on sbtest5  (cost=0.43..35.35 rows=9 width=4)
	        Index Cond: ((id >= 8188311) AND (id <= 8188320))

table 6 : explain SELECT SUM(k) FROM sbtest6 WHERE id BETWEEN 8032876 AND 8032885
	Aggregate  (cost=42.05..42.06 rows=1 width=8)
	  ->  Index Scan using sbtest6_pkey on sbtest6  (cost=0.43..42.02 rows=11 width=4)
	        Index Cond: ((id >= 8032876) AND (id <= 8032885))

table 7 : explain SELECT SUM(k) FROM sbtest7 WHERE id BETWEEN 8847250 AND 8847259
	Aggregate  (cost=38.85..38.86 rows=1 width=8)
	  ->  Index Scan using sbtest7_pkey on sbtest7  (cost=0.43..38.82 rows=10 width=4)
	        Index Cond: ((id >= 8847250) AND (id <= 8847259))

table 8 : explain SELECT SUM(k) FROM sbtest8 WHERE id BETWEEN 4867568 AND 4867577
	Aggregate  (cost=38.71..38.72 rows=1 width=8)
	  ->  Index Scan using sbtest8_pkey on sbtest8  (cost=0.43..38.69 rows=10 width=4)
	        Index Cond: ((id >= 4867568) AND (id <= 4867577))

explain: for point_selects :: explain SELECT c FROM sbtest%u WHERE id=%u
for: sum_ranges
table 1 : explain SELECT SUM(k) FROM sbtest1 WHERE id BETWEEN 1012954 AND 1012963
	Aggregate  (cost=42.73..42.74 rows=1 width=8)
	  ->  Index Scan using sbtest1_pkey on sbtest1  (cost=0.43..42.71 rows=11 width=4)
	        Index Cond: ((id >= 1012954) AND (id <= 1012963))

table 2 : explain SELECT SUM(k) FROM sbtest2 WHERE id BETWEEN 5230233 AND 5230242
	Aggregate  (cost=39.20..39.21 rows=1 width=8)
	  ->  Index Scan using sbtest2_pkey on sbtest2  (cost=0.43..39.18 rows=10 width=4)
	        Index Cond: ((id >= 5230233) AND (id <= 5230242))

table 3 : explain SELECT SUM(k) FROM sbtest3 WHERE id BETWEEN 2156346 AND 2156355
	Aggregate  (cost=39.15..39.16 rows=1 width=8)
	  ->  Index Scan using sbtest3_pkey on sbtest3  (cost=0.43..39.13 rows=10 width=4)
	        Index Cond: ((id >= 2156346) AND (id <= 2156355))

table 4 : explain SELECT SUM(k) FROM sbtest4 WHERE id BETWEEN 1066697 AND 1066706
	Aggregate  (cost=38.86..38.87 rows=1 width=8)
	  ->  Index Scan using sbtest4_pkey on sbtest4  (cost=0.43..38.83 rows=10 width=4)
	        Index Cond: ((id >= 1066697) AND (id <= 1066706))

table 5 : explain SELECT SUM(k) FROM sbtest5 WHERE id BETWEEN 8416868 AND 8416877
	Aggregate  (cost=42.10..42.11 rows=1 width=8)
	  ->  Index Scan using sbtest5_pkey on sbtest5  (cost=0.43..42.07 rows=11 width=4)
	        Index Cond: ((id >= 8416868) AND (id <= 8416877))

table 6 : explain SELECT SUM(k) FROM sbtest6 WHERE id BETWEEN 5706805 AND 5706814
	Aggregate  (cost=38.69..38.70 rows=1 width=8)
	  ->  Index Scan using sbtest6_pkey on sbtest6  (cost=0.43..38.66 rows=10 width=4)
	        Index Cond: ((id >= 5706805) AND (id <= 5706814))

table 7 : explain SELECT SUM(k) FROM sbtest7 WHERE id BETWEEN 5726318 AND 5726327
	Aggregate  (cost=35.47..35.48 rows=1 width=8)
	  ->  Index Scan using sbtest7_pkey on sbtest7  (cost=0.43..35.45 rows=9 width=4)
	        Index Cond: ((id >= 5726318) AND (id <= 5726327))

table 8 : explain SELECT SUM(k) FROM sbtest8 WHERE id BETWEEN 6599641 AND 6599650
	Aggregate  (cost=35.35..35.36 rows=1 width=8)
	  ->  Index Scan using sbtest8_pkey on sbtest8  (cost=0.43..35.33 rows=9 width=4)
	        Index Cond: ((id >= 6599641) AND (id <= 6599650))

for: order_ranges
table 1 : explain SELECT c FROM sbtest1 WHERE id BETWEEN 3302958 AND 3302967 ORDER BY c
	Sort  (cost=39.45..39.47 rows=10 width=121)
	  Sort Key: c
	  ->  Index Scan using sbtest1_pkey on sbtest1  (cost=0.43..39.28 rows=10 width=121)
	        Index Cond: ((id >= 3302958) AND (id <= 3302967))

table 2 : explain SELECT c FROM sbtest2 WHERE id BETWEEN 5998324 AND 5998333 ORDER BY c
	Sort  (cost=39.34..39.37 rows=10 width=121)
	  Sort Key: c
	  ->  Index Scan using sbtest2_pkey on sbtest2  (cost=0.43..39.18 rows=10 width=121)
	        Index Cond: ((id >= 5998324) AND (id <= 5998333))

table 3 : explain SELECT c FROM sbtest3 WHERE id BETWEEN 5385672 AND 5385681 ORDER BY c
	Sort  (cost=35.86..35.88 rows=9 width=121)
	  Sort Key: c
	  ->  Index Scan using sbtest3_pkey on sbtest3  (cost=0.43..35.72 rows=9 width=121)
	        Index Cond: ((id >= 5385672) AND (id <= 5385681))

table 4 : explain SELECT c FROM sbtest4 WHERE id BETWEEN 406460 AND 406469 ORDER BY c
	Sort  (cost=39.00..39.02 rows=10 width=121)
	  Sort Key: c
	  ->  Index Scan using sbtest4_pkey on sbtest4  (cost=0.43..38.83 rows=10 width=121)
	        Index Cond: ((id >= 406460) AND (id <= 406469))

table 5 : explain SELECT c FROM sbtest5 WHERE id BETWEEN 9466899 AND 9466908 ORDER BY c
	Sort  (cost=38.87..38.90 rows=10 width=121)
	  Sort Key: c
	  ->  Index Scan using sbtest5_pkey on sbtest5  (cost=0.43..38.71 rows=10 width=121)
	        Index Cond: ((id >= 9466899) AND (id <= 9466908))

table 6 : explain SELECT c FROM sbtest6 WHERE id BETWEEN 3332345 AND 3332354 ORDER BY c
	Sort  (cost=38.83..38.85 rows=10 width=121)
	  Sort Key: c
	  ->  Index Scan using sbtest6_pkey on sbtest6  (cost=0.43..38.66 rows=10 width=121)
	        Index Cond: ((id >= 3332345) AND (id <= 3332354))

table 7 : explain SELECT c FROM sbtest7 WHERE id BETWEEN 3754525 AND 3754534 ORDER BY c
	Sort  (cost=45.78..45.81 rows=12 width=121)
	  Sort Key: c
	  ->  Index Scan using sbtest7_pkey on sbtest7  (cost=0.43..45.57 rows=12 width=121)
	        Index Cond: ((id >= 3754525) AND (id <= 3754534))

table 8 : explain SELECT c FROM sbtest8 WHERE id BETWEEN 3249784 AND 3249793 ORDER BY c
	Sort  (cost=38.85..38.88 rows=10 width=121)
	  Sort Key: c
	  ->  Index Scan using sbtest8_pkey on sbtest8  (cost=0.43..38.69 rows=10 width=121)
	        Index Cond: ((id >= 3249784) AND (id <= 3249793))

explain: for point_selects :: explain SELECT c FROM sbtest%u WHERE id=%u
for: order_ranges
table 1 : explain SELECT c FROM sbtest1 WHERE id BETWEEN 7542111 AND 7542120 ORDER BY c
	Sort  (cost=39.45..39.47 rows=10 width=121)
	  Sort Key: c
	  ->  Index Scan using sbtest1_pkey on sbtest1  (cost=0.43..39.28 rows=10 width=121)
	        Index Cond: ((id >= 7542111) AND (id <= 7542120))

table 2 : explain SELECT c FROM sbtest2 WHERE id BETWEEN 8234043 AND 8234052 ORDER BY c
	Sort  (cost=39.34..39.37 rows=10 width=121)
	  Sort Key: c
	  ->  Index Scan using sbtest2_pkey on sbtest2  (cost=0.43..39.18 rows=10 width=121)
	        Index Cond: ((id >= 8234043) AND (id <= 8234052))

table 3 : explain SELECT c FROM sbtest3 WHERE id BETWEEN 7892920 AND 7892929 ORDER BY c
	Sort  (cost=39.29..39.32 rows=10 width=121)
	  Sort Key: c
	  ->  Index Scan using sbtest3_pkey on sbtest3  (cost=0.43..39.13 rows=10 width=121)
	        Index Cond: ((id >= 7892920) AND (id <= 7892929))

table 4 : explain SELECT c FROM sbtest4 WHERE id BETWEEN 9163240 AND 9163249 ORDER BY c
	Sort  (cost=42.40..42.42 rows=11 width=121)
	  Sort Key: c
	  ->  Index Scan using sbtest4_pkey on sbtest4  (cost=0.43..42.21 rows=11 width=121)
	        Index Cond: ((id >= 9163240) AND (id <= 9163249))

table 5 : explain SELECT c FROM sbtest5 WHERE id BETWEEN 6132121 AND 6132130 ORDER BY c
	Sort  (cost=38.87..38.90 rows=10 width=121)
	  Sort Key: c
	  ->  Index Scan using sbtest5_pkey on sbtest5  (cost=0.43..38.71 rows=10 width=121)
	        Index Cond: ((id >= 6132121) AND (id <= 6132130))

table 6 : explain SELECT c FROM sbtest6 WHERE id BETWEEN 3751785 AND 3751794 ORDER BY c
	Sort  (cost=38.83..38.85 rows=10 width=121)
	  Sort Key: c
	  ->  Index Scan using sbtest6_pkey on sbtest6  (cost=0.43..38.66 rows=10 width=121)
	        Index Cond: ((id >= 3751785) AND (id <= 3751794))

table 7 : explain SELECT c FROM sbtest7 WHERE id BETWEEN 3110483 AND 3110492 ORDER BY c
	Sort  (cost=35.59..35.61 rows=9 width=121)
	  Sort Key: c
	  ->  Index Scan using sbtest7_pkey on sbtest7  (cost=0.43..35.45 rows=9 width=121)
	        Index Cond: ((id >= 3110483) AND (id <= 3110492))

table 8 : explain SELECT c FROM sbtest8 WHERE id BETWEEN 3108457 AND 3108466 ORDER BY c
	Sort  (cost=35.47..35.49 rows=9 width=121)
	  Sort Key: c
	  ->  Index Scan using sbtest8_pkey on sbtest8  (cost=0.43..35.33 rows=9 width=121)
	        Index Cond: ((id >= 3108457) AND (id <= 3108466))

explain: for point_selects :: explain SELECT c FROM sbtest%u WHERE id=%u
for point_selects
table 1 : explain SELECT c FROM sbtest1 WHERE id=2485694
	Index Scan using sbtest1_pkey on sbtest1  (cost=0.43..8.45 rows=1 width=121)
	  Index Cond: (id = 2485694)

table 2 : explain SELECT c FROM sbtest2 WHERE id=3617123
	Index Scan using sbtest2_pkey on sbtest2  (cost=0.43..8.45 rows=1 width=121)
	  Index Cond: (id = 3617123)

table 3 : explain SELECT c FROM sbtest3 WHERE id=5398129
	Index Scan using sbtest3_pkey on sbtest3  (cost=0.43..8.45 rows=1 width=121)
	  Index Cond: (id = 5398129)

table 4 : explain SELECT c FROM sbtest4 WHERE id=7277914
	Index Scan using sbtest4_pkey on sbtest4  (cost=0.43..8.45 rows=1 width=121)
	  Index Cond: (id = 7277914)

table 5 : explain SELECT c FROM sbtest5 WHERE id=6253087
	Index Scan using sbtest5_pkey on sbtest5  (cost=0.43..8.45 rows=1 width=121)
	  Index Cond: (id = 6253087)

table 6 : explain SELECT c FROM sbtest6 WHERE id=3988348
	Index Scan using sbtest6_pkey on sbtest6  (cost=0.43..8.45 rows=1 width=121)
	  Index Cond: (id = 3988348)

table 7 : explain SELECT c FROM sbtest7 WHERE id=1357600
	Index Scan using sbtest7_pkey on sbtest7  (cost=0.43..8.45 rows=1 width=121)
	  Index Cond: (id = 1357600)

table 8 : explain SELECT c FROM sbtest8 WHERE id=1715916
	Index Scan using sbtest8_pkey on sbtest8  (cost=0.43..8.45 rows=1 width=121)
	  Index Cond: (id = 1715916)

for point_selects
table 1 : explain SELECT c FROM sbtest1 WHERE id=1137500
	Index Scan using sbtest1_pkey on sbtest1  (cost=0.43..8.45 rows=1 width=121)
	  Index Cond: (id = 1137500)

table 2 : explain SELECT c FROM sbtest2 WHERE id=3710182
	Index Scan using sbtest2_pkey on sbtest2  (cost=0.43..8.45 rows=1 width=121)
	  Index Cond: (id = 3710182)

table 3 : explain SELECT c FROM sbtest3 WHERE id=3223163
	Index Scan using sbtest3_pkey on sbtest3  (cost=0.43..8.45 rows=1 width=121)
	  Index Cond: (id = 3223163)

table 4 : explain SELECT c FROM sbtest4 WHERE id=9632387
	Index Scan using sbtest4_pkey on sbtest4  (cost=0.43..8.45 rows=1 width=121)
	  Index Cond: (id = 9632387)

table 5 : explain SELECT c FROM sbtest5 WHERE id=2290203
	Index Scan using sbtest5_pkey on sbtest5  (cost=0.43..8.45 rows=1 width=121)
	  Index Cond: (id = 2290203)

table 6 : explain SELECT c FROM sbtest6 WHERE id=8311799
	Index Scan using sbtest6_pkey on sbtest6  (cost=0.43..8.45 rows=1 width=121)
	  Index Cond: (id = 8311799)

table 7 : explain SELECT c FROM sbtest7 WHERE id=2494096
	Index Scan using sbtest7_pkey on sbtest7  (cost=0.43..8.45 rows=1 width=121)
	  Index Cond: (id = 2494096)

table 8 : explain SELECT c FROM sbtest8 WHERE id=1394485
	Index Scan using sbtest8_pkey on sbtest8  (cost=0.43..8.45 rows=1 width=121)
	  Index Cond: (id = 1394485)

for: simple_ranges
table 1 : explain SELECT c FROM sbtest1 WHERE id BETWEEN 2430990 AND 2430999
	Index Scan using sbtest1_pkey on sbtest1  (cost=0.43..35.86 rows=9 width=121)
	  Index Cond: ((id >= 2430990) AND (id <= 2430999))

table 2 : explain SELECT c FROM sbtest2 WHERE id BETWEEN 8614793 AND 8614802
	Index Scan using sbtest2_pkey on sbtest2  (cost=0.43..35.76 rows=9 width=121)
	  Index Cond: ((id >= 8614793) AND (id <= 8614802))

table 3 : explain SELECT c FROM sbtest3 WHERE id BETWEEN 923680 AND 923689
	Index Scan using sbtest3_pkey on sbtest3  (cost=0.43..35.72 rows=9 width=121)
	  Index Cond: ((id >= 923680) AND (id <= 923689))

table 4 : explain SELECT c FROM sbtest4 WHERE id BETWEEN 331516 AND 331525
	Index Scan using sbtest4_pkey on sbtest4  (cost=0.43..38.83 rows=10 width=121)
	  Index Cond: ((id >= 331516) AND (id <= 331525))

table 5 : explain SELECT c FROM sbtest5 WHERE id BETWEEN 8436695 AND 8436704
	Index Scan using sbtest5_pkey on sbtest5  (cost=0.43..42.07 rows=11 width=121)
	  Index Cond: ((id >= 8436695) AND (id <= 8436704))

table 6 : explain SELECT c FROM sbtest6 WHERE id BETWEEN 4503717 AND 4503726
	Index Scan using sbtest6_pkey on sbtest6  (cost=0.43..38.66 rows=10 width=121)
	  Index Cond: ((id >= 4503717) AND (id <= 4503726))

table 7 : explain SELECT c FROM sbtest7 WHERE id BETWEEN 563436 AND 563445
	Index Scan using sbtest7_pkey on sbtest7  (cost=0.43..35.45 rows=9 width=121)
	  Index Cond: ((id >= 563436) AND (id <= 563445))

table 8 : explain SELECT c FROM sbtest8 WHERE id BETWEEN 5548534 AND 5548543
	Index Scan using sbtest8_pkey on sbtest8  (cost=0.43..42.04 rows=11 width=121)
	  Index Cond: ((id >= 5548534) AND (id <= 5548543))

for: simple_ranges
table 1 : explain SELECT c FROM sbtest1 WHERE id BETWEEN 8558289 AND 8558298
	Index Scan using sbtest1_pkey on sbtest1  (cost=0.43..39.28 rows=10 width=121)
	  Index Cond: ((id >= 8558289) AND (id <= 8558298))

table 2 : explain SELECT c FROM sbtest2 WHERE id BETWEEN 91292 AND 91301
	Index Scan using sbtest2_pkey on sbtest2  (cost=0.43..39.18 rows=10 width=121)
	  Index Cond: ((id >= 91292) AND (id <= 91301))

table 3 : explain SELECT c FROM sbtest3 WHERE id BETWEEN 6261962 AND 6261971
	Index Scan using sbtest3_pkey on sbtest3  (cost=0.43..39.13 rows=10 width=121)
	  Index Cond: ((id >= 6261962) AND (id <= 6261971))

table 4 : explain SELECT c FROM sbtest4 WHERE id BETWEEN 9120012 AND 9120021
	Index Scan using sbtest4_pkey on sbtest4  (cost=0.43..42.21 rows=11 width=121)
	  Index Cond: ((id >= 9120012) AND (id <= 9120021))

table 5 : explain SELECT c FROM sbtest5 WHERE id BETWEEN 2342887 AND 2342896
	Index Scan using sbtest5_pkey on sbtest5  (cost=0.43..38.71 rows=10 width=121)
	  Index Cond: ((id >= 2342887) AND (id <= 2342896))

table 6 : explain SELECT c FROM sbtest6 WHERE id BETWEEN 8944545 AND 8944554
	Index Scan using sbtest6_pkey on sbtest6  (cost=0.43..38.66 rows=10 width=121)
	  Index Cond: ((id >= 8944545) AND (id <= 8944554))

table 7 : explain SELECT c FROM sbtest7 WHERE id BETWEEN 8488906 AND 8488915
	Index Scan using sbtest7_pkey on sbtest7  (cost=0.43..45.57 rows=12 width=121)
	  Index Cond: ((id >= 8488906) AND (id <= 8488915))

table 8 : explain SELECT c FROM sbtest8 WHERE id BETWEEN 7241585 AND 7241594
	Index Scan using sbtest8_pkey on sbtest8  (cost=0.43..38.69 rows=10 width=121)
	  Index Cond: ((id >= 7241585) AND (id <= 7241594))

explain: for point_selects :: explain SELECT c FROM sbtest%u WHERE id=%u
explain: for point_selects :: explain SELECT c FROM sbtest%u WHERE id=%u
for point_selects
table 1 : explain SELECT c FROM sbtest1 WHERE id=6805925
	Index Scan using sbtest1_pkey on sbtest1  (cost=0.43..8.45 rows=1 width=121)
	  Index Cond: (id = 6805925)

table 2 : explain SELECT c FROM sbtest2 WHERE id=871099
	Index Scan using sbtest2_pkey on sbtest2  (cost=0.43..8.45 rows=1 width=121)
	  Index Cond: (id = 871099)

table 3 : explain SELECT c FROM sbtest3 WHERE id=7553545
	Index Scan using sbtest3_pkey on sbtest3  (cost=0.43..8.45 rows=1 width=121)
	  Index Cond: (id = 7553545)

table 4 : explain SELECT c FROM sbtest4 WHERE id=5065376
	Index Scan using sbtest4_pkey on sbtest4  (cost=0.43..8.45 rows=1 width=121)
	  Index Cond: (id = 5065376)

table 5 : explain SELECT c FROM sbtest5 WHERE id=8453469
	Index Scan using sbtest5_pkey on sbtest5  (cost=0.43..8.45 rows=1 width=121)
	  Index Cond: (id = 8453469)

table 6 : explain SELECT c FROM sbtest6 WHERE id=9638881
	Index Scan using sbtest6_pkey on sbtest6  (cost=0.43..8.45 rows=1 width=121)
	  Index Cond: (id = 9638881)

table 7 : explain SELECT c FROM sbtest7 WHERE id=5689900
	Index Scan using sbtest7_pkey on sbtest7  (cost=0.43..8.45 rows=1 width=121)
	  Index Cond: (id = 5689900)

table 8 : explain SELECT c FROM sbtest8 WHERE id=1026594
	Index Scan using sbtest8_pkey on sbtest8  (cost=0.43..8.45 rows=1 width=121)
	  Index Cond: (id = 1026594)

explain: for point_selects :: explain SELECT c FROM sbtest%u WHERE id=%u
explain: for point_selects :: explain SELECT c FROM sbtest%u WHERE id=%u
for point_selects
table 1 : explain SELECT c FROM sbtest1 WHERE id=597709
	Index Scan using sbtest1_pkey on sbtest1  (cost=0.43..8.45 rows=1 width=121)
	  Index Cond: (id = 597709)

table 2 : explain SELECT c FROM sbtest2 WHERE id=9925273
	Index Scan using sbtest2_pkey on sbtest2  (cost=0.43..8.45 rows=1 width=121)
	  Index Cond: (id = 9925273)

table 3 : explain SELECT c FROM sbtest3 WHERE id=3422747
	Index Scan using sbtest3_pkey on sbtest3  (cost=0.43..8.45 rows=1 width=121)
	  Index Cond: (id = 3422747)

table 4 : explain SELECT c FROM sbtest4 WHERE id=4701270
	Index Scan using sbtest4_pkey on sbtest4  (cost=0.43..8.45 rows=1 width=121)
	  Index Cond: (id = 4701270)

table 5 : explain SELECT c FROM sbtest5 WHERE id=114796
	Index Scan using sbtest5_pkey on sbtest5  (cost=0.43..8.45 rows=1 width=121)
	  Index Cond: (id = 114796)

table 6 : explain SELECT c FROM sbtest6 WHERE id=5399279
	Index Scan using sbtest6_pkey on sbtest6  (cost=0.43..8.45 rows=1 width=121)
	  Index Cond: (id = 5399279)

table 7 : explain SELECT c FROM sbtest7 WHERE id=877611
	Index Scan using sbtest7_pkey on sbtest7  (cost=0.43..8.45 rows=1 width=121)
	  Index Cond: (id = 877611)

table 8 : explain SELECT c FROM sbtest8 WHERE id=5775755
	Index Scan using sbtest8_pkey on sbtest8  (cost=0.43..8.45 rows=1 width=121)
	  Index Cond: (id = 5775755)

for point_selects
table 1 : explain SELECT c FROM sbtest1 WHERE id=3216102
	Index Scan using sbtest1_pkey on sbtest1  (cost=0.43..8.45 rows=1 width=121)
	  Index Cond: (id = 3216102)

table 2 : explain SELECT c FROM sbtest2 WHERE id=4260953
	Index Scan using sbtest2_pkey on sbtest2  (cost=0.43..8.45 rows=1 width=121)
	  Index Cond: (id = 4260953)

table 3 : explain SELECT c FROM sbtest3 WHERE id=6958227
	Index Scan using sbtest3_pkey on sbtest3  (cost=0.43..8.45 rows=1 width=121)
	  Index Cond: (id = 6958227)

table 4 : explain SELECT c FROM sbtest4 WHERE id=1572362
	Index Scan using sbtest4_pkey on sbtest4  (cost=0.43..8.45 rows=1 width=121)
	  Index Cond: (id = 1572362)

table 5 : explain SELECT c FROM sbtest5 WHERE id=5815783
	Index Scan using sbtest5_pkey on sbtest5  (cost=0.43..8.45 rows=1 width=121)
	  Index Cond: (id = 5815783)

table 6 : explain SELECT c FROM sbtest6 WHERE id=3702874
	Index Scan using sbtest6_pkey on sbtest6  (cost=0.43..8.45 rows=1 width=121)
	  Index Cond: (id = 3702874)

table 7 : explain SELECT c FROM sbtest7 WHERE id=9517179
	Index Scan using sbtest7_pkey on sbtest7  (cost=0.43..8.45 rows=1 width=121)
	  Index Cond: (id = 9517179)

table 8 : explain SELECT c FROM sbtest8 WHERE id=7954541
	Index Scan using sbtest8_pkey on sbtest8  (cost=0.43..8.45 rows=1 width=121)
	  Index Cond: (id = 7954541)

for: distinct_ranges
table 1 : explain SELECT DISTINCT c FROM sbtest1 WHERE id BETWEEN 9001981 AND 9001990 ORDER BY c
	Unique  (cost=36.00..36.04 rows=9 width=121)
	  ->  Sort  (cost=36.00..36.02 rows=9 width=121)
	        Sort Key: c
	        ->  Index Scan using sbtest1_pkey on sbtest1  (cost=0.43..35.86 rows=9 width=121)
	              Index Cond: ((id >= 9001981) AND (id <= 9001990))

table 2 : explain SELECT DISTINCT c FROM sbtest2 WHERE id BETWEEN 1827161 AND 1827170 ORDER BY c
	Unique  (cost=39.34..39.39 rows=10 width=121)
	  ->  Sort  (cost=39.34..39.37 rows=10 width=121)
	        Sort Key: c
	        ->  Index Scan using sbtest2_pkey on sbtest2  (cost=0.43..39.18 rows=10 width=121)
	              Index Cond: ((id >= 1827161) AND (id <= 1827170))

table 3 : explain SELECT DISTINCT c FROM sbtest3 WHERE id BETWEEN 3942719 AND 3942728 ORDER BY c
	Unique  (cost=39.29..39.34 rows=10 width=121)
	  ->  Sort  (cost=39.29..39.32 rows=10 width=121)
	        Sort Key: c
	        ->  Index Scan using sbtest3_pkey on sbtest3  (cost=0.43..39.13 rows=10 width=121)
	              Index Cond: ((id >= 3942719) AND (id <= 3942728))

table 4 : explain SELECT DISTINCT c FROM sbtest4 WHERE id BETWEEN 3236668 AND 3236677 ORDER BY c
	Unique  (cost=39.00..39.05 rows=10 width=121)
	  ->  Sort  (cost=39.00..39.02 rows=10 width=121)
	        Sort Key: c
	        ->  Index Scan using sbtest4_pkey on sbtest4  (cost=0.43..38.83 rows=10 width=121)
	              Index Cond: ((id >= 3236668) AND (id <= 3236677))

table 5 : explain SELECT DISTINCT c FROM sbtest5 WHERE id BETWEEN 6669692 AND 6669701 ORDER BY c
	Unique  (cost=38.87..38.92 rows=10 width=121)
	  ->  Sort  (cost=38.87..38.90 rows=10 width=121)
	        Sort Key: c
	        ->  Index Scan using sbtest5_pkey on sbtest5  (cost=0.43..38.71 rows=10 width=121)
	              Index Cond: ((id >= 6669692) AND (id <= 6669701))

table 6 : explain SELECT DISTINCT c FROM sbtest6 WHERE id BETWEEN 8454970 AND 8454979 ORDER BY c
	Unique  (cost=42.21..42.26 rows=11 width=121)
	  ->  Sort  (cost=42.21..42.24 rows=11 width=121)
	        Sort Key: c
	        ->  Index Scan using sbtest6_pkey on sbtest6  (cost=0.43..42.02 rows=11 width=121)
	              Index Cond: ((id >= 8454970) AND (id <= 8454979))

table 7 : explain SELECT DISTINCT c FROM sbtest7 WHERE id BETWEEN 5869237 AND 5869246 ORDER BY c
	Unique  (cost=38.99..39.04 rows=10 width=121)
	  ->  Sort  (cost=38.99..39.01 rows=10 width=121)
	        Sort Key: c
	        ->  Index Scan using sbtest7_pkey on sbtest7  (cost=0.43..38.82 rows=10 width=121)
	              Index Cond: ((id >= 5869237) AND (id <= 5869246))

table 8 : explain SELECT DISTINCT c FROM sbtest8 WHERE id BETWEEN 9852892 AND 9852901 ORDER BY c
	Unique  (cost=35.47..35.51 rows=9 width=121)
	  ->  Sort  (cost=35.47..35.49 rows=9 width=121)
	        Sort Key: c
	        ->  Index Scan using sbtest8_pkey on sbtest8  (cost=0.43..35.33 rows=9 width=121)
	              Index Cond: ((id >= 9852892) AND (id <= 9852901))

for: order_ranges
table 1 : explain SELECT c FROM sbtest1 WHERE id BETWEEN 4221023 AND 4221032 ORDER BY c
	Sort  (cost=39.45..39.47 rows=10 width=121)
	  Sort Key: c
	  ->  Index Scan using sbtest1_pkey on sbtest1  (cost=0.43..39.28 rows=10 width=121)
	        Index Cond: ((id >= 4221023) AND (id <= 4221032))

table 2 : explain SELECT c FROM sbtest2 WHERE id BETWEEN 561031 AND 561040 ORDER BY c
	Sort  (cost=39.34..39.37 rows=10 width=121)
	  Sort Key: c
	  ->  Index Scan using sbtest2_pkey on sbtest2  (cost=0.43..39.18 rows=10 width=121)
	        Index Cond: ((id >= 561031) AND (id <= 561040))

table 3 : explain SELECT c FROM sbtest3 WHERE id BETWEEN 5463787 AND 5463796 ORDER BY c
	Sort  (cost=35.86..35.88 rows=9 width=121)
	  Sort Key: c
	  ->  Index Scan using sbtest3_pkey on sbtest3  (cost=0.43..35.72 rows=9 width=121)
	        Index Cond: ((id >= 5463787) AND (id <= 5463796))

table 4 : explain SELECT c FROM sbtest4 WHERE id BETWEEN 3066420 AND 3066429 ORDER BY c
	Sort  (cost=39.00..39.02 rows=10 width=121)
	  Sort Key: c
	  ->  Index Scan using sbtest4_pkey on sbtest4  (cost=0.43..38.83 rows=10 width=121)
	        Index Cond: ((id >= 3066420) AND (id <= 3066429))

table 5 : explain SELECT c FROM sbtest5 WHERE id BETWEEN 7209535 AND 7209544 ORDER BY c
	Sort  (cost=38.87..38.90 rows=10 width=121)
	  Sort Key: c
	  ->  Index Scan using sbtest5_pkey on sbtest5  (cost=0.43..38.71 rows=10 width=121)
	        Index Cond: ((id >= 7209535) AND (id <= 7209544))

table 6 : explain SELECT c FROM sbtest6 WHERE id BETWEEN 2577504 AND 2577513 ORDER BY c
	Sort  (cost=38.83..38.85 rows=10 width=121)
	  Sort Key: c
	  ->  Index Scan using sbtest6_pkey on sbtest6  (cost=0.43..38.66 rows=10 width=121)
	        Index Cond: ((id >= 2577504) AND (id <= 2577513))

table 7 : explain SELECT c FROM sbtest7 WHERE id BETWEEN 9483235 AND 9483244 ORDER BY c
	Sort  (cost=38.99..39.01 rows=10 width=121)
	  Sort Key: c
	  ->  Index Scan using sbtest7_pkey on sbtest7  (cost=0.43..38.82 rows=10 width=121)
	        Index Cond: ((id >= 9483235) AND (id <= 9483244))

table 8 : explain SELECT c FROM sbtest8 WHERE id BETWEEN 4867185 AND 4867194 ORDER BY c
	Sort  (cost=38.85..38.88 rows=10 width=121)
	  Sort Key: c
	  ->  Index Scan using sbtest8_pkey on sbtest8  (cost=0.43..38.69 rows=10 width=121)
	        Index Cond: ((id >= 4867185) AND (id <= 4867194))

explain: for point_selects :: explain SELECT c FROM sbtest%u WHERE id=%u
for: sum_ranges
table 1 : explain SELECT SUM(k) FROM sbtest1 WHERE id BETWEEN 2354235 AND 2354244
	Aggregate  (cost=39.31..39.32 rows=1 width=8)
	  ->  Index Scan using sbtest1_pkey on sbtest1  (cost=0.43..39.28 rows=10 width=4)
	        Index Cond: ((id >= 2354235) AND (id <= 2354244))

table 2 : explain SELECT SUM(k) FROM sbtest2 WHERE id BETWEEN 2175609 AND 2175618
	Aggregate  (cost=42.62..42.63 rows=1 width=8)
	  ->  Index Scan using sbtest2_pkey on sbtest2  (cost=0.43..42.59 rows=11 width=4)
	        Index Cond: ((id >= 2175609) AND (id <= 2175618))

table 3 : explain SELECT SUM(k) FROM sbtest3 WHERE id BETWEEN 1715921 AND 1715930
	Aggregate  (cost=35.74..35.75 rows=1 width=8)
	  ->  Index Scan using sbtest3_pkey on sbtest3  (cost=0.43..35.72 rows=9 width=4)
	        Index Cond: ((id >= 1715921) AND (id <= 1715930))

table 4 : explain SELECT SUM(k) FROM sbtest4 WHERE id BETWEEN 2052431 AND 2052440
	Aggregate  (cost=38.86..38.87 rows=1 width=8)
	  ->  Index Scan using sbtest4_pkey on sbtest4  (cost=0.43..38.83 rows=10 width=4)
	        Index Cond: ((id >= 2052431) AND (id <= 2052440))

table 5 : explain SELECT SUM(k) FROM sbtest5 WHERE id BETWEEN 8492630 AND 8492639
	Aggregate  (cost=42.10..42.11 rows=1 width=8)
	  ->  Index Scan using sbtest5_pkey on sbtest5  (cost=0.43..42.07 rows=11 width=4)
	        Index Cond: ((id >= 8492630) AND (id <= 8492639))

table 6 : explain SELECT SUM(k) FROM sbtest6 WHERE id BETWEEN 8549814 AND 8549823
	Aggregate  (cost=38.69..38.70 rows=1 width=8)
	  ->  Index Scan using sbtest6_pkey on sbtest6  (cost=0.43..38.66 rows=10 width=4)
	        Index Cond: ((id >= 8549814) AND (id <= 8549823))

table 7 : explain SELECT SUM(k) FROM sbtest7 WHERE id BETWEEN 6913813 AND 6913822
	Aggregate  (cost=42.22..42.23 rows=1 width=8)
	  ->  Index Scan using sbtest7_pkey on sbtest7  (cost=0.43..42.19 rows=11 width=4)
	        Index Cond: ((id >= 6913813) AND (id <= 6913822))

table 8 : explain SELECT SUM(k) FROM sbtest8 WHERE id BETWEEN 6836710 AND 6836719
	Aggregate  (cost=38.71..38.72 rows=1 width=8)
	  ->  Index Scan using sbtest8_pkey on sbtest8  (cost=0.43..38.69 rows=10 width=4)
	        Index Cond: ((id >= 6836710) AND (id <= 6836719))

explain: for index_updates :: explain UPDATE sbtest%u SET k=k+1 WHERE id=%u
for: simple_ranges
table 1 : explain SELECT c FROM sbtest1 WHERE id BETWEEN 3679412 AND 3679421
	Index Scan using sbtest1_pkey on sbtest1  (cost=0.43..39.28 rows=10 width=121)
	  Index Cond: ((id >= 3679412) AND (id <= 3679421))

table 2 : explain SELECT c FROM sbtest2 WHERE id BETWEEN 4079027 AND 4079036
	Index Scan using sbtest2_pkey on sbtest2  (cost=0.43..39.18 rows=10 width=121)
	  Index Cond: ((id >= 4079027) AND (id <= 4079036))

table 3 : explain SELECT c FROM sbtest3 WHERE id BETWEEN 7013364 AND 7013373
	Index Scan using sbtest3_pkey on sbtest3  (cost=0.43..39.13 rows=10 width=121)
	  Index Cond: ((id >= 7013364) AND (id <= 7013373))

table 4 : explain SELECT c FROM sbtest4 WHERE id BETWEEN 7572370 AND 7572379
	Index Scan using sbtest4_pkey on sbtest4  (cost=0.43..38.83 rows=10 width=121)
	  Index Cond: ((id >= 7572370) AND (id <= 7572379))

table 5 : explain SELECT c FROM sbtest5 WHERE id BETWEEN 231738 AND 231747
	Index Scan using sbtest5_pkey on sbtest5  (cost=0.43..38.71 rows=10 width=121)
	  Index Cond: ((id >= 231738) AND (id <= 231747))

table 6 : explain SELECT c FROM sbtest6 WHERE id BETWEEN 3043373 AND 3043382
	Index Scan using sbtest6_pkey on sbtest6  (cost=0.43..38.66 rows=10 width=121)
	  Index Cond: ((id >= 3043373) AND (id <= 3043382))

table 7 : explain SELECT c FROM sbtest7 WHERE id BETWEEN 1447669 AND 1447678
	Index Scan using sbtest7_pkey on sbtest7  (cost=0.43..38.82 rows=10 width=121)
	  Index Cond: ((id >= 1447669) AND (id <= 1447678))

table 8 : explain SELECT c FROM sbtest8 WHERE id BETWEEN 1744701 AND 1744710
	Index Scan using sbtest8_pkey on sbtest8  (cost=0.43..35.33 rows=9 width=121)
	  Index Cond: ((id >= 1744701) AND (id <= 1744710))

for: distinct_ranges
table 1 : explain SELECT DISTINCT c FROM sbtest1 WHERE id BETWEEN 3772354 AND 3772363 ORDER BY c
	Unique  (cost=39.45..39.50 rows=10 width=121)
	  ->  Sort  (cost=39.45..39.47 rows=10 width=121)
	        Sort Key: c
	        ->  Index Scan using sbtest1_pkey on sbtest1  (cost=0.43..39.28 rows=10 width=121)
	              Index Cond: ((id >= 3772354) AND (id <= 3772363))

table 2 : explain SELECT DISTINCT c FROM sbtest2 WHERE id BETWEEN 4666111 AND 4666120 ORDER BY c
	Unique  (cost=39.34..39.39 rows=10 width=121)
	  ->  Sort  (cost=39.34..39.37 rows=10 width=121)
	        Sort Key: c
	        ->  Index Scan using sbtest2_pkey on sbtest2  (cost=0.43..39.18 rows=10 width=121)
	              Index Cond: ((id >= 4666111) AND (id <= 4666120))

table 3 : explain SELECT DISTINCT c FROM sbtest3 WHERE id BETWEEN 3929473 AND 3929482 ORDER BY c
	Unique  (cost=39.29..39.34 rows=10 width=121)
	  ->  Sort  (cost=39.29..39.32 rows=10 width=121)
	        Sort Key: c
	        ->  Index Scan using sbtest3_pkey on sbtest3  (cost=0.43..39.13 rows=10 width=121)
	              Index Cond: ((id >= 3929473) AND (id <= 3929482))

table 4 : explain SELECT DISTINCT c FROM sbtest4 WHERE id BETWEEN 5223529 AND 5223538 ORDER BY c
	Unique  (cost=35.60..35.64 rows=9 width=121)
	  ->  Sort  (cost=35.60..35.62 rows=9 width=121)
	        Sort Key: c
	        ->  Index Scan using sbtest4_pkey on sbtest4  (cost=0.43..35.46 rows=9 width=121)
	              Index Cond: ((id >= 5223529) AND (id <= 5223538))

table 5 : explain SELECT DISTINCT c FROM sbtest5 WHERE id BETWEEN 3848028 AND 3848037 ORDER BY c
	Unique  (cost=42.26..42.31 rows=11 width=121)
	  ->  Sort  (cost=42.26..42.29 rows=11 width=121)
	        Sort Key: c
	        ->  Index Scan using sbtest5_pkey on sbtest5  (cost=0.43..42.07 rows=11 width=121)
	              Index Cond: ((id >= 3848028) AND (id <= 3848037))

table 6 : explain SELECT DISTINCT c FROM sbtest6 WHERE id BETWEEN 2584297 AND 2584306 ORDER BY c
	Unique  (cost=38.83..38.88 rows=10 width=121)
	  ->  Sort  (cost=38.83..38.85 rows=10 width=121)
	        Sort Key: c
	        ->  Index Scan using sbtest6_pkey on sbtest6  (cost=0.43..38.66 rows=10 width=121)
	              Index Cond: ((id >= 2584297) AND (id <= 2584306))

table 7 : explain SELECT DISTINCT c FROM sbtest7 WHERE id BETWEEN 2413876 AND 2413885 ORDER BY c
	Unique  (cost=38.99..39.04 rows=10 width=121)
	  ->  Sort  (cost=38.99..39.01 rows=10 width=121)
	        Sort Key: c
	        ->  Index Scan using sbtest7_pkey on sbtest7  (cost=0.43..38.82 rows=10 width=121)
	              Index Cond: ((id >= 2413876) AND (id <= 2413885))

table 8 : explain SELECT DISTINCT c FROM sbtest8 WHERE id BETWEEN 8714728 AND 8714737 ORDER BY c
	Unique  (cost=38.85..38.90 rows=10 width=121)
	  ->  Sort  (cost=38.85..38.88 rows=10 width=121)
	        Sort Key: c
	        ->  Index Scan using sbtest8_pkey on sbtest8  (cost=0.43..38.69 rows=10 width=121)
	              Index Cond: ((id >= 8714728) AND (id <= 8714737))

explain: for point_selects :: explain SELECT c FROM sbtest%u WHERE id=%u
for: distinct_ranges
table 1 : explain SELECT DISTINCT c FROM sbtest1 WHERE id BETWEEN 4331320 AND 4331329 ORDER BY c
	Unique  (cost=42.90..42.95 rows=11 width=121)
	  ->  Sort  (cost=42.90..42.92 rows=11 width=121)
	        Sort Key: c
	        ->  Index Scan using sbtest1_pkey on sbtest1  (cost=0.43..42.71 rows=11 width=121)
	              Index Cond: ((id >= 4331320) AND (id <= 4331329))

table 2 : explain SELECT DISTINCT c FROM sbtest2 WHERE id BETWEEN 1129891 AND 1129900 ORDER BY c
	Unique  (cost=39.34..39.39 rows=10 width=121)
	  ->  Sort  (cost=39.34..39.37 rows=10 width=121)
	        Sort Key: c
	        ->  Index Scan using sbtest2_pkey on sbtest2  (cost=0.43..39.18 rows=10 width=121)
	              Index Cond: ((id >= 1129891) AND (id <= 1129900))

table 3 : explain SELECT DISTINCT c FROM sbtest3 WHERE id BETWEEN 2227441 AND 2227450 ORDER BY c
	Unique  (cost=39.29..39.34 rows=10 width=121)
	  ->  Sort  (cost=39.29..39.32 rows=10 width=121)
	        Sort Key: c
	        ->  Index Scan using sbtest3_pkey on sbtest3  (cost=0.43..39.13 rows=10 width=121)
	              Index Cond: ((id >= 2227441) AND (id <= 2227450))

table 4 : explain SELECT DISTINCT c FROM sbtest4 WHERE id BETWEEN 9508240 AND 9508249 ORDER BY c
	Unique  (cost=35.60..35.64 rows=9 width=121)
	  ->  Sort  (cost=35.60..35.62 rows=9 width=121)
	        Sort Key: c
	        ->  Index Scan using sbtest4_pkey on sbtest4  (cost=0.43..35.46 rows=9 width=121)
	              Index Cond: ((id >= 9508240) AND (id <= 9508249))

table 5 : explain SELECT DISTINCT c FROM sbtest5 WHERE id BETWEEN 5018175 AND 5018184 ORDER BY c
	Unique  (cost=35.49..35.53 rows=9 width=121)
	  ->  Sort  (cost=35.49..35.51 rows=9 width=121)
	        Sort Key: c
	        ->  Index Scan using sbtest5_pkey on sbtest5  (cost=0.43..35.35 rows=9 width=121)
	              Index Cond: ((id >= 5018175) AND (id <= 5018184))

table 6 : explain SELECT DISTINCT c FROM sbtest6 WHERE id BETWEEN 3431344 AND 3431353 ORDER BY c
	Unique  (cost=38.83..38.88 rows=10 width=121)
	  ->  Sort  (cost=38.83..38.85 rows=10 width=121)
	        Sort Key: c
	        ->  Index Scan using sbtest6_pkey on sbtest6  (cost=0.43..38.66 rows=10 width=121)
	              Index Cond: ((id >= 3431344) AND (id <= 3431353))

table 7 : explain SELECT DISTINCT c FROM sbtest7 WHERE id BETWEEN 4813458 AND 4813467 ORDER BY c
	Unique  (cost=38.99..39.04 rows=10 width=121)
	  ->  Sort  (cost=38.99..39.01 rows=10 width=121)
	        Sort Key: c
	        ->  Index Scan using sbtest7_pkey on sbtest7  (cost=0.43..38.82 rows=10 width=121)
	              Index Cond: ((id >= 4813458) AND (id <= 4813467))

table 8 : explain SELECT DISTINCT c FROM sbtest8 WHERE id BETWEEN 3896828 AND 3896837 ORDER BY c
	Unique  (cost=38.85..38.90 rows=10 width=121)
	  ->  Sort  (cost=38.85..38.88 rows=10 width=121)
	        Sort Key: c
	        ->  Index Scan using sbtest8_pkey on sbtest8  (cost=0.43..38.69 rows=10 width=121)
	              Index Cond: ((id >= 3896828) AND (id <= 3896837))

for: simple_ranges
table 1 : explain SELECT c FROM sbtest1 WHERE id BETWEEN 5439491 AND 5439500
	Index Scan using sbtest1_pkey on sbtest1  (cost=0.43..39.28 rows=10 width=121)
	  Index Cond: ((id >= 5439491) AND (id <= 5439500))

table 2 : explain SELECT c FROM sbtest2 WHERE id BETWEEN 3751749 AND 3751758
	Index Scan using sbtest2_pkey on sbtest2  (cost=0.43..39.18 rows=10 width=121)
	  Index Cond: ((id >= 3751749) AND (id <= 3751758))

table 3 : explain SELECT c FROM sbtest3 WHERE id BETWEEN 3809885 AND 3809894
	Index Scan using sbtest3_pkey on sbtest3  (cost=0.43..35.72 rows=9 width=121)
	  Index Cond: ((id >= 3809885) AND (id <= 3809894))

table 4 : explain SELECT c FROM sbtest4 WHERE id BETWEEN 9110901 AND 9110910
	Index Scan using sbtest4_pkey on sbtest4  (cost=0.43..42.21 rows=11 width=121)
	  Index Cond: ((id >= 9110901) AND (id <= 9110910))

table 5 : explain SELECT c FROM sbtest5 WHERE id BETWEEN 9002707 AND 9002716
	Index Scan using sbtest5_pkey on sbtest5  (cost=0.43..38.71 rows=10 width=121)
	  Index Cond: ((id >= 9002707) AND (id <= 9002716))

table 6 : explain SELECT c FROM sbtest6 WHERE id BETWEEN 7524667 AND 7524676
	Index Scan using sbtest6_pkey on sbtest6  (cost=0.43..38.66 rows=10 width=121)
	  Index Cond: ((id >= 7524667) AND (id <= 7524676))

table 7 : explain SELECT c FROM sbtest7 WHERE id BETWEEN 1394377 AND 1394386
	Index Scan using sbtest7_pkey on sbtest7  (cost=0.43..35.45 rows=9 width=121)
	  Index Cond: ((id >= 1394377) AND (id <= 1394386))

table 8 : explain SELECT c FROM sbtest8 WHERE id BETWEEN 6503802 AND 6503811
	Index Scan using sbtest8_pkey on sbtest8  (cost=0.43..38.69 rows=10 width=121)
	  Index Cond: ((id >= 6503802) AND (id <= 6503811))

explain: for point_selects :: explain SELECT c FROM sbtest%u WHERE id=%u
explain: for point_selects :: explain SELECT c FROM sbtest%u WHERE id=%u
for: order_ranges
table 1 : explain SELECT c FROM sbtest1 WHERE id BETWEEN 9354400 AND 9354409 ORDER BY c
	Sort  (cost=36.00..36.02 rows=9 width=121)
	  Sort Key: c
	  ->  Index Scan using sbtest1_pkey on sbtest1  (cost=0.43..35.86 rows=9 width=121)
	        Index Cond: ((id >= 9354400) AND (id <= 9354409))

table 2 : explain SELECT c FROM sbtest2 WHERE id BETWEEN 5636511 AND 5636520 ORDER BY c
	Sort  (cost=42.78..42.81 rows=11 width=121)
	  Sort Key: c
	  ->  Index Scan using sbtest2_pkey on sbtest2  (cost=0.43..42.59 rows=11 width=121)
	        Index Cond: ((id >= 5636511) AND (id <= 5636520))

table 3 : explain SELECT c FROM sbtest3 WHERE id BETWEEN 7739757 AND 7739766 ORDER BY c
	Sort  (cost=35.86..35.88 rows=9 width=121)
	  Sort Key: c
	  ->  Index Scan using sbtest3_pkey on sbtest3  (cost=0.43..35.72 rows=9 width=121)
	        Index Cond: ((id >= 7739757) AND (id <= 7739766))

table 4 : explain SELECT c FROM sbtest4 WHERE id BETWEEN 9221619 AND 9221628 ORDER BY c
	Sort  (cost=39.00..39.02 rows=10 width=121)
	  Sort Key: c
	  ->  Index Scan using sbtest4_pkey on sbtest4  (cost=0.43..38.83 rows=10 width=121)
	        Index Cond: ((id >= 9221619) AND (id <= 9221628))

table 5 : explain SELECT c FROM sbtest5 WHERE id BETWEEN 1838467 AND 1838476 ORDER BY c
	Sort  (cost=38.87..38.90 rows=10 width=121)
	  Sort Key: c
	  ->  Index Scan using sbtest5_pkey on sbtest5  (cost=0.43..38.71 rows=10 width=121)
	        Index Cond: ((id >= 1838467) AND (id <= 1838476))

table 6 : explain SELECT c FROM sbtest6 WHERE id BETWEEN 4745909 AND 4745918 ORDER BY c
	Sort  (cost=38.83..38.85 rows=10 width=121)
	  Sort Key: c
	  ->  Index Scan using sbtest6_pkey on sbtest6  (cost=0.43..38.66 rows=10 width=121)
	        Index Cond: ((id >= 4745909) AND (id <= 4745918))

table 7 : explain SELECT c FROM sbtest7 WHERE id BETWEEN 946691 AND 946700 ORDER BY c
	Sort  (cost=38.99..39.01 rows=10 width=121)
	  Sort Key: c
	  ->  Index Scan using sbtest7_pkey on sbtest7  (cost=0.43..38.82 rows=10 width=121)
	        Index Cond: ((id >= 946691) AND (id <= 946700))

table 8 : explain SELECT c FROM sbtest8 WHERE id BETWEEN 7307403 AND 7307412 ORDER BY c
	Sort  (cost=38.85..38.88 rows=10 width=121)
	  Sort Key: c
	  ->  Index Scan using sbtest8_pkey on sbtest8  (cost=0.43..38.69 rows=10 width=121)
	        Index Cond: ((id >= 7307403) AND (id <= 7307412))

explain: for index_updates :: explain UPDATE sbtest%u SET k=k+1 WHERE id=%u
explain: for index_updates :: explain UPDATE sbtest%u SET k=k+1 WHERE id=%u
for point_selects
table 1 : explain SELECT c FROM sbtest1 WHERE id=8455861
	Index Scan using sbtest1_pkey on sbtest1  (cost=0.43..8.45 rows=1 width=121)
	  Index Cond: (id = 8455861)

table 2 : explain SELECT c FROM sbtest2 WHERE id=1507106
	Index Scan using sbtest2_pkey on sbtest2  (cost=0.43..8.45 rows=1 width=121)
	  Index Cond: (id = 1507106)

table 3 : explain SELECT c FROM sbtest3 WHERE id=595831
	Index Scan using sbtest3_pkey on sbtest3  (cost=0.43..8.45 rows=1 width=121)
	  Index Cond: (id = 595831)

table 4 : explain SELECT c FROM sbtest4 WHERE id=7024300
	Index Scan using sbtest4_pkey on sbtest4  (cost=0.43..8.45 rows=1 width=121)
	  Index Cond: (id = 7024300)

table 5 : explain SELECT c FROM sbtest5 WHERE id=2817512
	Index Scan using sbtest5_pkey on sbtest5  (cost=0.43..8.45 rows=1 width=121)
	  Index Cond: (id = 2817512)

table 6 : explain SELECT c FROM sbtest6 WHERE id=209490
	Index Scan using sbtest6_pkey on sbtest6  (cost=0.43..8.45 rows=1 width=121)
	  Index Cond: (id = 209490)

table 7 : explain SELECT c FROM sbtest7 WHERE id=8844801
	Index Scan using sbtest7_pkey on sbtest7  (cost=0.43..8.45 rows=1 width=121)
	  Index Cond: (id = 8844801)

table 8 : explain SELECT c FROM sbtest8 WHERE id=5827886
	Index Scan using sbtest8_pkey on sbtest8  (cost=0.43..8.45 rows=1 width=121)
	  Index Cond: (id = 5827886)

for index_updates
table 1 : explain UPDATE sbtest1 SET k=k+1 WHERE id=8833206
	Update on sbtest1  (cost=0.43..8.46 rows=1 width=196)
	  ->  Index Scan using sbtest1_pkey on sbtest1  (cost=0.43..8.46 rows=1 width=196)
	        Index Cond: (id = 8833206)

table 2 : explain UPDATE sbtest2 SET k=k+1 WHERE id=5260441
	Update on sbtest2  (cost=0.43..8.46 rows=1 width=196)
	  ->  Index Scan using sbtest2_pkey on sbtest2  (cost=0.43..8.46 rows=1 width=196)
	        Index Cond: (id = 5260441)

table 3 : explain UPDATE sbtest3 SET k=k+1 WHERE id=5149726
	Update on sbtest3  (cost=0.43..8.46 rows=1 width=196)
	  ->  Index Scan using sbtest3_pkey on sbtest3  (cost=0.43..8.46 rows=1 width=196)
	        Index Cond: (id = 5149726)

table 4 : explain UPDATE sbtest4 SET k=k+1 WHERE id=7635343
	Update on sbtest4  (cost=0.43..8.46 rows=1 width=196)
	  ->  Index Scan using sbtest4_pkey on sbtest4  (cost=0.43..8.46 rows=1 width=196)
	        Index Cond: (id = 7635343)

table 5 : explain UPDATE sbtest5 SET k=k+1 WHERE id=4715784
	Update on sbtest5  (cost=0.43..8.46 rows=1 width=196)
	  ->  Index Scan using sbtest5_pkey on sbtest5  (cost=0.43..8.46 rows=1 width=196)
	        Index Cond: (id = 4715784)

table 6 : explain UPDATE sbtest6 SET k=k+1 WHERE id=8540804
	Update on sbtest6  (cost=0.43..8.46 rows=1 width=196)
	  ->  Index Scan using sbtest6_pkey on sbtest6  (cost=0.43..8.46 rows=1 width=196)
	        Index Cond: (id = 8540804)

table 7 : explain UPDATE sbtest7 SET k=k+1 WHERE id=2032827
	Update on sbtest7  (cost=0.43..8.46 rows=1 width=196)
	  ->  Index Scan using sbtest7_pkey on sbtest7  (cost=0.43..8.46 rows=1 width=196)
	        Index Cond: (id = 2032827)

table 8 : explain UPDATE sbtest8 SET k=k+1 WHERE id=1993397
	Update on sbtest8  (cost=0.43..8.46 rows=1 width=196)
	  ->  Index Scan using sbtest8_pkey on sbtest8  (cost=0.43..8.46 rows=1 width=196)
	        Index Cond: (id = 1993397)

for: simple_ranges
table 1 : explain SELECT c FROM sbtest1 WHERE id BETWEEN 6269961 AND 6269970
	Index Scan using sbtest1_pkey on sbtest1  (cost=0.43..39.28 rows=10 width=121)
	  Index Cond: ((id >= 6269961) AND (id <= 6269970))

table 2 : explain SELECT c FROM sbtest2 WHERE id BETWEEN 531730 AND 531739
	Index Scan using sbtest2_pkey on sbtest2  (cost=0.43..39.18 rows=10 width=121)
	  Index Cond: ((id >= 531730) AND (id <= 531739))

table 3 : explain SELECT c FROM sbtest3 WHERE id BETWEEN 6197199 AND 6197208
	Index Scan using sbtest3_pkey on sbtest3  (cost=0.43..39.13 rows=10 width=121)
	  Index Cond: ((id >= 6197199) AND (id <= 6197208))

table 4 : explain SELECT c FROM sbtest4 WHERE id BETWEEN 4991233 AND 4991242
	Index Scan using sbtest4_pkey on sbtest4  (cost=0.43..42.21 rows=11 width=121)
	  Index Cond: ((id >= 4991233) AND (id <= 4991242))

table 5 : explain SELECT c FROM sbtest5 WHERE id BETWEEN 5699808 AND 5699817
	Index Scan using sbtest5_pkey on sbtest5  (cost=0.43..38.71 rows=10 width=121)
	  Index Cond: ((id >= 5699808) AND (id <= 5699817))

table 6 : explain SELECT c FROM sbtest6 WHERE id BETWEEN 6898685 AND 6898694
	Index Scan using sbtest6_pkey on sbtest6  (cost=0.43..38.66 rows=10 width=121)
	  Index Cond: ((id >= 6898685) AND (id <= 6898694))

table 7 : explain SELECT c FROM sbtest7 WHERE id BETWEEN 4056172 AND 4056181
	Index Scan using sbtest7_pkey on sbtest7  (cost=0.43..42.19 rows=11 width=121)
	  Index Cond: ((id >= 4056172) AND (id <= 4056181))

table 8 : explain SELECT c FROM sbtest8 WHERE id BETWEEN 72326 AND 72335
	Index Scan using sbtest8_pkey on sbtest8  (cost=0.43..35.33 rows=9 width=121)
	  Index Cond: ((id >= 72326) AND (id <= 72335))

for: distinct_ranges
table 1 : explain SELECT DISTINCT c FROM sbtest1 WHERE id BETWEEN 5939754 AND 5939763 ORDER BY c
	Unique  (cost=42.90..42.95 rows=11 width=121)
	  ->  Sort  (cost=42.90..42.92 rows=11 width=121)
	        Sort Key: c
	        ->  Index Scan using sbtest1_pkey on sbtest1  (cost=0.43..42.71 rows=11 width=121)
	              Index Cond: ((id >= 5939754) AND (id <= 5939763))

table 2 : explain SELECT DISTINCT c FROM sbtest2 WHERE id BETWEEN 7058765 AND 7058774 ORDER BY c
	Unique  (cost=39.34..39.39 rows=10 width=121)
	  ->  Sort  (cost=39.34..39.37 rows=10 width=121)
	        Sort Key: c
	        ->  Index Scan using sbtest2_pkey on sbtest2  (cost=0.43..39.18 rows=10 width=121)
	              Index Cond: ((id >= 7058765) AND (id <= 7058774))

table 3 : explain SELECT DISTINCT c FROM sbtest3 WHERE id BETWEEN 6510157 AND 6510166 ORDER BY c
	Unique  (cost=35.86..35.91 rows=9 width=121)
	  ->  Sort  (cost=35.86..35.88 rows=9 width=121)
	        Sort Key: c
	        ->  Index Scan using sbtest3_pkey on sbtest3  (cost=0.43..35.72 rows=9 width=121)
	              Index Cond: ((id >= 6510157) AND (id <= 6510166))

table 4 : explain SELECT DISTINCT c FROM sbtest4 WHERE id BETWEEN 2403125 AND 2403134 ORDER BY c
	Unique  (cost=39.00..39.05 rows=10 width=121)
	  ->  Sort  (cost=39.00..39.02 rows=10 width=121)
	        Sort Key: c
	        ->  Index Scan using sbtest4_pkey on sbtest4  (cost=0.43..38.83 rows=10 width=121)
	              Index Cond: ((id >= 2403125) AND (id <= 2403134))

table 5 : explain SELECT DISTINCT c FROM sbtest5 WHERE id BETWEEN 1790305 AND 1790314 ORDER BY c
	Unique  (cost=38.87..38.92 rows=10 width=121)
	  ->  Sort  (cost=38.87..38.90 rows=10 width=121)
	        Sort Key: c
	        ->  Index Scan using sbtest5_pkey on sbtest5  (cost=0.43..38.71 rows=10 width=121)
	              Index Cond: ((id >= 1790305) AND (id <= 1790314))

table 6 : explain SELECT DISTINCT c FROM sbtest6 WHERE id BETWEEN 2618750 AND 2618759 ORDER BY c
	Unique  (cost=38.83..38.88 rows=10 width=121)
	  ->  Sort  (cost=38.83..38.85 rows=10 width=121)
	        Sort Key: c
	        ->  Index Scan using sbtest6_pkey on sbtest6  (cost=0.43..38.66 rows=10 width=121)
	              Index Cond: ((id >= 2618750) AND (id <= 2618759))

table 7 : explain SELECT DISTINCT c FROM sbtest7 WHERE id BETWEEN 160149 AND 160158 ORDER BY c
	Unique  (cost=35.59..35.63 rows=9 width=121)
	  ->  Sort  (cost=35.59..35.61 rows=9 width=121)
	        Sort Key: c
	        ->  Index Scan using sbtest7_pkey on sbtest7  (cost=0.43..35.45 rows=9 width=121)
	              Index Cond: ((id >= 160149) AND (id <= 160158))

table 8 : explain SELECT DISTINCT c FROM sbtest8 WHERE id BETWEEN 4694878 AND 4694887 ORDER BY c
	Unique  (cost=42.24..42.29 rows=11 width=121)
	  ->  Sort  (cost=42.24..42.26 rows=11 width=121)
	        Sort Key: c
	        ->  Index Scan using sbtest8_pkey on sbtest8  (cost=0.43..42.04 rows=11 width=121)
	              Index Cond: ((id >= 4694878) AND (id <= 4694887))

for index_updates
table 1 : explain UPDATE sbtest1 SET k=k+1 WHERE id=4400487
	Update on sbtest1  (cost=0.43..8.46 rows=1 width=196)
	  ->  Index Scan using sbtest1_pkey on sbtest1  (cost=0.43..8.46 rows=1 width=196)
	        Index Cond: (id = 4400487)

table 2 : explain UPDATE sbtest2 SET k=k+1 WHERE id=3876483
	Update on sbtest2  (cost=0.43..8.46 rows=1 width=196)
	  ->  Index Scan using sbtest2_pkey on sbtest2  (cost=0.43..8.46 rows=1 width=196)
	        Index Cond: (id = 3876483)

table 3 : explain UPDATE sbtest3 SET k=k+1 WHERE id=500798
	Update on sbtest3  (cost=0.43..8.46 rows=1 width=196)
	  ->  Index Scan using sbtest3_pkey on sbtest3  (cost=0.43..8.46 rows=1 width=196)
	        Index Cond: (id = 500798)

table 4 : explain UPDATE sbtest4 SET k=k+1 WHERE id=3646090
	Update on sbtest4  (cost=0.43..8.46 rows=1 width=196)
	  ->  Index Scan using sbtest4_pkey on sbtest4  (cost=0.43..8.46 rows=1 width=196)
	        Index Cond: (id = 3646090)

table 5 : explain UPDATE sbtest5 SET k=k+1 WHERE id=5742992
	Update on sbtest5  (cost=0.43..8.46 rows=1 width=196)
	  ->  Index Scan using sbtest5_pkey on sbtest5  (cost=0.43..8.46 rows=1 width=196)
	        Index Cond: (id = 5742992)

table 6 : explain UPDATE sbtest6 SET k=k+1 WHERE id=4047261
	Update on sbtest6  (cost=0.43..8.46 rows=1 width=196)
	  ->  Index Scan using sbtest6_pkey on sbtest6  (cost=0.43..8.46 rows=1 width=196)
	        Index Cond: (id = 4047261)

table 7 : explain UPDATE sbtest7 SET k=k+1 WHERE id=4833383
	Update on sbtest7  (cost=0.43..8.46 rows=1 width=196)
	  ->  Index Scan using sbtest7_pkey on sbtest7  (cost=0.43..8.46 rows=1 width=196)
	        Index Cond: (id = 4833383)

table 8 : explain UPDATE sbtest8 SET k=k+1 WHERE id=2598120
	Update on sbtest8  (cost=0.43..8.46 rows=1 width=196)
	  ->  Index Scan using sbtest8_pkey on sbtest8  (cost=0.43..8.46 rows=1 width=196)
	        Index Cond: (id = 2598120)

for: simple_ranges
table 1 : explain SELECT c FROM sbtest1 WHERE id BETWEEN 603925 AND 603934
	Index Scan using sbtest1_pkey on sbtest1  (cost=0.43..39.28 rows=10 width=121)
	  Index Cond: ((id >= 603925) AND (id <= 603934))

table 2 : explain SELECT c FROM sbtest2 WHERE id BETWEEN 4998352 AND 4998361
	Index Scan using sbtest2_pkey on sbtest2  (cost=0.43..39.18 rows=10 width=121)
	  Index Cond: ((id >= 4998352) AND (id <= 4998361))

table 3 : explain SELECT c FROM sbtest3 WHERE id BETWEEN 8215521 AND 8215530
	Index Scan using sbtest3_pkey on sbtest3  (cost=0.43..39.13 rows=10 width=121)
	  Index Cond: ((id >= 8215521) AND (id <= 8215530))

table 4 : explain SELECT c FROM sbtest4 WHERE id BETWEEN 4146895 AND 4146904
	Index Scan using sbtest4_pkey on sbtest4  (cost=0.43..42.21 rows=11 width=121)
	  Index Cond: ((id >= 4146895) AND (id <= 4146904))

table 5 : explain SELECT c FROM sbtest5 WHERE id BETWEEN 4997987 AND 4997996
	Index Scan using sbtest5_pkey on sbtest5  (cost=0.43..35.35 rows=9 width=121)
	  Index Cond: ((id >= 4997987) AND (id <= 4997996))

table 6 : explain SELECT c FROM sbtest6 WHERE id BETWEEN 9186572 AND 9186581
	Index Scan using sbtest6_pkey on sbtest6  (cost=0.43..38.66 rows=10 width=121)
	  Index Cond: ((id >= 9186572) AND (id <= 9186581))

table 7 : explain SELECT c FROM sbtest7 WHERE id BETWEEN 5604281 AND 5604290
	Index Scan using sbtest7_pkey on sbtest7  (cost=0.43..38.82 rows=10 width=121)
	  Index Cond: ((id >= 5604281) AND (id <= 5604290))

table 8 : explain SELECT c FROM sbtest8 WHERE id BETWEEN 4480075 AND 4480084
	Index Scan using sbtest8_pkey on sbtest8  (cost=0.43..38.69 rows=10 width=121)
	  Index Cond: ((id >= 4480075) AND (id <= 4480084))

explain: for non_index_updates :: explain UPDATE sbtest%u SET c='foobar' WHERE id=%u
explain: for non_index_updates :: explain UPDATE sbtest%u SET c='foobar' WHERE id=%u
for: order_ranges
table 1 : explain SELECT c FROM sbtest1 WHERE id BETWEEN 7710918 AND 7710927 ORDER BY c
	Sort  (cost=36.00..36.02 rows=9 width=121)
	  Sort Key: c
	  ->  Index Scan using sbtest1_pkey on sbtest1  (cost=0.43..35.86 rows=9 width=121)
	        Index Cond: ((id >= 7710918) AND (id <= 7710927))

table 2 : explain SELECT c FROM sbtest2 WHERE id BETWEEN 7531163 AND 7531172 ORDER BY c
	Sort  (cost=39.34..39.37 rows=10 width=121)
	  Sort Key: c
	  ->  Index Scan using sbtest2_pkey on sbtest2  (cost=0.43..39.18 rows=10 width=121)
	        Index Cond: ((id >= 7531163) AND (id <= 7531172))

table 3 : explain SELECT c FROM sbtest3 WHERE id BETWEEN 7916039 AND 7916048 ORDER BY c
	Sort  (cost=39.29..39.32 rows=10 width=121)
	  Sort Key: c
	  ->  Index Scan using sbtest3_pkey on sbtest3  (cost=0.43..39.13 rows=10 width=121)
	        Index Cond: ((id >= 7916039) AND (id <= 7916048))

table 4 : explain SELECT c FROM sbtest4 WHERE id BETWEEN 4676959 AND 4676968 ORDER BY c
	Sort  (cost=39.00..39.02 rows=10 width=121)
	  Sort Key: c
	  ->  Index Scan using sbtest4_pkey on sbtest4  (cost=0.43..38.83 rows=10 width=121)
	        Index Cond: ((id >= 4676959) AND (id <= 4676968))

table 5 : explain SELECT c FROM sbtest5 WHERE id BETWEEN 4394687 AND 4394696 ORDER BY c
	Sort  (cost=38.87..38.90 rows=10 width=121)
	  Sort Key: c
	  ->  Index Scan using sbtest5_pkey on sbtest5  (cost=0.43..38.71 rows=10 width=121)
	        Index Cond: ((id >= 4394687) AND (id <= 4394696))

table 6 : explain SELECT c FROM sbtest6 WHERE id BETWEEN 741372 AND 741381 ORDER BY c
	Sort  (cost=35.45..35.47 rows=9 width=121)
	  Sort Key: c
	  ->  Index Scan using sbtest6_pkey on sbtest6  (cost=0.43..35.31 rows=9 width=121)
	        Index Cond: ((id >= 741372) AND (id <= 741381))

table 7 : explain SELECT c FROM sbtest7 WHERE id BETWEEN 4357935 AND 4357944 ORDER BY c
	Sort  (cost=38.99..39.01 rows=10 width=121)
	  Sort Key: c
	  ->  Index Scan using sbtest7_pkey on sbtest7  (cost=0.43..38.82 rows=10 width=121)
	        Index Cond: ((id >= 4357935) AND (id <= 4357944))

table 8 : explain SELECT c FROM sbtest8 WHERE id BETWEEN 870685 AND 870694 ORDER BY c
	Sort  (cost=38.85..38.88 rows=10 width=121)
	  Sort Key: c
	  ->  Index Scan using sbtest8_pkey on sbtest8  (cost=0.43..38.69 rows=10 width=121)
	        Index Cond: ((id >= 870685) AND (id <= 870694))

explain: for index_updates :: explain UPDATE sbtest%u SET k=k+1 WHERE id=%u
for: sum_ranges
table 1 : explain SELECT SUM(k) FROM sbtest1 WHERE id BETWEEN 9944020 AND 9944029
	Aggregate  (cost=39.31..39.32 rows=1 width=8)
	  ->  Index Scan using sbtest1_pkey on sbtest1  (cost=0.43..39.28 rows=10 width=4)
	        Index Cond: ((id >= 9944020) AND (id <= 9944029))

table 2 : explain SELECT SUM(k) FROM sbtest2 WHERE id BETWEEN 185474 AND 185483
	Aggregate  (cost=35.79..35.80 rows=1 width=8)
	  ->  Index Scan using sbtest2_pkey on sbtest2  (cost=0.43..35.76 rows=9 width=4)
	        Index Cond: ((id >= 185474) AND (id <= 185483))

table 3 : explain SELECT SUM(k) FROM sbtest3 WHERE id BETWEEN 7691493 AND 7691502
	Aggregate  (cost=35.74..35.75 rows=1 width=8)
	  ->  Index Scan using sbtest3_pkey on sbtest3  (cost=0.43..35.72 rows=9 width=4)
	        Index Cond: ((id >= 7691493) AND (id <= 7691502))

table 4 : explain SELECT SUM(k) FROM sbtest4 WHERE id BETWEEN 2788706 AND 2788715
	Aggregate  (cost=42.23..42.24 rows=1 width=8)
	  ->  Index Scan using sbtest4_pkey on sbtest4  (cost=0.43..42.21 rows=11 width=4)
	        Index Cond: ((id >= 2788706) AND (id <= 2788715))

table 5 : explain SELECT SUM(k) FROM sbtest5 WHERE id BETWEEN 3416106 AND 3416115
	Aggregate  (cost=38.73..38.74 rows=1 width=8)
	  ->  Index Scan using sbtest5_pkey on sbtest5  (cost=0.43..38.71 rows=10 width=4)
	        Index Cond: ((id >= 3416106) AND (id <= 3416115))

table 6 : explain SELECT SUM(k) FROM sbtest6 WHERE id BETWEEN 5408301 AND 5408310
	Aggregate  (cost=38.69..38.70 rows=1 width=8)
	  ->  Index Scan using sbtest6_pkey on sbtest6  (cost=0.43..38.66 rows=10 width=4)
	        Index Cond: ((id >= 5408301) AND (id <= 5408310))

table 7 : explain SELECT SUM(k) FROM sbtest7 WHERE id BETWEEN 8821659 AND 8821668
	Aggregate  (cost=38.85..38.86 rows=1 width=8)
	  ->  Index Scan using sbtest7_pkey on sbtest7  (cost=0.43..38.82 rows=10 width=4)
	        Index Cond: ((id >= 8821659) AND (id <= 8821668))

table 8 : explain SELECT SUM(k) FROM sbtest8 WHERE id BETWEEN 8479184 AND 8479193
	Aggregate  (cost=38.71..38.72 rows=1 width=8)
	  ->  Index Scan using sbtest8_pkey on sbtest8  (cost=0.43..38.69 rows=10 width=4)
	        Index Cond: ((id >= 8479184) AND (id <= 8479193))

for non_index_updates
table 1 : explain UPDATE sbtest1 SET c='foobar' WHERE id=7451578
	Update on sbtest1  (cost=0.43..8.45 rows=1 width=559)
	  ->  Index Scan using sbtest1_pkey on sbtest1  (cost=0.43..8.45 rows=1 width=559)
	        Index Cond: (id = 7451578)

table 2 : explain UPDATE sbtest2 SET c='foobar' WHERE id=5224192
	Update on sbtest2  (cost=0.43..8.45 rows=1 width=559)
	  ->  Index Scan using sbtest2_pkey on sbtest2  (cost=0.43..8.45 rows=1 width=559)
	        Index Cond: (id = 5224192)

table 3 : explain UPDATE sbtest3 SET c='foobar' WHERE id=5819407
	Update on sbtest3  (cost=0.43..8.45 rows=1 width=559)
	  ->  Index Scan using sbtest3_pkey on sbtest3  (cost=0.43..8.45 rows=1 width=559)
	        Index Cond: (id = 5819407)

table 4 : explain UPDATE sbtest4 SET c='foobar' WHERE id=1960337
	Update on sbtest4  (cost=0.43..8.45 rows=1 width=559)
	  ->  Index Scan using sbtest4_pkey on sbtest4  (cost=0.43..8.45 rows=1 width=559)
	        Index Cond: (id = 1960337)

table 5 : explain UPDATE sbtest5 SET c='foobar' WHERE id=1399324
	Update on sbtest5  (cost=0.43..8.45 rows=1 width=559)
	  ->  Index Scan using sbtest5_pkey on sbtest5  (cost=0.43..8.45 rows=1 width=559)
	        Index Cond: (id = 1399324)

table 6 : explain UPDATE sbtest6 SET c='foobar' WHERE id=6510520
	Update on sbtest6  (cost=0.43..8.45 rows=1 width=559)
	  ->  Index Scan using sbtest6_pkey on sbtest6  (cost=0.43..8.45 rows=1 width=559)
	        Index Cond: (id = 6510520)

table 7 : explain UPDATE sbtest7 SET c='foobar' WHERE id=3870524
	Update on sbtest7  (cost=0.43..8.45 rows=1 width=559)
	  ->  Index Scan using sbtest7_pkey on sbtest7  (cost=0.43..8.45 rows=1 width=559)
	        Index Cond: (id = 3870524)

table 8 : explain UPDATE sbtest8 SET c='foobar' WHERE id=3511684
	Update on sbtest8  (cost=0.43..8.45 rows=1 width=559)
	  ->  Index Scan using sbtest8_pkey on sbtest8  (cost=0.43..8.45 rows=1 width=559)
	        Index Cond: (id = 3511684)

for point_selects
table 1 : explain SELECT c FROM sbtest1 WHERE id=6453459
	Index Scan using sbtest1_pkey on sbtest1  (cost=0.43..8.45 rows=1 width=121)
	  Index Cond: (id = 6453459)

table 2 : explain SELECT c FROM sbtest2 WHERE id=6724451
	Index Scan using sbtest2_pkey on sbtest2  (cost=0.43..8.45 rows=1 width=121)
	  Index Cond: (id = 6724451)

table 3 : explain SELECT c FROM sbtest3 WHERE id=9645947
	Index Scan using sbtest3_pkey on sbtest3  (cost=0.43..8.45 rows=1 width=121)
	  Index Cond: (id = 9645947)

table 4 : explain SELECT c FROM sbtest4 WHERE id=5025627
	Index Scan using sbtest4_pkey on sbtest4  (cost=0.43..8.45 rows=1 width=121)
	  Index Cond: (id = 5025627)

table 5 : explain SELECT c FROM sbtest5 WHERE id=182572
	Index Scan using sbtest5_pkey on sbtest5  (cost=0.43..8.45 rows=1 width=121)
	  Index Cond: (id = 182572)

table 6 : explain SELECT c FROM sbtest6 WHERE id=5991043
	Index Scan using sbtest6_pkey on sbtest6  (cost=0.43..8.45 rows=1 width=121)
	  Index Cond: (id = 5991043)

table 7 : explain SELECT c FROM sbtest7 WHERE id=3686864
	Index Scan using sbtest7_pkey on sbtest7  (cost=0.43..8.45 rows=1 width=121)
	  Index Cond: (id = 3686864)

table 8 : explain SELECT c FROM sbtest8 WHERE id=2002160
	Index Scan using sbtest8_pkey on sbtest8  (cost=0.43..8.45 rows=1 width=121)
	  Index Cond: (id = 2002160)

explain: for deletes :: explain DELETE FROM sbtest%u WHERE id=%u
for index_updates
table 1 : explain UPDATE sbtest1 SET k=k+1 WHERE id=6313960
	Update on sbtest1  (cost=0.43..8.46 rows=1 width=196)
	  ->  Index Scan using sbtest1_pkey on sbtest1  (cost=0.43..8.46 rows=1 width=196)
	        Index Cond: (id = 6313960)

table 2 : explain UPDATE sbtest2 SET k=k+1 WHERE id=5383750
	Update on sbtest2  (cost=0.43..8.46 rows=1 width=196)
	  ->  Index Scan using sbtest2_pkey on sbtest2  (cost=0.43..8.46 rows=1 width=196)
	        Index Cond: (id = 5383750)

table 3 : explain UPDATE sbtest3 SET k=k+1 WHERE id=7228819
	Update on sbtest3  (cost=0.43..8.46 rows=1 width=196)
	  ->  Index Scan using sbtest3_pkey on sbtest3  (cost=0.43..8.46 rows=1 width=196)
	        Index Cond: (id = 7228819)

table 4 : explain UPDATE sbtest4 SET k=k+1 WHERE id=3098845
	Update on sbtest4  (cost=0.43..8.46 rows=1 width=196)
	  ->  Index Scan using sbtest4_pkey on sbtest4  (cost=0.43..8.46 rows=1 width=196)
	        Index Cond: (id = 3098845)

table 5 : explain UPDATE sbtest5 SET k=k+1 WHERE id=2262645
	Update on sbtest5  (cost=0.43..8.46 rows=1 width=196)
	  ->  Index Scan using sbtest5_pkey on sbtest5  (cost=0.43..8.46 rows=1 width=196)
	        Index Cond: (id = 2262645)

table 6 : explain UPDATE sbtest6 SET k=k+1 WHERE id=4481764
	Update on sbtest6  (cost=0.43..8.46 rows=1 width=196)
	  ->  Index Scan using sbtest6_pkey on sbtest6  (cost=0.43..8.46 rows=1 width=196)
	        Index Cond: (id = 4481764)

table 7 : explain UPDATE sbtest7 SET k=k+1 WHERE id=1027321
	Update on sbtest7  (cost=0.43..8.46 rows=1 width=196)
	  ->  Index Scan using sbtest7_pkey on sbtest7  (cost=0.43..8.46 rows=1 width=196)
	        Index Cond: (id = 1027321)

table 8 : explain UPDATE sbtest8 SET k=k+1 WHERE id=7259453
	Update on sbtest8  (cost=0.43..8.46 rows=1 width=196)
	  ->  Index Scan using sbtest8_pkey on sbtest8  (cost=0.43..8.46 rows=1 width=196)
	        Index Cond: (id = 7259453)

for: sum_ranges
table 1 : explain SELECT SUM(k) FROM sbtest1 WHERE id BETWEEN 2290543 AND 2290552
	Aggregate  (cost=35.88..35.89 rows=1 width=8)
	  ->  Index Scan using sbtest1_pkey on sbtest1  (cost=0.43..35.86 rows=9 width=4)
	        Index Cond: ((id >= 2290543) AND (id <= 2290552))

table 2 : explain SELECT SUM(k) FROM sbtest2 WHERE id BETWEEN 6598095 AND 6598104
	Aggregate  (cost=39.20..39.21 rows=1 width=8)
	  ->  Index Scan using sbtest2_pkey on sbtest2  (cost=0.43..39.18 rows=10 width=4)
	        Index Cond: ((id >= 6598095) AND (id <= 6598104))

table 3 : explain SELECT SUM(k) FROM sbtest3 WHERE id BETWEEN 6078122 AND 6078131
	Aggregate  (cost=35.74..35.75 rows=1 width=8)
	  ->  Index Scan using sbtest3_pkey on sbtest3  (cost=0.43..35.72 rows=9 width=4)
	        Index Cond: ((id >= 6078122) AND (id <= 6078131))

table 4 : explain SELECT SUM(k) FROM sbtest4 WHERE id BETWEEN 5118459 AND 5118468
	Aggregate  (cost=38.86..38.87 rows=1 width=8)
	  ->  Index Scan using sbtest4_pkey on sbtest4  (cost=0.43..38.83 rows=10 width=4)
	        Index Cond: ((id >= 5118459) AND (id <= 5118468))

table 5 : explain SELECT SUM(k) FROM sbtest5 WHERE id BETWEEN 4675744 AND 4675753
	Aggregate  (cost=38.73..38.74 rows=1 width=8)
	  ->  Index Scan using sbtest5_pkey on sbtest5  (cost=0.43..38.71 rows=10 width=4)
	        Index Cond: ((id >= 4675744) AND (id <= 4675753))

table 6 : explain SELECT SUM(k) FROM sbtest6 WHERE id BETWEEN 2855041 AND 2855050
	Aggregate  (cost=38.69..38.70 rows=1 width=8)
	  ->  Index Scan using sbtest6_pkey on sbtest6  (cost=0.43..38.66 rows=10 width=4)
	        Index Cond: ((id >= 2855041) AND (id <= 2855050))

table 7 : explain SELECT SUM(k) FROM sbtest7 WHERE id BETWEEN 2133857 AND 2133866
	Aggregate  (cost=42.22..42.23 rows=1 width=8)
	  ->  Index Scan using sbtest7_pkey on sbtest7  (cost=0.43..42.19 rows=11 width=4)
	        Index Cond: ((id >= 2133857) AND (id <= 2133866))

table 8 : explain SELECT SUM(k) FROM sbtest8 WHERE id BETWEEN 9493721 AND 9493730
	Aggregate  (cost=35.35..35.36 rows=1 width=8)
	  ->  Index Scan using sbtest8_pkey on sbtest8  (cost=0.43..35.33 rows=9 width=4)
	        Index Cond: ((id >= 9493721) AND (id <= 9493730))

for: distinct_ranges
table 1 : explain SELECT DISTINCT c FROM sbtest1 WHERE id BETWEEN 8243037 AND 8243046 ORDER BY c
	Unique  (cost=36.00..36.04 rows=9 width=121)
	  ->  Sort  (cost=36.00..36.02 rows=9 width=121)
	        Sort Key: c
	        ->  Index Scan using sbtest1_pkey on sbtest1  (cost=0.43..35.86 rows=9 width=121)
	              Index Cond: ((id >= 8243037) AND (id <= 8243046))

table 2 : explain SELECT DISTINCT c FROM sbtest2 WHERE id BETWEEN 5153987 AND 5153996 ORDER BY c
	Unique  (cost=39.34..39.39 rows=10 width=121)
	  ->  Sort  (cost=39.34..39.37 rows=10 width=121)
	        Sort Key: c
	        ->  Index Scan using sbtest2_pkey on sbtest2  (cost=0.43..39.18 rows=10 width=121)
	              Index Cond: ((id >= 5153987) AND (id <= 5153996))

table 3 : explain SELECT DISTINCT c FROM sbtest3 WHERE id BETWEEN 9694141 AND 9694150 ORDER BY c
	Unique  (cost=39.29..39.34 rows=10 width=121)
	  ->  Sort  (cost=39.29..39.32 rows=10 width=121)
	        Sort Key: c
	        ->  Index Scan using sbtest3_pkey on sbtest3  (cost=0.43..39.13 rows=10 width=121)
	              Index Cond: ((id >= 9694141) AND (id <= 9694150))

table 4 : explain SELECT DISTINCT c FROM sbtest4 WHERE id BETWEEN 6698609 AND 6698618 ORDER BY c
	Unique  (cost=39.00..39.05 rows=10 width=121)
	  ->  Sort  (cost=39.00..39.02 rows=10 width=121)
	        Sort Key: c
	        ->  Index Scan using sbtest4_pkey on sbtest4  (cost=0.43..38.83 rows=10 width=121)
	              Index Cond: ((id >= 6698609) AND (id <= 6698618))

table 5 : explain SELECT DISTINCT c FROM sbtest5 WHERE id BETWEEN 9518244 AND 9518253 ORDER BY c
	Unique  (cost=35.49..35.53 rows=9 width=121)
	  ->  Sort  (cost=35.49..35.51 rows=9 width=121)
	        Sort Key: c
	        ->  Index Scan using sbtest5_pkey on sbtest5  (cost=0.43..35.35 rows=9 width=121)
	              Index Cond: ((id >= 9518244) AND (id <= 9518253))

table 6 : explain SELECT DISTINCT c FROM sbtest6 WHERE id BETWEEN 726654 AND 726663 ORDER BY c
	Unique  (cost=35.45..35.49 rows=9 width=121)
	  ->  Sort  (cost=35.45..35.47 rows=9 width=121)
	        Sort Key: c
	        ->  Index Scan using sbtest6_pkey on sbtest6  (cost=0.43..35.31 rows=9 width=121)
	              Index Cond: ((id >= 726654) AND (id <= 726663))

table 7 : explain SELECT DISTINCT c FROM sbtest7 WHERE id BETWEEN 9126154 AND 9126163 ORDER BY c
	Unique  (cost=35.59..35.63 rows=9 width=121)
	  ->  Sort  (cost=35.59..35.61 rows=9 width=121)
	        Sort Key: c
	        ->  Index Scan using sbtest7_pkey on sbtest7  (cost=0.43..35.45 rows=9 width=121)
	              Index Cond: ((id >= 9126154) AND (id <= 9126163))

table 8 : explain SELECT DISTINCT c FROM sbtest8 WHERE id BETWEEN 1777002 AND 1777011 ORDER BY c
	Unique  (cost=35.47..35.51 rows=9 width=121)
	  ->  Sort  (cost=35.47..35.49 rows=9 width=121)
	        Sort Key: c
	        ->  Index Scan using sbtest8_pkey on sbtest8  (cost=0.43..35.33 rows=9 width=121)
	              Index Cond: ((id >= 1777002) AND (id <= 1777011))

for: sum_ranges
table 1 : explain SELECT SUM(k) FROM sbtest1 WHERE id BETWEEN 9372271 AND 9372280
	Aggregate  (cost=35.88..35.89 rows=1 width=8)
	  ->  Index Scan using sbtest1_pkey on sbtest1  (cost=0.43..35.86 rows=9 width=4)
	        Index Cond: ((id >= 9372271) AND (id <= 9372280))

table 2 : explain SELECT SUM(k) FROM sbtest2 WHERE id BETWEEN 7028361 AND 7028370
	Aggregate  (cost=39.20..39.21 rows=1 width=8)
	  ->  Index Scan using sbtest2_pkey on sbtest2  (cost=0.43..39.18 rows=10 width=4)
	        Index Cond: ((id >= 7028361) AND (id <= 7028370))

table 3 : explain SELECT SUM(k) FROM sbtest3 WHERE id BETWEEN 2285898 AND 2285907
	Aggregate  (cost=42.56..42.57 rows=1 width=8)
	  ->  Index Scan using sbtest3_pkey on sbtest3  (cost=0.43..42.53 rows=11 width=4)
	        Index Cond: ((id >= 2285898) AND (id <= 2285907))

table 4 : explain SELECT SUM(k) FROM sbtest4 WHERE id BETWEEN 3190924 AND 3190933
	Aggregate  (cost=38.86..38.87 rows=1 width=8)
	  ->  Index Scan using sbtest4_pkey on sbtest4  (cost=0.43..38.83 rows=10 width=4)
	        Index Cond: ((id >= 3190924) AND (id <= 3190933))

table 5 : explain SELECT SUM(k) FROM sbtest5 WHERE id BETWEEN 4483734 AND 4483743
	Aggregate  (cost=38.73..38.74 rows=1 width=8)
	  ->  Index Scan using sbtest5_pkey on sbtest5  (cost=0.43..38.71 rows=10 width=4)
	        Index Cond: ((id >= 4483734) AND (id <= 4483743))

table 6 : explain SELECT SUM(k) FROM sbtest6 WHERE id BETWEEN 4958787 AND 4958796
	Aggregate  (cost=38.69..38.70 rows=1 width=8)
	  ->  Index Scan using sbtest6_pkey on sbtest6  (cost=0.43..38.66 rows=10 width=4)
	        Index Cond: ((id >= 4958787) AND (id <= 4958796))

table 7 : explain SELECT SUM(k) FROM sbtest7 WHERE id BETWEEN 3362210 AND 3362219
	Aggregate  (cost=38.85..38.86 rows=1 width=8)
	  ->  Index Scan using sbtest7_pkey on sbtest7  (cost=0.43..38.82 rows=10 width=4)
	        Index Cond: ((id >= 3362210) AND (id <= 3362219))

table 8 : explain SELECT SUM(k) FROM sbtest8 WHERE id BETWEEN 1682217 AND 1682226
	Aggregate  (cost=38.71..38.72 rows=1 width=8)
	  ->  Index Scan using sbtest8_pkey on sbtest8  (cost=0.43..38.69 rows=10 width=4)
	        Index Cond: ((id >= 1682217) AND (id <= 1682226))

for deletes
table 1 : explain DELETE FROM sbtest1 WHERE id=3171292
	Delete on sbtest1  (cost=0.43..8.45 rows=1 width=6)
	  ->  Index Scan using sbtest1_pkey on sbtest1  (cost=0.43..8.45 rows=1 width=6)
	        Index Cond: (id = 3171292)

table 2 : explain DELETE FROM sbtest2 WHERE id=2452241
	Delete on sbtest2  (cost=0.43..8.45 rows=1 width=6)
	  ->  Index Scan using sbtest2_pkey on sbtest2  (cost=0.43..8.45 rows=1 width=6)
	        Index Cond: (id = 2452241)

table 3 : explain DELETE FROM sbtest3 WHERE id=1842675
	Delete on sbtest3  (cost=0.43..8.45 rows=1 width=6)
	  ->  Index Scan using sbtest3_pkey on sbtest3  (cost=0.43..8.45 rows=1 width=6)
	        Index Cond: (id = 1842675)

table 4 : explain DELETE FROM sbtest4 WHERE id=4874971
	Delete on sbtest4  (cost=0.43..8.45 rows=1 width=6)
	  ->  Index Scan using sbtest4_pkey on sbtest4  (cost=0.43..8.45 rows=1 width=6)
	        Index Cond: (id = 4874971)

table 5 : explain DELETE FROM sbtest5 WHERE id=2300158
	Delete on sbtest5  (cost=0.43..8.45 rows=1 width=6)
	  ->  Index Scan using sbtest5_pkey on sbtest5  (cost=0.43..8.45 rows=1 width=6)
	        Index Cond: (id = 2300158)

table 6 : explain DELETE FROM sbtest6 WHERE id=7197578
	Delete on sbtest6  (cost=0.43..8.45 rows=1 width=6)
	  ->  Index Scan using sbtest6_pkey on sbtest6  (cost=0.43..8.45 rows=1 width=6)
	        Index Cond: (id = 7197578)

table 7 : explain DELETE FROM sbtest7 WHERE id=9214264
	Delete on sbtest7  (cost=0.43..8.45 rows=1 width=6)
	  ->  Index Scan using sbtest7_pkey on sbtest7  (cost=0.43..8.45 rows=1 width=6)
	        Index Cond: (id = 9214264)

table 8 : explain DELETE FROM sbtest8 WHERE id=152382
	Delete on sbtest8  (cost=0.43..8.45 rows=1 width=6)
	  ->  Index Scan using sbtest8_pkey on sbtest8  (cost=0.43..8.45 rows=1 width=6)
	        Index Cond: (id = 152382)

for: distinct_ranges
table 1 : explain SELECT DISTINCT c FROM sbtest1 WHERE id BETWEEN 9373495 AND 9373504 ORDER BY c
	Unique  (cost=36.00..36.04 rows=9 width=121)
	  ->  Sort  (cost=36.00..36.02 rows=9 width=121)
	        Sort Key: c
	        ->  Index Scan using sbtest1_pkey on sbtest1  (cost=0.43..35.86 rows=9 width=121)
	              Index Cond: ((id >= 9373495) AND (id <= 9373504))

table 2 : explain SELECT DISTINCT c FROM sbtest2 WHERE id BETWEEN 7373039 AND 7373048 ORDER BY c
	Unique  (cost=42.78..42.84 rows=11 width=121)
	  ->  Sort  (cost=42.78..42.81 rows=11 width=121)
	        Sort Key: c
	        ->  Index Scan using sbtest2_pkey on sbtest2  (cost=0.43..42.59 rows=11 width=121)
	              Index Cond: ((id >= 7373039) AND (id <= 7373048))

table 3 : explain SELECT DISTINCT c FROM sbtest3 WHERE id BETWEEN 4032785 AND 4032794 ORDER BY c
	Unique  (cost=39.29..39.34 rows=10 width=121)
	  ->  Sort  (cost=39.29..39.32 rows=10 width=121)
	        Sort Key: c
	        ->  Index Scan using sbtest3_pkey on sbtest3  (cost=0.43..39.13 rows=10 width=121)
	              Index Cond: ((id >= 4032785) AND (id <= 4032794))

table 4 : explain SELECT DISTINCT c FROM sbtest4 WHERE id BETWEEN 6766654 AND 6766663 ORDER BY c
	Unique  (cost=42.40..42.45 rows=11 width=121)
	  ->  Sort  (cost=42.40..42.42 rows=11 width=121)
	        Sort Key: c
	        ->  Index Scan using sbtest4_pkey on sbtest4  (cost=0.43..42.21 rows=11 width=121)
	              Index Cond: ((id >= 6766654) AND (id <= 6766663))

table 5 : explain SELECT DISTINCT c FROM sbtest5 WHERE id BETWEEN 8299156 AND 8299165 ORDER BY c
	Unique  (cost=38.87..38.92 rows=10 width=121)
	  ->  Sort  (cost=38.87..38.90 rows=10 width=121)
	        Sort Key: c
	        ->  Index Scan using sbtest5_pkey on sbtest5  (cost=0.43..38.71 rows=10 width=121)
	              Index Cond: ((id >= 8299156) AND (id <= 8299165))

table 6 : explain SELECT DISTINCT c FROM sbtest6 WHERE id BETWEEN 5993686 AND 5993695 ORDER BY c
	Unique  (cost=35.45..35.49 rows=9 width=121)
	  ->  Sort  (cost=35.45..35.47 rows=9 width=121)
	        Sort Key: c
	        ->  Index Scan using sbtest6_pkey on sbtest6  (cost=0.43..35.31 rows=9 width=121)
	              Index Cond: ((id >= 5993686) AND (id <= 5993695))

table 7 : explain SELECT DISTINCT c FROM sbtest7 WHERE id BETWEEN 8686260 AND 8686269 ORDER BY c
	Unique  (cost=38.99..39.04 rows=10 width=121)
	  ->  Sort  (cost=38.99..39.01 rows=10 width=121)
	        Sort Key: c
	        ->  Index Scan using sbtest7_pkey on sbtest7  (cost=0.43..38.82 rows=10 width=121)
	              Index Cond: ((id >= 8686260) AND (id <= 8686269))

table 8 : explain SELECT DISTINCT c FROM sbtest8 WHERE id BETWEEN 8133037 AND 8133046 ORDER BY c
	Unique  (cost=38.85..38.90 rows=10 width=121)
	  ->  Sort  (cost=38.85..38.88 rows=10 width=121)
	        Sort Key: c
	        ->  Index Scan using sbtest8_pkey on sbtest8  (cost=0.43..38.69 rows=10 width=121)
	              Index Cond: ((id >= 8133037) AND (id <= 8133046))

explain: for non_index_updates :: explain UPDATE sbtest%u SET c='foobar' WHERE id=%u
for non_index_updates
table 1 : explain UPDATE sbtest1 SET c='foobar' WHERE id=8235035
	Update on sbtest1  (cost=0.43..8.45 rows=1 width=559)
	  ->  Index Scan using sbtest1_pkey on sbtest1  (cost=0.43..8.45 rows=1 width=559)
	        Index Cond: (id = 8235035)

table 2 : explain UPDATE sbtest2 SET c='foobar' WHERE id=7525450
	Update on sbtest2  (cost=0.43..8.45 rows=1 width=559)
	  ->  Index Scan using sbtest2_pkey on sbtest2  (cost=0.43..8.45 rows=1 width=559)
	        Index Cond: (id = 7525450)

table 3 : explain UPDATE sbtest3 SET c='foobar' WHERE id=5495019
	Update on sbtest3  (cost=0.43..8.45 rows=1 width=559)
	  ->  Index Scan using sbtest3_pkey on sbtest3  (cost=0.43..8.45 rows=1 width=559)
	        Index Cond: (id = 5495019)

table 4 : explain UPDATE sbtest4 SET c='foobar' WHERE id=6742578
	Update on sbtest4  (cost=0.43..8.45 rows=1 width=559)
	  ->  Index Scan using sbtest4_pkey on sbtest4  (cost=0.43..8.45 rows=1 width=559)
	        Index Cond: (id = 6742578)

table 5 : explain UPDATE sbtest5 SET c='foobar' WHERE id=5494381
	Update on sbtest5  (cost=0.43..8.45 rows=1 width=559)
	  ->  Index Scan using sbtest5_pkey on sbtest5  (cost=0.43..8.45 rows=1 width=559)
	        Index Cond: (id = 5494381)

table 6 : explain UPDATE sbtest6 SET c='foobar' WHERE id=3018027
	Update on sbtest6  (cost=0.43..8.45 rows=1 width=559)
	  ->  Index Scan using sbtest6_pkey on sbtest6  (cost=0.43..8.45 rows=1 width=559)
	        Index Cond: (id = 3018027)

table 7 : explain UPDATE sbtest7 SET c='foobar' WHERE id=3837232
	Update on sbtest7  (cost=0.43..8.45 rows=1 width=559)
	  ->  Index Scan using sbtest7_pkey on sbtest7  (cost=0.43..8.45 rows=1 width=559)
	        Index Cond: (id = 3837232)

table 8 : explain UPDATE sbtest8 SET c='foobar' WHERE id=2315856
	Update on sbtest8  (cost=0.43..8.45 rows=1 width=559)
	  ->  Index Scan using sbtest8_pkey on sbtest8  (cost=0.43..8.45 rows=1 width=559)
	        Index Cond: (id = 2315856)

for: order_ranges
table 1 : explain SELECT c FROM sbtest1 WHERE id BETWEEN 8858456 AND 8858465 ORDER BY c
	Sort  (cost=39.45..39.47 rows=10 width=121)
	  Sort Key: c
	  ->  Index Scan using sbtest1_pkey on sbtest1  (cost=0.43..39.28 rows=10 width=121)
	        Index Cond: ((id >= 8858456) AND (id <= 8858465))

table 2 : explain SELECT c FROM sbtest2 WHERE id BETWEEN 2281567 AND 2281576 ORDER BY c
	Sort  (cost=42.78..42.81 rows=11 width=121)
	  Sort Key: c
	  ->  Index Scan using sbtest2_pkey on sbtest2  (cost=0.43..42.59 rows=11 width=121)
	        Index Cond: ((id >= 2281567) AND (id <= 2281576))

table 3 : explain SELECT c FROM sbtest3 WHERE id BETWEEN 6875446 AND 6875455 ORDER BY c
	Sort  (cost=39.29..39.32 rows=10 width=121)
	  Sort Key: c
	  ->  Index Scan using sbtest3_pkey on sbtest3  (cost=0.43..39.13 rows=10 width=121)
	        Index Cond: ((id >= 6875446) AND (id <= 6875455))

table 4 : explain SELECT c FROM sbtest4 WHERE id BETWEEN 5879148 AND 5879157 ORDER BY c
	Sort  (cost=39.00..39.02 rows=10 width=121)
	  Sort Key: c
	  ->  Index Scan using sbtest4_pkey on sbtest4  (cost=0.43..38.83 rows=10 width=121)
	        Index Cond: ((id >= 5879148) AND (id <= 5879157))

table 5 : explain SELECT c FROM sbtest5 WHERE id BETWEEN 603534 AND 603543 ORDER BY c
	Sort  (cost=38.87..38.90 rows=10 width=121)
	  Sort Key: c
	  ->  Index Scan using sbtest5_pkey on sbtest5  (cost=0.43..38.71 rows=10 width=121)
	        Index Cond: ((id >= 603534) AND (id <= 603543))

table 6 : explain SELECT c FROM sbtest6 WHERE id BETWEEN 1445386 AND 1445395 ORDER BY c
	Sort  (cost=42.21..42.24 rows=11 width=121)
	  Sort Key: c
	  ->  Index Scan using sbtest6_pkey on sbtest6  (cost=0.43..42.02 rows=11 width=121)
	        Index Cond: ((id >= 1445386) AND (id <= 1445395))

table 7 : explain SELECT c FROM sbtest7 WHERE id BETWEEN 6832495 AND 6832504 ORDER BY c
	Sort  (cost=38.99..39.01 rows=10 width=121)
	  Sort Key: c
	  ->  Index Scan using sbtest7_pkey on sbtest7  (cost=0.43..38.82 rows=10 width=121)
	        Index Cond: ((id >= 6832495) AND (id <= 6832504))

table 8 : explain SELECT c FROM sbtest8 WHERE id BETWEEN 3362206 AND 3362215 ORDER BY c
	Sort  (cost=38.85..38.88 rows=10 width=121)
	  Sort Key: c
	  ->  Index Scan using sbtest8_pkey on sbtest8  (cost=0.43..38.69 rows=10 width=121)
	        Index Cond: ((id >= 3362206) AND (id <= 3362215))

for: simple_ranges
table 1 : explain SELECT c FROM sbtest1 WHERE id BETWEEN 7159559 AND 7159568
	Index Scan using sbtest1_pkey on sbtest1  (cost=0.43..39.28 rows=10 width=121)
	  Index Cond: ((id >= 7159559) AND (id <= 7159568))

table 2 : explain SELECT c FROM sbtest2 WHERE id BETWEEN 7753730 AND 7753739
	Index Scan using sbtest2_pkey on sbtest2  (cost=0.43..42.59 rows=11 width=121)
	  Index Cond: ((id >= 7753730) AND (id <= 7753739))

table 3 : explain SELECT c FROM sbtest3 WHERE id BETWEEN 3499406 AND 3499415
	Index Scan using sbtest3_pkey on sbtest3  (cost=0.43..39.13 rows=10 width=121)
	  Index Cond: ((id >= 3499406) AND (id <= 3499415))

table 4 : explain SELECT c FROM sbtest4 WHERE id BETWEEN 5435847 AND 5435856
	Index Scan using sbtest4_pkey on sbtest4  (cost=0.43..38.83 rows=10 width=121)
	  Index Cond: ((id >= 5435847) AND (id <= 5435856))

table 5 : explain SELECT c FROM sbtest5 WHERE id BETWEEN 8483502 AND 8483511
	Index Scan using sbtest5_pkey on sbtest5  (cost=0.43..42.07 rows=11 width=121)
	  Index Cond: ((id >= 8483502) AND (id <= 8483511))

table 6 : explain SELECT c FROM sbtest6 WHERE id BETWEEN 540962 AND 540971
	Index Scan using sbtest6_pkey on sbtest6  (cost=0.43..38.66 rows=10 width=121)
	  Index Cond: ((id >= 540962) AND (id <= 540971))

table 7 : explain SELECT c FROM sbtest7 WHERE id BETWEEN 8201532 AND 8201541
	Index Scan using sbtest7_pkey on sbtest7  (cost=0.43..38.82 rows=10 width=121)
	  Index Cond: ((id >= 8201532) AND (id <= 8201541))

table 8 : explain SELECT c FROM sbtest8 WHERE id BETWEEN 7749645 AND 7749654
	Index Scan using sbtest8_pkey on sbtest8  (cost=0.43..35.33 rows=9 width=121)
	  Index Cond: ((id >= 7749645) AND (id <= 7749654))

for: distinct_ranges
table 1 : explain SELECT DISTINCT c FROM sbtest1 WHERE id BETWEEN 2182296 AND 2182305 ORDER BY c
	Unique  (cost=39.45..39.50 rows=10 width=121)
	  ->  Sort  (cost=39.45..39.47 rows=10 width=121)
	        Sort Key: c
	        ->  Index Scan using sbtest1_pkey on sbtest1  (cost=0.43..39.28 rows=10 width=121)
	              Index Cond: ((id >= 2182296) AND (id <= 2182305))

table 2 : explain SELECT DISTINCT c FROM sbtest2 WHERE id BETWEEN 9540373 AND 9540382 ORDER BY c
	Unique  (cost=42.78..42.84 rows=11 width=121)
	  ->  Sort  (cost=42.78..42.81 rows=11 width=121)
	        Sort Key: c
	        ->  Index Scan using sbtest2_pkey on sbtest2  (cost=0.43..42.59 rows=11 width=121)
	              Index Cond: ((id >= 9540373) AND (id <= 9540382))

table 3 : explain SELECT DISTINCT c FROM sbtest3 WHERE id BETWEEN 1819180 AND 1819189 ORDER BY c
	Unique  (cost=39.29..39.34 rows=10 width=121)
	  ->  Sort  (cost=39.29..39.32 rows=10 width=121)
	        Sort Key: c
	        ->  Index Scan using sbtest3_pkey on sbtest3  (cost=0.43..39.13 rows=10 width=121)
	              Index Cond: ((id >= 1819180) AND (id <= 1819189))

table 4 : explain SELECT DISTINCT c FROM sbtest4 WHERE id BETWEEN 5750224 AND 5750233 ORDER BY c
	Unique  (cost=35.60..35.64 rows=9 width=121)
	  ->  Sort  (cost=35.60..35.62 rows=9 width=121)
	        Sort Key: c
	        ->  Index Scan using sbtest4_pkey on sbtest4  (cost=0.43..35.46 rows=9 width=121)
	              Index Cond: ((id >= 5750224) AND (id <= 5750233))

table 5 : explain SELECT DISTINCT c FROM sbtest5 WHERE id BETWEEN 7842417 AND 7842426 ORDER BY c
	Unique  (cost=38.87..38.92 rows=10 width=121)
	  ->  Sort  (cost=38.87..38.90 rows=10 width=121)
	        Sort Key: c
	        ->  Index Scan using sbtest5_pkey on sbtest5  (cost=0.43..38.71 rows=10 width=121)
	              Index Cond: ((id >= 7842417) AND (id <= 7842426))

table 6 : explain SELECT DISTINCT c FROM sbtest6 WHERE id BETWEEN 8734644 AND 8734653 ORDER BY c
	Unique  (cost=38.83..38.88 rows=10 width=121)
	  ->  Sort  (cost=38.83..38.85 rows=10 width=121)
	        Sort Key: c
	        ->  Index Scan using sbtest6_pkey on sbtest6  (cost=0.43..38.66 rows=10 width=121)
	              Index Cond: ((id >= 8734644) AND (id <= 8734653))

table 7 : explain SELECT DISTINCT c FROM sbtest7 WHERE id BETWEEN 2651687 AND 2651696 ORDER BY c
	Unique  (cost=38.99..39.04 rows=10 width=121)
	  ->  Sort  (cost=38.99..39.01 rows=10 width=121)
	        Sort Key: c
	        ->  Index Scan using sbtest7_pkey on sbtest7  (cost=0.43..38.82 rows=10 width=121)
	              Index Cond: ((id >= 2651687) AND (id <= 2651696))

table 8 : explain SELECT DISTINCT c FROM sbtest8 WHERE id BETWEEN 9536891 AND 9536900 ORDER BY c
	Unique  (cost=35.47..35.51 rows=9 width=121)
	  ->  Sort  (cost=35.47..35.49 rows=9 width=121)
	        Sort Key: c
	        ->  Index Scan using sbtest8_pkey on sbtest8  (cost=0.43..35.33 rows=9 width=121)
	              Index Cond: ((id >= 9536891) AND (id <= 9536900))

explain: for inserts :: explain INSERT INTO sbtest%u (id, k, c, pad) VALUES (%u, 13, 'foobar', 'foobar')
for index_updates
table 1 : explain UPDATE sbtest1 SET k=k+1 WHERE id=4192293
	Update on sbtest1  (cost=0.43..8.46 rows=1 width=196)
	  ->  Index Scan using sbtest1_pkey on sbtest1  (cost=0.43..8.46 rows=1 width=196)
	        Index Cond: (id = 4192293)

table 2 : explain UPDATE sbtest2 SET k=k+1 WHERE id=7040746
	Update on sbtest2  (cost=0.43..8.46 rows=1 width=196)
	  ->  Index Scan using sbtest2_pkey on sbtest2  (cost=0.43..8.46 rows=1 width=196)
	        Index Cond: (id = 7040746)

table 3 : explain UPDATE sbtest3 SET k=k+1 WHERE id=3486261
	Update on sbtest3  (cost=0.43..8.46 rows=1 width=196)
	  ->  Index Scan using sbtest3_pkey on sbtest3  (cost=0.43..8.46 rows=1 width=196)
	        Index Cond: (id = 3486261)

table 4 : explain UPDATE sbtest4 SET k=k+1 WHERE id=1013058
	Update on sbtest4  (cost=0.43..8.46 rows=1 width=196)
	  ->  Index Scan using sbtest4_pkey on sbtest4  (cost=0.43..8.46 rows=1 width=196)
	        Index Cond: (id = 1013058)

table 5 : explain UPDATE sbtest5 SET k=k+1 WHERE id=6245069
	Update on sbtest5  (cost=0.43..8.46 rows=1 width=196)
	  ->  Index Scan using sbtest5_pkey on sbtest5  (cost=0.43..8.46 rows=1 width=196)
	        Index Cond: (id = 6245069)

table 6 : explain UPDATE sbtest6 SET k=k+1 WHERE id=573542
	Update on sbtest6  (cost=0.43..8.46 rows=1 width=196)
	  ->  Index Scan using sbtest6_pkey on sbtest6  (cost=0.43..8.46 rows=1 width=196)
	        Index Cond: (id = 573542)

table 7 : explain UPDATE sbtest7 SET k=k+1 WHERE id=66014
	Update on sbtest7  (cost=0.43..8.46 rows=1 width=196)
	  ->  Index Scan using sbtest7_pkey on sbtest7  (cost=0.43..8.46 rows=1 width=196)
	        Index Cond: (id = 66014)

table 8 : explain UPDATE sbtest8 SET k=k+1 WHERE id=1880492
	Update on sbtest8  (cost=0.43..8.46 rows=1 width=196)
	  ->  Index Scan using sbtest8_pkey on sbtest8  (cost=0.43..8.46 rows=1 width=196)
	        Index Cond: (id = 1880492)

for non_index_updates
table 1 : explain UPDATE sbtest1 SET c='foobar' WHERE id=6404962
	Update on sbtest1  (cost=0.43..8.45 rows=1 width=559)
	  ->  Index Scan using sbtest1_pkey on sbtest1  (cost=0.43..8.45 rows=1 width=559)
	        Index Cond: (id = 6404962)

table 2 : explain UPDATE sbtest2 SET c='foobar' WHERE id=4629101
	Update on sbtest2  (cost=0.43..8.45 rows=1 width=559)
	  ->  Index Scan using sbtest2_pkey on sbtest2  (cost=0.43..8.45 rows=1 width=559)
	        Index Cond: (id = 4629101)

table 3 : explain UPDATE sbtest3 SET c='foobar' WHERE id=2913452
	Update on sbtest3  (cost=0.43..8.45 rows=1 width=559)
	  ->  Index Scan using sbtest3_pkey on sbtest3  (cost=0.43..8.45 rows=1 width=559)
	        Index Cond: (id = 2913452)

table 4 : explain UPDATE sbtest4 SET c='foobar' WHERE id=1964880
	Update on sbtest4  (cost=0.43..8.45 rows=1 width=559)
	  ->  Index Scan using sbtest4_pkey on sbtest4  (cost=0.43..8.45 rows=1 width=559)
	        Index Cond: (id = 1964880)

table 5 : explain UPDATE sbtest5 SET c='foobar' WHERE id=8744990
	Update on sbtest5  (cost=0.43..8.45 rows=1 width=559)
	  ->  Index Scan using sbtest5_pkey on sbtest5  (cost=0.43..8.45 rows=1 width=559)
	        Index Cond: (id = 8744990)

table 6 : explain UPDATE sbtest6 SET c='foobar' WHERE id=4363703
	Update on sbtest6  (cost=0.43..8.45 rows=1 width=559)
	  ->  Index Scan using sbtest6_pkey on sbtest6  (cost=0.43..8.45 rows=1 width=559)
	        Index Cond: (id = 4363703)

table 7 : explain UPDATE sbtest7 SET c='foobar' WHERE id=5837659
	Update on sbtest7  (cost=0.43..8.45 rows=1 width=559)
	  ->  Index Scan using sbtest7_pkey on sbtest7  (cost=0.43..8.45 rows=1 width=559)
	        Index Cond: (id = 5837659)

table 8 : explain UPDATE sbtest8 SET c='foobar' WHERE id=9404110
	Update on sbtest8  (cost=0.43..8.45 rows=1 width=559)
	  ->  Index Scan using sbtest8_pkey on sbtest8  (cost=0.43..8.45 rows=1 width=559)
	        Index Cond: (id = 9404110)

explain: for index_updates :: explain UPDATE sbtest%u SET k=k+1 WHERE id=%u
for inserts
table 1 : explain INSERT INTO sbtest1 (id, k, c, pad) VALUES (6696405, 13, 'foobar', 'foobar')
	Insert on sbtest1  (cost=0.00..0.01 rows=1 width=736)
	  ->  Result  (cost=0.00..0.01 rows=1 width=736)

table 2 : explain INSERT INTO sbtest2 (id, k, c, pad) VALUES (1072477, 13, 'foobar', 'foobar')
	Insert on sbtest2  (cost=0.00..0.01 rows=1 width=736)
	  ->  Result  (cost=0.00..0.01 rows=1 width=736)

table 3 : explain INSERT INTO sbtest3 (id, k, c, pad) VALUES (9382559, 13, 'foobar', 'foobar')
	Insert on sbtest3  (cost=0.00..0.01 rows=1 width=736)
	  ->  Result  (cost=0.00..0.01 rows=1 width=736)

table 4 : explain INSERT INTO sbtest4 (id, k, c, pad) VALUES (2591150, 13, 'foobar', 'foobar')
	Insert on sbtest4  (cost=0.00..0.01 rows=1 width=736)
	  ->  Result  (cost=0.00..0.01 rows=1 width=736)

table 5 : explain INSERT INTO sbtest5 (id, k, c, pad) VALUES (1539083, 13, 'foobar', 'foobar')
	Insert on sbtest5  (cost=0.00..0.01 rows=1 width=736)
	  ->  Result  (cost=0.00..0.01 rows=1 width=736)

table 6 : explain INSERT INTO sbtest6 (id, k, c, pad) VALUES (5341447, 13, 'foobar', 'foobar')
	Insert on sbtest6  (cost=0.00..0.01 rows=1 width=736)
	  ->  Result  (cost=0.00..0.01 rows=1 width=736)

table 7 : explain INSERT INTO sbtest7 (id, k, c, pad) VALUES (3211393, 13, 'foobar', 'foobar')
	Insert on sbtest7  (cost=0.00..0.01 rows=1 width=736)
	  ->  Result  (cost=0.00..0.01 rows=1 width=736)

table 8 : explain INSERT INTO sbtest8 (id, k, c, pad) VALUES (4435827, 13, 'foobar', 'foobar')
	Insert on sbtest8  (cost=0.00..0.01 rows=1 width=736)
	  ->  Result  (cost=0.00..0.01 rows=1 width=736)

explain: for deletes :: explain DELETE FROM sbtest%u WHERE id=%u
for: order_ranges
table 1 : explain SELECT c FROM sbtest1 WHERE id BETWEEN 8792964 AND 8792973 ORDER BY c
	Sort  (cost=39.45..39.47 rows=10 width=121)
	  Sort Key: c
	  ->  Index Scan using sbtest1_pkey on sbtest1  (cost=0.43..39.28 rows=10 width=121)
	        Index Cond: ((id >= 8792964) AND (id <= 8792973))

table 2 : explain SELECT c FROM sbtest2 WHERE id BETWEEN 5412229 AND 5412238 ORDER BY c
	Sort  (cost=39.34..39.37 rows=10 width=121)
	  Sort Key: c
	  ->  Index Scan using sbtest2_pkey on sbtest2  (cost=0.43..39.18 rows=10 width=121)
	        Index Cond: ((id >= 5412229) AND (id <= 5412238))

table 3 : explain SELECT c FROM sbtest3 WHERE id BETWEEN 4712602 AND 4712611 ORDER BY c
	Sort  (cost=35.86..35.88 rows=9 width=121)
	  Sort Key: c
	  ->  Index Scan using sbtest3_pkey on sbtest3  (cost=0.43..35.72 rows=9 width=121)
	        Index Cond: ((id >= 4712602) AND (id <= 4712611))

table 4 : explain SELECT c FROM sbtest4 WHERE id BETWEEN 2628678 AND 2628687 ORDER BY c
	Sort  (cost=42.40..42.42 rows=11 width=121)
	  Sort Key: c
	  ->  Index Scan using sbtest4_pkey on sbtest4  (cost=0.43..42.21 rows=11 width=121)
	        Index Cond: ((id >= 2628678) AND (id <= 2628687))

table 5 : explain SELECT c FROM sbtest5 WHERE id BETWEEN 7025935 AND 7025944 ORDER BY c
	Sort  (cost=42.26..42.29 rows=11 width=121)
	  Sort Key: c
	  ->  Index Scan using sbtest5_pkey on sbtest5  (cost=0.43..42.07 rows=11 width=121)
	        Index Cond: ((id >= 7025935) AND (id <= 7025944))

table 6 : explain SELECT c FROM sbtest6 WHERE id BETWEEN 4959068 AND 4959077 ORDER BY c
	Sort  (cost=38.83..38.85 rows=10 width=121)
	  Sort Key: c
	  ->  Index Scan using sbtest6_pkey on sbtest6  (cost=0.43..38.66 rows=10 width=121)
	        Index Cond: ((id >= 4959068) AND (id <= 4959077))

table 7 : explain SELECT c FROM sbtest7 WHERE id BETWEEN 2263831 AND 2263840 ORDER BY c
	Sort  (cost=38.99..39.01 rows=10 width=121)
	  Sort Key: c
	  ->  Index Scan using sbtest7_pkey on sbtest7  (cost=0.43..38.82 rows=10 width=121)
	        Index Cond: ((id >= 2263831) AND (id <= 2263840))

table 8 : explain SELECT c FROM sbtest8 WHERE id BETWEEN 1931646 AND 1931655 ORDER BY c
	Sort  (cost=38.85..38.88 rows=10 width=121)
	  Sort Key: c
	  ->  Index Scan using sbtest8_pkey on sbtest8  (cost=0.43..38.69 rows=10 width=121)
	        Index Cond: ((id >= 1931646) AND (id <= 1931655))

explain: for index_updates :: explain UPDATE sbtest%u SET k=k+1 WHERE id=%u
explain: for deletes :: explain DELETE FROM sbtest%u WHERE id=%u
explain: for index_updates :: explain UPDATE sbtest%u SET k=k+1 WHERE id=%u
for: order_ranges
table 1 : explain SELECT c FROM sbtest1 WHERE id BETWEEN 6232368 AND 6232377 ORDER BY c
	Sort  (cost=39.45..39.47 rows=10 width=121)
	  Sort Key: c
	  ->  Index Scan using sbtest1_pkey on sbtest1  (cost=0.43..39.28 rows=10 width=121)
	        Index Cond: ((id >= 6232368) AND (id <= 6232377))

table 2 : explain SELECT c FROM sbtest2 WHERE id BETWEEN 6652974 AND 6652983 ORDER BY c
	Sort  (cost=39.34..39.37 rows=10 width=121)
	  Sort Key: c
	  ->  Index Scan using sbtest2_pkey on sbtest2  (cost=0.43..39.18 rows=10 width=121)
	        Index Cond: ((id >= 6652974) AND (id <= 6652983))

table 3 : explain SELECT c FROM sbtest3 WHERE id BETWEEN 2591720 AND 2591729 ORDER BY c
	Sort  (cost=39.29..39.32 rows=10 width=121)
	  Sort Key: c
	  ->  Index Scan using sbtest3_pkey on sbtest3  (cost=0.43..39.13 rows=10 width=121)
	        Index Cond: ((id >= 2591720) AND (id <= 2591729))

table 4 : explain SELECT c FROM sbtest4 WHERE id BETWEEN 4463665 AND 4463674 ORDER BY c
	Sort  (cost=39.00..39.02 rows=10 width=121)
	  Sort Key: c
	  ->  Index Scan using sbtest4_pkey on sbtest4  (cost=0.43..38.83 rows=10 width=121)
	        Index Cond: ((id >= 4463665) AND (id <= 4463674))

table 5 : explain SELECT c FROM sbtest5 WHERE id BETWEEN 3226769 AND 3226778 ORDER BY c
	Sort  (cost=38.87..38.90 rows=10 width=121)
	  Sort Key: c
	  ->  Index Scan using sbtest5_pkey on sbtest5  (cost=0.43..38.71 rows=10 width=121)
	        Index Cond: ((id >= 3226769) AND (id <= 3226778))

table 6 : explain SELECT c FROM sbtest6 WHERE id BETWEEN 8834645 AND 8834654 ORDER BY c
	Sort  (cost=42.21..42.24 rows=11 width=121)
	  Sort Key: c
	  ->  Index Scan using sbtest6_pkey on sbtest6  (cost=0.43..42.02 rows=11 width=121)
	        Index Cond: ((id >= 8834645) AND (id <= 8834654))

table 7 : explain SELECT c FROM sbtest7 WHERE id BETWEEN 7498067 AND 7498076 ORDER BY c
	Sort  (cost=38.99..39.01 rows=10 width=121)
	  Sort Key: c
	  ->  Index Scan using sbtest7_pkey on sbtest7  (cost=0.43..38.82 rows=10 width=121)
	        Index Cond: ((id >= 7498067) AND (id <= 7498076))

table 8 : explain SELECT c FROM sbtest8 WHERE id BETWEEN 6452523 AND 6452532 ORDER BY c
	Sort  (cost=38.85..38.88 rows=10 width=121)
	  Sort Key: c
	  ->  Index Scan using sbtest8_pkey on sbtest8  (cost=0.43..38.69 rows=10 width=121)
	        Index Cond: ((id >= 6452523) AND (id <= 6452532))

for: distinct_ranges
table 1 : explain SELECT DISTINCT c FROM sbtest1 WHERE id BETWEEN 3391910 AND 3391919 ORDER BY c
	Unique  (cost=36.00..36.04 rows=9 width=121)
	  ->  Sort  (cost=36.00..36.02 rows=9 width=121)
	        Sort Key: c
	        ->  Index Scan using sbtest1_pkey on sbtest1  (cost=0.43..35.86 rows=9 width=121)
	              Index Cond: ((id >= 3391910) AND (id <= 3391919))

table 2 : explain SELECT DISTINCT c FROM sbtest2 WHERE id BETWEEN 6693083 AND 6693092 ORDER BY c
	Unique  (cost=35.91..35.95 rows=9 width=121)
	  ->  Sort  (cost=35.91..35.93 rows=9 width=121)
	        Sort Key: c
	        ->  Index Scan using sbtest2_pkey on sbtest2  (cost=0.43..35.76 rows=9 width=121)
	              Index Cond: ((id >= 6693083) AND (id <= 6693092))

table 3 : explain SELECT DISTINCT c FROM sbtest3 WHERE id BETWEEN 8508802 AND 8508811 ORDER BY c
	Unique  (cost=39.29..39.34 rows=10 width=121)
	  ->  Sort  (cost=39.29..39.32 rows=10 width=121)
	        Sort Key: c
	        ->  Index Scan using sbtest3_pkey on sbtest3  (cost=0.43..39.13 rows=10 width=121)
	              Index Cond: ((id >= 8508802) AND (id <= 8508811))

table 4 : explain SELECT DISTINCT c FROM sbtest4 WHERE id BETWEEN 1483303 AND 1483312 ORDER BY c
	Unique  (cost=42.40..42.45 rows=11 width=121)
	  ->  Sort  (cost=42.40..42.42 rows=11 width=121)
	        Sort Key: c
	        ->  Index Scan using sbtest4_pkey on sbtest4  (cost=0.43..42.21 rows=11 width=121)
	              Index Cond: ((id >= 1483303) AND (id <= 1483312))

table 5 : explain SELECT DISTINCT c FROM sbtest5 WHERE id BETWEEN 6336676 AND 6336685 ORDER BY c
	Unique  (cost=38.87..38.92 rows=10 width=121)
	  ->  Sort  (cost=38.87..38.90 rows=10 width=121)
	        Sort Key: c
	        ->  Index Scan using sbtest5_pkey on sbtest5  (cost=0.43..38.71 rows=10 width=121)
	              Index Cond: ((id >= 6336676) AND (id <= 6336685))

table 6 : explain SELECT DISTINCT c FROM sbtest6 WHERE id BETWEEN 4765263 AND 4765272 ORDER BY c
	Unique  (cost=38.83..38.88 rows=10 width=121)
	  ->  Sort  (cost=38.83..38.85 rows=10 width=121)
	        Sort Key: c
	        ->  Index Scan using sbtest6_pkey on sbtest6  (cost=0.43..38.66 rows=10 width=121)
	              Index Cond: ((id >= 4765263) AND (id <= 4765272))

table 7 : explain SELECT DISTINCT c FROM sbtest7 WHERE id BETWEEN 1236066 AND 1236075 ORDER BY c
	Unique  (cost=38.99..39.04 rows=10 width=121)
	  ->  Sort  (cost=38.99..39.01 rows=10 width=121)
	        Sort Key: c
	        ->  Index Scan using sbtest7_pkey on sbtest7  (cost=0.43..38.82 rows=10 width=121)
	              Index Cond: ((id >= 1236066) AND (id <= 1236075))

table 8 : explain SELECT DISTINCT c FROM sbtest8 WHERE id BETWEEN 6006729 AND 6006738 ORDER BY c
	Unique  (cost=35.47..35.51 rows=9 width=121)
	  ->  Sort  (cost=35.47..35.49 rows=9 width=121)
	        Sort Key: c
	        ->  Index Scan using sbtest8_pkey on sbtest8  (cost=0.43..35.33 rows=9 width=121)
	              Index Cond: ((id >= 6006729) AND (id <= 6006738))

explain: for point_selects :: explain SELECT c FROM sbtest%u WHERE id=%u
explain: for non_index_updates :: explain UPDATE sbtest%u SET c='foobar' WHERE id=%u
explain: for index_updates :: explain UPDATE sbtest%u SET k=k+1 WHERE id=%u
for index_updates
table 1 : explain UPDATE sbtest1 SET k=k+1 WHERE id=8423974
	Update on sbtest1  (cost=0.43..8.46 rows=1 width=196)
	  ->  Index Scan using sbtest1_pkey on sbtest1  (cost=0.43..8.46 rows=1 width=196)
	        Index Cond: (id = 8423974)

table 2 : explain UPDATE sbtest2 SET k=k+1 WHERE id=299917
	Update on sbtest2  (cost=0.43..8.46 rows=1 width=196)
	  ->  Index Scan using sbtest2_pkey on sbtest2  (cost=0.43..8.46 rows=1 width=196)
	        Index Cond: (id = 299917)

table 3 : explain UPDATE sbtest3 SET k=k+1 WHERE id=9632006
	Update on sbtest3  (cost=0.43..8.46 rows=1 width=196)
	  ->  Index Scan using sbtest3_pkey on sbtest3  (cost=0.43..8.46 rows=1 width=196)
	        Index Cond: (id = 9632006)

table 4 : explain UPDATE sbtest4 SET k=k+1 WHERE id=9034771
	Update on sbtest4  (cost=0.43..8.46 rows=1 width=196)
	  ->  Index Scan using sbtest4_pkey on sbtest4  (cost=0.43..8.46 rows=1 width=196)
	        Index Cond: (id = 9034771)

table 5 : explain UPDATE sbtest5 SET k=k+1 WHERE id=1618543
	Update on sbtest5  (cost=0.43..8.46 rows=1 width=196)
	  ->  Index Scan using sbtest5_pkey on sbtest5  (cost=0.43..8.46 rows=1 width=196)
	        Index Cond: (id = 1618543)

table 6 : explain UPDATE sbtest6 SET k=k+1 WHERE id=5173628
	Update on sbtest6  (cost=0.43..8.46 rows=1 width=196)
	  ->  Index Scan using sbtest6_pkey on sbtest6  (cost=0.43..8.46 rows=1 width=196)
	        Index Cond: (id = 5173628)

table 7 : explain UPDATE sbtest7 SET k=k+1 WHERE id=1904367
	Update on sbtest7  (cost=0.43..8.46 rows=1 width=196)
	  ->  Index Scan using sbtest7_pkey on sbtest7  (cost=0.43..8.46 rows=1 width=196)
	        Index Cond: (id = 1904367)

table 8 : explain UPDATE sbtest8 SET k=k+1 WHERE id=7380401
	Update on sbtest8  (cost=0.43..8.46 rows=1 width=196)
	  ->  Index Scan using sbtest8_pkey on sbtest8  (cost=0.43..8.46 rows=1 width=196)
	        Index Cond: (id = 7380401)

for deletes
table 1 : explain DELETE FROM sbtest1 WHERE id=9945156
	Delete on sbtest1  (cost=0.43..8.45 rows=1 width=6)
	  ->  Index Scan using sbtest1_pkey on sbtest1  (cost=0.43..8.45 rows=1 width=6)
	        Index Cond: (id = 9945156)

table 2 : explain DELETE FROM sbtest2 WHERE id=9676364
	Delete on sbtest2  (cost=0.43..8.45 rows=1 width=6)
	  ->  Index Scan using sbtest2_pkey on sbtest2  (cost=0.43..8.45 rows=1 width=6)
	        Index Cond: (id = 9676364)

table 3 : explain DELETE FROM sbtest3 WHERE id=6453339
	Delete on sbtest3  (cost=0.43..8.45 rows=1 width=6)
	  ->  Index Scan using sbtest3_pkey on sbtest3  (cost=0.43..8.45 rows=1 width=6)
	        Index Cond: (id = 6453339)

table 4 : explain DELETE FROM sbtest4 WHERE id=4364481
	Delete on sbtest4  (cost=0.43..8.45 rows=1 width=6)
	  ->  Index Scan using sbtest4_pkey on sbtest4  (cost=0.43..8.45 rows=1 width=6)
	        Index Cond: (id = 4364481)

table 5 : explain DELETE FROM sbtest5 WHERE id=6325099
	Delete on sbtest5  (cost=0.43..8.45 rows=1 width=6)
	  ->  Index Scan using sbtest5_pkey on sbtest5  (cost=0.43..8.45 rows=1 width=6)
	        Index Cond: (id = 6325099)

table 6 : explain DELETE FROM sbtest6 WHERE id=5963745
	Delete on sbtest6  (cost=0.43..8.45 rows=1 width=6)
	  ->  Index Scan using sbtest6_pkey on sbtest6  (cost=0.43..8.45 rows=1 width=6)
	        Index Cond: (id = 5963745)

table 7 : explain DELETE FROM sbtest7 WHERE id=8145250
	Delete on sbtest7  (cost=0.43..8.45 rows=1 width=6)
	  ->  Index Scan using sbtest7_pkey on sbtest7  (cost=0.43..8.45 rows=1 width=6)
	        Index Cond: (id = 8145250)

table 8 : explain DELETE FROM sbtest8 WHERE id=4788579
	Delete on sbtest8  (cost=0.43..8.45 rows=1 width=6)
	  ->  Index Scan using sbtest8_pkey on sbtest8  (cost=0.43..8.45 rows=1 width=6)
	        Index Cond: (id = 4788579)

for deletes
table 1 : explain DELETE FROM sbtest1 WHERE id=4825318
	Delete on sbtest1  (cost=0.43..8.45 rows=1 width=6)
	  ->  Index Scan using sbtest1_pkey on sbtest1  (cost=0.43..8.45 rows=1 width=6)
	        Index Cond: (id = 4825318)

table 2 : explain DELETE FROM sbtest2 WHERE id=1838727
	Delete on sbtest2  (cost=0.43..8.45 rows=1 width=6)
	  ->  Index Scan using sbtest2_pkey on sbtest2  (cost=0.43..8.45 rows=1 width=6)
	        Index Cond: (id = 1838727)

table 3 : explain DELETE FROM sbtest3 WHERE id=8737430
	Delete on sbtest3  (cost=0.43..8.45 rows=1 width=6)
	  ->  Index Scan using sbtest3_pkey on sbtest3  (cost=0.43..8.45 rows=1 width=6)
	        Index Cond: (id = 8737430)

table 4 : explain DELETE FROM sbtest4 WHERE id=1017451
	Delete on sbtest4  (cost=0.43..8.45 rows=1 width=6)
	  ->  Index Scan using sbtest4_pkey on sbtest4  (cost=0.43..8.45 rows=1 width=6)
	        Index Cond: (id = 1017451)

table 5 : explain DELETE FROM sbtest5 WHERE id=2665031
	Delete on sbtest5  (cost=0.43..8.45 rows=1 width=6)
	  ->  Index Scan using sbtest5_pkey on sbtest5  (cost=0.43..8.45 rows=1 width=6)
	        Index Cond: (id = 2665031)

table 6 : explain DELETE FROM sbtest6 WHERE id=1876181
	Delete on sbtest6  (cost=0.43..8.45 rows=1 width=6)
	  ->  Index Scan using sbtest6_pkey on sbtest6  (cost=0.43..8.45 rows=1 width=6)
	        Index Cond: (id = 1876181)

table 7 : explain DELETE FROM sbtest7 WHERE id=2382642
	Delete on sbtest7  (cost=0.43..8.45 rows=1 width=6)
	  ->  Index Scan using sbtest7_pkey on sbtest7  (cost=0.43..8.45 rows=1 width=6)
	        Index Cond: (id = 2382642)

table 8 : explain DELETE FROM sbtest8 WHERE id=3954026
	Delete on sbtest8  (cost=0.43..8.45 rows=1 width=6)
	  ->  Index Scan using sbtest8_pkey on sbtest8  (cost=0.43..8.45 rows=1 width=6)
	        Index Cond: (id = 3954026)

for: distinct_ranges
table 1 : explain SELECT DISTINCT c FROM sbtest1 WHERE id BETWEEN 5700789 AND 5700798 ORDER BY c
	Unique  (cost=39.45..39.50 rows=10 width=121)
	  ->  Sort  (cost=39.45..39.47 rows=10 width=121)
	        Sort Key: c
	        ->  Index Scan using sbtest1_pkey on sbtest1  (cost=0.43..39.28 rows=10 width=121)
	              Index Cond: ((id >= 5700789) AND (id <= 5700798))

table 2 : explain SELECT DISTINCT c FROM sbtest2 WHERE id BETWEEN 2106547 AND 2106556 ORDER BY c
	Unique  (cost=39.34..39.39 rows=10 width=121)
	  ->  Sort  (cost=39.34..39.37 rows=10 width=121)
	        Sort Key: c
	        ->  Index Scan using sbtest2_pkey on sbtest2  (cost=0.43..39.18 rows=10 width=121)
	              Index Cond: ((id >= 2106547) AND (id <= 2106556))

table 3 : explain SELECT DISTINCT c FROM sbtest3 WHERE id BETWEEN 9041332 AND 9041341 ORDER BY c
	Unique  (cost=42.72..42.78 rows=11 width=121)
	  ->  Sort  (cost=42.72..42.75 rows=11 width=121)
	        Sort Key: c
	        ->  Index Scan using sbtest3_pkey on sbtest3  (cost=0.43..42.53 rows=11 width=121)
	              Index Cond: ((id >= 9041332) AND (id <= 9041341))

table 4 : explain SELECT DISTINCT c FROM sbtest4 WHERE id BETWEEN 327043 AND 327052 ORDER BY c
	Unique  (cost=39.00..39.05 rows=10 width=121)
	  ->  Sort  (cost=39.00..39.02 rows=10 width=121)
	        Sort Key: c
	        ->  Index Scan using sbtest4_pkey on sbtest4  (cost=0.43..38.83 rows=10 width=121)
	              Index Cond: ((id >= 327043) AND (id <= 327052))

table 5 : explain SELECT DISTINCT c FROM sbtest5 WHERE id BETWEEN 9117175 AND 9117184 ORDER BY c
	Unique  (cost=38.87..38.92 rows=10 width=121)
	  ->  Sort  (cost=38.87..38.90 rows=10 width=121)
	        Sort Key: c
	        ->  Index Scan using sbtest5_pkey on sbtest5  (cost=0.43..38.71 rows=10 width=121)
	              Index Cond: ((id >= 9117175) AND (id <= 9117184))

table 6 : explain SELECT DISTINCT c FROM sbtest6 WHERE id BETWEEN 864909 AND 864918 ORDER BY c
	Unique  (cost=38.83..38.88 rows=10 width=121)
	  ->  Sort  (cost=38.83..38.85 rows=10 width=121)
	        Sort Key: c
	        ->  Index Scan using sbtest6_pkey on sbtest6  (cost=0.43..38.66 rows=10 width=121)
	              Index Cond: ((id >= 864909) AND (id <= 864918))

table 7 : explain SELECT DISTINCT c FROM sbtest7 WHERE id BETWEEN 6893001 AND 6893010 ORDER BY c
	Unique  (cost=42.38..42.44 rows=11 width=121)
	  ->  Sort  (cost=42.38..42.41 rows=11 width=121)
	        Sort Key: c
	        ->  Index Scan using sbtest7_pkey on sbtest7  (cost=0.43..42.19 rows=11 width=121)
	              Index Cond: ((id >= 6893001) AND (id <= 6893010))

table 8 : explain SELECT DISTINCT c FROM sbtest8 WHERE id BETWEEN 5110261 AND 5110270 ORDER BY c
	Unique  (cost=35.47..35.51 rows=9 width=121)
	  ->  Sort  (cost=35.47..35.49 rows=9 width=121)
	        Sort Key: c
	        ->  Index Scan using sbtest8_pkey on sbtest8  (cost=0.43..35.33 rows=9 width=121)
	              Index Cond: ((id >= 5110261) AND (id <= 5110270))

explain: for non_index_updates :: explain UPDATE sbtest%u SET c='foobar' WHERE id=%u
explain: for inserts :: explain INSERT INTO sbtest%u (id, k, c, pad) VALUES (%u, 13, 'foobar', 'foobar')
explain: for index_updates :: explain UPDATE sbtest%u SET k=k+1 WHERE id=%u
for index_updates
table 1 : explain UPDATE sbtest1 SET k=k+1 WHERE id=7049330
	Update on sbtest1  (cost=0.43..8.46 rows=1 width=196)
	  ->  Index Scan using sbtest1_pkey on sbtest1  (cost=0.43..8.46 rows=1 width=196)
	        Index Cond: (id = 7049330)

table 2 : explain UPDATE sbtest2 SET k=k+1 WHERE id=3088140
	Update on sbtest2  (cost=0.43..8.46 rows=1 width=196)
	  ->  Index Scan using sbtest2_pkey on sbtest2  (cost=0.43..8.46 rows=1 width=196)
	        Index Cond: (id = 3088140)

table 3 : explain UPDATE sbtest3 SET k=k+1 WHERE id=4104006
	Update on sbtest3  (cost=0.43..8.46 rows=1 width=196)
	  ->  Index Scan using sbtest3_pkey on sbtest3  (cost=0.43..8.46 rows=1 width=196)
	        Index Cond: (id = 4104006)

table 4 : explain UPDATE sbtest4 SET k=k+1 WHERE id=2042825
	Update on sbtest4  (cost=0.43..8.46 rows=1 width=196)
	  ->  Index Scan using sbtest4_pkey on sbtest4  (cost=0.43..8.46 rows=1 width=196)
	        Index Cond: (id = 2042825)

table 5 : explain UPDATE sbtest5 SET k=k+1 WHERE id=7499981
	Update on sbtest5  (cost=0.43..8.46 rows=1 width=196)
	  ->  Index Scan using sbtest5_pkey on sbtest5  (cost=0.43..8.46 rows=1 width=196)
	        Index Cond: (id = 7499981)

table 6 : explain UPDATE sbtest6 SET k=k+1 WHERE id=7367589
	Update on sbtest6  (cost=0.43..8.46 rows=1 width=196)
	  ->  Index Scan using sbtest6_pkey on sbtest6  (cost=0.43..8.46 rows=1 width=196)
	        Index Cond: (id = 7367589)

table 7 : explain UPDATE sbtest7 SET k=k+1 WHERE id=5075695
	Update on sbtest7  (cost=0.43..8.46 rows=1 width=196)
	  ->  Index Scan using sbtest7_pkey on sbtest7  (cost=0.43..8.46 rows=1 width=196)
	        Index Cond: (id = 5075695)

table 8 : explain UPDATE sbtest8 SET k=k+1 WHERE id=6116652
	Update on sbtest8  (cost=0.43..8.46 rows=1 width=196)
	  ->  Index Scan using sbtest8_pkey on sbtest8  (cost=0.43..8.46 rows=1 width=196)
	        Index Cond: (id = 6116652)

for: sum_ranges
table 1 : explain SELECT SUM(k) FROM sbtest1 WHERE id BETWEEN 1221738 AND 1221747
	Aggregate  (cost=35.88..35.89 rows=1 width=8)
	  ->  Index Scan using sbtest1_pkey on sbtest1  (cost=0.43..35.86 rows=9 width=4)
	        Index Cond: ((id >= 1221738) AND (id <= 1221747))

table 2 : explain SELECT SUM(k) FROM sbtest2 WHERE id BETWEEN 1391885 AND 1391894
	Aggregate  (cost=42.62..42.63 rows=1 width=8)
	  ->  Index Scan using sbtest2_pkey on sbtest2  (cost=0.43..42.59 rows=11 width=4)
	        Index Cond: ((id >= 1391885) AND (id <= 1391894))

table 3 : explain SELECT SUM(k) FROM sbtest3 WHERE id BETWEEN 2724152 AND 2724161
	Aggregate  (cost=35.74..35.75 rows=1 width=8)
	  ->  Index Scan using sbtest3_pkey on sbtest3  (cost=0.43..35.72 rows=9 width=4)
	        Index Cond: ((id >= 2724152) AND (id <= 2724161))

table 4 : explain SELECT SUM(k) FROM sbtest4 WHERE id BETWEEN 5915682 AND 5915691
	Aggregate  (cost=38.86..38.87 rows=1 width=8)
	  ->  Index Scan using sbtest4_pkey on sbtest4  (cost=0.43..38.83 rows=10 width=4)
	        Index Cond: ((id >= 5915682) AND (id <= 5915691))

table 5 : explain SELECT SUM(k) FROM sbtest5 WHERE id BETWEEN 2342708 AND 2342717
	Aggregate  (cost=38.73..38.74 rows=1 width=8)
	  ->  Index Scan using sbtest5_pkey on sbtest5  (cost=0.43..38.71 rows=10 width=4)
	        Index Cond: ((id >= 2342708) AND (id <= 2342717))

table 6 : explain SELECT SUM(k) FROM sbtest6 WHERE id BETWEEN 3268911 AND 3268920
	Aggregate  (cost=38.69..38.70 rows=1 width=8)
	  ->  Index Scan using sbtest6_pkey on sbtest6  (cost=0.43..38.66 rows=10 width=4)
	        Index Cond: ((id >= 3268911) AND (id <= 3268920))

table 7 : explain SELECT SUM(k) FROM sbtest7 WHERE id BETWEEN 2672580 AND 2672589
	Aggregate  (cost=38.85..38.86 rows=1 width=8)
	  ->  Index Scan using sbtest7_pkey on sbtest7  (cost=0.43..38.82 rows=10 width=4)
	        Index Cond: ((id >= 2672580) AND (id <= 2672589))

table 8 : explain SELECT SUM(k) FROM sbtest8 WHERE id BETWEEN 6781602 AND 6781611
	Aggregate  (cost=38.71..38.72 rows=1 width=8)
	  ->  Index Scan using sbtest8_pkey on sbtest8  (cost=0.43..38.69 rows=10 width=4)
	        Index Cond: ((id >= 6781602) AND (id <= 6781611))

explain: for inserts :: explain INSERT INTO sbtest%u (id, k, c, pad) VALUES (%u, 13, 'foobar', 'foobar')
for inserts
table 1 : explain INSERT INTO sbtest1 (id, k, c, pad) VALUES (1641210, 13, 'foobar', 'foobar')
	Insert on sbtest1  (cost=0.00..0.01 rows=1 width=736)
	  ->  Result  (cost=0.00..0.01 rows=1 width=736)

table 2 : explain INSERT INTO sbtest2 (id, k, c, pad) VALUES (9774735, 13, 'foobar', 'foobar')
	Insert on sbtest2  (cost=0.00..0.01 rows=1 width=736)
	  ->  Result  (cost=0.00..0.01 rows=1 width=736)

table 3 : explain INSERT INTO sbtest3 (id, k, c, pad) VALUES (827148, 13, 'foobar', 'foobar')
	Insert on sbtest3  (cost=0.00..0.01 rows=1 width=736)
	  ->  Result  (cost=0.00..0.01 rows=1 width=736)

table 4 : explain INSERT INTO sbtest4 (id, k, c, pad) VALUES (5738856, 13, 'foobar', 'foobar')
	Insert on sbtest4  (cost=0.00..0.01 rows=1 width=736)
	  ->  Result  (cost=0.00..0.01 rows=1 width=736)

table 5 : explain INSERT INTO sbtest5 (id, k, c, pad) VALUES (2653320, 13, 'foobar', 'foobar')
	Insert on sbtest5  (cost=0.00..0.01 rows=1 width=736)
	  ->  Result  (cost=0.00..0.01 rows=1 width=736)

table 6 : explain INSERT INTO sbtest6 (id, k, c, pad) VALUES (8236017, 13, 'foobar', 'foobar')
	Insert on sbtest6  (cost=0.00..0.01 rows=1 width=736)
	  ->  Result  (cost=0.00..0.01 rows=1 width=736)

table 7 : explain INSERT INTO sbtest7 (id, k, c, pad) VALUES (2551956, 13, 'foobar', 'foobar')
	Insert on sbtest7  (cost=0.00..0.01 rows=1 width=736)
	  ->  Result  (cost=0.00..0.01 rows=1 width=736)

table 8 : explain INSERT INTO sbtest8 (id, k, c, pad) VALUES (6047623, 13, 'foobar', 'foobar')
	Insert on sbtest8  (cost=0.00..0.01 rows=1 width=736)
	  ->  Result  (cost=0.00..0.01 rows=1 width=736)

explain: for non_index_updates :: explain UPDATE sbtest%u SET c='foobar' WHERE id=%u
for: distinct_ranges
table 1 : explain SELECT DISTINCT c FROM sbtest1 WHERE id BETWEEN 2401687 AND 2401696 ORDER BY c
	Unique  (cost=39.45..39.50 rows=10 width=121)
	  ->  Sort  (cost=39.45..39.47 rows=10 width=121)
	        Sort Key: c
	        ->  Index Scan using sbtest1_pkey on sbtest1  (cost=0.43..39.28 rows=10 width=121)
	              Index Cond: ((id >= 2401687) AND (id <= 2401696))

table 2 : explain SELECT DISTINCT c FROM sbtest2 WHERE id BETWEEN 1042297 AND 1042306 ORDER BY c
	Unique  (cost=39.34..39.39 rows=10 width=121)
	  ->  Sort  (cost=39.34..39.37 rows=10 width=121)
	        Sort Key: c
	        ->  Index Scan using sbtest2_pkey on sbtest2  (cost=0.43..39.18 rows=10 width=121)
	              Index Cond: ((id >= 1042297) AND (id <= 1042306))

table 3 : explain SELECT DISTINCT c FROM sbtest3 WHERE id BETWEEN 1866778 AND 1866787 ORDER BY c
	Unique  (cost=39.29..39.34 rows=10 width=121)
	  ->  Sort  (cost=39.29..39.32 rows=10 width=121)
	        Sort Key: c
	        ->  Index Scan using sbtest3_pkey on sbtest3  (cost=0.43..39.13 rows=10 width=121)
	              Index Cond: ((id >= 1866778) AND (id <= 1866787))

table 4 : explain SELECT DISTINCT c FROM sbtest4 WHERE id BETWEEN 1116594 AND 1116603 ORDER BY c
	Unique  (cost=39.00..39.05 rows=10 width=121)
	  ->  Sort  (cost=39.00..39.02 rows=10 width=121)
	        Sort Key: c
	        ->  Index Scan using sbtest4_pkey on sbtest4  (cost=0.43..38.83 rows=10 width=121)
	              Index Cond: ((id >= 1116594) AND (id <= 1116603))

table 5 : explain SELECT DISTINCT c FROM sbtest5 WHERE id BETWEEN 424580 AND 424589 ORDER BY c
	Unique  (cost=38.87..38.92 rows=10 width=121)
	  ->  Sort  (cost=38.87..38.90 rows=10 width=121)
	        Sort Key: c
	        ->  Index Scan using sbtest5_pkey on sbtest5  (cost=0.43..38.71 rows=10 width=121)
	              Index Cond: ((id >= 424580) AND (id <= 424589))

table 6 : explain SELECT DISTINCT c FROM sbtest6 WHERE id BETWEEN 2919351 AND 2919360 ORDER BY c
	Unique  (cost=38.83..38.88 rows=10 width=121)
	  ->  Sort  (cost=38.83..38.85 rows=10 width=121)
	        Sort Key: c
	        ->  Index Scan using sbtest6_pkey on sbtest6  (cost=0.43..38.66 rows=10 width=121)
	              Index Cond: ((id >= 2919351) AND (id <= 2919360))

table 7 : explain SELECT DISTINCT c FROM sbtest7 WHERE id BETWEEN 2784155 AND 2784164 ORDER BY c
	Unique  (cost=35.59..35.63 rows=9 width=121)
	  ->  Sort  (cost=35.59..35.61 rows=9 width=121)
	        Sort Key: c
	        ->  Index Scan using sbtest7_pkey on sbtest7  (cost=0.43..35.45 rows=9 width=121)
	              Index Cond: ((id >= 2784155) AND (id <= 2784164))

table 8 : explain SELECT DISTINCT c FROM sbtest8 WHERE id BETWEEN 8947851 AND 8947860 ORDER BY c
	Unique  (cost=42.24..42.29 rows=11 width=121)
	  ->  Sort  (cost=42.24..42.26 rows=11 width=121)
	        Sort Key: c
	        ->  Index Scan using sbtest8_pkey on sbtest8  (cost=0.43..42.04 rows=11 width=121)
	              Index Cond: ((id >= 8947851) AND (id <= 8947860))

for non_index_updates
table 1 : explain UPDATE sbtest1 SET c='foobar' WHERE id=1704492
	Update on sbtest1  (cost=0.43..8.45 rows=1 width=559)
	  ->  Index Scan using sbtest1_pkey on sbtest1  (cost=0.43..8.45 rows=1 width=559)
	        Index Cond: (id = 1704492)

table 2 : explain UPDATE sbtest2 SET c='foobar' WHERE id=2464606
	Update on sbtest2  (cost=0.43..8.45 rows=1 width=559)
	  ->  Index Scan using sbtest2_pkey on sbtest2  (cost=0.43..8.45 rows=1 width=559)
	        Index Cond: (id = 2464606)

table 3 : explain UPDATE sbtest3 SET c='foobar' WHERE id=9627765
	Update on sbtest3  (cost=0.43..8.45 rows=1 width=559)
	  ->  Index Scan using sbtest3_pkey on sbtest3  (cost=0.43..8.45 rows=1 width=559)
	        Index Cond: (id = 9627765)

table 4 : explain UPDATE sbtest4 SET c='foobar' WHERE id=6473277
	Update on sbtest4  (cost=0.43..8.45 rows=1 width=559)
	  ->  Index Scan using sbtest4_pkey on sbtest4  (cost=0.43..8.45 rows=1 width=559)
	        Index Cond: (id = 6473277)

table 5 : explain UPDATE sbtest5 SET c='foobar' WHERE id=8757726
	Update on sbtest5  (cost=0.43..8.45 rows=1 width=559)
	  ->  Index Scan using sbtest5_pkey on sbtest5  (cost=0.43..8.45 rows=1 width=559)
	        Index Cond: (id = 8757726)

table 6 : explain UPDATE sbtest6 SET c='foobar' WHERE id=5834239
	Update on sbtest6  (cost=0.43..8.45 rows=1 width=559)
	  ->  Index Scan using sbtest6_pkey on sbtest6  (cost=0.43..8.45 rows=1 width=559)
	        Index Cond: (id = 5834239)

table 7 : explain UPDATE sbtest7 SET c='foobar' WHERE id=3495247
	Update on sbtest7  (cost=0.43..8.45 rows=1 width=559)
	  ->  Index Scan using sbtest7_pkey on sbtest7  (cost=0.43..8.45 rows=1 width=559)
	        Index Cond: (id = 3495247)

table 8 : explain UPDATE sbtest8 SET c='foobar' WHERE id=5325778
	Update on sbtest8  (cost=0.43..8.45 rows=1 width=559)
	  ->  Index Scan using sbtest8_pkey on sbtest8  (cost=0.43..8.45 rows=1 width=559)
	        Index Cond: (id = 5325778)

for index_updates
table 1 : explain UPDATE sbtest1 SET k=k+1 WHERE id=437364
	Update on sbtest1  (cost=0.43..8.46 rows=1 width=196)
	  ->  Index Scan using sbtest1_pkey on sbtest1  (cost=0.43..8.46 rows=1 width=196)
	        Index Cond: (id = 437364)

table 2 : explain UPDATE sbtest2 SET k=k+1 WHERE id=441190
	Update on sbtest2  (cost=0.43..8.46 rows=1 width=196)
	  ->  Index Scan using sbtest2_pkey on sbtest2  (cost=0.43..8.46 rows=1 width=196)
	        Index Cond: (id = 441190)

table 3 : explain UPDATE sbtest3 SET k=k+1 WHERE id=1313041
	Update on sbtest3  (cost=0.43..8.46 rows=1 width=196)
	  ->  Index Scan using sbtest3_pkey on sbtest3  (cost=0.43..8.46 rows=1 width=196)
	        Index Cond: (id = 1313041)

table 4 : explain UPDATE sbtest4 SET k=k+1 WHERE id=6114418
	Update on sbtest4  (cost=0.43..8.46 rows=1 width=196)
	  ->  Index Scan using sbtest4_pkey on sbtest4  (cost=0.43..8.46 rows=1 width=196)
	        Index Cond: (id = 6114418)

table 5 : explain UPDATE sbtest5 SET k=k+1 WHERE id=6263774
	Update on sbtest5  (cost=0.43..8.46 rows=1 width=196)
	  ->  Index Scan using sbtest5_pkey on sbtest5  (cost=0.43..8.46 rows=1 width=196)
	        Index Cond: (id = 6263774)

table 6 : explain UPDATE sbtest6 SET k=k+1 WHERE id=7618077
	Update on sbtest6  (cost=0.43..8.46 rows=1 width=196)
	  ->  Index Scan using sbtest6_pkey on sbtest6  (cost=0.43..8.46 rows=1 width=196)
	        Index Cond: (id = 7618077)

table 7 : explain UPDATE sbtest7 SET k=k+1 WHERE id=8679561
	Update on sbtest7  (cost=0.43..8.46 rows=1 width=196)
	  ->  Index Scan using sbtest7_pkey on sbtest7  (cost=0.43..8.46 rows=1 width=196)
	        Index Cond: (id = 8679561)

table 8 : explain UPDATE sbtest8 SET k=k+1 WHERE id=895489
	Update on sbtest8  (cost=0.43..8.46 rows=1 width=196)
	  ->  Index Scan using sbtest8_pkey on sbtest8  (cost=0.43..8.46 rows=1 width=196)
	        Index Cond: (id = 895489)

for non_index_updates
table 1 : explain UPDATE sbtest1 SET c='foobar' WHERE id=8308977
	Update on sbtest1  (cost=0.43..8.45 rows=1 width=559)
	  ->  Index Scan using sbtest1_pkey on sbtest1  (cost=0.43..8.45 rows=1 width=559)
	        Index Cond: (id = 8308977)

table 2 : explain UPDATE sbtest2 SET c='foobar' WHERE id=8606421
	Update on sbtest2  (cost=0.43..8.45 rows=1 width=559)
	  ->  Index Scan using sbtest2_pkey on sbtest2  (cost=0.43..8.45 rows=1 width=559)
	        Index Cond: (id = 8606421)

table 3 : explain UPDATE sbtest3 SET c='foobar' WHERE id=2580295
	Update on sbtest3  (cost=0.43..8.45 rows=1 width=559)
	  ->  Index Scan using sbtest3_pkey on sbtest3  (cost=0.43..8.45 rows=1 width=559)
	        Index Cond: (id = 2580295)

table 4 : explain UPDATE sbtest4 SET c='foobar' WHERE id=5242080
	Update on sbtest4  (cost=0.43..8.45 rows=1 width=559)
	  ->  Index Scan using sbtest4_pkey on sbtest4  (cost=0.43..8.45 rows=1 width=559)
	        Index Cond: (id = 5242080)

table 5 : explain UPDATE sbtest5 SET c='foobar' WHERE id=9816097
	Update on sbtest5  (cost=0.43..8.45 rows=1 width=559)
	  ->  Index Scan using sbtest5_pkey on sbtest5  (cost=0.43..8.45 rows=1 width=559)
	        Index Cond: (id = 9816097)

table 6 : explain UPDATE sbtest6 SET c='foobar' WHERE id=6141939
	Update on sbtest6  (cost=0.43..8.45 rows=1 width=559)
	  ->  Index Scan using sbtest6_pkey on sbtest6  (cost=0.43..8.45 rows=1 width=559)
	        Index Cond: (id = 6141939)

table 7 : explain UPDATE sbtest7 SET c='foobar' WHERE id=7105236
	Update on sbtest7  (cost=0.43..8.45 rows=1 width=559)
	  ->  Index Scan using sbtest7_pkey on sbtest7  (cost=0.43..8.45 rows=1 width=559)
	        Index Cond: (id = 7105236)

table 8 : explain UPDATE sbtest8 SET c='foobar' WHERE id=8597025
	Update on sbtest8  (cost=0.43..8.45 rows=1 width=559)
	  ->  Index Scan using sbtest8_pkey on sbtest8  (cost=0.43..8.45 rows=1 width=559)
	        Index Cond: (id = 8597025)

for point_selects
table 1 : explain SELECT c FROM sbtest1 WHERE id=755450
	Index Scan using sbtest1_pkey on sbtest1  (cost=0.43..8.45 rows=1 width=121)
	  Index Cond: (id = 755450)

table 2 : explain SELECT c FROM sbtest2 WHERE id=5309497
	Index Scan using sbtest2_pkey on sbtest2  (cost=0.43..8.45 rows=1 width=121)
	  Index Cond: (id = 5309497)

table 3 : explain SELECT c FROM sbtest3 WHERE id=361389
	Index Scan using sbtest3_pkey on sbtest3  (cost=0.43..8.45 rows=1 width=121)
	  Index Cond: (id = 361389)

table 4 : explain SELECT c FROM sbtest4 WHERE id=5129005
	Index Scan using sbtest4_pkey on sbtest4  (cost=0.43..8.45 rows=1 width=121)
	  Index Cond: (id = 5129005)

table 5 : explain SELECT c FROM sbtest5 WHERE id=6574652
	Index Scan using sbtest5_pkey on sbtest5  (cost=0.43..8.45 rows=1 width=121)
	  Index Cond: (id = 6574652)

table 6 : explain SELECT c FROM sbtest6 WHERE id=6672867
	Index Scan using sbtest6_pkey on sbtest6  (cost=0.43..8.45 rows=1 width=121)
	  Index Cond: (id = 6672867)

table 7 : explain SELECT c FROM sbtest7 WHERE id=8440352
	Index Scan using sbtest7_pkey on sbtest7  (cost=0.43..8.45 rows=1 width=121)
	  Index Cond: (id = 8440352)

table 8 : explain SELECT c FROM sbtest8 WHERE id=2446352
	Index Scan using sbtest8_pkey on sbtest8  (cost=0.43..8.45 rows=1 width=121)
	  Index Cond: (id = 2446352)

for non_index_updates
table 1 : explain UPDATE sbtest1 SET c='foobar' WHERE id=1051767
	Update on sbtest1  (cost=0.43..8.45 rows=1 width=559)
	  ->  Index Scan using sbtest1_pkey on sbtest1  (cost=0.43..8.45 rows=1 width=559)
	        Index Cond: (id = 1051767)

table 2 : explain UPDATE sbtest2 SET c='foobar' WHERE id=5255328
	Update on sbtest2  (cost=0.43..8.45 rows=1 width=559)
	  ->  Index Scan using sbtest2_pkey on sbtest2  (cost=0.43..8.45 rows=1 width=559)
	        Index Cond: (id = 5255328)

table 3 : explain UPDATE sbtest3 SET c='foobar' WHERE id=6752606
	Update on sbtest3  (cost=0.43..8.45 rows=1 width=559)
	  ->  Index Scan using sbtest3_pkey on sbtest3  (cost=0.43..8.45 rows=1 width=559)
	        Index Cond: (id = 6752606)

table 4 : explain UPDATE sbtest4 SET c='foobar' WHERE id=2400057
	Update on sbtest4  (cost=0.43..8.45 rows=1 width=559)
	  ->  Index Scan using sbtest4_pkey on sbtest4  (cost=0.43..8.45 rows=1 width=559)
	        Index Cond: (id = 2400057)

table 5 : explain UPDATE sbtest5 SET c='foobar' WHERE id=2041746
	Update on sbtest5  (cost=0.43..8.45 rows=1 width=559)
	  ->  Index Scan using sbtest5_pkey on sbtest5  (cost=0.43..8.45 rows=1 width=559)
	        Index Cond: (id = 2041746)

table 6 : explain UPDATE sbtest6 SET c='foobar' WHERE id=4463313
	Update on sbtest6  (cost=0.43..8.45 rows=1 width=559)
	  ->  Index Scan using sbtest6_pkey on sbtest6  (cost=0.43..8.45 rows=1 width=559)
	        Index Cond: (id = 4463313)

table 7 : explain UPDATE sbtest7 SET c='foobar' WHERE id=7806084
	Update on sbtest7  (cost=0.43..8.45 rows=1 width=559)
	  ->  Index Scan using sbtest7_pkey on sbtest7  (cost=0.43..8.45 rows=1 width=559)
	        Index Cond: (id = 7806084)

table 8 : explain UPDATE sbtest8 SET c='foobar' WHERE id=155944
	Update on sbtest8  (cost=0.43..8.45 rows=1 width=559)
	  ->  Index Scan using sbtest8_pkey on sbtest8  (cost=0.43..8.45 rows=1 width=559)
	        Index Cond: (id = 155944)

explain: for point_selects :: explain SELECT c FROM sbtest%u WHERE id=%u
for point_selects
table 1 : explain SELECT c FROM sbtest1 WHERE id=8129253
	Index Scan using sbtest1_pkey on sbtest1  (cost=0.43..8.45 rows=1 width=121)
	  Index Cond: (id = 8129253)

table 2 : explain SELECT c FROM sbtest2 WHERE id=2708200
	Index Scan using sbtest2_pkey on sbtest2  (cost=0.43..8.45 rows=1 width=121)
	  Index Cond: (id = 2708200)

table 3 : explain SELECT c FROM sbtest3 WHERE id=1987527
	Index Scan using sbtest3_pkey on sbtest3  (cost=0.43..8.45 rows=1 width=121)
	  Index Cond: (id = 1987527)

table 4 : explain SELECT c FROM sbtest4 WHERE id=5527885
	Index Scan using sbtest4_pkey on sbtest4  (cost=0.43..8.45 rows=1 width=121)
	  Index Cond: (id = 5527885)

table 5 : explain SELECT c FROM sbtest5 WHERE id=1165198
	Index Scan using sbtest5_pkey on sbtest5  (cost=0.43..8.45 rows=1 width=121)
	  Index Cond: (id = 1165198)

table 6 : explain SELECT c FROM sbtest6 WHERE id=3213485
	Index Scan using sbtest6_pkey on sbtest6  (cost=0.43..8.45 rows=1 width=121)
	  Index Cond: (id = 3213485)

table 7 : explain SELECT c FROM sbtest7 WHERE id=1075243
	Index Scan using sbtest7_pkey on sbtest7  (cost=0.43..8.45 rows=1 width=121)
	  Index Cond: (id = 1075243)

table 8 : explain SELECT c FROM sbtest8 WHERE id=6288555
	Index Scan using sbtest8_pkey on sbtest8  (cost=0.43..8.45 rows=1 width=121)
	  Index Cond: (id = 6288555)

for index_updates
table 1 : explain UPDATE sbtest1 SET k=k+1 WHERE id=6892492
	Update on sbtest1  (cost=0.43..8.46 rows=1 width=196)
	  ->  Index Scan using sbtest1_pkey on sbtest1  (cost=0.43..8.46 rows=1 width=196)
	        Index Cond: (id = 6892492)

table 2 : explain UPDATE sbtest2 SET k=k+1 WHERE id=5766550
	Update on sbtest2  (cost=0.43..8.46 rows=1 width=196)
	  ->  Index Scan using sbtest2_pkey on sbtest2  (cost=0.43..8.46 rows=1 width=196)
	        Index Cond: (id = 5766550)

table 3 : explain UPDATE sbtest3 SET k=k+1 WHERE id=3244894
	Update on sbtest3  (cost=0.43..8.46 rows=1 width=196)
	  ->  Index Scan using sbtest3_pkey on sbtest3  (cost=0.43..8.46 rows=1 width=196)
	        Index Cond: (id = 3244894)

table 4 : explain UPDATE sbtest4 SET k=k+1 WHERE id=1911899
	Update on sbtest4  (cost=0.43..8.46 rows=1 width=196)
	  ->  Index Scan using sbtest4_pkey on sbtest4  (cost=0.43..8.46 rows=1 width=196)
	        Index Cond: (id = 1911899)

table 5 : explain UPDATE sbtest5 SET k=k+1 WHERE id=5989217
	Update on sbtest5  (cost=0.43..8.46 rows=1 width=196)
	  ->  Index Scan using sbtest5_pkey on sbtest5  (cost=0.43..8.46 rows=1 width=196)
	        Index Cond: (id = 5989217)

table 6 : explain UPDATE sbtest6 SET k=k+1 WHERE id=9499343
	Update on sbtest6  (cost=0.43..8.46 rows=1 width=196)
	  ->  Index Scan using sbtest6_pkey on sbtest6  (cost=0.43..8.46 rows=1 width=196)
	        Index Cond: (id = 9499343)

table 7 : explain UPDATE sbtest7 SET k=k+1 WHERE id=217710
	Update on sbtest7  (cost=0.43..8.46 rows=1 width=196)
	  ->  Index Scan using sbtest7_pkey on sbtest7  (cost=0.43..8.46 rows=1 width=196)
	        Index Cond: (id = 217710)

table 8 : explain UPDATE sbtest8 SET k=k+1 WHERE id=7863291
	Update on sbtest8  (cost=0.43..8.46 rows=1 width=196)
	  ->  Index Scan using sbtest8_pkey on sbtest8  (cost=0.43..8.46 rows=1 width=196)
	        Index Cond: (id = 7863291)

explain: for deletes :: explain DELETE FROM sbtest%u WHERE id=%u
for inserts
table 1 : explain INSERT INTO sbtest1 (id, k, c, pad) VALUES (9931614, 13, 'foobar', 'foobar')
	Insert on sbtest1  (cost=0.00..0.01 rows=1 width=736)
	  ->  Result  (cost=0.00..0.01 rows=1 width=736)

table 2 : explain INSERT INTO sbtest2 (id, k, c, pad) VALUES (5472986, 13, 'foobar', 'foobar')
	Insert on sbtest2  (cost=0.00..0.01 rows=1 width=736)
	  ->  Result  (cost=0.00..0.01 rows=1 width=736)

table 3 : explain INSERT INTO sbtest3 (id, k, c, pad) VALUES (4553939, 13, 'foobar', 'foobar')
	Insert on sbtest3  (cost=0.00..0.01 rows=1 width=736)
	  ->  Result  (cost=0.00..0.01 rows=1 width=736)

table 4 : explain INSERT INTO sbtest4 (id, k, c, pad) VALUES (2977570, 13, 'foobar', 'foobar')
	Insert on sbtest4  (cost=0.00..0.01 rows=1 width=736)
	  ->  Result  (cost=0.00..0.01 rows=1 width=736)

table 5 : explain INSERT INTO sbtest5 (id, k, c, pad) VALUES (3262560, 13, 'foobar', 'foobar')
	Insert on sbtest5  (cost=0.00..0.01 rows=1 width=736)
	  ->  Result  (cost=0.00..0.01 rows=1 width=736)

table 6 : explain INSERT INTO sbtest6 (id, k, c, pad) VALUES (2069427, 13, 'foobar', 'foobar')
	Insert on sbtest6  (cost=0.00..0.01 rows=1 width=736)
	  ->  Result  (cost=0.00..0.01 rows=1 width=736)

table 7 : explain INSERT INTO sbtest7 (id, k, c, pad) VALUES (5834896, 13, 'foobar', 'foobar')
	Insert on sbtest7  (cost=0.00..0.01 rows=1 width=736)
	  ->  Result  (cost=0.00..0.01 rows=1 width=736)

table 8 : explain INSERT INTO sbtest8 (id, k, c, pad) VALUES (3063888, 13, 'foobar', 'foobar')
	Insert on sbtest8  (cost=0.00..0.01 rows=1 width=736)
	  ->  Result  (cost=0.00..0.01 rows=1 width=736)

explain: for non_index_updates :: explain UPDATE sbtest%u SET c='foobar' WHERE id=%u
for: order_ranges
table 1 : explain SELECT c FROM sbtest1 WHERE id BETWEEN 353361 AND 353370 ORDER BY c
	Sort  (cost=39.45..39.47 rows=10 width=121)
	  Sort Key: c
	  ->  Index Scan using sbtest1_pkey on sbtest1  (cost=0.43..39.28 rows=10 width=121)
	        Index Cond: ((id >= 353361) AND (id <= 353370))

table 2 : explain SELECT c FROM sbtest2 WHERE id BETWEEN 9646321 AND 9646330 ORDER BY c
	Sort  (cost=42.78..42.81 rows=11 width=121)
	  Sort Key: c
	  ->  Index Scan using sbtest2_pkey on sbtest2  (cost=0.43..42.59 rows=11 width=121)
	        Index Cond: ((id >= 9646321) AND (id <= 9646330))

table 3 : explain SELECT c FROM sbtest3 WHERE id BETWEEN 8869086 AND 8869095 ORDER BY c
	Sort  (cost=42.72..42.75 rows=11 width=121)
	  Sort Key: c
	  ->  Index Scan using sbtest3_pkey on sbtest3  (cost=0.43..42.53 rows=11 width=121)
	        Index Cond: ((id >= 8869086) AND (id <= 8869095))

table 4 : explain SELECT c FROM sbtest4 WHERE id BETWEEN 7577889 AND 7577898 ORDER BY c
	Sort  (cost=39.00..39.02 rows=10 width=121)
	  Sort Key: c
	  ->  Index Scan using sbtest4_pkey on sbtest4  (cost=0.43..38.83 rows=10 width=121)
	        Index Cond: ((id >= 7577889) AND (id <= 7577898))

table 5 : explain SELECT c FROM sbtest5 WHERE id BETWEEN 4521829 AND 4521838 ORDER BY c
	Sort  (cost=38.87..38.90 rows=10 width=121)
	  Sort Key: c
	  ->  Index Scan using sbtest5_pkey on sbtest5  (cost=0.43..38.71 rows=10 width=121)
	        Index Cond: ((id >= 4521829) AND (id <= 4521838))

table 6 : explain SELECT c FROM sbtest6 WHERE id BETWEEN 6555701 AND 6555710 ORDER BY c
	Sort  (cost=42.21..42.24 rows=11 width=121)
	  Sort Key: c
	  ->  Index Scan using sbtest6_pkey on sbtest6  (cost=0.43..42.02 rows=11 width=121)
	        Index Cond: ((id >= 6555701) AND (id <= 6555710))

table 7 : explain SELECT c FROM sbtest7 WHERE id BETWEEN 893466 AND 893475 ORDER BY c
	Sort  (cost=42.38..42.41 rows=11 width=121)
	  Sort Key: c
	  ->  Index Scan using sbtest7_pkey on sbtest7  (cost=0.43..42.19 rows=11 width=121)
	        Index Cond: ((id >= 893466) AND (id <= 893475))

table 8 : explain SELECT c FROM sbtest8 WHERE id BETWEEN 4648765 AND 4648774 ORDER BY c
	Sort  (cost=42.24..42.26 rows=11 width=121)
	  Sort Key: c
	  ->  Index Scan using sbtest8_pkey on sbtest8  (cost=0.43..42.04 rows=11 width=121)
	        Index Cond: ((id >= 4648765) AND (id <= 4648774))

for index_updates
table 1 : explain UPDATE sbtest1 SET k=k+1 WHERE id=1315037
	Update on sbtest1  (cost=0.43..8.46 rows=1 width=196)
	  ->  Index Scan using sbtest1_pkey on sbtest1  (cost=0.43..8.46 rows=1 width=196)
	        Index Cond: (id = 1315037)

table 2 : explain UPDATE sbtest2 SET k=k+1 WHERE id=5145228
	Update on sbtest2  (cost=0.43..8.46 rows=1 width=196)
	  ->  Index Scan using sbtest2_pkey on sbtest2  (cost=0.43..8.46 rows=1 width=196)
	        Index Cond: (id = 5145228)

table 3 : explain UPDATE sbtest3 SET k=k+1 WHERE id=6771349
	Update on sbtest3  (cost=0.43..8.46 rows=1 width=196)
	  ->  Index Scan using sbtest3_pkey on sbtest3  (cost=0.43..8.46 rows=1 width=196)
	        Index Cond: (id = 6771349)

table 4 : explain UPDATE sbtest4 SET k=k+1 WHERE id=9423540
	Update on sbtest4  (cost=0.43..8.46 rows=1 width=196)
	  ->  Index Scan using sbtest4_pkey on sbtest4  (cost=0.43..8.46 rows=1 width=196)
	        Index Cond: (id = 9423540)

table 5 : explain UPDATE sbtest5 SET k=k+1 WHERE id=969560
	Update on sbtest5  (cost=0.43..8.46 rows=1 width=196)
	  ->  Index Scan using sbtest5_pkey on sbtest5  (cost=0.43..8.46 rows=1 width=196)
	        Index Cond: (id = 969560)

table 6 : explain UPDATE sbtest6 SET k=k+1 WHERE id=5113368
	Update on sbtest6  (cost=0.43..8.46 rows=1 width=196)
	  ->  Index Scan using sbtest6_pkey on sbtest6  (cost=0.43..8.46 rows=1 width=196)
	        Index Cond: (id = 5113368)

table 7 : explain UPDATE sbtest7 SET k=k+1 WHERE id=3014971
	Update on sbtest7  (cost=0.43..8.46 rows=1 width=196)
	  ->  Index Scan using sbtest7_pkey on sbtest7  (cost=0.43..8.46 rows=1 width=196)
	        Index Cond: (id = 3014971)

table 8 : explain UPDATE sbtest8 SET k=k+1 WHERE id=8583763
	Update on sbtest8  (cost=0.43..8.46 rows=1 width=196)
	  ->  Index Scan using sbtest8_pkey on sbtest8  (cost=0.43..8.46 rows=1 width=196)
	        Index Cond: (id = 8583763)

explain: for deletes :: explain DELETE FROM sbtest%u WHERE id=%u
explain: for index_updates :: explain UPDATE sbtest%u SET k=k+1 WHERE id=%u
explain: for point_selects :: explain SELECT c FROM sbtest%u WHERE id=%u
explain: for deletes :: explain DELETE FROM sbtest%u WHERE id=%u
for non_index_updates
table 1 : explain UPDATE sbtest1 SET c='foobar' WHERE id=2972400
	Update on sbtest1  (cost=0.43..8.45 rows=1 width=559)
	  ->  Index Scan using sbtest1_pkey on sbtest1  (cost=0.43..8.45 rows=1 width=559)
	        Index Cond: (id = 2972400)

table 2 : explain UPDATE sbtest2 SET c='foobar' WHERE id=7201127
	Update on sbtest2  (cost=0.43..8.45 rows=1 width=559)
	  ->  Index Scan using sbtest2_pkey on sbtest2  (cost=0.43..8.45 rows=1 width=559)
	        Index Cond: (id = 7201127)

table 3 : explain UPDATE sbtest3 SET c='foobar' WHERE id=6373568
	Update on sbtest3  (cost=0.43..8.45 rows=1 width=559)
	  ->  Index Scan using sbtest3_pkey on sbtest3  (cost=0.43..8.45 rows=1 width=559)
	        Index Cond: (id = 6373568)

table 4 : explain UPDATE sbtest4 SET c='foobar' WHERE id=9766896
	Update on sbtest4  (cost=0.43..8.45 rows=1 width=559)
	  ->  Index Scan using sbtest4_pkey on sbtest4  (cost=0.43..8.45 rows=1 width=559)
	        Index Cond: (id = 9766896)

table 5 : explain UPDATE sbtest5 SET c='foobar' WHERE id=9703717
	Update on sbtest5  (cost=0.43..8.45 rows=1 width=559)
	  ->  Index Scan using sbtest5_pkey on sbtest5  (cost=0.43..8.45 rows=1 width=559)
	        Index Cond: (id = 9703717)

table 6 : explain UPDATE sbtest6 SET c='foobar' WHERE id=2355615
	Update on sbtest6  (cost=0.43..8.45 rows=1 width=559)
	  ->  Index Scan using sbtest6_pkey on sbtest6  (cost=0.43..8.45 rows=1 width=559)
	        Index Cond: (id = 2355615)

table 7 : explain UPDATE sbtest7 SET c='foobar' WHERE id=1990854
	Update on sbtest7  (cost=0.43..8.45 rows=1 width=559)
	  ->  Index Scan using sbtest7_pkey on sbtest7  (cost=0.43..8.45 rows=1 width=559)
	        Index Cond: (id = 1990854)

table 8 : explain UPDATE sbtest8 SET c='foobar' WHERE id=4308035
	Update on sbtest8  (cost=0.43..8.45 rows=1 width=559)
	  ->  Index Scan using sbtest8_pkey on sbtest8  (cost=0.43..8.45 rows=1 width=559)
	        Index Cond: (id = 4308035)

for deletes
table 1 : explain DELETE FROM sbtest1 WHERE id=920315
	Delete on sbtest1  (cost=0.43..8.45 rows=1 width=6)
	  ->  Index Scan using sbtest1_pkey on sbtest1  (cost=0.43..8.45 rows=1 width=6)
	        Index Cond: (id = 920315)

table 2 : explain DELETE FROM sbtest2 WHERE id=5892666
	Delete on sbtest2  (cost=0.43..8.45 rows=1 width=6)
	  ->  Index Scan using sbtest2_pkey on sbtest2  (cost=0.43..8.45 rows=1 width=6)
	        Index Cond: (id = 5892666)

table 3 : explain DELETE FROM sbtest3 WHERE id=3283105
	Delete on sbtest3  (cost=0.43..8.45 rows=1 width=6)
	  ->  Index Scan using sbtest3_pkey on sbtest3  (cost=0.43..8.45 rows=1 width=6)
	        Index Cond: (id = 3283105)

table 4 : explain DELETE FROM sbtest4 WHERE id=3847868
	Delete on sbtest4  (cost=0.43..8.45 rows=1 width=6)
	  ->  Index Scan using sbtest4_pkey on sbtest4  (cost=0.43..8.45 rows=1 width=6)
	        Index Cond: (id = 3847868)

table 5 : explain DELETE FROM sbtest5 WHERE id=6593575
	Delete on sbtest5  (cost=0.43..8.45 rows=1 width=6)
	  ->  Index Scan using sbtest5_pkey on sbtest5  (cost=0.43..8.45 rows=1 width=6)
	        Index Cond: (id = 6593575)

table 6 : explain DELETE FROM sbtest6 WHERE id=5357823
	Delete on sbtest6  (cost=0.43..8.45 rows=1 width=6)
	  ->  Index Scan using sbtest6_pkey on sbtest6  (cost=0.43..8.45 rows=1 width=6)
	        Index Cond: (id = 5357823)

table 7 : explain DELETE FROM sbtest7 WHERE id=871357
	Delete on sbtest7  (cost=0.43..8.45 rows=1 width=6)
	  ->  Index Scan using sbtest7_pkey on sbtest7  (cost=0.43..8.45 rows=1 width=6)
	        Index Cond: (id = 871357)

table 8 : explain DELETE FROM sbtest8 WHERE id=7016732
	Delete on sbtest8  (cost=0.43..8.45 rows=1 width=6)
	  ->  Index Scan using sbtest8_pkey on sbtest8  (cost=0.43..8.45 rows=1 width=6)
	        Index Cond: (id = 7016732)

for: simple_ranges
table 1 : explain SELECT c FROM sbtest1 WHERE id BETWEEN 284332 AND 284341
	Index Scan using sbtest1_pkey on sbtest1  (cost=0.43..39.28 rows=10 width=121)
	  Index Cond: ((id >= 284332) AND (id <= 284341))

table 2 : explain SELECT c FROM sbtest2 WHERE id BETWEEN 6183595 AND 6183604
	Index Scan using sbtest2_pkey on sbtest2  (cost=0.43..42.59 rows=11 width=121)
	  Index Cond: ((id >= 6183595) AND (id <= 6183604))

table 3 : explain SELECT c FROM sbtest3 WHERE id BETWEEN 2616916 AND 2616925
	Index Scan using sbtest3_pkey on sbtest3  (cost=0.43..39.13 rows=10 width=121)
	  Index Cond: ((id >= 2616916) AND (id <= 2616925))

table 4 : explain SELECT c FROM sbtest4 WHERE id BETWEEN 7029029 AND 7029038
	Index Scan using sbtest4_pkey on sbtest4  (cost=0.43..38.83 rows=10 width=121)
	  Index Cond: ((id >= 7029029) AND (id <= 7029038))

table 5 : explain SELECT c FROM sbtest5 WHERE id BETWEEN 9654865 AND 9654874
	Index Scan using sbtest5_pkey on sbtest5  (cost=0.43..42.07 rows=11 width=121)
	  Index Cond: ((id >= 9654865) AND (id <= 9654874))

table 6 : explain SELECT c FROM sbtest6 WHERE id BETWEEN 7962414 AND 7962423
	Index Scan using sbtest6_pkey on sbtest6  (cost=0.43..42.02 rows=11 width=121)
	  Index Cond: ((id >= 7962414) AND (id <= 7962423))

table 7 : explain SELECT c FROM sbtest7 WHERE id BETWEEN 155613 AND 155622
	Index Scan using sbtest7_pkey on sbtest7  (cost=0.43..35.45 rows=9 width=121)
	  Index Cond: ((id >= 155613) AND (id <= 155622))

table 8 : explain SELECT c FROM sbtest8 WHERE id BETWEEN 9195876 AND 9195885
	Index Scan using sbtest8_pkey on sbtest8  (cost=0.43..38.69 rows=10 width=121)
	  Index Cond: ((id >= 9195876) AND (id <= 9195885))

explain: for deletes :: explain DELETE FROM sbtest%u WHERE id=%u
explain: for non_index_updates :: explain UPDATE sbtest%u SET c='foobar' WHERE id=%u
for index_updates
table 1 : explain UPDATE sbtest1 SET k=k+1 WHERE id=4930137
	Update on sbtest1  (cost=0.43..8.46 rows=1 width=196)
	  ->  Index Scan using sbtest1_pkey on sbtest1  (cost=0.43..8.46 rows=1 width=196)
	        Index Cond: (id = 4930137)

table 2 : explain UPDATE sbtest2 SET k=k+1 WHERE id=4240276
	Update on sbtest2  (cost=0.43..8.46 rows=1 width=196)
	  ->  Index Scan using sbtest2_pkey on sbtest2  (cost=0.43..8.46 rows=1 width=196)
	        Index Cond: (id = 4240276)

table 3 : explain UPDATE sbtest3 SET k=k+1 WHERE id=3774534
	Update on sbtest3  (cost=0.43..8.46 rows=1 width=196)
	  ->  Index Scan using sbtest3_pkey on sbtest3  (cost=0.43..8.46 rows=1 width=196)
	        Index Cond: (id = 3774534)

table 4 : explain UPDATE sbtest4 SET k=k+1 WHERE id=5389612
	Update on sbtest4  (cost=0.43..8.46 rows=1 width=196)
	  ->  Index Scan using sbtest4_pkey on sbtest4  (cost=0.43..8.46 rows=1 width=196)
	        Index Cond: (id = 5389612)

table 5 : explain UPDATE sbtest5 SET k=k+1 WHERE id=5023682
	Update on sbtest5  (cost=0.43..8.46 rows=1 width=196)
	  ->  Index Scan using sbtest5_pkey on sbtest5  (cost=0.43..8.46 rows=1 width=196)
	        Index Cond: (id = 5023682)

table 6 : explain UPDATE sbtest6 SET k=k+1 WHERE id=8411737
	Update on sbtest6  (cost=0.43..8.46 rows=1 width=196)
	  ->  Index Scan using sbtest6_pkey on sbtest6  (cost=0.43..8.46 rows=1 width=196)
	        Index Cond: (id = 8411737)

table 7 : explain UPDATE sbtest7 SET k=k+1 WHERE id=2912452
	Update on sbtest7  (cost=0.43..8.46 rows=1 width=196)
	  ->  Index Scan using sbtest7_pkey on sbtest7  (cost=0.43..8.46 rows=1 width=196)
	        Index Cond: (id = 2912452)

table 8 : explain UPDATE sbtest8 SET k=k+1 WHERE id=5451959
	Update on sbtest8  (cost=0.43..8.46 rows=1 width=196)
	  ->  Index Scan using sbtest8_pkey on sbtest8  (cost=0.43..8.46 rows=1 width=196)
	        Index Cond: (id = 5451959)

for: simple_ranges
table 1 : explain SELECT c FROM sbtest1 WHERE id BETWEEN 8051540 AND 8051549
	Index Scan using sbtest1_pkey on sbtest1  (cost=0.43..42.71 rows=11 width=121)
	  Index Cond: ((id >= 8051540) AND (id <= 8051549))

table 2 : explain SELECT c FROM sbtest2 WHERE id BETWEEN 4064620 AND 4064629
	Index Scan using sbtest2_pkey on sbtest2  (cost=0.43..39.18 rows=10 width=121)
	  Index Cond: ((id >= 4064620) AND (id <= 4064629))

table 3 : explain SELECT c FROM sbtest3 WHERE id BETWEEN 2621084 AND 2621093
	Index Scan using sbtest3_pkey on sbtest3  (cost=0.43..39.13 rows=10 width=121)
	  Index Cond: ((id >= 2621084) AND (id <= 2621093))

table 4 : explain SELECT c FROM sbtest4 WHERE id BETWEEN 4338701 AND 4338710
	Index Scan using sbtest4_pkey on sbtest4  (cost=0.43..35.46 rows=9 width=121)
	  Index Cond: ((id >= 4338701) AND (id <= 4338710))

table 5 : explain SELECT c FROM sbtest5 WHERE id BETWEEN 5183944 AND 5183953
	Index Scan using sbtest5_pkey on sbtest5  (cost=0.43..35.35 rows=9 width=121)
	  Index Cond: ((id >= 5183944) AND (id <= 5183953))

table 6 : explain SELECT c FROM sbtest6 WHERE id BETWEEN 8539166 AND 8539175
	Index Scan using sbtest6_pkey on sbtest6  (cost=0.43..38.66 rows=10 width=121)
	  Index Cond: ((id >= 8539166) AND (id <= 8539175))

table 7 : explain SELECT c FROM sbtest7 WHERE id BETWEEN 950910 AND 950919
	Index Scan using sbtest7_pkey on sbtest7  (cost=0.43..38.82 rows=10 width=121)
	  Index Cond: ((id >= 950910) AND (id <= 950919))

table 8 : explain SELECT c FROM sbtest8 WHERE id BETWEEN 7214960 AND 7214969
	Index Scan using sbtest8_pkey on sbtest8  (cost=0.43..38.69 rows=10 width=121)
	  Index Cond: ((id >= 7214960) AND (id <= 7214969))

explain: for non_index_updates :: explain UPDATE sbtest%u SET c='foobar' WHERE id=%u
for deletes
table 1 : explain DELETE FROM sbtest1 WHERE id=530582
	Delete on sbtest1  (cost=0.43..8.45 rows=1 width=6)
	  ->  Index Scan using sbtest1_pkey on sbtest1  (cost=0.43..8.45 rows=1 width=6)
	        Index Cond: (id = 530582)

table 2 : explain DELETE FROM sbtest2 WHERE id=2543699
	Delete on sbtest2  (cost=0.43..8.45 rows=1 width=6)
	  ->  Index Scan using sbtest2_pkey on sbtest2  (cost=0.43..8.45 rows=1 width=6)
	        Index Cond: (id = 2543699)

table 3 : explain DELETE FROM sbtest3 WHERE id=2455353
	Delete on sbtest3  (cost=0.43..8.45 rows=1 width=6)
	  ->  Index Scan using sbtest3_pkey on sbtest3  (cost=0.43..8.45 rows=1 width=6)
	        Index Cond: (id = 2455353)

table 4 : explain DELETE FROM sbtest4 WHERE id=2880134
	Delete on sbtest4  (cost=0.43..8.45 rows=1 width=6)
	  ->  Index Scan using sbtest4_pkey on sbtest4  (cost=0.43..8.45 rows=1 width=6)
	        Index Cond: (id = 2880134)

table 5 : explain DELETE FROM sbtest5 WHERE id=4080124
	Delete on sbtest5  (cost=0.43..8.45 rows=1 width=6)
	  ->  Index Scan using sbtest5_pkey on sbtest5  (cost=0.43..8.45 rows=1 width=6)
	        Index Cond: (id = 4080124)

table 6 : explain DELETE FROM sbtest6 WHERE id=9973763
	Delete on sbtest6  (cost=0.43..8.45 rows=1 width=6)
	  ->  Index Scan using sbtest6_pkey on sbtest6  (cost=0.43..8.45 rows=1 width=6)
	        Index Cond: (id = 9973763)

table 7 : explain DELETE FROM sbtest7 WHERE id=9468336
	Delete on sbtest7  (cost=0.43..8.45 rows=1 width=6)
	  ->  Index Scan using sbtest7_pkey on sbtest7  (cost=0.43..8.45 rows=1 width=6)
	        Index Cond: (id = 9468336)

table 8 : explain DELETE FROM sbtest8 WHERE id=1690269
	Delete on sbtest8  (cost=0.43..8.45 rows=1 width=6)
	  ->  Index Scan using sbtest8_pkey on sbtest8  (cost=0.43..8.45 rows=1 width=6)
	        Index Cond: (id = 1690269)

explain: for inserts :: explain INSERT INTO sbtest%u (id, k, c, pad) VALUES (%u, 13, 'foobar', 'foobar')
for point_selects
table 1 : explain SELECT c FROM sbtest1 WHERE id=7214454
	Index Scan using sbtest1_pkey on sbtest1  (cost=0.43..8.45 rows=1 width=121)
	  Index Cond: (id = 7214454)

table 2 : explain SELECT c FROM sbtest2 WHERE id=1813592
	Index Scan using sbtest2_pkey on sbtest2  (cost=0.43..8.45 rows=1 width=121)
	  Index Cond: (id = 1813592)

table 3 : explain SELECT c FROM sbtest3 WHERE id=1938142
	Index Scan using sbtest3_pkey on sbtest3  (cost=0.43..8.45 rows=1 width=121)
	  Index Cond: (id = 1938142)

table 4 : explain SELECT c FROM sbtest4 WHERE id=1445196
	Index Scan using sbtest4_pkey on sbtest4  (cost=0.43..8.45 rows=1 width=121)
	  Index Cond: (id = 1445196)

table 5 : explain SELECT c FROM sbtest5 WHERE id=4321770
	Index Scan using sbtest5_pkey on sbtest5  (cost=0.43..8.45 rows=1 width=121)
	  Index Cond: (id = 4321770)

table 6 : explain SELECT c FROM sbtest6 WHERE id=6622690
	Index Scan using sbtest6_pkey on sbtest6  (cost=0.43..8.45 rows=1 width=121)
	  Index Cond: (id = 6622690)

table 7 : explain SELECT c FROM sbtest7 WHERE id=6141700
	Index Scan using sbtest7_pkey on sbtest7  (cost=0.43..8.45 rows=1 width=121)
	  Index Cond: (id = 6141700)

table 8 : explain SELECT c FROM sbtest8 WHERE id=8377469
	Index Scan using sbtest8_pkey on sbtest8  (cost=0.43..8.45 rows=1 width=121)
	  Index Cond: (id = 8377469)

for: distinct_ranges
table 1 : explain SELECT DISTINCT c FROM sbtest1 WHERE id BETWEEN 9238438 AND 9238447 ORDER BY c
	Unique  (cost=39.45..39.50 rows=10 width=121)
	  ->  Sort  (cost=39.45..39.47 rows=10 width=121)
	        Sort Key: c
	        ->  Index Scan using sbtest1_pkey on sbtest1  (cost=0.43..39.28 rows=10 width=121)
	              Index Cond: ((id >= 9238438) AND (id <= 9238447))

table 2 : explain SELECT DISTINCT c FROM sbtest2 WHERE id BETWEEN 7873882 AND 7873891 ORDER BY c
	Unique  (cost=46.22..46.28 rows=12 width=121)
	  ->  Sort  (cost=46.22..46.25 rows=12 width=121)
	        Sort Key: c
	        ->  Index Scan using sbtest2_pkey on sbtest2  (cost=0.43..46.01 rows=12 width=121)
	              Index Cond: ((id >= 7873882) AND (id <= 7873891))

table 3 : explain SELECT DISTINCT c FROM sbtest3 WHERE id BETWEEN 6701391 AND 6701400 ORDER BY c
	Unique  (cost=42.72..42.78 rows=11 width=121)
	  ->  Sort  (cost=42.72..42.75 rows=11 width=121)
	        Sort Key: c
	        ->  Index Scan using sbtest3_pkey on sbtest3  (cost=0.43..42.53 rows=11 width=121)
	              Index Cond: ((id >= 6701391) AND (id <= 6701400))

table 4 : explain SELECT DISTINCT c FROM sbtest4 WHERE id BETWEEN 7571242 AND 7571251 ORDER BY c
	Unique  (cost=39.00..39.05 rows=10 width=121)
	  ->  Sort  (cost=39.00..39.02 rows=10 width=121)
	        Sort Key: c
	        ->  Index Scan using sbtest4_pkey on sbtest4  (cost=0.43..38.83 rows=10 width=121)
	              Index Cond: ((id >= 7571242) AND (id <= 7571251))

table 5 : explain SELECT DISTINCT c FROM sbtest5 WHERE id BETWEEN 246639 AND 246648 ORDER BY c
	Unique  (cost=38.87..38.92 rows=10 width=121)
	  ->  Sort  (cost=38.87..38.90 rows=10 width=121)
	        Sort Key: c
	        ->  Index Scan using sbtest5_pkey on sbtest5  (cost=0.43..38.71 rows=10 width=121)
	              Index Cond: ((id >= 246639) AND (id <= 246648))

table 6 : explain SELECT DISTINCT c FROM sbtest6 WHERE id BETWEEN 2635830 AND 2635839 ORDER BY c
	Unique  (cost=38.83..38.88 rows=10 width=121)
	  ->  Sort  (cost=38.83..38.85 rows=10 width=121)
	        Sort Key: c
	        ->  Index Scan using sbtest6_pkey on sbtest6  (cost=0.43..38.66 rows=10 width=121)
	              Index Cond: ((id >= 2635830) AND (id <= 2635839))

table 7 : explain SELECT DISTINCT c FROM sbtest7 WHERE id BETWEEN 2298902 AND 2298911 ORDER BY c
	Unique  (cost=38.99..39.04 rows=10 width=121)
	  ->  Sort  (cost=38.99..39.01 rows=10 width=121)
	        Sort Key: c
	        ->  Index Scan using sbtest7_pkey on sbtest7  (cost=0.43..38.82 rows=10 width=121)
	              Index Cond: ((id >= 2298902) AND (id <= 2298911))

table 8 : explain SELECT DISTINCT c FROM sbtest8 WHERE id BETWEEN 2824855 AND 2824864 ORDER BY c
	Unique  (cost=38.85..38.90 rows=10 width=121)
	  ->  Sort  (cost=38.85..38.88 rows=10 width=121)
	        Sort Key: c
	        ->  Index Scan using sbtest8_pkey on sbtest8  (cost=0.43..38.69 rows=10 width=121)
	              Index Cond: ((id >= 2824855) AND (id <= 2824864))

for deletes
table 1 : explain DELETE FROM sbtest1 WHERE id=401758
	Delete on sbtest1  (cost=0.43..8.45 rows=1 width=6)
	  ->  Index Scan using sbtest1_pkey on sbtest1  (cost=0.43..8.45 rows=1 width=6)
	        Index Cond: (id = 401758)

table 2 : explain DELETE FROM sbtest2 WHERE id=82009
	Delete on sbtest2  (cost=0.43..8.45 rows=1 width=6)
	  ->  Index Scan using sbtest2_pkey on sbtest2  (cost=0.43..8.45 rows=1 width=6)
	        Index Cond: (id = 82009)

table 3 : explain DELETE FROM sbtest3 WHERE id=3444857
	Delete on sbtest3  (cost=0.43..8.45 rows=1 width=6)
	  ->  Index Scan using sbtest3_pkey on sbtest3  (cost=0.43..8.45 rows=1 width=6)
	        Index Cond: (id = 3444857)

table 4 : explain DELETE FROM sbtest4 WHERE id=3950544
	Delete on sbtest4  (cost=0.43..8.45 rows=1 width=6)
	  ->  Index Scan using sbtest4_pkey on sbtest4  (cost=0.43..8.45 rows=1 width=6)
	        Index Cond: (id = 3950544)

table 5 : explain DELETE FROM sbtest5 WHERE id=6088085
	Delete on sbtest5  (cost=0.43..8.45 rows=1 width=6)
	  ->  Index Scan using sbtest5_pkey on sbtest5  (cost=0.43..8.45 rows=1 width=6)
	        Index Cond: (id = 6088085)

table 6 : explain DELETE FROM sbtest6 WHERE id=9884510
	Delete on sbtest6  (cost=0.43..8.45 rows=1 width=6)
	  ->  Index Scan using sbtest6_pkey on sbtest6  (cost=0.43..8.45 rows=1 width=6)
	        Index Cond: (id = 9884510)

table 7 : explain DELETE FROM sbtest7 WHERE id=3845743
	Delete on sbtest7  (cost=0.43..8.45 rows=1 width=6)
	  ->  Index Scan using sbtest7_pkey on sbtest7  (cost=0.43..8.45 rows=1 width=6)
	        Index Cond: (id = 3845743)

table 8 : explain DELETE FROM sbtest8 WHERE id=7360448
	Delete on sbtest8  (cost=0.43..8.45 rows=1 width=6)
	  ->  Index Scan using sbtest8_pkey on sbtest8  (cost=0.43..8.45 rows=1 width=6)
	        Index Cond: (id = 7360448)

explain: for non_index_updates :: explain UPDATE sbtest%u SET c='foobar' WHERE id=%u
for inserts
table 1 : explain INSERT INTO sbtest1 (id, k, c, pad) VALUES (2430901, 13, 'foobar', 'foobar')
	Insert on sbtest1  (cost=0.00..0.01 rows=1 width=736)
	  ->  Result  (cost=0.00..0.01 rows=1 width=736)

table 2 : explain INSERT INTO sbtest2 (id, k, c, pad) VALUES (2536534, 13, 'foobar', 'foobar')
	Insert on sbtest2  (cost=0.00..0.01 rows=1 width=736)
	  ->  Result  (cost=0.00..0.01 rows=1 width=736)

table 3 : explain INSERT INTO sbtest3 (id, k, c, pad) VALUES (6545838, 13, 'foobar', 'foobar')
	Insert on sbtest3  (cost=0.00..0.01 rows=1 width=736)
	  ->  Result  (cost=0.00..0.01 rows=1 width=736)

table 4 : explain INSERT INTO sbtest4 (id, k, c, pad) VALUES (5292401, 13, 'foobar', 'foobar')
	Insert on sbtest4  (cost=0.00..0.01 rows=1 width=736)
	  ->  Result  (cost=0.00..0.01 rows=1 width=736)

table 5 : explain INSERT INTO sbtest5 (id, k, c, pad) VALUES (2816825, 13, 'foobar', 'foobar')
	Insert on sbtest5  (cost=0.00..0.01 rows=1 width=736)
	  ->  Result  (cost=0.00..0.01 rows=1 width=736)

table 6 : explain INSERT INTO sbtest6 (id, k, c, pad) VALUES (9691324, 13, 'foobar', 'foobar')
	Insert on sbtest6  (cost=0.00..0.01 rows=1 width=736)
	  ->  Result  (cost=0.00..0.01 rows=1 width=736)

table 7 : explain INSERT INTO sbtest7 (id, k, c, pad) VALUES (8931196, 13, 'foobar', 'foobar')
	Insert on sbtest7  (cost=0.00..0.01 rows=1 width=736)
	  ->  Result  (cost=0.00..0.01 rows=1 width=736)

table 8 : explain INSERT INTO sbtest8 (id, k, c, pad) VALUES (135572, 13, 'foobar', 'foobar')
	Insert on sbtest8  (cost=0.00..0.01 rows=1 width=736)
	  ->  Result  (cost=0.00..0.01 rows=1 width=736)

explain: for inserts :: explain INSERT INTO sbtest%u (id, k, c, pad) VALUES (%u, 13, 'foobar', 'foobar')
for point_selects
table 1 : explain SELECT c FROM sbtest1 WHERE id=4310541
	Index Scan using sbtest1_pkey on sbtest1  (cost=0.43..8.45 rows=1 width=121)
	  Index Cond: (id = 4310541)

table 2 : explain SELECT c FROM sbtest2 WHERE id=203885
	Index Scan using sbtest2_pkey on sbtest2  (cost=0.43..8.45 rows=1 width=121)
	  Index Cond: (id = 203885)

table 3 : explain SELECT c FROM sbtest3 WHERE id=7397751
	Index Scan using sbtest3_pkey on sbtest3  (cost=0.43..8.45 rows=1 width=121)
	  Index Cond: (id = 7397751)

table 4 : explain SELECT c FROM sbtest4 WHERE id=2084255
	Index Scan using sbtest4_pkey on sbtest4  (cost=0.43..8.45 rows=1 width=121)
	  Index Cond: (id = 2084255)

table 5 : explain SELECT c FROM sbtest5 WHERE id=9594809
	Index Scan using sbtest5_pkey on sbtest5  (cost=0.43..8.45 rows=1 width=121)
	  Index Cond: (id = 9594809)

table 6 : explain SELECT c FROM sbtest6 WHERE id=2169078
	Index Scan using sbtest6_pkey on sbtest6  (cost=0.43..8.45 rows=1 width=121)
	  Index Cond: (id = 2169078)

table 7 : explain SELECT c FROM sbtest7 WHERE id=9293226
	Index Scan using sbtest7_pkey on sbtest7  (cost=0.43..8.45 rows=1 width=121)
	  Index Cond: (id = 9293226)

table 8 : explain SELECT c FROM sbtest8 WHERE id=1418463
	Index Scan using sbtest8_pkey on sbtest8  (cost=0.43..8.45 rows=1 width=121)
	  Index Cond: (id = 1418463)

explain: for index_updates :: explain UPDATE sbtest%u SET k=k+1 WHERE id=%u
explain: for inserts :: explain INSERT INTO sbtest%u (id, k, c, pad) VALUES (%u, 13, 'foobar', 'foobar')
for inserts
table 1 : explain INSERT INTO sbtest1 (id, k, c, pad) VALUES (2816858, 13, 'foobar', 'foobar')
	Insert on sbtest1  (cost=0.00..0.01 rows=1 width=736)
	  ->  Result  (cost=0.00..0.01 rows=1 width=736)

table 2 : explain INSERT INTO sbtest2 (id, k, c, pad) VALUES (6523955, 13, 'foobar', 'foobar')
	Insert on sbtest2  (cost=0.00..0.01 rows=1 width=736)
	  ->  Result  (cost=0.00..0.01 rows=1 width=736)

table 3 : explain INSERT INTO sbtest3 (id, k, c, pad) VALUES (8480187, 13, 'foobar', 'foobar')
	Insert on sbtest3  (cost=0.00..0.01 rows=1 width=736)
	  ->  Result  (cost=0.00..0.01 rows=1 width=736)

table 4 : explain INSERT INTO sbtest4 (id, k, c, pad) VALUES (91785, 13, 'foobar', 'foobar')
	Insert on sbtest4  (cost=0.00..0.01 rows=1 width=736)
	  ->  Result  (cost=0.00..0.01 rows=1 width=736)

table 5 : explain INSERT INTO sbtest5 (id, k, c, pad) VALUES (5304011, 13, 'foobar', 'foobar')
	Insert on sbtest5  (cost=0.00..0.01 rows=1 width=736)
	  ->  Result  (cost=0.00..0.01 rows=1 width=736)

table 6 : explain INSERT INTO sbtest6 (id, k, c, pad) VALUES (9532604, 13, 'foobar', 'foobar')
	Insert on sbtest6  (cost=0.00..0.01 rows=1 width=736)
	  ->  Result  (cost=0.00..0.01 rows=1 width=736)

table 7 : explain INSERT INTO sbtest7 (id, k, c, pad) VALUES (2786513, 13, 'foobar', 'foobar')
	Insert on sbtest7  (cost=0.00..0.01 rows=1 width=736)
	  ->  Result  (cost=0.00..0.01 rows=1 width=736)

table 8 : explain INSERT INTO sbtest8 (id, k, c, pad) VALUES (7646042, 13, 'foobar', 'foobar')
	Insert on sbtest8  (cost=0.00..0.01 rows=1 width=736)
	  ->  Result  (cost=0.00..0.01 rows=1 width=736)

for non_index_updates
table 1 : explain UPDATE sbtest1 SET c='foobar' WHERE id=3597863
	Update on sbtest1  (cost=0.43..8.45 rows=1 width=559)
	  ->  Index Scan using sbtest1_pkey on sbtest1  (cost=0.43..8.45 rows=1 width=559)
	        Index Cond: (id = 3597863)

table 2 : explain UPDATE sbtest2 SET c='foobar' WHERE id=2524581
	Update on sbtest2  (cost=0.43..8.45 rows=1 width=559)
	  ->  Index Scan using sbtest2_pkey on sbtest2  (cost=0.43..8.45 rows=1 width=559)
	        Index Cond: (id = 2524581)

table 3 : explain UPDATE sbtest3 SET c='foobar' WHERE id=2840299
	Update on sbtest3  (cost=0.43..8.45 rows=1 width=559)
	  ->  Index Scan using sbtest3_pkey on sbtest3  (cost=0.43..8.45 rows=1 width=559)
	        Index Cond: (id = 2840299)

table 4 : explain UPDATE sbtest4 SET c='foobar' WHERE id=8377898
	Update on sbtest4  (cost=0.43..8.45 rows=1 width=559)
	  ->  Index Scan using sbtest4_pkey on sbtest4  (cost=0.43..8.45 rows=1 width=559)
	        Index Cond: (id = 8377898)

table 5 : explain UPDATE sbtest5 SET c='foobar' WHERE id=7807722
	Update on sbtest5  (cost=0.43..8.45 rows=1 width=559)
	  ->  Index Scan using sbtest5_pkey on sbtest5  (cost=0.43..8.45 rows=1 width=559)
	        Index Cond: (id = 7807722)

table 6 : explain UPDATE sbtest6 SET c='foobar' WHERE id=6382572
	Update on sbtest6  (cost=0.43..8.45 rows=1 width=559)
	  ->  Index Scan using sbtest6_pkey on sbtest6  (cost=0.43..8.45 rows=1 width=559)
	        Index Cond: (id = 6382572)

table 7 : explain UPDATE sbtest7 SET c='foobar' WHERE id=3270098
	Update on sbtest7  (cost=0.43..8.45 rows=1 width=559)
	  ->  Index Scan using sbtest7_pkey on sbtest7  (cost=0.43..8.45 rows=1 width=559)
	        Index Cond: (id = 3270098)

table 8 : explain UPDATE sbtest8 SET c='foobar' WHERE id=7137331
	Update on sbtest8  (cost=0.43..8.45 rows=1 width=559)
	  ->  Index Scan using sbtest8_pkey on sbtest8  (cost=0.43..8.45 rows=1 width=559)
	        Index Cond: (id = 7137331)

for non_index_updates
table 1 : explain UPDATE sbtest1 SET c='foobar' WHERE id=6096191
	Update on sbtest1  (cost=0.43..8.45 rows=1 width=559)
	  ->  Index Scan using sbtest1_pkey on sbtest1  (cost=0.43..8.45 rows=1 width=559)
	        Index Cond: (id = 6096191)

table 2 : explain UPDATE sbtest2 SET c='foobar' WHERE id=5274791
	Update on sbtest2  (cost=0.43..8.45 rows=1 width=559)
	  ->  Index Scan using sbtest2_pkey on sbtest2  (cost=0.43..8.45 rows=1 width=559)
	        Index Cond: (id = 5274791)

table 3 : explain UPDATE sbtest3 SET c='foobar' WHERE id=6110830
	Update on sbtest3  (cost=0.43..8.45 rows=1 width=559)
	  ->  Index Scan using sbtest3_pkey on sbtest3  (cost=0.43..8.45 rows=1 width=559)
	        Index Cond: (id = 6110830)

table 4 : explain UPDATE sbtest4 SET c='foobar' WHERE id=6022419
	Update on sbtest4  (cost=0.43..8.45 rows=1 width=559)
	  ->  Index Scan using sbtest4_pkey on sbtest4  (cost=0.43..8.45 rows=1 width=559)
	        Index Cond: (id = 6022419)

table 5 : explain UPDATE sbtest5 SET c='foobar' WHERE id=7442111
	Update on sbtest5  (cost=0.43..8.45 rows=1 width=559)
	  ->  Index Scan using sbtest5_pkey on sbtest5  (cost=0.43..8.45 rows=1 width=559)
	        Index Cond: (id = 7442111)

table 6 : explain UPDATE sbtest6 SET c='foobar' WHERE id=3163219
	Update on sbtest6  (cost=0.43..8.45 rows=1 width=559)
	  ->  Index Scan using sbtest6_pkey on sbtest6  (cost=0.43..8.45 rows=1 width=559)
	        Index Cond: (id = 3163219)

table 7 : explain UPDATE sbtest7 SET c='foobar' WHERE id=5561159
	Update on sbtest7  (cost=0.43..8.45 rows=1 width=559)
	  ->  Index Scan using sbtest7_pkey on sbtest7  (cost=0.43..8.45 rows=1 width=559)
	        Index Cond: (id = 5561159)

table 8 : explain UPDATE sbtest8 SET c='foobar' WHERE id=4820478
	Update on sbtest8  (cost=0.43..8.45 rows=1 width=559)
	  ->  Index Scan using sbtest8_pkey on sbtest8  (cost=0.43..8.45 rows=1 width=559)
	        Index Cond: (id = 4820478)

for: sum_ranges
table 1 : explain SELECT SUM(k) FROM sbtest1 WHERE id BETWEEN 8333239 AND 8333248
	Aggregate  (cost=39.31..39.32 rows=1 width=8)
	  ->  Index Scan using sbtest1_pkey on sbtest1  (cost=0.43..39.28 rows=10 width=4)
	        Index Cond: ((id >= 8333239) AND (id <= 8333248))

table 2 : explain SELECT SUM(k) FROM sbtest2 WHERE id BETWEEN 6503227 AND 6503236
	Aggregate  (cost=39.20..39.21 rows=1 width=8)
	  ->  Index Scan using sbtest2_pkey on sbtest2  (cost=0.43..39.18 rows=10 width=4)
	        Index Cond: ((id >= 6503227) AND (id <= 6503236))

table 3 : explain SELECT SUM(k) FROM sbtest3 WHERE id BETWEEN 6709013 AND 6709022
	Aggregate  (cost=42.56..42.57 rows=1 width=8)
	  ->  Index Scan using sbtest3_pkey on sbtest3  (cost=0.43..42.53 rows=11 width=4)
	        Index Cond: ((id >= 6709013) AND (id <= 6709022))

table 4 : explain SELECT SUM(k) FROM sbtest4 WHERE id BETWEEN 4438170 AND 4438179
	Aggregate  (cost=38.86..38.87 rows=1 width=8)
	  ->  Index Scan using sbtest4_pkey on sbtest4  (cost=0.43..38.83 rows=10 width=4)
	        Index Cond: ((id >= 4438170) AND (id <= 4438179))

table 5 : explain SELECT SUM(k) FROM sbtest5 WHERE id BETWEEN 694725 AND 694734
	Aggregate  (cost=38.73..38.74 rows=1 width=8)
	  ->  Index Scan using sbtest5_pkey on sbtest5  (cost=0.43..38.71 rows=10 width=4)
	        Index Cond: ((id >= 694725) AND (id <= 694734))

table 6 : explain SELECT SUM(k) FROM sbtest6 WHERE id BETWEEN 509334 AND 509343
	Aggregate  (cost=38.69..38.70 rows=1 width=8)
	  ->  Index Scan using sbtest6_pkey on sbtest6  (cost=0.43..38.66 rows=10 width=4)
	        Index Cond: ((id >= 509334) AND (id <= 509343))

table 7 : explain SELECT SUM(k) FROM sbtest7 WHERE id BETWEEN 1497401 AND 1497410
	Aggregate  (cost=38.85..38.86 rows=1 width=8)
	  ->  Index Scan using sbtest7_pkey on sbtest7  (cost=0.43..38.82 rows=10 width=4)
	        Index Cond: ((id >= 1497401) AND (id <= 1497410))

table 8 : explain SELECT SUM(k) FROM sbtest8 WHERE id BETWEEN 829324 AND 829333
	Aggregate  (cost=38.71..38.72 rows=1 width=8)
	  ->  Index Scan using sbtest8_pkey on sbtest8  (cost=0.43..38.69 rows=10 width=4)
	        Index Cond: ((id >= 829324) AND (id <= 829333))

for: simple_ranges
table 1 : explain SELECT c FROM sbtest1 WHERE id BETWEEN 2864760 AND 2864769
	Index Scan using sbtest1_pkey on sbtest1  (cost=0.43..39.28 rows=10 width=121)
	  Index Cond: ((id >= 2864760) AND (id <= 2864769))

table 2 : explain SELECT c FROM sbtest2 WHERE id BETWEEN 3450739 AND 3450748
	Index Scan using sbtest2_pkey on sbtest2  (cost=0.43..42.59 rows=11 width=121)
	  Index Cond: ((id >= 3450739) AND (id <= 3450748))

table 3 : explain SELECT c FROM sbtest3 WHERE id BETWEEN 5011828 AND 5011837
	Index Scan using sbtest3_pkey on sbtest3  (cost=0.43..39.13 rows=10 width=121)
	  Index Cond: ((id >= 5011828) AND (id <= 5011837))

table 4 : explain SELECT c FROM sbtest4 WHERE id BETWEEN 9911190 AND 9911199
	Index Scan using sbtest4_pkey on sbtest4  (cost=0.43..35.46 rows=9 width=121)
	  Index Cond: ((id >= 9911190) AND (id <= 9911199))

table 5 : explain SELECT c FROM sbtest5 WHERE id BETWEEN 2707626 AND 2707635
	Index Scan using sbtest5_pkey on sbtest5  (cost=0.43..35.35 rows=9 width=121)
	  Index Cond: ((id >= 2707626) AND (id <= 2707635))

table 6 : explain SELECT c FROM sbtest6 WHERE id BETWEEN 2743445 AND 2743454
	Index Scan using sbtest6_pkey on sbtest6  (cost=0.43..35.31 rows=9 width=121)
	  Index Cond: ((id >= 2743445) AND (id <= 2743454))

table 7 : explain SELECT c FROM sbtest7 WHERE id BETWEEN 8623269 AND 8623278
	Index Scan using sbtest7_pkey on sbtest7  (cost=0.43..38.82 rows=10 width=121)
	  Index Cond: ((id >= 8623269) AND (id <= 8623278))

table 8 : explain SELECT c FROM sbtest8 WHERE id BETWEEN 4534552 AND 4534561
	Index Scan using sbtest8_pkey on sbtest8  (cost=0.43..42.04 rows=11 width=121)
	  Index Cond: ((id >= 4534552) AND (id <= 4534561))

for inserts
table 1 : explain INSERT INTO sbtest1 (id, k, c, pad) VALUES (1475191, 13, 'foobar', 'foobar')
	Insert on sbtest1  (cost=0.00..0.01 rows=1 width=736)
	  ->  Result  (cost=0.00..0.01 rows=1 width=736)

table 2 : explain INSERT INTO sbtest2 (id, k, c, pad) VALUES (2602968, 13, 'foobar', 'foobar')
	Insert on sbtest2  (cost=0.00..0.01 rows=1 width=736)
	  ->  Result  (cost=0.00..0.01 rows=1 width=736)

table 3 : explain INSERT INTO sbtest3 (id, k, c, pad) VALUES (728058, 13, 'foobar', 'foobar')
	Insert on sbtest3  (cost=0.00..0.01 rows=1 width=736)
	  ->  Result  (cost=0.00..0.01 rows=1 width=736)

table 4 : explain INSERT INTO sbtest4 (id, k, c, pad) VALUES (5039735, 13, 'foobar', 'foobar')
	Insert on sbtest4  (cost=0.00..0.01 rows=1 width=736)
	  ->  Result  (cost=0.00..0.01 rows=1 width=736)

table 5 : explain INSERT INTO sbtest5 (id, k, c, pad) VALUES (1833001, 13, 'foobar', 'foobar')
	Insert on sbtest5  (cost=0.00..0.01 rows=1 width=736)
	  ->  Result  (cost=0.00..0.01 rows=1 width=736)

table 6 : explain INSERT INTO sbtest6 (id, k, c, pad) VALUES (5664189, 13, 'foobar', 'foobar')
	Insert on sbtest6  (cost=0.00..0.01 rows=1 width=736)
	  ->  Result  (cost=0.00..0.01 rows=1 width=736)

table 7 : explain INSERT INTO sbtest7 (id, k, c, pad) VALUES (8747051, 13, 'foobar', 'foobar')
	Insert on sbtest7  (cost=0.00..0.01 rows=1 width=736)
	  ->  Result  (cost=0.00..0.01 rows=1 width=736)

table 8 : explain INSERT INTO sbtest8 (id, k, c, pad) VALUES (5228900, 13, 'foobar', 'foobar')
	Insert on sbtest8  (cost=0.00..0.01 rows=1 width=736)
	  ->  Result  (cost=0.00..0.01 rows=1 width=736)

for non_index_updates
table 1 : explain UPDATE sbtest1 SET c='foobar' WHERE id=4683535
	Update on sbtest1  (cost=0.43..8.45 rows=1 width=559)
	  ->  Index Scan using sbtest1_pkey on sbtest1  (cost=0.43..8.45 rows=1 width=559)
	        Index Cond: (id = 4683535)

table 2 : explain UPDATE sbtest2 SET c='foobar' WHERE id=1997916
	Update on sbtest2  (cost=0.43..8.45 rows=1 width=559)
	  ->  Index Scan using sbtest2_pkey on sbtest2  (cost=0.43..8.45 rows=1 width=559)
	        Index Cond: (id = 1997916)

table 3 : explain UPDATE sbtest3 SET c='foobar' WHERE id=8521011
	Update on sbtest3  (cost=0.43..8.45 rows=1 width=559)
	  ->  Index Scan using sbtest3_pkey on sbtest3  (cost=0.43..8.45 rows=1 width=559)
	        Index Cond: (id = 8521011)

table 4 : explain UPDATE sbtest4 SET c='foobar' WHERE id=8889674
	Update on sbtest4  (cost=0.43..8.45 rows=1 width=559)
	  ->  Index Scan using sbtest4_pkey on sbtest4  (cost=0.43..8.45 rows=1 width=559)
	        Index Cond: (id = 8889674)

table 5 : explain UPDATE sbtest5 SET c='foobar' WHERE id=5637782
	Update on sbtest5  (cost=0.43..8.45 rows=1 width=559)
	  ->  Index Scan using sbtest5_pkey on sbtest5  (cost=0.43..8.45 rows=1 width=559)
	        Index Cond: (id = 5637782)

table 6 : explain UPDATE sbtest6 SET c='foobar' WHERE id=8519440
	Update on sbtest6  (cost=0.43..8.45 rows=1 width=559)
	  ->  Index Scan using sbtest6_pkey on sbtest6  (cost=0.43..8.45 rows=1 width=559)
	        Index Cond: (id = 8519440)

table 7 : explain UPDATE sbtest7 SET c='foobar' WHERE id=4129008
	Update on sbtest7  (cost=0.43..8.45 rows=1 width=559)
	  ->  Index Scan using sbtest7_pkey on sbtest7  (cost=0.43..8.45 rows=1 width=559)
	        Index Cond: (id = 4129008)

table 8 : explain UPDATE sbtest8 SET c='foobar' WHERE id=3765796
	Update on sbtest8  (cost=0.43..8.45 rows=1 width=559)
	  ->  Index Scan using sbtest8_pkey on sbtest8  (cost=0.43..8.45 rows=1 width=559)
	        Index Cond: (id = 3765796)

for index_updates
table 1 : explain UPDATE sbtest1 SET k=k+1 WHERE id=9811374
	Update on sbtest1  (cost=0.43..8.46 rows=1 width=196)
	  ->  Index Scan using sbtest1_pkey on sbtest1  (cost=0.43..8.46 rows=1 width=196)
	        Index Cond: (id = 9811374)

table 2 : explain UPDATE sbtest2 SET k=k+1 WHERE id=6318460
	Update on sbtest2  (cost=0.43..8.46 rows=1 width=196)
	  ->  Index Scan using sbtest2_pkey on sbtest2  (cost=0.43..8.46 rows=1 width=196)
	        Index Cond: (id = 6318460)

table 3 : explain UPDATE sbtest3 SET k=k+1 WHERE id=7196846
	Update on sbtest3  (cost=0.43..8.46 rows=1 width=196)
	  ->  Index Scan using sbtest3_pkey on sbtest3  (cost=0.43..8.46 rows=1 width=196)
	        Index Cond: (id = 7196846)

table 4 : explain UPDATE sbtest4 SET k=k+1 WHERE id=6079925
	Update on sbtest4  (cost=0.43..8.46 rows=1 width=196)
	  ->  Index Scan using sbtest4_pkey on sbtest4  (cost=0.43..8.46 rows=1 width=196)
	        Index Cond: (id = 6079925)

table 5 : explain UPDATE sbtest5 SET k=k+1 WHERE id=8922693
	Update on sbtest5  (cost=0.43..8.46 rows=1 width=196)
	  ->  Index Scan using sbtest5_pkey on sbtest5  (cost=0.43..8.46 rows=1 width=196)
	        Index Cond: (id = 8922693)

table 6 : explain UPDATE sbtest6 SET k=k+1 WHERE id=3990615
	Update on sbtest6  (cost=0.43..8.46 rows=1 width=196)
	  ->  Index Scan using sbtest6_pkey on sbtest6  (cost=0.43..8.46 rows=1 width=196)
	        Index Cond: (id = 3990615)

table 7 : explain UPDATE sbtest7 SET k=k+1 WHERE id=4079758
	Update on sbtest7  (cost=0.43..8.46 rows=1 width=196)
	  ->  Index Scan using sbtest7_pkey on sbtest7  (cost=0.43..8.46 rows=1 width=196)
	        Index Cond: (id = 4079758)

table 8 : explain UPDATE sbtest8 SET k=k+1 WHERE id=886663
	Update on sbtest8  (cost=0.43..8.46 rows=1 width=196)
	  ->  Index Scan using sbtest8_pkey on sbtest8  (cost=0.43..8.46 rows=1 width=196)
	        Index Cond: (id = 886663)

explain: for point_selects :: explain SELECT c FROM sbtest%u WHERE id=%u
for: simple_ranges
table 1 : explain SELECT c FROM sbtest1 WHERE id BETWEEN 2511243 AND 2511252
	Index Scan using sbtest1_pkey on sbtest1  (cost=0.43..35.86 rows=9 width=121)
	  Index Cond: ((id >= 2511243) AND (id <= 2511252))

table 2 : explain SELECT c FROM sbtest2 WHERE id BETWEEN 3248658 AND 3248667
	Index Scan using sbtest2_pkey on sbtest2  (cost=0.43..35.76 rows=9 width=121)
	  Index Cond: ((id >= 3248658) AND (id <= 3248667))

table 3 : explain SELECT c FROM sbtest3 WHERE id BETWEEN 2882458 AND 2882467
	Index Scan using sbtest3_pkey on sbtest3  (cost=0.43..39.13 rows=10 width=121)
	  Index Cond: ((id >= 2882458) AND (id <= 2882467))

table 4 : explain SELECT c FROM sbtest4 WHERE id BETWEEN 8901191 AND 8901200
	Index Scan using sbtest4_pkey on sbtest4  (cost=0.43..38.83 rows=10 width=121)
	  Index Cond: ((id >= 8901191) AND (id <= 8901200))

table 5 : explain SELECT c FROM sbtest5 WHERE id BETWEEN 6397763 AND 6397772
	Index Scan using sbtest5_pkey on sbtest5  (cost=0.43..38.71 rows=10 width=121)
	  Index Cond: ((id >= 6397763) AND (id <= 6397772))

table 6 : explain SELECT c FROM sbtest6 WHERE id BETWEEN 6157798 AND 6157807
	Index Scan using sbtest6_pkey on sbtest6  (cost=0.43..38.66 rows=10 width=121)
	  Index Cond: ((id >= 6157798) AND (id <= 6157807))

table 7 : explain SELECT c FROM sbtest7 WHERE id BETWEEN 5278451 AND 5278460
	Index Scan using sbtest7_pkey on sbtest7  (cost=0.43..35.45 rows=9 width=121)
	  Index Cond: ((id >= 5278451) AND (id <= 5278460))

table 8 : explain SELECT c FROM sbtest8 WHERE id BETWEEN 2592510 AND 2592519
	Index Scan using sbtest8_pkey on sbtest8  (cost=0.43..35.33 rows=9 width=121)
	  Index Cond: ((id >= 2592510) AND (id <= 2592519))

explain: for deletes :: explain DELETE FROM sbtest%u WHERE id=%u
explain: for deletes :: explain DELETE FROM sbtest%u WHERE id=%u
explain: for deletes :: explain DELETE FROM sbtest%u WHERE id=%u
explain: for non_index_updates :: explain UPDATE sbtest%u SET c='foobar' WHERE id=%u
for deletes
table 1 : explain DELETE FROM sbtest1 WHERE id=1725671
	Delete on sbtest1  (cost=0.43..8.45 rows=1 width=6)
	  ->  Index Scan using sbtest1_pkey on sbtest1  (cost=0.43..8.45 rows=1 width=6)
	        Index Cond: (id = 1725671)

table 2 : explain DELETE FROM sbtest2 WHERE id=9278972
	Delete on sbtest2  (cost=0.43..8.45 rows=1 width=6)
	  ->  Index Scan using sbtest2_pkey on sbtest2  (cost=0.43..8.45 rows=1 width=6)
	        Index Cond: (id = 9278972)

table 3 : explain DELETE FROM sbtest3 WHERE id=1253454
	Delete on sbtest3  (cost=0.43..8.45 rows=1 width=6)
	  ->  Index Scan using sbtest3_pkey on sbtest3  (cost=0.43..8.45 rows=1 width=6)
	        Index Cond: (id = 1253454)

table 4 : explain DELETE FROM sbtest4 WHERE id=4605811
	Delete on sbtest4  (cost=0.43..8.45 rows=1 width=6)
	  ->  Index Scan using sbtest4_pkey on sbtest4  (cost=0.43..8.45 rows=1 width=6)
	        Index Cond: (id = 4605811)

table 5 : explain DELETE FROM sbtest5 WHERE id=4813657
	Delete on sbtest5  (cost=0.43..8.45 rows=1 width=6)
	  ->  Index Scan using sbtest5_pkey on sbtest5  (cost=0.43..8.45 rows=1 width=6)
	        Index Cond: (id = 4813657)

table 6 : explain DELETE FROM sbtest6 WHERE id=6693364
	Delete on sbtest6  (cost=0.43..8.45 rows=1 width=6)
	  ->  Index Scan using sbtest6_pkey on sbtest6  (cost=0.43..8.45 rows=1 width=6)
	        Index Cond: (id = 6693364)

table 7 : explain DELETE FROM sbtest7 WHERE id=4316517
	Delete on sbtest7  (cost=0.43..8.45 rows=1 width=6)
	  ->  Index Scan using sbtest7_pkey on sbtest7  (cost=0.43..8.45 rows=1 width=6)
	        Index Cond: (id = 4316517)

table 8 : explain DELETE FROM sbtest8 WHERE id=6022210
	Delete on sbtest8  (cost=0.43..8.45 rows=1 width=6)
	  ->  Index Scan using sbtest8_pkey on sbtest8  (cost=0.43..8.45 rows=1 width=6)
	        Index Cond: (id = 6022210)

for: order_ranges
table 1 : explain SELECT c FROM sbtest1 WHERE id BETWEEN 2876552 AND 2876561 ORDER BY c
	Sort  (cost=39.45..39.47 rows=10 width=121)
	  Sort Key: c
	  ->  Index Scan using sbtest1_pkey on sbtest1  (cost=0.43..39.28 rows=10 width=121)
	        Index Cond: ((id >= 2876552) AND (id <= 2876561))

table 2 : explain SELECT c FROM sbtest2 WHERE id BETWEEN 3244321 AND 3244330 ORDER BY c
	Sort  (cost=35.91..35.93 rows=9 width=121)
	  Sort Key: c
	  ->  Index Scan using sbtest2_pkey on sbtest2  (cost=0.43..35.76 rows=9 width=121)
	        Index Cond: ((id >= 3244321) AND (id <= 3244330))

table 3 : explain SELECT c FROM sbtest3 WHERE id BETWEEN 6833908 AND 6833917 ORDER BY c
	Sort  (cost=39.29..39.32 rows=10 width=121)
	  Sort Key: c
	  ->  Index Scan using sbtest3_pkey on sbtest3  (cost=0.43..39.13 rows=10 width=121)
	        Index Cond: ((id >= 6833908) AND (id <= 6833917))

table 4 : explain SELECT c FROM sbtest4 WHERE id BETWEEN 1525274 AND 1525283 ORDER BY c
	Sort  (cost=39.00..39.02 rows=10 width=121)
	  Sort Key: c
	  ->  Index Scan using sbtest4_pkey on sbtest4  (cost=0.43..38.83 rows=10 width=121)
	        Index Cond: ((id >= 1525274) AND (id <= 1525283))

table 5 : explain SELECT c FROM sbtest5 WHERE id BETWEEN 776973 AND 776982 ORDER BY c
	Sort  (cost=38.87..38.90 rows=10 width=121)
	  Sort Key: c
	  ->  Index Scan using sbtest5_pkey on sbtest5  (cost=0.43..38.71 rows=10 width=121)
	        Index Cond: ((id >= 776973) AND (id <= 776982))

table 6 : explain SELECT c FROM sbtest6 WHERE id BETWEEN 6127624 AND 6127633 ORDER BY c
	Sort  (cost=38.83..38.85 rows=10 width=121)
	  Sort Key: c
	  ->  Index Scan using sbtest6_pkey on sbtest6  (cost=0.43..38.66 rows=10 width=121)
	        Index Cond: ((id >= 6127624) AND (id <= 6127633))

table 7 : explain SELECT c FROM sbtest7 WHERE id BETWEEN 9618197 AND 9618206 ORDER BY c
	Sort  (cost=42.38..42.41 rows=11 width=121)
	  Sort Key: c
	  ->  Index Scan using sbtest7_pkey on sbtest7  (cost=0.43..42.19 rows=11 width=121)
	        Index Cond: ((id >= 9618197) AND (id <= 9618206))

table 8 : explain SELECT c FROM sbtest8 WHERE id BETWEEN 2113596 AND 2113605 ORDER BY c
	Sort  (cost=35.47..35.49 rows=9 width=121)
	  Sort Key: c
	  ->  Index Scan using sbtest8_pkey on sbtest8  (cost=0.43..35.33 rows=9 width=121)
	        Index Cond: ((id >= 2113596) AND (id <= 2113605))

for deletes
table 1 : explain DELETE FROM sbtest1 WHERE id=7064322
	Delete on sbtest1  (cost=0.43..8.45 rows=1 width=6)
	  ->  Index Scan using sbtest1_pkey on sbtest1  (cost=0.43..8.45 rows=1 width=6)
	        Index Cond: (id = 7064322)

table 2 : explain DELETE FROM sbtest2 WHERE id=2787610
	Delete on sbtest2  (cost=0.43..8.45 rows=1 width=6)
	  ->  Index Scan using sbtest2_pkey on sbtest2  (cost=0.43..8.45 rows=1 width=6)
	        Index Cond: (id = 2787610)

table 3 : explain DELETE FROM sbtest3 WHERE id=1948128
	Delete on sbtest3  (cost=0.43..8.45 rows=1 width=6)
	  ->  Index Scan using sbtest3_pkey on sbtest3  (cost=0.43..8.45 rows=1 width=6)
	        Index Cond: (id = 1948128)

table 4 : explain DELETE FROM sbtest4 WHERE id=9446690
	Delete on sbtest4  (cost=0.43..8.45 rows=1 width=6)
	  ->  Index Scan using sbtest4_pkey on sbtest4  (cost=0.43..8.45 rows=1 width=6)
	        Index Cond: (id = 9446690)

table 5 : explain DELETE FROM sbtest5 WHERE id=3845243
	Delete on sbtest5  (cost=0.43..8.45 rows=1 width=6)
	  ->  Index Scan using sbtest5_pkey on sbtest5  (cost=0.43..8.45 rows=1 width=6)
	        Index Cond: (id = 3845243)

table 6 : explain DELETE FROM sbtest6 WHERE id=5706455
	Delete on sbtest6  (cost=0.43..8.45 rows=1 width=6)
	  ->  Index Scan using sbtest6_pkey on sbtest6  (cost=0.43..8.45 rows=1 width=6)
	        Index Cond: (id = 5706455)

table 7 : explain DELETE FROM sbtest7 WHERE id=3581079
	Delete on sbtest7  (cost=0.43..8.45 rows=1 width=6)
	  ->  Index Scan using sbtest7_pkey on sbtest7  (cost=0.43..8.45 rows=1 width=6)
	        Index Cond: (id = 3581079)

table 8 : explain DELETE FROM sbtest8 WHERE id=7431582
	Delete on sbtest8  (cost=0.43..8.45 rows=1 width=6)
	  ->  Index Scan using sbtest8_pkey on sbtest8  (cost=0.43..8.45 rows=1 width=6)
	        Index Cond: (id = 7431582)

for point_selects
table 1 : explain SELECT c FROM sbtest1 WHERE id=5328115
	Index Scan using sbtest1_pkey on sbtest1  (cost=0.43..8.45 rows=1 width=121)
	  Index Cond: (id = 5328115)

table 2 : explain SELECT c FROM sbtest2 WHERE id=9956862
	Index Scan using sbtest2_pkey on sbtest2  (cost=0.43..8.45 rows=1 width=121)
	  Index Cond: (id = 9956862)

table 3 : explain SELECT c FROM sbtest3 WHERE id=9484337
	Index Scan using sbtest3_pkey on sbtest3  (cost=0.43..8.45 rows=1 width=121)
	  Index Cond: (id = 9484337)

table 4 : explain SELECT c FROM sbtest4 WHERE id=9960118
	Index Scan using sbtest4_pkey on sbtest4  (cost=0.43..8.45 rows=1 width=121)
	  Index Cond: (id = 9960118)

table 5 : explain SELECT c FROM sbtest5 WHERE id=6404625
	Index Scan using sbtest5_pkey on sbtest5  (cost=0.43..8.45 rows=1 width=121)
	  Index Cond: (id = 6404625)

table 6 : explain SELECT c FROM sbtest6 WHERE id=533453
	Index Scan using sbtest6_pkey on sbtest6  (cost=0.43..8.45 rows=1 width=121)
	  Index Cond: (id = 533453)

table 7 : explain SELECT c FROM sbtest7 WHERE id=8768573
	Index Scan using sbtest7_pkey on sbtest7  (cost=0.43..8.45 rows=1 width=121)
	  Index Cond: (id = 8768573)

table 8 : explain SELECT c FROM sbtest8 WHERE id=3398339
	Index Scan using sbtest8_pkey on sbtest8  (cost=0.43..8.45 rows=1 width=121)
	  Index Cond: (id = 3398339)

for non_index_updates
table 1 : explain UPDATE sbtest1 SET c='foobar' WHERE id=8078723
	Update on sbtest1  (cost=0.43..8.45 rows=1 width=559)
	  ->  Index Scan using sbtest1_pkey on sbtest1  (cost=0.43..8.45 rows=1 width=559)
	        Index Cond: (id = 8078723)

table 2 : explain UPDATE sbtest2 SET c='foobar' WHERE id=1079735
	Update on sbtest2  (cost=0.43..8.45 rows=1 width=559)
	  ->  Index Scan using sbtest2_pkey on sbtest2  (cost=0.43..8.45 rows=1 width=559)
	        Index Cond: (id = 1079735)

table 3 : explain UPDATE sbtest3 SET c='foobar' WHERE id=1724115
	Update on sbtest3  (cost=0.43..8.45 rows=1 width=559)
	  ->  Index Scan using sbtest3_pkey on sbtest3  (cost=0.43..8.45 rows=1 width=559)
	        Index Cond: (id = 1724115)

table 4 : explain UPDATE sbtest4 SET c='foobar' WHERE id=1140202
	Update on sbtest4  (cost=0.43..8.45 rows=1 width=559)
	  ->  Index Scan using sbtest4_pkey on sbtest4  (cost=0.43..8.45 rows=1 width=559)
	        Index Cond: (id = 1140202)

table 5 : explain UPDATE sbtest5 SET c='foobar' WHERE id=5380675
	Update on sbtest5  (cost=0.43..8.45 rows=1 width=559)
	  ->  Index Scan using sbtest5_pkey on sbtest5  (cost=0.43..8.45 rows=1 width=559)
	        Index Cond: (id = 5380675)

table 6 : explain UPDATE sbtest6 SET c='foobar' WHERE id=9292781
	Update on sbtest6  (cost=0.43..8.45 rows=1 width=559)
	  ->  Index Scan using sbtest6_pkey on sbtest6  (cost=0.43..8.45 rows=1 width=559)
	        Index Cond: (id = 9292781)

table 7 : explain UPDATE sbtest7 SET c='foobar' WHERE id=8884842
	Update on sbtest7  (cost=0.43..8.45 rows=1 width=559)
	  ->  Index Scan using sbtest7_pkey on sbtest7  (cost=0.43..8.45 rows=1 width=559)
	        Index Cond: (id = 8884842)

table 8 : explain UPDATE sbtest8 SET c='foobar' WHERE id=858047
	Update on sbtest8  (cost=0.43..8.45 rows=1 width=559)
	  ->  Index Scan using sbtest8_pkey on sbtest8  (cost=0.43..8.45 rows=1 width=559)
	        Index Cond: (id = 858047)

explain: for inserts :: explain INSERT INTO sbtest%u (id, k, c, pad) VALUES (%u, 13, 'foobar', 'foobar')
for: sum_ranges
table 1 : explain SELECT SUM(k) FROM sbtest1 WHERE id BETWEEN 9623221 AND 9623230
	Aggregate  (cost=35.88..35.89 rows=1 width=8)
	  ->  Index Scan using sbtest1_pkey on sbtest1  (cost=0.43..35.86 rows=9 width=4)
	        Index Cond: ((id >= 9623221) AND (id <= 9623230))

table 2 : explain SELECT SUM(k) FROM sbtest2 WHERE id BETWEEN 1421339 AND 1421348
	Aggregate  (cost=39.20..39.21 rows=1 width=8)
	  ->  Index Scan using sbtest2_pkey on sbtest2  (cost=0.43..39.18 rows=10 width=4)
	        Index Cond: ((id >= 1421339) AND (id <= 1421348))

table 3 : explain SELECT SUM(k) FROM sbtest3 WHERE id BETWEEN 7265291 AND 7265300
	Aggregate  (cost=42.56..42.57 rows=1 width=8)
	  ->  Index Scan using sbtest3_pkey on sbtest3  (cost=0.43..42.53 rows=11 width=4)
	        Index Cond: ((id >= 7265291) AND (id <= 7265300))

table 4 : explain SELECT SUM(k) FROM sbtest4 WHERE id BETWEEN 2201691 AND 2201700
	Aggregate  (cost=38.86..38.87 rows=1 width=8)
	  ->  Index Scan using sbtest4_pkey on sbtest4  (cost=0.43..38.83 rows=10 width=4)
	        Index Cond: ((id >= 2201691) AND (id <= 2201700))

table 5 : explain SELECT SUM(k) FROM sbtest5 WHERE id BETWEEN 1574124 AND 1574133
	Aggregate  (cost=38.73..38.74 rows=1 width=8)
	  ->  Index Scan using sbtest5_pkey on sbtest5  (cost=0.43..38.71 rows=10 width=4)
	        Index Cond: ((id >= 1574124) AND (id <= 1574133))

table 6 : explain SELECT SUM(k) FROM sbtest6 WHERE id BETWEEN 3329318 AND 3329327
	Aggregate  (cost=38.69..38.70 rows=1 width=8)
	  ->  Index Scan using sbtest6_pkey on sbtest6  (cost=0.43..38.66 rows=10 width=4)
	        Index Cond: ((id >= 3329318) AND (id <= 3329327))

table 7 : explain SELECT SUM(k) FROM sbtest7 WHERE id BETWEEN 9344192 AND 9344201
	Aggregate  (cost=38.85..38.86 rows=1 width=8)
	  ->  Index Scan using sbtest7_pkey on sbtest7  (cost=0.43..38.82 rows=10 width=4)
	        Index Cond: ((id >= 9344192) AND (id <= 9344201))

table 8 : explain SELECT SUM(k) FROM sbtest8 WHERE id BETWEEN 9811558 AND 9811567
	Aggregate  (cost=35.35..35.36 rows=1 width=8)
	  ->  Index Scan using sbtest8_pkey on sbtest8  (cost=0.43..35.33 rows=9 width=4)
	        Index Cond: ((id >= 9811558) AND (id <= 9811567))

for deletes
table 1 : explain DELETE FROM sbtest1 WHERE id=3589653
	Delete on sbtest1  (cost=0.43..8.45 rows=1 width=6)
	  ->  Index Scan using sbtest1_pkey on sbtest1  (cost=0.43..8.45 rows=1 width=6)
	        Index Cond: (id = 3589653)

table 2 : explain DELETE FROM sbtest2 WHERE id=7000697
	Delete on sbtest2  (cost=0.43..8.45 rows=1 width=6)
	  ->  Index Scan using sbtest2_pkey on sbtest2  (cost=0.43..8.45 rows=1 width=6)
	        Index Cond: (id = 7000697)

table 3 : explain DELETE FROM sbtest3 WHERE id=5256025
	Delete on sbtest3  (cost=0.43..8.45 rows=1 width=6)
	  ->  Index Scan using sbtest3_pkey on sbtest3  (cost=0.43..8.45 rows=1 width=6)
	        Index Cond: (id = 5256025)

table 4 : explain DELETE FROM sbtest4 WHERE id=2524907
	Delete on sbtest4  (cost=0.43..8.45 rows=1 width=6)
	  ->  Index Scan using sbtest4_pkey on sbtest4  (cost=0.43..8.45 rows=1 width=6)
	        Index Cond: (id = 2524907)

table 5 : explain DELETE FROM sbtest5 WHERE id=2101717
	Delete on sbtest5  (cost=0.43..8.45 rows=1 width=6)
	  ->  Index Scan using sbtest5_pkey on sbtest5  (cost=0.43..8.45 rows=1 width=6)
	        Index Cond: (id = 2101717)

table 6 : explain DELETE FROM sbtest6 WHERE id=3134672
	Delete on sbtest6  (cost=0.43..8.45 rows=1 width=6)
	  ->  Index Scan using sbtest6_pkey on sbtest6  (cost=0.43..8.45 rows=1 width=6)
	        Index Cond: (id = 3134672)

table 7 : explain DELETE FROM sbtest7 WHERE id=1476833
	Delete on sbtest7  (cost=0.43..8.45 rows=1 width=6)
	  ->  Index Scan using sbtest7_pkey on sbtest7  (cost=0.43..8.45 rows=1 width=6)
	        Index Cond: (id = 1476833)

table 8 : explain DELETE FROM sbtest8 WHERE id=8826413
	Delete on sbtest8  (cost=0.43..8.45 rows=1 width=6)
	  ->  Index Scan using sbtest8_pkey on sbtest8  (cost=0.43..8.45 rows=1 width=6)
	        Index Cond: (id = 8826413)

explain: for deletes :: explain DELETE FROM sbtest%u WHERE id=%u
for deletes
table 1 : explain DELETE FROM sbtest1 WHERE id=1146806
	Delete on sbtest1  (cost=0.43..8.45 rows=1 width=6)
	  ->  Index Scan using sbtest1_pkey on sbtest1  (cost=0.43..8.45 rows=1 width=6)
	        Index Cond: (id = 1146806)

table 2 : explain DELETE FROM sbtest2 WHERE id=7436568
	Delete on sbtest2  (cost=0.43..8.45 rows=1 width=6)
	  ->  Index Scan using sbtest2_pkey on sbtest2  (cost=0.43..8.45 rows=1 width=6)
	        Index Cond: (id = 7436568)

table 3 : explain DELETE FROM sbtest3 WHERE id=2074349
	Delete on sbtest3  (cost=0.43..8.45 rows=1 width=6)
	  ->  Index Scan using sbtest3_pkey on sbtest3  (cost=0.43..8.45 rows=1 width=6)
	        Index Cond: (id = 2074349)

table 4 : explain DELETE FROM sbtest4 WHERE id=8117798
	Delete on sbtest4  (cost=0.43..8.45 rows=1 width=6)
	  ->  Index Scan using sbtest4_pkey on sbtest4  (cost=0.43..8.45 rows=1 width=6)
	        Index Cond: (id = 8117798)

table 5 : explain DELETE FROM sbtest5 WHERE id=5336451
	Delete on sbtest5  (cost=0.43..8.45 rows=1 width=6)
	  ->  Index Scan using sbtest5_pkey on sbtest5  (cost=0.43..8.45 rows=1 width=6)
	        Index Cond: (id = 5336451)

table 6 : explain DELETE FROM sbtest6 WHERE id=934718
	Delete on sbtest6  (cost=0.43..8.45 rows=1 width=6)
	  ->  Index Scan using sbtest6_pkey on sbtest6  (cost=0.43..8.45 rows=1 width=6)
	        Index Cond: (id = 934718)

table 7 : explain DELETE FROM sbtest7 WHERE id=2493927
	Delete on sbtest7  (cost=0.43..8.45 rows=1 width=6)
	  ->  Index Scan using sbtest7_pkey on sbtest7  (cost=0.43..8.45 rows=1 width=6)
	        Index Cond: (id = 2493927)

table 8 : explain DELETE FROM sbtest8 WHERE id=7796193
	Delete on sbtest8  (cost=0.43..8.45 rows=1 width=6)
	  ->  Index Scan using sbtest8_pkey on sbtest8  (cost=0.43..8.45 rows=1 width=6)
	        Index Cond: (id = 7796193)

for: sum_ranges
table 1 : explain SELECT SUM(k) FROM sbtest1 WHERE id BETWEEN 263000 AND 263009
	Aggregate  (cost=39.31..39.32 rows=1 width=8)
	  ->  Index Scan using sbtest1_pkey on sbtest1  (cost=0.43..39.28 rows=10 width=4)
	        Index Cond: ((id >= 263000) AND (id <= 263009))

table 2 : explain SELECT SUM(k) FROM sbtest2 WHERE id BETWEEN 436837 AND 436846
	Aggregate  (cost=39.20..39.21 rows=1 width=8)
	  ->  Index Scan using sbtest2_pkey on sbtest2  (cost=0.43..39.18 rows=10 width=4)
	        Index Cond: ((id >= 436837) AND (id <= 436846))

table 3 : explain SELECT SUM(k) FROM sbtest3 WHERE id BETWEEN 709622 AND 709631
	Aggregate  (cost=42.56..42.57 rows=1 width=8)
	  ->  Index Scan using sbtest3_pkey on sbtest3  (cost=0.43..42.53 rows=11 width=4)
	        Index Cond: ((id >= 709622) AND (id <= 709631))

table 4 : explain SELECT SUM(k) FROM sbtest4 WHERE id BETWEEN 3823448 AND 3823457
	Aggregate  (cost=42.23..42.24 rows=1 width=8)
	  ->  Index Scan using sbtest4_pkey on sbtest4  (cost=0.43..42.21 rows=11 width=4)
	        Index Cond: ((id >= 3823448) AND (id <= 3823457))

table 5 : explain SELECT SUM(k) FROM sbtest5 WHERE id BETWEEN 658462 AND 658471
	Aggregate  (cost=38.73..38.74 rows=1 width=8)
	  ->  Index Scan using sbtest5_pkey on sbtest5  (cost=0.43..38.71 rows=10 width=4)
	        Index Cond: ((id >= 658462) AND (id <= 658471))

table 6 : explain SELECT SUM(k) FROM sbtest6 WHERE id BETWEEN 4465687 AND 4465696
	Aggregate  (cost=38.69..38.70 rows=1 width=8)
	  ->  Index Scan using sbtest6_pkey on sbtest6  (cost=0.43..38.66 rows=10 width=4)
	        Index Cond: ((id >= 4465687) AND (id <= 4465696))

table 7 : explain SELECT SUM(k) FROM sbtest7 WHERE id BETWEEN 3620361 AND 3620370
	Aggregate  (cost=42.22..42.23 rows=1 width=8)
	  ->  Index Scan using sbtest7_pkey on sbtest7  (cost=0.43..42.19 rows=11 width=4)
	        Index Cond: ((id >= 3620361) AND (id <= 3620370))

table 8 : explain SELECT SUM(k) FROM sbtest8 WHERE id BETWEEN 3430439 AND 3430448
	Aggregate  (cost=38.71..38.72 rows=1 width=8)
	  ->  Index Scan using sbtest8_pkey on sbtest8  (cost=0.43..38.69 rows=10 width=4)
	        Index Cond: ((id >= 3430439) AND (id <= 3430448))

for inserts
table 1 : explain INSERT INTO sbtest1 (id, k, c, pad) VALUES (285255, 13, 'foobar', 'foobar')
	Insert on sbtest1  (cost=0.00..0.01 rows=1 width=736)
	  ->  Result  (cost=0.00..0.01 rows=1 width=736)

table 2 : explain INSERT INTO sbtest2 (id, k, c, pad) VALUES (7973307, 13, 'foobar', 'foobar')
	Insert on sbtest2  (cost=0.00..0.01 rows=1 width=736)
	  ->  Result  (cost=0.00..0.01 rows=1 width=736)

table 3 : explain INSERT INTO sbtest3 (id, k, c, pad) VALUES (5274752, 13, 'foobar', 'foobar')
	Insert on sbtest3  (cost=0.00..0.01 rows=1 width=736)
	  ->  Result  (cost=0.00..0.01 rows=1 width=736)

table 4 : explain INSERT INTO sbtest4 (id, k, c, pad) VALUES (4957121, 13, 'foobar', 'foobar')
	Insert on sbtest4  (cost=0.00..0.01 rows=1 width=736)
	  ->  Result  (cost=0.00..0.01 rows=1 width=736)

table 5 : explain INSERT INTO sbtest5 (id, k, c, pad) VALUES (1149776, 13, 'foobar', 'foobar')
	Insert on sbtest5  (cost=0.00..0.01 rows=1 width=736)
	  ->  Result  (cost=0.00..0.01 rows=1 width=736)

table 6 : explain INSERT INTO sbtest6 (id, k, c, pad) VALUES (8224957, 13, 'foobar', 'foobar')
	Insert on sbtest6  (cost=0.00..0.01 rows=1 width=736)
	  ->  Result  (cost=0.00..0.01 rows=1 width=736)

table 7 : explain INSERT INTO sbtest7 (id, k, c, pad) VALUES (4355248, 13, 'foobar', 'foobar')
	Insert on sbtest7  (cost=0.00..0.01 rows=1 width=736)
	  ->  Result  (cost=0.00..0.01 rows=1 width=736)

table 8 : explain INSERT INTO sbtest8 (id, k, c, pad) VALUES (3082650, 13, 'foobar', 'foobar')
	Insert on sbtest8  (cost=0.00..0.01 rows=1 width=736)
	  ->  Result  (cost=0.00..0.01 rows=1 width=736)

for point_selects
table 1 : explain SELECT c FROM sbtest1 WHERE id=6486194
	Index Scan using sbtest1_pkey on sbtest1  (cost=0.43..8.45 rows=1 width=121)
	  Index Cond: (id = 6486194)

table 2 : explain SELECT c FROM sbtest2 WHERE id=3508978
	Index Scan using sbtest2_pkey on sbtest2  (cost=0.43..8.45 rows=1 width=121)
	  Index Cond: (id = 3508978)

table 3 : explain SELECT c FROM sbtest3 WHERE id=2819516
	Index Scan using sbtest3_pkey on sbtest3  (cost=0.43..8.45 rows=1 width=121)
	  Index Cond: (id = 2819516)

table 4 : explain SELECT c FROM sbtest4 WHERE id=6847777
	Index Scan using sbtest4_pkey on sbtest4  (cost=0.43..8.45 rows=1 width=121)
	  Index Cond: (id = 6847777)

table 5 : explain SELECT c FROM sbtest5 WHERE id=1727236
	Index Scan using sbtest5_pkey on sbtest5  (cost=0.43..8.45 rows=1 width=121)
	  Index Cond: (id = 1727236)

table 6 : explain SELECT c FROM sbtest6 WHERE id=6635026
	Index Scan using sbtest6_pkey on sbtest6  (cost=0.43..8.45 rows=1 width=121)
	  Index Cond: (id = 6635026)

table 7 : explain SELECT c FROM sbtest7 WHERE id=9274092
	Index Scan using sbtest7_pkey on sbtest7  (cost=0.43..8.45 rows=1 width=121)
	  Index Cond: (id = 9274092)

table 8 : explain SELECT c FROM sbtest8 WHERE id=1698438
	Index Scan using sbtest8_pkey on sbtest8  (cost=0.43..8.45 rows=1 width=121)
	  Index Cond: (id = 1698438)

for deletes
table 1 : explain DELETE FROM sbtest1 WHERE id=1997863
	Delete on sbtest1  (cost=0.43..8.45 rows=1 width=6)
	  ->  Index Scan using sbtest1_pkey on sbtest1  (cost=0.43..8.45 rows=1 width=6)
	        Index Cond: (id = 1997863)

table 2 : explain DELETE FROM sbtest2 WHERE id=5303160
	Delete on sbtest2  (cost=0.43..8.45 rows=1 width=6)
	  ->  Index Scan using sbtest2_pkey on sbtest2  (cost=0.43..8.45 rows=1 width=6)
	        Index Cond: (id = 5303160)

table 3 : explain DELETE FROM sbtest3 WHERE id=9048742
	Delete on sbtest3  (cost=0.43..8.45 rows=1 width=6)
	  ->  Index Scan using sbtest3_pkey on sbtest3  (cost=0.43..8.45 rows=1 width=6)
	        Index Cond: (id = 9048742)

table 4 : explain DELETE FROM sbtest4 WHERE id=3946076
	Delete on sbtest4  (cost=0.43..8.45 rows=1 width=6)
	  ->  Index Scan using sbtest4_pkey on sbtest4  (cost=0.43..8.45 rows=1 width=6)
	        Index Cond: (id = 3946076)

table 5 : explain DELETE FROM sbtest5 WHERE id=1894465
	Delete on sbtest5  (cost=0.43..8.45 rows=1 width=6)
	  ->  Index Scan using sbtest5_pkey on sbtest5  (cost=0.43..8.45 rows=1 width=6)
	        Index Cond: (id = 1894465)

table 6 : explain DELETE FROM sbtest6 WHERE id=3442646
	Delete on sbtest6  (cost=0.43..8.45 rows=1 width=6)
	  ->  Index Scan using sbtest6_pkey on sbtest6  (cost=0.43..8.45 rows=1 width=6)
	        Index Cond: (id = 3442646)

table 7 : explain DELETE FROM sbtest7 WHERE id=3324685
	Delete on sbtest7  (cost=0.43..8.45 rows=1 width=6)
	  ->  Index Scan using sbtest7_pkey on sbtest7  (cost=0.43..8.45 rows=1 width=6)
	        Index Cond: (id = 3324685)

table 8 : explain DELETE FROM sbtest8 WHERE id=6295855
	Delete on sbtest8  (cost=0.43..8.45 rows=1 width=6)
	  ->  Index Scan using sbtest8_pkey on sbtest8  (cost=0.43..8.45 rows=1 width=6)
	        Index Cond: (id = 6295855)

explain: for inserts :: explain INSERT INTO sbtest%u (id, k, c, pad) VALUES (%u, 13, 'foobar', 'foobar')
for point_selects
table 1 : explain SELECT c FROM sbtest1 WHERE id=766823
	Index Scan using sbtest1_pkey on sbtest1  (cost=0.43..8.45 rows=1 width=121)
	  Index Cond: (id = 766823)

table 2 : explain SELECT c FROM sbtest2 WHERE id=8209908
	Index Scan using sbtest2_pkey on sbtest2  (cost=0.43..8.45 rows=1 width=121)
	  Index Cond: (id = 8209908)

table 3 : explain SELECT c FROM sbtest3 WHERE id=1699092
	Index Scan using sbtest3_pkey on sbtest3  (cost=0.43..8.45 rows=1 width=121)
	  Index Cond: (id = 1699092)

table 4 : explain SELECT c FROM sbtest4 WHERE id=4619732
	Index Scan using sbtest4_pkey on sbtest4  (cost=0.43..8.45 rows=1 width=121)
	  Index Cond: (id = 4619732)

table 5 : explain SELECT c FROM sbtest5 WHERE id=4971628
	Index Scan using sbtest5_pkey on sbtest5  (cost=0.43..8.45 rows=1 width=121)
	  Index Cond: (id = 4971628)

table 6 : explain SELECT c FROM sbtest6 WHERE id=8698383
	Index Scan using sbtest6_pkey on sbtest6  (cost=0.43..8.45 rows=1 width=121)
	  Index Cond: (id = 8698383)

table 7 : explain SELECT c FROM sbtest7 WHERE id=723393
	Index Scan using sbtest7_pkey on sbtest7  (cost=0.43..8.45 rows=1 width=121)
	  Index Cond: (id = 723393)

table 8 : explain SELECT c FROM sbtest8 WHERE id=6997751
	Index Scan using sbtest8_pkey on sbtest8  (cost=0.43..8.45 rows=1 width=121)
	  Index Cond: (id = 6997751)

for: distinct_ranges
table 1 : explain SELECT DISTINCT c FROM sbtest1 WHERE id BETWEEN 4436262 AND 4436271 ORDER BY c
	Unique  (cost=39.45..39.50 rows=10 width=121)
	  ->  Sort  (cost=39.45..39.47 rows=10 width=121)
	        Sort Key: c
	        ->  Index Scan using sbtest1_pkey on sbtest1  (cost=0.43..39.28 rows=10 width=121)
	              Index Cond: ((id >= 4436262) AND (id <= 4436271))

table 2 : explain SELECT DISTINCT c FROM sbtest2 WHERE id BETWEEN 7872786 AND 7872795 ORDER BY c
	Unique  (cost=46.22..46.28 rows=12 width=121)
	  ->  Sort  (cost=46.22..46.25 rows=12 width=121)
	        Sort Key: c
	        ->  Index Scan using sbtest2_pkey on sbtest2  (cost=0.43..46.01 rows=12 width=121)
	              Index Cond: ((id >= 7872786) AND (id <= 7872795))

table 3 : explain SELECT DISTINCT c FROM sbtest3 WHERE id BETWEEN 4151782 AND 4151791 ORDER BY c
	Unique  (cost=35.86..35.91 rows=9 width=121)
	  ->  Sort  (cost=35.86..35.88 rows=9 width=121)
	        Sort Key: c
	        ->  Index Scan using sbtest3_pkey on sbtest3  (cost=0.43..35.72 rows=9 width=121)
	              Index Cond: ((id >= 4151782) AND (id <= 4151791))

table 4 : explain SELECT DISTINCT c FROM sbtest4 WHERE id BETWEEN 6250643 AND 6250652 ORDER BY c
	Unique  (cost=35.60..35.64 rows=9 width=121)
	  ->  Sort  (cost=35.60..35.62 rows=9 width=121)
	        Sort Key: c
	        ->  Index Scan using sbtest4_pkey on sbtest4  (cost=0.43..35.46 rows=9 width=121)
	              Index Cond: ((id >= 6250643) AND (id <= 6250652))

table 5 : explain SELECT DISTINCT c FROM sbtest5 WHERE id BETWEEN 4881882 AND 4881891 ORDER BY c
	Unique  (cost=38.87..38.92 rows=10 width=121)
	  ->  Sort  (cost=38.87..38.90 rows=10 width=121)
	        Sort Key: c
	        ->  Index Scan using sbtest5_pkey on sbtest5  (cost=0.43..38.71 rows=10 width=121)
	              Index Cond: ((id >= 4881882) AND (id <= 4881891))

table 6 : explain SELECT DISTINCT c FROM sbtest6 WHERE id BETWEEN 1627577 AND 1627586 ORDER BY c
	Unique  (cost=38.83..38.88 rows=10 width=121)
	  ->  Sort  (cost=38.83..38.85 rows=10 width=121)
	        Sort Key: c
	        ->  Index Scan using sbtest6_pkey on sbtest6  (cost=0.43..38.66 rows=10 width=121)
	              Index Cond: ((id >= 1627577) AND (id <= 1627586))

table 7 : explain SELECT DISTINCT c FROM sbtest7 WHERE id BETWEEN 215785 AND 215794 ORDER BY c
	Unique  (cost=38.99..39.04 rows=10 width=121)
	  ->  Sort  (cost=38.99..39.01 rows=10 width=121)
	        Sort Key: c
	        ->  Index Scan using sbtest7_pkey on sbtest7  (cost=0.43..38.82 rows=10 width=121)
	              Index Cond: ((id >= 215785) AND (id <= 215794))

table 8 : explain SELECT DISTINCT c FROM sbtest8 WHERE id BETWEEN 1628110 AND 1628119 ORDER BY c
	Unique  (cost=38.85..38.90 rows=10 width=121)
	  ->  Sort  (cost=38.85..38.88 rows=10 width=121)
	        Sort Key: c
	        ->  Index Scan using sbtest8_pkey on sbtest8  (cost=0.43..38.69 rows=10 width=121)
	              Index Cond: ((id >= 1628110) AND (id <= 1628119))

for: simple_ranges
table 1 : explain SELECT c FROM sbtest1 WHERE id BETWEEN 5288253 AND 5288262
	Index Scan using sbtest1_pkey on sbtest1  (cost=0.43..42.71 rows=11 width=121)
	  Index Cond: ((id >= 5288253) AND (id <= 5288262))

table 2 : explain SELECT c FROM sbtest2 WHERE id BETWEEN 2811324 AND 2811333
	Index Scan using sbtest2_pkey on sbtest2  (cost=0.43..42.59 rows=11 width=121)
	  Index Cond: ((id >= 2811324) AND (id <= 2811333))

table 3 : explain SELECT c FROM sbtest3 WHERE id BETWEEN 4757758 AND 4757767
	Index Scan using sbtest3_pkey on sbtest3  (cost=0.43..35.72 rows=9 width=121)
	  Index Cond: ((id >= 4757758) AND (id <= 4757767))

table 4 : explain SELECT c FROM sbtest4 WHERE id BETWEEN 9056638 AND 9056647
	Index Scan using sbtest4_pkey on sbtest4  (cost=0.43..42.21 rows=11 width=121)
	  Index Cond: ((id >= 9056638) AND (id <= 9056647))

table 5 : explain SELECT c FROM sbtest5 WHERE id BETWEEN 2050880 AND 2050889
	Index Scan using sbtest5_pkey on sbtest5  (cost=0.43..38.71 rows=10 width=121)
	  Index Cond: ((id >= 2050880) AND (id <= 2050889))

table 6 : explain SELECT c FROM sbtest6 WHERE id BETWEEN 5711188 AND 5711197
	Index Scan using sbtest6_pkey on sbtest6  (cost=0.43..38.66 rows=10 width=121)
	  Index Cond: ((id >= 5711188) AND (id <= 5711197))

table 7 : explain SELECT c FROM sbtest7 WHERE id BETWEEN 2188420 AND 2188429
	Index Scan using sbtest7_pkey on sbtest7  (cost=0.43..42.19 rows=11 width=121)
	  Index Cond: ((id >= 2188420) AND (id <= 2188429))

table 8 : explain SELECT c FROM sbtest8 WHERE id BETWEEN 7819320 AND 7819329
	Index Scan using sbtest8_pkey on sbtest8  (cost=0.43..35.33 rows=9 width=121)
	  Index Cond: ((id >= 7819320) AND (id <= 7819329))

for point_selects
table 1 : explain SELECT c FROM sbtest1 WHERE id=1387324
	Index Scan using sbtest1_pkey on sbtest1  (cost=0.43..8.45 rows=1 width=121)
	  Index Cond: (id = 1387324)

table 2 : explain SELECT c FROM sbtest2 WHERE id=1680003
	Index Scan using sbtest2_pkey on sbtest2  (cost=0.43..8.45 rows=1 width=121)
	  Index Cond: (id = 1680003)

table 3 : explain SELECT c FROM sbtest3 WHERE id=5891645
	Index Scan using sbtest3_pkey on sbtest3  (cost=0.43..8.45 rows=1 width=121)
	  Index Cond: (id = 5891645)

table 4 : explain SELECT c FROM sbtest4 WHERE id=2685550
	Index Scan using sbtest4_pkey on sbtest4  (cost=0.43..8.45 rows=1 width=121)
	  Index Cond: (id = 2685550)

table 5 : explain SELECT c FROM sbtest5 WHERE id=1251869
	Index Scan using sbtest5_pkey on sbtest5  (cost=0.43..8.45 rows=1 width=121)
	  Index Cond: (id = 1251869)

table 6 : explain SELECT c FROM sbtest6 WHERE id=3505486
	Index Scan using sbtest6_pkey on sbtest6  (cost=0.43..8.45 rows=1 width=121)
	  Index Cond: (id = 3505486)

table 7 : explain SELECT c FROM sbtest7 WHERE id=5840618
	Index Scan using sbtest7_pkey on sbtest7  (cost=0.43..8.45 rows=1 width=121)
	  Index Cond: (id = 5840618)

table 8 : explain SELECT c FROM sbtest8 WHERE id=6456557
	Index Scan using sbtest8_pkey on sbtest8  (cost=0.43..8.45 rows=1 width=121)
	  Index Cond: (id = 6456557)

for inserts
table 1 : explain INSERT INTO sbtest1 (id, k, c, pad) VALUES (9686422, 13, 'foobar', 'foobar')
	Insert on sbtest1  (cost=0.00..0.01 rows=1 width=736)
	  ->  Result  (cost=0.00..0.01 rows=1 width=736)

table 2 : explain INSERT INTO sbtest2 (id, k, c, pad) VALUES (9397986, 13, 'foobar', 'foobar')
	Insert on sbtest2  (cost=0.00..0.01 rows=1 width=736)
	  ->  Result  (cost=0.00..0.01 rows=1 width=736)

table 3 : explain INSERT INTO sbtest3 (id, k, c, pad) VALUES (8172163, 13, 'foobar', 'foobar')
	Insert on sbtest3  (cost=0.00..0.01 rows=1 width=736)
	  ->  Result  (cost=0.00..0.01 rows=1 width=736)

table 4 : explain INSERT INTO sbtest4 (id, k, c, pad) VALUES (2623892, 13, 'foobar', 'foobar')
	Insert on sbtest4  (cost=0.00..0.01 rows=1 width=736)
	  ->  Result  (cost=0.00..0.01 rows=1 width=736)

table 5 : explain INSERT INTO sbtest5 (id, k, c, pad) VALUES (3264212, 13, 'foobar', 'foobar')
	Insert on sbtest5  (cost=0.00..0.01 rows=1 width=736)
	  ->  Result  (cost=0.00..0.01 rows=1 width=736)

table 6 : explain INSERT INTO sbtest6 (id, k, c, pad) VALUES (68868, 13, 'foobar', 'foobar')
	Insert on sbtest6  (cost=0.00..0.01 rows=1 width=736)
	  ->  Result  (cost=0.00..0.01 rows=1 width=736)

table 7 : explain INSERT INTO sbtest7 (id, k, c, pad) VALUES (7766049, 13, 'foobar', 'foobar')
	Insert on sbtest7  (cost=0.00..0.01 rows=1 width=736)
	  ->  Result  (cost=0.00..0.01 rows=1 width=736)

table 8 : explain INSERT INTO sbtest8 (id, k, c, pad) VALUES (9368470, 13, 'foobar', 'foobar')
	Insert on sbtest8  (cost=0.00..0.01 rows=1 width=736)
	  ->  Result  (cost=0.00..0.01 rows=1 width=736)

explain: for inserts :: explain INSERT INTO sbtest%u (id, k, c, pad) VALUES (%u, 13, 'foobar', 'foobar')
for point_selects
table 1 : explain SELECT c FROM sbtest1 WHERE id=3700217
	Index Scan using sbtest1_pkey on sbtest1  (cost=0.43..8.45 rows=1 width=121)
	  Index Cond: (id = 3700217)

table 2 : explain SELECT c FROM sbtest2 WHERE id=1060831
	Index Scan using sbtest2_pkey on sbtest2  (cost=0.43..8.45 rows=1 width=121)
	  Index Cond: (id = 1060831)

table 3 : explain SELECT c FROM sbtest3 WHERE id=6645824
	Index Scan using sbtest3_pkey on sbtest3  (cost=0.43..8.45 rows=1 width=121)
	  Index Cond: (id = 6645824)

table 4 : explain SELECT c FROM sbtest4 WHERE id=7718578
	Index Scan using sbtest4_pkey on sbtest4  (cost=0.43..8.45 rows=1 width=121)
	  Index Cond: (id = 7718578)

table 5 : explain SELECT c FROM sbtest5 WHERE id=9561941
	Index Scan using sbtest5_pkey on sbtest5  (cost=0.43..8.45 rows=1 width=121)
	  Index Cond: (id = 9561941)

table 6 : explain SELECT c FROM sbtest6 WHERE id=5258906
	Index Scan using sbtest6_pkey on sbtest6  (cost=0.43..8.45 rows=1 width=121)
	  Index Cond: (id = 5258906)

table 7 : explain SELECT c FROM sbtest7 WHERE id=6939379
	Index Scan using sbtest7_pkey on sbtest7  (cost=0.43..8.45 rows=1 width=121)
	  Index Cond: (id = 6939379)

table 8 : explain SELECT c FROM sbtest8 WHERE id=1745254
	Index Scan using sbtest8_pkey on sbtest8  (cost=0.43..8.45 rows=1 width=121)
	  Index Cond: (id = 1745254)

explain: for index_updates :: explain UPDATE sbtest%u SET k=k+1 WHERE id=%u
explain: for inserts :: explain INSERT INTO sbtest%u (id, k, c, pad) VALUES (%u, 13, 'foobar', 'foobar')
for point_selects
table 1 : explain SELECT c FROM sbtest1 WHERE id=3232290
	Index Scan using sbtest1_pkey on sbtest1  (cost=0.43..8.45 rows=1 width=121)
	  Index Cond: (id = 3232290)

table 2 : explain SELECT c FROM sbtest2 WHERE id=5233072
	Index Scan using sbtest2_pkey on sbtest2  (cost=0.43..8.45 rows=1 width=121)
	  Index Cond: (id = 5233072)

table 3 : explain SELECT c FROM sbtest3 WHERE id=5873763
	Index Scan using sbtest3_pkey on sbtest3  (cost=0.43..8.45 rows=1 width=121)
	  Index Cond: (id = 5873763)

table 4 : explain SELECT c FROM sbtest4 WHERE id=6082791
	Index Scan using sbtest4_pkey on sbtest4  (cost=0.43..8.45 rows=1 width=121)
	  Index Cond: (id = 6082791)

table 5 : explain SELECT c FROM sbtest5 WHERE id=3090494
	Index Scan using sbtest5_pkey on sbtest5  (cost=0.43..8.45 rows=1 width=121)
	  Index Cond: (id = 3090494)

table 6 : explain SELECT c FROM sbtest6 WHERE id=343075
	Index Scan using sbtest6_pkey on sbtest6  (cost=0.43..8.45 rows=1 width=121)
	  Index Cond: (id = 343075)

table 7 : explain SELECT c FROM sbtest7 WHERE id=1699674
	Index Scan using sbtest7_pkey on sbtest7  (cost=0.43..8.45 rows=1 width=121)
	  Index Cond: (id = 1699674)

table 8 : explain SELECT c FROM sbtest8 WHERE id=9021811
	Index Scan using sbtest8_pkey on sbtest8  (cost=0.43..8.45 rows=1 width=121)
	  Index Cond: (id = 9021811)

explain: for inserts :: explain INSERT INTO sbtest%u (id, k, c, pad) VALUES (%u, 13, 'foobar', 'foobar')
for: simple_ranges
table 1 : explain SELECT c FROM sbtest1 WHERE id BETWEEN 4353330 AND 4353339
	Index Scan using sbtest1_pkey on sbtest1  (cost=0.43..39.28 rows=10 width=121)
	  Index Cond: ((id >= 4353330) AND (id <= 4353339))

table 2 : explain SELECT c FROM sbtest2 WHERE id BETWEEN 1388459 AND 1388468
	Index Scan using sbtest2_pkey on sbtest2  (cost=0.43..42.59 rows=11 width=121)
	  Index Cond: ((id >= 1388459) AND (id <= 1388468))

table 3 : explain SELECT c FROM sbtest3 WHERE id BETWEEN 192512 AND 192521
	Index Scan using sbtest3_pkey on sbtest3  (cost=0.43..35.72 rows=9 width=121)
	  Index Cond: ((id >= 192512) AND (id <= 192521))

table 4 : explain SELECT c FROM sbtest4 WHERE id BETWEEN 5678139 AND 5678148
	Index Scan using sbtest4_pkey on sbtest4  (cost=0.43..38.83 rows=10 width=121)
	  Index Cond: ((id >= 5678139) AND (id <= 5678148))

table 5 : explain SELECT c FROM sbtest5 WHERE id BETWEEN 7509038 AND 7509047
	Index Scan using sbtest5_pkey on sbtest5  (cost=0.43..38.71 rows=10 width=121)
	  Index Cond: ((id >= 7509038) AND (id <= 7509047))

table 6 : explain SELECT c FROM sbtest6 WHERE id BETWEEN 4483393 AND 4483402
	Index Scan using sbtest6_pkey on sbtest6  (cost=0.43..38.66 rows=10 width=121)
	  Index Cond: ((id >= 4483393) AND (id <= 4483402))

table 7 : explain SELECT c FROM sbtest7 WHERE id BETWEEN 317944 AND 317953
	Index Scan using sbtest7_pkey on sbtest7  (cost=0.43..38.82 rows=10 width=121)
	  Index Cond: ((id >= 317944) AND (id <= 317953))

table 8 : explain SELECT c FROM sbtest8 WHERE id BETWEEN 810699 AND 810708
	Index Scan using sbtest8_pkey on sbtest8  (cost=0.43..38.69 rows=10 width=121)
	  Index Cond: ((id >= 810699) AND (id <= 810708))

for: simple_ranges
table 1 : explain SELECT c FROM sbtest1 WHERE id BETWEEN 2141341 AND 2141350
	Index Scan using sbtest1_pkey on sbtest1  (cost=0.43..39.28 rows=10 width=121)
	  Index Cond: ((id >= 2141341) AND (id <= 2141350))

table 2 : explain SELECT c FROM sbtest2 WHERE id BETWEEN 317524 AND 317533
	Index Scan using sbtest2_pkey on sbtest2  (cost=0.43..35.76 rows=9 width=121)
	  Index Cond: ((id >= 317524) AND (id <= 317533))

table 3 : explain SELECT c FROM sbtest3 WHERE id BETWEEN 5490011 AND 5490020
	Index Scan using sbtest3_pkey on sbtest3  (cost=0.43..35.72 rows=9 width=121)
	  Index Cond: ((id >= 5490011) AND (id <= 5490020))

table 4 : explain SELECT c FROM sbtest4 WHERE id BETWEEN 9055104 AND 9055113
	Index Scan using sbtest4_pkey on sbtest4  (cost=0.43..42.21 rows=11 width=121)
	  Index Cond: ((id >= 9055104) AND (id <= 9055113))

table 5 : explain SELECT c FROM sbtest5 WHERE id BETWEEN 4234822 AND 4234831
	Index Scan using sbtest5_pkey on sbtest5  (cost=0.43..38.71 rows=10 width=121)
	  Index Cond: ((id >= 4234822) AND (id <= 4234831))

table 6 : explain SELECT c FROM sbtest6 WHERE id BETWEEN 9972507 AND 9972516
	Index Scan using sbtest6_pkey on sbtest6  (cost=0.43..38.66 rows=10 width=121)
	  Index Cond: ((id >= 9972507) AND (id <= 9972516))

table 7 : explain SELECT c FROM sbtest7 WHERE id BETWEEN 1521971 AND 1521980
	Index Scan using sbtest7_pkey on sbtest7  (cost=0.43..38.82 rows=10 width=121)
	  Index Cond: ((id >= 1521971) AND (id <= 1521980))

table 8 : explain SELECT c FROM sbtest8 WHERE id BETWEEN 4427693 AND 4427702
	Index Scan using sbtest8_pkey on sbtest8  (cost=0.43..38.69 rows=10 width=121)
	  Index Cond: ((id >= 4427693) AND (id <= 4427702))

for: sum_ranges
table 1 : explain SELECT SUM(k) FROM sbtest1 WHERE id BETWEEN 193048 AND 193057
	Aggregate  (cost=35.88..35.89 rows=1 width=8)
	  ->  Index Scan using sbtest1_pkey on sbtest1  (cost=0.43..35.86 rows=9 width=4)
	        Index Cond: ((id >= 193048) AND (id <= 193057))

table 2 : explain SELECT SUM(k) FROM sbtest2 WHERE id BETWEEN 8417920 AND 8417929
	Aggregate  (cost=39.20..39.21 rows=1 width=8)
	  ->  Index Scan using sbtest2_pkey on sbtest2  (cost=0.43..39.18 rows=10 width=4)
	        Index Cond: ((id >= 8417920) AND (id <= 8417929))

table 3 : explain SELECT SUM(k) FROM sbtest3 WHERE id BETWEEN 8409262 AND 8409271
	Aggregate  (cost=39.15..39.16 rows=1 width=8)
	  ->  Index Scan using sbtest3_pkey on sbtest3  (cost=0.43..39.13 rows=10 width=4)
	        Index Cond: ((id >= 8409262) AND (id <= 8409271))

table 4 : explain SELECT SUM(k) FROM sbtest4 WHERE id BETWEEN 1234992 AND 1235001
	Aggregate  (cost=38.86..38.87 rows=1 width=8)
	  ->  Index Scan using sbtest4_pkey on sbtest4  (cost=0.43..38.83 rows=10 width=4)
	        Index Cond: ((id >= 1234992) AND (id <= 1235001))

table 5 : explain SELECT SUM(k) FROM sbtest5 WHERE id BETWEEN 5456908 AND 5456917
	Aggregate  (cost=35.37..35.38 rows=1 width=8)
	  ->  Index Scan using sbtest5_pkey on sbtest5  (cost=0.43..35.35 rows=9 width=4)
	        Index Cond: ((id >= 5456908) AND (id <= 5456917))

table 6 : explain SELECT SUM(k) FROM sbtest6 WHERE id BETWEEN 7630566 AND 7630575
	Aggregate  (cost=35.33..35.34 rows=1 width=8)
	  ->  Index Scan using sbtest6_pkey on sbtest6  (cost=0.43..35.31 rows=9 width=4)
	        Index Cond: ((id >= 7630566) AND (id <= 7630575))

table 7 : explain SELECT SUM(k) FROM sbtest7 WHERE id BETWEEN 9449820 AND 9449829
	Aggregate  (cost=38.85..38.86 rows=1 width=8)
	  ->  Index Scan using sbtest7_pkey on sbtest7  (cost=0.43..38.82 rows=10 width=4)
	        Index Cond: ((id >= 9449820) AND (id <= 9449829))

table 8 : explain SELECT SUM(k) FROM sbtest8 WHERE id BETWEEN 290628 AND 290637
	Aggregate  (cost=38.71..38.72 rows=1 width=8)
	  ->  Index Scan using sbtest8_pkey on sbtest8  (cost=0.43..38.69 rows=10 width=4)
	        Index Cond: ((id >= 290628) AND (id <= 290637))

for index_updates
table 1 : explain UPDATE sbtest1 SET k=k+1 WHERE id=8135990
	Update on sbtest1  (cost=0.43..8.46 rows=1 width=196)
	  ->  Index Scan using sbtest1_pkey on sbtest1  (cost=0.43..8.46 rows=1 width=196)
	        Index Cond: (id = 8135990)

table 2 : explain UPDATE sbtest2 SET k=k+1 WHERE id=9594013
	Update on sbtest2  (cost=0.43..8.46 rows=1 width=196)
	  ->  Index Scan using sbtest2_pkey on sbtest2  (cost=0.43..8.46 rows=1 width=196)
	        Index Cond: (id = 9594013)

table 3 : explain UPDATE sbtest3 SET k=k+1 WHERE id=9205314
	Update on sbtest3  (cost=0.43..8.46 rows=1 width=196)
	  ->  Index Scan using sbtest3_pkey on sbtest3  (cost=0.43..8.46 rows=1 width=196)
	        Index Cond: (id = 9205314)

table 4 : explain UPDATE sbtest4 SET k=k+1 WHERE id=2822202
	Update on sbtest4  (cost=0.43..8.46 rows=1 width=196)
	  ->  Index Scan using sbtest4_pkey on sbtest4  (cost=0.43..8.46 rows=1 width=196)
	        Index Cond: (id = 2822202)

table 5 : explain UPDATE sbtest5 SET k=k+1 WHERE id=5739884
	Update on sbtest5  (cost=0.43..8.46 rows=1 width=196)
	  ->  Index Scan using sbtest5_pkey on sbtest5  (cost=0.43..8.46 rows=1 width=196)
	        Index Cond: (id = 5739884)

table 6 : explain UPDATE sbtest6 SET k=k+1 WHERE id=3338207
	Update on sbtest6  (cost=0.43..8.46 rows=1 width=196)
	  ->  Index Scan using sbtest6_pkey on sbtest6  (cost=0.43..8.46 rows=1 width=196)
	        Index Cond: (id = 3338207)

table 7 : explain UPDATE sbtest7 SET k=k+1 WHERE id=1039817
	Update on sbtest7  (cost=0.43..8.46 rows=1 width=196)
	  ->  Index Scan using sbtest7_pkey on sbtest7  (cost=0.43..8.46 rows=1 width=196)
	        Index Cond: (id = 1039817)

table 8 : explain UPDATE sbtest8 SET k=k+1 WHERE id=2387135
	Update on sbtest8  (cost=0.43..8.46 rows=1 width=196)
	  ->  Index Scan using sbtest8_pkey on sbtest8  (cost=0.43..8.46 rows=1 width=196)
	        Index Cond: (id = 2387135)

for inserts
table 1 : explain INSERT INTO sbtest1 (id, k, c, pad) VALUES (5544624, 13, 'foobar', 'foobar')
	Insert on sbtest1  (cost=0.00..0.01 rows=1 width=736)
	  ->  Result  (cost=0.00..0.01 rows=1 width=736)

table 2 : explain INSERT INTO sbtest2 (id, k, c, pad) VALUES (8143373, 13, 'foobar', 'foobar')
	Insert on sbtest2  (cost=0.00..0.01 rows=1 width=736)
	  ->  Result  (cost=0.00..0.01 rows=1 width=736)

table 3 : explain INSERT INTO sbtest3 (id, k, c, pad) VALUES (4888926, 13, 'foobar', 'foobar')
	Insert on sbtest3  (cost=0.00..0.01 rows=1 width=736)
	  ->  Result  (cost=0.00..0.01 rows=1 width=736)

table 4 : explain INSERT INTO sbtest4 (id, k, c, pad) VALUES (490096, 13, 'foobar', 'foobar')
	Insert on sbtest4  (cost=0.00..0.01 rows=1 width=736)
	  ->  Result  (cost=0.00..0.01 rows=1 width=736)

table 5 : explain INSERT INTO sbtest5 (id, k, c, pad) VALUES (2039353, 13, 'foobar', 'foobar')
	Insert on sbtest5  (cost=0.00..0.01 rows=1 width=736)
	  ->  Result  (cost=0.00..0.01 rows=1 width=736)

table 6 : explain INSERT INTO sbtest6 (id, k, c, pad) VALUES (9207651, 13, 'foobar', 'foobar')
	Insert on sbtest6  (cost=0.00..0.01 rows=1 width=736)
	  ->  Result  (cost=0.00..0.01 rows=1 width=736)

table 7 : explain INSERT INTO sbtest7 (id, k, c, pad) VALUES (3288227, 13, 'foobar', 'foobar')
	Insert on sbtest7  (cost=0.00..0.01 rows=1 width=736)
	  ->  Result  (cost=0.00..0.01 rows=1 width=736)

table 8 : explain INSERT INTO sbtest8 (id, k, c, pad) VALUES (7220573, 13, 'foobar', 'foobar')
	Insert on sbtest8  (cost=0.00..0.01 rows=1 width=736)
	  ->  Result  (cost=0.00..0.01 rows=1 width=736)

for inserts
table 1 : explain INSERT INTO sbtest1 (id, k, c, pad) VALUES (3342944, 13, 'foobar', 'foobar')
	Insert on sbtest1  (cost=0.00..0.01 rows=1 width=736)
	  ->  Result  (cost=0.00..0.01 rows=1 width=736)

table 2 : explain INSERT INTO sbtest2 (id, k, c, pad) VALUES (4017398, 13, 'foobar', 'foobar')
	Insert on sbtest2  (cost=0.00..0.01 rows=1 width=736)
	  ->  Result  (cost=0.00..0.01 rows=1 width=736)

table 3 : explain INSERT INTO sbtest3 (id, k, c, pad) VALUES (2190520, 13, 'foobar', 'foobar')
	Insert on sbtest3  (cost=0.00..0.01 rows=1 width=736)
	  ->  Result  (cost=0.00..0.01 rows=1 width=736)

table 4 : explain INSERT INTO sbtest4 (id, k, c, pad) VALUES (6105463, 13, 'foobar', 'foobar')
	Insert on sbtest4  (cost=0.00..0.01 rows=1 width=736)
	  ->  Result  (cost=0.00..0.01 rows=1 width=736)

table 5 : explain INSERT INTO sbtest5 (id, k, c, pad) VALUES (1882730, 13, 'foobar', 'foobar')
	Insert on sbtest5  (cost=0.00..0.01 rows=1 width=736)
	  ->  Result  (cost=0.00..0.01 rows=1 width=736)

table 6 : explain INSERT INTO sbtest6 (id, k, c, pad) VALUES (6832353, 13, 'foobar', 'foobar')
	Insert on sbtest6  (cost=0.00..0.01 rows=1 width=736)
	  ->  Result  (cost=0.00..0.01 rows=1 width=736)

table 7 : explain INSERT INTO sbtest7 (id, k, c, pad) VALUES (3161778, 13, 'foobar', 'foobar')
	Insert on sbtest7  (cost=0.00..0.01 rows=1 width=736)
	  ->  Result  (cost=0.00..0.01 rows=1 width=736)

table 8 : explain INSERT INTO sbtest8 (id, k, c, pad) VALUES (6071079, 13, 'foobar', 'foobar')
	Insert on sbtest8  (cost=0.00..0.01 rows=1 width=736)
	  ->  Result  (cost=0.00..0.01 rows=1 width=736)

for inserts
table 1 : explain INSERT INTO sbtest1 (id, k, c, pad) VALUES (4726801, 13, 'foobar', 'foobar')
	Insert on sbtest1  (cost=0.00..0.01 rows=1 width=736)
	  ->  Result  (cost=0.00..0.01 rows=1 width=736)

table 2 : explain INSERT INTO sbtest2 (id, k, c, pad) VALUES (5591386, 13, 'foobar', 'foobar')
	Insert on sbtest2  (cost=0.00..0.01 rows=1 width=736)
	  ->  Result  (cost=0.00..0.01 rows=1 width=736)

table 3 : explain INSERT INTO sbtest3 (id, k, c, pad) VALUES (2485207, 13, 'foobar', 'foobar')
	Insert on sbtest3  (cost=0.00..0.01 rows=1 width=736)
	  ->  Result  (cost=0.00..0.01 rows=1 width=736)

table 4 : explain INSERT INTO sbtest4 (id, k, c, pad) VALUES (3831425, 13, 'foobar', 'foobar')
	Insert on sbtest4  (cost=0.00..0.01 rows=1 width=736)
	  ->  Result  (cost=0.00..0.01 rows=1 width=736)

table 5 : explain INSERT INTO sbtest5 (id, k, c, pad) VALUES (8560520, 13, 'foobar', 'foobar')
	Insert on sbtest5  (cost=0.00..0.01 rows=1 width=736)
	  ->  Result  (cost=0.00..0.01 rows=1 width=736)

table 6 : explain INSERT INTO sbtest6 (id, k, c, pad) VALUES (2147123, 13, 'foobar', 'foobar')
	Insert on sbtest6  (cost=0.00..0.01 rows=1 width=736)
	  ->  Result  (cost=0.00..0.01 rows=1 width=736)

table 7 : explain INSERT INTO sbtest7 (id, k, c, pad) VALUES (89125, 13, 'foobar', 'foobar')
	Insert on sbtest7  (cost=0.00..0.01 rows=1 width=736)
	  ->  Result  (cost=0.00..0.01 rows=1 width=736)

table 8 : explain INSERT INTO sbtest8 (id, k, c, pad) VALUES (1768946, 13, 'foobar', 'foobar')
	Insert on sbtest8  (cost=0.00..0.01 rows=1 width=736)
	  ->  Result  (cost=0.00..0.01 rows=1 width=736)

explain: for point_selects :: explain SELECT c FROM sbtest%u WHERE id=%u
for: simple_ranges
table 1 : explain SELECT c FROM sbtest1 WHERE id BETWEEN 8627735 AND 8627744
	Index Scan using sbtest1_pkey on sbtest1  (cost=0.43..39.28 rows=10 width=121)
	  Index Cond: ((id >= 8627735) AND (id <= 8627744))

table 2 : explain SELECT c FROM sbtest2 WHERE id BETWEEN 6024519 AND 6024528
	Index Scan using sbtest2_pkey on sbtest2  (cost=0.43..39.18 rows=10 width=121)
	  Index Cond: ((id >= 6024519) AND (id <= 6024528))

table 3 : explain SELECT c FROM sbtest3 WHERE id BETWEEN 3043476 AND 3043485
	Index Scan using sbtest3_pkey on sbtest3  (cost=0.43..39.13 rows=10 width=121)
	  Index Cond: ((id >= 3043476) AND (id <= 3043485))

table 4 : explain SELECT c FROM sbtest4 WHERE id BETWEEN 765302 AND 765311
	Index Scan using sbtest4_pkey on sbtest4  (cost=0.43..38.83 rows=10 width=121)
	  Index Cond: ((id >= 765302) AND (id <= 765311))

table 5 : explain SELECT c FROM sbtest5 WHERE id BETWEEN 6833848 AND 6833857
	Index Scan using sbtest5_pkey on sbtest5  (cost=0.43..42.07 rows=11 width=121)
	  Index Cond: ((id >= 6833848) AND (id <= 6833857))

table 6 : explain SELECT c FROM sbtest6 WHERE id BETWEEN 6349604 AND 6349613
	Index Scan using sbtest6_pkey on sbtest6  (cost=0.43..38.66 rows=10 width=121)
	  Index Cond: ((id >= 6349604) AND (id <= 6349613))

table 7 : explain SELECT c FROM sbtest7 WHERE id BETWEEN 9794464 AND 9794473
	Index Scan using sbtest7_pkey on sbtest7  (cost=0.43..38.82 rows=10 width=121)
	  Index Cond: ((id >= 9794464) AND (id <= 9794473))

table 8 : explain SELECT c FROM sbtest8 WHERE id BETWEEN 4662378 AND 4662387
	Index Scan using sbtest8_pkey on sbtest8  (cost=0.43..42.04 rows=11 width=121)
	  Index Cond: ((id >= 4662378) AND (id <= 4662387))

explain: for non_index_updates :: explain UPDATE sbtest%u SET c='foobar' WHERE id=%u
for: simple_ranges
table 1 : explain SELECT c FROM sbtest1 WHERE id BETWEEN 746608 AND 746617
	Index Scan using sbtest1_pkey on sbtest1  (cost=0.43..39.28 rows=10 width=121)
	  Index Cond: ((id >= 746608) AND (id <= 746617))

table 2 : explain SELECT c FROM sbtest2 WHERE id BETWEEN 3386491 AND 3386500
	Index Scan using sbtest2_pkey on sbtest2  (cost=0.43..42.59 rows=11 width=121)
	  Index Cond: ((id >= 3386491) AND (id <= 3386500))

table 3 : explain SELECT c FROM sbtest3 WHERE id BETWEEN 6397286 AND 6397295
	Index Scan using sbtest3_pkey on sbtest3  (cost=0.43..39.13 rows=10 width=121)
	  Index Cond: ((id >= 6397286) AND (id <= 6397295))

table 4 : explain SELECT c FROM sbtest4 WHERE id BETWEEN 9013357 AND 9013366
	Index Scan using sbtest4_pkey on sbtest4  (cost=0.43..42.21 rows=11 width=121)
	  Index Cond: ((id >= 9013357) AND (id <= 9013366))

table 5 : explain SELECT c FROM sbtest5 WHERE id BETWEEN 8211701 AND 8211710
	Index Scan using sbtest5_pkey on sbtest5  (cost=0.43..38.71 rows=10 width=121)
	  Index Cond: ((id >= 8211701) AND (id <= 8211710))

table 6 : explain SELECT c FROM sbtest6 WHERE id BETWEEN 7734534 AND 7734543
	Index Scan using sbtest6_pkey on sbtest6  (cost=0.43..35.31 rows=9 width=121)
	  Index Cond: ((id >= 7734534) AND (id <= 7734543))

table 7 : explain SELECT c FROM sbtest7 WHERE id BETWEEN 9167731 AND 9167740
	Index Scan using sbtest7_pkey on sbtest7  (cost=0.43..35.45 rows=9 width=121)
	  Index Cond: ((id >= 9167731) AND (id <= 9167740))

table 8 : explain SELECT c FROM sbtest8 WHERE id BETWEEN 4541172 AND 4541181
	Index Scan using sbtest8_pkey on sbtest8  (cost=0.43..42.04 rows=11 width=121)
	  Index Cond: ((id >= 4541172) AND (id <= 4541181))

for: sum_ranges
table 1 : explain SELECT SUM(k) FROM sbtest1 WHERE id BETWEEN 2455193 AND 2455202
	Aggregate  (cost=35.88..35.89 rows=1 width=8)
	  ->  Index Scan using sbtest1_pkey on sbtest1  (cost=0.43..35.86 rows=9 width=4)
	        Index Cond: ((id >= 2455193) AND (id <= 2455202))

table 2 : explain SELECT SUM(k) FROM sbtest2 WHERE id BETWEEN 5924984 AND 5924993
	Aggregate  (cost=39.20..39.21 rows=1 width=8)
	  ->  Index Scan using sbtest2_pkey on sbtest2  (cost=0.43..39.18 rows=10 width=4)
	        Index Cond: ((id >= 5924984) AND (id <= 5924993))

table 3 : explain SELECT SUM(k) FROM sbtest3 WHERE id BETWEEN 6592076 AND 6592085
	Aggregate  (cost=35.74..35.75 rows=1 width=8)
	  ->  Index Scan using sbtest3_pkey on sbtest3  (cost=0.43..35.72 rows=9 width=4)
	        Index Cond: ((id >= 6592076) AND (id <= 6592085))

table 4 : explain SELECT SUM(k) FROM sbtest4 WHERE id BETWEEN 2331213 AND 2331222
	Aggregate  (cost=38.86..38.87 rows=1 width=8)
	  ->  Index Scan using sbtest4_pkey on sbtest4  (cost=0.43..38.83 rows=10 width=4)
	        Index Cond: ((id >= 2331213) AND (id <= 2331222))

table 5 : explain SELECT SUM(k) FROM sbtest5 WHERE id BETWEEN 6030559 AND 6030568
	Aggregate  (cost=42.10..42.11 rows=1 width=8)
	  ->  Index Scan using sbtest5_pkey on sbtest5  (cost=0.43..42.07 rows=11 width=4)
	        Index Cond: ((id >= 6030559) AND (id <= 6030568))

table 6 : explain SELECT SUM(k) FROM sbtest6 WHERE id BETWEEN 2218996 AND 2219005
	Aggregate  (cost=38.69..38.70 rows=1 width=8)
	  ->  Index Scan using sbtest6_pkey on sbtest6  (cost=0.43..38.66 rows=10 width=4)
	        Index Cond: ((id >= 2218996) AND (id <= 2219005))

table 7 : explain SELECT SUM(k) FROM sbtest7 WHERE id BETWEEN 9085388 AND 9085397
	Aggregate  (cost=38.85..38.86 rows=1 width=8)
	  ->  Index Scan using sbtest7_pkey on sbtest7  (cost=0.43..38.82 rows=10 width=4)
	        Index Cond: ((id >= 9085388) AND (id <= 9085397))

table 8 : explain SELECT SUM(k) FROM sbtest8 WHERE id BETWEEN 8930609 AND 8930618
	Aggregate  (cost=42.07..42.08 rows=1 width=8)
	  ->  Index Scan using sbtest8_pkey on sbtest8  (cost=0.43..42.04 rows=11 width=4)
	        Index Cond: ((id >= 8930609) AND (id <= 8930618))

for: sum_ranges
table 1 : explain SELECT SUM(k) FROM sbtest1 WHERE id BETWEEN 7358531 AND 7358540
	Aggregate  (cost=46.16..46.17 rows=1 width=8)
	  ->  Index Scan using sbtest1_pkey on sbtest1  (cost=0.43..46.13 rows=12 width=4)
	        Index Cond: ((id >= 7358531) AND (id <= 7358540))

table 2 : explain SELECT SUM(k) FROM sbtest2 WHERE id BETWEEN 7979630 AND 7979639
	Aggregate  (cost=39.20..39.21 rows=1 width=8)
	  ->  Index Scan using sbtest2_pkey on sbtest2  (cost=0.43..39.18 rows=10 width=4)
	        Index Cond: ((id >= 7979630) AND (id <= 7979639))

table 3 : explain SELECT SUM(k) FROM sbtest3 WHERE id BETWEEN 5662138 AND 5662147
	Aggregate  (cost=35.74..35.75 rows=1 width=8)
	  ->  Index Scan using sbtest3_pkey on sbtest3  (cost=0.43..35.72 rows=9 width=4)
	        Index Cond: ((id >= 5662138) AND (id <= 5662147))

table 4 : explain SELECT SUM(k) FROM sbtest4 WHERE id BETWEEN 3443967 AND 3443976
	Aggregate  (cost=35.48..35.49 rows=1 width=8)
	  ->  Index Scan using sbtest4_pkey on sbtest4  (cost=0.43..35.46 rows=9 width=4)
	        Index Cond: ((id >= 3443967) AND (id <= 3443976))

table 5 : explain SELECT SUM(k) FROM sbtest5 WHERE id BETWEEN 6693736 AND 6693745
	Aggregate  (cost=38.73..38.74 rows=1 width=8)
	  ->  Index Scan using sbtest5_pkey on sbtest5  (cost=0.43..38.71 rows=10 width=4)
	        Index Cond: ((id >= 6693736) AND (id <= 6693745))

table 6 : explain SELECT SUM(k) FROM sbtest6 WHERE id BETWEEN 5498875 AND 5498884
	Aggregate  (cost=38.69..38.70 rows=1 width=8)
	  ->  Index Scan using sbtest6_pkey on sbtest6  (cost=0.43..38.66 rows=10 width=4)
	        Index Cond: ((id >= 5498875) AND (id <= 5498884))

table 7 : explain SELECT SUM(k) FROM sbtest7 WHERE id BETWEEN 289455 AND 289464
	Aggregate  (cost=38.85..38.86 rows=1 width=8)
	  ->  Index Scan using sbtest7_pkey on sbtest7  (cost=0.43..38.82 rows=10 width=4)
	        Index Cond: ((id >= 289455) AND (id <= 289464))

table 8 : explain SELECT SUM(k) FROM sbtest8 WHERE id BETWEEN 6302758 AND 6302767
	Aggregate  (cost=42.07..42.08 rows=1 width=8)
	  ->  Index Scan using sbtest8_pkey on sbtest8  (cost=0.43..42.04 rows=11 width=4)
	        Index Cond: ((id >= 6302758) AND (id <= 6302767))

for: sum_ranges
table 1 : explain SELECT SUM(k) FROM sbtest1 WHERE id BETWEEN 8585728 AND 8585737
	Aggregate  (cost=39.31..39.32 rows=1 width=8)
	  ->  Index Scan using sbtest1_pkey on sbtest1  (cost=0.43..39.28 rows=10 width=4)
	        Index Cond: ((id >= 8585728) AND (id <= 8585737))

table 2 : explain SELECT SUM(k) FROM sbtest2 WHERE id BETWEEN 4110779 AND 4110788
	Aggregate  (cost=39.20..39.21 rows=1 width=8)
	  ->  Index Scan using sbtest2_pkey on sbtest2  (cost=0.43..39.18 rows=10 width=4)
	        Index Cond: ((id >= 4110779) AND (id <= 4110788))

table 3 : explain SELECT SUM(k) FROM sbtest3 WHERE id BETWEEN 169318 AND 169327
	Aggregate  (cost=39.15..39.16 rows=1 width=8)
	  ->  Index Scan using sbtest3_pkey on sbtest3  (cost=0.43..39.13 rows=10 width=4)
	        Index Cond: ((id >= 169318) AND (id <= 169327))

table 4 : explain SELECT SUM(k) FROM sbtest4 WHERE id BETWEEN 1666080 AND 1666089
	Aggregate  (cost=38.86..38.87 rows=1 width=8)
	  ->  Index Scan using sbtest4_pkey on sbtest4  (cost=0.43..38.83 rows=10 width=4)
	        Index Cond: ((id >= 1666080) AND (id <= 1666089))

table 5 : explain SELECT SUM(k) FROM sbtest5 WHERE id BETWEEN 6855299 AND 6855308
	Aggregate  (cost=42.10..42.11 rows=1 width=8)
	  ->  Index Scan using sbtest5_pkey on sbtest5  (cost=0.43..42.07 rows=11 width=4)
	        Index Cond: ((id >= 6855299) AND (id <= 6855308))

table 6 : explain SELECT SUM(k) FROM sbtest6 WHERE id BETWEEN 9954303 AND 9954312
	Aggregate  (cost=38.69..38.70 rows=1 width=8)
	  ->  Index Scan using sbtest6_pkey on sbtest6  (cost=0.43..38.66 rows=10 width=4)
	        Index Cond: ((id >= 9954303) AND (id <= 9954312))

table 7 : explain SELECT SUM(k) FROM sbtest7 WHERE id BETWEEN 2387276 AND 2387285
	Aggregate  (cost=42.22..42.23 rows=1 width=8)
	  ->  Index Scan using sbtest7_pkey on sbtest7  (cost=0.43..42.19 rows=11 width=4)
	        Index Cond: ((id >= 2387276) AND (id <= 2387285))

table 8 : explain SELECT SUM(k) FROM sbtest8 WHERE id BETWEEN 881511 AND 881520
	Aggregate  (cost=38.71..38.72 rows=1 width=8)
	  ->  Index Scan using sbtest8_pkey on sbtest8  (cost=0.43..38.69 rows=10 width=4)
	        Index Cond: ((id >= 881511) AND (id <= 881520))

for: simple_ranges
table 1 : explain SELECT c FROM sbtest1 WHERE id BETWEEN 6758797 AND 6758806
	Index Scan using sbtest1_pkey on sbtest1  (cost=0.43..39.28 rows=10 width=121)
	  Index Cond: ((id >= 6758797) AND (id <= 6758806))

table 2 : explain SELECT c FROM sbtest2 WHERE id BETWEEN 5604796 AND 5604805
	Index Scan using sbtest2_pkey on sbtest2  (cost=0.43..42.59 rows=11 width=121)
	  Index Cond: ((id >= 5604796) AND (id <= 5604805))

table 3 : explain SELECT c FROM sbtest3 WHERE id BETWEEN 457006 AND 457015
	Index Scan using sbtest3_pkey on sbtest3  (cost=0.43..39.13 rows=10 width=121)
	  Index Cond: ((id >= 457006) AND (id <= 457015))

table 4 : explain SELECT c FROM sbtest4 WHERE id BETWEEN 2594886 AND 2594895
	Index Scan using sbtest4_pkey on sbtest4  (cost=0.43..42.21 rows=11 width=121)
	  Index Cond: ((id >= 2594886) AND (id <= 2594895))

table 5 : explain SELECT c FROM sbtest5 WHERE id BETWEEN 9976546 AND 9976555
	Index Scan using sbtest5_pkey on sbtest5  (cost=0.43..35.35 rows=9 width=121)
	  Index Cond: ((id >= 9976546) AND (id <= 9976555))

table 6 : explain SELECT c FROM sbtest6 WHERE id BETWEEN 5340002 AND 5340011
	Index Scan using sbtest6_pkey on sbtest6  (cost=0.43..42.02 rows=11 width=121)
	  Index Cond: ((id >= 5340002) AND (id <= 5340011))

table 7 : explain SELECT c FROM sbtest7 WHERE id BETWEEN 6829813 AND 6829822
	Index Scan using sbtest7_pkey on sbtest7  (cost=0.43..38.82 rows=10 width=121)
	  Index Cond: ((id >= 6829813) AND (id <= 6829822))

table 8 : explain SELECT c FROM sbtest8 WHERE id BETWEEN 6084818 AND 6084827
	Index Scan using sbtest8_pkey on sbtest8  (cost=0.43..38.69 rows=10 width=121)
	  Index Cond: ((id >= 6084818) AND (id <= 6084827))

for: order_ranges
table 1 : explain SELECT c FROM sbtest1 WHERE id BETWEEN 1039329 AND 1039338 ORDER BY c
	Sort  (cost=36.00..36.02 rows=9 width=121)
	  Sort Key: c
	  ->  Index Scan using sbtest1_pkey on sbtest1  (cost=0.43..35.86 rows=9 width=121)
	        Index Cond: ((id >= 1039329) AND (id <= 1039338))

table 2 : explain SELECT c FROM sbtest2 WHERE id BETWEEN 6058954 AND 6058963 ORDER BY c
	Sort  (cost=39.34..39.37 rows=10 width=121)
	  Sort Key: c
	  ->  Index Scan using sbtest2_pkey on sbtest2  (cost=0.43..39.18 rows=10 width=121)
	        Index Cond: ((id >= 6058954) AND (id <= 6058963))

table 3 : explain SELECT c FROM sbtest3 WHERE id BETWEEN 3981208 AND 3981217 ORDER BY c
	Sort  (cost=39.29..39.32 rows=10 width=121)
	  Sort Key: c
	  ->  Index Scan using sbtest3_pkey on sbtest3  (cost=0.43..39.13 rows=10 width=121)
	        Index Cond: ((id >= 3981208) AND (id <= 3981217))

table 4 : explain SELECT c FROM sbtest4 WHERE id BETWEEN 5035959 AND 5035968 ORDER BY c
	Sort  (cost=42.40..42.42 rows=11 width=121)
	  Sort Key: c
	  ->  Index Scan using sbtest4_pkey on sbtest4  (cost=0.43..42.21 rows=11 width=121)
	        Index Cond: ((id >= 5035959) AND (id <= 5035968))

table 5 : explain SELECT c FROM sbtest5 WHERE id BETWEEN 4942651 AND 4942660 ORDER BY c
	Sort  (cost=35.49..35.51 rows=9 width=121)
	  Sort Key: c
	  ->  Index Scan using sbtest5_pkey on sbtest5  (cost=0.43..35.35 rows=9 width=121)
	        Index Cond: ((id >= 4942651) AND (id <= 4942660))

table 6 : explain SELECT c FROM sbtest6 WHERE id BETWEEN 2685596 AND 2685605 ORDER BY c
	Sort  (cost=35.45..35.47 rows=9 width=121)
	  Sort Key: c
	  ->  Index Scan using sbtest6_pkey on sbtest6  (cost=0.43..35.31 rows=9 width=121)
	        Index Cond: ((id >= 2685596) AND (id <= 2685605))

table 7 : explain SELECT c FROM sbtest7 WHERE id BETWEEN 4073517 AND 4073526 ORDER BY c
	Sort  (cost=42.38..42.41 rows=11 width=121)
	  Sort Key: c
	  ->  Index Scan using sbtest7_pkey on sbtest7  (cost=0.43..42.19 rows=11 width=121)
	        Index Cond: ((id >= 4073517) AND (id <= 4073526))

table 8 : explain SELECT c FROM sbtest8 WHERE id BETWEEN 3874594 AND 3874603 ORDER BY c
	Sort  (cost=38.85..38.88 rows=10 width=121)
	  Sort Key: c
	  ->  Index Scan using sbtest8_pkey on sbtest8  (cost=0.43..38.69 rows=10 width=121)
	        Index Cond: ((id >= 3874594) AND (id <= 3874603))

for non_index_updates
table 1 : explain UPDATE sbtest1 SET c='foobar' WHERE id=1750797
	Update on sbtest1  (cost=0.43..8.45 rows=1 width=559)
	  ->  Index Scan using sbtest1_pkey on sbtest1  (cost=0.43..8.45 rows=1 width=559)
	        Index Cond: (id = 1750797)

table 2 : explain UPDATE sbtest2 SET c='foobar' WHERE id=4038029
	Update on sbtest2  (cost=0.43..8.45 rows=1 width=559)
	  ->  Index Scan using sbtest2_pkey on sbtest2  (cost=0.43..8.45 rows=1 width=559)
	        Index Cond: (id = 4038029)

table 3 : explain UPDATE sbtest3 SET c='foobar' WHERE id=8249810
	Update on sbtest3  (cost=0.43..8.45 rows=1 width=559)
	  ->  Index Scan using sbtest3_pkey on sbtest3  (cost=0.43..8.45 rows=1 width=559)
	        Index Cond: (id = 8249810)

table 4 : explain UPDATE sbtest4 SET c='foobar' WHERE id=1424341
	Update on sbtest4  (cost=0.43..8.45 rows=1 width=559)
	  ->  Index Scan using sbtest4_pkey on sbtest4  (cost=0.43..8.45 rows=1 width=559)
	        Index Cond: (id = 1424341)

table 5 : explain UPDATE sbtest5 SET c='foobar' WHERE id=7645676
	Update on sbtest5  (cost=0.43..8.45 rows=1 width=559)
	  ->  Index Scan using sbtest5_pkey on sbtest5  (cost=0.43..8.45 rows=1 width=559)
	        Index Cond: (id = 7645676)

table 6 : explain UPDATE sbtest6 SET c='foobar' WHERE id=6749223
	Update on sbtest6  (cost=0.43..8.45 rows=1 width=559)
	  ->  Index Scan using sbtest6_pkey on sbtest6  (cost=0.43..8.45 rows=1 width=559)
	        Index Cond: (id = 6749223)

table 7 : explain UPDATE sbtest7 SET c='foobar' WHERE id=3279326
	Update on sbtest7  (cost=0.43..8.45 rows=1 width=559)
	  ->  Index Scan using sbtest7_pkey on sbtest7  (cost=0.43..8.45 rows=1 width=559)
	        Index Cond: (id = 3279326)

table 8 : explain UPDATE sbtest8 SET c='foobar' WHERE id=5313709
	Update on sbtest8  (cost=0.43..8.45 rows=1 width=559)
	  ->  Index Scan using sbtest8_pkey on sbtest8  (cost=0.43..8.45 rows=1 width=559)
	        Index Cond: (id = 5313709)

for: sum_ranges
table 1 : explain SELECT SUM(k) FROM sbtest1 WHERE id BETWEEN 1372911 AND 1372920
	Aggregate  (cost=39.31..39.32 rows=1 width=8)
	  ->  Index Scan using sbtest1_pkey on sbtest1  (cost=0.43..39.28 rows=10 width=4)
	        Index Cond: ((id >= 1372911) AND (id <= 1372920))

table 2 : explain SELECT SUM(k) FROM sbtest2 WHERE id BETWEEN 1335039 AND 1335048
	Aggregate  (cost=42.62..42.63 rows=1 width=8)
	  ->  Index Scan using sbtest2_pkey on sbtest2  (cost=0.43..42.59 rows=11 width=4)
	        Index Cond: ((id >= 1335039) AND (id <= 1335048))

table 3 : explain SELECT SUM(k) FROM sbtest3 WHERE id BETWEEN 1962537 AND 1962546
	Aggregate  (cost=39.15..39.16 rows=1 width=8)
	  ->  Index Scan using sbtest3_pkey on sbtest3  (cost=0.43..39.13 rows=10 width=4)
	        Index Cond: ((id >= 1962537) AND (id <= 1962546))

table 4 : explain SELECT SUM(k) FROM sbtest4 WHERE id BETWEEN 7751362 AND 7751371
	Aggregate  (cost=38.86..38.87 rows=1 width=8)
	  ->  Index Scan using sbtest4_pkey on sbtest4  (cost=0.43..38.83 rows=10 width=4)
	        Index Cond: ((id >= 7751362) AND (id <= 7751371))

table 5 : explain SELECT SUM(k) FROM sbtest5 WHERE id BETWEEN 1809535 AND 1809544
	Aggregate  (cost=38.73..38.74 rows=1 width=8)
	  ->  Index Scan using sbtest5_pkey on sbtest5  (cost=0.43..38.71 rows=10 width=4)
	        Index Cond: ((id >= 1809535) AND (id <= 1809544))

table 6 : explain SELECT SUM(k) FROM sbtest6 WHERE id BETWEEN 1820460 AND 1820469
	Aggregate  (cost=42.05..42.06 rows=1 width=8)
	  ->  Index Scan using sbtest6_pkey on sbtest6  (cost=0.43..42.02 rows=11 width=4)
	        Index Cond: ((id >= 1820460) AND (id <= 1820469))

table 7 : explain SELECT SUM(k) FROM sbtest7 WHERE id BETWEEN 1149911 AND 1149920
	Aggregate  (cost=38.85..38.86 rows=1 width=8)
	  ->  Index Scan using sbtest7_pkey on sbtest7  (cost=0.43..38.82 rows=10 width=4)
	        Index Cond: ((id >= 1149911) AND (id <= 1149920))

table 8 : explain SELECT SUM(k) FROM sbtest8 WHERE id BETWEEN 4744196 AND 4744205
	Aggregate  (cost=38.71..38.72 rows=1 width=8)
	  ->  Index Scan using sbtest8_pkey on sbtest8  (cost=0.43..38.69 rows=10 width=4)
	        Index Cond: ((id >= 4744196) AND (id <= 4744205))

explain: for point_selects :: explain SELECT c FROM sbtest%u WHERE id=%u
for: sum_ranges
table 1 : explain SELECT SUM(k) FROM sbtest1 WHERE id BETWEEN 8082801 AND 8082810
	Aggregate  (cost=42.73..42.74 rows=1 width=8)
	  ->  Index Scan using sbtest1_pkey on sbtest1  (cost=0.43..42.71 rows=11 width=4)
	        Index Cond: ((id >= 8082801) AND (id <= 8082810))

table 2 : explain SELECT SUM(k) FROM sbtest2 WHERE id BETWEEN 2310561 AND 2310570
	Aggregate  (cost=39.20..39.21 rows=1 width=8)
	  ->  Index Scan using sbtest2_pkey on sbtest2  (cost=0.43..39.18 rows=10 width=4)
	        Index Cond: ((id >= 2310561) AND (id <= 2310570))

table 3 : explain SELECT SUM(k) FROM sbtest3 WHERE id BETWEEN 280618 AND 280627
	Aggregate  (cost=35.74..35.75 rows=1 width=8)
	  ->  Index Scan using sbtest3_pkey on sbtest3  (cost=0.43..35.72 rows=9 width=4)
	        Index Cond: ((id >= 280618) AND (id <= 280627))

table 4 : explain SELECT SUM(k) FROM sbtest4 WHERE id BETWEEN 1306822 AND 1306831
	Aggregate  (cost=38.86..38.87 rows=1 width=8)
	  ->  Index Scan using sbtest4_pkey on sbtest4  (cost=0.43..38.83 rows=10 width=4)
	        Index Cond: ((id >= 1306822) AND (id <= 1306831))

table 5 : explain SELECT SUM(k) FROM sbtest5 WHERE id BETWEEN 2099920 AND 2099929
	Aggregate  (cost=38.73..38.74 rows=1 width=8)
	  ->  Index Scan using sbtest5_pkey on sbtest5  (cost=0.43..38.71 rows=10 width=4)
	        Index Cond: ((id >= 2099920) AND (id <= 2099929))

table 6 : explain SELECT SUM(k) FROM sbtest6 WHERE id BETWEEN 2209701 AND 2209710
	Aggregate  (cost=38.69..38.70 rows=1 width=8)
	  ->  Index Scan using sbtest6_pkey on sbtest6  (cost=0.43..38.66 rows=10 width=4)
	        Index Cond: ((id >= 2209701) AND (id <= 2209710))

table 7 : explain SELECT SUM(k) FROM sbtest7 WHERE id BETWEEN 8703820 AND 8703829
	Aggregate  (cost=35.47..35.48 rows=1 width=8)
	  ->  Index Scan using sbtest7_pkey on sbtest7  (cost=0.43..35.45 rows=9 width=4)
	        Index Cond: ((id >= 8703820) AND (id <= 8703829))

table 8 : explain SELECT SUM(k) FROM sbtest8 WHERE id BETWEEN 2678738 AND 2678747
	Aggregate  (cost=35.35..35.36 rows=1 width=8)
	  ->  Index Scan using sbtest8_pkey on sbtest8  (cost=0.43..35.33 rows=9 width=4)
	        Index Cond: ((id >= 2678738) AND (id <= 2678747))

explain: for point_selects :: explain SELECT c FROM sbtest%u WHERE id=%uexplain: for deletes :: explain DELETE FROM sbtest%u WHERE id=%u

for: order_ranges
table 1 : explain SELECT c FROM sbtest1 WHERE id BETWEEN 9833274 AND 9833283 ORDER BY c
	Sort  (cost=39.45..39.47 rows=10 width=121)
	  Sort Key: c
	  ->  Index Scan using sbtest1_pkey on sbtest1  (cost=0.43..39.28 rows=10 width=121)
	        Index Cond: ((id >= 9833274) AND (id <= 9833283))

table 2 : explain SELECT c FROM sbtest2 WHERE id BETWEEN 5662512 AND 5662521 ORDER BY c
	Sort  (cost=42.78..42.81 rows=11 width=121)
	  Sort Key: c
	  ->  Index Scan using sbtest2_pkey on sbtest2  (cost=0.43..42.59 rows=11 width=121)
	        Index Cond: ((id >= 5662512) AND (id <= 5662521))

table 3 : explain SELECT c FROM sbtest3 WHERE id BETWEEN 2282783 AND 2282792 ORDER BY c
	Sort  (cost=42.72..42.75 rows=11 width=121)
	  Sort Key: c
	  ->  Index Scan using sbtest3_pkey on sbtest3  (cost=0.43..42.53 rows=11 width=121)
	        Index Cond: ((id >= 2282783) AND (id <= 2282792))

table 4 : explain SELECT c FROM sbtest4 WHERE id BETWEEN 3600787 AND 3600796 ORDER BY c
	Sort  (cost=39.00..39.02 rows=10 width=121)
	  Sort Key: c
	  ->  Index Scan using sbtest4_pkey on sbtest4  (cost=0.43..38.83 rows=10 width=121)
	        Index Cond: ((id >= 3600787) AND (id <= 3600796))

table 5 : explain SELECT c FROM sbtest5 WHERE id BETWEEN 1242222 AND 1242231 ORDER BY c
	Sort  (cost=42.26..42.29 rows=11 width=121)
	  Sort Key: c
	  ->  Index Scan using sbtest5_pkey on sbtest5  (cost=0.43..42.07 rows=11 width=121)
	        Index Cond: ((id >= 1242222) AND (id <= 1242231))

table 6 : explain SELECT c FROM sbtest6 WHERE id BETWEEN 9443804 AND 9443813 ORDER BY c
	Sort  (cost=38.83..38.85 rows=10 width=121)
	  Sort Key: c
	  ->  Index Scan using sbtest6_pkey on sbtest6  (cost=0.43..38.66 rows=10 width=121)
	        Index Cond: ((id >= 9443804) AND (id <= 9443813))

table 7 : explain SELECT c FROM sbtest7 WHERE id BETWEEN 5377009 AND 5377018 ORDER BY c
	Sort  (cost=38.99..39.01 rows=10 width=121)
	  Sort Key: c
	  ->  Index Scan using sbtest7_pkey on sbtest7  (cost=0.43..38.82 rows=10 width=121)
	        Index Cond: ((id >= 5377009) AND (id <= 5377018))

table 8 : explain SELECT c FROM sbtest8 WHERE id BETWEEN 6850360 AND 6850369 ORDER BY c
	Sort  (cost=38.85..38.88 rows=10 width=121)
	  Sort Key: c
	  ->  Index Scan using sbtest8_pkey on sbtest8  (cost=0.43..38.69 rows=10 width=121)
	        Index Cond: ((id >= 6850360) AND (id <= 6850369))

explain: for point_selects :: explain SELECT c FROM sbtest%u WHERE id=%u
for: order_ranges
table 1 : explain SELECT c FROM sbtest1 WHERE id BETWEEN 6213391 AND 6213400 ORDER BY c
	Sort  (cost=39.45..39.47 rows=10 width=121)
	  Sort Key: c
	  ->  Index Scan using sbtest1_pkey on sbtest1  (cost=0.43..39.28 rows=10 width=121)
	        Index Cond: ((id >= 6213391) AND (id <= 6213400))

table 2 : explain SELECT c FROM sbtest2 WHERE id BETWEEN 7436753 AND 7436762 ORDER BY c
	Sort  (cost=39.34..39.37 rows=10 width=121)
	  Sort Key: c
	  ->  Index Scan using sbtest2_pkey on sbtest2  (cost=0.43..39.18 rows=10 width=121)
	        Index Cond: ((id >= 7436753) AND (id <= 7436762))

table 3 : explain SELECT c FROM sbtest3 WHERE id BETWEEN 7782826 AND 7782835 ORDER BY c
	Sort  (cost=39.29..39.32 rows=10 width=121)
	  Sort Key: c
	  ->  Index Scan using sbtest3_pkey on sbtest3  (cost=0.43..39.13 rows=10 width=121)
	        Index Cond: ((id >= 7782826) AND (id <= 7782835))

table 4 : explain SELECT c FROM sbtest4 WHERE id BETWEEN 9286388 AND 9286397 ORDER BY c
	Sort  (cost=39.00..39.02 rows=10 width=121)
	  Sort Key: c
	  ->  Index Scan using sbtest4_pkey on sbtest4  (cost=0.43..38.83 rows=10 width=121)
	        Index Cond: ((id >= 9286388) AND (id <= 9286397))

table 5 : explain SELECT c FROM sbtest5 WHERE id BETWEEN 86279 AND 86288 ORDER BY c
	Sort  (cost=38.87..38.90 rows=10 width=121)
	  Sort Key: c
	  ->  Index Scan using sbtest5_pkey on sbtest5  (cost=0.43..38.71 rows=10 width=121)
	        Index Cond: ((id >= 86279) AND (id <= 86288))

table 6 : explain SELECT c FROM sbtest6 WHERE id BETWEEN 1662354 AND 1662363 ORDER BY c
	Sort  (cost=38.83..38.85 rows=10 width=121)
	  Sort Key: c
	  ->  Index Scan using sbtest6_pkey on sbtest6  (cost=0.43..38.66 rows=10 width=121)
	        Index Cond: ((id >= 1662354) AND (id <= 1662363))

table 7 : explain SELECT c FROM sbtest7 WHERE id BETWEEN 7111044 AND 7111053 ORDER BY c
	Sort  (cost=42.38..42.41 rows=11 width=121)
	  Sort Key: c
	  ->  Index Scan using sbtest7_pkey on sbtest7  (cost=0.43..42.19 rows=11 width=121)
	        Index Cond: ((id >= 7111044) AND (id <= 7111053))

table 8 : explain SELECT c FROM sbtest8 WHERE id BETWEEN 663822 AND 663831 ORDER BY c
	Sort  (cost=38.85..38.88 rows=10 width=121)
	  Sort Key: c
	  ->  Index Scan using sbtest8_pkey on sbtest8  (cost=0.43..38.69 rows=10 width=121)
	        Index Cond: ((id >= 663822) AND (id <= 663831))

for: order_ranges
table 1 : explain SELECT c FROM sbtest1 WHERE id BETWEEN 2246777 AND 2246786 ORDER BY c
	Sort  (cost=36.00..36.02 rows=9 width=121)
	  Sort Key: c
	  ->  Index Scan using sbtest1_pkey on sbtest1  (cost=0.43..35.86 rows=9 width=121)
	        Index Cond: ((id >= 2246777) AND (id <= 2246786))

table 2 : explain SELECT c FROM sbtest2 WHERE id BETWEEN 7230793 AND 7230802 ORDER BY c
	Sort  (cost=39.34..39.37 rows=10 width=121)
	  Sort Key: c
	  ->  Index Scan using sbtest2_pkey on sbtest2  (cost=0.43..39.18 rows=10 width=121)
	        Index Cond: ((id >= 7230793) AND (id <= 7230802))

table 3 : explain SELECT c FROM sbtest3 WHERE id BETWEEN 5146183 AND 5146192 ORDER BY c
	Sort  (cost=42.72..42.75 rows=11 width=121)
	  Sort Key: c
	  ->  Index Scan using sbtest3_pkey on sbtest3  (cost=0.43..42.53 rows=11 width=121)
	        Index Cond: ((id >= 5146183) AND (id <= 5146192))

table 4 : explain SELECT c FROM sbtest4 WHERE id BETWEEN 6341320 AND 6341329 ORDER BY c
	Sort  (cost=39.00..39.02 rows=10 width=121)
	  Sort Key: c
	  ->  Index Scan using sbtest4_pkey on sbtest4  (cost=0.43..38.83 rows=10 width=121)
	        Index Cond: ((id >= 6341320) AND (id <= 6341329))

table 5 : explain SELECT c FROM sbtest5 WHERE id BETWEEN 9389815 AND 9389824 ORDER BY c
	Sort  (cost=38.87..38.90 rows=10 width=121)
	  Sort Key: c
	  ->  Index Scan using sbtest5_pkey on sbtest5  (cost=0.43..38.71 rows=10 width=121)
	        Index Cond: ((id >= 9389815) AND (id <= 9389824))

table 6 : explain SELECT c FROM sbtest6 WHERE id BETWEEN 7936548 AND 7936557 ORDER BY c
	Sort  (cost=42.21..42.24 rows=11 width=121)
	  Sort Key: c
	  ->  Index Scan using sbtest6_pkey on sbtest6  (cost=0.43..42.02 rows=11 width=121)
	        Index Cond: ((id >= 7936548) AND (id <= 7936557))

table 7 : explain SELECT c FROM sbtest7 WHERE id BETWEEN 3787288 AND 3787297 ORDER BY c
	Sort  (cost=45.78..45.81 rows=12 width=121)
	  Sort Key: c
	  ->  Index Scan using sbtest7_pkey on sbtest7  (cost=0.43..45.57 rows=12 width=121)
	        Index Cond: ((id >= 3787288) AND (id <= 3787297))

table 8 : explain SELECT c FROM sbtest8 WHERE id BETWEEN 9690127 AND 9690136 ORDER BY c
	Sort  (cost=42.24..42.26 rows=11 width=121)
	  Sort Key: c
	  ->  Index Scan using sbtest8_pkey on sbtest8  (cost=0.43..42.04 rows=11 width=121)
	        Index Cond: ((id >= 9690127) AND (id <= 9690136))

for: sum_ranges
table 1 : explain SELECT SUM(k) FROM sbtest1 WHERE id BETWEEN 3297085 AND 3297094
	Aggregate  (cost=39.31..39.32 rows=1 width=8)
	  ->  Index Scan using sbtest1_pkey on sbtest1  (cost=0.43..39.28 rows=10 width=4)
	        Index Cond: ((id >= 3297085) AND (id <= 3297094))

table 2 : explain SELECT SUM(k) FROM sbtest2 WHERE id BETWEEN 6730212 AND 6730221
	Aggregate  (cost=35.79..35.80 rows=1 width=8)
	  ->  Index Scan using sbtest2_pkey on sbtest2  (cost=0.43..35.76 rows=9 width=4)
	        Index Cond: ((id >= 6730212) AND (id <= 6730221))

table 3 : explain SELECT SUM(k) FROM sbtest3 WHERE id BETWEEN 8177707 AND 8177716
	Aggregate  (cost=39.15..39.16 rows=1 width=8)
	  ->  Index Scan using sbtest3_pkey on sbtest3  (cost=0.43..39.13 rows=10 width=4)
	        Index Cond: ((id >= 8177707) AND (id <= 8177716))

table 4 : explain SELECT SUM(k) FROM sbtest4 WHERE id BETWEEN 8886600 AND 8886609
	Aggregate  (cost=38.86..38.87 rows=1 width=8)
	  ->  Index Scan using sbtest4_pkey on sbtest4  (cost=0.43..38.83 rows=10 width=4)
	        Index Cond: ((id >= 8886600) AND (id <= 8886609))

table 5 : explain SELECT SUM(k) FROM sbtest5 WHERE id BETWEEN 3725997 AND 3726006
	Aggregate  (cost=38.73..38.74 rows=1 width=8)
	  ->  Index Scan using sbtest5_pkey on sbtest5  (cost=0.43..38.71 rows=10 width=4)
	        Index Cond: ((id >= 3725997) AND (id <= 3726006))

table 6 : explain SELECT SUM(k) FROM sbtest6 WHERE id BETWEEN 8122251 AND 8122260
	Aggregate  (cost=38.69..38.70 rows=1 width=8)
	  ->  Index Scan using sbtest6_pkey on sbtest6  (cost=0.43..38.66 rows=10 width=4)
	        Index Cond: ((id >= 8122251) AND (id <= 8122260))

table 7 : explain SELECT SUM(k) FROM sbtest7 WHERE id BETWEEN 5161071 AND 5161080
	Aggregate  (cost=38.85..38.86 rows=1 width=8)
	  ->  Index Scan using sbtest7_pkey on sbtest7  (cost=0.43..38.82 rows=10 width=4)
	        Index Cond: ((id >= 5161071) AND (id <= 5161080))

table 8 : explain SELECT SUM(k) FROM sbtest8 WHERE id BETWEEN 5453659 AND 5453668
	Aggregate  (cost=35.35..35.36 rows=1 width=8)
	  ->  Index Scan using sbtest8_pkey on sbtest8  (cost=0.43..35.33 rows=9 width=4)
	        Index Cond: ((id >= 5453659) AND (id <= 5453668))

for deletes
table 1 : explain DELETE FROM sbtest1 WHERE id=327565
	Delete on sbtest1  (cost=0.43..8.45 rows=1 width=6)
	  ->  Index Scan using sbtest1_pkey on sbtest1  (cost=0.43..8.45 rows=1 width=6)
	        Index Cond: (id = 327565)

table 2 : explain DELETE FROM sbtest2 WHERE id=417369
	Delete on sbtest2  (cost=0.43..8.45 rows=1 width=6)
	  ->  Index Scan using sbtest2_pkey on sbtest2  (cost=0.43..8.45 rows=1 width=6)
	        Index Cond: (id = 417369)

table 3 : explain DELETE FROM sbtest3 WHERE id=2037946
	Delete on sbtest3  (cost=0.43..8.45 rows=1 width=6)
	  ->  Index Scan using sbtest3_pkey on sbtest3  (cost=0.43..8.45 rows=1 width=6)
	        Index Cond: (id = 2037946)

table 4 : explain DELETE FROM sbtest4 WHERE id=8949671
	Delete on sbtest4  (cost=0.43..8.45 rows=1 width=6)
	  ->  Index Scan using sbtest4_pkey on sbtest4  (cost=0.43..8.45 rows=1 width=6)
	        Index Cond: (id = 8949671)

table 5 : explain DELETE FROM sbtest5 WHERE id=8531963
	Delete on sbtest5  (cost=0.43..8.45 rows=1 width=6)
	  ->  Index Scan using sbtest5_pkey on sbtest5  (cost=0.43..8.45 rows=1 width=6)
	        Index Cond: (id = 8531963)

table 6 : explain DELETE FROM sbtest6 WHERE id=2299006
	Delete on sbtest6  (cost=0.43..8.45 rows=1 width=6)
	  ->  Index Scan using sbtest6_pkey on sbtest6  (cost=0.43..8.45 rows=1 width=6)
	        Index Cond: (id = 2299006)

table 7 : explain DELETE FROM sbtest7 WHERE id=7870789
	Delete on sbtest7  (cost=0.43..8.45 rows=1 width=6)
	  ->  Index Scan using sbtest7_pkey on sbtest7  (cost=0.43..8.45 rows=1 width=6)
	        Index Cond: (id = 7870789)

table 8 : explain DELETE FROM sbtest8 WHERE id=5980900
	Delete on sbtest8  (cost=0.43..8.45 rows=1 width=6)
	  ->  Index Scan using sbtest8_pkey on sbtest8  (cost=0.43..8.45 rows=1 width=6)
	        Index Cond: (id = 5980900)

for: distinct_ranges
table 1 : explain SELECT DISTINCT c FROM sbtest1 WHERE id BETWEEN 5309263 AND 5309272 ORDER BY c
	Unique  (cost=42.90..42.95 rows=11 width=121)
	  ->  Sort  (cost=42.90..42.92 rows=11 width=121)
	        Sort Key: c
	        ->  Index Scan using sbtest1_pkey on sbtest1  (cost=0.43..42.71 rows=11 width=121)
	              Index Cond: ((id >= 5309263) AND (id <= 5309272))

table 2 : explain SELECT DISTINCT c FROM sbtest2 WHERE id BETWEEN 3403071 AND 3403080 ORDER BY c
	Unique  (cost=42.78..42.84 rows=11 width=121)
	  ->  Sort  (cost=42.78..42.81 rows=11 width=121)
	        Sort Key: c
	        ->  Index Scan using sbtest2_pkey on sbtest2  (cost=0.43..42.59 rows=11 width=121)
	              Index Cond: ((id >= 3403071) AND (id <= 3403080))

table 3 : explain SELECT DISTINCT c FROM sbtest3 WHERE id BETWEEN 1166783 AND 1166792 ORDER BY c
	Unique  (cost=39.29..39.34 rows=10 width=121)
	  ->  Sort  (cost=39.29..39.32 rows=10 width=121)
	        Sort Key: c
	        ->  Index Scan using sbtest3_pkey on sbtest3  (cost=0.43..39.13 rows=10 width=121)
	              Index Cond: ((id >= 1166783) AND (id <= 1166792))

table 4 : explain SELECT DISTINCT c FROM sbtest4 WHERE id BETWEEN 940949 AND 940958 ORDER BY c
	Unique  (cost=39.00..39.05 rows=10 width=121)
	  ->  Sort  (cost=39.00..39.02 rows=10 width=121)
	        Sort Key: c
	        ->  Index Scan using sbtest4_pkey on sbtest4  (cost=0.43..38.83 rows=10 width=121)
	              Index Cond: ((id >= 940949) AND (id <= 940958))

table 5 : explain SELECT DISTINCT c FROM sbtest5 WHERE id BETWEEN 609254 AND 609263 ORDER BY c
	Unique  (cost=38.87..38.92 rows=10 width=121)
	  ->  Sort  (cost=38.87..38.90 rows=10 width=121)
	        Sort Key: c
	        ->  Index Scan using sbtest5_pkey on sbtest5  (cost=0.43..38.71 rows=10 width=121)
	              Index Cond: ((id >= 609254) AND (id <= 609263))

table 6 : explain SELECT DISTINCT c FROM sbtest6 WHERE id BETWEEN 9714428 AND 9714437 ORDER BY c
	Unique  (cost=42.21..42.26 rows=11 width=121)
	  ->  Sort  (cost=42.21..42.24 rows=11 width=121)
	        Sort Key: c
	        ->  Index Scan using sbtest6_pkey on sbtest6  (cost=0.43..42.02 rows=11 width=121)
	              Index Cond: ((id >= 9714428) AND (id <= 9714437))

table 7 : explain SELECT DISTINCT c FROM sbtest7 WHERE id BETWEEN 4958905 AND 4958914 ORDER BY c
	Unique  (cost=35.59..35.63 rows=9 width=121)
	  ->  Sort  (cost=35.59..35.61 rows=9 width=121)
	        Sort Key: c
	        ->  Index Scan using sbtest7_pkey on sbtest7  (cost=0.43..35.45 rows=9 width=121)
	              Index Cond: ((id >= 4958905) AND (id <= 4958914))

table 8 : explain SELECT DISTINCT c FROM sbtest8 WHERE id BETWEEN 7111962 AND 7111971 ORDER BY c
	Unique  (cost=38.85..38.90 rows=10 width=121)
	  ->  Sort  (cost=38.85..38.88 rows=10 width=121)
	        Sort Key: c
	        ->  Index Scan using sbtest8_pkey on sbtest8  (cost=0.43..38.69 rows=10 width=121)
	              Index Cond: ((id >= 7111962) AND (id <= 7111971))

for: sum_ranges
table 1 : explain SELECT SUM(k) FROM sbtest1 WHERE id BETWEEN 8228718 AND 8228727
	Aggregate  (cost=35.88..35.89 rows=1 width=8)
	  ->  Index Scan using sbtest1_pkey on sbtest1  (cost=0.43..35.86 rows=9 width=4)
	        Index Cond: ((id >= 8228718) AND (id <= 8228727))

table 2 : explain SELECT SUM(k) FROM sbtest2 WHERE id BETWEEN 2183746 AND 2183755
	Aggregate  (cost=42.62..42.63 rows=1 width=8)
	  ->  Index Scan using sbtest2_pkey on sbtest2  (cost=0.43..42.59 rows=11 width=4)
	        Index Cond: ((id >= 2183746) AND (id <= 2183755))

table 3 : explain SELECT SUM(k) FROM sbtest3 WHERE id BETWEEN 9847937 AND 9847946
	Aggregate  (cost=39.15..39.16 rows=1 width=8)
	  ->  Index Scan using sbtest3_pkey on sbtest3  (cost=0.43..39.13 rows=10 width=4)
	        Index Cond: ((id >= 9847937) AND (id <= 9847946))

table 4 : explain SELECT SUM(k) FROM sbtest4 WHERE id BETWEEN 1259794 AND 1259803
	Aggregate  (cost=38.86..38.87 rows=1 width=8)
	  ->  Index Scan using sbtest4_pkey on sbtest4  (cost=0.43..38.83 rows=10 width=4)
	        Index Cond: ((id >= 1259794) AND (id <= 1259803))

table 5 : explain SELECT SUM(k) FROM sbtest5 WHERE id BETWEEN 911881 AND 911890
	Aggregate  (cost=38.73..38.74 rows=1 width=8)
	  ->  Index Scan using sbtest5_pkey on sbtest5  (cost=0.43..38.71 rows=10 width=4)
	        Index Cond: ((id >= 911881) AND (id <= 911890))

table 6 : explain SELECT SUM(k) FROM sbtest6 WHERE id BETWEEN 8206581 AND 8206590
	Aggregate  (cost=38.69..38.70 rows=1 width=8)
	  ->  Index Scan using sbtest6_pkey on sbtest6  (cost=0.43..38.66 rows=10 width=4)
	        Index Cond: ((id >= 8206581) AND (id <= 8206590))

table 7 : explain SELECT SUM(k) FROM sbtest7 WHERE id BETWEEN 3973299 AND 3973308
	Aggregate  (cost=38.85..38.86 rows=1 width=8)
	  ->  Index Scan using sbtest7_pkey on sbtest7  (cost=0.43..38.82 rows=10 width=4)
	        Index Cond: ((id >= 3973299) AND (id <= 3973308))

table 8 : explain SELECT SUM(k) FROM sbtest8 WHERE id BETWEEN 1479027 AND 1479036
	Aggregate  (cost=42.07..42.08 rows=1 width=8)
	  ->  Index Scan using sbtest8_pkey on sbtest8  (cost=0.43..42.04 rows=11 width=4)
	        Index Cond: ((id >= 1479027) AND (id <= 1479036))

explain: for index_updates :: explain UPDATE sbtest%u SET k=k+1 WHERE id=%u
for point_selects
table 1 : explain SELECT c FROM sbtest1 WHERE id=2722088
	Index Scan using sbtest1_pkey on sbtest1  (cost=0.43..8.45 rows=1 width=121)
	  Index Cond: (id = 2722088)

table 2 : explain SELECT c FROM sbtest2 WHERE id=7590162
	Index Scan using sbtest2_pkey on sbtest2  (cost=0.43..8.45 rows=1 width=121)
	  Index Cond: (id = 7590162)

table 3 : explain SELECT c FROM sbtest3 WHERE id=9654895
	Index Scan using sbtest3_pkey on sbtest3  (cost=0.43..8.45 rows=1 width=121)
	  Index Cond: (id = 9654895)

table 4 : explain SELECT c FROM sbtest4 WHERE id=4833633
	Index Scan using sbtest4_pkey on sbtest4  (cost=0.43..8.45 rows=1 width=121)
	  Index Cond: (id = 4833633)

table 5 : explain SELECT c FROM sbtest5 WHERE id=1121418
	Index Scan using sbtest5_pkey on sbtest5  (cost=0.43..8.45 rows=1 width=121)
	  Index Cond: (id = 1121418)

table 6 : explain SELECT c FROM sbtest6 WHERE id=7882135
	Index Scan using sbtest6_pkey on sbtest6  (cost=0.43..8.45 rows=1 width=121)
	  Index Cond: (id = 7882135)

table 7 : explain SELECT c FROM sbtest7 WHERE id=2704429
	Index Scan using sbtest7_pkey on sbtest7  (cost=0.43..8.45 rows=1 width=121)
	  Index Cond: (id = 2704429)

table 8 : explain SELECT c FROM sbtest8 WHERE id=3754510
	Index Scan using sbtest8_pkey on sbtest8  (cost=0.43..8.45 rows=1 width=121)
	  Index Cond: (id = 3754510)

for: order_ranges
table 1 : explain SELECT c FROM sbtest1 WHERE id BETWEEN 4570727 AND 4570736 ORDER BY c
	Sort  (cost=39.45..39.47 rows=10 width=121)
	  Sort Key: c
	  ->  Index Scan using sbtest1_pkey on sbtest1  (cost=0.43..39.28 rows=10 width=121)
	        Index Cond: ((id >= 4570727) AND (id <= 4570736))

table 2 : explain SELECT c FROM sbtest2 WHERE id BETWEEN 7100840 AND 7100849 ORDER BY c
	Sort  (cost=35.91..35.93 rows=9 width=121)
	  Sort Key: c
	  ->  Index Scan using sbtest2_pkey on sbtest2  (cost=0.43..35.76 rows=9 width=121)
	        Index Cond: ((id >= 7100840) AND (id <= 7100849))

table 3 : explain SELECT c FROM sbtest3 WHERE id BETWEEN 970004 AND 970013 ORDER BY c
	Sort  (cost=35.86..35.88 rows=9 width=121)
	  Sort Key: c
	  ->  Index Scan using sbtest3_pkey on sbtest3  (cost=0.43..35.72 rows=9 width=121)
	        Index Cond: ((id >= 970004) AND (id <= 970013))

table 4 : explain SELECT c FROM sbtest4 WHERE id BETWEEN 7952666 AND 7952675 ORDER BY c
	Sort  (cost=39.00..39.02 rows=10 width=121)
	  Sort Key: c
	  ->  Index Scan using sbtest4_pkey on sbtest4  (cost=0.43..38.83 rows=10 width=121)
	        Index Cond: ((id >= 7952666) AND (id <= 7952675))

table 5 : explain SELECT c FROM sbtest5 WHERE id BETWEEN 3181888 AND 3181897 ORDER BY c
	Sort  (cost=38.87..38.90 rows=10 width=121)
	  Sort Key: c
	  ->  Index Scan using sbtest5_pkey on sbtest5  (cost=0.43..38.71 rows=10 width=121)
	        Index Cond: ((id >= 3181888) AND (id <= 3181897))

table 6 : explain SELECT c FROM sbtest6 WHERE id BETWEEN 5774308 AND 5774317 ORDER BY c
	Sort  (cost=38.83..38.85 rows=10 width=121)
	  Sort Key: c
	  ->  Index Scan using sbtest6_pkey on sbtest6  (cost=0.43..38.66 rows=10 width=121)
	        Index Cond: ((id >= 5774308) AND (id <= 5774317))

table 7 : explain SELECT c FROM sbtest7 WHERE id BETWEEN 3262399 AND 3262408 ORDER BY c
	Sort  (cost=38.99..39.01 rows=10 width=121)
	  Sort Key: c
	  ->  Index Scan using sbtest7_pkey on sbtest7  (cost=0.43..38.82 rows=10 width=121)
	        Index Cond: ((id >= 3262399) AND (id <= 3262408))

table 8 : explain SELECT c FROM sbtest8 WHERE id BETWEEN 953895 AND 953904 ORDER BY c
	Sort  (cost=35.47..35.49 rows=9 width=121)
	  Sort Key: c
	  ->  Index Scan using sbtest8_pkey on sbtest8  (cost=0.43..35.33 rows=9 width=121)
	        Index Cond: ((id >= 953895) AND (id <= 953904))

for: order_ranges
table 1 : explain SELECT c FROM sbtest1 WHERE id BETWEEN 8793063 AND 8793072 ORDER BY c
	Sort  (cost=39.45..39.47 rows=10 width=121)
	  Sort Key: c
	  ->  Index Scan using sbtest1_pkey on sbtest1  (cost=0.43..39.28 rows=10 width=121)
	        Index Cond: ((id >= 8793063) AND (id <= 8793072))

table 2 : explain SELECT c FROM sbtest2 WHERE id BETWEEN 6812113 AND 6812122 ORDER BY c
	Sort  (cost=35.91..35.93 rows=9 width=121)
	  Sort Key: c
	  ->  Index Scan using sbtest2_pkey on sbtest2  (cost=0.43..35.76 rows=9 width=121)
	        Index Cond: ((id >= 6812113) AND (id <= 6812122))

table 3 : explain SELECT c FROM sbtest3 WHERE id BETWEEN 3072924 AND 3072933 ORDER BY c
	Sort  (cost=39.29..39.32 rows=10 width=121)
	  Sort Key: c
	  ->  Index Scan using sbtest3_pkey on sbtest3  (cost=0.43..39.13 rows=10 width=121)
	        Index Cond: ((id >= 3072924) AND (id <= 3072933))

table 4 : explain SELECT c FROM sbtest4 WHERE id BETWEEN 8547808 AND 8547817 ORDER BY c
	Sort  (cost=39.00..39.02 rows=10 width=121)
	  Sort Key: c
	  ->  Index Scan using sbtest4_pkey on sbtest4  (cost=0.43..38.83 rows=10 width=121)
	        Index Cond: ((id >= 8547808) AND (id <= 8547817))

table 5 : explain SELECT c FROM sbtest5 WHERE id BETWEEN 2102469 AND 2102478 ORDER BY c
	Sort  (cost=38.87..38.90 rows=10 width=121)
	  Sort Key: c
	  ->  Index Scan using sbtest5_pkey on sbtest5  (cost=0.43..38.71 rows=10 width=121)
	        Index Cond: ((id >= 2102469) AND (id <= 2102478))

table 6 : explain SELECT c FROM sbtest6 WHERE id BETWEEN 51891 AND 51900 ORDER BY c
	Sort  (cost=42.21..42.24 rows=11 width=121)
	  Sort Key: c
	  ->  Index Scan using sbtest6_pkey on sbtest6  (cost=0.43..42.02 rows=11 width=121)
	        Index Cond: ((id >= 51891) AND (id <= 51900))

table 7 : explain SELECT c FROM sbtest7 WHERE id BETWEEN 6671706 AND 6671715 ORDER BY c
	Sort  (cost=38.99..39.01 rows=10 width=121)
	  Sort Key: c
	  ->  Index Scan using sbtest7_pkey on sbtest7  (cost=0.43..38.82 rows=10 width=121)
	        Index Cond: ((id >= 6671706) AND (id <= 6671715))

table 8 : explain SELECT c FROM sbtest8 WHERE id BETWEEN 9565813 AND 9565822 ORDER BY c
	Sort  (cost=35.47..35.49 rows=9 width=121)
	  Sort Key: c
	  ->  Index Scan using sbtest8_pkey on sbtest8  (cost=0.43..35.33 rows=9 width=121)
	        Index Cond: ((id >= 9565813) AND (id <= 9565822))

explain: for inserts :: explain INSERT INTO sbtest%u (id, k, c, pad) VALUES (%u, 13, 'foobar', 'foobar')
for: order_ranges
table 1 : explain SELECT c FROM sbtest1 WHERE id BETWEEN 4880223 AND 4880232 ORDER BY c
	Sort  (cost=42.90..42.92 rows=11 width=121)
	  Sort Key: c
	  ->  Index Scan using sbtest1_pkey on sbtest1  (cost=0.43..42.71 rows=11 width=121)
	        Index Cond: ((id >= 4880223) AND (id <= 4880232))

table 2 : explain SELECT c FROM sbtest2 WHERE id BETWEEN 4351387 AND 4351396 ORDER BY c
	Sort  (cost=39.34..39.37 rows=10 width=121)
	  Sort Key: c
	  ->  Index Scan using sbtest2_pkey on sbtest2  (cost=0.43..39.18 rows=10 width=121)
	        Index Cond: ((id >= 4351387) AND (id <= 4351396))

table 3 : explain SELECT c FROM sbtest3 WHERE id BETWEEN 3661548 AND 3661557 ORDER BY c
	Sort  (cost=39.29..39.32 rows=10 width=121)
	  Sort Key: c
	  ->  Index Scan using sbtest3_pkey on sbtest3  (cost=0.43..39.13 rows=10 width=121)
	        Index Cond: ((id >= 3661548) AND (id <= 3661557))

table 4 : explain SELECT c FROM sbtest4 WHERE id BETWEEN 1207296 AND 1207305 ORDER BY c
	Sort  (cost=39.00..39.02 rows=10 width=121)
	  Sort Key: c
	  ->  Index Scan using sbtest4_pkey on sbtest4  (cost=0.43..38.83 rows=10 width=121)
	        Index Cond: ((id >= 1207296) AND (id <= 1207305))

table 5 : explain SELECT c FROM sbtest5 WHERE id BETWEEN 62423 AND 62432 ORDER BY c
	Sort  (cost=38.87..38.90 rows=10 width=121)
	  Sort Key: c
	  ->  Index Scan using sbtest5_pkey on sbtest5  (cost=0.43..38.71 rows=10 width=121)
	        Index Cond: ((id >= 62423) AND (id <= 62432))

table 6 : explain SELECT c FROM sbtest6 WHERE id BETWEEN 7925633 AND 7925642 ORDER BY c
	Sort  (cost=38.83..38.85 rows=10 width=121)
	  Sort Key: c
	  ->  Index Scan using sbtest6_pkey on sbtest6  (cost=0.43..38.66 rows=10 width=121)
	        Index Cond: ((id >= 7925633) AND (id <= 7925642))

table 7 : explain SELECT c FROM sbtest7 WHERE id BETWEEN 1545065 AND 1545074 ORDER BY c
	Sort  (cost=38.99..39.01 rows=10 width=121)
	  Sort Key: c
	  ->  Index Scan using sbtest7_pkey on sbtest7  (cost=0.43..38.82 rows=10 width=121)
	        Index Cond: ((id >= 1545065) AND (id <= 1545074))

table 8 : explain SELECT c FROM sbtest8 WHERE id BETWEEN 5091295 AND 5091304 ORDER BY c
	Sort  (cost=35.47..35.49 rows=9 width=121)
	  Sort Key: c
	  ->  Index Scan using sbtest8_pkey on sbtest8  (cost=0.43..35.33 rows=9 width=121)
	        Index Cond: ((id >= 5091295) AND (id <= 5091304))

explain: for point_selects :: explain SELECT c FROM sbtest%u WHERE id=%u
for inserts
table 1 : explain INSERT INTO sbtest1 (id, k, c, pad) VALUES (7634336, 13, 'foobar', 'foobar')
	Insert on sbtest1  (cost=0.00..0.01 rows=1 width=736)
	  ->  Result  (cost=0.00..0.01 rows=1 width=736)

table 2 : explain INSERT INTO sbtest2 (id, k, c, pad) VALUES (711477, 13, 'foobar', 'foobar')
	Insert on sbtest2  (cost=0.00..0.01 rows=1 width=736)
	  ->  Result  (cost=0.00..0.01 rows=1 width=736)

table 3 : explain INSERT INTO sbtest3 (id, k, c, pad) VALUES (6090099, 13, 'foobar', 'foobar')
	Insert on sbtest3  (cost=0.00..0.01 rows=1 width=736)
	  ->  Result  (cost=0.00..0.01 rows=1 width=736)

table 4 : explain INSERT INTO sbtest4 (id, k, c, pad) VALUES (8386185, 13, 'foobar', 'foobar')
	Insert on sbtest4  (cost=0.00..0.01 rows=1 width=736)
	  ->  Result  (cost=0.00..0.01 rows=1 width=736)

table 5 : explain INSERT INTO sbtest5 (id, k, c, pad) VALUES (6574576, 13, 'foobar', 'foobar')
	Insert on sbtest5  (cost=0.00..0.01 rows=1 width=736)
	  ->  Result  (cost=0.00..0.01 rows=1 width=736)

table 6 : explain INSERT INTO sbtest6 (id, k, c, pad) VALUES (2057106, 13, 'foobar', 'foobar')
	Insert on sbtest6  (cost=0.00..0.01 rows=1 width=736)
	  ->  Result  (cost=0.00..0.01 rows=1 width=736)

table 7 : explain INSERT INTO sbtest7 (id, k, c, pad) VALUES (1236083, 13, 'foobar', 'foobar')
	Insert on sbtest7  (cost=0.00..0.01 rows=1 width=736)
	  ->  Result  (cost=0.00..0.01 rows=1 width=736)

table 8 : explain INSERT INTO sbtest8 (id, k, c, pad) VALUES (2000000, 13, 'foobar', 'foobar')
	Insert on sbtest8  (cost=0.00..0.01 rows=1 width=736)
	  ->  Result  (cost=0.00..0.01 rows=1 width=736)

for: order_ranges
table 1 : explain SELECT c FROM sbtest1 WHERE id BETWEEN 4510256 AND 4510265 ORDER BY c
	Sort  (cost=39.45..39.47 rows=10 width=121)
	  Sort Key: c
	  ->  Index Scan using sbtest1_pkey on sbtest1  (cost=0.43..39.28 rows=10 width=121)
	        Index Cond: ((id >= 4510256) AND (id <= 4510265))

table 2 : explain SELECT c FROM sbtest2 WHERE id BETWEEN 8432703 AND 8432712 ORDER BY c
	Sort  (cost=39.34..39.37 rows=10 width=121)
	  Sort Key: c
	  ->  Index Scan using sbtest2_pkey on sbtest2  (cost=0.43..39.18 rows=10 width=121)
	        Index Cond: ((id >= 8432703) AND (id <= 8432712))

table 3 : explain SELECT c FROM sbtest3 WHERE id BETWEEN 3344739 AND 3344748 ORDER BY c
	Sort  (cost=42.72..42.75 rows=11 width=121)
	  Sort Key: c
	  ->  Index Scan using sbtest3_pkey on sbtest3  (cost=0.43..42.53 rows=11 width=121)
	        Index Cond: ((id >= 3344739) AND (id <= 3344748))

table 4 : explain SELECT c FROM sbtest4 WHERE id BETWEEN 504906 AND 504915 ORDER BY c
	Sort  (cost=42.40..42.42 rows=11 width=121)
	  Sort Key: c
	  ->  Index Scan using sbtest4_pkey on sbtest4  (cost=0.43..42.21 rows=11 width=121)
	        Index Cond: ((id >= 504906) AND (id <= 504915))

table 5 : explain SELECT c FROM sbtest5 WHERE id BETWEEN 1525785 AND 1525794 ORDER BY c
	Sort  (cost=38.87..38.90 rows=10 width=121)
	  Sort Key: c
	  ->  Index Scan using sbtest5_pkey on sbtest5  (cost=0.43..38.71 rows=10 width=121)
	        Index Cond: ((id >= 1525785) AND (id <= 1525794))

table 6 : explain SELECT c FROM sbtest6 WHERE id BETWEEN 2929611 AND 2929620 ORDER BY c
	Sort  (cost=38.83..38.85 rows=10 width=121)
	  Sort Key: c
	  ->  Index Scan using sbtest6_pkey on sbtest6  (cost=0.43..38.66 rows=10 width=121)
	        Index Cond: ((id >= 2929611) AND (id <= 2929620))

table 7 : explain SELECT c FROM sbtest7 WHERE id BETWEEN 3478275 AND 3478284 ORDER BY c
	Sort  (cost=38.99..39.01 rows=10 width=121)
	  Sort Key: c
	  ->  Index Scan using sbtest7_pkey on sbtest7  (cost=0.43..38.82 rows=10 width=121)
	        Index Cond: ((id >= 3478275) AND (id <= 3478284))

table 8 : explain SELECT c FROM sbtest8 WHERE id BETWEEN 3697260 AND 3697269 ORDER BY c
	Sort  (cost=35.47..35.49 rows=9 width=121)
	  Sort Key: c
	  ->  Index Scan using sbtest8_pkey on sbtest8  (cost=0.43..35.33 rows=9 width=121)
	        Index Cond: ((id >= 3697260) AND (id <= 3697269))

for index_updates
table 1 : explain UPDATE sbtest1 SET k=k+1 WHERE id=6413836
	Update on sbtest1  (cost=0.43..8.46 rows=1 width=196)
	  ->  Index Scan using sbtest1_pkey on sbtest1  (cost=0.43..8.46 rows=1 width=196)
	        Index Cond: (id = 6413836)

table 2 : explain UPDATE sbtest2 SET k=k+1 WHERE id=4870424
	Update on sbtest2  (cost=0.43..8.46 rows=1 width=196)
	  ->  Index Scan using sbtest2_pkey on sbtest2  (cost=0.43..8.46 rows=1 width=196)
	        Index Cond: (id = 4870424)

table 3 : explain UPDATE sbtest3 SET k=k+1 WHERE id=4155124
	Update on sbtest3  (cost=0.43..8.46 rows=1 width=196)
	  ->  Index Scan using sbtest3_pkey on sbtest3  (cost=0.43..8.46 rows=1 width=196)
	        Index Cond: (id = 4155124)

table 4 : explain UPDATE sbtest4 SET k=k+1 WHERE id=6645813
	Update on sbtest4  (cost=0.43..8.46 rows=1 width=196)
	  ->  Index Scan using sbtest4_pkey on sbtest4  (cost=0.43..8.46 rows=1 width=196)
	        Index Cond: (id = 6645813)

table 5 : explain UPDATE sbtest5 SET k=k+1 WHERE id=2389070
	Update on sbtest5  (cost=0.43..8.46 rows=1 width=196)
	  ->  Index Scan using sbtest5_pkey on sbtest5  (cost=0.43..8.46 rows=1 width=196)
	        Index Cond: (id = 2389070)

table 6 : explain UPDATE sbtest6 SET k=k+1 WHERE id=8307850
	Update on sbtest6  (cost=0.43..8.46 rows=1 width=196)
	  ->  Index Scan using sbtest6_pkey on sbtest6  (cost=0.43..8.46 rows=1 width=196)
	        Index Cond: (id = 8307850)

table 7 : explain UPDATE sbtest7 SET k=k+1 WHERE id=3916024
	Update on sbtest7  (cost=0.43..8.46 rows=1 width=196)
	  ->  Index Scan using sbtest7_pkey on sbtest7  (cost=0.43..8.46 rows=1 width=196)
	        Index Cond: (id = 3916024)

table 8 : explain UPDATE sbtest8 SET k=k+1 WHERE id=5459544
	Update on sbtest8  (cost=0.43..8.46 rows=1 width=196)
	  ->  Index Scan using sbtest8_pkey on sbtest8  (cost=0.43..8.46 rows=1 width=196)
	        Index Cond: (id = 5459544)

for point_selects
table 1 : explain SELECT c FROM sbtest1 WHERE id=950707
	Index Scan using sbtest1_pkey on sbtest1  (cost=0.43..8.45 rows=1 width=121)
	  Index Cond: (id = 950707)

table 2 : explain SELECT c FROM sbtest2 WHERE id=4653625
	Index Scan using sbtest2_pkey on sbtest2  (cost=0.43..8.45 rows=1 width=121)
	  Index Cond: (id = 4653625)

table 3 : explain SELECT c FROM sbtest3 WHERE id=2142162
	Index Scan using sbtest3_pkey on sbtest3  (cost=0.43..8.45 rows=1 width=121)
	  Index Cond: (id = 2142162)

table 4 : explain SELECT c FROM sbtest4 WHERE id=1133616
	Index Scan using sbtest4_pkey on sbtest4  (cost=0.43..8.45 rows=1 width=121)
	  Index Cond: (id = 1133616)

table 5 : explain SELECT c FROM sbtest5 WHERE id=5614426
	Index Scan using sbtest5_pkey on sbtest5  (cost=0.43..8.45 rows=1 width=121)
	  Index Cond: (id = 5614426)

table 6 : explain SELECT c FROM sbtest6 WHERE id=8301045
	Index Scan using sbtest6_pkey on sbtest6  (cost=0.43..8.45 rows=1 width=121)
	  Index Cond: (id = 8301045)

table 7 : explain SELECT c FROM sbtest7 WHERE id=9789040
	Index Scan using sbtest7_pkey on sbtest7  (cost=0.43..8.45 rows=1 width=121)
	  Index Cond: (id = 9789040)

table 8 : explain SELECT c FROM sbtest8 WHERE id=3580429
	Index Scan using sbtest8_pkey on sbtest8  (cost=0.43..8.45 rows=1 width=121)
	  Index Cond: (id = 3580429)

for: distinct_ranges
table 1 : explain SELECT DISTINCT c FROM sbtest1 WHERE id BETWEEN 737335 AND 737344 ORDER BY c
	Unique  (cost=39.45..39.50 rows=10 width=121)
	  ->  Sort  (cost=39.45..39.47 rows=10 width=121)
	        Sort Key: c
	        ->  Index Scan using sbtest1_pkey on sbtest1  (cost=0.43..39.28 rows=10 width=121)
	              Index Cond: ((id >= 737335) AND (id <= 737344))

table 2 : explain SELECT DISTINCT c FROM sbtest2 WHERE id BETWEEN 7300083 AND 7300092 ORDER BY c
	Unique  (cost=42.78..42.84 rows=11 width=121)
	  ->  Sort  (cost=42.78..42.81 rows=11 width=121)
	        Sort Key: c
	        ->  Index Scan using sbtest2_pkey on sbtest2  (cost=0.43..42.59 rows=11 width=121)
	              Index Cond: ((id >= 7300083) AND (id <= 7300092))

table 3 : explain SELECT DISTINCT c FROM sbtest3 WHERE id BETWEEN 9994637 AND 9994646 ORDER BY c
	Unique  (cost=42.72..42.78 rows=11 width=121)
	  ->  Sort  (cost=42.72..42.75 rows=11 width=121)
	        Sort Key: c
	        ->  Index Scan using sbtest3_pkey on sbtest3  (cost=0.43..42.53 rows=11 width=121)
	              Index Cond: ((id >= 9994637) AND (id <= 9994646))

table 4 : explain SELECT DISTINCT c FROM sbtest4 WHERE id BETWEEN 7413169 AND 7413178 ORDER BY c
	Unique  (cost=39.00..39.05 rows=10 width=121)
	  ->  Sort  (cost=39.00..39.02 rows=10 width=121)
	        Sort Key: c
	        ->  Index Scan using sbtest4_pkey on sbtest4  (cost=0.43..38.83 rows=10 width=121)
	              Index Cond: ((id >= 7413169) AND (id <= 7413178))

table 5 : explain SELECT DISTINCT c FROM sbtest5 WHERE id BETWEEN 8627284 AND 8627293 ORDER BY c
	Unique  (cost=42.26..42.31 rows=11 width=121)
	  ->  Sort  (cost=42.26..42.29 rows=11 width=121)
	        Sort Key: c
	        ->  Index Scan using sbtest5_pkey on sbtest5  (cost=0.43..42.07 rows=11 width=121)
	              Index Cond: ((id >= 8627284) AND (id <= 8627293))

table 6 : explain SELECT DISTINCT c FROM sbtest6 WHERE id BETWEEN 8596983 AND 8596992 ORDER BY c
	Unique  (cost=38.83..38.88 rows=10 width=121)
	  ->  Sort  (cost=38.83..38.85 rows=10 width=121)
	        Sort Key: c
	        ->  Index Scan using sbtest6_pkey on sbtest6  (cost=0.43..38.66 rows=10 width=121)
	              Index Cond: ((id >= 8596983) AND (id <= 8596992))

table 7 : explain SELECT DISTINCT c FROM sbtest7 WHERE id BETWEEN 4283340 AND 4283349 ORDER BY c
	Unique  (cost=38.99..39.04 rows=10 width=121)
	  ->  Sort  (cost=38.99..39.01 rows=10 width=121)
	        Sort Key: c
	        ->  Index Scan using sbtest7_pkey on sbtest7  (cost=0.43..38.82 rows=10 width=121)
	              Index Cond: ((id >= 4283340) AND (id <= 4283349))

table 8 : explain SELECT DISTINCT c FROM sbtest8 WHERE id BETWEEN 9500349 AND 9500358 ORDER BY c
	Unique  (cost=35.47..35.51 rows=9 width=121)
	  ->  Sort  (cost=35.47..35.49 rows=9 width=121)
	        Sort Key: c
	        ->  Index Scan using sbtest8_pkey on sbtest8  (cost=0.43..35.33 rows=9 width=121)
	              Index Cond: ((id >= 9500349) AND (id <= 9500358))

explain: for point_selects :: explain SELECT c FROM sbtest%u WHERE id=%u
for: simple_ranges
table 1 : explain SELECT c FROM sbtest1 WHERE id BETWEEN 7728352 AND 7728361
	Index Scan using sbtest1_pkey on sbtest1  (cost=0.43..35.86 rows=9 width=121)
	  Index Cond: ((id >= 7728352) AND (id <= 7728361))

table 2 : explain SELECT c FROM sbtest2 WHERE id BETWEEN 6684576 AND 6684585
	Index Scan using sbtest2_pkey on sbtest2  (cost=0.43..35.76 rows=9 width=121)
	  Index Cond: ((id >= 6684576) AND (id <= 6684585))

table 3 : explain SELECT c FROM sbtest3 WHERE id BETWEEN 6916901 AND 6916910
	Index Scan using sbtest3_pkey on sbtest3  (cost=0.43..39.13 rows=10 width=121)
	  Index Cond: ((id >= 6916901) AND (id <= 6916910))

table 4 : explain SELECT c FROM sbtest4 WHERE id BETWEEN 9576976 AND 9576985
	Index Scan using sbtest4_pkey on sbtest4  (cost=0.43..35.46 rows=9 width=121)
	  Index Cond: ((id >= 9576976) AND (id <= 9576985))

table 5 : explain SELECT c FROM sbtest5 WHERE id BETWEEN 4309938 AND 4309947
	Index Scan using sbtest5_pkey on sbtest5  (cost=0.43..38.71 rows=10 width=121)
	  Index Cond: ((id >= 4309938) AND (id <= 4309947))

table 6 : explain SELECT c FROM sbtest6 WHERE id BETWEEN 1635978 AND 1635987
	Index Scan using sbtest6_pkey on sbtest6  (cost=0.43..38.66 rows=10 width=121)
	  Index Cond: ((id >= 1635978) AND (id <= 1635987))

table 7 : explain SELECT c FROM sbtest7 WHERE id BETWEEN 441495 AND 441504
	Index Scan using sbtest7_pkey on sbtest7  (cost=0.43..38.82 rows=10 width=121)
	  Index Cond: ((id >= 441495) AND (id <= 441504))

table 8 : explain SELECT c FROM sbtest8 WHERE id BETWEEN 3891664 AND 3891673
	Index Scan using sbtest8_pkey on sbtest8  (cost=0.43..38.69 rows=10 width=121)
	  Index Cond: ((id >= 3891664) AND (id <= 3891673))

for: order_ranges
table 1 : explain SELECT c FROM sbtest1 WHERE id BETWEEN 9173110 AND 9173119 ORDER BY c
	Sort  (cost=42.90..42.92 rows=11 width=121)
	  Sort Key: c
	  ->  Index Scan using sbtest1_pkey on sbtest1  (cost=0.43..42.71 rows=11 width=121)
	        Index Cond: ((id >= 9173110) AND (id <= 9173119))

table 2 : explain SELECT c FROM sbtest2 WHERE id BETWEEN 147573 AND 147582 ORDER BY c
	Sort  (cost=35.91..35.93 rows=9 width=121)
	  Sort Key: c
	  ->  Index Scan using sbtest2_pkey on sbtest2  (cost=0.43..35.76 rows=9 width=121)
	        Index Cond: ((id >= 147573) AND (id <= 147582))

table 3 : explain SELECT c FROM sbtest3 WHERE id BETWEEN 5248561 AND 5248570 ORDER BY c
	Sort  (cost=35.86..35.88 rows=9 width=121)
	  Sort Key: c
	  ->  Index Scan using sbtest3_pkey on sbtest3  (cost=0.43..35.72 rows=9 width=121)
	        Index Cond: ((id >= 5248561) AND (id <= 5248570))

table 4 : explain SELECT c FROM sbtest4 WHERE id BETWEEN 2249278 AND 2249287 ORDER BY c
	Sort  (cost=42.40..42.42 rows=11 width=121)
	  Sort Key: c
	  ->  Index Scan using sbtest4_pkey on sbtest4  (cost=0.43..42.21 rows=11 width=121)
	        Index Cond: ((id >= 2249278) AND (id <= 2249287))

table 5 : explain SELECT c FROM sbtest5 WHERE id BETWEEN 6988687 AND 6988696 ORDER BY c
	Sort  (cost=35.49..35.51 rows=9 width=121)
	  Sort Key: c
	  ->  Index Scan using sbtest5_pkey on sbtest5  (cost=0.43..35.35 rows=9 width=121)
	        Index Cond: ((id >= 6988687) AND (id <= 6988696))

table 6 : explain SELECT c FROM sbtest6 WHERE id BETWEEN 2695371 AND 2695380 ORDER BY c
	Sort  (cost=35.45..35.47 rows=9 width=121)
	  Sort Key: c
	  ->  Index Scan using sbtest6_pkey on sbtest6  (cost=0.43..35.31 rows=9 width=121)
	        Index Cond: ((id >= 2695371) AND (id <= 2695380))

table 7 : explain SELECT c FROM sbtest7 WHERE id BETWEEN 4602790 AND 4602799 ORDER BY c
	Sort  (cost=38.99..39.01 rows=10 width=121)
	  Sort Key: c
	  ->  Index Scan using sbtest7_pkey on sbtest7  (cost=0.43..38.82 rows=10 width=121)
	        Index Cond: ((id >= 4602790) AND (id <= 4602799))

table 8 : explain SELECT c FROM sbtest8 WHERE id BETWEEN 258216 AND 258225 ORDER BY c
	Sort  (cost=42.24..42.26 rows=11 width=121)
	  Sort Key: c
	  ->  Index Scan using sbtest8_pkey on sbtest8  (cost=0.43..42.04 rows=11 width=121)
	        Index Cond: ((id >= 258216) AND (id <= 258225))

explain: for index_updates :: explain UPDATE sbtest%u SET k=k+1 WHERE id=%u
explain: for non_index_updates :: explain UPDATE sbtest%u SET c='foobar' WHERE id=%u
for: distinct_ranges
table 1 : explain SELECT DISTINCT c FROM sbtest1 WHERE id BETWEEN 6448019 AND 6448028 ORDER BY c
	Unique  (cost=39.45..39.50 rows=10 width=121)
	  ->  Sort  (cost=39.45..39.47 rows=10 width=121)
	        Sort Key: c
	        ->  Index Scan using sbtest1_pkey on sbtest1  (cost=0.43..39.28 rows=10 width=121)
	              Index Cond: ((id >= 6448019) AND (id <= 6448028))

table 2 : explain SELECT DISTINCT c FROM sbtest2 WHERE id BETWEEN 3924302 AND 3924311 ORDER BY c
	Unique  (cost=35.91..35.95 rows=9 width=121)
	  ->  Sort  (cost=35.91..35.93 rows=9 width=121)
	        Sort Key: c
	        ->  Index Scan using sbtest2_pkey on sbtest2  (cost=0.43..35.76 rows=9 width=121)
	              Index Cond: ((id >= 3924302) AND (id <= 3924311))

table 3 : explain SELECT DISTINCT c FROM sbtest3 WHERE id BETWEEN 2676357 AND 2676366 ORDER BY c
	Unique  (cost=39.29..39.34 rows=10 width=121)
	  ->  Sort  (cost=39.29..39.32 rows=10 width=121)
	        Sort Key: c
	        ->  Index Scan using sbtest3_pkey on sbtest3  (cost=0.43..39.13 rows=10 width=121)
	              Index Cond: ((id >= 2676357) AND (id <= 2676366))

table 4 : explain SELECT DISTINCT c FROM sbtest4 WHERE id BETWEEN 3468474 AND 3468483 ORDER BY c
	Unique  (cost=35.60..35.64 rows=9 width=121)
	  ->  Sort  (cost=35.60..35.62 rows=9 width=121)
	        Sort Key: c
	        ->  Index Scan using sbtest4_pkey on sbtest4  (cost=0.43..35.46 rows=9 width=121)
	              Index Cond: ((id >= 3468474) AND (id <= 3468483))

table 5 : explain SELECT DISTINCT c FROM sbtest5 WHERE id BETWEEN 5158680 AND 5158689 ORDER BY c
	Unique  (cost=35.49..35.53 rows=9 width=121)
	  ->  Sort  (cost=35.49..35.51 rows=9 width=121)
	        Sort Key: c
	        ->  Index Scan using sbtest5_pkey on sbtest5  (cost=0.43..35.35 rows=9 width=121)
	              Index Cond: ((id >= 5158680) AND (id <= 5158689))

table 6 : explain SELECT DISTINCT c FROM sbtest6 WHERE id BETWEEN 8776378 AND 8776387 ORDER BY c
	Unique  (cost=38.83..38.88 rows=10 width=121)
	  ->  Sort  (cost=38.83..38.85 rows=10 width=121)
	        Sort Key: c
	        ->  Index Scan using sbtest6_pkey on sbtest6  (cost=0.43..38.66 rows=10 width=121)
	              Index Cond: ((id >= 8776378) AND (id <= 8776387))

table 7 : explain SELECT DISTINCT c FROM sbtest7 WHERE id BETWEEN 292455 AND 292464 ORDER BY c
	Unique  (cost=38.99..39.04 rows=10 width=121)
	  ->  Sort  (cost=38.99..39.01 rows=10 width=121)
	        Sort Key: c
	        ->  Index Scan using sbtest7_pkey on sbtest7  (cost=0.43..38.82 rows=10 width=121)
	              Index Cond: ((id >= 292455) AND (id <= 292464))

table 8 : explain SELECT DISTINCT c FROM sbtest8 WHERE id BETWEEN 9852936 AND 9852945 ORDER BY c
	Unique  (cost=35.47..35.51 rows=9 width=121)
	  ->  Sort  (cost=35.47..35.49 rows=9 width=121)
	        Sort Key: c
	        ->  Index Scan using sbtest8_pkey on sbtest8  (cost=0.43..35.33 rows=9 width=121)
	              Index Cond: ((id >= 9852936) AND (id <= 9852945))

for: distinct_ranges
table 1 : explain SELECT DISTINCT c FROM sbtest1 WHERE id BETWEEN 8050527 AND 8050536 ORDER BY c
	Unique  (cost=42.90..42.95 rows=11 width=121)
	  ->  Sort  (cost=42.90..42.92 rows=11 width=121)
	        Sort Key: c
	        ->  Index Scan using sbtest1_pkey on sbtest1  (cost=0.43..42.71 rows=11 width=121)
	              Index Cond: ((id >= 8050527) AND (id <= 8050536))

table 2 : explain SELECT DISTINCT c FROM sbtest2 WHERE id BETWEEN 1521481 AND 1521490 ORDER BY c
	Unique  (cost=42.78..42.84 rows=11 width=121)
	  ->  Sort  (cost=42.78..42.81 rows=11 width=121)
	        Sort Key: c
	        ->  Index Scan using sbtest2_pkey on sbtest2  (cost=0.43..42.59 rows=11 width=121)
	              Index Cond: ((id >= 1521481) AND (id <= 1521490))

table 3 : explain SELECT DISTINCT c FROM sbtest3 WHERE id BETWEEN 7306539 AND 7306548 ORDER BY c
	Unique  (cost=39.29..39.34 rows=10 width=121)
	  ->  Sort  (cost=39.29..39.32 rows=10 width=121)
	        Sort Key: c
	        ->  Index Scan using sbtest3_pkey on sbtest3  (cost=0.43..39.13 rows=10 width=121)
	              Index Cond: ((id >= 7306539) AND (id <= 7306548))

table 4 : explain SELECT DISTINCT c FROM sbtest4 WHERE id BETWEEN 4689114 AND 4689123 ORDER BY c
	Unique  (cost=39.00..39.05 rows=10 width=121)
	  ->  Sort  (cost=39.00..39.02 rows=10 width=121)
	        Sort Key: c
	        ->  Index Scan using sbtest4_pkey on sbtest4  (cost=0.43..38.83 rows=10 width=121)
	              Index Cond: ((id >= 4689114) AND (id <= 4689123))

table 5 : explain SELECT DISTINCT c FROM sbtest5 WHERE id BETWEEN 9555587 AND 9555596 ORDER BY c
	Unique  (cost=35.49..35.53 rows=9 width=121)
	  ->  Sort  (cost=35.49..35.51 rows=9 width=121)
	        Sort Key: c
	        ->  Index Scan using sbtest5_pkey on sbtest5  (cost=0.43..35.35 rows=9 width=121)
	              Index Cond: ((id >= 9555587) AND (id <= 9555596))

table 6 : explain SELECT DISTINCT c FROM sbtest6 WHERE id BETWEEN 6187209 AND 6187218 ORDER BY c
	Unique  (cost=38.83..38.88 rows=10 width=121)
	  ->  Sort  (cost=38.83..38.85 rows=10 width=121)
	        Sort Key: c
	        ->  Index Scan using sbtest6_pkey on sbtest6  (cost=0.43..38.66 rows=10 width=121)
	              Index Cond: ((id >= 6187209) AND (id <= 6187218))

table 7 : explain SELECT DISTINCT c FROM sbtest7 WHERE id BETWEEN 1720686 AND 1720695 ORDER BY c
	Unique  (cost=38.99..39.04 rows=10 width=121)
	  ->  Sort  (cost=38.99..39.01 rows=10 width=121)
	        Sort Key: c
	        ->  Index Scan using sbtest7_pkey on sbtest7  (cost=0.43..38.82 rows=10 width=121)
	              Index Cond: ((id >= 1720686) AND (id <= 1720695))

table 8 : explain SELECT DISTINCT c FROM sbtest8 WHERE id BETWEEN 5363339 AND 5363348 ORDER BY c
	Unique  (cost=38.85..38.90 rows=10 width=121)
	  ->  Sort  (cost=38.85..38.88 rows=10 width=121)
	        Sort Key: c
	        ->  Index Scan using sbtest8_pkey on sbtest8  (cost=0.43..38.69 rows=10 width=121)
	              Index Cond: ((id >= 5363339) AND (id <= 5363348))

for: distinct_ranges
table 1 : explain SELECT DISTINCT c FROM sbtest1 WHERE id BETWEEN 3428840 AND 3428849 ORDER BY c
	Unique  (cost=36.00..36.04 rows=9 width=121)
	  ->  Sort  (cost=36.00..36.02 rows=9 width=121)
	        Sort Key: c
	        ->  Index Scan using sbtest1_pkey on sbtest1  (cost=0.43..35.86 rows=9 width=121)
	              Index Cond: ((id >= 3428840) AND (id <= 3428849))

table 2 : explain SELECT DISTINCT c FROM sbtest2 WHERE id BETWEEN 1639514 AND 1639523 ORDER BY c
	Unique  (cost=35.91..35.95 rows=9 width=121)
	  ->  Sort  (cost=35.91..35.93 rows=9 width=121)
	        Sort Key: c
	        ->  Index Scan using sbtest2_pkey on sbtest2  (cost=0.43..35.76 rows=9 width=121)
	              Index Cond: ((id >= 1639514) AND (id <= 1639523))

table 3 : explain SELECT DISTINCT c FROM sbtest3 WHERE id BETWEEN 9022106 AND 9022115 ORDER BY c
	Unique  (cost=42.72..42.78 rows=11 width=121)
	  ->  Sort  (cost=42.72..42.75 rows=11 width=121)
	        Sort Key: c
	        ->  Index Scan using sbtest3_pkey on sbtest3  (cost=0.43..42.53 rows=11 width=121)
	              Index Cond: ((id >= 9022106) AND (id <= 9022115))

table 4 : explain SELECT DISTINCT c FROM sbtest4 WHERE id BETWEEN 1064350 AND 1064359 ORDER BY c
	Unique  (cost=39.00..39.05 rows=10 width=121)
	  ->  Sort  (cost=39.00..39.02 rows=10 width=121)
	        Sort Key: c
	        ->  Index Scan using sbtest4_pkey on sbtest4  (cost=0.43..38.83 rows=10 width=121)
	              Index Cond: ((id >= 1064350) AND (id <= 1064359))

table 5 : explain SELECT DISTINCT c FROM sbtest5 WHERE id BETWEEN 1876888 AND 1876897 ORDER BY c
	Unique  (cost=38.87..38.92 rows=10 width=121)
	  ->  Sort  (cost=38.87..38.90 rows=10 width=121)
	        Sort Key: c
	        ->  Index Scan using sbtest5_pkey on sbtest5  (cost=0.43..38.71 rows=10 width=121)
	              Index Cond: ((id >= 1876888) AND (id <= 1876897))

table 6 : explain SELECT DISTINCT c FROM sbtest6 WHERE id BETWEEN 9637616 AND 9637625 ORDER BY c
	Unique  (cost=38.83..38.88 rows=10 width=121)
	  ->  Sort  (cost=38.83..38.85 rows=10 width=121)
	        Sort Key: c
	        ->  Index Scan using sbtest6_pkey on sbtest6  (cost=0.43..38.66 rows=10 width=121)
	              Index Cond: ((id >= 9637616) AND (id <= 9637625))

table 7 : explain SELECT DISTINCT c FROM sbtest7 WHERE id BETWEEN 5023005 AND 5023014 ORDER BY c
	Unique  (cost=38.99..39.04 rows=10 width=121)
	  ->  Sort  (cost=38.99..39.01 rows=10 width=121)
	        Sort Key: c
	        ->  Index Scan using sbtest7_pkey on sbtest7  (cost=0.43..38.82 rows=10 width=121)
	              Index Cond: ((id >= 5023005) AND (id <= 5023014))

table 8 : explain SELECT DISTINCT c FROM sbtest8 WHERE id BETWEEN 6919258 AND 6919267 ORDER BY c
	Unique  (cost=38.85..38.90 rows=10 width=121)
	  ->  Sort  (cost=38.85..38.88 rows=10 width=121)
	        Sort Key: c
	        ->  Index Scan using sbtest8_pkey on sbtest8  (cost=0.43..38.69 rows=10 width=121)
	              Index Cond: ((id >= 6919258) AND (id <= 6919267))

explain: for index_updates :: explain UPDATE sbtest%u SET k=k+1 WHERE id=%u
for: distinct_ranges
table 1 : explain SELECT DISTINCT c FROM sbtest1 WHERE id BETWEEN 3375949 AND 3375958 ORDER BY c
	Unique  (cost=36.00..36.04 rows=9 width=121)
	  ->  Sort  (cost=36.00..36.02 rows=9 width=121)
	        Sort Key: c
	        ->  Index Scan using sbtest1_pkey on sbtest1  (cost=0.43..35.86 rows=9 width=121)
	              Index Cond: ((id >= 3375949) AND (id <= 3375958))

table 2 : explain SELECT DISTINCT c FROM sbtest2 WHERE id BETWEEN 2479799 AND 2479808 ORDER BY c
	Unique  (cost=39.34..39.39 rows=10 width=121)
	  ->  Sort  (cost=39.34..39.37 rows=10 width=121)
	        Sort Key: c
	        ->  Index Scan using sbtest2_pkey on sbtest2  (cost=0.43..39.18 rows=10 width=121)
	              Index Cond: ((id >= 2479799) AND (id <= 2479808))

table 3 : explain SELECT DISTINCT c FROM sbtest3 WHERE id BETWEEN 2444910 AND 2444919 ORDER BY c
	Unique  (cost=39.29..39.34 rows=10 width=121)
	  ->  Sort  (cost=39.29..39.32 rows=10 width=121)
	        Sort Key: c
	        ->  Index Scan using sbtest3_pkey on sbtest3  (cost=0.43..39.13 rows=10 width=121)
	              Index Cond: ((id >= 2444910) AND (id <= 2444919))

table 4 : explain SELECT DISTINCT c FROM sbtest4 WHERE id BETWEEN 6355526 AND 6355535 ORDER BY c
	Unique  (cost=39.00..39.05 rows=10 width=121)
	  ->  Sort  (cost=39.00..39.02 rows=10 width=121)
	        Sort Key: c
	        ->  Index Scan using sbtest4_pkey on sbtest4  (cost=0.43..38.83 rows=10 width=121)
	              Index Cond: ((id >= 6355526) AND (id <= 6355535))

table 5 : explain SELECT DISTINCT c FROM sbtest5 WHERE id BETWEEN 9692664 AND 9692673 ORDER BY c
	Unique  (cost=38.87..38.92 rows=10 width=121)
	  ->  Sort  (cost=38.87..38.90 rows=10 width=121)
	        Sort Key: c
	        ->  Index Scan using sbtest5_pkey on sbtest5  (cost=0.43..38.71 rows=10 width=121)
	              Index Cond: ((id >= 9692664) AND (id <= 9692673))

table 6 : explain SELECT DISTINCT c FROM sbtest6 WHERE id BETWEEN 6578177 AND 6578186 ORDER BY c
	Unique  (cost=42.21..42.26 rows=11 width=121)
	  ->  Sort  (cost=42.21..42.24 rows=11 width=121)
	        Sort Key: c
	        ->  Index Scan using sbtest6_pkey on sbtest6  (cost=0.43..42.02 rows=11 width=121)
	              Index Cond: ((id >= 6578177) AND (id <= 6578186))

table 7 : explain SELECT DISTINCT c FROM sbtest7 WHERE id BETWEEN 6292304 AND 6292313 ORDER BY c
	Unique  (cost=38.99..39.04 rows=10 width=121)
	  ->  Sort  (cost=38.99..39.01 rows=10 width=121)
	        Sort Key: c
	        ->  Index Scan using sbtest7_pkey on sbtest7  (cost=0.43..38.82 rows=10 width=121)
	              Index Cond: ((id >= 6292304) AND (id <= 6292313))

table 8 : explain SELECT DISTINCT c FROM sbtest8 WHERE id BETWEEN 4017325 AND 4017334 ORDER BY c
	Unique  (cost=38.85..38.90 rows=10 width=121)
	  ->  Sort  (cost=38.85..38.88 rows=10 width=121)
	        Sort Key: c
	        ->  Index Scan using sbtest8_pkey on sbtest8  (cost=0.43..38.69 rows=10 width=121)
	              Index Cond: ((id >= 4017325) AND (id <= 4017334))

for: simple_ranges
table 1 : explain SELECT c FROM sbtest1 WHERE id BETWEEN 4656484 AND 4656493
	Index Scan using sbtest1_pkey on sbtest1  (cost=0.43..39.28 rows=10 width=121)
	  Index Cond: ((id >= 4656484) AND (id <= 4656493))

table 2 : explain SELECT c FROM sbtest2 WHERE id BETWEEN 8108318 AND 8108327
	Index Scan using sbtest2_pkey on sbtest2  (cost=0.43..39.18 rows=10 width=121)
	  Index Cond: ((id >= 8108318) AND (id <= 8108327))

table 3 : explain SELECT c FROM sbtest3 WHERE id BETWEEN 520017 AND 520026
	Index Scan using sbtest3_pkey on sbtest3  (cost=0.43..35.72 rows=9 width=121)
	  Index Cond: ((id >= 520017) AND (id <= 520026))

table 4 : explain SELECT c FROM sbtest4 WHERE id BETWEEN 413107 AND 413116
	Index Scan using sbtest4_pkey on sbtest4  (cost=0.43..38.83 rows=10 width=121)
	  Index Cond: ((id >= 413107) AND (id <= 413116))

table 5 : explain SELECT c FROM sbtest5 WHERE id BETWEEN 3825048 AND 3825057
	Index Scan using sbtest5_pkey on sbtest5  (cost=0.43..42.07 rows=11 width=121)
	  Index Cond: ((id >= 3825048) AND (id <= 3825057))

table 6 : explain SELECT c FROM sbtest6 WHERE id BETWEEN 899484 AND 899493
	Index Scan using sbtest6_pkey on sbtest6  (cost=0.43..38.66 rows=10 width=121)
	  Index Cond: ((id >= 899484) AND (id <= 899493))

table 7 : explain SELECT c FROM sbtest7 WHERE id BETWEEN 7235303 AND 7235312
	Index Scan using sbtest7_pkey on sbtest7  (cost=0.43..38.82 rows=10 width=121)
	  Index Cond: ((id >= 7235303) AND (id <= 7235312))

table 8 : explain SELECT c FROM sbtest8 WHERE id BETWEEN 164173 AND 164182
	Index Scan using sbtest8_pkey on sbtest8  (cost=0.43..42.04 rows=11 width=121)
	  Index Cond: ((id >= 164173) AND (id <= 164182))

for: distinct_ranges
table 1 : explain SELECT DISTINCT c FROM sbtest1 WHERE id BETWEEN 4230327 AND 4230336 ORDER BY c
	Unique  (cost=39.45..39.50 rows=10 width=121)
	  ->  Sort  (cost=39.45..39.47 rows=10 width=121)
	        Sort Key: c
	        ->  Index Scan using sbtest1_pkey on sbtest1  (cost=0.43..39.28 rows=10 width=121)
	              Index Cond: ((id >= 4230327) AND (id <= 4230336))

table 2 : explain SELECT DISTINCT c FROM sbtest2 WHERE id BETWEEN 9525669 AND 9525678 ORDER BY c
	Unique  (cost=42.78..42.84 rows=11 width=121)
	  ->  Sort  (cost=42.78..42.81 rows=11 width=121)
	        Sort Key: c
	        ->  Index Scan using sbtest2_pkey on sbtest2  (cost=0.43..42.59 rows=11 width=121)
	              Index Cond: ((id >= 9525669) AND (id <= 9525678))

table 3 : explain SELECT DISTINCT c FROM sbtest3 WHERE id BETWEEN 9583899 AND 9583908 ORDER BY c
	Unique  (cost=35.86..35.91 rows=9 width=121)
	  ->  Sort  (cost=35.86..35.88 rows=9 width=121)
	        Sort Key: c
	        ->  Index Scan using sbtest3_pkey on sbtest3  (cost=0.43..35.72 rows=9 width=121)
	              Index Cond: ((id >= 9583899) AND (id <= 9583908))

table 4 : explain SELECT DISTINCT c FROM sbtest4 WHERE id BETWEEN 7842789 AND 7842798 ORDER BY c
	Unique  (cost=39.00..39.05 rows=10 width=121)
	  ->  Sort  (cost=39.00..39.02 rows=10 width=121)
	        Sort Key: c
	        ->  Index Scan using sbtest4_pkey on sbtest4  (cost=0.43..38.83 rows=10 width=121)
	              Index Cond: ((id >= 7842789) AND (id <= 7842798))

table 5 : explain SELECT DISTINCT c FROM sbtest5 WHERE id BETWEEN 9369251 AND 9369260 ORDER BY c
	Unique  (cost=38.87..38.92 rows=10 width=121)
	  ->  Sort  (cost=38.87..38.90 rows=10 width=121)
	        Sort Key: c
	        ->  Index Scan using sbtest5_pkey on sbtest5  (cost=0.43..38.71 rows=10 width=121)
	              Index Cond: ((id >= 9369251) AND (id <= 9369260))

table 6 : explain SELECT DISTINCT c FROM sbtest6 WHERE id BETWEEN 7384116 AND 7384125 ORDER BY c
	Unique  (cost=35.45..35.49 rows=9 width=121)
	  ->  Sort  (cost=35.45..35.47 rows=9 width=121)
	        Sort Key: c
	        ->  Index Scan using sbtest6_pkey on sbtest6  (cost=0.43..35.31 rows=9 width=121)
	              Index Cond: ((id >= 7384116) AND (id <= 7384125))

table 7 : explain SELECT DISTINCT c FROM sbtest7 WHERE id BETWEEN 7909550 AND 7909559 ORDER BY c
	Unique  (cost=38.99..39.04 rows=10 width=121)
	  ->  Sort  (cost=38.99..39.01 rows=10 width=121)
	        Sort Key: c
	        ->  Index Scan using sbtest7_pkey on sbtest7  (cost=0.43..38.82 rows=10 width=121)
	              Index Cond: ((id >= 7909550) AND (id <= 7909559))

table 8 : explain SELECT DISTINCT c FROM sbtest8 WHERE id BETWEEN 4234348 AND 4234357 ORDER BY c
	Unique  (cost=38.85..38.90 rows=10 width=121)
	  ->  Sort  (cost=38.85..38.88 rows=10 width=121)
	        Sort Key: c
	        ->  Index Scan using sbtest8_pkey on sbtest8  (cost=0.43..38.69 rows=10 width=121)
	              Index Cond: ((id >= 4234348) AND (id <= 4234357))

explain: for index_updates :: explain UPDATE sbtest%u SET k=k+1 WHERE id=%u
for: distinct_ranges
table 1 : explain SELECT DISTINCT c FROM sbtest1 WHERE id BETWEEN 507065 AND 507074 ORDER BY c
	Unique  (cost=39.45..39.50 rows=10 width=121)
	  ->  Sort  (cost=39.45..39.47 rows=10 width=121)
	        Sort Key: c
	        ->  Index Scan using sbtest1_pkey on sbtest1  (cost=0.43..39.28 rows=10 width=121)
	              Index Cond: ((id >= 507065) AND (id <= 507074))

table 2 : explain SELECT DISTINCT c FROM sbtest2 WHERE id BETWEEN 2020664 AND 2020673 ORDER BY c
	Unique  (cost=39.34..39.39 rows=10 width=121)
	  ->  Sort  (cost=39.34..39.37 rows=10 width=121)
	        Sort Key: c
	        ->  Index Scan using sbtest2_pkey on sbtest2  (cost=0.43..39.18 rows=10 width=121)
	              Index Cond: ((id >= 2020664) AND (id <= 2020673))

table 3 : explain SELECT DISTINCT c FROM sbtest3 WHERE id BETWEEN 2924402 AND 2924411 ORDER BY c
	Unique  (cost=39.29..39.34 rows=10 width=121)
	  ->  Sort  (cost=39.29..39.32 rows=10 width=121)
	        Sort Key: c
	        ->  Index Scan using sbtest3_pkey on sbtest3  (cost=0.43..39.13 rows=10 width=121)
	              Index Cond: ((id >= 2924402) AND (id <= 2924411))

table 4 : explain SELECT DISTINCT c FROM sbtest4 WHERE id BETWEEN 8324553 AND 8324562 ORDER BY c
	Unique  (cost=35.60..35.64 rows=9 width=121)
	  ->  Sort  (cost=35.60..35.62 rows=9 width=121)
	        Sort Key: c
	        ->  Index Scan using sbtest4_pkey on sbtest4  (cost=0.43..35.46 rows=9 width=121)
	              Index Cond: ((id >= 8324553) AND (id <= 8324562))

table 5 : explain SELECT DISTINCT c FROM sbtest5 WHERE id BETWEEN 4812131 AND 4812140 ORDER BY c
	Unique  (cost=38.87..38.92 rows=10 width=121)
	  ->  Sort  (cost=38.87..38.90 rows=10 width=121)
	        Sort Key: c
	        ->  Index Scan using sbtest5_pkey on sbtest5  (cost=0.43..38.71 rows=10 width=121)
	              Index Cond: ((id >= 4812131) AND (id <= 4812140))

table 6 : explain SELECT DISTINCT c FROM sbtest6 WHERE id BETWEEN 9320458 AND 9320467 ORDER BY c
	Unique  (cost=38.83..38.88 rows=10 width=121)
	  ->  Sort  (cost=38.83..38.85 rows=10 width=121)
	        Sort Key: c
	        ->  Index Scan using sbtest6_pkey on sbtest6  (cost=0.43..38.66 rows=10 width=121)
	              Index Cond: ((id >= 9320458) AND (id <= 9320467))

table 7 : explain SELECT DISTINCT c FROM sbtest7 WHERE id BETWEEN 9737426 AND 9737435 ORDER BY c
	Unique  (cost=38.99..39.04 rows=10 width=121)
	  ->  Sort  (cost=38.99..39.01 rows=10 width=121)
	        Sort Key: c
	        ->  Index Scan using sbtest7_pkey on sbtest7  (cost=0.43..38.82 rows=10 width=121)
	              Index Cond: ((id >= 9737426) AND (id <= 9737435))

table 8 : explain SELECT DISTINCT c FROM sbtest8 WHERE id BETWEEN 5316392 AND 5316401 ORDER BY c
	Unique  (cost=35.47..35.51 rows=9 width=121)
	  ->  Sort  (cost=35.47..35.49 rows=9 width=121)
	        Sort Key: c
	        ->  Index Scan using sbtest8_pkey on sbtest8  (cost=0.43..35.33 rows=9 width=121)
	              Index Cond: ((id >= 5316392) AND (id <= 5316401))

for non_index_updates
table 1 : explain UPDATE sbtest1 SET c='foobar' WHERE id=4249465
	Update on sbtest1  (cost=0.43..8.45 rows=1 width=559)
	  ->  Index Scan using sbtest1_pkey on sbtest1  (cost=0.43..8.45 rows=1 width=559)
	        Index Cond: (id = 4249465)

table 2 : explain UPDATE sbtest2 SET c='foobar' WHERE id=1927692
	Update on sbtest2  (cost=0.43..8.45 rows=1 width=559)
	  ->  Index Scan using sbtest2_pkey on sbtest2  (cost=0.43..8.45 rows=1 width=559)
	        Index Cond: (id = 1927692)

table 3 : explain UPDATE sbtest3 SET c='foobar' WHERE id=9809615
	Update on sbtest3  (cost=0.43..8.45 rows=1 width=559)
	  ->  Index Scan using sbtest3_pkey on sbtest3  (cost=0.43..8.45 rows=1 width=559)
	        Index Cond: (id = 9809615)

table 4 : explain UPDATE sbtest4 SET c='foobar' WHERE id=1931237
	Update on sbtest4  (cost=0.43..8.45 rows=1 width=559)
	  ->  Index Scan using sbtest4_pkey on sbtest4  (cost=0.43..8.45 rows=1 width=559)
	        Index Cond: (id = 1931237)

table 5 : explain UPDATE sbtest5 SET c='foobar' WHERE id=7467917
	Update on sbtest5  (cost=0.43..8.45 rows=1 width=559)
	  ->  Index Scan using sbtest5_pkey on sbtest5  (cost=0.43..8.45 rows=1 width=559)
	        Index Cond: (id = 7467917)

table 6 : explain UPDATE sbtest6 SET c='foobar' WHERE id=6829480
	Update on sbtest6  (cost=0.43..8.45 rows=1 width=559)
	  ->  Index Scan using sbtest6_pkey on sbtest6  (cost=0.43..8.45 rows=1 width=559)
	        Index Cond: (id = 6829480)

table 7 : explain UPDATE sbtest7 SET c='foobar' WHERE id=2801446
	Update on sbtest7  (cost=0.43..8.45 rows=1 width=559)
	  ->  Index Scan using sbtest7_pkey on sbtest7  (cost=0.43..8.45 rows=1 width=559)
	        Index Cond: (id = 2801446)

table 8 : explain UPDATE sbtest8 SET c='foobar' WHERE id=8051113
	Update on sbtest8  (cost=0.43..8.45 rows=1 width=559)
	  ->  Index Scan using sbtest8_pkey on sbtest8  (cost=0.43..8.45 rows=1 width=559)
	        Index Cond: (id = 8051113)

explain: for index_updates :: explain UPDATE sbtest%u SET k=k+1 WHERE id=%u
for: sum_ranges
table 1 : explain SELECT SUM(k) FROM sbtest1 WHERE id BETWEEN 7845491 AND 7845500
	Aggregate  (cost=39.31..39.32 rows=1 width=8)
	  ->  Index Scan using sbtest1_pkey on sbtest1  (cost=0.43..39.28 rows=10 width=4)
	        Index Cond: ((id >= 7845491) AND (id <= 7845500))

table 2 : explain SELECT SUM(k) FROM sbtest2 WHERE id BETWEEN 5926186 AND 5926195
	Aggregate  (cost=39.20..39.21 rows=1 width=8)
	  ->  Index Scan using sbtest2_pkey on sbtest2  (cost=0.43..39.18 rows=10 width=4)
	        Index Cond: ((id >= 5926186) AND (id <= 5926195))

table 3 : explain SELECT SUM(k) FROM sbtest3 WHERE id BETWEEN 2983800 AND 2983809
	Aggregate  (cost=39.15..39.16 rows=1 width=8)
	  ->  Index Scan using sbtest3_pkey on sbtest3  (cost=0.43..39.13 rows=10 width=4)
	        Index Cond: ((id >= 2983800) AND (id <= 2983809))

table 4 : explain SELECT SUM(k) FROM sbtest4 WHERE id BETWEEN 4445489 AND 4445498
	Aggregate  (cost=38.86..38.87 rows=1 width=8)
	  ->  Index Scan using sbtest4_pkey on sbtest4  (cost=0.43..38.83 rows=10 width=4)
	        Index Cond: ((id >= 4445489) AND (id <= 4445498))

table 5 : explain SELECT SUM(k) FROM sbtest5 WHERE id BETWEEN 8137856 AND 8137865
	Aggregate  (cost=35.37..35.38 rows=1 width=8)
	  ->  Index Scan using sbtest5_pkey on sbtest5  (cost=0.43..35.35 rows=9 width=4)
	        Index Cond: ((id >= 8137856) AND (id <= 8137865))

table 6 : explain SELECT SUM(k) FROM sbtest6 WHERE id BETWEEN 3894217 AND 3894226
	Aggregate  (cost=38.69..38.70 rows=1 width=8)
	  ->  Index Scan using sbtest6_pkey on sbtest6  (cost=0.43..38.66 rows=10 width=4)
	        Index Cond: ((id >= 3894217) AND (id <= 3894226))

table 7 : explain SELECT SUM(k) FROM sbtest7 WHERE id BETWEEN 7062574 AND 7062583
	Aggregate  (cost=42.22..42.23 rows=1 width=8)
	  ->  Index Scan using sbtest7_pkey on sbtest7  (cost=0.43..42.19 rows=11 width=4)
	        Index Cond: ((id >= 7062574) AND (id <= 7062583))

table 8 : explain SELECT SUM(k) FROM sbtest8 WHERE id BETWEEN 1573714 AND 1573723
	Aggregate  (cost=35.35..35.36 rows=1 width=8)
	  ->  Index Scan using sbtest8_pkey on sbtest8  (cost=0.43..35.33 rows=9 width=4)
	        Index Cond: ((id >= 1573714) AND (id <= 1573723))

explain: for index_updates :: explain UPDATE sbtest%u SET k=k+1 WHERE id=%u
for point_selects
table 1 : explain SELECT c FROM sbtest1 WHERE id=8130640
	Index Scan using sbtest1_pkey on sbtest1  (cost=0.43..8.45 rows=1 width=121)
	  Index Cond: (id = 8130640)

table 2 : explain SELECT c FROM sbtest2 WHERE id=2671617
	Index Scan using sbtest2_pkey on sbtest2  (cost=0.43..8.45 rows=1 width=121)
	  Index Cond: (id = 2671617)

table 3 : explain SELECT c FROM sbtest3 WHERE id=6972581
	Index Scan using sbtest3_pkey on sbtest3  (cost=0.43..8.45 rows=1 width=121)
	  Index Cond: (id = 6972581)

table 4 : explain SELECT c FROM sbtest4 WHERE id=6008019
	Index Scan using sbtest4_pkey on sbtest4  (cost=0.43..8.45 rows=1 width=121)
	  Index Cond: (id = 6008019)

table 5 : explain SELECT c FROM sbtest5 WHERE id=1089948
	Index Scan using sbtest5_pkey on sbtest5  (cost=0.43..8.45 rows=1 width=121)
	  Index Cond: (id = 1089948)

table 6 : explain SELECT c FROM sbtest6 WHERE id=8886233
	Index Scan using sbtest6_pkey on sbtest6  (cost=0.43..8.45 rows=1 width=121)
	  Index Cond: (id = 8886233)

table 7 : explain SELECT c FROM sbtest7 WHERE id=490353
	Index Scan using sbtest7_pkey on sbtest7  (cost=0.43..8.45 rows=1 width=121)
	  Index Cond: (id = 490353)

table 8 : explain SELECT c FROM sbtest8 WHERE id=7470763
	Index Scan using sbtest8_pkey on sbtest8  (cost=0.43..8.45 rows=1 width=121)
	  Index Cond: (id = 7470763)

for index_updates
table 1 : explain UPDATE sbtest1 SET k=k+1 WHERE id=2111010
	Update on sbtest1  (cost=0.43..8.46 rows=1 width=196)
	  ->  Index Scan using sbtest1_pkey on sbtest1  (cost=0.43..8.46 rows=1 width=196)
	        Index Cond: (id = 2111010)

table 2 : explain UPDATE sbtest2 SET k=k+1 WHERE id=2563648
	Update on sbtest2  (cost=0.43..8.46 rows=1 width=196)
	  ->  Index Scan using sbtest2_pkey on sbtest2  (cost=0.43..8.46 rows=1 width=196)
	        Index Cond: (id = 2563648)

table 3 : explain UPDATE sbtest3 SET k=k+1 WHERE id=1927562
	Update on sbtest3  (cost=0.43..8.46 rows=1 width=196)
	  ->  Index Scan using sbtest3_pkey on sbtest3  (cost=0.43..8.46 rows=1 width=196)
	        Index Cond: (id = 1927562)

table 4 : explain UPDATE sbtest4 SET k=k+1 WHERE id=8861441
	Update on sbtest4  (cost=0.43..8.46 rows=1 width=196)
	  ->  Index Scan using sbtest4_pkey on sbtest4  (cost=0.43..8.46 rows=1 width=196)
	        Index Cond: (id = 8861441)

table 5 : explain UPDATE sbtest5 SET k=k+1 WHERE id=2419494
	Update on sbtest5  (cost=0.43..8.46 rows=1 width=196)
	  ->  Index Scan using sbtest5_pkey on sbtest5  (cost=0.43..8.46 rows=1 width=196)
	        Index Cond: (id = 2419494)

table 6 : explain UPDATE sbtest6 SET k=k+1 WHERE id=4644401
	Update on sbtest6  (cost=0.43..8.46 rows=1 width=196)
	  ->  Index Scan using sbtest6_pkey on sbtest6  (cost=0.43..8.46 rows=1 width=196)
	        Index Cond: (id = 4644401)

table 7 : explain UPDATE sbtest7 SET k=k+1 WHERE id=7481291
	Update on sbtest7  (cost=0.43..8.46 rows=1 width=196)
	  ->  Index Scan using sbtest7_pkey on sbtest7  (cost=0.43..8.46 rows=1 width=196)
	        Index Cond: (id = 7481291)

table 8 : explain UPDATE sbtest8 SET k=k+1 WHERE id=8922737
	Update on sbtest8  (cost=0.43..8.46 rows=1 width=196)
	  ->  Index Scan using sbtest8_pkey on sbtest8  (cost=0.43..8.46 rows=1 width=196)
	        Index Cond: (id = 8922737)

for point_selects
table 1 : explain SELECT c FROM sbtest1 WHERE id=1810476
	Index Scan using sbtest1_pkey on sbtest1  (cost=0.43..8.45 rows=1 width=121)
	  Index Cond: (id = 1810476)

table 2 : explain SELECT c FROM sbtest2 WHERE id=2211982
	Index Scan using sbtest2_pkey on sbtest2  (cost=0.43..8.45 rows=1 width=121)
	  Index Cond: (id = 2211982)

table 3 : explain SELECT c FROM sbtest3 WHERE id=8872634
	Index Scan using sbtest3_pkey on sbtest3  (cost=0.43..8.45 rows=1 width=121)
	  Index Cond: (id = 8872634)

table 4 : explain SELECT c FROM sbtest4 WHERE id=6725762
	Index Scan using sbtest4_pkey on sbtest4  (cost=0.43..8.45 rows=1 width=121)
	  Index Cond: (id = 6725762)

table 5 : explain SELECT c FROM sbtest5 WHERE id=1466955
	Index Scan using sbtest5_pkey on sbtest5  (cost=0.43..8.45 rows=1 width=121)
	  Index Cond: (id = 1466955)

table 6 : explain SELECT c FROM sbtest6 WHERE id=8323648
	Index Scan using sbtest6_pkey on sbtest6  (cost=0.43..8.45 rows=1 width=121)
	  Index Cond: (id = 8323648)

table 7 : explain SELECT c FROM sbtest7 WHERE id=30486
	Index Scan using sbtest7_pkey on sbtest7  (cost=0.43..8.45 rows=1 width=121)
	  Index Cond: (id = 30486)

table 8 : explain SELECT c FROM sbtest8 WHERE id=2690180
	Index Scan using sbtest8_pkey on sbtest8  (cost=0.43..8.45 rows=1 width=121)
	  Index Cond: (id = 2690180)

explain: for index_updates :: explain UPDATE sbtest%u SET k=k+1 WHERE id=%u
explain: for deletes :: explain DELETE FROM sbtest%u WHERE id=%u
explain: for index_updates :: explain UPDATE sbtest%u SET k=k+1 WHERE id=%u
for index_updates
table 1 : explain UPDATE sbtest1 SET k=k+1 WHERE id=4249914
	Update on sbtest1  (cost=0.43..8.46 rows=1 width=196)
	  ->  Index Scan using sbtest1_pkey on sbtest1  (cost=0.43..8.46 rows=1 width=196)
	        Index Cond: (id = 4249914)

table 2 : explain UPDATE sbtest2 SET k=k+1 WHERE id=6831185
	Update on sbtest2  (cost=0.43..8.46 rows=1 width=196)
	  ->  Index Scan using sbtest2_pkey on sbtest2  (cost=0.43..8.46 rows=1 width=196)
	        Index Cond: (id = 6831185)

table 3 : explain UPDATE sbtest3 SET k=k+1 WHERE id=7802282
	Update on sbtest3  (cost=0.43..8.46 rows=1 width=196)
	  ->  Index Scan using sbtest3_pkey on sbtest3  (cost=0.43..8.46 rows=1 width=196)
	        Index Cond: (id = 7802282)

table 4 : explain UPDATE sbtest4 SET k=k+1 WHERE id=3767079
	Update on sbtest4  (cost=0.43..8.46 rows=1 width=196)
	  ->  Index Scan using sbtest4_pkey on sbtest4  (cost=0.43..8.46 rows=1 width=196)
	        Index Cond: (id = 3767079)

table 5 : explain UPDATE sbtest5 SET k=k+1 WHERE id=1428846
	Update on sbtest5  (cost=0.43..8.46 rows=1 width=196)
	  ->  Index Scan using sbtest5_pkey on sbtest5  (cost=0.43..8.46 rows=1 width=196)
	        Index Cond: (id = 1428846)

table 6 : explain UPDATE sbtest6 SET k=k+1 WHERE id=9667948
	Update on sbtest6  (cost=0.43..8.46 rows=1 width=196)
	  ->  Index Scan using sbtest6_pkey on sbtest6  (cost=0.43..8.46 rows=1 width=196)
	        Index Cond: (id = 9667948)

table 7 : explain UPDATE sbtest7 SET k=k+1 WHERE id=4642733
	Update on sbtest7  (cost=0.43..8.46 rows=1 width=196)
	  ->  Index Scan using sbtest7_pkey on sbtest7  (cost=0.43..8.46 rows=1 width=196)
	        Index Cond: (id = 4642733)

table 8 : explain UPDATE sbtest8 SET k=k+1 WHERE id=9238285
	Update on sbtest8  (cost=0.43..8.46 rows=1 width=196)
	  ->  Index Scan using sbtest8_pkey on sbtest8  (cost=0.43..8.46 rows=1 width=196)
	        Index Cond: (id = 9238285)

for point_selects
table 1 : explain SELECT c FROM sbtest1 WHERE id=5093600
	Index Scan using sbtest1_pkey on sbtest1  (cost=0.43..8.45 rows=1 width=121)
	  Index Cond: (id = 5093600)

table 2 : explain SELECT c FROM sbtest2 WHERE id=6300481
	Index Scan using sbtest2_pkey on sbtest2  (cost=0.43..8.45 rows=1 width=121)
	  Index Cond: (id = 6300481)

table 3 : explain SELECT c FROM sbtest3 WHERE id=3605263
	Index Scan using sbtest3_pkey on sbtest3  (cost=0.43..8.45 rows=1 width=121)
	  Index Cond: (id = 3605263)

table 4 : explain SELECT c FROM sbtest4 WHERE id=4954052
	Index Scan using sbtest4_pkey on sbtest4  (cost=0.43..8.45 rows=1 width=121)
	  Index Cond: (id = 4954052)

table 5 : explain SELECT c FROM sbtest5 WHERE id=8892936
	Index Scan using sbtest5_pkey on sbtest5  (cost=0.43..8.45 rows=1 width=121)
	  Index Cond: (id = 8892936)

table 6 : explain SELECT c FROM sbtest6 WHERE id=8193835
	Index Scan using sbtest6_pkey on sbtest6  (cost=0.43..8.45 rows=1 width=121)
	  Index Cond: (id = 8193835)

table 7 : explain SELECT c FROM sbtest7 WHERE id=6586946
	Index Scan using sbtest7_pkey on sbtest7  (cost=0.43..8.45 rows=1 width=121)
	  Index Cond: (id = 6586946)

table 8 : explain SELECT c FROM sbtest8 WHERE id=8371669
	Index Scan using sbtest8_pkey on sbtest8  (cost=0.43..8.45 rows=1 width=121)
	  Index Cond: (id = 8371669)

for index_updates
table 1 : explain UPDATE sbtest1 SET k=k+1 WHERE id=2561450
	Update on sbtest1  (cost=0.43..8.46 rows=1 width=196)
	  ->  Index Scan using sbtest1_pkey on sbtest1  (cost=0.43..8.46 rows=1 width=196)
	        Index Cond: (id = 2561450)

table 2 : explain UPDATE sbtest2 SET k=k+1 WHERE id=318614
	Update on sbtest2  (cost=0.43..8.46 rows=1 width=196)
	  ->  Index Scan using sbtest2_pkey on sbtest2  (cost=0.43..8.46 rows=1 width=196)
	        Index Cond: (id = 318614)

table 3 : explain UPDATE sbtest3 SET k=k+1 WHERE id=784842
	Update on sbtest3  (cost=0.43..8.46 rows=1 width=196)
	  ->  Index Scan using sbtest3_pkey on sbtest3  (cost=0.43..8.46 rows=1 width=196)
	        Index Cond: (id = 784842)

table 4 : explain UPDATE sbtest4 SET k=k+1 WHERE id=9196809
	Update on sbtest4  (cost=0.43..8.46 rows=1 width=196)
	  ->  Index Scan using sbtest4_pkey on sbtest4  (cost=0.43..8.46 rows=1 width=196)
	        Index Cond: (id = 9196809)

table 5 : explain UPDATE sbtest5 SET k=k+1 WHERE id=4059615
	Update on sbtest5  (cost=0.43..8.46 rows=1 width=196)
	  ->  Index Scan using sbtest5_pkey on sbtest5  (cost=0.43..8.46 rows=1 width=196)
	        Index Cond: (id = 4059615)

table 6 : explain UPDATE sbtest6 SET k=k+1 WHERE id=1501836
	Update on sbtest6  (cost=0.43..8.46 rows=1 width=196)
	  ->  Index Scan using sbtest6_pkey on sbtest6  (cost=0.43..8.46 rows=1 width=196)
	        Index Cond: (id = 1501836)

table 7 : explain UPDATE sbtest7 SET k=k+1 WHERE id=3165623
	Update on sbtest7  (cost=0.43..8.46 rows=1 width=196)
	  ->  Index Scan using sbtest7_pkey on sbtest7  (cost=0.43..8.46 rows=1 width=196)
	        Index Cond: (id = 3165623)

table 8 : explain UPDATE sbtest8 SET k=k+1 WHERE id=933997
	Update on sbtest8  (cost=0.43..8.46 rows=1 width=196)
	  ->  Index Scan using sbtest8_pkey on sbtest8  (cost=0.43..8.46 rows=1 width=196)
	        Index Cond: (id = 933997)

explain: for non_index_updates :: explain UPDATE sbtest%u SET c='foobar' WHERE id=%u
for: sum_ranges
table 1 : explain SELECT SUM(k) FROM sbtest1 WHERE id BETWEEN 6407393 AND 6407402
	Aggregate  (cost=39.31..39.32 rows=1 width=8)
	  ->  Index Scan using sbtest1_pkey on sbtest1  (cost=0.43..39.28 rows=10 width=4)
	        Index Cond: ((id >= 6407393) AND (id <= 6407402))

table 2 : explain SELECT SUM(k) FROM sbtest2 WHERE id BETWEEN 9375277 AND 9375286
	Aggregate  (cost=35.79..35.80 rows=1 width=8)
	  ->  Index Scan using sbtest2_pkey on sbtest2  (cost=0.43..35.76 rows=9 width=4)
	        Index Cond: ((id >= 9375277) AND (id <= 9375286))

table 3 : explain SELECT SUM(k) FROM sbtest3 WHERE id BETWEEN 2470311 AND 2470320
	Aggregate  (cost=39.15..39.16 rows=1 width=8)
	  ->  Index Scan using sbtest3_pkey on sbtest3  (cost=0.43..39.13 rows=10 width=4)
	        Index Cond: ((id >= 2470311) AND (id <= 2470320))

table 4 : explain SELECT SUM(k) FROM sbtest4 WHERE id BETWEEN 9790966 AND 9790975
	Aggregate  (cost=38.86..38.87 rows=1 width=8)
	  ->  Index Scan using sbtest4_pkey on sbtest4  (cost=0.43..38.83 rows=10 width=4)
	        Index Cond: ((id >= 9790966) AND (id <= 9790975))

table 5 : explain SELECT SUM(k) FROM sbtest5 WHERE id BETWEEN 3430124 AND 3430133
	Aggregate  (cost=38.73..38.74 rows=1 width=8)
	  ->  Index Scan using sbtest5_pkey on sbtest5  (cost=0.43..38.71 rows=10 width=4)
	        Index Cond: ((id >= 3430124) AND (id <= 3430133))

table 6 : explain SELECT SUM(k) FROM sbtest6 WHERE id BETWEEN 6440833 AND 6440842
	Aggregate  (cost=38.69..38.70 rows=1 width=8)
	  ->  Index Scan using sbtest6_pkey on sbtest6  (cost=0.43..38.66 rows=10 width=4)
	        Index Cond: ((id >= 6440833) AND (id <= 6440842))

table 7 : explain SELECT SUM(k) FROM sbtest7 WHERE id BETWEEN 9948452 AND 9948461
	Aggregate  (cost=38.85..38.86 rows=1 width=8)
	  ->  Index Scan using sbtest7_pkey on sbtest7  (cost=0.43..38.82 rows=10 width=4)
	        Index Cond: ((id >= 9948452) AND (id <= 9948461))

table 8 : explain SELECT SUM(k) FROM sbtest8 WHERE id BETWEEN 8766727 AND 8766736
	Aggregate  (cost=38.71..38.72 rows=1 width=8)
	  ->  Index Scan using sbtest8_pkey on sbtest8  (cost=0.43..38.69 rows=10 width=4)
	        Index Cond: ((id >= 8766727) AND (id <= 8766736))

explain: for point_selects :: explain SELECT c FROM sbtest%u WHERE id=%u
explain: for non_index_updates :: explain UPDATE sbtest%u SET c='foobar' WHERE id=%u
for: simple_ranges
table 1 : explain SELECT c FROM sbtest1 WHERE id BETWEEN 5281358 AND 5281367
	Index Scan using sbtest1_pkey on sbtest1  (cost=0.43..42.71 rows=11 width=121)
	  Index Cond: ((id >= 5281358) AND (id <= 5281367))

table 2 : explain SELECT c FROM sbtest2 WHERE id BETWEEN 444163 AND 444172
	Index Scan using sbtest2_pkey on sbtest2  (cost=0.43..39.18 rows=10 width=121)
	  Index Cond: ((id >= 444163) AND (id <= 444172))

table 3 : explain SELECT c FROM sbtest3 WHERE id BETWEEN 4772293 AND 4772302
	Index Scan using sbtest3_pkey on sbtest3  (cost=0.43..42.53 rows=11 width=121)
	  Index Cond: ((id >= 4772293) AND (id <= 4772302))

table 4 : explain SELECT c FROM sbtest4 WHERE id BETWEEN 8926233 AND 8926242
	Index Scan using sbtest4_pkey on sbtest4  (cost=0.43..38.83 rows=10 width=121)
	  Index Cond: ((id >= 8926233) AND (id <= 8926242))

table 5 : explain SELECT c FROM sbtest5 WHERE id BETWEEN 2758057 AND 2758066
	Index Scan using sbtest5_pkey on sbtest5  (cost=0.43..35.35 rows=9 width=121)
	  Index Cond: ((id >= 2758057) AND (id <= 2758066))

table 6 : explain SELECT c FROM sbtest6 WHERE id BETWEEN 4039643 AND 4039652
	Index Scan using sbtest6_pkey on sbtest6  (cost=0.43..38.66 rows=10 width=121)
	  Index Cond: ((id >= 4039643) AND (id <= 4039652))

table 7 : explain SELECT c FROM sbtest7 WHERE id BETWEEN 6883671 AND 6883680
	Index Scan using sbtest7_pkey on sbtest7  (cost=0.43..42.19 rows=11 width=121)
	  Index Cond: ((id >= 6883671) AND (id <= 6883680))

table 8 : explain SELECT c FROM sbtest8 WHERE id BETWEEN 2247376 AND 2247385
	Index Scan using sbtest8_pkey on sbtest8  (cost=0.43..38.69 rows=10 width=121)
	  Index Cond: ((id >= 2247376) AND (id <= 2247385))

for index_updates
table 1 : explain UPDATE sbtest1 SET k=k+1 WHERE id=1567995
	Update on sbtest1  (cost=0.43..8.46 rows=1 width=196)
	  ->  Index Scan using sbtest1_pkey on sbtest1  (cost=0.43..8.46 rows=1 width=196)
	        Index Cond: (id = 1567995)

table 2 : explain UPDATE sbtest2 SET k=k+1 WHERE id=1006643
	Update on sbtest2  (cost=0.43..8.46 rows=1 width=196)
	  ->  Index Scan using sbtest2_pkey on sbtest2  (cost=0.43..8.46 rows=1 width=196)
	        Index Cond: (id = 1006643)

table 3 : explain UPDATE sbtest3 SET k=k+1 WHERE id=1768537
	Update on sbtest3  (cost=0.43..8.46 rows=1 width=196)
	  ->  Index Scan using sbtest3_pkey on sbtest3  (cost=0.43..8.46 rows=1 width=196)
	        Index Cond: (id = 1768537)

table 4 : explain UPDATE sbtest4 SET k=k+1 WHERE id=572900
	Update on sbtest4  (cost=0.43..8.46 rows=1 width=196)
	  ->  Index Scan using sbtest4_pkey on sbtest4  (cost=0.43..8.46 rows=1 width=196)
	        Index Cond: (id = 572900)

table 5 : explain UPDATE sbtest5 SET k=k+1 WHERE id=7942468
	Update on sbtest5  (cost=0.43..8.46 rows=1 width=196)
	  ->  Index Scan using sbtest5_pkey on sbtest5  (cost=0.43..8.46 rows=1 width=196)
	        Index Cond: (id = 7942468)

table 6 : explain UPDATE sbtest6 SET k=k+1 WHERE id=7115103
	Update on sbtest6  (cost=0.43..8.46 rows=1 width=196)
	  ->  Index Scan using sbtest6_pkey on sbtest6  (cost=0.43..8.46 rows=1 width=196)
	        Index Cond: (id = 7115103)

table 7 : explain UPDATE sbtest7 SET k=k+1 WHERE id=5910244
	Update on sbtest7  (cost=0.43..8.46 rows=1 width=196)
	  ->  Index Scan using sbtest7_pkey on sbtest7  (cost=0.43..8.46 rows=1 width=196)
	        Index Cond: (id = 5910244)

table 8 : explain UPDATE sbtest8 SET k=k+1 WHERE id=3257574
	Update on sbtest8  (cost=0.43..8.46 rows=1 width=196)
	  ->  Index Scan using sbtest8_pkey on sbtest8  (cost=0.43..8.46 rows=1 width=196)
	        Index Cond: (id = 3257574)

for: order_ranges
table 1 : explain SELECT c FROM sbtest1 WHERE id BETWEEN 3454366 AND 3454375 ORDER BY c
	Sort  (cost=36.00..36.02 rows=9 width=121)
	  Sort Key: c
	  ->  Index Scan using sbtest1_pkey on sbtest1  (cost=0.43..35.86 rows=9 width=121)
	        Index Cond: ((id >= 3454366) AND (id <= 3454375))

table 2 : explain SELECT c FROM sbtest2 WHERE id BETWEEN 9571673 AND 9571682 ORDER BY c
	Sort  (cost=42.78..42.81 rows=11 width=121)
	  Sort Key: c
	  ->  Index Scan using sbtest2_pkey on sbtest2  (cost=0.43..42.59 rows=11 width=121)
	        Index Cond: ((id >= 9571673) AND (id <= 9571682))

table 3 : explain SELECT c FROM sbtest3 WHERE id BETWEEN 1293259 AND 1293268 ORDER BY c
	Sort  (cost=35.86..35.88 rows=9 width=121)
	  Sort Key: c
	  ->  Index Scan using sbtest3_pkey on sbtest3  (cost=0.43..35.72 rows=9 width=121)
	        Index Cond: ((id >= 1293259) AND (id <= 1293268))

table 4 : explain SELECT c FROM sbtest4 WHERE id BETWEEN 4909675 AND 4909684 ORDER BY c
	Sort  (cost=39.00..39.02 rows=10 width=121)
	  Sort Key: c
	  ->  Index Scan using sbtest4_pkey on sbtest4  (cost=0.43..38.83 rows=10 width=121)
	        Index Cond: ((id >= 4909675) AND (id <= 4909684))

table 5 : explain SELECT c FROM sbtest5 WHERE id BETWEEN 8201688 AND 8201697 ORDER BY c
	Sort  (cost=35.49..35.51 rows=9 width=121)
	  Sort Key: c
	  ->  Index Scan using sbtest5_pkey on sbtest5  (cost=0.43..35.35 rows=9 width=121)
	        Index Cond: ((id >= 8201688) AND (id <= 8201697))

table 6 : explain SELECT c FROM sbtest6 WHERE id BETWEEN 7595376 AND 7595385 ORDER BY c
	Sort  (cost=38.83..38.85 rows=10 width=121)
	  Sort Key: c
	  ->  Index Scan using sbtest6_pkey on sbtest6  (cost=0.43..38.66 rows=10 width=121)
	        Index Cond: ((id >= 7595376) AND (id <= 7595385))

table 7 : explain SELECT c FROM sbtest7 WHERE id BETWEEN 8513310 AND 8513319 ORDER BY c
	Sort  (cost=38.99..39.01 rows=10 width=121)
	  Sort Key: c
	  ->  Index Scan using sbtest7_pkey on sbtest7  (cost=0.43..38.82 rows=10 width=121)
	        Index Cond: ((id >= 8513310) AND (id <= 8513319))

table 8 : explain SELECT c FROM sbtest8 WHERE id BETWEEN 565606 AND 565615 ORDER BY c
	Sort  (cost=38.85..38.88 rows=10 width=121)
	  Sort Key: c
	  ->  Index Scan using sbtest8_pkey on sbtest8  (cost=0.43..38.69 rows=10 width=121)
	        Index Cond: ((id >= 565606) AND (id <= 565615))
for: distinct_ranges
table 1 : explain SELECT DISTINCT c FROM sbtest1 WHERE id BETWEEN 8217877 AND 8217886 ORDER BY c
	Unique  (cost=36.00..36.04 rows=9 width=121)
	  ->  Sort  (cost=36.00..36.02 rows=9 width=121)
	        Sort Key: c
	        ->  Index Scan using sbtest1_pkey on sbtest1  (cost=0.43..35.86 rows=9 width=121)
	              Index Cond: ((id >= 8217877) AND (id <= 8217886))

table 2 : explain SELECT DISTINCT c FROM sbtest2 WHERE id BETWEEN 3175236 AND 3175245 ORDER BY c
	Unique  (cost=35.91..35.95 rows=9 width=121)
	  ->  Sort  (cost=35.91..35.93 rows=9 width=121)
	        Sort Key: c
	        ->  Index Scan using sbtest2_pkey on sbtest2  (cost=0.43..35.76 rows=9 width=121)
	              Index Cond: ((id >= 3175236) AND (id <= 3175245))

table 3 : explain SELECT DISTINCT c FROM sbtest3 WHERE id BETWEEN 5126573 AND 5126582 ORDER BY c
	Unique  (cost=42.72..42.78 rows=11 width=121)
	  ->  Sort  (cost=42.72..42.75 rows=11 width=121)
	        Sort Key: c
	        ->  Index Scan using sbtest3_pkey on sbtest3  (cost=0.43..42.53 rows=11 width=121)
	              Index Cond: ((id >= 5126573) AND (id <= 5126582))

table 4 : explain SELECT DISTINCT c FROM sbtest4 WHERE id BETWEEN 1592810 AND 1592819 ORDER BY c
	Unique  (cost=39.00..39.05 rows=10 width=121)
	  ->  Sort  (cost=39.00..39.02 rows=10 width=121)
	        Sort Key: c
	        ->  Index Scan using sbtest4_pkey on sbtest4  (cost=0.43..38.83 rows=10 width=121)
	              Index Cond: ((id >= 1592810) AND (id <= 1592819))

table 5 : explain SELECT DISTINCT c FROM sbtest5 WHERE id BETWEEN 6289847 AND 6289856 ORDER BY c
	Unique  (cost=38.87..38.92 rows=10 width=121)
	  ->  Sort  (cost=38.87..38.90 rows=10 width=121)
	        Sort Key: c
	        ->  Index Scan using sbtest5_pkey on sbtest5  (cost=0.43..38.71 rows=10 width=121)
	              Index Cond: ((id >= 6289847) AND (id <= 6289856))

table 6 : explain SELECT DISTINCT c FROM sbtest6 WHERE id BETWEEN 9220811 AND 9220820 ORDER BY c
	Unique  (cost=38.83..38.88 rows=10 width=121)
	  ->  Sort  (cost=38.83..38.85 rows=10 width=121)
	        Sort Key: c
	        ->  Index Scan using sbtest6_pkey on sbtest6  (cost=0.43..38.66 rows=10 width=121)
	              Index Cond: ((id >= 9220811) AND (id <= 9220820))

table 7 : explain SELECT DISTINCT c FROM sbtest7 WHERE id BETWEEN 6816826 AND 6816835 ORDER BY c
	Unique  (cost=38.99..39.04 rows=10 width=121)
	  ->  Sort  (cost=38.99..39.01 rows=10 width=121)
	        Sort Key: c
	        ->  Index Scan using sbtest7_pkey on sbtest7  (cost=0.43..38.82 rows=10 width=121)
	              Index Cond: ((id >= 6816826) AND (id <= 6816835))

table 8 : explain SELECT DISTINCT c FROM sbtest8 WHERE id BETWEEN 7979159 AND 7979168 ORDER BY c
	Unique  (cost=45.62..45.68 rows=12 width=121)
	  ->  Sort  (cost=45.62..45.65 rows=12 width=121)
	        Sort Key: c
	        ->  Index Scan using sbtest8_pkey on sbtest8  (cost=0.43..45.40 rows=12 width=121)
	              Index Cond: ((id >= 7979159) AND (id <= 7979168))

explain: for point_selects :: explain SELECT c FROM sbtest%u WHERE id=%u
explain: for point_selects :: explain SELECT c FROM sbtest%u WHERE id=%u
for deletes
table 1 : explain DELETE FROM sbtest1 WHERE id=5220420
	Delete on sbtest1  (cost=0.43..8.45 rows=1 width=6)
	  ->  Index Scan using sbtest1_pkey on sbtest1  (cost=0.43..8.45 rows=1 width=6)
	        Index Cond: (id = 5220420)

table 2 : explain DELETE FROM sbtest2 WHERE id=9462017
	Delete on sbtest2  (cost=0.43..8.45 rows=1 width=6)
	  ->  Index Scan using sbtest2_pkey on sbtest2  (cost=0.43..8.45 rows=1 width=6)
	        Index Cond: (id = 9462017)

table 3 : explain DELETE FROM sbtest3 WHERE id=5067262
	Delete on sbtest3  (cost=0.43..8.45 rows=1 width=6)
	  ->  Index Scan using sbtest3_pkey on sbtest3  (cost=0.43..8.45 rows=1 width=6)
	        Index Cond: (id = 5067262)

table 4 : explain DELETE FROM sbtest4 WHERE id=419252
	Delete on sbtest4  (cost=0.43..8.45 rows=1 width=6)
	  ->  Index Scan using sbtest4_pkey on sbtest4  (cost=0.43..8.45 rows=1 width=6)
	        Index Cond: (id = 419252)

table 5 : explain DELETE FROM sbtest5 WHERE id=3418080
	Delete on sbtest5  (cost=0.43..8.45 rows=1 width=6)
	  ->  Index Scan using sbtest5_pkey on sbtest5  (cost=0.43..8.45 rows=1 width=6)
	        Index Cond: (id = 3418080)

table 6 : explain DELETE FROM sbtest6 WHERE id=9659497
	Delete on sbtest6  (cost=0.43..8.45 rows=1 width=6)
	  ->  Index Scan using sbtest6_pkey on sbtest6  (cost=0.43..8.45 rows=1 width=6)
	        Index Cond: (id = 9659497)

table 7 : explain DELETE FROM sbtest7 WHERE id=9886523
	Delete on sbtest7  (cost=0.43..8.45 rows=1 width=6)
	  ->  Index Scan using sbtest7_pkey on sbtest7  (cost=0.43..8.45 rows=1 width=6)
	        Index Cond: (id = 9886523)

table 8 : explain DELETE FROM sbtest8 WHERE id=9557928
	Delete on sbtest8  (cost=0.43..8.45 rows=1 width=6)
	  ->  Index Scan using sbtest8_pkey on sbtest8  (cost=0.43..8.45 rows=1 width=6)
	        Index Cond: (id = 9557928)

explain: for index_updates :: explain UPDATE sbtest%u SET k=k+1 WHERE id=%u
for index_updates
table 1 : explain UPDATE sbtest1 SET k=k+1 WHERE id=5164367
	Update on sbtest1  (cost=0.43..8.46 rows=1 width=196)
	  ->  Index Scan using sbtest1_pkey on sbtest1  (cost=0.43..8.46 rows=1 width=196)
	        Index Cond: (id = 5164367)

table 2 : explain UPDATE sbtest2 SET k=k+1 WHERE id=2483079
	Update on sbtest2  (cost=0.43..8.46 rows=1 width=196)
	  ->  Index Scan using sbtest2_pkey on sbtest2  (cost=0.43..8.46 rows=1 width=196)
	        Index Cond: (id = 2483079)

table 3 : explain UPDATE sbtest3 SET k=k+1 WHERE id=2638084
	Update on sbtest3  (cost=0.43..8.46 rows=1 width=196)
	  ->  Index Scan using sbtest3_pkey on sbtest3  (cost=0.43..8.46 rows=1 width=196)
	        Index Cond: (id = 2638084)

table 4 : explain UPDATE sbtest4 SET k=k+1 WHERE id=684782
	Update on sbtest4  (cost=0.43..8.46 rows=1 width=196)
	  ->  Index Scan using sbtest4_pkey on sbtest4  (cost=0.43..8.46 rows=1 width=196)
	        Index Cond: (id = 684782)

table 5 : explain UPDATE sbtest5 SET k=k+1 WHERE id=961518
	Update on sbtest5  (cost=0.43..8.46 rows=1 width=196)
	  ->  Index Scan using sbtest5_pkey on sbtest5  (cost=0.43..8.46 rows=1 width=196)
	        Index Cond: (id = 961518)

table 6 : explain UPDATE sbtest6 SET k=k+1 WHERE id=3518238
	Update on sbtest6  (cost=0.43..8.46 rows=1 width=196)
	  ->  Index Scan using sbtest6_pkey on sbtest6  (cost=0.43..8.46 rows=1 width=196)
	        Index Cond: (id = 3518238)

table 7 : explain UPDATE sbtest7 SET k=k+1 WHERE id=4864860
	Update on sbtest7  (cost=0.43..8.46 rows=1 width=196)
	  ->  Index Scan using sbtest7_pkey on sbtest7  (cost=0.43..8.46 rows=1 width=196)
	        Index Cond: (id = 4864860)

table 8 : explain UPDATE sbtest8 SET k=k+1 WHERE id=5721233
	Update on sbtest8  (cost=0.43..8.46 rows=1 width=196)
	  ->  Index Scan using sbtest8_pkey on sbtest8  (cost=0.43..8.46 rows=1 width=196)
	        Index Cond: (id = 5721233)

explain: for non_index_updates :: explain UPDATE sbtest%u SET c='foobar' WHERE id=%u
explain: for point_selects :: explain SELECT c FROM sbtest%u WHERE id=%u
for index_updates
table 1 : explain UPDATE sbtest1 SET k=k+1 WHERE id=3923293
	Update on sbtest1  (cost=0.43..8.46 rows=1 width=196)
	  ->  Index Scan using sbtest1_pkey on sbtest1  (cost=0.43..8.46 rows=1 width=196)
	        Index Cond: (id = 3923293)

table 2 : explain UPDATE sbtest2 SET k=k+1 WHERE id=9208528
	Update on sbtest2  (cost=0.43..8.46 rows=1 width=196)
	  ->  Index Scan using sbtest2_pkey on sbtest2  (cost=0.43..8.46 rows=1 width=196)
	        Index Cond: (id = 9208528)

table 3 : explain UPDATE sbtest3 SET k=k+1 WHERE id=8350281
	Update on sbtest3  (cost=0.43..8.46 rows=1 width=196)
	  ->  Index Scan using sbtest3_pkey on sbtest3  (cost=0.43..8.46 rows=1 width=196)
	        Index Cond: (id = 8350281)

table 4 : explain UPDATE sbtest4 SET k=k+1 WHERE id=3287064
	Update on sbtest4  (cost=0.43..8.46 rows=1 width=196)
	  ->  Index Scan using sbtest4_pkey on sbtest4  (cost=0.43..8.46 rows=1 width=196)
	        Index Cond: (id = 3287064)

table 5 : explain UPDATE sbtest5 SET k=k+1 WHERE id=8275954
	Update on sbtest5  (cost=0.43..8.46 rows=1 width=196)
	  ->  Index Scan using sbtest5_pkey on sbtest5  (cost=0.43..8.46 rows=1 width=196)
	        Index Cond: (id = 8275954)

table 6 : explain UPDATE sbtest6 SET k=k+1 WHERE id=9308096
	Update on sbtest6  (cost=0.43..8.46 rows=1 width=196)
	  ->  Index Scan using sbtest6_pkey on sbtest6  (cost=0.43..8.46 rows=1 width=196)
	        Index Cond: (id = 9308096)

table 7 : explain UPDATE sbtest7 SET k=k+1 WHERE id=7065797
	Update on sbtest7  (cost=0.43..8.46 rows=1 width=196)
	  ->  Index Scan using sbtest7_pkey on sbtest7  (cost=0.43..8.46 rows=1 width=196)
	        Index Cond: (id = 7065797)

table 8 : explain UPDATE sbtest8 SET k=k+1 WHERE id=8104835
	Update on sbtest8  (cost=0.43..8.46 rows=1 width=196)
	  ->  Index Scan using sbtest8_pkey on sbtest8  (cost=0.43..8.46 rows=1 width=196)
	        Index Cond: (id = 8104835)

for non_index_updates
table 1 : explain UPDATE sbtest1 SET c='foobar' WHERE id=6169156
	Update on sbtest1  (cost=0.43..8.45 rows=1 width=559)
	  ->  Index Scan using sbtest1_pkey on sbtest1  (cost=0.43..8.45 rows=1 width=559)
	        Index Cond: (id = 6169156)

table 2 : explain UPDATE sbtest2 SET c='foobar' WHERE id=2994282
	Update on sbtest2  (cost=0.43..8.45 rows=1 width=559)
	  ->  Index Scan using sbtest2_pkey on sbtest2  (cost=0.43..8.45 rows=1 width=559)
	        Index Cond: (id = 2994282)

table 3 : explain UPDATE sbtest3 SET c='foobar' WHERE id=4803351
	Update on sbtest3  (cost=0.43..8.45 rows=1 width=559)
	  ->  Index Scan using sbtest3_pkey on sbtest3  (cost=0.43..8.45 rows=1 width=559)
	        Index Cond: (id = 4803351)

table 4 : explain UPDATE sbtest4 SET c='foobar' WHERE id=787064
	Update on sbtest4  (cost=0.43..8.45 rows=1 width=559)
	  ->  Index Scan using sbtest4_pkey on sbtest4  (cost=0.43..8.45 rows=1 width=559)
	        Index Cond: (id = 787064)

table 5 : explain UPDATE sbtest5 SET c='foobar' WHERE id=6436659
	Update on sbtest5  (cost=0.43..8.45 rows=1 width=559)
	  ->  Index Scan using sbtest5_pkey on sbtest5  (cost=0.43..8.45 rows=1 width=559)
	        Index Cond: (id = 6436659)

table 6 : explain UPDATE sbtest6 SET c='foobar' WHERE id=8813590
	Update on sbtest6  (cost=0.43..8.45 rows=1 width=559)
	  ->  Index Scan using sbtest6_pkey on sbtest6  (cost=0.43..8.45 rows=1 width=559)
	        Index Cond: (id = 8813590)

table 7 : explain UPDATE sbtest7 SET c='foobar' WHERE id=8981029
	Update on sbtest7  (cost=0.43..8.45 rows=1 width=559)
	  ->  Index Scan using sbtest7_pkey on sbtest7  (cost=0.43..8.45 rows=1 width=559)
	        Index Cond: (id = 8981029)

table 8 : explain UPDATE sbtest8 SET c='foobar' WHERE id=3346133
	Update on sbtest8  (cost=0.43..8.45 rows=1 width=559)
	  ->  Index Scan using sbtest8_pkey on sbtest8  (cost=0.43..8.45 rows=1 width=559)
	        Index Cond: (id = 3346133)

explain: for inserts :: explain INSERT INTO sbtest%u (id, k, c, pad) VALUES (%u, 13, 'foobar', 'foobar')
explain: for non_index_updates :: explain UPDATE sbtest%u SET c='foobar' WHERE id=%u

for index_updates
table 1 : explain UPDATE sbtest1 SET k=k+1 WHERE id=9671184
	Update on sbtest1  (cost=0.43..8.46 rows=1 width=196)
	  ->  Index Scan using sbtest1_pkey on sbtest1  (cost=0.43..8.46 rows=1 width=196)
	        Index Cond: (id = 9671184)

table 2 : explain UPDATE sbtest2 SET k=k+1 WHERE id=217117
	Update on sbtest2  (cost=0.43..8.46 rows=1 width=196)
	  ->  Index Scan using sbtest2_pkey on sbtest2  (cost=0.43..8.46 rows=1 width=196)
	        Index Cond: (id = 217117)

table 3 : explain UPDATE sbtest3 SET k=k+1 WHERE id=8251432
	Update on sbtest3  (cost=0.43..8.46 rows=1 width=196)
	  ->  Index Scan using sbtest3_pkey on sbtest3  (cost=0.43..8.46 rows=1 width=196)
	        Index Cond: (id = 8251432)

table 4 : explain UPDATE sbtest4 SET k=k+1 WHERE id=3347007
	Update on sbtest4  (cost=0.43..8.46 rows=1 width=196)
	  ->  Index Scan using sbtest4_pkey on sbtest4  (cost=0.43..8.46 rows=1 width=196)
	        Index Cond: (id = 3347007)

table 5 : explain UPDATE sbtest5 SET k=k+1 WHERE id=4697556
	Update on sbtest5  (cost=0.43..8.46 rows=1 width=196)
	  ->  Index Scan using sbtest5_pkey on sbtest5  (cost=0.43..8.46 rows=1 width=196)
	        Index Cond: (id = 4697556)

table 6 : explain UPDATE sbtest6 SET k=k+1 WHERE id=8789665
	Update on sbtest6  (cost=0.43..8.46 rows=1 width=196)
	  ->  Index Scan using sbtest6_pkey on sbtest6  (cost=0.43..8.46 rows=1 width=196)
	        Index Cond: (id = 8789665)

table 7 : explain UPDATE sbtest7 SET k=k+1 WHERE id=4317059
	Update on sbtest7  (cost=0.43..8.46 rows=1 width=196)
	  ->  Index Scan using sbtest7_pkey on sbtest7  (cost=0.43..8.46 rows=1 width=196)
	        Index Cond: (id = 4317059)

table 8 : explain UPDATE sbtest8 SET k=k+1 WHERE id=2432660
	Update on sbtest8  (cost=0.43..8.46 rows=1 width=196)
	  ->  Index Scan using sbtest8_pkey on sbtest8  (cost=0.43..8.46 rows=1 width=196)
	        Index Cond: (id = 2432660)

explain: for deletes :: explain DELETE FROM sbtest%u WHERE id=%u
for: order_ranges
table 1 : explain SELECT c FROM sbtest1 WHERE id BETWEEN 4378844 AND 4378853 ORDER BY c
	Sort  (cost=39.45..39.47 rows=10 width=121)
	  Sort Key: c
	  ->  Index Scan using sbtest1_pkey on sbtest1  (cost=0.43..39.28 rows=10 width=121)
	        Index Cond: ((id >= 4378844) AND (id <= 4378853))

table 2 : explain SELECT c FROM sbtest2 WHERE id BETWEEN 228924 AND 228933 ORDER BY c
	Sort  (cost=35.91..35.93 rows=9 width=121)
	  Sort Key: c
	  ->  Index Scan using sbtest2_pkey on sbtest2  (cost=0.43..35.76 rows=9 width=121)
	        Index Cond: ((id >= 228924) AND (id <= 228933))

table 3 : explain SELECT c FROM sbtest3 WHERE id BETWEEN 7504007 AND 7504016 ORDER BY c
	Sort  (cost=39.29..39.32 rows=10 width=121)
	  Sort Key: c
	  ->  Index Scan using sbtest3_pkey on sbtest3  (cost=0.43..39.13 rows=10 width=121)
	        Index Cond: ((id >= 7504007) AND (id <= 7504016))

table 4 : explain SELECT c FROM sbtest4 WHERE id BETWEEN 8053512 AND 8053521 ORDER BY c
	Sort  (cost=39.00..39.02 rows=10 width=121)
	  Sort Key: c
	  ->  Index Scan using sbtest4_pkey on sbtest4  (cost=0.43..38.83 rows=10 width=121)
	        Index Cond: ((id >= 8053512) AND (id <= 8053521))

table 5 : explain SELECT c FROM sbtest5 WHERE id BETWEEN 4839938 AND 4839947 ORDER BY c
	Sort  (cost=38.87..38.90 rows=10 width=121)
	  Sort Key: c
	  ->  Index Scan using sbtest5_pkey on sbtest5  (cost=0.43..38.71 rows=10 width=121)
	        Index Cond: ((id >= 4839938) AND (id <= 4839947))

table 6 : explain SELECT c FROM sbtest6 WHERE id BETWEEN 6401009 AND 6401018 ORDER BY c
	Sort  (cost=38.83..38.85 rows=10 width=121)
	  Sort Key: c
	  ->  Index Scan using sbtest6_pkey on sbtest6  (cost=0.43..38.66 rows=10 width=121)
	        Index Cond: ((id >= 6401009) AND (id <= 6401018))

table 7 : explain SELECT c FROM sbtest7 WHERE id BETWEEN 1387173 AND 1387182 ORDER BY c
	Sort  (cost=35.59..35.61 rows=9 width=121)
	  Sort Key: c
	  ->  Index Scan using sbtest7_pkey on sbtest7  (cost=0.43..35.45 rows=9 width=121)
	        Index Cond: ((id >= 1387173) AND (id <= 1387182))

table 8 : explain SELECT c FROM sbtest8 WHERE id BETWEEN 1955310 AND 1955319 ORDER BY c
	Sort  (cost=38.85..38.88 rows=10 width=121)
	  Sort Key: c
	  ->  Index Scan using sbtest8_pkey on sbtest8  (cost=0.43..38.69 rows=10 width=121)
	        Index Cond: ((id >= 1955310) AND (id <= 1955319))

for non_index_updates
table 1 : explain UPDATE sbtest1 SET c='foobar' WHERE id=4407804
	Update on sbtest1  (cost=0.43..8.45 rows=1 width=559)
	  ->  Index Scan using sbtest1_pkey on sbtest1  (cost=0.43..8.45 rows=1 width=559)
	        Index Cond: (id = 4407804)

table 2 : explain UPDATE sbtest2 SET c='foobar' WHERE id=1261979
	Update on sbtest2  (cost=0.43..8.45 rows=1 width=559)
	  ->  Index Scan using sbtest2_pkey on sbtest2  (cost=0.43..8.45 rows=1 width=559)
	        Index Cond: (id = 1261979)

table 3 : explain UPDATE sbtest3 SET c='foobar' WHERE id=7357310
	Update on sbtest3  (cost=0.43..8.45 rows=1 width=559)
	  ->  Index Scan using sbtest3_pkey on sbtest3  (cost=0.43..8.45 rows=1 width=559)
	        Index Cond: (id = 7357310)

table 4 : explain UPDATE sbtest4 SET c='foobar' WHERE id=2326414
	Update on sbtest4  (cost=0.43..8.45 rows=1 width=559)
	  ->  Index Scan using sbtest4_pkey on sbtest4  (cost=0.43..8.45 rows=1 width=559)
	        Index Cond: (id = 2326414)

table 5 : explain UPDATE sbtest5 SET c='foobar' WHERE id=2718031
	Update on sbtest5  (cost=0.43..8.45 rows=1 width=559)
	  ->  Index Scan using sbtest5_pkey on sbtest5  (cost=0.43..8.45 rows=1 width=559)
	        Index Cond: (id = 2718031)

table 6 : explain UPDATE sbtest6 SET c='foobar' WHERE id=5581961
	Update on sbtest6  (cost=0.43..8.45 rows=1 width=559)
	  ->  Index Scan using sbtest6_pkey on sbtest6  (cost=0.43..8.45 rows=1 width=559)
	        Index Cond: (id = 5581961)

table 7 : explain UPDATE sbtest7 SET c='foobar' WHERE id=8795245
	Update on sbtest7  (cost=0.43..8.45 rows=1 width=559)
	  ->  Index Scan using sbtest7_pkey on sbtest7  (cost=0.43..8.45 rows=1 width=559)
	        Index Cond: (id = 8795245)

table 8 : explain UPDATE sbtest8 SET c='foobar' WHERE id=7659597
	Update on sbtest8  (cost=0.43..8.45 rows=1 width=559)
	  ->  Index Scan using sbtest8_pkey on sbtest8  (cost=0.43..8.45 rows=1 width=559)
	        Index Cond: (id = 7659597)

for: simple_ranges
table 1 : explain SELECT c FROM sbtest1 WHERE id BETWEEN 7230887 AND 7230896
	Index Scan using sbtest1_pkey on sbtest1  (cost=0.43..39.28 rows=10 width=121)
	  Index Cond: ((id >= 7230887) AND (id <= 7230896))

table 2 : explain SELECT c FROM sbtest2 WHERE id BETWEEN 2910690 AND 2910699
	Index Scan using sbtest2_pkey on sbtest2  (cost=0.43..39.18 rows=10 width=121)
	  Index Cond: ((id >= 2910690) AND (id <= 2910699))

table 3 : explain SELECT c FROM sbtest3 WHERE id BETWEEN 1510615 AND 1510624
	Index Scan using sbtest3_pkey on sbtest3  (cost=0.43..39.13 rows=10 width=121)
	  Index Cond: ((id >= 1510615) AND (id <= 1510624))

table 4 : explain SELECT c FROM sbtest4 WHERE id BETWEEN 2450576 AND 2450585
	Index Scan using sbtest4_pkey on sbtest4  (cost=0.43..38.83 rows=10 width=121)
	  Index Cond: ((id >= 2450576) AND (id <= 2450585))

table 5 : explain SELECT c FROM sbtest5 WHERE id BETWEEN 2325647 AND 2325656
	Index Scan using sbtest5_pkey on sbtest5  (cost=0.43..38.71 rows=10 width=121)
	  Index Cond: ((id >= 2325647) AND (id <= 2325656))

table 6 : explain SELECT c FROM sbtest6 WHERE id BETWEEN 2146008 AND 2146017
	Index Scan using sbtest6_pkey on sbtest6  (cost=0.43..38.66 rows=10 width=121)
	  Index Cond: ((id >= 2146008) AND (id <= 2146017))

table 7 : explain SELECT c FROM sbtest7 WHERE id BETWEEN 1350300 AND 1350309
	Index Scan using sbtest7_pkey on sbtest7  (cost=0.43..35.45 rows=9 width=121)
	  Index Cond: ((id >= 1350300) AND (id <= 1350309))

table 8 : explain SELECT c FROM sbtest8 WHERE id BETWEEN 5204357 AND 5204366
	Index Scan using sbtest8_pkey on sbtest8  (cost=0.43..35.33 rows=9 width=121)
	  Index Cond: ((id >= 5204357) AND (id <= 5204366))

for inserts
table 1 : explain INSERT INTO sbtest1 (id, k, c, pad) VALUES (2666143, 13, 'foobar', 'foobar')
	Insert on sbtest1  (cost=0.00..0.01 rows=1 width=736)
	  ->  Result  (cost=0.00..0.01 rows=1 width=736)

table 2 : explain INSERT INTO sbtest2 (id, k, c, pad) VALUES (6937719, 13, 'foobar', 'foobar')
	Insert on sbtest2  (cost=0.00..0.01 rows=1 width=736)
	  ->  Result  (cost=0.00..0.01 rows=1 width=736)

table 3 : explain INSERT INTO sbtest3 (id, k, c, pad) VALUES (672121, 13, 'foobar', 'foobar')
	Insert on sbtest3  (cost=0.00..0.01 rows=1 width=736)
	  ->  Result  (cost=0.00..0.01 rows=1 width=736)

table 4 : explain INSERT INTO sbtest4 (id, k, c, pad) VALUES (1136126, 13, 'foobar', 'foobar')
	Insert on sbtest4  (cost=0.00..0.01 rows=1 width=736)
	  ->  Result  (cost=0.00..0.01 rows=1 width=736)

table 5 : explain INSERT INTO sbtest5 (id, k, c, pad) VALUES (2822271, 13, 'foobar', 'foobar')
	Insert on sbtest5  (cost=0.00..0.01 rows=1 width=736)
	  ->  Result  (cost=0.00..0.01 rows=1 width=736)

table 6 : explain INSERT INTO sbtest6 (id, k, c, pad) VALUES (4018753, 13, 'foobar', 'foobar')
	Insert on sbtest6  (cost=0.00..0.01 rows=1 width=736)
	  ->  Result  (cost=0.00..0.01 rows=1 width=736)

table 7 : explain INSERT INTO sbtest7 (id, k, c, pad) VALUES (1506141, 13, 'foobar', 'foobar')
	Insert on sbtest7  (cost=0.00..0.01 rows=1 width=736)
	  ->  Result  (cost=0.00..0.01 rows=1 width=736)

table 8 : explain INSERT INTO sbtest8 (id, k, c, pad) VALUES (4680442, 13, 'foobar', 'foobar')
	Insert on sbtest8  (cost=0.00..0.01 rows=1 width=736)
	  ->  Result  (cost=0.00..0.01 rows=1 width=736)

for: simple_ranges
table 1 : explain SELECT c FROM sbtest1 WHERE id BETWEEN 2067855 AND 2067864
	Index Scan using sbtest1_pkey on sbtest1  (cost=0.43..42.71 rows=11 width=121)
	  Index Cond: ((id >= 2067855) AND (id <= 2067864))

table 2 : explain SELECT c FROM sbtest2 WHERE id BETWEEN 7806549 AND 7806558
	Index Scan using sbtest2_pkey on sbtest2  (cost=0.43..46.01 rows=12 width=121)
	  Index Cond: ((id >= 7806549) AND (id <= 7806558))

table 3 : explain SELECT c FROM sbtest3 WHERE id BETWEEN 9250930 AND 9250939
	Index Scan using sbtest3_pkey on sbtest3  (cost=0.43..39.13 rows=10 width=121)
	  Index Cond: ((id >= 9250930) AND (id <= 9250939))

table 4 : explain SELECT c FROM sbtest4 WHERE id BETWEEN 149559 AND 149568
	Index Scan using sbtest4_pkey on sbtest4  (cost=0.43..38.83 rows=10 width=121)
	  Index Cond: ((id >= 149559) AND (id <= 149568))

table 5 : explain SELECT c FROM sbtest5 WHERE id BETWEEN 528504 AND 528513
	Index Scan using sbtest5_pkey on sbtest5  (cost=0.43..38.71 rows=10 width=121)
	  Index Cond: ((id >= 528504) AND (id <= 528513))

table 6 : explain SELECT c FROM sbtest6 WHERE id BETWEEN 6267777 AND 6267786
	Index Scan using sbtest6_pkey on sbtest6  (cost=0.43..38.66 rows=10 width=121)
	  Index Cond: ((id >= 6267777) AND (id <= 6267786))

table 7 : explain SELECT c FROM sbtest7 WHERE id BETWEEN 8456903 AND 8456912
	Index Scan using sbtest7_pkey on sbtest7  (cost=0.43..45.57 rows=12 width=121)
	  Index Cond: ((id >= 8456903) AND (id <= 8456912))

table 8 : explain SELECT c FROM sbtest8 WHERE id BETWEEN 2715421 AND 2715430
	Index Scan using sbtest8_pkey on sbtest8  (cost=0.43..35.33 rows=9 width=121)
	  Index Cond: ((id >= 2715421) AND (id <= 2715430))

explain: for non_index_updates :: explain UPDATE sbtest%u SET c='foobar' WHERE id=%u
explain: for non_index_updates :: explain UPDATE sbtest%u SET c='foobar' WHERE id=%u
explain: for deletes :: explain DELETE FROM sbtest%u WHERE id=%u
for deletes
table 1 : explain DELETE FROM sbtest1 WHERE id=1526893
	Delete on sbtest1  (cost=0.43..8.45 rows=1 width=6)
	  ->  Index Scan using sbtest1_pkey on sbtest1  (cost=0.43..8.45 rows=1 width=6)
	        Index Cond: (id = 1526893)

table 2 : explain DELETE FROM sbtest2 WHERE id=5162349
	Delete on sbtest2  (cost=0.43..8.45 rows=1 width=6)
	  ->  Index Scan using sbtest2_pkey on sbtest2  (cost=0.43..8.45 rows=1 width=6)
	        Index Cond: (id = 5162349)

table 3 : explain DELETE FROM sbtest3 WHERE id=480896
	Delete on sbtest3  (cost=0.43..8.45 rows=1 width=6)
	  ->  Index Scan using sbtest3_pkey on sbtest3  (cost=0.43..8.45 rows=1 width=6)
	        Index Cond: (id = 480896)

table 4 : explain DELETE FROM sbtest4 WHERE id=9752706
	Delete on sbtest4  (cost=0.43..8.45 rows=1 width=6)
	  ->  Index Scan using sbtest4_pkey on sbtest4  (cost=0.43..8.45 rows=1 width=6)
	        Index Cond: (id = 9752706)

table 5 : explain DELETE FROM sbtest5 WHERE id=8591726
	Delete on sbtest5  (cost=0.43..8.45 rows=1 width=6)
	  ->  Index Scan using sbtest5_pkey on sbtest5  (cost=0.43..8.45 rows=1 width=6)
	        Index Cond: (id = 8591726)

table 6 : explain DELETE FROM sbtest6 WHERE id=1978725
	Delete on sbtest6  (cost=0.43..8.45 rows=1 width=6)
	  ->  Index Scan using sbtest6_pkey on sbtest6  (cost=0.43..8.45 rows=1 width=6)
	        Index Cond: (id = 1978725)

table 7 : explain DELETE FROM sbtest7 WHERE id=3486295
	Delete on sbtest7  (cost=0.43..8.45 rows=1 width=6)
	  ->  Index Scan using sbtest7_pkey on sbtest7  (cost=0.43..8.45 rows=1 width=6)
	        Index Cond: (id = 3486295)

table 8 : explain DELETE FROM sbtest8 WHERE id=4159517
	Delete on sbtest8  (cost=0.43..8.45 rows=1 width=6)
	  ->  Index Scan using sbtest8_pkey on sbtest8  (cost=0.43..8.45 rows=1 width=6)
	        Index Cond: (id = 4159517)

for: sum_ranges
table 1 : explain SELECT SUM(k) FROM sbtest1 WHERE id BETWEEN 318561 AND 318570
	Aggregate  (cost=39.31..39.32 rows=1 width=8)
	  ->  Index Scan using sbtest1_pkey on sbtest1  (cost=0.43..39.28 rows=10 width=4)
	        Index Cond: ((id >= 318561) AND (id <= 318570))

table 2 : explain SELECT SUM(k) FROM sbtest2 WHERE id BETWEEN 7204945 AND 7204954
	Aggregate  (cost=39.20..39.21 rows=1 width=8)
	  ->  Index Scan using sbtest2_pkey on sbtest2  (cost=0.43..39.18 rows=10 width=4)
	        Index Cond: ((id >= 7204945) AND (id <= 7204954))

table 3 : explain SELECT SUM(k) FROM sbtest3 WHERE id BETWEEN 2906994 AND 2907003
	Aggregate  (cost=39.15..39.16 rows=1 width=8)
	  ->  Index Scan using sbtest3_pkey on sbtest3  (cost=0.43..39.13 rows=10 width=4)
	        Index Cond: ((id >= 2906994) AND (id <= 2907003))

table 4 : explain SELECT SUM(k) FROM sbtest4 WHERE id BETWEEN 1045018 AND 1045027
	Aggregate  (cost=38.86..38.87 rows=1 width=8)
	  ->  Index Scan using sbtest4_pkey on sbtest4  (cost=0.43..38.83 rows=10 width=4)
	        Index Cond: ((id >= 1045018) AND (id <= 1045027))

table 5 : explain SELECT SUM(k) FROM sbtest5 WHERE id BETWEEN 5238140 AND 5238149
	Aggregate  (cost=35.37..35.38 rows=1 width=8)
	  ->  Index Scan using sbtest5_pkey on sbtest5  (cost=0.43..35.35 rows=9 width=4)
	        Index Cond: ((id >= 5238140) AND (id <= 5238149))

table 6 : explain SELECT SUM(k) FROM sbtest6 WHERE id BETWEEN 4339440 AND 4339449
	Aggregate  (cost=38.69..38.70 rows=1 width=8)
	  ->  Index Scan using sbtest6_pkey on sbtest6  (cost=0.43..38.66 rows=10 width=4)
	        Index Cond: ((id >= 4339440) AND (id <= 4339449))

table 7 : explain SELECT SUM(k) FROM sbtest7 WHERE id BETWEEN 6870874 AND 6870883
	Aggregate  (cost=42.22..42.23 rows=1 width=8)
	  ->  Index Scan using sbtest7_pkey on sbtest7  (cost=0.43..42.19 rows=11 width=4)
	        Index Cond: ((id >= 6870874) AND (id <= 6870883))

table 8 : explain SELECT SUM(k) FROM sbtest8 WHERE id BETWEEN 3066666 AND 3066675
	Aggregate  (cost=35.35..35.36 rows=1 width=8)
	  ->  Index Scan using sbtest8_pkey on sbtest8  (cost=0.43..35.33 rows=9 width=4)
	        Index Cond: ((id >= 3066666) AND (id <= 3066675))

for point_selects
table 1 : explain SELECT c FROM sbtest1 WHERE id=8430612
	Index Scan using sbtest1_pkey on sbtest1  (cost=0.43..8.45 rows=1 width=121)
	  Index Cond: (id = 8430612)

table 2 : explain SELECT c FROM sbtest2 WHERE id=9841141
	Index Scan using sbtest2_pkey on sbtest2  (cost=0.43..8.45 rows=1 width=121)
	  Index Cond: (id = 9841141)

table 3 : explain SELECT c FROM sbtest3 WHERE id=189852
	Index Scan using sbtest3_pkey on sbtest3  (cost=0.43..8.45 rows=1 width=121)
	  Index Cond: (id = 189852)

table 4 : explain SELECT c FROM sbtest4 WHERE id=1941467
	Index Scan using sbtest4_pkey on sbtest4  (cost=0.43..8.45 rows=1 width=121)
	  Index Cond: (id = 1941467)

table 5 : explain SELECT c FROM sbtest5 WHERE id=6225333
	Index Scan using sbtest5_pkey on sbtest5  (cost=0.43..8.45 rows=1 width=121)
	  Index Cond: (id = 6225333)

table 6 : explain SELECT c FROM sbtest6 WHERE id=4102526
	Index Scan using sbtest6_pkey on sbtest6  (cost=0.43..8.45 rows=1 width=121)
	  Index Cond: (id = 4102526)

table 7 : explain SELECT c FROM sbtest7 WHERE id=8381403
	Index Scan using sbtest7_pkey on sbtest7  (cost=0.43..8.45 rows=1 width=121)
	  Index Cond: (id = 8381403)

table 8 : explain SELECT c FROM sbtest8 WHERE id=7751565
	Index Scan using sbtest8_pkey on sbtest8  (cost=0.43..8.45 rows=1 width=121)
	  Index Cond: (id = 7751565)

for index_updates
table 1 : explain UPDATE sbtest1 SET k=k+1 WHERE id=6573533
	Update on sbtest1  (cost=0.43..8.46 rows=1 width=196)
	  ->  Index Scan using sbtest1_pkey on sbtest1  (cost=0.43..8.46 rows=1 width=196)
	        Index Cond: (id = 6573533)

table 2 : explain UPDATE sbtest2 SET k=k+1 WHERE id=167509
	Update on sbtest2  (cost=0.43..8.46 rows=1 width=196)
	  ->  Index Scan using sbtest2_pkey on sbtest2  (cost=0.43..8.46 rows=1 width=196)
	        Index Cond: (id = 167509)

table 3 : explain UPDATE sbtest3 SET k=k+1 WHERE id=6877373
	Update on sbtest3  (cost=0.43..8.46 rows=1 width=196)
	  ->  Index Scan using sbtest3_pkey on sbtest3  (cost=0.43..8.46 rows=1 width=196)
	        Index Cond: (id = 6877373)

table 4 : explain UPDATE sbtest4 SET k=k+1 WHERE id=7193018
	Update on sbtest4  (cost=0.43..8.46 rows=1 width=196)
	  ->  Index Scan using sbtest4_pkey on sbtest4  (cost=0.43..8.46 rows=1 width=196)
	        Index Cond: (id = 7193018)

table 5 : explain UPDATE sbtest5 SET k=k+1 WHERE id=8335180
	Update on sbtest5  (cost=0.43..8.46 rows=1 width=196)
	  ->  Index Scan using sbtest5_pkey on sbtest5  (cost=0.43..8.46 rows=1 width=196)
	        Index Cond: (id = 8335180)

table 6 : explain UPDATE sbtest6 SET k=k+1 WHERE id=2565149
	Update on sbtest6  (cost=0.43..8.46 rows=1 width=196)
	  ->  Index Scan using sbtest6_pkey on sbtest6  (cost=0.43..8.46 rows=1 width=196)
	        Index Cond: (id = 2565149)

table 7 : explain UPDATE sbtest7 SET k=k+1 WHERE id=6020076
	Update on sbtest7  (cost=0.43..8.46 rows=1 width=196)
	  ->  Index Scan using sbtest7_pkey on sbtest7  (cost=0.43..8.46 rows=1 width=196)
	        Index Cond: (id = 6020076)

table 8 : explain UPDATE sbtest8 SET k=k+1 WHERE id=3867659
	Update on sbtest8  (cost=0.43..8.46 rows=1 width=196)
	  ->  Index Scan using sbtest8_pkey on sbtest8  (cost=0.43..8.46 rows=1 width=196)
	        Index Cond: (id = 3867659)

explain: for point_selects :: explain SELECT c FROM sbtest%u WHERE id=%u
for deletes
table 1 : explain DELETE FROM sbtest1 WHERE id=6047687
	Delete on sbtest1  (cost=0.43..8.45 rows=1 width=6)
	  ->  Index Scan using sbtest1_pkey on sbtest1  (cost=0.43..8.45 rows=1 width=6)
	        Index Cond: (id = 6047687)

table 2 : explain DELETE FROM sbtest2 WHERE id=585432
	Delete on sbtest2  (cost=0.43..8.45 rows=1 width=6)
	  ->  Index Scan using sbtest2_pkey on sbtest2  (cost=0.43..8.45 rows=1 width=6)
	        Index Cond: (id = 585432)

table 3 : explain DELETE FROM sbtest3 WHERE id=8793804
	Delete on sbtest3  (cost=0.43..8.45 rows=1 width=6)
	  ->  Index Scan using sbtest3_pkey on sbtest3  (cost=0.43..8.45 rows=1 width=6)
	        Index Cond: (id = 8793804)

table 4 : explain DELETE FROM sbtest4 WHERE id=2295592
	Delete on sbtest4  (cost=0.43..8.45 rows=1 width=6)
	  ->  Index Scan using sbtest4_pkey on sbtest4  (cost=0.43..8.45 rows=1 width=6)
	        Index Cond: (id = 2295592)

table 5 : explain DELETE FROM sbtest5 WHERE id=2807734
	Delete on sbtest5  (cost=0.43..8.45 rows=1 width=6)
	  ->  Index Scan using sbtest5_pkey on sbtest5  (cost=0.43..8.45 rows=1 width=6)
	        Index Cond: (id = 2807734)

table 6 : explain DELETE FROM sbtest6 WHERE id=4364870
	Delete on sbtest6  (cost=0.43..8.45 rows=1 width=6)
	  ->  Index Scan using sbtest6_pkey on sbtest6  (cost=0.43..8.45 rows=1 width=6)
	        Index Cond: (id = 4364870)

table 7 : explain DELETE FROM sbtest7 WHERE id=3041977
	Delete on sbtest7  (cost=0.43..8.45 rows=1 width=6)
	  ->  Index Scan using sbtest7_pkey on sbtest7  (cost=0.43..8.45 rows=1 width=6)
	        Index Cond: (id = 3041977)

table 8 : explain DELETE FROM sbtest8 WHERE id=4021241
	Delete on sbtest8  (cost=0.43..8.45 rows=1 width=6)
	  ->  Index Scan using sbtest8_pkey on sbtest8  (cost=0.43..8.45 rows=1 width=6)
	        Index Cond: (id = 4021241)

for point_selects
table 1 : explain SELECT c FROM sbtest1 WHERE id=3649641
	Index Scan using sbtest1_pkey on sbtest1  (cost=0.43..8.45 rows=1 width=121)
	  Index Cond: (id = 3649641)

table 2 : explain SELECT c FROM sbtest2 WHERE id=4090048
	Index Scan using sbtest2_pkey on sbtest2  (cost=0.43..8.45 rows=1 width=121)
	  Index Cond: (id = 4090048)

table 3 : explain SELECT c FROM sbtest3 WHERE id=3141073
	Index Scan using sbtest3_pkey on sbtest3  (cost=0.43..8.45 rows=1 width=121)
	  Index Cond: (id = 3141073)

table 4 : explain SELECT c FROM sbtest4 WHERE id=5137885
	Index Scan using sbtest4_pkey on sbtest4  (cost=0.43..8.45 rows=1 width=121)
	  Index Cond: (id = 5137885)

table 5 : explain SELECT c FROM sbtest5 WHERE id=1656798
	Index Scan using sbtest5_pkey on sbtest5  (cost=0.43..8.45 rows=1 width=121)
	  Index Cond: (id = 1656798)

table 6 : explain SELECT c FROM sbtest6 WHERE id=4260696
	Index Scan using sbtest6_pkey on sbtest6  (cost=0.43..8.45 rows=1 width=121)
	  Index Cond: (id = 4260696)

table 7 : explain SELECT c FROM sbtest7 WHERE id=6241911
	Index Scan using sbtest7_pkey on sbtest7  (cost=0.43..8.45 rows=1 width=121)
	  Index Cond: (id = 6241911)

table 8 : explain SELECT c FROM sbtest8 WHERE id=2719746
	Index Scan using sbtest8_pkey on sbtest8  (cost=0.43..8.45 rows=1 width=121)
	  Index Cond: (id = 2719746)

explain: for non_index_updates :: explain UPDATE sbtest%u SET c='foobar' WHERE id=%u
for point_selects
table 1 : explain SELECT c FROM sbtest1 WHERE id=581587
	Index Scan using sbtest1_pkey on sbtest1  (cost=0.43..8.45 rows=1 width=121)
	  Index Cond: (id = 581587)

table 2 : explain SELECT c FROM sbtest2 WHERE id=940893
	Index Scan using sbtest2_pkey on sbtest2  (cost=0.43..8.45 rows=1 width=121)
	  Index Cond: (id = 940893)

table 3 : explain SELECT c FROM sbtest3 WHERE id=6570315
	Index Scan using sbtest3_pkey on sbtest3  (cost=0.43..8.45 rows=1 width=121)
	  Index Cond: (id = 6570315)

table 4 : explain SELECT c FROM sbtest4 WHERE id=4143518
	Index Scan using sbtest4_pkey on sbtest4  (cost=0.43..8.45 rows=1 width=121)
	  Index Cond: (id = 4143518)

table 5 : explain SELECT c FROM sbtest5 WHERE id=8622135
	Index Scan using sbtest5_pkey on sbtest5  (cost=0.43..8.45 rows=1 width=121)
	  Index Cond: (id = 8622135)

table 6 : explain SELECT c FROM sbtest6 WHERE id=6665825
	Index Scan using sbtest6_pkey on sbtest6  (cost=0.43..8.45 rows=1 width=121)
	  Index Cond: (id = 6665825)

table 7 : explain SELECT c FROM sbtest7 WHERE id=1498259
	Index Scan using sbtest7_pkey on sbtest7  (cost=0.43..8.45 rows=1 width=121)
	  Index Cond: (id = 1498259)

table 8 : explain SELECT c FROM sbtest8 WHERE id=2355592
	Index Scan using sbtest8_pkey on sbtest8  (cost=0.43..8.45 rows=1 width=121)
	  Index Cond: (id = 2355592)

explain: for inserts :: explain INSERT INTO sbtest%u (id, k, c, pad) VALUES (%u, 13, 'foobar', 'foobar')
for point_selects
table 1 : explain SELECT c FROM sbtest1 WHERE id=2781488
	Index Scan using sbtest1_pkey on sbtest1  (cost=0.43..8.45 rows=1 width=121)
	  Index Cond: (id = 2781488)

table 2 : explain SELECT c FROM sbtest2 WHERE id=7392572
	Index Scan using sbtest2_pkey on sbtest2  (cost=0.43..8.45 rows=1 width=121)
	  Index Cond: (id = 7392572)

table 3 : explain SELECT c FROM sbtest3 WHERE id=2120787
	Index Scan using sbtest3_pkey on sbtest3  (cost=0.43..8.45 rows=1 width=121)
	  Index Cond: (id = 2120787)

table 4 : explain SELECT c FROM sbtest4 WHERE id=45231
	Index Scan using sbtest4_pkey on sbtest4  (cost=0.43..8.45 rows=1 width=121)
	  Index Cond: (id = 45231)

table 5 : explain SELECT c FROM sbtest5 WHERE id=1729875
	Index Scan using sbtest5_pkey on sbtest5  (cost=0.43..8.45 rows=1 width=121)
	  Index Cond: (id = 1729875)

table 6 : explain SELECT c FROM sbtest6 WHERE id=4103435
	Index Scan using sbtest6_pkey on sbtest6  (cost=0.43..8.45 rows=1 width=121)
	  Index Cond: (id = 4103435)

table 7 : explain SELECT c FROM sbtest7 WHERE id=8220912
	Index Scan using sbtest7_pkey on sbtest7  (cost=0.43..8.45 rows=1 width=121)
	  Index Cond: (id = 8220912)

table 8 : explain SELECT c FROM sbtest8 WHERE id=3236589
	Index Scan using sbtest8_pkey on sbtest8  (cost=0.43..8.45 rows=1 width=121)
	  Index Cond: (id = 3236589)

for: distinct_ranges
table 1 : explain SELECT DISTINCT c FROM sbtest1 WHERE id BETWEEN 4659693 AND 4659702 ORDER BY c
	Unique  (cost=39.45..39.50 rows=10 width=121)
	  ->  Sort  (cost=39.45..39.47 rows=10 width=121)
	        Sort Key: c
	        ->  Index Scan using sbtest1_pkey on sbtest1  (cost=0.43..39.28 rows=10 width=121)
	              Index Cond: ((id >= 4659693) AND (id <= 4659702))

table 2 : explain SELECT DISTINCT c FROM sbtest2 WHERE id BETWEEN 3530989 AND 3530998 ORDER BY c
	Unique  (cost=39.34..39.39 rows=10 width=121)
	  ->  Sort  (cost=39.34..39.37 rows=10 width=121)
	        Sort Key: c
	        ->  Index Scan using sbtest2_pkey on sbtest2  (cost=0.43..39.18 rows=10 width=121)
	              Index Cond: ((id >= 3530989) AND (id <= 3530998))

table 3 : explain SELECT DISTINCT c FROM sbtest3 WHERE id BETWEEN 5261856 AND 5261865 ORDER BY c
	Unique  (cost=35.86..35.91 rows=9 width=121)
	  ->  Sort  (cost=35.86..35.88 rows=9 width=121)
	        Sort Key: c
	        ->  Index Scan using sbtest3_pkey on sbtest3  (cost=0.43..35.72 rows=9 width=121)
	              Index Cond: ((id >= 5261856) AND (id <= 5261865))

table 4 : explain SELECT DISTINCT c FROM sbtest4 WHERE id BETWEEN 4774258 AND 4774267 ORDER BY c
	Unique  (cost=35.60..35.64 rows=9 width=121)
	  ->  Sort  (cost=35.60..35.62 rows=9 width=121)
	        Sort Key: c
	        ->  Index Scan using sbtest4_pkey on sbtest4  (cost=0.43..35.46 rows=9 width=121)
	              Index Cond: ((id >= 4774258) AND (id <= 4774267))

table 5 : explain SELECT DISTINCT c FROM sbtest5 WHERE id BETWEEN 4529286 AND 4529295 ORDER BY c
	Unique  (cost=38.87..38.92 rows=10 width=121)
	  ->  Sort  (cost=38.87..38.90 rows=10 width=121)
	        Sort Key: c
	        ->  Index Scan using sbtest5_pkey on sbtest5  (cost=0.43..38.71 rows=10 width=121)
	              Index Cond: ((id >= 4529286) AND (id <= 4529295))

table 6 : explain SELECT DISTINCT c FROM sbtest6 WHERE id BETWEEN 6853587 AND 6853596 ORDER BY c
	Unique  (cost=38.83..38.88 rows=10 width=121)
	  ->  Sort  (cost=38.83..38.85 rows=10 width=121)
	        Sort Key: c
	        ->  Index Scan using sbtest6_pkey on sbtest6  (cost=0.43..38.66 rows=10 width=121)
	              Index Cond: ((id >= 6853587) AND (id <= 6853596))

table 7 : explain SELECT DISTINCT c FROM sbtest7 WHERE id BETWEEN 2356284 AND 2356293 ORDER BY c
	Unique  (cost=42.38..42.44 rows=11 width=121)
	  ->  Sort  (cost=42.38..42.41 rows=11 width=121)
	        Sort Key: c
	        ->  Index Scan using sbtest7_pkey on sbtest7  (cost=0.43..42.19 rows=11 width=121)
	              Index Cond: ((id >= 2356284) AND (id <= 2356293))

table 8 : explain SELECT DISTINCT c FROM sbtest8 WHERE id BETWEEN 5864899 AND 5864908 ORDER BY c
	Unique  (cost=38.85..38.90 rows=10 width=121)
	  ->  Sort  (cost=38.85..38.88 rows=10 width=121)
	        Sort Key: c
	        ->  Index Scan using sbtest8_pkey on sbtest8  (cost=0.43..38.69 rows=10 width=121)
	              Index Cond: ((id >= 5864899) AND (id <= 5864908))

explain: for non_index_updates :: explain UPDATE sbtest%u SET c='foobar' WHERE id=%u
for: distinct_ranges
table 1 : explain SELECT DISTINCT c FROM sbtest1 WHERE id BETWEEN 916870 AND 916879 ORDER BY c
	Unique  (cost=39.45..39.50 rows=10 width=121)
	  ->  Sort  (cost=39.45..39.47 rows=10 width=121)
	        Sort Key: c
	        ->  Index Scan using sbtest1_pkey on sbtest1  (cost=0.43..39.28 rows=10 width=121)
	              Index Cond: ((id >= 916870) AND (id <= 916879))

table 2 : explain SELECT DISTINCT c FROM sbtest2 WHERE id BETWEEN 2095078 AND 2095087 ORDER BY c
	Unique  (cost=39.34..39.39 rows=10 width=121)
	  ->  Sort  (cost=39.34..39.37 rows=10 width=121)
	        Sort Key: c
	        ->  Index Scan using sbtest2_pkey on sbtest2  (cost=0.43..39.18 rows=10 width=121)
	              Index Cond: ((id >= 2095078) AND (id <= 2095087))

table 3 : explain SELECT DISTINCT c FROM sbtest3 WHERE id BETWEEN 7146429 AND 7146438 ORDER BY c
	Unique  (cost=39.29..39.34 rows=10 width=121)
	  ->  Sort  (cost=39.29..39.32 rows=10 width=121)
	        Sort Key: c
	        ->  Index Scan using sbtest3_pkey on sbtest3  (cost=0.43..39.13 rows=10 width=121)
	              Index Cond: ((id >= 7146429) AND (id <= 7146438))

table 4 : explain SELECT DISTINCT c FROM sbtest4 WHERE id BETWEEN 755413 AND 755422 ORDER BY c
	Unique  (cost=39.00..39.05 rows=10 width=121)
	  ->  Sort  (cost=39.00..39.02 rows=10 width=121)
	        Sort Key: c
	        ->  Index Scan using sbtest4_pkey on sbtest4  (cost=0.43..38.83 rows=10 width=121)
	              Index Cond: ((id >= 755413) AND (id <= 755422))

table 5 : explain SELECT DISTINCT c FROM sbtest5 WHERE id BETWEEN 1623452 AND 1623461 ORDER BY c
	Unique  (cost=38.87..38.92 rows=10 width=121)
	  ->  Sort  (cost=38.87..38.90 rows=10 width=121)
	        Sort Key: c
	        ->  Index Scan using sbtest5_pkey on sbtest5  (cost=0.43..38.71 rows=10 width=121)
	              Index Cond: ((id >= 1623452) AND (id <= 1623461))

table 6 : explain SELECT DISTINCT c FROM sbtest6 WHERE id BETWEEN 3593829 AND 3593838 ORDER BY c
	Unique  (cost=38.83..38.88 rows=10 width=121)
	  ->  Sort  (cost=38.83..38.85 rows=10 width=121)
	        Sort Key: c
	        ->  Index Scan using sbtest6_pkey on sbtest6  (cost=0.43..38.66 rows=10 width=121)
	              Index Cond: ((id >= 3593829) AND (id <= 3593838))

table 7 : explain SELECT DISTINCT c FROM sbtest7 WHERE id BETWEEN 4173416 AND 4173425 ORDER BY c
	Unique  (cost=38.99..39.04 rows=10 width=121)
	  ->  Sort  (cost=38.99..39.01 rows=10 width=121)
	        Sort Key: c
	        ->  Index Scan using sbtest7_pkey on sbtest7  (cost=0.43..38.82 rows=10 width=121)
	              Index Cond: ((id >= 4173416) AND (id <= 4173425))

table 8 : explain SELECT DISTINCT c FROM sbtest8 WHERE id BETWEEN 5206489 AND 5206498 ORDER BY c
	Unique  (cost=35.47..35.51 rows=9 width=121)
	  ->  Sort  (cost=35.47..35.49 rows=9 width=121)
	        Sort Key: c
	        ->  Index Scan using sbtest8_pkey on sbtest8  (cost=0.43..35.33 rows=9 width=121)
	              Index Cond: ((id >= 5206489) AND (id <= 5206498))

explain: for inserts :: explain INSERT INTO sbtest%u (id, k, c, pad) VALUES (%u, 13, 'foobar', 'foobar')
for non_index_updates
table 1 : explain UPDATE sbtest1 SET c='foobar' WHERE id=9182227
	Update on sbtest1  (cost=0.43..8.45 rows=1 width=559)
	  ->  Index Scan using sbtest1_pkey on sbtest1  (cost=0.43..8.45 rows=1 width=559)
	        Index Cond: (id = 9182227)

table 2 : explain UPDATE sbtest2 SET c='foobar' WHERE id=8261160
	Update on sbtest2  (cost=0.43..8.45 rows=1 width=559)
	  ->  Index Scan using sbtest2_pkey on sbtest2  (cost=0.43..8.45 rows=1 width=559)
	        Index Cond: (id = 8261160)

table 3 : explain UPDATE sbtest3 SET c='foobar' WHERE id=9146283
	Update on sbtest3  (cost=0.43..8.45 rows=1 width=559)
	  ->  Index Scan using sbtest3_pkey on sbtest3  (cost=0.43..8.45 rows=1 width=559)
	        Index Cond: (id = 9146283)

table 4 : explain UPDATE sbtest4 SET c='foobar' WHERE id=8910162
	Update on sbtest4  (cost=0.43..8.45 rows=1 width=559)
	  ->  Index Scan using sbtest4_pkey on sbtest4  (cost=0.43..8.45 rows=1 width=559)
	        Index Cond: (id = 8910162)

table 5 : explain UPDATE sbtest5 SET c='foobar' WHERE id=400208
	Update on sbtest5  (cost=0.43..8.45 rows=1 width=559)
	  ->  Index Scan using sbtest5_pkey on sbtest5  (cost=0.43..8.45 rows=1 width=559)
	        Index Cond: (id = 400208)

table 6 : explain UPDATE sbtest6 SET c='foobar' WHERE id=9263930
	Update on sbtest6  (cost=0.43..8.45 rows=1 width=559)
	  ->  Index Scan using sbtest6_pkey on sbtest6  (cost=0.43..8.45 rows=1 width=559)
	        Index Cond: (id = 9263930)

table 7 : explain UPDATE sbtest7 SET c='foobar' WHERE id=801788
	Update on sbtest7  (cost=0.43..8.45 rows=1 width=559)
	  ->  Index Scan using sbtest7_pkey on sbtest7  (cost=0.43..8.45 rows=1 width=559)
	        Index Cond: (id = 801788)

table 8 : explain UPDATE sbtest8 SET c='foobar' WHERE id=6498774
	Update on sbtest8  (cost=0.43..8.45 rows=1 width=559)
	  ->  Index Scan using sbtest8_pkey on sbtest8  (cost=0.43..8.45 rows=1 width=559)
	        Index Cond: (id = 6498774)

for non_index_updates
table 1 : explain UPDATE sbtest1 SET c='foobar' WHERE id=8836287
	Update on sbtest1  (cost=0.43..8.45 rows=1 width=559)
	  ->  Index Scan using sbtest1_pkey on sbtest1  (cost=0.43..8.45 rows=1 width=559)
	        Index Cond: (id = 8836287)

table 2 : explain UPDATE sbtest2 SET c='foobar' WHERE id=37250
	Update on sbtest2  (cost=0.43..8.45 rows=1 width=559)
	  ->  Index Scan using sbtest2_pkey on sbtest2  (cost=0.43..8.45 rows=1 width=559)
	        Index Cond: (id = 37250)

table 3 : explain UPDATE sbtest3 SET c='foobar' WHERE id=7240092
	Update on sbtest3  (cost=0.43..8.45 rows=1 width=559)
	  ->  Index Scan using sbtest3_pkey on sbtest3  (cost=0.43..8.45 rows=1 width=559)
	        Index Cond: (id = 7240092)

table 4 : explain UPDATE sbtest4 SET c='foobar' WHERE id=2569290
	Update on sbtest4  (cost=0.43..8.45 rows=1 width=559)
	  ->  Index Scan using sbtest4_pkey on sbtest4  (cost=0.43..8.45 rows=1 width=559)
	        Index Cond: (id = 2569290)

table 5 : explain UPDATE sbtest5 SET c='foobar' WHERE id=7162257
	Update on sbtest5  (cost=0.43..8.45 rows=1 width=559)
	  ->  Index Scan using sbtest5_pkey on sbtest5  (cost=0.43..8.45 rows=1 width=559)
	        Index Cond: (id = 7162257)

table 6 : explain UPDATE sbtest6 SET c='foobar' WHERE id=7858793
	Update on sbtest6  (cost=0.43..8.45 rows=1 width=559)
	  ->  Index Scan using sbtest6_pkey on sbtest6  (cost=0.43..8.45 rows=1 width=559)
	        Index Cond: (id = 7858793)

table 7 : explain UPDATE sbtest7 SET c='foobar' WHERE id=427393
	Update on sbtest7  (cost=0.43..8.45 rows=1 width=559)
	  ->  Index Scan using sbtest7_pkey on sbtest7  (cost=0.43..8.45 rows=1 width=559)
	        Index Cond: (id = 427393)

table 8 : explain UPDATE sbtest8 SET c='foobar' WHERE id=3835867
	Update on sbtest8  (cost=0.43..8.45 rows=1 width=559)
	  ->  Index Scan using sbtest8_pkey on sbtest8  (cost=0.43..8.45 rows=1 width=559)
	        Index Cond: (id = 3835867)

for non_index_updates
table 1 : explain UPDATE sbtest1 SET c='foobar' WHERE id=1385086
	Update on sbtest1  (cost=0.43..8.45 rows=1 width=559)
	  ->  Index Scan using sbtest1_pkey on sbtest1  (cost=0.43..8.45 rows=1 width=559)
	        Index Cond: (id = 1385086)

table 2 : explain UPDATE sbtest2 SET c='foobar' WHERE id=8524496
	Update on sbtest2  (cost=0.43..8.45 rows=1 width=559)
	  ->  Index Scan using sbtest2_pkey on sbtest2  (cost=0.43..8.45 rows=1 width=559)
	        Index Cond: (id = 8524496)

table 3 : explain UPDATE sbtest3 SET c='foobar' WHERE id=2055165
	Update on sbtest3  (cost=0.43..8.45 rows=1 width=559)
	  ->  Index Scan using sbtest3_pkey on sbtest3  (cost=0.43..8.45 rows=1 width=559)
	        Index Cond: (id = 2055165)

table 4 : explain UPDATE sbtest4 SET c='foobar' WHERE id=9159975
	Update on sbtest4  (cost=0.43..8.45 rows=1 width=559)
	  ->  Index Scan using sbtest4_pkey on sbtest4  (cost=0.43..8.45 rows=1 width=559)
	        Index Cond: (id = 9159975)

table 5 : explain UPDATE sbtest5 SET c='foobar' WHERE id=6838343
	Update on sbtest5  (cost=0.43..8.45 rows=1 width=559)
	  ->  Index Scan using sbtest5_pkey on sbtest5  (cost=0.43..8.45 rows=1 width=559)
	        Index Cond: (id = 6838343)

table 6 : explain UPDATE sbtest6 SET c='foobar' WHERE id=7617195
	Update on sbtest6  (cost=0.43..8.45 rows=1 width=559)
	  ->  Index Scan using sbtest6_pkey on sbtest6  (cost=0.43..8.45 rows=1 width=559)
	        Index Cond: (id = 7617195)

table 7 : explain UPDATE sbtest7 SET c='foobar' WHERE id=4009346
	Update on sbtest7  (cost=0.43..8.45 rows=1 width=559)
	  ->  Index Scan using sbtest7_pkey on sbtest7  (cost=0.43..8.45 rows=1 width=559)
	        Index Cond: (id = 4009346)

table 8 : explain UPDATE sbtest8 SET c='foobar' WHERE id=3492057
	Update on sbtest8  (cost=0.43..8.45 rows=1 width=559)
	  ->  Index Scan using sbtest8_pkey on sbtest8  (cost=0.43..8.45 rows=1 width=559)
	        Index Cond: (id = 3492057)

for point_selects
table 1 : explain SELECT c FROM sbtest1 WHERE id=1802811
	Index Scan using sbtest1_pkey on sbtest1  (cost=0.43..8.45 rows=1 width=121)
	  Index Cond: (id = 1802811)

table 2 : explain SELECT c FROM sbtest2 WHERE id=3490991
	Index Scan using sbtest2_pkey on sbtest2  (cost=0.43..8.45 rows=1 width=121)
	  Index Cond: (id = 3490991)

table 3 : explain SELECT c FROM sbtest3 WHERE id=9541209
	Index Scan using sbtest3_pkey on sbtest3  (cost=0.43..8.45 rows=1 width=121)
	  Index Cond: (id = 9541209)

table 4 : explain SELECT c FROM sbtest4 WHERE id=3775639
	Index Scan using sbtest4_pkey on sbtest4  (cost=0.43..8.45 rows=1 width=121)
	  Index Cond: (id = 3775639)

table 5 : explain SELECT c FROM sbtest5 WHERE id=9008043
	Index Scan using sbtest5_pkey on sbtest5  (cost=0.43..8.45 rows=1 width=121)
	  Index Cond: (id = 9008043)

table 6 : explain SELECT c FROM sbtest6 WHERE id=5635026
	Index Scan using sbtest6_pkey on sbtest6  (cost=0.43..8.45 rows=1 width=121)
	  Index Cond: (id = 5635026)

table 7 : explain SELECT c FROM sbtest7 WHERE id=2812766
	Index Scan using sbtest7_pkey on sbtest7  (cost=0.43..8.45 rows=1 width=121)
	  Index Cond: (id = 2812766)

table 8 : explain SELECT c FROM sbtest8 WHERE id=727025
	Index Scan using sbtest8_pkey on sbtest8  (cost=0.43..8.45 rows=1 width=121)
	  Index Cond: (id = 727025)

for inserts
table 1 : explain INSERT INTO sbtest1 (id, k, c, pad) VALUES (2440071, 13, 'foobar', 'foobar')
	Insert on sbtest1  (cost=0.00..0.01 rows=1 width=736)
	  ->  Result  (cost=0.00..0.01 rows=1 width=736)

table 2 : explain INSERT INTO sbtest2 (id, k, c, pad) VALUES (5602691, 13, 'foobar', 'foobar')
	Insert on sbtest2  (cost=0.00..0.01 rows=1 width=736)
	  ->  Result  (cost=0.00..0.01 rows=1 width=736)

table 3 : explain INSERT INTO sbtest3 (id, k, c, pad) VALUES (8226216, 13, 'foobar', 'foobar')
	Insert on sbtest3  (cost=0.00..0.01 rows=1 width=736)
	  ->  Result  (cost=0.00..0.01 rows=1 width=736)

table 4 : explain INSERT INTO sbtest4 (id, k, c, pad) VALUES (5015046, 13, 'foobar', 'foobar')
	Insert on sbtest4  (cost=0.00..0.01 rows=1 width=736)
	  ->  Result  (cost=0.00..0.01 rows=1 width=736)

table 5 : explain INSERT INTO sbtest5 (id, k, c, pad) VALUES (6456289, 13, 'foobar', 'foobar')
	Insert on sbtest5  (cost=0.00..0.01 rows=1 width=736)
	  ->  Result  (cost=0.00..0.01 rows=1 width=736)

table 6 : explain INSERT INTO sbtest6 (id, k, c, pad) VALUES (2752197, 13, 'foobar', 'foobar')
	Insert on sbtest6  (cost=0.00..0.01 rows=1 width=736)
	  ->  Result  (cost=0.00..0.01 rows=1 width=736)

table 7 : explain INSERT INTO sbtest7 (id, k, c, pad) VALUES (9827551, 13, 'foobar', 'foobar')
	Insert on sbtest7  (cost=0.00..0.01 rows=1 width=736)
	  ->  Result  (cost=0.00..0.01 rows=1 width=736)

table 8 : explain INSERT INTO sbtest8 (id, k, c, pad) VALUES (204314, 13, 'foobar', 'foobar')
	Insert on sbtest8  (cost=0.00..0.01 rows=1 width=736)
	  ->  Result  (cost=0.00..0.01 rows=1 width=736)

explain: for index_updates :: explain UPDATE sbtest%u SET k=k+1 WHERE id=%u
for: order_ranges
table 1 : explain SELECT c FROM sbtest1 WHERE id BETWEEN 7741401 AND 7741410 ORDER BY c
	Sort  (cost=36.00..36.02 rows=9 width=121)
	  Sort Key: c
	  ->  Index Scan using sbtest1_pkey on sbtest1  (cost=0.43..35.86 rows=9 width=121)
	        Index Cond: ((id >= 7741401) AND (id <= 7741410))

table 2 : explain SELECT c FROM sbtest2 WHERE id BETWEEN 4944602 AND 4944611 ORDER BY c
	Sort  (cost=42.78..42.81 rows=11 width=121)
	  Sort Key: c
	  ->  Index Scan using sbtest2_pkey on sbtest2  (cost=0.43..42.59 rows=11 width=121)
	        Index Cond: ((id >= 4944602) AND (id <= 4944611))

table 3 : explain SELECT c FROM sbtest3 WHERE id BETWEEN 5780742 AND 5780751 ORDER BY c
	Sort  (cost=39.29..39.32 rows=10 width=121)
	  Sort Key: c
	  ->  Index Scan using sbtest3_pkey on sbtest3  (cost=0.43..39.13 rows=10 width=121)
	        Index Cond: ((id >= 5780742) AND (id <= 5780751))

table 4 : explain SELECT c FROM sbtest4 WHERE id BETWEEN 233738 AND 233747 ORDER BY c
	Sort  (cost=35.60..35.62 rows=9 width=121)
	  Sort Key: c
	  ->  Index Scan using sbtest4_pkey on sbtest4  (cost=0.43..35.46 rows=9 width=121)
	        Index Cond: ((id >= 233738) AND (id <= 233747))

table 5 : explain SELECT c FROM sbtest5 WHERE id BETWEEN 3573240 AND 3573249 ORDER BY c
	Sort  (cost=38.87..38.90 rows=10 width=121)
	  Sort Key: c
	  ->  Index Scan using sbtest5_pkey on sbtest5  (cost=0.43..38.71 rows=10 width=121)
	        Index Cond: ((id >= 3573240) AND (id <= 3573249))

table 6 : explain SELECT c FROM sbtest6 WHERE id BETWEEN 1680667 AND 1680676 ORDER BY c
	Sort  (cost=38.83..38.85 rows=10 width=121)
	  Sort Key: c
	  ->  Index Scan using sbtest6_pkey on sbtest6  (cost=0.43..38.66 rows=10 width=121)
	        Index Cond: ((id >= 1680667) AND (id <= 1680676))

table 7 : explain SELECT c FROM sbtest7 WHERE id BETWEEN 9573454 AND 9573463 ORDER BY c
	Sort  (cost=38.99..39.01 rows=10 width=121)
	  Sort Key: c
	  ->  Index Scan using sbtest7_pkey on sbtest7  (cost=0.43..38.82 rows=10 width=121)
	        Index Cond: ((id >= 9573454) AND (id <= 9573463))

table 8 : explain SELECT c FROM sbtest8 WHERE id BETWEEN 8621359 AND 8621368 ORDER BY c
	Sort  (cost=42.24..42.26 rows=11 width=121)
	  Sort Key: c
	  ->  Index Scan using sbtest8_pkey on sbtest8  (cost=0.43..42.04 rows=11 width=121)
	        Index Cond: ((id >= 8621359) AND (id <= 8621368))

explain: for deletes :: explain DELETE FROM sbtest%u WHERE id=%u
explain: for point_selects :: explain SELECT c FROM sbtest%u WHERE id=%u
explain: for point_selects :: explain SELECT c FROM sbtest%u WHERE id=%u
explain: for point_selects :: explain SELECT c FROM sbtest%u WHERE id=%u
explain: for index_updates :: explain UPDATE sbtest%u SET k=k+1 WHERE id=%u
for inserts
table 1 : explain INSERT INTO sbtest1 (id, k, c, pad) VALUES (6390489, 13, 'foobar', 'foobar')
	Insert on sbtest1  (cost=0.00..0.01 rows=1 width=736)
	  ->  Result  (cost=0.00..0.01 rows=1 width=736)

table 2 : explain INSERT INTO sbtest2 (id, k, c, pad) VALUES (370897, 13, 'foobar', 'foobar')
	Insert on sbtest2  (cost=0.00..0.01 rows=1 width=736)
	  ->  Result  (cost=0.00..0.01 rows=1 width=736)

table 3 : explain INSERT INTO sbtest3 (id, k, c, pad) VALUES (5649151, 13, 'foobar', 'foobar')
	Insert on sbtest3  (cost=0.00..0.01 rows=1 width=736)
	  ->  Result  (cost=0.00..0.01 rows=1 width=736)

table 4 : explain INSERT INTO sbtest4 (id, k, c, pad) VALUES (4582121, 13, 'foobar', 'foobar')
	Insert on sbtest4  (cost=0.00..0.01 rows=1 width=736)
	  ->  Result  (cost=0.00..0.01 rows=1 width=736)

table 5 : explain INSERT INTO sbtest5 (id, k, c, pad) VALUES (48206, 13, 'foobar', 'foobar')
	Insert on sbtest5  (cost=0.00..0.01 rows=1 width=736)
	  ->  Result  (cost=0.00..0.01 rows=1 width=736)

table 6 : explain INSERT INTO sbtest6 (id, k, c, pad) VALUES (6437423, 13, 'foobar', 'foobar')
	Insert on sbtest6  (cost=0.00..0.01 rows=1 width=736)
	  ->  Result  (cost=0.00..0.01 rows=1 width=736)

table 7 : explain INSERT INTO sbtest7 (id, k, c, pad) VALUES (4090392, 13, 'foobar', 'foobar')
	Insert on sbtest7  (cost=0.00..0.01 rows=1 width=736)
	  ->  Result  (cost=0.00..0.01 rows=1 width=736)

table 8 : explain INSERT INTO sbtest8 (id, k, c, pad) VALUES (3626629, 13, 'foobar', 'foobar')
	Insert on sbtest8  (cost=0.00..0.01 rows=1 width=736)
	  ->  Result  (cost=0.00..0.01 rows=1 width=736)

for: simple_ranges
table 1 : explain SELECT c FROM sbtest1 WHERE id BETWEEN 9291685 AND 9291694
	Index Scan using sbtest1_pkey on sbtest1  (cost=0.43..39.28 rows=10 width=121)
	  Index Cond: ((id >= 9291685) AND (id <= 9291694))

table 2 : explain SELECT c FROM sbtest2 WHERE id BETWEEN 8036816 AND 8036825
	Index Scan using sbtest2_pkey on sbtest2  (cost=0.43..39.18 rows=10 width=121)
	  Index Cond: ((id >= 8036816) AND (id <= 8036825))

table 3 : explain SELECT c FROM sbtest3 WHERE id BETWEEN 3528334 AND 3528343
	Index Scan using sbtest3_pkey on sbtest3  (cost=0.43..39.13 rows=10 width=121)
	  Index Cond: ((id >= 3528334) AND (id <= 3528343))

table 4 : explain SELECT c FROM sbtest4 WHERE id BETWEEN 4855944 AND 4855953
	Index Scan using sbtest4_pkey on sbtest4  (cost=0.43..35.46 rows=9 width=121)
	  Index Cond: ((id >= 4855944) AND (id <= 4855953))

table 5 : explain SELECT c FROM sbtest5 WHERE id BETWEEN 7513366 AND 7513375
	Index Scan using sbtest5_pkey on sbtest5  (cost=0.43..38.71 rows=10 width=121)
	  Index Cond: ((id >= 7513366) AND (id <= 7513375))

table 6 : explain SELECT c FROM sbtest6 WHERE id BETWEEN 5744966 AND 5744975
	Index Scan using sbtest6_pkey on sbtest6  (cost=0.43..38.66 rows=10 width=121)
	  Index Cond: ((id >= 5744966) AND (id <= 5744975))

table 7 : explain SELECT c FROM sbtest7 WHERE id BETWEEN 3911930 AND 3911939
	Index Scan using sbtest7_pkey on sbtest7  (cost=0.43..38.82 rows=10 width=121)
	  Index Cond: ((id >= 3911930) AND (id <= 3911939))

table 8 : explain SELECT c FROM sbtest8 WHERE id BETWEEN 2449754 AND 2449763
	Index Scan using sbtest8_pkey on sbtest8  (cost=0.43..38.69 rows=10 width=121)
	  Index Cond: ((id >= 2449754) AND (id <= 2449763))

explain: for deletes :: explain DELETE FROM sbtest%u WHERE id=%u
explain: for deletes :: explain DELETE FROM sbtest%u WHERE id=%u
for: simple_ranges
table 1 : explain SELECT c FROM sbtest1 WHERE id BETWEEN 1157574 AND 1157583
	Index Scan using sbtest1_pkey on sbtest1  (cost=0.43..35.86 rows=9 width=121)
	  Index Cond: ((id >= 1157574) AND (id <= 1157583))

table 2 : explain SELECT c FROM sbtest2 WHERE id BETWEEN 5116284 AND 5116293
	Index Scan using sbtest2_pkey on sbtest2  (cost=0.43..39.18 rows=10 width=121)
	  Index Cond: ((id >= 5116284) AND (id <= 5116293))

table 3 : explain SELECT c FROM sbtest3 WHERE id BETWEEN 7529179 AND 7529188
	Index Scan using sbtest3_pkey on sbtest3  (cost=0.43..39.13 rows=10 width=121)
	  Index Cond: ((id >= 7529179) AND (id <= 7529188))

table 4 : explain SELECT c FROM sbtest4 WHERE id BETWEEN 9378605 AND 9378614
	Index Scan using sbtest4_pkey on sbtest4  (cost=0.43..38.83 rows=10 width=121)
	  Index Cond: ((id >= 9378605) AND (id <= 9378614))

table 5 : explain SELECT c FROM sbtest5 WHERE id BETWEEN 9456116 AND 9456125
	Index Scan using sbtest5_pkey on sbtest5  (cost=0.43..38.71 rows=10 width=121)
	  Index Cond: ((id >= 9456116) AND (id <= 9456125))

table 6 : explain SELECT c FROM sbtest6 WHERE id BETWEEN 3139329 AND 3139338
	Index Scan using sbtest6_pkey on sbtest6  (cost=0.43..38.66 rows=10 width=121)
	  Index Cond: ((id >= 3139329) AND (id <= 3139338))

table 7 : explain SELECT c FROM sbtest7 WHERE id BETWEEN 1275678 AND 1275687
	Index Scan using sbtest7_pkey on sbtest7  (cost=0.43..38.82 rows=10 width=121)
	  Index Cond: ((id >= 1275678) AND (id <= 1275687))

table 8 : explain SELECT c FROM sbtest8 WHERE id BETWEEN 4043928 AND 4043937
	Index Scan using sbtest8_pkey on sbtest8  (cost=0.43..38.69 rows=10 width=121)
	  Index Cond: ((id >= 4043928) AND (id <= 4043937))

for deletes
table 1 : explain DELETE FROM sbtest1 WHERE id=9889135
	Delete on sbtest1  (cost=0.43..8.45 rows=1 width=6)
	  ->  Index Scan using sbtest1_pkey on sbtest1  (cost=0.43..8.45 rows=1 width=6)
	        Index Cond: (id = 9889135)

table 2 : explain DELETE FROM sbtest2 WHERE id=6730580
	Delete on sbtest2  (cost=0.43..8.45 rows=1 width=6)
	  ->  Index Scan using sbtest2_pkey on sbtest2  (cost=0.43..8.45 rows=1 width=6)
	        Index Cond: (id = 6730580)

table 3 : explain DELETE FROM sbtest3 WHERE id=4405559
	Delete on sbtest3  (cost=0.43..8.45 rows=1 width=6)
	  ->  Index Scan using sbtest3_pkey on sbtest3  (cost=0.43..8.45 rows=1 width=6)
	        Index Cond: (id = 4405559)

table 4 : explain DELETE FROM sbtest4 WHERE id=2333784
	Delete on sbtest4  (cost=0.43..8.45 rows=1 width=6)
	  ->  Index Scan using sbtest4_pkey on sbtest4  (cost=0.43..8.45 rows=1 width=6)
	        Index Cond: (id = 2333784)

table 5 : explain DELETE FROM sbtest5 WHERE id=3945483
	Delete on sbtest5  (cost=0.43..8.45 rows=1 width=6)
	  ->  Index Scan using sbtest5_pkey on sbtest5  (cost=0.43..8.45 rows=1 width=6)
	        Index Cond: (id = 3945483)

table 6 : explain DELETE FROM sbtest6 WHERE id=4664084
	Delete on sbtest6  (cost=0.43..8.45 rows=1 width=6)
	  ->  Index Scan using sbtest6_pkey on sbtest6  (cost=0.43..8.45 rows=1 width=6)
	        Index Cond: (id = 4664084)

table 7 : explain DELETE FROM sbtest7 WHERE id=3288132
	Delete on sbtest7  (cost=0.43..8.45 rows=1 width=6)
	  ->  Index Scan using sbtest7_pkey on sbtest7  (cost=0.43..8.45 rows=1 width=6)
	        Index Cond: (id = 3288132)

table 8 : explain DELETE FROM sbtest8 WHERE id=5377677
	Delete on sbtest8  (cost=0.43..8.45 rows=1 width=6)
	  ->  Index Scan using sbtest8_pkey on sbtest8  (cost=0.43..8.45 rows=1 width=6)
	        Index Cond: (id = 5377677)

for non_index_updates
table 1 : explain UPDATE sbtest1 SET c='foobar' WHERE id=3325325
	Update on sbtest1  (cost=0.43..8.45 rows=1 width=559)
	  ->  Index Scan using sbtest1_pkey on sbtest1  (cost=0.43..8.45 rows=1 width=559)
	        Index Cond: (id = 3325325)

table 2 : explain UPDATE sbtest2 SET c='foobar' WHERE id=1896054
	Update on sbtest2  (cost=0.43..8.45 rows=1 width=559)
	  ->  Index Scan using sbtest2_pkey on sbtest2  (cost=0.43..8.45 rows=1 width=559)
	        Index Cond: (id = 1896054)

table 3 : explain UPDATE sbtest3 SET c='foobar' WHERE id=7860574
	Update on sbtest3  (cost=0.43..8.45 rows=1 width=559)
	  ->  Index Scan using sbtest3_pkey on sbtest3  (cost=0.43..8.45 rows=1 width=559)
	        Index Cond: (id = 7860574)

table 4 : explain UPDATE sbtest4 SET c='foobar' WHERE id=382855
	Update on sbtest4  (cost=0.43..8.45 rows=1 width=559)
	  ->  Index Scan using sbtest4_pkey on sbtest4  (cost=0.43..8.45 rows=1 width=559)
	        Index Cond: (id = 382855)

table 5 : explain UPDATE sbtest5 SET c='foobar' WHERE id=3067394
	Update on sbtest5  (cost=0.43..8.45 rows=1 width=559)
	  ->  Index Scan using sbtest5_pkey on sbtest5  (cost=0.43..8.45 rows=1 width=559)
	        Index Cond: (id = 3067394)

table 6 : explain UPDATE sbtest6 SET c='foobar' WHERE id=5044249
	Update on sbtest6  (cost=0.43..8.45 rows=1 width=559)
	  ->  Index Scan using sbtest6_pkey on sbtest6  (cost=0.43..8.45 rows=1 width=559)
	        Index Cond: (id = 5044249)

table 7 : explain UPDATE sbtest7 SET c='foobar' WHERE id=3742863
	Update on sbtest7  (cost=0.43..8.45 rows=1 width=559)
	  ->  Index Scan using sbtest7_pkey on sbtest7  (cost=0.43..8.45 rows=1 width=559)
	        Index Cond: (id = 3742863)

table 8 : explain UPDATE sbtest8 SET c='foobar' WHERE id=5973613
	Update on sbtest8  (cost=0.43..8.45 rows=1 width=559)
	  ->  Index Scan using sbtest8_pkey on sbtest8  (cost=0.43..8.45 rows=1 width=559)
	        Index Cond: (id = 5973613)

for: simple_ranges
table 1 : explain SELECT c FROM sbtest1 WHERE id BETWEEN 94300 AND 94309
	Index Scan using sbtest1_pkey on sbtest1  (cost=0.43..35.86 rows=9 width=121)
	  Index Cond: ((id >= 94300) AND (id <= 94309))

table 2 : explain SELECT c FROM sbtest2 WHERE id BETWEEN 3893734 AND 3893743
	Index Scan using sbtest2_pkey on sbtest2  (cost=0.43..35.76 rows=9 width=121)
	  Index Cond: ((id >= 3893734) AND (id <= 3893743))

table 3 : explain SELECT c FROM sbtest3 WHERE id BETWEEN 6565019 AND 6565028
	Index Scan using sbtest3_pkey on sbtest3  (cost=0.43..35.72 rows=9 width=121)
	  Index Cond: ((id >= 6565019) AND (id <= 6565028))

table 4 : explain SELECT c FROM sbtest4 WHERE id BETWEEN 3883368 AND 3883377
	Index Scan using sbtest4_pkey on sbtest4  (cost=0.43..38.83 rows=10 width=121)
	  Index Cond: ((id >= 3883368) AND (id <= 3883377))

table 5 : explain SELECT c FROM sbtest5 WHERE id BETWEEN 6622036 AND 6622045
	Index Scan using sbtest5_pkey on sbtest5  (cost=0.43..38.71 rows=10 width=121)
	  Index Cond: ((id >= 6622036) AND (id <= 6622045))

table 6 : explain SELECT c FROM sbtest6 WHERE id BETWEEN 2368574 AND 2368583
	Index Scan using sbtest6_pkey on sbtest6  (cost=0.43..42.02 rows=11 width=121)
	  Index Cond: ((id >= 2368574) AND (id <= 2368583))

table 7 : explain SELECT c FROM sbtest7 WHERE id BETWEEN 6902795 AND 6902804
	Index Scan using sbtest7_pkey on sbtest7  (cost=0.43..42.19 rows=11 width=121)
	  Index Cond: ((id >= 6902795) AND (id <= 6902804))

table 8 : explain SELECT c FROM sbtest8 WHERE id BETWEEN 1023220 AND 1023229
	Index Scan using sbtest8_pkey on sbtest8  (cost=0.43..35.33 rows=9 width=121)
	  Index Cond: ((id >= 1023220) AND (id <= 1023229))

explain: for point_selects :: explain SELECT c FROM sbtest%u WHERE id=%u
for index_updates
table 1 : explain UPDATE sbtest1 SET k=k+1 WHERE id=2238011
	Update on sbtest1  (cost=0.43..8.46 rows=1 width=196)
	  ->  Index Scan using sbtest1_pkey on sbtest1  (cost=0.43..8.46 rows=1 width=196)
	        Index Cond: (id = 2238011)

table 2 : explain UPDATE sbtest2 SET k=k+1 WHERE id=7432532
	Update on sbtest2  (cost=0.43..8.46 rows=1 width=196)
	  ->  Index Scan using sbtest2_pkey on sbtest2  (cost=0.43..8.46 rows=1 width=196)
	        Index Cond: (id = 7432532)

table 3 : explain UPDATE sbtest3 SET k=k+1 WHERE id=8667360
	Update on sbtest3  (cost=0.43..8.46 rows=1 width=196)
	  ->  Index Scan using sbtest3_pkey on sbtest3  (cost=0.43..8.46 rows=1 width=196)
	        Index Cond: (id = 8667360)

table 4 : explain UPDATE sbtest4 SET k=k+1 WHERE id=9817968
	Update on sbtest4  (cost=0.43..8.46 rows=1 width=196)
	  ->  Index Scan using sbtest4_pkey on sbtest4  (cost=0.43..8.46 rows=1 width=196)
	        Index Cond: (id = 9817968)

table 5 : explain UPDATE sbtest5 SET k=k+1 WHERE id=7358248
	Update on sbtest5  (cost=0.43..8.46 rows=1 width=196)
	  ->  Index Scan using sbtest5_pkey on sbtest5  (cost=0.43..8.46 rows=1 width=196)
	        Index Cond: (id = 7358248)

table 6 : explain UPDATE sbtest6 SET k=k+1 WHERE id=7884158
	Update on sbtest6  (cost=0.43..8.46 rows=1 width=196)
	  ->  Index Scan using sbtest6_pkey on sbtest6  (cost=0.43..8.46 rows=1 width=196)
	        Index Cond: (id = 7884158)

table 7 : explain UPDATE sbtest7 SET k=k+1 WHERE id=3605271
	Update on sbtest7  (cost=0.43..8.46 rows=1 width=196)
	  ->  Index Scan using sbtest7_pkey on sbtest7  (cost=0.43..8.46 rows=1 width=196)
	        Index Cond: (id = 3605271)

table 8 : explain UPDATE sbtest8 SET k=k+1 WHERE id=8184899
	Update on sbtest8  (cost=0.43..8.46 rows=1 width=196)
	  ->  Index Scan using sbtest8_pkey on sbtest8  (cost=0.43..8.46 rows=1 width=196)
	        Index Cond: (id = 8184899)

for: simple_ranges
table 1 : explain SELECT c FROM sbtest1 WHERE id BETWEEN 1723302 AND 1723311
	Index Scan using sbtest1_pkey on sbtest1  (cost=0.43..39.28 rows=10 width=121)
	  Index Cond: ((id >= 1723302) AND (id <= 1723311))

table 2 : explain SELECT c FROM sbtest2 WHERE id BETWEEN 4404468 AND 4404477
	Index Scan using sbtest2_pkey on sbtest2  (cost=0.43..39.18 rows=10 width=121)
	  Index Cond: ((id >= 4404468) AND (id <= 4404477))

table 3 : explain SELECT c FROM sbtest3 WHERE id BETWEEN 42442 AND 42451
	Index Scan using sbtest3_pkey on sbtest3  (cost=0.43..42.53 rows=11 width=121)
	  Index Cond: ((id >= 42442) AND (id <= 42451))

table 4 : explain SELECT c FROM sbtest4 WHERE id BETWEEN 8367990 AND 8367999
	Index Scan using sbtest4_pkey on sbtest4  (cost=0.43..35.46 rows=9 width=121)
	  Index Cond: ((id >= 8367990) AND (id <= 8367999))

table 5 : explain SELECT c FROM sbtest5 WHERE id BETWEEN 8311876 AND 8311885
	Index Scan using sbtest5_pkey on sbtest5  (cost=0.43..35.35 rows=9 width=121)
	  Index Cond: ((id >= 8311876) AND (id <= 8311885))

table 6 : explain SELECT c FROM sbtest6 WHERE id BETWEEN 20568 AND 20577
	Index Scan using sbtest6_pkey on sbtest6  (cost=0.43..42.02 rows=11 width=121)
	  Index Cond: ((id >= 20568) AND (id <= 20577))

table 7 : explain SELECT c FROM sbtest7 WHERE id BETWEEN 9062388 AND 9062397
	Index Scan using sbtest7_pkey on sbtest7  (cost=0.43..38.82 rows=10 width=121)
	  Index Cond: ((id >= 9062388) AND (id <= 9062397))

table 8 : explain SELECT c FROM sbtest8 WHERE id BETWEEN 1590019 AND 1590028
	Index Scan using sbtest8_pkey on sbtest8  (cost=0.43..35.33 rows=9 width=121)
	  Index Cond: ((id >= 1590019) AND (id <= 1590028))

for point_selects
table 1 : explain SELECT c FROM sbtest1 WHERE id=4161363
	Index Scan using sbtest1_pkey on sbtest1  (cost=0.43..8.45 rows=1 width=121)
	  Index Cond: (id = 4161363)

table 2 : explain SELECT c FROM sbtest2 WHERE id=3991400
	Index Scan using sbtest2_pkey on sbtest2  (cost=0.43..8.45 rows=1 width=121)
	  Index Cond: (id = 3991400)

table 3 : explain SELECT c FROM sbtest3 WHERE id=9643362
	Index Scan using sbtest3_pkey on sbtest3  (cost=0.43..8.45 rows=1 width=121)
	  Index Cond: (id = 9643362)

table 4 : explain SELECT c FROM sbtest4 WHERE id=5682873
	Index Scan using sbtest4_pkey on sbtest4  (cost=0.43..8.45 rows=1 width=121)
	  Index Cond: (id = 5682873)

table 5 : explain SELECT c FROM sbtest5 WHERE id=4623461
	Index Scan using sbtest5_pkey on sbtest5  (cost=0.43..8.45 rows=1 width=121)
	  Index Cond: (id = 4623461)

table 6 : explain SELECT c FROM sbtest6 WHERE id=8708756
	Index Scan using sbtest6_pkey on sbtest6  (cost=0.43..8.45 rows=1 width=121)
	  Index Cond: (id = 8708756)

table 7 : explain SELECT c FROM sbtest7 WHERE id=4676219
	Index Scan using sbtest7_pkey on sbtest7  (cost=0.43..8.45 rows=1 width=121)
	  Index Cond: (id = 4676219)

table 8 : explain SELECT c FROM sbtest8 WHERE id=9281273
	Index Scan using sbtest8_pkey on sbtest8  (cost=0.43..8.45 rows=1 width=121)
	  Index Cond: (id = 9281273)

for: simple_ranges
table 1 : explain SELECT c FROM sbtest1 WHERE id BETWEEN 9429013 AND 9429022
	Index Scan using sbtest1_pkey on sbtest1  (cost=0.43..42.71 rows=11 width=121)
	  Index Cond: ((id >= 9429013) AND (id <= 9429022))

table 2 : explain SELECT c FROM sbtest2 WHERE id BETWEEN 3094209 AND 3094218
	Index Scan using sbtest2_pkey on sbtest2  (cost=0.43..35.76 rows=9 width=121)
	  Index Cond: ((id >= 3094209) AND (id <= 3094218))

table 3 : explain SELECT c FROM sbtest3 WHERE id BETWEEN 9954567 AND 9954576
	Index Scan using sbtest3_pkey on sbtest3  (cost=0.43..42.53 rows=11 width=121)
	  Index Cond: ((id >= 9954567) AND (id <= 9954576))

table 4 : explain SELECT c FROM sbtest4 WHERE id BETWEEN 8321309 AND 8321318
	Index Scan using sbtest4_pkey on sbtest4  (cost=0.43..35.46 rows=9 width=121)
	  Index Cond: ((id >= 8321309) AND (id <= 8321318))

table 5 : explain SELECT c FROM sbtest5 WHERE id BETWEEN 1844569 AND 1844578
	Index Scan using sbtest5_pkey on sbtest5  (cost=0.43..38.71 rows=10 width=121)
	  Index Cond: ((id >= 1844569) AND (id <= 1844578))

table 6 : explain SELECT c FROM sbtest6 WHERE id BETWEEN 2436540 AND 2436549
	Index Scan using sbtest6_pkey on sbtest6  (cost=0.43..42.02 rows=11 width=121)
	  Index Cond: ((id >= 2436540) AND (id <= 2436549))

table 7 : explain SELECT c FROM sbtest7 WHERE id BETWEEN 1945687 AND 1945696
	Index Scan using sbtest7_pkey on sbtest7  (cost=0.43..38.82 rows=10 width=121)
	  Index Cond: ((id >= 1945687) AND (id <= 1945696))

table 8 : explain SELECT c FROM sbtest8 WHERE id BETWEEN 670456 AND 670465
	Index Scan using sbtest8_pkey on sbtest8  (cost=0.43..38.69 rows=10 width=121)
	  Index Cond: ((id >= 670456) AND (id <= 670465))

for: distinct_ranges
table 1 : explain SELECT DISTINCT c FROM sbtest1 WHERE id BETWEEN 6227868 AND 6227877 ORDER BY c
	Unique  (cost=39.45..39.50 rows=10 width=121)
	  ->  Sort  (cost=39.45..39.47 rows=10 width=121)
	        Sort Key: c
	        ->  Index Scan using sbtest1_pkey on sbtest1  (cost=0.43..39.28 rows=10 width=121)
	              Index Cond: ((id >= 6227868) AND (id <= 6227877))

table 2 : explain SELECT DISTINCT c FROM sbtest2 WHERE id BETWEEN 1166988 AND 1166997 ORDER BY c
	Unique  (cost=42.78..42.84 rows=11 width=121)
	  ->  Sort  (cost=42.78..42.81 rows=11 width=121)
	        Sort Key: c
	        ->  Index Scan using sbtest2_pkey on sbtest2  (cost=0.43..42.59 rows=11 width=121)
	              Index Cond: ((id >= 1166988) AND (id <= 1166997))

table 3 : explain SELECT DISTINCT c FROM sbtest3 WHERE id BETWEEN 5221574 AND 5221583 ORDER BY c
	Unique  (cost=42.72..42.78 rows=11 width=121)
	  ->  Sort  (cost=42.72..42.75 rows=11 width=121)
	        Sort Key: c
	        ->  Index Scan using sbtest3_pkey on sbtest3  (cost=0.43..42.53 rows=11 width=121)
	              Index Cond: ((id >= 5221574) AND (id <= 5221583))

table 4 : explain SELECT DISTINCT c FROM sbtest4 WHERE id BETWEEN 5535534 AND 5535543 ORDER BY c
	Unique  (cost=35.60..35.64 rows=9 width=121)
	  ->  Sort  (cost=35.60..35.62 rows=9 width=121)
	        Sort Key: c
	        ->  Index Scan using sbtest4_pkey on sbtest4  (cost=0.43..35.46 rows=9 width=121)
	              Index Cond: ((id >= 5535534) AND (id <= 5535543))

table 5 : explain SELECT DISTINCT c FROM sbtest5 WHERE id BETWEEN 9674885 AND 9674894 ORDER BY c
	Unique  (cost=42.26..42.31 rows=11 width=121)
	  ->  Sort  (cost=42.26..42.29 rows=11 width=121)
	        Sort Key: c
	        ->  Index Scan using sbtest5_pkey on sbtest5  (cost=0.43..42.07 rows=11 width=121)
	              Index Cond: ((id >= 9674885) AND (id <= 9674894))

table 6 : explain SELECT DISTINCT c FROM sbtest6 WHERE id BETWEEN 6580451 AND 6580460 ORDER BY c
	Unique  (cost=42.21..42.26 rows=11 width=121)
	  ->  Sort  (cost=42.21..42.24 rows=11 width=121)
	        Sort Key: c
	        ->  Index Scan using sbtest6_pkey on sbtest6  (cost=0.43..42.02 rows=11 width=121)
	              Index Cond: ((id >= 6580451) AND (id <= 6580460))

table 7 : explain SELECT DISTINCT c FROM sbtest7 WHERE id BETWEEN 4018116 AND 4018125 ORDER BY c
	Unique  (cost=42.38..42.44 rows=11 width=121)
	  ->  Sort  (cost=42.38..42.41 rows=11 width=121)
	        Sort Key: c
	        ->  Index Scan using sbtest7_pkey on sbtest7  (cost=0.43..42.19 rows=11 width=121)
	              Index Cond: ((id >= 4018116) AND (id <= 4018125))

table 8 : explain SELECT DISTINCT c FROM sbtest8 WHERE id BETWEEN 3109146 AND 3109155 ORDER BY c
	Unique  (cost=35.47..35.51 rows=9 width=121)
	  ->  Sort  (cost=35.47..35.49 rows=9 width=121)
	        Sort Key: c
	        ->  Index Scan using sbtest8_pkey on sbtest8  (cost=0.43..35.33 rows=9 width=121)
	              Index Cond: ((id >= 3109146) AND (id <= 3109155))

for: sum_ranges
table 1 : explain SELECT SUM(k) FROM sbtest1 WHERE id BETWEEN 412392 AND 412401
	Aggregate  (cost=39.31..39.32 rows=1 width=8)
	  ->  Index Scan using sbtest1_pkey on sbtest1  (cost=0.43..39.28 rows=10 width=4)
	        Index Cond: ((id >= 412392) AND (id <= 412401))

table 2 : explain SELECT SUM(k) FROM sbtest2 WHERE id BETWEEN 3952825 AND 3952834
	Aggregate  (cost=35.79..35.80 rows=1 width=8)
	  ->  Index Scan using sbtest2_pkey on sbtest2  (cost=0.43..35.76 rows=9 width=4)
	        Index Cond: ((id >= 3952825) AND (id <= 3952834))

table 3 : explain SELECT SUM(k) FROM sbtest3 WHERE id BETWEEN 7856701 AND 7856710
	Aggregate  (cost=39.15..39.16 rows=1 width=8)
	  ->  Index Scan using sbtest3_pkey on sbtest3  (cost=0.43..39.13 rows=10 width=4)
	        Index Cond: ((id >= 7856701) AND (id <= 7856710))

table 4 : explain SELECT SUM(k) FROM sbtest4 WHERE id BETWEEN 5750500 AND 5750509
	Aggregate  (cost=35.48..35.49 rows=1 width=8)
	  ->  Index Scan using sbtest4_pkey on sbtest4  (cost=0.43..35.46 rows=9 width=4)
	        Index Cond: ((id >= 5750500) AND (id <= 5750509))

table 5 : explain SELECT SUM(k) FROM sbtest5 WHERE id BETWEEN 1712706 AND 1712715
	Aggregate  (cost=38.73..38.74 rows=1 width=8)
	  ->  Index Scan using sbtest5_pkey on sbtest5  (cost=0.43..38.71 rows=10 width=4)
	        Index Cond: ((id >= 1712706) AND (id <= 1712715))

table 6 : explain SELECT SUM(k) FROM sbtest6 WHERE id BETWEEN 8195140 AND 8195149
	Aggregate  (cost=38.69..38.70 rows=1 width=8)
	  ->  Index Scan using sbtest6_pkey on sbtest6  (cost=0.43..38.66 rows=10 width=4)
	        Index Cond: ((id >= 8195140) AND (id <= 8195149))

table 7 : explain SELECT SUM(k) FROM sbtest7 WHERE id BETWEEN 6263435 AND 6263444
	Aggregate  (cost=38.85..38.86 rows=1 width=8)
	  ->  Index Scan using sbtest7_pkey on sbtest7  (cost=0.43..38.82 rows=10 width=4)
	        Index Cond: ((id >= 6263435) AND (id <= 6263444))

table 8 : explain SELECT SUM(k) FROM sbtest8 WHERE id BETWEEN 4486331 AND 4486340
	Aggregate  (cost=38.71..38.72 rows=1 width=8)
	  ->  Index Scan using sbtest8_pkey on sbtest8  (cost=0.43..38.69 rows=10 width=4)
	        Index Cond: ((id >= 4486331) AND (id <= 4486340))

explain: for non_index_updates :: explain UPDATE sbtest%u SET c='foobar' WHERE id=%u
for deletes
table 1 : explain DELETE FROM sbtest1 WHERE id=1419600
	Delete on sbtest1  (cost=0.43..8.45 rows=1 width=6)
	  ->  Index Scan using sbtest1_pkey on sbtest1  (cost=0.43..8.45 rows=1 width=6)
	        Index Cond: (id = 1419600)

table 2 : explain DELETE FROM sbtest2 WHERE id=2822697
	Delete on sbtest2  (cost=0.43..8.45 rows=1 width=6)
	  ->  Index Scan using sbtest2_pkey on sbtest2  (cost=0.43..8.45 rows=1 width=6)
	        Index Cond: (id = 2822697)

table 3 : explain DELETE FROM sbtest3 WHERE id=558167
	Delete on sbtest3  (cost=0.43..8.45 rows=1 width=6)
	  ->  Index Scan using sbtest3_pkey on sbtest3  (cost=0.43..8.45 rows=1 width=6)
	        Index Cond: (id = 558167)

table 4 : explain DELETE FROM sbtest4 WHERE id=6610706
	Delete on sbtest4  (cost=0.43..8.45 rows=1 width=6)
	  ->  Index Scan using sbtest4_pkey on sbtest4  (cost=0.43..8.45 rows=1 width=6)
	        Index Cond: (id = 6610706)

table 5 : explain DELETE FROM sbtest5 WHERE id=8863472
	Delete on sbtest5  (cost=0.43..8.45 rows=1 width=6)
	  ->  Index Scan using sbtest5_pkey on sbtest5  (cost=0.43..8.45 rows=1 width=6)
	        Index Cond: (id = 8863472)

table 6 : explain DELETE FROM sbtest6 WHERE id=131329
	Delete on sbtest6  (cost=0.43..8.45 rows=1 width=6)
	  ->  Index Scan using sbtest6_pkey on sbtest6  (cost=0.43..8.45 rows=1 width=6)
	        Index Cond: (id = 131329)

table 7 : explain DELETE FROM sbtest7 WHERE id=1498076
	Delete on sbtest7  (cost=0.43..8.45 rows=1 width=6)
	  ->  Index Scan using sbtest7_pkey on sbtest7  (cost=0.43..8.45 rows=1 width=6)
	        Index Cond: (id = 1498076)

table 8 : explain DELETE FROM sbtest8 WHERE id=3442037
	Delete on sbtest8  (cost=0.43..8.45 rows=1 width=6)
	  ->  Index Scan using sbtest8_pkey on sbtest8  (cost=0.43..8.45 rows=1 width=6)
	        Index Cond: (id = 3442037)

for deletes
table 1 : explain DELETE FROM sbtest1 WHERE id=6975057
	Delete on sbtest1  (cost=0.43..8.45 rows=1 width=6)
	  ->  Index Scan using sbtest1_pkey on sbtest1  (cost=0.43..8.45 rows=1 width=6)
	        Index Cond: (id = 6975057)

table 2 : explain DELETE FROM sbtest2 WHERE id=2397018
	Delete on sbtest2  (cost=0.43..8.45 rows=1 width=6)
	  ->  Index Scan using sbtest2_pkey on sbtest2  (cost=0.43..8.45 rows=1 width=6)
	        Index Cond: (id = 2397018)

table 3 : explain DELETE FROM sbtest3 WHERE id=6942489
	Delete on sbtest3  (cost=0.43..8.45 rows=1 width=6)
	  ->  Index Scan using sbtest3_pkey on sbtest3  (cost=0.43..8.45 rows=1 width=6)
	        Index Cond: (id = 6942489)

table 4 : explain DELETE FROM sbtest4 WHERE id=8832018
	Delete on sbtest4  (cost=0.43..8.45 rows=1 width=6)
	  ->  Index Scan using sbtest4_pkey on sbtest4  (cost=0.43..8.45 rows=1 width=6)
	        Index Cond: (id = 8832018)

table 5 : explain DELETE FROM sbtest5 WHERE id=4691019
	Delete on sbtest5  (cost=0.43..8.45 rows=1 width=6)
	  ->  Index Scan using sbtest5_pkey on sbtest5  (cost=0.43..8.45 rows=1 width=6)
	        Index Cond: (id = 4691019)

table 6 : explain DELETE FROM sbtest6 WHERE id=1984866
	Delete on sbtest6  (cost=0.43..8.45 rows=1 width=6)
	  ->  Index Scan using sbtest6_pkey on sbtest6  (cost=0.43..8.45 rows=1 width=6)
	        Index Cond: (id = 1984866)

table 7 : explain DELETE FROM sbtest7 WHERE id=7007830
	Delete on sbtest7  (cost=0.43..8.45 rows=1 width=6)
	  ->  Index Scan using sbtest7_pkey on sbtest7  (cost=0.43..8.45 rows=1 width=6)
	        Index Cond: (id = 7007830)

table 8 : explain DELETE FROM sbtest8 WHERE id=8702122
	Delete on sbtest8  (cost=0.43..8.45 rows=1 width=6)
	  ->  Index Scan using sbtest8_pkey on sbtest8  (cost=0.43..8.45 rows=1 width=6)
	        Index Cond: (id = 8702122)

for index_updates
table 1 : explain UPDATE sbtest1 SET k=k+1 WHERE id=6700943
	Update on sbtest1  (cost=0.43..8.46 rows=1 width=196)
	  ->  Index Scan using sbtest1_pkey on sbtest1  (cost=0.43..8.46 rows=1 width=196)
	        Index Cond: (id = 6700943)

table 2 : explain UPDATE sbtest2 SET k=k+1 WHERE id=7170439
	Update on sbtest2  (cost=0.43..8.46 rows=1 width=196)
	  ->  Index Scan using sbtest2_pkey on sbtest2  (cost=0.43..8.46 rows=1 width=196)
	        Index Cond: (id = 7170439)

table 3 : explain UPDATE sbtest3 SET k=k+1 WHERE id=9609592
	Update on sbtest3  (cost=0.43..8.46 rows=1 width=196)
	  ->  Index Scan using sbtest3_pkey on sbtest3  (cost=0.43..8.46 rows=1 width=196)
	        Index Cond: (id = 9609592)

table 4 : explain UPDATE sbtest4 SET k=k+1 WHERE id=2302499
	Update on sbtest4  (cost=0.43..8.46 rows=1 width=196)
	  ->  Index Scan using sbtest4_pkey on sbtest4  (cost=0.43..8.46 rows=1 width=196)
	        Index Cond: (id = 2302499)

table 5 : explain UPDATE sbtest5 SET k=k+1 WHERE id=1643551
	Update on sbtest5  (cost=0.43..8.46 rows=1 width=196)
	  ->  Index Scan using sbtest5_pkey on sbtest5  (cost=0.43..8.46 rows=1 width=196)
	        Index Cond: (id = 1643551)

table 6 : explain UPDATE sbtest6 SET k=k+1 WHERE id=929691
	Update on sbtest6  (cost=0.43..8.46 rows=1 width=196)
	  ->  Index Scan using sbtest6_pkey on sbtest6  (cost=0.43..8.46 rows=1 width=196)
	        Index Cond: (id = 929691)

table 7 : explain UPDATE sbtest7 SET k=k+1 WHERE id=1731421
	Update on sbtest7  (cost=0.43..8.46 rows=1 width=196)
	  ->  Index Scan using sbtest7_pkey on sbtest7  (cost=0.43..8.46 rows=1 width=196)
	        Index Cond: (id = 1731421)

table 8 : explain UPDATE sbtest8 SET k=k+1 WHERE id=3174627
	Update on sbtest8  (cost=0.43..8.46 rows=1 width=196)
	  ->  Index Scan using sbtest8_pkey on sbtest8  (cost=0.43..8.46 rows=1 width=196)
	        Index Cond: (id = 3174627)
for: sum_ranges
table 1 : explain SELECT SUM(k) FROM sbtest1 WHERE id BETWEEN 9838282 AND 9838291
	Aggregate  (cost=39.31..39.32 rows=1 width=8)
	  ->  Index Scan using sbtest1_pkey on sbtest1  (cost=0.43..39.28 rows=10 width=4)
	        Index Cond: ((id >= 9838282) AND (id <= 9838291))

table 2 : explain SELECT SUM(k) FROM sbtest2 WHERE id BETWEEN 210092 AND 210101
	Aggregate  (cost=35.79..35.80 rows=1 width=8)
	  ->  Index Scan using sbtest2_pkey on sbtest2  (cost=0.43..35.76 rows=9 width=4)
	        Index Cond: ((id >= 210092) AND (id <= 210101))

table 3 : explain SELECT SUM(k) FROM sbtest3 WHERE id BETWEEN 6549273 AND 6549282
	Aggregate  (cost=35.74..35.75 rows=1 width=8)
	  ->  Index Scan using sbtest3_pkey on sbtest3  (cost=0.43..35.72 rows=9 width=4)
	        Index Cond: ((id >= 6549273) AND (id <= 6549282))

table 4 : explain SELECT SUM(k) FROM sbtest4 WHERE id BETWEEN 8758821 AND 8758830
	Aggregate  (cost=38.86..38.87 rows=1 width=8)
	  ->  Index Scan using sbtest4_pkey on sbtest4  (cost=0.43..38.83 rows=10 width=4)
	        Index Cond: ((id >= 8758821) AND (id <= 8758830))

table 5 : explain SELECT SUM(k) FROM sbtest5 WHERE id BETWEEN 9026525 AND 9026534
	Aggregate  (cost=38.73..38.74 rows=1 width=8)
	  ->  Index Scan using sbtest5_pkey on sbtest5  (cost=0.43..38.71 rows=10 width=4)
	        Index Cond: ((id >= 9026525) AND (id <= 9026534))

table 6 : explain SELECT SUM(k) FROM sbtest6 WHERE id BETWEEN 1335340 AND 1335349
	Aggregate  (cost=35.33..35.34 rows=1 width=8)
	  ->  Index Scan using sbtest6_pkey on sbtest6  (cost=0.43..35.31 rows=9 width=4)
	        Index Cond: ((id >= 1335340) AND (id <= 1335349))

table 7 : explain SELECT SUM(k) FROM sbtest7 WHERE id BETWEEN 5588442 AND 5588451
	Aggregate  (cost=38.85..38.86 rows=1 width=8)
	  ->  Index Scan using sbtest7_pkey on sbtest7  (cost=0.43..38.82 rows=10 width=4)
	        Index Cond: ((id >= 5588442) AND (id <= 5588451))

table 8 : explain SELECT SUM(k) FROM sbtest8 WHERE id BETWEEN 8411300 AND 8411309
	Aggregate  (cost=38.71..38.72 rows=1 width=8)
	  ->  Index Scan using sbtest8_pkey on sbtest8  (cost=0.43..38.69 rows=10 width=4)
	        Index Cond: ((id >= 8411300) AND (id <= 8411309))


explain: for index_updates :: explain UPDATE sbtest%u SET k=k+1 WHERE id=%u
explain: for inserts :: explain INSERT INTO sbtest%u (id, k, c, pad) VALUES (%u, 13, 'foobar', 'foobar')
for non_index_updates
table 1 : explain UPDATE sbtest1 SET c='foobar' WHERE id=9880674
	Update on sbtest1  (cost=0.43..8.45 rows=1 width=559)
	  ->  Index Scan using sbtest1_pkey on sbtest1  (cost=0.43..8.45 rows=1 width=559)
	        Index Cond: (id = 9880674)

table 2 : explain UPDATE sbtest2 SET c='foobar' WHERE id=1611980
	Update on sbtest2  (cost=0.43..8.45 rows=1 width=559)
	  ->  Index Scan using sbtest2_pkey on sbtest2  (cost=0.43..8.45 rows=1 width=559)
	        Index Cond: (id = 1611980)

table 3 : explain UPDATE sbtest3 SET c='foobar' WHERE id=2358261
	Update on sbtest3  (cost=0.43..8.45 rows=1 width=559)
	  ->  Index Scan using sbtest3_pkey on sbtest3  (cost=0.43..8.45 rows=1 width=559)
	        Index Cond: (id = 2358261)

table 4 : explain UPDATE sbtest4 SET c='foobar' WHERE id=2573142
	Update on sbtest4  (cost=0.43..8.45 rows=1 width=559)
	  ->  Index Scan using sbtest4_pkey on sbtest4  (cost=0.43..8.45 rows=1 width=559)
	        Index Cond: (id = 2573142)

table 5 : explain UPDATE sbtest5 SET c='foobar' WHERE id=9060692
	Update on sbtest5  (cost=0.43..8.45 rows=1 width=559)
	  ->  Index Scan using sbtest5_pkey on sbtest5  (cost=0.43..8.45 rows=1 width=559)
	        Index Cond: (id = 9060692)

table 6 : explain UPDATE sbtest6 SET c='foobar' WHERE id=9389008
	Update on sbtest6  (cost=0.43..8.45 rows=1 width=559)
	  ->  Index Scan using sbtest6_pkey on sbtest6  (cost=0.43..8.45 rows=1 width=559)
	        Index Cond: (id = 9389008)

table 7 : explain UPDATE sbtest7 SET c='foobar' WHERE id=7475714
	Update on sbtest7  (cost=0.43..8.45 rows=1 width=559)
	  ->  Index Scan using sbtest7_pkey on sbtest7  (cost=0.43..8.45 rows=1 width=559)
	        Index Cond: (id = 7475714)

table 8 : explain UPDATE sbtest8 SET c='foobar' WHERE id=1671883
	Update on sbtest8  (cost=0.43..8.45 rows=1 width=559)
	  ->  Index Scan using sbtest8_pkey on sbtest8  (cost=0.43..8.45 rows=1 width=559)
	        Index Cond: (id = 1671883)

explain: for non_index_updates :: explain UPDATE sbtest%u SET c='foobar' WHERE id=%u
for: sum_ranges
table 1 : explain SELECT SUM(k) FROM sbtest1 WHERE id BETWEEN 3913206 AND 3913215
	Aggregate  (cost=39.31..39.32 rows=1 width=8)
	  ->  Index Scan using sbtest1_pkey on sbtest1  (cost=0.43..39.28 rows=10 width=4)
	        Index Cond: ((id >= 3913206) AND (id <= 3913215))

table 2 : explain SELECT SUM(k) FROM sbtest2 WHERE id BETWEEN 2959228 AND 2959237
	Aggregate  (cost=39.20..39.21 rows=1 width=8)
	  ->  Index Scan using sbtest2_pkey on sbtest2  (cost=0.43..39.18 rows=10 width=4)
	        Index Cond: ((id >= 2959228) AND (id <= 2959237))

table 3 : explain SELECT SUM(k) FROM sbtest3 WHERE id BETWEEN 597107 AND 597116
	Aggregate  (cost=35.74..35.75 rows=1 width=8)
	  ->  Index Scan using sbtest3_pkey on sbtest3  (cost=0.43..35.72 rows=9 width=4)
	        Index Cond: ((id >= 597107) AND (id <= 597116))

table 4 : explain SELECT SUM(k) FROM sbtest4 WHERE id BETWEEN 7356342 AND 7356351
	Aggregate  (cost=38.86..38.87 rows=1 width=8)
	  ->  Index Scan using sbtest4_pkey on sbtest4  (cost=0.43..38.83 rows=10 width=4)
	        Index Cond: ((id >= 7356342) AND (id <= 7356351))

table 5 : explain SELECT SUM(k) FROM sbtest5 WHERE id BETWEEN 7215730 AND 7215739
	Aggregate  (cost=38.73..38.74 rows=1 width=8)
	  ->  Index Scan using sbtest5_pkey on sbtest5  (cost=0.43..38.71 rows=10 width=4)
	        Index Cond: ((id >= 7215730) AND (id <= 7215739))

table 6 : explain SELECT SUM(k) FROM sbtest6 WHERE id BETWEEN 3632224 AND 3632233
	Aggregate  (cost=38.69..38.70 rows=1 width=8)
	  ->  Index Scan using sbtest6_pkey on sbtest6  (cost=0.43..38.66 rows=10 width=4)
	        Index Cond: ((id >= 3632224) AND (id <= 3632233))

table 7 : explain SELECT SUM(k) FROM sbtest7 WHERE id BETWEEN 6204789 AND 6204798
	Aggregate  (cost=38.85..38.86 rows=1 width=8)
	  ->  Index Scan using sbtest7_pkey on sbtest7  (cost=0.43..38.82 rows=10 width=4)
	        Index Cond: ((id >= 6204789) AND (id <= 6204798))

table 8 : explain SELECT SUM(k) FROM sbtest8 WHERE id BETWEEN 8418345 AND 8418354
	Aggregate  (cost=38.71..38.72 rows=1 width=8)
	  ->  Index Scan using sbtest8_pkey on sbtest8  (cost=0.43..38.69 rows=10 width=4)
	        Index Cond: ((id >= 8418345) AND (id <= 8418354))

for: simple_ranges
table 1 : explain SELECT c FROM sbtest1 WHERE id BETWEEN 5805605 AND 5805614
	Index Scan using sbtest1_pkey on sbtest1  (cost=0.43..39.28 rows=10 width=121)
	  Index Cond: ((id >= 5805605) AND (id <= 5805614))

table 2 : explain SELECT c FROM sbtest2 WHERE id BETWEEN 4415924 AND 4415933
	Index Scan using sbtest2_pkey on sbtest2  (cost=0.43..39.18 rows=10 width=121)
	  Index Cond: ((id >= 4415924) AND (id <= 4415933))

table 3 : explain SELECT c FROM sbtest3 WHERE id BETWEEN 997929 AND 997938
	Index Scan using sbtest3_pkey on sbtest3  (cost=0.43..35.72 rows=9 width=121)
	  Index Cond: ((id >= 997929) AND (id <= 997938))

table 4 : explain SELECT c FROM sbtest4 WHERE id BETWEEN 7857092 AND 7857101
	Index Scan using sbtest4_pkey on sbtest4  (cost=0.43..38.83 rows=10 width=121)
	  Index Cond: ((id >= 7857092) AND (id <= 7857101))

table 5 : explain SELECT c FROM sbtest5 WHERE id BETWEEN 5653001 AND 5653010
	Index Scan using sbtest5_pkey on sbtest5  (cost=0.43..38.71 rows=10 width=121)
	  Index Cond: ((id >= 5653001) AND (id <= 5653010))

table 6 : explain SELECT c FROM sbtest6 WHERE id BETWEEN 3310983 AND 3310992
	Index Scan using sbtest6_pkey on sbtest6  (cost=0.43..38.66 rows=10 width=121)
	  Index Cond: ((id >= 3310983) AND (id <= 3310992))

table 7 : explain SELECT c FROM sbtest7 WHERE id BETWEEN 6186389 AND 6186398
	Index Scan using sbtest7_pkey on sbtest7  (cost=0.43..38.82 rows=10 width=121)
	  Index Cond: ((id >= 6186389) AND (id <= 6186398))

table 8 : explain SELECT c FROM sbtest8 WHERE id BETWEEN 439285 AND 439294
	Index Scan using sbtest8_pkey on sbtest8  (cost=0.43..38.69 rows=10 width=121)
	  Index Cond: ((id >= 439285) AND (id <= 439294))

explain: for deletes :: explain DELETE FROM sbtest%u WHERE id=%u
for point_selects
table 1 : explain SELECT c FROM sbtest1 WHERE id=8704404
	Index Scan using sbtest1_pkey on sbtest1  (cost=0.43..8.45 rows=1 width=121)
	  Index Cond: (id = 8704404)

table 2 : explain SELECT c FROM sbtest2 WHERE id=2789301
	Index Scan using sbtest2_pkey on sbtest2  (cost=0.43..8.45 rows=1 width=121)
	  Index Cond: (id = 2789301)

table 3 : explain SELECT c FROM sbtest3 WHERE id=6747692
	Index Scan using sbtest3_pkey on sbtest3  (cost=0.43..8.45 rows=1 width=121)
	  Index Cond: (id = 6747692)

table 4 : explain SELECT c FROM sbtest4 WHERE id=1604805
	Index Scan using sbtest4_pkey on sbtest4  (cost=0.43..8.45 rows=1 width=121)
	  Index Cond: (id = 1604805)

table 5 : explain SELECT c FROM sbtest5 WHERE id=4816839
	Index Scan using sbtest5_pkey on sbtest5  (cost=0.43..8.45 rows=1 width=121)
	  Index Cond: (id = 4816839)

table 6 : explain SELECT c FROM sbtest6 WHERE id=4762084
	Index Scan using sbtest6_pkey on sbtest6  (cost=0.43..8.45 rows=1 width=121)
	  Index Cond: (id = 4762084)

table 7 : explain SELECT c FROM sbtest7 WHERE id=2737465
	Index Scan using sbtest7_pkey on sbtest7  (cost=0.43..8.45 rows=1 width=121)
	  Index Cond: (id = 2737465)

table 8 : explain SELECT c FROM sbtest8 WHERE id=8179311
	Index Scan using sbtest8_pkey on sbtest8  (cost=0.43..8.45 rows=1 width=121)
	  Index Cond: (id = 8179311)

for point_selects
table 1 : explain SELECT c FROM sbtest1 WHERE id=9540822
	Index Scan using sbtest1_pkey on sbtest1  (cost=0.43..8.45 rows=1 width=121)
	  Index Cond: (id = 9540822)

table 2 : explain SELECT c FROM sbtest2 WHERE id=1337182
	Index Scan using sbtest2_pkey on sbtest2  (cost=0.43..8.45 rows=1 width=121)
	  Index Cond: (id = 1337182)

table 3 : explain SELECT c FROM sbtest3 WHERE id=151665
	Index Scan using sbtest3_pkey on sbtest3  (cost=0.43..8.45 rows=1 width=121)
	  Index Cond: (id = 151665)

table 4 : explain SELECT c FROM sbtest4 WHERE id=6208952
	Index Scan using sbtest4_pkey on sbtest4  (cost=0.43..8.45 rows=1 width=121)
	  Index Cond: (id = 6208952)

table 5 : explain SELECT c FROM sbtest5 WHERE id=5102547
	Index Scan using sbtest5_pkey on sbtest5  (cost=0.43..8.45 rows=1 width=121)
	  Index Cond: (id = 5102547)

table 6 : explain SELECT c FROM sbtest6 WHERE id=3823018
	Index Scan using sbtest6_pkey on sbtest6  (cost=0.43..8.45 rows=1 width=121)
	  Index Cond: (id = 3823018)

table 7 : explain SELECT c FROM sbtest7 WHERE id=6687114
	Index Scan using sbtest7_pkey on sbtest7  (cost=0.43..8.45 rows=1 width=121)
	  Index Cond: (id = 6687114)

table 8 : explain SELECT c FROM sbtest8 WHERE id=267908
	Index Scan using sbtest8_pkey on sbtest8  (cost=0.43..8.45 rows=1 width=121)
	  Index Cond: (id = 267908)

for: sum_ranges
table 1 : explain SELECT SUM(k) FROM sbtest1 WHERE id BETWEEN 4054921 AND 4054930
	Aggregate  (cost=39.31..39.32 rows=1 width=8)
	  ->  Index Scan using sbtest1_pkey on sbtest1  (cost=0.43..39.28 rows=10 width=4)
	        Index Cond: ((id >= 4054921) AND (id <= 4054930))

table 2 : explain SELECT SUM(k) FROM sbtest2 WHERE id BETWEEN 5600440 AND 5600449
	Aggregate  (cost=42.62..42.63 rows=1 width=8)
	  ->  Index Scan using sbtest2_pkey on sbtest2  (cost=0.43..42.59 rows=11 width=4)
	        Index Cond: ((id >= 5600440) AND (id <= 5600449))

table 3 : explain SELECT SUM(k) FROM sbtest3 WHERE id BETWEEN 6001718 AND 6001727
	Aggregate  (cost=35.74..35.75 rows=1 width=8)
	  ->  Index Scan using sbtest3_pkey on sbtest3  (cost=0.43..35.72 rows=9 width=4)
	        Index Cond: ((id >= 6001718) AND (id <= 6001727))

table 4 : explain SELECT SUM(k) FROM sbtest4 WHERE id BETWEEN 4425954 AND 4425963
	Aggregate  (cost=38.86..38.87 rows=1 width=8)
	  ->  Index Scan using sbtest4_pkey on sbtest4  (cost=0.43..38.83 rows=10 width=4)
	        Index Cond: ((id >= 4425954) AND (id <= 4425963))

table 5 : explain SELECT SUM(k) FROM sbtest5 WHERE id BETWEEN 3818010 AND 3818019
	Aggregate  (cost=42.10..42.11 rows=1 width=8)
	  ->  Index Scan using sbtest5_pkey on sbtest5  (cost=0.43..42.07 rows=11 width=4)
	        Index Cond: ((id >= 3818010) AND (id <= 3818019))

table 6 : explain SELECT SUM(k) FROM sbtest6 WHERE id BETWEEN 4254749 AND 4254758
	Aggregate  (cost=38.69..38.70 rows=1 width=8)
	  ->  Index Scan using sbtest6_pkey on sbtest6  (cost=0.43..38.66 rows=10 width=4)
	        Index Cond: ((id >= 4254749) AND (id <= 4254758))

table 7 : explain SELECT SUM(k) FROM sbtest7 WHERE id BETWEEN 4603049 AND 4603058
	Aggregate  (cost=38.85..38.86 rows=1 width=8)
	  ->  Index Scan using sbtest7_pkey on sbtest7  (cost=0.43..38.82 rows=10 width=4)
	        Index Cond: ((id >= 4603049) AND (id <= 4603058))

table 8 : explain SELECT SUM(k) FROM sbtest8 WHERE id BETWEEN 1419144 AND 1419153
	Aggregate  (cost=42.07..42.08 rows=1 width=8)
	  ->  Index Scan using sbtest8_pkey on sbtest8  (cost=0.43..42.04 rows=11 width=4)
	        Index Cond: ((id >= 1419144) AND (id <= 1419153))

for point_selects
table 1 : explain SELECT c FROM sbtest1 WHERE id=7058951
	Index Scan using sbtest1_pkey on sbtest1  (cost=0.43..8.45 rows=1 width=121)
	  Index Cond: (id = 7058951)

table 2 : explain SELECT c FROM sbtest2 WHERE id=7636151
	Index Scan using sbtest2_pkey on sbtest2  (cost=0.43..8.45 rows=1 width=121)
	  Index Cond: (id = 7636151)

table 3 : explain SELECT c FROM sbtest3 WHERE id=2879676
	Index Scan using sbtest3_pkey on sbtest3  (cost=0.43..8.45 rows=1 width=121)
	  Index Cond: (id = 2879676)

table 4 : explain SELECT c FROM sbtest4 WHERE id=1309918
	Index Scan using sbtest4_pkey on sbtest4  (cost=0.43..8.45 rows=1 width=121)
	  Index Cond: (id = 1309918)

table 5 : explain SELECT c FROM sbtest5 WHERE id=8289264
	Index Scan using sbtest5_pkey on sbtest5  (cost=0.43..8.45 rows=1 width=121)
	  Index Cond: (id = 8289264)

table 6 : explain SELECT c FROM sbtest6 WHERE id=1584715
	Index Scan using sbtest6_pkey on sbtest6  (cost=0.43..8.45 rows=1 width=121)
	  Index Cond: (id = 1584715)

table 7 : explain SELECT c FROM sbtest7 WHERE id=4500888
	Index Scan using sbtest7_pkey on sbtest7  (cost=0.43..8.45 rows=1 width=121)
	  Index Cond: (id = 4500888)

table 8 : explain SELECT c FROM sbtest8 WHERE id=3714121
	Index Scan using sbtest8_pkey on sbtest8  (cost=0.43..8.45 rows=1 width=121)
	  Index Cond: (id = 3714121)

for non_index_updates
table 1 : explain UPDATE sbtest1 SET c='foobar' WHERE id=9599569
	Update on sbtest1  (cost=0.43..8.45 rows=1 width=559)
	  ->  Index Scan using sbtest1_pkey on sbtest1  (cost=0.43..8.45 rows=1 width=559)
	        Index Cond: (id = 9599569)

table 2 : explain UPDATE sbtest2 SET c='foobar' WHERE id=9143125
	Update on sbtest2  (cost=0.43..8.45 rows=1 width=559)
	  ->  Index Scan using sbtest2_pkey on sbtest2  (cost=0.43..8.45 rows=1 width=559)
	        Index Cond: (id = 9143125)

table 3 : explain UPDATE sbtest3 SET c='foobar' WHERE id=775137
	Update on sbtest3  (cost=0.43..8.45 rows=1 width=559)
	  ->  Index Scan using sbtest3_pkey on sbtest3  (cost=0.43..8.45 rows=1 width=559)
	        Index Cond: (id = 775137)

table 4 : explain UPDATE sbtest4 SET c='foobar' WHERE id=6025128
	Update on sbtest4  (cost=0.43..8.45 rows=1 width=559)
	  ->  Index Scan using sbtest4_pkey on sbtest4  (cost=0.43..8.45 rows=1 width=559)
	        Index Cond: (id = 6025128)

table 5 : explain UPDATE sbtest5 SET c='foobar' WHERE id=8013844
	Update on sbtest5  (cost=0.43..8.45 rows=1 width=559)
	  ->  Index Scan using sbtest5_pkey on sbtest5  (cost=0.43..8.45 rows=1 width=559)
	        Index Cond: (id = 8013844)

table 6 : explain UPDATE sbtest6 SET c='foobar' WHERE id=5921450
	Update on sbtest6  (cost=0.43..8.45 rows=1 width=559)
	  ->  Index Scan using sbtest6_pkey on sbtest6  (cost=0.43..8.45 rows=1 width=559)
	        Index Cond: (id = 5921450)

table 7 : explain UPDATE sbtest7 SET c='foobar' WHERE id=2856747
	Update on sbtest7  (cost=0.43..8.45 rows=1 width=559)
	  ->  Index Scan using sbtest7_pkey on sbtest7  (cost=0.43..8.45 rows=1 width=559)
	        Index Cond: (id = 2856747)

table 8 : explain UPDATE sbtest8 SET c='foobar' WHERE id=1977342
	Update on sbtest8  (cost=0.43..8.45 rows=1 width=559)
	  ->  Index Scan using sbtest8_pkey on sbtest8  (cost=0.43..8.45 rows=1 width=559)
	        Index Cond: (id = 1977342)

for index_updates
table 1 : explain UPDATE sbtest1 SET k=k+1 WHERE id=4128393
	Update on sbtest1  (cost=0.43..8.46 rows=1 width=196)
	  ->  Index Scan using sbtest1_pkey on sbtest1  (cost=0.43..8.46 rows=1 width=196)
	        Index Cond: (id = 4128393)

table 2 : explain UPDATE sbtest2 SET k=k+1 WHERE id=9459456
	Update on sbtest2  (cost=0.43..8.46 rows=1 width=196)
	  ->  Index Scan using sbtest2_pkey on sbtest2  (cost=0.43..8.46 rows=1 width=196)
	        Index Cond: (id = 9459456)

table 3 : explain UPDATE sbtest3 SET k=k+1 WHERE id=7929604
	Update on sbtest3  (cost=0.43..8.46 rows=1 width=196)
	  ->  Index Scan using sbtest3_pkey on sbtest3  (cost=0.43..8.46 rows=1 width=196)
	        Index Cond: (id = 7929604)

table 4 : explain UPDATE sbtest4 SET k=k+1 WHERE id=7991849
	Update on sbtest4  (cost=0.43..8.46 rows=1 width=196)
	  ->  Index Scan using sbtest4_pkey on sbtest4  (cost=0.43..8.46 rows=1 width=196)
	        Index Cond: (id = 7991849)

table 5 : explain UPDATE sbtest5 SET k=k+1 WHERE id=7623038
	Update on sbtest5  (cost=0.43..8.46 rows=1 width=196)
	  ->  Index Scan using sbtest5_pkey on sbtest5  (cost=0.43..8.46 rows=1 width=196)
	        Index Cond: (id = 7623038)

table 6 : explain UPDATE sbtest6 SET k=k+1 WHERE id=6567384
	Update on sbtest6  (cost=0.43..8.46 rows=1 width=196)
	  ->  Index Scan using sbtest6_pkey on sbtest6  (cost=0.43..8.46 rows=1 width=196)
	        Index Cond: (id = 6567384)

table 7 : explain UPDATE sbtest7 SET k=k+1 WHERE id=4978038
	Update on sbtest7  (cost=0.43..8.46 rows=1 width=196)
	  ->  Index Scan using sbtest7_pkey on sbtest7  (cost=0.43..8.46 rows=1 width=196)
	        Index Cond: (id = 4978038)

table 8 : explain UPDATE sbtest8 SET k=k+1 WHERE id=7206691
	Update on sbtest8  (cost=0.43..8.46 rows=1 width=196)
	  ->  Index Scan using sbtest8_pkey on sbtest8  (cost=0.43..8.46 rows=1 width=196)
	        Index Cond: (id = 7206691)
for: sum_ranges
table 1 : explain SELECT SUM(k) FROM sbtest1 WHERE id BETWEEN 8706930 AND 8706939
	Aggregate  (cost=39.31..39.32 rows=1 width=8)
	  ->  Index Scan using sbtest1_pkey on sbtest1  (cost=0.43..39.28 rows=10 width=4)
	        Index Cond: ((id >= 8706930) AND (id <= 8706939))

table 2 : explain SELECT SUM(k) FROM sbtest2 WHERE id BETWEEN 4523132 AND 4523141
	Aggregate  (cost=39.20..39.21 rows=1 width=8)
	  ->  Index Scan using sbtest2_pkey on sbtest2  (cost=0.43..39.18 rows=10 width=4)
	        Index Cond: ((id >= 4523132) AND (id <= 4523141))

table 3 : explain SELECT SUM(k) FROM sbtest3 WHERE id BETWEEN 8507880 AND 8507889
	Aggregate  (cost=39.15..39.16 rows=1 width=8)
	  ->  Index Scan using sbtest3_pkey on sbtest3  (cost=0.43..39.13 rows=10 width=4)
	        Index Cond: ((id >= 8507880) AND (id <= 8507889))

table 4 : explain SELECT SUM(k) FROM sbtest4 WHERE id BETWEEN 9332009 AND 9332018
	Aggregate  (cost=38.86..38.87 rows=1 width=8)
	  ->  Index Scan using sbtest4_pkey on sbtest4  (cost=0.43..38.83 rows=10 width=4)
	        Index Cond: ((id >= 9332009) AND (id <= 9332018))

table 5 : explain SELECT SUM(k) FROM sbtest5 WHERE id BETWEEN 4005037 AND 4005046
	Aggregate  (cost=32.00..32.01 rows=1 width=8)
	  ->  Index Scan using sbtest5_pkey on sbtest5  (cost=0.43..31.98 rows=8 width=4)
	        Index Cond: ((id >= 4005037) AND (id <= 4005046))

table 6 : explain SELECT SUM(k) FROM sbtest6 WHERE id BETWEEN 1010111 AND 1010120
	Aggregate  (cost=42.05..42.06 rows=1 width=8)
	  ->  Index Scan using sbtest6_pkey on sbtest6  (cost=0.43..42.02 rows=11 width=4)
	        Index Cond: ((id >= 1010111) AND (id <= 1010120))

table 7 : explain SELECT SUM(k) FROM sbtest7 WHERE id BETWEEN 454432 AND 454441
	Aggregate  (cost=38.85..38.86 rows=1 width=8)
	  ->  Index Scan using sbtest7_pkey on sbtest7  (cost=0.43..38.82 rows=10 width=4)
	        Index Cond: ((id >= 454432) AND (id <= 454441))

table 8 : explain SELECT SUM(k) FROM sbtest8 WHERE id BETWEEN 5746016 AND 5746025
	Aggregate  (cost=35.35..35.36 rows=1 width=8)
	  ->  Index Scan using sbtest8_pkey on sbtest8  (cost=0.43..35.33 rows=9 width=4)
	        Index Cond: ((id >= 5746016) AND (id <= 5746025))


for: sum_ranges
table 1 : explain SELECT SUM(k) FROM sbtest1 WHERE id BETWEEN 7243006 AND 7243015
	Aggregate  (cost=39.31..39.32 rows=1 width=8)
	  ->  Index Scan using sbtest1_pkey on sbtest1  (cost=0.43..39.28 rows=10 width=4)
	        Index Cond: ((id >= 7243006) AND (id <= 7243015))

table 2 : explain SELECT SUM(k) FROM sbtest2 WHERE id BETWEEN 2925932 AND 2925941
	Aggregate  (cost=39.20..39.21 rows=1 width=8)
	  ->  Index Scan using sbtest2_pkey on sbtest2  (cost=0.43..39.18 rows=10 width=4)
	        Index Cond: ((id >= 2925932) AND (id <= 2925941))

table 3 : explain SELECT SUM(k) FROM sbtest3 WHERE id BETWEEN 9605318 AND 9605327
	Aggregate  (cost=35.74..35.75 rows=1 width=8)
	  ->  Index Scan using sbtest3_pkey on sbtest3  (cost=0.43..35.72 rows=9 width=4)
	        Index Cond: ((id >= 9605318) AND (id <= 9605327))

table 4 : explain SELECT SUM(k) FROM sbtest4 WHERE id BETWEEN 1518188 AND 1518197
	Aggregate  (cost=38.86..38.87 rows=1 width=8)
	  ->  Index Scan using sbtest4_pkey on sbtest4  (cost=0.43..38.83 rows=10 width=4)
	        Index Cond: ((id >= 1518188) AND (id <= 1518197))

table 5 : explain SELECT SUM(k) FROM sbtest5 WHERE id BETWEEN 7496935 AND 7496944
	Aggregate  (cost=38.73..38.74 rows=1 width=8)
	  ->  Index Scan using sbtest5_pkey on sbtest5  (cost=0.43..38.71 rows=10 width=4)
	        Index Cond: ((id >= 7496935) AND (id <= 7496944))

table 6 : explain SELECT SUM(k) FROM sbtest6 WHERE id BETWEEN 9148080 AND 9148089
	Aggregate  (cost=38.69..38.70 rows=1 width=8)
	  ->  Index Scan using sbtest6_pkey on sbtest6  (cost=0.43..38.66 rows=10 width=4)
	        Index Cond: ((id >= 9148080) AND (id <= 9148089))

table 7 : explain SELECT SUM(k) FROM sbtest7 WHERE id BETWEEN 1484292 AND 1484301
	Aggregate  (cost=38.85..38.86 rows=1 width=8)
	  ->  Index Scan using sbtest7_pkey on sbtest7  (cost=0.43..38.82 rows=10 width=4)
	        Index Cond: ((id >= 1484292) AND (id <= 1484301))

table 8 : explain SELECT SUM(k) FROM sbtest8 WHERE id BETWEEN 5581101 AND 5581110
	Aggregate  (cost=42.07..42.08 rows=1 width=8)
	  ->  Index Scan using sbtest8_pkey on sbtest8  (cost=0.43..42.04 rows=11 width=4)
	        Index Cond: ((id >= 5581101) AND (id <= 5581110))

explain: for inserts :: explain INSERT INTO sbtest%u (id, k, c, pad) VALUES (%u, 13, 'foobar', 'foobar')
explain: for inserts :: explain INSERT INTO sbtest%u (id, k, c, pad) VALUES (%u, 13, 'foobar', 'foobar')
for non_index_updates
table 1 : explain UPDATE sbtest1 SET c='foobar' WHERE id=5513531
	Update on sbtest1  (cost=0.43..8.45 rows=1 width=559)
	  ->  Index Scan using sbtest1_pkey on sbtest1  (cost=0.43..8.45 rows=1 width=559)
	        Index Cond: (id = 5513531)

table 2 : explain UPDATE sbtest2 SET c='foobar' WHERE id=4770921
	Update on sbtest2  (cost=0.43..8.45 rows=1 width=559)
	  ->  Index Scan using sbtest2_pkey on sbtest2  (cost=0.43..8.45 rows=1 width=559)
	        Index Cond: (id = 4770921)

table 3 : explain UPDATE sbtest3 SET c='foobar' WHERE id=8400858
	Update on sbtest3  (cost=0.43..8.45 rows=1 width=559)
	  ->  Index Scan using sbtest3_pkey on sbtest3  (cost=0.43..8.45 rows=1 width=559)
	        Index Cond: (id = 8400858)

table 4 : explain UPDATE sbtest4 SET c='foobar' WHERE id=875953
	Update on sbtest4  (cost=0.43..8.45 rows=1 width=559)
	  ->  Index Scan using sbtest4_pkey on sbtest4  (cost=0.43..8.45 rows=1 width=559)
	        Index Cond: (id = 875953)

table 5 : explain UPDATE sbtest5 SET c='foobar' WHERE id=1836179
	Update on sbtest5  (cost=0.43..8.45 rows=1 width=559)
	  ->  Index Scan using sbtest5_pkey on sbtest5  (cost=0.43..8.45 rows=1 width=559)
	        Index Cond: (id = 1836179)

table 6 : explain UPDATE sbtest6 SET c='foobar' WHERE id=3999903
	Update on sbtest6  (cost=0.43..8.45 rows=1 width=559)
	  ->  Index Scan using sbtest6_pkey on sbtest6  (cost=0.43..8.45 rows=1 width=559)
	        Index Cond: (id = 3999903)

table 7 : explain UPDATE sbtest7 SET c='foobar' WHERE id=2837773
	Update on sbtest7  (cost=0.43..8.45 rows=1 width=559)
	  ->  Index Scan using sbtest7_pkey on sbtest7  (cost=0.43..8.45 rows=1 width=559)
	        Index Cond: (id = 2837773)

table 8 : explain UPDATE sbtest8 SET c='foobar' WHERE id=5949495
	Update on sbtest8  (cost=0.43..8.45 rows=1 width=559)
	  ->  Index Scan using sbtest8_pkey on sbtest8  (cost=0.43..8.45 rows=1 width=559)
	        Index Cond: (id = 5949495)

for deletes
table 1 : explain DELETE FROM sbtest1 WHERE id=9478837
	Delete on sbtest1  (cost=0.43..8.45 rows=1 width=6)
	  ->  Index Scan using sbtest1_pkey on sbtest1  (cost=0.43..8.45 rows=1 width=6)
	        Index Cond: (id = 9478837)

table 2 : explain DELETE FROM sbtest2 WHERE id=2191641
	Delete on sbtest2  (cost=0.43..8.45 rows=1 width=6)
	  ->  Index Scan using sbtest2_pkey on sbtest2  (cost=0.43..8.45 rows=1 width=6)
	        Index Cond: (id = 2191641)

table 3 : explain DELETE FROM sbtest3 WHERE id=6649599
	Delete on sbtest3  (cost=0.43..8.45 rows=1 width=6)
	  ->  Index Scan using sbtest3_pkey on sbtest3  (cost=0.43..8.45 rows=1 width=6)
	        Index Cond: (id = 6649599)

table 4 : explain DELETE FROM sbtest4 WHERE id=9421267
	Delete on sbtest4  (cost=0.43..8.45 rows=1 width=6)
	  ->  Index Scan using sbtest4_pkey on sbtest4  (cost=0.43..8.45 rows=1 width=6)
	        Index Cond: (id = 9421267)

table 5 : explain DELETE FROM sbtest5 WHERE id=9952285
	Delete on sbtest5  (cost=0.43..8.45 rows=1 width=6)
	  ->  Index Scan using sbtest5_pkey on sbtest5  (cost=0.43..8.45 rows=1 width=6)
	        Index Cond: (id = 9952285)

table 6 : explain DELETE FROM sbtest6 WHERE id=9111844
	Delete on sbtest6  (cost=0.43..8.45 rows=1 width=6)
	  ->  Index Scan using sbtest6_pkey on sbtest6  (cost=0.43..8.45 rows=1 width=6)
	        Index Cond: (id = 9111844)

table 7 : explain DELETE FROM sbtest7 WHERE id=7360601
	Delete on sbtest7  (cost=0.43..8.45 rows=1 width=6)
	  ->  Index Scan using sbtest7_pkey on sbtest7  (cost=0.43..8.45 rows=1 width=6)
	        Index Cond: (id = 7360601)

table 8 : explain DELETE FROM sbtest8 WHERE id=9511598
	Delete on sbtest8  (cost=0.43..8.45 rows=1 width=6)
	  ->  Index Scan using sbtest8_pkey on sbtest8  (cost=0.43..8.45 rows=1 width=6)
	        Index Cond: (id = 9511598)

for inserts
table 1 : explain INSERT INTO sbtest1 (id, k, c, pad) VALUES (5513360, 13, 'foobar', 'foobar')
	Insert on sbtest1  (cost=0.00..0.01 rows=1 width=736)
	  ->  Result  (cost=0.00..0.01 rows=1 width=736)

table 2 : explain INSERT INTO sbtest2 (id, k, c, pad) VALUES (4321575, 13, 'foobar', 'foobar')
	Insert on sbtest2  (cost=0.00..0.01 rows=1 width=736)
	  ->  Result  (cost=0.00..0.01 rows=1 width=736)

table 3 : explain INSERT INTO sbtest3 (id, k, c, pad) VALUES (3059155, 13, 'foobar', 'foobar')
	Insert on sbtest3  (cost=0.00..0.01 rows=1 width=736)
	  ->  Result  (cost=0.00..0.01 rows=1 width=736)

table 4 : explain INSERT INTO sbtest4 (id, k, c, pad) VALUES (778224, 13, 'foobar', 'foobar')
	Insert on sbtest4  (cost=0.00..0.01 rows=1 width=736)
	  ->  Result  (cost=0.00..0.01 rows=1 width=736)

table 5 : explain INSERT INTO sbtest5 (id, k, c, pad) VALUES (4360310, 13, 'foobar', 'foobar')
	Insert on sbtest5  (cost=0.00..0.01 rows=1 width=736)
	  ->  Result  (cost=0.00..0.01 rows=1 width=736)

table 6 : explain INSERT INTO sbtest6 (id, k, c, pad) VALUES (1251817, 13, 'foobar', 'foobar')
	Insert on sbtest6  (cost=0.00..0.01 rows=1 width=736)
	  ->  Result  (cost=0.00..0.01 rows=1 width=736)

table 7 : explain INSERT INTO sbtest7 (id, k, c, pad) VALUES (1045437, 13, 'foobar', 'foobar')
	Insert on sbtest7  (cost=0.00..0.01 rows=1 width=736)
	  ->  Result  (cost=0.00..0.01 rows=1 width=736)

table 8 : explain INSERT INTO sbtest8 (id, k, c, pad) VALUES (9192768, 13, 'foobar', 'foobar')
	Insert on sbtest8  (cost=0.00..0.01 rows=1 width=736)
	  ->  Result  (cost=0.00..0.01 rows=1 width=736)

for point_selects
table 1 : explain SELECT c FROM sbtest1 WHERE id=9903030
	Index Scan using sbtest1_pkey on sbtest1  (cost=0.43..8.45 rows=1 width=121)
	  Index Cond: (id = 9903030)

table 2 : explain SELECT c FROM sbtest2 WHERE id=7496114
	Index Scan using sbtest2_pkey on sbtest2  (cost=0.43..8.45 rows=1 width=121)
	  Index Cond: (id = 7496114)

table 3 : explain SELECT c FROM sbtest3 WHERE id=1808747
	Index Scan using sbtest3_pkey on sbtest3  (cost=0.43..8.45 rows=1 width=121)
	  Index Cond: (id = 1808747)

table 4 : explain SELECT c FROM sbtest4 WHERE id=8843756
	Index Scan using sbtest4_pkey on sbtest4  (cost=0.43..8.45 rows=1 width=121)
	  Index Cond: (id = 8843756)

table 5 : explain SELECT c FROM sbtest5 WHERE id=775828
	Index Scan using sbtest5_pkey on sbtest5  (cost=0.43..8.45 rows=1 width=121)
	  Index Cond: (id = 775828)

table 6 : explain SELECT c FROM sbtest6 WHERE id=3592442
	Index Scan using sbtest6_pkey on sbtest6  (cost=0.43..8.45 rows=1 width=121)
	  Index Cond: (id = 3592442)

table 7 : explain SELECT c FROM sbtest7 WHERE id=8660751
	Index Scan using sbtest7_pkey on sbtest7  (cost=0.43..8.45 rows=1 width=121)
	  Index Cond: (id = 8660751)

table 8 : explain SELECT c FROM sbtest8 WHERE id=3217108
	Index Scan using sbtest8_pkey on sbtest8  (cost=0.43..8.45 rows=1 width=121)
	  Index Cond: (id = 3217108)

explain: for deletes :: explain DELETE FROM sbtest%u WHERE id=%u
explain: for non_index_updates :: explain UPDATE sbtest%u SET c='foobar' WHERE id=%u
for: order_ranges
table 1 : explain SELECT c FROM sbtest1 WHERE id BETWEEN 2638432 AND 2638441 ORDER BY c
	Sort  (cost=39.45..39.47 rows=10 width=121)
	  Sort Key: c
	  ->  Index Scan using sbtest1_pkey on sbtest1  (cost=0.43..39.28 rows=10 width=121)
	        Index Cond: ((id >= 2638432) AND (id <= 2638441))

table 2 : explain SELECT c FROM sbtest2 WHERE id BETWEEN 9472831 AND 9472840 ORDER BY c
	Sort  (cost=39.34..39.37 rows=10 width=121)
	  Sort Key: c
	  ->  Index Scan using sbtest2_pkey on sbtest2  (cost=0.43..39.18 rows=10 width=121)
	        Index Cond: ((id >= 9472831) AND (id <= 9472840))

table 3 : explain SELECT c FROM sbtest3 WHERE id BETWEEN 1297886 AND 1297895 ORDER BY c
	Sort  (cost=35.86..35.88 rows=9 width=121)
	  Sort Key: c
	  ->  Index Scan using sbtest3_pkey on sbtest3  (cost=0.43..35.72 rows=9 width=121)
	        Index Cond: ((id >= 1297886) AND (id <= 1297895))

table 4 : explain SELECT c FROM sbtest4 WHERE id BETWEEN 5588300 AND 5588309 ORDER BY c
	Sort  (cost=35.60..35.62 rows=9 width=121)
	  Sort Key: c
	  ->  Index Scan using sbtest4_pkey on sbtest4  (cost=0.43..35.46 rows=9 width=121)
	        Index Cond: ((id >= 5588300) AND (id <= 5588309))

table 5 : explain SELECT c FROM sbtest5 WHERE id BETWEEN 9637319 AND 9637328 ORDER BY c
	Sort  (cost=42.26..42.29 rows=11 width=121)
	  Sort Key: c
	  ->  Index Scan using sbtest5_pkey on sbtest5  (cost=0.43..42.07 rows=11 width=121)
	        Index Cond: ((id >= 9637319) AND (id <= 9637328))

table 6 : explain SELECT c FROM sbtest6 WHERE id BETWEEN 3561179 AND 3561188 ORDER BY c
	Sort  (cost=35.45..35.47 rows=9 width=121)
	  Sort Key: c
	  ->  Index Scan using sbtest6_pkey on sbtest6  (cost=0.43..35.31 rows=9 width=121)
	        Index Cond: ((id >= 3561179) AND (id <= 3561188))

table 7 : explain SELECT c FROM sbtest7 WHERE id BETWEEN 2974827 AND 2974836 ORDER BY c
	Sort  (cost=38.99..39.01 rows=10 width=121)
	  Sort Key: c
	  ->  Index Scan using sbtest7_pkey on sbtest7  (cost=0.43..38.82 rows=10 width=121)
	        Index Cond: ((id >= 2974827) AND (id <= 2974836))

table 8 : explain SELECT c FROM sbtest8 WHERE id BETWEEN 1671889 AND 1671898 ORDER BY c
	Sort  (cost=38.85..38.88 rows=10 width=121)
	  Sort Key: c
	  ->  Index Scan using sbtest8_pkey on sbtest8  (cost=0.43..38.69 rows=10 width=121)
	        Index Cond: ((id >= 1671889) AND (id <= 1671898))

explain: for deletes :: explain DELETE FROM sbtest%u WHERE id=%u
for: simple_ranges
table 1 : explain SELECT c FROM sbtest1 WHERE id BETWEEN 4292113 AND 4292122
	Index Scan using sbtest1_pkey on sbtest1  (cost=0.43..42.71 rows=11 width=121)
	  Index Cond: ((id >= 4292113) AND (id <= 4292122))

table 2 : explain SELECT c FROM sbtest2 WHERE id BETWEEN 8605438 AND 8605447
	Index Scan using sbtest2_pkey on sbtest2  (cost=0.43..35.76 rows=9 width=121)
	  Index Cond: ((id >= 8605438) AND (id <= 8605447))

table 3 : explain SELECT c FROM sbtest3 WHERE id BETWEEN 4104815 AND 4104824
	Index Scan using sbtest3_pkey on sbtest3  (cost=0.43..39.13 rows=10 width=121)
	  Index Cond: ((id >= 4104815) AND (id <= 4104824))

table 4 : explain SELECT c FROM sbtest4 WHERE id BETWEEN 1684071 AND 1684080
	Index Scan using sbtest4_pkey on sbtest4  (cost=0.43..38.83 rows=10 width=121)
	  Index Cond: ((id >= 1684071) AND (id <= 1684080))

table 5 : explain SELECT c FROM sbtest5 WHERE id BETWEEN 9286912 AND 9286921
	Index Scan using sbtest5_pkey on sbtest5  (cost=0.43..38.71 rows=10 width=121)
	  Index Cond: ((id >= 9286912) AND (id <= 9286921))

table 6 : explain SELECT c FROM sbtest6 WHERE id BETWEEN 6044513 AND 6044522
	Index Scan using sbtest6_pkey on sbtest6  (cost=0.43..35.31 rows=9 width=121)
	  Index Cond: ((id >= 6044513) AND (id <= 6044522))

table 7 : explain SELECT c FROM sbtest7 WHERE id BETWEEN 1111119 AND 1111128
	Index Scan using sbtest7_pkey on sbtest7  (cost=0.43..38.82 rows=10 width=121)
	  Index Cond: ((id >= 1111119) AND (id <= 1111128))

table 8 : explain SELECT c FROM sbtest8 WHERE id BETWEEN 6220584 AND 6220593
	Index Scan using sbtest8_pkey on sbtest8  (cost=0.43..38.69 rows=10 width=121)
	  Index Cond: ((id >= 6220584) AND (id <= 6220593))

for: simple_ranges
table 1 : explain SELECT c FROM sbtest1 WHERE id BETWEEN 7938731 AND 7938740
	Index Scan using sbtest1_pkey on sbtest1  (cost=0.43..39.28 rows=10 width=121)
	  Index Cond: ((id >= 7938731) AND (id <= 7938740))

table 2 : explain SELECT c FROM sbtest2 WHERE id BETWEEN 1325465 AND 1325474
	Index Scan using sbtest2_pkey on sbtest2  (cost=0.43..42.59 rows=11 width=121)
	  Index Cond: ((id >= 1325465) AND (id <= 1325474))

table 3 : explain SELECT c FROM sbtest3 WHERE id BETWEEN 2190526 AND 2190535
	Index Scan using sbtest3_pkey on sbtest3  (cost=0.43..39.13 rows=10 width=121)
	  Index Cond: ((id >= 2190526) AND (id <= 2190535))

table 4 : explain SELECT c FROM sbtest4 WHERE id BETWEEN 6647929 AND 6647938
	Index Scan using sbtest4_pkey on sbtest4  (cost=0.43..38.83 rows=10 width=121)
	  Index Cond: ((id >= 6647929) AND (id <= 6647938))

table 5 : explain SELECT c FROM sbtest5 WHERE id BETWEEN 6160823 AND 6160832
	Index Scan using sbtest5_pkey on sbtest5  (cost=0.43..38.71 rows=10 width=121)
	  Index Cond: ((id >= 6160823) AND (id <= 6160832))

table 6 : explain SELECT c FROM sbtest6 WHERE id BETWEEN 6418833 AND 6418842
	Index Scan using sbtest6_pkey on sbtest6  (cost=0.43..38.66 rows=10 width=121)
	  Index Cond: ((id >= 6418833) AND (id <= 6418842))

table 7 : explain SELECT c FROM sbtest7 WHERE id BETWEEN 7163988 AND 7163997
	Index Scan using sbtest7_pkey on sbtest7  (cost=0.43..42.19 rows=11 width=121)
	  Index Cond: ((id >= 7163988) AND (id <= 7163997))

table 8 : explain SELECT c FROM sbtest8 WHERE id BETWEEN 8784815 AND 8784824
	Index Scan using sbtest8_pkey on sbtest8  (cost=0.43..35.33 rows=9 width=121)
	  Index Cond: ((id >= 8784815) AND (id <= 8784824))

for: sum_ranges
table 1 : explain SELECT SUM(k) FROM sbtest1 WHERE id BETWEEN 3767262 AND 3767271
	Aggregate  (cost=39.31..39.32 rows=1 width=8)
	  ->  Index Scan using sbtest1_pkey on sbtest1  (cost=0.43..39.28 rows=10 width=4)
	        Index Cond: ((id >= 3767262) AND (id <= 3767271))

table 2 : explain SELECT SUM(k) FROM sbtest2 WHERE id BETWEEN 7334431 AND 7334440
	Aggregate  (cost=42.62..42.63 rows=1 width=8)
	  ->  Index Scan using sbtest2_pkey on sbtest2  (cost=0.43..42.59 rows=11 width=4)
	        Index Cond: ((id >= 7334431) AND (id <= 7334440))

table 3 : explain SELECT SUM(k) FROM sbtest3 WHERE id BETWEEN 515118 AND 515127
	Aggregate  (cost=35.74..35.75 rows=1 width=8)
	  ->  Index Scan using sbtest3_pkey on sbtest3  (cost=0.43..35.72 rows=9 width=4)
	        Index Cond: ((id >= 515118) AND (id <= 515127))

table 4 : explain SELECT SUM(k) FROM sbtest4 WHERE id BETWEEN 7060167 AND 7060176
	Aggregate  (cost=38.86..38.87 rows=1 width=8)
	  ->  Index Scan using sbtest4_pkey on sbtest4  (cost=0.43..38.83 rows=10 width=4)
	        Index Cond: ((id >= 7060167) AND (id <= 7060176))

table 5 : explain SELECT SUM(k) FROM sbtest5 WHERE id BETWEEN 193723 AND 193732
	Aggregate  (cost=38.73..38.74 rows=1 width=8)
	  ->  Index Scan using sbtest5_pkey on sbtest5  (cost=0.43..38.71 rows=10 width=4)
	        Index Cond: ((id >= 193723) AND (id <= 193732))

table 6 : explain SELECT SUM(k) FROM sbtest6 WHERE id BETWEEN 321170 AND 321179
	Aggregate  (cost=38.69..38.70 rows=1 width=8)
	  ->  Index Scan using sbtest6_pkey on sbtest6  (cost=0.43..38.66 rows=10 width=4)
	        Index Cond: ((id >= 321170) AND (id <= 321179))

table 7 : explain SELECT SUM(k) FROM sbtest7 WHERE id BETWEEN 5048864 AND 5048873
	Aggregate  (cost=38.85..38.86 rows=1 width=8)
	  ->  Index Scan using sbtest7_pkey on sbtest7  (cost=0.43..38.82 rows=10 width=4)
	        Index Cond: ((id >= 5048864) AND (id <= 5048873))

table 8 : explain SELECT SUM(k) FROM sbtest8 WHERE id BETWEEN 4620096 AND 4620105
	Aggregate  (cost=42.07..42.08 rows=1 width=8)
	  ->  Index Scan using sbtest8_pkey on sbtest8  (cost=0.43..42.04 rows=11 width=4)
	        Index Cond: ((id >= 4620096) AND (id <= 4620105))

for deletes
table 1 : explain DELETE FROM sbtest1 WHERE id=2409812
	Delete on sbtest1  (cost=0.43..8.45 rows=1 width=6)
	  ->  Index Scan using sbtest1_pkey on sbtest1  (cost=0.43..8.45 rows=1 width=6)
	        Index Cond: (id = 2409812)

table 2 : explain DELETE FROM sbtest2 WHERE id=4773446
	Delete on sbtest2  (cost=0.43..8.45 rows=1 width=6)
	  ->  Index Scan using sbtest2_pkey on sbtest2  (cost=0.43..8.45 rows=1 width=6)
	        Index Cond: (id = 4773446)

table 3 : explain DELETE FROM sbtest3 WHERE id=9198307
	Delete on sbtest3  (cost=0.43..8.45 rows=1 width=6)
	  ->  Index Scan using sbtest3_pkey on sbtest3  (cost=0.43..8.45 rows=1 width=6)
	        Index Cond: (id = 9198307)

table 4 : explain DELETE FROM sbtest4 WHERE id=4325900
	Delete on sbtest4  (cost=0.43..8.45 rows=1 width=6)
	  ->  Index Scan using sbtest4_pkey on sbtest4  (cost=0.43..8.45 rows=1 width=6)
	        Index Cond: (id = 4325900)

table 5 : explain DELETE FROM sbtest5 WHERE id=1960511
	Delete on sbtest5  (cost=0.43..8.45 rows=1 width=6)
	  ->  Index Scan using sbtest5_pkey on sbtest5  (cost=0.43..8.45 rows=1 width=6)
	        Index Cond: (id = 1960511)

table 6 : explain DELETE FROM sbtest6 WHERE id=690085
	Delete on sbtest6  (cost=0.43..8.45 rows=1 width=6)
	  ->  Index Scan using sbtest6_pkey on sbtest6  (cost=0.43..8.45 rows=1 width=6)
	        Index Cond: (id = 690085)

table 7 : explain DELETE FROM sbtest7 WHERE id=9986162
	Delete on sbtest7  (cost=0.43..8.45 rows=1 width=6)
	  ->  Index Scan using sbtest7_pkey on sbtest7  (cost=0.43..8.45 rows=1 width=6)
	        Index Cond: (id = 9986162)

table 8 : explain DELETE FROM sbtest8 WHERE id=8925012
	Delete on sbtest8  (cost=0.43..8.45 rows=1 width=6)
	  ->  Index Scan using sbtest8_pkey on sbtest8  (cost=0.43..8.45 rows=1 width=6)
	        Index Cond: (id = 8925012)

for: simple_ranges
table 1 : explain SELECT c FROM sbtest1 WHERE id BETWEEN 3157664 AND 3157673
	Index Scan using sbtest1_pkey on sbtest1  (cost=0.43..39.28 rows=10 width=121)
	  Index Cond: ((id >= 3157664) AND (id <= 3157673))

table 2 : explain SELECT c FROM sbtest2 WHERE id BETWEEN 6244086 AND 6244095
	Index Scan using sbtest2_pkey on sbtest2  (cost=0.43..42.59 rows=11 width=121)
	  Index Cond: ((id >= 6244086) AND (id <= 6244095))

table 3 : explain SELECT c FROM sbtest3 WHERE id BETWEEN 5081493 AND 5081502
	Index Scan using sbtest3_pkey on sbtest3  (cost=0.43..42.53 rows=11 width=121)
	  Index Cond: ((id >= 5081493) AND (id <= 5081502))

table 4 : explain SELECT c FROM sbtest4 WHERE id BETWEEN 3903339 AND 3903348
	Index Scan using sbtest4_pkey on sbtest4  (cost=0.43..38.83 rows=10 width=121)
	  Index Cond: ((id >= 3903339) AND (id <= 3903348))

table 5 : explain SELECT c FROM sbtest5 WHERE id BETWEEN 2417394 AND 2417403
	Index Scan using sbtest5_pkey on sbtest5  (cost=0.43..42.07 rows=11 width=121)
	  Index Cond: ((id >= 2417394) AND (id <= 2417403))

table 6 : explain SELECT c FROM sbtest6 WHERE id BETWEEN 9904442 AND 9904451
	Index Scan using sbtest6_pkey on sbtest6  (cost=0.43..38.66 rows=10 width=121)
	  Index Cond: ((id >= 9904442) AND (id <= 9904451))

table 7 : explain SELECT c FROM sbtest7 WHERE id BETWEEN 6959719 AND 6959728
	Index Scan using sbtest7_pkey on sbtest7  (cost=0.43..45.57 rows=12 width=121)
	  Index Cond: ((id >= 6959719) AND (id <= 6959728))

table 8 : explain SELECT c FROM sbtest8 WHERE id BETWEEN 6640339 AND 6640348
	Index Scan using sbtest8_pkey on sbtest8  (cost=0.43..35.33 rows=9 width=121)
	  Index Cond: ((id >= 6640339) AND (id <= 6640348))

for inserts
table 1 : explain INSERT INTO sbtest1 (id, k, c, pad) VALUES (5840860, 13, 'foobar', 'foobar')
	Insert on sbtest1  (cost=0.00..0.01 rows=1 width=736)
	  ->  Result  (cost=0.00..0.01 rows=1 width=736)

table 2 : explain INSERT INTO sbtest2 (id, k, c, pad) VALUES (8325537, 13, 'foobar', 'foobar')
	Insert on sbtest2  (cost=0.00..0.01 rows=1 width=736)
	  ->  Result  (cost=0.00..0.01 rows=1 width=736)

table 3 : explain INSERT INTO sbtest3 (id, k, c, pad) VALUES (5094468, 13, 'foobar', 'foobar')
	Insert on sbtest3  (cost=0.00..0.01 rows=1 width=736)
	  ->  Result  (cost=0.00..0.01 rows=1 width=736)

table 4 : explain INSERT INTO sbtest4 (id, k, c, pad) VALUES (2369954, 13, 'foobar', 'foobar')
	Insert on sbtest4  (cost=0.00..0.01 rows=1 width=736)
	  ->  Result  (cost=0.00..0.01 rows=1 width=736)

table 5 : explain INSERT INTO sbtest5 (id, k, c, pad) VALUES (4021146, 13, 'foobar', 'foobar')
	Insert on sbtest5  (cost=0.00..0.01 rows=1 width=736)
	  ->  Result  (cost=0.00..0.01 rows=1 width=736)

table 6 : explain INSERT INTO sbtest6 (id, k, c, pad) VALUES (2849219, 13, 'foobar', 'foobar')
	Insert on sbtest6  (cost=0.00..0.01 rows=1 width=736)
	  ->  Result  (cost=0.00..0.01 rows=1 width=736)

table 7 : explain INSERT INTO sbtest7 (id, k, c, pad) VALUES (9613807, 13, 'foobar', 'foobar')
	Insert on sbtest7  (cost=0.00..0.01 rows=1 width=736)
	  ->  Result  (cost=0.00..0.01 rows=1 width=736)

table 8 : explain INSERT INTO sbtest8 (id, k, c, pad) VALUES (8506555, 13, 'foobar', 'foobar')
	Insert on sbtest8  (cost=0.00..0.01 rows=1 width=736)
	  ->  Result  (cost=0.00..0.01 rows=1 width=736)

for: sum_ranges
table 1 : explain SELECT SUM(k) FROM sbtest1 WHERE id BETWEEN 601682 AND 601691
	Aggregate  (cost=39.31..39.32 rows=1 width=8)
	  ->  Index Scan using sbtest1_pkey on sbtest1  (cost=0.43..39.28 rows=10 width=4)
	        Index Cond: ((id >= 601682) AND (id <= 601691))

table 2 : explain SELECT SUM(k) FROM sbtest2 WHERE id BETWEEN 1125425 AND 1125434
	Aggregate  (cost=39.20..39.21 rows=1 width=8)
	  ->  Index Scan using sbtest2_pkey on sbtest2  (cost=0.43..39.18 rows=10 width=4)
	        Index Cond: ((id >= 1125425) AND (id <= 1125434))

table 3 : explain SELECT SUM(k) FROM sbtest3 WHERE id BETWEEN 358834 AND 358843
	Aggregate  (cost=39.15..39.16 rows=1 width=8)
	  ->  Index Scan using sbtest3_pkey on sbtest3  (cost=0.43..39.13 rows=10 width=4)
	        Index Cond: ((id >= 358834) AND (id <= 358843))

table 4 : explain SELECT SUM(k) FROM sbtest4 WHERE id BETWEEN 6794082 AND 6794091
	Aggregate  (cost=42.23..42.24 rows=1 width=8)
	  ->  Index Scan using sbtest4_pkey on sbtest4  (cost=0.43..42.21 rows=11 width=4)
	        Index Cond: ((id >= 6794082) AND (id <= 6794091))

table 5 : explain SELECT SUM(k) FROM sbtest5 WHERE id BETWEEN 1322317 AND 1322326
	Aggregate  (cost=42.10..42.11 rows=1 width=8)
	  ->  Index Scan using sbtest5_pkey on sbtest5  (cost=0.43..42.07 rows=11 width=4)
	        Index Cond: ((id >= 1322317) AND (id <= 1322326))

table 6 : explain SELECT SUM(k) FROM sbtest6 WHERE id BETWEEN 2457964 AND 2457973
	Aggregate  (cost=42.05..42.06 rows=1 width=8)
	  ->  Index Scan using sbtest6_pkey on sbtest6  (cost=0.43..42.02 rows=11 width=4)
	        Index Cond: ((id >= 2457964) AND (id <= 2457973))

table 7 : explain SELECT SUM(k) FROM sbtest7 WHERE id BETWEEN 7051913 AND 7051922
	Aggregate  (cost=42.22..42.23 rows=1 width=8)
	  ->  Index Scan using sbtest7_pkey on sbtest7  (cost=0.43..42.19 rows=11 width=4)
	        Index Cond: ((id >= 7051913) AND (id <= 7051922))

table 8 : explain SELECT SUM(k) FROM sbtest8 WHERE id BETWEEN 6636973 AND 6636982
	Aggregate  (cost=35.35..35.36 rows=1 width=8)
	  ->  Index Scan using sbtest8_pkey on sbtest8  (cost=0.43..35.33 rows=9 width=4)
	        Index Cond: ((id >= 6636973) AND (id <= 6636982))

for inserts
table 1 : explain INSERT INTO sbtest1 (id, k, c, pad) VALUES (521434, 13, 'foobar', 'foobar')
	Insert on sbtest1  (cost=0.00..0.01 rows=1 width=736)
	  ->  Result  (cost=0.00..0.01 rows=1 width=736)

table 2 : explain INSERT INTO sbtest2 (id, k, c, pad) VALUES (1947170, 13, 'foobar', 'foobar')
	Insert on sbtest2  (cost=0.00..0.01 rows=1 width=736)
	  ->  Result  (cost=0.00..0.01 rows=1 width=736)

table 3 : explain INSERT INTO sbtest3 (id, k, c, pad) VALUES (9396433, 13, 'foobar', 'foobar')
	Insert on sbtest3  (cost=0.00..0.01 rows=1 width=736)
	  ->  Result  (cost=0.00..0.01 rows=1 width=736)

table 4 : explain INSERT INTO sbtest4 (id, k, c, pad) VALUES (2579501, 13, 'foobar', 'foobar')
	Insert on sbtest4  (cost=0.00..0.01 rows=1 width=736)
	  ->  Result  (cost=0.00..0.01 rows=1 width=736)

table 5 : explain INSERT INTO sbtest5 (id, k, c, pad) VALUES (6813030, 13, 'foobar', 'foobar')
	Insert on sbtest5  (cost=0.00..0.01 rows=1 width=736)
	  ->  Result  (cost=0.00..0.01 rows=1 width=736)

table 6 : explain INSERT INTO sbtest6 (id, k, c, pad) VALUES (5667584, 13, 'foobar', 'foobar')
	Insert on sbtest6  (cost=0.00..0.01 rows=1 width=736)
	  ->  Result  (cost=0.00..0.01 rows=1 width=736)

table 7 : explain INSERT INTO sbtest7 (id, k, c, pad) VALUES (2539261, 13, 'foobar', 'foobar')
	Insert on sbtest7  (cost=0.00..0.01 rows=1 width=736)
	  ->  Result  (cost=0.00..0.01 rows=1 width=736)

table 8 : explain INSERT INTO sbtest8 (id, k, c, pad) VALUES (6647793, 13, 'foobar', 'foobar')
	Insert on sbtest8  (cost=0.00..0.01 rows=1 width=736)
	  ->  Result  (cost=0.00..0.01 rows=1 width=736)

for non_index_updates
table 1 : explain UPDATE sbtest1 SET c='foobar' WHERE id=5515330
	Update on sbtest1  (cost=0.43..8.45 rows=1 width=559)
	  ->  Index Scan using sbtest1_pkey on sbtest1  (cost=0.43..8.45 rows=1 width=559)
	        Index Cond: (id = 5515330)

table 2 : explain UPDATE sbtest2 SET c='foobar' WHERE id=8775448
	Update on sbtest2  (cost=0.43..8.45 rows=1 width=559)
	  ->  Index Scan using sbtest2_pkey on sbtest2  (cost=0.43..8.45 rows=1 width=559)
	        Index Cond: (id = 8775448)

table 3 : explain UPDATE sbtest3 SET c='foobar' WHERE id=1237173
	Update on sbtest3  (cost=0.43..8.45 rows=1 width=559)
	  ->  Index Scan using sbtest3_pkey on sbtest3  (cost=0.43..8.45 rows=1 width=559)
	        Index Cond: (id = 1237173)

table 4 : explain UPDATE sbtest4 SET c='foobar' WHERE id=8102909
	Update on sbtest4  (cost=0.43..8.45 rows=1 width=559)
	  ->  Index Scan using sbtest4_pkey on sbtest4  (cost=0.43..8.45 rows=1 width=559)
	        Index Cond: (id = 8102909)

table 5 : explain UPDATE sbtest5 SET c='foobar' WHERE id=9344295
	Update on sbtest5  (cost=0.43..8.45 rows=1 width=559)
	  ->  Index Scan using sbtest5_pkey on sbtest5  (cost=0.43..8.45 rows=1 width=559)
	        Index Cond: (id = 9344295)

table 6 : explain UPDATE sbtest6 SET c='foobar' WHERE id=1311951
	Update on sbtest6  (cost=0.43..8.45 rows=1 width=559)
	  ->  Index Scan using sbtest6_pkey on sbtest6  (cost=0.43..8.45 rows=1 width=559)
	        Index Cond: (id = 1311951)

table 7 : explain UPDATE sbtest7 SET c='foobar' WHERE id=1855254
	Update on sbtest7  (cost=0.43..8.45 rows=1 width=559)
	  ->  Index Scan using sbtest7_pkey on sbtest7  (cost=0.43..8.45 rows=1 width=559)
	        Index Cond: (id = 1855254)

table 8 : explain UPDATE sbtest8 SET c='foobar' WHERE id=2797732
	Update on sbtest8  (cost=0.43..8.45 rows=1 width=559)
	  ->  Index Scan using sbtest8_pkey on sbtest8  (cost=0.43..8.45 rows=1 width=559)
	        Index Cond: (id = 2797732)

for deletes
table 1 : explain DELETE FROM sbtest1 WHERE id=9501031
	Delete on sbtest1  (cost=0.43..8.45 rows=1 width=6)
	  ->  Index Scan using sbtest1_pkey on sbtest1  (cost=0.43..8.45 rows=1 width=6)
	        Index Cond: (id = 9501031)

table 2 : explain DELETE FROM sbtest2 WHERE id=168076
	Delete on sbtest2  (cost=0.43..8.45 rows=1 width=6)
	  ->  Index Scan using sbtest2_pkey on sbtest2  (cost=0.43..8.45 rows=1 width=6)
	        Index Cond: (id = 168076)

table 3 : explain DELETE FROM sbtest3 WHERE id=8440260
	Delete on sbtest3  (cost=0.43..8.45 rows=1 width=6)
	  ->  Index Scan using sbtest3_pkey on sbtest3  (cost=0.43..8.45 rows=1 width=6)
	        Index Cond: (id = 8440260)

table 4 : explain DELETE FROM sbtest4 WHERE id=1294848
	Delete on sbtest4  (cost=0.43..8.45 rows=1 width=6)
	  ->  Index Scan using sbtest4_pkey on sbtest4  (cost=0.43..8.45 rows=1 width=6)
	        Index Cond: (id = 1294848)

table 5 : explain DELETE FROM sbtest5 WHERE id=9756247
	Delete on sbtest5  (cost=0.43..8.45 rows=1 width=6)
	  ->  Index Scan using sbtest5_pkey on sbtest5  (cost=0.43..8.45 rows=1 width=6)
	        Index Cond: (id = 9756247)

table 6 : explain DELETE FROM sbtest6 WHERE id=7694504
	Delete on sbtest6  (cost=0.43..8.45 rows=1 width=6)
	  ->  Index Scan using sbtest6_pkey on sbtest6  (cost=0.43..8.45 rows=1 width=6)
	        Index Cond: (id = 7694504)

table 7 : explain DELETE FROM sbtest7 WHERE id=2250010
	Delete on sbtest7  (cost=0.43..8.45 rows=1 width=6)
	  ->  Index Scan using sbtest7_pkey on sbtest7  (cost=0.43..8.45 rows=1 width=6)
	        Index Cond: (id = 2250010)

table 8 : explain DELETE FROM sbtest8 WHERE id=5448770
	Delete on sbtest8  (cost=0.43..8.45 rows=1 width=6)
	  ->  Index Scan using sbtest8_pkey on sbtest8  (cost=0.43..8.45 rows=1 width=6)
	        Index Cond: (id = 5448770)

explain: for deletes :: explain DELETE FROM sbtest%u WHERE id=%u
for: order_ranges
table 1 : explain SELECT c FROM sbtest1 WHERE id BETWEEN 700989 AND 700998 ORDER BY c
	Sort  (cost=36.00..36.02 rows=9 width=121)
	  Sort Key: c
	  ->  Index Scan using sbtest1_pkey on sbtest1  (cost=0.43..35.86 rows=9 width=121)
	        Index Cond: ((id >= 700989) AND (id <= 700998))

table 2 : explain SELECT c FROM sbtest2 WHERE id BETWEEN 9975049 AND 9975058 ORDER BY c
	Sort  (cost=35.91..35.93 rows=9 width=121)
	  Sort Key: c
	  ->  Index Scan using sbtest2_pkey on sbtest2  (cost=0.43..35.76 rows=9 width=121)
	        Index Cond: ((id >= 9975049) AND (id <= 9975058))

table 3 : explain SELECT c FROM sbtest3 WHERE id BETWEEN 9173150 AND 9173159 ORDER BY c
	Sort  (cost=39.29..39.32 rows=10 width=121)
	  Sort Key: c
	  ->  Index Scan using sbtest3_pkey on sbtest3  (cost=0.43..39.13 rows=10 width=121)
	        Index Cond: ((id >= 9173150) AND (id <= 9173159))

table 4 : explain SELECT c FROM sbtest4 WHERE id BETWEEN 8047540 AND 8047549 ORDER BY c
	Sort  (cost=39.00..39.02 rows=10 width=121)
	  Sort Key: c
	  ->  Index Scan using sbtest4_pkey on sbtest4  (cost=0.43..38.83 rows=10 width=121)
	        Index Cond: ((id >= 8047540) AND (id <= 8047549))

table 5 : explain SELECT c FROM sbtest5 WHERE id BETWEEN 5219668 AND 5219677 ORDER BY c
	Sort  (cost=35.49..35.51 rows=9 width=121)
	  Sort Key: c
	  ->  Index Scan using sbtest5_pkey on sbtest5  (cost=0.43..35.35 rows=9 width=121)
	        Index Cond: ((id >= 5219668) AND (id <= 5219677))

table 6 : explain SELECT c FROM sbtest6 WHERE id BETWEEN 9062278 AND 9062287 ORDER BY c
	Sort  (cost=38.83..38.85 rows=10 width=121)
	  Sort Key: c
	  ->  Index Scan using sbtest6_pkey on sbtest6  (cost=0.43..38.66 rows=10 width=121)
	        Index Cond: ((id >= 9062278) AND (id <= 9062287))

table 7 : explain SELECT c FROM sbtest7 WHERE id BETWEEN 6406997 AND 6407006 ORDER BY c
	Sort  (cost=38.99..39.01 rows=10 width=121)
	  Sort Key: c
	  ->  Index Scan using sbtest7_pkey on sbtest7  (cost=0.43..38.82 rows=10 width=121)
	        Index Cond: ((id >= 6406997) AND (id <= 6407006))

table 8 : explain SELECT c FROM sbtest8 WHERE id BETWEEN 7845152 AND 7845161 ORDER BY c
	Sort  (cost=38.85..38.88 rows=10 width=121)
	  Sort Key: c
	  ->  Index Scan using sbtest8_pkey on sbtest8  (cost=0.43..38.69 rows=10 width=121)
	        Index Cond: ((id >= 7845152) AND (id <= 7845161))

for: simple_ranges
table 1 : explain SELECT c FROM sbtest1 WHERE id BETWEEN 2493209 AND 2493218
	Index Scan using sbtest1_pkey on sbtest1  (cost=0.43..35.86 rows=9 width=121)
	  Index Cond: ((id >= 2493209) AND (id <= 2493218))

table 2 : explain SELECT c FROM sbtest2 WHERE id BETWEEN 8476253 AND 8476262
	Index Scan using sbtest2_pkey on sbtest2  (cost=0.43..39.18 rows=10 width=121)
	  Index Cond: ((id >= 8476253) AND (id <= 8476262))

table 3 : explain SELECT c FROM sbtest3 WHERE id BETWEEN 5250295 AND 5250304
	Index Scan using sbtest3_pkey on sbtest3  (cost=0.43..35.72 rows=9 width=121)
	  Index Cond: ((id >= 5250295) AND (id <= 5250304))

table 4 : explain SELECT c FROM sbtest4 WHERE id BETWEEN 2954207 AND 2954216
	Index Scan using sbtest4_pkey on sbtest4  (cost=0.43..38.83 rows=10 width=121)
	  Index Cond: ((id >= 2954207) AND (id <= 2954216))

table 5 : explain SELECT c FROM sbtest5 WHERE id BETWEEN 904185 AND 904194
	Index Scan using sbtest5_pkey on sbtest5  (cost=0.43..38.71 rows=10 width=121)
	  Index Cond: ((id >= 904185) AND (id <= 904194))

table 6 : explain SELECT c FROM sbtest6 WHERE id BETWEEN 9238449 AND 9238458
	Index Scan using sbtest6_pkey on sbtest6  (cost=0.43..38.66 rows=10 width=121)
	  Index Cond: ((id >= 9238449) AND (id <= 9238458))

table 7 : explain SELECT c FROM sbtest7 WHERE id BETWEEN 476379 AND 476388
	Index Scan using sbtest7_pkey on sbtest7  (cost=0.43..38.82 rows=10 width=121)
	  Index Cond: ((id >= 476379) AND (id <= 476388))

table 8 : explain SELECT c FROM sbtest8 WHERE id BETWEEN 9111628 AND 9111637
	Index Scan using sbtest8_pkey on sbtest8  (cost=0.43..38.69 rows=10 width=121)
	  Index Cond: ((id >= 9111628) AND (id <= 9111637))

for: order_ranges
table 1 : explain SELECT c FROM sbtest1 WHERE id BETWEEN 1142343 AND 1142352 ORDER BY c
	Sort  (cost=36.00..36.02 rows=9 width=121)
	  Sort Key: c
	  ->  Index Scan using sbtest1_pkey on sbtest1  (cost=0.43..35.86 rows=9 width=121)
	        Index Cond: ((id >= 1142343) AND (id <= 1142352))

table 2 : explain SELECT c FROM sbtest2 WHERE id BETWEEN 4157710 AND 4157719 ORDER BY c
	Sort  (cost=39.34..39.37 rows=10 width=121)
	  Sort Key: c
	  ->  Index Scan using sbtest2_pkey on sbtest2  (cost=0.43..39.18 rows=10 width=121)
	        Index Cond: ((id >= 4157710) AND (id <= 4157719))

table 3 : explain SELECT c FROM sbtest3 WHERE id BETWEEN 4666628 AND 4666637 ORDER BY c
	Sort  (cost=35.86..35.88 rows=9 width=121)
	  Sort Key: c
	  ->  Index Scan using sbtest3_pkey on sbtest3  (cost=0.43..35.72 rows=9 width=121)
	        Index Cond: ((id >= 4666628) AND (id <= 4666637))

table 4 : explain SELECT c FROM sbtest4 WHERE id BETWEEN 2370920 AND 2370929 ORDER BY c
	Sort  (cost=39.00..39.02 rows=10 width=121)
	  Sort Key: c
	  ->  Index Scan using sbtest4_pkey on sbtest4  (cost=0.43..38.83 rows=10 width=121)
	        Index Cond: ((id >= 2370920) AND (id <= 2370929))

table 5 : explain SELECT c FROM sbtest5 WHERE id BETWEEN 5067946 AND 5067955 ORDER BY c
	Sort  (cost=35.49..35.51 rows=9 width=121)
	  Sort Key: c
	  ->  Index Scan using sbtest5_pkey on sbtest5  (cost=0.43..35.35 rows=9 width=121)
	        Index Cond: ((id >= 5067946) AND (id <= 5067955))

table 6 : explain SELECT c FROM sbtest6 WHERE id BETWEEN 8474769 AND 8474778 ORDER BY c
	Sort  (cost=42.21..42.24 rows=11 width=121)
	  Sort Key: c
	  ->  Index Scan using sbtest6_pkey on sbtest6  (cost=0.43..42.02 rows=11 width=121)
	        Index Cond: ((id >= 8474769) AND (id <= 8474778))

table 7 : explain SELECT c FROM sbtest7 WHERE id BETWEEN 1955442 AND 1955451 ORDER BY c
	Sort  (cost=38.99..39.01 rows=10 width=121)
	  Sort Key: c
	  ->  Index Scan using sbtest7_pkey on sbtest7  (cost=0.43..38.82 rows=10 width=121)
	        Index Cond: ((id >= 1955442) AND (id <= 1955451))

table 8 : explain SELECT c FROM sbtest8 WHERE id BETWEEN 9766952 AND 9766961 ORDER BY c
	Sort  (cost=42.24..42.26 rows=11 width=121)
	  Sort Key: c
	  ->  Index Scan using sbtest8_pkey on sbtest8  (cost=0.43..42.04 rows=11 width=121)
	        Index Cond: ((id >= 9766952) AND (id <= 9766961))

for: order_ranges
table 1 : explain SELECT c FROM sbtest1 WHERE id BETWEEN 3144507 AND 3144516 ORDER BY c
	Sort  (cost=39.45..39.47 rows=10 width=121)
	  Sort Key: c
	  ->  Index Scan using sbtest1_pkey on sbtest1  (cost=0.43..39.28 rows=10 width=121)
	        Index Cond: ((id >= 3144507) AND (id <= 3144516))

table 2 : explain SELECT c FROM sbtest2 WHERE id BETWEEN 2063819 AND 2063828 ORDER BY c
	Sort  (cost=39.34..39.37 rows=10 width=121)
	  Sort Key: c
	  ->  Index Scan using sbtest2_pkey on sbtest2  (cost=0.43..39.18 rows=10 width=121)
	        Index Cond: ((id >= 2063819) AND (id <= 2063828))

table 3 : explain SELECT c FROM sbtest3 WHERE id BETWEEN 5667260 AND 5667269 ORDER BY c
	Sort  (cost=35.86..35.88 rows=9 width=121)
	  Sort Key: c
	  ->  Index Scan using sbtest3_pkey on sbtest3  (cost=0.43..35.72 rows=9 width=121)
	        Index Cond: ((id >= 5667260) AND (id <= 5667269))

table 4 : explain SELECT c FROM sbtest4 WHERE id BETWEEN 7524042 AND 7524051 ORDER BY c
	Sort  (cost=39.00..39.02 rows=10 width=121)
	  Sort Key: c
	  ->  Index Scan using sbtest4_pkey on sbtest4  (cost=0.43..38.83 rows=10 width=121)
	        Index Cond: ((id >= 7524042) AND (id <= 7524051))

table 5 : explain SELECT c FROM sbtest5 WHERE id BETWEEN 1943813 AND 1943822 ORDER BY c
	Sort  (cost=42.26..42.29 rows=11 width=121)
	  Sort Key: c
	  ->  Index Scan using sbtest5_pkey on sbtest5  (cost=0.43..42.07 rows=11 width=121)
	        Index Cond: ((id >= 1943813) AND (id <= 1943822))

table 6 : explain SELECT c FROM sbtest6 WHERE id BETWEEN 9340608 AND 9340617 ORDER BY c
	Sort  (cost=38.83..38.85 rows=10 width=121)
	  Sort Key: c
	  ->  Index Scan using sbtest6_pkey on sbtest6  (cost=0.43..38.66 rows=10 width=121)
	        Index Cond: ((id >= 9340608) AND (id <= 9340617))

table 7 : explain SELECT c FROM sbtest7 WHERE id BETWEEN 8722204 AND 8722213 ORDER BY c
	Sort  (cost=35.59..35.61 rows=9 width=121)
	  Sort Key: c
	  ->  Index Scan using sbtest7_pkey on sbtest7  (cost=0.43..35.45 rows=9 width=121)
	        Index Cond: ((id >= 8722204) AND (id <= 8722213))

table 8 : explain SELECT c FROM sbtest8 WHERE id BETWEEN 2724905 AND 2724914 ORDER BY c
	Sort  (cost=35.47..35.49 rows=9 width=121)
	  Sort Key: c
	  ->  Index Scan using sbtest8_pkey on sbtest8  (cost=0.43..35.33 rows=9 width=121)
	        Index Cond: ((id >= 2724905) AND (id <= 2724914))

explain: for inserts :: explain INSERT INTO sbtest%u (id, k, c, pad) VALUES (%u, 13, 'foobar', 'foobar')
for: distinct_ranges
table 1 : explain SELECT DISTINCT c FROM sbtest1 WHERE id BETWEEN 894723 AND 894732 ORDER BY c
	Unique  (cost=39.45..39.50 rows=10 width=121)
	  ->  Sort  (cost=39.45..39.47 rows=10 width=121)
	        Sort Key: c
	        ->  Index Scan using sbtest1_pkey on sbtest1  (cost=0.43..39.28 rows=10 width=121)
	              Index Cond: ((id >= 894723) AND (id <= 894732))

table 2 : explain SELECT DISTINCT c FROM sbtest2 WHERE id BETWEEN 7142957 AND 7142966 ORDER BY c
	Unique  (cost=35.91..35.95 rows=9 width=121)
	  ->  Sort  (cost=35.91..35.93 rows=9 width=121)
	        Sort Key: c
	        ->  Index Scan using sbtest2_pkey on sbtest2  (cost=0.43..35.76 rows=9 width=121)
	              Index Cond: ((id >= 7142957) AND (id <= 7142966))

table 3 : explain SELECT DISTINCT c FROM sbtest3 WHERE id BETWEEN 9668981 AND 9668990 ORDER BY c
	Unique  (cost=39.29..39.34 rows=10 width=121)
	  ->  Sort  (cost=39.29..39.32 rows=10 width=121)
	        Sort Key: c
	        ->  Index Scan using sbtest3_pkey on sbtest3  (cost=0.43..39.13 rows=10 width=121)
	              Index Cond: ((id >= 9668981) AND (id <= 9668990))

table 4 : explain SELECT DISTINCT c FROM sbtest4 WHERE id BETWEEN 4145945 AND 4145954 ORDER BY c
	Unique  (cost=42.40..42.45 rows=11 width=121)
	  ->  Sort  (cost=42.40..42.42 rows=11 width=121)
	        Sort Key: c
	        ->  Index Scan using sbtest4_pkey on sbtest4  (cost=0.43..42.21 rows=11 width=121)
	              Index Cond: ((id >= 4145945) AND (id <= 4145954))

table 5 : explain SELECT DISTINCT c FROM sbtest5 WHERE id BETWEEN 5403032 AND 5403041 ORDER BY c
	Unique  (cost=38.87..38.92 rows=10 width=121)
	  ->  Sort  (cost=38.87..38.90 rows=10 width=121)
	        Sort Key: c
	        ->  Index Scan using sbtest5_pkey on sbtest5  (cost=0.43..38.71 rows=10 width=121)
	              Index Cond: ((id >= 5403032) AND (id <= 5403041))

table 6 : explain SELECT DISTINCT c FROM sbtest6 WHERE id BETWEEN 6325460 AND 6325469 ORDER BY c
	Unique  (cost=38.83..38.88 rows=10 width=121)
	  ->  Sort  (cost=38.83..38.85 rows=10 width=121)
	        Sort Key: c
	        ->  Index Scan using sbtest6_pkey on sbtest6  (cost=0.43..38.66 rows=10 width=121)
	              Index Cond: ((id >= 6325460) AND (id <= 6325469))

table 7 : explain SELECT DISTINCT c FROM sbtest7 WHERE id BETWEEN 6790631 AND 6790640 ORDER BY c
	Unique  (cost=38.99..39.04 rows=10 width=121)
	  ->  Sort  (cost=38.99..39.01 rows=10 width=121)
	        Sort Key: c
	        ->  Index Scan using sbtest7_pkey on sbtest7  (cost=0.43..38.82 rows=10 width=121)
	              Index Cond: ((id >= 6790631) AND (id <= 6790640))

table 8 : explain SELECT DISTINCT c FROM sbtest8 WHERE id BETWEEN 6128283 AND 6128292 ORDER BY c
	Unique  (cost=38.85..38.90 rows=10 width=121)
	  ->  Sort  (cost=38.85..38.88 rows=10 width=121)
	        Sort Key: c
	        ->  Index Scan using sbtest8_pkey on sbtest8  (cost=0.43..38.69 rows=10 width=121)
	              Index Cond: ((id >= 6128283) AND (id <= 6128292))

explain: for inserts :: explain INSERT INTO sbtest%u (id, k, c, pad) VALUES (%u, 13, 'foobar', 'foobar')
for deletes
table 1 : explain DELETE FROM sbtest1 WHERE id=5672405
	Delete on sbtest1  (cost=0.43..8.45 rows=1 width=6)
	  ->  Index Scan using sbtest1_pkey on sbtest1  (cost=0.43..8.45 rows=1 width=6)
	        Index Cond: (id = 5672405)

table 2 : explain DELETE FROM sbtest2 WHERE id=8167791
	Delete on sbtest2  (cost=0.43..8.45 rows=1 width=6)
	  ->  Index Scan using sbtest2_pkey on sbtest2  (cost=0.43..8.45 rows=1 width=6)
	        Index Cond: (id = 8167791)

table 3 : explain DELETE FROM sbtest3 WHERE id=8023693
	Delete on sbtest3  (cost=0.43..8.45 rows=1 width=6)
	  ->  Index Scan using sbtest3_pkey on sbtest3  (cost=0.43..8.45 rows=1 width=6)
	        Index Cond: (id = 8023693)

table 4 : explain DELETE FROM sbtest4 WHERE id=2411966
	Delete on sbtest4  (cost=0.43..8.45 rows=1 width=6)
	  ->  Index Scan using sbtest4_pkey on sbtest4  (cost=0.43..8.45 rows=1 width=6)
	        Index Cond: (id = 2411966)

table 5 : explain DELETE FROM sbtest5 WHERE id=9720795
	Delete on sbtest5  (cost=0.43..8.45 rows=1 width=6)
	  ->  Index Scan using sbtest5_pkey on sbtest5  (cost=0.43..8.45 rows=1 width=6)
	        Index Cond: (id = 9720795)

table 6 : explain DELETE FROM sbtest6 WHERE id=4111926
	Delete on sbtest6  (cost=0.43..8.45 rows=1 width=6)
	  ->  Index Scan using sbtest6_pkey on sbtest6  (cost=0.43..8.45 rows=1 width=6)
	        Index Cond: (id = 4111926)

table 7 : explain DELETE FROM sbtest7 WHERE id=7140486
	Delete on sbtest7  (cost=0.43..8.45 rows=1 width=6)
	  ->  Index Scan using sbtest7_pkey on sbtest7  (cost=0.43..8.45 rows=1 width=6)
	        Index Cond: (id = 7140486)

table 8 : explain DELETE FROM sbtest8 WHERE id=6767124
	Delete on sbtest8  (cost=0.43..8.45 rows=1 width=6)
	  ->  Index Scan using sbtest8_pkey on sbtest8  (cost=0.43..8.45 rows=1 width=6)
	        Index Cond: (id = 6767124)

for: order_ranges
table 1 : explain SELECT c FROM sbtest1 WHERE id BETWEEN 8908438 AND 8908447 ORDER BY c
	Sort  (cost=36.00..36.02 rows=9 width=121)
	  Sort Key: c
	  ->  Index Scan using sbtest1_pkey on sbtest1  (cost=0.43..35.86 rows=9 width=121)
	        Index Cond: ((id >= 8908438) AND (id <= 8908447))

table 2 : explain SELECT c FROM sbtest2 WHERE id BETWEEN 2667216 AND 2667225 ORDER BY c
	Sort  (cost=42.78..42.81 rows=11 width=121)
	  Sort Key: c
	  ->  Index Scan using sbtest2_pkey on sbtest2  (cost=0.43..42.59 rows=11 width=121)
	        Index Cond: ((id >= 2667216) AND (id <= 2667225))

table 3 : explain SELECT c FROM sbtest3 WHERE id BETWEEN 5751438 AND 5751447 ORDER BY c
	Sort  (cost=35.86..35.88 rows=9 width=121)
	  Sort Key: c
	  ->  Index Scan using sbtest3_pkey on sbtest3  (cost=0.43..35.72 rows=9 width=121)
	        Index Cond: ((id >= 5751438) AND (id <= 5751447))

table 4 : explain SELECT c FROM sbtest4 WHERE id BETWEEN 297698 AND 297707 ORDER BY c
	Sort  (cost=35.60..35.62 rows=9 width=121)
	  Sort Key: c
	  ->  Index Scan using sbtest4_pkey on sbtest4  (cost=0.43..35.46 rows=9 width=121)
	        Index Cond: ((id >= 297698) AND (id <= 297707))

table 5 : explain SELECT c FROM sbtest5 WHERE id BETWEEN 5423579 AND 5423588 ORDER BY c
	Sort  (cost=38.87..38.90 rows=10 width=121)
	  Sort Key: c
	  ->  Index Scan using sbtest5_pkey on sbtest5  (cost=0.43..38.71 rows=10 width=121)
	        Index Cond: ((id >= 5423579) AND (id <= 5423588))

table 6 : explain SELECT c FROM sbtest6 WHERE id BETWEEN 3055460 AND 3055469 ORDER BY c
	Sort  (cost=38.83..38.85 rows=10 width=121)
	  Sort Key: c
	  ->  Index Scan using sbtest6_pkey on sbtest6  (cost=0.43..38.66 rows=10 width=121)
	        Index Cond: ((id >= 3055460) AND (id <= 3055469))

table 7 : explain SELECT c FROM sbtest7 WHERE id BETWEEN 4432059 AND 4432068 ORDER BY c
	Sort  (cost=38.99..39.01 rows=10 width=121)
	  Sort Key: c
	  ->  Index Scan using sbtest7_pkey on sbtest7  (cost=0.43..38.82 rows=10 width=121)
	        Index Cond: ((id >= 4432059) AND (id <= 4432068))

table 8 : explain SELECT c FROM sbtest8 WHERE id BETWEEN 5988635 AND 5988644 ORDER BY c
	Sort  (cost=35.47..35.49 rows=9 width=121)
	  Sort Key: c
	  ->  Index Scan using sbtest8_pkey on sbtest8  (cost=0.43..35.33 rows=9 width=121)
	        Index Cond: ((id >= 5988635) AND (id <= 5988644))

for inserts
table 1 : explain INSERT INTO sbtest1 (id, k, c, pad) VALUES (3666553, 13, 'foobar', 'foobar')
	Insert on sbtest1  (cost=0.00..0.01 rows=1 width=736)
	  ->  Result  (cost=0.00..0.01 rows=1 width=736)

table 2 : explain INSERT INTO sbtest2 (id, k, c, pad) VALUES (4610313, 13, 'foobar', 'foobar')
	Insert on sbtest2  (cost=0.00..0.01 rows=1 width=736)
	  ->  Result  (cost=0.00..0.01 rows=1 width=736)

table 3 : explain INSERT INTO sbtest3 (id, k, c, pad) VALUES (8077448, 13, 'foobar', 'foobar')
	Insert on sbtest3  (cost=0.00..0.01 rows=1 width=736)
	  ->  Result  (cost=0.00..0.01 rows=1 width=736)

table 4 : explain INSERT INTO sbtest4 (id, k, c, pad) VALUES (2729636, 13, 'foobar', 'foobar')
	Insert on sbtest4  (cost=0.00..0.01 rows=1 width=736)
	  ->  Result  (cost=0.00..0.01 rows=1 width=736)

table 5 : explain INSERT INTO sbtest5 (id, k, c, pad) VALUES (5723931, 13, 'foobar', 'foobar')
	Insert on sbtest5  (cost=0.00..0.01 rows=1 width=736)
	  ->  Result  (cost=0.00..0.01 rows=1 width=736)

table 6 : explain INSERT INTO sbtest6 (id, k, c, pad) VALUES (6954240, 13, 'foobar', 'foobar')
	Insert on sbtest6  (cost=0.00..0.01 rows=1 width=736)
	  ->  Result  (cost=0.00..0.01 rows=1 width=736)

table 7 : explain INSERT INTO sbtest7 (id, k, c, pad) VALUES (5927145, 13, 'foobar', 'foobar')
	Insert on sbtest7  (cost=0.00..0.01 rows=1 width=736)
	  ->  Result  (cost=0.00..0.01 rows=1 width=736)

table 8 : explain INSERT INTO sbtest8 (id, k, c, pad) VALUES (6492843, 13, 'foobar', 'foobar')
	Insert on sbtest8  (cost=0.00..0.01 rows=1 width=736)
	  ->  Result  (cost=0.00..0.01 rows=1 width=736)

for non_index_updates
table 1 : explain UPDATE sbtest1 SET c='foobar' WHERE id=5740509
	Update on sbtest1  (cost=0.43..8.45 rows=1 width=559)
	  ->  Index Scan using sbtest1_pkey on sbtest1  (cost=0.43..8.45 rows=1 width=559)
	        Index Cond: (id = 5740509)

table 2 : explain UPDATE sbtest2 SET c='foobar' WHERE id=8079436
	Update on sbtest2  (cost=0.43..8.45 rows=1 width=559)
	  ->  Index Scan using sbtest2_pkey on sbtest2  (cost=0.43..8.45 rows=1 width=559)
	        Index Cond: (id = 8079436)

table 3 : explain UPDATE sbtest3 SET c='foobar' WHERE id=8880956
	Update on sbtest3  (cost=0.43..8.45 rows=1 width=559)
	  ->  Index Scan using sbtest3_pkey on sbtest3  (cost=0.43..8.45 rows=1 width=559)
	        Index Cond: (id = 8880956)

table 4 : explain UPDATE sbtest4 SET c='foobar' WHERE id=6661968
	Update on sbtest4  (cost=0.43..8.45 rows=1 width=559)
	  ->  Index Scan using sbtest4_pkey on sbtest4  (cost=0.43..8.45 rows=1 width=559)
	        Index Cond: (id = 6661968)

table 5 : explain UPDATE sbtest5 SET c='foobar' WHERE id=6413297
	Update on sbtest5  (cost=0.43..8.45 rows=1 width=559)
	  ->  Index Scan using sbtest5_pkey on sbtest5  (cost=0.43..8.45 rows=1 width=559)
	        Index Cond: (id = 6413297)

table 6 : explain UPDATE sbtest6 SET c='foobar' WHERE id=2473952
	Update on sbtest6  (cost=0.43..8.45 rows=1 width=559)
	  ->  Index Scan using sbtest6_pkey on sbtest6  (cost=0.43..8.45 rows=1 width=559)
	        Index Cond: (id = 2473952)

table 7 : explain UPDATE sbtest7 SET c='foobar' WHERE id=1935340
	Update on sbtest7  (cost=0.43..8.45 rows=1 width=559)
	  ->  Index Scan using sbtest7_pkey on sbtest7  (cost=0.43..8.45 rows=1 width=559)
	        Index Cond: (id = 1935340)

table 8 : explain UPDATE sbtest8 SET c='foobar' WHERE id=169298
	Update on sbtest8  (cost=0.43..8.45 rows=1 width=559)
	  ->  Index Scan using sbtest8_pkey on sbtest8  (cost=0.43..8.45 rows=1 width=559)
	        Index Cond: (id = 169298)

for: order_ranges
table 1 : explain SELECT c FROM sbtest1 WHERE id BETWEEN 7844361 AND 7844370 ORDER BY c
	Sort  (cost=39.45..39.47 rows=10 width=121)
	  Sort Key: c
	  ->  Index Scan using sbtest1_pkey on sbtest1  (cost=0.43..39.28 rows=10 width=121)
	        Index Cond: ((id >= 7844361) AND (id <= 7844370))

table 2 : explain SELECT c FROM sbtest2 WHERE id BETWEEN 9185329 AND 9185338 ORDER BY c
	Sort  (cost=39.34..39.37 rows=10 width=121)
	  Sort Key: c
	  ->  Index Scan using sbtest2_pkey on sbtest2  (cost=0.43..39.18 rows=10 width=121)
	        Index Cond: ((id >= 9185329) AND (id <= 9185338))

table 3 : explain SELECT c FROM sbtest3 WHERE id BETWEEN 3742685 AND 3742694 ORDER BY c
	Sort  (cost=35.86..35.88 rows=9 width=121)
	  Sort Key: c
	  ->  Index Scan using sbtest3_pkey on sbtest3  (cost=0.43..35.72 rows=9 width=121)
	        Index Cond: ((id >= 3742685) AND (id <= 3742694))

table 4 : explain SELECT c FROM sbtest4 WHERE id BETWEEN 346001 AND 346010 ORDER BY c
	Sort  (cost=39.00..39.02 rows=10 width=121)
	  Sort Key: c
	  ->  Index Scan using sbtest4_pkey on sbtest4  (cost=0.43..38.83 rows=10 width=121)
	        Index Cond: ((id >= 346001) AND (id <= 346010))

table 5 : explain SELECT c FROM sbtest5 WHERE id BETWEEN 3561224 AND 3561233 ORDER BY c
	Sort  (cost=38.87..38.90 rows=10 width=121)
	  Sort Key: c
	  ->  Index Scan using sbtest5_pkey on sbtest5  (cost=0.43..38.71 rows=10 width=121)
	        Index Cond: ((id >= 3561224) AND (id <= 3561233))

table 6 : explain SELECT c FROM sbtest6 WHERE id BETWEEN 5771354 AND 5771363 ORDER BY c
	Sort  (cost=38.83..38.85 rows=10 width=121)
	  Sort Key: c
	  ->  Index Scan using sbtest6_pkey on sbtest6  (cost=0.43..38.66 rows=10 width=121)
	        Index Cond: ((id >= 5771354) AND (id <= 5771363))

table 7 : explain SELECT c FROM sbtest7 WHERE id BETWEEN 1724810 AND 1724819 ORDER BY c
	Sort  (cost=38.99..39.01 rows=10 width=121)
	  Sort Key: c
	  ->  Index Scan using sbtest7_pkey on sbtest7  (cost=0.43..38.82 rows=10 width=121)
	        Index Cond: ((id >= 1724810) AND (id <= 1724819))

table 8 : explain SELECT c FROM sbtest8 WHERE id BETWEEN 4036443 AND 4036452 ORDER BY c
	Sort  (cost=38.85..38.88 rows=10 width=121)
	  Sort Key: c
	  ->  Index Scan using sbtest8_pkey on sbtest8  (cost=0.43..38.69 rows=10 width=121)
	        Index Cond: ((id >= 4036443) AND (id <= 4036452))

for: sum_ranges
table 1 : explain SELECT SUM(k) FROM sbtest1 WHERE id BETWEEN 6103811 AND 6103820
	Aggregate  (cost=42.73..42.74 rows=1 width=8)
	  ->  Index Scan using sbtest1_pkey on sbtest1  (cost=0.43..42.71 rows=11 width=4)
	        Index Cond: ((id >= 6103811) AND (id <= 6103820))

table 2 : explain SELECT SUM(k) FROM sbtest2 WHERE id BETWEEN 2639961 AND 2639970
	Aggregate  (cost=42.62..42.63 rows=1 width=8)
	  ->  Index Scan using sbtest2_pkey on sbtest2  (cost=0.43..42.59 rows=11 width=4)
	        Index Cond: ((id >= 2639961) AND (id <= 2639970))

table 3 : explain SELECT SUM(k) FROM sbtest3 WHERE id BETWEEN 5401036 AND 5401045
	Aggregate  (cost=35.74..35.75 rows=1 width=8)
	  ->  Index Scan using sbtest3_pkey on sbtest3  (cost=0.43..35.72 rows=9 width=4)
	        Index Cond: ((id >= 5401036) AND (id <= 5401045))

table 4 : explain SELECT SUM(k) FROM sbtest4 WHERE id BETWEEN 3328023 AND 3328032
	Aggregate  (cost=38.86..38.87 rows=1 width=8)
	  ->  Index Scan using sbtest4_pkey on sbtest4  (cost=0.43..38.83 rows=10 width=4)
	        Index Cond: ((id >= 3328023) AND (id <= 3328032))

table 5 : explain SELECT SUM(k) FROM sbtest5 WHERE id BETWEEN 6739937 AND 6739946
	Aggregate  (cost=42.10..42.11 rows=1 width=8)
	  ->  Index Scan using sbtest5_pkey on sbtest5  (cost=0.43..42.07 rows=11 width=4)
	        Index Cond: ((id >= 6739937) AND (id <= 6739946))

table 6 : explain SELECT SUM(k) FROM sbtest6 WHERE id BETWEEN 9949917 AND 9949926
	Aggregate  (cost=38.69..38.70 rows=1 width=8)
	  ->  Index Scan using sbtest6_pkey on sbtest6  (cost=0.43..38.66 rows=10 width=4)
	        Index Cond: ((id >= 9949917) AND (id <= 9949926))

table 7 : explain SELECT SUM(k) FROM sbtest7 WHERE id BETWEEN 2169927 AND 2169936
	Aggregate  (cost=42.22..42.23 rows=1 width=8)
	  ->  Index Scan using sbtest7_pkey on sbtest7  (cost=0.43..42.19 rows=11 width=4)
	        Index Cond: ((id >= 2169927) AND (id <= 2169936))

table 8 : explain SELECT SUM(k) FROM sbtest8 WHERE id BETWEEN 5104600 AND 5104609
	Aggregate  (cost=35.35..35.36 rows=1 width=8)
	  ->  Index Scan using sbtest8_pkey on sbtest8  (cost=0.43..35.33 rows=9 width=4)
	        Index Cond: ((id >= 5104600) AND (id <= 5104609))

for inserts
table 1 : explain INSERT INTO sbtest1 (id, k, c, pad) VALUES (6171686, 13, 'foobar', 'foobar')
	Insert on sbtest1  (cost=0.00..0.01 rows=1 width=736)
	  ->  Result  (cost=0.00..0.01 rows=1 width=736)

table 2 : explain INSERT INTO sbtest2 (id, k, c, pad) VALUES (8675910, 13, 'foobar', 'foobar')
	Insert on sbtest2  (cost=0.00..0.01 rows=1 width=736)
	  ->  Result  (cost=0.00..0.01 rows=1 width=736)

table 3 : explain INSERT INTO sbtest3 (id, k, c, pad) VALUES (1556813, 13, 'foobar', 'foobar')
	Insert on sbtest3  (cost=0.00..0.01 rows=1 width=736)
	  ->  Result  (cost=0.00..0.01 rows=1 width=736)

table 4 : explain INSERT INTO sbtest4 (id, k, c, pad) VALUES (1818550, 13, 'foobar', 'foobar')
	Insert on sbtest4  (cost=0.00..0.01 rows=1 width=736)
	  ->  Result  (cost=0.00..0.01 rows=1 width=736)

table 5 : explain INSERT INTO sbtest5 (id, k, c, pad) VALUES (3758736, 13, 'foobar', 'foobar')
	Insert on sbtest5  (cost=0.00..0.01 rows=1 width=736)
	  ->  Result  (cost=0.00..0.01 rows=1 width=736)

table 6 : explain INSERT INTO sbtest6 (id, k, c, pad) VALUES (1062499, 13, 'foobar', 'foobar')
	Insert on sbtest6  (cost=0.00..0.01 rows=1 width=736)
	  ->  Result  (cost=0.00..0.01 rows=1 width=736)

table 7 : explain INSERT INTO sbtest7 (id, k, c, pad) VALUES (4392378, 13, 'foobar', 'foobar')
	Insert on sbtest7  (cost=0.00..0.01 rows=1 width=736)
	  ->  Result  (cost=0.00..0.01 rows=1 width=736)

table 8 : explain INSERT INTO sbtest8 (id, k, c, pad) VALUES (3592178, 13, 'foobar', 'foobar')
	Insert on sbtest8  (cost=0.00..0.01 rows=1 width=736)
	  ->  Result  (cost=0.00..0.01 rows=1 width=736)

for: order_ranges
table 1 : explain SELECT c FROM sbtest1 WHERE id BETWEEN 2654563 AND 2654572 ORDER BY c
	Sort  (cost=39.45..39.47 rows=10 width=121)
	  Sort Key: c
	  ->  Index Scan using sbtest1_pkey on sbtest1  (cost=0.43..39.28 rows=10 width=121)
	        Index Cond: ((id >= 2654563) AND (id <= 2654572))

table 2 : explain SELECT c FROM sbtest2 WHERE id BETWEEN 1012838 AND 1012847 ORDER BY c
	Sort  (cost=39.34..39.37 rows=10 width=121)
	  Sort Key: c
	  ->  Index Scan using sbtest2_pkey on sbtest2  (cost=0.43..39.18 rows=10 width=121)
	        Index Cond: ((id >= 1012838) AND (id <= 1012847))

table 3 : explain SELECT c FROM sbtest3 WHERE id BETWEEN 1661632 AND 1661641 ORDER BY c
	Sort  (cost=35.86..35.88 rows=9 width=121)
	  Sort Key: c
	  ->  Index Scan using sbtest3_pkey on sbtest3  (cost=0.43..35.72 rows=9 width=121)
	        Index Cond: ((id >= 1661632) AND (id <= 1661641))

table 4 : explain SELECT c FROM sbtest4 WHERE id BETWEEN 9401584 AND 9401593 ORDER BY c
	Sort  (cost=42.40..42.42 rows=11 width=121)
	  Sort Key: c
	  ->  Index Scan using sbtest4_pkey on sbtest4  (cost=0.43..42.21 rows=11 width=121)
	        Index Cond: ((id >= 9401584) AND (id <= 9401593))

table 5 : explain SELECT c FROM sbtest5 WHERE id BETWEEN 3793389 AND 3793398 ORDER BY c
	Sort  (cost=38.87..38.90 rows=10 width=121)
	  Sort Key: c
	  ->  Index Scan using sbtest5_pkey on sbtest5  (cost=0.43..38.71 rows=10 width=121)
	        Index Cond: ((id >= 3793389) AND (id <= 3793398))

table 6 : explain SELECT c FROM sbtest6 WHERE id BETWEEN 2676404 AND 2676413 ORDER BY c
	Sort  (cost=35.45..35.47 rows=9 width=121)
	  Sort Key: c
	  ->  Index Scan using sbtest6_pkey on sbtest6  (cost=0.43..35.31 rows=9 width=121)
	        Index Cond: ((id >= 2676404) AND (id <= 2676413))

table 7 : explain SELECT c FROM sbtest7 WHERE id BETWEEN 130588 AND 130597 ORDER BY c
	Sort  (cost=35.59..35.61 rows=9 width=121)
	  Sort Key: c
	  ->  Index Scan using sbtest7_pkey on sbtest7  (cost=0.43..35.45 rows=9 width=121)
	        Index Cond: ((id >= 130588) AND (id <= 130597))

table 8 : explain SELECT c FROM sbtest8 WHERE id BETWEEN 3018293 AND 3018302 ORDER BY c
	Sort  (cost=45.62..45.65 rows=12 width=121)
	  Sort Key: c
	  ->  Index Scan using sbtest8_pkey on sbtest8  (cost=0.43..45.40 rows=12 width=121)
	        Index Cond: ((id >= 3018293) AND (id <= 3018302))

for: sum_ranges
table 1 : explain SELECT SUM(k) FROM sbtest1 WHERE id BETWEEN 2381971 AND 2381980
	Aggregate  (cost=39.31..39.32 rows=1 width=8)
	  ->  Index Scan using sbtest1_pkey on sbtest1  (cost=0.43..39.28 rows=10 width=4)
	        Index Cond: ((id >= 2381971) AND (id <= 2381980))

table 2 : explain SELECT SUM(k) FROM sbtest2 WHERE id BETWEEN 975110 AND 975119
	Aggregate  (cost=39.20..39.21 rows=1 width=8)
	  ->  Index Scan using sbtest2_pkey on sbtest2  (cost=0.43..39.18 rows=10 width=4)
	        Index Cond: ((id >= 975110) AND (id <= 975119))

table 3 : explain SELECT SUM(k) FROM sbtest3 WHERE id BETWEEN 3268185 AND 3268194
	Aggregate  (cost=39.15..39.16 rows=1 width=8)
	  ->  Index Scan using sbtest3_pkey on sbtest3  (cost=0.43..39.13 rows=10 width=4)
	        Index Cond: ((id >= 3268185) AND (id <= 3268194))

table 4 : explain SELECT SUM(k) FROM sbtest4 WHERE id BETWEEN 8683937 AND 8683946
	Aggregate  (cost=38.86..38.87 rows=1 width=8)
	  ->  Index Scan using sbtest4_pkey on sbtest4  (cost=0.43..38.83 rows=10 width=4)
	        Index Cond: ((id >= 8683937) AND (id <= 8683946))

table 5 : explain SELECT SUM(k) FROM sbtest5 WHERE id BETWEEN 7922181 AND 7922190
	Aggregate  (cost=38.73..38.74 rows=1 width=8)
	  ->  Index Scan using sbtest5_pkey on sbtest5  (cost=0.43..38.71 rows=10 width=4)
	        Index Cond: ((id >= 7922181) AND (id <= 7922190))

table 6 : explain SELECT SUM(k) FROM sbtest6 WHERE id BETWEEN 8696746 AND 8696755
	Aggregate  (cost=38.69..38.70 rows=1 width=8)
	  ->  Index Scan using sbtest6_pkey on sbtest6  (cost=0.43..38.66 rows=10 width=4)
	        Index Cond: ((id >= 8696746) AND (id <= 8696755))

table 7 : explain SELECT SUM(k) FROM sbtest7 WHERE id BETWEEN 9231561 AND 9231570
	Aggregate  (cost=38.85..38.86 rows=1 width=8)
	  ->  Index Scan using sbtest7_pkey on sbtest7  (cost=0.43..38.82 rows=10 width=4)
	        Index Cond: ((id >= 9231561) AND (id <= 9231570))

table 8 : explain SELECT SUM(k) FROM sbtest8 WHERE id BETWEEN 6068782 AND 6068791
	Aggregate  (cost=38.71..38.72 rows=1 width=8)
	  ->  Index Scan using sbtest8_pkey on sbtest8  (cost=0.43..38.69 rows=10 width=4)
	        Index Cond: ((id >= 6068782) AND (id <= 6068791))

for: sum_ranges
table 1 : explain SELECT SUM(k) FROM sbtest1 WHERE id BETWEEN 9592277 AND 9592286
	Aggregate  (cost=42.73..42.74 rows=1 width=8)
	  ->  Index Scan using sbtest1_pkey on sbtest1  (cost=0.43..42.71 rows=11 width=4)
	        Index Cond: ((id >= 9592277) AND (id <= 9592286))

table 2 : explain SELECT SUM(k) FROM sbtest2 WHERE id BETWEEN 9568479 AND 9568488
	Aggregate  (cost=42.62..42.63 rows=1 width=8)
	  ->  Index Scan using sbtest2_pkey on sbtest2  (cost=0.43..42.59 rows=11 width=4)
	        Index Cond: ((id >= 9568479) AND (id <= 9568488))

table 3 : explain SELECT SUM(k) FROM sbtest3 WHERE id BETWEEN 3201911 AND 3201920
	Aggregate  (cost=42.56..42.57 rows=1 width=8)
	  ->  Index Scan using sbtest3_pkey on sbtest3  (cost=0.43..42.53 rows=11 width=4)
	        Index Cond: ((id >= 3201911) AND (id <= 3201920))

table 4 : explain SELECT SUM(k) FROM sbtest4 WHERE id BETWEEN 85431 AND 85440
	Aggregate  (cost=35.48..35.49 rows=1 width=8)
	  ->  Index Scan using sbtest4_pkey on sbtest4  (cost=0.43..35.46 rows=9 width=4)
	        Index Cond: ((id >= 85431) AND (id <= 85440))

table 5 : explain SELECT SUM(k) FROM sbtest5 WHERE id BETWEEN 5405498 AND 5405507
	Aggregate  (cost=38.73..38.74 rows=1 width=8)
	  ->  Index Scan using sbtest5_pkey on sbtest5  (cost=0.43..38.71 rows=10 width=4)
	        Index Cond: ((id >= 5405498) AND (id <= 5405507))

table 6 : explain SELECT SUM(k) FROM sbtest6 WHERE id BETWEEN 9633971 AND 9633980
	Aggregate  (cost=38.69..38.70 rows=1 width=8)
	  ->  Index Scan using sbtest6_pkey on sbtest6  (cost=0.43..38.66 rows=10 width=4)
	        Index Cond: ((id >= 9633971) AND (id <= 9633980))

table 7 : explain SELECT SUM(k) FROM sbtest7 WHERE id BETWEEN 108994 AND 109003
	Aggregate  (cost=35.47..35.48 rows=1 width=8)
	  ->  Index Scan using sbtest7_pkey on sbtest7  (cost=0.43..35.45 rows=9 width=4)
	        Index Cond: ((id >= 108994) AND (id <= 109003))

table 8 : explain SELECT SUM(k) FROM sbtest8 WHERE id BETWEEN 9372943 AND 9372952
	Aggregate  (cost=38.71..38.72 rows=1 width=8)
	  ->  Index Scan using sbtest8_pkey on sbtest8  (cost=0.43..38.69 rows=10 width=4)
	        Index Cond: ((id >= 9372943) AND (id <= 9372952))

explain: for deletes :: explain DELETE FROM sbtest%u WHERE id=%u
for: distinct_ranges
table 1 : explain SELECT DISTINCT c FROM sbtest1 WHERE id BETWEEN 286053 AND 286062 ORDER BY c
	Unique  (cost=39.45..39.50 rows=10 width=121)
	  ->  Sort  (cost=39.45..39.47 rows=10 width=121)
	        Sort Key: c
	        ->  Index Scan using sbtest1_pkey on sbtest1  (cost=0.43..39.28 rows=10 width=121)
	              Index Cond: ((id >= 286053) AND (id <= 286062))

table 2 : explain SELECT DISTINCT c FROM sbtest2 WHERE id BETWEEN 4327846 AND 4327855 ORDER BY c
	Unique  (cost=39.34..39.39 rows=10 width=121)
	  ->  Sort  (cost=39.34..39.37 rows=10 width=121)
	        Sort Key: c
	        ->  Index Scan using sbtest2_pkey on sbtest2  (cost=0.43..39.18 rows=10 width=121)
	              Index Cond: ((id >= 4327846) AND (id <= 4327855))

table 3 : explain SELECT DISTINCT c FROM sbtest3 WHERE id BETWEEN 583693 AND 583702 ORDER BY c
	Unique  (cost=35.86..35.91 rows=9 width=121)
	  ->  Sort  (cost=35.86..35.88 rows=9 width=121)
	        Sort Key: c
	        ->  Index Scan using sbtest3_pkey on sbtest3  (cost=0.43..35.72 rows=9 width=121)
	              Index Cond: ((id >= 583693) AND (id <= 583702))

table 4 : explain SELECT DISTINCT c FROM sbtest4 WHERE id BETWEEN 8521729 AND 8521738 ORDER BY c
	Unique  (cost=39.00..39.05 rows=10 width=121)
	  ->  Sort  (cost=39.00..39.02 rows=10 width=121)
	        Sort Key: c
	        ->  Index Scan using sbtest4_pkey on sbtest4  (cost=0.43..38.83 rows=10 width=121)
	              Index Cond: ((id >= 8521729) AND (id <= 8521738))

table 5 : explain SELECT DISTINCT c FROM sbtest5 WHERE id BETWEEN 4155536 AND 4155545 ORDER BY c
	Unique  (cost=35.49..35.53 rows=9 width=121)
	  ->  Sort  (cost=35.49..35.51 rows=9 width=121)
	        Sort Key: c
	        ->  Index Scan using sbtest5_pkey on sbtest5  (cost=0.43..35.35 rows=9 width=121)
	              Index Cond: ((id >= 4155536) AND (id <= 4155545))

table 6 : explain SELECT DISTINCT c FROM sbtest6 WHERE id BETWEEN 8859919 AND 8859928 ORDER BY c
	Unique  (cost=42.21..42.26 rows=11 width=121)
	  ->  Sort  (cost=42.21..42.24 rows=11 width=121)
	        Sort Key: c
	        ->  Index Scan using sbtest6_pkey on sbtest6  (cost=0.43..42.02 rows=11 width=121)
	              Index Cond: ((id >= 8859919) AND (id <= 8859928))

table 7 : explain SELECT DISTINCT c FROM sbtest7 WHERE id BETWEEN 9038644 AND 9038653 ORDER BY c
	Unique  (cost=38.99..39.04 rows=10 width=121)
	  ->  Sort  (cost=38.99..39.01 rows=10 width=121)
	        Sort Key: c
	        ->  Index Scan using sbtest7_pkey on sbtest7  (cost=0.43..38.82 rows=10 width=121)
	              Index Cond: ((id >= 9038644) AND (id <= 9038653))

table 8 : explain SELECT DISTINCT c FROM sbtest8 WHERE id BETWEEN 4936127 AND 4936136 ORDER BY c
	Unique  (cost=35.47..35.51 rows=9 width=121)
	  ->  Sort  (cost=35.47..35.49 rows=9 width=121)
	        Sort Key: c
	        ->  Index Scan using sbtest8_pkey on sbtest8  (cost=0.43..35.33 rows=9 width=121)
	              Index Cond: ((id >= 4936127) AND (id <= 4936136))

for deletes
table 1 : explain DELETE FROM sbtest1 WHERE id=2010343
	Delete on sbtest1  (cost=0.43..8.45 rows=1 width=6)
	  ->  Index Scan using sbtest1_pkey on sbtest1  (cost=0.43..8.45 rows=1 width=6)
	        Index Cond: (id = 2010343)

table 2 : explain DELETE FROM sbtest2 WHERE id=7724202
	Delete on sbtest2  (cost=0.43..8.45 rows=1 width=6)
	  ->  Index Scan using sbtest2_pkey on sbtest2  (cost=0.43..8.45 rows=1 width=6)
	        Index Cond: (id = 7724202)

table 3 : explain DELETE FROM sbtest3 WHERE id=1605345
	Delete on sbtest3  (cost=0.43..8.45 rows=1 width=6)
	  ->  Index Scan using sbtest3_pkey on sbtest3  (cost=0.43..8.45 rows=1 width=6)
	        Index Cond: (id = 1605345)

table 4 : explain DELETE FROM sbtest4 WHERE id=2950033
	Delete on sbtest4  (cost=0.43..8.45 rows=1 width=6)
	  ->  Index Scan using sbtest4_pkey on sbtest4  (cost=0.43..8.45 rows=1 width=6)
	        Index Cond: (id = 2950033)

table 5 : explain DELETE FROM sbtest5 WHERE id=4343214
	Delete on sbtest5  (cost=0.43..8.45 rows=1 width=6)
	  ->  Index Scan using sbtest5_pkey on sbtest5  (cost=0.43..8.45 rows=1 width=6)
	        Index Cond: (id = 4343214)

table 6 : explain DELETE FROM sbtest6 WHERE id=5900568
	Delete on sbtest6  (cost=0.43..8.45 rows=1 width=6)
	  ->  Index Scan using sbtest6_pkey on sbtest6  (cost=0.43..8.45 rows=1 width=6)
	        Index Cond: (id = 5900568)

table 7 : explain DELETE FROM sbtest7 WHERE id=1903780
	Delete on sbtest7  (cost=0.43..8.45 rows=1 width=6)
	  ->  Index Scan using sbtest7_pkey on sbtest7  (cost=0.43..8.45 rows=1 width=6)
	        Index Cond: (id = 1903780)

table 8 : explain DELETE FROM sbtest8 WHERE id=7959787
	Delete on sbtest8  (cost=0.43..8.45 rows=1 width=6)
	  ->  Index Scan using sbtest8_pkey on sbtest8  (cost=0.43..8.45 rows=1 width=6)
	        Index Cond: (id = 7959787)

explain: for index_updates :: explain UPDATE sbtest%u SET k=k+1 WHERE id=%u
for: distinct_ranges
table 1 : explain SELECT DISTINCT c FROM sbtest1 WHERE id BETWEEN 4183279 AND 4183288 ORDER BY c
	Unique  (cost=39.45..39.50 rows=10 width=121)
	  ->  Sort  (cost=39.45..39.47 rows=10 width=121)
	        Sort Key: c
	        ->  Index Scan using sbtest1_pkey on sbtest1  (cost=0.43..39.28 rows=10 width=121)
	              Index Cond: ((id >= 4183279) AND (id <= 4183288))

table 2 : explain SELECT DISTINCT c FROM sbtest2 WHERE id BETWEEN 9522228 AND 9522237 ORDER BY c
	Unique  (cost=42.78..42.84 rows=11 width=121)
	  ->  Sort  (cost=42.78..42.81 rows=11 width=121)
	        Sort Key: c
	        ->  Index Scan using sbtest2_pkey on sbtest2  (cost=0.43..42.59 rows=11 width=121)
	              Index Cond: ((id >= 9522228) AND (id <= 9522237))

table 3 : explain SELECT DISTINCT c FROM sbtest3 WHERE id BETWEEN 7522346 AND 7522355 ORDER BY c
	Unique  (cost=39.29..39.34 rows=10 width=121)
	  ->  Sort  (cost=39.29..39.32 rows=10 width=121)
	        Sort Key: c
	        ->  Index Scan using sbtest3_pkey on sbtest3  (cost=0.43..39.13 rows=10 width=121)
	              Index Cond: ((id >= 7522346) AND (id <= 7522355))

table 4 : explain SELECT DISTINCT c FROM sbtest4 WHERE id BETWEEN 4409156 AND 4409165 ORDER BY c
	Unique  (cost=39.00..39.05 rows=10 width=121)
	  ->  Sort  (cost=39.00..39.02 rows=10 width=121)
	        Sort Key: c
	        ->  Index Scan using sbtest4_pkey on sbtest4  (cost=0.43..38.83 rows=10 width=121)
	              Index Cond: ((id >= 4409156) AND (id <= 4409165))

table 5 : explain SELECT DISTINCT c FROM sbtest5 WHERE id BETWEEN 791950 AND 791959 ORDER BY c
	Unique  (cost=38.87..38.92 rows=10 width=121)
	  ->  Sort  (cost=38.87..38.90 rows=10 width=121)
	        Sort Key: c
	        ->  Index Scan using sbtest5_pkey on sbtest5  (cost=0.43..38.71 rows=10 width=121)
	              Index Cond: ((id >= 791950) AND (id <= 791959))

table 6 : explain SELECT DISTINCT c FROM sbtest6 WHERE id BETWEEN 1639327 AND 1639336 ORDER BY c
	Unique  (cost=38.83..38.88 rows=10 width=121)
	  ->  Sort  (cost=38.83..38.85 rows=10 width=121)
	        Sort Key: c
	        ->  Index Scan using sbtest6_pkey on sbtest6  (cost=0.43..38.66 rows=10 width=121)
	              Index Cond: ((id >= 1639327) AND (id <= 1639336))

table 7 : explain SELECT DISTINCT c FROM sbtest7 WHERE id BETWEEN 9174257 AND 9174266 ORDER BY c
	Unique  (cost=35.59..35.63 rows=9 width=121)
	  ->  Sort  (cost=35.59..35.61 rows=9 width=121)
	        Sort Key: c
	        ->  Index Scan using sbtest7_pkey on sbtest7  (cost=0.43..35.45 rows=9 width=121)
	              Index Cond: ((id >= 9174257) AND (id <= 9174266))

table 8 : explain SELECT DISTINCT c FROM sbtest8 WHERE id BETWEEN 7778690 AND 7778699 ORDER BY c
	Unique  (cost=35.47..35.51 rows=9 width=121)
	  ->  Sort  (cost=35.47..35.49 rows=9 width=121)
	        Sort Key: c
	        ->  Index Scan using sbtest8_pkey on sbtest8  (cost=0.43..35.33 rows=9 width=121)
	              Index Cond: ((id >= 7778690) AND (id <= 7778699))

for: order_ranges
table 1 : explain SELECT c FROM sbtest1 WHERE id BETWEEN 4038235 AND 4038244 ORDER BY c
	Sort  (cost=39.45..39.47 rows=10 width=121)
	  Sort Key: c
	  ->  Index Scan using sbtest1_pkey on sbtest1  (cost=0.43..39.28 rows=10 width=121)
	        Index Cond: ((id >= 4038235) AND (id <= 4038244))

table 2 : explain SELECT c FROM sbtest2 WHERE id BETWEEN 604727 AND 604736 ORDER BY c
	Sort  (cost=39.34..39.37 rows=10 width=121)
	  Sort Key: c
	  ->  Index Scan using sbtest2_pkey on sbtest2  (cost=0.43..39.18 rows=10 width=121)
	        Index Cond: ((id >= 604727) AND (id <= 604736))

table 3 : explain SELECT c FROM sbtest3 WHERE id BETWEEN 2398092 AND 2398101 ORDER BY c
	Sort  (cost=39.29..39.32 rows=10 width=121)
	  Sort Key: c
	  ->  Index Scan using sbtest3_pkey on sbtest3  (cost=0.43..39.13 rows=10 width=121)
	        Index Cond: ((id >= 2398092) AND (id <= 2398101))

table 4 : explain SELECT c FROM sbtest4 WHERE id BETWEEN 7601273 AND 7601282 ORDER BY c
	Sort  (cost=39.00..39.02 rows=10 width=121)
	  Sort Key: c
	  ->  Index Scan using sbtest4_pkey on sbtest4  (cost=0.43..38.83 rows=10 width=121)
	        Index Cond: ((id >= 7601273) AND (id <= 7601282))

table 5 : explain SELECT c FROM sbtest5 WHERE id BETWEEN 7780742 AND 7780751 ORDER BY c
	Sort  (cost=38.87..38.90 rows=10 width=121)
	  Sort Key: c
	  ->  Index Scan using sbtest5_pkey on sbtest5  (cost=0.43..38.71 rows=10 width=121)
	        Index Cond: ((id >= 7780742) AND (id <= 7780751))

table 6 : explain SELECT c FROM sbtest6 WHERE id BETWEEN 6495757 AND 6495766 ORDER BY c
	Sort  (cost=38.83..38.85 rows=10 width=121)
	  Sort Key: c
	  ->  Index Scan using sbtest6_pkey on sbtest6  (cost=0.43..38.66 rows=10 width=121)
	        Index Cond: ((id >= 6495757) AND (id <= 6495766))

table 7 : explain SELECT c FROM sbtest7 WHERE id BETWEEN 5126276 AND 5126285 ORDER BY c
	Sort  (cost=38.99..39.01 rows=10 width=121)
	  Sort Key: c
	  ->  Index Scan using sbtest7_pkey on sbtest7  (cost=0.43..38.82 rows=10 width=121)
	        Index Cond: ((id >= 5126276) AND (id <= 5126285))

table 8 : explain SELECT c FROM sbtest8 WHERE id BETWEEN 5317472 AND 5317481 ORDER BY c
	Sort  (cost=35.47..35.49 rows=9 width=121)
	  Sort Key: c
	  ->  Index Scan using sbtest8_pkey on sbtest8  (cost=0.43..35.33 rows=9 width=121)
	        Index Cond: ((id >= 5317472) AND (id <= 5317481))

for: distinct_ranges
table 1 : explain SELECT DISTINCT c FROM sbtest1 WHERE id BETWEEN 751992 AND 752001 ORDER BY c
	Unique  (cost=39.45..39.50 rows=10 width=121)
	  ->  Sort  (cost=39.45..39.47 rows=10 width=121)
	        Sort Key: c
	        ->  Index Scan using sbtest1_pkey on sbtest1  (cost=0.43..39.28 rows=10 width=121)
	              Index Cond: ((id >= 751992) AND (id <= 752001))

table 2 : explain SELECT DISTINCT c FROM sbtest2 WHERE id BETWEEN 4856816 AND 4856825 ORDER BY c
	Unique  (cost=39.34..39.39 rows=10 width=121)
	  ->  Sort  (cost=39.34..39.37 rows=10 width=121)
	        Sort Key: c
	        ->  Index Scan using sbtest2_pkey on sbtest2  (cost=0.43..39.18 rows=10 width=121)
	              Index Cond: ((id >= 4856816) AND (id <= 4856825))

table 3 : explain SELECT DISTINCT c FROM sbtest3 WHERE id BETWEEN 1383805 AND 1383814 ORDER BY c
	Unique  (cost=39.29..39.34 rows=10 width=121)
	  ->  Sort  (cost=39.29..39.32 rows=10 width=121)
	        Sort Key: c
	        ->  Index Scan using sbtest3_pkey on sbtest3  (cost=0.43..39.13 rows=10 width=121)
	              Index Cond: ((id >= 1383805) AND (id <= 1383814))

table 4 : explain SELECT DISTINCT c FROM sbtest4 WHERE id BETWEEN 6156006 AND 6156015 ORDER BY c
	Unique  (cost=39.00..39.05 rows=10 width=121)
	  ->  Sort  (cost=39.00..39.02 rows=10 width=121)
	        Sort Key: c
	        ->  Index Scan using sbtest4_pkey on sbtest4  (cost=0.43..38.83 rows=10 width=121)
	              Index Cond: ((id >= 6156006) AND (id <= 6156015))

table 5 : explain SELECT DISTINCT c FROM sbtest5 WHERE id BETWEEN 662511 AND 662520 ORDER BY c
	Unique  (cost=38.87..38.92 rows=10 width=121)
	  ->  Sort  (cost=38.87..38.90 rows=10 width=121)
	        Sort Key: c
	        ->  Index Scan using sbtest5_pkey on sbtest5  (cost=0.43..38.71 rows=10 width=121)
	              Index Cond: ((id >= 662511) AND (id <= 662520))

table 6 : explain SELECT DISTINCT c FROM sbtest6 WHERE id BETWEEN 4782682 AND 4782691 ORDER BY c
	Unique  (cost=38.83..38.88 rows=10 width=121)
	  ->  Sort  (cost=38.83..38.85 rows=10 width=121)
	        Sort Key: c
	        ->  Index Scan using sbtest6_pkey on sbtest6  (cost=0.43..38.66 rows=10 width=121)
	              Index Cond: ((id >= 4782682) AND (id <= 4782691))

table 7 : explain SELECT DISTINCT c FROM sbtest7 WHERE id BETWEEN 146363 AND 146372 ORDER BY c
	Unique  (cost=35.59..35.63 rows=9 width=121)
	  ->  Sort  (cost=35.59..35.61 rows=9 width=121)
	        Sort Key: c
	        ->  Index Scan using sbtest7_pkey on sbtest7  (cost=0.43..35.45 rows=9 width=121)
	              Index Cond: ((id >= 146363) AND (id <= 146372))

table 8 : explain SELECT DISTINCT c FROM sbtest8 WHERE id BETWEEN 8629328 AND 8629337 ORDER BY c
	Unique  (cost=42.24..42.29 rows=11 width=121)
	  ->  Sort  (cost=42.24..42.26 rows=11 width=121)
	        Sort Key: c
	        ->  Index Scan using sbtest8_pkey on sbtest8  (cost=0.43..42.04 rows=11 width=121)
	              Index Cond: ((id >= 8629328) AND (id <= 8629337))

for: distinct_ranges
table 1 : explain SELECT DISTINCT c FROM sbtest1 WHERE id BETWEEN 3671064 AND 3671073 ORDER BY c
	Unique  (cost=39.45..39.50 rows=10 width=121)
	  ->  Sort  (cost=39.45..39.47 rows=10 width=121)
	        Sort Key: c
	        ->  Index Scan using sbtest1_pkey on sbtest1  (cost=0.43..39.28 rows=10 width=121)
	              Index Cond: ((id >= 3671064) AND (id <= 3671073))

table 2 : explain SELECT DISTINCT c FROM sbtest2 WHERE id BETWEEN 1858495 AND 1858504 ORDER BY c
	Unique  (cost=39.34..39.39 rows=10 width=121)
	  ->  Sort  (cost=39.34..39.37 rows=10 width=121)
	        Sort Key: c
	        ->  Index Scan using sbtest2_pkey on sbtest2  (cost=0.43..39.18 rows=10 width=121)
	              Index Cond: ((id >= 1858495) AND (id <= 1858504))

table 3 : explain SELECT DISTINCT c FROM sbtest3 WHERE id BETWEEN 8140633 AND 8140642 ORDER BY c
	Unique  (cost=42.72..42.78 rows=11 width=121)
	  ->  Sort  (cost=42.72..42.75 rows=11 width=121)
	        Sort Key: c
	        ->  Index Scan using sbtest3_pkey on sbtest3  (cost=0.43..42.53 rows=11 width=121)
	              Index Cond: ((id >= 8140633) AND (id <= 8140642))

table 4 : explain SELECT DISTINCT c FROM sbtest4 WHERE id BETWEEN 5476325 AND 5476334 ORDER BY c
	Unique  (cost=39.00..39.05 rows=10 width=121)
	  ->  Sort  (cost=39.00..39.02 rows=10 width=121)
	        Sort Key: c
	        ->  Index Scan using sbtest4_pkey on sbtest4  (cost=0.43..38.83 rows=10 width=121)
	              Index Cond: ((id >= 5476325) AND (id <= 5476334))

table 5 : explain SELECT DISTINCT c FROM sbtest5 WHERE id BETWEEN 745719 AND 745728 ORDER BY c
	Unique  (cost=38.87..38.92 rows=10 width=121)
	  ->  Sort  (cost=38.87..38.90 rows=10 width=121)
	        Sort Key: c
	        ->  Index Scan using sbtest5_pkey on sbtest5  (cost=0.43..38.71 rows=10 width=121)
	              Index Cond: ((id >= 745719) AND (id <= 745728))

table 6 : explain SELECT DISTINCT c FROM sbtest6 WHERE id BETWEEN 4189679 AND 4189688 ORDER BY c
	Unique  (cost=38.83..38.88 rows=10 width=121)
	  ->  Sort  (cost=38.83..38.85 rows=10 width=121)
	        Sort Key: c
	        ->  Index Scan using sbtest6_pkey on sbtest6  (cost=0.43..38.66 rows=10 width=121)
	              Index Cond: ((id >= 4189679) AND (id <= 4189688))

table 7 : explain SELECT DISTINCT c FROM sbtest7 WHERE id BETWEEN 8079396 AND 8079405 ORDER BY c
	Unique  (cost=38.99..39.04 rows=10 width=121)
	  ->  Sort  (cost=38.99..39.01 rows=10 width=121)
	        Sort Key: c
	        ->  Index Scan using sbtest7_pkey on sbtest7  (cost=0.43..38.82 rows=10 width=121)
	              Index Cond: ((id >= 8079396) AND (id <= 8079405))

table 8 : explain SELECT DISTINCT c FROM sbtest8 WHERE id BETWEEN 2849167 AND 2849176 ORDER BY c
	Unique  (cost=38.85..38.90 rows=10 width=121)
	  ->  Sort  (cost=38.85..38.88 rows=10 width=121)
	        Sort Key: c
	        ->  Index Scan using sbtest8_pkey on sbtest8  (cost=0.43..38.69 rows=10 width=121)
	              Index Cond: ((id >= 2849167) AND (id <= 2849176))

for: order_ranges
table 1 : explain SELECT c FROM sbtest1 WHERE id BETWEEN 6966586 AND 6966595 ORDER BY c
	Sort  (cost=39.45..39.47 rows=10 width=121)
	  Sort Key: c
	  ->  Index Scan using sbtest1_pkey on sbtest1  (cost=0.43..39.28 rows=10 width=121)
	        Index Cond: ((id >= 6966586) AND (id <= 6966595))

table 2 : explain SELECT c FROM sbtest2 WHERE id BETWEEN 3851022 AND 3851031 ORDER BY c
	Sort  (cost=42.78..42.81 rows=11 width=121)
	  Sort Key: c
	  ->  Index Scan using sbtest2_pkey on sbtest2  (cost=0.43..42.59 rows=11 width=121)
	        Index Cond: ((id >= 3851022) AND (id <= 3851031))

table 3 : explain SELECT c FROM sbtest3 WHERE id BETWEEN 3096398 AND 3096407 ORDER BY c
	Sort  (cost=39.29..39.32 rows=10 width=121)
	  Sort Key: c
	  ->  Index Scan using sbtest3_pkey on sbtest3  (cost=0.43..39.13 rows=10 width=121)
	        Index Cond: ((id >= 3096398) AND (id <= 3096407))

table 4 : explain SELECT c FROM sbtest4 WHERE id BETWEEN 2713386 AND 2713395 ORDER BY c
	Sort  (cost=45.80..45.83 rows=12 width=121)
	  Sort Key: c
	  ->  Index Scan using sbtest4_pkey on sbtest4  (cost=0.43..45.58 rows=12 width=121)
	        Index Cond: ((id >= 2713386) AND (id <= 2713395))

table 5 : explain SELECT c FROM sbtest5 WHERE id BETWEEN 4100217 AND 4100226 ORDER BY c
	Sort  (cost=42.26..42.29 rows=11 width=121)
	  Sort Key: c
	  ->  Index Scan using sbtest5_pkey on sbtest5  (cost=0.43..42.07 rows=11 width=121)
	        Index Cond: ((id >= 4100217) AND (id <= 4100226))

table 6 : explain SELECT c FROM sbtest6 WHERE id BETWEEN 176426 AND 176435 ORDER BY c
	Sort  (cost=38.83..38.85 rows=10 width=121)
	  Sort Key: c
	  ->  Index Scan using sbtest6_pkey on sbtest6  (cost=0.43..38.66 rows=10 width=121)
	        Index Cond: ((id >= 176426) AND (id <= 176435))

table 7 : explain SELECT c FROM sbtest7 WHERE id BETWEEN 207009 AND 207018 ORDER BY c
	Sort  (cost=35.59..35.61 rows=9 width=121)
	  Sort Key: c
	  ->  Index Scan using sbtest7_pkey on sbtest7  (cost=0.43..35.45 rows=9 width=121)
	        Index Cond: ((id >= 207009) AND (id <= 207018))

table 8 : explain SELECT c FROM sbtest8 WHERE id BETWEEN 626941 AND 626950 ORDER BY c
	Sort  (cost=38.85..38.88 rows=10 width=121)
	  Sort Key: c
	  ->  Index Scan using sbtest8_pkey on sbtest8  (cost=0.43..38.69 rows=10 width=121)
	        Index Cond: ((id >= 626941) AND (id <= 626950))

for: order_ranges
table 1 : explain SELECT c FROM sbtest1 WHERE id BETWEEN 3344272 AND 3344281 ORDER BY c
	Sort  (cost=36.00..36.02 rows=9 width=121)
	  Sort Key: c
	  ->  Index Scan using sbtest1_pkey on sbtest1  (cost=0.43..35.86 rows=9 width=121)
	        Index Cond: ((id >= 3344272) AND (id <= 3344281))

table 2 : explain SELECT c FROM sbtest2 WHERE id BETWEEN 2230727 AND 2230736 ORDER BY c
	Sort  (cost=42.78..42.81 rows=11 width=121)
	  Sort Key: c
	  ->  Index Scan using sbtest2_pkey on sbtest2  (cost=0.43..42.59 rows=11 width=121)
	        Index Cond: ((id >= 2230727) AND (id <= 2230736))

table 3 : explain SELECT c FROM sbtest3 WHERE id BETWEEN 80042 AND 80051 ORDER BY c
	Sort  (cost=42.72..42.75 rows=11 width=121)
	  Sort Key: c
	  ->  Index Scan using sbtest3_pkey on sbtest3  (cost=0.43..42.53 rows=11 width=121)
	        Index Cond: ((id >= 80042) AND (id <= 80051))

table 4 : explain SELECT c FROM sbtest4 WHERE id BETWEEN 3570365 AND 3570374 ORDER BY c
	Sort  (cost=39.00..39.02 rows=10 width=121)
	  Sort Key: c
	  ->  Index Scan using sbtest4_pkey on sbtest4  (cost=0.43..38.83 rows=10 width=121)
	        Index Cond: ((id >= 3570365) AND (id <= 3570374))

table 5 : explain SELECT c FROM sbtest5 WHERE id BETWEEN 115587 AND 115596 ORDER BY c
	Sort  (cost=38.87..38.90 rows=10 width=121)
	  Sort Key: c
	  ->  Index Scan using sbtest5_pkey on sbtest5  (cost=0.43..38.71 rows=10 width=121)
	        Index Cond: ((id >= 115587) AND (id <= 115596))

table 6 : explain SELECT c FROM sbtest6 WHERE id BETWEEN 3046509 AND 3046518 ORDER BY c
	Sort  (cost=38.83..38.85 rows=10 width=121)
	  Sort Key: c
	  ->  Index Scan using sbtest6_pkey on sbtest6  (cost=0.43..38.66 rows=10 width=121)
	        Index Cond: ((id >= 3046509) AND (id <= 3046518))

table 7 : explain SELECT c FROM sbtest7 WHERE id BETWEEN 9252716 AND 9252725 ORDER BY c
	Sort  (cost=38.99..39.01 rows=10 width=121)
	  Sort Key: c
	  ->  Index Scan using sbtest7_pkey on sbtest7  (cost=0.43..38.82 rows=10 width=121)
	        Index Cond: ((id >= 9252716) AND (id <= 9252725))

table 8 : explain SELECT c FROM sbtest8 WHERE id BETWEEN 7760354 AND 7760363 ORDER BY c
	Sort  (cost=35.47..35.49 rows=9 width=121)
	  Sort Key: c
	  ->  Index Scan using sbtest8_pkey on sbtest8  (cost=0.43..35.33 rows=9 width=121)
	        Index Cond: ((id >= 7760354) AND (id <= 7760363))

explain: for inserts :: explain INSERT INTO sbtest%u (id, k, c, pad) VALUES (%u, 13, 'foobar', 'foobar')
for: sum_ranges
table 1 : explain SELECT SUM(k) FROM sbtest1 WHERE id BETWEEN 2769893 AND 2769902
	Aggregate  (cost=39.31..39.32 rows=1 width=8)
	  ->  Index Scan using sbtest1_pkey on sbtest1  (cost=0.43..39.28 rows=10 width=4)
	        Index Cond: ((id >= 2769893) AND (id <= 2769902))

table 2 : explain SELECT SUM(k) FROM sbtest2 WHERE id BETWEEN 744180 AND 744189
	Aggregate  (cost=39.20..39.21 rows=1 width=8)
	  ->  Index Scan using sbtest2_pkey on sbtest2  (cost=0.43..39.18 rows=10 width=4)
	        Index Cond: ((id >= 744180) AND (id <= 744189))

table 3 : explain SELECT SUM(k) FROM sbtest3 WHERE id BETWEEN 6376121 AND 6376130
	Aggregate  (cost=35.74..35.75 rows=1 width=8)
	  ->  Index Scan using sbtest3_pkey on sbtest3  (cost=0.43..35.72 rows=9 width=4)
	        Index Cond: ((id >= 6376121) AND (id <= 6376130))

table 4 : explain SELECT SUM(k) FROM sbtest4 WHERE id BETWEEN 9325956 AND 9325965
	Aggregate  (cost=38.86..38.87 rows=1 width=8)
	  ->  Index Scan using sbtest4_pkey on sbtest4  (cost=0.43..38.83 rows=10 width=4)
	        Index Cond: ((id >= 9325956) AND (id <= 9325965))

table 5 : explain SELECT SUM(k) FROM sbtest5 WHERE id BETWEEN 608689 AND 608698
	Aggregate  (cost=38.73..38.74 rows=1 width=8)
	  ->  Index Scan using sbtest5_pkey on sbtest5  (cost=0.43..38.71 rows=10 width=4)
	        Index Cond: ((id >= 608689) AND (id <= 608698))

table 6 : explain SELECT SUM(k) FROM sbtest6 WHERE id BETWEEN 1897393 AND 1897402
	Aggregate  (cost=38.69..38.70 rows=1 width=8)
	  ->  Index Scan using sbtest6_pkey on sbtest6  (cost=0.43..38.66 rows=10 width=4)
	        Index Cond: ((id >= 1897393) AND (id <= 1897402))

table 7 : explain SELECT SUM(k) FROM sbtest7 WHERE id BETWEEN 4233997 AND 4234006
	Aggregate  (cost=38.85..38.86 rows=1 width=8)
	  ->  Index Scan using sbtest7_pkey on sbtest7  (cost=0.43..38.82 rows=10 width=4)
	        Index Cond: ((id >= 4233997) AND (id <= 4234006))

table 8 : explain SELECT SUM(k) FROM sbtest8 WHERE id BETWEEN 923831 AND 923840
	Aggregate  (cost=35.35..35.36 rows=1 width=8)
	  ->  Index Scan using sbtest8_pkey on sbtest8  (cost=0.43..35.33 rows=9 width=4)
	        Index Cond: ((id >= 923831) AND (id <= 923840))

explain: for index_updates :: explain UPDATE sbtest%u SET k=k+1 WHERE id=%u
explain: for index_updates :: explain UPDATE sbtest%u SET k=k+1 WHERE id=%u
for index_updates
table 1 : explain UPDATE sbtest1 SET k=k+1 WHERE id=677296
	Update on sbtest1  (cost=0.43..8.46 rows=1 width=196)
	  ->  Index Scan using sbtest1_pkey on sbtest1  (cost=0.43..8.46 rows=1 width=196)
	        Index Cond: (id = 677296)

table 2 : explain UPDATE sbtest2 SET k=k+1 WHERE id=4275574
	Update on sbtest2  (cost=0.43..8.46 rows=1 width=196)
	  ->  Index Scan using sbtest2_pkey on sbtest2  (cost=0.43..8.46 rows=1 width=196)
	        Index Cond: (id = 4275574)

table 3 : explain UPDATE sbtest3 SET k=k+1 WHERE id=1167557
	Update on sbtest3  (cost=0.43..8.46 rows=1 width=196)
	  ->  Index Scan using sbtest3_pkey on sbtest3  (cost=0.43..8.46 rows=1 width=196)
	        Index Cond: (id = 1167557)

table 4 : explain UPDATE sbtest4 SET k=k+1 WHERE id=722982
	Update on sbtest4  (cost=0.43..8.46 rows=1 width=196)
	  ->  Index Scan using sbtest4_pkey on sbtest4  (cost=0.43..8.46 rows=1 width=196)
	        Index Cond: (id = 722982)

table 5 : explain UPDATE sbtest5 SET k=k+1 WHERE id=8833924
	Update on sbtest5  (cost=0.43..8.46 rows=1 width=196)
	  ->  Index Scan using sbtest5_pkey on sbtest5  (cost=0.43..8.46 rows=1 width=196)
	        Index Cond: (id = 8833924)

table 6 : explain UPDATE sbtest6 SET k=k+1 WHERE id=4148280
	Update on sbtest6  (cost=0.43..8.46 rows=1 width=196)
	  ->  Index Scan using sbtest6_pkey on sbtest6  (cost=0.43..8.46 rows=1 width=196)
	        Index Cond: (id = 4148280)

table 7 : explain UPDATE sbtest7 SET k=k+1 WHERE id=9191956
	Update on sbtest7  (cost=0.43..8.46 rows=1 width=196)
	  ->  Index Scan using sbtest7_pkey on sbtest7  (cost=0.43..8.46 rows=1 width=196)
	        Index Cond: (id = 9191956)

table 8 : explain UPDATE sbtest8 SET k=k+1 WHERE id=6352874
	Update on sbtest8  (cost=0.43..8.46 rows=1 width=196)
	  ->  Index Scan using sbtest8_pkey on sbtest8  (cost=0.43..8.46 rows=1 width=196)
	        Index Cond: (id = 6352874)

explain: for index_updates :: explain UPDATE sbtest%u SET k=k+1 WHERE id=%u
for inserts
table 1 : explain INSERT INTO sbtest1 (id, k, c, pad) VALUES (9282983, 13, 'foobar', 'foobar')
	Insert on sbtest1  (cost=0.00..0.01 rows=1 width=736)
	  ->  Result  (cost=0.00..0.01 rows=1 width=736)

table 2 : explain INSERT INTO sbtest2 (id, k, c, pad) VALUES (709662, 13, 'foobar', 'foobar')
	Insert on sbtest2  (cost=0.00..0.01 rows=1 width=736)
	  ->  Result  (cost=0.00..0.01 rows=1 width=736)

table 3 : explain INSERT INTO sbtest3 (id, k, c, pad) VALUES (6592211, 13, 'foobar', 'foobar')
	Insert on sbtest3  (cost=0.00..0.01 rows=1 width=736)
	  ->  Result  (cost=0.00..0.01 rows=1 width=736)

table 4 : explain INSERT INTO sbtest4 (id, k, c, pad) VALUES (2704533, 13, 'foobar', 'foobar')
	Insert on sbtest4  (cost=0.00..0.01 rows=1 width=736)
	  ->  Result  (cost=0.00..0.01 rows=1 width=736)

table 5 : explain INSERT INTO sbtest5 (id, k, c, pad) VALUES (4606991, 13, 'foobar', 'foobar')
	Insert on sbtest5  (cost=0.00..0.01 rows=1 width=736)
	  ->  Result  (cost=0.00..0.01 rows=1 width=736)

table 6 : explain INSERT INTO sbtest6 (id, k, c, pad) VALUES (3324074, 13, 'foobar', 'foobar')
	Insert on sbtest6  (cost=0.00..0.01 rows=1 width=736)
	  ->  Result  (cost=0.00..0.01 rows=1 width=736)

table 7 : explain INSERT INTO sbtest7 (id, k, c, pad) VALUES (4249403, 13, 'foobar', 'foobar')
	Insert on sbtest7  (cost=0.00..0.01 rows=1 width=736)
	  ->  Result  (cost=0.00..0.01 rows=1 width=736)

table 8 : explain INSERT INTO sbtest8 (id, k, c, pad) VALUES (4498936, 13, 'foobar', 'foobar')
	Insert on sbtest8  (cost=0.00..0.01 rows=1 width=736)
	  ->  Result  (cost=0.00..0.01 rows=1 width=736)

explain: for non_index_updates :: explain UPDATE sbtest%u SET c='foobar' WHERE id=%u
for: order_ranges
table 1 : explain SELECT c FROM sbtest1 WHERE id BETWEEN 6145166 AND 6145175 ORDER BY c
	Sort  (cost=42.90..42.92 rows=11 width=121)
	  Sort Key: c
	  ->  Index Scan using sbtest1_pkey on sbtest1  (cost=0.43..42.71 rows=11 width=121)
	        Index Cond: ((id >= 6145166) AND (id <= 6145175))

table 2 : explain SELECT c FROM sbtest2 WHERE id BETWEEN 3260859 AND 3260868 ORDER BY c
	Sort  (cost=35.91..35.93 rows=9 width=121)
	  Sort Key: c
	  ->  Index Scan using sbtest2_pkey on sbtest2  (cost=0.43..35.76 rows=9 width=121)
	        Index Cond: ((id >= 3260859) AND (id <= 3260868))

table 3 : explain SELECT c FROM sbtest3 WHERE id BETWEEN 7140765 AND 7140774 ORDER BY c
	Sort  (cost=39.29..39.32 rows=10 width=121)
	  Sort Key: c
	  ->  Index Scan using sbtest3_pkey on sbtest3  (cost=0.43..39.13 rows=10 width=121)
	        Index Cond: ((id >= 7140765) AND (id <= 7140774))

table 4 : explain SELECT c FROM sbtest4 WHERE id BETWEEN 665374 AND 665383 ORDER BY c
	Sort  (cost=39.00..39.02 rows=10 width=121)
	  Sort Key: c
	  ->  Index Scan using sbtest4_pkey on sbtest4  (cost=0.43..38.83 rows=10 width=121)
	        Index Cond: ((id >= 665374) AND (id <= 665383))

table 5 : explain SELECT c FROM sbtest5 WHERE id BETWEEN 5747114 AND 5747123 ORDER BY c
	Sort  (cost=42.26..42.29 rows=11 width=121)
	  Sort Key: c
	  ->  Index Scan using sbtest5_pkey on sbtest5  (cost=0.43..42.07 rows=11 width=121)
	        Index Cond: ((id >= 5747114) AND (id <= 5747123))

table 6 : explain SELECT c FROM sbtest6 WHERE id BETWEEN 1652825 AND 1652834 ORDER BY c
	Sort  (cost=38.83..38.85 rows=10 width=121)
	  Sort Key: c
	  ->  Index Scan using sbtest6_pkey on sbtest6  (cost=0.43..38.66 rows=10 width=121)
	        Index Cond: ((id >= 1652825) AND (id <= 1652834))

table 7 : explain SELECT c FROM sbtest7 WHERE id BETWEEN 6750959 AND 6750968 ORDER BY c
	Sort  (cost=38.99..39.01 rows=10 width=121)
	  Sort Key: c
	  ->  Index Scan using sbtest7_pkey on sbtest7  (cost=0.43..38.82 rows=10 width=121)
	        Index Cond: ((id >= 6750959) AND (id <= 6750968))

table 8 : explain SELECT c FROM sbtest8 WHERE id BETWEEN 1133398 AND 1133407 ORDER BY c
	Sort  (cost=38.85..38.88 rows=10 width=121)
	  Sort Key: c
	  ->  Index Scan using sbtest8_pkey on sbtest8  (cost=0.43..38.69 rows=10 width=121)
	        Index Cond: ((id >= 1133398) AND (id <= 1133407))

for: distinct_ranges
table 1 : explain SELECT DISTINCT c FROM sbtest1 WHERE id BETWEEN 5941507 AND 5941516 ORDER BY c
	Unique  (cost=42.90..42.95 rows=11 width=121)
	  ->  Sort  (cost=42.90..42.92 rows=11 width=121)
	        Sort Key: c
	        ->  Index Scan using sbtest1_pkey on sbtest1  (cost=0.43..42.71 rows=11 width=121)
	              Index Cond: ((id >= 5941507) AND (id <= 5941516))

table 2 : explain SELECT DISTINCT c FROM sbtest2 WHERE id BETWEEN 8209651 AND 8209660 ORDER BY c
	Unique  (cost=39.34..39.39 rows=10 width=121)
	  ->  Sort  (cost=39.34..39.37 rows=10 width=121)
	        Sort Key: c
	        ->  Index Scan using sbtest2_pkey on sbtest2  (cost=0.43..39.18 rows=10 width=121)
	              Index Cond: ((id >= 8209651) AND (id <= 8209660))

table 3 : explain SELECT DISTINCT c FROM sbtest3 WHERE id BETWEEN 5144728 AND 5144737 ORDER BY c
	Unique  (cost=42.72..42.78 rows=11 width=121)
	  ->  Sort  (cost=42.72..42.75 rows=11 width=121)
	        Sort Key: c
	        ->  Index Scan using sbtest3_pkey on sbtest3  (cost=0.43..42.53 rows=11 width=121)
	              Index Cond: ((id >= 5144728) AND (id <= 5144737))

table 4 : explain SELECT DISTINCT c FROM sbtest4 WHERE id BETWEEN 9899223 AND 9899232 ORDER BY c
	Unique  (cost=35.60..35.64 rows=9 width=121)
	  ->  Sort  (cost=35.60..35.62 rows=9 width=121)
	        Sort Key: c
	        ->  Index Scan using sbtest4_pkey on sbtest4  (cost=0.43..35.46 rows=9 width=121)
	              Index Cond: ((id >= 9899223) AND (id <= 9899232))

table 5 : explain SELECT DISTINCT c FROM sbtest5 WHERE id BETWEEN 9701037 AND 9701046 ORDER BY c
	Unique  (cost=38.87..38.92 rows=10 width=121)
	  ->  Sort  (cost=38.87..38.90 rows=10 width=121)
	        Sort Key: c
	        ->  Index Scan using sbtest5_pkey on sbtest5  (cost=0.43..38.71 rows=10 width=121)
	              Index Cond: ((id >= 9701037) AND (id <= 9701046))

table 6 : explain SELECT DISTINCT c FROM sbtest6 WHERE id BETWEEN 5358922 AND 5358931 ORDER BY c
	Unique  (cost=42.21..42.26 rows=11 width=121)
	  ->  Sort  (cost=42.21..42.24 rows=11 width=121)
	        Sort Key: c
	        ->  Index Scan using sbtest6_pkey on sbtest6  (cost=0.43..42.02 rows=11 width=121)
	              Index Cond: ((id >= 5358922) AND (id <= 5358931))

table 7 : explain SELECT DISTINCT c FROM sbtest7 WHERE id BETWEEN 1951663 AND 1951672 ORDER BY c
	Unique  (cost=38.99..39.04 rows=10 width=121)
	  ->  Sort  (cost=38.99..39.01 rows=10 width=121)
	        Sort Key: c
	        ->  Index Scan using sbtest7_pkey on sbtest7  (cost=0.43..38.82 rows=10 width=121)
	              Index Cond: ((id >= 1951663) AND (id <= 1951672))

table 8 : explain SELECT DISTINCT c FROM sbtest8 WHERE id BETWEEN 7584806 AND 7584815 ORDER BY c
	Unique  (cost=38.85..38.90 rows=10 width=121)
	  ->  Sort  (cost=38.85..38.88 rows=10 width=121)
	        Sort Key: c
	        ->  Index Scan using sbtest8_pkey on sbtest8  (cost=0.43..38.69 rows=10 width=121)
	              Index Cond: ((id >= 7584806) AND (id <= 7584815))

for index_updates
table 1 : explain UPDATE sbtest1 SET k=k+1 WHERE id=5563876
	Update on sbtest1  (cost=0.43..8.46 rows=1 width=196)
	  ->  Index Scan using sbtest1_pkey on sbtest1  (cost=0.43..8.46 rows=1 width=196)
	        Index Cond: (id = 5563876)

table 2 : explain UPDATE sbtest2 SET k=k+1 WHERE id=9023399
	Update on sbtest2  (cost=0.43..8.46 rows=1 width=196)
	  ->  Index Scan using sbtest2_pkey on sbtest2  (cost=0.43..8.46 rows=1 width=196)
	        Index Cond: (id = 9023399)

table 3 : explain UPDATE sbtest3 SET k=k+1 WHERE id=2456547
	Update on sbtest3  (cost=0.43..8.46 rows=1 width=196)
	  ->  Index Scan using sbtest3_pkey on sbtest3  (cost=0.43..8.46 rows=1 width=196)
	        Index Cond: (id = 2456547)

table 4 : explain UPDATE sbtest4 SET k=k+1 WHERE id=7013200
	Update on sbtest4  (cost=0.43..8.46 rows=1 width=196)
	  ->  Index Scan using sbtest4_pkey on sbtest4  (cost=0.43..8.46 rows=1 width=196)
	        Index Cond: (id = 7013200)

table 5 : explain UPDATE sbtest5 SET k=k+1 WHERE id=1463799
	Update on sbtest5  (cost=0.43..8.46 rows=1 width=196)
	  ->  Index Scan using sbtest5_pkey on sbtest5  (cost=0.43..8.46 rows=1 width=196)
	        Index Cond: (id = 1463799)

table 6 : explain UPDATE sbtest6 SET k=k+1 WHERE id=7162147
	Update on sbtest6  (cost=0.43..8.46 rows=1 width=196)
	  ->  Index Scan using sbtest6_pkey on sbtest6  (cost=0.43..8.46 rows=1 width=196)
	        Index Cond: (id = 7162147)

table 7 : explain UPDATE sbtest7 SET k=k+1 WHERE id=949441
	Update on sbtest7  (cost=0.43..8.46 rows=1 width=196)
	  ->  Index Scan using sbtest7_pkey on sbtest7  (cost=0.43..8.46 rows=1 width=196)
	        Index Cond: (id = 949441)

table 8 : explain UPDATE sbtest8 SET k=k+1 WHERE id=2107112
	Update on sbtest8  (cost=0.43..8.46 rows=1 width=196)
	  ->  Index Scan using sbtest8_pkey on sbtest8  (cost=0.43..8.46 rows=1 width=196)
	        Index Cond: (id = 2107112)

for index_updates
table 1 : explain UPDATE sbtest1 SET k=k+1 WHERE id=2203740
	Update on sbtest1  (cost=0.43..8.46 rows=1 width=196)
	  ->  Index Scan using sbtest1_pkey on sbtest1  (cost=0.43..8.46 rows=1 width=196)
	        Index Cond: (id = 2203740)

table 2 : explain UPDATE sbtest2 SET k=k+1 WHERE id=8050479
	Update on sbtest2  (cost=0.43..8.46 rows=1 width=196)
	  ->  Index Scan using sbtest2_pkey on sbtest2  (cost=0.43..8.46 rows=1 width=196)
	        Index Cond: (id = 8050479)

table 3 : explain UPDATE sbtest3 SET k=k+1 WHERE id=3691155
	Update on sbtest3  (cost=0.43..8.46 rows=1 width=196)
	  ->  Index Scan using sbtest3_pkey on sbtest3  (cost=0.43..8.46 rows=1 width=196)
	        Index Cond: (id = 3691155)

table 4 : explain UPDATE sbtest4 SET k=k+1 WHERE id=4286011
	Update on sbtest4  (cost=0.43..8.46 rows=1 width=196)
	  ->  Index Scan using sbtest4_pkey on sbtest4  (cost=0.43..8.46 rows=1 width=196)
	        Index Cond: (id = 4286011)

table 5 : explain UPDATE sbtest5 SET k=k+1 WHERE id=1826160
	Update on sbtest5  (cost=0.43..8.46 rows=1 width=196)
	  ->  Index Scan using sbtest5_pkey on sbtest5  (cost=0.43..8.46 rows=1 width=196)
	        Index Cond: (id = 1826160)

table 6 : explain UPDATE sbtest6 SET k=k+1 WHERE id=6031006
	Update on sbtest6  (cost=0.43..8.46 rows=1 width=196)
	  ->  Index Scan using sbtest6_pkey on sbtest6  (cost=0.43..8.46 rows=1 width=196)
	        Index Cond: (id = 6031006)

table 7 : explain UPDATE sbtest7 SET k=k+1 WHERE id=5175810
	Update on sbtest7  (cost=0.43..8.46 rows=1 width=196)
	  ->  Index Scan using sbtest7_pkey on sbtest7  (cost=0.43..8.46 rows=1 width=196)
	        Index Cond: (id = 5175810)

table 8 : explain UPDATE sbtest8 SET k=k+1 WHERE id=9508365
	Update on sbtest8  (cost=0.43..8.46 rows=1 width=196)
	  ->  Index Scan using sbtest8_pkey on sbtest8  (cost=0.43..8.46 rows=1 width=196)
	        Index Cond: (id = 9508365)

for index_updates
table 1 : explain UPDATE sbtest1 SET k=k+1 WHERE id=4947078
	Update on sbtest1  (cost=0.43..8.46 rows=1 width=196)
	  ->  Index Scan using sbtest1_pkey on sbtest1  (cost=0.43..8.46 rows=1 width=196)
	        Index Cond: (id = 4947078)

table 2 : explain UPDATE sbtest2 SET k=k+1 WHERE id=9596673
	Update on sbtest2  (cost=0.43..8.46 rows=1 width=196)
	  ->  Index Scan using sbtest2_pkey on sbtest2  (cost=0.43..8.46 rows=1 width=196)
	        Index Cond: (id = 9596673)

table 3 : explain UPDATE sbtest3 SET k=k+1 WHERE id=9537368
	Update on sbtest3  (cost=0.43..8.46 rows=1 width=196)
	  ->  Index Scan using sbtest3_pkey on sbtest3  (cost=0.43..8.46 rows=1 width=196)
	        Index Cond: (id = 9537368)

table 4 : explain UPDATE sbtest4 SET k=k+1 WHERE id=8530158
	Update on sbtest4  (cost=0.43..8.46 rows=1 width=196)
	  ->  Index Scan using sbtest4_pkey on sbtest4  (cost=0.43..8.46 rows=1 width=196)
	        Index Cond: (id = 8530158)

table 5 : explain UPDATE sbtest5 SET k=k+1 WHERE id=1491956
	Update on sbtest5  (cost=0.43..8.46 rows=1 width=196)
	  ->  Index Scan using sbtest5_pkey on sbtest5  (cost=0.43..8.46 rows=1 width=196)
	        Index Cond: (id = 1491956)

table 6 : explain UPDATE sbtest6 SET k=k+1 WHERE id=4260210
	Update on sbtest6  (cost=0.43..8.46 rows=1 width=196)
	  ->  Index Scan using sbtest6_pkey on sbtest6  (cost=0.43..8.46 rows=1 width=196)
	        Index Cond: (id = 4260210)

table 7 : explain UPDATE sbtest7 SET k=k+1 WHERE id=8466902
	Update on sbtest7  (cost=0.43..8.46 rows=1 width=196)
	  ->  Index Scan using sbtest7_pkey on sbtest7  (cost=0.43..8.46 rows=1 width=196)
	        Index Cond: (id = 8466902)

table 8 : explain UPDATE sbtest8 SET k=k+1 WHERE id=5076278
	Update on sbtest8  (cost=0.43..8.46 rows=1 width=196)
	  ->  Index Scan using sbtest8_pkey on sbtest8  (cost=0.43..8.46 rows=1 width=196)
	        Index Cond: (id = 5076278)

for: distinct_ranges
table 1 : explain SELECT DISTINCT c FROM sbtest1 WHERE id BETWEEN 1027732 AND 1027741 ORDER BY c
	Unique  (cost=36.00..36.04 rows=9 width=121)
	  ->  Sort  (cost=36.00..36.02 rows=9 width=121)
	        Sort Key: c
	        ->  Index Scan using sbtest1_pkey on sbtest1  (cost=0.43..35.86 rows=9 width=121)
	              Index Cond: ((id >= 1027732) AND (id <= 1027741))

table 2 : explain SELECT DISTINCT c FROM sbtest2 WHERE id BETWEEN 3964208 AND 3964217 ORDER BY c
	Unique  (cost=35.91..35.95 rows=9 width=121)
	  ->  Sort  (cost=35.91..35.93 rows=9 width=121)
	        Sort Key: c
	        ->  Index Scan using sbtest2_pkey on sbtest2  (cost=0.43..35.76 rows=9 width=121)
	              Index Cond: ((id >= 3964208) AND (id <= 3964217))

table 3 : explain SELECT DISTINCT c FROM sbtest3 WHERE id BETWEEN 7105449 AND 7105458 ORDER BY c
	Unique  (cost=39.29..39.34 rows=10 width=121)
	  ->  Sort  (cost=39.29..39.32 rows=10 width=121)
	        Sort Key: c
	        ->  Index Scan using sbtest3_pkey on sbtest3  (cost=0.43..39.13 rows=10 width=121)
	              Index Cond: ((id >= 7105449) AND (id <= 7105458))

table 4 : explain SELECT DISTINCT c FROM sbtest4 WHERE id BETWEEN 7691845 AND 7691854 ORDER BY c
	Unique  (cost=39.00..39.05 rows=10 width=121)
	  ->  Sort  (cost=39.00..39.02 rows=10 width=121)
	        Sort Key: c
	        ->  Index Scan using sbtest4_pkey on sbtest4  (cost=0.43..38.83 rows=10 width=121)
	              Index Cond: ((id >= 7691845) AND (id <= 7691854))

table 5 : explain SELECT DISTINCT c FROM sbtest5 WHERE id BETWEEN 429934 AND 429943 ORDER BY c
	Unique  (cost=38.87..38.92 rows=10 width=121)
	  ->  Sort  (cost=38.87..38.90 rows=10 width=121)
	        Sort Key: c
	        ->  Index Scan using sbtest5_pkey on sbtest5  (cost=0.43..38.71 rows=10 width=121)
	              Index Cond: ((id >= 429934) AND (id <= 429943))

table 6 : explain SELECT DISTINCT c FROM sbtest6 WHERE id BETWEEN 3969593 AND 3969602 ORDER BY c
	Unique  (cost=38.83..38.88 rows=10 width=121)
	  ->  Sort  (cost=38.83..38.85 rows=10 width=121)
	        Sort Key: c
	        ->  Index Scan using sbtest6_pkey on sbtest6  (cost=0.43..38.66 rows=10 width=121)
	              Index Cond: ((id >= 3969593) AND (id <= 3969602))

table 7 : explain SELECT DISTINCT c FROM sbtest7 WHERE id BETWEEN 2491521 AND 2491530 ORDER BY c
	Unique  (cost=38.99..39.04 rows=10 width=121)
	  ->  Sort  (cost=38.99..39.01 rows=10 width=121)
	        Sort Key: c
	        ->  Index Scan using sbtest7_pkey on sbtest7  (cost=0.43..38.82 rows=10 width=121)
	              Index Cond: ((id >= 2491521) AND (id <= 2491530))

table 8 : explain SELECT DISTINCT c FROM sbtest8 WHERE id BETWEEN 2919779 AND 2919788 ORDER BY c
	Unique  (cost=38.85..38.90 rows=10 width=121)
	  ->  Sort  (cost=38.85..38.88 rows=10 width=121)
	        Sort Key: c
	        ->  Index Scan using sbtest8_pkey on sbtest8  (cost=0.43..38.69 rows=10 width=121)
	              Index Cond: ((id >= 2919779) AND (id <= 2919788))

for non_index_updates
table 1 : explain UPDATE sbtest1 SET c='foobar' WHERE id=6946020
	Update on sbtest1  (cost=0.43..8.45 rows=1 width=559)
	  ->  Index Scan using sbtest1_pkey on sbtest1  (cost=0.43..8.45 rows=1 width=559)
	        Index Cond: (id = 6946020)

table 2 : explain UPDATE sbtest2 SET c='foobar' WHERE id=2641590
	Update on sbtest2  (cost=0.43..8.45 rows=1 width=559)
	  ->  Index Scan using sbtest2_pkey on sbtest2  (cost=0.43..8.45 rows=1 width=559)
	        Index Cond: (id = 2641590)

table 3 : explain UPDATE sbtest3 SET c='foobar' WHERE id=3271196
	Update on sbtest3  (cost=0.43..8.45 rows=1 width=559)
	  ->  Index Scan using sbtest3_pkey on sbtest3  (cost=0.43..8.45 rows=1 width=559)
	        Index Cond: (id = 3271196)

table 4 : explain UPDATE sbtest4 SET c='foobar' WHERE id=2977896
	Update on sbtest4  (cost=0.43..8.45 rows=1 width=559)
	  ->  Index Scan using sbtest4_pkey on sbtest4  (cost=0.43..8.45 rows=1 width=559)
	        Index Cond: (id = 2977896)

table 5 : explain UPDATE sbtest5 SET c='foobar' WHERE id=3378565
	Update on sbtest5  (cost=0.43..8.45 rows=1 width=559)
	  ->  Index Scan using sbtest5_pkey on sbtest5  (cost=0.43..8.45 rows=1 width=559)
	        Index Cond: (id = 3378565)

table 6 : explain UPDATE sbtest6 SET c='foobar' WHERE id=6445010
	Update on sbtest6  (cost=0.43..8.45 rows=1 width=559)
	  ->  Index Scan using sbtest6_pkey on sbtest6  (cost=0.43..8.45 rows=1 width=559)
	        Index Cond: (id = 6445010)

table 7 : explain UPDATE sbtest7 SET c='foobar' WHERE id=9150347
	Update on sbtest7  (cost=0.43..8.45 rows=1 width=559)
	  ->  Index Scan using sbtest7_pkey on sbtest7  (cost=0.43..8.45 rows=1 width=559)
	        Index Cond: (id = 9150347)

table 8 : explain UPDATE sbtest8 SET c='foobar' WHERE id=4845745
	Update on sbtest8  (cost=0.43..8.45 rows=1 width=559)
	  ->  Index Scan using sbtest8_pkey on sbtest8  (cost=0.43..8.45 rows=1 width=559)
	        Index Cond: (id = 4845745)
explain: for point_selects :: explain SELECT c FROM sbtest%u WHERE id=%u
explain: for point_selects :: explain SELECT c FROM sbtest%u WHERE id=%u

explain: for index_updates :: explain UPDATE sbtest%u SET k=k+1 WHERE id=%u
explain: for non_index_updates :: explain UPDATE sbtest%u SET c='foobar' WHERE id=%u
explain: for non_index_updates :: explain UPDATE sbtest%u SET c='foobar' WHERE id=%u
explain: for index_updates :: explain UPDATE sbtest%u SET k=k+1 WHERE id=%u
explain: for non_index_updates :: explain UPDATE sbtest%u SET c='foobar' WHERE id=%u
explain: for deletes :: explain DELETE FROM sbtest%u WHERE id=%u
for: order_ranges
table 1 : explain SELECT c FROM sbtest1 WHERE id BETWEEN 7979061 AND 7979070 ORDER BY c
	Sort  (cost=39.45..39.47 rows=10 width=121)
	  Sort Key: c
	  ->  Index Scan using sbtest1_pkey on sbtest1  (cost=0.43..39.28 rows=10 width=121)
	        Index Cond: ((id >= 7979061) AND (id <= 7979070))

table 2 : explain SELECT c FROM sbtest2 WHERE id BETWEEN 910856 AND 910865 ORDER BY c
	Sort  (cost=39.34..39.37 rows=10 width=121)
	  Sort Key: c
	  ->  Index Scan using sbtest2_pkey on sbtest2  (cost=0.43..39.18 rows=10 width=121)
	        Index Cond: ((id >= 910856) AND (id <= 910865))

table 3 : explain SELECT c FROM sbtest3 WHERE id BETWEEN 1940620 AND 1940629 ORDER BY c
	Sort  (cost=39.29..39.32 rows=10 width=121)
	  Sort Key: c
	  ->  Index Scan using sbtest3_pkey on sbtest3  (cost=0.43..39.13 rows=10 width=121)
	        Index Cond: ((id >= 1940620) AND (id <= 1940629))

table 4 : explain SELECT c FROM sbtest4 WHERE id BETWEEN 6623981 AND 6623990 ORDER BY c
	Sort  (cost=39.00..39.02 rows=10 width=121)
	  Sort Key: c
	  ->  Index Scan using sbtest4_pkey on sbtest4  (cost=0.43..38.83 rows=10 width=121)
	        Index Cond: ((id >= 6623981) AND (id <= 6623990))

table 5 : explain SELECT c FROM sbtest5 WHERE id BETWEEN 3617843 AND 3617852 ORDER BY c
	Sort  (cost=38.87..38.90 rows=10 width=121)
	  Sort Key: c
	  ->  Index Scan using sbtest5_pkey on sbtest5  (cost=0.43..38.71 rows=10 width=121)
	        Index Cond: ((id >= 3617843) AND (id <= 3617852))

table 6 : explain SELECT c FROM sbtest6 WHERE id BETWEEN 1953857 AND 1953866 ORDER BY c
	Sort  (cost=38.83..38.85 rows=10 width=121)
	  Sort Key: c
	  ->  Index Scan using sbtest6_pkey on sbtest6  (cost=0.43..38.66 rows=10 width=121)
	        Index Cond: ((id >= 1953857) AND (id <= 1953866))

table 7 : explain SELECT c FROM sbtest7 WHERE id BETWEEN 6412142 AND 6412151 ORDER BY c
	Sort  (cost=38.99..39.01 rows=10 width=121)
	  Sort Key: c
	  ->  Index Scan using sbtest7_pkey on sbtest7  (cost=0.43..38.82 rows=10 width=121)
	        Index Cond: ((id >= 6412142) AND (id <= 6412151))

table 8 : explain SELECT c FROM sbtest8 WHERE id BETWEEN 7115019 AND 7115028 ORDER BY c
	Sort  (cost=38.85..38.88 rows=10 width=121)
	  Sort Key: c
	  ->  Index Scan using sbtest8_pkey on sbtest8  (cost=0.43..38.69 rows=10 width=121)
	        Index Cond: ((id >= 7115019) AND (id <= 7115028))

for: distinct_ranges
table 1 : explain SELECT DISTINCT c FROM sbtest1 WHERE id BETWEEN 3816536 AND 3816545 ORDER BY c
	Unique  (cost=39.45..39.50 rows=10 width=121)
	  ->  Sort  (cost=39.45..39.47 rows=10 width=121)
	        Sort Key: c
	        ->  Index Scan using sbtest1_pkey on sbtest1  (cost=0.43..39.28 rows=10 width=121)
	              Index Cond: ((id >= 3816536) AND (id <= 3816545))

table 2 : explain SELECT DISTINCT c FROM sbtest2 WHERE id BETWEEN 2662519 AND 2662528 ORDER BY c
	Unique  (cost=42.78..42.84 rows=11 width=121)
	  ->  Sort  (cost=42.78..42.81 rows=11 width=121)
	        Sort Key: c
	        ->  Index Scan using sbtest2_pkey on sbtest2  (cost=0.43..42.59 rows=11 width=121)
	              Index Cond: ((id >= 2662519) AND (id <= 2662528))

table 3 : explain SELECT DISTINCT c FROM sbtest3 WHERE id BETWEEN 288510 AND 288519 ORDER BY c
	Unique  (cost=35.86..35.91 rows=9 width=121)
	  ->  Sort  (cost=35.86..35.88 rows=9 width=121)
	        Sort Key: c
	        ->  Index Scan using sbtest3_pkey on sbtest3  (cost=0.43..35.72 rows=9 width=121)
	              Index Cond: ((id >= 288510) AND (id <= 288519))

table 4 : explain SELECT DISTINCT c FROM sbtest4 WHERE id BETWEEN 2179735 AND 2179744 ORDER BY c
	Unique  (cost=39.00..39.05 rows=10 width=121)
	  ->  Sort  (cost=39.00..39.02 rows=10 width=121)
	        Sort Key: c
	        ->  Index Scan using sbtest4_pkey on sbtest4  (cost=0.43..38.83 rows=10 width=121)
	              Index Cond: ((id >= 2179735) AND (id <= 2179744))

table 5 : explain SELECT DISTINCT c FROM sbtest5 WHERE id BETWEEN 1820064 AND 1820073 ORDER BY c
	Unique  (cost=38.87..38.92 rows=10 width=121)
	  ->  Sort  (cost=38.87..38.90 rows=10 width=121)
	        Sort Key: c
	        ->  Index Scan using sbtest5_pkey on sbtest5  (cost=0.43..38.71 rows=10 width=121)
	              Index Cond: ((id >= 1820064) AND (id <= 1820073))

table 6 : explain SELECT DISTINCT c FROM sbtest6 WHERE id BETWEEN 9677638 AND 9677647 ORDER BY c
	Unique  (cost=38.83..38.88 rows=10 width=121)
	  ->  Sort  (cost=38.83..38.85 rows=10 width=121)
	        Sort Key: c
	        ->  Index Scan using sbtest6_pkey on sbtest6  (cost=0.43..38.66 rows=10 width=121)
	              Index Cond: ((id >= 9677638) AND (id <= 9677647))

table 7 : explain SELECT DISTINCT c FROM sbtest7 WHERE id BETWEEN 618648 AND 618657 ORDER BY c
	Unique  (cost=35.59..35.63 rows=9 width=121)
	  ->  Sort  (cost=35.59..35.61 rows=9 width=121)
	        Sort Key: c
	        ->  Index Scan using sbtest7_pkey on sbtest7  (cost=0.43..35.45 rows=9 width=121)
	              Index Cond: ((id >= 618648) AND (id <= 618657))

table 8 : explain SELECT DISTINCT c FROM sbtest8 WHERE id BETWEEN 205807 AND 205816 ORDER BY c
	Unique  (cost=42.24..42.29 rows=11 width=121)
	  ->  Sort  (cost=42.24..42.26 rows=11 width=121)
	        Sort Key: c
	        ->  Index Scan using sbtest8_pkey on sbtest8  (cost=0.43..42.04 rows=11 width=121)
	              Index Cond: ((id >= 205807) AND (id <= 205816))

for non_index_updates
table 1 : explain UPDATE sbtest1 SET c='foobar' WHERE id=7326545
	Update on sbtest1  (cost=0.43..8.45 rows=1 width=559)
	  ->  Index Scan using sbtest1_pkey on sbtest1  (cost=0.43..8.45 rows=1 width=559)
	        Index Cond: (id = 7326545)

table 2 : explain UPDATE sbtest2 SET c='foobar' WHERE id=5100244
	Update on sbtest2  (cost=0.43..8.45 rows=1 width=559)
	  ->  Index Scan using sbtest2_pkey on sbtest2  (cost=0.43..8.45 rows=1 width=559)
	        Index Cond: (id = 5100244)

table 3 : explain UPDATE sbtest3 SET c='foobar' WHERE id=1271821
	Update on sbtest3  (cost=0.43..8.45 rows=1 width=559)
	  ->  Index Scan using sbtest3_pkey on sbtest3  (cost=0.43..8.45 rows=1 width=559)
	        Index Cond: (id = 1271821)

table 4 : explain UPDATE sbtest4 SET c='foobar' WHERE id=7202769
	Update on sbtest4  (cost=0.43..8.45 rows=1 width=559)
	  ->  Index Scan using sbtest4_pkey on sbtest4  (cost=0.43..8.45 rows=1 width=559)
	        Index Cond: (id = 7202769)

table 5 : explain UPDATE sbtest5 SET c='foobar' WHERE id=6144801
	Update on sbtest5  (cost=0.43..8.45 rows=1 width=559)
	  ->  Index Scan using sbtest5_pkey on sbtest5  (cost=0.43..8.45 rows=1 width=559)
	        Index Cond: (id = 6144801)

table 6 : explain UPDATE sbtest6 SET c='foobar' WHERE id=4618960
	Update on sbtest6  (cost=0.43..8.45 rows=1 width=559)
	  ->  Index Scan using sbtest6_pkey on sbtest6  (cost=0.43..8.45 rows=1 width=559)
	        Index Cond: (id = 4618960)

table 7 : explain UPDATE sbtest7 SET c='foobar' WHERE id=8231934
	Update on sbtest7  (cost=0.43..8.45 rows=1 width=559)
	  ->  Index Scan using sbtest7_pkey on sbtest7  (cost=0.43..8.45 rows=1 width=559)
	        Index Cond: (id = 8231934)

table 8 : explain UPDATE sbtest8 SET c='foobar' WHERE id=8134676
	Update on sbtest8  (cost=0.43..8.45 rows=1 width=559)
	  ->  Index Scan using sbtest8_pkey on sbtest8  (cost=0.43..8.45 rows=1 width=559)
	        Index Cond: (id = 8134676)

for non_index_updates
table 1 : explain UPDATE sbtest1 SET c='foobar' WHERE id=787307
	Update on sbtest1  (cost=0.43..8.45 rows=1 width=559)
	  ->  Index Scan using sbtest1_pkey on sbtest1  (cost=0.43..8.45 rows=1 width=559)
	        Index Cond: (id = 787307)

table 2 : explain UPDATE sbtest2 SET c='foobar' WHERE id=531924
	Update on sbtest2  (cost=0.43..8.45 rows=1 width=559)
	  ->  Index Scan using sbtest2_pkey on sbtest2  (cost=0.43..8.45 rows=1 width=559)
	        Index Cond: (id = 531924)

table 3 : explain UPDATE sbtest3 SET c='foobar' WHERE id=7757420
	Update on sbtest3  (cost=0.43..8.45 rows=1 width=559)
	  ->  Index Scan using sbtest3_pkey on sbtest3  (cost=0.43..8.45 rows=1 width=559)
	        Index Cond: (id = 7757420)

table 4 : explain UPDATE sbtest4 SET c='foobar' WHERE id=9820880
	Update on sbtest4  (cost=0.43..8.45 rows=1 width=559)
	  ->  Index Scan using sbtest4_pkey on sbtest4  (cost=0.43..8.45 rows=1 width=559)
	        Index Cond: (id = 9820880)

table 5 : explain UPDATE sbtest5 SET c='foobar' WHERE id=4539555
	Update on sbtest5  (cost=0.43..8.45 rows=1 width=559)
	  ->  Index Scan using sbtest5_pkey on sbtest5  (cost=0.43..8.45 rows=1 width=559)
	        Index Cond: (id = 4539555)

table 6 : explain UPDATE sbtest6 SET c='foobar' WHERE id=7280707
	Update on sbtest6  (cost=0.43..8.45 rows=1 width=559)
	  ->  Index Scan using sbtest6_pkey on sbtest6  (cost=0.43..8.45 rows=1 width=559)
	        Index Cond: (id = 7280707)

table 7 : explain UPDATE sbtest7 SET c='foobar' WHERE id=7719263
	Update on sbtest7  (cost=0.43..8.45 rows=1 width=559)
	  ->  Index Scan using sbtest7_pkey on sbtest7  (cost=0.43..8.45 rows=1 width=559)
	        Index Cond: (id = 7719263)

table 8 : explain UPDATE sbtest8 SET c='foobar' WHERE id=6354294
	Update on sbtest8  (cost=0.43..8.45 rows=1 width=559)
	  ->  Index Scan using sbtest8_pkey on sbtest8  (cost=0.43..8.45 rows=1 width=559)
	        Index Cond: (id = 6354294)

for non_index_updates
table 1 : explain UPDATE sbtest1 SET c='foobar' WHERE id=6812344
	Update on sbtest1  (cost=0.43..8.45 rows=1 width=559)
	  ->  Index Scan using sbtest1_pkey on sbtest1  (cost=0.43..8.45 rows=1 width=559)
	        Index Cond: (id = 6812344)

table 2 : explain UPDATE sbtest2 SET c='foobar' WHERE id=3552627
	Update on sbtest2  (cost=0.43..8.45 rows=1 width=559)
	  ->  Index Scan using sbtest2_pkey on sbtest2  (cost=0.43..8.45 rows=1 width=559)
	        Index Cond: (id = 3552627)

table 3 : explain UPDATE sbtest3 SET c='foobar' WHERE id=6463253
	Update on sbtest3  (cost=0.43..8.45 rows=1 width=559)
	  ->  Index Scan using sbtest3_pkey on sbtest3  (cost=0.43..8.45 rows=1 width=559)
	        Index Cond: (id = 6463253)

table 4 : explain UPDATE sbtest4 SET c='foobar' WHERE id=4967102
	Update on sbtest4  (cost=0.43..8.45 rows=1 width=559)
	  ->  Index Scan using sbtest4_pkey on sbtest4  (cost=0.43..8.45 rows=1 width=559)
	        Index Cond: (id = 4967102)

table 5 : explain UPDATE sbtest5 SET c='foobar' WHERE id=8365453
	Update on sbtest5  (cost=0.43..8.45 rows=1 width=559)
	  ->  Index Scan using sbtest5_pkey on sbtest5  (cost=0.43..8.45 rows=1 width=559)
	        Index Cond: (id = 8365453)

table 6 : explain UPDATE sbtest6 SET c='foobar' WHERE id=4019031
	Update on sbtest6  (cost=0.43..8.45 rows=1 width=559)
	  ->  Index Scan using sbtest6_pkey on sbtest6  (cost=0.43..8.45 rows=1 width=559)
	        Index Cond: (id = 4019031)

table 7 : explain UPDATE sbtest7 SET c='foobar' WHERE id=727962
	Update on sbtest7  (cost=0.43..8.45 rows=1 width=559)
	  ->  Index Scan using sbtest7_pkey on sbtest7  (cost=0.43..8.45 rows=1 width=559)
	        Index Cond: (id = 727962)

table 8 : explain UPDATE sbtest8 SET c='foobar' WHERE id=5941449
	Update on sbtest8  (cost=0.43..8.45 rows=1 width=559)
	  ->  Index Scan using sbtest8_pkey on sbtest8  (cost=0.43..8.45 rows=1 width=559)
	        Index Cond: (id = 5941449)

for index_updates
table 1 : explain UPDATE sbtest1 SET k=k+1 WHERE id=8904132
	Update on sbtest1  (cost=0.43..8.46 rows=1 width=196)
	  ->  Index Scan using sbtest1_pkey on sbtest1  (cost=0.43..8.46 rows=1 width=196)
	        Index Cond: (id = 8904132)

table 2 : explain UPDATE sbtest2 SET k=k+1 WHERE id=9465223
	Update on sbtest2  (cost=0.43..8.46 rows=1 width=196)
	  ->  Index Scan using sbtest2_pkey on sbtest2  (cost=0.43..8.46 rows=1 width=196)
	        Index Cond: (id = 9465223)

table 3 : explain UPDATE sbtest3 SET k=k+1 WHERE id=9011285
	Update on sbtest3  (cost=0.43..8.46 rows=1 width=196)
	  ->  Index Scan using sbtest3_pkey on sbtest3  (cost=0.43..8.46 rows=1 width=196)
	        Index Cond: (id = 9011285)

table 4 : explain UPDATE sbtest4 SET k=k+1 WHERE id=5611940
	Update on sbtest4  (cost=0.43..8.46 rows=1 width=196)
	  ->  Index Scan using sbtest4_pkey on sbtest4  (cost=0.43..8.46 rows=1 width=196)
	        Index Cond: (id = 5611940)

table 5 : explain UPDATE sbtest5 SET k=k+1 WHERE id=5097060
	Update on sbtest5  (cost=0.43..8.46 rows=1 width=196)
	  ->  Index Scan using sbtest5_pkey on sbtest5  (cost=0.43..8.46 rows=1 width=196)
	        Index Cond: (id = 5097060)

table 6 : explain UPDATE sbtest6 SET k=k+1 WHERE id=6436188
	Update on sbtest6  (cost=0.43..8.46 rows=1 width=196)
	  ->  Index Scan using sbtest6_pkey on sbtest6  (cost=0.43..8.46 rows=1 width=196)
	        Index Cond: (id = 6436188)

table 7 : explain UPDATE sbtest7 SET k=k+1 WHERE id=9509422
	Update on sbtest7  (cost=0.43..8.46 rows=1 width=196)
	  ->  Index Scan using sbtest7_pkey on sbtest7  (cost=0.43..8.46 rows=1 width=196)
	        Index Cond: (id = 9509422)

table 8 : explain UPDATE sbtest8 SET k=k+1 WHERE id=5058488
	Update on sbtest8  (cost=0.43..8.46 rows=1 width=196)
	  ->  Index Scan using sbtest8_pkey on sbtest8  (cost=0.43..8.46 rows=1 width=196)
	        Index Cond: (id = 5058488)

for index_updates
table 1 : explain UPDATE sbtest1 SET k=k+1 WHERE id=6587027
	Update on sbtest1  (cost=0.43..8.46 rows=1 width=196)
	  ->  Index Scan using sbtest1_pkey on sbtest1  (cost=0.43..8.46 rows=1 width=196)
	        Index Cond: (id = 6587027)

table 2 : explain UPDATE sbtest2 SET k=k+1 WHERE id=5627137
	Update on sbtest2  (cost=0.43..8.46 rows=1 width=196)
	  ->  Index Scan using sbtest2_pkey on sbtest2  (cost=0.43..8.46 rows=1 width=196)
	        Index Cond: (id = 5627137)

table 3 : explain UPDATE sbtest3 SET k=k+1 WHERE id=258458
	Update on sbtest3  (cost=0.43..8.46 rows=1 width=196)
	  ->  Index Scan using sbtest3_pkey on sbtest3  (cost=0.43..8.46 rows=1 width=196)
	        Index Cond: (id = 258458)

table 4 : explain UPDATE sbtest4 SET k=k+1 WHERE id=5209916
	Update on sbtest4  (cost=0.43..8.46 rows=1 width=196)
	  ->  Index Scan using sbtest4_pkey on sbtest4  (cost=0.43..8.46 rows=1 width=196)
	        Index Cond: (id = 5209916)

table 5 : explain UPDATE sbtest5 SET k=k+1 WHERE id=9042555
	Update on sbtest5  (cost=0.43..8.46 rows=1 width=196)
	  ->  Index Scan using sbtest5_pkey on sbtest5  (cost=0.43..8.46 rows=1 width=196)
	        Index Cond: (id = 9042555)

table 6 : explain UPDATE sbtest6 SET k=k+1 WHERE id=828242
	Update on sbtest6  (cost=0.43..8.46 rows=1 width=196)
	  ->  Index Scan using sbtest6_pkey on sbtest6  (cost=0.43..8.46 rows=1 width=196)
	        Index Cond: (id = 828242)

table 7 : explain UPDATE sbtest7 SET k=k+1 WHERE id=6285795
	Update on sbtest7  (cost=0.43..8.46 rows=1 width=196)
	  ->  Index Scan using sbtest7_pkey on sbtest7  (cost=0.43..8.46 rows=1 width=196)
	        Index Cond: (id = 6285795)

table 8 : explain UPDATE sbtest8 SET k=k+1 WHERE id=2923314
	Update on sbtest8  (cost=0.43..8.46 rows=1 width=196)
	  ->  Index Scan using sbtest8_pkey on sbtest8  (cost=0.43..8.46 rows=1 width=196)
	        Index Cond: (id = 2923314)

explain: for deletes :: explain DELETE FROM sbtest%u WHERE id=%u
explain: for deletes :: explain DELETE FROM sbtest%u WHERE id=%u
explain: for deletes :: explain DELETE FROM sbtest%u WHERE id=%u
explain: for index_updates :: explain UPDATE sbtest%u SET k=k+1 WHERE id=%u
explain: for deletes :: explain DELETE FROM sbtest%u WHERE id=%u
explain: for non_index_updates :: explain UPDATE sbtest%u SET c='foobar' WHERE id=%u
explain: for non_index_updates :: explain UPDATE sbtest%u SET c='foobar' WHERE id=%u
explain: for index_updates :: explain UPDATE sbtest%u SET k=k+1 WHERE id=%u
for deletes
table 1 : explain DELETE FROM sbtest1 WHERE id=41019
	Delete on sbtest1  (cost=0.43..8.45 rows=1 width=6)
	  ->  Index Scan using sbtest1_pkey on sbtest1  (cost=0.43..8.45 rows=1 width=6)
	        Index Cond: (id = 41019)

table 2 : explain DELETE FROM sbtest2 WHERE id=7886245
	Delete on sbtest2  (cost=0.43..8.45 rows=1 width=6)
	  ->  Index Scan using sbtest2_pkey on sbtest2  (cost=0.43..8.45 rows=1 width=6)
	        Index Cond: (id = 7886245)

table 3 : explain DELETE FROM sbtest3 WHERE id=1332125
	Delete on sbtest3  (cost=0.43..8.45 rows=1 width=6)
	  ->  Index Scan using sbtest3_pkey on sbtest3  (cost=0.43..8.45 rows=1 width=6)
	        Index Cond: (id = 1332125)

table 4 : explain DELETE FROM sbtest4 WHERE id=5819435
	Delete on sbtest4  (cost=0.43..8.45 rows=1 width=6)
	  ->  Index Scan using sbtest4_pkey on sbtest4  (cost=0.43..8.45 rows=1 width=6)
	        Index Cond: (id = 5819435)

table 5 : explain DELETE FROM sbtest5 WHERE id=8024813
	Delete on sbtest5  (cost=0.43..8.45 rows=1 width=6)
	  ->  Index Scan using sbtest5_pkey on sbtest5  (cost=0.43..8.45 rows=1 width=6)
	        Index Cond: (id = 8024813)

table 6 : explain DELETE FROM sbtest6 WHERE id=634651
	Delete on sbtest6  (cost=0.43..8.45 rows=1 width=6)
	  ->  Index Scan using sbtest6_pkey on sbtest6  (cost=0.43..8.45 rows=1 width=6)
	        Index Cond: (id = 634651)

table 7 : explain DELETE FROM sbtest7 WHERE id=5527700
	Delete on sbtest7  (cost=0.43..8.45 rows=1 width=6)
	  ->  Index Scan using sbtest7_pkey on sbtest7  (cost=0.43..8.45 rows=1 width=6)
	        Index Cond: (id = 5527700)

table 8 : explain DELETE FROM sbtest8 WHERE id=873639
	Delete on sbtest8  (cost=0.43..8.45 rows=1 width=6)
	  ->  Index Scan using sbtest8_pkey on sbtest8  (cost=0.43..8.45 rows=1 width=6)
	        Index Cond: (id = 873639)

explain: for inserts :: explain INSERT INTO sbtest%u (id, k, c, pad) VALUES (%u, 13, 'foobar', 'foobar')
for deletes
table 1 : explain DELETE FROM sbtest1 WHERE id=4959452
	Delete on sbtest1  (cost=0.43..8.45 rows=1 width=6)
	  ->  Index Scan using sbtest1_pkey on sbtest1  (cost=0.43..8.45 rows=1 width=6)
	        Index Cond: (id = 4959452)

table 2 : explain DELETE FROM sbtest2 WHERE id=7502356
	Delete on sbtest2  (cost=0.43..8.45 rows=1 width=6)
	  ->  Index Scan using sbtest2_pkey on sbtest2  (cost=0.43..8.45 rows=1 width=6)
	        Index Cond: (id = 7502356)

table 3 : explain DELETE FROM sbtest3 WHERE id=1022628
	Delete on sbtest3  (cost=0.43..8.45 rows=1 width=6)
	  ->  Index Scan using sbtest3_pkey on sbtest3  (cost=0.43..8.45 rows=1 width=6)
	        Index Cond: (id = 1022628)

table 4 : explain DELETE FROM sbtest4 WHERE id=9916966
	Delete on sbtest4  (cost=0.43..8.45 rows=1 width=6)
	  ->  Index Scan using sbtest4_pkey on sbtest4  (cost=0.43..8.45 rows=1 width=6)
	        Index Cond: (id = 9916966)

table 5 : explain DELETE FROM sbtest5 WHERE id=1672185
	Delete on sbtest5  (cost=0.43..8.45 rows=1 width=6)
	  ->  Index Scan using sbtest5_pkey on sbtest5  (cost=0.43..8.45 rows=1 width=6)
	        Index Cond: (id = 1672185)

table 6 : explain DELETE FROM sbtest6 WHERE id=8204191
	Delete on sbtest6  (cost=0.43..8.45 rows=1 width=6)
	  ->  Index Scan using sbtest6_pkey on sbtest6  (cost=0.43..8.45 rows=1 width=6)
	        Index Cond: (id = 8204191)

table 7 : explain DELETE FROM sbtest7 WHERE id=2836244
	Delete on sbtest7  (cost=0.43..8.45 rows=1 width=6)
	  ->  Index Scan using sbtest7_pkey on sbtest7  (cost=0.43..8.45 rows=1 width=6)
	        Index Cond: (id = 2836244)

table 8 : explain DELETE FROM sbtest8 WHERE id=5296079
	Delete on sbtest8  (cost=0.43..8.45 rows=1 width=6)
	  ->  Index Scan using sbtest8_pkey on sbtest8  (cost=0.43..8.45 rows=1 width=6)
	        Index Cond: (id = 5296079)

for deletes
table 1 : explain DELETE FROM sbtest1 WHERE id=3666171
	Delete on sbtest1  (cost=0.43..8.45 rows=1 width=6)
	  ->  Index Scan using sbtest1_pkey on sbtest1  (cost=0.43..8.45 rows=1 width=6)
	        Index Cond: (id = 3666171)

table 2 : explain DELETE FROM sbtest2 WHERE id=757025
	Delete on sbtest2  (cost=0.43..8.45 rows=1 width=6)
	  ->  Index Scan using sbtest2_pkey on sbtest2  (cost=0.43..8.45 rows=1 width=6)
	        Index Cond: (id = 757025)

table 3 : explain DELETE FROM sbtest3 WHERE id=4672794
	Delete on sbtest3  (cost=0.43..8.45 rows=1 width=6)
	  ->  Index Scan using sbtest3_pkey on sbtest3  (cost=0.43..8.45 rows=1 width=6)
	        Index Cond: (id = 4672794)

table 4 : explain DELETE FROM sbtest4 WHERE id=7768859
	Delete on sbtest4  (cost=0.43..8.45 rows=1 width=6)
	  ->  Index Scan using sbtest4_pkey on sbtest4  (cost=0.43..8.45 rows=1 width=6)
	        Index Cond: (id = 7768859)

table 5 : explain DELETE FROM sbtest5 WHERE id=7751498
	Delete on sbtest5  (cost=0.43..8.45 rows=1 width=6)
	  ->  Index Scan using sbtest5_pkey on sbtest5  (cost=0.43..8.45 rows=1 width=6)
	        Index Cond: (id = 7751498)

table 6 : explain DELETE FROM sbtest6 WHERE id=9185371
	Delete on sbtest6  (cost=0.43..8.45 rows=1 width=6)
	  ->  Index Scan using sbtest6_pkey on sbtest6  (cost=0.43..8.45 rows=1 width=6)
	        Index Cond: (id = 9185371)

table 7 : explain DELETE FROM sbtest7 WHERE id=3876434
	Delete on sbtest7  (cost=0.43..8.45 rows=1 width=6)
	  ->  Index Scan using sbtest7_pkey on sbtest7  (cost=0.43..8.45 rows=1 width=6)
	        Index Cond: (id = 3876434)

table 8 : explain DELETE FROM sbtest8 WHERE id=9463774
	Delete on sbtest8  (cost=0.43..8.45 rows=1 width=6)
	  ->  Index Scan using sbtest8_pkey on sbtest8  (cost=0.43..8.45 rows=1 width=6)
	        Index Cond: (id = 9463774)

for non_index_updates
table 1 : explain UPDATE sbtest1 SET c='foobar' WHERE id=7420684
	Update on sbtest1  (cost=0.43..8.45 rows=1 width=559)
	  ->  Index Scan using sbtest1_pkey on sbtest1  (cost=0.43..8.45 rows=1 width=559)
	        Index Cond: (id = 7420684)

table 2 : explain UPDATE sbtest2 SET c='foobar' WHERE id=6900183
	Update on sbtest2  (cost=0.43..8.45 rows=1 width=559)
	  ->  Index Scan using sbtest2_pkey on sbtest2  (cost=0.43..8.45 rows=1 width=559)
	        Index Cond: (id = 6900183)

table 3 : explain UPDATE sbtest3 SET c='foobar' WHERE id=5512556
	Update on sbtest3  (cost=0.43..8.45 rows=1 width=559)
	  ->  Index Scan using sbtest3_pkey on sbtest3  (cost=0.43..8.45 rows=1 width=559)
	        Index Cond: (id = 5512556)

table 4 : explain UPDATE sbtest4 SET c='foobar' WHERE id=8714271
	Update on sbtest4  (cost=0.43..8.45 rows=1 width=559)
	  ->  Index Scan using sbtest4_pkey on sbtest4  (cost=0.43..8.45 rows=1 width=559)
	        Index Cond: (id = 8714271)

table 5 : explain UPDATE sbtest5 SET c='foobar' WHERE id=6620365
	Update on sbtest5  (cost=0.43..8.45 rows=1 width=559)
	  ->  Index Scan using sbtest5_pkey on sbtest5  (cost=0.43..8.45 rows=1 width=559)
	        Index Cond: (id = 6620365)

table 6 : explain UPDATE sbtest6 SET c='foobar' WHERE id=5729799
	Update on sbtest6  (cost=0.43..8.45 rows=1 width=559)
	  ->  Index Scan using sbtest6_pkey on sbtest6  (cost=0.43..8.45 rows=1 width=559)
	        Index Cond: (id = 5729799)

table 7 : explain UPDATE sbtest7 SET c='foobar' WHERE id=3980415
	Update on sbtest7  (cost=0.43..8.45 rows=1 width=559)
	  ->  Index Scan using sbtest7_pkey on sbtest7  (cost=0.43..8.45 rows=1 width=559)
	        Index Cond: (id = 3980415)

table 8 : explain UPDATE sbtest8 SET c='foobar' WHERE id=3026545
	Update on sbtest8  (cost=0.43..8.45 rows=1 width=559)
	  ->  Index Scan using sbtest8_pkey on sbtest8  (cost=0.43..8.45 rows=1 width=559)
	        Index Cond: (id = 3026545)

for point_selects
table 1 : explain SELECT c FROM sbtest1 WHERE id=7703755
	Index Scan using sbtest1_pkey on sbtest1  (cost=0.43..8.45 rows=1 width=121)
	  Index Cond: (id = 7703755)

table 2 : explain SELECT c FROM sbtest2 WHERE id=331736
	Index Scan using sbtest2_pkey on sbtest2  (cost=0.43..8.45 rows=1 width=121)
	  Index Cond: (id = 331736)

table 3 : explain SELECT c FROM sbtest3 WHERE id=293326
	Index Scan using sbtest3_pkey on sbtest3  (cost=0.43..8.45 rows=1 width=121)
	  Index Cond: (id = 293326)

table 4 : explain SELECT c FROM sbtest4 WHERE id=3278806
	Index Scan using sbtest4_pkey on sbtest4  (cost=0.43..8.45 rows=1 width=121)
	  Index Cond: (id = 3278806)

table 5 : explain SELECT c FROM sbtest5 WHERE id=1551533
	Index Scan using sbtest5_pkey on sbtest5  (cost=0.43..8.45 rows=1 width=121)
	  Index Cond: (id = 1551533)

table 6 : explain SELECT c FROM sbtest6 WHERE id=117661
	Index Scan using sbtest6_pkey on sbtest6  (cost=0.43..8.45 rows=1 width=121)
	  Index Cond: (id = 117661)

table 7 : explain SELECT c FROM sbtest7 WHERE id=2959537
	Index Scan using sbtest7_pkey on sbtest7  (cost=0.43..8.45 rows=1 width=121)
	  Index Cond: (id = 2959537)

table 8 : explain SELECT c FROM sbtest8 WHERE id=4591307
	Index Scan using sbtest8_pkey on sbtest8  (cost=0.43..8.45 rows=1 width=121)
	  Index Cond: (id = 4591307)

for non_index_updates
table 1 : explain UPDATE sbtest1 SET c='foobar' WHERE id=894167
	Update on sbtest1  (cost=0.43..8.45 rows=1 width=559)
	  ->  Index Scan using sbtest1_pkey on sbtest1  (cost=0.43..8.45 rows=1 width=559)
	        Index Cond: (id = 894167)

table 2 : explain UPDATE sbtest2 SET c='foobar' WHERE id=4095816
	Update on sbtest2  (cost=0.43..8.45 rows=1 width=559)
	  ->  Index Scan using sbtest2_pkey on sbtest2  (cost=0.43..8.45 rows=1 width=559)
	        Index Cond: (id = 4095816)

table 3 : explain UPDATE sbtest3 SET c='foobar' WHERE id=6078578
	Update on sbtest3  (cost=0.43..8.45 rows=1 width=559)
	  ->  Index Scan using sbtest3_pkey on sbtest3  (cost=0.43..8.45 rows=1 width=559)
	        Index Cond: (id = 6078578)

table 4 : explain UPDATE sbtest4 SET c='foobar' WHERE id=3074772
	Update on sbtest4  (cost=0.43..8.45 rows=1 width=559)
	  ->  Index Scan using sbtest4_pkey on sbtest4  (cost=0.43..8.45 rows=1 width=559)
	        Index Cond: (id = 3074772)

table 5 : explain UPDATE sbtest5 SET c='foobar' WHERE id=795849
	Update on sbtest5  (cost=0.43..8.45 rows=1 width=559)
	  ->  Index Scan using sbtest5_pkey on sbtest5  (cost=0.43..8.45 rows=1 width=559)
	        Index Cond: (id = 795849)

table 6 : explain UPDATE sbtest6 SET c='foobar' WHERE id=8349183
	Update on sbtest6  (cost=0.43..8.45 rows=1 width=559)
	  ->  Index Scan using sbtest6_pkey on sbtest6  (cost=0.43..8.45 rows=1 width=559)
	        Index Cond: (id = 8349183)

table 7 : explain UPDATE sbtest7 SET c='foobar' WHERE id=3349311
	Update on sbtest7  (cost=0.43..8.45 rows=1 width=559)
	  ->  Index Scan using sbtest7_pkey on sbtest7  (cost=0.43..8.45 rows=1 width=559)
	        Index Cond: (id = 3349311)

table 8 : explain UPDATE sbtest8 SET c='foobar' WHERE id=828804
	Update on sbtest8  (cost=0.43..8.45 rows=1 width=559)
	  ->  Index Scan using sbtest8_pkey on sbtest8  (cost=0.43..8.45 rows=1 width=559)
	        Index Cond: (id = 828804)

for inserts
table 1 : explain INSERT INTO sbtest1 (id, k, c, pad) VALUES (2437509, 13, 'foobar', 'foobar')
	Insert on sbtest1  (cost=0.00..0.01 rows=1 width=736)
	  ->  Result  (cost=0.00..0.01 rows=1 width=736)

table 2 : explain INSERT INTO sbtest2 (id, k, c, pad) VALUES (7226334, 13, 'foobar', 'foobar')
	Insert on sbtest2  (cost=0.00..0.01 rows=1 width=736)
	  ->  Result  (cost=0.00..0.01 rows=1 width=736)

table 3 : explain INSERT INTO sbtest3 (id, k, c, pad) VALUES (9887226, 13, 'foobar', 'foobar')
	Insert on sbtest3  (cost=0.00..0.01 rows=1 width=736)
	  ->  Result  (cost=0.00..0.01 rows=1 width=736)

table 4 : explain INSERT INTO sbtest4 (id, k, c, pad) VALUES (1991703, 13, 'foobar', 'foobar')
	Insert on sbtest4  (cost=0.00..0.01 rows=1 width=736)
	  ->  Result  (cost=0.00..0.01 rows=1 width=736)

table 5 : explain INSERT INTO sbtest5 (id, k, c, pad) VALUES (4829002, 13, 'foobar', 'foobar')
	Insert on sbtest5  (cost=0.00..0.01 rows=1 width=736)
	  ->  Result  (cost=0.00..0.01 rows=1 width=736)

table 6 : explain INSERT INTO sbtest6 (id, k, c, pad) VALUES (9626270, 13, 'foobar', 'foobar')
	Insert on sbtest6  (cost=0.00..0.01 rows=1 width=736)
	  ->  Result  (cost=0.00..0.01 rows=1 width=736)

table 7 : explain INSERT INTO sbtest7 (id, k, c, pad) VALUES (5348947, 13, 'foobar', 'foobar')
	Insert on sbtest7  (cost=0.00..0.01 rows=1 width=736)
	  ->  Result  (cost=0.00..0.01 rows=1 width=736)

table 8 : explain INSERT INTO sbtest8 (id, k, c, pad) VALUES (3593076, 13, 'foobar', 'foobar')
	Insert on sbtest8  (cost=0.00..0.01 rows=1 width=736)
	  ->  Result  (cost=0.00..0.01 rows=1 width=736)

explain: for deletes :: explain DELETE FROM sbtest%u WHERE id=%u
for point_selects
table 1 : explain SELECT c FROM sbtest1 WHERE id=1306900
	Index Scan using sbtest1_pkey on sbtest1  (cost=0.43..8.45 rows=1 width=121)
	  Index Cond: (id = 1306900)

table 2 : explain SELECT c FROM sbtest2 WHERE id=8574295
	Index Scan using sbtest2_pkey on sbtest2  (cost=0.43..8.45 rows=1 width=121)
	  Index Cond: (id = 8574295)

table 3 : explain SELECT c FROM sbtest3 WHERE id=3456663
	Index Scan using sbtest3_pkey on sbtest3  (cost=0.43..8.45 rows=1 width=121)
	  Index Cond: (id = 3456663)

table 4 : explain SELECT c FROM sbtest4 WHERE id=7289306
	Index Scan using sbtest4_pkey on sbtest4  (cost=0.43..8.45 rows=1 width=121)
	  Index Cond: (id = 7289306)

table 5 : explain SELECT c FROM sbtest5 WHERE id=7679960
	Index Scan using sbtest5_pkey on sbtest5  (cost=0.43..8.45 rows=1 width=121)
	  Index Cond: (id = 7679960)

table 6 : explain SELECT c FROM sbtest6 WHERE id=5333560
	Index Scan using sbtest6_pkey on sbtest6  (cost=0.43..8.45 rows=1 width=121)
	  Index Cond: (id = 5333560)

table 7 : explain SELECT c FROM sbtest7 WHERE id=3668135
	Index Scan using sbtest7_pkey on sbtest7  (cost=0.43..8.45 rows=1 width=121)
	  Index Cond: (id = 3668135)

table 8 : explain SELECT c FROM sbtest8 WHERE id=8770141
	Index Scan using sbtest8_pkey on sbtest8  (cost=0.43..8.45 rows=1 width=121)
	  Index Cond: (id = 8770141)

explain: for inserts :: explain INSERT INTO sbtest%u (id, k, c, pad) VALUES (%u, 13, 'foobar', 'foobar')
for: order_ranges
table 1 : explain SELECT c FROM sbtest1 WHERE id BETWEEN 4750396 AND 4750405 ORDER BY c
	Sort  (cost=39.45..39.47 rows=10 width=121)
	  Sort Key: c
	  ->  Index Scan using sbtest1_pkey on sbtest1  (cost=0.43..39.28 rows=10 width=121)
	        Index Cond: ((id >= 4750396) AND (id <= 4750405))

table 2 : explain SELECT c FROM sbtest2 WHERE id BETWEEN 910753 AND 910762 ORDER BY c
	Sort  (cost=39.34..39.37 rows=10 width=121)
	  Sort Key: c
	  ->  Index Scan using sbtest2_pkey on sbtest2  (cost=0.43..39.18 rows=10 width=121)
	        Index Cond: ((id >= 910753) AND (id <= 910762))

table 3 : explain SELECT c FROM sbtest3 WHERE id BETWEEN 948893 AND 948902 ORDER BY c
	Sort  (cost=35.86..35.88 rows=9 width=121)
	  Sort Key: c
	  ->  Index Scan using sbtest3_pkey on sbtest3  (cost=0.43..35.72 rows=9 width=121)
	        Index Cond: ((id >= 948893) AND (id <= 948902))

table 4 : explain SELECT c FROM sbtest4 WHERE id BETWEEN 6995145 AND 6995154 ORDER BY c
	Sort  (cost=42.40..42.42 rows=11 width=121)
	  Sort Key: c
	  ->  Index Scan using sbtest4_pkey on sbtest4  (cost=0.43..42.21 rows=11 width=121)
	        Index Cond: ((id >= 6995145) AND (id <= 6995154))

table 5 : explain SELECT c FROM sbtest5 WHERE id BETWEEN 7804990 AND 7804999 ORDER BY c
	Sort  (cost=38.87..38.90 rows=10 width=121)
	  Sort Key: c
	  ->  Index Scan using sbtest5_pkey on sbtest5  (cost=0.43..38.71 rows=10 width=121)
	        Index Cond: ((id >= 7804990) AND (id <= 7804999))

table 6 : explain SELECT c FROM sbtest6 WHERE id BETWEEN 3214881 AND 3214890 ORDER BY c
	Sort  (cost=38.83..38.85 rows=10 width=121)
	  Sort Key: c
	  ->  Index Scan using sbtest6_pkey on sbtest6  (cost=0.43..38.66 rows=10 width=121)
	        Index Cond: ((id >= 3214881) AND (id <= 3214890))

table 7 : explain SELECT c FROM sbtest7 WHERE id BETWEEN 3433191 AND 3433200 ORDER BY c
	Sort  (cost=38.99..39.01 rows=10 width=121)
	  Sort Key: c
	  ->  Index Scan using sbtest7_pkey on sbtest7  (cost=0.43..38.82 rows=10 width=121)
	        Index Cond: ((id >= 3433191) AND (id <= 3433200))

table 8 : explain SELECT c FROM sbtest8 WHERE id BETWEEN 1838332 AND 1838341 ORDER BY c
	Sort  (cost=38.85..38.88 rows=10 width=121)
	  Sort Key: c
	  ->  Index Scan using sbtest8_pkey on sbtest8  (cost=0.43..38.69 rows=10 width=121)
	        Index Cond: ((id >= 1838332) AND (id <= 1838341))

explain: for inserts :: explain INSERT INTO sbtest%u (id, k, c, pad) VALUES (%u, 13, 'foobar', 'foobar')
explain: for inserts :: explain INSERT INTO sbtest%u (id, k, c, pad) VALUES (%u, 13, 'foobar', 'foobar')
for index_updates
table 1 : explain UPDATE sbtest1 SET k=k+1 WHERE id=1537018
	Update on sbtest1  (cost=0.43..8.46 rows=1 width=196)
	  ->  Index Scan using sbtest1_pkey on sbtest1  (cost=0.43..8.46 rows=1 width=196)
	        Index Cond: (id = 1537018)

table 2 : explain UPDATE sbtest2 SET k=k+1 WHERE id=3942065
	Update on sbtest2  (cost=0.43..8.46 rows=1 width=196)
	  ->  Index Scan using sbtest2_pkey on sbtest2  (cost=0.43..8.46 rows=1 width=196)
	        Index Cond: (id = 3942065)

table 3 : explain UPDATE sbtest3 SET k=k+1 WHERE id=7428965
	Update on sbtest3  (cost=0.43..8.46 rows=1 width=196)
	  ->  Index Scan using sbtest3_pkey on sbtest3  (cost=0.43..8.46 rows=1 width=196)
	        Index Cond: (id = 7428965)

table 4 : explain UPDATE sbtest4 SET k=k+1 WHERE id=1046697
	Update on sbtest4  (cost=0.43..8.46 rows=1 width=196)
	  ->  Index Scan using sbtest4_pkey on sbtest4  (cost=0.43..8.46 rows=1 width=196)
	        Index Cond: (id = 1046697)

table 5 : explain UPDATE sbtest5 SET k=k+1 WHERE id=1175039
	Update on sbtest5  (cost=0.43..8.46 rows=1 width=196)
	  ->  Index Scan using sbtest5_pkey on sbtest5  (cost=0.43..8.46 rows=1 width=196)
	        Index Cond: (id = 1175039)

table 6 : explain UPDATE sbtest6 SET k=k+1 WHERE id=7105776
	Update on sbtest6  (cost=0.43..8.46 rows=1 width=196)
	  ->  Index Scan using sbtest6_pkey on sbtest6  (cost=0.43..8.46 rows=1 width=196)
	        Index Cond: (id = 7105776)

table 7 : explain UPDATE sbtest7 SET k=k+1 WHERE id=6363696
	Update on sbtest7  (cost=0.43..8.46 rows=1 width=196)
	  ->  Index Scan using sbtest7_pkey on sbtest7  (cost=0.43..8.46 rows=1 width=196)
	        Index Cond: (id = 6363696)

table 8 : explain UPDATE sbtest8 SET k=k+1 WHERE id=9345261
	Update on sbtest8  (cost=0.43..8.46 rows=1 width=196)
	  ->  Index Scan using sbtest8_pkey on sbtest8  (cost=0.43..8.46 rows=1 width=196)
	        Index Cond: (id = 9345261)

explain: for deletes :: explain DELETE FROM sbtest%u WHERE id=%u
for deletes
table 1 : explain DELETE FROM sbtest1 WHERE id=6021525
	Delete on sbtest1  (cost=0.43..8.45 rows=1 width=6)
	  ->  Index Scan using sbtest1_pkey on sbtest1  (cost=0.43..8.45 rows=1 width=6)
	        Index Cond: (id = 6021525)

table 2 : explain DELETE FROM sbtest2 WHERE id=7102499
	Delete on sbtest2  (cost=0.43..8.45 rows=1 width=6)
	  ->  Index Scan using sbtest2_pkey on sbtest2  (cost=0.43..8.45 rows=1 width=6)
	        Index Cond: (id = 7102499)

table 3 : explain DELETE FROM sbtest3 WHERE id=2747413
	Delete on sbtest3  (cost=0.43..8.45 rows=1 width=6)
	  ->  Index Scan using sbtest3_pkey on sbtest3  (cost=0.43..8.45 rows=1 width=6)
	        Index Cond: (id = 2747413)

table 4 : explain DELETE FROM sbtest4 WHERE id=6657067
	Delete on sbtest4  (cost=0.43..8.45 rows=1 width=6)
	  ->  Index Scan using sbtest4_pkey on sbtest4  (cost=0.43..8.45 rows=1 width=6)
	        Index Cond: (id = 6657067)

table 5 : explain DELETE FROM sbtest5 WHERE id=8329317
	Delete on sbtest5  (cost=0.43..8.45 rows=1 width=6)
	  ->  Index Scan using sbtest5_pkey on sbtest5  (cost=0.43..8.45 rows=1 width=6)
	        Index Cond: (id = 8329317)

table 6 : explain DELETE FROM sbtest6 WHERE id=3191441
	Delete on sbtest6  (cost=0.43..8.45 rows=1 width=6)
	  ->  Index Scan using sbtest6_pkey on sbtest6  (cost=0.43..8.45 rows=1 width=6)
	        Index Cond: (id = 3191441)

table 7 : explain DELETE FROM sbtest7 WHERE id=960203
	Delete on sbtest7  (cost=0.43..8.45 rows=1 width=6)
	  ->  Index Scan using sbtest7_pkey on sbtest7  (cost=0.43..8.45 rows=1 width=6)
	        Index Cond: (id = 960203)

table 8 : explain DELETE FROM sbtest8 WHERE id=1118126
	Delete on sbtest8  (cost=0.43..8.45 rows=1 width=6)
	  ->  Index Scan using sbtest8_pkey on sbtest8  (cost=0.43..8.45 rows=1 width=6)
	        Index Cond: (id = 1118126)

for deletes
table 1 : explain DELETE FROM sbtest1 WHERE id=1014108
	Delete on sbtest1  (cost=0.43..8.45 rows=1 width=6)
	  ->  Index Scan using sbtest1_pkey on sbtest1  (cost=0.43..8.45 rows=1 width=6)
	        Index Cond: (id = 1014108)

table 2 : explain DELETE FROM sbtest2 WHERE id=7329384
	Delete on sbtest2  (cost=0.43..8.45 rows=1 width=6)
	  ->  Index Scan using sbtest2_pkey on sbtest2  (cost=0.43..8.45 rows=1 width=6)
	        Index Cond: (id = 7329384)

table 3 : explain DELETE FROM sbtest3 WHERE id=4364673
	Delete on sbtest3  (cost=0.43..8.45 rows=1 width=6)
	  ->  Index Scan using sbtest3_pkey on sbtest3  (cost=0.43..8.45 rows=1 width=6)
	        Index Cond: (id = 4364673)

table 4 : explain DELETE FROM sbtest4 WHERE id=7157098
	Delete on sbtest4  (cost=0.43..8.45 rows=1 width=6)
	  ->  Index Scan using sbtest4_pkey on sbtest4  (cost=0.43..8.45 rows=1 width=6)
	        Index Cond: (id = 7157098)

table 5 : explain DELETE FROM sbtest5 WHERE id=4221226
	Delete on sbtest5  (cost=0.43..8.45 rows=1 width=6)
	  ->  Index Scan using sbtest5_pkey on sbtest5  (cost=0.43..8.45 rows=1 width=6)
	        Index Cond: (id = 4221226)

table 6 : explain DELETE FROM sbtest6 WHERE id=7654050
	Delete on sbtest6  (cost=0.43..8.45 rows=1 width=6)
	  ->  Index Scan using sbtest6_pkey on sbtest6  (cost=0.43..8.45 rows=1 width=6)
	        Index Cond: (id = 7654050)

table 7 : explain DELETE FROM sbtest7 WHERE id=5009112
	Delete on sbtest7  (cost=0.43..8.45 rows=1 width=6)
	  ->  Index Scan using sbtest7_pkey on sbtest7  (cost=0.43..8.45 rows=1 width=6)
	        Index Cond: (id = 5009112)

table 8 : explain DELETE FROM sbtest8 WHERE id=6391877
	Delete on sbtest8  (cost=0.43..8.45 rows=1 width=6)
	  ->  Index Scan using sbtest8_pkey on sbtest8  (cost=0.43..8.45 rows=1 width=6)
	        Index Cond: (id = 6391877)

for: distinct_ranges
table 1 : explain SELECT DISTINCT c FROM sbtest1 WHERE id BETWEEN 7512261 AND 7512270 ORDER BY c
	Unique  (cost=39.45..39.50 rows=10 width=121)
	  ->  Sort  (cost=39.45..39.47 rows=10 width=121)
	        Sort Key: c
	        ->  Index Scan using sbtest1_pkey on sbtest1  (cost=0.43..39.28 rows=10 width=121)
	              Index Cond: ((id >= 7512261) AND (id <= 7512270))

table 2 : explain SELECT DISTINCT c FROM sbtest2 WHERE id BETWEEN 5368430 AND 5368439 ORDER BY c
	Unique  (cost=39.34..39.39 rows=10 width=121)
	  ->  Sort  (cost=39.34..39.37 rows=10 width=121)
	        Sort Key: c
	        ->  Index Scan using sbtest2_pkey on sbtest2  (cost=0.43..39.18 rows=10 width=121)
	              Index Cond: ((id >= 5368430) AND (id <= 5368439))

table 3 : explain SELECT DISTINCT c FROM sbtest3 WHERE id BETWEEN 8361746 AND 8361755 ORDER BY c
	Unique  (cost=39.29..39.34 rows=10 width=121)
	  ->  Sort  (cost=39.29..39.32 rows=10 width=121)
	        Sort Key: c
	        ->  Index Scan using sbtest3_pkey on sbtest3  (cost=0.43..39.13 rows=10 width=121)
	              Index Cond: ((id >= 8361746) AND (id <= 8361755))

table 4 : explain SELECT DISTINCT c FROM sbtest4 WHERE id BETWEEN 4490224 AND 4490233 ORDER BY c
	Unique  (cost=35.60..35.64 rows=9 width=121)
	  ->  Sort  (cost=35.60..35.62 rows=9 width=121)
	        Sort Key: c
	        ->  Index Scan using sbtest4_pkey on sbtest4  (cost=0.43..35.46 rows=9 width=121)
	              Index Cond: ((id >= 4490224) AND (id <= 4490233))

table 5 : explain SELECT DISTINCT c FROM sbtest5 WHERE id BETWEEN 7426399 AND 7426408 ORDER BY c
	Unique  (cost=42.26..42.31 rows=11 width=121)
	  ->  Sort  (cost=42.26..42.29 rows=11 width=121)
	        Sort Key: c
	        ->  Index Scan using sbtest5_pkey on sbtest5  (cost=0.43..42.07 rows=11 width=121)
	              Index Cond: ((id >= 7426399) AND (id <= 7426408))

table 6 : explain SELECT DISTINCT c FROM sbtest6 WHERE id BETWEEN 9140467 AND 9140476 ORDER BY c
	Unique  (cost=38.83..38.88 rows=10 width=121)
	  ->  Sort  (cost=38.83..38.85 rows=10 width=121)
	        Sort Key: c
	        ->  Index Scan using sbtest6_pkey on sbtest6  (cost=0.43..38.66 rows=10 width=121)
	              Index Cond: ((id >= 9140467) AND (id <= 9140476))

table 7 : explain SELECT DISTINCT c FROM sbtest7 WHERE id BETWEEN 3175964 AND 3175973 ORDER BY c
	Unique  (cost=35.59..35.63 rows=9 width=121)
	  ->  Sort  (cost=35.59..35.61 rows=9 width=121)
	        Sort Key: c
	        ->  Index Scan using sbtest7_pkey on sbtest7  (cost=0.43..35.45 rows=9 width=121)
	              Index Cond: ((id >= 3175964) AND (id <= 3175973))

table 8 : explain SELECT DISTINCT c FROM sbtest8 WHERE id BETWEEN 199591 AND 199600 ORDER BY c
	Unique  (cost=42.24..42.29 rows=11 width=121)
	  ->  Sort  (cost=42.24..42.26 rows=11 width=121)
	        Sort Key: c
	        ->  Index Scan using sbtest8_pkey on sbtest8  (cost=0.43..42.04 rows=11 width=121)
	              Index Cond: ((id >= 199591) AND (id <= 199600))

for inserts
table 1 : explain INSERT INTO sbtest1 (id, k, c, pad) VALUES (2750585, 13, 'foobar', 'foobar')
	Insert on sbtest1  (cost=0.00..0.01 rows=1 width=736)
	  ->  Result  (cost=0.00..0.01 rows=1 width=736)

table 2 : explain INSERT INTO sbtest2 (id, k, c, pad) VALUES (6237918, 13, 'foobar', 'foobar')
	Insert on sbtest2  (cost=0.00..0.01 rows=1 width=736)
	  ->  Result  (cost=0.00..0.01 rows=1 width=736)

table 3 : explain INSERT INTO sbtest3 (id, k, c, pad) VALUES (4209173, 13, 'foobar', 'foobar')
	Insert on sbtest3  (cost=0.00..0.01 rows=1 width=736)
	  ->  Result  (cost=0.00..0.01 rows=1 width=736)

table 4 : explain INSERT INTO sbtest4 (id, k, c, pad) VALUES (6224077, 13, 'foobar', 'foobar')
	Insert on sbtest4  (cost=0.00..0.01 rows=1 width=736)
	  ->  Result  (cost=0.00..0.01 rows=1 width=736)

table 5 : explain INSERT INTO sbtest5 (id, k, c, pad) VALUES (8759826, 13, 'foobar', 'foobar')
	Insert on sbtest5  (cost=0.00..0.01 rows=1 width=736)
	  ->  Result  (cost=0.00..0.01 rows=1 width=736)

table 6 : explain INSERT INTO sbtest6 (id, k, c, pad) VALUES (1704674, 13, 'foobar', 'foobar')
	Insert on sbtest6  (cost=0.00..0.01 rows=1 width=736)
	  ->  Result  (cost=0.00..0.01 rows=1 width=736)

table 7 : explain INSERT INTO sbtest7 (id, k, c, pad) VALUES (4741613, 13, 'foobar', 'foobar')
	Insert on sbtest7  (cost=0.00..0.01 rows=1 width=736)
	  ->  Result  (cost=0.00..0.01 rows=1 width=736)

table 8 : explain INSERT INTO sbtest8 (id, k, c, pad) VALUES (6589322, 13, 'foobar', 'foobar')
	Insert on sbtest8  (cost=0.00..0.01 rows=1 width=736)
	  ->  Result  (cost=0.00..0.01 rows=1 width=736)

for inserts
table 1 : explain INSERT INTO sbtest1 (id, k, c, pad) VALUES (3288940, 13, 'foobar', 'foobar')
	Insert on sbtest1  (cost=0.00..0.01 rows=1 width=736)
	  ->  Result  (cost=0.00..0.01 rows=1 width=736)

table 2 : explain INSERT INTO sbtest2 (id, k, c, pad) VALUES (8386372, 13, 'foobar', 'foobar')
	Insert on sbtest2  (cost=0.00..0.01 rows=1 width=736)
	  ->  Result  (cost=0.00..0.01 rows=1 width=736)

table 3 : explain INSERT INTO sbtest3 (id, k, c, pad) VALUES (3224472, 13, 'foobar', 'foobar')
	Insert on sbtest3  (cost=0.00..0.01 rows=1 width=736)
	  ->  Result  (cost=0.00..0.01 rows=1 width=736)

table 4 : explain INSERT INTO sbtest4 (id, k, c, pad) VALUES (5250722, 13, 'foobar', 'foobar')
	Insert on sbtest4  (cost=0.00..0.01 rows=1 width=736)
	  ->  Result  (cost=0.00..0.01 rows=1 width=736)

table 5 : explain INSERT INTO sbtest5 (id, k, c, pad) VALUES (7171925, 13, 'foobar', 'foobar')
	Insert on sbtest5  (cost=0.00..0.01 rows=1 width=736)
	  ->  Result  (cost=0.00..0.01 rows=1 width=736)

table 6 : explain INSERT INTO sbtest6 (id, k, c, pad) VALUES (1506874, 13, 'foobar', 'foobar')
	Insert on sbtest6  (cost=0.00..0.01 rows=1 width=736)
	  ->  Result  (cost=0.00..0.01 rows=1 width=736)

table 7 : explain INSERT INTO sbtest7 (id, k, c, pad) VALUES (1219591, 13, 'foobar', 'foobar')
	Insert on sbtest7  (cost=0.00..0.01 rows=1 width=736)
	  ->  Result  (cost=0.00..0.01 rows=1 width=736)

table 8 : explain INSERT INTO sbtest8 (id, k, c, pad) VALUES (4871159, 13, 'foobar', 'foobar')
	Insert on sbtest8  (cost=0.00..0.01 rows=1 width=736)
	  ->  Result  (cost=0.00..0.01 rows=1 width=736)

explain: for non_index_updates :: explain UPDATE sbtest%u SET c='foobar' WHERE id=%u
for inserts
table 1 : explain INSERT INTO sbtest1 (id, k, c, pad) VALUES (9686202, 13, 'foobar', 'foobar')
	Insert on sbtest1  (cost=0.00..0.01 rows=1 width=736)
	  ->  Result  (cost=0.00..0.01 rows=1 width=736)

table 2 : explain INSERT INTO sbtest2 (id, k, c, pad) VALUES (182221, 13, 'foobar', 'foobar')
	Insert on sbtest2  (cost=0.00..0.01 rows=1 width=736)
	  ->  Result  (cost=0.00..0.01 rows=1 width=736)

table 3 : explain INSERT INTO sbtest3 (id, k, c, pad) VALUES (854623, 13, 'foobar', 'foobar')
	Insert on sbtest3  (cost=0.00..0.01 rows=1 width=736)
	  ->  Result  (cost=0.00..0.01 rows=1 width=736)

table 4 : explain INSERT INTO sbtest4 (id, k, c, pad) VALUES (521380, 13, 'foobar', 'foobar')
	Insert on sbtest4  (cost=0.00..0.01 rows=1 width=736)
	  ->  Result  (cost=0.00..0.01 rows=1 width=736)

table 5 : explain INSERT INTO sbtest5 (id, k, c, pad) VALUES (3415074, 13, 'foobar', 'foobar')
	Insert on sbtest5  (cost=0.00..0.01 rows=1 width=736)
	  ->  Result  (cost=0.00..0.01 rows=1 width=736)

table 6 : explain INSERT INTO sbtest6 (id, k, c, pad) VALUES (2695019, 13, 'foobar', 'foobar')
	Insert on sbtest6  (cost=0.00..0.01 rows=1 width=736)
	  ->  Result  (cost=0.00..0.01 rows=1 width=736)

table 7 : explain INSERT INTO sbtest7 (id, k, c, pad) VALUES (8176493, 13, 'foobar', 'foobar')
	Insert on sbtest7  (cost=0.00..0.01 rows=1 width=736)
	  ->  Result  (cost=0.00..0.01 rows=1 width=736)

table 8 : explain INSERT INTO sbtest8 (id, k, c, pad) VALUES (5226411, 13, 'foobar', 'foobar')
	Insert on sbtest8  (cost=0.00..0.01 rows=1 width=736)
	  ->  Result  (cost=0.00..0.01 rows=1 width=736)

for deletes
table 1 : explain DELETE FROM sbtest1 WHERE id=9482732
	Delete on sbtest1  (cost=0.43..8.45 rows=1 width=6)
	  ->  Index Scan using sbtest1_pkey on sbtest1  (cost=0.43..8.45 rows=1 width=6)
	        Index Cond: (id = 9482732)

table 2 : explain DELETE FROM sbtest2 WHERE id=6249892
	Delete on sbtest2  (cost=0.43..8.45 rows=1 width=6)
	  ->  Index Scan using sbtest2_pkey on sbtest2  (cost=0.43..8.45 rows=1 width=6)
	        Index Cond: (id = 6249892)

table 3 : explain DELETE FROM sbtest3 WHERE id=201377
	Delete on sbtest3  (cost=0.43..8.45 rows=1 width=6)
	  ->  Index Scan using sbtest3_pkey on sbtest3  (cost=0.43..8.45 rows=1 width=6)
	        Index Cond: (id = 201377)

table 4 : explain DELETE FROM sbtest4 WHERE id=2521752
	Delete on sbtest4  (cost=0.43..8.45 rows=1 width=6)
	  ->  Index Scan using sbtest4_pkey on sbtest4  (cost=0.43..8.45 rows=1 width=6)
	        Index Cond: (id = 2521752)

table 5 : explain DELETE FROM sbtest5 WHERE id=4409644
	Delete on sbtest5  (cost=0.43..8.45 rows=1 width=6)
	  ->  Index Scan using sbtest5_pkey on sbtest5  (cost=0.43..8.45 rows=1 width=6)
	        Index Cond: (id = 4409644)

table 6 : explain DELETE FROM sbtest6 WHERE id=1771751
	Delete on sbtest6  (cost=0.43..8.45 rows=1 width=6)
	  ->  Index Scan using sbtest6_pkey on sbtest6  (cost=0.43..8.45 rows=1 width=6)
	        Index Cond: (id = 1771751)

table 7 : explain DELETE FROM sbtest7 WHERE id=4254481
	Delete on sbtest7  (cost=0.43..8.45 rows=1 width=6)
	  ->  Index Scan using sbtest7_pkey on sbtest7  (cost=0.43..8.45 rows=1 width=6)
	        Index Cond: (id = 4254481)

table 8 : explain DELETE FROM sbtest8 WHERE id=6074884
	Delete on sbtest8  (cost=0.43..8.45 rows=1 width=6)
	  ->  Index Scan using sbtest8_pkey on sbtest8  (cost=0.43..8.45 rows=1 width=6)
	        Index Cond: (id = 6074884)

for: simple_ranges
table 1 : explain SELECT c FROM sbtest1 WHERE id BETWEEN 1013074 AND 1013083
	Index Scan using sbtest1_pkey on sbtest1  (cost=0.43..42.71 rows=11 width=121)
	  Index Cond: ((id >= 1013074) AND (id <= 1013083))

table 2 : explain SELECT c FROM sbtest2 WHERE id BETWEEN 1333041 AND 1333050
	Index Scan using sbtest2_pkey on sbtest2  (cost=0.43..42.59 rows=11 width=121)
	  Index Cond: ((id >= 1333041) AND (id <= 1333050))

table 3 : explain SELECT c FROM sbtest3 WHERE id BETWEEN 9655469 AND 9655478
	Index Scan using sbtest3_pkey on sbtest3  (cost=0.43..39.13 rows=10 width=121)
	  Index Cond: ((id >= 9655469) AND (id <= 9655478))

table 4 : explain SELECT c FROM sbtest4 WHERE id BETWEEN 9118636 AND 9118645
	Index Scan using sbtest4_pkey on sbtest4  (cost=0.43..42.21 rows=11 width=121)
	  Index Cond: ((id >= 9118636) AND (id <= 9118645))

table 5 : explain SELECT c FROM sbtest5 WHERE id BETWEEN 9460244 AND 9460253
	Index Scan using sbtest5_pkey on sbtest5  (cost=0.43..38.71 rows=10 width=121)
	  Index Cond: ((id >= 9460244) AND (id <= 9460253))

table 6 : explain SELECT c FROM sbtest6 WHERE id BETWEEN 8080684 AND 8080693
	Index Scan using sbtest6_pkey on sbtest6  (cost=0.43..42.02 rows=11 width=121)
	  Index Cond: ((id >= 8080684) AND (id <= 8080693))

table 7 : explain SELECT c FROM sbtest7 WHERE id BETWEEN 5836580 AND 5836589
	Index Scan using sbtest7_pkey on sbtest7  (cost=0.43..38.82 rows=10 width=121)
	  Index Cond: ((id >= 5836580) AND (id <= 5836589))

table 8 : explain SELECT c FROM sbtest8 WHERE id BETWEEN 7421873 AND 7421882
	Index Scan using sbtest8_pkey on sbtest8  (cost=0.43..38.69 rows=10 width=121)
	  Index Cond: ((id >= 7421873) AND (id <= 7421882))

explain: for inserts :: explain INSERT INTO sbtest%u (id, k, c, pad) VALUES (%u, 13, 'foobar', 'foobar')
for: simple_ranges
table 1 : explain SELECT c FROM sbtest1 WHERE id BETWEEN 9302286 AND 9302295
	Index Scan using sbtest1_pkey on sbtest1  (cost=0.43..39.28 rows=10 width=121)
	  Index Cond: ((id >= 9302286) AND (id <= 9302295))

table 2 : explain SELECT c FROM sbtest2 WHERE id BETWEEN 4642534 AND 4642543
	Index Scan using sbtest2_pkey on sbtest2  (cost=0.43..39.18 rows=10 width=121)
	  Index Cond: ((id >= 4642534) AND (id <= 4642543))

table 3 : explain SELECT c FROM sbtest3 WHERE id BETWEEN 3301805 AND 3301814
	Index Scan using sbtest3_pkey on sbtest3  (cost=0.43..39.13 rows=10 width=121)
	  Index Cond: ((id >= 3301805) AND (id <= 3301814))

table 4 : explain SELECT c FROM sbtest4 WHERE id BETWEEN 2544734 AND 2544743
	Index Scan using sbtest4_pkey on sbtest4  (cost=0.43..42.21 rows=11 width=121)
	  Index Cond: ((id >= 2544734) AND (id <= 2544743))

table 5 : explain SELECT c FROM sbtest5 WHERE id BETWEEN 2584773 AND 2584782
	Index Scan using sbtest5_pkey on sbtest5  (cost=0.43..38.71 rows=10 width=121)
	  Index Cond: ((id >= 2584773) AND (id <= 2584782))

table 6 : explain SELECT c FROM sbtest6 WHERE id BETWEEN 6410894 AND 6410903
	Index Scan using sbtest6_pkey on sbtest6  (cost=0.43..38.66 rows=10 width=121)
	  Index Cond: ((id >= 6410894) AND (id <= 6410903))

table 7 : explain SELECT c FROM sbtest7 WHERE id BETWEEN 7141245 AND 7141254
	Index Scan using sbtest7_pkey on sbtest7  (cost=0.43..42.19 rows=11 width=121)
	  Index Cond: ((id >= 7141245) AND (id <= 7141254))

table 8 : explain SELECT c FROM sbtest8 WHERE id BETWEEN 5074509 AND 5074518
	Index Scan using sbtest8_pkey on sbtest8  (cost=0.43..35.33 rows=9 width=121)
	  Index Cond: ((id >= 5074509) AND (id <= 5074518))

for: distinct_ranges
table 1 : explain SELECT DISTINCT c FROM sbtest1 WHERE id BETWEEN 7635147 AND 7635156 ORDER BY c
	Unique  (cost=36.00..36.04 rows=9 width=121)
	  ->  Sort  (cost=36.00..36.02 rows=9 width=121)
	        Sort Key: c
	        ->  Index Scan using sbtest1_pkey on sbtest1  (cost=0.43..35.86 rows=9 width=121)
	              Index Cond: ((id >= 7635147) AND (id <= 7635156))

table 2 : explain SELECT DISTINCT c FROM sbtest2 WHERE id BETWEEN 9534822 AND 9534831 ORDER BY c
	Unique  (cost=42.78..42.84 rows=11 width=121)
	  ->  Sort  (cost=42.78..42.81 rows=11 width=121)
	        Sort Key: c
	        ->  Index Scan using sbtest2_pkey on sbtest2  (cost=0.43..42.59 rows=11 width=121)
	              Index Cond: ((id >= 9534822) AND (id <= 9534831))

table 3 : explain SELECT DISTINCT c FROM sbtest3 WHERE id BETWEEN 2921002 AND 2921011 ORDER BY c
	Unique  (cost=39.29..39.34 rows=10 width=121)
	  ->  Sort  (cost=39.29..39.32 rows=10 width=121)
	        Sort Key: c
	        ->  Index Scan using sbtest3_pkey on sbtest3  (cost=0.43..39.13 rows=10 width=121)
	              Index Cond: ((id >= 2921002) AND (id <= 2921011))

table 4 : explain SELECT DISTINCT c FROM sbtest4 WHERE id BETWEEN 1803842 AND 1803851 ORDER BY c
	Unique  (cost=39.00..39.05 rows=10 width=121)
	  ->  Sort  (cost=39.00..39.02 rows=10 width=121)
	        Sort Key: c
	        ->  Index Scan using sbtest4_pkey on sbtest4  (cost=0.43..38.83 rows=10 width=121)
	              Index Cond: ((id >= 1803842) AND (id <= 1803851))

table 5 : explain SELECT DISTINCT c FROM sbtest5 WHERE id BETWEEN 9080446 AND 9080455 ORDER BY c
	Unique  (cost=38.87..38.92 rows=10 width=121)
	  ->  Sort  (cost=38.87..38.90 rows=10 width=121)
	        Sort Key: c
	        ->  Index Scan using sbtest5_pkey on sbtest5  (cost=0.43..38.71 rows=10 width=121)
	              Index Cond: ((id >= 9080446) AND (id <= 9080455))

table 6 : explain SELECT DISTINCT c FROM sbtest6 WHERE id BETWEEN 5825377 AND 5825386 ORDER BY c
	Unique  (cost=38.83..38.88 rows=10 width=121)
	  ->  Sort  (cost=38.83..38.85 rows=10 width=121)
	        Sort Key: c
	        ->  Index Scan using sbtest6_pkey on sbtest6  (cost=0.43..38.66 rows=10 width=121)
	              Index Cond: ((id >= 5825377) AND (id <= 5825386))

table 7 : explain SELECT DISTINCT c FROM sbtest7 WHERE id BETWEEN 7043733 AND 7043742 ORDER BY c
	Unique  (cost=42.38..42.44 rows=11 width=121)
	  ->  Sort  (cost=42.38..42.41 rows=11 width=121)
	        Sort Key: c
	        ->  Index Scan using sbtest7_pkey on sbtest7  (cost=0.43..42.19 rows=11 width=121)
	              Index Cond: ((id >= 7043733) AND (id <= 7043742))

table 8 : explain SELECT DISTINCT c FROM sbtest8 WHERE id BETWEEN 7971779 AND 7971788 ORDER BY c
	Unique  (cost=45.62..45.68 rows=12 width=121)
	  ->  Sort  (cost=45.62..45.65 rows=12 width=121)
	        Sort Key: c
	        ->  Index Scan using sbtest8_pkey on sbtest8  (cost=0.43..45.40 rows=12 width=121)
	              Index Cond: ((id >= 7971779) AND (id <= 7971788))

for non_index_updates
table 1 : explain UPDATE sbtest1 SET c='foobar' WHERE id=6537902
	Update on sbtest1  (cost=0.43..8.45 rows=1 width=559)
	  ->  Index Scan using sbtest1_pkey on sbtest1  (cost=0.43..8.45 rows=1 width=559)
	        Index Cond: (id = 6537902)

table 2 : explain UPDATE sbtest2 SET c='foobar' WHERE id=7618559
	Update on sbtest2  (cost=0.43..8.45 rows=1 width=559)
	  ->  Index Scan using sbtest2_pkey on sbtest2  (cost=0.43..8.45 rows=1 width=559)
	        Index Cond: (id = 7618559)

table 3 : explain UPDATE sbtest3 SET c='foobar' WHERE id=584012
	Update on sbtest3  (cost=0.43..8.45 rows=1 width=559)
	  ->  Index Scan using sbtest3_pkey on sbtest3  (cost=0.43..8.45 rows=1 width=559)
	        Index Cond: (id = 584012)

table 4 : explain UPDATE sbtest4 SET c='foobar' WHERE id=8287978
	Update on sbtest4  (cost=0.43..8.45 rows=1 width=559)
	  ->  Index Scan using sbtest4_pkey on sbtest4  (cost=0.43..8.45 rows=1 width=559)
	        Index Cond: (id = 8287978)

table 5 : explain UPDATE sbtest5 SET c='foobar' WHERE id=6090471
	Update on sbtest5  (cost=0.43..8.45 rows=1 width=559)
	  ->  Index Scan using sbtest5_pkey on sbtest5  (cost=0.43..8.45 rows=1 width=559)
	        Index Cond: (id = 6090471)

table 6 : explain UPDATE sbtest6 SET c='foobar' WHERE id=5525830
	Update on sbtest6  (cost=0.43..8.45 rows=1 width=559)
	  ->  Index Scan using sbtest6_pkey on sbtest6  (cost=0.43..8.45 rows=1 width=559)
	        Index Cond: (id = 5525830)

table 7 : explain UPDATE sbtest7 SET c='foobar' WHERE id=1914686
	Update on sbtest7  (cost=0.43..8.45 rows=1 width=559)
	  ->  Index Scan using sbtest7_pkey on sbtest7  (cost=0.43..8.45 rows=1 width=559)
	        Index Cond: (id = 1914686)

table 8 : explain UPDATE sbtest8 SET c='foobar' WHERE id=4029262
	Update on sbtest8  (cost=0.43..8.45 rows=1 width=559)
	  ->  Index Scan using sbtest8_pkey on sbtest8  (cost=0.43..8.45 rows=1 width=559)
	        Index Cond: (id = 4029262)

for: distinct_ranges
table 1 : explain SELECT DISTINCT c FROM sbtest1 WHERE id BETWEEN 813057 AND 813066 ORDER BY c
	Unique  (cost=39.45..39.50 rows=10 width=121)
	  ->  Sort  (cost=39.45..39.47 rows=10 width=121)
	        Sort Key: c
	        ->  Index Scan using sbtest1_pkey on sbtest1  (cost=0.43..39.28 rows=10 width=121)
	              Index Cond: ((id >= 813057) AND (id <= 813066))

table 2 : explain SELECT DISTINCT c FROM sbtest2 WHERE id BETWEEN 5071803 AND 5071812 ORDER BY c
	Unique  (cost=39.34..39.39 rows=10 width=121)
	  ->  Sort  (cost=39.34..39.37 rows=10 width=121)
	        Sort Key: c
	        ->  Index Scan using sbtest2_pkey on sbtest2  (cost=0.43..39.18 rows=10 width=121)
	              Index Cond: ((id >= 5071803) AND (id <= 5071812))

table 3 : explain SELECT DISTINCT c FROM sbtest3 WHERE id BETWEEN 6830600 AND 6830609 ORDER BY c
	Unique  (cost=39.29..39.34 rows=10 width=121)
	  ->  Sort  (cost=39.29..39.32 rows=10 width=121)
	        Sort Key: c
	        ->  Index Scan using sbtest3_pkey on sbtest3  (cost=0.43..39.13 rows=10 width=121)
	              Index Cond: ((id >= 6830600) AND (id <= 6830609))

table 4 : explain SELECT DISTINCT c FROM sbtest4 WHERE id BETWEEN 1263966 AND 1263975 ORDER BY c
	Unique  (cost=39.00..39.05 rows=10 width=121)
	  ->  Sort  (cost=39.00..39.02 rows=10 width=121)
	        Sort Key: c
	        ->  Index Scan using sbtest4_pkey on sbtest4  (cost=0.43..38.83 rows=10 width=121)
	              Index Cond: ((id >= 1263966) AND (id <= 1263975))

table 5 : explain SELECT DISTINCT c FROM sbtest5 WHERE id BETWEEN 5019481 AND 5019490 ORDER BY c
	Unique  (cost=35.49..35.53 rows=9 width=121)
	  ->  Sort  (cost=35.49..35.51 rows=9 width=121)
	        Sort Key: c
	        ->  Index Scan using sbtest5_pkey on sbtest5  (cost=0.43..35.35 rows=9 width=121)
	              Index Cond: ((id >= 5019481) AND (id <= 5019490))

table 6 : explain SELECT DISTINCT c FROM sbtest6 WHERE id BETWEEN 929713 AND 929722 ORDER BY c
	Unique  (cost=38.83..38.88 rows=10 width=121)
	  ->  Sort  (cost=38.83..38.85 rows=10 width=121)
	        Sort Key: c
	        ->  Index Scan using sbtest6_pkey on sbtest6  (cost=0.43..38.66 rows=10 width=121)
	              Index Cond: ((id >= 929713) AND (id <= 929722))

table 7 : explain SELECT DISTINCT c FROM sbtest7 WHERE id BETWEEN 4567989 AND 4567998 ORDER BY c
	Unique  (cost=35.59..35.63 rows=9 width=121)
	  ->  Sort  (cost=35.59..35.61 rows=9 width=121)
	        Sort Key: c
	        ->  Index Scan using sbtest7_pkey on sbtest7  (cost=0.43..35.45 rows=9 width=121)
	              Index Cond: ((id >= 4567989) AND (id <= 4567998))

table 8 : explain SELECT DISTINCT c FROM sbtest8 WHERE id BETWEEN 3608488 AND 3608497 ORDER BY c
	Unique  (cost=38.85..38.90 rows=10 width=121)
	  ->  Sort  (cost=38.85..38.88 rows=10 width=121)
	        Sort Key: c
	        ->  Index Scan using sbtest8_pkey on sbtest8  (cost=0.43..38.69 rows=10 width=121)
	              Index Cond: ((id >= 3608488) AND (id <= 3608497))

explain: for inserts :: explain INSERT INTO sbtest%u (id, k, c, pad) VALUES (%u, 13, 'foobar', 'foobar')
explain: for index_updates :: explain UPDATE sbtest%u SET k=k+1 WHERE id=%u
explain: for deletes :: explain DELETE FROM sbtest%u WHERE id=%u
explain: for index_updates :: explain UPDATE sbtest%u SET k=k+1 WHERE id=%u
explain: for index_updates :: explain UPDATE sbtest%u SET k=k+1 WHERE id=%u
for inserts
table 1 : explain INSERT INTO sbtest1 (id, k, c, pad) VALUES (3537803, 13, 'foobar', 'foobar')
	Insert on sbtest1  (cost=0.00..0.01 rows=1 width=736)
	  ->  Result  (cost=0.00..0.01 rows=1 width=736)

table 2 : explain INSERT INTO sbtest2 (id, k, c, pad) VALUES (6239393, 13, 'foobar', 'foobar')
	Insert on sbtest2  (cost=0.00..0.01 rows=1 width=736)
	  ->  Result  (cost=0.00..0.01 rows=1 width=736)

table 3 : explain INSERT INTO sbtest3 (id, k, c, pad) VALUES (1377890, 13, 'foobar', 'foobar')
	Insert on sbtest3  (cost=0.00..0.01 rows=1 width=736)
	  ->  Result  (cost=0.00..0.01 rows=1 width=736)

table 4 : explain INSERT INTO sbtest4 (id, k, c, pad) VALUES (6996078, 13, 'foobar', 'foobar')
	Insert on sbtest4  (cost=0.00..0.01 rows=1 width=736)
	  ->  Result  (cost=0.00..0.01 rows=1 width=736)

table 5 : explain INSERT INTO sbtest5 (id, k, c, pad) VALUES (1545910, 13, 'foobar', 'foobar')
	Insert on sbtest5  (cost=0.00..0.01 rows=1 width=736)
	  ->  Result  (cost=0.00..0.01 rows=1 width=736)

table 6 : explain INSERT INTO sbtest6 (id, k, c, pad) VALUES (3521509, 13, 'foobar', 'foobar')
	Insert on sbtest6  (cost=0.00..0.01 rows=1 width=736)
	  ->  Result  (cost=0.00..0.01 rows=1 width=736)

table 7 : explain INSERT INTO sbtest7 (id, k, c, pad) VALUES (5443870, 13, 'foobar', 'foobar')
	Insert on sbtest7  (cost=0.00..0.01 rows=1 width=736)
	  ->  Result  (cost=0.00..0.01 rows=1 width=736)

table 8 : explain INSERT INTO sbtest8 (id, k, c, pad) VALUES (9159304, 13, 'foobar', 'foobar')
	Insert on sbtest8  (cost=0.00..0.01 rows=1 width=736)
	  ->  Result  (cost=0.00..0.01 rows=1 width=736)

for: sum_ranges
table 1 : explain SELECT SUM(k) FROM sbtest1 WHERE id BETWEEN 4082797 AND 4082806
	Aggregate  (cost=39.31..39.32 rows=1 width=8)
	  ->  Index Scan using sbtest1_pkey on sbtest1  (cost=0.43..39.28 rows=10 width=4)
	        Index Cond: ((id >= 4082797) AND (id <= 4082806))

table 2 : explain SELECT SUM(k) FROM sbtest2 WHERE id BETWEEN 3428588 AND 3428597
	Aggregate  (cost=42.62..42.63 rows=1 width=8)
	  ->  Index Scan using sbtest2_pkey on sbtest2  (cost=0.43..42.59 rows=11 width=4)
	        Index Cond: ((id >= 3428588) AND (id <= 3428597))

table 3 : explain SELECT SUM(k) FROM sbtest3 WHERE id BETWEEN 9725443 AND 9725452
	Aggregate  (cost=39.15..39.16 rows=1 width=8)
	  ->  Index Scan using sbtest3_pkey on sbtest3  (cost=0.43..39.13 rows=10 width=4)
	        Index Cond: ((id >= 9725443) AND (id <= 9725452))

table 4 : explain SELECT SUM(k) FROM sbtest4 WHERE id BETWEEN 3948839 AND 3948848
	Aggregate  (cost=38.86..38.87 rows=1 width=8)
	  ->  Index Scan using sbtest4_pkey on sbtest4  (cost=0.43..38.83 rows=10 width=4)
	        Index Cond: ((id >= 3948839) AND (id <= 3948848))

table 5 : explain SELECT SUM(k) FROM sbtest5 WHERE id BETWEEN 8476472 AND 8476481
	Aggregate  (cost=42.10..42.11 rows=1 width=8)
	  ->  Index Scan using sbtest5_pkey on sbtest5  (cost=0.43..42.07 rows=11 width=4)
	        Index Cond: ((id >= 8476472) AND (id <= 8476481))

table 6 : explain SELECT SUM(k) FROM sbtest6 WHERE id BETWEEN 9864085 AND 9864094
	Aggregate  (cost=38.69..38.70 rows=1 width=8)
	  ->  Index Scan using sbtest6_pkey on sbtest6  (cost=0.43..38.66 rows=10 width=4)
	        Index Cond: ((id >= 9864085) AND (id <= 9864094))

table 7 : explain SELECT SUM(k) FROM sbtest7 WHERE id BETWEEN 3168795 AND 3168804
	Aggregate  (cost=35.47..35.48 rows=1 width=8)
	  ->  Index Scan using sbtest7_pkey on sbtest7  (cost=0.43..35.45 rows=9 width=4)
	        Index Cond: ((id >= 3168795) AND (id <= 3168804))

table 8 : explain SELECT SUM(k) FROM sbtest8 WHERE id BETWEEN 7988120 AND 7988129
	Aggregate  (cost=45.43..45.44 rows=1 width=8)
	  ->  Index Scan using sbtest8_pkey on sbtest8  (cost=0.43..45.40 rows=12 width=4)
	        Index Cond: ((id >= 7988120) AND (id <= 7988129))

for deletes
table 1 : explain DELETE FROM sbtest1 WHERE id=3063711
	Delete on sbtest1  (cost=0.43..8.45 rows=1 width=6)
	  ->  Index Scan using sbtest1_pkey on sbtest1  (cost=0.43..8.45 rows=1 width=6)
	        Index Cond: (id = 3063711)

table 2 : explain DELETE FROM sbtest2 WHERE id=1081375
	Delete on sbtest2  (cost=0.43..8.45 rows=1 width=6)
	  ->  Index Scan using sbtest2_pkey on sbtest2  (cost=0.43..8.45 rows=1 width=6)
	        Index Cond: (id = 1081375)

table 3 : explain DELETE FROM sbtest3 WHERE id=9553437
	Delete on sbtest3  (cost=0.43..8.45 rows=1 width=6)
	  ->  Index Scan using sbtest3_pkey on sbtest3  (cost=0.43..8.45 rows=1 width=6)
	        Index Cond: (id = 9553437)

table 4 : explain DELETE FROM sbtest4 WHERE id=7430314
	Delete on sbtest4  (cost=0.43..8.45 rows=1 width=6)
	  ->  Index Scan using sbtest4_pkey on sbtest4  (cost=0.43..8.45 rows=1 width=6)
	        Index Cond: (id = 7430314)

table 5 : explain DELETE FROM sbtest5 WHERE id=9762155
	Delete on sbtest5  (cost=0.43..8.45 rows=1 width=6)
	  ->  Index Scan using sbtest5_pkey on sbtest5  (cost=0.43..8.45 rows=1 width=6)
	        Index Cond: (id = 9762155)

table 6 : explain DELETE FROM sbtest6 WHERE id=8493629
	Delete on sbtest6  (cost=0.43..8.45 rows=1 width=6)
	  ->  Index Scan using sbtest6_pkey on sbtest6  (cost=0.43..8.45 rows=1 width=6)
	        Index Cond: (id = 8493629)

table 7 : explain DELETE FROM sbtest7 WHERE id=7889845
	Delete on sbtest7  (cost=0.43..8.45 rows=1 width=6)
	  ->  Index Scan using sbtest7_pkey on sbtest7  (cost=0.43..8.45 rows=1 width=6)
	        Index Cond: (id = 7889845)

table 8 : explain DELETE FROM sbtest8 WHERE id=7898839
	Delete on sbtest8  (cost=0.43..8.45 rows=1 width=6)
	  ->  Index Scan using sbtest8_pkey on sbtest8  (cost=0.43..8.45 rows=1 width=6)
	        Index Cond: (id = 7898839)

explain: for inserts :: explain INSERT INTO sbtest%u (id, k, c, pad) VALUES (%u, 13, 'foobar', 'foobar')
for: distinct_ranges
table 1 : explain SELECT DISTINCT c FROM sbtest1 WHERE id BETWEEN 3576205 AND 3576214 ORDER BY c
	Unique  (cost=42.90..42.95 rows=11 width=121)
	  ->  Sort  (cost=42.90..42.92 rows=11 width=121)
	        Sort Key: c
	        ->  Index Scan using sbtest1_pkey on sbtest1  (cost=0.43..42.71 rows=11 width=121)
	              Index Cond: ((id >= 3576205) AND (id <= 3576214))

table 2 : explain SELECT DISTINCT c FROM sbtest2 WHERE id BETWEEN 1035119 AND 1035128 ORDER BY c
	Unique  (cost=39.34..39.39 rows=10 width=121)
	  ->  Sort  (cost=39.34..39.37 rows=10 width=121)
	        Sort Key: c
	        ->  Index Scan using sbtest2_pkey on sbtest2  (cost=0.43..39.18 rows=10 width=121)
	              Index Cond: ((id >= 1035119) AND (id <= 1035128))

table 3 : explain SELECT DISTINCT c FROM sbtest3 WHERE id BETWEEN 5794773 AND 5794782 ORDER BY c
	Unique  (cost=39.29..39.34 rows=10 width=121)
	  ->  Sort  (cost=39.29..39.32 rows=10 width=121)
	        Sort Key: c
	        ->  Index Scan using sbtest3_pkey on sbtest3  (cost=0.43..39.13 rows=10 width=121)
	              Index Cond: ((id >= 5794773) AND (id <= 5794782))

table 4 : explain SELECT DISTINCT c FROM sbtest4 WHERE id BETWEEN 5869690 AND 5869699 ORDER BY c
	Unique  (cost=39.00..39.05 rows=10 width=121)
	  ->  Sort  (cost=39.00..39.02 rows=10 width=121)
	        Sort Key: c
	        ->  Index Scan using sbtest4_pkey on sbtest4  (cost=0.43..38.83 rows=10 width=121)
	              Index Cond: ((id >= 5869690) AND (id <= 5869699))

table 5 : explain SELECT DISTINCT c FROM sbtest5 WHERE id BETWEEN 3803182 AND 3803191 ORDER BY c
	Unique  (cost=42.26..42.31 rows=11 width=121)
	  ->  Sort  (cost=42.26..42.29 rows=11 width=121)
	        Sort Key: c
	        ->  Index Scan using sbtest5_pkey on sbtest5  (cost=0.43..42.07 rows=11 width=121)
	              Index Cond: ((id >= 3803182) AND (id <= 3803191))

table 6 : explain SELECT DISTINCT c FROM sbtest6 WHERE id BETWEEN 5223641 AND 5223650 ORDER BY c
	Unique  (cost=42.21..42.26 rows=11 width=121)
	  ->  Sort  (cost=42.21..42.24 rows=11 width=121)
	        Sort Key: c
	        ->  Index Scan using sbtest6_pkey on sbtest6  (cost=0.43..42.02 rows=11 width=121)
	              Index Cond: ((id >= 5223641) AND (id <= 5223650))

table 7 : explain SELECT DISTINCT c FROM sbtest7 WHERE id BETWEEN 7479286 AND 7479295 ORDER BY c
	Unique  (cost=38.99..39.04 rows=10 width=121)
	  ->  Sort  (cost=38.99..39.01 rows=10 width=121)
	        Sort Key: c
	        ->  Index Scan using sbtest7_pkey on sbtest7  (cost=0.43..38.82 rows=10 width=121)
	              Index Cond: ((id >= 7479286) AND (id <= 7479295))

table 8 : explain SELECT DISTINCT c FROM sbtest8 WHERE id BETWEEN 5580230 AND 5580239 ORDER BY c
	Unique  (cost=42.24..42.29 rows=11 width=121)
	  ->  Sort  (cost=42.24..42.26 rows=11 width=121)
	        Sort Key: c
	        ->  Index Scan using sbtest8_pkey on sbtest8  (cost=0.43..42.04 rows=11 width=121)
	              Index Cond: ((id >= 5580230) AND (id <= 5580239))

for: sum_ranges
table 1 : explain SELECT SUM(k) FROM sbtest1 WHERE id BETWEEN 9936509 AND 9936518
	Aggregate  (cost=39.31..39.32 rows=1 width=8)
	  ->  Index Scan using sbtest1_pkey on sbtest1  (cost=0.43..39.28 rows=10 width=4)
	        Index Cond: ((id >= 9936509) AND (id <= 9936518))

table 2 : explain SELECT SUM(k) FROM sbtest2 WHERE id BETWEEN 6196101 AND 6196110
	Aggregate  (cost=42.62..42.63 rows=1 width=8)
	  ->  Index Scan using sbtest2_pkey on sbtest2  (cost=0.43..42.59 rows=11 width=4)
	        Index Cond: ((id >= 6196101) AND (id <= 6196110))

table 3 : explain SELECT SUM(k) FROM sbtest3 WHERE id BETWEEN 6606829 AND 6606838
	Aggregate  (cost=39.15..39.16 rows=1 width=8)
	  ->  Index Scan using sbtest3_pkey on sbtest3  (cost=0.43..39.13 rows=10 width=4)
	        Index Cond: ((id >= 6606829) AND (id <= 6606838))

table 4 : explain SELECT SUM(k) FROM sbtest4 WHERE id BETWEEN 8288343 AND 8288352
	Aggregate  (cost=38.86..38.87 rows=1 width=8)
	  ->  Index Scan using sbtest4_pkey on sbtest4  (cost=0.43..38.83 rows=10 width=4)
	        Index Cond: ((id >= 8288343) AND (id <= 8288352))

table 5 : explain SELECT SUM(k) FROM sbtest5 WHERE id BETWEEN 8712985 AND 8712994
	Aggregate  (cost=38.73..38.74 rows=1 width=8)
	  ->  Index Scan using sbtest5_pkey on sbtest5  (cost=0.43..38.71 rows=10 width=4)
	        Index Cond: ((id >= 8712985) AND (id <= 8712994))

table 6 : explain SELECT SUM(k) FROM sbtest6 WHERE id BETWEEN 9262483 AND 9262492
	Aggregate  (cost=38.69..38.70 rows=1 width=8)
	  ->  Index Scan using sbtest6_pkey on sbtest6  (cost=0.43..38.66 rows=10 width=4)
	        Index Cond: ((id >= 9262483) AND (id <= 9262492))

table 7 : explain SELECT SUM(k) FROM sbtest7 WHERE id BETWEEN 7171622 AND 7171631
	Aggregate  (cost=42.22..42.23 rows=1 width=8)
	  ->  Index Scan using sbtest7_pkey on sbtest7  (cost=0.43..42.19 rows=11 width=4)
	        Index Cond: ((id >= 7171622) AND (id <= 7171631))

table 8 : explain SELECT SUM(k) FROM sbtest8 WHERE id BETWEEN 4565297 AND 4565306
	Aggregate  (cost=42.07..42.08 rows=1 width=8)
	  ->  Index Scan using sbtest8_pkey on sbtest8  (cost=0.43..42.04 rows=11 width=4)
	        Index Cond: ((id >= 4565297) AND (id <= 4565306))

for inserts
table 1 : explain INSERT INTO sbtest1 (id, k, c, pad) VALUES (5902869, 13, 'foobar', 'foobar')
	Insert on sbtest1  (cost=0.00..0.01 rows=1 width=736)
	  ->  Result  (cost=0.00..0.01 rows=1 width=736)

table 2 : explain INSERT INTO sbtest2 (id, k, c, pad) VALUES (5508044, 13, 'foobar', 'foobar')
	Insert on sbtest2  (cost=0.00..0.01 rows=1 width=736)
	  ->  Result  (cost=0.00..0.01 rows=1 width=736)

table 3 : explain INSERT INTO sbtest3 (id, k, c, pad) VALUES (7424721, 13, 'foobar', 'foobar')
	Insert on sbtest3  (cost=0.00..0.01 rows=1 width=736)
	  ->  Result  (cost=0.00..0.01 rows=1 width=736)

table 4 : explain INSERT INTO sbtest4 (id, k, c, pad) VALUES (5183834, 13, 'foobar', 'foobar')
	Insert on sbtest4  (cost=0.00..0.01 rows=1 width=736)
	  ->  Result  (cost=0.00..0.01 rows=1 width=736)

table 5 : explain INSERT INTO sbtest5 (id, k, c, pad) VALUES (8242844, 13, 'foobar', 'foobar')
	Insert on sbtest5  (cost=0.00..0.01 rows=1 width=736)
	  ->  Result  (cost=0.00..0.01 rows=1 width=736)

table 6 : explain INSERT INTO sbtest6 (id, k, c, pad) VALUES (6915619, 13, 'foobar', 'foobar')
	Insert on sbtest6  (cost=0.00..0.01 rows=1 width=736)
	  ->  Result  (cost=0.00..0.01 rows=1 width=736)

table 7 : explain INSERT INTO sbtest7 (id, k, c, pad) VALUES (3998159, 13, 'foobar', 'foobar')
	Insert on sbtest7  (cost=0.00..0.01 rows=1 width=736)
	  ->  Result  (cost=0.00..0.01 rows=1 width=736)

table 8 : explain INSERT INTO sbtest8 (id, k, c, pad) VALUES (9287410, 13, 'foobar', 'foobar')
	Insert on sbtest8  (cost=0.00..0.01 rows=1 width=736)
	  ->  Result  (cost=0.00..0.01 rows=1 width=736)

explain: for inserts :: explain INSERT INTO sbtest%u (id, k, c, pad) VALUES (%u, 13, 'foobar', 'foobar')
explain: for index_updates :: explain UPDATE sbtest%u SET k=k+1 WHERE id=%u
for index_updates
table 1 : explain UPDATE sbtest1 SET k=k+1 WHERE id=1401144
	Update on sbtest1  (cost=0.43..8.46 rows=1 width=196)
	  ->  Index Scan using sbtest1_pkey on sbtest1  (cost=0.43..8.46 rows=1 width=196)
	        Index Cond: (id = 1401144)

table 2 : explain UPDATE sbtest2 SET k=k+1 WHERE id=3190260
	Update on sbtest2  (cost=0.43..8.46 rows=1 width=196)
	  ->  Index Scan using sbtest2_pkey on sbtest2  (cost=0.43..8.46 rows=1 width=196)
	        Index Cond: (id = 3190260)

table 3 : explain UPDATE sbtest3 SET k=k+1 WHERE id=3440536
	Update on sbtest3  (cost=0.43..8.46 rows=1 width=196)
	  ->  Index Scan using sbtest3_pkey on sbtest3  (cost=0.43..8.46 rows=1 width=196)
	        Index Cond: (id = 3440536)

table 4 : explain UPDATE sbtest4 SET k=k+1 WHERE id=5256176
	Update on sbtest4  (cost=0.43..8.46 rows=1 width=196)
	  ->  Index Scan using sbtest4_pkey on sbtest4  (cost=0.43..8.46 rows=1 width=196)
	        Index Cond: (id = 5256176)

table 5 : explain UPDATE sbtest5 SET k=k+1 WHERE id=873229
	Update on sbtest5  (cost=0.43..8.46 rows=1 width=196)
	  ->  Index Scan using sbtest5_pkey on sbtest5  (cost=0.43..8.46 rows=1 width=196)
	        Index Cond: (id = 873229)

table 6 : explain UPDATE sbtest6 SET k=k+1 WHERE id=9246376
	Update on sbtest6  (cost=0.43..8.46 rows=1 width=196)
	  ->  Index Scan using sbtest6_pkey on sbtest6  (cost=0.43..8.46 rows=1 width=196)
	        Index Cond: (id = 9246376)

table 7 : explain UPDATE sbtest7 SET k=k+1 WHERE id=7458927
	Update on sbtest7  (cost=0.43..8.46 rows=1 width=196)
	  ->  Index Scan using sbtest7_pkey on sbtest7  (cost=0.43..8.46 rows=1 width=196)
	        Index Cond: (id = 7458927)

table 8 : explain UPDATE sbtest8 SET k=k+1 WHERE id=4068270
	Update on sbtest8  (cost=0.43..8.46 rows=1 width=196)
	  ->  Index Scan using sbtest8_pkey on sbtest8  (cost=0.43..8.46 rows=1 width=196)
	        Index Cond: (id = 4068270)

for: sum_ranges
table 1 : explain SELECT SUM(k) FROM sbtest1 WHERE id BETWEEN 5961077 AND 5961086
	Aggregate  (cost=42.73..42.74 rows=1 width=8)
	  ->  Index Scan using sbtest1_pkey on sbtest1  (cost=0.43..42.71 rows=11 width=4)
	        Index Cond: ((id >= 5961077) AND (id <= 5961086))

table 2 : explain SELECT SUM(k) FROM sbtest2 WHERE id BETWEEN 2715401 AND 2715410
	Aggregate  (cost=42.62..42.63 rows=1 width=8)
	  ->  Index Scan using sbtest2_pkey on sbtest2  (cost=0.43..42.59 rows=11 width=4)
	        Index Cond: ((id >= 2715401) AND (id <= 2715410))

table 3 : explain SELECT SUM(k) FROM sbtest3 WHERE id BETWEEN 673451 AND 673460
	Aggregate  (cost=42.56..42.57 rows=1 width=8)
	  ->  Index Scan using sbtest3_pkey on sbtest3  (cost=0.43..42.53 rows=11 width=4)
	        Index Cond: ((id >= 673451) AND (id <= 673460))

table 4 : explain SELECT SUM(k) FROM sbtest4 WHERE id BETWEEN 6655757 AND 6655766
	Aggregate  (cost=38.86..38.87 rows=1 width=8)
	  ->  Index Scan using sbtest4_pkey on sbtest4  (cost=0.43..38.83 rows=10 width=4)
	        Index Cond: ((id >= 6655757) AND (id <= 6655766))

table 5 : explain SELECT SUM(k) FROM sbtest5 WHERE id BETWEEN 428988 AND 428997
	Aggregate  (cost=38.73..38.74 rows=1 width=8)
	  ->  Index Scan using sbtest5_pkey on sbtest5  (cost=0.43..38.71 rows=10 width=4)
	        Index Cond: ((id >= 428988) AND (id <= 428997))

table 6 : explain SELECT SUM(k) FROM sbtest6 WHERE id BETWEEN 1861182 AND 1861191
	Aggregate  (cost=42.05..42.06 rows=1 width=8)
	  ->  Index Scan using sbtest6_pkey on sbtest6  (cost=0.43..42.02 rows=11 width=4)
	        Index Cond: ((id >= 1861182) AND (id <= 1861191))

table 7 : explain SELECT SUM(k) FROM sbtest7 WHERE id BETWEEN 4092093 AND 4092102
	Aggregate  (cost=38.85..38.86 rows=1 width=8)
	  ->  Index Scan using sbtest7_pkey on sbtest7  (cost=0.43..38.82 rows=10 width=4)
	        Index Cond: ((id >= 4092093) AND (id <= 4092102))

table 8 : explain SELECT SUM(k) FROM sbtest8 WHERE id BETWEEN 7479915 AND 7479924
	Aggregate  (cost=42.07..42.08 rows=1 width=8)
	  ->  Index Scan using sbtest8_pkey on sbtest8  (cost=0.43..42.04 rows=11 width=4)
	        Index Cond: ((id >= 7479915) AND (id <= 7479924))

for index_updates
table 1 : explain UPDATE sbtest1 SET k=k+1 WHERE id=4041876
	Update on sbtest1  (cost=0.43..8.46 rows=1 width=196)
	  ->  Index Scan using sbtest1_pkey on sbtest1  (cost=0.43..8.46 rows=1 width=196)
	        Index Cond: (id = 4041876)

table 2 : explain UPDATE sbtest2 SET k=k+1 WHERE id=2374623
	Update on sbtest2  (cost=0.43..8.46 rows=1 width=196)
	  ->  Index Scan using sbtest2_pkey on sbtest2  (cost=0.43..8.46 rows=1 width=196)
	        Index Cond: (id = 2374623)

table 3 : explain UPDATE sbtest3 SET k=k+1 WHERE id=3946051
	Update on sbtest3  (cost=0.43..8.46 rows=1 width=196)
	  ->  Index Scan using sbtest3_pkey on sbtest3  (cost=0.43..8.46 rows=1 width=196)
	        Index Cond: (id = 3946051)

table 4 : explain UPDATE sbtest4 SET k=k+1 WHERE id=8796320
	Update on sbtest4  (cost=0.43..8.46 rows=1 width=196)
	  ->  Index Scan using sbtest4_pkey on sbtest4  (cost=0.43..8.46 rows=1 width=196)
	        Index Cond: (id = 8796320)

table 5 : explain UPDATE sbtest5 SET k=k+1 WHERE id=3957292
	Update on sbtest5  (cost=0.43..8.46 rows=1 width=196)
	  ->  Index Scan using sbtest5_pkey on sbtest5  (cost=0.43..8.46 rows=1 width=196)
	        Index Cond: (id = 3957292)

table 6 : explain UPDATE sbtest6 SET k=k+1 WHERE id=923670
	Update on sbtest6  (cost=0.43..8.46 rows=1 width=196)
	  ->  Index Scan using sbtest6_pkey on sbtest6  (cost=0.43..8.46 rows=1 width=196)
	        Index Cond: (id = 923670)

table 7 : explain UPDATE sbtest7 SET k=k+1 WHERE id=2587972
	Update on sbtest7  (cost=0.43..8.46 rows=1 width=196)
	  ->  Index Scan using sbtest7_pkey on sbtest7  (cost=0.43..8.46 rows=1 width=196)
	        Index Cond: (id = 2587972)

table 8 : explain UPDATE sbtest8 SET k=k+1 WHERE id=4215724
	Update on sbtest8  (cost=0.43..8.46 rows=1 width=196)
	  ->  Index Scan using sbtest8_pkey on sbtest8  (cost=0.43..8.46 rows=1 width=196)
	        Index Cond: (id = 4215724)

for inserts
table 1 : explain INSERT INTO sbtest1 (id, k, c, pad) VALUES (9318621, 13, 'foobar', 'foobar')
	Insert on sbtest1  (cost=0.00..0.01 rows=1 width=736)
	  ->  Result  (cost=0.00..0.01 rows=1 width=736)

table 2 : explain INSERT INTO sbtest2 (id, k, c, pad) VALUES (4982568, 13, 'foobar', 'foobar')
	Insert on sbtest2  (cost=0.00..0.01 rows=1 width=736)
	  ->  Result  (cost=0.00..0.01 rows=1 width=736)

table 3 : explain INSERT INTO sbtest3 (id, k, c, pad) VALUES (1875032, 13, 'foobar', 'foobar')
	Insert on sbtest3  (cost=0.00..0.01 rows=1 width=736)
	  ->  Result  (cost=0.00..0.01 rows=1 width=736)

table 4 : explain INSERT INTO sbtest4 (id, k, c, pad) VALUES (5950284, 13, 'foobar', 'foobar')
	Insert on sbtest4  (cost=0.00..0.01 rows=1 width=736)
	  ->  Result  (cost=0.00..0.01 rows=1 width=736)

table 5 : explain INSERT INTO sbtest5 (id, k, c, pad) VALUES (3645309, 13, 'foobar', 'foobar')
	Insert on sbtest5  (cost=0.00..0.01 rows=1 width=736)
	  ->  Result  (cost=0.00..0.01 rows=1 width=736)

table 6 : explain INSERT INTO sbtest6 (id, k, c, pad) VALUES (1374955, 13, 'foobar', 'foobar')
	Insert on sbtest6  (cost=0.00..0.01 rows=1 width=736)
	  ->  Result  (cost=0.00..0.01 rows=1 width=736)

table 7 : explain INSERT INTO sbtest7 (id, k, c, pad) VALUES (8509081, 13, 'foobar', 'foobar')
	Insert on sbtest7  (cost=0.00..0.01 rows=1 width=736)
	  ->  Result  (cost=0.00..0.01 rows=1 width=736)

table 8 : explain INSERT INTO sbtest8 (id, k, c, pad) VALUES (6682480, 13, 'foobar', 'foobar')
	Insert on sbtest8  (cost=0.00..0.01 rows=1 width=736)
	  ->  Result  (cost=0.00..0.01 rows=1 width=736)

for inserts
table 1 : explain INSERT INTO sbtest1 (id, k, c, pad) VALUES (7651714, 13, 'foobar', 'foobar')
	Insert on sbtest1  (cost=0.00..0.01 rows=1 width=736)
	  ->  Result  (cost=0.00..0.01 rows=1 width=736)

table 2 : explain INSERT INTO sbtest2 (id, k, c, pad) VALUES (6881079, 13, 'foobar', 'foobar')
	Insert on sbtest2  (cost=0.00..0.01 rows=1 width=736)
	  ->  Result  (cost=0.00..0.01 rows=1 width=736)

table 3 : explain INSERT INTO sbtest3 (id, k, c, pad) VALUES (2798624, 13, 'foobar', 'foobar')
	Insert on sbtest3  (cost=0.00..0.01 rows=1 width=736)
	  ->  Result  (cost=0.00..0.01 rows=1 width=736)

table 4 : explain INSERT INTO sbtest4 (id, k, c, pad) VALUES (828571, 13, 'foobar', 'foobar')
	Insert on sbtest4  (cost=0.00..0.01 rows=1 width=736)
	  ->  Result  (cost=0.00..0.01 rows=1 width=736)

table 5 : explain INSERT INTO sbtest5 (id, k, c, pad) VALUES (2134434, 13, 'foobar', 'foobar')
	Insert on sbtest5  (cost=0.00..0.01 rows=1 width=736)
	  ->  Result  (cost=0.00..0.01 rows=1 width=736)

table 6 : explain INSERT INTO sbtest6 (id, k, c, pad) VALUES (3160173, 13, 'foobar', 'foobar')
	Insert on sbtest6  (cost=0.00..0.01 rows=1 width=736)
	  ->  Result  (cost=0.00..0.01 rows=1 width=736)

table 7 : explain INSERT INTO sbtest7 (id, k, c, pad) VALUES (1284999, 13, 'foobar', 'foobar')
	Insert on sbtest7  (cost=0.00..0.01 rows=1 width=736)
	  ->  Result  (cost=0.00..0.01 rows=1 width=736)

table 8 : explain INSERT INTO sbtest8 (id, k, c, pad) VALUES (3800601, 13, 'foobar', 'foobar')
	Insert on sbtest8  (cost=0.00..0.01 rows=1 width=736)
	  ->  Result  (cost=0.00..0.01 rows=1 width=736)

explain: for non_index_updates :: explain UPDATE sbtest%u SET c='foobar' WHERE id=%u
for index_updates
table 1 : explain UPDATE sbtest1 SET k=k+1 WHERE id=9549426
	Update on sbtest1  (cost=0.43..8.46 rows=1 width=196)
	  ->  Index Scan using sbtest1_pkey on sbtest1  (cost=0.43..8.46 rows=1 width=196)
	        Index Cond: (id = 9549426)

table 2 : explain UPDATE sbtest2 SET k=k+1 WHERE id=7743962
	Update on sbtest2  (cost=0.43..8.46 rows=1 width=196)
	  ->  Index Scan using sbtest2_pkey on sbtest2  (cost=0.43..8.46 rows=1 width=196)
	        Index Cond: (id = 7743962)

table 3 : explain UPDATE sbtest3 SET k=k+1 WHERE id=849171
	Update on sbtest3  (cost=0.43..8.46 rows=1 width=196)
	  ->  Index Scan using sbtest3_pkey on sbtest3  (cost=0.43..8.46 rows=1 width=196)
	        Index Cond: (id = 849171)

table 4 : explain UPDATE sbtest4 SET k=k+1 WHERE id=7805536
	Update on sbtest4  (cost=0.43..8.46 rows=1 width=196)
	  ->  Index Scan using sbtest4_pkey on sbtest4  (cost=0.43..8.46 rows=1 width=196)
	        Index Cond: (id = 7805536)

table 5 : explain UPDATE sbtest5 SET k=k+1 WHERE id=9649778
	Update on sbtest5  (cost=0.43..8.46 rows=1 width=196)
	  ->  Index Scan using sbtest5_pkey on sbtest5  (cost=0.43..8.46 rows=1 width=196)
	        Index Cond: (id = 9649778)

table 6 : explain UPDATE sbtest6 SET k=k+1 WHERE id=5488649
	Update on sbtest6  (cost=0.43..8.46 rows=1 width=196)
	  ->  Index Scan using sbtest6_pkey on sbtest6  (cost=0.43..8.46 rows=1 width=196)
	        Index Cond: (id = 5488649)

table 7 : explain UPDATE sbtest7 SET k=k+1 WHERE id=5038158
	Update on sbtest7  (cost=0.43..8.46 rows=1 width=196)
	  ->  Index Scan using sbtest7_pkey on sbtest7  (cost=0.43..8.46 rows=1 width=196)
	        Index Cond: (id = 5038158)

table 8 : explain UPDATE sbtest8 SET k=k+1 WHERE id=5179905
	Update on sbtest8  (cost=0.43..8.46 rows=1 width=196)
	  ->  Index Scan using sbtest8_pkey on sbtest8  (cost=0.43..8.46 rows=1 width=196)
	        Index Cond: (id = 5179905)

for non_index_updates
table 1 : explain UPDATE sbtest1 SET c='foobar' WHERE id=1260741
	Update on sbtest1  (cost=0.43..8.45 rows=1 width=559)
	  ->  Index Scan using sbtest1_pkey on sbtest1  (cost=0.43..8.45 rows=1 width=559)
	        Index Cond: (id = 1260741)

table 2 : explain UPDATE sbtest2 SET c='foobar' WHERE id=5379324
	Update on sbtest2  (cost=0.43..8.45 rows=1 width=559)
	  ->  Index Scan using sbtest2_pkey on sbtest2  (cost=0.43..8.45 rows=1 width=559)
	        Index Cond: (id = 5379324)

table 3 : explain UPDATE sbtest3 SET c='foobar' WHERE id=8547484
	Update on sbtest3  (cost=0.43..8.45 rows=1 width=559)
	  ->  Index Scan using sbtest3_pkey on sbtest3  (cost=0.43..8.45 rows=1 width=559)
	        Index Cond: (id = 8547484)

table 4 : explain UPDATE sbtest4 SET c='foobar' WHERE id=6665904
	Update on sbtest4  (cost=0.43..8.45 rows=1 width=559)
	  ->  Index Scan using sbtest4_pkey on sbtest4  (cost=0.43..8.45 rows=1 width=559)
	        Index Cond: (id = 6665904)

table 5 : explain UPDATE sbtest5 SET c='foobar' WHERE id=2932665
	Update on sbtest5  (cost=0.43..8.45 rows=1 width=559)
	  ->  Index Scan using sbtest5_pkey on sbtest5  (cost=0.43..8.45 rows=1 width=559)
	        Index Cond: (id = 2932665)

table 6 : explain UPDATE sbtest6 SET c='foobar' WHERE id=5841475
	Update on sbtest6  (cost=0.43..8.45 rows=1 width=559)
	  ->  Index Scan using sbtest6_pkey on sbtest6  (cost=0.43..8.45 rows=1 width=559)
	        Index Cond: (id = 5841475)

table 7 : explain UPDATE sbtest7 SET c='foobar' WHERE id=2495529
	Update on sbtest7  (cost=0.43..8.45 rows=1 width=559)
	  ->  Index Scan using sbtest7_pkey on sbtest7  (cost=0.43..8.45 rows=1 width=559)
	        Index Cond: (id = 2495529)

table 8 : explain UPDATE sbtest8 SET c='foobar' WHERE id=2800034
	Update on sbtest8  (cost=0.43..8.45 rows=1 width=559)
	  ->  Index Scan using sbtest8_pkey on sbtest8  (cost=0.43..8.45 rows=1 width=559)
	        Index Cond: (id = 2800034)

for index_updates
table 1 : explain UPDATE sbtest1 SET k=k+1 WHERE id=5126167
	Update on sbtest1  (cost=0.43..8.46 rows=1 width=196)
	  ->  Index Scan using sbtest1_pkey on sbtest1  (cost=0.43..8.46 rows=1 width=196)
	        Index Cond: (id = 5126167)

table 2 : explain UPDATE sbtest2 SET k=k+1 WHERE id=68895
	Update on sbtest2  (cost=0.43..8.46 rows=1 width=196)
	  ->  Index Scan using sbtest2_pkey on sbtest2  (cost=0.43..8.46 rows=1 width=196)
	        Index Cond: (id = 68895)

table 3 : explain UPDATE sbtest3 SET k=k+1 WHERE id=1205801
	Update on sbtest3  (cost=0.43..8.46 rows=1 width=196)
	  ->  Index Scan using sbtest3_pkey on sbtest3  (cost=0.43..8.46 rows=1 width=196)
	        Index Cond: (id = 1205801)

table 4 : explain UPDATE sbtest4 SET k=k+1 WHERE id=8379050
	Update on sbtest4  (cost=0.43..8.46 rows=1 width=196)
	  ->  Index Scan using sbtest4_pkey on sbtest4  (cost=0.43..8.46 rows=1 width=196)
	        Index Cond: (id = 8379050)

table 5 : explain UPDATE sbtest5 SET k=k+1 WHERE id=2456239
	Update on sbtest5  (cost=0.43..8.46 rows=1 width=196)
	  ->  Index Scan using sbtest5_pkey on sbtest5  (cost=0.43..8.46 rows=1 width=196)
	        Index Cond: (id = 2456239)

table 6 : explain UPDATE sbtest6 SET k=k+1 WHERE id=591540
	Update on sbtest6  (cost=0.43..8.46 rows=1 width=196)
	  ->  Index Scan using sbtest6_pkey on sbtest6  (cost=0.43..8.46 rows=1 width=196)
	        Index Cond: (id = 591540)

table 7 : explain UPDATE sbtest7 SET k=k+1 WHERE id=9645277
	Update on sbtest7  (cost=0.43..8.46 rows=1 width=196)
	  ->  Index Scan using sbtest7_pkey on sbtest7  (cost=0.43..8.46 rows=1 width=196)
	        Index Cond: (id = 9645277)

table 8 : explain UPDATE sbtest8 SET k=k+1 WHERE id=9886879
	Update on sbtest8  (cost=0.43..8.46 rows=1 width=196)
	  ->  Index Scan using sbtest8_pkey on sbtest8  (cost=0.43..8.46 rows=1 width=196)
	        Index Cond: (id = 9886879)

explain: for non_index_updates :: explain UPDATE sbtest%u SET c='foobar' WHERE id=%u
explain: for deletes :: explain DELETE FROM sbtest%u WHERE id=%u
for index_updates
table 1 : explain UPDATE sbtest1 SET k=k+1 WHERE id=173969
	Update on sbtest1  (cost=0.43..8.46 rows=1 width=196)
	  ->  Index Scan using sbtest1_pkey on sbtest1  (cost=0.43..8.46 rows=1 width=196)
	        Index Cond: (id = 173969)

table 2 : explain UPDATE sbtest2 SET k=k+1 WHERE id=4871271
	Update on sbtest2  (cost=0.43..8.46 rows=1 width=196)
	  ->  Index Scan using sbtest2_pkey on sbtest2  (cost=0.43..8.46 rows=1 width=196)
	        Index Cond: (id = 4871271)

table 3 : explain UPDATE sbtest3 SET k=k+1 WHERE id=4322570
	Update on sbtest3  (cost=0.43..8.46 rows=1 width=196)
	  ->  Index Scan using sbtest3_pkey on sbtest3  (cost=0.43..8.46 rows=1 width=196)
	        Index Cond: (id = 4322570)

table 4 : explain UPDATE sbtest4 SET k=k+1 WHERE id=4015999
	Update on sbtest4  (cost=0.43..8.46 rows=1 width=196)
	  ->  Index Scan using sbtest4_pkey on sbtest4  (cost=0.43..8.46 rows=1 width=196)
	        Index Cond: (id = 4015999)

table 5 : explain UPDATE sbtest5 SET k=k+1 WHERE id=1085275
	Update on sbtest5  (cost=0.43..8.46 rows=1 width=196)
	  ->  Index Scan using sbtest5_pkey on sbtest5  (cost=0.43..8.46 rows=1 width=196)
	        Index Cond: (id = 1085275)

table 6 : explain UPDATE sbtest6 SET k=k+1 WHERE id=1822739
	Update on sbtest6  (cost=0.43..8.46 rows=1 width=196)
	  ->  Index Scan using sbtest6_pkey on sbtest6  (cost=0.43..8.46 rows=1 width=196)
	        Index Cond: (id = 1822739)

table 7 : explain UPDATE sbtest7 SET k=k+1 WHERE id=7609567
	Update on sbtest7  (cost=0.43..8.46 rows=1 width=196)
	  ->  Index Scan using sbtest7_pkey on sbtest7  (cost=0.43..8.46 rows=1 width=196)
	        Index Cond: (id = 7609567)

table 8 : explain UPDATE sbtest8 SET k=k+1 WHERE id=4544071
	Update on sbtest8  (cost=0.43..8.46 rows=1 width=196)
	  ->  Index Scan using sbtest8_pkey on sbtest8  (cost=0.43..8.46 rows=1 width=196)
	        Index Cond: (id = 4544071)

for: order_ranges
table 1 : explain SELECT c FROM sbtest1 WHERE id BETWEEN 3794038 AND 3794047 ORDER BY c
	Sort  (cost=39.45..39.47 rows=10 width=121)
	  Sort Key: c
	  ->  Index Scan using sbtest1_pkey on sbtest1  (cost=0.43..39.28 rows=10 width=121)
	        Index Cond: ((id >= 3794038) AND (id <= 3794047))

table 2 : explain SELECT c FROM sbtest2 WHERE id BETWEEN 6068704 AND 6068713 ORDER BY c
	Sort  (cost=39.34..39.37 rows=10 width=121)
	  Sort Key: c
	  ->  Index Scan using sbtest2_pkey on sbtest2  (cost=0.43..39.18 rows=10 width=121)
	        Index Cond: ((id >= 6068704) AND (id <= 6068713))

table 3 : explain SELECT c FROM sbtest3 WHERE id BETWEEN 6625148 AND 6625157 ORDER BY c
	Sort  (cost=39.29..39.32 rows=10 width=121)
	  Sort Key: c
	  ->  Index Scan using sbtest3_pkey on sbtest3  (cost=0.43..39.13 rows=10 width=121)
	        Index Cond: ((id >= 6625148) AND (id <= 6625157))

table 4 : explain SELECT c FROM sbtest4 WHERE id BETWEEN 4586496 AND 4586505 ORDER BY c
	Sort  (cost=42.40..42.42 rows=11 width=121)
	  Sort Key: c
	  ->  Index Scan using sbtest4_pkey on sbtest4  (cost=0.43..42.21 rows=11 width=121)
	        Index Cond: ((id >= 4586496) AND (id <= 4586505))

table 5 : explain SELECT c FROM sbtest5 WHERE id BETWEEN 8571839 AND 8571848 ORDER BY c
	Sort  (cost=38.87..38.90 rows=10 width=121)
	  Sort Key: c
	  ->  Index Scan using sbtest5_pkey on sbtest5  (cost=0.43..38.71 rows=10 width=121)
	        Index Cond: ((id >= 8571839) AND (id <= 8571848))

table 6 : explain SELECT c FROM sbtest6 WHERE id BETWEEN 7671673 AND 7671682 ORDER BY c
	Sort  (cost=35.45..35.47 rows=9 width=121)
	  Sort Key: c
	  ->  Index Scan using sbtest6_pkey on sbtest6  (cost=0.43..35.31 rows=9 width=121)
	        Index Cond: ((id >= 7671673) AND (id <= 7671682))

table 7 : explain SELECT c FROM sbtest7 WHERE id BETWEEN 4850083 AND 4850092 ORDER BY c
	Sort  (cost=38.99..39.01 rows=10 width=121)
	  Sort Key: c
	  ->  Index Scan using sbtest7_pkey on sbtest7  (cost=0.43..38.82 rows=10 width=121)
	        Index Cond: ((id >= 4850083) AND (id <= 4850092))

table 8 : explain SELECT c FROM sbtest8 WHERE id BETWEEN 6596697 AND 6596706 ORDER BY c
	Sort  (cost=35.47..35.49 rows=9 width=121)
	  Sort Key: c
	  ->  Index Scan using sbtest8_pkey on sbtest8  (cost=0.43..35.33 rows=9 width=121)
	        Index Cond: ((id >= 6596697) AND (id <= 6596706))

for: order_ranges
table 1 : explain SELECT c FROM sbtest1 WHERE id BETWEEN 843459 AND 843468 ORDER BY c
	Sort  (cost=39.45..39.47 rows=10 width=121)
	  Sort Key: c
	  ->  Index Scan using sbtest1_pkey on sbtest1  (cost=0.43..39.28 rows=10 width=121)
	        Index Cond: ((id >= 843459) AND (id <= 843468))

table 2 : explain SELECT c FROM sbtest2 WHERE id BETWEEN 6767529 AND 6767538 ORDER BY c
	Sort  (cost=35.91..35.93 rows=9 width=121)
	  Sort Key: c
	  ->  Index Scan using sbtest2_pkey on sbtest2  (cost=0.43..35.76 rows=9 width=121)
	        Index Cond: ((id >= 6767529) AND (id <= 6767538))

table 3 : explain SELECT c FROM sbtest3 WHERE id BETWEEN 3999992 AND 4000001 ORDER BY c
	Sort  (cost=39.29..39.32 rows=10 width=121)
	  Sort Key: c
	  ->  Index Scan using sbtest3_pkey on sbtest3  (cost=0.43..39.13 rows=10 width=121)
	        Index Cond: ((id >= 3999992) AND (id <= 4000001))

table 4 : explain SELECT c FROM sbtest4 WHERE id BETWEEN 1679247 AND 1679256 ORDER BY c
	Sort  (cost=39.00..39.02 rows=10 width=121)
	  Sort Key: c
	  ->  Index Scan using sbtest4_pkey on sbtest4  (cost=0.43..38.83 rows=10 width=121)
	        Index Cond: ((id >= 1679247) AND (id <= 1679256))

table 5 : explain SELECT c FROM sbtest5 WHERE id BETWEEN 7182561 AND 7182570 ORDER BY c
	Sort  (cost=38.87..38.90 rows=10 width=121)
	  Sort Key: c
	  ->  Index Scan using sbtest5_pkey on sbtest5  (cost=0.43..38.71 rows=10 width=121)
	        Index Cond: ((id >= 7182561) AND (id <= 7182570))

table 6 : explain SELECT c FROM sbtest6 WHERE id BETWEEN 3158732 AND 3158741 ORDER BY c
	Sort  (cost=38.83..38.85 rows=10 width=121)
	  Sort Key: c
	  ->  Index Scan using sbtest6_pkey on sbtest6  (cost=0.43..38.66 rows=10 width=121)
	        Index Cond: ((id >= 3158732) AND (id <= 3158741))

table 7 : explain SELECT c FROM sbtest7 WHERE id BETWEEN 1750557 AND 1750566 ORDER BY c
	Sort  (cost=38.99..39.01 rows=10 width=121)
	  Sort Key: c
	  ->  Index Scan using sbtest7_pkey on sbtest7  (cost=0.43..38.82 rows=10 width=121)
	        Index Cond: ((id >= 1750557) AND (id <= 1750566))

table 8 : explain SELECT c FROM sbtest8 WHERE id BETWEEN 5440735 AND 5440744 ORDER BY c
	Sort  (cost=35.47..35.49 rows=9 width=121)
	  Sort Key: c
	  ->  Index Scan using sbtest8_pkey on sbtest8  (cost=0.43..35.33 rows=9 width=121)
	        Index Cond: ((id >= 5440735) AND (id <= 5440744))

for deletes
table 1 : explain DELETE FROM sbtest1 WHERE id=9532585
	Delete on sbtest1  (cost=0.43..8.45 rows=1 width=6)
	  ->  Index Scan using sbtest1_pkey on sbtest1  (cost=0.43..8.45 rows=1 width=6)
	        Index Cond: (id = 9532585)

table 2 : explain DELETE FROM sbtest2 WHERE id=4731077
	Delete on sbtest2  (cost=0.43..8.45 rows=1 width=6)
	  ->  Index Scan using sbtest2_pkey on sbtest2  (cost=0.43..8.45 rows=1 width=6)
	        Index Cond: (id = 4731077)

table 3 : explain DELETE FROM sbtest3 WHERE id=7433498
	Delete on sbtest3  (cost=0.43..8.45 rows=1 width=6)
	  ->  Index Scan using sbtest3_pkey on sbtest3  (cost=0.43..8.45 rows=1 width=6)
	        Index Cond: (id = 7433498)

table 4 : explain DELETE FROM sbtest4 WHERE id=3806081
	Delete on sbtest4  (cost=0.43..8.45 rows=1 width=6)
	  ->  Index Scan using sbtest4_pkey on sbtest4  (cost=0.43..8.45 rows=1 width=6)
	        Index Cond: (id = 3806081)

table 5 : explain DELETE FROM sbtest5 WHERE id=6910308
	Delete on sbtest5  (cost=0.43..8.45 rows=1 width=6)
	  ->  Index Scan using sbtest5_pkey on sbtest5  (cost=0.43..8.45 rows=1 width=6)
	        Index Cond: (id = 6910308)

table 6 : explain DELETE FROM sbtest6 WHERE id=3552380
	Delete on sbtest6  (cost=0.43..8.45 rows=1 width=6)
	  ->  Index Scan using sbtest6_pkey on sbtest6  (cost=0.43..8.45 rows=1 width=6)
	        Index Cond: (id = 3552380)

table 7 : explain DELETE FROM sbtest7 WHERE id=7973357
	Delete on sbtest7  (cost=0.43..8.45 rows=1 width=6)
	  ->  Index Scan using sbtest7_pkey on sbtest7  (cost=0.43..8.45 rows=1 width=6)
	        Index Cond: (id = 7973357)

table 8 : explain DELETE FROM sbtest8 WHERE id=284
	Delete on sbtest8  (cost=0.43..8.45 rows=1 width=6)
	  ->  Index Scan using sbtest8_pkey on sbtest8  (cost=0.43..8.45 rows=1 width=6)
	        Index Cond: (id = 284)

for non_index_updates
table 1 : explain UPDATE sbtest1 SET c='foobar' WHERE id=6641898
	Update on sbtest1  (cost=0.43..8.45 rows=1 width=559)
	  ->  Index Scan using sbtest1_pkey on sbtest1  (cost=0.43..8.45 rows=1 width=559)
	        Index Cond: (id = 6641898)

table 2 : explain UPDATE sbtest2 SET c='foobar' WHERE id=6629319
	Update on sbtest2  (cost=0.43..8.45 rows=1 width=559)
	  ->  Index Scan using sbtest2_pkey on sbtest2  (cost=0.43..8.45 rows=1 width=559)
	        Index Cond: (id = 6629319)

table 3 : explain UPDATE sbtest3 SET c='foobar' WHERE id=950605
	Update on sbtest3  (cost=0.43..8.45 rows=1 width=559)
	  ->  Index Scan using sbtest3_pkey on sbtest3  (cost=0.43..8.45 rows=1 width=559)
	        Index Cond: (id = 950605)

table 4 : explain UPDATE sbtest4 SET c='foobar' WHERE id=8416602
	Update on sbtest4  (cost=0.43..8.45 rows=1 width=559)
	  ->  Index Scan using sbtest4_pkey on sbtest4  (cost=0.43..8.45 rows=1 width=559)
	        Index Cond: (id = 8416602)

table 5 : explain UPDATE sbtest5 SET c='foobar' WHERE id=4777018
	Update on sbtest5  (cost=0.43..8.45 rows=1 width=559)
	  ->  Index Scan using sbtest5_pkey on sbtest5  (cost=0.43..8.45 rows=1 width=559)
	        Index Cond: (id = 4777018)

table 6 : explain UPDATE sbtest6 SET c='foobar' WHERE id=4780606
	Update on sbtest6  (cost=0.43..8.45 rows=1 width=559)
	  ->  Index Scan using sbtest6_pkey on sbtest6  (cost=0.43..8.45 rows=1 width=559)
	        Index Cond: (id = 4780606)

table 7 : explain UPDATE sbtest7 SET c='foobar' WHERE id=7979444
	Update on sbtest7  (cost=0.43..8.45 rows=1 width=559)
	  ->  Index Scan using sbtest7_pkey on sbtest7  (cost=0.43..8.45 rows=1 width=559)
	        Index Cond: (id = 7979444)

table 8 : explain UPDATE sbtest8 SET c='foobar' WHERE id=3321966
	Update on sbtest8  (cost=0.43..8.45 rows=1 width=559)
	  ->  Index Scan using sbtest8_pkey on sbtest8  (cost=0.43..8.45 rows=1 width=559)
	        Index Cond: (id = 3321966)

explain: for non_index_updates :: explain UPDATE sbtest%u SET c='foobar' WHERE id=%u
explain: for deletes :: explain DELETE FROM sbtest%u WHERE id=%u
explain: for non_index_updates :: explain UPDATE sbtest%u SET c='foobar' WHERE id=%u
explain: for inserts :: explain INSERT INTO sbtest%u (id, k, c, pad) VALUES (%u, 13, 'foobar', 'foobar')
for: distinct_ranges
table 1 : explain SELECT DISTINCT c FROM sbtest1 WHERE id BETWEEN 2447179 AND 2447188 ORDER BY c
	Unique  (cost=36.00..36.04 rows=9 width=121)
	  ->  Sort  (cost=36.00..36.02 rows=9 width=121)
	        Sort Key: c
	        ->  Index Scan using sbtest1_pkey on sbtest1  (cost=0.43..35.86 rows=9 width=121)
	              Index Cond: ((id >= 2447179) AND (id <= 2447188))

table 2 : explain SELECT DISTINCT c FROM sbtest2 WHERE id BETWEEN 8589913 AND 8589922 ORDER BY c
	Unique  (cost=35.91..35.95 rows=9 width=121)
	  ->  Sort  (cost=35.91..35.93 rows=9 width=121)
	        Sort Key: c
	        ->  Index Scan using sbtest2_pkey on sbtest2  (cost=0.43..35.76 rows=9 width=121)
	              Index Cond: ((id >= 8589913) AND (id <= 8589922))

table 3 : explain SELECT DISTINCT c FROM sbtest3 WHERE id BETWEEN 863530 AND 863539 ORDER BY c
	Unique  (cost=39.29..39.34 rows=10 width=121)
	  ->  Sort  (cost=39.29..39.32 rows=10 width=121)
	        Sort Key: c
	        ->  Index Scan using sbtest3_pkey on sbtest3  (cost=0.43..39.13 rows=10 width=121)
	              Index Cond: ((id >= 863530) AND (id <= 863539))

table 4 : explain SELECT DISTINCT c FROM sbtest4 WHERE id BETWEEN 3666339 AND 3666348 ORDER BY c
	Unique  (cost=39.00..39.05 rows=10 width=121)
	  ->  Sort  (cost=39.00..39.02 rows=10 width=121)
	        Sort Key: c
	        ->  Index Scan using sbtest4_pkey on sbtest4  (cost=0.43..38.83 rows=10 width=121)
	              Index Cond: ((id >= 3666339) AND (id <= 3666348))

table 5 : explain SELECT DISTINCT c FROM sbtest5 WHERE id BETWEEN 5992796 AND 5992805 ORDER BY c
	Unique  (cost=38.87..38.92 rows=10 width=121)
	  ->  Sort  (cost=38.87..38.90 rows=10 width=121)
	        Sort Key: c
	        ->  Index Scan using sbtest5_pkey on sbtest5  (cost=0.43..38.71 rows=10 width=121)
	              Index Cond: ((id >= 5992796) AND (id <= 5992805))

table 6 : explain SELECT DISTINCT c FROM sbtest6 WHERE id BETWEEN 5562162 AND 5562171 ORDER BY c
	Unique  (cost=38.83..38.88 rows=10 width=121)
	  ->  Sort  (cost=38.83..38.85 rows=10 width=121)
	        Sort Key: c
	        ->  Index Scan using sbtest6_pkey on sbtest6  (cost=0.43..38.66 rows=10 width=121)
	              Index Cond: ((id >= 5562162) AND (id <= 5562171))

table 7 : explain SELECT DISTINCT c FROM sbtest7 WHERE id BETWEEN 7021807 AND 7021816 ORDER BY c
	Unique  (cost=45.78..45.84 rows=12 width=121)
	  ->  Sort  (cost=45.78..45.81 rows=12 width=121)
	        Sort Key: c
	        ->  Index Scan using sbtest7_pkey on sbtest7  (cost=0.43..45.57 rows=12 width=121)
	              Index Cond: ((id >= 7021807) AND (id <= 7021816))

table 8 : explain SELECT DISTINCT c FROM sbtest8 WHERE id BETWEEN 5879821 AND 5879830 ORDER BY c
	Unique  (cost=38.85..38.90 rows=10 width=121)
	  ->  Sort  (cost=38.85..38.88 rows=10 width=121)
	        Sort Key: c
	        ->  Index Scan using sbtest8_pkey on sbtest8  (cost=0.43..38.69 rows=10 width=121)
	              Index Cond: ((id >= 5879821) AND (id <= 5879830))

for deletes
table 1 : explain DELETE FROM sbtest1 WHERE id=3238604
	Delete on sbtest1  (cost=0.43..8.45 rows=1 width=6)
	  ->  Index Scan using sbtest1_pkey on sbtest1  (cost=0.43..8.45 rows=1 width=6)
	        Index Cond: (id = 3238604)

table 2 : explain DELETE FROM sbtest2 WHERE id=8303749
	Delete on sbtest2  (cost=0.43..8.45 rows=1 width=6)
	  ->  Index Scan using sbtest2_pkey on sbtest2  (cost=0.43..8.45 rows=1 width=6)
	        Index Cond: (id = 8303749)

table 3 : explain DELETE FROM sbtest3 WHERE id=8033264
	Delete on sbtest3  (cost=0.43..8.45 rows=1 width=6)
	  ->  Index Scan using sbtest3_pkey on sbtest3  (cost=0.43..8.45 rows=1 width=6)
	        Index Cond: (id = 8033264)

table 4 : explain DELETE FROM sbtest4 WHERE id=9414274
	Delete on sbtest4  (cost=0.43..8.45 rows=1 width=6)
	  ->  Index Scan using sbtest4_pkey on sbtest4  (cost=0.43..8.45 rows=1 width=6)
	        Index Cond: (id = 9414274)

table 5 : explain DELETE FROM sbtest5 WHERE id=4748848
	Delete on sbtest5  (cost=0.43..8.45 rows=1 width=6)
	  ->  Index Scan using sbtest5_pkey on sbtest5  (cost=0.43..8.45 rows=1 width=6)
	        Index Cond: (id = 4748848)

table 6 : explain DELETE FROM sbtest6 WHERE id=2485226
	Delete on sbtest6  (cost=0.43..8.45 rows=1 width=6)
	  ->  Index Scan using sbtest6_pkey on sbtest6  (cost=0.43..8.45 rows=1 width=6)
	        Index Cond: (id = 2485226)

table 7 : explain DELETE FROM sbtest7 WHERE id=7015884
	Delete on sbtest7  (cost=0.43..8.45 rows=1 width=6)
	  ->  Index Scan using sbtest7_pkey on sbtest7  (cost=0.43..8.45 rows=1 width=6)
	        Index Cond: (id = 7015884)

table 8 : explain DELETE FROM sbtest8 WHERE id=8851959
	Delete on sbtest8  (cost=0.43..8.45 rows=1 width=6)
	  ->  Index Scan using sbtest8_pkey on sbtest8  (cost=0.43..8.45 rows=1 width=6)
	        Index Cond: (id = 8851959)

for: distinct_ranges
table 1 : explain SELECT DISTINCT c FROM sbtest1 WHERE id BETWEEN 4066427 AND 4066436 ORDER BY c
	Unique  (cost=39.45..39.50 rows=10 width=121)
	  ->  Sort  (cost=39.45..39.47 rows=10 width=121)
	        Sort Key: c
	        ->  Index Scan using sbtest1_pkey on sbtest1  (cost=0.43..39.28 rows=10 width=121)
	              Index Cond: ((id >= 4066427) AND (id <= 4066436))

table 2 : explain SELECT DISTINCT c FROM sbtest2 WHERE id BETWEEN 6823150 AND 6823159 ORDER BY c
	Unique  (cost=35.91..35.95 rows=9 width=121)
	  ->  Sort  (cost=35.91..35.93 rows=9 width=121)
	        Sort Key: c
	        ->  Index Scan using sbtest2_pkey on sbtest2  (cost=0.43..35.76 rows=9 width=121)
	              Index Cond: ((id >= 6823150) AND (id <= 6823159))

table 3 : explain SELECT DISTINCT c FROM sbtest3 WHERE id BETWEEN 8085227 AND 8085236 ORDER BY c
	Unique  (cost=42.72..42.78 rows=11 width=121)
	  ->  Sort  (cost=42.72..42.75 rows=11 width=121)
	        Sort Key: c
	        ->  Index Scan using sbtest3_pkey on sbtest3  (cost=0.43..42.53 rows=11 width=121)
	              Index Cond: ((id >= 8085227) AND (id <= 8085236))

table 4 : explain SELECT DISTINCT c FROM sbtest4 WHERE id BETWEEN 283733 AND 283742 ORDER BY c
	Unique  (cost=35.60..35.64 rows=9 width=121)
	  ->  Sort  (cost=35.60..35.62 rows=9 width=121)
	        Sort Key: c
	        ->  Index Scan using sbtest4_pkey on sbtest4  (cost=0.43..35.46 rows=9 width=121)
	              Index Cond: ((id >= 283733) AND (id <= 283742))

table 5 : explain SELECT DISTINCT c FROM sbtest5 WHERE id BETWEEN 3427619 AND 3427628 ORDER BY c
	Unique  (cost=38.87..38.92 rows=10 width=121)
	  ->  Sort  (cost=38.87..38.90 rows=10 width=121)
	        Sort Key: c
	        ->  Index Scan using sbtest5_pkey on sbtest5  (cost=0.43..38.71 rows=10 width=121)
	              Index Cond: ((id >= 3427619) AND (id <= 3427628))

table 6 : explain SELECT DISTINCT c FROM sbtest6 WHERE id BETWEEN 4709996 AND 4710005 ORDER BY c
	Unique  (cost=38.83..38.88 rows=10 width=121)
	  ->  Sort  (cost=38.83..38.85 rows=10 width=121)
	        Sort Key: c
	        ->  Index Scan using sbtest6_pkey on sbtest6  (cost=0.43..38.66 rows=10 width=121)
	              Index Cond: ((id >= 4709996) AND (id <= 4710005))

table 7 : explain SELECT DISTINCT c FROM sbtest7 WHERE id BETWEEN 2426590 AND 2426599 ORDER BY c
	Unique  (cost=38.99..39.04 rows=10 width=121)
	  ->  Sort  (cost=38.99..39.01 rows=10 width=121)
	        Sort Key: c
	        ->  Index Scan using sbtest7_pkey on sbtest7  (cost=0.43..38.82 rows=10 width=121)
	              Index Cond: ((id >= 2426590) AND (id <= 2426599))

table 8 : explain SELECT DISTINCT c FROM sbtest8 WHERE id BETWEEN 2873671 AND 2873680 ORDER BY c
	Unique  (cost=38.85..38.90 rows=10 width=121)
	  ->  Sort  (cost=38.85..38.88 rows=10 width=121)
	        Sort Key: c
	        ->  Index Scan using sbtest8_pkey on sbtest8  (cost=0.43..38.69 rows=10 width=121)
	              Index Cond: ((id >= 2873671) AND (id <= 2873680))

for inserts
table 1 : explain INSERT INTO sbtest1 (id, k, c, pad) VALUES (8652927, 13, 'foobar', 'foobar')
	Insert on sbtest1  (cost=0.00..0.01 rows=1 width=736)
	  ->  Result  (cost=0.00..0.01 rows=1 width=736)

table 2 : explain INSERT INTO sbtest2 (id, k, c, pad) VALUES (2392751, 13, 'foobar', 'foobar')
	Insert on sbtest2  (cost=0.00..0.01 rows=1 width=736)
	  ->  Result  (cost=0.00..0.01 rows=1 width=736)

table 3 : explain INSERT INTO sbtest3 (id, k, c, pad) VALUES (4512915, 13, 'foobar', 'foobar')
	Insert on sbtest3  (cost=0.00..0.01 rows=1 width=736)
	  ->  Result  (cost=0.00..0.01 rows=1 width=736)

table 4 : explain INSERT INTO sbtest4 (id, k, c, pad) VALUES (4235324, 13, 'foobar', 'foobar')
	Insert on sbtest4  (cost=0.00..0.01 rows=1 width=736)
	  ->  Result  (cost=0.00..0.01 rows=1 width=736)

table 5 : explain INSERT INTO sbtest5 (id, k, c, pad) VALUES (2656295, 13, 'foobar', 'foobar')
	Insert on sbtest5  (cost=0.00..0.01 rows=1 width=736)
	  ->  Result  (cost=0.00..0.01 rows=1 width=736)

table 6 : explain INSERT INTO sbtest6 (id, k, c, pad) VALUES (3058837, 13, 'foobar', 'foobar')
	Insert on sbtest6  (cost=0.00..0.01 rows=1 width=736)
	  ->  Result  (cost=0.00..0.01 rows=1 width=736)

table 7 : explain INSERT INTO sbtest7 (id, k, c, pad) VALUES (2293494, 13, 'foobar', 'foobar')
	Insert on sbtest7  (cost=0.00..0.01 rows=1 width=736)
	  ->  Result  (cost=0.00..0.01 rows=1 width=736)

table 8 : explain INSERT INTO sbtest8 (id, k, c, pad) VALUES (3584636, 13, 'foobar', 'foobar')
	Insert on sbtest8  (cost=0.00..0.01 rows=1 width=736)
	  ->  Result  (cost=0.00..0.01 rows=1 width=736)

explain: for index_updates :: explain UPDATE sbtest%u SET k=k+1 WHERE id=%u
explain: for index_updates :: explain UPDATE sbtest%u SET k=k+1 WHERE id=%u
explain: for inserts :: explain INSERT INTO sbtest%u (id, k, c, pad) VALUES (%u, 13, 'foobar', 'foobar')
for non_index_updates
table 1 : explain UPDATE sbtest1 SET c='foobar' WHERE id=2008420
	Update on sbtest1  (cost=0.43..8.45 rows=1 width=559)
	  ->  Index Scan using sbtest1_pkey on sbtest1  (cost=0.43..8.45 rows=1 width=559)
	        Index Cond: (id = 2008420)

table 2 : explain UPDATE sbtest2 SET c='foobar' WHERE id=8471647
	Update on sbtest2  (cost=0.43..8.45 rows=1 width=559)
	  ->  Index Scan using sbtest2_pkey on sbtest2  (cost=0.43..8.45 rows=1 width=559)
	        Index Cond: (id = 8471647)

table 3 : explain UPDATE sbtest3 SET c='foobar' WHERE id=2963727
	Update on sbtest3  (cost=0.43..8.45 rows=1 width=559)
	  ->  Index Scan using sbtest3_pkey on sbtest3  (cost=0.43..8.45 rows=1 width=559)
	        Index Cond: (id = 2963727)

table 4 : explain UPDATE sbtest4 SET c='foobar' WHERE id=9291702
	Update on sbtest4  (cost=0.43..8.45 rows=1 width=559)
	  ->  Index Scan using sbtest4_pkey on sbtest4  (cost=0.43..8.45 rows=1 width=559)
	        Index Cond: (id = 9291702)

table 5 : explain UPDATE sbtest5 SET c='foobar' WHERE id=8275783
	Update on sbtest5  (cost=0.43..8.45 rows=1 width=559)
	  ->  Index Scan using sbtest5_pkey on sbtest5  (cost=0.43..8.45 rows=1 width=559)
	        Index Cond: (id = 8275783)

table 6 : explain UPDATE sbtest6 SET c='foobar' WHERE id=1845656
	Update on sbtest6  (cost=0.43..8.45 rows=1 width=559)
	  ->  Index Scan using sbtest6_pkey on sbtest6  (cost=0.43..8.45 rows=1 width=559)
	        Index Cond: (id = 1845656)

table 7 : explain UPDATE sbtest7 SET c='foobar' WHERE id=2287762
	Update on sbtest7  (cost=0.43..8.45 rows=1 width=559)
	  ->  Index Scan using sbtest7_pkey on sbtest7  (cost=0.43..8.45 rows=1 width=559)
	        Index Cond: (id = 2287762)

table 8 : explain UPDATE sbtest8 SET c='foobar' WHERE id=3420402
	Update on sbtest8  (cost=0.43..8.45 rows=1 width=559)
	  ->  Index Scan using sbtest8_pkey on sbtest8  (cost=0.43..8.45 rows=1 width=559)
	        Index Cond: (id = 3420402)

for non_index_updates
table 1 : explain UPDATE sbtest1 SET c='foobar' WHERE id=2596713
	Update on sbtest1  (cost=0.43..8.45 rows=1 width=559)
	  ->  Index Scan using sbtest1_pkey on sbtest1  (cost=0.43..8.45 rows=1 width=559)
	        Index Cond: (id = 2596713)

table 2 : explain UPDATE sbtest2 SET c='foobar' WHERE id=8769185
	Update on sbtest2  (cost=0.43..8.45 rows=1 width=559)
	  ->  Index Scan using sbtest2_pkey on sbtest2  (cost=0.43..8.45 rows=1 width=559)
	        Index Cond: (id = 8769185)

table 3 : explain UPDATE sbtest3 SET c='foobar' WHERE id=141883
	Update on sbtest3  (cost=0.43..8.45 rows=1 width=559)
	  ->  Index Scan using sbtest3_pkey on sbtest3  (cost=0.43..8.45 rows=1 width=559)
	        Index Cond: (id = 141883)

table 4 : explain UPDATE sbtest4 SET c='foobar' WHERE id=5834391
	Update on sbtest4  (cost=0.43..8.45 rows=1 width=559)
	  ->  Index Scan using sbtest4_pkey on sbtest4  (cost=0.43..8.45 rows=1 width=559)
	        Index Cond: (id = 5834391)

table 5 : explain UPDATE sbtest5 SET c='foobar' WHERE id=1677035
	Update on sbtest5  (cost=0.43..8.45 rows=1 width=559)
	  ->  Index Scan using sbtest5_pkey on sbtest5  (cost=0.43..8.45 rows=1 width=559)
	        Index Cond: (id = 1677035)

table 6 : explain UPDATE sbtest6 SET c='foobar' WHERE id=4508120
	Update on sbtest6  (cost=0.43..8.45 rows=1 width=559)
	  ->  Index Scan using sbtest6_pkey on sbtest6  (cost=0.43..8.45 rows=1 width=559)
	        Index Cond: (id = 4508120)

table 7 : explain UPDATE sbtest7 SET c='foobar' WHERE id=8175251
	Update on sbtest7  (cost=0.43..8.45 rows=1 width=559)
	  ->  Index Scan using sbtest7_pkey on sbtest7  (cost=0.43..8.45 rows=1 width=559)
	        Index Cond: (id = 8175251)

table 8 : explain UPDATE sbtest8 SET c='foobar' WHERE id=9661363
	Update on sbtest8  (cost=0.43..8.45 rows=1 width=559)
	  ->  Index Scan using sbtest8_pkey on sbtest8  (cost=0.43..8.45 rows=1 width=559)
	        Index Cond: (id = 9661363)

for inserts
table 1 : explain INSERT INTO sbtest1 (id, k, c, pad) VALUES (8274765, 13, 'foobar', 'foobar')
	Insert on sbtest1  (cost=0.00..0.01 rows=1 width=736)
	  ->  Result  (cost=0.00..0.01 rows=1 width=736)

table 2 : explain INSERT INTO sbtest2 (id, k, c, pad) VALUES (4011959, 13, 'foobar', 'foobar')
	Insert on sbtest2  (cost=0.00..0.01 rows=1 width=736)
	  ->  Result  (cost=0.00..0.01 rows=1 width=736)

table 3 : explain INSERT INTO sbtest3 (id, k, c, pad) VALUES (2764497, 13, 'foobar', 'foobar')
	Insert on sbtest3  (cost=0.00..0.01 rows=1 width=736)
	  ->  Result  (cost=0.00..0.01 rows=1 width=736)

table 4 : explain INSERT INTO sbtest4 (id, k, c, pad) VALUES (9460235, 13, 'foobar', 'foobar')
	Insert on sbtest4  (cost=0.00..0.01 rows=1 width=736)
	  ->  Result  (cost=0.00..0.01 rows=1 width=736)

table 5 : explain INSERT INTO sbtest5 (id, k, c, pad) VALUES (8855485, 13, 'foobar', 'foobar')
	Insert on sbtest5  (cost=0.00..0.01 rows=1 width=736)
	  ->  Result  (cost=0.00..0.01 rows=1 width=736)

table 6 : explain INSERT INTO sbtest6 (id, k, c, pad) VALUES (3120364, 13, 'foobar', 'foobar')
	Insert on sbtest6  (cost=0.00..0.01 rows=1 width=736)
	  ->  Result  (cost=0.00..0.01 rows=1 width=736)

table 7 : explain INSERT INTO sbtest7 (id, k, c, pad) VALUES (7092338, 13, 'foobar', 'foobar')
	Insert on sbtest7  (cost=0.00..0.01 rows=1 width=736)
	  ->  Result  (cost=0.00..0.01 rows=1 width=736)

table 8 : explain INSERT INTO sbtest8 (id, k, c, pad) VALUES (3440298, 13, 'foobar', 'foobar')
	Insert on sbtest8  (cost=0.00..0.01 rows=1 width=736)
	  ->  Result  (cost=0.00..0.01 rows=1 width=736)

for index_updates
table 1 : explain UPDATE sbtest1 SET k=k+1 WHERE id=5068591
	Update on sbtest1  (cost=0.43..8.46 rows=1 width=196)
	  ->  Index Scan using sbtest1_pkey on sbtest1  (cost=0.43..8.46 rows=1 width=196)
	        Index Cond: (id = 5068591)

table 2 : explain UPDATE sbtest2 SET k=k+1 WHERE id=650154
	Update on sbtest2  (cost=0.43..8.46 rows=1 width=196)
	  ->  Index Scan using sbtest2_pkey on sbtest2  (cost=0.43..8.46 rows=1 width=196)
	        Index Cond: (id = 650154)

table 3 : explain UPDATE sbtest3 SET k=k+1 WHERE id=848781
	Update on sbtest3  (cost=0.43..8.46 rows=1 width=196)
	  ->  Index Scan using sbtest3_pkey on sbtest3  (cost=0.43..8.46 rows=1 width=196)
	        Index Cond: (id = 848781)

table 4 : explain UPDATE sbtest4 SET k=k+1 WHERE id=8542661
	Update on sbtest4  (cost=0.43..8.46 rows=1 width=196)
	  ->  Index Scan using sbtest4_pkey on sbtest4  (cost=0.43..8.46 rows=1 width=196)
	        Index Cond: (id = 8542661)

table 5 : explain UPDATE sbtest5 SET k=k+1 WHERE id=7775604
	Update on sbtest5  (cost=0.43..8.46 rows=1 width=196)
	  ->  Index Scan using sbtest5_pkey on sbtest5  (cost=0.43..8.46 rows=1 width=196)
	        Index Cond: (id = 7775604)

table 6 : explain UPDATE sbtest6 SET k=k+1 WHERE id=9268061
	Update on sbtest6  (cost=0.43..8.46 rows=1 width=196)
	  ->  Index Scan using sbtest6_pkey on sbtest6  (cost=0.43..8.46 rows=1 width=196)
	        Index Cond: (id = 9268061)

table 7 : explain UPDATE sbtest7 SET k=k+1 WHERE id=6679790
	Update on sbtest7  (cost=0.43..8.46 rows=1 width=196)
	  ->  Index Scan using sbtest7_pkey on sbtest7  (cost=0.43..8.46 rows=1 width=196)
	        Index Cond: (id = 6679790)

table 8 : explain UPDATE sbtest8 SET k=k+1 WHERE id=2274412
	Update on sbtest8  (cost=0.43..8.46 rows=1 width=196)
	  ->  Index Scan using sbtest8_pkey on sbtest8  (cost=0.43..8.46 rows=1 width=196)
	        Index Cond: (id = 2274412)

explain: for deletes :: explain DELETE FROM sbtest%u WHERE id=%u
for index_updates
table 1 : explain UPDATE sbtest1 SET k=k+1 WHERE id=9009359
	Update on sbtest1  (cost=0.43..8.46 rows=1 width=196)
	  ->  Index Scan using sbtest1_pkey on sbtest1  (cost=0.43..8.46 rows=1 width=196)
	        Index Cond: (id = 9009359)

table 2 : explain UPDATE sbtest2 SET k=k+1 WHERE id=2667937
	Update on sbtest2  (cost=0.43..8.46 rows=1 width=196)
	  ->  Index Scan using sbtest2_pkey on sbtest2  (cost=0.43..8.46 rows=1 width=196)
	        Index Cond: (id = 2667937)

table 3 : explain UPDATE sbtest3 SET k=k+1 WHERE id=5798470
	Update on sbtest3  (cost=0.43..8.46 rows=1 width=196)
	  ->  Index Scan using sbtest3_pkey on sbtest3  (cost=0.43..8.46 rows=1 width=196)
	        Index Cond: (id = 5798470)

table 4 : explain UPDATE sbtest4 SET k=k+1 WHERE id=4415647
	Update on sbtest4  (cost=0.43..8.46 rows=1 width=196)
	  ->  Index Scan using sbtest4_pkey on sbtest4  (cost=0.43..8.46 rows=1 width=196)
	        Index Cond: (id = 4415647)

table 5 : explain UPDATE sbtest5 SET k=k+1 WHERE id=2603805
	Update on sbtest5  (cost=0.43..8.46 rows=1 width=196)
	  ->  Index Scan using sbtest5_pkey on sbtest5  (cost=0.43..8.46 rows=1 width=196)
	        Index Cond: (id = 2603805)

table 6 : explain UPDATE sbtest6 SET k=k+1 WHERE id=6453467
	Update on sbtest6  (cost=0.43..8.46 rows=1 width=196)
	  ->  Index Scan using sbtest6_pkey on sbtest6  (cost=0.43..8.46 rows=1 width=196)
	        Index Cond: (id = 6453467)

table 7 : explain UPDATE sbtest7 SET k=k+1 WHERE id=4612666
	Update on sbtest7  (cost=0.43..8.46 rows=1 width=196)
	  ->  Index Scan using sbtest7_pkey on sbtest7  (cost=0.43..8.46 rows=1 width=196)
	        Index Cond: (id = 4612666)

table 8 : explain UPDATE sbtest8 SET k=k+1 WHERE id=4235393
	Update on sbtest8  (cost=0.43..8.46 rows=1 width=196)
	  ->  Index Scan using sbtest8_pkey on sbtest8  (cost=0.43..8.46 rows=1 width=196)
	        Index Cond: (id = 4235393)

explain: for deletes :: explain DELETE FROM sbtest%u WHERE id=%u
explain: for non_index_updates :: explain UPDATE sbtest%u SET c='foobar' WHERE id=%u
explain: for non_index_updates :: explain UPDATE sbtest%u SET c='foobar' WHERE id=%u
for non_index_updates
table 1 : explain UPDATE sbtest1 SET c='foobar' WHERE id=654621
	Update on sbtest1  (cost=0.43..8.45 rows=1 width=559)
	  ->  Index Scan using sbtest1_pkey on sbtest1  (cost=0.43..8.45 rows=1 width=559)
	        Index Cond: (id = 654621)

table 2 : explain UPDATE sbtest2 SET c='foobar' WHERE id=3775139
	Update on sbtest2  (cost=0.43..8.45 rows=1 width=559)
	  ->  Index Scan using sbtest2_pkey on sbtest2  (cost=0.43..8.45 rows=1 width=559)
	        Index Cond: (id = 3775139)

table 3 : explain UPDATE sbtest3 SET c='foobar' WHERE id=9362553
	Update on sbtest3  (cost=0.43..8.45 rows=1 width=559)
	  ->  Index Scan using sbtest3_pkey on sbtest3  (cost=0.43..8.45 rows=1 width=559)
	        Index Cond: (id = 9362553)

table 4 : explain UPDATE sbtest4 SET c='foobar' WHERE id=8168579
	Update on sbtest4  (cost=0.43..8.45 rows=1 width=559)
	  ->  Index Scan using sbtest4_pkey on sbtest4  (cost=0.43..8.45 rows=1 width=559)
	        Index Cond: (id = 8168579)

table 5 : explain UPDATE sbtest5 SET c='foobar' WHERE id=507197
	Update on sbtest5  (cost=0.43..8.45 rows=1 width=559)
	  ->  Index Scan using sbtest5_pkey on sbtest5  (cost=0.43..8.45 rows=1 width=559)
	        Index Cond: (id = 507197)

table 6 : explain UPDATE sbtest6 SET c='foobar' WHERE id=6165531
	Update on sbtest6  (cost=0.43..8.45 rows=1 width=559)
	  ->  Index Scan using sbtest6_pkey on sbtest6  (cost=0.43..8.45 rows=1 width=559)
	        Index Cond: (id = 6165531)

table 7 : explain UPDATE sbtest7 SET c='foobar' WHERE id=5133592
	Update on sbtest7  (cost=0.43..8.45 rows=1 width=559)
	  ->  Index Scan using sbtest7_pkey on sbtest7  (cost=0.43..8.45 rows=1 width=559)
	        Index Cond: (id = 5133592)

table 8 : explain UPDATE sbtest8 SET c='foobar' WHERE id=24593
	Update on sbtest8  (cost=0.43..8.45 rows=1 width=559)
	  ->  Index Scan using sbtest8_pkey on sbtest8  (cost=0.43..8.45 rows=1 width=559)
	        Index Cond: (id = 24593)

for deletes
table 1 : explain DELETE FROM sbtest1 WHERE id=4590144
	Delete on sbtest1  (cost=0.43..8.45 rows=1 width=6)
	  ->  Index Scan using sbtest1_pkey on sbtest1  (cost=0.43..8.45 rows=1 width=6)
	        Index Cond: (id = 4590144)

table 2 : explain DELETE FROM sbtest2 WHERE id=6603736
	Delete on sbtest2  (cost=0.43..8.45 rows=1 width=6)
	  ->  Index Scan using sbtest2_pkey on sbtest2  (cost=0.43..8.45 rows=1 width=6)
	        Index Cond: (id = 6603736)

table 3 : explain DELETE FROM sbtest3 WHERE id=7303230
	Delete on sbtest3  (cost=0.43..8.45 rows=1 width=6)
	  ->  Index Scan using sbtest3_pkey on sbtest3  (cost=0.43..8.45 rows=1 width=6)
	        Index Cond: (id = 7303230)

table 4 : explain DELETE FROM sbtest4 WHERE id=8868888
	Delete on sbtest4  (cost=0.43..8.45 rows=1 width=6)
	  ->  Index Scan using sbtest4_pkey on sbtest4  (cost=0.43..8.45 rows=1 width=6)
	        Index Cond: (id = 8868888)

table 5 : explain DELETE FROM sbtest5 WHERE id=3426941
	Delete on sbtest5  (cost=0.43..8.45 rows=1 width=6)
	  ->  Index Scan using sbtest5_pkey on sbtest5  (cost=0.43..8.45 rows=1 width=6)
	        Index Cond: (id = 3426941)

table 6 : explain DELETE FROM sbtest6 WHERE id=9074657
	Delete on sbtest6  (cost=0.43..8.45 rows=1 width=6)
	  ->  Index Scan using sbtest6_pkey on sbtest6  (cost=0.43..8.45 rows=1 width=6)
	        Index Cond: (id = 9074657)

table 7 : explain DELETE FROM sbtest7 WHERE id=8533746
	Delete on sbtest7  (cost=0.43..8.45 rows=1 width=6)
	  ->  Index Scan using sbtest7_pkey on sbtest7  (cost=0.43..8.45 rows=1 width=6)
	        Index Cond: (id = 8533746)

table 8 : explain DELETE FROM sbtest8 WHERE id=5759502
	Delete on sbtest8  (cost=0.43..8.45 rows=1 width=6)
	  ->  Index Scan using sbtest8_pkey on sbtest8  (cost=0.43..8.45 rows=1 width=6)
	        Index Cond: (id = 5759502)

for non_index_updates
table 1 : explain UPDATE sbtest1 SET c='foobar' WHERE id=7188386
	Update on sbtest1  (cost=0.43..8.45 rows=1 width=559)
	  ->  Index Scan using sbtest1_pkey on sbtest1  (cost=0.43..8.45 rows=1 width=559)
	        Index Cond: (id = 7188386)

table 2 : explain UPDATE sbtest2 SET c='foobar' WHERE id=8836388
	Update on sbtest2  (cost=0.43..8.45 rows=1 width=559)
	  ->  Index Scan using sbtest2_pkey on sbtest2  (cost=0.43..8.45 rows=1 width=559)
	        Index Cond: (id = 8836388)

table 3 : explain UPDATE sbtest3 SET c='foobar' WHERE id=1859255
	Update on sbtest3  (cost=0.43..8.45 rows=1 width=559)
	  ->  Index Scan using sbtest3_pkey on sbtest3  (cost=0.43..8.45 rows=1 width=559)
	        Index Cond: (id = 1859255)

table 4 : explain UPDATE sbtest4 SET c='foobar' WHERE id=4620947
	Update on sbtest4  (cost=0.43..8.45 rows=1 width=559)
	  ->  Index Scan using sbtest4_pkey on sbtest4  (cost=0.43..8.45 rows=1 width=559)
	        Index Cond: (id = 4620947)

table 5 : explain UPDATE sbtest5 SET c='foobar' WHERE id=1404278
	Update on sbtest5  (cost=0.43..8.45 rows=1 width=559)
	  ->  Index Scan using sbtest5_pkey on sbtest5  (cost=0.43..8.45 rows=1 width=559)
	        Index Cond: (id = 1404278)

table 6 : explain UPDATE sbtest6 SET c='foobar' WHERE id=7993625
	Update on sbtest6  (cost=0.43..8.45 rows=1 width=559)
	  ->  Index Scan using sbtest6_pkey on sbtest6  (cost=0.43..8.45 rows=1 width=559)
	        Index Cond: (id = 7993625)

table 7 : explain UPDATE sbtest7 SET c='foobar' WHERE id=4203858
	Update on sbtest7  (cost=0.43..8.45 rows=1 width=559)
	  ->  Index Scan using sbtest7_pkey on sbtest7  (cost=0.43..8.45 rows=1 width=559)
	        Index Cond: (id = 4203858)

table 8 : explain UPDATE sbtest8 SET c='foobar' WHERE id=8974143
	Update on sbtest8  (cost=0.43..8.45 rows=1 width=559)
	  ->  Index Scan using sbtest8_pkey on sbtest8  (cost=0.43..8.45 rows=1 width=559)
	        Index Cond: (id = 8974143)

explain: for deletes :: explain DELETE FROM sbtest%u WHERE id=%u
explain: for deletes :: explain DELETE FROM sbtest%u WHERE id=%uexplain: for non_index_updates :: explain UPDATE sbtest%u SET c='foobar' WHERE id=%u

for deletes
table 1 : explain DELETE FROM sbtest1 WHERE id=1129274
	Delete on sbtest1  (cost=0.43..8.45 rows=1 width=6)
	  ->  Index Scan using sbtest1_pkey on sbtest1  (cost=0.43..8.45 rows=1 width=6)
	        Index Cond: (id = 1129274)

table 2 : explain DELETE FROM sbtest2 WHERE id=6051714
	Delete on sbtest2  (cost=0.43..8.45 rows=1 width=6)
	  ->  Index Scan using sbtest2_pkey on sbtest2  (cost=0.43..8.45 rows=1 width=6)
	        Index Cond: (id = 6051714)

table 3 : explain DELETE FROM sbtest3 WHERE id=5015059
	Delete on sbtest3  (cost=0.43..8.45 rows=1 width=6)
	  ->  Index Scan using sbtest3_pkey on sbtest3  (cost=0.43..8.45 rows=1 width=6)
	        Index Cond: (id = 5015059)

table 4 : explain DELETE FROM sbtest4 WHERE id=2370690
	Delete on sbtest4  (cost=0.43..8.45 rows=1 width=6)
	  ->  Index Scan using sbtest4_pkey on sbtest4  (cost=0.43..8.45 rows=1 width=6)
	        Index Cond: (id = 2370690)

table 5 : explain DELETE FROM sbtest5 WHERE id=4667823
	Delete on sbtest5  (cost=0.43..8.45 rows=1 width=6)
	  ->  Index Scan using sbtest5_pkey on sbtest5  (cost=0.43..8.45 rows=1 width=6)
	        Index Cond: (id = 4667823)

table 6 : explain DELETE FROM sbtest6 WHERE id=4941648
	Delete on sbtest6  (cost=0.43..8.45 rows=1 width=6)
	  ->  Index Scan using sbtest6_pkey on sbtest6  (cost=0.43..8.45 rows=1 width=6)
	        Index Cond: (id = 4941648)

table 7 : explain DELETE FROM sbtest7 WHERE id=1266943
	Delete on sbtest7  (cost=0.43..8.45 rows=1 width=6)
	  ->  Index Scan using sbtest7_pkey on sbtest7  (cost=0.43..8.45 rows=1 width=6)
	        Index Cond: (id = 1266943)

table 8 : explain DELETE FROM sbtest8 WHERE id=9127744
	Delete on sbtest8  (cost=0.43..8.45 rows=1 width=6)
	  ->  Index Scan using sbtest8_pkey on sbtest8  (cost=0.43..8.45 rows=1 width=6)
	        Index Cond: (id = 9127744)

for deletes
table 1 : explain DELETE FROM sbtest1 WHERE id=5780587
	Delete on sbtest1  (cost=0.43..8.45 rows=1 width=6)
	  ->  Index Scan using sbtest1_pkey on sbtest1  (cost=0.43..8.45 rows=1 width=6)
	        Index Cond: (id = 5780587)

table 2 : explain DELETE FROM sbtest2 WHERE id=3100851
	Delete on sbtest2  (cost=0.43..8.45 rows=1 width=6)
	  ->  Index Scan using sbtest2_pkey on sbtest2  (cost=0.43..8.45 rows=1 width=6)
	        Index Cond: (id = 3100851)

table 3 : explain DELETE FROM sbtest3 WHERE id=7149497
	Delete on sbtest3  (cost=0.43..8.45 rows=1 width=6)
	  ->  Index Scan using sbtest3_pkey on sbtest3  (cost=0.43..8.45 rows=1 width=6)
	        Index Cond: (id = 7149497)

table 4 : explain DELETE FROM sbtest4 WHERE id=5516410
	Delete on sbtest4  (cost=0.43..8.45 rows=1 width=6)
	  ->  Index Scan using sbtest4_pkey on sbtest4  (cost=0.43..8.45 rows=1 width=6)
	        Index Cond: (id = 5516410)

table 5 : explain DELETE FROM sbtest5 WHERE id=7472523
	Delete on sbtest5  (cost=0.43..8.45 rows=1 width=6)
	  ->  Index Scan using sbtest5_pkey on sbtest5  (cost=0.43..8.45 rows=1 width=6)
	        Index Cond: (id = 7472523)

table 6 : explain DELETE FROM sbtest6 WHERE id=3844963
	Delete on sbtest6  (cost=0.43..8.45 rows=1 width=6)
	  ->  Index Scan using sbtest6_pkey on sbtest6  (cost=0.43..8.45 rows=1 width=6)
	        Index Cond: (id = 3844963)

table 7 : explain DELETE FROM sbtest7 WHERE id=5137767
	Delete on sbtest7  (cost=0.43..8.45 rows=1 width=6)
	  ->  Index Scan using sbtest7_pkey on sbtest7  (cost=0.43..8.45 rows=1 width=6)
	        Index Cond: (id = 5137767)

table 8 : explain DELETE FROM sbtest8 WHERE id=1651095
	Delete on sbtest8  (cost=0.43..8.45 rows=1 width=6)
	  ->  Index Scan using sbtest8_pkey on sbtest8  (cost=0.43..8.45 rows=1 width=6)
	        Index Cond: (id = 1651095)

for non_index_updates
table 1 : explain UPDATE sbtest1 SET c='foobar' WHERE id=4989639
	Update on sbtest1  (cost=0.43..8.45 rows=1 width=559)
	  ->  Index Scan using sbtest1_pkey on sbtest1  (cost=0.43..8.45 rows=1 width=559)
	        Index Cond: (id = 4989639)

table 2 : explain UPDATE sbtest2 SET c='foobar' WHERE id=2173269
	Update on sbtest2  (cost=0.43..8.45 rows=1 width=559)
	  ->  Index Scan using sbtest2_pkey on sbtest2  (cost=0.43..8.45 rows=1 width=559)
	        Index Cond: (id = 2173269)

table 3 : explain UPDATE sbtest3 SET c='foobar' WHERE id=7963081
	Update on sbtest3  (cost=0.43..8.45 rows=1 width=559)
	  ->  Index Scan using sbtest3_pkey on sbtest3  (cost=0.43..8.45 rows=1 width=559)
	        Index Cond: (id = 7963081)

table 4 : explain UPDATE sbtest4 SET c='foobar' WHERE id=7936165
	Update on sbtest4  (cost=0.43..8.45 rows=1 width=559)
	  ->  Index Scan using sbtest4_pkey on sbtest4  (cost=0.43..8.45 rows=1 width=559)
	        Index Cond: (id = 7936165)

table 5 : explain UPDATE sbtest5 SET c='foobar' WHERE id=4837989
	Update on sbtest5  (cost=0.43..8.45 rows=1 width=559)
	  ->  Index Scan using sbtest5_pkey on sbtest5  (cost=0.43..8.45 rows=1 width=559)
	        Index Cond: (id = 4837989)

table 6 : explain UPDATE sbtest6 SET c='foobar' WHERE id=1577016
	Update on sbtest6  (cost=0.43..8.45 rows=1 width=559)
	  ->  Index Scan using sbtest6_pkey on sbtest6  (cost=0.43..8.45 rows=1 width=559)
	        Index Cond: (id = 1577016)

table 7 : explain UPDATE sbtest7 SET c='foobar' WHERE id=3417386
	Update on sbtest7  (cost=0.43..8.45 rows=1 width=559)
	  ->  Index Scan using sbtest7_pkey on sbtest7  (cost=0.43..8.45 rows=1 width=559)
	        Index Cond: (id = 3417386)

table 8 : explain UPDATE sbtest8 SET c='foobar' WHERE id=7409536
	Update on sbtest8  (cost=0.43..8.45 rows=1 width=559)
	  ->  Index Scan using sbtest8_pkey on sbtest8  (cost=0.43..8.45 rows=1 width=559)
	        Index Cond: (id = 7409536)

for: order_ranges
table 1 : explain SELECT c FROM sbtest1 WHERE id BETWEEN 7834425 AND 7834434 ORDER BY c
	Sort  (cost=39.45..39.47 rows=10 width=121)
	  Sort Key: c
	  ->  Index Scan using sbtest1_pkey on sbtest1  (cost=0.43..39.28 rows=10 width=121)
	        Index Cond: ((id >= 7834425) AND (id <= 7834434))

table 2 : explain SELECT c FROM sbtest2 WHERE id BETWEEN 492513 AND 492522 ORDER BY c
	Sort  (cost=39.34..39.37 rows=10 width=121)
	  Sort Key: c
	  ->  Index Scan using sbtest2_pkey on sbtest2  (cost=0.43..39.18 rows=10 width=121)
	        Index Cond: ((id >= 492513) AND (id <= 492522))

table 3 : explain SELECT c FROM sbtest3 WHERE id BETWEEN 4230794 AND 4230803 ORDER BY c
	Sort  (cost=35.86..35.88 rows=9 width=121)
	  Sort Key: c
	  ->  Index Scan using sbtest3_pkey on sbtest3  (cost=0.43..35.72 rows=9 width=121)
	        Index Cond: ((id >= 4230794) AND (id <= 4230803))

table 4 : explain SELECT c FROM sbtest4 WHERE id BETWEEN 4694911 AND 4694920 ORDER BY c
	Sort  (cost=39.00..39.02 rows=10 width=121)
	  Sort Key: c
	  ->  Index Scan using sbtest4_pkey on sbtest4  (cost=0.43..38.83 rows=10 width=121)
	        Index Cond: ((id >= 4694911) AND (id <= 4694920))

table 5 : explain SELECT c FROM sbtest5 WHERE id BETWEEN 3022751 AND 3022760 ORDER BY c
	Sort  (cost=38.87..38.90 rows=10 width=121)
	  Sort Key: c
	  ->  Index Scan using sbtest5_pkey on sbtest5  (cost=0.43..38.71 rows=10 width=121)
	        Index Cond: ((id >= 3022751) AND (id <= 3022760))

table 6 : explain SELECT c FROM sbtest6 WHERE id BETWEEN 6307578 AND 6307587 ORDER BY c
	Sort  (cost=38.83..38.85 rows=10 width=121)
	  Sort Key: c
	  ->  Index Scan using sbtest6_pkey on sbtest6  (cost=0.43..38.66 rows=10 width=121)
	        Index Cond: ((id >= 6307578) AND (id <= 6307587))

table 7 : explain SELECT c FROM sbtest7 WHERE id BETWEEN 4495366 AND 4495375 ORDER BY c
	Sort  (cost=35.59..35.61 rows=9 width=121)
	  Sort Key: c
	  ->  Index Scan using sbtest7_pkey on sbtest7  (cost=0.43..35.45 rows=9 width=121)
	        Index Cond: ((id >= 4495366) AND (id <= 4495375))

table 8 : explain SELECT c FROM sbtest8 WHERE id BETWEEN 5899175 AND 5899184 ORDER BY c
	Sort  (cost=38.85..38.88 rows=10 width=121)
	  Sort Key: c
	  ->  Index Scan using sbtest8_pkey on sbtest8  (cost=0.43..38.69 rows=10 width=121)
	        Index Cond: ((id >= 5899175) AND (id <= 5899184))

explain: for deletes :: explain DELETE FROM sbtest%u WHERE id=%u
explain: for inserts :: explain INSERT INTO sbtest%u (id, k, c, pad) VALUES (%u, 13, 'foobar', 'foobar')
explain: for inserts :: explain INSERT INTO sbtest%u (id, k, c, pad) VALUES (%u, 13, 'foobar', 'foobar')
for deletes
table 1 : explain DELETE FROM sbtest1 WHERE id=5403768
	Delete on sbtest1  (cost=0.43..8.45 rows=1 width=6)
	  ->  Index Scan using sbtest1_pkey on sbtest1  (cost=0.43..8.45 rows=1 width=6)
	        Index Cond: (id = 5403768)

table 2 : explain DELETE FROM sbtest2 WHERE id=2212270
	Delete on sbtest2  (cost=0.43..8.45 rows=1 width=6)
	  ->  Index Scan using sbtest2_pkey on sbtest2  (cost=0.43..8.45 rows=1 width=6)
	        Index Cond: (id = 2212270)

table 3 : explain DELETE FROM sbtest3 WHERE id=5834219
	Delete on sbtest3  (cost=0.43..8.45 rows=1 width=6)
	  ->  Index Scan using sbtest3_pkey on sbtest3  (cost=0.43..8.45 rows=1 width=6)
	        Index Cond: (id = 5834219)

table 4 : explain DELETE FROM sbtest4 WHERE id=5289513
	Delete on sbtest4  (cost=0.43..8.45 rows=1 width=6)
	  ->  Index Scan using sbtest4_pkey on sbtest4  (cost=0.43..8.45 rows=1 width=6)
	        Index Cond: (id = 5289513)

table 5 : explain DELETE FROM sbtest5 WHERE id=4762620
	Delete on sbtest5  (cost=0.43..8.45 rows=1 width=6)
	  ->  Index Scan using sbtest5_pkey on sbtest5  (cost=0.43..8.45 rows=1 width=6)
	        Index Cond: (id = 4762620)

table 6 : explain DELETE FROM sbtest6 WHERE id=1892179
	Delete on sbtest6  (cost=0.43..8.45 rows=1 width=6)
	  ->  Index Scan using sbtest6_pkey on sbtest6  (cost=0.43..8.45 rows=1 width=6)
	        Index Cond: (id = 1892179)

table 7 : explain DELETE FROM sbtest7 WHERE id=1219064
	Delete on sbtest7  (cost=0.43..8.45 rows=1 width=6)
	  ->  Index Scan using sbtest7_pkey on sbtest7  (cost=0.43..8.45 rows=1 width=6)
	        Index Cond: (id = 1219064)

table 8 : explain DELETE FROM sbtest8 WHERE id=986839
	Delete on sbtest8  (cost=0.43..8.45 rows=1 width=6)
	  ->  Index Scan using sbtest8_pkey on sbtest8  (cost=0.43..8.45 rows=1 width=6)
	        Index Cond: (id = 986839)

for inserts
table 1 : explain INSERT INTO sbtest1 (id, k, c, pad) VALUES (203387, 13, 'foobar', 'foobar')
	Insert on sbtest1  (cost=0.00..0.01 rows=1 width=736)
	  ->  Result  (cost=0.00..0.01 rows=1 width=736)

table 2 : explain INSERT INTO sbtest2 (id, k, c, pad) VALUES (3666488, 13, 'foobar', 'foobar')
	Insert on sbtest2  (cost=0.00..0.01 rows=1 width=736)
	  ->  Result  (cost=0.00..0.01 rows=1 width=736)

table 3 : explain INSERT INTO sbtest3 (id, k, c, pad) VALUES (7384149, 13, 'foobar', 'foobar')
	Insert on sbtest3  (cost=0.00..0.01 rows=1 width=736)
	  ->  Result  (cost=0.00..0.01 rows=1 width=736)

table 4 : explain INSERT INTO sbtest4 (id, k, c, pad) VALUES (6702396, 13, 'foobar', 'foobar')
	Insert on sbtest4  (cost=0.00..0.01 rows=1 width=736)
	  ->  Result  (cost=0.00..0.01 rows=1 width=736)

table 5 : explain INSERT INTO sbtest5 (id, k, c, pad) VALUES (2261888, 13, 'foobar', 'foobar')
	Insert on sbtest5  (cost=0.00..0.01 rows=1 width=736)
	  ->  Result  (cost=0.00..0.01 rows=1 width=736)

table 6 : explain INSERT INTO sbtest6 (id, k, c, pad) VALUES (8308896, 13, 'foobar', 'foobar')
	Insert on sbtest6  (cost=0.00..0.01 rows=1 width=736)
	  ->  Result  (cost=0.00..0.01 rows=1 width=736)

table 7 : explain INSERT INTO sbtest7 (id, k, c, pad) VALUES (1973430, 13, 'foobar', 'foobar')
	Insert on sbtest7  (cost=0.00..0.01 rows=1 width=736)
	  ->  Result  (cost=0.00..0.01 rows=1 width=736)

table 8 : explain INSERT INTO sbtest8 (id, k, c, pad) VALUES (1245014, 13, 'foobar', 'foobar')
	Insert on sbtest8  (cost=0.00..0.01 rows=1 width=736)
	  ->  Result  (cost=0.00..0.01 rows=1 width=736)

for deletes
table 1 : explain DELETE FROM sbtest1 WHERE id=8374654
	Delete on sbtest1  (cost=0.43..8.45 rows=1 width=6)
	  ->  Index Scan using sbtest1_pkey on sbtest1  (cost=0.43..8.45 rows=1 width=6)
	        Index Cond: (id = 8374654)

table 2 : explain DELETE FROM sbtest2 WHERE id=1850474
	Delete on sbtest2  (cost=0.43..8.45 rows=1 width=6)
	  ->  Index Scan using sbtest2_pkey on sbtest2  (cost=0.43..8.45 rows=1 width=6)
	        Index Cond: (id = 1850474)

table 3 : explain DELETE FROM sbtest3 WHERE id=8291793
	Delete on sbtest3  (cost=0.43..8.45 rows=1 width=6)
	  ->  Index Scan using sbtest3_pkey on sbtest3  (cost=0.43..8.45 rows=1 width=6)
	        Index Cond: (id = 8291793)

table 4 : explain DELETE FROM sbtest4 WHERE id=790217
	Delete on sbtest4  (cost=0.43..8.45 rows=1 width=6)
	  ->  Index Scan using sbtest4_pkey on sbtest4  (cost=0.43..8.45 rows=1 width=6)
	        Index Cond: (id = 790217)

table 5 : explain DELETE FROM sbtest5 WHERE id=1007355
	Delete on sbtest5  (cost=0.43..8.45 rows=1 width=6)
	  ->  Index Scan using sbtest5_pkey on sbtest5  (cost=0.43..8.45 rows=1 width=6)
	        Index Cond: (id = 1007355)

table 6 : explain DELETE FROM sbtest6 WHERE id=6759378
	Delete on sbtest6  (cost=0.43..8.45 rows=1 width=6)
	  ->  Index Scan using sbtest6_pkey on sbtest6  (cost=0.43..8.45 rows=1 width=6)
	        Index Cond: (id = 6759378)

table 7 : explain DELETE FROM sbtest7 WHERE id=3123352
	Delete on sbtest7  (cost=0.43..8.45 rows=1 width=6)
	  ->  Index Scan using sbtest7_pkey on sbtest7  (cost=0.43..8.45 rows=1 width=6)
	        Index Cond: (id = 3123352)

table 8 : explain DELETE FROM sbtest8 WHERE id=1044027
	Delete on sbtest8  (cost=0.43..8.45 rows=1 width=6)
	  ->  Index Scan using sbtest8_pkey on sbtest8  (cost=0.43..8.45 rows=1 width=6)
	        Index Cond: (id = 1044027)

explain: for inserts :: explain INSERT INTO sbtest%u (id, k, c, pad) VALUES (%u, 13, 'foobar', 'foobar')
for: distinct_ranges
table 1 : explain SELECT DISTINCT c FROM sbtest1 WHERE id BETWEEN 4007931 AND 4007940 ORDER BY c
	Unique  (cost=39.45..39.50 rows=10 width=121)
	  ->  Sort  (cost=39.45..39.47 rows=10 width=121)
	        Sort Key: c
	        ->  Index Scan using sbtest1_pkey on sbtest1  (cost=0.43..39.28 rows=10 width=121)
	              Index Cond: ((id >= 4007931) AND (id <= 4007940))

table 2 : explain SELECT DISTINCT c FROM sbtest2 WHERE id BETWEEN 2310073 AND 2310082 ORDER BY c
	Unique  (cost=39.34..39.39 rows=10 width=121)
	  ->  Sort  (cost=39.34..39.37 rows=10 width=121)
	        Sort Key: c
	        ->  Index Scan using sbtest2_pkey on sbtest2  (cost=0.43..39.18 rows=10 width=121)
	              Index Cond: ((id >= 2310073) AND (id <= 2310082))

table 3 : explain SELECT DISTINCT c FROM sbtest3 WHERE id BETWEEN 903979 AND 903988 ORDER BY c
	Unique  (cost=35.86..35.91 rows=9 width=121)
	  ->  Sort  (cost=35.86..35.88 rows=9 width=121)
	        Sort Key: c
	        ->  Index Scan using sbtest3_pkey on sbtest3  (cost=0.43..35.72 rows=9 width=121)
	              Index Cond: ((id >= 903979) AND (id <= 903988))

table 4 : explain SELECT DISTINCT c FROM sbtest4 WHERE id BETWEEN 9341873 AND 9341882 ORDER BY c
	Unique  (cost=39.00..39.05 rows=10 width=121)
	  ->  Sort  (cost=39.00..39.02 rows=10 width=121)
	        Sort Key: c
	        ->  Index Scan using sbtest4_pkey on sbtest4  (cost=0.43..38.83 rows=10 width=121)
	              Index Cond: ((id >= 9341873) AND (id <= 9341882))

table 5 : explain SELECT DISTINCT c FROM sbtest5 WHERE id BETWEEN 896709 AND 896718 ORDER BY c
	Unique  (cost=38.87..38.92 rows=10 width=121)
	  ->  Sort  (cost=38.87..38.90 rows=10 width=121)
	        Sort Key: c
	        ->  Index Scan using sbtest5_pkey on sbtest5  (cost=0.43..38.71 rows=10 width=121)
	              Index Cond: ((id >= 896709) AND (id <= 896718))

table 6 : explain SELECT DISTINCT c FROM sbtest6 WHERE id BETWEEN 6691677 AND 6691686 ORDER BY c
	Unique  (cost=32.07..32.11 rows=8 width=121)
	  ->  Sort  (cost=32.07..32.09 rows=8 width=121)
	        Sort Key: c
	        ->  Index Scan using sbtest6_pkey on sbtest6  (cost=0.43..31.95 rows=8 width=121)
	              Index Cond: ((id >= 6691677) AND (id <= 6691686))

table 7 : explain SELECT DISTINCT c FROM sbtest7 WHERE id BETWEEN 5960801 AND 5960810 ORDER BY c
	Unique  (cost=42.38..42.44 rows=11 width=121)
	  ->  Sort  (cost=42.38..42.41 rows=11 width=121)
	        Sort Key: c
	        ->  Index Scan using sbtest7_pkey on sbtest7  (cost=0.43..42.19 rows=11 width=121)
	              Index Cond: ((id >= 5960801) AND (id <= 5960810))

table 8 : explain SELECT DISTINCT c FROM sbtest8 WHERE id BETWEEN 6625309 AND 6625318 ORDER BY c
	Unique  (cost=35.47..35.51 rows=9 width=121)
	  ->  Sort  (cost=35.47..35.49 rows=9 width=121)
	        Sort Key: c
	        ->  Index Scan using sbtest8_pkey on sbtest8  (cost=0.43..35.33 rows=9 width=121)
	              Index Cond: ((id >= 6625309) AND (id <= 6625318))

for inserts
table 1 : explain INSERT INTO sbtest1 (id, k, c, pad) VALUES (6514492, 13, 'foobar', 'foobar')
	Insert on sbtest1  (cost=0.00..0.01 rows=1 width=736)
	  ->  Result  (cost=0.00..0.01 rows=1 width=736)

table 2 : explain INSERT INTO sbtest2 (id, k, c, pad) VALUES (8957491, 13, 'foobar', 'foobar')
	Insert on sbtest2  (cost=0.00..0.01 rows=1 width=736)
	  ->  Result  (cost=0.00..0.01 rows=1 width=736)

table 3 : explain INSERT INTO sbtest3 (id, k, c, pad) VALUES (8909103, 13, 'foobar', 'foobar')
	Insert on sbtest3  (cost=0.00..0.01 rows=1 width=736)
	  ->  Result  (cost=0.00..0.01 rows=1 width=736)

table 4 : explain INSERT INTO sbtest4 (id, k, c, pad) VALUES (6259886, 13, 'foobar', 'foobar')
	Insert on sbtest4  (cost=0.00..0.01 rows=1 width=736)
	  ->  Result  (cost=0.00..0.01 rows=1 width=736)

table 5 : explain INSERT INTO sbtest5 (id, k, c, pad) VALUES (4513930, 13, 'foobar', 'foobar')
	Insert on sbtest5  (cost=0.00..0.01 rows=1 width=736)
	  ->  Result  (cost=0.00..0.01 rows=1 width=736)

table 6 : explain INSERT INTO sbtest6 (id, k, c, pad) VALUES (7537209, 13, 'foobar', 'foobar')
	Insert on sbtest6  (cost=0.00..0.01 rows=1 width=736)
	  ->  Result  (cost=0.00..0.01 rows=1 width=736)

table 7 : explain INSERT INTO sbtest7 (id, k, c, pad) VALUES (5258467, 13, 'foobar', 'foobar')
	Insert on sbtest7  (cost=0.00..0.01 rows=1 width=736)
	  ->  Result  (cost=0.00..0.01 rows=1 width=736)

table 8 : explain INSERT INTO sbtest8 (id, k, c, pad) VALUES (3050128, 13, 'foobar', 'foobar')
	Insert on sbtest8  (cost=0.00..0.01 rows=1 width=736)
	  ->  Result  (cost=0.00..0.01 rows=1 width=736)

for inserts
table 1 : explain INSERT INTO sbtest1 (id, k, c, pad) VALUES (1646290, 13, 'foobar', 'foobar')
	Insert on sbtest1  (cost=0.00..0.01 rows=1 width=736)
	  ->  Result  (cost=0.00..0.01 rows=1 width=736)

table 2 : explain INSERT INTO sbtest2 (id, k, c, pad) VALUES (266568, 13, 'foobar', 'foobar')
	Insert on sbtest2  (cost=0.00..0.01 rows=1 width=736)
	  ->  Result  (cost=0.00..0.01 rows=1 width=736)

table 3 : explain INSERT INTO sbtest3 (id, k, c, pad) VALUES (7273798, 13, 'foobar', 'foobar')
	Insert on sbtest3  (cost=0.00..0.01 rows=1 width=736)
	  ->  Result  (cost=0.00..0.01 rows=1 width=736)

table 4 : explain INSERT INTO sbtest4 (id, k, c, pad) VALUES (5654206, 13, 'foobar', 'foobar')
	Insert on sbtest4  (cost=0.00..0.01 rows=1 width=736)
	  ->  Result  (cost=0.00..0.01 rows=1 width=736)

table 5 : explain INSERT INTO sbtest5 (id, k, c, pad) VALUES (1169622, 13, 'foobar', 'foobar')
	Insert on sbtest5  (cost=0.00..0.01 rows=1 width=736)
	  ->  Result  (cost=0.00..0.01 rows=1 width=736)

table 6 : explain INSERT INTO sbtest6 (id, k, c, pad) VALUES (9350651, 13, 'foobar', 'foobar')
	Insert on sbtest6  (cost=0.00..0.01 rows=1 width=736)
	  ->  Result  (cost=0.00..0.01 rows=1 width=736)

table 7 : explain INSERT INTO sbtest7 (id, k, c, pad) VALUES (6257647, 13, 'foobar', 'foobar')
	Insert on sbtest7  (cost=0.00..0.01 rows=1 width=736)
	  ->  Result  (cost=0.00..0.01 rows=1 width=736)

table 8 : explain INSERT INTO sbtest8 (id, k, c, pad) VALUES (8972002, 13, 'foobar', 'foobar')
	Insert on sbtest8  (cost=0.00..0.01 rows=1 width=736)
	  ->  Result  (cost=0.00..0.01 rows=1 width=736)

explain: for index_updates :: explain UPDATE sbtest%u SET k=k+1 WHERE id=%u
explain: for inserts :: explain INSERT INTO sbtest%u (id, k, c, pad) VALUES (%u, 13, 'foobar', 'foobar')
for deletes
table 1 : explain DELETE FROM sbtest1 WHERE id=6013352
	Delete on sbtest1  (cost=0.43..8.45 rows=1 width=6)
	  ->  Index Scan using sbtest1_pkey on sbtest1  (cost=0.43..8.45 rows=1 width=6)
	        Index Cond: (id = 6013352)

table 2 : explain DELETE FROM sbtest2 WHERE id=6565443
	Delete on sbtest2  (cost=0.43..8.45 rows=1 width=6)
	  ->  Index Scan using sbtest2_pkey on sbtest2  (cost=0.43..8.45 rows=1 width=6)
	        Index Cond: (id = 6565443)

table 3 : explain DELETE FROM sbtest3 WHERE id=5363690
	Delete on sbtest3  (cost=0.43..8.45 rows=1 width=6)
	  ->  Index Scan using sbtest3_pkey on sbtest3  (cost=0.43..8.45 rows=1 width=6)
	        Index Cond: (id = 5363690)

table 4 : explain DELETE FROM sbtest4 WHERE id=1145534
	Delete on sbtest4  (cost=0.43..8.45 rows=1 width=6)
	  ->  Index Scan using sbtest4_pkey on sbtest4  (cost=0.43..8.45 rows=1 width=6)
	        Index Cond: (id = 1145534)

table 5 : explain DELETE FROM sbtest5 WHERE id=6891738
	Delete on sbtest5  (cost=0.43..8.45 rows=1 width=6)
	  ->  Index Scan using sbtest5_pkey on sbtest5  (cost=0.43..8.45 rows=1 width=6)
	        Index Cond: (id = 6891738)

table 6 : explain DELETE FROM sbtest6 WHERE id=2265327
	Delete on sbtest6  (cost=0.43..8.45 rows=1 width=6)
	  ->  Index Scan using sbtest6_pkey on sbtest6  (cost=0.43..8.45 rows=1 width=6)
	        Index Cond: (id = 2265327)

table 7 : explain DELETE FROM sbtest7 WHERE id=7757579
	Delete on sbtest7  (cost=0.43..8.45 rows=1 width=6)
	  ->  Index Scan using sbtest7_pkey on sbtest7  (cost=0.43..8.45 rows=1 width=6)
	        Index Cond: (id = 7757579)

table 8 : explain DELETE FROM sbtest8 WHERE id=9144623
	Delete on sbtest8  (cost=0.43..8.45 rows=1 width=6)
	  ->  Index Scan using sbtest8_pkey on sbtest8  (cost=0.43..8.45 rows=1 width=6)
	        Index Cond: (id = 9144623)

for inserts
table 1 : explain INSERT INTO sbtest1 (id, k, c, pad) VALUES (8031328, 13, 'foobar', 'foobar')
	Insert on sbtest1  (cost=0.00..0.01 rows=1 width=736)
	  ->  Result  (cost=0.00..0.01 rows=1 width=736)

table 2 : explain INSERT INTO sbtest2 (id, k, c, pad) VALUES (4429124, 13, 'foobar', 'foobar')
	Insert on sbtest2  (cost=0.00..0.01 rows=1 width=736)
	  ->  Result  (cost=0.00..0.01 rows=1 width=736)

table 3 : explain INSERT INTO sbtest3 (id, k, c, pad) VALUES (8958703, 13, 'foobar', 'foobar')
	Insert on sbtest3  (cost=0.00..0.01 rows=1 width=736)
	  ->  Result  (cost=0.00..0.01 rows=1 width=736)

table 4 : explain INSERT INTO sbtest4 (id, k, c, pad) VALUES (6694859, 13, 'foobar', 'foobar')
	Insert on sbtest4  (cost=0.00..0.01 rows=1 width=736)
	  ->  Result  (cost=0.00..0.01 rows=1 width=736)

table 5 : explain INSERT INTO sbtest5 (id, k, c, pad) VALUES (8060754, 13, 'foobar', 'foobar')
	Insert on sbtest5  (cost=0.00..0.01 rows=1 width=736)
	  ->  Result  (cost=0.00..0.01 rows=1 width=736)

table 6 : explain INSERT INTO sbtest6 (id, k, c, pad) VALUES (5256226, 13, 'foobar', 'foobar')
	Insert on sbtest6  (cost=0.00..0.01 rows=1 width=736)
	  ->  Result  (cost=0.00..0.01 rows=1 width=736)

table 7 : explain INSERT INTO sbtest7 (id, k, c, pad) VALUES (1672323, 13, 'foobar', 'foobar')
	Insert on sbtest7  (cost=0.00..0.01 rows=1 width=736)
	  ->  Result  (cost=0.00..0.01 rows=1 width=736)

table 8 : explain INSERT INTO sbtest8 (id, k, c, pad) VALUES (4187044, 13, 'foobar', 'foobar')
	Insert on sbtest8  (cost=0.00..0.01 rows=1 width=736)
	  ->  Result  (cost=0.00..0.01 rows=1 width=736)

for: distinct_ranges
table 1 : explain SELECT DISTINCT c FROM sbtest1 WHERE id BETWEEN 9773121 AND 9773130 ORDER BY c
	Unique  (cost=42.90..42.95 rows=11 width=121)
	  ->  Sort  (cost=42.90..42.92 rows=11 width=121)
	        Sort Key: c
	        ->  Index Scan using sbtest1_pkey on sbtest1  (cost=0.43..42.71 rows=11 width=121)
	              Index Cond: ((id >= 9773121) AND (id <= 9773130))

table 2 : explain SELECT DISTINCT c FROM sbtest2 WHERE id BETWEEN 4022442 AND 4022451 ORDER BY c
	Unique  (cost=39.34..39.39 rows=10 width=121)
	  ->  Sort  (cost=39.34..39.37 rows=10 width=121)
	        Sort Key: c
	        ->  Index Scan using sbtest2_pkey on sbtest2  (cost=0.43..39.18 rows=10 width=121)
	              Index Cond: ((id >= 4022442) AND (id <= 4022451))

table 3 : explain SELECT DISTINCT c FROM sbtest3 WHERE id BETWEEN 3151241 AND 3151250 ORDER BY c
	Unique  (cost=42.72..42.78 rows=11 width=121)
	  ->  Sort  (cost=42.72..42.75 rows=11 width=121)
	        Sort Key: c
	        ->  Index Scan using sbtest3_pkey on sbtest3  (cost=0.43..42.53 rows=11 width=121)
	              Index Cond: ((id >= 3151241) AND (id <= 3151250))

table 4 : explain SELECT DISTINCT c FROM sbtest4 WHERE id BETWEEN 90060 AND 90069 ORDER BY c
	Unique  (cost=35.60..35.64 rows=9 width=121)
	  ->  Sort  (cost=35.60..35.62 rows=9 width=121)
	        Sort Key: c
	        ->  Index Scan using sbtest4_pkey on sbtest4  (cost=0.43..35.46 rows=9 width=121)
	              Index Cond: ((id >= 90060) AND (id <= 90069))

table 5 : explain SELECT DISTINCT c FROM sbtest5 WHERE id BETWEEN 4835313 AND 4835322 ORDER BY c
	Unique  (cost=38.87..38.92 rows=10 width=121)
	  ->  Sort  (cost=38.87..38.90 rows=10 width=121)
	        Sort Key: c
	        ->  Index Scan using sbtest5_pkey on sbtest5  (cost=0.43..38.71 rows=10 width=121)
	              Index Cond: ((id >= 4835313) AND (id <= 4835322))

table 6 : explain SELECT DISTINCT c FROM sbtest6 WHERE id BETWEEN 7343559 AND 7343568 ORDER BY c
	Unique  (cost=35.45..35.49 rows=9 width=121)
	  ->  Sort  (cost=35.45..35.47 rows=9 width=121)
	        Sort Key: c
	        ->  Index Scan using sbtest6_pkey on sbtest6  (cost=0.43..35.31 rows=9 width=121)
	              Index Cond: ((id >= 7343559) AND (id <= 7343568))

table 7 : explain SELECT DISTINCT c FROM sbtest7 WHERE id BETWEEN 4371022 AND 4371031 ORDER BY c
	Unique  (cost=38.99..39.04 rows=10 width=121)
	  ->  Sort  (cost=38.99..39.01 rows=10 width=121)
	        Sort Key: c
	        ->  Index Scan using sbtest7_pkey on sbtest7  (cost=0.43..38.82 rows=10 width=121)
	              Index Cond: ((id >= 4371022) AND (id <= 4371031))

table 8 : explain SELECT DISTINCT c FROM sbtest8 WHERE id BETWEEN 4355478 AND 4355487 ORDER BY c
	Unique  (cost=38.85..38.90 rows=10 width=121)
	  ->  Sort  (cost=38.85..38.88 rows=10 width=121)
	        Sort Key: c
	        ->  Index Scan using sbtest8_pkey on sbtest8  (cost=0.43..38.69 rows=10 width=121)
	              Index Cond: ((id >= 4355478) AND (id <= 4355487))

explain: for inserts :: explain INSERT INTO sbtest%u (id, k, c, pad) VALUES (%u, 13, 'foobar', 'foobar')
explain: for inserts :: explain INSERT INTO sbtest%u (id, k, c, pad) VALUES (%u, 13, 'foobar', 'foobar')
for index_updates
table 1 : explain UPDATE sbtest1 SET k=k+1 WHERE id=9232
	Update on sbtest1  (cost=0.43..8.46 rows=1 width=196)
	  ->  Index Scan using sbtest1_pkey on sbtest1  (cost=0.43..8.46 rows=1 width=196)
	        Index Cond: (id = 9232)

table 2 : explain UPDATE sbtest2 SET k=k+1 WHERE id=1497174
	Update on sbtest2  (cost=0.43..8.46 rows=1 width=196)
	  ->  Index Scan using sbtest2_pkey on sbtest2  (cost=0.43..8.46 rows=1 width=196)
	        Index Cond: (id = 1497174)

table 3 : explain UPDATE sbtest3 SET k=k+1 WHERE id=1806105
	Update on sbtest3  (cost=0.43..8.46 rows=1 width=196)
	  ->  Index Scan using sbtest3_pkey on sbtest3  (cost=0.43..8.46 rows=1 width=196)
	        Index Cond: (id = 1806105)

table 4 : explain UPDATE sbtest4 SET k=k+1 WHERE id=4227161
	Update on sbtest4  (cost=0.43..8.46 rows=1 width=196)
	  ->  Index Scan using sbtest4_pkey on sbtest4  (cost=0.43..8.46 rows=1 width=196)
	        Index Cond: (id = 4227161)

table 5 : explain UPDATE sbtest5 SET k=k+1 WHERE id=6571517
	Update on sbtest5  (cost=0.43..8.46 rows=1 width=196)
	  ->  Index Scan using sbtest5_pkey on sbtest5  (cost=0.43..8.46 rows=1 width=196)
	        Index Cond: (id = 6571517)

table 6 : explain UPDATE sbtest6 SET k=k+1 WHERE id=5208324
	Update on sbtest6  (cost=0.43..8.46 rows=1 width=196)
	  ->  Index Scan using sbtest6_pkey on sbtest6  (cost=0.43..8.46 rows=1 width=196)
	        Index Cond: (id = 5208324)

table 7 : explain UPDATE sbtest7 SET k=k+1 WHERE id=1924116
	Update on sbtest7  (cost=0.43..8.46 rows=1 width=196)
	  ->  Index Scan using sbtest7_pkey on sbtest7  (cost=0.43..8.46 rows=1 width=196)
	        Index Cond: (id = 1924116)

table 8 : explain UPDATE sbtest8 SET k=k+1 WHERE id=287543
	Update on sbtest8  (cost=0.43..8.46 rows=1 width=196)
	  ->  Index Scan using sbtest8_pkey on sbtest8  (cost=0.43..8.46 rows=1 width=196)
	        Index Cond: (id = 287543)

explain: for index_updates :: explain UPDATE sbtest%u SET k=k+1 WHERE id=%u
explain: for inserts :: explain INSERT INTO sbtest%u (id, k, c, pad) VALUES (%u, 13, 'foobar', 'foobar')
explain: for non_index_updates :: explain UPDATE sbtest%u SET c='foobar' WHERE id=%u
for inserts
table 1 : explain INSERT INTO sbtest1 (id, k, c, pad) VALUES (3485085, 13, 'foobar', 'foobar')
	Insert on sbtest1  (cost=0.00..0.01 rows=1 width=736)
	  ->  Result  (cost=0.00..0.01 rows=1 width=736)

table 2 : explain INSERT INTO sbtest2 (id, k, c, pad) VALUES (305190, 13, 'foobar', 'foobar')
	Insert on sbtest2  (cost=0.00..0.01 rows=1 width=736)
	  ->  Result  (cost=0.00..0.01 rows=1 width=736)

table 3 : explain INSERT INTO sbtest3 (id, k, c, pad) VALUES (2867299, 13, 'foobar', 'foobar')
	Insert on sbtest3  (cost=0.00..0.01 rows=1 width=736)
	  ->  Result  (cost=0.00..0.01 rows=1 width=736)

table 4 : explain INSERT INTO sbtest4 (id, k, c, pad) VALUES (8727290, 13, 'foobar', 'foobar')
	Insert on sbtest4  (cost=0.00..0.01 rows=1 width=736)
	  ->  Result  (cost=0.00..0.01 rows=1 width=736)

table 5 : explain INSERT INTO sbtest5 (id, k, c, pad) VALUES (6713796, 13, 'foobar', 'foobar')
	Insert on sbtest5  (cost=0.00..0.01 rows=1 width=736)
	  ->  Result  (cost=0.00..0.01 rows=1 width=736)

table 6 : explain INSERT INTO sbtest6 (id, k, c, pad) VALUES (4891397, 13, 'foobar', 'foobar')
	Insert on sbtest6  (cost=0.00..0.01 rows=1 width=736)
	  ->  Result  (cost=0.00..0.01 rows=1 width=736)

table 7 : explain INSERT INTO sbtest7 (id, k, c, pad) VALUES (6317154, 13, 'foobar', 'foobar')
	Insert on sbtest7  (cost=0.00..0.01 rows=1 width=736)
	  ->  Result  (cost=0.00..0.01 rows=1 width=736)

table 8 : explain INSERT INTO sbtest8 (id, k, c, pad) VALUES (2644098, 13, 'foobar', 'foobar')
	Insert on sbtest8  (cost=0.00..0.01 rows=1 width=736)
	  ->  Result  (cost=0.00..0.01 rows=1 width=736)

for inserts
table 1 : explain INSERT INTO sbtest1 (id, k, c, pad) VALUES (4574934, 13, 'foobar', 'foobar')
	Insert on sbtest1  (cost=0.00..0.01 rows=1 width=736)
	  ->  Result  (cost=0.00..0.01 rows=1 width=736)

table 2 : explain INSERT INTO sbtest2 (id, k, c, pad) VALUES (7430265, 13, 'foobar', 'foobar')
	Insert on sbtest2  (cost=0.00..0.01 rows=1 width=736)
	  ->  Result  (cost=0.00..0.01 rows=1 width=736)

table 3 : explain INSERT INTO sbtest3 (id, k, c, pad) VALUES (7868645, 13, 'foobar', 'foobar')
	Insert on sbtest3  (cost=0.00..0.01 rows=1 width=736)
	  ->  Result  (cost=0.00..0.01 rows=1 width=736)

table 4 : explain INSERT INTO sbtest4 (id, k, c, pad) VALUES (617824, 13, 'foobar', 'foobar')
	Insert on sbtest4  (cost=0.00..0.01 rows=1 width=736)
	  ->  Result  (cost=0.00..0.01 rows=1 width=736)

table 5 : explain INSERT INTO sbtest5 (id, k, c, pad) VALUES (6577058, 13, 'foobar', 'foobar')
	Insert on sbtest5  (cost=0.00..0.01 rows=1 width=736)
	  ->  Result  (cost=0.00..0.01 rows=1 width=736)

table 6 : explain INSERT INTO sbtest6 (id, k, c, pad) VALUES (8535494, 13, 'foobar', 'foobar')
	Insert on sbtest6  (cost=0.00..0.01 rows=1 width=736)
	  ->  Result  (cost=0.00..0.01 rows=1 width=736)

table 7 : explain INSERT INTO sbtest7 (id, k, c, pad) VALUES (1376494, 13, 'foobar', 'foobar')
	Insert on sbtest7  (cost=0.00..0.01 rows=1 width=736)
	  ->  Result  (cost=0.00..0.01 rows=1 width=736)

table 8 : explain INSERT INTO sbtest8 (id, k, c, pad) VALUES (2729587, 13, 'foobar', 'foobar')
	Insert on sbtest8  (cost=0.00..0.01 rows=1 width=736)
	  ->  Result  (cost=0.00..0.01 rows=1 width=736)

for inserts
table 1 : explain INSERT INTO sbtest1 (id, k, c, pad) VALUES (8939350, 13, 'foobar', 'foobar')
	Insert on sbtest1  (cost=0.00..0.01 rows=1 width=736)
	  ->  Result  (cost=0.00..0.01 rows=1 width=736)

table 2 : explain INSERT INTO sbtest2 (id, k, c, pad) VALUES (1403863, 13, 'foobar', 'foobar')
	Insert on sbtest2  (cost=0.00..0.01 rows=1 width=736)
	  ->  Result  (cost=0.00..0.01 rows=1 width=736)

table 3 : explain INSERT INTO sbtest3 (id, k, c, pad) VALUES (5128300, 13, 'foobar', 'foobar')
	Insert on sbtest3  (cost=0.00..0.01 rows=1 width=736)
	  ->  Result  (cost=0.00..0.01 rows=1 width=736)

table 4 : explain INSERT INTO sbtest4 (id, k, c, pad) VALUES (8364901, 13, 'foobar', 'foobar')
	Insert on sbtest4  (cost=0.00..0.01 rows=1 width=736)
	  ->  Result  (cost=0.00..0.01 rows=1 width=736)

table 5 : explain INSERT INTO sbtest5 (id, k, c, pad) VALUES (8247803, 13, 'foobar', 'foobar')
	Insert on sbtest5  (cost=0.00..0.01 rows=1 width=736)
	  ->  Result  (cost=0.00..0.01 rows=1 width=736)

table 6 : explain INSERT INTO sbtest6 (id, k, c, pad) VALUES (1868048, 13, 'foobar', 'foobar')
	Insert on sbtest6  (cost=0.00..0.01 rows=1 width=736)
	  ->  Result  (cost=0.00..0.01 rows=1 width=736)

table 7 : explain INSERT INTO sbtest7 (id, k, c, pad) VALUES (9689926, 13, 'foobar', 'foobar')
	Insert on sbtest7  (cost=0.00..0.01 rows=1 width=736)
	  ->  Result  (cost=0.00..0.01 rows=1 width=736)

table 8 : explain INSERT INTO sbtest8 (id, k, c, pad) VALUES (3949629, 13, 'foobar', 'foobar')
	Insert on sbtest8  (cost=0.00..0.01 rows=1 width=736)
	  ->  Result  (cost=0.00..0.01 rows=1 width=736)

for non_index_updates
table 1 : explain UPDATE sbtest1 SET c='foobar' WHERE id=1579131
	Update on sbtest1  (cost=0.43..8.45 rows=1 width=559)
	  ->  Index Scan using sbtest1_pkey on sbtest1  (cost=0.43..8.45 rows=1 width=559)
	        Index Cond: (id = 1579131)

table 2 : explain UPDATE sbtest2 SET c='foobar' WHERE id=2904043
	Update on sbtest2  (cost=0.43..8.45 rows=1 width=559)
	  ->  Index Scan using sbtest2_pkey on sbtest2  (cost=0.43..8.45 rows=1 width=559)
	        Index Cond: (id = 2904043)

table 3 : explain UPDATE sbtest3 SET c='foobar' WHERE id=6995054
	Update on sbtest3  (cost=0.43..8.45 rows=1 width=559)
	  ->  Index Scan using sbtest3_pkey on sbtest3  (cost=0.43..8.45 rows=1 width=559)
	        Index Cond: (id = 6995054)

table 4 : explain UPDATE sbtest4 SET c='foobar' WHERE id=953993
	Update on sbtest4  (cost=0.43..8.45 rows=1 width=559)
	  ->  Index Scan using sbtest4_pkey on sbtest4  (cost=0.43..8.45 rows=1 width=559)
	        Index Cond: (id = 953993)

table 5 : explain UPDATE sbtest5 SET c='foobar' WHERE id=4476961
	Update on sbtest5  (cost=0.43..8.45 rows=1 width=559)
	  ->  Index Scan using sbtest5_pkey on sbtest5  (cost=0.43..8.45 rows=1 width=559)
	        Index Cond: (id = 4476961)

table 6 : explain UPDATE sbtest6 SET c='foobar' WHERE id=2904061
	Update on sbtest6  (cost=0.43..8.45 rows=1 width=559)
	  ->  Index Scan using sbtest6_pkey on sbtest6  (cost=0.43..8.45 rows=1 width=559)
	        Index Cond: (id = 2904061)

table 7 : explain UPDATE sbtest7 SET c='foobar' WHERE id=5136015
	Update on sbtest7  (cost=0.43..8.45 rows=1 width=559)
	  ->  Index Scan using sbtest7_pkey on sbtest7  (cost=0.43..8.45 rows=1 width=559)
	        Index Cond: (id = 5136015)

table 8 : explain UPDATE sbtest8 SET c='foobar' WHERE id=6258195
	Update on sbtest8  (cost=0.43..8.45 rows=1 width=559)
	  ->  Index Scan using sbtest8_pkey on sbtest8  (cost=0.43..8.45 rows=1 width=559)
	        Index Cond: (id = 6258195)

for index_updates
table 1 : explain UPDATE sbtest1 SET k=k+1 WHERE id=3628313
	Update on sbtest1  (cost=0.43..8.46 rows=1 width=196)
	  ->  Index Scan using sbtest1_pkey on sbtest1  (cost=0.43..8.46 rows=1 width=196)
	        Index Cond: (id = 3628313)

table 2 : explain UPDATE sbtest2 SET k=k+1 WHERE id=2878708
	Update on sbtest2  (cost=0.43..8.46 rows=1 width=196)
	  ->  Index Scan using sbtest2_pkey on sbtest2  (cost=0.43..8.46 rows=1 width=196)
	        Index Cond: (id = 2878708)

table 3 : explain UPDATE sbtest3 SET k=k+1 WHERE id=7140765
	Update on sbtest3  (cost=0.43..8.46 rows=1 width=196)
	  ->  Index Scan using sbtest3_pkey on sbtest3  (cost=0.43..8.46 rows=1 width=196)
	        Index Cond: (id = 7140765)

table 4 : explain UPDATE sbtest4 SET k=k+1 WHERE id=7181148
	Update on sbtest4  (cost=0.43..8.46 rows=1 width=196)
	  ->  Index Scan using sbtest4_pkey on sbtest4  (cost=0.43..8.46 rows=1 width=196)
	        Index Cond: (id = 7181148)

table 5 : explain UPDATE sbtest5 SET k=k+1 WHERE id=1612669
	Update on sbtest5  (cost=0.43..8.46 rows=1 width=196)
	  ->  Index Scan using sbtest5_pkey on sbtest5  (cost=0.43..8.46 rows=1 width=196)
	        Index Cond: (id = 1612669)

table 6 : explain UPDATE sbtest6 SET k=k+1 WHERE id=8769904
	Update on sbtest6  (cost=0.43..8.46 rows=1 width=196)
	  ->  Index Scan using sbtest6_pkey on sbtest6  (cost=0.43..8.46 rows=1 width=196)
	        Index Cond: (id = 8769904)

table 7 : explain UPDATE sbtest7 SET k=k+1 WHERE id=8350204
	Update on sbtest7  (cost=0.43..8.46 rows=1 width=196)
	  ->  Index Scan using sbtest7_pkey on sbtest7  (cost=0.43..8.46 rows=1 width=196)
	        Index Cond: (id = 8350204)

table 8 : explain UPDATE sbtest8 SET k=k+1 WHERE id=4082909
	Update on sbtest8  (cost=0.43..8.46 rows=1 width=196)
	  ->  Index Scan using sbtest8_pkey on sbtest8  (cost=0.43..8.46 rows=1 width=196)
	        Index Cond: (id = 4082909)

explain: for deletes :: explain DELETE FROM sbtest%u WHERE id=%u
explain: for non_index_updates :: explain UPDATE sbtest%u SET c='foobar' WHERE id=%u
for deletes
table 1 : explain DELETE FROM sbtest1 WHERE id=6205971
	Delete on sbtest1  (cost=0.43..8.45 rows=1 width=6)
	  ->  Index Scan using sbtest1_pkey on sbtest1  (cost=0.43..8.45 rows=1 width=6)
	        Index Cond: (id = 6205971)

table 2 : explain DELETE FROM sbtest2 WHERE id=7031762
	Delete on sbtest2  (cost=0.43..8.45 rows=1 width=6)
	  ->  Index Scan using sbtest2_pkey on sbtest2  (cost=0.43..8.45 rows=1 width=6)
	        Index Cond: (id = 7031762)

table 3 : explain DELETE FROM sbtest3 WHERE id=2698399
	Delete on sbtest3  (cost=0.43..8.45 rows=1 width=6)
	  ->  Index Scan using sbtest3_pkey on sbtest3  (cost=0.43..8.45 rows=1 width=6)
	        Index Cond: (id = 2698399)

table 4 : explain DELETE FROM sbtest4 WHERE id=7580195
	Delete on sbtest4  (cost=0.43..8.45 rows=1 width=6)
	  ->  Index Scan using sbtest4_pkey on sbtest4  (cost=0.43..8.45 rows=1 width=6)
	        Index Cond: (id = 7580195)

table 5 : explain DELETE FROM sbtest5 WHERE id=3101777
	Delete on sbtest5  (cost=0.43..8.45 rows=1 width=6)
	  ->  Index Scan using sbtest5_pkey on sbtest5  (cost=0.43..8.45 rows=1 width=6)
	        Index Cond: (id = 3101777)

table 6 : explain DELETE FROM sbtest6 WHERE id=6888900
	Delete on sbtest6  (cost=0.43..8.45 rows=1 width=6)
	  ->  Index Scan using sbtest6_pkey on sbtest6  (cost=0.43..8.45 rows=1 width=6)
	        Index Cond: (id = 6888900)

table 7 : explain DELETE FROM sbtest7 WHERE id=353975
	Delete on sbtest7  (cost=0.43..8.45 rows=1 width=6)
	  ->  Index Scan using sbtest7_pkey on sbtest7  (cost=0.43..8.45 rows=1 width=6)
	        Index Cond: (id = 353975)

table 8 : explain DELETE FROM sbtest8 WHERE id=6439738
	Delete on sbtest8  (cost=0.43..8.45 rows=1 width=6)
	  ->  Index Scan using sbtest8_pkey on sbtest8  (cost=0.43..8.45 rows=1 width=6)
	        Index Cond: (id = 6439738)

for non_index_updates
table 1 : explain UPDATE sbtest1 SET c='foobar' WHERE id=520692
	Update on sbtest1  (cost=0.43..8.45 rows=1 width=559)
	  ->  Index Scan using sbtest1_pkey on sbtest1  (cost=0.43..8.45 rows=1 width=559)
	        Index Cond: (id = 520692)

table 2 : explain UPDATE sbtest2 SET c='foobar' WHERE id=4316129
	Update on sbtest2  (cost=0.43..8.45 rows=1 width=559)
	  ->  Index Scan using sbtest2_pkey on sbtest2  (cost=0.43..8.45 rows=1 width=559)
	        Index Cond: (id = 4316129)

table 3 : explain UPDATE sbtest3 SET c='foobar' WHERE id=6984390
	Update on sbtest3  (cost=0.43..8.45 rows=1 width=559)
	  ->  Index Scan using sbtest3_pkey on sbtest3  (cost=0.43..8.45 rows=1 width=559)
	        Index Cond: (id = 6984390)

table 4 : explain UPDATE sbtest4 SET c='foobar' WHERE id=2887447
	Update on sbtest4  (cost=0.43..8.45 rows=1 width=559)
	  ->  Index Scan using sbtest4_pkey on sbtest4  (cost=0.43..8.45 rows=1 width=559)
	        Index Cond: (id = 2887447)

table 5 : explain UPDATE sbtest5 SET c='foobar' WHERE id=3021924
	Update on sbtest5  (cost=0.43..8.45 rows=1 width=559)
	  ->  Index Scan using sbtest5_pkey on sbtest5  (cost=0.43..8.45 rows=1 width=559)
	        Index Cond: (id = 3021924)

table 6 : explain UPDATE sbtest6 SET c='foobar' WHERE id=9727967
	Update on sbtest6  (cost=0.43..8.45 rows=1 width=559)
	  ->  Index Scan using sbtest6_pkey on sbtest6  (cost=0.43..8.45 rows=1 width=559)
	        Index Cond: (id = 9727967)

table 7 : explain UPDATE sbtest7 SET c='foobar' WHERE id=8476929
	Update on sbtest7  (cost=0.43..8.45 rows=1 width=559)
	  ->  Index Scan using sbtest7_pkey on sbtest7  (cost=0.43..8.45 rows=1 width=559)
	        Index Cond: (id = 8476929)

table 8 : explain UPDATE sbtest8 SET c='foobar' WHERE id=8445037
	Update on sbtest8  (cost=0.43..8.45 rows=1 width=559)
	  ->  Index Scan using sbtest8_pkey on sbtest8  (cost=0.43..8.45 rows=1 width=559)
	        Index Cond: (id = 8445037)

explain: for deletes :: explain DELETE FROM sbtest%u WHERE id=%u
explain: for inserts :: explain INSERT INTO sbtest%u (id, k, c, pad) VALUES (%u, 13, 'foobar', 'foobar')
for inserts
table 1 : explain INSERT INTO sbtest1 (id, k, c, pad) VALUES (8051106, 13, 'foobar', 'foobar')
	Insert on sbtest1  (cost=0.00..0.01 rows=1 width=736)
	  ->  Result  (cost=0.00..0.01 rows=1 width=736)

table 2 : explain INSERT INTO sbtest2 (id, k, c, pad) VALUES (2437047, 13, 'foobar', 'foobar')
	Insert on sbtest2  (cost=0.00..0.01 rows=1 width=736)
	  ->  Result  (cost=0.00..0.01 rows=1 width=736)

table 3 : explain INSERT INTO sbtest3 (id, k, c, pad) VALUES (12153, 13, 'foobar', 'foobar')
	Insert on sbtest3  (cost=0.00..0.01 rows=1 width=736)
	  ->  Result  (cost=0.00..0.01 rows=1 width=736)

table 4 : explain INSERT INTO sbtest4 (id, k, c, pad) VALUES (2833873, 13, 'foobar', 'foobar')
	Insert on sbtest4  (cost=0.00..0.01 rows=1 width=736)
	  ->  Result  (cost=0.00..0.01 rows=1 width=736)

table 5 : explain INSERT INTO sbtest5 (id, k, c, pad) VALUES (3460478, 13, 'foobar', 'foobar')
	Insert on sbtest5  (cost=0.00..0.01 rows=1 width=736)
	  ->  Result  (cost=0.00..0.01 rows=1 width=736)

table 6 : explain INSERT INTO sbtest6 (id, k, c, pad) VALUES (39487, 13, 'foobar', 'foobar')
	Insert on sbtest6  (cost=0.00..0.01 rows=1 width=736)
	  ->  Result  (cost=0.00..0.01 rows=1 width=736)

table 7 : explain INSERT INTO sbtest7 (id, k, c, pad) VALUES (475547, 13, 'foobar', 'foobar')
	Insert on sbtest7  (cost=0.00..0.01 rows=1 width=736)
	  ->  Result  (cost=0.00..0.01 rows=1 width=736)

table 8 : explain INSERT INTO sbtest8 (id, k, c, pad) VALUES (4378507, 13, 'foobar', 'foobar')
	Insert on sbtest8  (cost=0.00..0.01 rows=1 width=736)
	  ->  Result  (cost=0.00..0.01 rows=1 width=736)

for deletes
table 1 : explain DELETE FROM sbtest1 WHERE id=5773380
	Delete on sbtest1  (cost=0.43..8.45 rows=1 width=6)
	  ->  Index Scan using sbtest1_pkey on sbtest1  (cost=0.43..8.45 rows=1 width=6)
	        Index Cond: (id = 5773380)

table 2 : explain DELETE FROM sbtest2 WHERE id=8093487
	Delete on sbtest2  (cost=0.43..8.45 rows=1 width=6)
	  ->  Index Scan using sbtest2_pkey on sbtest2  (cost=0.43..8.45 rows=1 width=6)
	        Index Cond: (id = 8093487)

table 3 : explain DELETE FROM sbtest3 WHERE id=4845719
	Delete on sbtest3  (cost=0.43..8.45 rows=1 width=6)
	  ->  Index Scan using sbtest3_pkey on sbtest3  (cost=0.43..8.45 rows=1 width=6)
	        Index Cond: (id = 4845719)

table 4 : explain DELETE FROM sbtest4 WHERE id=2361409
	Delete on sbtest4  (cost=0.43..8.45 rows=1 width=6)
	  ->  Index Scan using sbtest4_pkey on sbtest4  (cost=0.43..8.45 rows=1 width=6)
	        Index Cond: (id = 2361409)

table 5 : explain DELETE FROM sbtest5 WHERE id=6782388
	Delete on sbtest5  (cost=0.43..8.45 rows=1 width=6)
	  ->  Index Scan using sbtest5_pkey on sbtest5  (cost=0.43..8.45 rows=1 width=6)
	        Index Cond: (id = 6782388)

table 6 : explain DELETE FROM sbtest6 WHERE id=5284948
	Delete on sbtest6  (cost=0.43..8.45 rows=1 width=6)
	  ->  Index Scan using sbtest6_pkey on sbtest6  (cost=0.43..8.45 rows=1 width=6)
	        Index Cond: (id = 5284948)

table 7 : explain DELETE FROM sbtest7 WHERE id=3838737
	Delete on sbtest7  (cost=0.43..8.45 rows=1 width=6)
	  ->  Index Scan using sbtest7_pkey on sbtest7  (cost=0.43..8.45 rows=1 width=6)
	        Index Cond: (id = 3838737)

table 8 : explain DELETE FROM sbtest8 WHERE id=4546046
	Delete on sbtest8  (cost=0.43..8.45 rows=1 width=6)
	  ->  Index Scan using sbtest8_pkey on sbtest8  (cost=0.43..8.45 rows=1 width=6)
	        Index Cond: (id = 4546046)

explain: for inserts :: explain INSERT INTO sbtest%u (id, k, c, pad) VALUES (%u, 13, 'foobar', 'foobar')
for inserts
table 1 : explain INSERT INTO sbtest1 (id, k, c, pad) VALUES (7209534, 13, 'foobar', 'foobar')
	Insert on sbtest1  (cost=0.00..0.01 rows=1 width=736)
	  ->  Result  (cost=0.00..0.01 rows=1 width=736)

table 2 : explain INSERT INTO sbtest2 (id, k, c, pad) VALUES (5906965, 13, 'foobar', 'foobar')
	Insert on sbtest2  (cost=0.00..0.01 rows=1 width=736)
	  ->  Result  (cost=0.00..0.01 rows=1 width=736)

table 3 : explain INSERT INTO sbtest3 (id, k, c, pad) VALUES (4210249, 13, 'foobar', 'foobar')
	Insert on sbtest3  (cost=0.00..0.01 rows=1 width=736)
	  ->  Result  (cost=0.00..0.01 rows=1 width=736)

table 4 : explain INSERT INTO sbtest4 (id, k, c, pad) VALUES (6078769, 13, 'foobar', 'foobar')
	Insert on sbtest4  (cost=0.00..0.01 rows=1 width=736)
	  ->  Result  (cost=0.00..0.01 rows=1 width=736)

table 5 : explain INSERT INTO sbtest5 (id, k, c, pad) VALUES (3578175, 13, 'foobar', 'foobar')
	Insert on sbtest5  (cost=0.00..0.01 rows=1 width=736)
	  ->  Result  (cost=0.00..0.01 rows=1 width=736)

table 6 : explain INSERT INTO sbtest6 (id, k, c, pad) VALUES (8331769, 13, 'foobar', 'foobar')
	Insert on sbtest6  (cost=0.00..0.01 rows=1 width=736)
	  ->  Result  (cost=0.00..0.01 rows=1 width=736)

table 7 : explain INSERT INTO sbtest7 (id, k, c, pad) VALUES (1604378, 13, 'foobar', 'foobar')
	Insert on sbtest7  (cost=0.00..0.01 rows=1 width=736)
	  ->  Result  (cost=0.00..0.01 rows=1 width=736)

table 8 : explain INSERT INTO sbtest8 (id, k, c, pad) VALUES (4544678, 13, 'foobar', 'foobar')
	Insert on sbtest8  (cost=0.00..0.01 rows=1 width=736)
	  ->  Result  (cost=0.00..0.01 rows=1 width=736)

Threads started!

Warming up for 5 seconds...

SQL statistics:
    queries performed:
        read:                            456206478
        write:                           130344793
        other:                           65172368
        total:                           651723639
    transactions:                        32586200 (35038.03 per sec.)
    queries:                             651723639 (700760.15 per sec.)
    ignored errors:                      1      (0.00 per sec.)
    reconnects:                          0      (0.00 per sec.)

Throughput:
    events/s (eps):                      35038.0270
    time elapsed:                        930.0239s
    total number of events:              32586200

Latency (ms):
         min:                                    0.89
         avg:                                    1.14
         max:                                   41.55
         95th percentile:                        1.52
         sum:                             37167394.58

Threads fairness:
    events (avg/stddev):           814654.9000/8199.81
    execution time (avg/stddev):   929.1849/0.01

