LUA_PATH=/home/mdcallag/git/mytools/bench/sysbench.lua/lua/?.lua /home/mdcallag/git/mytools/bench/sysbench.lua/lua/sysbench --db-driver=pgsql --range-size=1000 --table-size=10000000 --tables=8 --threads=40 --events=0 --warmup-time=5 --time=630 --pgsql_conn_id=true /home/mdcallag/git/mytools/bench/sysbench.lua/lua/oltp_read_only.lua run --pgsql-user=root --pgsql-password=pw --pgsql-host=127.0.0.1 --pgsql-db=ib --rand-type=uniform --simple-ranges=0 --sum-ranges=0 --order-ranges=1 --distinct-ranges=0
48 CPUs
sysbench 1.1.0-9072687 (using bundled LuaJIT 2.1.0-beta3)

Running the test with following options:
Number of threads: 40
Warmup time: 5s
Initializing random number generator from current time


Initializing worker threads...

explain: for point_selects :: explain SELECT c FROM sbtest%u WHERE id=%u
explain: for point_selects :: explain SELECT c FROM sbtest%u WHERE id=%u
explain: for point_selects :: explain SELECT c FROM sbtest%u WHERE id=%u
for point_selects
table 1 : explain SELECT c FROM sbtest1 WHERE id=2025801
	Index Scan using sbtest1_pkey on sbtest1  (cost=0.43..8.45 rows=1 width=121)
	  Index Cond: (id = 2025801)

table 2 : explain SELECT c FROM sbtest2 WHERE id=3772137
	Index Scan using sbtest2_pkey on sbtest2  (cost=0.43..8.45 rows=1 width=121)
	  Index Cond: (id = 3772137)

table 3 : explain SELECT c FROM sbtest3 WHERE id=4161693
	Index Scan using sbtest3_pkey on sbtest3  (cost=0.43..8.45 rows=1 width=121)
	  Index Cond: (id = 4161693)

table 4 : explain SELECT c FROM sbtest4 WHERE id=609987
	Index Scan using sbtest4_pkey on sbtest4  (cost=0.43..8.45 rows=1 width=121)
	  Index Cond: (id = 609987)

table 5 : explain SELECT c FROM sbtest5 WHERE id=3040037
	Index Scan using sbtest5_pkey on sbtest5  (cost=0.43..8.45 rows=1 width=121)
	  Index Cond: (id = 3040037)

table 6 : explain SELECT c FROM sbtest6 WHERE id=9312796
	Index Scan using sbtest6_pkey on sbtest6  (cost=0.43..8.45 rows=1 width=121)
	  Index Cond: (id = 9312796)

table 7 : explain SELECT c FROM sbtest7 WHERE id=1181493
	Index Scan using sbtest7_pkey on sbtest7  (cost=0.43..8.45 rows=1 width=121)
	  Index Cond: (id = 1181493)

table 8 : explain SELECT c FROM sbtest8 WHERE id=7894950
	Index Scan using sbtest8_pkey on sbtest8  (cost=0.43..8.45 rows=1 width=121)
	  Index Cond: (id = 7894950)

explain: for point_selects :: explain SELECT c FROM sbtest%u WHERE id=%u
explain: for point_selects :: explain SELECT c FROM sbtest%u WHERE id=%u
for point_selects
table 1 : explain SELECT c FROM sbtest1 WHERE id=9916502
	Index Scan using sbtest1_pkey on sbtest1  (cost=0.43..8.45 rows=1 width=121)
	  Index Cond: (id = 9916502)

table 2 : explain SELECT c FROM sbtest2 WHERE id=7945472
	Index Scan using sbtest2_pkey on sbtest2  (cost=0.43..8.45 rows=1 width=121)
	  Index Cond: (id = 7945472)

table 3 : explain SELECT c FROM sbtest3 WHERE id=9359151
	Index Scan using sbtest3_pkey on sbtest3  (cost=0.43..8.45 rows=1 width=121)
	  Index Cond: (id = 9359151)

table 4 : explain SELECT c FROM sbtest4 WHERE id=9102246
	Index Scan using sbtest4_pkey on sbtest4  (cost=0.43..8.45 rows=1 width=121)
	  Index Cond: (id = 9102246)

table 5 : explain SELECT c FROM sbtest5 WHERE id=7501308
	Index Scan using sbtest5_pkey on sbtest5  (cost=0.43..8.45 rows=1 width=121)
	  Index Cond: (id = 7501308)

table 6 : explain SELECT c FROM sbtest6 WHERE id=6972673
	Index Scan using sbtest6_pkey on sbtest6  (cost=0.43..8.45 rows=1 width=121)
	  Index Cond: (id = 6972673)

table 7 : explain SELECT c FROM sbtest7 WHERE id=6226910
	Index Scan using sbtest7_pkey on sbtest7  (cost=0.43..8.45 rows=1 width=121)
	  Index Cond: (id = 6226910)

table 8 : explain SELECT c FROM sbtest8 WHERE id=5231901
	Index Scan using sbtest8_pkey on sbtest8  (cost=0.43..8.45 rows=1 width=121)
	  Index Cond: (id = 5231901)

for: simple_ranges
table 1 : explain SELECT c FROM sbtest1 WHERE id BETWEEN 3230909 AND 3231908
	Bitmap Heap Scan on sbtest1  (cost=33.80..3553.16 rows=914 width=121)
	  Recheck Cond: ((id >= 3230909) AND (id <= 3231908))
	  ->  Bitmap Index Scan on sbtest1_pkey  (cost=0.00..33.58 rows=914 width=0)
	        Index Cond: ((id >= 3230909) AND (id <= 3231908))

table 2 : explain SELECT c FROM sbtest2 WHERE id BETWEEN 1783476 AND 1784475
	Bitmap Heap Scan on sbtest2  (cost=34.79..3912.44 rows=1010 width=121)
	  Recheck Cond: ((id >= 1783476) AND (id <= 1784475))
	  ->  Bitmap Index Scan on sbtest2_pkey  (cost=0.00..34.54 rows=1010 width=0)
	        Index Cond: ((id >= 1783476) AND (id <= 1784475))

table 3 : explain SELECT c FROM sbtest3 WHERE id BETWEEN 8370319 AND 8371318
	Bitmap Heap Scan on sbtest3  (cost=34.21..3706.82 rows=954 width=121)
	  Recheck Cond: ((id >= 8370319) AND (id <= 8371318))
	  ->  Bitmap Index Scan on sbtest3_pkey  (cost=0.00..33.98 rows=954 width=0)
	        Index Cond: ((id >= 8370319) AND (id <= 8371318))

table 4 : explain SELECT c FROM sbtest4 WHERE id BETWEEN 8283414 AND 8284413
	Bitmap Heap Scan on sbtest4  (cost=35.05..4016.94 rows=1036 width=121)
	  Recheck Cond: ((id >= 8283414) AND (id <= 8284413))
	  ->  Bitmap Index Scan on sbtest4_pkey  (cost=0.00..34.80 rows=1036 width=0)
	        Index Cond: ((id >= 8283414) AND (id <= 8284413))

table 5 : explain SELECT c FROM sbtest5 WHERE id BETWEEN 5429835 AND 5430834
	Bitmap Heap Scan on sbtest5  (cost=34.83..3933.55 rows=1014 width=121)
	  Recheck Cond: ((id >= 5429835) AND (id <= 5430834))
	  ->  Bitmap Index Scan on sbtest5_pkey  (cost=0.00..34.58 rows=1014 width=0)
	        Index Cond: ((id >= 5429835) AND (id <= 5430834))

table 6 : explain SELECT c FROM sbtest6 WHERE id BETWEEN 1417906 AND 1418905
	Bitmap Heap Scan on sbtest6  (cost=34.95..3975.46 rows=1026 width=121)
	  Recheck Cond: ((id >= 1417906) AND (id <= 1418905))
	  ->  Bitmap Index Scan on sbtest6_pkey  (cost=0.00..34.70 rows=1026 width=0)
	        Index Cond: ((id >= 1417906) AND (id <= 1418905))

table 7 : explain SELECT c FROM sbtest7 WHERE id BETWEEN 8127602 AND 8128601
	Bitmap Heap Scan on sbtest7  (cost=34.73..3894.87 rows=1004 width=121)
	  Recheck Cond: ((id >= 8127602) AND (id <= 8128601))
	  ->  Bitmap Index Scan on sbtest7_pkey  (cost=0.00..34.48 rows=1004 width=0)
	        Index Cond: ((id >= 8127602) AND (id <= 8128601))

table 8 : explain SELECT c FROM sbtest8 WHERE id BETWEEN 5043823 AND 5044822
	Bitmap Heap Scan on sbtest8  (cost=34.57..3834.69 rows=989 width=121)
	  Recheck Cond: ((id >= 5043823) AND (id <= 5044822))
	  ->  Bitmap Index Scan on sbtest8_pkey  (cost=0.00..34.33 rows=989 width=0)
	        Index Cond: ((id >= 5043823) AND (id <= 5044822))

explain: for point_selects :: explain SELECT c FROM sbtest%u WHERE id=%u
for point_selects
table 1 : explain SELECT c FROM sbtest1 WHERE id=3178557
	Index Scan using sbtest1_pkey on sbtest1  (cost=0.43..8.45 rows=1 width=121)
	  Index Cond: (id = 3178557)

table 2 : explain SELECT c FROM sbtest2 WHERE id=9190766
	Index Scan using sbtest2_pkey on sbtest2  (cost=0.43..8.45 rows=1 width=121)
	  Index Cond: (id = 9190766)

table 3 : explain SELECT c FROM sbtest3 WHERE id=3875178
	Index Scan using sbtest3_pkey on sbtest3  (cost=0.43..8.45 rows=1 width=121)
	  Index Cond: (id = 3875178)

table 4 : explain SELECT c FROM sbtest4 WHERE id=3365017
	Index Scan using sbtest4_pkey on sbtest4  (cost=0.43..8.45 rows=1 width=121)
	  Index Cond: (id = 3365017)

table 5 : explain SELECT c FROM sbtest5 WHERE id=8648310
	Index Scan using sbtest5_pkey on sbtest5  (cost=0.43..8.45 rows=1 width=121)
	  Index Cond: (id = 8648310)

table 6 : explain SELECT c FROM sbtest6 WHERE id=590082
	Index Scan using sbtest6_pkey on sbtest6  (cost=0.43..8.45 rows=1 width=121)
	  Index Cond: (id = 590082)

table 7 : explain SELECT c FROM sbtest7 WHERE id=3468322
	Index Scan using sbtest7_pkey on sbtest7  (cost=0.43..8.45 rows=1 width=121)
	  Index Cond: (id = 3468322)

table 8 : explain SELECT c FROM sbtest8 WHERE id=3595279
	Index Scan using sbtest8_pkey on sbtest8  (cost=0.43..8.45 rows=1 width=121)
	  Index Cond: (id = 3595279)

explain: for point_selects :: explain SELECT c FROM sbtest%u WHERE id=%u
for: simple_ranges
table 1 : explain SELECT c FROM sbtest1 WHERE id BETWEEN 5764105 AND 5765104
	Bitmap Heap Scan on sbtest1  (cost=39.69..4251.41 rows=1098 width=121)
	  Recheck Cond: ((id >= 5764105) AND (id <= 5765104))
	  ->  Bitmap Index Scan on sbtest1_pkey  (cost=0.00..39.42 rows=1098 width=0)
	        Index Cond: ((id >= 5764105) AND (id <= 5765104))

table 2 : explain SELECT c FROM sbtest2 WHERE id BETWEEN 4215359 AND 4216358
	Bitmap Heap Scan on sbtest2  (cost=34.78..3908.68 rows=1009 width=121)
	  Recheck Cond: ((id >= 4215359) AND (id <= 4216358))
	  ->  Bitmap Index Scan on sbtest2_pkey  (cost=0.00..34.53 rows=1009 width=0)
	        Index Cond: ((id >= 4215359) AND (id <= 4216358))

table 3 : explain SELECT c FROM sbtest3 WHERE id BETWEEN 7165012 AND 7166011
	Bitmap Heap Scan on sbtest3  (cost=34.22..3710.60 rows=955 width=121)
	  Recheck Cond: ((id >= 7165012) AND (id <= 7166011))
	  ->  Bitmap Index Scan on sbtest3_pkey  (cost=0.00..33.98 rows=955 width=0)
	        Index Cond: ((id >= 7165012) AND (id <= 7166011))

table 4 : explain SELECT c FROM sbtest4 WHERE id BETWEEN 9513386 AND 9514385
	Bitmap Heap Scan on sbtest4  (cost=34.93..3971.65 rows=1024 width=121)
	  Recheck Cond: ((id >= 9513386) AND (id <= 9514385))
	  ->  Bitmap Index Scan on sbtest4_pkey  (cost=0.00..34.68 rows=1024 width=0)
	        Index Cond: ((id >= 9513386) AND (id <= 9514385))

table 5 : explain SELECT c FROM sbtest5 WHERE id BETWEEN 8817586 AND 8818585
	Bitmap Heap Scan on sbtest5  (cost=34.23..3714.35 rows=956 width=121)
	  Recheck Cond: ((id >= 8817586) AND (id <= 8818585))
	  ->  Bitmap Index Scan on sbtest5_pkey  (cost=0.00..34.00 rows=956 width=0)
	        Index Cond: ((id >= 8817586) AND (id <= 8818585))

table 6 : explain SELECT c FROM sbtest6 WHERE id BETWEEN 2315038 AND 2316037
	Bitmap Heap Scan on sbtest6  (cost=34.07..3650.83 rows=940 width=121)
	  Recheck Cond: ((id >= 2315038) AND (id <= 2316037))
	  ->  Bitmap Index Scan on sbtest6_pkey  (cost=0.00..33.84 rows=940 width=0)
	        Index Cond: ((id >= 2315038) AND (id <= 2316037))

table 7 : explain SELECT c FROM sbtest7 WHERE id BETWEEN 7517140 AND 7518139
	Bitmap Heap Scan on sbtest7  (cost=35.06..4019.40 rows=1037 width=121)
	  Recheck Cond: ((id >= 7517140) AND (id <= 7518139))
	  ->  Bitmap Index Scan on sbtest7_pkey  (cost=0.00..34.81 rows=1037 width=0)
	        Index Cond: ((id >= 7517140) AND (id <= 7518139))

table 8 : explain SELECT c FROM sbtest8 WHERE id BETWEEN 224549 AND 225548
	Bitmap Heap Scan on sbtest8  (cost=29.74..3524.72 rows=908 width=121)
	  Recheck Cond: ((id >= 224549) AND (id <= 225548))
	  ->  Bitmap Index Scan on sbtest8_pkey  (cost=0.00..29.51 rows=908 width=0)
	        Index Cond: ((id >= 224549) AND (id <= 225548))

for: simple_ranges
table 1 : explain SELECT c FROM sbtest1 WHERE id BETWEEN 3149745 AND 3150744
	Bitmap Heap Scan on sbtest1  (cost=29.44..3416.61 rows=879 width=121)
	  Recheck Cond: ((id >= 3149745) AND (id <= 3150744))
	  ->  Bitmap Index Scan on sbtest1_pkey  (cost=0.00..29.22 rows=879 width=0)
	        Index Cond: ((id >= 3149745) AND (id <= 3150744))

table 2 : explain SELECT c FROM sbtest2 WHERE id BETWEEN 1151462 AND 1152461
	Bitmap Heap Scan on sbtest2  (cost=34.12..3667.29 rows=945 width=121)
	  Recheck Cond: ((id >= 1151462) AND (id <= 1152461))
	  ->  Bitmap Index Scan on sbtest2_pkey  (cost=0.00..33.89 rows=945 width=0)
	        Index Cond: ((id >= 1151462) AND (id <= 1152461))

table 3 : explain SELECT c FROM sbtest3 WHERE id BETWEEN 5556973 AND 5557972
	Bitmap Heap Scan on sbtest3  (cost=35.00..3997.76 rows=1031 width=121)
	  Recheck Cond: ((id >= 5556973) AND (id <= 5557972))
	  ->  Bitmap Index Scan on sbtest3_pkey  (cost=0.00..34.75 rows=1031 width=0)
	        Index Cond: ((id >= 5556973) AND (id <= 5557972))

table 4 : explain SELECT c FROM sbtest4 WHERE id BETWEEN 8213104 AND 8214103
	Bitmap Heap Scan on sbtest4  (cost=34.14..3680.60 rows=947 width=121)
	  Recheck Cond: ((id >= 8213104) AND (id <= 8214103))
	  ->  Bitmap Index Scan on sbtest4_pkey  (cost=0.00..33.91 rows=947 width=0)
	        Index Cond: ((id >= 8213104) AND (id <= 8214103))

table 5 : explain SELECT c FROM sbtest5 WHERE id BETWEEN 7615355 AND 7616354
	Bitmap Heap Scan on sbtest5  (cost=34.36..3759.74 rows=968 width=121)
	  Recheck Cond: ((id >= 7615355) AND (id <= 7616354))
	  ->  Bitmap Index Scan on sbtest5_pkey  (cost=0.00..34.12 rows=968 width=0)
	        Index Cond: ((id >= 7615355) AND (id <= 7616354))

table 6 : explain SELECT c FROM sbtest6 WHERE id BETWEEN 6035905 AND 6036904
	Bitmap Heap Scan on sbtest6  (cost=34.37..3760.40 rows=969 width=121)
	  Recheck Cond: ((id >= 6035905) AND (id <= 6036904))
	  ->  Bitmap Index Scan on sbtest6_pkey  (cost=0.00..34.12 rows=969 width=0)
	        Index Cond: ((id >= 6035905) AND (id <= 6036904))

table 7 : explain SELECT c FROM sbtest7 WHERE id BETWEEN 5981440 AND 5982439
	Bitmap Heap Scan on sbtest7  (cost=35.12..4038.25 rows=1042 width=121)
	  Recheck Cond: ((id >= 5981440) AND (id <= 5982439))
	  ->  Bitmap Index Scan on sbtest7_pkey  (cost=0.00..34.86 rows=1042 width=0)
	        Index Cond: ((id >= 5981440) AND (id <= 5982439))

table 8 : explain SELECT c FROM sbtest8 WHERE id BETWEEN 4690239 AND 4691238
	Bitmap Heap Scan on sbtest8  (cost=34.09..3657.26 rows=942 width=121)
	  Recheck Cond: ((id >= 4690239) AND (id <= 4691238))
	  ->  Bitmap Index Scan on sbtest8_pkey  (cost=0.00..33.86 rows=942 width=0)
	        Index Cond: ((id >= 4690239) AND (id <= 4691238))

for point_selects
table 1 : explain SELECT c FROM sbtest1 WHERE id=7464225
	Index Scan using sbtest1_pkey on sbtest1  (cost=0.43..8.45 rows=1 width=121)
	  Index Cond: (id = 7464225)

table 2 : explain SELECT c FROM sbtest2 WHERE id=7839484
	Index Scan using sbtest2_pkey on sbtest2  (cost=0.43..8.45 rows=1 width=121)
	  Index Cond: (id = 7839484)

table 3 : explain SELECT c FROM sbtest3 WHERE id=7172077
	Index Scan using sbtest3_pkey on sbtest3  (cost=0.43..8.45 rows=1 width=121)
	  Index Cond: (id = 7172077)

table 4 : explain SELECT c FROM sbtest4 WHERE id=7925004
	Index Scan using sbtest4_pkey on sbtest4  (cost=0.43..8.45 rows=1 width=121)
	  Index Cond: (id = 7925004)

table 5 : explain SELECT c FROM sbtest5 WHERE id=5171460
	Index Scan using sbtest5_pkey on sbtest5  (cost=0.43..8.45 rows=1 width=121)
	  Index Cond: (id = 5171460)

table 6 : explain SELECT c FROM sbtest6 WHERE id=285956
	Index Scan using sbtest6_pkey on sbtest6  (cost=0.43..8.45 rows=1 width=121)
	  Index Cond: (id = 285956)

table 7 : explain SELECT c FROM sbtest7 WHERE id=3948323
	Index Scan using sbtest7_pkey on sbtest7  (cost=0.43..8.45 rows=1 width=121)
	  Index Cond: (id = 3948323)

table 8 : explain SELECT c FROM sbtest8 WHERE id=187435
	Index Scan using sbtest8_pkey on sbtest8  (cost=0.43..8.45 rows=1 width=121)
	  Index Cond: (id = 187435)

for point_selects
table 1 : explain SELECT c FROM sbtest1 WHERE id=7672087
	Index Scan using sbtest1_pkey on sbtest1  (cost=0.43..8.45 rows=1 width=121)
	  Index Cond: (id = 7672087)

table 2 : explain SELECT c FROM sbtest2 WHERE id=4524200
	Index Scan using sbtest2_pkey on sbtest2  (cost=0.43..8.45 rows=1 width=121)
	  Index Cond: (id = 4524200)

table 3 : explain SELECT c FROM sbtest3 WHERE id=6485882
	Index Scan using sbtest3_pkey on sbtest3  (cost=0.43..8.45 rows=1 width=121)
	  Index Cond: (id = 6485882)

table 4 : explain SELECT c FROM sbtest4 WHERE id=2173496
	Index Scan using sbtest4_pkey on sbtest4  (cost=0.43..8.45 rows=1 width=121)
	  Index Cond: (id = 2173496)

table 5 : explain SELECT c FROM sbtest5 WHERE id=6195633
	Index Scan using sbtest5_pkey on sbtest5  (cost=0.43..8.45 rows=1 width=121)
	  Index Cond: (id = 6195633)

table 6 : explain SELECT c FROM sbtest6 WHERE id=1552641
	Index Scan using sbtest6_pkey on sbtest6  (cost=0.43..8.45 rows=1 width=121)
	  Index Cond: (id = 1552641)

table 7 : explain SELECT c FROM sbtest7 WHERE id=7849513
	Index Scan using sbtest7_pkey on sbtest7  (cost=0.43..8.45 rows=1 width=121)
	  Index Cond: (id = 7849513)

table 8 : explain SELECT c FROM sbtest8 WHERE id=8049003
	Index Scan using sbtest8_pkey on sbtest8  (cost=0.43..8.45 rows=1 width=121)
	  Index Cond: (id = 8049003)

for point_selects
table 1 : explain SELECT c FROM sbtest1 WHERE id=1515702
	Index Scan using sbtest1_pkey on sbtest1  (cost=0.43..8.45 rows=1 width=121)
	  Index Cond: (id = 1515702)

table 2 : explain SELECT c FROM sbtest2 WHERE id=4530033
	Index Scan using sbtest2_pkey on sbtest2  (cost=0.43..8.45 rows=1 width=121)
	  Index Cond: (id = 4530033)

table 3 : explain SELECT c FROM sbtest3 WHERE id=7904399
	Index Scan using sbtest3_pkey on sbtest3  (cost=0.43..8.45 rows=1 width=121)
	  Index Cond: (id = 7904399)

table 4 : explain SELECT c FROM sbtest4 WHERE id=1091015
	Index Scan using sbtest4_pkey on sbtest4  (cost=0.43..8.45 rows=1 width=121)
	  Index Cond: (id = 1091015)

table 5 : explain SELECT c FROM sbtest5 WHERE id=6259958
	Index Scan using sbtest5_pkey on sbtest5  (cost=0.43..8.45 rows=1 width=121)
	  Index Cond: (id = 6259958)

table 6 : explain SELECT c FROM sbtest6 WHERE id=4583130
	Index Scan using sbtest6_pkey on sbtest6  (cost=0.43..8.45 rows=1 width=121)
	  Index Cond: (id = 4583130)

table 7 : explain SELECT c FROM sbtest7 WHERE id=7374974
	Index Scan using sbtest7_pkey on sbtest7  (cost=0.43..8.45 rows=1 width=121)
	  Index Cond: (id = 7374974)

table 8 : explain SELECT c FROM sbtest8 WHERE id=476000
	Index Scan using sbtest8_pkey on sbtest8  (cost=0.43..8.45 rows=1 width=121)
	  Index Cond: (id = 476000)

explain: for point_selects :: explain SELECT c FROM sbtest%u WHERE id=%u
for point_selects
table 1 : explain SELECT c FROM sbtest1 WHERE id=1985832
	Index Scan using sbtest1_pkey on sbtest1  (cost=0.43..8.45 rows=1 width=121)
	  Index Cond: (id = 1985832)

table 2 : explain SELECT c FROM sbtest2 WHERE id=6824054
	Index Scan using sbtest2_pkey on sbtest2  (cost=0.43..8.45 rows=1 width=121)
	  Index Cond: (id = 6824054)

table 3 : explain SELECT c FROM sbtest3 WHERE id=2231320
	Index Scan using sbtest3_pkey on sbtest3  (cost=0.43..8.45 rows=1 width=121)
	  Index Cond: (id = 2231320)

table 4 : explain SELECT c FROM sbtest4 WHERE id=4349777
	Index Scan using sbtest4_pkey on sbtest4  (cost=0.43..8.45 rows=1 width=121)
	  Index Cond: (id = 4349777)

table 5 : explain SELECT c FROM sbtest5 WHERE id=7865247
	Index Scan using sbtest5_pkey on sbtest5  (cost=0.43..8.45 rows=1 width=121)
	  Index Cond: (id = 7865247)

table 6 : explain SELECT c FROM sbtest6 WHERE id=576165
	Index Scan using sbtest6_pkey on sbtest6  (cost=0.43..8.45 rows=1 width=121)
	  Index Cond: (id = 576165)

table 7 : explain SELECT c FROM sbtest7 WHERE id=2730630
	Index Scan using sbtest7_pkey on sbtest7  (cost=0.43..8.45 rows=1 width=121)
	  Index Cond: (id = 2730630)

table 8 : explain SELECT c FROM sbtest8 WHERE id=4619376
	Index Scan using sbtest8_pkey on sbtest8  (cost=0.43..8.45 rows=1 width=121)
	  Index Cond: (id = 4619376)

for: simple_ranges
table 1 : explain SELECT c FROM sbtest1 WHERE id BETWEEN 8802397 AND 8803396
	Bitmap Heap Scan on sbtest1  (cost=34.47..3798.90 rows=979 width=121)
	  Recheck Cond: ((id >= 8802397) AND (id <= 8803396))
	  ->  Bitmap Index Scan on sbtest1_pkey  (cost=0.00..34.23 rows=979 width=0)
	        Index Cond: ((id >= 8802397) AND (id <= 8803396))

table 2 : explain SELECT c FROM sbtest2 WHERE id BETWEEN 7586124 AND 7587123
	Bitmap Heap Scan on sbtest2  (cost=33.93..3595.53 rows=926 width=121)
	  Recheck Cond: ((id >= 7586124) AND (id <= 7587123))
	  ->  Bitmap Index Scan on sbtest2_pkey  (cost=0.00..33.70 rows=926 width=0)
	        Index Cond: ((id >= 7586124) AND (id <= 7587123))

table 3 : explain SELECT c FROM sbtest3 WHERE id BETWEEN 1385081 AND 1386080
	Bitmap Heap Scan on sbtest3  (cost=34.78..3914.71 rows=1009 width=121)
	  Recheck Cond: ((id >= 1385081) AND (id <= 1386080))
	  ->  Bitmap Index Scan on sbtest3_pkey  (cost=0.00..34.53 rows=1009 width=0)
	        Index Cond: ((id >= 1385081) AND (id <= 1386080))

table 4 : explain SELECT c FROM sbtest4 WHERE id BETWEEN 7296205 AND 7297204
	Bitmap Heap Scan on sbtest4  (cost=29.71..3517.53 rows=905 width=121)
	  Recheck Cond: ((id >= 7296205) AND (id <= 7297204))
	  ->  Bitmap Index Scan on sbtest4_pkey  (cost=0.00..29.48 rows=905 width=0)
	        Index Cond: ((id >= 7296205) AND (id <= 7297204))

table 5 : explain SELECT c FROM sbtest5 WHERE id BETWEEN 8785322 AND 8786321
	Bitmap Heap Scan on sbtest5  (cost=34.40..3774.86 rows=972 width=121)
	  Recheck Cond: ((id >= 8785322) AND (id <= 8786321))
	  ->  Bitmap Index Scan on sbtest5_pkey  (cost=0.00..34.16 rows=972 width=0)
	        Index Cond: ((id >= 8785322) AND (id <= 8786321))

table 6 : explain SELECT c FROM sbtest6 WHERE id BETWEEN 8960900 AND 8961899
	Bitmap Heap Scan on sbtest6  (cost=29.77..3537.15 rows=911 width=121)
	  Recheck Cond: ((id >= 8960900) AND (id <= 8961899))
	  ->  Bitmap Index Scan on sbtest6_pkey  (cost=0.00..29.54 rows=911 width=0)
	        Index Cond: ((id >= 8960900) AND (id <= 8961899))

table 7 : explain SELECT c FROM sbtest7 WHERE id BETWEEN 1501225 AND 1502224
	Bitmap Heap Scan on sbtest7  (cost=34.20..3702.15 rows=953 width=121)
	  Recheck Cond: ((id >= 1501225) AND (id <= 1502224))
	  ->  Bitmap Index Scan on sbtest7_pkey  (cost=0.00..33.97 rows=953 width=0)
	        Index Cond: ((id >= 1501225) AND (id <= 1502224))

table 8 : explain SELECT c FROM sbtest8 WHERE id BETWEEN 4537581 AND 4538580
	Bitmap Heap Scan on sbtest8  (cost=35.02..4000.54 rows=1033 width=121)
	  Recheck Cond: ((id >= 4537581) AND (id <= 4538580))
	  ->  Bitmap Index Scan on sbtest8_pkey  (cost=0.00..34.77 rows=1033 width=0)
	        Index Cond: ((id >= 4537581) AND (id <= 4538580))

for: simple_ranges
table 1 : explain SELECT c FROM sbtest1 WHERE id BETWEEN 4110280 AND 4111279
	Bitmap Heap Scan on sbtest1  (cost=35.22..4074.24 rows=1052 width=121)
	  Recheck Cond: ((id >= 4110280) AND (id <= 4111279))
	  ->  Bitmap Index Scan on sbtest1_pkey  (cost=0.00..34.95 rows=1052 width=0)
	        Index Cond: ((id >= 4110280) AND (id <= 4111279))

table 2 : explain SELECT c FROM sbtest2 WHERE id BETWEEN 5605886 AND 5606885
	Bitmap Heap Scan on sbtest2  (cost=34.67..3871.00 rows=999 width=121)
	  Recheck Cond: ((id >= 5605886) AND (id <= 5606885))
	  ->  Bitmap Index Scan on sbtest2_pkey  (cost=0.00..34.43 rows=999 width=0)
	        Index Cond: ((id >= 5605886) AND (id <= 5606885))

table 3 : explain SELECT c FROM sbtest3 WHERE id BETWEEN 7942381 AND 7943380
	Bitmap Heap Scan on sbtest3  (cost=34.63..3861.83 rows=995 width=121)
	  Recheck Cond: ((id >= 7942381) AND (id <= 7943380))
	  ->  Bitmap Index Scan on sbtest3_pkey  (cost=0.00..34.39 rows=995 width=0)
	        Index Cond: ((id >= 7942381) AND (id <= 7943380))

table 4 : explain SELECT c FROM sbtest4 WHERE id BETWEEN 9000771 AND 9001770
	Bitmap Heap Scan on sbtest4  (cost=34.53..3824.33 rows=985 width=121)
	  Recheck Cond: ((id >= 9000771) AND (id <= 9001770))
	  ->  Bitmap Index Scan on sbtest4_pkey  (cost=0.00..34.29 rows=985 width=0)
	        Index Cond: ((id >= 9000771) AND (id <= 9001770))

table 5 : explain SELECT c FROM sbtest5 WHERE id BETWEEN 8524996 AND 8525995
	Bitmap Heap Scan on sbtest5  (cost=35.19..4065.63 rows=1049 width=121)
	  Recheck Cond: ((id >= 8524996) AND (id <= 8525995))
	  ->  Bitmap Index Scan on sbtest5_pkey  (cost=0.00..34.93 rows=1049 width=0)
	        Index Cond: ((id >= 8524996) AND (id <= 8525995))

table 6 : explain SELECT c FROM sbtest6 WHERE id BETWEEN 6925375 AND 6926374
	Bitmap Heap Scan on sbtest6  (cost=34.73..3892.51 rows=1004 width=121)
	  Recheck Cond: ((id >= 6925375) AND (id <= 6926374))
	  ->  Bitmap Index Scan on sbtest6_pkey  (cost=0.00..34.48 rows=1004 width=0)
	        Index Cond: ((id >= 6925375) AND (id <= 6926374))

table 7 : explain SELECT c FROM sbtest7 WHERE id BETWEEN 9759241 AND 9760240
	Bitmap Heap Scan on sbtest7  (cost=34.00..3626.48 rows=933 width=121)
	  Recheck Cond: ((id >= 9759241) AND (id <= 9760240))
	  ->  Bitmap Index Scan on sbtest7_pkey  (cost=0.00..33.77 rows=933 width=0)
	        Index Cond: ((id >= 9759241) AND (id <= 9760240))

table 8 : explain SELECT c FROM sbtest8 WHERE id BETWEEN 1938192 AND 1939191
	Bitmap Heap Scan on sbtest8  (cost=34.41..3774.32 rows=973 width=121)
	  Recheck Cond: ((id >= 1938192) AND (id <= 1939191))
	  ->  Bitmap Index Scan on sbtest8_pkey  (cost=0.00..34.17 rows=973 width=0)
	        Index Cond: ((id >= 1938192) AND (id <= 1939191))

for: simple_ranges
table 1 : explain SELECT c FROM sbtest1 WHERE id BETWEEN 6294070 AND 6295069
	Bitmap Heap Scan on sbtest1  (cost=34.52..3817.78 rows=984 width=121)
	  Recheck Cond: ((id >= 6294070) AND (id <= 6295069))
	  ->  Bitmap Index Scan on sbtest1_pkey  (cost=0.00..34.28 rows=984 width=0)
	        Index Cond: ((id >= 6294070) AND (id <= 6295069))

table 2 : explain SELECT c FROM sbtest2 WHERE id BETWEEN 3193435 AND 3194434
	Bitmap Heap Scan on sbtest2  (cost=34.16..3682.40 rows=949 width=121)
	  Recheck Cond: ((id >= 3193435) AND (id <= 3194434))
	  ->  Bitmap Index Scan on sbtest2_pkey  (cost=0.00..33.93 rows=949 width=0)
	        Index Cond: ((id >= 3193435) AND (id <= 3194434))

table 3 : explain SELECT c FROM sbtest3 WHERE id BETWEEN 7261791 AND 7262790
	Bitmap Heap Scan on sbtest3  (cost=34.11..3668.98 rows=944 width=121)
	  Recheck Cond: ((id >= 7261791) AND (id <= 7262790))
	  ->  Bitmap Index Scan on sbtest3_pkey  (cost=0.00..33.88 rows=944 width=0)
	        Index Cond: ((id >= 7261791) AND (id <= 7262790))

table 4 : explain SELECT c FROM sbtest4 WHERE id BETWEEN 5592586 AND 5593585
	Bitmap Heap Scan on sbtest4  (cost=34.95..3979.20 rows=1026 width=121)
	  Recheck Cond: ((id >= 5592586) AND (id <= 5593585))
	  ->  Bitmap Index Scan on sbtest4_pkey  (cost=0.00..34.70 rows=1026 width=0)
	        Index Cond: ((id >= 5592586) AND (id <= 5593585))

table 5 : explain SELECT c FROM sbtest5 WHERE id BETWEEN 5782533 AND 5783532
	Bitmap Heap Scan on sbtest5  (cost=34.05..3646.24 rows=938 width=121)
	  Recheck Cond: ((id >= 5782533) AND (id <= 5783532))
	  ->  Bitmap Index Scan on sbtest5_pkey  (cost=0.00..33.82 rows=938 width=0)
	        Index Cond: ((id >= 5782533) AND (id <= 5783532))

table 6 : explain SELECT c FROM sbtest6 WHERE id BETWEEN 549543 AND 550542
	Bitmap Heap Scan on sbtest6  (cost=34.51..3813.26 rows=983 width=121)
	  Recheck Cond: ((id >= 549543) AND (id <= 550542))
	  ->  Bitmap Index Scan on sbtest6_pkey  (cost=0.00..34.27 rows=983 width=0)
	        Index Cond: ((id >= 549543) AND (id <= 550542))

table 7 : explain SELECT c FROM sbtest7 WHERE id BETWEEN 7365346 AND 7366345
	Bitmap Heap Scan on sbtest7  (cost=35.01..4000.54 rows=1032 width=121)
	  Recheck Cond: ((id >= 7365346) AND (id <= 7366345))
	  ->  Bitmap Index Scan on sbtest7_pkey  (cost=0.00..34.76 rows=1032 width=0)
	        Index Cond: ((id >= 7365346) AND (id <= 7366345))

table 8 : explain SELECT c FROM sbtest8 WHERE id BETWEEN 3404039 AND 3405038
	Bitmap Heap Scan on sbtest8  (cost=34.18..3691.26 rows=951 width=121)
	  Recheck Cond: ((id >= 3404039) AND (id <= 3405038))
	  ->  Bitmap Index Scan on sbtest8_pkey  (cost=0.00..33.95 rows=951 width=0)
	        Index Cond: ((id >= 3404039) AND (id <= 3405038))

for: simple_ranges
table 1 : explain SELECT c FROM sbtest1 WHERE id BETWEEN 7572202 AND 7573201
	Bitmap Heap Scan on sbtest1  (cost=34.36..3757.35 rows=968 width=121)
	  Recheck Cond: ((id >= 7572202) AND (id <= 7573201))
	  ->  Bitmap Index Scan on sbtest1_pkey  (cost=0.00..34.12 rows=968 width=0)
	        Index Cond: ((id >= 7572202) AND (id <= 7573201))

table 2 : explain SELECT c FROM sbtest2 WHERE id BETWEEN 2981043 AND 2982042
	Bitmap Heap Scan on sbtest2  (cost=34.95..3972.71 rows=1026 width=121)
	  Recheck Cond: ((id >= 2981043) AND (id <= 2982042))
	  ->  Bitmap Index Scan on sbtest2_pkey  (cost=0.00..34.70 rows=1026 width=0)
	        Index Cond: ((id >= 2981043) AND (id <= 2982042))

table 3 : explain SELECT c FROM sbtest3 WHERE id BETWEEN 7483498 AND 7484497
	Bitmap Heap Scan on sbtest3  (cost=34.54..3827.82 rows=986 width=121)
	  Recheck Cond: ((id >= 7483498) AND (id <= 7484497))
	  ->  Bitmap Index Scan on sbtest3_pkey  (cost=0.00..34.30 rows=986 width=0)
	        Index Cond: ((id >= 7483498) AND (id <= 7484497))

table 4 : explain SELECT c FROM sbtest4 WHERE id BETWEEN 9874455 AND 9875454
	Bitmap Heap Scan on sbtest4  (cost=29.70..3513.74 rows=904 width=121)
	  Recheck Cond: ((id >= 9874455) AND (id <= 9875454))
	  ->  Bitmap Index Scan on sbtest4_pkey  (cost=0.00..29.47 rows=904 width=0)
	        Index Cond: ((id >= 9874455) AND (id <= 9875454))

table 5 : explain SELECT c FROM sbtest5 WHERE id BETWEEN 3506401 AND 3507400
	Bitmap Heap Scan on sbtest5  (cost=35.32..4114.65 rows=1062 width=121)
	  Recheck Cond: ((id >= 3506401) AND (id <= 3507400))
	  ->  Bitmap Index Scan on sbtest5_pkey  (cost=0.00..35.06 rows=1062 width=0)
	        Index Cond: ((id >= 3506401) AND (id <= 3507400))

table 6 : explain SELECT c FROM sbtest6 WHERE id BETWEEN 4551599 AND 4552598
	Bitmap Heap Scan on sbtest6  (cost=34.45..3790.61 rows=977 width=121)
	  Recheck Cond: ((id >= 4551599) AND (id <= 4552598))
	  ->  Bitmap Index Scan on sbtest6_pkey  (cost=0.00..34.20 rows=977 width=0)
	        Index Cond: ((id >= 4551599) AND (id <= 4552598))

table 7 : explain SELECT c FROM sbtest7 WHERE id BETWEEN 5488882 AND 5489881
	Bitmap Heap Scan on sbtest7  (cost=35.28..4098.57 rows=1058 width=121)
	  Recheck Cond: ((id >= 5488882) AND (id <= 5489881))
	  ->  Bitmap Index Scan on sbtest7_pkey  (cost=0.00..35.02 rows=1058 width=0)
	        Index Cond: ((id >= 5488882) AND (id <= 5489881))

table 8 : explain SELECT c FROM sbtest8 WHERE id BETWEEN 4141398 AND 4142397
	Bitmap Heap Scan on sbtest8  (cost=34.06..3645.92 rows=939 width=121)
	  Recheck Cond: ((id >= 4141398) AND (id <= 4142397))
	  ->  Bitmap Index Scan on sbtest8_pkey  (cost=0.00..33.83 rows=939 width=0)
	        Index Cond: ((id >= 4141398) AND (id <= 4142397))

for: sum_ranges
table 1 : explain SELECT SUM(k) FROM sbtest1 WHERE id BETWEEN 4604112 AND 4605111
	Aggregate  (cost=3593.31..3593.32 rows=1 width=8)
	  ->  Bitmap Heap Scan on sbtest1  (cost=33.91..3591.00 rows=924 width=4)
	        Recheck Cond: ((id >= 4604112) AND (id <= 4605111))
	        ->  Bitmap Index Scan on sbtest1_pkey  (cost=0.00..33.68 rows=924 width=0)
	              Index Cond: ((id >= 4604112) AND (id <= 4605111))

table 2 : explain SELECT SUM(k) FROM sbtest2 WHERE id BETWEEN 8880865 AND 8881864
	Aggregate  (cost=4024.24..4024.25 rows=1 width=8)
	  ->  Bitmap Heap Scan on sbtest2  (cost=35.08..4021.64 rows=1039 width=4)
	        Recheck Cond: ((id >= 8880865) AND (id <= 8881864))
	        ->  Bitmap Index Scan on sbtest2_pkey  (cost=0.00..34.83 rows=1039 width=0)
	              Index Cond: ((id >= 8880865) AND (id <= 8881864))

table 3 : explain SELECT SUM(k) FROM sbtest3 WHERE id BETWEEN 4329223 AND 4330222
	Aggregate  (cost=3992.79..3992.80 rows=1 width=8)
	  ->  Bitmap Heap Scan on sbtest3  (cost=34.98..3990.22 rows=1029 width=4)
	        Recheck Cond: ((id >= 4329223) AND (id <= 4330222))
	        ->  Bitmap Index Scan on sbtest3_pkey  (cost=0.00..34.73 rows=1029 width=0)
	              Index Cond: ((id >= 4329223) AND (id <= 4330222))

table 4 : explain SELECT SUM(k) FROM sbtest4 WHERE id BETWEEN 2813493 AND 2814492
	Aggregate  (cost=3811.66..3811.67 rows=1 width=8)
	  ->  Bitmap Heap Scan on sbtest4  (cost=34.49..3809.21 rows=981 width=4)
	        Recheck Cond: ((id >= 2813493) AND (id <= 2814492))
	        ->  Bitmap Index Scan on sbtest4_pkey  (cost=0.00..34.25 rows=981 width=0)
	              Index Cond: ((id >= 2813493) AND (id <= 2814492))

table 5 : explain SELECT SUM(k) FROM sbtest5 WHERE id BETWEEN 343845 AND 344844
	Aggregate  (cost=3822.68..3822.69 rows=1 width=8)
	  ->  Bitmap Heap Scan on sbtest5  (cost=34.52..3820.22 rows=984 width=4)
	        Recheck Cond: ((id >= 343845) AND (id <= 344844))
	        ->  Bitmap Index Scan on sbtest5_pkey  (cost=0.00..34.28 rows=984 width=0)
	              Index Cond: ((id >= 343845) AND (id <= 344844))

table 6 : explain SELECT SUM(k) FROM sbtest6 WHERE id BETWEEN 2848568 AND 2849567
	Aggregate  (cost=3770.38..3770.39 rows=1 width=8)
	  ->  Bitmap Heap Scan on sbtest6  (cost=34.39..3767.96 rows=971 width=4)
	        Recheck Cond: ((id >= 2848568) AND (id <= 2849567))
	        ->  Bitmap Index Scan on sbtest6_pkey  (cost=0.00..34.15 rows=971 width=0)
	              Index Cond: ((id >= 2848568) AND (id <= 2849567))

table 7 : explain SELECT SUM(k) FROM sbtest7 WHERE id BETWEEN 584742 AND 585741
	Aggregate  (cost=4229.38..4229.39 rows=1 width=8)
	  ->  Bitmap Heap Scan on sbtest7  (cost=35.63..4226.65 rows=1092 width=4)
	        Recheck Cond: ((id >= 584742) AND (id <= 585741))
	        ->  Bitmap Index Scan on sbtest7_pkey  (cost=0.00..35.36 rows=1092 width=0)
	              Index Cond: ((id >= 584742) AND (id <= 585741))

table 8 : explain SELECT SUM(k) FROM sbtest8 WHERE id BETWEEN 6790183 AND 6791182
	Aggregate  (cost=3776.75..3776.76 rows=1 width=8)
	  ->  Bitmap Heap Scan on sbtest8  (cost=34.41..3774.32 rows=973 width=4)
	        Recheck Cond: ((id >= 6790183) AND (id <= 6791182))
	        ->  Bitmap Index Scan on sbtest8_pkey  (cost=0.00..34.17 rows=973 width=0)
	              Index Cond: ((id >= 6790183) AND (id <= 6791182))

explain: for point_selects :: explain SELECT c FROM sbtest%u WHERE id=%u
explain: for point_selects :: explain SELECT c FROM sbtest%u WHERE id=%u
explain: for point_selects :: explain SELECT c FROM sbtest%u WHERE id=%u
for point_selects
table 1 : explain SELECT c FROM sbtest1 WHERE id=7877506
	Index Scan using sbtest1_pkey on sbtest1  (cost=0.43..8.45 rows=1 width=121)
	  Index Cond: (id = 7877506)

table 2 : explain SELECT c FROM sbtest2 WHERE id=1701323
	Index Scan using sbtest2_pkey on sbtest2  (cost=0.43..8.45 rows=1 width=121)
	  Index Cond: (id = 1701323)

table 3 : explain SELECT c FROM sbtest3 WHERE id=7338471
	Index Scan using sbtest3_pkey on sbtest3  (cost=0.43..8.45 rows=1 width=121)
	  Index Cond: (id = 7338471)

table 4 : explain SELECT c FROM sbtest4 WHERE id=2735158
	Index Scan using sbtest4_pkey on sbtest4  (cost=0.43..8.45 rows=1 width=121)
	  Index Cond: (id = 2735158)

table 5 : explain SELECT c FROM sbtest5 WHERE id=1429452
	Index Scan using sbtest5_pkey on sbtest5  (cost=0.43..8.45 rows=1 width=121)
	  Index Cond: (id = 1429452)

table 6 : explain SELECT c FROM sbtest6 WHERE id=464438
	Index Scan using sbtest6_pkey on sbtest6  (cost=0.43..8.45 rows=1 width=121)
	  Index Cond: (id = 464438)

table 7 : explain SELECT c FROM sbtest7 WHERE id=9790583
	Index Scan using sbtest7_pkey on sbtest7  (cost=0.43..8.45 rows=1 width=121)
	  Index Cond: (id = 9790583)

table 8 : explain SELECT c FROM sbtest8 WHERE id=7282627
	Index Scan using sbtest8_pkey on sbtest8  (cost=0.43..8.45 rows=1 width=121)
	  Index Cond: (id = 7282627)

for: sum_ranges
table 1 : explain SELECT SUM(k) FROM sbtest1 WHERE id BETWEEN 249147 AND 250146
	Aggregate  (cost=3536.30..3536.31 rows=1 width=8)
	  ->  Bitmap Heap Scan on sbtest1  (cost=29.76..3534.02 rows=910 width=4)
	        Recheck Cond: ((id >= 249147) AND (id <= 250146))
	        ->  Bitmap Index Scan on sbtest1_pkey  (cost=0.00..29.54 rows=910 width=0)
	              Index Cond: ((id >= 249147) AND (id <= 250146))

table 2 : explain SELECT SUM(k) FROM sbtest2 WHERE id BETWEEN 3377479 AND 3378478
	Aggregate  (cost=3903.66..3903.67 rows=1 width=8)
	  ->  Bitmap Heap Scan on sbtest2  (cost=34.76..3901.14 rows=1007 width=4)
	        Recheck Cond: ((id >= 3377479) AND (id <= 3378478))
	        ->  Bitmap Index Scan on sbtest2_pkey  (cost=0.00..34.51 rows=1007 width=0)
	              Index Cond: ((id >= 3377479) AND (id <= 3378478))

table 3 : explain SELECT SUM(k) FROM sbtest3 WHERE id BETWEEN 9695967 AND 9696966
	Aggregate  (cost=3341.17..3341.18 rows=1 width=8)
	  ->  Bitmap Heap Scan on sbtest3  (cost=29.23..3339.02 rows=858 width=4)
	        Recheck Cond: ((id >= 9695967) AND (id <= 9696966))
	        ->  Bitmap Index Scan on sbtest3_pkey  (cost=0.00..29.01 rows=858 width=0)
	              Index Cond: ((id >= 9695967) AND (id <= 9696966))

table 4 : explain SELECT SUM(k) FROM sbtest4 WHERE id BETWEEN 3927100 AND 3928099
	Aggregate  (cost=3595.83..3595.84 rows=1 width=8)
	  ->  Bitmap Heap Scan on sbtest4  (cost=33.91..3593.52 rows=924 width=4)
	        Recheck Cond: ((id >= 3927100) AND (id <= 3928099))
	        ->  Bitmap Index Scan on sbtest4_pkey  (cost=0.00..33.68 rows=924 width=0)
	              Index Cond: ((id >= 3927100) AND (id <= 3928099))

table 5 : explain SELECT SUM(k) FROM sbtest5 WHERE id BETWEEN 8614842 AND 8615841
	Aggregate  (cost=3920.97..3920.98 rows=1 width=8)
	  ->  Bitmap Heap Scan on sbtest5  (cost=34.79..3918.45 rows=1010 width=4)
	        Recheck Cond: ((id >= 8614842) AND (id <= 8615841))
	        ->  Bitmap Index Scan on sbtest5_pkey  (cost=0.00..34.54 rows=1010 width=0)
	              Index Cond: ((id >= 8614842) AND (id <= 8615841))

table 6 : explain SELECT SUM(k) FROM sbtest6 WHERE id BETWEEN 3286586 AND 3287585
	Aggregate  (cost=3743.93..3743.94 rows=1 width=8)
	  ->  Bitmap Heap Scan on sbtest6  (cost=34.32..3741.52 rows=964 width=4)
	        Recheck Cond: ((id >= 3286586) AND (id <= 3287585))
	        ->  Bitmap Index Scan on sbtest6_pkey  (cost=0.00..34.08 rows=964 width=0)
	              Index Cond: ((id >= 3286586) AND (id <= 3287585))

table 7 : explain SELECT SUM(k) FROM sbtest7 WHERE id BETWEEN 409366 AND 410365
	Aggregate  (cost=4044.63..4044.64 rows=1 width=8)
	  ->  Bitmap Heap Scan on sbtest7  (cost=35.13..4042.02 rows=1043 width=4)
	        Recheck Cond: ((id >= 409366) AND (id <= 410365))
	        ->  Bitmap Index Scan on sbtest7_pkey  (cost=0.00..34.87 rows=1043 width=0)
	              Index Cond: ((id >= 409366) AND (id <= 410365))

table 8 : explain SELECT SUM(k) FROM sbtest8 WHERE id BETWEEN 4234841 AND 4235840
	Aggregate  (cost=4059.65..4059.66 rows=1 width=8)
	  ->  Bitmap Heap Scan on sbtest8  (cost=35.18..4057.03 rows=1048 width=4)
	        Recheck Cond: ((id >= 4234841) AND (id <= 4235840))
	        ->  Bitmap Index Scan on sbtest8_pkey  (cost=0.00..34.92 rows=1048 width=0)
	              Index Cond: ((id >= 4234841) AND (id <= 4235840))

for: sum_ranges
table 1 : explain SELECT SUM(k) FROM sbtest1 WHERE id BETWEEN 1001234 AND 1002233
	Aggregate  (cost=3755.99..3756.00 rows=1 width=8)
	  ->  Bitmap Heap Scan on sbtest1  (cost=34.35..3753.57 rows=967 width=4)
	        Recheck Cond: ((id >= 1001234) AND (id <= 1002233))
	        ->  Bitmap Index Scan on sbtest1_pkey  (cost=0.00..34.11 rows=967 width=0)
	              Index Cond: ((id >= 1001234) AND (id <= 1002233))

table 2 : explain SELECT SUM(k) FROM sbtest2 WHERE id BETWEEN 5366888 AND 5367887
	Aggregate  (cost=3654.54..3654.55 rows=1 width=8)
	  ->  Bitmap Heap Scan on sbtest2  (cost=34.08..3652.19 rows=941 width=4)
	        Recheck Cond: ((id >= 5366888) AND (id <= 5367887))
	        ->  Bitmap Index Scan on sbtest2_pkey  (cost=0.00..33.84 rows=941 width=0)
	              Index Cond: ((id >= 5366888) AND (id <= 5367887))

table 3 : explain SELECT SUM(k) FROM sbtest3 WHERE id BETWEEN 3023311 AND 3024310
	Aggregate  (cost=3667.55..3667.56 rows=1 width=8)
	  ->  Bitmap Heap Scan on sbtest3  (cost=34.10..3665.19 rows=943 width=4)
	        Recheck Cond: ((id >= 3023311) AND (id <= 3024310))
	        ->  Bitmap Index Scan on sbtest3_pkey  (cost=0.00..33.87 rows=943 width=0)
	              Index Cond: ((id >= 3023311) AND (id <= 3024310))

table 4 : explain SELECT SUM(k) FROM sbtest4 WHERE id BETWEEN 1560561 AND 1561560
	Aggregate  (cost=3595.83..3595.84 rows=1 width=8)
	  ->  Bitmap Heap Scan on sbtest4  (cost=33.91..3593.52 rows=924 width=4)
	        Recheck Cond: ((id >= 1560561) AND (id <= 1561560))
	        ->  Bitmap Index Scan on sbtest4_pkey  (cost=0.00..33.68 rows=924 width=0)
	              Index Cond: ((id >= 1560561) AND (id <= 1561560))

table 5 : explain SELECT SUM(k) FROM sbtest5 WHERE id BETWEEN 455599 AND 456598
	Aggregate  (cost=3886.96..3886.97 rows=1 width=8)
	  ->  Bitmap Heap Scan on sbtest5  (cost=34.70..3884.46 rows=1001 width=4)
	        Recheck Cond: ((id >= 455599) AND (id <= 456598))
	        ->  Bitmap Index Scan on sbtest5_pkey  (cost=0.00..34.45 rows=1001 width=0)
	              Index Cond: ((id >= 455599) AND (id <= 456598))

table 6 : explain SELECT SUM(k) FROM sbtest6 WHERE id BETWEEN 476654 AND 477653
	Aggregate  (cost=3978.03..3978.04 rows=1 width=8)
	  ->  Bitmap Heap Scan on sbtest6  (cost=34.95..3975.46 rows=1026 width=4)
	        Recheck Cond: ((id >= 476654) AND (id <= 477653))
	        ->  Bitmap Index Scan on sbtest6_pkey  (cost=0.00..34.70 rows=1026 width=0)
	              Index Cond: ((id >= 476654) AND (id <= 477653))

table 7 : explain SELECT SUM(k) FROM sbtest7 WHERE id BETWEEN 3023413 AND 3024412
	Aggregate  (cost=4025.76..4025.77 rows=1 width=8)
	  ->  Bitmap Heap Scan on sbtest7  (cost=35.07..4023.17 rows=1038 width=4)
	        Recheck Cond: ((id >= 3023413) AND (id <= 3024412))
	        ->  Bitmap Index Scan on sbtest7_pkey  (cost=0.00..34.82 rows=1038 width=0)
	              Index Cond: ((id >= 3023413) AND (id <= 3024412))

table 8 : explain SELECT SUM(k) FROM sbtest8 WHERE id BETWEEN 7392405 AND 7393404
	Aggregate  (cost=3477.77..3477.78 rows=1 width=8)
	  ->  Bitmap Heap Scan on sbtest8  (cost=29.61..3475.53 rows=895 width=4)
	        Recheck Cond: ((id >= 7392405) AND (id <= 7393404))
	        ->  Bitmap Index Scan on sbtest8_pkey  (cost=0.00..29.39 rows=895 width=0)
	              Index Cond: ((id >= 7392405) AND (id <= 7393404))

for: sum_ranges
table 1 : explain SELECT SUM(k) FROM sbtest1 WHERE id BETWEEN 2461434 AND 2462433
	Aggregate  (cost=4204.97..4204.98 rows=1 width=8)
	  ->  Bitmap Heap Scan on sbtest1  (cost=35.57..4202.26 rows=1086 width=4)
	        Recheck Cond: ((id >= 2461434) AND (id <= 2462433))
	        ->  Bitmap Index Scan on sbtest1_pkey  (cost=0.00..35.30 rows=1086 width=0)
	              Index Cond: ((id >= 2461434) AND (id <= 2462433))

table 2 : explain SELECT SUM(k) FROM sbtest2 WHERE id BETWEEN 7053705 AND 7054704
	Aggregate  (cost=3275.78..3275.79 rows=1 width=8)
	  ->  Bitmap Heap Scan on sbtest2  (cost=29.07..3273.68 rows=842 width=4)
	        Recheck Cond: ((id >= 7053705) AND (id <= 7054704))
	        ->  Bitmap Index Scan on sbtest2_pkey  (cost=0.00..28.86 rows=842 width=0)
	              Index Cond: ((id >= 7053705) AND (id <= 7054704))

table 3 : explain SELECT SUM(k) FROM sbtest3 WHERE id BETWEEN 4563429 AND 4564428
	Aggregate  (cost=3584.20..3584.21 rows=1 width=8)
	  ->  Bitmap Heap Scan on sbtest3  (cost=33.88..3581.90 rows=921 width=4)
	        Recheck Cond: ((id >= 4563429) AND (id <= 4564428))
	        ->  Bitmap Index Scan on sbtest3_pkey  (cost=0.00..33.65 rows=921 width=0)
	              Index Cond: ((id >= 4563429) AND (id <= 4564428))

table 4 : explain SELECT SUM(k) FROM sbtest4 WHERE id BETWEEN 2104206 AND 2105205
	Aggregate  (cost=3527.38..3527.39 rows=1 width=8)
	  ->  Bitmap Heap Scan on sbtest4  (cost=29.73..3525.11 rows=907 width=4)
	        Recheck Cond: ((id >= 2104206) AND (id <= 2105205))
	        ->  Bitmap Index Scan on sbtest4_pkey  (cost=0.00..29.50 rows=907 width=0)
	              Index Cond: ((id >= 2104206) AND (id <= 2105205))

table 5 : explain SELECT SUM(k) FROM sbtest5 WHERE id BETWEEN 4386547 AND 4387546
	Aggregate  (cost=4464.13..4464.14 rows=1 width=8)
	  ->  Bitmap Heap Scan on sbtest5  (cost=40.26..4461.25 rows=1154 width=4)
	        Recheck Cond: ((id >= 4386547) AND (id <= 4387546))
	        ->  Bitmap Index Scan on sbtest5_pkey  (cost=0.00..39.98 rows=1154 width=0)
	              Index Cond: ((id >= 4386547) AND (id <= 4387546))

table 6 : explain SELECT SUM(k) FROM sbtest6 WHERE id BETWEEN 5389345 AND 5390344
	Aggregate  (cost=3630.48..3630.49 rows=1 width=8)
	  ->  Bitmap Heap Scan on sbtest6  (cost=34.01..3628.15 rows=934 width=4)
	        Recheck Cond: ((id >= 5389345) AND (id <= 5390344))
	        ->  Bitmap Index Scan on sbtest6_pkey  (cost=0.00..33.78 rows=934 width=0)
	              Index Cond: ((id >= 5389345) AND (id <= 5390344))

table 7 : explain SELECT SUM(k) FROM sbtest7 WHERE id BETWEEN 2384867 AND 2385866
	Aggregate  (cost=3946.48..3946.49 rows=1 width=8)
	  ->  Bitmap Heap Scan on sbtest7  (cost=34.86..3943.94 rows=1017 width=4)
	        Recheck Cond: ((id >= 2384867) AND (id <= 2385866))
	        ->  Bitmap Index Scan on sbtest7_pkey  (cost=0.00..34.61 rows=1017 width=0)
	              Index Cond: ((id >= 2384867) AND (id <= 2385866))

table 8 : explain SELECT SUM(k) FROM sbtest8 WHERE id BETWEEN 9863447 AND 9864446
	Aggregate  (cost=3901.31..3901.32 rows=1 width=8)
	  ->  Bitmap Heap Scan on sbtest8  (cost=34.75..3898.80 rows=1006 width=4)
	        Recheck Cond: ((id >= 9863447) AND (id <= 9864446))
	        ->  Bitmap Index Scan on sbtest8_pkey  (cost=0.00..34.50 rows=1006 width=0)
	              Index Cond: ((id >= 9863447) AND (id <= 9864446))

explain: for point_selects :: explain SELECT c FROM sbtest%u WHERE id=%u
for: simple_ranges
table 1 : explain SELECT c FROM sbtest1 WHERE id BETWEEN 6053537 AND 6054536
	Bitmap Heap Scan on sbtest1  (cost=34.65..3866.86 rows=997 width=121)
	  Recheck Cond: ((id >= 6053537) AND (id <= 6054536))
	  ->  Bitmap Index Scan on sbtest1_pkey  (cost=0.00..34.41 rows=997 width=0)
	        Index Cond: ((id >= 6053537) AND (id <= 6054536))

table 2 : explain SELECT c FROM sbtest2 WHERE id BETWEEN 431338 AND 432337
	Bitmap Heap Scan on sbtest2  (cost=29.60..3470.56 rows=894 width=121)
	  Recheck Cond: ((id >= 431338) AND (id <= 432337))
	  ->  Bitmap Index Scan on sbtest2_pkey  (cost=0.00..29.37 rows=894 width=0)
	        Index Cond: ((id >= 431338) AND (id <= 432337))

table 3 : explain SELECT c FROM sbtest3 WHERE id BETWEEN 2900031 AND 2901030
	Bitmap Heap Scan on sbtest3  (cost=34.67..3876.94 rows=999 width=121)
	  Recheck Cond: ((id >= 2900031) AND (id <= 2901030))
	  ->  Bitmap Index Scan on sbtest3_pkey  (cost=0.00..34.43 rows=999 width=0)
	        Index Cond: ((id >= 2900031) AND (id <= 2901030))

table 4 : explain SELECT c FROM sbtest4 WHERE id BETWEEN 7247897 AND 7248896
	Bitmap Heap Scan on sbtest4  (cost=29.71..3517.53 rows=905 width=121)
	  Recheck Cond: ((id >= 7247897) AND (id <= 7248896))
	  ->  Bitmap Index Scan on sbtest4_pkey  (cost=0.00..29.48 rows=905 width=0)
	        Index Cond: ((id >= 7247897) AND (id <= 7248896))

table 5 : explain SELECT c FROM sbtest5 WHERE id BETWEEN 1880651 AND 1881650
	Bitmap Heap Scan on sbtest5  (cost=29.53..3449.02 rows=887 width=121)
	  Recheck Cond: ((id >= 1880651) AND (id <= 1881650))
	  ->  Bitmap Index Scan on sbtest5_pkey  (cost=0.00..29.30 rows=887 width=0)
	        Index Cond: ((id >= 1880651) AND (id <= 1881650))

table 6 : explain SELECT c FROM sbtest6 WHERE id BETWEEN 1936961 AND 1937960
	Bitmap Heap Scan on sbtest6  (cost=34.70..3881.19 rows=1001 width=121)
	  Recheck Cond: ((id >= 1936961) AND (id <= 1937960))
	  ->  Bitmap Index Scan on sbtest6_pkey  (cost=0.00..34.45 rows=1001 width=0)
	        Index Cond: ((id >= 1936961) AND (id <= 1937960))

table 7 : explain SELECT c FROM sbtest7 WHERE id BETWEEN 9267723 AND 9268722
	Bitmap Heap Scan on sbtest7  (cost=34.53..3823.11 rows=985 width=121)
	  Recheck Cond: ((id >= 9267723) AND (id <= 9268722))
	  ->  Bitmap Index Scan on sbtest7_pkey  (cost=0.00..34.29 rows=985 width=0)
	        Index Cond: ((id >= 9267723) AND (id <= 9268722))

table 8 : explain SELECT c FROM sbtest8 WHERE id BETWEEN 5517516 AND 5518515
	Bitmap Heap Scan on sbtest8  (cost=34.78..3910.11 rows=1009 width=121)
	  Recheck Cond: ((id >= 5517516) AND (id <= 5518515))
	  ->  Bitmap Index Scan on sbtest8_pkey  (cost=0.00..34.53 rows=1009 width=0)
	        Index Cond: ((id >= 5517516) AND (id <= 5518515))

for: sum_ranges
table 1 : explain SELECT SUM(k) FROM sbtest1 WHERE id BETWEEN 5382234 AND 5383233
	Aggregate  (cost=4163.55..4163.56 rows=1 width=8)
	  ->  Bitmap Heap Scan on sbtest1  (cost=35.45..4160.86 rows=1075 width=4)
	        Recheck Cond: ((id >= 5382234) AND (id <= 5383233))
	        ->  Bitmap Index Scan on sbtest1_pkey  (cost=0.00..35.19 rows=1075 width=0)
	              Index Cond: ((id >= 5382234) AND (id <= 5383233))

table 2 : explain SELECT SUM(k) FROM sbtest2 WHERE id BETWEEN 3098156 AND 3099155
	Aggregate  (cost=3612.97..3612.98 rows=1 width=8)
	  ->  Bitmap Heap Scan on sbtest2  (cost=33.97..3610.64 rows=930 width=4)
	        Recheck Cond: ((id >= 3098156) AND (id <= 3099155))
	        ->  Bitmap Index Scan on sbtest2_pkey  (cost=0.00..33.73 rows=930 width=0)
	              Index Cond: ((id >= 3098156) AND (id <= 3099155))

table 3 : explain SELECT SUM(k) FROM sbtest3 WHERE id BETWEEN 7501338 AND 7502337
	Aggregate  (cost=3830.29..3830.30 rows=1 width=8)
	  ->  Bitmap Heap Scan on sbtest3  (cost=34.54..3827.82 rows=986 width=4)
	        Recheck Cond: ((id >= 7501338) AND (id <= 7502337))
	        ->  Bitmap Index Scan on sbtest3_pkey  (cost=0.00..34.30 rows=986 width=0)
	              Index Cond: ((id >= 7501338) AND (id <= 7502337))

table 4 : explain SELECT SUM(k) FROM sbtest4 WHERE id BETWEEN 2707437 AND 2708436
	Aggregate  (cost=3732.19..3732.20 rows=1 width=8)
	  ->  Bitmap Heap Scan on sbtest4  (cost=34.28..3729.79 rows=960 width=4)
	        Recheck Cond: ((id >= 2707437) AND (id <= 2708436))
	        ->  Bitmap Index Scan on sbtest4_pkey  (cost=0.00..34.04 rows=960 width=0)
	              Index Cond: ((id >= 2707437) AND (id <= 2708436))

table 5 : explain SELECT SUM(k) FROM sbtest5 WHERE id BETWEEN 8859882 AND 8860881
	Aggregate  (cost=3716.74..3716.75 rows=1 width=8)
	  ->  Bitmap Heap Scan on sbtest5  (cost=34.23..3714.35 rows=956 width=4)
	        Recheck Cond: ((id >= 8859882) AND (id <= 8860881))
	        ->  Bitmap Index Scan on sbtest5_pkey  (cost=0.00..34.00 rows=956 width=0)
	              Index Cond: ((id >= 8859882) AND (id <= 8860881))

table 6 : explain SELECT SUM(k) FROM sbtest6 WHERE id BETWEEN 9790475 AND 9791474
	Aggregate  (cost=3849.71..3849.72 rows=1 width=8)
	  ->  Bitmap Heap Scan on sbtest6  (cost=34.60..3847.23 rows=992 width=4)
	        Recheck Cond: ((id >= 9790475) AND (id <= 9791474))
	        ->  Bitmap Index Scan on sbtest6_pkey  (cost=0.00..34.36 rows=992 width=0)
	              Index Cond: ((id >= 9790475) AND (id <= 9791474))

table 7 : explain SELECT SUM(k) FROM sbtest7 WHERE id BETWEEN 2389430 AND 2390429
	Aggregate  (cost=3946.48..3946.49 rows=1 width=8)
	  ->  Bitmap Heap Scan on sbtest7  (cost=34.86..3943.94 rows=1017 width=4)
	        Recheck Cond: ((id >= 2389430) AND (id <= 2390429))
	        ->  Bitmap Index Scan on sbtest7_pkey  (cost=0.00..34.61 rows=1017 width=0)
	              Index Cond: ((id >= 2389430) AND (id <= 2390429))

table 8 : explain SELECT SUM(k) FROM sbtest8 WHERE id BETWEEN 388656 AND 389655
	Aggregate  (cost=3640.71..3640.72 rows=1 width=8)
	  ->  Bitmap Heap Scan on sbtest8  (cost=34.04..3638.36 rows=937 width=4)
	        Recheck Cond: ((id >= 388656) AND (id <= 389655))
	        ->  Bitmap Index Scan on sbtest8_pkey  (cost=0.00..33.81 rows=937 width=0)
	              Index Cond: ((id >= 388656) AND (id <= 389655))

for point_selects
table 1 : explain SELECT c FROM sbtest1 WHERE id=9023188
	Index Scan using sbtest1_pkey on sbtest1  (cost=0.43..8.45 rows=1 width=121)
	  Index Cond: (id = 9023188)

table 2 : explain SELECT c FROM sbtest2 WHERE id=6837816
	Index Scan using sbtest2_pkey on sbtest2  (cost=0.43..8.45 rows=1 width=121)
	  Index Cond: (id = 6837816)

table 3 : explain SELECT c FROM sbtest3 WHERE id=1950206
	Index Scan using sbtest3_pkey on sbtest3  (cost=0.43..8.45 rows=1 width=121)
	  Index Cond: (id = 1950206)

table 4 : explain SELECT c FROM sbtest4 WHERE id=4677773
	Index Scan using sbtest4_pkey on sbtest4  (cost=0.43..8.45 rows=1 width=121)
	  Index Cond: (id = 4677773)

table 5 : explain SELECT c FROM sbtest5 WHERE id=3891968
	Index Scan using sbtest5_pkey on sbtest5  (cost=0.43..8.45 rows=1 width=121)
	  Index Cond: (id = 3891968)

table 6 : explain SELECT c FROM sbtest6 WHERE id=6771225
	Index Scan using sbtest6_pkey on sbtest6  (cost=0.43..8.45 rows=1 width=121)
	  Index Cond: (id = 6771225)

table 7 : explain SELECT c FROM sbtest7 WHERE id=8688631
	Index Scan using sbtest7_pkey on sbtest7  (cost=0.43..8.45 rows=1 width=121)
	  Index Cond: (id = 8688631)

table 8 : explain SELECT c FROM sbtest8 WHERE id=968649
	Index Scan using sbtest8_pkey on sbtest8  (cost=0.43..8.45 rows=1 width=121)
	  Index Cond: (id = 968649)

for: sum_ranges
table 1 : explain SELECT SUM(k) FROM sbtest1 WHERE id BETWEEN 3007473 AND 3008472
	Aggregate  (cost=3854.24..3854.25 rows=1 width=8)
	  ->  Bitmap Heap Scan on sbtest1  (cost=34.61..3851.76 rows=993 width=4)
	        Recheck Cond: ((id >= 3007473) AND (id <= 3008472))
	        ->  Bitmap Index Scan on sbtest1_pkey  (cost=0.00..34.37 rows=993 width=0)
	              Index Cond: ((id >= 3007473) AND (id <= 3008472))

table 2 : explain SELECT SUM(k) FROM sbtest2 WHERE id BETWEEN 4008360 AND 4009359
	Aggregate  (cost=3741.42..3741.43 rows=1 width=8)
	  ->  Bitmap Heap Scan on sbtest2  (cost=34.32..3739.01 rows=964 width=4)
	        Recheck Cond: ((id >= 4008360) AND (id <= 4009359))
	        ->  Bitmap Index Scan on sbtest2_pkey  (cost=0.00..34.08 rows=964 width=0)
	              Index Cond: ((id >= 4008360) AND (id <= 4009359))

table 3 : explain SELECT SUM(k) FROM sbtest3 WHERE id BETWEEN 9949127 AND 9950126
	Aggregate  (cost=4098.48..4098.49 rows=1 width=8)
	  ->  Bitmap Heap Scan on sbtest3  (cost=35.27..4095.84 rows=1057 width=4)
	        Recheck Cond: ((id >= 9949127) AND (id <= 9950126))
	        ->  Bitmap Index Scan on sbtest3_pkey  (cost=0.00..35.01 rows=1057 width=0)
	              Index Cond: ((id >= 9949127) AND (id <= 9950126))

table 4 : explain SELECT SUM(k) FROM sbtest4 WHERE id BETWEEN 1196803 AND 1197802
	Aggregate  (cost=3962.87..3962.88 rows=1 width=8)
	  ->  Bitmap Heap Scan on sbtest4  (cost=34.90..3960.32 rows=1021 width=4)
	        Recheck Cond: ((id >= 1196803) AND (id <= 1197802))
	        ->  Bitmap Index Scan on sbtest4_pkey  (cost=0.00..34.65 rows=1021 width=0)
	              Index Cond: ((id >= 1196803) AND (id <= 1197802))

table 5 : explain SELECT SUM(k) FROM sbtest5 WHERE id BETWEEN 6991729 AND 6992728
	Aggregate  (cost=4226.65..4226.66 rows=1 width=8)
	  ->  Bitmap Heap Scan on sbtest5  (cost=35.62..4223.93 rows=1091 width=4)
	        Recheck Cond: ((id >= 6991729) AND (id <= 6992728))
	        ->  Bitmap Index Scan on sbtest5_pkey  (cost=0.00..35.34 rows=1091 width=0)
	              Index Cond: ((id >= 6991729) AND (id <= 6992728))

table 6 : explain SELECT SUM(k) FROM sbtest6 WHERE id BETWEEN 9531242 AND 9532241
	Aggregate  (cost=4294.66..4294.67 rows=1 width=8)
	  ->  Bitmap Heap Scan on sbtest6  (cost=39.80..4291.89 rows=1109 width=4)
	        Recheck Cond: ((id >= 9531242) AND (id <= 9532241))
	        ->  Bitmap Index Scan on sbtest6_pkey  (cost=0.00..39.53 rows=1109 width=0)
	              Index Cond: ((id >= 9531242) AND (id <= 9532241))

table 7 : explain SELECT SUM(k) FROM sbtest7 WHERE id BETWEEN 4713676 AND 4714675
	Aggregate  (cost=3647.75..3647.76 rows=1 width=8)
	  ->  Bitmap Heap Scan on sbtest7  (cost=34.05..3645.40 rows=938 width=4)
	        Recheck Cond: ((id >= 4713676) AND (id <= 4714675))
	        ->  Bitmap Index Scan on sbtest7_pkey  (cost=0.00..33.82 rows=938 width=0)
	              Index Cond: ((id >= 4713676) AND (id <= 4714675))

table 8 : explain SELECT SUM(k) FROM sbtest8 WHERE id BETWEEN 7342911 AND 7343910
	Aggregate  (cost=3976.74..3976.75 rows=1 width=8)
	  ->  Bitmap Heap Scan on sbtest8  (cost=34.95..3974.17 rows=1026 width=4)
	        Recheck Cond: ((id >= 7342911) AND (id <= 7343910))
	        ->  Bitmap Index Scan on sbtest8_pkey  (cost=0.00..34.70 rows=1026 width=0)
	              Index Cond: ((id >= 7342911) AND (id <= 7343910))

for: order_ranges
table 1 : explain SELECT c FROM sbtest1 WHERE id BETWEEN 6039738 AND 6040737 ORDER BY c
	Sort  (cost=3916.51..3919.01 rows=997 width=121)
	  Sort Key: c
	  ->  Bitmap Heap Scan on sbtest1  (cost=34.65..3866.86 rows=997 width=121)
	        Recheck Cond: ((id >= 6039738) AND (id <= 6040737))
	        ->  Bitmap Index Scan on sbtest1_pkey  (cost=0.00..34.41 rows=997 width=0)
	              Index Cond: ((id >= 6039738) AND (id <= 6040737))

table 2 : explain SELECT c FROM sbtest2 WHERE id BETWEEN 7426003 AND 7427002 ORDER BY c
	Sort  (cost=3564.28..3566.54 rows=907 width=121)
	  Sort Key: c
	  ->  Bitmap Heap Scan on sbtest2  (cost=29.73..3519.72 rows=907 width=121)
	        Recheck Cond: ((id >= 7426003) AND (id <= 7427002))
	        ->  Bitmap Index Scan on sbtest2_pkey  (cost=0.00..29.50 rows=907 width=0)
	              Index Cond: ((id >= 7426003) AND (id <= 7427002))

table 3 : explain SELECT c FROM sbtest3 WHERE id BETWEEN 241287 AND 242286 ORDER BY c
	Sort  (cost=3815.46..3817.88 rows=970 width=121)
	  Sort Key: c
	  ->  Bitmap Heap Scan on sbtest3  (cost=34.38..3767.34 rows=970 width=121)
	        Recheck Cond: ((id >= 241287) AND (id <= 242286))
	        ->  Bitmap Index Scan on sbtest3_pkey  (cost=0.00..34.14 rows=970 width=0)
	              Index Cond: ((id >= 241287) AND (id <= 242286))

table 4 : explain SELECT c FROM sbtest4 WHERE id BETWEEN 8570161 AND 8571160 ORDER BY c
	Sort  (cost=3896.32..3898.80 rows=991 width=121)
	  Sort Key: c
	  ->  Bitmap Heap Scan on sbtest4  (cost=34.59..3847.00 rows=991 width=121)
	        Recheck Cond: ((id >= 8570161) AND (id <= 8571160))
	        ->  Bitmap Index Scan on sbtest4_pkey  (cost=0.00..34.34 rows=991 width=0)
	              Index Cond: ((id >= 8570161) AND (id <= 8571160))

table 5 : explain SELECT c FROM sbtest5 WHERE id BETWEEN 8828632 AND 8829631 ORDER BY c
	Sort  (cost=3761.68..3764.07 rows=956 width=121)
	  Sort Key: c
	  ->  Bitmap Heap Scan on sbtest5  (cost=34.23..3714.35 rows=956 width=121)
	        Recheck Cond: ((id >= 8828632) AND (id <= 8829631))
	        ->  Bitmap Index Scan on sbtest5_pkey  (cost=0.00..34.00 rows=956 width=0)
	              Index Cond: ((id >= 8828632) AND (id <= 8829631))

table 6 : explain SELECT c FROM sbtest6 WHERE id BETWEEN 5246693 AND 5247692 ORDER BY c
	Sort  (cost=3578.09..3580.36 rows=910 width=121)
	  Sort Key: c
	  ->  Bitmap Heap Scan on sbtest6  (cost=29.76..3533.36 rows=910 width=121)
	        Recheck Cond: ((id >= 5246693) AND (id <= 5247692))
	        ->  Bitmap Index Scan on sbtest6_pkey  (cost=0.00..29.54 rows=910 width=0)
	              Index Cond: ((id >= 5246693) AND (id <= 5247692))

table 7 : explain SELECT c FROM sbtest7 WHERE id BETWEEN 1687123 AND 1688122 ORDER BY c
	Sort  (cost=4189.98..4192.65 rows=1068 width=121)
	  Sort Key: c
	  ->  Bitmap Heap Scan on sbtest7  (cost=35.38..4136.26 rows=1068 width=121)
	        Recheck Cond: ((id >= 1687123) AND (id <= 1688122))
	        ->  Bitmap Index Scan on sbtest7_pkey  (cost=0.00..35.12 rows=1068 width=0)
	              Index Cond: ((id >= 1687123) AND (id <= 1688122))

table 8 : explain SELECT c FROM sbtest8 WHERE id BETWEEN 462086 AND 463085 ORDER BY c
	Sort  (cost=3542.46..3544.71 rows=901 width=121)
	  Sort Key: c
	  ->  Bitmap Heap Scan on sbtest8  (cost=29.67..3498.24 rows=901 width=121)
	        Recheck Cond: ((id >= 462086) AND (id <= 463085))
	        ->  Bitmap Index Scan on sbtest8_pkey  (cost=0.00..29.44 rows=901 width=0)
	              Index Cond: ((id >= 462086) AND (id <= 463085))

explain: for point_selects :: explain SELECT c FROM sbtest%u WHERE id=%u
explain: for point_selects :: explain SELECT c FROM sbtest%u WHERE id=%u
explain: for point_selects :: explain SELECT c FROM sbtest%u WHERE id=%u
for: order_ranges
table 1 : explain SELECT c FROM sbtest1 WHERE id BETWEEN 3524576 AND 3525575 ORDER BY c
	Sort  (cost=3870.53..3872.99 rows=985 width=121)
	  Sort Key: c
	  ->  Bitmap Heap Scan on sbtest1  (cost=34.53..3821.56 rows=985 width=121)
	        Recheck Cond: ((id >= 3524576) AND (id <= 3525575))
	        ->  Bitmap Index Scan on sbtest1_pkey  (cost=0.00..34.29 rows=985 width=0)
	              Index Cond: ((id >= 3524576) AND (id <= 3525575))

table 2 : explain SELECT c FROM sbtest2 WHERE id BETWEEN 8837163 AND 8838162 ORDER BY c
	Sort  (cost=4073.70..4076.30 rows=1039 width=121)
	  Sort Key: c
	  ->  Bitmap Heap Scan on sbtest2  (cost=35.08..4021.64 rows=1039 width=121)
	        Recheck Cond: ((id >= 8837163) AND (id <= 8838162))
	        ->  Bitmap Index Scan on sbtest2_pkey  (cost=0.00..34.83 rows=1039 width=0)
	              Index Cond: ((id >= 8837163) AND (id <= 8838162))

table 3 : explain SELECT c FROM sbtest3 WHERE id BETWEEN 8026021 AND 8027020 ORDER BY c
	Sort  (cost=3884.52..3886.99 rows=988 width=121)
	  Sort Key: c
	  ->  Bitmap Heap Scan on sbtest3  (cost=34.56..3835.38 rows=988 width=121)
	        Recheck Cond: ((id >= 8026021) AND (id <= 8027020))
	        ->  Bitmap Index Scan on sbtest3_pkey  (cost=0.00..34.32 rows=988 width=0)
	              Index Cond: ((id >= 8026021) AND (id <= 8027020))

table 4 : explain SELECT c FROM sbtest4 WHERE id BETWEEN 9101007 AND 9102006 ORDER BY c
	Sort  (cost=4153.08..4155.72 rows=1058 width=121)
	  Sort Key: c
	  ->  Bitmap Heap Scan on sbtest4  (cost=35.28..4099.93 rows=1058 width=121)
	        Recheck Cond: ((id >= 9101007) AND (id <= 9102006))
	        ->  Bitmap Index Scan on sbtest4_pkey  (cost=0.00..35.02 rows=1058 width=0)
	              Index Cond: ((id >= 9101007) AND (id <= 9102006))

table 5 : explain SELECT c FROM sbtest5 WHERE id BETWEEN 3475085 AND 3476084 ORDER BY c
	Sort  (cost=4122.09..4124.72 rows=1050 width=121)
	  Sort Key: c
	  ->  Bitmap Heap Scan on sbtest5  (cost=35.20..4069.40 rows=1050 width=121)
	        Recheck Cond: ((id >= 3475085) AND (id <= 3476084))
	        ->  Bitmap Index Scan on sbtest5_pkey  (cost=0.00..34.94 rows=1050 width=0)
	              Index Cond: ((id >= 3475085) AND (id <= 3476084))

table 6 : explain SELECT c FROM sbtest6 WHERE id BETWEEN 4954469 AND 4955468 ORDER BY c
	Sort  (cost=3731.78..3734.15 rows=949 width=121)
	  Sort Key: c
	  ->  Bitmap Heap Scan on sbtest6  (cost=34.16..3684.85 rows=949 width=121)
	        Recheck Cond: ((id >= 4954469) AND (id <= 4955468))
	        ->  Bitmap Index Scan on sbtest6_pkey  (cost=0.00..33.93 rows=949 width=0)
	              Index Cond: ((id >= 4954469) AND (id <= 4955468))

table 7 : explain SELECT c FROM sbtest7 WHERE id BETWEEN 5627498 AND 5628497 ORDER BY c
	Sort  (cost=4331.62..4334.38 rows=1104 width=121)
	  Sort Key: c
	  ->  Bitmap Heap Scan on sbtest7  (cost=39.75..4275.82 rows=1104 width=121)
	        Recheck Cond: ((id >= 5627498) AND (id <= 5628497))
	        ->  Bitmap Index Scan on sbtest7_pkey  (cost=0.00..39.48 rows=1104 width=0)
	              Index Cond: ((id >= 5627498) AND (id <= 5628497))

table 8 : explain SELECT c FROM sbtest8 WHERE id BETWEEN 7628056 AND 7629055 ORDER BY c
	Sort  (cost=4056.08..4058.66 rows=1034 width=121)
	  Sort Key: c
	  ->  Bitmap Heap Scan on sbtest8  (cost=35.03..4004.31 rows=1034 width=121)
	        Recheck Cond: ((id >= 7628056) AND (id <= 7629055))
	        ->  Bitmap Index Scan on sbtest8_pkey  (cost=0.00..34.78 rows=1034 width=0)
	              Index Cond: ((id >= 7628056) AND (id <= 7629055))

for: simple_ranges
table 1 : explain SELECT c FROM sbtest1 WHERE id BETWEEN 4338497 AND 4339496
	Bitmap Heap Scan on sbtest1  (cost=34.25..3719.57 rows=958 width=121)
	  Recheck Cond: ((id >= 4338497) AND (id <= 4339496))
	  ->  Bitmap Index Scan on sbtest1_pkey  (cost=0.00..34.02 rows=958 width=0)
	        Index Cond: ((id >= 4338497) AND (id <= 4339496))

table 2 : explain SELECT c FROM sbtest2 WHERE id BETWEEN 4718975 AND 4719974
	Bitmap Heap Scan on sbtest2  (cost=35.14..4040.46 rows=1044 width=121)
	  Recheck Cond: ((id >= 4718975) AND (id <= 4719974))
	  ->  Bitmap Index Scan on sbtest2_pkey  (cost=0.00..34.88 rows=1044 width=0)
	        Index Cond: ((id >= 4718975) AND (id <= 4719974))

table 3 : explain SELECT c FROM sbtest3 WHERE id BETWEEN 8073347 AND 8074346
	Bitmap Heap Scan on sbtest3  (cost=34.56..3835.38 rows=988 width=121)
	  Recheck Cond: ((id >= 8073347) AND (id <= 8074346))
	  ->  Bitmap Index Scan on sbtest3_pkey  (cost=0.00..34.32 rows=988 width=0)
	        Index Cond: ((id >= 8073347) AND (id <= 8074346))

table 4 : explain SELECT c FROM sbtest4 WHERE id BETWEEN 4560941 AND 4561940
	Bitmap Heap Scan on sbtest4  (cost=34.94..3975.42 rows=1025 width=121)
	  Recheck Cond: ((id >= 4560941) AND (id <= 4561940))
	  ->  Bitmap Index Scan on sbtest4_pkey  (cost=0.00..34.69 rows=1025 width=0)
	        Index Cond: ((id >= 4560941) AND (id <= 4561940))

table 5 : explain SELECT c FROM sbtest5 WHERE id BETWEEN 4969502 AND 4970501
	Bitmap Heap Scan on sbtest5  (cost=34.05..3646.24 rows=938 width=121)
	  Recheck Cond: ((id >= 4969502) AND (id <= 4970501))
	  ->  Bitmap Index Scan on sbtest5_pkey  (cost=0.00..33.82 rows=938 width=0)
	        Index Cond: ((id >= 4969502) AND (id <= 4970501))

table 6 : explain SELECT c FROM sbtest6 WHERE id BETWEEN 6849635 AND 6850634
	Bitmap Heap Scan on sbtest6  (cost=34.85..3937.76 rows=1016 width=121)
	  Recheck Cond: ((id >= 6849635) AND (id <= 6850634))
	  ->  Bitmap Index Scan on sbtest6_pkey  (cost=0.00..34.59 rows=1016 width=0)
	        Index Cond: ((id >= 6849635) AND (id <= 6850634))

table 7 : explain SELECT c FROM sbtest7 WHERE id BETWEEN 294982 AND 295981
	Bitmap Heap Scan on sbtest7  (cost=34.18..3694.58 rows=951 width=121)
	  Recheck Cond: ((id >= 294982) AND (id <= 295981))
	  ->  Bitmap Index Scan on sbtest7_pkey  (cost=0.00..33.95 rows=951 width=0)
	        Index Cond: ((id >= 294982) AND (id <= 295981))

table 8 : explain SELECT c FROM sbtest8 WHERE id BETWEEN 3693136 AND 3694135
	Bitmap Heap Scan on sbtest8  (cost=39.79..4286.68 rows=1108 width=121)
	  Recheck Cond: ((id >= 3693136) AND (id <= 3694135))
	  ->  Bitmap Index Scan on sbtest8_pkey  (cost=0.00..39.52 rows=1108 width=0)
	        Index Cond: ((id >= 3693136) AND (id <= 3694135))

for point_selects
table 1 : explain SELECT c FROM sbtest1 WHERE id=4582366
	Index Scan using sbtest1_pkey on sbtest1  (cost=0.43..8.45 rows=1 width=121)
	  Index Cond: (id = 4582366)

table 2 : explain SELECT c FROM sbtest2 WHERE id=1506848
	Index Scan using sbtest2_pkey on sbtest2  (cost=0.43..8.45 rows=1 width=121)
	  Index Cond: (id = 1506848)

table 3 : explain SELECT c FROM sbtest3 WHERE id=5172625
	Index Scan using sbtest3_pkey on sbtest3  (cost=0.43..8.45 rows=1 width=121)
	  Index Cond: (id = 5172625)

table 4 : explain SELECT c FROM sbtest4 WHERE id=2452540
	Index Scan using sbtest4_pkey on sbtest4  (cost=0.43..8.45 rows=1 width=121)
	  Index Cond: (id = 2452540)

table 5 : explain SELECT c FROM sbtest5 WHERE id=801715
	Index Scan using sbtest5_pkey on sbtest5  (cost=0.43..8.45 rows=1 width=121)
	  Index Cond: (id = 801715)

table 6 : explain SELECT c FROM sbtest6 WHERE id=8043003
	Index Scan using sbtest6_pkey on sbtest6  (cost=0.43..8.45 rows=1 width=121)
	  Index Cond: (id = 8043003)

table 7 : explain SELECT c FROM sbtest7 WHERE id=5504553
	Index Scan using sbtest7_pkey on sbtest7  (cost=0.43..8.45 rows=1 width=121)
	  Index Cond: (id = 5504553)

table 8 : explain SELECT c FROM sbtest8 WHERE id=4704842
	Index Scan using sbtest8_pkey on sbtest8  (cost=0.43..8.45 rows=1 width=121)
	  Index Cond: (id = 4704842)

for: sum_ranges
table 1 : explain SELECT SUM(k) FROM sbtest1 WHERE id BETWEEN 8986971 AND 8987970
	Aggregate  (cost=4122.10..4122.11 rows=1 width=8)
	  ->  Bitmap Heap Scan on sbtest1  (cost=35.34..4119.44 rows=1064 width=4)
	        Recheck Cond: ((id >= 8986971) AND (id <= 8987970))
	        ->  Bitmap Index Scan on sbtest1_pkey  (cost=0.00..35.08 rows=1064 width=0)
	              Index Cond: ((id >= 8986971) AND (id <= 8987970))

table 2 : explain SELECT SUM(k) FROM sbtest2 WHERE id BETWEEN 2765161 AND 2766160
	Aggregate  (cost=3914.97..3914.98 rows=1 width=8)
	  ->  Bitmap Heap Scan on sbtest2  (cost=34.79..3912.44 rows=1010 width=4)
	        Recheck Cond: ((id >= 2765161) AND (id <= 2766160))
	        ->  Bitmap Index Scan on sbtest2_pkey  (cost=0.00..34.54 rows=1010 width=0)
	              Index Cond: ((id >= 2765161) AND (id <= 2766160))

table 3 : explain SELECT SUM(k) FROM sbtest3 WHERE id BETWEEN 6556108 AND 6557107
	Aggregate  (cost=3728.13..3728.14 rows=1 width=8)
	  ->  Bitmap Heap Scan on sbtest3  (cost=34.26..3725.73 rows=959 width=4)
	        Recheck Cond: ((id >= 6556108) AND (id <= 6557107))
	        ->  Bitmap Index Scan on sbtest3_pkey  (cost=0.00..34.03 rows=959 width=0)
	              Index Cond: ((id >= 6556108) AND (id <= 6557107))

table 4 : explain SELECT SUM(k) FROM sbtest4 WHERE id BETWEEN 2520240 AND 2521239
	Aggregate  (cost=3592.04..3592.05 rows=1 width=8)
	  ->  Bitmap Heap Scan on sbtest4  (cost=33.90..3589.73 rows=923 width=4)
	        Recheck Cond: ((id >= 2520240) AND (id <= 2521239))
	        ->  Bitmap Index Scan on sbtest4_pkey  (cost=0.00..33.67 rows=923 width=0)
	              Index Cond: ((id >= 2520240) AND (id <= 2521239))

table 5 : explain SELECT SUM(k) FROM sbtest5 WHERE id BETWEEN 7666135 AND 7667134
	Aggregate  (cost=3762.16..3762.17 rows=1 width=8)
	  ->  Bitmap Heap Scan on sbtest5  (cost=34.36..3759.74 rows=968 width=4)
	        Recheck Cond: ((id >= 7666135) AND (id <= 7667134))
	        ->  Bitmap Index Scan on sbtest5_pkey  (cost=0.00..34.12 rows=968 width=0)
	              Index Cond: ((id >= 7666135) AND (id <= 7667134))

table 6 : explain SELECT SUM(k) FROM sbtest6 WHERE id BETWEEN 485168 AND 486167
	Aggregate  (cost=3978.03..3978.04 rows=1 width=8)
	  ->  Bitmap Heap Scan on sbtest6  (cost=34.95..3975.46 rows=1026 width=4)
	        Recheck Cond: ((id >= 485168) AND (id <= 486167))
	        ->  Bitmap Index Scan on sbtest6_pkey  (cost=0.00..34.70 rows=1026 width=0)
	              Index Cond: ((id >= 485168) AND (id <= 486167))

table 7 : explain SELECT SUM(k) FROM sbtest7 WHERE id BETWEEN 8476443 AND 8477442
	Aggregate  (cost=4342.58..4342.59 rows=1 width=8)
	  ->  Bitmap Heap Scan on sbtest7  (cost=39.93..4339.78 rows=1121 width=4)
	        Recheck Cond: ((id >= 8476443) AND (id <= 8477442))
	        ->  Bitmap Index Scan on sbtest7_pkey  (cost=0.00..39.65 rows=1121 width=0)
	              Index Cond: ((id >= 8476443) AND (id <= 8477442))

table 8 : explain SELECT SUM(k) FROM sbtest8 WHERE id BETWEEN 5634409 AND 5635408
	Aggregate  (cost=3991.82..3991.83 rows=1 width=8)
	  ->  Bitmap Heap Scan on sbtest8  (cost=34.99..3989.24 rows=1030 width=4)
	        Recheck Cond: ((id >= 5634409) AND (id <= 5635408))
	        ->  Bitmap Index Scan on sbtest8_pkey  (cost=0.00..34.73 rows=1030 width=0)
	              Index Cond: ((id >= 5634409) AND (id <= 5635408))

for point_selects
table 1 : explain SELECT c FROM sbtest1 WHERE id=3628755
	Index Scan using sbtest1_pkey on sbtest1  (cost=0.43..8.45 rows=1 width=121)
	  Index Cond: (id = 3628755)

table 2 : explain SELECT c FROM sbtest2 WHERE id=2017327
	Index Scan using sbtest2_pkey on sbtest2  (cost=0.43..8.45 rows=1 width=121)
	  Index Cond: (id = 2017327)

table 3 : explain SELECT c FROM sbtest3 WHERE id=5553913
	Index Scan using sbtest3_pkey on sbtest3  (cost=0.43..8.45 rows=1 width=121)
	  Index Cond: (id = 5553913)

table 4 : explain SELECT c FROM sbtest4 WHERE id=4298063
	Index Scan using sbtest4_pkey on sbtest4  (cost=0.43..8.45 rows=1 width=121)
	  Index Cond: (id = 4298063)

table 5 : explain SELECT c FROM sbtest5 WHERE id=6820540
	Index Scan using sbtest5_pkey on sbtest5  (cost=0.43..8.45 rows=1 width=121)
	  Index Cond: (id = 6820540)

table 6 : explain SELECT c FROM sbtest6 WHERE id=5678992
	Index Scan using sbtest6_pkey on sbtest6  (cost=0.43..8.45 rows=1 width=121)
	  Index Cond: (id = 5678992)

table 7 : explain SELECT c FROM sbtest7 WHERE id=2519180
	Index Scan using sbtest7_pkey on sbtest7  (cost=0.43..8.45 rows=1 width=121)
	  Index Cond: (id = 2519180)

table 8 : explain SELECT c FROM sbtest8 WHERE id=2681277
	Index Scan using sbtest8_pkey on sbtest8  (cost=0.43..8.45 rows=1 width=121)
	  Index Cond: (id = 2681277)

for: order_ranges
table 1 : explain SELECT c FROM sbtest1 WHERE id BETWEEN 4440427 AND 4441426 ORDER BY c
	Sort  (cost=4062.01..4064.60 rows=1035 width=121)
	  Sort Key: c
	  ->  Bitmap Heap Scan on sbtest1  (cost=35.04..4010.18 rows=1035 width=121)
	        Recheck Cond: ((id >= 4440427) AND (id <= 4441426))
	        ->  Bitmap Index Scan on sbtest1_pkey  (cost=0.00..34.79 rows=1035 width=0)
	              Index Cond: ((id >= 4440427) AND (id <= 4441426))

table 2 : explain SELECT c FROM sbtest2 WHERE id BETWEEN 3109301 AND 3110300 ORDER BY c
	Sort  (cost=3656.50..3658.82 rows=930 width=121)
	  Sort Key: c
	  ->  Bitmap Heap Scan on sbtest2  (cost=33.97..3610.64 rows=930 width=121)
	        Recheck Cond: ((id >= 3109301) AND (id <= 3110300))
	        ->  Bitmap Index Scan on sbtest2_pkey  (cost=0.00..33.73 rows=930 width=0)
	              Index Cond: ((id >= 3109301) AND (id <= 3110300))

table 3 : explain SELECT c FROM sbtest3 WHERE id BETWEEN 1014129 AND 1015128 ORDER BY c
	Sort  (cost=4003.38..4005.93 rows=1019 width=121)
	  Sort Key: c
	  ->  Bitmap Heap Scan on sbtest3  (cost=34.88..3952.47 rows=1019 width=121)
	        Recheck Cond: ((id >= 1014129) AND (id <= 1015128))
	        ->  Bitmap Index Scan on sbtest3_pkey  (cost=0.00..34.62 rows=1019 width=0)
	              Index Cond: ((id >= 1014129) AND (id <= 1015128))

table 4 : explain SELECT c FROM sbtest4 WHERE id BETWEEN 698795 AND 699794 ORDER BY c
	Sort  (cost=3865.63..3868.08 rows=983 width=121)
	  Sort Key: c
	  ->  Bitmap Heap Scan on sbtest4  (cost=34.51..3816.77 rows=983 width=121)
	        Recheck Cond: ((id >= 698795) AND (id <= 699794))
	        ->  Bitmap Index Scan on sbtest4_pkey  (cost=0.00..34.27 rows=983 width=0)
	              Index Cond: ((id >= 698795) AND (id <= 699794))

table 5 : explain SELECT c FROM sbtest5 WHERE id BETWEEN 8520580 AND 8521579 ORDER BY c
	Sort  (cost=4118.26..4120.89 rows=1049 width=121)
	  Sort Key: c
	  ->  Bitmap Heap Scan on sbtest5  (cost=35.19..4065.63 rows=1049 width=121)
	        Recheck Cond: ((id >= 8520580) AND (id <= 8521579))
	        ->  Bitmap Index Scan on sbtest5_pkey  (cost=0.00..34.93 rows=1049 width=0)
	              Index Cond: ((id >= 8520580) AND (id <= 8521579))

table 6 : explain SELECT c FROM sbtest6 WHERE id BETWEEN 9160521 AND 9161520 ORDER BY c
	Sort  (cost=4252.34..4255.05 rows=1085 width=121)
	  Sort Key: c
	  ->  Bitmap Heap Scan on sbtest6  (cost=35.56..4197.64 rows=1085 width=121)
	        Recheck Cond: ((id >= 9160521) AND (id <= 9161520))
	        ->  Bitmap Index Scan on sbtest6_pkey  (cost=0.00..35.29 rows=1085 width=0)
	              Index Cond: ((id >= 9160521) AND (id <= 9161520))

table 7 : explain SELECT c FROM sbtest7 WHERE id BETWEEN 4029075 AND 4030074 ORDER BY c
	Sort  (cost=3849.07..3851.52 rows=979 width=121)
	  Sort Key: c
	  ->  Bitmap Heap Scan on sbtest7  (cost=34.47..3800.44 rows=979 width=121)
	        Recheck Cond: ((id >= 4029075) AND (id <= 4030074))
	        ->  Bitmap Index Scan on sbtest7_pkey  (cost=0.00..34.23 rows=979 width=0)
	              Index Cond: ((id >= 4029075) AND (id <= 4030074))

table 8 : explain SELECT c FROM sbtest8 WHERE id BETWEEN 8678304 AND 8679303 ORDER BY c
	Sort  (cost=3929.83..3932.33 rows=1001 width=121)
	  Sort Key: c
	  ->  Bitmap Heap Scan on sbtest8  (cost=34.70..3879.95 rows=1001 width=121)
	        Recheck Cond: ((id >= 8678304) AND (id <= 8679303))
	        ->  Bitmap Index Scan on sbtest8_pkey  (cost=0.00..34.45 rows=1001 width=0)
	              Index Cond: ((id >= 8678304) AND (id <= 8679303))

for: sum_ranges
table 1 : explain SELECT SUM(k) FROM sbtest1 WHERE id BETWEEN 8728718 AND 8729717
	Aggregate  (cost=3801.35..3801.36 rows=1 width=8)
	  ->  Bitmap Heap Scan on sbtest1  (cost=34.47..3798.90 rows=979 width=4)
	        Recheck Cond: ((id >= 8728718) AND (id <= 8729717))
	        ->  Bitmap Index Scan on sbtest1_pkey  (cost=0.00..34.23 rows=979 width=0)
	              Index Cond: ((id >= 8728718) AND (id <= 8729717))

table 2 : explain SELECT SUM(k) FROM sbtest2 WHERE id BETWEEN 6115014 AND 6116013
	Aggregate  (cost=3677.21..3677.22 rows=1 width=8)
	  ->  Bitmap Heap Scan on sbtest2  (cost=34.14..3674.85 rows=947 width=4)
	        Recheck Cond: ((id >= 6115014) AND (id <= 6116013))
	        ->  Bitmap Index Scan on sbtest2_pkey  (cost=0.00..33.91 rows=947 width=0)
	              Index Cond: ((id >= 6115014) AND (id <= 6116013))

table 3 : explain SELECT SUM(k) FROM sbtest3 WHERE id BETWEEN 414474 AND 415473
	Aggregate  (cost=3754.62..3754.63 rows=1 width=8)
	  ->  Bitmap Heap Scan on sbtest3  (cost=34.34..3752.21 rows=966 width=4)
	        Recheck Cond: ((id >= 414474) AND (id <= 415473))
	        ->  Bitmap Index Scan on sbtest3_pkey  (cost=0.00..34.09 rows=966 width=0)
	              Index Cond: ((id >= 414474) AND (id <= 415473))

table 4 : explain SELECT SUM(k) FROM sbtest4 WHERE id BETWEEN 7164957 AND 7165956
	Aggregate  (cost=3974.21..3974.22 rows=1 width=8)
	  ->  Bitmap Heap Scan on sbtest4  (cost=34.93..3971.65 rows=1024 width=4)
	        Recheck Cond: ((id >= 7164957) AND (id <= 7165956))
	        ->  Bitmap Index Scan on sbtest4_pkey  (cost=0.00..34.68 rows=1024 width=0)
	              Index Cond: ((id >= 7164957) AND (id <= 7165956))

table 5 : explain SELECT SUM(k) FROM sbtest5 WHERE id BETWEEN 5692079 AND 5693078
	Aggregate  (cost=3584.17..3584.18 rows=1 width=8)
	  ->  Bitmap Heap Scan on sbtest5  (cost=33.88..3581.87 rows=921 width=4)
	        Recheck Cond: ((id >= 5692079) AND (id <= 5693078))
	        ->  Bitmap Index Scan on sbtest5_pkey  (cost=0.00..33.65 rows=921 width=0)
	              Index Cond: ((id >= 5692079) AND (id <= 5693078))

table 6 : explain SELECT SUM(k) FROM sbtest6 WHERE id BETWEEN 7068946 AND 7069945
	Aggregate  (cost=3917.66..3917.67 rows=1 width=8)
	  ->  Bitmap Heap Scan on sbtest6  (cost=34.79..3915.14 rows=1010 width=4)
	        Recheck Cond: ((id >= 7068946) AND (id <= 7069945))
	        ->  Bitmap Index Scan on sbtest6_pkey  (cost=0.00..34.54 rows=1010 width=0)
	              Index Cond: ((id >= 7068946) AND (id <= 7069945))

table 7 : explain SELECT SUM(k) FROM sbtest7 WHERE id BETWEEN 2712875 AND 2713874
	Aggregate  (cost=3590.94..3590.95 rows=1 width=8)
	  ->  Bitmap Heap Scan on sbtest7  (cost=33.90..3588.63 rows=923 width=4)
	        Recheck Cond: ((id >= 2712875) AND (id <= 2713874))
	        ->  Bitmap Index Scan on sbtest7_pkey  (cost=0.00..33.67 rows=923 width=0)
	              Index Cond: ((id >= 2712875) AND (id <= 2713874))

table 8 : explain SELECT SUM(k) FROM sbtest8 WHERE id BETWEEN 7937300 AND 7938299
	Aggregate  (cost=3712.53..3712.54 rows=1 width=8)
	  ->  Bitmap Heap Scan on sbtest8  (cost=34.23..3710.14 rows=956 width=4)
	        Recheck Cond: ((id >= 7937300) AND (id <= 7938299))
	        ->  Bitmap Index Scan on sbtest8_pkey  (cost=0.00..34.00 rows=956 width=0)
	              Index Cond: ((id >= 7937300) AND (id <= 7938299))

for: simple_ranges
table 1 : explain SELECT c FROM sbtest1 WHERE id BETWEEN 3788135 AND 3789134
	Bitmap Heap Scan on sbtest1  (cost=35.22..4074.24 rows=1052 width=121)
	  Recheck Cond: ((id >= 3788135) AND (id <= 3789134))
	  ->  Bitmap Index Scan on sbtest1_pkey  (cost=0.00..34.95 rows=1052 width=0)
	        Index Cond: ((id >= 3788135) AND (id <= 3789134))

table 2 : explain SELECT c FROM sbtest2 WHERE id BETWEEN 365869 AND 366868
	Bitmap Heap Scan on sbtest2  (cost=40.13..4405.16 rows=1141 width=121)
	  Recheck Cond: ((id >= 365869) AND (id <= 366868))
	  ->  Bitmap Index Scan on sbtest2_pkey  (cost=0.00..39.84 rows=1141 width=0)
	        Index Cond: ((id >= 365869) AND (id <= 366868))

table 3 : explain SELECT c FROM sbtest3 WHERE id BETWEEN 7190383 AND 7191382
	Bitmap Heap Scan on sbtest3  (cost=34.22..3710.60 rows=955 width=121)
	  Recheck Cond: ((id >= 7190383) AND (id <= 7191382))
	  ->  Bitmap Index Scan on sbtest3_pkey  (cost=0.00..33.98 rows=955 width=0)
	        Index Cond: ((id >= 7190383) AND (id <= 7191382))

table 4 : explain SELECT c FROM sbtest4 WHERE id BETWEEN 5940172 AND 5941171
	Bitmap Heap Scan on sbtest4  (cost=33.98..3620.03 rows=931 width=121)
	  Recheck Cond: ((id >= 5940172) AND (id <= 5941171))
	  ->  Bitmap Index Scan on sbtest4_pkey  (cost=0.00..33.75 rows=931 width=0)
	        Index Cond: ((id >= 5940172) AND (id <= 5941171))

table 5 : explain SELECT c FROM sbtest5 WHERE id BETWEEN 6870061 AND 6871060
	Bitmap Heap Scan on sbtest5  (cost=34.54..3827.78 rows=986 width=121)
	  Recheck Cond: ((id >= 6870061) AND (id <= 6871060))
	  ->  Bitmap Index Scan on sbtest5_pkey  (cost=0.00..34.30 rows=986 width=0)
	        Index Cond: ((id >= 6870061) AND (id <= 6871060))

table 6 : explain SELECT c FROM sbtest6 WHERE id BETWEEN 7337884 AND 7338883
	Bitmap Heap Scan on sbtest6  (cost=35.46..4163.77 rows=1076 width=121)
	  Recheck Cond: ((id >= 7337884) AND (id <= 7338883))
	  ->  Bitmap Index Scan on sbtest6_pkey  (cost=0.00..35.20 rows=1076 width=0)
	        Index Cond: ((id >= 7337884) AND (id <= 7338883))

table 7 : explain SELECT c FROM sbtest7 WHERE id BETWEEN 2497197 AND 2498196
	Bitmap Heap Scan on sbtest7  (cost=34.71..3887.32 rows=1002 width=121)
	  Recheck Cond: ((id >= 2497197) AND (id <= 2498196))
	  ->  Bitmap Index Scan on sbtest7_pkey  (cost=0.00..34.45 rows=1002 width=0)
	        Index Cond: ((id >= 2497197) AND (id <= 2498196))

table 8 : explain SELECT c FROM sbtest8 WHERE id BETWEEN 5366291 AND 5367290
	Bitmap Heap Scan on sbtest8  (cost=35.28..4094.67 rows=1058 width=121)
	  Recheck Cond: ((id >= 5366291) AND (id <= 5367290))
	  ->  Bitmap Index Scan on sbtest8_pkey  (cost=0.00..35.02 rows=1058 width=0)
	        Index Cond: ((id >= 5366291) AND (id <= 5367290))

for: distinct_ranges
table 1 : explain SELECT DISTINCT c FROM sbtest1 WHERE id BETWEEN 3005789 AND 3006788 ORDER BY c
	Unique  (cost=3901.19..3906.15 rows=993 width=121)
	  ->  Sort  (cost=3901.19..3903.67 rows=993 width=121)
	        Sort Key: c
	        ->  Bitmap Heap Scan on sbtest1  (cost=34.61..3851.76 rows=993 width=121)
	              Recheck Cond: ((id >= 3005789) AND (id <= 3006788))
	              ->  Bitmap Index Scan on sbtest1_pkey  (cost=0.00..34.37 rows=993 width=0)
	                    Index Cond: ((id >= 3005789) AND (id <= 3006788))

table 2 : explain SELECT DISTINCT c FROM sbtest2 WHERE id BETWEEN 1007727 AND 1008726 ORDER BY c
	Unique  (cost=4138.64..4143.92 rows=1056 width=121)
	  ->  Sort  (cost=4138.64..4141.28 rows=1056 width=121)
	        Sort Key: c
	        ->  Bitmap Heap Scan on sbtest2  (cost=35.26..4085.61 rows=1056 width=121)
	              Recheck Cond: ((id >= 1007727) AND (id <= 1008726))
	              ->  Bitmap Index Scan on sbtest2_pkey  (cost=0.00..35.00 rows=1056 width=0)
	                    Index Cond: ((id >= 1007727) AND (id <= 1008726))

table 3 : explain SELECT DISTINCT c FROM sbtest3 WHERE id BETWEEN 3618332 AND 3619331 ORDER BY c
	Unique  (cost=3988.05..3993.13 rows=1015 width=121)
	  ->  Sort  (cost=3988.05..3990.59 rows=1015 width=121)
	        Sort Key: c
	        ->  Bitmap Heap Scan on sbtest3  (cost=34.84..3937.37 rows=1015 width=121)
	              Recheck Cond: ((id >= 3618332) AND (id <= 3619331))
	              ->  Bitmap Index Scan on sbtest3_pkey  (cost=0.00..34.59 rows=1015 width=0)
	                    Index Cond: ((id >= 3618332) AND (id <= 3619331))

table 4 : explain SELECT DISTINCT c FROM sbtest4 WHERE id BETWEEN 1138581 AND 1139580 ORDER BY c
	Unique  (cost=4011.35..4016.45 rows=1021 width=121)
	  ->  Sort  (cost=4011.35..4013.90 rows=1021 width=121)
	        Sort Key: c
	        ->  Bitmap Heap Scan on sbtest4  (cost=34.90..3960.32 rows=1021 width=121)
	              Recheck Cond: ((id >= 1138581) AND (id <= 1139580))
	              ->  Bitmap Index Scan on sbtest4_pkey  (cost=0.00..34.65 rows=1021 width=0)
	                    Index Cond: ((id >= 1138581) AND (id <= 1139580))

table 5 : explain SELECT DISTINCT c FROM sbtest5 WHERE id BETWEEN 4540766 AND 4541765 ORDER BY c
	Unique  (cost=3965.02..3970.06 rows=1009 width=121)
	  ->  Sort  (cost=3965.02..3967.54 rows=1009 width=121)
	        Sort Key: c
	        ->  Bitmap Heap Scan on sbtest5  (cost=34.78..3914.67 rows=1009 width=121)
	              Recheck Cond: ((id >= 4540766) AND (id <= 4541765))
	              ->  Bitmap Index Scan on sbtest5_pkey  (cost=0.00..34.53 rows=1009 width=0)
	                    Index Cond: ((id >= 4540766) AND (id <= 4541765))

table 6 : explain SELECT DISTINCT c FROM sbtest6 WHERE id BETWEEN 7955810 AND 7956809 ORDER BY c
	Unique  (cost=3957.88..3962.92 rows=1008 width=121)
	  ->  Sort  (cost=3957.88..3960.40 rows=1008 width=121)
	        Sort Key: c
	        ->  Bitmap Heap Scan on sbtest6  (cost=34.77..3907.59 rows=1008 width=121)
	              Recheck Cond: ((id >= 7955810) AND (id <= 7956809))
	              ->  Bitmap Index Scan on sbtest6_pkey  (cost=0.00..34.52 rows=1008 width=0)
	                    Index Cond: ((id >= 7955810) AND (id <= 7956809))

table 7 : explain SELECT DISTINCT c FROM sbtest7 WHERE id BETWEEN 4373832 AND 4374831 ORDER BY c
	Unique  (cost=3653.30..3657.94 rows=928 width=121)
	  ->  Sort  (cost=3653.30..3655.62 rows=928 width=121)
	        Sort Key: c
	        ->  Bitmap Heap Scan on sbtest7  (cost=33.95..3607.56 rows=928 width=121)
	              Recheck Cond: ((id >= 4373832) AND (id <= 4374831))
	              ->  Bitmap Index Scan on sbtest7_pkey  (cost=0.00..33.72 rows=928 width=0)
	                    Index Cond: ((id >= 4373832) AND (id <= 4374831))

table 8 : explain SELECT DISTINCT c FROM sbtest8 WHERE id BETWEEN 6198981 AND 6199980 ORDER BY c
	Unique  (cost=4178.38..4183.71 rows=1066 width=121)
	  ->  Sort  (cost=4178.38..4181.04 rows=1066 width=121)
	        Sort Key: c
	        ->  Bitmap Heap Scan on sbtest8  (cost=35.36..4124.77 rows=1066 width=121)
	              Recheck Cond: ((id >= 6198981) AND (id <= 6199980))
	              ->  Bitmap Index Scan on sbtest8_pkey  (cost=0.00..35.09 rows=1066 width=0)
	                    Index Cond: ((id >= 6198981) AND (id <= 6199980))

explain: for point_selects :: explain SELECT c FROM sbtest%u WHERE id=%u
for: distinct_ranges
table 1 : explain SELECT DISTINCT c FROM sbtest1 WHERE id BETWEEN 5113120 AND 5114119 ORDER BY c
	Unique  (cost=4039.05..4044.19 rows=1029 width=121)
	  ->  Sort  (cost=4039.05..4041.62 rows=1029 width=121)
	        Sort Key: c
	        ->  Bitmap Heap Scan on sbtest1  (cost=34.98..3987.56 rows=1029 width=121)
	              Recheck Cond: ((id >= 5113120) AND (id <= 5114119))
	              ->  Bitmap Index Scan on sbtest1_pkey  (cost=0.00..34.73 rows=1029 width=0)
	                    Index Cond: ((id >= 5113120) AND (id <= 5114119))

table 2 : explain SELECT DISTINCT c FROM sbtest2 WHERE id BETWEEN 9826590 AND 9827589 ORDER BY c
	Unique  (cost=4062.24..4067.42 rows=1036 width=121)
	  ->  Sort  (cost=4062.24..4064.83 rows=1036 width=121)
	        Sort Key: c
	        ->  Bitmap Heap Scan on sbtest2  (cost=35.05..4010.35 rows=1036 width=121)
	              Recheck Cond: ((id >= 9826590) AND (id <= 9827589))
	              ->  Bitmap Index Scan on sbtest2_pkey  (cost=0.00..34.80 rows=1036 width=0)
	                    Index Cond: ((id >= 9826590) AND (id <= 9827589))

table 3 : explain SELECT DISTINCT c FROM sbtest3 WHERE id BETWEEN 8569277 AND 8570276 ORDER BY c
	Unique  (cost=4420.62..4426.25 rows=1127 width=121)
	  ->  Sort  (cost=4420.62..4423.43 rows=1127 width=121)
	        Sort Key: c
	        ->  Bitmap Heap Scan on sbtest3  (cost=39.99..4363.49 rows=1127 width=121)
	              Recheck Cond: ((id >= 8569277) AND (id <= 8570276))
	              ->  Bitmap Index Scan on sbtest3_pkey  (cost=0.00..39.70 rows=1127 width=0)
	                    Index Cond: ((id >= 8569277) AND (id <= 8570276))

table 4 : explain SELECT DISTINCT c FROM sbtest4 WHERE id BETWEEN 1878209 AND 1879208 ORDER BY c
	Unique  (cost=3758.14..3762.92 rows=955 width=121)
	  ->  Sort  (cost=3758.14..3760.53 rows=955 width=121)
	        Sort Key: c
	        ->  Bitmap Heap Scan on sbtest4  (cost=34.22..3710.87 rows=955 width=121)
	              Recheck Cond: ((id >= 1878209) AND (id <= 1879208))
	              ->  Bitmap Index Scan on sbtest4_pkey  (cost=0.00..33.98 rows=955 width=0)
	                    Index Cond: ((id >= 1878209) AND (id <= 1879208))

table 5 : explain SELECT DISTINCT c FROM sbtest5 WHERE id BETWEEN 1672407 AND 1673406 ORDER BY c
	Unique  (cost=3561.69..3566.22 rows=905 width=121)
	  ->  Sort  (cost=3561.69..3563.96 rows=905 width=121)
	        Sort Key: c
	        ->  Bitmap Heap Scan on sbtest5  (cost=29.71..3517.25 rows=905 width=121)
	              Recheck Cond: ((id >= 1672407) AND (id <= 1673406))
	              ->  Bitmap Index Scan on sbtest5_pkey  (cost=0.00..29.48 rows=905 width=0)
	                    Index Cond: ((id >= 1672407) AND (id <= 1673406))

table 6 : explain SELECT DISTINCT c FROM sbtest6 WHERE id BETWEEN 4957752 AND 4958751 ORDER BY c
	Unique  (cost=3731.78..3736.52 rows=949 width=121)
	  ->  Sort  (cost=3731.78..3734.15 rows=949 width=121)
	        Sort Key: c
	        ->  Bitmap Heap Scan on sbtest6  (cost=34.16..3684.85 rows=949 width=121)
	              Recheck Cond: ((id >= 4957752) AND (id <= 4958751))
	              ->  Bitmap Index Scan on sbtest6_pkey  (cost=0.00..33.93 rows=949 width=0)
	                    Index Cond: ((id >= 4957752) AND (id <= 4958751))

table 7 : explain SELECT DISTINCT c FROM sbtest7 WHERE id BETWEEN 3035022 AND 3036021 ORDER BY c
	Unique  (cost=4075.17..4080.36 rows=1038 width=121)
	  ->  Sort  (cost=4075.17..4077.76 rows=1038 width=121)
	        Sort Key: c
	        ->  Bitmap Heap Scan on sbtest7  (cost=35.07..4023.17 rows=1038 width=121)
	              Recheck Cond: ((id >= 3035022) AND (id <= 3036021))
	              ->  Bitmap Index Scan on sbtest7_pkey  (cost=0.00..34.82 rows=1038 width=0)
	                    Index Cond: ((id >= 3035022) AND (id <= 3036021))

table 8 : explain SELECT DISTINCT c FROM sbtest8 WHERE id BETWEEN 5897211 AND 5898210 ORDER BY c
	Unique  (cost=3864.74..3869.66 rows=984 width=121)
	  ->  Sort  (cost=3864.74..3867.20 rows=984 width=121)
	        Sort Key: c
	        ->  Bitmap Heap Scan on sbtest8  (cost=34.52..3815.83 rows=984 width=121)
	              Recheck Cond: ((id >= 5897211) AND (id <= 5898210))
	              ->  Bitmap Index Scan on sbtest8_pkey  (cost=0.00..34.28 rows=984 width=0)
	                    Index Cond: ((id >= 5897211) AND (id <= 5898210))

for point_selects
table 1 : explain SELECT c FROM sbtest1 WHERE id=6620259
	Index Scan using sbtest1_pkey on sbtest1  (cost=0.43..8.45 rows=1 width=121)
	  Index Cond: (id = 6620259)

table 2 : explain SELECT c FROM sbtest2 WHERE id=3881367
	Index Scan using sbtest2_pkey on sbtest2  (cost=0.43..8.45 rows=1 width=121)
	  Index Cond: (id = 3881367)

table 3 : explain SELECT c FROM sbtest3 WHERE id=2487909
	Index Scan using sbtest3_pkey on sbtest3  (cost=0.43..8.45 rows=1 width=121)
	  Index Cond: (id = 2487909)

table 4 : explain SELECT c FROM sbtest4 WHERE id=42907
	Index Scan using sbtest4_pkey on sbtest4  (cost=0.43..8.45 rows=1 width=121)
	  Index Cond: (id = 42907)

table 5 : explain SELECT c FROM sbtest5 WHERE id=7375347
	Index Scan using sbtest5_pkey on sbtest5  (cost=0.43..8.45 rows=1 width=121)
	  Index Cond: (id = 7375347)

table 6 : explain SELECT c FROM sbtest6 WHERE id=3474929
	Index Scan using sbtest6_pkey on sbtest6  (cost=0.43..8.45 rows=1 width=121)
	  Index Cond: (id = 3474929)

table 7 : explain SELECT c FROM sbtest7 WHERE id=9409991
	Index Scan using sbtest7_pkey on sbtest7  (cost=0.43..8.45 rows=1 width=121)
	  Index Cond: (id = 9409991)

table 8 : explain SELECT c FROM sbtest8 WHERE id=2708915
	Index Scan using sbtest8_pkey on sbtest8  (cost=0.43..8.45 rows=1 width=121)
	  Index Cond: (id = 2708915)

for point_selects
table 1 : explain SELECT c FROM sbtest1 WHERE id=6641185
	Index Scan using sbtest1_pkey on sbtest1  (cost=0.43..8.45 rows=1 width=121)
	  Index Cond: (id = 6641185)

table 2 : explain SELECT c FROM sbtest2 WHERE id=3654813
	Index Scan using sbtest2_pkey on sbtest2  (cost=0.43..8.45 rows=1 width=121)
	  Index Cond: (id = 3654813)

table 3 : explain SELECT c FROM sbtest3 WHERE id=3679835
	Index Scan using sbtest3_pkey on sbtest3  (cost=0.43..8.45 rows=1 width=121)
	  Index Cond: (id = 3679835)

table 4 : explain SELECT c FROM sbtest4 WHERE id=6742178
	Index Scan using sbtest4_pkey on sbtest4  (cost=0.43..8.45 rows=1 width=121)
	  Index Cond: (id = 6742178)

table 5 : explain SELECT c FROM sbtest5 WHERE id=5382037
	Index Scan using sbtest5_pkey on sbtest5  (cost=0.43..8.45 rows=1 width=121)
	  Index Cond: (id = 5382037)

table 6 : explain SELECT c FROM sbtest6 WHERE id=7262658
	Index Scan using sbtest6_pkey on sbtest6  (cost=0.43..8.45 rows=1 width=121)
	  Index Cond: (id = 7262658)

table 7 : explain SELECT c FROM sbtest7 WHERE id=415352
	Index Scan using sbtest7_pkey on sbtest7  (cost=0.43..8.45 rows=1 width=121)
	  Index Cond: (id = 415352)

table 8 : explain SELECT c FROM sbtest8 WHERE id=7473363
	Index Scan using sbtest8_pkey on sbtest8  (cost=0.43..8.45 rows=1 width=121)
	  Index Cond: (id = 7473363)

for point_selects
table 1 : explain SELECT c FROM sbtest1 WHERE id=7845357
	Index Scan using sbtest1_pkey on sbtest1  (cost=0.43..8.45 rows=1 width=121)
	  Index Cond: (id = 7845357)

table 2 : explain SELECT c FROM sbtest2 WHERE id=5709116
	Index Scan using sbtest2_pkey on sbtest2  (cost=0.43..8.45 rows=1 width=121)
	  Index Cond: (id = 5709116)

table 3 : explain SELECT c FROM sbtest3 WHERE id=4535710
	Index Scan using sbtest3_pkey on sbtest3  (cost=0.43..8.45 rows=1 width=121)
	  Index Cond: (id = 4535710)

table 4 : explain SELECT c FROM sbtest4 WHERE id=9117051
	Index Scan using sbtest4_pkey on sbtest4  (cost=0.43..8.45 rows=1 width=121)
	  Index Cond: (id = 9117051)

table 5 : explain SELECT c FROM sbtest5 WHERE id=1106756
	Index Scan using sbtest5_pkey on sbtest5  (cost=0.43..8.45 rows=1 width=121)
	  Index Cond: (id = 1106756)

table 6 : explain SELECT c FROM sbtest6 WHERE id=911805
	Index Scan using sbtest6_pkey on sbtest6  (cost=0.43..8.45 rows=1 width=121)
	  Index Cond: (id = 911805)

table 7 : explain SELECT c FROM sbtest7 WHERE id=7712941
	Index Scan using sbtest7_pkey on sbtest7  (cost=0.43..8.45 rows=1 width=121)
	  Index Cond: (id = 7712941)

table 8 : explain SELECT c FROM sbtest8 WHERE id=2749079
	Index Scan using sbtest8_pkey on sbtest8  (cost=0.43..8.45 rows=1 width=121)
	  Index Cond: (id = 2749079)

for: simple_ranges
table 1 : explain SELECT c FROM sbtest1 WHERE id BETWEEN 3981907 AND 3982906
	Bitmap Heap Scan on sbtest1  (cost=33.85..3572.09 rows=919 width=121)
	  Recheck Cond: ((id >= 3981907) AND (id <= 3982906))
	  ->  Bitmap Index Scan on sbtest1_pkey  (cost=0.00..33.62 rows=919 width=0)
	        Index Cond: ((id >= 3981907) AND (id <= 3982906))

table 2 : explain SELECT c FROM sbtest2 WHERE id BETWEEN 8501463 AND 8502462
	Bitmap Heap Scan on sbtest2  (cost=34.59..3840.84 rows=991 width=121)
	  Recheck Cond: ((id >= 8501463) AND (id <= 8502462))
	  ->  Bitmap Index Scan on sbtest2_pkey  (cost=0.00..34.34 rows=991 width=0)
	        Index Cond: ((id >= 8501463) AND (id <= 8502462))

table 3 : explain SELECT c FROM sbtest3 WHERE id BETWEEN 2076144 AND 2077143
	Bitmap Heap Scan on sbtest3  (cost=34.38..3767.34 rows=970 width=121)
	  Recheck Cond: ((id >= 2076144) AND (id <= 2077143))
	  ->  Bitmap Index Scan on sbtest3_pkey  (cost=0.00..34.14 rows=970 width=0)
	        Index Cond: ((id >= 2076144) AND (id <= 2077143))

table 4 : explain SELECT c FROM sbtest4 WHERE id BETWEEN 8595251 AND 8596250
	Bitmap Heap Scan on sbtest4  (cost=34.59..3847.00 rows=991 width=121)
	  Recheck Cond: ((id >= 8595251) AND (id <= 8596250))
	  ->  Bitmap Index Scan on sbtest4_pkey  (cost=0.00..34.34 rows=991 width=0)
	        Index Cond: ((id >= 8595251) AND (id <= 8596250))

table 5 : explain SELECT c FROM sbtest5 WHERE id BETWEEN 2313812 AND 2314811
	Bitmap Heap Scan on sbtest5  (cost=34.53..3824.00 rows=985 width=121)
	  Recheck Cond: ((id >= 2313812) AND (id <= 2314811))
	  ->  Bitmap Index Scan on sbtest5_pkey  (cost=0.00..34.29 rows=985 width=0)
	        Index Cond: ((id >= 2313812) AND (id <= 2314811))

table 6 : explain SELECT c FROM sbtest6 WHERE id BETWEEN 4290522 AND 4291521
	Bitmap Heap Scan on sbtest6  (cost=34.48..3801.94 rows=980 width=121)
	  Recheck Cond: ((id >= 4290522) AND (id <= 4291521))
	  ->  Bitmap Index Scan on sbtest6_pkey  (cost=0.00..34.23 rows=980 width=0)
	        Index Cond: ((id >= 4290522) AND (id <= 4291521))

table 7 : explain SELECT c FROM sbtest7 WHERE id BETWEEN 6752264 AND 6753263
	Bitmap Heap Scan on sbtest7  (cost=34.34..3751.30 rows=966 width=121)
	  Recheck Cond: ((id >= 6752264) AND (id <= 6753263))
	  ->  Bitmap Index Scan on sbtest7_pkey  (cost=0.00..34.09 rows=966 width=0)
	        Index Cond: ((id >= 6752264) AND (id <= 6753263))

table 8 : explain SELECT c FROM sbtest8 WHERE id BETWEEN 109659 AND 110658
	Bitmap Heap Scan on sbtest8  (cost=34.18..3691.26 rows=951 width=121)
	  Recheck Cond: ((id >= 109659) AND (id <= 110658))
	  ->  Bitmap Index Scan on sbtest8_pkey  (cost=0.00..33.95 rows=951 width=0)
	        Index Cond: ((id >= 109659) AND (id <= 110658))

for: sum_ranges
table 1 : explain SELECT SUM(k) FROM sbtest1 WHERE id BETWEEN 6328645 AND 6329644
	Aggregate  (cost=3646.31..3646.32 rows=1 width=8)
	  ->  Bitmap Heap Scan on sbtest1  (cost=34.05..3643.96 rows=938 width=4)
	        Recheck Cond: ((id >= 6328645) AND (id <= 6329644))
	        ->  Bitmap Index Scan on sbtest1_pkey  (cost=0.00..33.82 rows=938 width=0)
	              Index Cond: ((id >= 6328645) AND (id <= 6329644))

table 2 : explain SELECT SUM(k) FROM sbtest2 WHERE id BETWEEN 4549257 AND 4550256
	Aggregate  (cost=3835.77..3835.78 rows=1 width=8)
	  ->  Bitmap Heap Scan on sbtest2  (cost=34.57..3833.30 rows=989 width=4)
	        Recheck Cond: ((id >= 4549257) AND (id <= 4550256))
	        ->  Bitmap Index Scan on sbtest2_pkey  (cost=0.00..34.33 rows=989 width=0)
	              Index Cond: ((id >= 4549257) AND (id <= 4550256))

table 3 : explain SELECT SUM(k) FROM sbtest3 WHERE id BETWEEN 2117465 AND 2118464
	Aggregate  (cost=3769.76..3769.77 rows=1 width=8)
	  ->  Bitmap Heap Scan on sbtest3  (cost=34.38..3767.34 rows=970 width=4)
	        Recheck Cond: ((id >= 2117465) AND (id <= 2118464))
	        ->  Bitmap Index Scan on sbtest3_pkey  (cost=0.00..34.14 rows=970 width=0)
	              Index Cond: ((id >= 2117465) AND (id <= 2118464))

table 4 : explain SELECT SUM(k) FROM sbtest4 WHERE id BETWEEN 5419449 AND 5420448
	Aggregate  (cost=3906.19..3906.20 rows=1 width=8)
	  ->  Bitmap Heap Scan on sbtest4  (cost=34.75..3903.68 rows=1006 width=4)
	        Recheck Cond: ((id >= 5419449) AND (id <= 5420448))
	        ->  Bitmap Index Scan on sbtest4_pkey  (cost=0.00..34.50 rows=1006 width=0)
	              Index Cond: ((id >= 5419449) AND (id <= 5420448))

table 5 : explain SELECT SUM(k) FROM sbtest5 WHERE id BETWEEN 1803140 AND 1804139
	Aggregate  (cost=3451.23..3451.24 rows=1 width=8)
	  ->  Bitmap Heap Scan on sbtest5  (cost=29.53..3449.02 rows=887 width=4)
	        Recheck Cond: ((id >= 1803140) AND (id <= 1804139))
	        ->  Bitmap Index Scan on sbtest5_pkey  (cost=0.00..29.30 rows=887 width=0)
	              Index Cond: ((id >= 1803140) AND (id <= 1804139))

table 6 : explain SELECT SUM(k) FROM sbtest6 WHERE id BETWEEN 9293435 AND 9294434
	Aggregate  (cost=3898.79..3898.80 rows=1 width=8)
	  ->  Bitmap Heap Scan on sbtest6  (cost=34.74..3896.28 rows=1005 width=4)
	        Recheck Cond: ((id >= 9293435) AND (id <= 9294434))
	        ->  Bitmap Index Scan on sbtest6_pkey  (cost=0.00..34.48 rows=1005 width=0)
	              Index Cond: ((id >= 9293435) AND (id <= 9294434))

table 7 : explain SELECT SUM(k) FROM sbtest7 WHERE id BETWEEN 7381022 AND 7382021
	Aggregate  (cost=3556.84..3556.85 rows=1 width=8)
	  ->  Bitmap Heap Scan on sbtest7  (cost=33.80..3554.55 rows=914 width=4)
	        Recheck Cond: ((id >= 7381022) AND (id <= 7382021))
	        ->  Bitmap Index Scan on sbtest7_pkey  (cost=0.00..33.58 rows=914 width=0)
	              Index Cond: ((id >= 7381022) AND (id <= 7382021))

table 8 : explain SELECT SUM(k) FROM sbtest8 WHERE id BETWEEN 3658725 AND 3659724
	Aggregate  (cost=4289.45..4289.46 rows=1 width=8)
	  ->  Bitmap Heap Scan on sbtest8  (cost=39.79..4286.68 rows=1108 width=4)
	        Recheck Cond: ((id >= 3658725) AND (id <= 3659724))
	        ->  Bitmap Index Scan on sbtest8_pkey  (cost=0.00..39.52 rows=1108 width=0)
	              Index Cond: ((id >= 3658725) AND (id <= 3659724))

for: order_ranges
table 1 : explain SELECT c FROM sbtest1 WHERE id BETWEEN 7747785 AND 7748784 ORDER BY c
	Sort  (cost=3770.84..3773.24 rows=959 width=121)
	  Sort Key: c
	  ->  Bitmap Heap Scan on sbtest1  (cost=34.26..3723.35 rows=959 width=121)
	        Recheck Cond: ((id >= 7747785) AND (id <= 7748784))
	        ->  Bitmap Index Scan on sbtest1_pkey  (cost=0.00..34.03 rows=959 width=0)
	              Index Cond: ((id >= 7747785) AND (id <= 7748784))

table 2 : explain SELECT c FROM sbtest2 WHERE id BETWEEN 6942267 AND 6943266 ORDER BY c
	Sort  (cost=4104.27..4106.88 rows=1047 width=121)
	  Sort Key: c
	  ->  Bitmap Heap Scan on sbtest2  (cost=35.17..4051.75 rows=1047 width=121)
	        Recheck Cond: ((id >= 6942267) AND (id <= 6943266))
	        ->  Bitmap Index Scan on sbtest2_pkey  (cost=0.00..34.91 rows=1047 width=0)
	              Index Cond: ((id >= 6942267) AND (id <= 6943266))

table 3 : explain SELECT c FROM sbtest3 WHERE id BETWEEN 5501354 AND 5502353 ORDER BY c
	Sort  (cost=4160.41..4163.06 rows=1060 width=121)
	  Sort Key: c
	  ->  Bitmap Heap Scan on sbtest3  (cost=35.30..4107.15 rows=1060 width=121)
	        Recheck Cond: ((id >= 5501354) AND (id <= 5502353))
	        ->  Bitmap Index Scan on sbtest3_pkey  (cost=0.00..35.04 rows=1060 width=0)
	              Index Cond: ((id >= 5501354) AND (id <= 5502353))

table 4 : explain SELECT c FROM sbtest4 WHERE id BETWEEN 5813844 AND 5814843 ORDER BY c
	Sort  (cost=3738.94..3741.32 rows=950 width=121)
	  Sort Key: c
	  ->  Bitmap Heap Scan on sbtest4  (cost=34.17..3691.95 rows=950 width=121)
	        Recheck Cond: ((id >= 5813844) AND (id <= 5814843))
	        ->  Bitmap Index Scan on sbtest4_pkey  (cost=0.00..33.94 rows=950 width=0)
	              Index Cond: ((id >= 5813844) AND (id <= 5814843))

table 5 : explain SELECT c FROM sbtest5 WHERE id BETWEEN 4572836 AND 4573835 ORDER BY c
	Sort  (cost=3834.61..3837.05 rows=975 width=121)
	  Sort Key: c
	  ->  Bitmap Heap Scan on sbtest5  (cost=34.43..3786.20 rows=975 width=121)
	        Recheck Cond: ((id >= 4572836) AND (id <= 4573835))
	        ->  Bitmap Index Scan on sbtest5_pkey  (cost=0.00..34.19 rows=975 width=0)
	              Index Cond: ((id >= 4572836) AND (id <= 4573835))

table 6 : explain SELECT c FROM sbtest6 WHERE id BETWEEN 1358564 AND 1359563 ORDER BY c
	Sort  (cost=4026.77..4029.34 rows=1026 width=121)
	  Sort Key: c
	  ->  Bitmap Heap Scan on sbtest6  (cost=34.95..3975.46 rows=1026 width=121)
	        Recheck Cond: ((id >= 1358564) AND (id <= 1359563))
	        ->  Bitmap Index Scan on sbtest6_pkey  (cost=0.00..34.70 rows=1026 width=0)
	              Index Cond: ((id >= 1358564) AND (id <= 1359563))

table 7 : explain SELECT c FROM sbtest7 WHERE id BETWEEN 1186694 AND 1187693 ORDER BY c
	Sort  (cost=3944.92..3947.43 rows=1004 width=121)
	  Sort Key: c
	  ->  Bitmap Heap Scan on sbtest7  (cost=34.73..3894.87 rows=1004 width=121)
	        Recheck Cond: ((id >= 1186694) AND (id <= 1187693))
	        ->  Bitmap Index Scan on sbtest7_pkey  (cost=0.00..34.48 rows=1004 width=0)
	              Index Cond: ((id >= 1186694) AND (id <= 1187693))

table 8 : explain SELECT c FROM sbtest8 WHERE id BETWEEN 9384642 AND 9385641 ORDER BY c
	Sort  (cost=3788.13..3790.54 rows=964 width=121)
	  Sort Key: c
	  ->  Bitmap Heap Scan on sbtest8  (cost=34.32..3740.35 rows=964 width=121)
	        Recheck Cond: ((id >= 9384642) AND (id <= 9385641))
	        ->  Bitmap Index Scan on sbtest8_pkey  (cost=0.00..34.08 rows=964 width=0)
	              Index Cond: ((id >= 9384642) AND (id <= 9385641))

explain: for point_selects :: explain SELECT c FROM sbtest%u WHERE id=%u
for: order_ranges
table 1 : explain SELECT c FROM sbtest1 WHERE id BETWEEN 8219905 AND 8220904 ORDER BY c
	Sort  (cost=4008.43..4010.98 rows=1021 width=121)
	  Sort Key: c
	  ->  Bitmap Heap Scan on sbtest1  (cost=34.90..3957.40 rows=1021 width=121)
	        Recheck Cond: ((id >= 8219905) AND (id <= 8220904))
	        ->  Bitmap Index Scan on sbtest1_pkey  (cost=0.00..34.65 rows=1021 width=0)
	              Index Cond: ((id >= 8219905) AND (id <= 8220904))

table 2 : explain SELECT c FROM sbtest2 WHERE id BETWEEN 3529914 AND 3530913 ORDER BY c
	Sort  (cost=4119.55..4122.17 rows=1051 width=121)
	  Sort Key: c
	  ->  Bitmap Heap Scan on sbtest2  (cost=35.21..4066.80 rows=1051 width=121)
	        Recheck Cond: ((id >= 3529914) AND (id <= 3530913))
	        ->  Bitmap Index Scan on sbtest2_pkey  (cost=0.00..34.95 rows=1051 width=0)
	              Index Cond: ((id >= 3529914) AND (id <= 3530913))

table 3 : explain SELECT c FROM sbtest3 WHERE id BETWEEN 8304434 AND 8305433 ORDER BY c
	Sort  (cost=3830.81..3833.24 rows=974 width=121)
	  Sort Key: c
	  ->  Bitmap Heap Scan on sbtest3  (cost=34.42..3782.46 rows=974 width=121)
	        Recheck Cond: ((id >= 8304434) AND (id <= 8305433))
	        ->  Bitmap Index Scan on sbtest3_pkey  (cost=0.00..34.18 rows=974 width=0)
	              Index Cond: ((id >= 8304434) AND (id <= 8305433))

table 4 : explain SELECT c FROM sbtest4 WHERE id BETWEEN 6176782 AND 6177781 ORDER BY c
	Sort  (cost=4325.42..4328.17 rows=1102 width=121)
	  Sort Key: c
	  ->  Bitmap Heap Scan on sbtest4  (cost=39.73..4269.73 rows=1102 width=121)
	        Recheck Cond: ((id >= 6176782) AND (id <= 6177781))
	        ->  Bitmap Index Scan on sbtest4_pkey  (cost=0.00..39.45 rows=1102 width=0)
	              Index Cond: ((id >= 6176782) AND (id <= 6177781))

table 5 : explain SELECT c FROM sbtest5 WHERE id BETWEEN 46591 AND 47590 ORDER BY c
	Sort  (cost=4171.86..4174.51 rows=1063 width=121)
	  Sort Key: c
	  ->  Bitmap Heap Scan on sbtest5  (cost=35.33..4118.42 rows=1063 width=121)
	        Recheck Cond: ((id >= 46591) AND (id <= 47590))
	        ->  Bitmap Index Scan on sbtest5_pkey  (cost=0.00..35.07 rows=1063 width=0)
	              Index Cond: ((id >= 46591) AND (id <= 47590))

table 6 : explain SELECT c FROM sbtest6 WHERE id BETWEEN 3695098 AND 3696097 ORDER BY c
	Sort  (cost=3946.39..3948.90 rows=1005 width=121)
	  Sort Key: c
	  ->  Bitmap Heap Scan on sbtest6  (cost=34.74..3896.28 rows=1005 width=121)
	        Recheck Cond: ((id >= 3695098) AND (id <= 3696097))
	        ->  Bitmap Index Scan on sbtest6_pkey  (cost=0.00..34.48 rows=1005 width=0)
	              Index Cond: ((id >= 3695098) AND (id <= 3696097))

table 7 : explain SELECT c FROM sbtest7 WHERE id BETWEEN 3933362 AND 3934361 ORDER BY c
	Sort  (cost=3918.09..3920.59 rows=997 width=121)
	  Sort Key: c
	  ->  Bitmap Heap Scan on sbtest7  (cost=34.65..3868.44 rows=997 width=121)
	        Recheck Cond: ((id >= 3933362) AND (id <= 3934361))
	        ->  Bitmap Index Scan on sbtest7_pkey  (cost=0.00..34.41 rows=997 width=0)
	              Index Cond: ((id >= 3933362) AND (id <= 3934361))

table 8 : explain SELECT c FROM sbtest8 WHERE id BETWEEN 9038250 AND 9039249 ORDER BY c
	Sort  (cost=3730.63..3733.00 rows=949 width=121)
	  Sort Key: c
	  ->  Bitmap Heap Scan on sbtest8  (cost=34.16..3683.70 rows=949 width=121)
	        Recheck Cond: ((id >= 9038250) AND (id <= 9039249))
	        ->  Bitmap Index Scan on sbtest8_pkey  (cost=0.00..33.93 rows=949 width=0)
	              Index Cond: ((id >= 9038250) AND (id <= 9039249))

for: simple_ranges
table 1 : explain SELECT c FROM sbtest1 WHERE id BETWEEN 3138828 AND 3139827
	Bitmap Heap Scan on sbtest1  (cost=29.44..3416.61 rows=879 width=121)
	  Recheck Cond: ((id >= 3138828) AND (id <= 3139827))
	  ->  Bitmap Index Scan on sbtest1_pkey  (cost=0.00..29.22 rows=879 width=0)
	        Index Cond: ((id >= 3138828) AND (id <= 3139827))

table 2 : explain SELECT c FROM sbtest2 WHERE id BETWEEN 3417342 AND 3418341
	Bitmap Heap Scan on sbtest2  (cost=34.09..3655.97 rows=942 width=121)
	  Recheck Cond: ((id >= 3417342) AND (id <= 3418341))
	  ->  Bitmap Index Scan on sbtest2_pkey  (cost=0.00..33.86 rows=942 width=0)
	        Index Cond: ((id >= 3417342) AND (id <= 3418341))

table 3 : explain SELECT c FROM sbtest3 WHERE id BETWEEN 5071247 AND 5072246
	Bitmap Heap Scan on sbtest3  (cost=34.73..3895.83 rows=1004 width=121)
	  Recheck Cond: ((id >= 5071247) AND (id <= 5072246))
	  ->  Bitmap Index Scan on sbtest3_pkey  (cost=0.00..34.48 rows=1004 width=0)
	        Index Cond: ((id >= 5071247) AND (id <= 5072246))

table 4 : explain SELECT c FROM sbtest4 WHERE id BETWEEN 2679237 AND 2680236
	Bitmap Heap Scan on sbtest4  (cost=34.28..3729.79 rows=960 width=121)
	  Recheck Cond: ((id >= 2679237) AND (id <= 2680236))
	  ->  Bitmap Index Scan on sbtest4_pkey  (cost=0.00..34.04 rows=960 width=0)
	        Index Cond: ((id >= 2679237) AND (id <= 2680236))

table 5 : explain SELECT c FROM sbtest5 WHERE id BETWEEN 4166200 AND 4167199
	Bitmap Heap Scan on sbtest5  (cost=34.82..3929.78 rows=1013 width=121)
	  Recheck Cond: ((id >= 4166200) AND (id <= 4167199))
	  ->  Bitmap Index Scan on sbtest5_pkey  (cost=0.00..34.57 rows=1013 width=0)
	        Index Cond: ((id >= 4166200) AND (id <= 4167199))

table 6 : explain SELECT c FROM sbtest6 WHERE id BETWEEN 7317341 AND 7318340
	Bitmap Heap Scan on sbtest6  (cost=35.46..4163.77 rows=1076 width=121)
	  Recheck Cond: ((id >= 7317341) AND (id <= 7318340))
	  ->  Bitmap Index Scan on sbtest6_pkey  (cost=0.00..35.20 rows=1076 width=0)
	        Index Cond: ((id >= 7317341) AND (id <= 7318340))

table 7 : explain SELECT c FROM sbtest7 WHERE id BETWEEN 6059627 AND 6060626
	Bitmap Heap Scan on sbtest7  (cost=35.12..4038.25 rows=1042 width=121)
	  Recheck Cond: ((id >= 6059627) AND (id <= 6060626))
	  ->  Bitmap Index Scan on sbtest7_pkey  (cost=0.00..34.86 rows=1042 width=0)
	        Index Cond: ((id >= 6059627) AND (id <= 6060626))

table 8 : explain SELECT c FROM sbtest8 WHERE id BETWEEN 931808 AND 932807
	Bitmap Heap Scan on sbtest8  (cost=34.48..3800.74 rows=980 width=121)
	  Recheck Cond: ((id >= 931808) AND (id <= 932807))
	  ->  Bitmap Index Scan on sbtest8_pkey  (cost=0.00..34.23 rows=980 width=0)
	        Index Cond: ((id >= 931808) AND (id <= 932807))

for: simple_ranges
table 1 : explain SELECT c FROM sbtest1 WHERE id BETWEEN 4243682 AND 4244681
	Bitmap Heap Scan on sbtest1  (cost=33.82..3560.73 rows=916 width=121)
	  Recheck Cond: ((id >= 4243682) AND (id <= 4244681))
	  ->  Bitmap Index Scan on sbtest1_pkey  (cost=0.00..33.59 rows=916 width=0)
	        Index Cond: ((id >= 4243682) AND (id <= 4244681))

table 2 : explain SELECT c FROM sbtest2 WHERE id BETWEEN 5477477 AND 5478476
	Bitmap Heap Scan on sbtest2  (cost=34.09..3655.97 rows=942 width=121)
	  Recheck Cond: ((id >= 5477477) AND (id <= 5478476))
	  ->  Bitmap Index Scan on sbtest2_pkey  (cost=0.00..33.86 rows=942 width=0)
	        Index Cond: ((id >= 5477477) AND (id <= 5478476))

table 3 : explain SELECT c FROM sbtest3 WHERE id BETWEEN 3341844 AND 3342843
	Bitmap Heap Scan on sbtest3  (cost=35.32..4114.69 rows=1062 width=121)
	  Recheck Cond: ((id >= 3341844) AND (id <= 3342843))
	  ->  Bitmap Index Scan on sbtest3_pkey  (cost=0.00..35.06 rows=1062 width=0)
	        Index Cond: ((id >= 3341844) AND (id <= 3342843))

table 4 : explain SELECT c FROM sbtest4 WHERE id BETWEEN 2129987 AND 2130986
	Bitmap Heap Scan on sbtest4  (cost=34.34..3752.49 rows=966 width=121)
	  Recheck Cond: ((id >= 2129987) AND (id <= 2130986))
	  ->  Bitmap Index Scan on sbtest4_pkey  (cost=0.00..34.09 rows=966 width=0)
	        Index Cond: ((id >= 2129987) AND (id <= 2130986))

table 5 : explain SELECT c FROM sbtest5 WHERE id BETWEEN 1133840 AND 1134839
	Bitmap Heap Scan on sbtest5  (cost=34.99..3993.95 rows=1030 width=121)
	  Recheck Cond: ((id >= 1133840) AND (id <= 1134839))
	  ->  Bitmap Index Scan on sbtest5_pkey  (cost=0.00..34.73 rows=1030 width=0)
	        Index Cond: ((id >= 1133840) AND (id <= 1134839))

table 6 : explain SELECT c FROM sbtest6 WHERE id BETWEEN 598477 AND 599476
	Bitmap Heap Scan on sbtest6  (cost=35.00..3994.31 rows=1031 width=121)
	  Recheck Cond: ((id >= 598477) AND (id <= 599476))
	  ->  Bitmap Index Scan on sbtest6_pkey  (cost=0.00..34.75 rows=1031 width=0)
	        Index Cond: ((id >= 598477) AND (id <= 599476))

table 7 : explain SELECT c FROM sbtest7 WHERE id BETWEEN 1341755 AND 1342754
	Bitmap Heap Scan on sbtest7  (cost=35.45..4162.63 rows=1075 width=121)
	  Recheck Cond: ((id >= 1341755) AND (id <= 1342754))
	  ->  Bitmap Index Scan on sbtest7_pkey  (cost=0.00..35.19 rows=1075 width=0)
	        Index Cond: ((id >= 1341755) AND (id <= 1342754))

table 8 : explain SELECT c FROM sbtest8 WHERE id BETWEEN 2834232 AND 2835231
	Bitmap Heap Scan on sbtest8  (cost=34.21..3702.59 rows=954 width=121)
	  Recheck Cond: ((id >= 2834232) AND (id <= 2835231))
	  ->  Bitmap Index Scan on sbtest8_pkey  (cost=0.00..33.98 rows=954 width=0)
	        Index Cond: ((id >= 2834232) AND (id <= 2835231))

for: simple_ranges
table 1 : explain SELECT c FROM sbtest1 WHERE id BETWEEN 7838006 AND 7839005
	Bitmap Heap Scan on sbtest1  (cost=34.73..3893.27 rows=1004 width=121)
	  Recheck Cond: ((id >= 7838006) AND (id <= 7839005))
	  ->  Bitmap Index Scan on sbtest1_pkey  (cost=0.00..34.48 rows=1004 width=0)
	        Index Cond: ((id >= 7838006) AND (id <= 7839005))

table 2 : explain SELECT c FROM sbtest2 WHERE id BETWEEN 2241442 AND 2242441
	Bitmap Heap Scan on sbtest2  (cost=34.69..3874.76 rows=1000 width=121)
	  Recheck Cond: ((id >= 2241442) AND (id <= 2242441))
	  ->  Bitmap Index Scan on sbtest2_pkey  (cost=0.00..34.44 rows=1000 width=0)
	        Index Cond: ((id >= 2241442) AND (id <= 2242441))

table 3 : explain SELECT c FROM sbtest3 WHERE id BETWEEN 6148636 AND 6149635
	Bitmap Heap Scan on sbtest3  (cost=35.03..4009.08 rows=1034 width=121)
	  Recheck Cond: ((id >= 6148636) AND (id <= 6149635))
	  ->  Bitmap Index Scan on sbtest3_pkey  (cost=0.00..34.78 rows=1034 width=0)
	        Index Cond: ((id >= 6148636) AND (id <= 6149635))

table 4 : explain SELECT c FROM sbtest4 WHERE id BETWEEN 4695313 AND 4696312
	Bitmap Heap Scan on sbtest4  (cost=34.56..3835.67 rows=988 width=121)
	  Recheck Cond: ((id >= 4695313) AND (id <= 4696312))
	  ->  Bitmap Index Scan on sbtest4_pkey  (cost=0.00..34.32 rows=988 width=0)
	        Index Cond: ((id >= 4695313) AND (id <= 4696312))

table 5 : explain SELECT c FROM sbtest5 WHERE id BETWEEN 9553836 AND 9554835
	Bitmap Heap Scan on sbtest5  (cost=34.97..3986.40 rows=1028 width=121)
	  Recheck Cond: ((id >= 9553836) AND (id <= 9554835))
	  ->  Bitmap Index Scan on sbtest5_pkey  (cost=0.00..34.72 rows=1028 width=0)
	        Index Cond: ((id >= 9553836) AND (id <= 9554835))

table 6 : explain SELECT c FROM sbtest6 WHERE id BETWEEN 2601498 AND 2602497
	Bitmap Heap Scan on sbtest6  (cost=34.46..3794.39 rows=978 width=121)
	  Recheck Cond: ((id >= 2601498) AND (id <= 2602497))
	  ->  Bitmap Index Scan on sbtest6_pkey  (cost=0.00..34.22 rows=978 width=0)
	        Index Cond: ((id >= 2601498) AND (id <= 2602497))

table 7 : explain SELECT c FROM sbtest7 WHERE id BETWEEN 3959965 AND 3960964
	Bitmap Heap Scan on sbtest7  (cost=34.65..3868.44 rows=997 width=121)
	  Recheck Cond: ((id >= 3959965) AND (id <= 3960964))
	  ->  Bitmap Index Scan on sbtest7_pkey  (cost=0.00..34.41 rows=997 width=0)
	        Index Cond: ((id >= 3959965) AND (id <= 3960964))

table 8 : explain SELECT c FROM sbtest8 WHERE id BETWEEN 9202189 AND 9203188
	Bitmap Heap Scan on sbtest8  (cost=34.71..3883.72 rows=1002 width=121)
	  Recheck Cond: ((id >= 9202189) AND (id <= 9203188))
	  ->  Bitmap Index Scan on sbtest8_pkey  (cost=0.00..34.45 rows=1002 width=0)
	        Index Cond: ((id >= 9202189) AND (id <= 9203188))

for: order_ranges
table 1 : explain SELECT c FROM sbtest1 WHERE id BETWEEN 224349 AND 225348 ORDER BY c
	Sort  (cost=3578.75..3581.02 rows=910 width=121)
	  Sort Key: c
	  ->  Bitmap Heap Scan on sbtest1  (cost=29.76..3534.02 rows=910 width=121)
	        Recheck Cond: ((id >= 224349) AND (id <= 225348))
	        ->  Bitmap Index Scan on sbtest1_pkey  (cost=0.00..29.54 rows=910 width=0)
	              Index Cond: ((id >= 224349) AND (id <= 225348))

table 2 : explain SELECT c FROM sbtest2 WHERE id BETWEEN 3054603 AND 3055602 ORDER BY c
	Sort  (cost=4024.02..4026.58 rows=1026 width=121)
	  Sort Key: c
	  ->  Bitmap Heap Scan on sbtest2  (cost=34.95..3972.71 rows=1026 width=121)
	        Recheck Cond: ((id >= 3054603) AND (id <= 3055602))
	        ->  Bitmap Index Scan on sbtest2_pkey  (cost=0.00..34.70 rows=1026 width=0)
	              Index Cond: ((id >= 3054603) AND (id <= 3055602))

table 3 : explain SELECT c FROM sbtest3 WHERE id BETWEEN 9361014 AND 9362013 ORDER BY c
	Sort  (cost=3850.00..3852.44 rows=979 width=121)
	  Sort Key: c
	  ->  Bitmap Heap Scan on sbtest3  (cost=34.47..3801.36 rows=979 width=121)
	        Recheck Cond: ((id >= 9361014) AND (id <= 9362013))
	        ->  Bitmap Index Scan on sbtest3_pkey  (cost=0.00..34.23 rows=979 width=0)
	              Index Cond: ((id >= 9361014) AND (id <= 9362013))

table 4 : explain SELECT c FROM sbtest4 WHERE id BETWEEN 4128470 AND 4129469 ORDER BY c
	Sort  (cost=4099.47..4102.08 rows=1044 width=121)
	  Sort Key: c
	  ->  Bitmap Heap Scan on sbtest4  (cost=35.14..4047.12 rows=1044 width=121)
	        Recheck Cond: ((id >= 4128470) AND (id <= 4129469))
	        ->  Bitmap Index Scan on sbtest4_pkey  (cost=0.00..34.88 rows=1044 width=0)
	              Index Cond: ((id >= 4128470) AND (id <= 4129469))

table 5 : explain SELECT c FROM sbtest5 WHERE id BETWEEN 4015115 AND 4016114 ORDER BY c
	Sort  (cost=4091.46..4094.06 rows=1042 width=121)
	  Sort Key: c
	  ->  Bitmap Heap Scan on sbtest5  (cost=35.12..4039.23 rows=1042 width=121)
	        Recheck Cond: ((id >= 4015115) AND (id <= 4016114))
	        ->  Bitmap Index Scan on sbtest5_pkey  (cost=0.00..34.86 rows=1042 width=0)
	              Index Cond: ((id >= 4015115) AND (id <= 4016114))

table 6 : explain SELECT c FROM sbtest6 WHERE id BETWEEN 7377248 AND 7378247 ORDER BY c
	Sort  (cost=4072.69..4075.28 rows=1038 width=121)
	  Sort Key: c
	  ->  Bitmap Heap Scan on sbtest6  (cost=35.07..4020.68 rows=1038 width=121)
	        Recheck Cond: ((id >= 7377248) AND (id <= 7378247))
	        ->  Bitmap Index Scan on sbtest6_pkey  (cost=0.00..34.82 rows=1038 width=0)
	              Index Cond: ((id >= 7377248) AND (id <= 7378247))

table 7 : explain SELECT c FROM sbtest7 WHERE id BETWEEN 1365764 AND 1366763 ORDER BY c
	Sort  (cost=4209.10..4211.79 rows=1073 width=121)
	  Sort Key: c
	  ->  Bitmap Heap Scan on sbtest7  (cost=35.43..4155.09 rows=1073 width=121)
	        Recheck Cond: ((id >= 1365764) AND (id <= 1366763))
	        ->  Bitmap Index Scan on sbtest7_pkey  (cost=0.00..35.17 rows=1073 width=0)
	              Index Cond: ((id >= 1365764) AND (id <= 1366763))

table 8 : explain SELECT c FROM sbtest8 WHERE id BETWEEN 6053149 AND 6054148 ORDER BY c
	Sort  (cost=3891.55..3894.03 rows=991 width=121)
	  Sort Key: c
	  ->  Bitmap Heap Scan on sbtest8  (cost=34.59..3842.23 rows=991 width=121)
	        Recheck Cond: ((id >= 6053149) AND (id <= 6054148))
	        ->  Bitmap Index Scan on sbtest8_pkey  (cost=0.00..34.34 rows=991 width=0)
	              Index Cond: ((id >= 6053149) AND (id <= 6054148))

for: order_ranges
table 1 : explain SELECT c FROM sbtest1 WHERE id BETWEEN 8984132 AND 8985131 ORDER BY c
	Sort  (cost=4172.94..4175.60 rows=1064 width=121)
	  Sort Key: c
	  ->  Bitmap Heap Scan on sbtest1  (cost=35.34..4119.44 rows=1064 width=121)
	        Recheck Cond: ((id >= 8984132) AND (id <= 8985131))
	        ->  Bitmap Index Scan on sbtest1_pkey  (cost=0.00..35.08 rows=1064 width=0)
	              Index Cond: ((id >= 8984132) AND (id <= 8985131))

table 2 : explain SELECT c FROM sbtest2 WHERE id BETWEEN 5676588 AND 5677587 ORDER BY c
	Sort  (cost=3920.77..3923.27 rows=999 width=121)
	  Sort Key: c
	  ->  Bitmap Heap Scan on sbtest2  (cost=34.67..3871.00 rows=999 width=121)
	        Recheck Cond: ((id >= 5676588) AND (id <= 5677587))
	        ->  Bitmap Index Scan on sbtest2_pkey  (cost=0.00..34.43 rows=999 width=0)
	              Index Cond: ((id >= 5676588) AND (id <= 5677587))

table 3 : explain SELECT c FROM sbtest3 WHERE id BETWEEN 7149786 AND 7150785 ORDER BY c
	Sort  (cost=3757.87..3760.26 rows=955 width=121)
	  Sort Key: c
	  ->  Bitmap Heap Scan on sbtest3  (cost=34.22..3710.60 rows=955 width=121)
	        Recheck Cond: ((id >= 7149786) AND (id <= 7150785))
	        ->  Bitmap Index Scan on sbtest3_pkey  (cost=0.00..33.98 rows=955 width=0)
	              Index Cond: ((id >= 7149786) AND (id <= 7150785))

table 4 : explain SELECT c FROM sbtest4 WHERE id BETWEEN 9318395 AND 9319394 ORDER BY c
	Sort  (cost=3461.93..3464.13 rows=879 width=121)
	  Sort Key: c
	  ->  Bitmap Heap Scan on sbtest4  (cost=29.44..3418.95 rows=879 width=121)
	        Recheck Cond: ((id >= 9318395) AND (id <= 9319394))
	        ->  Bitmap Index Scan on sbtest4_pkey  (cost=0.00..29.22 rows=879 width=0)
	              Index Cond: ((id >= 9318395) AND (id <= 9319394))

table 5 : explain SELECT c FROM sbtest5 WHERE id BETWEEN 1702845 AND 1703844 ORDER BY c
	Sort  (cost=3826.93..3829.37 rows=973 width=121)
	  Sort Key: c
	  ->  Bitmap Heap Scan on sbtest5  (cost=34.41..3778.64 rows=973 width=121)
	        Recheck Cond: ((id >= 1702845) AND (id <= 1703844))
	        ->  Bitmap Index Scan on sbtest5_pkey  (cost=0.00..34.17 rows=973 width=0)
	              Index Cond: ((id >= 1702845) AND (id <= 1703844))

table 6 : explain SELECT c FROM sbtest6 WHERE id BETWEEN 3186033 AND 3187032 ORDER BY c
	Sort  (cost=3881.28..3883.75 rows=988 width=121)
	  Sort Key: c
	  ->  Bitmap Heap Scan on sbtest6  (cost=34.56..3832.14 rows=988 width=121)
	        Recheck Cond: ((id >= 3186033) AND (id <= 3187032))
	        ->  Bitmap Index Scan on sbtest6_pkey  (cost=0.00..34.32 rows=988 width=0)
	              Index Cond: ((id >= 3186033) AND (id <= 3187032))

table 7 : explain SELECT c FROM sbtest7 WHERE id BETWEEN 7290553 AND 7291552 ORDER BY c
	Sort  (cost=4052.19..4054.77 rows=1032 width=121)
	  Sort Key: c
	  ->  Bitmap Heap Scan on sbtest7  (cost=35.01..4000.54 rows=1032 width=121)
	        Recheck Cond: ((id >= 7290553) AND (id <= 7291552))
	        ->  Bitmap Index Scan on sbtest7_pkey  (cost=0.00..34.76 rows=1032 width=0)
	              Index Cond: ((id >= 7290553) AND (id <= 7291552))

table 8 : explain SELECT c FROM sbtest8 WHERE id BETWEEN 7622183 AND 7623182 ORDER BY c
	Sort  (cost=4056.08..4058.66 rows=1034 width=121)
	  Sort Key: c
	  ->  Bitmap Heap Scan on sbtest8  (cost=35.03..4004.31 rows=1034 width=121)
	        Recheck Cond: ((id >= 7622183) AND (id <= 7623182))
	        ->  Bitmap Index Scan on sbtest8_pkey  (cost=0.00..34.78 rows=1034 width=0)
	              Index Cond: ((id >= 7622183) AND (id <= 7623182))

for: order_ranges
table 1 : explain SELECT c FROM sbtest1 WHERE id BETWEEN 6896053 AND 6897052 ORDER BY c
	Sort  (cost=3640.36..3642.67 rows=925 width=121)
	  Sort Key: c
	  ->  Bitmap Heap Scan on sbtest1  (cost=33.92..3594.79 rows=925 width=121)
	        Recheck Cond: ((id >= 6896053) AND (id <= 6897052))
	        ->  Bitmap Index Scan on sbtest1_pkey  (cost=0.00..33.69 rows=925 width=0)
	              Index Cond: ((id >= 6896053) AND (id <= 6897052))

table 2 : explain SELECT c FROM sbtest2 WHERE id BETWEEN 6488972 AND 6489971 ORDER BY c
	Sort  (cost=3978.14..3980.68 rows=1014 width=121)
	  Sort Key: c
	  ->  Bitmap Heap Scan on sbtest2  (cost=34.83..3927.51 rows=1014 width=121)
	        Recheck Cond: ((id >= 6488972) AND (id <= 6489971))
	        ->  Bitmap Index Scan on sbtest2_pkey  (cost=0.00..34.58 rows=1014 width=0)
	              Index Cond: ((id >= 6488972) AND (id <= 6489971))

table 3 : explain SELECT c FROM sbtest3 WHERE id BETWEEN 5226553 AND 5227552 ORDER BY c
	Sort  (cost=4183.38..4186.04 rows=1066 width=121)
	  Sort Key: c
	  ->  Bitmap Heap Scan on sbtest3  (cost=35.36..4129.77 rows=1066 width=121)
	        Recheck Cond: ((id >= 5226553) AND (id <= 5227552))
	        ->  Bitmap Index Scan on sbtest3_pkey  (cost=0.00..35.09 rows=1066 width=0)
	              Index Cond: ((id >= 5226553) AND (id <= 5227552))

table 4 : explain SELECT c FROM sbtest4 WHERE id BETWEEN 3973013 AND 3974012 ORDER BY c
	Sort  (cost=4313.95..4316.69 rows=1099 width=121)
	  Sort Key: c
	  ->  Bitmap Heap Scan on sbtest4  (cost=39.70..4258.43 rows=1099 width=121)
	        Recheck Cond: ((id >= 3973013) AND (id <= 3974012))
	        ->  Bitmap Index Scan on sbtest4_pkey  (cost=0.00..39.43 rows=1099 width=0)
	              Index Cond: ((id >= 3973013) AND (id <= 3974012))

table 5 : explain SELECT c FROM sbtest5 WHERE id BETWEEN 7603540 AND 7604539 ORDER BY c
	Sort  (cost=3807.74..3810.16 rows=968 width=121)
	  Sort Key: c
	  ->  Bitmap Heap Scan on sbtest5  (cost=34.36..3759.74 rows=968 width=121)
	        Recheck Cond: ((id >= 7603540) AND (id <= 7604539))
	        ->  Bitmap Index Scan on sbtest5_pkey  (cost=0.00..34.12 rows=968 width=0)
	              Index Cond: ((id >= 7603540) AND (id <= 7604539))

table 6 : explain SELECT c FROM sbtest6 WHERE id BETWEEN 8206912 AND 8207911 ORDER BY c
	Sort  (cost=4191.21..4193.88 rows=1069 width=121)
	  Sort Key: c
	  ->  Bitmap Heap Scan on sbtest6  (cost=35.39..4137.43 rows=1069 width=121)
	        Recheck Cond: ((id >= 8206912) AND (id <= 8207911))
	        ->  Bitmap Index Scan on sbtest6_pkey  (cost=0.00..35.12 rows=1069 width=0)
	              Index Cond: ((id >= 8206912) AND (id <= 8207911))

table 7 : explain SELECT c FROM sbtest7 WHERE id BETWEEN 8548072 AND 8549071 ORDER BY c
	Sort  (cost=3714.75..3717.11 rows=944 width=121)
	  Sort Key: c
	  ->  Bitmap Heap Scan on sbtest7  (cost=34.11..3668.10 rows=944 width=121)
	        Recheck Cond: ((id >= 8548072) AND (id <= 8549071))
	        ->  Bitmap Index Scan on sbtest7_pkey  (cost=0.00..33.88 rows=944 width=0)
	              Index Cond: ((id >= 8548072) AND (id <= 8549071))

table 8 : explain SELECT c FROM sbtest8 WHERE id BETWEEN 5880437 AND 5881436 ORDER BY c
	Sort  (cost=3864.74..3867.20 rows=984 width=121)
	  Sort Key: c
	  ->  Bitmap Heap Scan on sbtest8  (cost=34.52..3815.83 rows=984 width=121)
	        Recheck Cond: ((id >= 5880437) AND (id <= 5881436))
	        ->  Bitmap Index Scan on sbtest8_pkey  (cost=0.00..34.28 rows=984 width=0)
	              Index Cond: ((id >= 5880437) AND (id <= 5881436))

for: distinct_ranges
table 1 : explain SELECT DISTINCT c FROM sbtest1 WHERE id BETWEEN 485356 AND 486355 ORDER BY c
	Unique  (cost=3996.94..4002.03 rows=1018 width=121)
	  ->  Sort  (cost=3996.94..3999.49 rows=1018 width=121)
	        Sort Key: c
	        ->  Bitmap Heap Scan on sbtest1  (cost=34.87..3946.08 rows=1018 width=121)
	              Recheck Cond: ((id >= 485356) AND (id <= 486355))
	              ->  Bitmap Index Scan on sbtest1_pkey  (cost=0.00..34.62 rows=1018 width=0)
	                    Index Cond: ((id >= 485356) AND (id <= 486355))

table 2 : explain SELECT DISTINCT c FROM sbtest2 WHERE id BETWEEN 2324690 AND 2325689 ORDER BY c
	Unique  (cost=4077.52..4082.72 rows=1040 width=121)
	  ->  Sort  (cost=4077.52..4080.12 rows=1040 width=121)
	        Sort Key: c
	        ->  Bitmap Heap Scan on sbtest2  (cost=35.09..4025.41 rows=1040 width=121)
	              Recheck Cond: ((id >= 2324690) AND (id <= 2325689))
	              ->  Bitmap Index Scan on sbtest2_pkey  (cost=0.00..34.84 rows=1040 width=0)
	                    Index Cond: ((id >= 2324690) AND (id <= 2325689))

table 3 : explain SELECT DISTINCT c FROM sbtest3 WHERE id BETWEEN 7649298 AND 7650297 ORDER BY c
	Unique  (cost=4007.22..4012.32 rows=1020 width=121)
	  ->  Sort  (cost=4007.22..4009.77 rows=1020 width=121)
	        Sort Key: c
	        ->  Bitmap Heap Scan on sbtest3  (cost=34.89..3956.24 rows=1020 width=121)
	              Recheck Cond: ((id >= 7649298) AND (id <= 7650297))
	              ->  Bitmap Index Scan on sbtest3_pkey  (cost=0.00..34.64 rows=1020 width=0)
	                    Index Cond: ((id >= 7649298) AND (id <= 7650297))

table 4 : explain SELECT DISTINCT c FROM sbtest4 WHERE id BETWEEN 420657 AND 421656 ORDER BY c
	Unique  (cost=3592.90..3597.46 rows=912 width=121)
	  ->  Sort  (cost=3592.90..3595.18 rows=912 width=121)
	        Sort Key: c
	        ->  Bitmap Heap Scan on sbtest4  (cost=33.78..3548.06 rows=912 width=121)
	              Recheck Cond: ((id >= 420657) AND (id <= 421656))
	              ->  Bitmap Index Scan on sbtest4_pkey  (cost=0.00..33.56 rows=912 width=0)
	                    Index Cond: ((id >= 420657) AND (id <= 421656))

table 5 : explain SELECT DISTINCT c FROM sbtest5 WHERE id BETWEEN 7036707 AND 7037706 ORDER BY c
	Unique  (cost=4034.00..4039.13 rows=1027 width=121)
	  ->  Sort  (cost=4034.00..4036.57 rows=1027 width=121)
	        Sort Key: c
	        ->  Bitmap Heap Scan on sbtest5  (cost=34.96..3982.63 rows=1027 width=121)
	              Recheck Cond: ((id >= 7036707) AND (id <= 7037706))
	              ->  Bitmap Index Scan on sbtest5_pkey  (cost=0.00..34.70 rows=1027 width=0)
	                    Index Cond: ((id >= 7036707) AND (id <= 7037706))

table 6 : explain SELECT DISTINCT c FROM sbtest6 WHERE id BETWEEN 9834288 AND 9835287 ORDER BY c
	Unique  (cost=4409.03..4414.66 rows=1125 width=121)
	  ->  Sort  (cost=4409.03..4411.85 rows=1125 width=121)
	        Sort Key: c
	        ->  Bitmap Heap Scan on sbtest6  (cost=39.97..4352.02 rows=1125 width=121)
	              Recheck Cond: ((id >= 9834288) AND (id <= 9835287))
	              ->  Bitmap Index Scan on sbtest6_pkey  (cost=0.00..39.69 rows=1125 width=0)
	                    Index Cond: ((id >= 9834288) AND (id <= 9835287))

table 7 : explain SELECT DISTINCT c FROM sbtest7 WHERE id BETWEEN 3394054 AND 3395053 ORDER BY c
	Unique  (cost=3503.22..3507.67 rows=890 width=121)
	  ->  Sort  (cost=3503.22..3505.45 rows=890 width=121)
	        Sort Key: c
	        ->  Bitmap Heap Scan on sbtest7  (cost=29.56..3459.62 rows=890 width=121)
	              Recheck Cond: ((id >= 3394054) AND (id <= 3395053))
	              ->  Bitmap Index Scan on sbtest7_pkey  (cost=0.00..29.33 rows=890 width=0)
	                    Index Cond: ((id >= 3394054) AND (id <= 3395053))

table 8 : explain SELECT DISTINCT c FROM sbtest8 WHERE id BETWEEN 5457052 AND 5458051 ORDER BY c
	Unique  (cost=3960.45..3965.49 rows=1009 width=121)
	  ->  Sort  (cost=3960.45..3962.97 rows=1009 width=121)
	        Sort Key: c
	        ->  Bitmap Heap Scan on sbtest8  (cost=34.78..3910.11 rows=1009 width=121)
	              Recheck Cond: ((id >= 5457052) AND (id <= 5458051))
	              ->  Bitmap Index Scan on sbtest8_pkey  (cost=0.00..34.53 rows=1009 width=0)
	                    Index Cond: ((id >= 5457052) AND (id <= 5458051))

explain: for point_selects :: explain SELECT c FROM sbtest%u WHERE id=%u
for: distinct_ranges
table 1 : explain SELECT DISTINCT c FROM sbtest1 WHERE id BETWEEN 9854085 AND 9855084 ORDER BY c
	Unique  (cost=3905.02..3909.99 rows=994 width=121)
	  ->  Sort  (cost=3905.02..3907.50 rows=994 width=121)
	        Sort Key: c
	        ->  Bitmap Heap Scan on sbtest1  (cost=34.62..3855.53 rows=994 width=121)
	              Recheck Cond: ((id >= 9854085) AND (id <= 9855084))
	              ->  Bitmap Index Scan on sbtest1_pkey  (cost=0.00..34.38 rows=994 width=0)
	                    Index Cond: ((id >= 9854085) AND (id <= 9855084))

table 2 : explain SELECT DISTINCT c FROM sbtest2 WHERE id BETWEEN 5288639 AND 5289638 ORDER BY c
	Unique  (cost=3698.67..3703.37 rows=941 width=121)
	  ->  Sort  (cost=3698.67..3701.02 rows=941 width=121)
	        Sort Key: c
	        ->  Bitmap Heap Scan on sbtest2  (cost=34.08..3652.19 rows=941 width=121)
	              Recheck Cond: ((id >= 5288639) AND (id <= 5289638))
	              ->  Bitmap Index Scan on sbtest2_pkey  (cost=0.00..33.84 rows=941 width=0)
	                    Index Cond: ((id >= 5288639) AND (id <= 5289638))

table 3 : explain SELECT DISTINCT c FROM sbtest3 WHERE id BETWEEN 7525543 AND 7526542 ORDER BY c
	Unique  (cost=3765.55..3770.34 rows=957 width=121)
	  ->  Sort  (cost=3765.55..3767.94 rows=957 width=121)
	        Sort Key: c
	        ->  Bitmap Heap Scan on sbtest3  (cost=34.24..3718.17 rows=957 width=121)
	              Recheck Cond: ((id >= 7525543) AND (id <= 7526542))
	              ->  Bitmap Index Scan on sbtest3_pkey  (cost=0.00..34.01 rows=957 width=0)
	                    Index Cond: ((id >= 7525543) AND (id <= 7526542))

table 4 : explain SELECT DISTINCT c FROM sbtest4 WHERE id BETWEEN 9067884 AND 9068883 ORDER BY c
	Unique  (cost=3873.30..3878.23 rows=985 width=121)
	  ->  Sort  (cost=3873.30..3875.76 rows=985 width=121)
	        Sort Key: c
	        ->  Bitmap Heap Scan on sbtest4  (cost=34.53..3824.33 rows=985 width=121)
	              Recheck Cond: ((id >= 9067884) AND (id <= 9068883))
	              ->  Bitmap Index Scan on sbtest4_pkey  (cost=0.00..34.29 rows=985 width=0)
	                    Index Cond: ((id >= 9067884) AND (id <= 9068883))

table 5 : explain SELECT DISTINCT c FROM sbtest5 WHERE id BETWEEN 7395916 AND 7396915 ORDER BY c
	Unique  (cost=3727.11..3731.85 rows=947 width=121)
	  ->  Sort  (cost=3727.11..3729.48 rows=947 width=121)
	        Sort Key: c
	        ->  Bitmap Heap Scan on sbtest5  (cost=34.14..3680.30 rows=947 width=121)
	              Recheck Cond: ((id >= 7395916) AND (id <= 7396915))
	              ->  Bitmap Index Scan on sbtest5_pkey  (cost=0.00..33.91 rows=947 width=0)
	                    Index Cond: ((id >= 7395916) AND (id <= 7396915))

table 6 : explain SELECT DISTINCT c FROM sbtest6 WHERE id BETWEEN 4650997 AND 4651996 ORDER BY c
	Unique  (cost=3643.52..3648.15 rows=926 width=121)
	  ->  Sort  (cost=3643.52..3645.84 rows=926 width=121)
	        Sort Key: c
	        ->  Bitmap Heap Scan on sbtest6  (cost=33.93..3597.89 rows=926 width=121)
	              Recheck Cond: ((id >= 4650997) AND (id <= 4651996))
	              ->  Bitmap Index Scan on sbtest6_pkey  (cost=0.00..33.70 rows=926 width=0)
	                    Index Cond: ((id >= 4650997) AND (id <= 4651996))

table 7 : explain SELECT DISTINCT c FROM sbtest7 WHERE id BETWEEN 6025047 AND 6026046 ORDER BY c
	Unique  (cost=4090.48..4095.69 rows=1042 width=121)
	  ->  Sort  (cost=4090.48..4093.09 rows=1042 width=121)
	        Sort Key: c
	        ->  Bitmap Heap Scan on sbtest7  (cost=35.12..4038.25 rows=1042 width=121)
	              Recheck Cond: ((id >= 6025047) AND (id <= 6026046))
	              ->  Bitmap Index Scan on sbtest7_pkey  (cost=0.00..34.86 rows=1042 width=0)
	                    Index Cond: ((id >= 6025047) AND (id <= 6026046))

table 8 : explain SELECT DISTINCT c FROM sbtest8 WHERE id BETWEEN 2333202 AND 2334201 ORDER BY c
	Unique  (cost=3906.86..3911.84 rows=995 width=121)
	  ->  Sort  (cost=3906.86..3909.35 rows=995 width=121)
	        Sort Key: c
	        ->  Bitmap Heap Scan on sbtest8  (cost=34.63..3857.32 rows=995 width=121)
	              Recheck Cond: ((id >= 2333202) AND (id <= 2334201))
	              ->  Bitmap Index Scan on sbtest8_pkey  (cost=0.00..34.39 rows=995 width=0)
	                    Index Cond: ((id >= 2333202) AND (id <= 2334201))

for point_selects
table 1 : explain SELECT c FROM sbtest1 WHERE id=8962498
	Index Scan using sbtest1_pkey on sbtest1  (cost=0.43..8.45 rows=1 width=121)
	  Index Cond: (id = 8962498)

table 2 : explain SELECT c FROM sbtest2 WHERE id=5352960
	Index Scan using sbtest2_pkey on sbtest2  (cost=0.43..8.45 rows=1 width=121)
	  Index Cond: (id = 5352960)

table 3 : explain SELECT c FROM sbtest3 WHERE id=6626610
	Index Scan using sbtest3_pkey on sbtest3  (cost=0.43..8.45 rows=1 width=121)
	  Index Cond: (id = 6626610)

table 4 : explain SELECT c FROM sbtest4 WHERE id=3938230
	Index Scan using sbtest4_pkey on sbtest4  (cost=0.43..8.45 rows=1 width=121)
	  Index Cond: (id = 3938230)

table 5 : explain SELECT c FROM sbtest5 WHERE id=754328
	Index Scan using sbtest5_pkey on sbtest5  (cost=0.43..8.45 rows=1 width=121)
	  Index Cond: (id = 754328)

table 6 : explain SELECT c FROM sbtest6 WHERE id=6828757
	Index Scan using sbtest6_pkey on sbtest6  (cost=0.43..8.45 rows=1 width=121)
	  Index Cond: (id = 6828757)

table 7 : explain SELECT c FROM sbtest7 WHERE id=3973741
	Index Scan using sbtest7_pkey on sbtest7  (cost=0.43..8.45 rows=1 width=121)
	  Index Cond: (id = 3973741)

table 8 : explain SELECT c FROM sbtest8 WHERE id=5233779
	Index Scan using sbtest8_pkey on sbtest8  (cost=0.43..8.45 rows=1 width=121)
	  Index Cond: (id = 5233779)

for: distinct_ranges
table 1 : explain SELECT DISTINCT c FROM sbtest1 WHERE id BETWEEN 5658918 AND 5659917 ORDER BY c
	Unique  (cost=3571.06..3575.60 rows=908 width=121)
	  ->  Sort  (cost=3571.06..3573.33 rows=908 width=121)
	        Sort Key: c
	        ->  Bitmap Heap Scan on sbtest1  (cost=29.74..3526.45 rows=908 width=121)
	              Recheck Cond: ((id >= 5658918) AND (id <= 5659917))
	              ->  Bitmap Index Scan on sbtest1_pkey  (cost=0.00..29.51 rows=908 width=0)
	                    Index Cond: ((id >= 5658918) AND (id <= 5659917))

table 2 : explain SELECT DISTINCT c FROM sbtest2 WHERE id BETWEEN 6077061 AND 6078060 ORDER BY c
	Unique  (cost=3694.83..3699.53 rows=940 width=121)
	  ->  Sort  (cost=3694.83..3697.18 rows=940 width=121)
	        Sort Key: c
	        ->  Bitmap Heap Scan on sbtest2  (cost=34.07..3648.41 rows=940 width=121)
	              Recheck Cond: ((id >= 6077061) AND (id <= 6078060))
	              ->  Bitmap Index Scan on sbtest2_pkey  (cost=0.00..33.84 rows=940 width=0)
	                    Index Cond: ((id >= 6077061) AND (id <= 6078060))

table 3 : explain SELECT DISTINCT c FROM sbtest3 WHERE id BETWEEN 8960956 AND 8961955 ORDER BY c
	Unique  (cost=4225.47..4230.85 rows=1077 width=121)
	  ->  Sort  (cost=4225.47..4228.16 rows=1077 width=121)
	        Sort Key: c
	        ->  Bitmap Heap Scan on sbtest3  (cost=35.47..4171.23 rows=1077 width=121)
	              Recheck Cond: ((id >= 8960956) AND (id <= 8961955))
	              ->  Bitmap Index Scan on sbtest3_pkey  (cost=0.00..35.20 rows=1077 width=0)
	                    Index Cond: ((id >= 8960956) AND (id <= 8961955))

table 4 : explain SELECT DISTINCT c FROM sbtest4 WHERE id BETWEEN 2387518 AND 2388517 ORDER BY c
	Unique  (cost=4367.47..4373.03 rows=1113 width=121)
	  ->  Sort  (cost=4367.47..4370.25 rows=1113 width=121)
	        Sort Key: c
	        ->  Bitmap Heap Scan on sbtest4  (cost=39.84..4311.15 rows=1113 width=121)
	              Recheck Cond: ((id >= 2387518) AND (id <= 2388517))
	              ->  Bitmap Index Scan on sbtest4_pkey  (cost=0.00..39.57 rows=1113 width=0)
	                    Index Cond: ((id >= 2387518) AND (id <= 2388517))

table 5 : explain SELECT DISTINCT c FROM sbtest5 WHERE id BETWEEN 8087990 AND 8088989 ORDER BY c
	Unique  (cost=3696.38..3701.08 rows=939 width=121)
	  ->  Sort  (cost=3696.38..3698.73 rows=939 width=121)
	        Sort Key: c
	        ->  Bitmap Heap Scan on sbtest5  (cost=34.06..3650.02 rows=939 width=121)
	              Recheck Cond: ((id >= 8087990) AND (id <= 8088989))
	              ->  Bitmap Index Scan on sbtest5_pkey  (cost=0.00..33.83 rows=939 width=0)
	                    Index Cond: ((id >= 8087990) AND (id <= 8088989))

table 6 : explain SELECT DISTINCT c FROM sbtest6 WHERE id BETWEEN 2962523 AND 2963522 ORDER BY c
	Unique  (cost=3674.23..3678.90 rows=934 width=121)
	  ->  Sort  (cost=3674.23..3676.56 rows=934 width=121)
	        Sort Key: c
	        ->  Bitmap Heap Scan on sbtest6  (cost=34.01..3628.15 rows=934 width=121)
	              Recheck Cond: ((id >= 2962523) AND (id <= 2963522))
	              ->  Bitmap Index Scan on sbtest6_pkey  (cost=0.00..33.78 rows=934 width=0)
	                    Index Cond: ((id >= 2962523) AND (id <= 2963522))

table 7 : explain SELECT DISTINCT c FROM sbtest7 WHERE id BETWEEN 1699005 AND 1700004 ORDER BY c
	Unique  (cost=4189.98..4195.32 rows=1068 width=121)
	  ->  Sort  (cost=4189.98..4192.65 rows=1068 width=121)
	        Sort Key: c
	        ->  Bitmap Heap Scan on sbtest7  (cost=35.38..4136.26 rows=1068 width=121)
	              Recheck Cond: ((id >= 1699005) AND (id <= 1700004))
	              ->  Bitmap Index Scan on sbtest7_pkey  (cost=0.00..35.12 rows=1068 width=0)
	                    Index Cond: ((id >= 1699005) AND (id <= 1700004))

table 8 : explain SELECT DISTINCT c FROM sbtest8 WHERE id BETWEEN 9682435 AND 9683434 ORDER BY c
	Unique  (cost=3814.95..3819.80 rows=971 width=121)
	  ->  Sort  (cost=3814.95..3817.38 rows=971 width=121)
	        Sort Key: c
	        ->  Bitmap Heap Scan on sbtest8  (cost=34.39..3766.77 rows=971 width=121)
	              Recheck Cond: ((id >= 9682435) AND (id <= 9683434))
	              ->  Bitmap Index Scan on sbtest8_pkey  (cost=0.00..34.15 rows=971 width=0)
	                    Index Cond: ((id >= 9682435) AND (id <= 9683434))

for: distinct_ranges
table 1 : explain SELECT DISTINCT c FROM sbtest1 WHERE id BETWEEN 6069784 AND 6070783 ORDER BY c
	Unique  (cost=3916.51..3921.50 rows=997 width=121)
	  ->  Sort  (cost=3916.51..3919.01 rows=997 width=121)
	        Sort Key: c
	        ->  Bitmap Heap Scan on sbtest1  (cost=34.65..3866.86 rows=997 width=121)
	              Recheck Cond: ((id >= 6069784) AND (id <= 6070783))
	              ->  Bitmap Index Scan on sbtest1_pkey  (cost=0.00..34.41 rows=997 width=0)
	                    Index Cond: ((id >= 6069784) AND (id <= 6070783))

table 2 : explain SELECT DISTINCT c FROM sbtest2 WHERE id BETWEEN 5110523 AND 5111522 ORDER BY c
	Unique  (cost=3928.42..3933.42 rows=1001 width=121)
	  ->  Sort  (cost=3928.42..3930.92 rows=1001 width=121)
	        Sort Key: c
	        ->  Bitmap Heap Scan on sbtest2  (cost=34.70..3878.53 rows=1001 width=121)
	              Recheck Cond: ((id >= 5110523) AND (id <= 5111522))
	              ->  Bitmap Index Scan on sbtest2_pkey  (cost=0.00..34.45 rows=1001 width=0)
	                    Index Cond: ((id >= 5110523) AND (id <= 5111522))

table 3 : explain SELECT DISTINCT c FROM sbtest3 WHERE id BETWEEN 3869347 AND 3870346 ORDER BY c
	Unique  (cost=4210.17..4215.53 rows=1073 width=121)
	  ->  Sort  (cost=4210.17..4212.85 rows=1073 width=121)
	        Sort Key: c
	        ->  Bitmap Heap Scan on sbtest3  (cost=35.43..4156.15 rows=1073 width=121)
	              Recheck Cond: ((id >= 3869347) AND (id <= 3870346))
	              ->  Bitmap Index Scan on sbtest3_pkey  (cost=0.00..35.17 rows=1073 width=0)
	                    Index Cond: ((id >= 3869347) AND (id <= 3870346))

table 4 : explain SELECT DISTINCT c FROM sbtest4 WHERE id BETWEEN 2424881 AND 2425880 ORDER BY c
	Unique  (cost=3635.19..3639.81 rows=923 width=121)
	  ->  Sort  (cost=3635.19..3637.50 rows=923 width=121)
	        Sort Key: c
	        ->  Bitmap Heap Scan on sbtest4  (cost=33.90..3589.73 rows=923 width=121)
	              Recheck Cond: ((id >= 2424881) AND (id <= 2425880))
	              ->  Bitmap Index Scan on sbtest4_pkey  (cost=0.00..33.67 rows=923 width=0)
	                    Index Cond: ((id >= 2424881) AND (id <= 2425880))

table 5 : explain SELECT DISTINCT c FROM sbtest5 WHERE id BETWEEN 8023032 AND 8024031 ORDER BY c
	Unique  (cost=3895.99..3900.95 rows=991 width=121)
	  ->  Sort  (cost=3895.99..3898.47 rows=991 width=121)
	        Sort Key: c
	        ->  Bitmap Heap Scan on sbtest5  (cost=34.59..3846.68 rows=991 width=121)
	              Recheck Cond: ((id >= 8023032) AND (id <= 8024031))
	              ->  Bitmap Index Scan on sbtest5_pkey  (cost=0.00..34.34 rows=991 width=0)
	                    Index Cond: ((id >= 8023032) AND (id <= 8024031))

table 6 : explain SELECT DISTINCT c FROM sbtest6 WHERE id BETWEEN 6174267 AND 6175266 ORDER BY c
	Unique  (cost=3681.90..3686.58 rows=936 width=121)
	  ->  Sort  (cost=3681.90..3684.24 rows=936 width=121)
	        Sort Key: c
	        ->  Bitmap Heap Scan on sbtest6  (cost=34.03..3635.71 rows=936 width=121)
	              Recheck Cond: ((id >= 6174267) AND (id <= 6175266))
	              ->  Bitmap Index Scan on sbtest6_pkey  (cost=0.00..33.80 rows=936 width=0)
	                    Index Cond: ((id >= 6174267) AND (id <= 6175266))

table 7 : explain SELECT DISTINCT c FROM sbtest7 WHERE id BETWEEN 9984682 AND 9985681 ORDER BY c
	Unique  (cost=3810.71..3815.55 rows=969 width=121)
	  ->  Sort  (cost=3810.71..3813.13 rows=969 width=121)
	        Sort Key: c
	        ->  Bitmap Heap Scan on sbtest7  (cost=34.37..3762.64 rows=969 width=121)
	              Recheck Cond: ((id >= 9984682) AND (id <= 9985681))
	              ->  Bitmap Index Scan on sbtest7_pkey  (cost=0.00..34.12 rows=969 width=0)
	                    Index Cond: ((id >= 9984682) AND (id <= 9985681))

table 8 : explain SELECT DISTINCT c FROM sbtest8 WHERE id BETWEEN 8239987 AND 8240986 ORDER BY c
	Unique  (cost=3465.63..3470.04 rows=881 width=121)
	  ->  Sort  (cost=3465.63..3467.83 rows=881 width=121)
	        Sort Key: c
	        ->  Bitmap Heap Scan on sbtest8  (cost=29.47..3422.54 rows=881 width=121)
	              Recheck Cond: ((id >= 8239987) AND (id <= 8240986))
	              ->  Bitmap Index Scan on sbtest8_pkey  (cost=0.00..29.25 rows=881 width=0)
	                    Index Cond: ((id >= 8239987) AND (id <= 8240986))

for: sum_ranges
table 1 : explain SELECT SUM(k) FROM sbtest1 WHERE id BETWEEN 1342062 AND 1343061
	Aggregate  (cost=3604.67..3604.68 rows=1 width=8)
	  ->  Bitmap Heap Scan on sbtest1  (cost=33.94..3602.35 rows=927 width=4)
	        Recheck Cond: ((id >= 1342062) AND (id <= 1343061))
	        ->  Bitmap Index Scan on sbtest1_pkey  (cost=0.00..33.70 rows=927 width=0)
	              Index Cond: ((id >= 1342062) AND (id <= 1343061))

table 2 : explain SELECT SUM(k) FROM sbtest2 WHERE id BETWEEN 9755658 AND 9756657
	Aggregate  (cost=3707.43..3707.44 rows=1 width=8)
	  ->  Bitmap Heap Scan on sbtest2  (cost=34.22..3705.05 rows=955 width=4)
	        Recheck Cond: ((id >= 9755658) AND (id <= 9756657))
	        ->  Bitmap Index Scan on sbtest2_pkey  (cost=0.00..33.98 rows=955 width=0)
	              Index Cond: ((id >= 9755658) AND (id <= 9756657))

table 3 : explain SELECT SUM(k) FROM sbtest3 WHERE id BETWEEN 9841502 AND 9842501
	Aggregate  (cost=4049.42..4049.43 rows=1 width=8)
	  ->  Bitmap Heap Scan on sbtest3  (cost=35.14..4046.81 rows=1044 width=4)
	        Recheck Cond: ((id >= 9841502) AND (id <= 9842501))
	        ->  Bitmap Index Scan on sbtest3_pkey  (cost=0.00..34.88 rows=1044 width=0)
	              Index Cond: ((id >= 9841502) AND (id <= 9842501))

table 4 : explain SELECT SUM(k) FROM sbtest4 WHERE id BETWEEN 551772 AND 552771
	Aggregate  (cost=3788.96..3788.97 rows=1 width=8)
	  ->  Bitmap Heap Scan on sbtest4  (cost=34.43..3786.52 rows=975 width=4)
	        Recheck Cond: ((id >= 551772) AND (id <= 552771))
	        ->  Bitmap Index Scan on sbtest4_pkey  (cost=0.00..34.19 rows=975 width=0)
	              Index Cond: ((id >= 551772) AND (id <= 552771))

table 5 : explain SELECT SUM(k) FROM sbtest5 WHERE id BETWEEN 4384236 AND 4385235
	Aggregate  (cost=4464.13..4464.14 rows=1 width=8)
	  ->  Bitmap Heap Scan on sbtest5  (cost=40.26..4461.25 rows=1154 width=4)
	        Recheck Cond: ((id >= 4384236) AND (id <= 4385235))
	        ->  Bitmap Index Scan on sbtest5_pkey  (cost=0.00..39.98 rows=1154 width=0)
	              Index Cond: ((id >= 4384236) AND (id <= 4385235))

table 6 : explain SELECT SUM(k) FROM sbtest6 WHERE id BETWEEN 2389636 AND 2390635
	Aggregate  (cost=3653.18..3653.19 rows=1 width=8)
	  ->  Bitmap Heap Scan on sbtest6  (cost=34.07..3650.83 rows=940 width=4)
	        Recheck Cond: ((id >= 2389636) AND (id <= 2390635))
	        ->  Bitmap Index Scan on sbtest6_pkey  (cost=0.00..33.84 rows=940 width=0)
	              Index Cond: ((id >= 2389636) AND (id <= 2390635))

table 7 : explain SELECT SUM(k) FROM sbtest7 WHERE id BETWEEN 5877219 AND 5878218
	Aggregate  (cost=4240.91..4240.92 rows=1 width=8)
	  ->  Bitmap Heap Scan on sbtest7  (cost=39.65..4238.18 rows=1094 width=4)
	        Recheck Cond: ((id >= 5877219) AND (id <= 5878218))
	        ->  Bitmap Index Scan on sbtest7_pkey  (cost=0.00..39.38 rows=1094 width=0)
	              Index Cond: ((id >= 5877219) AND (id <= 5878218))

table 8 : explain SELECT SUM(k) FROM sbtest8 WHERE id BETWEEN 4693246 AND 4694245
	Aggregate  (cost=3659.61..3659.62 rows=1 width=8)
	  ->  Bitmap Heap Scan on sbtest8  (cost=34.09..3657.26 rows=942 width=4)
	        Recheck Cond: ((id >= 4693246) AND (id <= 4694245))
	        ->  Bitmap Index Scan on sbtest8_pkey  (cost=0.00..33.86 rows=942 width=0)
	              Index Cond: ((id >= 4693246) AND (id <= 4694245))

for: order_ranges
table 1 : explain SELECT c FROM sbtest1 WHERE id BETWEEN 797146 AND 798145 ORDER BY c
	Sort  (cost=3901.19..3903.67 rows=993 width=121)
	  Sort Key: c
	  ->  Bitmap Heap Scan on sbtest1  (cost=34.61..3851.76 rows=993 width=121)
	        Recheck Cond: ((id >= 797146) AND (id <= 798145))
	        ->  Bitmap Index Scan on sbtest1_pkey  (cost=0.00..34.37 rows=993 width=0)
	              Index Cond: ((id >= 797146) AND (id <= 798145))

table 2 : explain SELECT c FROM sbtest2 WHERE id BETWEEN 9550210 AND 9551209 ORDER BY c
	Sort  (cost=4260.79..4263.51 rows=1088 width=121)
	  Sort Key: c
	  ->  Bitmap Heap Scan on sbtest2  (cost=35.59..4205.91 rows=1088 width=121)
	        Recheck Cond: ((id >= 9550210) AND (id <= 9551209))
	        ->  Bitmap Index Scan on sbtest2_pkey  (cost=0.00..35.32 rows=1088 width=0)
	              Index Cond: ((id >= 9550210) AND (id <= 9551209))

table 3 : explain SELECT c FROM sbtest3 WHERE id BETWEEN 266372 AND 267371 ORDER BY c
	Sort  (cost=3815.46..3817.88 rows=970 width=121)
	  Sort Key: c
	  ->  Bitmap Heap Scan on sbtest3  (cost=34.38..3767.34 rows=970 width=121)
	        Recheck Cond: ((id >= 266372) AND (id <= 267371))
	        ->  Bitmap Index Scan on sbtest3_pkey  (cost=0.00..34.14 rows=970 width=0)
	              Index Cond: ((id >= 266372) AND (id <= 267371))

table 4 : explain SELECT c FROM sbtest4 WHERE id BETWEEN 9177693 AND 9178692 ORDER BY c
	Sort  (cost=4153.08..4155.72 rows=1058 width=121)
	  Sort Key: c
	  ->  Bitmap Heap Scan on sbtest4  (cost=35.28..4099.93 rows=1058 width=121)
	        Recheck Cond: ((id >= 9177693) AND (id <= 9178692))
	        ->  Bitmap Index Scan on sbtest4_pkey  (cost=0.00..35.02 rows=1058 width=0)
	              Index Cond: ((id >= 9177693) AND (id <= 9178692))

table 5 : explain SELECT c FROM sbtest5 WHERE id BETWEEN 3299758 AND 3300757 ORDER BY c
	Sort  (cost=3988.01..3990.55 rows=1015 width=121)
	  Sort Key: c
	  ->  Bitmap Heap Scan on sbtest5  (cost=34.84..3937.33 rows=1015 width=121)
	        Recheck Cond: ((id >= 3299758) AND (id <= 3300757))
	        ->  Bitmap Index Scan on sbtest5_pkey  (cost=0.00..34.59 rows=1015 width=0)
	              Index Cond: ((id >= 3299758) AND (id <= 3300757))

table 6 : explain SELECT c FROM sbtest6 WHERE id BETWEEN 6564102 AND 6565101 ORDER BY c
	Sort  (cost=3877.45..3879.92 rows=987 width=121)
	  Sort Key: c
	  ->  Bitmap Heap Scan on sbtest6  (cost=34.55..3828.36 rows=987 width=121)
	        Recheck Cond: ((id >= 6564102) AND (id <= 6565101))
	        ->  Bitmap Index Scan on sbtest6_pkey  (cost=0.00..34.31 rows=987 width=0)
	              Index Cond: ((id >= 6564102) AND (id <= 6565101))

table 7 : explain SELECT c FROM sbtest7 WHERE id BETWEEN 9664028 AND 9665027 ORDER BY c
	Sort  (cost=3921.93..3924.42 rows=998 width=121)
	  Sort Key: c
	  ->  Bitmap Heap Scan on sbtest7  (cost=34.66..3872.21 rows=998 width=121)
	        Recheck Cond: ((id >= 9664028) AND (id <= 9665027))
	        ->  Bitmap Index Scan on sbtest7_pkey  (cost=0.00..34.42 rows=998 width=0)
	              Index Cond: ((id >= 9664028) AND (id <= 9665027))

table 8 : explain SELECT c FROM sbtest8 WHERE id BETWEEN 3689979 AND 3690978 ORDER BY c
	Sort  (cost=4342.71..4345.48 rows=1108 width=121)
	  Sort Key: c
	  ->  Bitmap Heap Scan on sbtest8  (cost=39.79..4286.68 rows=1108 width=121)
	        Recheck Cond: ((id >= 3689979) AND (id <= 3690978))
	        ->  Bitmap Index Scan on sbtest8_pkey  (cost=0.00..39.52 rows=1108 width=0)
	              Index Cond: ((id >= 3689979) AND (id <= 3690978))

for: distinct_ranges
table 1 : explain SELECT DISTINCT c FROM sbtest1 WHERE id BETWEEN 2686609 AND 2687608 ORDER BY c
	Unique  (cost=4214.98..4220.36 rows=1075 width=121)
	  ->  Sort  (cost=4214.98..4217.67 rows=1075 width=121)
	        Sort Key: c
	        ->  Bitmap Heap Scan on sbtest1  (cost=35.45..4160.86 rows=1075 width=121)
	              Recheck Cond: ((id >= 2686609) AND (id <= 2687608))
	              ->  Bitmap Index Scan on sbtest1_pkey  (cost=0.00..35.19 rows=1075 width=0)
	                    Index Cond: ((id >= 2686609) AND (id <= 2687608))

table 2 : explain SELECT DISTINCT c FROM sbtest2 WHERE id BETWEEN 703806 AND 704805 ORDER BY c
	Unique  (cost=3805.94..3810.78 rows=969 width=121)
	  ->  Sort  (cost=3805.94..3808.36 rows=969 width=121)
	        Sort Key: c
	        ->  Bitmap Heap Scan on sbtest2  (cost=34.37..3757.88 rows=969 width=121)
	              Recheck Cond: ((id >= 703806) AND (id <= 704805))
	              ->  Bitmap Index Scan on sbtest2_pkey  (cost=0.00..34.12 rows=969 width=0)
	                    Index Cond: ((id >= 703806) AND (id <= 704805))

table 3 : explain SELECT DISTINCT c FROM sbtest3 WHERE id BETWEEN 5188949 AND 5189948 ORDER BY c
	Unique  (cost=3654.15..3658.79 rows=928 width=121)
	  ->  Sort  (cost=3654.15..3656.47 rows=928 width=121)
	        Sort Key: c
	        ->  Bitmap Heap Scan on sbtest3  (cost=33.95..3608.41 rows=928 width=121)
	              Recheck Cond: ((id >= 5188949) AND (id <= 5189948))
	              ->  Bitmap Index Scan on sbtest3_pkey  (cost=0.00..33.72 rows=928 width=0)
	                    Index Cond: ((id >= 5188949) AND (id <= 5189948))

table 4 : explain SELECT DISTINCT c FROM sbtest4 WHERE id BETWEEN 844965 AND 845964 ORDER BY c
	Unique  (cost=3873.30..3878.23 rows=985 width=121)
	  ->  Sort  (cost=3873.30..3875.76 rows=985 width=121)
	        Sort Key: c
	        ->  Bitmap Heap Scan on sbtest4  (cost=34.53..3824.33 rows=985 width=121)
	              Recheck Cond: ((id >= 844965) AND (id <= 845964))
	              ->  Bitmap Index Scan on sbtest4_pkey  (cost=0.00..34.29 rows=985 width=0)
	                    Index Cond: ((id >= 844965) AND (id <= 845964))

table 5 : explain SELECT DISTINCT c FROM sbtest5 WHERE id BETWEEN 4191985 AND 4192984 ORDER BY c
	Unique  (cost=4030.17..4035.30 rows=1026 width=121)
	  ->  Sort  (cost=4030.17..4032.73 rows=1026 width=121)
	        Sort Key: c
	        ->  Bitmap Heap Scan on sbtest5  (cost=34.95..3978.85 rows=1026 width=121)
	              Recheck Cond: ((id >= 4191985) AND (id <= 4192984))
	              ->  Bitmap Index Scan on sbtest5_pkey  (cost=0.00..34.70 rows=1026 width=0)
	                    Index Cond: ((id >= 4191985) AND (id <= 4192984))

table 6 : explain SELECT DISTINCT c FROM sbtest6 WHERE id BETWEEN 7962425 AND 7963424 ORDER BY c
	Unique  (cost=3957.88..3962.92 rows=1008 width=121)
	  ->  Sort  (cost=3957.88..3960.40 rows=1008 width=121)
	        Sort Key: c
	        ->  Bitmap Heap Scan on sbtest6  (cost=34.77..3907.59 rows=1008 width=121)
	              Recheck Cond: ((id >= 7962425) AND (id <= 7963424))
	              ->  Bitmap Index Scan on sbtest6_pkey  (cost=0.00..34.52 rows=1008 width=0)
	                    Index Cond: ((id >= 7962425) AND (id <= 7963424))

table 7 : explain SELECT DISTINCT c FROM sbtest7 WHERE id BETWEEN 2167846 AND 2168845 ORDER BY c
	Unique  (cost=3914.26..3919.24 rows=996 width=121)
	  ->  Sort  (cost=3914.26..3916.75 rows=996 width=121)
	        Sort Key: c
	        ->  Bitmap Heap Scan on sbtest7  (cost=34.64..3864.66 rows=996 width=121)
	              Recheck Cond: ((id >= 2167846) AND (id <= 2168845))
	              ->  Bitmap Index Scan on sbtest7_pkey  (cost=0.00..34.40 rows=996 width=0)
	                    Index Cond: ((id >= 2167846) AND (id <= 2168845))

table 8 : explain SELECT DISTINCT c FROM sbtest8 WHERE id BETWEEN 7152652 AND 7153651 ORDER BY c
	Unique  (cost=3650.09..3654.73 rows=928 width=121)
	  ->  Sort  (cost=3650.09..3652.41 rows=928 width=121)
	        Sort Key: c
	        ->  Bitmap Heap Scan on sbtest8  (cost=33.95..3604.35 rows=928 width=121)
	              Recheck Cond: ((id >= 7152652) AND (id <= 7153651))
	              ->  Bitmap Index Scan on sbtest8_pkey  (cost=0.00..33.72 rows=928 width=0)
	                    Index Cond: ((id >= 7152652) AND (id <= 7153651))

for: sum_ranges
table 1 : explain SELECT SUM(k) FROM sbtest1 WHERE id BETWEEN 2357619 AND 2358618
	Aggregate  (cost=4547.43..4547.44 rows=1 width=8)
	  ->  Bitmap Heap Scan on sbtest1  (cost=40.50..4544.48 rows=1177 width=4)
	        Recheck Cond: ((id >= 2357619) AND (id <= 2358618))
	        ->  Bitmap Index Scan on sbtest1_pkey  (cost=0.00..40.20 rows=1177 width=0)
	              Index Cond: ((id >= 2357619) AND (id <= 2358618))

table 2 : explain SELECT SUM(k) FROM sbtest2 WHERE id BETWEEN 1250820 AND 1251819
	Aggregate  (cost=3971.50..3971.51 rows=1 width=8)
	  ->  Bitmap Heap Scan on sbtest2  (cost=34.94..3968.94 rows=1025 width=4)
	        Recheck Cond: ((id >= 1250820) AND (id <= 1251819))
	        ->  Bitmap Index Scan on sbtest2_pkey  (cost=0.00..34.69 rows=1025 width=0)
	              Index Cond: ((id >= 1250820) AND (id <= 1251819))

table 3 : explain SELECT SUM(k) FROM sbtest3 WHERE id BETWEEN 8664035 AND 8665034
	Aggregate  (cost=3887.00..3887.01 rows=1 width=8)
	  ->  Bitmap Heap Scan on sbtest3  (cost=34.70..3884.50 rows=1001 width=4)
	        Recheck Cond: ((id >= 8664035) AND (id <= 8665034))
	        ->  Bitmap Index Scan on sbtest3_pkey  (cost=0.00..34.45 rows=1001 width=0)
	              Index Cond: ((id >= 8664035) AND (id <= 8665034))

table 4 : explain SELECT SUM(k) FROM sbtest4 WHERE id BETWEEN 9881570 AND 9882569
	Aggregate  (cost=3516.00..3516.01 rows=1 width=8)
	  ->  Bitmap Heap Scan on sbtest4  (cost=29.70..3513.74 rows=904 width=4)
	        Recheck Cond: ((id >= 9881570) AND (id <= 9882569))
	        ->  Bitmap Index Scan on sbtest4_pkey  (cost=0.00..29.47 rows=904 width=0)
	              Index Cond: ((id >= 9881570) AND (id <= 9882569))

table 5 : explain SELECT SUM(k) FROM sbtest5 WHERE id BETWEEN 6615128 AND 6616127
	Aggregate  (cost=3447.44..3447.45 rows=1 width=8)
	  ->  Bitmap Heap Scan on sbtest5  (cost=29.52..3445.22 rows=886 width=4)
	        Recheck Cond: ((id >= 6615128) AND (id <= 6616127))
	        ->  Bitmap Index Scan on sbtest5_pkey  (cost=0.00..29.29 rows=886 width=0)
	              Index Cond: ((id >= 6615128) AND (id <= 6616127))

table 6 : explain SELECT SUM(k) FROM sbtest6 WHERE id BETWEEN 7880879 AND 7881878
	Aggregate  (cost=3925.21..3925.22 rows=1 width=8)
	  ->  Bitmap Heap Scan on sbtest6  (cost=34.81..3922.68 rows=1012 width=4)
	        Recheck Cond: ((id >= 7880879) AND (id <= 7881878))
	        ->  Bitmap Index Scan on sbtest6_pkey  (cost=0.00..34.56 rows=1012 width=0)
	              Index Cond: ((id >= 7880879) AND (id <= 7881878))

table 7 : explain SELECT SUM(k) FROM sbtest7 WHERE id BETWEEN 3002606 AND 3003605
	Aggregate  (cost=4025.76..4025.77 rows=1 width=8)
	  ->  Bitmap Heap Scan on sbtest7  (cost=35.07..4023.17 rows=1038 width=4)
	        Recheck Cond: ((id >= 3002606) AND (id <= 3003605))
	        ->  Bitmap Index Scan on sbtest7_pkey  (cost=0.00..34.82 rows=1038 width=0)
	              Index Cond: ((id >= 3002606) AND (id <= 3003605))

table 8 : explain SELECT SUM(k) FROM sbtest8 WHERE id BETWEEN 5399929 AND 5400928
	Aggregate  (cost=3912.63..3912.64 rows=1 width=8)
	  ->  Bitmap Heap Scan on sbtest8  (cost=34.78..3910.11 rows=1009 width=4)
	        Recheck Cond: ((id >= 5399929) AND (id <= 5400928))
	        ->  Bitmap Index Scan on sbtest8_pkey  (cost=0.00..34.53 rows=1009 width=0)
	              Index Cond: ((id >= 5399929) AND (id <= 5400928))

for: distinct_ranges
table 1 : explain SELECT DISTINCT c FROM sbtest1 WHERE id BETWEEN 8518727 AND 8519726 ORDER BY c
	Unique  (cost=3847.53..3852.43 rows=979 width=121)
	  ->  Sort  (cost=3847.53..3849.98 rows=979 width=121)
	        Sort Key: c
	        ->  Bitmap Heap Scan on sbtest1  (cost=34.47..3798.90 rows=979 width=121)
	              Recheck Cond: ((id >= 8518727) AND (id <= 8519726))
	              ->  Bitmap Index Scan on sbtest1_pkey  (cost=0.00..34.23 rows=979 width=0)
	                    Index Cond: ((id >= 8518727) AND (id <= 8519726))

table 2 : explain SELECT DISTINCT c FROM sbtest2 WHERE id BETWEEN 7950121 AND 7951120 ORDER BY c
	Unique  (cost=3668.00..3672.66 rows=933 width=121)
	  ->  Sort  (cost=3668.00..3670.33 rows=933 width=121)
	        Sort Key: c
	        ->  Bitmap Heap Scan on sbtest2  (cost=34.00..3621.98 rows=933 width=121)
	              Recheck Cond: ((id >= 7950121) AND (id <= 7951120))
	              ->  Bitmap Index Scan on sbtest2_pkey  (cost=0.00..33.77 rows=933 width=0)
	                    Index Cond: ((id >= 7950121) AND (id <= 7951120))

table 3 : explain SELECT DISTINCT c FROM sbtest3 WHERE id BETWEEN 5411867 AND 5412866 ORDER BY c
	Unique  (cost=4160.41..4165.71 rows=1060 width=121)
	  ->  Sort  (cost=4160.41..4163.06 rows=1060 width=121)
	        Sort Key: c
	        ->  Bitmap Heap Scan on sbtest3  (cost=35.30..4107.15 rows=1060 width=121)
	              Recheck Cond: ((id >= 5411867) AND (id <= 5412866))
	              ->  Bitmap Index Scan on sbtest3_pkey  (cost=0.00..35.04 rows=1060 width=0)
	                    Index Cond: ((id >= 5411867) AND (id <= 5412866))

table 4 : explain SELECT DISTINCT c FROM sbtest4 WHERE id BETWEEN 2200378 AND 2201377 ORDER BY c
	Unique  (cost=3800.38..3805.21 rows=966 width=121)
	  ->  Sort  (cost=3800.38..3802.80 rows=966 width=121)
	        Sort Key: c
	        ->  Bitmap Heap Scan on sbtest4  (cost=34.34..3752.49 rows=966 width=121)
	              Recheck Cond: ((id >= 2200378) AND (id <= 2201377))
	              ->  Bitmap Index Scan on sbtest4_pkey  (cost=0.00..34.09 rows=966 width=0)
	                    Index Cond: ((id >= 2200378) AND (id <= 2201377))

table 5 : explain SELECT DISTINCT c FROM sbtest5 WHERE id BETWEEN 8701946 AND 8702945 ORDER BY c
	Unique  (cost=3823.10..3827.96 rows=972 width=121)
	  ->  Sort  (cost=3823.10..3825.53 rows=972 width=121)
	        Sort Key: c
	        ->  Bitmap Heap Scan on sbtest5  (cost=34.40..3774.86 rows=972 width=121)
	              Recheck Cond: ((id >= 8701946) AND (id <= 8702945))
	              ->  Bitmap Index Scan on sbtest5_pkey  (cost=0.00..34.16 rows=972 width=0)
	                    Index Cond: ((id >= 8701946) AND (id <= 8702945))

table 6 : explain SELECT DISTINCT c FROM sbtest6 WHERE id BETWEEN 2940178 AND 2941177 ORDER BY c
	Unique  (cost=3674.23..3678.90 rows=934 width=121)
	  ->  Sort  (cost=3674.23..3676.56 rows=934 width=121)
	        Sort Key: c
	        ->  Bitmap Heap Scan on sbtest6  (cost=34.01..3628.15 rows=934 width=121)
	              Recheck Cond: ((id >= 2940178) AND (id <= 2941177))
	              ->  Bitmap Index Scan on sbtest6_pkey  (cost=0.00..33.78 rows=934 width=0)
	                    Index Cond: ((id >= 2940178) AND (id <= 2941177))

table 7 : explain SELECT DISTINCT c FROM sbtest7 WHERE id BETWEEN 7943493 AND 7944492 ORDER BY c
	Unique  (cost=3741.63..3746.38 rows=951 width=121)
	  ->  Sort  (cost=3741.63..3744.00 rows=951 width=121)
	        Sort Key: c
	        ->  Bitmap Heap Scan on sbtest7  (cost=34.18..3694.58 rows=951 width=121)
	              Recheck Cond: ((id >= 7943493) AND (id <= 7944492))
	              ->  Bitmap Index Scan on sbtest7_pkey  (cost=0.00..33.95 rows=951 width=0)
	                    Index Cond: ((id >= 7943493) AND (id <= 7944492))

table 8 : explain SELECT DISTINCT c FROM sbtest8 WHERE id BETWEEN 7558687 AND 7559686 ORDER BY c
	Unique  (cost=3776.63..3781.43 rows=961 width=121)
	  ->  Sort  (cost=3776.63..3779.03 rows=961 width=121)
	        Sort Key: c
	        ->  Bitmap Heap Scan on sbtest8  (cost=34.29..3729.02 rows=961 width=121)
	              Recheck Cond: ((id >= 7558687) AND (id <= 7559686))
	              ->  Bitmap Index Scan on sbtest8_pkey  (cost=0.00..34.05 rows=961 width=0)
	                    Index Cond: ((id >= 7558687) AND (id <= 7559686))

explain: for point_selects :: explain SELECT c FROM sbtest%u WHERE id=%u
for: sum_ranges
table 1 : explain SELECT SUM(k) FROM sbtest1 WHERE id BETWEEN 3569605 AND 3570604
	Aggregate  (cost=3824.02..3824.03 rows=1 width=8)
	  ->  Bitmap Heap Scan on sbtest1  (cost=34.53..3821.56 rows=985 width=4)
	        Recheck Cond: ((id >= 3569605) AND (id <= 3570604))
	        ->  Bitmap Index Scan on sbtest1_pkey  (cost=0.00..34.29 rows=985 width=0)
	              Index Cond: ((id >= 3569605) AND (id <= 3570604))

table 2 : explain SELECT SUM(k) FROM sbtest2 WHERE id BETWEEN 1952282 AND 1953281
	Aggregate  (cost=4314.14..4314.15 rows=1 width=8)
	  ->  Bitmap Heap Scan on sbtest2  (cost=39.87..4311.35 rows=1116 width=4)
	        Recheck Cond: ((id >= 1952282) AND (id <= 1953281))
	        ->  Bitmap Index Scan on sbtest2_pkey  (cost=0.00..39.59 rows=1116 width=0)
	              Index Cond: ((id >= 1952282) AND (id <= 1953281))

table 3 : explain SELECT SUM(k) FROM sbtest3 WHERE id BETWEEN 6302410 AND 6303409
	Aggregate  (cost=3641.04..3641.05 rows=1 width=8)
	  ->  Bitmap Heap Scan on sbtest3  (cost=34.03..3638.70 rows=936 width=4)
	        Recheck Cond: ((id >= 6302410) AND (id <= 6303409))
	        ->  Bitmap Index Scan on sbtest3_pkey  (cost=0.00..33.80 rows=936 width=0)
	              Index Cond: ((id >= 6302410) AND (id <= 6303409))

table 4 : explain SELECT SUM(k) FROM sbtest4 WHERE id BETWEEN 2626357 AND 2627356
	Aggregate  (cost=3713.26..3713.27 rows=1 width=8)
	  ->  Bitmap Heap Scan on sbtest4  (cost=34.22..3710.87 rows=955 width=4)
	        Recheck Cond: ((id >= 2626357) AND (id <= 2627356))
	        ->  Bitmap Index Scan on sbtest4_pkey  (cost=0.00..33.98 rows=955 width=0)
	              Index Cond: ((id >= 2626357) AND (id <= 2627356))

table 5 : explain SELECT SUM(k) FROM sbtest5 WHERE id BETWEEN 3763549 AND 3764548
	Aggregate  (cost=4595.72..4595.73 rows=1 width=8)
	  ->  Bitmap Heap Scan on sbtest5  (cost=40.62..4592.75 rows=1189 width=4)
	        Recheck Cond: ((id >= 3763549) AND (id <= 3764548))
	        ->  Bitmap Index Scan on sbtest5_pkey  (cost=0.00..40.33 rows=1189 width=0)
	              Index Cond: ((id >= 3763549) AND (id <= 3764548))

table 6 : explain SELECT SUM(k) FROM sbtest6 WHERE id BETWEEN 5703489 AND 5704488
	Aggregate  (cost=3569.93..3569.94 rows=1 width=8)
	  ->  Bitmap Heap Scan on sbtest6  (cost=33.84..3567.63 rows=918 width=4)
	        Recheck Cond: ((id >= 5703489) AND (id <= 5704488))
	        ->  Bitmap Index Scan on sbtest6_pkey  (cost=0.00..33.62 rows=918 width=0)
	              Index Cond: ((id >= 5703489) AND (id <= 5704488))

table 7 : explain SELECT SUM(k) FROM sbtest7 WHERE id BETWEEN 9431888 AND 9432887
	Aggregate  (cost=3757.50..3757.51 rows=1 width=8)
	  ->  Bitmap Heap Scan on sbtest7  (cost=34.35..3755.08 rows=967 width=4)
	        Recheck Cond: ((id >= 9431888) AND (id <= 9432887))
	        ->  Bitmap Index Scan on sbtest7_pkey  (cost=0.00..34.11 rows=967 width=0)
	              Index Cond: ((id >= 9431888) AND (id <= 9432887))

table 8 : explain SELECT SUM(k) FROM sbtest8 WHERE id BETWEEN 6995295 AND 6996294
	Aggregate  (cost=4327.05..4327.06 rows=1 width=8)
	  ->  Bitmap Heap Scan on sbtest8  (cost=39.89..4324.25 rows=1118 width=4)
	        Recheck Cond: ((id >= 6995295) AND (id <= 6996294))
	        ->  Bitmap Index Scan on sbtest8_pkey  (cost=0.00..39.62 rows=1118 width=0)
	              Index Cond: ((id >= 6995295) AND (id <= 6996294))

for: sum_ranges
table 1 : explain SELECT SUM(k) FROM sbtest1 WHERE id BETWEEN 1800017 AND 1801016
	Aggregate  (cost=3831.58..3831.59 rows=1 width=8)
	  ->  Bitmap Heap Scan on sbtest1  (cost=34.55..3829.11 rows=987 width=4)
	        Recheck Cond: ((id >= 1800017) AND (id <= 1801016))
	        ->  Bitmap Index Scan on sbtest1_pkey  (cost=0.00..34.31 rows=987 width=0)
	              Index Cond: ((id >= 1800017) AND (id <= 1801016))

table 2 : explain SELECT SUM(k) FROM sbtest2 WHERE id BETWEEN 9842472 AND 9843471
	Aggregate  (cost=4012.94..4012.95 rows=1 width=8)
	  ->  Bitmap Heap Scan on sbtest2  (cost=35.05..4010.35 rows=1036 width=4)
	        Recheck Cond: ((id >= 9842472) AND (id <= 9843471))
	        ->  Bitmap Index Scan on sbtest2_pkey  (cost=0.00..34.80 rows=1036 width=0)
	              Index Cond: ((id >= 9842472) AND (id <= 9843471))

table 3 : explain SELECT SUM(k) FROM sbtest3 WHERE id BETWEEN 4891491 AND 4892490
	Aggregate  (cost=3875.66..3875.67 rows=1 width=8)
	  ->  Bitmap Heap Scan on sbtest3  (cost=34.66..3873.16 rows=998 width=4)
	        Recheck Cond: ((id >= 4891491) AND (id <= 4892490))
	        ->  Bitmap Index Scan on sbtest3_pkey  (cost=0.00..34.42 rows=998 width=0)
	              Index Cond: ((id >= 4891491) AND (id <= 4892490))

table 4 : explain SELECT SUM(k) FROM sbtest4 WHERE id BETWEEN 8767968 AND 8768967
	Aggregate  (cost=4261.18..4261.19 rows=1 width=8)
	  ->  Bitmap Heap Scan on sbtest4  (cost=39.70..4258.43 rows=1099 width=4)
	        Recheck Cond: ((id >= 8767968) AND (id <= 8768967))
	        ->  Bitmap Index Scan on sbtest4_pkey  (cost=0.00..39.43 rows=1099 width=0)
	              Index Cond: ((id >= 8767968) AND (id <= 8768967))

table 5 : explain SELECT SUM(k) FROM sbtest5 WHERE id BETWEEN 6684708 AND 6685707
	Aggregate  (cost=3447.44..3447.45 rows=1 width=8)
	  ->  Bitmap Heap Scan on sbtest5  (cost=29.52..3445.22 rows=886 width=4)
	        Recheck Cond: ((id >= 6684708) AND (id <= 6685707))
	        ->  Bitmap Index Scan on sbtest5_pkey  (cost=0.00..29.29 rows=886 width=0)
	              Index Cond: ((id >= 6684708) AND (id <= 6685707))

table 6 : explain SELECT SUM(k) FROM sbtest6 WHERE id BETWEEN 3971586 AND 3972585
	Aggregate  (cost=3925.21..3925.22 rows=1 width=8)
	  ->  Bitmap Heap Scan on sbtest6  (cost=34.81..3922.68 rows=1012 width=4)
	        Recheck Cond: ((id >= 3971586) AND (id <= 3972585))
	        ->  Bitmap Index Scan on sbtest6_pkey  (cost=0.00..34.56 rows=1012 width=0)
	              Index Cond: ((id >= 3971586) AND (id <= 3972585))

table 7 : explain SELECT SUM(k) FROM sbtest7 WHERE id BETWEEN 1414903 AND 1415902
	Aggregate  (cost=4157.78..4157.79 rows=1 width=8)
	  ->  Bitmap Heap Scan on sbtest7  (cost=35.43..4155.09 rows=1073 width=4)
	        Recheck Cond: ((id >= 1414903) AND (id <= 1415902))
	        ->  Bitmap Index Scan on sbtest7_pkey  (cost=0.00..35.17 rows=1073 width=0)
	              Index Cond: ((id >= 1414903) AND (id <= 1415902))

table 8 : explain SELECT SUM(k) FROM sbtest8 WHERE id BETWEEN 6321089 AND 6322088
	Aggregate  (cost=3610.45..3610.46 rows=1 width=8)
	  ->  Bitmap Heap Scan on sbtest8  (cost=33.96..3608.13 rows=929 width=4)
	        Recheck Cond: ((id >= 6321089) AND (id <= 6322088))
	        ->  Bitmap Index Scan on sbtest8_pkey  (cost=0.00..33.73 rows=929 width=0)
	              Index Cond: ((id >= 6321089) AND (id <= 6322088))

for: distinct_ranges
table 1 : explain SELECT DISTINCT c FROM sbtest1 WHERE id BETWEEN 4433218 AND 4434217 ORDER BY c
	Unique  (cost=4062.01..4067.19 rows=1035 width=121)
	  ->  Sort  (cost=4062.01..4064.60 rows=1035 width=121)
	        Sort Key: c
	        ->  Bitmap Heap Scan on sbtest1  (cost=35.04..4010.18 rows=1035 width=121)
	              Recheck Cond: ((id >= 4433218) AND (id <= 4434217))
	              ->  Bitmap Index Scan on sbtest1_pkey  (cost=0.00..34.79 rows=1035 width=0)
	                    Index Cond: ((id >= 4433218) AND (id <= 4434217))

table 2 : explain SELECT DISTINCT c FROM sbtest2 WHERE id BETWEEN 8788170 AND 8789169 ORDER BY c
	Unique  (cost=4161.55..4166.86 rows=1062 width=121)
	  ->  Sort  (cost=4161.55..4164.21 rows=1062 width=121)
	        Sort Key: c
	        ->  Bitmap Heap Scan on sbtest2  (cost=35.32..4108.17 rows=1062 width=121)
	              Recheck Cond: ((id >= 8788170) AND (id <= 8789169))
	              ->  Bitmap Index Scan on sbtest2_pkey  (cost=0.00..35.06 rows=1062 width=0)
	                    Index Cond: ((id >= 8788170) AND (id <= 8789169))

table 3 : explain SELECT DISTINCT c FROM sbtest3 WHERE id BETWEEN 2391127 AND 2392126 ORDER BY c
	Unique  (cost=4348.01..4353.55 rows=1108 width=121)
	  ->  Sort  (cost=4348.01..4350.78 rows=1108 width=121)
	        Sort Key: c
	        ->  Bitmap Heap Scan on sbtest3  (cost=39.79..4291.98 rows=1108 width=121)
	              Recheck Cond: ((id >= 2391127) AND (id <= 2392126))
	              ->  Bitmap Index Scan on sbtest3_pkey  (cost=0.00..39.52 rows=1108 width=0)
	                    Index Cond: ((id >= 2391127) AND (id <= 2392126))

table 4 : explain SELECT DISTINCT c FROM sbtest4 WHERE id BETWEEN 9621083 AND 9622082 ORDER BY c
	Unique  (cost=4378.93..4384.51 rows=1116 width=121)
	  ->  Sort  (cost=4378.93..4381.72 rows=1116 width=121)
	        Sort Key: c
	        ->  Bitmap Heap Scan on sbtest4  (cost=39.87..4322.44 rows=1116 width=121)
	              Recheck Cond: ((id >= 9621083) AND (id <= 9622082))
	              ->  Bitmap Index Scan on sbtest4_pkey  (cost=0.00..39.59 rows=1116 width=0)
	                    Index Cond: ((id >= 9621083) AND (id <= 9622082))

table 5 : explain SELECT DISTINCT c FROM sbtest5 WHERE id BETWEEN 6543279 AND 6544278 ORDER BY c
	Unique  (cost=3746.32..3751.08 rows=952 width=121)
	  ->  Sort  (cost=3746.32..3748.70 rows=952 width=121)
	        Sort Key: c
	        ->  Bitmap Heap Scan on sbtest5  (cost=34.19..3699.22 rows=952 width=121)
	              Recheck Cond: ((id >= 6543279) AND (id <= 6544278))
	              ->  Bitmap Index Scan on sbtest5_pkey  (cost=0.00..33.95 rows=952 width=0)
	                    Index Cond: ((id >= 6543279) AND (id <= 6544278))

table 6 : explain SELECT DISTINCT c FROM sbtest6 WHERE id BETWEEN 4118797 AND 4119796 ORDER BY c
	Unique  (cost=4065.03..4070.21 rows=1036 width=121)
	  ->  Sort  (cost=4065.03..4067.62 rows=1036 width=121)
	        Sort Key: c
	        ->  Bitmap Heap Scan on sbtest6  (cost=35.05..4013.15 rows=1036 width=121)
	              Recheck Cond: ((id >= 4118797) AND (id <= 4119796))
	              ->  Bitmap Index Scan on sbtest6_pkey  (cost=0.00..34.80 rows=1036 width=0)
	                    Index Cond: ((id >= 4118797) AND (id <= 4119796))

table 7 : explain SELECT DISTINCT c FROM sbtest7 WHERE id BETWEEN 8960791 AND 8961790 ORDER BY c
	Unique  (cost=4067.51..4072.69 rows=1036 width=121)
	  ->  Sort  (cost=4067.51..4070.10 rows=1036 width=121)
	        Sort Key: c
	        ->  Bitmap Heap Scan on sbtest7  (cost=35.05..4015.62 rows=1036 width=121)
	              Recheck Cond: ((id >= 8960791) AND (id <= 8961790))
	              ->  Bitmap Index Scan on sbtest7_pkey  (cost=0.00..34.80 rows=1036 width=0)
	                    Index Cond: ((id >= 8960791) AND (id <= 8961790))

table 8 : explain SELECT DISTINCT c FROM sbtest8 WHERE id BETWEEN 3898261 AND 3899260 ORDER BY c
	Unique  (cost=4212.75..4218.13 rows=1075 width=121)
	  ->  Sort  (cost=4212.75..4215.44 rows=1075 width=121)
	        Sort Key: c
	        ->  Bitmap Heap Scan on sbtest8  (cost=35.45..4158.63 rows=1075 width=121)
	              Recheck Cond: ((id >= 3898261) AND (id <= 3899260))
	              ->  Bitmap Index Scan on sbtest8_pkey  (cost=0.00..35.19 rows=1075 width=0)
	                    Index Cond: ((id >= 3898261) AND (id <= 3899260))

for: simple_ranges
table 1 : explain SELECT c FROM sbtest1 WHERE id BETWEEN 4938889 AND 4939888
	Bitmap Heap Scan on sbtest1  (cost=34.19..3696.89 rows=952 width=121)
	  Recheck Cond: ((id >= 4938889) AND (id <= 4939888))
	  ->  Bitmap Index Scan on sbtest1_pkey  (cost=0.00..33.95 rows=952 width=0)
	        Index Cond: ((id >= 4938889) AND (id <= 4939888))

table 2 : explain SELECT c FROM sbtest2 WHERE id BETWEEN 8375352 AND 8376351
	Bitmap Heap Scan on sbtest2  (cost=34.06..3644.64 rows=939 width=121)
	  Recheck Cond: ((id >= 8375352) AND (id <= 8376351))
	  ->  Bitmap Index Scan on sbtest2_pkey  (cost=0.00..33.83 rows=939 width=0)
	        Index Cond: ((id >= 8375352) AND (id <= 8376351))

table 3 : explain SELECT c FROM sbtest3 WHERE id BETWEEN 181808 AND 182807
	Bitmap Heap Scan on sbtest3  (cost=34.45..3793.80 rows=977 width=121)
	  Recheck Cond: ((id >= 181808) AND (id <= 182807))
	  ->  Bitmap Index Scan on sbtest3_pkey  (cost=0.00..34.20 rows=977 width=0)
	        Index Cond: ((id >= 181808) AND (id <= 182807))

table 4 : explain SELECT c FROM sbtest4 WHERE id BETWEEN 2523846 AND 2524845
	Bitmap Heap Scan on sbtest4  (cost=34.15..3684.39 rows=948 width=121)
	  Recheck Cond: ((id >= 2523846) AND (id <= 2524845))
	  ->  Bitmap Index Scan on sbtest4_pkey  (cost=0.00..33.92 rows=948 width=0)
	        Index Cond: ((id >= 2523846) AND (id <= 2524845))

table 5 : explain SELECT c FROM sbtest5 WHERE id BETWEEN 2107595 AND 2108594
	Bitmap Heap Scan on sbtest5  (cost=35.05..4016.59 rows=1036 width=121)
	  Recheck Cond: ((id >= 2107595) AND (id <= 2108594))
	  ->  Bitmap Index Scan on sbtest5_pkey  (cost=0.00..34.80 rows=1036 width=0)
	        Index Cond: ((id >= 2107595) AND (id <= 2108594))

table 6 : explain SELECT c FROM sbtest6 WHERE id BETWEEN 5726186 AND 5727185
	Bitmap Heap Scan on sbtest6  (cost=33.84..3567.63 rows=918 width=121)
	  Recheck Cond: ((id >= 5726186) AND (id <= 5727185))
	  ->  Bitmap Index Scan on sbtest6_pkey  (cost=0.00..33.62 rows=918 width=0)
	        Index Cond: ((id >= 5726186) AND (id <= 5727185))

table 7 : explain SELECT c FROM sbtest7 WHERE id BETWEEN 8915769 AND 8916768
	Bitmap Heap Scan on sbtest7  (cost=35.05..4015.62 rows=1036 width=121)
	  Recheck Cond: ((id >= 8915769) AND (id <= 8916768))
	  ->  Bitmap Index Scan on sbtest7_pkey  (cost=0.00..34.80 rows=1036 width=0)
	        Index Cond: ((id >= 8915769) AND (id <= 8916768))

table 8 : explain SELECT c FROM sbtest8 WHERE id BETWEEN 9882735 AND 9883734
	Bitmap Heap Scan on sbtest8  (cost=34.75..3898.80 rows=1006 width=121)
	  Recheck Cond: ((id >= 9882735) AND (id <= 9883734))
	  ->  Bitmap Index Scan on sbtest8_pkey  (cost=0.00..34.50 rows=1006 width=0)
	        Index Cond: ((id >= 9882735) AND (id <= 9883734))

for: order_ranges
table 1 : explain SELECT c FROM sbtest1 WHERE id BETWEEN 9563141 AND 9564140 ORDER BY c
	Sort  (cost=4138.52..4141.16 rows=1055 width=121)
	  Sort Key: c
	  ->  Bitmap Heap Scan on sbtest1  (cost=35.25..4085.54 rows=1055 width=121)
	        Recheck Cond: ((id >= 9563141) AND (id <= 9564140))
	        ->  Bitmap Index Scan on sbtest1_pkey  (cost=0.00..34.98 rows=1055 width=0)
	              Index Cond: ((id >= 9563141) AND (id <= 9564140))

table 2 : explain SELECT c FROM sbtest2 WHERE id BETWEEN 3924978 AND 3925977 ORDER BY c
	Sort  (cost=3736.99..3739.37 rows=951 width=121)
	  Sort Key: c
	  ->  Bitmap Heap Scan on sbtest2  (cost=34.18..3689.95 rows=951 width=121)
	        Recheck Cond: ((id >= 3924978) AND (id <= 3925977))
	        ->  Bitmap Index Scan on sbtest2_pkey  (cost=0.00..33.95 rows=951 width=0)
	              Index Cond: ((id >= 3924978) AND (id <= 3925977))

table 3 : explain SELECT c FROM sbtest3 WHERE id BETWEEN 8147886 AND 8148885 ORDER BY c
	Sort  (cost=4145.10..4147.74 rows=1056 width=121)
	  Sort Key: c
	  ->  Bitmap Heap Scan on sbtest3  (cost=35.26..4092.07 rows=1056 width=121)
	        Recheck Cond: ((id >= 8147886) AND (id <= 8148885))
	        ->  Bitmap Index Scan on sbtest3_pkey  (cost=0.00..35.00 rows=1056 width=0)
	              Index Cond: ((id >= 8147886) AND (id <= 8148885))

table 4 : explain SELECT c FROM sbtest4 WHERE id BETWEEN 2212861 AND 2213860 ORDER BY c
	Sort  (cost=3800.38..3802.80 rows=966 width=121)
	  Sort Key: c
	  ->  Bitmap Heap Scan on sbtest4  (cost=34.34..3752.49 rows=966 width=121)
	        Recheck Cond: ((id >= 2212861) AND (id <= 2213860))
	        ->  Bitmap Index Scan on sbtest4_pkey  (cost=0.00..34.09 rows=966 width=0)
	              Index Cond: ((id >= 2212861) AND (id <= 2213860))

table 5 : explain SELECT c FROM sbtest5 WHERE id BETWEEN 5969593 AND 5970592 ORDER BY c
	Sort  (cost=3727.11..3729.48 rows=947 width=121)
	  Sort Key: c
	  ->  Bitmap Heap Scan on sbtest5  (cost=34.14..3680.30 rows=947 width=121)
	        Recheck Cond: ((id >= 5969593) AND (id <= 5970592))
	        ->  Bitmap Index Scan on sbtest5_pkey  (cost=0.00..33.91 rows=947 width=0)
	              Index Cond: ((id >= 5969593) AND (id <= 5970592))

table 6 : explain SELECT c FROM sbtest6 WHERE id BETWEEN 2970193 AND 2971192 ORDER BY c
	Sort  (cost=3674.23..3676.56 rows=934 width=121)
	  Sort Key: c
	  ->  Bitmap Heap Scan on sbtest6  (cost=34.01..3628.15 rows=934 width=121)
	        Recheck Cond: ((id >= 2970193) AND (id <= 2971192))
	        ->  Bitmap Index Scan on sbtest6_pkey  (cost=0.00..33.78 rows=934 width=0)
	              Index Cond: ((id >= 2970193) AND (id <= 2971192))

table 7 : explain SELECT c FROM sbtest7 WHERE id BETWEEN 6743637 AND 6744636 ORDER BY c
	Sort  (cost=3799.20..3801.61 rows=966 width=121)
	  Sort Key: c
	  ->  Bitmap Heap Scan on sbtest7  (cost=34.34..3751.30 rows=966 width=121)
	        Recheck Cond: ((id >= 6743637) AND (id <= 6744636))
	        ->  Bitmap Index Scan on sbtest7_pkey  (cost=0.00..34.09 rows=966 width=0)
	              Index Cond: ((id >= 6743637) AND (id <= 6744636))

table 8 : explain SELECT c FROM sbtest8 WHERE id BETWEEN 5280410 AND 5281409 ORDER BY c
	Sort  (cost=3872.40..3874.87 rows=986 width=121)
	  Sort Key: c
	  ->  Bitmap Heap Scan on sbtest8  (cost=34.54..3823.37 rows=986 width=121)
	        Recheck Cond: ((id >= 5280410) AND (id <= 5281409))
	        ->  Bitmap Index Scan on sbtest8_pkey  (cost=0.00..34.30 rows=986 width=0)
	              Index Cond: ((id >= 5280410) AND (id <= 5281409))

for: order_ranges
table 1 : explain SELECT c FROM sbtest1 WHERE id BETWEEN 1977293 AND 1978292 ORDER BY c
	Sort  (cost=4127.05..4129.68 rows=1052 width=121)
	  Sort Key: c
	  ->  Bitmap Heap Scan on sbtest1  (cost=35.22..4074.24 rows=1052 width=121)
	        Recheck Cond: ((id >= 1977293) AND (id <= 1978292))
	        ->  Bitmap Index Scan on sbtest1_pkey  (cost=0.00..34.95 rows=1052 width=0)
	              Index Cond: ((id >= 1977293) AND (id <= 1978292))

table 2 : explain SELECT c FROM sbtest2 WHERE id BETWEEN 9913982 AND 9914981 ORDER BY c
	Sort  (cost=3790.62..3793.03 rows=965 width=121)
	  Sort Key: c
	  ->  Bitmap Heap Scan on sbtest2  (cost=34.33..3742.78 rows=965 width=121)
	        Recheck Cond: ((id >= 9913982) AND (id <= 9914981))
	        ->  Bitmap Index Scan on sbtest2_pkey  (cost=0.00..34.09 rows=965 width=0)
	              Index Cond: ((id >= 9913982) AND (id <= 9914981))

table 3 : explain SELECT c FROM sbtest3 WHERE id BETWEEN 5902141 AND 5903140 ORDER BY c
	Sort  (cost=3873.02..3875.48 rows=985 width=121)
	  Sort Key: c
	  ->  Bitmap Heap Scan on sbtest3  (cost=34.53..3824.04 rows=985 width=121)
	        Recheck Cond: ((id >= 5902141) AND (id <= 5903140))
	        ->  Bitmap Index Scan on sbtest3_pkey  (cost=0.00..34.29 rows=985 width=0)
	              Index Cond: ((id >= 5902141) AND (id <= 5903140))

table 4 : explain SELECT c FROM sbtest4 WHERE id BETWEEN 1562250 AND 1563249 ORDER BY c
	Sort  (cost=3639.04..3641.35 rows=924 width=121)
	  Sort Key: c
	  ->  Bitmap Heap Scan on sbtest4  (cost=33.91..3593.52 rows=924 width=121)
	        Recheck Cond: ((id >= 1562250) AND (id <= 1563249))
	        ->  Bitmap Index Scan on sbtest4_pkey  (cost=0.00..33.68 rows=924 width=0)
	              Index Cond: ((id >= 1562250) AND (id <= 1563249))

table 5 : explain SELECT c FROM sbtest5 WHERE id BETWEEN 5169017 AND 5170016 ORDER BY c
	Sort  (cost=4687.80..4690.79 rows=1198 width=121)
	  Sort Key: c
	  ->  Bitmap Heap Scan on sbtest5  (cost=40.71..4626.54 rows=1198 width=121)
	        Recheck Cond: ((id >= 5169017) AND (id <= 5170016))
	        ->  Bitmap Index Scan on sbtest5_pkey  (cost=0.00..40.42 rows=1198 width=0)
	              Index Cond: ((id >= 5169017) AND (id <= 5170016))

table 6 : explain SELECT c FROM sbtest6 WHERE id BETWEEN 5645261 AND 5646260 ORDER BY c
	Sort  (cost=3946.39..3948.90 rows=1005 width=121)
	  Sort Key: c
	  ->  Bitmap Heap Scan on sbtest6  (cost=34.74..3896.28 rows=1005 width=121)
	        Recheck Cond: ((id >= 5645261) AND (id <= 5646260))
	        ->  Bitmap Index Scan on sbtest6_pkey  (cost=0.00..34.48 rows=1005 width=0)
	              Index Cond: ((id >= 5645261) AND (id <= 5646260))

table 7 : explain SELECT c FROM sbtest7 WHERE id BETWEEN 978908 AND 979907 ORDER BY c
	Sort  (cost=3994.74..3997.28 rows=1017 width=121)
	  Sort Key: c
	  ->  Bitmap Heap Scan on sbtest7  (cost=34.86..3943.94 rows=1017 width=121)
	        Recheck Cond: ((id >= 978908) AND (id <= 979907))
	        ->  Bitmap Index Scan on sbtest7_pkey  (cost=0.00..34.61 rows=1017 width=0)
	              Index Cond: ((id >= 978908) AND (id <= 979907))

table 8 : explain SELECT c FROM sbtest8 WHERE id BETWEEN 7701326 AND 7702325 ORDER BY c
	Sort  (cost=3918.35..3920.84 rows=998 width=121)
	  Sort Key: c
	  ->  Bitmap Heap Scan on sbtest8  (cost=34.66..3868.63 rows=998 width=121)
	        Recheck Cond: ((id >= 7701326) AND (id <= 7702325))
	        ->  Bitmap Index Scan on sbtest8_pkey  (cost=0.00..34.42 rows=998 width=0)
	              Index Cond: ((id >= 7701326) AND (id <= 7702325))

explain: for point_selects :: explain SELECT c FROM sbtest%u WHERE id=%u
for: order_ranges
table 1 : explain SELECT c FROM sbtest1 WHERE id BETWEEN 8687774 AND 8688773 ORDER BY c
	Sort  (cost=3782.35..3784.76 rows=962 width=121)
	  Sort Key: c
	  ->  Bitmap Heap Scan on sbtest1  (cost=34.30..3734.68 rows=962 width=121)
	        Recheck Cond: ((id >= 8687774) AND (id <= 8688773))
	        ->  Bitmap Index Scan on sbtest1_pkey  (cost=0.00..34.06 rows=962 width=0)
	              Index Cond: ((id >= 8687774) AND (id <= 8688773))

table 2 : explain SELECT c FROM sbtest2 WHERE id BETWEEN 5948777 AND 5949776 ORDER BY c
	Sort  (cost=3882.50..3884.98 rows=989 width=121)
	  Sort Key: c
	  ->  Bitmap Heap Scan on sbtest2  (cost=34.57..3833.30 rows=989 width=121)
	        Recheck Cond: ((id >= 5948777) AND (id <= 5949776))
	        ->  Bitmap Index Scan on sbtest2_pkey  (cost=0.00..34.33 rows=989 width=0)
	              Index Cond: ((id >= 5948777) AND (id <= 5949776))

table 3 : explain SELECT c FROM sbtest3 WHERE id BETWEEN 2000143 AND 2001142 ORDER BY c
	Sort  (cost=4037.87..4040.44 rows=1028 width=121)
	  Sort Key: c
	  ->  Bitmap Heap Scan on sbtest3  (cost=34.97..3986.44 rows=1028 width=121)
	        Recheck Cond: ((id >= 2000143) AND (id <= 2001142))
	        ->  Bitmap Index Scan on sbtest3_pkey  (cost=0.00..34.72 rows=1028 width=0)
	              Index Cond: ((id >= 2000143) AND (id <= 2001142))

table 4 : explain SELECT c FROM sbtest4 WHERE id BETWEEN 1253685 AND 1254684 ORDER BY c
	Sort  (cost=3992.19..3994.73 rows=1016 width=121)
	  Sort Key: c
	  ->  Bitmap Heap Scan on sbtest4  (cost=34.85..3941.44 rows=1016 width=121)
	        Recheck Cond: ((id >= 1253685) AND (id <= 1254684))
	        ->  Bitmap Index Scan on sbtest4_pkey  (cost=0.00..34.59 rows=1016 width=0)
	              Index Cond: ((id >= 1253685) AND (id <= 1254684))

table 5 : explain SELECT c FROM sbtest5 WHERE id BETWEEN 436438 AND 437437 ORDER BY c
	Sort  (cost=3934.34..3936.85 rows=1001 width=121)
	  Sort Key: c
	  ->  Bitmap Heap Scan on sbtest5  (cost=34.70..3884.46 rows=1001 width=121)
	        Recheck Cond: ((id >= 436438) AND (id <= 437437))
	        ->  Bitmap Index Scan on sbtest5_pkey  (cost=0.00..34.45 rows=1001 width=0)
	              Index Cond: ((id >= 436438) AND (id <= 437437))

table 6 : explain SELECT c FROM sbtest6 WHERE id BETWEEN 7985648 AND 7986647 ORDER BY c
	Sort  (cost=3957.88..3960.40 rows=1008 width=121)
	  Sort Key: c
	  ->  Bitmap Heap Scan on sbtest6  (cost=34.77..3907.59 rows=1008 width=121)
	        Recheck Cond: ((id >= 7985648) AND (id <= 7986647))
	        ->  Bitmap Index Scan on sbtest6_pkey  (cost=0.00..34.52 rows=1008 width=0)
	              Index Cond: ((id >= 7985648) AND (id <= 7986647))

table 7 : explain SELECT c FROM sbtest7 WHERE id BETWEEN 8341718 AND 8342717 ORDER BY c
	Sort  (cost=3941.09..3943.60 rows=1003 width=121)
	  Sort Key: c
	  ->  Bitmap Heap Scan on sbtest7  (cost=34.72..3891.09 rows=1003 width=121)
	        Recheck Cond: ((id >= 8341718) AND (id <= 8342717))
	        ->  Bitmap Index Scan on sbtest7_pkey  (cost=0.00..34.47 rows=1003 width=0)
	              Index Cond: ((id >= 8341718) AND (id <= 8342717))

table 8 : explain SELECT c FROM sbtest8 WHERE id BETWEEN 7335381 AND 7336380 ORDER BY c
	Sort  (cost=4025.49..4028.05 rows=1026 width=121)
	  Sort Key: c
	  ->  Bitmap Heap Scan on sbtest8  (cost=34.95..3974.17 rows=1026 width=121)
	        Recheck Cond: ((id >= 7335381) AND (id <= 7336380))
	        ->  Bitmap Index Scan on sbtest8_pkey  (cost=0.00..34.70 rows=1026 width=0)
	              Index Cond: ((id >= 7335381) AND (id <= 7336380))

for: order_ranges
table 1 : explain SELECT c FROM sbtest1 WHERE id BETWEEN 6409456 AND 6410455 ORDER BY c
	Sort  (cost=3690.27..3692.61 rows=938 width=121)
	  Sort Key: c
	  ->  Bitmap Heap Scan on sbtest1  (cost=34.05..3643.96 rows=938 width=121)
	        Recheck Cond: ((id >= 6409456) AND (id <= 6410455))
	        ->  Bitmap Index Scan on sbtest1_pkey  (cost=0.00..33.82 rows=938 width=0)
	              Index Cond: ((id >= 6409456) AND (id <= 6410455))

table 2 : explain SELECT c FROM sbtest2 WHERE id BETWEEN 2903030 AND 2904029 ORDER BY c
	Sort  (cost=4260.79..4263.51 rows=1088 width=121)
	  Sort Key: c
	  ->  Bitmap Heap Scan on sbtest2  (cost=35.59..4205.91 rows=1088 width=121)
	        Recheck Cond: ((id >= 2903030) AND (id <= 2904029))
	        ->  Bitmap Index Scan on sbtest2_pkey  (cost=0.00..35.32 rows=1088 width=0)
	              Index Cond: ((id >= 2903030) AND (id <= 2904029))

table 3 : explain SELECT c FROM sbtest3 WHERE id BETWEEN 6402191 AND 6403190 ORDER BY c
	Sort  (cost=4026.38..4028.94 rows=1025 width=121)
	  Sort Key: c
	  ->  Bitmap Heap Scan on sbtest3  (cost=34.94..3975.12 rows=1025 width=121)
	        Recheck Cond: ((id >= 6402191) AND (id <= 6403190))
	        ->  Bitmap Index Scan on sbtest3_pkey  (cost=0.00..34.69 rows=1025 width=0)
	              Index Cond: ((id >= 6402191) AND (id <= 6403190))

table 4 : explain SELECT c FROM sbtest4 WHERE id BETWEEN 9574966 AND 9575965 ORDER BY c
	Sort  (cost=4022.85..4025.41 rows=1024 width=121)
	  Sort Key: c
	  ->  Bitmap Heap Scan on sbtest4  (cost=34.93..3971.65 rows=1024 width=121)
	        Recheck Cond: ((id >= 9574966) AND (id <= 9575965))
	        ->  Bitmap Index Scan on sbtest4_pkey  (cost=0.00..34.68 rows=1024 width=0)
	              Index Cond: ((id >= 9574966) AND (id <= 9575965))

table 5 : explain SELECT c FROM sbtest5 WHERE id BETWEEN 6981489 AND 6982488 ORDER BY c
	Sort  (cost=4278.98..4281.70 rows=1091 width=121)
	  Sort Key: c
	  ->  Bitmap Heap Scan on sbtest5  (cost=35.62..4223.93 rows=1091 width=121)
	        Recheck Cond: ((id >= 6981489) AND (id <= 6982488))
	        ->  Bitmap Index Scan on sbtest5_pkey  (cost=0.00..35.34 rows=1091 width=0)
	              Index Cond: ((id >= 6981489) AND (id <= 6982488))

table 6 : explain SELECT c FROM sbtest6 WHERE id BETWEEN 5120074 AND 5121073 ORDER BY c
	Sort  (cost=4118.58..4121.20 rows=1050 width=121)
	  Sort Key: c
	  ->  Bitmap Heap Scan on sbtest6  (cost=35.20..4065.89 rows=1050 width=121)
	        Recheck Cond: ((id >= 5120074) AND (id <= 5121073))
	        ->  Bitmap Index Scan on sbtest6_pkey  (cost=0.00..34.94 rows=1050 width=0)
	              Index Cond: ((id >= 5120074) AND (id <= 5121073))

table 7 : explain SELECT c FROM sbtest7 WHERE id BETWEEN 6211810 AND 6212809 ORDER BY c
	Sort  (cost=3676.35..3678.68 rows=934 width=121)
	  Sort Key: c
	  ->  Bitmap Heap Scan on sbtest7  (cost=34.01..3630.27 rows=934 width=121)
	        Recheck Cond: ((id >= 6211810) AND (id <= 6212809))
	        ->  Bitmap Index Scan on sbtest7_pkey  (cost=0.00..33.78 rows=934 width=0)
	              Index Cond: ((id >= 6211810) AND (id <= 6212809))

table 8 : explain SELECT c FROM sbtest8 WHERE id BETWEEN 7200082 AND 7201081 ORDER BY c
	Sort  (cost=3834.10..3836.54 rows=976 width=121)
	  Sort Key: c
	  ->  Bitmap Heap Scan on sbtest8  (cost=34.44..3785.64 rows=976 width=121)
	        Recheck Cond: ((id >= 7200082) AND (id <= 7201081))
	        ->  Bitmap Index Scan on sbtest8_pkey  (cost=0.00..34.20 rows=976 width=0)
	              Index Cond: ((id >= 7200082) AND (id <= 7201081))

for point_selects
table 1 : explain SELECT c FROM sbtest1 WHERE id=5474340
	Index Scan using sbtest1_pkey on sbtest1  (cost=0.43..8.45 rows=1 width=121)
	  Index Cond: (id = 5474340)

table 2 : explain SELECT c FROM sbtest2 WHERE id=7218360
	Index Scan using sbtest2_pkey on sbtest2  (cost=0.43..8.45 rows=1 width=121)
	  Index Cond: (id = 7218360)

table 3 : explain SELECT c FROM sbtest3 WHERE id=6746450
	Index Scan using sbtest3_pkey on sbtest3  (cost=0.43..8.45 rows=1 width=121)
	  Index Cond: (id = 6746450)

table 4 : explain SELECT c FROM sbtest4 WHERE id=3264049
	Index Scan using sbtest4_pkey on sbtest4  (cost=0.43..8.45 rows=1 width=121)
	  Index Cond: (id = 3264049)

table 5 : explain SELECT c FROM sbtest5 WHERE id=1221509
	Index Scan using sbtest5_pkey on sbtest5  (cost=0.43..8.45 rows=1 width=121)
	  Index Cond: (id = 1221509)

table 6 : explain SELECT c FROM sbtest6 WHERE id=281113
	Index Scan using sbtest6_pkey on sbtest6  (cost=0.43..8.45 rows=1 width=121)
	  Index Cond: (id = 281113)

table 7 : explain SELECT c FROM sbtest7 WHERE id=2659976
	Index Scan using sbtest7_pkey on sbtest7  (cost=0.43..8.45 rows=1 width=121)
	  Index Cond: (id = 2659976)

table 8 : explain SELECT c FROM sbtest8 WHERE id=894011
	Index Scan using sbtest8_pkey on sbtest8  (cost=0.43..8.45 rows=1 width=121)
	  Index Cond: (id = 894011)

for: sum_ranges
table 1 : explain SELECT SUM(k) FROM sbtest1 WHERE id BETWEEN 5290646 AND 5291645
	Aggregate  (cost=4118.33..4118.34 rows=1 width=8)
	  ->  Bitmap Heap Scan on sbtest1  (cost=35.33..4115.68 rows=1063 width=4)
	        Recheck Cond: ((id >= 5290646) AND (id <= 5291645))
	        ->  Bitmap Index Scan on sbtest1_pkey  (cost=0.00..35.07 rows=1063 width=0)
	              Index Cond: ((id >= 5290646) AND (id <= 5291645))

table 2 : explain SELECT SUM(k) FROM sbtest2 WHERE id BETWEEN 5639503 AND 5640502
	Aggregate  (cost=3873.49..3873.50 rows=1 width=8)
	  ->  Bitmap Heap Scan on sbtest2  (cost=34.67..3871.00 rows=999 width=4)
	        Recheck Cond: ((id >= 5639503) AND (id <= 5640502))
	        ->  Bitmap Index Scan on sbtest2_pkey  (cost=0.00..34.43 rows=999 width=0)
	              Index Cond: ((id >= 5639503) AND (id <= 5640502))

table 3 : explain SELECT SUM(k) FROM sbtest3 WHERE id BETWEEN 7443261 AND 7444260
	Aggregate  (cost=3830.29..3830.30 rows=1 width=8)
	  ->  Bitmap Heap Scan on sbtest3  (cost=34.54..3827.82 rows=986 width=4)
	        Recheck Cond: ((id >= 7443261) AND (id <= 7444260))
	        ->  Bitmap Index Scan on sbtest3_pkey  (cost=0.00..34.30 rows=986 width=0)
	              Index Cond: ((id >= 7443261) AND (id <= 7444260))

table 4 : explain SELECT SUM(k) FROM sbtest4 WHERE id BETWEEN 2302842 AND 2303841
	Aggregate  (cost=3713.26..3713.27 rows=1 width=8)
	  ->  Bitmap Heap Scan on sbtest4  (cost=34.22..3710.87 rows=955 width=4)
	        Recheck Cond: ((id >= 2302842) AND (id <= 2303841))
	        ->  Bitmap Index Scan on sbtest4_pkey  (cost=0.00..33.98 rows=955 width=0)
	              Index Cond: ((id >= 2302842) AND (id <= 2303841))

table 5 : explain SELECT SUM(k) FROM sbtest5 WHERE id BETWEEN 2352029 AND 2353028
	Aggregate  (cost=3826.47..3826.48 rows=1 width=8)
	  ->  Bitmap Heap Scan on sbtest5  (cost=34.53..3824.00 rows=985 width=4)
	        Recheck Cond: ((id >= 2352029) AND (id <= 2353028))
	        ->  Bitmap Index Scan on sbtest5_pkey  (cost=0.00..34.29 rows=985 width=0)
	              Index Cond: ((id >= 2352029) AND (id <= 2353028))

table 6 : explain SELECT SUM(k) FROM sbtest6 WHERE id BETWEEN 1990996 AND 1991995
	Aggregate  (cost=3883.69..3883.70 rows=1 width=8)
	  ->  Bitmap Heap Scan on sbtest6  (cost=34.70..3881.19 rows=1001 width=4)
	        Recheck Cond: ((id >= 1990996) AND (id <= 1991995))
	        ->  Bitmap Index Scan on sbtest6_pkey  (cost=0.00..34.45 rows=1001 width=0)
	              Index Cond: ((id >= 1990996) AND (id <= 1991995))

table 7 : explain SELECT SUM(k) FROM sbtest7 WHERE id BETWEEN 4539895 AND 4540894
	Aggregate  (cost=3844.47..3844.48 rows=1 width=8)
	  ->  Bitmap Heap Scan on sbtest7  (cost=34.58..3842.00 rows=990 width=4)
	        Recheck Cond: ((id >= 4539895) AND (id <= 4540894))
	        ->  Bitmap Index Scan on sbtest7_pkey  (cost=0.00..34.34 rows=990 width=0)
	              Index Cond: ((id >= 4539895) AND (id <= 4540894))

table 8 : explain SELECT SUM(k) FROM sbtest8 WHERE id BETWEEN 4712299 AND 4713298
	Aggregate  (cost=4029.50..4029.51 rows=1 width=8)
	  ->  Bitmap Heap Scan on sbtest8  (cost=35.09..4026.90 rows=1040 width=4)
	        Recheck Cond: ((id >= 4712299) AND (id <= 4713298))
	        ->  Bitmap Index Scan on sbtest8_pkey  (cost=0.00..34.84 rows=1040 width=0)
	              Index Cond: ((id >= 4712299) AND (id <= 4713298))

for: distinct_ranges
table 1 : explain SELECT DISTINCT c FROM sbtest1 WHERE id BETWEEN 3645574 AND 3646573 ORDER BY c
	Unique  (cost=3797.69..3802.52 rows=966 width=121)
	  ->  Sort  (cost=3797.69..3800.11 rows=966 width=121)
	        Sort Key: c
	        ->  Bitmap Heap Scan on sbtest1  (cost=34.34..3749.80 rows=966 width=121)
	              Recheck Cond: ((id >= 3645574) AND (id <= 3646573))
	              ->  Bitmap Index Scan on sbtest1_pkey  (cost=0.00..34.09 rows=966 width=0)
	                    Index Cond: ((id >= 3645574) AND (id <= 3646573))

table 2 : explain SELECT DISTINCT c FROM sbtest2 WHERE id BETWEEN 9889176 AND 9890175 ORDER BY c
	Unique  (cost=4062.24..4067.42 rows=1036 width=121)
	  ->  Sort  (cost=4062.24..4064.83 rows=1036 width=121)
	        Sort Key: c
	        ->  Bitmap Heap Scan on sbtest2  (cost=35.05..4010.35 rows=1036 width=121)
	              Recheck Cond: ((id >= 9889176) AND (id <= 9890175))
	              ->  Bitmap Index Scan on sbtest2_pkey  (cost=0.00..34.80 rows=1036 width=0)
	                    Index Cond: ((id >= 9889176) AND (id <= 9890175))

table 3 : explain SELECT DISTINCT c FROM sbtest3 WHERE id BETWEEN 8717626 AND 8718625 ORDER BY c
	Unique  (cost=3919.04..3924.03 rows=997 width=121)
	  ->  Sort  (cost=3919.04..3921.54 rows=997 width=121)
	        Sort Key: c
	        ->  Bitmap Heap Scan on sbtest3  (cost=34.65..3869.39 rows=997 width=121)
	              Recheck Cond: ((id >= 8717626) AND (id <= 8718625))
	              ->  Bitmap Index Scan on sbtest3_pkey  (cost=0.00..34.41 rows=997 width=0)
	                    Index Cond: ((id >= 8717626) AND (id <= 8718625))

table 4 : explain SELECT DISTINCT c FROM sbtest4 WHERE id BETWEEN 2977015 AND 2978014 ORDER BY c
	Unique  (cost=4462.99..4468.68 rows=1138 width=121)
	  ->  Sort  (cost=4462.99..4465.83 rows=1138 width=121)
	        Sort Key: c
	        ->  Bitmap Heap Scan on sbtest4  (cost=40.10..4405.22 rows=1138 width=121)
	              Recheck Cond: ((id >= 2977015) AND (id <= 2978014))
	              ->  Bitmap Index Scan on sbtest4_pkey  (cost=0.00..39.82 rows=1138 width=0)
	                    Index Cond: ((id >= 2977015) AND (id <= 2978014))

table 5 : explain SELECT DISTINCT c FROM sbtest5 WHERE id BETWEEN 8155009 AND 8156008 ORDER BY c
	Unique  (cost=3696.38..3701.08 rows=939 width=121)
	  ->  Sort  (cost=3696.38..3698.73 rows=939 width=121)
	        Sort Key: c
	        ->  Bitmap Heap Scan on sbtest5  (cost=34.06..3650.02 rows=939 width=121)
	              Recheck Cond: ((id >= 8155009) AND (id <= 8156008))
	              ->  Bitmap Index Scan on sbtest5_pkey  (cost=0.00..33.83 rows=939 width=0)
	                    Index Cond: ((id >= 8155009) AND (id <= 8156008))

table 6 : explain SELECT DISTINCT c FROM sbtest6 WHERE id BETWEEN 2337789 AND 2338788 ORDER BY c
	Unique  (cost=3697.25..3701.95 rows=940 width=121)
	  ->  Sort  (cost=3697.25..3699.60 rows=940 width=121)
	        Sort Key: c
	        ->  Bitmap Heap Scan on sbtest6  (cost=34.07..3650.83 rows=940 width=121)
	              Recheck Cond: ((id >= 2337789) AND (id <= 2338788))
	              ->  Bitmap Index Scan on sbtest6_pkey  (cost=0.00..33.84 rows=940 width=0)
	                    Index Cond: ((id >= 2337789) AND (id <= 2338788))

table 7 : explain SELECT DISTINCT c FROM sbtest7 WHERE id BETWEEN 4623682 AND 4624681 ORDER BY c
	Unique  (cost=4277.93..4283.39 rows=1091 width=121)
	  ->  Sort  (cost=4277.93..4280.66 rows=1091 width=121)
	        Sort Key: c
	        ->  Bitmap Heap Scan on sbtest7  (cost=35.62..4222.88 rows=1091 width=121)
	              Recheck Cond: ((id >= 4623682) AND (id <= 4624681))
	              ->  Bitmap Index Scan on sbtest7_pkey  (cost=0.00..35.34 rows=1091 width=0)
	                    Index Cond: ((id >= 4623682) AND (id <= 4624681))

table 8 : explain SELECT DISTINCT c FROM sbtest8 WHERE id BETWEEN 5460414 AND 5461413 ORDER BY c
	Unique  (cost=3960.45..3965.49 rows=1009 width=121)
	  ->  Sort  (cost=3960.45..3962.97 rows=1009 width=121)
	        Sort Key: c
	        ->  Bitmap Heap Scan on sbtest8  (cost=34.78..3910.11 rows=1009 width=121)
	              Recheck Cond: ((id >= 5460414) AND (id <= 5461413))
	              ->  Bitmap Index Scan on sbtest8_pkey  (cost=0.00..34.53 rows=1009 width=0)
	                    Index Cond: ((id >= 5460414) AND (id <= 5461413))

for point_selects
table 1 : explain SELECT c FROM sbtest1 WHERE id=1244959
	Index Scan using sbtest1_pkey on sbtest1  (cost=0.43..8.45 rows=1 width=121)
	  Index Cond: (id = 1244959)

table 2 : explain SELECT c FROM sbtest2 WHERE id=9932683
	Index Scan using sbtest2_pkey on sbtest2  (cost=0.43..8.45 rows=1 width=121)
	  Index Cond: (id = 9932683)

table 3 : explain SELECT c FROM sbtest3 WHERE id=231876
	Index Scan using sbtest3_pkey on sbtest3  (cost=0.43..8.45 rows=1 width=121)
	  Index Cond: (id = 231876)

table 4 : explain SELECT c FROM sbtest4 WHERE id=3931657
	Index Scan using sbtest4_pkey on sbtest4  (cost=0.43..8.45 rows=1 width=121)
	  Index Cond: (id = 3931657)

table 5 : explain SELECT c FROM sbtest5 WHERE id=1121347
	Index Scan using sbtest5_pkey on sbtest5  (cost=0.43..8.45 rows=1 width=121)
	  Index Cond: (id = 1121347)

table 6 : explain SELECT c FROM sbtest6 WHERE id=396746
	Index Scan using sbtest6_pkey on sbtest6  (cost=0.43..8.45 rows=1 width=121)
	  Index Cond: (id = 396746)

table 7 : explain SELECT c FROM sbtest7 WHERE id=9133455
	Index Scan using sbtest7_pkey on sbtest7  (cost=0.43..8.45 rows=1 width=121)
	  Index Cond: (id = 9133455)

table 8 : explain SELECT c FROM sbtest8 WHERE id=936970
	Index Scan using sbtest8_pkey on sbtest8  (cost=0.43..8.45 rows=1 width=121)
	  Index Cond: (id = 936970)

for: distinct_ranges
table 1 : explain SELECT DISTINCT c FROM sbtest1 WHERE id BETWEEN 8983566 AND 8984565 ORDER BY c
	Unique  (cost=4172.94..4178.26 rows=1064 width=121)
	  ->  Sort  (cost=4172.94..4175.60 rows=1064 width=121)
	        Sort Key: c
	        ->  Bitmap Heap Scan on sbtest1  (cost=35.34..4119.44 rows=1064 width=121)
	              Recheck Cond: ((id >= 8983566) AND (id <= 8984565))
	              ->  Bitmap Index Scan on sbtest1_pkey  (cost=0.00..35.08 rows=1064 width=0)
	                    Index Cond: ((id >= 8983566) AND (id <= 8984565))

table 2 : explain SELECT DISTINCT c FROM sbtest2 WHERE id BETWEEN 1434921 AND 1435920 ORDER BY c
	Unique  (cost=3771.47..3776.27 rows=960 width=121)
	  ->  Sort  (cost=3771.47..3773.87 rows=960 width=121)
	        Sort Key: c
	        ->  Bitmap Heap Scan on sbtest2  (cost=34.28..3723.92 rows=960 width=121)
	              Recheck Cond: ((id >= 1434921) AND (id <= 1435920))
	              ->  Bitmap Index Scan on sbtest2_pkey  (cost=0.00..34.04 rows=960 width=0)
	                    Index Cond: ((id >= 1434921) AND (id <= 1435920))

table 3 : explain SELECT DISTINCT c FROM sbtest3 WHERE id BETWEEN 7096673 AND 7097672 ORDER BY c
	Unique  (cost=3565.57..3570.10 rows=906 width=121)
	  ->  Sort  (cost=3565.57..3567.84 rows=906 width=121)
	        Sort Key: c
	        ->  Bitmap Heap Scan on sbtest3  (cost=29.72..3521.07 rows=906 width=121)
	              Recheck Cond: ((id >= 7096673) AND (id <= 7097672))
	              ->  Bitmap Index Scan on sbtest3_pkey  (cost=0.00..29.50 rows=906 width=0)
	                    Index Cond: ((id >= 7096673) AND (id <= 7097672))

table 4 : explain SELECT DISTINCT c FROM sbtest4 WHERE id BETWEEN 1329302 AND 1330301 ORDER BY c
	Unique  (cost=4153.08..4158.37 rows=1058 width=121)
	  ->  Sort  (cost=4153.08..4155.72 rows=1058 width=121)
	        Sort Key: c
	        ->  Bitmap Heap Scan on sbtest4  (cost=35.28..4099.93 rows=1058 width=121)
	              Recheck Cond: ((id >= 1329302) AND (id <= 1330301))
	              ->  Bitmap Index Scan on sbtest4_pkey  (cost=0.00..35.02 rows=1058 width=0)
	                    Index Cond: ((id >= 1329302) AND (id <= 1330301))

table 5 : explain SELECT DISTINCT c FROM sbtest5 WHERE id BETWEEN 8977572 AND 8978571 ORDER BY c
	Unique  (cost=3730.95..3735.69 rows=948 width=121)
	  ->  Sort  (cost=3730.95..3733.32 rows=948 width=121)
	        Sort Key: c
	        ->  Bitmap Heap Scan on sbtest5  (cost=34.15..3684.08 rows=948 width=121)
	              Recheck Cond: ((id >= 8977572) AND (id <= 8978571))
	              ->  Bitmap Index Scan on sbtest5_pkey  (cost=0.00..33.92 rows=948 width=0)
	                    Index Cond: ((id >= 8977572) AND (id <= 8978571))

table 6 : explain SELECT DISTINCT c FROM sbtest6 WHERE id BETWEEN 9006987 AND 9007986 ORDER BY c
	Unique  (cost=3581.93..3586.48 rows=911 width=121)
	  ->  Sort  (cost=3581.93..3584.21 rows=911 width=121)
	        Sort Key: c
	        ->  Bitmap Heap Scan on sbtest6  (cost=29.77..3537.15 rows=911 width=121)
	              Recheck Cond: ((id >= 9006987) AND (id <= 9007986))
	              ->  Bitmap Index Scan on sbtest6_pkey  (cost=0.00..29.54 rows=911 width=0)
	                    Index Cond: ((id >= 9006987) AND (id <= 9007986))

table 7 : explain SELECT DISTINCT c FROM sbtest7 WHERE id BETWEEN 2427347 AND 2428346 ORDER BY c
	Unique  (cost=3994.74..3999.83 rows=1017 width=121)
	  ->  Sort  (cost=3994.74..3997.28 rows=1017 width=121)
	        Sort Key: c
	        ->  Bitmap Heap Scan on sbtest7  (cost=34.86..3943.94 rows=1017 width=121)
	              Recheck Cond: ((id >= 2427347) AND (id <= 2428346))
	              ->  Bitmap Index Scan on sbtest7_pkey  (cost=0.00..34.61 rows=1017 width=0)
	                    Index Cond: ((id >= 2427347) AND (id <= 2428346))

table 8 : explain SELECT DISTINCT c FROM sbtest8 WHERE id BETWEEN 4603115 AND 4604114 ORDER BY c
	Unique  (cost=3703.79..3708.50 rows=942 width=121)
	  ->  Sort  (cost=3703.79..3706.14 rows=942 width=121)
	        Sort Key: c
	        ->  Bitmap Heap Scan on sbtest8  (cost=34.09..3657.26 rows=942 width=121)
	              Recheck Cond: ((id >= 4603115) AND (id <= 4604114))
	              ->  Bitmap Index Scan on sbtest8_pkey  (cost=0.00..33.86 rows=942 width=0)
	                    Index Cond: ((id >= 4603115) AND (id <= 4604114))

for: distinct_ranges
table 1 : explain SELECT DISTINCT c FROM sbtest1 WHERE id BETWEEN 8183147 AND 8184146 ORDER BY c
	Unique  (cost=4065.84..4071.02 rows=1036 width=121)
	  ->  Sort  (cost=4065.84..4068.43 rows=1036 width=121)
	        Sort Key: c
	        ->  Bitmap Heap Scan on sbtest1  (cost=35.05..4013.95 rows=1036 width=121)
	              Recheck Cond: ((id >= 8183147) AND (id <= 8184146))
	              ->  Bitmap Index Scan on sbtest1_pkey  (cost=0.00..34.80 rows=1036 width=0)
	                    Index Cond: ((id >= 8183147) AND (id <= 8184146))

table 2 : explain SELECT DISTINCT c FROM sbtest2 WHERE id BETWEEN 7605414 AND 7606413 ORDER BY c
	Unique  (cost=3641.16..3645.79 rows=926 width=121)
	  ->  Sort  (cost=3641.16..3643.47 rows=926 width=121)
	        Sort Key: c
	        ->  Bitmap Heap Scan on sbtest2  (cost=33.93..3595.53 rows=926 width=121)
	              Recheck Cond: ((id >= 7605414) AND (id <= 7606413))
	              ->  Bitmap Index Scan on sbtest2_pkey  (cost=0.00..33.70 rows=926 width=0)
	                    Index Cond: ((id >= 7605414) AND (id <= 7606413))

table 3 : explain SELECT DISTINCT c FROM sbtest3 WHERE id BETWEEN 1722380 AND 1723379 ORDER BY c
	Unique  (cost=3634.93..3639.55 rows=923 width=121)
	  ->  Sort  (cost=3634.93..3637.24 rows=923 width=121)
	        Sort Key: c
	        ->  Bitmap Heap Scan on sbtest3  (cost=33.90..3589.47 rows=923 width=121)
	              Recheck Cond: ((id >= 1722380) AND (id <= 1723379))
	              ->  Bitmap Index Scan on sbtest3_pkey  (cost=0.00..33.67 rows=923 width=0)
	                    Index Cond: ((id >= 1722380) AND (id <= 1723379))

table 4 : explain SELECT DISTINCT c FROM sbtest4 WHERE id BETWEEN 7159354 AND 7160353 ORDER BY c
	Unique  (cost=4022.85..4027.97 rows=1024 width=121)
	  ->  Sort  (cost=4022.85..4025.41 rows=1024 width=121)
	        Sort Key: c
	        ->  Bitmap Heap Scan on sbtest4  (cost=34.93..3971.65 rows=1024 width=121)
	              Recheck Cond: ((id >= 7159354) AND (id <= 7160353))
	              ->  Bitmap Index Scan on sbtest4_pkey  (cost=0.00..34.68 rows=1024 width=0)
	                    Index Cond: ((id >= 7159354) AND (id <= 7160353))

table 5 : explain SELECT DISTINCT c FROM sbtest5 WHERE id BETWEEN 9679621 AND 9680620 ORDER BY c
	Unique  (cost=4340.33..4345.86 rows=1106 width=121)
	  ->  Sort  (cost=4340.33..4343.09 rows=1106 width=121)
	        Sort Key: c
	        ->  Bitmap Heap Scan on sbtest5  (cost=39.77..4284.41 rows=1106 width=121)
	              Recheck Cond: ((id >= 9679621) AND (id <= 9680620))
	              ->  Bitmap Index Scan on sbtest5_pkey  (cost=0.00..39.50 rows=1106 width=0)
	                    Index Cond: ((id >= 9679621) AND (id <= 9680620))

table 6 : explain SELECT DISTINCT c FROM sbtest6 WHERE id BETWEEN 1977662 AND 1978661 ORDER BY c
	Unique  (cost=3931.07..3936.08 rows=1001 width=121)
	  ->  Sort  (cost=3931.07..3933.58 rows=1001 width=121)
	        Sort Key: c
	        ->  Bitmap Heap Scan on sbtest6  (cost=34.70..3881.19 rows=1001 width=121)
	              Recheck Cond: ((id >= 1977662) AND (id <= 1978661))
	              ->  Bitmap Index Scan on sbtest6_pkey  (cost=0.00..34.45 rows=1001 width=0)
	                    Index Cond: ((id >= 1977662) AND (id <= 1978661))

table 7 : explain SELECT DISTINCT c FROM sbtest7 WHERE id BETWEEN 6687807 AND 6688806 ORDER BY c
	Unique  (cost=3799.20..3804.03 rows=966 width=121)
	  ->  Sort  (cost=3799.20..3801.61 rows=966 width=121)
	        Sort Key: c
	        ->  Bitmap Heap Scan on sbtest7  (cost=34.34..3751.30 rows=966 width=121)
	              Recheck Cond: ((id >= 6687807) AND (id <= 6688806))
	              ->  Bitmap Index Scan on sbtest7_pkey  (cost=0.00..34.09 rows=966 width=0)
	                    Index Cond: ((id >= 6687807) AND (id <= 6688806))

table 8 : explain SELECT DISTINCT c FROM sbtest8 WHERE id BETWEEN 5545530 AND 5546529 ORDER BY c
	Unique  (cost=3960.45..3965.49 rows=1009 width=121)
	  ->  Sort  (cost=3960.45..3962.97 rows=1009 width=121)
	        Sort Key: c
	        ->  Bitmap Heap Scan on sbtest8  (cost=34.78..3910.11 rows=1009 width=121)
	              Recheck Cond: ((id >= 5545530) AND (id <= 5546529))
	              ->  Bitmap Index Scan on sbtest8_pkey  (cost=0.00..34.53 rows=1009 width=0)
	                    Index Cond: ((id >= 5545530) AND (id <= 5546529))

for: distinct_ranges
table 1 : explain SELECT DISTINCT c FROM sbtest1 WHERE id BETWEEN 7531171 AND 7532170 ORDER BY c
	Unique  (cost=3805.36..3810.20 rows=968 width=121)
	  ->  Sort  (cost=3805.36..3807.78 rows=968 width=121)
	        Sort Key: c
	        ->  Bitmap Heap Scan on sbtest1  (cost=34.36..3757.35 rows=968 width=121)
	              Recheck Cond: ((id >= 7531171) AND (id <= 7532170))
	              ->  Bitmap Index Scan on sbtest1_pkey  (cost=0.00..34.12 rows=968 width=0)
	                    Index Cond: ((id >= 7531171) AND (id <= 7532170))

table 2 : explain SELECT DISTINCT c FROM sbtest2 WHERE id BETWEEN 6901638 AND 6902637 ORDER BY c
	Unique  (cost=4104.27..4109.50 rows=1047 width=121)
	  ->  Sort  (cost=4104.27..4106.88 rows=1047 width=121)
	        Sort Key: c
	        ->  Bitmap Heap Scan on sbtest2  (cost=35.17..4051.75 rows=1047 width=121)
	              Recheck Cond: ((id >= 6901638) AND (id <= 6902637))
	              ->  Bitmap Index Scan on sbtest2_pkey  (cost=0.00..34.91 rows=1047 width=0)
	                    Index Cond: ((id >= 6901638) AND (id <= 6902637))

table 3 : explain SELECT DISTINCT c FROM sbtest3 WHERE id BETWEEN 4080064 AND 4081063 ORDER BY c
	Unique  (cost=3869.18..3874.10 rows=984 width=121)
	  ->  Sort  (cost=3869.18..3871.64 rows=984 width=121)
	        Sort Key: c
	        ->  Bitmap Heap Scan on sbtest3  (cost=34.52..3820.26 rows=984 width=121)
	              Recheck Cond: ((id >= 4080064) AND (id <= 4081063))
	              ->  Bitmap Index Scan on sbtest3_pkey  (cost=0.00..34.28 rows=984 width=0)
	                    Index Cond: ((id >= 4080064) AND (id <= 4081063))

table 4 : explain SELECT DISTINCT c FROM sbtest4 WHERE id BETWEEN 8765708 AND 8766707 ORDER BY c
	Unique  (cost=4313.95..4319.44 rows=1099 width=121)
	  ->  Sort  (cost=4313.95..4316.69 rows=1099 width=121)
	        Sort Key: c
	        ->  Bitmap Heap Scan on sbtest4  (cost=39.70..4258.43 rows=1099 width=121)
	              Recheck Cond: ((id >= 8765708) AND (id <= 8766707))
	              ->  Bitmap Index Scan on sbtest4_pkey  (cost=0.00..39.43 rows=1099 width=0)
	                    Index Cond: ((id >= 8765708) AND (id <= 8766707))

table 5 : explain SELECT DISTINCT c FROM sbtest5 WHERE id BETWEEN 7368844 AND 7369843 ORDER BY c
	Unique  (cost=3688.70..3693.38 rows=937 width=121)
	  ->  Sort  (cost=3688.70..3691.04 rows=937 width=121)
	        Sort Key: c
	        ->  Bitmap Heap Scan on sbtest5  (cost=34.04..3642.45 rows=937 width=121)
	              Recheck Cond: ((id >= 7368844) AND (id <= 7369843))
	              ->  Bitmap Index Scan on sbtest5_pkey  (cost=0.00..33.81 rows=937 width=0)
	                    Index Cond: ((id >= 7368844) AND (id <= 7369843))

table 6 : explain SELECT DISTINCT c FROM sbtest6 WHERE id BETWEEN 1996731 AND 1997730 ORDER BY c
	Unique  (cost=3785.47..3790.28 rows=963 width=121)
	  ->  Sort  (cost=3785.47..3787.87 rows=963 width=121)
	        Sort Key: c
	        ->  Bitmap Heap Scan on sbtest6  (cost=34.31..3737.74 rows=963 width=121)
	              Recheck Cond: ((id >= 1996731) AND (id <= 1997730))
	              ->  Bitmap Index Scan on sbtest6_pkey  (cost=0.00..34.07 rows=963 width=0)
	                    Index Cond: ((id >= 1996731) AND (id <= 1997730))

table 7 : explain SELECT DISTINCT c FROM sbtest7 WHERE id BETWEEN 2639642 AND 2640641 ORDER BY c
	Unique  (cost=4098.14..4103.36 rows=1044 width=121)
	  ->  Sort  (cost=4098.14..4100.75 rows=1044 width=121)
	        Sort Key: c
	        ->  Bitmap Heap Scan on sbtest7  (cost=35.14..4045.79 rows=1044 width=121)
	              Recheck Cond: ((id >= 2639642) AND (id <= 2640641))
	              ->  Bitmap Index Scan on sbtest7_pkey  (cost=0.00..34.88 rows=1044 width=0)
	                    Index Cond: ((id >= 2639642) AND (id <= 2640641))

table 8 : explain SELECT DISTINCT c FROM sbtest8 WHERE id BETWEEN 5207962 AND 5208961 ORDER BY c
	Unique  (cost=3872.40..3877.33 rows=986 width=121)
	  ->  Sort  (cost=3872.40..3874.87 rows=986 width=121)
	        Sort Key: c
	        ->  Bitmap Heap Scan on sbtest8  (cost=34.54..3823.37 rows=986 width=121)
	              Recheck Cond: ((id >= 5207962) AND (id <= 5208961))
	              ->  Bitmap Index Scan on sbtest8_pkey  (cost=0.00..34.30 rows=986 width=0)
	                    Index Cond: ((id >= 5207962) AND (id <= 5208961))

for: sum_ranges
table 1 : explain SELECT SUM(k) FROM sbtest1 WHERE id BETWEEN 1612291 AND 1613290
	Aggregate  (cost=3699.27..3699.28 rows=1 width=8)
	  ->  Bitmap Heap Scan on sbtest1  (cost=34.19..3696.89 rows=952 width=4)
	        Recheck Cond: ((id >= 1612291) AND (id <= 1613290))
	        ->  Bitmap Index Scan on sbtest1_pkey  (cost=0.00..33.95 rows=952 width=0)
	              Index Cond: ((id >= 1612291) AND (id <= 1613290))

table 2 : explain SELECT SUM(k) FROM sbtest2 WHERE id BETWEEN 1653649 AND 1654648
	Aggregate  (cost=3997.87..3997.88 rows=1 width=8)
	  ->  Bitmap Heap Scan on sbtest2  (cost=35.01..3995.29 rows=1032 width=4)
	        Recheck Cond: ((id >= 1653649) AND (id <= 1654648))
	        ->  Bitmap Index Scan on sbtest2_pkey  (cost=0.00..34.76 rows=1032 width=0)
	              Index Cond: ((id >= 1653649) AND (id <= 1654648))

table 3 : explain SELECT SUM(k) FROM sbtest3 WHERE id BETWEEN 7593848 AND 7594847
	Aggregate  (cost=3720.56..3720.57 rows=1 width=8)
	  ->  Bitmap Heap Scan on sbtest3  (cost=34.24..3718.17 rows=957 width=4)
	        Recheck Cond: ((id >= 7593848) AND (id <= 7594847))
	        ->  Bitmap Index Scan on sbtest3_pkey  (cost=0.00..34.01 rows=957 width=0)
	              Index Cond: ((id >= 7593848) AND (id <= 7594847))

table 4 : explain SELECT SUM(k) FROM sbtest4 WHERE id BETWEEN 1571187 AND 1572186
	Aggregate  (cost=3595.83..3595.84 rows=1 width=8)
	  ->  Bitmap Heap Scan on sbtest4  (cost=33.91..3593.52 rows=924 width=4)
	        Recheck Cond: ((id >= 1571187) AND (id <= 1572186))
	        ->  Bitmap Index Scan on sbtest4_pkey  (cost=0.00..33.68 rows=924 width=0)
	              Index Cond: ((id >= 1571187) AND (id <= 1572186))

table 5 : explain SELECT SUM(k) FROM sbtest5 WHERE id BETWEEN 4684177 AND 4685176
	Aggregate  (cost=3796.21..3796.22 rows=1 width=8)
	  ->  Bitmap Heap Scan on sbtest5  (cost=34.45..3793.77 rows=977 width=4)
	        Recheck Cond: ((id >= 4684177) AND (id <= 4685176))
	        ->  Bitmap Index Scan on sbtest5_pkey  (cost=0.00..34.20 rows=977 width=0)
	              Index Cond: ((id >= 4684177) AND (id <= 4685176))

table 6 : explain SELECT SUM(k) FROM sbtest6 WHERE id BETWEEN 7900461 AND 7901460
	Aggregate  (cost=3925.21..3925.22 rows=1 width=8)
	  ->  Bitmap Heap Scan on sbtest6  (cost=34.81..3922.68 rows=1012 width=4)
	        Recheck Cond: ((id >= 7900461) AND (id <= 7901460))
	        ->  Bitmap Index Scan on sbtest6_pkey  (cost=0.00..34.56 rows=1012 width=0)
	              Index Cond: ((id >= 7900461) AND (id <= 7901460))

table 7 : explain SELECT SUM(k) FROM sbtest7 WHERE id BETWEEN 2492877 AND 2493876
	Aggregate  (cost=3889.82..3889.83 rows=1 width=8)
	  ->  Bitmap Heap Scan on sbtest7  (cost=34.71..3887.32 rows=1002 width=4)
	        Recheck Cond: ((id >= 2492877) AND (id <= 2493876))
	        ->  Bitmap Index Scan on sbtest7_pkey  (cost=0.00..34.45 rows=1002 width=0)
	              Index Cond: ((id >= 2492877) AND (id <= 2493876))

table 8 : explain SELECT SUM(k) FROM sbtest8 WHERE id BETWEEN 2053345 AND 2054344
	Aggregate  (cost=3927.72..3927.73 rows=1 width=8)
	  ->  Bitmap Heap Scan on sbtest8  (cost=34.82..3925.18 rows=1013 width=4)
	        Recheck Cond: ((id >= 2053345) AND (id <= 2054344))
	        ->  Bitmap Index Scan on sbtest8_pkey  (cost=0.00..34.57 rows=1013 width=0)
	              Index Cond: ((id >= 2053345) AND (id <= 2054344))

for: simple_ranges
table 1 : explain SELECT c FROM sbtest1 WHERE id BETWEEN 758850 AND 759849
	Bitmap Heap Scan on sbtest1  (cost=35.22..4074.24 rows=1052 width=121)
	  Recheck Cond: ((id >= 758850) AND (id <= 759849))
	  ->  Bitmap Index Scan on sbtest1_pkey  (cost=0.00..34.95 rows=1052 width=0)
	        Index Cond: ((id >= 758850) AND (id <= 759849))

table 2 : explain SELECT c FROM sbtest2 WHERE id BETWEEN 601908 AND 602907
	Bitmap Heap Scan on sbtest2  (cost=35.13..4036.70 rows=1043 width=121)
	  Recheck Cond: ((id >= 601908) AND (id <= 602907))
	  ->  Bitmap Index Scan on sbtest2_pkey  (cost=0.00..34.87 rows=1043 width=0)
	        Index Cond: ((id >= 601908) AND (id <= 602907))

table 3 : explain SELECT c FROM sbtest3 WHERE id BETWEEN 8927086 AND 8928085
	Bitmap Heap Scan on sbtest3  (cost=35.47..4171.23 rows=1077 width=121)
	  Recheck Cond: ((id >= 8927086) AND (id <= 8928085))
	  ->  Bitmap Index Scan on sbtest3_pkey  (cost=0.00..35.20 rows=1077 width=0)
	        Index Cond: ((id >= 8927086) AND (id <= 8928085))

table 4 : explain SELECT c FROM sbtest4 WHERE id BETWEEN 8368435 AND 8369434
	Bitmap Heap Scan on sbtest4  (cost=39.85..4314.91 rows=1114 width=121)
	  Recheck Cond: ((id >= 8368435) AND (id <= 8369434))
	  ->  Bitmap Index Scan on sbtest4_pkey  (cost=0.00..39.58 rows=1114 width=0)
	        Index Cond: ((id >= 8368435) AND (id <= 8369434))

table 5 : explain SELECT c FROM sbtest5 WHERE id BETWEEN 2432032 AND 2433031
	Bitmap Heap Scan on sbtest5  (cost=34.29..3733.26 rows=961 width=121)
	  Recheck Cond: ((id >= 2432032) AND (id <= 2433031))
	  ->  Bitmap Index Scan on sbtest5_pkey  (cost=0.00..34.05 rows=961 width=0)
	        Index Cond: ((id >= 2432032) AND (id <= 2433031))

table 6 : explain SELECT c FROM sbtest6 WHERE id BETWEEN 3171202 AND 3172201
	Bitmap Heap Scan on sbtest6  (cost=34.56..3832.14 rows=988 width=121)
	  Recheck Cond: ((id >= 3171202) AND (id <= 3172201))
	  ->  Bitmap Index Scan on sbtest6_pkey  (cost=0.00..34.32 rows=988 width=0)
	        Index Cond: ((id >= 3171202) AND (id <= 3172201))

table 7 : explain SELECT c FROM sbtest7 WHERE id BETWEEN 3466817 AND 3467816
	Bitmap Heap Scan on sbtest7  (cost=34.15..3683.24 rows=948 width=121)
	  Recheck Cond: ((id >= 3466817) AND (id <= 3467816))
	  ->  Bitmap Index Scan on sbtest7_pkey  (cost=0.00..33.92 rows=948 width=0)
	        Index Cond: ((id >= 3466817) AND (id <= 3467816))

table 8 : explain SELECT c FROM sbtest8 WHERE id BETWEEN 494213 AND 495212
	Bitmap Heap Scan on sbtest8  (cost=29.67..3498.24 rows=901 width=121)
	  Recheck Cond: ((id >= 494213) AND (id <= 495212))
	  ->  Bitmap Index Scan on sbtest8_pkey  (cost=0.00..29.44 rows=901 width=0)
	        Index Cond: ((id >= 494213) AND (id <= 495212))

explain: for point_selects :: explain SELECT c FROM sbtest%u WHERE id=%u
explain: for point_selects :: explain SELECT c FROM sbtest%u WHERE id=%u
for: simple_ranges
table 1 : explain SELECT c FROM sbtest1 WHERE id BETWEEN 3388980 AND 3389979
	Bitmap Heap Scan on sbtest1  (cost=34.80..3919.68 rows=1011 width=121)
	  Recheck Cond: ((id >= 3388980) AND (id <= 3389979))
	  ->  Bitmap Index Scan on sbtest1_pkey  (cost=0.00..34.55 rows=1011 width=0)
	        Index Cond: ((id >= 3388980) AND (id <= 3389979))

table 2 : explain SELECT c FROM sbtest2 WHERE id BETWEEN 1268926 AND 1269925
	Bitmap Heap Scan on sbtest2  (cost=34.94..3968.94 rows=1025 width=121)
	  Recheck Cond: ((id >= 1268926) AND (id <= 1269925))
	  ->  Bitmap Index Scan on sbtest2_pkey  (cost=0.00..34.69 rows=1025 width=0)
	        Index Cond: ((id >= 1268926) AND (id <= 1269925))

table 3 : explain SELECT c FROM sbtest3 WHERE id BETWEEN 8565579 AND 8566578
	Bitmap Heap Scan on sbtest3  (cost=39.99..4363.49 rows=1127 width=121)
	  Recheck Cond: ((id >= 8565579) AND (id <= 8566578))
	  ->  Bitmap Index Scan on sbtest3_pkey  (cost=0.00..39.70 rows=1127 width=0)
	        Index Cond: ((id >= 8565579) AND (id <= 8566578))

table 4 : explain SELECT c FROM sbtest4 WHERE id BETWEEN 4688898 AND 4689897
	Bitmap Heap Scan on sbtest4  (cost=34.56..3835.67 rows=988 width=121)
	  Recheck Cond: ((id >= 4688898) AND (id <= 4689897))
	  ->  Bitmap Index Scan on sbtest4_pkey  (cost=0.00..34.32 rows=988 width=0)
	        Index Cond: ((id >= 4688898) AND (id <= 4689897))

table 5 : explain SELECT c FROM sbtest5 WHERE id BETWEEN 6639843 AND 6640842
	Bitmap Heap Scan on sbtest5  (cost=29.52..3445.22 rows=886 width=121)
	  Recheck Cond: ((id >= 6639843) AND (id <= 6640842))
	  ->  Bitmap Index Scan on sbtest5_pkey  (cost=0.00..29.29 rows=886 width=0)
	        Index Cond: ((id >= 6639843) AND (id <= 6640842))

table 6 : explain SELECT c FROM sbtest6 WHERE id BETWEEN 5321063 AND 5322062
	Bitmap Heap Scan on sbtest6  (cost=34.55..3828.36 rows=987 width=121)
	  Recheck Cond: ((id >= 5321063) AND (id <= 5322062))
	  ->  Bitmap Index Scan on sbtest6_pkey  (cost=0.00..34.31 rows=987 width=0)
	        Index Cond: ((id >= 5321063) AND (id <= 5322062))

table 7 : explain SELECT c FROM sbtest7 WHERE id BETWEEN 6304839 AND 6305838
	Bitmap Heap Scan on sbtest7  (cost=35.11..4034.48 rows=1041 width=121)
	  Recheck Cond: ((id >= 6304839) AND (id <= 6305838))
	  ->  Bitmap Index Scan on sbtest7_pkey  (cost=0.00..34.84 rows=1041 width=0)
	        Index Cond: ((id >= 6304839) AND (id <= 6305838))

table 8 : explain SELECT c FROM sbtest8 WHERE id BETWEEN 7772264 AND 7773263
	Bitmap Heap Scan on sbtest8  (cost=34.66..3868.63 rows=998 width=121)
	  Recheck Cond: ((id >= 7772264) AND (id <= 7773263))
	  ->  Bitmap Index Scan on sbtest8_pkey  (cost=0.00..34.42 rows=998 width=0)
	        Index Cond: ((id >= 7772264) AND (id <= 7773263))

for point_selects
table 1 : explain SELECT c FROM sbtest1 WHERE id=9201338
	Index Scan using sbtest1_pkey on sbtest1  (cost=0.43..8.45 rows=1 width=121)
	  Index Cond: (id = 9201338)

table 2 : explain SELECT c FROM sbtest2 WHERE id=4694527
	Index Scan using sbtest2_pkey on sbtest2  (cost=0.43..8.45 rows=1 width=121)
	  Index Cond: (id = 4694527)

table 3 : explain SELECT c FROM sbtest3 WHERE id=2681159
	Index Scan using sbtest3_pkey on sbtest3  (cost=0.43..8.45 rows=1 width=121)
	  Index Cond: (id = 2681159)

table 4 : explain SELECT c FROM sbtest4 WHERE id=3365462
	Index Scan using sbtest4_pkey on sbtest4  (cost=0.43..8.45 rows=1 width=121)
	  Index Cond: (id = 3365462)

table 5 : explain SELECT c FROM sbtest5 WHERE id=5215704
	Index Scan using sbtest5_pkey on sbtest5  (cost=0.43..8.45 rows=1 width=121)
	  Index Cond: (id = 5215704)

table 6 : explain SELECT c FROM sbtest6 WHERE id=3346383
	Index Scan using sbtest6_pkey on sbtest6  (cost=0.43..8.45 rows=1 width=121)
	  Index Cond: (id = 3346383)

table 7 : explain SELECT c FROM sbtest7 WHERE id=6406237
	Index Scan using sbtest7_pkey on sbtest7  (cost=0.43..8.45 rows=1 width=121)
	  Index Cond: (id = 6406237)

table 8 : explain SELECT c FROM sbtest8 WHERE id=1372566
	Index Scan using sbtest8_pkey on sbtest8  (cost=0.43..8.45 rows=1 width=121)
	  Index Cond: (id = 1372566)

for point_selects
table 1 : explain SELECT c FROM sbtest1 WHERE id=4909991
	Index Scan using sbtest1_pkey on sbtest1  (cost=0.43..8.45 rows=1 width=121)
	  Index Cond: (id = 4909991)

table 2 : explain SELECT c FROM sbtest2 WHERE id=5763490
	Index Scan using sbtest2_pkey on sbtest2  (cost=0.43..8.45 rows=1 width=121)
	  Index Cond: (id = 5763490)

table 3 : explain SELECT c FROM sbtest3 WHERE id=9563880
	Index Scan using sbtest3_pkey on sbtest3  (cost=0.43..8.45 rows=1 width=121)
	  Index Cond: (id = 9563880)

table 4 : explain SELECT c FROM sbtest4 WHERE id=2172848
	Index Scan using sbtest4_pkey on sbtest4  (cost=0.43..8.45 rows=1 width=121)
	  Index Cond: (id = 2172848)

table 5 : explain SELECT c FROM sbtest5 WHERE id=7461286
	Index Scan using sbtest5_pkey on sbtest5  (cost=0.43..8.45 rows=1 width=121)
	  Index Cond: (id = 7461286)

table 6 : explain SELECT c FROM sbtest6 WHERE id=3740371
	Index Scan using sbtest6_pkey on sbtest6  (cost=0.43..8.45 rows=1 width=121)
	  Index Cond: (id = 3740371)

table 7 : explain SELECT c FROM sbtest7 WHERE id=8109430
	Index Scan using sbtest7_pkey on sbtest7  (cost=0.43..8.45 rows=1 width=121)
	  Index Cond: (id = 8109430)

table 8 : explain SELECT c FROM sbtest8 WHERE id=8929454
	Index Scan using sbtest8_pkey on sbtest8  (cost=0.43..8.45 rows=1 width=121)
	  Index Cond: (id = 8929454)

for: sum_ranges
table 1 : explain SELECT SUM(k) FROM sbtest1 WHERE id BETWEEN 3968579 AND 3969578
	Aggregate  (cost=3574.38..3574.39 rows=1 width=8)
	  ->  Bitmap Heap Scan on sbtest1  (cost=33.85..3572.09 rows=919 width=4)
	        Recheck Cond: ((id >= 3968579) AND (id <= 3969578))
	        ->  Bitmap Index Scan on sbtest1_pkey  (cost=0.00..33.62 rows=919 width=0)
	              Index Cond: ((id >= 3968579) AND (id <= 3969578))

table 2 : explain SELECT SUM(k) FROM sbtest2 WHERE id BETWEEN 5429444 AND 5430443
	Aggregate  (cost=3658.32..3658.33 rows=1 width=8)
	  ->  Bitmap Heap Scan on sbtest2  (cost=34.09..3655.97 rows=942 width=4)
	        Recheck Cond: ((id >= 5429444) AND (id <= 5430443))
	        ->  Bitmap Index Scan on sbtest2_pkey  (cost=0.00..33.86 rows=942 width=0)
	              Index Cond: ((id >= 5429444) AND (id <= 5430443))

table 3 : explain SELECT SUM(k) FROM sbtest3 WHERE id BETWEEN 7223196 AND 7224195
	Aggregate  (cost=3671.34..3671.35 rows=1 width=8)
	  ->  Bitmap Heap Scan on sbtest3  (cost=34.11..3668.98 rows=944 width=4)
	        Recheck Cond: ((id >= 7223196) AND (id <= 7224195))
	        ->  Bitmap Index Scan on sbtest3_pkey  (cost=0.00..33.88 rows=944 width=0)
	              Index Cond: ((id >= 7223196) AND (id <= 7224195))

table 4 : explain SELECT SUM(k) FROM sbtest4 WHERE id BETWEEN 2615080 AND 2616079
	Aggregate  (cost=3686.76..3686.77 rows=1 width=8)
	  ->  Bitmap Heap Scan on sbtest4  (cost=34.15..3684.39 rows=948 width=4)
	        Recheck Cond: ((id >= 2615080) AND (id <= 2616079))
	        ->  Bitmap Index Scan on sbtest4_pkey  (cost=0.00..33.92 rows=948 width=0)
	              Index Cond: ((id >= 2615080) AND (id <= 2616079))

table 5 : explain SELECT SUM(k) FROM sbtest5 WHERE id BETWEEN 2025452 AND 2026451
	Aggregate  (cost=3826.47..3826.48 rows=1 width=8)
	  ->  Bitmap Heap Scan on sbtest5  (cost=34.53..3824.00 rows=985 width=4)
	        Recheck Cond: ((id >= 2025452) AND (id <= 2026451))
	        ->  Bitmap Index Scan on sbtest5_pkey  (cost=0.00..34.29 rows=985 width=0)
	              Index Cond: ((id >= 2025452) AND (id <= 2026451))

table 6 : explain SELECT SUM(k) FROM sbtest6 WHERE id BETWEEN 2750799 AND 2751798
	Aggregate  (cost=4207.88..4207.89 rows=1 width=8)
	  ->  Bitmap Heap Scan on sbtest6  (cost=35.58..4205.16 rows=1087 width=4)
	        Recheck Cond: ((id >= 2750799) AND (id <= 2751798))
	        ->  Bitmap Index Scan on sbtest6_pkey  (cost=0.00..35.31 rows=1087 width=0)
	              Index Cond: ((id >= 2750799) AND (id <= 2751798))

table 7 : explain SELECT SUM(k) FROM sbtest7 WHERE id BETWEEN 4092057 AND 4093056
	Aggregate  (cost=3746.15..3746.16 rows=1 width=8)
	  ->  Bitmap Heap Scan on sbtest7  (cost=34.32..3743.74 rows=964 width=4)
	        Recheck Cond: ((id >= 4092057) AND (id <= 4093056))
	        ->  Bitmap Index Scan on sbtest7_pkey  (cost=0.00..34.08 rows=964 width=0)
	              Index Cond: ((id >= 4092057) AND (id <= 4093056))

table 8 : explain SELECT SUM(k) FROM sbtest8 WHERE id BETWEEN 8968787 AND 8969786
	Aggregate  (cost=3788.08..3788.09 rows=1 width=8)
	  ->  Bitmap Heap Scan on sbtest8  (cost=34.44..3785.64 rows=976 width=4)
	        Recheck Cond: ((id >= 8968787) AND (id <= 8969786))
	        ->  Bitmap Index Scan on sbtest8_pkey  (cost=0.00..34.20 rows=976 width=0)
	              Index Cond: ((id >= 8968787) AND (id <= 8969786))

for point_selects
table 1 : explain SELECT c FROM sbtest1 WHERE id=3311767
	Index Scan using sbtest1_pkey on sbtest1  (cost=0.43..8.45 rows=1 width=121)
	  Index Cond: (id = 3311767)

table 2 : explain SELECT c FROM sbtest2 WHERE id=8394970
	Index Scan using sbtest2_pkey on sbtest2  (cost=0.43..8.45 rows=1 width=121)
	  Index Cond: (id = 8394970)

table 3 : explain SELECT c FROM sbtest3 WHERE id=3319803
	Index Scan using sbtest3_pkey on sbtest3  (cost=0.43..8.45 rows=1 width=121)
	  Index Cond: (id = 3319803)

table 4 : explain SELECT c FROM sbtest4 WHERE id=7380258
	Index Scan using sbtest4_pkey on sbtest4  (cost=0.43..8.45 rows=1 width=121)
	  Index Cond: (id = 7380258)

table 5 : explain SELECT c FROM sbtest5 WHERE id=5060078
	Index Scan using sbtest5_pkey on sbtest5  (cost=0.43..8.45 rows=1 width=121)
	  Index Cond: (id = 5060078)

table 6 : explain SELECT c FROM sbtest6 WHERE id=482838
	Index Scan using sbtest6_pkey on sbtest6  (cost=0.43..8.45 rows=1 width=121)
	  Index Cond: (id = 482838)

table 7 : explain SELECT c FROM sbtest7 WHERE id=7721934
	Index Scan using sbtest7_pkey on sbtest7  (cost=0.43..8.45 rows=1 width=121)
	  Index Cond: (id = 7721934)

table 8 : explain SELECT c FROM sbtest8 WHERE id=7433695
	Index Scan using sbtest8_pkey on sbtest8  (cost=0.43..8.45 rows=1 width=121)
	  Index Cond: (id = 7433695)

explain: for point_selects :: explain SELECT c FROM sbtest%u WHERE id=%u
explain: for point_selects :: explain SELECT c FROM sbtest%u WHERE id=%u
for: simple_ranges
table 1 : explain SELECT c FROM sbtest1 WHERE id BETWEEN 4325217 AND 4326216
	Bitmap Heap Scan on sbtest1  (cost=34.25..3719.57 rows=958 width=121)
	  Recheck Cond: ((id >= 4325217) AND (id <= 4326216))
	  ->  Bitmap Index Scan on sbtest1_pkey  (cost=0.00..34.02 rows=958 width=0)
	        Index Cond: ((id >= 4325217) AND (id <= 4326216))

table 2 : explain SELECT c FROM sbtest2 WHERE id BETWEEN 360683 AND 361682
	Bitmap Heap Scan on sbtest2  (cost=40.13..4405.16 rows=1141 width=121)
	  Recheck Cond: ((id >= 360683) AND (id <= 361682))
	  ->  Bitmap Index Scan on sbtest2_pkey  (cost=0.00..39.84 rows=1141 width=0)
	        Index Cond: ((id >= 360683) AND (id <= 361682))

table 3 : explain SELECT c FROM sbtest3 WHERE id BETWEEN 9204422 AND 9205421
	Bitmap Heap Scan on sbtest3  (cost=34.81..3926.04 rows=1012 width=121)
	  Recheck Cond: ((id >= 9204422) AND (id <= 9205421))
	  ->  Bitmap Index Scan on sbtest3_pkey  (cost=0.00..34.56 rows=1012 width=0)
	        Index Cond: ((id >= 9204422) AND (id <= 9205421))

table 4 : explain SELECT c FROM sbtest4 WHERE id BETWEEN 6531099 AND 6532098
	Bitmap Heap Scan on sbtest4  (cost=34.39..3771.40 rows=971 width=121)
	  Recheck Cond: ((id >= 6531099) AND (id <= 6532098))
	  ->  Bitmap Index Scan on sbtest4_pkey  (cost=0.00..34.15 rows=971 width=0)
	        Index Cond: ((id >= 6531099) AND (id <= 6532098))

table 5 : explain SELECT c FROM sbtest5 WHERE id BETWEEN 2846838 AND 2847837
	Bitmap Heap Scan on sbtest5  (cost=34.75..3903.34 rows=1006 width=121)
	  Recheck Cond: ((id >= 2846838) AND (id <= 2847837))
	  ->  Bitmap Index Scan on sbtest5_pkey  (cost=0.00..34.50 rows=1006 width=0)
	        Index Cond: ((id >= 2846838) AND (id <= 2847837))

table 6 : explain SELECT c FROM sbtest6 WHERE id BETWEEN 3564580 AND 3565579
	Bitmap Heap Scan on sbtest6  (cost=34.00..3624.36 rows=933 width=121)
	  Recheck Cond: ((id >= 3564580) AND (id <= 3565579))
	  ->  Bitmap Index Scan on sbtest6_pkey  (cost=0.00..33.77 rows=933 width=0)
	        Index Cond: ((id >= 3564580) AND (id <= 3565579))

table 7 : explain SELECT c FROM sbtest7 WHERE id BETWEEN 1106534 AND 1107533
	Bitmap Heap Scan on sbtest7  (cost=34.58..3842.00 rows=990 width=121)
	  Recheck Cond: ((id >= 1106534) AND (id <= 1107533))
	  ->  Bitmap Index Scan on sbtest7_pkey  (cost=0.00..34.34 rows=990 width=0)
	        Index Cond: ((id >= 1106534) AND (id <= 1107533))

table 8 : explain SELECT c FROM sbtest8 WHERE id BETWEEN 2598362 AND 2599361
	Bitmap Heap Scan on sbtest8  (cost=35.00..3993.01 rows=1031 width=121)
	  Recheck Cond: ((id >= 2598362) AND (id <= 2599361))
	  ->  Bitmap Index Scan on sbtest8_pkey  (cost=0.00..34.75 rows=1031 width=0)
	        Index Cond: ((id >= 2598362) AND (id <= 2599361))

for point_selects
table 1 : explain SELECT c FROM sbtest1 WHERE id=1001228
	Index Scan using sbtest1_pkey on sbtest1  (cost=0.43..8.45 rows=1 width=121)
	  Index Cond: (id = 1001228)

table 2 : explain SELECT c FROM sbtest2 WHERE id=6804961
	Index Scan using sbtest2_pkey on sbtest2  (cost=0.43..8.45 rows=1 width=121)
	  Index Cond: (id = 6804961)

table 3 : explain SELECT c FROM sbtest3 WHERE id=7155550
	Index Scan using sbtest3_pkey on sbtest3  (cost=0.43..8.45 rows=1 width=121)
	  Index Cond: (id = 7155550)

table 4 : explain SELECT c FROM sbtest4 WHERE id=1274882
	Index Scan using sbtest4_pkey on sbtest4  (cost=0.43..8.45 rows=1 width=121)
	  Index Cond: (id = 1274882)

table 5 : explain SELECT c FROM sbtest5 WHERE id=6210237
	Index Scan using sbtest5_pkey on sbtest5  (cost=0.43..8.45 rows=1 width=121)
	  Index Cond: (id = 6210237)

table 6 : explain SELECT c FROM sbtest6 WHERE id=2698503
	Index Scan using sbtest6_pkey on sbtest6  (cost=0.43..8.45 rows=1 width=121)
	  Index Cond: (id = 2698503)

table 7 : explain SELECT c FROM sbtest7 WHERE id=7445362
	Index Scan using sbtest7_pkey on sbtest7  (cost=0.43..8.45 rows=1 width=121)
	  Index Cond: (id = 7445362)

table 8 : explain SELECT c FROM sbtest8 WHERE id=7211642
	Index Scan using sbtest8_pkey on sbtest8  (cost=0.43..8.45 rows=1 width=121)
	  Index Cond: (id = 7211642)

for: simple_ranges
table 1 : explain SELECT c FROM sbtest1 WHERE id BETWEEN 9580564 AND 9581563
	Bitmap Heap Scan on sbtest1  (cost=35.25..4085.54 rows=1055 width=121)
	  Recheck Cond: ((id >= 9580564) AND (id <= 9581563))
	  ->  Bitmap Index Scan on sbtest1_pkey  (cost=0.00..34.98 rows=1055 width=0)
	        Index Cond: ((id >= 9580564) AND (id <= 9581563))

table 2 : explain SELECT c FROM sbtest2 WHERE id BETWEEN 3606124 AND 3607123
	Bitmap Heap Scan on sbtest2  (cost=34.33..3742.78 rows=965 width=121)
	  Recheck Cond: ((id >= 3606124) AND (id <= 3607123))
	  ->  Bitmap Index Scan on sbtest2_pkey  (cost=0.00..34.09 rows=965 width=0)
	        Index Cond: ((id >= 3606124) AND (id <= 3607123))

table 3 : explain SELECT c FROM sbtest3 WHERE id BETWEEN 9310039 AND 9311038
	Bitmap Heap Scan on sbtest3  (cost=34.47..3801.36 rows=979 width=121)
	  Recheck Cond: ((id >= 9310039) AND (id <= 9311038))
	  ->  Bitmap Index Scan on sbtest3_pkey  (cost=0.00..34.23 rows=979 width=0)
	        Index Cond: ((id >= 9310039) AND (id <= 9311038))

table 4 : explain SELECT c FROM sbtest4 WHERE id BETWEEN 3393938 AND 3394937
	Bitmap Heap Scan on sbtest4  (cost=35.27..4096.16 rows=1057 width=121)
	  Recheck Cond: ((id >= 3393938) AND (id <= 3394937))
	  ->  Bitmap Index Scan on sbtest4_pkey  (cost=0.00..35.01 rows=1057 width=0)
	        Index Cond: ((id >= 3393938) AND (id <= 3394937))

table 5 : explain SELECT c FROM sbtest5 WHERE id BETWEEN 9913436 AND 9914435
	Bitmap Heap Scan on sbtest5  (cost=34.64..3865.57 rows=996 width=121)
	  Recheck Cond: ((id >= 9913436) AND (id <= 9914435))
	  ->  Bitmap Index Scan on sbtest5_pkey  (cost=0.00..34.40 rows=996 width=0)
	        Index Cond: ((id >= 9913436) AND (id <= 9914435))

table 6 : explain SELECT c FROM sbtest6 WHERE id BETWEEN 9331234 AND 9332233
	Bitmap Heap Scan on sbtest6  (cost=34.74..3896.28 rows=1005 width=121)
	  Recheck Cond: ((id >= 9331234) AND (id <= 9332233))
	  ->  Bitmap Index Scan on sbtest6_pkey  (cost=0.00..34.48 rows=1005 width=0)
	        Index Cond: ((id >= 9331234) AND (id <= 9332233))

table 7 : explain SELECT c FROM sbtest7 WHERE id BETWEEN 7906781 AND 7907780
	Bitmap Heap Scan on sbtest7  (cost=34.18..3694.58 rows=951 width=121)
	  Recheck Cond: ((id >= 7906781) AND (id <= 7907780))
	  ->  Bitmap Index Scan on sbtest7_pkey  (cost=0.00..33.95 rows=951 width=0)
	        Index Cond: ((id >= 7906781) AND (id <= 7907780))

table 8 : explain SELECT c FROM sbtest8 WHERE id BETWEEN 6993947 AND 6994946
	Bitmap Heap Scan on sbtest8  (cost=39.89..4324.25 rows=1118 width=121)
	  Recheck Cond: ((id >= 6993947) AND (id <= 6994946))
	  ->  Bitmap Index Scan on sbtest8_pkey  (cost=0.00..39.62 rows=1118 width=0)
	        Index Cond: ((id >= 6993947) AND (id <= 6994946))

explain: for point_selects :: explain SELECT c FROM sbtest%u WHERE id=%u
for: sum_ranges
table 1 : explain SELECT SUM(k) FROM sbtest1 WHERE id BETWEEN 4511297 AND 4512296
	Aggregate  (cost=4012.77..4012.78 rows=1 width=8)
	  ->  Bitmap Heap Scan on sbtest1  (cost=35.04..4010.18 rows=1035 width=4)
	        Recheck Cond: ((id >= 4511297) AND (id <= 4512296))
	        ->  Bitmap Index Scan on sbtest1_pkey  (cost=0.00..34.79 rows=1035 width=0)
	              Index Cond: ((id >= 4511297) AND (id <= 4512296))

table 2 : explain SELECT SUM(k) FROM sbtest2 WHERE id BETWEEN 9327214 AND 9328213
	Aggregate  (cost=4012.94..4012.95 rows=1 width=8)
	  ->  Bitmap Heap Scan on sbtest2  (cost=35.05..4010.35 rows=1036 width=4)
	        Recheck Cond: ((id >= 9327214) AND (id <= 9328213))
	        ->  Bitmap Index Scan on sbtest2_pkey  (cost=0.00..34.80 rows=1036 width=0)
	              Index Cond: ((id >= 9327214) AND (id <= 9328213))

table 3 : explain SELECT SUM(k) FROM sbtest3 WHERE id BETWEEN 5740097 AND 5741096
	Aggregate  (cost=4249.54..4249.55 rows=1 width=8)
	  ->  Bitmap Heap Scan on sbtest3  (cost=39.67..4246.80 rows=1096 width=4)
	        Recheck Cond: ((id >= 5740097) AND (id <= 5741096))
	        ->  Bitmap Index Scan on sbtest3_pkey  (cost=0.00..39.40 rows=1096 width=0)
	              Index Cond: ((id >= 5740097) AND (id <= 5741096))

table 4 : explain SELECT SUM(k) FROM sbtest4 WHERE id BETWEEN 8762160 AND 8763159
	Aggregate  (cost=4261.18..4261.19 rows=1 width=8)
	  ->  Bitmap Heap Scan on sbtest4  (cost=39.70..4258.43 rows=1099 width=4)
	        Recheck Cond: ((id >= 8762160) AND (id <= 8763159))
	        ->  Bitmap Index Scan on sbtest4_pkey  (cost=0.00..39.43 rows=1099 width=0)
	              Index Cond: ((id >= 8762160) AND (id <= 8763159))

table 5 : explain SELECT SUM(k) FROM sbtest5 WHERE id BETWEEN 4726605 AND 4727604
	Aggregate  (cost=3796.21..3796.22 rows=1 width=8)
	  ->  Bitmap Heap Scan on sbtest5  (cost=34.45..3793.77 rows=977 width=4)
	        Recheck Cond: ((id >= 4726605) AND (id <= 4727604))
	        ->  Bitmap Index Scan on sbtest5_pkey  (cost=0.00..34.20 rows=977 width=0)
	              Index Cond: ((id >= 4726605) AND (id <= 4727604))

table 6 : explain SELECT SUM(k) FROM sbtest6 WHERE id BETWEEN 5186516 AND 5187515
	Aggregate  (cost=3535.64..3535.65 rows=1 width=8)
	  ->  Bitmap Heap Scan on sbtest6  (cost=29.76..3533.36 rows=910 width=4)
	        Recheck Cond: ((id >= 5186516) AND (id <= 5187515))
	        ->  Bitmap Index Scan on sbtest6_pkey  (cost=0.00..29.54 rows=910 width=0)
	              Index Cond: ((id >= 5186516) AND (id <= 5187515))

table 7 : explain SELECT SUM(k) FROM sbtest7 WHERE id BETWEEN 6193461 AND 6194460
	Aggregate  (cost=3632.60..3632.61 rows=1 width=8)
	  ->  Bitmap Heap Scan on sbtest7  (cost=34.01..3630.27 rows=934 width=4)
	        Recheck Cond: ((id >= 6193461) AND (id <= 6194460))
	        ->  Bitmap Index Scan on sbtest7_pkey  (cost=0.00..33.78 rows=934 width=0)
	              Index Cond: ((id >= 6193461) AND (id <= 6194460))

table 8 : explain SELECT SUM(k) FROM sbtest8 WHERE id BETWEEN 2207417 AND 2208416
	Aggregate  (cost=4153.79..4153.80 rows=1 width=8)
	  ->  Bitmap Heap Scan on sbtest8  (cost=35.43..4151.10 rows=1073 width=4)
	        Recheck Cond: ((id >= 2207417) AND (id <= 2208416))
	        ->  Bitmap Index Scan on sbtest8_pkey  (cost=0.00..35.17 rows=1073 width=0)
	              Index Cond: ((id >= 2207417) AND (id <= 2208416))

for point_selects
table 1 : explain SELECT c FROM sbtest1 WHERE id=1158892
	Index Scan using sbtest1_pkey on sbtest1  (cost=0.43..8.45 rows=1 width=121)
	  Index Cond: (id = 1158892)

table 2 : explain SELECT c FROM sbtest2 WHERE id=6306157
	Index Scan using sbtest2_pkey on sbtest2  (cost=0.43..8.45 rows=1 width=121)
	  Index Cond: (id = 6306157)

table 3 : explain SELECT c FROM sbtest3 WHERE id=8226056
	Index Scan using sbtest3_pkey on sbtest3  (cost=0.43..8.45 rows=1 width=121)
	  Index Cond: (id = 8226056)

table 4 : explain SELECT c FROM sbtest4 WHERE id=7906028
	Index Scan using sbtest4_pkey on sbtest4  (cost=0.43..8.45 rows=1 width=121)
	  Index Cond: (id = 7906028)

table 5 : explain SELECT c FROM sbtest5 WHERE id=3230891
	Index Scan using sbtest5_pkey on sbtest5  (cost=0.43..8.45 rows=1 width=121)
	  Index Cond: (id = 3230891)

table 6 : explain SELECT c FROM sbtest6 WHERE id=2421636
	Index Scan using sbtest6_pkey on sbtest6  (cost=0.43..8.45 rows=1 width=121)
	  Index Cond: (id = 2421636)

table 7 : explain SELECT c FROM sbtest7 WHERE id=2749521
	Index Scan using sbtest7_pkey on sbtest7  (cost=0.43..8.45 rows=1 width=121)
	  Index Cond: (id = 2749521)

table 8 : explain SELECT c FROM sbtest8 WHERE id=3120641
	Index Scan using sbtest8_pkey on sbtest8  (cost=0.43..8.45 rows=1 width=121)
	  Index Cond: (id = 3120641)

for: order_ranges
table 1 : explain SELECT c FROM sbtest1 WHERE id BETWEEN 4035618 AND 4036617 ORDER BY c
	Sort  (cost=4230.27..4232.97 rows=1079 width=121)
	  Sort Key: c
	  ->  Bitmap Heap Scan on sbtest1  (cost=35.49..4175.91 rows=1079 width=121)
	        Recheck Cond: ((id >= 4035618) AND (id <= 4036617))
	        ->  Bitmap Index Scan on sbtest1_pkey  (cost=0.00..35.23 rows=1079 width=0)
	              Index Cond: ((id >= 4035618) AND (id <= 4036617))

table 2 : explain SELECT c FROM sbtest2 WHERE id BETWEEN 9512217 AND 9513216 ORDER BY c
	Sort  (cost=4260.79..4263.51 rows=1088 width=121)
	  Sort Key: c
	  ->  Bitmap Heap Scan on sbtest2  (cost=35.59..4205.91 rows=1088 width=121)
	        Recheck Cond: ((id >= 9512217) AND (id <= 9513216))
	        ->  Bitmap Index Scan on sbtest2_pkey  (cost=0.00..35.32 rows=1088 width=0)
	              Index Cond: ((id >= 9512217) AND (id <= 9513216))

table 3 : explain SELECT c FROM sbtest3 WHERE id BETWEEN 6306362 AND 6307361 ORDER BY c
	Sort  (cost=3684.89..3687.23 rows=936 width=121)
	  Sort Key: c
	  ->  Bitmap Heap Scan on sbtest3  (cost=34.03..3638.70 rows=936 width=121)
	        Recheck Cond: ((id >= 6306362) AND (id <= 6307361))
	        ->  Bitmap Index Scan on sbtest3_pkey  (cost=0.00..33.80 rows=936 width=0)
	              Index Cond: ((id >= 6306362) AND (id <= 6307361))

table 4 : explain SELECT c FROM sbtest4 WHERE id BETWEEN 7775537 AND 7776536 ORDER BY c
	Sort  (cost=4202.84..4205.51 rows=1071 width=121)
	  Sort Key: c
	  ->  Bitmap Heap Scan on sbtest4  (cost=35.41..4148.94 rows=1071 width=121)
	        Recheck Cond: ((id >= 7775537) AND (id <= 7776536))
	        ->  Bitmap Index Scan on sbtest4_pkey  (cost=0.00..35.15 rows=1071 width=0)
	              Index Cond: ((id >= 7775537) AND (id <= 7776536))

table 5 : explain SELECT c FROM sbtest5 WHERE id BETWEEN 5028592 AND 5029591 ORDER BY c
	Sort  (cost=3692.54..3694.89 rows=938 width=121)
	  Sort Key: c
	  ->  Bitmap Heap Scan on sbtest5  (cost=34.05..3646.24 rows=938 width=121)
	        Recheck Cond: ((id >= 5028592) AND (id <= 5029591))
	        ->  Bitmap Index Scan on sbtest5_pkey  (cost=0.00..33.82 rows=938 width=0)
	              Index Cond: ((id >= 5028592) AND (id <= 5029591))

table 6 : explain SELECT c FROM sbtest6 WHERE id BETWEEN 2402896 AND 2403895 ORDER BY c
	Sort  (cost=3915.76..3918.25 rows=997 width=121)
	  Sort Key: c
	  ->  Bitmap Heap Scan on sbtest6  (cost=34.65..3866.10 rows=997 width=121)
	        Recheck Cond: ((id >= 2402896) AND (id <= 2403895))
	        ->  Bitmap Index Scan on sbtest6_pkey  (cost=0.00..34.41 rows=997 width=0)
	              Index Cond: ((id >= 2402896) AND (id <= 2403895))

table 7 : explain SELECT c FROM sbtest7 WHERE id BETWEEN 9181237 AND 9182236 ORDER BY c
	Sort  (cost=4155.55..4158.19 rows=1059 width=121)
	  Sort Key: c
	  ->  Bitmap Heap Scan on sbtest7  (cost=35.29..4102.34 rows=1059 width=121)
	        Recheck Cond: ((id >= 9181237) AND (id <= 9182236))
	        ->  Bitmap Index Scan on sbtest7_pkey  (cost=0.00..35.03 rows=1059 width=0)
	              Index Cond: ((id >= 9181237) AND (id <= 9182236))

table 8 : explain SELECT c FROM sbtest8 WHERE id BETWEEN 972909 AND 973908 ORDER BY c
	Sort  (cost=3849.43..3851.88 rows=980 width=121)
	  Sort Key: c
	  ->  Bitmap Heap Scan on sbtest8  (cost=34.48..3800.74 rows=980 width=121)
	        Recheck Cond: ((id >= 972909) AND (id <= 973908))
	        ->  Bitmap Index Scan on sbtest8_pkey  (cost=0.00..34.23 rows=980 width=0)
	              Index Cond: ((id >= 972909) AND (id <= 973908))

for: order_ranges
table 1 : explain SELECT c FROM sbtest1 WHERE id BETWEEN 9970098 AND 9971097 ORDER BY c
	Sort  (cost=3935.67..3938.17 rows=1002 width=121)
	  Sort Key: c
	  ->  Bitmap Heap Scan on sbtest1  (cost=34.71..3885.72 rows=1002 width=121)
	        Recheck Cond: ((id >= 9970098) AND (id <= 9971097))
	        ->  Bitmap Index Scan on sbtest1_pkey  (cost=0.00..34.45 rows=1002 width=0)
	              Index Cond: ((id >= 9970098) AND (id <= 9971097))

table 2 : explain SELECT c FROM sbtest2 WHERE id BETWEEN 7501290 AND 7502289 ORDER BY c
	Sort  (cost=3629.65..3631.96 rows=923 width=121)
	  Sort Key: c
	  ->  Bitmap Heap Scan on sbtest2  (cost=33.90..3584.20 rows=923 width=121)
	        Recheck Cond: ((id >= 7501290) AND (id <= 7502289))
	        ->  Bitmap Index Scan on sbtest2_pkey  (cost=0.00..33.67 rows=923 width=0)
	              Index Cond: ((id >= 7501290) AND (id <= 7502289))

table 3 : explain SELECT c FROM sbtest3 WHERE id BETWEEN 6091700 AND 6092699 ORDER BY c
	Sort  (cost=3746.35..3748.73 rows=952 width=121)
	  Sort Key: c
	  ->  Bitmap Heap Scan on sbtest3  (cost=34.19..3699.25 rows=952 width=121)
	        Recheck Cond: ((id >= 6091700) AND (id <= 6092699))
	        ->  Bitmap Index Scan on sbtest3_pkey  (cost=0.00..33.95 rows=952 width=0)
	              Index Cond: ((id >= 6091700) AND (id <= 6092699))

table 4 : explain SELECT c FROM sbtest4 WHERE id BETWEEN 8653574 AND 8654573 ORDER BY c
	Sort  (cost=3927.00..3929.50 rows=999 width=121)
	  Sort Key: c
	  ->  Bitmap Heap Scan on sbtest4  (cost=34.67..3877.23 rows=999 width=121)
	        Recheck Cond: ((id >= 8653574) AND (id <= 8654573))
	        ->  Bitmap Index Scan on sbtest4_pkey  (cost=0.00..34.43 rows=999 width=0)
	              Index Cond: ((id >= 8653574) AND (id <= 8654573))

table 5 : explain SELECT c FROM sbtest5 WHERE id BETWEEN 7264829 AND 7265828 ORDER BY c
	Sort  (cost=4393.83..4396.63 rows=1120 width=121)
	  Sort Key: c
	  ->  Bitmap Heap Scan on sbtest5  (cost=39.92..4337.10 rows=1120 width=121)
	        Recheck Cond: ((id >= 7264829) AND (id <= 7265828))
	        ->  Bitmap Index Scan on sbtest5_pkey  (cost=0.00..39.64 rows=1120 width=0)
	              Index Cond: ((id >= 7264829) AND (id <= 7265828))

table 6 : explain SELECT c FROM sbtest6 WHERE id BETWEEN 3214248 AND 3215247 ORDER BY c
	Sort  (cost=4118.58..4121.20 rows=1050 width=121)
	  Sort Key: c
	  ->  Bitmap Heap Scan on sbtest6  (cost=35.20..4065.89 rows=1050 width=121)
	        Recheck Cond: ((id >= 3214248) AND (id <= 3215247))
	        ->  Bitmap Index Scan on sbtest6_pkey  (cost=0.00..34.94 rows=1050 width=0)
	              Index Cond: ((id >= 3214248) AND (id <= 3215247))

table 7 : explain SELECT c FROM sbtest7 WHERE id BETWEEN 6471730 AND 6472729 ORDER BY c
	Sort  (cost=4071.34..4073.93 rows=1037 width=121)
	  Sort Key: c
	  ->  Bitmap Heap Scan on sbtest7  (cost=35.06..4019.40 rows=1037 width=121)
	        Recheck Cond: ((id >= 6471730) AND (id <= 6472729))
	        ->  Bitmap Index Scan on sbtest7_pkey  (cost=0.00..34.81 rows=1037 width=0)
	              Index Cond: ((id >= 6471730) AND (id <= 6472729))

table 8 : explain SELECT c FROM sbtest8 WHERE id BETWEEN 7367366 AND 7368365 ORDER BY c
	Sort  (cost=4025.49..4028.05 rows=1026 width=121)
	  Sort Key: c
	  ->  Bitmap Heap Scan on sbtest8  (cost=34.95..3974.17 rows=1026 width=121)
	        Recheck Cond: ((id >= 7367366) AND (id <= 7368365))
	        ->  Bitmap Index Scan on sbtest8_pkey  (cost=0.00..34.70 rows=1026 width=0)
	              Index Cond: ((id >= 7367366) AND (id <= 7368365))

for: simple_ranges
table 1 : explain SELECT c FROM sbtest1 WHERE id BETWEEN 9144296 AND 9145295
	Bitmap Heap Scan on sbtest1  (cost=34.28..3727.13 rows=960 width=121)
	  Recheck Cond: ((id >= 9144296) AND (id <= 9145295))
	  ->  Bitmap Index Scan on sbtest1_pkey  (cost=0.00..34.04 rows=960 width=0)
	        Index Cond: ((id >= 9144296) AND (id <= 9145295))

table 2 : explain SELECT c FROM sbtest2 WHERE id BETWEEN 5400900 AND 5401899
	Bitmap Heap Scan on sbtest2  (cost=34.09..3655.97 rows=942 width=121)
	  Recheck Cond: ((id >= 5400900) AND (id <= 5401899))
	  ->  Bitmap Index Scan on sbtest2_pkey  (cost=0.00..33.86 rows=942 width=0)
	        Index Cond: ((id >= 5400900) AND (id <= 5401899))

table 3 : explain SELECT c FROM sbtest3 WHERE id BETWEEN 6190545 AND 6191544
	Bitmap Heap Scan on sbtest3  (cost=39.67..4246.80 rows=1096 width=121)
	  Recheck Cond: ((id >= 6190545) AND (id <= 6191544))
	  ->  Bitmap Index Scan on sbtest3_pkey  (cost=0.00..39.40 rows=1096 width=0)
	        Index Cond: ((id >= 6190545) AND (id <= 6191544))

table 4 : explain SELECT c FROM sbtest4 WHERE id BETWEEN 6754810 AND 6755809
	Bitmap Heap Scan on sbtest4  (cost=34.53..3824.33 rows=985 width=121)
	  Recheck Cond: ((id >= 6754810) AND (id <= 6755809))
	  ->  Bitmap Index Scan on sbtest4_pkey  (cost=0.00..34.29 rows=985 width=0)
	        Index Cond: ((id >= 6754810) AND (id <= 6755809))

table 5 : explain SELECT c FROM sbtest5 WHERE id BETWEEN 2480084 AND 2481083
	Bitmap Heap Scan on sbtest5  (cost=34.29..3733.26 rows=961 width=121)
	  Recheck Cond: ((id >= 2480084) AND (id <= 2481083))
	  ->  Bitmap Index Scan on sbtest5_pkey  (cost=0.00..34.05 rows=961 width=0)
	        Index Cond: ((id >= 2480084) AND (id <= 2481083))

table 6 : explain SELECT c FROM sbtest6 WHERE id BETWEEN 8127524 AND 8128523
	Bitmap Heap Scan on sbtest6  (cost=34.86..3941.53 rows=1017 width=121)
	  Recheck Cond: ((id >= 8127524) AND (id <= 8128523))
	  ->  Bitmap Index Scan on sbtest6_pkey  (cost=0.00..34.61 rows=1017 width=0)
	        Index Cond: ((id >= 8127524) AND (id <= 8128523))

table 7 : explain SELECT c FROM sbtest7 WHERE id BETWEEN 3715614 AND 3716613
	Bitmap Heap Scan on sbtest7  (cost=34.80..3921.29 rows=1011 width=121)
	  Recheck Cond: ((id >= 3715614) AND (id <= 3716613))
	  ->  Bitmap Index Scan on sbtest7_pkey  (cost=0.00..34.55 rows=1011 width=0)
	        Index Cond: ((id >= 3715614) AND (id <= 3716613))

table 8 : explain SELECT c FROM sbtest8 WHERE id BETWEEN 5361358 AND 5362357
	Bitmap Heap Scan on sbtest8  (cost=35.28..4094.67 rows=1058 width=121)
	  Recheck Cond: ((id >= 5361358) AND (id <= 5362357))
	  ->  Bitmap Index Scan on sbtest8_pkey  (cost=0.00..35.02 rows=1058 width=0)
	        Index Cond: ((id >= 5361358) AND (id <= 5362357))

for: order_ranges
table 1 : explain SELECT c FROM sbtest1 WHERE id BETWEEN 1948137 AND 1949136 ORDER BY c
	Sort  (cost=4127.05..4129.68 rows=1052 width=121)
	  Sort Key: c
	  ->  Bitmap Heap Scan on sbtest1  (cost=35.22..4074.24 rows=1052 width=121)
	        Recheck Cond: ((id >= 1948137) AND (id <= 1949136))
	        ->  Bitmap Index Scan on sbtest1_pkey  (cost=0.00..34.95 rows=1052 width=0)
	              Index Cond: ((id >= 1948137) AND (id <= 1949136))

table 2 : explain SELECT c FROM sbtest2 WHERE id BETWEEN 8379923 AND 8380922 ORDER BY c
	Sort  (cost=3691.00..3693.35 rows=939 width=121)
	  Sort Key: c
	  ->  Bitmap Heap Scan on sbtest2  (cost=34.06..3644.64 rows=939 width=121)
	        Recheck Cond: ((id >= 8379923) AND (id <= 8380922))
	        ->  Bitmap Index Scan on sbtest2_pkey  (cost=0.00..33.83 rows=939 width=0)
	              Index Cond: ((id >= 8379923) AND (id <= 8380922))

table 3 : explain SELECT c FROM sbtest3 WHERE id BETWEEN 4133269 AND 4134268 ORDER BY c
	Sort  (cost=3984.22..3986.76 rows=1014 width=121)
	  Sort Key: c
	  ->  Bitmap Heap Scan on sbtest3  (cost=34.83..3933.59 rows=1014 width=121)
	        Recheck Cond: ((id >= 4133269) AND (id <= 4134268))
	        ->  Bitmap Index Scan on sbtest3_pkey  (cost=0.00..34.58 rows=1014 width=0)
	              Index Cond: ((id >= 4133269) AND (id <= 4134268))

table 4 : explain SELECT c FROM sbtest4 WHERE id BETWEEN 3412640 AND 3413639 ORDER BY c
	Sort  (cost=4149.25..4151.89 rows=1057 width=121)
	  Sort Key: c
	  ->  Bitmap Heap Scan on sbtest4  (cost=35.27..4096.16 rows=1057 width=121)
	        Recheck Cond: ((id >= 3412640) AND (id <= 3413639))
	        ->  Bitmap Index Scan on sbtest4_pkey  (cost=0.00..35.01 rows=1057 width=0)
	              Index Cond: ((id >= 3412640) AND (id <= 3413639))

table 5 : explain SELECT c FROM sbtest5 WHERE id BETWEEN 7734662 AND 7735661 ORDER BY c
	Sort  (cost=4699.23..4702.24 rows=1201 width=121)
	  Sort Key: c
	  ->  Bitmap Heap Scan on sbtest5  (cost=40.75..4637.80 rows=1201 width=121)
	        Recheck Cond: ((id >= 7734662) AND (id <= 7735661))
	        ->  Bitmap Index Scan on sbtest5_pkey  (cost=0.00..40.45 rows=1201 width=0)
	              Index Cond: ((id >= 7734662) AND (id <= 7735661))

table 6 : explain SELECT c FROM sbtest6 WHERE id BETWEEN 1007907 AND 1008906 ORDER BY c
	Sort  (cost=4141.52..4144.16 rows=1056 width=121)
	  Sort Key: c
	  ->  Bitmap Heap Scan on sbtest6  (cost=35.26..4088.48 rows=1056 width=121)
	        Recheck Cond: ((id >= 1007907) AND (id <= 1008906))
	        ->  Bitmap Index Scan on sbtest6_pkey  (cost=0.00..35.00 rows=1056 width=0)
	              Index Cond: ((id >= 1007907) AND (id <= 1008906))

table 7 : explain SELECT c FROM sbtest7 WHERE id BETWEEN 6963240 AND 6964239 ORDER BY c
	Sort  (cost=3733.95..3736.32 rows=949 width=121)
	  Sort Key: c
	  ->  Bitmap Heap Scan on sbtest7  (cost=34.16..3687.02 rows=949 width=121)
	        Recheck Cond: ((id >= 6963240) AND (id <= 6964239))
	        ->  Bitmap Index Scan on sbtest7_pkey  (cost=0.00..33.93 rows=949 width=0)
	              Index Cond: ((id >= 6963240) AND (id <= 6964239))

table 8 : explain SELECT c FROM sbtest8 WHERE id BETWEEN 2578168 AND 2579167 ORDER BY c
	Sort  (cost=4044.61..4047.19 rows=1031 width=121)
	  Sort Key: c
	  ->  Bitmap Heap Scan on sbtest8  (cost=35.00..3993.01 rows=1031 width=121)
	        Recheck Cond: ((id >= 2578168) AND (id <= 2579167))
	        ->  Bitmap Index Scan on sbtest8_pkey  (cost=0.00..34.75 rows=1031 width=0)
	              Index Cond: ((id >= 2578168) AND (id <= 2579167))

for: simple_ranges
table 1 : explain SELECT c FROM sbtest1 WHERE id BETWEEN 4239979 AND 4240978
	Bitmap Heap Scan on sbtest1  (cost=33.82..3560.73 rows=916 width=121)
	  Recheck Cond: ((id >= 4239979) AND (id <= 4240978))
	  ->  Bitmap Index Scan on sbtest1_pkey  (cost=0.00..33.59 rows=916 width=0)
	        Index Cond: ((id >= 4239979) AND (id <= 4240978))

table 2 : explain SELECT c FROM sbtest2 WHERE id BETWEEN 7962213 AND 7963212
	Bitmap Heap Scan on sbtest2  (cost=34.00..3621.98 rows=933 width=121)
	  Recheck Cond: ((id >= 7962213) AND (id <= 7963212))
	  ->  Bitmap Index Scan on sbtest2_pkey  (cost=0.00..33.77 rows=933 width=0)
	        Index Cond: ((id >= 7962213) AND (id <= 7963212))

table 3 : explain SELECT c FROM sbtest3 WHERE id BETWEEN 8844495 AND 8845494
	Bitmap Heap Scan on sbtest3  (cost=34.19..3699.25 rows=952 width=121)
	  Recheck Cond: ((id >= 8844495) AND (id <= 8845494))
	  ->  Bitmap Index Scan on sbtest3_pkey  (cost=0.00..33.95 rows=952 width=0)
	        Index Cond: ((id >= 8844495) AND (id <= 8845494))

table 4 : explain SELECT c FROM sbtest4 WHERE id BETWEEN 2954154 AND 2955153
	Bitmap Heap Scan on sbtest4  (cost=40.10..4405.22 rows=1138 width=121)
	  Recheck Cond: ((id >= 2954154) AND (id <= 2955153))
	  ->  Bitmap Index Scan on sbtest4_pkey  (cost=0.00..39.82 rows=1138 width=0)
	        Index Cond: ((id >= 2954154) AND (id <= 2955153))

table 5 : explain SELECT c FROM sbtest5 WHERE id BETWEEN 6408650 AND 6409649
	Bitmap Heap Scan on sbtest5  (cost=34.59..3846.68 rows=991 width=121)
	  Recheck Cond: ((id >= 6408650) AND (id <= 6409649))
	  ->  Bitmap Index Scan on sbtest5_pkey  (cost=0.00..34.34 rows=991 width=0)
	        Index Cond: ((id >= 6408650) AND (id <= 6409649))

table 6 : explain SELECT c FROM sbtest6 WHERE id BETWEEN 6975292 AND 6976291
	Bitmap Heap Scan on sbtest6  (cost=34.73..3892.51 rows=1004 width=121)
	  Recheck Cond: ((id >= 6975292) AND (id <= 6976291))
	  ->  Bitmap Index Scan on sbtest6_pkey  (cost=0.00..34.48 rows=1004 width=0)
	        Index Cond: ((id >= 6975292) AND (id <= 6976291))

table 7 : explain SELECT c FROM sbtest7 WHERE id BETWEEN 5239687 AND 5240686
	Bitmap Heap Scan on sbtest7  (cost=33.97..3615.13 rows=930 width=121)
	  Recheck Cond: ((id >= 5239687) AND (id <= 5240686))
	  ->  Bitmap Index Scan on sbtest7_pkey  (cost=0.00..33.73 rows=930 width=0)
	        Index Cond: ((id >= 5239687) AND (id <= 5240686))

table 8 : explain SELECT c FROM sbtest8 WHERE id BETWEEN 3335790 AND 3336789
	Bitmap Heap Scan on sbtest8  (cost=34.18..3691.26 rows=951 width=121)
	  Recheck Cond: ((id >= 3335790) AND (id <= 3336789))
	  ->  Bitmap Index Scan on sbtest8_pkey  (cost=0.00..33.95 rows=951 width=0)
	        Index Cond: ((id >= 3335790) AND (id <= 3336789))

for: sum_ranges
table 1 : explain SELECT SUM(k) FROM sbtest1 WHERE id BETWEEN 9407682 AND 9408681
	Aggregate  (cost=3884.45..3884.46 rows=1 width=8)
	  ->  Bitmap Heap Scan on sbtest1  (cost=34.70..3881.95 rows=1001 width=4)
	        Recheck Cond: ((id >= 9407682) AND (id <= 9408681))
	        ->  Bitmap Index Scan on sbtest1_pkey  (cost=0.00..34.45 rows=1001 width=0)
	              Index Cond: ((id >= 9407682) AND (id <= 9408681))

table 2 : explain SELECT SUM(k) FROM sbtest2 WHERE id BETWEEN 1340821 AND 1341820
	Aggregate  (cost=3733.87..3733.88 rows=1 width=8)
	  ->  Bitmap Heap Scan on sbtest2  (cost=34.30..3731.46 rows=962 width=4)
	        Recheck Cond: ((id >= 1340821) AND (id <= 1341820))
	        ->  Bitmap Index Scan on sbtest2_pkey  (cost=0.00..34.06 rows=962 width=0)
	              Index Cond: ((id >= 1340821) AND (id <= 1341820))

table 3 : explain SELECT SUM(k) FROM sbtest3 WHERE id BETWEEN 3614939 AND 3615938
	Aggregate  (cost=3939.91..3939.92 rows=1 width=8)
	  ->  Bitmap Heap Scan on sbtest3  (cost=34.84..3937.37 rows=1015 width=4)
	        Recheck Cond: ((id >= 3614939) AND (id <= 3615938))
	        ->  Bitmap Index Scan on sbtest3_pkey  (cost=0.00..34.59 rows=1015 width=0)
	              Index Cond: ((id >= 3614939) AND (id <= 3615938))

table 4 : explain SELECT SUM(k) FROM sbtest4 WHERE id BETWEEN 2325257 AND 2326256
	Aggregate  (cost=4313.93..4313.94 rows=1 width=8)
	  ->  Bitmap Heap Scan on sbtest4  (cost=39.84..4311.15 rows=1113 width=4)
	        Recheck Cond: ((id >= 2325257) AND (id <= 2326256))
	        ->  Bitmap Index Scan on sbtest4_pkey  (cost=0.00..39.57 rows=1113 width=0)
	              Index Cond: ((id >= 2325257) AND (id <= 2326256))

table 5 : explain SELECT SUM(k) FROM sbtest5 WHERE id BETWEEN 1424532 AND 1425531
	Aggregate  (cost=4075.80..4075.81 rows=1 width=8)
	  ->  Bitmap Heap Scan on sbtest5  (cost=35.21..4073.17 rows=1051 width=4)
	        Recheck Cond: ((id >= 1424532) AND (id <= 1425531))
	        ->  Bitmap Index Scan on sbtest5_pkey  (cost=0.00..34.95 rows=1051 width=0)
	              Index Cond: ((id >= 1424532) AND (id <= 1425531))

table 6 : explain SELECT SUM(k) FROM sbtest6 WHERE id BETWEEN 4037656 AND 4038655
	Aggregate  (cost=3630.48..3630.49 rows=1 width=8)
	  ->  Bitmap Heap Scan on sbtest6  (cost=34.01..3628.15 rows=934 width=4)
	        Recheck Cond: ((id >= 4037656) AND (id <= 4038655))
	        ->  Bitmap Index Scan on sbtest6_pkey  (cost=0.00..33.78 rows=934 width=0)
	              Index Cond: ((id >= 4037656) AND (id <= 4038655))

table 7 : explain SELECT SUM(k) FROM sbtest7 WHERE id BETWEEN 9669282 AND 9670281
	Aggregate  (cost=3874.71..3874.72 rows=1 width=8)
	  ->  Bitmap Heap Scan on sbtest7  (cost=34.66..3872.21 rows=998 width=4)
	        Recheck Cond: ((id >= 9669282) AND (id <= 9670281))
	        ->  Bitmap Index Scan on sbtest7_pkey  (cost=0.00..34.42 rows=998 width=0)
	              Index Cond: ((id >= 9669282) AND (id <= 9670281))

table 8 : explain SELECT SUM(k) FROM sbtest8 WHERE id BETWEEN 4932578 AND 4933577
	Aggregate  (cost=4153.79..4153.80 rows=1 width=8)
	  ->  Bitmap Heap Scan on sbtest8  (cost=35.43..4151.10 rows=1073 width=4)
	        Recheck Cond: ((id >= 4932578) AND (id <= 4933577))
	        ->  Bitmap Index Scan on sbtest8_pkey  (cost=0.00..35.17 rows=1073 width=0)
	              Index Cond: ((id >= 4932578) AND (id <= 4933577))

for: simple_ranges
table 1 : explain SELECT c FROM sbtest1 WHERE id BETWEEN 6068297 AND 6069296
	Bitmap Heap Scan on sbtest1  (cost=34.65..3866.86 rows=997 width=121)
	  Recheck Cond: ((id >= 6068297) AND (id <= 6069296))
	  ->  Bitmap Index Scan on sbtest1_pkey  (cost=0.00..34.41 rows=997 width=0)
	        Index Cond: ((id >= 6068297) AND (id <= 6069296))

table 2 : explain SELECT c FROM sbtest2 WHERE id BETWEEN 5520922 AND 5521921
	Bitmap Heap Scan on sbtest2  (cost=35.32..4108.17 rows=1062 width=121)
	  Recheck Cond: ((id >= 5520922) AND (id <= 5521921))
	  ->  Bitmap Index Scan on sbtest2_pkey  (cost=0.00..35.06 rows=1062 width=0)
	        Index Cond: ((id >= 5520922) AND (id <= 5521921))

table 3 : explain SELECT c FROM sbtest3 WHERE id BETWEEN 654095 AND 655094
	Bitmap Heap Scan on sbtest3  (cost=34.64..3865.61 rows=996 width=121)
	  Recheck Cond: ((id >= 654095) AND (id <= 655094))
	  ->  Bitmap Index Scan on sbtest3_pkey  (cost=0.00..34.40 rows=996 width=0)
	        Index Cond: ((id >= 654095) AND (id <= 655094))

table 4 : explain SELECT c FROM sbtest4 WHERE id BETWEEN 479941 AND 480940
	Bitmap Heap Scan on sbtest4  (cost=33.78..3548.06 rows=912 width=121)
	  Recheck Cond: ((id >= 479941) AND (id <= 480940))
	  ->  Bitmap Index Scan on sbtest4_pkey  (cost=0.00..33.56 rows=912 width=0)
	        Index Cond: ((id >= 479941) AND (id <= 480940))

table 5 : explain SELECT c FROM sbtest5 WHERE id BETWEEN 2586490 AND 2587489
	Bitmap Heap Scan on sbtest5  (cost=34.77..3910.90 rows=1008 width=121)
	  Recheck Cond: ((id >= 2586490) AND (id <= 2587489))
	  ->  Bitmap Index Scan on sbtest5_pkey  (cost=0.00..34.52 rows=1008 width=0)
	        Index Cond: ((id >= 2586490) AND (id <= 2587489))

table 6 : explain SELECT c FROM sbtest6 WHERE id BETWEEN 8150496 AND 8151495
	Bitmap Heap Scan on sbtest6  (cost=35.39..4137.43 rows=1069 width=121)
	  Recheck Cond: ((id >= 8150496) AND (id <= 8151495))
	  ->  Bitmap Index Scan on sbtest6_pkey  (cost=0.00..35.12 rows=1069 width=0)
	        Index Cond: ((id >= 8150496) AND (id <= 8151495))

table 7 : explain SELECT c FROM sbtest7 WHERE id BETWEEN 6089643 AND 6090642
	Bitmap Heap Scan on sbtest7  (cost=35.47..4170.16 rows=1077 width=121)
	  Recheck Cond: ((id >= 6089643) AND (id <= 6090642))
	  ->  Bitmap Index Scan on sbtest7_pkey  (cost=0.00..35.20 rows=1077 width=0)
	        Index Cond: ((id >= 6089643) AND (id <= 6090642))

table 8 : explain SELECT c FROM sbtest8 WHERE id BETWEEN 6459732 AND 6460731
	Bitmap Heap Scan on sbtest8  (cost=34.88..3947.80 rows=1019 width=121)
	  Recheck Cond: ((id >= 6459732) AND (id <= 6460731))
	  ->  Bitmap Index Scan on sbtest8_pkey  (cost=0.00..34.62 rows=1019 width=0)
	        Index Cond: ((id >= 6459732) AND (id <= 6460731))

for: sum_ranges
table 1 : explain SELECT SUM(k) FROM sbtest1 WHERE id BETWEEN 3876191 AND 3877190
	Aggregate  (cost=4050.48..4050.49 rows=1 width=8)
	  ->  Bitmap Heap Scan on sbtest1  (cost=35.15..4047.87 rows=1045 width=4)
	        Recheck Cond: ((id >= 3876191) AND (id <= 3877190))
	        ->  Bitmap Index Scan on sbtest1_pkey  (cost=0.00..34.89 rows=1045 width=0)
	              Index Cond: ((id >= 3876191) AND (id <= 3877190))

table 2 : explain SELECT SUM(k) FROM sbtest2 WHERE id BETWEEN 2123806 AND 2124805
	Aggregate  (cost=3541.12..3541.13 rows=1 width=8)
	  ->  Bitmap Heap Scan on sbtest2  (cost=33.77..3538.84 rows=911 width=4)
	        Recheck Cond: ((id >= 2123806) AND (id <= 2124805))
	        ->  Bitmap Index Scan on sbtest2_pkey  (cost=0.00..33.55 rows=911 width=0)
	              Index Cond: ((id >= 2123806) AND (id <= 2124805))

table 3 : explain SELECT SUM(k) FROM sbtest3 WHERE id BETWEEN 9372218 AND 9373217
	Aggregate  (cost=3803.81..3803.82 rows=1 width=8)
	  ->  Bitmap Heap Scan on sbtest3  (cost=34.47..3801.36 rows=979 width=4)
	        Recheck Cond: ((id >= 9372218) AND (id <= 9373217))
	        ->  Bitmap Index Scan on sbtest3_pkey  (cost=0.00..34.23 rows=979 width=0)
	              Index Cond: ((id >= 9372218) AND (id <= 9373217))

table 4 : explain SELECT SUM(k) FROM sbtest4 WHERE id BETWEEN 5388028 AND 5389027
	Aggregate  (cost=4079.93..4079.94 rows=1 width=8)
	  ->  Bitmap Heap Scan on sbtest4  (cost=35.22..4077.30 rows=1052 width=4)
	        Recheck Cond: ((id >= 5388028) AND (id <= 5389027))
	        ->  Bitmap Index Scan on sbtest4_pkey  (cost=0.00..34.95 rows=1052 width=0)
	              Index Cond: ((id >= 5388028) AND (id <= 5389027))

table 5 : explain SELECT SUM(k) FROM sbtest5 WHERE id BETWEEN 3035598 AND 3036597
	Aggregate  (cost=4155.02..4155.03 rows=1 width=8)
	  ->  Bitmap Heap Scan on sbtest5  (cost=35.42..4152.34 rows=1072 width=4)
	        Recheck Cond: ((id >= 3035598) AND (id <= 3036597))
	        ->  Bitmap Index Scan on sbtest5_pkey  (cost=0.00..35.16 rows=1072 width=0)
	              Index Cond: ((id >= 3035598) AND (id <= 3036597))

table 6 : explain SELECT SUM(k) FROM sbtest6 WHERE id BETWEEN 3444767 AND 3445766
	Aggregate  (cost=3830.83..3830.84 rows=1 width=8)
	  ->  Bitmap Heap Scan on sbtest6  (cost=34.55..3828.36 rows=987 width=4)
	        Recheck Cond: ((id >= 3444767) AND (id <= 3445766))
	        ->  Bitmap Index Scan on sbtest6_pkey  (cost=0.00..34.31 rows=987 width=0)
	              Index Cond: ((id >= 3444767) AND (id <= 3445766))

table 7 : explain SELECT SUM(k) FROM sbtest7 WHERE id BETWEEN 6373536 AND 6374535
	Aggregate  (cost=4214.31..4214.32 rows=1 width=8)
	  ->  Bitmap Heap Scan on sbtest7  (cost=35.59..4211.59 rows=1088 width=4)
	        Recheck Cond: ((id >= 6373536) AND (id <= 6374535))
	        ->  Bitmap Index Scan on sbtest7_pkey  (cost=0.00..35.32 rows=1088 width=0)
	              Index Cond: ((id >= 6373536) AND (id <= 6374535))

table 8 : explain SELECT SUM(k) FROM sbtest8 WHERE id BETWEEN 6251113 AND 6252112
	Aggregate  (cost=4127.43..4127.44 rows=1 width=8)
	  ->  Bitmap Heap Scan on sbtest8  (cost=35.36..4124.77 rows=1066 width=4)
	        Recheck Cond: ((id >= 6251113) AND (id <= 6252112))
	        ->  Bitmap Index Scan on sbtest8_pkey  (cost=0.00..35.09 rows=1066 width=0)
	              Index Cond: ((id >= 6251113) AND (id <= 6252112))

for: order_ranges
table 1 : explain SELECT c FROM sbtest1 WHERE id BETWEEN 8639357 AND 8640356 ORDER BY c
	Sort  (cost=3782.35..3784.76 rows=962 width=121)
	  Sort Key: c
	  ->  Bitmap Heap Scan on sbtest1  (cost=34.30..3734.68 rows=962 width=121)
	        Recheck Cond: ((id >= 8639357) AND (id <= 8640356))
	        ->  Bitmap Index Scan on sbtest1_pkey  (cost=0.00..34.06 rows=962 width=0)
	              Index Cond: ((id >= 8639357) AND (id <= 8640356))

table 2 : explain SELECT c FROM sbtest2 WHERE id BETWEEN 4362914 AND 4363913 ORDER BY c
	Sort  (cost=4001.08..4003.63 rows=1020 width=121)
	  Sort Key: c
	  ->  Bitmap Heap Scan on sbtest2  (cost=34.89..3950.11 rows=1020 width=121)
	        Recheck Cond: ((id >= 4362914) AND (id <= 4363913))
	        ->  Bitmap Index Scan on sbtest2_pkey  (cost=0.00..34.64 rows=1020 width=0)
	              Index Cond: ((id >= 4362914) AND (id <= 4363913))

table 3 : explain SELECT c FROM sbtest3 WHERE id BETWEEN 6602903 AND 6603902 ORDER BY c
	Sort  (cost=3976.55..3979.08 rows=1012 width=121)
	  Sort Key: c
	  ->  Bitmap Heap Scan on sbtest3  (cost=34.81..3926.04 rows=1012 width=121)
	        Recheck Cond: ((id >= 6602903) AND (id <= 6603902))
	        ->  Bitmap Index Scan on sbtest3_pkey  (cost=0.00..34.56 rows=1012 width=0)
	              Index Cond: ((id >= 6602903) AND (id <= 6603902))

table 4 : explain SELECT c FROM sbtest4 WHERE id BETWEEN 3553736 AND 3554735 ORDER BY c
	Sort  (cost=4084.15..4086.75 rows=1040 width=121)
	  Sort Key: c
	  ->  Bitmap Heap Scan on sbtest4  (cost=35.09..4032.03 rows=1040 width=121)
	        Recheck Cond: ((id >= 3553736) AND (id <= 3554735))
	        ->  Bitmap Index Scan on sbtest4_pkey  (cost=0.00..34.84 rows=1040 width=0)
	              Index Cond: ((id >= 3553736) AND (id <= 3554735))

table 5 : explain SELECT c FROM sbtest5 WHERE id BETWEEN 6412335 AND 6413334 ORDER BY c
	Sort  (cost=3895.99..3898.47 rows=991 width=121)
	  Sort Key: c
	  ->  Bitmap Heap Scan on sbtest5  (cost=34.59..3846.68 rows=991 width=121)
	        Recheck Cond: ((id >= 6412335) AND (id <= 6413334))
	        ->  Bitmap Index Scan on sbtest5_pkey  (cost=0.00..34.34 rows=991 width=0)
	              Index Cond: ((id >= 6412335) AND (id <= 6413334))

table 6 : explain SELECT c FROM sbtest6 WHERE id BETWEEN 6746295 AND 6747294 ORDER BY c
	Sort  (cost=4034.43..4037.00 rows=1028 width=121)
	  Sort Key: c
	  ->  Bitmap Heap Scan on sbtest6  (cost=34.97..3983.00 rows=1028 width=121)
	        Recheck Cond: ((id >= 6746295) AND (id <= 6747294))
	        ->  Bitmap Index Scan on sbtest6_pkey  (cost=0.00..34.72 rows=1028 width=0)
	              Index Cond: ((id >= 6746295) AND (id <= 6747294))

table 7 : explain SELECT c FROM sbtest7 WHERE id BETWEEN 6960511 AND 6961510 ORDER BY c
	Sort  (cost=4174.68..4177.34 rows=1064 width=121)
	  Sort Key: c
	  ->  Bitmap Heap Scan on sbtest7  (cost=35.34..4121.18 rows=1064 width=121)
	        Recheck Cond: ((id >= 6960511) AND (id <= 6961510))
	        ->  Bitmap Index Scan on sbtest7_pkey  (cost=0.00..35.08 rows=1064 width=0)
	              Index Cond: ((id >= 6960511) AND (id <= 6961510))

table 8 : explain SELECT c FROM sbtest8 WHERE id BETWEEN 3304810 AND 3305809 ORDER BY c
	Sort  (cost=4235.67..4238.37 rows=1081 width=121)
	  Sort Key: c
	  ->  Bitmap Heap Scan on sbtest8  (cost=35.52..4181.19 rows=1081 width=121)
	        Recheck Cond: ((id >= 3304810) AND (id <= 3305809))
	        ->  Bitmap Index Scan on sbtest8_pkey  (cost=0.00..35.25 rows=1081 width=0)
	              Index Cond: ((id >= 3304810) AND (id <= 3305809))

explain: for point_selects :: explain SELECT c FROM sbtest%u WHERE id=%u
for point_selects
table 1 : explain SELECT c FROM sbtest1 WHERE id=9069692
	Index Scan using sbtest1_pkey on sbtest1  (cost=0.43..8.45 rows=1 width=121)
	  Index Cond: (id = 9069692)

table 2 : explain SELECT c FROM sbtest2 WHERE id=6154511
	Index Scan using sbtest2_pkey on sbtest2  (cost=0.43..8.45 rows=1 width=121)
	  Index Cond: (id = 6154511)

table 3 : explain SELECT c FROM sbtest3 WHERE id=4125069
	Index Scan using sbtest3_pkey on sbtest3  (cost=0.43..8.45 rows=1 width=121)
	  Index Cond: (id = 4125069)

table 4 : explain SELECT c FROM sbtest4 WHERE id=6795903
	Index Scan using sbtest4_pkey on sbtest4  (cost=0.43..8.45 rows=1 width=121)
	  Index Cond: (id = 6795903)

table 5 : explain SELECT c FROM sbtest5 WHERE id=9272976
	Index Scan using sbtest5_pkey on sbtest5  (cost=0.43..8.45 rows=1 width=121)
	  Index Cond: (id = 9272976)

table 6 : explain SELECT c FROM sbtest6 WHERE id=298063
	Index Scan using sbtest6_pkey on sbtest6  (cost=0.43..8.45 rows=1 width=121)
	  Index Cond: (id = 298063)

table 7 : explain SELECT c FROM sbtest7 WHERE id=7702298
	Index Scan using sbtest7_pkey on sbtest7  (cost=0.43..8.45 rows=1 width=121)
	  Index Cond: (id = 7702298)

table 8 : explain SELECT c FROM sbtest8 WHERE id=1729383
	Index Scan using sbtest8_pkey on sbtest8  (cost=0.43..8.45 rows=1 width=121)
	  Index Cond: (id = 1729383)

for point_selects
table 1 : explain SELECT c FROM sbtest1 WHERE id=2383697
	Index Scan using sbtest1_pkey on sbtest1  (cost=0.43..8.45 rows=1 width=121)
	  Index Cond: (id = 2383697)

table 2 : explain SELECT c FROM sbtest2 WHERE id=2920745
	Index Scan using sbtest2_pkey on sbtest2  (cost=0.43..8.45 rows=1 width=121)
	  Index Cond: (id = 2920745)

table 3 : explain SELECT c FROM sbtest3 WHERE id=8433070
	Index Scan using sbtest3_pkey on sbtest3  (cost=0.43..8.45 rows=1 width=121)
	  Index Cond: (id = 8433070)

table 4 : explain SELECT c FROM sbtest4 WHERE id=5486456
	Index Scan using sbtest4_pkey on sbtest4  (cost=0.43..8.45 rows=1 width=121)
	  Index Cond: (id = 5486456)

table 5 : explain SELECT c FROM sbtest5 WHERE id=7988130
	Index Scan using sbtest5_pkey on sbtest5  (cost=0.43..8.45 rows=1 width=121)
	  Index Cond: (id = 7988130)

table 6 : explain SELECT c FROM sbtest6 WHERE id=9052371
	Index Scan using sbtest6_pkey on sbtest6  (cost=0.43..8.45 rows=1 width=121)
	  Index Cond: (id = 9052371)

table 7 : explain SELECT c FROM sbtest7 WHERE id=4737577
	Index Scan using sbtest7_pkey on sbtest7  (cost=0.43..8.45 rows=1 width=121)
	  Index Cond: (id = 4737577)

table 8 : explain SELECT c FROM sbtest8 WHERE id=432475
	Index Scan using sbtest8_pkey on sbtest8  (cost=0.43..8.45 rows=1 width=121)
	  Index Cond: (id = 432475)

for: distinct_ranges
table 1 : explain SELECT DISTINCT c FROM sbtest1 WHERE id BETWEEN 6793771 AND 6794770 ORDER BY c
	Unique  (cost=4077.32..4082.51 rows=1039 width=121)
	  ->  Sort  (cost=4077.32..4079.91 rows=1039 width=121)
	        Sort Key: c
	        ->  Bitmap Heap Scan on sbtest1  (cost=35.08..4025.26 rows=1039 width=121)
	              Recheck Cond: ((id >= 6793771) AND (id <= 6794770))
	              ->  Bitmap Index Scan on sbtest1_pkey  (cost=0.00..34.83 rows=1039 width=0)
	                    Index Cond: ((id >= 6793771) AND (id <= 6794770))

table 2 : explain SELECT DISTINCT c FROM sbtest2 WHERE id BETWEEN 3628392 AND 3629391 ORDER BY c
	Unique  (cost=3790.62..3795.45 rows=965 width=121)
	  ->  Sort  (cost=3790.62..3793.03 rows=965 width=121)
	        Sort Key: c
	        ->  Bitmap Heap Scan on sbtest2  (cost=34.33..3742.78 rows=965 width=121)
	              Recheck Cond: ((id >= 3628392) AND (id <= 3629391))
	              ->  Bitmap Index Scan on sbtest2_pkey  (cost=0.00..34.09 rows=965 width=0)
	                    Index Cond: ((id >= 3628392) AND (id <= 3629391))

table 3 : explain SELECT DISTINCT c FROM sbtest3 WHERE id BETWEEN 8445395 AND 8446394 ORDER BY c
	Unique  (cost=4313.61..4319.10 rows=1099 width=121)
	  ->  Sort  (cost=4313.61..4316.36 rows=1099 width=121)
	        Sort Key: c
	        ->  Bitmap Heap Scan on sbtest3  (cost=39.70..4258.10 rows=1099 width=121)
	              Recheck Cond: ((id >= 8445395) AND (id <= 8446394))
	              ->  Bitmap Index Scan on sbtest3_pkey  (cost=0.00..39.43 rows=1099 width=0)
	                    Index Cond: ((id >= 8445395) AND (id <= 8446394))

table 4 : explain SELECT DISTINCT c FROM sbtest4 WHERE id BETWEEN 5981386 AND 5982385 ORDER BY c
	Unique  (cost=3665.94..3670.60 rows=931 width=121)
	  ->  Sort  (cost=3665.94..3668.27 rows=931 width=121)
	        Sort Key: c
	        ->  Bitmap Heap Scan on sbtest4  (cost=33.98..3620.03 rows=931 width=121)
	              Recheck Cond: ((id >= 5981386) AND (id <= 5982385))
	              ->  Bitmap Index Scan on sbtest4_pkey  (cost=0.00..33.75 rows=931 width=0)
	                    Index Cond: ((id >= 5981386) AND (id <= 5982385))

table 5 : explain SELECT DISTINCT c FROM sbtest5 WHERE id BETWEEN 8964647 AND 8965646 ORDER BY c
	Unique  (cost=3730.95..3735.69 rows=948 width=121)
	  ->  Sort  (cost=3730.95..3733.32 rows=948 width=121)
	        Sort Key: c
	        ->  Bitmap Heap Scan on sbtest5  (cost=34.15..3684.08 rows=948 width=121)
	              Recheck Cond: ((id >= 8964647) AND (id <= 8965646))
	              ->  Bitmap Index Scan on sbtest5_pkey  (cost=0.00..33.92 rows=948 width=0)
	                    Index Cond: ((id >= 8964647) AND (id <= 8965646))

table 6 : explain SELECT DISTINCT c FROM sbtest6 WHERE id BETWEEN 4191188 AND 4192187 ORDER BY c
	Unique  (cost=4065.03..4070.21 rows=1036 width=121)
	  ->  Sort  (cost=4065.03..4067.62 rows=1036 width=121)
	        Sort Key: c
	        ->  Bitmap Heap Scan on sbtest6  (cost=35.05..4013.15 rows=1036 width=121)
	              Recheck Cond: ((id >= 4191188) AND (id <= 4192187))
	              ->  Bitmap Index Scan on sbtest6_pkey  (cost=0.00..34.80 rows=1036 width=0)
	                    Index Cond: ((id >= 4191188) AND (id <= 4192187))

table 7 : explain SELECT DISTINCT c FROM sbtest7 WHERE id BETWEEN 6239705 AND 6240704 ORDER BY c
	Unique  (cost=3676.35..3681.02 rows=934 width=121)
	  ->  Sort  (cost=3676.35..3678.68 rows=934 width=121)
	        Sort Key: c
	        ->  Bitmap Heap Scan on sbtest7  (cost=34.01..3630.27 rows=934 width=121)
	              Recheck Cond: ((id >= 6239705) AND (id <= 6240704))
	              ->  Bitmap Index Scan on sbtest7_pkey  (cost=0.00..33.78 rows=934 width=0)
	                    Index Cond: ((id >= 6239705) AND (id <= 6240704))

table 8 : explain SELECT DISTINCT c FROM sbtest8 WHERE id BETWEEN 1055010 AND 1056009 ORDER BY c
	Unique  (cost=3837.93..3842.82 rows=977 width=121)
	  ->  Sort  (cost=3837.93..3840.38 rows=977 width=121)
	        Sort Key: c
	        ->  Bitmap Heap Scan on sbtest8  (cost=34.45..3789.42 rows=977 width=121)
	              Recheck Cond: ((id >= 1055010) AND (id <= 1056009))
	              ->  Bitmap Index Scan on sbtest8_pkey  (cost=0.00..34.20 rows=977 width=0)
	                    Index Cond: ((id >= 1055010) AND (id <= 1056009))

for point_selects
table 1 : explain SELECT c FROM sbtest1 WHERE id=1149707
	Index Scan using sbtest1_pkey on sbtest1  (cost=0.43..8.45 rows=1 width=121)
	  Index Cond: (id = 1149707)

table 2 : explain SELECT c FROM sbtest2 WHERE id=1941819
	Index Scan using sbtest2_pkey on sbtest2  (cost=0.43..8.45 rows=1 width=121)
	  Index Cond: (id = 1941819)

table 3 : explain SELECT c FROM sbtest3 WHERE id=8624001
	Index Scan using sbtest3_pkey on sbtest3  (cost=0.43..8.45 rows=1 width=121)
	  Index Cond: (id = 8624001)

table 4 : explain SELECT c FROM sbtest4 WHERE id=4079265
	Index Scan using sbtest4_pkey on sbtest4  (cost=0.43..8.45 rows=1 width=121)
	  Index Cond: (id = 4079265)

table 5 : explain SELECT c FROM sbtest5 WHERE id=5633207
	Index Scan using sbtest5_pkey on sbtest5  (cost=0.43..8.45 rows=1 width=121)
	  Index Cond: (id = 5633207)

table 6 : explain SELECT c FROM sbtest6 WHERE id=1061904
	Index Scan using sbtest6_pkey on sbtest6  (cost=0.43..8.45 rows=1 width=121)
	  Index Cond: (id = 1061904)

table 7 : explain SELECT c FROM sbtest7 WHERE id=865164
	Index Scan using sbtest7_pkey on sbtest7  (cost=0.43..8.45 rows=1 width=121)
	  Index Cond: (id = 865164)

table 8 : explain SELECT c FROM sbtest8 WHERE id=2456956
	Index Scan using sbtest8_pkey on sbtest8  (cost=0.43..8.45 rows=1 width=121)
	  Index Cond: (id = 2456956)

for: distinct_ranges
table 1 : explain SELECT DISTINCT c FROM sbtest1 WHERE id BETWEEN 765613 AND 766612 ORDER BY c
	Unique  (cost=4127.05..4132.31 rows=1052 width=121)
	  ->  Sort  (cost=4127.05..4129.68 rows=1052 width=121)
	        Sort Key: c
	        ->  Bitmap Heap Scan on sbtest1  (cost=35.22..4074.24 rows=1052 width=121)
	              Recheck Cond: ((id >= 765613) AND (id <= 766612))
	              ->  Bitmap Index Scan on sbtest1_pkey  (cost=0.00..34.95 rows=1052 width=0)
	                    Index Cond: ((id >= 765613) AND (id <= 766612))

table 2 : explain SELECT DISTINCT c FROM sbtest2 WHERE id BETWEEN 2541198 AND 2542197 ORDER BY c
	Unique  (cost=3618.15..3622.75 rows=920 width=121)
	  ->  Sort  (cost=3618.15..3620.45 rows=920 width=121)
	        Sort Key: c
	        ->  Bitmap Heap Scan on sbtest2  (cost=33.87..3572.86 rows=920 width=121)
	              Recheck Cond: ((id >= 2541198) AND (id <= 2542197))
	              ->  Bitmap Index Scan on sbtest2_pkey  (cost=0.00..33.64 rows=920 width=0)
	                    Index Cond: ((id >= 2541198) AND (id <= 2542197))

table 3 : explain SELECT DISTINCT c FROM sbtest3 WHERE id BETWEEN 20670 AND 21669 ORDER BY c
	Unique  (cost=4657.34..4663.29 rows=1190 width=121)
	  ->  Sort  (cost=4657.34..4660.32 rows=1190 width=121)
	        Sort Key: c
	        ->  Bitmap Heap Scan on sbtest3  (cost=40.63..4596.55 rows=1190 width=121)
	              Recheck Cond: ((id >= 20670) AND (id <= 21669))
	              ->  Bitmap Index Scan on sbtest3_pkey  (cost=0.00..40.34 rows=1190 width=0)
	                    Index Cond: ((id >= 20670) AND (id <= 21669))

table 4 : explain SELECT DISTINCT c FROM sbtest4 WHERE id BETWEEN 600032 AND 601031 ORDER BY c
	Unique  (cost=3834.93..3839.80 rows=975 width=121)
	  ->  Sort  (cost=3834.93..3837.36 rows=975 width=121)
	        Sort Key: c
	        ->  Bitmap Heap Scan on sbtest4  (cost=34.43..3786.52 rows=975 width=121)
	              Recheck Cond: ((id >= 600032) AND (id <= 601031))
	              ->  Bitmap Index Scan on sbtest4_pkey  (cost=0.00..34.19 rows=975 width=0)
	                    Index Cond: ((id >= 600032) AND (id <= 601031))

table 5 : explain SELECT DISTINCT c FROM sbtest5 WHERE id BETWEEN 1670700 AND 1671699 ORDER BY c
	Unique  (cost=3561.69..3566.22 rows=905 width=121)
	  ->  Sort  (cost=3561.69..3563.96 rows=905 width=121)
	        Sort Key: c
	        ->  Bitmap Heap Scan on sbtest5  (cost=29.71..3517.25 rows=905 width=121)
	              Recheck Cond: ((id >= 1670700) AND (id <= 1671699))
	              ->  Bitmap Index Scan on sbtest5_pkey  (cost=0.00..29.48 rows=905 width=0)
	                    Index Cond: ((id >= 1670700) AND (id <= 1671699))

table 6 : explain SELECT DISTINCT c FROM sbtest6 WHERE id BETWEEN 4741675 AND 4742674 ORDER BY c
	Unique  (cost=3439.74..3444.11 rows=874 width=121)
	  ->  Sort  (cost=3439.74..3441.93 rows=874 width=121)
	        Sort Key: c
	        ->  Bitmap Heap Scan on sbtest6  (cost=29.39..3397.04 rows=874 width=121)
	              Recheck Cond: ((id >= 4741675) AND (id <= 4742674))
	              ->  Bitmap Index Scan on sbtest6_pkey  (cost=0.00..29.18 rows=874 width=0)
	                    Index Cond: ((id >= 4741675) AND (id <= 4742674))

table 7 : explain SELECT DISTINCT c FROM sbtest7 WHERE id BETWEEN 5354419 AND 5355418 ORDER BY c
	Unique  (cost=3998.57..4003.66 rows=1018 width=121)
	  ->  Sort  (cost=3998.57..4001.12 rows=1018 width=121)
	        Sort Key: c
	        ->  Bitmap Heap Scan on sbtest7  (cost=34.87..3947.71 rows=1018 width=121)
	              Recheck Cond: ((id >= 5354419) AND (id <= 5355418))
	              ->  Bitmap Index Scan on sbtest7_pkey  (cost=0.00..34.62 rows=1018 width=0)
	                    Index Cond: ((id >= 5354419) AND (id <= 5355418))

table 8 : explain SELECT DISTINCT c FROM sbtest8 WHERE id BETWEEN 5805228 AND 5806227 ORDER BY c
	Unique  (cost=4052.26..4057.42 rows=1033 width=121)
	  ->  Sort  (cost=4052.26..4054.84 rows=1033 width=121)
	        Sort Key: c
	        ->  Bitmap Heap Scan on sbtest8  (cost=35.02..4000.54 rows=1033 width=121)
	              Recheck Cond: ((id >= 5805228) AND (id <= 5806227))
	              ->  Bitmap Index Scan on sbtest8_pkey  (cost=0.00..34.77 rows=1033 width=0)
	                    Index Cond: ((id >= 5805228) AND (id <= 5806227))

for: sum_ranges
table 1 : explain SELECT SUM(k) FROM sbtest1 WHERE id BETWEEN 3702976 AND 3703975
	Aggregate  (cost=3752.21..3752.22 rows=1 width=8)
	  ->  Bitmap Heap Scan on sbtest1  (cost=34.34..3749.80 rows=966 width=4)
	        Recheck Cond: ((id >= 3702976) AND (id <= 3703975))
	        ->  Bitmap Index Scan on sbtest1_pkey  (cost=0.00..34.09 rows=966 width=0)
	              Index Cond: ((id >= 3702976) AND (id <= 3703975))

table 2 : explain SELECT SUM(k) FROM sbtest2 WHERE id BETWEEN 4281748 AND 4282747
	Aggregate  (cost=3911.20..3911.21 rows=1 width=8)
	  ->  Bitmap Heap Scan on sbtest2  (cost=34.78..3908.68 rows=1009 width=4)
	        Recheck Cond: ((id >= 4281748) AND (id <= 4282747))
	        ->  Bitmap Index Scan on sbtest2_pkey  (cost=0.00..34.53 rows=1009 width=0)
	              Index Cond: ((id >= 4281748) AND (id <= 4282747))

table 3 : explain SELECT SUM(k) FROM sbtest3 WHERE id BETWEEN 2991047 AND 2992046
	Aggregate  (cost=3890.78..3890.79 rows=1 width=8)
	  ->  Bitmap Heap Scan on sbtest3  (cost=34.71..3888.27 rows=1002 width=4)
	        Recheck Cond: ((id >= 2991047) AND (id <= 2992046))
	        ->  Bitmap Index Scan on sbtest3_pkey  (cost=0.00..34.45 rows=1002 width=0)
	              Index Cond: ((id >= 2991047) AND (id <= 2992046))

table 4 : explain SELECT SUM(k) FROM sbtest4 WHERE id BETWEEN 9476818 AND 9477817
	Aggregate  (cost=4117.67..4117.68 rows=1 width=8)
	  ->  Bitmap Heap Scan on sbtest4  (cost=35.32..4115.01 rows=1062 width=4)
	        Recheck Cond: ((id >= 9476818) AND (id <= 9477817))
	        ->  Bitmap Index Scan on sbtest4_pkey  (cost=0.00..35.06 rows=1062 width=0)
	              Index Cond: ((id >= 9476818) AND (id <= 9477817))

table 5 : explain SELECT SUM(k) FROM sbtest5 WHERE id BETWEEN 1416286 AND 1417285
	Aggregate  (cost=4075.80..4075.81 rows=1 width=8)
	  ->  Bitmap Heap Scan on sbtest5  (cost=35.21..4073.17 rows=1051 width=4)
	        Recheck Cond: ((id >= 1416286) AND (id <= 1417285))
	        ->  Bitmap Index Scan on sbtest5_pkey  (cost=0.00..34.95 rows=1051 width=0)
	              Index Cond: ((id >= 1416286) AND (id <= 1417285))

table 6 : explain SELECT SUM(k) FROM sbtest6 WHERE id BETWEEN 9190965 AND 9191964
	Aggregate  (cost=4200.35..4200.36 rows=1 width=8)
	  ->  Bitmap Heap Scan on sbtest6  (cost=35.56..4197.64 rows=1085 width=4)
	        Recheck Cond: ((id >= 9190965) AND (id <= 9191964))
	        ->  Bitmap Index Scan on sbtest6_pkey  (cost=0.00..35.29 rows=1085 width=0)
	              Index Cond: ((id >= 9190965) AND (id <= 9191964))

table 7 : explain SELECT SUM(k) FROM sbtest7 WHERE id BETWEEN 7107496 AND 7108495
	Aggregate  (cost=3920.04..3920.05 rows=1 width=8)
	  ->  Bitmap Heap Scan on sbtest7  (cost=34.79..3917.52 rows=1010 width=4)
	        Recheck Cond: ((id >= 7107496) AND (id <= 7108495))
	        ->  Bitmap Index Scan on sbtest7_pkey  (cost=0.00..34.54 rows=1010 width=0)
	              Index Cond: ((id >= 7107496) AND (id <= 7108495))

table 8 : explain SELECT SUM(k) FROM sbtest8 WHERE id BETWEEN 1156452 AND 1157451
	Aggregate  (cost=3697.41..3697.42 rows=1 width=8)
	  ->  Bitmap Heap Scan on sbtest8  (cost=34.19..3695.03 rows=952 width=4)
	        Recheck Cond: ((id >= 1156452) AND (id <= 1157451))
	        ->  Bitmap Index Scan on sbtest8_pkey  (cost=0.00..33.95 rows=952 width=0)
	              Index Cond: ((id >= 1156452) AND (id <= 1157451))

for: distinct_ranges
table 1 : explain SELECT DISTINCT c FROM sbtest1 WHERE id BETWEEN 672420 AND 673419 ORDER BY c
	Unique  (cost=4027.57..4032.70 rows=1026 width=121)
	  ->  Sort  (cost=4027.57..4030.13 rows=1026 width=121)
	        Sort Key: c
	        ->  Bitmap Heap Scan on sbtest1  (cost=34.95..3976.25 rows=1026 width=121)
	              Recheck Cond: ((id >= 672420) AND (id <= 673419))
	              ->  Bitmap Index Scan on sbtest1_pkey  (cost=0.00..34.70 rows=1026 width=0)
	                    Index Cond: ((id >= 672420) AND (id <= 673419))

table 2 : explain SELECT DISTINCT c FROM sbtest2 WHERE id BETWEEN 4565664 AND 4566663 ORDER BY c
	Unique  (cost=3882.50..3887.45 rows=989 width=121)
	  ->  Sort  (cost=3882.50..3884.98 rows=989 width=121)
	        Sort Key: c
	        ->  Bitmap Heap Scan on sbtest2  (cost=34.57..3833.30 rows=989 width=121)
	              Recheck Cond: ((id >= 4565664) AND (id <= 4566663))
	              ->  Bitmap Index Scan on sbtest2_pkey  (cost=0.00..34.33 rows=989 width=0)
	                    Index Cond: ((id >= 4565664) AND (id <= 4566663))

table 3 : explain SELECT DISTINCT c FROM sbtest3 WHERE id BETWEEN 6260150 AND 6261149 ORDER BY c
	Unique  (cost=4302.14..4307.62 rows=1096 width=121)
	  ->  Sort  (cost=4302.14..4304.88 rows=1096 width=121)
	        Sort Key: c
	        ->  Bitmap Heap Scan on sbtest3  (cost=39.67..4246.80 rows=1096 width=121)
	              Recheck Cond: ((id >= 6260150) AND (id <= 6261149))
	              ->  Bitmap Index Scan on sbtest3_pkey  (cost=0.00..39.40 rows=1096 width=0)
	                    Index Cond: ((id >= 6260150) AND (id <= 6261149))

table 4 : explain SELECT DISTINCT c FROM sbtest4 WHERE id BETWEEN 6838713 AND 6839712 ORDER BY c
	Unique  (cost=3854.12..3859.02 rows=980 width=121)
	  ->  Sort  (cost=3854.12..3856.57 rows=980 width=121)
	        Sort Key: c
	        ->  Bitmap Heap Scan on sbtest4  (cost=34.48..3805.43 rows=980 width=121)
	              Recheck Cond: ((id >= 6838713) AND (id <= 6839712))
	              ->  Bitmap Index Scan on sbtest4_pkey  (cost=0.00..34.23 rows=980 width=0)
	                    Index Cond: ((id >= 6838713) AND (id <= 6839712))

table 5 : explain SELECT DISTINCT c FROM sbtest5 WHERE id BETWEEN 1721707 AND 1722706 ORDER BY c
	Unique  (cost=3826.93..3831.80 rows=973 width=121)
	  ->  Sort  (cost=3826.93..3829.37 rows=973 width=121)
	        Sort Key: c
	        ->  Bitmap Heap Scan on sbtest5  (cost=34.41..3778.64 rows=973 width=121)
	              Recheck Cond: ((id >= 1721707) AND (id <= 1722706))
	              ->  Bitmap Index Scan on sbtest5_pkey  (cost=0.00..34.17 rows=973 width=0)
	                    Index Cond: ((id >= 1721707) AND (id <= 1722706))

table 6 : explain SELECT DISTINCT c FROM sbtest6 WHERE id BETWEEN 7289058 AND 7290057 ORDER BY c
	Unique  (cost=4217.96..4223.34 rows=1076 width=121)
	  ->  Sort  (cost=4217.96..4220.65 rows=1076 width=121)
	        Sort Key: c
	        ->  Bitmap Heap Scan on sbtest6  (cost=35.46..4163.77 rows=1076 width=121)
	              Recheck Cond: ((id >= 7289058) AND (id <= 7290057))
	              ->  Bitmap Index Scan on sbtest6_pkey  (cost=0.00..35.20 rows=1076 width=0)
	                    Index Cond: ((id >= 7289058) AND (id <= 7290057))

table 7 : explain SELECT DISTINCT c FROM sbtest7 WHERE id BETWEEN 400530 AND 401529 ORDER BY c
	Unique  (cost=4094.31..4099.53 rows=1043 width=121)
	  ->  Sort  (cost=4094.31..4096.92 rows=1043 width=121)
	        Sort Key: c
	        ->  Bitmap Heap Scan on sbtest7  (cost=35.13..4042.02 rows=1043 width=121)
	              Recheck Cond: ((id >= 400530) AND (id <= 401529))
	              ->  Bitmap Index Scan on sbtest7_pkey  (cost=0.00..34.87 rows=1043 width=0)
	                    Index Cond: ((id >= 400530) AND (id <= 401529))

table 8 : explain SELECT DISTINCT c FROM sbtest8 WHERE id BETWEEN 4122409 AND 4123408 ORDER BY c
	Unique  (cost=3692.28..3696.98 rows=939 width=121)
	  ->  Sort  (cost=3692.28..3694.63 rows=939 width=121)
	        Sort Key: c
	        ->  Bitmap Heap Scan on sbtest8  (cost=34.06..3645.92 rows=939 width=121)
	              Recheck Cond: ((id >= 4122409) AND (id <= 4123408))
	              ->  Bitmap Index Scan on sbtest8_pkey  (cost=0.00..33.83 rows=939 width=0)
	                    Index Cond: ((id >= 4122409) AND (id <= 4123408))

for: order_ranges
table 1 : explain SELECT c FROM sbtest1 WHERE id BETWEEN 910975 AND 911974 ORDER BY c
	Sort  (cost=4199.70..4202.37 rows=1071 width=121)
	  Sort Key: c
	  ->  Bitmap Heap Scan on sbtest1  (cost=35.41..4145.80 rows=1071 width=121)
	        Recheck Cond: ((id >= 910975) AND (id <= 911974))
	        ->  Bitmap Index Scan on sbtest1_pkey  (cost=0.00..35.15 rows=1071 width=0)
	              Index Cond: ((id >= 910975) AND (id <= 911974))

table 2 : explain SELECT c FROM sbtest2 WHERE id BETWEEN 8831153 AND 8832152 ORDER BY c
	Sort  (cost=4073.70..4076.30 rows=1039 width=121)
	  Sort Key: c
	  ->  Bitmap Heap Scan on sbtest2  (cost=35.08..4021.64 rows=1039 width=121)
	        Recheck Cond: ((id >= 8831153) AND (id <= 8832152))
	        ->  Bitmap Index Scan on sbtest2_pkey  (cost=0.00..34.83 rows=1039 width=0)
	              Index Cond: ((id >= 8831153) AND (id <= 8832152))

table 3 : explain SELECT c FROM sbtest3 WHERE id BETWEEN 1763276 AND 1764275 ORDER BY c
	Sort  (cost=3634.93..3637.24 rows=923 width=121)
	  Sort Key: c
	  ->  Bitmap Heap Scan on sbtest3  (cost=33.90..3589.47 rows=923 width=121)
	        Recheck Cond: ((id >= 1763276) AND (id <= 1764275))
	        ->  Bitmap Index Scan on sbtest3_pkey  (cost=0.00..33.67 rows=923 width=0)
	              Index Cond: ((id >= 1763276) AND (id <= 1764275))

table 4 : explain SELECT c FROM sbtest4 WHERE id BETWEEN 3968198 AND 3969197 ORDER BY c
	Sort  (cost=4313.95..4316.69 rows=1099 width=121)
	  Sort Key: c
	  ->  Bitmap Heap Scan on sbtest4  (cost=39.70..4258.43 rows=1099 width=121)
	        Recheck Cond: ((id >= 3968198) AND (id <= 3969197))
	        ->  Bitmap Index Scan on sbtest4_pkey  (cost=0.00..39.43 rows=1099 width=0)
	              Index Cond: ((id >= 3968198) AND (id <= 3969197))

table 5 : explain SELECT c FROM sbtest5 WHERE id BETWEEN 5487742 AND 5488741 ORDER BY c
	Sort  (cost=3761.68..3764.07 rows=956 width=121)
	  Sort Key: c
	  ->  Bitmap Heap Scan on sbtest5  (cost=34.23..3714.35 rows=956 width=121)
	        Recheck Cond: ((id >= 5487742) AND (id <= 5488741))
	        ->  Bitmap Index Scan on sbtest5_pkey  (cost=0.00..34.00 rows=956 width=0)
	              Index Cond: ((id >= 5487742) AND (id <= 5488741))

table 6 : explain SELECT c FROM sbtest6 WHERE id BETWEEN 6761364 AND 6762363 ORDER BY c
	Sort  (cost=4034.43..4037.00 rows=1028 width=121)
	  Sort Key: c
	  ->  Bitmap Heap Scan on sbtest6  (cost=34.97..3983.00 rows=1028 width=121)
	        Recheck Cond: ((id >= 6761364) AND (id <= 6762363))
	        ->  Bitmap Index Scan on sbtest6_pkey  (cost=0.00..34.72 rows=1028 width=0)
	              Index Cond: ((id >= 6761364) AND (id <= 6762363))

table 7 : explain SELECT c FROM sbtest7 WHERE id BETWEEN 2961850 AND 2962849 ORDER BY c
	Sort  (cost=4075.17..4077.76 rows=1038 width=121)
	  Sort Key: c
	  ->  Bitmap Heap Scan on sbtest7  (cost=35.07..4023.17 rows=1038 width=121)
	        Recheck Cond: ((id >= 2961850) AND (id <= 2962849))
	        ->  Bitmap Index Scan on sbtest7_pkey  (cost=0.00..34.82 rows=1038 width=0)
	              Index Cond: ((id >= 2961850) AND (id <= 2962849))

table 8 : explain SELECT c FROM sbtest8 WHERE id BETWEEN 4547227 AND 4548226 ORDER BY c
	Sort  (cost=4052.26..4054.84 rows=1033 width=121)
	  Sort Key: c
	  ->  Bitmap Heap Scan on sbtest8  (cost=35.02..4000.54 rows=1033 width=121)
	        Recheck Cond: ((id >= 4547227) AND (id <= 4548226))
	        ->  Bitmap Index Scan on sbtest8_pkey  (cost=0.00..34.77 rows=1033 width=0)
	              Index Cond: ((id >= 4547227) AND (id <= 4548226))

for: distinct_ranges
table 1 : explain SELECT DISTINCT c FROM sbtest1 WHERE id BETWEEN 9409592 AND 9410591 ORDER BY c
	Unique  (cost=3931.84..3936.84 rows=1001 width=121)
	  ->  Sort  (cost=3931.84..3934.34 rows=1001 width=121)
	        Sort Key: c
	        ->  Bitmap Heap Scan on sbtest1  (cost=34.70..3881.95 rows=1001 width=121)
	              Recheck Cond: ((id >= 9409592) AND (id <= 9410591))
	              ->  Bitmap Index Scan on sbtest1_pkey  (cost=0.00..34.45 rows=1001 width=0)
	                    Index Cond: ((id >= 9409592) AND (id <= 9410591))

table 2 : explain SELECT DISTINCT c FROM sbtest2 WHERE id BETWEEN 8444949 AND 8445948 ORDER BY c
	Unique  (cost=3890.16..3895.11 rows=991 width=121)
	  ->  Sort  (cost=3890.16..3892.64 rows=991 width=121)
	        Sort Key: c
	        ->  Bitmap Heap Scan on sbtest2  (cost=34.59..3840.84 rows=991 width=121)
	              Recheck Cond: ((id >= 8444949) AND (id <= 8445948))
	              ->  Bitmap Index Scan on sbtest2_pkey  (cost=0.00..34.34 rows=991 width=0)
	                    Index Cond: ((id >= 8444949) AND (id <= 8445948))

table 3 : explain SELECT DISTINCT c FROM sbtest3 WHERE id BETWEEN 8721446 AND 8722445 ORDER BY c
	Unique  (cost=3919.04..3924.03 rows=997 width=121)
	  ->  Sort  (cost=3919.04..3921.54 rows=997 width=121)
	        Sort Key: c
	        ->  Bitmap Heap Scan on sbtest3  (cost=34.65..3869.39 rows=997 width=121)
	              Recheck Cond: ((id >= 8721446) AND (id <= 8722445))
	              ->  Bitmap Index Scan on sbtest3_pkey  (cost=0.00..34.41 rows=997 width=0)
	                    Index Cond: ((id >= 8721446) AND (id <= 8722445))

table 4 : explain SELECT DISTINCT c FROM sbtest4 WHERE id BETWEEN 1677299 AND 1678298 ORDER BY c
	Unique  (cost=3604.43..3609.01 rows=915 width=121)
	  ->  Sort  (cost=3604.43..3606.72 rows=915 width=121)
	        Sort Key: c
	        ->  Bitmap Heap Scan on sbtest4  (cost=33.81..3559.43 rows=915 width=121)
	              Recheck Cond: ((id >= 1677299) AND (id <= 1678298))
	              ->  Bitmap Index Scan on sbtest4_pkey  (cost=0.00..33.59 rows=915 width=0)
	                    Index Cond: ((id >= 1677299) AND (id <= 1678298))

table 5 : explain SELECT DISTINCT c FROM sbtest5 WHERE id BETWEEN 6042711 AND 6043710 ORDER BY c
	Unique  (cost=3727.11..3731.85 rows=947 width=121)
	  ->  Sort  (cost=3727.11..3729.48 rows=947 width=121)
	        Sort Key: c
	        ->  Bitmap Heap Scan on sbtest5  (cost=34.14..3680.30 rows=947 width=121)
	              Recheck Cond: ((id >= 6042711) AND (id <= 6043710))
	              ->  Bitmap Index Scan on sbtest5_pkey  (cost=0.00..33.91 rows=947 width=0)
	                    Index Cond: ((id >= 6042711) AND (id <= 6043710))

table 6 : explain SELECT DISTINCT c FROM sbtest6 WHERE id BETWEEN 980806 AND 981805 ORDER BY c
	Unique  (cost=3781.63..3786.44 rows=962 width=121)
	  ->  Sort  (cost=3781.63..3784.04 rows=962 width=121)
	        Sort Key: c
	        ->  Bitmap Heap Scan on sbtest6  (cost=34.30..3733.97 rows=962 width=121)
	              Recheck Cond: ((id >= 980806) AND (id <= 981805))
	              ->  Bitmap Index Scan on sbtest6_pkey  (cost=0.00..34.06 rows=962 width=0)
	                    Index Cond: ((id >= 980806) AND (id <= 981805))

table 7 : explain SELECT DISTINCT c FROM sbtest7 WHERE id BETWEEN 4075224 AND 4076223 ORDER BY c
	Unique  (cost=3791.52..3796.34 rows=964 width=121)
	  ->  Sort  (cost=3791.52..3793.93 rows=964 width=121)
	        Sort Key: c
	        ->  Bitmap Heap Scan on sbtest7  (cost=34.32..3743.74 rows=964 width=121)
	              Recheck Cond: ((id >= 4075224) AND (id <= 4076223))
	              ->  Bitmap Index Scan on sbtest7_pkey  (cost=0.00..34.08 rows=964 width=0)
	                    Index Cond: ((id >= 4075224) AND (id <= 4076223))

table 8 : explain SELECT DISTINCT c FROM sbtest8 WHERE id BETWEEN 6506467 AND 6507466 ORDER BY c
	Unique  (cost=4063.73..4068.91 rows=1036 width=121)
	  ->  Sort  (cost=4063.73..4066.32 rows=1036 width=121)
	        Sort Key: c
	        ->  Bitmap Heap Scan on sbtest8  (cost=35.05..4011.84 rows=1036 width=121)
	              Recheck Cond: ((id >= 6506467) AND (id <= 6507466))
	              ->  Bitmap Index Scan on sbtest8_pkey  (cost=0.00..34.80 rows=1036 width=0)
	                    Index Cond: ((id >= 6506467) AND (id <= 6507466))
for: simple_ranges
table 1 : explain SELECT c FROM sbtest1 WHERE id BETWEEN 2823685 AND 2824684
	Bitmap Heap Scan on sbtest1  (cost=35.13..4040.33 rows=1043 width=121)
	  Recheck Cond: ((id >= 2823685) AND (id <= 2824684))
	  ->  Bitmap Index Scan on sbtest1_pkey  (cost=0.00..34.87 rows=1043 width=0)
	        Index Cond: ((id >= 2823685) AND (id <= 2824684))

table 2 : explain SELECT c FROM sbtest2 WHERE id BETWEEN 2905479 AND 2906478
	Bitmap Heap Scan on sbtest2  (cost=35.59..4205.91 rows=1088 width=121)
	  Recheck Cond: ((id >= 2905479) AND (id <= 2906478))
	  ->  Bitmap Index Scan on sbtest2_pkey  (cost=0.00..35.32 rows=1088 width=0)
	        Index Cond: ((id >= 2905479) AND (id <= 2906478))

table 3 : explain SELECT c FROM sbtest3 WHERE id BETWEEN 302357 AND 303356
	Bitmap Heap Scan on sbtest3  (cost=34.76..3907.16 rows=1007 width=121)
	  Recheck Cond: ((id >= 302357) AND (id <= 303356))
	  ->  Bitmap Index Scan on sbtest3_pkey  (cost=0.00..34.51 rows=1007 width=0)
	        Index Cond: ((id >= 302357) AND (id <= 303356))

table 4 : explain SELECT c FROM sbtest4 WHERE id BETWEEN 9684481 AND 9685480
	Bitmap Heap Scan on sbtest4  (cost=35.11..4035.80 rows=1041 width=121)
	  Recheck Cond: ((id >= 9684481) AND (id <= 9685480))
	  ->  Bitmap Index Scan on sbtest4_pkey  (cost=0.00..34.84 rows=1041 width=0)
	        Index Cond: ((id >= 9684481) AND (id <= 9685480))

table 5 : explain SELECT c FROM sbtest5 WHERE id BETWEEN 6020175 AND 6021174
	Bitmap Heap Scan on sbtest5  (cost=34.14..3680.30 rows=947 width=121)
	  Recheck Cond: ((id >= 6020175) AND (id <= 6021174))
	  ->  Bitmap Index Scan on sbtest5_pkey  (cost=0.00..33.91 rows=947 width=0)
	        Index Cond: ((id >= 6020175) AND (id <= 6021174))

table 6 : explain SELECT c FROM sbtest6 WHERE id BETWEEN 6600149 AND 6601148
	Bitmap Heap Scan on sbtest6  (cost=33.91..3590.33 rows=924 width=121)
	  Recheck Cond: ((id >= 6600149) AND (id <= 6601148))
	  ->  Bitmap Index Scan on sbtest6_pkey  (cost=0.00..33.68 rows=924 width=0)
	        Index Cond: ((id >= 6600149) AND (id <= 6601148))

table 7 : explain SELECT c FROM sbtest7 WHERE id BETWEEN 737620 AND 738619
	Bitmap Heap Scan on sbtest7  (cost=35.55..4196.52 rows=1084 width=121)
	  Recheck Cond: ((id >= 737620) AND (id <= 738619))
	  ->  Bitmap Index Scan on sbtest7_pkey  (cost=0.00..35.28 rows=1084 width=0)
	        Index Cond: ((id >= 737620) AND (id <= 738619))

table 8 : explain SELECT c FROM sbtest8 WHERE id BETWEEN 5704756 AND 5705755
	Bitmap Heap Scan on sbtest8  (cost=35.14..4041.97 rows=1044 width=121)
	  Recheck Cond: ((id >= 5704756) AND (id <= 5705755))
	  ->  Bitmap Index Scan on sbtest8_pkey  (cost=0.00..34.88 rows=1044 width=0)
	        Index Cond: ((id >= 5704756) AND (id <= 5705755))


for: order_ranges
table 1 : explain SELECT c FROM sbtest1 WHERE id BETWEEN 1047832 AND 1048831 ORDER BY c
	Sort  (cost=3801.53..3803.94 rows=967 width=121)
	  Sort Key: c
	  ->  Bitmap Heap Scan on sbtest1  (cost=34.35..3753.57 rows=967 width=121)
	        Recheck Cond: ((id >= 1047832) AND (id <= 1048831))
	        ->  Bitmap Index Scan on sbtest1_pkey  (cost=0.00..34.11 rows=967 width=0)
	              Index Cond: ((id >= 1047832) AND (id <= 1048831))

table 2 : explain SELECT c FROM sbtest2 WHERE id BETWEEN 9105247 AND 9106246 ORDER BY c
	Sort  (cost=3759.98..3762.37 rows=957 width=121)
	  Sort Key: c
	  ->  Bitmap Heap Scan on sbtest2  (cost=34.24..3712.59 rows=957 width=121)
	        Recheck Cond: ((id >= 9105247) AND (id <= 9106246))
	        ->  Bitmap Index Scan on sbtest2_pkey  (cost=0.00..34.01 rows=957 width=0)
	              Index Cond: ((id >= 9105247) AND (id <= 9106246))

table 3 : explain SELECT c FROM sbtest3 WHERE id BETWEEN 2681516 AND 2682515 ORDER BY c
	Sort  (cost=3746.35..3748.73 rows=952 width=121)
	  Sort Key: c
	  ->  Bitmap Heap Scan on sbtest3  (cost=34.19..3699.25 rows=952 width=121)
	        Recheck Cond: ((id >= 2681516) AND (id <= 2682515))
	        ->  Bitmap Index Scan on sbtest3_pkey  (cost=0.00..33.95 rows=952 width=0)
	              Index Cond: ((id >= 2681516) AND (id <= 2682515))

table 4 : explain SELECT c FROM sbtest4 WHERE id BETWEEN 3931882 AND 3932881 ORDER BY c
	Sort  (cost=3639.04..3641.35 rows=924 width=121)
	  Sort Key: c
	  ->  Bitmap Heap Scan on sbtest4  (cost=33.91..3593.52 rows=924 width=121)
	        Recheck Cond: ((id >= 3931882) AND (id <= 3932881))
	        ->  Bitmap Index Scan on sbtest4_pkey  (cost=0.00..33.68 rows=924 width=0)
	              Index Cond: ((id >= 3931882) AND (id <= 3932881))

table 5 : explain SELECT c FROM sbtest5 WHERE id BETWEEN 4338795 AND 4339794 ORDER BY c
	Sort  (cost=3577.08..3579.35 rows=909 width=121)
	  Sort Key: c
	  ->  Bitmap Heap Scan on sbtest5  (cost=29.75..3532.41 rows=909 width=121)
	        Recheck Cond: ((id >= 4338795) AND (id <= 4339794))
	        ->  Bitmap Index Scan on sbtest5_pkey  (cost=0.00..29.52 rows=909 width=0)
	              Index Cond: ((id >= 4338795) AND (id <= 4339794))

table 6 : explain SELECT c FROM sbtest6 WHERE id BETWEEN 7747942 AND 7748941 ORDER BY c
	Sort  (cost=4015.29..4017.85 rows=1023 width=121)
	  Sort Key: c
	  ->  Bitmap Heap Scan on sbtest6  (cost=34.92..3964.15 rows=1023 width=121)
	        Recheck Cond: ((id >= 7747942) AND (id <= 7748941))
	        ->  Bitmap Index Scan on sbtest6_pkey  (cost=0.00..34.67 rows=1023 width=0)
	              Index Cond: ((id >= 7747942) AND (id <= 7748941))

table 7 : explain SELECT c FROM sbtest7 WHERE id BETWEEN 2898898 AND 2899897 ORDER BY c
	Sort  (cost=3741.63..3744.00 rows=951 width=121)
	  Sort Key: c
	  ->  Bitmap Heap Scan on sbtest7  (cost=34.18..3694.58 rows=951 width=121)
	        Recheck Cond: ((id >= 2898898) AND (id <= 2899897))
	        ->  Bitmap Index Scan on sbtest7_pkey  (cost=0.00..33.95 rows=951 width=0)
	              Index Cond: ((id >= 2898898) AND (id <= 2899897))

table 8 : explain SELECT c FROM sbtest8 WHERE id BETWEEN 5607907 AND 5608906 ORDER BY c
	Sort  (cost=4040.78..4043.36 rows=1030 width=121)
	  Sort Key: c
	  ->  Bitmap Heap Scan on sbtest8  (cost=34.99..3989.24 rows=1030 width=121)
	        Recheck Cond: ((id >= 5607907) AND (id <= 5608906))
	        ->  Bitmap Index Scan on sbtest8_pkey  (cost=0.00..34.73 rows=1030 width=0)
	              Index Cond: ((id >= 5607907) AND (id <= 5608906))

for: sum_ranges
table 1 : explain SELECT SUM(k) FROM sbtest1 WHERE id BETWEEN 7680459 AND 7681458
	Aggregate  (cost=3963.72..3963.73 rows=1 width=8)
	  ->  Bitmap Heap Scan on sbtest1  (cost=34.91..3961.17 rows=1022 width=4)
	        Recheck Cond: ((id >= 7680459) AND (id <= 7681458))
	        ->  Bitmap Index Scan on sbtest1_pkey  (cost=0.00..34.66 rows=1022 width=0)
	              Index Cond: ((id >= 7680459) AND (id <= 7681458))

table 2 : explain SELECT SUM(k) FROM sbtest2 WHERE id BETWEEN 8415011 AND 8416010
	Aggregate  (cost=3843.32..3843.33 rows=1 width=8)
	  ->  Bitmap Heap Scan on sbtest2  (cost=34.59..3840.84 rows=991 width=4)
	        Recheck Cond: ((id >= 8415011) AND (id <= 8416010))
	        ->  Bitmap Index Scan on sbtest2_pkey  (cost=0.00..34.34 rows=991 width=0)
	              Index Cond: ((id >= 8415011) AND (id <= 8416010))

table 3 : explain SELECT SUM(k) FROM sbtest3 WHERE id BETWEEN 6132217 AND 6133216
	Aggregate  (cost=4011.67..4011.68 rows=1 width=8)
	  ->  Bitmap Heap Scan on sbtest3  (cost=35.03..4009.08 rows=1034 width=4)
	        Recheck Cond: ((id >= 6132217) AND (id <= 6133216))
	        ->  Bitmap Index Scan on sbtest3_pkey  (cost=0.00..34.78 rows=1034 width=0)
	              Index Cond: ((id >= 6132217) AND (id <= 6133216))

table 4 : explain SELECT SUM(k) FROM sbtest4 WHERE id BETWEEN 3603458 AND 3604457
	Aggregate  (cost=4034.63..4034.64 rows=1 width=8)
	  ->  Bitmap Heap Scan on sbtest4  (cost=35.09..4032.03 rows=1040 width=4)
	        Recheck Cond: ((id >= 3603458) AND (id <= 3604457))
	        ->  Bitmap Index Scan on sbtest4_pkey  (cost=0.00..34.84 rows=1040 width=0)
	              Index Cond: ((id >= 3603458) AND (id <= 3604457))

table 5 : explain SELECT SUM(k) FROM sbtest5 WHERE id BETWEEN 6692856 AND 6693855
	Aggregate  (cost=3447.44..3447.45 rows=1 width=8)
	  ->  Bitmap Heap Scan on sbtest5  (cost=29.52..3445.22 rows=886 width=4)
	        Recheck Cond: ((id >= 6692856) AND (id <= 6693855))
	        ->  Bitmap Index Scan on sbtest5_pkey  (cost=0.00..29.29 rows=886 width=0)
	              Index Cond: ((id >= 6692856) AND (id <= 6693855))

table 6 : explain SELECT SUM(k) FROM sbtest6 WHERE id BETWEEN 6468239 AND 6469238
	Aggregate  (cost=3804.39..3804.40 rows=1 width=8)
	  ->  Bitmap Heap Scan on sbtest6  (cost=34.48..3801.94 rows=980 width=4)
	        Recheck Cond: ((id >= 6468239) AND (id <= 6469238))
	        ->  Bitmap Index Scan on sbtest6_pkey  (cost=0.00..34.23 rows=980 width=0)
	              Index Cond: ((id >= 6468239) AND (id <= 6469238))

table 7 : explain SELECT SUM(k) FROM sbtest7 WHERE id BETWEEN 8938829 AND 8939828
	Aggregate  (cost=4018.21..4018.22 rows=1 width=8)
	  ->  Bitmap Heap Scan on sbtest7  (cost=35.05..4015.62 rows=1036 width=4)
	        Recheck Cond: ((id >= 8938829) AND (id <= 8939828))
	        ->  Bitmap Index Scan on sbtest7_pkey  (cost=0.00..34.80 rows=1036 width=0)
	              Index Cond: ((id >= 8938829) AND (id <= 8939828))

table 8 : explain SELECT SUM(k) FROM sbtest8 WHERE id BETWEEN 2825462 AND 2826461
	Aggregate  (cost=4025.74..4025.75 rows=1 width=8)
	  ->  Bitmap Heap Scan on sbtest8  (cost=35.08..4023.14 rows=1039 width=4)
	        Recheck Cond: ((id >= 2825462) AND (id <= 2826461))
	        ->  Bitmap Index Scan on sbtest8_pkey  (cost=0.00..34.83 rows=1039 width=0)
	              Index Cond: ((id >= 2825462) AND (id <= 2826461))

for: simple_ranges
table 1 : explain SELECT c FROM sbtest1 WHERE id BETWEEN 9325629 AND 9326628
	Bitmap Heap Scan on sbtest1  (cost=34.70..3881.95 rows=1001 width=121)
	  Recheck Cond: ((id >= 9325629) AND (id <= 9326628))
	  ->  Bitmap Index Scan on sbtest1_pkey  (cost=0.00..34.45 rows=1001 width=0)
	        Index Cond: ((id >= 9325629) AND (id <= 9326628))

table 2 : explain SELECT c FROM sbtest2 WHERE id BETWEEN 2605318 AND 2606317
	Bitmap Heap Scan on sbtest2  (cost=34.50..3806.91 rows=982 width=121)
	  Recheck Cond: ((id >= 2605318) AND (id <= 2606317))
	  ->  Bitmap Index Scan on sbtest2_pkey  (cost=0.00..34.26 rows=982 width=0)
	        Index Cond: ((id >= 2605318) AND (id <= 2606317))

table 3 : explain SELECT c FROM sbtest3 WHERE id BETWEEN 9405860 AND 9406859
	Bitmap Heap Scan on sbtest3  (cost=33.78..3547.81 rows=912 width=121)
	  Recheck Cond: ((id >= 9405860) AND (id <= 9406859))
	  ->  Bitmap Index Scan on sbtest3_pkey  (cost=0.00..33.56 rows=912 width=0)
	        Index Cond: ((id >= 9405860) AND (id <= 9406859))

table 4 : explain SELECT c FROM sbtest4 WHERE id BETWEEN 9479526 AND 9480525
	Bitmap Heap Scan on sbtest4  (cost=35.32..4115.01 rows=1062 width=121)
	  Recheck Cond: ((id >= 9479526) AND (id <= 9480525))
	  ->  Bitmap Index Scan on sbtest4_pkey  (cost=0.00..35.06 rows=1062 width=0)
	        Index Cond: ((id >= 9479526) AND (id <= 9480525))

table 5 : explain SELECT c FROM sbtest5 WHERE id BETWEEN 602061 AND 603060
	Bitmap Heap Scan on sbtest5  (cost=35.56..4201.33 rows=1085 width=121)
	  Recheck Cond: ((id >= 602061) AND (id <= 603060))
	  ->  Bitmap Index Scan on sbtest5_pkey  (cost=0.00..35.29 rows=1085 width=0)
	        Index Cond: ((id >= 602061) AND (id <= 603060))

table 6 : explain SELECT c FROM sbtest6 WHERE id BETWEEN 7933281 AND 7934280
	Bitmap Heap Scan on sbtest6  (cost=34.81..3922.68 rows=1012 width=121)
	  Recheck Cond: ((id >= 7933281) AND (id <= 7934280))
	  ->  Bitmap Index Scan on sbtest6_pkey  (cost=0.00..34.56 rows=1012 width=0)
	        Index Cond: ((id >= 7933281) AND (id <= 7934280))

table 7 : explain SELECT c FROM sbtest7 WHERE id BETWEEN 190659 AND 191658
	Bitmap Heap Scan on sbtest7  (cost=34.24..3717.28 rows=957 width=121)
	  Recheck Cond: ((id >= 190659) AND (id <= 191658))
	  ->  Bitmap Index Scan on sbtest7_pkey  (cost=0.00..34.01 rows=957 width=0)
	        Index Cond: ((id >= 190659) AND (id <= 191658))

table 8 : explain SELECT c FROM sbtest8 WHERE id BETWEEN 2925138 AND 2926137
	Bitmap Heap Scan on sbtest8  (cost=34.21..3702.59 rows=954 width=121)
	  Recheck Cond: ((id >= 2925138) AND (id <= 2926137))
	  ->  Bitmap Index Scan on sbtest8_pkey  (cost=0.00..33.98 rows=954 width=0)
	        Index Cond: ((id >= 2925138) AND (id <= 2926137))

explain: for point_selects :: explain SELECT c FROM sbtest%u WHERE id=%u
for: simple_ranges
table 1 : explain SELECT c FROM sbtest1 WHERE id BETWEEN 5399264 AND 5400263
	Bitmap Heap Scan on sbtest1  (cost=35.45..4160.86 rows=1075 width=121)
	  Recheck Cond: ((id >= 5399264) AND (id <= 5400263))
	  ->  Bitmap Index Scan on sbtest1_pkey  (cost=0.00..35.19 rows=1075 width=0)
	        Index Cond: ((id >= 5399264) AND (id <= 5400263))

table 2 : explain SELECT c FROM sbtest2 WHERE id BETWEEN 9933156 AND 9934155
	Bitmap Heap Scan on sbtest2  (cost=34.33..3742.78 rows=965 width=121)
	  Recheck Cond: ((id >= 9933156) AND (id <= 9934155))
	  ->  Bitmap Index Scan on sbtest2_pkey  (cost=0.00..34.09 rows=965 width=0)
	        Index Cond: ((id >= 9933156) AND (id <= 9934155))

table 3 : explain SELECT c FROM sbtest3 WHERE id BETWEEN 8977621 AND 8978620
	Bitmap Heap Scan on sbtest3  (cost=35.47..4171.23 rows=1077 width=121)
	  Recheck Cond: ((id >= 8977621) AND (id <= 8978620))
	  ->  Bitmap Index Scan on sbtest3_pkey  (cost=0.00..35.20 rows=1077 width=0)
	        Index Cond: ((id >= 8977621) AND (id <= 8978620))

table 4 : explain SELECT c FROM sbtest4 WHERE id BETWEEN 295609 AND 296608
	Bitmap Heap Scan on sbtest4  (cost=34.41..3778.96 rows=973 width=121)
	  Recheck Cond: ((id >= 295609) AND (id <= 296608))
	  ->  Bitmap Index Scan on sbtest4_pkey  (cost=0.00..34.17 rows=973 width=0)
	        Index Cond: ((id >= 295609) AND (id <= 296608))

table 5 : explain SELECT c FROM sbtest5 WHERE id BETWEEN 2525864 AND 2526863
	Bitmap Heap Scan on sbtest5  (cost=34.77..3910.90 rows=1008 width=121)
	  Recheck Cond: ((id >= 2525864) AND (id <= 2526863))
	  ->  Bitmap Index Scan on sbtest5_pkey  (cost=0.00..34.52 rows=1008 width=0)
	        Index Cond: ((id >= 2525864) AND (id <= 2526863))

table 6 : explain SELECT c FROM sbtest6 WHERE id BETWEEN 5811274 AND 5812273
	Bitmap Heap Scan on sbtest6  (cost=40.29..4468.46 rows=1157 width=121)
	  Recheck Cond: ((id >= 5811274) AND (id <= 5812273))
	  ->  Bitmap Index Scan on sbtest6_pkey  (cost=0.00..40.01 rows=1157 width=0)
	        Index Cond: ((id >= 5811274) AND (id <= 5812273))

table 7 : explain SELECT c FROM sbtest7 WHERE id BETWEEN 1840602 AND 1841601
	Bitmap Heap Scan on sbtest7  (cost=34.91..3962.81 rows=1022 width=121)
	  Recheck Cond: ((id >= 1840602) AND (id <= 1841601))
	  ->  Bitmap Index Scan on sbtest7_pkey  (cost=0.00..34.66 rows=1022 width=0)
	        Index Cond: ((id >= 1840602) AND (id <= 1841601))

table 8 : explain SELECT c FROM sbtest8 WHERE id BETWEEN 8529301 AND 8530300
	Bitmap Heap Scan on sbtest8  (cost=34.09..3657.26 rows=942 width=121)
	  Recheck Cond: ((id >= 8529301) AND (id <= 8530300))
	  ->  Bitmap Index Scan on sbtest8_pkey  (cost=0.00..33.86 rows=942 width=0)
	        Index Cond: ((id >= 8529301) AND (id <= 8530300))

for: distinct_ranges
table 1 : explain SELECT DISTINCT c FROM sbtest1 WHERE id BETWEEN 2680977 AND 2681976 ORDER BY c
	Unique  (cost=4214.98..4220.36 rows=1075 width=121)
	  ->  Sort  (cost=4214.98..4217.67 rows=1075 width=121)
	        Sort Key: c
	        ->  Bitmap Heap Scan on sbtest1  (cost=35.45..4160.86 rows=1075 width=121)
	              Recheck Cond: ((id >= 2680977) AND (id <= 2681976))
	              ->  Bitmap Index Scan on sbtest1_pkey  (cost=0.00..35.19 rows=1075 width=0)
	                    Index Cond: ((id >= 2680977) AND (id <= 2681976))

table 2 : explain SELECT DISTINCT c FROM sbtest2 WHERE id BETWEEN 6676714 AND 6677713 ORDER BY c
	Unique  (cost=4260.79..4266.23 rows=1088 width=121)
	  ->  Sort  (cost=4260.79..4263.51 rows=1088 width=121)
	        Sort Key: c
	        ->  Bitmap Heap Scan on sbtest2  (cost=35.59..4205.91 rows=1088 width=121)
	              Recheck Cond: ((id >= 6676714) AND (id <= 6677713))
	              ->  Bitmap Index Scan on sbtest2_pkey  (cost=0.00..35.32 rows=1088 width=0)
	                    Index Cond: ((id >= 6676714) AND (id <= 6677713))

table 3 : explain SELECT DISTINCT c FROM sbtest3 WHERE id BETWEEN 9355955 AND 9356954 ORDER BY c
	Unique  (cost=3850.00..3854.89 rows=979 width=121)
	  ->  Sort  (cost=3850.00..3852.44 rows=979 width=121)
	        Sort Key: c
	        ->  Bitmap Heap Scan on sbtest3  (cost=34.47..3801.36 rows=979 width=121)
	              Recheck Cond: ((id >= 9355955) AND (id <= 9356954))
	              ->  Bitmap Index Scan on sbtest3_pkey  (cost=0.00..34.23 rows=979 width=0)
	                    Index Cond: ((id >= 9355955) AND (id <= 9356954))

table 4 : explain SELECT DISTINCT c FROM sbtest4 WHERE id BETWEEN 9393324 AND 9394323 ORDER BY c
	Unique  (cost=3461.93..3466.33 rows=879 width=121)
	  ->  Sort  (cost=3461.93..3464.13 rows=879 width=121)
	        Sort Key: c
	        ->  Bitmap Heap Scan on sbtest4  (cost=29.44..3418.95 rows=879 width=121)
	              Recheck Cond: ((id >= 9393324) AND (id <= 9394323))
	              ->  Bitmap Index Scan on sbtest4_pkey  (cost=0.00..29.22 rows=879 width=0)
	                    Index Cond: ((id >= 9393324) AND (id <= 9394323))

table 5 : explain SELECT DISTINCT c FROM sbtest5 WHERE id BETWEEN 171572 AND 172571 ORDER BY c
	Unique  (cost=3853.80..3858.70 rows=980 width=121)
	  ->  Sort  (cost=3853.80..3856.25 rows=980 width=121)
	        Sort Key: c
	        ->  Bitmap Heap Scan on sbtest5  (cost=34.48..3805.11 rows=980 width=121)
	              Recheck Cond: ((id >= 171572) AND (id <= 172571))
	              ->  Bitmap Index Scan on sbtest5_pkey  (cost=0.00..34.23 rows=980 width=0)
	                    Index Cond: ((id >= 171572) AND (id <= 172571))

table 6 : explain SELECT DISTINCT c FROM sbtest6 WHERE id BETWEEN 6919621 AND 6920620 ORDER BY c
	Unique  (cost=3942.56..3947.58 rows=1004 width=121)
	  ->  Sort  (cost=3942.56..3945.07 rows=1004 width=121)
	        Sort Key: c
	        ->  Bitmap Heap Scan on sbtest6  (cost=34.73..3892.51 rows=1004 width=121)
	              Recheck Cond: ((id >= 6919621) AND (id <= 6920620))
	              ->  Bitmap Index Scan on sbtest6_pkey  (cost=0.00..34.48 rows=1004 width=0)
	                    Index Cond: ((id >= 6919621) AND (id <= 6920620))

table 7 : explain SELECT DISTINCT c FROM sbtest7 WHERE id BETWEEN 1910060 AND 1911059 ORDER BY c
	Unique  (cost=3637.93..3642.55 rows=924 width=121)
	  ->  Sort  (cost=3637.93..3640.24 rows=924 width=121)
	        Sort Key: c
	        ->  Bitmap Heap Scan on sbtest7  (cost=33.91..3592.41 rows=924 width=121)
	              Recheck Cond: ((id >= 1910060) AND (id <= 1911059))
	              ->  Bitmap Index Scan on sbtest7_pkey  (cost=0.00..33.68 rows=924 width=0)
	                    Index Cond: ((id >= 1910060) AND (id <= 1911059))

table 8 : explain SELECT DISTINCT c FROM sbtest8 WHERE id BETWEEN 1079287 AND 1080286 ORDER BY c
	Unique  (cost=3837.93..3842.82 rows=977 width=121)
	  ->  Sort  (cost=3837.93..3840.38 rows=977 width=121)
	        Sort Key: c
	        ->  Bitmap Heap Scan on sbtest8  (cost=34.45..3789.42 rows=977 width=121)
	              Recheck Cond: ((id >= 1079287) AND (id <= 1080286))
	              ->  Bitmap Index Scan on sbtest8_pkey  (cost=0.00..34.20 rows=977 width=0)
	                    Index Cond: ((id >= 1079287) AND (id <= 1080286))

for: order_ranges
table 1 : explain SELECT c FROM sbtest1 WHERE id BETWEEN 5274860 AND 5275859 ORDER BY c
	Sort  (cost=4169.11..4171.77 rows=1063 width=121)
	  Sort Key: c
	  ->  Bitmap Heap Scan on sbtest1  (cost=35.33..4115.68 rows=1063 width=121)
	        Recheck Cond: ((id >= 5274860) AND (id <= 5275859))
	        ->  Bitmap Index Scan on sbtest1_pkey  (cost=0.00..35.07 rows=1063 width=0)
	              Index Cond: ((id >= 5274860) AND (id <= 5275859))

table 2 : explain SELECT c FROM sbtest2 WHERE id BETWEEN 4244657 AND 4245656 ORDER BY c
	Sort  (cost=3959.02..3961.54 rows=1009 width=121)
	  Sort Key: c
	  ->  Bitmap Heap Scan on sbtest2  (cost=34.78..3908.68 rows=1009 width=121)
	        Recheck Cond: ((id >= 4244657) AND (id <= 4245656))
	        ->  Bitmap Index Scan on sbtest2_pkey  (cost=0.00..34.53 rows=1009 width=0)
	              Index Cond: ((id >= 4244657) AND (id <= 4245656))

table 3 : explain SELECT c FROM sbtest3 WHERE id BETWEEN 6517338 AND 6518337 ORDER BY c
	Sort  (cost=3773.23..3775.63 rows=959 width=121)
	  Sort Key: c
	  ->  Bitmap Heap Scan on sbtest3  (cost=34.26..3725.73 rows=959 width=121)
	        Recheck Cond: ((id >= 6517338) AND (id <= 6518337))
	        ->  Bitmap Index Scan on sbtest3_pkey  (cost=0.00..34.03 rows=959 width=0)
	              Index Cond: ((id >= 6517338) AND (id <= 6518337))

table 4 : explain SELECT c FROM sbtest4 WHERE id BETWEEN 9333467 AND 9334466 ORDER BY c
	Sort  (cost=3461.93..3464.13 rows=879 width=121)
	  Sort Key: c
	  ->  Bitmap Heap Scan on sbtest4  (cost=29.44..3418.95 rows=879 width=121)
	        Recheck Cond: ((id >= 9333467) AND (id <= 9334466))
	        ->  Bitmap Index Scan on sbtest4_pkey  (cost=0.00..29.22 rows=879 width=0)
	              Index Cond: ((id >= 9333467) AND (id <= 9334466))

table 5 : explain SELECT c FROM sbtest5 WHERE id BETWEEN 5252964 AND 5253963 ORDER BY c
	Sort  (cost=4156.55..4159.19 rows=1059 width=121)
	  Sort Key: c
	  ->  Bitmap Heap Scan on sbtest5  (cost=35.29..4103.34 rows=1059 width=121)
	        Recheck Cond: ((id >= 5252964) AND (id <= 5253963))
	        ->  Bitmap Index Scan on sbtest5_pkey  (cost=0.00..35.03 rows=1059 width=0)
	              Index Cond: ((id >= 5252964) AND (id <= 5253963))

table 6 : explain SELECT c FROM sbtest6 WHERE id BETWEEN 2747518 AND 2748517 ORDER BY c
	Sort  (cost=4259.98..4262.70 rows=1087 width=121)
	  Sort Key: c
	  ->  Bitmap Heap Scan on sbtest6  (cost=35.58..4205.16 rows=1087 width=121)
	        Recheck Cond: ((id >= 2747518) AND (id <= 2748517))
	        ->  Bitmap Index Scan on sbtest6_pkey  (cost=0.00..35.31 rows=1087 width=0)
	              Index Cond: ((id >= 2747518) AND (id <= 2748517))

table 7 : explain SELECT c FROM sbtest7 WHERE id BETWEEN 1867957 AND 1868956 ORDER BY c
	Sort  (cost=3637.93..3640.24 rows=924 width=121)
	  Sort Key: c
	  ->  Bitmap Heap Scan on sbtest7  (cost=33.91..3592.41 rows=924 width=121)
	        Recheck Cond: ((id >= 1867957) AND (id <= 1868956))
	        ->  Bitmap Index Scan on sbtest7_pkey  (cost=0.00..33.68 rows=924 width=0)
	              Index Cond: ((id >= 1867957) AND (id <= 1868956))

table 8 : explain SELECT c FROM sbtest8 WHERE id BETWEEN 569345 AND 570344 ORDER BY c
	Sort  (cost=4059.90..4062.49 rows=1035 width=121)
	  Sort Key: c
	  ->  Bitmap Heap Scan on sbtest8  (cost=35.04..4008.07 rows=1035 width=121)
	        Recheck Cond: ((id >= 569345) AND (id <= 570344))
	        ->  Bitmap Index Scan on sbtest8_pkey  (cost=0.00..34.79 rows=1035 width=0)
	              Index Cond: ((id >= 569345) AND (id <= 570344))

for: distinct_ranges
table 1 : explain SELECT DISTINCT c FROM sbtest1 WHERE id BETWEEN 5516735 AND 5517734 ORDER BY c
	Unique  (cost=3897.36..3902.32 rows=992 width=121)
	  ->  Sort  (cost=3897.36..3899.84 rows=992 width=121)
	        Sort Key: c
	        ->  Bitmap Heap Scan on sbtest1  (cost=34.60..3847.98 rows=992 width=121)
	              Recheck Cond: ((id >= 5516735) AND (id <= 5517734))
	              ->  Bitmap Index Scan on sbtest1_pkey  (cost=0.00..34.36 rows=992 width=0)
	                    Index Cond: ((id >= 5516735) AND (id <= 5517734))

table 2 : explain SELECT DISTINCT c FROM sbtest2 WHERE id BETWEEN 758941 AND 759940 ORDER BY c
	Unique  (cost=3805.94..3810.78 rows=969 width=121)
	  ->  Sort  (cost=3805.94..3808.36 rows=969 width=121)
	        Sort Key: c
	        ->  Bitmap Heap Scan on sbtest2  (cost=34.37..3757.88 rows=969 width=121)
	              Recheck Cond: ((id >= 758941) AND (id <= 759940))
	              ->  Bitmap Index Scan on sbtest2_pkey  (cost=0.00..34.12 rows=969 width=0)
	                    Index Cond: ((id >= 758941) AND (id <= 759940))

table 3 : explain SELECT DISTINCT c FROM sbtest3 WHERE id BETWEEN 5657003 AND 5658002 ORDER BY c
	Unique  (cost=4206.34..4211.70 rows=1072 width=121)
	  ->  Sort  (cost=4206.34..4209.02 rows=1072 width=121)
	        Sort Key: c
	        ->  Bitmap Heap Scan on sbtest3  (cost=35.42..4152.38 rows=1072 width=121)
	              Recheck Cond: ((id >= 5657003) AND (id <= 5658002))
	              ->  Bitmap Index Scan on sbtest3_pkey  (cost=0.00..35.16 rows=1072 width=0)
	                    Index Cond: ((id >= 5657003) AND (id <= 5658002))

table 4 : explain SELECT DISTINCT c FROM sbtest4 WHERE id BETWEEN 2958809 AND 2959808 ORDER BY c
	Unique  (cost=4462.99..4468.68 rows=1138 width=121)
	  ->  Sort  (cost=4462.99..4465.83 rows=1138 width=121)
	        Sort Key: c
	        ->  Bitmap Heap Scan on sbtest4  (cost=40.10..4405.22 rows=1138 width=121)
	              Recheck Cond: ((id >= 2958809) AND (id <= 2959808))
	              ->  Bitmap Index Scan on sbtest4_pkey  (cost=0.00..39.82 rows=1138 width=0)
	                    Index Cond: ((id >= 2958809) AND (id <= 2959808))

table 5 : explain SELECT DISTINCT c FROM sbtest5 WHERE id BETWEEN 289196 AND 290195 ORDER BY c
	Unique  (cost=4003.34..4008.44 rows=1019 width=121)
	  ->  Sort  (cost=4003.34..4005.89 rows=1019 width=121)
	        Sort Key: c
	        ->  Bitmap Heap Scan on sbtest5  (cost=34.88..3952.43 rows=1019 width=121)
	              Recheck Cond: ((id >= 289196) AND (id <= 290195))
	              ->  Bitmap Index Scan on sbtest5_pkey  (cost=0.00..34.62 rows=1019 width=0)
	                    Index Cond: ((id >= 289196) AND (id <= 290195))

table 6 : explain SELECT DISTINCT c FROM sbtest6 WHERE id BETWEEN 7129299 AND 7130298 ORDER BY c
	Unique  (cost=4149.16..4154.45 rows=1058 width=121)
	  ->  Sort  (cost=4149.16..4151.81 rows=1058 width=121)
	        Sort Key: c
	        ->  Bitmap Heap Scan on sbtest6  (cost=35.28..4096.02 rows=1058 width=121)
	              Recheck Cond: ((id >= 7129299) AND (id <= 7130298))
	              ->  Bitmap Index Scan on sbtest6_pkey  (cost=0.00..35.02 rows=1058 width=0)
	                    Index Cond: ((id >= 7129299) AND (id <= 7130298))

table 7 : explain SELECT DISTINCT c FROM sbtest7 WHERE id BETWEEN 3712295 AND 3713294 ORDER BY c
	Unique  (cost=3971.75..3976.81 rows=1011 width=121)
	  ->  Sort  (cost=3971.75..3974.28 rows=1011 width=121)
	        Sort Key: c
	        ->  Bitmap Heap Scan on sbtest7  (cost=34.80..3921.29 rows=1011 width=121)
	              Recheck Cond: ((id >= 3712295) AND (id <= 3713294))
	              ->  Bitmap Index Scan on sbtest7_pkey  (cost=0.00..34.55 rows=1011 width=0)
	                    Index Cond: ((id >= 3712295) AND (id <= 3713294))

table 8 : explain SELECT DISTINCT c FROM sbtest8 WHERE id BETWEEN 4645758 AND 4646757 ORDER BY c
	Unique  (cost=3703.79..3708.50 rows=942 width=121)
	  ->  Sort  (cost=3703.79..3706.14 rows=942 width=121)
	        Sort Key: c
	        ->  Bitmap Heap Scan on sbtest8  (cost=34.09..3657.26 rows=942 width=121)
	              Recheck Cond: ((id >= 4645758) AND (id <= 4646757))
	              ->  Bitmap Index Scan on sbtest8_pkey  (cost=0.00..33.86 rows=942 width=0)
	                    Index Cond: ((id >= 4645758) AND (id <= 4646757))

explain: for point_selects :: explain SELECT c FROM sbtest%u WHERE id=%u
for: sum_ranges
table 1 : explain SELECT SUM(k) FROM sbtest1 WHERE id BETWEEN 222792 AND 223791
	Aggregate  (cost=3536.30..3536.31 rows=1 width=8)
	  ->  Bitmap Heap Scan on sbtest1  (cost=29.76..3534.02 rows=910 width=4)
	        Recheck Cond: ((id >= 222792) AND (id <= 223791))
	        ->  Bitmap Index Scan on sbtest1_pkey  (cost=0.00..29.54 rows=910 width=0)
	              Index Cond: ((id >= 222792) AND (id <= 223791))

table 2 : explain SELECT SUM(k) FROM sbtest2 WHERE id BETWEEN 6460018 AND 6461017
	Aggregate  (cost=3930.05..3930.06 rows=1 width=8)
	  ->  Bitmap Heap Scan on sbtest2  (cost=34.83..3927.51 rows=1014 width=4)
	        Recheck Cond: ((id >= 6460018) AND (id <= 6461017))
	        ->  Bitmap Index Scan on sbtest2_pkey  (cost=0.00..34.58 rows=1014 width=0)
	              Index Cond: ((id >= 6460018) AND (id <= 6461017))

table 3 : explain SELECT SUM(k) FROM sbtest3 WHERE id BETWEEN 4240143 AND 4241142
	Aggregate  (cost=3992.79..3992.80 rows=1 width=8)
	  ->  Bitmap Heap Scan on sbtest3  (cost=34.98..3990.22 rows=1029 width=4)
	        Recheck Cond: ((id >= 4240143) AND (id <= 4241142))
	        ->  Bitmap Index Scan on sbtest3_pkey  (cost=0.00..34.73 rows=1029 width=0)
	              Index Cond: ((id >= 4240143) AND (id <= 4241142))

table 4 : explain SELECT SUM(k) FROM sbtest4 WHERE id BETWEEN 6602325 AND 6603324
	Aggregate  (cost=3773.82..3773.83 rows=1 width=8)
	  ->  Bitmap Heap Scan on sbtest4  (cost=34.39..3771.40 rows=971 width=4)
	        Recheck Cond: ((id >= 6602325) AND (id <= 6603324))
	        ->  Bitmap Index Scan on sbtest4_pkey  (cost=0.00..34.15 rows=971 width=0)
	              Index Cond: ((id >= 6602325) AND (id <= 6603324))

table 5 : explain SELECT SUM(k) FROM sbtest5 WHERE id BETWEEN 9474011 AND 9475010
	Aggregate  (cost=3803.77..3803.78 rows=1 width=8)
	  ->  Bitmap Heap Scan on sbtest5  (cost=34.47..3801.33 rows=979 width=4)
	        Recheck Cond: ((id >= 9474011) AND (id <= 9475010))
	        ->  Bitmap Index Scan on sbtest5_pkey  (cost=0.00..34.23 rows=979 width=0)
	              Index Cond: ((id >= 9474011) AND (id <= 9475010))

table 6 : explain SELECT SUM(k) FROM sbtest6 WHERE id BETWEEN 727673 AND 728672
	Aggregate  (cost=4147.63..4147.64 rows=1 width=8)
	  ->  Bitmap Heap Scan on sbtest6  (cost=35.41..4144.95 rows=1071 width=4)
	        Recheck Cond: ((id >= 727673) AND (id <= 728672))
	        ->  Bitmap Index Scan on sbtest6_pkey  (cost=0.00..35.15 rows=1071 width=0)
	              Index Cond: ((id >= 727673) AND (id <= 728672))

table 7 : explain SELECT SUM(k) FROM sbtest7 WHERE id BETWEEN 4425656 AND 4426655
	Aggregate  (cost=3715.88..3715.89 rows=1 width=8)
	  ->  Bitmap Heap Scan on sbtest7  (cost=34.23..3713.49 rows=956 width=4)
	        Recheck Cond: ((id >= 4425656) AND (id <= 4426655))
	        ->  Bitmap Index Scan on sbtest7_pkey  (cost=0.00..34.00 rows=956 width=0)
	              Index Cond: ((id >= 4425656) AND (id <= 4426655))

table 8 : explain SELECT SUM(k) FROM sbtest8 WHERE id BETWEEN 1827616 AND 1828615
	Aggregate  (cost=3908.86..3908.87 rows=1 width=8)
	  ->  Bitmap Heap Scan on sbtest8  (cost=34.77..3906.34 rows=1008 width=4)
	        Recheck Cond: ((id >= 1827616) AND (id <= 1828615))
	        ->  Bitmap Index Scan on sbtest8_pkey  (cost=0.00..34.52 rows=1008 width=0)
	              Index Cond: ((id >= 1827616) AND (id <= 1828615))

for: sum_ranges
table 1 : explain SELECT SUM(k) FROM sbtest1 WHERE id BETWEEN 1801868 AND 1802867
	Aggregate  (cost=3831.58..3831.59 rows=1 width=8)
	  ->  Bitmap Heap Scan on sbtest1  (cost=34.55..3829.11 rows=987 width=4)
	        Recheck Cond: ((id >= 1801868) AND (id <= 1802867))
	        ->  Bitmap Index Scan on sbtest1_pkey  (cost=0.00..34.31 rows=987 width=0)
	              Index Cond: ((id >= 1801868) AND (id <= 1802867))

table 2 : explain SELECT SUM(k) FROM sbtest2 WHERE id BETWEEN 3609684 AND 3610683
	Aggregate  (cost=3745.20..3745.21 rows=1 width=8)
	  ->  Bitmap Heap Scan on sbtest2  (cost=34.33..3742.78 rows=965 width=4)
	        Recheck Cond: ((id >= 3609684) AND (id <= 3610683))
	        ->  Bitmap Index Scan on sbtest2_pkey  (cost=0.00..34.09 rows=965 width=0)
	              Index Cond: ((id >= 3609684) AND (id <= 3610683))

table 3 : explain SELECT SUM(k) FROM sbtest3 WHERE id BETWEEN 1950351 AND 1951350
	Aggregate  (cost=3989.01..3989.02 rows=1 width=8)
	  ->  Bitmap Heap Scan on sbtest3  (cost=34.97..3986.44 rows=1028 width=4)
	        Recheck Cond: ((id >= 1950351) AND (id <= 1951350))
	        ->  Bitmap Index Scan on sbtest3_pkey  (cost=0.00..34.72 rows=1028 width=0)
	              Index Cond: ((id >= 1950351) AND (id <= 1951350))

table 4 : explain SELECT SUM(k) FROM sbtest4 WHERE id BETWEEN 5906683 AND 5907682
	Aggregate  (cost=4106.35..4106.36 rows=1 width=8)
	  ->  Bitmap Heap Scan on sbtest4  (cost=35.29..4103.70 rows=1059 width=4)
	        Recheck Cond: ((id >= 5906683) AND (id <= 5907682))
	        ->  Bitmap Index Scan on sbtest4_pkey  (cost=0.00..35.03 rows=1059 width=0)
	              Index Cond: ((id >= 5906683) AND (id <= 5907682))

table 5 : explain SELECT SUM(k) FROM sbtest5 WHERE id BETWEEN 2810591 AND 2811590
	Aggregate  (cost=3905.86..3905.87 rows=1 width=8)
	  ->  Bitmap Heap Scan on sbtest5  (cost=34.75..3903.34 rows=1006 width=4)
	        Recheck Cond: ((id >= 2810591) AND (id <= 2811590))
	        ->  Bitmap Index Scan on sbtest5_pkey  (cost=0.00..34.50 rows=1006 width=0)
	              Index Cond: ((id >= 2810591) AND (id <= 2811590))

table 6 : explain SELECT SUM(k) FROM sbtest6 WHERE id BETWEEN 9303282 AND 9304281
	Aggregate  (cost=3898.79..3898.80 rows=1 width=8)
	  ->  Bitmap Heap Scan on sbtest6  (cost=34.74..3896.28 rows=1005 width=4)
	        Recheck Cond: ((id >= 9303282) AND (id <= 9304281))
	        ->  Bitmap Index Scan on sbtest6_pkey  (cost=0.00..34.48 rows=1005 width=0)
	              Index Cond: ((id >= 9303282) AND (id <= 9304281))

table 7 : explain SELECT SUM(k) FROM sbtest7 WHERE id BETWEEN 3455077 AND 3456076
	Aggregate  (cost=3461.85..3461.86 rows=1 width=8)
	  ->  Bitmap Heap Scan on sbtest7  (cost=29.56..3459.62 rows=890 width=4)
	        Recheck Cond: ((id >= 3455077) AND (id <= 3456076))
	        ->  Bitmap Index Scan on sbtest7_pkey  (cost=0.00..29.33 rows=890 width=0)
	              Index Cond: ((id >= 3455077) AND (id <= 3456076))

table 8 : explain SELECT SUM(k) FROM sbtest8 WHERE id BETWEEN 3180692 AND 3181691
	Aggregate  (cost=4021.97..4021.98 rows=1 width=8)
	  ->  Bitmap Heap Scan on sbtest8  (cost=35.07..4019.37 rows=1038 width=4)
	        Recheck Cond: ((id >= 3180692) AND (id <= 3181691))
	        ->  Bitmap Index Scan on sbtest8_pkey  (cost=0.00..34.82 rows=1038 width=0)
	              Index Cond: ((id >= 3180692) AND (id <= 3181691))

for: sum_ranges
table 1 : explain SELECT SUM(k) FROM sbtest1 WHERE id BETWEEN 9856060 AND 9857059
	Aggregate  (cost=3858.02..3858.03 rows=1 width=8)
	  ->  Bitmap Heap Scan on sbtest1  (cost=34.62..3855.53 rows=994 width=4)
	        Recheck Cond: ((id >= 9856060) AND (id <= 9857059))
	        ->  Bitmap Index Scan on sbtest1_pkey  (cost=0.00..34.38 rows=994 width=0)
	              Index Cond: ((id >= 9856060) AND (id <= 9857059))

table 2 : explain SELECT SUM(k) FROM sbtest2 WHERE id BETWEEN 1873720 AND 1874719
	Aggregate  (cost=3914.97..3914.98 rows=1 width=8)
	  ->  Bitmap Heap Scan on sbtest2  (cost=34.79..3912.44 rows=1010 width=4)
	        Recheck Cond: ((id >= 1873720) AND (id <= 1874719))
	        ->  Bitmap Index Scan on sbtest2_pkey  (cost=0.00..34.54 rows=1010 width=0)
	              Index Cond: ((id >= 1873720) AND (id <= 1874719))

table 3 : explain SELECT SUM(k) FROM sbtest3 WHERE id BETWEEN 4864288 AND 4865287
	Aggregate  (cost=3875.66..3875.67 rows=1 width=8)
	  ->  Bitmap Heap Scan on sbtest3  (cost=34.66..3873.16 rows=998 width=4)
	        Recheck Cond: ((id >= 4864288) AND (id <= 4865287))
	        ->  Bitmap Index Scan on sbtest3_pkey  (cost=0.00..34.42 rows=998 width=0)
	              Index Cond: ((id >= 4864288) AND (id <= 4865287))

table 4 : explain SELECT SUM(k) FROM sbtest4 WHERE id BETWEEN 925673 AND 926672
	Aggregate  (cost=3694.33..3694.34 rows=1 width=8)
	  ->  Bitmap Heap Scan on sbtest4  (cost=34.17..3691.95 rows=950 width=4)
	        Recheck Cond: ((id >= 925673) AND (id <= 926672))
	        ->  Bitmap Index Scan on sbtest4_pkey  (cost=0.00..33.94 rows=950 width=0)
	              Index Cond: ((id >= 925673) AND (id <= 926672))

table 5 : explain SELECT SUM(k) FROM sbtest5 WHERE id BETWEEN 9453207 AND 9454206
	Aggregate  (cost=3803.77..3803.78 rows=1 width=8)
	  ->  Bitmap Heap Scan on sbtest5  (cost=34.47..3801.33 rows=979 width=4)
	        Recheck Cond: ((id >= 9453207) AND (id <= 9454206))
	        ->  Bitmap Index Scan on sbtest5_pkey  (cost=0.00..34.23 rows=979 width=0)
	              Index Cond: ((id >= 9453207) AND (id <= 9454206))

table 6 : explain SELECT SUM(k) FROM sbtest6 WHERE id BETWEEN 3265849 AND 3266848
	Aggregate  (cost=4068.51..4068.52 rows=1 width=8)
	  ->  Bitmap Heap Scan on sbtest6  (cost=35.20..4065.89 rows=1050 width=4)
	        Recheck Cond: ((id >= 3265849) AND (id <= 3266848))
	        ->  Bitmap Index Scan on sbtest6_pkey  (cost=0.00..34.94 rows=1050 width=0)
	              Index Cond: ((id >= 3265849) AND (id <= 3266848))

table 7 : explain SELECT SUM(k) FROM sbtest7 WHERE id BETWEEN 9539314 AND 9540313
	Aggregate  (cost=4169.08..4169.09 rows=1 width=8)
	  ->  Bitmap Heap Scan on sbtest7  (cost=35.46..4166.39 rows=1076 width=4)
	        Recheck Cond: ((id >= 9539314) AND (id <= 9540313))
	        ->  Bitmap Index Scan on sbtest7_pkey  (cost=0.00..35.20 rows=1076 width=0)
	              Index Cond: ((id >= 9539314) AND (id <= 9540313))

table 8 : explain SELECT SUM(k) FROM sbtest8 WHERE id BETWEEN 5273828 AND 5274827
	Aggregate  (cost=3825.84..3825.85 rows=1 width=8)
	  ->  Bitmap Heap Scan on sbtest8  (cost=34.54..3823.37 rows=986 width=4)
	        Recheck Cond: ((id >= 5273828) AND (id <= 5274827))
	        ->  Bitmap Index Scan on sbtest8_pkey  (cost=0.00..34.30 rows=986 width=0)
	              Index Cond: ((id >= 5273828) AND (id <= 5274827))

for: distinct_ranges
table 1 : explain SELECT DISTINCT c FROM sbtest1 WHERE id BETWEEN 2962952 AND 2963951 ORDER BY c
	Unique  (cost=4303.04..4308.53 rows=1097 width=121)
	  ->  Sort  (cost=4303.04..4305.78 rows=1097 width=121)
	        Sort Key: c
	        ->  Bitmap Heap Scan on sbtest1  (cost=39.68..4247.65 rows=1097 width=121)
	              Recheck Cond: ((id >= 2962952) AND (id <= 2963951))
	              ->  Bitmap Index Scan on sbtest1_pkey  (cost=0.00..39.41 rows=1097 width=0)
	                    Index Cond: ((id >= 2962952) AND (id <= 2963951))

table 2 : explain SELECT DISTINCT c FROM sbtest2 WHERE id BETWEEN 4822499 AND 4823498 ORDER BY c
	Unique  (cost=4237.89..4243.30 rows=1082 width=121)
	  ->  Sort  (cost=4237.89..4240.60 rows=1082 width=121)
	        Sort Key: c
	        ->  Bitmap Heap Scan on sbtest2  (cost=35.53..4183.36 rows=1082 width=121)
	              Recheck Cond: ((id >= 4822499) AND (id <= 4823498))
	              ->  Bitmap Index Scan on sbtest2_pkey  (cost=0.00..35.26 rows=1082 width=0)
	                    Index Cond: ((id >= 4822499) AND (id <= 4823498))

table 3 : explain SELECT DISTINCT c FROM sbtest3 WHERE id BETWEEN 9618453 AND 9619452 ORDER BY c
	Unique  (cost=4240.77..4246.18 rows=1081 width=121)
	  ->  Sort  (cost=4240.77..4243.47 rows=1081 width=121)
	        Sort Key: c
	        ->  Bitmap Heap Scan on sbtest3  (cost=35.52..4186.30 rows=1081 width=121)
	              Recheck Cond: ((id >= 9618453) AND (id <= 9619452))
	              ->  Bitmap Index Scan on sbtest3_pkey  (cost=0.00..35.25 rows=1081 width=0)
	                    Index Cond: ((id >= 9618453) AND (id <= 9619452))

table 4 : explain SELECT DISTINCT c FROM sbtest4 WHERE id BETWEEN 7693048 AND 7694047 ORDER BY c
	Unique  (cost=4164.56..4169.87 rows=1061 width=121)
	  ->  Sort  (cost=4164.56..4167.21 rows=1061 width=121)
	        Sort Key: c
	        ->  Bitmap Heap Scan on sbtest4  (cost=35.31..4111.24 rows=1061 width=121)
	              Recheck Cond: ((id >= 7693048) AND (id <= 7694047))
	              ->  Bitmap Index Scan on sbtest4_pkey  (cost=0.00..35.05 rows=1061 width=0)
	                    Index Cond: ((id >= 7693048) AND (id <= 7694047))

table 5 : explain SELECT DISTINCT c FROM sbtest5 WHERE id BETWEEN 4149112 AND 4150111 ORDER BY c
	Unique  (cost=3934.34..3939.35 rows=1001 width=121)
	  ->  Sort  (cost=3934.34..3936.85 rows=1001 width=121)
	        Sort Key: c
	        ->  Bitmap Heap Scan on sbtest5  (cost=34.70..3884.46 rows=1001 width=121)
	              Recheck Cond: ((id >= 4149112) AND (id <= 4150111))
	              ->  Bitmap Index Scan on sbtest5_pkey  (cost=0.00..34.45 rows=1001 width=0)
	                    Index Cond: ((id >= 4149112) AND (id <= 4150111))

table 6 : explain SELECT DISTINCT c FROM sbtest6 WHERE id BETWEEN 6097405 AND 6098404 ORDER BY c
	Unique  (cost=3581.93..3586.48 rows=911 width=121)
	  ->  Sort  (cost=3581.93..3584.21 rows=911 width=121)
	        Sort Key: c
	        ->  Bitmap Heap Scan on sbtest6  (cost=29.77..3537.15 rows=911 width=121)
	              Recheck Cond: ((id >= 6097405) AND (id <= 6098404))
	              ->  Bitmap Index Scan on sbtest6_pkey  (cost=0.00..29.54 rows=911 width=0)
	                    Index Cond: ((id >= 6097405) AND (id <= 6098404))

table 7 : explain SELECT DISTINCT c FROM sbtest7 WHERE id BETWEEN 915932 AND 916931 ORDER BY c
	Unique  (cost=4048.37..4053.52 rows=1031 width=121)
	  ->  Sort  (cost=4048.37..4050.94 rows=1031 width=121)
	        Sort Key: c
	        ->  Bitmap Heap Scan on sbtest7  (cost=35.00..3996.76 rows=1031 width=121)
	              Recheck Cond: ((id >= 915932) AND (id <= 916931))
	              ->  Bitmap Index Scan on sbtest7_pkey  (cost=0.00..34.75 rows=1031 width=0)
	                    Index Cond: ((id >= 915932) AND (id <= 916931))

table 8 : explain SELECT DISTINCT c FROM sbtest8 WHERE id BETWEEN 5851147 AND 5852146 ORDER BY c
	Unique  (cost=4052.26..4057.42 rows=1033 width=121)
	  ->  Sort  (cost=4052.26..4054.84 rows=1033 width=121)
	        Sort Key: c
	        ->  Bitmap Heap Scan on sbtest8  (cost=35.02..4000.54 rows=1033 width=121)
	              Recheck Cond: ((id >= 5851147) AND (id <= 5852146))
	              ->  Bitmap Index Scan on sbtest8_pkey  (cost=0.00..34.77 rows=1033 width=0)
	                    Index Cond: ((id >= 5851147) AND (id <= 5852146))

explain: for point_selects :: explain SELECT c FROM sbtest%u WHERE id=%u
for: sum_ranges
table 1 : explain SELECT SUM(k) FROM sbtest1 WHERE id BETWEEN 7812419 AND 7813418
	Aggregate  (cost=3725.74..3725.75 rows=1 width=8)
	  ->  Bitmap Heap Scan on sbtest1  (cost=34.26..3723.35 rows=959 width=4)
	        Recheck Cond: ((id >= 7812419) AND (id <= 7813418))
	        ->  Bitmap Index Scan on sbtest1_pkey  (cost=0.00..34.03 rows=959 width=0)
	              Index Cond: ((id >= 7812419) AND (id <= 7813418))

table 2 : explain SELECT SUM(k) FROM sbtest2 WHERE id BETWEEN 6550186 AND 6551185
	Aggregate  (cost=4088.25..4088.26 rows=1 width=8)
	  ->  Bitmap Heap Scan on sbtest2  (cost=35.26..4085.61 rows=1056 width=4)
	        Recheck Cond: ((id >= 6550186) AND (id <= 6551185))
	        ->  Bitmap Index Scan on sbtest2_pkey  (cost=0.00..35.00 rows=1056 width=0)
	              Index Cond: ((id >= 6550186) AND (id <= 6551185))

table 3 : explain SELECT SUM(k) FROM sbtest3 WHERE id BETWEEN 4168639 AND 4169638
	Aggregate  (cost=3936.13..3936.14 rows=1 width=8)
	  ->  Bitmap Heap Scan on sbtest3  (cost=34.83..3933.59 rows=1014 width=4)
	        Recheck Cond: ((id >= 4168639) AND (id <= 4169638))
	        ->  Bitmap Index Scan on sbtest3_pkey  (cost=0.00..34.58 rows=1014 width=0)
	              Index Cond: ((id >= 4168639) AND (id <= 4169638))

table 4 : explain SELECT SUM(k) FROM sbtest4 WHERE id BETWEEN 3162578 AND 3163577
	Aggregate  (cost=4272.49..4272.50 rows=1 width=8)
	  ->  Bitmap Heap Scan on sbtest4  (cost=39.73..4269.73 rows=1102 width=4)
	        Recheck Cond: ((id >= 3162578) AND (id <= 3163577))
	        ->  Bitmap Index Scan on sbtest4_pkey  (cost=0.00..39.45 rows=1102 width=0)
	              Index Cond: ((id >= 3162578) AND (id <= 3163577))

table 5 : explain SELECT SUM(k) FROM sbtest5 WHERE id BETWEEN 2539232 AND 2540231
	Aggregate  (cost=3913.42..3913.43 rows=1 width=8)
	  ->  Bitmap Heap Scan on sbtest5  (cost=34.77..3910.90 rows=1008 width=4)
	        Recheck Cond: ((id >= 2539232) AND (id <= 2540231))
	        ->  Bitmap Index Scan on sbtest5_pkey  (cost=0.00..34.52 rows=1008 width=0)
	              Index Cond: ((id >= 2539232) AND (id <= 2540231))

table 6 : explain SELECT SUM(k) FROM sbtest6 WHERE id BETWEEN 1327900 AND 1328899
	Aggregate  (cost=3978.03..3978.04 rows=1 width=8)
	  ->  Bitmap Heap Scan on sbtest6  (cost=34.95..3975.46 rows=1026 width=4)
	        Recheck Cond: ((id >= 1327900) AND (id <= 1328899))
	        ->  Bitmap Index Scan on sbtest6_pkey  (cost=0.00..34.70 rows=1026 width=0)
	              Index Cond: ((id >= 1327900) AND (id <= 1328899))

table 7 : explain SELECT SUM(k) FROM sbtest7 WHERE id BETWEEN 5849112 AND 5850111
	Aggregate  (cost=4240.91..4240.92 rows=1 width=8)
	  ->  Bitmap Heap Scan on sbtest7  (cost=39.65..4238.18 rows=1094 width=4)
	        Recheck Cond: ((id >= 5849112) AND (id <= 5850111))
	        ->  Bitmap Index Scan on sbtest7_pkey  (cost=0.00..39.38 rows=1094 width=0)
	              Index Cond: ((id >= 5849112) AND (id <= 5850111))

table 8 : explain SELECT SUM(k) FROM sbtest8 WHERE id BETWEEN 8809193 AND 8810192
	Aggregate  (cost=3742.76..3742.77 rows=1 width=8)
	  ->  Bitmap Heap Scan on sbtest8  (cost=34.32..3740.35 rows=964 width=4)
	        Recheck Cond: ((id >= 8809193) AND (id <= 8810192))
	        ->  Bitmap Index Scan on sbtest8_pkey  (cost=0.00..34.08 rows=964 width=0)
	              Index Cond: ((id >= 8809193) AND (id <= 8810192))
explain: for point_selects :: explain SELECT c FROM sbtest%u WHERE id=%u

explain: for point_selects :: explain SELECT c FROM sbtest%u WHERE id=%u
for point_selects
table 1 : explain SELECT c FROM sbtest1 WHERE id=4724861
	Index Scan using sbtest1_pkey on sbtest1  (cost=0.43..8.45 rows=1 width=121)
	  Index Cond: (id = 4724861)

table 2 : explain SELECT c FROM sbtest2 WHERE id=38622
	Index Scan using sbtest2_pkey on sbtest2  (cost=0.43..8.45 rows=1 width=121)
	  Index Cond: (id = 38622)

table 3 : explain SELECT c FROM sbtest3 WHERE id=6463039
	Index Scan using sbtest3_pkey on sbtest3  (cost=0.43..8.45 rows=1 width=121)
	  Index Cond: (id = 6463039)

table 4 : explain SELECT c FROM sbtest4 WHERE id=5064776
	Index Scan using sbtest4_pkey on sbtest4  (cost=0.43..8.45 rows=1 width=121)
	  Index Cond: (id = 5064776)

table 5 : explain SELECT c FROM sbtest5 WHERE id=5154761
	Index Scan using sbtest5_pkey on sbtest5  (cost=0.43..8.45 rows=1 width=121)
	  Index Cond: (id = 5154761)

table 6 : explain SELECT c FROM sbtest6 WHERE id=8093525
	Index Scan using sbtest6_pkey on sbtest6  (cost=0.43..8.45 rows=1 width=121)
	  Index Cond: (id = 8093525)

table 7 : explain SELECT c FROM sbtest7 WHERE id=3576225
	Index Scan using sbtest7_pkey on sbtest7  (cost=0.43..8.45 rows=1 width=121)
	  Index Cond: (id = 3576225)

table 8 : explain SELECT c FROM sbtest8 WHERE id=807994
	Index Scan using sbtest8_pkey on sbtest8  (cost=0.43..8.45 rows=1 width=121)
	  Index Cond: (id = 807994)

explain: for point_selects :: explain SELECT c FROM sbtest%u WHERE id=%u
for: order_ranges
table 1 : explain SELECT c FROM sbtest1 WHERE id BETWEEN 508702 AND 509701 ORDER BY c
	Sort  (cost=4069.66..4072.26 rows=1037 width=121)
	  Sort Key: c
	  ->  Bitmap Heap Scan on sbtest1  (cost=35.06..4017.72 rows=1037 width=121)
	        Recheck Cond: ((id >= 508702) AND (id <= 509701))
	        ->  Bitmap Index Scan on sbtest1_pkey  (cost=0.00..34.81 rows=1037 width=0)
	              Index Cond: ((id >= 508702) AND (id <= 509701))

table 2 : explain SELECT c FROM sbtest2 WHERE id BETWEEN 578005 AND 579004 ORDER BY c
	Sort  (cost=3717.83..3720.19 rows=946 width=121)
	  Sort Key: c
	  ->  Bitmap Heap Scan on sbtest2  (cost=34.13..3671.07 rows=946 width=121)
	        Recheck Cond: ((id >= 578005) AND (id <= 579004))
	        ->  Bitmap Index Scan on sbtest2_pkey  (cost=0.00..33.90 rows=946 width=0)
	              Index Cond: ((id >= 578005) AND (id <= 579004))

table 3 : explain SELECT c FROM sbtest3 WHERE id BETWEEN 3295159 AND 3296158 ORDER BY c
	Sort  (cost=4148.93..4151.57 rows=1057 width=121)
	  Sort Key: c
	  ->  Bitmap Heap Scan on sbtest3  (cost=35.27..4095.84 rows=1057 width=121)
	        Recheck Cond: ((id >= 3295159) AND (id <= 3296158))
	        ->  Bitmap Index Scan on sbtest3_pkey  (cost=0.00..35.01 rows=1057 width=0)
	              Index Cond: ((id >= 3295159) AND (id <= 3296158))

table 4 : explain SELECT c FROM sbtest4 WHERE id BETWEEN 7737990 AND 7738989 ORDER BY c
	Sort  (cost=4202.84..4205.51 rows=1071 width=121)
	  Sort Key: c
	  ->  Bitmap Heap Scan on sbtest4  (cost=35.41..4148.94 rows=1071 width=121)
	        Recheck Cond: ((id >= 7737990) AND (id <= 7738989))
	        ->  Bitmap Index Scan on sbtest4_pkey  (cost=0.00..35.15 rows=1071 width=0)
	              Index Cond: ((id >= 7737990) AND (id <= 7738989))

table 5 : explain SELECT c FROM sbtest5 WHERE id BETWEEN 3727077 AND 3728076 ORDER BY c
	Sort  (cost=4653.48..4656.45 rows=1189 width=121)
	  Sort Key: c
	  ->  Bitmap Heap Scan on sbtest5  (cost=40.62..4592.75 rows=1189 width=121)
	        Recheck Cond: ((id >= 3727077) AND (id <= 3728076))
	        ->  Bitmap Index Scan on sbtest5_pkey  (cost=0.00..40.33 rows=1189 width=0)
	              Index Cond: ((id >= 3727077) AND (id <= 3728076))

table 6 : explain SELECT c FROM sbtest6 WHERE id BETWEEN 1891755 AND 1892754 ORDER BY c
	Sort  (cost=3651.20..3653.52 rows=928 width=121)
	  Sort Key: c
	  ->  Bitmap Heap Scan on sbtest6  (cost=33.95..3605.46 rows=928 width=121)
	        Recheck Cond: ((id >= 1891755) AND (id <= 1892754))
	        ->  Bitmap Index Scan on sbtest6_pkey  (cost=0.00..33.72 rows=928 width=0)
	              Index Cond: ((id >= 1891755) AND (id <= 1892754))

table 7 : explain SELECT c FROM sbtest7 WHERE id BETWEEN 9770383 AND 9771382 ORDER BY c
	Sort  (cost=3672.50..3674.84 rows=933 width=121)
	  Sort Key: c
	  ->  Bitmap Heap Scan on sbtest7  (cost=34.00..3626.48 rows=933 width=121)
	        Recheck Cond: ((id >= 9770383) AND (id <= 9771382))
	        ->  Bitmap Index Scan on sbtest7_pkey  (cost=0.00..33.77 rows=933 width=0)
	              Index Cond: ((id >= 9770383) AND (id <= 9771382))

table 8 : explain SELECT c FROM sbtest8 WHERE id BETWEEN 9808056 AND 9809055 ORDER BY c
	Sort  (cost=3948.97..3951.48 rows=1006 width=121)
	  Sort Key: c
	  ->  Bitmap Heap Scan on sbtest8  (cost=34.75..3898.80 rows=1006 width=121)
	        Recheck Cond: ((id >= 9808056) AND (id <= 9809055))
	        ->  Bitmap Index Scan on sbtest8_pkey  (cost=0.00..34.50 rows=1006 width=0)
	              Index Cond: ((id >= 9808056) AND (id <= 9809055))

for: order_ranges
table 1 : explain SELECT c FROM sbtest1 WHERE id BETWEEN 1453566 AND 1454565 ORDER BY c
	Sort  (cost=3359.57..3361.70 rows=853 width=121)
	  Sort Key: c
	  ->  Bitmap Heap Scan on sbtest1  (cost=29.18..3318.04 rows=853 width=121)
	        Recheck Cond: ((id >= 1453566) AND (id <= 1454565))
	        ->  Bitmap Index Scan on sbtest1_pkey  (cost=0.00..28.96 rows=853 width=0)
	              Index Cond: ((id >= 1453566) AND (id <= 1454565))

table 2 : explain SELECT c FROM sbtest2 WHERE id BETWEEN 5273110 AND 5274109 ORDER BY c
	Sort  (cost=3733.16..3735.53 rows=950 width=121)
	  Sort Key: c
	  ->  Bitmap Heap Scan on sbtest2  (cost=34.17..3686.17 rows=950 width=121)
	        Recheck Cond: ((id >= 5273110) AND (id <= 5274109))
	        ->  Bitmap Index Scan on sbtest2_pkey  (cost=0.00..33.94 rows=950 width=0)
	              Index Cond: ((id >= 5273110) AND (id <= 5274109))

table 3 : explain SELECT c FROM sbtest3 WHERE id BETWEEN 4558362 AND 4559361 ORDER BY c
	Sort  (cost=3627.25..3629.55 rows=921 width=121)
	  Sort Key: c
	  ->  Bitmap Heap Scan on sbtest3  (cost=33.88..3581.90 rows=921 width=121)
	        Recheck Cond: ((id >= 4558362) AND (id <= 4559361))
	        ->  Bitmap Index Scan on sbtest3_pkey  (cost=0.00..33.65 rows=921 width=0)
	              Index Cond: ((id >= 4558362) AND (id <= 4559361))

table 4 : explain SELECT c FROM sbtest4 WHERE id BETWEEN 5618341 AND 5619340 ORDER BY c
	Sort  (cost=4042.01..4044.58 rows=1029 width=121)
	  Sort Key: c
	  ->  Bitmap Heap Scan on sbtest4  (cost=34.98..3990.52 rows=1029 width=121)
	        Recheck Cond: ((id >= 5618341) AND (id <= 5619340))
	        ->  Bitmap Index Scan on sbtest4_pkey  (cost=0.00..34.73 rows=1029 width=0)
	              Index Cond: ((id >= 5618341) AND (id <= 5619340))

table 5 : explain SELECT c FROM sbtest5 WHERE id BETWEEN 7307230 AND 7308229 ORDER BY c
	Sort  (cost=3688.70..3691.04 rows=937 width=121)
	  Sort Key: c
	  ->  Bitmap Heap Scan on sbtest5  (cost=34.04..3642.45 rows=937 width=121)
	        Recheck Cond: ((id >= 7307230) AND (id <= 7308229))
	        ->  Bitmap Index Scan on sbtest5_pkey  (cost=0.00..33.81 rows=937 width=0)
	              Index Cond: ((id >= 7307230) AND (id <= 7308229))

table 6 : explain SELECT c FROM sbtest6 WHERE id BETWEEN 7663126 AND 7664125 ORDER BY c
	Sort  (cost=4015.29..4017.85 rows=1023 width=121)
	  Sort Key: c
	  ->  Bitmap Heap Scan on sbtest6  (cost=34.92..3964.15 rows=1023 width=121)
	        Recheck Cond: ((id >= 7663126) AND (id <= 7664125))
	        ->  Bitmap Index Scan on sbtest6_pkey  (cost=0.00..34.67 rows=1023 width=0)
	              Index Cond: ((id >= 7663126) AND (id <= 7664125))

table 7 : explain SELECT c FROM sbtest7 WHERE id BETWEEN 2965389 AND 2966388 ORDER BY c
	Sort  (cost=4075.17..4077.76 rows=1038 width=121)
	  Sort Key: c
	  ->  Bitmap Heap Scan on sbtest7  (cost=35.07..4023.17 rows=1038 width=121)
	        Recheck Cond: ((id >= 2965389) AND (id <= 2966388))
	        ->  Bitmap Index Scan on sbtest7_pkey  (cost=0.00..34.82 rows=1038 width=0)
	              Index Cond: ((id >= 2965389) AND (id <= 2966388))

table 8 : explain SELECT c FROM sbtest8 WHERE id BETWEEN 6348469 AND 6349468 ORDER BY c
	Sort  (cost=3653.93..3656.25 rows=929 width=121)
	  Sort Key: c
	  ->  Bitmap Heap Scan on sbtest8  (cost=33.96..3608.13 rows=929 width=121)
	        Recheck Cond: ((id >= 6348469) AND (id <= 6349468))
	        ->  Bitmap Index Scan on sbtest8_pkey  (cost=0.00..33.73 rows=929 width=0)
	              Index Cond: ((id >= 6348469) AND (id <= 6349468))

for: order_ranges
table 1 : explain SELECT c FROM sbtest1 WHERE id BETWEEN 4887321 AND 4888320 ORDER BY c
	Sort  (cost=3885.86..3888.33 rows=989 width=121)
	  Sort Key: c
	  ->  Bitmap Heap Scan on sbtest1  (cost=34.57..3836.66 rows=989 width=121)
	        Recheck Cond: ((id >= 4887321) AND (id <= 4888320))
	        ->  Bitmap Index Scan on sbtest1_pkey  (cost=0.00..34.33 rows=989 width=0)
	              Index Cond: ((id >= 4887321) AND (id <= 4888320))

table 2 : explain SELECT c FROM sbtest2 WHERE id BETWEEN 5290585 AND 5291584 ORDER BY c
	Sort  (cost=3698.67..3701.02 rows=941 width=121)
	  Sort Key: c
	  ->  Bitmap Heap Scan on sbtest2  (cost=34.08..3652.19 rows=941 width=121)
	        Recheck Cond: ((id >= 5290585) AND (id <= 5291584))
	        ->  Bitmap Index Scan on sbtest2_pkey  (cost=0.00..33.84 rows=941 width=0)
	              Index Cond: ((id >= 5290585) AND (id <= 5291584))

table 3 : explain SELECT c FROM sbtest3 WHERE id BETWEEN 855915 AND 856914 ORDER BY c
	Sort  (cost=3807.78..3810.20 rows=968 width=121)
	  Sort Key: c
	  ->  Bitmap Heap Scan on sbtest3  (cost=34.36..3759.77 rows=968 width=121)
	        Recheck Cond: ((id >= 855915) AND (id <= 856914))
	        ->  Bitmap Index Scan on sbtest3_pkey  (cost=0.00..34.12 rows=968 width=0)
	              Index Cond: ((id >= 855915) AND (id <= 856914))

table 4 : explain SELECT c FROM sbtest4 WHERE id BETWEEN 4183181 AND 4184180 ORDER BY c
	Sort  (cost=4099.47..4102.08 rows=1044 width=121)
	  Sort Key: c
	  ->  Bitmap Heap Scan on sbtest4  (cost=35.14..4047.12 rows=1044 width=121)
	        Recheck Cond: ((id >= 4183181) AND (id <= 4184180))
	        ->  Bitmap Index Scan on sbtest4_pkey  (cost=0.00..34.88 rows=1044 width=0)
	              Index Cond: ((id >= 4183181) AND (id <= 4184180))

table 5 : explain SELECT c FROM sbtest5 WHERE id BETWEEN 560867 AND 561866 ORDER BY c
	Sort  (cost=4030.17..4032.73 rows=1026 width=121)
	  Sort Key: c
	  ->  Bitmap Heap Scan on sbtest5  (cost=34.95..3978.85 rows=1026 width=121)
	        Recheck Cond: ((id >= 560867) AND (id <= 561866))
	        ->  Bitmap Index Scan on sbtest5_pkey  (cost=0.00..34.70 rows=1026 width=0)
	              Index Cond: ((id >= 560867) AND (id <= 561866))

table 6 : explain SELECT c FROM sbtest6 WHERE id BETWEEN 6253796 AND 6254795 ORDER BY c
	Sort  (cost=3681.90..3684.24 rows=936 width=121)
	  Sort Key: c
	  ->  Bitmap Heap Scan on sbtest6  (cost=34.03..3635.71 rows=936 width=121)
	        Recheck Cond: ((id >= 6253796) AND (id <= 6254795))
	        ->  Bitmap Index Scan on sbtest6_pkey  (cost=0.00..33.80 rows=936 width=0)
	              Index Cond: ((id >= 6253796) AND (id <= 6254795))

table 7 : explain SELECT c FROM sbtest7 WHERE id BETWEEN 9518858 AND 9519857 ORDER BY c
	Sort  (cost=4220.58..4223.27 rows=1076 width=121)
	  Sort Key: c
	  ->  Bitmap Heap Scan on sbtest7  (cost=35.46..4166.39 rows=1076 width=121)
	        Recheck Cond: ((id >= 9518858) AND (id <= 9519857))
	        ->  Bitmap Index Scan on sbtest7_pkey  (cost=0.00..35.20 rows=1076 width=0)
	              Index Cond: ((id >= 9518858) AND (id <= 9519857))

table 8 : explain SELECT c FROM sbtest8 WHERE id BETWEEN 4987927 AND 4988926 ORDER BY c
	Sort  (cost=4205.12..4207.80 rows=1073 width=121)
	  Sort Key: c
	  ->  Bitmap Heap Scan on sbtest8  (cost=35.43..4151.10 rows=1073 width=121)
	        Recheck Cond: ((id >= 4987927) AND (id <= 4988926))
	        ->  Bitmap Index Scan on sbtest8_pkey  (cost=0.00..35.17 rows=1073 width=0)
	              Index Cond: ((id >= 4987927) AND (id <= 4988926))

for point_selects
table 1 : explain SELECT c FROM sbtest1 WHERE id=1548391
	Index Scan using sbtest1_pkey on sbtest1  (cost=0.43..8.45 rows=1 width=121)
	  Index Cond: (id = 1548391)

table 2 : explain SELECT c FROM sbtest2 WHERE id=7011201
	Index Scan using sbtest2_pkey on sbtest2  (cost=0.43..8.45 rows=1 width=121)
	  Index Cond: (id = 7011201)

table 3 : explain SELECT c FROM sbtest3 WHERE id=1922470
	Index Scan using sbtest3_pkey on sbtest3  (cost=0.43..8.45 rows=1 width=121)
	  Index Cond: (id = 1922470)

table 4 : explain SELECT c FROM sbtest4 WHERE id=3526908
	Index Scan using sbtest4_pkey on sbtest4  (cost=0.43..8.45 rows=1 width=121)
	  Index Cond: (id = 3526908)

table 5 : explain SELECT c FROM sbtest5 WHERE id=5806940
	Index Scan using sbtest5_pkey on sbtest5  (cost=0.43..8.45 rows=1 width=121)
	  Index Cond: (id = 5806940)

table 6 : explain SELECT c FROM sbtest6 WHERE id=5480838
	Index Scan using sbtest6_pkey on sbtest6  (cost=0.43..8.45 rows=1 width=121)
	  Index Cond: (id = 5480838)

table 7 : explain SELECT c FROM sbtest7 WHERE id=8801712
	Index Scan using sbtest7_pkey on sbtest7  (cost=0.43..8.45 rows=1 width=121)
	  Index Cond: (id = 8801712)

table 8 : explain SELECT c FROM sbtest8 WHERE id=8244716
	Index Scan using sbtest8_pkey on sbtest8  (cost=0.43..8.45 rows=1 width=121)
	  Index Cond: (id = 8244716)

for point_selects
table 1 : explain SELECT c FROM sbtest1 WHERE id=3199801
	Index Scan using sbtest1_pkey on sbtest1  (cost=0.43..8.45 rows=1 width=121)
	  Index Cond: (id = 3199801)

table 2 : explain SELECT c FROM sbtest2 WHERE id=139448
	Index Scan using sbtest2_pkey on sbtest2  (cost=0.43..8.45 rows=1 width=121)
	  Index Cond: (id = 139448)

table 3 : explain SELECT c FROM sbtest3 WHERE id=481495
	Index Scan using sbtest3_pkey on sbtest3  (cost=0.43..8.45 rows=1 width=121)
	  Index Cond: (id = 481495)

table 4 : explain SELECT c FROM sbtest4 WHERE id=6864580
	Index Scan using sbtest4_pkey on sbtest4  (cost=0.43..8.45 rows=1 width=121)
	  Index Cond: (id = 6864580)

table 5 : explain SELECT c FROM sbtest5 WHERE id=3518175
	Index Scan using sbtest5_pkey on sbtest5  (cost=0.43..8.45 rows=1 width=121)
	  Index Cond: (id = 3518175)

table 6 : explain SELECT c FROM sbtest6 WHERE id=1243329
	Index Scan using sbtest6_pkey on sbtest6  (cost=0.43..8.45 rows=1 width=121)
	  Index Cond: (id = 1243329)

table 7 : explain SELECT c FROM sbtest7 WHERE id=1380302
	Index Scan using sbtest7_pkey on sbtest7  (cost=0.43..8.45 rows=1 width=121)
	  Index Cond: (id = 1380302)

table 8 : explain SELECT c FROM sbtest8 WHERE id=509857
	Index Scan using sbtest8_pkey on sbtest8  (cost=0.43..8.45 rows=1 width=121)
	  Index Cond: (id = 509857)

explain: for point_selects :: explain SELECT c FROM sbtest%u WHERE id=%u
for: distinct_ranges
table 1 : explain SELECT DISTINCT c FROM sbtest1 WHERE id BETWEEN 3993251 AND 3994250 ORDER BY c
	Unique  (cost=3617.32..3621.91 rows=919 width=121)
	  ->  Sort  (cost=3617.32..3619.62 rows=919 width=121)
	        Sort Key: c
	        ->  Bitmap Heap Scan on sbtest1  (cost=33.85..3572.09 rows=919 width=121)
	              Recheck Cond: ((id >= 3993251) AND (id <= 3994250))
	              ->  Bitmap Index Scan on sbtest1_pkey  (cost=0.00..33.62 rows=919 width=0)
	                    Index Cond: ((id >= 3993251) AND (id <= 3994250))

table 2 : explain SELECT DISTINCT c FROM sbtest2 WHERE id BETWEEN 6802456 AND 6803455 ORDER BY c
	Unique  (cost=3844.23..3849.12 rows=979 width=121)
	  ->  Sort  (cost=3844.23..3846.68 rows=979 width=121)
	        Sort Key: c
	        ->  Bitmap Heap Scan on sbtest2  (cost=34.47..3795.60 rows=979 width=121)
	              Recheck Cond: ((id >= 6802456) AND (id <= 6803455))
	              ->  Bitmap Index Scan on sbtest2_pkey  (cost=0.00..34.23 rows=979 width=0)
	                    Index Cond: ((id >= 6802456) AND (id <= 6803455))

table 3 : explain SELECT DISTINCT c FROM sbtest3 WHERE id BETWEEN 5164600 AND 5165599 ORDER BY c
	Unique  (cost=3654.15..3658.79 rows=928 width=121)
	  ->  Sort  (cost=3654.15..3656.47 rows=928 width=121)
	        Sort Key: c
	        ->  Bitmap Heap Scan on sbtest3  (cost=33.95..3608.41 rows=928 width=121)
	              Recheck Cond: ((id >= 5164600) AND (id <= 5165599))
	              ->  Bitmap Index Scan on sbtest3_pkey  (cost=0.00..33.72 rows=928 width=0)
	                    Index Cond: ((id >= 5164600) AND (id <= 5165599))

table 4 : explain SELECT DISTINCT c FROM sbtest4 WHERE id BETWEEN 4604271 AND 4605270 ORDER BY c
	Unique  (cost=4026.68..4031.80 rows=1025 width=121)
	  ->  Sort  (cost=4026.68..4029.24 rows=1025 width=121)
	        Sort Key: c
	        ->  Bitmap Heap Scan on sbtest4  (cost=34.94..3975.42 rows=1025 width=121)
	              Recheck Cond: ((id >= 4604271) AND (id <= 4605270))
	              ->  Bitmap Index Scan on sbtest4_pkey  (cost=0.00..34.69 rows=1025 width=0)
	                    Index Cond: ((id >= 4604271) AND (id <= 4605270))

table 5 : explain SELECT DISTINCT c FROM sbtest5 WHERE id BETWEEN 7545929 AND 7546928 ORDER BY c
	Unique  (cost=3911.34..3916.31 rows=995 width=121)
	  ->  Sort  (cost=3911.34..3913.82 rows=995 width=121)
	        Sort Key: c
	        ->  Bitmap Heap Scan on sbtest5  (cost=34.63..3861.79 rows=995 width=121)
	              Recheck Cond: ((id >= 7545929) AND (id <= 7546928))
	              ->  Bitmap Index Scan on sbtest5_pkey  (cost=0.00..34.39 rows=995 width=0)
	                    Index Cond: ((id >= 7545929) AND (id <= 7546928))

table 6 : explain SELECT DISTINCT c FROM sbtest6 WHERE id BETWEEN 26623 AND 27622 ORDER BY c
	Unique  (cost=3996.16..4001.25 rows=1018 width=121)
	  ->  Sort  (cost=3996.16..3998.70 rows=1018 width=121)
	        Sort Key: c
	        ->  Bitmap Heap Scan on sbtest6  (cost=34.87..3945.30 rows=1018 width=121)
	              Recheck Cond: ((id >= 26623) AND (id <= 27622))
	              ->  Bitmap Index Scan on sbtest6_pkey  (cost=0.00..34.62 rows=1018 width=0)
	                    Index Cond: ((id >= 26623) AND (id <= 27622))

table 7 : explain SELECT DISTINCT c FROM sbtest7 WHERE id BETWEEN 5960253 AND 5961252 ORDER BY c
	Unique  (cost=4274.11..4279.56 rows=1090 width=121)
	  ->  Sort  (cost=4274.11..4276.83 rows=1090 width=121)
	        Sort Key: c
	        ->  Bitmap Heap Scan on sbtest7  (cost=35.61..4219.12 rows=1090 width=121)
	              Recheck Cond: ((id >= 5960253) AND (id <= 5961252))
	              ->  Bitmap Index Scan on sbtest7_pkey  (cost=0.00..35.34 rows=1090 width=0)
	                    Index Cond: ((id >= 5960253) AND (id <= 5961252))

table 8 : explain SELECT DISTINCT c FROM sbtest8 WHERE id BETWEEN 2485057 AND 2486056 ORDER BY c
	Unique  (cost=3910.69..3915.67 rows=996 width=121)
	  ->  Sort  (cost=3910.69..3913.18 rows=996 width=121)
	        Sort Key: c
	        ->  Bitmap Heap Scan on sbtest8  (cost=34.64..3861.09 rows=996 width=121)
	              Recheck Cond: ((id >= 2485057) AND (id <= 2486056))
	              ->  Bitmap Index Scan on sbtest8_pkey  (cost=0.00..34.40 rows=996 width=0)
	                    Index Cond: ((id >= 2485057) AND (id <= 2486056))

for: order_ranges
table 1 : explain SELECT c FROM sbtest1 WHERE id BETWEEN 8454079 AND 8455078 ORDER BY c
	Sort  (cost=3793.86..3796.27 rows=965 width=121)
	  Sort Key: c
	  ->  Bitmap Heap Scan on sbtest1  (cost=34.33..3746.02 rows=965 width=121)
	        Recheck Cond: ((id >= 8454079) AND (id <= 8455078))
	        ->  Bitmap Index Scan on sbtest1_pkey  (cost=0.00..34.09 rows=965 width=0)
	              Index Cond: ((id >= 8454079) AND (id <= 8455078))

table 2 : explain SELECT c FROM sbtest2 WHERE id BETWEEN 3206742 AND 3207741 ORDER BY c
	Sort  (cost=3729.33..3731.70 rows=949 width=121)
	  Sort Key: c
	  ->  Bitmap Heap Scan on sbtest2  (cost=34.16..3682.40 rows=949 width=121)
	        Recheck Cond: ((id >= 3206742) AND (id <= 3207741))
	        ->  Bitmap Index Scan on sbtest2_pkey  (cost=0.00..33.93 rows=949 width=0)
	              Index Cond: ((id >= 3206742) AND (id <= 3207741))

table 3 : explain SELECT c FROM sbtest3 WHERE id BETWEEN 5059569 AND 5060568 ORDER BY c
	Sort  (cost=3945.88..3948.39 rows=1004 width=121)
	  Sort Key: c
	  ->  Bitmap Heap Scan on sbtest3  (cost=34.73..3895.83 rows=1004 width=121)
	        Recheck Cond: ((id >= 5059569) AND (id <= 5060568))
	        ->  Bitmap Index Scan on sbtest3_pkey  (cost=0.00..34.48 rows=1004 width=0)
	              Index Cond: ((id >= 5059569) AND (id <= 5060568))

table 4 : explain SELECT c FROM sbtest4 WHERE id BETWEEN 8478719 AND 8479718 ORDER BY c
	Sort  (cost=3953.85..3956.36 rows=1006 width=121)
	  Sort Key: c
	  ->  Bitmap Heap Scan on sbtest4  (cost=34.75..3903.68 rows=1006 width=121)
	        Recheck Cond: ((id >= 8478719) AND (id <= 8479718))
	        ->  Bitmap Index Scan on sbtest4_pkey  (cost=0.00..34.50 rows=1006 width=0)
	              Index Cond: ((id >= 8478719) AND (id <= 8479718))

table 5 : explain SELECT c FROM sbtest5 WHERE id BETWEEN 4612930 AND 4613929 ORDER BY c
	Sort  (cost=3834.61..3837.05 rows=975 width=121)
	  Sort Key: c
	  ->  Bitmap Heap Scan on sbtest5  (cost=34.43..3786.20 rows=975 width=121)
	        Recheck Cond: ((id >= 4612930) AND (id <= 4613929))
	        ->  Bitmap Index Scan on sbtest5_pkey  (cost=0.00..34.19 rows=975 width=0)
	              Index Cond: ((id >= 4612930) AND (id <= 4613929))

table 6 : explain SELECT c FROM sbtest6 WHERE id BETWEEN 2552397 AND 2553396 ORDER BY c
	Sort  (cost=3839.13..3841.57 rows=977 width=121)
	  Sort Key: c
	  ->  Bitmap Heap Scan on sbtest6  (cost=34.45..3790.61 rows=977 width=121)
	        Recheck Cond: ((id >= 2552397) AND (id <= 2553396))
	        ->  Bitmap Index Scan on sbtest6_pkey  (cost=0.00..34.20 rows=977 width=0)
	              Index Cond: ((id >= 2552397) AND (id <= 2553396))

table 7 : explain SELECT c FROM sbtest7 WHERE id BETWEEN 5077209 AND 5078208 ORDER BY c
	Sort  (cost=3891.26..3893.73 rows=990 width=121)
	  Sort Key: c
	  ->  Bitmap Heap Scan on sbtest7  (cost=34.58..3842.00 rows=990 width=121)
	        Recheck Cond: ((id >= 5077209) AND (id <= 5078208))
	        ->  Bitmap Index Scan on sbtest7_pkey  (cost=0.00..34.34 rows=990 width=0)
	              Index Cond: ((id >= 5077209) AND (id <= 5078208))

table 8 : explain SELECT c FROM sbtest8 WHERE id BETWEEN 5763251 AND 5764250 ORDER BY c
	Sort  (cost=4094.31..4096.92 rows=1044 width=121)
	  Sort Key: c
	  ->  Bitmap Heap Scan on sbtest8  (cost=35.14..4041.97 rows=1044 width=121)
	        Recheck Cond: ((id >= 5763251) AND (id <= 5764250))
	        ->  Bitmap Index Scan on sbtest8_pkey  (cost=0.00..34.88 rows=1044 width=0)
	              Index Cond: ((id >= 5763251) AND (id <= 5764250))

for: distinct_ranges
table 1 : explain SELECT DISTINCT c FROM sbtest1 WHERE id BETWEEN 8860259 AND 8861258 ORDER BY c
	Unique  (cost=3882.03..3886.97 rows=988 width=121)
	  ->  Sort  (cost=3882.03..3884.50 rows=988 width=121)
	        Sort Key: c
	        ->  Bitmap Heap Scan on sbtest1  (cost=34.56..3832.88 rows=988 width=121)
	              Recheck Cond: ((id >= 8860259) AND (id <= 8861258))
	              ->  Bitmap Index Scan on sbtest1_pkey  (cost=0.00..34.32 rows=988 width=0)
	                    Index Cond: ((id >= 8860259) AND (id <= 8861258))

table 2 : explain SELECT DISTINCT c FROM sbtest2 WHERE id BETWEEN 7871508 AND 7872507 ORDER BY c
	Unique  (cost=4310.56..4316.06 rows=1100 width=121)
	  ->  Sort  (cost=4310.56..4313.31 rows=1100 width=121)
	        Sort Key: c
	        ->  Bitmap Heap Scan on sbtest2  (cost=39.71..4254.99 rows=1100 width=121)
	              Recheck Cond: ((id >= 7871508) AND (id <= 7872507))
	              ->  Bitmap Index Scan on sbtest2_pkey  (cost=0.00..39.44 rows=1100 width=0)
	                    Index Cond: ((id >= 7871508) AND (id <= 7872507))

table 3 : explain SELECT DISTINCT c FROM sbtest3 WHERE id BETWEEN 813423 AND 814422 ORDER BY c
	Unique  (cost=3807.78..3812.62 rows=968 width=121)
	  ->  Sort  (cost=3807.78..3810.20 rows=968 width=121)
	        Sort Key: c
	        ->  Bitmap Heap Scan on sbtest3  (cost=34.36..3759.77 rows=968 width=121)
	              Recheck Cond: ((id >= 813423) AND (id <= 814422))
	              ->  Bitmap Index Scan on sbtest3_pkey  (cost=0.00..34.12 rows=968 width=0)
	                    Index Cond: ((id >= 813423) AND (id <= 814422))

table 4 : explain SELECT DISTINCT c FROM sbtest4 WHERE id BETWEEN 4865180 AND 4866179 ORDER BY c
	Unique  (cost=4459.17..4464.85 rows=1137 width=121)
	  ->  Sort  (cost=4459.17..4462.01 rows=1137 width=121)
	        Sort Key: c
	        ->  Bitmap Heap Scan on sbtest4  (cost=40.09..4401.46 rows=1137 width=121)
	              Recheck Cond: ((id >= 4865180) AND (id <= 4866179))
	              ->  Bitmap Index Scan on sbtest4_pkey  (cost=0.00..39.81 rows=1137 width=0)
	                    Index Cond: ((id >= 4865180) AND (id <= 4866179))

table 5 : explain SELECT DISTINCT c FROM sbtest5 WHERE id BETWEEN 974346 AND 975345 ORDER BY c
	Unique  (cost=3895.99..3900.95 rows=991 width=121)
	  ->  Sort  (cost=3895.99..3898.47 rows=991 width=121)
	        Sort Key: c
	        ->  Bitmap Heap Scan on sbtest5  (cost=34.59..3846.68 rows=991 width=121)
	              Recheck Cond: ((id >= 974346) AND (id <= 975345))
	              ->  Bitmap Index Scan on sbtest5_pkey  (cost=0.00..34.34 rows=991 width=0)
	                    Index Cond: ((id >= 974346) AND (id <= 975345))

table 6 : explain SELECT DISTINCT c FROM sbtest6 WHERE id BETWEEN 4390756 AND 4391755 ORDER BY c
	Unique  (cost=3624.33..3628.93 rows=921 width=121)
	  ->  Sort  (cost=3624.33..3626.63 rows=921 width=121)
	        Sort Key: c
	        ->  Bitmap Heap Scan on sbtest6  (cost=33.88..3578.98 rows=921 width=121)
	              Recheck Cond: ((id >= 4390756) AND (id <= 4391755))
	              ->  Bitmap Index Scan on sbtest6_pkey  (cost=0.00..33.65 rows=921 width=0)
	                    Index Cond: ((id >= 4390756) AND (id <= 4391755))

table 7 : explain SELECT DISTINCT c FROM sbtest7 WHERE id BETWEEN 3886826 AND 3887825 ORDER BY c
	Unique  (cost=3918.09..3923.08 rows=997 width=121)
	  ->  Sort  (cost=3918.09..3920.59 rows=997 width=121)
	        Sort Key: c
	        ->  Bitmap Heap Scan on sbtest7  (cost=34.65..3868.44 rows=997 width=121)
	              Recheck Cond: ((id >= 3886826) AND (id <= 3887825))
	              ->  Bitmap Index Scan on sbtest7_pkey  (cost=0.00..34.41 rows=997 width=0)
	                    Index Cond: ((id >= 3886826) AND (id <= 3887825))

table 8 : explain SELECT DISTINCT c FROM sbtest8 WHERE id BETWEEN 4643944 AND 4644943 ORDER BY c
	Unique  (cost=3703.79..3708.50 rows=942 width=121)
	  ->  Sort  (cost=3703.79..3706.14 rows=942 width=121)
	        Sort Key: c
	        ->  Bitmap Heap Scan on sbtest8  (cost=34.09..3657.26 rows=942 width=121)
	              Recheck Cond: ((id >= 4643944) AND (id <= 4644943))
	              ->  Bitmap Index Scan on sbtest8_pkey  (cost=0.00..33.86 rows=942 width=0)
	                    Index Cond: ((id >= 4643944) AND (id <= 4644943))

for: distinct_ranges
table 1 : explain SELECT DISTINCT c FROM sbtest1 WHERE id BETWEEN 6683019 AND 6684018 ORDER BY c
	Unique  (cost=3655.72..3660.36 rows=929 width=121)
	  ->  Sort  (cost=3655.72..3658.04 rows=929 width=121)
	        Sort Key: c
	        ->  Bitmap Heap Scan on sbtest1  (cost=33.96..3609.92 rows=929 width=121)
	              Recheck Cond: ((id >= 6683019) AND (id <= 6684018))
	              ->  Bitmap Index Scan on sbtest1_pkey  (cost=0.00..33.73 rows=929 width=0)
	                    Index Cond: ((id >= 6683019) AND (id <= 6684018))

table 2 : explain SELECT DISTINCT c FROM sbtest2 WHERE id BETWEEN 7368305 AND 7369304 ORDER BY c
	Unique  (cost=4069.88..4075.07 rows=1038 width=121)
	  ->  Sort  (cost=4069.88..4072.48 rows=1038 width=121)
	        Sort Key: c
	        ->  Bitmap Heap Scan on sbtest2  (cost=35.07..4017.88 rows=1038 width=121)
	              Recheck Cond: ((id >= 7368305) AND (id <= 7369304))
	              ->  Bitmap Index Scan on sbtest2_pkey  (cost=0.00..34.82 rows=1038 width=0)
	                    Index Cond: ((id >= 7368305) AND (id <= 7369304))

table 3 : explain SELECT DISTINCT c FROM sbtest3 WHERE id BETWEEN 997777 AND 998776 ORDER BY c
	Unique  (cost=4325.08..4330.59 rows=1102 width=121)
	  ->  Sort  (cost=4325.08..4327.83 rows=1102 width=121)
	        Sort Key: c
	        ->  Bitmap Heap Scan on sbtest3  (cost=39.73..4269.39 rows=1102 width=121)
	              Recheck Cond: ((id >= 997777) AND (id <= 998776))
	              ->  Bitmap Index Scan on sbtest3_pkey  (cost=0.00..39.45 rows=1102 width=0)
	                    Index Cond: ((id >= 997777) AND (id <= 998776))

table 4 : explain SELECT DISTINCT c FROM sbtest4 WHERE id BETWEEN 6264179 AND 6265178 ORDER BY c
	Unique  (cost=3681.31..3685.99 rows=935 width=121)
	  ->  Sort  (cost=3681.31..3683.65 rows=935 width=121)
	        Sort Key: c
	        ->  Bitmap Heap Scan on sbtest4  (cost=34.02..3635.18 rows=935 width=121)
	              Recheck Cond: ((id >= 6264179) AND (id <= 6265178))
	              ->  Bitmap Index Scan on sbtest4_pkey  (cost=0.00..33.79 rows=935 width=0)
	                    Index Cond: ((id >= 6264179) AND (id <= 6265178))

table 5 : explain SELECT DISTINCT c FROM sbtest5 WHERE id BETWEEN 1390764 AND 1391763 ORDER BY c
	Unique  (cost=4125.92..4131.18 rows=1051 width=121)
	  ->  Sort  (cost=4125.92..4128.55 rows=1051 width=121)
	        Sort Key: c
	        ->  Bitmap Heap Scan on sbtest5  (cost=35.21..4073.17 rows=1051 width=121)
	              Recheck Cond: ((id >= 1390764) AND (id <= 1391763))
	              ->  Bitmap Index Scan on sbtest5_pkey  (cost=0.00..34.95 rows=1051 width=0)
	                    Index Cond: ((id >= 1390764) AND (id <= 1391763))

table 6 : explain SELECT DISTINCT c FROM sbtest6 WHERE id BETWEEN 4929939 AND 4930938 ORDER BY c
	Unique  (cost=3754.79..3759.56 rows=955 width=121)
	  ->  Sort  (cost=3754.79..3757.18 rows=955 width=121)
	        Sort Key: c
	        ->  Bitmap Heap Scan on sbtest6  (cost=34.22..3707.52 rows=955 width=121)
	              Recheck Cond: ((id >= 4929939) AND (id <= 4930938))
	              ->  Bitmap Index Scan on sbtest6_pkey  (cost=0.00..33.98 rows=955 width=0)
	                    Index Cond: ((id >= 4929939) AND (id <= 4930938))

table 7 : explain SELECT DISTINCT c FROM sbtest7 WHERE id BETWEEN 4811441 AND 4812440 ORDER BY c
	Unique  (cost=3883.59..3888.53 rows=988 width=121)
	  ->  Sort  (cost=3883.59..3886.06 rows=988 width=121)
	        Sort Key: c
	        ->  Bitmap Heap Scan on sbtest7  (cost=34.56..3834.44 rows=988 width=121)
	              Recheck Cond: ((id >= 4811441) AND (id <= 4812440))
	              ->  Bitmap Index Scan on sbtest7_pkey  (cost=0.00..34.32 rows=988 width=0)
	                    Index Cond: ((id >= 4811441) AND (id <= 4812440))

table 8 : explain SELECT DISTINCT c FROM sbtest8 WHERE id BETWEEN 548584 AND 549583 ORDER BY c
	Unique  (cost=4059.90..4065.08 rows=1035 width=121)
	  ->  Sort  (cost=4059.90..4062.49 rows=1035 width=121)
	        Sort Key: c
	        ->  Bitmap Heap Scan on sbtest8  (cost=35.04..4008.07 rows=1035 width=121)
	              Recheck Cond: ((id >= 548584) AND (id <= 549583))
	              ->  Bitmap Index Scan on sbtest8_pkey  (cost=0.00..34.79 rows=1035 width=0)
	                    Index Cond: ((id >= 548584) AND (id <= 549583))

explain: for point_selects :: explain SELECT c FROM sbtest%u WHERE id=%u
for point_selects
table 1 : explain SELECT c FROM sbtest1 WHERE id=6097356
	Index Scan using sbtest1_pkey on sbtest1  (cost=0.43..8.45 rows=1 width=121)
	  Index Cond: (id = 6097356)

table 2 : explain SELECT c FROM sbtest2 WHERE id=2149181
	Index Scan using sbtest2_pkey on sbtest2  (cost=0.43..8.45 rows=1 width=121)
	  Index Cond: (id = 2149181)

table 3 : explain SELECT c FROM sbtest3 WHERE id=1322446
	Index Scan using sbtest3_pkey on sbtest3  (cost=0.43..8.45 rows=1 width=121)
	  Index Cond: (id = 1322446)

table 4 : explain SELECT c FROM sbtest4 WHERE id=6403928
	Index Scan using sbtest4_pkey on sbtest4  (cost=0.43..8.45 rows=1 width=121)
	  Index Cond: (id = 6403928)

table 5 : explain SELECT c FROM sbtest5 WHERE id=5742418
	Index Scan using sbtest5_pkey on sbtest5  (cost=0.43..8.45 rows=1 width=121)
	  Index Cond: (id = 5742418)

table 6 : explain SELECT c FROM sbtest6 WHERE id=6586767
	Index Scan using sbtest6_pkey on sbtest6  (cost=0.43..8.45 rows=1 width=121)
	  Index Cond: (id = 6586767)

table 7 : explain SELECT c FROM sbtest7 WHERE id=895817
	Index Scan using sbtest7_pkey on sbtest7  (cost=0.43..8.45 rows=1 width=121)
	  Index Cond: (id = 895817)

table 8 : explain SELECT c FROM sbtest8 WHERE id=3910523
	Index Scan using sbtest8_pkey on sbtest8  (cost=0.43..8.45 rows=1 width=121)
	  Index Cond: (id = 3910523)

for point_selects
table 1 : explain SELECT c FROM sbtest1 WHERE id=5366613
	Index Scan using sbtest1_pkey on sbtest1  (cost=0.43..8.45 rows=1 width=121)
	  Index Cond: (id = 5366613)

table 2 : explain SELECT c FROM sbtest2 WHERE id=4055000
	Index Scan using sbtest2_pkey on sbtest2  (cost=0.43..8.45 rows=1 width=121)
	  Index Cond: (id = 4055000)

table 3 : explain SELECT c FROM sbtest3 WHERE id=2442339
	Index Scan using sbtest3_pkey on sbtest3  (cost=0.43..8.45 rows=1 width=121)
	  Index Cond: (id = 2442339)

table 4 : explain SELECT c FROM sbtest4 WHERE id=2084084
	Index Scan using sbtest4_pkey on sbtest4  (cost=0.43..8.45 rows=1 width=121)
	  Index Cond: (id = 2084084)

table 5 : explain SELECT c FROM sbtest5 WHERE id=509067
	Index Scan using sbtest5_pkey on sbtest5  (cost=0.43..8.45 rows=1 width=121)
	  Index Cond: (id = 509067)

table 6 : explain SELECT c FROM sbtest6 WHERE id=7660480
	Index Scan using sbtest6_pkey on sbtest6  (cost=0.43..8.45 rows=1 width=121)
	  Index Cond: (id = 7660480)

table 7 : explain SELECT c FROM sbtest7 WHERE id=9613359
	Index Scan using sbtest7_pkey on sbtest7  (cost=0.43..8.45 rows=1 width=121)
	  Index Cond: (id = 9613359)

table 8 : explain SELECT c FROM sbtest8 WHERE id=2207616
	Index Scan using sbtest8_pkey on sbtest8  (cost=0.43..8.45 rows=1 width=121)
	  Index Cond: (id = 2207616)

for: simple_ranges
table 1 : explain SELECT c FROM sbtest1 WHERE id BETWEEN 5490084 AND 5491083
	Bitmap Heap Scan on sbtest1  (cost=34.60..3847.98 rows=992 width=121)
	  Recheck Cond: ((id >= 5490084) AND (id <= 5491083))
	  ->  Bitmap Index Scan on sbtest1_pkey  (cost=0.00..34.36 rows=992 width=0)
	        Index Cond: ((id >= 5490084) AND (id <= 5491083))

table 2 : explain SELECT c FROM sbtest2 WHERE id BETWEEN 9191766 AND 9192765
	Bitmap Heap Scan on sbtest2  (cost=34.24..3712.59 rows=957 width=121)
	  Recheck Cond: ((id >= 9191766) AND (id <= 9192765))
	  ->  Bitmap Index Scan on sbtest2_pkey  (cost=0.00..34.01 rows=957 width=0)
	        Index Cond: ((id >= 9191766) AND (id <= 9192765))

table 3 : explain SELECT c FROM sbtest3 WHERE id BETWEEN 1722761 AND 1723760
	Bitmap Heap Scan on sbtest3  (cost=33.90..3589.47 rows=923 width=121)
	  Recheck Cond: ((id >= 1722761) AND (id <= 1723760))
	  ->  Bitmap Index Scan on sbtest3_pkey  (cost=0.00..33.67 rows=923 width=0)
	        Index Cond: ((id >= 1722761) AND (id <= 1723760))

table 4 : explain SELECT c FROM sbtest4 WHERE id BETWEEN 8434423 AND 8435422
	Bitmap Heap Scan on sbtest4  (cost=34.75..3903.68 rows=1006 width=121)
	  Recheck Cond: ((id >= 8434423) AND (id <= 8435422))
	  ->  Bitmap Index Scan on sbtest4_pkey  (cost=0.00..34.50 rows=1006 width=0)
	        Index Cond: ((id >= 8434423) AND (id <= 8435422))

table 5 : explain SELECT c FROM sbtest5 WHERE id BETWEEN 2913208 AND 2914207
	Bitmap Heap Scan on sbtest5  (cost=34.01..3631.09 rows=934 width=121)
	  Recheck Cond: ((id >= 2913208) AND (id <= 2914207))
	  ->  Bitmap Index Scan on sbtest5_pkey  (cost=0.00..33.78 rows=934 width=0)
	        Index Cond: ((id >= 2913208) AND (id <= 2914207))

table 6 : explain SELECT c FROM sbtest6 WHERE id BETWEEN 537164 AND 538163
	Bitmap Heap Scan on sbtest6  (cost=34.51..3813.26 rows=983 width=121)
	  Recheck Cond: ((id >= 537164) AND (id <= 538163))
	  ->  Bitmap Index Scan on sbtest6_pkey  (cost=0.00..34.27 rows=983 width=0)
	        Index Cond: ((id >= 537164) AND (id <= 538163))

table 7 : explain SELECT c FROM sbtest7 WHERE id BETWEEN 9995341 AND 9996340
	Bitmap Heap Scan on sbtest7  (cost=34.37..3762.64 rows=969 width=121)
	  Recheck Cond: ((id >= 9995341) AND (id <= 9996340))
	  ->  Bitmap Index Scan on sbtest7_pkey  (cost=0.00..34.12 rows=969 width=0)
	        Index Cond: ((id >= 9995341) AND (id <= 9996340))

table 8 : explain SELECT c FROM sbtest8 WHERE id BETWEEN 611955 AND 612954
	Bitmap Heap Scan on sbtest8  (cost=35.04..4008.07 rows=1035 width=121)
	  Recheck Cond: ((id >= 611955) AND (id <= 612954))
	  ->  Bitmap Index Scan on sbtest8_pkey  (cost=0.00..34.79 rows=1035 width=0)
	        Index Cond: ((id >= 611955) AND (id <= 612954))

for point_selects
table 1 : explain SELECT c FROM sbtest1 WHERE id=1469598
	Index Scan using sbtest1_pkey on sbtest1  (cost=0.43..8.45 rows=1 width=121)
	  Index Cond: (id = 1469598)

table 2 : explain SELECT c FROM sbtest2 WHERE id=9890206
	Index Scan using sbtest2_pkey on sbtest2  (cost=0.43..8.45 rows=1 width=121)
	  Index Cond: (id = 9890206)

table 3 : explain SELECT c FROM sbtest3 WHERE id=9534479
	Index Scan using sbtest3_pkey on sbtest3  (cost=0.43..8.45 rows=1 width=121)
	  Index Cond: (id = 9534479)

table 4 : explain SELECT c FROM sbtest4 WHERE id=9885412
	Index Scan using sbtest4_pkey on sbtest4  (cost=0.43..8.45 rows=1 width=121)
	  Index Cond: (id = 9885412)

table 5 : explain SELECT c FROM sbtest5 WHERE id=4617639
	Index Scan using sbtest5_pkey on sbtest5  (cost=0.43..8.45 rows=1 width=121)
	  Index Cond: (id = 4617639)

table 6 : explain SELECT c FROM sbtest6 WHERE id=6842699
	Index Scan using sbtest6_pkey on sbtest6  (cost=0.43..8.45 rows=1 width=121)
	  Index Cond: (id = 6842699)

table 7 : explain SELECT c FROM sbtest7 WHERE id=7843228
	Index Scan using sbtest7_pkey on sbtest7  (cost=0.43..8.45 rows=1 width=121)
	  Index Cond: (id = 7843228)

table 8 : explain SELECT c FROM sbtest8 WHERE id=8368237
	Index Scan using sbtest8_pkey on sbtest8  (cost=0.43..8.45 rows=1 width=121)
	  Index Cond: (id = 8368237)

for point_selects
table 1 : explain SELECT c FROM sbtest1 WHERE id=8801325
	Index Scan using sbtest1_pkey on sbtest1  (cost=0.43..8.45 rows=1 width=121)
	  Index Cond: (id = 8801325)

table 2 : explain SELECT c FROM sbtest2 WHERE id=1636865
	Index Scan using sbtest2_pkey on sbtest2  (cost=0.43..8.45 rows=1 width=121)
	  Index Cond: (id = 1636865)

table 3 : explain SELECT c FROM sbtest3 WHERE id=1889992
	Index Scan using sbtest3_pkey on sbtest3  (cost=0.43..8.45 rows=1 width=121)
	  Index Cond: (id = 1889992)

table 4 : explain SELECT c FROM sbtest4 WHERE id=5620244
	Index Scan using sbtest4_pkey on sbtest4  (cost=0.43..8.45 rows=1 width=121)
	  Index Cond: (id = 5620244)

table 5 : explain SELECT c FROM sbtest5 WHERE id=5135262
	Index Scan using sbtest5_pkey on sbtest5  (cost=0.43..8.45 rows=1 width=121)
	  Index Cond: (id = 5135262)

table 6 : explain SELECT c FROM sbtest6 WHERE id=9383853
	Index Scan using sbtest6_pkey on sbtest6  (cost=0.43..8.45 rows=1 width=121)
	  Index Cond: (id = 9383853)

table 7 : explain SELECT c FROM sbtest7 WHERE id=4808639
	Index Scan using sbtest7_pkey on sbtest7  (cost=0.43..8.45 rows=1 width=121)
	  Index Cond: (id = 4808639)

table 8 : explain SELECT c FROM sbtest8 WHERE id=7826818
	Index Scan using sbtest8_pkey on sbtest8  (cost=0.43..8.45 rows=1 width=121)
	  Index Cond: (id = 7826818)

explain: for point_selects :: explain SELECT c FROM sbtest%u WHERE id=%u
for: distinct_ranges
table 1 : explain SELECT DISTINCT c FROM sbtest1 WHERE id BETWEEN 1607266 AND 1608265 ORDER BY c
	Unique  (cost=3743.99..3748.75 rows=952 width=121)
	  ->  Sort  (cost=3743.99..3746.37 rows=952 width=121)
	        Sort Key: c
	        ->  Bitmap Heap Scan on sbtest1  (cost=34.19..3696.89 rows=952 width=121)
	              Recheck Cond: ((id >= 1607266) AND (id <= 1608265))
	              ->  Bitmap Index Scan on sbtest1_pkey  (cost=0.00..33.95 rows=952 width=0)
	                    Index Cond: ((id >= 1607266) AND (id <= 1608265))

table 2 : explain SELECT DISTINCT c FROM sbtest2 WHERE id BETWEEN 4079721 AND 4080720 ORDER BY c
	Unique  (cost=3786.79..3791.61 rows=964 width=121)
	  ->  Sort  (cost=3786.79..3789.20 rows=964 width=121)
	        Sort Key: c
	        ->  Bitmap Heap Scan on sbtest2  (cost=34.32..3739.01 rows=964 width=121)
	              Recheck Cond: ((id >= 4079721) AND (id <= 4080720))
	              ->  Bitmap Index Scan on sbtest2_pkey  (cost=0.00..34.08 rows=964 width=0)
	                    Index Cond: ((id >= 4079721) AND (id <= 4080720))

table 3 : explain SELECT DISTINCT c FROM sbtest3 WHERE id BETWEEN 8485268 AND 8486267 ORDER BY c
	Unique  (cost=4313.61..4319.10 rows=1099 width=121)
	  ->  Sort  (cost=4313.61..4316.36 rows=1099 width=121)
	        Sort Key: c
	        ->  Bitmap Heap Scan on sbtest3  (cost=39.70..4258.10 rows=1099 width=121)
	              Recheck Cond: ((id >= 8485268) AND (id <= 8486267))
	              ->  Bitmap Index Scan on sbtest3_pkey  (cost=0.00..39.43 rows=1099 width=0)
	                    Index Cond: ((id >= 8485268) AND (id <= 8486267))

table 4 : explain SELECT DISTINCT c FROM sbtest4 WHERE id BETWEEN 5516514 AND 5517513 ORDER BY c
	Unique  (cost=3953.85..3958.88 rows=1006 width=121)
	  ->  Sort  (cost=3953.85..3956.36 rows=1006 width=121)
	        Sort Key: c
	        ->  Bitmap Heap Scan on sbtest4  (cost=34.75..3903.68 rows=1006 width=121)
	              Recheck Cond: ((id >= 5516514) AND (id <= 5517513))
	              ->  Bitmap Index Scan on sbtest4_pkey  (cost=0.00..34.50 rows=1006 width=0)
	                    Index Cond: ((id >= 5516514) AND (id <= 5517513))

table 5 : explain SELECT DISTINCT c FROM sbtest5 WHERE id BETWEEN 4538930 AND 4539929 ORDER BY c
	Unique  (cost=3965.02..3970.06 rows=1009 width=121)
	  ->  Sort  (cost=3965.02..3967.54 rows=1009 width=121)
	        Sort Key: c
	        ->  Bitmap Heap Scan on sbtest5  (cost=34.78..3914.67 rows=1009 width=121)
	              Recheck Cond: ((id >= 4538930) AND (id <= 4539929))
	              ->  Bitmap Index Scan on sbtest5_pkey  (cost=0.00..34.53 rows=1009 width=0)
	                    Index Cond: ((id >= 4538930) AND (id <= 4539929))

table 6 : explain SELECT DISTINCT c FROM sbtest6 WHERE id BETWEEN 979427 AND 980426 ORDER BY c
	Unique  (cost=3781.63..3786.44 rows=962 width=121)
	  ->  Sort  (cost=3781.63..3784.04 rows=962 width=121)
	        Sort Key: c
	        ->  Bitmap Heap Scan on sbtest6  (cost=34.30..3733.97 rows=962 width=121)
	              Recheck Cond: ((id >= 979427) AND (id <= 980426))
	              ->  Bitmap Index Scan on sbtest6_pkey  (cost=0.00..34.06 rows=962 width=0)
	                    Index Cond: ((id >= 979427) AND (id <= 980426))

table 7 : explain SELECT DISTINCT c FROM sbtest7 WHERE id BETWEEN 1962983 AND 1963982 ORDER BY c
	Unique  (cost=4174.68..4180.00 rows=1064 width=121)
	  ->  Sort  (cost=4174.68..4177.34 rows=1064 width=121)
	        Sort Key: c
	        ->  Bitmap Heap Scan on sbtest7  (cost=35.34..4121.18 rows=1064 width=121)
	              Recheck Cond: ((id >= 1962983) AND (id <= 1963982))
	              ->  Bitmap Index Scan on sbtest7_pkey  (cost=0.00..35.08 rows=1064 width=0)
	                    Index Cond: ((id >= 1962983) AND (id <= 1963982))

table 8 : explain SELECT DISTINCT c FROM sbtest8 WHERE id BETWEEN 4352786 AND 4353785 ORDER BY c
	Unique  (cost=4059.90..4065.08 rows=1035 width=121)
	  ->  Sort  (cost=4059.90..4062.49 rows=1035 width=121)
	        Sort Key: c
	        ->  Bitmap Heap Scan on sbtest8  (cost=35.04..4008.07 rows=1035 width=121)
	              Recheck Cond: ((id >= 4352786) AND (id <= 4353785))
	              ->  Bitmap Index Scan on sbtest8_pkey  (cost=0.00..34.79 rows=1035 width=0)
	                    Index Cond: ((id >= 4352786) AND (id <= 4353785))

for: simple_ranges
table 1 : explain SELECT c FROM sbtest1 WHERE id BETWEEN 9732679 AND 9733678
	Bitmap Heap Scan on sbtest1  (cost=35.43..4153.33 rows=1073 width=121)
	  Recheck Cond: ((id >= 9732679) AND (id <= 9733678))
	  ->  Bitmap Index Scan on sbtest1_pkey  (cost=0.00..35.17 rows=1073 width=0)
	        Index Cond: ((id >= 9732679) AND (id <= 9733678))

table 2 : explain SELECT c FROM sbtest2 WHERE id BETWEEN 3265782 AND 3266781
	Bitmap Heap Scan on sbtest2  (cost=34.16..3682.40 rows=949 width=121)
	  Recheck Cond: ((id >= 3265782) AND (id <= 3266781))
	  ->  Bitmap Index Scan on sbtest2_pkey  (cost=0.00..33.93 rows=949 width=0)
	        Index Cond: ((id >= 3265782) AND (id <= 3266781))

table 3 : explain SELECT c FROM sbtest3 WHERE id BETWEEN 9572003 AND 9573002
	Bitmap Heap Scan on sbtest3  (cost=33.99..3623.56 rows=932 width=121)
	  Recheck Cond: ((id >= 9572003) AND (id <= 9573002))
	  ->  Bitmap Index Scan on sbtest3_pkey  (cost=0.00..33.76 rows=932 width=0)
	        Index Cond: ((id >= 9572003) AND (id <= 9573002))

table 4 : explain SELECT c FROM sbtest4 WHERE id BETWEEN 8313401 AND 8314400
	Bitmap Heap Scan on sbtest4  (cost=35.05..4016.94 rows=1036 width=121)
	  Recheck Cond: ((id >= 8313401) AND (id <= 8314400))
	  ->  Bitmap Index Scan on sbtest4_pkey  (cost=0.00..34.80 rows=1036 width=0)
	        Index Cond: ((id >= 8313401) AND (id <= 8314400))

table 5 : explain SELECT c FROM sbtest5 WHERE id BETWEEN 9529060 AND 9530059
	Bitmap Heap Scan on sbtest5  (cost=34.97..3986.40 rows=1028 width=121)
	  Recheck Cond: ((id >= 9529060) AND (id <= 9530059))
	  ->  Bitmap Index Scan on sbtest5_pkey  (cost=0.00..34.72 rows=1028 width=0)
	        Index Cond: ((id >= 9529060) AND (id <= 9530059))

table 6 : explain SELECT c FROM sbtest6 WHERE id BETWEEN 7014099 AND 7015098
	Bitmap Heap Scan on sbtest6  (cost=34.79..3915.14 rows=1010 width=121)
	  Recheck Cond: ((id >= 7014099) AND (id <= 7015098))
	  ->  Bitmap Index Scan on sbtest6_pkey  (cost=0.00..34.54 rows=1010 width=0)
	        Index Cond: ((id >= 7014099) AND (id <= 7015098))

table 7 : explain SELECT c FROM sbtest7 WHERE id BETWEEN 8276827 AND 8277826
	Bitmap Heap Scan on sbtest7  (cost=34.21..3705.93 rows=954 width=121)
	  Recheck Cond: ((id >= 8276827) AND (id <= 8277826))
	  ->  Bitmap Index Scan on sbtest7_pkey  (cost=0.00..33.98 rows=954 width=0)
	        Index Cond: ((id >= 8276827) AND (id <= 8277826))

table 8 : explain SELECT c FROM sbtest8 WHERE id BETWEEN 5399515 AND 5400514
	Bitmap Heap Scan on sbtest8  (cost=34.78..3910.11 rows=1009 width=121)
	  Recheck Cond: ((id >= 5399515) AND (id <= 5400514))
	  ->  Bitmap Index Scan on sbtest8_pkey  (cost=0.00..34.53 rows=1009 width=0)
	        Index Cond: ((id >= 5399515) AND (id <= 5400514))

for: simple_ranges
table 1 : explain SELECT c FROM sbtest1 WHERE id BETWEEN 2470525 AND 2471524
	Bitmap Heap Scan on sbtest1  (cost=35.57..4202.26 rows=1086 width=121)
	  Recheck Cond: ((id >= 2470525) AND (id <= 2471524))
	  ->  Bitmap Index Scan on sbtest1_pkey  (cost=0.00..35.30 rows=1086 width=0)
	        Index Cond: ((id >= 2470525) AND (id <= 2471524))

table 2 : explain SELECT c FROM sbtest2 WHERE id BETWEEN 9521239 AND 9522238
	Bitmap Heap Scan on sbtest2  (cost=35.59..4205.91 rows=1088 width=121)
	  Recheck Cond: ((id >= 9521239) AND (id <= 9522238))
	  ->  Bitmap Index Scan on sbtest2_pkey  (cost=0.00..35.32 rows=1088 width=0)
	        Index Cond: ((id >= 9521239) AND (id <= 9522238))

table 3 : explain SELECT c FROM sbtest3 WHERE id BETWEEN 6573292 AND 6574291
	Bitmap Heap Scan on sbtest3  (cost=34.26..3725.73 rows=959 width=121)
	  Recheck Cond: ((id >= 6573292) AND (id <= 6574291))
	  ->  Bitmap Index Scan on sbtest3_pkey  (cost=0.00..34.03 rows=959 width=0)
	        Index Cond: ((id >= 6573292) AND (id <= 6574291))

table 4 : explain SELECT c FROM sbtest4 WHERE id BETWEEN 2848279 AND 2849278
	Bitmap Heap Scan on sbtest4  (cost=34.65..3869.68 rows=997 width=121)
	  Recheck Cond: ((id >= 2848279) AND (id <= 2849278))
	  ->  Bitmap Index Scan on sbtest4_pkey  (cost=0.00..34.41 rows=997 width=0)
	        Index Cond: ((id >= 2848279) AND (id <= 2849278))

table 5 : explain SELECT c FROM sbtest5 WHERE id BETWEEN 4599077 AND 4600076
	Bitmap Heap Scan on sbtest5  (cost=34.43..3786.20 rows=975 width=121)
	  Recheck Cond: ((id >= 4599077) AND (id <= 4600076))
	  ->  Bitmap Index Scan on sbtest5_pkey  (cost=0.00..34.19 rows=975 width=0)
	        Index Cond: ((id >= 4599077) AND (id <= 4600076))

table 6 : explain SELECT c FROM sbtest6 WHERE id BETWEEN 5710075 AND 5711074
	Bitmap Heap Scan on sbtest6  (cost=33.84..3567.63 rows=918 width=121)
	  Recheck Cond: ((id >= 5710075) AND (id <= 5711074))
	  ->  Bitmap Index Scan on sbtest6_pkey  (cost=0.00..33.62 rows=918 width=0)
	        Index Cond: ((id >= 5710075) AND (id <= 5711074))

table 7 : explain SELECT c FROM sbtest7 WHERE id BETWEEN 7053537 AND 7054536
	Bitmap Heap Scan on sbtest7  (cost=34.16..3687.02 rows=949 width=121)
	  Recheck Cond: ((id >= 7053537) AND (id <= 7054536))
	  ->  Bitmap Index Scan on sbtest7_pkey  (cost=0.00..33.93 rows=949 width=0)
	        Index Cond: ((id >= 7053537) AND (id <= 7054536))

table 8 : explain SELECT c FROM sbtest8 WHERE id BETWEEN 5397893 AND 5398892
	Bitmap Heap Scan on sbtest8  (cost=34.78..3910.11 rows=1009 width=121)
	  Recheck Cond: ((id >= 5397893) AND (id <= 5398892))
	  ->  Bitmap Index Scan on sbtest8_pkey  (cost=0.00..34.53 rows=1009 width=0)
	        Index Cond: ((id >= 5397893) AND (id <= 5398892))

for point_selects
table 1 : explain SELECT c FROM sbtest1 WHERE id=3200433
	Index Scan using sbtest1_pkey on sbtest1  (cost=0.43..8.45 rows=1 width=121)
	  Index Cond: (id = 3200433)

table 2 : explain SELECT c FROM sbtest2 WHERE id=2941202
	Index Scan using sbtest2_pkey on sbtest2  (cost=0.43..8.45 rows=1 width=121)
	  Index Cond: (id = 2941202)

table 3 : explain SELECT c FROM sbtest3 WHERE id=1233183
	Index Scan using sbtest3_pkey on sbtest3  (cost=0.43..8.45 rows=1 width=121)
	  Index Cond: (id = 1233183)

table 4 : explain SELECT c FROM sbtest4 WHERE id=5240772
	Index Scan using sbtest4_pkey on sbtest4  (cost=0.43..8.45 rows=1 width=121)
	  Index Cond: (id = 5240772)

table 5 : explain SELECT c FROM sbtest5 WHERE id=2753049
	Index Scan using sbtest5_pkey on sbtest5  (cost=0.43..8.45 rows=1 width=121)
	  Index Cond: (id = 2753049)

table 6 : explain SELECT c FROM sbtest6 WHERE id=1895546
	Index Scan using sbtest6_pkey on sbtest6  (cost=0.43..8.45 rows=1 width=121)
	  Index Cond: (id = 1895546)

table 7 : explain SELECT c FROM sbtest7 WHERE id=9980987
	Index Scan using sbtest7_pkey on sbtest7  (cost=0.43..8.45 rows=1 width=121)
	  Index Cond: (id = 9980987)

table 8 : explain SELECT c FROM sbtest8 WHERE id=3466562
	Index Scan using sbtest8_pkey on sbtest8  (cost=0.43..8.45 rows=1 width=121)
	  Index Cond: (id = 3466562)

for: simple_ranges
table 1 : explain SELECT c FROM sbtest1 WHERE id BETWEEN 9789792 AND 9790791
	Bitmap Heap Scan on sbtest1  (cost=35.43..4153.33 rows=1073 width=121)
	  Recheck Cond: ((id >= 9789792) AND (id <= 9790791))
	  ->  Bitmap Index Scan on sbtest1_pkey  (cost=0.00..35.17 rows=1073 width=0)
	        Index Cond: ((id >= 9789792) AND (id <= 9790791))

table 2 : explain SELECT c FROM sbtest2 WHERE id BETWEEN 8397678 AND 8398677
	Bitmap Heap Scan on sbtest2  (cost=34.06..3644.64 rows=939 width=121)
	  Recheck Cond: ((id >= 8397678) AND (id <= 8398677))
	  ->  Bitmap Index Scan on sbtest2_pkey  (cost=0.00..33.83 rows=939 width=0)
	        Index Cond: ((id >= 8397678) AND (id <= 8398677))

table 3 : explain SELECT c FROM sbtest3 WHERE id BETWEEN 3240224 AND 3241223
	Bitmap Heap Scan on sbtest3  (cost=35.27..4095.84 rows=1057 width=121)
	  Recheck Cond: ((id >= 3240224) AND (id <= 3241223))
	  ->  Bitmap Index Scan on sbtest3_pkey  (cost=0.00..35.01 rows=1057 width=0)
	        Index Cond: ((id >= 3240224) AND (id <= 3241223))

table 4 : explain SELECT c FROM sbtest4 WHERE id BETWEEN 1699263 AND 1700262
	Bitmap Heap Scan on sbtest4  (cost=33.81..3559.43 rows=915 width=121)
	  Recheck Cond: ((id >= 1699263) AND (id <= 1700262))
	  ->  Bitmap Index Scan on sbtest4_pkey  (cost=0.00..33.59 rows=915 width=0)
	        Index Cond: ((id >= 1699263) AND (id <= 1700262))

table 5 : explain SELECT c FROM sbtest5 WHERE id BETWEEN 4512352 AND 4513351
	Bitmap Heap Scan on sbtest5  (cost=34.78..3914.67 rows=1009 width=121)
	  Recheck Cond: ((id >= 4512352) AND (id <= 4513351))
	  ->  Bitmap Index Scan on sbtest5_pkey  (cost=0.00..34.53 rows=1009 width=0)
	        Index Cond: ((id >= 4512352) AND (id <= 4513351))

table 6 : explain SELECT c FROM sbtest6 WHERE id BETWEEN 5833576 AND 5834575
	Bitmap Heap Scan on sbtest6  (cost=40.29..4468.46 rows=1157 width=121)
	  Recheck Cond: ((id >= 5833576) AND (id <= 5834575))
	  ->  Bitmap Index Scan on sbtest6_pkey  (cost=0.00..40.01 rows=1157 width=0)
	        Index Cond: ((id >= 5833576) AND (id <= 5834575))

table 7 : explain SELECT c FROM sbtest7 WHERE id BETWEEN 409124 AND 410123
	Bitmap Heap Scan on sbtest7  (cost=35.13..4042.02 rows=1043 width=121)
	  Recheck Cond: ((id >= 409124) AND (id <= 410123))
	  ->  Bitmap Index Scan on sbtest7_pkey  (cost=0.00..34.87 rows=1043 width=0)
	        Index Cond: ((id >= 409124) AND (id <= 410123))

table 8 : explain SELECT c FROM sbtest8 WHERE id BETWEEN 8610044 AND 8611043
	Bitmap Heap Scan on sbtest8  (cost=34.70..3879.95 rows=1001 width=121)
	  Recheck Cond: ((id >= 8610044) AND (id <= 8611043))
	  ->  Bitmap Index Scan on sbtest8_pkey  (cost=0.00..34.45 rows=1001 width=0)
	        Index Cond: ((id >= 8610044) AND (id <= 8611043))

for: simple_ranges
table 1 : explain SELECT c FROM sbtest1 WHERE id BETWEEN 1477628 AND 1478627
	Bitmap Heap Scan on sbtest1  (cost=29.18..3318.04 rows=853 width=121)
	  Recheck Cond: ((id >= 1477628) AND (id <= 1478627))
	  ->  Bitmap Index Scan on sbtest1_pkey  (cost=0.00..28.96 rows=853 width=0)
	        Index Cond: ((id >= 1477628) AND (id <= 1478627))

table 2 : explain SELECT c FROM sbtest2 WHERE id BETWEEN 1805371 AND 1806370
	Bitmap Heap Scan on sbtest2  (cost=34.79..3912.44 rows=1010 width=121)
	  Recheck Cond: ((id >= 1805371) AND (id <= 1806370))
	  ->  Bitmap Index Scan on sbtest2_pkey  (cost=0.00..34.54 rows=1010 width=0)
	        Index Cond: ((id >= 1805371) AND (id <= 1806370))

table 3 : explain SELECT c FROM sbtest3 WHERE id BETWEEN 6570171 AND 6571170
	Bitmap Heap Scan on sbtest3  (cost=34.26..3725.73 rows=959 width=121)
	  Recheck Cond: ((id >= 6570171) AND (id <= 6571170))
	  ->  Bitmap Index Scan on sbtest3_pkey  (cost=0.00..34.03 rows=959 width=0)
	        Index Cond: ((id >= 6570171) AND (id <= 6571170))

table 4 : explain SELECT c FROM sbtest4 WHERE id BETWEEN 2441948 AND 2442947
	Bitmap Heap Scan on sbtest4  (cost=33.90..3589.73 rows=923 width=121)
	  Recheck Cond: ((id >= 2441948) AND (id <= 2442947))
	  ->  Bitmap Index Scan on sbtest4_pkey  (cost=0.00..33.67 rows=923 width=0)
	        Index Cond: ((id >= 2441948) AND (id <= 2442947))

table 5 : explain SELECT c FROM sbtest5 WHERE id BETWEEN 5271558 AND 5272557
	Bitmap Heap Scan on sbtest5  (cost=35.29..4103.34 rows=1059 width=121)
	  Recheck Cond: ((id >= 5271558) AND (id <= 5272557))
	  ->  Bitmap Index Scan on sbtest5_pkey  (cost=0.00..35.03 rows=1059 width=0)
	        Index Cond: ((id >= 5271558) AND (id <= 5272557))

table 6 : explain SELECT c FROM sbtest6 WHERE id BETWEEN 6391200 AND 6392199
	Bitmap Heap Scan on sbtest6  (cost=34.48..3801.94 rows=980 width=121)
	  Recheck Cond: ((id >= 6391200) AND (id <= 6392199))
	  ->  Bitmap Index Scan on sbtest6_pkey  (cost=0.00..34.23 rows=980 width=0)
	        Index Cond: ((id >= 6391200) AND (id <= 6392199))

table 7 : explain SELECT c FROM sbtest7 WHERE id BETWEEN 5869546 AND 5870545
	Bitmap Heap Scan on sbtest7  (cost=39.65..4238.18 rows=1094 width=121)
	  Recheck Cond: ((id >= 5869546) AND (id <= 5870545))
	  ->  Bitmap Index Scan on sbtest7_pkey  (cost=0.00..39.38 rows=1094 width=0)
	        Index Cond: ((id >= 5869546) AND (id <= 5870545))

table 8 : explain SELECT c FROM sbtest8 WHERE id BETWEEN 9346324 AND 9347323
	Bitmap Heap Scan on sbtest8  (cost=34.32..3740.35 rows=964 width=121)
	  Recheck Cond: ((id >= 9346324) AND (id <= 9347323))
	  ->  Bitmap Index Scan on sbtest8_pkey  (cost=0.00..34.08 rows=964 width=0)
	        Index Cond: ((id >= 9346324) AND (id <= 9347323))

for: sum_ranges
table 1 : explain SELECT SUM(k) FROM sbtest1 WHERE id BETWEEN 4972258 AND 4973257
	Aggregate  (cost=3699.27..3699.28 rows=1 width=8)
	  ->  Bitmap Heap Scan on sbtest1  (cost=34.19..3696.89 rows=952 width=4)
	        Recheck Cond: ((id >= 4972258) AND (id <= 4973257))
	        ->  Bitmap Index Scan on sbtest1_pkey  (cost=0.00..33.95 rows=952 width=0)
	              Index Cond: ((id >= 4972258) AND (id <= 4973257))

table 2 : explain SELECT SUM(k) FROM sbtest2 WHERE id BETWEEN 1570663 AND 1571662
	Aggregate  (cost=4016.71..4016.72 rows=1 width=8)
	  ->  Bitmap Heap Scan on sbtest2  (cost=35.06..4014.12 rows=1037 width=4)
	        Recheck Cond: ((id >= 1570663) AND (id <= 1571662))
	        ->  Bitmap Index Scan on sbtest2_pkey  (cost=0.00..34.81 rows=1037 width=0)
	              Index Cond: ((id >= 1570663) AND (id <= 1571662))

table 3 : explain SELECT SUM(k) FROM sbtest3 WHERE id BETWEEN 9041464 AND 9042463
	Aggregate  (cost=4211.62..4211.63 rows=1 width=8)
	  ->  Bitmap Heap Scan on sbtest3  (cost=35.58..4208.90 rows=1087 width=4)
	        Recheck Cond: ((id >= 9041464) AND (id <= 9042463))
	        ->  Bitmap Index Scan on sbtest3_pkey  (cost=0.00..35.31 rows=1087 width=0)
	              Index Cond: ((id >= 9041464) AND (id <= 9042463))

table 4 : explain SELECT SUM(k) FROM sbtest4 WHERE id BETWEEN 1706836 AND 1707835
	Aggregate  (cost=3561.72..3561.73 rows=1 width=8)
	  ->  Bitmap Heap Scan on sbtest4  (cost=33.81..3559.43 rows=915 width=4)
	        Recheck Cond: ((id >= 1706836) AND (id <= 1707835))
	        ->  Bitmap Index Scan on sbtest4_pkey  (cost=0.00..33.59 rows=915 width=0)
	              Index Cond: ((id >= 1706836) AND (id <= 1707835))

table 5 : explain SELECT SUM(k) FROM sbtest5 WHERE id BETWEEN 1307291 AND 1308290
	Aggregate  (cost=4139.94..4139.95 rows=1 width=8)
	  ->  Bitmap Heap Scan on sbtest5  (cost=35.38..4137.27 rows=1068 width=4)
	        Recheck Cond: ((id >= 1307291) AND (id <= 1308290))
	        ->  Bitmap Index Scan on sbtest5_pkey  (cost=0.00..35.12 rows=1068 width=0)
	              Index Cond: ((id >= 1307291) AND (id <= 1308290))

table 6 : explain SELECT SUM(k) FROM sbtest6 WHERE id BETWEEN 3297466 AND 3298465
	Aggregate  (cost=3728.81..3728.82 rows=1 width=8)
	  ->  Bitmap Heap Scan on sbtest6  (cost=34.28..3726.41 rows=960 width=4)
	        Recheck Cond: ((id >= 3297466) AND (id <= 3298465))
	        ->  Bitmap Index Scan on sbtest6_pkey  (cost=0.00..34.04 rows=960 width=0)
	              Index Cond: ((id >= 3297466) AND (id <= 3298465))

table 7 : explain SELECT SUM(k) FROM sbtest7 WHERE id BETWEEN 3182882 AND 3183881
	Aggregate  (cost=4320.00..4320.01 rows=1 width=8)
	  ->  Bitmap Heap Scan on sbtest7  (cost=39.86..4317.21 rows=1115 width=4)
	        Recheck Cond: ((id >= 3182882) AND (id <= 3183881))
	        ->  Bitmap Index Scan on sbtest7_pkey  (cost=0.00..39.59 rows=1115 width=0)
	              Index Cond: ((id >= 3182882) AND (id <= 3183881))

table 8 : explain SELECT SUM(k) FROM sbtest8 WHERE id BETWEEN 7703060 AND 7704059
	Aggregate  (cost=3871.13..3871.14 rows=1 width=8)
	  ->  Bitmap Heap Scan on sbtest8  (cost=34.66..3868.63 rows=998 width=4)
	        Recheck Cond: ((id >= 7703060) AND (id <= 7704059))
	        ->  Bitmap Index Scan on sbtest8_pkey  (cost=0.00..34.42 rows=998 width=0)
	              Index Cond: ((id >= 7703060) AND (id <= 7704059))

for: simple_ranges
table 1 : explain SELECT c FROM sbtest1 WHERE id BETWEEN 736467 AND 737466
	Bitmap Heap Scan on sbtest1  (cost=35.22..4074.24 rows=1052 width=121)
	  Recheck Cond: ((id >= 736467) AND (id <= 737466))
	  ->  Bitmap Index Scan on sbtest1_pkey  (cost=0.00..34.95 rows=1052 width=0)
	        Index Cond: ((id >= 736467) AND (id <= 737466))

table 2 : explain SELECT c FROM sbtest2 WHERE id BETWEEN 9203295 AND 9204294
	Bitmap Heap Scan on sbtest2  (cost=34.85..3935.05 rows=1016 width=121)
	  Recheck Cond: ((id >= 9203295) AND (id <= 9204294))
	  ->  Bitmap Index Scan on sbtest2_pkey  (cost=0.00..34.59 rows=1016 width=0)
	        Index Cond: ((id >= 9203295) AND (id <= 9204294))

table 3 : explain SELECT c FROM sbtest3 WHERE id BETWEEN 4701962 AND 4702961
	Bitmap Heap Scan on sbtest3  (cost=35.12..4039.27 rows=1042 width=121)
	  Recheck Cond: ((id >= 4701962) AND (id <= 4702961))
	  ->  Bitmap Index Scan on sbtest3_pkey  (cost=0.00..34.86 rows=1042 width=0)
	        Index Cond: ((id >= 4701962) AND (id <= 4702961))

table 4 : explain SELECT c FROM sbtest4 WHERE id BETWEEN 9504890 AND 9505889
	Bitmap Heap Scan on sbtest4  (cost=34.93..3971.65 rows=1024 width=121)
	  Recheck Cond: ((id >= 9504890) AND (id <= 9505889))
	  ->  Bitmap Index Scan on sbtest4_pkey  (cost=0.00..34.68 rows=1024 width=0)
	        Index Cond: ((id >= 9504890) AND (id <= 9505889))

table 5 : explain SELECT c FROM sbtest5 WHERE id BETWEEN 3690798 AND 3691797
	Bitmap Heap Scan on sbtest5  (cost=34.45..3793.77 rows=977 width=121)
	  Recheck Cond: ((id >= 3690798) AND (id <= 3691797))
	  ->  Bitmap Index Scan on sbtest5_pkey  (cost=0.00..34.20 rows=977 width=0)
	        Index Cond: ((id >= 3690798) AND (id <= 3691797))

table 6 : explain SELECT c FROM sbtest6 WHERE id BETWEEN 3777639 AND 3778638
	Bitmap Heap Scan on sbtest6  (cost=34.65..3866.10 rows=997 width=121)
	  Recheck Cond: ((id >= 3777639) AND (id <= 3778638))
	  ->  Bitmap Index Scan on sbtest6_pkey  (cost=0.00..34.41 rows=997 width=0)
	        Index Cond: ((id >= 3777639) AND (id <= 3778638))

table 7 : explain SELECT c FROM sbtest7 WHERE id BETWEEN 3610741 AND 3611740
	Bitmap Heap Scan on sbtest7  (cost=34.69..3879.76 rows=1000 width=121)
	  Recheck Cond: ((id >= 3610741) AND (id <= 3611740))
	  ->  Bitmap Index Scan on sbtest7_pkey  (cost=0.00..34.44 rows=1000 width=0)
	        Index Cond: ((id >= 3610741) AND (id <= 3611740))

table 8 : explain SELECT c FROM sbtest8 WHERE id BETWEEN 1225780 AND 1226779
	Bitmap Heap Scan on sbtest8  (cost=34.19..3695.03 rows=952 width=121)
	  Recheck Cond: ((id >= 1225780) AND (id <= 1226779))
	  ->  Bitmap Index Scan on sbtest8_pkey  (cost=0.00..33.95 rows=952 width=0)
	        Index Cond: ((id >= 1225780) AND (id <= 1226779))

for point_selects
table 1 : explain SELECT c FROM sbtest1 WHERE id=1188627
	Index Scan using sbtest1_pkey on sbtest1  (cost=0.43..8.45 rows=1 width=121)
	  Index Cond: (id = 1188627)

table 2 : explain SELECT c FROM sbtest2 WHERE id=8033565
	Index Scan using sbtest2_pkey on sbtest2  (cost=0.43..8.45 rows=1 width=121)
	  Index Cond: (id = 8033565)

table 3 : explain SELECT c FROM sbtest3 WHERE id=6825345
	Index Scan using sbtest3_pkey on sbtest3  (cost=0.43..8.45 rows=1 width=121)
	  Index Cond: (id = 6825345)

table 4 : explain SELECT c FROM sbtest4 WHERE id=5786634
	Index Scan using sbtest4_pkey on sbtest4  (cost=0.43..8.45 rows=1 width=121)
	  Index Cond: (id = 5786634)

table 5 : explain SELECT c FROM sbtest5 WHERE id=7272056
	Index Scan using sbtest5_pkey on sbtest5  (cost=0.43..8.45 rows=1 width=121)
	  Index Cond: (id = 7272056)

table 6 : explain SELECT c FROM sbtest6 WHERE id=9711029
	Index Scan using sbtest6_pkey on sbtest6  (cost=0.43..8.45 rows=1 width=121)
	  Index Cond: (id = 9711029)

table 7 : explain SELECT c FROM sbtest7 WHERE id=8428217
	Index Scan using sbtest7_pkey on sbtest7  (cost=0.43..8.45 rows=1 width=121)
	  Index Cond: (id = 8428217)

table 8 : explain SELECT c FROM sbtest8 WHERE id=5043867
	Index Scan using sbtest8_pkey on sbtest8  (cost=0.43..8.45 rows=1 width=121)
	  Index Cond: (id = 5043867)

for: sum_ranges
table 1 : explain SELECT SUM(k) FROM sbtest1 WHERE id BETWEEN 3970286 AND 3971285
	Aggregate  (cost=3574.38..3574.39 rows=1 width=8)
	  ->  Bitmap Heap Scan on sbtest1  (cost=33.85..3572.09 rows=919 width=4)
	        Recheck Cond: ((id >= 3970286) AND (id <= 3971285))
	        ->  Bitmap Index Scan on sbtest1_pkey  (cost=0.00..33.62 rows=919 width=0)
	              Index Cond: ((id >= 3970286) AND (id <= 3971285))

table 2 : explain SELECT SUM(k) FROM sbtest2 WHERE id BETWEEN 8227004 AND 8228003
	Aggregate  (cost=4031.77..4031.78 rows=1 width=8)
	  ->  Bitmap Heap Scan on sbtest2  (cost=35.11..4029.17 rows=1041 width=4)
	        Recheck Cond: ((id >= 8227004) AND (id <= 8228003))
	        ->  Bitmap Index Scan on sbtest2_pkey  (cost=0.00..34.84 rows=1041 width=0)
	              Index Cond: ((id >= 8227004) AND (id <= 8228003))

table 3 : explain SELECT SUM(k) FROM sbtest3 WHERE id BETWEEN 3071104 AND 3072103
	Aggregate  (cost=3667.55..3667.56 rows=1 width=8)
	  ->  Bitmap Heap Scan on sbtest3  (cost=34.10..3665.19 rows=943 width=4)
	        Recheck Cond: ((id >= 3071104) AND (id <= 3072103))
	        ->  Bitmap Index Scan on sbtest3_pkey  (cost=0.00..33.87 rows=943 width=0)
	              Index Cond: ((id >= 3071104) AND (id <= 3072103))

table 4 : explain SELECT SUM(k) FROM sbtest4 WHERE id BETWEEN 4681977 AND 4682976
	Aggregate  (cost=3838.14..3838.15 rows=1 width=8)
	  ->  Bitmap Heap Scan on sbtest4  (cost=34.56..3835.67 rows=988 width=4)
	        Recheck Cond: ((id >= 4681977) AND (id <= 4682976))
	        ->  Bitmap Index Scan on sbtest4_pkey  (cost=0.00..34.32 rows=988 width=0)
	              Index Cond: ((id >= 4681977) AND (id <= 4682976))

table 5 : explain SELECT SUM(k) FROM sbtest5 WHERE id BETWEEN 3190702 AND 3191701
	Aggregate  (cost=4011.63..4011.64 rows=1 width=8)
	  ->  Bitmap Heap Scan on sbtest5  (cost=35.03..4009.04 rows=1034 width=4)
	        Recheck Cond: ((id >= 3190702) AND (id <= 3191701))
	        ->  Bitmap Index Scan on sbtest5_pkey  (cost=0.00..34.78 rows=1034 width=0)
	              Index Cond: ((id >= 3190702) AND (id <= 3191701))

table 6 : explain SELECT SUM(k) FROM sbtest6 WHERE id BETWEEN 6398604 AND 6399603
	Aggregate  (cost=3804.39..3804.40 rows=1 width=8)
	  ->  Bitmap Heap Scan on sbtest6  (cost=34.48..3801.94 rows=980 width=4)
	        Recheck Cond: ((id >= 6398604) AND (id <= 6399603))
	        ->  Bitmap Index Scan on sbtest6_pkey  (cost=0.00..34.23 rows=980 width=0)
	              Index Cond: ((id >= 6398604) AND (id <= 6399603))

table 7 : explain SELECT SUM(k) FROM sbtest7 WHERE id BETWEEN 4352476 AND 4353475
	Aggregate  (cost=3609.88..3609.89 rows=1 width=8)
	  ->  Bitmap Heap Scan on sbtest7  (cost=33.95..3607.56 rows=928 width=4)
	        Recheck Cond: ((id >= 4352476) AND (id <= 4353475))
	        ->  Bitmap Index Scan on sbtest7_pkey  (cost=0.00..33.72 rows=928 width=0)
	              Index Cond: ((id >= 4352476) AND (id <= 4353475))

table 8 : explain SELECT SUM(k) FROM sbtest8 WHERE id BETWEEN 1434347 AND 1435346
	Aggregate  (cost=3791.86..3791.87 rows=1 width=8)
	  ->  Bitmap Heap Scan on sbtest8  (cost=34.45..3789.42 rows=977 width=4)
	        Recheck Cond: ((id >= 1434347) AND (id <= 1435346))
	        ->  Bitmap Index Scan on sbtest8_pkey  (cost=0.00..34.20 rows=977 width=0)
	              Index Cond: ((id >= 1434347) AND (id <= 1435346))

for: sum_ranges
table 1 : explain SELECT SUM(k) FROM sbtest1 WHERE id BETWEEN 7412974 AND 7413973
	Aggregate  (cost=3782.45..3782.46 rows=1 width=8)
	  ->  Bitmap Heap Scan on sbtest1  (cost=34.42..3780.02 rows=974 width=4)
	        Recheck Cond: ((id >= 7412974) AND (id <= 7413973))
	        ->  Bitmap Index Scan on sbtest1_pkey  (cost=0.00..34.18 rows=974 width=0)
	              Index Cond: ((id >= 7412974) AND (id <= 7413973))

table 2 : explain SELECT SUM(k) FROM sbtest2 WHERE id BETWEEN 3811588 AND 3812587
	Aggregate  (cost=4238.95..4238.96 rows=1 width=8)
	  ->  Bitmap Heap Scan on sbtest2  (cost=39.66..4236.21 rows=1095 width=4)
	        Recheck Cond: ((id >= 3811588) AND (id <= 3812587))
	        ->  Bitmap Index Scan on sbtest2_pkey  (cost=0.00..39.39 rows=1095 width=0)
	              Index Cond: ((id >= 3811588) AND (id <= 3812587))

table 3 : explain SELECT SUM(k) FROM sbtest3 WHERE id BETWEEN 7403754 AND 7404753
	Aggregate  (cost=3489.20..3489.21 rows=1 width=8)
	  ->  Bitmap Heap Scan on sbtest3  (cost=29.63..3486.96 rows=897 width=4)
	        Recheck Cond: ((id >= 7403754) AND (id <= 7404753))
	        ->  Bitmap Index Scan on sbtest3_pkey  (cost=0.00..29.40 rows=897 width=0)
	              Index Cond: ((id >= 7403754) AND (id <= 7404753))

table 4 : explain SELECT SUM(k) FROM sbtest4 WHERE id BETWEEN 3655698 AND 3656697
	Aggregate  (cost=3534.97..3534.98 rows=1 width=8)
	  ->  Bitmap Heap Scan on sbtest4  (cost=29.75..3532.69 rows=909 width=4)
	        Recheck Cond: ((id >= 3655698) AND (id <= 3656697))
	        ->  Bitmap Index Scan on sbtest4_pkey  (cost=0.00..29.52 rows=909 width=0)
	              Index Cond: ((id >= 3655698) AND (id <= 3656697))

table 5 : explain SELECT SUM(k) FROM sbtest5 WHERE id BETWEEN 9356211 AND 9357210
	Aggregate  (cost=3701.60..3701.61 rows=1 width=8)
	  ->  Bitmap Heap Scan on sbtest5  (cost=34.19..3699.22 rows=952 width=4)
	        Recheck Cond: ((id >= 9356211) AND (id <= 9357210))
	        ->  Bitmap Index Scan on sbtest5_pkey  (cost=0.00..33.95 rows=952 width=0)
	              Index Cond: ((id >= 9356211) AND (id <= 9357210))

table 6 : explain SELECT SUM(k) FROM sbtest6 WHERE id BETWEEN 4367104 AND 4368103
	Aggregate  (cost=3581.28..3581.29 rows=1 width=8)
	  ->  Bitmap Heap Scan on sbtest6  (cost=33.88..3578.98 rows=921 width=4)
	        Recheck Cond: ((id >= 4367104) AND (id <= 4368103))
	        ->  Bitmap Index Scan on sbtest6_pkey  (cost=0.00..33.65 rows=921 width=0)
	              Index Cond: ((id >= 4367104) AND (id <= 4368103))

table 7 : explain SELECT SUM(k) FROM sbtest7 WHERE id BETWEEN 4921238 AND 4922237
	Aggregate  (cost=3651.53..3651.54 rows=1 width=8)
	  ->  Bitmap Heap Scan on sbtest7  (cost=34.06..3649.19 rows=939 width=4)
	        Recheck Cond: ((id >= 4921238) AND (id <= 4922237))
	        ->  Bitmap Index Scan on sbtest7_pkey  (cost=0.00..33.83 rows=939 width=0)
	              Index Cond: ((id >= 4921238) AND (id <= 4922237))

table 8 : explain SELECT SUM(k) FROM sbtest8 WHERE id BETWEEN 1751788 AND 1752787
	Aggregate  (cost=3908.86..3908.87 rows=1 width=8)
	  ->  Bitmap Heap Scan on sbtest8  (cost=34.77..3906.34 rows=1008 width=4)
	        Recheck Cond: ((id >= 1751788) AND (id <= 1752787))
	        ->  Bitmap Index Scan on sbtest8_pkey  (cost=0.00..34.52 rows=1008 width=0)
	              Index Cond: ((id >= 1751788) AND (id <= 1752787))

for point_selects
table 1 : explain SELECT c FROM sbtest1 WHERE id=9769067
	Index Scan using sbtest1_pkey on sbtest1  (cost=0.43..8.45 rows=1 width=121)
	  Index Cond: (id = 9769067)

table 2 : explain SELECT c FROM sbtest2 WHERE id=4300500
	Index Scan using sbtest2_pkey on sbtest2  (cost=0.43..8.45 rows=1 width=121)
	  Index Cond: (id = 4300500)

table 3 : explain SELECT c FROM sbtest3 WHERE id=5998426
	Index Scan using sbtest3_pkey on sbtest3  (cost=0.43..8.45 rows=1 width=121)
	  Index Cond: (id = 5998426)

table 4 : explain SELECT c FROM sbtest4 WHERE id=5858130
	Index Scan using sbtest4_pkey on sbtest4  (cost=0.43..8.45 rows=1 width=121)
	  Index Cond: (id = 5858130)

table 5 : explain SELECT c FROM sbtest5 WHERE id=6333380
	Index Scan using sbtest5_pkey on sbtest5  (cost=0.43..8.45 rows=1 width=121)
	  Index Cond: (id = 6333380)

table 6 : explain SELECT c FROM sbtest6 WHERE id=4672175
	Index Scan using sbtest6_pkey on sbtest6  (cost=0.43..8.45 rows=1 width=121)
	  Index Cond: (id = 4672175)

table 7 : explain SELECT c FROM sbtest7 WHERE id=3498133
	Index Scan using sbtest7_pkey on sbtest7  (cost=0.43..8.45 rows=1 width=121)
	  Index Cond: (id = 3498133)

table 8 : explain SELECT c FROM sbtest8 WHERE id=2643032
	Index Scan using sbtest8_pkey on sbtest8  (cost=0.43..8.45 rows=1 width=121)
	  Index Cond: (id = 2643032)

for: sum_ranges
table 1 : explain SELECT SUM(k) FROM sbtest1 WHERE id BETWEEN 4891079 AND 4892078
	Aggregate  (cost=3839.13..3839.14 rows=1 width=8)
	  ->  Bitmap Heap Scan on sbtest1  (cost=34.57..3836.66 rows=989 width=4)
	        Recheck Cond: ((id >= 4891079) AND (id <= 4892078))
	        ->  Bitmap Index Scan on sbtest1_pkey  (cost=0.00..34.33 rows=989 width=0)
	              Index Cond: ((id >= 4891079) AND (id <= 4892078))

table 2 : explain SELECT SUM(k) FROM sbtest2 WHERE id BETWEEN 7648841 AND 7649840
	Aggregate  (cost=3563.81..3563.82 rows=1 width=8)
	  ->  Bitmap Heap Scan on sbtest2  (cost=33.83..3561.52 rows=917 width=4)
	        Recheck Cond: ((id >= 7648841) AND (id <= 7649840))
	        ->  Bitmap Index Scan on sbtest2_pkey  (cost=0.00..33.61 rows=917 width=0)
	              Index Cond: ((id >= 7648841) AND (id <= 7649840))

table 3 : explain SELECT SUM(k) FROM sbtest3 WHERE id BETWEEN 8310901 AND 8311900
	Aggregate  (cost=3784.90..3784.91 rows=1 width=8)
	  ->  Bitmap Heap Scan on sbtest3  (cost=34.42..3782.46 rows=974 width=4)
	        Recheck Cond: ((id >= 8310901) AND (id <= 8311900))
	        ->  Bitmap Index Scan on sbtest3_pkey  (cost=0.00..34.18 rows=974 width=0)
	              Index Cond: ((id >= 8310901) AND (id <= 8311900))

table 4 : explain SELECT SUM(k) FROM sbtest4 WHERE id BETWEEN 150779 AND 151778
	Aggregate  (cost=3959.10..3959.11 rows=1 width=8)
	  ->  Bitmap Heap Scan on sbtest4  (cost=34.89..3956.55 rows=1020 width=4)
	        Recheck Cond: ((id >= 150779) AND (id <= 151778))
	        ->  Bitmap Index Scan on sbtest4_pkey  (cost=0.00..34.64 rows=1020 width=0)
	              Index Cond: ((id >= 150779) AND (id <= 151778))

table 5 : explain SELECT SUM(k) FROM sbtest5 WHERE id BETWEEN 602640 AND 603639
	Aggregate  (cost=4204.04..4204.05 rows=1 width=8)
	  ->  Bitmap Heap Scan on sbtest5  (cost=35.56..4201.33 rows=1085 width=4)
	        Recheck Cond: ((id >= 602640) AND (id <= 603639))
	        ->  Bitmap Index Scan on sbtest5_pkey  (cost=0.00..35.29 rows=1085 width=0)
	              Index Cond: ((id >= 602640) AND (id <= 603639))

table 6 : explain SELECT SUM(k) FROM sbtest6 WHERE id BETWEEN 6630499 AND 6631498
	Aggregate  (cost=3592.64..3592.65 rows=1 width=8)
	  ->  Bitmap Heap Scan on sbtest6  (cost=33.91..3590.33 rows=924 width=4)
	        Recheck Cond: ((id >= 6630499) AND (id <= 6631498))
	        ->  Bitmap Index Scan on sbtest6_pkey  (cost=0.00..33.68 rows=924 width=0)
	              Index Cond: ((id >= 6630499) AND (id <= 6631498))

table 7 : explain SELECT SUM(k) FROM sbtest7 WHERE id BETWEEN 3711804 AND 3712803
	Aggregate  (cost=3923.82..3923.83 rows=1 width=8)
	  ->  Bitmap Heap Scan on sbtest7  (cost=34.80..3921.29 rows=1011 width=4)
	        Recheck Cond: ((id >= 3711804) AND (id <= 3712803))
	        ->  Bitmap Index Scan on sbtest7_pkey  (cost=0.00..34.55 rows=1011 width=0)
	              Index Cond: ((id >= 3711804) AND (id <= 3712803))

table 8 : explain SELECT SUM(k) FROM sbtest8 WHERE id BETWEEN 9927114 AND 9928113
	Aggregate  (cost=3935.26..3935.27 rows=1 width=8)
	  ->  Bitmap Heap Scan on sbtest8  (cost=34.84..3932.72 rows=1015 width=4)
	        Recheck Cond: ((id >= 9927114) AND (id <= 9928113))
	        ->  Bitmap Index Scan on sbtest8_pkey  (cost=0.00..34.59 rows=1015 width=0)
	              Index Cond: ((id >= 9927114) AND (id <= 9928113))

for: simple_ranges
table 1 : explain SELECT c FROM sbtest1 WHERE id BETWEEN 949914 AND 950913
	Bitmap Heap Scan on sbtest1  (cost=35.41..4145.80 rows=1071 width=121)
	  Recheck Cond: ((id >= 949914) AND (id <= 950913))
	  ->  Bitmap Index Scan on sbtest1_pkey  (cost=0.00..35.15 rows=1071 width=0)
	        Index Cond: ((id >= 949914) AND (id <= 950913))

table 2 : explain SELECT c FROM sbtest2 WHERE id BETWEEN 288819 AND 289818
	Bitmap Heap Scan on sbtest2  (cost=40.13..4405.16 rows=1141 width=121)
	  Recheck Cond: ((id >= 288819) AND (id <= 289818))
	  ->  Bitmap Index Scan on sbtest2_pkey  (cost=0.00..39.84 rows=1141 width=0)
	        Index Cond: ((id >= 288819) AND (id <= 289818))

table 3 : explain SELECT c FROM sbtest3 WHERE id BETWEEN 9927035 AND 9928034
	Bitmap Heap Scan on sbtest3  (cost=35.27..4095.84 rows=1057 width=121)
	  Recheck Cond: ((id >= 9927035) AND (id <= 9928034))
	  ->  Bitmap Index Scan on sbtest3_pkey  (cost=0.00..35.01 rows=1057 width=0)
	        Index Cond: ((id >= 9927035) AND (id <= 9928034))

table 4 : explain SELECT c FROM sbtest4 WHERE id BETWEEN 8886724 AND 8887723
	Bitmap Heap Scan on sbtest4  (cost=35.02..4005.62 rows=1033 width=121)
	  Recheck Cond: ((id >= 8886724) AND (id <= 8887723))
	  ->  Bitmap Index Scan on sbtest4_pkey  (cost=0.00..34.77 rows=1033 width=0)
	        Index Cond: ((id >= 8886724) AND (id <= 8887723))

table 5 : explain SELECT c FROM sbtest5 WHERE id BETWEEN 2157099 AND 2158098
	Bitmap Heap Scan on sbtest5  (cost=35.05..4016.59 rows=1036 width=121)
	  Recheck Cond: ((id >= 2157099) AND (id <= 2158098))
	  ->  Bitmap Index Scan on sbtest5_pkey  (cost=0.00..34.80 rows=1036 width=0)
	        Index Cond: ((id >= 2157099) AND (id <= 2158098))

table 6 : explain SELECT c FROM sbtest6 WHERE id BETWEEN 1844508 AND 1845507
	Bitmap Heap Scan on sbtest6  (cost=33.95..3605.46 rows=928 width=121)
	  Recheck Cond: ((id >= 1844508) AND (id <= 1845507))
	  ->  Bitmap Index Scan on sbtest6_pkey  (cost=0.00..33.72 rows=928 width=0)
	        Index Cond: ((id >= 1844508) AND (id <= 1845507))

table 7 : explain SELECT c FROM sbtest7 WHERE id BETWEEN 5882719 AND 5883718
	Bitmap Heap Scan on sbtest7  (cost=39.65..4238.18 rows=1094 width=121)
	  Recheck Cond: ((id >= 5882719) AND (id <= 5883718))
	  ->  Bitmap Index Scan on sbtest7_pkey  (cost=0.00..39.38 rows=1094 width=0)
	        Index Cond: ((id >= 5882719) AND (id <= 5883718))

table 8 : explain SELECT c FROM sbtest8 WHERE id BETWEEN 2353134 AND 2354133
	Bitmap Heap Scan on sbtest8  (cost=34.53..3819.60 rows=985 width=121)
	  Recheck Cond: ((id >= 2353134) AND (id <= 2354133))
	  ->  Bitmap Index Scan on sbtest8_pkey  (cost=0.00..34.29 rows=985 width=0)
	        Index Cond: ((id >= 2353134) AND (id <= 2354133))

for: sum_ranges
table 1 : explain SELECT SUM(k) FROM sbtest1 WHERE id BETWEEN 5928458 AND 5929457
	Aggregate  (cost=4622.50..4622.51 rows=1 width=8)
	  ->  Bitmap Heap Scan on sbtest1  (cost=40.70..4619.51 rows=1197 width=4)
	        Recheck Cond: ((id >= 5928458) AND (id <= 5929457))
	        ->  Bitmap Index Scan on sbtest1_pkey  (cost=0.00..40.41 rows=1197 width=0)
	              Index Cond: ((id >= 5928458) AND (id <= 5929457))

table 2 : explain SELECT SUM(k) FROM sbtest2 WHERE id BETWEEN 5635560 AND 5636559
	Aggregate  (cost=3873.49..3873.50 rows=1 width=8)
	  ->  Bitmap Heap Scan on sbtest2  (cost=34.67..3871.00 rows=999 width=4)
	        Recheck Cond: ((id >= 5635560) AND (id <= 5636559))
	        ->  Bitmap Index Scan on sbtest2_pkey  (cost=0.00..34.43 rows=999 width=0)
	              Index Cond: ((id >= 5635560) AND (id <= 5636559))

table 3 : explain SELECT SUM(k) FROM sbtest3 WHERE id BETWEEN 2762002 AND 2763001
	Aggregate  (cost=3629.67..3629.68 rows=1 width=8)
	  ->  Bitmap Heap Scan on sbtest3  (cost=34.00..3627.34 rows=933 width=4)
	        Recheck Cond: ((id >= 2762002) AND (id <= 2763001))
	        ->  Bitmap Index Scan on sbtest3_pkey  (cost=0.00..33.77 rows=933 width=0)
	              Index Cond: ((id >= 2762002) AND (id <= 2763001))

table 4 : explain SELECT SUM(k) FROM sbtest4 WHERE id BETWEEN 223466 AND 224465
	Aggregate  (cost=3857.04..3857.05 rows=1 width=8)
	  ->  Bitmap Heap Scan on sbtest4  (cost=34.61..3854.56 rows=993 width=4)
	        Recheck Cond: ((id >= 223466) AND (id <= 224465))
	        ->  Bitmap Index Scan on sbtest4_pkey  (cost=0.00..34.37 rows=993 width=0)
	              Index Cond: ((id >= 223466) AND (id <= 224465))

table 5 : explain SELECT SUM(k) FROM sbtest5 WHERE id BETWEEN 8105971 AND 8106970
	Aggregate  (cost=3652.37..3652.38 rows=1 width=8)
	  ->  Bitmap Heap Scan on sbtest5  (cost=34.06..3650.02 rows=939 width=4)
	        Recheck Cond: ((id >= 8105971) AND (id <= 8106970))
	        ->  Bitmap Index Scan on sbtest5_pkey  (cost=0.00..33.83 rows=939 width=0)
	              Index Cond: ((id >= 8105971) AND (id <= 8106970))

table 6 : explain SELECT SUM(k) FROM sbtest6 WHERE id BETWEEN 9977046 AND 9978045
	Aggregate  (cost=3777.94..3777.95 rows=1 width=8)
	  ->  Bitmap Heap Scan on sbtest6  (cost=34.41..3775.51 rows=973 width=4)
	        Recheck Cond: ((id >= 9977046) AND (id <= 9978045))
	        ->  Bitmap Index Scan on sbtest6_pkey  (cost=0.00..34.17 rows=973 width=0)
	              Index Cond: ((id >= 9977046) AND (id <= 9978045))

table 7 : explain SELECT SUM(k) FROM sbtest7 WHERE id BETWEEN 8980531 AND 8981530
	Aggregate  (cost=4018.21..4018.22 rows=1 width=8)
	  ->  Bitmap Heap Scan on sbtest7  (cost=35.05..4015.62 rows=1036 width=4)
	        Recheck Cond: ((id >= 8980531) AND (id <= 8981530))
	        ->  Bitmap Index Scan on sbtest7_pkey  (cost=0.00..34.80 rows=1036 width=0)
	              Index Cond: ((id >= 8980531) AND (id <= 8981530))

table 8 : explain SELECT SUM(k) FROM sbtest8 WHERE id BETWEEN 1773631 AND 1774630
	Aggregate  (cost=3908.86..3908.87 rows=1 width=8)
	  ->  Bitmap Heap Scan on sbtest8  (cost=34.77..3906.34 rows=1008 width=4)
	        Recheck Cond: ((id >= 1773631) AND (id <= 1774630))
	        ->  Bitmap Index Scan on sbtest8_pkey  (cost=0.00..34.52 rows=1008 width=0)
	              Index Cond: ((id >= 1773631) AND (id <= 1774630))

explain: for point_selects :: explain SELECT c FROM sbtest%u WHERE id=%ufor: sum_ranges
table 1 : explain SELECT SUM(k) FROM sbtest1 WHERE id BETWEEN 6285658 AND 6286657
	Aggregate  (cost=3820.24..3820.25 rows=1 width=8)
	  ->  Bitmap Heap Scan on sbtest1  (cost=34.52..3817.78 rows=984 width=4)
	        Recheck Cond: ((id >= 6285658) AND (id <= 6286657))
	        ->  Bitmap Index Scan on sbtest1_pkey  (cost=0.00..34.28 rows=984 width=0)
	              Index Cond: ((id >= 6285658) AND (id <= 6286657))

table 2 : explain SELECT SUM(k) FROM sbtest2 WHERE id BETWEEN 6713171 AND 6714170
	Aggregate  (cost=3835.77..3835.78 rows=1 width=8)
	  ->  Bitmap Heap Scan on sbtest2  (cost=34.57..3833.30 rows=989 width=4)
	        Recheck Cond: ((id >= 6713171) AND (id <= 6714170))
	        ->  Bitmap Index Scan on sbtest2_pkey  (cost=0.00..34.33 rows=989 width=0)
	              Index Cond: ((id >= 6713171) AND (id <= 6714170))

table 3 : explain SELECT SUM(k) FROM sbtest3 WHERE id BETWEEN 6338589 AND 6339588
	Aggregate  (cost=3641.04..3641.05 rows=1 width=8)
	  ->  Bitmap Heap Scan on sbtest3  (cost=34.03..3638.70 rows=936 width=4)
	        Recheck Cond: ((id >= 6338589) AND (id <= 6339588))
	        ->  Bitmap Index Scan on sbtest3_pkey  (cost=0.00..33.80 rows=936 width=0)
	              Index Cond: ((id >= 6338589) AND (id <= 6339588))

table 4 : explain SELECT SUM(k) FROM sbtest4 WHERE id BETWEEN 2033137 AND 2034136
	Aggregate  (cost=3527.38..3527.39 rows=1 width=8)
	  ->  Bitmap Heap Scan on sbtest4  (cost=29.73..3525.11 rows=907 width=4)
	        Recheck Cond: ((id >= 2033137) AND (id <= 2034136))
	        ->  Bitmap Index Scan on sbtest4_pkey  (cost=0.00..29.50 rows=907 width=0)
	              Index Cond: ((id >= 2033137) AND (id <= 2034136))

table 5 : explain SELECT SUM(k) FROM sbtest5 WHERE id BETWEEN 9597697 AND 9598696
	Aggregate  (cost=3988.97..3988.98 rows=1 width=8)
	  ->  Bitmap Heap Scan on sbtest5  (cost=34.97..3986.40 rows=1028 width=4)
	        Recheck Cond: ((id >= 9597697) AND (id <= 9598696))
	        ->  Bitmap Index Scan on sbtest5_pkey  (cost=0.00..34.72 rows=1028 width=0)
	              Index Cond: ((id >= 9597697) AND (id <= 9598696))

table 6 : explain SELECT SUM(k) FROM sbtest6 WHERE id BETWEEN 4692581 AND 4693580
	Aggregate  (cost=3600.21..3600.22 rows=1 width=8)
	  ->  Bitmap Heap Scan on sbtest6  (cost=33.93..3597.89 rows=926 width=4)
	        Recheck Cond: ((id >= 4692581) AND (id <= 4693580))
	        ->  Bitmap Index Scan on sbtest6_pkey  (cost=0.00..33.70 rows=926 width=0)
	              Index Cond: ((id >= 4692581) AND (id <= 4693580))

table 7 : explain SELECT SUM(k) FROM sbtest7 WHERE id BETWEEN 641197 AND 642196
	Aggregate  (cost=4229.38..4229.39 rows=1 width=8)
	  ->  Bitmap Heap Scan on sbtest7  (cost=35.63..4226.65 rows=1092 width=4)
	        Recheck Cond: ((id >= 641197) AND (id <= 642196))
	        ->  Bitmap Index Scan on sbtest7_pkey  (cost=0.00..35.36 rows=1092 width=0)
	              Index Cond: ((id >= 641197) AND (id <= 642196))

table 8 : explain SELECT SUM(k) FROM sbtest8 WHERE id BETWEEN 3057789 AND 3058788
	Aggregate  (cost=3693.63..3693.64 rows=1 width=8)
	  ->  Bitmap Heap Scan on sbtest8  (cost=34.18..3691.26 rows=951 width=4)
	        Recheck Cond: ((id >= 3057789) AND (id <= 3058788))
	        ->  Bitmap Index Scan on sbtest8_pkey  (cost=0.00..33.95 rows=951 width=0)
	              Index Cond: ((id >= 3057789) AND (id <= 3058788))


explain: for point_selects :: explain SELECT c FROM sbtest%u WHERE id=%u
explain: for point_selects :: explain SELECT c FROM sbtest%u WHERE id=%u
for: order_ranges
table 1 : explain SELECT c FROM sbtest1 WHERE id BETWEEN 7872733 AND 7873732 ORDER BY c
	Sort  (cost=3943.33..3945.84 rows=1004 width=121)
	  Sort Key: c
	  ->  Bitmap Heap Scan on sbtest1  (cost=34.73..3893.27 rows=1004 width=121)
	        Recheck Cond: ((id >= 7872733) AND (id <= 7873732))
	        ->  Bitmap Index Scan on sbtest1_pkey  (cost=0.00..34.48 rows=1004 width=0)
	              Index Cond: ((id >= 7872733) AND (id <= 7873732))

table 2 : explain SELECT c FROM sbtest2 WHERE id BETWEEN 8471437 AND 8472436 ORDER BY c
	Sort  (cost=3890.16..3892.64 rows=991 width=121)
	  Sort Key: c
	  ->  Bitmap Heap Scan on sbtest2  (cost=34.59..3840.84 rows=991 width=121)
	        Recheck Cond: ((id >= 8471437) AND (id <= 8472436))
	        ->  Bitmap Index Scan on sbtest2_pkey  (cost=0.00..34.34 rows=991 width=0)
	              Index Cond: ((id >= 8471437) AND (id <= 8472436))

table 3 : explain SELECT c FROM sbtest3 WHERE id BETWEEN 9304148 AND 9305147 ORDER BY c
	Sort  (cost=3850.00..3852.44 rows=979 width=121)
	  Sort Key: c
	  ->  Bitmap Heap Scan on sbtest3  (cost=34.47..3801.36 rows=979 width=121)
	        Recheck Cond: ((id >= 9304148) AND (id <= 9305147))
	        ->  Bitmap Index Scan on sbtest3_pkey  (cost=0.00..34.23 rows=979 width=0)
	              Index Cond: ((id >= 9304148) AND (id <= 9305147))

table 4 : explain SELECT c FROM sbtest4 WHERE id BETWEEN 6628460 AND 6629459 ORDER BY c
	Sort  (cost=3869.46..3871.92 rows=984 width=121)
	  Sort Key: c
	  ->  Bitmap Heap Scan on sbtest4  (cost=34.52..3820.55 rows=984 width=121)
	        Recheck Cond: ((id >= 6628460) AND (id <= 6629459))
	        ->  Bitmap Index Scan on sbtest4_pkey  (cost=0.00..34.28 rows=984 width=0)
	              Index Cond: ((id >= 6628460) AND (id <= 6629459))

table 5 : explain SELECT c FROM sbtest5 WHERE id BETWEEN 2914419 AND 2915418 ORDER BY c
	Sort  (cost=3677.17..3679.51 rows=934 width=121)
	  Sort Key: c
	  ->  Bitmap Heap Scan on sbtest5  (cost=34.01..3631.09 rows=934 width=121)
	        Recheck Cond: ((id >= 2914419) AND (id <= 2915418))
	        ->  Bitmap Index Scan on sbtest5_pkey  (cost=0.00..33.78 rows=934 width=0)
	              Index Cond: ((id >= 2914419) AND (id <= 2915418))

table 6 : explain SELECT c FROM sbtest6 WHERE id BETWEEN 6607170 AND 6608169 ORDER BY c
	Sort  (cost=3635.84..3638.15 rows=924 width=121)
	  Sort Key: c
	  ->  Bitmap Heap Scan on sbtest6  (cost=33.91..3590.33 rows=924 width=121)
	        Recheck Cond: ((id >= 6607170) AND (id <= 6608169))
	        ->  Bitmap Index Scan on sbtest6_pkey  (cost=0.00..33.68 rows=924 width=0)
	              Index Cond: ((id >= 6607170) AND (id <= 6608169))

table 7 : explain SELECT c FROM sbtest7 WHERE id BETWEEN 5930551 AND 5931550 ORDER BY c
	Sort  (cost=4274.11..4276.83 rows=1090 width=121)
	  Sort Key: c
	  ->  Bitmap Heap Scan on sbtest7  (cost=35.61..4219.12 rows=1090 width=121)
	        Recheck Cond: ((id >= 5930551) AND (id <= 5931550))
	        ->  Bitmap Index Scan on sbtest7_pkey  (cost=0.00..35.34 rows=1090 width=0)
	              Index Cond: ((id >= 5930551) AND (id <= 5931550))

table 8 : explain SELECT c FROM sbtest8 WHERE id BETWEEN 6473750 AND 6474749 ORDER BY c
	Sort  (cost=4063.73..4066.32 rows=1036 width=121)
	  Sort Key: c
	  ->  Bitmap Heap Scan on sbtest8  (cost=35.05..4011.84 rows=1036 width=121)
	        Recheck Cond: ((id >= 6473750) AND (id <= 6474749))
	        ->  Bitmap Index Scan on sbtest8_pkey  (cost=0.00..34.80 rows=1036 width=0)
	              Index Cond: ((id >= 6473750) AND (id <= 6474749))

for: simple_ranges
table 1 : explain SELECT c FROM sbtest1 WHERE id BETWEEN 9903944 AND 9904943
	Bitmap Heap Scan on sbtest1  (cost=34.71..3885.72 rows=1002 width=121)
	  Recheck Cond: ((id >= 9903944) AND (id <= 9904943))
	  ->  Bitmap Index Scan on sbtest1_pkey  (cost=0.00..34.45 rows=1002 width=0)
	        Index Cond: ((id >= 9903944) AND (id <= 9904943))

table 2 : explain SELECT c FROM sbtest2 WHERE id BETWEEN 7970290 AND 7971289
	Bitmap Heap Scan on sbtest2  (cost=34.00..3621.98 rows=933 width=121)
	  Recheck Cond: ((id >= 7970290) AND (id <= 7971289))
	  ->  Bitmap Index Scan on sbtest2_pkey  (cost=0.00..33.77 rows=933 width=0)
	        Index Cond: ((id >= 7970290) AND (id <= 7971289))

table 3 : explain SELECT c FROM sbtest3 WHERE id BETWEEN 6746395 AND 6747394
	Bitmap Heap Scan on sbtest3  (cost=34.58..3842.94 rows=990 width=121)
	  Recheck Cond: ((id >= 6746395) AND (id <= 6747394))
	  ->  Bitmap Index Scan on sbtest3_pkey  (cost=0.00..34.34 rows=990 width=0)
	        Index Cond: ((id >= 6746395) AND (id <= 6747394))

table 4 : explain SELECT c FROM sbtest4 WHERE id BETWEEN 3667590 AND 3668589
	Bitmap Heap Scan on sbtest4  (cost=29.75..3532.69 rows=909 width=121)
	  Recheck Cond: ((id >= 3667590) AND (id <= 3668589))
	  ->  Bitmap Index Scan on sbtest4_pkey  (cost=0.00..29.52 rows=909 width=0)
	        Index Cond: ((id >= 3667590) AND (id <= 3668589))

table 5 : explain SELECT c FROM sbtest5 WHERE id BETWEEN 9351129 AND 9352128
	Bitmap Heap Scan on sbtest5  (cost=34.19..3699.22 rows=952 width=121)
	  Recheck Cond: ((id >= 9351129) AND (id <= 9352128))
	  ->  Bitmap Index Scan on sbtest5_pkey  (cost=0.00..33.95 rows=952 width=0)
	        Index Cond: ((id >= 9351129) AND (id <= 9352128))

table 6 : explain SELECT c FROM sbtest6 WHERE id BETWEEN 5103512 AND 5104511
	Bitmap Heap Scan on sbtest6  (cost=35.20..4065.89 rows=1050 width=121)
	  Recheck Cond: ((id >= 5103512) AND (id <= 5104511))
	  ->  Bitmap Index Scan on sbtest6_pkey  (cost=0.00..34.94 rows=1050 width=0)
	        Index Cond: ((id >= 5103512) AND (id <= 5104511))

table 7 : explain SELECT c FROM sbtest7 WHERE id BETWEEN 3237138 AND 3238137
	Bitmap Heap Scan on sbtest7  (cost=39.86..4317.21 rows=1115 width=121)
	  Recheck Cond: ((id >= 3237138) AND (id <= 3238137))
	  ->  Bitmap Index Scan on sbtest7_pkey  (cost=0.00..39.59 rows=1115 width=0)
	        Index Cond: ((id >= 3237138) AND (id <= 3238137))

table 8 : explain SELECT c FROM sbtest8 WHERE id BETWEEN 3468321 AND 3469320
	Bitmap Heap Scan on sbtest8  (cost=35.18..4057.03 rows=1048 width=121)
	  Recheck Cond: ((id >= 3468321) AND (id <= 3469320))
	  ->  Bitmap Index Scan on sbtest8_pkey  (cost=0.00..34.92 rows=1048 width=0)
	        Index Cond: ((id >= 3468321) AND (id <= 3469320))

for: order_ranges
table 1 : explain SELECT c FROM sbtest1 WHERE id BETWEEN 8917603 AND 8918602 ORDER BY c
	Sort  (cost=4172.94..4175.60 rows=1064 width=121)
	  Sort Key: c
	  ->  Bitmap Heap Scan on sbtest1  (cost=35.34..4119.44 rows=1064 width=121)
	        Recheck Cond: ((id >= 8917603) AND (id <= 8918602))
	        ->  Bitmap Index Scan on sbtest1_pkey  (cost=0.00..35.08 rows=1064 width=0)
	              Index Cond: ((id >= 8917603) AND (id <= 8918602))

table 2 : explain SELECT c FROM sbtest2 WHERE id BETWEEN 483635 AND 484634 ORDER BY c
	Sort  (cost=3717.83..3720.19 rows=946 width=121)
	  Sort Key: c
	  ->  Bitmap Heap Scan on sbtest2  (cost=34.13..3671.07 rows=946 width=121)
	        Recheck Cond: ((id >= 483635) AND (id <= 484634))
	        ->  Bitmap Index Scan on sbtest2_pkey  (cost=0.00..33.90 rows=946 width=0)
	              Index Cond: ((id >= 483635) AND (id <= 484634))

table 3 : explain SELECT c FROM sbtest3 WHERE id BETWEEN 1782321 AND 1783320 ORDER BY c
	Sort  (cost=3634.93..3637.24 rows=923 width=121)
	  Sort Key: c
	  ->  Bitmap Heap Scan on sbtest3  (cost=33.90..3589.47 rows=923 width=121)
	        Recheck Cond: ((id >= 1782321) AND (id <= 1783320))
	        ->  Bitmap Index Scan on sbtest3_pkey  (cost=0.00..33.67 rows=923 width=0)
	              Index Cond: ((id >= 1782321) AND (id <= 1783320))

table 4 : explain SELECT c FROM sbtest4 WHERE id BETWEEN 5759431 AND 5760430 ORDER BY c
	Sort  (cost=3738.94..3741.32 rows=950 width=121)
	  Sort Key: c
	  ->  Bitmap Heap Scan on sbtest4  (cost=34.17..3691.95 rows=950 width=121)
	        Recheck Cond: ((id >= 5759431) AND (id <= 5760430))
	        ->  Bitmap Index Scan on sbtest4_pkey  (cost=0.00..33.94 rows=950 width=0)
	              Index Cond: ((id >= 5759431) AND (id <= 5760430))

table 5 : explain SELECT c FROM sbtest5 WHERE id BETWEEN 3217245 AND 3218244 ORDER BY c
	Sort  (cost=3988.01..3990.55 rows=1015 width=121)
	  Sort Key: c
	  ->  Bitmap Heap Scan on sbtest5  (cost=34.84..3937.33 rows=1015 width=121)
	        Recheck Cond: ((id >= 3217245) AND (id <= 3218244))
	        ->  Bitmap Index Scan on sbtest5_pkey  (cost=0.00..34.59 rows=1015 width=0)
	              Index Cond: ((id >= 3217245) AND (id <= 3218244))

table 6 : explain SELECT c FROM sbtest6 WHERE id BETWEEN 8876559 AND 8877558 ORDER BY c
	Sort  (cost=3911.93..3914.42 rows=996 width=121)
	  Sort Key: c
	  ->  Bitmap Heap Scan on sbtest6  (cost=34.64..3862.32 rows=996 width=121)
	        Recheck Cond: ((id >= 8876559) AND (id <= 8877558))
	        ->  Bitmap Index Scan on sbtest6_pkey  (cost=0.00..34.40 rows=996 width=0)
	              Index Cond: ((id >= 8876559) AND (id <= 8877558))

table 7 : explain SELECT c FROM sbtest7 WHERE id BETWEEN 9578464 AND 9579463 ORDER BY c
	Sort  (cost=4220.58..4223.27 rows=1076 width=121)
	  Sort Key: c
	  ->  Bitmap Heap Scan on sbtest7  (cost=35.46..4166.39 rows=1076 width=121)
	        Recheck Cond: ((id >= 9578464) AND (id <= 9579463))
	        ->  Bitmap Index Scan on sbtest7_pkey  (cost=0.00..35.20 rows=1076 width=0)
	              Index Cond: ((id >= 9578464) AND (id <= 9579463))

table 8 : explain SELECT c FROM sbtest8 WHERE id BETWEEN 910357 AND 911356 ORDER BY c
	Sort  (cost=4079.02..4081.62 rows=1040 width=121)
	  Sort Key: c
	  ->  Bitmap Heap Scan on sbtest8  (cost=35.09..4026.90 rows=1040 width=121)
	        Recheck Cond: ((id >= 910357) AND (id <= 911356))
	        ->  Bitmap Index Scan on sbtest8_pkey  (cost=0.00..34.84 rows=1040 width=0)
	              Index Cond: ((id >= 910357) AND (id <= 911356))

for: simple_ranges
table 1 : explain SELECT c FROM sbtest1 WHERE id BETWEEN 3405643 AND 3406642
	Bitmap Heap Scan on sbtest1  (cost=34.80..3919.68 rows=1011 width=121)
	  Recheck Cond: ((id >= 3405643) AND (id <= 3406642))
	  ->  Bitmap Index Scan on sbtest1_pkey  (cost=0.00..34.55 rows=1011 width=0)
	        Index Cond: ((id >= 3405643) AND (id <= 3406642))

table 2 : explain SELECT c FROM sbtest2 WHERE id BETWEEN 9554960 AND 9555959
	Bitmap Heap Scan on sbtest2  (cost=35.59..4205.91 rows=1088 width=121)
	  Recheck Cond: ((id >= 9554960) AND (id <= 9555959))
	  ->  Bitmap Index Scan on sbtest2_pkey  (cost=0.00..35.32 rows=1088 width=0)
	        Index Cond: ((id >= 9554960) AND (id <= 9555959))

table 3 : explain SELECT c FROM sbtest3 WHERE id BETWEEN 1438087 AND 1439086
	Bitmap Heap Scan on sbtest3  (cost=33.92..3597.05 rows=925 width=121)
	  Recheck Cond: ((id >= 1438087) AND (id <= 1439086))
	  ->  Bitmap Index Scan on sbtest3_pkey  (cost=0.00..33.69 rows=925 width=0)
	        Index Cond: ((id >= 1438087) AND (id <= 1439086))

table 4 : explain SELECT c FROM sbtest4 WHERE id BETWEEN 495511 AND 496510
	Bitmap Heap Scan on sbtest4  (cost=33.78..3548.06 rows=912 width=121)
	  Recheck Cond: ((id >= 495511) AND (id <= 496510))
	  ->  Bitmap Index Scan on sbtest4_pkey  (cost=0.00..33.56 rows=912 width=0)
	        Index Cond: ((id >= 495511) AND (id <= 496510))

table 5 : explain SELECT c FROM sbtest5 WHERE id BETWEEN 9022697 AND 9023696
	Bitmap Heap Scan on sbtest5  (cost=35.31..4110.88 rows=1061 width=121)
	  Recheck Cond: ((id >= 9022697) AND (id <= 9023696))
	  ->  Bitmap Index Scan on sbtest5_pkey  (cost=0.00..35.05 rows=1061 width=0)
	        Index Cond: ((id >= 9022697) AND (id <= 9023696))

table 6 : explain SELECT c FROM sbtest6 WHERE id BETWEEN 3639749 AND 3640748
	Bitmap Heap Scan on sbtest6  (cost=34.74..3896.28 rows=1005 width=121)
	  Recheck Cond: ((id >= 3639749) AND (id <= 3640748))
	  ->  Bitmap Index Scan on sbtest6_pkey  (cost=0.00..34.48 rows=1005 width=0)
	        Index Cond: ((id >= 3639749) AND (id <= 3640748))

table 7 : explain SELECT c FROM sbtest7 WHERE id BETWEEN 5709483 AND 5710482
	Bitmap Heap Scan on sbtest7  (cost=29.53..3448.25 rows=887 width=121)
	  Recheck Cond: ((id >= 5709483) AND (id <= 5710482))
	  ->  Bitmap Index Scan on sbtest7_pkey  (cost=0.00..29.30 rows=887 width=0)
	        Index Cond: ((id >= 5709483) AND (id <= 5710482))

table 8 : explain SELECT c FROM sbtest8 WHERE id BETWEEN 1929440 AND 1930439
	Bitmap Heap Scan on sbtest8  (cost=34.41..3774.32 rows=973 width=121)
	  Recheck Cond: ((id >= 1929440) AND (id <= 1930439))
	  ->  Bitmap Index Scan on sbtest8_pkey  (cost=0.00..34.17 rows=973 width=0)
	        Index Cond: ((id >= 1929440) AND (id <= 1930439))

for: order_ranges
table 1 : explain SELECT c FROM sbtest1 WHERE id BETWEEN 2362501 AND 2363500 ORDER BY c
	Sort  (cost=4604.52..4607.46 rows=1177 width=121)
	  Sort Key: c
	  ->  Bitmap Heap Scan on sbtest1  (cost=40.50..4544.48 rows=1177 width=121)
	        Recheck Cond: ((id >= 2362501) AND (id <= 2363500))
	        ->  Bitmap Index Scan on sbtest1_pkey  (cost=0.00..40.20 rows=1177 width=0)
	              Index Cond: ((id >= 2362501) AND (id <= 2363500))

table 2 : explain SELECT c FROM sbtest2 WHERE id BETWEEN 6301804 AND 6302803 ORDER BY c
	Sort  (cost=4108.09..4110.71 rows=1048 width=121)
	  Sort Key: c
	  ->  Bitmap Heap Scan on sbtest2  (cost=35.18..4055.51 rows=1048 width=121)
	        Recheck Cond: ((id >= 6301804) AND (id <= 6302803))
	        ->  Bitmap Index Scan on sbtest2_pkey  (cost=0.00..34.92 rows=1048 width=0)
	              Index Cond: ((id >= 6301804) AND (id <= 6302803))

table 3 : explain SELECT c FROM sbtest3 WHERE id BETWEEN 1292150 AND 1293149 ORDER BY c
	Sort  (cost=3930.55..3933.05 rows=1000 width=121)
	  Sort Key: c
	  ->  Bitmap Heap Scan on sbtest3  (cost=34.69..3880.72 rows=1000 width=121)
	        Recheck Cond: ((id >= 1292150) AND (id <= 1293149))
	        ->  Bitmap Index Scan on sbtest3_pkey  (cost=0.00..34.44 rows=1000 width=0)
	              Index Cond: ((id >= 1292150) AND (id <= 1293149))

table 4 : explain SELECT c FROM sbtest4 WHERE id BETWEEN 4107765 AND 4108764 ORDER BY c
	Sort  (cost=3934.67..3937.18 rows=1001 width=121)
	  Sort Key: c
	  ->  Bitmap Heap Scan on sbtest4  (cost=34.70..3884.79 rows=1001 width=121)
	        Recheck Cond: ((id >= 4107765) AND (id <= 4108764))
	        ->  Bitmap Index Scan on sbtest4_pkey  (cost=0.00..34.45 rows=1001 width=0)
	              Index Cond: ((id >= 4107765) AND (id <= 4108764))

table 5 : explain SELECT c FROM sbtest5 WHERE id BETWEEN 4178554 AND 4179553 ORDER BY c
	Sort  (cost=4030.17..4032.73 rows=1026 width=121)
	  Sort Key: c
	  ->  Bitmap Heap Scan on sbtest5  (cost=34.95..3978.85 rows=1026 width=121)
	        Recheck Cond: ((id >= 4178554) AND (id <= 4179553))
	        ->  Bitmap Index Scan on sbtest5_pkey  (cost=0.00..34.70 rows=1026 width=0)
	              Index Cond: ((id >= 4178554) AND (id <= 4179553))

table 6 : explain SELECT c FROM sbtest6 WHERE id BETWEEN 2461154 AND 2462153 ORDER BY c
	Sort  (cost=3915.76..3918.25 rows=997 width=121)
	  Sort Key: c
	  ->  Bitmap Heap Scan on sbtest6  (cost=34.65..3866.10 rows=997 width=121)
	        Recheck Cond: ((id >= 2461154) AND (id <= 2462153))
	        ->  Bitmap Index Scan on sbtest6_pkey  (cost=0.00..34.41 rows=997 width=0)
	              Index Cond: ((id >= 2461154) AND (id <= 2462153))

table 7 : explain SELECT c FROM sbtest7 WHERE id BETWEEN 6610686 AND 6611685 ORDER BY c
	Sort  (cost=3653.30..3655.62 rows=928 width=121)
	  Sort Key: c
	  ->  Bitmap Heap Scan on sbtest7  (cost=33.95..3607.56 rows=928 width=121)
	        Recheck Cond: ((id >= 6610686) AND (id <= 6611685))
	        ->  Bitmap Index Scan on sbtest7_pkey  (cost=0.00..33.72 rows=928 width=0)
	              Index Cond: ((id >= 6610686) AND (id <= 6611685))

table 8 : explain SELECT c FROM sbtest8 WHERE id BETWEEN 4350743 AND 4351742 ORDER BY c
	Sort  (cost=4059.90..4062.49 rows=1035 width=121)
	  Sort Key: c
	  ->  Bitmap Heap Scan on sbtest8  (cost=35.04..4008.07 rows=1035 width=121)
	        Recheck Cond: ((id >= 4350743) AND (id <= 4351742))
	        ->  Bitmap Index Scan on sbtest8_pkey  (cost=0.00..34.79 rows=1035 width=0)
	              Index Cond: ((id >= 4350743) AND (id <= 4351742))

for: order_ranges
table 1 : explain SELECT c FROM sbtest1 WHERE id BETWEEN 5600622 AND 5601621 ORDER BY c
	Sort  (cost=4035.22..4037.79 rows=1028 width=121)
	  Sort Key: c
	  ->  Bitmap Heap Scan on sbtest1  (cost=34.97..3983.79 rows=1028 width=121)
	        Recheck Cond: ((id >= 5600622) AND (id <= 5601621))
	        ->  Bitmap Index Scan on sbtest1_pkey  (cost=0.00..34.72 rows=1028 width=0)
	              Index Cond: ((id >= 5600622) AND (id <= 5601621))

table 2 : explain SELECT c FROM sbtest2 WHERE id BETWEEN 5880152 AND 5881151 ORDER BY c
	Sort  (cost=3882.50..3884.98 rows=989 width=121)
	  Sort Key: c
	  ->  Bitmap Heap Scan on sbtest2  (cost=34.57..3833.30 rows=989 width=121)
	        Recheck Cond: ((id >= 5880152) AND (id <= 5881151))
	        ->  Bitmap Index Scan on sbtest2_pkey  (cost=0.00..34.33 rows=989 width=0)
	              Index Cond: ((id >= 5880152) AND (id <= 5881151))

table 3 : explain SELECT c FROM sbtest3 WHERE id BETWEEN 1644576 AND 1645575 ORDER BY c
	Sort  (cost=3853.83..3856.28 rows=980 width=121)
	  Sort Key: c
	  ->  Bitmap Heap Scan on sbtest3  (cost=34.48..3805.14 rows=980 width=121)
	        Recheck Cond: ((id >= 1644576) AND (id <= 1645575))
	        ->  Bitmap Index Scan on sbtest3_pkey  (cost=0.00..34.23 rows=980 width=0)
	              Index Cond: ((id >= 1644576) AND (id <= 1645575))

table 4 : explain SELECT c FROM sbtest4 WHERE id BETWEEN 4842098 AND 4843097 ORDER BY c
	Sort  (cost=4459.17..4462.01 rows=1137 width=121)
	  Sort Key: c
	  ->  Bitmap Heap Scan on sbtest4  (cost=40.09..4401.46 rows=1137 width=121)
	        Recheck Cond: ((id >= 4842098) AND (id <= 4843097))
	        ->  Bitmap Index Scan on sbtest4_pkey  (cost=0.00..39.81 rows=1137 width=0)
	              Index Cond: ((id >= 4842098) AND (id <= 4843097))

table 5 : explain SELECT c FROM sbtest5 WHERE id BETWEEN 1314441 AND 1315440 ORDER BY c
	Sort  (cost=4190.99..4193.66 rows=1068 width=121)
	  Sort Key: c
	  ->  Bitmap Heap Scan on sbtest5  (cost=35.38..4137.27 rows=1068 width=121)
	        Recheck Cond: ((id >= 1314441) AND (id <= 1315440))
	        ->  Bitmap Index Scan on sbtest5_pkey  (cost=0.00..35.12 rows=1068 width=0)
	              Index Cond: ((id >= 1314441) AND (id <= 1315440))

table 6 : explain SELECT c FROM sbtest6 WHERE id BETWEEN 177587 AND 178586 ORDER BY c
	Sort  (cost=3689.58..3691.92 rows=938 width=121)
	  Sort Key: c
	  ->  Bitmap Heap Scan on sbtest6  (cost=34.05..3643.27 rows=938 width=121)
	        Recheck Cond: ((id >= 177587) AND (id <= 178586))
	        ->  Bitmap Index Scan on sbtest6_pkey  (cost=0.00..33.82 rows=938 width=0)
	              Index Cond: ((id >= 177587) AND (id <= 178586))

table 7 : explain SELECT c FROM sbtest7 WHERE id BETWEEN 8667980 AND 8668979 ORDER BY c
	Sort  (cost=3868.25..3870.71 rows=984 width=121)
	  Sort Key: c
	  ->  Bitmap Heap Scan on sbtest7  (cost=34.52..3819.33 rows=984 width=121)
	        Recheck Cond: ((id >= 8667980) AND (id <= 8668979))
	        ->  Bitmap Index Scan on sbtest7_pkey  (cost=0.00..34.28 rows=984 width=0)
	              Index Cond: ((id >= 8667980) AND (id <= 8668979))

table 8 : explain SELECT c FROM sbtest8 WHERE id BETWEEN 4358437 AND 4359436 ORDER BY c
	Sort  (cost=4059.90..4062.49 rows=1035 width=121)
	  Sort Key: c
	  ->  Bitmap Heap Scan on sbtest8  (cost=35.04..4008.07 rows=1035 width=121)
	        Recheck Cond: ((id >= 4358437) AND (id <= 4359436))
	        ->  Bitmap Index Scan on sbtest8_pkey  (cost=0.00..34.79 rows=1035 width=0)
	              Index Cond: ((id >= 4358437) AND (id <= 4359436))

for: order_ranges
table 1 : explain SELECT c FROM sbtest1 WHERE id BETWEEN 5672634 AND 5673633 ORDER BY c
	Sort  (cost=3571.06..3573.33 rows=908 width=121)
	  Sort Key: c
	  ->  Bitmap Heap Scan on sbtest1  (cost=29.74..3526.45 rows=908 width=121)
	        Recheck Cond: ((id >= 5672634) AND (id <= 5673633))
	        ->  Bitmap Index Scan on sbtest1_pkey  (cost=0.00..29.51 rows=908 width=0)
	              Index Cond: ((id >= 5672634) AND (id <= 5673633))

table 2 : explain SELECT c FROM sbtest2 WHERE id BETWEEN 594333 AND 595332 ORDER BY c
	Sort  (cost=4088.99..4091.59 rows=1043 width=121)
	  Sort Key: c
	  ->  Bitmap Heap Scan on sbtest2  (cost=35.13..4036.70 rows=1043 width=121)
	        Recheck Cond: ((id >= 594333) AND (id <= 595332))
	        ->  Bitmap Index Scan on sbtest2_pkey  (cost=0.00..34.87 rows=1043 width=0)
	              Index Cond: ((id >= 594333) AND (id <= 595332))

table 3 : explain SELECT c FROM sbtest3 WHERE id BETWEEN 7827304 AND 7828303 ORDER BY c
	Sort  (cost=3953.55..3956.07 rows=1006 width=121)
	  Sort Key: c
	  ->  Bitmap Heap Scan on sbtest3  (cost=34.75..3903.38 rows=1006 width=121)
	        Recheck Cond: ((id >= 7827304) AND (id <= 7828303))
	        ->  Bitmap Index Scan on sbtest3_pkey  (cost=0.00..34.50 rows=1006 width=0)
	              Index Cond: ((id >= 7827304) AND (id <= 7828303))

table 4 : explain SELECT c FROM sbtest4 WHERE id BETWEEN 7136881 AND 7137880 ORDER BY c
	Sort  (cost=4022.85..4025.41 rows=1024 width=121)
	  Sort Key: c
	  ->  Bitmap Heap Scan on sbtest4  (cost=34.93..3971.65 rows=1024 width=121)
	        Recheck Cond: ((id >= 7136881) AND (id <= 7137880))
	        ->  Bitmap Index Scan on sbtest4_pkey  (cost=0.00..34.68 rows=1024 width=0)
	              Index Cond: ((id >= 7136881) AND (id <= 7137880))

table 5 : explain SELECT c FROM sbtest5 WHERE id BETWEEN 7022034 AND 7023033 ORDER BY c
	Sort  (cost=4034.00..4036.57 rows=1027 width=121)
	  Sort Key: c
	  ->  Bitmap Heap Scan on sbtest5  (cost=34.96..3982.63 rows=1027 width=121)
	        Recheck Cond: ((id >= 7022034) AND (id <= 7023033))
	        ->  Bitmap Index Scan on sbtest5_pkey  (cost=0.00..34.70 rows=1027 width=0)
	              Index Cond: ((id >= 7022034) AND (id <= 7023033))

table 6 : explain SELECT c FROM sbtest6 WHERE id BETWEEN 7521379 AND 7522378 ORDER BY c
	Sort  (cost=4061.21..4063.80 rows=1035 width=121)
	  Sort Key: c
	  ->  Bitmap Heap Scan on sbtest6  (cost=35.04..4009.38 rows=1035 width=121)
	        Recheck Cond: ((id >= 7521379) AND (id <= 7522378))
	        ->  Bitmap Index Scan on sbtest6_pkey  (cost=0.00..34.79 rows=1035 width=0)
	              Index Cond: ((id >= 7521379) AND (id <= 7522378))

table 7 : explain SELECT c FROM sbtest7 WHERE id BETWEEN 5694164 AND 5695163 ORDER BY c
	Sort  (cost=3491.68..3493.90 rows=887 width=121)
	  Sort Key: c
	  ->  Bitmap Heap Scan on sbtest7  (cost=29.53..3448.25 rows=887 width=121)
	        Recheck Cond: ((id >= 5694164) AND (id <= 5695163))
	        ->  Bitmap Index Scan on sbtest7_pkey  (cost=0.00..29.30 rows=887 width=0)
	              Index Cond: ((id >= 5694164) AND (id <= 5695163))

table 8 : explain SELECT c FROM sbtest8 WHERE id BETWEEN 3435292 AND 3436291 ORDER BY c
	Sort  (cost=3738.30..3740.68 rows=951 width=121)
	  Sort Key: c
	  ->  Bitmap Heap Scan on sbtest8  (cost=34.18..3691.26 rows=951 width=121)
	        Recheck Cond: ((id >= 3435292) AND (id <= 3436291))
	        ->  Bitmap Index Scan on sbtest8_pkey  (cost=0.00..33.95 rows=951 width=0)
	              Index Cond: ((id >= 3435292) AND (id <= 3436291))

for: sum_ranges
table 1 : explain SELECT SUM(k) FROM sbtest1 WHERE id BETWEEN 9268401 AND 9269400
	Aggregate  (cost=3903.33..3903.34 rows=1 width=8)
	  ->  Bitmap Heap Scan on sbtest1  (cost=34.75..3900.82 rows=1006 width=4)
	        Recheck Cond: ((id >= 9268401) AND (id <= 9269400))
	        ->  Bitmap Index Scan on sbtest1_pkey  (cost=0.00..34.50 rows=1006 width=0)
	              Index Cond: ((id >= 9268401) AND (id <= 9269400))

table 2 : explain SELECT SUM(k) FROM sbtest2 WHERE id BETWEEN 6828017 AND 6829016
	Aggregate  (cost=3798.04..3798.05 rows=1 width=8)
	  ->  Bitmap Heap Scan on sbtest2  (cost=34.47..3795.60 rows=979 width=4)
	        Recheck Cond: ((id >= 6828017) AND (id <= 6829016))
	        ->  Bitmap Index Scan on sbtest2_pkey  (cost=0.00..34.23 rows=979 width=0)
	              Index Cond: ((id >= 6828017) AND (id <= 6829016))

table 3 : explain SELECT SUM(k) FROM sbtest3 WHERE id BETWEEN 7084301 AND 7085300
	Aggregate  (cost=3470.24..3470.25 rows=1 width=8)
	  ->  Bitmap Heap Scan on sbtest3  (cost=29.58..3468.01 rows=892 width=4)
	        Recheck Cond: ((id >= 7084301) AND (id <= 7085300))
	        ->  Bitmap Index Scan on sbtest3_pkey  (cost=0.00..29.36 rows=892 width=0)
	              Index Cond: ((id >= 7084301) AND (id <= 7085300))

table 4 : explain SELECT SUM(k) FROM sbtest4 WHERE id BETWEEN 3708604 AND 3709603
	Aggregate  (cost=3534.97..3534.98 rows=1 width=8)
	  ->  Bitmap Heap Scan on sbtest4  (cost=29.75..3532.69 rows=909 width=4)
	        Recheck Cond: ((id >= 3708604) AND (id <= 3709603))
	        ->  Bitmap Index Scan on sbtest4_pkey  (cost=0.00..29.52 rows=909 width=0)
	              Index Cond: ((id >= 3708604) AND (id <= 3709603))

table 5 : explain SELECT SUM(k) FROM sbtest5 WHERE id BETWEEN 5311331 AND 5312330
	Aggregate  (cost=4105.99..4106.00 rows=1 width=8)
	  ->  Bitmap Heap Scan on sbtest5  (cost=35.29..4103.34 rows=1059 width=4)
	        Recheck Cond: ((id >= 5311331) AND (id <= 5312330))
	        ->  Bitmap Index Scan on sbtest5_pkey  (cost=0.00..35.03 rows=1059 width=0)
	              Index Cond: ((id >= 5311331) AND (id <= 5312330))

table 6 : explain SELECT SUM(k) FROM sbtest6 WHERE id BETWEEN 7830810 AND 7831809
	Aggregate  (cost=4023.28..4023.29 rows=1 width=8)
	  ->  Bitmap Heap Scan on sbtest6  (cost=35.07..4020.68 rows=1038 width=4)
	        Recheck Cond: ((id >= 7830810) AND (id <= 7831809))
	        ->  Bitmap Index Scan on sbtest6_pkey  (cost=0.00..34.82 rows=1038 width=0)
	              Index Cond: ((id >= 7830810) AND (id <= 7831809))

table 7 : explain SELECT SUM(k) FROM sbtest7 WHERE id BETWEEN 5317702 AND 5318701
	Aggregate  (cost=3950.26..3950.27 rows=1 width=8)
	  ->  Bitmap Heap Scan on sbtest7  (cost=34.87..3947.71 rows=1018 width=4)
	        Recheck Cond: ((id >= 5317702) AND (id <= 5318701))
	        ->  Bitmap Index Scan on sbtest7_pkey  (cost=0.00..34.62 rows=1018 width=0)
	              Index Cond: ((id >= 5317702) AND (id <= 5318701))

table 8 : explain SELECT SUM(k) FROM sbtest8 WHERE id BETWEEN 2434010 AND 2435009
	Aggregate  (cost=3822.06..3822.07 rows=1 width=8)
	  ->  Bitmap Heap Scan on sbtest8  (cost=34.53..3819.60 rows=985 width=4)
	        Recheck Cond: ((id >= 2434010) AND (id <= 2435009))
	        ->  Bitmap Index Scan on sbtest8_pkey  (cost=0.00..34.29 rows=985 width=0)
	              Index Cond: ((id >= 2434010) AND (id <= 2435009))

for: order_ranges
table 1 : explain SELECT c FROM sbtest1 WHERE id BETWEEN 6374575 AND 6375574 ORDER BY c
	Sort  (cost=3690.27..3692.61 rows=938 width=121)
	  Sort Key: c
	  ->  Bitmap Heap Scan on sbtest1  (cost=34.05..3643.96 rows=938 width=121)
	        Recheck Cond: ((id >= 6374575) AND (id <= 6375574))
	        ->  Bitmap Index Scan on sbtest1_pkey  (cost=0.00..33.82 rows=938 width=0)
	              Index Cond: ((id >= 6374575) AND (id <= 6375574))

table 2 : explain SELECT c FROM sbtest2 WHERE id BETWEEN 1153642 AND 1154641 ORDER BY c
	Sort  (cost=3714.00..3716.36 rows=945 width=121)
	  Sort Key: c
	  ->  Bitmap Heap Scan on sbtest2  (cost=34.12..3667.29 rows=945 width=121)
	        Recheck Cond: ((id >= 1153642) AND (id <= 1154641))
	        ->  Bitmap Index Scan on sbtest2_pkey  (cost=0.00..33.89 rows=945 width=0)
	              Index Cond: ((id >= 1153642) AND (id <= 1154641))

table 3 : explain SELECT c FROM sbtest3 WHERE id BETWEEN 9849237 AND 9850236 ORDER BY c
	Sort  (cost=4099.16..4101.77 rows=1044 width=121)
	  Sort Key: c
	  ->  Bitmap Heap Scan on sbtest3  (cost=35.14..4046.81 rows=1044 width=121)
	        Recheck Cond: ((id >= 9849237) AND (id <= 9850236))
	        ->  Bitmap Index Scan on sbtest3_pkey  (cost=0.00..34.88 rows=1044 width=0)
	              Index Cond: ((id >= 9849237) AND (id <= 9850236))

table 4 : explain SELECT c FROM sbtest4 WHERE id BETWEEN 5871021 AND 5872020 ORDER BY c
	Sort  (cost=4156.91..4159.55 rows=1059 width=121)
	  Sort Key: c
	  ->  Bitmap Heap Scan on sbtest4  (cost=35.29..4103.70 rows=1059 width=121)
	        Recheck Cond: ((id >= 5871021) AND (id <= 5872020))
	        ->  Bitmap Index Scan on sbtest4_pkey  (cost=0.00..35.03 rows=1059 width=0)
	              Index Cond: ((id >= 5871021) AND (id <= 5872020))

table 5 : explain SELECT c FROM sbtest5 WHERE id BETWEEN 5968198 AND 5969197 ORDER BY c
	Sort  (cost=3727.11..3729.48 rows=947 width=121)
	  Sort Key: c
	  ->  Bitmap Heap Scan on sbtest5  (cost=34.14..3680.30 rows=947 width=121)
	        Recheck Cond: ((id >= 5968198) AND (id <= 5969197))
	        ->  Bitmap Index Scan on sbtest5_pkey  (cost=0.00..33.91 rows=947 width=0)
	              Index Cond: ((id >= 5968198) AND (id <= 5969197))

table 6 : explain SELECT c FROM sbtest6 WHERE id BETWEEN 7022306 AND 7023305 ORDER BY c
	Sort  (cost=3965.54..3968.06 rows=1010 width=121)
	  Sort Key: c
	  ->  Bitmap Heap Scan on sbtest6  (cost=34.79..3915.14 rows=1010 width=121)
	        Recheck Cond: ((id >= 7022306) AND (id <= 7023305))
	        ->  Bitmap Index Scan on sbtest6_pkey  (cost=0.00..34.54 rows=1010 width=0)
	              Index Cond: ((id >= 7022306) AND (id <= 7023305))

table 7 : explain SELECT c FROM sbtest7 WHERE id BETWEEN 2199637 AND 2200636 ORDER BY c
	Sort  (cost=3914.26..3916.75 rows=996 width=121)
	  Sort Key: c
	  ->  Bitmap Heap Scan on sbtest7  (cost=34.64..3864.66 rows=996 width=121)
	        Recheck Cond: ((id >= 2199637) AND (id <= 2200636))
	        ->  Bitmap Index Scan on sbtest7_pkey  (cost=0.00..34.40 rows=996 width=0)
	              Index Cond: ((id >= 2199637) AND (id <= 2200636))

table 8 : explain SELECT c FROM sbtest8 WHERE id BETWEEN 2653322 AND 2654321 ORDER BY c
	Sort  (cost=3929.83..3932.33 rows=1001 width=121)
	  Sort Key: c
	  ->  Bitmap Heap Scan on sbtest8  (cost=34.70..3879.95 rows=1001 width=121)
	        Recheck Cond: ((id >= 2653322) AND (id <= 2654321))
	        ->  Bitmap Index Scan on sbtest8_pkey  (cost=0.00..34.45 rows=1001 width=0)
	              Index Cond: ((id >= 2653322) AND (id <= 2654321))

for: simple_ranges
table 1 : explain SELECT c FROM sbtest1 WHERE id BETWEEN 7117731 AND 7118730
	Bitmap Heap Scan on sbtest1  (cost=34.35..3753.57 rows=967 width=121)
	  Recheck Cond: ((id >= 7117731) AND (id <= 7118730))
	  ->  Bitmap Index Scan on sbtest1_pkey  (cost=0.00..34.11 rows=967 width=0)
	        Index Cond: ((id >= 7117731) AND (id <= 7118730))

table 2 : explain SELECT c FROM sbtest2 WHERE id BETWEEN 2699991 AND 2700990
	Bitmap Heap Scan on sbtest2  (cost=34.79..3912.44 rows=1010 width=121)
	  Recheck Cond: ((id >= 2699991) AND (id <= 2700990))
	  ->  Bitmap Index Scan on sbtest2_pkey  (cost=0.00..34.54 rows=1010 width=0)
	        Index Cond: ((id >= 2699991) AND (id <= 2700990))

table 3 : explain SELECT c FROM sbtest3 WHERE id BETWEEN 2799083 AND 2800082
	Bitmap Heap Scan on sbtest3  (cost=34.00..3627.34 rows=933 width=121)
	  Recheck Cond: ((id >= 2799083) AND (id <= 2800082))
	  ->  Bitmap Index Scan on sbtest3_pkey  (cost=0.00..33.77 rows=933 width=0)
	        Index Cond: ((id >= 2799083) AND (id <= 2800082))

table 4 : explain SELECT c FROM sbtest4 WHERE id BETWEEN 5768928 AND 5769927
	Bitmap Heap Scan on sbtest4  (cost=34.17..3691.95 rows=950 width=121)
	  Recheck Cond: ((id >= 5768928) AND (id <= 5769927))
	  ->  Bitmap Index Scan on sbtest4_pkey  (cost=0.00..33.94 rows=950 width=0)
	        Index Cond: ((id >= 5768928) AND (id <= 5769927))

table 5 : explain SELECT c FROM sbtest5 WHERE id BETWEEN 7951615 AND 7952614
	Bitmap Heap Scan on sbtest5  (cost=35.02..4005.27 rows=1033 width=121)
	  Recheck Cond: ((id >= 7951615) AND (id <= 7952614))
	  ->  Bitmap Index Scan on sbtest5_pkey  (cost=0.00..34.77 rows=1033 width=0)
	        Index Cond: ((id >= 7951615) AND (id <= 7952614))

table 6 : explain SELECT c FROM sbtest6 WHERE id BETWEEN 1736096 AND 1737095
	Bitmap Heap Scan on sbtest6  (cost=34.48..3801.94 rows=980 width=121)
	  Recheck Cond: ((id >= 1736096) AND (id <= 1737095))
	  ->  Bitmap Index Scan on sbtest6_pkey  (cost=0.00..34.23 rows=980 width=0)
	        Index Cond: ((id >= 1736096) AND (id <= 1737095))

table 7 : explain SELECT c FROM sbtest7 WHERE id BETWEEN 3703084 AND 3704083
	Bitmap Heap Scan on sbtest7  (cost=34.80..3921.29 rows=1011 width=121)
	  Recheck Cond: ((id >= 3703084) AND (id <= 3704083))
	  ->  Bitmap Index Scan on sbtest7_pkey  (cost=0.00..34.55 rows=1011 width=0)
	        Index Cond: ((id >= 3703084) AND (id <= 3704083))

table 8 : explain SELECT c FROM sbtest8 WHERE id BETWEEN 1764060 AND 1765059
	Bitmap Heap Scan on sbtest8  (cost=34.77..3906.34 rows=1008 width=121)
	  Recheck Cond: ((id >= 1764060) AND (id <= 1765059))
	  ->  Bitmap Index Scan on sbtest8_pkey  (cost=0.00..34.52 rows=1008 width=0)
	        Index Cond: ((id >= 1764060) AND (id <= 1765059))

for: distinct_ranges
table 1 : explain SELECT DISTINCT c FROM sbtest1 WHERE id BETWEEN 2682179 AND 2683178 ORDER BY c
	Unique  (cost=4214.98..4220.36 rows=1075 width=121)
	  ->  Sort  (cost=4214.98..4217.67 rows=1075 width=121)
	        Sort Key: c
	        ->  Bitmap Heap Scan on sbtest1  (cost=35.45..4160.86 rows=1075 width=121)
	              Recheck Cond: ((id >= 2682179) AND (id <= 2683178))
	              ->  Bitmap Index Scan on sbtest1_pkey  (cost=0.00..35.19 rows=1075 width=0)
	                    Index Cond: ((id >= 2682179) AND (id <= 2683178))

table 2 : explain SELECT DISTINCT c FROM sbtest2 WHERE id BETWEEN 9665701 AND 9666700 ORDER BY c
	Unique  (cost=3974.32..3979.38 rows=1013 width=121)
	  ->  Sort  (cost=3974.32..3976.85 rows=1013 width=121)
	        Sort Key: c
	        ->  Bitmap Heap Scan on sbtest2  (cost=34.82..3923.75 rows=1013 width=121)
	              Recheck Cond: ((id >= 9665701) AND (id <= 9666700))
	              ->  Bitmap Index Scan on sbtest2_pkey  (cost=0.00..34.57 rows=1013 width=0)
	                    Index Cond: ((id >= 9665701) AND (id <= 9666700))

table 3 : explain SELECT DISTINCT c FROM sbtest3 WHERE id BETWEEN 91994 AND 92993 ORDER BY c
	Unique  (cost=3842.32..3847.21 rows=977 width=121)
	  ->  Sort  (cost=3842.32..3844.76 rows=977 width=121)
	        Sort Key: c
	        ->  Bitmap Heap Scan on sbtest3  (cost=34.45..3793.80 rows=977 width=121)
	              Recheck Cond: ((id >= 91994) AND (id <= 92993))
	              ->  Bitmap Index Scan on sbtest3_pkey  (cost=0.00..34.20 rows=977 width=0)
	                    Index Cond: ((id >= 91994) AND (id <= 92993))

table 4 : explain SELECT DISTINCT c FROM sbtest4 WHERE id BETWEEN 4342402 AND 4343401 ORDER BY c
	Unique  (cost=3823.41..3828.27 rows=972 width=121)
	  ->  Sort  (cost=3823.41..3825.84 rows=972 width=121)
	        Sort Key: c
	        ->  Bitmap Heap Scan on sbtest4  (cost=34.40..3775.18 rows=972 width=121)
	              Recheck Cond: ((id >= 4342402) AND (id <= 4343401))
	              ->  Bitmap Index Scan on sbtest4_pkey  (cost=0.00..34.16 rows=972 width=0)
	                    Index Cond: ((id >= 4342402) AND (id <= 4343401))

table 5 : explain SELECT DISTINCT c FROM sbtest5 WHERE id BETWEEN 2819509 AND 2820508 ORDER BY c
	Unique  (cost=3953.51..3958.54 rows=1006 width=121)
	  ->  Sort  (cost=3953.51..3956.03 rows=1006 width=121)
	        Sort Key: c
	        ->  Bitmap Heap Scan on sbtest5  (cost=34.75..3903.34 rows=1006 width=121)
	              Recheck Cond: ((id >= 2819509) AND (id <= 2820508))
	              ->  Bitmap Index Scan on sbtest5_pkey  (cost=0.00..34.50 rows=1006 width=0)
	                    Index Cond: ((id >= 2819509) AND (id <= 2820508))

table 6 : explain SELECT DISTINCT c FROM sbtest6 WHERE id BETWEEN 1322446 AND 1323445 ORDER BY c
	Unique  (cost=4026.77..4031.90 rows=1026 width=121)
	  ->  Sort  (cost=4026.77..4029.34 rows=1026 width=121)
	        Sort Key: c
	        ->  Bitmap Heap Scan on sbtest6  (cost=34.95..3975.46 rows=1026 width=121)
	              Recheck Cond: ((id >= 1322446) AND (id <= 1323445))
	              ->  Bitmap Index Scan on sbtest6_pkey  (cost=0.00..34.70 rows=1026 width=0)
	                    Index Cond: ((id >= 1322446) AND (id <= 1323445))

table 7 : explain SELECT DISTINCT c FROM sbtest7 WHERE id BETWEEN 9600743 AND 9601742 ORDER BY c
	Unique  (cost=3921.93..3926.92 rows=998 width=121)
	  ->  Sort  (cost=3921.93..3924.42 rows=998 width=121)
	        Sort Key: c
	        ->  Bitmap Heap Scan on sbtest7  (cost=34.66..3872.21 rows=998 width=121)
	              Recheck Cond: ((id >= 9600743) AND (id <= 9601742))
	              ->  Bitmap Index Scan on sbtest7_pkey  (cost=0.00..34.42 rows=998 width=0)
	                    Index Cond: ((id >= 9600743) AND (id <= 9601742))

table 8 : explain SELECT DISTINCT c FROM sbtest8 WHERE id BETWEEN 6487206 AND 6488205 ORDER BY c
	Unique  (cost=4063.73..4068.91 rows=1036 width=121)
	  ->  Sort  (cost=4063.73..4066.32 rows=1036 width=121)
	        Sort Key: c
	        ->  Bitmap Heap Scan on sbtest8  (cost=35.05..4011.84 rows=1036 width=121)
	              Recheck Cond: ((id >= 6487206) AND (id <= 6488205))
	              ->  Bitmap Index Scan on sbtest8_pkey  (cost=0.00..34.80 rows=1036 width=0)
	                    Index Cond: ((id >= 6487206) AND (id <= 6488205))

for: distinct_ranges
table 1 : explain SELECT DISTINCT c FROM sbtest1 WHERE id BETWEEN 9479876 AND 9480875 ORDER BY c
	Unique  (cost=3809.19..3814.04 rows=969 width=121)
	  ->  Sort  (cost=3809.19..3811.62 rows=969 width=121)
	        Sort Key: c
	        ->  Bitmap Heap Scan on sbtest1  (cost=34.37..3761.13 rows=969 width=121)
	              Recheck Cond: ((id >= 9479876) AND (id <= 9480875))
	              ->  Bitmap Index Scan on sbtest1_pkey  (cost=0.00..34.12 rows=969 width=0)
	                    Index Cond: ((id >= 9479876) AND (id <= 9480875))

table 2 : explain SELECT DISTINCT c FROM sbtest2 WHERE id BETWEEN 3926794 AND 3927793 ORDER BY c
	Unique  (cost=3736.99..3741.74 rows=951 width=121)
	  ->  Sort  (cost=3736.99..3739.37 rows=951 width=121)
	        Sort Key: c
	        ->  Bitmap Heap Scan on sbtest2  (cost=34.18..3689.95 rows=951 width=121)
	              Recheck Cond: ((id >= 3926794) AND (id <= 3927793))
	              ->  Bitmap Index Scan on sbtest2_pkey  (cost=0.00..33.95 rows=951 width=0)
	                    Index Cond: ((id >= 3926794) AND (id <= 3927793))

table 3 : explain SELECT DISTINCT c FROM sbtest3 WHERE id BETWEEN 395816 AND 396815 ORDER BY c
	Unique  (cost=3800.10..3804.93 rows=966 width=121)
	  ->  Sort  (cost=3800.10..3802.52 rows=966 width=121)
	        Sort Key: c
	        ->  Bitmap Heap Scan on sbtest3  (cost=34.34..3752.21 rows=966 width=121)
	              Recheck Cond: ((id >= 395816) AND (id <= 396815))
	              ->  Bitmap Index Scan on sbtest3_pkey  (cost=0.00..34.09 rows=966 width=0)
	                    Index Cond: ((id >= 395816) AND (id <= 396815))

table 4 : explain SELECT DISTINCT c FROM sbtest4 WHERE id BETWEEN 9050938 AND 9051937 ORDER BY c
	Unique  (cost=3873.30..3878.23 rows=985 width=121)
	  ->  Sort  (cost=3873.30..3875.76 rows=985 width=121)
	        Sort Key: c
	        ->  Bitmap Heap Scan on sbtest4  (cost=34.53..3824.33 rows=985 width=121)
	              Recheck Cond: ((id >= 9050938) AND (id <= 9051937))
	              ->  Bitmap Index Scan on sbtest4_pkey  (cost=0.00..34.29 rows=985 width=0)
	                    Index Cond: ((id >= 9050938) AND (id <= 9051937))

table 5 : explain SELECT DISTINCT c FROM sbtest5 WHERE id BETWEEN 8575199 AND 8576198 ORDER BY c
	Unique  (cost=4118.26..4123.51 rows=1049 width=121)
	  ->  Sort  (cost=4118.26..4120.89 rows=1049 width=121)
	        Sort Key: c
	        ->  Bitmap Heap Scan on sbtest5  (cost=35.19..4065.63 rows=1049 width=121)
	              Recheck Cond: ((id >= 8575199) AND (id <= 8576198))
	              ->  Bitmap Index Scan on sbtest5_pkey  (cost=0.00..34.93 rows=1049 width=0)
	                    Index Cond: ((id >= 8575199) AND (id <= 8576198))

table 6 : explain SELECT DISTINCT c FROM sbtest6 WHERE id BETWEEN 7487447 AND 7488446 ORDER BY c
	Unique  (cost=4061.21..4066.38 rows=1035 width=121)
	  ->  Sort  (cost=4061.21..4063.80 rows=1035 width=121)
	        Sort Key: c
	        ->  Bitmap Heap Scan on sbtest6  (cost=35.04..4009.38 rows=1035 width=121)
	              Recheck Cond: ((id >= 7487447) AND (id <= 7488446))
	              ->  Bitmap Index Scan on sbtest6_pkey  (cost=0.00..34.79 rows=1035 width=0)
	                    Index Cond: ((id >= 7487447) AND (id <= 7488446))

table 7 : explain SELECT DISTINCT c FROM sbtest7 WHERE id BETWEEN 4344896 AND 4345895 ORDER BY c
	Unique  (cost=3653.30..3657.94 rows=928 width=121)
	  ->  Sort  (cost=3653.30..3655.62 rows=928 width=121)
	        Sort Key: c
	        ->  Bitmap Heap Scan on sbtest7  (cost=33.95..3607.56 rows=928 width=121)
	              Recheck Cond: ((id >= 4344896) AND (id <= 4345895))
	              ->  Bitmap Index Scan on sbtest7_pkey  (cost=0.00..33.72 rows=928 width=0)
	                    Index Cond: ((id >= 4344896) AND (id <= 4345895))

table 8 : explain SELECT DISTINCT c FROM sbtest8 WHERE id BETWEEN 6615311 AND 6616310 ORDER BY c
	Unique  (cost=3538.62..3543.12 rows=900 width=121)
	  ->  Sort  (cost=3538.62..3540.87 rows=900 width=121)
	        Sort Key: c
	        ->  Bitmap Heap Scan on sbtest8  (cost=29.66..3494.45 rows=900 width=121)
	              Recheck Cond: ((id >= 6615311) AND (id <= 6616310))
	              ->  Bitmap Index Scan on sbtest8_pkey  (cost=0.00..29.43 rows=900 width=0)
	                    Index Cond: ((id >= 6615311) AND (id <= 6616310))

for point_selects
table 1 : explain SELECT c FROM sbtest1 WHERE id=596765
	Index Scan using sbtest1_pkey on sbtest1  (cost=0.43..8.45 rows=1 width=121)
	  Index Cond: (id = 596765)

table 2 : explain SELECT c FROM sbtest2 WHERE id=5495346
	Index Scan using sbtest2_pkey on sbtest2  (cost=0.43..8.45 rows=1 width=121)
	  Index Cond: (id = 5495346)

table 3 : explain SELECT c FROM sbtest3 WHERE id=7670289
	Index Scan using sbtest3_pkey on sbtest3  (cost=0.43..8.45 rows=1 width=121)
	  Index Cond: (id = 7670289)

table 4 : explain SELECT c FROM sbtest4 WHERE id=1346616
	Index Scan using sbtest4_pkey on sbtest4  (cost=0.43..8.45 rows=1 width=121)
	  Index Cond: (id = 1346616)

table 5 : explain SELECT c FROM sbtest5 WHERE id=8497204
	Index Scan using sbtest5_pkey on sbtest5  (cost=0.43..8.45 rows=1 width=121)
	  Index Cond: (id = 8497204)

table 6 : explain SELECT c FROM sbtest6 WHERE id=2671378
	Index Scan using sbtest6_pkey on sbtest6  (cost=0.43..8.45 rows=1 width=121)
	  Index Cond: (id = 2671378)

table 7 : explain SELECT c FROM sbtest7 WHERE id=8654421
	Index Scan using sbtest7_pkey on sbtest7  (cost=0.43..8.45 rows=1 width=121)
	  Index Cond: (id = 8654421)

table 8 : explain SELECT c FROM sbtest8 WHERE id=5327779
	Index Scan using sbtest8_pkey on sbtest8  (cost=0.43..8.45 rows=1 width=121)
	  Index Cond: (id = 5327779)

for: sum_ranges
table 1 : explain SELECT SUM(k) FROM sbtest1 WHERE id BETWEEN 6105606 AND 6106605
	Aggregate  (cost=3771.11..3771.12 rows=1 width=8)
	  ->  Bitmap Heap Scan on sbtest1  (cost=34.39..3768.69 rows=971 width=4)
	        Recheck Cond: ((id >= 6105606) AND (id <= 6106605))
	        ->  Bitmap Index Scan on sbtest1_pkey  (cost=0.00..34.15 rows=971 width=0)
	              Index Cond: ((id >= 6105606) AND (id <= 6106605))

table 2 : explain SELECT SUM(k) FROM sbtest2 WHERE id BETWEEN 4044535 AND 4045534
	Aggregate  (cost=3741.42..3741.43 rows=1 width=8)
	  ->  Bitmap Heap Scan on sbtest2  (cost=34.32..3739.01 rows=964 width=4)
	        Recheck Cond: ((id >= 4044535) AND (id <= 4045534))
	        ->  Bitmap Index Scan on sbtest2_pkey  (cost=0.00..34.08 rows=964 width=0)
	              Index Cond: ((id >= 4044535) AND (id <= 4045534))

table 3 : explain SELECT SUM(k) FROM sbtest3 WHERE id BETWEEN 7579081 AND 7580080
	Aggregate  (cost=3720.56..3720.57 rows=1 width=8)
	  ->  Bitmap Heap Scan on sbtest3  (cost=34.24..3718.17 rows=957 width=4)
	        Recheck Cond: ((id >= 7579081) AND (id <= 7580080))
	        ->  Bitmap Index Scan on sbtest3_pkey  (cost=0.00..34.01 rows=957 width=0)
	              Index Cond: ((id >= 7579081) AND (id <= 7580080))

table 4 : explain SELECT SUM(k) FROM sbtest4 WHERE id BETWEEN 2096771 AND 2097770
	Aggregate  (cost=3527.38..3527.39 rows=1 width=8)
	  ->  Bitmap Heap Scan on sbtest4  (cost=29.73..3525.11 rows=907 width=4)
	        Recheck Cond: ((id >= 2096771) AND (id <= 2097770))
	        ->  Bitmap Index Scan on sbtest4_pkey  (cost=0.00..29.50 rows=907 width=0)
	              Index Cond: ((id >= 2096771) AND (id <= 2097770))

table 5 : explain SELECT SUM(k) FROM sbtest5 WHERE id BETWEEN 590318 AND 591317
	Aggregate  (cost=3981.42..3981.43 rows=1 width=8)
	  ->  Bitmap Heap Scan on sbtest5  (cost=34.95..3978.85 rows=1026 width=4)
	        Recheck Cond: ((id >= 590318) AND (id <= 591317))
	        ->  Bitmap Index Scan on sbtest5_pkey  (cost=0.00..34.70 rows=1026 width=0)
	              Index Cond: ((id >= 590318) AND (id <= 591317))

table 6 : explain SELECT SUM(k) FROM sbtest6 WHERE id BETWEEN 4610227 AND 4611226
	Aggregate  (cost=3793.05..3793.06 rows=1 width=8)
	  ->  Bitmap Heap Scan on sbtest6  (cost=34.45..3790.61 rows=977 width=4)
	        Recheck Cond: ((id >= 4610227) AND (id <= 4611226))
	        ->  Bitmap Index Scan on sbtest6_pkey  (cost=0.00..34.20 rows=977 width=0)
	              Index Cond: ((id >= 4610227) AND (id <= 4611226))

table 7 : explain SELECT SUM(k) FROM sbtest7 WHERE id BETWEEN 2422743 AND 2423742
	Aggregate  (cost=3946.48..3946.49 rows=1 width=8)
	  ->  Bitmap Heap Scan on sbtest7  (cost=34.86..3943.94 rows=1017 width=4)
	        Recheck Cond: ((id >= 2422743) AND (id <= 2423742))
	        ->  Bitmap Index Scan on sbtest7_pkey  (cost=0.00..34.61 rows=1017 width=0)
	              Index Cond: ((id >= 2422743) AND (id <= 2423742))

table 8 : explain SELECT SUM(k) FROM sbtest8 WHERE id BETWEEN 3010775 AND 3011774
	Aggregate  (cost=3791.86..3791.87 rows=1 width=8)
	  ->  Bitmap Heap Scan on sbtest8  (cost=34.45..3789.42 rows=977 width=4)
	        Recheck Cond: ((id >= 3010775) AND (id <= 3011774))
	        ->  Bitmap Index Scan on sbtest8_pkey  (cost=0.00..34.20 rows=977 width=0)
	              Index Cond: ((id >= 3010775) AND (id <= 3011774))

for point_selects
table 1 : explain SELECT c FROM sbtest1 WHERE id=2108934
	Index Scan using sbtest1_pkey on sbtest1  (cost=0.43..8.45 rows=1 width=121)
	  Index Cond: (id = 2108934)

table 2 : explain SELECT c FROM sbtest2 WHERE id=9282897
	Index Scan using sbtest2_pkey on sbtest2  (cost=0.43..8.45 rows=1 width=121)
	  Index Cond: (id = 9282897)

table 3 : explain SELECT c FROM sbtest3 WHERE id=5946634
	Index Scan using sbtest3_pkey on sbtest3  (cost=0.43..8.45 rows=1 width=121)
	  Index Cond: (id = 5946634)

table 4 : explain SELECT c FROM sbtest4 WHERE id=6081432
	Index Scan using sbtest4_pkey on sbtest4  (cost=0.43..8.45 rows=1 width=121)
	  Index Cond: (id = 6081432)

table 5 : explain SELECT c FROM sbtest5 WHERE id=1411960
	Index Scan using sbtest5_pkey on sbtest5  (cost=0.43..8.45 rows=1 width=121)
	  Index Cond: (id = 1411960)

table 6 : explain SELECT c FROM sbtest6 WHERE id=5027436
	Index Scan using sbtest6_pkey on sbtest6  (cost=0.43..8.45 rows=1 width=121)
	  Index Cond: (id = 5027436)

table 7 : explain SELECT c FROM sbtest7 WHERE id=7050626
	Index Scan using sbtest7_pkey on sbtest7  (cost=0.43..8.45 rows=1 width=121)
	  Index Cond: (id = 7050626)

table 8 : explain SELECT c FROM sbtest8 WHERE id=1048276
	Index Scan using sbtest8_pkey on sbtest8  (cost=0.43..8.45 rows=1 width=121)
	  Index Cond: (id = 1048276)

for point_selects
table 1 : explain SELECT c FROM sbtest1 WHERE id=7459727
	Index Scan using sbtest1_pkey on sbtest1  (cost=0.43..8.45 rows=1 width=121)
	  Index Cond: (id = 7459727)

table 2 : explain SELECT c FROM sbtest2 WHERE id=3231935
	Index Scan using sbtest2_pkey on sbtest2  (cost=0.43..8.45 rows=1 width=121)
	  Index Cond: (id = 3231935)

table 3 : explain SELECT c FROM sbtest3 WHERE id=4976230
	Index Scan using sbtest3_pkey on sbtest3  (cost=0.43..8.45 rows=1 width=121)
	  Index Cond: (id = 4976230)

table 4 : explain SELECT c FROM sbtest4 WHERE id=5149776
	Index Scan using sbtest4_pkey on sbtest4  (cost=0.43..8.45 rows=1 width=121)
	  Index Cond: (id = 5149776)

table 5 : explain SELECT c FROM sbtest5 WHERE id=4820973
	Index Scan using sbtest5_pkey on sbtest5  (cost=0.43..8.45 rows=1 width=121)
	  Index Cond: (id = 4820973)

table 6 : explain SELECT c FROM sbtest6 WHERE id=8418008
	Index Scan using sbtest6_pkey on sbtest6  (cost=0.43..8.45 rows=1 width=121)
	  Index Cond: (id = 8418008)

table 7 : explain SELECT c FROM sbtest7 WHERE id=1645397
	Index Scan using sbtest7_pkey on sbtest7  (cost=0.43..8.45 rows=1 width=121)
	  Index Cond: (id = 1645397)

table 8 : explain SELECT c FROM sbtest8 WHERE id=5425277
	Index Scan using sbtest8_pkey on sbtest8  (cost=0.43..8.45 rows=1 width=121)
	  Index Cond: (id = 5425277)

for: distinct_ranges
table 1 : explain SELECT DISTINCT c FROM sbtest1 WHERE id BETWEEN 1189989 AND 1190988 ORDER BY c
	Unique  (cost=3924.18..3929.17 rows=999 width=121)
	  ->  Sort  (cost=3924.18..3926.67 rows=999 width=121)
	        Sort Key: c
	        ->  Bitmap Heap Scan on sbtest1  (cost=34.67..3874.40 rows=999 width=121)
	              Recheck Cond: ((id >= 1189989) AND (id <= 1190988))
	              ->  Bitmap Index Scan on sbtest1_pkey  (cost=0.00..34.43 rows=999 width=0)
	                    Index Cond: ((id >= 1189989) AND (id <= 1190988))

table 2 : explain SELECT DISTINCT c FROM sbtest2 WHERE id BETWEEN 5502908 AND 5503907 ORDER BY c
	Unique  (cost=4161.55..4166.86 rows=1062 width=121)
	  ->  Sort  (cost=4161.55..4164.21 rows=1062 width=121)
	        Sort Key: c
	        ->  Bitmap Heap Scan on sbtest2  (cost=35.32..4108.17 rows=1062 width=121)
	              Recheck Cond: ((id >= 5502908) AND (id <= 5503907))
	              ->  Bitmap Index Scan on sbtest2_pkey  (cost=0.00..35.06 rows=1062 width=0)
	                    Index Cond: ((id >= 5502908) AND (id <= 5503907))

table 3 : explain SELECT DISTINCT c FROM sbtest3 WHERE id BETWEEN 1447302 AND 1448301 ORDER BY c
	Unique  (cost=3642.62..3647.25 rows=925 width=121)
	  ->  Sort  (cost=3642.62..3644.93 rows=925 width=121)
	        Sort Key: c
	        ->  Bitmap Heap Scan on sbtest3  (cost=33.92..3597.05 rows=925 width=121)
	              Recheck Cond: ((id >= 1447302) AND (id <= 1448301))
	              ->  Bitmap Index Scan on sbtest3_pkey  (cost=0.00..33.69 rows=925 width=0)
	                    Index Cond: ((id >= 1447302) AND (id <= 1448301))

table 4 : explain SELECT DISTINCT c FROM sbtest4 WHERE id BETWEEN 9078052 AND 9079051 ORDER BY c
	Unique  (cost=3873.30..3878.23 rows=985 width=121)
	  ->  Sort  (cost=3873.30..3875.76 rows=985 width=121)
	        Sort Key: c
	        ->  Bitmap Heap Scan on sbtest4  (cost=34.53..3824.33 rows=985 width=121)
	              Recheck Cond: ((id >= 9078052) AND (id <= 9079051))
	              ->  Bitmap Index Scan on sbtest4_pkey  (cost=0.00..34.29 rows=985 width=0)
	                    Index Cond: ((id >= 9078052) AND (id <= 9079051))

table 5 : explain SELECT DISTINCT c FROM sbtest5 WHERE id BETWEEN 9916843 AND 9917842 ORDER BY c
	Unique  (cost=3915.17..3920.15 rows=996 width=121)
	  ->  Sort  (cost=3915.17..3917.66 rows=996 width=121)
	        Sort Key: c
	        ->  Bitmap Heap Scan on sbtest5  (cost=34.64..3865.57 rows=996 width=121)
	              Recheck Cond: ((id >= 9916843) AND (id <= 9917842))
	              ->  Bitmap Index Scan on sbtest5_pkey  (cost=0.00..34.40 rows=996 width=0)
	                    Index Cond: ((id >= 9916843) AND (id <= 9917842))

table 6 : explain SELECT DISTINCT c FROM sbtest6 WHERE id BETWEEN 5075769 AND 5076768 ORDER BY c
	Unique  (cost=4118.58..4123.83 rows=1050 width=121)
	  ->  Sort  (cost=4118.58..4121.20 rows=1050 width=121)
	        Sort Key: c
	        ->  Bitmap Heap Scan on sbtest6  (cost=35.20..4065.89 rows=1050 width=121)
	              Recheck Cond: ((id >= 5075769) AND (id <= 5076768))
	              ->  Bitmap Index Scan on sbtest6_pkey  (cost=0.00..34.94 rows=1050 width=0)
	                    Index Cond: ((id >= 5075769) AND (id <= 5076768))

table 7 : explain SELECT DISTINCT c FROM sbtest7 WHERE id BETWEEN 1252336 AND 1253335 ORDER BY c
	Unique  (cost=3944.92..3949.94 rows=1004 width=121)
	  ->  Sort  (cost=3944.92..3947.43 rows=1004 width=121)
	        Sort Key: c
	        ->  Bitmap Heap Scan on sbtest7  (cost=34.73..3894.87 rows=1004 width=121)
	              Recheck Cond: ((id >= 1252336) AND (id <= 1253335))
	              ->  Bitmap Index Scan on sbtest7_pkey  (cost=0.00..34.48 rows=1004 width=0)
	                    Index Cond: ((id >= 1252336) AND (id <= 1253335))

table 8 : explain SELECT DISTINCT c FROM sbtest8 WHERE id BETWEEN 6799997 AND 6800996 ORDER BY c
	Unique  (cost=3822.61..3827.48 rows=973 width=121)
	  ->  Sort  (cost=3822.61..3825.04 rows=973 width=121)
	        Sort Key: c
	        ->  Bitmap Heap Scan on sbtest8  (cost=34.41..3774.32 rows=973 width=121)
	              Recheck Cond: ((id >= 6799997) AND (id <= 6800996))
	              ->  Bitmap Index Scan on sbtest8_pkey  (cost=0.00..34.17 rows=973 width=0)
	                    Index Cond: ((id >= 6799997) AND (id <= 6800996))

for: distinct_ranges
table 1 : explain SELECT DISTINCT c FROM sbtest1 WHERE id BETWEEN 6627663 AND 6628662 ORDER BY c
	Unique  (cost=3655.72..3660.36 rows=929 width=121)
	  ->  Sort  (cost=3655.72..3658.04 rows=929 width=121)
	        Sort Key: c
	        ->  Bitmap Heap Scan on sbtest1  (cost=33.96..3609.92 rows=929 width=121)
	              Recheck Cond: ((id >= 6627663) AND (id <= 6628662))
	              ->  Bitmap Index Scan on sbtest1_pkey  (cost=0.00..33.73 rows=929 width=0)
	                    Index Cond: ((id >= 6627663) AND (id <= 6628662))

table 2 : explain SELECT DISTINCT c FROM sbtest2 WHERE id BETWEEN 8880155 AND 8881154 ORDER BY c
	Unique  (cost=4073.70..4078.90 rows=1039 width=121)
	  ->  Sort  (cost=4073.70..4076.30 rows=1039 width=121)
	        Sort Key: c
	        ->  Bitmap Heap Scan on sbtest2  (cost=35.08..4021.64 rows=1039 width=121)
	              Recheck Cond: ((id >= 8880155) AND (id <= 8881154))
	              ->  Bitmap Index Scan on sbtest2_pkey  (cost=0.00..34.83 rows=1039 width=0)
	                    Index Cond: ((id >= 8880155) AND (id <= 8881154))

table 3 : explain SELECT DISTINCT c FROM sbtest3 WHERE id BETWEEN 9896496 AND 9897495 ORDER BY c
	Unique  (cost=4099.16..4104.38 rows=1044 width=121)
	  ->  Sort  (cost=4099.16..4101.77 rows=1044 width=121)
	        Sort Key: c
	        ->  Bitmap Heap Scan on sbtest3  (cost=35.14..4046.81 rows=1044 width=121)
	              Recheck Cond: ((id >= 9896496) AND (id <= 9897495))
	              ->  Bitmap Index Scan on sbtest3_pkey  (cost=0.00..34.88 rows=1044 width=0)
	                    Index Cond: ((id >= 9896496) AND (id <= 9897495))

table 4 : explain SELECT DISTINCT c FROM sbtest4 WHERE id BETWEEN 660432 AND 661431 ORDER BY c
	Unique  (cost=3865.63..3870.54 rows=983 width=121)
	  ->  Sort  (cost=3865.63..3868.08 rows=983 width=121)
	        Sort Key: c
	        ->  Bitmap Heap Scan on sbtest4  (cost=34.51..3816.77 rows=983 width=121)
	              Recheck Cond: ((id >= 660432) AND (id <= 661431))
	              ->  Bitmap Index Scan on sbtest4_pkey  (cost=0.00..34.27 rows=983 width=0)
	                    Index Cond: ((id >= 660432) AND (id <= 661431))

table 5 : explain SELECT DISTINCT c FROM sbtest5 WHERE id BETWEEN 7822744 AND 7823743 ORDER BY c
	Unique  (cost=3519.38..3523.85 rows=894 width=121)
	  ->  Sort  (cost=3519.38..3521.62 rows=894 width=121)
	        Sort Key: c
	        ->  Bitmap Heap Scan on sbtest5  (cost=29.60..3475.56 rows=894 width=121)
	              Recheck Cond: ((id >= 7822744) AND (id <= 7823743))
	              ->  Bitmap Index Scan on sbtest5_pkey  (cost=0.00..29.37 rows=894 width=0)
	                    Index Cond: ((id >= 7822744) AND (id <= 7823743))

table 6 : explain SELECT DISTINCT c FROM sbtest6 WHERE id BETWEEN 633067 AND 634066 ORDER BY c
	Unique  (cost=4045.91..4051.06 rows=1031 width=121)
	  ->  Sort  (cost=4045.91..4048.48 rows=1031 width=121)
	        Sort Key: c
	        ->  Bitmap Heap Scan on sbtest6  (cost=35.00..3994.31 rows=1031 width=121)
	              Recheck Cond: ((id >= 633067) AND (id <= 634066))
	              ->  Bitmap Index Scan on sbtest6_pkey  (cost=0.00..34.75 rows=1031 width=0)
	                    Index Cond: ((id >= 633067) AND (id <= 634066))

table 7 : explain SELECT DISTINCT c FROM sbtest7 WHERE id BETWEEN 6457587 AND 6458586 ORDER BY c
	Unique  (cost=4266.46..4271.90 rows=1088 width=121)
	  ->  Sort  (cost=4266.46..4269.18 rows=1088 width=121)
	        Sort Key: c
	        ->  Bitmap Heap Scan on sbtest7  (cost=35.59..4211.59 rows=1088 width=121)
	              Recheck Cond: ((id >= 6457587) AND (id <= 6458586))
	              ->  Bitmap Index Scan on sbtest7_pkey  (cost=0.00..35.32 rows=1088 width=0)
	                    Index Cond: ((id >= 6457587) AND (id <= 6458586))

table 8 : explain SELECT DISTINCT c FROM sbtest8 WHERE id BETWEEN 3013468 AND 3014467 ORDER BY c
	Unique  (cost=3837.93..3842.82 rows=977 width=121)
	  ->  Sort  (cost=3837.93..3840.38 rows=977 width=121)
	        Sort Key: c
	        ->  Bitmap Heap Scan on sbtest8  (cost=34.45..3789.42 rows=977 width=121)
	              Recheck Cond: ((id >= 3013468) AND (id <= 3014467))
	              ->  Bitmap Index Scan on sbtest8_pkey  (cost=0.00..34.20 rows=977 width=0)
	                    Index Cond: ((id >= 3013468) AND (id <= 3014467))

for: distinct_ranges
table 1 : explain SELECT DISTINCT c FROM sbtest1 WHERE id BETWEEN 6226174 AND 6227173 ORDER BY c
	Unique  (cost=3866.70..3871.62 rows=984 width=121)
	  ->  Sort  (cost=3866.70..3869.16 rows=984 width=121)
	        Sort Key: c
	        ->  Bitmap Heap Scan on sbtest1  (cost=34.52..3817.78 rows=984 width=121)
	              Recheck Cond: ((id >= 6226174) AND (id <= 6227173))
	              ->  Bitmap Index Scan on sbtest1_pkey  (cost=0.00..34.28 rows=984 width=0)
	                    Index Cond: ((id >= 6226174) AND (id <= 6227173))

table 2 : explain SELECT DISTINCT c FROM sbtest2 WHERE id BETWEEN 5802120 AND 5803119 ORDER BY c
	Unique  (cost=3694.83..3699.53 rows=940 width=121)
	  ->  Sort  (cost=3694.83..3697.18 rows=940 width=121)
	        Sort Key: c
	        ->  Bitmap Heap Scan on sbtest2  (cost=34.07..3648.41 rows=940 width=121)
	              Recheck Cond: ((id >= 5802120) AND (id <= 5803119))
	              ->  Bitmap Index Scan on sbtest2_pkey  (cost=0.00..33.84 rows=940 width=0)
	                    Index Cond: ((id >= 5802120) AND (id <= 5803119))

table 3 : explain SELECT DISTINCT c FROM sbtest3 WHERE id BETWEEN 7347009 AND 7348008 ORDER BY c
	Unique  (cost=3530.95..3535.44 rows=897 width=121)
	  ->  Sort  (cost=3530.95..3533.20 rows=897 width=121)
	        Sort Key: c
	        ->  Bitmap Heap Scan on sbtest3  (cost=29.63..3486.96 rows=897 width=121)
	              Recheck Cond: ((id >= 7347009) AND (id <= 7348008))
	              ->  Bitmap Index Scan on sbtest3_pkey  (cost=0.00..29.40 rows=897 width=0)
	                    Index Cond: ((id >= 7347009) AND (id <= 7348008))

table 4 : explain SELECT DISTINCT c FROM sbtest4 WHERE id BETWEEN 9825326 AND 9826325 ORDER BY c
	Unique  (cost=3558.13..3562.65 rows=904 width=121)
	  ->  Sort  (cost=3558.13..3560.39 rows=904 width=121)
	        Sort Key: c
	        ->  Bitmap Heap Scan on sbtest4  (cost=29.70..3513.74 rows=904 width=121)
	              Recheck Cond: ((id >= 9825326) AND (id <= 9826325))
	              ->  Bitmap Index Scan on sbtest4_pkey  (cost=0.00..29.47 rows=904 width=0)
	                    Index Cond: ((id >= 9825326) AND (id <= 9826325))

table 5 : explain SELECT DISTINCT c FROM sbtest5 WHERE id BETWEEN 782307 AND 783306 ORDER BY c
	Unique  (cost=3922.84..3927.83 rows=998 width=121)
	  ->  Sort  (cost=3922.84..3925.34 rows=998 width=121)
	        Sort Key: c
	        ->  Bitmap Heap Scan on sbtest5  (cost=34.66..3873.13 rows=998 width=121)
	              Recheck Cond: ((id >= 782307) AND (id <= 783306))
	              ->  Bitmap Index Scan on sbtest5_pkey  (cost=0.00..34.42 rows=998 width=0)
	                    Index Cond: ((id >= 782307) AND (id <= 783306))

table 6 : explain SELECT DISTINCT c FROM sbtest6 WHERE id BETWEEN 8112618 AND 8113617 ORDER BY c
	Unique  (cost=3992.33..3997.42 rows=1017 width=121)
	  ->  Sort  (cost=3992.33..3994.87 rows=1017 width=121)
	        Sort Key: c
	        ->  Bitmap Heap Scan on sbtest6  (cost=34.86..3941.53 rows=1017 width=121)
	              Recheck Cond: ((id >= 8112618) AND (id <= 8113617))
	              ->  Bitmap Index Scan on sbtest6_pkey  (cost=0.00..34.61 rows=1017 width=0)
	                    Index Cond: ((id >= 8112618) AND (id <= 8113617))

table 7 : explain SELECT DISTINCT c FROM sbtest7 WHERE id BETWEEN 1967579 AND 1968578 ORDER BY c
	Unique  (cost=4174.68..4180.00 rows=1064 width=121)
	  ->  Sort  (cost=4174.68..4177.34 rows=1064 width=121)
	        Sort Key: c
	        ->  Bitmap Heap Scan on sbtest7  (cost=35.34..4121.18 rows=1064 width=121)
	              Recheck Cond: ((id >= 1967579) AND (id <= 1968578))
	              ->  Bitmap Index Scan on sbtest7_pkey  (cost=0.00..35.08 rows=1064 width=0)
	                    Index Cond: ((id >= 1967579) AND (id <= 1968578))

table 8 : explain SELECT DISTINCT c FROM sbtest8 WHERE id BETWEEN 9498577 AND 9499576 ORDER BY c
	Unique  (cost=3661.60..3666.25 rows=931 width=121)
	  ->  Sort  (cost=3661.60..3663.93 rows=931 width=121)
	        Sort Key: c
	        ->  Bitmap Heap Scan on sbtest8  (cost=33.98..3615.69 rows=931 width=121)
	              Recheck Cond: ((id >= 9498577) AND (id <= 9499576))
	              ->  Bitmap Index Scan on sbtest8_pkey  (cost=0.00..33.75 rows=931 width=0)
	                    Index Cond: ((id >= 9498577) AND (id <= 9499576))

for: order_ranges
table 1 : explain SELECT c FROM sbtest1 WHERE id BETWEEN 5847848 AND 5848847 ORDER BY c
	Sort  (cost=3989.28..3991.82 rows=1016 width=121)
	  Sort Key: c
	  ->  Bitmap Heap Scan on sbtest1  (cost=34.85..3938.54 rows=1016 width=121)
	        Recheck Cond: ((id >= 5847848) AND (id <= 5848847))
	        ->  Bitmap Index Scan on sbtest1_pkey  (cost=0.00..34.59 rows=1016 width=0)
	              Index Cond: ((id >= 5847848) AND (id <= 5848847))

table 2 : explain SELECT c FROM sbtest2 WHERE id BETWEEN 71541 AND 72540 ORDER BY c
	Sort  (cost=4325.82..4328.58 rows=1104 width=121)
	  Sort Key: c
	  ->  Bitmap Heap Scan on sbtest2  (cost=39.75..4270.02 rows=1104 width=121)
	        Recheck Cond: ((id >= 71541) AND (id <= 72540))
	        ->  Bitmap Index Scan on sbtest2_pkey  (cost=0.00..39.48 rows=1104 width=0)
	              Index Cond: ((id >= 71541) AND (id <= 72540))

table 3 : explain SELECT c FROM sbtest3 WHERE id BETWEEN 6432966 AND 6433965 ORDER BY c
	Sort  (cost=4026.38..4028.94 rows=1025 width=121)
	  Sort Key: c
	  ->  Bitmap Heap Scan on sbtest3  (cost=34.94..3975.12 rows=1025 width=121)
	        Recheck Cond: ((id >= 6432966) AND (id <= 6433965))
	        ->  Bitmap Index Scan on sbtest3_pkey  (cost=0.00..34.69 rows=1025 width=0)
	              Index Cond: ((id >= 6432966) AND (id <= 6433965))

table 4 : explain SELECT c FROM sbtest4 WHERE id BETWEEN 9287211 AND 9288210 ORDER BY c
	Sort  (cost=4015.18..4017.74 rows=1022 width=121)
	  Sort Key: c
	  ->  Bitmap Heap Scan on sbtest4  (cost=34.91..3964.10 rows=1022 width=121)
	        Recheck Cond: ((id >= 9287211) AND (id <= 9288210))
	        ->  Bitmap Index Scan on sbtest4_pkey  (cost=0.00..34.66 rows=1022 width=0)
	              Index Cond: ((id >= 9287211) AND (id <= 9288210))

table 5 : explain SELECT c FROM sbtest5 WHERE id BETWEEN 7459295 AND 7460294 ORDER BY c
	Sort  (cost=3727.11..3729.48 rows=947 width=121)
	  Sort Key: c
	  ->  Bitmap Heap Scan on sbtest5  (cost=34.14..3680.30 rows=947 width=121)
	        Recheck Cond: ((id >= 7459295) AND (id <= 7460294))
	        ->  Bitmap Index Scan on sbtest5_pkey  (cost=0.00..33.91 rows=947 width=0)
	              Index Cond: ((id >= 7459295) AND (id <= 7460294))

table 6 : explain SELECT c FROM sbtest6 WHERE id BETWEEN 4533207 AND 4534206 ORDER BY c
	Sort  (cost=3839.13..3841.57 rows=977 width=121)
	  Sort Key: c
	  ->  Bitmap Heap Scan on sbtest6  (cost=34.45..3790.61 rows=977 width=121)
	        Recheck Cond: ((id >= 4533207) AND (id <= 4534206))
	        ->  Bitmap Index Scan on sbtest6_pkey  (cost=0.00..34.20 rows=977 width=0)
	              Index Cond: ((id >= 4533207) AND (id <= 4534206))

table 7 : explain SELECT c FROM sbtest7 WHERE id BETWEEN 3065995 AND 3066994 ORDER BY c
	Sort  (cost=3749.30..3751.69 rows=953 width=121)
	  Sort Key: c
	  ->  Bitmap Heap Scan on sbtest7  (cost=34.20..3702.15 rows=953 width=121)
	        Recheck Cond: ((id >= 3065995) AND (id <= 3066994))
	        ->  Bitmap Index Scan on sbtest7_pkey  (cost=0.00..33.97 rows=953 width=0)
	              Index Cond: ((id >= 3065995) AND (id <= 3066994))

table 8 : explain SELECT c FROM sbtest8 WHERE id BETWEEN 8520120 AND 8521119 ORDER BY c
	Sort  (cost=3703.79..3706.14 rows=942 width=121)
	  Sort Key: c
	  ->  Bitmap Heap Scan on sbtest8  (cost=34.09..3657.26 rows=942 width=121)
	        Recheck Cond: ((id >= 8520120) AND (id <= 8521119))
	        ->  Bitmap Index Scan on sbtest8_pkey  (cost=0.00..33.86 rows=942 width=0)
	              Index Cond: ((id >= 8520120) AND (id <= 8521119))

for: simple_ranges
table 1 : explain SELECT c FROM sbtest1 WHERE id BETWEEN 2509784 AND 2510783
	Bitmap Heap Scan on sbtest1  (cost=34.57..3836.66 rows=989 width=121)
	  Recheck Cond: ((id >= 2509784) AND (id <= 2510783))
	  ->  Bitmap Index Scan on sbtest1_pkey  (cost=0.00..34.33 rows=989 width=0)
	        Index Cond: ((id >= 2509784) AND (id <= 2510783))

table 2 : explain SELECT c FROM sbtest2 WHERE id BETWEEN 7960186 AND 7961185
	Bitmap Heap Scan on sbtest2  (cost=34.00..3621.98 rows=933 width=121)
	  Recheck Cond: ((id >= 7960186) AND (id <= 7961185))
	  ->  Bitmap Index Scan on sbtest2_pkey  (cost=0.00..33.77 rows=933 width=0)
	        Index Cond: ((id >= 7960186) AND (id <= 7961185))

table 3 : explain SELECT c FROM sbtest3 WHERE id BETWEEN 293147 AND 294146
	Bitmap Heap Scan on sbtest3  (cost=34.76..3907.16 rows=1007 width=121)
	  Recheck Cond: ((id >= 293147) AND (id <= 294146))
	  ->  Bitmap Index Scan on sbtest3_pkey  (cost=0.00..34.51 rows=1007 width=0)
	        Index Cond: ((id >= 293147) AND (id <= 294146))

table 4 : explain SELECT c FROM sbtest4 WHERE id BETWEEN 778218 AND 779217
	Bitmap Heap Scan on sbtest4  (cost=40.19..4439.07 rows=1147 width=121)
	  Recheck Cond: ((id >= 778218) AND (id <= 779217))
	  ->  Bitmap Index Scan on sbtest4_pkey  (cost=0.00..39.91 rows=1147 width=0)
	        Index Cond: ((id >= 778218) AND (id <= 779217))

table 5 : explain SELECT c FROM sbtest5 WHERE id BETWEEN 7845756 AND 7846755
	Bitmap Heap Scan on sbtest5  (cost=29.60..3475.56 rows=894 width=121)
	  Recheck Cond: ((id >= 7845756) AND (id <= 7846755))
	  ->  Bitmap Index Scan on sbtest5_pkey  (cost=0.00..29.37 rows=894 width=0)
	        Index Cond: ((id >= 7845756) AND (id <= 7846755))

table 6 : explain SELECT c FROM sbtest6 WHERE id BETWEEN 3382091 AND 3383090
	Bitmap Heap Scan on sbtest6  (cost=34.28..3726.41 rows=960 width=121)
	  Recheck Cond: ((id >= 3382091) AND (id <= 3383090))
	  ->  Bitmap Index Scan on sbtest6_pkey  (cost=0.00..34.04 rows=960 width=0)
	        Index Cond: ((id >= 3382091) AND (id <= 3383090))

table 7 : explain SELECT c FROM sbtest7 WHERE id BETWEEN 1850421 AND 1851420
	Bitmap Heap Scan on sbtest7  (cost=34.91..3962.81 rows=1022 width=121)
	  Recheck Cond: ((id >= 1850421) AND (id <= 1851420))
	  ->  Bitmap Index Scan on sbtest7_pkey  (cost=0.00..34.66 rows=1022 width=0)
	        Index Cond: ((id >= 1850421) AND (id <= 1851420))

table 8 : explain SELECT c FROM sbtest8 WHERE id BETWEEN 5749290 AND 5750289
	Bitmap Heap Scan on sbtest8  (cost=35.14..4041.97 rows=1044 width=121)
	  Recheck Cond: ((id >= 5749290) AND (id <= 5750289))
	  ->  Bitmap Index Scan on sbtest8_pkey  (cost=0.00..34.88 rows=1044 width=0)
	        Index Cond: ((id >= 5749290) AND (id <= 5750289))

explain: for point_selects :: explain SELECT c FROM sbtest%u WHERE id=%u
for: sum_ranges
table 1 : explain SELECT SUM(k) FROM sbtest1 WHERE id BETWEEN 3780343 AND 3781342
	Aggregate  (cost=4076.87..4076.88 rows=1 width=8)
	  ->  Bitmap Heap Scan on sbtest1  (cost=35.22..4074.24 rows=1052 width=4)
	        Recheck Cond: ((id >= 3780343) AND (id <= 3781342))
	        ->  Bitmap Index Scan on sbtest1_pkey  (cost=0.00..34.95 rows=1052 width=0)
	              Index Cond: ((id >= 3780343) AND (id <= 3781342))

table 2 : explain SELECT SUM(k) FROM sbtest2 WHERE id BETWEEN 3193524 AND 3194523
	Aggregate  (cost=3684.77..3684.78 rows=1 width=8)
	  ->  Bitmap Heap Scan on sbtest2  (cost=34.16..3682.40 rows=949 width=4)
	        Recheck Cond: ((id >= 3193524) AND (id <= 3194523))
	        ->  Bitmap Index Scan on sbtest2_pkey  (cost=0.00..33.93 rows=949 width=0)
	              Index Cond: ((id >= 3193524) AND (id <= 3194523))

table 3 : explain SELECT SUM(k) FROM sbtest3 WHERE id BETWEEN 5212679 AND 5213678
	Aggregate  (cost=3610.73..3610.74 rows=1 width=8)
	  ->  Bitmap Heap Scan on sbtest3  (cost=33.95..3608.41 rows=928 width=4)
	        Recheck Cond: ((id >= 5212679) AND (id <= 5213678))
	        ->  Bitmap Index Scan on sbtest3_pkey  (cost=0.00..33.72 rows=928 width=0)
	              Index Cond: ((id >= 5212679) AND (id <= 5213678))

table 4 : explain SELECT SUM(k) FROM sbtest4 WHERE id BETWEEN 9376976 AND 9377975
	Aggregate  (cost=3421.15..3421.16 rows=1 width=8)
	  ->  Bitmap Heap Scan on sbtest4  (cost=29.44..3418.95 rows=879 width=4)
	        Recheck Cond: ((id >= 9376976) AND (id <= 9377975))
	        ->  Bitmap Index Scan on sbtest4_pkey  (cost=0.00..29.22 rows=879 width=0)
	              Index Cond: ((id >= 9376976) AND (id <= 9377975))

table 5 : explain SELECT SUM(k) FROM sbtest5 WHERE id BETWEEN 3027459 AND 3028458
	Aggregate  (cost=4155.02..4155.03 rows=1 width=8)
	  ->  Bitmap Heap Scan on sbtest5  (cost=35.42..4152.34 rows=1072 width=4)
	        Recheck Cond: ((id >= 3027459) AND (id <= 3028458))
	        ->  Bitmap Index Scan on sbtest5_pkey  (cost=0.00..35.16 rows=1072 width=0)
	              Index Cond: ((id >= 3027459) AND (id <= 3028458))

table 6 : explain SELECT SUM(k) FROM sbtest6 WHERE id BETWEEN 9962346 AND 9963345
	Aggregate  (cost=3777.94..3777.95 rows=1 width=8)
	  ->  Bitmap Heap Scan on sbtest6  (cost=34.41..3775.51 rows=973 width=4)
	        Recheck Cond: ((id >= 9962346) AND (id <= 9963345))
	        ->  Bitmap Index Scan on sbtest6_pkey  (cost=0.00..34.17 rows=973 width=0)
	              Index Cond: ((id >= 9962346) AND (id <= 9963345))

table 7 : explain SELECT SUM(k) FROM sbtest7 WHERE id BETWEEN 2916603 AND 2917602
	Aggregate  (cost=3696.96..3696.97 rows=1 width=8)
	  ->  Bitmap Heap Scan on sbtest7  (cost=34.18..3694.58 rows=951 width=4)
	        Recheck Cond: ((id >= 2916603) AND (id <= 2917602))
	        ->  Bitmap Index Scan on sbtest7_pkey  (cost=0.00..33.95 rows=951 width=0)
	              Index Cond: ((id >= 2916603) AND (id <= 2917602))

table 8 : explain SELECT SUM(k) FROM sbtest8 WHERE id BETWEEN 2439983 AND 2440982
	Aggregate  (cost=3863.58..3863.59 rows=1 width=8)
	  ->  Bitmap Heap Scan on sbtest8  (cost=34.64..3861.09 rows=996 width=4)
	        Recheck Cond: ((id >= 2439983) AND (id <= 2440982))
	        ->  Bitmap Index Scan on sbtest8_pkey  (cost=0.00..34.40 rows=996 width=0)
	              Index Cond: ((id >= 2439983) AND (id <= 2440982))

for: simple_ranges
table 1 : explain SELECT c FROM sbtest1 WHERE id BETWEEN 9055076 AND 9056075
	Bitmap Heap Scan on sbtest1  (cost=34.40..3772.46 rows=972 width=121)
	  Recheck Cond: ((id >= 9055076) AND (id <= 9056075))
	  ->  Bitmap Index Scan on sbtest1_pkey  (cost=0.00..34.16 rows=972 width=0)
	        Index Cond: ((id >= 9055076) AND (id <= 9056075))

table 2 : explain SELECT c FROM sbtest2 WHERE id BETWEEN 2908414 AND 2909413
	Bitmap Heap Scan on sbtest2  (cost=35.59..4205.91 rows=1088 width=121)
	  Recheck Cond: ((id >= 2908414) AND (id <= 2909413))
	  ->  Bitmap Index Scan on sbtest2_pkey  (cost=0.00..35.32 rows=1088 width=0)
	        Index Cond: ((id >= 2908414) AND (id <= 2909413))

table 3 : explain SELECT c FROM sbtest3 WHERE id BETWEEN 7534762 AND 7535761
	Bitmap Heap Scan on sbtest3  (cost=34.24..3718.17 rows=957 width=121)
	  Recheck Cond: ((id >= 7534762) AND (id <= 7535761))
	  ->  Bitmap Index Scan on sbtest3_pkey  (cost=0.00..34.01 rows=957 width=0)
	        Index Cond: ((id >= 7534762) AND (id <= 7535761))

table 4 : explain SELECT c FROM sbtest4 WHERE id BETWEEN 3148882 AND 3149881
	Bitmap Heap Scan on sbtest4  (cost=39.73..4269.73 rows=1102 width=121)
	  Recheck Cond: ((id >= 3148882) AND (id <= 3149881))
	  ->  Bitmap Index Scan on sbtest4_pkey  (cost=0.00..39.45 rows=1102 width=0)
	        Index Cond: ((id >= 3148882) AND (id <= 3149881))

table 5 : explain SELECT c FROM sbtest5 WHERE id BETWEEN 9212017 AND 9213016
	Bitmap Heap Scan on sbtest5  (cost=34.67..3876.90 rows=999 width=121)
	  Recheck Cond: ((id >= 9212017) AND (id <= 9213016))
	  ->  Bitmap Index Scan on sbtest5_pkey  (cost=0.00..34.43 rows=999 width=0)
	        Index Cond: ((id >= 9212017) AND (id <= 9213016))

table 6 : explain SELECT c FROM sbtest6 WHERE id BETWEEN 1943129 AND 1944128
	Bitmap Heap Scan on sbtest6  (cost=34.70..3881.19 rows=1001 width=121)
	  Recheck Cond: ((id >= 1943129) AND (id <= 1944128))
	  ->  Bitmap Index Scan on sbtest6_pkey  (cost=0.00..34.45 rows=1001 width=0)
	        Index Cond: ((id >= 1943129) AND (id <= 1944128))

table 7 : explain SELECT c FROM sbtest7 WHERE id BETWEEN 119922 AND 120921
	Bitmap Heap Scan on sbtest7  (cost=34.24..3717.28 rows=957 width=121)
	  Recheck Cond: ((id >= 119922) AND (id <= 120921))
	  ->  Bitmap Index Scan on sbtest7_pkey  (cost=0.00..34.01 rows=957 width=0)
	        Index Cond: ((id >= 119922) AND (id <= 120921))

table 8 : explain SELECT c FROM sbtest8 WHERE id BETWEEN 8642230 AND 8643229
	Bitmap Heap Scan on sbtest8  (cost=34.70..3879.95 rows=1001 width=121)
	  Recheck Cond: ((id >= 8642230) AND (id <= 8643229))
	  ->  Bitmap Index Scan on sbtest8_pkey  (cost=0.00..34.45 rows=1001 width=0)
	        Index Cond: ((id >= 8642230) AND (id <= 8643229))

for: simple_ranges
table 1 : explain SELECT c FROM sbtest1 WHERE id BETWEEN 4085009 AND 4086008
	Bitmap Heap Scan on sbtest1  (cost=35.49..4175.91 rows=1079 width=121)
	  Recheck Cond: ((id >= 4085009) AND (id <= 4086008))
	  ->  Bitmap Index Scan on sbtest1_pkey  (cost=0.00..35.23 rows=1079 width=0)
	        Index Cond: ((id >= 4085009) AND (id <= 4086008))

table 2 : explain SELECT c FROM sbtest2 WHERE id BETWEEN 5328195 AND 5329194
	Bitmap Heap Scan on sbtest2  (cost=34.08..3652.19 rows=941 width=121)
	  Recheck Cond: ((id >= 5328195) AND (id <= 5329194))
	  ->  Bitmap Index Scan on sbtest2_pkey  (cost=0.00..33.84 rows=941 width=0)
	        Index Cond: ((id >= 5328195) AND (id <= 5329194))

table 3 : explain SELECT c FROM sbtest3 WHERE id BETWEEN 2840115 AND 2841114
	Bitmap Heap Scan on sbtest3  (cost=34.67..3876.94 rows=999 width=121)
	  Recheck Cond: ((id >= 2840115) AND (id <= 2841114))
	  ->  Bitmap Index Scan on sbtest3_pkey  (cost=0.00..34.43 rows=999 width=0)
	        Index Cond: ((id >= 2840115) AND (id <= 2841114))

table 4 : explain SELECT c FROM sbtest4 WHERE id BETWEEN 4185484 AND 4186483
	Bitmap Heap Scan on sbtest4  (cost=35.14..4047.12 rows=1044 width=121)
	  Recheck Cond: ((id >= 4185484) AND (id <= 4186483))
	  ->  Bitmap Index Scan on sbtest4_pkey  (cost=0.00..34.88 rows=1044 width=0)
	        Index Cond: ((id >= 4185484) AND (id <= 4186483))

table 5 : explain SELECT c FROM sbtest5 WHERE id BETWEEN 2245544 AND 2246543
	Bitmap Heap Scan on sbtest5  (cost=34.33..3748.39 rows=965 width=121)
	  Recheck Cond: ((id >= 2245544) AND (id <= 2246543))
	  ->  Bitmap Index Scan on sbtest5_pkey  (cost=0.00..34.09 rows=965 width=0)
	        Index Cond: ((id >= 2245544) AND (id <= 2246543))

table 6 : explain SELECT c FROM sbtest6 WHERE id BETWEEN 1944788 AND 1945787
	Bitmap Heap Scan on sbtest6  (cost=34.70..3881.19 rows=1001 width=121)
	  Recheck Cond: ((id >= 1944788) AND (id <= 1945787))
	  ->  Bitmap Index Scan on sbtest6_pkey  (cost=0.00..34.45 rows=1001 width=0)
	        Index Cond: ((id >= 1944788) AND (id <= 1945787))

table 7 : explain SELECT c FROM sbtest7 WHERE id BETWEEN 6910056 AND 6911055
	Bitmap Heap Scan on sbtest7  (cost=35.34..4121.18 rows=1064 width=121)
	  Recheck Cond: ((id >= 6910056) AND (id <= 6911055))
	  ->  Bitmap Index Scan on sbtest7_pkey  (cost=0.00..35.08 rows=1064 width=0)
	        Index Cond: ((id >= 6910056) AND (id <= 6911055))

table 8 : explain SELECT c FROM sbtest8 WHERE id BETWEEN 464134 AND 465133
	Bitmap Heap Scan on sbtest8  (cost=29.67..3498.24 rows=901 width=121)
	  Recheck Cond: ((id >= 464134) AND (id <= 465133))
	  ->  Bitmap Index Scan on sbtest8_pkey  (cost=0.00..29.44 rows=901 width=0)
	        Index Cond: ((id >= 464134) AND (id <= 465133))

for: order_ranges
table 1 : explain SELECT c FROM sbtest1 WHERE id BETWEEN 2343763 AND 2344762 ORDER BY c
	Sort  (cost=4604.52..4607.46 rows=1177 width=121)
	  Sort Key: c
	  ->  Bitmap Heap Scan on sbtest1  (cost=40.50..4544.48 rows=1177 width=121)
	        Recheck Cond: ((id >= 2343763) AND (id <= 2344762))
	        ->  Bitmap Index Scan on sbtest1_pkey  (cost=0.00..40.20 rows=1177 width=0)
	              Index Cond: ((id >= 2343763) AND (id <= 2344762))

table 2 : explain SELECT c FROM sbtest2 WHERE id BETWEEN 9393623 AND 9394622 ORDER BY c
	Sort  (cost=3414.53..3416.70 rows=868 width=121)
	  Sort Key: c
	  ->  Bitmap Heap Scan on sbtest2  (cost=29.33..3372.16 rows=868 width=121)
	        Recheck Cond: ((id >= 9393623) AND (id <= 9394622))
	        ->  Bitmap Index Scan on sbtest2_pkey  (cost=0.00..29.11 rows=868 width=0)
	              Index Cond: ((id >= 9393623) AND (id <= 9394622))

table 3 : explain SELECT c FROM sbtest3 WHERE id BETWEEN 7922299 AND 7923298 ORDER BY c
	Sort  (cost=3911.37..3913.86 rows=995 width=121)
	  Sort Key: c
	  ->  Bitmap Heap Scan on sbtest3  (cost=34.63..3861.83 rows=995 width=121)
	        Recheck Cond: ((id >= 7922299) AND (id <= 7923298))
	        ->  Bitmap Index Scan on sbtest3_pkey  (cost=0.00..34.39 rows=995 width=0)
	              Index Cond: ((id >= 7922299) AND (id <= 7923298))

table 4 : explain SELECT c FROM sbtest4 WHERE id BETWEEN 4440083 AND 4441082 ORDER BY c
	Sort  (cost=4145.42..4148.06 rows=1056 width=121)
	  Sort Key: c
	  ->  Bitmap Heap Scan on sbtest4  (cost=35.26..4092.39 rows=1056 width=121)
	        Recheck Cond: ((id >= 4440083) AND (id <= 4441082))
	        ->  Bitmap Index Scan on sbtest4_pkey  (cost=0.00..35.00 rows=1056 width=0)
	              Index Cond: ((id >= 4440083) AND (id <= 4441082))

table 5 : explain SELECT c FROM sbtest5 WHERE id BETWEEN 6738648 AND 6739647 ORDER BY c
	Sort  (cost=3715.59..3717.95 rows=944 width=121)
	  Sort Key: c
	  ->  Bitmap Heap Scan on sbtest5  (cost=34.11..3668.94 rows=944 width=121)
	        Recheck Cond: ((id >= 6738648) AND (id <= 6739647))
	        ->  Bitmap Index Scan on sbtest5_pkey  (cost=0.00..33.88 rows=944 width=0)
	              Index Cond: ((id >= 6738648) AND (id <= 6739647))

table 6 : explain SELECT c FROM sbtest6 WHERE id BETWEEN 971128 AND 972127 ORDER BY c
	Sort  (cost=3781.63..3784.04 rows=962 width=121)
	  Sort Key: c
	  ->  Bitmap Heap Scan on sbtest6  (cost=34.30..3733.97 rows=962 width=121)
	        Recheck Cond: ((id >= 971128) AND (id <= 972127))
	        ->  Bitmap Index Scan on sbtest6_pkey  (cost=0.00..34.06 rows=962 width=0)
	              Index Cond: ((id >= 971128) AND (id <= 972127))

table 7 : explain SELECT c FROM sbtest7 WHERE id BETWEEN 4534959 AND 4535958 ORDER BY c
	Sort  (cost=3891.26..3893.73 rows=990 width=121)
	  Sort Key: c
	  ->  Bitmap Heap Scan on sbtest7  (cost=34.58..3842.00 rows=990 width=121)
	        Recheck Cond: ((id >= 4534959) AND (id <= 4535958))
	        ->  Bitmap Index Scan on sbtest7_pkey  (cost=0.00..34.34 rows=990 width=0)
	              Index Cond: ((id >= 4534959) AND (id <= 4535958))

table 8 : explain SELECT c FROM sbtest8 WHERE id BETWEEN 256623 AND 257622 ORDER BY c
	Sort  (cost=3569.33..3571.60 rows=908 width=121)
	  Sort Key: c
	  ->  Bitmap Heap Scan on sbtest8  (cost=29.74..3524.72 rows=908 width=121)
	        Recheck Cond: ((id >= 256623) AND (id <= 257622))
	        ->  Bitmap Index Scan on sbtest8_pkey  (cost=0.00..29.51 rows=908 width=0)
	              Index Cond: ((id >= 256623) AND (id <= 257622))

for: distinct_ranges
table 1 : explain SELECT DISTINCT c FROM sbtest1 WHERE id BETWEEN 5396047 AND 5397046 ORDER BY c
	Unique  (cost=4214.98..4220.36 rows=1075 width=121)
	  ->  Sort  (cost=4214.98..4217.67 rows=1075 width=121)
	        Sort Key: c
	        ->  Bitmap Heap Scan on sbtest1  (cost=35.45..4160.86 rows=1075 width=121)
	              Recheck Cond: ((id >= 5396047) AND (id <= 5397046))
	              ->  Bitmap Index Scan on sbtest1_pkey  (cost=0.00..35.19 rows=1075 width=0)
	                    Index Cond: ((id >= 5396047) AND (id <= 5397046))

table 2 : explain SELECT DISTINCT c FROM sbtest2 WHERE id BETWEEN 9802493 AND 9803492 ORDER BY c
	Unique  (cost=4062.24..4067.42 rows=1036 width=121)
	  ->  Sort  (cost=4062.24..4064.83 rows=1036 width=121)
	        Sort Key: c
	        ->  Bitmap Heap Scan on sbtest2  (cost=35.05..4010.35 rows=1036 width=121)
	              Recheck Cond: ((id >= 9802493) AND (id <= 9803492))
	              ->  Bitmap Index Scan on sbtest2_pkey  (cost=0.00..34.80 rows=1036 width=0)
	                    Index Cond: ((id >= 9802493) AND (id <= 9803492))

table 3 : explain SELECT DISTINCT c FROM sbtest3 WHERE id BETWEEN 2748808 AND 2749807 ORDER BY c
	Unique  (cost=3673.36..3678.03 rows=933 width=121)
	  ->  Sort  (cost=3673.36..3675.70 rows=933 width=121)
	        Sort Key: c
	        ->  Bitmap Heap Scan on sbtest3  (cost=34.00..3627.34 rows=933 width=121)
	              Recheck Cond: ((id >= 2748808) AND (id <= 2749807))
	              ->  Bitmap Index Scan on sbtest3_pkey  (cost=0.00..33.77 rows=933 width=0)
	                    Index Cond: ((id >= 2748808) AND (id <= 2749807))

table 4 : explain SELECT DISTINCT c FROM sbtest4 WHERE id BETWEEN 6557642 AND 6558641 ORDER BY c
	Unique  (cost=3819.57..3824.43 rows=971 width=121)
	  ->  Sort  (cost=3819.57..3822.00 rows=971 width=121)
	        Sort Key: c
	        ->  Bitmap Heap Scan on sbtest4  (cost=34.39..3771.40 rows=971 width=121)
	              Recheck Cond: ((id >= 6557642) AND (id <= 6558641))
	              ->  Bitmap Index Scan on sbtest4_pkey  (cost=0.00..34.15 rows=971 width=0)
	                    Index Cond: ((id >= 6557642) AND (id <= 6558641))

table 5 : explain SELECT DISTINCT c FROM sbtest5 WHERE id BETWEEN 8459761 AND 8460760 ORDER BY c
	Unique  (cost=4056.99..4062.15 rows=1033 width=121)
	  ->  Sort  (cost=4056.99..4059.57 rows=1033 width=121)
	        Sort Key: c
	        ->  Bitmap Heap Scan on sbtest5  (cost=35.02..4005.27 rows=1033 width=121)
	              Recheck Cond: ((id >= 8459761) AND (id <= 8460760))
	              ->  Bitmap Index Scan on sbtest5_pkey  (cost=0.00..34.77 rows=1033 width=0)
	                    Index Cond: ((id >= 8459761) AND (id <= 8460760))

table 6 : explain SELECT DISTINCT c FROM sbtest6 WHERE id BETWEEN 3996799 AND 3997798 ORDER BY c
	Unique  (cost=3674.23..3678.90 rows=934 width=121)
	  ->  Sort  (cost=3674.23..3676.56 rows=934 width=121)
	        Sort Key: c
	        ->  Bitmap Heap Scan on sbtest6  (cost=34.01..3628.15 rows=934 width=121)
	              Recheck Cond: ((id >= 3996799) AND (id <= 3997798))
	              ->  Bitmap Index Scan on sbtest6_pkey  (cost=0.00..33.78 rows=934 width=0)
	                    Index Cond: ((id >= 3996799) AND (id <= 3997798))

table 7 : explain SELECT DISTINCT c FROM sbtest7 WHERE id BETWEEN 5916077 AND 5917076 ORDER BY c
	Unique  (cost=4274.11..4279.56 rows=1090 width=121)
	  ->  Sort  (cost=4274.11..4276.83 rows=1090 width=121)
	        Sort Key: c
	        ->  Bitmap Heap Scan on sbtest7  (cost=35.61..4219.12 rows=1090 width=121)
	              Recheck Cond: ((id >= 5916077) AND (id <= 5917076))
	              ->  Bitmap Index Scan on sbtest7_pkey  (cost=0.00..35.34 rows=1090 width=0)
	                    Index Cond: ((id >= 5916077) AND (id <= 5917076))

table 8 : explain SELECT DISTINCT c FROM sbtest8 WHERE id BETWEEN 6948102 AND 6949101 ORDER BY c
	Unique  (cost=3918.35..3923.34 rows=998 width=121)
	  ->  Sort  (cost=3918.35..3920.84 rows=998 width=121)
	        Sort Key: c
	        ->  Bitmap Heap Scan on sbtest8  (cost=34.66..3868.63 rows=998 width=121)
	              Recheck Cond: ((id >= 6948102) AND (id <= 6949101))
	              ->  Bitmap Index Scan on sbtest8_pkey  (cost=0.00..34.42 rows=998 width=0)
	                    Index Cond: ((id >= 6948102) AND (id <= 6949101))

for: sum_ranges
table 1 : explain SELECT SUM(k) FROM sbtest1 WHERE id BETWEEN 384579 AND 385578
	Aggregate  (cost=3937.31..3937.32 rows=1 width=8)
	  ->  Bitmap Heap Scan on sbtest1  (cost=34.84..3934.77 rows=1015 width=4)
	        Recheck Cond: ((id >= 384579) AND (id <= 385578))
	        ->  Bitmap Index Scan on sbtest1_pkey  (cost=0.00..34.59 rows=1015 width=0)
	              Index Cond: ((id >= 384579) AND (id <= 385578))

table 2 : explain SELECT SUM(k) FROM sbtest2 WHERE id BETWEEN 8131120 AND 8132119
	Aggregate  (cost=3764.07..3764.08 rows=1 width=8)
	  ->  Bitmap Heap Scan on sbtest2  (cost=34.38..3761.65 rows=970 width=4)
	        Recheck Cond: ((id >= 8131120) AND (id <= 8132119))
	        ->  Bitmap Index Scan on sbtest2_pkey  (cost=0.00..34.14 rows=970 width=0)
	              Index Cond: ((id >= 8131120) AND (id <= 8132119))

table 3 : explain SELECT SUM(k) FROM sbtest3 WHERE id BETWEEN 605310 AND 606309
	Aggregate  (cost=3868.10..3868.11 rows=1 width=8)
	  ->  Bitmap Heap Scan on sbtest3  (cost=34.64..3865.61 rows=996 width=4)
	        Recheck Cond: ((id >= 605310) AND (id <= 606309))
	        ->  Bitmap Index Scan on sbtest3_pkey  (cost=0.00..34.40 rows=996 width=0)
	              Index Cond: ((id >= 605310) AND (id <= 606309))

table 4 : explain SELECT SUM(k) FROM sbtest4 WHERE id BETWEEN 3869022 AND 3870021
	Aggregate  (cost=3595.83..3595.84 rows=1 width=8)
	  ->  Bitmap Heap Scan on sbtest4  (cost=33.91..3593.52 rows=924 width=4)
	        Recheck Cond: ((id >= 3869022) AND (id <= 3870021))
	        ->  Bitmap Index Scan on sbtest4_pkey  (cost=0.00..33.68 rows=924 width=0)
	              Index Cond: ((id >= 3869022) AND (id <= 3870021))

table 5 : explain SELECT SUM(k) FROM sbtest5 WHERE id BETWEEN 8287486 AND 8288485
	Aggregate  (cost=3739.45..3739.46 rows=1 width=8)
	  ->  Bitmap Heap Scan on sbtest5  (cost=34.30..3737.05 rows=962 width=4)
	        Recheck Cond: ((id >= 8287486) AND (id <= 8288485))
	        ->  Bitmap Index Scan on sbtest5_pkey  (cost=0.00..34.06 rows=962 width=0)
	              Index Cond: ((id >= 8287486) AND (id <= 8288485))

table 6 : explain SELECT SUM(k) FROM sbtest6 WHERE id BETWEEN 7963449 AND 7964448
	Aggregate  (cost=3910.11..3910.12 rows=1 width=8)
	  ->  Bitmap Heap Scan on sbtest6  (cost=34.77..3907.59 rows=1008 width=4)
	        Recheck Cond: ((id >= 7963449) AND (id <= 7964448))
	        ->  Bitmap Index Scan on sbtest6_pkey  (cost=0.00..34.52 rows=1008 width=0)
	              Index Cond: ((id >= 7963449) AND (id <= 7964448))

table 7 : explain SELECT SUM(k) FROM sbtest7 WHERE id BETWEEN 3264843 AND 3265842
	Aggregate  (cost=3659.11..3659.12 rows=1 width=8)
	  ->  Bitmap Heap Scan on sbtest7  (cost=34.08..3656.75 rows=941 width=4)
	        Recheck Cond: ((id >= 3264843) AND (id <= 3265842))
	        ->  Bitmap Index Scan on sbtest7_pkey  (cost=0.00..33.84 rows=941 width=0)
	              Index Cond: ((id >= 3264843) AND (id <= 3265842))

table 8 : explain SELECT SUM(k) FROM sbtest8 WHERE id BETWEEN 3045001 AND 3046000
	Aggregate  (cost=3693.63..3693.64 rows=1 width=8)
	  ->  Bitmap Heap Scan on sbtest8  (cost=34.18..3691.26 rows=951 width=4)
	        Recheck Cond: ((id >= 3045001) AND (id <= 3046000))
	        ->  Bitmap Index Scan on sbtest8_pkey  (cost=0.00..33.95 rows=951 width=0)
	              Index Cond: ((id >= 3045001) AND (id <= 3046000))

for: distinct_ranges
table 1 : explain SELECT DISTINCT c FROM sbtest1 WHERE id BETWEEN 8566752 AND 8567751 ORDER BY c
	Unique  (cost=3847.53..3852.43 rows=979 width=121)
	  ->  Sort  (cost=3847.53..3849.98 rows=979 width=121)
	        Sort Key: c
	        ->  Bitmap Heap Scan on sbtest1  (cost=34.47..3798.90 rows=979 width=121)
	              Recheck Cond: ((id >= 8566752) AND (id <= 8567751))
	              ->  Bitmap Index Scan on sbtest1_pkey  (cost=0.00..34.23 rows=979 width=0)
	                    Index Cond: ((id >= 8566752) AND (id <= 8567751))

table 2 : explain SELECT DISTINCT c FROM sbtest2 WHERE id BETWEEN 6447128 AND 6448127 ORDER BY c
	Unique  (cost=3978.14..3983.21 rows=1014 width=121)
	  ->  Sort  (cost=3978.14..3980.68 rows=1014 width=121)
	        Sort Key: c
	        ->  Bitmap Heap Scan on sbtest2  (cost=34.83..3927.51 rows=1014 width=121)
	              Recheck Cond: ((id >= 6447128) AND (id <= 6448127))
	              ->  Bitmap Index Scan on sbtest2_pkey  (cost=0.00..34.58 rows=1014 width=0)
	                    Index Cond: ((id >= 6447128) AND (id <= 6448127))

table 3 : explain SELECT DISTINCT c FROM sbtest3 WHERE id BETWEEN 8487551 AND 8488550 ORDER BY c
	Unique  (cost=4313.61..4319.10 rows=1099 width=121)
	  ->  Sort  (cost=4313.61..4316.36 rows=1099 width=121)
	        Sort Key: c
	        ->  Bitmap Heap Scan on sbtest3  (cost=39.70..4258.10 rows=1099 width=121)
	              Recheck Cond: ((id >= 8487551) AND (id <= 8488550))
	              ->  Bitmap Index Scan on sbtest3_pkey  (cost=0.00..39.43 rows=1099 width=0)
	                    Index Cond: ((id >= 8487551) AND (id <= 8488550))

table 4 : explain SELECT DISTINCT c FROM sbtest4 WHERE id BETWEEN 3561452 AND 3562451 ORDER BY c
	Unique  (cost=4084.15..4089.35 rows=1040 width=121)
	  ->  Sort  (cost=4084.15..4086.75 rows=1040 width=121)
	        Sort Key: c
	        ->  Bitmap Heap Scan on sbtest4  (cost=35.09..4032.03 rows=1040 width=121)
	              Recheck Cond: ((id >= 3561452) AND (id <= 3562451))
	              ->  Bitmap Index Scan on sbtest4_pkey  (cost=0.00..34.84 rows=1040 width=0)
	                    Index Cond: ((id >= 3561452) AND (id <= 3562451))

table 5 : explain SELECT DISTINCT c FROM sbtest5 WHERE id BETWEEN 8737064 AND 8738063 ORDER BY c
	Unique  (cost=3823.10..3827.96 rows=972 width=121)
	  ->  Sort  (cost=3823.10..3825.53 rows=972 width=121)
	        Sort Key: c
	        ->  Bitmap Heap Scan on sbtest5  (cost=34.40..3774.86 rows=972 width=121)
	              Recheck Cond: ((id >= 8737064) AND (id <= 8738063))
	              ->  Bitmap Index Scan on sbtest5_pkey  (cost=0.00..34.16 rows=972 width=0)
	                    Index Cond: ((id >= 8737064) AND (id <= 8738063))

table 6 : explain SELECT DISTINCT c FROM sbtest6 WHERE id BETWEEN 2231944 AND 2232943 ORDER BY c
	Unique  (cost=4038.25..4043.40 rows=1029 width=121)
	  ->  Sort  (cost=4038.25..4040.83 rows=1029 width=121)
	        Sort Key: c
	        ->  Bitmap Heap Scan on sbtest6  (cost=34.98..3986.77 rows=1029 width=121)
	              Recheck Cond: ((id >= 2231944) AND (id <= 2232943))
	              ->  Bitmap Index Scan on sbtest6_pkey  (cost=0.00..34.73 rows=1029 width=0)
	                    Index Cond: ((id >= 2231944) AND (id <= 2232943))

table 7 : explain SELECT DISTINCT c FROM sbtest7 WHERE id BETWEEN 1045529 AND 1046528 ORDER BY c
	Unique  (cost=3994.74..3999.83 rows=1017 width=121)
	  ->  Sort  (cost=3994.74..3997.28 rows=1017 width=121)
	        Sort Key: c
	        ->  Bitmap Heap Scan on sbtest7  (cost=34.86..3943.94 rows=1017 width=121)
	              Recheck Cond: ((id >= 1045529) AND (id <= 1046528))
	              ->  Bitmap Index Scan on sbtest7_pkey  (cost=0.00..34.61 rows=1017 width=0)
	                    Index Cond: ((id >= 1045529) AND (id <= 1046528))

table 8 : explain SELECT DISTINCT c FROM sbtest8 WHERE id BETWEEN 5457707 AND 5458706 ORDER BY c
	Unique  (cost=3960.45..3965.49 rows=1009 width=121)
	  ->  Sort  (cost=3960.45..3962.97 rows=1009 width=121)
	        Sort Key: c
	        ->  Bitmap Heap Scan on sbtest8  (cost=34.78..3910.11 rows=1009 width=121)
	              Recheck Cond: ((id >= 5457707) AND (id <= 5458706))
	              ->  Bitmap Index Scan on sbtest8_pkey  (cost=0.00..34.53 rows=1009 width=0)
	                    Index Cond: ((id >= 5457707) AND (id <= 5458706))

for: sum_ranges
table 1 : explain SELECT SUM(k) FROM sbtest1 WHERE id BETWEEN 3979581 AND 3980580
	Aggregate  (cost=3574.38..3574.39 rows=1 width=8)
	  ->  Bitmap Heap Scan on sbtest1  (cost=33.85..3572.09 rows=919 width=4)
	        Recheck Cond: ((id >= 3979581) AND (id <= 3980580))
	        ->  Bitmap Index Scan on sbtest1_pkey  (cost=0.00..33.62 rows=919 width=0)
	              Index Cond: ((id >= 3979581) AND (id <= 3980580))

table 2 : explain SELECT SUM(k) FROM sbtest2 WHERE id BETWEEN 9757841 AND 9758840
	Aggregate  (cost=3707.43..3707.44 rows=1 width=8)
	  ->  Bitmap Heap Scan on sbtest2  (cost=34.22..3705.05 rows=955 width=4)
	        Recheck Cond: ((id >= 9757841) AND (id <= 9758840))
	        ->  Bitmap Index Scan on sbtest2_pkey  (cost=0.00..33.98 rows=955 width=0)
	              Index Cond: ((id >= 9757841) AND (id <= 9758840))

table 3 : explain SELECT SUM(k) FROM sbtest3 WHERE id BETWEEN 8446429 AND 8447428
	Aggregate  (cost=4260.85..4260.86 rows=1 width=8)
	  ->  Bitmap Heap Scan on sbtest3  (cost=39.70..4258.10 rows=1099 width=4)
	        Recheck Cond: ((id >= 8446429) AND (id <= 8447428))
	        ->  Bitmap Index Scan on sbtest3_pkey  (cost=0.00..39.43 rows=1099 width=0)
	              Index Cond: ((id >= 8446429) AND (id <= 8447428))

table 4 : explain SELECT SUM(k) FROM sbtest4 WHERE id BETWEEN 6965866 AND 6966865
	Aggregate  (cost=3996.87..3996.88 rows=1 width=8)
	  ->  Bitmap Heap Scan on sbtest4  (cost=34.99..3994.29 rows=1030 width=4)
	        Recheck Cond: ((id >= 6965866) AND (id <= 6966865))
	        ->  Bitmap Index Scan on sbtest4_pkey  (cost=0.00..34.73 rows=1030 width=0)
	              Index Cond: ((id >= 6965866) AND (id <= 6966865))

table 5 : explain SELECT SUM(k) FROM sbtest5 WHERE id BETWEEN 4971621 AND 4972620
	Aggregate  (cost=3648.58..3648.59 rows=1 width=8)
	  ->  Bitmap Heap Scan on sbtest5  (cost=34.05..3646.24 rows=938 width=4)
	        Recheck Cond: ((id >= 4971621) AND (id <= 4972620))
	        ->  Bitmap Index Scan on sbtest5_pkey  (cost=0.00..33.82 rows=938 width=0)
	              Index Cond: ((id >= 4971621) AND (id <= 4972620))

table 6 : explain SELECT SUM(k) FROM sbtest6 WHERE id BETWEEN 5062982 AND 5063981
	Aggregate  (cost=4068.51..4068.52 rows=1 width=8)
	  ->  Bitmap Heap Scan on sbtest6  (cost=35.20..4065.89 rows=1050 width=4)
	        Recheck Cond: ((id >= 5062982) AND (id <= 5063981))
	        ->  Bitmap Index Scan on sbtest6_pkey  (cost=0.00..34.94 rows=1050 width=0)
	              Index Cond: ((id >= 5062982) AND (id <= 5063981))

table 7 : explain SELECT SUM(k) FROM sbtest7 WHERE id BETWEEN 6412434 AND 6413433
	Aggregate  (cost=4214.31..4214.32 rows=1 width=8)
	  ->  Bitmap Heap Scan on sbtest7  (cost=35.59..4211.59 rows=1088 width=4)
	        Recheck Cond: ((id >= 6412434) AND (id <= 6413433))
	        ->  Bitmap Index Scan on sbtest7_pkey  (cost=0.00..35.32 rows=1088 width=0)
	              Index Cond: ((id >= 6412434) AND (id <= 6413433))

table 8 : explain SELECT SUM(k) FROM sbtest8 WHERE id BETWEEN 5807530 AND 5808529
	Aggregate  (cost=4003.12..4003.13 rows=1 width=8)
	  ->  Bitmap Heap Scan on sbtest8  (cost=35.02..4000.54 rows=1033 width=4)
	        Recheck Cond: ((id >= 5807530) AND (id <= 5808529))
	        ->  Bitmap Index Scan on sbtest8_pkey  (cost=0.00..34.77 rows=1033 width=0)
	              Index Cond: ((id >= 5807530) AND (id <= 5808529))

for: order_ranges
table 1 : explain SELECT c FROM sbtest1 WHERE id BETWEEN 2623266 AND 2624265 ORDER BY c
	Sort  (cost=4214.98..4217.67 rows=1075 width=121)
	  Sort Key: c
	  ->  Bitmap Heap Scan on sbtest1  (cost=35.45..4160.86 rows=1075 width=121)
	        Recheck Cond: ((id >= 2623266) AND (id <= 2624265))
	        ->  Bitmap Index Scan on sbtest1_pkey  (cost=0.00..35.19 rows=1075 width=0)
	              Index Cond: ((id >= 2623266) AND (id <= 2624265))

table 2 : explain SELECT c FROM sbtest2 WHERE id BETWEEN 5766793 AND 5767792 ORDER BY c
	Sort  (cost=4218.81..4221.51 rows=1077 width=121)
	  Sort Key: c
	  ->  Bitmap Heap Scan on sbtest2  (cost=35.47..4164.57 rows=1077 width=121)
	        Recheck Cond: ((id >= 5766793) AND (id <= 5767792))
	        ->  Bitmap Index Scan on sbtest2_pkey  (cost=0.00..35.20 rows=1077 width=0)
	              Index Cond: ((id >= 5766793) AND (id <= 5767792))

table 3 : explain SELECT c FROM sbtest3 WHERE id BETWEEN 8743609 AND 8744608 ORDER BY c
	Sort  (cost=3919.04..3921.54 rows=997 width=121)
	  Sort Key: c
	  ->  Bitmap Heap Scan on sbtest3  (cost=34.65..3869.39 rows=997 width=121)
	        Recheck Cond: ((id >= 8743609) AND (id <= 8744608))
	        ->  Bitmap Index Scan on sbtest3_pkey  (cost=0.00..34.41 rows=997 width=0)
	              Index Cond: ((id >= 8743609) AND (id <= 8744608))

table 4 : explain SELECT c FROM sbtest4 WHERE id BETWEEN 1067326 AND 1068325 ORDER BY c
	Sort  (cost=3719.73..3722.10 rows=945 width=121)
	  Sort Key: c
	  ->  Bitmap Heap Scan on sbtest4  (cost=34.12..3673.03 rows=945 width=121)
	        Recheck Cond: ((id >= 1067326) AND (id <= 1068325))
	        ->  Bitmap Index Scan on sbtest4_pkey  (cost=0.00..33.89 rows=945 width=0)
	              Index Cond: ((id >= 1067326) AND (id <= 1068325))

table 5 : explain SELECT c FROM sbtest5 WHERE id BETWEEN 1170250 AND 1171249 ORDER BY c
	Sort  (cost=4045.49..4048.07 rows=1030 width=121)
	  Sort Key: c
	  ->  Bitmap Heap Scan on sbtest5  (cost=34.99..3993.95 rows=1030 width=121)
	        Recheck Cond: ((id >= 1170250) AND (id <= 1171249))
	        ->  Bitmap Index Scan on sbtest5_pkey  (cost=0.00..34.73 rows=1030 width=0)
	              Index Cond: ((id >= 1170250) AND (id <= 1171249))

table 6 : explain SELECT c FROM sbtest6 WHERE id BETWEEN 115815 AND 116814 ORDER BY c
	Sort  (cost=3689.58..3691.92 rows=938 width=121)
	  Sort Key: c
	  ->  Bitmap Heap Scan on sbtest6  (cost=34.05..3643.27 rows=938 width=121)
	        Recheck Cond: ((id >= 115815) AND (id <= 116814))
	        ->  Bitmap Index Scan on sbtest6_pkey  (cost=0.00..33.82 rows=938 width=0)
	              Index Cond: ((id >= 115815) AND (id <= 116814))

table 7 : explain SELECT c FROM sbtest7 WHERE id BETWEEN 9416500 AND 9417499 ORDER BY c
	Sort  (cost=3803.03..3805.45 rows=967 width=121)
	  Sort Key: c
	  ->  Bitmap Heap Scan on sbtest7  (cost=34.35..3755.08 rows=967 width=121)
	        Recheck Cond: ((id >= 9416500) AND (id <= 9417499))
	        ->  Bitmap Index Scan on sbtest7_pkey  (cost=0.00..34.11 rows=967 width=0)
	              Index Cond: ((id >= 9416500) AND (id <= 9417499))

table 8 : explain SELECT c FROM sbtest8 WHERE id BETWEEN 6678392 AND 6679391 ORDER BY c
	Sort  (cost=4250.94..4253.65 rows=1085 width=121)
	  Sort Key: c
	  ->  Bitmap Heap Scan on sbtest8  (cost=35.56..4196.23 rows=1085 width=121)
	        Recheck Cond: ((id >= 6678392) AND (id <= 6679391))
	        ->  Bitmap Index Scan on sbtest8_pkey  (cost=0.00..35.29 rows=1085 width=0)
	              Index Cond: ((id >= 6678392) AND (id <= 6679391))

for: distinct_ranges
table 1 : explain SELECT DISTINCT c FROM sbtest1 WHERE id BETWEEN 2406652 AND 2407651 ORDER BY c
	Unique  (cost=4604.52..4610.40 rows=1177 width=121)
	  ->  Sort  (cost=4604.52..4607.46 rows=1177 width=121)
	        Sort Key: c
	        ->  Bitmap Heap Scan on sbtest1  (cost=40.50..4544.48 rows=1177 width=121)
	              Recheck Cond: ((id >= 2406652) AND (id <= 2407651))
	              ->  Bitmap Index Scan on sbtest1_pkey  (cost=0.00..40.20 rows=1177 width=0)
	                    Index Cond: ((id >= 2406652) AND (id <= 2407651))

table 2 : explain SELECT DISTINCT c FROM sbtest2 WHERE id BETWEEN 1031980 AND 1032979 ORDER BY c
	Unique  (cost=4138.64..4143.92 rows=1056 width=121)
	  ->  Sort  (cost=4138.64..4141.28 rows=1056 width=121)
	        Sort Key: c
	        ->  Bitmap Heap Scan on sbtest2  (cost=35.26..4085.61 rows=1056 width=121)
	              Recheck Cond: ((id >= 1031980) AND (id <= 1032979))
	              ->  Bitmap Index Scan on sbtest2_pkey  (cost=0.00..35.00 rows=1056 width=0)
	                    Index Cond: ((id >= 1031980) AND (id <= 1032979))

table 3 : explain SELECT DISTINCT c FROM sbtest3 WHERE id BETWEEN 5217971 AND 5218970 ORDER BY c
	Unique  (cost=3654.15..3658.79 rows=928 width=121)
	  ->  Sort  (cost=3654.15..3656.47 rows=928 width=121)
	        Sort Key: c
	        ->  Bitmap Heap Scan on sbtest3  (cost=33.95..3608.41 rows=928 width=121)
	              Recheck Cond: ((id >= 5217971) AND (id <= 5218970))
	              ->  Bitmap Index Scan on sbtest3_pkey  (cost=0.00..33.72 rows=928 width=0)
	                    Index Cond: ((id >= 5217971) AND (id <= 5218970))

table 4 : explain SELECT DISTINCT c FROM sbtest4 WHERE id BETWEEN 4189918 AND 4190917 ORDER BY c
	Unique  (cost=4099.47..4104.69 rows=1044 width=121)
	  ->  Sort  (cost=4099.47..4102.08 rows=1044 width=121)
	        Sort Key: c
	        ->  Bitmap Heap Scan on sbtest4  (cost=35.14..4047.12 rows=1044 width=121)
	              Recheck Cond: ((id >= 4189918) AND (id <= 4190917))
	              ->  Bitmap Index Scan on sbtest4_pkey  (cost=0.00..34.88 rows=1044 width=0)
	                    Index Cond: ((id >= 4189918) AND (id <= 4190917))

table 5 : explain SELECT DISTINCT c FROM sbtest5 WHERE id BETWEEN 2690267 AND 2691266 ORDER BY c
	Unique  (cost=4106.78..4112.01 rows=1046 width=121)
	  ->  Sort  (cost=4106.78..4109.39 rows=1046 width=121)
	        Sort Key: c
	        ->  Bitmap Heap Scan on sbtest5  (cost=35.16..4054.32 rows=1046 width=121)
	              Recheck Cond: ((id >= 2690267) AND (id <= 2691266))
	              ->  Bitmap Index Scan on sbtest5_pkey  (cost=0.00..34.90 rows=1046 width=0)
	                    Index Cond: ((id >= 2690267) AND (id <= 2691266))

table 6 : explain SELECT DISTINCT c FROM sbtest6 WHERE id BETWEEN 6418330 AND 6419329 ORDER BY c
	Unique  (cost=3850.63..3855.53 rows=980 width=121)
	  ->  Sort  (cost=3850.63..3853.08 rows=980 width=121)
	        Sort Key: c
	        ->  Bitmap Heap Scan on sbtest6  (cost=34.48..3801.94 rows=980 width=121)
	              Recheck Cond: ((id >= 6418330) AND (id <= 6419329))
	              ->  Bitmap Index Scan on sbtest6_pkey  (cost=0.00..34.23 rows=980 width=0)
	                    Index Cond: ((id >= 6418330) AND (id <= 6419329))

table 7 : explain SELECT DISTINCT c FROM sbtest7 WHERE id BETWEEN 1337422 AND 1338421 ORDER BY c
	Unique  (cost=4216.75..4222.13 rows=1075 width=121)
	  ->  Sort  (cost=4216.75..4219.44 rows=1075 width=121)
	        Sort Key: c
	        ->  Bitmap Heap Scan on sbtest7  (cost=35.45..4162.63 rows=1075 width=121)
	              Recheck Cond: ((id >= 1337422) AND (id <= 1338421))
	              ->  Bitmap Index Scan on sbtest7_pkey  (cost=0.00..35.19 rows=1075 width=0)
	                    Index Cond: ((id >= 1337422) AND (id <= 1338421))

table 8 : explain SELECT DISTINCT c FROM sbtest8 WHERE id BETWEEN 5458308 AND 5459307 ORDER BY c
	Unique  (cost=3960.45..3965.49 rows=1009 width=121)
	  ->  Sort  (cost=3960.45..3962.97 rows=1009 width=121)
	        Sort Key: c
	        ->  Bitmap Heap Scan on sbtest8  (cost=34.78..3910.11 rows=1009 width=121)
	              Recheck Cond: ((id >= 5458308) AND (id <= 5459307))
	              ->  Bitmap Index Scan on sbtest8_pkey  (cost=0.00..34.53 rows=1009 width=0)
	                    Index Cond: ((id >= 5458308) AND (id <= 5459307))

for: sum_ranges
table 1 : explain SELECT SUM(k) FROM sbtest1 WHERE id BETWEEN 4106690 AND 4107689
	Aggregate  (cost=4178.61..4178.62 rows=1 width=8)
	  ->  Bitmap Heap Scan on sbtest1  (cost=35.49..4175.91 rows=1079 width=4)
	        Recheck Cond: ((id >= 4106690) AND (id <= 4107689))
	        ->  Bitmap Index Scan on sbtest1_pkey  (cost=0.00..35.23 rows=1079 width=0)
	              Index Cond: ((id >= 4106690) AND (id <= 4107689))

table 2 : explain SELECT SUM(k) FROM sbtest2 WHERE id BETWEEN 3105884 AND 3106883
	Aggregate  (cost=3612.97..3612.98 rows=1 width=8)
	  ->  Bitmap Heap Scan on sbtest2  (cost=33.97..3610.64 rows=930 width=4)
	        Recheck Cond: ((id >= 3105884) AND (id <= 3106883))
	        ->  Bitmap Index Scan on sbtest2_pkey  (cost=0.00..33.73 rows=930 width=0)
	              Index Cond: ((id >= 3105884) AND (id <= 3106883))

table 3 : explain SELECT SUM(k) FROM sbtest3 WHERE id BETWEEN 499669 AND 500668
	Aggregate  (cost=3591.78..3591.79 rows=1 width=8)
	  ->  Bitmap Heap Scan on sbtest3  (cost=33.90..3589.47 rows=923 width=4)
	        Recheck Cond: ((id >= 499669) AND (id <= 500668))
	        ->  Bitmap Index Scan on sbtest3_pkey  (cost=0.00..33.67 rows=923 width=0)
	              Index Cond: ((id >= 499669) AND (id <= 500668))

table 4 : explain SELECT SUM(k) FROM sbtest4 WHERE id BETWEEN 7664060 AND 7665059
	Aggregate  (cost=4113.89..4113.90 rows=1 width=8)
	  ->  Bitmap Heap Scan on sbtest4  (cost=35.31..4111.24 rows=1061 width=4)
	        Recheck Cond: ((id >= 7664060) AND (id <= 7665059))
	        ->  Bitmap Index Scan on sbtest4_pkey  (cost=0.00..35.05 rows=1061 width=0)
	              Index Cond: ((id >= 7664060) AND (id <= 7665059))

table 5 : explain SELECT SUM(k) FROM sbtest5 WHERE id BETWEEN 477940 AND 478939
	Aggregate  (cost=3886.96..3886.97 rows=1 width=8)
	  ->  Bitmap Heap Scan on sbtest5  (cost=34.70..3884.46 rows=1001 width=4)
	        Recheck Cond: ((id >= 477940) AND (id <= 478939))
	        ->  Bitmap Index Scan on sbtest5_pkey  (cost=0.00..34.45 rows=1001 width=0)
	              Index Cond: ((id >= 477940) AND (id <= 478939))

table 6 : explain SELECT SUM(k) FROM sbtest6 WHERE id BETWEEN 5600173 AND 5601172
	Aggregate  (cost=3898.79..3898.80 rows=1 width=8)
	  ->  Bitmap Heap Scan on sbtest6  (cost=34.74..3896.28 rows=1005 width=4)
	        Recheck Cond: ((id >= 5600173) AND (id <= 5601172))
	        ->  Bitmap Index Scan on sbtest6_pkey  (cost=0.00..34.48 rows=1005 width=0)
	              Index Cond: ((id >= 5600173) AND (id <= 5601172))

table 7 : explain SELECT SUM(k) FROM sbtest7 WHERE id BETWEEN 6425582 AND 6426581
	Aggregate  (cost=4214.31..4214.32 rows=1 width=8)
	  ->  Bitmap Heap Scan on sbtest7  (cost=35.59..4211.59 rows=1088 width=4)
	        Recheck Cond: ((id >= 6425582) AND (id <= 6426581))
	        ->  Bitmap Index Scan on sbtest7_pkey  (cost=0.00..35.32 rows=1088 width=0)
	              Index Cond: ((id >= 6425582) AND (id <= 6426581))

table 8 : explain SELECT SUM(k) FROM sbtest8 WHERE id BETWEEN 9728566 AND 9729565
	Aggregate  (cost=4183.90..4183.91 rows=1 width=8)
	  ->  Bitmap Heap Scan on sbtest8  (cost=35.52..4181.19 rows=1081 width=4)
	        Recheck Cond: ((id >= 9728566) AND (id <= 9729565))
	        ->  Bitmap Index Scan on sbtest8_pkey  (cost=0.00..35.25 rows=1081 width=0)
	              Index Cond: ((id >= 9728566) AND (id <= 9729565))

for: sum_ranges
table 1 : explain SELECT SUM(k) FROM sbtest1 WHERE id BETWEEN 1280752 AND 1281751
	Aggregate  (cost=3876.90..3876.91 rows=1 width=8)
	  ->  Bitmap Heap Scan on sbtest1  (cost=34.67..3874.40 rows=999 width=4)
	        Recheck Cond: ((id >= 1280752) AND (id <= 1281751))
	        ->  Bitmap Index Scan on sbtest1_pkey  (cost=0.00..34.43 rows=999 width=0)
	              Index Cond: ((id >= 1280752) AND (id <= 1281751))

table 2 : explain SELECT SUM(k) FROM sbtest2 WHERE id BETWEEN 7532248 AND 7533247
	Aggregate  (cost=3597.85..3597.86 rows=1 width=8)
	  ->  Bitmap Heap Scan on sbtest2  (cost=33.93..3595.53 rows=926 width=4)
	        Recheck Cond: ((id >= 7532248) AND (id <= 7533247))
	        ->  Bitmap Index Scan on sbtest2_pkey  (cost=0.00..33.70 rows=926 width=0)
	              Index Cond: ((id >= 7532248) AND (id <= 7533247))

table 3 : explain SELECT SUM(k) FROM sbtest3 WHERE id BETWEEN 3284792 AND 3285791
	Aggregate  (cost=4098.48..4098.49 rows=1 width=8)
	  ->  Bitmap Heap Scan on sbtest3  (cost=35.27..4095.84 rows=1057 width=4)
	        Recheck Cond: ((id >= 3284792) AND (id <= 3285791))
	        ->  Bitmap Index Scan on sbtest3_pkey  (cost=0.00..35.01 rows=1057 width=0)
	              Index Cond: ((id >= 3284792) AND (id <= 3285791))

table 4 : explain SELECT SUM(k) FROM sbtest4 WHERE id BETWEEN 2408814 AND 2409813
	Aggregate  (cost=4313.93..4313.94 rows=1 width=8)
	  ->  Bitmap Heap Scan on sbtest4  (cost=39.84..4311.15 rows=1113 width=4)
	        Recheck Cond: ((id >= 2408814) AND (id <= 2409813))
	        ->  Bitmap Index Scan on sbtest4_pkey  (cost=0.00..39.57 rows=1113 width=0)
	              Index Cond: ((id >= 2408814) AND (id <= 2409813))

table 5 : explain SELECT SUM(k) FROM sbtest5 WHERE id BETWEEN 7625811 AND 7626810
	Aggregate  (cost=3762.16..3762.17 rows=1 width=8)
	  ->  Bitmap Heap Scan on sbtest5  (cost=34.36..3759.74 rows=968 width=4)
	        Recheck Cond: ((id >= 7625811) AND (id <= 7626810))
	        ->  Bitmap Index Scan on sbtest5_pkey  (cost=0.00..34.12 rows=968 width=0)
	              Index Cond: ((id >= 7625811) AND (id <= 7626810))

table 6 : explain SELECT SUM(k) FROM sbtest6 WHERE id BETWEEN 2946950 AND 2947949
	Aggregate  (cost=3630.48..3630.49 rows=1 width=8)
	  ->  Bitmap Heap Scan on sbtest6  (cost=34.01..3628.15 rows=934 width=4)
	        Recheck Cond: ((id >= 2946950) AND (id <= 2947949))
	        ->  Bitmap Index Scan on sbtest6_pkey  (cost=0.00..33.78 rows=934 width=0)
	              Index Cond: ((id >= 2946950) AND (id <= 2947949))

table 7 : explain SELECT SUM(k) FROM sbtest7 WHERE id BETWEEN 7240478 AND 7241477
	Aggregate  (cost=3518.72..3518.73 rows=1 width=8)
	  ->  Bitmap Heap Scan on sbtest7  (cost=29.71..3516.46 rows=905 width=4)
	        Recheck Cond: ((id >= 7240478) AND (id <= 7241477))
	        ->  Bitmap Index Scan on sbtest7_pkey  (cost=0.00..29.48 rows=905 width=0)
	              Index Cond: ((id >= 7240478) AND (id <= 7241477))

table 8 : explain SELECT SUM(k) FROM sbtest8 WHERE id BETWEEN 9868819 AND 9869818
	Aggregate  (cost=3901.31..3901.32 rows=1 width=8)
	  ->  Bitmap Heap Scan on sbtest8  (cost=34.75..3898.80 rows=1006 width=4)
	        Recheck Cond: ((id >= 9868819) AND (id <= 9869818))
	        ->  Bitmap Index Scan on sbtest8_pkey  (cost=0.00..34.50 rows=1006 width=0)
	              Index Cond: ((id >= 9868819) AND (id <= 9869818))

for point_selects
table 1 : explain SELECT c FROM sbtest1 WHERE id=9403698
	Index Scan using sbtest1_pkey on sbtest1  (cost=0.43..8.45 rows=1 width=121)
	  Index Cond: (id = 9403698)

table 2 : explain SELECT c FROM sbtest2 WHERE id=8384898
	Index Scan using sbtest2_pkey on sbtest2  (cost=0.43..8.45 rows=1 width=121)
	  Index Cond: (id = 8384898)

table 3 : explain SELECT c FROM sbtest3 WHERE id=9885272
	Index Scan using sbtest3_pkey on sbtest3  (cost=0.43..8.45 rows=1 width=121)
	  Index Cond: (id = 9885272)

table 4 : explain SELECT c FROM sbtest4 WHERE id=9732887
	Index Scan using sbtest4_pkey on sbtest4  (cost=0.43..8.45 rows=1 width=121)
	  Index Cond: (id = 9732887)

table 5 : explain SELECT c FROM sbtest5 WHERE id=8548300
	Index Scan using sbtest5_pkey on sbtest5  (cost=0.43..8.45 rows=1 width=121)
	  Index Cond: (id = 8548300)

table 6 : explain SELECT c FROM sbtest6 WHERE id=78790
	Index Scan using sbtest6_pkey on sbtest6  (cost=0.43..8.45 rows=1 width=121)
	  Index Cond: (id = 78790)

table 7 : explain SELECT c FROM sbtest7 WHERE id=4744244
	Index Scan using sbtest7_pkey on sbtest7  (cost=0.43..8.45 rows=1 width=121)
	  Index Cond: (id = 4744244)

table 8 : explain SELECT c FROM sbtest8 WHERE id=7022773
	Index Scan using sbtest8_pkey on sbtest8  (cost=0.43..8.45 rows=1 width=121)
	  Index Cond: (id = 7022773)

for: order_ranges
table 1 : explain SELECT c FROM sbtest1 WHERE id BETWEEN 774784 AND 775783 ORDER BY c
	Sort  (cost=4127.05..4129.68 rows=1052 width=121)
	  Sort Key: c
	  ->  Bitmap Heap Scan on sbtest1  (cost=35.22..4074.24 rows=1052 width=121)
	        Recheck Cond: ((id >= 774784) AND (id <= 775783))
	        ->  Bitmap Index Scan on sbtest1_pkey  (cost=0.00..34.95 rows=1052 width=0)
	              Index Cond: ((id >= 774784) AND (id <= 775783))

table 2 : explain SELECT c FROM sbtest2 WHERE id BETWEEN 4483196 AND 4484195 ORDER BY c
	Sort  (cost=3882.50..3884.98 rows=989 width=121)
	  Sort Key: c
	  ->  Bitmap Heap Scan on sbtest2  (cost=34.57..3833.30 rows=989 width=121)
	        Recheck Cond: ((id >= 4483196) AND (id <= 4484195))
	        ->  Bitmap Index Scan on sbtest2_pkey  (cost=0.00..34.33 rows=989 width=0)
	              Index Cond: ((id >= 4483196) AND (id <= 4484195))

table 3 : explain SELECT c FROM sbtest3 WHERE id BETWEEN 5646699 AND 5647698 ORDER BY c
	Sort  (cost=4206.34..4209.02 rows=1072 width=121)
	  Sort Key: c
	  ->  Bitmap Heap Scan on sbtest3  (cost=35.42..4152.38 rows=1072 width=121)
	        Recheck Cond: ((id >= 5646699) AND (id <= 5647698))
	        ->  Bitmap Index Scan on sbtest3_pkey  (cost=0.00..35.16 rows=1072 width=0)
	              Index Cond: ((id >= 5646699) AND (id <= 5647698))

table 4 : explain SELECT c FROM sbtest4 WHERE id BETWEEN 465766 AND 466765 ORDER BY c
	Sort  (cost=3592.90..3595.18 rows=912 width=121)
	  Sort Key: c
	  ->  Bitmap Heap Scan on sbtest4  (cost=33.78..3548.06 rows=912 width=121)
	        Recheck Cond: ((id >= 465766) AND (id <= 466765))
	        ->  Bitmap Index Scan on sbtest4_pkey  (cost=0.00..33.56 rows=912 width=0)
	              Index Cond: ((id >= 465766) AND (id <= 466765))

table 5 : explain SELECT c FROM sbtest5 WHERE id BETWEEN 1780570 AND 1781569 ORDER BY c
	Sort  (cost=3826.93..3829.37 rows=973 width=121)
	  Sort Key: c
	  ->  Bitmap Heap Scan on sbtest5  (cost=34.41..3778.64 rows=973 width=121)
	        Recheck Cond: ((id >= 1780570) AND (id <= 1781569))
	        ->  Bitmap Index Scan on sbtest5_pkey  (cost=0.00..34.17 rows=973 width=0)
	              Index Cond: ((id >= 1780570) AND (id <= 1781569))

table 6 : explain SELECT c FROM sbtest6 WHERE id BETWEEN 8666139 AND 8667138 ORDER BY c
	Sort  (cost=3827.63..3830.07 rows=974 width=121)
	  Sort Key: c
	  ->  Bitmap Heap Scan on sbtest6  (cost=34.42..3779.29 rows=974 width=121)
	        Recheck Cond: ((id >= 8666139) AND (id <= 8667138))
	        ->  Bitmap Index Scan on sbtest6_pkey  (cost=0.00..34.18 rows=974 width=0)
	              Index Cond: ((id >= 8666139) AND (id <= 8667138))

table 7 : explain SELECT c FROM sbtest7 WHERE id BETWEEN 7309004 AND 7310003 ORDER BY c
	Sort  (cost=4052.19..4054.77 rows=1032 width=121)
	  Sort Key: c
	  ->  Bitmap Heap Scan on sbtest7  (cost=35.01..4000.54 rows=1032 width=121)
	        Recheck Cond: ((id >= 7309004) AND (id <= 7310003))
	        ->  Bitmap Index Scan on sbtest7_pkey  (cost=0.00..34.76 rows=1032 width=0)
	              Index Cond: ((id >= 7309004) AND (id <= 7310003))

table 8 : explain SELECT c FROM sbtest8 WHERE id BETWEEN 1983355 AND 1984354 ORDER BY c
	Sort  (cost=4036.96..4039.53 rows=1029 width=121)
	  Sort Key: c
	  ->  Bitmap Heap Scan on sbtest8  (cost=34.98..3985.47 rows=1029 width=121)
	        Recheck Cond: ((id >= 1983355) AND (id <= 1984354))
	        ->  Bitmap Index Scan on sbtest8_pkey  (cost=0.00..34.73 rows=1029 width=0)
	              Index Cond: ((id >= 1983355) AND (id <= 1984354))

for: order_ranges
table 1 : explain SELECT c FROM sbtest1 WHERE id BETWEEN 8915311 AND 8916310 ORDER BY c
	Sort  (cost=4172.94..4175.60 rows=1064 width=121)
	  Sort Key: c
	  ->  Bitmap Heap Scan on sbtest1  (cost=35.34..4119.44 rows=1064 width=121)
	        Recheck Cond: ((id >= 8915311) AND (id <= 8916310))
	        ->  Bitmap Index Scan on sbtest1_pkey  (cost=0.00..35.08 rows=1064 width=0)
	              Index Cond: ((id >= 8915311) AND (id <= 8916310))

table 2 : explain SELECT c FROM sbtest2 WHERE id BETWEEN 8115985 AND 8116984 ORDER BY c
	Sort  (cost=3809.77..3812.19 rows=970 width=121)
	  Sort Key: c
	  ->  Bitmap Heap Scan on sbtest2  (cost=34.38..3761.65 rows=970 width=121)
	        Recheck Cond: ((id >= 8115985) AND (id <= 8116984))
	        ->  Bitmap Index Scan on sbtest2_pkey  (cost=0.00..34.14 rows=970 width=0)
	              Index Cond: ((id >= 8115985) AND (id <= 8116984))

table 3 : explain SELECT c FROM sbtest3 WHERE id BETWEEN 5222494 AND 5223493 ORDER BY c
	Sort  (cost=4183.38..4186.04 rows=1066 width=121)
	  Sort Key: c
	  ->  Bitmap Heap Scan on sbtest3  (cost=35.36..4129.77 rows=1066 width=121)
	        Recheck Cond: ((id >= 5222494) AND (id <= 5223493))
	        ->  Bitmap Index Scan on sbtest3_pkey  (cost=0.00..35.09 rows=1066 width=0)
	              Index Cond: ((id >= 5222494) AND (id <= 5223493))

table 4 : explain SELECT c FROM sbtest4 WHERE id BETWEEN 8113233 AND 8114232 ORDER BY c
	Sort  (cost=3857.95..3860.41 rows=981 width=121)
	  Sort Key: c
	  ->  Bitmap Heap Scan on sbtest4  (cost=34.49..3809.21 rows=981 width=121)
	        Recheck Cond: ((id >= 8113233) AND (id <= 8114232))
	        ->  Bitmap Index Scan on sbtest4_pkey  (cost=0.00..34.25 rows=981 width=0)
	              Index Cond: ((id >= 8113233) AND (id <= 8114232))

table 5 : explain SELECT c FROM sbtest5 WHERE id BETWEEN 690992 AND 691991 ORDER BY c
	Sort  (cost=3922.84..3925.34 rows=998 width=121)
	  Sort Key: c
	  ->  Bitmap Heap Scan on sbtest5  (cost=34.66..3873.13 rows=998 width=121)
	        Recheck Cond: ((id >= 690992) AND (id <= 691991))
	        ->  Bitmap Index Scan on sbtest5_pkey  (cost=0.00..34.42 rows=998 width=0)
	              Index Cond: ((id >= 690992) AND (id <= 691991))

table 6 : explain SELECT c FROM sbtest6 WHERE id BETWEEN 7855420 AND 7856419 ORDER BY c
	Sort  (cost=3973.19..3975.72 rows=1012 width=121)
	  Sort Key: c
	  ->  Bitmap Heap Scan on sbtest6  (cost=34.81..3922.68 rows=1012 width=121)
	        Recheck Cond: ((id >= 7855420) AND (id <= 7856419))
	        ->  Bitmap Index Scan on sbtest6_pkey  (cost=0.00..34.56 rows=1012 width=0)
	              Index Cond: ((id >= 7855420) AND (id <= 7856419))

table 7 : explain SELECT c FROM sbtest7 WHERE id BETWEEN 2383035 AND 2384034 ORDER BY c
	Sort  (cost=3994.74..3997.28 rows=1017 width=121)
	  Sort Key: c
	  ->  Bitmap Heap Scan on sbtest7  (cost=34.86..3943.94 rows=1017 width=121)
	        Recheck Cond: ((id >= 2383035) AND (id <= 2384034))
	        ->  Bitmap Index Scan on sbtest7_pkey  (cost=0.00..34.61 rows=1017 width=0)
	              Index Cond: ((id >= 2383035) AND (id <= 2384034))

table 8 : explain SELECT c FROM sbtest8 WHERE id BETWEEN 9872481 AND 9873480 ORDER BY c
	Sort  (cost=3948.97..3951.48 rows=1006 width=121)
	  Sort Key: c
	  ->  Bitmap Heap Scan on sbtest8  (cost=34.75..3898.80 rows=1006 width=121)
	        Recheck Cond: ((id >= 9872481) AND (id <= 9873480))
	        ->  Bitmap Index Scan on sbtest8_pkey  (cost=0.00..34.50 rows=1006 width=0)
	              Index Cond: ((id >= 9872481) AND (id <= 9873480))

for: order_ranges
table 1 : explain SELECT c FROM sbtest1 WHERE id BETWEEN 3748316 AND 3749315 ORDER BY c
	Sort  (cost=4127.05..4129.68 rows=1052 width=121)
	  Sort Key: c
	  ->  Bitmap Heap Scan on sbtest1  (cost=35.22..4074.24 rows=1052 width=121)
	        Recheck Cond: ((id >= 3748316) AND (id <= 3749315))
	        ->  Bitmap Index Scan on sbtest1_pkey  (cost=0.00..34.95 rows=1052 width=0)
	              Index Cond: ((id >= 3748316) AND (id <= 3749315))

table 2 : explain SELECT c FROM sbtest2 WHERE id BETWEEN 6965214 AND 6966213 ORDER BY c
	Sort  (cost=4104.27..4106.88 rows=1047 width=121)
	  Sort Key: c
	  ->  Bitmap Heap Scan on sbtest2  (cost=35.17..4051.75 rows=1047 width=121)
	        Recheck Cond: ((id >= 6965214) AND (id <= 6966213))
	        ->  Bitmap Index Scan on sbtest2_pkey  (cost=0.00..34.91 rows=1047 width=0)
	              Index Cond: ((id >= 6965214) AND (id <= 6966213))

table 3 : explain SELECT c FROM sbtest3 WHERE id BETWEEN 4287326 AND 4288325 ORDER BY c
	Sort  (cost=4041.70..4044.27 rows=1029 width=121)
	  Sort Key: c
	  ->  Bitmap Heap Scan on sbtest3  (cost=34.98..3990.22 rows=1029 width=121)
	        Recheck Cond: ((id >= 4287326) AND (id <= 4288325))
	        ->  Bitmap Index Scan on sbtest3_pkey  (cost=0.00..34.73 rows=1029 width=0)
	              Index Cond: ((id >= 4287326) AND (id <= 4288325))

table 4 : explain SELECT c FROM sbtest4 WHERE id BETWEEN 2801547 AND 2802546 ORDER BY c
	Sort  (cost=3857.95..3860.41 rows=981 width=121)
	  Sort Key: c
	  ->  Bitmap Heap Scan on sbtest4  (cost=34.49..3809.21 rows=981 width=121)
	        Recheck Cond: ((id >= 2801547) AND (id <= 2802546))
	        ->  Bitmap Index Scan on sbtest4_pkey  (cost=0.00..34.25 rows=981 width=0)
	              Index Cond: ((id >= 2801547) AND (id <= 2802546))

table 5 : explain SELECT c FROM sbtest5 WHERE id BETWEEN 6556384 AND 6557383 ORDER BY c
	Sort  (cost=3746.32..3748.70 rows=952 width=121)
	  Sort Key: c
	  ->  Bitmap Heap Scan on sbtest5  (cost=34.19..3699.22 rows=952 width=121)
	        Recheck Cond: ((id >= 6556384) AND (id <= 6557383))
	        ->  Bitmap Index Scan on sbtest5_pkey  (cost=0.00..33.95 rows=952 width=0)
	              Index Cond: ((id >= 6556384) AND (id <= 6557383))

table 6 : explain SELECT c FROM sbtest6 WHERE id BETWEEN 7280925 AND 7281924 ORDER BY c
	Sort  (cost=4217.96..4220.65 rows=1076 width=121)
	  Sort Key: c
	  ->  Bitmap Heap Scan on sbtest6  (cost=35.46..4163.77 rows=1076 width=121)
	        Recheck Cond: ((id >= 7280925) AND (id <= 7281924))
	        ->  Bitmap Index Scan on sbtest6_pkey  (cost=0.00..35.20 rows=1076 width=0)
	              Index Cond: ((id >= 7280925) AND (id <= 7281924))

table 7 : explain SELECT c FROM sbtest7 WHERE id BETWEEN 9280493 AND 9281492 ORDER BY c
	Sort  (cost=3872.08..3874.55 rows=985 width=121)
	  Sort Key: c
	  ->  Bitmap Heap Scan on sbtest7  (cost=34.53..3823.11 rows=985 width=121)
	        Recheck Cond: ((id >= 9280493) AND (id <= 9281492))
	        ->  Bitmap Index Scan on sbtest7_pkey  (cost=0.00..34.29 rows=985 width=0)
	              Index Cond: ((id >= 9280493) AND (id <= 9281492))

table 8 : explain SELECT c FROM sbtest8 WHERE id BETWEEN 1747146 AND 1748145 ORDER BY c
	Sort  (cost=3956.62..3959.14 rows=1008 width=121)
	  Sort Key: c
	  ->  Bitmap Heap Scan on sbtest8  (cost=34.77..3906.34 rows=1008 width=121)
	        Recheck Cond: ((id >= 1747146) AND (id <= 1748145))
	        ->  Bitmap Index Scan on sbtest8_pkey  (cost=0.00..34.52 rows=1008 width=0)
	              Index Cond: ((id >= 1747146) AND (id <= 1748145))

for: simple_ranges
table 1 : explain SELECT c FROM sbtest1 WHERE id BETWEEN 4804298 AND 4805297
	Bitmap Heap Scan on sbtest1  (cost=34.73..3893.27 rows=1004 width=121)
	  Recheck Cond: ((id >= 4804298) AND (id <= 4805297))
	  ->  Bitmap Index Scan on sbtest1_pkey  (cost=0.00..34.48 rows=1004 width=0)
	        Index Cond: ((id >= 4804298) AND (id <= 4805297))

table 2 : explain SELECT c FROM sbtest2 WHERE id BETWEEN 2185230 AND 2186229
	Bitmap Heap Scan on sbtest2  (cost=34.69..3874.76 rows=1000 width=121)
	  Recheck Cond: ((id >= 2185230) AND (id <= 2186229))
	  ->  Bitmap Index Scan on sbtest2_pkey  (cost=0.00..34.44 rows=1000 width=0)
	        Index Cond: ((id >= 2185230) AND (id <= 2186229))

table 3 : explain SELECT c FROM sbtest3 WHERE id BETWEEN 3486770 AND 3487769
	Bitmap Heap Scan on sbtest3  (cost=34.67..3876.94 rows=999 width=121)
	  Recheck Cond: ((id >= 3486770) AND (id <= 3487769))
	  ->  Bitmap Index Scan on sbtest3_pkey  (cost=0.00..34.43 rows=999 width=0)
	        Index Cond: ((id >= 3486770) AND (id <= 3487769))

table 4 : explain SELECT c FROM sbtest4 WHERE id BETWEEN 248609 AND 249608
	Bitmap Heap Scan on sbtest4  (cost=34.61..3854.56 rows=993 width=121)
	  Recheck Cond: ((id >= 248609) AND (id <= 249608))
	  ->  Bitmap Index Scan on sbtest4_pkey  (cost=0.00..34.37 rows=993 width=0)
	        Index Cond: ((id >= 248609) AND (id <= 249608))

table 5 : explain SELECT c FROM sbtest5 WHERE id BETWEEN 7766510 AND 7767509
	Bitmap Heap Scan on sbtest5  (cost=40.75..4637.80 rows=1201 width=121)
	  Recheck Cond: ((id >= 7766510) AND (id <= 7767509))
	  ->  Bitmap Index Scan on sbtest5_pkey  (cost=0.00..40.45 rows=1201 width=0)
	        Index Cond: ((id >= 7766510) AND (id <= 7767509))

table 6 : explain SELECT c FROM sbtest6 WHERE id BETWEEN 7360855 AND 7361854
	Bitmap Heap Scan on sbtest6  (cost=35.09..4028.22 rows=1040 width=121)
	  Recheck Cond: ((id >= 7360855) AND (id <= 7361854))
	  ->  Bitmap Index Scan on sbtest6_pkey  (cost=0.00..34.84 rows=1040 width=0)
	        Index Cond: ((id >= 7360855) AND (id <= 7361854))

table 7 : explain SELECT c FROM sbtest7 WHERE id BETWEEN 3417776 AND 3418775
	Bitmap Heap Scan on sbtest7  (cost=29.56..3459.62 rows=890 width=121)
	  Recheck Cond: ((id >= 3417776) AND (id <= 3418775))
	  ->  Bitmap Index Scan on sbtest7_pkey  (cost=0.00..29.33 rows=890 width=0)
	        Index Cond: ((id >= 3417776) AND (id <= 3418775))

table 8 : explain SELECT c FROM sbtest8 WHERE id BETWEEN 3057685 AND 3058684
	Bitmap Heap Scan on sbtest8  (cost=34.18..3691.26 rows=951 width=121)
	  Recheck Cond: ((id >= 3057685) AND (id <= 3058684))
	  ->  Bitmap Index Scan on sbtest8_pkey  (cost=0.00..33.95 rows=951 width=0)
	        Index Cond: ((id >= 3057685) AND (id <= 3058684))

for: order_ranges
table 1 : explain SELECT c FROM sbtest1 WHERE id BETWEEN 7116334 AND 7117333 ORDER BY c
	Sort  (cost=4016.08..4018.64 rows=1023 width=121)
	  Sort Key: c
	  ->  Bitmap Heap Scan on sbtest1  (cost=34.92..3964.94 rows=1023 width=121)
	        Recheck Cond: ((id >= 7116334) AND (id <= 7117333))
	        ->  Bitmap Index Scan on sbtest1_pkey  (cost=0.00..34.67 rows=1023 width=0)
	              Index Cond: ((id >= 7116334) AND (id <= 7117333))

table 2 : explain SELECT c FROM sbtest2 WHERE id BETWEEN 647327 AND 648326 ORDER BY c
	Sort  (cost=4088.99..4091.59 rows=1043 width=121)
	  Sort Key: c
	  ->  Bitmap Heap Scan on sbtest2  (cost=35.13..4036.70 rows=1043 width=121)
	        Recheck Cond: ((id >= 647327) AND (id <= 648326))
	        ->  Bitmap Index Scan on sbtest2_pkey  (cost=0.00..34.87 rows=1043 width=0)
	              Index Cond: ((id >= 647327) AND (id <= 648326))

table 3 : explain SELECT c FROM sbtest3 WHERE id BETWEEN 383511 AND 384510 ORDER BY c
	Sort  (cost=3957.39..3959.90 rows=1007 width=121)
	  Sort Key: c
	  ->  Bitmap Heap Scan on sbtest3  (cost=34.76..3907.16 rows=1007 width=121)
	        Recheck Cond: ((id >= 383511) AND (id <= 384510))
	        ->  Bitmap Index Scan on sbtest3_pkey  (cost=0.00..34.51 rows=1007 width=0)
	              Index Cond: ((id >= 383511) AND (id <= 384510))

table 4 : explain SELECT c FROM sbtest4 WHERE id BETWEEN 5004913 AND 5005912 ORDER BY c
	Sort  (cost=3896.32..3898.80 rows=991 width=121)
	  Sort Key: c
	  ->  Bitmap Heap Scan on sbtest4  (cost=34.59..3847.00 rows=991 width=121)
	        Recheck Cond: ((id >= 5004913) AND (id <= 5005912))
	        ->  Bitmap Index Scan on sbtest4_pkey  (cost=0.00..34.34 rows=991 width=0)
	              Index Cond: ((id >= 5004913) AND (id <= 5005912))

table 5 : explain SELECT c FROM sbtest5 WHERE id BETWEEN 6974542 AND 6975541 ORDER BY c
	Sort  (cost=4278.98..4281.70 rows=1091 width=121)
	  Sort Key: c
	  ->  Bitmap Heap Scan on sbtest5  (cost=35.62..4223.93 rows=1091 width=121)
	        Recheck Cond: ((id >= 6974542) AND (id <= 6975541))
	        ->  Bitmap Index Scan on sbtest5_pkey  (cost=0.00..35.34 rows=1091 width=0)
	              Index Cond: ((id >= 6974542) AND (id <= 6975541))

table 6 : explain SELECT c FROM sbtest6 WHERE id BETWEEN 3842528 AND 3843527 ORDER BY c
	Sort  (cost=4084.16..4086.76 rows=1041 width=121)
	  Sort Key: c
	  ->  Bitmap Heap Scan on sbtest6  (cost=35.11..4031.99 rows=1041 width=121)
	        Recheck Cond: ((id >= 3842528) AND (id <= 3843527))
	        ->  Bitmap Index Scan on sbtest6_pkey  (cost=0.00..34.84 rows=1041 width=0)
	              Index Cond: ((id >= 3842528) AND (id <= 3843527))

table 7 : explain SELECT c FROM sbtest7 WHERE id BETWEEN 4894823 AND 4895822 ORDER BY c
	Sort  (cost=3695.55..3697.90 rows=939 width=121)
	  Sort Key: c
	  ->  Bitmap Heap Scan on sbtest7  (cost=34.06..3649.19 rows=939 width=121)
	        Recheck Cond: ((id >= 4894823) AND (id <= 4895822))
	        ->  Bitmap Index Scan on sbtest7_pkey  (cost=0.00..33.83 rows=939 width=0)
	              Index Cond: ((id >= 4894823) AND (id <= 4895822))

table 8 : explain SELECT c FROM sbtest8 WHERE id BETWEEN 892037 AND 893036 ORDER BY c
	Sort  (cost=4079.02..4081.62 rows=1040 width=121)
	  Sort Key: c
	  ->  Bitmap Heap Scan on sbtest8  (cost=35.09..4026.90 rows=1040 width=121)
	        Recheck Cond: ((id >= 892037) AND (id <= 893036))
	        ->  Bitmap Index Scan on sbtest8_pkey  (cost=0.00..34.84 rows=1040 width=0)
	              Index Cond: ((id >= 892037) AND (id <= 893036))

for: distinct_ranges
table 1 : explain SELECT DISTINCT c FROM sbtest1 WHERE id BETWEEN 5848143 AND 5849142 ORDER BY c
	Unique  (cost=3989.28..3994.36 rows=1016 width=121)
	  ->  Sort  (cost=3989.28..3991.82 rows=1016 width=121)
	        Sort Key: c
	        ->  Bitmap Heap Scan on sbtest1  (cost=34.85..3938.54 rows=1016 width=121)
	              Recheck Cond: ((id >= 5848143) AND (id <= 5849142))
	              ->  Bitmap Index Scan on sbtest1_pkey  (cost=0.00..34.59 rows=1016 width=0)
	                    Index Cond: ((id >= 5848143) AND (id <= 5849142))

table 2 : explain SELECT DISTINCT c FROM sbtest2 WHERE id BETWEEN 739740 AND 740739 ORDER BY c
	Unique  (cost=3805.94..3810.78 rows=969 width=121)
	  ->  Sort  (cost=3805.94..3808.36 rows=969 width=121)
	        Sort Key: c
	        ->  Bitmap Heap Scan on sbtest2  (cost=34.37..3757.88 rows=969 width=121)
	              Recheck Cond: ((id >= 739740) AND (id <= 740739))
	              ->  Bitmap Index Scan on sbtest2_pkey  (cost=0.00..34.12 rows=969 width=0)
	                    Index Cond: ((id >= 739740) AND (id <= 740739))

table 3 : explain SELECT DISTINCT c FROM sbtest3 WHERE id BETWEEN 5429212 AND 5430211 ORDER BY c
	Unique  (cost=4160.41..4165.71 rows=1060 width=121)
	  ->  Sort  (cost=4160.41..4163.06 rows=1060 width=121)
	        Sort Key: c
	        ->  Bitmap Heap Scan on sbtest3  (cost=35.30..4107.15 rows=1060 width=121)
	              Recheck Cond: ((id >= 5429212) AND (id <= 5430211))
	              ->  Bitmap Index Scan on sbtest3_pkey  (cost=0.00..35.04 rows=1060 width=0)
	                    Index Cond: ((id >= 5429212) AND (id <= 5430211))

table 4 : explain SELECT DISTINCT c FROM sbtest4 WHERE id BETWEEN 5204490 AND 5205489 ORDER BY c
	Unique  (cost=3942.34..3947.36 rows=1003 width=121)
	  ->  Sort  (cost=3942.34..3944.85 rows=1003 width=121)
	        Sort Key: c
	        ->  Bitmap Heap Scan on sbtest4  (cost=34.72..3892.34 rows=1003 width=121)
	              Recheck Cond: ((id >= 5204490) AND (id <= 5205489))
	              ->  Bitmap Index Scan on sbtest4_pkey  (cost=0.00..34.47 rows=1003 width=0)
	                    Index Cond: ((id >= 5204490) AND (id <= 5205489))

table 5 : explain SELECT DISTINCT c FROM sbtest5 WHERE id BETWEEN 9750918 AND 9751917 ORDER BY c
	Unique  (cost=3915.17..3920.15 rows=996 width=121)
	  ->  Sort  (cost=3915.17..3917.66 rows=996 width=121)
	        Sort Key: c
	        ->  Bitmap Heap Scan on sbtest5  (cost=34.64..3865.57 rows=996 width=121)
	              Recheck Cond: ((id >= 9750918) AND (id <= 9751917))
	              ->  Bitmap Index Scan on sbtest5_pkey  (cost=0.00..34.40 rows=996 width=0)
	                    Index Cond: ((id >= 9750918) AND (id <= 9751917))

table 6 : explain SELECT DISTINCT c FROM sbtest6 WHERE id BETWEEN 4339862 AND 4340861 ORDER BY c
	Unique  (cost=3624.33..3628.93 rows=921 width=121)
	  ->  Sort  (cost=3624.33..3626.63 rows=921 width=121)
	        Sort Key: c
	        ->  Bitmap Heap Scan on sbtest6  (cost=33.88..3578.98 rows=921 width=121)
	              Recheck Cond: ((id >= 4339862) AND (id <= 4340861))
	              ->  Bitmap Index Scan on sbtest6_pkey  (cost=0.00..33.65 rows=921 width=0)
	                    Index Cond: ((id >= 4339862) AND (id <= 4340861))

table 7 : explain SELECT DISTINCT c FROM sbtest7 WHERE id BETWEEN 2825224 AND 2826223 ORDER BY c
	Unique  (cost=4339.26..4344.79 rows=1106 width=121)
	  ->  Sort  (cost=4339.26..4342.02 rows=1106 width=121)
	        Sort Key: c
	        ->  Bitmap Heap Scan on sbtest7  (cost=39.77..4283.34 rows=1106 width=121)
	              Recheck Cond: ((id >= 2825224) AND (id <= 2826223))
	              ->  Bitmap Index Scan on sbtest7_pkey  (cost=0.00..39.50 rows=1106 width=0)
	                    Index Cond: ((id >= 2825224) AND (id <= 2826223))

table 8 : explain SELECT DISTINCT c FROM sbtest8 WHERE id BETWEEN 8585039 AND 8586038 ORDER BY c
	Unique  (cost=3703.79..3708.50 rows=942 width=121)
	  ->  Sort  (cost=3703.79..3706.14 rows=942 width=121)
	        Sort Key: c
	        ->  Bitmap Heap Scan on sbtest8  (cost=34.09..3657.26 rows=942 width=121)
	              Recheck Cond: ((id >= 8585039) AND (id <= 8586038))
	              ->  Bitmap Index Scan on sbtest8_pkey  (cost=0.00..33.86 rows=942 width=0)
	                    Index Cond: ((id >= 8585039) AND (id <= 8586038))

for: distinct_ranges
table 1 : explain SELECT DISTINCT c FROM sbtest1 WHERE id BETWEEN 4249499 AND 4250498 ORDER BY c
	Unique  (cost=3605.80..3610.38 rows=916 width=121)
	  ->  Sort  (cost=3605.80..3608.09 rows=916 width=121)
	        Sort Key: c
	        ->  Bitmap Heap Scan on sbtest1  (cost=33.82..3560.73 rows=916 width=121)
	              Recheck Cond: ((id >= 4249499) AND (id <= 4250498))
	              ->  Bitmap Index Scan on sbtest1_pkey  (cost=0.00..33.59 rows=916 width=0)
	                    Index Cond: ((id >= 4249499) AND (id <= 4250498))

table 2 : explain SELECT DISTINCT c FROM sbtest2 WHERE id BETWEEN 2857487 AND 2858486 ORDER BY c
	Unique  (cost=3621.98..3626.59 rows=921 width=121)
	  ->  Sort  (cost=3621.98..3624.29 rows=921 width=121)
	        Sort Key: c
	        ->  Bitmap Heap Scan on sbtest2  (cost=33.88..3576.64 rows=921 width=121)
	              Recheck Cond: ((id >= 2857487) AND (id <= 2858486))
	              ->  Bitmap Index Scan on sbtest2_pkey  (cost=0.00..33.65 rows=921 width=0)
	                    Index Cond: ((id >= 2857487) AND (id <= 2858486))

table 3 : explain SELECT DISTINCT c FROM sbtest3 WHERE id BETWEEN 5966241 AND 5967240 ORDER BY c
	Unique  (cost=3873.02..3877.94 rows=985 width=121)
	  ->  Sort  (cost=3873.02..3875.48 rows=985 width=121)
	        Sort Key: c
	        ->  Bitmap Heap Scan on sbtest3  (cost=34.53..3824.04 rows=985 width=121)
	              Recheck Cond: ((id >= 5966241) AND (id <= 5967240))
	              ->  Bitmap Index Scan on sbtest3_pkey  (cost=0.00..34.29 rows=985 width=0)
	                    Index Cond: ((id >= 5966241) AND (id <= 5967240))

table 4 : explain SELECT DISTINCT c FROM sbtest4 WHERE id BETWEEN 7515641 AND 7516640 ORDER BY c
	Unique  (cost=3804.22..3809.05 rows=967 width=121)
	  ->  Sort  (cost=3804.22..3806.64 rows=967 width=121)
	        Sort Key: c
	        ->  Bitmap Heap Scan on sbtest4  (cost=34.35..3756.27 rows=967 width=121)
	              Recheck Cond: ((id >= 7515641) AND (id <= 7516640))
	              ->  Bitmap Index Scan on sbtest4_pkey  (cost=0.00..34.11 rows=967 width=0)
	                    Index Cond: ((id >= 7515641) AND (id <= 7516640))

table 5 : explain SELECT DISTINCT c FROM sbtest5 WHERE id BETWEEN 3954991 AND 3955990 ORDER BY c
	Unique  (cost=3869.14..3874.06 rows=984 width=121)
	  ->  Sort  (cost=3869.14..3871.60 rows=984 width=121)
	        Sort Key: c
	        ->  Bitmap Heap Scan on sbtest5  (cost=34.52..3820.22 rows=984 width=121)
	              Recheck Cond: ((id >= 3954991) AND (id <= 3955990))
	              ->  Bitmap Index Scan on sbtest5_pkey  (cost=0.00..34.28 rows=984 width=0)
	                    Index Cond: ((id >= 3954991) AND (id <= 3955990))

table 6 : explain SELECT DISTINCT c FROM sbtest6 WHERE id BETWEEN 6503649 AND 6504648 ORDER BY c
	Unique  (cost=3877.45..3882.38 rows=987 width=121)
	  ->  Sort  (cost=3877.45..3879.92 rows=987 width=121)
	        Sort Key: c
	        ->  Bitmap Heap Scan on sbtest6  (cost=34.55..3828.36 rows=987 width=121)
	              Recheck Cond: ((id >= 6503649) AND (id <= 6504648))
	              ->  Bitmap Index Scan on sbtest6_pkey  (cost=0.00..34.31 rows=987 width=0)
	                    Index Cond: ((id >= 6503649) AND (id <= 6504648))

table 7 : explain SELECT DISTINCT c FROM sbtest7 WHERE id BETWEEN 6334708 AND 6335707 ORDER BY c
	Unique  (cost=4086.65..4091.86 rows=1041 width=121)
	  ->  Sort  (cost=4086.65..4089.26 rows=1041 width=121)
	        Sort Key: c
	        ->  Bitmap Heap Scan on sbtest7  (cost=35.11..4034.48 rows=1041 width=121)
	              Recheck Cond: ((id >= 6334708) AND (id <= 6335707))
	              ->  Bitmap Index Scan on sbtest7_pkey  (cost=0.00..34.84 rows=1041 width=0)
	                    Index Cond: ((id >= 6334708) AND (id <= 6335707))

table 8 : explain SELECT DISTINCT c FROM sbtest8 WHERE id BETWEEN 9804451 AND 9805450 ORDER BY c
	Unique  (cost=3948.97..3954.00 rows=1006 width=121)
	  ->  Sort  (cost=3948.97..3951.48 rows=1006 width=121)
	        Sort Key: c
	        ->  Bitmap Heap Scan on sbtest8  (cost=34.75..3898.80 rows=1006 width=121)
	              Recheck Cond: ((id >= 9804451) AND (id <= 9805450))
	              ->  Bitmap Index Scan on sbtest8_pkey  (cost=0.00..34.50 rows=1006 width=0)
	                    Index Cond: ((id >= 9804451) AND (id <= 9805450))

for: distinct_ranges
table 1 : explain SELECT DISTINCT c FROM sbtest1 WHERE id BETWEEN 5972937 AND 5973936 ORDER BY c
	Unique  (cost=4680.71..4686.69 rows=1197 width=121)
	  ->  Sort  (cost=4680.71..4683.70 rows=1197 width=121)
	        Sort Key: c
	        ->  Bitmap Heap Scan on sbtest1  (cost=40.70..4619.51 rows=1197 width=121)
	              Recheck Cond: ((id >= 5972937) AND (id <= 5973936))
	              ->  Bitmap Index Scan on sbtest1_pkey  (cost=0.00..40.41 rows=1197 width=0)
	                    Index Cond: ((id >= 5972937) AND (id <= 5973936))

table 2 : explain SELECT DISTINCT c FROM sbtest2 WHERE id BETWEEN 4976898 AND 4977897 ORDER BY c
	Unique  (cost=3928.42..3933.42 rows=1001 width=121)
	  ->  Sort  (cost=3928.42..3930.92 rows=1001 width=121)
	        Sort Key: c
	        ->  Bitmap Heap Scan on sbtest2  (cost=34.70..3878.53 rows=1001 width=121)
	              Recheck Cond: ((id >= 4976898) AND (id <= 4977897))
	              ->  Bitmap Index Scan on sbtest2_pkey  (cost=0.00..34.45 rows=1001 width=0)
	                    Index Cond: ((id >= 4976898) AND (id <= 4977897))

table 3 : explain SELECT DISTINCT c FROM sbtest3 WHERE id BETWEEN 1718944 AND 1719943 ORDER BY c
	Unique  (cost=3634.93..3639.55 rows=923 width=121)
	  ->  Sort  (cost=3634.93..3637.24 rows=923 width=121)
	        Sort Key: c
	        ->  Bitmap Heap Scan on sbtest3  (cost=33.90..3589.47 rows=923 width=121)
	              Recheck Cond: ((id >= 1718944) AND (id <= 1719943))
	              ->  Bitmap Index Scan on sbtest3_pkey  (cost=0.00..33.67 rows=923 width=0)
	                    Index Cond: ((id >= 1718944) AND (id <= 1719943))

table 4 : explain SELECT DISTINCT c FROM sbtest4 WHERE id BETWEEN 8616128 AND 8617127 ORDER BY c
	Unique  (cost=3927.00..3932.00 rows=999 width=121)
	  ->  Sort  (cost=3927.00..3929.50 rows=999 width=121)
	        Sort Key: c
	        ->  Bitmap Heap Scan on sbtest4  (cost=34.67..3877.23 rows=999 width=121)
	              Recheck Cond: ((id >= 8616128) AND (id <= 8617127))
	              ->  Bitmap Index Scan on sbtest4_pkey  (cost=0.00..34.43 rows=999 width=0)
	                    Index Cond: ((id >= 8616128) AND (id <= 8617127))

table 5 : explain SELECT DISTINCT c FROM sbtest5 WHERE id BETWEEN 556653 AND 557652 ORDER BY c
	Unique  (cost=4030.17..4035.30 rows=1026 width=121)
	  ->  Sort  (cost=4030.17..4032.73 rows=1026 width=121)
	        Sort Key: c
	        ->  Bitmap Heap Scan on sbtest5  (cost=34.95..3978.85 rows=1026 width=121)
	              Recheck Cond: ((id >= 556653) AND (id <= 557652))
	              ->  Bitmap Index Scan on sbtest5_pkey  (cost=0.00..34.70 rows=1026 width=0)
	                    Index Cond: ((id >= 556653) AND (id <= 557652))

table 6 : explain SELECT DISTINCT c FROM sbtest6 WHERE id BETWEEN 5766591 AND 5767590 ORDER BY c
	Unique  (cost=4519.71..4525.49 rows=1155 width=121)
	  ->  Sort  (cost=4519.71..4522.60 rows=1155 width=121)
	        Sort Key: c
	        ->  Bitmap Heap Scan on sbtest6  (cost=40.27..4460.96 rows=1155 width=121)
	              Recheck Cond: ((id >= 5766591) AND (id <= 5767590))
	              ->  Bitmap Index Scan on sbtest6_pkey  (cost=0.00..39.98 rows=1155 width=0)
	                    Index Cond: ((id >= 5766591) AND (id <= 5767590))

table 7 : explain SELECT DISTINCT c FROM sbtest7 WHERE id BETWEEN 1015885 AND 1016884 ORDER BY c
	Unique  (cost=3994.74..3999.83 rows=1017 width=121)
	  ->  Sort  (cost=3994.74..3997.28 rows=1017 width=121)
	        Sort Key: c
	        ->  Bitmap Heap Scan on sbtest7  (cost=34.86..3943.94 rows=1017 width=121)
	              Recheck Cond: ((id >= 1015885) AND (id <= 1016884))
	              ->  Bitmap Index Scan on sbtest7_pkey  (cost=0.00..34.61 rows=1017 width=0)
	                    Index Cond: ((id >= 1015885) AND (id <= 1016884))

table 8 : explain SELECT DISTINCT c FROM sbtest8 WHERE id BETWEEN 982935 AND 983934 ORDER BY c
	Unique  (cost=3849.43..3854.33 rows=980 width=121)
	  ->  Sort  (cost=3849.43..3851.88 rows=980 width=121)
	        Sort Key: c
	        ->  Bitmap Heap Scan on sbtest8  (cost=34.48..3800.74 rows=980 width=121)
	              Recheck Cond: ((id >= 982935) AND (id <= 983934))
	              ->  Bitmap Index Scan on sbtest8_pkey  (cost=0.00..34.23 rows=980 width=0)
	                    Index Cond: ((id >= 982935) AND (id <= 983934))

for: distinct_ranges
table 1 : explain SELECT DISTINCT c FROM sbtest1 WHERE id BETWEEN 6315889 AND 6316888 ORDER BY c
	Unique  (cost=3690.27..3694.96 rows=938 width=121)
	  ->  Sort  (cost=3690.27..3692.61 rows=938 width=121)
	        Sort Key: c
	        ->  Bitmap Heap Scan on sbtest1  (cost=34.05..3643.96 rows=938 width=121)
	              Recheck Cond: ((id >= 6315889) AND (id <= 6316888))
	              ->  Bitmap Index Scan on sbtest1_pkey  (cost=0.00..33.82 rows=938 width=0)
	                    Index Cond: ((id >= 6315889) AND (id <= 6316888))

table 2 : explain SELECT DISTINCT c FROM sbtest2 WHERE id BETWEEN 3679133 AND 3680132 ORDER BY c
	Unique  (cost=3790.62..3795.45 rows=965 width=121)
	  ->  Sort  (cost=3790.62..3793.03 rows=965 width=121)
	        Sort Key: c
	        ->  Bitmap Heap Scan on sbtest2  (cost=34.33..3742.78 rows=965 width=121)
	              Recheck Cond: ((id >= 3679133) AND (id <= 3680132))
	              ->  Bitmap Index Scan on sbtest2_pkey  (cost=0.00..34.09 rows=965 width=0)
	                    Index Cond: ((id >= 3679133) AND (id <= 3680132))

table 3 : explain SELECT DISTINCT c FROM sbtest3 WHERE id BETWEEN 1307833 AND 1308832 ORDER BY c
	Unique  (cost=3965.05..3970.10 rows=1009 width=121)
	  ->  Sort  (cost=3965.05..3967.58 rows=1009 width=121)
	        Sort Key: c
	        ->  Bitmap Heap Scan on sbtest3  (cost=34.78..3914.71 rows=1009 width=121)
	              Recheck Cond: ((id >= 1307833) AND (id <= 1308832))
	              ->  Bitmap Index Scan on sbtest3_pkey  (cost=0.00..34.53 rows=1009 width=0)
	                    Index Cond: ((id >= 1307833) AND (id <= 1308832))

table 4 : explain SELECT DISTINCT c FROM sbtest4 WHERE id BETWEEN 7922075 AND 7923074 ORDER BY c
	Unique  (cost=4164.56..4169.87 rows=1061 width=121)
	  ->  Sort  (cost=4164.56..4167.21 rows=1061 width=121)
	        Sort Key: c
	        ->  Bitmap Heap Scan on sbtest4  (cost=35.31..4111.24 rows=1061 width=121)
	              Recheck Cond: ((id >= 7922075) AND (id <= 7923074))
	              ->  Bitmap Index Scan on sbtest4_pkey  (cost=0.00..35.05 rows=1061 width=0)
	                    Index Cond: ((id >= 7922075) AND (id <= 7923074))

table 5 : explain SELECT DISTINCT c FROM sbtest5 WHERE id BETWEEN 2235980 AND 2236979 ORDER BY c
	Unique  (cost=3796.23..3801.05 rows=965 width=121)
	  ->  Sort  (cost=3796.23..3798.64 rows=965 width=121)
	        Sort Key: c
	        ->  Bitmap Heap Scan on sbtest5  (cost=34.33..3748.39 rows=965 width=121)
	              Recheck Cond: ((id >= 2235980) AND (id <= 2236979))
	              ->  Bitmap Index Scan on sbtest5_pkey  (cost=0.00..34.09 rows=965 width=0)
	                    Index Cond: ((id >= 2235980) AND (id <= 2236979))

table 6 : explain SELECT DISTINCT c FROM sbtest6 WHERE id BETWEEN 8316532 AND 8317531 ORDER BY c
	Unique  (cost=4141.52..4146.80 rows=1056 width=121)
	  ->  Sort  (cost=4141.52..4144.16 rows=1056 width=121)
	        Sort Key: c
	        ->  Bitmap Heap Scan on sbtest6  (cost=35.26..4088.48 rows=1056 width=121)
	              Recheck Cond: ((id >= 8316532) AND (id <= 8317531))
	              ->  Bitmap Index Scan on sbtest6_pkey  (cost=0.00..35.00 rows=1056 width=0)
	                    Index Cond: ((id >= 8316532) AND (id <= 8317531))

table 7 : explain SELECT DISTINCT c FROM sbtest7 WHERE id BETWEEN 1350981 AND 1351980 ORDER BY c
	Unique  (cost=4216.75..4222.13 rows=1075 width=121)
	  ->  Sort  (cost=4216.75..4219.44 rows=1075 width=121)
	        Sort Key: c
	        ->  Bitmap Heap Scan on sbtest7  (cost=35.45..4162.63 rows=1075 width=121)
	              Recheck Cond: ((id >= 1350981) AND (id <= 1351980))
	              ->  Bitmap Index Scan on sbtest7_pkey  (cost=0.00..35.19 rows=1075 width=0)
	                    Index Cond: ((id >= 1350981) AND (id <= 1351980))

table 8 : explain SELECT DISTINCT c FROM sbtest8 WHERE id BETWEEN 5426697 AND 5427696 ORDER BY c
	Unique  (cost=3960.45..3965.49 rows=1009 width=121)
	  ->  Sort  (cost=3960.45..3962.97 rows=1009 width=121)
	        Sort Key: c
	        ->  Bitmap Heap Scan on sbtest8  (cost=34.78..3910.11 rows=1009 width=121)
	              Recheck Cond: ((id >= 5426697) AND (id <= 5427696))
	              ->  Bitmap Index Scan on sbtest8_pkey  (cost=0.00..34.53 rows=1009 width=0)
	                    Index Cond: ((id >= 5426697) AND (id <= 5427696))

for: order_ranges
table 1 : explain SELECT c FROM sbtest1 WHERE id BETWEEN 5665591 AND 5666590 ORDER BY c
	Sort  (cost=3571.06..3573.33 rows=908 width=121)
	  Sort Key: c
	  ->  Bitmap Heap Scan on sbtest1  (cost=29.74..3526.45 rows=908 width=121)
	        Recheck Cond: ((id >= 5665591) AND (id <= 5666590))
	        ->  Bitmap Index Scan on sbtest1_pkey  (cost=0.00..29.51 rows=908 width=0)
	              Index Cond: ((id >= 5665591) AND (id <= 5666590))

table 2 : explain SELECT c FROM sbtest2 WHERE id BETWEEN 831098 AND 832097 ORDER BY c
	Sort  (cost=3805.94..3808.36 rows=969 width=121)
	  Sort Key: c
	  ->  Bitmap Heap Scan on sbtest2  (cost=34.37..3757.88 rows=969 width=121)
	        Recheck Cond: ((id >= 831098) AND (id <= 832097))
	        ->  Bitmap Index Scan on sbtest2_pkey  (cost=0.00..34.12 rows=969 width=0)
	              Index Cond: ((id >= 831098) AND (id <= 832097))

table 3 : explain SELECT c FROM sbtest3 WHERE id BETWEEN 3355599 AND 3356598 ORDER BY c
	Sort  (cost=4168.07..4170.73 rows=1062 width=121)
	  Sort Key: c
	  ->  Bitmap Heap Scan on sbtest3  (cost=35.32..4114.69 rows=1062 width=121)
	        Recheck Cond: ((id >= 3355599) AND (id <= 3356598))
	        ->  Bitmap Index Scan on sbtest3_pkey  (cost=0.00..35.06 rows=1062 width=0)
	              Index Cond: ((id >= 3355599) AND (id <= 3356598))

table 4 : explain SELECT c FROM sbtest4 WHERE id BETWEEN 1810631 AND 1811630 ORDER BY c
	Sort  (cost=3969.18..3971.71 rows=1010 width=121)
	  Sort Key: c
	  ->  Bitmap Heap Scan on sbtest4  (cost=34.79..3918.78 rows=1010 width=121)
	        Recheck Cond: ((id >= 1810631) AND (id <= 1811630))
	        ->  Bitmap Index Scan on sbtest4_pkey  (cost=0.00..34.54 rows=1010 width=0)
	              Index Cond: ((id >= 1810631) AND (id <= 1811630))

table 5 : explain SELECT c FROM sbtest5 WHERE id BETWEEN 4973748 AND 4974747 ORDER BY c
	Sort  (cost=3692.54..3694.89 rows=938 width=121)
	  Sort Key: c
	  ->  Bitmap Heap Scan on sbtest5  (cost=34.05..3646.24 rows=938 width=121)
	        Recheck Cond: ((id >= 4973748) AND (id <= 4974747))
	        ->  Bitmap Index Scan on sbtest5_pkey  (cost=0.00..33.82 rows=938 width=0)
	              Index Cond: ((id >= 4973748) AND (id <= 4974747))

table 6 : explain SELECT c FROM sbtest6 WHERE id BETWEEN 8752557 AND 8753556 ORDER BY c
	Sort  (cost=4282.89..4285.62 rows=1093 width=121)
	  Sort Key: c
	  ->  Bitmap Heap Scan on sbtest6  (cost=35.64..4227.73 rows=1093 width=121)
	        Recheck Cond: ((id >= 8752557) AND (id <= 8753556))
	        ->  Bitmap Index Scan on sbtest6_pkey  (cost=0.00..35.37 rows=1093 width=0)
	              Index Cond: ((id >= 8752557) AND (id <= 8753556))

table 7 : explain SELECT c FROM sbtest7 WHERE id BETWEEN 504191 AND 505190 ORDER BY c
	Sort  (cost=4576.03..4578.95 rows=1169 width=121)
	  Sort Key: c
	  ->  Bitmap Heap Scan on sbtest7  (cost=40.42..4516.46 rows=1169 width=121)
	        Recheck Cond: ((id >= 504191) AND (id <= 505190))
	        ->  Bitmap Index Scan on sbtest7_pkey  (cost=0.00..40.12 rows=1169 width=0)
	              Index Cond: ((id >= 504191) AND (id <= 505190))

table 8 : explain SELECT c FROM sbtest8 WHERE id BETWEEN 622373 AND 623372 ORDER BY c
	Sort  (cost=4059.90..4062.49 rows=1035 width=121)
	  Sort Key: c
	  ->  Bitmap Heap Scan on sbtest8  (cost=35.04..4008.07 rows=1035 width=121)
	        Recheck Cond: ((id >= 622373) AND (id <= 623372))
	        ->  Bitmap Index Scan on sbtest8_pkey  (cost=0.00..34.79 rows=1035 width=0)
	              Index Cond: ((id >= 622373) AND (id <= 623372))

for: sum_ranges
table 1 : explain SELECT SUM(k) FROM sbtest1 WHERE id BETWEEN 3430803 AND 3431802
	Aggregate  (cost=3714.40..3714.41 rows=1 width=8)
	  ->  Bitmap Heap Scan on sbtest1  (cost=34.23..3712.01 rows=956 width=4)
	        Recheck Cond: ((id >= 3430803) AND (id <= 3431802))
	        ->  Bitmap Index Scan on sbtest1_pkey  (cost=0.00..34.00 rows=956 width=0)
	              Index Cond: ((id >= 3430803) AND (id <= 3431802))

table 2 : explain SELECT SUM(k) FROM sbtest2 WHERE id BETWEEN 9838699 AND 9839698
	Aggregate  (cost=4012.94..4012.95 rows=1 width=8)
	  ->  Bitmap Heap Scan on sbtest2  (cost=35.05..4010.35 rows=1036 width=4)
	        Recheck Cond: ((id >= 9838699) AND (id <= 9839698))
	        ->  Bitmap Index Scan on sbtest2_pkey  (cost=0.00..34.80 rows=1036 width=0)
	              Index Cond: ((id >= 9838699) AND (id <= 9839698))

table 3 : explain SELECT SUM(k) FROM sbtest3 WHERE id BETWEEN 8239038 AND 8240037
	Aggregate  (cost=3784.90..3784.91 rows=1 width=8)
	  ->  Bitmap Heap Scan on sbtest3  (cost=34.42..3782.46 rows=974 width=4)
	        Recheck Cond: ((id >= 8239038) AND (id <= 8240037))
	        ->  Bitmap Index Scan on sbtest3_pkey  (cost=0.00..34.18 rows=974 width=0)
	              Index Cond: ((id >= 8239038) AND (id <= 8240037))

table 4 : explain SELECT SUM(k) FROM sbtest4 WHERE id BETWEEN 5220930 AND 5221929
	Aggregate  (cost=3614.78..3614.79 rows=1 width=8)
	  ->  Bitmap Heap Scan on sbtest4  (cost=33.96..3612.46 rows=929 width=4)
	        Recheck Cond: ((id >= 5220930) AND (id <= 5221929))
	        ->  Bitmap Index Scan on sbtest4_pkey  (cost=0.00..33.73 rows=929 width=0)
	              Index Cond: ((id >= 5220930) AND (id <= 5221929))

table 5 : explain SELECT SUM(k) FROM sbtest5 WHERE id BETWEEN 8844835 AND 8845834
	Aggregate  (cost=3716.74..3716.75 rows=1 width=8)
	  ->  Bitmap Heap Scan on sbtest5  (cost=34.23..3714.35 rows=956 width=4)
	        Recheck Cond: ((id >= 8844835) AND (id <= 8845834))
	        ->  Bitmap Index Scan on sbtest5_pkey  (cost=0.00..34.00 rows=956 width=0)
	              Index Cond: ((id >= 8844835) AND (id <= 8845834))

table 6 : explain SELECT SUM(k) FROM sbtest6 WHERE id BETWEEN 5336922 AND 5337921
	Aggregate  (cost=3830.83..3830.84 rows=1 width=8)
	  ->  Bitmap Heap Scan on sbtest6  (cost=34.55..3828.36 rows=987 width=4)
	        Recheck Cond: ((id >= 5336922) AND (id <= 5337921))
	        ->  Bitmap Index Scan on sbtest6_pkey  (cost=0.00..34.31 rows=987 width=0)
	              Index Cond: ((id >= 5336922) AND (id <= 5337921))

table 7 : explain SELECT SUM(k) FROM sbtest7 WHERE id BETWEEN 8977671 AND 8978670
	Aggregate  (cost=4018.21..4018.22 rows=1 width=8)
	  ->  Bitmap Heap Scan on sbtest7  (cost=35.05..4015.62 rows=1036 width=4)
	        Recheck Cond: ((id >= 8977671) AND (id <= 8978670))
	        ->  Bitmap Index Scan on sbtest7_pkey  (cost=0.00..34.80 rows=1036 width=0)
	              Index Cond: ((id >= 8977671) AND (id <= 8978670))

table 8 : explain SELECT SUM(k) FROM sbtest8 WHERE id BETWEEN 6807323 AND 6808322
	Aggregate  (cost=3776.75..3776.76 rows=1 width=8)
	  ->  Bitmap Heap Scan on sbtest8  (cost=34.41..3774.32 rows=973 width=4)
	        Recheck Cond: ((id >= 6807323) AND (id <= 6808322))
	        ->  Bitmap Index Scan on sbtest8_pkey  (cost=0.00..34.17 rows=973 width=0)
	              Index Cond: ((id >= 6807323) AND (id <= 6808322))

explain: for point_selects :: explain SELECT c FROM sbtest%u WHERE id=%u
for: distinct_ranges
table 1 : explain SELECT DISTINCT c FROM sbtest1 WHERE id BETWEEN 2363590 AND 2364589 ORDER BY c
	Unique  (cost=4604.52..4610.40 rows=1177 width=121)
	  ->  Sort  (cost=4604.52..4607.46 rows=1177 width=121)
	        Sort Key: c
	        ->  Bitmap Heap Scan on sbtest1  (cost=40.50..4544.48 rows=1177 width=121)
	              Recheck Cond: ((id >= 2363590) AND (id <= 2364589))
	              ->  Bitmap Index Scan on sbtest1_pkey  (cost=0.00..40.20 rows=1177 width=0)
	                    Index Cond: ((id >= 2363590) AND (id <= 2364589))

table 2 : explain SELECT DISTINCT c FROM sbtest2 WHERE id BETWEEN 195317 AND 196316 ORDER BY c
	Unique  (cost=4020.20..4025.32 rows=1025 width=121)
	  ->  Sort  (cost=4020.20..4022.76 rows=1025 width=121)
	        Sort Key: c
	        ->  Bitmap Heap Scan on sbtest2  (cost=34.94..3968.94 rows=1025 width=121)
	              Recheck Cond: ((id >= 195317) AND (id <= 196316))
	              ->  Bitmap Index Scan on sbtest2_pkey  (cost=0.00..34.69 rows=1025 width=0)
	                    Index Cond: ((id >= 195317) AND (id <= 196316))

table 3 : explain SELECT DISTINCT c FROM sbtest3 WHERE id BETWEEN 8863648 AND 8864647 ORDER BY c
	Unique  (cost=3746.35..3751.11 rows=952 width=121)
	  ->  Sort  (cost=3746.35..3748.73 rows=952 width=121)
	        Sort Key: c
	        ->  Bitmap Heap Scan on sbtest3  (cost=34.19..3699.25 rows=952 width=121)
	              Recheck Cond: ((id >= 8863648) AND (id <= 8864647))
	              ->  Bitmap Index Scan on sbtest3_pkey  (cost=0.00..33.95 rows=952 width=0)
	                    Index Cond: ((id >= 8863648) AND (id <= 8864647))

table 4 : explain SELECT DISTINCT c FROM sbtest4 WHERE id BETWEEN 6521635 AND 6522634 ORDER BY c
	Unique  (cost=3819.57..3824.43 rows=971 width=121)
	  ->  Sort  (cost=3819.57..3822.00 rows=971 width=121)
	        Sort Key: c
	        ->  Bitmap Heap Scan on sbtest4  (cost=34.39..3771.40 rows=971 width=121)
	              Recheck Cond: ((id >= 6521635) AND (id <= 6522634))
	              ->  Bitmap Index Scan on sbtest4_pkey  (cost=0.00..34.15 rows=971 width=0)
	                    Index Cond: ((id >= 6521635) AND (id <= 6522634))

table 5 : explain SELECT DISTINCT c FROM sbtest5 WHERE id BETWEEN 7927213 AND 7928212 ORDER BY c
	Unique  (cost=4056.99..4062.15 rows=1033 width=121)
	  ->  Sort  (cost=4056.99..4059.57 rows=1033 width=121)
	        Sort Key: c
	        ->  Bitmap Heap Scan on sbtest5  (cost=35.02..4005.27 rows=1033 width=121)
	              Recheck Cond: ((id >= 7927213) AND (id <= 7928212))
	              ->  Bitmap Index Scan on sbtest5_pkey  (cost=0.00..34.77 rows=1033 width=0)
	                    Index Cond: ((id >= 7927213) AND (id <= 7928212))

table 6 : explain SELECT DISTINCT c FROM sbtest6 WHERE id BETWEEN 950527 AND 951526 ORDER BY c
	Unique  (cost=3781.63..3786.44 rows=962 width=121)
	  ->  Sort  (cost=3781.63..3784.04 rows=962 width=121)
	        Sort Key: c
	        ->  Bitmap Heap Scan on sbtest6  (cost=34.30..3733.97 rows=962 width=121)
	              Recheck Cond: ((id >= 950527) AND (id <= 951526))
	              ->  Bitmap Index Scan on sbtest6_pkey  (cost=0.00..34.06 rows=962 width=0)
	                    Index Cond: ((id >= 950527) AND (id <= 951526))

table 7 : explain SELECT DISTINCT c FROM sbtest7 WHERE id BETWEEN 2703083 AND 2704082 ORDER BY c
	Unique  (cost=3634.09..3638.70 rows=923 width=121)
	  ->  Sort  (cost=3634.09..3636.39 rows=923 width=121)
	        Sort Key: c
	        ->  Bitmap Heap Scan on sbtest7  (cost=33.90..3588.63 rows=923 width=121)
	              Recheck Cond: ((id >= 2703083) AND (id <= 2704082))
	              ->  Bitmap Index Scan on sbtest7_pkey  (cost=0.00..33.67 rows=923 width=0)
	                    Index Cond: ((id >= 2703083) AND (id <= 2704082))

table 8 : explain SELECT DISTINCT c FROM sbtest8 WHERE id BETWEEN 2911484 AND 2912483 ORDER BY c
	Unique  (cost=3749.80..3754.57 rows=954 width=121)
	  ->  Sort  (cost=3749.80..3752.18 rows=954 width=121)
	        Sort Key: c
	        ->  Bitmap Heap Scan on sbtest8  (cost=34.21..3702.59 rows=954 width=121)
	              Recheck Cond: ((id >= 2911484) AND (id <= 2912483))
	              ->  Bitmap Index Scan on sbtest8_pkey  (cost=0.00..33.98 rows=954 width=0)
	                    Index Cond: ((id >= 2911484) AND (id <= 2912483))

for: order_ranges
table 1 : explain SELECT c FROM sbtest1 WHERE id BETWEEN 9145062 AND 9146061 ORDER BY c
	Sort  (cost=3774.68..3777.08 rows=960 width=121)
	  Sort Key: c
	  ->  Bitmap Heap Scan on sbtest1  (cost=34.28..3727.13 rows=960 width=121)
	        Recheck Cond: ((id >= 9145062) AND (id <= 9146061))
	        ->  Bitmap Index Scan on sbtest1_pkey  (cost=0.00..34.04 rows=960 width=0)
	              Index Cond: ((id >= 9145062) AND (id <= 9146061))

table 2 : explain SELECT c FROM sbtest2 WHERE id BETWEEN 1248268 AND 1249267 ORDER BY c
	Sort  (cost=4020.20..4022.76 rows=1025 width=121)
	  Sort Key: c
	  ->  Bitmap Heap Scan on sbtest2  (cost=34.94..3968.94 rows=1025 width=121)
	        Recheck Cond: ((id >= 1248268) AND (id <= 1249267))
	        ->  Bitmap Index Scan on sbtest2_pkey  (cost=0.00..34.69 rows=1025 width=0)
	              Index Cond: ((id >= 1248268) AND (id <= 1249267))

table 3 : explain SELECT c FROM sbtest3 WHERE id BETWEEN 1254259 AND 1255258 ORDER BY c
	Sort  (cost=3930.55..3933.05 rows=1000 width=121)
	  Sort Key: c
	  ->  Bitmap Heap Scan on sbtest3  (cost=34.69..3880.72 rows=1000 width=121)
	        Recheck Cond: ((id >= 1254259) AND (id <= 1255258))
	        ->  Bitmap Index Scan on sbtest3_pkey  (cost=0.00..34.44 rows=1000 width=0)
	              Index Cond: ((id >= 1254259) AND (id <= 1255258))

table 4 : explain SELECT c FROM sbtest4 WHERE id BETWEEN 8992686 AND 8993685 ORDER BY c
	Sort  (cost=3930.84..3933.34 rows=1000 width=121)
	  Sort Key: c
	  ->  Bitmap Heap Scan on sbtest4  (cost=34.69..3881.01 rows=1000 width=121)
	        Recheck Cond: ((id >= 8992686) AND (id <= 8993685))
	        ->  Bitmap Index Scan on sbtest4_pkey  (cost=0.00..34.44 rows=1000 width=0)
	              Index Cond: ((id >= 8992686) AND (id <= 8993685))

table 5 : explain SELECT c FROM sbtest5 WHERE id BETWEEN 3870871 AND 3871870 ORDER BY c
	Sort  (cost=3869.14..3871.60 rows=984 width=121)
	  Sort Key: c
	  ->  Bitmap Heap Scan on sbtest5  (cost=34.52..3820.22 rows=984 width=121)
	        Recheck Cond: ((id >= 3870871) AND (id <= 3871870))
	        ->  Bitmap Index Scan on sbtest5_pkey  (cost=0.00..34.28 rows=984 width=0)
	              Index Cond: ((id >= 3870871) AND (id <= 3871870))

table 6 : explain SELECT c FROM sbtest6 WHERE id BETWEEN 9565444 AND 9566443 ORDER BY c
	Sort  (cost=4347.98..4350.75 rows=1109 width=121)
	  Sort Key: c
	  ->  Bitmap Heap Scan on sbtest6  (cost=39.80..4291.89 rows=1109 width=121)
	        Recheck Cond: ((id >= 9565444) AND (id <= 9566443))
	        ->  Bitmap Index Scan on sbtest6_pkey  (cost=0.00..39.53 rows=1109 width=0)
	              Index Cond: ((id >= 9565444) AND (id <= 9566443))

table 7 : explain SELECT c FROM sbtest7 WHERE id BETWEEN 2654972 AND 2655971 ORDER BY c
	Sort  (cost=3634.09..3636.39 rows=923 width=121)
	  Sort Key: c
	  ->  Bitmap Heap Scan on sbtest7  (cost=33.90..3588.63 rows=923 width=121)
	        Recheck Cond: ((id >= 2654972) AND (id <= 2655971))
	        ->  Bitmap Index Scan on sbtest7_pkey  (cost=0.00..33.67 rows=923 width=0)
	              Index Cond: ((id >= 2654972) AND (id <= 2655971))

table 8 : explain SELECT c FROM sbtest8 WHERE id BETWEEN 4087647 AND 4088646 ORDER BY c
	Sort  (cost=3994.89..3997.43 rows=1018 width=121)
	  Sort Key: c
	  ->  Bitmap Heap Scan on sbtest8  (cost=34.87..3944.03 rows=1018 width=121)
	        Recheck Cond: ((id >= 4087647) AND (id <= 4088646))
	        ->  Bitmap Index Scan on sbtest8_pkey  (cost=0.00..34.62 rows=1018 width=0)
	              Index Cond: ((id >= 4087647) AND (id <= 4088646))

for: distinct_ranges
table 1 : explain SELECT DISTINCT c FROM sbtest1 WHERE id BETWEEN 5532150 AND 5533149 ORDER BY c
	Unique  (cost=4035.22..4040.36 rows=1028 width=121)
	  ->  Sort  (cost=4035.22..4037.79 rows=1028 width=121)
	        Sort Key: c
	        ->  Bitmap Heap Scan on sbtest1  (cost=34.97..3983.79 rows=1028 width=121)
	              Recheck Cond: ((id >= 5532150) AND (id <= 5533149))
	              ->  Bitmap Index Scan on sbtest1_pkey  (cost=0.00..34.72 rows=1028 width=0)
	                    Index Cond: ((id >= 5532150) AND (id <= 5533149))

table 2 : explain SELECT DISTINCT c FROM sbtest2 WHERE id BETWEEN 9643318 AND 9644317 ORDER BY c
	Unique  (cost=3974.32..3979.38 rows=1013 width=121)
	  ->  Sort  (cost=3974.32..3976.85 rows=1013 width=121)
	        Sort Key: c
	        ->  Bitmap Heap Scan on sbtest2  (cost=34.82..3923.75 rows=1013 width=121)
	              Recheck Cond: ((id >= 9643318) AND (id <= 9644317))
	              ->  Bitmap Index Scan on sbtest2_pkey  (cost=0.00..34.57 rows=1013 width=0)
	                    Index Cond: ((id >= 9643318) AND (id <= 9644317))

table 3 : explain SELECT DISTINCT c FROM sbtest3 WHERE id BETWEEN 2916409 AND 2917408 ORDER BY c
	Unique  (cost=3938.22..3943.23 rows=1002 width=121)
	  ->  Sort  (cost=3938.22..3940.72 rows=1002 width=121)
	        Sort Key: c
	        ->  Bitmap Heap Scan on sbtest3  (cost=34.71..3888.27 rows=1002 width=121)
	              Recheck Cond: ((id >= 2916409) AND (id <= 2917408))
	              ->  Bitmap Index Scan on sbtest3_pkey  (cost=0.00..34.45 rows=1002 width=0)
	                    Index Cond: ((id >= 2916409) AND (id <= 2917408))

table 4 : explain SELECT DISTINCT c FROM sbtest4 WHERE id BETWEEN 7978925 AND 7979924 ORDER BY c
	Unique  (cost=4164.56..4169.87 rows=1061 width=121)
	  ->  Sort  (cost=4164.56..4167.21 rows=1061 width=121)
	        Sort Key: c
	        ->  Bitmap Heap Scan on sbtest4  (cost=35.31..4111.24 rows=1061 width=121)
	              Recheck Cond: ((id >= 7978925) AND (id <= 7979924))
	              ->  Bitmap Index Scan on sbtest4_pkey  (cost=0.00..35.05 rows=1061 width=0)
	                    Index Cond: ((id >= 7978925) AND (id <= 7979924))

table 5 : explain SELECT DISTINCT c FROM sbtest5 WHERE id BETWEEN 8014308 AND 8015307 ORDER BY c
	Unique  (cost=3895.99..3900.95 rows=991 width=121)
	  ->  Sort  (cost=3895.99..3898.47 rows=991 width=121)
	        Sort Key: c
	        ->  Bitmap Heap Scan on sbtest5  (cost=34.59..3846.68 rows=991 width=121)
	              Recheck Cond: ((id >= 8014308) AND (id <= 8015307))
	              ->  Bitmap Index Scan on sbtest5_pkey  (cost=0.00..34.34 rows=991 width=0)
	                    Index Cond: ((id >= 8014308) AND (id <= 8015307))

table 6 : explain SELECT DISTINCT c FROM sbtest6 WHERE id BETWEEN 5039128 AND 5040127 ORDER BY c
	Unique  (cost=3731.78..3736.52 rows=949 width=121)
	  ->  Sort  (cost=3731.78..3734.15 rows=949 width=121)
	        Sort Key: c
	        ->  Bitmap Heap Scan on sbtest6  (cost=34.16..3684.85 rows=949 width=121)
	              Recheck Cond: ((id >= 5039128) AND (id <= 5040127))
	              ->  Bitmap Index Scan on sbtest6_pkey  (cost=0.00..33.93 rows=949 width=0)
	                    Index Cond: ((id >= 5039128) AND (id <= 5040127))

table 7 : explain SELECT DISTINCT c FROM sbtest7 WHERE id BETWEEN 5668127 AND 5669126 ORDER BY c
	Unique  (cost=4331.62..4337.14 rows=1104 width=121)
	  ->  Sort  (cost=4331.62..4334.38 rows=1104 width=121)
	        Sort Key: c
	        ->  Bitmap Heap Scan on sbtest7  (cost=39.75..4275.82 rows=1104 width=121)
	              Recheck Cond: ((id >= 5668127) AND (id <= 5669126))
	              ->  Bitmap Index Scan on sbtest7_pkey  (cost=0.00..39.48 rows=1104 width=0)
	                    Index Cond: ((id >= 5668127) AND (id <= 5669126))

table 8 : explain SELECT DISTINCT c FROM sbtest8 WHERE id BETWEEN 1298869 AND 1299868 ORDER BY c
	Unique  (cost=3991.06..3996.14 rows=1017 width=121)
	  ->  Sort  (cost=3991.06..3993.60 rows=1017 width=121)
	        Sort Key: c
	        ->  Bitmap Heap Scan on sbtest8  (cost=34.86..3940.26 rows=1017 width=121)
	              Recheck Cond: ((id >= 1298869) AND (id <= 1299868))
	              ->  Bitmap Index Scan on sbtest8_pkey  (cost=0.00..34.61 rows=1017 width=0)
	                    Index Cond: ((id >= 1298869) AND (id <= 1299868))

for: distinct_ranges
table 1 : explain SELECT DISTINCT c FROM sbtest1 WHERE id BETWEEN 7983253 AND 7984252 ORDER BY c
	Unique  (cost=3843.70..3848.59 rows=978 width=121)
	  ->  Sort  (cost=3843.70..3846.15 rows=978 width=121)
	        Sort Key: c
	        ->  Bitmap Heap Scan on sbtest1  (cost=34.46..3795.12 rows=978 width=121)
	              Recheck Cond: ((id >= 7983253) AND (id <= 7984252))
	              ->  Bitmap Index Scan on sbtest1_pkey  (cost=0.00..34.22 rows=978 width=0)
	                    Index Cond: ((id >= 7983253) AND (id <= 7984252))

table 2 : explain SELECT DISTINCT c FROM sbtest2 WHERE id BETWEEN 9451131 AND 9452130 ORDER BY c
	Unique  (cost=3414.53..3418.87 rows=868 width=121)
	  ->  Sort  (cost=3414.53..3416.70 rows=868 width=121)
	        Sort Key: c
	        ->  Bitmap Heap Scan on sbtest2  (cost=29.33..3372.16 rows=868 width=121)
	              Recheck Cond: ((id >= 9451131) AND (id <= 9452130))
	              ->  Bitmap Index Scan on sbtest2_pkey  (cost=0.00..29.11 rows=868 width=0)
	                    Index Cond: ((id >= 9451131) AND (id <= 9452130))

table 3 : explain SELECT DISTINCT c FROM sbtest3 WHERE id BETWEEN 8087779 AND 8088778 ORDER BY c
	Unique  (cost=3884.52..3889.46 rows=988 width=121)
	  ->  Sort  (cost=3884.52..3886.99 rows=988 width=121)
	        Sort Key: c
	        ->  Bitmap Heap Scan on sbtest3  (cost=34.56..3835.38 rows=988 width=121)
	              Recheck Cond: ((id >= 8087779) AND (id <= 8088778))
	              ->  Bitmap Index Scan on sbtest3_pkey  (cost=0.00..34.32 rows=988 width=0)
	                    Index Cond: ((id >= 8087779) AND (id <= 8088778))

table 4 : explain SELECT DISTINCT c FROM sbtest4 WHERE id BETWEEN 502991 AND 503990 ORDER BY c
	Unique  (cost=3592.90..3597.46 rows=912 width=121)
	  ->  Sort  (cost=3592.90..3595.18 rows=912 width=121)
	        Sort Key: c
	        ->  Bitmap Heap Scan on sbtest4  (cost=33.78..3548.06 rows=912 width=121)
	              Recheck Cond: ((id >= 502991) AND (id <= 503990))
	              ->  Bitmap Index Scan on sbtest4_pkey  (cost=0.00..33.56 rows=912 width=0)
	                    Index Cond: ((id >= 502991) AND (id <= 503990))

table 5 : explain SELECT DISTINCT c FROM sbtest5 WHERE id BETWEEN 48938 AND 49937 ORDER BY c
	Unique  (cost=4171.86..4177.17 rows=1063 width=121)
	  ->  Sort  (cost=4171.86..4174.51 rows=1063 width=121)
	        Sort Key: c
	        ->  Bitmap Heap Scan on sbtest5  (cost=35.33..4118.42 rows=1063 width=121)
	              Recheck Cond: ((id >= 48938) AND (id <= 49937))
	              ->  Bitmap Index Scan on sbtest5_pkey  (cost=0.00..35.07 rows=1063 width=0)
	                    Index Cond: ((id >= 48938) AND (id <= 49937))

table 6 : explain SELECT DISTINCT c FROM sbtest6 WHERE id BETWEEN 4696017 AND 4697016 ORDER BY c
	Unique  (cost=3643.52..3648.15 rows=926 width=121)
	  ->  Sort  (cost=3643.52..3645.84 rows=926 width=121)
	        Sort Key: c
	        ->  Bitmap Heap Scan on sbtest6  (cost=33.93..3597.89 rows=926 width=121)
	              Recheck Cond: ((id >= 4696017) AND (id <= 4697016))
	              ->  Bitmap Index Scan on sbtest6_pkey  (cost=0.00..33.70 rows=926 width=0)
	                    Index Cond: ((id >= 4696017) AND (id <= 4697016))

table 7 : explain SELECT DISTINCT c FROM sbtest7 WHERE id BETWEEN 9347403 AND 9348402 ORDER BY c
	Unique  (cost=4098.14..4103.36 rows=1044 width=121)
	  ->  Sort  (cost=4098.14..4100.75 rows=1044 width=121)
	        Sort Key: c
	        ->  Bitmap Heap Scan on sbtest7  (cost=35.14..4045.79 rows=1044 width=121)
	              Recheck Cond: ((id >= 9347403) AND (id <= 9348402))
	              ->  Bitmap Index Scan on sbtest7_pkey  (cost=0.00..34.88 rows=1044 width=0)
	                    Index Cond: ((id >= 9347403) AND (id <= 9348402))

table 8 : explain SELECT DISTINCT c FROM sbtest8 WHERE id BETWEEN 6956089 AND 6957088 ORDER BY c
	Unique  (cost=3918.35..3923.34 rows=998 width=121)
	  ->  Sort  (cost=3918.35..3920.84 rows=998 width=121)
	        Sort Key: c
	        ->  Bitmap Heap Scan on sbtest8  (cost=34.66..3868.63 rows=998 width=121)
	              Recheck Cond: ((id >= 6956089) AND (id <= 6957088))
	              ->  Bitmap Index Scan on sbtest8_pkey  (cost=0.00..34.42 rows=998 width=0)
	                    Index Cond: ((id >= 6956089) AND (id <= 6957088))

for point_selects
table 1 : explain SELECT c FROM sbtest1 WHERE id=8635826
	Index Scan using sbtest1_pkey on sbtest1  (cost=0.43..8.45 rows=1 width=121)
	  Index Cond: (id = 8635826)

table 2 : explain SELECT c FROM sbtest2 WHERE id=773781
	Index Scan using sbtest2_pkey on sbtest2  (cost=0.43..8.45 rows=1 width=121)
	  Index Cond: (id = 773781)

table 3 : explain SELECT c FROM sbtest3 WHERE id=8490253
	Index Scan using sbtest3_pkey on sbtest3  (cost=0.43..8.45 rows=1 width=121)
	  Index Cond: (id = 8490253)

table 4 : explain SELECT c FROM sbtest4 WHERE id=7342901
	Index Scan using sbtest4_pkey on sbtest4  (cost=0.43..8.45 rows=1 width=121)
	  Index Cond: (id = 7342901)

table 5 : explain SELECT c FROM sbtest5 WHERE id=8916512
	Index Scan using sbtest5_pkey on sbtest5  (cost=0.43..8.45 rows=1 width=121)
	  Index Cond: (id = 8916512)

table 6 : explain SELECT c FROM sbtest6 WHERE id=8079650
	Index Scan using sbtest6_pkey on sbtest6  (cost=0.43..8.45 rows=1 width=121)
	  Index Cond: (id = 8079650)

table 7 : explain SELECT c FROM sbtest7 WHERE id=7471047
	Index Scan using sbtest7_pkey on sbtest7  (cost=0.43..8.45 rows=1 width=121)
	  Index Cond: (id = 7471047)

table 8 : explain SELECT c FROM sbtest8 WHERE id=1516937
	Index Scan using sbtest8_pkey on sbtest8  (cost=0.43..8.45 rows=1 width=121)
	  Index Cond: (id = 1516937)

for: simple_ranges
table 1 : explain SELECT c FROM sbtest1 WHERE id BETWEEN 4995984 AND 4996983
	Bitmap Heap Scan on sbtest1  (cost=34.19..3696.89 rows=952 width=121)
	  Recheck Cond: ((id >= 4995984) AND (id <= 4996983))
	  ->  Bitmap Index Scan on sbtest1_pkey  (cost=0.00..33.95 rows=952 width=0)
	        Index Cond: ((id >= 4995984) AND (id <= 4996983))

table 2 : explain SELECT c FROM sbtest2 WHERE id BETWEEN 3416371 AND 3417370
	Bitmap Heap Scan on sbtest2  (cost=34.09..3655.97 rows=942 width=121)
	  Recheck Cond: ((id >= 3416371) AND (id <= 3417370))
	  ->  Bitmap Index Scan on sbtest2_pkey  (cost=0.00..33.86 rows=942 width=0)
	        Index Cond: ((id >= 3416371) AND (id <= 3417370))

table 3 : explain SELECT c FROM sbtest3 WHERE id BETWEEN 3711403 AND 3712402
	Bitmap Heap Scan on sbtest3  (cost=34.18..3695.47 rows=951 width=121)
	  Recheck Cond: ((id >= 3711403) AND (id <= 3712402))
	  ->  Bitmap Index Scan on sbtest3_pkey  (cost=0.00..33.95 rows=951 width=0)
	        Index Cond: ((id >= 3711403) AND (id <= 3712402))

table 4 : explain SELECT c FROM sbtest4 WHERE id BETWEEN 3855846 AND 3856845
	Bitmap Heap Scan on sbtest4  (cost=33.91..3593.52 rows=924 width=121)
	  Recheck Cond: ((id >= 3855846) AND (id <= 3856845))
	  ->  Bitmap Index Scan on sbtest4_pkey  (cost=0.00..33.68 rows=924 width=0)
	        Index Cond: ((id >= 3855846) AND (id <= 3856845))

table 5 : explain SELECT c FROM sbtest5 WHERE id BETWEEN 5412361 AND 5413360
	Bitmap Heap Scan on sbtest5  (cost=34.83..3933.55 rows=1014 width=121)
	  Recheck Cond: ((id >= 5412361) AND (id <= 5413360))
	  ->  Bitmap Index Scan on sbtest5_pkey  (cost=0.00..34.58 rows=1014 width=0)
	        Index Cond: ((id >= 5412361) AND (id <= 5413360))

table 6 : explain SELECT c FROM sbtest6 WHERE id BETWEEN 3313554 AND 3314553
	Bitmap Heap Scan on sbtest6  (cost=34.28..3726.41 rows=960 width=121)
	  Recheck Cond: ((id >= 3313554) AND (id <= 3314553))
	  ->  Bitmap Index Scan on sbtest6_pkey  (cost=0.00..34.04 rows=960 width=0)
	        Index Cond: ((id >= 3313554) AND (id <= 3314553))

table 7 : explain SELECT c FROM sbtest7 WHERE id BETWEEN 3531968 AND 3532967
	Bitmap Heap Scan on sbtest7  (cost=34.15..3683.24 rows=948 width=121)
	  Recheck Cond: ((id >= 3531968) AND (id <= 3532967))
	  ->  Bitmap Index Scan on sbtest7_pkey  (cost=0.00..33.92 rows=948 width=0)
	        Index Cond: ((id >= 3531968) AND (id <= 3532967))

table 8 : explain SELECT c FROM sbtest8 WHERE id BETWEEN 2458755 AND 2459754
	Bitmap Heap Scan on sbtest8  (cost=34.64..3861.09 rows=996 width=121)
	  Recheck Cond: ((id >= 2458755) AND (id <= 2459754))
	  ->  Bitmap Index Scan on sbtest8_pkey  (cost=0.00..34.40 rows=996 width=0)
	        Index Cond: ((id >= 2458755) AND (id <= 2459754))

for: sum_ranges
table 1 : explain SELECT SUM(k) FROM sbtest1 WHERE id BETWEEN 4220170 AND 4221169
	Aggregate  (cost=3563.02..3563.03 rows=1 width=8)
	  ->  Bitmap Heap Scan on sbtest1  (cost=33.82..3560.73 rows=916 width=4)
	        Recheck Cond: ((id >= 4220170) AND (id <= 4221169))
	        ->  Bitmap Index Scan on sbtest1_pkey  (cost=0.00..33.59 rows=916 width=0)
	              Index Cond: ((id >= 4220170) AND (id <= 4221169))

table 2 : explain SELECT SUM(k) FROM sbtest2 WHERE id BETWEEN 995021 AND 996020
	Aggregate  (cost=4088.25..4088.26 rows=1 width=8)
	  ->  Bitmap Heap Scan on sbtest2  (cost=35.26..4085.61 rows=1056 width=4)
	        Recheck Cond: ((id >= 995021) AND (id <= 996020))
	        ->  Bitmap Index Scan on sbtest2_pkey  (cost=0.00..35.00 rows=1056 width=0)
	              Index Cond: ((id >= 995021) AND (id <= 996020))

table 3 : explain SELECT SUM(k) FROM sbtest3 WHERE id BETWEEN 5520077 AND 5521076
	Aggregate  (cost=4000.34..4000.35 rows=1 width=8)
	  ->  Bitmap Heap Scan on sbtest3  (cost=35.00..3997.76 rows=1031 width=4)
	        Recheck Cond: ((id >= 5520077) AND (id <= 5521076))
	        ->  Bitmap Index Scan on sbtest3_pkey  (cost=0.00..34.75 rows=1031 width=0)
	              Index Cond: ((id >= 5520077) AND (id <= 5521076))

table 4 : explain SELECT SUM(k) FROM sbtest4 WHERE id BETWEEN 263286 AND 264285
	Aggregate  (cost=3857.04..3857.05 rows=1 width=8)
	  ->  Bitmap Heap Scan on sbtest4  (cost=34.61..3854.56 rows=993 width=4)
	        Recheck Cond: ((id >= 263286) AND (id <= 264285))
	        ->  Bitmap Index Scan on sbtest4_pkey  (cost=0.00..34.37 rows=993 width=0)
	              Index Cond: ((id >= 263286) AND (id <= 264285))

table 5 : explain SELECT SUM(k) FROM sbtest5 WHERE id BETWEEN 9245148 AND 9246147
	Aggregate  (cost=3879.40..3879.41 rows=1 width=8)
	  ->  Bitmap Heap Scan on sbtest5  (cost=34.67..3876.90 rows=999 width=4)
	        Recheck Cond: ((id >= 9245148) AND (id <= 9246147))
	        ->  Bitmap Index Scan on sbtest5_pkey  (cost=0.00..34.43 rows=999 width=0)
	              Index Cond: ((id >= 9245148) AND (id <= 9246147))

table 6 : explain SELECT SUM(k) FROM sbtest6 WHERE id BETWEEN 9392957 AND 9393956
	Aggregate  (cost=4317.23..4317.24 rows=1 width=8)
	  ->  Bitmap Heap Scan on sbtest6  (cost=39.86..4314.44 rows=1115 width=4)
	        Recheck Cond: ((id >= 9392957) AND (id <= 9393956))
	        ->  Bitmap Index Scan on sbtest6_pkey  (cost=0.00..39.59 rows=1115 width=0)
	              Index Cond: ((id >= 9392957) AND (id <= 9393956))

table 7 : explain SELECT SUM(k) FROM sbtest7 WHERE id BETWEEN 1337583 AND 1338582
	Aggregate  (cost=4165.31..4165.32 rows=1 width=8)
	  ->  Bitmap Heap Scan on sbtest7  (cost=35.45..4162.63 rows=1075 width=4)
	        Recheck Cond: ((id >= 1337583) AND (id <= 1338582))
	        ->  Bitmap Index Scan on sbtest7_pkey  (cost=0.00..35.19 rows=1075 width=0)
	              Index Cond: ((id >= 1337583) AND (id <= 1338582))

table 8 : explain SELECT SUM(k) FROM sbtest8 WHERE id BETWEEN 6624858 AND 6625857
	Aggregate  (cost=3496.70..3496.71 rows=1 width=8)
	  ->  Bitmap Heap Scan on sbtest8  (cost=29.66..3494.45 rows=900 width=4)
	        Recheck Cond: ((id >= 6624858) AND (id <= 6625857))
	        ->  Bitmap Index Scan on sbtest8_pkey  (cost=0.00..29.43 rows=900 width=0)
	              Index Cond: ((id >= 6624858) AND (id <= 6625857))

for: order_ranges
table 1 : explain SELECT c FROM sbtest1 WHERE id BETWEEN 1929719 AND 1930718 ORDER BY c
	Sort  (cost=4127.05..4129.68 rows=1052 width=121)
	  Sort Key: c
	  ->  Bitmap Heap Scan on sbtest1  (cost=35.22..4074.24 rows=1052 width=121)
	        Recheck Cond: ((id >= 1929719) AND (id <= 1930718))
	        ->  Bitmap Index Scan on sbtest1_pkey  (cost=0.00..34.95 rows=1052 width=0)
	              Index Cond: ((id >= 1929719) AND (id <= 1930718))

table 2 : explain SELECT c FROM sbtest2 WHERE id BETWEEN 1413820 AND 1414819 ORDER BY c
	Sort  (cost=3771.47..3773.87 rows=960 width=121)
	  Sort Key: c
	  ->  Bitmap Heap Scan on sbtest2  (cost=34.28..3723.92 rows=960 width=121)
	        Recheck Cond: ((id >= 1413820) AND (id <= 1414819))
	        ->  Bitmap Index Scan on sbtest2_pkey  (cost=0.00..34.04 rows=960 width=0)
	              Index Cond: ((id >= 1413820) AND (id <= 1414819))

table 3 : explain SELECT c FROM sbtest3 WHERE id BETWEEN 9913055 AND 9914054 ORDER BY c
	Sort  (cost=4148.93..4151.57 rows=1057 width=121)
	  Sort Key: c
	  ->  Bitmap Heap Scan on sbtest3  (cost=35.27..4095.84 rows=1057 width=121)
	        Recheck Cond: ((id >= 9913055) AND (id <= 9914054))
	        ->  Bitmap Index Scan on sbtest3_pkey  (cost=0.00..35.01 rows=1057 width=0)
	              Index Cond: ((id >= 9913055) AND (id <= 9914054))

table 4 : explain SELECT c FROM sbtest4 WHERE id BETWEEN 8738058 AND 8739057 ORDER BY c
	Sort  (cost=4313.95..4316.69 rows=1099 width=121)
	  Sort Key: c
	  ->  Bitmap Heap Scan on sbtest4  (cost=39.70..4258.43 rows=1099 width=121)
	        Recheck Cond: ((id >= 8738058) AND (id <= 8739057))
	        ->  Bitmap Index Scan on sbtest4_pkey  (cost=0.00..39.43 rows=1099 width=0)
	              Index Cond: ((id >= 8738058) AND (id <= 8739057))

table 5 : explain SELECT c FROM sbtest5 WHERE id BETWEEN 8352843 AND 8353842 ORDER BY c
	Sort  (cost=3677.17..3679.51 rows=934 width=121)
	  Sort Key: c
	  ->  Bitmap Heap Scan on sbtest5  (cost=34.01..3631.09 rows=934 width=121)
	        Recheck Cond: ((id >= 8352843) AND (id <= 8353842))
	        ->  Bitmap Index Scan on sbtest5_pkey  (cost=0.00..33.78 rows=934 width=0)
	              Index Cond: ((id >= 8352843) AND (id <= 8353842))

table 6 : explain SELECT c FROM sbtest6 WHERE id BETWEEN 1737551 AND 1738550 ORDER BY c
	Sort  (cost=3850.63..3853.08 rows=980 width=121)
	  Sort Key: c
	  ->  Bitmap Heap Scan on sbtest6  (cost=34.48..3801.94 rows=980 width=121)
	        Recheck Cond: ((id >= 1737551) AND (id <= 1738550))
	        ->  Bitmap Index Scan on sbtest6_pkey  (cost=0.00..34.23 rows=980 width=0)
	              Index Cond: ((id >= 1737551) AND (id <= 1738550))

table 7 : explain SELECT c FROM sbtest7 WHERE id BETWEEN 4172846 AND 4173845 ORDER BY c
	Sort  (cost=3841.40..3843.84 rows=977 width=121)
	  Sort Key: c
	  ->  Bitmap Heap Scan on sbtest7  (cost=34.45..3792.88 rows=977 width=121)
	        Recheck Cond: ((id >= 4172846) AND (id <= 4173845))
	        ->  Bitmap Index Scan on sbtest7_pkey  (cost=0.00..34.20 rows=977 width=0)
	              Index Cond: ((id >= 4172846) AND (id <= 4173845))

table 8 : explain SELECT c FROM sbtest8 WHERE id BETWEEN 2797619 AND 2798618 ORDER BY c
	Sort  (cost=4075.20..4077.79 rows=1039 width=121)
	  Sort Key: c
	  ->  Bitmap Heap Scan on sbtest8  (cost=35.08..4023.14 rows=1039 width=121)
	        Recheck Cond: ((id >= 2797619) AND (id <= 2798618))
	        ->  Bitmap Index Scan on sbtest8_pkey  (cost=0.00..34.83 rows=1039 width=0)
	              Index Cond: ((id >= 2797619) AND (id <= 2798618))

for: distinct_ranges
table 1 : explain SELECT DISTINCT c FROM sbtest1 WHERE id BETWEEN 3606921 AND 3607920 ORDER BY c
	Unique  (cost=3870.53..3875.46 rows=985 width=121)
	  ->  Sort  (cost=3870.53..3872.99 rows=985 width=121)
	        Sort Key: c
	        ->  Bitmap Heap Scan on sbtest1  (cost=34.53..3821.56 rows=985 width=121)
	              Recheck Cond: ((id >= 3606921) AND (id <= 3607920))
	              ->  Bitmap Index Scan on sbtest1_pkey  (cost=0.00..34.29 rows=985 width=0)
	                    Index Cond: ((id >= 3606921) AND (id <= 3607920))

table 2 : explain SELECT DISTINCT c FROM sbtest2 WHERE id BETWEEN 2668914 AND 2669913 ORDER BY c
	Unique  (cost=3855.71..3860.62 rows=982 width=121)
	  ->  Sort  (cost=3855.71..3858.17 rows=982 width=121)
	        Sort Key: c
	        ->  Bitmap Heap Scan on sbtest2  (cost=34.50..3806.91 rows=982 width=121)
	              Recheck Cond: ((id >= 2668914) AND (id <= 2669913))
	              ->  Bitmap Index Scan on sbtest2_pkey  (cost=0.00..34.26 rows=982 width=0)
	                    Index Cond: ((id >= 2668914) AND (id <= 2669913))

table 3 : explain SELECT DISTINCT c FROM sbtest3 WHERE id BETWEEN 5329458 AND 5330457 ORDER BY c
	Unique  (cost=4053.20..4058.36 rows=1032 width=121)
	  ->  Sort  (cost=4053.20..4055.78 rows=1032 width=121)
	        Sort Key: c
	        ->  Bitmap Heap Scan on sbtest3  (cost=35.01..4001.54 rows=1032 width=121)
	              Recheck Cond: ((id >= 5329458) AND (id <= 5330457))
	              ->  Bitmap Index Scan on sbtest3_pkey  (cost=0.00..34.76 rows=1032 width=0)
	                    Index Cond: ((id >= 5329458) AND (id <= 5330457))

table 4 : explain SELECT DISTINCT c FROM sbtest4 WHERE id BETWEEN 1002911 AND 1003910 ORDER BY c
	Unique  (cost=3738.94..3743.69 rows=950 width=121)
	  ->  Sort  (cost=3738.94..3741.32 rows=950 width=121)
	        Sort Key: c
	        ->  Bitmap Heap Scan on sbtest4  (cost=34.17..3691.95 rows=950 width=121)
	              Recheck Cond: ((id >= 1002911) AND (id <= 1003910))
	              ->  Bitmap Index Scan on sbtest4_pkey  (cost=0.00..33.94 rows=950 width=0)
	                    Index Cond: ((id >= 1002911) AND (id <= 1003910))

table 5 : explain SELECT DISTINCT c FROM sbtest5 WHERE id BETWEEN 3545173 AND 3546172 ORDER BY c
	Unique  (cost=4168.03..4173.34 rows=1062 width=121)
	  ->  Sort  (cost=4168.03..4170.68 rows=1062 width=121)
	        Sort Key: c
	        ->  Bitmap Heap Scan on sbtest5  (cost=35.32..4114.65 rows=1062 width=121)
	              Recheck Cond: ((id >= 3545173) AND (id <= 3546172))
	              ->  Bitmap Index Scan on sbtest5_pkey  (cost=0.00..35.06 rows=1062 width=0)
	                    Index Cond: ((id >= 3545173) AND (id <= 3546172))

table 6 : explain SELECT DISTINCT c FROM sbtest6 WHERE id BETWEEN 1813350 AND 1814349 ORDER BY c
	Unique  (cost=3651.20..3655.84 rows=928 width=121)
	  ->  Sort  (cost=3651.20..3653.52 rows=928 width=121)
	        Sort Key: c
	        ->  Bitmap Heap Scan on sbtest6  (cost=33.95..3605.46 rows=928 width=121)
	              Recheck Cond: ((id >= 1813350) AND (id <= 1814349))
	              ->  Bitmap Index Scan on sbtest6_pkey  (cost=0.00..33.72 rows=928 width=0)
	                    Index Cond: ((id >= 1813350) AND (id <= 1814349))

table 7 : explain SELECT DISTINCT c FROM sbtest7 WHERE id BETWEEN 9367980 AND 9368979 ORDER BY c
	Unique  (cost=4098.14..4103.36 rows=1044 width=121)
	  ->  Sort  (cost=4098.14..4100.75 rows=1044 width=121)
	        Sort Key: c
	        ->  Bitmap Heap Scan on sbtest7  (cost=35.14..4045.79 rows=1044 width=121)
	              Recheck Cond: ((id >= 9367980) AND (id <= 9368979))
	              ->  Bitmap Index Scan on sbtest7_pkey  (cost=0.00..34.88 rows=1044 width=0)
	                    Index Cond: ((id >= 9367980) AND (id <= 9368979))

table 8 : explain SELECT DISTINCT c FROM sbtest8 WHERE id BETWEEN 6028868 AND 6029867 ORDER BY c
	Unique  (cost=3891.55..3896.50 rows=991 width=121)
	  ->  Sort  (cost=3891.55..3894.03 rows=991 width=121)
	        Sort Key: c
	        ->  Bitmap Heap Scan on sbtest8  (cost=34.59..3842.23 rows=991 width=121)
	              Recheck Cond: ((id >= 6028868) AND (id <= 6029867))
	              ->  Bitmap Index Scan on sbtest8_pkey  (cost=0.00..34.34 rows=991 width=0)
	                    Index Cond: ((id >= 6028868) AND (id <= 6029867))

Threads started!

Warming up for 5 seconds...

SQL statistics:
    queries performed:
        read:                            91437649
        write:                           0
        other:                           16625056
        total:                           108062705
    transactions:                        8312548 (13194.36 per sec.)
    queries:                             108062705 (171526.05 per sec.)
    ignored errors:                      0      (0.00 per sec.)
    reconnects:                          0      (0.00 per sec.)

Throughput:
    events/s (eps):                      13194.3624
    time elapsed:                        630.0077s
    total number of events:              8312548

Latency (ms):
         min:                                    0.53
         avg:                                    3.03
         max:                                   26.86
         95th percentile:                        3.13
         sum:                             25190664.98

Threads fairness:
    events (avg/stddev):           207813.4250/369.52
    execution time (avg/stddev):   629.7666/0.00

