LUA_PATH=/home/mdcallag/git/mytools/bench/sysbench.lua/lua/?.lua /home/mdcallag/git/mytools/bench/sysbench.lua/lua/sysbench --db-driver=pgsql --range-size=100 --table-size=10000000 --tables=8 --threads=40 --events=0 --warmup-time=5 --time=630 --pgsql_conn_id=true /home/mdcallag/git/mytools/bench/sysbench.lua/lua/oltp_point_select.lua run --pgsql-user=root --pgsql-password=pw --pgsql-host=127.0.0.1 --pgsql-db=ib --rand-type=uniform --skip-trx
48 CPUs
sysbench 1.1.0-9072687 (using bundled LuaJIT 2.1.0-beta3)

Running the test with following options:
Number of threads: 40
Warmup time: 5s
Initializing random number generator from current time


Initializing worker threads...

explain: for point_selects :: explain SELECT c FROM sbtest%u WHERE id=%u
explain: for point_selects :: explain SELECT c FROM sbtest%u WHERE id=%u
explain: for point_selects :: explain SELECT c FROM sbtest%u WHERE id=%u
explain: for point_selects :: explain SELECT c FROM sbtest%u WHERE id=%u
explain: for point_selects :: explain SELECT c FROM sbtest%u WHERE id=%u
explain: for point_selects :: explain SELECT c FROM sbtest%u WHERE id=%u
explain: for point_selects :: explain SELECT c FROM sbtest%u WHERE id=%u
explain: for point_selects :: explain SELECT c FROM sbtest%u WHERE id=%u
explain: for point_selects :: explain SELECT c FROM sbtest%u WHERE id=%u
explain: for point_selects :: explain SELECT c FROM sbtest%u WHERE id=%u
explain: for point_selects :: explain SELECT c FROM sbtest%u WHERE id=%u
explain: for point_selects :: explain SELECT c FROM sbtest%u WHERE id=%u
explain: for point_selects :: explain SELECT c FROM sbtest%u WHERE id=%u
explain: for point_selects :: explain SELECT c FROM sbtest%u WHERE id=%u
explain: for point_selects :: explain SELECT c FROM sbtest%u WHERE id=%u
explain: for point_selects :: explain SELECT c FROM sbtest%u WHERE id=%uexplain: for point_selects :: explain SELECT c FROM sbtest%u WHERE id=%uexplain: for point_selects :: explain SELECT c FROM sbtest%u WHERE id=%u
explain: for point_selects :: explain SELECT c FROM sbtest%u WHERE id=%u
explain: for point_selects :: explain SELECT c FROM sbtest%u WHERE id=%u
explain: for point_selects :: explain SELECT c FROM sbtest%u WHERE id=%u
explain: for point_selects :: explain SELECT c FROM sbtest%u WHERE id=%u
explain: for point_selects :: explain SELECT c FROM sbtest%u WHERE id=%u


explain: for point_selects :: explain SELECT c FROM sbtest%u WHERE id=%u
explain: for point_selects :: explain SELECT c FROM sbtest%u WHERE id=%u
explain: for point_selects :: explain SELECT c FROM sbtest%u WHERE id=%u
explain: for point_selects :: explain SELECT c FROM sbtest%u WHERE id=%u
explain: for point_selects :: explain SELECT c FROM sbtest%u WHERE id=%u
explain: for point_selects :: explain SELECT c FROM sbtest%u WHERE id=%u
explain: for point_selects :: explain SELECT c FROM sbtest%u WHERE id=%u
explain: for point_selects :: explain SELECT c FROM sbtest%u WHERE id=%u
explain: for point_selects :: explain SELECT c FROM sbtest%u WHERE id=%u
explain: for point_selects :: explain SELECT c FROM sbtest%u WHERE id=%u
explain: for point_selects :: explain SELECT c FROM sbtest%u WHERE id=%u
explain: for point_selects :: explain SELECT c FROM sbtest%u WHERE id=%u
for point_selects
table 1 : explain SELECT c FROM sbtest1 WHERE id=8391979
	Index Scan using sbtest1_pkey on sbtest1  (cost=0.43..8.45 rows=1 width=121)
	  Index Cond: (id = 8391979)

table 2 : explain SELECT c FROM sbtest2 WHERE id=2161842
	Index Scan using sbtest2_pkey on sbtest2  (cost=0.43..8.45 rows=1 width=121)
	  Index Cond: (id = 2161842)

table 3 : explain SELECT c FROM sbtest3 WHERE id=9295804
	Index Scan using sbtest3_pkey on sbtest3  (cost=0.43..8.45 rows=1 width=121)
	  Index Cond: (id = 9295804)

table 4 : explain SELECT c FROM sbtest4 WHERE id=8270915
	Index Scan using sbtest4_pkey on sbtest4  (cost=0.43..8.45 rows=1 width=121)
	  Index Cond: (id = 8270915)

table 5 : explain SELECT c FROM sbtest5 WHERE id=6136646
	Index Scan using sbtest5_pkey on sbtest5  (cost=0.43..8.45 rows=1 width=121)
	  Index Cond: (id = 6136646)

table 6 : explain SELECT c FROM sbtest6 WHERE id=1232761
	Index Scan using sbtest6_pkey on sbtest6  (cost=0.43..8.45 rows=1 width=121)
	  Index Cond: (id = 1232761)

table 7 : explain SELECT c FROM sbtest7 WHERE id=2371947
	Index Scan using sbtest7_pkey on sbtest7  (cost=0.43..8.45 rows=1 width=121)
	  Index Cond: (id = 2371947)

table 8 : explain SELECT c FROM sbtest8 WHERE id=9875321
	Index Scan using sbtest8_pkey on sbtest8  (cost=0.43..8.45 rows=1 width=121)
	  Index Cond: (id = 9875321)

for point_selects
table 1 : explain SELECT c FROM sbtest1 WHERE id=1287150
	Index Scan using sbtest1_pkey on sbtest1  (cost=0.43..8.45 rows=1 width=121)
	  Index Cond: (id = 1287150)

table 2 : explain SELECT c FROM sbtest2 WHERE id=23504
	Index Scan using sbtest2_pkey on sbtest2  (cost=0.43..8.45 rows=1 width=121)
	  Index Cond: (id = 23504)

table 3 : explain SELECT c FROM sbtest3 WHERE id=7968292
	Index Scan using sbtest3_pkey on sbtest3  (cost=0.43..8.45 rows=1 width=121)
	  Index Cond: (id = 7968292)

table 4 : explain SELECT c FROM sbtest4 WHERE id=2174591
	Index Scan using sbtest4_pkey on sbtest4  (cost=0.43..8.45 rows=1 width=121)
	  Index Cond: (id = 2174591)

table 5 : explain SELECT c FROM sbtest5 WHERE id=6473069
	Index Scan using sbtest5_pkey on sbtest5  (cost=0.43..8.45 rows=1 width=121)
	  Index Cond: (id = 6473069)

table 6 : explain SELECT c FROM sbtest6 WHERE id=9287925
	Index Scan using sbtest6_pkey on sbtest6  (cost=0.43..8.45 rows=1 width=121)
	  Index Cond: (id = 9287925)

table 7 : explain SELECT c FROM sbtest7 WHERE id=362313
	Index Scan using sbtest7_pkey on sbtest7  (cost=0.43..8.45 rows=1 width=121)
	  Index Cond: (id = 362313)

table 8 : explain SELECT c FROM sbtest8 WHERE id=3363593
	Index Scan using sbtest8_pkey on sbtest8  (cost=0.43..8.45 rows=1 width=121)
	  Index Cond: (id = 3363593)

explain: for point_selects :: explain SELECT c FROM sbtest%u WHERE id=%u
explain: for point_selects :: explain SELECT c FROM sbtest%u WHERE id=%u
explain: for point_selects :: explain SELECT c FROM sbtest%u WHERE id=%u
explain: for point_selects :: explain SELECT c FROM sbtest%u WHERE id=%u
explain: for point_selects :: explain SELECT c FROM sbtest%u WHERE id=%u
for point_selects
table 1 : explain SELECT c FROM sbtest1 WHERE id=365302
	Index Scan using sbtest1_pkey on sbtest1  (cost=0.43..8.45 rows=1 width=121)
	  Index Cond: (id = 365302)

table 2 : explain SELECT c FROM sbtest2 WHERE id=8283814
	Index Scan using sbtest2_pkey on sbtest2  (cost=0.43..8.45 rows=1 width=121)
	  Index Cond: (id = 8283814)

table 3 : explain SELECT c FROM sbtest3 WHERE id=4271163
	Index Scan using sbtest3_pkey on sbtest3  (cost=0.43..8.45 rows=1 width=121)
	  Index Cond: (id = 4271163)

table 4 : explain SELECT c FROM sbtest4 WHERE id=6269931
	Index Scan using sbtest4_pkey on sbtest4  (cost=0.43..8.45 rows=1 width=121)
	  Index Cond: (id = 6269931)

table 5 : explain SELECT c FROM sbtest5 WHERE id=5943362
	Index Scan using sbtest5_pkey on sbtest5  (cost=0.43..8.45 rows=1 width=121)
	  Index Cond: (id = 5943362)

table 6 : explain SELECT c FROM sbtest6 WHERE id=3861607
	Index Scan using sbtest6_pkey on sbtest6  (cost=0.43..8.45 rows=1 width=121)
	  Index Cond: (id = 3861607)

table 7 : explain SELECT c FROM sbtest7 WHERE id=902121
	Index Scan using sbtest7_pkey on sbtest7  (cost=0.43..8.45 rows=1 width=121)
	  Index Cond: (id = 902121)

table 8 : explain SELECT c FROM sbtest8 WHERE id=2587144
	Index Scan using sbtest8_pkey on sbtest8  (cost=0.43..8.45 rows=1 width=121)
	  Index Cond: (id = 2587144)

for point_selects
table 1 : explain SELECT c FROM sbtest1 WHERE id=2391019
	Index Scan using sbtest1_pkey on sbtest1  (cost=0.43..8.45 rows=1 width=121)
	  Index Cond: (id = 2391019)

table 2 : explain SELECT c FROM sbtest2 WHERE id=4024945
	Index Scan using sbtest2_pkey on sbtest2  (cost=0.43..8.45 rows=1 width=121)
	  Index Cond: (id = 4024945)

table 3 : explain SELECT c FROM sbtest3 WHERE id=6178357
	Index Scan using sbtest3_pkey on sbtest3  (cost=0.43..8.45 rows=1 width=121)
	  Index Cond: (id = 6178357)

table 4 : explain SELECT c FROM sbtest4 WHERE id=2040902
	Index Scan using sbtest4_pkey on sbtest4  (cost=0.43..8.45 rows=1 width=121)
	  Index Cond: (id = 2040902)

table 5 : explain SELECT c FROM sbtest5 WHERE id=5130355
	Index Scan using sbtest5_pkey on sbtest5  (cost=0.43..8.45 rows=1 width=121)
	  Index Cond: (id = 5130355)

table 6 : explain SELECT c FROM sbtest6 WHERE id=1318526
	Index Scan using sbtest6_pkey on sbtest6  (cost=0.43..8.45 rows=1 width=121)
	  Index Cond: (id = 1318526)

table 7 : explain SELECT c FROM sbtest7 WHERE id=5387314
	Index Scan using sbtest7_pkey on sbtest7  (cost=0.43..8.45 rows=1 width=121)
	  Index Cond: (id = 5387314)

table 8 : explain SELECT c FROM sbtest8 WHERE id=1507792
	Index Scan using sbtest8_pkey on sbtest8  (cost=0.43..8.45 rows=1 width=121)
	  Index Cond: (id = 1507792)

for point_selects
table 1 : explain SELECT c FROM sbtest1 WHERE id=8111729
	Index Scan using sbtest1_pkey on sbtest1  (cost=0.43..8.45 rows=1 width=121)
	  Index Cond: (id = 8111729)

table 2 : explain SELECT c FROM sbtest2 WHERE id=8881182
	Index Scan using sbtest2_pkey on sbtest2  (cost=0.43..8.45 rows=1 width=121)
	  Index Cond: (id = 8881182)

table 3 : explain SELECT c FROM sbtest3 WHERE id=9902945
	Index Scan using sbtest3_pkey on sbtest3  (cost=0.43..8.45 rows=1 width=121)
	  Index Cond: (id = 9902945)

table 4 : explain SELECT c FROM sbtest4 WHERE id=5584466
	Index Scan using sbtest4_pkey on sbtest4  (cost=0.43..8.45 rows=1 width=121)
	  Index Cond: (id = 5584466)

table 5 : explain SELECT c FROM sbtest5 WHERE id=9373051
	Index Scan using sbtest5_pkey on sbtest5  (cost=0.43..8.45 rows=1 width=121)
	  Index Cond: (id = 9373051)

table 6 : explain SELECT c FROM sbtest6 WHERE id=1597575
	Index Scan using sbtest6_pkey on sbtest6  (cost=0.43..8.45 rows=1 width=121)
	  Index Cond: (id = 1597575)

table 7 : explain SELECT c FROM sbtest7 WHERE id=3984284
	Index Scan using sbtest7_pkey on sbtest7  (cost=0.43..8.45 rows=1 width=121)
	  Index Cond: (id = 3984284)

table 8 : explain SELECT c FROM sbtest8 WHERE id=7596840
	Index Scan using sbtest8_pkey on sbtest8  (cost=0.43..8.45 rows=1 width=121)
	  Index Cond: (id = 7596840)

for point_selects
table 1 : explain SELECT c FROM sbtest1 WHERE id=562915
	Index Scan using sbtest1_pkey on sbtest1  (cost=0.43..8.45 rows=1 width=121)
	  Index Cond: (id = 562915)

table 2 : explain SELECT c FROM sbtest2 WHERE id=5638412
	Index Scan using sbtest2_pkey on sbtest2  (cost=0.43..8.45 rows=1 width=121)
	  Index Cond: (id = 5638412)

table 3 : explain SELECT c FROM sbtest3 WHERE id=1791791
	Index Scan using sbtest3_pkey on sbtest3  (cost=0.43..8.45 rows=1 width=121)
	  Index Cond: (id = 1791791)

table 4 : explain SELECT c FROM sbtest4 WHERE id=2081273
	Index Scan using sbtest4_pkey on sbtest4  (cost=0.43..8.45 rows=1 width=121)
	  Index Cond: (id = 2081273)

table 5 : explain SELECT c FROM sbtest5 WHERE id=7552770
	Index Scan using sbtest5_pkey on sbtest5  (cost=0.43..8.45 rows=1 width=121)
	  Index Cond: (id = 7552770)

table 6 : explain SELECT c FROM sbtest6 WHERE id=8947247
	Index Scan using sbtest6_pkey on sbtest6  (cost=0.43..8.45 rows=1 width=121)
	  Index Cond: (id = 8947247)

table 7 : explain SELECT c FROM sbtest7 WHERE id=2297106
	Index Scan using sbtest7_pkey on sbtest7  (cost=0.43..8.45 rows=1 width=121)
	  Index Cond: (id = 2297106)

table 8 : explain SELECT c FROM sbtest8 WHERE id=1484999
	Index Scan using sbtest8_pkey on sbtest8  (cost=0.43..8.45 rows=1 width=121)
	  Index Cond: (id = 1484999)

for point_selects
table 1 : explain SELECT c FROM sbtest1 WHERE id=8608201
	Index Scan using sbtest1_pkey on sbtest1  (cost=0.43..8.45 rows=1 width=121)
	  Index Cond: (id = 8608201)

table 2 : explain SELECT c FROM sbtest2 WHERE id=1783281
	Index Scan using sbtest2_pkey on sbtest2  (cost=0.43..8.45 rows=1 width=121)
	  Index Cond: (id = 1783281)

table 3 : explain SELECT c FROM sbtest3 WHERE id=9746339
	Index Scan using sbtest3_pkey on sbtest3  (cost=0.43..8.45 rows=1 width=121)
	  Index Cond: (id = 9746339)

table 4 : explain SELECT c FROM sbtest4 WHERE id=395289
	Index Scan using sbtest4_pkey on sbtest4  (cost=0.43..8.45 rows=1 width=121)
	  Index Cond: (id = 395289)

table 5 : explain SELECT c FROM sbtest5 WHERE id=377257
	Index Scan using sbtest5_pkey on sbtest5  (cost=0.43..8.45 rows=1 width=121)
	  Index Cond: (id = 377257)

table 6 : explain SELECT c FROM sbtest6 WHERE id=5928733
	Index Scan using sbtest6_pkey on sbtest6  (cost=0.43..8.45 rows=1 width=121)
	  Index Cond: (id = 5928733)

table 7 : explain SELECT c FROM sbtest7 WHERE id=581398
	Index Scan using sbtest7_pkey on sbtest7  (cost=0.43..8.45 rows=1 width=121)
	  Index Cond: (id = 581398)

table 8 : explain SELECT c FROM sbtest8 WHERE id=4709646
	Index Scan using sbtest8_pkey on sbtest8  (cost=0.43..8.45 rows=1 width=121)
	  Index Cond: (id = 4709646)

for point_selects
table 1 : explain SELECT c FROM sbtest1 WHERE id=4992556
	Index Scan using sbtest1_pkey on sbtest1  (cost=0.43..8.45 rows=1 width=121)
	  Index Cond: (id = 4992556)

table 2 : explain SELECT c FROM sbtest2 WHERE id=1139304
	Index Scan using sbtest2_pkey on sbtest2  (cost=0.43..8.45 rows=1 width=121)
	  Index Cond: (id = 1139304)

table 3 : explain SELECT c FROM sbtest3 WHERE id=9625673
	Index Scan using sbtest3_pkey on sbtest3  (cost=0.43..8.45 rows=1 width=121)
	  Index Cond: (id = 9625673)

table 4 : explain SELECT c FROM sbtest4 WHERE id=3058813
	Index Scan using sbtest4_pkey on sbtest4  (cost=0.43..8.45 rows=1 width=121)
	  Index Cond: (id = 3058813)

table 5 : explain SELECT c FROM sbtest5 WHERE id=3259495
	Index Scan using sbtest5_pkey on sbtest5  (cost=0.43..8.45 rows=1 width=121)
	  Index Cond: (id = 3259495)

table 6 : explain SELECT c FROM sbtest6 WHERE id=4990064
	Index Scan using sbtest6_pkey on sbtest6  (cost=0.43..8.45 rows=1 width=121)
	  Index Cond: (id = 4990064)

table 7 : explain SELECT c FROM sbtest7 WHERE id=8293870
	Index Scan using sbtest7_pkey on sbtest7  (cost=0.43..8.45 rows=1 width=121)
	  Index Cond: (id = 8293870)

table 8 : explain SELECT c FROM sbtest8 WHERE id=7414733
	Index Scan using sbtest8_pkey on sbtest8  (cost=0.43..8.45 rows=1 width=121)
	  Index Cond: (id = 7414733)

for point_selects
table 1 : explain SELECT c FROM sbtest1 WHERE id=6446005
	Index Scan using sbtest1_pkey on sbtest1  (cost=0.43..8.45 rows=1 width=121)
	  Index Cond: (id = 6446005)

table 2 : explain SELECT c FROM sbtest2 WHERE id=6134600
	Index Scan using sbtest2_pkey on sbtest2  (cost=0.43..8.45 rows=1 width=121)
	  Index Cond: (id = 6134600)

table 3 : explain SELECT c FROM sbtest3 WHERE id=7327047
	Index Scan using sbtest3_pkey on sbtest3  (cost=0.43..8.45 rows=1 width=121)
	  Index Cond: (id = 7327047)

table 4 : explain SELECT c FROM sbtest4 WHERE id=8421533
	Index Scan using sbtest4_pkey on sbtest4  (cost=0.43..8.45 rows=1 width=121)
	  Index Cond: (id = 8421533)

table 5 : explain SELECT c FROM sbtest5 WHERE id=9560098
	Index Scan using sbtest5_pkey on sbtest5  (cost=0.43..8.45 rows=1 width=121)
	  Index Cond: (id = 9560098)

table 6 : explain SELECT c FROM sbtest6 WHERE id=1184153
	Index Scan using sbtest6_pkey on sbtest6  (cost=0.43..8.45 rows=1 width=121)
	  Index Cond: (id = 1184153)

table 7 : explain SELECT c FROM sbtest7 WHERE id=6616752
	Index Scan using sbtest7_pkey on sbtest7  (cost=0.43..8.45 rows=1 width=121)
	  Index Cond: (id = 6616752)

table 8 : explain SELECT c FROM sbtest8 WHERE id=9009446
	Index Scan using sbtest8_pkey on sbtest8  (cost=0.43..8.45 rows=1 width=121)
	  Index Cond: (id = 9009446)

for point_selects
table 1 : explain SELECT c FROM sbtest1 WHERE id=5206020
	Index Scan using sbtest1_pkey on sbtest1  (cost=0.43..8.45 rows=1 width=121)
	  Index Cond: (id = 5206020)

table 2 : explain SELECT c FROM sbtest2 WHERE id=4372098
	Index Scan using sbtest2_pkey on sbtest2  (cost=0.43..8.45 rows=1 width=121)
	  Index Cond: (id = 4372098)

table 3 : explain SELECT c FROM sbtest3 WHERE id=2781308
	Index Scan using sbtest3_pkey on sbtest3  (cost=0.43..8.45 rows=1 width=121)
	  Index Cond: (id = 2781308)

table 4 : explain SELECT c FROM sbtest4 WHERE id=3088798
	Index Scan using sbtest4_pkey on sbtest4  (cost=0.43..8.45 rows=1 width=121)
	  Index Cond: (id = 3088798)

table 5 : explain SELECT c FROM sbtest5 WHERE id=6411868
	Index Scan using sbtest5_pkey on sbtest5  (cost=0.43..8.45 rows=1 width=121)
	  Index Cond: (id = 6411868)

table 6 : explain SELECT c FROM sbtest6 WHERE id=1728537
	Index Scan using sbtest6_pkey on sbtest6  (cost=0.43..8.45 rows=1 width=121)
	  Index Cond: (id = 1728537)

table 7 : explain SELECT c FROM sbtest7 WHERE id=6017294
	Index Scan using sbtest7_pkey on sbtest7  (cost=0.43..8.45 rows=1 width=121)
	  Index Cond: (id = 6017294)

table 8 : explain SELECT c FROM sbtest8 WHERE id=6014378
	Index Scan using sbtest8_pkey on sbtest8  (cost=0.43..8.45 rows=1 width=121)
	  Index Cond: (id = 6014378)

for point_selects
table 1 : explain SELECT c FROM sbtest1 WHERE id=7028954
	Index Scan using sbtest1_pkey on sbtest1  (cost=0.43..8.45 rows=1 width=121)
	  Index Cond: (id = 7028954)

table 2 : explain SELECT c FROM sbtest2 WHERE id=367387
	Index Scan using sbtest2_pkey on sbtest2  (cost=0.43..8.45 rows=1 width=121)
	  Index Cond: (id = 367387)

table 3 : explain SELECT c FROM sbtest3 WHERE id=9596332
	Index Scan using sbtest3_pkey on sbtest3  (cost=0.43..8.45 rows=1 width=121)
	  Index Cond: (id = 9596332)

table 4 : explain SELECT c FROM sbtest4 WHERE id=308676
	Index Scan using sbtest4_pkey on sbtest4  (cost=0.43..8.45 rows=1 width=121)
	  Index Cond: (id = 308676)

table 5 : explain SELECT c FROM sbtest5 WHERE id=6526578
	Index Scan using sbtest5_pkey on sbtest5  (cost=0.43..8.45 rows=1 width=121)
	  Index Cond: (id = 6526578)

table 6 : explain SELECT c FROM sbtest6 WHERE id=9812725
	Index Scan using sbtest6_pkey on sbtest6  (cost=0.43..8.45 rows=1 width=121)
	  Index Cond: (id = 9812725)

table 7 : explain SELECT c FROM sbtest7 WHERE id=9912944
	Index Scan using sbtest7_pkey on sbtest7  (cost=0.43..8.45 rows=1 width=121)
	  Index Cond: (id = 9912944)

table 8 : explain SELECT c FROM sbtest8 WHERE id=9698528
	Index Scan using sbtest8_pkey on sbtest8  (cost=0.43..8.45 rows=1 width=121)
	  Index Cond: (id = 9698528)

for point_selects
table 1 : explain SELECT c FROM sbtest1 WHERE id=67473
	Index Scan using sbtest1_pkey on sbtest1  (cost=0.43..8.45 rows=1 width=121)
	  Index Cond: (id = 67473)

table 2 : explain SELECT c FROM sbtest2 WHERE id=2696626
	Index Scan using sbtest2_pkey on sbtest2  (cost=0.43..8.45 rows=1 width=121)
	  Index Cond: (id = 2696626)

table 3 : explain SELECT c FROM sbtest3 WHERE id=989272
	Index Scan using sbtest3_pkey on sbtest3  (cost=0.43..8.45 rows=1 width=121)
	  Index Cond: (id = 989272)

table 4 : explain SELECT c FROM sbtest4 WHERE id=39568
	Index Scan using sbtest4_pkey on sbtest4  (cost=0.43..8.45 rows=1 width=121)
	  Index Cond: (id = 39568)

table 5 : explain SELECT c FROM sbtest5 WHERE id=4949428
	Index Scan using sbtest5_pkey on sbtest5  (cost=0.43..8.45 rows=1 width=121)
	  Index Cond: (id = 4949428)

table 6 : explain SELECT c FROM sbtest6 WHERE id=8083184
	Index Scan using sbtest6_pkey on sbtest6  (cost=0.43..8.45 rows=1 width=121)
	  Index Cond: (id = 8083184)

table 7 : explain SELECT c FROM sbtest7 WHERE id=2372899
	Index Scan using sbtest7_pkey on sbtest7  (cost=0.43..8.45 rows=1 width=121)
	  Index Cond: (id = 2372899)

table 8 : explain SELECT c FROM sbtest8 WHERE id=2819312
	Index Scan using sbtest8_pkey on sbtest8  (cost=0.43..8.45 rows=1 width=121)
	  Index Cond: (id = 2819312)

for point_selects
table 1 : explain SELECT c FROM sbtest1 WHERE id=7603550
	Index Scan using sbtest1_pkey on sbtest1  (cost=0.43..8.45 rows=1 width=121)
	  Index Cond: (id = 7603550)

table 2 : explain SELECT c FROM sbtest2 WHERE id=139328
	Index Scan using sbtest2_pkey on sbtest2  (cost=0.43..8.45 rows=1 width=121)
	  Index Cond: (id = 139328)

table 3 : explain SELECT c FROM sbtest3 WHERE id=687845
	Index Scan using sbtest3_pkey on sbtest3  (cost=0.43..8.45 rows=1 width=121)
	  Index Cond: (id = 687845)

table 4 : explain SELECT c FROM sbtest4 WHERE id=2114008
	Index Scan using sbtest4_pkey on sbtest4  (cost=0.43..8.45 rows=1 width=121)
	  Index Cond: (id = 2114008)

table 5 : explain SELECT c FROM sbtest5 WHERE id=3314270
	Index Scan using sbtest5_pkey on sbtest5  (cost=0.43..8.45 rows=1 width=121)
	  Index Cond: (id = 3314270)

table 6 : explain SELECT c FROM sbtest6 WHERE id=5696055
	Index Scan using sbtest6_pkey on sbtest6  (cost=0.43..8.45 rows=1 width=121)
	  Index Cond: (id = 5696055)

table 7 : explain SELECT c FROM sbtest7 WHERE id=2555858
	Index Scan using sbtest7_pkey on sbtest7  (cost=0.43..8.45 rows=1 width=121)
	  Index Cond: (id = 2555858)

table 8 : explain SELECT c FROM sbtest8 WHERE id=5198776
	Index Scan using sbtest8_pkey on sbtest8  (cost=0.43..8.45 rows=1 width=121)
	  Index Cond: (id = 5198776)

for point_selects
table 1 : explain SELECT c FROM sbtest1 WHERE id=5468460
	Index Scan using sbtest1_pkey on sbtest1  (cost=0.43..8.45 rows=1 width=121)
	  Index Cond: (id = 5468460)

table 2 : explain SELECT c FROM sbtest2 WHERE id=9238630
	Index Scan using sbtest2_pkey on sbtest2  (cost=0.43..8.45 rows=1 width=121)
	  Index Cond: (id = 9238630)

table 3 : explain SELECT c FROM sbtest3 WHERE id=2659739
	Index Scan using sbtest3_pkey on sbtest3  (cost=0.43..8.45 rows=1 width=121)
	  Index Cond: (id = 2659739)

table 4 : explain SELECT c FROM sbtest4 WHERE id=6723699
	Index Scan using sbtest4_pkey on sbtest4  (cost=0.43..8.45 rows=1 width=121)
	  Index Cond: (id = 6723699)

table 5 : explain SELECT c FROM sbtest5 WHERE id=8604584
	Index Scan using sbtest5_pkey on sbtest5  (cost=0.43..8.45 rows=1 width=121)
	  Index Cond: (id = 8604584)

table 6 : explain SELECT c FROM sbtest6 WHERE id=6451342
	Index Scan using sbtest6_pkey on sbtest6  (cost=0.43..8.45 rows=1 width=121)
	  Index Cond: (id = 6451342)

table 7 : explain SELECT c FROM sbtest7 WHERE id=1563993
	Index Scan using sbtest7_pkey on sbtest7  (cost=0.43..8.45 rows=1 width=121)
	  Index Cond: (id = 1563993)

table 8 : explain SELECT c FROM sbtest8 WHERE id=4013194
	Index Scan using sbtest8_pkey on sbtest8  (cost=0.43..8.45 rows=1 width=121)
	  Index Cond: (id = 4013194)

for point_selects
table 1 : explain SELECT c FROM sbtest1 WHERE id=9241702
	Index Scan using sbtest1_pkey on sbtest1  (cost=0.43..8.45 rows=1 width=121)
	  Index Cond: (id = 9241702)

table 2 : explain SELECT c FROM sbtest2 WHERE id=3236373
	Index Scan using sbtest2_pkey on sbtest2  (cost=0.43..8.45 rows=1 width=121)
	  Index Cond: (id = 3236373)

table 3 : explain SELECT c FROM sbtest3 WHERE id=4084423
	Index Scan using sbtest3_pkey on sbtest3  (cost=0.43..8.45 rows=1 width=121)
	  Index Cond: (id = 4084423)

table 4 : explain SELECT c FROM sbtest4 WHERE id=8138709
	Index Scan using sbtest4_pkey on sbtest4  (cost=0.43..8.45 rows=1 width=121)
	  Index Cond: (id = 8138709)

table 5 : explain SELECT c FROM sbtest5 WHERE id=1579141
	Index Scan using sbtest5_pkey on sbtest5  (cost=0.43..8.45 rows=1 width=121)
	  Index Cond: (id = 1579141)

table 6 : explain SELECT c FROM sbtest6 WHERE id=2964338
	Index Scan using sbtest6_pkey on sbtest6  (cost=0.43..8.45 rows=1 width=121)
	  Index Cond: (id = 2964338)

table 7 : explain SELECT c FROM sbtest7 WHERE id=8745489
	Index Scan using sbtest7_pkey on sbtest7  (cost=0.43..8.45 rows=1 width=121)
	  Index Cond: (id = 8745489)

table 8 : explain SELECT c FROM sbtest8 WHERE id=7227727
	Index Scan using sbtest8_pkey on sbtest8  (cost=0.43..8.45 rows=1 width=121)
	  Index Cond: (id = 7227727)

for point_selects
table 1 : explain SELECT c FROM sbtest1 WHERE id=4410089
	Index Scan using sbtest1_pkey on sbtest1  (cost=0.43..8.45 rows=1 width=121)
	  Index Cond: (id = 4410089)

table 2 : explain SELECT c FROM sbtest2 WHERE id=2640175
	Index Scan using sbtest2_pkey on sbtest2  (cost=0.43..8.45 rows=1 width=121)
	  Index Cond: (id = 2640175)

table 3 : explain SELECT c FROM sbtest3 WHERE id=9276092
	Index Scan using sbtest3_pkey on sbtest3  (cost=0.43..8.45 rows=1 width=121)
	  Index Cond: (id = 9276092)

table 4 : explain SELECT c FROM sbtest4 WHERE id=9253676
	Index Scan using sbtest4_pkey on sbtest4  (cost=0.43..8.45 rows=1 width=121)
	  Index Cond: (id = 9253676)

table 5 : explain SELECT c FROM sbtest5 WHERE id=7081204
	Index Scan using sbtest5_pkey on sbtest5  (cost=0.43..8.45 rows=1 width=121)
	  Index Cond: (id = 7081204)

table 6 : explain SELECT c FROM sbtest6 WHERE id=5140607
	Index Scan using sbtest6_pkey on sbtest6  (cost=0.43..8.45 rows=1 width=121)
	  Index Cond: (id = 5140607)

table 7 : explain SELECT c FROM sbtest7 WHERE id=317470
	Index Scan using sbtest7_pkey on sbtest7  (cost=0.43..8.45 rows=1 width=121)
	  Index Cond: (id = 317470)

table 8 : explain SELECT c FROM sbtest8 WHERE id=1582105
	Index Scan using sbtest8_pkey on sbtest8  (cost=0.43..8.45 rows=1 width=121)
	  Index Cond: (id = 1582105)

for point_selects
table 1 : explain SELECT c FROM sbtest1 WHERE id=43127
	Index Scan using sbtest1_pkey on sbtest1  (cost=0.43..8.45 rows=1 width=121)
	  Index Cond: (id = 43127)

table 2 : explain SELECT c FROM sbtest2 WHERE id=3765416
	Index Scan using sbtest2_pkey on sbtest2  (cost=0.43..8.45 rows=1 width=121)
	  Index Cond: (id = 3765416)

table 3 : explain SELECT c FROM sbtest3 WHERE id=7668080
	Index Scan using sbtest3_pkey on sbtest3  (cost=0.43..8.45 rows=1 width=121)
	  Index Cond: (id = 7668080)

table 4 : explain SELECT c FROM sbtest4 WHERE id=1919771
	Index Scan using sbtest4_pkey on sbtest4  (cost=0.43..8.45 rows=1 width=121)
	  Index Cond: (id = 1919771)

table 5 : explain SELECT c FROM sbtest5 WHERE id=2082058
	Index Scan using sbtest5_pkey on sbtest5  (cost=0.43..8.45 rows=1 width=121)
	  Index Cond: (id = 2082058)

table 6 : explain SELECT c FROM sbtest6 WHERE id=1333521
	Index Scan using sbtest6_pkey on sbtest6  (cost=0.43..8.45 rows=1 width=121)
	  Index Cond: (id = 1333521)

table 7 : explain SELECT c FROM sbtest7 WHERE id=8150949
	Index Scan using sbtest7_pkey on sbtest7  (cost=0.43..8.45 rows=1 width=121)
	  Index Cond: (id = 8150949)

table 8 : explain SELECT c FROM sbtest8 WHERE id=7899424
	Index Scan using sbtest8_pkey on sbtest8  (cost=0.43..8.45 rows=1 width=121)
	  Index Cond: (id = 7899424)

for point_selects
table 1 : explain SELECT c FROM sbtest1 WHERE id=6677560
	Index Scan using sbtest1_pkey on sbtest1  (cost=0.43..8.45 rows=1 width=121)
	  Index Cond: (id = 6677560)

table 2 : explain SELECT c FROM sbtest2 WHERE id=3415019
	Index Scan using sbtest2_pkey on sbtest2  (cost=0.43..8.45 rows=1 width=121)
	  Index Cond: (id = 3415019)

table 3 : explain SELECT c FROM sbtest3 WHERE id=5232571
	Index Scan using sbtest3_pkey on sbtest3  (cost=0.43..8.45 rows=1 width=121)
	  Index Cond: (id = 5232571)

table 4 : explain SELECT c FROM sbtest4 WHERE id=5944484
	Index Scan using sbtest4_pkey on sbtest4  (cost=0.43..8.45 rows=1 width=121)
	  Index Cond: (id = 5944484)

table 5 : explain SELECT c FROM sbtest5 WHERE id=1397508
	Index Scan using sbtest5_pkey on sbtest5  (cost=0.43..8.45 rows=1 width=121)
	  Index Cond: (id = 1397508)

table 6 : explain SELECT c FROM sbtest6 WHERE id=36866
	Index Scan using sbtest6_pkey on sbtest6  (cost=0.43..8.45 rows=1 width=121)
	  Index Cond: (id = 36866)

table 7 : explain SELECT c FROM sbtest7 WHERE id=3681468
	Index Scan using sbtest7_pkey on sbtest7  (cost=0.43..8.45 rows=1 width=121)
	  Index Cond: (id = 3681468)

table 8 : explain SELECT c FROM sbtest8 WHERE id=9092215
	Index Scan using sbtest8_pkey on sbtest8  (cost=0.43..8.45 rows=1 width=121)
	  Index Cond: (id = 9092215)

for point_selects
table 1 : explain SELECT c FROM sbtest1 WHERE id=2885777
	Index Scan using sbtest1_pkey on sbtest1  (cost=0.43..8.45 rows=1 width=121)
	  Index Cond: (id = 2885777)

table 2 : explain SELECT c FROM sbtest2 WHERE id=2605181
	Index Scan using sbtest2_pkey on sbtest2  (cost=0.43..8.45 rows=1 width=121)
	  Index Cond: (id = 2605181)

table 3 : explain SELECT c FROM sbtest3 WHERE id=4967193
	Index Scan using sbtest3_pkey on sbtest3  (cost=0.43..8.45 rows=1 width=121)
	  Index Cond: (id = 4967193)

table 4 : explain SELECT c FROM sbtest4 WHERE id=9391727
	Index Scan using sbtest4_pkey on sbtest4  (cost=0.43..8.45 rows=1 width=121)
	  Index Cond: (id = 9391727)

table 5 : explain SELECT c FROM sbtest5 WHERE id=5260746
	Index Scan using sbtest5_pkey on sbtest5  (cost=0.43..8.45 rows=1 width=121)
	  Index Cond: (id = 5260746)

table 6 : explain SELECT c FROM sbtest6 WHERE id=4291317
	Index Scan using sbtest6_pkey on sbtest6  (cost=0.43..8.45 rows=1 width=121)
	  Index Cond: (id = 4291317)

table 7 : explain SELECT c FROM sbtest7 WHERE id=3887947
	Index Scan using sbtest7_pkey on sbtest7  (cost=0.43..8.45 rows=1 width=121)
	  Index Cond: (id = 3887947)

table 8 : explain SELECT c FROM sbtest8 WHERE id=5521154
	Index Scan using sbtest8_pkey on sbtest8  (cost=0.43..8.45 rows=1 width=121)
	  Index Cond: (id = 5521154)

for point_selects
table 1 : explain SELECT c FROM sbtest1 WHERE id=8926320
	Index Scan using sbtest1_pkey on sbtest1  (cost=0.43..8.45 rows=1 width=121)
	  Index Cond: (id = 8926320)

table 2 : explain SELECT c FROM sbtest2 WHERE id=7562770
	Index Scan using sbtest2_pkey on sbtest2  (cost=0.43..8.45 rows=1 width=121)
	  Index Cond: (id = 7562770)

table 3 : explain SELECT c FROM sbtest3 WHERE id=2530916
	Index Scan using sbtest3_pkey on sbtest3  (cost=0.43..8.45 rows=1 width=121)
	  Index Cond: (id = 2530916)

table 4 : explain SELECT c FROM sbtest4 WHERE id=1464593
	Index Scan using sbtest4_pkey on sbtest4  (cost=0.43..8.45 rows=1 width=121)
	  Index Cond: (id = 1464593)

table 5 : explain SELECT c FROM sbtest5 WHERE id=9510025
	Index Scan using sbtest5_pkey on sbtest5  (cost=0.43..8.45 rows=1 width=121)
	  Index Cond: (id = 9510025)

table 6 : explain SELECT c FROM sbtest6 WHERE id=5933783
	Index Scan using sbtest6_pkey on sbtest6  (cost=0.43..8.45 rows=1 width=121)
	  Index Cond: (id = 5933783)

table 7 : explain SELECT c FROM sbtest7 WHERE id=2962055
	Index Scan using sbtest7_pkey on sbtest7  (cost=0.43..8.45 rows=1 width=121)
	  Index Cond: (id = 2962055)

table 8 : explain SELECT c FROM sbtest8 WHERE id=1692410
	Index Scan using sbtest8_pkey on sbtest8  (cost=0.43..8.45 rows=1 width=121)
	  Index Cond: (id = 1692410)

for point_selects
table 1 : explain SELECT c FROM sbtest1 WHERE id=8739009
	Index Scan using sbtest1_pkey on sbtest1  (cost=0.43..8.45 rows=1 width=121)
	  Index Cond: (id = 8739009)

table 2 : explain SELECT c FROM sbtest2 WHERE id=3499811
	Index Scan using sbtest2_pkey on sbtest2  (cost=0.43..8.45 rows=1 width=121)
	  Index Cond: (id = 3499811)

table 3 : explain SELECT c FROM sbtest3 WHERE id=655108
	Index Scan using sbtest3_pkey on sbtest3  (cost=0.43..8.45 rows=1 width=121)
	  Index Cond: (id = 655108)

table 4 : explain SELECT c FROM sbtest4 WHERE id=8478672
	Index Scan using sbtest4_pkey on sbtest4  (cost=0.43..8.45 rows=1 width=121)
	  Index Cond: (id = 8478672)

table 5 : explain SELECT c FROM sbtest5 WHERE id=7198980
	Index Scan using sbtest5_pkey on sbtest5  (cost=0.43..8.45 rows=1 width=121)
	  Index Cond: (id = 7198980)

table 6 : explain SELECT c FROM sbtest6 WHERE id=6307324
	Index Scan using sbtest6_pkey on sbtest6  (cost=0.43..8.45 rows=1 width=121)
	  Index Cond: (id = 6307324)

table 7 : explain SELECT c FROM sbtest7 WHERE id=4505414
	Index Scan using sbtest7_pkey on sbtest7  (cost=0.43..8.45 rows=1 width=121)
	  Index Cond: (id = 4505414)

table 8 : explain SELECT c FROM sbtest8 WHERE id=4523548
	Index Scan using sbtest8_pkey on sbtest8  (cost=0.43..8.45 rows=1 width=121)
	  Index Cond: (id = 4523548)

for point_selects
table 1 : explain SELECT c FROM sbtest1 WHERE id=5346380
	Index Scan using sbtest1_pkey on sbtest1  (cost=0.43..8.45 rows=1 width=121)
	  Index Cond: (id = 5346380)

table 2 : explain SELECT c FROM sbtest2 WHERE id=8888444
	Index Scan using sbtest2_pkey on sbtest2  (cost=0.43..8.45 rows=1 width=121)
	  Index Cond: (id = 8888444)

table 3 : explain SELECT c FROM sbtest3 WHERE id=5206787
	Index Scan using sbtest3_pkey on sbtest3  (cost=0.43..8.45 rows=1 width=121)
	  Index Cond: (id = 5206787)

table 4 : explain SELECT c FROM sbtest4 WHERE id=311299
	Index Scan using sbtest4_pkey on sbtest4  (cost=0.43..8.45 rows=1 width=121)
	  Index Cond: (id = 311299)

table 5 : explain SELECT c FROM sbtest5 WHERE id=2312405
	Index Scan using sbtest5_pkey on sbtest5  (cost=0.43..8.45 rows=1 width=121)
	  Index Cond: (id = 2312405)

table 6 : explain SELECT c FROM sbtest6 WHERE id=5051762
	Index Scan using sbtest6_pkey on sbtest6  (cost=0.43..8.45 rows=1 width=121)
	  Index Cond: (id = 5051762)

table 7 : explain SELECT c FROM sbtest7 WHERE id=2757101
	Index Scan using sbtest7_pkey on sbtest7  (cost=0.43..8.45 rows=1 width=121)
	  Index Cond: (id = 2757101)

table 8 : explain SELECT c FROM sbtest8 WHERE id=2054750
	Index Scan using sbtest8_pkey on sbtest8  (cost=0.43..8.45 rows=1 width=121)
	  Index Cond: (id = 2054750)

for point_selects
table 1 : explain SELECT c FROM sbtest1 WHERE id=767316
	Index Scan using sbtest1_pkey on sbtest1  (cost=0.43..8.45 rows=1 width=121)
	  Index Cond: (id = 767316)

table 2 : explain SELECT c FROM sbtest2 WHERE id=1188178
	Index Scan using sbtest2_pkey on sbtest2  (cost=0.43..8.45 rows=1 width=121)
	  Index Cond: (id = 1188178)

table 3 : explain SELECT c FROM sbtest3 WHERE id=2955187
	Index Scan using sbtest3_pkey on sbtest3  (cost=0.43..8.45 rows=1 width=121)
	  Index Cond: (id = 2955187)

table 4 : explain SELECT c FROM sbtest4 WHERE id=8029314
	Index Scan using sbtest4_pkey on sbtest4  (cost=0.43..8.45 rows=1 width=121)
	  Index Cond: (id = 8029314)

table 5 : explain SELECT c FROM sbtest5 WHERE id=4638079
	Index Scan using sbtest5_pkey on sbtest5  (cost=0.43..8.45 rows=1 width=121)
	  Index Cond: (id = 4638079)

table 6 : explain SELECT c FROM sbtest6 WHERE id=6650378
	Index Scan using sbtest6_pkey on sbtest6  (cost=0.43..8.45 rows=1 width=121)
	  Index Cond: (id = 6650378)

table 7 : explain SELECT c FROM sbtest7 WHERE id=1532606
	Index Scan using sbtest7_pkey on sbtest7  (cost=0.43..8.45 rows=1 width=121)
	  Index Cond: (id = 1532606)

table 8 : explain SELECT c FROM sbtest8 WHERE id=939672
	Index Scan using sbtest8_pkey on sbtest8  (cost=0.43..8.45 rows=1 width=121)
	  Index Cond: (id = 939672)

for point_selects
table 1 : explain SELECT c FROM sbtest1 WHERE id=2051262
	Index Scan using sbtest1_pkey on sbtest1  (cost=0.43..8.45 rows=1 width=121)
	  Index Cond: (id = 2051262)

table 2 : explain SELECT c FROM sbtest2 WHERE id=734079
	Index Scan using sbtest2_pkey on sbtest2  (cost=0.43..8.45 rows=1 width=121)
	  Index Cond: (id = 734079)

table 3 : explain SELECT c FROM sbtest3 WHERE id=9215859
	Index Scan using sbtest3_pkey on sbtest3  (cost=0.43..8.45 rows=1 width=121)
	  Index Cond: (id = 9215859)

table 4 : explain SELECT c FROM sbtest4 WHERE id=6291564
	Index Scan using sbtest4_pkey on sbtest4  (cost=0.43..8.45 rows=1 width=121)
	  Index Cond: (id = 6291564)

table 5 : explain SELECT c FROM sbtest5 WHERE id=1020338
	Index Scan using sbtest5_pkey on sbtest5  (cost=0.43..8.45 rows=1 width=121)
	  Index Cond: (id = 1020338)

table 6 : explain SELECT c FROM sbtest6 WHERE id=2619987
	Index Scan using sbtest6_pkey on sbtest6  (cost=0.43..8.45 rows=1 width=121)
	  Index Cond: (id = 2619987)

table 7 : explain SELECT c FROM sbtest7 WHERE id=3108720
	Index Scan using sbtest7_pkey on sbtest7  (cost=0.43..8.45 rows=1 width=121)
	  Index Cond: (id = 3108720)

table 8 : explain SELECT c FROM sbtest8 WHERE id=2170673
	Index Scan using sbtest8_pkey on sbtest8  (cost=0.43..8.45 rows=1 width=121)
	  Index Cond: (id = 2170673)

for point_selects
table 1 : explain SELECT c FROM sbtest1 WHERE id=4523313
	Index Scan using sbtest1_pkey on sbtest1  (cost=0.43..8.45 rows=1 width=121)
	  Index Cond: (id = 4523313)

table 2 : explain SELECT c FROM sbtest2 WHERE id=8691405
	Index Scan using sbtest2_pkey on sbtest2  (cost=0.43..8.45 rows=1 width=121)
	  Index Cond: (id = 8691405)

table 3 : explain SELECT c FROM sbtest3 WHERE id=4144179
	Index Scan using sbtest3_pkey on sbtest3  (cost=0.43..8.45 rows=1 width=121)
	  Index Cond: (id = 4144179)

table 4 : explain SELECT c FROM sbtest4 WHERE id=9973691
	Index Scan using sbtest4_pkey on sbtest4  (cost=0.43..8.45 rows=1 width=121)
	  Index Cond: (id = 9973691)

table 5 : explain SELECT c FROM sbtest5 WHERE id=5165136
	Index Scan using sbtest5_pkey on sbtest5  (cost=0.43..8.45 rows=1 width=121)
	  Index Cond: (id = 5165136)

table 6 : explain SELECT c FROM sbtest6 WHERE id=7047929
	Index Scan using sbtest6_pkey on sbtest6  (cost=0.43..8.45 rows=1 width=121)
	  Index Cond: (id = 7047929)

table 7 : explain SELECT c FROM sbtest7 WHERE id=3538069
	Index Scan using sbtest7_pkey on sbtest7  (cost=0.43..8.45 rows=1 width=121)
	  Index Cond: (id = 3538069)

table 8 : explain SELECT c FROM sbtest8 WHERE id=3023674
	Index Scan using sbtest8_pkey on sbtest8  (cost=0.43..8.45 rows=1 width=121)
	  Index Cond: (id = 3023674)

for point_selects
table 1 : explain SELECT c FROM sbtest1 WHERE id=8819166
	Index Scan using sbtest1_pkey on sbtest1  (cost=0.43..8.45 rows=1 width=121)
	  Index Cond: (id = 8819166)

table 2 : explain SELECT c FROM sbtest2 WHERE id=4210130
	Index Scan using sbtest2_pkey on sbtest2  (cost=0.43..8.45 rows=1 width=121)
	  Index Cond: (id = 4210130)

table 3 : explain SELECT c FROM sbtest3 WHERE id=993833
	Index Scan using sbtest3_pkey on sbtest3  (cost=0.43..8.45 rows=1 width=121)
	  Index Cond: (id = 993833)

table 4 : explain SELECT c FROM sbtest4 WHERE id=1482741
	Index Scan using sbtest4_pkey on sbtest4  (cost=0.43..8.45 rows=1 width=121)
	  Index Cond: (id = 1482741)

table 5 : explain SELECT c FROM sbtest5 WHERE id=1102680
	Index Scan using sbtest5_pkey on sbtest5  (cost=0.43..8.45 rows=1 width=121)
	  Index Cond: (id = 1102680)

table 6 : explain SELECT c FROM sbtest6 WHERE id=407839
	Index Scan using sbtest6_pkey on sbtest6  (cost=0.43..8.45 rows=1 width=121)
	  Index Cond: (id = 407839)

table 7 : explain SELECT c FROM sbtest7 WHERE id=1395396
	Index Scan using sbtest7_pkey on sbtest7  (cost=0.43..8.45 rows=1 width=121)
	  Index Cond: (id = 1395396)

table 8 : explain SELECT c FROM sbtest8 WHERE id=1912187
	Index Scan using sbtest8_pkey on sbtest8  (cost=0.43..8.45 rows=1 width=121)
	  Index Cond: (id = 1912187)

for point_selects
table 1 : explain SELECT c FROM sbtest1 WHERE id=3493756
	Index Scan using sbtest1_pkey on sbtest1  (cost=0.43..8.45 rows=1 width=121)
	  Index Cond: (id = 3493756)

table 2 : explain SELECT c FROM sbtest2 WHERE id=6470316
	Index Scan using sbtest2_pkey on sbtest2  (cost=0.43..8.45 rows=1 width=121)
	  Index Cond: (id = 6470316)

table 3 : explain SELECT c FROM sbtest3 WHERE id=6172073
	Index Scan using sbtest3_pkey on sbtest3  (cost=0.43..8.45 rows=1 width=121)
	  Index Cond: (id = 6172073)

table 4 : explain SELECT c FROM sbtest4 WHERE id=2053984
	Index Scan using sbtest4_pkey on sbtest4  (cost=0.43..8.45 rows=1 width=121)
	  Index Cond: (id = 2053984)

table 5 : explain SELECT c FROM sbtest5 WHERE id=6177049
	Index Scan using sbtest5_pkey on sbtest5  (cost=0.43..8.45 rows=1 width=121)
	  Index Cond: (id = 6177049)

table 6 : explain SELECT c FROM sbtest6 WHERE id=4198599
	Index Scan using sbtest6_pkey on sbtest6  (cost=0.43..8.45 rows=1 width=121)
	  Index Cond: (id = 4198599)

table 7 : explain SELECT c FROM sbtest7 WHERE id=1726712
	Index Scan using sbtest7_pkey on sbtest7  (cost=0.43..8.45 rows=1 width=121)
	  Index Cond: (id = 1726712)

table 8 : explain SELECT c FROM sbtest8 WHERE id=8888529
	Index Scan using sbtest8_pkey on sbtest8  (cost=0.43..8.45 rows=1 width=121)
	  Index Cond: (id = 8888529)

for point_selects
table 1 : explain SELECT c FROM sbtest1 WHERE id=7451954
	Index Scan using sbtest1_pkey on sbtest1  (cost=0.43..8.45 rows=1 width=121)
	  Index Cond: (id = 7451954)

table 2 : explain SELECT c FROM sbtest2 WHERE id=6087364
	Index Scan using sbtest2_pkey on sbtest2  (cost=0.43..8.45 rows=1 width=121)
	  Index Cond: (id = 6087364)

table 3 : explain SELECT c FROM sbtest3 WHERE id=5094552
	Index Scan using sbtest3_pkey on sbtest3  (cost=0.43..8.45 rows=1 width=121)
	  Index Cond: (id = 5094552)

table 4 : explain SELECT c FROM sbtest4 WHERE id=5798506
	Index Scan using sbtest4_pkey on sbtest4  (cost=0.43..8.45 rows=1 width=121)
	  Index Cond: (id = 5798506)

table 5 : explain SELECT c FROM sbtest5 WHERE id=5310268
	Index Scan using sbtest5_pkey on sbtest5  (cost=0.43..8.45 rows=1 width=121)
	  Index Cond: (id = 5310268)

table 6 : explain SELECT c FROM sbtest6 WHERE id=2920862
	Index Scan using sbtest6_pkey on sbtest6  (cost=0.43..8.45 rows=1 width=121)
	  Index Cond: (id = 2920862)

table 7 : explain SELECT c FROM sbtest7 WHERE id=9722359
	Index Scan using sbtest7_pkey on sbtest7  (cost=0.43..8.45 rows=1 width=121)
	  Index Cond: (id = 9722359)

table 8 : explain SELECT c FROM sbtest8 WHERE id=6377813
	Index Scan using sbtest8_pkey on sbtest8  (cost=0.43..8.45 rows=1 width=121)
	  Index Cond: (id = 6377813)
for point_selects
table 1 : explain SELECT c FROM sbtest1 WHERE id=977913
	Index Scan using sbtest1_pkey on sbtest1  (cost=0.43..8.45 rows=1 width=121)
	  Index Cond: (id = 977913)

table 2 : explain SELECT c FROM sbtest2 WHERE id=1635906
	Index Scan using sbtest2_pkey on sbtest2  (cost=0.43..8.45 rows=1 width=121)
	  Index Cond: (id = 1635906)

table 3 : explain SELECT c FROM sbtest3 WHERE id=2480959
	Index Scan using sbtest3_pkey on sbtest3  (cost=0.43..8.45 rows=1 width=121)
	  Index Cond: (id = 2480959)

table 4 : explain SELECT c FROM sbtest4 WHERE id=9636642
	Index Scan using sbtest4_pkey on sbtest4  (cost=0.43..8.45 rows=1 width=121)
	  Index Cond: (id = 9636642)

table 5 : explain SELECT c FROM sbtest5 WHERE id=4253752
	Index Scan using sbtest5_pkey on sbtest5  (cost=0.43..8.45 rows=1 width=121)
	  Index Cond: (id = 4253752)

table 6 : explain SELECT c FROM sbtest6 WHERE id=4033774
	Index Scan using sbtest6_pkey on sbtest6  (cost=0.43..8.45 rows=1 width=121)
	  Index Cond: (id = 4033774)

table 7 : explain SELECT c FROM sbtest7 WHERE id=835879
	Index Scan using sbtest7_pkey on sbtest7  (cost=0.43..8.45 rows=1 width=121)
	  Index Cond: (id = 835879)

table 8 : explain SELECT c FROM sbtest8 WHERE id=5085330
	Index Scan using sbtest8_pkey on sbtest8  (cost=0.43..8.45 rows=1 width=121)
	  Index Cond: (id = 5085330)


for point_selects
table 1 : explain SELECT c FROM sbtest1 WHERE id=1404131
	Index Scan using sbtest1_pkey on sbtest1  (cost=0.43..8.45 rows=1 width=121)
	  Index Cond: (id = 1404131)

table 2 : explain SELECT c FROM sbtest2 WHERE id=3370632
	Index Scan using sbtest2_pkey on sbtest2  (cost=0.43..8.45 rows=1 width=121)
	  Index Cond: (id = 3370632)

table 3 : explain SELECT c FROM sbtest3 WHERE id=9494744
	Index Scan using sbtest3_pkey on sbtest3  (cost=0.43..8.45 rows=1 width=121)
	  Index Cond: (id = 9494744)

table 4 : explain SELECT c FROM sbtest4 WHERE id=3339840
	Index Scan using sbtest4_pkey on sbtest4  (cost=0.43..8.45 rows=1 width=121)
	  Index Cond: (id = 3339840)

table 5 : explain SELECT c FROM sbtest5 WHERE id=7476531
	Index Scan using sbtest5_pkey on sbtest5  (cost=0.43..8.45 rows=1 width=121)
	  Index Cond: (id = 7476531)

table 6 : explain SELECT c FROM sbtest6 WHERE id=6882943
	Index Scan using sbtest6_pkey on sbtest6  (cost=0.43..8.45 rows=1 width=121)
	  Index Cond: (id = 6882943)

table 7 : explain SELECT c FROM sbtest7 WHERE id=1557351
	Index Scan using sbtest7_pkey on sbtest7  (cost=0.43..8.45 rows=1 width=121)
	  Index Cond: (id = 1557351)

table 8 : explain SELECT c FROM sbtest8 WHERE id=9830642
	Index Scan using sbtest8_pkey on sbtest8  (cost=0.43..8.45 rows=1 width=121)
	  Index Cond: (id = 9830642)

for point_selects
table 1 : explain SELECT c FROM sbtest1 WHERE id=4450158
	Index Scan using sbtest1_pkey on sbtest1  (cost=0.43..8.45 rows=1 width=121)
	  Index Cond: (id = 4450158)

table 2 : explain SELECT c FROM sbtest2 WHERE id=7111808
	Index Scan using sbtest2_pkey on sbtest2  (cost=0.43..8.45 rows=1 width=121)
	  Index Cond: (id = 7111808)

table 3 : explain SELECT c FROM sbtest3 WHERE id=4254299
	Index Scan using sbtest3_pkey on sbtest3  (cost=0.43..8.45 rows=1 width=121)
	  Index Cond: (id = 4254299)

table 4 : explain SELECT c FROM sbtest4 WHERE id=8555747
	Index Scan using sbtest4_pkey on sbtest4  (cost=0.43..8.45 rows=1 width=121)
	  Index Cond: (id = 8555747)

table 5 : explain SELECT c FROM sbtest5 WHERE id=4068328
	Index Scan using sbtest5_pkey on sbtest5  (cost=0.43..8.45 rows=1 width=121)
	  Index Cond: (id = 4068328)

table 6 : explain SELECT c FROM sbtest6 WHERE id=9172850
	Index Scan using sbtest6_pkey on sbtest6  (cost=0.43..8.45 rows=1 width=121)
	  Index Cond: (id = 9172850)

table 7 : explain SELECT c FROM sbtest7 WHERE id=9560349
	Index Scan using sbtest7_pkey on sbtest7  (cost=0.43..8.45 rows=1 width=121)
	  Index Cond: (id = 9560349)

table 8 : explain SELECT c FROM sbtest8 WHERE id=396685
	Index Scan using sbtest8_pkey on sbtest8  (cost=0.43..8.45 rows=1 width=121)
	  Index Cond: (id = 396685)

for point_selects
table 1 : explain SELECT c FROM sbtest1 WHERE id=4783156
	Index Scan using sbtest1_pkey on sbtest1  (cost=0.43..8.45 rows=1 width=121)
	  Index Cond: (id = 4783156)

table 2 : explain SELECT c FROM sbtest2 WHERE id=908562
	Index Scan using sbtest2_pkey on sbtest2  (cost=0.43..8.45 rows=1 width=121)
	  Index Cond: (id = 908562)

table 3 : explain SELECT c FROM sbtest3 WHERE id=4020674
	Index Scan using sbtest3_pkey on sbtest3  (cost=0.43..8.45 rows=1 width=121)
	  Index Cond: (id = 4020674)

table 4 : explain SELECT c FROM sbtest4 WHERE id=8837608
	Index Scan using sbtest4_pkey on sbtest4  (cost=0.43..8.45 rows=1 width=121)
	  Index Cond: (id = 8837608)

table 5 : explain SELECT c FROM sbtest5 WHERE id=3664730
	Index Scan using sbtest5_pkey on sbtest5  (cost=0.43..8.45 rows=1 width=121)
	  Index Cond: (id = 3664730)

table 6 : explain SELECT c FROM sbtest6 WHERE id=6338819
	Index Scan using sbtest6_pkey on sbtest6  (cost=0.43..8.45 rows=1 width=121)
	  Index Cond: (id = 6338819)

table 7 : explain SELECT c FROM sbtest7 WHERE id=5936260
	Index Scan using sbtest7_pkey on sbtest7  (cost=0.43..8.45 rows=1 width=121)
	  Index Cond: (id = 5936260)

table 8 : explain SELECT c FROM sbtest8 WHERE id=4619537
	Index Scan using sbtest8_pkey on sbtest8  (cost=0.43..8.45 rows=1 width=121)
	  Index Cond: (id = 4619537)

for point_selects
table 1 : explain SELECT c FROM sbtest1 WHERE id=8271704
	Index Scan using sbtest1_pkey on sbtest1  (cost=0.43..8.45 rows=1 width=121)
	  Index Cond: (id = 8271704)

table 2 : explain SELECT c FROM sbtest2 WHERE id=4627342
	Index Scan using sbtest2_pkey on sbtest2  (cost=0.43..8.45 rows=1 width=121)
	  Index Cond: (id = 4627342)

table 3 : explain SELECT c FROM sbtest3 WHERE id=1796785
	Index Scan using sbtest3_pkey on sbtest3  (cost=0.43..8.45 rows=1 width=121)
	  Index Cond: (id = 1796785)

table 4 : explain SELECT c FROM sbtest4 WHERE id=7965253
	Index Scan using sbtest4_pkey on sbtest4  (cost=0.43..8.45 rows=1 width=121)
	  Index Cond: (id = 7965253)

table 5 : explain SELECT c FROM sbtest5 WHERE id=8560687
	Index Scan using sbtest5_pkey on sbtest5  (cost=0.43..8.45 rows=1 width=121)
	  Index Cond: (id = 8560687)

table 6 : explain SELECT c FROM sbtest6 WHERE id=5876490
	Index Scan using sbtest6_pkey on sbtest6  (cost=0.43..8.45 rows=1 width=121)
	  Index Cond: (id = 5876490)

table 7 : explain SELECT c FROM sbtest7 WHERE id=934638
	Index Scan using sbtest7_pkey on sbtest7  (cost=0.43..8.45 rows=1 width=121)
	  Index Cond: (id = 934638)

table 8 : explain SELECT c FROM sbtest8 WHERE id=140684
	Index Scan using sbtest8_pkey on sbtest8  (cost=0.43..8.45 rows=1 width=121)
	  Index Cond: (id = 140684)

for point_selects
table 1 : explain SELECT c FROM sbtest1 WHERE id=1795698
	Index Scan using sbtest1_pkey on sbtest1  (cost=0.43..8.45 rows=1 width=121)
	  Index Cond: (id = 1795698)

table 2 : explain SELECT c FROM sbtest2 WHERE id=6108106
	Index Scan using sbtest2_pkey on sbtest2  (cost=0.43..8.45 rows=1 width=121)
	  Index Cond: (id = 6108106)

table 3 : explain SELECT c FROM sbtest3 WHERE id=4106042
	Index Scan using sbtest3_pkey on sbtest3  (cost=0.43..8.45 rows=1 width=121)
	  Index Cond: (id = 4106042)

table 4 : explain SELECT c FROM sbtest4 WHERE id=4430752
	Index Scan using sbtest4_pkey on sbtest4  (cost=0.43..8.45 rows=1 width=121)
	  Index Cond: (id = 4430752)

table 5 : explain SELECT c FROM sbtest5 WHERE id=5306835
	Index Scan using sbtest5_pkey on sbtest5  (cost=0.43..8.45 rows=1 width=121)
	  Index Cond: (id = 5306835)

table 6 : explain SELECT c FROM sbtest6 WHERE id=6969368
	Index Scan using sbtest6_pkey on sbtest6  (cost=0.43..8.45 rows=1 width=121)
	  Index Cond: (id = 6969368)

table 7 : explain SELECT c FROM sbtest7 WHERE id=842931
	Index Scan using sbtest7_pkey on sbtest7  (cost=0.43..8.45 rows=1 width=121)
	  Index Cond: (id = 842931)

table 8 : explain SELECT c FROM sbtest8 WHERE id=6820086
	Index Scan using sbtest8_pkey on sbtest8  (cost=0.43..8.45 rows=1 width=121)
	  Index Cond: (id = 6820086)

for point_selects
table 1 : explain SELECT c FROM sbtest1 WHERE id=5756398
	Index Scan using sbtest1_pkey on sbtest1  (cost=0.43..8.45 rows=1 width=121)
	  Index Cond: (id = 5756398)

table 2 : explain SELECT c FROM sbtest2 WHERE id=2155539
	Index Scan using sbtest2_pkey on sbtest2  (cost=0.43..8.45 rows=1 width=121)
	  Index Cond: (id = 2155539)

table 3 : explain SELECT c FROM sbtest3 WHERE id=8705942
	Index Scan using sbtest3_pkey on sbtest3  (cost=0.43..8.45 rows=1 width=121)
	  Index Cond: (id = 8705942)

table 4 : explain SELECT c FROM sbtest4 WHERE id=6554657
	Index Scan using sbtest4_pkey on sbtest4  (cost=0.43..8.45 rows=1 width=121)
	  Index Cond: (id = 6554657)

table 5 : explain SELECT c FROM sbtest5 WHERE id=1877421
	Index Scan using sbtest5_pkey on sbtest5  (cost=0.43..8.45 rows=1 width=121)
	  Index Cond: (id = 1877421)

table 6 : explain SELECT c FROM sbtest6 WHERE id=4596024
	Index Scan using sbtest6_pkey on sbtest6  (cost=0.43..8.45 rows=1 width=121)
	  Index Cond: (id = 4596024)

table 7 : explain SELECT c FROM sbtest7 WHERE id=7320343
	Index Scan using sbtest7_pkey on sbtest7  (cost=0.43..8.45 rows=1 width=121)
	  Index Cond: (id = 7320343)

table 8 : explain SELECT c FROM sbtest8 WHERE id=5404773
	Index Scan using sbtest8_pkey on sbtest8  (cost=0.43..8.45 rows=1 width=121)
	  Index Cond: (id = 5404773)

for point_selects
table 1 : explain SELECT c FROM sbtest1 WHERE id=5474113
	Index Scan using sbtest1_pkey on sbtest1  (cost=0.43..8.45 rows=1 width=121)
	  Index Cond: (id = 5474113)

table 2 : explain SELECT c FROM sbtest2 WHERE id=8959486
	Index Scan using sbtest2_pkey on sbtest2  (cost=0.43..8.45 rows=1 width=121)
	  Index Cond: (id = 8959486)

table 3 : explain SELECT c FROM sbtest3 WHERE id=4215940
	Index Scan using sbtest3_pkey on sbtest3  (cost=0.43..8.45 rows=1 width=121)
	  Index Cond: (id = 4215940)

table 4 : explain SELECT c FROM sbtest4 WHERE id=3086196
	Index Scan using sbtest4_pkey on sbtest4  (cost=0.43..8.45 rows=1 width=121)
	  Index Cond: (id = 3086196)

table 5 : explain SELECT c FROM sbtest5 WHERE id=4339173
	Index Scan using sbtest5_pkey on sbtest5  (cost=0.43..8.45 rows=1 width=121)
	  Index Cond: (id = 4339173)

table 6 : explain SELECT c FROM sbtest6 WHERE id=5835477
	Index Scan using sbtest6_pkey on sbtest6  (cost=0.43..8.45 rows=1 width=121)
	  Index Cond: (id = 5835477)

table 7 : explain SELECT c FROM sbtest7 WHERE id=1935950
	Index Scan using sbtest7_pkey on sbtest7  (cost=0.43..8.45 rows=1 width=121)
	  Index Cond: (id = 1935950)

table 8 : explain SELECT c FROM sbtest8 WHERE id=7842177
	Index Scan using sbtest8_pkey on sbtest8  (cost=0.43..8.45 rows=1 width=121)
	  Index Cond: (id = 7842177)

for point_selects
table 1 : explain SELECT c FROM sbtest1 WHERE id=1672423
	Index Scan using sbtest1_pkey on sbtest1  (cost=0.43..8.45 rows=1 width=121)
	  Index Cond: (id = 1672423)

table 2 : explain SELECT c FROM sbtest2 WHERE id=6525410
	Index Scan using sbtest2_pkey on sbtest2  (cost=0.43..8.45 rows=1 width=121)
	  Index Cond: (id = 6525410)

table 3 : explain SELECT c FROM sbtest3 WHERE id=2612310
	Index Scan using sbtest3_pkey on sbtest3  (cost=0.43..8.45 rows=1 width=121)
	  Index Cond: (id = 2612310)

table 4 : explain SELECT c FROM sbtest4 WHERE id=9930860
	Index Scan using sbtest4_pkey on sbtest4  (cost=0.43..8.45 rows=1 width=121)
	  Index Cond: (id = 9930860)

table 5 : explain SELECT c FROM sbtest5 WHERE id=4213864
	Index Scan using sbtest5_pkey on sbtest5  (cost=0.43..8.45 rows=1 width=121)
	  Index Cond: (id = 4213864)

table 6 : explain SELECT c FROM sbtest6 WHERE id=2008831
	Index Scan using sbtest6_pkey on sbtest6  (cost=0.43..8.45 rows=1 width=121)
	  Index Cond: (id = 2008831)

table 7 : explain SELECT c FROM sbtest7 WHERE id=60434
	Index Scan using sbtest7_pkey on sbtest7  (cost=0.43..8.45 rows=1 width=121)
	  Index Cond: (id = 60434)

table 8 : explain SELECT c FROM sbtest8 WHERE id=3870949
	Index Scan using sbtest8_pkey on sbtest8  (cost=0.43..8.45 rows=1 width=121)
	  Index Cond: (id = 3870949)

for point_selects
table 1 : explain SELECT c FROM sbtest1 WHERE id=2851749
	Index Scan using sbtest1_pkey on sbtest1  (cost=0.43..8.45 rows=1 width=121)
	  Index Cond: (id = 2851749)

table 2 : explain SELECT c FROM sbtest2 WHERE id=1660613
	Index Scan using sbtest2_pkey on sbtest2  (cost=0.43..8.45 rows=1 width=121)
	  Index Cond: (id = 1660613)

table 3 : explain SELECT c FROM sbtest3 WHERE id=3279906
	Index Scan using sbtest3_pkey on sbtest3  (cost=0.43..8.45 rows=1 width=121)
	  Index Cond: (id = 3279906)

table 4 : explain SELECT c FROM sbtest4 WHERE id=5409279
	Index Scan using sbtest4_pkey on sbtest4  (cost=0.43..8.45 rows=1 width=121)
	  Index Cond: (id = 5409279)

table 5 : explain SELECT c FROM sbtest5 WHERE id=1758176
	Index Scan using sbtest5_pkey on sbtest5  (cost=0.43..8.45 rows=1 width=121)
	  Index Cond: (id = 1758176)

table 6 : explain SELECT c FROM sbtest6 WHERE id=6343920
	Index Scan using sbtest6_pkey on sbtest6  (cost=0.43..8.45 rows=1 width=121)
	  Index Cond: (id = 6343920)

table 7 : explain SELECT c FROM sbtest7 WHERE id=3213704
	Index Scan using sbtest7_pkey on sbtest7  (cost=0.43..8.45 rows=1 width=121)
	  Index Cond: (id = 3213704)

table 8 : explain SELECT c FROM sbtest8 WHERE id=8134832
	Index Scan using sbtest8_pkey on sbtest8  (cost=0.43..8.45 rows=1 width=121)
	  Index Cond: (id = 8134832)

for point_selects
table 1 : explain SELECT c FROM sbtest1 WHERE id=5209465
	Index Scan using sbtest1_pkey on sbtest1  (cost=0.43..8.45 rows=1 width=121)
	  Index Cond: (id = 5209465)

table 2 : explain SELECT c FROM sbtest2 WHERE id=5364581
	Index Scan using sbtest2_pkey on sbtest2  (cost=0.43..8.45 rows=1 width=121)
	  Index Cond: (id = 5364581)

table 3 : explain SELECT c FROM sbtest3 WHERE id=3737079
	Index Scan using sbtest3_pkey on sbtest3  (cost=0.43..8.45 rows=1 width=121)
	  Index Cond: (id = 3737079)

table 4 : explain SELECT c FROM sbtest4 WHERE id=4465445
	Index Scan using sbtest4_pkey on sbtest4  (cost=0.43..8.45 rows=1 width=121)
	  Index Cond: (id = 4465445)

table 5 : explain SELECT c FROM sbtest5 WHERE id=366613
	Index Scan using sbtest5_pkey on sbtest5  (cost=0.43..8.45 rows=1 width=121)
	  Index Cond: (id = 366613)

table 6 : explain SELECT c FROM sbtest6 WHERE id=1834254
	Index Scan using sbtest6_pkey on sbtest6  (cost=0.43..8.45 rows=1 width=121)
	  Index Cond: (id = 1834254)

table 7 : explain SELECT c FROM sbtest7 WHERE id=2361462
	Index Scan using sbtest7_pkey on sbtest7  (cost=0.43..8.45 rows=1 width=121)
	  Index Cond: (id = 2361462)

table 8 : explain SELECT c FROM sbtest8 WHERE id=3990042
	Index Scan using sbtest8_pkey on sbtest8  (cost=0.43..8.45 rows=1 width=121)
	  Index Cond: (id = 3990042)

for point_selects
table 1 : explain SELECT c FROM sbtest1 WHERE id=8308550
	Index Scan using sbtest1_pkey on sbtest1  (cost=0.43..8.45 rows=1 width=121)
	  Index Cond: (id = 8308550)

table 2 : explain SELECT c FROM sbtest2 WHERE id=5545039
	Index Scan using sbtest2_pkey on sbtest2  (cost=0.43..8.45 rows=1 width=121)
	  Index Cond: (id = 5545039)

table 3 : explain SELECT c FROM sbtest3 WHERE id=9014906
	Index Scan using sbtest3_pkey on sbtest3  (cost=0.43..8.45 rows=1 width=121)
	  Index Cond: (id = 9014906)

table 4 : explain SELECT c FROM sbtest4 WHERE id=5849796
	Index Scan using sbtest4_pkey on sbtest4  (cost=0.43..8.45 rows=1 width=121)
	  Index Cond: (id = 5849796)

table 5 : explain SELECT c FROM sbtest5 WHERE id=1025321
	Index Scan using sbtest5_pkey on sbtest5  (cost=0.43..8.45 rows=1 width=121)
	  Index Cond: (id = 1025321)

table 6 : explain SELECT c FROM sbtest6 WHERE id=1231433
	Index Scan using sbtest6_pkey on sbtest6  (cost=0.43..8.45 rows=1 width=121)
	  Index Cond: (id = 1231433)

table 7 : explain SELECT c FROM sbtest7 WHERE id=6328207
	Index Scan using sbtest7_pkey on sbtest7  (cost=0.43..8.45 rows=1 width=121)
	  Index Cond: (id = 6328207)

table 8 : explain SELECT c FROM sbtest8 WHERE id=9007800
	Index Scan using sbtest8_pkey on sbtest8  (cost=0.43..8.45 rows=1 width=121)
	  Index Cond: (id = 9007800)

Threads started!

Warming up for 5 seconds...

SQL statistics:
    queries performed:
        read:                            660406196
        write:                           0
        other:                           0
        total:                           660406196
    transactions:                        660406196 (1048254.23 per sec.)
    queries:                             660406196 (1048254.23 per sec.)
    ignored errors:                      0      (0.00 per sec.)
    reconnects:                          0      (0.00 per sec.)

Throughput:
    events/s (eps):                      1048254.2269
    time elapsed:                        630.0058s
    total number of events:              660406196

Latency (ms):
         min:                                    0.03
         avg:                                    0.04
         max:                                   24.11
         95th percentile:                        0.04
         sum:                             25017798.98

Threads fairness:
    events (avg/stddev):           16510132.5500/167949.67
    execution time (avg/stddev):   625.4450/0.10

